<?xml version="1.0" encoding="UTF-8"?>
<testsuite name="de.uka.ilkd.key.rule.merge.MergeRuleTests" tests="11" skipped="0" failures="0" errors="0" timestamp="2023-04-21T09:30:03" hostname="fv-az269-523" time="70.517">
  <properties/>
  <testcase name="testDoManualGcdProof()" classname="de.uka.ilkd.key.rule.merge.MergeRuleTests" time="20.004"/>
  <testcase name="testLoadProofWithDiffVarsWithSameNameAndMPS()" classname="de.uka.ilkd.key.rule.merge.MergeRuleTests" time="3.049"/>
  <testcase name="testDoAutomaticGcdProofWithMergePointStatementAndBlockContract()" classname="de.uka.ilkd.key.rule.merge.MergeRuleTests" time="12.162"/>
  <testcase name="testLoadGcdProofWithPredAbstrAndUserChoices()" classname="de.uka.ilkd.key.rule.merge.MergeRuleTests" time="3.534"/>
  <testcase name="testLoadGcdProofWithPredAbstr()" classname="de.uka.ilkd.key.rule.merge.MergeRuleTests" time="4.002"/>
  <testcase name="testMergeThreeIndistinguishablePathConditionsWithITE()" classname="de.uka.ilkd.key.rule.merge.MergeRuleTests" time="2.727"/>
  <testcase name="testMergeIndistinguishablePathConditionsWithFullAnonymization()" classname="de.uka.ilkd.key.rule.merge.MergeRuleTests" time="2.823"/>
  <testcase name="testLoadClosedGcdProofWithMergePointStatements()" classname="de.uka.ilkd.key.rule.merge.MergeRuleTests" time="3.908"/>
  <testcase name="testMergeIndistinguishablePathConditionsWithITE()" classname="de.uka.ilkd.key.rule.merge.MergeRuleTests" time="2.932"/>
  <testcase name="testDoAutomaticGcdProofWithMergePointStatements()" classname="de.uka.ilkd.key.rule.merge.MergeRuleTests" time="11.607"/>
  <testcase name="testLoadGcdProof()" classname="de.uka.ilkd.key.rule.merge.MergeRuleTests" time="3.768"/>
  <system-out><![CDATA[431928     INFO  Test worker     d.u.i.k.p.i.AbstractProblemLoader Loading environment from src\test\resources\testcase\merge\gcd.key 
431928     DEBUG Test worker     d.u.i.k.p.i.AbstractProblemLoader Environment load took 404.1ns 
431944     INFO  Test worker     d.u.i.k.p.i.AbstractProblemLoader Creating init config 
432131     DEBUG Test worker     d.u.i.k.j.TypeConverter   No LDT found for Meta 
432131     DEBUG Test worker     d.u.i.k.j.TypeConverter   No LDT found for Meta 
432131     DEBUG Test worker     d.u.i.k.j.TypeConverter   No LDT found for Meta 
432131     DEBUG Test worker     d.u.i.k.j.TypeConverter   No LDT found for Meta 
432574     DEBUG Test worker     d.u.i.k.j.TypeConverter   No LDT found for JavaBigintExpression 
435681     DEBUG Test worker     d.u.i.k.p.i.AbstractProblemLoader Init config took 3.74s 
435713     INFO  Test worker     d.u.i.k.p.i.AbstractProblemLoader Replaying proof Gcd[Gcd::gcd(int,int)].JML normal_behavior operation contract.0 
435728     DEBUG Test worker     d.u.i.k.p.i.IntermediateProofReplayer Proof replay took 9.4ns 
451940     INFO  Test worker     d.u.i.k.p.i.AbstractProblemLoader Loading environment from src\test\resources\testcase\merge\A.differentVarsWithSameName.MPS.cut.closed.proof 
451940     DEBUG Test worker     d.u.i.k.p.i.AbstractProblemLoader Environment load took 160.3ns 
451940     INFO  Test worker     d.u.i.k.p.i.AbstractProblemLoader Creating init config 
454693     DEBUG Test worker     d.u.i.k.p.i.AbstractProblemLoader Init config took 2.75s 
454724     INFO  Test worker     d.u.i.k.p.i.AbstractProblemLoader Replaying proof A[A::m(boolean)].JML operation contract.0 
454989     DEBUG Test worker     d.u.i.k.p.i.IntermediateProofReplayer Proof replay took 256.58ms 
455005     INFO  Test worker     d.u.i.k.p.i.AbstractProblemLoader Loading environment from src\test\resources\testcase\merge\gcd.MPSAndBlockContract.key 
455005     DEBUG Test worker     d.u.i.k.p.i.AbstractProblemLoader Environment load took 423.3ns 
455005     INFO  Test worker     d.u.i.k.p.i.AbstractProblemLoader Creating init config 
457850     DEBUG Test worker     d.u.i.k.p.i.AbstractProblemLoader Init config took 2.85s 
457896     INFO  Test worker     d.u.i.k.p.i.AbstractProblemLoader Replaying proof Gcd[Gcd::gcdMPSAndBlockContract(int,int)].JML normal_behavior operation contract.0 
457912     DEBUG Test worker     d.u.i.k.p.i.IntermediateProofReplayer Proof replay took 18ns 
467152     INFO  Test worker     d.u.i.k.p.i.AbstractProblemLoader Loading environment from src\test\resources\testcase\merge\gcd.closed.predicateAbstractionWithUserChoices.proof 
467152     DEBUG Test worker     d.u.i.k.p.i.AbstractProblemLoader Environment load took 143ns 
467152     INFO  Test worker     d.u.i.k.p.i.AbstractProblemLoader Creating init config 
469983     DEBUG Test worker     d.u.i.k.p.i.AbstractProblemLoader Init config took 2.83s 
470030     INFO  Test worker     d.u.i.k.p.i.AbstractProblemLoader Replaying proof Gcd[Gcd::gcd(int,int)].JML normal_behavior operation contract.0 
470686     DEBUG Test worker     d.u.i.k.p.i.IntermediateProofReplayer Proof replay took 632.55ms 
470702     INFO  Test worker     d.u.i.k.p.i.AbstractProblemLoader Loading environment from src\test\resources\testcase\merge\gcd.closed.predicateabstraction.proof 
470702     DEBUG Test worker     d.u.i.k.p.i.AbstractProblemLoader Environment load took 126.4ns 
470702     INFO  Test worker     d.u.i.k.p.i.AbstractProblemLoader Creating init config 
473766     DEBUG Test worker     d.u.i.k.p.i.AbstractProblemLoader Init config took 3.06s 
473797     INFO  Test worker     d.u.i.k.p.i.AbstractProblemLoader Replaying proof Gcd[Gcd::gcd(int,int)].JML normal_behavior operation contract.0 
474688     DEBUG Test worker     d.u.i.k.p.i.IntermediateProofReplayer Proof replay took 834.61ms 
474688     INFO  Test worker     d.u.i.k.p.i.AbstractProblemLoader Loading environment from src\test\resources\testcase\merge\IndistinguishablePathConditions.twoJoins.proof 
474688     DEBUG Test worker     d.u.i.k.p.i.AbstractProblemLoader Environment load took 182.6ns 
474688     INFO  Test worker     d.u.i.k.p.i.AbstractProblemLoader Creating init config 
477392     DEBUG Test worker     d.u.i.k.p.i.AbstractProblemLoader Init config took 2.7s 
477408     INFO  Test worker     d.u.i.k.p.i.AbstractProblemLoader Replaying proof IndistinguishablePathConditions.twoJoins.proof 
477408     DEBUG Test worker     d.u.i.k.p.i.IntermediateProofReplayer Proof replay took 1.03ms 
477423     INFO  Test worker     d.u.i.k.p.i.AbstractProblemLoader Loading environment from src\test\resources\testcase\merge\IndistinguishablePathConditions.proof 
477423     DEBUG Test worker     d.u.i.k.p.i.AbstractProblemLoader Environment load took 118.5ns 
477423     INFO  Test worker     d.u.i.k.p.i.AbstractProblemLoader Creating init config 
480206     DEBUG Test worker     d.u.i.k.p.i.AbstractProblemLoader Init config took 2.78s 
480222     INFO  Test worker     d.u.i.k.p.i.AbstractProblemLoader Replaying proof IndistinguishablePathConditions.proof 
480222     DEBUG Test worker     d.u.i.k.p.i.IntermediateProofReplayer Proof replay took 721.5ns 
480238     INFO  Test worker     d.u.i.k.p.i.AbstractProblemLoader Loading environment from src\test\resources\testcase\merge\gcd.mergePointStatements.closed.proof 
480253     DEBUG Test worker     d.u.i.k.p.i.AbstractProblemLoader Environment load took 432ns 
480253     INFO  Test worker     d.u.i.k.p.i.AbstractProblemLoader Creating init config 
483099     DEBUG Test worker     d.u.i.k.p.i.AbstractProblemLoader Init config took 2.85s 
483146     INFO  Test worker     d.u.i.k.p.i.AbstractProblemLoader Replaying proof Gcd[Gcd::gcdMPS(int,int)].JML normal_behavior operation contract.0 
484131     DEBUG Test worker     d.u.i.k.p.i.IntermediateProofReplayer Proof replay took 948.31ms 
484146     INFO  Test worker     d.u.i.k.p.i.AbstractProblemLoader Loading environment from src\test\resources\testcase\merge\IndistinguishablePathConditions.proof 
484146     DEBUG Test worker     d.u.i.k.p.i.AbstractProblemLoader Environment load took 158.2ns 
484146     INFO  Test worker     d.u.i.k.p.i.AbstractProblemLoader Creating init config 
487054     DEBUG Test worker     d.u.i.k.p.i.AbstractProblemLoader Init config took 2.91s 
487069     INFO  Test worker     d.u.i.k.p.i.AbstractProblemLoader Replaying proof IndistinguishablePathConditions.proof 
487069     DEBUG Test worker     d.u.i.k.p.i.IntermediateProofReplayer Proof replay took 599.8ns 
487069     INFO  Test worker     d.u.i.k.p.i.AbstractProblemLoader Loading environment from src\test\resources\testcase\merge\gcd.mergePointStatements.key 
487069     DEBUG Test worker     d.u.i.k.p.i.AbstractProblemLoader Environment load took 371.6ns 
487085     INFO  Test worker     d.u.i.k.p.i.AbstractProblemLoader Creating init config 
489795     DEBUG Test worker     d.u.i.k.p.i.AbstractProblemLoader Init config took 2.71s 
489837     INFO  Test worker     d.u.i.k.p.i.AbstractProblemLoader Replaying proof Gcd[Gcd::gcdMPS(int,int)].JML normal_behavior operation contract.0 
489837     DEBUG Test worker     d.u.i.k.p.i.IntermediateProofReplayer Proof replay took 16.1ns 
498685     INFO  Test worker     d.u.i.k.p.i.AbstractProblemLoader Loading environment from src\test\resources\testcase\merge\gcd.closed.proof 
498685     DEBUG Test worker     d.u.i.k.p.i.AbstractProblemLoader Environment load took 184.6ns 
498701     INFO  Test worker     d.u.i.k.p.i.AbstractProblemLoader Creating init config 
501594     DEBUG Test worker     d.u.i.k.p.i.AbstractProblemLoader Init config took 2.89s 
501625     INFO  Test worker     d.u.i.k.p.i.AbstractProblemLoader Replaying proof Gcd[Gcd::gcd(int,int)].JML normal_behavior operation contract.0 
502453     DEBUG Test worker     d.u.i.k.p.i.IntermediateProofReplayer Proof replay took 786.16ms 
]]></system-out>
  <system-err><![CDATA[]]></system-err>
</testsuite>
