<?xml version="1.0" encoding="UTF-8"?>
<testsuite name="de.uka.ilkd.key.logic.TestTermLabelManager" tests="21" skipped="0" failures="0" errors="0" timestamp="2023-04-21T09:24:34" hostname="fv-az269-523" time="51.781">
  <properties/>
  <testcase name="testInstantiateLabels_directChildPolicies_allRules()" classname="de.uka.ilkd.key.logic.TestTermLabelManager" time="3.828"/>
  <testcase name="testInstantiateLabels_childAndGrandchildPolicies_ruleSpecific()" classname="de.uka.ilkd.key.logic.TestTermLabelManager" time="2.642"/>
  <testcase name="testParseLabel()" classname="de.uka.ilkd.key.logic.TestTermLabelManager" time="2.642"/>
  <testcase name="testrefactorGoal_childrenAndGrandchildren_ruleSpecific()" classname="de.uka.ilkd.key.logic.TestTermLabelManager" time="2.675"/>
  <testcase name="testrefactorGoal_directChildren_allRules()" classname="de.uka.ilkd.key.logic.TestTermLabelManager" time="2.686"/>
  <testcase name="testInstantiateLabels_childAndGrandchildPolicies_allRules()" classname="de.uka.ilkd.key.logic.TestTermLabelManager" time="2.661"/>
  <testcase name="testInstantiateLabels_taclet()" classname="de.uka.ilkd.key.logic.TestTermLabelManager" time="2.684"/>
  <testcase name="testrefactorGoal_none_ruleSpecific()" classname="de.uka.ilkd.key.logic.TestTermLabelManager" time="2.664"/>
  <testcase name="testInstantiateLabels_updates_ruleSpecific()" classname="de.uka.ilkd.key.logic.TestTermLabelManager" time="2.651"/>
  <testcase name="testrefactorGoal_sequent_ruleSpecific()" classname="de.uka.ilkd.key.logic.TestTermLabelManager" time="2.661"/>
  <testcase name="testInstantiateLabels_updates_allRules()" classname="de.uka.ilkd.key.logic.TestTermLabelManager" time="2.655"/>
  <testcase name="testrefactorGoal_sequent_allRules()" classname="de.uka.ilkd.key.logic.TestTermLabelManager" time="2.692"/>
  <testcase name="testrefactorGoal_childrenAndGrandchildren_allRules()" classname="de.uka.ilkd.key.logic.TestTermLabelManager" time="2.67"/>
  <testcase name="testGetTermLabelManager()" classname="de.uka.ilkd.key.logic.TestTermLabelManager" time="0.004"/>
  <testcase name="testInstantiateLabels_applicationTermPolicies()" classname="de.uka.ilkd.key.logic.TestTermLabelManager" time="2.679"/>
  <testcase name="testInstantiateLabels_modalityTermPolicies()" classname="de.uka.ilkd.key.logic.TestTermLabelManager" time="2.677"/>
  <testcase name="testrefactorGoal_none_allRules()" classname="de.uka.ilkd.key.logic.TestTermLabelManager" time="2.646"/>
  <testcase name="testInstantiateLabels_null()" classname="de.uka.ilkd.key.logic.TestTermLabelManager" time="0.0"/>
  <testcase name="testrefactorGoal_directChildren_ruleSpecific()" classname="de.uka.ilkd.key.logic.TestTermLabelManager" time="2.668"/>
  <testcase name="testInstantiateLabels_directChildPolicies_ruleSpecific()" classname="de.uka.ilkd.key.logic.TestTermLabelManager" time="2.647"/>
  <testcase name="testGetSupportedTermLabelNames()" classname="de.uka.ilkd.key.logic.TestTermLabelManager" time="2.637"/>
  <system-out><![CDATA[102857     INFO  Test worker     d.u.i.k.p.i.AbstractProblemLoader Loading environment from src\test\resources\testcase\termLabels\flatSteps\FlatSteps.java 
102857     DEBUG Test worker     d.u.i.k.p.i.AbstractProblemLoader Environment load took 251.7ns 
102857     INFO  Test worker     d.u.i.k.p.i.AbstractProblemLoader Creating init config 
103014     DEBUG Test worker     d.u.i.k.j.TypeConverter   No LDT found for Meta 
103014     DEBUG Test worker     d.u.i.k.j.TypeConverter   No LDT found for Meta 
103014     DEBUG Test worker     d.u.i.k.j.TypeConverter   No LDT found for Meta 
103014     DEBUG Test worker     d.u.i.k.j.TypeConverter   No LDT found for Meta 
103608     DEBUG Test worker     d.u.i.k.j.TypeConverter   No LDT found for JavaBigintExpression 
106657     DEBUG Test worker     d.u.i.k.p.i.AbstractProblemLoader Init config took 3.8s 
106672     INFO  Test worker     d.u.i.k.p.i.AbstractProblemLoader Loading environment from src\test\resources\testcase\termLabels\flatSteps\FlatSteps.java 
106672     DEBUG Test worker     d.u.i.k.p.i.AbstractProblemLoader Environment load took 549.4ns 
106672     INFO  Test worker     d.u.i.k.p.i.AbstractProblemLoader Creating init config 
109299     DEBUG Test worker     d.u.i.k.p.i.AbstractProblemLoader Init config took 2.63s 
109315     INFO  Test worker     d.u.i.k.p.i.AbstractProblemLoader Loading environment from src\test\resources\testcase\termLabels\flatSteps\FlatSteps.java 
109315     DEBUG Test worker     d.u.i.k.p.i.AbstractProblemLoader Environment load took 270.9ns 
109315     INFO  Test worker     d.u.i.k.p.i.AbstractProblemLoader Creating init config 
111957     DEBUG Test worker     d.u.i.k.p.i.AbstractProblemLoader Init config took 2.64s 
111957     INFO  Test worker     d.u.i.k.p.i.AbstractProblemLoader Loading environment from src\test\resources\testcase\termLabels\flatSteps\FlatSteps.java 
111957     DEBUG Test worker     d.u.i.k.p.i.AbstractProblemLoader Environment load took 299ns 
111957     INFO  Test worker     d.u.i.k.p.i.AbstractProblemLoader Creating init config 
114615     DEBUG Test worker     d.u.i.k.p.i.AbstractProblemLoader Init config took 2.66s 
114630     INFO  Test worker     d.u.i.k.p.i.AbstractProblemLoader Loading environment from src\test\resources\testcase\termLabels\flatSteps\FlatSteps.java 
114630     DEBUG Test worker     d.u.i.k.p.i.AbstractProblemLoader Environment load took 171.1ns 
114630     INFO  Test worker     d.u.i.k.p.i.AbstractProblemLoader Creating init config 
117319     DEBUG Test worker     d.u.i.k.p.i.AbstractProblemLoader Init config took 2.68s 
117335     INFO  Test worker     d.u.i.k.p.i.AbstractProblemLoader Loading environment from src\test\resources\testcase\termLabels\flatSteps\FlatSteps.java 
117335     DEBUG Test worker     d.u.i.k.p.i.AbstractProblemLoader Environment load took 531.4ns 
117335     INFO  Test worker     d.u.i.k.p.i.AbstractProblemLoader Creating init config 
119977     DEBUG Test worker     d.u.i.k.p.i.AbstractProblemLoader Init config took 2.65s 
119993     INFO  Test worker     d.u.i.k.p.i.AbstractProblemLoader Loading environment from src\test\resources\testcase\termLabels\flatSteps\FlatSteps.java 
119993     DEBUG Test worker     d.u.i.k.p.i.AbstractProblemLoader Environment load took 519ns 
119993     INFO  Test worker     d.u.i.k.p.i.AbstractProblemLoader Creating init config 
122666     DEBUG Test worker     d.u.i.k.p.i.AbstractProblemLoader Init config took 2.67s 
122666     INFO  Test worker     d.u.i.k.p.i.AbstractProblemLoader Loading environment from src\test\resources\testcase\termLabels\flatSteps\FlatSteps.java 
122666     DEBUG Test worker     d.u.i.k.p.i.AbstractProblemLoader Environment load took 173.3ns 
122666     INFO  Test worker     d.u.i.k.p.i.AbstractProblemLoader Creating init config 
125324     DEBUG Test worker     d.u.i.k.p.i.AbstractProblemLoader Init config took 2.65s 
125340     INFO  Test worker     d.u.i.k.p.i.AbstractProblemLoader Loading environment from src\test\resources\testcase\termLabels\flatSteps\FlatSteps.java 
125340     DEBUG Test worker     d.u.i.k.p.i.AbstractProblemLoader Environment load took 1.95ms 
125340     INFO  Test worker     d.u.i.k.p.i.AbstractProblemLoader Creating init config 
127967     DEBUG Test worker     d.u.i.k.p.i.AbstractProblemLoader Init config took 2.63s 
127982     INFO  Test worker     d.u.i.k.p.i.AbstractProblemLoader Loading environment from src\test\resources\testcase\termLabels\flatSteps\FlatSteps.java 
127982     DEBUG Test worker     d.u.i.k.p.i.AbstractProblemLoader Environment load took 491.5ns 
127982     INFO  Test worker     d.u.i.k.p.i.AbstractProblemLoader Creating init config 
130624     DEBUG Test worker     d.u.i.k.p.i.AbstractProblemLoader Init config took 2.64s 
130640     INFO  Test worker     d.u.i.k.p.i.AbstractProblemLoader Loading environment from src\test\resources\testcase\termLabels\flatSteps\FlatSteps.java 
130640     DEBUG Test worker     d.u.i.k.p.i.AbstractProblemLoader Environment load took 192ns 
130640     INFO  Test worker     d.u.i.k.p.i.AbstractProblemLoader Creating init config 
133298     DEBUG Test worker     d.u.i.k.p.i.AbstractProblemLoader Init config took 2.66s 
133314     INFO  Test worker     d.u.i.k.p.i.AbstractProblemLoader Loading environment from src\test\resources\testcase\termLabels\flatSteps\FlatSteps.java 
133314     DEBUG Test worker     d.u.i.k.p.i.AbstractProblemLoader Environment load took 185.4ns 
133314     INFO  Test worker     d.u.i.k.p.i.AbstractProblemLoader Creating init config 
135987     DEBUG Test worker     d.u.i.k.p.i.AbstractProblemLoader Init config took 2.67s 
136003     INFO  Test worker     d.u.i.k.p.i.AbstractProblemLoader Loading environment from src\test\resources\testcase\termLabels\flatSteps\FlatSteps.java 
136003     DEBUG Test worker     d.u.i.k.p.i.AbstractProblemLoader Environment load took 525.7ns 
136003     INFO  Test worker     d.u.i.k.p.i.AbstractProblemLoader Creating init config 
138646     DEBUG Test worker     d.u.i.k.p.i.AbstractProblemLoader Init config took 2.64s 
138662     INFO  Test worker     d.u.i.k.p.i.AbstractProblemLoader Loading environment from src\test\resources\testcase\termLabels\flatSteps\FlatSteps.java 
138662     DEBUG Test worker     d.u.i.k.p.i.AbstractProblemLoader Environment load took 170.5ns 
138662     INFO  Test worker     d.u.i.k.p.i.AbstractProblemLoader Creating init config 
141335     DEBUG Test worker     d.u.i.k.p.i.AbstractProblemLoader Init config took 2.67s 
141350     INFO  Test worker     d.u.i.k.p.i.AbstractProblemLoader Loading environment from src\test\resources\testcase\termLabels\flatSteps\FlatSteps.java 
141350     DEBUG Test worker     d.u.i.k.p.i.AbstractProblemLoader Environment load took 215.7ns 
141350     INFO  Test worker     d.u.i.k.p.i.AbstractProblemLoader Creating init config 
144008     DEBUG Test worker     d.u.i.k.p.i.AbstractProblemLoader Init config took 2.67s 
144024     INFO  Test worker     d.u.i.k.p.i.AbstractProblemLoader Loading environment from src\test\resources\testcase\termLabels\flatSteps\FlatSteps.java 
144024     DEBUG Test worker     d.u.i.k.p.i.AbstractProblemLoader Environment load took 207.5ns 
144024     INFO  Test worker     d.u.i.k.p.i.AbstractProblemLoader Creating init config 
146651     DEBUG Test worker     d.u.i.k.p.i.AbstractProblemLoader Init config took 2.63s 
146666     INFO  Test worker     d.u.i.k.p.i.AbstractProblemLoader Loading environment from src\test\resources\testcase\termLabels\flatSteps\FlatSteps.java 
146666     DEBUG Test worker     d.u.i.k.p.i.AbstractProblemLoader Environment load took 222.9ns 
146666     INFO  Test worker     d.u.i.k.p.i.AbstractProblemLoader Creating init config 
149324     DEBUG Test worker     d.u.i.k.p.i.AbstractProblemLoader Init config took 2.66s 
149340     INFO  Test worker     d.u.i.k.p.i.AbstractProblemLoader Loading environment from src\test\resources\testcase\termLabels\flatSteps\FlatSteps.java 
149340     DEBUG Test worker     d.u.i.k.p.i.AbstractProblemLoader Environment load took 169.2ns 
149340     INFO  Test worker     d.u.i.k.p.i.AbstractProblemLoader Creating init config 
151982     DEBUG Test worker     d.u.i.k.p.i.AbstractProblemLoader Init config took 2.64s 
151982     INFO  Test worker     d.u.i.k.p.i.AbstractProblemLoader Loading environment from src\test\resources\testcase\termLabels\flatSteps\FlatSteps.java 
151982     DEBUG Test worker     d.u.i.k.p.i.AbstractProblemLoader Environment load took 268.4ns 
151997     INFO  Test worker     d.u.i.k.p.i.AbstractProblemLoader Creating init config 
154625     DEBUG Test worker     d.u.i.k.p.i.AbstractProblemLoader Init config took 2.64s 
]]></system-out>
  <system-err><![CDATA[]]></system-err>
</testsuite>
