<?xml version="1.0" encoding="UTF-8"?>
<testsuite name="de.uka.ilkd.key.parser.TestTermParserSorts" tests="2" skipped="0" failures="0" errors="0" timestamp="2023-04-21T09:29:24" hostname="fv-az269-523" time="2.786">
  <properties/>
  <testcase name="testParseIntegerArgs()" classname="de.uka.ilkd.key.parser.TestTermParserSorts" time="0.015"/>
  <testcase name="testParseSequencePrettySyntax()" classname="de.uka.ilkd.key.parser.TestTermParserSorts" time="0.004"/>
  <system-out><![CDATA[392811     INFO  Test worker     d.u.i.k.n.KeyIO           Parsing took 0 ms 
392826     DEBUG Test worker     d.u.i.k.n.KeyIO           Load declarations of de.uka.ilkd.key.nparser.KeyAst$File:  <unknown>:1#1 
392826     INFO  Test worker     d.u.i.k.n.KeyIO           MODE: declarations took 0 ms 
392826     DEBUG Test worker     d.u.i.k.n.KeyIO           MODE: 2nd degree decls took 0 
392826     INFO  Test worker     d.u.i.k.n.KeyIO           Parsing took 0 ms 
392826     DEBUG Test worker     d.u.i.k.n.KeyIO           Load declarations of de.uka.ilkd.key.nparser.KeyAst$File:  <unknown>:1#1 
392826     INFO  Test worker     d.u.i.k.n.KeyIO           MODE: declarations took 0 ms 
392826     DEBUG Test worker     d.u.i.k.n.KeyIO           MODE: 2nd degree decls took 0 
392826     INFO  Test worker     d.u.i.k.n.KeyIO           Parsing took 0 ms 
392826     DEBUG Test worker     d.u.i.k.n.KeyIO           Load declarations of de.uka.ilkd.key.nparser.KeyAst$File:  <unknown>:1#1 
392826     INFO  Test worker     d.u.i.k.n.KeyIO           MODE: declarations took 0 ms 
392826     DEBUG Test worker     d.u.i.k.n.KeyIO           MODE: 2nd degree decls took 0 
395593     INFO  Test worker     d.u.i.k.n.KeyIO           Parsing took 0 ms 
395593     DEBUG Test worker     d.u.i.k.n.KeyIO           Load declarations of de.uka.ilkd.key.nparser.KeyAst$File:  <unknown>:1#1 
395593     INFO  Test worker     d.u.i.k.n.KeyIO           MODE: declarations took 0 ms 
395593     DEBUG Test worker     d.u.i.k.n.KeyIO           MODE: 2nd degree decls took 0 
395593     INFO  Test worker     d.u.i.k.n.KeyIO           Parsing took 0 ms 
395593     DEBUG Test worker     d.u.i.k.n.KeyIO           Load declarations of de.uka.ilkd.key.nparser.KeyAst$File:  <unknown>:1#1 
395593     INFO  Test worker     d.u.i.k.n.KeyIO           MODE: declarations took 0 ms 
395593     DEBUG Test worker     d.u.i.k.n.KeyIO           MODE: 2nd degree decls took 0 
395593     INFO  Test worker     d.u.i.k.n.KeyIO           Parsing took 0 ms 
395593     DEBUG Test worker     d.u.i.k.n.KeyIO           Load declarations of de.uka.ilkd.key.nparser.KeyAst$File:  <unknown>:1#1 
395593     INFO  Test worker     d.u.i.k.n.KeyIO           MODE: declarations took 0 ms 
395593     DEBUG Test worker     d.u.i.k.n.KeyIO           MODE: 2nd degree decls took 0 
]]></system-out>
  <system-err><![CDATA[]]></system-err>
</testsuite>
