<?xml version="1.0" encoding="UTF-8"?>
<testsuite name="de.uka.ilkd.key.proof.TestOneStepSimplifier" tests="1" skipped="0" failures="0" errors="0" timestamp="2023-04-21T09:29:26" hostname="fv-az269-523" time="3.621">
  <properties/>
  <testcase name="loadWithRestriction()" classname="de.uka.ilkd.key.proof.TestOneStepSimplifier" time="3.621"/>
  <system-out><![CDATA[395687     INFO  Test worker     d.u.i.k.p.i.AbstractProblemLoader Loading environment from src\test\resources\testcase\ossRestriction.proof 
395687     DEBUG Test worker     d.u.i.k.p.i.AbstractProblemLoader Environment load took 152.5ns 
395687     INFO  Test worker     d.u.i.k.p.i.AbstractProblemLoader Creating init config 
395828     DEBUG Test worker     d.u.i.k.j.TypeConverter   No LDT found for Meta 
395828     DEBUG Test worker     d.u.i.k.j.TypeConverter   No LDT found for Meta 
395828     DEBUG Test worker     d.u.i.k.j.TypeConverter   No LDT found for Meta 
395828     DEBUG Test worker     d.u.i.k.j.TypeConverter   No LDT found for Meta 
396406     DEBUG Test worker     d.u.i.k.j.TypeConverter   No LDT found for JavaBigintExpression 
399268     DEBUG Test worker     d.u.i.k.p.i.AbstractProblemLoader Init config took 3.59s 
399299     INFO  Test worker     d.u.i.k.p.i.AbstractProblemLoader Replaying proof ossRestriction.proof 
399299     DEBUG Test worker     d.u.i.k.p.i.IntermediateProofReplayer Proof replay took 854.7ns 
]]></system-out>
  <system-err><![CDATA[]]></system-err>
</testsuite>
