<?xml version="1.0" encoding="UTF-8"?>
<testsuite name="de.uka.ilkd.key.parser.TestDeclParser" tests="14" skipped="2" failures="0" errors="0" timestamp="2023-04-21T09:26:08" hostname="fv-az269-523" time="10.46">
  <properties/>
  <testcase name="testGenericSortDecl1()" classname="de.uka.ilkd.key.parser.TestDeclParser" time="1.048"/>
  <testcase name="testGenericSortDecl2()" classname="de.uka.ilkd.key.parser.TestDeclParser" time="0.831"/>
  <testcase name="testGenericSortDecl3()" classname="de.uka.ilkd.key.parser.TestDeclParser" time="0.896"/>
  <testcase name="testGenericSortDecl4()" classname="de.uka.ilkd.key.parser.TestDeclParser" time="0.805"/>
  <testcase name="testGenericSortDecl5()" classname="de.uka.ilkd.key.parser.TestDeclParser" time="0.0">
    <skipped/>
  </testcase>
  <testcase name="testGenericSortDecl6()" classname="de.uka.ilkd.key.parser.TestDeclParser" time="0.896"/>
  <testcase name="testSortDecl()" classname="de.uka.ilkd.key.parser.TestDeclParser" time="0.892"/>
  <testcase name="testProxySortDecl()" classname="de.uka.ilkd.key.parser.TestDeclParser" time="0.798"/>
  <testcase name="testArrayDecl()" classname="de.uka.ilkd.key.parser.TestDeclParser" time="0.894"/>
  <testcase name="testAmbiguousDecls()" classname="de.uka.ilkd.key.parser.TestDeclParser" time="0.0">
    <skipped/>
  </testcase>
  <testcase name="testHeurDecl()" classname="de.uka.ilkd.key.parser.TestDeclParser" time="0.801"/>
  <testcase name="testFunctionDecl()" classname="de.uka.ilkd.key.parser.TestDeclParser" time="0.893"/>
  <testcase name="testPredicateDecl()" classname="de.uka.ilkd.key.parser.TestDeclParser" time="0.897"/>
  <testcase name="testSVDecl()" classname="de.uka.ilkd.key.parser.TestDeclParser" time="0.806"/>
  <system-out><![CDATA[198492     INFO  Test worker     d.u.i.k.n.KeyIO           Parsing took 0 ms 
198492     DEBUG Test worker     d.u.i.k.n.KeyIO           Load declarations of de.uka.ilkd.key.nparser.KeyAst$File:  <unknown>:1#1 
198492     INFO  Test worker     d.u.i.k.n.KeyIO           MODE: declarations took 0 ms 
198492     DEBUG Test worker     d.u.i.k.n.KeyIO           MODE: 2nd degree decls took 0 
198492     DEBUG Test worker     d.u.i.k.n.KeyIO           MODE: taclets took 0ms 
199320     INFO  Test worker     d.u.i.k.n.KeyIO           Parsing took 0 ms 
199320     DEBUG Test worker     d.u.i.k.n.KeyIO           Load declarations of de.uka.ilkd.key.nparser.KeyAst$File:  <unknown>:1#1 
199335     INFO  Test worker     d.u.i.k.n.KeyIO           MODE: declarations took 15 ms 
199335     DEBUG Test worker     d.u.i.k.n.KeyIO           MODE: 2nd degree decls took 0 
199335     DEBUG Test worker     d.u.i.k.n.KeyIO           MODE: taclets took 0ms 
200226     INFO  Test worker     d.u.i.k.n.KeyIO           Parsing took 0 ms 
200226     DEBUG Test worker     d.u.i.k.n.KeyIO           Load declarations of de.uka.ilkd.key.nparser.KeyAst$File:  <unknown>:1#1 
200226     INFO  Test worker     d.u.i.k.n.KeyIO           MODE: declarations took 0 ms 
200226     DEBUG Test worker     d.u.i.k.n.KeyIO           MODE: 2nd degree decls took 0 
200226     DEBUG Test worker     d.u.i.k.n.KeyIO           MODE: taclets took 0ms 
201024     INFO  Test worker     d.u.i.k.n.KeyIO           Parsing took 0 ms 
201024     DEBUG Test worker     d.u.i.k.n.KeyIO           Load declarations of de.uka.ilkd.key.nparser.KeyAst$File:  <unknown>:1#1 
201024     INFO  Test worker     d.u.i.k.n.KeyIO           MODE: declarations took 0 ms 
201024     DEBUG Test worker     d.u.i.k.n.KeyIO           MODE: 2nd degree decls took 0 
201024     DEBUG Test worker     d.u.i.k.n.KeyIO           MODE: taclets took 0ms 
201914     INFO  Test worker     d.u.i.k.n.KeyIO           Parsing took 0 ms 
201914     DEBUG Test worker     d.u.i.k.n.KeyIO           Load declarations of de.uka.ilkd.key.nparser.KeyAst$File:  <unknown>:1#1 
201914     INFO  Test worker     d.u.i.k.n.KeyIO           MODE: declarations took 0 ms 
201914     DEBUG Test worker     d.u.i.k.n.KeyIO           MODE: 2nd degree decls took 0 
201914     DEBUG Test worker     d.u.i.k.n.KeyIO           MODE: taclets took 0ms 
202821     INFO  Test worker     d.u.i.k.n.KeyIO           Parsing took 0 ms 
202821     DEBUG Test worker     d.u.i.k.n.KeyIO           Load declarations of de.uka.ilkd.key.nparser.KeyAst$File:  <unknown>:1#1 
202821     INFO  Test worker     d.u.i.k.n.KeyIO           MODE: declarations took 0 ms 
202821     DEBUG Test worker     d.u.i.k.n.KeyIO           MODE: 2nd degree decls took 0 
202821     DEBUG Test worker     d.u.i.k.n.KeyIO           MODE: taclets took 0ms 
203619     INFO  Test worker     d.u.i.k.n.KeyIO           Parsing took 0 ms 
203619     DEBUG Test worker     d.u.i.k.n.KeyIO           Load declarations of de.uka.ilkd.key.nparser.KeyAst$File:  <unknown>:1#1 
203619     INFO  Test worker     d.u.i.k.n.KeyIO           MODE: declarations took 0 ms 
203619     DEBUG Test worker     d.u.i.k.n.KeyIO           MODE: 2nd degree decls took 0 
203619     DEBUG Test worker     d.u.i.k.n.KeyIO           MODE: taclets took 0ms 
204511     INFO  Test worker     d.u.i.k.n.KeyIO           Parsing took 0 ms 
204511     DEBUG Test worker     d.u.i.k.n.KeyIO           Load declarations of de.uka.ilkd.key.nparser.KeyAst$File:  <unknown>:1#1 
204511     INFO  Test worker     d.u.i.k.n.KeyIO           MODE: declarations took 0 ms 
204511     DEBUG Test worker     d.u.i.k.n.KeyIO           MODE: 2nd degree decls took 0 
204511     DEBUG Test worker     d.u.i.k.n.KeyIO           MODE: taclets took 0ms 
205323     INFO  Test worker     d.u.i.k.n.KeyIO           Parsing took 0 ms 
205323     DEBUG Test worker     d.u.i.k.n.KeyIO           Load declarations of de.uka.ilkd.key.nparser.KeyAst$File:  <unknown>:1#1 
205323     INFO  Test worker     d.u.i.k.n.KeyIO           MODE: declarations took 0 ms 
205323     DEBUG Test worker     d.u.i.k.n.KeyIO           MODE: 2nd degree decls took 0 
205323     DEBUG Test worker     d.u.i.k.n.KeyIO           MODE: taclets took 0ms 
206214     INFO  Test worker     d.u.i.k.n.KeyIO           Parsing took 0 ms 
206214     DEBUG Test worker     d.u.i.k.n.KeyIO           Load declarations of de.uka.ilkd.key.nparser.KeyAst$File:  <unknown>:1#1 
206214     INFO  Test worker     d.u.i.k.n.KeyIO           MODE: declarations took 0 ms 
206214     DEBUG Test worker     d.u.i.k.n.KeyIO           MODE: 2nd degree decls took 0 
206214     DEBUG Test worker     d.u.i.k.n.KeyIO           MODE: taclets took 0ms 
207105     INFO  Test worker     d.u.i.k.n.KeyIO           Parsing took 0 ms 
207105     DEBUG Test worker     d.u.i.k.n.KeyIO           Load declarations of de.uka.ilkd.key.nparser.KeyAst$File:  <unknown>:1#1 
207105     INFO  Test worker     d.u.i.k.n.KeyIO           MODE: declarations took 0 ms 
207105     DEBUG Test worker     d.u.i.k.n.KeyIO           MODE: 2nd degree decls took 0 
207105     DEBUG Test worker     d.u.i.k.n.KeyIO           MODE: taclets took 0ms 
207918     INFO  Test worker     d.u.i.k.n.KeyIO           Parsing took 0 ms 
207918     DEBUG Test worker     d.u.i.k.n.KeyIO           Load declarations of de.uka.ilkd.key.nparser.KeyAst$File:  <unknown>:1#1 
207918     INFO  Test worker     d.u.i.k.n.KeyIO           MODE: declarations took 0 ms 
207918     DEBUG Test worker     d.u.i.k.n.KeyIO           MODE: 2nd degree decls took 0 
207918     DEBUG Test worker     d.u.i.k.n.KeyIO           MODE: taclets took 0ms 
]]></system-out>
  <system-err><![CDATA[]]></system-err>
</testsuite>
