<?xml version="1.0" encoding="UTF-8"?>
<testsuite name="de.uka.ilkd.key.logic.TestClashFreeSubst" tests="14" skipped="2" failures="0" errors="0" timestamp="2023-04-21T09:23:27" hostname="fv-az269-523" time="45.522">
  <properties/>
  <testcase name="testMultiShareBound()" classname="de.uka.ilkd.key.logic.TestClashFreeSubst" time="0.869"/>
  <testcase name="testClash()" classname="de.uka.ilkd.key.logic.TestClashFreeSubst" time="0.866"/>
  <testcase name="testShare()" classname="de.uka.ilkd.key.logic.TestClashFreeSubst" time="0.828"/>
  <testcase name="testSubst()" classname="de.uka.ilkd.key.logic.TestClashFreeSubst" time="0.858"/>
  <testcase name="testWary0()" classname="de.uka.ilkd.key.logic.TestClashFreeSubst" time="0.834"/>
  <testcase name="testWary1()" classname="de.uka.ilkd.key.logic.TestClashFreeSubst" time="0.829"/>
  <testcase name="testWary2()" classname="de.uka.ilkd.key.logic.TestClashFreeSubst" time="0.861"/>
  <testcase name="testClashInSubstTerm()" classname="de.uka.ilkd.key.logic.TestClashFreeSubst" time="0.845"/>
  <testcase name="testShareWary()" classname="de.uka.ilkd.key.logic.TestClashFreeSubst" time="0.848"/>
  <testcase name="testMultiSubst()" classname="de.uka.ilkd.key.logic.TestClashFreeSubst" time="0.852"/>
  <testcase name="xtestMultiClash()" classname="de.uka.ilkd.key.logic.TestClashFreeSubst" time="0.0">
    <skipped/>
  </testcase>
  <testcase name="testSubstInSubstTerm()" classname="de.uka.ilkd.key.logic.TestClashFreeSubst" time="0.866"/>
  <testcase name="testSubstWary()" classname="de.uka.ilkd.key.logic.TestClashFreeSubst" time="0.82"/>
  <testcase name="xtestMultiClash1()" classname="de.uka.ilkd.key.logic.TestClashFreeSubst" time="0.0">
    <skipped/>
  </testcase>
  <system-out><![CDATA[36380      INFO  Test worker     d.u.i.k.n.KeyIO           Parsing took 0 ms 
36380      DEBUG Test worker     d.u.i.k.n.KeyIO           Load declarations of de.uka.ilkd.key.nparser.KeyAst$File:  <unknown>:1#1 
36380      INFO  Test worker     d.u.i.k.n.KeyIO           MODE: declarations took 0 ms 
36380      DEBUG Test worker     d.u.i.k.n.KeyIO           MODE: 2nd degree decls took 0 
37256      INFO  Test worker     d.u.i.k.n.KeyIO           Parsing took 0 ms 
37256      DEBUG Test worker     d.u.i.k.n.KeyIO           Load declarations of de.uka.ilkd.key.nparser.KeyAst$File:  <unknown>:1#1 
37256      INFO  Test worker     d.u.i.k.n.KeyIO           MODE: declarations took 0 ms 
37256      DEBUG Test worker     d.u.i.k.n.KeyIO           MODE: 2nd degree decls took 0 
40071      INFO  Test worker     d.u.i.k.n.KeyIO           Parsing took 0 ms 
40071      DEBUG Test worker     d.u.i.k.n.KeyIO           Load declarations of de.uka.ilkd.key.nparser.KeyAst$File:  <unknown>:1#1 
40071      INFO  Test worker     d.u.i.k.n.KeyIO           MODE: declarations took 0 ms 
40071      DEBUG Test worker     d.u.i.k.n.KeyIO           MODE: 2nd degree decls took 0 
40930      INFO  Test worker     d.u.i.k.n.KeyIO           Parsing took 0 ms 
40930      DEBUG Test worker     d.u.i.k.n.KeyIO           Load declarations of de.uka.ilkd.key.nparser.KeyAst$File:  <unknown>:1#1 
40930      INFO  Test worker     d.u.i.k.n.KeyIO           MODE: declarations took 0 ms 
40930      DEBUG Test worker     d.u.i.k.n.KeyIO           MODE: 2nd degree decls took 0 
43667      INFO  Test worker     d.u.i.k.n.KeyIO           Parsing took 0 ms 
43667      DEBUG Test worker     d.u.i.k.n.KeyIO           Load declarations of de.uka.ilkd.key.nparser.KeyAst$File:  <unknown>:1#1 
43667      INFO  Test worker     d.u.i.k.n.KeyIO           MODE: declarations took 0 ms 
43667      DEBUG Test worker     d.u.i.k.n.KeyIO           MODE: 2nd degree decls took 0 
44496      INFO  Test worker     d.u.i.k.n.KeyIO           Parsing took 0 ms 
44496      DEBUG Test worker     d.u.i.k.n.KeyIO           Load declarations of de.uka.ilkd.key.nparser.KeyAst$File:  <unknown>:1#1 
44496      INFO  Test worker     d.u.i.k.n.KeyIO           MODE: declarations took 0 ms 
44496      DEBUG Test worker     d.u.i.k.n.KeyIO           MODE: 2nd degree decls took 0 
47247      INFO  Test worker     d.u.i.k.n.KeyIO           Parsing took 0 ms 
47247      DEBUG Test worker     d.u.i.k.n.KeyIO           Load declarations of de.uka.ilkd.key.nparser.KeyAst$File:  <unknown>:1#1 
47247      INFO  Test worker     d.u.i.k.n.KeyIO           MODE: declarations took 0 ms 
47247      DEBUG Test worker     d.u.i.k.n.KeyIO           MODE: 2nd degree decls took 0 
48107      INFO  Test worker     d.u.i.k.n.KeyIO           Parsing took 0 ms 
48107      DEBUG Test worker     d.u.i.k.n.KeyIO           Load declarations of de.uka.ilkd.key.nparser.KeyAst$File:  <unknown>:1#1 
48107      INFO  Test worker     d.u.i.k.n.KeyIO           MODE: declarations took 0 ms 
48107      DEBUG Test worker     d.u.i.k.n.KeyIO           MODE: 2nd degree decls took 0 
50857      INFO  Test worker     d.u.i.k.n.KeyIO           Parsing took 0 ms 
50857      DEBUG Test worker     d.u.i.k.n.KeyIO           Load declarations of de.uka.ilkd.key.nparser.KeyAst$File:  <unknown>:1#1 
50857      INFO  Test worker     d.u.i.k.n.KeyIO           MODE: declarations took 0 ms 
50857      DEBUG Test worker     d.u.i.k.n.KeyIO           MODE: 2nd degree decls took 0 
51686      INFO  Test worker     d.u.i.k.n.KeyIO           Parsing took 0 ms 
51686      DEBUG Test worker     d.u.i.k.n.KeyIO           Load declarations of de.uka.ilkd.key.nparser.KeyAst$File:  <unknown>:1#1 
51686      INFO  Test worker     d.u.i.k.n.KeyIO           MODE: declarations took 0 ms 
51686      DEBUG Test worker     d.u.i.k.n.KeyIO           MODE: 2nd degree decls took 0 
54406      INFO  Test worker     d.u.i.k.n.KeyIO           Parsing took 0 ms 
54406      DEBUG Test worker     d.u.i.k.n.KeyIO           Load declarations of de.uka.ilkd.key.nparser.KeyAst$File:  <unknown>:1#1 
54406      INFO  Test worker     d.u.i.k.n.KeyIO           MODE: declarations took 0 ms 
54406      DEBUG Test worker     d.u.i.k.n.KeyIO           MODE: 2nd degree decls took 0 
55235      INFO  Test worker     d.u.i.k.n.KeyIO           Parsing took 0 ms 
55235      DEBUG Test worker     d.u.i.k.n.KeyIO           Load declarations of de.uka.ilkd.key.nparser.KeyAst$File:  <unknown>:1#1 
55235      INFO  Test worker     d.u.i.k.n.KeyIO           MODE: declarations took 0 ms 
55235      DEBUG Test worker     d.u.i.k.n.KeyIO           MODE: 2nd degree decls took 0 
57940      INFO  Test worker     d.u.i.k.n.KeyIO           Parsing took 0 ms 
57955      DEBUG Test worker     d.u.i.k.n.KeyIO           Load declarations of de.uka.ilkd.key.nparser.KeyAst$File:  <unknown>:1#1 
57955      INFO  Test worker     d.u.i.k.n.KeyIO           MODE: declarations took 0 ms 
57955      DEBUG Test worker     d.u.i.k.n.KeyIO           MODE: 2nd degree decls took 0 
58800      INFO  Test worker     d.u.i.k.n.KeyIO           Parsing took 0 ms 
58800      DEBUG Test worker     d.u.i.k.n.KeyIO           Load declarations of de.uka.ilkd.key.nparser.KeyAst$File:  <unknown>:1#1 
58800      INFO  Test worker     d.u.i.k.n.KeyIO           MODE: declarations took 0 ms 
58800      DEBUG Test worker     d.u.i.k.n.KeyIO           MODE: 2nd degree decls took 0 
61489      INFO  Test worker     d.u.i.k.n.KeyIO           Parsing took 0 ms 
61489      DEBUG Test worker     d.u.i.k.n.KeyIO           Load declarations of de.uka.ilkd.key.nparser.KeyAst$File:  <unknown>:1#1 
61489      INFO  Test worker     d.u.i.k.n.KeyIO           MODE: declarations took 0 ms 
61489      DEBUG Test worker     d.u.i.k.n.KeyIO           MODE: 2nd degree decls took 0 
62333      INFO  Test worker     d.u.i.k.n.KeyIO           Parsing took 0 ms 
62333      DEBUG Test worker     d.u.i.k.n.KeyIO           Load declarations of de.uka.ilkd.key.nparser.KeyAst$File:  <unknown>:1#1 
62333      INFO  Test worker     d.u.i.k.n.KeyIO           MODE: declarations took 0 ms 
62333      DEBUG Test worker     d.u.i.k.n.KeyIO           MODE: 2nd degree decls took 0 
65022      INFO  Test worker     d.u.i.k.n.KeyIO           Parsing took 0 ms 
65022      DEBUG Test worker     d.u.i.k.n.KeyIO           Load declarations of de.uka.ilkd.key.nparser.KeyAst$File:  <unknown>:1#1 
65022      INFO  Test worker     d.u.i.k.n.KeyIO           MODE: declarations took 0 ms 
65022      DEBUG Test worker     d.u.i.k.n.KeyIO           MODE: 2nd degree decls took 0 
65866      INFO  Test worker     d.u.i.k.n.KeyIO           Parsing took 0 ms 
65866      DEBUG Test worker     d.u.i.k.n.KeyIO           Load declarations of de.uka.ilkd.key.nparser.KeyAst$File:  <unknown>:1#1 
65866      INFO  Test worker     d.u.i.k.n.KeyIO           MODE: declarations took 0 ms 
65866      DEBUG Test worker     d.u.i.k.n.KeyIO           MODE: 2nd degree decls took 0 
68572      INFO  Test worker     d.u.i.k.n.KeyIO           Parsing took 0 ms 
68572      DEBUG Test worker     d.u.i.k.n.KeyIO           Load declarations of de.uka.ilkd.key.nparser.KeyAst$File:  <unknown>:1#1 
68572      INFO  Test worker     d.u.i.k.n.KeyIO           MODE: declarations took 0 ms 
68572      DEBUG Test worker     d.u.i.k.n.KeyIO           MODE: 2nd degree decls took 0 
69416      INFO  Test worker     d.u.i.k.n.KeyIO           Parsing took 0 ms 
69416      DEBUG Test worker     d.u.i.k.n.KeyIO           Load declarations of de.uka.ilkd.key.nparser.KeyAst$File:  <unknown>:1#1 
69416      INFO  Test worker     d.u.i.k.n.KeyIO           MODE: declarations took 0 ms 
69416      DEBUG Test worker     d.u.i.k.n.KeyIO           MODE: 2nd degree decls took 0 
74857      INFO  Test worker     d.u.i.k.n.KeyIO           Parsing took 0 ms 
74857      DEBUG Test worker     d.u.i.k.n.KeyIO           Load declarations of de.uka.ilkd.key.nparser.KeyAst$File:  <unknown>:1#1 
74857      INFO  Test worker     d.u.i.k.n.KeyIO           MODE: declarations took 0 ms 
74873      DEBUG Test worker     d.u.i.k.n.KeyIO           MODE: 2nd degree decls took 0 
75717      INFO  Test worker     d.u.i.k.n.KeyIO           Parsing took 0 ms 
75717      DEBUG Test worker     d.u.i.k.n.KeyIO           Load declarations of de.uka.ilkd.key.nparser.KeyAst$File:  <unknown>:1#1 
75717      INFO  Test worker     d.u.i.k.n.KeyIO           MODE: declarations took 0 ms 
75717      DEBUG Test worker     d.u.i.k.n.KeyIO           MODE: 2nd degree decls took 0 
78407      INFO  Test worker     d.u.i.k.n.KeyIO           Parsing took 0 ms 
78407      DEBUG Test worker     d.u.i.k.n.KeyIO           Load declarations of de.uka.ilkd.key.nparser.KeyAst$File:  <unknown>:1#1 
78407      INFO  Test worker     d.u.i.k.n.KeyIO           MODE: declarations took 0 ms 
78407      DEBUG Test worker     d.u.i.k.n.KeyIO           MODE: 2nd degree decls took 0 
79235      INFO  Test worker     d.u.i.k.n.KeyIO           Parsing took 0 ms 
79235      DEBUG Test worker     d.u.i.k.n.KeyIO           Load declarations of de.uka.ilkd.key.nparser.KeyAst$File:  <unknown>:1#1 
79235      INFO  Test worker     d.u.i.k.n.KeyIO           MODE: declarations took 0 ms 
79235      DEBUG Test worker     d.u.i.k.n.KeyIO           MODE: 2nd degree decls took 0 
]]></system-out>
  <system-err><![CDATA[]]></system-err>
</testsuite>
