<?xml version="1.0" encoding="UTF-8"?>
<testsuite name="de.uka.ilkd.key.proof.io.consistency.TestProofBundleIO" tests="3" skipped="0" failures="0" errors="0" timestamp="2023-06-05T13:18:03" hostname="fv-az1113-6" time="13.406">
  <properties/>
  <testcase name="testSimpleFileRepo()" classname="de.uka.ilkd.key.proof.io.consistency.TestProofBundleIO" time="0.117"/>
  <testcase name="testComplexBundleGeneration()" classname="de.uka.ilkd.key.proof.io.consistency.TestProofBundleIO" time="2.133"/>
  <testcase name="testSimpleBundleGeneration()" classname="de.uka.ilkd.key.proof.io.consistency.TestProofBundleIO" time="11.155"/>
  <system-out><![CDATA[796763     INFO  Test worker     d.u.i.k.p.i.AbstractProblemLoader Loading environment from D:\a\key\key\key.core\src\test\resources\testcase\proofBundle\complexBundleGeneration\test.key 
796763     DEBUG Test worker     d.u.i.k.p.i.AbstractProblemLoader Environment load took 179.4ns 
796763     INFO  Test worker     d.u.i.k.p.i.AbstractProblemLoader Creating init config 
797381     DEBUG Test worker     d.u.i.k.p.i.AbstractProblemLoader Init config took 612.36ms 
797428     INFO  Test worker     d.u.i.k.p.i.AbstractProblemLoader Replaying proof Test[Test::constant()].JML normal_behavior operation contract.0 
797428     DEBUG Test worker     d.u.i.k.p.i.IntermediateProofReplayer Proof replay took 9.9ns 
797984     INFO  Test worker     d.u.i.k.p.i.AbstractProblemLoader Loading environment from D:\a\key\key\key.core\src\test\resources\testcase\proofBundle\complexBundleGeneration\test.zproof 
798110     DEBUG Test worker     d.u.i.k.p.i.AbstractProblemLoader Environment load took 130.56ms 
798110     INFO  Test worker     d.u.i.k.p.i.AbstractProblemLoader Creating init config 
798814     DEBUG Test worker     d.u.i.k.p.i.AbstractProblemLoader Init config took 694.75ms 
798861     INFO  Test worker     d.u.i.k.p.i.AbstractProblemLoader Replaying proof Test[Test::constant()].JML normal_behavior operation contract.0 
798892     DEBUG Test worker     d.u.i.k.p.i.IntermediateProofReplayer Proof replay took 32.42ms 
798892     INFO  Test worker     d.u.i.k.p.i.AbstractProblemLoader Loading environment from D:\a\key\key\key.core\src\test\resources\testcase\proofBundle\simpleBundleGeneration\test.key 
798892     DEBUG Test worker     d.u.i.k.p.i.AbstractProblemLoader Environment load took 123.8ns 
798907     INFO  Test worker     d.u.i.k.p.i.AbstractProblemLoader Creating init config 
804330     DEBUG Test worker     d.u.i.k.p.i.AbstractProblemLoader Init config took 5.42s 
804399     INFO  Test worker     d.u.i.k.p.i.AbstractProblemLoader Replaying proof Test[Test::constant()].JML normal_behavior operation contract.0 
804399     DEBUG Test worker     d.u.i.k.p.i.IntermediateProofReplayer Proof replay took 10.3ns 
804541     INFO  Test worker     d.u.i.k.p.i.AbstractProblemLoader Loading environment from D:\a\key\key\key.core\src\test\resources\testcase\proofBundle\simpleBundleGeneration\test.zproof 
804541     DEBUG Test worker     d.u.i.k.p.i.AbstractProblemLoader Environment load took 4.89ms 
804557     INFO  Test worker     d.u.i.k.p.i.AbstractProblemLoader Creating init config 
809956     DEBUG Test worker     d.u.i.k.p.i.AbstractProblemLoader Init config took 5.41s 
810018     INFO  Test worker     d.u.i.k.p.i.AbstractProblemLoader Replaying proof Test[Test::constant()].JML normal_behavior operation contract.0 
810034     DEBUG Test worker     d.u.i.k.p.i.IntermediateProofReplayer Proof replay took 10.57ms 
]]></system-out>
  <system-err><![CDATA[]]></system-err>
</testsuite>
