<?xml version="1.0" encoding="UTF-8"?>
<testsuite name="de.uka.ilkd.key.parser.TestTermParserHeap" tests="39" skipped="0" failures="0" errors="0" timestamp="2023-06-05T13:14:07" hostname="fv-az1113-6" time="204.201">
  <properties/>
  <testcase name="testBracketHeapUpdate()" classname="de.uka.ilkd.key.parser.TestTermParserHeap" time="0.027"/>
  <testcase name="testStore()" classname="de.uka.ilkd.key.parser.TestTermParserHeap" time="0.015"/>
  <testcase name="testUnknownConstant()" classname="de.uka.ilkd.key.parser.TestTermParserHeap" time="0.004"/>
  <testcase name="testAllFieldsSelector()" classname="de.uka.ilkd.key.parser.TestTermParserHeap" time="0.005"/>
  <testcase name="testParsePrettyPrintedSelect()" classname="de.uka.ilkd.key.parser.TestTermParserHeap" time="0.007"/>
  <testcase name="testAccessStaticMembers()" classname="de.uka.ilkd.key.parser.TestTermParserHeap" time="0.012"/>
  <testcase name="testAtOperator_1()" classname="de.uka.ilkd.key.parser.TestTermParserHeap" time="0.005"/>
  <testcase name="testAtOperator_2()" classname="de.uka.ilkd.key.parser.TestTermParserHeap" time="0.005"/>
  <testcase name="testAtOperator_3()" classname="de.uka.ilkd.key.parser.TestTermParserHeap" time="0.005"/>
  <testcase name="testAtOperator_4()" classname="de.uka.ilkd.key.parser.TestTermParserHeap" time="0.009"/>
  <testcase name="testAtOperator_5()" classname="de.uka.ilkd.key.parser.TestTermParserHeap" time="0.007"/>
  <testcase name="testAtOperator_6()" classname="de.uka.ilkd.key.parser.TestTermParserHeap" time="0.008"/>
  <testcase name="testAtOperator_7()" classname="de.uka.ilkd.key.parser.TestTermParserHeap" time="0.005"/>
  <testcase name="testAtOperator_8()" classname="de.uka.ilkd.key.parser.TestTermParserHeap" time="0.01"/>
  <testcase name="testVerifyExceptionIfAtOperatorNotPreceededBySelectTerm()" classname="de.uka.ilkd.key.parser.TestTermParserHeap" time="0.011"/>
  <testcase name="testBugResettingCounter()" classname="de.uka.ilkd.key.parser.TestTermParserHeap" time="0.005"/>
  <testcase name="testLocationSets()" classname="de.uka.ilkd.key.parser.TestTermParserHeap" time="0.009"/>
  <testcase name="testQuantifiedSelect()" classname="de.uka.ilkd.key.parser.TestTermParserHeap" time="0.006"/>
  <testcase name="testGenericObjectProperties()" classname="de.uka.ilkd.key.parser.TestTermParserHeap" time="0.006"/>
  <testcase name="testQueryInheritance_1()" classname="de.uka.ilkd.key.parser.TestTermParserHeap" time="0.005"/>
  <testcase name="testQueryInheritance_2()" classname="de.uka.ilkd.key.parser.TestTermParserHeap" time="0.008"/>
  <testcase name="testQueryInheritance_3()" classname="de.uka.ilkd.key.parser.TestTermParserHeap" time="0.006"/>
  <testcase name="testQueryInheritance_4()" classname="de.uka.ilkd.key.parser.TestTermParserHeap" time="0.005"/>
  <testcase name="testQueryInheritance_5()" classname="de.uka.ilkd.key.parser.TestTermParserHeap" time="0.003"/>
  <testcase name="testQueryInheritance_6()" classname="de.uka.ilkd.key.parser.TestTermParserHeap" time="0.007"/>
  <testcase name="testQueryInheritance_7()" classname="de.uka.ilkd.key.parser.TestTermParserHeap" time="0.004"/>
  <testcase name="testQueryInheritance_8()" classname="de.uka.ilkd.key.parser.TestTermParserHeap" time="0.005"/>
  <testcase name="testQueryInheritance_9()" classname="de.uka.ilkd.key.parser.TestTermParserHeap" time="0.004"/>
  <testcase name="testQueryBasic_10()" classname="de.uka.ilkd.key.parser.TestTermParserHeap" time="0.002"/>
  <testcase name="testQueryBasic_11()" classname="de.uka.ilkd.key.parser.TestTermParserHeap" time="0.006"/>
  <testcase name="testQueryBasic_1()" classname="de.uka.ilkd.key.parser.TestTermParserHeap" time="0.004"/>
  <testcase name="testQueryBasic_2()" classname="de.uka.ilkd.key.parser.TestTermParserHeap" time="0.005"/>
  <testcase name="testQueryBasic_3()" classname="de.uka.ilkd.key.parser.TestTermParserHeap" time="0.01"/>
  <testcase name="testQueryBasic_4()" classname="de.uka.ilkd.key.parser.TestTermParserHeap" time="0.007"/>
  <testcase name="testQueryBasic_5()" classname="de.uka.ilkd.key.parser.TestTermParserHeap" time="0.005"/>
  <testcase name="testQueryBasic_6()" classname="de.uka.ilkd.key.parser.TestTermParserHeap" time="0.004"/>
  <testcase name="testQueryBasic_7()" classname="de.uka.ilkd.key.parser.TestTermParserHeap" time="0.006"/>
  <testcase name="testQueryBasic_8()" classname="de.uka.ilkd.key.parser.TestTermParserHeap" time="0.005"/>
  <testcase name="testQueryBasic_9()" classname="de.uka.ilkd.key.parser.TestTermParserHeap" time="0.004"/>
  <system-out><![CDATA[560352     INFO  Test worker     d.u.i.k.n.KeyIO           Parsing took 0 ms 
560352     DEBUG Test worker     d.u.i.k.n.KeyIO           Load declarations of de.uka.ilkd.key.nparser.KeyAst$File:  <unknown>:1#1 
560352     INFO  Test worker     d.u.i.k.n.KeyIO           MODE: declarations took 0 ms 
560352     DEBUG Test worker     d.u.i.k.n.KeyIO           MODE: 2nd degree decls took 0 
560352     INFO  Test worker     d.u.i.k.n.KeyIO           Parsing took 0 ms 
560352     DEBUG Test worker     d.u.i.k.n.KeyIO           Load declarations of de.uka.ilkd.key.nparser.KeyAst$File:  <unknown>:1#1 
560352     INFO  Test worker     d.u.i.k.n.KeyIO           MODE: declarations took 0 ms 
560352     DEBUG Test worker     d.u.i.k.n.KeyIO           MODE: 2nd degree decls took 0 
560352     INFO  Test worker     d.u.i.k.n.KeyIO           Parsing took 0 ms 
560352     DEBUG Test worker     d.u.i.k.n.KeyIO           Load declarations of de.uka.ilkd.key.nparser.KeyAst$File:  <unknown>:1#1 
560352     INFO  Test worker     d.u.i.k.n.KeyIO           MODE: declarations took 0 ms 
560352     DEBUG Test worker     d.u.i.k.n.KeyIO           MODE: 2nd degree decls took 0 
560352     INFO  Test worker     d.u.i.k.n.KeyIO           Parsing took 0 ms 
560352     DEBUG Test worker     d.u.i.k.n.KeyIO           Load declarations of de.uka.ilkd.key.nparser.KeyAst$File:  <unknown>:1#1 
560352     INFO  Test worker     d.u.i.k.n.KeyIO           MODE: declarations took 0 ms 
560352     DEBUG Test worker     d.u.i.k.n.KeyIO           MODE: 2nd degree decls took 0 
560352     INFO  Test worker     d.u.i.k.n.KeyIO           Parsing took 0 ms 
560352     DEBUG Test worker     d.u.i.k.n.KeyIO           Load declarations of de.uka.ilkd.key.nparser.KeyAst$File:  <unknown>:1#1 
560352     INFO  Test worker     d.u.i.k.n.KeyIO           MODE: declarations took 0 ms 
560352     DEBUG Test worker     d.u.i.k.n.KeyIO           MODE: 2nd degree decls took 0 
565933     INFO  Test worker     d.u.i.k.n.KeyIO           Parsing took 0 ms 
565933     DEBUG Test worker     d.u.i.k.n.KeyIO           Load declarations of de.uka.ilkd.key.nparser.KeyAst$File:  <unknown>:1#1 
565933     INFO  Test worker     d.u.i.k.n.KeyIO           MODE: declarations took 0 ms 
565933     DEBUG Test worker     d.u.i.k.n.KeyIO           MODE: 2nd degree decls took 0 
565933     INFO  Test worker     d.u.i.k.n.KeyIO           Parsing took 0 ms 
565933     DEBUG Test worker     d.u.i.k.n.KeyIO           Load declarations of de.uka.ilkd.key.nparser.KeyAst$File:  <unknown>:1#1 
565933     INFO  Test worker     d.u.i.k.n.KeyIO           MODE: declarations took 0 ms 
565933     DEBUG Test worker     d.u.i.k.n.KeyIO           MODE: 2nd degree decls took 0 
565933     INFO  Test worker     d.u.i.k.n.KeyIO           Parsing took 0 ms 
565933     DEBUG Test worker     d.u.i.k.n.KeyIO           Load declarations of de.uka.ilkd.key.nparser.KeyAst$File:  <unknown>:1#1 
565933     INFO  Test worker     d.u.i.k.n.KeyIO           MODE: declarations took 0 ms 
565933     DEBUG Test worker     d.u.i.k.n.KeyIO           MODE: 2nd degree decls took 0 
565933     INFO  Test worker     d.u.i.k.n.KeyIO           Parsing took 0 ms 
565933     DEBUG Test worker     d.u.i.k.n.KeyIO           Load declarations of de.uka.ilkd.key.nparser.KeyAst$File:  <unknown>:1#1 
565933     INFO  Test worker     d.u.i.k.n.KeyIO           MODE: declarations took 0 ms 
565933     DEBUG Test worker     d.u.i.k.n.KeyIO           MODE: 2nd degree decls took 0 
565933     INFO  Test worker     d.u.i.k.n.KeyIO           Parsing took 0 ms 
565933     DEBUG Test worker     d.u.i.k.n.KeyIO           Load declarations of de.uka.ilkd.key.nparser.KeyAst$File:  <unknown>:1#1 
565933     INFO  Test worker     d.u.i.k.n.KeyIO           MODE: declarations took 0 ms 
565933     DEBUG Test worker     d.u.i.k.n.KeyIO           MODE: 2nd degree decls took 0 
571496     INFO  Test worker     d.u.i.k.n.KeyIO           Parsing took 0 ms 
571496     DEBUG Test worker     d.u.i.k.n.KeyIO           Load declarations of de.uka.ilkd.key.nparser.KeyAst$File:  <unknown>:1#1 
571496     INFO  Test worker     d.u.i.k.n.KeyIO           MODE: declarations took 0 ms 
571496     DEBUG Test worker     d.u.i.k.n.KeyIO           MODE: 2nd degree decls took 0 
571496     INFO  Test worker     d.u.i.k.n.KeyIO           Parsing took 0 ms 
571496     DEBUG Test worker     d.u.i.k.n.KeyIO           Load declarations of de.uka.ilkd.key.nparser.KeyAst$File:  <unknown>:1#1 
571496     INFO  Test worker     d.u.i.k.n.KeyIO           MODE: declarations took 0 ms 
571496     DEBUG Test worker     d.u.i.k.n.KeyIO           MODE: 2nd degree decls took 0 
571496     INFO  Test worker     d.u.i.k.n.KeyIO           Parsing took 0 ms 
571496     DEBUG Test worker     d.u.i.k.n.KeyIO           Load declarations of de.uka.ilkd.key.nparser.KeyAst$File:  <unknown>:1#1 
571496     INFO  Test worker     d.u.i.k.n.KeyIO           MODE: declarations took 0 ms 
571496     DEBUG Test worker     d.u.i.k.n.KeyIO           MODE: 2nd degree decls took 0 
571496     INFO  Test worker     d.u.i.k.n.KeyIO           Parsing took 0 ms 
571496     DEBUG Test worker     d.u.i.k.n.KeyIO           Load declarations of de.uka.ilkd.key.nparser.KeyAst$File:  <unknown>:1#1 
571496     INFO  Test worker     d.u.i.k.n.KeyIO           MODE: declarations took 0 ms 
571496     DEBUG Test worker     d.u.i.k.n.KeyIO           MODE: 2nd degree decls took 0 
571496     INFO  Test worker     d.u.i.k.n.KeyIO           Parsing took 0 ms 
571496     DEBUG Test worker     d.u.i.k.n.KeyIO           Load declarations of de.uka.ilkd.key.nparser.KeyAst$File:  <unknown>:1#1 
571496     INFO  Test worker     d.u.i.k.n.KeyIO           MODE: declarations took 0 ms 
571496     DEBUG Test worker     d.u.i.k.n.KeyIO           MODE: 2nd degree decls took 0 
571496     INFO  Test worker     d.u.i.k.n.KeyIO           Parsing took 0 ms 
571496     DEBUG Test worker     d.u.i.k.n.KeyIO           Load declarations of de.uka.ilkd.key.nparser.KeyAst$File:  <unknown>:1#1 
571496     INFO  Test worker     d.u.i.k.n.KeyIO           MODE: declarations took 0 ms 
571496     DEBUG Test worker     d.u.i.k.n.KeyIO           MODE: 2nd degree decls took 0 
576997     INFO  Test worker     d.u.i.k.n.KeyIO           Parsing took 0 ms 
576997     DEBUG Test worker     d.u.i.k.n.KeyIO           Load declarations of de.uka.ilkd.key.nparser.KeyAst$File:  <unknown>:1#1 
576997     INFO  Test worker     d.u.i.k.n.KeyIO           MODE: declarations took 0 ms 
576997     DEBUG Test worker     d.u.i.k.n.KeyIO           MODE: 2nd degree decls took 0 
576997     INFO  Test worker     d.u.i.k.n.KeyIO           Parsing took 0 ms 
576997     DEBUG Test worker     d.u.i.k.n.KeyIO           Load declarations of de.uka.ilkd.key.nparser.KeyAst$File:  <unknown>:1#1 
576997     INFO  Test worker     d.u.i.k.n.KeyIO           MODE: declarations took 0 ms 
576997     DEBUG Test worker     d.u.i.k.n.KeyIO           MODE: 2nd degree decls took 0 
576997     INFO  Test worker     d.u.i.k.n.KeyIO           Parsing took 0 ms 
576997     DEBUG Test worker     d.u.i.k.n.KeyIO           Load declarations of de.uka.ilkd.key.nparser.KeyAst$File:  <unknown>:1#1 
576997     INFO  Test worker     d.u.i.k.n.KeyIO           MODE: declarations took 0 ms 
576997     DEBUG Test worker     d.u.i.k.n.KeyIO           MODE: 2nd degree decls took 0 
576997     INFO  Test worker     d.u.i.k.n.KeyIO           Parsing took 0 ms 
576997     DEBUG Test worker     d.u.i.k.n.KeyIO           Load declarations of de.uka.ilkd.key.nparser.KeyAst$File:  <unknown>:1#1 
576997     INFO  Test worker     d.u.i.k.n.KeyIO           MODE: declarations took 0 ms 
576997     DEBUG Test worker     d.u.i.k.n.KeyIO           MODE: 2nd degree decls took 0 
576997     INFO  Test worker     d.u.i.k.n.KeyIO           Parsing took 0 ms 
576997     DEBUG Test worker     d.u.i.k.n.KeyIO           Load declarations of de.uka.ilkd.key.nparser.KeyAst$File:  <unknown>:1#1 
576997     INFO  Test worker     d.u.i.k.n.KeyIO           MODE: declarations took 0 ms 
576997     DEBUG Test worker     d.u.i.k.n.KeyIO           MODE: 2nd degree decls took 0 
582467     INFO  Test worker     d.u.i.k.n.KeyIO           Parsing took 0 ms 
582467     DEBUG Test worker     d.u.i.k.n.KeyIO           Load declarations of de.uka.ilkd.key.nparser.KeyAst$File:  <unknown>:1#1 
582467     INFO  Test worker     d.u.i.k.n.KeyIO           MODE: declarations took 0 ms 
582467     DEBUG Test worker     d.u.i.k.n.KeyIO           MODE: 2nd degree decls took 0 
582467     INFO  Test worker     d.u.i.k.n.KeyIO           Parsing took 0 ms 
582467     DEBUG Test worker     d.u.i.k.n.KeyIO           Load declarations of de.uka.ilkd.key.nparser.KeyAst$File:  <unknown>:1#1 
582467     INFO  Test worker     d.u.i.k.n.KeyIO           MODE: declarations took 0 ms 
582467     DEBUG Test worker     d.u.i.k.n.KeyIO           MODE: 2nd degree decls took 0 
582467     INFO  Test worker     d.u.i.k.n.KeyIO           Parsing took 0 ms 
582467     DEBUG Test worker     d.u.i.k.n.KeyIO           Load declarations of de.uka.ilkd.key.nparser.KeyAst$File:  <unknown>:1#1 
582467     INFO  Test worker     d.u.i.k.n.KeyIO           MODE: declarations took 0 ms 
582467     DEBUG Test worker     d.u.i.k.n.KeyIO           MODE: 2nd degree decls took 0 
582467     INFO  Test worker     d.u.i.k.n.KeyIO           Parsing took 0 ms 
582467     DEBUG Test worker     d.u.i.k.n.KeyIO           Load declarations of de.uka.ilkd.key.nparser.KeyAst$File:  <unknown>:1#1 
582467     INFO  Test worker     d.u.i.k.n.KeyIO           MODE: declarations took 0 ms 
582467     DEBUG Test worker     d.u.i.k.n.KeyIO           MODE: 2nd degree decls took 0 
582467     INFO  Test worker     d.u.i.k.n.KeyIO           Parsing took 0 ms 
582467     DEBUG Test worker     d.u.i.k.n.KeyIO           Load declarations of de.uka.ilkd.key.nparser.KeyAst$File:  <unknown>:1#1 
582467     INFO  Test worker     d.u.i.k.n.KeyIO           MODE: declarations took 0 ms 
582467     DEBUG Test worker     d.u.i.k.n.KeyIO           MODE: 2nd degree decls took 0 
587823     INFO  Test worker     d.u.i.k.n.KeyIO           Parsing took 0 ms 
587823     DEBUG Test worker     d.u.i.k.n.KeyIO           Load declarations of de.uka.ilkd.key.nparser.KeyAst$File:  <unknown>:1#1 
587823     INFO  Test worker     d.u.i.k.n.KeyIO           MODE: declarations took 0 ms 
587823     DEBUG Test worker     d.u.i.k.n.KeyIO           MODE: 2nd degree decls took 0 
587823     INFO  Test worker     d.u.i.k.n.KeyIO           Parsing took 0 ms 
587823     DEBUG Test worker     d.u.i.k.n.KeyIO           Load declarations of de.uka.ilkd.key.nparser.KeyAst$File:  <unknown>:1#1 
587823     INFO  Test worker     d.u.i.k.n.KeyIO           MODE: declarations took 0 ms 
587823     DEBUG Test worker     d.u.i.k.n.KeyIO           MODE: 2nd degree decls took 0 
587823     INFO  Test worker     d.u.i.k.n.KeyIO           Parsing took 0 ms 
587823     DEBUG Test worker     d.u.i.k.n.KeyIO           Load declarations of de.uka.ilkd.key.nparser.KeyAst$File:  <unknown>:1#1 
587823     INFO  Test worker     d.u.i.k.n.KeyIO           MODE: declarations took 0 ms 
587823     DEBUG Test worker     d.u.i.k.n.KeyIO           MODE: 2nd degree decls took 0 
587823     INFO  Test worker     d.u.i.k.n.KeyIO           Parsing took 0 ms 
587823     DEBUG Test worker     d.u.i.k.n.KeyIO           Load declarations of de.uka.ilkd.key.nparser.KeyAst$File:  <unknown>:1#1 
587823     INFO  Test worker     d.u.i.k.n.KeyIO           MODE: declarations took 0 ms 
587823     DEBUG Test worker     d.u.i.k.n.KeyIO           MODE: 2nd degree decls took 0 
587823     INFO  Test worker     d.u.i.k.n.KeyIO           Parsing took 0 ms 
587823     DEBUG Test worker     d.u.i.k.n.KeyIO           Load declarations of de.uka.ilkd.key.nparser.KeyAst$File:  <unknown>:1#1 
587823     INFO  Test worker     d.u.i.k.n.KeyIO           MODE: declarations took 0 ms 
587823     DEBUG Test worker     d.u.i.k.n.KeyIO           MODE: 2nd degree decls took 0 
593302     INFO  Test worker     d.u.i.k.n.KeyIO           Parsing took 0 ms 
593302     DEBUG Test worker     d.u.i.k.n.KeyIO           Load declarations of de.uka.ilkd.key.nparser.KeyAst$File:  <unknown>:1#1 
593302     INFO  Test worker     d.u.i.k.n.KeyIO           MODE: declarations took 0 ms 
593302     DEBUG Test worker     d.u.i.k.n.KeyIO           MODE: 2nd degree decls took 0 
593302     INFO  Test worker     d.u.i.k.n.KeyIO           Parsing took 0 ms 
593302     DEBUG Test worker     d.u.i.k.n.KeyIO           Load declarations of de.uka.ilkd.key.nparser.KeyAst$File:  <unknown>:1#1 
593302     INFO  Test worker     d.u.i.k.n.KeyIO           MODE: declarations took 0 ms 
593302     DEBUG Test worker     d.u.i.k.n.KeyIO           MODE: 2nd degree decls took 0 
593302     INFO  Test worker     d.u.i.k.n.KeyIO           Parsing took 0 ms 
593302     DEBUG Test worker     d.u.i.k.n.KeyIO           Load declarations of de.uka.ilkd.key.nparser.KeyAst$File:  <unknown>:1#1 
593302     INFO  Test worker     d.u.i.k.n.KeyIO           MODE: declarations took 0 ms 
593302     DEBUG Test worker     d.u.i.k.n.KeyIO           MODE: 2nd degree decls took 0 
593302     INFO  Test worker     d.u.i.k.n.KeyIO           Parsing took 0 ms 
593302     DEBUG Test worker     d.u.i.k.n.KeyIO           Load declarations of de.uka.ilkd.key.nparser.KeyAst$File:  <unknown>:1#1 
593302     INFO  Test worker     d.u.i.k.n.KeyIO           MODE: declarations took 0 ms 
593302     DEBUG Test worker     d.u.i.k.n.KeyIO           MODE: 2nd degree decls took 0 
593302     INFO  Test worker     d.u.i.k.n.KeyIO           Parsing took 0 ms 
593302     DEBUG Test worker     d.u.i.k.n.KeyIO           Load declarations of de.uka.ilkd.key.nparser.KeyAst$File:  <unknown>:1#1 
593302     INFO  Test worker     d.u.i.k.n.KeyIO           MODE: declarations took 0 ms 
593302     DEBUG Test worker     d.u.i.k.n.KeyIO           MODE: 2nd degree decls took 0 
598690     INFO  Test worker     d.u.i.k.n.KeyIO           Parsing took 0 ms 
598690     DEBUG Test worker     d.u.i.k.n.KeyIO           Load declarations of de.uka.ilkd.key.nparser.KeyAst$File:  <unknown>:1#1 
598690     INFO  Test worker     d.u.i.k.n.KeyIO           MODE: declarations took 0 ms 
598690     DEBUG Test worker     d.u.i.k.n.KeyIO           MODE: 2nd degree decls took 0 
598690     INFO  Test worker     d.u.i.k.n.KeyIO           Parsing took 0 ms 
598690     DEBUG Test worker     d.u.i.k.n.KeyIO           Load declarations of de.uka.ilkd.key.nparser.KeyAst$File:  <unknown>:1#1 
598690     INFO  Test worker     d.u.i.k.n.KeyIO           MODE: declarations took 0 ms 
598690     DEBUG Test worker     d.u.i.k.n.KeyIO           MODE: 2nd degree decls took 0 
598690     INFO  Test worker     d.u.i.k.n.KeyIO           Parsing took 0 ms 
598690     DEBUG Test worker     d.u.i.k.n.KeyIO           Load declarations of de.uka.ilkd.key.nparser.KeyAst$File:  <unknown>:1#1 
598690     INFO  Test worker     d.u.i.k.n.KeyIO           MODE: declarations took 0 ms 
598690     DEBUG Test worker     d.u.i.k.n.KeyIO           MODE: 2nd degree decls took 0 
598690     INFO  Test worker     d.u.i.k.n.KeyIO           Parsing took 0 ms 
598690     DEBUG Test worker     d.u.i.k.n.KeyIO           Load declarations of de.uka.ilkd.key.nparser.KeyAst$File:  <unknown>:1#1 
598690     INFO  Test worker     d.u.i.k.n.KeyIO           MODE: declarations took 0 ms 
598690     DEBUG Test worker     d.u.i.k.n.KeyIO           MODE: 2nd degree decls took 0 
598690     INFO  Test worker     d.u.i.k.n.KeyIO           Parsing took 0 ms 
598690     DEBUG Test worker     d.u.i.k.n.KeyIO           Load declarations of de.uka.ilkd.key.nparser.KeyAst$File:  <unknown>:1#1 
598690     INFO  Test worker     d.u.i.k.n.KeyIO           MODE: declarations took 0 ms 
598690     DEBUG Test worker     d.u.i.k.n.KeyIO           MODE: 2nd degree decls took 0 
604109     INFO  Test worker     d.u.i.k.n.KeyIO           Parsing took 0 ms 
604109     DEBUG Test worker     d.u.i.k.n.KeyIO           Load declarations of de.uka.ilkd.key.nparser.KeyAst$File:  <unknown>:1#1 
604109     INFO  Test worker     d.u.i.k.n.KeyIO           MODE: declarations took 0 ms 
604109     DEBUG Test worker     d.u.i.k.n.KeyIO           MODE: 2nd degree decls took 0 
604109     INFO  Test worker     d.u.i.k.n.KeyIO           Parsing took 0 ms 
604109     DEBUG Test worker     d.u.i.k.n.KeyIO           Load declarations of de.uka.ilkd.key.nparser.KeyAst$File:  <unknown>:1#1 
604109     INFO  Test worker     d.u.i.k.n.KeyIO           MODE: declarations took 0 ms 
604109     DEBUG Test worker     d.u.i.k.n.KeyIO           MODE: 2nd degree decls took 0 
604109     INFO  Test worker     d.u.i.k.n.KeyIO           Parsing took 0 ms 
604109     DEBUG Test worker     d.u.i.k.n.KeyIO           Load declarations of de.uka.ilkd.key.nparser.KeyAst$File:  <unknown>:1#1 
604109     INFO  Test worker     d.u.i.k.n.KeyIO           MODE: declarations took 0 ms 
604109     DEBUG Test worker     d.u.i.k.n.KeyIO           MODE: 2nd degree decls took 0 
604109     INFO  Test worker     d.u.i.k.n.KeyIO           Parsing took 0 ms 
604109     DEBUG Test worker     d.u.i.k.n.KeyIO           Load declarations of de.uka.ilkd.key.nparser.KeyAst$File:  <unknown>:1#1 
604109     INFO  Test worker     d.u.i.k.n.KeyIO           MODE: declarations took 0 ms 
604109     DEBUG Test worker     d.u.i.k.n.KeyIO           MODE: 2nd degree decls took 0 
604109     INFO  Test worker     d.u.i.k.n.KeyIO           Parsing took 0 ms 
604109     DEBUG Test worker     d.u.i.k.n.KeyIO           Load declarations of de.uka.ilkd.key.nparser.KeyAst$File:  <unknown>:1#1 
604109     INFO  Test worker     d.u.i.k.n.KeyIO           MODE: declarations took 0 ms 
604109     DEBUG Test worker     d.u.i.k.n.KeyIO           MODE: 2nd degree decls took 0 
609567     INFO  Test worker     d.u.i.k.n.KeyIO           Parsing took 0 ms 
609567     DEBUG Test worker     d.u.i.k.n.KeyIO           Load declarations of de.uka.ilkd.key.nparser.KeyAst$File:  <unknown>:1#1 
609567     INFO  Test worker     d.u.i.k.n.KeyIO           MODE: declarations took 0 ms 
609567     DEBUG Test worker     d.u.i.k.n.KeyIO           MODE: 2nd degree decls took 0 
609567     INFO  Test worker     d.u.i.k.n.KeyIO           Parsing took 0 ms 
609567     DEBUG Test worker     d.u.i.k.n.KeyIO           Load declarations of de.uka.ilkd.key.nparser.KeyAst$File:  <unknown>:1#1 
609567     INFO  Test worker     d.u.i.k.n.KeyIO           MODE: declarations took 0 ms 
609567     DEBUG Test worker     d.u.i.k.n.KeyIO           MODE: 2nd degree decls took 0 
609567     INFO  Test worker     d.u.i.k.n.KeyIO           Parsing took 0 ms 
609567     DEBUG Test worker     d.u.i.k.n.KeyIO           Load declarations of de.uka.ilkd.key.nparser.KeyAst$File:  <unknown>:1#1 
609567     INFO  Test worker     d.u.i.k.n.KeyIO           MODE: declarations took 0 ms 
609567     DEBUG Test worker     d.u.i.k.n.KeyIO           MODE: 2nd degree decls took 0 
609567     INFO  Test worker     d.u.i.k.n.KeyIO           Parsing took 0 ms 
609567     DEBUG Test worker     d.u.i.k.n.KeyIO           Load declarations of de.uka.ilkd.key.nparser.KeyAst$File:  <unknown>:1#1 
609567     INFO  Test worker     d.u.i.k.n.KeyIO           MODE: declarations took 0 ms 
609567     DEBUG Test worker     d.u.i.k.n.KeyIO           MODE: 2nd degree decls took 0 
609567     INFO  Test worker     d.u.i.k.n.KeyIO           Parsing took 0 ms 
609567     DEBUG Test worker     d.u.i.k.n.KeyIO           Load declarations of de.uka.ilkd.key.nparser.KeyAst$File:  <unknown>:1#1 
609567     INFO  Test worker     d.u.i.k.n.KeyIO           MODE: declarations took 0 ms 
609567     DEBUG Test worker     d.u.i.k.n.KeyIO           MODE: 2nd degree decls took 0 
615438     INFO  Test worker     d.u.i.k.n.KeyIO           Parsing took 0 ms 
615438     DEBUG Test worker     d.u.i.k.n.KeyIO           Load declarations of de.uka.ilkd.key.nparser.KeyAst$File:  <unknown>:1#1 
615438     INFO  Test worker     d.u.i.k.n.KeyIO           MODE: declarations took 0 ms 
615438     DEBUG Test worker     d.u.i.k.n.KeyIO           MODE: 2nd degree decls took 0 
615438     INFO  Test worker     d.u.i.k.n.KeyIO           Parsing took 0 ms 
615438     DEBUG Test worker     d.u.i.k.n.KeyIO           Load declarations of de.uka.ilkd.key.nparser.KeyAst$File:  <unknown>:1#1 
615438     INFO  Test worker     d.u.i.k.n.KeyIO           MODE: declarations took 0 ms 
615438     DEBUG Test worker     d.u.i.k.n.KeyIO           MODE: 2nd degree decls took 0 
615438     INFO  Test worker     d.u.i.k.n.KeyIO           Parsing took 0 ms 
615438     DEBUG Test worker     d.u.i.k.n.KeyIO           Load declarations of de.uka.ilkd.key.nparser.KeyAst$File:  <unknown>:1#1 
615438     INFO  Test worker     d.u.i.k.n.KeyIO           MODE: declarations took 0 ms 
615438     DEBUG Test worker     d.u.i.k.n.KeyIO           MODE: 2nd degree decls took 0 
615438     INFO  Test worker     d.u.i.k.n.KeyIO           Parsing took 0 ms 
615438     DEBUG Test worker     d.u.i.k.n.KeyIO           Load declarations of de.uka.ilkd.key.nparser.KeyAst$File:  <unknown>:1#1 
615454     INFO  Test worker     d.u.i.k.n.KeyIO           MODE: declarations took 16 ms 
615454     DEBUG Test worker     d.u.i.k.n.KeyIO           MODE: 2nd degree decls took 0 
615454     INFO  Test worker     d.u.i.k.n.KeyIO           Parsing took 0 ms 
615454     DEBUG Test worker     d.u.i.k.n.KeyIO           Load declarations of de.uka.ilkd.key.nparser.KeyAst$File:  <unknown>:1#1 
615454     INFO  Test worker     d.u.i.k.n.KeyIO           MODE: declarations took 0 ms 
615454     DEBUG Test worker     d.u.i.k.n.KeyIO           MODE: 2nd degree decls took 0 
620661     INFO  Test worker     d.u.i.k.n.KeyIO           Parsing took 0 ms 
620661     DEBUG Test worker     d.u.i.k.n.KeyIO           Load declarations of de.uka.ilkd.key.nparser.KeyAst$File:  <unknown>:1#1 
620661     INFO  Test worker     d.u.i.k.n.KeyIO           MODE: declarations took 0 ms 
620661     DEBUG Test worker     d.u.i.k.n.KeyIO           MODE: 2nd degree decls took 0 
620661     INFO  Test worker     d.u.i.k.n.KeyIO           Parsing took 0 ms 
620661     DEBUG Test worker     d.u.i.k.n.KeyIO           Load declarations of de.uka.ilkd.key.nparser.KeyAst$File:  <unknown>:1#1 
620661     INFO  Test worker     d.u.i.k.n.KeyIO           MODE: declarations took 0 ms 
620661     DEBUG Test worker     d.u.i.k.n.KeyIO           MODE: 2nd degree decls took 0 
620661     INFO  Test worker     d.u.i.k.n.KeyIO           Parsing took 0 ms 
620661     DEBUG Test worker     d.u.i.k.n.KeyIO           Load declarations of de.uka.ilkd.key.nparser.KeyAst$File:  <unknown>:1#1 
620661     INFO  Test worker     d.u.i.k.n.KeyIO           MODE: declarations took 0 ms 
620661     DEBUG Test worker     d.u.i.k.n.KeyIO           MODE: 2nd degree decls took 0 
620661     INFO  Test worker     d.u.i.k.n.KeyIO           Parsing took 0 ms 
620661     DEBUG Test worker     d.u.i.k.n.KeyIO           Load declarations of de.uka.ilkd.key.nparser.KeyAst$File:  <unknown>:1#1 
620661     INFO  Test worker     d.u.i.k.n.KeyIO           MODE: declarations took 0 ms 
620661     DEBUG Test worker     d.u.i.k.n.KeyIO           MODE: 2nd degree decls took 0 
620661     INFO  Test worker     d.u.i.k.n.KeyIO           Parsing took 0 ms 
620661     DEBUG Test worker     d.u.i.k.n.KeyIO           Load declarations of de.uka.ilkd.key.nparser.KeyAst$File:  <unknown>:1#1 
620661     INFO  Test worker     d.u.i.k.n.KeyIO           MODE: declarations took 0 ms 
620661     DEBUG Test worker     d.u.i.k.n.KeyIO           MODE: 2nd degree decls took 0 
626007     INFO  Test worker     d.u.i.k.n.KeyIO           Parsing took 0 ms 
626007     DEBUG Test worker     d.u.i.k.n.KeyIO           Load declarations of de.uka.ilkd.key.nparser.KeyAst$File:  <unknown>:1#1 
626007     INFO  Test worker     d.u.i.k.n.KeyIO           MODE: declarations took 0 ms 
626007     DEBUG Test worker     d.u.i.k.n.KeyIO           MODE: 2nd degree decls took 0 
626007     INFO  Test worker     d.u.i.k.n.KeyIO           Parsing took 0 ms 
626007     DEBUG Test worker     d.u.i.k.n.KeyIO           Load declarations of de.uka.ilkd.key.nparser.KeyAst$File:  <unknown>:1#1 
626007     INFO  Test worker     d.u.i.k.n.KeyIO           MODE: declarations took 0 ms 
626007     DEBUG Test worker     d.u.i.k.n.KeyIO           MODE: 2nd degree decls took 0 
626007     INFO  Test worker     d.u.i.k.n.KeyIO           Parsing took 0 ms 
626007     DEBUG Test worker     d.u.i.k.n.KeyIO           Load declarations of de.uka.ilkd.key.nparser.KeyAst$File:  <unknown>:1#1 
626007     INFO  Test worker     d.u.i.k.n.KeyIO           MODE: declarations took 0 ms 
626007     DEBUG Test worker     d.u.i.k.n.KeyIO           MODE: 2nd degree decls took 0 
626007     INFO  Test worker     d.u.i.k.n.KeyIO           Parsing took 0 ms 
626007     DEBUG Test worker     d.u.i.k.n.KeyIO           Load declarations of de.uka.ilkd.key.nparser.KeyAst$File:  <unknown>:1#1 
626007     INFO  Test worker     d.u.i.k.n.KeyIO           MODE: declarations took 0 ms 
626007     DEBUG Test worker     d.u.i.k.n.KeyIO           MODE: 2nd degree decls took 0 
626007     INFO  Test worker     d.u.i.k.n.KeyIO           Parsing took 0 ms 
626007     DEBUG Test worker     d.u.i.k.n.KeyIO           Load declarations of de.uka.ilkd.key.nparser.KeyAst$File:  <unknown>:1#1 
626007     INFO  Test worker     d.u.i.k.n.KeyIO           MODE: declarations took 0 ms 
626007     DEBUG Test worker     d.u.i.k.n.KeyIO           MODE: 2nd degree decls took 0 
631425     INFO  Test worker     d.u.i.k.n.KeyIO           Parsing took 0 ms 
631425     DEBUG Test worker     d.u.i.k.n.KeyIO           Load declarations of de.uka.ilkd.key.nparser.KeyAst$File:  <unknown>:1#1 
631425     INFO  Test worker     d.u.i.k.n.KeyIO           MODE: declarations took 0 ms 
631425     DEBUG Test worker     d.u.i.k.n.KeyIO           MODE: 2nd degree decls took 0 
631425     INFO  Test worker     d.u.i.k.n.KeyIO           Parsing took 0 ms 
631425     DEBUG Test worker     d.u.i.k.n.KeyIO           Load declarations of de.uka.ilkd.key.nparser.KeyAst$File:  <unknown>:1#1 
631425     INFO  Test worker     d.u.i.k.n.KeyIO           MODE: declarations took 0 ms 
631425     DEBUG Test worker     d.u.i.k.n.KeyIO           MODE: 2nd degree decls took 0 
631425     INFO  Test worker     d.u.i.k.n.KeyIO           Parsing took 0 ms 
631425     DEBUG Test worker     d.u.i.k.n.KeyIO           Load declarations of de.uka.ilkd.key.nparser.KeyAst$File:  <unknown>:1#1 
631425     INFO  Test worker     d.u.i.k.n.KeyIO           MODE: declarations took 0 ms 
631425     DEBUG Test worker     d.u.i.k.n.KeyIO           MODE: 2nd degree decls took 0 
631425     INFO  Test worker     d.u.i.k.n.KeyIO           Parsing took 0 ms 
631425     DEBUG Test worker     d.u.i.k.n.KeyIO           Load declarations of de.uka.ilkd.key.nparser.KeyAst$File:  <unknown>:1#1 
631425     INFO  Test worker     d.u.i.k.n.KeyIO           MODE: declarations took 0 ms 
631425     DEBUG Test worker     d.u.i.k.n.KeyIO           MODE: 2nd degree decls took 0 
631425     INFO  Test worker     d.u.i.k.n.KeyIO           Parsing took 0 ms 
631425     DEBUG Test worker     d.u.i.k.n.KeyIO           Load declarations of de.uka.ilkd.key.nparser.KeyAst$File:  <unknown>:1#1 
631425     INFO  Test worker     d.u.i.k.n.KeyIO           MODE: declarations took 0 ms 
631425     DEBUG Test worker     d.u.i.k.n.KeyIO           MODE: 2nd degree decls took 0 
636822     INFO  Test worker     d.u.i.k.n.KeyIO           Parsing took 0 ms 
636822     DEBUG Test worker     d.u.i.k.n.KeyIO           Load declarations of de.uka.ilkd.key.nparser.KeyAst$File:  <unknown>:1#1 
636822     INFO  Test worker     d.u.i.k.n.KeyIO           MODE: declarations took 0 ms 
636822     DEBUG Test worker     d.u.i.k.n.KeyIO           MODE: 2nd degree decls took 0 
636822     INFO  Test worker     d.u.i.k.n.KeyIO           Parsing took 0 ms 
636822     DEBUG Test worker     d.u.i.k.n.KeyIO           Load declarations of de.uka.ilkd.key.nparser.KeyAst$File:  <unknown>:1#1 
636822     INFO  Test worker     d.u.i.k.n.KeyIO           MODE: declarations took 0 ms 
636822     DEBUG Test worker     d.u.i.k.n.KeyIO           MODE: 2nd degree decls took 0 
636822     INFO  Test worker     d.u.i.k.n.KeyIO           Parsing took 0 ms 
636822     DEBUG Test worker     d.u.i.k.n.KeyIO           Load declarations of de.uka.ilkd.key.nparser.KeyAst$File:  <unknown>:1#1 
636822     INFO  Test worker     d.u.i.k.n.KeyIO           MODE: declarations took 0 ms 
636822     DEBUG Test worker     d.u.i.k.n.KeyIO           MODE: 2nd degree decls took 0 
636822     INFO  Test worker     d.u.i.k.n.KeyIO           Parsing took 0 ms 
636822     DEBUG Test worker     d.u.i.k.n.KeyIO           Load declarations of de.uka.ilkd.key.nparser.KeyAst$File:  <unknown>:1#1 
636822     INFO  Test worker     d.u.i.k.n.KeyIO           MODE: declarations took 0 ms 
636822     DEBUG Test worker     d.u.i.k.n.KeyIO           MODE: 2nd degree decls took 0 
636822     INFO  Test worker     d.u.i.k.n.KeyIO           Parsing took 0 ms 
636822     DEBUG Test worker     d.u.i.k.n.KeyIO           Load declarations of de.uka.ilkd.key.nparser.KeyAst$File:  <unknown>:1#1 
636822     INFO  Test worker     d.u.i.k.n.KeyIO           MODE: declarations took 0 ms 
636822     DEBUG Test worker     d.u.i.k.n.KeyIO           MODE: 2nd degree decls took 0 
636838     WARN  Test worker     d.u.i.k.n.KeYParser       [syntax-error] <unknown>:1:11: mismatched input '@' expecting {'/', ':=', '.', '(', ')', '{', '[', '@', PARALLEL, OR, AND, IMP, '=', NOT_EQUALS, '%', '*', '-', '+', '>', GREATEREQUAL, '<', LESSEQUAL, LGUILLEMETS, EQV} [@11,11:11='@',<153>,1:11] (termEOF) 
642209     INFO  Test worker     d.u.i.k.n.KeyIO           Parsing took 1 ms 
642209     DEBUG Test worker     d.u.i.k.n.KeyIO           Load declarations of de.uka.ilkd.key.nparser.KeyAst$File:  <unknown>:1#1 
642209     INFO  Test worker     d.u.i.k.n.KeyIO           MODE: declarations took 0 ms 
642209     DEBUG Test worker     d.u.i.k.n.KeyIO           MODE: 2nd degree decls took 0 
642209     INFO  Test worker     d.u.i.k.n.KeyIO           Parsing took 0 ms 
642209     DEBUG Test worker     d.u.i.k.n.KeyIO           Load declarations of de.uka.ilkd.key.nparser.KeyAst$File:  <unknown>:1#1 
642210     INFO  Test worker     d.u.i.k.n.KeyIO           MODE: declarations took 1 ms 
642210     DEBUG Test worker     d.u.i.k.n.KeyIO           MODE: 2nd degree decls took 0 
642210     INFO  Test worker     d.u.i.k.n.KeyIO           Parsing took 0 ms 
642210     DEBUG Test worker     d.u.i.k.n.KeyIO           Load declarations of de.uka.ilkd.key.nparser.KeyAst$File:  <unknown>:1#1 
642210     INFO  Test worker     d.u.i.k.n.KeyIO           MODE: declarations took 0 ms 
642210     DEBUG Test worker     d.u.i.k.n.KeyIO           MODE: 2nd degree decls took 0 
642210     INFO  Test worker     d.u.i.k.n.KeyIO           Parsing took 0 ms 
642210     DEBUG Test worker     d.u.i.k.n.KeyIO           Load declarations of de.uka.ilkd.key.nparser.KeyAst$File:  <unknown>:1#1 
642211     INFO  Test worker     d.u.i.k.n.KeyIO           MODE: declarations took 1 ms 
642211     DEBUG Test worker     d.u.i.k.n.KeyIO           MODE: 2nd degree decls took 0 
642211     INFO  Test worker     d.u.i.k.n.KeyIO           Parsing took 0 ms 
642211     DEBUG Test worker     d.u.i.k.n.KeyIO           Load declarations of de.uka.ilkd.key.nparser.KeyAst$File:  <unknown>:1#1 
642211     INFO  Test worker     d.u.i.k.n.KeyIO           MODE: declarations took 0 ms 
642211     DEBUG Test worker     d.u.i.k.n.KeyIO           MODE: 2nd degree decls took 0 
647524     INFO  Test worker     d.u.i.k.n.KeyIO           Parsing took 0 ms 
647524     DEBUG Test worker     d.u.i.k.n.KeyIO           Load declarations of de.uka.ilkd.key.nparser.KeyAst$File:  <unknown>:1#1 
647524     INFO  Test worker     d.u.i.k.n.KeyIO           MODE: declarations took 0 ms 
647524     DEBUG Test worker     d.u.i.k.n.KeyIO           MODE: 2nd degree decls took 0 
647524     INFO  Test worker     d.u.i.k.n.KeyIO           Parsing took 0 ms 
647524     DEBUG Test worker     d.u.i.k.n.KeyIO           Load declarations of de.uka.ilkd.key.nparser.KeyAst$File:  <unknown>:1#1 
647524     INFO  Test worker     d.u.i.k.n.KeyIO           MODE: declarations took 0 ms 
647524     DEBUG Test worker     d.u.i.k.n.KeyIO           MODE: 2nd degree decls took 0 
647524     INFO  Test worker     d.u.i.k.n.KeyIO           Parsing took 0 ms 
647524     DEBUG Test worker     d.u.i.k.n.KeyIO           Load declarations of de.uka.ilkd.key.nparser.KeyAst$File:  <unknown>:1#1 
647524     INFO  Test worker     d.u.i.k.n.KeyIO           MODE: declarations took 0 ms 
647524     DEBUG Test worker     d.u.i.k.n.KeyIO           MODE: 2nd degree decls took 0 
647524     INFO  Test worker     d.u.i.k.n.KeyIO           Parsing took 0 ms 
647524     DEBUG Test worker     d.u.i.k.n.KeyIO           Load declarations of de.uka.ilkd.key.nparser.KeyAst$File:  <unknown>:1#1 
647524     INFO  Test worker     d.u.i.k.n.KeyIO           MODE: declarations took 0 ms 
647524     DEBUG Test worker     d.u.i.k.n.KeyIO           MODE: 2nd degree decls took 0 
647524     INFO  Test worker     d.u.i.k.n.KeyIO           Parsing took 0 ms 
647524     DEBUG Test worker     d.u.i.k.n.KeyIO           Load declarations of de.uka.ilkd.key.nparser.KeyAst$File:  <unknown>:1#1 
647539     INFO  Test worker     d.u.i.k.n.KeyIO           MODE: declarations took 0 ms 
647539     DEBUG Test worker     d.u.i.k.n.KeyIO           MODE: 2nd degree decls took 0 
652850     INFO  Test worker     d.u.i.k.n.KeyIO           Parsing took 0 ms 
652850     DEBUG Test worker     d.u.i.k.n.KeyIO           Load declarations of de.uka.ilkd.key.nparser.KeyAst$File:  <unknown>:1#1 
652850     INFO  Test worker     d.u.i.k.n.KeyIO           MODE: declarations took 0 ms 
652850     DEBUG Test worker     d.u.i.k.n.KeyIO           MODE: 2nd degree decls took 0 
652850     INFO  Test worker     d.u.i.k.n.KeyIO           Parsing took 0 ms 
652850     DEBUG Test worker     d.u.i.k.n.KeyIO           Load declarations of de.uka.ilkd.key.nparser.KeyAst$File:  <unknown>:1#1 
652850     INFO  Test worker     d.u.i.k.n.KeyIO           MODE: declarations took 0 ms 
652850     DEBUG Test worker     d.u.i.k.n.KeyIO           MODE: 2nd degree decls took 0 
652850     INFO  Test worker     d.u.i.k.n.KeyIO           Parsing took 0 ms 
652850     DEBUG Test worker     d.u.i.k.n.KeyIO           Load declarations of de.uka.ilkd.key.nparser.KeyAst$File:  <unknown>:1#1 
652865     INFO  Test worker     d.u.i.k.n.KeyIO           MODE: declarations took 15 ms 
652865     DEBUG Test worker     d.u.i.k.n.KeyIO           MODE: 2nd degree decls took 0 
652865     INFO  Test worker     d.u.i.k.n.KeyIO           Parsing took 0 ms 
652865     DEBUG Test worker     d.u.i.k.n.KeyIO           Load declarations of de.uka.ilkd.key.nparser.KeyAst$File:  <unknown>:1#1 
652865     INFO  Test worker     d.u.i.k.n.KeyIO           MODE: declarations took 0 ms 
652865     DEBUG Test worker     d.u.i.k.n.KeyIO           MODE: 2nd degree decls took 0 
652865     INFO  Test worker     d.u.i.k.n.KeyIO           Parsing took 0 ms 
652865     DEBUG Test worker     d.u.i.k.n.KeyIO           Load declarations of de.uka.ilkd.key.nparser.KeyAst$File:  <unknown>:1#1 
652865     INFO  Test worker     d.u.i.k.n.KeyIO           MODE: declarations took 0 ms 
652865     DEBUG Test worker     d.u.i.k.n.KeyIO           MODE: 2nd degree decls took 0 
658128     INFO  Test worker     d.u.i.k.n.KeyIO           Parsing took 0 ms 
658128     DEBUG Test worker     d.u.i.k.n.KeyIO           Load declarations of de.uka.ilkd.key.nparser.KeyAst$File:  <unknown>:1#1 
658128     INFO  Test worker     d.u.i.k.n.KeyIO           MODE: declarations took 0 ms 
658128     DEBUG Test worker     d.u.i.k.n.KeyIO           MODE: 2nd degree decls took 0 
658128     INFO  Test worker     d.u.i.k.n.KeyIO           Parsing took 0 ms 
658128     DEBUG Test worker     d.u.i.k.n.KeyIO           Load declarations of de.uka.ilkd.key.nparser.KeyAst$File:  <unknown>:1#1 
658128     INFO  Test worker     d.u.i.k.n.KeyIO           MODE: declarations took 0 ms 
658128     DEBUG Test worker     d.u.i.k.n.KeyIO           MODE: 2nd degree decls took 0 
658128     INFO  Test worker     d.u.i.k.n.KeyIO           Parsing took 0 ms 
658128     DEBUG Test worker     d.u.i.k.n.KeyIO           Load declarations of de.uka.ilkd.key.nparser.KeyAst$File:  <unknown>:1#1 
658128     INFO  Test worker     d.u.i.k.n.KeyIO           MODE: declarations took 0 ms 
658128     DEBUG Test worker     d.u.i.k.n.KeyIO           MODE: 2nd degree decls took 0 
658128     INFO  Test worker     d.u.i.k.n.KeyIO           Parsing took 0 ms 
658128     DEBUG Test worker     d.u.i.k.n.KeyIO           Load declarations of de.uka.ilkd.key.nparser.KeyAst$File:  <unknown>:1#1 
658128     INFO  Test worker     d.u.i.k.n.KeyIO           MODE: declarations took 0 ms 
658128     DEBUG Test worker     d.u.i.k.n.KeyIO           MODE: 2nd degree decls took 0 
658128     INFO  Test worker     d.u.i.k.n.KeyIO           Parsing took 0 ms 
658128     DEBUG Test worker     d.u.i.k.n.KeyIO           Load declarations of de.uka.ilkd.key.nparser.KeyAst$File:  <unknown>:1#1 
658128     INFO  Test worker     d.u.i.k.n.KeyIO           MODE: declarations took 0 ms 
658128     DEBUG Test worker     d.u.i.k.n.KeyIO           MODE: 2nd degree decls took 0 
663539     INFO  Test worker     d.u.i.k.n.KeyIO           Parsing took 0 ms 
663539     DEBUG Test worker     d.u.i.k.n.KeyIO           Load declarations of de.uka.ilkd.key.nparser.KeyAst$File:  <unknown>:1#1 
663554     INFO  Test worker     d.u.i.k.n.KeyIO           MODE: declarations took 15 ms 
663554     DEBUG Test worker     d.u.i.k.n.KeyIO           MODE: 2nd degree decls took 0 
663554     INFO  Test worker     d.u.i.k.n.KeyIO           Parsing took 0 ms 
663554     DEBUG Test worker     d.u.i.k.n.KeyIO           Load declarations of de.uka.ilkd.key.nparser.KeyAst$File:  <unknown>:1#1 
663554     INFO  Test worker     d.u.i.k.n.KeyIO           MODE: declarations took 0 ms 
663554     DEBUG Test worker     d.u.i.k.n.KeyIO           MODE: 2nd degree decls took 0 
663554     INFO  Test worker     d.u.i.k.n.KeyIO           Parsing took 0 ms 
663554     DEBUG Test worker     d.u.i.k.n.KeyIO           Load declarations of de.uka.ilkd.key.nparser.KeyAst$File:  <unknown>:1#1 
663554     INFO  Test worker     d.u.i.k.n.KeyIO           MODE: declarations took 0 ms 
663554     DEBUG Test worker     d.u.i.k.n.KeyIO           MODE: 2nd degree decls took 0 
663554     INFO  Test worker     d.u.i.k.n.KeyIO           Parsing took 0 ms 
663554     DEBUG Test worker     d.u.i.k.n.KeyIO           Load declarations of de.uka.ilkd.key.nparser.KeyAst$File:  <unknown>:1#1 
663554     INFO  Test worker     d.u.i.k.n.KeyIO           MODE: declarations took 0 ms 
663554     DEBUG Test worker     d.u.i.k.n.KeyIO           MODE: 2nd degree decls took 0 
663554     INFO  Test worker     d.u.i.k.n.KeyIO           Parsing took 0 ms 
663554     DEBUG Test worker     d.u.i.k.n.KeyIO           Load declarations of de.uka.ilkd.key.nparser.KeyAst$File:  <unknown>:1#1 
663554     INFO  Test worker     d.u.i.k.n.KeyIO           MODE: declarations took 0 ms 
663554     DEBUG Test worker     d.u.i.k.n.KeyIO           MODE: 2nd degree decls took 0 
668915     INFO  Test worker     d.u.i.k.n.KeyIO           Parsing took 0 ms 
668915     DEBUG Test worker     d.u.i.k.n.KeyIO           Load declarations of de.uka.ilkd.key.nparser.KeyAst$File:  <unknown>:1#1 
668915     INFO  Test worker     d.u.i.k.n.KeyIO           MODE: declarations took 0 ms 
668915     DEBUG Test worker     d.u.i.k.n.KeyIO           MODE: 2nd degree decls took 0 
668915     INFO  Test worker     d.u.i.k.n.KeyIO           Parsing took 0 ms 
668915     DEBUG Test worker     d.u.i.k.n.KeyIO           Load declarations of de.uka.ilkd.key.nparser.KeyAst$File:  <unknown>:1#1 
668915     INFO  Test worker     d.u.i.k.n.KeyIO           MODE: declarations took 0 ms 
668915     DEBUG Test worker     d.u.i.k.n.KeyIO           MODE: 2nd degree decls took 0 
668915     INFO  Test worker     d.u.i.k.n.KeyIO           Parsing took 0 ms 
668915     DEBUG Test worker     d.u.i.k.n.KeyIO           Load declarations of de.uka.ilkd.key.nparser.KeyAst$File:  <unknown>:1#1 
668915     INFO  Test worker     d.u.i.k.n.KeyIO           MODE: declarations took 0 ms 
668915     DEBUG Test worker     d.u.i.k.n.KeyIO           MODE: 2nd degree decls took 0 
668915     INFO  Test worker     d.u.i.k.n.KeyIO           Parsing took 0 ms 
668915     DEBUG Test worker     d.u.i.k.n.KeyIO           Load declarations of de.uka.ilkd.key.nparser.KeyAst$File:  <unknown>:1#1 
668915     INFO  Test worker     d.u.i.k.n.KeyIO           MODE: declarations took 0 ms 
668915     DEBUG Test worker     d.u.i.k.n.KeyIO           MODE: 2nd degree decls took 0 
668915     INFO  Test worker     d.u.i.k.n.KeyIO           Parsing took 0 ms 
668915     DEBUG Test worker     d.u.i.k.n.KeyIO           Load declarations of de.uka.ilkd.key.nparser.KeyAst$File:  <unknown>:1#1 
668930     INFO  Test worker     d.u.i.k.n.KeyIO           MODE: declarations took 15 ms 
668930     DEBUG Test worker     d.u.i.k.n.KeyIO           MODE: 2nd degree decls took 0 
674306     INFO  Test worker     d.u.i.k.n.KeyIO           Parsing took 0 ms 
674306     DEBUG Test worker     d.u.i.k.n.KeyIO           Load declarations of de.uka.ilkd.key.nparser.KeyAst$File:  <unknown>:1#1 
674306     INFO  Test worker     d.u.i.k.n.KeyIO           MODE: declarations took 0 ms 
674306     DEBUG Test worker     d.u.i.k.n.KeyIO           MODE: 2nd degree decls took 0 
674306     INFO  Test worker     d.u.i.k.n.KeyIO           Parsing took 0 ms 
674306     DEBUG Test worker     d.u.i.k.n.KeyIO           Load declarations of de.uka.ilkd.key.nparser.KeyAst$File:  <unknown>:1#1 
674306     INFO  Test worker     d.u.i.k.n.KeyIO           MODE: declarations took 0 ms 
674306     DEBUG Test worker     d.u.i.k.n.KeyIO           MODE: 2nd degree decls took 0 
674321     INFO  Test worker     d.u.i.k.n.KeyIO           Parsing took 0 ms 
674321     DEBUG Test worker     d.u.i.k.n.KeyIO           Load declarations of de.uka.ilkd.key.nparser.KeyAst$File:  <unknown>:1#1 
674321     INFO  Test worker     d.u.i.k.n.KeyIO           MODE: declarations took 0 ms 
674321     DEBUG Test worker     d.u.i.k.n.KeyIO           MODE: 2nd degree decls took 0 
674321     INFO  Test worker     d.u.i.k.n.KeyIO           Parsing took 0 ms 
674321     DEBUG Test worker     d.u.i.k.n.KeyIO           Load declarations of de.uka.ilkd.key.nparser.KeyAst$File:  <unknown>:1#1 
674321     INFO  Test worker     d.u.i.k.n.KeyIO           MODE: declarations took 0 ms 
674321     DEBUG Test worker     d.u.i.k.n.KeyIO           MODE: 2nd degree decls took 0 
674321     INFO  Test worker     d.u.i.k.n.KeyIO           Parsing took 0 ms 
674321     DEBUG Test worker     d.u.i.k.n.KeyIO           Load declarations of de.uka.ilkd.key.nparser.KeyAst$File:  <unknown>:1#1 
674321     INFO  Test worker     d.u.i.k.n.KeyIO           MODE: declarations took 0 ms 
674321     DEBUG Test worker     d.u.i.k.n.KeyIO           MODE: 2nd degree decls took 0 
679633     INFO  Test worker     d.u.i.k.n.KeyIO           Parsing took 0 ms 
679633     DEBUG Test worker     d.u.i.k.n.KeyIO           Load declarations of de.uka.ilkd.key.nparser.KeyAst$File:  <unknown>:1#1 
679633     INFO  Test worker     d.u.i.k.n.KeyIO           MODE: declarations took 0 ms 
679633     DEBUG Test worker     d.u.i.k.n.KeyIO           MODE: 2nd degree decls took 0 
679633     INFO  Test worker     d.u.i.k.n.KeyIO           Parsing took 0 ms 
679633     DEBUG Test worker     d.u.i.k.n.KeyIO           Load declarations of de.uka.ilkd.key.nparser.KeyAst$File:  <unknown>:1#1 
679633     INFO  Test worker     d.u.i.k.n.KeyIO           MODE: declarations took 0 ms 
679633     DEBUG Test worker     d.u.i.k.n.KeyIO           MODE: 2nd degree decls took 0 
679633     INFO  Test worker     d.u.i.k.n.KeyIO           Parsing took 0 ms 
679633     DEBUG Test worker     d.u.i.k.n.KeyIO           Load declarations of de.uka.ilkd.key.nparser.KeyAst$File:  <unknown>:1#1 
679633     INFO  Test worker     d.u.i.k.n.KeyIO           MODE: declarations took 0 ms 
679633     DEBUG Test worker     d.u.i.k.n.KeyIO           MODE: 2nd degree decls took 0 
679633     INFO  Test worker     d.u.i.k.n.KeyIO           Parsing took 0 ms 
679633     DEBUG Test worker     d.u.i.k.n.KeyIO           Load declarations of de.uka.ilkd.key.nparser.KeyAst$File:  <unknown>:1#1 
679633     INFO  Test worker     d.u.i.k.n.KeyIO           MODE: declarations took 0 ms 
679633     DEBUG Test worker     d.u.i.k.n.KeyIO           MODE: 2nd degree decls took 0 
679633     INFO  Test worker     d.u.i.k.n.KeyIO           Parsing took 0 ms 
679633     DEBUG Test worker     d.u.i.k.n.KeyIO           Load declarations of de.uka.ilkd.key.nparser.KeyAst$File:  <unknown>:1#1 
679633     INFO  Test worker     d.u.i.k.n.KeyIO           MODE: declarations took 0 ms 
679633     DEBUG Test worker     d.u.i.k.n.KeyIO           MODE: 2nd degree decls took 0 
684950     INFO  Test worker     d.u.i.k.n.KeyIO           Parsing took 0 ms 
684950     DEBUG Test worker     d.u.i.k.n.KeyIO           Load declarations of de.uka.ilkd.key.nparser.KeyAst$File:  <unknown>:1#1 
684950     INFO  Test worker     d.u.i.k.n.KeyIO           MODE: declarations took 0 ms 
684950     DEBUG Test worker     d.u.i.k.n.KeyIO           MODE: 2nd degree decls took 0 
684950     INFO  Test worker     d.u.i.k.n.KeyIO           Parsing took 0 ms 
684950     DEBUG Test worker     d.u.i.k.n.KeyIO           Load declarations of de.uka.ilkd.key.nparser.KeyAst$File:  <unknown>:1#1 
684950     INFO  Test worker     d.u.i.k.n.KeyIO           MODE: declarations took 0 ms 
684950     DEBUG Test worker     d.u.i.k.n.KeyIO           MODE: 2nd degree decls took 0 
684950     INFO  Test worker     d.u.i.k.n.KeyIO           Parsing took 0 ms 
684950     DEBUG Test worker     d.u.i.k.n.KeyIO           Load declarations of de.uka.ilkd.key.nparser.KeyAst$File:  <unknown>:1#1 
684950     INFO  Test worker     d.u.i.k.n.KeyIO           MODE: declarations took 0 ms 
684950     DEBUG Test worker     d.u.i.k.n.KeyIO           MODE: 2nd degree decls took 0 
684950     INFO  Test worker     d.u.i.k.n.KeyIO           Parsing took 0 ms 
684950     DEBUG Test worker     d.u.i.k.n.KeyIO           Load declarations of de.uka.ilkd.key.nparser.KeyAst$File:  <unknown>:1#1 
684950     INFO  Test worker     d.u.i.k.n.KeyIO           MODE: declarations took 0 ms 
684950     DEBUG Test worker     d.u.i.k.n.KeyIO           MODE: 2nd degree decls took 0 
684950     INFO  Test worker     d.u.i.k.n.KeyIO           Parsing took 0 ms 
684950     DEBUG Test worker     d.u.i.k.n.KeyIO           Load declarations of de.uka.ilkd.key.nparser.KeyAst$File:  <unknown>:1#1 
684950     INFO  Test worker     d.u.i.k.n.KeyIO           MODE: declarations took 0 ms 
684950     DEBUG Test worker     d.u.i.k.n.KeyIO           MODE: 2nd degree decls took 0 
690343     INFO  Test worker     d.u.i.k.n.KeyIO           Parsing took 0 ms 
690343     DEBUG Test worker     d.u.i.k.n.KeyIO           Load declarations of de.uka.ilkd.key.nparser.KeyAst$File:  <unknown>:1#1 
690343     INFO  Test worker     d.u.i.k.n.KeyIO           MODE: declarations took 0 ms 
690343     DEBUG Test worker     d.u.i.k.n.KeyIO           MODE: 2nd degree decls took 0 
690343     INFO  Test worker     d.u.i.k.n.KeyIO           Parsing took 0 ms 
690343     DEBUG Test worker     d.u.i.k.n.KeyIO           Load declarations of de.uka.ilkd.key.nparser.KeyAst$File:  <unknown>:1#1 
690343     INFO  Test worker     d.u.i.k.n.KeyIO           MODE: declarations took 0 ms 
690343     DEBUG Test worker     d.u.i.k.n.KeyIO           MODE: 2nd degree decls took 0 
690343     INFO  Test worker     d.u.i.k.n.KeyIO           Parsing took 0 ms 
690343     DEBUG Test worker     d.u.i.k.n.KeyIO           Load declarations of de.uka.ilkd.key.nparser.KeyAst$File:  <unknown>:1#1 
690343     INFO  Test worker     d.u.i.k.n.KeyIO           MODE: declarations took 0 ms 
690343     DEBUG Test worker     d.u.i.k.n.KeyIO           MODE: 2nd degree decls took 0 
690343     INFO  Test worker     d.u.i.k.n.KeyIO           Parsing took 0 ms 
690343     DEBUG Test worker     d.u.i.k.n.KeyIO           Load declarations of de.uka.ilkd.key.nparser.KeyAst$File:  <unknown>:1#1 
690343     INFO  Test worker     d.u.i.k.n.KeyIO           MODE: declarations took 0 ms 
690343     DEBUG Test worker     d.u.i.k.n.KeyIO           MODE: 2nd degree decls took 0 
690343     INFO  Test worker     d.u.i.k.n.KeyIO           Parsing took 0 ms 
690343     DEBUG Test worker     d.u.i.k.n.KeyIO           Load declarations of de.uka.ilkd.key.nparser.KeyAst$File:  <unknown>:1#1 
690343     INFO  Test worker     d.u.i.k.n.KeyIO           MODE: declarations took 0 ms 
690343     DEBUG Test worker     d.u.i.k.n.KeyIO           MODE: 2nd degree decls took 0 
695672     INFO  Test worker     d.u.i.k.n.KeyIO           Parsing took 0 ms 
695672     DEBUG Test worker     d.u.i.k.n.KeyIO           Load declarations of de.uka.ilkd.key.nparser.KeyAst$File:  <unknown>:1#1 
695672     INFO  Test worker     d.u.i.k.n.KeyIO           MODE: declarations took 0 ms 
695672     DEBUG Test worker     d.u.i.k.n.KeyIO           MODE: 2nd degree decls took 0 
695672     INFO  Test worker     d.u.i.k.n.KeyIO           Parsing took 0 ms 
695672     DEBUG Test worker     d.u.i.k.n.KeyIO           Load declarations of de.uka.ilkd.key.nparser.KeyAst$File:  <unknown>:1#1 
695672     INFO  Test worker     d.u.i.k.n.KeyIO           MODE: declarations took 0 ms 
695672     DEBUG Test worker     d.u.i.k.n.KeyIO           MODE: 2nd degree decls took 0 
695672     INFO  Test worker     d.u.i.k.n.KeyIO           Parsing took 0 ms 
695672     DEBUG Test worker     d.u.i.k.n.KeyIO           Load declarations of de.uka.ilkd.key.nparser.KeyAst$File:  <unknown>:1#1 
695672     INFO  Test worker     d.u.i.k.n.KeyIO           MODE: declarations took 0 ms 
695672     DEBUG Test worker     d.u.i.k.n.KeyIO           MODE: 2nd degree decls took 0 
695672     INFO  Test worker     d.u.i.k.n.KeyIO           Parsing took 0 ms 
695672     DEBUG Test worker     d.u.i.k.n.KeyIO           Load declarations of de.uka.ilkd.key.nparser.KeyAst$File:  <unknown>:1#1 
695672     INFO  Test worker     d.u.i.k.n.KeyIO           MODE: declarations took 0 ms 
695672     DEBUG Test worker     d.u.i.k.n.KeyIO           MODE: 2nd degree decls took 0 
695672     INFO  Test worker     d.u.i.k.n.KeyIO           Parsing took 0 ms 
695672     DEBUG Test worker     d.u.i.k.n.KeyIO           Load declarations of de.uka.ilkd.key.nparser.KeyAst$File:  <unknown>:1#1 
695672     INFO  Test worker     d.u.i.k.n.KeyIO           MODE: declarations took 0 ms 
695672     DEBUG Test worker     d.u.i.k.n.KeyIO           MODE: 2nd degree decls took 0 
701069     INFO  Test worker     d.u.i.k.n.KeyIO           Parsing took 0 ms 
701069     DEBUG Test worker     d.u.i.k.n.KeyIO           Load declarations of de.uka.ilkd.key.nparser.KeyAst$File:  <unknown>:1#1 
701069     INFO  Test worker     d.u.i.k.n.KeyIO           MODE: declarations took 0 ms 
701069     DEBUG Test worker     d.u.i.k.n.KeyIO           MODE: 2nd degree decls took 0 
701069     INFO  Test worker     d.u.i.k.n.KeyIO           Parsing took 0 ms 
701069     DEBUG Test worker     d.u.i.k.n.KeyIO           Load declarations of de.uka.ilkd.key.nparser.KeyAst$File:  <unknown>:1#1 
701069     INFO  Test worker     d.u.i.k.n.KeyIO           MODE: declarations took 0 ms 
701069     DEBUG Test worker     d.u.i.k.n.KeyIO           MODE: 2nd degree decls took 0 
701069     INFO  Test worker     d.u.i.k.n.KeyIO           Parsing took 0 ms 
701069     DEBUG Test worker     d.u.i.k.n.KeyIO           Load declarations of de.uka.ilkd.key.nparser.KeyAst$File:  <unknown>:1#1 
701069     INFO  Test worker     d.u.i.k.n.KeyIO           MODE: declarations took 0 ms 
701069     DEBUG Test worker     d.u.i.k.n.KeyIO           MODE: 2nd degree decls took 0 
701069     INFO  Test worker     d.u.i.k.n.KeyIO           Parsing took 0 ms 
701069     DEBUG Test worker     d.u.i.k.n.KeyIO           Load declarations of de.uka.ilkd.key.nparser.KeyAst$File:  <unknown>:1#1 
701069     INFO  Test worker     d.u.i.k.n.KeyIO           MODE: declarations took 0 ms 
701069     DEBUG Test worker     d.u.i.k.n.KeyIO           MODE: 2nd degree decls took 0 
701069     INFO  Test worker     d.u.i.k.n.KeyIO           Parsing took 0 ms 
701069     DEBUG Test worker     d.u.i.k.n.KeyIO           Load declarations of de.uka.ilkd.key.nparser.KeyAst$File:  <unknown>:1#1 
701069     INFO  Test worker     d.u.i.k.n.KeyIO           MODE: declarations took 0 ms 
701069     DEBUG Test worker     d.u.i.k.n.KeyIO           MODE: 2nd degree decls took 0 
706412     INFO  Test worker     d.u.i.k.n.KeyIO           Parsing took 0 ms 
706412     DEBUG Test worker     d.u.i.k.n.KeyIO           Load declarations of de.uka.ilkd.key.nparser.KeyAst$File:  <unknown>:1#1 
706412     INFO  Test worker     d.u.i.k.n.KeyIO           MODE: declarations took 0 ms 
706412     DEBUG Test worker     d.u.i.k.n.KeyIO           MODE: 2nd degree decls took 0 
706412     INFO  Test worker     d.u.i.k.n.KeyIO           Parsing took 0 ms 
706412     DEBUG Test worker     d.u.i.k.n.KeyIO           Load declarations of de.uka.ilkd.key.nparser.KeyAst$File:  <unknown>:1#1 
706412     INFO  Test worker     d.u.i.k.n.KeyIO           MODE: declarations took 0 ms 
706412     DEBUG Test worker     d.u.i.k.n.KeyIO           MODE: 2nd degree decls took 0 
706412     INFO  Test worker     d.u.i.k.n.KeyIO           Parsing took 0 ms 
706412     DEBUG Test worker     d.u.i.k.n.KeyIO           Load declarations of de.uka.ilkd.key.nparser.KeyAst$File:  <unknown>:1#1 
706412     INFO  Test worker     d.u.i.k.n.KeyIO           MODE: declarations took 0 ms 
706412     DEBUG Test worker     d.u.i.k.n.KeyIO           MODE: 2nd degree decls took 0 
706412     INFO  Test worker     d.u.i.k.n.KeyIO           Parsing took 0 ms 
706412     DEBUG Test worker     d.u.i.k.n.KeyIO           Load declarations of de.uka.ilkd.key.nparser.KeyAst$File:  <unknown>:1#1 
706412     INFO  Test worker     d.u.i.k.n.KeyIO           MODE: declarations took 0 ms 
706412     DEBUG Test worker     d.u.i.k.n.KeyIO           MODE: 2nd degree decls took 0 
706412     INFO  Test worker     d.u.i.k.n.KeyIO           Parsing took 0 ms 
706412     DEBUG Test worker     d.u.i.k.n.KeyIO           Load declarations of de.uka.ilkd.key.nparser.KeyAst$File:  <unknown>:1#1 
706412     INFO  Test worker     d.u.i.k.n.KeyIO           MODE: declarations took 0 ms 
706412     DEBUG Test worker     d.u.i.k.n.KeyIO           MODE: 2nd degree decls took 0 
711701     INFO  Test worker     d.u.i.k.n.KeyIO           Parsing took 0 ms 
711701     DEBUG Test worker     d.u.i.k.n.KeyIO           Load declarations of de.uka.ilkd.key.nparser.KeyAst$File:  <unknown>:1#1 
711701     INFO  Test worker     d.u.i.k.n.KeyIO           MODE: declarations took 0 ms 
711701     DEBUG Test worker     d.u.i.k.n.KeyIO           MODE: 2nd degree decls took 0 
711701     INFO  Test worker     d.u.i.k.n.KeyIO           Parsing took 0 ms 
711701     DEBUG Test worker     d.u.i.k.n.KeyIO           Load declarations of de.uka.ilkd.key.nparser.KeyAst$File:  <unknown>:1#1 
711701     INFO  Test worker     d.u.i.k.n.KeyIO           MODE: declarations took 0 ms 
711701     DEBUG Test worker     d.u.i.k.n.KeyIO           MODE: 2nd degree decls took 0 
711701     INFO  Test worker     d.u.i.k.n.KeyIO           Parsing took 0 ms 
711701     DEBUG Test worker     d.u.i.k.n.KeyIO           Load declarations of de.uka.ilkd.key.nparser.KeyAst$File:  <unknown>:1#1 
711701     INFO  Test worker     d.u.i.k.n.KeyIO           MODE: declarations took 0 ms 
711701     DEBUG Test worker     d.u.i.k.n.KeyIO           MODE: 2nd degree decls took 0 
711701     INFO  Test worker     d.u.i.k.n.KeyIO           Parsing took 0 ms 
711701     DEBUG Test worker     d.u.i.k.n.KeyIO           Load declarations of de.uka.ilkd.key.nparser.KeyAst$File:  <unknown>:1#1 
711701     INFO  Test worker     d.u.i.k.n.KeyIO           MODE: declarations took 0 ms 
711701     DEBUG Test worker     d.u.i.k.n.KeyIO           MODE: 2nd degree decls took 0 
711701     INFO  Test worker     d.u.i.k.n.KeyIO           Parsing took 0 ms 
711701     DEBUG Test worker     d.u.i.k.n.KeyIO           Load declarations of de.uka.ilkd.key.nparser.KeyAst$File:  <unknown>:1#1 
711701     INFO  Test worker     d.u.i.k.n.KeyIO           MODE: declarations took 0 ms 
711701     DEBUG Test worker     d.u.i.k.n.KeyIO           MODE: 2nd degree decls took 0 
717104     INFO  Test worker     d.u.i.k.n.KeyIO           Parsing took 0 ms 
717104     DEBUG Test worker     d.u.i.k.n.KeyIO           Load declarations of de.uka.ilkd.key.nparser.KeyAst$File:  <unknown>:1#1 
717104     INFO  Test worker     d.u.i.k.n.KeyIO           MODE: declarations took 0 ms 
717104     DEBUG Test worker     d.u.i.k.n.KeyIO           MODE: 2nd degree decls took 0 
717104     INFO  Test worker     d.u.i.k.n.KeyIO           Parsing took 0 ms 
717119     DEBUG Test worker     d.u.i.k.n.KeyIO           Load declarations of de.uka.ilkd.key.nparser.KeyAst$File:  <unknown>:1#1 
717119     INFO  Test worker     d.u.i.k.n.KeyIO           MODE: declarations took 0 ms 
717119     DEBUG Test worker     d.u.i.k.n.KeyIO           MODE: 2nd degree decls took 0 
717119     INFO  Test worker     d.u.i.k.n.KeyIO           Parsing took 0 ms 
717119     DEBUG Test worker     d.u.i.k.n.KeyIO           Load declarations of de.uka.ilkd.key.nparser.KeyAst$File:  <unknown>:1#1 
717119     INFO  Test worker     d.u.i.k.n.KeyIO           MODE: declarations took 0 ms 
717119     DEBUG Test worker     d.u.i.k.n.KeyIO           MODE: 2nd degree decls took 0 
717119     INFO  Test worker     d.u.i.k.n.KeyIO           Parsing took 0 ms 
717119     DEBUG Test worker     d.u.i.k.n.KeyIO           Load declarations of de.uka.ilkd.key.nparser.KeyAst$File:  <unknown>:1#1 
717119     INFO  Test worker     d.u.i.k.n.KeyIO           MODE: declarations took 0 ms 
717119     DEBUG Test worker     d.u.i.k.n.KeyIO           MODE: 2nd degree decls took 0 
717119     INFO  Test worker     d.u.i.k.n.KeyIO           Parsing took 0 ms 
717119     DEBUG Test worker     d.u.i.k.n.KeyIO           Load declarations of de.uka.ilkd.key.nparser.KeyAst$File:  <unknown>:1#1 
717119     INFO  Test worker     d.u.i.k.n.KeyIO           MODE: declarations took 0 ms 
717119     DEBUG Test worker     d.u.i.k.n.KeyIO           MODE: 2nd degree decls took 0 
722388     INFO  Test worker     d.u.i.k.n.KeyIO           Parsing took 0 ms 
722388     DEBUG Test worker     d.u.i.k.n.KeyIO           Load declarations of de.uka.ilkd.key.nparser.KeyAst$File:  <unknown>:1#1 
722388     INFO  Test worker     d.u.i.k.n.KeyIO           MODE: declarations took 0 ms 
722388     DEBUG Test worker     d.u.i.k.n.KeyIO           MODE: 2nd degree decls took 0 
722388     INFO  Test worker     d.u.i.k.n.KeyIO           Parsing took 0 ms 
722388     DEBUG Test worker     d.u.i.k.n.KeyIO           Load declarations of de.uka.ilkd.key.nparser.KeyAst$File:  <unknown>:1#1 
722388     INFO  Test worker     d.u.i.k.n.KeyIO           MODE: declarations took 0 ms 
722388     DEBUG Test worker     d.u.i.k.n.KeyIO           MODE: 2nd degree decls took 0 
722388     INFO  Test worker     d.u.i.k.n.KeyIO           Parsing took 0 ms 
722388     DEBUG Test worker     d.u.i.k.n.KeyIO           Load declarations of de.uka.ilkd.key.nparser.KeyAst$File:  <unknown>:1#1 
722388     INFO  Test worker     d.u.i.k.n.KeyIO           MODE: declarations took 0 ms 
722388     DEBUG Test worker     d.u.i.k.n.KeyIO           MODE: 2nd degree decls took 0 
722388     INFO  Test worker     d.u.i.k.n.KeyIO           Parsing took 0 ms 
722388     DEBUG Test worker     d.u.i.k.n.KeyIO           Load declarations of de.uka.ilkd.key.nparser.KeyAst$File:  <unknown>:1#1 
722388     INFO  Test worker     d.u.i.k.n.KeyIO           MODE: declarations took 0 ms 
722388     DEBUG Test worker     d.u.i.k.n.KeyIO           MODE: 2nd degree decls took 0 
722388     INFO  Test worker     d.u.i.k.n.KeyIO           Parsing took 0 ms 
722388     DEBUG Test worker     d.u.i.k.n.KeyIO           Load declarations of de.uka.ilkd.key.nparser.KeyAst$File:  <unknown>:1#1 
722388     INFO  Test worker     d.u.i.k.n.KeyIO           MODE: declarations took 0 ms 
722388     DEBUG Test worker     d.u.i.k.n.KeyIO           MODE: 2nd degree decls took 0 
727618     INFO  Test worker     d.u.i.k.n.KeyIO           Parsing took 0 ms 
727618     DEBUG Test worker     d.u.i.k.n.KeyIO           Load declarations of de.uka.ilkd.key.nparser.KeyAst$File:  <unknown>:1#1 
727618     INFO  Test worker     d.u.i.k.n.KeyIO           MODE: declarations took 0 ms 
727618     DEBUG Test worker     d.u.i.k.n.KeyIO           MODE: 2nd degree decls took 0 
727618     INFO  Test worker     d.u.i.k.n.KeyIO           Parsing took 0 ms 
727618     DEBUG Test worker     d.u.i.k.n.KeyIO           Load declarations of de.uka.ilkd.key.nparser.KeyAst$File:  <unknown>:1#1 
727618     INFO  Test worker     d.u.i.k.n.KeyIO           MODE: declarations took 0 ms 
727618     DEBUG Test worker     d.u.i.k.n.KeyIO           MODE: 2nd degree decls took 0 
727618     INFO  Test worker     d.u.i.k.n.KeyIO           Parsing took 0 ms 
727618     DEBUG Test worker     d.u.i.k.n.KeyIO           Load declarations of de.uka.ilkd.key.nparser.KeyAst$File:  <unknown>:1#1 
727618     INFO  Test worker     d.u.i.k.n.KeyIO           MODE: declarations took 0 ms 
727618     DEBUG Test worker     d.u.i.k.n.KeyIO           MODE: 2nd degree decls took 0 
727618     INFO  Test worker     d.u.i.k.n.KeyIO           Parsing took 0 ms 
727618     DEBUG Test worker     d.u.i.k.n.KeyIO           Load declarations of de.uka.ilkd.key.nparser.KeyAst$File:  <unknown>:1#1 
727618     INFO  Test worker     d.u.i.k.n.KeyIO           MODE: declarations took 0 ms 
727618     DEBUG Test worker     d.u.i.k.n.KeyIO           MODE: 2nd degree decls took 0 
727618     INFO  Test worker     d.u.i.k.n.KeyIO           Parsing took 0 ms 
727618     DEBUG Test worker     d.u.i.k.n.KeyIO           Load declarations of de.uka.ilkd.key.nparser.KeyAst$File:  <unknown>:1#1 
727618     INFO  Test worker     d.u.i.k.n.KeyIO           MODE: declarations took 0 ms 
727618     DEBUG Test worker     d.u.i.k.n.KeyIO           MODE: 2nd degree decls took 0 
732845     INFO  Test worker     d.u.i.k.n.KeyIO           Parsing took 0 ms 
732845     DEBUG Test worker     d.u.i.k.n.KeyIO           Load declarations of de.uka.ilkd.key.nparser.KeyAst$File:  <unknown>:1#1 
732845     INFO  Test worker     d.u.i.k.n.KeyIO           MODE: declarations took 0 ms 
732845     DEBUG Test worker     d.u.i.k.n.KeyIO           MODE: 2nd degree decls took 0 
732845     INFO  Test worker     d.u.i.k.n.KeyIO           Parsing took 0 ms 
732845     DEBUG Test worker     d.u.i.k.n.KeyIO           Load declarations of de.uka.ilkd.key.nparser.KeyAst$File:  <unknown>:1#1 
732845     INFO  Test worker     d.u.i.k.n.KeyIO           MODE: declarations took 0 ms 
732845     DEBUG Test worker     d.u.i.k.n.KeyIO           MODE: 2nd degree decls took 0 
732845     INFO  Test worker     d.u.i.k.n.KeyIO           Parsing took 0 ms 
732845     DEBUG Test worker     d.u.i.k.n.KeyIO           Load declarations of de.uka.ilkd.key.nparser.KeyAst$File:  <unknown>:1#1 
732845     INFO  Test worker     d.u.i.k.n.KeyIO           MODE: declarations took 0 ms 
732845     DEBUG Test worker     d.u.i.k.n.KeyIO           MODE: 2nd degree decls took 0 
732845     INFO  Test worker     d.u.i.k.n.KeyIO           Parsing took 0 ms 
732845     DEBUG Test worker     d.u.i.k.n.KeyIO           Load declarations of de.uka.ilkd.key.nparser.KeyAst$File:  <unknown>:1#1 
732845     INFO  Test worker     d.u.i.k.n.KeyIO           MODE: declarations took 0 ms 
732845     DEBUG Test worker     d.u.i.k.n.KeyIO           MODE: 2nd degree decls took 0 
732845     INFO  Test worker     d.u.i.k.n.KeyIO           Parsing took 0 ms 
732845     DEBUG Test worker     d.u.i.k.n.KeyIO           Load declarations of de.uka.ilkd.key.nparser.KeyAst$File:  <unknown>:1#1 
732845     INFO  Test worker     d.u.i.k.n.KeyIO           MODE: declarations took 0 ms 
732845     DEBUG Test worker     d.u.i.k.n.KeyIO           MODE: 2nd degree decls took 0 
738108     INFO  Test worker     d.u.i.k.n.KeyIO           Parsing took 0 ms 
738108     DEBUG Test worker     d.u.i.k.n.KeyIO           Load declarations of de.uka.ilkd.key.nparser.KeyAst$File:  <unknown>:1#1 
738108     INFO  Test worker     d.u.i.k.n.KeyIO           MODE: declarations took 0 ms 
738108     DEBUG Test worker     d.u.i.k.n.KeyIO           MODE: 2nd degree decls took 0 
738108     INFO  Test worker     d.u.i.k.n.KeyIO           Parsing took 0 ms 
738108     DEBUG Test worker     d.u.i.k.n.KeyIO           Load declarations of de.uka.ilkd.key.nparser.KeyAst$File:  <unknown>:1#1 
738108     INFO  Test worker     d.u.i.k.n.KeyIO           MODE: declarations took 0 ms 
738108     DEBUG Test worker     d.u.i.k.n.KeyIO           MODE: 2nd degree decls took 0 
738108     INFO  Test worker     d.u.i.k.n.KeyIO           Parsing took 0 ms 
738108     DEBUG Test worker     d.u.i.k.n.KeyIO           Load declarations of de.uka.ilkd.key.nparser.KeyAst$File:  <unknown>:1#1 
738108     INFO  Test worker     d.u.i.k.n.KeyIO           MODE: declarations took 0 ms 
738108     DEBUG Test worker     d.u.i.k.n.KeyIO           MODE: 2nd degree decls took 0 
738108     INFO  Test worker     d.u.i.k.n.KeyIO           Parsing took 0 ms 
738108     DEBUG Test worker     d.u.i.k.n.KeyIO           Load declarations of de.uka.ilkd.key.nparser.KeyAst$File:  <unknown>:1#1 
738108     INFO  Test worker     d.u.i.k.n.KeyIO           MODE: declarations took 0 ms 
738108     DEBUG Test worker     d.u.i.k.n.KeyIO           MODE: 2nd degree decls took 0 
738108     INFO  Test worker     d.u.i.k.n.KeyIO           Parsing took 0 ms 
738108     DEBUG Test worker     d.u.i.k.n.KeyIO           Load declarations of de.uka.ilkd.key.nparser.KeyAst$File:  <unknown>:1#1 
738108     INFO  Test worker     d.u.i.k.n.KeyIO           MODE: declarations took 0 ms 
738108     DEBUG Test worker     d.u.i.k.n.KeyIO           MODE: 2nd degree decls took 0 
743364     INFO  Test worker     d.u.i.k.n.KeyIO           Parsing took 0 ms 
743364     DEBUG Test worker     d.u.i.k.n.KeyIO           Load declarations of de.uka.ilkd.key.nparser.KeyAst$File:  <unknown>:1#1 
743364     INFO  Test worker     d.u.i.k.n.KeyIO           MODE: declarations took 0 ms 
743364     DEBUG Test worker     d.u.i.k.n.KeyIO           MODE: 2nd degree decls took 0 
743364     INFO  Test worker     d.u.i.k.n.KeyIO           Parsing took 0 ms 
743364     DEBUG Test worker     d.u.i.k.n.KeyIO           Load declarations of de.uka.ilkd.key.nparser.KeyAst$File:  <unknown>:1#1 
743364     INFO  Test worker     d.u.i.k.n.KeyIO           MODE: declarations took 0 ms 
743364     DEBUG Test worker     d.u.i.k.n.KeyIO           MODE: 2nd degree decls took 0 
743364     INFO  Test worker     d.u.i.k.n.KeyIO           Parsing took 0 ms 
743364     DEBUG Test worker     d.u.i.k.n.KeyIO           Load declarations of de.uka.ilkd.key.nparser.KeyAst$File:  <unknown>:1#1 
743364     INFO  Test worker     d.u.i.k.n.KeyIO           MODE: declarations took 0 ms 
743364     DEBUG Test worker     d.u.i.k.n.KeyIO           MODE: 2nd degree decls took 0 
743364     INFO  Test worker     d.u.i.k.n.KeyIO           Parsing took 0 ms 
743364     DEBUG Test worker     d.u.i.k.n.KeyIO           Load declarations of de.uka.ilkd.key.nparser.KeyAst$File:  <unknown>:1#1 
743364     INFO  Test worker     d.u.i.k.n.KeyIO           MODE: declarations took 0 ms 
743364     DEBUG Test worker     d.u.i.k.n.KeyIO           MODE: 2nd degree decls took 0 
743364     INFO  Test worker     d.u.i.k.n.KeyIO           Parsing took 0 ms 
743364     DEBUG Test worker     d.u.i.k.n.KeyIO           Load declarations of de.uka.ilkd.key.nparser.KeyAst$File:  <unknown>:1#1 
743364     INFO  Test worker     d.u.i.k.n.KeyIO           MODE: declarations took 0 ms 
743364     DEBUG Test worker     d.u.i.k.n.KeyIO           MODE: 2nd degree decls took 0 
748724     INFO  Test worker     d.u.i.k.n.KeyIO           Parsing took 0 ms 
748724     DEBUG Test worker     d.u.i.k.n.KeyIO           Load declarations of de.uka.ilkd.key.nparser.KeyAst$File:  <unknown>:1#1 
748724     INFO  Test worker     d.u.i.k.n.KeyIO           MODE: declarations took 0 ms 
748724     DEBUG Test worker     d.u.i.k.n.KeyIO           MODE: 2nd degree decls took 0 
748724     INFO  Test worker     d.u.i.k.n.KeyIO           Parsing took 0 ms 
748724     DEBUG Test worker     d.u.i.k.n.KeyIO           Load declarations of de.uka.ilkd.key.nparser.KeyAst$File:  <unknown>:1#1 
748724     INFO  Test worker     d.u.i.k.n.KeyIO           MODE: declarations took 0 ms 
748724     DEBUG Test worker     d.u.i.k.n.KeyIO           MODE: 2nd degree decls took 0 
748724     INFO  Test worker     d.u.i.k.n.KeyIO           Parsing took 0 ms 
748724     DEBUG Test worker     d.u.i.k.n.KeyIO           Load declarations of de.uka.ilkd.key.nparser.KeyAst$File:  <unknown>:1#1 
748724     INFO  Test worker     d.u.i.k.n.KeyIO           MODE: declarations took 0 ms 
748724     DEBUG Test worker     d.u.i.k.n.KeyIO           MODE: 2nd degree decls took 0 
748724     INFO  Test worker     d.u.i.k.n.KeyIO           Parsing took 0 ms 
748724     DEBUG Test worker     d.u.i.k.n.KeyIO           Load declarations of de.uka.ilkd.key.nparser.KeyAst$File:  <unknown>:1#1 
748724     INFO  Test worker     d.u.i.k.n.KeyIO           MODE: declarations took 0 ms 
748724     DEBUG Test worker     d.u.i.k.n.KeyIO           MODE: 2nd degree decls took 0 
748724     INFO  Test worker     d.u.i.k.n.KeyIO           Parsing took 0 ms 
748724     DEBUG Test worker     d.u.i.k.n.KeyIO           Load declarations of de.uka.ilkd.key.nparser.KeyAst$File:  <unknown>:1#1 
748724     INFO  Test worker     d.u.i.k.n.KeyIO           MODE: declarations took 0 ms 
748724     DEBUG Test worker     d.u.i.k.n.KeyIO           MODE: 2nd degree decls took 0 
754002     INFO  Test worker     d.u.i.k.n.KeyIO           Parsing took 0 ms 
754002     DEBUG Test worker     d.u.i.k.n.KeyIO           Load declarations of de.uka.ilkd.key.nparser.KeyAst$File:  <unknown>:1#1 
754002     INFO  Test worker     d.u.i.k.n.KeyIO           MODE: declarations took 0 ms 
754002     DEBUG Test worker     d.u.i.k.n.KeyIO           MODE: 2nd degree decls took 0 
754002     INFO  Test worker     d.u.i.k.n.KeyIO           Parsing took 0 ms 
754002     DEBUG Test worker     d.u.i.k.n.KeyIO           Load declarations of de.uka.ilkd.key.nparser.KeyAst$File:  <unknown>:1#1 
754002     INFO  Test worker     d.u.i.k.n.KeyIO           MODE: declarations took 0 ms 
754002     DEBUG Test worker     d.u.i.k.n.KeyIO           MODE: 2nd degree decls took 0 
754002     INFO  Test worker     d.u.i.k.n.KeyIO           Parsing took 0 ms 
754002     DEBUG Test worker     d.u.i.k.n.KeyIO           Load declarations of de.uka.ilkd.key.nparser.KeyAst$File:  <unknown>:1#1 
754002     INFO  Test worker     d.u.i.k.n.KeyIO           MODE: declarations took 0 ms 
754002     DEBUG Test worker     d.u.i.k.n.KeyIO           MODE: 2nd degree decls took 0 
754002     INFO  Test worker     d.u.i.k.n.KeyIO           Parsing took 0 ms 
754002     DEBUG Test worker     d.u.i.k.n.KeyIO           Load declarations of de.uka.ilkd.key.nparser.KeyAst$File:  <unknown>:1#1 
754002     INFO  Test worker     d.u.i.k.n.KeyIO           MODE: declarations took 0 ms 
754002     DEBUG Test worker     d.u.i.k.n.KeyIO           MODE: 2nd degree decls took 0 
754002     INFO  Test worker     d.u.i.k.n.KeyIO           Parsing took 0 ms 
754002     DEBUG Test worker     d.u.i.k.n.KeyIO           Load declarations of de.uka.ilkd.key.nparser.KeyAst$File:  <unknown>:1#1 
754002     INFO  Test worker     d.u.i.k.n.KeyIO           MODE: declarations took 0 ms 
754002     DEBUG Test worker     d.u.i.k.n.KeyIO           MODE: 2nd degree decls took 0 
759254     INFO  Test worker     d.u.i.k.n.KeyIO           Parsing took 0 ms 
759254     DEBUG Test worker     d.u.i.k.n.KeyIO           Load declarations of de.uka.ilkd.key.nparser.KeyAst$File:  <unknown>:1#1 
759254     INFO  Test worker     d.u.i.k.n.KeyIO           MODE: declarations took 0 ms 
759254     DEBUG Test worker     d.u.i.k.n.KeyIO           MODE: 2nd degree decls took 0 
759270     INFO  Test worker     d.u.i.k.n.KeyIO           Parsing took 16 ms 
759270     DEBUG Test worker     d.u.i.k.n.KeyIO           Load declarations of de.uka.ilkd.key.nparser.KeyAst$File:  <unknown>:1#1 
759270     INFO  Test worker     d.u.i.k.n.KeyIO           MODE: declarations took 0 ms 
759270     DEBUG Test worker     d.u.i.k.n.KeyIO           MODE: 2nd degree decls took 0 
759270     INFO  Test worker     d.u.i.k.n.KeyIO           Parsing took 0 ms 
759270     DEBUG Test worker     d.u.i.k.n.KeyIO           Load declarations of de.uka.ilkd.key.nparser.KeyAst$File:  <unknown>:1#1 
759270     INFO  Test worker     d.u.i.k.n.KeyIO           MODE: declarations took 0 ms 
759270     DEBUG Test worker     d.u.i.k.n.KeyIO           MODE: 2nd degree decls took 0 
759270     INFO  Test worker     d.u.i.k.n.KeyIO           Parsing took 0 ms 
759270     DEBUG Test worker     d.u.i.k.n.KeyIO           Load declarations of de.uka.ilkd.key.nparser.KeyAst$File:  <unknown>:1#1 
759270     INFO  Test worker     d.u.i.k.n.KeyIO           MODE: declarations took 0 ms 
759270     DEBUG Test worker     d.u.i.k.n.KeyIO           MODE: 2nd degree decls took 0 
759270     INFO  Test worker     d.u.i.k.n.KeyIO           Parsing took 0 ms 
759270     DEBUG Test worker     d.u.i.k.n.KeyIO           Load declarations of de.uka.ilkd.key.nparser.KeyAst$File:  <unknown>:1#1 
759270     INFO  Test worker     d.u.i.k.n.KeyIO           MODE: declarations took 0 ms 
759270     DEBUG Test worker     d.u.i.k.n.KeyIO           MODE: 2nd degree decls took 0 
764549     INFO  Test worker     d.u.i.k.n.KeyIO           Parsing took 0 ms 
764549     DEBUG Test worker     d.u.i.k.n.KeyIO           Load declarations of de.uka.ilkd.key.nparser.KeyAst$File:  <unknown>:1#1 
764549     INFO  Test worker     d.u.i.k.n.KeyIO           MODE: declarations took 0 ms 
764549     DEBUG Test worker     d.u.i.k.n.KeyIO           MODE: 2nd degree decls took 0 
764549     INFO  Test worker     d.u.i.k.n.KeyIO           Parsing took 0 ms 
764549     DEBUG Test worker     d.u.i.k.n.KeyIO           Load declarations of de.uka.ilkd.key.nparser.KeyAst$File:  <unknown>:1#1 
764549     INFO  Test worker     d.u.i.k.n.KeyIO           MODE: declarations took 0 ms 
764549     DEBUG Test worker     d.u.i.k.n.KeyIO           MODE: 2nd degree decls took 0 
764549     INFO  Test worker     d.u.i.k.n.KeyIO           Parsing took 0 ms 
764549     DEBUG Test worker     d.u.i.k.n.KeyIO           Load declarations of de.uka.ilkd.key.nparser.KeyAst$File:  <unknown>:1#1 
764549     INFO  Test worker     d.u.i.k.n.KeyIO           MODE: declarations took 0 ms 
764549     DEBUG Test worker     d.u.i.k.n.KeyIO           MODE: 2nd degree decls took 0 
764549     INFO  Test worker     d.u.i.k.n.KeyIO           Parsing took 0 ms 
764549     DEBUG Test worker     d.u.i.k.n.KeyIO           Load declarations of de.uka.ilkd.key.nparser.KeyAst$File:  <unknown>:1#1 
764549     INFO  Test worker     d.u.i.k.n.KeyIO           MODE: declarations took 0 ms 
764549     DEBUG Test worker     d.u.i.k.n.KeyIO           MODE: 2nd degree decls took 0 
764549     INFO  Test worker     d.u.i.k.n.KeyIO           Parsing took 0 ms 
764549     DEBUG Test worker     d.u.i.k.n.KeyIO           Load declarations of de.uka.ilkd.key.nparser.KeyAst$File:  <unknown>:1#1 
764549     INFO  Test worker     d.u.i.k.n.KeyIO           MODE: declarations took 0 ms 
764549     DEBUG Test worker     d.u.i.k.n.KeyIO           MODE: 2nd degree decls took 0 
]]></system-out>
  <system-err><![CDATA[]]></system-err>
</testsuite>
