<?xml version="1.0" encoding="UTF-8"?>
<testsuite name="de.uka.ilkd.key.java.TestContextStatementBlock" tests="1" skipped="0" failures="0" errors="0" timestamp="2023-06-05T13:05:29" hostname="fv-az1113-6" time="2.057">
  <properties/>
  <testcase name="testContextTermInstantiation()" classname="de.uka.ilkd.key.java.TestContextStatementBlock" time="2.057"/>
  <system-out><![CDATA[44369      INFO  Test worker     d.u.i.k.n.KeyIO           Parsing took 16 ms 
44370      DEBUG Test worker     d.u.i.k.n.KeyIO           Load declarations of de.uka.ilkd.key.nparser.KeyAst$File:  D:\a\key\key\key.core\src\test\resources\testcase\testrules.key:9#1 
44371      INFO  Test worker     d.u.i.k.n.KeyIO           MODE: declarations took 1 ms 
44371      DEBUG Test worker     d.u.i.k.n.KeyIO           MODE: 2nd degree decls took 0 
44522      DEBUG Test worker     d.u.i.k.n.KeyIO           MODE: taclets took 150ms 
]]></system-out>
  <system-err><![CDATA[]]></system-err>
</testsuite>
