<?xml version="1.0" encoding="UTF-8"?>
<testsuite name="de.uka.ilkd.key.parser.TestTermParserSorts" tests="2" skipped="0" failures="0" errors="0" timestamp="2023-06-05T13:17:36" hostname="fv-az1113-6" time="5.309">
  <properties/>
  <testcase name="testParseIntegerArgs()" classname="de.uka.ilkd.key.parser.TestTermParserSorts" time="0.024"/>
  <testcase name="testParseSequencePrettySyntax()" classname="de.uka.ilkd.key.parser.TestTermParserSorts" time="0.004"/>
  <system-out><![CDATA[769844     INFO  Test worker     d.u.i.k.n.KeyIO           Parsing took 0 ms 
769844     DEBUG Test worker     d.u.i.k.n.KeyIO           Load declarations of de.uka.ilkd.key.nparser.KeyAst$File:  <unknown>:1#1 
769844     INFO  Test worker     d.u.i.k.n.KeyIO           MODE: declarations took 0 ms 
769844     DEBUG Test worker     d.u.i.k.n.KeyIO           MODE: 2nd degree decls took 0 
769844     INFO  Test worker     d.u.i.k.n.KeyIO           Parsing took 0 ms 
769844     DEBUG Test worker     d.u.i.k.n.KeyIO           Load declarations of de.uka.ilkd.key.nparser.KeyAst$File:  <unknown>:1#1 
769844     INFO  Test worker     d.u.i.k.n.KeyIO           MODE: declarations took 0 ms 
769844     DEBUG Test worker     d.u.i.k.n.KeyIO           MODE: 2nd degree decls took 0 
769844     INFO  Test worker     d.u.i.k.n.KeyIO           Parsing took 0 ms 
769844     DEBUG Test worker     d.u.i.k.n.KeyIO           Load declarations of de.uka.ilkd.key.nparser.KeyAst$File:  <unknown>:1#1 
769844     INFO  Test worker     d.u.i.k.n.KeyIO           MODE: declarations took 0 ms 
769844     DEBUG Test worker     d.u.i.k.n.KeyIO           MODE: 2nd degree decls took 0 
775149     INFO  Test worker     d.u.i.k.n.KeyIO           Parsing took 0 ms 
775149     DEBUG Test worker     d.u.i.k.n.KeyIO           Load declarations of de.uka.ilkd.key.nparser.KeyAst$File:  <unknown>:1#1 
775149     INFO  Test worker     d.u.i.k.n.KeyIO           MODE: declarations took 0 ms 
775149     DEBUG Test worker     d.u.i.k.n.KeyIO           MODE: 2nd degree decls took 0 
775149     INFO  Test worker     d.u.i.k.n.KeyIO           Parsing took 0 ms 
775149     DEBUG Test worker     d.u.i.k.n.KeyIO           Load declarations of de.uka.ilkd.key.nparser.KeyAst$File:  <unknown>:1#1 
775149     INFO  Test worker     d.u.i.k.n.KeyIO           MODE: declarations took 0 ms 
775149     DEBUG Test worker     d.u.i.k.n.KeyIO           MODE: 2nd degree decls took 0 
775149     INFO  Test worker     d.u.i.k.n.KeyIO           Parsing took 0 ms 
775149     DEBUG Test worker     d.u.i.k.n.KeyIO           Load declarations of de.uka.ilkd.key.nparser.KeyAst$File:  <unknown>:1#1 
775149     INFO  Test worker     d.u.i.k.n.KeyIO           MODE: declarations took 0 ms 
775149     DEBUG Test worker     d.u.i.k.n.KeyIO           MODE: 2nd degree decls took 0 
]]></system-out>
  <system-err><![CDATA[]]></system-err>
</testsuite>
