<?xml version="1.0" encoding="UTF-8"?>
<testsuite name="de.uka.ilkd.key.parser.TestDeclParser" tests="14" skipped="2" failures="0" errors="0" timestamp="2023-06-05T13:11:13" hostname="fv-az1113-6" time="20.065">
  <properties/>
  <testcase name="testGenericSortDecl1()" classname="de.uka.ilkd.key.parser.TestDeclParser" time="1.716"/>
  <testcase name="testGenericSortDecl2()" classname="de.uka.ilkd.key.parser.TestDeclParser" time="1.654"/>
  <testcase name="testGenericSortDecl3()" classname="de.uka.ilkd.key.parser.TestDeclParser" time="1.698"/>
  <testcase name="testGenericSortDecl4()" classname="de.uka.ilkd.key.parser.TestDeclParser" time="1.597"/>
  <testcase name="testGenericSortDecl5()" classname="de.uka.ilkd.key.parser.TestDeclParser" time="0.0">
    <skipped/>
  </testcase>
  <testcase name="testGenericSortDecl6()" classname="de.uka.ilkd.key.parser.TestDeclParser" time="1.631"/>
  <testcase name="testSortDecl()" classname="de.uka.ilkd.key.parser.TestDeclParser" time="1.642"/>
  <testcase name="testProxySortDecl()" classname="de.uka.ilkd.key.parser.TestDeclParser" time="1.68"/>
  <testcase name="testArrayDecl()" classname="de.uka.ilkd.key.parser.TestDeclParser" time="1.692"/>
  <testcase name="testAmbiguousDecls()" classname="de.uka.ilkd.key.parser.TestDeclParser" time="0.0">
    <skipped/>
  </testcase>
  <testcase name="testHeurDecl()" classname="de.uka.ilkd.key.parser.TestDeclParser" time="1.717"/>
  <testcase name="testFunctionDecl()" classname="de.uka.ilkd.key.parser.TestDeclParser" time="1.644"/>
  <testcase name="testPredicateDecl()" classname="de.uka.ilkd.key.parser.TestDeclParser" time="1.708"/>
  <testcase name="testSVDecl()" classname="de.uka.ilkd.key.parser.TestDeclParser" time="1.683"/>
  <system-out><![CDATA[388262     INFO  Test worker     d.u.i.k.n.KeyIO           Parsing took 0 ms 
388262     DEBUG Test worker     d.u.i.k.n.KeyIO           Load declarations of de.uka.ilkd.key.nparser.KeyAst$File:  <unknown>:1#1 
388262     INFO  Test worker     d.u.i.k.n.KeyIO           MODE: declarations took 0 ms 
388262     DEBUG Test worker     d.u.i.k.n.KeyIO           MODE: 2nd degree decls took 0 
388262     DEBUG Test worker     d.u.i.k.n.KeyIO           MODE: taclets took 0ms 
389923     INFO  Test worker     d.u.i.k.n.KeyIO           Parsing took 0 ms 
389923     DEBUG Test worker     d.u.i.k.n.KeyIO           Load declarations of de.uka.ilkd.key.nparser.KeyAst$File:  <unknown>:1#1 
389923     INFO  Test worker     d.u.i.k.n.KeyIO           MODE: declarations took 0 ms 
389923     DEBUG Test worker     d.u.i.k.n.KeyIO           MODE: 2nd degree decls took 0 
389923     DEBUG Test worker     d.u.i.k.n.KeyIO           MODE: taclets took 0ms 
391614     INFO  Test worker     d.u.i.k.n.KeyIO           Parsing took 0 ms 
391614     DEBUG Test worker     d.u.i.k.n.KeyIO           Load declarations of de.uka.ilkd.key.nparser.KeyAst$File:  <unknown>:1#1 
391614     INFO  Test worker     d.u.i.k.n.KeyIO           MODE: declarations took 0 ms 
391614     DEBUG Test worker     d.u.i.k.n.KeyIO           MODE: 2nd degree decls took 0 
391614     DEBUG Test worker     d.u.i.k.n.KeyIO           MODE: taclets took 0ms 
393217     INFO  Test worker     d.u.i.k.n.KeyIO           Parsing took 0 ms 
393217     DEBUG Test worker     d.u.i.k.n.KeyIO           Load declarations of de.uka.ilkd.key.nparser.KeyAst$File:  <unknown>:1#1 
393217     INFO  Test worker     d.u.i.k.n.KeyIO           MODE: declarations took 0 ms 
393217     DEBUG Test worker     d.u.i.k.n.KeyIO           MODE: 2nd degree decls took 0 
393217     DEBUG Test worker     d.u.i.k.n.KeyIO           MODE: taclets took 0ms 
394844     INFO  Test worker     d.u.i.k.n.KeyIO           Parsing took 0 ms 
394844     DEBUG Test worker     d.u.i.k.n.KeyIO           Load declarations of de.uka.ilkd.key.nparser.KeyAst$File:  <unknown>:1#1 
394844     INFO  Test worker     d.u.i.k.n.KeyIO           MODE: declarations took 0 ms 
394844     DEBUG Test worker     d.u.i.k.n.KeyIO           MODE: 2nd degree decls took 0 
394844     DEBUG Test worker     d.u.i.k.n.KeyIO           MODE: taclets took 0ms 
396485     INFO  Test worker     d.u.i.k.n.KeyIO           Parsing took 0 ms 
396485     DEBUG Test worker     d.u.i.k.n.KeyIO           Load declarations of de.uka.ilkd.key.nparser.KeyAst$File:  <unknown>:1#1 
396485     INFO  Test worker     d.u.i.k.n.KeyIO           MODE: declarations took 0 ms 
396485     DEBUG Test worker     d.u.i.k.n.KeyIO           MODE: 2nd degree decls took 0 
396485     DEBUG Test worker     d.u.i.k.n.KeyIO           MODE: taclets took 0ms 
398166     INFO  Test worker     d.u.i.k.n.KeyIO           Parsing took 0 ms 
398166     DEBUG Test worker     d.u.i.k.n.KeyIO           Load declarations of de.uka.ilkd.key.nparser.KeyAst$File:  <unknown>:1#1 
398166     INFO  Test worker     d.u.i.k.n.KeyIO           MODE: declarations took 0 ms 
398166     DEBUG Test worker     d.u.i.k.n.KeyIO           MODE: 2nd degree decls took 0 
398166     DEBUG Test worker     d.u.i.k.n.KeyIO           MODE: taclets took 0ms 
399848     INFO  Test worker     d.u.i.k.n.KeyIO           Parsing took 0 ms 
399848     DEBUG Test worker     d.u.i.k.n.KeyIO           Load declarations of de.uka.ilkd.key.nparser.KeyAst$File:  <unknown>:1#1 
399848     INFO  Test worker     d.u.i.k.n.KeyIO           MODE: declarations took 0 ms 
399864     DEBUG Test worker     d.u.i.k.n.KeyIO           MODE: 2nd degree decls took 16 
399864     DEBUG Test worker     d.u.i.k.n.KeyIO           MODE: taclets took 0ms 
401576     INFO  Test worker     d.u.i.k.n.KeyIO           Parsing took 0 ms 
401576     DEBUG Test worker     d.u.i.k.n.KeyIO           Load declarations of de.uka.ilkd.key.nparser.KeyAst$File:  <unknown>:1#1 
401576     INFO  Test worker     d.u.i.k.n.KeyIO           MODE: declarations took 0 ms 
401576     DEBUG Test worker     d.u.i.k.n.KeyIO           MODE: 2nd degree decls took 0 
401576     DEBUG Test worker     d.u.i.k.n.KeyIO           MODE: taclets took 0ms 
403209     INFO  Test worker     d.u.i.k.n.KeyIO           Parsing took 0 ms 
403209     DEBUG Test worker     d.u.i.k.n.KeyIO           Load declarations of de.uka.ilkd.key.nparser.KeyAst$File:  <unknown>:1#1 
403209     INFO  Test worker     d.u.i.k.n.KeyIO           MODE: declarations took 0 ms 
403209     DEBUG Test worker     d.u.i.k.n.KeyIO           MODE: 2nd degree decls took 0 
403209     DEBUG Test worker     d.u.i.k.n.KeyIO           MODE: taclets took 0ms 
404927     INFO  Test worker     d.u.i.k.n.KeyIO           Parsing took 0 ms 
404927     DEBUG Test worker     d.u.i.k.n.KeyIO           Load declarations of de.uka.ilkd.key.nparser.KeyAst$File:  <unknown>:1#1 
404927     INFO  Test worker     d.u.i.k.n.KeyIO           MODE: declarations took 0 ms 
404928     DEBUG Test worker     d.u.i.k.n.KeyIO           MODE: 2nd degree decls took 1 
404928     DEBUG Test worker     d.u.i.k.n.KeyIO           MODE: taclets took 0ms 
406603     INFO  Test worker     d.u.i.k.n.KeyIO           Parsing took 0 ms 
406603     DEBUG Test worker     d.u.i.k.n.KeyIO           Load declarations of de.uka.ilkd.key.nparser.KeyAst$File:  <unknown>:1#1 
406603     INFO  Test worker     d.u.i.k.n.KeyIO           MODE: declarations took 0 ms 
406603     DEBUG Test worker     d.u.i.k.n.KeyIO           MODE: 2nd degree decls took 0 
406603     DEBUG Test worker     d.u.i.k.n.KeyIO           MODE: taclets took 0ms 
]]></system-out>
  <system-err><![CDATA[]]></system-err>
</testsuite>
