<?xml version="1.0" encoding="UTF-8"?>
<testsuite name="de.uka.ilkd.key.logic.TestClashFreeSubst" tests="14" skipped="2" failures="0" errors="0" timestamp="2023-06-05T13:05:55" hostname="fv-az1113-6" time="91.266">
  <properties/>
  <testcase name="testMultiShareBound()" classname="de.uka.ilkd.key.logic.TestClashFreeSubst" time="1.772"/>
  <testcase name="testClash()" classname="de.uka.ilkd.key.logic.TestClashFreeSubst" time="1.726"/>
  <testcase name="testShare()" classname="de.uka.ilkd.key.logic.TestClashFreeSubst" time="1.689"/>
  <testcase name="testSubst()" classname="de.uka.ilkd.key.logic.TestClashFreeSubst" time="1.801"/>
  <testcase name="testWary0()" classname="de.uka.ilkd.key.logic.TestClashFreeSubst" time="1.677"/>
  <testcase name="testWary1()" classname="de.uka.ilkd.key.logic.TestClashFreeSubst" time="1.669"/>
  <testcase name="testWary2()" classname="de.uka.ilkd.key.logic.TestClashFreeSubst" time="1.631"/>
  <testcase name="testClashInSubstTerm()" classname="de.uka.ilkd.key.logic.TestClashFreeSubst" time="1.646"/>
  <testcase name="testShareWary()" classname="de.uka.ilkd.key.logic.TestClashFreeSubst" time="1.699"/>
  <testcase name="testMultiSubst()" classname="de.uka.ilkd.key.logic.TestClashFreeSubst" time="1.687"/>
  <testcase name="xtestMultiClash()" classname="de.uka.ilkd.key.logic.TestClashFreeSubst" time="0.0">
    <skipped/>
  </testcase>
  <testcase name="testSubstInSubstTerm()" classname="de.uka.ilkd.key.logic.TestClashFreeSubst" time="1.894"/>
  <testcase name="testSubstWary()" classname="de.uka.ilkd.key.logic.TestClashFreeSubst" time="1.677"/>
  <testcase name="xtestMultiClash1()" classname="de.uka.ilkd.key.logic.TestClashFreeSubst" time="0.0">
    <skipped/>
  </testcase>
  <system-out><![CDATA[68616      INFO  Test worker     d.u.i.k.n.KeyIO           Parsing took 0 ms 
68616      DEBUG Test worker     d.u.i.k.n.KeyIO           Load declarations of de.uka.ilkd.key.nparser.KeyAst$File:  <unknown>:1#1 
68616      INFO  Test worker     d.u.i.k.n.KeyIO           MODE: declarations took 0 ms 
68616      DEBUG Test worker     d.u.i.k.n.KeyIO           MODE: 2nd degree decls took 0 
70370      INFO  Test worker     d.u.i.k.n.KeyIO           Parsing took 0 ms 
70370      DEBUG Test worker     d.u.i.k.n.KeyIO           Load declarations of de.uka.ilkd.key.nparser.KeyAst$File:  <unknown>:1#1 
70370      INFO  Test worker     d.u.i.k.n.KeyIO           MODE: declarations took 0 ms 
70370      DEBUG Test worker     d.u.i.k.n.KeyIO           MODE: 2nd degree decls took 0 
76061      INFO  Test worker     d.u.i.k.n.KeyIO           Parsing took 0 ms 
76061      DEBUG Test worker     d.u.i.k.n.KeyIO           Load declarations of de.uka.ilkd.key.nparser.KeyAst$File:  <unknown>:1#1 
76061      INFO  Test worker     d.u.i.k.n.KeyIO           MODE: declarations took 0 ms 
76061      DEBUG Test worker     d.u.i.k.n.KeyIO           MODE: 2nd degree decls took 0 
77780      INFO  Test worker     d.u.i.k.n.KeyIO           Parsing took 0 ms 
77780      DEBUG Test worker     d.u.i.k.n.KeyIO           Load declarations of de.uka.ilkd.key.nparser.KeyAst$File:  <unknown>:1#1 
77780      INFO  Test worker     d.u.i.k.n.KeyIO           MODE: declarations took 0 ms 
77780      DEBUG Test worker     d.u.i.k.n.KeyIO           MODE: 2nd degree decls took 0 
83282      INFO  Test worker     d.u.i.k.n.KeyIO           Parsing took 0 ms 
83282      DEBUG Test worker     d.u.i.k.n.KeyIO           Load declarations of de.uka.ilkd.key.nparser.KeyAst$File:  <unknown>:1#1 
83282      INFO  Test worker     d.u.i.k.n.KeyIO           MODE: declarations took 0 ms 
83282      DEBUG Test worker     d.u.i.k.n.KeyIO           MODE: 2nd degree decls took 0 
84972      INFO  Test worker     d.u.i.k.n.KeyIO           Parsing took 0 ms 
84972      DEBUG Test worker     d.u.i.k.n.KeyIO           Load declarations of de.uka.ilkd.key.nparser.KeyAst$File:  <unknown>:1#1 
84973      INFO  Test worker     d.u.i.k.n.KeyIO           MODE: declarations took 1 ms 
84973      DEBUG Test worker     d.u.i.k.n.KeyIO           MODE: 2nd degree decls took 0 
90424      INFO  Test worker     d.u.i.k.n.KeyIO           Parsing took 0 ms 
90424      DEBUG Test worker     d.u.i.k.n.KeyIO           Load declarations of de.uka.ilkd.key.nparser.KeyAst$File:  <unknown>:1#1 
90424      INFO  Test worker     d.u.i.k.n.KeyIO           MODE: declarations took 0 ms 
90424      DEBUG Test worker     d.u.i.k.n.KeyIO           MODE: 2nd degree decls took 0 
92217      INFO  Test worker     d.u.i.k.n.KeyIO           Parsing took 0 ms 
92217      DEBUG Test worker     d.u.i.k.n.KeyIO           Load declarations of de.uka.ilkd.key.nparser.KeyAst$File:  <unknown>:1#1 
92217      INFO  Test worker     d.u.i.k.n.KeyIO           MODE: declarations took 0 ms 
92217      DEBUG Test worker     d.u.i.k.n.KeyIO           MODE: 2nd degree decls took 0 
97716      INFO  Test worker     d.u.i.k.n.KeyIO           Parsing took 0 ms 
97716      DEBUG Test worker     d.u.i.k.n.KeyIO           Load declarations of de.uka.ilkd.key.nparser.KeyAst$File:  <unknown>:1#1 
97716      INFO  Test worker     d.u.i.k.n.KeyIO           MODE: declarations took 0 ms 
97716      DEBUG Test worker     d.u.i.k.n.KeyIO           MODE: 2nd degree decls took 0 
99392      INFO  Test worker     d.u.i.k.n.KeyIO           Parsing took 0 ms 
99392      DEBUG Test worker     d.u.i.k.n.KeyIO           Load declarations of de.uka.ilkd.key.nparser.KeyAst$File:  <unknown>:1#1 
99392      INFO  Test worker     d.u.i.k.n.KeyIO           MODE: declarations took 0 ms 
99392      DEBUG Test worker     d.u.i.k.n.KeyIO           MODE: 2nd degree decls took 0 
104839     INFO  Test worker     d.u.i.k.n.KeyIO           Parsing took 0 ms 
104839     DEBUG Test worker     d.u.i.k.n.KeyIO           Load declarations of de.uka.ilkd.key.nparser.KeyAst$File:  <unknown>:1#1 
104839     INFO  Test worker     d.u.i.k.n.KeyIO           MODE: declarations took 0 ms 
104839     DEBUG Test worker     d.u.i.k.n.KeyIO           MODE: 2nd degree decls took 0 
106504     INFO  Test worker     d.u.i.k.n.KeyIO           Parsing took 0 ms 
106504     DEBUG Test worker     d.u.i.k.n.KeyIO           Load declarations of de.uka.ilkd.key.nparser.KeyAst$File:  <unknown>:1#1 
106504     INFO  Test worker     d.u.i.k.n.KeyIO           MODE: declarations took 0 ms 
106504     DEBUG Test worker     d.u.i.k.n.KeyIO           MODE: 2nd degree decls took 0 
111976     INFO  Test worker     d.u.i.k.n.KeyIO           Parsing took 0 ms 
111976     DEBUG Test worker     d.u.i.k.n.KeyIO           Load declarations of de.uka.ilkd.key.nparser.KeyAst$File:  <unknown>:1#1 
111976     INFO  Test worker     d.u.i.k.n.KeyIO           MODE: declarations took 0 ms 
111976     DEBUG Test worker     d.u.i.k.n.KeyIO           MODE: 2nd degree decls took 0 
113593     INFO  Test worker     d.u.i.k.n.KeyIO           Parsing took 0 ms 
113593     DEBUG Test worker     d.u.i.k.n.KeyIO           Load declarations of de.uka.ilkd.key.nparser.KeyAst$File:  <unknown>:1#1 
113593     INFO  Test worker     d.u.i.k.n.KeyIO           MODE: declarations took 0 ms 
113593     DEBUG Test worker     d.u.i.k.n.KeyIO           MODE: 2nd degree decls took 0 
119005     INFO  Test worker     d.u.i.k.n.KeyIO           Parsing took 0 ms 
119005     DEBUG Test worker     d.u.i.k.n.KeyIO           Load declarations of de.uka.ilkd.key.nparser.KeyAst$File:  <unknown>:1#1 
119005     INFO  Test worker     d.u.i.k.n.KeyIO           MODE: declarations took 0 ms 
119005     DEBUG Test worker     d.u.i.k.n.KeyIO           MODE: 2nd degree decls took 0 
120650     INFO  Test worker     d.u.i.k.n.KeyIO           Parsing took 0 ms 
120650     DEBUG Test worker     d.u.i.k.n.KeyIO           Load declarations of de.uka.ilkd.key.nparser.KeyAst$File:  <unknown>:1#1 
120650     INFO  Test worker     d.u.i.k.n.KeyIO           MODE: declarations took 0 ms 
120650     DEBUG Test worker     d.u.i.k.n.KeyIO           MODE: 2nd degree decls took 0 
125993     INFO  Test worker     d.u.i.k.n.KeyIO           Parsing took 0 ms 
125993     DEBUG Test worker     d.u.i.k.n.KeyIO           Load declarations of de.uka.ilkd.key.nparser.KeyAst$File:  <unknown>:1#1 
125993     INFO  Test worker     d.u.i.k.n.KeyIO           MODE: declarations took 0 ms 
125993     DEBUG Test worker     d.u.i.k.n.KeyIO           MODE: 2nd degree decls took 0 
127681     INFO  Test worker     d.u.i.k.n.KeyIO           Parsing took 0 ms 
127681     DEBUG Test worker     d.u.i.k.n.KeyIO           Load declarations of de.uka.ilkd.key.nparser.KeyAst$File:  <unknown>:1#1 
127681     INFO  Test worker     d.u.i.k.n.KeyIO           MODE: declarations took 0 ms 
127681     DEBUG Test worker     d.u.i.k.n.KeyIO           MODE: 2nd degree decls took 0 
133078     INFO  Test worker     d.u.i.k.n.KeyIO           Parsing took 0 ms 
133078     DEBUG Test worker     d.u.i.k.n.KeyIO           Load declarations of de.uka.ilkd.key.nparser.KeyAst$File:  <unknown>:1#1 
133078     INFO  Test worker     d.u.i.k.n.KeyIO           MODE: declarations took 0 ms 
133078     DEBUG Test worker     d.u.i.k.n.KeyIO           MODE: 2nd degree decls took 0 
134751     INFO  Test worker     d.u.i.k.n.KeyIO           Parsing took 0 ms 
134751     DEBUG Test worker     d.u.i.k.n.KeyIO           Load declarations of de.uka.ilkd.key.nparser.KeyAst$File:  <unknown>:1#1 
134751     INFO  Test worker     d.u.i.k.n.KeyIO           MODE: declarations took 0 ms 
134751     DEBUG Test worker     d.u.i.k.n.KeyIO           MODE: 2nd degree decls took 0 
145541     INFO  Test worker     d.u.i.k.n.KeyIO           Parsing took 0 ms 
145541     DEBUG Test worker     d.u.i.k.n.KeyIO           Load declarations of de.uka.ilkd.key.nparser.KeyAst$File:  <unknown>:1#1 
145541     INFO  Test worker     d.u.i.k.n.KeyIO           MODE: declarations took 0 ms 
145541     DEBUG Test worker     d.u.i.k.n.KeyIO           MODE: 2nd degree decls took 0 
147415     INFO  Test worker     d.u.i.k.n.KeyIO           Parsing took 0 ms 
147415     DEBUG Test worker     d.u.i.k.n.KeyIO           Load declarations of de.uka.ilkd.key.nparser.KeyAst$File:  <unknown>:1#1 
147415     INFO  Test worker     d.u.i.k.n.KeyIO           MODE: declarations took 0 ms 
147415     DEBUG Test worker     d.u.i.k.n.KeyIO           MODE: 2nd degree decls took 0 
152819     INFO  Test worker     d.u.i.k.n.KeyIO           Parsing took 0 ms 
152819     DEBUG Test worker     d.u.i.k.n.KeyIO           Load declarations of de.uka.ilkd.key.nparser.KeyAst$File:  <unknown>:1#1 
152819     INFO  Test worker     d.u.i.k.n.KeyIO           MODE: declarations took 0 ms 
152819     DEBUG Test worker     d.u.i.k.n.KeyIO           MODE: 2nd degree decls took 0 
154495     INFO  Test worker     d.u.i.k.n.KeyIO           Parsing took 0 ms 
154495     DEBUG Test worker     d.u.i.k.n.KeyIO           Load declarations of de.uka.ilkd.key.nparser.KeyAst$File:  <unknown>:1#1 
154495     INFO  Test worker     d.u.i.k.n.KeyIO           MODE: declarations took 0 ms 
154495     DEBUG Test worker     d.u.i.k.n.KeyIO           MODE: 2nd degree decls took 0 
]]></system-out>
  <system-err><![CDATA[]]></system-err>
</testsuite>
