<?xml version="1.0" encoding="UTF-8"?>
<testsuite name="de.uka.ilkd.key.proof.TestOneStepSimplifier" tests="1" skipped="0" failures="0" errors="0" timestamp="2023-06-05T13:17:41" hostname="fv-az1113-6" time="7.023">
  <properties/>
  <testcase name="loadWithRestriction()" classname="de.uka.ilkd.key.proof.TestOneStepSimplifier" time="7.023"/>
  <system-out><![CDATA[775228     INFO  Test worker     d.u.i.k.p.i.AbstractProblemLoader Loading environment from src\test\resources\testcase\ossRestriction.proof 
775228     DEBUG Test worker     d.u.i.k.p.i.AbstractProblemLoader Environment load took 266.7ns 
775228     INFO  Test worker     d.u.i.k.p.i.AbstractProblemLoader Creating init config 
775485     DEBUG Test worker     d.u.i.k.j.TypeConverter   No LDT found for Meta 
775485     DEBUG Test worker     d.u.i.k.j.TypeConverter   No LDT found for Meta 
775485     DEBUG Test worker     d.u.i.k.j.TypeConverter   No LDT found for Meta 
775485     DEBUG Test worker     d.u.i.k.j.TypeConverter   No LDT found for Meta 
776463     DEBUG Test worker     d.u.i.k.j.TypeConverter   No LDT found for JavaBigintExpression 
782210     DEBUG Test worker     d.u.i.k.p.i.AbstractProblemLoader Init config took 6.98s 
782256     INFO  Test worker     d.u.i.k.p.i.AbstractProblemLoader Replaying proof ossRestriction.proof 
782256     DEBUG Test worker     d.u.i.k.p.i.IntermediateProofReplayer Proof replay took 1.33ms 
]]></system-out>
  <system-err><![CDATA[]]></system-err>
</testsuite>
