<?xml version="1.0" encoding="UTF-8"?>
<testsuite name="de.uka.ilkd.key.speclang.jml.pretranslation.TextualJMLAssertStatementTest" tests="1" skipped="0" failures="0" errors="0" timestamp="2023-06-05T13:28:04" hostname="fv-az1113-6" time="0.011">
  <properties/>
  <testcase name="testTextRepr()" classname="de.uka.ilkd.key.speclang.jml.pretranslation.TextualJMLAssertStatementTest" time="0.011"/>
  <system-out><![CDATA[]]></system-out>
  <system-err><![CDATA[]]></system-err>
</testsuite>
