<?xml version="1.0" encoding="UTF-8"?>
<testsuite name="de.uka.ilkd.key.taclettranslation.TestTacletTranslator" tests="5" skipped="0" failures="0" errors="0" timestamp="2023-06-05T13:29:02" hostname="fv-az1113-6" time="0.051">
  <properties/>
  <testcase name="testPropositional1()" classname="de.uka.ilkd.key.taclettranslation.TestTacletTranslator" time="0.026"/>
  <testcase name="testPropositional2()" classname="de.uka.ilkd.key.taclettranslation.TestTacletTranslator" time="0.006"/>
  <testcase name="testNegativePolarity()" classname="de.uka.ilkd.key.taclettranslation.TestTacletTranslator" time="0.005"/>
  <testcase name="testNoPolarity()" classname="de.uka.ilkd.key.taclettranslation.TestTacletTranslator" time="0.006"/>
  <testcase name="testPositivePolarity()" classname="de.uka.ilkd.key.taclettranslation.TestTacletTranslator" time="0.005"/>
  <system-out><![CDATA[1456201    INFO  Test worker     d.u.i.k.n.KeyIO           Parsing took 1 ms 
1456201    DEBUG Test worker     d.u.i.k.n.KeyIO           Load declarations of de.uka.ilkd.key.nparser.KeyAst$File:  <unknown>:1#1 
1456201    INFO  Test worker     d.u.i.k.n.KeyIO           MODE: declarations took 0 ms 
1456201    DEBUG Test worker     d.u.i.k.n.KeyIO           MODE: 2nd degree decls took 0 
1456201    DEBUG Test worker     d.u.i.k.n.KeyIO           MODE: taclets took 0ms 
1456222    INFO  Test worker     d.u.i.k.n.KeyIO           Parsing took 0 ms 
1456222    DEBUG Test worker     d.u.i.k.n.KeyIO           Load declarations of de.uka.ilkd.key.nparser.KeyAst$File:  <unknown>:1#1 
1456222    INFO  Test worker     d.u.i.k.n.KeyIO           MODE: declarations took 0 ms 
1456222    DEBUG Test worker     d.u.i.k.n.KeyIO           MODE: 2nd degree decls took 0 
1456222    DEBUG Test worker     d.u.i.k.n.KeyIO           MODE: taclets took 0ms 
1456222    INFO  Test worker     d.u.i.k.n.KeyIO           Parsing took 0 ms 
1456222    DEBUG Test worker     d.u.i.k.n.KeyIO           Load declarations of de.uka.ilkd.key.nparser.KeyAst$File:  <unknown>:1#1 
1456222    INFO  Test worker     d.u.i.k.n.KeyIO           MODE: declarations took 0 ms 
1456222    DEBUG Test worker     d.u.i.k.n.KeyIO           MODE: 2nd degree decls took 0 
1456222    DEBUG Test worker     d.u.i.k.n.KeyIO           MODE: taclets took 0ms 
1456237    INFO  Test worker     d.u.i.k.n.KeyIO           Parsing took 0 ms 
1456237    DEBUG Test worker     d.u.i.k.n.KeyIO           Load declarations of de.uka.ilkd.key.nparser.KeyAst$File:  <unknown>:1#1 
1456237    INFO  Test worker     d.u.i.k.n.KeyIO           MODE: declarations took 0 ms 
1456237    DEBUG Test worker     d.u.i.k.n.KeyIO           MODE: 2nd degree decls took 0 
1456237    DEBUG Test worker     d.u.i.k.n.KeyIO           MODE: taclets took 0ms 
1456237    INFO  Test worker     d.u.i.k.n.KeyIO           Parsing took 0 ms 
1456237    DEBUG Test worker     d.u.i.k.n.KeyIO           Load declarations of de.uka.ilkd.key.nparser.KeyAst$File:  <unknown>:1#1 
1456237    INFO  Test worker     d.u.i.k.n.KeyIO           MODE: declarations took 0 ms 
1456237    DEBUG Test worker     d.u.i.k.n.KeyIO           MODE: 2nd degree decls took 0 
1456237    DEBUG Test worker     d.u.i.k.n.KeyIO           MODE: taclets took 0ms 
]]></system-out>
  <system-err><![CDATA[]]></system-err>
</testsuite>
