<?xml version="1.0" encoding="UTF-8"?>
<testsuite name="de.uka.ilkd.key.testcase.smt.testgen.TestTestgen" tests="1" skipped="0" failures="0" errors="0" timestamp="2023-05-27T17:46:14" hostname="fv-az574-535" time="4.333">
  <properties/>
  <testcase name="testMiddle()" classname="de.uka.ilkd.key.testcase.smt.testgen.TestTestgen" time="4.333"/>
  <system-out><![CDATA[14482      WARN  Test worker     d.u.i.k.t.s.t.TestTestgen Warning: Z3_CE is not installed, tests skipped. 
14483      WARN  Test worker     d.u.i.k.t.s.t.TestTestgen Maybe use JVM system property "z3SolverPath" to define the path to the Z3 command. 
14484      INFO  Test worker     d.u.i.k.p.i.AbstractProblemLoader Loading environment from src/test/resources/testcase/smt/tg/middle.key 
14484      DEBUG Test worker     d.u.i.k.p.i.AbstractProblemLoader Environment load took 374.5ns 
14487      INFO  Test worker     d.u.i.k.p.i.AbstractProblemLoader Creating init config 
18096      DEBUG Test worker     d.u.i.k.p.i.AbstractProblemLoader Init config took 3.61s 
18178      INFO  Test worker     d.u.i.k.p.i.AbstractProblemLoader Replaying proof Middle[Middle::middle(int,int,int)].JML normal_behavior operation contract.0 
18181      DEBUG Test worker     d.u.i.k.p.i.IntermediateProofReplayer Proof replay took 14.3ns 
]]></system-out>
  <system-err><![CDATA[]]></system-err>
</testsuite>
