<?xml version="1.0" encoding="UTF-8"?>
<testsuite name="de.uka.ilkd.key.logic.TestLocalSymbols" tests="2" skipped="0" failures="0" errors="0" timestamp="2023-04-04T10:39:21" hostname="fv-az221-216" time="4.164">
  <properties/>
  <testcase name="testSkolemization()" classname="de.uka.ilkd.key.logic.TestLocalSymbols" time="0.025"/>
  <testcase name="testDoubleInstantiation()" classname="de.uka.ilkd.key.logic.TestLocalSymbols" time="4.137"/>
  <system-out><![CDATA[73902      INFO  Test worker     d.u.i.k.m.s.ProofScriptEngine 1: 'rule orRight' 
73934      INFO  Test worker     d.u.i.k.m.s.ProofScriptEngine 2: 'rule allRight formula='\forall int i; i > 0'' 
73940      INFO  Test worker     d.u.i.k.m.s.ProofScriptEngine 3: 'rule allRight formula='\forall int i; i < 0'' 
]]></system-out>
  <system-err><![CDATA[]]></system-err>
</testsuite>
