<?xml version="1.0" encoding="UTF-8"?>
<testsuite name="de.uka.ilkd.key.proof.TestTacletIndex" tests="5" skipped="1" failures="0" errors="0" timestamp="2023-03-31T21:41:30" hostname="fv-az203-458" time="1.068">
  <properties/>
  <testcase name="testShownIfHeuristicFits()" classname="de.uka.ilkd.key.proof.TestTacletIndex" time="1.06"/>
  <testcase name="testMatchConflictOccurs()" classname="de.uka.ilkd.key.proof.TestTacletIndex" time="0.001"/>
  <testcase name="testNoMatchingFindRule()" classname="de.uka.ilkd.key.proof.TestTacletIndex" time="0.002"/>
  <testcase name="disabled_testNonInteractiveIsShownOnlyIfHeuristicIsMissed()" classname="de.uka.ilkd.key.proof.TestTacletIndex" time="0.001">
    <skipped/>
  </testcase>
  <testcase name="testNotFreeInYConflict()" classname="de.uka.ilkd.key.proof.TestTacletIndex" time="0.003"/>
  <system-out><![CDATA[]]></system-out>
  <system-err><![CDATA[]]></system-err>
</testsuite>
