<?xml version="1.0" encoding="UTF-8"?>
<testsuite name="de.uka.ilkd.key.proof.proverules.ProveRulesTest" tests="196" skipped="0" failures="0" errors="0" timestamp="2023-02-02T11:15:20" hostname="fv-az176-769" time="789.887">
  <properties/>
  <testcase name="eqTermCut" classname="de.uka.ilkd.key.proof.proverules.ProveRulesTest" time="4.593"/>
  <testcase name="equivAllRight" classname="de.uka.ilkd.key.proof.proverules.ProveRulesTest" time="4.351"/>
  <testcase name="irrflConcrete1" classname="de.uka.ilkd.key.proof.proverules.ProveRulesTest" time="4.258"/>
  <testcase name="irrflConcrete2" classname="de.uka.ilkd.key.proof.proverules.ProveRulesTest" time="4.059"/>
  <testcase name="cancel_gtPos" classname="de.uka.ilkd.key.proof.proverules.ProveRulesTest" time="4.106"/>
  <testcase name="cancel_gtNeg" classname="de.uka.ilkd.key.proof.proverules.ProveRulesTest" time="3.994"/>
  <testcase name="moduloIntIsInInt" classname="de.uka.ilkd.key.proof.proverules.ProveRulesTest" time="4.078"/>
  <testcase name="moduloLongIsInLong" classname="de.uka.ilkd.key.proof.proverules.ProveRulesTest" time="4.003"/>
  <testcase name="moduloShortIsInShort" classname="de.uka.ilkd.key.proof.proverules.ProveRulesTest" time="3.955"/>
  <testcase name="moduloByteIsInByte" classname="de.uka.ilkd.key.proof.proverules.ProveRulesTest" time="3.935"/>
  <testcase name="moduloCharIsInChar" classname="de.uka.ilkd.key.proof.proverules.ProveRulesTest" time="4.0"/>
  <testcase name="div_unique1" classname="de.uka.ilkd.key.proof.proverules.ProveRulesTest" time="4.098"/>
  <testcase name="div_unique2" classname="de.uka.ilkd.key.proof.proverules.ProveRulesTest" time="4.081"/>
  <testcase name="div_exists" classname="de.uka.ilkd.key.proof.proverules.ProveRulesTest" time="4.376"/>
  <testcase name="div_one" classname="de.uka.ilkd.key.proof.proverules.ProveRulesTest" time="4.044"/>
  <testcase name="jdiv_one" classname="de.uka.ilkd.key.proof.proverules.ProveRulesTest" time="4.033"/>
  <testcase name="div_zero" classname="de.uka.ilkd.key.proof.proverules.ProveRulesTest" time="4.076"/>
  <testcase name="divResZero1" classname="de.uka.ilkd.key.proof.proverules.ProveRulesTest" time="3.955"/>
  <testcase name="divResZero2" classname="de.uka.ilkd.key.proof.proverules.ProveRulesTest" time="3.908"/>
  <testcase name="divResOne1" classname="de.uka.ilkd.key.proof.proverules.ProveRulesTest" time="3.866"/>
  <testcase name="divResOne2" classname="de.uka.ilkd.key.proof.proverules.ProveRulesTest" time="3.926"/>
  <testcase name="div_cancel1" classname="de.uka.ilkd.key.proof.proverules.ProveRulesTest" time="4.047"/>
  <testcase name="div_cancel2" classname="de.uka.ilkd.key.proof.proverules.ProveRulesTest" time="3.949"/>
  <testcase name="divAddMultDenom" classname="de.uka.ilkd.key.proof.proverules.ProveRulesTest" time="4.017"/>
  <testcase name="divMinus" classname="de.uka.ilkd.key.proof.proverules.ProveRulesTest" time="4.109"/>
  <testcase name="divMinusDenom" classname="de.uka.ilkd.key.proof.proverules.ProveRulesTest" time="4.008"/>
  <testcase name="divLeastDPos" classname="de.uka.ilkd.key.proof.proverules.ProveRulesTest" time="4.071"/>
  <testcase name="divLeastDNeg" classname="de.uka.ilkd.key.proof.proverules.ProveRulesTest" time="3.981"/>
  <testcase name="divGreatestDPos" classname="de.uka.ilkd.key.proof.proverules.ProveRulesTest" time="3.936"/>
  <testcase name="divGreatestDNeg" classname="de.uka.ilkd.key.proof.proverules.ProveRulesTest" time="3.918"/>
  <testcase name="divIncreasingPos" classname="de.uka.ilkd.key.proof.proverules.ProveRulesTest" time="3.882"/>
  <testcase name="divIncreasingNeg" classname="de.uka.ilkd.key.proof.proverules.ProveRulesTest" time="3.993"/>
  <testcase name="jdiv_zero" classname="de.uka.ilkd.key.proof.proverules.ProveRulesTest" time="4.054"/>
  <testcase name="jdivPulloutMinusNum" classname="de.uka.ilkd.key.proof.proverules.ProveRulesTest" time="3.871"/>
  <testcase name="jdivPulloutMinusDenom" classname="de.uka.ilkd.key.proof.proverules.ProveRulesTest" time="4.01"/>
  <testcase name="jdiv_uniquePosPos" classname="de.uka.ilkd.key.proof.proverules.ProveRulesTest" time="3.851"/>
  <testcase name="jdiv_uniquePosNeg" classname="de.uka.ilkd.key.proof.proverules.ProveRulesTest" time="3.906"/>
  <testcase name="jdiv_uniqueNegPos" classname="de.uka.ilkd.key.proof.proverules.ProveRulesTest" time="3.873"/>
  <testcase name="jdiv_uniqueNegNeg" classname="de.uka.ilkd.key.proof.proverules.ProveRulesTest" time="3.868"/>
  <testcase name="jdivMultDenom1" classname="de.uka.ilkd.key.proof.proverules.ProveRulesTest" time="3.972"/>
  <testcase name="jdivMultDenom2" classname="de.uka.ilkd.key.proof.proverules.ProveRulesTest" time="3.949"/>
  <testcase name="mod_geZero" classname="de.uka.ilkd.key.proof.proverules.ProveRulesTest" time="3.832"/>
  <testcase name="mod_lessDenom" classname="de.uka.ilkd.key.proof.proverules.ProveRulesTest" time="3.923"/>
  <testcase name="jmod_NumPos" classname="de.uka.ilkd.key.proof.proverules.ProveRulesTest" time="3.863"/>
  <testcase name="jmod_NumNeg" classname="de.uka.ilkd.key.proof.proverules.ProveRulesTest" time="3.889"/>
  <testcase name="jmod_geZero" classname="de.uka.ilkd.key.proof.proverules.ProveRulesTest" time="3.856"/>
  <testcase name="jmodNumZero" classname="de.uka.ilkd.key.proof.proverules.ProveRulesTest" time="3.877"/>
  <testcase name="jmod_pulloutminusNum" classname="de.uka.ilkd.key.proof.proverules.ProveRulesTest" time="3.902"/>
  <testcase name="jmod_pulloutminusDenom" classname="de.uka.ilkd.key.proof.proverules.ProveRulesTest" time="3.854"/>
  <testcase name="jmodUnique1" classname="de.uka.ilkd.key.proof.proverules.ProveRulesTest" time="4.093"/>
  <testcase name="jmodUnique2" classname="de.uka.ilkd.key.proof.proverules.ProveRulesTest" time="4.069"/>
  <testcase name="intDivRem" classname="de.uka.ilkd.key.proof.proverules.ProveRulesTest" time="3.927"/>
  <testcase name="jmodjmod" classname="de.uka.ilkd.key.proof.proverules.ProveRulesTest" time="3.922"/>
  <testcase name="jmodDivisible" classname="de.uka.ilkd.key.proof.proverules.ProveRulesTest" time="3.859"/>
  <testcase name="jmodDivisibleRep" classname="de.uka.ilkd.key.proof.proverules.ProveRulesTest" time="3.841"/>
  <testcase name="jdivAddMultDenom" classname="de.uka.ilkd.key.proof.proverules.ProveRulesTest" time="4.132"/>
  <testcase name="jmodAltZero" classname="de.uka.ilkd.key.proof.proverules.ProveRulesTest" time="3.88"/>
  <testcase name="jmodAddMultDenomZero" classname="de.uka.ilkd.key.proof.proverules.ProveRulesTest" time="3.83"/>
  <testcase name="polyDiv_zero" classname="de.uka.ilkd.key.proof.proverules.ProveRulesTest" time="3.89"/>
  <testcase name="polyMod_ltdivDenom" classname="de.uka.ilkd.key.proof.proverules.ProveRulesTest" time="4.005"/>
  <testcase name="bsum_empty" classname="de.uka.ilkd.key.proof.proverules.ProveRulesTest" time="3.796"/>
  <testcase name="bsum_induction_upper" classname="de.uka.ilkd.key.proof.proverules.ProveRulesTest" time="3.853"/>
  <testcase name="bsum_induction_lower" classname="de.uka.ilkd.key.proof.proverules.ProveRulesTest" time="3.886"/>
  <testcase name="bsum_num_of_bounds" classname="de.uka.ilkd.key.proof.proverules.ProveRulesTest" time="3.857"/>
  <testcase name="bsum_num_of_bounds2" classname="de.uka.ilkd.key.proof.proverules.ProveRulesTest" time="3.831"/>
  <testcase name="bsum_induction_upper2" classname="de.uka.ilkd.key.proof.proverules.ProveRulesTest" time="3.801"/>
  <testcase name="bsum_induction_upper_concrete" classname="de.uka.ilkd.key.proof.proverules.ProveRulesTest" time="3.918"/>
  <testcase name="bsum_induction_upper_concrete_2" classname="de.uka.ilkd.key.proof.proverules.ProveRulesTest" time="3.935"/>
  <testcase name="bsum_induction_upper2_concrete" classname="de.uka.ilkd.key.proof.proverules.ProveRulesTest" time="3.847"/>
  <testcase name="bsum_induction_lower_concrete" classname="de.uka.ilkd.key.proof.proverules.ProveRulesTest" time="3.831"/>
  <testcase name="bsum_induction_lower2" classname="de.uka.ilkd.key.proof.proverules.ProveRulesTest" time="3.866"/>
  <testcase name="bsum_induction_lower2_concrete" classname="de.uka.ilkd.key.proof.proverules.ProveRulesTest" time="4.014"/>
  <testcase name="bsum_positive" classname="de.uka.ilkd.key.proof.proverules.ProveRulesTest" time="3.915"/>
  <testcase name="bsum_upper_bound" classname="de.uka.ilkd.key.proof.proverules.ProveRulesTest" time="3.95"/>
  <testcase name="bsum_lower_bound" classname="de.uka.ilkd.key.proof.proverules.ProveRulesTest" time="4.003"/>
  <testcase name="bsum_positive_lower_bound_element" classname="de.uka.ilkd.key.proof.proverules.ProveRulesTest" time="3.931"/>
  <testcase name="bsum_sub_same_index" classname="de.uka.ilkd.key.proof.proverules.ProveRulesTest" time="3.864"/>
  <testcase name="bsum_less_same_index" classname="de.uka.ilkd.key.proof.proverules.ProveRulesTest" time="3.958"/>
  <testcase name="bsum_equal_except_one_index" classname="de.uka.ilkd.key.proof.proverules.ProveRulesTest" time="3.892"/>
  <testcase name="bsum_num_of_is_max" classname="de.uka.ilkd.key.proof.proverules.ProveRulesTest" time="3.824"/>
  <testcase name="bsum_num_of_is_max2" classname="de.uka.ilkd.key.proof.proverules.ProveRulesTest" time="3.866"/>
  <testcase name="bsum_num_of_is_max3" classname="de.uka.ilkd.key.proof.proverules.ProveRulesTest" time="3.883"/>
  <testcase name="bsum_num_of_is_max4" classname="de.uka.ilkd.key.proof.proverules.ProveRulesTest" time="3.918"/>
  <testcase name="bsum_num_of_lt_max" classname="de.uka.ilkd.key.proof.proverules.ProveRulesTest" time="3.873"/>
  <testcase name="bsum_num_of_lt_max2" classname="de.uka.ilkd.key.proof.proverules.ProveRulesTest" time="3.94"/>
  <testcase name="bsum_num_of_lt_max3" classname="de.uka.ilkd.key.proof.proverules.ProveRulesTest" time="3.837"/>
  <testcase name="bsum_num_of_lt_max4" classname="de.uka.ilkd.key.proof.proverules.ProveRulesTest" time="3.943"/>
  <testcase name="bsum_num_of_gt0" classname="de.uka.ilkd.key.proof.proverules.ProveRulesTest" time="3.855"/>
  <testcase name="bsum_num_of_gt0_alt" classname="de.uka.ilkd.key.proof.proverules.ProveRulesTest" time="3.912"/>
  <testcase name="bsum_add_concrete" classname="de.uka.ilkd.key.proof.proverules.ProveRulesTest" time="3.803"/>
  <testcase name="bprod_all_positive" classname="de.uka.ilkd.key.proof.proverules.ProveRulesTest" time="3.923"/>
  <testcase name="bprod_split" classname="de.uka.ilkd.key.proof.proverules.ProveRulesTest" time="3.894"/>
  <testcase name="powConcrete0" classname="de.uka.ilkd.key.proof.proverules.ProveRulesTest" time="3.893"/>
  <testcase name="powConcrete1" classname="de.uka.ilkd.key.proof.proverules.ProveRulesTest" time="3.97"/>
  <testcase name="powSplitFactor" classname="de.uka.ilkd.key.proof.proverules.ProveRulesTest" time="3.778"/>
  <testcase name="powAdd" classname="de.uka.ilkd.key.proof.proverules.ProveRulesTest" time="3.931"/>
  <testcase name="powMono" classname="de.uka.ilkd.key.proof.proverules.ProveRulesTest" time="3.829"/>
  <testcase name="powMonoConcrete" classname="de.uka.ilkd.key.proof.proverules.ProveRulesTest" time="3.857"/>
  <testcase name="powMonoConcreteRight" classname="de.uka.ilkd.key.proof.proverules.ProveRulesTest" time="3.861"/>
  <testcase name="powPositive" classname="de.uka.ilkd.key.proof.proverules.ProveRulesTest" time="3.862"/>
  <testcase name="powPositiveConcrete" classname="de.uka.ilkd.key.proof.proverules.ProveRulesTest" time="3.812"/>
  <testcase name="powGeq1Concrete" classname="de.uka.ilkd.key.proof.proverules.ProveRulesTest" time="3.939"/>
  <testcase name="pow2InIntLower" classname="de.uka.ilkd.key.proof.proverules.ProveRulesTest" time="3.857"/>
  <testcase name="pow2InIntUpper" classname="de.uka.ilkd.key.proof.proverules.ProveRulesTest" time="3.868"/>
  <testcase name="logSelfConcrete" classname="de.uka.ilkd.key.proof.proverules.ProveRulesTest" time="3.892"/>
  <testcase name="log1Concrete" classname="de.uka.ilkd.key.proof.proverules.ProveRulesTest" time="3.844"/>
  <testcase name="logProduct" classname="de.uka.ilkd.key.proof.proverules.ProveRulesTest" time="3.9"/>
  <testcase name="logTimesBaseConcrete" classname="de.uka.ilkd.key.proof.proverules.ProveRulesTest" time="3.827"/>
  <testcase name="logProdIdentity" classname="de.uka.ilkd.key.proof.proverules.ProveRulesTest" time="3.877"/>
  <testcase name="logProdIdentityConcrete" classname="de.uka.ilkd.key.proof.proverules.ProveRulesTest" time="3.83"/>
  <testcase name="logPowIdentity" classname="de.uka.ilkd.key.proof.proverules.ProveRulesTest" time="3.888"/>
  <testcase name="logPowIdentityConcrete" classname="de.uka.ilkd.key.proof.proverules.ProveRulesTest" time="3.776"/>
  <testcase name="logPositive" classname="de.uka.ilkd.key.proof.proverules.ProveRulesTest" time="3.785"/>
  <testcase name="logPositiveConcrete" classname="de.uka.ilkd.key.proof.proverules.ProveRulesTest" time="3.784"/>
  <testcase name="logMono" classname="de.uka.ilkd.key.proof.proverules.ProveRulesTest" time="3.938"/>
  <testcase name="logMonoConcrete" classname="de.uka.ilkd.key.proof.proverules.ProveRulesTest" time="3.76"/>
  <testcase name="powLogLess" classname="de.uka.ilkd.key.proof.proverules.ProveRulesTest" time="3.804"/>
  <testcase name="powLogMore2" classname="de.uka.ilkd.key.proof.proverules.ProveRulesTest" time="3.866"/>
  <testcase name="logLessThanPow" classname="de.uka.ilkd.key.proof.proverules.ProveRulesTest" time="3.959"/>
  <testcase name="logLessThanPowConcrete" classname="de.uka.ilkd.key.proof.proverules.ProveRulesTest" time="3.918"/>
  <testcase name="logSqueeze" classname="de.uka.ilkd.key.proof.proverules.ProveRulesTest" time="3.754"/>
  <testcase name="ifthenelse_equals" classname="de.uka.ilkd.key.proof.proverules.ProveRulesTest" time="3.798"/>
  <testcase name="ifthenelse_equals_1" classname="de.uka.ilkd.key.proof.proverules.ProveRulesTest" time="3.898"/>
  <testcase name="ifthenelse_equals_2" classname="de.uka.ilkd.key.proof.proverules.ProveRulesTest" time="3.828"/>
  <testcase name="disjointWithSingleton1" classname="de.uka.ilkd.key.proof.proverules.ProveRulesTest" time="3.818"/>
  <testcase name="disjointWithSingleton2" classname="de.uka.ilkd.key.proof.proverules.ProveRulesTest" time="3.857"/>
  <testcase name="disjointArrayRanges" classname="de.uka.ilkd.key.proof.proverules.ProveRulesTest" time="3.781"/>
  <testcase name="disjointArrayRangeAllFields1" classname="de.uka.ilkd.key.proof.proverules.ProveRulesTest" time="3.853"/>
  <testcase name="disjointArrayRangeAllFields2" classname="de.uka.ilkd.key.proof.proverules.ProveRulesTest" time="3.799"/>
  <testcase name="seqSelfDefinition" classname="de.uka.ilkd.key.proof.proverules.ProveRulesTest" time="3.94"/>
  <testcase name="seqOutsideValue" classname="de.uka.ilkd.key.proof.proverules.ProveRulesTest" time="3.873"/>
  <testcase name="castedGetAny" classname="de.uka.ilkd.key.proof.proverules.ProveRulesTest" time="3.858"/>
  <testcase name="seqGetAlphaCast" classname="de.uka.ilkd.key.proof.proverules.ProveRulesTest" time="3.846"/>
  <testcase name="getOfSeqSingleton" classname="de.uka.ilkd.key.proof.proverules.ProveRulesTest" time="3.957"/>
  <testcase name="getOfSeqSingletonConcrete" classname="de.uka.ilkd.key.proof.proverules.ProveRulesTest" time="3.838"/>
  <testcase name="getOfSeqConcat" classname="de.uka.ilkd.key.proof.proverules.ProveRulesTest" time="3.892"/>
  <testcase name="getOfSeqSub" classname="de.uka.ilkd.key.proof.proverules.ProveRulesTest" time="3.946"/>
  <testcase name="getOfSeqReverse" classname="de.uka.ilkd.key.proof.proverules.ProveRulesTest" time="3.868"/>
  <testcase name="lenOfSeqEmpty" classname="de.uka.ilkd.key.proof.proverules.ProveRulesTest" time="3.849"/>
  <testcase name="lenOfSeqSingleton" classname="de.uka.ilkd.key.proof.proverules.ProveRulesTest" time="3.778"/>
  <testcase name="lenOfSeqConcat" classname="de.uka.ilkd.key.proof.proverules.ProveRulesTest" time="3.782"/>
  <testcase name="lenOfSeqSub" classname="de.uka.ilkd.key.proof.proverules.ProveRulesTest" time="3.773"/>
  <testcase name="lenOfSeqReverse" classname="de.uka.ilkd.key.proof.proverules.ProveRulesTest" time="3.779"/>
  <testcase name="equalityToSeqGetAndSeqLenLeft" classname="de.uka.ilkd.key.proof.proverules.ProveRulesTest" time="3.825"/>
  <testcase name="equalityToSeqGetAndSeqLenRight" classname="de.uka.ilkd.key.proof.proverules.ProveRulesTest" time="3.841"/>
  <testcase name="getOfSeqSingletonEQ" classname="de.uka.ilkd.key.proof.proverules.ProveRulesTest" time="3.885"/>
  <testcase name="getOfSeqConcatEQ" classname="de.uka.ilkd.key.proof.proverules.ProveRulesTest" time="3.949"/>
  <testcase name="getOfSeqSubEQ" classname="de.uka.ilkd.key.proof.proverules.ProveRulesTest" time="3.94"/>
  <testcase name="getOfSeqReverseEQ" classname="de.uka.ilkd.key.proof.proverules.ProveRulesTest" time="4.027"/>
  <testcase name="lenOfSeqEmptyEQ" classname="de.uka.ilkd.key.proof.proverules.ProveRulesTest" time="4.033"/>
  <testcase name="lenOfSeqSingletonEQ" classname="de.uka.ilkd.key.proof.proverules.ProveRulesTest" time="3.954"/>
  <testcase name="lenOfSeqConcatEQ" classname="de.uka.ilkd.key.proof.proverules.ProveRulesTest" time="3.816"/>
  <testcase name="lenOfSeqSubEQ" classname="de.uka.ilkd.key.proof.proverules.ProveRulesTest" time="3.801"/>
  <testcase name="lenOfSeqReverseEQ" classname="de.uka.ilkd.key.proof.proverules.ProveRulesTest" time="3.883"/>
  <testcase name="getOfSeqDefEQ" classname="de.uka.ilkd.key.proof.proverules.ProveRulesTest" time="3.881"/>
  <testcase name="lenOfSeqDefEQ" classname="de.uka.ilkd.key.proof.proverules.ProveRulesTest" time="3.917"/>
  <testcase name="seqConcatWithSeqEmpty1" classname="de.uka.ilkd.key.proof.proverules.ProveRulesTest" time="3.846"/>
  <testcase name="seqConcatWithSeqEmpty2" classname="de.uka.ilkd.key.proof.proverules.ProveRulesTest" time="3.876"/>
  <testcase name="seqReverseOfSeqEmpty" classname="de.uka.ilkd.key.proof.proverules.ProveRulesTest" time="3.817"/>
  <testcase name="subSeqComplete" classname="de.uka.ilkd.key.proof.proverules.ProveRulesTest" time="3.809"/>
  <testcase name="subSeqTailR" classname="de.uka.ilkd.key.proof.proverules.ProveRulesTest" time="3.947"/>
  <testcase name="subSeqTailL" classname="de.uka.ilkd.key.proof.proverules.ProveRulesTest" time="3.882"/>
  <testcase name="subSeqTailEQR" classname="de.uka.ilkd.key.proof.proverules.ProveRulesTest" time="3.898"/>
  <testcase name="subSeqTailEQL" classname="de.uka.ilkd.key.proof.proverules.ProveRulesTest" time="3.82"/>
  <testcase name="seqDef_split" classname="de.uka.ilkd.key.proof.proverules.ProveRulesTest" time="3.899"/>
  <testcase name="seqDef_induction_upper" classname="de.uka.ilkd.key.proof.proverules.ProveRulesTest" time="3.886"/>
  <testcase name="seqDef_induction_upper_concrete" classname="de.uka.ilkd.key.proof.proverules.ProveRulesTest" time="3.913"/>
  <testcase name="seqDef_induction_lower" classname="de.uka.ilkd.key.proof.proverules.ProveRulesTest" time="3.939"/>
  <testcase name="seqDef_induction_lower_concrete" classname="de.uka.ilkd.key.proof.proverules.ProveRulesTest" time="3.93"/>
  <testcase name="seqDef_split_in_three" classname="de.uka.ilkd.key.proof.proverules.ProveRulesTest" time="4.152"/>
  <testcase name="seqDef_empty" classname="de.uka.ilkd.key.proof.proverules.ProveRulesTest" time="3.846"/>
  <testcase name="seqDef_one_summand" classname="de.uka.ilkd.key.proof.proverules.ProveRulesTest" time="3.791"/>
  <testcase name="seqDef_lower_equals_upper" classname="de.uka.ilkd.key.proof.proverules.ProveRulesTest" time="3.79"/>
  <testcase name="seqDefOfSeq" classname="de.uka.ilkd.key.proof.proverules.ProveRulesTest" time="3.848"/>
  <testcase name="seqSelfDefinitionEQ2" classname="de.uka.ilkd.key.proof.proverules.ProveRulesTest" time="3.805"/>
  <testcase name="indexOfSeqSingleton" classname="de.uka.ilkd.key.proof.proverules.ProveRulesTest" time="3.878"/>
  <testcase name="indexOfSeqConcatFirst" classname="de.uka.ilkd.key.proof.proverules.ProveRulesTest" time="3.904"/>
  <testcase name="indexOfSeqConcatSecond" classname="de.uka.ilkd.key.proof.proverules.ProveRulesTest" time="3.896"/>
  <testcase name="indexOfSeqSub" classname="de.uka.ilkd.key.proof.proverules.ProveRulesTest" time="3.904"/>
  <testcase name="lenOfArray2seq" classname="de.uka.ilkd.key.proof.proverules.ProveRulesTest" time="3.906"/>
  <testcase name="getAnyOfArray2seq" classname="de.uka.ilkd.key.proof.proverules.ProveRulesTest" time="3.855"/>
  <testcase name="getOfArray2seq" classname="de.uka.ilkd.key.proof.proverules.ProveRulesTest" time="3.829"/>
  <testcase name="getAnyOfNPermInv" classname="de.uka.ilkd.key.proof.proverules.ProveRulesTest" time="3.879"/>
  <testcase name="seqNPermRange" classname="de.uka.ilkd.key.proof.proverules.ProveRulesTest" time="4.143"/>
  <testcase name="seqPermTrans" classname="de.uka.ilkd.key.proof.proverules.ProveRulesTest" time="4.092"/>
  <testcase name="seqPermRefl" classname="de.uka.ilkd.key.proof.proverules.ProveRulesTest" time="3.838"/>
  <testcase name="seqPermSplit" classname="de.uka.ilkd.key.proof.proverules.ProveRulesTest" time="3.873"/>
  <testcase name="seqNPermRight" classname="de.uka.ilkd.key.proof.proverules.ProveRulesTest" time="4.379"/>
  <testcase name="seqPermFromSwap" classname="de.uka.ilkd.key.proof.proverules.ProveRulesTest" time="4.046"/>
  <testcase name="seqPermTransAlt0" classname="de.uka.ilkd.key.proof.proverules.ProveRulesTest" time="3.861"/>
  <testcase name="seqPermTransAlt1" classname="de.uka.ilkd.key.proof.proverules.ProveRulesTest" time="3.848"/>
  <testcase name="seqPermTransAlt2" classname="de.uka.ilkd.key.proof.proverules.ProveRulesTest" time="3.882"/>
  <testcase name="seqPermTransAlt3" classname="de.uka.ilkd.key.proof.proverules.ProveRulesTest" time="3.823"/>
  <testcase name="schiffl_lemma_2" classname="de.uka.ilkd.key.proof.proverules.ProveRulesTest" time="25.36"/>
  <testcase name="schiffl_thm_1" classname="de.uka.ilkd.key.proof.proverules.ProveRulesTest" time="4.895"/>
  <testcase name="eqSameSeq" classname="de.uka.ilkd.key.proof.proverules.ProveRulesTest" time="4.002"/>
  <system-out><![CDATA[11:15:10,547 |-INFO in ch.qos.logback.classic.LoggerContext[default] - Could NOT find resource [logback-test.xml]
11:15:10,548 |-INFO in ch.qos.logback.classic.LoggerContext[default] - Found resource [logback.xml] at [file:/home/runner/work/key/key/key.core/build/resources/test/logback.xml]
11:15:10,852 |-INFO in ch.qos.logback.classic.joran.action.ConfigurationAction - debug attribute not set
11:15:10,852 |-INFO in ch.qos.logback.core.joran.action.AppenderAction - About to instantiate appender of type [ch.qos.logback.core.ConsoleAppender]
11:15:10,857 |-INFO in ch.qos.logback.core.joran.action.AppenderAction - Naming appender as [STDOUT]
11:15:10,861 |-ERROR in ch.qos.logback.core.joran.spi.Interpreter@3:15 - no applicable action for [file], current ElementPath  is [[configuration][appender][file]]
11:15:10,861 |-ERROR in ch.qos.logback.core.joran.spi.Interpreter@4:17 - no applicable action for [append], current ElementPath  is [[configuration][appender][append]]
11:15:10,863 |-INFO in ch.qos.logback.core.joran.action.NestedComplexPropertyIA - Assuming default type [ch.qos.logback.classic.encoder.PatternLayoutEncoder] for [encoder] property
11:15:10,886 |-INFO in ch.qos.logback.classic.joran.action.RootLoggerAction - Setting level of ROOT logger to WARN
11:15:10,886 |-INFO in ch.qos.logback.core.joran.action.AppenderRefAction - Attaching appender named [STDOUT] to Logger[ROOT]
11:15:10,886 |-INFO in ch.qos.logback.classic.joran.action.ConfigurationAction - End of configuration.
11:15:10,887 |-INFO in ch.qos.logback.classic.joran.JoranConfigurator@5b43fbf6 - Registering current configuration as safe fallback point

811        WARN  Test worker     d.u.i.k.s.ProofSettings   No proof-settings could be loaded, using defaults java.io.FileNotFoundException: /home/runner/.key/proof-settings.props (No such file or directory)
	at java.base/java.io.FileInputStream.open0(Native Method)

]]></system-out>
  <system-err><![CDATA[]]></system-err>
</testsuite>
