<?xml version="1.0" encoding="UTF-8"?>
<testsuite name="recoder.testsuite.fixedbugs.FixedBugs" tests="5" skipped="0" failures="0" errors="0" timestamp="2023-01-31T07:51:28" hostname="fv-az545-349" time="0.059">
  <properties/>
  <testcase name="testBasicReflectionImport" classname="recoder.testsuite.fixedbugs.FixedBugs" time="0.004"/>
  <testcase name="testConstructorStartPosition" classname="recoder.testsuite.fixedbugs.FixedBugs" time="0.012"/>
  <testcase name="testFieldTypes" classname="recoder.testsuite.fixedbugs.FixedBugs" time="0.015"/>
  <testcase name="testComments" classname="recoder.testsuite.fixedbugs.FixedBugs" time="0.003"/>
  <testcase name="testIncorrectFileEnd" classname="recoder.testsuite.fixedbugs.FixedBugs" time="0.024"/>
  <system-out><![CDATA[]]></system-out>
  <system-err><![CDATA[]]></system-err>
</testsuite>
