<?xml version="1.0" encoding="UTF-8"?>
<testsuite name="org.key_project.util.testcase.collection.TestSetAsListOfString" tests="7" skipped="0" failures="0" errors="0" timestamp="2023-04-03T17:20:46" hostname="fv-az454-807" time="0.025">
  <properties/>
  <testcase name="testAdd()" classname="org.key_project.util.testcase.collection.TestSetAsListOfString" time="0.001"/>
  <testcase name="testUnion()" classname="org.key_project.util.testcase.collection.TestSetAsListOfString" time="0.006"/>
  <testcase name="testToString()" classname="org.key_project.util.testcase.collection.TestSetAsListOfString" time="0.001"/>
  <testcase name="testUnionRemoveDuplicates()" classname="org.key_project.util.testcase.collection.TestSetAsListOfString" time="0.001"/>
  <testcase name="testRemove()" classname="org.key_project.util.testcase.collection.TestSetAsListOfString" time="0.001"/>
  <testcase name="testSubset()" classname="org.key_project.util.testcase.collection.TestSetAsListOfString" time="0.001"/>
  <testcase name="testUnionEmptyWithNonEmptySet()" classname="org.key_project.util.testcase.collection.TestSetAsListOfString" time="0.004"/>
  <system-out><![CDATA[]]></system-out>
  <system-err><![CDATA[]]></system-err>
</testsuite>
