<?xml version="1.0" encoding="UTF-8"?>
<testsuite name="de.uka.ilkd.key.testcase.smt.testgen.TestTestgen" tests="1" skipped="0" failures="0" errors="0" timestamp="2023-05-02T18:18:50" hostname="fv-az797-682" time="4.752">
  <properties/>
  <testcase name="testMiddle()" classname="de.uka.ilkd.key.testcase.smt.testgen.TestTestgen" time="4.752"/>
  <system-out><![CDATA[16997      WARN  Test worker     d.u.i.k.t.s.t.TestTestgen Warning: Z3_CE is not installed, tests skipped. 
17008      WARN  Test worker     d.u.i.k.t.s.t.TestTestgen Maybe use JVM system property "z3SolverPath" to define the path to the Z3 command. 
17010      INFO  Test worker     d.u.i.k.p.i.AbstractProblemLoader Loading environment from src/test/resources/testcase/smt/tg/middle.key 
17011      DEBUG Test worker     d.u.i.k.p.i.AbstractProblemLoader Environment load took 512.7ns 
17021      INFO  Test worker     d.u.i.k.p.i.AbstractProblemLoader Creating init config 
21025      DEBUG Test worker     d.u.i.k.p.i.AbstractProblemLoader Init config took 4s 
21107      INFO  Test worker     d.u.i.k.p.i.AbstractProblemLoader Replaying proof Middle[Middle::middle(int,int,int)].JML normal_behavior operation contract.0 
21110      DEBUG Test worker     d.u.i.k.p.i.IntermediateProofReplayer Proof replay took 16.8ns 
]]></system-out>
  <system-err><![CDATA[]]></system-err>
</testsuite>
