<?xml version="1.0" encoding="UTF-8"?>
<testsuite name="de.uka.ilkd.key.nparser.ParseLDTsTests" tests="2" skipped="0" failures="0" errors="0" timestamp="2023-04-05T11:39:26" hostname="fv-az570-116" time="1.102">
  <properties/>
  <testcase name="testLDT()" classname="de.uka.ilkd.key.nparser.ParseLDTsTests" time="0.014"/>
  <testcase name="testSR()" classname="de.uka.ilkd.key.nparser.ParseLDTsTests" time="1.088"/>
  <system-out><![CDATA[215482     INFO  Test worker     d.u.i.k.n.KeyIO           Parsing took 6 ms 
215483     INFO  Test worker     d.u.i.k.n.KeyIO           MODE: declarations took 1 ms 
215936     INFO  Test worker     d.u.i.k.n.KeyIO           Parsing took 447 ms 
215939     INFO  Test worker     d.u.i.k.n.KeyIO           MODE: declarations took 3 ms 
]]></system-out>
  <system-err><![CDATA[]]></system-err>
</testsuite>
