<?xml version="1.0" encoding="UTF-8"?>
<testsuite name="de.uka.ilkd.key.parser.TestDeclParser" tests="14" skipped="2" failures="0" errors="0" timestamp="2023-04-05T11:39:36" hostname="fv-az570-116" time="11.99">
  <properties/>
  <testcase name="testGenericSortDecl1()" classname="de.uka.ilkd.key.parser.TestDeclParser" time="1.074"/>
  <testcase name="testGenericSortDecl2()" classname="de.uka.ilkd.key.parser.TestDeclParser" time="0.965"/>
  <testcase name="testGenericSortDecl3()" classname="de.uka.ilkd.key.parser.TestDeclParser" time="1.046"/>
  <testcase name="testGenericSortDecl4()" classname="de.uka.ilkd.key.parser.TestDeclParser" time="1.027"/>
  <testcase name="testGenericSortDecl5()" classname="de.uka.ilkd.key.parser.TestDeclParser" time="0.001">
    <skipped/>
  </testcase>
  <testcase name="testGenericSortDecl6()" classname="de.uka.ilkd.key.parser.TestDeclParser" time="1.021"/>
  <testcase name="testSortDecl()" classname="de.uka.ilkd.key.parser.TestDeclParser" time="0.941"/>
  <testcase name="testProxySortDecl()" classname="de.uka.ilkd.key.parser.TestDeclParser" time="1.009"/>
  <testcase name="testArrayDecl()" classname="de.uka.ilkd.key.parser.TestDeclParser" time="0.997"/>
  <testcase name="testAmbiguousDecls()" classname="de.uka.ilkd.key.parser.TestDeclParser" time="0.0">
    <skipped/>
  </testcase>
  <testcase name="testHeurDecl()" classname="de.uka.ilkd.key.parser.TestDeclParser" time="0.941"/>
  <testcase name="testFunctionDecl()" classname="de.uka.ilkd.key.parser.TestDeclParser" time="1.004"/>
  <testcase name="testPredicateDecl()" classname="de.uka.ilkd.key.parser.TestDeclParser" time="1.01"/>
  <testcase name="testSVDecl()" classname="de.uka.ilkd.key.parser.TestDeclParser" time="0.952"/>
  <system-out><![CDATA[227080     INFO  Test worker     d.u.i.k.n.KeyIO           Parsing took 0 ms 
227081     INFO  Test worker     d.u.i.k.n.KeyIO           MODE: declarations took 1 ms 
228046     INFO  Test worker     d.u.i.k.n.KeyIO           Parsing took 0 ms 
228046     INFO  Test worker     d.u.i.k.n.KeyIO           MODE: declarations took 0 ms 
229092     INFO  Test worker     d.u.i.k.n.KeyIO           Parsing took 0 ms 
229092     INFO  Test worker     d.u.i.k.n.KeyIO           MODE: declarations took 0 ms 
230120     INFO  Test worker     d.u.i.k.n.KeyIO           Parsing took 0 ms 
230120     INFO  Test worker     d.u.i.k.n.KeyIO           MODE: declarations took 0 ms 
231142     INFO  Test worker     d.u.i.k.n.KeyIO           Parsing took 0 ms 
231142     INFO  Test worker     d.u.i.k.n.KeyIO           MODE: declarations took 0 ms 
232082     INFO  Test worker     d.u.i.k.n.KeyIO           Parsing took 0 ms 
232083     INFO  Test worker     d.u.i.k.n.KeyIO           MODE: declarations took 1 ms 
233092     INFO  Test worker     d.u.i.k.n.KeyIO           Parsing took 0 ms 
233092     INFO  Test worker     d.u.i.k.n.KeyIO           MODE: declarations took 0 ms 
234089     INFO  Test worker     d.u.i.k.n.KeyIO           Parsing took 0 ms 
234089     INFO  Test worker     d.u.i.k.n.KeyIO           MODE: declarations took 0 ms 
235031     INFO  Test worker     d.u.i.k.n.KeyIO           Parsing took 0 ms 
235031     INFO  Test worker     d.u.i.k.n.KeyIO           MODE: declarations took 0 ms 
236035     INFO  Test worker     d.u.i.k.n.KeyIO           Parsing took 0 ms 
236035     INFO  Test worker     d.u.i.k.n.KeyIO           MODE: declarations took 0 ms 
237044     INFO  Test worker     d.u.i.k.n.KeyIO           Parsing took 0 ms 
237045     INFO  Test worker     d.u.i.k.n.KeyIO           MODE: declarations took 0 ms 
237996     INFO  Test worker     d.u.i.k.n.KeyIO           Parsing took 0 ms 
237996     INFO  Test worker     d.u.i.k.n.KeyIO           MODE: declarations took 0 ms 
]]></system-out>
  <system-err><![CDATA[]]></system-err>
</testsuite>
