<?xml version="1.0" encoding="UTF-8"?>
<testsuite name="de.uka.ilkd.key.taclettranslation.TestTacletTranslator" tests="5" skipped="0" failures="0" errors="0" timestamp="2023-04-05T11:50:32" hostname="fv-az570-116" time="0.009">
  <properties/>
  <testcase name="testPropositional1()" classname="de.uka.ilkd.key.taclettranslation.TestTacletTranslator" time="0.004"/>
  <testcase name="testPropositional2()" classname="de.uka.ilkd.key.taclettranslation.TestTacletTranslator" time="0.001"/>
  <testcase name="testNegativePolarity()" classname="de.uka.ilkd.key.taclettranslation.TestTacletTranslator" time="0.001"/>
  <testcase name="testNoPolarity()" classname="de.uka.ilkd.key.taclettranslation.TestTacletTranslator" time="0.0"/>
  <testcase name="testPositivePolarity()" classname="de.uka.ilkd.key.taclettranslation.TestTacletTranslator" time="0.001"/>
  <system-out><![CDATA[881683     INFO  Test worker     d.u.i.k.n.KeyIO           Parsing took 0 ms 
881684     INFO  Test worker     d.u.i.k.n.KeyIO           MODE: declarations took 0 ms 
881687     INFO  Test worker     d.u.i.k.n.KeyIO           Parsing took 0 ms 
881687     INFO  Test worker     d.u.i.k.n.KeyIO           MODE: declarations took 0 ms 
881688     INFO  Test worker     d.u.i.k.n.KeyIO           Parsing took 0 ms 
881688     INFO  Test worker     d.u.i.k.n.KeyIO           MODE: declarations took 0 ms 
881689     INFO  Test worker     d.u.i.k.n.KeyIO           Parsing took 0 ms 
881689     INFO  Test worker     d.u.i.k.n.KeyIO           MODE: declarations took 0 ms 
881690     INFO  Test worker     d.u.i.k.n.KeyIO           Parsing took 0 ms 
881690     INFO  Test worker     d.u.i.k.n.KeyIO           MODE: declarations took 0 ms 
]]></system-out>
  <system-err><![CDATA[]]></system-err>
</testsuite>
