<?xml version="1.0" encoding="UTF-8"?>
<testsuite name="de.uka.ilkd.key.nparser.ExprTest" tests="23" skipped="0" failures="0" errors="0" timestamp="2023-04-05T11:39:23" hostname="fv-az570-116" time="2.314">
  <properties/>
  <testcase name="[1] (bprod{int y;}(1, 2, y) = 0)" classname="de.uka.ilkd.key.nparser.ExprTest" time="0.031"/>
  <testcase name="[2] 1 = 1 -&gt; 2 = 2" classname="de.uka.ilkd.key.nparser.ExprTest" time="0.025"/>
  <testcase name="[3] \&lt; { int x = 1; } \&gt; x=1" classname="de.uka.ilkd.key.nparser.ExprTest" time="1.04"/>
  <testcase name="[4] \&lt;{ int x = 1; {int s = 2;} }\&gt; x=x" classname="de.uka.ilkd.key.nparser.ExprTest" time="0.97"/>
  <testcase name="[5] true" classname="de.uka.ilkd.key.nparser.ExprTest" time="0.014"/>
  <testcase name="[6] true &amp; false" classname="de.uka.ilkd.key.nparser.ExprTest" time="0.011"/>
  <testcase name="[7] 0" classname="de.uka.ilkd.key.nparser.ExprTest" time="0.012"/>
  <testcase name="[8] 1" classname="de.uka.ilkd.key.nparser.ExprTest" time="0.012"/>
  <testcase name="[9] 42" classname="de.uka.ilkd.key.nparser.ExprTest" time="0.013"/>
  <testcase name="[10] -5" classname="de.uka.ilkd.key.nparser.ExprTest" time="0.012"/>
  <testcase name="[11] 1 + 1 = 2" classname="de.uka.ilkd.key.nparser.ExprTest" time="0.011"/>
  <testcase name="[12] \if (3=4) \then (1) \else (2)" classname="de.uka.ilkd.key.nparser.ExprTest" time="0.014"/>
  <testcase name="[13] \if (3=4 &amp; 1=1) \then (\if (3=4) \then (1) \else (2)) \else (2)" classname="de.uka.ilkd.key.nparser.ExprTest" time="0.012"/>
  <testcase name="[14] aa + bb*cc" classname="de.uka.ilkd.key.nparser.ExprTest" time="0.012"/>
  <testcase name="[15] aa%bb*cc &lt; -123" classname="de.uka.ilkd.key.nparser.ExprTest" time="0.012"/>
  <testcase name="[16] \forall int x; true" classname="de.uka.ilkd.key.nparser.ExprTest" time="0.012"/>
  <testcase name="[17] \forall numbers x; x = x" classname="de.uka.ilkd.key.nparser.ExprTest" time="0.011"/>
  <testcase name="[18] (int)3+2" classname="de.uka.ilkd.key.nparser.ExprTest" time="0.01"/>
  <testcase name="[19] 1.f + 1f = 20e-1f * (2f-1f)" classname="de.uka.ilkd.key.nparser.ExprTest" time="0.013"/>
  <testcase name="[20] 1.d + 1d &lt;= 20e+1d * .01d" classname="de.uka.ilkd.key.nparser.ExprTest" time="0.012"/>
  <testcase name="[21] 1f &lt;= 2f" classname="de.uka.ilkd.key.nparser.ExprTest" time="0.011"/>
  <testcase name="[22] 2d &gt; 1d" classname="de.uka.ilkd.key.nparser.ExprTest" time="0.013"/>
  <testcase name="[23] seqEmpty + seqEmpty" classname="de.uka.ilkd.key.nparser.ExprTest" time="0.01"/>
  <system-out><![CDATA[213176     INFO  Test worker     d.u.i.k.n.KeyIO           Parsing took 15 ms 
213179     INFO  Test worker     d.u.i.k.n.KeyIO           MODE: declarations took 3 ms 
213189     INFO  Test worker     d.u.i.k.n.ExprTest        Term: equals(bprod{y:int}(Z(1(#)),Z(2(#)),y),Z(0(#))) 
213206     INFO  Test worker     d.u.i.k.n.KeyIO           Parsing took 12 ms 
213207     INFO  Test worker     d.u.i.k.n.KeyIO           MODE: declarations took 1 ms 
213215     INFO  Test worker     d.u.i.k.n.ExprTest        Term: imp(equals(Z(1(#)),Z(1(#))),equals(Z(2(#)),Z(2(#)))) 
213234     INFO  Test worker     d.u.i.k.n.KeyIO           Parsing took 16 ms 
213235     INFO  Test worker     d.u.i.k.n.KeyIO           MODE: declarations took 1 ms 
214255     INFO  Test worker     d.u.i.k.n.ExprTest        Term: \<{
  int x = 1;
}\> (equals(x,Z(1(#)))) 
214271     INFO  Test worker     d.u.i.k.n.KeyIO           Parsing took 11 ms 
214273     INFO  Test worker     d.u.i.k.n.KeyIO           MODE: declarations took 1 ms 
215228     INFO  Test worker     d.u.i.k.n.ExprTest        Term: \<{
  int x = 1;
  {
    int s = 2;
  }
}\> (equals(x,x)) 
215239     INFO  Test worker     d.u.i.k.n.KeyIO           Parsing took 9 ms 
215241     INFO  Test worker     d.u.i.k.n.KeyIO           MODE: declarations took 1 ms 
215243     INFO  Test worker     d.u.i.k.n.ExprTest        Term: true 
215252     INFO  Test worker     d.u.i.k.n.KeyIO           Parsing took 7 ms 
215253     INFO  Test worker     d.u.i.k.n.KeyIO           MODE: declarations took 1 ms 
215255     INFO  Test worker     d.u.i.k.n.ExprTest        Term: and(true,false) 
215265     INFO  Test worker     d.u.i.k.n.KeyIO           Parsing took 8 ms 
215265     INFO  Test worker     d.u.i.k.n.KeyIO           MODE: declarations took 0 ms 
215267     INFO  Test worker     d.u.i.k.n.ExprTest        Term: Z(0(#)) 
215277     INFO  Test worker     d.u.i.k.n.KeyIO           Parsing took 8 ms 
215278     INFO  Test worker     d.u.i.k.n.KeyIO           MODE: declarations took 1 ms 
215280     INFO  Test worker     d.u.i.k.n.ExprTest        Term: Z(1(#)) 
215290     INFO  Test worker     d.u.i.k.n.KeyIO           Parsing took 9 ms 
215291     INFO  Test worker     d.u.i.k.n.KeyIO           MODE: declarations took 1 ms 
215293     INFO  Test worker     d.u.i.k.n.ExprTest        Term: Z(2(4(#))) 
215302     INFO  Test worker     d.u.i.k.n.KeyIO           Parsing took 7 ms 
215303     INFO  Test worker     d.u.i.k.n.KeyIO           MODE: declarations took 1 ms 
215305     INFO  Test worker     d.u.i.k.n.ExprTest        Term: Z(neglit(5(#))) 
215314     INFO  Test worker     d.u.i.k.n.KeyIO           Parsing took 7 ms 
215315     INFO  Test worker     d.u.i.k.n.KeyIO           MODE: declarations took 0 ms 
215317     INFO  Test worker     d.u.i.k.n.ExprTest        Term: equals(add(Z(1(#)),Z(1(#))),Z(2(#))) 
215328     INFO  Test worker     d.u.i.k.n.KeyIO           Parsing took 9 ms 
215330     INFO  Test worker     d.u.i.k.n.KeyIO           MODE: declarations took 2 ms 
215332     INFO  Test worker     d.u.i.k.n.ExprTest        Term: if-then-else(equals(Z(3(#)),Z(4(#))),Z(1(#)),Z(2(#))) 
215341     INFO  Test worker     d.u.i.k.n.KeyIO           Parsing took 7 ms 
215342     INFO  Test worker     d.u.i.k.n.KeyIO           MODE: declarations took 1 ms 
215345     INFO  Test worker     d.u.i.k.n.ExprTest        Term: if-then-else(and(equals(Z(3(#)),Z(4(#))),equals(Z(1(#)),Z(1(#)))),if-then-else(equals(Z(3(#)),Z(4(#))),Z(1(#)),Z(2(#))),Z(2(#))) 
215354     INFO  Test worker     d.u.i.k.n.KeyIO           Parsing took 7 ms 
215355     INFO  Test worker     d.u.i.k.n.KeyIO           MODE: declarations took 1 ms 
215357     INFO  Test worker     d.u.i.k.n.ExprTest        Term: add(aa,mul(bb,cc)) 
215367     INFO  Test worker     d.u.i.k.n.KeyIO           Parsing took 8 ms 
215368     INFO  Test worker     d.u.i.k.n.KeyIO           MODE: declarations took 1 ms 
215370     INFO  Test worker     d.u.i.k.n.ExprTest        Term: lt(mul(mod(aa,bb),cc),Z(neglit(3(2(1(#)))))) 
215381     INFO  Test worker     d.u.i.k.n.KeyIO           Parsing took 8 ms 
215381     INFO  Test worker     d.u.i.k.n.KeyIO           MODE: declarations took 0 ms 
215384     INFO  Test worker     d.u.i.k.n.ExprTest        Term: all{x:int}(true) 
215394     INFO  Test worker     d.u.i.k.n.KeyIO           Parsing took 7 ms 
215395     INFO  Test worker     d.u.i.k.n.KeyIO           MODE: declarations took 1 ms 
215397     INFO  Test worker     d.u.i.k.n.ExprTest        Term: all{x:numbers}(equals(x,x)) 
215405     INFO  Test worker     d.u.i.k.n.KeyIO           Parsing took 7 ms 
215406     INFO  Test worker     d.u.i.k.n.KeyIO           MODE: declarations took 1 ms 
215408     INFO  Test worker     d.u.i.k.n.ExprTest        Term: add(int::cast(Z(3(#))),Z(2(#))) 
215420     INFO  Test worker     d.u.i.k.n.KeyIO           Parsing took 7 ms 
215421     INFO  Test worker     d.u.i.k.n.KeyIO           MODE: declarations took 1 ms 
215424     INFO  Test worker     d.u.i.k.n.ExprTest        Term: equals(addFloat(FP(6(1(2(3(5(3(5(6(0(1(#))))))))))),FP(6(1(2(3(5(3(5(6(0(1(#)))))))))))),mulFloat(FP(4(2(8(1(4(7(3(7(0(1(#))))))))))),subFloat(FP(4(2(8(1(4(7(3(7(0(1(#))))))))))),FP(6(1(2(3(5(3(5(6(0(1(#)))))))))))))) 
215433     INFO  Test worker     d.u.i.k.n.KeyIO           Parsing took 6 ms 
215435     INFO  Test worker     d.u.i.k.n.KeyIO           MODE: declarations took 2 ms 
215437     INFO  Test worker     d.u.i.k.n.ExprTest        Term: leqDouble(addDouble(DFP(8(0(4(7(1(0(0(0(8(8(1(4(2(8(1(7(0(6(4(#)))))))))))))))))))),DFP(8(0(4(7(1(0(0(0(8(8(1(4(2(8(1(7(0(6(4(#))))))))))))))))))))),mulDouble(DFP(4(8(7(6(0(0(2(8(9(0(9(8(0(4(2(1(4(6(4(#)))))))))))))))))))),DFP(5(7(6(7(8(0(4(0(3(9(2(2(8(1(9(6(7(5(4(#)))))))))))))))))))))) 
215446     INFO  Test worker     d.u.i.k.n.KeyIO           Parsing took 7 ms 
215447     INFO  Test worker     d.u.i.k.n.KeyIO           MODE: declarations took 1 ms 
215449     INFO  Test worker     d.u.i.k.n.ExprTest        Term: leqFloat(FP(6(1(2(3(5(3(5(6(0(1(#))))))))))),FP(4(2(8(1(4(7(3(7(0(1(#)))))))))))) 
215458     INFO  Test worker     d.u.i.k.n.KeyIO           Parsing took 7 ms 
215460     INFO  Test worker     d.u.i.k.n.KeyIO           MODE: declarations took 2 ms 
215462     INFO  Test worker     d.u.i.k.n.ExprTest        Term: gtDouble(DFP(4(0(9(7(8(3(7(2(4(8(1(0(6(8(6(1(1(6(4(#)))))))))))))))))))),DFP(8(0(4(7(1(0(0(0(8(8(1(4(2(8(1(7(0(6(4(#))))))))))))))))))))) 
215470     INFO  Test worker     d.u.i.k.n.KeyIO           Parsing took 6 ms 
215471     INFO  Test worker     d.u.i.k.n.KeyIO           MODE: declarations took 1 ms 
215473     INFO  Test worker     d.u.i.k.n.ExprTest        Term: seqConcat(seqEmpty,seqEmpty) 
]]></system-out>
  <system-err><![CDATA[]]></system-err>
</testsuite>
