<?xml version="1.0" encoding="UTF-8"?>
<testsuite name="de.uka.ilkd.key.parser.TestTermParserHeap" tests="39" skipped="0" failures="0" errors="0" timestamp="2023-04-05T11:41:21" hostname="fv-az570-116" time="120.728">
  <properties/>
  <testcase name="testBracketHeapUpdate()" classname="de.uka.ilkd.key.parser.TestTermParserHeap" time="0.022"/>
  <testcase name="testStore()" classname="de.uka.ilkd.key.parser.TestTermParserHeap" time="0.007"/>
  <testcase name="testUnknownConstant()" classname="de.uka.ilkd.key.parser.TestTermParserHeap" time="0.001"/>
  <testcase name="testAllFieldsSelector()" classname="de.uka.ilkd.key.parser.TestTermParserHeap" time="0.001"/>
  <testcase name="testParsePrettyPrintedSelect()" classname="de.uka.ilkd.key.parser.TestTermParserHeap" time="0.002"/>
  <testcase name="testAccessStaticMembers()" classname="de.uka.ilkd.key.parser.TestTermParserHeap" time="0.009"/>
  <testcase name="testAtOperator_1()" classname="de.uka.ilkd.key.parser.TestTermParserHeap" time="0.004"/>
  <testcase name="testAtOperator_2()" classname="de.uka.ilkd.key.parser.TestTermParserHeap" time="0.003"/>
  <testcase name="testAtOperator_3()" classname="de.uka.ilkd.key.parser.TestTermParserHeap" time="0.001"/>
  <testcase name="testAtOperator_4()" classname="de.uka.ilkd.key.parser.TestTermParserHeap" time="0.006"/>
  <testcase name="testAtOperator_5()" classname="de.uka.ilkd.key.parser.TestTermParserHeap" time="0.002"/>
  <testcase name="testAtOperator_6()" classname="de.uka.ilkd.key.parser.TestTermParserHeap" time="0.001"/>
  <testcase name="testAtOperator_7()" classname="de.uka.ilkd.key.parser.TestTermParserHeap" time="0.001"/>
  <testcase name="testAtOperator_8()" classname="de.uka.ilkd.key.parser.TestTermParserHeap" time="0.002"/>
  <testcase name="testVerifyExceptionIfAtOperatorNotPreceededBySelectTerm()" classname="de.uka.ilkd.key.parser.TestTermParserHeap" time="0.002"/>
  <testcase name="testBugResettingCounter()" classname="de.uka.ilkd.key.parser.TestTermParserHeap" time="0.002"/>
  <testcase name="testLocationSets()" classname="de.uka.ilkd.key.parser.TestTermParserHeap" time="0.002"/>
  <testcase name="testQuantifiedSelect()" classname="de.uka.ilkd.key.parser.TestTermParserHeap" time="0.002"/>
  <testcase name="testGenericObjectProperties()" classname="de.uka.ilkd.key.parser.TestTermParserHeap" time="0.001"/>
  <testcase name="testQueryInheritance_1()" classname="de.uka.ilkd.key.parser.TestTermParserHeap" time="0.002"/>
  <testcase name="testQueryInheritance_2()" classname="de.uka.ilkd.key.parser.TestTermParserHeap" time="0.002"/>
  <testcase name="testQueryInheritance_3()" classname="de.uka.ilkd.key.parser.TestTermParserHeap" time="0.001"/>
  <testcase name="testQueryInheritance_4()" classname="de.uka.ilkd.key.parser.TestTermParserHeap" time="0.001"/>
  <testcase name="testQueryInheritance_5()" classname="de.uka.ilkd.key.parser.TestTermParserHeap" time="0.001"/>
  <testcase name="testQueryInheritance_6()" classname="de.uka.ilkd.key.parser.TestTermParserHeap" time="0.001"/>
  <testcase name="testQueryInheritance_7()" classname="de.uka.ilkd.key.parser.TestTermParserHeap" time="0.001"/>
  <testcase name="testQueryInheritance_8()" classname="de.uka.ilkd.key.parser.TestTermParserHeap" time="0.003"/>
  <testcase name="testQueryInheritance_9()" classname="de.uka.ilkd.key.parser.TestTermParserHeap" time="0.004"/>
  <testcase name="testQueryBasic_10()" classname="de.uka.ilkd.key.parser.TestTermParserHeap" time="0.001"/>
  <testcase name="testQueryBasic_11()" classname="de.uka.ilkd.key.parser.TestTermParserHeap" time="0.001"/>
  <testcase name="testQueryBasic_1()" classname="de.uka.ilkd.key.parser.TestTermParserHeap" time="0.001"/>
  <testcase name="testQueryBasic_2()" classname="de.uka.ilkd.key.parser.TestTermParserHeap" time="0.002"/>
  <testcase name="testQueryBasic_3()" classname="de.uka.ilkd.key.parser.TestTermParserHeap" time="0.001"/>
  <testcase name="testQueryBasic_4()" classname="de.uka.ilkd.key.parser.TestTermParserHeap" time="0.002"/>
  <testcase name="testQueryBasic_5()" classname="de.uka.ilkd.key.parser.TestTermParserHeap" time="0.001"/>
  <testcase name="testQueryBasic_6()" classname="de.uka.ilkd.key.parser.TestTermParserHeap" time="0.002"/>
  <testcase name="testQueryBasic_7()" classname="de.uka.ilkd.key.parser.TestTermParserHeap" time="0.001"/>
  <testcase name="testQueryBasic_8()" classname="de.uka.ilkd.key.parser.TestTermParserHeap" time="0.001"/>
  <testcase name="testQueryBasic_9()" classname="de.uka.ilkd.key.parser.TestTermParserHeap" time="0.001"/>
  <system-out><![CDATA[330744     INFO  Test worker     d.u.i.k.n.KeyIO           Parsing took 0 ms 
330744     INFO  Test worker     d.u.i.k.n.KeyIO           MODE: declarations took 0 ms 
330744     INFO  Test worker     d.u.i.k.n.KeyIO           Parsing took 0 ms 
330744     INFO  Test worker     d.u.i.k.n.KeyIO           MODE: declarations took 0 ms 
330744     INFO  Test worker     d.u.i.k.n.KeyIO           Parsing took 0 ms 
330744     INFO  Test worker     d.u.i.k.n.KeyIO           MODE: declarations took 0 ms 
330744     INFO  Test worker     d.u.i.k.n.KeyIO           Parsing took 0 ms 
330744     INFO  Test worker     d.u.i.k.n.KeyIO           MODE: declarations took 0 ms 
330744     INFO  Test worker     d.u.i.k.n.KeyIO           Parsing took 0 ms 
330745     INFO  Test worker     d.u.i.k.n.KeyIO           MODE: declarations took 1 ms 
334075     INFO  Test worker     d.u.i.k.n.KeyIO           Parsing took 1 ms 
334075     INFO  Test worker     d.u.i.k.n.KeyIO           MODE: declarations took 0 ms 
334075     INFO  Test worker     d.u.i.k.n.KeyIO           Parsing took 0 ms 
334075     INFO  Test worker     d.u.i.k.n.KeyIO           MODE: declarations took 0 ms 
334075     INFO  Test worker     d.u.i.k.n.KeyIO           Parsing took 0 ms 
334075     INFO  Test worker     d.u.i.k.n.KeyIO           MODE: declarations took 0 ms 
334075     INFO  Test worker     d.u.i.k.n.KeyIO           Parsing took 0 ms 
334075     INFO  Test worker     d.u.i.k.n.KeyIO           MODE: declarations took 0 ms 
334075     INFO  Test worker     d.u.i.k.n.KeyIO           Parsing took 0 ms 
334075     INFO  Test worker     d.u.i.k.n.KeyIO           MODE: declarations took 0 ms 
337491     INFO  Test worker     d.u.i.k.n.KeyIO           Parsing took 0 ms 
337491     INFO  Test worker     d.u.i.k.n.KeyIO           MODE: declarations took 0 ms 
337491     INFO  Test worker     d.u.i.k.n.KeyIO           Parsing took 0 ms 
337491     INFO  Test worker     d.u.i.k.n.KeyIO           MODE: declarations took 0 ms 
337491     INFO  Test worker     d.u.i.k.n.KeyIO           Parsing took 0 ms 
337491     INFO  Test worker     d.u.i.k.n.KeyIO           MODE: declarations took 0 ms 
337491     INFO  Test worker     d.u.i.k.n.KeyIO           Parsing took 0 ms 
337491     INFO  Test worker     d.u.i.k.n.KeyIO           MODE: declarations took 0 ms 
337491     INFO  Test worker     d.u.i.k.n.KeyIO           Parsing took 0 ms 
337491     INFO  Test worker     d.u.i.k.n.KeyIO           MODE: declarations took 0 ms 
337492     INFO  Test worker     d.u.i.k.n.KeyIO           Parsing took 1 ms 
337492     INFO  Test worker     d.u.i.k.n.KeyIO           MODE: declarations took 0 ms 
340712     INFO  Test worker     d.u.i.k.n.KeyIO           Parsing took 0 ms 
340713     INFO  Test worker     d.u.i.k.n.KeyIO           MODE: declarations took 0 ms 
340713     INFO  Test worker     d.u.i.k.n.KeyIO           Parsing took 0 ms 
340713     INFO  Test worker     d.u.i.k.n.KeyIO           MODE: declarations took 0 ms 
340713     INFO  Test worker     d.u.i.k.n.KeyIO           Parsing took 0 ms 
340713     INFO  Test worker     d.u.i.k.n.KeyIO           MODE: declarations took 0 ms 
340713     INFO  Test worker     d.u.i.k.n.KeyIO           Parsing took 0 ms 
340713     INFO  Test worker     d.u.i.k.n.KeyIO           MODE: declarations took 0 ms 
340713     INFO  Test worker     d.u.i.k.n.KeyIO           Parsing took 0 ms 
340713     INFO  Test worker     d.u.i.k.n.KeyIO           MODE: declarations took 0 ms 
343944     INFO  Test worker     d.u.i.k.n.KeyIO           Parsing took 1 ms 
343944     INFO  Test worker     d.u.i.k.n.KeyIO           MODE: declarations took 0 ms 
343944     INFO  Test worker     d.u.i.k.n.KeyIO           Parsing took 0 ms 
343944     INFO  Test worker     d.u.i.k.n.KeyIO           MODE: declarations took 0 ms 
343944     INFO  Test worker     d.u.i.k.n.KeyIO           Parsing took 0 ms 
343944     INFO  Test worker     d.u.i.k.n.KeyIO           MODE: declarations took 0 ms 
343944     INFO  Test worker     d.u.i.k.n.KeyIO           Parsing took 0 ms 
343944     INFO  Test worker     d.u.i.k.n.KeyIO           MODE: declarations took 0 ms 
343944     INFO  Test worker     d.u.i.k.n.KeyIO           Parsing took 0 ms 
343944     INFO  Test worker     d.u.i.k.n.KeyIO           MODE: declarations took 0 ms 
347494     INFO  Test worker     d.u.i.k.n.KeyIO           Parsing took 0 ms 
347494     INFO  Test worker     d.u.i.k.n.KeyIO           MODE: declarations took 0 ms 
347494     INFO  Test worker     d.u.i.k.n.KeyIO           Parsing took 0 ms 
347495     INFO  Test worker     d.u.i.k.n.KeyIO           MODE: declarations took 0 ms 
347495     INFO  Test worker     d.u.i.k.n.KeyIO           Parsing took 0 ms 
347495     INFO  Test worker     d.u.i.k.n.KeyIO           MODE: declarations took 0 ms 
347495     INFO  Test worker     d.u.i.k.n.KeyIO           Parsing took 0 ms 
347495     INFO  Test worker     d.u.i.k.n.KeyIO           MODE: declarations took 0 ms 
347496     INFO  Test worker     d.u.i.k.n.KeyIO           Parsing took 1 ms 
347496     INFO  Test worker     d.u.i.k.n.KeyIO           MODE: declarations took 0 ms 
350621     INFO  Test worker     d.u.i.k.n.KeyIO           Parsing took 0 ms 
350621     INFO  Test worker     d.u.i.k.n.KeyIO           MODE: declarations took 0 ms 
350622     INFO  Test worker     d.u.i.k.n.KeyIO           Parsing took 0 ms 
350622     INFO  Test worker     d.u.i.k.n.KeyIO           MODE: declarations took 0 ms 
350622     INFO  Test worker     d.u.i.k.n.KeyIO           Parsing took 0 ms 
350622     INFO  Test worker     d.u.i.k.n.KeyIO           MODE: declarations took 0 ms 
350623     INFO  Test worker     d.u.i.k.n.KeyIO           Parsing took 0 ms 
350623     INFO  Test worker     d.u.i.k.n.KeyIO           MODE: declarations took 0 ms 
350623     INFO  Test worker     d.u.i.k.n.KeyIO           Parsing took 0 ms 
350623     INFO  Test worker     d.u.i.k.n.KeyIO           MODE: declarations took 0 ms 
353776     INFO  Test worker     d.u.i.k.n.KeyIO           Parsing took 0 ms 
353777     INFO  Test worker     d.u.i.k.n.KeyIO           MODE: declarations took 1 ms 
353777     INFO  Test worker     d.u.i.k.n.KeyIO           Parsing took 0 ms 
353777     INFO  Test worker     d.u.i.k.n.KeyIO           MODE: declarations took 0 ms 
353777     INFO  Test worker     d.u.i.k.n.KeyIO           Parsing took 0 ms 
353777     INFO  Test worker     d.u.i.k.n.KeyIO           MODE: declarations took 0 ms 
353778     INFO  Test worker     d.u.i.k.n.KeyIO           Parsing took 1 ms 
353778     INFO  Test worker     d.u.i.k.n.KeyIO           MODE: declarations took 0 ms 
353778     INFO  Test worker     d.u.i.k.n.KeyIO           Parsing took 0 ms 
353778     INFO  Test worker     d.u.i.k.n.KeyIO           MODE: declarations took 0 ms 
356916     INFO  Test worker     d.u.i.k.n.KeyIO           Parsing took 0 ms 
356916     INFO  Test worker     d.u.i.k.n.KeyIO           MODE: declarations took 0 ms 
356916     INFO  Test worker     d.u.i.k.n.KeyIO           Parsing took 0 ms 
356917     INFO  Test worker     d.u.i.k.n.KeyIO           MODE: declarations took 1 ms 
356917     INFO  Test worker     d.u.i.k.n.KeyIO           Parsing took 0 ms 
356917     INFO  Test worker     d.u.i.k.n.KeyIO           MODE: declarations took 0 ms 
356917     INFO  Test worker     d.u.i.k.n.KeyIO           Parsing took 0 ms 
356917     INFO  Test worker     d.u.i.k.n.KeyIO           MODE: declarations took 0 ms 
356917     INFO  Test worker     d.u.i.k.n.KeyIO           Parsing took 0 ms 
356917     INFO  Test worker     d.u.i.k.n.KeyIO           MODE: declarations took 0 ms 
360089     INFO  Test worker     d.u.i.k.n.KeyIO           Parsing took 0 ms 
360089     INFO  Test worker     d.u.i.k.n.KeyIO           MODE: declarations took 0 ms 
360089     INFO  Test worker     d.u.i.k.n.KeyIO           Parsing took 0 ms 
360089     INFO  Test worker     d.u.i.k.n.KeyIO           MODE: declarations took 0 ms 
360089     INFO  Test worker     d.u.i.k.n.KeyIO           Parsing took 0 ms 
360089     INFO  Test worker     d.u.i.k.n.KeyIO           MODE: declarations took 0 ms 
360089     INFO  Test worker     d.u.i.k.n.KeyIO           Parsing took 0 ms 
360089     INFO  Test worker     d.u.i.k.n.KeyIO           MODE: declarations took 0 ms 
360089     INFO  Test worker     d.u.i.k.n.KeyIO           Parsing took 0 ms 
360089     INFO  Test worker     d.u.i.k.n.KeyIO           MODE: declarations took 0 ms 
363246     INFO  Test worker     d.u.i.k.n.KeyIO           Parsing took 0 ms 
363246     INFO  Test worker     d.u.i.k.n.KeyIO           MODE: declarations took 0 ms 
363246     INFO  Test worker     d.u.i.k.n.KeyIO           Parsing took 0 ms 
363246     INFO  Test worker     d.u.i.k.n.KeyIO           MODE: declarations took 0 ms 
363246     INFO  Test worker     d.u.i.k.n.KeyIO           Parsing took 0 ms 
363246     INFO  Test worker     d.u.i.k.n.KeyIO           MODE: declarations took 0 ms 
363247     INFO  Test worker     d.u.i.k.n.KeyIO           Parsing took 0 ms 
363247     INFO  Test worker     d.u.i.k.n.KeyIO           MODE: declarations took 0 ms 
363247     INFO  Test worker     d.u.i.k.n.KeyIO           Parsing took 0 ms 
363247     INFO  Test worker     d.u.i.k.n.KeyIO           MODE: declarations took 0 ms 
366384     INFO  Test worker     d.u.i.k.n.KeyIO           Parsing took 0 ms 
366384     INFO  Test worker     d.u.i.k.n.KeyIO           MODE: declarations took 0 ms 
366385     INFO  Test worker     d.u.i.k.n.KeyIO           Parsing took 0 ms 
366385     INFO  Test worker     d.u.i.k.n.KeyIO           MODE: declarations took 0 ms 
366385     INFO  Test worker     d.u.i.k.n.KeyIO           Parsing took 0 ms 
366385     INFO  Test worker     d.u.i.k.n.KeyIO           MODE: declarations took 0 ms 
366385     INFO  Test worker     d.u.i.k.n.KeyIO           Parsing took 0 ms 
366385     INFO  Test worker     d.u.i.k.n.KeyIO           MODE: declarations took 0 ms 
366385     INFO  Test worker     d.u.i.k.n.KeyIO           Parsing took 0 ms 
366385     INFO  Test worker     d.u.i.k.n.KeyIO           MODE: declarations took 0 ms 
369486     INFO  Test worker     d.u.i.k.n.KeyIO           Parsing took 0 ms 
369487     INFO  Test worker     d.u.i.k.n.KeyIO           MODE: declarations took 0 ms 
369487     INFO  Test worker     d.u.i.k.n.KeyIO           Parsing took 0 ms 
369487     INFO  Test worker     d.u.i.k.n.KeyIO           MODE: declarations took 0 ms 
369487     INFO  Test worker     d.u.i.k.n.KeyIO           Parsing took 0 ms 
369487     INFO  Test worker     d.u.i.k.n.KeyIO           MODE: declarations took 0 ms 
369487     INFO  Test worker     d.u.i.k.n.KeyIO           Parsing took 0 ms 
369487     INFO  Test worker     d.u.i.k.n.KeyIO           MODE: declarations took 0 ms 
369487     INFO  Test worker     d.u.i.k.n.KeyIO           Parsing took 0 ms 
369487     INFO  Test worker     d.u.i.k.n.KeyIO           MODE: declarations took 0 ms 
372676     INFO  Test worker     d.u.i.k.n.KeyIO           Parsing took 0 ms 
372676     INFO  Test worker     d.u.i.k.n.KeyIO           MODE: declarations took 0 ms 
372676     INFO  Test worker     d.u.i.k.n.KeyIO           Parsing took 0 ms 
372676     INFO  Test worker     d.u.i.k.n.KeyIO           MODE: declarations took 0 ms 
372676     INFO  Test worker     d.u.i.k.n.KeyIO           Parsing took 0 ms 
372676     INFO  Test worker     d.u.i.k.n.KeyIO           MODE: declarations took 0 ms 
372676     INFO  Test worker     d.u.i.k.n.KeyIO           Parsing took 0 ms 
372676     INFO  Test worker     d.u.i.k.n.KeyIO           MODE: declarations took 0 ms 
372676     INFO  Test worker     d.u.i.k.n.KeyIO           Parsing took 0 ms 
372676     INFO  Test worker     d.u.i.k.n.KeyIO           MODE: declarations took 0 ms 
375832     INFO  Test worker     d.u.i.k.n.KeyIO           Parsing took 0 ms 
375832     INFO  Test worker     d.u.i.k.n.KeyIO           MODE: declarations took 0 ms 
375832     INFO  Test worker     d.u.i.k.n.KeyIO           Parsing took 0 ms 
375832     INFO  Test worker     d.u.i.k.n.KeyIO           MODE: declarations took 0 ms 
375832     INFO  Test worker     d.u.i.k.n.KeyIO           Parsing took 0 ms 
375832     INFO  Test worker     d.u.i.k.n.KeyIO           MODE: declarations took 0 ms 
375832     INFO  Test worker     d.u.i.k.n.KeyIO           Parsing took 0 ms 
375832     INFO  Test worker     d.u.i.k.n.KeyIO           MODE: declarations took 0 ms 
375832     INFO  Test worker     d.u.i.k.n.KeyIO           Parsing took 0 ms 
375832     INFO  Test worker     d.u.i.k.n.KeyIO           MODE: declarations took 0 ms 
375833     WARN  Test worker     d.u.i.k.n.KeYParser       [syntax-error] <unknown>:1:11: mismatched input '@' expecting {'/', ':=', '.', '(', ')', '{', '[', '@', PARALLEL, OR, AND, IMP, '=', NOT_EQUALS, '%', '*', '-', '+', '>', GREATEREQUAL, '<', LESSEQUAL, LGUILLEMETS, EQV} [@11,11:11='@',<153>,1:11] (termEOF) 
378955     INFO  Test worker     d.u.i.k.n.KeyIO           Parsing took 0 ms 
378955     INFO  Test worker     d.u.i.k.n.KeyIO           MODE: declarations took 0 ms 
378955     INFO  Test worker     d.u.i.k.n.KeyIO           Parsing took 0 ms 
378955     INFO  Test worker     d.u.i.k.n.KeyIO           MODE: declarations took 0 ms 
378955     INFO  Test worker     d.u.i.k.n.KeyIO           Parsing took 0 ms 
378955     INFO  Test worker     d.u.i.k.n.KeyIO           MODE: declarations took 0 ms 
378955     INFO  Test worker     d.u.i.k.n.KeyIO           Parsing took 0 ms 
378955     INFO  Test worker     d.u.i.k.n.KeyIO           MODE: declarations took 0 ms 
378955     INFO  Test worker     d.u.i.k.n.KeyIO           Parsing took 0 ms 
378955     INFO  Test worker     d.u.i.k.n.KeyIO           MODE: declarations took 0 ms 
382187     INFO  Test worker     d.u.i.k.n.KeyIO           Parsing took 0 ms 
382187     INFO  Test worker     d.u.i.k.n.KeyIO           MODE: declarations took 0 ms 
382187     INFO  Test worker     d.u.i.k.n.KeyIO           Parsing took 0 ms 
382187     INFO  Test worker     d.u.i.k.n.KeyIO           MODE: declarations took 0 ms 
382187     INFO  Test worker     d.u.i.k.n.KeyIO           Parsing took 0 ms 
382187     INFO  Test worker     d.u.i.k.n.KeyIO           MODE: declarations took 0 ms 
382187     INFO  Test worker     d.u.i.k.n.KeyIO           Parsing took 0 ms 
382187     INFO  Test worker     d.u.i.k.n.KeyIO           MODE: declarations took 0 ms 
382187     INFO  Test worker     d.u.i.k.n.KeyIO           Parsing took 0 ms 
382187     INFO  Test worker     d.u.i.k.n.KeyIO           MODE: declarations took 0 ms 
385307     INFO  Test worker     d.u.i.k.n.KeyIO           Parsing took 0 ms 
385307     INFO  Test worker     d.u.i.k.n.KeyIO           MODE: declarations took 0 ms 
385307     INFO  Test worker     d.u.i.k.n.KeyIO           Parsing took 0 ms 
385307     INFO  Test worker     d.u.i.k.n.KeyIO           MODE: declarations took 0 ms 
385307     INFO  Test worker     d.u.i.k.n.KeyIO           Parsing took 0 ms 
385307     INFO  Test worker     d.u.i.k.n.KeyIO           MODE: declarations took 0 ms 
385307     INFO  Test worker     d.u.i.k.n.KeyIO           Parsing took 0 ms 
385307     INFO  Test worker     d.u.i.k.n.KeyIO           MODE: declarations took 0 ms 
385307     INFO  Test worker     d.u.i.k.n.KeyIO           Parsing took 0 ms 
385307     INFO  Test worker     d.u.i.k.n.KeyIO           MODE: declarations took 0 ms 
388478     INFO  Test worker     d.u.i.k.n.KeyIO           Parsing took 0 ms 
388478     INFO  Test worker     d.u.i.k.n.KeyIO           MODE: declarations took 0 ms 
388478     INFO  Test worker     d.u.i.k.n.KeyIO           Parsing took 0 ms 
388478     INFO  Test worker     d.u.i.k.n.KeyIO           MODE: declarations took 0 ms 
388478     INFO  Test worker     d.u.i.k.n.KeyIO           Parsing took 0 ms 
388478     INFO  Test worker     d.u.i.k.n.KeyIO           MODE: declarations took 0 ms 
388478     INFO  Test worker     d.u.i.k.n.KeyIO           Parsing took 0 ms 
388478     INFO  Test worker     d.u.i.k.n.KeyIO           MODE: declarations took 0 ms 
388478     INFO  Test worker     d.u.i.k.n.KeyIO           Parsing took 0 ms 
388478     INFO  Test worker     d.u.i.k.n.KeyIO           MODE: declarations took 0 ms 
391648     INFO  Test worker     d.u.i.k.n.KeyIO           Parsing took 0 ms 
391648     INFO  Test worker     d.u.i.k.n.KeyIO           MODE: declarations took 0 ms 
391648     INFO  Test worker     d.u.i.k.n.KeyIO           Parsing took 0 ms 
391648     INFO  Test worker     d.u.i.k.n.KeyIO           MODE: declarations took 0 ms 
391648     INFO  Test worker     d.u.i.k.n.KeyIO           Parsing took 0 ms 
391648     INFO  Test worker     d.u.i.k.n.KeyIO           MODE: declarations took 0 ms 
391648     INFO  Test worker     d.u.i.k.n.KeyIO           Parsing took 0 ms 
391648     INFO  Test worker     d.u.i.k.n.KeyIO           MODE: declarations took 0 ms 
391648     INFO  Test worker     d.u.i.k.n.KeyIO           Parsing took 0 ms 
391648     INFO  Test worker     d.u.i.k.n.KeyIO           MODE: declarations took 0 ms 
394836     INFO  Test worker     d.u.i.k.n.KeyIO           Parsing took 0 ms 
394836     INFO  Test worker     d.u.i.k.n.KeyIO           MODE: declarations took 0 ms 
394836     INFO  Test worker     d.u.i.k.n.KeyIO           Parsing took 0 ms 
394837     INFO  Test worker     d.u.i.k.n.KeyIO           MODE: declarations took 1 ms 
394837     INFO  Test worker     d.u.i.k.n.KeyIO           Parsing took 0 ms 
394837     INFO  Test worker     d.u.i.k.n.KeyIO           MODE: declarations took 0 ms 
394837     INFO  Test worker     d.u.i.k.n.KeyIO           Parsing took 0 ms 
394837     INFO  Test worker     d.u.i.k.n.KeyIO           MODE: declarations took 0 ms 
394837     INFO  Test worker     d.u.i.k.n.KeyIO           Parsing took 0 ms 
394837     INFO  Test worker     d.u.i.k.n.KeyIO           MODE: declarations took 0 ms 
398050     INFO  Test worker     d.u.i.k.n.KeyIO           Parsing took 0 ms 
398050     INFO  Test worker     d.u.i.k.n.KeyIO           MODE: declarations took 0 ms 
398051     INFO  Test worker     d.u.i.k.n.KeyIO           Parsing took 1 ms 
398051     INFO  Test worker     d.u.i.k.n.KeyIO           MODE: declarations took 0 ms 
398051     INFO  Test worker     d.u.i.k.n.KeyIO           Parsing took 0 ms 
398051     INFO  Test worker     d.u.i.k.n.KeyIO           MODE: declarations took 0 ms 
398051     INFO  Test worker     d.u.i.k.n.KeyIO           Parsing took 0 ms 
398051     INFO  Test worker     d.u.i.k.n.KeyIO           MODE: declarations took 0 ms 
398051     INFO  Test worker     d.u.i.k.n.KeyIO           Parsing took 0 ms 
398051     INFO  Test worker     d.u.i.k.n.KeyIO           MODE: declarations took 0 ms 
401240     INFO  Test worker     d.u.i.k.n.KeyIO           Parsing took 0 ms 
401240     INFO  Test worker     d.u.i.k.n.KeyIO           MODE: declarations took 0 ms 
401240     INFO  Test worker     d.u.i.k.n.KeyIO           Parsing took 0 ms 
401240     INFO  Test worker     d.u.i.k.n.KeyIO           MODE: declarations took 0 ms 
401240     INFO  Test worker     d.u.i.k.n.KeyIO           Parsing took 0 ms 
401240     INFO  Test worker     d.u.i.k.n.KeyIO           MODE: declarations took 0 ms 
401240     INFO  Test worker     d.u.i.k.n.KeyIO           Parsing took 0 ms 
401240     INFO  Test worker     d.u.i.k.n.KeyIO           MODE: declarations took 0 ms 
401240     INFO  Test worker     d.u.i.k.n.KeyIO           Parsing took 0 ms 
401240     INFO  Test worker     d.u.i.k.n.KeyIO           MODE: declarations took 0 ms 
404360     INFO  Test worker     d.u.i.k.n.KeyIO           Parsing took 0 ms 
404361     INFO  Test worker     d.u.i.k.n.KeyIO           MODE: declarations took 0 ms 
404361     INFO  Test worker     d.u.i.k.n.KeyIO           Parsing took 0 ms 
404361     INFO  Test worker     d.u.i.k.n.KeyIO           MODE: declarations took 0 ms 
404361     INFO  Test worker     d.u.i.k.n.KeyIO           Parsing took 0 ms 
404361     INFO  Test worker     d.u.i.k.n.KeyIO           MODE: declarations took 0 ms 
404361     INFO  Test worker     d.u.i.k.n.KeyIO           Parsing took 0 ms 
404361     INFO  Test worker     d.u.i.k.n.KeyIO           MODE: declarations took 0 ms 
404361     INFO  Test worker     d.u.i.k.n.KeyIO           Parsing took 0 ms 
404361     INFO  Test worker     d.u.i.k.n.KeyIO           MODE: declarations took 0 ms 
407530     INFO  Test worker     d.u.i.k.n.KeyIO           Parsing took 0 ms 
407531     INFO  Test worker     d.u.i.k.n.KeyIO           MODE: declarations took 0 ms 
407531     INFO  Test worker     d.u.i.k.n.KeyIO           Parsing took 0 ms 
407531     INFO  Test worker     d.u.i.k.n.KeyIO           MODE: declarations took 0 ms 
407531     INFO  Test worker     d.u.i.k.n.KeyIO           Parsing took 0 ms 
407531     INFO  Test worker     d.u.i.k.n.KeyIO           MODE: declarations took 0 ms 
407531     INFO  Test worker     d.u.i.k.n.KeyIO           Parsing took 0 ms 
407531     INFO  Test worker     d.u.i.k.n.KeyIO           MODE: declarations took 0 ms 
407531     INFO  Test worker     d.u.i.k.n.KeyIO           Parsing took 0 ms 
407531     INFO  Test worker     d.u.i.k.n.KeyIO           MODE: declarations took 0 ms 
410648     INFO  Test worker     d.u.i.k.n.KeyIO           Parsing took 1 ms 
410648     INFO  Test worker     d.u.i.k.n.KeyIO           MODE: declarations took 0 ms 
410648     INFO  Test worker     d.u.i.k.n.KeyIO           Parsing took 0 ms 
410648     INFO  Test worker     d.u.i.k.n.KeyIO           MODE: declarations took 0 ms 
410648     INFO  Test worker     d.u.i.k.n.KeyIO           Parsing took 0 ms 
410648     INFO  Test worker     d.u.i.k.n.KeyIO           MODE: declarations took 0 ms 
410648     INFO  Test worker     d.u.i.k.n.KeyIO           Parsing took 0 ms 
410648     INFO  Test worker     d.u.i.k.n.KeyIO           MODE: declarations took 0 ms 
410648     INFO  Test worker     d.u.i.k.n.KeyIO           Parsing took 0 ms 
410648     INFO  Test worker     d.u.i.k.n.KeyIO           MODE: declarations took 0 ms 
413770     INFO  Test worker     d.u.i.k.n.KeyIO           Parsing took 0 ms 
413770     INFO  Test worker     d.u.i.k.n.KeyIO           MODE: declarations took 0 ms 
413770     INFO  Test worker     d.u.i.k.n.KeyIO           Parsing took 0 ms 
413770     INFO  Test worker     d.u.i.k.n.KeyIO           MODE: declarations took 0 ms 
413770     INFO  Test worker     d.u.i.k.n.KeyIO           Parsing took 0 ms 
413770     INFO  Test worker     d.u.i.k.n.KeyIO           MODE: declarations took 0 ms 
413771     INFO  Test worker     d.u.i.k.n.KeyIO           Parsing took 0 ms 
413772     INFO  Test worker     d.u.i.k.n.KeyIO           MODE: declarations took 1 ms 
413772     INFO  Test worker     d.u.i.k.n.KeyIO           Parsing took 0 ms 
413772     INFO  Test worker     d.u.i.k.n.KeyIO           MODE: declarations took 0 ms 
416888     INFO  Test worker     d.u.i.k.n.KeyIO           Parsing took 0 ms 
416888     INFO  Test worker     d.u.i.k.n.KeyIO           MODE: declarations took 0 ms 
416889     INFO  Test worker     d.u.i.k.n.KeyIO           Parsing took 0 ms 
416889     INFO  Test worker     d.u.i.k.n.KeyIO           MODE: declarations took 0 ms 
416889     INFO  Test worker     d.u.i.k.n.KeyIO           Parsing took 0 ms 
416889     INFO  Test worker     d.u.i.k.n.KeyIO           MODE: declarations took 0 ms 
416890     INFO  Test worker     d.u.i.k.n.KeyIO           Parsing took 0 ms 
416890     INFO  Test worker     d.u.i.k.n.KeyIO           MODE: declarations took 0 ms 
416890     INFO  Test worker     d.u.i.k.n.KeyIO           Parsing took 0 ms 
416890     INFO  Test worker     d.u.i.k.n.KeyIO           MODE: declarations took 0 ms 
420047     INFO  Test worker     d.u.i.k.n.KeyIO           Parsing took 0 ms 
420047     INFO  Test worker     d.u.i.k.n.KeyIO           MODE: declarations took 0 ms 
420047     INFO  Test worker     d.u.i.k.n.KeyIO           Parsing took 0 ms 
420047     INFO  Test worker     d.u.i.k.n.KeyIO           MODE: declarations took 0 ms 
420047     INFO  Test worker     d.u.i.k.n.KeyIO           Parsing took 0 ms 
420047     INFO  Test worker     d.u.i.k.n.KeyIO           MODE: declarations took 0 ms 
420047     INFO  Test worker     d.u.i.k.n.KeyIO           Parsing took 0 ms 
420047     INFO  Test worker     d.u.i.k.n.KeyIO           MODE: declarations took 0 ms 
420047     INFO  Test worker     d.u.i.k.n.KeyIO           Parsing took 0 ms 
420047     INFO  Test worker     d.u.i.k.n.KeyIO           MODE: declarations took 0 ms 
423158     INFO  Test worker     d.u.i.k.n.KeyIO           Parsing took 0 ms 
423158     INFO  Test worker     d.u.i.k.n.KeyIO           MODE: declarations took 0 ms 
423158     INFO  Test worker     d.u.i.k.n.KeyIO           Parsing took 0 ms 
423158     INFO  Test worker     d.u.i.k.n.KeyIO           MODE: declarations took 0 ms 
423158     INFO  Test worker     d.u.i.k.n.KeyIO           Parsing took 0 ms 
423158     INFO  Test worker     d.u.i.k.n.KeyIO           MODE: declarations took 0 ms 
423159     INFO  Test worker     d.u.i.k.n.KeyIO           Parsing took 0 ms 
423159     INFO  Test worker     d.u.i.k.n.KeyIO           MODE: declarations took 0 ms 
423159     INFO  Test worker     d.u.i.k.n.KeyIO           Parsing took 0 ms 
423159     INFO  Test worker     d.u.i.k.n.KeyIO           MODE: declarations took 0 ms 
426276     INFO  Test worker     d.u.i.k.n.KeyIO           Parsing took 0 ms 
426276     INFO  Test worker     d.u.i.k.n.KeyIO           MODE: declarations took 0 ms 
426276     INFO  Test worker     d.u.i.k.n.KeyIO           Parsing took 0 ms 
426276     INFO  Test worker     d.u.i.k.n.KeyIO           MODE: declarations took 0 ms 
426276     INFO  Test worker     d.u.i.k.n.KeyIO           Parsing took 0 ms 
426276     INFO  Test worker     d.u.i.k.n.KeyIO           MODE: declarations took 0 ms 
426276     INFO  Test worker     d.u.i.k.n.KeyIO           Parsing took 0 ms 
426276     INFO  Test worker     d.u.i.k.n.KeyIO           MODE: declarations took 0 ms 
426276     INFO  Test worker     d.u.i.k.n.KeyIO           Parsing took 0 ms 
426276     INFO  Test worker     d.u.i.k.n.KeyIO           MODE: declarations took 0 ms 
429434     INFO  Test worker     d.u.i.k.n.KeyIO           Parsing took 0 ms 
429435     INFO  Test worker     d.u.i.k.n.KeyIO           MODE: declarations took 1 ms 
429435     INFO  Test worker     d.u.i.k.n.KeyIO           Parsing took 0 ms 
429435     INFO  Test worker     d.u.i.k.n.KeyIO           MODE: declarations took 0 ms 
429435     INFO  Test worker     d.u.i.k.n.KeyIO           Parsing took 0 ms 
429435     INFO  Test worker     d.u.i.k.n.KeyIO           MODE: declarations took 0 ms 
429435     INFO  Test worker     d.u.i.k.n.KeyIO           Parsing took 0 ms 
429435     INFO  Test worker     d.u.i.k.n.KeyIO           MODE: declarations took 0 ms 
429435     INFO  Test worker     d.u.i.k.n.KeyIO           Parsing took 0 ms 
429435     INFO  Test worker     d.u.i.k.n.KeyIO           MODE: declarations took 0 ms 
432532     INFO  Test worker     d.u.i.k.n.KeyIO           Parsing took 0 ms 
432532     INFO  Test worker     d.u.i.k.n.KeyIO           MODE: declarations took 0 ms 
432532     INFO  Test worker     d.u.i.k.n.KeyIO           Parsing took 0 ms 
432532     INFO  Test worker     d.u.i.k.n.KeyIO           MODE: declarations took 0 ms 
432533     INFO  Test worker     d.u.i.k.n.KeyIO           Parsing took 0 ms 
432533     INFO  Test worker     d.u.i.k.n.KeyIO           MODE: declarations took 0 ms 
432533     INFO  Test worker     d.u.i.k.n.KeyIO           Parsing took 0 ms 
432533     INFO  Test worker     d.u.i.k.n.KeyIO           MODE: declarations took 0 ms 
432533     INFO  Test worker     d.u.i.k.n.KeyIO           Parsing took 0 ms 
432533     INFO  Test worker     d.u.i.k.n.KeyIO           MODE: declarations took 0 ms 
435680     INFO  Test worker     d.u.i.k.n.KeyIO           Parsing took 0 ms 
435680     INFO  Test worker     d.u.i.k.n.KeyIO           MODE: declarations took 0 ms 
435680     INFO  Test worker     d.u.i.k.n.KeyIO           Parsing took 0 ms 
435680     INFO  Test worker     d.u.i.k.n.KeyIO           MODE: declarations took 0 ms 
435680     INFO  Test worker     d.u.i.k.n.KeyIO           Parsing took 0 ms 
435680     INFO  Test worker     d.u.i.k.n.KeyIO           MODE: declarations took 0 ms 
435680     INFO  Test worker     d.u.i.k.n.KeyIO           Parsing took 0 ms 
435680     INFO  Test worker     d.u.i.k.n.KeyIO           MODE: declarations took 0 ms 
435680     INFO  Test worker     d.u.i.k.n.KeyIO           Parsing took 0 ms 
435680     INFO  Test worker     d.u.i.k.n.KeyIO           MODE: declarations took 0 ms 
438817     INFO  Test worker     d.u.i.k.n.KeyIO           Parsing took 0 ms 
438817     INFO  Test worker     d.u.i.k.n.KeyIO           MODE: declarations took 0 ms 
438817     INFO  Test worker     d.u.i.k.n.KeyIO           Parsing took 0 ms 
438817     INFO  Test worker     d.u.i.k.n.KeyIO           MODE: declarations took 0 ms 
438817     INFO  Test worker     d.u.i.k.n.KeyIO           Parsing took 0 ms 
438817     INFO  Test worker     d.u.i.k.n.KeyIO           MODE: declarations took 0 ms 
438818     INFO  Test worker     d.u.i.k.n.KeyIO           Parsing took 1 ms 
438818     INFO  Test worker     d.u.i.k.n.KeyIO           MODE: declarations took 0 ms 
438818     INFO  Test worker     d.u.i.k.n.KeyIO           Parsing took 0 ms 
438818     INFO  Test worker     d.u.i.k.n.KeyIO           MODE: declarations took 0 ms 
442005     INFO  Test worker     d.u.i.k.n.KeyIO           Parsing took 0 ms 
442005     INFO  Test worker     d.u.i.k.n.KeyIO           MODE: declarations took 0 ms 
442005     INFO  Test worker     d.u.i.k.n.KeyIO           Parsing took 0 ms 
442005     INFO  Test worker     d.u.i.k.n.KeyIO           MODE: declarations took 0 ms 
442005     INFO  Test worker     d.u.i.k.n.KeyIO           Parsing took 0 ms 
442006     INFO  Test worker     d.u.i.k.n.KeyIO           MODE: declarations took 0 ms 
442006     INFO  Test worker     d.u.i.k.n.KeyIO           Parsing took 0 ms 
442006     INFO  Test worker     d.u.i.k.n.KeyIO           MODE: declarations took 0 ms 
442006     INFO  Test worker     d.u.i.k.n.KeyIO           Parsing took 0 ms 
442006     INFO  Test worker     d.u.i.k.n.KeyIO           MODE: declarations took 0 ms 
445194     INFO  Test worker     d.u.i.k.n.KeyIO           Parsing took 1 ms 
445194     INFO  Test worker     d.u.i.k.n.KeyIO           MODE: declarations took 0 ms 
445194     INFO  Test worker     d.u.i.k.n.KeyIO           Parsing took 0 ms 
445194     INFO  Test worker     d.u.i.k.n.KeyIO           MODE: declarations took 0 ms 
445194     INFO  Test worker     d.u.i.k.n.KeyIO           Parsing took 0 ms 
445194     INFO  Test worker     d.u.i.k.n.KeyIO           MODE: declarations took 0 ms 
445194     INFO  Test worker     d.u.i.k.n.KeyIO           Parsing took 0 ms 
445194     INFO  Test worker     d.u.i.k.n.KeyIO           MODE: declarations took 0 ms 
445194     INFO  Test worker     d.u.i.k.n.KeyIO           Parsing took 0 ms 
445194     INFO  Test worker     d.u.i.k.n.KeyIO           MODE: declarations took 0 ms 
448318     INFO  Test worker     d.u.i.k.n.KeyIO           Parsing took 0 ms 
448318     INFO  Test worker     d.u.i.k.n.KeyIO           MODE: declarations took 0 ms 
448318     INFO  Test worker     d.u.i.k.n.KeyIO           Parsing took 0 ms 
448318     INFO  Test worker     d.u.i.k.n.KeyIO           MODE: declarations took 0 ms 
448318     INFO  Test worker     d.u.i.k.n.KeyIO           Parsing took 0 ms 
448318     INFO  Test worker     d.u.i.k.n.KeyIO           MODE: declarations took 0 ms 
448318     INFO  Test worker     d.u.i.k.n.KeyIO           Parsing took 0 ms 
448318     INFO  Test worker     d.u.i.k.n.KeyIO           MODE: declarations took 0 ms 
448318     INFO  Test worker     d.u.i.k.n.KeyIO           Parsing took 0 ms 
448318     INFO  Test worker     d.u.i.k.n.KeyIO           MODE: declarations took 0 ms 
451472     INFO  Test worker     d.u.i.k.n.KeyIO           Parsing took 1 ms 
451472     INFO  Test worker     d.u.i.k.n.KeyIO           MODE: declarations took 0 ms 
451472     INFO  Test worker     d.u.i.k.n.KeyIO           Parsing took 0 ms 
451472     INFO  Test worker     d.u.i.k.n.KeyIO           MODE: declarations took 0 ms 
451472     INFO  Test worker     d.u.i.k.n.KeyIO           Parsing took 0 ms 
451472     INFO  Test worker     d.u.i.k.n.KeyIO           MODE: declarations took 0 ms 
451472     INFO  Test worker     d.u.i.k.n.KeyIO           Parsing took 0 ms 
451472     INFO  Test worker     d.u.i.k.n.KeyIO           MODE: declarations took 0 ms 
451472     INFO  Test worker     d.u.i.k.n.KeyIO           Parsing took 0 ms 
451472     INFO  Test worker     d.u.i.k.n.KeyIO           MODE: declarations took 0 ms 
]]></system-out>
  <system-err><![CDATA[]]></system-err>
</testsuite>
