<?xml version="1.0" encoding="UTF-8"?>
<testsuite name="de.uka.ilkd.key.parser.TestTermParserSorts" tests="2" skipped="0" failures="0" errors="0" timestamp="2023-04-05T11:43:25" hostname="fv-az570-116" time="3.214">
  <properties/>
  <testcase name="testParseIntegerArgs()" classname="de.uka.ilkd.key.parser.TestTermParserSorts" time="0.017"/>
  <testcase name="testParseSequencePrettySyntax()" classname="de.uka.ilkd.key.parser.TestTermParserSorts" time="0.001"/>
  <system-out><![CDATA[454556     INFO  Test worker     d.u.i.k.n.KeyIO           Parsing took 1 ms 
454556     INFO  Test worker     d.u.i.k.n.KeyIO           MODE: declarations took 0 ms 
454556     INFO  Test worker     d.u.i.k.n.KeyIO           Parsing took 0 ms 
454556     INFO  Test worker     d.u.i.k.n.KeyIO           MODE: declarations took 0 ms 
454556     INFO  Test worker     d.u.i.k.n.KeyIO           Parsing took 0 ms 
454556     INFO  Test worker     d.u.i.k.n.KeyIO           MODE: declarations took 0 ms 
457768     INFO  Test worker     d.u.i.k.n.KeyIO           Parsing took 0 ms 
457768     INFO  Test worker     d.u.i.k.n.KeyIO           MODE: declarations took 0 ms 
457768     INFO  Test worker     d.u.i.k.n.KeyIO           Parsing took 0 ms 
457769     INFO  Test worker     d.u.i.k.n.KeyIO           MODE: declarations took 1 ms 
457769     INFO  Test worker     d.u.i.k.n.KeyIO           Parsing took 0 ms 
457769     INFO  Test worker     d.u.i.k.n.KeyIO           MODE: declarations took 0 ms 
]]></system-out>
  <system-err><![CDATA[]]></system-err>
</testsuite>
