<?xml version="1.0" encoding="UTF-8"?>
<testsuite name="de.uka.ilkd.key.logic.TestClashFreeSubst" tests="14" skipped="2" failures="0" errors="0" timestamp="2023-04-05T11:36:29" hostname="fv-az570-116" time="53.491">
  <properties/>
  <testcase name="testMultiShareBound()" classname="de.uka.ilkd.key.logic.TestClashFreeSubst" time="1.034"/>
  <testcase name="testClash()" classname="de.uka.ilkd.key.logic.TestClashFreeSubst" time="1.002"/>
  <testcase name="testShare()" classname="de.uka.ilkd.key.logic.TestClashFreeSubst" time="0.964"/>
  <testcase name="testSubst()" classname="de.uka.ilkd.key.logic.TestClashFreeSubst" time="0.983"/>
  <testcase name="testWary0()" classname="de.uka.ilkd.key.logic.TestClashFreeSubst" time="0.956"/>
  <testcase name="testWary1()" classname="de.uka.ilkd.key.logic.TestClashFreeSubst" time="0.968"/>
  <testcase name="testWary2()" classname="de.uka.ilkd.key.logic.TestClashFreeSubst" time="0.986"/>
  <testcase name="testClashInSubstTerm()" classname="de.uka.ilkd.key.logic.TestClashFreeSubst" time="1.005"/>
  <testcase name="testShareWary()" classname="de.uka.ilkd.key.logic.TestClashFreeSubst" time="0.964"/>
  <testcase name="testMultiSubst()" classname="de.uka.ilkd.key.logic.TestClashFreeSubst" time="0.989"/>
  <testcase name="xtestMultiClash()" classname="de.uka.ilkd.key.logic.TestClashFreeSubst" time="0.0">
    <skipped/>
  </testcase>
  <testcase name="testSubstInSubstTerm()" classname="de.uka.ilkd.key.logic.TestClashFreeSubst" time="0.998"/>
  <testcase name="testSubstWary()" classname="de.uka.ilkd.key.logic.TestClashFreeSubst" time="0.953"/>
  <testcase name="xtestMultiClash1()" classname="de.uka.ilkd.key.logic.TestClashFreeSubst" time="0.0">
    <skipped/>
  </testcase>
  <system-out><![CDATA[39223      INFO  Test worker     d.u.i.k.n.KeyIO           Parsing took 0 ms 
39223      INFO  Test worker     d.u.i.k.n.KeyIO           MODE: declarations took 0 ms 
40244      INFO  Test worker     d.u.i.k.n.KeyIO           Parsing took 0 ms 
40246      INFO  Test worker     d.u.i.k.n.KeyIO           MODE: declarations took 0 ms 
43557      INFO  Test worker     d.u.i.k.n.KeyIO           Parsing took 0 ms 
43558      INFO  Test worker     d.u.i.k.n.KeyIO           MODE: declarations took 0 ms 
44554      INFO  Test worker     d.u.i.k.n.KeyIO           Parsing took 0 ms 
44554      INFO  Test worker     d.u.i.k.n.KeyIO           MODE: declarations took 0 ms 
47794      INFO  Test worker     d.u.i.k.n.KeyIO           Parsing took 0 ms 
47795      INFO  Test worker     d.u.i.k.n.KeyIO           MODE: declarations took 1 ms 
48756      INFO  Test worker     d.u.i.k.n.KeyIO           Parsing took 0 ms 
48756      INFO  Test worker     d.u.i.k.n.KeyIO           MODE: declarations took 0 ms 
52004      INFO  Test worker     d.u.i.k.n.KeyIO           Parsing took 0 ms 
52005      INFO  Test worker     d.u.i.k.n.KeyIO           MODE: declarations took 1 ms 
52984      INFO  Test worker     d.u.i.k.n.KeyIO           Parsing took 0 ms 
52984      INFO  Test worker     d.u.i.k.n.KeyIO           MODE: declarations took 0 ms 
56167      INFO  Test worker     d.u.i.k.n.KeyIO           Parsing took 0 ms 
56167      INFO  Test worker     d.u.i.k.n.KeyIO           MODE: declarations took 0 ms 
57120      INFO  Test worker     d.u.i.k.n.KeyIO           Parsing took 0 ms 
57120      INFO  Test worker     d.u.i.k.n.KeyIO           MODE: declarations took 0 ms 
60312      INFO  Test worker     d.u.i.k.n.KeyIO           Parsing took 0 ms 
60313      INFO  Test worker     d.u.i.k.n.KeyIO           MODE: declarations took 0 ms 
61278      INFO  Test worker     d.u.i.k.n.KeyIO           Parsing took 0 ms 
61278      INFO  Test worker     d.u.i.k.n.KeyIO           MODE: declarations took 0 ms 
64436      INFO  Test worker     d.u.i.k.n.KeyIO           Parsing took 0 ms 
64436      INFO  Test worker     d.u.i.k.n.KeyIO           MODE: declarations took 0 ms 
65417      INFO  Test worker     d.u.i.k.n.KeyIO           Parsing took 0 ms 
65418      INFO  Test worker     d.u.i.k.n.KeyIO           MODE: declarations took 0 ms 
68573      INFO  Test worker     d.u.i.k.n.KeyIO           Parsing took 1 ms 
68573      INFO  Test worker     d.u.i.k.n.KeyIO           MODE: declarations took 0 ms 
69575      INFO  Test worker     d.u.i.k.n.KeyIO           Parsing took 0 ms 
69576      INFO  Test worker     d.u.i.k.n.KeyIO           MODE: declarations took 0 ms 
72764      INFO  Test worker     d.u.i.k.n.KeyIO           Parsing took 0 ms 
72764      INFO  Test worker     d.u.i.k.n.KeyIO           MODE: declarations took 0 ms 
73723      INFO  Test worker     d.u.i.k.n.KeyIO           Parsing took 0 ms 
73725      INFO  Test worker     d.u.i.k.n.KeyIO           MODE: declarations took 0 ms 
77004      INFO  Test worker     d.u.i.k.n.KeyIO           Parsing took 0 ms 
77005      INFO  Test worker     d.u.i.k.n.KeyIO           MODE: declarations took 0 ms 
77990      INFO  Test worker     d.u.i.k.n.KeyIO           Parsing took 1 ms 
77990      INFO  Test worker     d.u.i.k.n.KeyIO           MODE: declarations took 0 ms 
84394      INFO  Test worker     d.u.i.k.n.KeyIO           Parsing took 0 ms 
84394      INFO  Test worker     d.u.i.k.n.KeyIO           MODE: declarations took 0 ms 
85388      INFO  Test worker     d.u.i.k.n.KeyIO           Parsing took 0 ms 
85389      INFO  Test worker     d.u.i.k.n.KeyIO           MODE: declarations took 0 ms 
88599      INFO  Test worker     d.u.i.k.n.KeyIO           Parsing took 0 ms 
88600      INFO  Test worker     d.u.i.k.n.KeyIO           MODE: declarations took 0 ms 
89550      INFO  Test worker     d.u.i.k.n.KeyIO           Parsing took 0 ms 
89550      INFO  Test worker     d.u.i.k.n.KeyIO           MODE: declarations took 0 ms 
]]></system-out>
  <system-err><![CDATA[]]></system-err>
</testsuite>
