<?xml version="1.0" encoding="UTF-8"?>
<testsuite name="de.uka.ilkd.key.testcase.smt.testgen.TestTestgen" tests="1" skipped="0" failures="0" errors="0" timestamp="2023-06-10T13:02:15" hostname="fv-az319-484" time="6.762">
  <properties/>
  <testcase name="testMiddle()" classname="de.uka.ilkd.key.testcase.smt.testgen.TestTestgen" time="6.762"/>
  <system-out><![CDATA[22418      WARN  Test worker     d.u.i.k.t.s.t.TestTestgen Warning: Z3_CE is not installed, tests skipped. 
22418      WARN  Test worker     d.u.i.k.t.s.t.TestTestgen Maybe use JVM system property "z3SolverPath" to define the path to the Z3 command. 
22434      INFO  Test worker     d.u.i.k.p.i.AbstractProblemLoader Loading environment from src\test\resources\testcase\smt\tg\middle.key 
22434      DEBUG Test worker     d.u.i.k.p.i.AbstractProblemLoader Environment load took 296ns 
22434      INFO  Test worker     d.u.i.k.p.i.AbstractProblemLoader Creating init config 
28382      DEBUG Test worker     d.u.i.k.p.i.AbstractProblemLoader Init config took 5.94s 
28498      INFO  Test worker     d.u.i.k.p.i.AbstractProblemLoader Replaying proof Middle[Middle::middle(int,int,int)].JML normal_behavior operation contract.0 
28510      DEBUG Test worker     d.u.i.k.p.i.IntermediateProofReplayer Proof replay took 18.9ns 
]]></system-out>
  <system-err><![CDATA[]]></system-err>
</testsuite>
