<?xml version="1.0" encoding="UTF-8"?>
<testsuite name="recoder.testsuite.basic.analysis.ModelRebuildTest" tests="2" skipped="2" failures="0" errors="0" timestamp="2023-06-11T14:59:08" hostname="fv-az405-457" time="0.003">
  <properties/>
  <testcase name="runTest" classname="recoder.testsuite.basic.analysis.ModelRebuildTest" time="0.0">
    <skipped/>
  </testcase>
  <testcase name="testAnalysisReport" classname="recoder.testsuite.basic.analysis.ModelRebuildTest" time="0.001">
    <skipped/>
  </testcase>
  <system-out><![CDATA[]]></system-out>
  <system-err><![CDATA[]]></system-err>
</testsuite>
