<?xml version="1.0" encoding="UTF-8"?>
<testsuite name="de.uka.ilkd.key.symbolic_execution.testcase.util.TestSymbolicExecutionUtil" tests="2" skipped="0" failures="0" errors="0" timestamp="2023-04-03T11:34:43" hostname="fv-az749-705" time="3.576">
  <properties/>
  <testcase name="test1ImproveReadability()" classname="de.uka.ilkd.key.symbolic_execution.testcase.util.TestSymbolicExecutionUtil" time="3.574"/>
  <testcase name="test2GetAndSetChoiceSetting()" classname="de.uka.ilkd.key.symbolic_execution.testcase.util.TestSymbolicExecutionUtil" time="0.002"/>
  <system-out><![CDATA[]]></system-out>
  <system-err><![CDATA[]]></system-err>
</testsuite>
