<?xml version="1.0" encoding="UTF-8"?>
<testsuite name="de.uka.ilkd.key.taclettranslation.TestTacletTranslator" tests="5" skipped="0" failures="0" errors="0" timestamp="2023-04-19T10:54:03" hostname="fv-az251-591" time="0.007">
  <properties/>
  <testcase name="testPropositional1()" classname="de.uka.ilkd.key.taclettranslation.TestTacletTranslator" time="0.002"/>
  <testcase name="testPropositional2()" classname="de.uka.ilkd.key.taclettranslation.TestTacletTranslator" time="0.001"/>
  <testcase name="testNegativePolarity()" classname="de.uka.ilkd.key.taclettranslation.TestTacletTranslator" time="0.001"/>
  <testcase name="testNoPolarity()" classname="de.uka.ilkd.key.taclettranslation.TestTacletTranslator" time="0.001"/>
  <testcase name="testPositivePolarity()" classname="de.uka.ilkd.key.taclettranslation.TestTacletTranslator" time="0.001"/>
  <system-out><![CDATA[676219     INFO  Test worker     d.u.i.k.n.KeyIO           Parsing took 0 ms 
676219     DEBUG Test worker     d.u.i.k.n.KeyIO           Load declarations of de.uka.ilkd.key.nparser.KeyAst$File:  <unknown>:1#1 
676219     INFO  Test worker     d.u.i.k.n.KeyIO           MODE: declarations took 0 ms 
676219     DEBUG Test worker     d.u.i.k.n.KeyIO           MODE: 2nd degree decls took 0 
676219     DEBUG Test worker     d.u.i.k.n.KeyIO           MODE: taclets took 0ms 
676221     INFO  Test worker     d.u.i.k.n.KeyIO           Parsing took 0 ms 
676221     DEBUG Test worker     d.u.i.k.n.KeyIO           Load declarations of de.uka.ilkd.key.nparser.KeyAst$File:  <unknown>:1#1 
676221     INFO  Test worker     d.u.i.k.n.KeyIO           MODE: declarations took 0 ms 
676221     DEBUG Test worker     d.u.i.k.n.KeyIO           MODE: 2nd degree decls took 0 
676221     DEBUG Test worker     d.u.i.k.n.KeyIO           MODE: taclets took 0ms 
676222     INFO  Test worker     d.u.i.k.n.KeyIO           Parsing took 0 ms 
676222     DEBUG Test worker     d.u.i.k.n.KeyIO           Load declarations of de.uka.ilkd.key.nparser.KeyAst$File:  <unknown>:1#1 
676222     INFO  Test worker     d.u.i.k.n.KeyIO           MODE: declarations took 0 ms 
676223     DEBUG Test worker     d.u.i.k.n.KeyIO           MODE: 2nd degree decls took 1 
676223     DEBUG Test worker     d.u.i.k.n.KeyIO           MODE: taclets took 0ms 
676224     INFO  Test worker     d.u.i.k.n.KeyIO           Parsing took 0 ms 
676224     DEBUG Test worker     d.u.i.k.n.KeyIO           Load declarations of de.uka.ilkd.key.nparser.KeyAst$File:  <unknown>:1#1 
676224     INFO  Test worker     d.u.i.k.n.KeyIO           MODE: declarations took 0 ms 
676224     DEBUG Test worker     d.u.i.k.n.KeyIO           MODE: 2nd degree decls took 0 
676224     DEBUG Test worker     d.u.i.k.n.KeyIO           MODE: taclets took 0ms 
676225     INFO  Test worker     d.u.i.k.n.KeyIO           Parsing took 0 ms 
676225     DEBUG Test worker     d.u.i.k.n.KeyIO           Load declarations of de.uka.ilkd.key.nparser.KeyAst$File:  <unknown>:1#1 
676225     INFO  Test worker     d.u.i.k.n.KeyIO           MODE: declarations took 0 ms 
676225     DEBUG Test worker     d.u.i.k.n.KeyIO           MODE: 2nd degree decls took 0 
676225     DEBUG Test worker     d.u.i.k.n.KeyIO           MODE: taclets took 0ms 
]]></system-out>
  <system-err><![CDATA[]]></system-err>
</testsuite>
