<?xml version="1.0" encoding="UTF-8"?>
<testsuite name="de.uka.ilkd.key.parser.TestTacletParser" tests="20" skipped="0" failures="0" errors="0" timestamp="2023-04-19T10:47:03" hostname="fv-az251-591" time="0.08">
  <properties/>
  <testcase name="testAllRight()" classname="de.uka.ilkd.key.parser.TestTacletParser" time="0.002"/>
  <testcase name="testSchemaJava0()" classname="de.uka.ilkd.key.parser.TestTacletParser" time="0.002"/>
  <testcase name="testSchemaJava1()" classname="de.uka.ilkd.key.parser.TestTacletParser" time="0.006"/>
  <testcase name="testSchemaJava2()" classname="de.uka.ilkd.key.parser.TestTacletParser" time="0.003"/>
  <testcase name="testSchemaJava4()" classname="de.uka.ilkd.key.parser.TestTacletParser" time="0.002"/>
  <testcase name="testSchemaJava6()" classname="de.uka.ilkd.key.parser.TestTacletParser" time="0.002"/>
  <testcase name="testSchemaJava8()" classname="de.uka.ilkd.key.parser.TestTacletParser" time="0.001"/>
  <testcase name="testCut()" classname="de.uka.ilkd.key.parser.TestTacletParser" time="0.001"/>
  <testcase name="testMakeInsertEq()" classname="de.uka.ilkd.key.parser.TestTacletParser" time="0.002"/>
  <testcase name="testAllLeft()" classname="de.uka.ilkd.key.parser.TestTacletParser" time="0.012"/>
  <testcase name="testClose()" classname="de.uka.ilkd.key.parser.TestTacletParser" time="0.002"/>
  <testcase name="testSchemaJava10()" classname="de.uka.ilkd.key.parser.TestTacletParser" time="0.001"/>
  <testcase name="testSchemaJava11()" classname="de.uka.ilkd.key.parser.TestTacletParser" time="0.016"/>
  <testcase name="testFIdempotent()" classname="de.uka.ilkd.key.parser.TestTacletParser" time="0.002"/>
  <testcase name="testImpRight()" classname="de.uka.ilkd.key.parser.TestTacletParser" time="0.001"/>
  <testcase name="testVarcondNew()" classname="de.uka.ilkd.key.parser.TestTacletParser" time="0.006"/>
  <testcase name="testFreeReplacewithVariables()" classname="de.uka.ilkd.key.parser.TestTacletParser" time="0.002"/>
  <testcase name="testImpLeft()" classname="de.uka.ilkd.key.parser.TestTacletParser" time="0.006"/>
  <testcase name="testContraposition()" classname="de.uka.ilkd.key.parser.TestTacletParser" time="0.002"/>
  <testcase name="testExConjSplit()" classname="de.uka.ilkd.key.parser.TestTacletParser" time="0.003"/>
  <system-out><![CDATA[256361     INFO  Test worker     d.u.i.k.n.KeyIO           Parsing took 0 ms 
256361     DEBUG Test worker     d.u.i.k.n.KeyIO           Load declarations of de.uka.ilkd.key.nparser.KeyAst$File:  <unknown>:1#1 
256361     INFO  Test worker     d.u.i.k.n.KeyIO           MODE: declarations took 0 ms 
256361     DEBUG Test worker     d.u.i.k.n.KeyIO           MODE: 2nd degree decls took 0 
256361     DEBUG Test worker     d.u.i.k.n.KeyIO           MODE: taclets took 0ms 
256362     INFO  Test worker     d.u.i.k.n.KeyIO           Parsing took 0 ms 
256362     DEBUG Test worker     d.u.i.k.n.KeyIO           Load declarations of de.uka.ilkd.key.nparser.KeyAst$File:  <unknown>:2#1 
256362     INFO  Test worker     d.u.i.k.n.KeyIO           MODE: declarations took 0 ms 
256362     DEBUG Test worker     d.u.i.k.n.KeyIO           MODE: 2nd degree decls took 0 
256362     DEBUG Test worker     d.u.i.k.n.KeyIO           MODE: taclets took 0ms 
256363     INFO  Test worker     d.u.i.k.n.KeyIO           Parsing took 0 ms 
256363     DEBUG Test worker     d.u.i.k.n.KeyIO           Load declarations of de.uka.ilkd.key.nparser.KeyAst$File:  <unknown>:1#1 
256363     INFO  Test worker     d.u.i.k.n.KeyIO           MODE: declarations took 0 ms 
256363     DEBUG Test worker     d.u.i.k.n.KeyIO           MODE: 2nd degree decls took 0 
256363     DEBUG Test worker     d.u.i.k.n.KeyIO           MODE: taclets took 0ms 
256363     INFO  Test worker     d.u.i.k.n.KeyIO           Parsing took 0 ms 
256363     DEBUG Test worker     d.u.i.k.n.KeyIO           Load declarations of de.uka.ilkd.key.nparser.KeyAst$File:  <unknown>:2#1 
256363     INFO  Test worker     d.u.i.k.n.KeyIO           MODE: declarations took 0 ms 
256363     DEBUG Test worker     d.u.i.k.n.KeyIO           MODE: 2nd degree decls took 0 
256364     DEBUG Test worker     d.u.i.k.n.KeyIO           MODE: taclets took 0ms 
256365     INFO  Test worker     d.u.i.k.n.KeyIO           Parsing took 0 ms 
256365     DEBUG Test worker     d.u.i.k.n.KeyIO           Load declarations of de.uka.ilkd.key.nparser.KeyAst$File:  <unknown>:1#1 
256365     INFO  Test worker     d.u.i.k.n.KeyIO           MODE: declarations took 0 ms 
256365     DEBUG Test worker     d.u.i.k.n.KeyIO           MODE: 2nd degree decls took 0 
256365     DEBUG Test worker     d.u.i.k.n.KeyIO           MODE: taclets took 0ms 
256366     WARN  Test worker     d.u.i.k.n.KeYParser       [syntax-error] <unknown>:2:21: extraneous input '<' expecting {MODALITY, FORALL, EXISTS, '\if', '\ifEx', 'true', 'false', '(', ')', '{', '@', NOT, '-', STRING_LITERAL, CHAR_LITERAL, BIN_LITERAL, HEX_LITERAL, IDENT, INT_LITERAL, FLOAT_LITERAL, DOUBLE_LITERAL, REAL_LITERAL} [@12,22:22='<',<173>,2:21] (argument_list, call, accessterm, primitive_term, primitive_labeled_term, bracket_term, atom_prefix, strong_arith_term_2, strong_arith_term_1, weak_arith_term, comparison_term, equality_term, term60, conjunction_term, disjunction_term, implication_term, equivalence_term, elementary_update_term, parallel_term, term, taclet, rulesOrAxioms, decls, file) 
256369     WARN  Test worker     d.u.i.k.n.KeYParser       [syntax-error] <unknown>:2:23: no viable alternative at input '{..' [@14,24:25='..',<144>,2:23] (atom_prefix, strong_arith_term_2, strong_arith_term_1, weak_arith_term, comparison_term, equality_term, term60, conjunction_term, disjunction_term, implication_term, equivalence_term, elementary_update_term, parallel_term, term, argument_list, call, accessterm, primitive_term, primitive_labeled_term, bracket_term, atom_prefix, strong_arith_term_2, strong_arith_term_1, weak_arith_term, comparison_term, equality_term, term60, conjunction_term, disjunction_term, implication_term, equivalence_term, elementary_update_term, parallel_term, term, taclet, rulesOrAxioms, decls, file) 
256369     WARN  Test worker     d.u.i.k.n.KeYParser       [syntax-error] <unknown>:2:33: mismatched input ';' expecting {',', ')'} [@21,34:34=';',<138>,2:33] (argument_list, call, accessterm, primitive_term, primitive_labeled_term, bracket_term, atom_prefix, strong_arith_term_2, strong_arith_term_1, weak_arith_term, comparison_term, equality_term, term60, conjunction_term, disjunction_term, implication_term, equivalence_term, elementary_update_term, parallel_term, term, taclet, rulesOrAxioms, decls, file) 
256370     WARN  Test worker     d.u.i.k.n.KeYParser       [syntax-error] <unknown>:2:41: no viable alternative at input '#i;' [@26,42:42=';',<138>,2:41] (option_list, taclet, rulesOrAxioms, decls, file) 
256370     WARN  Test worker     d.u.i.k.n.KeYParser       [syntax-error] <unknown>:2:43: mismatched input '<' expecting {'(', '{'} [@28,44:44='<',<173>,2:43] (taclet, rulesOrAxioms, decls, file) 
256370     WARN  Test worker     d.u.i.k.n.KeYParser       [syntax-error] <unknown>:2:47: mismatched input '+' expecting {'(', '{'} [@32,48:48='+',<167>,2:47] (taclet, rulesOrAxioms, decls, file) 
256370     WARN  Test worker     d.u.i.k.n.KeYParser       [syntax-error] <unknown>:2:52: extraneous input '..' expecting {'\lemma', '}', IDENT, '/*!'} [@37,53:54='..',<144>,2:52] (rulesOrAxioms, decls, file) 
256370     WARN  Test worker     d.u.i.k.n.KeYParser       [syntax-error] <unknown>:2:56: mismatched input '>' expecting {<EOF>, '\problem', '\chooseContract', '\proofObligation', '\proof'} [@40,57:57='>',<168>,2:56] (file) 
256371     INFO  Test worker     d.u.i.k.n.KeyIO           Parsing took 0 ms 
256372     DEBUG Test worker     d.u.i.k.n.KeyIO           Load declarations of de.uka.ilkd.key.nparser.KeyAst$File:  <unknown>:1#1 
256372     INFO  Test worker     d.u.i.k.n.KeyIO           MODE: declarations took 0 ms 
256372     DEBUG Test worker     d.u.i.k.n.KeyIO           MODE: 2nd degree decls took 0 
256372     DEBUG Test worker     d.u.i.k.n.KeyIO           MODE: taclets took 0ms 
256372     WARN  Test worker     d.u.i.k.n.KeYParser       [syntax-error] <unknown>:2:21: extraneous input '<' expecting {MODALITY, FORALL, EXISTS, '\if', '\ifEx', 'true', 'false', '(', ')', '{', '@', NOT, '-', STRING_LITERAL, CHAR_LITERAL, BIN_LITERAL, HEX_LITERAL, IDENT, INT_LITERAL, FLOAT_LITERAL, DOUBLE_LITERAL, REAL_LITERAL} [@12,22:22='<',<173>,2:21] (argument_list, call, accessterm, primitive_term, primitive_labeled_term, bracket_term, atom_prefix, strong_arith_term_2, strong_arith_term_1, weak_arith_term, comparison_term, equality_term, term60, conjunction_term, disjunction_term, implication_term, equivalence_term, elementary_update_term, parallel_term, term, taclet, rulesOrAxioms, decls, file) 
256372     WARN  Test worker     d.u.i.k.n.KeYParser       [syntax-error] <unknown>:2:23: no viable alternative at input '{..' [@14,24:25='..',<144>,2:23] (atom_prefix, strong_arith_term_2, strong_arith_term_1, weak_arith_term, comparison_term, equality_term, term60, conjunction_term, disjunction_term, implication_term, equivalence_term, elementary_update_term, parallel_term, term, argument_list, call, accessterm, primitive_term, primitive_labeled_term, bracket_term, atom_prefix, strong_arith_term_2, strong_arith_term_1, weak_arith_term, comparison_term, equality_term, term60, conjunction_term, disjunction_term, implication_term, equivalence_term, elementary_update_term, parallel_term, term, taclet, rulesOrAxioms, decls, file) 
256373     WARN  Test worker     d.u.i.k.n.KeYParser       [syntax-error] <unknown>:2:33: mismatched input ';' expecting {',', ')'} [@21,34:34=';',<138>,2:33] (argument_list, call, accessterm, primitive_term, primitive_labeled_term, bracket_term, atom_prefix, strong_arith_term_2, strong_arith_term_1, weak_arith_term, comparison_term, equality_term, term60, conjunction_term, disjunction_term, implication_term, equivalence_term, elementary_update_term, parallel_term, term, taclet, rulesOrAxioms, decls, file) 
256373     WARN  Test worker     d.u.i.k.n.KeYParser       [syntax-error] <unknown>:2:43: no viable alternative at input '#lab;' [@26,44:44=';',<138>,2:43] (option_list, taclet, rulesOrAxioms, decls, file) 
256373     WARN  Test worker     d.u.i.k.n.KeYParser       [syntax-error] <unknown>:2:45: mismatched input '<' expecting {'(', '{'} [@28,46:46='<',<173>,2:45] (taclet, rulesOrAxioms, decls, file) 
256373     WARN  Test worker     d.u.i.k.n.KeYParser       [syntax-error] <unknown>:2:50: mismatched input '+' expecting {'(', '{'} [@32,51:51='+',<167>,2:50] (taclet, rulesOrAxioms, decls, file) 
256373     WARN  Test worker     d.u.i.k.n.KeYParser       [syntax-error] <unknown>:2:56: extraneous input '..' expecting {'\lemma', '}', IDENT, '/*!'} [@38,57:58='..',<144>,2:56] (rulesOrAxioms, decls, file) 
256373     WARN  Test worker     d.u.i.k.n.KeYParser       [syntax-error] <unknown>:2:60: mismatched input '>' expecting {<EOF>, '\problem', '\chooseContract', '\proofObligation', '\proof'} [@41,61:61='>',<168>,2:60] (file) 
256374     INFO  Test worker     d.u.i.k.n.KeyIO           Parsing took 1 ms 
256374     DEBUG Test worker     d.u.i.k.n.KeyIO           Load declarations of de.uka.ilkd.key.nparser.KeyAst$File:  <unknown>:1#1 
256374     INFO  Test worker     d.u.i.k.n.KeyIO           MODE: declarations took 0 ms 
256374     DEBUG Test worker     d.u.i.k.n.KeyIO           MODE: 2nd degree decls took 0 
256374     DEBUG Test worker     d.u.i.k.n.KeyIO           MODE: taclets took 0ms 
256375     INFO  Test worker     d.u.i.k.n.KeyIO           Parsing took 1 ms 
256375     DEBUG Test worker     d.u.i.k.n.KeyIO           Load declarations of de.uka.ilkd.key.nparser.KeyAst$File:  <unknown>:2#1 
256375     INFO  Test worker     d.u.i.k.n.KeyIO           MODE: declarations took 0 ms 
256375     DEBUG Test worker     d.u.i.k.n.KeyIO           MODE: 2nd degree decls took 0 
256376     DEBUG Test worker     d.u.i.k.n.KeyIO           MODE: taclets took 1ms 
256376     INFO  Test worker     d.u.i.k.n.KeyIO           Parsing took 0 ms 
256376     DEBUG Test worker     d.u.i.k.n.KeyIO           Load declarations of de.uka.ilkd.key.nparser.KeyAst$File:  <unknown>:1#1 
256376     INFO  Test worker     d.u.i.k.n.KeyIO           MODE: declarations took 0 ms 
256376     DEBUG Test worker     d.u.i.k.n.KeyIO           MODE: 2nd degree decls took 0 
256377     DEBUG Test worker     d.u.i.k.n.KeyIO           MODE: taclets took 0ms 
256377     INFO  Test worker     d.u.i.k.n.KeyIO           Parsing took 0 ms 
256377     DEBUG Test worker     d.u.i.k.n.KeyIO           Load declarations of de.uka.ilkd.key.nparser.KeyAst$File:  <unknown>:2#1 
256377     INFO  Test worker     d.u.i.k.n.KeyIO           MODE: declarations took 0 ms 
256377     DEBUG Test worker     d.u.i.k.n.KeyIO           MODE: 2nd degree decls took 0 
256378     DEBUG Test worker     d.u.i.k.n.KeyIO           MODE: taclets took 1ms 
256379     INFO  Test worker     d.u.i.k.n.KeyIO           Parsing took 1 ms 
256379     DEBUG Test worker     d.u.i.k.n.KeyIO           Load declarations of de.uka.ilkd.key.nparser.KeyAst$File:  <unknown>:1#1 
256379     INFO  Test worker     d.u.i.k.n.KeyIO           MODE: declarations took 0 ms 
256379     DEBUG Test worker     d.u.i.k.n.KeyIO           MODE: 2nd degree decls took 0 
256379     DEBUG Test worker     d.u.i.k.n.KeyIO           MODE: taclets took 0ms 
256379     INFO  Test worker     d.u.i.k.n.KeyIO           Parsing took 0 ms 
256379     DEBUG Test worker     d.u.i.k.n.KeyIO           Load declarations of de.uka.ilkd.key.nparser.KeyAst$File:  <unknown>:2#1 
256379     INFO  Test worker     d.u.i.k.n.KeyIO           MODE: declarations took 0 ms 
256379     DEBUG Test worker     d.u.i.k.n.KeyIO           MODE: 2nd degree decls took 0 
256380     DEBUG Test worker     d.u.i.k.n.KeyIO           MODE: taclets took 1ms 
256380     INFO  Test worker     d.u.i.k.n.KeyIO           Parsing took 0 ms 
256380     DEBUG Test worker     d.u.i.k.n.KeyIO           Load declarations of de.uka.ilkd.key.nparser.KeyAst$File:  <unknown>:1#1 
256380     INFO  Test worker     d.u.i.k.n.KeyIO           MODE: declarations took 0 ms 
256380     DEBUG Test worker     d.u.i.k.n.KeyIO           MODE: 2nd degree decls took 0 
256381     DEBUG Test worker     d.u.i.k.n.KeyIO           MODE: taclets took 0ms 
256381     INFO  Test worker     d.u.i.k.n.KeyIO           Parsing took 0 ms 
256381     DEBUG Test worker     d.u.i.k.n.KeyIO           Load declarations of de.uka.ilkd.key.nparser.KeyAst$File:  <unknown>:2#1 
256381     INFO  Test worker     d.u.i.k.n.KeyIO           MODE: declarations took 0 ms 
256381     DEBUG Test worker     d.u.i.k.n.KeyIO           MODE: 2nd degree decls took 0 
256381     DEBUG Test worker     d.u.i.k.n.KeyIO           MODE: taclets took 0ms 
256382     INFO  Test worker     d.u.i.k.n.KeyIO           Parsing took 0 ms 
256382     DEBUG Test worker     d.u.i.k.n.KeyIO           Load declarations of de.uka.ilkd.key.nparser.KeyAst$File:  <unknown>:1#1 
256382     INFO  Test worker     d.u.i.k.n.KeyIO           MODE: declarations took 0 ms 
256382     DEBUG Test worker     d.u.i.k.n.KeyIO           MODE: 2nd degree decls took 0 
256382     DEBUG Test worker     d.u.i.k.n.KeyIO           MODE: taclets took 0ms 
256383     INFO  Test worker     d.u.i.k.n.KeyIO           Parsing took 0 ms 
256383     DEBUG Test worker     d.u.i.k.n.KeyIO           Load declarations of de.uka.ilkd.key.nparser.KeyAst$File:  <unknown>:2#1 
256383     INFO  Test worker     d.u.i.k.n.KeyIO           MODE: declarations took 0 ms 
256383     DEBUG Test worker     d.u.i.k.n.KeyIO           MODE: 2nd degree decls took 0 
256383     DEBUG Test worker     d.u.i.k.n.KeyIO           MODE: taclets took 0ms 
256384     INFO  Test worker     d.u.i.k.n.KeyIO           Parsing took 1 ms 
256384     DEBUG Test worker     d.u.i.k.n.KeyIO           Load declarations of de.uka.ilkd.key.nparser.KeyAst$File:  <unknown>:1#1 
256384     INFO  Test worker     d.u.i.k.n.KeyIO           MODE: declarations took 0 ms 
256384     DEBUG Test worker     d.u.i.k.n.KeyIO           MODE: 2nd degree decls took 0 
256394     DEBUG Test worker     d.u.i.k.n.KeyIO           MODE: taclets took 0ms 
256395     INFO  Test worker     d.u.i.k.n.KeyIO           Parsing took 0 ms 
256395     DEBUG Test worker     d.u.i.k.n.KeyIO           Load declarations of de.uka.ilkd.key.nparser.KeyAst$File:  <unknown>:2#1 
256395     INFO  Test worker     d.u.i.k.n.KeyIO           MODE: declarations took 0 ms 
256395     DEBUG Test worker     d.u.i.k.n.KeyIO           MODE: 2nd degree decls took 0 
256395     DEBUG Test worker     d.u.i.k.n.KeyIO           MODE: taclets took 0ms 
256396     INFO  Test worker     d.u.i.k.n.KeyIO           Parsing took 0 ms 
256396     DEBUG Test worker     d.u.i.k.n.KeyIO           Load declarations of de.uka.ilkd.key.nparser.KeyAst$File:  <unknown>:1#1 
256396     INFO  Test worker     d.u.i.k.n.KeyIO           MODE: declarations took 0 ms 
256396     DEBUG Test worker     d.u.i.k.n.KeyIO           MODE: 2nd degree decls took 0 
256396     DEBUG Test worker     d.u.i.k.n.KeyIO           MODE: taclets took 0ms 
256397     INFO  Test worker     d.u.i.k.n.KeyIO           Parsing took 1 ms 
256397     DEBUG Test worker     d.u.i.k.n.KeyIO           Load declarations of de.uka.ilkd.key.nparser.KeyAst$File:  <unknown>:2#1 
256397     INFO  Test worker     d.u.i.k.n.KeyIO           MODE: declarations took 0 ms 
256397     DEBUG Test worker     d.u.i.k.n.KeyIO           MODE: 2nd degree decls took 0 
256397     DEBUG Test worker     d.u.i.k.n.KeyIO           MODE: taclets took 0ms 
256397     INFO  Test worker     d.u.i.k.n.KeyIO           Parsing took 0 ms 
256397     DEBUG Test worker     d.u.i.k.n.KeyIO           Load declarations of de.uka.ilkd.key.nparser.KeyAst$File:  <unknown>:1#1 
256398     INFO  Test worker     d.u.i.k.n.KeyIO           MODE: declarations took 1 ms 
256398     DEBUG Test worker     d.u.i.k.n.KeyIO           MODE: 2nd degree decls took 0 
256398     DEBUG Test worker     d.u.i.k.n.KeyIO           MODE: taclets took 0ms 
256398     INFO  Test worker     d.u.i.k.n.KeyIO           Parsing took 0 ms 
256398     DEBUG Test worker     d.u.i.k.n.KeyIO           Load declarations of de.uka.ilkd.key.nparser.KeyAst$File:  <unknown>:2#1 
256398     INFO  Test worker     d.u.i.k.n.KeyIO           MODE: declarations took 0 ms 
256398     DEBUG Test worker     d.u.i.k.n.KeyIO           MODE: 2nd degree decls took 0 
256399     DEBUG Test worker     d.u.i.k.n.KeyIO           MODE: taclets took 1ms 
256399     INFO  Test worker     d.u.i.k.n.KeyIO           Parsing took 0 ms 
256399     DEBUG Test worker     d.u.i.k.n.KeyIO           Load declarations of de.uka.ilkd.key.nparser.KeyAst$File:  <unknown>:1#1 
256399     INFO  Test worker     d.u.i.k.n.KeyIO           MODE: declarations took 0 ms 
256399     DEBUG Test worker     d.u.i.k.n.KeyIO           MODE: 2nd degree decls took 0 
256400     DEBUG Test worker     d.u.i.k.n.KeyIO           MODE: taclets took 1ms 
256400     INFO  Test worker     d.u.i.k.n.KeyIO           Parsing took 0 ms 
256401     DEBUG Test worker     d.u.i.k.n.KeyIO           Load declarations of de.uka.ilkd.key.nparser.KeyAst$File:  <unknown>:2#1 
256401     INFO  Test worker     d.u.i.k.n.KeyIO           MODE: declarations took 0 ms 
256401     DEBUG Test worker     d.u.i.k.n.KeyIO           MODE: 2nd degree decls took 0 
256415     DEBUG Test worker     d.u.i.k.n.KeyIO           MODE: taclets took 14ms 
256416     INFO  Test worker     d.u.i.k.n.KeyIO           Parsing took 0 ms 
256416     DEBUG Test worker     d.u.i.k.n.KeyIO           Load declarations of de.uka.ilkd.key.nparser.KeyAst$File:  <unknown>:1#1 
256416     INFO  Test worker     d.u.i.k.n.KeyIO           MODE: declarations took 0 ms 
256416     DEBUG Test worker     d.u.i.k.n.KeyIO           MODE: 2nd degree decls took 0 
256417     DEBUG Test worker     d.u.i.k.n.KeyIO           MODE: taclets took 0ms 
256417     INFO  Test worker     d.u.i.k.n.KeyIO           Parsing took 0 ms 
256417     DEBUG Test worker     d.u.i.k.n.KeyIO           Load declarations of de.uka.ilkd.key.nparser.KeyAst$File:  <unknown>:2#1 
256417     INFO  Test worker     d.u.i.k.n.KeyIO           MODE: declarations took 0 ms 
256417     DEBUG Test worker     d.u.i.k.n.KeyIO           MODE: 2nd degree decls took 0 
256418     DEBUG Test worker     d.u.i.k.n.KeyIO           MODE: taclets took 1ms 
256418     INFO  Test worker     d.u.i.k.n.KeyIO           Parsing took 0 ms 
256418     DEBUG Test worker     d.u.i.k.n.KeyIO           Load declarations of de.uka.ilkd.key.nparser.KeyAst$File:  <unknown>:1#1 
256418     INFO  Test worker     d.u.i.k.n.KeyIO           MODE: declarations took 0 ms 
256418     DEBUG Test worker     d.u.i.k.n.KeyIO           MODE: 2nd degree decls took 0 
256419     DEBUG Test worker     d.u.i.k.n.KeyIO           MODE: taclets took 0ms 
256419     INFO  Test worker     d.u.i.k.n.KeyIO           Parsing took 0 ms 
256419     DEBUG Test worker     d.u.i.k.n.KeyIO           Load declarations of de.uka.ilkd.key.nparser.KeyAst$File:  <unknown>:2#1 
256419     INFO  Test worker     d.u.i.k.n.KeyIO           MODE: declarations took 0 ms 
256419     DEBUG Test worker     d.u.i.k.n.KeyIO           MODE: 2nd degree decls took 0 
256419     DEBUG Test worker     d.u.i.k.n.KeyIO           MODE: taclets took 0ms 
256420     INFO  Test worker     d.u.i.k.n.KeyIO           Parsing took 0 ms 
256421     DEBUG Test worker     d.u.i.k.n.KeyIO           Load declarations of de.uka.ilkd.key.nparser.KeyAst$File:  <unknown>:1#1 
256421     INFO  Test worker     d.u.i.k.n.KeyIO           MODE: declarations took 0 ms 
256421     DEBUG Test worker     d.u.i.k.n.KeyIO           MODE: 2nd degree decls took 0 
256421     DEBUG Test worker     d.u.i.k.n.KeyIO           MODE: taclets took 0ms 
256421     INFO  Test worker     d.u.i.k.n.KeyIO           Parsing took 0 ms 
256421     DEBUG Test worker     d.u.i.k.n.KeyIO           Load declarations of de.uka.ilkd.key.nparser.KeyAst$File:  <unknown>:2#1 
256421     INFO  Test worker     d.u.i.k.n.KeyIO           MODE: declarations took 0 ms 
256421     DEBUG Test worker     d.u.i.k.n.KeyIO           MODE: 2nd degree decls took 0 
256422     DEBUG Test worker     d.u.i.k.n.KeyIO           MODE: taclets took 0ms 
256426     INFO  Test worker     d.u.i.k.n.KeyIO           Parsing took 4 ms 
256426     DEBUG Test worker     d.u.i.k.n.KeyIO           Load declarations of de.uka.ilkd.key.nparser.KeyAst$File:  <unknown>:2#1 
256426     INFO  Test worker     d.u.i.k.n.KeyIO           MODE: declarations took 0 ms 
256426     DEBUG Test worker     d.u.i.k.n.KeyIO           MODE: 2nd degree decls took 0 
256426     DEBUG Test worker     d.u.i.k.n.KeyIO           MODE: taclets took 0ms 
256427     INFO  Test worker     d.u.i.k.n.KeyIO           Parsing took 0 ms 
256427     DEBUG Test worker     d.u.i.k.n.KeyIO           Load declarations of de.uka.ilkd.key.nparser.KeyAst$File:  <unknown>:1#1 
256427     INFO  Test worker     d.u.i.k.n.KeyIO           MODE: declarations took 0 ms 
256427     DEBUG Test worker     d.u.i.k.n.KeyIO           MODE: 2nd degree decls took 0 
256427     DEBUG Test worker     d.u.i.k.n.KeyIO           MODE: taclets took 0ms 
256428     INFO  Test worker     d.u.i.k.n.KeyIO           Parsing took 1 ms 
256428     DEBUG Test worker     d.u.i.k.n.KeyIO           Load declarations of de.uka.ilkd.key.nparser.KeyAst$File:  <unknown>:2#1 
256428     INFO  Test worker     d.u.i.k.n.KeyIO           MODE: declarations took 0 ms 
256428     DEBUG Test worker     d.u.i.k.n.KeyIO           MODE: 2nd degree decls took 0 
256429     INFO  Test worker     d.u.i.k.n.KeyIO           Parsing took 0 ms 
256429     DEBUG Test worker     d.u.i.k.n.KeyIO           Load declarations of de.uka.ilkd.key.nparser.KeyAst$File:  <unknown>:1#1 
256429     INFO  Test worker     d.u.i.k.n.KeyIO           MODE: declarations took 0 ms 
256429     DEBUG Test worker     d.u.i.k.n.KeyIO           MODE: 2nd degree decls took 0 
256429     DEBUG Test worker     d.u.i.k.n.KeyIO           MODE: taclets took 0ms 
256434     INFO  Test worker     d.u.i.k.n.KeyIO           Parsing took 4 ms 
256434     DEBUG Test worker     d.u.i.k.n.KeyIO           Load declarations of de.uka.ilkd.key.nparser.KeyAst$File:  <unknown>:2#1 
256434     INFO  Test worker     d.u.i.k.n.KeyIO           MODE: declarations took 0 ms 
256434     DEBUG Test worker     d.u.i.k.n.KeyIO           MODE: 2nd degree decls took 0 
256434     DEBUG Test worker     d.u.i.k.n.KeyIO           MODE: taclets took 0ms 
256435     INFO  Test worker     d.u.i.k.n.KeyIO           Parsing took 0 ms 
256435     DEBUG Test worker     d.u.i.k.n.KeyIO           Load declarations of de.uka.ilkd.key.nparser.KeyAst$File:  <unknown>:1#1 
256435     INFO  Test worker     d.u.i.k.n.KeyIO           MODE: declarations took 0 ms 
256435     DEBUG Test worker     d.u.i.k.n.KeyIO           MODE: 2nd degree decls took 0 
256436     DEBUG Test worker     d.u.i.k.n.KeyIO           MODE: taclets took 1ms 
256436     INFO  Test worker     d.u.i.k.n.KeyIO           Parsing took 0 ms 
256436     DEBUG Test worker     d.u.i.k.n.KeyIO           Load declarations of de.uka.ilkd.key.nparser.KeyAst$File:  <unknown>:2#1 
256436     INFO  Test worker     d.u.i.k.n.KeyIO           MODE: declarations took 0 ms 
256436     DEBUG Test worker     d.u.i.k.n.KeyIO           MODE: 2nd degree decls took 0 
256437     DEBUG Test worker     d.u.i.k.n.KeyIO           MODE: taclets took 0ms 
256437     INFO  Test worker     d.u.i.k.n.KeyIO           Parsing took 0 ms 
256437     DEBUG Test worker     d.u.i.k.n.KeyIO           Load declarations of de.uka.ilkd.key.nparser.KeyAst$File:  <unknown>:1#1 
256437     INFO  Test worker     d.u.i.k.n.KeyIO           MODE: declarations took 0 ms 
256437     DEBUG Test worker     d.u.i.k.n.KeyIO           MODE: 2nd degree decls took 0 
256438     DEBUG Test worker     d.u.i.k.n.KeyIO           MODE: taclets took 0ms 
256440     INFO  Test worker     d.u.i.k.n.KeyIO           Parsing took 1 ms 
256440     DEBUG Test worker     d.u.i.k.n.KeyIO           Load declarations of de.uka.ilkd.key.nparser.KeyAst$File:  <unknown>:2#1 
256440     INFO  Test worker     d.u.i.k.n.KeyIO           MODE: declarations took 0 ms 
256440     DEBUG Test worker     d.u.i.k.n.KeyIO           MODE: 2nd degree decls took 0 
256440     DEBUG Test worker     d.u.i.k.n.KeyIO           MODE: taclets took 0ms 
]]></system-out>
  <system-err><![CDATA[]]></system-err>
</testsuite>
