<?xml version="1.0" encoding="UTF-8"?>
<testsuite name="de.uka.ilkd.key.parser.TestDeclParser" tests="14" skipped="2" failures="0" errors="0" timestamp="2023-04-19T10:45:46" hostname="fv-az251-591" time="9.503">
  <properties/>
  <testcase name="testGenericSortDecl1()" classname="de.uka.ilkd.key.parser.TestDeclParser" time="0.86"/>
  <testcase name="testGenericSortDecl2()" classname="de.uka.ilkd.key.parser.TestDeclParser" time="0.818"/>
  <testcase name="testGenericSortDecl3()" classname="de.uka.ilkd.key.parser.TestDeclParser" time="0.741"/>
  <testcase name="testGenericSortDecl4()" classname="de.uka.ilkd.key.parser.TestDeclParser" time="0.813"/>
  <testcase name="testGenericSortDecl5()" classname="de.uka.ilkd.key.parser.TestDeclParser" time="0.0">
    <skipped/>
  </testcase>
  <testcase name="testGenericSortDecl6()" classname="de.uka.ilkd.key.parser.TestDeclParser" time="0.795"/>
  <testcase name="testSortDecl()" classname="de.uka.ilkd.key.parser.TestDeclParser" time="0.81"/>
  <testcase name="testProxySortDecl()" classname="de.uka.ilkd.key.parser.TestDeclParser" time="0.754"/>
  <testcase name="testArrayDecl()" classname="de.uka.ilkd.key.parser.TestDeclParser" time="0.794"/>
  <testcase name="testAmbiguousDecls()" classname="de.uka.ilkd.key.parser.TestDeclParser" time="0.0">
    <skipped/>
  </testcase>
  <testcase name="testHeurDecl()" classname="de.uka.ilkd.key.parser.TestDeclParser" time="0.793"/>
  <testcase name="testFunctionDecl()" classname="de.uka.ilkd.key.parser.TestDeclParser" time="0.741"/>
  <testcase name="testPredicateDecl()" classname="de.uka.ilkd.key.parser.TestDeclParser" time="0.79"/>
  <testcase name="testSVDecl()" classname="de.uka.ilkd.key.parser.TestDeclParser" time="0.789"/>
  <system-out><![CDATA[180226     INFO  Test worker     d.u.i.k.n.KeyIO           Parsing took 0 ms 
180226     DEBUG Test worker     d.u.i.k.n.KeyIO           Load declarations of de.uka.ilkd.key.nparser.KeyAst$File:  <unknown>:1#1 
180226     INFO  Test worker     d.u.i.k.n.KeyIO           MODE: declarations took 0 ms 
180226     DEBUG Test worker     d.u.i.k.n.KeyIO           MODE: 2nd degree decls took 0 
180226     DEBUG Test worker     d.u.i.k.n.KeyIO           MODE: taclets took 0ms 
181045     INFO  Test worker     d.u.i.k.n.KeyIO           Parsing took 0 ms 
181045     DEBUG Test worker     d.u.i.k.n.KeyIO           Load declarations of de.uka.ilkd.key.nparser.KeyAst$File:  <unknown>:1#1 
181045     INFO  Test worker     d.u.i.k.n.KeyIO           MODE: declarations took 0 ms 
181045     DEBUG Test worker     d.u.i.k.n.KeyIO           MODE: 2nd degree decls took 0 
181045     DEBUG Test worker     d.u.i.k.n.KeyIO           MODE: taclets took 0ms 
181787     INFO  Test worker     d.u.i.k.n.KeyIO           Parsing took 0 ms 
181787     DEBUG Test worker     d.u.i.k.n.KeyIO           Load declarations of de.uka.ilkd.key.nparser.KeyAst$File:  <unknown>:1#1 
181787     INFO  Test worker     d.u.i.k.n.KeyIO           MODE: declarations took 0 ms 
181787     DEBUG Test worker     d.u.i.k.n.KeyIO           MODE: 2nd degree decls took 0 
181787     DEBUG Test worker     d.u.i.k.n.KeyIO           MODE: taclets took 0ms 
182600     INFO  Test worker     d.u.i.k.n.KeyIO           Parsing took 0 ms 
182600     DEBUG Test worker     d.u.i.k.n.KeyIO           Load declarations of de.uka.ilkd.key.nparser.KeyAst$File:  <unknown>:1#1 
182600     INFO  Test worker     d.u.i.k.n.KeyIO           MODE: declarations took 0 ms 
182600     DEBUG Test worker     d.u.i.k.n.KeyIO           MODE: 2nd degree decls took 0 
182600     DEBUG Test worker     d.u.i.k.n.KeyIO           MODE: taclets took 0ms 
183395     INFO  Test worker     d.u.i.k.n.KeyIO           Parsing took 0 ms 
183396     DEBUG Test worker     d.u.i.k.n.KeyIO           Load declarations of de.uka.ilkd.key.nparser.KeyAst$File:  <unknown>:1#1 
183396     INFO  Test worker     d.u.i.k.n.KeyIO           MODE: declarations took 0 ms 
183396     DEBUG Test worker     d.u.i.k.n.KeyIO           MODE: 2nd degree decls took 0 
183396     DEBUG Test worker     d.u.i.k.n.KeyIO           MODE: taclets took 0ms 
184205     INFO  Test worker     d.u.i.k.n.KeyIO           Parsing took 0 ms 
184205     DEBUG Test worker     d.u.i.k.n.KeyIO           Load declarations of de.uka.ilkd.key.nparser.KeyAst$File:  <unknown>:1#1 
184205     INFO  Test worker     d.u.i.k.n.KeyIO           MODE: declarations took 0 ms 
184206     DEBUG Test worker     d.u.i.k.n.KeyIO           MODE: 2nd degree decls took 0 
184206     DEBUG Test worker     d.u.i.k.n.KeyIO           MODE: taclets took 0ms 
184960     INFO  Test worker     d.u.i.k.n.KeyIO           Parsing took 1 ms 
184960     DEBUG Test worker     d.u.i.k.n.KeyIO           Load declarations of de.uka.ilkd.key.nparser.KeyAst$File:  <unknown>:1#1 
184960     INFO  Test worker     d.u.i.k.n.KeyIO           MODE: declarations took 0 ms 
184960     DEBUG Test worker     d.u.i.k.n.KeyIO           MODE: 2nd degree decls took 0 
184960     DEBUG Test worker     d.u.i.k.n.KeyIO           MODE: taclets took 0ms 
185753     INFO  Test worker     d.u.i.k.n.KeyIO           Parsing took 0 ms 
185753     DEBUG Test worker     d.u.i.k.n.KeyIO           Load declarations of de.uka.ilkd.key.nparser.KeyAst$File:  <unknown>:1#1 
185753     INFO  Test worker     d.u.i.k.n.KeyIO           MODE: declarations took 0 ms 
185754     DEBUG Test worker     d.u.i.k.n.KeyIO           MODE: 2nd degree decls took 1 
185754     DEBUG Test worker     d.u.i.k.n.KeyIO           MODE: taclets took 0ms 
186548     INFO  Test worker     d.u.i.k.n.KeyIO           Parsing took 0 ms 
186548     DEBUG Test worker     d.u.i.k.n.KeyIO           Load declarations of de.uka.ilkd.key.nparser.KeyAst$File:  <unknown>:1#1 
186548     INFO  Test worker     d.u.i.k.n.KeyIO           MODE: declarations took 0 ms 
186548     DEBUG Test worker     d.u.i.k.n.KeyIO           MODE: 2nd degree decls took 0 
186548     DEBUG Test worker     d.u.i.k.n.KeyIO           MODE: taclets took 0ms 
187288     INFO  Test worker     d.u.i.k.n.KeyIO           Parsing took 0 ms 
187289     DEBUG Test worker     d.u.i.k.n.KeyIO           Load declarations of de.uka.ilkd.key.nparser.KeyAst$File:  <unknown>:1#1 
187289     INFO  Test worker     d.u.i.k.n.KeyIO           MODE: declarations took 0 ms 
187289     DEBUG Test worker     d.u.i.k.n.KeyIO           MODE: 2nd degree decls took 0 
187289     DEBUG Test worker     d.u.i.k.n.KeyIO           MODE: taclets took 0ms 
188079     INFO  Test worker     d.u.i.k.n.KeyIO           Parsing took 0 ms 
188079     DEBUG Test worker     d.u.i.k.n.KeyIO           Load declarations of de.uka.ilkd.key.nparser.KeyAst$File:  <unknown>:1#1 
188079     INFO  Test worker     d.u.i.k.n.KeyIO           MODE: declarations took 0 ms 
188079     DEBUG Test worker     d.u.i.k.n.KeyIO           MODE: 2nd degree decls took 0 
188079     DEBUG Test worker     d.u.i.k.n.KeyIO           MODE: taclets took 0ms 
188867     INFO  Test worker     d.u.i.k.n.KeyIO           Parsing took 0 ms 
188867     DEBUG Test worker     d.u.i.k.n.KeyIO           Load declarations of de.uka.ilkd.key.nparser.KeyAst$File:  <unknown>:1#1 
188867     INFO  Test worker     d.u.i.k.n.KeyIO           MODE: declarations took 0 ms 
188867     DEBUG Test worker     d.u.i.k.n.KeyIO           MODE: 2nd degree decls took 0 
188867     DEBUG Test worker     d.u.i.k.n.KeyIO           MODE: taclets took 0ms 
]]></system-out>
  <system-err><![CDATA[]]></system-err>
</testsuite>
