<?xml version="1.0" encoding="UTF-8"?>
<testsuite name="de.uka.ilkd.key.rule.merge.PredicateAbstractionLatticeTests" tests="3" skipped="0" failures="0" errors="0" timestamp="2023-04-19T10:50:17" hostname="fv-az251-591" time="5.04">
  <properties/>
  <testcase name="testToAndFromString()" classname="de.uka.ilkd.key.rule.merge.PredicateAbstractionLatticeTests" time="2.569"/>
  <testcase name="testCreateSignLatticeWithPredicates()" classname="de.uka.ilkd.key.rule.merge.PredicateAbstractionLatticeTests" time="2.471"/>
  <testcase name="testTrivialPredicatesLattice()" classname="de.uka.ilkd.key.rule.merge.PredicateAbstractionLatticeTests" time="0.0"/>
  <system-out><![CDATA[449482     INFO  Test worker     d.u.i.k.p.i.AbstractProblemLoader Loading environment from src/test/resources/testcase/merge/dummy.key 
449482     DEBUG Test worker     d.u.i.k.p.i.AbstractProblemLoader Environment load took 525.61ns 
449483     INFO  Test worker     d.u.i.k.p.i.AbstractProblemLoader Creating init config 
452036     DEBUG Test worker     d.u.i.k.p.i.AbstractProblemLoader Init config took 2.55s 
452048     INFO  Test worker     d.u.i.k.p.i.AbstractProblemLoader Replaying proof dummy.key 
452049     DEBUG Test worker     d.u.i.k.p.i.IntermediateProofReplayer Proof replay took 7.2ns 
452051     INFO  Test worker     d.u.i.k.p.i.AbstractProblemLoader Loading environment from src/test/resources/testcase/merge/dummy.key 
452051     DEBUG Test worker     d.u.i.k.p.i.AbstractProblemLoader Environment load took 88.3ns 
452051     INFO  Test worker     d.u.i.k.p.i.AbstractProblemLoader Creating init config 
454500     DEBUG Test worker     d.u.i.k.p.i.AbstractProblemLoader Init config took 2.45s 
454513     INFO  Test worker     d.u.i.k.p.i.AbstractProblemLoader Replaying proof dummy.key 
454519     DEBUG Test worker     d.u.i.k.p.i.IntermediateProofReplayer Proof replay took 7.8ns 
]]></system-out>
  <system-err><![CDATA[]]></system-err>
</testsuite>
