<?xml version="1.0" encoding="UTF-8"?>
<testsuite name="de.uka.ilkd.key.nparser.ParseLDTsTests" tests="2" skipped="0" failures="0" errors="0" timestamp="2023-04-19T10:45:38" hostname="fv-az251-591" time="0.935">
  <properties/>
  <testcase name="testLDT()" classname="de.uka.ilkd.key.nparser.ParseLDTsTests" time="0.027"/>
  <testcase name="testSR()" classname="de.uka.ilkd.key.nparser.ParseLDTsTests" time="0.907"/>
  <system-out><![CDATA[171059     DEBUG Test worker     d.u.i.k.n.ParsingFacade   PARSING file:/home/runner/work/key/key/key.core/build/resources/main/de/uka/ilkd/key/proof/rules/ldt.key took 0 ms 
171060     DEBUG Test worker     d.u.i.k.n.ParsingFacade   PARSING file:/home/runner/work/key/key/key.core/build/resources/main/de/uka/ilkd/key/proof/rules/charListHeader.key took 1 ms 
171060     DEBUG Test worker     d.u.i.k.n.ParsingFacade   PARSING file:/home/runner/work/key/key/key.core/build/resources/main/de/uka/ilkd/key/proof/rules/wellfound.key took 0 ms 
171060     DEBUG Test worker     d.u.i.k.n.ParsingFacade   PARSING file:/home/runner/work/key/key/key.core/build/resources/main/de/uka/ilkd/key/proof/rules/freeADT.key took 0 ms 
171063     DEBUG Test worker     d.u.i.k.n.ParsingFacade   PARSING file:/home/runner/work/key/key/key.core/build/resources/main/de/uka/ilkd/key/proof/rules/map.key took 3 ms 
171064     DEBUG Test worker     d.u.i.k.n.ParsingFacade   PARSING file:/home/runner/work/key/key/key.core/build/resources/main/de/uka/ilkd/key/proof/rules/seq.key took 0 ms 
171064     DEBUG Test worker     d.u.i.k.n.ParsingFacade   PARSING file:/home/runner/work/key/key/key.core/build/resources/main/de/uka/ilkd/key/proof/rules/reach.key took 0 ms 
171064     DEBUG Test worker     d.u.i.k.n.ParsingFacade   PARSING file:/home/runner/work/key/key/key.core/build/resources/main/de/uka/ilkd/key/proof/rules/permission.key took 0 ms 
171065     DEBUG Test worker     d.u.i.k.n.ParsingFacade   PARSING file:/home/runner/work/key/key/key.core/build/resources/main/de/uka/ilkd/key/proof/rules/locSets.key took 0 ms 
171065     DEBUG Test worker     d.u.i.k.n.ParsingFacade   PARSING file:/home/runner/work/key/key/key.core/build/resources/main/de/uka/ilkd/key/proof/rules/heap.key took 0 ms 
171070     DEBUG Test worker     d.u.i.k.n.ParsingFacade   PARSING file:/home/runner/work/key/key/key.core/build/resources/main/de/uka/ilkd/key/proof/rules/floatHeader.key took 1 ms 
171071     DEBUG Test worker     d.u.i.k.n.ParsingFacade   PARSING file:/home/runner/work/key/key/key.core/build/resources/main/de/uka/ilkd/key/proof/rules/integerHeader.key took 1 ms 
171072     DEBUG Test worker     d.u.i.k.n.ParsingFacade   PARSING file:/home/runner/work/key/key/key.core/build/resources/main/de/uka/ilkd/key/proof/rules/ruleSetsDeclarations.key took 1 ms 
171072     DEBUG Test worker     d.u.i.k.n.ParsingFacade   PARSING file:/home/runner/work/key/key/key.core/build/resources/main/de/uka/ilkd/key/proof/rules/boolean.key took 0 ms 
171072     INFO  Test worker     d.u.i.k.n.KeyIO           Parsing took 13 ms 
171072     DEBUG Test worker     d.u.i.k.n.KeyIO           Load declarations of de.uka.ilkd.key.nparser.KeyAst$File:  file:/home/runner/work/key/key/key.core/build/resources/main/de/uka/ilkd/key/proof/rules/boolean.key:1#1 
171073     DEBUG Test worker     d.u.i.k.n.KeyIO           Load declarations of de.uka.ilkd.key.nparser.KeyAst$File:  file:/home/runner/work/key/key/key.core/build/resources/main/de/uka/ilkd/key/proof/rules/ruleSetsDeclarations.key:5#1 
171073     DEBUG Test worker     d.u.i.k.n.KeyIO           Load declarations of de.uka.ilkd.key.nparser.KeyAst$File:  file:/home/runner/work/key/key/key.core/build/resources/main/de/uka/ilkd/key/proof/rules/integerHeader.key:1#1 
171074     DEBUG Test worker     d.u.i.k.n.KeyIO           Load declarations of de.uka.ilkd.key.nparser.KeyAst$File:  file:/home/runner/work/key/key/key.core/build/resources/main/de/uka/ilkd/key/proof/rules/floatHeader.key:14#1 
171074     DEBUG Test worker     d.u.i.k.n.KeyIO           Load declarations of de.uka.ilkd.key.nparser.KeyAst$File:  file:/home/runner/work/key/key/key.core/build/resources/main/de/uka/ilkd/key/proof/rules/heap.key:4#1 
171074     DEBUG Test worker     d.u.i.k.n.KeyIO           Load declarations of de.uka.ilkd.key.nparser.KeyAst$File:  file:/home/runner/work/key/key/key.core/build/resources/main/de/uka/ilkd/key/proof/rules/locSets.key:4#1 
171074     DEBUG Test worker     d.u.i.k.n.KeyIO           Load declarations of de.uka.ilkd.key.nparser.KeyAst$File:  file:/home/runner/work/key/key/key.core/build/resources/main/de/uka/ilkd/key/proof/rules/permission.key:1#1 
171074     DEBUG Test worker     d.u.i.k.n.KeyIO           Load declarations of de.uka.ilkd.key.nparser.KeyAst$File:  file:/home/runner/work/key/key/key.core/build/resources/main/de/uka/ilkd/key/proof/rules/reach.key:3#1 
171074     DEBUG Test worker     d.u.i.k.n.KeyIO           Load declarations of de.uka.ilkd.key.nparser.KeyAst$File:  file:/home/runner/work/key/key/key.core/build/resources/main/de/uka/ilkd/key/proof/rules/seq.key:11#1 
171075     DEBUG Test worker     d.u.i.k.n.KeyIO           Load declarations of de.uka.ilkd.key.nparser.KeyAst$File:  file:/home/runner/work/key/key/key.core/build/resources/main/de/uka/ilkd/key/proof/rules/map.key:1#1 
171075     DEBUG Test worker     d.u.i.k.n.KeyIO           Load declarations of de.uka.ilkd.key.nparser.KeyAst$File:  file:/home/runner/work/key/key/key.core/build/resources/main/de/uka/ilkd/key/proof/rules/freeADT.key:17#1 
171075     DEBUG Test worker     d.u.i.k.n.KeyIO           Load declarations of de.uka.ilkd.key.nparser.KeyAst$File:  file:/home/runner/work/key/key/key.core/build/resources/main/de/uka/ilkd/key/proof/rules/wellfound.key:19#1 
171075     DEBUG Test worker     d.u.i.k.n.KeyIO           Load declarations of de.uka.ilkd.key.nparser.KeyAst$File:  file:/home/runner/work/key/key/key.core/build/resources/main/de/uka/ilkd/key/proof/rules/charListHeader.key:1#1 
171075     DEBUG Test worker     d.u.i.k.n.KeyIO           Load declarations of de.uka.ilkd.key.nparser.KeyAst$File:  file:/home/runner/work/key/key/key.core/build/resources/main/de/uka/ilkd/key/proof/rules/ldt.key:10#1 
171075     INFO  Test worker     d.u.i.k.n.KeyIO           MODE: declarations took 3 ms 
171082     DEBUG Test worker     d.u.i.k.n.KeyIO           MODE: 2nd degree decls took 7 
171085     DEBUG Test worker     d.u.i.k.n.KeyIO           MODE: taclets took 3ms 
171092     DEBUG Test worker     d.u.i.k.n.ParsingFacade   PARSING file:/home/runner/work/key/key/key.core/build/resources/main/de/uka/ilkd/key/proof/rules/standardRules.key took 0 ms 
171121     DEBUG Test worker     d.u.i.k.n.ParsingFacade   PARSING file:/home/runner/work/key/key/key.core/build/resources/main/de/uka/ilkd/key/proof/rules/loopScopeRules.key took 19 ms 
171126     DEBUG Test worker     d.u.i.k.n.ParsingFacade   PARSING file:/home/runner/work/key/key/key.core/build/resources/main/de/uka/ilkd/key/proof/rules/execRules.key took 5 ms 
171127     DEBUG Test worker     d.u.i.k.n.ParsingFacade   PARSING file:/home/runner/work/key/key/key.core/build/resources/main/de/uka/ilkd/key/proof/rules/forLoopRules.key took 0 ms 
171128     DEBUG Test worker     d.u.i.k.n.ParsingFacade   PARSING file:/home/runner/work/key/key/key.core/build/resources/main/de/uka/ilkd/key/proof/rules/loopInvariantRules.key took 1 ms 
171129     DEBUG Test worker     d.u.i.k.n.ParsingFacade   PARSING file:/home/runner/work/key/key/key.core/build/resources/main/de/uka/ilkd/key/proof/rules/wd.key took 0 ms 
171134     DEBUG Test worker     d.u.i.k.n.ParsingFacade   PARSING file:/home/runner/work/key/key/key.core/build/resources/main/de/uka/ilkd/key/proof/rules/wdFormulaRules.key took 5 ms 
171135     DEBUG Test worker     d.u.i.k.n.ParsingFacade   PARSING file:/home/runner/work/key/key/key.core/build/resources/main/de/uka/ilkd/key/proof/rules/wdRegExRules.key took 0 ms 
171136     DEBUG Test worker     d.u.i.k.n.ParsingFacade   PARSING file:/home/runner/work/key/key/key.core/build/resources/main/de/uka/ilkd/key/proof/rules/wdStringRules.key took 1 ms 
171137     DEBUG Test worker     d.u.i.k.n.ParsingFacade   PARSING file:/home/runner/work/key/key/key.core/build/resources/main/de/uka/ilkd/key/proof/rules/wdSeqRules.key took 1 ms 
171138     DEBUG Test worker     d.u.i.k.n.ParsingFacade   PARSING file:/home/runner/work/key/key/key.core/build/resources/main/de/uka/ilkd/key/proof/rules/wdReachRules.key took 1 ms 
171139     DEBUG Test worker     d.u.i.k.n.ParsingFacade   PARSING file:/home/runner/work/key/key/key.core/build/resources/main/de/uka/ilkd/key/proof/rules/wdHeapRules.key took 1 ms 
171140     DEBUG Test worker     d.u.i.k.n.ParsingFacade   PARSING file:/home/runner/work/key/key/key.core/build/resources/main/de/uka/ilkd/key/proof/rules/wdLocSetRules.key took 1 ms 
171145     DEBUG Test worker     d.u.i.k.n.ParsingFacade   PARSING file:/home/runner/work/key/key/key.core/build/resources/main/de/uka/ilkd/key/proof/rules/wdNumericalRules.key took 5 ms 
171147     DEBUG Test worker     d.u.i.k.n.ParsingFacade   PARSING file:/home/runner/work/key/key/key.core/build/resources/main/de/uka/ilkd/key/proof/rules/wdGeneralRules.key took 1 ms 
171147     DEBUG Test worker     d.u.i.k.n.ParsingFacade   PARSING file:/home/runner/work/key/key/key.core/build/resources/main/de/uka/ilkd/key/proof/rules/wdHeader.key took 0 ms 
171148     DEBUG Test worker     d.u.i.k.n.ParsingFacade   PARSING file:/home/runner/work/key/key/key.core/build/resources/main/de/uka/ilkd/key/proof/rules/mapSize.key took 1 ms 
171150     DEBUG Test worker     d.u.i.k.n.ParsingFacade   PARSING file:/home/runner/work/key/key/key.core/build/resources/main/de/uka/ilkd/key/proof/rules/infFlow.key took 2 ms 
171153     DEBUG Test worker     d.u.i.k.n.ParsingFacade   PARSING file:/home/runner/work/key/key/key.core/build/resources/main/de/uka/ilkd/key/proof/rules/seqEq.key took 2 ms 
171154     DEBUG Test worker     d.u.i.k.n.ParsingFacade   PARSING file:/home/runner/work/key/key/key.core/build/resources/main/de/uka/ilkd/key/proof/rules/regExTheory.key took 0 ms 
171156     DEBUG Test worker     d.u.i.k.n.ParsingFacade   PARSING file:/home/runner/work/key/key/key.core/build/resources/main/de/uka/ilkd/key/proof/rules/regExLemmaProven.key took 2 ms 
171158     DEBUG Test worker     d.u.i.k.n.ParsingFacade   PARSING file:/home/runner/work/key/key/key.core/build/resources/main/de/uka/ilkd/key/proof/rules/regExAxioms.key took 1 ms 
171158     DEBUG Test worker     d.u.i.k.n.ParsingFacade   PARSING file:/home/runner/work/key/key/key.core/build/resources/main/de/uka/ilkd/key/proof/rules/regExHeader.key took 0 ms 
171282     DEBUG Test worker     d.u.i.k.n.ParsingFacade   PARSING file:/home/runner/work/key/key/key.core/build/resources/main/de/uka/ilkd/key/proof/rules/charListRules.key took 124 ms 
171284     DEBUG Test worker     d.u.i.k.n.ParsingFacade   PARSING file:/home/runner/work/key/key/key.core/build/resources/main/de/uka/ilkd/key/proof/rules/precRules.key took 1 ms 
171287     DEBUG Test worker     d.u.i.k.n.ParsingFacade   PARSING file:/home/runner/work/key/key/key.core/build/resources/main/de/uka/ilkd/key/proof/rules/adtProgramDecompositionRules.key took 3 ms 
171289     DEBUG Test worker     d.u.i.k.n.ParsingFacade   PARSING file:/home/runner/work/key/key/key.core/build/resources/main/de/uka/ilkd/key/proof/rules/bigint.key took 1 ms 
171291     DEBUG Test worker     d.u.i.k.n.ParsingFacade   PARSING file:/home/runner/work/key/key/key.core/build/resources/main/de/uka/ilkd/key/proof/rules/floatAssignment2UpdateRules.key took 2 ms 
171295     DEBUG Test worker     d.u.i.k.n.ParsingFacade   PARSING file:/home/runner/work/key/key/key.core/build/resources/main/de/uka/ilkd/key/proof/rules/integerAssignment2UpdateRules.key took 3 ms 
171298     DEBUG Test worker     d.u.i.k.n.ParsingFacade   PARSING file:/home/runner/work/key/key/key.core/build/resources/main/de/uka/ilkd/key/proof/rules/java5.key took 0 ms 
171300     DEBUG Test worker     d.u.i.k.n.ParsingFacade   PARSING file:/home/runner/work/key/key/key.core/build/resources/main/de/uka/ilkd/key/proof/rules/instanceAllocation.key took 2 ms 
171305     DEBUG Test worker     d.u.i.k.n.ParsingFacade   PARSING file:/home/runner/work/key/key/key.core/build/resources/main/de/uka/ilkd/key/proof/rules/activeUse.key took 5 ms 
171306     DEBUG Test worker     d.u.i.k.n.ParsingFacade   PARSING file:/home/runner/work/key/key/key.core/build/resources/main/de/uka/ilkd/key/proof/rules/loopRules.key took 0 ms 
171339     DEBUG Test worker     d.u.i.k.n.ParsingFacade   PARSING file:/home/runner/work/key/key/key.core/build/resources/main/de/uka/ilkd/key/proof/rules/javaRules.key took 33 ms 
171345     DEBUG Test worker     d.u.i.k.n.ParsingFacade   PARSING file:/home/runner/work/key/key/key.core/build/resources/main/de/uka/ilkd/key/proof/rules/assertions.key took 1 ms 
171347     DEBUG Test worker     d.u.i.k.n.ParsingFacade   PARSING file:/home/runner/work/key/key/key.core/build/resources/main/de/uka/ilkd/key/proof/rules/seqPerm2.key took 1 ms 
171355     DEBUG Test worker     d.u.i.k.n.ParsingFacade   PARSING file:/home/runner/work/key/key/key.core/build/resources/main/de/uka/ilkd/key/proof/rules/seqPerm.key took 7 ms 
171366     DEBUG Test worker     d.u.i.k.n.ParsingFacade   PARSING file:/home/runner/work/key/key/key.core/build/resources/main/de/uka/ilkd/key/proof/rules/seqRules.key took 10 ms 
171369     DEBUG Test worker     d.u.i.k.n.ParsingFacade   PARSING file:/home/runner/work/key/key/key.core/build/resources/main/de/uka/ilkd/key/proof/rules/seqCoreRules.key took 1 ms 
171377     DEBUG Test worker     d.u.i.k.n.ParsingFacade   PARSING file:/home/runner/work/key/key/key.core/build/resources/main/de/uka/ilkd/key/proof/rules/reachRules.key took 8 ms 
171382     DEBUG Test worker     d.u.i.k.n.ParsingFacade   PARSING file:/home/runner/work/key/key/key.core/build/resources/main/de/uka/ilkd/key/proof/rules/permissionRules.key took 4 ms 
171391     DEBUG Test worker     d.u.i.k.n.ParsingFacade   PARSING file:/home/runner/work/key/key/key.core/build/resources/main/de/uka/ilkd/key/proof/rules/heapRules.key took 8 ms 
171405     DEBUG Test worker     d.u.i.k.n.ParsingFacade   PARSING file:/home/runner/work/key/key/key.core/build/resources/main/de/uka/ilkd/key/proof/rules/locSetsRules.key took 12 ms 
171408     DEBUG Test worker     d.u.i.k.n.ParsingFacade   PARSING file:/home/runner/work/key/key/key.core/build/resources/main/de/uka/ilkd/key/proof/rules/epsilon.key took 1 ms 
171409     DEBUG Test worker     d.u.i.k.n.ParsingFacade   PARSING file:/home/runner/work/key/key/key.core/build/resources/main/de/uka/ilkd/key/proof/rules/booleanRules.key took 1 ms 
171412     DEBUG Test worker     d.u.i.k.n.ParsingFacade   PARSING file:/home/runner/work/key/key/key.core/build/resources/main/de/uka/ilkd/key/proof/rules/genericRules.key took 3 ms 
171413     DEBUG Test worker     d.u.i.k.n.ParsingFacade   PARSING file:/home/runner/work/key/key/key.core/build/resources/main/de/uka/ilkd/key/proof/rules/floatRulesAssumeStrictfp.key took 1 ms 
171414     DEBUG Test worker     d.u.i.k.n.ParsingFacade   PARSING file:/home/runner/work/key/key/key.core/build/resources/main/de/uka/ilkd/key/proof/rules/floatRulesVerifyNormal.key took 1 ms 
171414     DEBUG Test worker     d.u.i.k.n.ParsingFacade   PARSING file:/home/runner/work/key/key/key.core/build/resources/main/de/uka/ilkd/key/proof/rules/floatRules.key took 0 ms 
171417     DEBUG Test worker     d.u.i.k.n.ParsingFacade   PARSING file:/home/runner/work/key/key/key.core/build/resources/main/de/uka/ilkd/key/proof/rules/floatRulesCommon.key took 3 ms 
171421     DEBUG Test worker     d.u.i.k.n.ParsingFacade   PARSING file:/home/runner/work/key/key/key.core/build/resources/main/de/uka/ilkd/key/proof/rules/intPow.key took 3 ms 
171422     DEBUG Test worker     d.u.i.k.n.ParsingFacade   PARSING file:/home/runner/work/key/key/key.core/build/resources/main/de/uka/ilkd/key/proof/rules/binaryLemmas.key took 1 ms 
171423     DEBUG Test worker     d.u.i.k.n.ParsingFacade   PARSING file:/home/runner/work/key/key/key.core/build/resources/main/de/uka/ilkd/key/proof/rules/binaryAxioms.key took 1 ms 
171432     DEBUG Test worker     d.u.i.k.n.ParsingFacade   PARSING file:/home/runner/work/key/key/key.core/build/resources/main/de/uka/ilkd/key/proof/rules/bprod.key took 9 ms 
171455     DEBUG Test worker     d.u.i.k.n.ParsingFacade   PARSING file:/home/runner/work/key/key/key.core/build/resources/main/de/uka/ilkd/key/proof/rules/bsum.key took 22 ms 
171462     DEBUG Test worker     d.u.i.k.n.ParsingFacade   PARSING file:/home/runner/work/key/key/key.core/build/resources/main/de/uka/ilkd/key/proof/rules/intDiv.key took 5 ms 
171492     DEBUG Test worker     d.u.i.k.n.ParsingFacade   PARSING file:/home/runner/work/key/key/key.core/build/resources/main/de/uka/ilkd/key/proof/rules/integerSimplificationRules.key took 29 ms 
171498     DEBUG Test worker     d.u.i.k.n.ParsingFacade   PARSING file:/home/runner/work/key/key/key.core/build/resources/main/de/uka/ilkd/key/proof/rules/intRulesJavaSemantics.key took 1 ms 
171499     DEBUG Test worker     d.u.i.k.n.ParsingFacade   PARSING file:/home/runner/work/key/key/key.core/build/resources/main/de/uka/ilkd/key/proof/rules/intRulesCheckedSemantics.key took 0 ms 
171503     DEBUG Test worker     d.u.i.k.n.ParsingFacade   PARSING file:/home/runner/work/key/key/key.core/build/resources/main/de/uka/ilkd/key/proof/rules/intRulesUncheckedSemantics.key took 1 ms 
171505     DEBUG Test worker     d.u.i.k.n.ParsingFacade   PARSING file:/home/runner/work/key/key/key.core/build/resources/main/de/uka/ilkd/key/proof/rules/intRules.key took 2 ms 
171506     DEBUG Test worker     d.u.i.k.n.ParsingFacade   PARSING file:/home/runner/work/key/key/key.core/build/resources/main/de/uka/ilkd/key/proof/rules/integerRulesCommon.key took 1 ms 
171508     DEBUG Test worker     d.u.i.k.n.ParsingFacade   PARSING file:/home/runner/work/key/key/key.core/build/resources/main/de/uka/ilkd/key/proof/rules/updateRules.key took 2 ms 
171517     DEBUG Test worker     d.u.i.k.n.ParsingFacade   PARSING file:/home/runner/work/key/key/key.core/build/resources/main/de/uka/ilkd/key/proof/rules/formulaNormalisationRules.key took 8 ms 
171521     DEBUG Test worker     d.u.i.k.n.ParsingFacade   PARSING file:/home/runner/work/key/key/key.core/build/resources/main/de/uka/ilkd/key/proof/rules/ifThenElseRules.key took 3 ms 
171524     DEBUG Test worker     d.u.i.k.n.ParsingFacade   PARSING file:/home/runner/work/key/key/key.core/build/resources/main/de/uka/ilkd/key/proof/rules/firstOrderRules.key took 2 ms 
171525     DEBUG Test worker     d.u.i.k.n.ParsingFacade   PARSING file:/home/runner/work/key/key/key.core/build/resources/main/de/uka/ilkd/key/proof/rules/propRule.key took 1 ms 
171525     DEBUG Test worker     d.u.i.k.n.ParsingFacade   PARSING file:/home/runner/work/key/key/key.core/build/resources/main/de/uka/ilkd/key/proof/rules/ldt.key took 0 ms 
171526     DEBUG Test worker     d.u.i.k.n.ParsingFacade   PARSING file:/home/runner/work/key/key/key.core/build/resources/main/de/uka/ilkd/key/proof/rules/charListHeader.key took 0 ms 
171526     DEBUG Test worker     d.u.i.k.n.ParsingFacade   PARSING file:/home/runner/work/key/key/key.core/build/resources/main/de/uka/ilkd/key/proof/rules/wellfound.key took 0 ms 
171526     DEBUG Test worker     d.u.i.k.n.ParsingFacade   PARSING file:/home/runner/work/key/key/key.core/build/resources/main/de/uka/ilkd/key/proof/rules/freeADT.key took 0 ms 
171529     DEBUG Test worker     d.u.i.k.n.ParsingFacade   PARSING file:/home/runner/work/key/key/key.core/build/resources/main/de/uka/ilkd/key/proof/rules/map.key took 3 ms 
171529     DEBUG Test worker     d.u.i.k.n.ParsingFacade   PARSING file:/home/runner/work/key/key/key.core/build/resources/main/de/uka/ilkd/key/proof/rules/seq.key took 0 ms 
171530     DEBUG Test worker     d.u.i.k.n.ParsingFacade   PARSING file:/home/runner/work/key/key/key.core/build/resources/main/de/uka/ilkd/key/proof/rules/reach.key took 0 ms 
171530     DEBUG Test worker     d.u.i.k.n.ParsingFacade   PARSING file:/home/runner/work/key/key/key.core/build/resources/main/de/uka/ilkd/key/proof/rules/permission.key took 0 ms 
171530     DEBUG Test worker     d.u.i.k.n.ParsingFacade   PARSING file:/home/runner/work/key/key/key.core/build/resources/main/de/uka/ilkd/key/proof/rules/locSets.key took 0 ms 
171531     DEBUG Test worker     d.u.i.k.n.ParsingFacade   PARSING file:/home/runner/work/key/key/key.core/build/resources/main/de/uka/ilkd/key/proof/rules/heap.key took 0 ms 
171531     DEBUG Test worker     d.u.i.k.n.ParsingFacade   PARSING file:/home/runner/work/key/key/key.core/build/resources/main/de/uka/ilkd/key/proof/rules/floatHeader.key took 0 ms 
171532     DEBUG Test worker     d.u.i.k.n.ParsingFacade   PARSING file:/home/runner/work/key/key/key.core/build/resources/main/de/uka/ilkd/key/proof/rules/integerHeader.key took 1 ms 
171533     DEBUG Test worker     d.u.i.k.n.ParsingFacade   PARSING file:/home/runner/work/key/key/key.core/build/resources/main/de/uka/ilkd/key/proof/rules/ruleSetsDeclarations.key took 1 ms 
171533     DEBUG Test worker     d.u.i.k.n.ParsingFacade   PARSING file:/home/runner/work/key/key/key.core/build/resources/main/de/uka/ilkd/key/proof/rules/boolean.key took 0 ms 
171533     INFO  Test worker     d.u.i.k.n.KeyIO           Parsing took 441 ms 
171533     DEBUG Test worker     d.u.i.k.n.KeyIO           Load declarations of de.uka.ilkd.key.nparser.KeyAst$File:  file:/home/runner/work/key/key/key.core/build/resources/main/de/uka/ilkd/key/proof/rules/boolean.key:1#1 
171533     DEBUG Test worker     d.u.i.k.n.KeyIO           Load declarations of de.uka.ilkd.key.nparser.KeyAst$File:  file:/home/runner/work/key/key/key.core/build/resources/main/de/uka/ilkd/key/proof/rules/ruleSetsDeclarations.key:5#1 
171534     DEBUG Test worker     d.u.i.k.n.KeyIO           Load declarations of de.uka.ilkd.key.nparser.KeyAst$File:  file:/home/runner/work/key/key/key.core/build/resources/main/de/uka/ilkd/key/proof/rules/integerHeader.key:1#1 
171534     DEBUG Test worker     d.u.i.k.n.KeyIO           Load declarations of de.uka.ilkd.key.nparser.KeyAst$File:  file:/home/runner/work/key/key/key.core/build/resources/main/de/uka/ilkd/key/proof/rules/floatHeader.key:14#1 
171534     DEBUG Test worker     d.u.i.k.n.KeyIO           Load declarations of de.uka.ilkd.key.nparser.KeyAst$File:  file:/home/runner/work/key/key/key.core/build/resources/main/de/uka/ilkd/key/proof/rules/heap.key:4#1 
171534     DEBUG Test worker     d.u.i.k.n.KeyIO           Load declarations of de.uka.ilkd.key.nparser.KeyAst$File:  file:/home/runner/work/key/key/key.core/build/resources/main/de/uka/ilkd/key/proof/rules/locSets.key:4#1 
171535     DEBUG Test worker     d.u.i.k.n.KeyIO           Load declarations of de.uka.ilkd.key.nparser.KeyAst$File:  file:/home/runner/work/key/key/key.core/build/resources/main/de/uka/ilkd/key/proof/rules/permission.key:1#1 
171535     DEBUG Test worker     d.u.i.k.n.KeyIO           Load declarations of de.uka.ilkd.key.nparser.KeyAst$File:  file:/home/runner/work/key/key/key.core/build/resources/main/de/uka/ilkd/key/proof/rules/reach.key:3#1 
171535     DEBUG Test worker     d.u.i.k.n.KeyIO           Load declarations of de.uka.ilkd.key.nparser.KeyAst$File:  file:/home/runner/work/key/key/key.core/build/resources/main/de/uka/ilkd/key/proof/rules/seq.key:11#1 
171535     DEBUG Test worker     d.u.i.k.n.KeyIO           Load declarations of de.uka.ilkd.key.nparser.KeyAst$File:  file:/home/runner/work/key/key/key.core/build/resources/main/de/uka/ilkd/key/proof/rules/map.key:1#1 
171535     DEBUG Test worker     d.u.i.k.n.KeyIO           Load declarations of de.uka.ilkd.key.nparser.KeyAst$File:  file:/home/runner/work/key/key/key.core/build/resources/main/de/uka/ilkd/key/proof/rules/freeADT.key:17#1 
171535     DEBUG Test worker     d.u.i.k.n.KeyIO           Load declarations of de.uka.ilkd.key.nparser.KeyAst$File:  file:/home/runner/work/key/key/key.core/build/resources/main/de/uka/ilkd/key/proof/rules/wellfound.key:19#1 
171535     DEBUG Test worker     d.u.i.k.n.KeyIO           Load declarations of de.uka.ilkd.key.nparser.KeyAst$File:  file:/home/runner/work/key/key/key.core/build/resources/main/de/uka/ilkd/key/proof/rules/charListHeader.key:1#1 
171535     DEBUG Test worker     d.u.i.k.n.KeyIO           Load declarations of de.uka.ilkd.key.nparser.KeyAst$File:  file:/home/runner/work/key/key/key.core/build/resources/main/de/uka/ilkd/key/proof/rules/ldt.key:10#1 
171535     DEBUG Test worker     d.u.i.k.n.KeyIO           Load declarations of de.uka.ilkd.key.nparser.KeyAst$File:  file:/home/runner/work/key/key/key.core/build/resources/main/de/uka/ilkd/key/proof/rules/propRule.key:9#1 
171535     DEBUG Test worker     d.u.i.k.n.KeyIO           Load declarations of de.uka.ilkd.key.nparser.KeyAst$File:  file:/home/runner/work/key/key/key.core/build/resources/main/de/uka/ilkd/key/proof/rules/firstOrderRules.key:3#1 
171536     DEBUG Test worker     d.u.i.k.n.KeyIO           Load declarations of de.uka.ilkd.key.nparser.KeyAst$File:  file:/home/runner/work/key/key/key.core/build/resources/main/de/uka/ilkd/key/proof/rules/ifThenElseRules.key:5#1 
171536     DEBUG Test worker     d.u.i.k.n.KeyIO           Load declarations of de.uka.ilkd.key.nparser.KeyAst$File:  file:/home/runner/work/key/key/key.core/build/resources/main/de/uka/ilkd/key/proof/rules/formulaNormalisationRules.key:5#1 
171536     DEBUG Test worker     d.u.i.k.n.KeyIO           Load declarations of de.uka.ilkd.key.nparser.KeyAst$File:  file:/home/runner/work/key/key/key.core/build/resources/main/de/uka/ilkd/key/proof/rules/updateRules.key:1#1 
171536     DEBUG Test worker     d.u.i.k.n.KeyIO           Load declarations of de.uka.ilkd.key.nparser.KeyAst$File:  file:/home/runner/work/key/key/key.core/build/resources/main/de/uka/ilkd/key/proof/rules/integerRulesCommon.key:7#1 
171536     DEBUG Test worker     d.u.i.k.n.KeyIO           Load declarations of de.uka.ilkd.key.nparser.KeyAst$File:  file:/home/runner/work/key/key/key.core/build/resources/main/de/uka/ilkd/key/proof/rules/intRules.key:34#1 
171536     DEBUG Test worker     d.u.i.k.n.KeyIO           Load declarations of de.uka.ilkd.key.nparser.KeyAst$File:  file:/home/runner/work/key/key/key.core/build/resources/main/de/uka/ilkd/key/proof/rules/intRulesUncheckedSemantics.key:9#1 
171536     DEBUG Test worker     d.u.i.k.n.KeyIO           Load declarations of de.uka.ilkd.key.nparser.KeyAst$File:  file:/home/runner/work/key/key/key.core/build/resources/main/de/uka/ilkd/key/proof/rules/intRulesCheckedSemantics.key:7#1 
171536     DEBUG Test worker     d.u.i.k.n.KeyIO           Load declarations of de.uka.ilkd.key.nparser.KeyAst$File:  file:/home/runner/work/key/key/key.core/build/resources/main/de/uka/ilkd/key/proof/rules/intRulesJavaSemantics.key:7#1 
171536     DEBUG Test worker     d.u.i.k.n.KeyIO           Load declarations of de.uka.ilkd.key.nparser.KeyAst$File:  file:/home/runner/work/key/key/key.core/build/resources/main/de/uka/ilkd/key/proof/rules/integerSimplificationRules.key:7#1 
171537     DEBUG Test worker     d.u.i.k.n.KeyIO           Load declarations of de.uka.ilkd.key.nparser.KeyAst$File:  file:/home/runner/work/key/key/key.core/build/resources/main/de/uka/ilkd/key/proof/rules/intDiv.key:11#1 
171537     DEBUG Test worker     d.u.i.k.n.KeyIO           Load declarations of de.uka.ilkd.key.nparser.KeyAst$File:  file:/home/runner/work/key/key/key.core/build/resources/main/de/uka/ilkd/key/proof/rules/bsum.key:5#1 
171537     DEBUG Test worker     d.u.i.k.n.KeyIO           Load declarations of de.uka.ilkd.key.nparser.KeyAst$File:  file:/home/runner/work/key/key/key.core/build/resources/main/de/uka/ilkd/key/proof/rules/bprod.key:5#1 
171537     DEBUG Test worker     d.u.i.k.n.KeyIO           Load declarations of de.uka.ilkd.key.nparser.KeyAst$File:  file:/home/runner/work/key/key/key.core/build/resources/main/de/uka/ilkd/key/proof/rules/binaryAxioms.key:1#1 
171537     DEBUG Test worker     d.u.i.k.n.KeyIO           Load declarations of de.uka.ilkd.key.nparser.KeyAst$File:  file:/home/runner/work/key/key/key.core/build/resources/main/de/uka/ilkd/key/proof/rules/binaryLemmas.key:1#1 
171537     DEBUG Test worker     d.u.i.k.n.KeyIO           Load declarations of de.uka.ilkd.key.nparser.KeyAst$File:  file:/home/runner/work/key/key/key.core/build/resources/main/de/uka/ilkd/key/proof/rules/intPow.key:5#1 
171537     DEBUG Test worker     d.u.i.k.n.KeyIO           Load declarations of de.uka.ilkd.key.nparser.KeyAst$File:  file:/home/runner/work/key/key/key.core/build/resources/main/de/uka/ilkd/key/proof/rules/floatRulesCommon.key:15#1 
171537     DEBUG Test worker     d.u.i.k.n.KeyIO           Load declarations of de.uka.ilkd.key.nparser.KeyAst$File:  file:/home/runner/work/key/key/key.core/build/resources/main/de/uka/ilkd/key/proof/rules/floatRules.key:15#1 
171537     DEBUG Test worker     d.u.i.k.n.KeyIO           Load declarations of de.uka.ilkd.key.nparser.KeyAst$File:  file:/home/runner/work/key/key/key.core/build/resources/main/de/uka/ilkd/key/proof/rules/floatRulesVerifyNormal.key:60#1 
171537     DEBUG Test worker     d.u.i.k.n.KeyIO           Load declarations of de.uka.ilkd.key.nparser.KeyAst$File:  file:/home/runner/work/key/key/key.core/build/resources/main/de/uka/ilkd/key/proof/rules/floatRulesAssumeStrictfp.key:15#1 
171538     DEBUG Test worker     d.u.i.k.n.KeyIO           Load declarations of de.uka.ilkd.key.nparser.KeyAst$File:  file:/home/runner/work/key/key/key.core/build/resources/main/de/uka/ilkd/key/proof/rules/genericRules.key:5#1 
171538     DEBUG Test worker     d.u.i.k.n.KeyIO           Load declarations of de.uka.ilkd.key.nparser.KeyAst$File:  file:/home/runner/work/key/key/key.core/build/resources/main/de/uka/ilkd/key/proof/rules/booleanRules.key:1#1 
171538     DEBUG Test worker     d.u.i.k.n.KeyIO           Load declarations of de.uka.ilkd.key.nparser.KeyAst$File:  file:/home/runner/work/key/key/key.core/build/resources/main/de/uka/ilkd/key/proof/rules/epsilon.key:1#1 
171538     DEBUG Test worker     d.u.i.k.n.KeyIO           Load declarations of de.uka.ilkd.key.nparser.KeyAst$File:  file:/home/runner/work/key/key/key.core/build/resources/main/de/uka/ilkd/key/proof/rules/locSetsRules.key:4#1 
171538     DEBUG Test worker     d.u.i.k.n.KeyIO           Load declarations of de.uka.ilkd.key.nparser.KeyAst$File:  file:/home/runner/work/key/key/key.core/build/resources/main/de/uka/ilkd/key/proof/rules/heapRules.key:5#1 
171538     DEBUG Test worker     d.u.i.k.n.KeyIO           Load declarations of de.uka.ilkd.key.nparser.KeyAst$File:  file:/home/runner/work/key/key/key.core/build/resources/main/de/uka/ilkd/key/proof/rules/permissionRules.key:1#1 
171538     DEBUG Test worker     d.u.i.k.n.KeyIO           Load declarations of de.uka.ilkd.key.nparser.KeyAst$File:  file:/home/runner/work/key/key/key.core/build/resources/main/de/uka/ilkd/key/proof/rules/reachRules.key:1#1 
171538     DEBUG Test worker     d.u.i.k.n.KeyIO           Load declarations of de.uka.ilkd.key.nparser.KeyAst$File:  file:/home/runner/work/key/key/key.core/build/resources/main/de/uka/ilkd/key/proof/rules/seqCoreRules.key:8#1 
171538     DEBUG Test worker     d.u.i.k.n.KeyIO           Load declarations of de.uka.ilkd.key.nparser.KeyAst$File:  file:/home/runner/work/key/key/key.core/build/resources/main/de/uka/ilkd/key/proof/rules/seqRules.key:7#1 
171538     DEBUG Test worker     d.u.i.k.n.KeyIO           Load declarations of de.uka.ilkd.key.nparser.KeyAst$File:  file:/home/runner/work/key/key/key.core/build/resources/main/de/uka/ilkd/key/proof/rules/seqPerm.key:12#1 
171539     DEBUG Test worker     d.u.i.k.n.KeyIO           Load declarations of de.uka.ilkd.key.nparser.KeyAst$File:  file:/home/runner/work/key/key/key.core/build/resources/main/de/uka/ilkd/key/proof/rules/seqPerm2.key:9#1 
171539     DEBUG Test worker     d.u.i.k.n.KeyIO           Load declarations of de.uka.ilkd.key.nparser.KeyAst$File:  file:/home/runner/work/key/key/key.core/build/resources/main/de/uka/ilkd/key/proof/rules/assertions.key:1#1 
171539     DEBUG Test worker     d.u.i.k.n.KeyIO           Load declarations of de.uka.ilkd.key.nparser.KeyAst$File:  file:/home/runner/work/key/key/key.core/build/resources/main/de/uka/ilkd/key/proof/rules/javaRules.key:4#1 
171542     DEBUG Test worker     d.u.i.k.n.KeyIO           Load declarations of de.uka.ilkd.key.nparser.KeyAst$File:  file:/home/runner/work/key/key/key.core/build/resources/main/de/uka/ilkd/key/proof/rules/loopRules.key:2#1 
171542     DEBUG Test worker     d.u.i.k.n.KeyIO           Load declarations of de.uka.ilkd.key.nparser.KeyAst$File:  file:/home/runner/work/key/key/key.core/build/resources/main/de/uka/ilkd/key/proof/rules/activeUse.key:1#1 
171542     DEBUG Test worker     d.u.i.k.n.KeyIO           Load declarations of de.uka.ilkd.key.nparser.KeyAst$File:  file:/home/runner/work/key/key/key.core/build/resources/main/de/uka/ilkd/key/proof/rules/instanceAllocation.key:1#1 
171543     DEBUG Test worker     d.u.i.k.n.KeyIO           Load declarations of de.uka.ilkd.key.nparser.KeyAst$File:  file:/home/runner/work/key/key/key.core/build/resources/main/de/uka/ilkd/key/proof/rules/java5.key:1#1 
171543     DEBUG Test worker     d.u.i.k.n.KeyIO           Load declarations of de.uka.ilkd.key.nparser.KeyAst$File:  file:/home/runner/work/key/key/key.core/build/resources/main/de/uka/ilkd/key/proof/rules/integerAssignment2UpdateRules.key:12#1 
171543     DEBUG Test worker     d.u.i.k.n.KeyIO           Load declarations of de.uka.ilkd.key.nparser.KeyAst$File:  file:/home/runner/work/key/key/key.core/build/resources/main/de/uka/ilkd/key/proof/rules/floatAssignment2UpdateRules.key:15#1 
171543     DEBUG Test worker     d.u.i.k.n.KeyIO           Load declarations of de.uka.ilkd.key.nparser.KeyAst$File:  file:/home/runner/work/key/key/key.core/build/resources/main/de/uka/ilkd/key/proof/rules/bigint.key:7#1 
171543     DEBUG Test worker     d.u.i.k.n.KeyIO           Load declarations of de.uka.ilkd.key.nparser.KeyAst$File:  file:/home/runner/work/key/key/key.core/build/resources/main/de/uka/ilkd/key/proof/rules/adtProgramDecompositionRules.key:1#1 
171543     DEBUG Test worker     d.u.i.k.n.KeyIO           Load declarations of de.uka.ilkd.key.nparser.KeyAst$File:  file:/home/runner/work/key/key/key.core/build/resources/main/de/uka/ilkd/key/proof/rules/precRules.key:1#1 
171543     DEBUG Test worker     d.u.i.k.n.KeyIO           Load declarations of de.uka.ilkd.key.nparser.KeyAst$File:  file:/home/runner/work/key/key/key.core/build/resources/main/de/uka/ilkd/key/proof/rules/charListRules.key:1#1 
171544     DEBUG Test worker     d.u.i.k.n.KeyIO           Load declarations of de.uka.ilkd.key.nparser.KeyAst$File:  file:/home/runner/work/key/key/key.core/build/resources/main/de/uka/ilkd/key/proof/rules/regExHeader.key:1#1 
171544     DEBUG Test worker     d.u.i.k.n.KeyIO           Load declarations of de.uka.ilkd.key.nparser.KeyAst$File:  file:/home/runner/work/key/key/key.core/build/resources/main/de/uka/ilkd/key/proof/rules/regExAxioms.key:1#1 
171544     DEBUG Test worker     d.u.i.k.n.KeyIO           Load declarations of de.uka.ilkd.key.nparser.KeyAst$File:  file:/home/runner/work/key/key/key.core/build/resources/main/de/uka/ilkd/key/proof/rules/regExLemmaProven.key:1#1 
171544     DEBUG Test worker     d.u.i.k.n.KeyIO           Load declarations of de.uka.ilkd.key.nparser.KeyAst$File:  file:/home/runner/work/key/key/key.core/build/resources/main/de/uka/ilkd/key/proof/rules/regExTheory.key:1#1 
171544     DEBUG Test worker     d.u.i.k.n.KeyIO           Load declarations of de.uka.ilkd.key.nparser.KeyAst$File:  file:/home/runner/work/key/key/key.core/build/resources/main/de/uka/ilkd/key/proof/rules/seqEq.key:1#1 
171544     DEBUG Test worker     d.u.i.k.n.KeyIO           Load declarations of de.uka.ilkd.key.nparser.KeyAst$File:  file:/home/runner/work/key/key/key.core/build/resources/main/de/uka/ilkd/key/proof/rules/infFlow.key:6#1 
171544     DEBUG Test worker     d.u.i.k.n.KeyIO           Load declarations of de.uka.ilkd.key.nparser.KeyAst$File:  file:/home/runner/work/key/key/key.core/build/resources/main/de/uka/ilkd/key/proof/rules/mapSize.key:5#1 
171544     DEBUG Test worker     d.u.i.k.n.KeyIO           Load declarations of de.uka.ilkd.key.nparser.KeyAst$File:  file:/home/runner/work/key/key/key.core/build/resources/main/de/uka/ilkd/key/proof/rules/wdHeader.key:1#1 
171544     DEBUG Test worker     d.u.i.k.n.KeyIO           Load declarations of de.uka.ilkd.key.nparser.KeyAst$File:  file:/home/runner/work/key/key/key.core/build/resources/main/de/uka/ilkd/key/proof/rules/wdGeneralRules.key:1#1 
171544     DEBUG Test worker     d.u.i.k.n.KeyIO           Load declarations of de.uka.ilkd.key.nparser.KeyAst$File:  file:/home/runner/work/key/key/key.core/build/resources/main/de/uka/ilkd/key/proof/rules/wdNumericalRules.key:1#1 
171545     DEBUG Test worker     d.u.i.k.n.KeyIO           Load declarations of de.uka.ilkd.key.nparser.KeyAst$File:  file:/home/runner/work/key/key/key.core/build/resources/main/de/uka/ilkd/key/proof/rules/wdLocSetRules.key:1#1 
171545     DEBUG Test worker     d.u.i.k.n.KeyIO           Load declarations of de.uka.ilkd.key.nparser.KeyAst$File:  file:/home/runner/work/key/key/key.core/build/resources/main/de/uka/ilkd/key/proof/rules/wdHeapRules.key:1#1 
171545     DEBUG Test worker     d.u.i.k.n.KeyIO           Load declarations of de.uka.ilkd.key.nparser.KeyAst$File:  file:/home/runner/work/key/key/key.core/build/resources/main/de/uka/ilkd/key/proof/rules/wdReachRules.key:1#1 
171545     DEBUG Test worker     d.u.i.k.n.KeyIO           Load declarations of de.uka.ilkd.key.nparser.KeyAst$File:  file:/home/runner/work/key/key/key.core/build/resources/main/de/uka/ilkd/key/proof/rules/wdSeqRules.key:1#1 
171545     DEBUG Test worker     d.u.i.k.n.KeyIO           Load declarations of de.uka.ilkd.key.nparser.KeyAst$File:  file:/home/runner/work/key/key/key.core/build/resources/main/de/uka/ilkd/key/proof/rules/wdStringRules.key:1#1 
171545     DEBUG Test worker     d.u.i.k.n.KeyIO           Load declarations of de.uka.ilkd.key.nparser.KeyAst$File:  file:/home/runner/work/key/key/key.core/build/resources/main/de/uka/ilkd/key/proof/rules/wdRegExRules.key:1#1 
171545     DEBUG Test worker     d.u.i.k.n.KeyIO           Load declarations of de.uka.ilkd.key.nparser.KeyAst$File:  file:/home/runner/work/key/key/key.core/build/resources/main/de/uka/ilkd/key/proof/rules/wdFormulaRules.key:1#1 
171545     DEBUG Test worker     d.u.i.k.n.KeyIO           Load declarations of de.uka.ilkd.key.nparser.KeyAst$File:  file:/home/runner/work/key/key/key.core/build/resources/main/de/uka/ilkd/key/proof/rules/wd.key:14#1 
171545     DEBUG Test worker     d.u.i.k.n.KeyIO           Load declarations of de.uka.ilkd.key.nparser.KeyAst$File:  file:/home/runner/work/key/key/key.core/build/resources/main/de/uka/ilkd/key/proof/rules/loopInvariantRules.key:3#1 
171546     DEBUG Test worker     d.u.i.k.n.KeyIO           Load declarations of de.uka.ilkd.key.nparser.KeyAst$File:  file:/home/runner/work/key/key/key.core/build/resources/main/de/uka/ilkd/key/proof/rules/forLoopRules.key:1#1 
171546     DEBUG Test worker     d.u.i.k.n.KeyIO           Load declarations of de.uka.ilkd.key.nparser.KeyAst$File:  file:/home/runner/work/key/key/key.core/build/resources/main/de/uka/ilkd/key/proof/rules/execRules.key:2#1 
171546     DEBUG Test worker     d.u.i.k.n.KeyIO           Load declarations of de.uka.ilkd.key.nparser.KeyAst$File:  file:/home/runner/work/key/key/key.core/build/resources/main/de/uka/ilkd/key/proof/rules/loopScopeRules.key:1#1 
171546     DEBUG Test worker     d.u.i.k.n.KeyIO           Load declarations of de.uka.ilkd.key.nparser.KeyAst$File:  file:/home/runner/work/key/key/key.core/build/resources/main/de/uka/ilkd/key/proof/rules/standardRules.key:1#1 
171546     INFO  Test worker     d.u.i.k.n.KeyIO           MODE: declarations took 13 ms 
171548     DEBUG Test worker     d.u.i.k.n.KeyIO           MODE: 2nd degree decls took 2 
171691     DEBUG Test worker     d.u.i.k.j.TypeConverter   No LDT found for JavaBigintExpression 
171961     DEBUG Test worker     d.u.i.k.j.TypeConverter   No LDT found for Meta 
171961     DEBUG Test worker     d.u.i.k.j.TypeConverter   No LDT found for Meta 
171962     DEBUG Test worker     d.u.i.k.j.TypeConverter   No LDT found for Meta 
171962     DEBUG Test worker     d.u.i.k.j.TypeConverter   No LDT found for Meta 
171992     DEBUG Test worker     d.u.i.k.n.KeyIO           MODE: taclets took 443ms 
]]></system-out>
  <system-err><![CDATA[]]></system-err>
</testsuite>
