<?xml version="1.0" encoding="UTF-8"?>
<testsuite name="de.uka.ilkd.key.proof.TestTacletIndex" tests="5" skipped="1" failures="0" errors="0" timestamp="2023-04-19T10:48:52" hostname="fv-az251-591" time="0.85">
  <properties/>
  <testcase name="testShownIfHeuristicFits()" classname="de.uka.ilkd.key.proof.TestTacletIndex" time="0.843"/>
  <testcase name="testMatchConflictOccurs()" classname="de.uka.ilkd.key.proof.TestTacletIndex" time="0.001"/>
  <testcase name="testNoMatchingFindRule()" classname="de.uka.ilkd.key.proof.TestTacletIndex" time="0.001"/>
  <testcase name="disabled_testNonInteractiveIsShownOnlyIfHeuristicIsMissed()" classname="de.uka.ilkd.key.proof.TestTacletIndex" time="0.0">
    <skipped/>
  </testcase>
  <testcase name="testNotFreeInYConflict()" classname="de.uka.ilkd.key.proof.TestTacletIndex" time="0.003"/>
  <system-out><![CDATA[365446     INFO  Test worker     d.u.i.k.n.KeyIO           Parsing took 0 ms 
365447     DEBUG Test worker     d.u.i.k.n.KeyIO           Load declarations of de.uka.ilkd.key.nparser.KeyAst$File:  /home/runner/work/key/key/key.core/src/test/resources/testcase/../de/uka/ilkd/key/proof/ruleForTestTacletIndex.taclet:7#1 
365447     INFO  Test worker     d.u.i.k.n.KeyIO           MODE: declarations took 0 ms 
365447     DEBUG Test worker     d.u.i.k.n.KeyIO           MODE: 2nd degree decls took 0 
365449     DEBUG Test worker     d.u.i.k.n.KeyIO           MODE: taclets took 1ms 
]]></system-out>
  <system-err><![CDATA[]]></system-err>
</testsuite>
