<?xml version="1.0" encoding="UTF-8"?>
<testsuite name="de.uka.ilkd.key.rule.TestSchemaModalOperators" tests="4" skipped="0" failures="0" errors="0" timestamp="2023-04-19T10:49:09" hostname="fv-az251-591" time="0.874">
  <properties/>
  <testcase name="testSchemaModalities1()" classname="de.uka.ilkd.key.rule.TestSchemaModalOperators" time="0.852"/>
  <testcase name="testSchemaModalities2()" classname="de.uka.ilkd.key.rule.TestSchemaModalOperators" time="0.007"/>
  <testcase name="testSchemaModalities3()" classname="de.uka.ilkd.key.rule.TestSchemaModalOperators" time="0.006"/>
  <testcase name="testSchemaModalities4()" classname="de.uka.ilkd.key.rule.TestSchemaModalOperators" time="0.007"/>
  <system-out><![CDATA[382496     INFO  Test worker     d.u.i.k.n.KeyIO           Parsing took 1 ms 
382497     DEBUG Test worker     d.u.i.k.n.KeyIO           Load declarations of de.uka.ilkd.key.nparser.KeyAst$File:  /home/runner/work/key/key/key.core/src/test/resources/testcase/testrules.key:9#1 
382497     INFO  Test worker     d.u.i.k.n.KeyIO           MODE: declarations took 0 ms 
382498     DEBUG Test worker     d.u.i.k.n.KeyIO           MODE: 2nd degree decls took 1 
382517     DEBUG Test worker     d.u.i.k.n.KeyIO           MODE: taclets took 19ms 
]]></system-out>
  <system-err><![CDATA[]]></system-err>
</testsuite>
