<?xml version="1.0" encoding="UTF-8"?>
<testsuite name="de.uka.ilkd.key.proof.TestOneStepSimplifier" tests="1" skipped="0" failures="0" errors="0" timestamp="2023-04-19T10:48:48" hostname="fv-az251-591" time="3.267">
  <properties/>
  <testcase name="loadWithRestriction()" classname="de.uka.ilkd.key.proof.TestOneStepSimplifier" time="3.267"/>
  <system-out><![CDATA[361337     INFO  Test worker     d.u.i.k.p.i.AbstractProblemLoader Loading environment from src/test/resources/testcase/ossRestriction.proof 
361337     DEBUG Test worker     d.u.i.k.p.i.AbstractProblemLoader Environment load took 102.4ns 
361338     INFO  Test worker     d.u.i.k.p.i.AbstractProblemLoader Creating init config 
361439     DEBUG Test worker     d.u.i.k.j.TypeConverter   No LDT found for Meta 
361439     DEBUG Test worker     d.u.i.k.j.TypeConverter   No LDT found for Meta 
361440     DEBUG Test worker     d.u.i.k.j.TypeConverter   No LDT found for Meta 
361440     DEBUG Test worker     d.u.i.k.j.TypeConverter   No LDT found for Meta 
361940     DEBUG Test worker     d.u.i.k.j.TypeConverter   No LDT found for JavaBigintExpression 
364577     DEBUG Test worker     d.u.i.k.p.i.AbstractProblemLoader Init config took 3.24s 
364599     INFO  Test worker     d.u.i.k.p.i.AbstractProblemLoader Replaying proof ossRestriction.proof 
364602     DEBUG Test worker     d.u.i.k.p.i.IntermediateProofReplayer Proof replay took 843.41ns 
]]></system-out>
  <system-err><![CDATA[]]></system-err>
</testsuite>
