<?xml version="1.0" encoding="UTF-8"?>
<testsuite name="de.uka.ilkd.key.java.TestContextStatementBlock" tests="1" skipped="0" failures="0" errors="0" timestamp="2023-04-19T10:43:06" hostname="fv-az251-591" time="0.942">
  <properties/>
  <testcase name="testContextTermInstantiation()" classname="de.uka.ilkd.key.java.TestContextStatementBlock" time="0.942"/>
  <system-out><![CDATA[20135      INFO  Test worker     d.u.i.k.n.KeyIO           Parsing took 3 ms 
20150      DEBUG Test worker     d.u.i.k.n.KeyIO           Load declarations of de.uka.ilkd.key.nparser.KeyAst$File:  /home/runner/work/key/key/key.core/src/test/resources/testcase/testrules.key:9#1 
20152      INFO  Test worker     d.u.i.k.n.KeyIO           MODE: declarations took 2 ms 
20153      DEBUG Test worker     d.u.i.k.n.KeyIO           MODE: 2nd degree decls took 0 
20224      DEBUG Test worker     d.u.i.k.n.KeyIO           MODE: taclets took 70ms 
]]></system-out>
  <system-err><![CDATA[]]></system-err>
</testsuite>
