<?xml version="1.0" encoding="UTF-8"?>
<testsuite name="de.uka.ilkd.key.parser.TestTermParserHeap" tests="39" skipped="0" failures="0" errors="0" timestamp="2023-04-19T10:47:09" hostname="fv-az251-591" time="94.394">
  <properties/>
  <testcase name="testBracketHeapUpdate()" classname="de.uka.ilkd.key.parser.TestTermParserHeap" time="0.013"/>
  <testcase name="testStore()" classname="de.uka.ilkd.key.parser.TestTermParserHeap" time="0.007"/>
  <testcase name="testUnknownConstant()" classname="de.uka.ilkd.key.parser.TestTermParserHeap" time="0.001"/>
  <testcase name="testAllFieldsSelector()" classname="de.uka.ilkd.key.parser.TestTermParserHeap" time="0.002"/>
  <testcase name="testParsePrettyPrintedSelect()" classname="de.uka.ilkd.key.parser.TestTermParserHeap" time="0.001"/>
  <testcase name="testAccessStaticMembers()" classname="de.uka.ilkd.key.parser.TestTermParserHeap" time="0.003"/>
  <testcase name="testAtOperator_1()" classname="de.uka.ilkd.key.parser.TestTermParserHeap" time="0.001"/>
  <testcase name="testAtOperator_2()" classname="de.uka.ilkd.key.parser.TestTermParserHeap" time="0.004"/>
  <testcase name="testAtOperator_3()" classname="de.uka.ilkd.key.parser.TestTermParserHeap" time="0.001"/>
  <testcase name="testAtOperator_4()" classname="de.uka.ilkd.key.parser.TestTermParserHeap" time="0.004"/>
  <testcase name="testAtOperator_5()" classname="de.uka.ilkd.key.parser.TestTermParserHeap" time="0.001"/>
  <testcase name="testAtOperator_6()" classname="de.uka.ilkd.key.parser.TestTermParserHeap" time="0.002"/>
  <testcase name="testAtOperator_7()" classname="de.uka.ilkd.key.parser.TestTermParserHeap" time="0.003"/>
  <testcase name="testAtOperator_8()" classname="de.uka.ilkd.key.parser.TestTermParserHeap" time="0.002"/>
  <testcase name="testVerifyExceptionIfAtOperatorNotPreceededBySelectTerm()" classname="de.uka.ilkd.key.parser.TestTermParserHeap" time="0.002"/>
  <testcase name="testBugResettingCounter()" classname="de.uka.ilkd.key.parser.TestTermParserHeap" time="0.002"/>
  <testcase name="testLocationSets()" classname="de.uka.ilkd.key.parser.TestTermParserHeap" time="0.002"/>
  <testcase name="testQuantifiedSelect()" classname="de.uka.ilkd.key.parser.TestTermParserHeap" time="0.004"/>
  <testcase name="testGenericObjectProperties()" classname="de.uka.ilkd.key.parser.TestTermParserHeap" time="0.003"/>
  <testcase name="testQueryInheritance_1()" classname="de.uka.ilkd.key.parser.TestTermParserHeap" time="0.002"/>
  <testcase name="testQueryInheritance_2()" classname="de.uka.ilkd.key.parser.TestTermParserHeap" time="0.004"/>
  <testcase name="testQueryInheritance_3()" classname="de.uka.ilkd.key.parser.TestTermParserHeap" time="0.002"/>
  <testcase name="testQueryInheritance_4()" classname="de.uka.ilkd.key.parser.TestTermParserHeap" time="0.002"/>
  <testcase name="testQueryInheritance_5()" classname="de.uka.ilkd.key.parser.TestTermParserHeap" time="0.002"/>
  <testcase name="testQueryInheritance_6()" classname="de.uka.ilkd.key.parser.TestTermParserHeap" time="0.001"/>
  <testcase name="testQueryInheritance_7()" classname="de.uka.ilkd.key.parser.TestTermParserHeap" time="0.002"/>
  <testcase name="testQueryInheritance_8()" classname="de.uka.ilkd.key.parser.TestTermParserHeap" time="0.001"/>
  <testcase name="testQueryInheritance_9()" classname="de.uka.ilkd.key.parser.TestTermParserHeap" time="0.002"/>
  <testcase name="testQueryBasic_10()" classname="de.uka.ilkd.key.parser.TestTermParserHeap" time="0.001"/>
  <testcase name="testQueryBasic_11()" classname="de.uka.ilkd.key.parser.TestTermParserHeap" time="0.001"/>
  <testcase name="testQueryBasic_1()" classname="de.uka.ilkd.key.parser.TestTermParserHeap" time="0.001"/>
  <testcase name="testQueryBasic_2()" classname="de.uka.ilkd.key.parser.TestTermParserHeap" time="0.001"/>
  <testcase name="testQueryBasic_3()" classname="de.uka.ilkd.key.parser.TestTermParserHeap" time="0.001"/>
  <testcase name="testQueryBasic_4()" classname="de.uka.ilkd.key.parser.TestTermParserHeap" time="0.003"/>
  <testcase name="testQueryBasic_5()" classname="de.uka.ilkd.key.parser.TestTermParserHeap" time="0.001"/>
  <testcase name="testQueryBasic_6()" classname="de.uka.ilkd.key.parser.TestTermParserHeap" time="0.001"/>
  <testcase name="testQueryBasic_7()" classname="de.uka.ilkd.key.parser.TestTermParserHeap" time="0.001"/>
  <testcase name="testQueryBasic_8()" classname="de.uka.ilkd.key.parser.TestTermParserHeap" time="0.001"/>
  <testcase name="testQueryBasic_9()" classname="de.uka.ilkd.key.parser.TestTermParserHeap" time="0.001"/>
  <system-out><![CDATA[261936     INFO  Test worker     d.u.i.k.n.KeyIO           Parsing took 0 ms 
261936     DEBUG Test worker     d.u.i.k.n.KeyIO           Load declarations of de.uka.ilkd.key.nparser.KeyAst$File:  <unknown>:1#1 
261936     INFO  Test worker     d.u.i.k.n.KeyIO           MODE: declarations took 0 ms 
261936     DEBUG Test worker     d.u.i.k.n.KeyIO           MODE: 2nd degree decls took 0 
261936     INFO  Test worker     d.u.i.k.n.KeyIO           Parsing took 0 ms 
261936     DEBUG Test worker     d.u.i.k.n.KeyIO           Load declarations of de.uka.ilkd.key.nparser.KeyAst$File:  <unknown>:1#1 
261936     INFO  Test worker     d.u.i.k.n.KeyIO           MODE: declarations took 0 ms 
261936     DEBUG Test worker     d.u.i.k.n.KeyIO           MODE: 2nd degree decls took 0 
261936     INFO  Test worker     d.u.i.k.n.KeyIO           Parsing took 0 ms 
261936     DEBUG Test worker     d.u.i.k.n.KeyIO           Load declarations of de.uka.ilkd.key.nparser.KeyAst$File:  <unknown>:1#1 
261936     INFO  Test worker     d.u.i.k.n.KeyIO           MODE: declarations took 0 ms 
261936     DEBUG Test worker     d.u.i.k.n.KeyIO           MODE: 2nd degree decls took 0 
261936     INFO  Test worker     d.u.i.k.n.KeyIO           Parsing took 0 ms 
261936     DEBUG Test worker     d.u.i.k.n.KeyIO           Load declarations of de.uka.ilkd.key.nparser.KeyAst$File:  <unknown>:1#1 
261936     INFO  Test worker     d.u.i.k.n.KeyIO           MODE: declarations took 0 ms 
261936     DEBUG Test worker     d.u.i.k.n.KeyIO           MODE: 2nd degree decls took 0 
261936     INFO  Test worker     d.u.i.k.n.KeyIO           Parsing took 0 ms 
261936     DEBUG Test worker     d.u.i.k.n.KeyIO           Load declarations of de.uka.ilkd.key.nparser.KeyAst$File:  <unknown>:1#1 
261936     INFO  Test worker     d.u.i.k.n.KeyIO           MODE: declarations took 0 ms 
261936     DEBUG Test worker     d.u.i.k.n.KeyIO           MODE: 2nd degree decls took 0 
264522     INFO  Test worker     d.u.i.k.n.KeyIO           Parsing took 0 ms 
264522     DEBUG Test worker     d.u.i.k.n.KeyIO           Load declarations of de.uka.ilkd.key.nparser.KeyAst$File:  <unknown>:1#1 
264522     INFO  Test worker     d.u.i.k.n.KeyIO           MODE: declarations took 0 ms 
264522     DEBUG Test worker     d.u.i.k.n.KeyIO           MODE: 2nd degree decls took 0 
264522     INFO  Test worker     d.u.i.k.n.KeyIO           Parsing took 0 ms 
264522     DEBUG Test worker     d.u.i.k.n.KeyIO           Load declarations of de.uka.ilkd.key.nparser.KeyAst$File:  <unknown>:1#1 
264522     INFO  Test worker     d.u.i.k.n.KeyIO           MODE: declarations took 0 ms 
264522     DEBUG Test worker     d.u.i.k.n.KeyIO           MODE: 2nd degree decls took 0 
264522     INFO  Test worker     d.u.i.k.n.KeyIO           Parsing took 0 ms 
264522     DEBUG Test worker     d.u.i.k.n.KeyIO           Load declarations of de.uka.ilkd.key.nparser.KeyAst$File:  <unknown>:1#1 
264522     INFO  Test worker     d.u.i.k.n.KeyIO           MODE: declarations took 0 ms 
264522     DEBUG Test worker     d.u.i.k.n.KeyIO           MODE: 2nd degree decls took 0 
264522     INFO  Test worker     d.u.i.k.n.KeyIO           Parsing took 0 ms 
264522     DEBUG Test worker     d.u.i.k.n.KeyIO           Load declarations of de.uka.ilkd.key.nparser.KeyAst$File:  <unknown>:1#1 
264522     INFO  Test worker     d.u.i.k.n.KeyIO           MODE: declarations took 0 ms 
264522     DEBUG Test worker     d.u.i.k.n.KeyIO           MODE: 2nd degree decls took 0 
264522     INFO  Test worker     d.u.i.k.n.KeyIO           Parsing took 0 ms 
264522     DEBUG Test worker     d.u.i.k.n.KeyIO           Load declarations of de.uka.ilkd.key.nparser.KeyAst$File:  <unknown>:1#1 
264522     INFO  Test worker     d.u.i.k.n.KeyIO           MODE: declarations took 0 ms 
264522     DEBUG Test worker     d.u.i.k.n.KeyIO           MODE: 2nd degree decls took 0 
267102     INFO  Test worker     d.u.i.k.n.KeyIO           Parsing took 0 ms 
267102     DEBUG Test worker     d.u.i.k.n.KeyIO           Load declarations of de.uka.ilkd.key.nparser.KeyAst$File:  <unknown>:1#1 
267102     INFO  Test worker     d.u.i.k.n.KeyIO           MODE: declarations took 0 ms 
267102     DEBUG Test worker     d.u.i.k.n.KeyIO           MODE: 2nd degree decls took 0 
267102     INFO  Test worker     d.u.i.k.n.KeyIO           Parsing took 0 ms 
267102     DEBUG Test worker     d.u.i.k.n.KeyIO           Load declarations of de.uka.ilkd.key.nparser.KeyAst$File:  <unknown>:1#1 
267102     INFO  Test worker     d.u.i.k.n.KeyIO           MODE: declarations took 0 ms 
267102     DEBUG Test worker     d.u.i.k.n.KeyIO           MODE: 2nd degree decls took 0 
267102     INFO  Test worker     d.u.i.k.n.KeyIO           Parsing took 0 ms 
267102     DEBUG Test worker     d.u.i.k.n.KeyIO           Load declarations of de.uka.ilkd.key.nparser.KeyAst$File:  <unknown>:1#1 
267102     INFO  Test worker     d.u.i.k.n.KeyIO           MODE: declarations took 0 ms 
267102     DEBUG Test worker     d.u.i.k.n.KeyIO           MODE: 2nd degree decls took 0 
267102     INFO  Test worker     d.u.i.k.n.KeyIO           Parsing took 0 ms 
267102     DEBUG Test worker     d.u.i.k.n.KeyIO           Load declarations of de.uka.ilkd.key.nparser.KeyAst$File:  <unknown>:1#1 
267102     INFO  Test worker     d.u.i.k.n.KeyIO           MODE: declarations took 0 ms 
267102     DEBUG Test worker     d.u.i.k.n.KeyIO           MODE: 2nd degree decls took 0 
267102     INFO  Test worker     d.u.i.k.n.KeyIO           Parsing took 0 ms 
267102     DEBUG Test worker     d.u.i.k.n.KeyIO           Load declarations of de.uka.ilkd.key.nparser.KeyAst$File:  <unknown>:1#1 
267102     INFO  Test worker     d.u.i.k.n.KeyIO           MODE: declarations took 0 ms 
267102     DEBUG Test worker     d.u.i.k.n.KeyIO           MODE: 2nd degree decls took 0 
267102     INFO  Test worker     d.u.i.k.n.KeyIO           Parsing took 0 ms 
267103     DEBUG Test worker     d.u.i.k.n.KeyIO           Load declarations of de.uka.ilkd.key.nparser.KeyAst$File:  <unknown>:1#1 
267103     INFO  Test worker     d.u.i.k.n.KeyIO           MODE: declarations took 0 ms 
267103     DEBUG Test worker     d.u.i.k.n.KeyIO           MODE: 2nd degree decls took 0 
269602     INFO  Test worker     d.u.i.k.n.KeyIO           Parsing took 0 ms 
269603     DEBUG Test worker     d.u.i.k.n.KeyIO           Load declarations of de.uka.ilkd.key.nparser.KeyAst$File:  <unknown>:1#1 
269603     INFO  Test worker     d.u.i.k.n.KeyIO           MODE: declarations took 0 ms 
269603     DEBUG Test worker     d.u.i.k.n.KeyIO           MODE: 2nd degree decls took 0 
269603     INFO  Test worker     d.u.i.k.n.KeyIO           Parsing took 0 ms 
269603     DEBUG Test worker     d.u.i.k.n.KeyIO           Load declarations of de.uka.ilkd.key.nparser.KeyAst$File:  <unknown>:1#1 
269603     INFO  Test worker     d.u.i.k.n.KeyIO           MODE: declarations took 0 ms 
269603     DEBUG Test worker     d.u.i.k.n.KeyIO           MODE: 2nd degree decls took 0 
269603     INFO  Test worker     d.u.i.k.n.KeyIO           Parsing took 0 ms 
269603     DEBUG Test worker     d.u.i.k.n.KeyIO           Load declarations of de.uka.ilkd.key.nparser.KeyAst$File:  <unknown>:1#1 
269603     INFO  Test worker     d.u.i.k.n.KeyIO           MODE: declarations took 0 ms 
269603     DEBUG Test worker     d.u.i.k.n.KeyIO           MODE: 2nd degree decls took 0 
269603     INFO  Test worker     d.u.i.k.n.KeyIO           Parsing took 0 ms 
269603     DEBUG Test worker     d.u.i.k.n.KeyIO           Load declarations of de.uka.ilkd.key.nparser.KeyAst$File:  <unknown>:1#1 
269603     INFO  Test worker     d.u.i.k.n.KeyIO           MODE: declarations took 0 ms 
269603     DEBUG Test worker     d.u.i.k.n.KeyIO           MODE: 2nd degree decls took 0 
269603     INFO  Test worker     d.u.i.k.n.KeyIO           Parsing took 0 ms 
269603     DEBUG Test worker     d.u.i.k.n.KeyIO           Load declarations of de.uka.ilkd.key.nparser.KeyAst$File:  <unknown>:1#1 
269603     INFO  Test worker     d.u.i.k.n.KeyIO           MODE: declarations took 0 ms 
269603     DEBUG Test worker     d.u.i.k.n.KeyIO           MODE: 2nd degree decls took 0 
272118     INFO  Test worker     d.u.i.k.n.KeyIO           Parsing took 0 ms 
272118     DEBUG Test worker     d.u.i.k.n.KeyIO           Load declarations of de.uka.ilkd.key.nparser.KeyAst$File:  <unknown>:1#1 
272118     INFO  Test worker     d.u.i.k.n.KeyIO           MODE: declarations took 0 ms 
272118     DEBUG Test worker     d.u.i.k.n.KeyIO           MODE: 2nd degree decls took 0 
272118     INFO  Test worker     d.u.i.k.n.KeyIO           Parsing took 0 ms 
272118     DEBUG Test worker     d.u.i.k.n.KeyIO           Load declarations of de.uka.ilkd.key.nparser.KeyAst$File:  <unknown>:1#1 
272118     INFO  Test worker     d.u.i.k.n.KeyIO           MODE: declarations took 0 ms 
272118     DEBUG Test worker     d.u.i.k.n.KeyIO           MODE: 2nd degree decls took 0 
272118     INFO  Test worker     d.u.i.k.n.KeyIO           Parsing took 0 ms 
272118     DEBUG Test worker     d.u.i.k.n.KeyIO           Load declarations of de.uka.ilkd.key.nparser.KeyAst$File:  <unknown>:1#1 
272118     INFO  Test worker     d.u.i.k.n.KeyIO           MODE: declarations took 0 ms 
272118     DEBUG Test worker     d.u.i.k.n.KeyIO           MODE: 2nd degree decls took 0 
272118     INFO  Test worker     d.u.i.k.n.KeyIO           Parsing took 0 ms 
272118     DEBUG Test worker     d.u.i.k.n.KeyIO           Load declarations of de.uka.ilkd.key.nparser.KeyAst$File:  <unknown>:1#1 
272118     INFO  Test worker     d.u.i.k.n.KeyIO           MODE: declarations took 0 ms 
272118     DEBUG Test worker     d.u.i.k.n.KeyIO           MODE: 2nd degree decls took 0 
272118     INFO  Test worker     d.u.i.k.n.KeyIO           Parsing took 0 ms 
272118     DEBUG Test worker     d.u.i.k.n.KeyIO           Load declarations of de.uka.ilkd.key.nparser.KeyAst$File:  <unknown>:1#1 
272118     INFO  Test worker     d.u.i.k.n.KeyIO           MODE: declarations took 0 ms 
272118     DEBUG Test worker     d.u.i.k.n.KeyIO           MODE: 2nd degree decls took 0 
274613     INFO  Test worker     d.u.i.k.n.KeyIO           Parsing took 0 ms 
274613     DEBUG Test worker     d.u.i.k.n.KeyIO           Load declarations of de.uka.ilkd.key.nparser.KeyAst$File:  <unknown>:1#1 
274613     INFO  Test worker     d.u.i.k.n.KeyIO           MODE: declarations took 0 ms 
274613     DEBUG Test worker     d.u.i.k.n.KeyIO           MODE: 2nd degree decls took 0 
274613     INFO  Test worker     d.u.i.k.n.KeyIO           Parsing took 0 ms 
274613     DEBUG Test worker     d.u.i.k.n.KeyIO           Load declarations of de.uka.ilkd.key.nparser.KeyAst$File:  <unknown>:1#1 
274613     INFO  Test worker     d.u.i.k.n.KeyIO           MODE: declarations took 0 ms 
274613     DEBUG Test worker     d.u.i.k.n.KeyIO           MODE: 2nd degree decls took 0 
274613     INFO  Test worker     d.u.i.k.n.KeyIO           Parsing took 0 ms 
274613     DEBUG Test worker     d.u.i.k.n.KeyIO           Load declarations of de.uka.ilkd.key.nparser.KeyAst$File:  <unknown>:1#1 
274613     INFO  Test worker     d.u.i.k.n.KeyIO           MODE: declarations took 0 ms 
274613     DEBUG Test worker     d.u.i.k.n.KeyIO           MODE: 2nd degree decls took 0 
274613     INFO  Test worker     d.u.i.k.n.KeyIO           Parsing took 0 ms 
274613     DEBUG Test worker     d.u.i.k.n.KeyIO           Load declarations of de.uka.ilkd.key.nparser.KeyAst$File:  <unknown>:1#1 
274613     INFO  Test worker     d.u.i.k.n.KeyIO           MODE: declarations took 0 ms 
274613     DEBUG Test worker     d.u.i.k.n.KeyIO           MODE: 2nd degree decls took 0 
274613     INFO  Test worker     d.u.i.k.n.KeyIO           Parsing took 0 ms 
274613     DEBUG Test worker     d.u.i.k.n.KeyIO           Load declarations of de.uka.ilkd.key.nparser.KeyAst$File:  <unknown>:1#1 
274613     INFO  Test worker     d.u.i.k.n.KeyIO           MODE: declarations took 0 ms 
274613     DEBUG Test worker     d.u.i.k.n.KeyIO           MODE: 2nd degree decls took 0 
277073     INFO  Test worker     d.u.i.k.n.KeyIO           Parsing took 1 ms 
277073     DEBUG Test worker     d.u.i.k.n.KeyIO           Load declarations of de.uka.ilkd.key.nparser.KeyAst$File:  <unknown>:1#1 
277073     INFO  Test worker     d.u.i.k.n.KeyIO           MODE: declarations took 0 ms 
277073     DEBUG Test worker     d.u.i.k.n.KeyIO           MODE: 2nd degree decls took 0 
277073     INFO  Test worker     d.u.i.k.n.KeyIO           Parsing took 0 ms 
277073     DEBUG Test worker     d.u.i.k.n.KeyIO           Load declarations of de.uka.ilkd.key.nparser.KeyAst$File:  <unknown>:1#1 
277073     INFO  Test worker     d.u.i.k.n.KeyIO           MODE: declarations took 0 ms 
277073     DEBUG Test worker     d.u.i.k.n.KeyIO           MODE: 2nd degree decls took 0 
277073     INFO  Test worker     d.u.i.k.n.KeyIO           Parsing took 0 ms 
277073     DEBUG Test worker     d.u.i.k.n.KeyIO           Load declarations of de.uka.ilkd.key.nparser.KeyAst$File:  <unknown>:1#1 
277073     INFO  Test worker     d.u.i.k.n.KeyIO           MODE: declarations took 0 ms 
277073     DEBUG Test worker     d.u.i.k.n.KeyIO           MODE: 2nd degree decls took 0 
277073     INFO  Test worker     d.u.i.k.n.KeyIO           Parsing took 0 ms 
277073     DEBUG Test worker     d.u.i.k.n.KeyIO           Load declarations of de.uka.ilkd.key.nparser.KeyAst$File:  <unknown>:1#1 
277073     INFO  Test worker     d.u.i.k.n.KeyIO           MODE: declarations took 0 ms 
277073     DEBUG Test worker     d.u.i.k.n.KeyIO           MODE: 2nd degree decls took 0 
277073     INFO  Test worker     d.u.i.k.n.KeyIO           Parsing took 0 ms 
277073     DEBUG Test worker     d.u.i.k.n.KeyIO           Load declarations of de.uka.ilkd.key.nparser.KeyAst$File:  <unknown>:1#1 
277073     INFO  Test worker     d.u.i.k.n.KeyIO           MODE: declarations took 0 ms 
277073     DEBUG Test worker     d.u.i.k.n.KeyIO           MODE: 2nd degree decls took 0 
279544     INFO  Test worker     d.u.i.k.n.KeyIO           Parsing took 0 ms 
279544     DEBUG Test worker     d.u.i.k.n.KeyIO           Load declarations of de.uka.ilkd.key.nparser.KeyAst$File:  <unknown>:1#1 
279544     INFO  Test worker     d.u.i.k.n.KeyIO           MODE: declarations took 0 ms 
279544     DEBUG Test worker     d.u.i.k.n.KeyIO           MODE: 2nd degree decls took 0 
279544     INFO  Test worker     d.u.i.k.n.KeyIO           Parsing took 0 ms 
279544     DEBUG Test worker     d.u.i.k.n.KeyIO           Load declarations of de.uka.ilkd.key.nparser.KeyAst$File:  <unknown>:1#1 
279544     INFO  Test worker     d.u.i.k.n.KeyIO           MODE: declarations took 0 ms 
279545     DEBUG Test worker     d.u.i.k.n.KeyIO           MODE: 2nd degree decls took 0 
279545     INFO  Test worker     d.u.i.k.n.KeyIO           Parsing took 0 ms 
279545     DEBUG Test worker     d.u.i.k.n.KeyIO           Load declarations of de.uka.ilkd.key.nparser.KeyAst$File:  <unknown>:1#1 
279545     INFO  Test worker     d.u.i.k.n.KeyIO           MODE: declarations took 0 ms 
279545     DEBUG Test worker     d.u.i.k.n.KeyIO           MODE: 2nd degree decls took 0 
279546     INFO  Test worker     d.u.i.k.n.KeyIO           Parsing took 0 ms 
279546     DEBUG Test worker     d.u.i.k.n.KeyIO           Load declarations of de.uka.ilkd.key.nparser.KeyAst$File:  <unknown>:1#1 
279546     INFO  Test worker     d.u.i.k.n.KeyIO           MODE: declarations took 0 ms 
279546     DEBUG Test worker     d.u.i.k.n.KeyIO           MODE: 2nd degree decls took 0 
279546     INFO  Test worker     d.u.i.k.n.KeyIO           Parsing took 0 ms 
279546     DEBUG Test worker     d.u.i.k.n.KeyIO           Load declarations of de.uka.ilkd.key.nparser.KeyAst$File:  <unknown>:1#1 
279547     INFO  Test worker     d.u.i.k.n.KeyIO           MODE: declarations took 1 ms 
279547     DEBUG Test worker     d.u.i.k.n.KeyIO           MODE: 2nd degree decls took 0 
282019     INFO  Test worker     d.u.i.k.n.KeyIO           Parsing took 0 ms 
282020     DEBUG Test worker     d.u.i.k.n.KeyIO           Load declarations of de.uka.ilkd.key.nparser.KeyAst$File:  <unknown>:1#1 
282020     INFO  Test worker     d.u.i.k.n.KeyIO           MODE: declarations took 0 ms 
282020     DEBUG Test worker     d.u.i.k.n.KeyIO           MODE: 2nd degree decls took 0 
282020     INFO  Test worker     d.u.i.k.n.KeyIO           Parsing took 0 ms 
282020     DEBUG Test worker     d.u.i.k.n.KeyIO           Load declarations of de.uka.ilkd.key.nparser.KeyAst$File:  <unknown>:1#1 
282020     INFO  Test worker     d.u.i.k.n.KeyIO           MODE: declarations took 0 ms 
282020     DEBUG Test worker     d.u.i.k.n.KeyIO           MODE: 2nd degree decls took 0 
282020     INFO  Test worker     d.u.i.k.n.KeyIO           Parsing took 0 ms 
282020     DEBUG Test worker     d.u.i.k.n.KeyIO           Load declarations of de.uka.ilkd.key.nparser.KeyAst$File:  <unknown>:1#1 
282020     INFO  Test worker     d.u.i.k.n.KeyIO           MODE: declarations took 0 ms 
282020     DEBUG Test worker     d.u.i.k.n.KeyIO           MODE: 2nd degree decls took 0 
282020     INFO  Test worker     d.u.i.k.n.KeyIO           Parsing took 0 ms 
282020     DEBUG Test worker     d.u.i.k.n.KeyIO           Load declarations of de.uka.ilkd.key.nparser.KeyAst$File:  <unknown>:1#1 
282020     INFO  Test worker     d.u.i.k.n.KeyIO           MODE: declarations took 0 ms 
282020     DEBUG Test worker     d.u.i.k.n.KeyIO           MODE: 2nd degree decls took 0 
282020     INFO  Test worker     d.u.i.k.n.KeyIO           Parsing took 0 ms 
282020     DEBUG Test worker     d.u.i.k.n.KeyIO           Load declarations of de.uka.ilkd.key.nparser.KeyAst$File:  <unknown>:1#1 
282020     INFO  Test worker     d.u.i.k.n.KeyIO           MODE: declarations took 0 ms 
282020     DEBUG Test worker     d.u.i.k.n.KeyIO           MODE: 2nd degree decls took 0 
284518     INFO  Test worker     d.u.i.k.n.KeyIO           Parsing took 0 ms 
284518     DEBUG Test worker     d.u.i.k.n.KeyIO           Load declarations of de.uka.ilkd.key.nparser.KeyAst$File:  <unknown>:1#1 
284518     INFO  Test worker     d.u.i.k.n.KeyIO           MODE: declarations took 0 ms 
284518     DEBUG Test worker     d.u.i.k.n.KeyIO           MODE: 2nd degree decls took 0 
284518     INFO  Test worker     d.u.i.k.n.KeyIO           Parsing took 0 ms 
284518     DEBUG Test worker     d.u.i.k.n.KeyIO           Load declarations of de.uka.ilkd.key.nparser.KeyAst$File:  <unknown>:1#1 
284518     INFO  Test worker     d.u.i.k.n.KeyIO           MODE: declarations took 0 ms 
284518     DEBUG Test worker     d.u.i.k.n.KeyIO           MODE: 2nd degree decls took 0 
284518     INFO  Test worker     d.u.i.k.n.KeyIO           Parsing took 0 ms 
284518     DEBUG Test worker     d.u.i.k.n.KeyIO           Load declarations of de.uka.ilkd.key.nparser.KeyAst$File:  <unknown>:1#1 
284518     INFO  Test worker     d.u.i.k.n.KeyIO           MODE: declarations took 0 ms 
284518     DEBUG Test worker     d.u.i.k.n.KeyIO           MODE: 2nd degree decls took 0 
284518     INFO  Test worker     d.u.i.k.n.KeyIO           Parsing took 0 ms 
284518     DEBUG Test worker     d.u.i.k.n.KeyIO           Load declarations of de.uka.ilkd.key.nparser.KeyAst$File:  <unknown>:1#1 
284518     INFO  Test worker     d.u.i.k.n.KeyIO           MODE: declarations took 0 ms 
284518     DEBUG Test worker     d.u.i.k.n.KeyIO           MODE: 2nd degree decls took 0 
284518     INFO  Test worker     d.u.i.k.n.KeyIO           Parsing took 0 ms 
284518     DEBUG Test worker     d.u.i.k.n.KeyIO           Load declarations of de.uka.ilkd.key.nparser.KeyAst$File:  <unknown>:1#1 
284518     INFO  Test worker     d.u.i.k.n.KeyIO           MODE: declarations took 0 ms 
284518     DEBUG Test worker     d.u.i.k.n.KeyIO           MODE: 2nd degree decls took 0 
287000     INFO  Test worker     d.u.i.k.n.KeyIO           Parsing took 0 ms 
287000     DEBUG Test worker     d.u.i.k.n.KeyIO           Load declarations of de.uka.ilkd.key.nparser.KeyAst$File:  <unknown>:1#1 
287000     INFO  Test worker     d.u.i.k.n.KeyIO           MODE: declarations took 0 ms 
287000     DEBUG Test worker     d.u.i.k.n.KeyIO           MODE: 2nd degree decls took 0 
287000     INFO  Test worker     d.u.i.k.n.KeyIO           Parsing took 0 ms 
287000     DEBUG Test worker     d.u.i.k.n.KeyIO           Load declarations of de.uka.ilkd.key.nparser.KeyAst$File:  <unknown>:1#1 
287000     INFO  Test worker     d.u.i.k.n.KeyIO           MODE: declarations took 0 ms 
287000     DEBUG Test worker     d.u.i.k.n.KeyIO           MODE: 2nd degree decls took 0 
287000     INFO  Test worker     d.u.i.k.n.KeyIO           Parsing took 0 ms 
287000     DEBUG Test worker     d.u.i.k.n.KeyIO           Load declarations of de.uka.ilkd.key.nparser.KeyAst$File:  <unknown>:1#1 
287000     INFO  Test worker     d.u.i.k.n.KeyIO           MODE: declarations took 0 ms 
287000     DEBUG Test worker     d.u.i.k.n.KeyIO           MODE: 2nd degree decls took 0 
287000     INFO  Test worker     d.u.i.k.n.KeyIO           Parsing took 0 ms 
287000     DEBUG Test worker     d.u.i.k.n.KeyIO           Load declarations of de.uka.ilkd.key.nparser.KeyAst$File:  <unknown>:1#1 
287000     INFO  Test worker     d.u.i.k.n.KeyIO           MODE: declarations took 0 ms 
287000     DEBUG Test worker     d.u.i.k.n.KeyIO           MODE: 2nd degree decls took 0 
287000     INFO  Test worker     d.u.i.k.n.KeyIO           Parsing took 0 ms 
287000     DEBUG Test worker     d.u.i.k.n.KeyIO           Load declarations of de.uka.ilkd.key.nparser.KeyAst$File:  <unknown>:1#1 
287000     INFO  Test worker     d.u.i.k.n.KeyIO           MODE: declarations took 0 ms 
287000     DEBUG Test worker     d.u.i.k.n.KeyIO           MODE: 2nd degree decls took 0 
289460     INFO  Test worker     d.u.i.k.n.KeyIO           Parsing took 0 ms 
289460     DEBUG Test worker     d.u.i.k.n.KeyIO           Load declarations of de.uka.ilkd.key.nparser.KeyAst$File:  <unknown>:1#1 
289460     INFO  Test worker     d.u.i.k.n.KeyIO           MODE: declarations took 0 ms 
289460     DEBUG Test worker     d.u.i.k.n.KeyIO           MODE: 2nd degree decls took 0 
289460     INFO  Test worker     d.u.i.k.n.KeyIO           Parsing took 0 ms 
289460     DEBUG Test worker     d.u.i.k.n.KeyIO           Load declarations of de.uka.ilkd.key.nparser.KeyAst$File:  <unknown>:1#1 
289460     INFO  Test worker     d.u.i.k.n.KeyIO           MODE: declarations took 0 ms 
289460     DEBUG Test worker     d.u.i.k.n.KeyIO           MODE: 2nd degree decls took 0 
289460     INFO  Test worker     d.u.i.k.n.KeyIO           Parsing took 0 ms 
289460     DEBUG Test worker     d.u.i.k.n.KeyIO           Load declarations of de.uka.ilkd.key.nparser.KeyAst$File:  <unknown>:1#1 
289460     INFO  Test worker     d.u.i.k.n.KeyIO           MODE: declarations took 0 ms 
289460     DEBUG Test worker     d.u.i.k.n.KeyIO           MODE: 2nd degree decls took 0 
289460     INFO  Test worker     d.u.i.k.n.KeyIO           Parsing took 0 ms 
289460     DEBUG Test worker     d.u.i.k.n.KeyIO           Load declarations of de.uka.ilkd.key.nparser.KeyAst$File:  <unknown>:1#1 
289460     INFO  Test worker     d.u.i.k.n.KeyIO           MODE: declarations took 0 ms 
289460     DEBUG Test worker     d.u.i.k.n.KeyIO           MODE: 2nd degree decls took 0 
289460     INFO  Test worker     d.u.i.k.n.KeyIO           Parsing took 0 ms 
289460     DEBUG Test worker     d.u.i.k.n.KeyIO           Load declarations of de.uka.ilkd.key.nparser.KeyAst$File:  <unknown>:1#1 
289460     INFO  Test worker     d.u.i.k.n.KeyIO           MODE: declarations took 0 ms 
289460     DEBUG Test worker     d.u.i.k.n.KeyIO           MODE: 2nd degree decls took 0 
291934     INFO  Test worker     d.u.i.k.n.KeyIO           Parsing took 0 ms 
291935     DEBUG Test worker     d.u.i.k.n.KeyIO           Load declarations of de.uka.ilkd.key.nparser.KeyAst$File:  <unknown>:1#1 
291935     INFO  Test worker     d.u.i.k.n.KeyIO           MODE: declarations took 0 ms 
291935     DEBUG Test worker     d.u.i.k.n.KeyIO           MODE: 2nd degree decls took 0 
291935     INFO  Test worker     d.u.i.k.n.KeyIO           Parsing took 0 ms 
291935     DEBUG Test worker     d.u.i.k.n.KeyIO           Load declarations of de.uka.ilkd.key.nparser.KeyAst$File:  <unknown>:1#1 
291935     INFO  Test worker     d.u.i.k.n.KeyIO           MODE: declarations took 0 ms 
291935     DEBUG Test worker     d.u.i.k.n.KeyIO           MODE: 2nd degree decls took 0 
291935     INFO  Test worker     d.u.i.k.n.KeyIO           Parsing took 0 ms 
291935     DEBUG Test worker     d.u.i.k.n.KeyIO           Load declarations of de.uka.ilkd.key.nparser.KeyAst$File:  <unknown>:1#1 
291935     INFO  Test worker     d.u.i.k.n.KeyIO           MODE: declarations took 0 ms 
291935     DEBUG Test worker     d.u.i.k.n.KeyIO           MODE: 2nd degree decls took 0 
291935     INFO  Test worker     d.u.i.k.n.KeyIO           Parsing took 0 ms 
291935     DEBUG Test worker     d.u.i.k.n.KeyIO           Load declarations of de.uka.ilkd.key.nparser.KeyAst$File:  <unknown>:1#1 
291935     INFO  Test worker     d.u.i.k.n.KeyIO           MODE: declarations took 0 ms 
291935     DEBUG Test worker     d.u.i.k.n.KeyIO           MODE: 2nd degree decls took 0 
291935     INFO  Test worker     d.u.i.k.n.KeyIO           Parsing took 0 ms 
291935     DEBUG Test worker     d.u.i.k.n.KeyIO           Load declarations of de.uka.ilkd.key.nparser.KeyAst$File:  <unknown>:1#1 
291935     INFO  Test worker     d.u.i.k.n.KeyIO           MODE: declarations took 0 ms 
291935     DEBUG Test worker     d.u.i.k.n.KeyIO           MODE: 2nd degree decls took 0 
294416     INFO  Test worker     d.u.i.k.n.KeyIO           Parsing took 0 ms 
294416     DEBUG Test worker     d.u.i.k.n.KeyIO           Load declarations of de.uka.ilkd.key.nparser.KeyAst$File:  <unknown>:1#1 
294416     INFO  Test worker     d.u.i.k.n.KeyIO           MODE: declarations took 0 ms 
294416     DEBUG Test worker     d.u.i.k.n.KeyIO           MODE: 2nd degree decls took 0 
294416     INFO  Test worker     d.u.i.k.n.KeyIO           Parsing took 0 ms 
294416     DEBUG Test worker     d.u.i.k.n.KeyIO           Load declarations of de.uka.ilkd.key.nparser.KeyAst$File:  <unknown>:1#1 
294416     INFO  Test worker     d.u.i.k.n.KeyIO           MODE: declarations took 0 ms 
294416     DEBUG Test worker     d.u.i.k.n.KeyIO           MODE: 2nd degree decls took 0 
294416     INFO  Test worker     d.u.i.k.n.KeyIO           Parsing took 0 ms 
294416     DEBUG Test worker     d.u.i.k.n.KeyIO           Load declarations of de.uka.ilkd.key.nparser.KeyAst$File:  <unknown>:1#1 
294416     INFO  Test worker     d.u.i.k.n.KeyIO           MODE: declarations took 0 ms 
294416     DEBUG Test worker     d.u.i.k.n.KeyIO           MODE: 2nd degree decls took 0 
294416     INFO  Test worker     d.u.i.k.n.KeyIO           Parsing took 0 ms 
294416     DEBUG Test worker     d.u.i.k.n.KeyIO           Load declarations of de.uka.ilkd.key.nparser.KeyAst$File:  <unknown>:1#1 
294416     INFO  Test worker     d.u.i.k.n.KeyIO           MODE: declarations took 0 ms 
294416     DEBUG Test worker     d.u.i.k.n.KeyIO           MODE: 2nd degree decls took 0 
294416     INFO  Test worker     d.u.i.k.n.KeyIO           Parsing took 0 ms 
294416     DEBUG Test worker     d.u.i.k.n.KeyIO           Load declarations of de.uka.ilkd.key.nparser.KeyAst$File:  <unknown>:1#1 
294416     INFO  Test worker     d.u.i.k.n.KeyIO           MODE: declarations took 0 ms 
294416     DEBUG Test worker     d.u.i.k.n.KeyIO           MODE: 2nd degree decls took 0 
296880     INFO  Test worker     d.u.i.k.n.KeyIO           Parsing took 0 ms 
296880     DEBUG Test worker     d.u.i.k.n.KeyIO           Load declarations of de.uka.ilkd.key.nparser.KeyAst$File:  <unknown>:1#1 
296880     INFO  Test worker     d.u.i.k.n.KeyIO           MODE: declarations took 0 ms 
296880     DEBUG Test worker     d.u.i.k.n.KeyIO           MODE: 2nd degree decls took 0 
296880     INFO  Test worker     d.u.i.k.n.KeyIO           Parsing took 0 ms 
296880     DEBUG Test worker     d.u.i.k.n.KeyIO           Load declarations of de.uka.ilkd.key.nparser.KeyAst$File:  <unknown>:1#1 
296880     INFO  Test worker     d.u.i.k.n.KeyIO           MODE: declarations took 0 ms 
296880     DEBUG Test worker     d.u.i.k.n.KeyIO           MODE: 2nd degree decls took 0 
296880     INFO  Test worker     d.u.i.k.n.KeyIO           Parsing took 0 ms 
296880     DEBUG Test worker     d.u.i.k.n.KeyIO           Load declarations of de.uka.ilkd.key.nparser.KeyAst$File:  <unknown>:1#1 
296880     INFO  Test worker     d.u.i.k.n.KeyIO           MODE: declarations took 0 ms 
296880     DEBUG Test worker     d.u.i.k.n.KeyIO           MODE: 2nd degree decls took 0 
296880     INFO  Test worker     d.u.i.k.n.KeyIO           Parsing took 0 ms 
296880     DEBUG Test worker     d.u.i.k.n.KeyIO           Load declarations of de.uka.ilkd.key.nparser.KeyAst$File:  <unknown>:1#1 
296881     INFO  Test worker     d.u.i.k.n.KeyIO           MODE: declarations took 1 ms 
296881     DEBUG Test worker     d.u.i.k.n.KeyIO           MODE: 2nd degree decls took 0 
296881     INFO  Test worker     d.u.i.k.n.KeyIO           Parsing took 0 ms 
296881     DEBUG Test worker     d.u.i.k.n.KeyIO           Load declarations of de.uka.ilkd.key.nparser.KeyAst$File:  <unknown>:1#1 
296881     INFO  Test worker     d.u.i.k.n.KeyIO           MODE: declarations took 0 ms 
296881     DEBUG Test worker     d.u.i.k.n.KeyIO           MODE: 2nd degree decls took 0 
296882     WARN  Test worker     d.u.i.k.n.KeYParser       [syntax-error] <unknown>:1:11: mismatched input '@' expecting {'/', ':=', '.', '(', ')', '{', '[', '@', PARALLEL, OR, AND, IMP, '=', NOT_EQUALS, '%', '*', '-', '+', '>', GREATEREQUAL, '<', LESSEQUAL, LGUILLEMETS, EQV} [@11,11:11='@',<153>,1:11] (termEOF) 
299351     INFO  Test worker     d.u.i.k.n.KeyIO           Parsing took 0 ms 
299352     DEBUG Test worker     d.u.i.k.n.KeyIO           Load declarations of de.uka.ilkd.key.nparser.KeyAst$File:  <unknown>:1#1 
299352     INFO  Test worker     d.u.i.k.n.KeyIO           MODE: declarations took 0 ms 
299352     DEBUG Test worker     d.u.i.k.n.KeyIO           MODE: 2nd degree decls took 0 
299352     INFO  Test worker     d.u.i.k.n.KeyIO           Parsing took 0 ms 
299352     DEBUG Test worker     d.u.i.k.n.KeyIO           Load declarations of de.uka.ilkd.key.nparser.KeyAst$File:  <unknown>:1#1 
299352     INFO  Test worker     d.u.i.k.n.KeyIO           MODE: declarations took 0 ms 
299352     DEBUG Test worker     d.u.i.k.n.KeyIO           MODE: 2nd degree decls took 0 
299352     INFO  Test worker     d.u.i.k.n.KeyIO           Parsing took 0 ms 
299352     DEBUG Test worker     d.u.i.k.n.KeyIO           Load declarations of de.uka.ilkd.key.nparser.KeyAst$File:  <unknown>:1#1 
299352     INFO  Test worker     d.u.i.k.n.KeyIO           MODE: declarations took 0 ms 
299352     DEBUG Test worker     d.u.i.k.n.KeyIO           MODE: 2nd degree decls took 0 
299352     INFO  Test worker     d.u.i.k.n.KeyIO           Parsing took 0 ms 
299352     DEBUG Test worker     d.u.i.k.n.KeyIO           Load declarations of de.uka.ilkd.key.nparser.KeyAst$File:  <unknown>:1#1 
299352     INFO  Test worker     d.u.i.k.n.KeyIO           MODE: declarations took 0 ms 
299352     DEBUG Test worker     d.u.i.k.n.KeyIO           MODE: 2nd degree decls took 0 
299352     INFO  Test worker     d.u.i.k.n.KeyIO           Parsing took 0 ms 
299352     DEBUG Test worker     d.u.i.k.n.KeyIO           Load declarations of de.uka.ilkd.key.nparser.KeyAst$File:  <unknown>:1#1 
299352     INFO  Test worker     d.u.i.k.n.KeyIO           MODE: declarations took 0 ms 
299352     DEBUG Test worker     d.u.i.k.n.KeyIO           MODE: 2nd degree decls took 0 
301832     INFO  Test worker     d.u.i.k.n.KeyIO           Parsing took 0 ms 
301832     DEBUG Test worker     d.u.i.k.n.KeyIO           Load declarations of de.uka.ilkd.key.nparser.KeyAst$File:  <unknown>:1#1 
301832     INFO  Test worker     d.u.i.k.n.KeyIO           MODE: declarations took 0 ms 
301832     DEBUG Test worker     d.u.i.k.n.KeyIO           MODE: 2nd degree decls took 0 
301832     INFO  Test worker     d.u.i.k.n.KeyIO           Parsing took 0 ms 
301832     DEBUG Test worker     d.u.i.k.n.KeyIO           Load declarations of de.uka.ilkd.key.nparser.KeyAst$File:  <unknown>:1#1 
301832     INFO  Test worker     d.u.i.k.n.KeyIO           MODE: declarations took 0 ms 
301832     DEBUG Test worker     d.u.i.k.n.KeyIO           MODE: 2nd degree decls took 0 
301832     INFO  Test worker     d.u.i.k.n.KeyIO           Parsing took 0 ms 
301832     DEBUG Test worker     d.u.i.k.n.KeyIO           Load declarations of de.uka.ilkd.key.nparser.KeyAst$File:  <unknown>:1#1 
301832     INFO  Test worker     d.u.i.k.n.KeyIO           MODE: declarations took 0 ms 
301832     DEBUG Test worker     d.u.i.k.n.KeyIO           MODE: 2nd degree decls took 0 
301832     INFO  Test worker     d.u.i.k.n.KeyIO           Parsing took 0 ms 
301832     DEBUG Test worker     d.u.i.k.n.KeyIO           Load declarations of de.uka.ilkd.key.nparser.KeyAst$File:  <unknown>:1#1 
301832     INFO  Test worker     d.u.i.k.n.KeyIO           MODE: declarations took 0 ms 
301832     DEBUG Test worker     d.u.i.k.n.KeyIO           MODE: 2nd degree decls took 0 
301832     INFO  Test worker     d.u.i.k.n.KeyIO           Parsing took 0 ms 
301832     DEBUG Test worker     d.u.i.k.n.KeyIO           Load declarations of de.uka.ilkd.key.nparser.KeyAst$File:  <unknown>:1#1 
301832     INFO  Test worker     d.u.i.k.n.KeyIO           MODE: declarations took 0 ms 
301832     DEBUG Test worker     d.u.i.k.n.KeyIO           MODE: 2nd degree decls took 0 
304331     INFO  Test worker     d.u.i.k.n.KeyIO           Parsing took 0 ms 
304331     DEBUG Test worker     d.u.i.k.n.KeyIO           Load declarations of de.uka.ilkd.key.nparser.KeyAst$File:  <unknown>:1#1 
304331     INFO  Test worker     d.u.i.k.n.KeyIO           MODE: declarations took 0 ms 
304331     DEBUG Test worker     d.u.i.k.n.KeyIO           MODE: 2nd degree decls took 0 
304331     INFO  Test worker     d.u.i.k.n.KeyIO           Parsing took 0 ms 
304331     DEBUG Test worker     d.u.i.k.n.KeyIO           Load declarations of de.uka.ilkd.key.nparser.KeyAst$File:  <unknown>:1#1 
304331     INFO  Test worker     d.u.i.k.n.KeyIO           MODE: declarations took 0 ms 
304331     DEBUG Test worker     d.u.i.k.n.KeyIO           MODE: 2nd degree decls took 0 
304331     INFO  Test worker     d.u.i.k.n.KeyIO           Parsing took 0 ms 
304331     DEBUG Test worker     d.u.i.k.n.KeyIO           Load declarations of de.uka.ilkd.key.nparser.KeyAst$File:  <unknown>:1#1 
304331     INFO  Test worker     d.u.i.k.n.KeyIO           MODE: declarations took 0 ms 
304331     DEBUG Test worker     d.u.i.k.n.KeyIO           MODE: 2nd degree decls took 0 
304331     INFO  Test worker     d.u.i.k.n.KeyIO           Parsing took 0 ms 
304331     DEBUG Test worker     d.u.i.k.n.KeyIO           Load declarations of de.uka.ilkd.key.nparser.KeyAst$File:  <unknown>:1#1 
304331     INFO  Test worker     d.u.i.k.n.KeyIO           MODE: declarations took 0 ms 
304331     DEBUG Test worker     d.u.i.k.n.KeyIO           MODE: 2nd degree decls took 0 
304331     INFO  Test worker     d.u.i.k.n.KeyIO           Parsing took 0 ms 
304331     DEBUG Test worker     d.u.i.k.n.KeyIO           Load declarations of de.uka.ilkd.key.nparser.KeyAst$File:  <unknown>:1#1 
304331     INFO  Test worker     d.u.i.k.n.KeyIO           MODE: declarations took 0 ms 
304331     DEBUG Test worker     d.u.i.k.n.KeyIO           MODE: 2nd degree decls took 0 
306801     INFO  Test worker     d.u.i.k.n.KeyIO           Parsing took 0 ms 
306801     DEBUG Test worker     d.u.i.k.n.KeyIO           Load declarations of de.uka.ilkd.key.nparser.KeyAst$File:  <unknown>:1#1 
306802     INFO  Test worker     d.u.i.k.n.KeyIO           MODE: declarations took 1 ms 
306802     DEBUG Test worker     d.u.i.k.n.KeyIO           MODE: 2nd degree decls took 0 
306802     INFO  Test worker     d.u.i.k.n.KeyIO           Parsing took 0 ms 
306802     DEBUG Test worker     d.u.i.k.n.KeyIO           Load declarations of de.uka.ilkd.key.nparser.KeyAst$File:  <unknown>:1#1 
306802     INFO  Test worker     d.u.i.k.n.KeyIO           MODE: declarations took 0 ms 
306802     DEBUG Test worker     d.u.i.k.n.KeyIO           MODE: 2nd degree decls took 0 
306802     INFO  Test worker     d.u.i.k.n.KeyIO           Parsing took 0 ms 
306802     DEBUG Test worker     d.u.i.k.n.KeyIO           Load declarations of de.uka.ilkd.key.nparser.KeyAst$File:  <unknown>:1#1 
306802     INFO  Test worker     d.u.i.k.n.KeyIO           MODE: declarations took 0 ms 
306802     DEBUG Test worker     d.u.i.k.n.KeyIO           MODE: 2nd degree decls took 0 
306802     INFO  Test worker     d.u.i.k.n.KeyIO           Parsing took 0 ms 
306802     DEBUG Test worker     d.u.i.k.n.KeyIO           Load declarations of de.uka.ilkd.key.nparser.KeyAst$File:  <unknown>:1#1 
306802     INFO  Test worker     d.u.i.k.n.KeyIO           MODE: declarations took 0 ms 
306802     DEBUG Test worker     d.u.i.k.n.KeyIO           MODE: 2nd degree decls took 0 
306802     INFO  Test worker     d.u.i.k.n.KeyIO           Parsing took 0 ms 
306802     DEBUG Test worker     d.u.i.k.n.KeyIO           Load declarations of de.uka.ilkd.key.nparser.KeyAst$File:  <unknown>:1#1 
306802     INFO  Test worker     d.u.i.k.n.KeyIO           MODE: declarations took 0 ms 
306802     DEBUG Test worker     d.u.i.k.n.KeyIO           MODE: 2nd degree decls took 0 
309278     INFO  Test worker     d.u.i.k.n.KeyIO           Parsing took 0 ms 
309278     DEBUG Test worker     d.u.i.k.n.KeyIO           Load declarations of de.uka.ilkd.key.nparser.KeyAst$File:  <unknown>:1#1 
309278     INFO  Test worker     d.u.i.k.n.KeyIO           MODE: declarations took 0 ms 
309278     DEBUG Test worker     d.u.i.k.n.KeyIO           MODE: 2nd degree decls took 0 
309278     INFO  Test worker     d.u.i.k.n.KeyIO           Parsing took 0 ms 
309278     DEBUG Test worker     d.u.i.k.n.KeyIO           Load declarations of de.uka.ilkd.key.nparser.KeyAst$File:  <unknown>:1#1 
309278     INFO  Test worker     d.u.i.k.n.KeyIO           MODE: declarations took 0 ms 
309278     DEBUG Test worker     d.u.i.k.n.KeyIO           MODE: 2nd degree decls took 0 
309278     INFO  Test worker     d.u.i.k.n.KeyIO           Parsing took 0 ms 
309278     DEBUG Test worker     d.u.i.k.n.KeyIO           Load declarations of de.uka.ilkd.key.nparser.KeyAst$File:  <unknown>:1#1 
309278     INFO  Test worker     d.u.i.k.n.KeyIO           MODE: declarations took 0 ms 
309278     DEBUG Test worker     d.u.i.k.n.KeyIO           MODE: 2nd degree decls took 0 
309278     INFO  Test worker     d.u.i.k.n.KeyIO           Parsing took 0 ms 
309278     DEBUG Test worker     d.u.i.k.n.KeyIO           Load declarations of de.uka.ilkd.key.nparser.KeyAst$File:  <unknown>:1#1 
309278     INFO  Test worker     d.u.i.k.n.KeyIO           MODE: declarations took 0 ms 
309278     DEBUG Test worker     d.u.i.k.n.KeyIO           MODE: 2nd degree decls took 0 
309278     INFO  Test worker     d.u.i.k.n.KeyIO           Parsing took 0 ms 
309278     DEBUG Test worker     d.u.i.k.n.KeyIO           Load declarations of de.uka.ilkd.key.nparser.KeyAst$File:  <unknown>:1#1 
309278     INFO  Test worker     d.u.i.k.n.KeyIO           MODE: declarations took 0 ms 
309278     DEBUG Test worker     d.u.i.k.n.KeyIO           MODE: 2nd degree decls took 0 
311752     INFO  Test worker     d.u.i.k.n.KeyIO           Parsing took 0 ms 
311752     DEBUG Test worker     d.u.i.k.n.KeyIO           Load declarations of de.uka.ilkd.key.nparser.KeyAst$File:  <unknown>:1#1 
311752     INFO  Test worker     d.u.i.k.n.KeyIO           MODE: declarations took 0 ms 
311753     DEBUG Test worker     d.u.i.k.n.KeyIO           MODE: 2nd degree decls took 0 
311753     INFO  Test worker     d.u.i.k.n.KeyIO           Parsing took 0 ms 
311753     DEBUG Test worker     d.u.i.k.n.KeyIO           Load declarations of de.uka.ilkd.key.nparser.KeyAst$File:  <unknown>:1#1 
311753     INFO  Test worker     d.u.i.k.n.KeyIO           MODE: declarations took 0 ms 
311753     DEBUG Test worker     d.u.i.k.n.KeyIO           MODE: 2nd degree decls took 0 
311753     INFO  Test worker     d.u.i.k.n.KeyIO           Parsing took 0 ms 
311753     DEBUG Test worker     d.u.i.k.n.KeyIO           Load declarations of de.uka.ilkd.key.nparser.KeyAst$File:  <unknown>:1#1 
311754     INFO  Test worker     d.u.i.k.n.KeyIO           MODE: declarations took 1 ms 
311754     DEBUG Test worker     d.u.i.k.n.KeyIO           MODE: 2nd degree decls took 0 
311754     INFO  Test worker     d.u.i.k.n.KeyIO           Parsing took 0 ms 
311754     DEBUG Test worker     d.u.i.k.n.KeyIO           Load declarations of de.uka.ilkd.key.nparser.KeyAst$File:  <unknown>:1#1 
311754     INFO  Test worker     d.u.i.k.n.KeyIO           MODE: declarations took 0 ms 
311754     DEBUG Test worker     d.u.i.k.n.KeyIO           MODE: 2nd degree decls took 0 
311754     INFO  Test worker     d.u.i.k.n.KeyIO           Parsing took 0 ms 
311754     DEBUG Test worker     d.u.i.k.n.KeyIO           Load declarations of de.uka.ilkd.key.nparser.KeyAst$File:  <unknown>:1#1 
311755     INFO  Test worker     d.u.i.k.n.KeyIO           MODE: declarations took 1 ms 
311755     DEBUG Test worker     d.u.i.k.n.KeyIO           MODE: 2nd degree decls took 0 
314216     INFO  Test worker     d.u.i.k.n.KeyIO           Parsing took 0 ms 
314216     DEBUG Test worker     d.u.i.k.n.KeyIO           Load declarations of de.uka.ilkd.key.nparser.KeyAst$File:  <unknown>:1#1 
314216     INFO  Test worker     d.u.i.k.n.KeyIO           MODE: declarations took 0 ms 
314216     DEBUG Test worker     d.u.i.k.n.KeyIO           MODE: 2nd degree decls took 0 
314216     INFO  Test worker     d.u.i.k.n.KeyIO           Parsing took 0 ms 
314216     DEBUG Test worker     d.u.i.k.n.KeyIO           Load declarations of de.uka.ilkd.key.nparser.KeyAst$File:  <unknown>:1#1 
314216     INFO  Test worker     d.u.i.k.n.KeyIO           MODE: declarations took 0 ms 
314217     DEBUG Test worker     d.u.i.k.n.KeyIO           MODE: 2nd degree decls took 0 
314217     INFO  Test worker     d.u.i.k.n.KeyIO           Parsing took 0 ms 
314217     DEBUG Test worker     d.u.i.k.n.KeyIO           Load declarations of de.uka.ilkd.key.nparser.KeyAst$File:  <unknown>:1#1 
314217     INFO  Test worker     d.u.i.k.n.KeyIO           MODE: declarations took 0 ms 
314217     DEBUG Test worker     d.u.i.k.n.KeyIO           MODE: 2nd degree decls took 0 
314217     INFO  Test worker     d.u.i.k.n.KeyIO           Parsing took 0 ms 
314217     DEBUG Test worker     d.u.i.k.n.KeyIO           Load declarations of de.uka.ilkd.key.nparser.KeyAst$File:  <unknown>:1#1 
314217     INFO  Test worker     d.u.i.k.n.KeyIO           MODE: declarations took 0 ms 
314217     DEBUG Test worker     d.u.i.k.n.KeyIO           MODE: 2nd degree decls took 0 
314217     INFO  Test worker     d.u.i.k.n.KeyIO           Parsing took 0 ms 
314217     DEBUG Test worker     d.u.i.k.n.KeyIO           Load declarations of de.uka.ilkd.key.nparser.KeyAst$File:  <unknown>:1#1 
314217     INFO  Test worker     d.u.i.k.n.KeyIO           MODE: declarations took 0 ms 
314217     DEBUG Test worker     d.u.i.k.n.KeyIO           MODE: 2nd degree decls took 0 
316709     INFO  Test worker     d.u.i.k.n.KeyIO           Parsing took 0 ms 
316709     DEBUG Test worker     d.u.i.k.n.KeyIO           Load declarations of de.uka.ilkd.key.nparser.KeyAst$File:  <unknown>:1#1 
316709     INFO  Test worker     d.u.i.k.n.KeyIO           MODE: declarations took 0 ms 
316709     DEBUG Test worker     d.u.i.k.n.KeyIO           MODE: 2nd degree decls took 0 
316709     INFO  Test worker     d.u.i.k.n.KeyIO           Parsing took 0 ms 
316709     DEBUG Test worker     d.u.i.k.n.KeyIO           Load declarations of de.uka.ilkd.key.nparser.KeyAst$File:  <unknown>:1#1 
316709     INFO  Test worker     d.u.i.k.n.KeyIO           MODE: declarations took 0 ms 
316709     DEBUG Test worker     d.u.i.k.n.KeyIO           MODE: 2nd degree decls took 0 
316709     INFO  Test worker     d.u.i.k.n.KeyIO           Parsing took 0 ms 
316709     DEBUG Test worker     d.u.i.k.n.KeyIO           Load declarations of de.uka.ilkd.key.nparser.KeyAst$File:  <unknown>:1#1 
316709     INFO  Test worker     d.u.i.k.n.KeyIO           MODE: declarations took 0 ms 
316709     DEBUG Test worker     d.u.i.k.n.KeyIO           MODE: 2nd degree decls took 0 
316709     INFO  Test worker     d.u.i.k.n.KeyIO           Parsing took 0 ms 
316709     DEBUG Test worker     d.u.i.k.n.KeyIO           Load declarations of de.uka.ilkd.key.nparser.KeyAst$File:  <unknown>:1#1 
316709     INFO  Test worker     d.u.i.k.n.KeyIO           MODE: declarations took 0 ms 
316709     DEBUG Test worker     d.u.i.k.n.KeyIO           MODE: 2nd degree decls took 0 
316709     INFO  Test worker     d.u.i.k.n.KeyIO           Parsing took 0 ms 
316709     DEBUG Test worker     d.u.i.k.n.KeyIO           Load declarations of de.uka.ilkd.key.nparser.KeyAst$File:  <unknown>:1#1 
316709     INFO  Test worker     d.u.i.k.n.KeyIO           MODE: declarations took 0 ms 
316709     DEBUG Test worker     d.u.i.k.n.KeyIO           MODE: 2nd degree decls took 0 
319191     INFO  Test worker     d.u.i.k.n.KeyIO           Parsing took 0 ms 
319191     DEBUG Test worker     d.u.i.k.n.KeyIO           Load declarations of de.uka.ilkd.key.nparser.KeyAst$File:  <unknown>:1#1 
319191     INFO  Test worker     d.u.i.k.n.KeyIO           MODE: declarations took 0 ms 
319191     DEBUG Test worker     d.u.i.k.n.KeyIO           MODE: 2nd degree decls took 0 
319191     INFO  Test worker     d.u.i.k.n.KeyIO           Parsing took 0 ms 
319191     DEBUG Test worker     d.u.i.k.n.KeyIO           Load declarations of de.uka.ilkd.key.nparser.KeyAst$File:  <unknown>:1#1 
319191     INFO  Test worker     d.u.i.k.n.KeyIO           MODE: declarations took 0 ms 
319191     DEBUG Test worker     d.u.i.k.n.KeyIO           MODE: 2nd degree decls took 0 
319191     INFO  Test worker     d.u.i.k.n.KeyIO           Parsing took 0 ms 
319191     DEBUG Test worker     d.u.i.k.n.KeyIO           Load declarations of de.uka.ilkd.key.nparser.KeyAst$File:  <unknown>:1#1 
319191     INFO  Test worker     d.u.i.k.n.KeyIO           MODE: declarations took 0 ms 
319191     DEBUG Test worker     d.u.i.k.n.KeyIO           MODE: 2nd degree decls took 0 
319191     INFO  Test worker     d.u.i.k.n.KeyIO           Parsing took 0 ms 
319191     DEBUG Test worker     d.u.i.k.n.KeyIO           Load declarations of de.uka.ilkd.key.nparser.KeyAst$File:  <unknown>:1#1 
319191     INFO  Test worker     d.u.i.k.n.KeyIO           MODE: declarations took 0 ms 
319191     DEBUG Test worker     d.u.i.k.n.KeyIO           MODE: 2nd degree decls took 0 
319191     INFO  Test worker     d.u.i.k.n.KeyIO           Parsing took 0 ms 
319191     DEBUG Test worker     d.u.i.k.n.KeyIO           Load declarations of de.uka.ilkd.key.nparser.KeyAst$File:  <unknown>:1#1 
319191     INFO  Test worker     d.u.i.k.n.KeyIO           MODE: declarations took 0 ms 
319191     DEBUG Test worker     d.u.i.k.n.KeyIO           MODE: 2nd degree decls took 0 
321671     INFO  Test worker     d.u.i.k.n.KeyIO           Parsing took 0 ms 
321671     DEBUG Test worker     d.u.i.k.n.KeyIO           Load declarations of de.uka.ilkd.key.nparser.KeyAst$File:  <unknown>:1#1 
321671     INFO  Test worker     d.u.i.k.n.KeyIO           MODE: declarations took 0 ms 
321671     DEBUG Test worker     d.u.i.k.n.KeyIO           MODE: 2nd degree decls took 0 
321671     INFO  Test worker     d.u.i.k.n.KeyIO           Parsing took 0 ms 
321671     DEBUG Test worker     d.u.i.k.n.KeyIO           Load declarations of de.uka.ilkd.key.nparser.KeyAst$File:  <unknown>:1#1 
321671     INFO  Test worker     d.u.i.k.n.KeyIO           MODE: declarations took 0 ms 
321671     DEBUG Test worker     d.u.i.k.n.KeyIO           MODE: 2nd degree decls took 0 
321671     INFO  Test worker     d.u.i.k.n.KeyIO           Parsing took 0 ms 
321671     DEBUG Test worker     d.u.i.k.n.KeyIO           Load declarations of de.uka.ilkd.key.nparser.KeyAst$File:  <unknown>:1#1 
321671     INFO  Test worker     d.u.i.k.n.KeyIO           MODE: declarations took 0 ms 
321671     DEBUG Test worker     d.u.i.k.n.KeyIO           MODE: 2nd degree decls took 0 
321671     INFO  Test worker     d.u.i.k.n.KeyIO           Parsing took 0 ms 
321671     DEBUG Test worker     d.u.i.k.n.KeyIO           Load declarations of de.uka.ilkd.key.nparser.KeyAst$File:  <unknown>:1#1 
321671     INFO  Test worker     d.u.i.k.n.KeyIO           MODE: declarations took 0 ms 
321671     DEBUG Test worker     d.u.i.k.n.KeyIO           MODE: 2nd degree decls took 0 
321671     INFO  Test worker     d.u.i.k.n.KeyIO           Parsing took 0 ms 
321671     DEBUG Test worker     d.u.i.k.n.KeyIO           Load declarations of de.uka.ilkd.key.nparser.KeyAst$File:  <unknown>:1#1 
321671     INFO  Test worker     d.u.i.k.n.KeyIO           MODE: declarations took 0 ms 
321671     DEBUG Test worker     d.u.i.k.n.KeyIO           MODE: 2nd degree decls took 0 
324135     INFO  Test worker     d.u.i.k.n.KeyIO           Parsing took 0 ms 
324135     DEBUG Test worker     d.u.i.k.n.KeyIO           Load declarations of de.uka.ilkd.key.nparser.KeyAst$File:  <unknown>:1#1 
324135     INFO  Test worker     d.u.i.k.n.KeyIO           MODE: declarations took 0 ms 
324135     DEBUG Test worker     d.u.i.k.n.KeyIO           MODE: 2nd degree decls took 0 
324135     INFO  Test worker     d.u.i.k.n.KeyIO           Parsing took 0 ms 
324135     DEBUG Test worker     d.u.i.k.n.KeyIO           Load declarations of de.uka.ilkd.key.nparser.KeyAst$File:  <unknown>:1#1 
324135     INFO  Test worker     d.u.i.k.n.KeyIO           MODE: declarations took 0 ms 
324135     DEBUG Test worker     d.u.i.k.n.KeyIO           MODE: 2nd degree decls took 0 
324135     INFO  Test worker     d.u.i.k.n.KeyIO           Parsing took 0 ms 
324135     DEBUG Test worker     d.u.i.k.n.KeyIO           Load declarations of de.uka.ilkd.key.nparser.KeyAst$File:  <unknown>:1#1 
324135     INFO  Test worker     d.u.i.k.n.KeyIO           MODE: declarations took 0 ms 
324135     DEBUG Test worker     d.u.i.k.n.KeyIO           MODE: 2nd degree decls took 0 
324135     INFO  Test worker     d.u.i.k.n.KeyIO           Parsing took 0 ms 
324135     DEBUG Test worker     d.u.i.k.n.KeyIO           Load declarations of de.uka.ilkd.key.nparser.KeyAst$File:  <unknown>:1#1 
324135     INFO  Test worker     d.u.i.k.n.KeyIO           MODE: declarations took 0 ms 
324135     DEBUG Test worker     d.u.i.k.n.KeyIO           MODE: 2nd degree decls took 0 
324135     INFO  Test worker     d.u.i.k.n.KeyIO           Parsing took 0 ms 
324135     DEBUG Test worker     d.u.i.k.n.KeyIO           Load declarations of de.uka.ilkd.key.nparser.KeyAst$File:  <unknown>:1#1 
324135     INFO  Test worker     d.u.i.k.n.KeyIO           MODE: declarations took 0 ms 
324135     DEBUG Test worker     d.u.i.k.n.KeyIO           MODE: 2nd degree decls took 0 
326607     INFO  Test worker     d.u.i.k.n.KeyIO           Parsing took 0 ms 
326607     DEBUG Test worker     d.u.i.k.n.KeyIO           Load declarations of de.uka.ilkd.key.nparser.KeyAst$File:  <unknown>:1#1 
326608     INFO  Test worker     d.u.i.k.n.KeyIO           MODE: declarations took 0 ms 
326608     DEBUG Test worker     d.u.i.k.n.KeyIO           MODE: 2nd degree decls took 0 
326608     INFO  Test worker     d.u.i.k.n.KeyIO           Parsing took 0 ms 
326608     DEBUG Test worker     d.u.i.k.n.KeyIO           Load declarations of de.uka.ilkd.key.nparser.KeyAst$File:  <unknown>:1#1 
326608     INFO  Test worker     d.u.i.k.n.KeyIO           MODE: declarations took 0 ms 
326608     DEBUG Test worker     d.u.i.k.n.KeyIO           MODE: 2nd degree decls took 0 
326608     INFO  Test worker     d.u.i.k.n.KeyIO           Parsing took 0 ms 
326608     DEBUG Test worker     d.u.i.k.n.KeyIO           Load declarations of de.uka.ilkd.key.nparser.KeyAst$File:  <unknown>:1#1 
326608     INFO  Test worker     d.u.i.k.n.KeyIO           MODE: declarations took 0 ms 
326608     DEBUG Test worker     d.u.i.k.n.KeyIO           MODE: 2nd degree decls took 0 
326608     INFO  Test worker     d.u.i.k.n.KeyIO           Parsing took 0 ms 
326608     DEBUG Test worker     d.u.i.k.n.KeyIO           Load declarations of de.uka.ilkd.key.nparser.KeyAst$File:  <unknown>:1#1 
326608     INFO  Test worker     d.u.i.k.n.KeyIO           MODE: declarations took 0 ms 
326608     DEBUG Test worker     d.u.i.k.n.KeyIO           MODE: 2nd degree decls took 0 
326608     INFO  Test worker     d.u.i.k.n.KeyIO           Parsing took 0 ms 
326608     DEBUG Test worker     d.u.i.k.n.KeyIO           Load declarations of de.uka.ilkd.key.nparser.KeyAst$File:  <unknown>:1#1 
326608     INFO  Test worker     d.u.i.k.n.KeyIO           MODE: declarations took 0 ms 
326608     DEBUG Test worker     d.u.i.k.n.KeyIO           MODE: 2nd degree decls took 0 
329093     INFO  Test worker     d.u.i.k.n.KeyIO           Parsing took 0 ms 
329093     DEBUG Test worker     d.u.i.k.n.KeyIO           Load declarations of de.uka.ilkd.key.nparser.KeyAst$File:  <unknown>:1#1 
329093     INFO  Test worker     d.u.i.k.n.KeyIO           MODE: declarations took 0 ms 
329093     DEBUG Test worker     d.u.i.k.n.KeyIO           MODE: 2nd degree decls took 0 
329093     INFO  Test worker     d.u.i.k.n.KeyIO           Parsing took 0 ms 
329093     DEBUG Test worker     d.u.i.k.n.KeyIO           Load declarations of de.uka.ilkd.key.nparser.KeyAst$File:  <unknown>:1#1 
329093     INFO  Test worker     d.u.i.k.n.KeyIO           MODE: declarations took 0 ms 
329093     DEBUG Test worker     d.u.i.k.n.KeyIO           MODE: 2nd degree decls took 0 
329093     INFO  Test worker     d.u.i.k.n.KeyIO           Parsing took 0 ms 
329093     DEBUG Test worker     d.u.i.k.n.KeyIO           Load declarations of de.uka.ilkd.key.nparser.KeyAst$File:  <unknown>:1#1 
329093     INFO  Test worker     d.u.i.k.n.KeyIO           MODE: declarations took 0 ms 
329093     DEBUG Test worker     d.u.i.k.n.KeyIO           MODE: 2nd degree decls took 0 
329093     INFO  Test worker     d.u.i.k.n.KeyIO           Parsing took 0 ms 
329093     DEBUG Test worker     d.u.i.k.n.KeyIO           Load declarations of de.uka.ilkd.key.nparser.KeyAst$File:  <unknown>:1#1 
329093     INFO  Test worker     d.u.i.k.n.KeyIO           MODE: declarations took 0 ms 
329093     DEBUG Test worker     d.u.i.k.n.KeyIO           MODE: 2nd degree decls took 0 
329093     INFO  Test worker     d.u.i.k.n.KeyIO           Parsing took 0 ms 
329093     DEBUG Test worker     d.u.i.k.n.KeyIO           Load declarations of de.uka.ilkd.key.nparser.KeyAst$File:  <unknown>:1#1 
329093     INFO  Test worker     d.u.i.k.n.KeyIO           MODE: declarations took 0 ms 
329093     DEBUG Test worker     d.u.i.k.n.KeyIO           MODE: 2nd degree decls took 0 
331574     INFO  Test worker     d.u.i.k.n.KeyIO           Parsing took 0 ms 
331574     DEBUG Test worker     d.u.i.k.n.KeyIO           Load declarations of de.uka.ilkd.key.nparser.KeyAst$File:  <unknown>:1#1 
331574     INFO  Test worker     d.u.i.k.n.KeyIO           MODE: declarations took 0 ms 
331574     DEBUG Test worker     d.u.i.k.n.KeyIO           MODE: 2nd degree decls took 0 
331574     INFO  Test worker     d.u.i.k.n.KeyIO           Parsing took 0 ms 
331574     DEBUG Test worker     d.u.i.k.n.KeyIO           Load declarations of de.uka.ilkd.key.nparser.KeyAst$File:  <unknown>:1#1 
331574     INFO  Test worker     d.u.i.k.n.KeyIO           MODE: declarations took 0 ms 
331574     DEBUG Test worker     d.u.i.k.n.KeyIO           MODE: 2nd degree decls took 0 
331574     INFO  Test worker     d.u.i.k.n.KeyIO           Parsing took 0 ms 
331574     DEBUG Test worker     d.u.i.k.n.KeyIO           Load declarations of de.uka.ilkd.key.nparser.KeyAst$File:  <unknown>:1#1 
331574     INFO  Test worker     d.u.i.k.n.KeyIO           MODE: declarations took 0 ms 
331574     DEBUG Test worker     d.u.i.k.n.KeyIO           MODE: 2nd degree decls took 0 
331574     INFO  Test worker     d.u.i.k.n.KeyIO           Parsing took 0 ms 
331574     DEBUG Test worker     d.u.i.k.n.KeyIO           Load declarations of de.uka.ilkd.key.nparser.KeyAst$File:  <unknown>:1#1 
331574     INFO  Test worker     d.u.i.k.n.KeyIO           MODE: declarations took 0 ms 
331574     DEBUG Test worker     d.u.i.k.n.KeyIO           MODE: 2nd degree decls took 0 
331574     INFO  Test worker     d.u.i.k.n.KeyIO           Parsing took 0 ms 
331574     DEBUG Test worker     d.u.i.k.n.KeyIO           Load declarations of de.uka.ilkd.key.nparser.KeyAst$File:  <unknown>:1#1 
331574     INFO  Test worker     d.u.i.k.n.KeyIO           MODE: declarations took 0 ms 
331574     DEBUG Test worker     d.u.i.k.n.KeyIO           MODE: 2nd degree decls took 0 
334063     INFO  Test worker     d.u.i.k.n.KeyIO           Parsing took 0 ms 
334063     DEBUG Test worker     d.u.i.k.n.KeyIO           Load declarations of de.uka.ilkd.key.nparser.KeyAst$File:  <unknown>:1#1 
334063     INFO  Test worker     d.u.i.k.n.KeyIO           MODE: declarations took 0 ms 
334063     DEBUG Test worker     d.u.i.k.n.KeyIO           MODE: 2nd degree decls took 0 
334063     INFO  Test worker     d.u.i.k.n.KeyIO           Parsing took 0 ms 
334063     DEBUG Test worker     d.u.i.k.n.KeyIO           Load declarations of de.uka.ilkd.key.nparser.KeyAst$File:  <unknown>:1#1 
334063     INFO  Test worker     d.u.i.k.n.KeyIO           MODE: declarations took 0 ms 
334063     DEBUG Test worker     d.u.i.k.n.KeyIO           MODE: 2nd degree decls took 0 
334063     INFO  Test worker     d.u.i.k.n.KeyIO           Parsing took 0 ms 
334063     DEBUG Test worker     d.u.i.k.n.KeyIO           Load declarations of de.uka.ilkd.key.nparser.KeyAst$File:  <unknown>:1#1 
334063     INFO  Test worker     d.u.i.k.n.KeyIO           MODE: declarations took 0 ms 
334063     DEBUG Test worker     d.u.i.k.n.KeyIO           MODE: 2nd degree decls took 0 
334063     INFO  Test worker     d.u.i.k.n.KeyIO           Parsing took 0 ms 
334063     DEBUG Test worker     d.u.i.k.n.KeyIO           Load declarations of de.uka.ilkd.key.nparser.KeyAst$File:  <unknown>:1#1 
334063     INFO  Test worker     d.u.i.k.n.KeyIO           MODE: declarations took 0 ms 
334063     DEBUG Test worker     d.u.i.k.n.KeyIO           MODE: 2nd degree decls took 0 
334064     INFO  Test worker     d.u.i.k.n.KeyIO           Parsing took 0 ms 
334064     DEBUG Test worker     d.u.i.k.n.KeyIO           Load declarations of de.uka.ilkd.key.nparser.KeyAst$File:  <unknown>:1#1 
334064     INFO  Test worker     d.u.i.k.n.KeyIO           MODE: declarations took 0 ms 
334064     DEBUG Test worker     d.u.i.k.n.KeyIO           MODE: 2nd degree decls took 0 
336529     INFO  Test worker     d.u.i.k.n.KeyIO           Parsing took 0 ms 
336529     DEBUG Test worker     d.u.i.k.n.KeyIO           Load declarations of de.uka.ilkd.key.nparser.KeyAst$File:  <unknown>:1#1 
336529     INFO  Test worker     d.u.i.k.n.KeyIO           MODE: declarations took 0 ms 
336529     DEBUG Test worker     d.u.i.k.n.KeyIO           MODE: 2nd degree decls took 0 
336529     INFO  Test worker     d.u.i.k.n.KeyIO           Parsing took 0 ms 
336529     DEBUG Test worker     d.u.i.k.n.KeyIO           Load declarations of de.uka.ilkd.key.nparser.KeyAst$File:  <unknown>:1#1 
336529     INFO  Test worker     d.u.i.k.n.KeyIO           MODE: declarations took 0 ms 
336529     DEBUG Test worker     d.u.i.k.n.KeyIO           MODE: 2nd degree decls took 0 
336529     INFO  Test worker     d.u.i.k.n.KeyIO           Parsing took 0 ms 
336529     DEBUG Test worker     d.u.i.k.n.KeyIO           Load declarations of de.uka.ilkd.key.nparser.KeyAst$File:  <unknown>:1#1 
336529     INFO  Test worker     d.u.i.k.n.KeyIO           MODE: declarations took 0 ms 
336529     DEBUG Test worker     d.u.i.k.n.KeyIO           MODE: 2nd degree decls took 0 
336529     INFO  Test worker     d.u.i.k.n.KeyIO           Parsing took 0 ms 
336529     DEBUG Test worker     d.u.i.k.n.KeyIO           Load declarations of de.uka.ilkd.key.nparser.KeyAst$File:  <unknown>:1#1 
336529     INFO  Test worker     d.u.i.k.n.KeyIO           MODE: declarations took 0 ms 
336530     DEBUG Test worker     d.u.i.k.n.KeyIO           MODE: 2nd degree decls took 0 
336530     INFO  Test worker     d.u.i.k.n.KeyIO           Parsing took 0 ms 
336530     DEBUG Test worker     d.u.i.k.n.KeyIO           Load declarations of de.uka.ilkd.key.nparser.KeyAst$File:  <unknown>:1#1 
336530     INFO  Test worker     d.u.i.k.n.KeyIO           MODE: declarations took 0 ms 
336530     DEBUG Test worker     d.u.i.k.n.KeyIO           MODE: 2nd degree decls took 0 
339006     INFO  Test worker     d.u.i.k.n.KeyIO           Parsing took 0 ms 
339007     DEBUG Test worker     d.u.i.k.n.KeyIO           Load declarations of de.uka.ilkd.key.nparser.KeyAst$File:  <unknown>:1#1 
339007     INFO  Test worker     d.u.i.k.n.KeyIO           MODE: declarations took 1 ms 
339007     DEBUG Test worker     d.u.i.k.n.KeyIO           MODE: 2nd degree decls took 0 
339007     INFO  Test worker     d.u.i.k.n.KeyIO           Parsing took 0 ms 
339007     DEBUG Test worker     d.u.i.k.n.KeyIO           Load declarations of de.uka.ilkd.key.nparser.KeyAst$File:  <unknown>:1#1 
339007     INFO  Test worker     d.u.i.k.n.KeyIO           MODE: declarations took 0 ms 
339007     DEBUG Test worker     d.u.i.k.n.KeyIO           MODE: 2nd degree decls took 0 
339007     INFO  Test worker     d.u.i.k.n.KeyIO           Parsing took 0 ms 
339007     DEBUG Test worker     d.u.i.k.n.KeyIO           Load declarations of de.uka.ilkd.key.nparser.KeyAst$File:  <unknown>:1#1 
339007     INFO  Test worker     d.u.i.k.n.KeyIO           MODE: declarations took 0 ms 
339007     DEBUG Test worker     d.u.i.k.n.KeyIO           MODE: 2nd degree decls took 0 
339007     INFO  Test worker     d.u.i.k.n.KeyIO           Parsing took 0 ms 
339007     DEBUG Test worker     d.u.i.k.n.KeyIO           Load declarations of de.uka.ilkd.key.nparser.KeyAst$File:  <unknown>:1#1 
339007     INFO  Test worker     d.u.i.k.n.KeyIO           MODE: declarations took 0 ms 
339007     DEBUG Test worker     d.u.i.k.n.KeyIO           MODE: 2nd degree decls took 0 
339007     INFO  Test worker     d.u.i.k.n.KeyIO           Parsing took 0 ms 
339007     DEBUG Test worker     d.u.i.k.n.KeyIO           Load declarations of de.uka.ilkd.key.nparser.KeyAst$File:  <unknown>:1#1 
339007     INFO  Test worker     d.u.i.k.n.KeyIO           MODE: declarations took 0 ms 
339007     DEBUG Test worker     d.u.i.k.n.KeyIO           MODE: 2nd degree decls took 0 
341478     INFO  Test worker     d.u.i.k.n.KeyIO           Parsing took 0 ms 
341479     DEBUG Test worker     d.u.i.k.n.KeyIO           Load declarations of de.uka.ilkd.key.nparser.KeyAst$File:  <unknown>:1#1 
341479     INFO  Test worker     d.u.i.k.n.KeyIO           MODE: declarations took 0 ms 
341479     DEBUG Test worker     d.u.i.k.n.KeyIO           MODE: 2nd degree decls took 0 
341479     INFO  Test worker     d.u.i.k.n.KeyIO           Parsing took 0 ms 
341479     DEBUG Test worker     d.u.i.k.n.KeyIO           Load declarations of de.uka.ilkd.key.nparser.KeyAst$File:  <unknown>:1#1 
341479     INFO  Test worker     d.u.i.k.n.KeyIO           MODE: declarations took 0 ms 
341479     DEBUG Test worker     d.u.i.k.n.KeyIO           MODE: 2nd degree decls took 0 
341479     INFO  Test worker     d.u.i.k.n.KeyIO           Parsing took 0 ms 
341479     DEBUG Test worker     d.u.i.k.n.KeyIO           Load declarations of de.uka.ilkd.key.nparser.KeyAst$File:  <unknown>:1#1 
341479     INFO  Test worker     d.u.i.k.n.KeyIO           MODE: declarations took 0 ms 
341479     DEBUG Test worker     d.u.i.k.n.KeyIO           MODE: 2nd degree decls took 0 
341479     INFO  Test worker     d.u.i.k.n.KeyIO           Parsing took 0 ms 
341479     DEBUG Test worker     d.u.i.k.n.KeyIO           Load declarations of de.uka.ilkd.key.nparser.KeyAst$File:  <unknown>:1#1 
341479     INFO  Test worker     d.u.i.k.n.KeyIO           MODE: declarations took 0 ms 
341479     DEBUG Test worker     d.u.i.k.n.KeyIO           MODE: 2nd degree decls took 0 
341479     INFO  Test worker     d.u.i.k.n.KeyIO           Parsing took 0 ms 
341479     DEBUG Test worker     d.u.i.k.n.KeyIO           Load declarations of de.uka.ilkd.key.nparser.KeyAst$File:  <unknown>:1#1 
341479     INFO  Test worker     d.u.i.k.n.KeyIO           MODE: declarations took 0 ms 
341479     DEBUG Test worker     d.u.i.k.n.KeyIO           MODE: 2nd degree decls took 0 
343954     INFO  Test worker     d.u.i.k.n.KeyIO           Parsing took 0 ms 
343954     DEBUG Test worker     d.u.i.k.n.KeyIO           Load declarations of de.uka.ilkd.key.nparser.KeyAst$File:  <unknown>:1#1 
343954     INFO  Test worker     d.u.i.k.n.KeyIO           MODE: declarations took 0 ms 
343954     DEBUG Test worker     d.u.i.k.n.KeyIO           MODE: 2nd degree decls took 0 
343954     INFO  Test worker     d.u.i.k.n.KeyIO           Parsing took 0 ms 
343954     DEBUG Test worker     d.u.i.k.n.KeyIO           Load declarations of de.uka.ilkd.key.nparser.KeyAst$File:  <unknown>:1#1 
343954     INFO  Test worker     d.u.i.k.n.KeyIO           MODE: declarations took 0 ms 
343954     DEBUG Test worker     d.u.i.k.n.KeyIO           MODE: 2nd degree decls took 0 
343954     INFO  Test worker     d.u.i.k.n.KeyIO           Parsing took 0 ms 
343954     DEBUG Test worker     d.u.i.k.n.KeyIO           Load declarations of de.uka.ilkd.key.nparser.KeyAst$File:  <unknown>:1#1 
343954     INFO  Test worker     d.u.i.k.n.KeyIO           MODE: declarations took 0 ms 
343954     DEBUG Test worker     d.u.i.k.n.KeyIO           MODE: 2nd degree decls took 0 
343954     INFO  Test worker     d.u.i.k.n.KeyIO           Parsing took 0 ms 
343954     DEBUG Test worker     d.u.i.k.n.KeyIO           Load declarations of de.uka.ilkd.key.nparser.KeyAst$File:  <unknown>:1#1 
343954     INFO  Test worker     d.u.i.k.n.KeyIO           MODE: declarations took 0 ms 
343954     DEBUG Test worker     d.u.i.k.n.KeyIO           MODE: 2nd degree decls took 0 
343954     INFO  Test worker     d.u.i.k.n.KeyIO           Parsing took 0 ms 
343954     DEBUG Test worker     d.u.i.k.n.KeyIO           Load declarations of de.uka.ilkd.key.nparser.KeyAst$File:  <unknown>:1#1 
343954     INFO  Test worker     d.u.i.k.n.KeyIO           MODE: declarations took 0 ms 
343954     DEBUG Test worker     d.u.i.k.n.KeyIO           MODE: 2nd degree decls took 0 
346425     INFO  Test worker     d.u.i.k.n.KeyIO           Parsing took 0 ms 
346425     DEBUG Test worker     d.u.i.k.n.KeyIO           Load declarations of de.uka.ilkd.key.nparser.KeyAst$File:  <unknown>:1#1 
346425     INFO  Test worker     d.u.i.k.n.KeyIO           MODE: declarations took 0 ms 
346425     DEBUG Test worker     d.u.i.k.n.KeyIO           MODE: 2nd degree decls took 0 
346426     INFO  Test worker     d.u.i.k.n.KeyIO           Parsing took 1 ms 
346426     DEBUG Test worker     d.u.i.k.n.KeyIO           Load declarations of de.uka.ilkd.key.nparser.KeyAst$File:  <unknown>:1#1 
346426     INFO  Test worker     d.u.i.k.n.KeyIO           MODE: declarations took 0 ms 
346426     DEBUG Test worker     d.u.i.k.n.KeyIO           MODE: 2nd degree decls took 0 
346426     INFO  Test worker     d.u.i.k.n.KeyIO           Parsing took 0 ms 
346426     DEBUG Test worker     d.u.i.k.n.KeyIO           Load declarations of de.uka.ilkd.key.nparser.KeyAst$File:  <unknown>:1#1 
346426     INFO  Test worker     d.u.i.k.n.KeyIO           MODE: declarations took 0 ms 
346426     DEBUG Test worker     d.u.i.k.n.KeyIO           MODE: 2nd degree decls took 0 
346426     INFO  Test worker     d.u.i.k.n.KeyIO           Parsing took 0 ms 
346426     DEBUG Test worker     d.u.i.k.n.KeyIO           Load declarations of de.uka.ilkd.key.nparser.KeyAst$File:  <unknown>:1#1 
346426     INFO  Test worker     d.u.i.k.n.KeyIO           MODE: declarations took 0 ms 
346426     DEBUG Test worker     d.u.i.k.n.KeyIO           MODE: 2nd degree decls took 0 
346426     INFO  Test worker     d.u.i.k.n.KeyIO           Parsing took 0 ms 
346426     DEBUG Test worker     d.u.i.k.n.KeyIO           Load declarations of de.uka.ilkd.key.nparser.KeyAst$File:  <unknown>:1#1 
346426     INFO  Test worker     d.u.i.k.n.KeyIO           MODE: declarations took 0 ms 
346426     DEBUG Test worker     d.u.i.k.n.KeyIO           MODE: 2nd degree decls took 0 
348900     INFO  Test worker     d.u.i.k.n.KeyIO           Parsing took 0 ms 
348900     DEBUG Test worker     d.u.i.k.n.KeyIO           Load declarations of de.uka.ilkd.key.nparser.KeyAst$File:  <unknown>:1#1 
348900     INFO  Test worker     d.u.i.k.n.KeyIO           MODE: declarations took 0 ms 
348900     DEBUG Test worker     d.u.i.k.n.KeyIO           MODE: 2nd degree decls took 0 
348900     INFO  Test worker     d.u.i.k.n.KeyIO           Parsing took 0 ms 
348900     DEBUG Test worker     d.u.i.k.n.KeyIO           Load declarations of de.uka.ilkd.key.nparser.KeyAst$File:  <unknown>:1#1 
348901     INFO  Test worker     d.u.i.k.n.KeyIO           MODE: declarations took 1 ms 
348901     DEBUG Test worker     d.u.i.k.n.KeyIO           MODE: 2nd degree decls took 0 
348901     INFO  Test worker     d.u.i.k.n.KeyIO           Parsing took 0 ms 
348901     DEBUG Test worker     d.u.i.k.n.KeyIO           Load declarations of de.uka.ilkd.key.nparser.KeyAst$File:  <unknown>:1#1 
348901     INFO  Test worker     d.u.i.k.n.KeyIO           MODE: declarations took 0 ms 
348901     DEBUG Test worker     d.u.i.k.n.KeyIO           MODE: 2nd degree decls took 0 
348901     INFO  Test worker     d.u.i.k.n.KeyIO           Parsing took 0 ms 
348901     DEBUG Test worker     d.u.i.k.n.KeyIO           Load declarations of de.uka.ilkd.key.nparser.KeyAst$File:  <unknown>:1#1 
348901     INFO  Test worker     d.u.i.k.n.KeyIO           MODE: declarations took 0 ms 
348901     DEBUG Test worker     d.u.i.k.n.KeyIO           MODE: 2nd degree decls took 0 
348901     INFO  Test worker     d.u.i.k.n.KeyIO           Parsing took 0 ms 
348901     DEBUG Test worker     d.u.i.k.n.KeyIO           Load declarations of de.uka.ilkd.key.nparser.KeyAst$File:  <unknown>:1#1 
348901     INFO  Test worker     d.u.i.k.n.KeyIO           MODE: declarations took 0 ms 
348901     DEBUG Test worker     d.u.i.k.n.KeyIO           MODE: 2nd degree decls took 0 
351376     INFO  Test worker     d.u.i.k.n.KeyIO           Parsing took 0 ms 
351376     DEBUG Test worker     d.u.i.k.n.KeyIO           Load declarations of de.uka.ilkd.key.nparser.KeyAst$File:  <unknown>:1#1 
351376     INFO  Test worker     d.u.i.k.n.KeyIO           MODE: declarations took 0 ms 
351376     DEBUG Test worker     d.u.i.k.n.KeyIO           MODE: 2nd degree decls took 0 
351376     INFO  Test worker     d.u.i.k.n.KeyIO           Parsing took 0 ms 
351376     DEBUG Test worker     d.u.i.k.n.KeyIO           Load declarations of de.uka.ilkd.key.nparser.KeyAst$File:  <unknown>:1#1 
351376     INFO  Test worker     d.u.i.k.n.KeyIO           MODE: declarations took 0 ms 
351376     DEBUG Test worker     d.u.i.k.n.KeyIO           MODE: 2nd degree decls took 0 
351376     INFO  Test worker     d.u.i.k.n.KeyIO           Parsing took 0 ms 
351376     DEBUG Test worker     d.u.i.k.n.KeyIO           Load declarations of de.uka.ilkd.key.nparser.KeyAst$File:  <unknown>:1#1 
351376     INFO  Test worker     d.u.i.k.n.KeyIO           MODE: declarations took 0 ms 
351376     DEBUG Test worker     d.u.i.k.n.KeyIO           MODE: 2nd degree decls took 0 
351376     INFO  Test worker     d.u.i.k.n.KeyIO           Parsing took 0 ms 
351376     DEBUG Test worker     d.u.i.k.n.KeyIO           Load declarations of de.uka.ilkd.key.nparser.KeyAst$File:  <unknown>:1#1 
351376     INFO  Test worker     d.u.i.k.n.KeyIO           MODE: declarations took 0 ms 
351376     DEBUG Test worker     d.u.i.k.n.KeyIO           MODE: 2nd degree decls took 0 
351376     INFO  Test worker     d.u.i.k.n.KeyIO           Parsing took 0 ms 
351376     DEBUG Test worker     d.u.i.k.n.KeyIO           Load declarations of de.uka.ilkd.key.nparser.KeyAst$File:  <unknown>:1#1 
351376     INFO  Test worker     d.u.i.k.n.KeyIO           MODE: declarations took 0 ms 
351376     DEBUG Test worker     d.u.i.k.n.KeyIO           MODE: 2nd degree decls took 0 
353838     INFO  Test worker     d.u.i.k.n.KeyIO           Parsing took 0 ms 
353838     DEBUG Test worker     d.u.i.k.n.KeyIO           Load declarations of de.uka.ilkd.key.nparser.KeyAst$File:  <unknown>:1#1 
353838     INFO  Test worker     d.u.i.k.n.KeyIO           MODE: declarations took 0 ms 
353838     DEBUG Test worker     d.u.i.k.n.KeyIO           MODE: 2nd degree decls took 0 
353838     INFO  Test worker     d.u.i.k.n.KeyIO           Parsing took 0 ms 
353838     DEBUG Test worker     d.u.i.k.n.KeyIO           Load declarations of de.uka.ilkd.key.nparser.KeyAst$File:  <unknown>:1#1 
353838     INFO  Test worker     d.u.i.k.n.KeyIO           MODE: declarations took 0 ms 
353838     DEBUG Test worker     d.u.i.k.n.KeyIO           MODE: 2nd degree decls took 0 
353838     INFO  Test worker     d.u.i.k.n.KeyIO           Parsing took 0 ms 
353838     DEBUG Test worker     d.u.i.k.n.KeyIO           Load declarations of de.uka.ilkd.key.nparser.KeyAst$File:  <unknown>:1#1 
353838     INFO  Test worker     d.u.i.k.n.KeyIO           MODE: declarations took 0 ms 
353838     DEBUG Test worker     d.u.i.k.n.KeyIO           MODE: 2nd degree decls took 0 
353838     INFO  Test worker     d.u.i.k.n.KeyIO           Parsing took 0 ms 
353838     DEBUG Test worker     d.u.i.k.n.KeyIO           Load declarations of de.uka.ilkd.key.nparser.KeyAst$File:  <unknown>:1#1 
353838     INFO  Test worker     d.u.i.k.n.KeyIO           MODE: declarations took 0 ms 
353838     DEBUG Test worker     d.u.i.k.n.KeyIO           MODE: 2nd degree decls took 0 
353838     INFO  Test worker     d.u.i.k.n.KeyIO           Parsing took 0 ms 
353838     DEBUG Test worker     d.u.i.k.n.KeyIO           Load declarations of de.uka.ilkd.key.nparser.KeyAst$File:  <unknown>:1#1 
353838     INFO  Test worker     d.u.i.k.n.KeyIO           MODE: declarations took 0 ms 
353838     DEBUG Test worker     d.u.i.k.n.KeyIO           MODE: 2nd degree decls took 0 
356329     INFO  Test worker     d.u.i.k.n.KeyIO           Parsing took 0 ms 
356329     DEBUG Test worker     d.u.i.k.n.KeyIO           Load declarations of de.uka.ilkd.key.nparser.KeyAst$File:  <unknown>:1#1 
356329     INFO  Test worker     d.u.i.k.n.KeyIO           MODE: declarations took 0 ms 
356329     DEBUG Test worker     d.u.i.k.n.KeyIO           MODE: 2nd degree decls took 0 
356329     INFO  Test worker     d.u.i.k.n.KeyIO           Parsing took 0 ms 
356329     DEBUG Test worker     d.u.i.k.n.KeyIO           Load declarations of de.uka.ilkd.key.nparser.KeyAst$File:  <unknown>:1#1 
356329     INFO  Test worker     d.u.i.k.n.KeyIO           MODE: declarations took 0 ms 
356329     DEBUG Test worker     d.u.i.k.n.KeyIO           MODE: 2nd degree decls took 0 
356329     INFO  Test worker     d.u.i.k.n.KeyIO           Parsing took 0 ms 
356329     DEBUG Test worker     d.u.i.k.n.KeyIO           Load declarations of de.uka.ilkd.key.nparser.KeyAst$File:  <unknown>:1#1 
356329     INFO  Test worker     d.u.i.k.n.KeyIO           MODE: declarations took 0 ms 
356329     DEBUG Test worker     d.u.i.k.n.KeyIO           MODE: 2nd degree decls took 0 
356329     INFO  Test worker     d.u.i.k.n.KeyIO           Parsing took 0 ms 
356329     DEBUG Test worker     d.u.i.k.n.KeyIO           Load declarations of de.uka.ilkd.key.nparser.KeyAst$File:  <unknown>:1#1 
356329     INFO  Test worker     d.u.i.k.n.KeyIO           MODE: declarations took 0 ms 
356329     DEBUG Test worker     d.u.i.k.n.KeyIO           MODE: 2nd degree decls took 0 
356329     INFO  Test worker     d.u.i.k.n.KeyIO           Parsing took 0 ms 
356329     DEBUG Test worker     d.u.i.k.n.KeyIO           Load declarations of de.uka.ilkd.key.nparser.KeyAst$File:  <unknown>:1#1 
356329     INFO  Test worker     d.u.i.k.n.KeyIO           MODE: declarations took 0 ms 
356329     DEBUG Test worker     d.u.i.k.n.KeyIO           MODE: 2nd degree decls took 0 
]]></system-out>
  <system-err><![CDATA[]]></system-err>
</testsuite>
