<?xml version="1.0" encoding="UTF-8"?>
<testsuite name="de.uka.ilkd.key.testcase.smt.testgen.TestTestgen" tests="1" skipped="0" failures="0" errors="0" timestamp="2023-06-06T12:30:29" hostname="fv-az618-761" time="5.306">
  <properties/>
  <testcase name="testMiddle()" classname="de.uka.ilkd.key.testcase.smt.testgen.TestTestgen" time="5.306"/>
  <system-out><![CDATA[20026      WARN  Test worker     d.u.i.k.t.s.t.TestTestgen Warning: Z3_CE is not installed, tests skipped. 
20026      WARN  Test worker     d.u.i.k.t.s.t.TestTestgen Maybe use JVM system property "z3SolverPath" to define the path to the Z3 command. 
20026      INFO  Test worker     d.u.i.k.p.i.AbstractProblemLoader Loading environment from src\test\resources\testcase\smt\tg\middle.key 
20026      DEBUG Test worker     d.u.i.k.p.i.AbstractProblemLoader Environment load took 243.5ns 
20026      INFO  Test worker     d.u.i.k.p.i.AbstractProblemLoader Creating init config 
24639      DEBUG Test worker     d.u.i.k.p.i.AbstractProblemLoader Init config took 4.61s 
24733      INFO  Test worker     d.u.i.k.p.i.AbstractProblemLoader Replaying proof Middle[Middle::middle(int,int,int)].JML normal_behavior operation contract.0 
24749      DEBUG Test worker     d.u.i.k.p.i.IntermediateProofReplayer Proof replay took 16.9ns 
]]></system-out>
  <system-err><![CDATA[]]></system-err>
</testsuite>
