<?xml version="1.0" encoding="UTF-8"?>
<testsuite name="de.uka.ilkd.key.java.ProofJavaProgramFactoryTest" tests="5" skipped="0" failures="0" errors="0" timestamp="2023-02-01T20:09:06" hostname="fv-az359-62" time="13.162">
  <properties/>
  <testcase name="testAttachCommentsCompilationUnit_LockSpec()" classname="de.uka.ilkd.key.java.ProofJavaProgramFactoryTest" time="0.657"/>
  <testcase name="testAttachCommentsCompilationUnit_AssertsFalse()" classname="de.uka.ilkd.key.java.ProofJavaProgramFactoryTest" time="0.06"/>
  <testcase name="testAttachCommentsCompilationUnit_Steinhofel1()" classname="de.uka.ilkd.key.java.ProofJavaProgramFactoryTest" time="0.083"/>
  <testcase name="testAttachCommentsCompilationUnit_SetStatements()" classname="de.uka.ilkd.key.java.ProofJavaProgramFactoryTest" time="0.086"/>
  <testcase name="testAttachCommentsCompilationUnit_SmansEtAlArrayList()" classname="de.uka.ilkd.key.java.ProofJavaProgramFactoryTest" time="0.133"/>
  <system-out><![CDATA[20:08:58,947 |-INFO in ch.qos.logback.classic.LoggerContext[default] - Could NOT find resource [logback-test.xml]
20:08:58,948 |-INFO in ch.qos.logback.classic.LoggerContext[default] - Found resource [logback.xml] at [file:/home/runner/work/key/key/key.core/build/resources/test/logback.xml]
20:08:59,025 |-INFO in ch.qos.logback.classic.joran.action.ConfigurationAction - debug attribute not set
20:08:59,026 |-INFO in ch.qos.logback.core.joran.action.AppenderAction - About to instantiate appender of type [ch.qos.logback.core.ConsoleAppender]
20:08:59,030 |-INFO in ch.qos.logback.core.joran.action.AppenderAction - Naming appender as [STDOUT]
20:08:59,034 |-ERROR in ch.qos.logback.core.joran.spi.Interpreter@3:15 - no applicable action for [file], current ElementPath  is [[configuration][appender][file]]
20:08:59,034 |-ERROR in ch.qos.logback.core.joran.spi.Interpreter@4:17 - no applicable action for [append], current ElementPath  is [[configuration][appender][append]]
20:08:59,035 |-INFO in ch.qos.logback.core.joran.action.NestedComplexPropertyIA - Assuming default type [ch.qos.logback.classic.encoder.PatternLayoutEncoder] for [encoder] property
20:08:59,051 |-INFO in ch.qos.logback.classic.joran.action.RootLoggerAction - Setting level of ROOT logger to WARN
20:08:59,051 |-INFO in ch.qos.logback.core.joran.action.AppenderRefAction - Attaching appender named [STDOUT] to Logger[ROOT]
20:08:59,051 |-INFO in ch.qos.logback.classic.joran.action.ConfigurationAction - End of configuration.
20:08:59,052 |-INFO in ch.qos.logback.classic.joran.JoranConfigurator@a0a9fa5 - Registering current configuration as safe fallback point

290        WARN  Test worker     d.u.i.k.s.ProofSettings   The settings in /home/runner/.key/proof-settings.props are *not* read. 
916        WARN  Test worker     d.u.i.k.s.ProofIndependentSettings The settings in /home/runner/.key/proofIndependentSettings.props are *not* read due to flag 'key.disregardSettings' 
]]></system-out>
  <system-err><![CDATA[]]></system-err>
</testsuite>
