<?xml version="1.0" encoding="UTF-8"?>
<testsuite name="de.uka.ilkd.key.testcase.smt.testgen.TestTestgen" tests="1" skipped="0" failures="0" errors="0" timestamp="2023-04-20T14:22:32" hostname="fv-az206-437" time="5.482">
  <properties/>
  <testcase name="testMiddle()" classname="de.uka.ilkd.key.testcase.smt.testgen.TestTestgen" time="5.482"/>
  <system-out><![CDATA[20330      WARN  Test worker     d.u.i.k.t.s.t.TestTestgen Warning: Z3_CE is not installed, tests skipped. 
20330      WARN  Test worker     d.u.i.k.t.s.t.TestTestgen Maybe use JVM system property "z3SolverPath" to define the path to the Z3 command. 
20330      INFO  Test worker     d.u.i.k.p.i.AbstractProblemLoader Loading environment from src\test\resources\testcase\smt\tg\middle.key 
20330      DEBUG Test worker     d.u.i.k.p.i.AbstractProblemLoader Environment load took 526.6ns 
20345      INFO  Test worker     d.u.i.k.p.i.AbstractProblemLoader Creating init config 
24769      DEBUG Test worker     d.u.i.k.p.i.AbstractProblemLoader Init config took 4.43s 
24894      INFO  Test worker     d.u.i.k.p.i.AbstractProblemLoader Replaying proof Middle[Middle::middle(int,int,int)].JML normal_behavior operation contract.0 
24910      DEBUG Test worker     d.u.i.k.p.i.IntermediateProofReplayer Proof replay took 18.8ns 
24972      DEBUG Test worker     d.u.i.k.j.JavaProgramElement Program match failed (pattern true;, source null;) 
24972      DEBUG Test worker     d.u.i.k.j.JavaProgramElement Program match failed (pattern false;, source null;) 
24972      DEBUG Test worker     d.u.i.k.j.JavaProgramElement Program match failed (pattern true;, source null;) 
24972      DEBUG Test worker     d.u.i.k.j.JavaProgramElement Program match failed (pattern false;, source null;) 
25004      DEBUG Test worker     d.u.i.k.j.JavaProgramElement Program match failed (pattern true;, source null;) 
25004      DEBUG Test worker     d.u.i.k.j.JavaProgramElement Program match failed (pattern false;, source null;) 
25004      DEBUG Test worker     d.u.i.k.j.JavaProgramElement Program match failed (pattern true;, source null;) 
25004      DEBUG Test worker     d.u.i.k.j.JavaProgramElement Program match failed (pattern false;, source null;) 
25019      DEBUG Test worker     d.u.i.k.j.JavaProgramElement Program match failed (pattern true;, source null;) 
25019      DEBUG Test worker     d.u.i.k.j.JavaProgramElement Program match failed (pattern false;, source null;) 
25019      DEBUG Test worker     d.u.i.k.j.JavaProgramElement Program match failed (pattern true;, source null;) 
25019      DEBUG Test worker     d.u.i.k.j.JavaProgramElement Program match failed (pattern false;, source null;) 
25035      DEBUG Test worker     d.u.i.k.j.JavaProgramElement Program match failed (pattern true;, source null;) 
25035      DEBUG Test worker     d.u.i.k.j.JavaProgramElement Program match failed (pattern false;, source null;) 
25035      DEBUG Test worker     d.u.i.k.j.JavaProgramElement Program match failed (pattern true;, source null;) 
25035      DEBUG Test worker     d.u.i.k.j.JavaProgramElement Program match failed (pattern false;, source null;) 
25035      DEBUG Test worker     d.u.i.k.j.JavaProgramElement Program match failed (pattern true;, source null;) 
25035      DEBUG Test worker     d.u.i.k.j.JavaProgramElement Program match failed (pattern false;, source null;) 
25035      DEBUG Test worker     d.u.i.k.j.JavaProgramElement Program match failed (pattern true;, source null;) 
25035      DEBUG Test worker     d.u.i.k.j.JavaProgramElement Program match failed (pattern false;, source null;) 
25035      DEBUG Test worker     d.u.i.k.j.JavaProgramElement Program match failed (pattern true;, source null;) 
25035      DEBUG Test worker     d.u.i.k.j.JavaProgramElement Program match failed (pattern false;, source null;) 
25035      DEBUG Test worker     d.u.i.k.j.JavaProgramElement Program match failed (pattern true;, source null;) 
25035      DEBUG Test worker     d.u.i.k.j.JavaProgramElement Program match failed (pattern false;, source null;) 
25035      DEBUG Test worker     d.u.i.k.j.JavaProgramElement Program match failed (pattern true;, source null;) 
25035      DEBUG Test worker     d.u.i.k.j.JavaProgramElement Program match failed (pattern false;, source null;) 
25035      DEBUG Test worker     d.u.i.k.j.JavaProgramElement Program match failed (pattern true;, source null;) 
25035      DEBUG Test worker     d.u.i.k.j.JavaProgramElement Program match failed (pattern false;, source null;) 
25050      DEBUG Test worker     d.u.i.k.j.JavaProgramElement Program match failed (pattern true;, source null;) 
25050      DEBUG Test worker     d.u.i.k.j.JavaProgramElement Program match failed (pattern false;, source null;) 
25050      DEBUG Test worker     d.u.i.k.j.JavaProgramElement Program match failed (pattern true;, source null;) 
25050      DEBUG Test worker     d.u.i.k.j.JavaProgramElement Program match failed (pattern false;, source null;) 
25050      DEBUG Test worker     d.u.i.k.j.JavaProgramElement Program match failed (pattern true;, source null;) 
25050      DEBUG Test worker     d.u.i.k.j.JavaProgramElement Program match failed (pattern false;, source null;) 
25050      DEBUG Test worker     d.u.i.k.j.JavaProgramElement Program match failed (pattern true;, source null;) 
25050      DEBUG Test worker     d.u.i.k.j.JavaProgramElement Program match failed (pattern false;, source null;) 
25050      DEBUG Test worker     d.u.i.k.j.JavaProgramElement Program match failed (pattern true;, source null;) 
25050      DEBUG Test worker     d.u.i.k.j.JavaProgramElement Program match failed (pattern false;, source null;) 
25050      DEBUG Test worker     d.u.i.k.j.JavaProgramElement Program match failed (pattern true;, source null;) 
25050      DEBUG Test worker     d.u.i.k.j.JavaProgramElement Program match failed (pattern false;, source null;) 
25050      DEBUG Test worker     d.u.i.k.j.JavaProgramElement Program match failed (pattern true;, source null;) 
25050      DEBUG Test worker     d.u.i.k.j.JavaProgramElement Program match failed (pattern false;, source null;) 
25050      DEBUG Test worker     d.u.i.k.j.JavaProgramElement Program match failed (pattern true;, source null;) 
25050      DEBUG Test worker     d.u.i.k.j.JavaProgramElement Program match failed (pattern false;, source null;) 
25050      DEBUG Test worker     d.u.i.k.j.JavaProgramElement Program match failed (pattern true;, source null;) 
25050      DEBUG Test worker     d.u.i.k.j.JavaProgramElement Program match failed (pattern false;, source null;) 
25050      DEBUG Test worker     d.u.i.k.j.JavaProgramElement Program match failed (pattern true;, source null;) 
25050      DEBUG Test worker     d.u.i.k.j.JavaProgramElement Program match failed (pattern false;, source null;) 
25066      DEBUG Test worker     d.u.i.k.j.JavaProgramElement Program match failed (pattern true;, source null;) 
25066      DEBUG Test worker     d.u.i.k.j.JavaProgramElement Program match failed (pattern false;, source null;) 
25066      DEBUG Test worker     d.u.i.k.j.JavaProgramElement Program match failed (pattern true;, source null;) 
25066      DEBUG Test worker     d.u.i.k.j.JavaProgramElement Program match failed (pattern false;, source null;) 
25066      DEBUG Test worker     d.u.i.k.j.JavaProgramElement Program match failed (pattern true;, source null;) 
25066      DEBUG Test worker     d.u.i.k.j.JavaProgramElement Program match failed (pattern false;, source null;) 
25066      DEBUG Test worker     d.u.i.k.j.JavaProgramElement Program match failed (pattern true;, source null;) 
25066      DEBUG Test worker     d.u.i.k.j.JavaProgramElement Program match failed (pattern false;, source null;) 
25066      DEBUG Test worker     d.u.i.k.j.JavaProgramElement Program match failed (pattern true;, source null;) 
25066      DEBUG Test worker     d.u.i.k.j.JavaProgramElement Program match failed (pattern false;, source null;) 
25066      DEBUG Test worker     d.u.i.k.j.JavaProgramElement Program match failed (pattern true;, source null;) 
25066      DEBUG Test worker     d.u.i.k.j.JavaProgramElement Program match failed (pattern false;, source null;) 
25066      DEBUG Test worker     d.u.i.k.j.JavaProgramElement Program match failed (pattern true;, source null;) 
25066      DEBUG Test worker     d.u.i.k.j.JavaProgramElement Program match failed (pattern false;, source null;) 
25066      DEBUG Test worker     d.u.i.k.j.JavaProgramElement Program match failed (pattern true;, source null;) 
25066      DEBUG Test worker     d.u.i.k.j.JavaProgramElement Program match failed (pattern false;, source null;) 
25066      DEBUG Test worker     d.u.i.k.j.JavaProgramElement Program match failed (pattern true;, source null;) 
25066      DEBUG Test worker     d.u.i.k.j.JavaProgramElement Program match failed (pattern false;, source null;) 
25066      DEBUG Test worker     d.u.i.k.j.JavaProgramElement Program match failed (pattern true;, source null;) 
25066      DEBUG Test worker     d.u.i.k.j.JavaProgramElement Program match failed (pattern false;, source null;) 
25066      DEBUG Test worker     d.u.i.k.j.JavaProgramElement Program match failed (pattern true;, source null;) 
25066      DEBUG Test worker     d.u.i.k.j.JavaProgramElement Program match failed (pattern false;, source null;) 
25066      DEBUG Test worker     d.u.i.k.j.JavaProgramElement Program match failed (pattern true;, source null;) 
25066      DEBUG Test worker     d.u.i.k.j.JavaProgramElement Program match failed (pattern false;, source null;) 
25129      DEBUG Test worker     d.u.i.k.j.JavaProgramElement Program match failed (pattern true;, source _z) 
25129      DEBUG Test worker     d.u.i.k.j.JavaProgramElement Program match failed (pattern false;, source _z) 
25129      DEBUG Test worker     d.u.i.k.j.JavaProgramElement Program match failed (pattern true;, source _z) 
25129      DEBUG Test worker     d.u.i.k.j.JavaProgramElement Program match failed (pattern false;, source _z) 
25145      DEBUG Test worker     d.u.i.k.j.JavaProgramElement Program match failed (pattern true;, source _y < _z;) 
25145      DEBUG Test worker     d.u.i.k.j.JavaProgramElement Program match failed (pattern false;, source _y < _z;) 
25145      DEBUG Test worker     d.u.i.k.j.JavaProgramElement Program match failed (pattern true;, source _y < _z;) 
25145      DEBUG Test worker     d.u.i.k.j.JavaProgramElement Program match failed (pattern false;, source _y < _z;) 
25207      DEBUG Test worker     d.u.i.k.j.JavaProgramElement Program match failed (pattern false;, source _x < _y;) 
25207      DEBUG Test worker     d.u.i.k.j.JavaProgramElement Program match failed (pattern true;, source _x < _y;) 
25207      DEBUG Test worker     d.u.i.k.j.JavaProgramElement Program match failed (pattern false;, source _x < _y;) 
25207      DEBUG Test worker     d.u.i.k.j.JavaProgramElement Program match failed (pattern true;, source _x < _y;) 
25207      DEBUG Test worker     d.u.i.k.j.JavaProgramElement Program match failed (pattern true;, source _x < _y;) 
25207      DEBUG Test worker     d.u.i.k.j.JavaProgramElement Program match failed (pattern false;, source _x < _y;) 
25207      DEBUG Test worker     d.u.i.k.j.JavaProgramElement Program match failed (pattern true;, source _x < _y;) 
25207      DEBUG Test worker     d.u.i.k.j.JavaProgramElement Program match failed (pattern false;, source _x < _y;) 
25254      DEBUG Test worker     d.u.i.k.j.JavaProgramElement Program match failed (pattern false;, source _y) 
25254      DEBUG Test worker     d.u.i.k.j.JavaProgramElement Program match failed (pattern true;, source _y) 
25254      DEBUG Test worker     d.u.i.k.j.JavaProgramElement Program match failed (pattern false;, source _y) 
25254      DEBUG Test worker     d.u.i.k.j.JavaProgramElement Program match failed (pattern true;, source _y) 
25254      DEBUG Test worker     d.u.i.k.j.JavaProgramElement Program match failed (pattern true;, source _y) 
25254      DEBUG Test worker     d.u.i.k.j.JavaProgramElement Program match failed (pattern false;, source _y) 
25254      DEBUG Test worker     d.u.i.k.j.JavaProgramElement Program match failed (pattern true;, source _y) 
25254      DEBUG Test worker     d.u.i.k.j.JavaProgramElement Program match failed (pattern false;, source _y) 
25285      DEBUG Test worker     d.u.i.k.j.JavaProgramElement Program match failed (pattern false;, source _x > _z;) 
25285      DEBUG Test worker     d.u.i.k.j.JavaProgramElement Program match failed (pattern true;, source _x > _z;) 
25285      DEBUG Test worker     d.u.i.k.j.JavaProgramElement Program match failed (pattern false;, source _x > _z;) 
25285      DEBUG Test worker     d.u.i.k.j.JavaProgramElement Program match failed (pattern true;, source _x > _z;) 
25285      DEBUG Test worker     d.u.i.k.j.JavaProgramElement Program match failed (pattern true;, source _x > _z;) 
25285      DEBUG Test worker     d.u.i.k.j.JavaProgramElement Program match failed (pattern false;, source _x > _z;) 
25285      DEBUG Test worker     d.u.i.k.j.JavaProgramElement Program match failed (pattern true;, source _x > _z;) 
25285      DEBUG Test worker     d.u.i.k.j.JavaProgramElement Program match failed (pattern false;, source _x > _z;) 
25332      DEBUG Test worker     d.u.i.k.j.JavaProgramElement Program match failed (pattern false;, source _x) 
25332      DEBUG Test worker     d.u.i.k.j.JavaProgramElement Program match failed (pattern true;, source _x) 
25332      DEBUG Test worker     d.u.i.k.j.JavaProgramElement Program match failed (pattern false;, source _x) 
25332      DEBUG Test worker     d.u.i.k.j.JavaProgramElement Program match failed (pattern true;, source _x) 
25332      DEBUG Test worker     d.u.i.k.j.JavaProgramElement Program match failed (pattern true;, source _x) 
25332      DEBUG Test worker     d.u.i.k.j.JavaProgramElement Program match failed (pattern false;, source _x) 
25332      DEBUG Test worker     d.u.i.k.j.JavaProgramElement Program match failed (pattern true;, source _x) 
25332      DEBUG Test worker     d.u.i.k.j.JavaProgramElement Program match failed (pattern false;, source _x) 
25363      DEBUG Test worker     d.u.i.k.j.JavaProgramElement Program match failed (pattern true;, source mid + 1;) 
25363      DEBUG Test worker     d.u.i.k.j.JavaProgramElement Program match failed (pattern false;, source mid + 1;) 
25363      DEBUG Test worker     d.u.i.k.j.JavaProgramElement Program match failed (pattern true;, source mid + 1;) 
25363      DEBUG Test worker     d.u.i.k.j.JavaProgramElement Program match failed (pattern false;, source mid + 1;) 
25379      DEBUG Test worker     d.u.i.k.j.JavaProgramElement Program match failed (pattern true;, source i) 
25379      DEBUG Test worker     d.u.i.k.j.JavaProgramElement Program match failed (pattern false;, source i) 
25379      DEBUG Test worker     d.u.i.k.j.JavaProgramElement Program match failed (pattern true;, source i) 
25379      DEBUG Test worker     d.u.i.k.j.JavaProgramElement Program match failed (pattern false;, source i) 
25410      DEBUG Test worker     d.u.i.k.j.JavaProgramElement Program match failed (pattern false;, source _x) 
25410      DEBUG Test worker     d.u.i.k.j.JavaProgramElement Program match failed (pattern true;, source _x) 
25410      DEBUG Test worker     d.u.i.k.j.JavaProgramElement Program match failed (pattern false;, source _x) 
25410      DEBUG Test worker     d.u.i.k.j.JavaProgramElement Program match failed (pattern true;, source _x) 
25410      DEBUG Test worker     d.u.i.k.j.JavaProgramElement Program match failed (pattern true;, source _x) 
25410      DEBUG Test worker     d.u.i.k.j.JavaProgramElement Program match failed (pattern false;, source _x) 
25410      DEBUG Test worker     d.u.i.k.j.JavaProgramElement Program match failed (pattern true;, source _x) 
25410      DEBUG Test worker     d.u.i.k.j.JavaProgramElement Program match failed (pattern false;, source _x) 
25426      DEBUG Test worker     d.u.i.k.j.JavaProgramElement Program match failed (pattern true;, source mid + 1;) 
25426      DEBUG Test worker     d.u.i.k.j.JavaProgramElement Program match failed (pattern false;, source mid + 1;) 
25426      DEBUG Test worker     d.u.i.k.j.JavaProgramElement Program match failed (pattern true;, source mid + 1;) 
25426      DEBUG Test worker     d.u.i.k.j.JavaProgramElement Program match failed (pattern false;, source mid + 1;) 
25442      DEBUG Test worker     d.u.i.k.j.JavaProgramElement Program match failed (pattern true;, source i) 
25442      DEBUG Test worker     d.u.i.k.j.JavaProgramElement Program match failed (pattern false;, source i) 
25442      DEBUG Test worker     d.u.i.k.j.JavaProgramElement Program match failed (pattern true;, source i) 
25442      DEBUG Test worker     d.u.i.k.j.JavaProgramElement Program match failed (pattern false;, source i) 
25457      DEBUG Test worker     d.u.i.k.j.JavaProgramElement Program match failed (pattern false;, source _y) 
25457      DEBUG Test worker     d.u.i.k.j.JavaProgramElement Program match failed (pattern true;, source _y) 
25457      DEBUG Test worker     d.u.i.k.j.JavaProgramElement Program match failed (pattern false;, source _y) 
25457      DEBUG Test worker     d.u.i.k.j.JavaProgramElement Program match failed (pattern true;, source _y) 
25457      DEBUG Test worker     d.u.i.k.j.JavaProgramElement Program match failed (pattern true;, source _y) 
25457      DEBUG Test worker     d.u.i.k.j.JavaProgramElement Program match failed (pattern false;, source _y) 
25457      DEBUG Test worker     d.u.i.k.j.JavaProgramElement Program match failed (pattern true;, source _y) 
25457      DEBUG Test worker     d.u.i.k.j.JavaProgramElement Program match failed (pattern false;, source _y) 
25488      DEBUG Test worker     d.u.i.k.j.JavaProgramElement Program match failed (pattern true;, source mid + 1;) 
25488      DEBUG Test worker     d.u.i.k.j.JavaProgramElement Program match failed (pattern false;, source mid + 1;) 
25488      DEBUG Test worker     d.u.i.k.j.JavaProgramElement Program match failed (pattern true;, source mid + 1;) 
25488      DEBUG Test worker     d.u.i.k.j.JavaProgramElement Program match failed (pattern false;, source mid + 1;) 
25488      DEBUG Test worker     d.u.i.k.j.JavaProgramElement Program match failed (pattern true;, source i) 
25488      DEBUG Test worker     d.u.i.k.j.JavaProgramElement Program match failed (pattern false;, source i) 
25488      DEBUG Test worker     d.u.i.k.j.JavaProgramElement Program match failed (pattern true;, source i) 
25488      DEBUG Test worker     d.u.i.k.j.JavaProgramElement Program match failed (pattern false;, source i) 
25520      DEBUG Test worker     d.u.i.k.j.JavaProgramElement Program match failed (pattern false;, source _x > _y;) 
25520      DEBUG Test worker     d.u.i.k.j.JavaProgramElement Program match failed (pattern true;, source _x > _y;) 
25520      DEBUG Test worker     d.u.i.k.j.JavaProgramElement Program match failed (pattern false;, source _x > _y;) 
25520      DEBUG Test worker     d.u.i.k.j.JavaProgramElement Program match failed (pattern true;, source _x > _y;) 
25520      DEBUG Test worker     d.u.i.k.j.JavaProgramElement Program match failed (pattern true;, source _x > _y;) 
25520      DEBUG Test worker     d.u.i.k.j.JavaProgramElement Program match failed (pattern false;, source _x > _y;) 
25520      DEBUG Test worker     d.u.i.k.j.JavaProgramElement Program match failed (pattern true;, source _x > _y;) 
25520      DEBUG Test worker     d.u.i.k.j.JavaProgramElement Program match failed (pattern false;, source _x > _y;) 
25567      DEBUG Test worker     d.u.i.k.j.JavaProgramElement Program match failed (pattern false;, source _y) 
25567      DEBUG Test worker     d.u.i.k.j.JavaProgramElement Program match failed (pattern true;, source _y) 
25567      DEBUG Test worker     d.u.i.k.j.JavaProgramElement Program match failed (pattern false;, source _y) 
25567      DEBUG Test worker     d.u.i.k.j.JavaProgramElement Program match failed (pattern true;, source _y) 
25567      DEBUG Test worker     d.u.i.k.j.JavaProgramElement Program match failed (pattern true;, source _y) 
25567      DEBUG Test worker     d.u.i.k.j.JavaProgramElement Program match failed (pattern false;, source _y) 
25567      DEBUG Test worker     d.u.i.k.j.JavaProgramElement Program match failed (pattern true;, source _y) 
25567      DEBUG Test worker     d.u.i.k.j.JavaProgramElement Program match failed (pattern false;, source _y) 
25582      DEBUG Test worker     d.u.i.k.j.JavaProgramElement Program match failed (pattern false;, source _x < _z;) 
25582      DEBUG Test worker     d.u.i.k.j.JavaProgramElement Program match failed (pattern true;, source _x < _z;) 
25582      DEBUG Test worker     d.u.i.k.j.JavaProgramElement Program match failed (pattern false;, source _x < _z;) 
25582      DEBUG Test worker     d.u.i.k.j.JavaProgramElement Program match failed (pattern true;, source _x < _z;) 
25582      DEBUG Test worker     d.u.i.k.j.JavaProgramElement Program match failed (pattern true;, source _x < _z;) 
25582      DEBUG Test worker     d.u.i.k.j.JavaProgramElement Program match failed (pattern false;, source _x < _z;) 
25582      DEBUG Test worker     d.u.i.k.j.JavaProgramElement Program match failed (pattern true;, source _x < _z;) 
25582      DEBUG Test worker     d.u.i.k.j.JavaProgramElement Program match failed (pattern false;, source _x < _z;) 
25614      DEBUG Test worker     d.u.i.k.j.JavaProgramElement Program match failed (pattern false;, source _x) 
25614      DEBUG Test worker     d.u.i.k.j.JavaProgramElement Program match failed (pattern true;, source _x) 
25614      DEBUG Test worker     d.u.i.k.j.JavaProgramElement Program match failed (pattern false;, source _x) 
25614      DEBUG Test worker     d.u.i.k.j.JavaProgramElement Program match failed (pattern true;, source _x) 
25630      DEBUG Test worker     d.u.i.k.j.JavaProgramElement Program match failed (pattern true;, source _x) 
25630      DEBUG Test worker     d.u.i.k.j.JavaProgramElement Program match failed (pattern false;, source _x) 
25630      DEBUG Test worker     d.u.i.k.j.JavaProgramElement Program match failed (pattern true;, source _x) 
25630      DEBUG Test worker     d.u.i.k.j.JavaProgramElement Program match failed (pattern false;, source _x) 
25661      DEBUG Test worker     d.u.i.k.j.JavaProgramElement Program match failed (pattern false;, source _x) 
25661      DEBUG Test worker     d.u.i.k.j.JavaProgramElement Program match failed (pattern true;, source _x) 
25661      DEBUG Test worker     d.u.i.k.j.JavaProgramElement Program match failed (pattern false;, source _x) 
25661      DEBUG Test worker     d.u.i.k.j.JavaProgramElement Program match failed (pattern true;, source _x) 
25661      DEBUG Test worker     d.u.i.k.j.JavaProgramElement Program match failed (pattern true;, source _x) 
25661      DEBUG Test worker     d.u.i.k.j.JavaProgramElement Program match failed (pattern false;, source _x) 
25661      DEBUG Test worker     d.u.i.k.j.JavaProgramElement Program match failed (pattern true;, source _x) 
25661      DEBUG Test worker     d.u.i.k.j.JavaProgramElement Program match failed (pattern false;, source _x) 
25676      DEBUG Test worker     d.u.i.k.j.JavaProgramElement Program match failed (pattern true;, source mid + 1;) 
25676      DEBUG Test worker     d.u.i.k.j.JavaProgramElement Program match failed (pattern false;, source mid + 1;) 
25676      DEBUG Test worker     d.u.i.k.j.JavaProgramElement Program match failed (pattern true;, source mid + 1;) 
25676      DEBUG Test worker     d.u.i.k.j.JavaProgramElement Program match failed (pattern false;, source mid + 1;) 
25708      DEBUG Test worker     d.u.i.k.j.JavaProgramElement Program match failed (pattern true;, source i) 
25708      DEBUG Test worker     d.u.i.k.j.JavaProgramElement Program match failed (pattern false;, source i) 
25708      DEBUG Test worker     d.u.i.k.j.JavaProgramElement Program match failed (pattern true;, source i) 
25708      DEBUG Test worker     d.u.i.k.j.JavaProgramElement Program match failed (pattern false;, source i) 
25723      DEBUG Test worker     d.u.i.k.j.JavaProgramElement Program match failed (pattern false;, source _y) 
25723      DEBUG Test worker     d.u.i.k.j.JavaProgramElement Program match failed (pattern true;, source _y) 
25723      DEBUG Test worker     d.u.i.k.j.JavaProgramElement Program match failed (pattern false;, source _y) 
25723      DEBUG Test worker     d.u.i.k.j.JavaProgramElement Program match failed (pattern true;, source _y) 
25723      DEBUG Test worker     d.u.i.k.j.JavaProgramElement Program match failed (pattern true;, source _y) 
25723      DEBUG Test worker     d.u.i.k.j.JavaProgramElement Program match failed (pattern false;, source _y) 
25723      DEBUG Test worker     d.u.i.k.j.JavaProgramElement Program match failed (pattern true;, source _y) 
25723      DEBUG Test worker     d.u.i.k.j.JavaProgramElement Program match failed (pattern false;, source _y) 
25739      DEBUG Test worker     d.u.i.k.j.JavaProgramElement Program match failed (pattern true;, source mid + 1;) 
25739      DEBUG Test worker     d.u.i.k.j.JavaProgramElement Program match failed (pattern false;, source mid + 1;) 
25739      DEBUG Test worker     d.u.i.k.j.JavaProgramElement Program match failed (pattern true;, source mid + 1;) 
25739      DEBUG Test worker     d.u.i.k.j.JavaProgramElement Program match failed (pattern false;, source mid + 1;) 
25755      DEBUG Test worker     d.u.i.k.j.JavaProgramElement Program match failed (pattern true;, source i) 
25755      DEBUG Test worker     d.u.i.k.j.JavaProgramElement Program match failed (pattern false;, source i) 
25755      DEBUG Test worker     d.u.i.k.j.JavaProgramElement Program match failed (pattern true;, source i) 
25755      DEBUG Test worker     d.u.i.k.j.JavaProgramElement Program match failed (pattern false;, source i) 
]]></system-out>
  <system-err><![CDATA[]]></system-err>
</testsuite>
