<?xml version="1.0" encoding="UTF-8"?>
<testsuite name="de.uka.ilkd.key.testcase.smt.ce.TestCE" tests="12" skipped="0" failures="0" errors="0" timestamp="2023-04-20T14:22:12" hostname="fv-az206-437" time="19.825">
  <properties/>
  <testcase name="testOverFlow1()" classname="de.uka.ilkd.key.testcase.smt.ce.TestCE" time="0.365"/>
  <testcase name="testOverFlow2()" classname="de.uka.ilkd.key.testcase.smt.ce.TestCE" time="0.003"/>
  <testcase name="testMiddle()" classname="de.uka.ilkd.key.testcase.smt.ce.TestCE" time="19.413"/>
  <testcase name="testTypes1()" classname="de.uka.ilkd.key.testcase.smt.ce.TestCE" time="0.002"/>
  <testcase name="testTypes2()" classname="de.uka.ilkd.key.testcase.smt.ce.TestCE" time="0.0"/>
  <testcase name="testTypes3()" classname="de.uka.ilkd.key.testcase.smt.ce.TestCE" time="0.001"/>
  <testcase name="testTypes4()" classname="de.uka.ilkd.key.testcase.smt.ce.TestCE" time="0.004"/>
  <testcase name="testTypes5()" classname="de.uka.ilkd.key.testcase.smt.ce.TestCE" time="0.001"/>
  <testcase name="testTypes6()" classname="de.uka.ilkd.key.testcase.smt.ce.TestCE" time="0.001"/>
  <testcase name="testTypes7()" classname="de.uka.ilkd.key.testcase.smt.ce.TestCE" time="0.004"/>
  <testcase name="testTypes8()" classname="de.uka.ilkd.key.testcase.smt.ce.TestCE" time="0.0"/>
  <testcase name="testTypes9()" classname="de.uka.ilkd.key.testcase.smt.ce.TestCE" time="0.0"/>
  <system-out><![CDATA[14:22:12,127 |-INFO in ch.qos.logback.classic.LoggerContext[default] - This is logback-classic version 1.4.6
14:22:12,159 |-INFO in ch.qos.logback.classic.LoggerContext[default] - Could NOT find resource [logback-test.xml]
14:22:12,174 |-INFO in ch.qos.logback.classic.LoggerContext[default] - Found resource [logback.xml] at [file:/D:/a/key/key/key.core.testgen/build/resources/test/logback.xml]
14:22:12,393 |-INFO in ch.qos.logback.core.model.processor.AppenderModelHandler - Processing appender named [STDOUT]
14:22:12,393 |-INFO in ch.qos.logback.core.model.processor.AppenderModelHandler - About to instantiate appender of type [ch.qos.logback.core.ConsoleAppender]
14:22:12,409 |-WARN in ch.qos.logback.core.model.processor.ImplicitModelHandler - Ignoring unknown property [file] in [ch.qos.logback.core.ConsoleAppender]
14:22:12,409 |-WARN in ch.qos.logback.core.model.processor.ImplicitModelHandler - Ignoring unknown property [append] in [ch.qos.logback.core.ConsoleAppender]
14:22:12,409 |-INFO in ch.qos.logback.core.model.processor.ImplicitModelHandler - Assuming default type [ch.qos.logback.classic.encoder.PatternLayoutEncoder] for [encoder] property
14:22:12,471 |-INFO in ch.qos.logback.classic.model.processor.RootLoggerModelHandler - Setting level of ROOT logger to DEBUG
14:22:12,471 |-INFO in ch.qos.logback.core.model.processor.AppenderRefModelHandler - Attaching appender named [STDOUT] to Logger[ROOT]
14:22:12,471 |-INFO in ch.qos.logback.core.model.processor.DefaultProcessor@6bea52d4 - End of configuration.
14:22:12,471 |-INFO in ch.qos.logback.classic.joran.JoranConfigurator@11981797 - Registering current configuration as safe fallback point

781        WARN  Test worker     d.u.i.k.t.s.c.TestCE      Warning: Z3_CE is not installed, tests skipped. 
797        WARN  Test worker     d.u.i.k.t.s.c.TestCE      Maybe use JVM system property "z3SolverPath" to define the path to the Z3 command. 
895        WARN  Test worker     d.u.i.k.s.ProofIndependentSettings The settings in C:\Users\runneradmin\.key\proofIndependentSettings.props are *not* read due to flag 'key.disregardSettings' 
926        INFO  Test worker     d.u.i.k.p.i.AbstractProblemLoader Loading environment from src\test\resources\testcase\smt\ce\middle.key 
957        DEBUG Test worker     d.u.i.k.p.i.AbstractProblemLoader Environment load took 4.07ms 
1589       INFO  Test worker     d.u.i.k.p.i.AbstractProblemLoader Creating init config 
1620       WARN  Test worker     d.u.i.k.s.ProofSettings   The settings in C:\Users\runneradmin\.key\proof-settings.props are *not* read. 
3827       DEBUG Test worker     d.u.i.k.j.TypeConverter   No LDT found for Meta 
3827       DEBUG Test worker     d.u.i.k.j.TypeConverter   No LDT found for Meta 
3827       DEBUG Test worker     d.u.i.k.j.TypeConverter   No LDT found for Meta 
3827       DEBUG Test worker     d.u.i.k.j.TypeConverter   No LDT found for Meta 
6878       DEBUG Test worker     d.u.i.k.j.TypeConverter   No LDT found for JavaBigintExpression 
15499      DEBUG Test worker     d.u.i.k.p.i.AbstractProblemLoader Init config took 13.92s 
15750      INFO  Test worker     d.u.i.k.p.i.AbstractProblemLoader Replaying proof Middle[Middle::middle(int,int,int)].JML normal_behavior operation contract.0 
15828      DEBUG Test worker     d.u.i.k.p.i.IntermediateProofReplayer Proof replay took 75.7ns 
15984      DEBUG Test worker     d.u.i.k.j.JavaProgramElement Program match failed (pattern true;, source null;) 
16000      DEBUG Test worker     d.u.i.k.j.JavaProgramElement Program match failed (pattern false;, source null;) 
16000      DEBUG Test worker     d.u.i.k.j.JavaProgramElement Program match failed (pattern true;, source null;) 
16000      DEBUG Test worker     d.u.i.k.j.JavaProgramElement Program match failed (pattern false;, source null;) 
16086      DEBUG Test worker     d.u.i.k.j.JavaProgramElement Program match failed (pattern true;, source null;) 
16086      DEBUG Test worker     d.u.i.k.j.JavaProgramElement Program match failed (pattern false;, source null;) 
16086      DEBUG Test worker     d.u.i.k.j.JavaProgramElement Program match failed (pattern true;, source null;) 
16086      DEBUG Test worker     d.u.i.k.j.JavaProgramElement Program match failed (pattern false;, source null;) 
16117      DEBUG Test worker     d.u.i.k.j.JavaProgramElement Program match failed (pattern true;, source null;) 
16117      DEBUG Test worker     d.u.i.k.j.JavaProgramElement Program match failed (pattern false;, source null;) 
16117      DEBUG Test worker     d.u.i.k.j.JavaProgramElement Program match failed (pattern true;, source null;) 
16117      DEBUG Test worker     d.u.i.k.j.JavaProgramElement Program match failed (pattern false;, source null;) 
16164      DEBUG Test worker     d.u.i.k.j.JavaProgramElement Program match failed (pattern true;, source null;) 
16164      DEBUG Test worker     d.u.i.k.j.JavaProgramElement Program match failed (pattern false;, source null;) 
16164      DEBUG Test worker     d.u.i.k.j.JavaProgramElement Program match failed (pattern true;, source null;) 
16164      DEBUG Test worker     d.u.i.k.j.JavaProgramElement Program match failed (pattern false;, source null;) 
16180      DEBUG Test worker     d.u.i.k.j.JavaProgramElement Program match failed (pattern true;, source null;) 
16180      DEBUG Test worker     d.u.i.k.j.JavaProgramElement Program match failed (pattern false;, source null;) 
16180      DEBUG Test worker     d.u.i.k.j.JavaProgramElement Program match failed (pattern true;, source null;) 
16180      DEBUG Test worker     d.u.i.k.j.JavaProgramElement Program match failed (pattern false;, source null;) 
16195      DEBUG Test worker     d.u.i.k.j.JavaProgramElement Program match failed (pattern true;, source null;) 
16195      DEBUG Test worker     d.u.i.k.j.JavaProgramElement Program match failed (pattern false;, source null;) 
16195      DEBUG Test worker     d.u.i.k.j.JavaProgramElement Program match failed (pattern true;, source null;) 
16195      DEBUG Test worker     d.u.i.k.j.JavaProgramElement Program match failed (pattern false;, source null;) 
16211      DEBUG Test worker     d.u.i.k.j.JavaProgramElement Program match failed (pattern true;, source null;) 
16211      DEBUG Test worker     d.u.i.k.j.JavaProgramElement Program match failed (pattern false;, source null;) 
16211      DEBUG Test worker     d.u.i.k.j.JavaProgramElement Program match failed (pattern true;, source null;) 
16211      DEBUG Test worker     d.u.i.k.j.JavaProgramElement Program match failed (pattern false;, source null;) 
16227      DEBUG Test worker     d.u.i.k.j.JavaProgramElement Program match failed (pattern true;, source null;) 
16227      DEBUG Test worker     d.u.i.k.j.JavaProgramElement Program match failed (pattern false;, source null;) 
16227      DEBUG Test worker     d.u.i.k.j.JavaProgramElement Program match failed (pattern true;, source null;) 
16227      DEBUG Test worker     d.u.i.k.j.JavaProgramElement Program match failed (pattern false;, source null;) 
16242      DEBUG Test worker     d.u.i.k.j.JavaProgramElement Program match failed (pattern true;, source null;) 
16242      DEBUG Test worker     d.u.i.k.j.JavaProgramElement Program match failed (pattern false;, source null;) 
16242      DEBUG Test worker     d.u.i.k.j.JavaProgramElement Program match failed (pattern true;, source null;) 
16242      DEBUG Test worker     d.u.i.k.j.JavaProgramElement Program match failed (pattern false;, source null;) 
16258      DEBUG Test worker     d.u.i.k.j.JavaProgramElement Program match failed (pattern true;, source null;) 
16258      DEBUG Test worker     d.u.i.k.j.JavaProgramElement Program match failed (pattern false;, source null;) 
16258      DEBUG Test worker     d.u.i.k.j.JavaProgramElement Program match failed (pattern true;, source null;) 
16258      DEBUG Test worker     d.u.i.k.j.JavaProgramElement Program match failed (pattern false;, source null;) 
16258      DEBUG Test worker     d.u.i.k.j.JavaProgramElement Program match failed (pattern true;, source null;) 
16258      DEBUG Test worker     d.u.i.k.j.JavaProgramElement Program match failed (pattern false;, source null;) 
16258      DEBUG Test worker     d.u.i.k.j.JavaProgramElement Program match failed (pattern true;, source null;) 
16258      DEBUG Test worker     d.u.i.k.j.JavaProgramElement Program match failed (pattern false;, source null;) 
16274      DEBUG Test worker     d.u.i.k.j.JavaProgramElement Program match failed (pattern true;, source null;) 
16274      DEBUG Test worker     d.u.i.k.j.JavaProgramElement Program match failed (pattern false;, source null;) 
16274      DEBUG Test worker     d.u.i.k.j.JavaProgramElement Program match failed (pattern true;, source null;) 
16274      DEBUG Test worker     d.u.i.k.j.JavaProgramElement Program match failed (pattern false;, source null;) 
16274      DEBUG Test worker     d.u.i.k.j.JavaProgramElement Program match failed (pattern true;, source null;) 
16274      DEBUG Test worker     d.u.i.k.j.JavaProgramElement Program match failed (pattern false;, source null;) 
16274      DEBUG Test worker     d.u.i.k.j.JavaProgramElement Program match failed (pattern true;, source null;) 
16274      DEBUG Test worker     d.u.i.k.j.JavaProgramElement Program match failed (pattern false;, source null;) 
16289      DEBUG Test worker     d.u.i.k.j.JavaProgramElement Program match failed (pattern true;, source null;) 
16289      DEBUG Test worker     d.u.i.k.j.JavaProgramElement Program match failed (pattern false;, source null;) 
16289      DEBUG Test worker     d.u.i.k.j.JavaProgramElement Program match failed (pattern true;, source null;) 
16289      DEBUG Test worker     d.u.i.k.j.JavaProgramElement Program match failed (pattern false;, source null;) 
16289      DEBUG Test worker     d.u.i.k.j.JavaProgramElement Program match failed (pattern true;, source null;) 
16289      DEBUG Test worker     d.u.i.k.j.JavaProgramElement Program match failed (pattern false;, source null;) 
16289      DEBUG Test worker     d.u.i.k.j.JavaProgramElement Program match failed (pattern true;, source null;) 
16289      DEBUG Test worker     d.u.i.k.j.JavaProgramElement Program match failed (pattern false;, source null;) 
16305      DEBUG Test worker     d.u.i.k.j.JavaProgramElement Program match failed (pattern true;, source null;) 
16305      DEBUG Test worker     d.u.i.k.j.JavaProgramElement Program match failed (pattern false;, source null;) 
16305      DEBUG Test worker     d.u.i.k.j.JavaProgramElement Program match failed (pattern true;, source null;) 
16305      DEBUG Test worker     d.u.i.k.j.JavaProgramElement Program match failed (pattern false;, source null;) 
16305      DEBUG Test worker     d.u.i.k.j.JavaProgramElement Program match failed (pattern true;, source null;) 
16305      DEBUG Test worker     d.u.i.k.j.JavaProgramElement Program match failed (pattern false;, source null;) 
16305      DEBUG Test worker     d.u.i.k.j.JavaProgramElement Program match failed (pattern true;, source null;) 
16305      DEBUG Test worker     d.u.i.k.j.JavaProgramElement Program match failed (pattern false;, source null;) 
16399      DEBUG Test worker     d.u.i.k.j.JavaProgramElement Program match failed (pattern true;, source null;) 
16399      DEBUG Test worker     d.u.i.k.j.JavaProgramElement Program match failed (pattern false;, source null;) 
16399      DEBUG Test worker     d.u.i.k.j.JavaProgramElement Program match failed (pattern true;, source null;) 
16399      DEBUG Test worker     d.u.i.k.j.JavaProgramElement Program match failed (pattern false;, source null;) 
16522      DEBUG Test worker     d.u.i.k.j.JavaProgramElement Program match failed (pattern true;, source _z) 
16522      DEBUG Test worker     d.u.i.k.j.JavaProgramElement Program match failed (pattern false;, source _z) 
16522      DEBUG Test worker     d.u.i.k.j.JavaProgramElement Program match failed (pattern true;, source _z) 
16523      DEBUG Test worker     d.u.i.k.j.JavaProgramElement Program match failed (pattern false;, source _z) 
16649      DEBUG Test worker     d.u.i.k.j.JavaProgramElement Program match failed (pattern true;, source _y < _z;) 
16650      DEBUG Test worker     d.u.i.k.j.JavaProgramElement Program match failed (pattern false;, source _y < _z;) 
16650      DEBUG Test worker     d.u.i.k.j.JavaProgramElement Program match failed (pattern true;, source _y < _z;) 
16650      DEBUG Test worker     d.u.i.k.j.JavaProgramElement Program match failed (pattern false;, source _y < _z;) 
16734      DEBUG Test worker     d.u.i.k.j.JavaProgramElement Program match failed (pattern false;, source _x < _y;) 
16734      DEBUG Test worker     d.u.i.k.j.JavaProgramElement Program match failed (pattern true;, source _x < _y;) 
16735      DEBUG Test worker     d.u.i.k.j.JavaProgramElement Program match failed (pattern false;, source _x < _y;) 
16735      DEBUG Test worker     d.u.i.k.j.JavaProgramElement Program match failed (pattern true;, source _x < _y;) 
16735      DEBUG Test worker     d.u.i.k.j.JavaProgramElement Program match failed (pattern true;, source _x < _y;) 
16735      DEBUG Test worker     d.u.i.k.j.JavaProgramElement Program match failed (pattern false;, source _x < _y;) 
16736      DEBUG Test worker     d.u.i.k.j.JavaProgramElement Program match failed (pattern true;, source _x < _y;) 
16737      DEBUG Test worker     d.u.i.k.j.JavaProgramElement Program match failed (pattern false;, source _x < _y;) 
16788      DEBUG Test worker     d.u.i.k.j.JavaProgramElement Program match failed (pattern false;, source _y) 
16788      DEBUG Test worker     d.u.i.k.j.JavaProgramElement Program match failed (pattern true;, source _y) 
16788      DEBUG Test worker     d.u.i.k.j.JavaProgramElement Program match failed (pattern false;, source _y) 
16788      DEBUG Test worker     d.u.i.k.j.JavaProgramElement Program match failed (pattern true;, source _y) 
16789      DEBUG Test worker     d.u.i.k.j.JavaProgramElement Program match failed (pattern true;, source _y) 
16789      DEBUG Test worker     d.u.i.k.j.JavaProgramElement Program match failed (pattern false;, source _y) 
16789      DEBUG Test worker     d.u.i.k.j.JavaProgramElement Program match failed (pattern true;, source _y) 
16789      DEBUG Test worker     d.u.i.k.j.JavaProgramElement Program match failed (pattern false;, source _y) 
16825      DEBUG Test worker     d.u.i.k.j.JavaProgramElement Program match failed (pattern false;, source _x > _z;) 
16825      DEBUG Test worker     d.u.i.k.j.JavaProgramElement Program match failed (pattern true;, source _x > _z;) 
16825      DEBUG Test worker     d.u.i.k.j.JavaProgramElement Program match failed (pattern false;, source _x > _z;) 
16825      DEBUG Test worker     d.u.i.k.j.JavaProgramElement Program match failed (pattern true;, source _x > _z;) 
16825      DEBUG Test worker     d.u.i.k.j.JavaProgramElement Program match failed (pattern true;, source _x > _z;) 
16825      DEBUG Test worker     d.u.i.k.j.JavaProgramElement Program match failed (pattern false;, source _x > _z;) 
16825      DEBUG Test worker     d.u.i.k.j.JavaProgramElement Program match failed (pattern true;, source _x > _z;) 
16825      DEBUG Test worker     d.u.i.k.j.JavaProgramElement Program match failed (pattern false;, source _x > _z;) 
16872      DEBUG Test worker     d.u.i.k.j.JavaProgramElement Program match failed (pattern false;, source _x) 
16872      DEBUG Test worker     d.u.i.k.j.JavaProgramElement Program match failed (pattern true;, source _x) 
16872      DEBUG Test worker     d.u.i.k.j.JavaProgramElement Program match failed (pattern false;, source _x) 
16872      DEBUG Test worker     d.u.i.k.j.JavaProgramElement Program match failed (pattern true;, source _x) 
16872      DEBUG Test worker     d.u.i.k.j.JavaProgramElement Program match failed (pattern true;, source _x) 
16872      DEBUG Test worker     d.u.i.k.j.JavaProgramElement Program match failed (pattern false;, source _x) 
16872      DEBUG Test worker     d.u.i.k.j.JavaProgramElement Program match failed (pattern true;, source _x) 
16872      DEBUG Test worker     d.u.i.k.j.JavaProgramElement Program match failed (pattern false;, source _x) 
16903      DEBUG Test worker     d.u.i.k.j.JavaProgramElement Program match failed (pattern true;, source mid + 1;) 
16919      DEBUG Test worker     d.u.i.k.j.JavaProgramElement Program match failed (pattern false;, source mid + 1;) 
16919      DEBUG Test worker     d.u.i.k.j.JavaProgramElement Program match failed (pattern true;, source mid + 1;) 
16919      DEBUG Test worker     d.u.i.k.j.JavaProgramElement Program match failed (pattern false;, source mid + 1;) 
16950      DEBUG Test worker     d.u.i.k.j.JavaProgramElement Program match failed (pattern true;, source i) 
16966      DEBUG Test worker     d.u.i.k.j.JavaProgramElement Program match failed (pattern false;, source i) 
16966      DEBUG Test worker     d.u.i.k.j.JavaProgramElement Program match failed (pattern true;, source i) 
16966      DEBUG Test worker     d.u.i.k.j.JavaProgramElement Program match failed (pattern false;, source i) 
17013      DEBUG Test worker     d.u.i.k.j.JavaProgramElement Program match failed (pattern false;, source _x) 
17013      DEBUG Test worker     d.u.i.k.j.JavaProgramElement Program match failed (pattern true;, source _x) 
17013      DEBUG Test worker     d.u.i.k.j.JavaProgramElement Program match failed (pattern false;, source _x) 
17013      DEBUG Test worker     d.u.i.k.j.JavaProgramElement Program match failed (pattern true;, source _x) 
17013      DEBUG Test worker     d.u.i.k.j.JavaProgramElement Program match failed (pattern true;, source _x) 
17013      DEBUG Test worker     d.u.i.k.j.JavaProgramElement Program match failed (pattern false;, source _x) 
17013      DEBUG Test worker     d.u.i.k.j.JavaProgramElement Program match failed (pattern true;, source _x) 
17013      DEBUG Test worker     d.u.i.k.j.JavaProgramElement Program match failed (pattern false;, source _x) 
17044      DEBUG Test worker     d.u.i.k.j.JavaProgramElement Program match failed (pattern true;, source mid + 1;) 
17044      DEBUG Test worker     d.u.i.k.j.JavaProgramElement Program match failed (pattern false;, source mid + 1;) 
17044      DEBUG Test worker     d.u.i.k.j.JavaProgramElement Program match failed (pattern true;, source mid + 1;) 
17044      DEBUG Test worker     d.u.i.k.j.JavaProgramElement Program match failed (pattern false;, source mid + 1;) 
17075      DEBUG Test worker     d.u.i.k.j.JavaProgramElement Program match failed (pattern true;, source i) 
17075      DEBUG Test worker     d.u.i.k.j.JavaProgramElement Program match failed (pattern false;, source i) 
17075      DEBUG Test worker     d.u.i.k.j.JavaProgramElement Program match failed (pattern true;, source i) 
17075      DEBUG Test worker     d.u.i.k.j.JavaProgramElement Program match failed (pattern false;, source i) 
17123      DEBUG Test worker     d.u.i.k.j.JavaProgramElement Program match failed (pattern false;, source _y) 
17123      DEBUG Test worker     d.u.i.k.j.JavaProgramElement Program match failed (pattern true;, source _y) 
17123      DEBUG Test worker     d.u.i.k.j.JavaProgramElement Program match failed (pattern false;, source _y) 
17123      DEBUG Test worker     d.u.i.k.j.JavaProgramElement Program match failed (pattern true;, source _y) 
17123      DEBUG Test worker     d.u.i.k.j.JavaProgramElement Program match failed (pattern true;, source _y) 
17123      DEBUG Test worker     d.u.i.k.j.JavaProgramElement Program match failed (pattern false;, source _y) 
17138      DEBUG Test worker     d.u.i.k.j.JavaProgramElement Program match failed (pattern true;, source _y) 
17138      DEBUG Test worker     d.u.i.k.j.JavaProgramElement Program match failed (pattern false;, source _y) 
17169      DEBUG Test worker     d.u.i.k.j.JavaProgramElement Program match failed (pattern true;, source mid + 1;) 
17169      DEBUG Test worker     d.u.i.k.j.JavaProgramElement Program match failed (pattern false;, source mid + 1;) 
17169      DEBUG Test worker     d.u.i.k.j.JavaProgramElement Program match failed (pattern true;, source mid + 1;) 
17169      DEBUG Test worker     d.u.i.k.j.JavaProgramElement Program match failed (pattern false;, source mid + 1;) 
17201      DEBUG Test worker     d.u.i.k.j.JavaProgramElement Program match failed (pattern true;, source i) 
17201      DEBUG Test worker     d.u.i.k.j.JavaProgramElement Program match failed (pattern false;, source i) 
17201      DEBUG Test worker     d.u.i.k.j.JavaProgramElement Program match failed (pattern true;, source i) 
17201      DEBUG Test worker     d.u.i.k.j.JavaProgramElement Program match failed (pattern false;, source i) 
17263      DEBUG Test worker     d.u.i.k.j.JavaProgramElement Program match failed (pattern false;, source _x > _y;) 
17263      DEBUG Test worker     d.u.i.k.j.JavaProgramElement Program match failed (pattern true;, source _x > _y;) 
17263      DEBUG Test worker     d.u.i.k.j.JavaProgramElement Program match failed (pattern false;, source _x > _y;) 
17263      DEBUG Test worker     d.u.i.k.j.JavaProgramElement Program match failed (pattern true;, source _x > _y;) 
17263      DEBUG Test worker     d.u.i.k.j.JavaProgramElement Program match failed (pattern true;, source _x > _y;) 
17263      DEBUG Test worker     d.u.i.k.j.JavaProgramElement Program match failed (pattern false;, source _x > _y;) 
17263      DEBUG Test worker     d.u.i.k.j.JavaProgramElement Program match failed (pattern true;, source _x > _y;) 
17263      DEBUG Test worker     d.u.i.k.j.JavaProgramElement Program match failed (pattern false;, source _x > _y;) 
17294      DEBUG Test worker     d.u.i.k.j.JavaProgramElement Program match failed (pattern false;, source _y) 
17294      DEBUG Test worker     d.u.i.k.j.JavaProgramElement Program match failed (pattern true;, source _y) 
17294      DEBUG Test worker     d.u.i.k.j.JavaProgramElement Program match failed (pattern false;, source _y) 
17294      DEBUG Test worker     d.u.i.k.j.JavaProgramElement Program match failed (pattern true;, source _y) 
17294      DEBUG Test worker     d.u.i.k.j.JavaProgramElement Program match failed (pattern true;, source _y) 
17294      DEBUG Test worker     d.u.i.k.j.JavaProgramElement Program match failed (pattern false;, source _y) 
17294      DEBUG Test worker     d.u.i.k.j.JavaProgramElement Program match failed (pattern true;, source _y) 
17294      DEBUG Test worker     d.u.i.k.j.JavaProgramElement Program match failed (pattern false;, source _y) 
17388      DEBUG Test worker     d.u.i.k.j.JavaProgramElement Program match failed (pattern false;, source _x < _z;) 
17388      DEBUG Test worker     d.u.i.k.j.JavaProgramElement Program match failed (pattern true;, source _x < _z;) 
17388      DEBUG Test worker     d.u.i.k.j.JavaProgramElement Program match failed (pattern false;, source _x < _z;) 
17388      DEBUG Test worker     d.u.i.k.j.JavaProgramElement Program match failed (pattern true;, source _x < _z;) 
17404      DEBUG Test worker     d.u.i.k.j.JavaProgramElement Program match failed (pattern true;, source _x < _z;) 
17404      DEBUG Test worker     d.u.i.k.j.JavaProgramElement Program match failed (pattern false;, source _x < _z;) 
17404      DEBUG Test worker     d.u.i.k.j.JavaProgramElement Program match failed (pattern true;, source _x < _z;) 
17404      DEBUG Test worker     d.u.i.k.j.JavaProgramElement Program match failed (pattern false;, source _x < _z;) 
17435      DEBUG Test worker     d.u.i.k.j.JavaProgramElement Program match failed (pattern false;, source _x) 
17435      DEBUG Test worker     d.u.i.k.j.JavaProgramElement Program match failed (pattern true;, source _x) 
17451      DEBUG Test worker     d.u.i.k.j.JavaProgramElement Program match failed (pattern false;, source _x) 
17451      DEBUG Test worker     d.u.i.k.j.JavaProgramElement Program match failed (pattern true;, source _x) 
17451      DEBUG Test worker     d.u.i.k.j.JavaProgramElement Program match failed (pattern true;, source _x) 
17451      DEBUG Test worker     d.u.i.k.j.JavaProgramElement Program match failed (pattern false;, source _x) 
17451      DEBUG Test worker     d.u.i.k.j.JavaProgramElement Program match failed (pattern true;, source _x) 
17451      DEBUG Test worker     d.u.i.k.j.JavaProgramElement Program match failed (pattern false;, source _x) 
17482      DEBUG Test worker     d.u.i.k.j.JavaProgramElement Program match failed (pattern true;, source mid + 1;) 
17482      DEBUG Test worker     d.u.i.k.j.JavaProgramElement Program match failed (pattern false;, source mid + 1;) 
17482      DEBUG Test worker     d.u.i.k.j.JavaProgramElement Program match failed (pattern true;, source mid + 1;) 
17482      DEBUG Test worker     d.u.i.k.j.JavaProgramElement Program match failed (pattern false;, source mid + 1;) 
17513      DEBUG Test worker     d.u.i.k.j.JavaProgramElement Program match failed (pattern true;, source i) 
17513      DEBUG Test worker     d.u.i.k.j.JavaProgramElement Program match failed (pattern false;, source i) 
17513      DEBUG Test worker     d.u.i.k.j.JavaProgramElement Program match failed (pattern true;, source i) 
17513      DEBUG Test worker     d.u.i.k.j.JavaProgramElement Program match failed (pattern false;, source i) 
17529      DEBUG Test worker     d.u.i.k.j.JavaProgramElement Program match failed (pattern false;, source _x) 
17529      DEBUG Test worker     d.u.i.k.j.JavaProgramElement Program match failed (pattern true;, source _x) 
17529      DEBUG Test worker     d.u.i.k.j.JavaProgramElement Program match failed (pattern false;, source _x) 
17529      DEBUG Test worker     d.u.i.k.j.JavaProgramElement Program match failed (pattern true;, source _x) 
17529      DEBUG Test worker     d.u.i.k.j.JavaProgramElement Program match failed (pattern true;, source _x) 
17529      DEBUG Test worker     d.u.i.k.j.JavaProgramElement Program match failed (pattern false;, source _x) 
17529      DEBUG Test worker     d.u.i.k.j.JavaProgramElement Program match failed (pattern true;, source _x) 
17529      DEBUG Test worker     d.u.i.k.j.JavaProgramElement Program match failed (pattern false;, source _x) 
17560      DEBUG Test worker     d.u.i.k.j.JavaProgramElement Program match failed (pattern true;, source mid + 1;) 
17560      DEBUG Test worker     d.u.i.k.j.JavaProgramElement Program match failed (pattern false;, source mid + 1;) 
17560      DEBUG Test worker     d.u.i.k.j.JavaProgramElement Program match failed (pattern true;, source mid + 1;) 
17560      DEBUG Test worker     d.u.i.k.j.JavaProgramElement Program match failed (pattern false;, source mid + 1;) 
17576      DEBUG Test worker     d.u.i.k.j.JavaProgramElement Program match failed (pattern true;, source i) 
17576      DEBUG Test worker     d.u.i.k.j.JavaProgramElement Program match failed (pattern false;, source i) 
17576      DEBUG Test worker     d.u.i.k.j.JavaProgramElement Program match failed (pattern true;, source i) 
17576      DEBUG Test worker     d.u.i.k.j.JavaProgramElement Program match failed (pattern false;, source i) 
17608      DEBUG Test worker     d.u.i.k.j.JavaProgramElement Program match failed (pattern false;, source _y) 
17608      DEBUG Test worker     d.u.i.k.j.JavaProgramElement Program match failed (pattern true;, source _y) 
17608      DEBUG Test worker     d.u.i.k.j.JavaProgramElement Program match failed (pattern false;, source _y) 
17608      DEBUG Test worker     d.u.i.k.j.JavaProgramElement Program match failed (pattern true;, source _y) 
17608      DEBUG Test worker     d.u.i.k.j.JavaProgramElement Program match failed (pattern true;, source _y) 
17608      DEBUG Test worker     d.u.i.k.j.JavaProgramElement Program match failed (pattern false;, source _y) 
17608      DEBUG Test worker     d.u.i.k.j.JavaProgramElement Program match failed (pattern true;, source _y) 
17608      DEBUG Test worker     d.u.i.k.j.JavaProgramElement Program match failed (pattern false;, source _y) 
17623      DEBUG Test worker     d.u.i.k.j.JavaProgramElement Program match failed (pattern true;, source mid + 1;) 
17623      DEBUG Test worker     d.u.i.k.j.JavaProgramElement Program match failed (pattern false;, source mid + 1;) 
17623      DEBUG Test worker     d.u.i.k.j.JavaProgramElement Program match failed (pattern true;, source mid + 1;) 
17623      DEBUG Test worker     d.u.i.k.j.JavaProgramElement Program match failed (pattern false;, source mid + 1;) 
17638      DEBUG Test worker     d.u.i.k.j.JavaProgramElement Program match failed (pattern true;, source i) 
17654      DEBUG Test worker     d.u.i.k.j.JavaProgramElement Program match failed (pattern false;, source i) 
17654      DEBUG Test worker     d.u.i.k.j.JavaProgramElement Program match failed (pattern true;, source i) 
17654      DEBUG Test worker     d.u.i.k.j.JavaProgramElement Program match failed (pattern false;, source i) 
]]></system-out>
  <system-err><![CDATA[]]></system-err>
</testsuite>
