<?xml version="1.0" encoding="UTF-8"?>
<testsuite name="de.uka.ilkd.key.parser.TestTermParserHeap" tests="39" skipped="0" failures="0" errors="0" timestamp="2023-04-03T21:11:54" hostname="fv-az399-738" time="108.865">
  <properties/>
  <testcase name="testBracketHeapUpdate()" classname="de.uka.ilkd.key.parser.TestTermParserHeap" time="0.013"/>
  <testcase name="testStore()" classname="de.uka.ilkd.key.parser.TestTermParserHeap" time="0.007"/>
  <testcase name="testUnknownConstant()" classname="de.uka.ilkd.key.parser.TestTermParserHeap" time="0.001"/>
  <testcase name="testAllFieldsSelector()" classname="de.uka.ilkd.key.parser.TestTermParserHeap" time="0.002"/>
  <testcase name="testParsePrettyPrintedSelect()" classname="de.uka.ilkd.key.parser.TestTermParserHeap" time="0.001"/>
  <testcase name="testAccessStaticMembers()" classname="de.uka.ilkd.key.parser.TestTermParserHeap" time="0.003"/>
  <testcase name="testAtOperator_1()" classname="de.uka.ilkd.key.parser.TestTermParserHeap" time="0.002"/>
  <testcase name="testAtOperator_2()" classname="de.uka.ilkd.key.parser.TestTermParserHeap" time="0.001"/>
  <testcase name="testAtOperator_3()" classname="de.uka.ilkd.key.parser.TestTermParserHeap" time="0.001"/>
  <testcase name="testAtOperator_4()" classname="de.uka.ilkd.key.parser.TestTermParserHeap" time="0.007"/>
  <testcase name="testAtOperator_5()" classname="de.uka.ilkd.key.parser.TestTermParserHeap" time="0.002"/>
  <testcase name="testAtOperator_6()" classname="de.uka.ilkd.key.parser.TestTermParserHeap" time="0.002"/>
  <testcase name="testAtOperator_7()" classname="de.uka.ilkd.key.parser.TestTermParserHeap" time="0.002"/>
  <testcase name="testAtOperator_8()" classname="de.uka.ilkd.key.parser.TestTermParserHeap" time="0.009"/>
  <testcase name="testVerifyExceptionIfAtOperatorNotPreceededBySelectTerm()" classname="de.uka.ilkd.key.parser.TestTermParserHeap" time="0.005"/>
  <testcase name="testBugResettingCounter()" classname="de.uka.ilkd.key.parser.TestTermParserHeap" time="0.002"/>
  <testcase name="testLocationSets()" classname="de.uka.ilkd.key.parser.TestTermParserHeap" time="0.002"/>
  <testcase name="testQuantifiedSelect()" classname="de.uka.ilkd.key.parser.TestTermParserHeap" time="0.002"/>
  <testcase name="testGenericObjectProperties()" classname="de.uka.ilkd.key.parser.TestTermParserHeap" time="0.001"/>
  <testcase name="testQueryInheritance_1()" classname="de.uka.ilkd.key.parser.TestTermParserHeap" time="0.007"/>
  <testcase name="testQueryInheritance_2()" classname="de.uka.ilkd.key.parser.TestTermParserHeap" time="0.002"/>
  <testcase name="testQueryInheritance_3()" classname="de.uka.ilkd.key.parser.TestTermParserHeap" time="0.005"/>
  <testcase name="testQueryInheritance_4()" classname="de.uka.ilkd.key.parser.TestTermParserHeap" time="0.001"/>
  <testcase name="testQueryInheritance_5()" classname="de.uka.ilkd.key.parser.TestTermParserHeap" time="0.001"/>
  <testcase name="testQueryInheritance_6()" classname="de.uka.ilkd.key.parser.TestTermParserHeap" time="0.002"/>
  <testcase name="testQueryInheritance_7()" classname="de.uka.ilkd.key.parser.TestTermParserHeap" time="0.005"/>
  <testcase name="testQueryInheritance_8()" classname="de.uka.ilkd.key.parser.TestTermParserHeap" time="0.001"/>
  <testcase name="testQueryInheritance_9()" classname="de.uka.ilkd.key.parser.TestTermParserHeap" time="0.004"/>
  <testcase name="testQueryBasic_10()" classname="de.uka.ilkd.key.parser.TestTermParserHeap" time="0.001"/>
  <testcase name="testQueryBasic_11()" classname="de.uka.ilkd.key.parser.TestTermParserHeap" time="0.002"/>
  <testcase name="testQueryBasic_1()" classname="de.uka.ilkd.key.parser.TestTermParserHeap" time="0.001"/>
  <testcase name="testQueryBasic_2()" classname="de.uka.ilkd.key.parser.TestTermParserHeap" time="0.003"/>
  <testcase name="testQueryBasic_3()" classname="de.uka.ilkd.key.parser.TestTermParserHeap" time="0.004"/>
  <testcase name="testQueryBasic_4()" classname="de.uka.ilkd.key.parser.TestTermParserHeap" time="0.002"/>
  <testcase name="testQueryBasic_5()" classname="de.uka.ilkd.key.parser.TestTermParserHeap" time="0.001"/>
  <testcase name="testQueryBasic_6()" classname="de.uka.ilkd.key.parser.TestTermParserHeap" time="0.004"/>
  <testcase name="testQueryBasic_7()" classname="de.uka.ilkd.key.parser.TestTermParserHeap" time="0.002"/>
  <testcase name="testQueryBasic_8()" classname="de.uka.ilkd.key.parser.TestTermParserHeap" time="0.001"/>
  <testcase name="testQueryBasic_9()" classname="de.uka.ilkd.key.parser.TestTermParserHeap" time="0.001"/>
  <system-out><![CDATA[292250     INFO  Test worker     d.u.i.k.n.KeyIO           Parsing took 1 ms 
292250     INFO  Test worker     d.u.i.k.n.KeyIO           MODE: declarations took 0 ms 
292250     INFO  Test worker     d.u.i.k.n.KeyIO           Parsing took 0 ms 
292250     INFO  Test worker     d.u.i.k.n.KeyIO           MODE: declarations took 0 ms 
292250     INFO  Test worker     d.u.i.k.n.KeyIO           Parsing took 0 ms 
292250     INFO  Test worker     d.u.i.k.n.KeyIO           MODE: declarations took 0 ms 
292250     INFO  Test worker     d.u.i.k.n.KeyIO           Parsing took 0 ms 
292250     INFO  Test worker     d.u.i.k.n.KeyIO           MODE: declarations took 0 ms 
292250     INFO  Test worker     d.u.i.k.n.KeyIO           Parsing took 0 ms 
292250     INFO  Test worker     d.u.i.k.n.KeyIO           MODE: declarations took 0 ms 
295111     INFO  Test worker     d.u.i.k.n.KeyIO           Parsing took 0 ms 
295111     INFO  Test worker     d.u.i.k.n.KeyIO           MODE: declarations took 0 ms 
295111     INFO  Test worker     d.u.i.k.n.KeyIO           Parsing took 0 ms 
295111     INFO  Test worker     d.u.i.k.n.KeyIO           MODE: declarations took 0 ms 
295111     INFO  Test worker     d.u.i.k.n.KeyIO           Parsing took 0 ms 
295111     INFO  Test worker     d.u.i.k.n.KeyIO           MODE: declarations took 0 ms 
295111     INFO  Test worker     d.u.i.k.n.KeyIO           Parsing took 0 ms 
295111     INFO  Test worker     d.u.i.k.n.KeyIO           MODE: declarations took 0 ms 
295111     INFO  Test worker     d.u.i.k.n.KeyIO           Parsing took 0 ms 
295111     INFO  Test worker     d.u.i.k.n.KeyIO           MODE: declarations took 0 ms 
297995     INFO  Test worker     d.u.i.k.n.KeyIO           Parsing took 0 ms 
297995     INFO  Test worker     d.u.i.k.n.KeyIO           MODE: declarations took 0 ms 
297995     INFO  Test worker     d.u.i.k.n.KeyIO           Parsing took 0 ms 
297995     INFO  Test worker     d.u.i.k.n.KeyIO           MODE: declarations took 0 ms 
297995     INFO  Test worker     d.u.i.k.n.KeyIO           Parsing took 0 ms 
297995     INFO  Test worker     d.u.i.k.n.KeyIO           MODE: declarations took 0 ms 
297995     INFO  Test worker     d.u.i.k.n.KeyIO           Parsing took 0 ms 
297995     INFO  Test worker     d.u.i.k.n.KeyIO           MODE: declarations took 0 ms 
297995     INFO  Test worker     d.u.i.k.n.KeyIO           Parsing took 0 ms 
297995     INFO  Test worker     d.u.i.k.n.KeyIO           MODE: declarations took 0 ms 
297995     INFO  Test worker     d.u.i.k.n.KeyIO           Parsing took 0 ms 
297995     INFO  Test worker     d.u.i.k.n.KeyIO           MODE: declarations took 0 ms 
300879     INFO  Test worker     d.u.i.k.n.KeyIO           Parsing took 0 ms 
300879     INFO  Test worker     d.u.i.k.n.KeyIO           MODE: declarations took 0 ms 
300879     INFO  Test worker     d.u.i.k.n.KeyIO           Parsing took 0 ms 
300880     INFO  Test worker     d.u.i.k.n.KeyIO           MODE: declarations took 1 ms 
300880     INFO  Test worker     d.u.i.k.n.KeyIO           Parsing took 0 ms 
300880     INFO  Test worker     d.u.i.k.n.KeyIO           MODE: declarations took 0 ms 
300880     INFO  Test worker     d.u.i.k.n.KeyIO           Parsing took 0 ms 
300880     INFO  Test worker     d.u.i.k.n.KeyIO           MODE: declarations took 0 ms 
300880     INFO  Test worker     d.u.i.k.n.KeyIO           Parsing took 0 ms 
300880     INFO  Test worker     d.u.i.k.n.KeyIO           MODE: declarations took 0 ms 
303646     INFO  Test worker     d.u.i.k.n.KeyIO           Parsing took 1 ms 
303646     INFO  Test worker     d.u.i.k.n.KeyIO           MODE: declarations took 0 ms 
303646     INFO  Test worker     d.u.i.k.n.KeyIO           Parsing took 0 ms 
303646     INFO  Test worker     d.u.i.k.n.KeyIO           MODE: declarations took 0 ms 
303646     INFO  Test worker     d.u.i.k.n.KeyIO           Parsing took 0 ms 
303646     INFO  Test worker     d.u.i.k.n.KeyIO           MODE: declarations took 0 ms 
303646     INFO  Test worker     d.u.i.k.n.KeyIO           Parsing took 0 ms 
303646     INFO  Test worker     d.u.i.k.n.KeyIO           MODE: declarations took 0 ms 
303646     INFO  Test worker     d.u.i.k.n.KeyIO           Parsing took 0 ms 
303646     INFO  Test worker     d.u.i.k.n.KeyIO           MODE: declarations took 0 ms 
306428     INFO  Test worker     d.u.i.k.n.KeyIO           Parsing took 0 ms 
306428     INFO  Test worker     d.u.i.k.n.KeyIO           MODE: declarations took 0 ms 
306428     INFO  Test worker     d.u.i.k.n.KeyIO           Parsing took 0 ms 
306428     INFO  Test worker     d.u.i.k.n.KeyIO           MODE: declarations took 0 ms 
306428     INFO  Test worker     d.u.i.k.n.KeyIO           Parsing took 0 ms 
306428     INFO  Test worker     d.u.i.k.n.KeyIO           MODE: declarations took 0 ms 
306428     INFO  Test worker     d.u.i.k.n.KeyIO           Parsing took 0 ms 
306428     INFO  Test worker     d.u.i.k.n.KeyIO           MODE: declarations took 0 ms 
306428     INFO  Test worker     d.u.i.k.n.KeyIO           Parsing took 0 ms 
306429     INFO  Test worker     d.u.i.k.n.KeyIO           MODE: declarations took 1 ms 
309240     INFO  Test worker     d.u.i.k.n.KeyIO           Parsing took 0 ms 
309240     INFO  Test worker     d.u.i.k.n.KeyIO           MODE: declarations took 0 ms 
309240     INFO  Test worker     d.u.i.k.n.KeyIO           Parsing took 0 ms 
309240     INFO  Test worker     d.u.i.k.n.KeyIO           MODE: declarations took 0 ms 
309240     INFO  Test worker     d.u.i.k.n.KeyIO           Parsing took 0 ms 
309240     INFO  Test worker     d.u.i.k.n.KeyIO           MODE: declarations took 0 ms 
309240     INFO  Test worker     d.u.i.k.n.KeyIO           Parsing took 0 ms 
309240     INFO  Test worker     d.u.i.k.n.KeyIO           MODE: declarations took 0 ms 
309240     INFO  Test worker     d.u.i.k.n.KeyIO           Parsing took 0 ms 
309241     INFO  Test worker     d.u.i.k.n.KeyIO           MODE: declarations took 0 ms 
312074     INFO  Test worker     d.u.i.k.n.KeyIO           Parsing took 0 ms 
312074     INFO  Test worker     d.u.i.k.n.KeyIO           MODE: declarations took 0 ms 
312074     INFO  Test worker     d.u.i.k.n.KeyIO           Parsing took 0 ms 
312074     INFO  Test worker     d.u.i.k.n.KeyIO           MODE: declarations took 0 ms 
312074     INFO  Test worker     d.u.i.k.n.KeyIO           Parsing took 0 ms 
312074     INFO  Test worker     d.u.i.k.n.KeyIO           MODE: declarations took 0 ms 
312074     INFO  Test worker     d.u.i.k.n.KeyIO           Parsing took 0 ms 
312075     INFO  Test worker     d.u.i.k.n.KeyIO           MODE: declarations took 0 ms 
312075     INFO  Test worker     d.u.i.k.n.KeyIO           Parsing took 0 ms 
312075     INFO  Test worker     d.u.i.k.n.KeyIO           MODE: declarations took 0 ms 
314920     INFO  Test worker     d.u.i.k.n.KeyIO           Parsing took 0 ms 
314920     INFO  Test worker     d.u.i.k.n.KeyIO           MODE: declarations took 0 ms 
314920     INFO  Test worker     d.u.i.k.n.KeyIO           Parsing took 0 ms 
314920     INFO  Test worker     d.u.i.k.n.KeyIO           MODE: declarations took 0 ms 
314920     INFO  Test worker     d.u.i.k.n.KeyIO           Parsing took 0 ms 
314920     INFO  Test worker     d.u.i.k.n.KeyIO           MODE: declarations took 0 ms 
314920     INFO  Test worker     d.u.i.k.n.KeyIO           Parsing took 0 ms 
314920     INFO  Test worker     d.u.i.k.n.KeyIO           MODE: declarations took 0 ms 
314920     INFO  Test worker     d.u.i.k.n.KeyIO           Parsing took 0 ms 
314920     INFO  Test worker     d.u.i.k.n.KeyIO           MODE: declarations took 0 ms 
317764     INFO  Test worker     d.u.i.k.n.KeyIO           Parsing took 0 ms 
317765     INFO  Test worker     d.u.i.k.n.KeyIO           MODE: declarations took 1 ms 
317765     INFO  Test worker     d.u.i.k.n.KeyIO           Parsing took 0 ms 
317765     INFO  Test worker     d.u.i.k.n.KeyIO           MODE: declarations took 0 ms 
317765     INFO  Test worker     d.u.i.k.n.KeyIO           Parsing took 0 ms 
317765     INFO  Test worker     d.u.i.k.n.KeyIO           MODE: declarations took 0 ms 
317765     INFO  Test worker     d.u.i.k.n.KeyIO           Parsing took 0 ms 
317765     INFO  Test worker     d.u.i.k.n.KeyIO           MODE: declarations took 0 ms 
317765     INFO  Test worker     d.u.i.k.n.KeyIO           Parsing took 0 ms 
317765     INFO  Test worker     d.u.i.k.n.KeyIO           MODE: declarations took 0 ms 
320641     INFO  Test worker     d.u.i.k.n.KeyIO           Parsing took 0 ms 
320641     INFO  Test worker     d.u.i.k.n.KeyIO           MODE: declarations took 0 ms 
320641     INFO  Test worker     d.u.i.k.n.KeyIO           Parsing took 0 ms 
320641     INFO  Test worker     d.u.i.k.n.KeyIO           MODE: declarations took 0 ms 
320641     INFO  Test worker     d.u.i.k.n.KeyIO           Parsing took 0 ms 
320641     INFO  Test worker     d.u.i.k.n.KeyIO           MODE: declarations took 0 ms 
320642     INFO  Test worker     d.u.i.k.n.KeyIO           Parsing took 1 ms 
320642     INFO  Test worker     d.u.i.k.n.KeyIO           MODE: declarations took 0 ms 
320642     INFO  Test worker     d.u.i.k.n.KeyIO           Parsing took 0 ms 
320642     INFO  Test worker     d.u.i.k.n.KeyIO           MODE: declarations took 0 ms 
323504     INFO  Test worker     d.u.i.k.n.KeyIO           Parsing took 0 ms 
323504     INFO  Test worker     d.u.i.k.n.KeyIO           MODE: declarations took 0 ms 
323504     INFO  Test worker     d.u.i.k.n.KeyIO           Parsing took 0 ms 
323504     INFO  Test worker     d.u.i.k.n.KeyIO           MODE: declarations took 0 ms 
323504     INFO  Test worker     d.u.i.k.n.KeyIO           Parsing took 0 ms 
323504     INFO  Test worker     d.u.i.k.n.KeyIO           MODE: declarations took 0 ms 
323504     INFO  Test worker     d.u.i.k.n.KeyIO           Parsing took 0 ms 
323504     INFO  Test worker     d.u.i.k.n.KeyIO           MODE: declarations took 0 ms 
323504     INFO  Test worker     d.u.i.k.n.KeyIO           Parsing took 0 ms 
323504     INFO  Test worker     d.u.i.k.n.KeyIO           MODE: declarations took 0 ms 
326359     INFO  Test worker     d.u.i.k.n.KeyIO           Parsing took 0 ms 
326359     INFO  Test worker     d.u.i.k.n.KeyIO           MODE: declarations took 0 ms 
326359     INFO  Test worker     d.u.i.k.n.KeyIO           Parsing took 0 ms 
326359     INFO  Test worker     d.u.i.k.n.KeyIO           MODE: declarations took 0 ms 
326359     INFO  Test worker     d.u.i.k.n.KeyIO           Parsing took 0 ms 
326359     INFO  Test worker     d.u.i.k.n.KeyIO           MODE: declarations took 0 ms 
326359     INFO  Test worker     d.u.i.k.n.KeyIO           Parsing took 0 ms 
326359     INFO  Test worker     d.u.i.k.n.KeyIO           MODE: declarations took 0 ms 
326359     INFO  Test worker     d.u.i.k.n.KeyIO           Parsing took 0 ms 
326359     INFO  Test worker     d.u.i.k.n.KeyIO           MODE: declarations took 0 ms 
329206     INFO  Test worker     d.u.i.k.n.KeyIO           Parsing took 0 ms 
329207     INFO  Test worker     d.u.i.k.n.KeyIO           MODE: declarations took 0 ms 
329207     INFO  Test worker     d.u.i.k.n.KeyIO           Parsing took 0 ms 
329207     INFO  Test worker     d.u.i.k.n.KeyIO           MODE: declarations took 0 ms 
329208     INFO  Test worker     d.u.i.k.n.KeyIO           Parsing took 0 ms 
329208     INFO  Test worker     d.u.i.k.n.KeyIO           MODE: declarations took 0 ms 
329208     INFO  Test worker     d.u.i.k.n.KeyIO           Parsing took 0 ms 
329209     INFO  Test worker     d.u.i.k.n.KeyIO           MODE: declarations took 0 ms 
329209     INFO  Test worker     d.u.i.k.n.KeyIO           Parsing took 0 ms 
329209     INFO  Test worker     d.u.i.k.n.KeyIO           MODE: declarations took 0 ms 
332112     INFO  Test worker     d.u.i.k.n.KeyIO           Parsing took 0 ms 
332113     INFO  Test worker     d.u.i.k.n.KeyIO           MODE: declarations took 0 ms 
332113     INFO  Test worker     d.u.i.k.n.KeyIO           Parsing took 0 ms 
332113     INFO  Test worker     d.u.i.k.n.KeyIO           MODE: declarations took 0 ms 
332113     INFO  Test worker     d.u.i.k.n.KeyIO           Parsing took 0 ms 
332113     INFO  Test worker     d.u.i.k.n.KeyIO           MODE: declarations took 0 ms 
332113     INFO  Test worker     d.u.i.k.n.KeyIO           Parsing took 0 ms 
332113     INFO  Test worker     d.u.i.k.n.KeyIO           MODE: declarations took 0 ms 
332113     INFO  Test worker     d.u.i.k.n.KeyIO           Parsing took 0 ms 
332113     INFO  Test worker     d.u.i.k.n.KeyIO           MODE: declarations took 0 ms 
332118     WARN  Test worker     d.u.i.k.n.KeYParser       [syntax-error] <unknown>:1:11: mismatched input '@' expecting {'/', ':=', '.', '(', ')', '{', '[', '@', PARALLEL, OR, AND, IMP, '=', NOT_EQUALS, '%', '*', '-', '+', '>', GREATEREQUAL, '<', LESSEQUAL, LGUILLEMETS, EQV} [@11,11:11='@',<153>,1:11] (termEOF) 
335024     INFO  Test worker     d.u.i.k.n.KeyIO           Parsing took 0 ms 
335025     INFO  Test worker     d.u.i.k.n.KeyIO           MODE: declarations took 0 ms 
335025     INFO  Test worker     d.u.i.k.n.KeyIO           Parsing took 0 ms 
335025     INFO  Test worker     d.u.i.k.n.KeyIO           MODE: declarations took 0 ms 
335025     INFO  Test worker     d.u.i.k.n.KeyIO           Parsing took 0 ms 
335025     INFO  Test worker     d.u.i.k.n.KeyIO           MODE: declarations took 0 ms 
335025     INFO  Test worker     d.u.i.k.n.KeyIO           Parsing took 0 ms 
335025     INFO  Test worker     d.u.i.k.n.KeyIO           MODE: declarations took 0 ms 
335025     INFO  Test worker     d.u.i.k.n.KeyIO           Parsing took 0 ms 
335025     INFO  Test worker     d.u.i.k.n.KeyIO           MODE: declarations took 0 ms 
337866     INFO  Test worker     d.u.i.k.n.KeyIO           Parsing took 0 ms 
337866     INFO  Test worker     d.u.i.k.n.KeyIO           MODE: declarations took 0 ms 
337866     INFO  Test worker     d.u.i.k.n.KeyIO           Parsing took 0 ms 
337866     INFO  Test worker     d.u.i.k.n.KeyIO           MODE: declarations took 0 ms 
337866     INFO  Test worker     d.u.i.k.n.KeyIO           Parsing took 0 ms 
337867     INFO  Test worker     d.u.i.k.n.KeyIO           MODE: declarations took 1 ms 
337867     INFO  Test worker     d.u.i.k.n.KeyIO           Parsing took 0 ms 
337867     INFO  Test worker     d.u.i.k.n.KeyIO           MODE: declarations took 0 ms 
337867     INFO  Test worker     d.u.i.k.n.KeyIO           Parsing took 0 ms 
337867     INFO  Test worker     d.u.i.k.n.KeyIO           MODE: declarations took 0 ms 
340716     INFO  Test worker     d.u.i.k.n.KeyIO           Parsing took 0 ms 
340716     INFO  Test worker     d.u.i.k.n.KeyIO           MODE: declarations took 0 ms 
340716     INFO  Test worker     d.u.i.k.n.KeyIO           Parsing took 0 ms 
340716     INFO  Test worker     d.u.i.k.n.KeyIO           MODE: declarations took 0 ms 
340716     INFO  Test worker     d.u.i.k.n.KeyIO           Parsing took 0 ms 
340716     INFO  Test worker     d.u.i.k.n.KeyIO           MODE: declarations took 0 ms 
340716     INFO  Test worker     d.u.i.k.n.KeyIO           Parsing took 0 ms 
340716     INFO  Test worker     d.u.i.k.n.KeyIO           MODE: declarations took 0 ms 
340716     INFO  Test worker     d.u.i.k.n.KeyIO           Parsing took 0 ms 
340716     INFO  Test worker     d.u.i.k.n.KeyIO           MODE: declarations took 0 ms 
343552     INFO  Test worker     d.u.i.k.n.KeyIO           Parsing took 0 ms 
343552     INFO  Test worker     d.u.i.k.n.KeyIO           MODE: declarations took 0 ms 
343552     INFO  Test worker     d.u.i.k.n.KeyIO           Parsing took 0 ms 
343552     INFO  Test worker     d.u.i.k.n.KeyIO           MODE: declarations took 0 ms 
343552     INFO  Test worker     d.u.i.k.n.KeyIO           Parsing took 0 ms 
343552     INFO  Test worker     d.u.i.k.n.KeyIO           MODE: declarations took 0 ms 
343552     INFO  Test worker     d.u.i.k.n.KeyIO           Parsing took 0 ms 
343552     INFO  Test worker     d.u.i.k.n.KeyIO           MODE: declarations took 0 ms 
343552     INFO  Test worker     d.u.i.k.n.KeyIO           Parsing took 0 ms 
343552     INFO  Test worker     d.u.i.k.n.KeyIO           MODE: declarations took 0 ms 
346392     INFO  Test worker     d.u.i.k.n.KeyIO           Parsing took 0 ms 
346393     INFO  Test worker     d.u.i.k.n.KeyIO           MODE: declarations took 1 ms 
346393     INFO  Test worker     d.u.i.k.n.KeyIO           Parsing took 0 ms 
346393     INFO  Test worker     d.u.i.k.n.KeyIO           MODE: declarations took 0 ms 
346394     INFO  Test worker     d.u.i.k.n.KeyIO           Parsing took 0 ms 
346394     INFO  Test worker     d.u.i.k.n.KeyIO           MODE: declarations took 0 ms 
346394     INFO  Test worker     d.u.i.k.n.KeyIO           Parsing took 0 ms 
346395     INFO  Test worker     d.u.i.k.n.KeyIO           MODE: declarations took 0 ms 
346395     INFO  Test worker     d.u.i.k.n.KeyIO           Parsing took 0 ms 
346396     INFO  Test worker     d.u.i.k.n.KeyIO           MODE: declarations took 1 ms 
349217     INFO  Test worker     d.u.i.k.n.KeyIO           Parsing took 0 ms 
349217     INFO  Test worker     d.u.i.k.n.KeyIO           MODE: declarations took 0 ms 
349218     INFO  Test worker     d.u.i.k.n.KeyIO           Parsing took 0 ms 
349218     INFO  Test worker     d.u.i.k.n.KeyIO           MODE: declarations took 0 ms 
349218     INFO  Test worker     d.u.i.k.n.KeyIO           Parsing took 0 ms 
349218     INFO  Test worker     d.u.i.k.n.KeyIO           MODE: declarations took 0 ms 
349218     INFO  Test worker     d.u.i.k.n.KeyIO           Parsing took 0 ms 
349218     INFO  Test worker     d.u.i.k.n.KeyIO           MODE: declarations took 0 ms 
349218     INFO  Test worker     d.u.i.k.n.KeyIO           Parsing took 0 ms 
349218     INFO  Test worker     d.u.i.k.n.KeyIO           MODE: declarations took 0 ms 
352070     INFO  Test worker     d.u.i.k.n.KeyIO           Parsing took 0 ms 
352070     INFO  Test worker     d.u.i.k.n.KeyIO           MODE: declarations took 0 ms 
352071     INFO  Test worker     d.u.i.k.n.KeyIO           Parsing took 0 ms 
352071     INFO  Test worker     d.u.i.k.n.KeyIO           MODE: declarations took 0 ms 
352071     INFO  Test worker     d.u.i.k.n.KeyIO           Parsing took 0 ms 
352071     INFO  Test worker     d.u.i.k.n.KeyIO           MODE: declarations took 0 ms 
352071     INFO  Test worker     d.u.i.k.n.KeyIO           Parsing took 0 ms 
352071     INFO  Test worker     d.u.i.k.n.KeyIO           MODE: declarations took 0 ms 
352071     INFO  Test worker     d.u.i.k.n.KeyIO           Parsing took 0 ms 
352072     INFO  Test worker     d.u.i.k.n.KeyIO           MODE: declarations took 1 ms 
354899     INFO  Test worker     d.u.i.k.n.KeyIO           Parsing took 0 ms 
354899     INFO  Test worker     d.u.i.k.n.KeyIO           MODE: declarations took 0 ms 
354899     INFO  Test worker     d.u.i.k.n.KeyIO           Parsing took 0 ms 
354899     INFO  Test worker     d.u.i.k.n.KeyIO           MODE: declarations took 0 ms 
354899     INFO  Test worker     d.u.i.k.n.KeyIO           Parsing took 0 ms 
354899     INFO  Test worker     d.u.i.k.n.KeyIO           MODE: declarations took 0 ms 
354899     INFO  Test worker     d.u.i.k.n.KeyIO           Parsing took 0 ms 
354899     INFO  Test worker     d.u.i.k.n.KeyIO           MODE: declarations took 0 ms 
354899     INFO  Test worker     d.u.i.k.n.KeyIO           Parsing took 0 ms 
354899     INFO  Test worker     d.u.i.k.n.KeyIO           MODE: declarations took 0 ms 
357732     INFO  Test worker     d.u.i.k.n.KeyIO           Parsing took 0 ms 
357732     INFO  Test worker     d.u.i.k.n.KeyIO           MODE: declarations took 0 ms 
357732     INFO  Test worker     d.u.i.k.n.KeyIO           Parsing took 0 ms 
357732     INFO  Test worker     d.u.i.k.n.KeyIO           MODE: declarations took 0 ms 
357733     INFO  Test worker     d.u.i.k.n.KeyIO           Parsing took 1 ms 
357733     INFO  Test worker     d.u.i.k.n.KeyIO           MODE: declarations took 0 ms 
357733     INFO  Test worker     d.u.i.k.n.KeyIO           Parsing took 0 ms 
357733     INFO  Test worker     d.u.i.k.n.KeyIO           MODE: declarations took 0 ms 
357733     INFO  Test worker     d.u.i.k.n.KeyIO           Parsing took 0 ms 
357733     INFO  Test worker     d.u.i.k.n.KeyIO           MODE: declarations took 0 ms 
360545     INFO  Test worker     d.u.i.k.n.KeyIO           Parsing took 0 ms 
360545     INFO  Test worker     d.u.i.k.n.KeyIO           MODE: declarations took 0 ms 
360545     INFO  Test worker     d.u.i.k.n.KeyIO           Parsing took 0 ms 
360545     INFO  Test worker     d.u.i.k.n.KeyIO           MODE: declarations took 0 ms 
360545     INFO  Test worker     d.u.i.k.n.KeyIO           Parsing took 0 ms 
360545     INFO  Test worker     d.u.i.k.n.KeyIO           MODE: declarations took 0 ms 
360545     INFO  Test worker     d.u.i.k.n.KeyIO           Parsing took 0 ms 
360546     INFO  Test worker     d.u.i.k.n.KeyIO           MODE: declarations took 0 ms 
360546     INFO  Test worker     d.u.i.k.n.KeyIO           Parsing took 0 ms 
360546     INFO  Test worker     d.u.i.k.n.KeyIO           MODE: declarations took 0 ms 
363445     INFO  Test worker     d.u.i.k.n.KeyIO           Parsing took 0 ms 
363446     INFO  Test worker     d.u.i.k.n.KeyIO           MODE: declarations took 0 ms 
363446     INFO  Test worker     d.u.i.k.n.KeyIO           Parsing took 0 ms 
363446     INFO  Test worker     d.u.i.k.n.KeyIO           MODE: declarations took 0 ms 
363446     INFO  Test worker     d.u.i.k.n.KeyIO           Parsing took 0 ms 
363447     INFO  Test worker     d.u.i.k.n.KeyIO           MODE: declarations took 1 ms 
363448     INFO  Test worker     d.u.i.k.n.KeyIO           Parsing took 0 ms 
363448     INFO  Test worker     d.u.i.k.n.KeyIO           MODE: declarations took 0 ms 
363448     INFO  Test worker     d.u.i.k.n.KeyIO           Parsing took 0 ms 
363448     INFO  Test worker     d.u.i.k.n.KeyIO           MODE: declarations took 0 ms 
366787     INFO  Test worker     d.u.i.k.n.KeyIO           Parsing took 0 ms 
366787     INFO  Test worker     d.u.i.k.n.KeyIO           MODE: declarations took 0 ms 
366787     INFO  Test worker     d.u.i.k.n.KeyIO           Parsing took 0 ms 
366787     INFO  Test worker     d.u.i.k.n.KeyIO           MODE: declarations took 0 ms 
366787     INFO  Test worker     d.u.i.k.n.KeyIO           Parsing took 0 ms 
366787     INFO  Test worker     d.u.i.k.n.KeyIO           MODE: declarations took 0 ms 
366787     INFO  Test worker     d.u.i.k.n.KeyIO           Parsing took 0 ms 
366787     INFO  Test worker     d.u.i.k.n.KeyIO           MODE: declarations took 0 ms 
366788     INFO  Test worker     d.u.i.k.n.KeyIO           Parsing took 1 ms 
366788     INFO  Test worker     d.u.i.k.n.KeyIO           MODE: declarations took 0 ms 
369668     INFO  Test worker     d.u.i.k.n.KeyIO           Parsing took 0 ms 
369668     INFO  Test worker     d.u.i.k.n.KeyIO           MODE: declarations took 0 ms 
369668     INFO  Test worker     d.u.i.k.n.KeyIO           Parsing took 0 ms 
369669     INFO  Test worker     d.u.i.k.n.KeyIO           MODE: declarations took 0 ms 
369669     INFO  Test worker     d.u.i.k.n.KeyIO           Parsing took 0 ms 
369669     INFO  Test worker     d.u.i.k.n.KeyIO           MODE: declarations took 0 ms 
369669     INFO  Test worker     d.u.i.k.n.KeyIO           Parsing took 0 ms 
369669     INFO  Test worker     d.u.i.k.n.KeyIO           MODE: declarations took 0 ms 
369669     INFO  Test worker     d.u.i.k.n.KeyIO           Parsing took 0 ms 
369670     INFO  Test worker     d.u.i.k.n.KeyIO           MODE: declarations took 0 ms 
372545     INFO  Test worker     d.u.i.k.n.KeyIO           Parsing took 0 ms 
372545     INFO  Test worker     d.u.i.k.n.KeyIO           MODE: declarations took 0 ms 
372545     INFO  Test worker     d.u.i.k.n.KeyIO           Parsing took 0 ms 
372545     INFO  Test worker     d.u.i.k.n.KeyIO           MODE: declarations took 0 ms 
372545     INFO  Test worker     d.u.i.k.n.KeyIO           Parsing took 0 ms 
372545     INFO  Test worker     d.u.i.k.n.KeyIO           MODE: declarations took 0 ms 
372545     INFO  Test worker     d.u.i.k.n.KeyIO           Parsing took 0 ms 
372545     INFO  Test worker     d.u.i.k.n.KeyIO           MODE: declarations took 0 ms 
372545     INFO  Test worker     d.u.i.k.n.KeyIO           Parsing took 0 ms 
372545     INFO  Test worker     d.u.i.k.n.KeyIO           MODE: declarations took 0 ms 
375405     INFO  Test worker     d.u.i.k.n.KeyIO           Parsing took 0 ms 
375405     INFO  Test worker     d.u.i.k.n.KeyIO           MODE: declarations took 0 ms 
375405     INFO  Test worker     d.u.i.k.n.KeyIO           Parsing took 0 ms 
375405     INFO  Test worker     d.u.i.k.n.KeyIO           MODE: declarations took 0 ms 
375405     INFO  Test worker     d.u.i.k.n.KeyIO           Parsing took 0 ms 
375405     INFO  Test worker     d.u.i.k.n.KeyIO           MODE: declarations took 0 ms 
375405     INFO  Test worker     d.u.i.k.n.KeyIO           Parsing took 0 ms 
375405     INFO  Test worker     d.u.i.k.n.KeyIO           MODE: declarations took 0 ms 
375405     INFO  Test worker     d.u.i.k.n.KeyIO           Parsing took 0 ms 
375406     INFO  Test worker     d.u.i.k.n.KeyIO           MODE: declarations took 1 ms 
378280     INFO  Test worker     d.u.i.k.n.KeyIO           Parsing took 0 ms 
378280     INFO  Test worker     d.u.i.k.n.KeyIO           MODE: declarations took 0 ms 
378280     INFO  Test worker     d.u.i.k.n.KeyIO           Parsing took 0 ms 
378280     INFO  Test worker     d.u.i.k.n.KeyIO           MODE: declarations took 0 ms 
378280     INFO  Test worker     d.u.i.k.n.KeyIO           Parsing took 0 ms 
378280     INFO  Test worker     d.u.i.k.n.KeyIO           MODE: declarations took 0 ms 
378280     INFO  Test worker     d.u.i.k.n.KeyIO           Parsing took 0 ms 
378281     INFO  Test worker     d.u.i.k.n.KeyIO           MODE: declarations took 1 ms 
378281     INFO  Test worker     d.u.i.k.n.KeyIO           Parsing took 0 ms 
378281     INFO  Test worker     d.u.i.k.n.KeyIO           MODE: declarations took 0 ms 
381182     INFO  Test worker     d.u.i.k.n.KeyIO           Parsing took 0 ms 
381182     INFO  Test worker     d.u.i.k.n.KeyIO           MODE: declarations took 0 ms 
381182     INFO  Test worker     d.u.i.k.n.KeyIO           Parsing took 0 ms 
381182     INFO  Test worker     d.u.i.k.n.KeyIO           MODE: declarations took 0 ms 
381182     INFO  Test worker     d.u.i.k.n.KeyIO           Parsing took 0 ms 
381182     INFO  Test worker     d.u.i.k.n.KeyIO           MODE: declarations took 0 ms 
381183     INFO  Test worker     d.u.i.k.n.KeyIO           Parsing took 1 ms 
381183     INFO  Test worker     d.u.i.k.n.KeyIO           MODE: declarations took 0 ms 
381183     INFO  Test worker     d.u.i.k.n.KeyIO           Parsing took 0 ms 
381183     INFO  Test worker     d.u.i.k.n.KeyIO           MODE: declarations took 0 ms 
384061     INFO  Test worker     d.u.i.k.n.KeyIO           Parsing took 0 ms 
384061     INFO  Test worker     d.u.i.k.n.KeyIO           MODE: declarations took 0 ms 
384061     INFO  Test worker     d.u.i.k.n.KeyIO           Parsing took 0 ms 
384062     INFO  Test worker     d.u.i.k.n.KeyIO           MODE: declarations took 1 ms 
384062     INFO  Test worker     d.u.i.k.n.KeyIO           Parsing took 0 ms 
384063     INFO  Test worker     d.u.i.k.n.KeyIO           MODE: declarations took 1 ms 
384063     INFO  Test worker     d.u.i.k.n.KeyIO           Parsing took 0 ms 
384063     INFO  Test worker     d.u.i.k.n.KeyIO           MODE: declarations took 0 ms 
384063     INFO  Test worker     d.u.i.k.n.KeyIO           Parsing took 0 ms 
384063     INFO  Test worker     d.u.i.k.n.KeyIO           MODE: declarations took 0 ms 
386924     INFO  Test worker     d.u.i.k.n.KeyIO           Parsing took 0 ms 
386924     INFO  Test worker     d.u.i.k.n.KeyIO           MODE: declarations took 0 ms 
386924     INFO  Test worker     d.u.i.k.n.KeyIO           Parsing took 0 ms 
386924     INFO  Test worker     d.u.i.k.n.KeyIO           MODE: declarations took 0 ms 
386924     INFO  Test worker     d.u.i.k.n.KeyIO           Parsing took 0 ms 
386924     INFO  Test worker     d.u.i.k.n.KeyIO           MODE: declarations took 0 ms 
386924     INFO  Test worker     d.u.i.k.n.KeyIO           Parsing took 0 ms 
386924     INFO  Test worker     d.u.i.k.n.KeyIO           MODE: declarations took 0 ms 
386924     INFO  Test worker     d.u.i.k.n.KeyIO           Parsing took 0 ms 
386924     INFO  Test worker     d.u.i.k.n.KeyIO           MODE: declarations took 0 ms 
389788     INFO  Test worker     d.u.i.k.n.KeyIO           Parsing took 0 ms 
389789     INFO  Test worker     d.u.i.k.n.KeyIO           MODE: declarations took 0 ms 
389789     INFO  Test worker     d.u.i.k.n.KeyIO           Parsing took 0 ms 
389789     INFO  Test worker     d.u.i.k.n.KeyIO           MODE: declarations took 0 ms 
389789     INFO  Test worker     d.u.i.k.n.KeyIO           Parsing took 0 ms 
389789     INFO  Test worker     d.u.i.k.n.KeyIO           MODE: declarations took 0 ms 
389789     INFO  Test worker     d.u.i.k.n.KeyIO           Parsing took 0 ms 
389789     INFO  Test worker     d.u.i.k.n.KeyIO           MODE: declarations took 0 ms 
389789     INFO  Test worker     d.u.i.k.n.KeyIO           Parsing took 0 ms 
389789     INFO  Test worker     d.u.i.k.n.KeyIO           MODE: declarations took 0 ms 
392668     INFO  Test worker     d.u.i.k.n.KeyIO           Parsing took 0 ms 
392668     INFO  Test worker     d.u.i.k.n.KeyIO           MODE: declarations took 0 ms 
392668     INFO  Test worker     d.u.i.k.n.KeyIO           Parsing took 0 ms 
392668     INFO  Test worker     d.u.i.k.n.KeyIO           MODE: declarations took 0 ms 
392668     INFO  Test worker     d.u.i.k.n.KeyIO           Parsing took 0 ms 
392670     INFO  Test worker     d.u.i.k.n.KeyIO           MODE: declarations took 0 ms 
392670     INFO  Test worker     d.u.i.k.n.KeyIO           Parsing took 0 ms 
392670     INFO  Test worker     d.u.i.k.n.KeyIO           MODE: declarations took 0 ms 
392670     INFO  Test worker     d.u.i.k.n.KeyIO           Parsing took 0 ms 
392670     INFO  Test worker     d.u.i.k.n.KeyIO           MODE: declarations took 0 ms 
395484     INFO  Test worker     d.u.i.k.n.KeyIO           Parsing took 0 ms 
395484     INFO  Test worker     d.u.i.k.n.KeyIO           MODE: declarations took 0 ms 
395484     INFO  Test worker     d.u.i.k.n.KeyIO           Parsing took 0 ms 
395484     INFO  Test worker     d.u.i.k.n.KeyIO           MODE: declarations took 0 ms 
395484     INFO  Test worker     d.u.i.k.n.KeyIO           Parsing took 0 ms 
395484     INFO  Test worker     d.u.i.k.n.KeyIO           MODE: declarations took 0 ms 
395484     INFO  Test worker     d.u.i.k.n.KeyIO           Parsing took 0 ms 
395484     INFO  Test worker     d.u.i.k.n.KeyIO           MODE: declarations took 0 ms 
395485     INFO  Test worker     d.u.i.k.n.KeyIO           Parsing took 0 ms 
395485     INFO  Test worker     d.u.i.k.n.KeyIO           MODE: declarations took 0 ms 
398313     INFO  Test worker     d.u.i.k.n.KeyIO           Parsing took 0 ms 
398314     INFO  Test worker     d.u.i.k.n.KeyIO           MODE: declarations took 0 ms 
398314     INFO  Test worker     d.u.i.k.n.KeyIO           Parsing took 0 ms 
398314     INFO  Test worker     d.u.i.k.n.KeyIO           MODE: declarations took 0 ms 
398314     INFO  Test worker     d.u.i.k.n.KeyIO           Parsing took 0 ms 
398314     INFO  Test worker     d.u.i.k.n.KeyIO           MODE: declarations took 0 ms 
398314     INFO  Test worker     d.u.i.k.n.KeyIO           Parsing took 0 ms 
398314     INFO  Test worker     d.u.i.k.n.KeyIO           MODE: declarations took 0 ms 
398314     INFO  Test worker     d.u.i.k.n.KeyIO           Parsing took 0 ms 
398314     INFO  Test worker     d.u.i.k.n.KeyIO           MODE: declarations took 0 ms 
401113     INFO  Test worker     d.u.i.k.n.KeyIO           Parsing took 0 ms 
401113     INFO  Test worker     d.u.i.k.n.KeyIO           MODE: declarations took 0 ms 
401113     INFO  Test worker     d.u.i.k.n.KeyIO           Parsing took 0 ms 
401113     INFO  Test worker     d.u.i.k.n.KeyIO           MODE: declarations took 0 ms 
401113     INFO  Test worker     d.u.i.k.n.KeyIO           Parsing took 0 ms 
401113     INFO  Test worker     d.u.i.k.n.KeyIO           MODE: declarations took 0 ms 
401113     INFO  Test worker     d.u.i.k.n.KeyIO           Parsing took 0 ms 
401113     INFO  Test worker     d.u.i.k.n.KeyIO           MODE: declarations took 0 ms 
401113     INFO  Test worker     d.u.i.k.n.KeyIO           Parsing took 0 ms 
401113     INFO  Test worker     d.u.i.k.n.KeyIO           MODE: declarations took 0 ms 
]]></system-out>
  <system-err><![CDATA[]]></system-err>
</testsuite>
