<?xml version="1.0" encoding="UTF-8"?>
<testsuite name="de.uka.ilkd.key.rule.TestSchemaModalOperators" tests="4" skipped="0" failures="0" errors="0" timestamp="2023-06-13T15:21:51" hostname="fv-az1226-142" time="1.757">
  <properties/>
  <testcase name="testSchemaModalities1()" classname="de.uka.ilkd.key.rule.TestSchemaModalOperators" time="1.726"/>
  <testcase name="testSchemaModalities2()" classname="de.uka.ilkd.key.rule.TestSchemaModalOperators" time="0.012"/>
  <testcase name="testSchemaModalities3()" classname="de.uka.ilkd.key.rule.TestSchemaModalOperators" time="0.009"/>
  <testcase name="testSchemaModalities4()" classname="de.uka.ilkd.key.rule.TestSchemaModalOperators" time="0.01"/>
  <system-out><![CDATA[880703     INFO  Test worker     d.u.i.k.n.KeyIO           Parsing took 5 ms 
880704     DEBUG Test worker     d.u.i.k.n.KeyIO           Load declarations of de.uka.ilkd.key.nparser.KeyAst$File:  /home/runner/work/key/key/key.core/src/test/resources/testcase/testrules.key:9#1 
880704     INFO  Test worker     d.u.i.k.n.KeyIO           MODE: declarations took 0 ms 
880704     DEBUG Test worker     d.u.i.k.n.KeyIO           MODE: 2nd degree decls took 0 
880734     DEBUG Test worker     d.u.i.k.n.KeyIO           MODE: taclets took 30ms 
]]></system-out>
  <system-err><![CDATA[]]></system-err>
</testsuite>
