<?xml version="1.0" encoding="UTF-8"?>
<testsuite name="de.uka.ilkd.key.rule.merge.PredicateAbstractionLatticeTests" tests="3" skipped="0" failures="0" errors="0" timestamp="2023-06-13T15:24:08" hostname="fv-az1226-142" time="10.604">
  <properties/>
  <testcase name="testToAndFromString()" classname="de.uka.ilkd.key.rule.merge.PredicateAbstractionLatticeTests" time="5.481"/>
  <testcase name="testCreateSignLatticeWithPredicates()" classname="de.uka.ilkd.key.rule.merge.PredicateAbstractionLatticeTests" time="5.123"/>
  <testcase name="testTrivialPredicatesLattice()" classname="de.uka.ilkd.key.rule.merge.PredicateAbstractionLatticeTests" time="0.0"/>
  <system-out><![CDATA[1016264    INFO  Test worker     d.u.i.k.p.i.AbstractProblemLoader Loading environment from src/test/resources/testcase/merge/dummy.key 
1016264    DEBUG Test worker     d.u.i.k.p.i.AbstractProblemLoader Environment load took 87.5ns 
1016265    INFO  Test worker     d.u.i.k.p.i.AbstractProblemLoader Creating init config 
1021723    DEBUG Test worker     d.u.i.k.p.i.AbstractProblemLoader Init config took 5.46s 
1021741    INFO  Test worker     d.u.i.k.p.i.AbstractProblemLoader Replaying proof dummy.key 
1021743    DEBUG Test worker     d.u.i.k.p.i.IntermediateProofReplayer Proof replay took 87.7ns 
1021745    INFO  Test worker     d.u.i.k.p.i.AbstractProblemLoader Loading environment from src/test/resources/testcase/merge/dummy.key 
1021745    DEBUG Test worker     d.u.i.k.p.i.AbstractProblemLoader Environment load took 60.1ns 
1021745    INFO  Test worker     d.u.i.k.p.i.AbstractProblemLoader Creating init config 
1026845    DEBUG Test worker     d.u.i.k.p.i.AbstractProblemLoader Init config took 5.1s 
1026863    INFO  Test worker     d.u.i.k.p.i.AbstractProblemLoader Replaying proof dummy.key 
1026865    DEBUG Test worker     d.u.i.k.p.i.IntermediateProofReplayer Proof replay took 4.1ns 
]]></system-out>
  <system-err><![CDATA[]]></system-err>
</testsuite>
