<?xml version="1.0" encoding="UTF-8"?>
<testsuite name="de.uka.ilkd.key.logic.TestClashFreeSubst" tests="14" skipped="2" failures="0" errors="0" timestamp="2023-06-13T15:08:16" hostname="fv-az1226-142" time="91.943">
  <properties/>
  <testcase name="testMultiShareBound()" classname="de.uka.ilkd.key.logic.TestClashFreeSubst" time="1.8"/>
  <testcase name="testClash()" classname="de.uka.ilkd.key.logic.TestClashFreeSubst" time="1.684"/>
  <testcase name="testShare()" classname="de.uka.ilkd.key.logic.TestClashFreeSubst" time="1.685"/>
  <testcase name="testSubst()" classname="de.uka.ilkd.key.logic.TestClashFreeSubst" time="1.705"/>
  <testcase name="testWary0()" classname="de.uka.ilkd.key.logic.TestClashFreeSubst" time="1.669"/>
  <testcase name="testWary1()" classname="de.uka.ilkd.key.logic.TestClashFreeSubst" time="1.686"/>
  <testcase name="testWary2()" classname="de.uka.ilkd.key.logic.TestClashFreeSubst" time="1.731"/>
  <testcase name="testClashInSubstTerm()" classname="de.uka.ilkd.key.logic.TestClashFreeSubst" time="1.617"/>
  <testcase name="testShareWary()" classname="de.uka.ilkd.key.logic.TestClashFreeSubst" time="1.648"/>
  <testcase name="testMultiSubst()" classname="de.uka.ilkd.key.logic.TestClashFreeSubst" time="1.628"/>
  <testcase name="xtestMultiClash()" classname="de.uka.ilkd.key.logic.TestClashFreeSubst" time="0.0">
    <skipped/>
  </testcase>
  <testcase name="testSubstInSubstTerm()" classname="de.uka.ilkd.key.logic.TestClashFreeSubst" time="1.626"/>
  <testcase name="testSubstWary()" classname="de.uka.ilkd.key.logic.TestClashFreeSubst" time="1.685"/>
  <testcase name="xtestMultiClash1()" classname="de.uka.ilkd.key.logic.TestClashFreeSubst" time="0.0">
    <skipped/>
  </testcase>
  <system-out><![CDATA[64095      INFO  Test worker     d.u.i.k.n.KeyIO           Parsing took 0 ms 
64096      DEBUG Test worker     d.u.i.k.n.KeyIO           Load declarations of de.uka.ilkd.key.nparser.KeyAst$File:  <unknown>:1#1 
64097      INFO  Test worker     d.u.i.k.n.KeyIO           MODE: declarations took 1 ms 
64098      DEBUG Test worker     d.u.i.k.n.KeyIO           MODE: 2nd degree decls took 0 
65885      INFO  Test worker     d.u.i.k.n.KeyIO           Parsing took 1 ms 
65885      DEBUG Test worker     d.u.i.k.n.KeyIO           Load declarations of de.uka.ilkd.key.nparser.KeyAst$File:  <unknown>:1#1 
65886      INFO  Test worker     d.u.i.k.n.KeyIO           MODE: declarations took 1 ms 
65887      DEBUG Test worker     d.u.i.k.n.KeyIO           MODE: 2nd degree decls took 0 
71679      INFO  Test worker     d.u.i.k.n.KeyIO           Parsing took 1 ms 
71679      DEBUG Test worker     d.u.i.k.n.KeyIO           Load declarations of de.uka.ilkd.key.nparser.KeyAst$File:  <unknown>:1#1 
71679      INFO  Test worker     d.u.i.k.n.KeyIO           MODE: declarations took 0 ms 
71680      DEBUG Test worker     d.u.i.k.n.KeyIO           MODE: 2nd degree decls took 0 
73354      INFO  Test worker     d.u.i.k.n.KeyIO           Parsing took 1 ms 
73355      DEBUG Test worker     d.u.i.k.n.KeyIO           Load declarations of de.uka.ilkd.key.nparser.KeyAst$File:  <unknown>:1#1 
73355      INFO  Test worker     d.u.i.k.n.KeyIO           MODE: declarations took 0 ms 
73356      DEBUG Test worker     d.u.i.k.n.KeyIO           MODE: 2nd degree decls took 0 
79069      INFO  Test worker     d.u.i.k.n.KeyIO           Parsing took 1 ms 
79069      DEBUG Test worker     d.u.i.k.n.KeyIO           Load declarations of de.uka.ilkd.key.nparser.KeyAst$File:  <unknown>:1#1 
79070      INFO  Test worker     d.u.i.k.n.KeyIO           MODE: declarations took 1 ms 
79070      DEBUG Test worker     d.u.i.k.n.KeyIO           MODE: 2nd degree decls took 0 
80747      INFO  Test worker     d.u.i.k.n.KeyIO           Parsing took 0 ms 
80748      DEBUG Test worker     d.u.i.k.n.KeyIO           Load declarations of de.uka.ilkd.key.nparser.KeyAst$File:  <unknown>:1#1 
80749      INFO  Test worker     d.u.i.k.n.KeyIO           MODE: declarations took 1 ms 
80749      DEBUG Test worker     d.u.i.k.n.KeyIO           MODE: 2nd degree decls took 0 
86331      INFO  Test worker     d.u.i.k.n.KeyIO           Parsing took 0 ms 
86331      DEBUG Test worker     d.u.i.k.n.KeyIO           Load declarations of de.uka.ilkd.key.nparser.KeyAst$File:  <unknown>:1#1 
86331      INFO  Test worker     d.u.i.k.n.KeyIO           MODE: declarations took 0 ms 
86332      DEBUG Test worker     d.u.i.k.n.KeyIO           MODE: 2nd degree decls took 0 
88032      INFO  Test worker     d.u.i.k.n.KeyIO           Parsing took 0 ms 
88032      DEBUG Test worker     d.u.i.k.n.KeyIO           Load declarations of de.uka.ilkd.key.nparser.KeyAst$File:  <unknown>:1#1 
88033      INFO  Test worker     d.u.i.k.n.KeyIO           MODE: declarations took 0 ms 
88033      DEBUG Test worker     d.u.i.k.n.KeyIO           MODE: 2nd degree decls took 0 
93633      INFO  Test worker     d.u.i.k.n.KeyIO           Parsing took 0 ms 
93633      DEBUG Test worker     d.u.i.k.n.KeyIO           Load declarations of de.uka.ilkd.key.nparser.KeyAst$File:  <unknown>:1#1 
93633      INFO  Test worker     d.u.i.k.n.KeyIO           MODE: declarations took 0 ms 
93633      DEBUG Test worker     d.u.i.k.n.KeyIO           MODE: 2nd degree decls took 0 
95296      INFO  Test worker     d.u.i.k.n.KeyIO           Parsing took 0 ms 
95297      DEBUG Test worker     d.u.i.k.n.KeyIO           Load declarations of de.uka.ilkd.key.nparser.KeyAst$File:  <unknown>:1#1 
95297      INFO  Test worker     d.u.i.k.n.KeyIO           MODE: declarations took 0 ms 
95298      DEBUG Test worker     d.u.i.k.n.KeyIO           MODE: 2nd degree decls took 1 
100816     INFO  Test worker     d.u.i.k.n.KeyIO           Parsing took 0 ms 
100817     DEBUG Test worker     d.u.i.k.n.KeyIO           Load declarations of de.uka.ilkd.key.nparser.KeyAst$File:  <unknown>:1#1 
100817     INFO  Test worker     d.u.i.k.n.KeyIO           MODE: declarations took 0 ms 
100817     DEBUG Test worker     d.u.i.k.n.KeyIO           MODE: 2nd degree decls took 0 
102495     INFO  Test worker     d.u.i.k.n.KeyIO           Parsing took 0 ms 
102496     DEBUG Test worker     d.u.i.k.n.KeyIO           Load declarations of de.uka.ilkd.key.nparser.KeyAst$File:  <unknown>:1#1 
102497     INFO  Test worker     d.u.i.k.n.KeyIO           MODE: declarations took 1 ms 
102498     DEBUG Test worker     d.u.i.k.n.KeyIO           MODE: 2nd degree decls took 1 
107953     INFO  Test worker     d.u.i.k.n.KeyIO           Parsing took 0 ms 
107954     DEBUG Test worker     d.u.i.k.n.KeyIO           Load declarations of de.uka.ilkd.key.nparser.KeyAst$File:  <unknown>:1#1 
107954     INFO  Test worker     d.u.i.k.n.KeyIO           MODE: declarations took 0 ms 
107955     DEBUG Test worker     d.u.i.k.n.KeyIO           MODE: 2nd degree decls took 0 
109677     INFO  Test worker     d.u.i.k.n.KeyIO           Parsing took 0 ms 
109678     DEBUG Test worker     d.u.i.k.n.KeyIO           Load declarations of de.uka.ilkd.key.nparser.KeyAst$File:  <unknown>:1#1 
109679     INFO  Test worker     d.u.i.k.n.KeyIO           MODE: declarations took 1 ms 
109679     DEBUG Test worker     d.u.i.k.n.KeyIO           MODE: 2nd degree decls took 0 
115181     INFO  Test worker     d.u.i.k.n.KeyIO           Parsing took 1 ms 
115181     DEBUG Test worker     d.u.i.k.n.KeyIO           Load declarations of de.uka.ilkd.key.nparser.KeyAst$File:  <unknown>:1#1 
115181     INFO  Test worker     d.u.i.k.n.KeyIO           MODE: declarations took 0 ms 
115181     DEBUG Test worker     d.u.i.k.n.KeyIO           MODE: 2nd degree decls took 0 
116790     INFO  Test worker     d.u.i.k.n.KeyIO           Parsing took 0 ms 
116791     DEBUG Test worker     d.u.i.k.n.KeyIO           Load declarations of de.uka.ilkd.key.nparser.KeyAst$File:  <unknown>:1#1 
116793     INFO  Test worker     d.u.i.k.n.KeyIO           MODE: declarations took 2 ms 
116793     DEBUG Test worker     d.u.i.k.n.KeyIO           MODE: 2nd degree decls took 0 
122262     INFO  Test worker     d.u.i.k.n.KeyIO           Parsing took 0 ms 
122263     DEBUG Test worker     d.u.i.k.n.KeyIO           Load declarations of de.uka.ilkd.key.nparser.KeyAst$File:  <unknown>:1#1 
122263     INFO  Test worker     d.u.i.k.n.KeyIO           MODE: declarations took 1 ms 
122263     DEBUG Test worker     d.u.i.k.n.KeyIO           MODE: 2nd degree decls took 0 
123907     INFO  Test worker     d.u.i.k.n.KeyIO           Parsing took 1 ms 
123907     DEBUG Test worker     d.u.i.k.n.KeyIO           Load declarations of de.uka.ilkd.key.nparser.KeyAst$File:  <unknown>:1#1 
123907     INFO  Test worker     d.u.i.k.n.KeyIO           MODE: declarations took 0 ms 
123908     DEBUG Test worker     d.u.i.k.n.KeyIO           MODE: 2nd degree decls took 0 
129279     INFO  Test worker     d.u.i.k.n.KeyIO           Parsing took 1 ms 
129279     DEBUG Test worker     d.u.i.k.n.KeyIO           Load declarations of de.uka.ilkd.key.nparser.KeyAst$File:  <unknown>:1#1 
129279     INFO  Test worker     d.u.i.k.n.KeyIO           MODE: declarations took 0 ms 
129280     DEBUG Test worker     d.u.i.k.n.KeyIO           MODE: 2nd degree decls took 1 
130902     INFO  Test worker     d.u.i.k.n.KeyIO           Parsing took 1 ms 
130903     DEBUG Test worker     d.u.i.k.n.KeyIO           Load declarations of de.uka.ilkd.key.nparser.KeyAst$File:  <unknown>:1#1 
130903     INFO  Test worker     d.u.i.k.n.KeyIO           MODE: declarations took 0 ms 
130904     DEBUG Test worker     d.u.i.k.n.KeyIO           MODE: 2nd degree decls took 0 
141622     INFO  Test worker     d.u.i.k.n.KeyIO           Parsing took 0 ms 
141622     DEBUG Test worker     d.u.i.k.n.KeyIO           Load declarations of de.uka.ilkd.key.nparser.KeyAst$File:  <unknown>:1#1 
141623     INFO  Test worker     d.u.i.k.n.KeyIO           MODE: declarations took 1 ms 
141623     DEBUG Test worker     d.u.i.k.n.KeyIO           MODE: 2nd degree decls took 0 
143242     INFO  Test worker     d.u.i.k.n.KeyIO           Parsing took 0 ms 
143243     DEBUG Test worker     d.u.i.k.n.KeyIO           Load declarations of de.uka.ilkd.key.nparser.KeyAst$File:  <unknown>:1#1 
143243     INFO  Test worker     d.u.i.k.n.KeyIO           MODE: declarations took 0 ms 
143244     DEBUG Test worker     d.u.i.k.n.KeyIO           MODE: 2nd degree decls took 0 
148737     INFO  Test worker     d.u.i.k.n.KeyIO           Parsing took 2 ms 
148737     DEBUG Test worker     d.u.i.k.n.KeyIO           Load declarations of de.uka.ilkd.key.nparser.KeyAst$File:  <unknown>:1#1 
148737     INFO  Test worker     d.u.i.k.n.KeyIO           MODE: declarations took 0 ms 
148737     DEBUG Test worker     d.u.i.k.n.KeyIO           MODE: 2nd degree decls took 0 
150417     INFO  Test worker     d.u.i.k.n.KeyIO           Parsing took 0 ms 
150417     DEBUG Test worker     d.u.i.k.n.KeyIO           Load declarations of de.uka.ilkd.key.nparser.KeyAst$File:  <unknown>:1#1 
150418     INFO  Test worker     d.u.i.k.n.KeyIO           MODE: declarations took 1 ms 
150418     DEBUG Test worker     d.u.i.k.n.KeyIO           MODE: 2nd degree decls took 0 
]]></system-out>
  <system-err><![CDATA[]]></system-err>
</testsuite>
