<?xml version="1.0" encoding="UTF-8"?>
<testsuite name="de.uka.ilkd.key.parser.TestTermParserSorts" tests="2" skipped="0" failures="0" errors="0" timestamp="2023-06-13T15:19:49" hostname="fv-az1226-142" time="5.247">
  <properties/>
  <testcase name="testParseIntegerArgs()" classname="de.uka.ilkd.key.parser.TestTermParserSorts" time="0.023"/>
  <testcase name="testParseSequencePrettySyntax()" classname="de.uka.ilkd.key.parser.TestTermParserSorts" time="0.003"/>
  <system-out><![CDATA[757381     INFO  Test worker     d.u.i.k.n.KeyIO           Parsing took 0 ms 
757382     DEBUG Test worker     d.u.i.k.n.KeyIO           Load declarations of de.uka.ilkd.key.nparser.KeyAst$File:  <unknown>:1#1 
757382     INFO  Test worker     d.u.i.k.n.KeyIO           MODE: declarations took 0 ms 
757382     DEBUG Test worker     d.u.i.k.n.KeyIO           MODE: 2nd degree decls took 0 
757382     INFO  Test worker     d.u.i.k.n.KeyIO           Parsing took 0 ms 
757382     DEBUG Test worker     d.u.i.k.n.KeyIO           Load declarations of de.uka.ilkd.key.nparser.KeyAst$File:  <unknown>:1#1 
757382     INFO  Test worker     d.u.i.k.n.KeyIO           MODE: declarations took 0 ms 
757382     DEBUG Test worker     d.u.i.k.n.KeyIO           MODE: 2nd degree decls took 0 
757382     INFO  Test worker     d.u.i.k.n.KeyIO           Parsing took 0 ms 
757382     DEBUG Test worker     d.u.i.k.n.KeyIO           Load declarations of de.uka.ilkd.key.nparser.KeyAst$File:  <unknown>:1#1 
757383     INFO  Test worker     d.u.i.k.n.KeyIO           MODE: declarations took 1 ms 
757383     DEBUG Test worker     d.u.i.k.n.KeyIO           MODE: 2nd degree decls took 0 
762626     INFO  Test worker     d.u.i.k.n.KeyIO           Parsing took 1 ms 
762626     DEBUG Test worker     d.u.i.k.n.KeyIO           Load declarations of de.uka.ilkd.key.nparser.KeyAst$File:  <unknown>:1#1 
762626     INFO  Test worker     d.u.i.k.n.KeyIO           MODE: declarations took 0 ms 
762626     DEBUG Test worker     d.u.i.k.n.KeyIO           MODE: 2nd degree decls took 0 
762626     INFO  Test worker     d.u.i.k.n.KeyIO           Parsing took 0 ms 
762626     DEBUG Test worker     d.u.i.k.n.KeyIO           Load declarations of de.uka.ilkd.key.nparser.KeyAst$File:  <unknown>:1#1 
762626     INFO  Test worker     d.u.i.k.n.KeyIO           MODE: declarations took 0 ms 
762627     DEBUG Test worker     d.u.i.k.n.KeyIO           MODE: 2nd degree decls took 0 
762627     INFO  Test worker     d.u.i.k.n.KeyIO           Parsing took 0 ms 
762627     DEBUG Test worker     d.u.i.k.n.KeyIO           Load declarations of de.uka.ilkd.key.nparser.KeyAst$File:  <unknown>:1#1 
762627     INFO  Test worker     d.u.i.k.n.KeyIO           MODE: declarations took 0 ms 
762627     DEBUG Test worker     d.u.i.k.n.KeyIO           MODE: 2nd degree decls took 0 
]]></system-out>
  <system-err><![CDATA[]]></system-err>
</testsuite>
