<?xml version="1.0" encoding="UTF-8"?>
<testsuite name="de.uka.ilkd.key.proof.TestOneStepSimplifier" tests="1" skipped="0" failures="0" errors="0" timestamp="2023-06-13T15:19:55" hostname="fv-az1226-142" time="6.939">
  <properties/>
  <testcase name="loadWithRestriction()" classname="de.uka.ilkd.key.proof.TestOneStepSimplifier" time="6.939"/>
  <system-out><![CDATA[762657     INFO  Test worker     d.u.i.k.p.i.AbstractProblemLoader Loading environment from src/test/resources/testcase/ossRestriction.proof 
762658     DEBUG Test worker     d.u.i.k.p.i.AbstractProblemLoader Environment load took 199.6ns 
762659     INFO  Test worker     d.u.i.k.p.i.AbstractProblemLoader Creating init config 
762893     DEBUG Test worker     d.u.i.k.j.TypeConverter   No LDT found for Meta 
762893     DEBUG Test worker     d.u.i.k.j.TypeConverter   No LDT found for Meta 
762894     DEBUG Test worker     d.u.i.k.j.TypeConverter   No LDT found for Meta 
762894     DEBUG Test worker     d.u.i.k.j.TypeConverter   No LDT found for Meta 
763860     DEBUG Test worker     d.u.i.k.j.TypeConverter   No LDT found for JavaBigintExpression 
769550     DEBUG Test worker     d.u.i.k.p.i.AbstractProblemLoader Init config took 6.89s 
769590     INFO  Test worker     d.u.i.k.p.i.AbstractProblemLoader Replaying proof ossRestriction.proof 
769595     DEBUG Test worker     d.u.i.k.p.i.IntermediateProofReplayer Proof replay took 1.22ms 
]]></system-out>
  <system-err><![CDATA[]]></system-err>
</testsuite>
