<?xml version="1.0" encoding="UTF-8"?>
<testsuite name="de.uka.ilkd.key.rule.loop.LoopScopeInvRuleTests" tests="1" skipped="0" failures="0" errors="0" timestamp="2023-06-13T15:21:53" hostname="fv-az1226-142" time="8.233">
  <properties/>
  <testcase name="testDoAutomaticProofOfBenchmarkWithLabeledBreaksAndContinues()" classname="de.uka.ilkd.key.rule.loop.LoopScopeInvRuleTests" time="8.233"/>
  <system-out><![CDATA[880798     INFO  Test worker     d.u.i.k.p.i.AbstractProblemLoader Loading environment from src/test/resources/testcase/loopScopeInvRule/Test.key 
880798     DEBUG Test worker     d.u.i.k.p.i.AbstractProblemLoader Environment load took 108.7ns 
880799     INFO  Test worker     d.u.i.k.p.i.AbstractProblemLoader Creating init config 
881055     DEBUG Test worker     d.u.i.k.j.TypeConverter   No LDT found for Meta 
881056     DEBUG Test worker     d.u.i.k.j.TypeConverter   No LDT found for Meta 
881056     DEBUG Test worker     d.u.i.k.j.TypeConverter   No LDT found for Meta 
881056     DEBUG Test worker     d.u.i.k.j.TypeConverter   No LDT found for Meta 
882044     DEBUG Test worker     d.u.i.k.j.TypeConverter   No LDT found for JavaBigintExpression 
887939     DEBUG Test worker     d.u.i.k.p.i.AbstractProblemLoader Init config took 7.14s 
888015     INFO  Test worker     d.u.i.k.p.i.AbstractProblemLoader Replaying proof Test[Test::loopScopeRuleBenchmark(int,boolean)].JML normal_behavior operation contract.0 
888018     DEBUG Test worker     d.u.i.k.p.i.IntermediateProofReplayer Proof replay took 27.3ns 
]]></system-out>
  <system-err><![CDATA[]]></system-err>
</testsuite>
