<?xml version="1.0" encoding="UTF-8"?>
<testsuite name="de.uka.ilkd.key.rule.merge.PredicateAbstractionLatticeTests" tests="3" skipped="0" failures="0" errors="0" timestamp="2023-05-31T07:46:02" hostname="fv-az454-382" time="5.873">
  <properties/>
  <testcase name="testToAndFromString()" classname="de.uka.ilkd.key.rule.merge.PredicateAbstractionLatticeTests" time="2.993"/>
  <testcase name="testCreateSignLatticeWithPredicates()" classname="de.uka.ilkd.key.rule.merge.PredicateAbstractionLatticeTests" time="2.879"/>
  <testcase name="testTrivialPredicatesLattice()" classname="de.uka.ilkd.key.rule.merge.PredicateAbstractionLatticeTests" time="0.0"/>
  <system-out><![CDATA[535907     INFO  Test worker     d.u.i.k.p.i.AbstractProblemLoader Loading environment from src/test/resources/testcase/merge/dummy.key 
535907     DEBUG Test worker     d.u.i.k.p.i.AbstractProblemLoader Environment load took 85.7ns 
535907     INFO  Test worker     d.u.i.k.p.i.AbstractProblemLoader Creating init config 
538883     DEBUG Test worker     d.u.i.k.p.i.AbstractProblemLoader Init config took 2.98s 
538897     INFO  Test worker     d.u.i.k.p.i.AbstractProblemLoader Replaying proof dummy.key 
538899     DEBUG Test worker     d.u.i.k.p.i.IntermediateProofReplayer Proof replay took 7.1ns 
538900     INFO  Test worker     d.u.i.k.p.i.AbstractProblemLoader Loading environment from src/test/resources/testcase/merge/dummy.key 
538900     DEBUG Test worker     d.u.i.k.p.i.AbstractProblemLoader Environment load took 89.1ns 
538901     INFO  Test worker     d.u.i.k.p.i.AbstractProblemLoader Creating init config 
541760     DEBUG Test worker     d.u.i.k.p.i.AbstractProblemLoader Init config took 2.86s 
541775     INFO  Test worker     d.u.i.k.p.i.AbstractProblemLoader Replaying proof dummy.key 
541776     DEBUG Test worker     d.u.i.k.p.i.IntermediateProofReplayer Proof replay took 6.7ns 
]]></system-out>
  <system-err><![CDATA[]]></system-err>
</testsuite>
