<?xml version="1.0" encoding="UTF-8"?>
<testsuite name="de.uka.ilkd.key.java.TestContextStatementBlock" tests="1" skipped="0" failures="0" errors="0" timestamp="2023-05-31T07:37:28" hostname="fv-az454-382" time="1.178">
  <properties/>
  <testcase name="testContextTermInstantiation()" classname="de.uka.ilkd.key.java.TestContextStatementBlock" time="1.178"/>
  <system-out><![CDATA[22491      INFO  Test worker     d.u.i.k.n.KeyIO           Parsing took 3 ms 
22492      DEBUG Test worker     d.u.i.k.n.KeyIO           Load declarations of de.uka.ilkd.key.nparser.KeyAst$File:  /home/runner/work/key/key/key.core/src/test/resources/testcase/testrules.key:9#1 
22493      INFO  Test worker     d.u.i.k.n.KeyIO           MODE: declarations took 2 ms 
22493      DEBUG Test worker     d.u.i.k.n.KeyIO           MODE: 2nd degree decls took 0 
22590      DEBUG Test worker     d.u.i.k.n.KeyIO           MODE: taclets took 96ms 
]]></system-out>
  <system-err><![CDATA[]]></system-err>
</testsuite>
