<?xml version="1.0" encoding="UTF-8"?>
<testsuite name="de.uka.ilkd.key.proof.TestOneStepSimplifier" tests="1" skipped="0" failures="0" errors="0" timestamp="2023-05-31T07:44:12" hostname="fv-az454-382" time="3.884">
  <properties/>
  <testcase name="loadWithRestriction()" classname="de.uka.ilkd.key.proof.TestOneStepSimplifier" time="3.884"/>
  <system-out><![CDATA[425389     INFO  Test worker     d.u.i.k.p.i.AbstractProblemLoader Loading environment from src/test/resources/testcase/ossRestriction.proof 
425390     DEBUG Test worker     d.u.i.k.p.i.AbstractProblemLoader Environment load took 77.8ns 
425391     INFO  Test worker     d.u.i.k.p.i.AbstractProblemLoader Creating init config 
425513     DEBUG Test worker     d.u.i.k.j.TypeConverter   No LDT found for Meta 
425513     DEBUG Test worker     d.u.i.k.j.TypeConverter   No LDT found for Meta 
425513     DEBUG Test worker     d.u.i.k.j.TypeConverter   No LDT found for Meta 
425514     DEBUG Test worker     d.u.i.k.j.TypeConverter   No LDT found for Meta 
425986     DEBUG Test worker     d.u.i.k.j.TypeConverter   No LDT found for JavaBigintExpression 
429244     DEBUG Test worker     d.u.i.k.p.i.AbstractProblemLoader Init config took 3.85s 
429269     INFO  Test worker     d.u.i.k.p.i.AbstractProblemLoader Replaying proof ossRestriction.proof 
429272     DEBUG Test worker     d.u.i.k.p.i.IntermediateProofReplayer Proof replay took 783.91ns 
]]></system-out>
  <system-err><![CDATA[]]></system-err>
</testsuite>
