<?xml version="1.0" encoding="UTF-8"?>
<testsuite name="de.uka.ilkd.key.parser.TestTermParserSorts" tests="2" skipped="0" failures="0" errors="0" timestamp="2023-05-31T07:44:09" hostname="fv-az454-382" time="2.942">
  <properties/>
  <testcase name="testParseIntegerArgs()" classname="de.uka.ilkd.key.parser.TestTermParserSorts" time="0.017"/>
  <testcase name="testParseSequencePrettySyntax()" classname="de.uka.ilkd.key.parser.TestTermParserSorts" time="0.001"/>
  <system-out><![CDATA[422419     INFO  Test worker     d.u.i.k.n.KeyIO           Parsing took 0 ms 
422420     DEBUG Test worker     d.u.i.k.n.KeyIO           Load declarations of de.uka.ilkd.key.nparser.KeyAst$File:  <unknown>:1#1 
422420     INFO  Test worker     d.u.i.k.n.KeyIO           MODE: declarations took 0 ms 
422420     DEBUG Test worker     d.u.i.k.n.KeyIO           MODE: 2nd degree decls took 0 
422420     INFO  Test worker     d.u.i.k.n.KeyIO           Parsing took 0 ms 
422420     DEBUG Test worker     d.u.i.k.n.KeyIO           Load declarations of de.uka.ilkd.key.nparser.KeyAst$File:  <unknown>:1#1 
422421     INFO  Test worker     d.u.i.k.n.KeyIO           MODE: declarations took 1 ms 
422421     DEBUG Test worker     d.u.i.k.n.KeyIO           MODE: 2nd degree decls took 0 
422421     INFO  Test worker     d.u.i.k.n.KeyIO           Parsing took 0 ms 
422421     DEBUG Test worker     d.u.i.k.n.KeyIO           Load declarations of de.uka.ilkd.key.nparser.KeyAst$File:  <unknown>:1#1 
422421     INFO  Test worker     d.u.i.k.n.KeyIO           MODE: declarations took 0 ms 
422422     DEBUG Test worker     d.u.i.k.n.KeyIO           MODE: 2nd degree decls took 0 
425360     INFO  Test worker     d.u.i.k.n.KeyIO           Parsing took 0 ms 
425360     DEBUG Test worker     d.u.i.k.n.KeyIO           Load declarations of de.uka.ilkd.key.nparser.KeyAst$File:  <unknown>:1#1 
425360     INFO  Test worker     d.u.i.k.n.KeyIO           MODE: declarations took 0 ms 
425360     DEBUG Test worker     d.u.i.k.n.KeyIO           MODE: 2nd degree decls took 0 
425360     INFO  Test worker     d.u.i.k.n.KeyIO           Parsing took 0 ms 
425360     DEBUG Test worker     d.u.i.k.n.KeyIO           Load declarations of de.uka.ilkd.key.nparser.KeyAst$File:  <unknown>:1#1 
425361     INFO  Test worker     d.u.i.k.n.KeyIO           MODE: declarations took 1 ms 
425361     DEBUG Test worker     d.u.i.k.n.KeyIO           MODE: 2nd degree decls took 0 
425361     INFO  Test worker     d.u.i.k.n.KeyIO           Parsing took 0 ms 
425361     DEBUG Test worker     d.u.i.k.n.KeyIO           Load declarations of de.uka.ilkd.key.nparser.KeyAst$File:  <unknown>:1#1 
425361     INFO  Test worker     d.u.i.k.n.KeyIO           MODE: declarations took 0 ms 
425361     DEBUG Test worker     d.u.i.k.n.KeyIO           MODE: 2nd degree decls took 0 
]]></system-out>
  <system-err><![CDATA[]]></system-err>
</testsuite>
