<?xml version="1.0" encoding="UTF-8"?>
<testsuite name="de.uka.ilkd.key.parser.TestTacletParser" tests="20" skipped="0" failures="0" errors="0" timestamp="2023-05-31T07:42:06" hostname="fv-az454-382" time="0.126">
  <properties/>
  <testcase name="testAllRight()" classname="de.uka.ilkd.key.parser.TestTacletParser" time="0.004"/>
  <testcase name="testSchemaJava0()" classname="de.uka.ilkd.key.parser.TestTacletParser" time="0.004"/>
  <testcase name="testSchemaJava1()" classname="de.uka.ilkd.key.parser.TestTacletParser" time="0.009"/>
  <testcase name="testSchemaJava2()" classname="de.uka.ilkd.key.parser.TestTacletParser" time="0.008"/>
  <testcase name="testSchemaJava4()" classname="de.uka.ilkd.key.parser.TestTacletParser" time="0.004"/>
  <testcase name="testSchemaJava6()" classname="de.uka.ilkd.key.parser.TestTacletParser" time="0.004"/>
  <testcase name="testSchemaJava8()" classname="de.uka.ilkd.key.parser.TestTacletParser" time="0.003"/>
  <testcase name="testCut()" classname="de.uka.ilkd.key.parser.TestTacletParser" time="0.003"/>
  <testcase name="testMakeInsertEq()" classname="de.uka.ilkd.key.parser.TestTacletParser" time="0.003"/>
  <testcase name="testAllLeft()" classname="de.uka.ilkd.key.parser.TestTacletParser" time="0.003"/>
  <testcase name="testClose()" classname="de.uka.ilkd.key.parser.TestTacletParser" time="0.016"/>
  <testcase name="testSchemaJava10()" classname="de.uka.ilkd.key.parser.TestTacletParser" time="0.004"/>
  <testcase name="testSchemaJava11()" classname="de.uka.ilkd.key.parser.TestTacletParser" time="0.008"/>
  <testcase name="testFIdempotent()" classname="de.uka.ilkd.key.parser.TestTacletParser" time="0.004"/>
  <testcase name="testImpRight()" classname="de.uka.ilkd.key.parser.TestTacletParser" time="0.012"/>
  <testcase name="testVarcondNew()" classname="de.uka.ilkd.key.parser.TestTacletParser" time="0.005"/>
  <testcase name="testFreeReplacewithVariables()" classname="de.uka.ilkd.key.parser.TestTacletParser" time="0.004"/>
  <testcase name="testImpLeft()" classname="de.uka.ilkd.key.parser.TestTacletParser" time="0.003"/>
  <testcase name="testContraposition()" classname="de.uka.ilkd.key.parser.TestTacletParser" time="0.011"/>
  <testcase name="testExConjSplit()" classname="de.uka.ilkd.key.parser.TestTacletParser" time="0.008"/>
  <system-out><![CDATA[299805     INFO  Test worker     d.u.i.k.n.KeyIO           Parsing took 0 ms 
299806     DEBUG Test worker     d.u.i.k.n.KeyIO           Load declarations of de.uka.ilkd.key.nparser.KeyAst$File:  <unknown>:1#1 
299806     INFO  Test worker     d.u.i.k.n.KeyIO           MODE: declarations took 0 ms 
299806     DEBUG Test worker     d.u.i.k.n.KeyIO           MODE: 2nd degree decls took 0 
299807     DEBUG Test worker     d.u.i.k.n.KeyIO           MODE: taclets took 0ms 
299808     INFO  Test worker     d.u.i.k.n.KeyIO           Parsing took 1 ms 
299808     DEBUG Test worker     d.u.i.k.n.KeyIO           Load declarations of de.uka.ilkd.key.nparser.KeyAst$File:  <unknown>:2#1 
299808     INFO  Test worker     d.u.i.k.n.KeyIO           MODE: declarations took 0 ms 
299808     DEBUG Test worker     d.u.i.k.n.KeyIO           MODE: 2nd degree decls took 0 
299809     DEBUG Test worker     d.u.i.k.n.KeyIO           MODE: taclets took 0ms 
299810     INFO  Test worker     d.u.i.k.n.KeyIO           Parsing took 0 ms 
299810     DEBUG Test worker     d.u.i.k.n.KeyIO           Load declarations of de.uka.ilkd.key.nparser.KeyAst$File:  <unknown>:1#1 
299810     INFO  Test worker     d.u.i.k.n.KeyIO           MODE: declarations took 0 ms 
299811     DEBUG Test worker     d.u.i.k.n.KeyIO           MODE: 2nd degree decls took 0 
299811     DEBUG Test worker     d.u.i.k.n.KeyIO           MODE: taclets took 0ms 
299811     INFO  Test worker     d.u.i.k.n.KeyIO           Parsing took 0 ms 
299812     DEBUG Test worker     d.u.i.k.n.KeyIO           Load declarations of de.uka.ilkd.key.nparser.KeyAst$File:  <unknown>:2#1 
299812     INFO  Test worker     d.u.i.k.n.KeyIO           MODE: declarations took 0 ms 
299812     DEBUG Test worker     d.u.i.k.n.KeyIO           MODE: 2nd degree decls took 0 
299814     DEBUG Test worker     d.u.i.k.n.KeyIO           MODE: taclets took 1ms 
299815     INFO  Test worker     d.u.i.k.n.KeyIO           Parsing took 0 ms 
299815     DEBUG Test worker     d.u.i.k.n.KeyIO           Load declarations of de.uka.ilkd.key.nparser.KeyAst$File:  <unknown>:1#1 
299815     INFO  Test worker     d.u.i.k.n.KeyIO           MODE: declarations took 0 ms 
299815     DEBUG Test worker     d.u.i.k.n.KeyIO           MODE: 2nd degree decls took 0 
299816     DEBUG Test worker     d.u.i.k.n.KeyIO           MODE: taclets took 0ms 
299817     WARN  Test worker     d.u.i.k.n.KeYParser       [syntax-error] <unknown>:2:21: extraneous input '<' expecting {MODALITY, FORALL, EXISTS, '\if', '\ifEx', 'true', 'false', '(', ')', '{', '@', NOT, '-', STRING_LITERAL, CHAR_LITERAL, BIN_LITERAL, HEX_LITERAL, IDENT, INT_LITERAL, FLOAT_LITERAL, DOUBLE_LITERAL, REAL_LITERAL} [@12,22:22='<',<173>,2:21] (argument_list, call, accessterm, primitive_term, primitive_labeled_term, bracket_term, atom_prefix, strong_arith_term_2, strong_arith_term_1, weak_arith_term, comparison_term, equality_term, term60, conjunction_term, disjunction_term, implication_term, equivalence_term, elementary_update_term, parallel_term, term, taclet, rulesOrAxioms, decls, file) 
299820     WARN  Test worker     d.u.i.k.n.KeYParser       [syntax-error] <unknown>:2:23: no viable alternative at input '{..' [@14,24:25='..',<144>,2:23] (atom_prefix, strong_arith_term_2, strong_arith_term_1, weak_arith_term, comparison_term, equality_term, term60, conjunction_term, disjunction_term, implication_term, equivalence_term, elementary_update_term, parallel_term, term, argument_list, call, accessterm, primitive_term, primitive_labeled_term, bracket_term, atom_prefix, strong_arith_term_2, strong_arith_term_1, weak_arith_term, comparison_term, equality_term, term60, conjunction_term, disjunction_term, implication_term, equivalence_term, elementary_update_term, parallel_term, term, taclet, rulesOrAxioms, decls, file) 
299820     WARN  Test worker     d.u.i.k.n.KeYParser       [syntax-error] <unknown>:2:33: mismatched input ';' expecting {',', ')'} [@21,34:34=';',<138>,2:33] (argument_list, call, accessterm, primitive_term, primitive_labeled_term, bracket_term, atom_prefix, strong_arith_term_2, strong_arith_term_1, weak_arith_term, comparison_term, equality_term, term60, conjunction_term, disjunction_term, implication_term, equivalence_term, elementary_update_term, parallel_term, term, taclet, rulesOrAxioms, decls, file) 
299821     WARN  Test worker     d.u.i.k.n.KeYParser       [syntax-error] <unknown>:2:41: no viable alternative at input '#i;' [@26,42:42=';',<138>,2:41] (option_list, taclet, rulesOrAxioms, decls, file) 
299821     WARN  Test worker     d.u.i.k.n.KeYParser       [syntax-error] <unknown>:2:43: mismatched input '<' expecting {'(', '{'} [@28,44:44='<',<173>,2:43] (taclet, rulesOrAxioms, decls, file) 
299822     WARN  Test worker     d.u.i.k.n.KeYParser       [syntax-error] <unknown>:2:47: mismatched input '+' expecting {'(', '{'} [@32,48:48='+',<167>,2:47] (taclet, rulesOrAxioms, decls, file) 
299822     WARN  Test worker     d.u.i.k.n.KeYParser       [syntax-error] <unknown>:2:52: extraneous input '..' expecting {'\lemma', '}', IDENT, '/*!'} [@37,53:54='..',<144>,2:52] (rulesOrAxioms, decls, file) 
299822     WARN  Test worker     d.u.i.k.n.KeYParser       [syntax-error] <unknown>:2:56: mismatched input '>' expecting {<EOF>, '\problem', '\chooseContract', '\proofObligation', '\proof'} [@40,57:57='>',<168>,2:56] (file) 
299824     INFO  Test worker     d.u.i.k.n.KeyIO           Parsing took 1 ms 
299827     DEBUG Test worker     d.u.i.k.n.KeyIO           Load declarations of de.uka.ilkd.key.nparser.KeyAst$File:  <unknown>:1#1 
299827     INFO  Test worker     d.u.i.k.n.KeyIO           MODE: declarations took 0 ms 
299827     DEBUG Test worker     d.u.i.k.n.KeyIO           MODE: 2nd degree decls took 0 
299828     DEBUG Test worker     d.u.i.k.n.KeyIO           MODE: taclets took 0ms 
299828     WARN  Test worker     d.u.i.k.n.KeYParser       [syntax-error] <unknown>:2:21: extraneous input '<' expecting {MODALITY, FORALL, EXISTS, '\if', '\ifEx', 'true', 'false', '(', ')', '{', '@', NOT, '-', STRING_LITERAL, CHAR_LITERAL, BIN_LITERAL, HEX_LITERAL, IDENT, INT_LITERAL, FLOAT_LITERAL, DOUBLE_LITERAL, REAL_LITERAL} [@12,22:22='<',<173>,2:21] (argument_list, call, accessterm, primitive_term, primitive_labeled_term, bracket_term, atom_prefix, strong_arith_term_2, strong_arith_term_1, weak_arith_term, comparison_term, equality_term, term60, conjunction_term, disjunction_term, implication_term, equivalence_term, elementary_update_term, parallel_term, term, taclet, rulesOrAxioms, decls, file) 
299829     WARN  Test worker     d.u.i.k.n.KeYParser       [syntax-error] <unknown>:2:23: no viable alternative at input '{..' [@14,24:25='..',<144>,2:23] (atom_prefix, strong_arith_term_2, strong_arith_term_1, weak_arith_term, comparison_term, equality_term, term60, conjunction_term, disjunction_term, implication_term, equivalence_term, elementary_update_term, parallel_term, term, argument_list, call, accessterm, primitive_term, primitive_labeled_term, bracket_term, atom_prefix, strong_arith_term_2, strong_arith_term_1, weak_arith_term, comparison_term, equality_term, term60, conjunction_term, disjunction_term, implication_term, equivalence_term, elementary_update_term, parallel_term, term, taclet, rulesOrAxioms, decls, file) 
299829     WARN  Test worker     d.u.i.k.n.KeYParser       [syntax-error] <unknown>:2:33: mismatched input ';' expecting {',', ')'} [@21,34:34=';',<138>,2:33] (argument_list, call, accessterm, primitive_term, primitive_labeled_term, bracket_term, atom_prefix, strong_arith_term_2, strong_arith_term_1, weak_arith_term, comparison_term, equality_term, term60, conjunction_term, disjunction_term, implication_term, equivalence_term, elementary_update_term, parallel_term, term, taclet, rulesOrAxioms, decls, file) 
299830     WARN  Test worker     d.u.i.k.n.KeYParser       [syntax-error] <unknown>:2:43: no viable alternative at input '#lab;' [@26,44:44=';',<138>,2:43] (option_list, taclet, rulesOrAxioms, decls, file) 
299830     WARN  Test worker     d.u.i.k.n.KeYParser       [syntax-error] <unknown>:2:45: mismatched input '<' expecting {'(', '{'} [@28,46:46='<',<173>,2:45] (taclet, rulesOrAxioms, decls, file) 
299830     WARN  Test worker     d.u.i.k.n.KeYParser       [syntax-error] <unknown>:2:50: mismatched input '+' expecting {'(', '{'} [@32,51:51='+',<167>,2:50] (taclet, rulesOrAxioms, decls, file) 
299830     WARN  Test worker     d.u.i.k.n.KeYParser       [syntax-error] <unknown>:2:56: extraneous input '..' expecting {'\lemma', '}', IDENT, '/*!'} [@38,57:58='..',<144>,2:56] (rulesOrAxioms, decls, file) 
299831     WARN  Test worker     d.u.i.k.n.KeYParser       [syntax-error] <unknown>:2:60: mismatched input '>' expecting {<EOF>, '\problem', '\chooseContract', '\proofObligation', '\proof'} [@41,61:61='>',<168>,2:60] (file) 
299832     INFO  Test worker     d.u.i.k.n.KeyIO           Parsing took 0 ms 
299832     DEBUG Test worker     d.u.i.k.n.KeyIO           Load declarations of de.uka.ilkd.key.nparser.KeyAst$File:  <unknown>:1#1 
299832     INFO  Test worker     d.u.i.k.n.KeyIO           MODE: declarations took 0 ms 
299833     DEBUG Test worker     d.u.i.k.n.KeyIO           MODE: 2nd degree decls took 0 
299833     DEBUG Test worker     d.u.i.k.n.KeyIO           MODE: taclets took 0ms 
299833     INFO  Test worker     d.u.i.k.n.KeyIO           Parsing took 0 ms 
299834     DEBUG Test worker     d.u.i.k.n.KeyIO           Load declarations of de.uka.ilkd.key.nparser.KeyAst$File:  <unknown>:2#1 
299834     INFO  Test worker     d.u.i.k.n.KeyIO           MODE: declarations took 0 ms 
299834     DEBUG Test worker     d.u.i.k.n.KeyIO           MODE: 2nd degree decls took 0 
299835     DEBUG Test worker     d.u.i.k.n.KeyIO           MODE: taclets took 1ms 
299836     INFO  Test worker     d.u.i.k.n.KeyIO           Parsing took 0 ms 
299836     DEBUG Test worker     d.u.i.k.n.KeyIO           Load declarations of de.uka.ilkd.key.nparser.KeyAst$File:  <unknown>:1#1 
299837     INFO  Test worker     d.u.i.k.n.KeyIO           MODE: declarations took 1 ms 
299837     DEBUG Test worker     d.u.i.k.n.KeyIO           MODE: 2nd degree decls took 0 
299837     DEBUG Test worker     d.u.i.k.n.KeyIO           MODE: taclets took 0ms 
299838     INFO  Test worker     d.u.i.k.n.KeyIO           Parsing took 1 ms 
299838     DEBUG Test worker     d.u.i.k.n.KeyIO           Load declarations of de.uka.ilkd.key.nparser.KeyAst$File:  <unknown>:2#1 
299838     INFO  Test worker     d.u.i.k.n.KeyIO           MODE: declarations took 0 ms 
299838     DEBUG Test worker     d.u.i.k.n.KeyIO           MODE: 2nd degree decls took 0 
299839     DEBUG Test worker     d.u.i.k.n.KeyIO           MODE: taclets took 1ms 
299840     INFO  Test worker     d.u.i.k.n.KeyIO           Parsing took 0 ms 
299841     DEBUG Test worker     d.u.i.k.n.KeyIO           Load declarations of de.uka.ilkd.key.nparser.KeyAst$File:  <unknown>:1#1 
299841     INFO  Test worker     d.u.i.k.n.KeyIO           MODE: declarations took 0 ms 
299841     DEBUG Test worker     d.u.i.k.n.KeyIO           MODE: 2nd degree decls took 0 
299842     DEBUG Test worker     d.u.i.k.n.KeyIO           MODE: taclets took 1ms 
299842     INFO  Test worker     d.u.i.k.n.KeyIO           Parsing took 0 ms 
299842     DEBUG Test worker     d.u.i.k.n.KeyIO           Load declarations of de.uka.ilkd.key.nparser.KeyAst$File:  <unknown>:2#1 
299842     INFO  Test worker     d.u.i.k.n.KeyIO           MODE: declarations took 0 ms 
299842     DEBUG Test worker     d.u.i.k.n.KeyIO           MODE: 2nd degree decls took 0 
299843     DEBUG Test worker     d.u.i.k.n.KeyIO           MODE: taclets took 0ms 
299844     INFO  Test worker     d.u.i.k.n.KeyIO           Parsing took 0 ms 
299844     DEBUG Test worker     d.u.i.k.n.KeyIO           Load declarations of de.uka.ilkd.key.nparser.KeyAst$File:  <unknown>:1#1 
299844     INFO  Test worker     d.u.i.k.n.KeyIO           MODE: declarations took 0 ms 
299845     DEBUG Test worker     d.u.i.k.n.KeyIO           MODE: 2nd degree decls took 0 
299845     DEBUG Test worker     d.u.i.k.n.KeyIO           MODE: taclets took 0ms 
299845     INFO  Test worker     d.u.i.k.n.KeyIO           Parsing took 0 ms 
299846     DEBUG Test worker     d.u.i.k.n.KeyIO           Load declarations of de.uka.ilkd.key.nparser.KeyAst$File:  <unknown>:2#1 
299846     INFO  Test worker     d.u.i.k.n.KeyIO           MODE: declarations took 0 ms 
299846     DEBUG Test worker     d.u.i.k.n.KeyIO           MODE: 2nd degree decls took 0 
299846     DEBUG Test worker     d.u.i.k.n.KeyIO           MODE: taclets took 0ms 
299848     INFO  Test worker     d.u.i.k.n.KeyIO           Parsing took 0 ms 
299848     DEBUG Test worker     d.u.i.k.n.KeyIO           Load declarations of de.uka.ilkd.key.nparser.KeyAst$File:  <unknown>:1#1 
299848     INFO  Test worker     d.u.i.k.n.KeyIO           MODE: declarations took 0 ms 
299849     DEBUG Test worker     d.u.i.k.n.KeyIO           MODE: 2nd degree decls took 0 
299849     DEBUG Test worker     d.u.i.k.n.KeyIO           MODE: taclets took 0ms 
299850     INFO  Test worker     d.u.i.k.n.KeyIO           Parsing took 1 ms 
299850     DEBUG Test worker     d.u.i.k.n.KeyIO           Load declarations of de.uka.ilkd.key.nparser.KeyAst$File:  <unknown>:2#1 
299850     INFO  Test worker     d.u.i.k.n.KeyIO           MODE: declarations took 0 ms 
299850     DEBUG Test worker     d.u.i.k.n.KeyIO           MODE: 2nd degree decls took 0 
299851     DEBUG Test worker     d.u.i.k.n.KeyIO           MODE: taclets took 1ms 
299852     INFO  Test worker     d.u.i.k.n.KeyIO           Parsing took 1 ms 
299852     DEBUG Test worker     d.u.i.k.n.KeyIO           Load declarations of de.uka.ilkd.key.nparser.KeyAst$File:  <unknown>:1#1 
299852     INFO  Test worker     d.u.i.k.n.KeyIO           MODE: declarations took 0 ms 
299852     DEBUG Test worker     d.u.i.k.n.KeyIO           MODE: 2nd degree decls took 0 
299853     DEBUG Test worker     d.u.i.k.n.KeyIO           MODE: taclets took 0ms 
299853     INFO  Test worker     d.u.i.k.n.KeyIO           Parsing took 0 ms 
299853     DEBUG Test worker     d.u.i.k.n.KeyIO           Load declarations of de.uka.ilkd.key.nparser.KeyAst$File:  <unknown>:2#1 
299854     INFO  Test worker     d.u.i.k.n.KeyIO           MODE: declarations took 1 ms 
299854     DEBUG Test worker     d.u.i.k.n.KeyIO           MODE: 2nd degree decls took 0 
299854     DEBUG Test worker     d.u.i.k.n.KeyIO           MODE: taclets took 0ms 
299868     INFO  Test worker     d.u.i.k.n.KeyIO           Parsing took 0 ms 
299868     DEBUG Test worker     d.u.i.k.n.KeyIO           Load declarations of de.uka.ilkd.key.nparser.KeyAst$File:  <unknown>:1#1 
299869     INFO  Test worker     d.u.i.k.n.KeyIO           MODE: declarations took 1 ms 
299869     DEBUG Test worker     d.u.i.k.n.KeyIO           MODE: 2nd degree decls took 0 
299869     DEBUG Test worker     d.u.i.k.n.KeyIO           MODE: taclets took 0ms 
299870     INFO  Test worker     d.u.i.k.n.KeyIO           Parsing took 0 ms 
299870     DEBUG Test worker     d.u.i.k.n.KeyIO           Load declarations of de.uka.ilkd.key.nparser.KeyAst$File:  <unknown>:2#1 
299870     INFO  Test worker     d.u.i.k.n.KeyIO           MODE: declarations took 0 ms 
299870     DEBUG Test worker     d.u.i.k.n.KeyIO           MODE: 2nd degree decls took 0 
299871     DEBUG Test worker     d.u.i.k.n.KeyIO           MODE: taclets took 0ms 
299872     INFO  Test worker     d.u.i.k.n.KeyIO           Parsing took 0 ms 
299872     DEBUG Test worker     d.u.i.k.n.KeyIO           Load declarations of de.uka.ilkd.key.nparser.KeyAst$File:  <unknown>:1#1 
299872     INFO  Test worker     d.u.i.k.n.KeyIO           MODE: declarations took 0 ms 
299872     DEBUG Test worker     d.u.i.k.n.KeyIO           MODE: 2nd degree decls took 0 
299873     DEBUG Test worker     d.u.i.k.n.KeyIO           MODE: taclets took 0ms 
299873     INFO  Test worker     d.u.i.k.n.KeyIO           Parsing took 0 ms 
299873     DEBUG Test worker     d.u.i.k.n.KeyIO           Load declarations of de.uka.ilkd.key.nparser.KeyAst$File:  <unknown>:2#1 
299873     INFO  Test worker     d.u.i.k.n.KeyIO           MODE: declarations took 0 ms 
299874     DEBUG Test worker     d.u.i.k.n.KeyIO           MODE: 2nd degree decls took 0 
299874     DEBUG Test worker     d.u.i.k.n.KeyIO           MODE: taclets took 0ms 
299875     INFO  Test worker     d.u.i.k.n.KeyIO           Parsing took 0 ms 
299875     DEBUG Test worker     d.u.i.k.n.KeyIO           Load declarations of de.uka.ilkd.key.nparser.KeyAst$File:  <unknown>:1#1 
299876     INFO  Test worker     d.u.i.k.n.KeyIO           MODE: declarations took 1 ms 
299876     DEBUG Test worker     d.u.i.k.n.KeyIO           MODE: 2nd degree decls took 0 
299876     DEBUG Test worker     d.u.i.k.n.KeyIO           MODE: taclets took 0ms 
299877     INFO  Test worker     d.u.i.k.n.KeyIO           Parsing took 0 ms 
299877     DEBUG Test worker     d.u.i.k.n.KeyIO           Load declarations of de.uka.ilkd.key.nparser.KeyAst$File:  <unknown>:2#1 
299877     INFO  Test worker     d.u.i.k.n.KeyIO           MODE: declarations took 0 ms 
299878     DEBUG Test worker     d.u.i.k.n.KeyIO           MODE: 2nd degree decls took 0 
299880     DEBUG Test worker     d.u.i.k.n.KeyIO           MODE: taclets took 2ms 
299883     INFO  Test worker     d.u.i.k.n.KeyIO           Parsing took 0 ms 
299884     DEBUG Test worker     d.u.i.k.n.KeyIO           Load declarations of de.uka.ilkd.key.nparser.KeyAst$File:  <unknown>:1#1 
299885     INFO  Test worker     d.u.i.k.n.KeyIO           MODE: declarations took 1 ms 
299885     DEBUG Test worker     d.u.i.k.n.KeyIO           MODE: 2nd degree decls took 0 
299885     DEBUG Test worker     d.u.i.k.n.KeyIO           MODE: taclets took 0ms 
299886     INFO  Test worker     d.u.i.k.n.KeyIO           Parsing took 0 ms 
299886     DEBUG Test worker     d.u.i.k.n.KeyIO           Load declarations of de.uka.ilkd.key.nparser.KeyAst$File:  <unknown>:2#1 
299886     INFO  Test worker     d.u.i.k.n.KeyIO           MODE: declarations took 0 ms 
299886     DEBUG Test worker     d.u.i.k.n.KeyIO           MODE: 2nd degree decls took 0 
299887     DEBUG Test worker     d.u.i.k.n.KeyIO           MODE: taclets took 0ms 
299896     INFO  Test worker     d.u.i.k.n.KeyIO           Parsing took 0 ms 
299896     DEBUG Test worker     d.u.i.k.n.KeyIO           Load declarations of de.uka.ilkd.key.nparser.KeyAst$File:  <unknown>:1#1 
299896     INFO  Test worker     d.u.i.k.n.KeyIO           MODE: declarations took 0 ms 
299897     DEBUG Test worker     d.u.i.k.n.KeyIO           MODE: 2nd degree decls took 0 
299897     DEBUG Test worker     d.u.i.k.n.KeyIO           MODE: taclets took 0ms 
299897     INFO  Test worker     d.u.i.k.n.KeyIO           Parsing took 0 ms 
299898     DEBUG Test worker     d.u.i.k.n.KeyIO           Load declarations of de.uka.ilkd.key.nparser.KeyAst$File:  <unknown>:2#1 
299898     INFO  Test worker     d.u.i.k.n.KeyIO           MODE: declarations took 0 ms 
299898     DEBUG Test worker     d.u.i.k.n.KeyIO           MODE: 2nd degree decls took 0 
299898     DEBUG Test worker     d.u.i.k.n.KeyIO           MODE: taclets took 0ms 
299900     INFO  Test worker     d.u.i.k.n.KeyIO           Parsing took 0 ms 
299900     DEBUG Test worker     d.u.i.k.n.KeyIO           Load declarations of de.uka.ilkd.key.nparser.KeyAst$File:  <unknown>:1#1 
299900     INFO  Test worker     d.u.i.k.n.KeyIO           MODE: declarations took 0 ms 
299901     DEBUG Test worker     d.u.i.k.n.KeyIO           MODE: 2nd degree decls took 0 
299901     DEBUG Test worker     d.u.i.k.n.KeyIO           MODE: taclets took 0ms 
299902     INFO  Test worker     d.u.i.k.n.KeyIO           Parsing took 1 ms 
299902     DEBUG Test worker     d.u.i.k.n.KeyIO           Load declarations of de.uka.ilkd.key.nparser.KeyAst$File:  <unknown>:2#1 
299902     INFO  Test worker     d.u.i.k.n.KeyIO           MODE: declarations took 0 ms 
299902     DEBUG Test worker     d.u.i.k.n.KeyIO           MODE: 2nd degree decls took 0 
299903     DEBUG Test worker     d.u.i.k.n.KeyIO           MODE: taclets took 1ms 
299903     INFO  Test worker     d.u.i.k.n.KeyIO           Parsing took 0 ms 
299903     DEBUG Test worker     d.u.i.k.n.KeyIO           Load declarations of de.uka.ilkd.key.nparser.KeyAst$File:  <unknown>:2#1 
299903     INFO  Test worker     d.u.i.k.n.KeyIO           MODE: declarations took 0 ms 
299903     DEBUG Test worker     d.u.i.k.n.KeyIO           MODE: 2nd degree decls took 0 
299904     DEBUG Test worker     d.u.i.k.n.KeyIO           MODE: taclets took 0ms 
299905     INFO  Test worker     d.u.i.k.n.KeyIO           Parsing took 0 ms 
299905     DEBUG Test worker     d.u.i.k.n.KeyIO           Load declarations of de.uka.ilkd.key.nparser.KeyAst$File:  <unknown>:1#1 
299905     INFO  Test worker     d.u.i.k.n.KeyIO           MODE: declarations took 0 ms 
299905     DEBUG Test worker     d.u.i.k.n.KeyIO           MODE: 2nd degree decls took 0 
299906     DEBUG Test worker     d.u.i.k.n.KeyIO           MODE: taclets took 0ms 
299906     INFO  Test worker     d.u.i.k.n.KeyIO           Parsing took 0 ms 
299906     DEBUG Test worker     d.u.i.k.n.KeyIO           Load declarations of de.uka.ilkd.key.nparser.KeyAst$File:  <unknown>:2#1 
299906     INFO  Test worker     d.u.i.k.n.KeyIO           MODE: declarations took 0 ms 
299907     DEBUG Test worker     d.u.i.k.n.KeyIO           MODE: 2nd degree decls took 0 
299908     INFO  Test worker     d.u.i.k.n.KeyIO           Parsing took 0 ms 
299909     DEBUG Test worker     d.u.i.k.n.KeyIO           Load declarations of de.uka.ilkd.key.nparser.KeyAst$File:  <unknown>:1#1 
299909     INFO  Test worker     d.u.i.k.n.KeyIO           MODE: declarations took 0 ms 
299909     DEBUG Test worker     d.u.i.k.n.KeyIO           MODE: 2nd degree decls took 0 
299910     DEBUG Test worker     d.u.i.k.n.KeyIO           MODE: taclets took 1ms 
299910     INFO  Test worker     d.u.i.k.n.KeyIO           Parsing took 0 ms 
299910     DEBUG Test worker     d.u.i.k.n.KeyIO           Load declarations of de.uka.ilkd.key.nparser.KeyAst$File:  <unknown>:2#1 
299910     INFO  Test worker     d.u.i.k.n.KeyIO           MODE: declarations took 0 ms 
299910     DEBUG Test worker     d.u.i.k.n.KeyIO           MODE: 2nd degree decls took 0 
299911     DEBUG Test worker     d.u.i.k.n.KeyIO           MODE: taclets took 0ms 
299912     INFO  Test worker     d.u.i.k.n.KeyIO           Parsing took 0 ms 
299912     DEBUG Test worker     d.u.i.k.n.KeyIO           Load declarations of de.uka.ilkd.key.nparser.KeyAst$File:  <unknown>:1#1 
299920     INFO  Test worker     d.u.i.k.n.KeyIO           MODE: declarations took 8 ms 
299920     DEBUG Test worker     d.u.i.k.n.KeyIO           MODE: 2nd degree decls took 0 
299921     DEBUG Test worker     d.u.i.k.n.KeyIO           MODE: taclets took 0ms 
299921     INFO  Test worker     d.u.i.k.n.KeyIO           Parsing took 0 ms 
299921     DEBUG Test worker     d.u.i.k.n.KeyIO           Load declarations of de.uka.ilkd.key.nparser.KeyAst$File:  <unknown>:2#1 
299922     INFO  Test worker     d.u.i.k.n.KeyIO           MODE: declarations took 1 ms 
299922     DEBUG Test worker     d.u.i.k.n.KeyIO           MODE: 2nd degree decls took 0 
299922     DEBUG Test worker     d.u.i.k.n.KeyIO           MODE: taclets took 0ms 
299927     INFO  Test worker     d.u.i.k.n.KeyIO           Parsing took 0 ms 
299928     DEBUG Test worker     d.u.i.k.n.KeyIO           Load declarations of de.uka.ilkd.key.nparser.KeyAst$File:  <unknown>:1#1 
299928     INFO  Test worker     d.u.i.k.n.KeyIO           MODE: declarations took 0 ms 
299928     DEBUG Test worker     d.u.i.k.n.KeyIO           MODE: 2nd degree decls took 0 
299929     DEBUG Test worker     d.u.i.k.n.KeyIO           MODE: taclets took 1ms 
299929     INFO  Test worker     d.u.i.k.n.KeyIO           Parsing took 0 ms 
299929     DEBUG Test worker     d.u.i.k.n.KeyIO           Load declarations of de.uka.ilkd.key.nparser.KeyAst$File:  <unknown>:2#1 
299930     INFO  Test worker     d.u.i.k.n.KeyIO           MODE: declarations took 1 ms 
299930     DEBUG Test worker     d.u.i.k.n.KeyIO           MODE: 2nd degree decls took 0 
299930     DEBUG Test worker     d.u.i.k.n.KeyIO           MODE: taclets took 0ms 
]]></system-out>
  <system-err><![CDATA[]]></system-err>
</testsuite>
