<?xml version="1.0" encoding="UTF-8"?>
<testsuite name="de.uka.ilkd.key.parser.TestDeclParser" tests="14" skipped="2" failures="0" errors="0" timestamp="2023-05-31T07:40:35" hostname="fv-az454-382" time="11.26">
  <properties/>
  <testcase name="testGenericSortDecl1()" classname="de.uka.ilkd.key.parser.TestDeclParser" time="0.998"/>
  <testcase name="testGenericSortDecl2()" classname="de.uka.ilkd.key.parser.TestDeclParser" time="0.955"/>
  <testcase name="testGenericSortDecl3()" classname="de.uka.ilkd.key.parser.TestDeclParser" time="0.945"/>
  <testcase name="testGenericSortDecl4()" classname="de.uka.ilkd.key.parser.TestDeclParser" time="0.944"/>
  <testcase name="testGenericSortDecl5()" classname="de.uka.ilkd.key.parser.TestDeclParser" time="0.0">
    <skipped/>
  </testcase>
  <testcase name="testGenericSortDecl6()" classname="de.uka.ilkd.key.parser.TestDeclParser" time="0.942"/>
  <testcase name="testSortDecl()" classname="de.uka.ilkd.key.parser.TestDeclParser" time="0.885"/>
  <testcase name="testProxySortDecl()" classname="de.uka.ilkd.key.parser.TestDeclParser" time="0.939"/>
  <testcase name="testArrayDecl()" classname="de.uka.ilkd.key.parser.TestDeclParser" time="0.939"/>
  <testcase name="testAmbiguousDecls()" classname="de.uka.ilkd.key.parser.TestDeclParser" time="0.0">
    <skipped/>
  </testcase>
  <testcase name="testHeurDecl()" classname="de.uka.ilkd.key.parser.TestDeclParser" time="0.943"/>
  <testcase name="testFunctionDecl()" classname="de.uka.ilkd.key.parser.TestDeclParser" time="0.942"/>
  <testcase name="testPredicateDecl()" classname="de.uka.ilkd.key.parser.TestDeclParser" time="0.888"/>
  <testcase name="testSVDecl()" classname="de.uka.ilkd.key.parser.TestDeclParser" time="0.939"/>
  <system-out><![CDATA[209240     INFO  Test worker     d.u.i.k.n.KeyIO           Parsing took 0 ms 
209240     DEBUG Test worker     d.u.i.k.n.KeyIO           Load declarations of de.uka.ilkd.key.nparser.KeyAst$File:  <unknown>:1#1 
209241     INFO  Test worker     d.u.i.k.n.KeyIO           MODE: declarations took 1 ms 
209241     DEBUG Test worker     d.u.i.k.n.KeyIO           MODE: 2nd degree decls took 0 
209241     DEBUG Test worker     d.u.i.k.n.KeyIO           MODE: taclets took 0ms 
210197     INFO  Test worker     d.u.i.k.n.KeyIO           Parsing took 0 ms 
210197     DEBUG Test worker     d.u.i.k.n.KeyIO           Load declarations of de.uka.ilkd.key.nparser.KeyAst$File:  <unknown>:1#1 
210197     INFO  Test worker     d.u.i.k.n.KeyIO           MODE: declarations took 0 ms 
210197     DEBUG Test worker     d.u.i.k.n.KeyIO           MODE: 2nd degree decls took 0 
210197     DEBUG Test worker     d.u.i.k.n.KeyIO           MODE: taclets took 0ms 
211142     INFO  Test worker     d.u.i.k.n.KeyIO           Parsing took 0 ms 
211142     DEBUG Test worker     d.u.i.k.n.KeyIO           Load declarations of de.uka.ilkd.key.nparser.KeyAst$File:  <unknown>:1#1 
211142     INFO  Test worker     d.u.i.k.n.KeyIO           MODE: declarations took 0 ms 
211142     DEBUG Test worker     d.u.i.k.n.KeyIO           MODE: 2nd degree decls took 0 
211142     DEBUG Test worker     d.u.i.k.n.KeyIO           MODE: taclets took 0ms 
212086     INFO  Test worker     d.u.i.k.n.KeyIO           Parsing took 0 ms 
212086     DEBUG Test worker     d.u.i.k.n.KeyIO           Load declarations of de.uka.ilkd.key.nparser.KeyAst$File:  <unknown>:1#1 
212086     INFO  Test worker     d.u.i.k.n.KeyIO           MODE: declarations took 0 ms 
212086     DEBUG Test worker     d.u.i.k.n.KeyIO           MODE: 2nd degree decls took 0 
212086     DEBUG Test worker     d.u.i.k.n.KeyIO           MODE: taclets took 0ms 
213028     INFO  Test worker     d.u.i.k.n.KeyIO           Parsing took 0 ms 
213028     DEBUG Test worker     d.u.i.k.n.KeyIO           Load declarations of de.uka.ilkd.key.nparser.KeyAst$File:  <unknown>:1#1 
213029     INFO  Test worker     d.u.i.k.n.KeyIO           MODE: declarations took 0 ms 
213029     DEBUG Test worker     d.u.i.k.n.KeyIO           MODE: 2nd degree decls took 0 
213029     DEBUG Test worker     d.u.i.k.n.KeyIO           MODE: taclets took 0ms 
213913     INFO  Test worker     d.u.i.k.n.KeyIO           Parsing took 0 ms 
213913     DEBUG Test worker     d.u.i.k.n.KeyIO           Load declarations of de.uka.ilkd.key.nparser.KeyAst$File:  <unknown>:1#1 
213913     INFO  Test worker     d.u.i.k.n.KeyIO           MODE: declarations took 0 ms 
213913     DEBUG Test worker     d.u.i.k.n.KeyIO           MODE: 2nd degree decls took 0 
213913     DEBUG Test worker     d.u.i.k.n.KeyIO           MODE: taclets took 0ms 
214851     INFO  Test worker     d.u.i.k.n.KeyIO           Parsing took 0 ms 
214851     DEBUG Test worker     d.u.i.k.n.KeyIO           Load declarations of de.uka.ilkd.key.nparser.KeyAst$File:  <unknown>:1#1 
214852     INFO  Test worker     d.u.i.k.n.KeyIO           MODE: declarations took 1 ms 
214852     DEBUG Test worker     d.u.i.k.n.KeyIO           MODE: 2nd degree decls took 0 
214852     DEBUG Test worker     d.u.i.k.n.KeyIO           MODE: taclets took 0ms 
215790     INFO  Test worker     d.u.i.k.n.KeyIO           Parsing took 0 ms 
215790     DEBUG Test worker     d.u.i.k.n.KeyIO           Load declarations of de.uka.ilkd.key.nparser.KeyAst$File:  <unknown>:1#1 
215790     INFO  Test worker     d.u.i.k.n.KeyIO           MODE: declarations took 0 ms 
215791     DEBUG Test worker     d.u.i.k.n.KeyIO           MODE: 2nd degree decls took 1 
215791     DEBUG Test worker     d.u.i.k.n.KeyIO           MODE: taclets took 0ms 
216734     INFO  Test worker     d.u.i.k.n.KeyIO           Parsing took 0 ms 
216734     DEBUG Test worker     d.u.i.k.n.KeyIO           Load declarations of de.uka.ilkd.key.nparser.KeyAst$File:  <unknown>:1#1 
216734     INFO  Test worker     d.u.i.k.n.KeyIO           MODE: declarations took 0 ms 
216734     DEBUG Test worker     d.u.i.k.n.KeyIO           MODE: 2nd degree decls took 0 
216734     DEBUG Test worker     d.u.i.k.n.KeyIO           MODE: taclets took 0ms 
217675     INFO  Test worker     d.u.i.k.n.KeyIO           Parsing took 0 ms 
217675     DEBUG Test worker     d.u.i.k.n.KeyIO           Load declarations of de.uka.ilkd.key.nparser.KeyAst$File:  <unknown>:1#1 
217675     INFO  Test worker     d.u.i.k.n.KeyIO           MODE: declarations took 0 ms 
217676     DEBUG Test worker     d.u.i.k.n.KeyIO           MODE: 2nd degree decls took 1 
217676     DEBUG Test worker     d.u.i.k.n.KeyIO           MODE: taclets took 0ms 
218564     INFO  Test worker     d.u.i.k.n.KeyIO           Parsing took 1 ms 
218564     DEBUG Test worker     d.u.i.k.n.KeyIO           Load declarations of de.uka.ilkd.key.nparser.KeyAst$File:  <unknown>:1#1 
218564     INFO  Test worker     d.u.i.k.n.KeyIO           MODE: declarations took 0 ms 
218564     DEBUG Test worker     d.u.i.k.n.KeyIO           MODE: 2nd degree decls took 0 
218564     DEBUG Test worker     d.u.i.k.n.KeyIO           MODE: taclets took 0ms 
219503     INFO  Test worker     d.u.i.k.n.KeyIO           Parsing took 0 ms 
219503     DEBUG Test worker     d.u.i.k.n.KeyIO           Load declarations of de.uka.ilkd.key.nparser.KeyAst$File:  <unknown>:1#1 
219503     INFO  Test worker     d.u.i.k.n.KeyIO           MODE: declarations took 0 ms 
219503     DEBUG Test worker     d.u.i.k.n.KeyIO           MODE: 2nd degree decls took 0 
219503     DEBUG Test worker     d.u.i.k.n.KeyIO           MODE: taclets took 0ms 
]]></system-out>
  <system-err><![CDATA[]]></system-err>
</testsuite>
