<?xml version="1.0" encoding="UTF-8"?>
<testsuite name="de.uka.ilkd.key.taclettranslation.TestTacletTranslator" tests="5" skipped="0" failures="0" errors="0" timestamp="2023-05-31T07:50:35" hostname="fv-az454-382" time="0.008">
  <properties/>
  <testcase name="testPropositional1()" classname="de.uka.ilkd.key.taclettranslation.TestTacletTranslator" time="0.003"/>
  <testcase name="testPropositional2()" classname="de.uka.ilkd.key.taclettranslation.TestTacletTranslator" time="0.002"/>
  <testcase name="testNegativePolarity()" classname="de.uka.ilkd.key.taclettranslation.TestTacletTranslator" time="0.001"/>
  <testcase name="testNoPolarity()" classname="de.uka.ilkd.key.taclettranslation.TestTacletTranslator" time="0.001"/>
  <testcase name="testPositivePolarity()" classname="de.uka.ilkd.key.taclettranslation.TestTacletTranslator" time="0.001"/>
  <system-out><![CDATA[808953     INFO  Test worker     d.u.i.k.n.KeyIO           Parsing took 0 ms 
808953     DEBUG Test worker     d.u.i.k.n.KeyIO           Load declarations of de.uka.ilkd.key.nparser.KeyAst$File:  <unknown>:1#1 
808953     INFO  Test worker     d.u.i.k.n.KeyIO           MODE: declarations took 0 ms 
808953     DEBUG Test worker     d.u.i.k.n.KeyIO           MODE: 2nd degree decls took 0 
808954     DEBUG Test worker     d.u.i.k.n.KeyIO           MODE: taclets took 1ms 
808956     INFO  Test worker     d.u.i.k.n.KeyIO           Parsing took 0 ms 
808956     DEBUG Test worker     d.u.i.k.n.KeyIO           Load declarations of de.uka.ilkd.key.nparser.KeyAst$File:  <unknown>:1#1 
808956     INFO  Test worker     d.u.i.k.n.KeyIO           MODE: declarations took 0 ms 
808956     DEBUG Test worker     d.u.i.k.n.KeyIO           MODE: 2nd degree decls took 0 
808956     DEBUG Test worker     d.u.i.k.n.KeyIO           MODE: taclets took 0ms 
808957     INFO  Test worker     d.u.i.k.n.KeyIO           Parsing took 0 ms 
808957     DEBUG Test worker     d.u.i.k.n.KeyIO           Load declarations of de.uka.ilkd.key.nparser.KeyAst$File:  <unknown>:1#1 
808958     INFO  Test worker     d.u.i.k.n.KeyIO           MODE: declarations took 1 ms 
808958     DEBUG Test worker     d.u.i.k.n.KeyIO           MODE: 2nd degree decls took 0 
808958     DEBUG Test worker     d.u.i.k.n.KeyIO           MODE: taclets took 0ms 
808959     INFO  Test worker     d.u.i.k.n.KeyIO           Parsing took 0 ms 
808959     DEBUG Test worker     d.u.i.k.n.KeyIO           Load declarations of de.uka.ilkd.key.nparser.KeyAst$File:  <unknown>:1#1 
808959     INFO  Test worker     d.u.i.k.n.KeyIO           MODE: declarations took 0 ms 
808959     DEBUG Test worker     d.u.i.k.n.KeyIO           MODE: 2nd degree decls took 0 
808959     DEBUG Test worker     d.u.i.k.n.KeyIO           MODE: taclets took 0ms 
808960     INFO  Test worker     d.u.i.k.n.KeyIO           Parsing took 0 ms 
808960     DEBUG Test worker     d.u.i.k.n.KeyIO           Load declarations of de.uka.ilkd.key.nparser.KeyAst$File:  <unknown>:1#1 
808960     INFO  Test worker     d.u.i.k.n.KeyIO           MODE: declarations took 0 ms 
808960     DEBUG Test worker     d.u.i.k.n.KeyIO           MODE: 2nd degree decls took 0 
808960     DEBUG Test worker     d.u.i.k.n.KeyIO           MODE: taclets took 0ms 
]]></system-out>
  <system-err><![CDATA[]]></system-err>
</testsuite>
