<?xml version="1.0" encoding="UTF-8"?>
<testsuite name="de.uka.ilkd.key.rule.TestSchemaModalOperators" tests="4" skipped="0" failures="0" errors="0" timestamp="2023-04-18T01:36:22" hostname="fv-az206-546" time="2.387">
  <properties/>
  <testcase name="testSchemaModalities1()" classname="de.uka.ilkd.key.rule.TestSchemaModalOperators" time="2.345"/>
  <testcase name="testSchemaModalities2()" classname="de.uka.ilkd.key.rule.TestSchemaModalOperators" time="0.013"/>
  <testcase name="testSchemaModalities3()" classname="de.uka.ilkd.key.rule.TestSchemaModalOperators" time="0.012"/>
  <testcase name="testSchemaModalities4()" classname="de.uka.ilkd.key.rule.TestSchemaModalOperators" time="0.014"/>
  <system-out><![CDATA[502039     INFO  Test worker     d.u.i.k.n.KeyIO           Parsing took 0 ms 
502039     INFO  Test worker     d.u.i.k.n.KeyIO           MODE: declarations took 0 ms 
]]></system-out>
  <system-err><![CDATA[]]></system-err>
</testsuite>
