<?xml version="1.0" encoding="UTF-8"?>
<testsuite name="de.uka.ilkd.key.util.pp.TestLayouter" tests="10" skipped="0" failures="0" errors="0" timestamp="2023-04-18T01:43:16" hostname="fv-az206-546" time="0.272">
  <properties/>
  <testcase name="testNarrowInd()" classname="de.uka.ilkd.key.util.pp.TestLayouter" time="0.106"/>
  <testcase name="testNarrowPre()" classname="de.uka.ilkd.key.util.pp.TestLayouter" time="0.021"/>
  <testcase name="testWideConsistent()" classname="de.uka.ilkd.key.util.pp.TestLayouter" time="0.001"/>
  <testcase name="testMark()" classname="de.uka.ilkd.key.util.pp.TestLayouter" time="0.0"/>
  <testcase name="testSixInconsistent()" classname="de.uka.ilkd.key.util.pp.TestLayouter" time="0.0"/>
  <testcase name="testWideInconsistent()" classname="de.uka.ilkd.key.util.pp.TestLayouter" time="0.02"/>
  <testcase name="testNarrowInconsistent()" classname="de.uka.ilkd.key.util.pp.TestLayouter" time="0.001"/>
  <testcase name="testWideInd()" classname="de.uka.ilkd.key.util.pp.TestLayouter" time="0.078"/>
  <testcase name="testWidePre()" classname="de.uka.ilkd.key.util.pp.TestLayouter" time="0.0"/>
  <testcase name="testNarrowConsistent()" classname="de.uka.ilkd.key.util.pp.TestLayouter" time="0.0"/>
  <system-out><![CDATA[]]></system-out>
  <system-err><![CDATA[]]></system-err>
</testsuite>
