<?xml version="1.0" encoding="UTF-8"?>
<testsuite name="de.uka.ilkd.key.speclang.ContractFactoryTest" tests="3" skipped="0" failures="0" errors="0" timestamp="2023-04-18T01:41:10" hostname="fv-az206-546" time="9.529">
  <properties/>
  <testcase name="testCombineDifferentAssignable()" classname="de.uka.ilkd.key.speclang.ContractFactoryTest" time="3.077"/>
  <testcase name="testCombineEmptyAssignable()" classname="de.uka.ilkd.key.speclang.ContractFactoryTest" time="3.361"/>
  <testcase name="testCombineEqualAssignable()" classname="de.uka.ilkd.key.speclang.ContractFactoryTest" time="3.091"/>
  <system-out><![CDATA[]]></system-out>
  <system-err><![CDATA[]]></system-err>
</testsuite>
