<?xml version="1.0" encoding="UTF-8"?>
<testsuite name="de.uka.ilkd.key.parser.TestTermParser" tests="47" skipped="4" failures="0" errors="0" timestamp="2023-04-18T01:33:36" hostname="fv-az206-546" time="3.377">
  <properties/>
  <testcase name="testNotEqual()" classname="de.uka.ilkd.key.parser.TestTermParser" time="0.002"/>
  <testcase name="testProgramVariables()" classname="de.uka.ilkd.key.parser.TestTermParser" time="0.065"/>
  <testcase name="testAttributeWithSpecifiedSortOnObject()" classname="de.uka.ilkd.key.parser.TestTermParser" time="0.005"/>
  <testcase name="testCast()" classname="de.uka.ilkd.key.parser.TestTermParser" time="0.003"/>
  <testcase name="testJavaQueryAndAttribute_all()" classname="de.uka.ilkd.key.parser.TestTermParser" time="0.0">
    <skipped/>
  </testcase>
  <testcase name="test10()" classname="de.uka.ilkd.key.parser.TestTermParser" time="0.004"/>
  <testcase name="test11()" classname="de.uka.ilkd.key.parser.TestTermParser" time="0.006"/>
  <testcase name="test12()" classname="de.uka.ilkd.key.parser.TestTermParser" time="0.002">
    <skipped/>
  </testcase>
  <testcase name="test13()" classname="de.uka.ilkd.key.parser.TestTermParser" time="0.009"/>
  <testcase name="test14()" classname="de.uka.ilkd.key.parser.TestTermParser" time="0.005"/>
  <testcase name="test1a()" classname="de.uka.ilkd.key.parser.TestTermParser" time="0.003"/>
  <testcase name="testJavaAttributeAccess_4()" classname="de.uka.ilkd.key.parser.TestTermParser" time="0.009"/>
  <testcase name="testAttributeOnObject()" classname="de.uka.ilkd.key.parser.TestTermParser" time="0.004"/>
  <testcase name="testNegativeLiteralParsing1()" classname="de.uka.ilkd.key.parser.TestTermParser" time="0.001"/>
  <testcase name="testNegativeLiteralParsing2()" classname="de.uka.ilkd.key.parser.TestTermParser" time="0.005"/>
  <testcase name="testNegativeLiteralParsing3()" classname="de.uka.ilkd.key.parser.TestTermParser" time="0.002"/>
  <testcase name="xtestParsingArrayWithSpaces()" classname="de.uka.ilkd.key.parser.TestTermParser" time="0.001">
    <skipped/>
  </testcase>
  <testcase name="testAmbigiousFuncVarPred()" classname="de.uka.ilkd.key.parser.TestTermParser" time="0.0"/>
  <testcase name="test1()" classname="de.uka.ilkd.key.parser.TestTermParser" time="0.002"/>
  <testcase name="test2()" classname="de.uka.ilkd.key.parser.TestTermParser" time="0.001"/>
  <testcase name="test3()" classname="de.uka.ilkd.key.parser.TestTermParser" time="0.002"/>
  <testcase name="test5()" classname="de.uka.ilkd.key.parser.TestTermParser" time="0.002"/>
  <testcase name="test6()" classname="de.uka.ilkd.key.parser.TestTermParser" time="0.003"/>
  <testcase name="test7()" classname="de.uka.ilkd.key.parser.TestTermParser" time="0.004"/>
  <testcase name="test8()" classname="de.uka.ilkd.key.parser.TestTermParser" time="0.003"/>
  <testcase name="test9()" classname="de.uka.ilkd.key.parser.TestTermParser" time="0.002"/>
  <testcase name="testBindingUpdateTerm()" classname="de.uka.ilkd.key.parser.TestTermParser" time="0.002"/>
  <testcase name="testJavaStaticQuery()" classname="de.uka.ilkd.key.parser.TestTermParser" time="0.003"/>
  <testcase name="testInfix1()" classname="de.uka.ilkd.key.parser.TestTermParser" time="0.004"/>
  <testcase name="testInfix2()" classname="de.uka.ilkd.key.parser.TestTermParser" time="0.003"/>
  <testcase name="testInfix3()" classname="de.uka.ilkd.key.parser.TestTermParser" time="0.004"/>
  <testcase name="testInfix4()" classname="de.uka.ilkd.key.parser.TestTermParser" time="0.003"/>
  <testcase name="testIfThenElse()" classname="de.uka.ilkd.key.parser.TestTermParser" time="0.003"/>
  <testcase name="testJavaAttributeAccessBoth_1()" classname="de.uka.ilkd.key.parser.TestTermParser" time="0.004"/>
  <testcase name="testJavaAttributeAccessBoth_2()" classname="de.uka.ilkd.key.parser.TestTermParser" time="0.004"/>
  <testcase name="testJavaAttributeAccessBoth_3()" classname="de.uka.ilkd.key.parser.TestTermParser" time="0.004"/>
  <testcase name="testBindingUpdateTerm_1()" classname="de.uka.ilkd.key.parser.TestTermParser" time="0.003"/>
  <testcase name="testBindingUpdateTerm_3()" classname="de.uka.ilkd.key.parser.TestTermParser" time="0.011"/>
  <testcase name="testBindingUpdateTerm_4()" classname="de.uka.ilkd.key.parser.TestTermParser" time="0.003"/>
  <testcase name="testBindingUpdateTerm_5()" classname="de.uka.ilkd.key.parser.TestTermParser" time="0.004"/>
  <testcase name="testBindingUpdateTerm_6()" classname="de.uka.ilkd.key.parser.TestTermParser" time="0.004"/>
  <testcase name="testBindingUpdateTerm_7()" classname="de.uka.ilkd.key.parser.TestTermParser" time="0.002"/>
  <testcase name="testBindingUpdateTerm_8()" classname="de.uka.ilkd.key.parser.TestTermParser" time="0.002"/>
  <testcase name="testParsingArray()" classname="de.uka.ilkd.key.parser.TestTermParser" time="0.004"/>
  <testcase name="xtestBindingUpdateTermOldBindingAlternative()" classname="de.uka.ilkd.key.parser.TestTermParser" time="0.0">
    <skipped/>
  </testcase>
  <testcase name="testJavaStaticQueryWithParameter()" classname="de.uka.ilkd.key.parser.TestTermParser" time="0.013"/>
  <testcase name="testParsingArrayCombination()" classname="de.uka.ilkd.key.parser.TestTermParser" time="0.006"/>
  <system-out><![CDATA[333579     INFO  Test worker     d.u.i.k.n.KeyIO           Parsing took 0 ms 
333579     INFO  Test worker     d.u.i.k.n.KeyIO           MODE: declarations took 0 ms 
333594     WARN  Test worker     d.u.i.k.j.r.KeYCrossReferenceNameInfo Datatype T declared twice: Once in UNKNOWN:unknown and once in UNKNOWN:unknown, Keeping one from UNKNOWN:unknown 
333704     INFO  Test worker     d.u.i.k.n.KeyIO           Parsing took 0 ms 
333704     INFO  Test worker     d.u.i.k.n.KeyIO           MODE: declarations took 0 ms 
333766     WARN  Test worker     d.u.i.k.j.r.KeYCrossReferenceNameInfo Datatype T declared twice: Once in UNKNOWN:unknown and once in UNKNOWN:unknown, Keeping one from UNKNOWN:unknown 
333829     INFO  Test worker     d.u.i.k.n.KeyIO           Parsing took 0 ms 
333829     INFO  Test worker     d.u.i.k.n.KeyIO           MODE: declarations took 0 ms 
333829     WARN  Test worker     d.u.i.k.j.r.KeYCrossReferenceNameInfo Datatype T declared twice: Once in UNKNOWN:unknown and once in UNKNOWN:unknown, Keeping one from UNKNOWN:unknown 
333908     INFO  Test worker     d.u.i.k.n.KeyIO           Parsing took 0 ms 
333908     INFO  Test worker     d.u.i.k.n.KeyIO           MODE: declarations took 0 ms 
333908     WARN  Test worker     d.u.i.k.j.r.KeYCrossReferenceNameInfo Datatype T declared twice: Once in UNKNOWN:unknown and once in UNKNOWN:unknown, Keeping one from UNKNOWN:unknown 
333974     WARN  Test worker     d.u.i.k.j.r.KeYCrossReferenceNameInfo Datatype T declared twice: Once in UNKNOWN:unknown and once in UNKNOWN:unknown, Keeping one from UNKNOWN:unknown 
334036     INFO  Test worker     d.u.i.k.n.KeyIO           Parsing took 0 ms 
334036     INFO  Test worker     d.u.i.k.n.KeyIO           MODE: declarations took 0 ms 
334036     INFO  Test worker     d.u.i.k.p.TestTermParser  Out: \<{
  int x = 1;
  {
    int s = 2;
  }
}\> (equals(x,x)) 
334036     WARN  Test worker     d.u.i.k.j.r.KeYCrossReferenceNameInfo Datatype T declared twice: Once in UNKNOWN:unknown and once in UNKNOWN:unknown, Keeping one from UNKNOWN:unknown 
334099     INFO  Test worker     d.u.i.k.n.KeyIO           Parsing took 0 ms 
334099     INFO  Test worker     d.u.i.k.n.KeyIO           MODE: declarations took 0 ms 
334114     INFO  Test worker     d.u.i.k.p.TestTermParser  Out: \[{
  int x = 2;
  {
    String s = ""}";
  }
}\] (true) 
334114     WARN  Test worker     d.u.i.k.j.r.KeYCrossReferenceNameInfo Datatype T declared twice: Once in UNKNOWN:unknown and once in UNKNOWN:unknown, Keeping one from UNKNOWN:unknown 
334177     WARN  Test worker     d.u.i.k.j.r.KeYCrossReferenceNameInfo Datatype T declared twice: Once in UNKNOWN:unknown and once in UNKNOWN:unknown, Keeping one from UNKNOWN:unknown 
334240     INFO  Test worker     d.u.i.k.n.KeyIO           Parsing took 0 ms 
334240     INFO  Test worker     d.u.i.k.n.KeyIO           MODE: declarations took 0 ms 
334255     WARN  Test worker     d.u.i.k.j.r.KeYCrossReferenceNameInfo Datatype T declared twice: Once in UNKNOWN:unknown and once in UNKNOWN:unknown, Keeping one from UNKNOWN:unknown 
334326     INFO  Test worker     d.u.i.k.n.KeyIO           Parsing took 0 ms 
334326     INFO  Test worker     d.u.i.k.n.KeyIO           MODE: declarations took 0 ms 
334326     INFO  Test worker     d.u.i.k.p.TestTermParser  Out: \<{
  int[] i;
}\> (diamond(true)) 
334326     WARN  Test worker     d.u.i.k.j.r.KeYCrossReferenceNameInfo Datatype T declared twice: Once in UNKNOWN:unknown and once in UNKNOWN:unknown, Keeping one from UNKNOWN:unknown 
334400     INFO  Test worker     d.u.i.k.n.KeyIO           Parsing took 0 ms 
334400     INFO  Test worker     d.u.i.k.n.KeyIO           MODE: declarations took 0 ms 
334400     WARN  Test worker     d.u.i.k.j.r.KeYCrossReferenceNameInfo Datatype T declared twice: Once in UNKNOWN:unknown and once in UNKNOWN:unknown, Keeping one from UNKNOWN:unknown 
334466     INFO  Test worker     d.u.i.k.n.KeyIO           Parsing took 0 ms 
334466     INFO  Test worker     d.u.i.k.n.KeyIO           MODE: declarations took 0 ms 
334466     WARN  Test worker     d.u.i.k.j.r.KeYCrossReferenceNameInfo Datatype T declared twice: Once in UNKNOWN:unknown and once in UNKNOWN:unknown, Keeping one from UNKNOWN:unknown 
334544     INFO  Test worker     d.u.i.k.n.KeyIO           Parsing took 0 ms 
334544     INFO  Test worker     d.u.i.k.n.KeyIO           MODE: declarations took 0 ms 
334544     WARN  Test worker     d.u.i.k.j.r.KeYCrossReferenceNameInfo Datatype T declared twice: Once in UNKNOWN:unknown and once in UNKNOWN:unknown, Keeping one from UNKNOWN:unknown 
334623     INFO  Test worker     d.u.i.k.n.KeyIO           Parsing took 0 ms 
334623     INFO  Test worker     d.u.i.k.n.KeyIO           MODE: declarations took 0 ms 
334623     WARN  Test worker     d.u.i.k.j.r.KeYCrossReferenceNameInfo Datatype T declared twice: Once in UNKNOWN:unknown and once in UNKNOWN:unknown, Keeping one from UNKNOWN:unknown 
334701     INFO  Test worker     d.u.i.k.n.KeyIO           Parsing took 0 ms 
334701     INFO  Test worker     d.u.i.k.n.KeyIO           MODE: declarations took 0 ms 
334701     WARN  Test worker     d.u.i.k.j.r.KeYCrossReferenceNameInfo Datatype T declared twice: Once in UNKNOWN:unknown and once in UNKNOWN:unknown, Keeping one from UNKNOWN:unknown 
334763     INFO  Test worker     d.u.i.k.n.KeyIO           Parsing took 0 ms 
334763     INFO  Test worker     d.u.i.k.n.KeyIO           MODE: declarations took 0 ms 
334763     WARN  Test worker     d.u.i.k.j.r.KeYCrossReferenceNameInfo Datatype T declared twice: Once in UNKNOWN:unknown and once in UNKNOWN:unknown, Keeping one from UNKNOWN:unknown 
334826     WARN  Test worker     d.u.i.k.j.r.KeYCrossReferenceNameInfo Datatype T declared twice: Once in UNKNOWN:unknown and once in UNKNOWN:unknown, Keeping one from UNKNOWN:unknown 
334888     INFO  Test worker     d.u.i.k.n.KeyIO           Parsing took 0 ms 
334888     INFO  Test worker     d.u.i.k.n.KeyIO           MODE: declarations took 0 ms 
334888     WARN  Test worker     d.u.i.k.j.r.KeYCrossReferenceNameInfo Datatype T declared twice: Once in UNKNOWN:unknown and once in UNKNOWN:unknown, Keeping one from UNKNOWN:unknown 
334955     INFO  Test worker     d.u.i.k.n.KeyIO           Parsing took 0 ms 
334955     INFO  Test worker     d.u.i.k.n.KeyIO           MODE: declarations took 0 ms 
334970     WARN  Test worker     d.u.i.k.j.r.KeYCrossReferenceNameInfo Datatype T declared twice: Once in UNKNOWN:unknown and once in UNKNOWN:unknown, Keeping one from UNKNOWN:unknown 
335033     INFO  Test worker     d.u.i.k.n.KeyIO           Parsing took 0 ms 
335033     INFO  Test worker     d.u.i.k.n.KeyIO           MODE: declarations took 0 ms 
335033     WARN  Test worker     d.u.i.k.j.r.KeYCrossReferenceNameInfo Datatype T declared twice: Once in UNKNOWN:unknown and once in UNKNOWN:unknown, Keeping one from UNKNOWN:unknown 
335095     INFO  Test worker     d.u.i.k.n.KeyIO           Parsing took 0 ms 
335095     INFO  Test worker     d.u.i.k.n.KeyIO           MODE: declarations took 0 ms 
335095     WARN  Test worker     d.u.i.k.j.r.KeYCrossReferenceNameInfo Datatype T declared twice: Once in UNKNOWN:unknown and once in UNKNOWN:unknown, Keeping one from UNKNOWN:unknown 
335174     INFO  Test worker     d.u.i.k.n.KeyIO           Parsing took 0 ms 
335174     INFO  Test worker     d.u.i.k.n.KeyIO           MODE: declarations took 0 ms 
335174     WARN  Test worker     d.u.i.k.j.r.KeYCrossReferenceNameInfo Datatype T declared twice: Once in UNKNOWN:unknown and once in UNKNOWN:unknown, Keeping one from UNKNOWN:unknown 
335252     INFO  Test worker     d.u.i.k.n.KeyIO           Parsing took 0 ms 
335252     INFO  Test worker     d.u.i.k.n.KeyIO           MODE: declarations took 0 ms 
335252     WARN  Test worker     d.u.i.k.j.r.KeYCrossReferenceNameInfo Datatype T declared twice: Once in UNKNOWN:unknown and once in UNKNOWN:unknown, Keeping one from UNKNOWN:unknown 
335330     INFO  Test worker     d.u.i.k.n.KeyIO           Parsing took 0 ms 
335330     INFO  Test worker     d.u.i.k.n.KeyIO           MODE: declarations took 0 ms 
335346     WARN  Test worker     d.u.i.k.j.r.KeYCrossReferenceNameInfo Datatype T declared twice: Once in UNKNOWN:unknown and once in UNKNOWN:unknown, Keeping one from UNKNOWN:unknown 
335408     INFO  Test worker     d.u.i.k.n.KeyIO           Parsing took 0 ms 
335408     INFO  Test worker     d.u.i.k.n.KeyIO           MODE: declarations took 0 ms 
335408     WARN  Test worker     d.u.i.k.j.r.KeYCrossReferenceNameInfo Datatype T declared twice: Once in UNKNOWN:unknown and once in UNKNOWN:unknown, Keeping one from UNKNOWN:unknown 
335471     INFO  Test worker     d.u.i.k.n.KeyIO           Parsing took 0 ms 
335471     INFO  Test worker     d.u.i.k.n.KeyIO           MODE: declarations took 0 ms 
335487     WARN  Test worker     d.u.i.k.j.r.KeYCrossReferenceNameInfo Datatype T declared twice: Once in UNKNOWN:unknown and once in UNKNOWN:unknown, Keeping one from UNKNOWN:unknown 
335549     INFO  Test worker     d.u.i.k.n.KeyIO           Parsing took 0 ms 
335549     INFO  Test worker     d.u.i.k.n.KeyIO           MODE: declarations took 0 ms 
335549     WARN  Test worker     d.u.i.k.j.r.KeYCrossReferenceNameInfo Datatype T declared twice: Once in UNKNOWN:unknown and once in UNKNOWN:unknown, Keeping one from UNKNOWN:unknown 
335612     INFO  Test worker     d.u.i.k.n.KeyIO           Parsing took 0 ms 
335612     INFO  Test worker     d.u.i.k.n.KeyIO           MODE: declarations took 0 ms 
335612     WARN  Test worker     d.u.i.k.j.r.KeYCrossReferenceNameInfo Datatype T declared twice: Once in UNKNOWN:unknown and once in UNKNOWN:unknown, Keeping one from UNKNOWN:unknown 
335674     INFO  Test worker     d.u.i.k.n.KeyIO           Parsing took 0 ms 
335674     INFO  Test worker     d.u.i.k.n.KeyIO           MODE: declarations took 0 ms 
335674     WARN  Test worker     d.u.i.k.j.r.KeYCrossReferenceNameInfo Datatype T declared twice: Once in UNKNOWN:unknown and once in UNKNOWN:unknown, Keeping one from UNKNOWN:unknown 
335737     INFO  Test worker     d.u.i.k.n.KeyIO           Parsing took 0 ms 
335737     INFO  Test worker     d.u.i.k.n.KeyIO           MODE: declarations took 0 ms 
335737     WARN  Test worker     d.u.i.k.j.r.KeYCrossReferenceNameInfo Datatype T declared twice: Once in UNKNOWN:unknown and once in UNKNOWN:unknown, Keeping one from UNKNOWN:unknown 
335816     INFO  Test worker     d.u.i.k.n.KeyIO           Parsing took 0 ms 
335816     INFO  Test worker     d.u.i.k.n.KeyIO           MODE: declarations took 0 ms 
335831     WARN  Test worker     d.u.i.k.j.r.KeYCrossReferenceNameInfo Datatype T declared twice: Once in UNKNOWN:unknown and once in UNKNOWN:unknown, Keeping one from UNKNOWN:unknown 
335898     INFO  Test worker     d.u.i.k.n.KeyIO           Parsing took 0 ms 
335898     INFO  Test worker     d.u.i.k.n.KeyIO           MODE: declarations took 0 ms 
335898     WARN  Test worker     d.u.i.k.j.r.KeYCrossReferenceNameInfo Datatype T declared twice: Once in UNKNOWN:unknown and once in UNKNOWN:unknown, Keeping one from UNKNOWN:unknown 
335961     INFO  Test worker     d.u.i.k.n.KeyIO           Parsing took 0 ms 
335961     INFO  Test worker     d.u.i.k.n.KeyIO           MODE: declarations took 0 ms 
335961     WARN  Test worker     d.u.i.k.j.r.KeYCrossReferenceNameInfo Datatype T declared twice: Once in UNKNOWN:unknown and once in UNKNOWN:unknown, Keeping one from UNKNOWN:unknown 
336023     INFO  Test worker     d.u.i.k.n.KeyIO           Parsing took 0 ms 
336023     INFO  Test worker     d.u.i.k.n.KeyIO           MODE: declarations took 0 ms 
336023     WARN  Test worker     d.u.i.k.j.r.KeYCrossReferenceNameInfo Datatype T declared twice: Once in UNKNOWN:unknown and once in UNKNOWN:unknown, Keeping one from UNKNOWN:unknown 
336086     INFO  Test worker     d.u.i.k.n.KeyIO           Parsing took 0 ms 
336086     INFO  Test worker     d.u.i.k.n.KeyIO           MODE: declarations took 0 ms 
336101     WARN  Test worker     d.u.i.k.j.r.KeYCrossReferenceNameInfo Datatype T declared twice: Once in UNKNOWN:unknown and once in UNKNOWN:unknown, Keeping one from UNKNOWN:unknown 
336164     INFO  Test worker     d.u.i.k.n.KeyIO           Parsing took 0 ms 
336164     INFO  Test worker     d.u.i.k.n.KeyIO           MODE: declarations took 0 ms 
336164     WARN  Test worker     d.u.i.k.j.r.KeYCrossReferenceNameInfo Datatype T declared twice: Once in UNKNOWN:unknown and once in UNKNOWN:unknown, Keeping one from UNKNOWN:unknown 
336226     INFO  Test worker     d.u.i.k.n.KeyIO           Parsing took 0 ms 
336226     INFO  Test worker     d.u.i.k.n.KeyIO           MODE: declarations took 0 ms 
336226     WARN  Test worker     d.u.i.k.j.r.KeYCrossReferenceNameInfo Datatype T declared twice: Once in UNKNOWN:unknown and once in UNKNOWN:unknown, Keeping one from UNKNOWN:unknown 
336289     INFO  Test worker     d.u.i.k.n.KeyIO           Parsing took 0 ms 
336289     INFO  Test worker     d.u.i.k.n.KeyIO           MODE: declarations took 0 ms 
336305     WARN  Test worker     d.u.i.k.j.r.KeYCrossReferenceNameInfo Datatype T declared twice: Once in UNKNOWN:unknown and once in UNKNOWN:unknown, Keeping one from UNKNOWN:unknown 
336367     INFO  Test worker     d.u.i.k.n.KeyIO           Parsing took 0 ms 
336367     INFO  Test worker     d.u.i.k.n.KeyIO           MODE: declarations took 0 ms 
336367     WARN  Test worker     d.u.i.k.j.r.KeYCrossReferenceNameInfo Datatype T declared twice: Once in UNKNOWN:unknown and once in UNKNOWN:unknown, Keeping one from UNKNOWN:unknown 
336433     INFO  Test worker     d.u.i.k.n.KeyIO           Parsing took 0 ms 
336433     INFO  Test worker     d.u.i.k.n.KeyIO           MODE: declarations took 0 ms 
336433     WARN  Test worker     d.u.i.k.j.r.KeYCrossReferenceNameInfo Datatype T declared twice: Once in UNKNOWN:unknown and once in UNKNOWN:unknown, Keeping one from UNKNOWN:unknown 
336511     INFO  Test worker     d.u.i.k.n.KeyIO           Parsing took 0 ms 
336511     INFO  Test worker     d.u.i.k.n.KeyIO           MODE: declarations took 0 ms 
336511     WARN  Test worker     d.u.i.k.j.r.KeYCrossReferenceNameInfo Datatype T declared twice: Once in UNKNOWN:unknown and once in UNKNOWN:unknown, Keeping one from UNKNOWN:unknown 
336574     INFO  Test worker     d.u.i.k.n.KeyIO           Parsing took 0 ms 
336574     INFO  Test worker     d.u.i.k.n.KeyIO           MODE: declarations took 0 ms 
336574     WARN  Test worker     d.u.i.k.j.r.KeYCrossReferenceNameInfo Datatype T declared twice: Once in UNKNOWN:unknown and once in UNKNOWN:unknown, Keeping one from UNKNOWN:unknown 
336653     INFO  Test worker     d.u.i.k.n.KeyIO           Parsing took 0 ms 
336653     INFO  Test worker     d.u.i.k.n.KeyIO           MODE: declarations took 0 ms 
336653     WARN  Test worker     d.u.i.k.j.r.KeYCrossReferenceNameInfo Datatype T declared twice: Once in UNKNOWN:unknown and once in UNKNOWN:unknown, Keeping one from UNKNOWN:unknown 
336715     INFO  Test worker     d.u.i.k.n.KeyIO           Parsing took 0 ms 
336731     INFO  Test worker     d.u.i.k.n.KeyIO           MODE: declarations took 0 ms 
336731     WARN  Test worker     d.u.i.k.j.r.KeYCrossReferenceNameInfo Datatype T declared twice: Once in UNKNOWN:unknown and once in UNKNOWN:unknown, Keeping one from UNKNOWN:unknown 
336794     WARN  Test worker     d.u.i.k.j.r.KeYCrossReferenceNameInfo Datatype T declared twice: Once in UNKNOWN:unknown and once in UNKNOWN:unknown, Keeping one from UNKNOWN:unknown 
336856     INFO  Test worker     d.u.i.k.n.KeyIO           Parsing took 0 ms 
336856     INFO  Test worker     d.u.i.k.n.KeyIO           MODE: declarations took 0 ms 
336872     WARN  Test worker     d.u.i.k.j.r.KeYCrossReferenceNameInfo Datatype T declared twice: Once in UNKNOWN:unknown and once in UNKNOWN:unknown, Keeping one from UNKNOWN:unknown 
336938     INFO  Test worker     d.u.i.k.n.KeyIO           Parsing took 0 ms 
336938     INFO  Test worker     d.u.i.k.n.KeyIO           MODE: declarations took 0 ms 
]]></system-out>
  <system-err><![CDATA[]]></system-err>
</testsuite>
