<?xml version="1.0" encoding="UTF-8"?>
<testsuite name="de.uka.ilkd.key.parser.TestDeclParser" tests="14" skipped="2" failures="0" errors="0" timestamp="2023-04-18T01:31:54" hostname="fv-az206-546" time="12.227">
  <properties/>
  <testcase name="testGenericSortDecl1()" classname="de.uka.ilkd.key.parser.TestDeclParser" time="1.114"/>
  <testcase name="testGenericSortDecl2()" classname="de.uka.ilkd.key.parser.TestDeclParser" time="0.977"/>
  <testcase name="testGenericSortDecl3()" classname="de.uka.ilkd.key.parser.TestDeclParser" time="1.048"/>
  <testcase name="testGenericSortDecl4()" classname="de.uka.ilkd.key.parser.TestDeclParser" time="1.041"/>
  <testcase name="testGenericSortDecl5()" classname="de.uka.ilkd.key.parser.TestDeclParser" time="0.0">
    <skipped/>
  </testcase>
  <testcase name="testGenericSortDecl6()" classname="de.uka.ilkd.key.parser.TestDeclParser" time="0.924"/>
  <testcase name="testSortDecl()" classname="de.uka.ilkd.key.parser.TestDeclParser" time="1.039"/>
  <testcase name="testProxySortDecl()" classname="de.uka.ilkd.key.parser.TestDeclParser" time="1.032"/>
  <testcase name="testArrayDecl()" classname="de.uka.ilkd.key.parser.TestDeclParser" time="0.974"/>
  <testcase name="testAmbiguousDecls()" classname="de.uka.ilkd.key.parser.TestDeclParser" time="0.0">
    <skipped/>
  </testcase>
  <testcase name="testHeurDecl()" classname="de.uka.ilkd.key.parser.TestDeclParser" time="1.06"/>
  <testcase name="testFunctionDecl()" classname="de.uka.ilkd.key.parser.TestDeclParser" time="1.033"/>
  <testcase name="testPredicateDecl()" classname="de.uka.ilkd.key.parser.TestDeclParser" time="0.956"/>
  <testcase name="testSVDecl()" classname="de.uka.ilkd.key.parser.TestDeclParser" time="1.003"/>
  <system-out><![CDATA[232406     INFO  Test worker     d.u.i.k.n.KeyIO           Parsing took 0 ms 
232406     INFO  Test worker     d.u.i.k.n.KeyIO           MODE: declarations took 0 ms 
233391     INFO  Test worker     d.u.i.k.n.KeyIO           Parsing took 0 ms 
233391     INFO  Test worker     d.u.i.k.n.KeyIO           MODE: declarations took 0 ms 
234435     INFO  Test worker     d.u.i.k.n.KeyIO           Parsing took 0 ms 
234435     INFO  Test worker     d.u.i.k.n.KeyIO           MODE: declarations took 0 ms 
235474     INFO  Test worker     d.u.i.k.n.KeyIO           Parsing took 0 ms 
235474     INFO  Test worker     d.u.i.k.n.KeyIO           MODE: declarations took 0 ms 
236397     INFO  Test worker     d.u.i.k.n.KeyIO           Parsing took 0 ms 
236397     INFO  Test worker     d.u.i.k.n.KeyIO           MODE: declarations took 0 ms 
237464     INFO  Test worker     d.u.i.k.n.KeyIO           Parsing took 0 ms 
237464     INFO  Test worker     d.u.i.k.n.KeyIO           MODE: declarations took 0 ms 
238485     INFO  Test worker     d.u.i.k.n.KeyIO           Parsing took 0 ms 
238485     INFO  Test worker     d.u.i.k.n.KeyIO           MODE: declarations took 0 ms 
239449     INFO  Test worker     d.u.i.k.n.KeyIO           Parsing took 0 ms 
239449     INFO  Test worker     d.u.i.k.n.KeyIO           MODE: declarations took 0 ms 
240529     INFO  Test worker     d.u.i.k.n.KeyIO           Parsing took 0 ms 
240529     INFO  Test worker     d.u.i.k.n.KeyIO           MODE: declarations took 0 ms 
241545     INFO  Test worker     d.u.i.k.n.KeyIO           Parsing took 0 ms 
241545     INFO  Test worker     d.u.i.k.n.KeyIO           MODE: declarations took 0 ms 
242501     INFO  Test worker     d.u.i.k.n.KeyIO           Parsing took 0 ms 
242501     INFO  Test worker     d.u.i.k.n.KeyIO           MODE: declarations took 0 ms 
243509     INFO  Test worker     d.u.i.k.n.KeyIO           Parsing took 0 ms 
243509     INFO  Test worker     d.u.i.k.n.KeyIO           MODE: declarations took 0 ms 
]]></system-out>
  <system-err><![CDATA[]]></system-err>
</testsuite>
