<?xml version="1.0" encoding="UTF-8"?>
<testsuite name="de.uka.ilkd.key.parser.TestTermParserSorts" tests="2" skipped="0" failures="0" errors="0" timestamp="2023-04-18T01:35:51" hostname="fv-az206-546" time="3.17">
  <properties/>
  <testcase name="testParseIntegerArgs()" classname="de.uka.ilkd.key.parser.TestTermParserSorts" time="0.016"/>
  <testcase name="testParseSequencePrettySyntax()" classname="de.uka.ilkd.key.parser.TestTermParserSorts" time="0.005"/>
  <system-out><![CDATA[468854     INFO  Test worker     d.u.i.k.n.KeyIO           Parsing took 0 ms 
468854     INFO  Test worker     d.u.i.k.n.KeyIO           MODE: declarations took 0 ms 
468854     INFO  Test worker     d.u.i.k.n.KeyIO           Parsing took 0 ms 
468854     INFO  Test worker     d.u.i.k.n.KeyIO           MODE: declarations took 0 ms 
468854     INFO  Test worker     d.u.i.k.n.KeyIO           Parsing took 0 ms 
468854     INFO  Test worker     d.u.i.k.n.KeyIO           MODE: declarations took 0 ms 
472019     INFO  Test worker     d.u.i.k.n.KeyIO           Parsing took 0 ms 
472019     INFO  Test worker     d.u.i.k.n.KeyIO           MODE: declarations took 0 ms 
472019     INFO  Test worker     d.u.i.k.n.KeyIO           Parsing took 0 ms 
472019     INFO  Test worker     d.u.i.k.n.KeyIO           MODE: declarations took 0 ms 
472019     INFO  Test worker     d.u.i.k.n.KeyIO           Parsing took 0 ms 
472019     INFO  Test worker     d.u.i.k.n.KeyIO           MODE: declarations took 0 ms 
]]></system-out>
  <system-err><![CDATA[]]></system-err>
</testsuite>
