<?xml version="1.0" encoding="UTF-8"?>
<testsuite name="de.uka.ilkd.key.parser.TestTermParserHeap" tests="39" skipped="0" failures="0" errors="0" timestamp="2023-04-18T01:33:43" hostname="fv-az206-546" time="125.208">
  <properties/>
  <testcase name="testBracketHeapUpdate()" classname="de.uka.ilkd.key.parser.TestTermParserHeap" time="0.017"/>
  <testcase name="testStore()" classname="de.uka.ilkd.key.parser.TestTermParserHeap" time="0.01"/>
  <testcase name="testUnknownConstant()" classname="de.uka.ilkd.key.parser.TestTermParserHeap" time="0.007"/>
  <testcase name="testAllFieldsSelector()" classname="de.uka.ilkd.key.parser.TestTermParserHeap" time="0.004"/>
  <testcase name="testParsePrettyPrintedSelect()" classname="de.uka.ilkd.key.parser.TestTermParserHeap" time="0.004"/>
  <testcase name="testAccessStaticMembers()" classname="de.uka.ilkd.key.parser.TestTermParserHeap" time="0.005"/>
  <testcase name="testAtOperator_1()" classname="de.uka.ilkd.key.parser.TestTermParserHeap" time="0.005"/>
  <testcase name="testAtOperator_2()" classname="de.uka.ilkd.key.parser.TestTermParserHeap" time="0.004"/>
  <testcase name="testAtOperator_3()" classname="de.uka.ilkd.key.parser.TestTermParserHeap" time="0.003"/>
  <testcase name="testAtOperator_4()" classname="de.uka.ilkd.key.parser.TestTermParserHeap" time="0.014"/>
  <testcase name="testAtOperator_5()" classname="de.uka.ilkd.key.parser.TestTermParserHeap" time="0.006"/>
  <testcase name="testAtOperator_6()" classname="de.uka.ilkd.key.parser.TestTermParserHeap" time="0.003"/>
  <testcase name="testAtOperator_7()" classname="de.uka.ilkd.key.parser.TestTermParserHeap" time="0.006"/>
  <testcase name="testAtOperator_8()" classname="de.uka.ilkd.key.parser.TestTermParserHeap" time="0.004"/>
  <testcase name="testVerifyExceptionIfAtOperatorNotPreceededBySelectTerm()" classname="de.uka.ilkd.key.parser.TestTermParserHeap" time="0.015"/>
  <testcase name="testBugResettingCounter()" classname="de.uka.ilkd.key.parser.TestTermParserHeap" time="0.003"/>
  <testcase name="testLocationSets()" classname="de.uka.ilkd.key.parser.TestTermParserHeap" time="0.004"/>
  <testcase name="testQuantifiedSelect()" classname="de.uka.ilkd.key.parser.TestTermParserHeap" time="0.005"/>
  <testcase name="testGenericObjectProperties()" classname="de.uka.ilkd.key.parser.TestTermParserHeap" time="0.005"/>
  <testcase name="testQueryInheritance_1()" classname="de.uka.ilkd.key.parser.TestTermParserHeap" time="0.005"/>
  <testcase name="testQueryInheritance_2()" classname="de.uka.ilkd.key.parser.TestTermParserHeap" time="0.007"/>
  <testcase name="testQueryInheritance_3()" classname="de.uka.ilkd.key.parser.TestTermParserHeap" time="0.002"/>
  <testcase name="testQueryInheritance_4()" classname="de.uka.ilkd.key.parser.TestTermParserHeap" time="0.003"/>
  <testcase name="testQueryInheritance_5()" classname="de.uka.ilkd.key.parser.TestTermParserHeap" time="0.003"/>
  <testcase name="testQueryInheritance_6()" classname="de.uka.ilkd.key.parser.TestTermParserHeap" time="0.003"/>
  <testcase name="testQueryInheritance_7()" classname="de.uka.ilkd.key.parser.TestTermParserHeap" time="0.001"/>
  <testcase name="testQueryInheritance_8()" classname="de.uka.ilkd.key.parser.TestTermParserHeap" time="0.008"/>
  <testcase name="testQueryInheritance_9()" classname="de.uka.ilkd.key.parser.TestTermParserHeap" time="0.004"/>
  <testcase name="testQueryBasic_10()" classname="de.uka.ilkd.key.parser.TestTermParserHeap" time="0.003"/>
  <testcase name="testQueryBasic_11()" classname="de.uka.ilkd.key.parser.TestTermParserHeap" time="0.008"/>
  <testcase name="testQueryBasic_1()" classname="de.uka.ilkd.key.parser.TestTermParserHeap" time="0.002"/>
  <testcase name="testQueryBasic_2()" classname="de.uka.ilkd.key.parser.TestTermParserHeap" time="0.004"/>
  <testcase name="testQueryBasic_3()" classname="de.uka.ilkd.key.parser.TestTermParserHeap" time="0.004"/>
  <testcase name="testQueryBasic_4()" classname="de.uka.ilkd.key.parser.TestTermParserHeap" time="0.005"/>
  <testcase name="testQueryBasic_5()" classname="de.uka.ilkd.key.parser.TestTermParserHeap" time="0.004"/>
  <testcase name="testQueryBasic_6()" classname="de.uka.ilkd.key.parser.TestTermParserHeap" time="0.002"/>
  <testcase name="testQueryBasic_7()" classname="de.uka.ilkd.key.parser.TestTermParserHeap" time="0.002"/>
  <testcase name="testQueryBasic_8()" classname="de.uka.ilkd.key.parser.TestTermParserHeap" time="0.009"/>
  <testcase name="testQueryBasic_9()" classname="de.uka.ilkd.key.parser.TestTermParserHeap" time="0.003"/>
  <system-out><![CDATA[340397     INFO  Test worker     d.u.i.k.n.KeyIO           Parsing took 0 ms 
340397     INFO  Test worker     d.u.i.k.n.KeyIO           MODE: declarations took 0 ms 
340397     INFO  Test worker     d.u.i.k.n.KeyIO           Parsing took 0 ms 
340397     INFO  Test worker     d.u.i.k.n.KeyIO           MODE: declarations took 0 ms 
340397     INFO  Test worker     d.u.i.k.n.KeyIO           Parsing took 0 ms 
340397     INFO  Test worker     d.u.i.k.n.KeyIO           MODE: declarations took 0 ms 
340397     INFO  Test worker     d.u.i.k.n.KeyIO           Parsing took 0 ms 
340397     INFO  Test worker     d.u.i.k.n.KeyIO           MODE: declarations took 0 ms 
340397     INFO  Test worker     d.u.i.k.n.KeyIO           Parsing took 0 ms 
340397     INFO  Test worker     d.u.i.k.n.KeyIO           MODE: declarations took 0 ms 
343650     INFO  Test worker     d.u.i.k.n.KeyIO           Parsing took 0 ms 
343650     INFO  Test worker     d.u.i.k.n.KeyIO           MODE: declarations took 0 ms 
343650     INFO  Test worker     d.u.i.k.n.KeyIO           Parsing took 0 ms 
343650     INFO  Test worker     d.u.i.k.n.KeyIO           MODE: declarations took 0 ms 
343666     INFO  Test worker     d.u.i.k.n.KeyIO           Parsing took 16 ms 
343666     INFO  Test worker     d.u.i.k.n.KeyIO           MODE: declarations took 0 ms 
343666     INFO  Test worker     d.u.i.k.n.KeyIO           Parsing took 0 ms 
343666     INFO  Test worker     d.u.i.k.n.KeyIO           MODE: declarations took 0 ms 
343666     INFO  Test worker     d.u.i.k.n.KeyIO           Parsing took 0 ms 
343666     INFO  Test worker     d.u.i.k.n.KeyIO           MODE: declarations took 0 ms 
346965     INFO  Test worker     d.u.i.k.n.KeyIO           Parsing took 0 ms 
346965     INFO  Test worker     d.u.i.k.n.KeyIO           MODE: declarations took 0 ms 
346965     INFO  Test worker     d.u.i.k.n.KeyIO           Parsing took 0 ms 
346965     INFO  Test worker     d.u.i.k.n.KeyIO           MODE: declarations took 0 ms 
346965     INFO  Test worker     d.u.i.k.n.KeyIO           Parsing took 0 ms 
346965     INFO  Test worker     d.u.i.k.n.KeyIO           MODE: declarations took 0 ms 
346965     INFO  Test worker     d.u.i.k.n.KeyIO           Parsing took 0 ms 
346965     INFO  Test worker     d.u.i.k.n.KeyIO           MODE: declarations took 0 ms 
346965     INFO  Test worker     d.u.i.k.n.KeyIO           Parsing took 0 ms 
346965     INFO  Test worker     d.u.i.k.n.KeyIO           MODE: declarations took 0 ms 
346965     INFO  Test worker     d.u.i.k.n.KeyIO           Parsing took 0 ms 
346965     INFO  Test worker     d.u.i.k.n.KeyIO           MODE: declarations took 0 ms 
350302     INFO  Test worker     d.u.i.k.n.KeyIO           Parsing took 0 ms 
350302     INFO  Test worker     d.u.i.k.n.KeyIO           MODE: declarations took 0 ms 
350302     INFO  Test worker     d.u.i.k.n.KeyIO           Parsing took 0 ms 
350302     INFO  Test worker     d.u.i.k.n.KeyIO           MODE: declarations took 0 ms 
350302     INFO  Test worker     d.u.i.k.n.KeyIO           Parsing took 0 ms 
350302     INFO  Test worker     d.u.i.k.n.KeyIO           MODE: declarations took 0 ms 
350302     INFO  Test worker     d.u.i.k.n.KeyIO           Parsing took 0 ms 
350302     INFO  Test worker     d.u.i.k.n.KeyIO           MODE: declarations took 0 ms 
350302     INFO  Test worker     d.u.i.k.n.KeyIO           Parsing took 0 ms 
350302     INFO  Test worker     d.u.i.k.n.KeyIO           MODE: declarations took 0 ms 
353542     INFO  Test worker     d.u.i.k.n.KeyIO           Parsing took 0 ms 
353542     INFO  Test worker     d.u.i.k.n.KeyIO           MODE: declarations took 0 ms 
353542     INFO  Test worker     d.u.i.k.n.KeyIO           Parsing took 0 ms 
353542     INFO  Test worker     d.u.i.k.n.KeyIO           MODE: declarations took 0 ms 
353542     INFO  Test worker     d.u.i.k.n.KeyIO           Parsing took 0 ms 
353542     INFO  Test worker     d.u.i.k.n.KeyIO           MODE: declarations took 0 ms 
353542     INFO  Test worker     d.u.i.k.n.KeyIO           Parsing took 0 ms 
353542     INFO  Test worker     d.u.i.k.n.KeyIO           MODE: declarations took 0 ms 
353542     INFO  Test worker     d.u.i.k.n.KeyIO           Parsing took 0 ms 
353542     INFO  Test worker     d.u.i.k.n.KeyIO           MODE: declarations took 0 ms 
356905     INFO  Test worker     d.u.i.k.n.KeyIO           Parsing took 0 ms 
356905     INFO  Test worker     d.u.i.k.n.KeyIO           MODE: declarations took 0 ms 
356905     INFO  Test worker     d.u.i.k.n.KeyIO           Parsing took 0 ms 
356905     INFO  Test worker     d.u.i.k.n.KeyIO           MODE: declarations took 0 ms 
356905     INFO  Test worker     d.u.i.k.n.KeyIO           Parsing took 0 ms 
356905     INFO  Test worker     d.u.i.k.n.KeyIO           MODE: declarations took 0 ms 
356905     INFO  Test worker     d.u.i.k.n.KeyIO           Parsing took 0 ms 
356905     INFO  Test worker     d.u.i.k.n.KeyIO           MODE: declarations took 0 ms 
356905     INFO  Test worker     d.u.i.k.n.KeyIO           Parsing took 0 ms 
356905     INFO  Test worker     d.u.i.k.n.KeyIO           MODE: declarations took 0 ms 
360136     INFO  Test worker     d.u.i.k.n.KeyIO           Parsing took 0 ms 
360136     INFO  Test worker     d.u.i.k.n.KeyIO           MODE: declarations took 0 ms 
360136     INFO  Test worker     d.u.i.k.n.KeyIO           Parsing took 0 ms 
360136     INFO  Test worker     d.u.i.k.n.KeyIO           MODE: declarations took 0 ms 
360136     INFO  Test worker     d.u.i.k.n.KeyIO           Parsing took 0 ms 
360136     INFO  Test worker     d.u.i.k.n.KeyIO           MODE: declarations took 0 ms 
360136     INFO  Test worker     d.u.i.k.n.KeyIO           Parsing took 0 ms 
360136     INFO  Test worker     d.u.i.k.n.KeyIO           MODE: declarations took 0 ms 
360136     INFO  Test worker     d.u.i.k.n.KeyIO           Parsing took 0 ms 
360136     INFO  Test worker     d.u.i.k.n.KeyIO           MODE: declarations took 0 ms 
363441     INFO  Test worker     d.u.i.k.n.KeyIO           Parsing took 0 ms 
363441     INFO  Test worker     d.u.i.k.n.KeyIO           MODE: declarations took 0 ms 
363441     INFO  Test worker     d.u.i.k.n.KeyIO           Parsing took 0 ms 
363441     INFO  Test worker     d.u.i.k.n.KeyIO           MODE: declarations took 0 ms 
363441     INFO  Test worker     d.u.i.k.n.KeyIO           Parsing took 0 ms 
363441     INFO  Test worker     d.u.i.k.n.KeyIO           MODE: declarations took 0 ms 
363441     INFO  Test worker     d.u.i.k.n.KeyIO           Parsing took 0 ms 
363441     INFO  Test worker     d.u.i.k.n.KeyIO           MODE: declarations took 0 ms 
363441     INFO  Test worker     d.u.i.k.n.KeyIO           Parsing took 0 ms 
363441     INFO  Test worker     d.u.i.k.n.KeyIO           MODE: declarations took 0 ms 
366784     INFO  Test worker     d.u.i.k.n.KeyIO           Parsing took 0 ms 
366784     INFO  Test worker     d.u.i.k.n.KeyIO           MODE: declarations took 0 ms 
366784     INFO  Test worker     d.u.i.k.n.KeyIO           Parsing took 0 ms 
366784     INFO  Test worker     d.u.i.k.n.KeyIO           MODE: declarations took 0 ms 
366784     INFO  Test worker     d.u.i.k.n.KeyIO           Parsing took 0 ms 
366784     INFO  Test worker     d.u.i.k.n.KeyIO           MODE: declarations took 0 ms 
366784     INFO  Test worker     d.u.i.k.n.KeyIO           Parsing took 0 ms 
366784     INFO  Test worker     d.u.i.k.n.KeyIO           MODE: declarations took 0 ms 
366784     INFO  Test worker     d.u.i.k.n.KeyIO           Parsing took 0 ms 
366784     INFO  Test worker     d.u.i.k.n.KeyIO           MODE: declarations took 0 ms 
369924     INFO  Test worker     d.u.i.k.n.KeyIO           Parsing took 0 ms 
369924     INFO  Test worker     d.u.i.k.n.KeyIO           MODE: declarations took 0 ms 
369939     INFO  Test worker     d.u.i.k.n.KeyIO           Parsing took 0 ms 
369939     INFO  Test worker     d.u.i.k.n.KeyIO           MODE: declarations took 0 ms 
369939     INFO  Test worker     d.u.i.k.n.KeyIO           Parsing took 0 ms 
369939     INFO  Test worker     d.u.i.k.n.KeyIO           MODE: declarations took 0 ms 
369939     INFO  Test worker     d.u.i.k.n.KeyIO           Parsing took 0 ms 
369939     INFO  Test worker     d.u.i.k.n.KeyIO           MODE: declarations took 0 ms 
369939     INFO  Test worker     d.u.i.k.n.KeyIO           Parsing took 0 ms 
369939     INFO  Test worker     d.u.i.k.n.KeyIO           MODE: declarations took 0 ms 
373282     INFO  Test worker     d.u.i.k.n.KeyIO           Parsing took 0 ms 
373282     INFO  Test worker     d.u.i.k.n.KeyIO           MODE: declarations took 0 ms 
373282     INFO  Test worker     d.u.i.k.n.KeyIO           Parsing took 0 ms 
373282     INFO  Test worker     d.u.i.k.n.KeyIO           MODE: declarations took 0 ms 
373282     INFO  Test worker     d.u.i.k.n.KeyIO           Parsing took 0 ms 
373282     INFO  Test worker     d.u.i.k.n.KeyIO           MODE: declarations took 0 ms 
373282     INFO  Test worker     d.u.i.k.n.KeyIO           Parsing took 0 ms 
373282     INFO  Test worker     d.u.i.k.n.KeyIO           MODE: declarations took 0 ms 
373282     INFO  Test worker     d.u.i.k.n.KeyIO           Parsing took 0 ms 
373282     INFO  Test worker     d.u.i.k.n.KeyIO           MODE: declarations took 0 ms 
376469     INFO  Test worker     d.u.i.k.n.KeyIO           Parsing took 0 ms 
376469     INFO  Test worker     d.u.i.k.n.KeyIO           MODE: declarations took 0 ms 
376469     INFO  Test worker     d.u.i.k.n.KeyIO           Parsing took 0 ms 
376469     INFO  Test worker     d.u.i.k.n.KeyIO           MODE: declarations took 0 ms 
376469     INFO  Test worker     d.u.i.k.n.KeyIO           Parsing took 0 ms 
376469     INFO  Test worker     d.u.i.k.n.KeyIO           MODE: declarations took 0 ms 
376469     INFO  Test worker     d.u.i.k.n.KeyIO           Parsing took 0 ms 
376469     INFO  Test worker     d.u.i.k.n.KeyIO           MODE: declarations took 0 ms 
376469     INFO  Test worker     d.u.i.k.n.KeyIO           Parsing took 0 ms 
376469     INFO  Test worker     d.u.i.k.n.KeyIO           MODE: declarations took 0 ms 
379616     INFO  Test worker     d.u.i.k.n.KeyIO           Parsing took 0 ms 
379616     INFO  Test worker     d.u.i.k.n.KeyIO           MODE: declarations took 0 ms 
379616     INFO  Test worker     d.u.i.k.n.KeyIO           Parsing took 0 ms 
379616     INFO  Test worker     d.u.i.k.n.KeyIO           MODE: declarations took 0 ms 
379616     INFO  Test worker     d.u.i.k.n.KeyIO           Parsing took 0 ms 
379616     INFO  Test worker     d.u.i.k.n.KeyIO           MODE: declarations took 0 ms 
379616     INFO  Test worker     d.u.i.k.n.KeyIO           Parsing took 0 ms 
379616     INFO  Test worker     d.u.i.k.n.KeyIO           MODE: declarations took 0 ms 
379616     INFO  Test worker     d.u.i.k.n.KeyIO           Parsing took 0 ms 
379616     INFO  Test worker     d.u.i.k.n.KeyIO           MODE: declarations took 0 ms 
382829     INFO  Test worker     d.u.i.k.n.KeyIO           Parsing took 0 ms 
382829     INFO  Test worker     d.u.i.k.n.KeyIO           MODE: declarations took 0 ms 
382829     INFO  Test worker     d.u.i.k.n.KeyIO           Parsing took 0 ms 
382829     INFO  Test worker     d.u.i.k.n.KeyIO           MODE: declarations took 0 ms 
382829     INFO  Test worker     d.u.i.k.n.KeyIO           Parsing took 0 ms 
382829     INFO  Test worker     d.u.i.k.n.KeyIO           MODE: declarations took 0 ms 
382829     INFO  Test worker     d.u.i.k.n.KeyIO           Parsing took 0 ms 
382829     INFO  Test worker     d.u.i.k.n.KeyIO           MODE: declarations took 0 ms 
382829     INFO  Test worker     d.u.i.k.n.KeyIO           Parsing took 0 ms 
382829     INFO  Test worker     d.u.i.k.n.KeyIO           MODE: declarations took 0 ms 
386000     INFO  Test worker     d.u.i.k.n.KeyIO           Parsing took 0 ms 
386016     INFO  Test worker     d.u.i.k.n.KeyIO           MODE: declarations took 0 ms 
386016     INFO  Test worker     d.u.i.k.n.KeyIO           Parsing took 0 ms 
386016     INFO  Test worker     d.u.i.k.n.KeyIO           MODE: declarations took 0 ms 
386016     INFO  Test worker     d.u.i.k.n.KeyIO           Parsing took 0 ms 
386016     INFO  Test worker     d.u.i.k.n.KeyIO           MODE: declarations took 0 ms 
386016     INFO  Test worker     d.u.i.k.n.KeyIO           Parsing took 0 ms 
386016     INFO  Test worker     d.u.i.k.n.KeyIO           MODE: declarations took 0 ms 
386016     INFO  Test worker     d.u.i.k.n.KeyIO           Parsing took 0 ms 
386016     INFO  Test worker     d.u.i.k.n.KeyIO           MODE: declarations took 0 ms 
386016     WARN  Test worker     d.u.i.k.n.KeYParser       [syntax-error] <unknown>:1:11: mismatched input '@' expecting {'/', ':=', '.', '(', ')', '{', '[', '@', PARALLEL, OR, AND, IMP, '=', NOT_EQUALS, '%', '*', '-', '+', '>', GREATEREQUAL, '<', LESSEQUAL, LGUILLEMETS, EQV} [@11,11:11='@',<153>,1:11] (termEOF) 
389152     INFO  Test worker     d.u.i.k.n.KeyIO           Parsing took 0 ms 
389152     INFO  Test worker     d.u.i.k.n.KeyIO           MODE: declarations took 0 ms 
389152     INFO  Test worker     d.u.i.k.n.KeyIO           Parsing took 0 ms 
389152     INFO  Test worker     d.u.i.k.n.KeyIO           MODE: declarations took 0 ms 
389152     INFO  Test worker     d.u.i.k.n.KeyIO           Parsing took 0 ms 
389152     INFO  Test worker     d.u.i.k.n.KeyIO           MODE: declarations took 0 ms 
389152     INFO  Test worker     d.u.i.k.n.KeyIO           Parsing took 0 ms 
389152     INFO  Test worker     d.u.i.k.n.KeyIO           MODE: declarations took 0 ms 
389152     INFO  Test worker     d.u.i.k.n.KeyIO           Parsing took 0 ms 
389152     INFO  Test worker     d.u.i.k.n.KeyIO           MODE: declarations took 0 ms 
392472     INFO  Test worker     d.u.i.k.n.KeyIO           Parsing took 0 ms 
392472     INFO  Test worker     d.u.i.k.n.KeyIO           MODE: declarations took 0 ms 
392472     INFO  Test worker     d.u.i.k.n.KeyIO           Parsing took 0 ms 
392472     INFO  Test worker     d.u.i.k.n.KeyIO           MODE: declarations took 0 ms 
392472     INFO  Test worker     d.u.i.k.n.KeyIO           Parsing took 0 ms 
392472     INFO  Test worker     d.u.i.k.n.KeyIO           MODE: declarations took 0 ms 
392472     INFO  Test worker     d.u.i.k.n.KeyIO           Parsing took 0 ms 
392472     INFO  Test worker     d.u.i.k.n.KeyIO           MODE: declarations took 0 ms 
392472     INFO  Test worker     d.u.i.k.n.KeyIO           Parsing took 0 ms 
392472     INFO  Test worker     d.u.i.k.n.KeyIO           MODE: declarations took 0 ms 
395667     INFO  Test worker     d.u.i.k.n.KeyIO           Parsing took 0 ms 
395667     INFO  Test worker     d.u.i.k.n.KeyIO           MODE: declarations took 0 ms 
395667     INFO  Test worker     d.u.i.k.n.KeyIO           Parsing took 0 ms 
395667     INFO  Test worker     d.u.i.k.n.KeyIO           MODE: declarations took 0 ms 
395667     INFO  Test worker     d.u.i.k.n.KeyIO           Parsing took 0 ms 
395667     INFO  Test worker     d.u.i.k.n.KeyIO           MODE: declarations took 0 ms 
395667     INFO  Test worker     d.u.i.k.n.KeyIO           Parsing took 0 ms 
395667     INFO  Test worker     d.u.i.k.n.KeyIO           MODE: declarations took 0 ms 
395667     INFO  Test worker     d.u.i.k.n.KeyIO           Parsing took 0 ms 
395667     INFO  Test worker     d.u.i.k.n.KeyIO           MODE: declarations took 0 ms 
398756     INFO  Test worker     d.u.i.k.n.KeyIO           Parsing took 0 ms 
398756     INFO  Test worker     d.u.i.k.n.KeyIO           MODE: declarations took 0 ms 
398756     INFO  Test worker     d.u.i.k.n.KeyIO           Parsing took 0 ms 
398756     INFO  Test worker     d.u.i.k.n.KeyIO           MODE: declarations took 0 ms 
398756     INFO  Test worker     d.u.i.k.n.KeyIO           Parsing took 0 ms 
398756     INFO  Test worker     d.u.i.k.n.KeyIO           MODE: declarations took 0 ms 
398756     INFO  Test worker     d.u.i.k.n.KeyIO           Parsing took 0 ms 
398756     INFO  Test worker     d.u.i.k.n.KeyIO           MODE: declarations took 0 ms 
398756     INFO  Test worker     d.u.i.k.n.KeyIO           Parsing took 0 ms 
398756     INFO  Test worker     d.u.i.k.n.KeyIO           MODE: declarations took 0 ms 
402106     INFO  Test worker     d.u.i.k.n.KeyIO           Parsing took 0 ms 
402106     INFO  Test worker     d.u.i.k.n.KeyIO           MODE: declarations took 0 ms 
402106     INFO  Test worker     d.u.i.k.n.KeyIO           Parsing took 0 ms 
402106     INFO  Test worker     d.u.i.k.n.KeyIO           MODE: declarations took 0 ms 
402106     INFO  Test worker     d.u.i.k.n.KeyIO           Parsing took 0 ms 
402106     INFO  Test worker     d.u.i.k.n.KeyIO           MODE: declarations took 0 ms 
402106     INFO  Test worker     d.u.i.k.n.KeyIO           Parsing took 0 ms 
402106     INFO  Test worker     d.u.i.k.n.KeyIO           MODE: declarations took 0 ms 
402106     INFO  Test worker     d.u.i.k.n.KeyIO           Parsing took 0 ms 
402106     INFO  Test worker     d.u.i.k.n.KeyIO           MODE: declarations took 0 ms 
405397     INFO  Test worker     d.u.i.k.n.KeyIO           Parsing took 0 ms 
405397     INFO  Test worker     d.u.i.k.n.KeyIO           MODE: declarations took 0 ms 
405397     INFO  Test worker     d.u.i.k.n.KeyIO           Parsing took 0 ms 
405397     INFO  Test worker     d.u.i.k.n.KeyIO           MODE: declarations took 0 ms 
405397     INFO  Test worker     d.u.i.k.n.KeyIO           Parsing took 0 ms 
405397     INFO  Test worker     d.u.i.k.n.KeyIO           MODE: declarations took 0 ms 
405397     INFO  Test worker     d.u.i.k.n.KeyIO           Parsing took 0 ms 
405397     INFO  Test worker     d.u.i.k.n.KeyIO           MODE: declarations took 0 ms 
405397     INFO  Test worker     d.u.i.k.n.KeyIO           Parsing took 0 ms 
405397     INFO  Test worker     d.u.i.k.n.KeyIO           MODE: declarations took 0 ms 
409025     INFO  Test worker     d.u.i.k.n.KeyIO           Parsing took 0 ms 
409025     INFO  Test worker     d.u.i.k.n.KeyIO           MODE: declarations took 0 ms 
409025     INFO  Test worker     d.u.i.k.n.KeyIO           Parsing took 0 ms 
409025     INFO  Test worker     d.u.i.k.n.KeyIO           MODE: declarations took 0 ms 
409025     INFO  Test worker     d.u.i.k.n.KeyIO           Parsing took 0 ms 
409025     INFO  Test worker     d.u.i.k.n.KeyIO           MODE: declarations took 0 ms 
409025     INFO  Test worker     d.u.i.k.n.KeyIO           Parsing took 0 ms 
409025     INFO  Test worker     d.u.i.k.n.KeyIO           MODE: declarations took 0 ms 
409025     INFO  Test worker     d.u.i.k.n.KeyIO           Parsing took 0 ms 
409025     INFO  Test worker     d.u.i.k.n.KeyIO           MODE: declarations took 0 ms 
412438     INFO  Test worker     d.u.i.k.n.KeyIO           Parsing took 0 ms 
412438     INFO  Test worker     d.u.i.k.n.KeyIO           MODE: declarations took 0 ms 
412438     INFO  Test worker     d.u.i.k.n.KeyIO           Parsing took 0 ms 
412438     INFO  Test worker     d.u.i.k.n.KeyIO           MODE: declarations took 0 ms 
412438     INFO  Test worker     d.u.i.k.n.KeyIO           Parsing took 0 ms 
412438     INFO  Test worker     d.u.i.k.n.KeyIO           MODE: declarations took 0 ms 
412438     INFO  Test worker     d.u.i.k.n.KeyIO           Parsing took 0 ms 
412438     INFO  Test worker     d.u.i.k.n.KeyIO           MODE: declarations took 0 ms 
412438     INFO  Test worker     d.u.i.k.n.KeyIO           Parsing took 0 ms 
412438     INFO  Test worker     d.u.i.k.n.KeyIO           MODE: declarations took 0 ms 
415811     INFO  Test worker     d.u.i.k.n.KeyIO           Parsing took 0 ms 
415811     INFO  Test worker     d.u.i.k.n.KeyIO           MODE: declarations took 0 ms 
415811     INFO  Test worker     d.u.i.k.n.KeyIO           Parsing took 0 ms 
415811     INFO  Test worker     d.u.i.k.n.KeyIO           MODE: declarations took 0 ms 
415811     INFO  Test worker     d.u.i.k.n.KeyIO           Parsing took 0 ms 
415811     INFO  Test worker     d.u.i.k.n.KeyIO           MODE: declarations took 0 ms 
415811     INFO  Test worker     d.u.i.k.n.KeyIO           Parsing took 0 ms 
415811     INFO  Test worker     d.u.i.k.n.KeyIO           MODE: declarations took 0 ms 
415811     INFO  Test worker     d.u.i.k.n.KeyIO           Parsing took 0 ms 
415811     INFO  Test worker     d.u.i.k.n.KeyIO           MODE: declarations took 0 ms 
419113     INFO  Test worker     d.u.i.k.n.KeyIO           Parsing took 0 ms 
419113     INFO  Test worker     d.u.i.k.n.KeyIO           MODE: declarations took 0 ms 
419113     INFO  Test worker     d.u.i.k.n.KeyIO           Parsing took 0 ms 
419113     INFO  Test worker     d.u.i.k.n.KeyIO           MODE: declarations took 0 ms 
419113     INFO  Test worker     d.u.i.k.n.KeyIO           Parsing took 0 ms 
419113     INFO  Test worker     d.u.i.k.n.KeyIO           MODE: declarations took 0 ms 
419113     INFO  Test worker     d.u.i.k.n.KeyIO           Parsing took 0 ms 
419113     INFO  Test worker     d.u.i.k.n.KeyIO           MODE: declarations took 0 ms 
419113     INFO  Test worker     d.u.i.k.n.KeyIO           Parsing took 0 ms 
419113     INFO  Test worker     d.u.i.k.n.KeyIO           MODE: declarations took 0 ms 
422434     INFO  Test worker     d.u.i.k.n.KeyIO           Parsing took 0 ms 
422434     INFO  Test worker     d.u.i.k.n.KeyIO           MODE: declarations took 0 ms 
422434     INFO  Test worker     d.u.i.k.n.KeyIO           Parsing took 0 ms 
422434     INFO  Test worker     d.u.i.k.n.KeyIO           MODE: declarations took 0 ms 
422434     INFO  Test worker     d.u.i.k.n.KeyIO           Parsing took 0 ms 
422434     INFO  Test worker     d.u.i.k.n.KeyIO           MODE: declarations took 0 ms 
422434     INFO  Test worker     d.u.i.k.n.KeyIO           Parsing took 0 ms 
422434     INFO  Test worker     d.u.i.k.n.KeyIO           MODE: declarations took 0 ms 
422434     INFO  Test worker     d.u.i.k.n.KeyIO           Parsing took 0 ms 
422434     INFO  Test worker     d.u.i.k.n.KeyIO           MODE: declarations took 0 ms 
425717     INFO  Test worker     d.u.i.k.n.KeyIO           Parsing took 0 ms 
425717     INFO  Test worker     d.u.i.k.n.KeyIO           MODE: declarations took 0 ms 
425717     INFO  Test worker     d.u.i.k.n.KeyIO           Parsing took 0 ms 
425717     INFO  Test worker     d.u.i.k.n.KeyIO           MODE: declarations took 0 ms 
425717     INFO  Test worker     d.u.i.k.n.KeyIO           Parsing took 0 ms 
425717     INFO  Test worker     d.u.i.k.n.KeyIO           MODE: declarations took 0 ms 
425717     INFO  Test worker     d.u.i.k.n.KeyIO           Parsing took 0 ms 
425717     INFO  Test worker     d.u.i.k.n.KeyIO           MODE: declarations took 0 ms 
425717     INFO  Test worker     d.u.i.k.n.KeyIO           Parsing took 0 ms 
425717     INFO  Test worker     d.u.i.k.n.KeyIO           MODE: declarations took 0 ms 
428831     INFO  Test worker     d.u.i.k.n.KeyIO           Parsing took 0 ms 
428831     INFO  Test worker     d.u.i.k.n.KeyIO           MODE: declarations took 0 ms 
428831     INFO  Test worker     d.u.i.k.n.KeyIO           Parsing took 0 ms 
428831     INFO  Test worker     d.u.i.k.n.KeyIO           MODE: declarations took 0 ms 
428831     INFO  Test worker     d.u.i.k.n.KeyIO           Parsing took 0 ms 
428831     INFO  Test worker     d.u.i.k.n.KeyIO           MODE: declarations took 0 ms 
428831     INFO  Test worker     d.u.i.k.n.KeyIO           Parsing took 0 ms 
428831     INFO  Test worker     d.u.i.k.n.KeyIO           MODE: declarations took 0 ms 
428831     INFO  Test worker     d.u.i.k.n.KeyIO           Parsing took 0 ms 
428831     INFO  Test worker     d.u.i.k.n.KeyIO           MODE: declarations took 0 ms 
432114     INFO  Test worker     d.u.i.k.n.KeyIO           Parsing took 0 ms 
432114     INFO  Test worker     d.u.i.k.n.KeyIO           MODE: declarations took 0 ms 
432130     INFO  Test worker     d.u.i.k.n.KeyIO           Parsing took 0 ms 
432130     INFO  Test worker     d.u.i.k.n.KeyIO           MODE: declarations took 0 ms 
432130     INFO  Test worker     d.u.i.k.n.KeyIO           Parsing took 0 ms 
432130     INFO  Test worker     d.u.i.k.n.KeyIO           MODE: declarations took 0 ms 
432130     INFO  Test worker     d.u.i.k.n.KeyIO           Parsing took 0 ms 
432130     INFO  Test worker     d.u.i.k.n.KeyIO           MODE: declarations took 0 ms 
432130     INFO  Test worker     d.u.i.k.n.KeyIO           Parsing took 0 ms 
432130     INFO  Test worker     d.u.i.k.n.KeyIO           MODE: declarations took 0 ms 
435425     INFO  Test worker     d.u.i.k.n.KeyIO           Parsing took 0 ms 
435425     INFO  Test worker     d.u.i.k.n.KeyIO           MODE: declarations took 0 ms 
435425     INFO  Test worker     d.u.i.k.n.KeyIO           Parsing took 0 ms 
435441     INFO  Test worker     d.u.i.k.n.KeyIO           MODE: declarations took 16 ms 
435441     INFO  Test worker     d.u.i.k.n.KeyIO           Parsing took 0 ms 
435441     INFO  Test worker     d.u.i.k.n.KeyIO           MODE: declarations took 0 ms 
435441     INFO  Test worker     d.u.i.k.n.KeyIO           Parsing took 0 ms 
435441     INFO  Test worker     d.u.i.k.n.KeyIO           MODE: declarations took 0 ms 
435441     INFO  Test worker     d.u.i.k.n.KeyIO           Parsing took 0 ms 
435441     INFO  Test worker     d.u.i.k.n.KeyIO           MODE: declarations took 0 ms 
438762     INFO  Test worker     d.u.i.k.n.KeyIO           Parsing took 0 ms 
438762     INFO  Test worker     d.u.i.k.n.KeyIO           MODE: declarations took 0 ms 
438762     INFO  Test worker     d.u.i.k.n.KeyIO           Parsing took 0 ms 
438762     INFO  Test worker     d.u.i.k.n.KeyIO           MODE: declarations took 0 ms 
438762     INFO  Test worker     d.u.i.k.n.KeyIO           Parsing took 0 ms 
438762     INFO  Test worker     d.u.i.k.n.KeyIO           MODE: declarations took 0 ms 
438762     INFO  Test worker     d.u.i.k.n.KeyIO           Parsing took 0 ms 
438762     INFO  Test worker     d.u.i.k.n.KeyIO           MODE: declarations took 0 ms 
438762     INFO  Test worker     d.u.i.k.n.KeyIO           Parsing took 0 ms 
438762     INFO  Test worker     d.u.i.k.n.KeyIO           MODE: declarations took 0 ms 
442092     INFO  Test worker     d.u.i.k.n.KeyIO           Parsing took 0 ms 
442092     INFO  Test worker     d.u.i.k.n.KeyIO           MODE: declarations took 0 ms 
442092     INFO  Test worker     d.u.i.k.n.KeyIO           Parsing took 0 ms 
442092     INFO  Test worker     d.u.i.k.n.KeyIO           MODE: declarations took 0 ms 
442092     INFO  Test worker     d.u.i.k.n.KeyIO           Parsing took 0 ms 
442092     INFO  Test worker     d.u.i.k.n.KeyIO           MODE: declarations took 0 ms 
442092     INFO  Test worker     d.u.i.k.n.KeyIO           Parsing took 0 ms 
442092     INFO  Test worker     d.u.i.k.n.KeyIO           MODE: declarations took 0 ms 
442092     INFO  Test worker     d.u.i.k.n.KeyIO           Parsing took 0 ms 
442092     INFO  Test worker     d.u.i.k.n.KeyIO           MODE: declarations took 0 ms 
445411     INFO  Test worker     d.u.i.k.n.KeyIO           Parsing took 0 ms 
445411     INFO  Test worker     d.u.i.k.n.KeyIO           MODE: declarations took 0 ms 
445411     INFO  Test worker     d.u.i.k.n.KeyIO           Parsing took 0 ms 
445411     INFO  Test worker     d.u.i.k.n.KeyIO           MODE: declarations took 0 ms 
445411     INFO  Test worker     d.u.i.k.n.KeyIO           Parsing took 0 ms 
445411     INFO  Test worker     d.u.i.k.n.KeyIO           MODE: declarations took 0 ms 
445411     INFO  Test worker     d.u.i.k.n.KeyIO           Parsing took 0 ms 
445411     INFO  Test worker     d.u.i.k.n.KeyIO           MODE: declarations took 0 ms 
445411     INFO  Test worker     d.u.i.k.n.KeyIO           Parsing took 0 ms 
445411     INFO  Test worker     d.u.i.k.n.KeyIO           MODE: declarations took 0 ms 
448808     INFO  Test worker     d.u.i.k.n.KeyIO           Parsing took 0 ms 
448808     INFO  Test worker     d.u.i.k.n.KeyIO           MODE: declarations took 0 ms 
448808     INFO  Test worker     d.u.i.k.n.KeyIO           Parsing took 0 ms 
448808     INFO  Test worker     d.u.i.k.n.KeyIO           MODE: declarations took 0 ms 
448808     INFO  Test worker     d.u.i.k.n.KeyIO           Parsing took 0 ms 
448808     INFO  Test worker     d.u.i.k.n.KeyIO           MODE: declarations took 0 ms 
448808     INFO  Test worker     d.u.i.k.n.KeyIO           Parsing took 0 ms 
448808     INFO  Test worker     d.u.i.k.n.KeyIO           MODE: declarations took 0 ms 
448808     INFO  Test worker     d.u.i.k.n.KeyIO           Parsing took 0 ms 
448808     INFO  Test worker     d.u.i.k.n.KeyIO           MODE: declarations took 0 ms 
452298     INFO  Test worker     d.u.i.k.n.KeyIO           Parsing took 0 ms 
452298     INFO  Test worker     d.u.i.k.n.KeyIO           MODE: declarations took 0 ms 
452298     INFO  Test worker     d.u.i.k.n.KeyIO           Parsing took 0 ms 
452298     INFO  Test worker     d.u.i.k.n.KeyIO           MODE: declarations took 0 ms 
452298     INFO  Test worker     d.u.i.k.n.KeyIO           Parsing took 0 ms 
452298     INFO  Test worker     d.u.i.k.n.KeyIO           MODE: declarations took 0 ms 
452298     INFO  Test worker     d.u.i.k.n.KeyIO           Parsing took 0 ms 
452298     INFO  Test worker     d.u.i.k.n.KeyIO           MODE: declarations took 0 ms 
452298     INFO  Test worker     d.u.i.k.n.KeyIO           Parsing took 0 ms 
452298     INFO  Test worker     d.u.i.k.n.KeyIO           MODE: declarations took 0 ms 
455556     INFO  Test worker     d.u.i.k.n.KeyIO           Parsing took 0 ms 
455556     INFO  Test worker     d.u.i.k.n.KeyIO           MODE: declarations took 0 ms 
455556     INFO  Test worker     d.u.i.k.n.KeyIO           Parsing took 0 ms 
455556     INFO  Test worker     d.u.i.k.n.KeyIO           MODE: declarations took 0 ms 
455556     INFO  Test worker     d.u.i.k.n.KeyIO           Parsing took 0 ms 
455556     INFO  Test worker     d.u.i.k.n.KeyIO           MODE: declarations took 0 ms 
455556     INFO  Test worker     d.u.i.k.n.KeyIO           Parsing took 0 ms 
455556     INFO  Test worker     d.u.i.k.n.KeyIO           MODE: declarations took 0 ms 
455556     INFO  Test worker     d.u.i.k.n.KeyIO           Parsing took 0 ms 
455556     INFO  Test worker     d.u.i.k.n.KeyIO           MODE: declarations took 0 ms 
458878     INFO  Test worker     d.u.i.k.n.KeyIO           Parsing took 0 ms 
458878     INFO  Test worker     d.u.i.k.n.KeyIO           MODE: declarations took 0 ms 
458878     INFO  Test worker     d.u.i.k.n.KeyIO           Parsing took 0 ms 
458878     INFO  Test worker     d.u.i.k.n.KeyIO           MODE: declarations took 0 ms 
458878     INFO  Test worker     d.u.i.k.n.KeyIO           Parsing took 0 ms 
458878     INFO  Test worker     d.u.i.k.n.KeyIO           MODE: declarations took 0 ms 
458878     INFO  Test worker     d.u.i.k.n.KeyIO           Parsing took 0 ms 
458878     INFO  Test worker     d.u.i.k.n.KeyIO           MODE: declarations took 0 ms 
458878     INFO  Test worker     d.u.i.k.n.KeyIO           Parsing took 0 ms 
458878     INFO  Test worker     d.u.i.k.n.KeyIO           MODE: declarations took 0 ms 
462235     INFO  Test worker     d.u.i.k.n.KeyIO           Parsing took 0 ms 
462235     INFO  Test worker     d.u.i.k.n.KeyIO           MODE: declarations took 0 ms 
462235     INFO  Test worker     d.u.i.k.n.KeyIO           Parsing took 0 ms 
462235     INFO  Test worker     d.u.i.k.n.KeyIO           MODE: declarations took 0 ms 
462235     INFO  Test worker     d.u.i.k.n.KeyIO           Parsing took 0 ms 
462235     INFO  Test worker     d.u.i.k.n.KeyIO           MODE: declarations took 0 ms 
462235     INFO  Test worker     d.u.i.k.n.KeyIO           Parsing took 0 ms 
462235     INFO  Test worker     d.u.i.k.n.KeyIO           MODE: declarations took 0 ms 
462235     INFO  Test worker     d.u.i.k.n.KeyIO           Parsing took 0 ms 
462235     INFO  Test worker     d.u.i.k.n.KeyIO           MODE: declarations took 0 ms 
465602     INFO  Test worker     d.u.i.k.n.KeyIO           Parsing took 0 ms 
465602     INFO  Test worker     d.u.i.k.n.KeyIO           MODE: declarations took 0 ms 
465602     INFO  Test worker     d.u.i.k.n.KeyIO           Parsing took 0 ms 
465602     INFO  Test worker     d.u.i.k.n.KeyIO           MODE: declarations took 0 ms 
465602     INFO  Test worker     d.u.i.k.n.KeyIO           Parsing took 0 ms 
465602     INFO  Test worker     d.u.i.k.n.KeyIO           MODE: declarations took 0 ms 
465602     INFO  Test worker     d.u.i.k.n.KeyIO           Parsing took 0 ms 
465602     INFO  Test worker     d.u.i.k.n.KeyIO           MODE: declarations took 0 ms 
465602     INFO  Test worker     d.u.i.k.n.KeyIO           Parsing took 0 ms 
465602     INFO  Test worker     d.u.i.k.n.KeyIO           MODE: declarations took 0 ms 
]]></system-out>
  <system-err><![CDATA[]]></system-err>
</testsuite>
