<?xml version="1.0" encoding="UTF-8"?>
<testsuite name="de.uka.ilkd.key.parser.proofjava.TestProofJavaParser" tests="4" skipped="0" failures="0" errors="0" timestamp="2023-04-18T01:35:55" hostname="fv-az206-546" time="0.03">
  <properties/>
  <testcase name="testGenericWithWithoutSpaces()" classname="de.uka.ilkd.key.parser.proofjava.TestProofJavaParser" time="0.003"/>
  <testcase name="testExpressions()" classname="de.uka.ilkd.key.parser.proofjava.TestProofJavaParser" time="0.006"/>
  <testcase name="testGenericClassDeclarations()" classname="de.uka.ilkd.key.parser.proofjava.TestProofJavaParser" time="0.009"/>
  <testcase name="testMemberDeclarations()" classname="de.uka.ilkd.key.parser.proofjava.TestProofJavaParser" time="0.01"/>
  <system-out><![CDATA[]]></system-out>
  <system-err><![CDATA[]]></system-err>
</testsuite>
