<?xml version="1.0" encoding="UTF-8"?>
<testsuite name="de.uka.ilkd.key.logic.TestClashFreeSubst" tests="14" skipped="2" failures="0" errors="0" timestamp="2023-04-18T01:28:45" hostname="fv-az206-546" time="56.121">
  <properties/>
  <testcase name="testMultiShareBound()" classname="de.uka.ilkd.key.logic.TestClashFreeSubst" time="1.452"/>
  <testcase name="testClash()" classname="de.uka.ilkd.key.logic.TestClashFreeSubst" time="1.027"/>
  <testcase name="testShare()" classname="de.uka.ilkd.key.logic.TestClashFreeSubst" time="1.052"/>
  <testcase name="testSubst()" classname="de.uka.ilkd.key.logic.TestClashFreeSubst" time="1.047"/>
  <testcase name="testWary0()" classname="de.uka.ilkd.key.logic.TestClashFreeSubst" time="1.032"/>
  <testcase name="testWary1()" classname="de.uka.ilkd.key.logic.TestClashFreeSubst" time="1.032"/>
  <testcase name="testWary2()" classname="de.uka.ilkd.key.logic.TestClashFreeSubst" time="0.997"/>
  <testcase name="testClashInSubstTerm()" classname="de.uka.ilkd.key.logic.TestClashFreeSubst" time="1.002"/>
  <testcase name="testShareWary()" classname="de.uka.ilkd.key.logic.TestClashFreeSubst" time="0.973"/>
  <testcase name="testMultiSubst()" classname="de.uka.ilkd.key.logic.TestClashFreeSubst" time="1.012"/>
  <testcase name="xtestMultiClash()" classname="de.uka.ilkd.key.logic.TestClashFreeSubst" time="0.0">
    <skipped/>
  </testcase>
  <testcase name="testSubstInSubstTerm()" classname="de.uka.ilkd.key.logic.TestClashFreeSubst" time="0.995"/>
  <testcase name="testSubstWary()" classname="de.uka.ilkd.key.logic.TestClashFreeSubst" time="0.989"/>
  <testcase name="xtestMultiClash1()" classname="de.uka.ilkd.key.logic.TestClashFreeSubst" time="0.0">
    <skipped/>
  </testcase>
  <system-out><![CDATA[42839      INFO  Test worker     d.u.i.k.n.KeyIO           Parsing took 0 ms 
42855      INFO  Test worker     d.u.i.k.n.KeyIO           MODE: declarations took 0 ms 
44285      INFO  Test worker     d.u.i.k.n.KeyIO           Parsing took 0 ms 
44285      INFO  Test worker     d.u.i.k.n.KeyIO           MODE: declarations took 0 ms 
47836      INFO  Test worker     d.u.i.k.n.KeyIO           Parsing took 0 ms 
47836      INFO  Test worker     d.u.i.k.n.KeyIO           MODE: declarations took 0 ms 
48853      INFO  Test worker     d.u.i.k.n.KeyIO           Parsing took 0 ms 
48853      INFO  Test worker     d.u.i.k.n.KeyIO           MODE: declarations took 0 ms 
52350      INFO  Test worker     d.u.i.k.n.KeyIO           Parsing took 0 ms 
52350      INFO  Test worker     d.u.i.k.n.KeyIO           MODE: declarations took 0 ms 
53394      INFO  Test worker     d.u.i.k.n.KeyIO           Parsing took 0 ms 
53394      INFO  Test worker     d.u.i.k.n.KeyIO           MODE: declarations took 0 ms 
56773      INFO  Test worker     d.u.i.k.n.KeyIO           Parsing took 0 ms 
56773      INFO  Test worker     d.u.i.k.n.KeyIO           MODE: declarations took 0 ms 
57800      INFO  Test worker     d.u.i.k.n.KeyIO           Parsing took 0 ms 
57800      INFO  Test worker     d.u.i.k.n.KeyIO           MODE: declarations took 0 ms 
61241      INFO  Test worker     d.u.i.k.n.KeyIO           Parsing took 0 ms 
61241      INFO  Test worker     d.u.i.k.n.KeyIO           MODE: declarations took 0 ms 
62250      INFO  Test worker     d.u.i.k.n.KeyIO           Parsing took 0 ms 
62266      INFO  Test worker     d.u.i.k.n.KeyIO           MODE: declarations took 0 ms 
65690      INFO  Test worker     d.u.i.k.n.KeyIO           Parsing took 0 ms 
65690      INFO  Test worker     d.u.i.k.n.KeyIO           MODE: declarations took 0 ms 
66715      INFO  Test worker     d.u.i.k.n.KeyIO           Parsing took 0 ms 
66715      INFO  Test worker     d.u.i.k.n.KeyIO           MODE: declarations took 0 ms 
69957      INFO  Test worker     d.u.i.k.n.KeyIO           Parsing took 0 ms 
69957      INFO  Test worker     d.u.i.k.n.KeyIO           MODE: declarations took 0 ms 
70953      INFO  Test worker     d.u.i.k.n.KeyIO           Parsing took 0 ms 
70953      INFO  Test worker     d.u.i.k.n.KeyIO           MODE: declarations took 0 ms 
74281      INFO  Test worker     d.u.i.k.n.KeyIO           Parsing took 0 ms 
74296      INFO  Test worker     d.u.i.k.n.KeyIO           MODE: declarations took 0 ms 
75278      INFO  Test worker     d.u.i.k.n.KeyIO           Parsing took 0 ms 
75278      INFO  Test worker     d.u.i.k.n.KeyIO           MODE: declarations took 0 ms 
78614      INFO  Test worker     d.u.i.k.n.KeyIO           Parsing took 0 ms 
78614      INFO  Test worker     d.u.i.k.n.KeyIO           MODE: declarations took 0 ms 
79579      INFO  Test worker     d.u.i.k.n.KeyIO           Parsing took 0 ms 
79579      INFO  Test worker     d.u.i.k.n.KeyIO           MODE: declarations took 0 ms 
82809      INFO  Test worker     d.u.i.k.n.KeyIO           Parsing took 0 ms 
82809      INFO  Test worker     d.u.i.k.n.KeyIO           MODE: declarations took 0 ms 
83825      INFO  Test worker     d.u.i.k.n.KeyIO           Parsing took 0 ms 
83825      INFO  Test worker     d.u.i.k.n.KeyIO           MODE: declarations took 0 ms 
90409      INFO  Test worker     d.u.i.k.n.KeyIO           Parsing took 0 ms 
90409      INFO  Test worker     d.u.i.k.n.KeyIO           MODE: declarations took 0 ms 
91399      INFO  Test worker     d.u.i.k.n.KeyIO           Parsing took 0 ms 
91399      INFO  Test worker     d.u.i.k.n.KeyIO           MODE: declarations took 0 ms 
94652      INFO  Test worker     d.u.i.k.n.KeyIO           Parsing took 0 ms 
94652      INFO  Test worker     d.u.i.k.n.KeyIO           MODE: declarations took 0 ms 
95627      INFO  Test worker     d.u.i.k.n.KeyIO           Parsing took 0 ms 
95639      INFO  Test worker     d.u.i.k.n.KeyIO           MODE: declarations took 12 ms 
]]></system-out>
  <system-err><![CDATA[]]></system-err>
</testsuite>
