<?xml version="1.0" encoding="UTF-8"?>
<testsuite name="de.uka.ilkd.key.nparser.ParseLDTsTests" tests="2" skipped="0" failures="0" errors="0" timestamp="2023-04-18T01:31:51" hostname="fv-az206-546" time="1.083">
  <properties/>
  <testcase name="testLDT()" classname="de.uka.ilkd.key.nparser.ParseLDTsTests" time="0.023"/>
  <testcase name="testSR()" classname="de.uka.ilkd.key.nparser.ParseLDTsTests" time="1.059"/>
  <system-out><![CDATA[228975     INFO  Test worker     d.u.i.k.n.KeyIO           Parsing took 16 ms 
228975     INFO  Test worker     d.u.i.k.n.KeyIO           MODE: declarations took 0 ms 
229381     INFO  Test worker     d.u.i.k.n.KeyIO           Parsing took 391 ms 
229381     INFO  Test worker     d.u.i.k.n.KeyIO           MODE: declarations took 0 ms 
]]></system-out>
  <system-err><![CDATA[]]></system-err>
</testsuite>
