<?xml version="1.0" encoding="UTF-8"?>
<testsuite name="de.uka.ilkd.key.util.removegenerics.TestMethodDeclaration" tests="6" skipped="0" failures="0" errors="0" timestamp="2023-04-04T14:17:41" hostname="fv-az280-749" time="0.095">
  <properties/>
  <testcase name="testMethodArray()" classname="de.uka.ilkd.key.util.removegenerics.TestMethodDeclaration" time="0.012"/>
  <testcase name="testToArray()" classname="de.uka.ilkd.key.util.removegenerics.TestMethodDeclaration" time="0.005"/>
  <testcase name="testExcplicitTV()" classname="de.uka.ilkd.key.util.removegenerics.TestMethodDeclaration" time="0.018"/>
  <testcase name="testMethod()" classname="de.uka.ilkd.key.util.removegenerics.TestMethodDeclaration" time="0.012"/>
  <testcase name="testGenericMethod()" classname="de.uka.ilkd.key.util.removegenerics.TestMethodDeclaration" time="0.016"/>
  <testcase name="testReturnTypes()" classname="de.uka.ilkd.key.util.removegenerics.TestMethodDeclaration" time="0.004"/>
  <system-out><![CDATA[]]></system-out>
  <system-err><![CDATA[]]></system-err>
</testsuite>
