<?xml version="1.0" encoding="UTF-8"?>
<testsuite name="de.uka.ilkd.key.proof.runallproofs.RunAllProofsFunctional" tests="34" skipped="0" failures="0" errors="0" timestamp="2023-05-26T22:12:31" hostname="fv-az410-917" time="5201.635">
  <properties/>
  <testcase name="newBook" classname="de.uka.ilkd.key.proof.runallproofs.RunAllProofsFunctional" time="60.456"/>
  <testcase name="oldBook" classname="de.uka.ilkd.key.proof.runallproofs.RunAllProofsFunctional" time="16.871"/>
  <testcase name="comprehensions" classname="de.uka.ilkd.key.proof.runallproofs.RunAllProofsFunctional" time="64.578"/>
  <testcase name="performance" classname="de.uka.ilkd.key.proof.runallproofs.RunAllProofsFunctional" time="216.964"/>
  <testcase name="performancePOConstruction" classname="de.uka.ilkd.key.proof.runallproofs.RunAllProofsFunctional" time="69.242"/>
  <testcase name="applicationRestrictions" classname="de.uka.ilkd.key.proof.runallproofs.RunAllProofsFunctional" time="46.196"/>
  <testcase name="blockContracts" classname="de.uka.ilkd.key.proof.runallproofs.RunAllProofsFunctional" time="131.575"/>
  <testcase name="jmlAsserts" classname="de.uka.ilkd.key.proof.runallproofs.RunAllProofsFunctional" time="84.68"/>
  <testcase name="javaCard" classname="de.uka.ilkd.key.proof.runallproofs.RunAllProofsFunctional" time="129.956"/>
  <testcase name="list" classname="de.uka.ilkd.key.proof.runallproofs.RunAllProofsFunctional" time="267.129"/>
  <testcase name="list_ghost" classname="de.uka.ilkd.key.proof.runallproofs.RunAllProofsFunctional" time="63.399"/>
  <testcase name="list_recursive" classname="de.uka.ilkd.key.proof.runallproofs.RunAllProofsFunctional" time="22.044"/>
  <testcase name="list_seq" classname="de.uka.ilkd.key.proof.runallproofs.RunAllProofsFunctional" time="174.529"/>
  <testcase name="observer" classname="de.uka.ilkd.key.proof.runallproofs.RunAllProofsFunctional" time="93.244"/>
  <testcase name="removeDups" classname="de.uka.ilkd.key.proof.runallproofs.RunAllProofsFunctional" time="148.369"/>
  <testcase name="quicksort" classname="de.uka.ilkd.key.proof.runallproofs.RunAllProofsFunctional" time="107.952"/>
  <testcase name="simpleTests" classname="de.uka.ilkd.key.proof.runallproofs.RunAllProofsFunctional" time="147.803"/>
  <testcase name="SmansEtAl" classname="de.uka.ilkd.key.proof.runallproofs.RunAllProofsFunctional" time="197.47"/>
  <testcase name="VACID0" classname="de.uka.ilkd.key.proof.runallproofs.RunAllProofsFunctional" time="75.599"/>
  <testcase name="VSTTE10" classname="de.uka.ilkd.key.proof.runallproofs.RunAllProofsFunctional" time="181.638"/>
  <testcase name="WeideEtAl" classname="de.uka.ilkd.key.proof.runallproofs.RunAllProofsFunctional" time="27.848"/>
  <testcase name="arithmetic" classname="de.uka.ilkd.key.proof.runallproofs.RunAllProofsFunctional" time="478.522"/>
  <testcase name="arrays" classname="de.uka.ilkd.key.proof.runallproofs.RunAllProofsFunctional" time="55.78"/>
  <testcase name="javadl" classname="de.uka.ilkd.key.proof.runallproofs.RunAllProofsFunctional" time="604.447"/>
  <testcase name="FOL" classname="de.uka.ilkd.key.proof.runallproofs.RunAllProofsFunctional" time="266.7"/>
  <testcase name="strings" classname="de.uka.ilkd.key.proof.runallproofs.RunAllProofsFunctional" time="145.052"/>
  <testcase name="simple_info_flow" classname="de.uka.ilkd.key.proof.runallproofs.RunAllProofsFunctional" time="12.953"/>
  <testcase name="modelMethods" classname="de.uka.ilkd.key.proof.runallproofs.RunAllProofsFunctional" time="180.507"/>
  <testcase name="permissionHeap" classname="de.uka.ilkd.key.proof.runallproofs.RunAllProofsFunctional" time="839.216"/>
  <testcase name="completionScopes" classname="de.uka.ilkd.key.proof.runallproofs.RunAllProofsFunctional" time="47.814"/>
  <testcase name="reload_examples" classname="de.uka.ilkd.key.proof.runallproofs.RunAllProofsFunctional" time="41.967"/>
  <testcase name="proofLoadRepair" classname="de.uka.ilkd.key.proof.runallproofs.RunAllProofsFunctional" time="17.469"/>
  <testcase name="switch" classname="de.uka.ilkd.key.proof.runallproofs.RunAllProofsFunctional" time="60.381"/>
  <testcase name="redux" classname="de.uka.ilkd.key.proof.runallproofs.RunAllProofsFunctional" time="123.275"/>
  <system-out><![CDATA[572        INFO  Test worker     d.u.i.k.p.r.RunAllProofsTestUnit Running test newBook 
347        INFO  Timeout watchdog d.u.i.k.p.r.p.ForkedTestFileRunner Timeout watcher launched (2000 secs.) 
359        WARN  main            d.u.i.k.s.ProofSettings   No proof-settings could be loaded, using defaults java.io.FileNotFoundException: /home/runner/.key/proof-settings.props (No such file or directory)
	at java.base/java.io.FileInputStream.open0(Native Method)

399        INFO  main            d.u.i.k.p.r.p.TestFile    Now processing file /home/runner/work/key/key/key.core/../key.ui/examples/newBook/09.list_modelfield/ArrayList.add.key 
524        INFO  main            d.u.i.k.p.i.AbstractProblemLoader Loading environment from /home/runner/work/key/key/key.core/../key.ui/examples/newBook/09.list_modelfield/ArrayList.add.key 
540        DEBUG main            d.u.i.k.p.i.AbstractProblemLoader Environment load took 2.22ms 
782        INFO  main            d.u.i.k.p.i.AbstractProblemLoader Creating init config 
1795       DEBUG main            d.u.i.k.j.TypeConverter   No LDT found for Meta 
1796       DEBUG main            d.u.i.k.j.TypeConverter   No LDT found for Meta 
1799       DEBUG main            d.u.i.k.j.TypeConverter   No LDT found for Meta 
1800       DEBUG main            d.u.i.k.j.TypeConverter   No LDT found for Meta 
3344       DEBUG main            d.u.i.k.j.TypeConverter   No LDT found for JavaBigintExpression 
8294       DEBUG main            d.u.i.k.p.i.AbstractProblemLoader Init config took 7.51s 
8453       INFO  main            d.u.i.k.p.i.AbstractProblemLoader Replaying proof ArrayList[List::add(int)].JML normal_behavior operation contract.0 
8486       DEBUG main            d.u.i.k.p.i.IntermediateProofReplayer Proof replay took 30.9ns 
26325      INFO  main            d.u.i.k.p.r.p.TestFile    ... finished proof: closed. 
26554      INFO  main            d.u.i.k.p.i.AbstractProblemLoader Loading environment from /home/runner/work/key/key/key.core/../key.ui/examples/newBook/09.list_modelfield/ArrayList.add.key.proof 
26554      DEBUG main            d.u.i.k.p.i.AbstractProblemLoader Environment load took 154.9ns 
26560      INFO  main            d.u.i.k.p.i.AbstractProblemLoader Creating init config 
29343      DEBUG main            d.u.i.k.p.i.AbstractProblemLoader Init config took 2.78s 
29424      INFO  main            d.u.i.k.p.i.AbstractProblemLoader Replaying proof ArrayList[List::add(int)].JML normal_behavior operation contract.0 
30797      DEBUG main            d.u.i.k.p.i.IntermediateProofReplayer Proof replay took 1.31s 
30809      DEBUG main            d.u.i.k.p.r.p.TestFile    ... success: reloaded. 
30811      INFO  main            d.u.i.k.p.r.p.TestFile    Now processing file /home/runner/work/key/key/key.core/../key.ui/examples/newBook/09.list_modelfield/ArrayList.remFirst.key 
30813      INFO  main            d.u.i.k.p.i.AbstractProblemLoader Loading environment from /home/runner/work/key/key/key.core/../key.ui/examples/newBook/09.list_modelfield/ArrayList.remFirst.key 
30813      DEBUG main            d.u.i.k.p.i.AbstractProblemLoader Environment load took 484.2ns 
30815      INFO  main            d.u.i.k.p.i.AbstractProblemLoader Creating init config 
33559      DEBUG main            d.u.i.k.p.i.AbstractProblemLoader Init config took 2.74s 
33618      INFO  main            d.u.i.k.p.i.AbstractProblemLoader Replaying proof ArrayList[List::remFirst()].JML normal_behavior operation contract.0 
33620      DEBUG main            d.u.i.k.p.i.IntermediateProofReplayer Proof replay took 5.4ns 
37929      INFO  main            d.u.i.k.p.r.p.TestFile    ... finished proof: closed. 
38103      INFO  main            d.u.i.k.p.i.AbstractProblemLoader Loading environment from /home/runner/work/key/key/key.core/../key.ui/examples/newBook/09.list_modelfield/ArrayList.remFirst.key.proof 
38104      DEBUG main            d.u.i.k.p.i.AbstractProblemLoader Environment load took 703.2ns 
38106      INFO  main            d.u.i.k.p.i.AbstractProblemLoader Creating init config 
40659      DEBUG main            d.u.i.k.p.i.AbstractProblemLoader Init config took 2.55s 
40713      INFO  main            d.u.i.k.p.i.AbstractProblemLoader Replaying proof ArrayList[List::remFirst()].JML normal_behavior operation contract.0 
41318      DEBUG main            d.u.i.k.p.i.IntermediateProofReplayer Proof replay took 586.73ms 
41324      DEBUG main            d.u.i.k.p.r.p.TestFile    ... success: reloaded. 
41326      INFO  main            d.u.i.k.p.r.p.TestFile    Now processing file /home/runner/work/key/key/key.core/../key.ui/examples/newBook/09.list_modelfield/ArrayList.empty.key 
41326      INFO  main            d.u.i.k.p.i.AbstractProblemLoader Loading environment from /home/runner/work/key/key/key.core/../key.ui/examples/newBook/09.list_modelfield/ArrayList.empty.key 
41327      DEBUG main            d.u.i.k.p.i.AbstractProblemLoader Environment load took 398.6ns 
41328      INFO  main            d.u.i.k.p.i.AbstractProblemLoader Creating init config 
43939      DEBUG main            d.u.i.k.p.i.AbstractProblemLoader Init config took 2.61s 
43993      INFO  main            d.u.i.k.p.i.AbstractProblemLoader Replaying proof ArrayList[List::empty()].JML normal_behavior operation contract.0 
43994      DEBUG main            d.u.i.k.p.i.IntermediateProofReplayer Proof replay took 4.9ns 
44999      INFO  main            d.u.i.k.p.r.p.TestFile    ... finished proof: closed. 
45180      INFO  main            d.u.i.k.p.i.AbstractProblemLoader Loading environment from /home/runner/work/key/key/key.core/../key.ui/examples/newBook/09.list_modelfield/ArrayList.empty.key.proof 
45184      DEBUG main            d.u.i.k.p.i.AbstractProblemLoader Environment load took 3.78ms 
45187      INFO  main            d.u.i.k.p.i.AbstractProblemLoader Creating init config 
47685      DEBUG main            d.u.i.k.p.i.AbstractProblemLoader Init config took 2.5s 
47734      INFO  main            d.u.i.k.p.i.AbstractProblemLoader Replaying proof ArrayList[List::empty()].JML normal_behavior operation contract.0 
47862      DEBUG main            d.u.i.k.p.i.IntermediateProofReplayer Proof replay took 122.39ms 
47863      DEBUG main            d.u.i.k.p.r.p.TestFile    ... success: reloaded. 
47864      INFO  main            d.u.i.k.p.r.p.TestFile    Now processing file /home/runner/work/key/key/key.core/../key.ui/examples/newBook/09.list_modelfield/ArrayList.size.key 
47864      INFO  main            d.u.i.k.p.i.AbstractProblemLoader Loading environment from /home/runner/work/key/key/key.core/../key.ui/examples/newBook/09.list_modelfield/ArrayList.size.key 
47864      DEBUG main            d.u.i.k.p.i.AbstractProblemLoader Environment load took 56.9ns 
47865      INFO  main            d.u.i.k.p.i.AbstractProblemLoader Creating init config 
50452      DEBUG main            d.u.i.k.p.i.AbstractProblemLoader Init config took 2.59s 
50500      INFO  main            d.u.i.k.p.i.AbstractProblemLoader Replaying proof ArrayList[List::size()].JML normal_behavior operation contract.0 
50501      DEBUG main            d.u.i.k.p.i.IntermediateProofReplayer Proof replay took 5.6ns 
50905      INFO  main            d.u.i.k.p.r.p.TestFile    ... finished proof: closed. 
51072      INFO  main            d.u.i.k.p.i.AbstractProblemLoader Loading environment from /home/runner/work/key/key/key.core/../key.ui/examples/newBook/09.list_modelfield/ArrayList.size.key.proof 
51073      DEBUG main            d.u.i.k.p.i.AbstractProblemLoader Environment load took 664.4ns 
51074      INFO  main            d.u.i.k.p.i.AbstractProblemLoader Creating init config 
53576      DEBUG main            d.u.i.k.p.i.AbstractProblemLoader Init config took 2.5s 
53625      INFO  main            d.u.i.k.p.i.AbstractProblemLoader Replaying proof ArrayList[List::size()].JML normal_behavior operation contract.0 
53684      DEBUG main            d.u.i.k.p.i.IntermediateProofReplayer Proof replay took 54.81ms 
53685      DEBUG main            d.u.i.k.p.r.p.TestFile    ... success: reloaded. 
53686      INFO  main            d.u.i.k.p.r.p.TestFile    Now processing file /home/runner/work/key/key/key.core/../key.ui/examples/newBook/09.list_modelfield/ArrayList.get.key 
53687      INFO  main            d.u.i.k.p.i.AbstractProblemLoader Loading environment from /home/runner/work/key/key/key.core/../key.ui/examples/newBook/09.list_modelfield/ArrayList.get.key 
53687      DEBUG main            d.u.i.k.p.i.AbstractProblemLoader Environment load took 386.8ns 
53688      INFO  main            d.u.i.k.p.i.AbstractProblemLoader Creating init config 
56209      DEBUG main            d.u.i.k.p.i.AbstractProblemLoader Init config took 2.52s 
56256      INFO  main            d.u.i.k.p.i.AbstractProblemLoader Replaying proof ArrayList[List::get(int)].JML normal_behavior operation contract.0 
56257      DEBUG main            d.u.i.k.p.i.IntermediateProofReplayer Proof replay took 5.5ns 
57263      INFO  main            d.u.i.k.p.r.p.TestFile    ... finished proof: closed. 
57502      INFO  main            d.u.i.k.p.i.AbstractProblemLoader Loading environment from /home/runner/work/key/key/key.core/../key.ui/examples/newBook/09.list_modelfield/ArrayList.get.key.proof 
57502      DEBUG main            d.u.i.k.p.i.AbstractProblemLoader Environment load took 125.6ns 
57503      INFO  main            d.u.i.k.p.i.AbstractProblemLoader Creating init config 
60015      DEBUG main            d.u.i.k.p.i.AbstractProblemLoader Init config took 2.51s 
60068      INFO  main            d.u.i.k.p.i.AbstractProblemLoader Replaying proof ArrayList[List::get(int)].JML normal_behavior operation contract.0 
60179      DEBUG main            d.u.i.k.p.i.IntermediateProofReplayer Proof replay took 104.76ms 
60180      DEBUG main            d.u.i.k.p.r.p.TestFile    ... success: reloaded. 
61024      INFO  Test worker     d.u.i.k.p.r.RunAllProofsTestUnit Returning from test newBook 
61028      INFO  Test worker     d.u.i.k.p.r.RunAllProofsTestUnit Running test oldBook 
333        INFO  Timeout watchdog d.u.i.k.p.r.p.ForkedTestFileRunner Timeout watcher launched (2000 secs.) 
345        WARN  main            d.u.i.k.s.ProofSettings   The settings in /home/runner/.key/proof-settings.props are *not* read. 
393        INFO  main            d.u.i.k.p.r.p.TestFile    Now processing file /home/runner/work/key/key/key.core/../key.ui/examples/standard_key/BookExamples/02FirstOrderLogic/Ex2.58.key 
552        INFO  main            d.u.i.k.p.i.AbstractProblemLoader Loading environment from /home/runner/work/key/key/key.core/../key.ui/examples/standard_key/BookExamples/02FirstOrderLogic/Ex2.58.key 
569        DEBUG main            d.u.i.k.p.i.AbstractProblemLoader Environment load took 2.92ms 
794        INFO  main            d.u.i.k.p.i.AbstractProblemLoader Creating init config 
1922       DEBUG main            d.u.i.k.j.TypeConverter   No LDT found for Meta 
1923       DEBUG main            d.u.i.k.j.TypeConverter   No LDT found for Meta 
1925       DEBUG main            d.u.i.k.j.TypeConverter   No LDT found for Meta 
1925       DEBUG main            d.u.i.k.j.TypeConverter   No LDT found for Meta 
3301       DEBUG main            d.u.i.k.j.TypeConverter   No LDT found for JavaBigintExpression 
8172       DEBUG main            d.u.i.k.p.i.AbstractProblemLoader Init config took 7.38s 
8230       INFO  main            d.u.i.k.p.i.AbstractProblemLoader Replaying proof Ex2.58.key 
8260       DEBUG main            d.u.i.k.p.i.IntermediateProofReplayer Proof replay took 34.5ns 
8428       INFO  main            d.u.i.k.p.r.p.TestFile    ... finished proof: closed. 
8514       INFO  main            d.u.i.k.p.i.AbstractProblemLoader Loading environment from /home/runner/work/key/key/key.core/../key.ui/examples/standard_key/BookExamples/02FirstOrderLogic/Ex2.58.key.proof 
8514       DEBUG main            d.u.i.k.p.i.AbstractProblemLoader Environment load took 140.7ns 
8518       INFO  main            d.u.i.k.p.i.AbstractProblemLoader Creating init config 
11037      DEBUG main            d.u.i.k.p.i.AbstractProblemLoader Init config took 2.52s 
11083      INFO  main            d.u.i.k.p.i.AbstractProblemLoader Replaying proof Ex2.58.key.proof 
11090      DEBUG main            d.u.i.k.p.i.IntermediateProofReplayer Proof replay took 3.33ms 
11099      DEBUG main            d.u.i.k.p.r.p.TestFile    ... success: reloaded. 
11100      INFO  main            d.u.i.k.p.r.p.TestFile    Now processing file /home/runner/work/key/key/key.core/../key.ui/examples/standard_key/BookExamples/03DynamicLogic/Sect3.3.1.key 
11100      INFO  main            d.u.i.k.p.i.AbstractProblemLoader Loading environment from /home/runner/work/key/key/key.core/../key.ui/examples/standard_key/BookExamples/03DynamicLogic/Sect3.3.1.key 
11100      DEBUG main            d.u.i.k.p.i.AbstractProblemLoader Environment load took 79.1ns 
11102      INFO  main            d.u.i.k.p.i.AbstractProblemLoader Creating init config 
13529      DEBUG main            d.u.i.k.p.i.AbstractProblemLoader Init config took 2.43s 
13573      INFO  main            d.u.i.k.p.i.AbstractProblemLoader Replaying proof Sect3.3.1.key 
13581      DEBUG main            d.u.i.k.p.i.IntermediateProofReplayer Proof replay took 6.5ns 
14086      INFO  main            d.u.i.k.p.r.p.TestFile    ... finished proof: closed. 
14211      INFO  main            d.u.i.k.p.i.AbstractProblemLoader Loading environment from /home/runner/work/key/key/key.core/../key.ui/examples/standard_key/BookExamples/03DynamicLogic/Sect3.3.1.key.proof 
14211      DEBUG main            d.u.i.k.p.i.AbstractProblemLoader Environment load took 126.4ns 
14214      INFO  main            d.u.i.k.p.i.AbstractProblemLoader Creating init config 
16588      DEBUG main            d.u.i.k.p.i.AbstractProblemLoader Init config took 2.37s 
16613      INFO  main            d.u.i.k.p.i.AbstractProblemLoader Replaying proof Sect3.3.1.key.proof 
16669      DEBUG main            d.u.i.k.p.i.IntermediateProofReplayer Proof replay took 52.65ms 
16670      DEBUG main            d.u.i.k.p.r.p.TestFile    ... success: reloaded. 
77898      INFO  Test worker     d.u.i.k.p.r.RunAllProofsTestUnit Returning from test oldBook 
77900      INFO  Test worker     d.u.i.k.p.r.RunAllProofsTestUnit Running test comprehensions 
346        INFO  Timeout watchdog d.u.i.k.p.r.p.ForkedTestFileRunner Timeout watcher launched (2000 secs.) 
358        WARN  main            d.u.i.k.s.ProofSettings   The settings in /home/runner/.key/proof-settings.props are *not* read. 
401        INFO  main            d.u.i.k.p.r.p.TestFile    Now processing file /home/runner/work/key/key/key.core/../key.ui/examples/heap/comprehensions/general_sum.key 
552        INFO  main            d.u.i.k.p.i.AbstractProblemLoader Loading environment from /home/runner/work/key/key/key.core/../key.ui/examples/heap/comprehensions/general_sum.key 
568        DEBUG main            d.u.i.k.p.i.AbstractProblemLoader Environment load took 2ms 
790        INFO  main            d.u.i.k.p.i.AbstractProblemLoader Creating init config 
1686       DEBUG main            d.u.i.k.j.TypeConverter   No LDT found for Meta 
1687       DEBUG main            d.u.i.k.j.TypeConverter   No LDT found for Meta 
1690       DEBUG main            d.u.i.k.j.TypeConverter   No LDT found for Meta 
1690       DEBUG main            d.u.i.k.j.TypeConverter   No LDT found for Meta 
3252       DEBUG main            d.u.i.k.j.TypeConverter   No LDT found for JavaBigintExpression 
7987       DEBUG main            d.u.i.k.p.i.AbstractProblemLoader Init config took 7.2s 
8167       INFO  main            d.u.i.k.p.i.AbstractProblemLoader Replaying proof GSum[GSum::doNothing()].JML operation contract.0 
8200       DEBUG main            d.u.i.k.p.i.IntermediateProofReplayer Proof replay took 29.9ns 
8560       INFO  main            d.u.i.k.p.r.p.TestFile    ... finished proof: closed. 
8653       INFO  main            d.u.i.k.p.i.AbstractProblemLoader Loading environment from /home/runner/work/key/key/key.core/../key.ui/examples/heap/comprehensions/general_sum.key.proof 
8653       DEBUG main            d.u.i.k.p.i.AbstractProblemLoader Environment load took 132.4ns 
8655       INFO  main            d.u.i.k.p.i.AbstractProblemLoader Creating init config 
11334      DEBUG main            d.u.i.k.p.i.AbstractProblemLoader Init config took 2.68s 
11434      INFO  main            d.u.i.k.p.i.AbstractProblemLoader Replaying proof GSum[GSum::doNothing()].JML operation contract.0 
11473      DEBUG main            d.u.i.k.p.i.IntermediateProofReplayer Proof replay took 30.82ms 
11488      DEBUG main            d.u.i.k.p.r.p.TestFile    ... success: reloaded. 
11490      INFO  main            d.u.i.k.p.r.p.TestFile    Now processing file /home/runner/work/key/key/key.core/../key.ui/examples/heap/comprehensions/sum0.key 
11493      INFO  main            d.u.i.k.p.i.AbstractProblemLoader Loading environment from /home/runner/work/key/key/key.core/../key.ui/examples/heap/comprehensions/sum0.key 
11493      DEBUG main            d.u.i.k.p.i.AbstractProblemLoader Environment load took 419.3ns 
11495      INFO  main            d.u.i.k.p.i.AbstractProblemLoader Creating init config 
14213      DEBUG main            d.u.i.k.p.i.AbstractProblemLoader Init config took 2.72s 
14272      INFO  main            d.u.i.k.p.i.AbstractProblemLoader Replaying proof Sum[Sum::sum0([I)].JML normal_behavior operation contract.0 
14275      DEBUG main            d.u.i.k.p.i.IntermediateProofReplayer Proof replay took 5.7ns 
14394      DEBUG Thread-4        d.u.i.k.l.l.OriginTermLabel commonFileName is null! 
14395      DEBUG Thread-4        d.u.i.k.l.l.OriginTermLabel commonFileName is null! 
14579      DEBUG Thread-4        d.u.i.k.l.l.OriginTermLabel commonFileName is null! 
14580      DEBUG Thread-4        d.u.i.k.l.l.OriginTermLabel commonFileName is null! 
14740      DEBUG Thread-4        d.u.i.k.l.l.OriginTermLabel commonFileName is null! 
14882      INFO  main            d.u.i.k.p.r.p.TestFile    ... finished proof: closed. 
15010      INFO  main            d.u.i.k.p.i.AbstractProblemLoader Loading environment from /home/runner/work/key/key/key.core/../key.ui/examples/heap/comprehensions/sum0.key.proof 
15011      DEBUG main            d.u.i.k.p.i.AbstractProblemLoader Environment load took 677.4ns 
15012      INFO  main            d.u.i.k.p.i.AbstractProblemLoader Creating init config 
17694      DEBUG main            d.u.i.k.p.i.AbstractProblemLoader Init config took 2.68s 
17745      INFO  main            d.u.i.k.p.i.AbstractProblemLoader Replaying proof Sum[Sum::sum0([I)].JML normal_behavior operation contract.0 
17784      DEBUG main            d.u.i.k.l.l.OriginTermLabel commonFileName is null! 
17785      DEBUG main            d.u.i.k.l.l.OriginTermLabel commonFileName is null! 
17860      DEBUG main            d.u.i.k.l.l.OriginTermLabel commonFileName is null! 
17914      DEBUG main            d.u.i.k.l.l.OriginTermLabel commonFileName is null! 
17915      DEBUG main            d.u.i.k.l.l.OriginTermLabel commonFileName is null! 
17918      DEBUG main            d.u.i.k.p.i.IntermediateProofReplayer Proof replay took 167.99ms 
17920      DEBUG main            d.u.i.k.p.r.p.TestFile    ... success: reloaded. 
17921      INFO  main            d.u.i.k.p.r.p.TestFile    Now processing file /home/runner/work/key/key/key.core/../key.ui/examples/heap/comprehensions/sum1.key 
17922      INFO  main            d.u.i.k.p.i.AbstractProblemLoader Loading environment from /home/runner/work/key/key/key.core/../key.ui/examples/heap/comprehensions/sum1.key 
17922      DEBUG main            d.u.i.k.p.i.AbstractProblemLoader Environment load took 333.1ns 
17924      INFO  main            d.u.i.k.p.i.AbstractProblemLoader Creating init config 
20617      DEBUG main            d.u.i.k.p.i.AbstractProblemLoader Init config took 2.69s 
20666      INFO  main            d.u.i.k.p.i.AbstractProblemLoader Replaying proof Sum[Sum::sum1([I)].JML normal_behavior operation contract.0 
20669      DEBUG main            d.u.i.k.p.i.IntermediateProofReplayer Proof replay took 5.7ns 
20787      DEBUG Thread-7        d.u.i.k.l.l.OriginTermLabel commonFileName is null! 
20787      DEBUG Thread-7        d.u.i.k.l.l.OriginTermLabel commonFileName is null! 
20943      DEBUG Thread-7        d.u.i.k.l.l.OriginTermLabel commonFileName is null! 
20943      DEBUG Thread-7        d.u.i.k.l.l.OriginTermLabel commonFileName is null! 
21094      DEBUG Thread-7        d.u.i.k.l.l.OriginTermLabel commonFileName is null! 
21273      INFO  main            d.u.i.k.p.r.p.TestFile    ... finished proof: closed. 
21405      INFO  main            d.u.i.k.p.i.AbstractProblemLoader Loading environment from /home/runner/work/key/key/key.core/../key.ui/examples/heap/comprehensions/sum1.key.proof 
21405      DEBUG main            d.u.i.k.p.i.AbstractProblemLoader Environment load took 115.7ns 
21406      INFO  main            d.u.i.k.p.i.AbstractProblemLoader Creating init config 
23946      DEBUG main            d.u.i.k.p.i.AbstractProblemLoader Init config took 2.54s 
23991      INFO  main            d.u.i.k.p.i.AbstractProblemLoader Replaying proof Sum[Sum::sum1([I)].JML normal_behavior operation contract.0 
24020      DEBUG main            d.u.i.k.l.l.OriginTermLabel commonFileName is null! 
24021      DEBUG main            d.u.i.k.l.l.OriginTermLabel commonFileName is null! 
24066      DEBUG main            d.u.i.k.l.l.OriginTermLabel commonFileName is null! 
24097      DEBUG main            d.u.i.k.l.l.OriginTermLabel commonFileName is null! 
24098      DEBUG main            d.u.i.k.l.l.OriginTermLabel commonFileName is null! 
24101      DEBUG main            d.u.i.k.p.i.IntermediateProofReplayer Proof replay took 105.52ms 
24102      DEBUG main            d.u.i.k.p.r.p.TestFile    ... success: reloaded. 
24103      INFO  main            d.u.i.k.p.r.p.TestFile    Now processing file /home/runner/work/key/key/key.core/../key.ui/examples/heap/comprehensions/sum2.key 
24104      INFO  main            d.u.i.k.p.i.AbstractProblemLoader Loading environment from /home/runner/work/key/key/key.core/../key.ui/examples/heap/comprehensions/sum2.key 
24106      DEBUG main            d.u.i.k.p.i.AbstractProblemLoader Environment load took 1.85ms 
24107      INFO  main            d.u.i.k.p.i.AbstractProblemLoader Creating init config 
26668      DEBUG main            d.u.i.k.p.i.AbstractProblemLoader Init config took 2.56s 
26710      INFO  main            d.u.i.k.p.i.AbstractProblemLoader Replaying proof Sum[Sum::sum2([I)].JML normal_behavior operation contract.0 
26712      DEBUG main            d.u.i.k.p.i.IntermediateProofReplayer Proof replay took 5.7ns 
26759      DEBUG Thread-10       d.u.i.k.l.l.OriginTermLabel commonFileName is null! 
26759      DEBUG Thread-10       d.u.i.k.l.l.OriginTermLabel commonFileName is null! 
26889      DEBUG Thread-10       d.u.i.k.l.l.OriginTermLabel commonFileName is null! 
26890      DEBUG Thread-10       d.u.i.k.l.l.OriginTermLabel commonFileName is null! 
26965      DEBUG Thread-10       d.u.i.k.l.l.OriginTermLabel commonFileName is null! 
27117      INFO  main            d.u.i.k.p.r.p.TestFile    ... finished proof: closed. 
27278      INFO  main            d.u.i.k.p.i.AbstractProblemLoader Loading environment from /home/runner/work/key/key/key.core/../key.ui/examples/heap/comprehensions/sum2.key.proof 
27279      DEBUG main            d.u.i.k.p.i.AbstractProblemLoader Environment load took 342.2ns 
27280      INFO  main            d.u.i.k.p.i.AbstractProblemLoader Creating init config 
29859      DEBUG main            d.u.i.k.p.i.AbstractProblemLoader Init config took 2.58s 
29926      INFO  main            d.u.i.k.p.i.AbstractProblemLoader Replaying proof Sum[Sum::sum2([I)].JML normal_behavior operation contract.0 
29950      DEBUG main            d.u.i.k.l.l.OriginTermLabel commonFileName is null! 
29950      DEBUG main            d.u.i.k.l.l.OriginTermLabel commonFileName is null! 
29983      DEBUG main            d.u.i.k.l.l.OriginTermLabel commonFileName is null! 
30008      DEBUG main            d.u.i.k.l.l.OriginTermLabel commonFileName is null! 
30009      DEBUG main            d.u.i.k.l.l.OriginTermLabel commonFileName is null! 
30011      DEBUG main            d.u.i.k.p.i.IntermediateProofReplayer Proof replay took 80.97ms 
30012      DEBUG main            d.u.i.k.p.r.p.TestFile    ... success: reloaded. 
30013      INFO  main            d.u.i.k.p.r.p.TestFile    Now processing file /home/runner/work/key/key/key.core/../key.ui/examples/heap/comprehensions/sum3.key 
30013      INFO  main            d.u.i.k.p.i.AbstractProblemLoader Loading environment from /home/runner/work/key/key/key.core/../key.ui/examples/heap/comprehensions/sum3.key 
30013      DEBUG main            d.u.i.k.p.i.AbstractProblemLoader Environment load took 249.7ns 
30015      INFO  main            d.u.i.k.p.i.AbstractProblemLoader Creating init config 
32593      DEBUG main            d.u.i.k.p.i.AbstractProblemLoader Init config took 2.58s 
32634      INFO  main            d.u.i.k.p.i.AbstractProblemLoader Replaying proof Sum[Sum::sum3([I)].JML normal_behavior operation contract.0 
32636      DEBUG main            d.u.i.k.p.i.IntermediateProofReplayer Proof replay took 5.2ns 
32686      DEBUG Thread-13       d.u.i.k.l.l.OriginTermLabel commonFileName is null! 
32686      DEBUG Thread-13       d.u.i.k.l.l.OriginTermLabel commonFileName is null! 
32793      DEBUG Thread-13       d.u.i.k.l.l.OriginTermLabel commonFileName is null! 
32793      DEBUG Thread-13       d.u.i.k.l.l.OriginTermLabel commonFileName is null! 
32867      DEBUG Thread-13       d.u.i.k.l.l.OriginTermLabel commonFileName is null! 
33041      INFO  main            d.u.i.k.p.r.p.TestFile    ... finished proof: closed. 
33201      INFO  main            d.u.i.k.p.i.AbstractProblemLoader Loading environment from /home/runner/work/key/key/key.core/../key.ui/examples/heap/comprehensions/sum3.key.proof 
33201      DEBUG main            d.u.i.k.p.i.AbstractProblemLoader Environment load took 112ns 
33202      INFO  main            d.u.i.k.p.i.AbstractProblemLoader Creating init config 
35709      DEBUG main            d.u.i.k.p.i.AbstractProblemLoader Init config took 2.51s 
35760      INFO  main            d.u.i.k.p.i.AbstractProblemLoader Replaying proof Sum[Sum::sum3([I)].JML normal_behavior operation contract.0 
35788      DEBUG main            d.u.i.k.l.l.OriginTermLabel commonFileName is null! 
35788      DEBUG main            d.u.i.k.l.l.OriginTermLabel commonFileName is null! 
35823      DEBUG main            d.u.i.k.l.l.OriginTermLabel commonFileName is null! 
35846      DEBUG main            d.u.i.k.l.l.OriginTermLabel commonFileName is null! 
35846      DEBUG main            d.u.i.k.l.l.OriginTermLabel commonFileName is null! 
35850      DEBUG main            d.u.i.k.p.i.IntermediateProofReplayer Proof replay took 86.47ms 
35852      DEBUG main            d.u.i.k.p.r.p.TestFile    ... success: reloaded. 
35854      INFO  main            d.u.i.k.p.r.p.TestFile    Now processing file /home/runner/work/key/key/key.core/../key.ui/examples/heap/comprehensions/segsum.key 
35854      INFO  main            d.u.i.k.p.i.AbstractProblemLoader Loading environment from /home/runner/work/key/key/key.core/../key.ui/examples/heap/comprehensions/segsum.key 
35856      DEBUG main            d.u.i.k.p.i.AbstractProblemLoader Environment load took 59.7ns 
35858      INFO  main            d.u.i.k.p.i.AbstractProblemLoader Creating init config 
38402      DEBUG main            d.u.i.k.p.i.AbstractProblemLoader Init config took 2.54s 
38445      INFO  main            d.u.i.k.p.i.AbstractProblemLoader Replaying proof SegSum[SegSum::segSum([I,int,int)].JML normal_behavior operation contract.0 
38447      DEBUG main            d.u.i.k.p.i.IntermediateProofReplayer Proof replay took 5.8ns 
38853      INFO  main            d.u.i.k.p.r.p.TestFile    ... finished proof: closed. 
38998      INFO  main            d.u.i.k.p.i.AbstractProblemLoader Loading environment from /home/runner/work/key/key/key.core/../key.ui/examples/heap/comprehensions/segsum.key.proof 
38998      DEBUG main            d.u.i.k.p.i.AbstractProblemLoader Environment load took 129.1ns 
38999      INFO  main            d.u.i.k.p.i.AbstractProblemLoader Creating init config 
41447      DEBUG main            d.u.i.k.p.i.AbstractProblemLoader Init config took 2.45s 
41488      INFO  main            d.u.i.k.p.i.AbstractProblemLoader Replaying proof SegSum[SegSum::segSum([I,int,int)].JML normal_behavior operation contract.0 
41568      DEBUG main            d.u.i.k.p.i.IntermediateProofReplayer Proof replay took 75.9ms 
41570      DEBUG main            d.u.i.k.p.r.p.TestFile    ... success: reloaded. 
41571      INFO  main            d.u.i.k.p.r.p.TestFile    Now processing file /home/runner/work/key/key/key.core/../key.ui/examples/heap/comprehensions/bsum_negative.key 
41571      INFO  main            d.u.i.k.p.i.AbstractProblemLoader Loading environment from /home/runner/work/key/key/key.core/../key.ui/examples/heap/comprehensions/bsum_negative.key 
41572      DEBUG main            d.u.i.k.p.i.AbstractProblemLoader Environment load took 609.5ns 
41573      INFO  main            d.u.i.k.p.i.AbstractProblemLoader Creating init config 
43964      DEBUG main            d.u.i.k.p.i.AbstractProblemLoader Init config took 2.39s 
43984      INFO  main            d.u.i.k.p.i.AbstractProblemLoader Replaying proof bsum_negative.key 
43985      DEBUG main            d.u.i.k.p.i.IntermediateProofReplayer Proof replay took 6ns 
44092      INFO  main            d.u.i.k.p.r.p.TestFile    ... finished proof: closed. 
44241      INFO  main            d.u.i.k.p.i.AbstractProblemLoader Loading environment from /home/runner/work/key/key/key.core/../key.ui/examples/heap/comprehensions/bsum_negative.key.proof 
44242      DEBUG main            d.u.i.k.p.i.AbstractProblemLoader Environment load took 103.5ns 
44242      INFO  main            d.u.i.k.p.i.AbstractProblemLoader Creating init config 
46586      DEBUG main            d.u.i.k.p.i.AbstractProblemLoader Init config took 2.34s 
46606      INFO  main            d.u.i.k.p.i.AbstractProblemLoader Replaying proof bsum_negative.key.proof 
46614      DEBUG main            d.u.i.k.p.i.IntermediateProofReplayer Proof replay took 1.48ms 
46616      DEBUG main            d.u.i.k.p.r.p.TestFile    ... success: reloaded. 
46616      INFO  main            d.u.i.k.p.r.p.TestFile    Now processing file /home/runner/work/key/key/key.core/../key.ui/examples/heap/comprehensions/bsum_neg2.key 
46617      INFO  main            d.u.i.k.p.i.AbstractProblemLoader Loading environment from /home/runner/work/key/key/key.core/../key.ui/examples/heap/comprehensions/bsum_neg2.key 
46617      DEBUG main            d.u.i.k.p.i.AbstractProblemLoader Environment load took 306.1ns 
46618      INFO  main            d.u.i.k.p.i.AbstractProblemLoader Creating init config 
48982      DEBUG main            d.u.i.k.p.i.AbstractProblemLoader Init config took 2.36s 
48998      INFO  main            d.u.i.k.p.i.AbstractProblemLoader Replaying proof bsum_neg2.key 
49000      DEBUG main            d.u.i.k.p.i.IntermediateProofReplayer Proof replay took 6.2ns 
49102      INFO  main            d.u.i.k.p.r.p.TestFile    ... finished proof: closed. 
49292      INFO  main            d.u.i.k.p.i.AbstractProblemLoader Loading environment from /home/runner/work/key/key/key.core/../key.ui/examples/heap/comprehensions/bsum_neg2.key.proof 
49292      DEBUG main            d.u.i.k.p.i.AbstractProblemLoader Environment load took 111.2ns 
49293      INFO  main            d.u.i.k.p.i.AbstractProblemLoader Creating init config 
51638      DEBUG main            d.u.i.k.p.i.AbstractProblemLoader Init config took 2.35s 
51655      INFO  main            d.u.i.k.p.i.AbstractProblemLoader Replaying proof bsum_neg2.key.proof 
51657      DEBUG main            d.u.i.k.p.i.IntermediateProofReplayer Proof replay took 819.1ns 
51658      DEBUG main            d.u.i.k.p.r.p.TestFile    ... success: reloaded. 
51659      INFO  main            d.u.i.k.p.r.p.TestFile    Now processing file /home/runner/work/key/key/key.core/../key.ui/examples/heap/comprehensions/bsumSplit.key 
51660      INFO  main            d.u.i.k.p.i.AbstractProblemLoader Loading environment from /home/runner/work/key/key/key.core/../key.ui/examples/heap/comprehensions/bsumSplit.key 
51660      DEBUG main            d.u.i.k.p.i.AbstractProblemLoader Environment load took 297.4ns 
51661      INFO  main            d.u.i.k.p.i.AbstractProblemLoader Creating init config 
54015      DEBUG main            d.u.i.k.p.i.AbstractProblemLoader Init config took 2.35s 
54034      INFO  main            d.u.i.k.p.i.AbstractProblemLoader Replaying proof bsumSplit.key 
54036      DEBUG main            d.u.i.k.p.i.IntermediateProofReplayer Proof replay took 5.6ns 
54139      INFO  main            d.u.i.k.p.r.p.TestFile    ... finished proof: closed. 
54356      INFO  main            d.u.i.k.p.i.AbstractProblemLoader Loading environment from /home/runner/work/key/key/key.core/../key.ui/examples/heap/comprehensions/bsumSplit.key.proof 
54356      DEBUG main            d.u.i.k.p.i.AbstractProblemLoader Environment load took 103ns 
54357      INFO  main            d.u.i.k.p.i.AbstractProblemLoader Creating init config 
56767      DEBUG main            d.u.i.k.p.i.AbstractProblemLoader Init config took 2.41s 
56801      INFO  main            d.u.i.k.p.i.AbstractProblemLoader Replaying proof bsumSplit.key.proof 
56813      DEBUG main            d.u.i.k.p.i.IntermediateProofReplayer Proof replay took 10.93ms 
56815      DEBUG main            d.u.i.k.p.r.p.TestFile    ... success: reloaded. 
56816      INFO  main            d.u.i.k.p.r.p.TestFile    Now processing file /home/runner/work/key/key/key.core/../key.ui/examples/heap/comprehensions/bprodSplit.key 
56816      INFO  main            d.u.i.k.p.i.AbstractProblemLoader Loading environment from /home/runner/work/key/key/key.core/../key.ui/examples/heap/comprehensions/bprodSplit.key 
56817      DEBUG main            d.u.i.k.p.i.AbstractProblemLoader Environment load took 650.7ns 
56819      INFO  main            d.u.i.k.p.i.AbstractProblemLoader Creating init config 
59161      DEBUG main            d.u.i.k.p.i.AbstractProblemLoader Init config took 2.34s 
59176      INFO  main            d.u.i.k.p.i.AbstractProblemLoader Replaying proof bprodSplit.key 
59178      DEBUG main            d.u.i.k.p.i.IntermediateProofReplayer Proof replay took 5.9ns 
59280      INFO  main            d.u.i.k.p.r.p.TestFile    ... finished proof: closed. 
59444      INFO  main            d.u.i.k.p.i.AbstractProblemLoader Loading environment from /home/runner/work/key/key/key.core/../key.ui/examples/heap/comprehensions/bprodSplit.key.proof 
59444      DEBUG main            d.u.i.k.p.i.AbstractProblemLoader Environment load took 105.2ns 
59445      INFO  main            d.u.i.k.p.i.AbstractProblemLoader Creating init config 
61760      DEBUG main            d.u.i.k.p.i.AbstractProblemLoader Init config took 2.31s 
61777      INFO  main            d.u.i.k.p.i.AbstractProblemLoader Replaying proof bprodSplit.key.proof 
61781      DEBUG main            d.u.i.k.p.i.IntermediateProofReplayer Proof replay took 2.28ms 
61782      DEBUG main            d.u.i.k.p.r.p.TestFile    ... success: reloaded. 
61783      INFO  main            d.u.i.k.p.r.p.TestFile    Now processing file /home/runner/work/key/key/key.core/../key.ui/examples/heap/comprehensions/bsumSplitInvalid.key 
61783      INFO  main            d.u.i.k.p.i.AbstractProblemLoader Loading environment from /home/runner/work/key/key/key.core/../key.ui/examples/heap/comprehensions/bsumSplitInvalid.key 
61784      DEBUG main            d.u.i.k.p.i.AbstractProblemLoader Environment load took 288.2ns 
61786      INFO  main            d.u.i.k.p.i.AbstractProblemLoader Creating init config 
64114      DEBUG main            d.u.i.k.p.i.AbstractProblemLoader Init config took 2.33s 
64129      INFO  main            d.u.i.k.p.i.AbstractProblemLoader Replaying proof bsumSplitInvalid.key 
64130      DEBUG main            d.u.i.k.p.i.IntermediateProofReplayer Proof replay took 5.9ns 
64236      INFO  main            d.u.i.k.p.r.p.TestFile    ... finished proof: open goal(s) 
142477     INFO  Test worker     d.u.i.k.p.r.RunAllProofsTestUnit Returning from test comprehensions 
142479     INFO  Test worker     d.u.i.k.p.r.RunAllProofsTestUnit Running test performance 
335        INFO  Timeout watchdog d.u.i.k.p.r.p.ForkedTestFileRunner Timeout watcher launched (2000 secs.) 
347        WARN  main            d.u.i.k.s.ProofSettings   The settings in /home/runner/.key/proof-settings.props are *not* read. 
396        INFO  main            d.u.i.k.p.r.p.TestFile    Now processing file /home/runner/work/key/key/key.core/../key.ui/examples/performance-test/Disjoint(Disjoint__disjoint_08()).JML_operation_contract.0.key 
532        INFO  main            d.u.i.k.p.i.AbstractProblemLoader Loading environment from /home/runner/work/key/key/key.core/../key.ui/examples/performance-test/Disjoint(Disjoint__disjoint_08()).JML_operation_contract.0.key 
556        DEBUG main            d.u.i.k.p.i.AbstractProblemLoader Environment load took 1.9ms 
806        INFO  main            d.u.i.k.p.i.AbstractProblemLoader Creating init config 
1611       DEBUG main            d.u.i.k.j.TypeConverter   No LDT found for Meta 
1612       DEBUG main            d.u.i.k.j.TypeConverter   No LDT found for Meta 
1613       DEBUG main            d.u.i.k.j.TypeConverter   No LDT found for Meta 
1613       DEBUG main            d.u.i.k.j.TypeConverter   No LDT found for Meta 
3091       DEBUG main            d.u.i.k.j.TypeConverter   No LDT found for JavaBigintExpression 
8797       DEBUG main            d.u.i.k.j.r.ClassPreparationMethodBuilder clPrepBuilder: Inner Class detected. Reject building class initialisation methods. 
16623      DEBUG main            d.u.i.k.p.i.AbstractProblemLoader Init config took 15.82s 
16867      INFO  main            d.u.i.k.p.i.AbstractProblemLoader Replaying proof Disjoint[Disjoint::disjoint_8()].JML operation contract.0 
16920      DEBUG main            d.u.i.k.p.i.IntermediateProofReplayer Proof replay took 315.1ns 
19374      INFO  main            d.u.i.k.p.r.p.TestFile    ... finished proof: closed. 
19602      INFO  main            d.u.i.k.p.i.AbstractProblemLoader Loading environment from /home/runner/work/key/key/key.core/../key.ui/examples/performance-test/Disjoint(Disjoint__disjoint_08()).JML_operation_contract.0.key.proof 
19603      DEBUG main            d.u.i.k.p.i.AbstractProblemLoader Environment load took 646.6ns 
19605      INFO  main            d.u.i.k.p.i.AbstractProblemLoader Creating init config 
22700      DEBUG main            d.u.i.k.j.r.ClassPreparationMethodBuilder clPrepBuilder: Inner Class detected. Reject building class initialisation methods. 
29752      DEBUG main            d.u.i.k.p.i.AbstractProblemLoader Init config took 10.15s 
29874      INFO  main            d.u.i.k.p.i.AbstractProblemLoader Replaying proof Disjoint[Disjoint::disjoint_8()].JML operation contract.0 
30183      DEBUG main            d.u.i.k.p.i.IntermediateProofReplayer Proof replay took 297.55ms 
30190      DEBUG main            d.u.i.k.p.r.p.TestFile    ... success: reloaded. 
30192      INFO  main            d.u.i.k.p.r.p.TestFile    Now processing file /home/runner/work/key/key/key.core/../key.ui/examples/performance-test/Disjoint(Disjoint__disjoint2_08()).JML_operation_contract.0.key 
30193      INFO  main            d.u.i.k.p.i.AbstractProblemLoader Loading environment from /home/runner/work/key/key/key.core/../key.ui/examples/performance-test/Disjoint(Disjoint__disjoint2_08()).JML_operation_contract.0.key 
30193      DEBUG main            d.u.i.k.p.i.AbstractProblemLoader Environment load took 308.4ns 
30196      INFO  main            d.u.i.k.p.i.AbstractProblemLoader Creating init config 
33178      DEBUG main            d.u.i.k.j.r.ClassPreparationMethodBuilder clPrepBuilder: Inner Class detected. Reject building class initialisation methods. 
40060      DEBUG main            d.u.i.k.p.i.AbstractProblemLoader Init config took 9.86s 
40180      INFO  main            d.u.i.k.p.i.AbstractProblemLoader Replaying proof Disjoint[Disjoint::disjoint2_8()].JML operation contract.0 
40183      DEBUG main            d.u.i.k.p.i.IntermediateProofReplayer Proof replay took 19.8ns 
41087      INFO  main            d.u.i.k.p.r.p.TestFile    ... finished proof: closed. 
41350      INFO  main            d.u.i.k.p.i.AbstractProblemLoader Loading environment from /home/runner/work/key/key/key.core/../key.ui/examples/performance-test/Disjoint(Disjoint__disjoint2_08()).JML_operation_contract.0.key.proof 
41350      DEBUG main            d.u.i.k.p.i.AbstractProblemLoader Environment load took 133.7ns 
41352      INFO  main            d.u.i.k.p.i.AbstractProblemLoader Creating init config 
44236      DEBUG main            d.u.i.k.j.r.ClassPreparationMethodBuilder clPrepBuilder: Inner Class detected. Reject building class initialisation methods. 
50979      DEBUG main            d.u.i.k.p.i.AbstractProblemLoader Init config took 9.63s 
51071      INFO  main            d.u.i.k.p.i.AbstractProblemLoader Replaying proof Disjoint[Disjoint::disjoint2_8()].JML operation contract.0 
51156      DEBUG main            d.u.i.k.p.i.IntermediateProofReplayer Proof replay took 80.98ms 
51158      DEBUG main            d.u.i.k.p.r.p.TestFile    ... success: reloaded. 
51159      INFO  main            d.u.i.k.p.r.p.TestFile    Now processing file /home/runner/work/key/key/key.core/../key.ui/examples/performance-test/AccessChain1(AccessChain1__foo_08()).JML_operation_contract.0.key 
51159      INFO  main            d.u.i.k.p.i.AbstractProblemLoader Loading environment from /home/runner/work/key/key/key.core/../key.ui/examples/performance-test/AccessChain1(AccessChain1__foo_08()).JML_operation_contract.0.key 
51159      DEBUG main            d.u.i.k.p.i.AbstractProblemLoader Environment load took 58.3ns 
51160      INFO  main            d.u.i.k.p.i.AbstractProblemLoader Creating init config 
54059      DEBUG main            d.u.i.k.j.r.ClassPreparationMethodBuilder clPrepBuilder: Inner Class detected. Reject building class initialisation methods. 
60743      DEBUG main            d.u.i.k.p.i.AbstractProblemLoader Init config took 9.58s 
60832      INFO  main            d.u.i.k.p.i.AbstractProblemLoader Replaying proof AccessChain1[AccessChain1::foo_8()].JML operation contract.0 
60834      DEBUG main            d.u.i.k.p.i.IntermediateProofReplayer Proof replay took 9.5ns 
63456      INFO  main            d.u.i.k.p.r.p.TestFile    ... finished proof: closed. 
63767      INFO  main            d.u.i.k.p.i.AbstractProblemLoader Loading environment from /home/runner/work/key/key/key.core/../key.ui/examples/performance-test/AccessChain1(AccessChain1__foo_08()).JML_operation_contract.0.key.proof 
63769      DEBUG main            d.u.i.k.p.i.AbstractProblemLoader Environment load took 2.12ms 
63773      INFO  main            d.u.i.k.p.i.AbstractProblemLoader Creating init config 
66617      DEBUG main            d.u.i.k.j.r.ClassPreparationMethodBuilder clPrepBuilder: Inner Class detected. Reject building class initialisation methods. 
73332      DEBUG main            d.u.i.k.p.i.AbstractProblemLoader Init config took 9.56s 
73419      INFO  main            d.u.i.k.p.i.AbstractProblemLoader Replaying proof AccessChain1[AccessChain1::foo_8()].JML operation contract.0 
73899      DEBUG main            d.u.i.k.p.i.IntermediateProofReplayer Proof replay took 465.28ms 
73901      DEBUG main            d.u.i.k.p.r.p.TestFile    ... success: reloaded. 
73905      INFO  main            d.u.i.k.p.r.p.TestFile    Now processing file /home/runner/work/key/key/key.core/../key.ui/examples/performance-test/AccessChain4(AccessChain4__foo_08()).JML_operation_contract.0.key 
73906      INFO  main            d.u.i.k.p.i.AbstractProblemLoader Loading environment from /home/runner/work/key/key/key.core/../key.ui/examples/performance-test/AccessChain4(AccessChain4__foo_08()).JML_operation_contract.0.key 
73906      DEBUG main            d.u.i.k.p.i.AbstractProblemLoader Environment load took 200.8ns 
73907      INFO  main            d.u.i.k.p.i.AbstractProblemLoader Creating init config 
76827      DEBUG main            d.u.i.k.j.r.ClassPreparationMethodBuilder clPrepBuilder: Inner Class detected. Reject building class initialisation methods. 
83484      DEBUG main            d.u.i.k.p.i.AbstractProblemLoader Init config took 9.58s 
83584      INFO  main            d.u.i.k.p.i.AbstractProblemLoader Replaying proof AccessChain4[AccessChain4::foo_8()].JML operation contract.0 
83586      DEBUG main            d.u.i.k.p.i.IntermediateProofReplayer Proof replay took 9.4ns 
89941      INFO  main            d.u.i.k.p.r.p.TestFile    ... finished proof: closed. 
90294      INFO  main            d.u.i.k.p.i.AbstractProblemLoader Loading environment from /home/runner/work/key/key/key.core/../key.ui/examples/performance-test/AccessChain4(AccessChain4__foo_08()).JML_operation_contract.0.key.proof 
90302      DEBUG main            d.u.i.k.p.i.AbstractProblemLoader Environment load took 8.41ms 
90305      INFO  main            d.u.i.k.p.i.AbstractProblemLoader Creating init config 
93105      DEBUG main            d.u.i.k.j.r.ClassPreparationMethodBuilder clPrepBuilder: Inner Class detected. Reject building class initialisation methods. 
99762      DEBUG main            d.u.i.k.p.i.AbstractProblemLoader Init config took 9.46s 
99868      INFO  main            d.u.i.k.p.i.AbstractProblemLoader Replaying proof AccessChain4[AccessChain4::foo_8()].JML operation contract.0 
100776     DEBUG main            d.u.i.k.p.i.IntermediateProofReplayer Proof replay took 877.98ms 
100779     DEBUG main            d.u.i.k.p.r.p.TestFile    ... success: reloaded. 
100780     INFO  main            d.u.i.k.p.r.p.TestFile    Now processing file /home/runner/work/key/key/key.core/../key.ui/examples/performance-test/Disjoint(Disjoint__xZero_08()).JML_operation_contract.0.key 
100780     INFO  main            d.u.i.k.p.i.AbstractProblemLoader Loading environment from /home/runner/work/key/key/key.core/../key.ui/examples/performance-test/Disjoint(Disjoint__xZero_08()).JML_operation_contract.0.key 
100785     DEBUG main            d.u.i.k.p.i.AbstractProblemLoader Environment load took 4.08ms 
100786     INFO  main            d.u.i.k.p.i.AbstractProblemLoader Creating init config 
103708     DEBUG main            d.u.i.k.j.r.ClassPreparationMethodBuilder clPrepBuilder: Inner Class detected. Reject building class initialisation methods. 
110371     DEBUG main            d.u.i.k.p.i.AbstractProblemLoader Init config took 9.59s 
110455     INFO  main            d.u.i.k.p.i.AbstractProblemLoader Replaying proof Disjoint[Disjoint::xZero_8()].JML operation contract.0 
110457     DEBUG main            d.u.i.k.p.i.IntermediateProofReplayer Proof replay took 9.8ns 
111475     INFO  main            d.u.i.k.p.r.p.TestFile    ... finished proof: closed. 
111824     INFO  main            d.u.i.k.p.i.AbstractProblemLoader Loading environment from /home/runner/work/key/key/key.core/../key.ui/examples/performance-test/Disjoint(Disjoint__xZero_08()).JML_operation_contract.0.key.proof 
111825     DEBUG main            d.u.i.k.p.i.AbstractProblemLoader Environment load took 542.6ns 
111826     INFO  main            d.u.i.k.p.i.AbstractProblemLoader Creating init config 
114624     DEBUG main            d.u.i.k.j.r.ClassPreparationMethodBuilder clPrepBuilder: Inner Class detected. Reject building class initialisation methods. 
121250     DEBUG main            d.u.i.k.p.i.AbstractProblemLoader Init config took 9.42s 
121343     INFO  main            d.u.i.k.p.i.AbstractProblemLoader Replaying proof Disjoint[Disjoint::xZero_8()].JML operation contract.0 
121544     DEBUG main            d.u.i.k.p.i.IntermediateProofReplayer Proof replay took 193.7ms 
121546     DEBUG main            d.u.i.k.p.r.p.TestFile    ... success: reloaded. 
121547     INFO  main            d.u.i.k.p.r.p.TestFile    Now processing file /home/runner/work/key/key/key.core/../key.ui/examples/performance-test/Dynamic(Dynamic__foo_08()).JML_operation_contract.0.key 
121548     INFO  main            d.u.i.k.p.i.AbstractProblemLoader Loading environment from /home/runner/work/key/key/key.core/../key.ui/examples/performance-test/Dynamic(Dynamic__foo_08()).JML_operation_contract.0.key 
121548     DEBUG main            d.u.i.k.p.i.AbstractProblemLoader Environment load took 270.3ns 
121549     INFO  main            d.u.i.k.p.i.AbstractProblemLoader Creating init config 
124417     DEBUG main            d.u.i.k.j.r.ClassPreparationMethodBuilder clPrepBuilder: Inner Class detected. Reject building class initialisation methods. 
131082     DEBUG main            d.u.i.k.p.i.AbstractProblemLoader Init config took 9.53s 
131166     INFO  main            d.u.i.k.p.i.AbstractProblemLoader Replaying proof Dynamic[Dynamic::foo_8()].JML operation contract.0 
131168     DEBUG main            d.u.i.k.p.i.IntermediateProofReplayer Proof replay took 9.6ns 
136614     INFO  main            d.u.i.k.p.r.p.TestFile    ... finished proof: closed. 
136971     INFO  main            d.u.i.k.p.i.AbstractProblemLoader Loading environment from /home/runner/work/key/key/key.core/../key.ui/examples/performance-test/Dynamic(Dynamic__foo_08()).JML_operation_contract.0.key.proof 
136971     DEBUG main            d.u.i.k.p.i.AbstractProblemLoader Environment load took 120.3ns 
136974     INFO  main            d.u.i.k.p.i.AbstractProblemLoader Creating init config 
139803     DEBUG main            d.u.i.k.j.r.ClassPreparationMethodBuilder clPrepBuilder: Inner Class detected. Reject building class initialisation methods. 
146482     DEBUG main            d.u.i.k.p.i.AbstractProblemLoader Init config took 9.51s 
146566     INFO  main            d.u.i.k.p.i.AbstractProblemLoader Replaying proof Dynamic[Dynamic::foo_8()].JML operation contract.0 
147117     DEBUG main            d.u.i.k.p.i.IntermediateProofReplayer Proof replay took 527.7ms 
147119     DEBUG main            d.u.i.k.p.r.p.TestFile    ... success: reloaded. 
147120     INFO  main            d.u.i.k.p.r.p.TestFile    Now processing file /home/runner/work/key/key/key.core/../key.ui/examples/performance-test/DynamicGhost(DynamicGhost__dynamicGhost_08()).JML_normal_behavior_operation_contract.0.key 
147121     INFO  main            d.u.i.k.p.i.AbstractProblemLoader Loading environment from /home/runner/work/key/key/key.core/../key.ui/examples/performance-test/DynamicGhost(DynamicGhost__dynamicGhost_08()).JML_normal_behavior_operation_contract.0.key 
147121     DEBUG main            d.u.i.k.p.i.AbstractProblemLoader Environment load took 269.5ns 
147122     INFO  main            d.u.i.k.p.i.AbstractProblemLoader Creating init config 
150020     DEBUG main            d.u.i.k.j.r.ClassPreparationMethodBuilder clPrepBuilder: Inner Class detected. Reject building class initialisation methods. 
156672     DEBUG main            d.u.i.k.p.i.AbstractProblemLoader Init config took 9.55s 
156774     INFO  main            d.u.i.k.p.i.AbstractProblemLoader Replaying proof DynamicGhost[DynamicGhost::dynamicGhost_8()].JML normal_behavior operation contract.0 
156776     DEBUG main            d.u.i.k.p.i.IntermediateProofReplayer Proof replay took 10ns 
161134     INFO  main            d.u.i.k.p.r.p.TestFile    ... finished proof: closed. 
161509     INFO  main            d.u.i.k.p.i.AbstractProblemLoader Loading environment from /home/runner/work/key/key/key.core/../key.ui/examples/performance-test/DynamicGhost(DynamicGhost__dynamicGhost_08()).JML_normal_behavior_operation_contract.0.key.proof 
161510     DEBUG main            d.u.i.k.p.i.AbstractProblemLoader Environment load took 520.3ns 
161512     INFO  main            d.u.i.k.p.i.AbstractProblemLoader Creating init config 
164289     DEBUG main            d.u.i.k.j.r.ClassPreparationMethodBuilder clPrepBuilder: Inner Class detected. Reject building class initialisation methods. 
170949     DEBUG main            d.u.i.k.p.i.AbstractProblemLoader Init config took 9.44s 
171032     INFO  main            d.u.i.k.p.i.AbstractProblemLoader Replaying proof DynamicGhost[DynamicGhost::dynamicGhost_8()].JML normal_behavior operation contract.0 
171610     DEBUG main            d.u.i.k.p.i.IntermediateProofReplayer Proof replay took 557.3ms 
171612     DEBUG main            d.u.i.k.p.r.p.TestFile    ... success: reloaded. 
171614     INFO  main            d.u.i.k.p.r.p.TestFile    Now processing file /home/runner/work/key/key/key.core/../key.ui/examples/performance-test/GhostFrame(GhostFrame__foo_08()).JML_operation_contract.0.key 
171614     INFO  main            d.u.i.k.p.i.AbstractProblemLoader Loading environment from /home/runner/work/key/key/key.core/../key.ui/examples/performance-test/GhostFrame(GhostFrame__foo_08()).JML_operation_contract.0.key 
171614     DEBUG main            d.u.i.k.p.i.AbstractProblemLoader Environment load took 365.8ns 
171615     INFO  main            d.u.i.k.p.i.AbstractProblemLoader Creating init config 
174523     DEBUG main            d.u.i.k.j.r.ClassPreparationMethodBuilder clPrepBuilder: Inner Class detected. Reject building class initialisation methods. 
181272     DEBUG main            d.u.i.k.p.i.AbstractProblemLoader Init config took 9.66s 
181358     INFO  main            d.u.i.k.p.i.AbstractProblemLoader Replaying proof GhostFrame[GhostFrame::foo_8()].JML operation contract.0 
181360     DEBUG main            d.u.i.k.p.i.IntermediateProofReplayer Proof replay took 11.6ns 
183482     INFO  main            d.u.i.k.p.r.p.TestFile    ... finished proof: closed. 
183861     INFO  main            d.u.i.k.p.i.AbstractProblemLoader Loading environment from /home/runner/work/key/key/key.core/../key.ui/examples/performance-test/GhostFrame(GhostFrame__foo_08()).JML_operation_contract.0.key.proof 
183861     DEBUG main            d.u.i.k.p.i.AbstractProblemLoader Environment load took 509.7ns 
183863     INFO  main            d.u.i.k.p.i.AbstractProblemLoader Creating init config 
186670     DEBUG main            d.u.i.k.j.r.ClassPreparationMethodBuilder clPrepBuilder: Inner Class detected. Reject building class initialisation methods. 
193287     DEBUG main            d.u.i.k.p.i.AbstractProblemLoader Init config took 9.42s 
193390     INFO  main            d.u.i.k.p.i.AbstractProblemLoader Replaying proof GhostFrame[GhostFrame::foo_8()].JML operation contract.0 
193713     DEBUG main            d.u.i.k.p.i.IntermediateProofReplayer Proof replay took 310.87ms 
193715     DEBUG main            d.u.i.k.p.r.p.TestFile    ... success: reloaded. 
193716     INFO  main            d.u.i.k.p.r.p.TestFile    Now processing file /home/runner/work/key/key/key.core/../key.ui/examples/performance-test/Modelfield(Modelfield__foo_08()).JML_operation_contract.0.key 
193716     INFO  main            d.u.i.k.p.i.AbstractProblemLoader Loading environment from /home/runner/work/key/key/key.core/../key.ui/examples/performance-test/Modelfield(Modelfield__foo_08()).JML_operation_contract.0.key 
193716     DEBUG main            d.u.i.k.p.i.AbstractProblemLoader Environment load took 103.9ns 
193717     INFO  main            d.u.i.k.p.i.AbstractProblemLoader Creating init config 
196616     DEBUG main            d.u.i.k.j.r.ClassPreparationMethodBuilder clPrepBuilder: Inner Class detected. Reject building class initialisation methods. 
203275     DEBUG main            d.u.i.k.p.i.AbstractProblemLoader Init config took 9.56s 
203376     INFO  main            d.u.i.k.p.i.AbstractProblemLoader Replaying proof Modelfield[Modelfield::foo_8()].JML operation contract.0 
203378     DEBUG main            d.u.i.k.p.i.IntermediateProofReplayer Proof replay took 5.5ns 
206496     INFO  main            d.u.i.k.p.r.p.TestFile    ... finished proof: closed. 
206901     INFO  main            d.u.i.k.p.i.AbstractProblemLoader Loading environment from /home/runner/work/key/key/key.core/../key.ui/examples/performance-test/Modelfield(Modelfield__foo_08()).JML_operation_contract.0.key.proof 
206902     DEBUG main            d.u.i.k.p.i.AbstractProblemLoader Environment load took 518.1ns 
206905     INFO  main            d.u.i.k.p.i.AbstractProblemLoader Creating init config 
209667     DEBUG main            d.u.i.k.j.r.ClassPreparationMethodBuilder clPrepBuilder: Inner Class detected. Reject building class initialisation methods. 
216293     DEBUG main            d.u.i.k.p.i.AbstractProblemLoader Init config took 9.39s 
216394     INFO  main            d.u.i.k.p.i.AbstractProblemLoader Replaying proof Modelfield[Modelfield::foo_8()].JML operation contract.0 
216783     DEBUG main            d.u.i.k.p.i.IntermediateProofReplayer Proof replay took 375.38ms 
216784     DEBUG main            d.u.i.k.p.r.p.TestFile    ... success: reloaded. 
359442     INFO  Test worker     d.u.i.k.p.r.RunAllProofsTestUnit Returning from test performance 
359443     INFO  Test worker     d.u.i.k.p.r.RunAllProofsTestUnit Running test performancePOConstruction 
346        INFO  Timeout watchdog d.u.i.k.p.r.p.ForkedTestFileRunner Timeout watcher launched (2000 secs.) 
354        WARN  main            d.u.i.k.s.ProofSettings   The settings in /home/runner/.key/proof-settings.props are *not* read. 
397        INFO  main            d.u.i.k.p.r.p.TestFile    Now processing file /home/runner/work/key/key/key.core/../key.ui/examples/performance-test/Test(Test__a0(int)).JML_normal_behavior_operation_contract.0.key 
499        INFO  main            d.u.i.k.p.i.AbstractProblemLoader Loading environment from /home/runner/work/key/key/key.core/../key.ui/examples/performance-test/Test(Test__a0(int)).JML_normal_behavior_operation_contract.0.key 
515        DEBUG main            d.u.i.k.p.i.AbstractProblemLoader Environment load took 2.18ms 
734        INFO  main            d.u.i.k.p.i.AbstractProblemLoader Creating init config 
1729       DEBUG main            d.u.i.k.j.TypeConverter   No LDT found for Meta 
1730       DEBUG main            d.u.i.k.j.TypeConverter   No LDT found for Meta 
1732       DEBUG main            d.u.i.k.j.TypeConverter   No LDT found for Meta 
1734       DEBUG main            d.u.i.k.j.TypeConverter   No LDT found for Meta 
3278       DEBUG main            d.u.i.k.j.TypeConverter   No LDT found for JavaBigintExpression 
8653       DEBUG main            d.u.i.k.j.r.ClassPreparationMethodBuilder clPrepBuilder: Inner Class detected. Reject building class initialisation methods. 
16089      DEBUG main            d.u.i.k.p.i.AbstractProblemLoader Init config took 15.36s 
16989      INFO  main            d.u.i.k.p.i.AbstractProblemLoader Replaying proof Test[Test::a0(int)].JML normal_behavior operation contract.0 
17060      DEBUG main            d.u.i.k.p.i.IntermediateProofReplayer Proof replay took 32ns 
17506      INFO  main            d.u.i.k.p.r.p.TestFile    ... finished proof: closed. 
17654      INFO  main            d.u.i.k.p.i.AbstractProblemLoader Loading environment from /home/runner/work/key/key/key.core/../key.ui/examples/performance-test/Test(Test__a0(int)).JML_normal_behavior_operation_contract.0.key.proof 
17655      DEBUG main            d.u.i.k.p.i.AbstractProblemLoader Environment load took 124.1ns 
17658      INFO  main            d.u.i.k.p.i.AbstractProblemLoader Creating init config 
20656      DEBUG main            d.u.i.k.j.r.ClassPreparationMethodBuilder clPrepBuilder: Inner Class detected. Reject building class initialisation methods. 
27453      DEBUG main            d.u.i.k.p.i.AbstractProblemLoader Init config took 9.79s 
28159      INFO  main            d.u.i.k.p.i.AbstractProblemLoader Replaying proof Test[Test::a0(int)].JML normal_behavior operation contract.0 
28205      DEBUG main            d.u.i.k.p.i.IntermediateProofReplayer Proof replay took 41.71ms 
28219      DEBUG main            d.u.i.k.p.r.p.TestFile    ... success: reloaded. 
28223      INFO  main            d.u.i.k.p.r.p.TestFile    Now processing file /home/runner/work/key/key/key.core/../key.ui/examples/performance-test/Test(Test__a1(int)).JML_normal_behavior_operation_contract.0.key 
28223      INFO  main            d.u.i.k.p.i.AbstractProblemLoader Loading environment from /home/runner/work/key/key/key.core/../key.ui/examples/performance-test/Test(Test__a1(int)).JML_normal_behavior_operation_contract.0.key 
28223      DEBUG main            d.u.i.k.p.i.AbstractProblemLoader Environment load took 143.3ns 
28225      INFO  main            d.u.i.k.p.i.AbstractProblemLoader Creating init config 
31043      DEBUG main            d.u.i.k.j.r.ClassPreparationMethodBuilder clPrepBuilder: Inner Class detected. Reject building class initialisation methods. 
37571      DEBUG main            d.u.i.k.p.i.AbstractProblemLoader Init config took 9.35s 
38227      INFO  main            d.u.i.k.p.i.AbstractProblemLoader Replaying proof Test[Test::a1(int)].JML normal_behavior operation contract.0 
38229      DEBUG main            d.u.i.k.p.i.IntermediateProofReplayer Proof replay took 6.8ns 
38633      INFO  main            d.u.i.k.p.r.p.TestFile    ... finished proof: closed. 
38856      INFO  main            d.u.i.k.p.i.AbstractProblemLoader Loading environment from /home/runner/work/key/key/key.core/../key.ui/examples/performance-test/Test(Test__a1(int)).JML_normal_behavior_operation_contract.0.key.proof 
38860      DEBUG main            d.u.i.k.p.i.AbstractProblemLoader Environment load took 4.39ms 
38868      INFO  main            d.u.i.k.p.i.AbstractProblemLoader Creating init config 
41663      DEBUG main            d.u.i.k.j.r.ClassPreparationMethodBuilder clPrepBuilder: Inner Class detected. Reject building class initialisation methods. 
48142      DEBUG main            d.u.i.k.p.i.AbstractProblemLoader Init config took 9.27s 
48792      INFO  main            d.u.i.k.p.i.AbstractProblemLoader Replaying proof Test[Test::a1(int)].JML normal_behavior operation contract.0 
48850      DEBUG main            d.u.i.k.p.i.IntermediateProofReplayer Proof replay took 55.16ms 
48852      DEBUG main            d.u.i.k.p.r.p.TestFile    ... success: reloaded. 
48853      INFO  main            d.u.i.k.p.r.p.TestFile    Now processing file /home/runner/work/key/key/key.core/../key.ui/examples/performance-test/Test(Test__f1(int)).JML_normal_behavior_operation_contract.0.key 
48853      INFO  main            d.u.i.k.p.i.AbstractProblemLoader Loading environment from /home/runner/work/key/key/key.core/../key.ui/examples/performance-test/Test(Test__f1(int)).JML_normal_behavior_operation_contract.0.key 
48853      DEBUG main            d.u.i.k.p.i.AbstractProblemLoader Environment load took 224.4ns 
48856      INFO  main            d.u.i.k.p.i.AbstractProblemLoader Creating init config 
51664      DEBUG main            d.u.i.k.j.r.ClassPreparationMethodBuilder clPrepBuilder: Inner Class detected. Reject building class initialisation methods. 
58112      DEBUG main            d.u.i.k.p.i.AbstractProblemLoader Init config took 9.26s 
58794      INFO  main            d.u.i.k.p.i.AbstractProblemLoader Replaying proof Test[Test::f1(int)].JML normal_behavior operation contract.0 
58796      DEBUG main            d.u.i.k.p.i.IntermediateProofReplayer Proof replay took 5.5ns 
58998      INFO  main            d.u.i.k.p.r.p.TestFile    ... finished proof: closed. 
59272      INFO  main            d.u.i.k.p.i.AbstractProblemLoader Loading environment from /home/runner/work/key/key/key.core/../key.ui/examples/performance-test/Test(Test__f1(int)).JML_normal_behavior_operation_contract.0.key.proof 
59273      DEBUG main            d.u.i.k.p.i.AbstractProblemLoader Environment load took 443.3ns 
59274      INFO  main            d.u.i.k.p.i.AbstractProblemLoader Creating init config 
61982      DEBUG main            d.u.i.k.j.r.ClassPreparationMethodBuilder clPrepBuilder: Inner Class detected. Reject building class initialisation methods. 
68364      DEBUG main            d.u.i.k.p.i.AbstractProblemLoader Init config took 9.09s 
68983      INFO  main            d.u.i.k.p.i.AbstractProblemLoader Replaying proof Test[Test::f1(int)].JML normal_behavior operation contract.0 
69031      DEBUG main            d.u.i.k.p.i.IntermediateProofReplayer Proof replay took 44.55ms 
69032      DEBUG main            d.u.i.k.p.r.p.TestFile    ... success: reloaded. 
428684     INFO  Test worker     d.u.i.k.p.r.RunAllProofsTestUnit Returning from test performancePOConstruction 
428687     INFO  Test worker     d.u.i.k.p.r.RunAllProofsTestUnit Running test applicationRestrictions 
364        INFO  Timeout watchdog d.u.i.k.p.r.p.ForkedTestFileRunner Timeout watcher launched (2000 secs.) 
387        WARN  main            d.u.i.k.s.ProofSettings   The settings in /home/runner/.key/proof-settings.props are *not* read. 
431        INFO  main            d.u.i.k.p.r.p.TestFile    Now processing file /home/runner/work/key/key/key.core/../key.ui/examples/heap/polarity_tests/wellformed1.key 
547        INFO  main            d.u.i.k.p.i.AbstractProblemLoader Loading environment from /home/runner/work/key/key/key.core/../key.ui/examples/heap/polarity_tests/wellformed1.key 
579        DEBUG main            d.u.i.k.p.i.AbstractProblemLoader Environment load took 2.15ms 
818        INFO  main            d.u.i.k.p.i.AbstractProblemLoader Creating init config 
1779       DEBUG main            d.u.i.k.j.TypeConverter   No LDT found for Meta 
1780       DEBUG main            d.u.i.k.j.TypeConverter   No LDT found for Meta 
1782       DEBUG main            d.u.i.k.j.TypeConverter   No LDT found for Meta 
1783       DEBUG main            d.u.i.k.j.TypeConverter   No LDT found for Meta 
3188       DEBUG main            d.u.i.k.j.TypeConverter   No LDT found for JavaBigintExpression 
7672       DEBUG main            d.u.i.k.p.i.AbstractProblemLoader Init config took 6.85s 
7730       INFO  main            d.u.i.k.p.i.AbstractProblemLoader Replaying proof wellformed1.key 
7760       DEBUG main            d.u.i.k.p.i.IntermediateProofReplayer Proof replay took 32.4ns 
7925       INFO  main            d.u.i.k.p.r.p.TestFile    ... finished proof: closed. 
8017       INFO  main            d.u.i.k.p.i.AbstractProblemLoader Loading environment from /home/runner/work/key/key/key.core/../key.ui/examples/heap/polarity_tests/wellformed1.key.proof 
8017       DEBUG main            d.u.i.k.p.i.AbstractProblemLoader Environment load took 146.1ns 
8023       INFO  main            d.u.i.k.p.i.AbstractProblemLoader Creating init config 
10627      DEBUG main            d.u.i.k.p.i.AbstractProblemLoader Init config took 2.6s 
10656      INFO  main            d.u.i.k.p.i.AbstractProblemLoader Replaying proof wellformed1.key.proof 
10663      DEBUG main            d.u.i.k.p.i.IntermediateProofReplayer Proof replay took 2.15ms 
10673      DEBUG main            d.u.i.k.p.r.p.TestFile    ... success: reloaded. 
10674      INFO  main            d.u.i.k.p.r.p.TestFile    Now processing file /home/runner/work/key/key/key.core/../key.ui/examples/heap/polarity_tests/wellformed2.key 
10674      INFO  main            d.u.i.k.p.i.AbstractProblemLoader Loading environment from /home/runner/work/key/key/key.core/../key.ui/examples/heap/polarity_tests/wellformed2.key 
10675      DEBUG main            d.u.i.k.p.i.AbstractProblemLoader Environment load took 248.4ns 
10676      INFO  main            d.u.i.k.p.i.AbstractProblemLoader Creating init config 
13173      DEBUG main            d.u.i.k.p.i.AbstractProblemLoader Init config took 2.5s 
13201      INFO  main            d.u.i.k.p.i.AbstractProblemLoader Replaying proof wellformed2.key 
13204      DEBUG main            d.u.i.k.p.i.IntermediateProofReplayer Proof replay took 6.4ns 
13307      INFO  main            d.u.i.k.p.r.p.TestFile    ... finished proof: open goal(s) 
13450      INFO  main            d.u.i.k.p.r.p.TestFile    Now processing file /home/runner/work/key/key/key.core/../key.ui/examples/heap/polarity_tests/wellformed3.key 
13450      INFO  main            d.u.i.k.p.i.AbstractProblemLoader Loading environment from /home/runner/work/key/key/key.core/../key.ui/examples/heap/polarity_tests/wellformed3.key 
13450      DEBUG main            d.u.i.k.p.i.AbstractProblemLoader Environment load took 74.1ns 
13455      INFO  main            d.u.i.k.p.i.AbstractProblemLoader Creating init config 
15852      DEBUG main            d.u.i.k.p.i.AbstractProblemLoader Init config took 2.4s 
15875      INFO  main            d.u.i.k.p.i.AbstractProblemLoader Replaying proof wellformed3.key 
15877      DEBUG main            d.u.i.k.p.i.IntermediateProofReplayer Proof replay took 5.7ns 
15979      INFO  main            d.u.i.k.p.r.p.TestFile    ... finished proof: closed. 
16096      INFO  main            d.u.i.k.p.i.AbstractProblemLoader Loading environment from /home/runner/work/key/key/key.core/../key.ui/examples/heap/polarity_tests/wellformed3.key.proof 
16096      DEBUG main            d.u.i.k.p.i.AbstractProblemLoader Environment load took 128.7ns 
16097      INFO  main            d.u.i.k.p.i.AbstractProblemLoader Creating init config 
18451      DEBUG main            d.u.i.k.p.i.AbstractProblemLoader Init config took 2.35s 
18475      INFO  main            d.u.i.k.p.i.AbstractProblemLoader Replaying proof wellformed3.key.proof 
18479      DEBUG main            d.u.i.k.p.i.IntermediateProofReplayer Proof replay took 2.05ms 
18491      DEBUG main            d.u.i.k.p.r.p.TestFile    ... success: reloaded. 
18492      INFO  main            d.u.i.k.p.r.p.TestFile    Now processing file /home/runner/work/key/key/key.core/../key.ui/examples/heap/polarity_tests/wellformed4.key 
18492      INFO  main            d.u.i.k.p.i.AbstractProblemLoader Loading environment from /home/runner/work/key/key/key.core/../key.ui/examples/heap/polarity_tests/wellformed4.key 
18493      DEBUG main            d.u.i.k.p.i.AbstractProblemLoader Environment load took 159.6ns 
18494      INFO  main            d.u.i.k.p.i.AbstractProblemLoader Creating init config 
20828      DEBUG main            d.u.i.k.p.i.AbstractProblemLoader Init config took 2.33s 
20846      INFO  main            d.u.i.k.p.i.AbstractProblemLoader Replaying proof wellformed4.key 
20847      DEBUG main            d.u.i.k.p.i.IntermediateProofReplayer Proof replay took 5.5ns 
20950      INFO  main            d.u.i.k.p.r.p.TestFile    ... finished proof: open goal(s) 
21074      INFO  main            d.u.i.k.p.r.p.TestFile    Now processing file /home/runner/work/key/key/key.core/../key.ui/examples/heap/polarity_tests/wellformed5.key 
21074      INFO  main            d.u.i.k.p.i.AbstractProblemLoader Loading environment from /home/runner/work/key/key/key.core/../key.ui/examples/heap/polarity_tests/wellformed5.key 
21074      DEBUG main            d.u.i.k.p.i.AbstractProblemLoader Environment load took 63.7ns 
21075      INFO  main            d.u.i.k.p.i.AbstractProblemLoader Creating init config 
23394      DEBUG main            d.u.i.k.p.i.AbstractProblemLoader Init config took 2.32s 
23412      INFO  main            d.u.i.k.p.i.AbstractProblemLoader Replaying proof wellformed5.key 
23414      DEBUG main            d.u.i.k.p.i.IntermediateProofReplayer Proof replay took 6ns 
23519      INFO  main            d.u.i.k.p.r.p.TestFile    ... finished proof: closed. 
23629      INFO  main            d.u.i.k.p.i.AbstractProblemLoader Loading environment from /home/runner/work/key/key/key.core/../key.ui/examples/heap/polarity_tests/wellformed5.key.proof 
23629      DEBUG main            d.u.i.k.p.i.AbstractProblemLoader Environment load took 115.2ns 
23630      INFO  main            d.u.i.k.p.i.AbstractProblemLoader Creating init config 
25939      DEBUG main            d.u.i.k.p.i.AbstractProblemLoader Init config took 2.31s 
25959      INFO  main            d.u.i.k.p.i.AbstractProblemLoader Replaying proof wellformed5.key.proof 
25967      DEBUG main            d.u.i.k.p.i.IntermediateProofReplayer Proof replay took 5.05ms 
25968      DEBUG main            d.u.i.k.p.r.p.TestFile    ... success: reloaded. 
25969      INFO  main            d.u.i.k.p.r.p.TestFile    Now processing file /home/runner/work/key/key/key.core/../key.ui/examples/heap/polarity_tests/wellformed6.key 
25969      INFO  main            d.u.i.k.p.i.AbstractProblemLoader Loading environment from /home/runner/work/key/key/key.core/../key.ui/examples/heap/polarity_tests/wellformed6.key 
25970      DEBUG main            d.u.i.k.p.i.AbstractProblemLoader Environment load took 96.5ns 
25970      INFO  main            d.u.i.k.p.i.AbstractProblemLoader Creating init config 
28378      DEBUG main            d.u.i.k.p.i.AbstractProblemLoader Init config took 2.41s 
28395      INFO  main            d.u.i.k.p.i.AbstractProblemLoader Replaying proof wellformed6.key 
28396      DEBUG main            d.u.i.k.p.i.IntermediateProofReplayer Proof replay took 6.2ns 
28501      INFO  main            d.u.i.k.p.r.p.TestFile    ... finished proof: open goal(s) 
28640      INFO  main            d.u.i.k.p.r.p.TestFile    Now processing file /home/runner/work/key/key/key.core/../key.ui/examples/heap/polarity_tests/wellformed7.key 
28640      INFO  main            d.u.i.k.p.i.AbstractProblemLoader Loading environment from /home/runner/work/key/key/key.core/../key.ui/examples/heap/polarity_tests/wellformed7.key 
28641      DEBUG main            d.u.i.k.p.i.AbstractProblemLoader Environment load took 64.6ns 
28642      INFO  main            d.u.i.k.p.i.AbstractProblemLoader Creating init config 
30950      DEBUG main            d.u.i.k.p.i.AbstractProblemLoader Init config took 2.31s 
30967      INFO  main            d.u.i.k.p.i.AbstractProblemLoader Replaying proof wellformed7.key 
30969      DEBUG main            d.u.i.k.p.i.IntermediateProofReplayer Proof replay took 6.1ns 
31071      INFO  main            d.u.i.k.p.r.p.TestFile    ... finished proof: closed. 
31193      INFO  main            d.u.i.k.p.i.AbstractProblemLoader Loading environment from /home/runner/work/key/key/key.core/../key.ui/examples/heap/polarity_tests/wellformed7.key.proof 
31193      DEBUG main            d.u.i.k.p.i.AbstractProblemLoader Environment load took 103.2ns 
31194      INFO  main            d.u.i.k.p.i.AbstractProblemLoader Creating init config 
33503      DEBUG main            d.u.i.k.p.i.AbstractProblemLoader Init config took 2.31s 
33525      INFO  main            d.u.i.k.p.i.AbstractProblemLoader Replaying proof wellformed7.key.proof 
33529      DEBUG main            d.u.i.k.p.i.IntermediateProofReplayer Proof replay took 2.58ms 
33530      DEBUG main            d.u.i.k.p.r.p.TestFile    ... success: reloaded. 
33531      INFO  main            d.u.i.k.p.r.p.TestFile    Now processing file /home/runner/work/key/key/key.core/../key.ui/examples/heap/polarity_tests/wellformed8.key 
33531      INFO  main            d.u.i.k.p.i.AbstractProblemLoader Loading environment from /home/runner/work/key/key/key.core/../key.ui/examples/heap/polarity_tests/wellformed8.key 
33531      DEBUG main            d.u.i.k.p.i.AbstractProblemLoader Environment load took 90ns 
33532      INFO  main            d.u.i.k.p.i.AbstractProblemLoader Creating init config 
35841      DEBUG main            d.u.i.k.p.i.AbstractProblemLoader Init config took 2.31s 
35857      INFO  main            d.u.i.k.p.i.AbstractProblemLoader Replaying proof wellformed8.key 
35859      DEBUG main            d.u.i.k.p.i.IntermediateProofReplayer Proof replay took 7.8ns 
35961      INFO  main            d.u.i.k.p.r.p.TestFile    ... finished proof: open goal(s) 
36105      INFO  main            d.u.i.k.p.r.p.TestFile    Now processing file /home/runner/work/key/key/key.core/../key.ui/examples/heap/polarity_tests/wellformed9.key 
36105      INFO  main            d.u.i.k.p.i.AbstractProblemLoader Loading environment from /home/runner/work/key/key/key.core/../key.ui/examples/heap/polarity_tests/wellformed9.key 
36105      DEBUG main            d.u.i.k.p.i.AbstractProblemLoader Environment load took 66.2ns 
36106      INFO  main            d.u.i.k.p.i.AbstractProblemLoader Creating init config 
38371      DEBUG main            d.u.i.k.p.i.AbstractProblemLoader Init config took 2.26s 
38404      INFO  main            d.u.i.k.p.i.AbstractProblemLoader Replaying proof wellformed9.key 
38406      DEBUG main            d.u.i.k.p.i.IntermediateProofReplayer Proof replay took 7ns 
38508      INFO  main            d.u.i.k.p.r.p.TestFile    ... finished proof: closed. 
38686      INFO  main            d.u.i.k.p.i.AbstractProblemLoader Loading environment from /home/runner/work/key/key/key.core/../key.ui/examples/heap/polarity_tests/wellformed9.key.proof 
38686      DEBUG main            d.u.i.k.p.i.AbstractProblemLoader Environment load took 129.8ns 
38687      INFO  main            d.u.i.k.p.i.AbstractProblemLoader Creating init config 
40963      DEBUG main            d.u.i.k.p.i.AbstractProblemLoader Init config took 2.28s 
40979      INFO  main            d.u.i.k.p.i.AbstractProblemLoader Replaying proof wellformed9.key.proof 
40982      DEBUG main            d.u.i.k.p.i.IntermediateProofReplayer Proof replay took 1.48ms 
40983      DEBUG main            d.u.i.k.p.r.p.TestFile    ... success: reloaded. 
40984      INFO  main            d.u.i.k.p.r.p.TestFile    Now processing file /home/runner/work/key/key/key.core/../key.ui/examples/heap/polarity_tests/wellformed10.key 
40984      INFO  main            d.u.i.k.p.i.AbstractProblemLoader Loading environment from /home/runner/work/key/key/key.core/../key.ui/examples/heap/polarity_tests/wellformed10.key 
40984      DEBUG main            d.u.i.k.p.i.AbstractProblemLoader Environment load took 147.5ns 
40985      INFO  main            d.u.i.k.p.i.AbstractProblemLoader Creating init config 
43260      DEBUG main            d.u.i.k.p.i.AbstractProblemLoader Init config took 2.28s 
43275      INFO  main            d.u.i.k.p.i.AbstractProblemLoader Replaying proof wellformed10.key 
43276      DEBUG main            d.u.i.k.p.i.IntermediateProofReplayer Proof replay took 7ns 
43381      INFO  main            d.u.i.k.p.r.p.TestFile    ... finished proof: open goal(s) 
43526      INFO  main            d.u.i.k.p.r.p.TestFile    Now processing file /home/runner/work/key/key/key.core/../key.ui/examples/heap/polarity_tests/wellformed11.key 
43526      INFO  main            d.u.i.k.p.i.AbstractProblemLoader Loading environment from /home/runner/work/key/key/key.core/../key.ui/examples/heap/polarity_tests/wellformed11.key 
43526      DEBUG main            d.u.i.k.p.i.AbstractProblemLoader Environment load took 68.2ns 
43527      INFO  main            d.u.i.k.p.i.AbstractProblemLoader Creating init config 
45772      DEBUG main            d.u.i.k.p.i.AbstractProblemLoader Init config took 2.24s 
45787      INFO  main            d.u.i.k.p.i.AbstractProblemLoader Replaying proof wellformed11.key 
45788      DEBUG main            d.u.i.k.p.i.IntermediateProofReplayer Proof replay took 6.9ns 
45893      INFO  main            d.u.i.k.p.r.p.TestFile    ... finished proof: open goal(s) 
474882     INFO  Test worker     d.u.i.k.p.r.RunAllProofsTestUnit Returning from test applicationRestrictions 
474883     INFO  Test worker     d.u.i.k.p.r.RunAllProofsTestUnit Running test blockContracts 
398        INFO  Timeout watchdog d.u.i.k.p.r.p.ForkedTestFileRunner Timeout watcher launched (2000 secs.) 
403        WARN  main            d.u.i.k.s.ProofSettings   The settings in /home/runner/.key/proof-settings.props are *not* read. 
429        INFO  main            d.u.i.k.p.r.p.TestFile    Now processing file /home/runner/work/key/key/key.core/../key.ui/examples/heap/block_contracts/Simple__add.key 
564        INFO  main            d.u.i.k.p.i.AbstractProblemLoader Loading environment from /home/runner/work/key/key/key.core/../key.ui/examples/heap/block_contracts/Simple__add.key 
590        DEBUG main            d.u.i.k.p.i.AbstractProblemLoader Environment load took 2.01ms 
798        INFO  main            d.u.i.k.p.i.AbstractProblemLoader Creating init config 
1673       DEBUG main            d.u.i.k.j.TypeConverter   No LDT found for Meta 
1673       DEBUG main            d.u.i.k.j.TypeConverter   No LDT found for Meta 
1674       DEBUG main            d.u.i.k.j.TypeConverter   No LDT found for Meta 
1674       DEBUG main            d.u.i.k.j.TypeConverter   No LDT found for Meta 
3270       DEBUG main            d.u.i.k.j.TypeConverter   No LDT found for JavaBigintExpression 
8612       DEBUG main            d.u.i.k.p.i.AbstractProblemLoader Init config took 7.81s 
8742       INFO  main            d.u.i.k.p.i.AbstractProblemLoader Replaying proof Simple[Simple::add(int,int)].JML operation contract.0 
8822       DEBUG main            d.u.i.k.p.i.IntermediateProofReplayer Proof replay took 340.6ns 
9557       INFO  main            d.u.i.k.p.r.p.TestFile    ... finished proof: closed. 
9660       INFO  main            d.u.i.k.p.i.AbstractProblemLoader Loading environment from /home/runner/work/key/key/key.core/../key.ui/examples/heap/block_contracts/Simple__add.key.proof 
9663       DEBUG main            d.u.i.k.p.i.AbstractProblemLoader Environment load took 3.09ms 
9665       INFO  main            d.u.i.k.p.i.AbstractProblemLoader Creating init config 
12823      DEBUG main            d.u.i.k.p.i.AbstractProblemLoader Init config took 3.16s 
12901      INFO  main            d.u.i.k.p.i.AbstractProblemLoader Replaying proof Simple[Simple::add(int,int)].JML operation contract.0 
12973      DEBUG main            d.u.i.k.p.i.IntermediateProofReplayer Proof replay took 67.51ms 
12979      DEBUG main            d.u.i.k.p.r.p.TestFile    ... success: reloaded. 
12981      INFO  main            d.u.i.k.p.r.p.TestFile    Now processing file /home/runner/work/key/key/key.core/../key.ui/examples/heap/block_contracts/Simple__addAbsoluteValues.key 
12981      INFO  main            d.u.i.k.p.i.AbstractProblemLoader Loading environment from /home/runner/work/key/key/key.core/../key.ui/examples/heap/block_contracts/Simple__addAbsoluteValues.key 
12981      DEBUG main            d.u.i.k.p.i.AbstractProblemLoader Environment load took 230.7ns 
12983      INFO  main            d.u.i.k.p.i.AbstractProblemLoader Creating init config 
16013      DEBUG main            d.u.i.k.p.i.AbstractProblemLoader Init config took 3.03s 
16070      INFO  main            d.u.i.k.p.i.AbstractProblemLoader Replaying proof Simple[Simple::addAbsoluteValues(int,int)].JML normal_behavior operation contract.0 
16073      DEBUG main            d.u.i.k.p.i.IntermediateProofReplayer Proof replay took 12.8ns 
17084      INFO  main            d.u.i.k.p.r.p.TestFile    ... finished proof: closed. 
17244      INFO  main            d.u.i.k.p.i.AbstractProblemLoader Loading environment from /home/runner/work/key/key/key.core/../key.ui/examples/heap/block_contracts/Simple__addAbsoluteValues.key.proof 
17247      DEBUG main            d.u.i.k.p.i.AbstractProblemLoader Environment load took 3.1ms 
17248      INFO  main            d.u.i.k.p.i.AbstractProblemLoader Creating init config 
20282      DEBUG main            d.u.i.k.p.i.AbstractProblemLoader Init config took 3.03s 
20335      INFO  main            d.u.i.k.p.i.AbstractProblemLoader Replaying proof Simple[Simple::addAbsoluteValues(int,int)].JML normal_behavior operation contract.0 
20528      DEBUG main            d.u.i.k.p.i.IntermediateProofReplayer Proof replay took 184.02ms 
20529      DEBUG main            d.u.i.k.p.r.p.TestFile    ... success: reloaded. 
20530      INFO  main            d.u.i.k.p.r.p.TestFile    Now processing file /home/runner/work/key/key/key.core/../key.ui/examples/heap/block_contracts/Simple__addWithJump.key 
20531      INFO  main            d.u.i.k.p.i.AbstractProblemLoader Loading environment from /home/runner/work/key/key/key.core/../key.ui/examples/heap/block_contracts/Simple__addWithJump.key 
20531      DEBUG main            d.u.i.k.p.i.AbstractProblemLoader Environment load took 260.6ns 
20532      INFO  main            d.u.i.k.p.i.AbstractProblemLoader Creating init config 
23559      DEBUG main            d.u.i.k.p.i.AbstractProblemLoader Init config took 3.03s 
23606      INFO  main            d.u.i.k.p.i.AbstractProblemLoader Replaying proof Simple[Simple::addWithJump(int,int,int)].JML operation contract.0 
23608      DEBUG main            d.u.i.k.p.i.IntermediateProofReplayer Proof replay took 19.8ns 
23812      INFO  main            d.u.i.k.p.r.p.TestFile    ... finished proof: closed. 
24050      INFO  main            d.u.i.k.p.i.AbstractProblemLoader Loading environment from /home/runner/work/key/key/key.core/../key.ui/examples/heap/block_contracts/Simple__addWithJump.key.proof 
24050      DEBUG main            d.u.i.k.p.i.AbstractProblemLoader Environment load took 116ns 
24051      INFO  main            d.u.i.k.p.i.AbstractProblemLoader Creating init config 
26951      DEBUG main            d.u.i.k.p.i.AbstractProblemLoader Init config took 2.9s 
26996      INFO  main            d.u.i.k.p.i.AbstractProblemLoader Replaying proof Simple[Simple::addWithJump(int,int,int)].JML operation contract.0 
27038      DEBUG main            d.u.i.k.p.i.IntermediateProofReplayer Proof replay took 39.59ms 
27039      DEBUG main            d.u.i.k.p.r.p.TestFile    ... success: reloaded. 
27040      INFO  main            d.u.i.k.p.r.p.TestFile    Now processing file /home/runner/work/key/key/key.core/../key.ui/examples/heap/block_contracts/Simple__addWithTwoBlockContracts.key 
27040      INFO  main            d.u.i.k.p.i.AbstractProblemLoader Loading environment from /home/runner/work/key/key/key.core/../key.ui/examples/heap/block_contracts/Simple__addWithTwoBlockContracts.key 
27040      DEBUG main            d.u.i.k.p.i.AbstractProblemLoader Environment load took 189.9ns 
27041      INFO  main            d.u.i.k.p.i.AbstractProblemLoader Creating init config 
29945      DEBUG main            d.u.i.k.p.i.AbstractProblemLoader Init config took 2.9s 
30001      INFO  main            d.u.i.k.p.i.AbstractProblemLoader Replaying proof Simple[Simple::addWithTwoBlockContracts(int,int,int)].JML operation contract.0 
30004      DEBUG main            d.u.i.k.p.i.IntermediateProofReplayer Proof replay took 8.7ns 
30208      INFO  main            d.u.i.k.p.r.p.TestFile    ... finished proof: closed. 
30368      INFO  main            d.u.i.k.p.i.AbstractProblemLoader Loading environment from /home/runner/work/key/key/key.core/../key.ui/examples/heap/block_contracts/Simple__addWithTwoBlockContracts.key.proof 
30368      DEBUG main            d.u.i.k.p.i.AbstractProblemLoader Environment load took 118.2ns 
30369      INFO  main            d.u.i.k.p.i.AbstractProblemLoader Creating init config 
33258      DEBUG main            d.u.i.k.p.i.AbstractProblemLoader Init config took 2.89s 
33302      INFO  main            d.u.i.k.p.i.AbstractProblemLoader Replaying proof Simple[Simple::addWithTwoBlockContracts(int,int,int)].JML operation contract.0 
33356      DEBUG main            d.u.i.k.p.i.IntermediateProofReplayer Proof replay took 51.97ms 
33358      DEBUG main            d.u.i.k.p.r.p.TestFile    ... success: reloaded. 
33359      INFO  main            d.u.i.k.p.r.p.TestFile    Now processing file /home/runner/work/key/key/key.core/../key.ui/examples/heap/block_contracts/Simple__generateByteArray.key 
33359      INFO  main            d.u.i.k.p.i.AbstractProblemLoader Loading environment from /home/runner/work/key/key/key.core/../key.ui/examples/heap/block_contracts/Simple__generateByteArray.key 
33360      DEBUG main            d.u.i.k.p.i.AbstractProblemLoader Environment load took 233ns 
33361      INFO  main            d.u.i.k.p.i.AbstractProblemLoader Creating init config 
36350      DEBUG main            d.u.i.k.p.i.AbstractProblemLoader Init config took 2.99s 
36402      INFO  main            d.u.i.k.p.i.AbstractProblemLoader Replaying proof Simple[Simple::generateByteArray()].JML normal_behavior operation contract.0 
36404      DEBUG main            d.u.i.k.p.i.IntermediateProofReplayer Proof replay took 10.1ns 
38514      INFO  main            d.u.i.k.p.r.p.TestFile    ... finished proof: closed. 
38714      INFO  main            d.u.i.k.p.i.AbstractProblemLoader Loading environment from /home/runner/work/key/key/key.core/../key.ui/examples/heap/block_contracts/Simple__generateByteArray.key.proof 
38716      DEBUG main            d.u.i.k.p.i.AbstractProblemLoader Environment load took 1.59ms 
38718      INFO  main            d.u.i.k.p.i.AbstractProblemLoader Creating init config 
41575      DEBUG main            d.u.i.k.p.i.AbstractProblemLoader Init config took 2.86s 
41617      INFO  main            d.u.i.k.p.i.AbstractProblemLoader Replaying proof Simple[Simple::generateByteArray()].JML normal_behavior operation contract.0 
41863      DEBUG main            d.u.i.k.p.i.IntermediateProofReplayer Proof replay took 230.37ms 
41864      DEBUG main            d.u.i.k.p.r.p.TestFile    ... success: reloaded. 
41866      INFO  main            d.u.i.k.p.r.p.TestFile    Now processing file /home/runner/work/key/key/key.core/../key.ui/examples/heap/block_contracts/Simple__getLength.key 
41866      INFO  main            d.u.i.k.p.i.AbstractProblemLoader Loading environment from /home/runner/work/key/key/key.core/../key.ui/examples/heap/block_contracts/Simple__getLength.key 
41866      DEBUG main            d.u.i.k.p.i.AbstractProblemLoader Environment load took 235.1ns 
41867      INFO  main            d.u.i.k.p.i.AbstractProblemLoader Creating init config 
44775      DEBUG main            d.u.i.k.p.i.AbstractProblemLoader Init config took 2.91s 
44819      INFO  main            d.u.i.k.p.i.AbstractProblemLoader Replaying proof Simple[Simple::getLength()].JML normal_behavior operation contract.0 
44821      DEBUG main            d.u.i.k.p.i.IntermediateProofReplayer Proof replay took 10.6ns 
44927      INFO  main            d.u.i.k.p.r.p.TestFile    ... finished proof: closed. 
45150      INFO  main            d.u.i.k.p.i.AbstractProblemLoader Loading environment from /home/runner/work/key/key/key.core/../key.ui/examples/heap/block_contracts/Simple__getLength.key.proof 
45150      DEBUG main            d.u.i.k.p.i.AbstractProblemLoader Environment load took 110.8ns 
45151      INFO  main            d.u.i.k.p.i.AbstractProblemLoader Creating init config 
47997      DEBUG main            d.u.i.k.p.i.AbstractProblemLoader Init config took 2.85s 
48041      INFO  main            d.u.i.k.p.i.AbstractProblemLoader Replaying proof Simple[Simple::getLength()].JML normal_behavior operation contract.0 
48052      DEBUG main            d.u.i.k.p.i.IntermediateProofReplayer Proof replay took 7.17ms 
48053      DEBUG main            d.u.i.k.p.r.p.TestFile    ... success: reloaded. 
48054      INFO  main            d.u.i.k.p.r.p.TestFile    Now processing file /home/runner/work/key/key/key.core/../key.ui/examples/heap/block_contracts/Simple__square.key 
48054      INFO  main            d.u.i.k.p.i.AbstractProblemLoader Loading environment from /home/runner/work/key/key/key.core/../key.ui/examples/heap/block_contracts/Simple__square.key 
48054      DEBUG main            d.u.i.k.p.i.AbstractProblemLoader Environment load took 91.8ns 
48055      INFO  main            d.u.i.k.p.i.AbstractProblemLoader Creating init config 
50860      DEBUG main            d.u.i.k.p.i.AbstractProblemLoader Init config took 2.8s 
50917      INFO  main            d.u.i.k.p.i.AbstractProblemLoader Replaying proof Simple[Simple::square(int)].JML operation contract.0 
50918      DEBUG main            d.u.i.k.p.i.IntermediateProofReplayer Proof replay took 10ns 
51224      INFO  main            d.u.i.k.p.r.p.TestFile    ... finished proof: closed. 
51401      INFO  main            d.u.i.k.p.i.AbstractProblemLoader Loading environment from /home/runner/work/key/key/key.core/../key.ui/examples/heap/block_contracts/Simple__square.key.proof 
51401      DEBUG main            d.u.i.k.p.i.AbstractProblemLoader Environment load took 111.5ns 
51402      INFO  main            d.u.i.k.p.i.AbstractProblemLoader Creating init config 
54216      DEBUG main            d.u.i.k.p.i.AbstractProblemLoader Init config took 2.81s 
54257      INFO  main            d.u.i.k.p.i.AbstractProblemLoader Replaying proof Simple[Simple::square(int)].JML operation contract.0 
54341      DEBUG main            d.u.i.k.p.i.IntermediateProofReplayer Proof replay took 81.06ms 
54342      DEBUG main            d.u.i.k.p.r.p.TestFile    ... success: reloaded. 
54343      INFO  main            d.u.i.k.p.r.p.TestFile    Now processing file /home/runner/work/key/key/key.core/../key.ui/examples/heap/block_contracts/Simple__unnecessaryBlockContract.key 
54343      INFO  main            d.u.i.k.p.i.AbstractProblemLoader Loading environment from /home/runner/work/key/key/key.core/../key.ui/examples/heap/block_contracts/Simple__unnecessaryBlockContract.key 
54343      DEBUG main            d.u.i.k.p.i.AbstractProblemLoader Environment load took 106ns 
54344      INFO  main            d.u.i.k.p.i.AbstractProblemLoader Creating init config 
57208      DEBUG main            d.u.i.k.p.i.AbstractProblemLoader Init config took 2.86s 
57249      INFO  main            d.u.i.k.p.i.AbstractProblemLoader Replaying proof Simple[Simple::unnecessaryBlockContract()].JML operation contract.0 
57251      DEBUG main            d.u.i.k.p.i.IntermediateProofReplayer Proof replay took 14ns 
57353      INFO  main            d.u.i.k.p.r.p.TestFile    ... finished proof: closed. 
57542      INFO  main            d.u.i.k.p.i.AbstractProblemLoader Loading environment from /home/runner/work/key/key/key.core/../key.ui/examples/heap/block_contracts/Simple__unnecessaryBlockContract.key.proof 
57542      DEBUG main            d.u.i.k.p.i.AbstractProblemLoader Environment load took 116.2ns 
57544      INFO  main            d.u.i.k.p.i.AbstractProblemLoader Creating init config 
60445      DEBUG main            d.u.i.k.p.i.AbstractProblemLoader Init config took 2.9s 
60484      INFO  main            d.u.i.k.p.i.AbstractProblemLoader Replaying proof Simple[Simple::unnecessaryBlockContract()].JML operation contract.0 
60506      DEBUG main            d.u.i.k.p.i.IntermediateProofReplayer Proof replay took 20.11ms 
60507      DEBUG main            d.u.i.k.p.r.p.TestFile    ... success: reloaded. 
60508      INFO  main            d.u.i.k.p.r.p.TestFile    Now processing file /home/runner/work/key/key/key.core/../key.ui/examples/heap/block_contracts/Simple__unnecessaryLoopInvariant.key 
60508      INFO  main            d.u.i.k.p.i.AbstractProblemLoader Loading environment from /home/runner/work/key/key/key.core/../key.ui/examples/heap/block_contracts/Simple__unnecessaryLoopInvariant.key 
60508      DEBUG main            d.u.i.k.p.i.AbstractProblemLoader Environment load took 84.7ns 
60509      INFO  main            d.u.i.k.p.i.AbstractProblemLoader Creating init config 
63418      DEBUG main            d.u.i.k.p.i.AbstractProblemLoader Init config took 2.91s 
63478      INFO  main            d.u.i.k.p.i.AbstractProblemLoader Replaying proof Simple[Simple::unnecessaryLoopInvariant()].JML operation contract.0 
63479      DEBUG main            d.u.i.k.p.i.IntermediateProofReplayer Proof replay took 10.5ns 
63584      INFO  main            d.u.i.k.p.r.p.TestFile    ... finished proof: closed. 
63761      INFO  main            d.u.i.k.p.i.AbstractProblemLoader Loading environment from /home/runner/work/key/key/key.core/../key.ui/examples/heap/block_contracts/Simple__unnecessaryLoopInvariant.key.proof 
63761      DEBUG main            d.u.i.k.p.i.AbstractProblemLoader Environment load took 107.7ns 
63762      INFO  main            d.u.i.k.p.i.AbstractProblemLoader Creating init config 
66587      DEBUG main            d.u.i.k.p.i.AbstractProblemLoader Init config took 2.83s 
66623      INFO  main            d.u.i.k.p.i.AbstractProblemLoader Replaying proof Simple[Simple::unnecessaryLoopInvariant()].JML operation contract.0 
66634      DEBUG main            d.u.i.k.p.i.IntermediateProofReplayer Proof replay took 10.02ms 
66635      DEBUG main            d.u.i.k.p.r.p.TestFile    ... success: reloaded. 
66636      INFO  main            d.u.i.k.p.r.p.TestFile    Now processing file /home/runner/work/key/key/key.core/../key.ui/examples/standard_key/java_dl/jml-assert/assert.key 
66636      INFO  main            d.u.i.k.p.i.AbstractProblemLoader Loading environment from /home/runner/work/key/key/key.core/../key.ui/examples/standard_key/java_dl/jml-assert/assert.key 
66637      DEBUG main            d.u.i.k.p.i.AbstractProblemLoader Environment load took 100.2ns 
66637      INFO  main            d.u.i.k.p.i.AbstractProblemLoader Creating init config 
69078      DEBUG main            d.u.i.k.p.i.AbstractProblemLoader Init config took 2.44s 
69120      INFO  main            d.u.i.k.p.i.AbstractProblemLoader Replaying proof Assert[Assert::createArray(int)].JML normal_behavior operation contract.0 
69121      DEBUG main            d.u.i.k.p.i.IntermediateProofReplayer Proof replay took 6.8ns 
69323      INFO  main            d.u.i.k.p.r.p.TestFile    ... finished proof: closed. 
69522      INFO  main            d.u.i.k.p.i.AbstractProblemLoader Loading environment from /home/runner/work/key/key/key.core/../key.ui/examples/standard_key/java_dl/jml-assert/assert.key.proof 
69522      DEBUG main            d.u.i.k.p.i.AbstractProblemLoader Environment load took 108.6ns 
69524      INFO  main            d.u.i.k.p.i.AbstractProblemLoader Creating init config 
72001      DEBUG main            d.u.i.k.p.i.AbstractProblemLoader Init config took 2.48s 
72042      INFO  main            d.u.i.k.p.i.AbstractProblemLoader Replaying proof Assert[Assert::createArray(int)].JML normal_behavior operation contract.0 
72082      DEBUG main            d.u.i.k.p.i.IntermediateProofReplayer Proof replay took 38.31ms 
72084      DEBUG main            d.u.i.k.p.r.p.TestFile    ... success: reloaded. 
72085      INFO  main            d.u.i.k.p.r.p.TestFile    Now processing file /home/runner/work/key/key/key.core/../key.ui/examples/standard_key/java_dl/jml-assert/assert_assume_order.key 
72085      INFO  main            d.u.i.k.p.i.AbstractProblemLoader Loading environment from /home/runner/work/key/key/key.core/../key.ui/examples/standard_key/java_dl/jml-assert/assert_assume_order.key 
72086      DEBUG main            d.u.i.k.p.i.AbstractProblemLoader Environment load took 211.6ns 
72087      INFO  main            d.u.i.k.p.i.AbstractProblemLoader Creating init config 
74520      DEBUG main            d.u.i.k.p.i.AbstractProblemLoader Init config took 2.43s 
74571      INFO  main            d.u.i.k.p.i.AbstractProblemLoader Replaying proof AssertAssume[AssertAssume::singleAssumeAssert(int)].JML normal_behavior operation contract.0 
74573      DEBUG main            d.u.i.k.p.i.IntermediateProofReplayer Proof replay took 6.3ns 
74676      INFO  main            d.u.i.k.p.r.p.TestFile    ... finished proof: closed. 
74849      INFO  main            d.u.i.k.p.i.AbstractProblemLoader Loading environment from /home/runner/work/key/key/key.core/../key.ui/examples/standard_key/java_dl/jml-assert/assert_assume_order.key.proof 
74849      DEBUG main            d.u.i.k.p.i.AbstractProblemLoader Environment load took 104.6ns 
74850      INFO  main            d.u.i.k.p.i.AbstractProblemLoader Creating init config 
77273      DEBUG main            d.u.i.k.p.i.AbstractProblemLoader Init config took 2.42s 
77317      INFO  main            d.u.i.k.p.i.AbstractProblemLoader Replaying proof AssertAssume[AssertAssume::singleAssumeAssert(int)].JML normal_behavior operation contract.0 
77326      DEBUG main            d.u.i.k.p.i.IntermediateProofReplayer Proof replay took 7.03ms 
77328      DEBUG main            d.u.i.k.p.r.p.TestFile    ... success: reloaded. 
77329      INFO  main            d.u.i.k.p.r.p.TestFile    Now processing file /home/runner/work/key/key/key.core/../key.ui/examples/heap/block_loop_contracts/SimpleVariants/sum_onBlock_external.key 
77329      INFO  main            d.u.i.k.p.i.AbstractProblemLoader Loading environment from /home/runner/work/key/key/key.core/../key.ui/examples/heap/block_loop_contracts/SimpleVariants/sum_onBlock_external.key 
77330      DEBUG main            d.u.i.k.p.i.AbstractProblemLoader Environment load took 226.1ns 
77331      INFO  main            d.u.i.k.p.i.AbstractProblemLoader Creating init config 
80055      DEBUG main            d.u.i.k.p.i.AbstractProblemLoader Init config took 2.72s 
80088      INFO  main            d.u.i.k.p.i.AbstractProblemLoader Replaying proof LoopContractExamplesAll[LoopContractExamplesAll::sum_loopContract_onBlock([I)].JML normal_behavior operation contract.0 
80090      DEBUG main            d.u.i.k.p.i.IntermediateProofReplayer Proof replay took 9.8ns 
80192      INFO  main            d.u.i.k.p.r.p.TestFile    ... finished proof: closed. 
80412      INFO  main            d.u.i.k.p.i.AbstractProblemLoader Loading environment from /home/runner/work/key/key/key.core/../key.ui/examples/heap/block_loop_contracts/SimpleVariants/sum_onBlock_external.key.proof 
80413      DEBUG main            d.u.i.k.p.i.AbstractProblemLoader Environment load took 109.7ns 
80413      INFO  main            d.u.i.k.p.i.AbstractProblemLoader Creating init config 
83042      DEBUG main            d.u.i.k.p.i.AbstractProblemLoader Init config took 2.63s 
83077      INFO  main            d.u.i.k.p.i.AbstractProblemLoader Replaying proof LoopContractExamplesAll[LoopContractExamplesAll::sum_loopContract_onBlock([I)].JML normal_behavior operation contract.0 
83108      DEBUG main            d.u.i.k.p.i.IntermediateProofReplayer Proof replay took 28.8ms 
83109      DEBUG main            d.u.i.k.p.r.p.TestFile    ... success: reloaded. 
83110      INFO  main            d.u.i.k.p.r.p.TestFile    Now processing file /home/runner/work/key/key/key.core/../key.ui/examples/heap/block_loop_contracts/SimpleVariants/sum_onBlock_internal.key 
83110      INFO  main            d.u.i.k.p.i.AbstractProblemLoader Loading environment from /home/runner/work/key/key/key.core/../key.ui/examples/heap/block_loop_contracts/SimpleVariants/sum_onBlock_internal.key 
83110      DEBUG main            d.u.i.k.p.i.AbstractProblemLoader Environment load took 206.1ns 
83111      INFO  main            d.u.i.k.p.i.AbstractProblemLoader Creating init config 
85801      DEBUG main            d.u.i.k.p.i.AbstractProblemLoader Init config took 2.69s 
85834      INFO  main            d.u.i.k.p.i.AbstractProblemLoader Replaying proof LoopContractExamplesAll[LoopContractExamplesAll::sum_loopContract_onBlock([I)].JML normal_behavior operation contract.0 
85836      DEBUG main            d.u.i.k.p.i.IntermediateProofReplayer Proof replay took 10.5ns 
86439      INFO  main            d.u.i.k.p.r.p.TestFile    ... finished proof: closed. 
86664      INFO  main            d.u.i.k.p.i.AbstractProblemLoader Loading environment from /home/runner/work/key/key/key.core/../key.ui/examples/heap/block_loop_contracts/SimpleVariants/sum_onBlock_internal.key.proof 
86664      DEBUG main            d.u.i.k.p.i.AbstractProblemLoader Environment load took 100.9ns 
86665      INFO  main            d.u.i.k.p.i.AbstractProblemLoader Creating init config 
89277      DEBUG main            d.u.i.k.p.i.AbstractProblemLoader Init config took 2.61s 
89310      INFO  main            d.u.i.k.p.i.AbstractProblemLoader Replaying proof LoopContractExamplesAll[LoopContractExamplesAll::sum_loopContract_onBlock([I)].JML normal_behavior operation contract.0 
89531      DEBUG main            d.u.i.k.p.i.IntermediateProofReplayer Proof replay took 217.75ms 
89532      DEBUG main            d.u.i.k.p.r.p.TestFile    ... success: reloaded. 
89533      INFO  main            d.u.i.k.p.r.p.TestFile    Now processing file /home/runner/work/key/key/key.core/../key.ui/examples/heap/block_loop_contracts/SimpleVariants/sum_onBlock_loop.key 
89533      INFO  main            d.u.i.k.p.i.AbstractProblemLoader Loading environment from /home/runner/work/key/key/key.core/../key.ui/examples/heap/block_loop_contracts/SimpleVariants/sum_onBlock_loop.key 
89533      DEBUG main            d.u.i.k.p.i.AbstractProblemLoader Environment load took 59.1ns 
89534      INFO  main            d.u.i.k.p.i.AbstractProblemLoader Creating init config 
92245      DEBUG main            d.u.i.k.p.i.AbstractProblemLoader Init config took 2.71s 
92280      INFO  main            d.u.i.k.p.i.AbstractProblemLoader Replaying proof LoopContractExamplesAll[LoopContractExamplesAll::sum_loopContract_onBlock([I)].JML normal_behavior loop contract.0 
92282      DEBUG main            d.u.i.k.p.i.IntermediateProofReplayer Proof replay took 21.5ns 
92985      INFO  main            d.u.i.k.p.r.p.TestFile    ... finished proof: closed. 
93250      INFO  main            d.u.i.k.p.i.AbstractProblemLoader Loading environment from /home/runner/work/key/key/key.core/../key.ui/examples/heap/block_loop_contracts/SimpleVariants/sum_onBlock_loop.key.proof 
93250      DEBUG main            d.u.i.k.p.i.AbstractProblemLoader Environment load took 107.4ns 
93251      INFO  main            d.u.i.k.p.i.AbstractProblemLoader Creating init config 
95837      DEBUG main            d.u.i.k.p.i.AbstractProblemLoader Init config took 2.59s 
95870      INFO  main            d.u.i.k.p.i.AbstractProblemLoader Replaying proof LoopContractExamplesAll[LoopContractExamplesAll::sum_loopContract_onBlock([I)].JML normal_behavior loop contract.0 
96108      DEBUG main            d.u.i.k.p.i.IntermediateProofReplayer Proof replay took 231.71ms 
96109      DEBUG main            d.u.i.k.p.r.p.TestFile    ... success: reloaded. 
96110      INFO  main            d.u.i.k.p.r.p.TestFile    Now processing file /home/runner/work/key/key/key.core/../key.ui/examples/heap/block_loop_contracts/SimpleVariants/sum_onLoop_external.key 
96111      INFO  main            d.u.i.k.p.i.AbstractProblemLoader Loading environment from /home/runner/work/key/key/key.core/../key.ui/examples/heap/block_loop_contracts/SimpleVariants/sum_onLoop_external.key 
96111      DEBUG main            d.u.i.k.p.i.AbstractProblemLoader Environment load took 212ns 
96112      INFO  main            d.u.i.k.p.i.AbstractProblemLoader Creating init config 
98832      DEBUG main            d.u.i.k.p.i.AbstractProblemLoader Init config took 2.72s 
98864      INFO  main            d.u.i.k.p.i.AbstractProblemLoader Replaying proof LoopContractExamplesAll[LoopContractExamplesAll::sum_loopContract_onLoop([I)].JML normal_behavior operation contract.0 
98866      DEBUG main            d.u.i.k.p.i.IntermediateProofReplayer Proof replay took 11.8ns 
98968      INFO  main            d.u.i.k.p.r.p.TestFile    ... finished proof: closed. 
99213      INFO  main            d.u.i.k.p.i.AbstractProblemLoader Loading environment from /home/runner/work/key/key/key.core/../key.ui/examples/heap/block_loop_contracts/SimpleVariants/sum_onLoop_external.key.proof 
99213      DEBUG main            d.u.i.k.p.i.AbstractProblemLoader Environment load took 106.1ns 
99214      INFO  main            d.u.i.k.p.i.AbstractProblemLoader Creating init config 
101827     DEBUG main            d.u.i.k.p.i.AbstractProblemLoader Init config took 2.61s 
101859     INFO  main            d.u.i.k.p.i.AbstractProblemLoader Replaying proof LoopContractExamplesAll[LoopContractExamplesAll::sum_loopContract_onLoop([I)].JML normal_behavior operation contract.0 
101885     DEBUG main            d.u.i.k.p.i.IntermediateProofReplayer Proof replay took 24.59ms 
101888     DEBUG main            d.u.i.k.p.r.p.TestFile    ... success: reloaded. 
101889     INFO  main            d.u.i.k.p.r.p.TestFile    Now processing file /home/runner/work/key/key/key.core/../key.ui/examples/heap/block_loop_contracts/SimpleVariants/sum_onLoop_internal.key 
101890     INFO  main            d.u.i.k.p.i.AbstractProblemLoader Loading environment from /home/runner/work/key/key/key.core/../key.ui/examples/heap/block_loop_contracts/SimpleVariants/sum_onLoop_internal.key 
101890     DEBUG main            d.u.i.k.p.i.AbstractProblemLoader Environment load took 216.3ns 
101891     INFO  main            d.u.i.k.p.i.AbstractProblemLoader Creating init config 
104584     DEBUG main            d.u.i.k.p.i.AbstractProblemLoader Init config took 2.69s 
104620     INFO  main            d.u.i.k.p.i.AbstractProblemLoader Replaying proof LoopContractExamplesAll[LoopContractExamplesAll::sum_loopContract_onLoop([I)].JML normal_behavior operation contract.0 
104623     DEBUG main            d.u.i.k.p.i.IntermediateProofReplayer Proof replay took 18.6ns 
105226     INFO  main            d.u.i.k.p.r.p.TestFile    ... finished proof: closed. 
105449     INFO  main            d.u.i.k.p.i.AbstractProblemLoader Loading environment from /home/runner/work/key/key/key.core/../key.ui/examples/heap/block_loop_contracts/SimpleVariants/sum_onLoop_internal.key.proof 
105449     DEBUG main            d.u.i.k.p.i.AbstractProblemLoader Environment load took 106ns 
105450     INFO  main            d.u.i.k.p.i.AbstractProblemLoader Creating init config 
108046     DEBUG main            d.u.i.k.p.i.AbstractProblemLoader Init config took 2.6s 
108089     INFO  main            d.u.i.k.p.i.AbstractProblemLoader Replaying proof LoopContractExamplesAll[LoopContractExamplesAll::sum_loopContract_onLoop([I)].JML normal_behavior operation contract.0 
108309     DEBUG main            d.u.i.k.p.i.IntermediateProofReplayer Proof replay took 213.46ms 
108313     DEBUG main            d.u.i.k.p.r.p.TestFile    ... success: reloaded. 
108316     INFO  main            d.u.i.k.p.r.p.TestFile    Now processing file /home/runner/work/key/key/key.core/../key.ui/examples/heap/block_loop_contracts/SimpleVariants/sum_onLoop_loop.key 
108317     INFO  main            d.u.i.k.p.i.AbstractProblemLoader Loading environment from /home/runner/work/key/key/key.core/../key.ui/examples/heap/block_loop_contracts/SimpleVariants/sum_onLoop_loop.key 
108317     DEBUG main            d.u.i.k.p.i.AbstractProblemLoader Environment load took 217.9ns 
108318     INFO  main            d.u.i.k.p.i.AbstractProblemLoader Creating init config 
111023     DEBUG main            d.u.i.k.p.i.AbstractProblemLoader Init config took 2.7s 
111056     INFO  main            d.u.i.k.p.i.AbstractProblemLoader Replaying proof LoopContractExamplesAll[LoopContractExamplesAll::sum_loopContract_onLoop([I)].JML normal_behavior loop contract.0 
111058     DEBUG main            d.u.i.k.p.i.IntermediateProofReplayer Proof replay took 11.9ns 
111761     INFO  main            d.u.i.k.p.r.p.TestFile    ... finished proof: closed. 
112096     INFO  main            d.u.i.k.p.i.AbstractProblemLoader Loading environment from /home/runner/work/key/key/key.core/../key.ui/examples/heap/block_loop_contracts/SimpleVariants/sum_onLoop_loop.key.proof 
112096     DEBUG main            d.u.i.k.p.i.AbstractProblemLoader Environment load took 131.5ns 
112097     INFO  main            d.u.i.k.p.i.AbstractProblemLoader Creating init config 
114682     DEBUG main            d.u.i.k.p.i.AbstractProblemLoader Init config took 2.59s 
114727     INFO  main            d.u.i.k.p.i.AbstractProblemLoader Replaying proof LoopContractExamplesAll[LoopContractExamplesAll::sum_loopContract_onLoop([I)].JML normal_behavior loop contract.0 
114939     DEBUG main            d.u.i.k.p.i.IntermediateProofReplayer Proof replay took 207.25ms 
114940     DEBUG main            d.u.i.k.p.r.p.TestFile    ... success: reloaded. 
114940     INFO  main            d.u.i.k.p.r.p.TestFile    Now processing file /home/runner/work/key/key/key.core/../key.ui/examples/heap/block_loop_contracts/Free/blockContracts0.key 
114941     INFO  main            d.u.i.k.p.i.AbstractProblemLoader Loading environment from /home/runner/work/key/key/key.core/../key.ui/examples/heap/block_loop_contracts/Free/blockContracts0.key 
114941     DEBUG main            d.u.i.k.p.i.AbstractProblemLoader Environment load took 85.6ns 
114942     INFO  main            d.u.i.k.p.i.AbstractProblemLoader Creating init config 
117294     DEBUG main            d.u.i.k.p.i.AbstractProblemLoader Init config took 2.35s 
117326     INFO  main            d.u.i.k.p.i.AbstractProblemLoader Replaying proof FreeConditions[FreeConditions::blockContract0()].JML normal_behavior operation contract.0 
117327     DEBUG main            d.u.i.k.p.i.IntermediateProofReplayer Proof replay took 10.8ns 
117429     INFO  main            d.u.i.k.p.r.p.TestFile    ... finished proof: closed. 
117694     INFO  main            d.u.i.k.p.i.AbstractProblemLoader Loading environment from /home/runner/work/key/key/key.core/../key.ui/examples/heap/block_loop_contracts/Free/blockContracts0.key.proof 
117694     DEBUG main            d.u.i.k.p.i.AbstractProblemLoader Environment load took 97.7ns 
117694     INFO  main            d.u.i.k.p.i.AbstractProblemLoader Creating init config 
119960     DEBUG main            d.u.i.k.p.i.AbstractProblemLoader Init config took 2.27s 
119992     INFO  main            d.u.i.k.p.i.AbstractProblemLoader Replaying proof FreeConditions[FreeConditions::blockContract0()].JML normal_behavior operation contract.0 
120011     DEBUG main            d.u.i.k.p.i.IntermediateProofReplayer Proof replay took 16.74ms 
120012     DEBUG main            d.u.i.k.p.r.p.TestFile    ... success: reloaded. 
120013     INFO  main            d.u.i.k.p.r.p.TestFile    Now processing file /home/runner/work/key/key/key.core/../key.ui/examples/heap/block_loop_contracts/Free/blockContracts1.key 
120013     INFO  main            d.u.i.k.p.i.AbstractProblemLoader Loading environment from /home/runner/work/key/key/key.core/../key.ui/examples/heap/block_loop_contracts/Free/blockContracts1.key 
120013     DEBUG main            d.u.i.k.p.i.AbstractProblemLoader Environment load took 228.8ns 
120014     INFO  main            d.u.i.k.p.i.AbstractProblemLoader Creating init config 
122338     DEBUG main            d.u.i.k.p.i.AbstractProblemLoader Init config took 2.32s 
122384     INFO  main            d.u.i.k.p.i.AbstractProblemLoader Replaying proof FreeConditions[FreeConditions::blockContract1()].JML normal_behavior operation contract.0 
122386     DEBUG main            d.u.i.k.p.i.IntermediateProofReplayer Proof replay took 11.7ns 
122487     INFO  main            d.u.i.k.p.r.p.TestFile    ... finished proof: closed. 
122722     INFO  main            d.u.i.k.p.i.AbstractProblemLoader Loading environment from /home/runner/work/key/key/key.core/../key.ui/examples/heap/block_loop_contracts/Free/blockContracts1.key.proof 
122722     DEBUG main            d.u.i.k.p.i.AbstractProblemLoader Environment load took 98.2ns 
122723     INFO  main            d.u.i.k.p.i.AbstractProblemLoader Creating init config 
124984     DEBUG main            d.u.i.k.p.i.AbstractProblemLoader Init config took 2.26s 
125015     INFO  main            d.u.i.k.p.i.AbstractProblemLoader Replaying proof FreeConditions[FreeConditions::blockContract1()].JML normal_behavior operation contract.0 
125031     DEBUG main            d.u.i.k.p.i.IntermediateProofReplayer Proof replay took 13.67ms 
125032     DEBUG main            d.u.i.k.p.r.p.TestFile    ... success: reloaded. 
125033     INFO  main            d.u.i.k.p.r.p.TestFile    Now processing file /home/runner/work/key/key/key.core/../key.ui/examples/heap/block_loop_contracts/Finally/block_finally.key 
125033     INFO  main            d.u.i.k.p.i.AbstractProblemLoader Loading environment from /home/runner/work/key/key/key.core/../key.ui/examples/heap/block_loop_contracts/Finally/block_finally.key 
125033     DEBUG main            d.u.i.k.p.i.AbstractProblemLoader Environment load took 205.6ns 
125034     INFO  main            d.u.i.k.p.i.AbstractProblemLoader Creating init config 
127372     DEBUG main            d.u.i.k.p.i.AbstractProblemLoader Init config took 2.34s 
127404     INFO  main            d.u.i.k.p.i.AbstractProblemLoader Replaying proof AuxiliaryContractsFinally[AuxiliaryContractsFinally::breakThrowContinueBlockContract(java.lang.Exception)].JML block contract.0 
127406     DEBUG main            d.u.i.k.p.i.IntermediateProofReplayer Proof replay took 10.8ns 
127909     INFO  main            d.u.i.k.p.r.p.TestFile    ... finished proof: open goal(s) 
128206     INFO  main            d.u.i.k.p.r.p.TestFile    Now processing file /home/runner/work/key/key/key.core/../key.ui/examples/heap/block_loop_contracts/Finally/loop_finally.key 
128206     INFO  main            d.u.i.k.p.i.AbstractProblemLoader Loading environment from /home/runner/work/key/key/key.core/../key.ui/examples/heap/block_loop_contracts/Finally/loop_finally.key 
128206     DEBUG main            d.u.i.k.p.i.AbstractProblemLoader Environment load took 56.6ns 
128208     INFO  main            d.u.i.k.p.i.AbstractProblemLoader Creating init config 
130483     DEBUG main            d.u.i.k.p.i.AbstractProblemLoader Init config took 2.28s 
130517     INFO  main            d.u.i.k.p.i.AbstractProblemLoader Replaying proof AuxiliaryContractsFinally[AuxiliaryContractsFinally::breakThrowContinueLoopContract(java.lang.Exception)].JML normal_behavior loop contract.0 
130519     DEBUG main            d.u.i.k.p.i.IntermediateProofReplayer Proof replay took 10.5ns 
131135     INFO  main            d.u.i.k.p.r.p.TestFile    ... finished proof: open goal(s) 
606457     INFO  Test worker     d.u.i.k.p.r.RunAllProofsTestUnit Returning from test blockContracts 
606459     INFO  Test worker     d.u.i.k.p.r.RunAllProofsTestUnit Running test jmlAsserts 
320        INFO  Timeout watchdog d.u.i.k.p.r.p.ForkedTestFileRunner Timeout watcher launched (2000 secs.) 
331        WARN  main            d.u.i.k.s.ProofSettings   The settings in /home/runner/.key/proof-settings.props are *not* read. 
365        INFO  main            d.u.i.k.p.r.p.TestFile    Now processing file /home/runner/work/key/key/key.core/../key.ui/examples/standard_key/java_dl/jml-assert/assert.key 
531        INFO  main            d.u.i.k.p.i.AbstractProblemLoader Loading environment from /home/runner/work/key/key/key.core/../key.ui/examples/standard_key/java_dl/jml-assert/assert.key 
547        DEBUG main            d.u.i.k.p.i.AbstractProblemLoader Environment load took 1.79ms 
752        INFO  main            d.u.i.k.p.i.AbstractProblemLoader Creating init config 
1763       DEBUG main            d.u.i.k.j.TypeConverter   No LDT found for Meta 
1764       DEBUG main            d.u.i.k.j.TypeConverter   No LDT found for Meta 
1767       DEBUG main            d.u.i.k.j.TypeConverter   No LDT found for Meta 
1767       DEBUG main            d.u.i.k.j.TypeConverter   No LDT found for Meta 
3327       DEBUG main            d.u.i.k.j.TypeConverter   No LDT found for JavaBigintExpression 
7872       DEBUG main            d.u.i.k.p.i.AbstractProblemLoader Init config took 7.12s 
7992       INFO  main            d.u.i.k.p.i.AbstractProblemLoader Replaying proof Assert[Assert::createArray(int)].JML normal_behavior operation contract.0 
8031       DEBUG main            d.u.i.k.p.i.IntermediateProofReplayer Proof replay took 29.9ns 
8895       INFO  main            d.u.i.k.p.r.p.TestFile    ... finished proof: closed. 
9008       INFO  main            d.u.i.k.p.i.AbstractProblemLoader Loading environment from /home/runner/work/key/key/key.core/../key.ui/examples/standard_key/java_dl/jml-assert/assert.key.proof 
9008       DEBUG main            d.u.i.k.p.i.AbstractProblemLoader Environment load took 137.7ns 
9012       INFO  main            d.u.i.k.p.i.AbstractProblemLoader Creating init config 
11704      DEBUG main            d.u.i.k.p.i.AbstractProblemLoader Init config took 2.69s 
11797      INFO  main            d.u.i.k.p.i.AbstractProblemLoader Replaying proof Assert[Assert::createArray(int)].JML normal_behavior operation contract.0 
11957      DEBUG main            d.u.i.k.p.i.IntermediateProofReplayer Proof replay took 146.63ms 
11965      DEBUG main            d.u.i.k.p.r.p.TestFile    ... success: reloaded. 
11968      INFO  main            d.u.i.k.p.r.p.TestFile    Now processing file /home/runner/work/key/key/key.core/../key.ui/examples/heap/block_loop_contracts/Free/assertions0.key 
11969      INFO  main            d.u.i.k.p.i.AbstractProblemLoader Loading environment from /home/runner/work/key/key/key.core/../key.ui/examples/heap/block_loop_contracts/Free/assertions0.key 
11969      DEBUG main            d.u.i.k.p.i.AbstractProblemLoader Environment load took 273.2ns 
11974      INFO  main            d.u.i.k.p.i.AbstractProblemLoader Creating init config 
14554      DEBUG main            d.u.i.k.p.i.AbstractProblemLoader Init config took 2.58s 
14609      INFO  main            d.u.i.k.p.i.AbstractProblemLoader Replaying proof FreeConditions[FreeConditions::assertions0()].JML normal_behavior operation contract.0 
14617      DEBUG main            d.u.i.k.p.i.IntermediateProofReplayer Proof replay took 15.2ns 
14820      INFO  main            d.u.i.k.p.r.p.TestFile    ... finished proof: closed. 
14995      INFO  main            d.u.i.k.p.i.AbstractProblemLoader Loading environment from /home/runner/work/key/key/key.core/../key.ui/examples/heap/block_loop_contracts/Free/assertions0.key.proof 
14995      DEBUG main            d.u.i.k.p.i.AbstractProblemLoader Environment load took 115ns 
14996      INFO  main            d.u.i.k.p.i.AbstractProblemLoader Creating init config 
17405      DEBUG main            d.u.i.k.p.i.AbstractProblemLoader Init config took 2.41s 
17451      INFO  main            d.u.i.k.p.i.AbstractProblemLoader Replaying proof FreeConditions[FreeConditions::assertions0()].JML normal_behavior operation contract.0 
17474      DEBUG main            d.u.i.k.p.i.IntermediateProofReplayer Proof replay took 20.39ms 
17475      DEBUG main            d.u.i.k.p.r.p.TestFile    ... success: reloaded. 
17476      INFO  main            d.u.i.k.p.r.p.TestFile    Now processing file /home/runner/work/key/key/key.core/../key.ui/examples/heap/block_loop_contracts/Free/assertions1.key 
17476      INFO  main            d.u.i.k.p.i.AbstractProblemLoader Loading environment from /home/runner/work/key/key/key.core/../key.ui/examples/heap/block_loop_contracts/Free/assertions1.key 
17477      DEBUG main            d.u.i.k.p.i.AbstractProblemLoader Environment load took 352.3ns 
17478      INFO  main            d.u.i.k.p.i.AbstractProblemLoader Creating init config 
19849      DEBUG main            d.u.i.k.p.i.AbstractProblemLoader Init config took 2.37s 
19892      INFO  main            d.u.i.k.p.i.AbstractProblemLoader Replaying proof FreeConditions[FreeConditions::assertions1()].JML normal_behavior operation contract.0 
19894      DEBUG main            d.u.i.k.p.i.IntermediateProofReplayer Proof replay took 13ns 
19998      INFO  main            d.u.i.k.p.r.p.TestFile    ... finished proof: closed. 
20132      INFO  main            d.u.i.k.p.i.AbstractProblemLoader Loading environment from /home/runner/work/key/key/key.core/../key.ui/examples/heap/block_loop_contracts/Free/assertions1.key.proof 
20133      DEBUG main            d.u.i.k.p.i.AbstractProblemLoader Environment load took 115.6ns 
20134      INFO  main            d.u.i.k.p.i.AbstractProblemLoader Creating init config 
22454      DEBUG main            d.u.i.k.p.i.AbstractProblemLoader Init config took 2.32s 
22496      INFO  main            d.u.i.k.p.i.AbstractProblemLoader Replaying proof FreeConditions[FreeConditions::assertions1()].JML normal_behavior operation contract.0 
22503      DEBUG main            d.u.i.k.p.i.IntermediateProofReplayer Proof replay took 5.25ms 
22504      DEBUG main            d.u.i.k.p.r.p.TestFile    ... success: reloaded. 
22505      INFO  main            d.u.i.k.p.r.p.TestFile    Now processing file /home/runner/work/key/key/key.core/../key.ui/examples/standard_key/java_dl/jml-assert/recursion-assert.key 
22505      INFO  main            d.u.i.k.p.i.AbstractProblemLoader Loading environment from /home/runner/work/key/key/key.core/../key.ui/examples/standard_key/java_dl/jml-assert/recursion-assert.key 
22505      DEBUG main            d.u.i.k.p.i.AbstractProblemLoader Environment load took 95.5ns 
22506      INFO  main            d.u.i.k.p.i.AbstractProblemLoader Creating init config 
24998      DEBUG main            d.u.i.k.p.i.AbstractProblemLoader Init config took 2.49s 
25042      INFO  main            d.u.i.k.p.i.AbstractProblemLoader Replaying proof RecursiveMethod[RecursiveMethod::fac1(int)].JML normal_behavior operation contract.0 
25044      DEBUG main            d.u.i.k.p.i.IntermediateProofReplayer Proof replay took 5.4ns 
25247      INFO  main            d.u.i.k.p.r.p.TestFile    ... finished proof: closed. 
25411      INFO  main            d.u.i.k.p.i.AbstractProblemLoader Loading environment from /home/runner/work/key/key/key.core/../key.ui/examples/standard_key/java_dl/jml-assert/recursion-assert.key.proof 
25411      DEBUG main            d.u.i.k.p.i.AbstractProblemLoader Environment load took 107.3ns 
25412      INFO  main            d.u.i.k.p.i.AbstractProblemLoader Creating init config 
27917      DEBUG main            d.u.i.k.p.i.AbstractProblemLoader Init config took 2.51s 
27968      INFO  main            d.u.i.k.p.i.AbstractProblemLoader Replaying proof RecursiveMethod[RecursiveMethod::fac1(int)].JML normal_behavior operation contract.0 
28014      DEBUG main            d.u.i.k.p.i.IntermediateProofReplayer Proof replay took 43.48ms 
28016      DEBUG main            d.u.i.k.p.r.p.TestFile    ... success: reloaded. 
28017      INFO  main            d.u.i.k.p.r.p.TestFile    Now processing file /home/runner/work/key/key/key.core/../key.ui/examples/standard_key/java_dl/jml-assert/recursion-assume.key 
28017      INFO  main            d.u.i.k.p.i.AbstractProblemLoader Loading environment from /home/runner/work/key/key/key.core/../key.ui/examples/standard_key/java_dl/jml-assert/recursion-assume.key 
28017      DEBUG main            d.u.i.k.p.i.AbstractProblemLoader Environment load took 105.6ns 
28018      INFO  main            d.u.i.k.p.i.AbstractProblemLoader Creating init config 
30502      DEBUG main            d.u.i.k.p.i.AbstractProblemLoader Init config took 2.48s 
30545      INFO  main            d.u.i.k.p.i.AbstractProblemLoader Replaying proof RecursiveMethod[RecursiveMethod::fac2(int)].JML normal_behavior operation contract.0 
30546      DEBUG main            d.u.i.k.p.i.IntermediateProofReplayer Proof replay took 6.6ns 
30750      INFO  main            d.u.i.k.p.r.p.TestFile    ... finished proof: closed. 
30920      INFO  main            d.u.i.k.p.i.AbstractProblemLoader Loading environment from /home/runner/work/key/key/key.core/../key.ui/examples/standard_key/java_dl/jml-assert/recursion-assume.key.proof 
30920      DEBUG main            d.u.i.k.p.i.AbstractProblemLoader Environment load took 113.6ns 
30921      INFO  main            d.u.i.k.p.i.AbstractProblemLoader Creating init config 
33298      DEBUG main            d.u.i.k.p.i.AbstractProblemLoader Init config took 2.38s 
33338      INFO  main            d.u.i.k.p.i.AbstractProblemLoader Replaying proof RecursiveMethod[RecursiveMethod::fac2(int)].JML normal_behavior operation contract.0 
33374      DEBUG main            d.u.i.k.p.i.IntermediateProofReplayer Proof replay took 33.49ms 
33375      DEBUG main            d.u.i.k.p.r.p.TestFile    ... success: reloaded. 
33376      INFO  main            d.u.i.k.p.r.p.TestFile    Now processing file /home/runner/work/key/key/key.core/../key.ui/examples/standard_key/java_dl/jml-assert/quantor-assert.key 
33377      INFO  main            d.u.i.k.p.i.AbstractProblemLoader Loading environment from /home/runner/work/key/key/key.core/../key.ui/examples/standard_key/java_dl/jml-assert/quantor-assert.key 
33377      DEBUG main            d.u.i.k.p.i.AbstractProblemLoader Environment load took 208.2ns 
33378      INFO  main            d.u.i.k.p.i.AbstractProblemLoader Creating init config 
35845      DEBUG main            d.u.i.k.p.i.AbstractProblemLoader Init config took 2.47s 
35907      INFO  main            d.u.i.k.p.i.AbstractProblemLoader Replaying proof Quantor[Quantor::square1(int)].JML normal_behavior operation contract.0 
35909      DEBUG main            d.u.i.k.p.i.IntermediateProofReplayer Proof replay took 6.6ns 
36114      INFO  main            d.u.i.k.p.r.p.TestFile    ... finished proof: closed. 
36278      INFO  main            d.u.i.k.p.i.AbstractProblemLoader Loading environment from /home/runner/work/key/key/key.core/../key.ui/examples/standard_key/java_dl/jml-assert/quantor-assert.key.proof 
36279      DEBUG main            d.u.i.k.p.i.AbstractProblemLoader Environment load took 113.2ns 
36279      INFO  main            d.u.i.k.p.i.AbstractProblemLoader Creating init config 
38667      DEBUG main            d.u.i.k.p.i.AbstractProblemLoader Init config took 2.39s 
38706      INFO  main            d.u.i.k.p.i.AbstractProblemLoader Replaying proof Quantor[Quantor::square1(int)].JML normal_behavior operation contract.0 
38723      DEBUG main            d.u.i.k.p.i.IntermediateProofReplayer Proof replay took 14.9ms 
38724      DEBUG main            d.u.i.k.p.r.p.TestFile    ... success: reloaded. 
38725      INFO  main            d.u.i.k.p.r.p.TestFile    Now processing file /home/runner/work/key/key/key.core/../key.ui/examples/standard_key/java_dl/jml-assert/quantor-assume.key 
38725      INFO  main            d.u.i.k.p.i.AbstractProblemLoader Loading environment from /home/runner/work/key/key/key.core/../key.ui/examples/standard_key/java_dl/jml-assert/quantor-assume.key 
38726      DEBUG main            d.u.i.k.p.i.AbstractProblemLoader Environment load took 94.2ns 
38726      INFO  main            d.u.i.k.p.i.AbstractProblemLoader Creating init config 
41127      DEBUG main            d.u.i.k.p.i.AbstractProblemLoader Init config took 2.4s 
41167      INFO  main            d.u.i.k.p.i.AbstractProblemLoader Replaying proof Quantor[Quantor::square2(int)].JML normal_behavior operation contract.0 
41169      DEBUG main            d.u.i.k.p.i.IntermediateProofReplayer Proof replay took 5.9ns 
41270      INFO  main            d.u.i.k.p.r.p.TestFile    ... finished proof: closed. 
41453      INFO  main            d.u.i.k.p.i.AbstractProblemLoader Loading environment from /home/runner/work/key/key/key.core/../key.ui/examples/standard_key/java_dl/jml-assert/quantor-assume.key.proof 
41453      DEBUG main            d.u.i.k.p.i.AbstractProblemLoader Environment load took 131.4ns 
41454      INFO  main            d.u.i.k.p.i.AbstractProblemLoader Creating init config 
43832      DEBUG main            d.u.i.k.p.i.AbstractProblemLoader Init config took 2.38s 
43870      INFO  main            d.u.i.k.p.i.AbstractProblemLoader Replaying proof Quantor[Quantor::square2(int)].JML normal_behavior operation contract.0 
43886      DEBUG main            d.u.i.k.p.i.IntermediateProofReplayer Proof replay took 13.43ms 
43887      DEBUG main            d.u.i.k.p.r.p.TestFile    ... success: reloaded. 
43888      INFO  main            d.u.i.k.p.r.p.TestFile    Now processing file /home/runner/work/key/key/key.core/../key.ui/examples/standard_key/java_dl/jml-assert/model-methods-static-static.key 
43888      INFO  main            d.u.i.k.p.i.AbstractProblemLoader Loading environment from /home/runner/work/key/key/key.core/../key.ui/examples/standard_key/java_dl/jml-assert/model-methods-static-static.key 
43888      DEBUG main            d.u.i.k.p.i.AbstractProblemLoader Environment load took 214.5ns 
43889      INFO  main            d.u.i.k.p.i.AbstractProblemLoader Creating init config 
46301      DEBUG main            d.u.i.k.p.i.AbstractProblemLoader Init config took 2.41s 
46372      INFO  main            d.u.i.k.p.i.AbstractProblemLoader Replaying proof ModelMethods[ModelMethods::test1()].JML normal_behavior operation contract.0 
46374      DEBUG main            d.u.i.k.p.i.IntermediateProofReplayer Proof replay took 6ns 
46478      INFO  main            d.u.i.k.p.r.p.TestFile    ... finished proof: closed. 
46660      INFO  main            d.u.i.k.p.i.AbstractProblemLoader Loading environment from /home/runner/work/key/key/key.core/../key.ui/examples/standard_key/java_dl/jml-assert/model-methods-static-static.key.proof 
46660      DEBUG main            d.u.i.k.p.i.AbstractProblemLoader Environment load took 110.1ns 
46662      INFO  main            d.u.i.k.p.i.AbstractProblemLoader Creating init config 
49024      DEBUG main            d.u.i.k.p.i.AbstractProblemLoader Init config took 2.36s 
49061      INFO  main            d.u.i.k.p.i.AbstractProblemLoader Replaying proof ModelMethods[ModelMethods::test1()].JML normal_behavior operation contract.0 
49069      DEBUG main            d.u.i.k.p.i.IntermediateProofReplayer Proof replay took 6.33ms 
49070      DEBUG main            d.u.i.k.p.r.p.TestFile    ... success: reloaded. 
49071      INFO  main            d.u.i.k.p.r.p.TestFile    Now processing file /home/runner/work/key/key/key.core/../key.ui/examples/standard_key/java_dl/jml-assert/model-methods-instance-static.key 
49071      INFO  main            d.u.i.k.p.i.AbstractProblemLoader Loading environment from /home/runner/work/key/key/key.core/../key.ui/examples/standard_key/java_dl/jml-assert/model-methods-instance-static.key 
49071      DEBUG main            d.u.i.k.p.i.AbstractProblemLoader Environment load took 81.3ns 
49072      INFO  main            d.u.i.k.p.i.AbstractProblemLoader Creating init config 
51503      DEBUG main            d.u.i.k.p.i.AbstractProblemLoader Init config took 2.43s 
51540      INFO  main            d.u.i.k.p.i.AbstractProblemLoader Replaying proof ModelMethods[ModelMethods::test2()].JML normal_behavior operation contract.0 
51541      DEBUG main            d.u.i.k.p.i.IntermediateProofReplayer Proof replay took 6ns 
51643      INFO  main            d.u.i.k.p.r.p.TestFile    ... finished proof: closed. 
51830      INFO  main            d.u.i.k.p.i.AbstractProblemLoader Loading environment from /home/runner/work/key/key/key.core/../key.ui/examples/standard_key/java_dl/jml-assert/model-methods-instance-static.key.proof 
51830      DEBUG main            d.u.i.k.p.i.AbstractProblemLoader Environment load took 154.8ns 
51831      INFO  main            d.u.i.k.p.i.AbstractProblemLoader Creating init config 
54169      DEBUG main            d.u.i.k.p.i.AbstractProblemLoader Init config took 2.34s 
54206      INFO  main            d.u.i.k.p.i.AbstractProblemLoader Replaying proof ModelMethods[ModelMethods::test2()].JML normal_behavior operation contract.0 
54217      DEBUG main            d.u.i.k.p.i.IntermediateProofReplayer Proof replay took 8.34ms 
54218      DEBUG main            d.u.i.k.p.r.p.TestFile    ... success: reloaded. 
54219      INFO  main            d.u.i.k.p.r.p.TestFile    Now processing file /home/runner/work/key/key/key.core/../key.ui/examples/standard_key/java_dl/jml-assert/model-methods-instance-instance.key 
54219      INFO  main            d.u.i.k.p.i.AbstractProblemLoader Loading environment from /home/runner/work/key/key/key.core/../key.ui/examples/standard_key/java_dl/jml-assert/model-methods-instance-instance.key 
54219      DEBUG main            d.u.i.k.p.i.AbstractProblemLoader Environment load took 281.5ns 
54220      INFO  main            d.u.i.k.p.i.AbstractProblemLoader Creating init config 
56633      DEBUG main            d.u.i.k.p.i.AbstractProblemLoader Init config took 2.41s 
56670      INFO  main            d.u.i.k.p.i.AbstractProblemLoader Replaying proof ModelMethods[ModelMethods::test3()].JML normal_behavior operation contract.0 
56672      DEBUG main            d.u.i.k.p.i.IntermediateProofReplayer Proof replay took 5.8ns 
56774      INFO  main            d.u.i.k.p.r.p.TestFile    ... finished proof: closed. 
56956      INFO  main            d.u.i.k.p.i.AbstractProblemLoader Loading environment from /home/runner/work/key/key/key.core/../key.ui/examples/standard_key/java_dl/jml-assert/model-methods-instance-instance.key.proof 
56956      DEBUG main            d.u.i.k.p.i.AbstractProblemLoader Environment load took 109ns 
56957      INFO  main            d.u.i.k.p.i.AbstractProblemLoader Creating init config 
59310      DEBUG main            d.u.i.k.p.i.AbstractProblemLoader Init config took 2.35s 
59349      INFO  main            d.u.i.k.p.i.AbstractProblemLoader Replaying proof ModelMethods[ModelMethods::test3()].JML normal_behavior operation contract.0 
59363      DEBUG main            d.u.i.k.p.i.IntermediateProofReplayer Proof replay took 11.63ms 
59364      DEBUG main            d.u.i.k.p.r.p.TestFile    ... success: reloaded. 
59365      INFO  main            d.u.i.k.p.r.p.TestFile    Now processing file /home/runner/work/key/key/key.core/../key.ui/examples/standard_key/java_dl/jml-assert/model-methods-static-instance.key 
59365      INFO  main            d.u.i.k.p.i.AbstractProblemLoader Loading environment from /home/runner/work/key/key/key.core/../key.ui/examples/standard_key/java_dl/jml-assert/model-methods-static-instance.key 
59365      DEBUG main            d.u.i.k.p.i.AbstractProblemLoader Environment load took 105.2ns 
59366      INFO  main            d.u.i.k.p.i.AbstractProblemLoader Creating init config 
61738      DEBUG main            d.u.i.k.p.i.AbstractProblemLoader Init config took 2.37s 
61773      INFO  main            d.u.i.k.p.i.AbstractProblemLoader Replaying proof ModelMethods[ModelMethods::test4()].JML normal_behavior operation contract.0 
61774      DEBUG main            d.u.i.k.p.i.IntermediateProofReplayer Proof replay took 6ns 
61876      INFO  main            d.u.i.k.p.r.p.TestFile    ... finished proof: closed. 
62059      INFO  main            d.u.i.k.p.i.AbstractProblemLoader Loading environment from /home/runner/work/key/key/key.core/../key.ui/examples/standard_key/java_dl/jml-assert/model-methods-static-instance.key.proof 
62060      DEBUG main            d.u.i.k.p.i.AbstractProblemLoader Environment load took 123.4ns 
62061      INFO  main            d.u.i.k.p.i.AbstractProblemLoader Creating init config 
64428      DEBUG main            d.u.i.k.p.i.AbstractProblemLoader Init config took 2.37s 
64464      INFO  main            d.u.i.k.p.i.AbstractProblemLoader Replaying proof ModelMethods[ModelMethods::test4()].JML normal_behavior operation contract.0 
64494      DEBUG main            d.u.i.k.p.i.IntermediateProofReplayer Proof replay took 27.02ms 
64494      DEBUG main            d.u.i.k.p.r.p.TestFile    ... success: reloaded. 
64495      INFO  main            d.u.i.k.p.r.p.TestFile    Now processing file /home/runner/work/key/key/key.core/../key.ui/examples/standard_key/java_dl/jml-assert/assert-old/inc-field.key 
64496      INFO  main            d.u.i.k.p.i.AbstractProblemLoader Loading environment from /home/runner/work/key/key/key.core/../key.ui/examples/standard_key/java_dl/jml-assert/assert-old/inc-field.key 
64496      DEBUG main            d.u.i.k.p.i.AbstractProblemLoader Environment load took 92.9ns 
64496      INFO  main            d.u.i.k.p.i.AbstractProblemLoader Creating init config 
66769      DEBUG main            d.u.i.k.p.i.AbstractProblemLoader Init config took 2.27s 
66803      INFO  main            d.u.i.k.p.i.AbstractProblemLoader Replaying proof Inc[Inc::inc_field()].JML normal_behavior operation contract.0 
66804      DEBUG main            d.u.i.k.p.i.IntermediateProofReplayer Proof replay took 5.8ns 
66906      INFO  main            d.u.i.k.p.r.p.TestFile    ... finished proof: closed. 
67098      INFO  main            d.u.i.k.p.i.AbstractProblemLoader Loading environment from /home/runner/work/key/key/key.core/../key.ui/examples/standard_key/java_dl/jml-assert/assert-old/inc-field.key.proof 
67098      DEBUG main            d.u.i.k.p.i.AbstractProblemLoader Environment load took 113.8ns 
67099      INFO  main            d.u.i.k.p.i.AbstractProblemLoader Creating init config 
69345      DEBUG main            d.u.i.k.p.i.AbstractProblemLoader Init config took 2.25s 
69378      INFO  main            d.u.i.k.p.i.AbstractProblemLoader Replaying proof Inc[Inc::inc_field()].JML normal_behavior operation contract.0 
69407      DEBUG main            d.u.i.k.p.i.IntermediateProofReplayer Proof replay took 27.02ms 
69408      DEBUG main            d.u.i.k.p.r.p.TestFile    ... success: reloaded. 
69409      INFO  main            d.u.i.k.p.r.p.TestFile    Now processing file /home/runner/work/key/key/key.core/../key.ui/examples/standard_key/java_dl/jml-assert/assert-old/inc-parameter.key 
69409      INFO  main            d.u.i.k.p.i.AbstractProblemLoader Loading environment from /home/runner/work/key/key/key.core/../key.ui/examples/standard_key/java_dl/jml-assert/assert-old/inc-parameter.key 
69409      DEBUG main            d.u.i.k.p.i.AbstractProblemLoader Environment load took 210.7ns 
69410      INFO  main            d.u.i.k.p.i.AbstractProblemLoader Creating init config 
71768      DEBUG main            d.u.i.k.p.i.AbstractProblemLoader Init config took 2.36s 
71807      INFO  main            d.u.i.k.p.i.AbstractProblemLoader Replaying proof Inc[Inc::inc_parameter(int)].JML normal_behavior operation contract.0 
71809      DEBUG main            d.u.i.k.p.i.IntermediateProofReplayer Proof replay took 7.7ns 
71911      INFO  main            d.u.i.k.p.r.p.TestFile    ... finished proof: closed. 
72110      INFO  main            d.u.i.k.p.i.AbstractProblemLoader Loading environment from /home/runner/work/key/key/key.core/../key.ui/examples/standard_key/java_dl/jml-assert/assert-old/inc-parameter.key.proof 
72111      DEBUG main            d.u.i.k.p.i.AbstractProblemLoader Environment load took 108.1ns 
72111      INFO  main            d.u.i.k.p.i.AbstractProblemLoader Creating init config 
74351      DEBUG main            d.u.i.k.p.i.AbstractProblemLoader Init config took 2.24s 
74383      INFO  main            d.u.i.k.p.i.AbstractProblemLoader Replaying proof Inc[Inc::inc_parameter(int)].JML normal_behavior operation contract.0 
74398      DEBUG main            d.u.i.k.p.i.IntermediateProofReplayer Proof replay took 13.41ms 
74399      DEBUG main            d.u.i.k.p.r.p.TestFile    ... success: reloaded. 
74399      INFO  main            d.u.i.k.p.r.p.TestFile    Now processing file /home/runner/work/key/key/key.core/../key.ui/examples/standard_key/java_dl/jml-assert/assert-old/inc-parameter-field.key 
74399      INFO  main            d.u.i.k.p.i.AbstractProblemLoader Loading environment from /home/runner/work/key/key/key.core/../key.ui/examples/standard_key/java_dl/jml-assert/assert-old/inc-parameter-field.key 
74400      DEBUG main            d.u.i.k.p.i.AbstractProblemLoader Environment load took 86.7ns 
74400      INFO  main            d.u.i.k.p.i.AbstractProblemLoader Creating init config 
76712      DEBUG main            d.u.i.k.p.i.AbstractProblemLoader Init config took 2.31s 
76744      INFO  main            d.u.i.k.p.i.AbstractProblemLoader Replaying proof Inc[Inc::inc_parameter_field(Inc)].JML normal_behavior operation contract.0 
76745      DEBUG main            d.u.i.k.p.i.IntermediateProofReplayer Proof replay took 6.5ns 
76949      INFO  main            d.u.i.k.p.r.p.TestFile    ... finished proof: closed. 
77175      INFO  main            d.u.i.k.p.i.AbstractProblemLoader Loading environment from /home/runner/work/key/key/key.core/../key.ui/examples/standard_key/java_dl/jml-assert/assert-old/inc-parameter-field.key.proof 
77175      DEBUG main            d.u.i.k.p.i.AbstractProblemLoader Environment load took 105.8ns 
77176      INFO  main            d.u.i.k.p.i.AbstractProblemLoader Creating init config 
79396      DEBUG main            d.u.i.k.p.i.AbstractProblemLoader Init config took 2.22s 
79428      INFO  main            d.u.i.k.p.i.AbstractProblemLoader Replaying proof Inc[Inc::inc_parameter_field(Inc)].JML normal_behavior operation contract.0 
79461      DEBUG main            d.u.i.k.p.i.IntermediateProofReplayer Proof replay took 30.72ms 
79462      DEBUG main            d.u.i.k.p.r.p.TestFile    ... success: reloaded. 
79463      INFO  main            d.u.i.k.p.r.p.TestFile    Now processing file /home/runner/work/key/key/key.core/../key.ui/examples/standard_key/java_dl/jml-assert/assert-old/inc-ghost-field.key 
79463      INFO  main            d.u.i.k.p.i.AbstractProblemLoader Loading environment from /home/runner/work/key/key/key.core/../key.ui/examples/standard_key/java_dl/jml-assert/assert-old/inc-ghost-field.key 
79463      DEBUG main            d.u.i.k.p.i.AbstractProblemLoader Environment load took 72.9ns 
79464      INFO  main            d.u.i.k.p.i.AbstractProblemLoader Creating init config 
81816      DEBUG main            d.u.i.k.p.i.AbstractProblemLoader Init config took 2.35s 
81870      INFO  main            d.u.i.k.p.i.AbstractProblemLoader Replaying proof Inc[Inc::inc_ghost_field()].JML normal_behavior operation contract.0 
81871      DEBUG main            d.u.i.k.p.i.IntermediateProofReplayer Proof replay took 5.7ns 
81975      INFO  main            d.u.i.k.p.r.p.TestFile    ... finished proof: closed. 
82194      INFO  main            d.u.i.k.p.i.AbstractProblemLoader Loading environment from /home/runner/work/key/key/key.core/../key.ui/examples/standard_key/java_dl/jml-assert/assert-old/inc-ghost-field.key.proof 
82194      DEBUG main            d.u.i.k.p.i.AbstractProblemLoader Environment load took 109.9ns 
82195      INFO  main            d.u.i.k.p.i.AbstractProblemLoader Creating init config 
84412      DEBUG main            d.u.i.k.p.i.AbstractProblemLoader Init config took 2.22s 
84456      INFO  main            d.u.i.k.p.i.AbstractProblemLoader Replaying proof Inc[Inc::inc_ghost_field()].JML normal_behavior operation contract.0 
84515      DEBUG main            d.u.i.k.p.i.IntermediateProofReplayer Proof replay took 56.4ms 
84517      DEBUG main            d.u.i.k.p.r.p.TestFile    ... success: reloaded. 
691138     INFO  Test worker     d.u.i.k.p.r.RunAllProofsTestUnit Returning from test jmlAsserts 
691139     INFO  Test worker     d.u.i.k.p.r.RunAllProofsTestUnit Running test javaCard 
354        INFO  Timeout watchdog d.u.i.k.p.r.p.ForkedTestFileRunner Timeout watcher launched (2000 secs.) 
367        WARN  main            d.u.i.k.s.ProofSettings   The settings in /home/runner/.key/proof-settings.props are *not* read. 
397        INFO  main            d.u.i.k.p.r.p.TestFile    Now processing file /home/runner/work/key/key/key.core/../key.ui/examples/heap/javacard/updateBalance0.key 
532        INFO  main            d.u.i.k.p.i.AbstractProblemLoader Loading environment from /home/runner/work/key/key/key.core/../key.ui/examples/heap/javacard/updateBalance0.key 
561        DEBUG main            d.u.i.k.p.i.AbstractProblemLoader Environment load took 1.72ms 
802        INFO  main            d.u.i.k.p.i.AbstractProblemLoader Creating init config 
1780       DEBUG main            d.u.i.k.j.TypeConverter   No LDT found for Meta 
1781       DEBUG main            d.u.i.k.j.TypeConverter   No LDT found for Meta 
1784       DEBUG main            d.u.i.k.j.TypeConverter   No LDT found for Meta 
1784       DEBUG main            d.u.i.k.j.TypeConverter   No LDT found for Meta 
3098       DEBUG main            d.u.i.k.j.TypeConverter   No LDT found for JavaBigintExpression 
6832       DEBUG main            d.u.i.k.p.i.AbstractProblemLoader Init config took 6.03s 
6954       INFO  main            d.u.i.k.p.i.AbstractProblemLoader Replaying proof Examples[Examples::updateBalance(short)].JML normal_behavior operation contract.0 
6987       DEBUG main            d.u.i.k.p.i.IntermediateProofReplayer Proof replay took 30.8ns 
8433       INFO  main            d.u.i.k.p.r.p.TestFile    ... finished proof: closed. 
8563       INFO  main            d.u.i.k.p.i.AbstractProblemLoader Loading environment from /home/runner/work/key/key/key.core/../key.ui/examples/heap/javacard/updateBalance0.key.proof 
8563       DEBUG main            d.u.i.k.p.i.AbstractProblemLoader Environment load took 240.8ns 
8565       INFO  main            d.u.i.k.p.i.AbstractProblemLoader Creating init config 
10283      DEBUG main            d.u.i.k.p.i.AbstractProblemLoader Init config took 1.72s 
10383      INFO  main            d.u.i.k.p.i.AbstractProblemLoader Replaying proof Examples[Examples::updateBalance(short)].JML normal_behavior operation contract.0 
10653      DEBUG main            d.u.i.k.p.i.IntermediateProofReplayer Proof replay took 250.81ms 
10664      DEBUG main            d.u.i.k.p.r.p.TestFile    ... success: reloaded. 
10671      INFO  main            d.u.i.k.p.r.p.TestFile    Now processing file /home/runner/work/key/key/key.core/../key.ui/examples/heap/javacard/updateBalance1.key 
10672      INFO  main            d.u.i.k.p.i.AbstractProblemLoader Loading environment from /home/runner/work/key/key/key.core/../key.ui/examples/heap/javacard/updateBalance1.key 
10672      DEBUG main            d.u.i.k.p.i.AbstractProblemLoader Environment load took 175.7ns 
10674      INFO  main            d.u.i.k.p.i.AbstractProblemLoader Creating init config 
12364      DEBUG main            d.u.i.k.p.i.AbstractProblemLoader Init config took 1.69s 
12416      INFO  main            d.u.i.k.p.i.AbstractProblemLoader Replaying proof Examples[Examples::updateBalance(short)].JML normal_behavior operation contract.1 
12418      DEBUG main            d.u.i.k.p.i.IntermediateProofReplayer Proof replay took 5ns 
13022      INFO  main            d.u.i.k.p.r.p.TestFile    ... finished proof: closed. 
13144      INFO  main            d.u.i.k.p.i.AbstractProblemLoader Loading environment from /home/runner/work/key/key/key.core/../key.ui/examples/heap/javacard/updateBalance1.key.proof 
13144      DEBUG main            d.u.i.k.p.i.AbstractProblemLoader Environment load took 260.7ns 
13146      INFO  main            d.u.i.k.p.i.AbstractProblemLoader Creating init config 
14721      DEBUG main            d.u.i.k.p.i.AbstractProblemLoader Init config took 1.57s 
14765      INFO  main            d.u.i.k.p.i.AbstractProblemLoader Replaying proof Examples[Examples::updateBalance(short)].JML normal_behavior operation contract.1 
14905      DEBUG main            d.u.i.k.p.i.IntermediateProofReplayer Proof replay took 135.65ms 
14913      DEBUG main            d.u.i.k.p.r.p.TestFile    ... success: reloaded. 
14915      INFO  main            d.u.i.k.p.r.p.TestFile    Now processing file /home/runner/work/key/key/key.core/../key.ui/examples/heap/javacard/setArray1.key 
14916      INFO  main            d.u.i.k.p.i.AbstractProblemLoader Loading environment from /home/runner/work/key/key/key.core/../key.ui/examples/heap/javacard/setArray1.key 
14916      DEBUG main            d.u.i.k.p.i.AbstractProblemLoader Environment load took 113.3ns 
14917      INFO  main            d.u.i.k.p.i.AbstractProblemLoader Creating init config 
16476      DEBUG main            d.u.i.k.p.i.AbstractProblemLoader Init config took 1.56s 
16525      INFO  main            d.u.i.k.p.i.AbstractProblemLoader Replaying proof Examples[Examples::setArray1([B)].JML normal_behavior operation contract.0 
16527      DEBUG main            d.u.i.k.p.i.IntermediateProofReplayer Proof replay took 5.3ns 
17658      INFO  main            d.u.i.k.p.r.p.TestFile    ... finished proof: closed. 
17768      INFO  main            d.u.i.k.p.i.AbstractProblemLoader Loading environment from /home/runner/work/key/key/key.core/../key.ui/examples/heap/javacard/setArray1.key.proof 
17772      DEBUG main            d.u.i.k.p.i.AbstractProblemLoader Environment load took 4.01ms 
17773      INFO  main            d.u.i.k.p.i.AbstractProblemLoader Creating init config 
19323      DEBUG main            d.u.i.k.p.i.AbstractProblemLoader Init config took 1.55s 
19361      INFO  main            d.u.i.k.p.i.AbstractProblemLoader Replaying proof Examples[Examples::setArray1([B)].JML normal_behavior operation contract.0 
19557      DEBUG main            d.u.i.k.p.i.IntermediateProofReplayer Proof replay took 190.23ms 
19559      DEBUG main            d.u.i.k.p.r.p.TestFile    ... success: reloaded. 
19561      INFO  main            d.u.i.k.p.r.p.TestFile    Now processing file /home/runner/work/key/key/key.core/../key.ui/examples/heap/javacard/setArray2.key 
19561      INFO  main            d.u.i.k.p.i.AbstractProblemLoader Loading environment from /home/runner/work/key/key/key.core/../key.ui/examples/heap/javacard/setArray2.key 
19561      DEBUG main            d.u.i.k.p.i.AbstractProblemLoader Environment load took 239.4ns 
19563      INFO  main            d.u.i.k.p.i.AbstractProblemLoader Creating init config 
21075      DEBUG main            d.u.i.k.p.i.AbstractProblemLoader Init config took 1.51s 
21118      INFO  main            d.u.i.k.p.i.AbstractProblemLoader Replaying proof Examples[Examples::setArray2([B)].JML normal_behavior operation contract.0 
21120      DEBUG main            d.u.i.k.p.i.IntermediateProofReplayer Proof replay took 5.9ns 
22139      INFO  main            d.u.i.k.p.r.p.TestFile    ... finished proof: closed. 
22281      INFO  main            d.u.i.k.p.i.AbstractProblemLoader Loading environment from /home/runner/work/key/key/key.core/../key.ui/examples/heap/javacard/setArray2.key.proof 
22282      DEBUG main            d.u.i.k.p.i.AbstractProblemLoader Environment load took 1.04ms 
22283      INFO  main            d.u.i.k.p.i.AbstractProblemLoader Creating init config 
23768      DEBUG main            d.u.i.k.p.i.AbstractProblemLoader Init config took 1.48s 
23806      INFO  main            d.u.i.k.p.i.AbstractProblemLoader Replaying proof Examples[Examples::setArray2([B)].JML normal_behavior operation contract.0 
23992      DEBUG main            d.u.i.k.p.i.IntermediateProofReplayer Proof replay took 180.21ms 
23994      DEBUG main            d.u.i.k.p.r.p.TestFile    ... success: reloaded. 
23996      INFO  main            d.u.i.k.p.r.p.TestFile    Now processing file /home/runner/work/key/key/key.core/../key.ui/examples/heap/javacard/arrayFillNonAtomic.key 
23996      INFO  main            d.u.i.k.p.i.AbstractProblemLoader Loading environment from /home/runner/work/key/key/key.core/../key.ui/examples/heap/javacard/arrayFillNonAtomic.key 
23997      DEBUG main            d.u.i.k.p.i.AbstractProblemLoader Environment load took 217.5ns 
23998      INFO  main            d.u.i.k.p.i.AbstractProblemLoader Creating init config 
25532      DEBUG main            d.u.i.k.p.i.AbstractProblemLoader Init config took 1.53s 
25606      INFO  main            d.u.i.k.p.i.AbstractProblemLoader Replaying proof javacard.framework.Util[javacard.framework.Util::arrayFillNonAtomic([B,short,short,byte)].JML behavior operation contract.0.transaction_inactive 
25608      DEBUG main            d.u.i.k.p.i.IntermediateProofReplayer Proof replay took 4.7ns 
26434      DEBUG Thread-13       d.u.i.k.l.o.ProgramSV     Match failed: Former match of  SchemaVariable incompatible with  the current match. 
26435      DEBUG Thread-13       d.u.i.k.l.o.ProgramSV     Match failed: Former match of  SchemaVariable incompatible with  the current match. 
27750      DEBUG Thread-13       d.u.i.k.l.o.ProgramSV     Match failed: Former match of  SchemaVariable incompatible with  the current match. 
27750      DEBUG Thread-13       d.u.i.k.l.o.ProgramSV     Match failed: Former match of  SchemaVariable incompatible with  the current match. 
29220      INFO  main            d.u.i.k.p.r.p.TestFile    ... finished proof: closed. 
29379      INFO  main            d.u.i.k.p.i.AbstractProblemLoader Loading environment from /home/runner/work/key/key/key.core/../key.ui/examples/heap/javacard/arrayFillNonAtomic.key.proof 
29380      DEBUG main            d.u.i.k.p.i.AbstractProblemLoader Environment load took 431.5ns 
29381      INFO  main            d.u.i.k.p.i.AbstractProblemLoader Creating init config 
30857      DEBUG main            d.u.i.k.p.i.AbstractProblemLoader Init config took 1.48s 
30911      INFO  main            d.u.i.k.p.i.AbstractProblemLoader Replaying proof javacard.framework.Util[javacard.framework.Util::arrayFillNonAtomic([B,short,short,byte)].JML behavior operation contract.0.transaction_inactive 
31814      DEBUG main            d.u.i.k.p.i.IntermediateProofReplayer Proof replay took 885.91ms 
31815      DEBUG main            d.u.i.k.p.r.p.TestFile    ... success: reloaded. 
31816      INFO  main            d.u.i.k.p.r.p.TestFile    Now processing file /home/runner/work/key/key/key.core/../key.ui/examples/heap/coincidence_count/project.key 
31817      INFO  main            d.u.i.k.p.i.AbstractProblemLoader Loading environment from /home/runner/work/key/key/key.core/../key.ui/examples/heap/coincidence_count/project.key 
31817      DEBUG main            d.u.i.k.p.i.AbstractProblemLoader Environment load took 214.7ns 
31818      INFO  main            d.u.i.k.p.i.AbstractProblemLoader Creating init config 
35086      DEBUG main            d.u.i.k.p.i.AbstractProblemLoader Init config took 3.27s 
35131      INFO  main            d.u.i.k.p.i.AbstractProblemLoader Replaying proof CC[CC::calcCoinIndex([I,[I)].JML normal_behavior operation contract.0 
35134      DEBUG main            d.u.i.k.p.i.IntermediateProofReplayer Proof replay took 6.3ns 
53363      INFO  main            d.u.i.k.p.r.p.TestFile    ... finished proof: closed. 
53632      INFO  main            d.u.i.k.p.i.AbstractProblemLoader Loading environment from /home/runner/work/key/key/key.core/../key.ui/examples/heap/coincidence_count/project.key.proof 
53632      DEBUG main            d.u.i.k.p.i.AbstractProblemLoader Environment load took 203ns 
53636      INFO  main            d.u.i.k.p.i.AbstractProblemLoader Creating init config 
56180      DEBUG main            d.u.i.k.p.i.AbstractProblemLoader Init config took 2.54s 
56227      INFO  main            d.u.i.k.p.i.AbstractProblemLoader Replaying proof CC[CC::calcCoinIndex([I,[I)].JML normal_behavior operation contract.0 
57186      DEBUG main            d.u.i.k.p.i.IntermediateProofReplayer Proof replay took 900.7ms 
57189      DEBUG main            d.u.i.k.p.r.p.TestFile    ... success: reloaded. 
57191      INFO  main            d.u.i.k.p.r.p.TestFile    Now processing file /home/runner/work/key/key/key.core/../key.ui/examples/heap/verifyThis11_1_Maximum/project.key 
57191      INFO  main            d.u.i.k.p.i.AbstractProblemLoader Loading environment from /home/runner/work/key/key/key.core/../key.ui/examples/heap/verifyThis11_1_Maximum/project.key 
57191      DEBUG main            d.u.i.k.p.i.AbstractProblemLoader Environment load took 212.1ns 
57192      INFO  main            d.u.i.k.p.i.AbstractProblemLoader Creating init config 
59825      DEBUG main            d.u.i.k.p.i.AbstractProblemLoader Init config took 2.63s 
59866      INFO  main            d.u.i.k.p.i.AbstractProblemLoader Replaying proof Maximum[Maximum::maxIndex([I)].JML normal_behavior operation contract.0 
59867      DEBUG main            d.u.i.k.p.i.IntermediateProofReplayer Proof replay took 5.6ns 
60785      INFO  main            d.u.i.k.p.r.p.TestFile    ... finished proof: closed. 
61033      INFO  main            d.u.i.k.p.i.AbstractProblemLoader Loading environment from /home/runner/work/key/key/key.core/../key.ui/examples/heap/verifyThis11_1_Maximum/project.key.proof 
61033      DEBUG main            d.u.i.k.p.i.AbstractProblemLoader Environment load took 120.7ns 
61034      INFO  main            d.u.i.k.p.i.AbstractProblemLoader Creating init config 
63470      DEBUG main            d.u.i.k.p.i.AbstractProblemLoader Init config took 2.44s 
63516      INFO  main            d.u.i.k.p.i.AbstractProblemLoader Replaying proof Maximum[Maximum::maxIndex([I)].JML normal_behavior operation contract.0 
63679      DEBUG main            d.u.i.k.p.i.IntermediateProofReplayer Proof replay took 157.16ms 
63680      DEBUG main            d.u.i.k.p.r.p.TestFile    ... success: reloaded. 
63681      INFO  main            d.u.i.k.p.r.p.TestFile    Now processing file /home/runner/work/key/key/key.core/../key.ui/examples/heap/fm12_01_LRS/lcp.key 
63681      INFO  main            d.u.i.k.p.i.AbstractProblemLoader Loading environment from /home/runner/work/key/key/key.core/../key.ui/examples/heap/fm12_01_LRS/lcp.key 
63681      DEBUG main            d.u.i.k.p.i.AbstractProblemLoader Environment load took 203.6ns 
63682      INFO  main            d.u.i.k.p.i.AbstractProblemLoader Creating init config 
66854      DEBUG main            d.u.i.k.p.i.AbstractProblemLoader Init config took 3.17s 
66909      INFO  main            d.u.i.k.p.i.AbstractProblemLoader Replaying proof LCP[LCP::lcp([I,int,int)].JML normal_behavior operation contract.0 
66911      DEBUG main            d.u.i.k.p.i.IntermediateProofReplayer Proof replay took 6ns 
67821      INFO  main            d.u.i.k.p.r.p.TestFile    ... finished proof: closed. 
68060      INFO  main            d.u.i.k.p.i.AbstractProblemLoader Loading environment from /home/runner/work/key/key/key.core/../key.ui/examples/heap/fm12_01_LRS/lcp.key.proof 
68060      DEBUG main            d.u.i.k.p.i.AbstractProblemLoader Environment load took 429.9ns 
68062      INFO  main            d.u.i.k.p.i.AbstractProblemLoader Creating init config 
70952      DEBUG main            d.u.i.k.p.i.AbstractProblemLoader Init config took 2.89s 
71005      INFO  main            d.u.i.k.p.i.AbstractProblemLoader Replaying proof LCP[LCP::lcp([I,int,int)].JML normal_behavior operation contract.0 
71202      DEBUG main            d.u.i.k.p.i.IntermediateProofReplayer Proof replay took 191.93ms 
71203      DEBUG main            d.u.i.k.p.r.p.TestFile    ... success: reloaded. 
71204      INFO  main            d.u.i.k.p.r.p.TestFile    Now processing file /home/runner/work/key/key/key.core/../key.ui/examples/heap/SemanticSlicing/project.key 
71205      INFO  main            d.u.i.k.p.i.AbstractProblemLoader Loading environment from /home/runner/work/key/key/key.core/../key.ui/examples/heap/SemanticSlicing/project.key 
71205      DEBUG main            d.u.i.k.p.i.AbstractProblemLoader Environment load took 217.6ns 
71206      INFO  main            d.u.i.k.p.i.AbstractProblemLoader Creating init config 
73821      DEBUG main            d.u.i.k.p.i.AbstractProblemLoader Init config took 2.62s 
73887      INFO  main            d.u.i.k.p.i.AbstractProblemLoader Replaying proof unsatcore_after.competition.postcond5.scope333.LRS[unsatcore_after.competition.postcond5.scope333.LRS::doLRS()].JML operation contract.0 
73888      DEBUG main            d.u.i.k.p.i.IntermediateProofReplayer Proof replay took 5.8ns 
77911      INFO  main            d.u.i.k.p.r.p.TestFile    ... finished proof: closed. 
78163      INFO  main            d.u.i.k.p.i.AbstractProblemLoader Loading environment from /home/runner/work/key/key/key.core/../key.ui/examples/heap/SemanticSlicing/project.key.proof 
78163      DEBUG main            d.u.i.k.p.i.AbstractProblemLoader Environment load took 229.2ns 
78165      INFO  main            d.u.i.k.p.i.AbstractProblemLoader Creating init config 
80700      DEBUG main            d.u.i.k.p.i.AbstractProblemLoader Init config took 2.54s 
80749      INFO  main            d.u.i.k.p.i.AbstractProblemLoader Replaying proof unsatcore_after.competition.postcond5.scope333.LRS[unsatcore_after.competition.postcond5.scope333.LRS::doLRS()].JML operation contract.0 
81523      DEBUG main            d.u.i.k.p.i.IntermediateProofReplayer Proof replay took 761.81ms 
81524      DEBUG main            d.u.i.k.p.r.p.TestFile    ... success: reloaded. 
81525      INFO  main            d.u.i.k.p.r.p.TestFile    Now processing file /home/runner/work/key/key/key.core/../key.ui/examples/heap/information_flow/ArrayList_contains.key 
81525      INFO  main            d.u.i.k.p.i.AbstractProblemLoader Loading environment from /home/runner/work/key/key/key.core/../key.ui/examples/heap/information_flow/ArrayList_contains.key 
81525      DEBUG main            d.u.i.k.p.i.AbstractProblemLoader Environment load took 83.4ns 
81526      INFO  main            d.u.i.k.p.i.AbstractProblemLoader Creating init config 
84331      DEBUG main            d.u.i.k.p.i.AbstractProblemLoader Init config took 2.8s 
84369      INFO  main            d.u.i.k.p.i.AbstractProblemLoader Replaying proof ArrayList[ArrayList::get(int)].JML normal_behavior operation contract.0 
84370      DEBUG main            d.u.i.k.p.i.IntermediateProofReplayer Proof replay took 5.6ns 
84677      INFO  main            d.u.i.k.p.r.p.TestFile    ... finished proof: closed. 
84932      INFO  main            d.u.i.k.p.i.AbstractProblemLoader Loading environment from /home/runner/work/key/key/key.core/../key.ui/examples/heap/information_flow/ArrayList_contains.key.proof 
84932      DEBUG main            d.u.i.k.p.i.AbstractProblemLoader Environment load took 119.5ns 
84933      INFO  main            d.u.i.k.p.i.AbstractProblemLoader Creating init config 
87534      DEBUG main            d.u.i.k.p.i.AbstractProblemLoader Init config took 2.6s 
87571      INFO  main            d.u.i.k.p.i.AbstractProblemLoader Replaying proof ArrayList[ArrayList::get(int)].JML normal_behavior operation contract.0 
87634      DEBUG main            d.u.i.k.p.i.IntermediateProofReplayer Proof replay took 60.76ms 
87635      DEBUG main            d.u.i.k.p.r.p.TestFile    ... success: reloaded. 
87636      INFO  main            d.u.i.k.p.r.p.TestFile    Now processing file /home/runner/work/key/key/key.core/../key.ui/examples/heap/information_flow/ArrayList_get.key 
87637      INFO  main            d.u.i.k.p.i.AbstractProblemLoader Loading environment from /home/runner/work/key/key/key.core/../key.ui/examples/heap/information_flow/ArrayList_get.key 
87637      DEBUG main            d.u.i.k.p.i.AbstractProblemLoader Environment load took 220.1ns 
87638      INFO  main            d.u.i.k.p.i.AbstractProblemLoader Creating init config 
90299      DEBUG main            d.u.i.k.p.i.AbstractProblemLoader Init config took 2.66s 
90335      INFO  main            d.u.i.k.p.i.AbstractProblemLoader Replaying proof ArrayList[ArrayList::contains(java.lang.Object)].JML normal_behavior operation contract.0 
90336      DEBUG main            d.u.i.k.p.i.IntermediateProofReplayer Proof replay took 5.9ns 
91141      INFO  main            d.u.i.k.p.r.p.TestFile    ... finished proof: closed. 
91403      INFO  main            d.u.i.k.p.i.AbstractProblemLoader Loading environment from /home/runner/work/key/key/key.core/../key.ui/examples/heap/information_flow/ArrayList_get.key.proof 
91403      DEBUG main            d.u.i.k.p.i.AbstractProblemLoader Environment load took 131.7ns 
91404      INFO  main            d.u.i.k.p.i.AbstractProblemLoader Creating init config 
93993      DEBUG main            d.u.i.k.p.i.AbstractProblemLoader Init config took 2.59s 
94034      INFO  main            d.u.i.k.p.i.AbstractProblemLoader Replaying proof ArrayList[ArrayList::contains(java.lang.Object)].JML normal_behavior operation contract.0 
94185      DEBUG main            d.u.i.k.p.i.IntermediateProofReplayer Proof replay took 145.3ms 
94187      DEBUG main            d.u.i.k.p.r.p.TestFile    ... success: reloaded. 
94188      INFO  main            d.u.i.k.p.r.p.TestFile    Now processing file /home/runner/work/key/key/key.core/../key.ui/examples/heap/information_flow/ArrayList_size.key 
94188      INFO  main            d.u.i.k.p.i.AbstractProblemLoader Loading environment from /home/runner/work/key/key/key.core/../key.ui/examples/heap/information_flow/ArrayList_size.key 
94189      DEBUG main            d.u.i.k.p.i.AbstractProblemLoader Environment load took 240.4ns 
94190      INFO  main            d.u.i.k.p.i.AbstractProblemLoader Creating init config 
96875      DEBUG main            d.u.i.k.p.i.AbstractProblemLoader Init config took 2.69s 
96910      INFO  main            d.u.i.k.p.i.AbstractProblemLoader Replaying proof ArrayList[ArrayList::size()].JML normal_behavior operation contract.0 
96911      DEBUG main            d.u.i.k.p.i.IntermediateProofReplayer Proof replay took 5.1ns 
97013      INFO  main            d.u.i.k.p.r.p.TestFile    ... finished proof: closed. 
97248      INFO  main            d.u.i.k.p.i.AbstractProblemLoader Loading environment from /home/runner/work/key/key/key.core/../key.ui/examples/heap/information_flow/ArrayList_size.key.proof 
97248      DEBUG main            d.u.i.k.p.i.AbstractProblemLoader Environment load took 118.6ns 
97249      INFO  main            d.u.i.k.p.i.AbstractProblemLoader Creating init config 
99851      DEBUG main            d.u.i.k.p.i.AbstractProblemLoader Init config took 2.6s 
99886      INFO  main            d.u.i.k.p.i.AbstractProblemLoader Replaying proof ArrayList[ArrayList::size()].JML normal_behavior operation contract.0 
99899      DEBUG main            d.u.i.k.p.i.IntermediateProofReplayer Proof replay took 11.37ms 
99900      DEBUG main            d.u.i.k.p.r.p.TestFile    ... success: reloaded. 
99901      INFO  main            d.u.i.k.p.r.p.TestFile    Now processing file /home/runner/work/key/key/key.core/../key.ui/examples/heap/information_flow/UpdateAbstraction_ex7_3_secure.key 
99902      INFO  main            d.u.i.k.p.i.AbstractProblemLoader Loading environment from /home/runner/work/key/key/key.core/../key.ui/examples/heap/information_flow/UpdateAbstraction_ex7_3_secure.key 
99902      DEBUG main            d.u.i.k.p.i.AbstractProblemLoader Environment load took 195.8ns 
99903      INFO  main            d.u.i.k.p.i.AbstractProblemLoader Creating init config 
102524     DEBUG main            d.u.i.k.p.i.AbstractProblemLoader Init config took 2.62s 
102558     INFO  main            d.u.i.k.p.i.AbstractProblemLoader Replaying proof UpdateAbstraction[UpdateAbstraction::ex7_3_secure()].JML operation contract.0 
102559     DEBUG main            d.u.i.k.p.i.IntermediateProofReplayer Proof replay took 5ns 
102761     INFO  main            d.u.i.k.p.r.p.TestFile    ... finished proof: closed. 
103009     INFO  main            d.u.i.k.p.i.AbstractProblemLoader Loading environment from /home/runner/work/key/key/key.core/../key.ui/examples/heap/information_flow/UpdateAbstraction_ex7_3_secure.key.proof 
103009     DEBUG main            d.u.i.k.p.i.AbstractProblemLoader Environment load took 104.6ns 
103010     INFO  main            d.u.i.k.p.i.AbstractProblemLoader Creating init config 
105625     DEBUG main            d.u.i.k.p.i.AbstractProblemLoader Init config took 2.62s 
105660     INFO  main            d.u.i.k.p.i.AbstractProblemLoader Replaying proof UpdateAbstraction[UpdateAbstraction::ex7_3_secure()].JML operation contract.0 
105692     DEBUG main            d.u.i.k.p.i.IntermediateProofReplayer Proof replay took 29.53ms 
105693     DEBUG main            d.u.i.k.p.r.p.TestFile    ... success: reloaded. 
105694     INFO  main            d.u.i.k.p.r.p.TestFile    Now processing file /home/runner/work/key/key/key.core/../key.ui/examples/heap/information_flow/UpdateAbstraction_ex7_4_secure.key 
105694     INFO  main            d.u.i.k.p.i.AbstractProblemLoader Loading environment from /home/runner/work/key/key/key.core/../key.ui/examples/heap/information_flow/UpdateAbstraction_ex7_4_secure.key 
105694     DEBUG main            d.u.i.k.p.i.AbstractProblemLoader Environment load took 74.8ns 
105695     INFO  main            d.u.i.k.p.i.AbstractProblemLoader Creating init config 
108365     DEBUG main            d.u.i.k.p.i.AbstractProblemLoader Init config took 2.67s 
108399     INFO  main            d.u.i.k.p.i.AbstractProblemLoader Replaying proof UpdateAbstraction[UpdateAbstraction::ex7_4_secure()].JML operation contract.0 
108400     DEBUG main            d.u.i.k.p.i.IntermediateProofReplayer Proof replay took 5ns 
108602     INFO  main            d.u.i.k.p.r.p.TestFile    ... finished proof: closed. 
108837     INFO  main            d.u.i.k.p.i.AbstractProblemLoader Loading environment from /home/runner/work/key/key/key.core/../key.ui/examples/heap/information_flow/UpdateAbstraction_ex7_4_secure.key.proof 
108837     DEBUG main            d.u.i.k.p.i.AbstractProblemLoader Environment load took 107.8ns 
108838     INFO  main            d.u.i.k.p.i.AbstractProblemLoader Creating init config 
111410     DEBUG main            d.u.i.k.p.i.AbstractProblemLoader Init config took 2.57s 
111444     INFO  main            d.u.i.k.p.i.AbstractProblemLoader Replaying proof UpdateAbstraction[UpdateAbstraction::ex7_4_secure()].JML operation contract.0 
111486     DEBUG main            d.u.i.k.p.i.IntermediateProofReplayer Proof replay took 40.04ms 
111487     DEBUG main            d.u.i.k.p.r.p.TestFile    ... success: reloaded. 
111488     INFO  main            d.u.i.k.p.r.p.TestFile    Now processing file /home/runner/work/key/key/key.core/../key.ui/examples/heap/information_flow/UpdateAbstraction_ex7_5_secure.key 
111488     INFO  main            d.u.i.k.p.i.AbstractProblemLoader Loading environment from /home/runner/work/key/key/key.core/../key.ui/examples/heap/information_flow/UpdateAbstraction_ex7_5_secure.key 
111488     DEBUG main            d.u.i.k.p.i.AbstractProblemLoader Environment load took 200.2ns 
111489     INFO  main            d.u.i.k.p.i.AbstractProblemLoader Creating init config 
114129     DEBUG main            d.u.i.k.p.i.AbstractProblemLoader Init config took 2.64s 
114164     INFO  main            d.u.i.k.p.i.AbstractProblemLoader Replaying proof UpdateAbstraction[UpdateAbstraction::ex7_5_secure()].JML operation contract.0 
114165     DEBUG main            d.u.i.k.p.i.IntermediateProofReplayer Proof replay took 5.8ns 
114268     INFO  main            d.u.i.k.p.r.p.TestFile    ... finished proof: closed. 
114550     INFO  main            d.u.i.k.p.i.AbstractProblemLoader Loading environment from /home/runner/work/key/key/key.core/../key.ui/examples/heap/information_flow/UpdateAbstraction_ex7_5_secure.key.proof 
114550     DEBUG main            d.u.i.k.p.i.AbstractProblemLoader Environment load took 108.7ns 
114551     INFO  main            d.u.i.k.p.i.AbstractProblemLoader Creating init config 
117119     DEBUG main            d.u.i.k.p.i.AbstractProblemLoader Init config took 2.57s 
117152     INFO  main            d.u.i.k.p.i.AbstractProblemLoader Replaying proof UpdateAbstraction[UpdateAbstraction::ex7_5_secure()].JML operation contract.0 
117170     DEBUG main            d.u.i.k.p.i.IntermediateProofReplayer Proof replay took 16.34ms 
117171     DEBUG main            d.u.i.k.p.r.p.TestFile    ... success: reloaded. 
117171     INFO  main            d.u.i.k.p.r.p.TestFile    Now processing file /home/runner/work/key/key/key.core/../key.ui/examples/heap/information_flow/UpdateAbstraction_ex7_6_secure.key 
117171     INFO  main            d.u.i.k.p.i.AbstractProblemLoader Loading environment from /home/runner/work/key/key/key.core/../key.ui/examples/heap/information_flow/UpdateAbstraction_ex7_6_secure.key 
117171     DEBUG main            d.u.i.k.p.i.AbstractProblemLoader Environment load took 65.7ns 
117172     INFO  main            d.u.i.k.p.i.AbstractProblemLoader Creating init config 
119785     DEBUG main            d.u.i.k.p.i.AbstractProblemLoader Init config took 2.61s 
119836     INFO  main            d.u.i.k.p.i.AbstractProblemLoader Replaying proof UpdateAbstraction[UpdateAbstraction::ex7_6_secure()].JML operation contract.0 
119837     DEBUG main            d.u.i.k.p.i.IntermediateProofReplayer Proof replay took 5.5ns 
120140     INFO  main            d.u.i.k.p.r.p.TestFile    ... finished proof: closed. 
120402     INFO  main            d.u.i.k.p.i.AbstractProblemLoader Loading environment from /home/runner/work/key/key/key.core/../key.ui/examples/heap/information_flow/UpdateAbstraction_ex7_6_secure.key.proof 
120402     DEBUG main            d.u.i.k.p.i.AbstractProblemLoader Environment load took 108.1ns 
120403     INFO  main            d.u.i.k.p.i.AbstractProblemLoader Creating init config 
123000     DEBUG main            d.u.i.k.p.i.AbstractProblemLoader Init config took 2.6s 
123043     INFO  main            d.u.i.k.p.i.AbstractProblemLoader Replaying proof UpdateAbstraction[UpdateAbstraction::ex7_6_secure()].JML operation contract.0 
123100     DEBUG main            d.u.i.k.p.i.IntermediateProofReplayer Proof replay took 54.8ms 
123101     DEBUG main            d.u.i.k.p.r.p.TestFile    ... success: reloaded. 
123102     INFO  main            d.u.i.k.p.r.p.TestFile    Now processing file /home/runner/work/key/key/key.core/../key.ui/examples/heap/information_flow/UpdateAbstraction_ex9_secure.key 
123102     INFO  main            d.u.i.k.p.i.AbstractProblemLoader Loading environment from /home/runner/work/key/key/key.core/../key.ui/examples/heap/information_flow/UpdateAbstraction_ex9_secure.key 
123103     DEBUG main            d.u.i.k.p.i.AbstractProblemLoader Environment load took 207.6ns 
123104     INFO  main            d.u.i.k.p.i.AbstractProblemLoader Creating init config 
125726     DEBUG main            d.u.i.k.p.i.AbstractProblemLoader Init config took 2.62s 
125759     INFO  main            d.u.i.k.p.i.AbstractProblemLoader Replaying proof UpdateAbstraction[UpdateAbstraction::ex9_secure()].JML operation contract.0 
125760     DEBUG main            d.u.i.k.p.i.IntermediateProofReplayer Proof replay took 5.4ns 
126663     INFO  main            d.u.i.k.p.r.p.TestFile    ... finished proof: closed. 
126986     INFO  main            d.u.i.k.p.i.AbstractProblemLoader Loading environment from /home/runner/work/key/key/key.core/../key.ui/examples/heap/information_flow/UpdateAbstraction_ex9_secure.key.proof 
126987     DEBUG main            d.u.i.k.p.i.AbstractProblemLoader Environment load took 117ns 
126987     INFO  main            d.u.i.k.p.i.AbstractProblemLoader Creating init config 
129565     DEBUG main            d.u.i.k.p.i.AbstractProblemLoader Init config took 2.58s 
129600     INFO  main            d.u.i.k.p.i.AbstractProblemLoader Replaying proof UpdateAbstraction[UpdateAbstraction::ex9_secure()].JML operation contract.0 
129784     DEBUG main            d.u.i.k.p.i.IntermediateProofReplayer Proof replay took 180.96ms 
129786     DEBUG main            d.u.i.k.p.r.p.TestFile    ... success: reloaded. 
821092     INFO  Test worker     d.u.i.k.p.r.RunAllProofsTestUnit Returning from test javaCard 
821095     INFO  Test worker     d.u.i.k.p.r.RunAllProofsTestUnit Running test list 
352        INFO  Timeout watchdog d.u.i.k.p.r.p.ForkedTestFileRunner Timeout watcher launched (2000 secs.) 
370        WARN  main            d.u.i.k.s.ProofSettings   The settings in /home/runner/.key/proof-settings.props are *not* read. 
399        INFO  main            d.u.i.k.p.r.p.TestFile    Now processing file /home/runner/work/key/key/key.core/../key.ui/examples/heap/list/ArrayList_add.key 
503        INFO  main            d.u.i.k.p.i.AbstractProblemLoader Loading environment from /home/runner/work/key/key/key.core/../key.ui/examples/heap/list/ArrayList_add.key 
518        DEBUG main            d.u.i.k.p.i.AbstractProblemLoader Environment load took 2.21ms 
733        INFO  main            d.u.i.k.p.i.AbstractProblemLoader Creating init config 
1550       DEBUG main            d.u.i.k.j.TypeConverter   No LDT found for Meta 
1554       DEBUG main            d.u.i.k.j.TypeConverter   No LDT found for Meta 
1558       DEBUG main            d.u.i.k.j.TypeConverter   No LDT found for Meta 
1558       DEBUG main            d.u.i.k.j.TypeConverter   No LDT found for Meta 
2897       DEBUG main            d.u.i.k.j.TypeConverter   No LDT found for JavaBigintExpression 
6131       DEBUG main            d.u.i.k.j.r.ClassPreparationMethodBuilder clPrepBuilder: Inner Class detected. Reject building class initialisation methods. 
8812       DEBUG main            d.u.i.k.p.i.AbstractProblemLoader Init config took 8.08s 
8957       INFO  main            d.u.i.k.p.i.AbstractProblemLoader Replaying proof ArrayList[List::add(java.lang.Object)].JML normal_behavior operation contract.0 
9025       DEBUG main            d.u.i.k.p.i.IntermediateProofReplayer Proof replay took 32.1ns 
15060      INFO  main            d.u.i.k.p.r.p.TestFile    ... finished proof: closed. 
15302      INFO  main            d.u.i.k.p.i.AbstractProblemLoader Loading environment from /home/runner/work/key/key/key.core/../key.ui/examples/heap/list/ArrayList_add.key.proof 
15305      DEBUG main            d.u.i.k.p.i.AbstractProblemLoader Environment load took 3.09ms 
15308      INFO  main            d.u.i.k.p.i.AbstractProblemLoader Creating init config 
16520      DEBUG main            d.u.i.k.j.r.ClassPreparationMethodBuilder clPrepBuilder: Inner Class detected. Reject building class initialisation methods. 
18788      DEBUG main            d.u.i.k.p.i.AbstractProblemLoader Init config took 3.48s 
18886      INFO  main            d.u.i.k.p.i.AbstractProblemLoader Replaying proof ArrayList[List::add(java.lang.Object)].JML normal_behavior operation contract.0 
19944      DEBUG main            d.u.i.k.p.i.IntermediateProofReplayer Proof replay took 1.03s 
19953      DEBUG main            d.u.i.k.p.r.p.TestFile    ... success: reloaded. 
19958      INFO  main            d.u.i.k.p.r.p.TestFile    Now processing file /home/runner/work/key/key/key.core/../key.ui/examples/heap/list/ArrayList_ArrayList.key 
19959      INFO  main            d.u.i.k.p.i.AbstractProblemLoader Loading environment from /home/runner/work/key/key/key.core/../key.ui/examples/heap/list/ArrayList_ArrayList.key 
19959      DEBUG main            d.u.i.k.p.i.AbstractProblemLoader Environment load took 294.1ns 
19962      INFO  main            d.u.i.k.p.i.AbstractProblemLoader Creating init config 
21132      DEBUG main            d.u.i.k.j.r.ClassPreparationMethodBuilder clPrepBuilder: Inner Class detected. Reject building class initialisation methods. 
23333      DEBUG main            d.u.i.k.p.i.AbstractProblemLoader Init config took 3.37s 
23400      INFO  main            d.u.i.k.p.i.AbstractProblemLoader Replaying proof ArrayList[ArrayList::ArrayList()].JML normal_behavior operation contract.0 
23403      DEBUG main            d.u.i.k.p.i.IntermediateProofReplayer Proof replay took 5.6ns 
24914      INFO  main            d.u.i.k.p.r.p.TestFile    ... finished proof: closed. 
25102      INFO  main            d.u.i.k.p.i.AbstractProblemLoader Loading environment from /home/runner/work/key/key/key.core/../key.ui/examples/heap/list/ArrayList_ArrayList.key.proof 
25102      DEBUG main            d.u.i.k.p.i.AbstractProblemLoader Environment load took 435.8ns 
25104      INFO  main            d.u.i.k.p.i.AbstractProblemLoader Creating init config 
26158      DEBUG main            d.u.i.k.j.r.ClassPreparationMethodBuilder clPrepBuilder: Inner Class detected. Reject building class initialisation methods. 
28320      DEBUG main            d.u.i.k.p.i.AbstractProblemLoader Init config took 3.22s 
28397      INFO  main            d.u.i.k.p.i.AbstractProblemLoader Replaying proof ArrayList[ArrayList::ArrayList()].JML normal_behavior operation contract.0 
28622      DEBUG main            d.u.i.k.p.i.IntermediateProofReplayer Proof replay took 213.4ms 
28624      DEBUG main            d.u.i.k.p.r.p.TestFile    ... success: reloaded. 
28625      INFO  main            d.u.i.k.p.r.p.TestFile    Now processing file /home/runner/work/key/key/key.core/../key.ui/examples/heap/list/ArrayList_concatenate.key 
28626      INFO  main            d.u.i.k.p.i.AbstractProblemLoader Loading environment from /home/runner/work/key/key/key.core/../key.ui/examples/heap/list/ArrayList_concatenate.key 
28626      DEBUG main            d.u.i.k.p.i.AbstractProblemLoader Environment load took 221.1ns 
28627      INFO  main            d.u.i.k.p.i.AbstractProblemLoader Creating init config 
29664      DEBUG main            d.u.i.k.j.r.ClassPreparationMethodBuilder clPrepBuilder: Inner Class detected. Reject building class initialisation methods. 
31829      DEBUG main            d.u.i.k.p.i.AbstractProblemLoader Init config took 3.2s 
31887      INFO  main            d.u.i.k.p.i.AbstractProblemLoader Replaying proof ArrayList[List::concatenate(List)].JML normal_behavior operation contract.0 
31889      DEBUG main            d.u.i.k.p.i.IntermediateProofReplayer Proof replay took 4.9ns 
57542      INFO  main            d.u.i.k.p.r.p.TestFile    ... finished proof: closed. 
57778      INFO  main            d.u.i.k.p.i.AbstractProblemLoader Loading environment from /home/runner/work/key/key/key.core/../key.ui/examples/heap/list/ArrayList_concatenate.key.proof 
57782      DEBUG main            d.u.i.k.p.i.AbstractProblemLoader Environment load took 3.83ms 
57789      INFO  main            d.u.i.k.p.i.AbstractProblemLoader Creating init config 
58813      DEBUG main            d.u.i.k.j.r.ClassPreparationMethodBuilder clPrepBuilder: Inner Class detected. Reject building class initialisation methods. 
60960      DEBUG main            d.u.i.k.p.i.AbstractProblemLoader Init config took 3.17s 
61018      INFO  main            d.u.i.k.p.i.AbstractProblemLoader Replaying proof ArrayList[List::concatenate(List)].JML normal_behavior operation contract.0 
63173      DEBUG main            d.u.i.k.p.i.IntermediateProofReplayer Proof replay took 2.08s 
63177      DEBUG main            d.u.i.k.p.r.p.TestFile    ... success: reloaded. 
63178      INFO  main            d.u.i.k.p.r.p.TestFile    Now processing file /home/runner/work/key/key/key.core/../key.ui/examples/heap/list/ArrayList_contains_dep.key 
63179      INFO  main            d.u.i.k.p.i.AbstractProblemLoader Loading environment from /home/runner/work/key/key/key.core/../key.ui/examples/heap/list/ArrayList_contains_dep.key 
63179      DEBUG main            d.u.i.k.p.i.AbstractProblemLoader Environment load took 218.9ns 
63180      INFO  main            d.u.i.k.p.i.AbstractProblemLoader Creating init config 
64277      DEBUG main            d.u.i.k.j.r.ClassPreparationMethodBuilder clPrepBuilder: Inner Class detected. Reject building class initialisation methods. 
66483      DEBUG main            d.u.i.k.p.i.AbstractProblemLoader Init config took 3.3s 
66540      INFO  main            d.u.i.k.p.i.AbstractProblemLoader Replaying proof ArrayList[List::contains(java.lang.Object)].JML accessible clause.0 
66541      DEBUG main            d.u.i.k.p.i.IntermediateProofReplayer Proof replay took 4.5ns 
69369      INFO  main            d.u.i.k.p.r.p.TestFile    ... finished proof: closed. 
69571      INFO  main            d.u.i.k.p.i.AbstractProblemLoader Loading environment from /home/runner/work/key/key/key.core/../key.ui/examples/heap/list/ArrayList_contains_dep.key.proof 
69571      DEBUG main            d.u.i.k.p.i.AbstractProblemLoader Environment load took 416.2ns 
69573      INFO  main            d.u.i.k.p.i.AbstractProblemLoader Creating init config 
70590      DEBUG main            d.u.i.k.j.r.ClassPreparationMethodBuilder clPrepBuilder: Inner Class detected. Reject building class initialisation methods. 
72676      DEBUG main            d.u.i.k.p.i.AbstractProblemLoader Init config took 3.1s 
72742      INFO  main            d.u.i.k.p.i.AbstractProblemLoader Replaying proof ArrayList[List::contains(java.lang.Object)].JML accessible clause.0 
73176      DEBUG main            d.u.i.k.p.i.IntermediateProofReplayer Proof replay took 422.33ms 
73178      DEBUG main            d.u.i.k.p.r.p.TestFile    ... success: reloaded. 
73179      INFO  main            d.u.i.k.p.r.p.TestFile    Now processing file /home/runner/work/key/key/key.core/../key.ui/examples/heap/list/ArrayList_enlarge.key 
73179      INFO  main            d.u.i.k.p.i.AbstractProblemLoader Loading environment from /home/runner/work/key/key/key.core/../key.ui/examples/heap/list/ArrayList_enlarge.key 
73180      DEBUG main            d.u.i.k.p.i.AbstractProblemLoader Environment load took 212.2ns 
73180      INFO  main            d.u.i.k.p.i.AbstractProblemLoader Creating init config 
74223      DEBUG main            d.u.i.k.j.r.ClassPreparationMethodBuilder clPrepBuilder: Inner Class detected. Reject building class initialisation methods. 
76364      DEBUG main            d.u.i.k.p.i.AbstractProblemLoader Init config took 3.18s 
76416      INFO  main            d.u.i.k.p.i.AbstractProblemLoader Replaying proof ArrayList[ArrayList::enlarge()].JML normal_behavior operation contract.0 
76418      DEBUG main            d.u.i.k.p.i.IntermediateProofReplayer Proof replay took 4.9ns 
78754      INFO  main            d.u.i.k.p.r.p.TestFile    ... finished proof: closed. 
78950      INFO  main            d.u.i.k.p.i.AbstractProblemLoader Loading environment from /home/runner/work/key/key/key.core/../key.ui/examples/heap/list/ArrayList_enlarge.key.proof 
78951      DEBUG main            d.u.i.k.p.i.AbstractProblemLoader Environment load took 1.67ms 
78953      INFO  main            d.u.i.k.p.i.AbstractProblemLoader Creating init config 
79937      DEBUG main            d.u.i.k.j.r.ClassPreparationMethodBuilder clPrepBuilder: Inner Class detected. Reject building class initialisation methods. 
82050      DEBUG main            d.u.i.k.p.i.AbstractProblemLoader Init config took 3.1s 
82105      INFO  main            d.u.i.k.p.i.AbstractProblemLoader Replaying proof ArrayList[ArrayList::enlarge()].JML normal_behavior operation contract.0 
82500      DEBUG main            d.u.i.k.p.i.IntermediateProofReplayer Proof replay took 384.47ms 
82502      DEBUG main            d.u.i.k.p.r.p.TestFile    ... success: reloaded. 
82503      INFO  main            d.u.i.k.p.r.p.TestFile    Now processing file /home/runner/work/key/key/key.core/../key.ui/examples/heap/list/ArrayList_footprint.key 
82504      INFO  main            d.u.i.k.p.i.AbstractProblemLoader Loading environment from /home/runner/work/key/key/key.core/../key.ui/examples/heap/list/ArrayList_footprint.key 
82504      DEBUG main            d.u.i.k.p.i.AbstractProblemLoader Environment load took 208.6ns 
82505      INFO  main            d.u.i.k.p.i.AbstractProblemLoader Creating init config 
83532      DEBUG main            d.u.i.k.j.r.ClassPreparationMethodBuilder clPrepBuilder: Inner Class detected. Reject building class initialisation methods. 
85650      DEBUG main            d.u.i.k.p.i.AbstractProblemLoader Init config took 3.14s 
85694      INFO  main            d.u.i.k.p.i.AbstractProblemLoader Replaying proof List[List::$footprint()].JML accessible clause.0 
85696      DEBUG main            d.u.i.k.p.i.IntermediateProofReplayer Proof replay took 5.3ns 
85801      INFO  main            d.u.i.k.p.r.p.TestFile    ... finished proof: closed. 
85999      INFO  main            d.u.i.k.p.i.AbstractProblemLoader Loading environment from /home/runner/work/key/key/key.core/../key.ui/examples/heap/list/ArrayList_footprint.key.proof 
85999      DEBUG main            d.u.i.k.p.i.AbstractProblemLoader Environment load took 118.7ns 
86000      INFO  main            d.u.i.k.p.i.AbstractProblemLoader Creating init config 
86987      DEBUG main            d.u.i.k.j.r.ClassPreparationMethodBuilder clPrepBuilder: Inner Class detected. Reject building class initialisation methods. 
89101      DEBUG main            d.u.i.k.p.i.AbstractProblemLoader Init config took 3.1s 
89143      INFO  main            d.u.i.k.p.i.AbstractProblemLoader Replaying proof List[List::$footprint()].JML accessible clause.0 
89146      DEBUG main            d.u.i.k.p.i.IntermediateProofReplayer Proof replay took 1.11ms 
89147      DEBUG main            d.u.i.k.p.r.p.TestFile    ... success: reloaded. 
89148      INFO  main            d.u.i.k.p.r.p.TestFile    Now processing file /home/runner/work/key/key/key.core/../key.ui/examples/heap/list/ArrayList_get_dep.key 
89148      INFO  main            d.u.i.k.p.i.AbstractProblemLoader Loading environment from /home/runner/work/key/key/key.core/../key.ui/examples/heap/list/ArrayList_get_dep.key 
89148      DEBUG main            d.u.i.k.p.i.AbstractProblemLoader Environment load took 94.5ns 
89149      INFO  main            d.u.i.k.p.i.AbstractProblemLoader Creating init config 
90141      DEBUG main            d.u.i.k.j.r.ClassPreparationMethodBuilder clPrepBuilder: Inner Class detected. Reject building class initialisation methods. 
92221      DEBUG main            d.u.i.k.p.i.AbstractProblemLoader Init config took 3.07s 
92294      INFO  main            d.u.i.k.p.i.AbstractProblemLoader Replaying proof ArrayList[List::get(int)].JML accessible clause.0 
92295      DEBUG main            d.u.i.k.p.i.IntermediateProofReplayer Proof replay took 5.2ns 
92702      INFO  main            d.u.i.k.p.r.p.TestFile    ... finished proof: closed. 
92886      INFO  main            d.u.i.k.p.i.AbstractProblemLoader Loading environment from /home/runner/work/key/key/key.core/../key.ui/examples/heap/list/ArrayList_get_dep.key.proof 
92887      DEBUG main            d.u.i.k.p.i.AbstractProblemLoader Environment load took 111.9ns 
92888      INFO  main            d.u.i.k.p.i.AbstractProblemLoader Creating init config 
93865      DEBUG main            d.u.i.k.j.r.ClassPreparationMethodBuilder clPrepBuilder: Inner Class detected. Reject building class initialisation methods. 
95953      DEBUG main            d.u.i.k.p.i.AbstractProblemLoader Init config took 3.07s 
96002      INFO  main            d.u.i.k.p.i.AbstractProblemLoader Replaying proof ArrayList[List::get(int)].JML accessible clause.0 
96081      DEBUG main            d.u.i.k.p.i.IntermediateProofReplayer Proof replay took 73.88ms 
96082      DEBUG main            d.u.i.k.p.r.p.TestFile    ... success: reloaded. 
96084      INFO  main            d.u.i.k.p.r.p.TestFile    Now processing file /home/runner/work/key/key/key.core/../key.ui/examples/heap/list/ArrayList_get_exceptional.key 
96085      INFO  main            d.u.i.k.p.i.AbstractProblemLoader Loading environment from /home/runner/work/key/key/key.core/../key.ui/examples/heap/list/ArrayList_get_exceptional.key 
96086      DEBUG main            d.u.i.k.p.i.AbstractProblemLoader Environment load took 1.8ms 
96087      INFO  main            d.u.i.k.p.i.AbstractProblemLoader Creating init config 
97083      DEBUG main            d.u.i.k.j.r.ClassPreparationMethodBuilder clPrepBuilder: Inner Class detected. Reject building class initialisation methods. 
99196      DEBUG main            d.u.i.k.p.i.AbstractProblemLoader Init config took 3.11s 
99243      INFO  main            d.u.i.k.p.i.AbstractProblemLoader Replaying proof ArrayList[List::get(int)].JML exceptional_behavior operation contract.0 
99245      DEBUG main            d.u.i.k.p.i.IntermediateProofReplayer Proof replay took 5.1ns 
100452     INFO  main            d.u.i.k.p.r.p.TestFile    ... finished proof: closed. 
100638     INFO  main            d.u.i.k.p.i.AbstractProblemLoader Loading environment from /home/runner/work/key/key/key.core/../key.ui/examples/heap/list/ArrayList_get_exceptional.key.proof 
100638     DEBUG main            d.u.i.k.p.i.AbstractProblemLoader Environment load took 416.3ns 
100639     INFO  main            d.u.i.k.p.i.AbstractProblemLoader Creating init config 
101629     DEBUG main            d.u.i.k.j.r.ClassPreparationMethodBuilder clPrepBuilder: Inner Class detected. Reject building class initialisation methods. 
103713     DEBUG main            d.u.i.k.p.i.AbstractProblemLoader Init config took 3.07s 
103760     INFO  main            d.u.i.k.p.i.AbstractProblemLoader Replaying proof ArrayList[List::get(int)].JML exceptional_behavior operation contract.0 
103976     DEBUG main            d.u.i.k.p.i.IntermediateProofReplayer Proof replay took 208.74ms 
103977     DEBUG main            d.u.i.k.p.r.p.TestFile    ... success: reloaded. 
103978     INFO  main            d.u.i.k.p.r.p.TestFile    Now processing file /home/runner/work/key/key/key.core/../key.ui/examples/heap/list/ArrayList_get_normal.key 
103979     INFO  main            d.u.i.k.p.i.AbstractProblemLoader Loading environment from /home/runner/work/key/key/key.core/../key.ui/examples/heap/list/ArrayList_get_normal.key 
103979     DEBUG main            d.u.i.k.p.i.AbstractProblemLoader Environment load took 155.4ns 
103980     INFO  main            d.u.i.k.p.i.AbstractProblemLoader Creating init config 
104967     DEBUG main            d.u.i.k.j.r.ClassPreparationMethodBuilder clPrepBuilder: Inner Class detected. Reject building class initialisation methods. 
107069     DEBUG main            d.u.i.k.p.i.AbstractProblemLoader Init config took 3.09s 
107115     INFO  main            d.u.i.k.p.i.AbstractProblemLoader Replaying proof ArrayList[List::get(int)].JML normal_behavior operation contract.0 
107116     DEBUG main            d.u.i.k.p.i.IntermediateProofReplayer Proof replay took 4.5ns 
107519     INFO  main            d.u.i.k.p.r.p.TestFile    ... finished proof: closed. 
107724     INFO  main            d.u.i.k.p.i.AbstractProblemLoader Loading environment from /home/runner/work/key/key/key.core/../key.ui/examples/heap/list/ArrayList_get_normal.key.proof 
107724     DEBUG main            d.u.i.k.p.i.AbstractProblemLoader Environment load took 115.7ns 
107725     INFO  main            d.u.i.k.p.i.AbstractProblemLoader Creating init config 
108714     DEBUG main            d.u.i.k.j.r.ClassPreparationMethodBuilder clPrepBuilder: Inner Class detected. Reject building class initialisation methods. 
110774     DEBUG main            d.u.i.k.p.i.AbstractProblemLoader Init config took 3.05s 
110820     INFO  main            d.u.i.k.p.i.AbstractProblemLoader Replaying proof ArrayList[List::get(int)].JML normal_behavior operation contract.0 
110893     DEBUG main            d.u.i.k.p.i.IntermediateProofReplayer Proof replay took 69.51ms 
110894     DEBUG main            d.u.i.k.p.r.p.TestFile    ... success: reloaded. 
110895     INFO  main            d.u.i.k.p.r.p.TestFile    Now processing file /home/runner/work/key/key/key.core/../key.ui/examples/heap/list/ArrayList_inv.key 
110895     INFO  main            d.u.i.k.p.i.AbstractProblemLoader Loading environment from /home/runner/work/key/key/key.core/../key.ui/examples/heap/list/ArrayList_inv.key 
110895     DEBUG main            d.u.i.k.p.i.AbstractProblemLoader Environment load took 79.5ns 
110896     INFO  main            d.u.i.k.p.i.AbstractProblemLoader Creating init config 
111899     DEBUG main            d.u.i.k.j.r.ClassPreparationMethodBuilder clPrepBuilder: Inner Class detected. Reject building class initialisation methods. 
113984     DEBUG main            d.u.i.k.p.i.AbstractProblemLoader Init config took 3.09s 
114030     INFO  main            d.u.i.k.p.i.AbstractProblemLoader Replaying proof ArrayList[java.lang.Object::<inv>()].JML accessible clause.0 
114032     DEBUG main            d.u.i.k.p.i.IntermediateProofReplayer Proof replay took 5ns 
114437     INFO  main            d.u.i.k.p.r.p.TestFile    ... finished proof: closed. 
114642     INFO  main            d.u.i.k.p.i.AbstractProblemLoader Loading environment from /home/runner/work/key/key/key.core/../key.ui/examples/heap/list/ArrayList_inv.key.proof 
114642     DEBUG main            d.u.i.k.p.i.AbstractProblemLoader Environment load took 108.9ns 
114643     INFO  main            d.u.i.k.p.i.AbstractProblemLoader Creating init config 
115615     DEBUG main            d.u.i.k.j.r.ClassPreparationMethodBuilder clPrepBuilder: Inner Class detected. Reject building class initialisation methods. 
117690     DEBUG main            d.u.i.k.p.i.AbstractProblemLoader Init config took 3.05s 
117736     INFO  main            d.u.i.k.p.i.AbstractProblemLoader Replaying proof ArrayList[java.lang.Object::<inv>()].JML accessible clause.0 
117780     DEBUG main            d.u.i.k.p.i.IntermediateProofReplayer Proof replay took 39.73ms 
117781     DEBUG main            d.u.i.k.p.r.p.TestFile    ... success: reloaded. 
117782     INFO  main            d.u.i.k.p.r.p.TestFile    Now processing file /home/runner/work/key/key/key.core/../key.ui/examples/heap/list/ArrayList_iterator.key 
117783     INFO  main            d.u.i.k.p.i.AbstractProblemLoader Loading environment from /home/runner/work/key/key/key.core/../key.ui/examples/heap/list/ArrayList_iterator.key 
117783     DEBUG main            d.u.i.k.p.i.AbstractProblemLoader Environment load took 214.3ns 
117784     INFO  main            d.u.i.k.p.i.AbstractProblemLoader Creating init config 
118788     DEBUG main            d.u.i.k.j.r.ClassPreparationMethodBuilder clPrepBuilder: Inner Class detected. Reject building class initialisation methods. 
120919     DEBUG main            d.u.i.k.p.i.AbstractProblemLoader Init config took 3.13s 
120965     INFO  main            d.u.i.k.p.i.AbstractProblemLoader Replaying proof ArrayList[List::iterator()].JML normal_behavior operation contract.0 
120967     DEBUG main            d.u.i.k.p.i.IntermediateProofReplayer Proof replay took 5.1ns 
121470     INFO  main            d.u.i.k.p.r.p.TestFile    ... finished proof: closed. 
121662     INFO  main            d.u.i.k.p.i.AbstractProblemLoader Loading environment from /home/runner/work/key/key/key.core/../key.ui/examples/heap/list/ArrayList_iterator.key.proof 
121663     DEBUG main            d.u.i.k.p.i.AbstractProblemLoader Environment load took 110.6ns 
121663     INFO  main            d.u.i.k.p.i.AbstractProblemLoader Creating init config 
122667     DEBUG main            d.u.i.k.j.r.ClassPreparationMethodBuilder clPrepBuilder: Inner Class detected. Reject building class initialisation methods. 
124770     DEBUG main            d.u.i.k.p.i.AbstractProblemLoader Init config took 3.11s 
124817     INFO  main            d.u.i.k.p.i.AbstractProblemLoader Replaying proof ArrayList[List::iterator()].JML normal_behavior operation contract.0 
124895     DEBUG main            d.u.i.k.p.i.IntermediateProofReplayer Proof replay took 74.65ms 
124896     DEBUG main            d.u.i.k.p.r.p.TestFile    ... success: reloaded. 
124897     INFO  main            d.u.i.k.p.r.p.TestFile    Now processing file /home/runner/work/key/key/key.core/../key.ui/examples/heap/list/ArrayList_size_dep.key 
124898     INFO  main            d.u.i.k.p.i.AbstractProblemLoader Loading environment from /home/runner/work/key/key/key.core/../key.ui/examples/heap/list/ArrayList_size_dep.key 
124898     DEBUG main            d.u.i.k.p.i.AbstractProblemLoader Environment load took 93.6ns 
124899     INFO  main            d.u.i.k.p.i.AbstractProblemLoader Creating init config 
125883     DEBUG main            d.u.i.k.j.r.ClassPreparationMethodBuilder clPrepBuilder: Inner Class detected. Reject building class initialisation methods. 
127963     DEBUG main            d.u.i.k.p.i.AbstractProblemLoader Init config took 3.06s 
128029     INFO  main            d.u.i.k.p.i.AbstractProblemLoader Replaying proof ArrayList[List::size()].JML accessible clause.0 
128031     DEBUG main            d.u.i.k.p.i.IntermediateProofReplayer Proof replay took 5.3ns 
128233     INFO  main            d.u.i.k.p.r.p.TestFile    ... finished proof: closed. 
128446     INFO  main            d.u.i.k.p.i.AbstractProblemLoader Loading environment from /home/runner/work/key/key/key.core/../key.ui/examples/heap/list/ArrayList_size_dep.key.proof 
128446     DEBUG main            d.u.i.k.p.i.AbstractProblemLoader Environment load took 125.2ns 
128447     INFO  main            d.u.i.k.p.i.AbstractProblemLoader Creating init config 
129423     DEBUG main            d.u.i.k.j.r.ClassPreparationMethodBuilder clPrepBuilder: Inner Class detected. Reject building class initialisation methods. 
131470     DEBUG main            d.u.i.k.p.i.AbstractProblemLoader Init config took 3.02s 
131516     INFO  main            d.u.i.k.p.i.AbstractProblemLoader Replaying proof ArrayList[List::size()].JML accessible clause.0 
131541     DEBUG main            d.u.i.k.p.i.IntermediateProofReplayer Proof replay took 23.25ms 
131541     DEBUG main            d.u.i.k.p.r.p.TestFile    ... success: reloaded. 
131542     INFO  main            d.u.i.k.p.r.p.TestFile    Now processing file /home/runner/work/key/key/key.core/../key.ui/examples/heap/list/ArrayList_size.key 
131543     INFO  main            d.u.i.k.p.i.AbstractProblemLoader Loading environment from /home/runner/work/key/key/key.core/../key.ui/examples/heap/list/ArrayList_size.key 
131543     DEBUG main            d.u.i.k.p.i.AbstractProblemLoader Environment load took 49.9ns 
131543     INFO  main            d.u.i.k.p.i.AbstractProblemLoader Creating init config 
132541     DEBUG main            d.u.i.k.j.r.ClassPreparationMethodBuilder clPrepBuilder: Inner Class detected. Reject building class initialisation methods. 
134660     DEBUG main            d.u.i.k.p.i.AbstractProblemLoader Init config took 3.12s 
134705     INFO  main            d.u.i.k.p.i.AbstractProblemLoader Replaying proof ArrayList[List::size()].JML normal_behavior operation contract.0 
134707     DEBUG main            d.u.i.k.p.i.IntermediateProofReplayer Proof replay took 5.4ns 
134909     INFO  main            d.u.i.k.p.r.p.TestFile    ... finished proof: closed. 
135134     INFO  main            d.u.i.k.p.i.AbstractProblemLoader Loading environment from /home/runner/work/key/key/key.core/../key.ui/examples/heap/list/ArrayList_size.key.proof 
135134     DEBUG main            d.u.i.k.p.i.AbstractProblemLoader Environment load took 106.1ns 
135135     INFO  main            d.u.i.k.p.i.AbstractProblemLoader Creating init config 
136110     DEBUG main            d.u.i.k.j.r.ClassPreparationMethodBuilder clPrepBuilder: Inner Class detected. Reject building class initialisation methods. 
138189     DEBUG main            d.u.i.k.p.i.AbstractProblemLoader Init config took 3.05s 
138234     INFO  main            d.u.i.k.p.i.AbstractProblemLoader Replaying proof ArrayList[List::size()].JML normal_behavior operation contract.0 
138268     DEBUG main            d.u.i.k.p.i.IntermediateProofReplayer Proof replay took 32.44ms 
138269     DEBUG main            d.u.i.k.p.r.p.TestFile    ... success: reloaded. 
138270     INFO  main            d.u.i.k.p.r.p.TestFile    Now processing file /home/runner/work/key/key/key.core/../key.ui/examples/heap/list/ArrayList.ArrayListIterator_ArrayListIterator.key 
138270     INFO  main            d.u.i.k.p.i.AbstractProblemLoader Loading environment from /home/runner/work/key/key/key.core/../key.ui/examples/heap/list/ArrayList.ArrayListIterator_ArrayListIterator.key 
138270     DEBUG main            d.u.i.k.p.i.AbstractProblemLoader Environment load took 61.8ns 
138271     INFO  main            d.u.i.k.p.i.AbstractProblemLoader Creating init config 
139258     DEBUG main            d.u.i.k.j.r.ClassPreparationMethodBuilder clPrepBuilder: Inner Class detected. Reject building class initialisation methods. 
141329     DEBUG main            d.u.i.k.p.i.AbstractProblemLoader Init config took 3.06s 
141392     INFO  main            d.u.i.k.p.i.AbstractProblemLoader Replaying proof ArrayList.ArrayListIterator[ArrayList.ArrayListIterator::ArrayListIterator(ArrayList)].JML normal_behavior operation contract.0 
141395     DEBUG main            d.u.i.k.p.i.IntermediateProofReplayer Proof replay took 5.7ns 
141998     INFO  main            d.u.i.k.p.r.p.TestFile    ... finished proof: closed. 
142239     INFO  main            d.u.i.k.p.i.AbstractProblemLoader Loading environment from /home/runner/work/key/key/key.core/../key.ui/examples/heap/list/ArrayList.ArrayListIterator_ArrayListIterator.key.proof 
142239     DEBUG main            d.u.i.k.p.i.AbstractProblemLoader Environment load took 413.6ns 
142240     INFO  main            d.u.i.k.p.i.AbstractProblemLoader Creating init config 
143211     DEBUG main            d.u.i.k.j.r.ClassPreparationMethodBuilder clPrepBuilder: Inner Class detected. Reject building class initialisation methods. 
145261     DEBUG main            d.u.i.k.p.i.AbstractProblemLoader Init config took 3.02s 
145319     INFO  main            d.u.i.k.p.i.AbstractProblemLoader Replaying proof ArrayList.ArrayListIterator[ArrayList.ArrayListIterator::ArrayListIterator(ArrayList)].JML normal_behavior operation contract.0 
145417     DEBUG main            d.u.i.k.p.i.IntermediateProofReplayer Proof replay took 93.85ms 
145418     DEBUG main            d.u.i.k.p.r.p.TestFile    ... success: reloaded. 
145419     INFO  main            d.u.i.k.p.r.p.TestFile    Now processing file /home/runner/work/key/key/key.core/../key.ui/examples/heap/list/ArrayList.ArrayListIterator_hasNext_dep.key 
145419     INFO  main            d.u.i.k.p.i.AbstractProblemLoader Loading environment from /home/runner/work/key/key/key.core/../key.ui/examples/heap/list/ArrayList.ArrayListIterator_hasNext_dep.key 
145419     DEBUG main            d.u.i.k.p.i.AbstractProblemLoader Environment load took 87.2ns 
145420     INFO  main            d.u.i.k.p.i.AbstractProblemLoader Creating init config 
146437     DEBUG main            d.u.i.k.j.r.ClassPreparationMethodBuilder clPrepBuilder: Inner Class detected. Reject building class initialisation methods. 
148556     DEBUG main            d.u.i.k.p.i.AbstractProblemLoader Init config took 3.14s 
148610     INFO  main            d.u.i.k.p.i.AbstractProblemLoader Replaying proof ArrayList.ArrayListIterator[ListIterator::hasNext()].JML accessible clause.0 
148612     DEBUG main            d.u.i.k.p.i.IntermediateProofReplayer Proof replay took 5.3ns 
149018     INFO  main            d.u.i.k.p.r.p.TestFile    ... finished proof: closed. 
149247     INFO  main            d.u.i.k.p.i.AbstractProblemLoader Loading environment from /home/runner/work/key/key/key.core/../key.ui/examples/heap/list/ArrayList.ArrayListIterator_hasNext_dep.key.proof 
149247     DEBUG main            d.u.i.k.p.i.AbstractProblemLoader Environment load took 110ns 
149248     INFO  main            d.u.i.k.p.i.AbstractProblemLoader Creating init config 
150219     DEBUG main            d.u.i.k.j.r.ClassPreparationMethodBuilder clPrepBuilder: Inner Class detected. Reject building class initialisation methods. 
152302     DEBUG main            d.u.i.k.p.i.AbstractProblemLoader Init config took 3.05s 
152370     INFO  main            d.u.i.k.p.i.AbstractProblemLoader Replaying proof ArrayList.ArrayListIterator[ListIterator::hasNext()].JML accessible clause.0 
152423     DEBUG main            d.u.i.k.p.i.IntermediateProofReplayer Proof replay took 50.37ms 
152426     DEBUG main            d.u.i.k.p.r.p.TestFile    ... success: reloaded. 
152427     INFO  main            d.u.i.k.p.r.p.TestFile    Now processing file /home/runner/work/key/key/key.core/../key.ui/examples/heap/list/ArrayList.ArrayListIterator_hasNext.key 
152427     INFO  main            d.u.i.k.p.i.AbstractProblemLoader Loading environment from /home/runner/work/key/key/key.core/../key.ui/examples/heap/list/ArrayList.ArrayListIterator_hasNext.key 
152427     DEBUG main            d.u.i.k.p.i.AbstractProblemLoader Environment load took 77.2ns 
152428     INFO  main            d.u.i.k.p.i.AbstractProblemLoader Creating init config 
153416     DEBUG main            d.u.i.k.j.r.ClassPreparationMethodBuilder clPrepBuilder: Inner Class detected. Reject building class initialisation methods. 
155489     DEBUG main            d.u.i.k.p.i.AbstractProblemLoader Init config took 3.06s 
155542     INFO  main            d.u.i.k.p.i.AbstractProblemLoader Replaying proof ArrayList.ArrayListIterator[ListIterator::hasNext()].JML normal_behavior operation contract.0 
155543     DEBUG main            d.u.i.k.p.i.IntermediateProofReplayer Proof replay took 5ns 
155946     INFO  main            d.u.i.k.p.r.p.TestFile    ... finished proof: closed. 
156198     INFO  main            d.u.i.k.p.i.AbstractProblemLoader Loading environment from /home/runner/work/key/key/key.core/../key.ui/examples/heap/list/ArrayList.ArrayListIterator_hasNext.key.proof 
156198     DEBUG main            d.u.i.k.p.i.AbstractProblemLoader Environment load took 99.5ns 
156199     INFO  main            d.u.i.k.p.i.AbstractProblemLoader Creating init config 
157198     DEBUG main            d.u.i.k.j.r.ClassPreparationMethodBuilder clPrepBuilder: Inner Class detected. Reject building class initialisation methods. 
159257     DEBUG main            d.u.i.k.p.i.AbstractProblemLoader Init config took 3.06s 
159319     INFO  main            d.u.i.k.p.i.AbstractProblemLoader Replaying proof ArrayList.ArrayListIterator[ListIterator::hasNext()].JML normal_behavior operation contract.0 
159376     DEBUG main            d.u.i.k.p.i.IntermediateProofReplayer Proof replay took 52.11ms 
159377     DEBUG main            d.u.i.k.p.r.p.TestFile    ... success: reloaded. 
159379     INFO  main            d.u.i.k.p.r.p.TestFile    Now processing file /home/runner/work/key/key/key.core/../key.ui/examples/heap/list/ArrayList.ArrayListIterator_inv.key 
159379     INFO  main            d.u.i.k.p.i.AbstractProblemLoader Loading environment from /home/runner/work/key/key/key.core/../key.ui/examples/heap/list/ArrayList.ArrayListIterator_inv.key 
159379     DEBUG main            d.u.i.k.p.i.AbstractProblemLoader Environment load took 85.6ns 
159380     INFO  main            d.u.i.k.p.i.AbstractProblemLoader Creating init config 
160387     DEBUG main            d.u.i.k.j.r.ClassPreparationMethodBuilder clPrepBuilder: Inner Class detected. Reject building class initialisation methods. 
162508     DEBUG main            d.u.i.k.p.i.AbstractProblemLoader Init config took 3.13s 
162559     INFO  main            d.u.i.k.p.i.AbstractProblemLoader Replaying proof ArrayList.ArrayListIterator[java.lang.Object::<inv>()].JML accessible clause.0 
162560     DEBUG main            d.u.i.k.p.i.IntermediateProofReplayer Proof replay took 4.8ns 
163564     INFO  main            d.u.i.k.p.r.p.TestFile    ... finished proof: closed. 
163800     INFO  main            d.u.i.k.p.i.AbstractProblemLoader Loading environment from /home/runner/work/key/key/key.core/../key.ui/examples/heap/list/ArrayList.ArrayListIterator_inv.key.proof 
163801     DEBUG main            d.u.i.k.p.i.AbstractProblemLoader Environment load took 450.9ns 
163802     INFO  main            d.u.i.k.p.i.AbstractProblemLoader Creating init config 
164768     DEBUG main            d.u.i.k.j.r.ClassPreparationMethodBuilder clPrepBuilder: Inner Class detected. Reject building class initialisation methods. 
166838     DEBUG main            d.u.i.k.p.i.AbstractProblemLoader Init config took 3.04s 
166889     INFO  main            d.u.i.k.p.i.AbstractProblemLoader Replaying proof ArrayList.ArrayListIterator[java.lang.Object::<inv>()].JML accessible clause.0 
167008     DEBUG main            d.u.i.k.p.i.IntermediateProofReplayer Proof replay took 112ms 
167010     DEBUG main            d.u.i.k.p.r.p.TestFile    ... success: reloaded. 
167012     INFO  main            d.u.i.k.p.r.p.TestFile    Now processing file /home/runner/work/key/key/key.core/../key.ui/examples/heap/list/ArrayList.ArrayListIterator_list.key 
167012     INFO  main            d.u.i.k.p.i.AbstractProblemLoader Loading environment from /home/runner/work/key/key/key.core/../key.ui/examples/heap/list/ArrayList.ArrayListIterator_list.key 
167013     DEBUG main            d.u.i.k.p.i.AbstractProblemLoader Environment load took 312.6ns 
167013     INFO  main            d.u.i.k.p.i.AbstractProblemLoader Creating init config 
168001     DEBUG main            d.u.i.k.j.r.ClassPreparationMethodBuilder clPrepBuilder: Inner Class detected. Reject building class initialisation methods. 
170058     DEBUG main            d.u.i.k.p.i.AbstractProblemLoader Init config took 3.04s 
170115     INFO  main            d.u.i.k.p.i.AbstractProblemLoader Replaying proof ListIterator[ListIterator::$list()].JML accessible clause.0 
170116     DEBUG main            d.u.i.k.p.i.IntermediateProofReplayer Proof replay took 5.2ns 
170218     INFO  main            d.u.i.k.p.r.p.TestFile    ... finished proof: closed. 
170447     INFO  main            d.u.i.k.p.i.AbstractProblemLoader Loading environment from /home/runner/work/key/key/key.core/../key.ui/examples/heap/list/ArrayList.ArrayListIterator_list.key.proof 
170447     DEBUG main            d.u.i.k.p.i.AbstractProblemLoader Environment load took 109.3ns 
170448     INFO  main            d.u.i.k.p.i.AbstractProblemLoader Creating init config 
171422     DEBUG main            d.u.i.k.j.r.ClassPreparationMethodBuilder clPrepBuilder: Inner Class detected. Reject building class initialisation methods. 
173468     DEBUG main            d.u.i.k.p.i.AbstractProblemLoader Init config took 3.02s 
173507     INFO  main            d.u.i.k.p.i.AbstractProblemLoader Replaying proof ListIterator[ListIterator::$list()].JML accessible clause.0 
173509     DEBUG main            d.u.i.k.p.i.IntermediateProofReplayer Proof replay took 914ns 
173510     DEBUG main            d.u.i.k.p.r.p.TestFile    ... success: reloaded. 
173511     INFO  main            d.u.i.k.p.r.p.TestFile    Now processing file /home/runner/work/key/key/key.core/../key.ui/examples/heap/list/ArrayList.ArrayListIterator_next_exceptional.key 
173511     INFO  main            d.u.i.k.p.i.AbstractProblemLoader Loading environment from /home/runner/work/key/key/key.core/../key.ui/examples/heap/list/ArrayList.ArrayListIterator_next_exceptional.key 
173511     DEBUG main            d.u.i.k.p.i.AbstractProblemLoader Environment load took 53ns 
173512     INFO  main            d.u.i.k.p.i.AbstractProblemLoader Creating init config 
174506     DEBUG main            d.u.i.k.j.r.ClassPreparationMethodBuilder clPrepBuilder: Inner Class detected. Reject building class initialisation methods. 
176596     DEBUG main            d.u.i.k.p.i.AbstractProblemLoader Init config took 3.08s 
176647     INFO  main            d.u.i.k.p.i.AbstractProblemLoader Replaying proof ArrayList.ArrayListIterator[ListIterator::next()].JML exceptional_behavior operation contract.0 
176648     DEBUG main            d.u.i.k.p.i.IntermediateProofReplayer Proof replay took 5.4ns 
177471     INFO  main            d.u.i.k.p.r.p.TestFile    ... finished proof: closed. 
177726     INFO  main            d.u.i.k.p.i.AbstractProblemLoader Loading environment from /home/runner/work/key/key/key.core/../key.ui/examples/heap/list/ArrayList.ArrayListIterator_next_exceptional.key.proof 
177726     DEBUG main            d.u.i.k.p.i.AbstractProblemLoader Environment load took 108.4ns 
177727     INFO  main            d.u.i.k.p.i.AbstractProblemLoader Creating init config 
178703     DEBUG main            d.u.i.k.j.r.ClassPreparationMethodBuilder clPrepBuilder: Inner Class detected. Reject building class initialisation methods. 
180749     DEBUG main            d.u.i.k.p.i.AbstractProblemLoader Init config took 3.02s 
180802     INFO  main            d.u.i.k.p.i.AbstractProblemLoader Replaying proof ArrayList.ArrayListIterator[ListIterator::next()].JML exceptional_behavior operation contract.0 
180944     DEBUG main            d.u.i.k.p.i.IntermediateProofReplayer Proof replay took 136.24ms 
180946     DEBUG main            d.u.i.k.p.r.p.TestFile    ... success: reloaded. 
180947     INFO  main            d.u.i.k.p.r.p.TestFile    Now processing file /home/runner/work/key/key/key.core/../key.ui/examples/heap/list/ArrayList.ArrayListIterator_next_normal.key 
180948     INFO  main            d.u.i.k.p.i.AbstractProblemLoader Loading environment from /home/runner/work/key/key/key.core/../key.ui/examples/heap/list/ArrayList.ArrayListIterator_next_normal.key 
180948     DEBUG main            d.u.i.k.p.i.AbstractProblemLoader Environment load took 230ns 
180949     INFO  main            d.u.i.k.p.i.AbstractProblemLoader Creating init config 
181955     DEBUG main            d.u.i.k.j.r.ClassPreparationMethodBuilder clPrepBuilder: Inner Class detected. Reject building class initialisation methods. 
184051     DEBUG main            d.u.i.k.p.i.AbstractProblemLoader Init config took 3.1s 
184102     INFO  main            d.u.i.k.p.i.AbstractProblemLoader Replaying proof ArrayList.ArrayListIterator[ListIterator::next()].JML normal_behavior operation contract.0 
184104     DEBUG main            d.u.i.k.p.i.IntermediateProofReplayer Proof replay took 5.5ns 
185025     INFO  main            d.u.i.k.p.r.p.TestFile    ... finished proof: closed. 
185288     INFO  main            d.u.i.k.p.i.AbstractProblemLoader Loading environment from /home/runner/work/key/key/key.core/../key.ui/examples/heap/list/ArrayList.ArrayListIterator_next_normal.key.proof 
185288     DEBUG main            d.u.i.k.p.i.AbstractProblemLoader Environment load took 400.9ns 
185290     INFO  main            d.u.i.k.p.i.AbstractProblemLoader Creating init config 
186266     DEBUG main            d.u.i.k.j.r.ClassPreparationMethodBuilder clPrepBuilder: Inner Class detected. Reject building class initialisation methods. 
188319     DEBUG main            d.u.i.k.p.i.AbstractProblemLoader Init config took 3.03s 
188371     INFO  main            d.u.i.k.p.i.AbstractProblemLoader Replaying proof ArrayList.ArrayListIterator[ListIterator::next()].JML normal_behavior operation contract.0 
188541     DEBUG main            d.u.i.k.p.i.IntermediateProofReplayer Proof replay took 165.34ms 
188543     DEBUG main            d.u.i.k.p.r.p.TestFile    ... success: reloaded. 
188543     INFO  main            d.u.i.k.p.r.p.TestFile    Now processing file /home/runner/work/key/key/key.core/../key.ui/examples/heap/list/ArrayList.ArrayListIterator_pos.key 
188544     INFO  main            d.u.i.k.p.i.AbstractProblemLoader Loading environment from /home/runner/work/key/key/key.core/../key.ui/examples/heap/list/ArrayList.ArrayListIterator_pos.key 
188544     DEBUG main            d.u.i.k.p.i.AbstractProblemLoader Environment load took 88.6ns 
188545     INFO  main            d.u.i.k.p.i.AbstractProblemLoader Creating init config 
189542     DEBUG main            d.u.i.k.j.r.ClassPreparationMethodBuilder clPrepBuilder: Inner Class detected. Reject building class initialisation methods. 
191616     DEBUG main            d.u.i.k.p.i.AbstractProblemLoader Init config took 3.07s 
191655     INFO  main            d.u.i.k.p.i.AbstractProblemLoader Replaying proof ListIterator[ListIterator::$pos()].JML accessible clause.0 
191656     DEBUG main            d.u.i.k.p.i.IntermediateProofReplayer Proof replay took 5.2ns 
191758     INFO  main            d.u.i.k.p.r.p.TestFile    ... finished proof: closed. 
192000     INFO  main            d.u.i.k.p.i.AbstractProblemLoader Loading environment from /home/runner/work/key/key/key.core/../key.ui/examples/heap/list/ArrayList.ArrayListIterator_pos.key.proof 
192000     DEBUG main            d.u.i.k.p.i.AbstractProblemLoader Environment load took 271.1ns 
192001     INFO  main            d.u.i.k.p.i.AbstractProblemLoader Creating init config 
192971     DEBUG main            d.u.i.k.j.r.ClassPreparationMethodBuilder clPrepBuilder: Inner Class detected. Reject building class initialisation methods. 
194997     DEBUG main            d.u.i.k.p.i.AbstractProblemLoader Init config took 3s 
195045     INFO  main            d.u.i.k.p.i.AbstractProblemLoader Replaying proof ListIterator[ListIterator::$pos()].JML accessible clause.0 
195047     DEBUG main            d.u.i.k.p.i.IntermediateProofReplayer Proof replay took 918.4ns 
195048     DEBUG main            d.u.i.k.p.r.p.TestFile    ... success: reloaded. 
195049     INFO  main            d.u.i.k.p.r.p.TestFile    Now processing file /home/runner/work/key/key/key.core/../key.ui/examples/heap/list/Client_m.key 
195049     INFO  main            d.u.i.k.p.i.AbstractProblemLoader Loading environment from /home/runner/work/key/key/key.core/../key.ui/examples/heap/list/Client_m.key 
195049     DEBUG main            d.u.i.k.p.i.AbstractProblemLoader Environment load took 77.3ns 
195050     INFO  main            d.u.i.k.p.i.AbstractProblemLoader Creating init config 
196030     DEBUG main            d.u.i.k.j.r.ClassPreparationMethodBuilder clPrepBuilder: Inner Class detected. Reject building class initialisation methods. 
198122     DEBUG main            d.u.i.k.p.i.AbstractProblemLoader Init config took 3.07s 
198161     INFO  main            d.u.i.k.p.i.AbstractProblemLoader Replaying proof Client[Client::m(List)].JML normal_behavior operation contract.0 
198162     DEBUG main            d.u.i.k.p.i.IntermediateProofReplayer Proof replay took 5ns 
198464     INFO  main            d.u.i.k.p.r.p.TestFile    ... finished proof: closed. 
198733     INFO  main            d.u.i.k.p.i.AbstractProblemLoader Loading environment from /home/runner/work/key/key/key.core/../key.ui/examples/heap/list/Client_m.key.proof 
198733     DEBUG main            d.u.i.k.p.i.AbstractProblemLoader Environment load took 97.4ns 
198734     INFO  main            d.u.i.k.p.i.AbstractProblemLoader Creating init config 
199701     DEBUG main            d.u.i.k.j.r.ClassPreparationMethodBuilder clPrepBuilder: Inner Class detected. Reject building class initialisation methods. 
201751     DEBUG main            d.u.i.k.p.i.AbstractProblemLoader Init config took 3.02s 
201789     INFO  main            d.u.i.k.p.i.AbstractProblemLoader Replaying proof Client[Client::m(List)].JML normal_behavior operation contract.0 
201860     DEBUG main            d.u.i.k.p.i.IntermediateProofReplayer Proof replay took 68.28ms 
201861     DEBUG main            d.u.i.k.p.r.p.TestFile    ... success: reloaded. 
201862     INFO  main            d.u.i.k.p.r.p.TestFile    Now processing file /home/runner/work/key/key/key.core/../key.ui/examples/heap/list/Client_n.key 
201863     INFO  main            d.u.i.k.p.i.AbstractProblemLoader Loading environment from /home/runner/work/key/key/key.core/../key.ui/examples/heap/list/Client_n.key 
201863     DEBUG main            d.u.i.k.p.i.AbstractProblemLoader Environment load took 211.9ns 
201864     INFO  main            d.u.i.k.p.i.AbstractProblemLoader Creating init config 
202851     DEBUG main            d.u.i.k.j.r.ClassPreparationMethodBuilder clPrepBuilder: Inner Class detected. Reject building class initialisation methods. 
204918     DEBUG main            d.u.i.k.p.i.AbstractProblemLoader Init config took 3.05s 
204961     INFO  main            d.u.i.k.p.i.AbstractProblemLoader Replaying proof Client[Client::n(List)].JML normal_behavior operation contract.0 
204963     DEBUG main            d.u.i.k.p.i.IntermediateProofReplayer Proof replay took 6.2ns 
205065     INFO  main            d.u.i.k.p.r.p.TestFile    ... finished proof: closed. 
205456     INFO  main            d.u.i.k.p.i.AbstractProblemLoader Loading environment from /home/runner/work/key/key/key.core/../key.ui/examples/heap/list/Client_n.key.proof 
205456     DEBUG main            d.u.i.k.p.i.AbstractProblemLoader Environment load took 102.4ns 
205457     INFO  main            d.u.i.k.p.i.AbstractProblemLoader Creating init config 
206423     DEBUG main            d.u.i.k.j.r.ClassPreparationMethodBuilder clPrepBuilder: Inner Class detected. Reject building class initialisation methods. 
208446     DEBUG main            d.u.i.k.p.i.AbstractProblemLoader Init config took 2.99s 
208485     INFO  main            d.u.i.k.p.i.AbstractProblemLoader Replaying proof Client[Client::n(List)].JML normal_behavior operation contract.0 
208502     DEBUG main            d.u.i.k.p.i.IntermediateProofReplayer Proof replay took 16.16ms 
208503     DEBUG main            d.u.i.k.p.r.p.TestFile    ... success: reloaded. 
208504     INFO  main            d.u.i.k.p.r.p.TestFile    Now processing file /home/runner/work/key/key/key.core/../key.ui/examples/heap/list/LinkedList_get_exceptional.key 
208504     INFO  main            d.u.i.k.p.i.AbstractProblemLoader Loading environment from /home/runner/work/key/key/key.core/../key.ui/examples/heap/list/LinkedList_get_exceptional.key 
208504     DEBUG main            d.u.i.k.p.i.AbstractProblemLoader Environment load took 45.6ns 
208505     INFO  main            d.u.i.k.p.i.AbstractProblemLoader Creating init config 
209476     DEBUG main            d.u.i.k.j.r.ClassPreparationMethodBuilder clPrepBuilder: Inner Class detected. Reject building class initialisation methods. 
211556     DEBUG main            d.u.i.k.p.i.AbstractProblemLoader Init config took 3.05s 
211600     INFO  main            d.u.i.k.p.i.AbstractProblemLoader Replaying proof LinkedList[List::get(int)].JML exceptional_behavior operation contract.0 
211602     DEBUG main            d.u.i.k.p.i.IntermediateProofReplayer Proof replay took 7ns 
213720     INFO  main            d.u.i.k.p.r.p.TestFile    ... finished proof: closed. 
214012     INFO  main            d.u.i.k.p.i.AbstractProblemLoader Loading environment from /home/runner/work/key/key/key.core/../key.ui/examples/heap/list/LinkedList_get_exceptional.key.proof 
214012     DEBUG main            d.u.i.k.p.i.AbstractProblemLoader Environment load took 396.5ns 
214013     INFO  main            d.u.i.k.p.i.AbstractProblemLoader Creating init config 
214980     DEBUG main            d.u.i.k.j.r.ClassPreparationMethodBuilder clPrepBuilder: Inner Class detected. Reject building class initialisation methods. 
217007     DEBUG main            d.u.i.k.p.i.AbstractProblemLoader Init config took 2.99s 
217052     INFO  main            d.u.i.k.p.i.AbstractProblemLoader Replaying proof LinkedList[List::get(int)].JML exceptional_behavior operation contract.0 
217347     DEBUG main            d.u.i.k.p.i.IntermediateProofReplayer Proof replay took 286.54ms 
217348     DEBUG main            d.u.i.k.p.r.p.TestFile    ... success: reloaded. 
217349     INFO  main            d.u.i.k.p.r.p.TestFile    Now processing file /home/runner/work/key/key/key.core/../key.ui/examples/heap/list/LinkedList_get_normal.key 
217349     INFO  main            d.u.i.k.p.i.AbstractProblemLoader Loading environment from /home/runner/work/key/key/key.core/../key.ui/examples/heap/list/LinkedList_get_normal.key 
217349     DEBUG main            d.u.i.k.p.i.AbstractProblemLoader Environment load took 48.1ns 
217350     INFO  main            d.u.i.k.p.i.AbstractProblemLoader Creating init config 
218359     DEBUG main            d.u.i.k.j.r.ClassPreparationMethodBuilder clPrepBuilder: Inner Class detected. Reject building class initialisation methods. 
220432     DEBUG main            d.u.i.k.p.i.AbstractProblemLoader Init config took 3.08s 
220476     INFO  main            d.u.i.k.p.i.AbstractProblemLoader Replaying proof LinkedList[List::get(int)].JML normal_behavior operation contract.0 
220480     DEBUG main            d.u.i.k.p.i.IntermediateProofReplayer Proof replay took 6.1ns 
225943     INFO  main            d.u.i.k.p.r.p.TestFile    ... finished proof: closed. 
226307     INFO  main            d.u.i.k.p.i.AbstractProblemLoader Loading environment from /home/runner/work/key/key/key.core/../key.ui/examples/heap/list/LinkedList_get_normal.key.proof 
226307     DEBUG main            d.u.i.k.p.i.AbstractProblemLoader Environment load took 452.2ns 
226309     INFO  main            d.u.i.k.p.i.AbstractProblemLoader Creating init config 
227274     DEBUG main            d.u.i.k.j.r.ClassPreparationMethodBuilder clPrepBuilder: Inner Class detected. Reject building class initialisation methods. 
229293     DEBUG main            d.u.i.k.p.i.AbstractProblemLoader Init config took 2.98s 
229337     INFO  main            d.u.i.k.p.i.AbstractProblemLoader Replaying proof LinkedList[List::get(int)].JML normal_behavior operation contract.0 
229786     DEBUG main            d.u.i.k.p.i.IntermediateProofReplayer Proof replay took 425.05ms 
229788     DEBUG main            d.u.i.k.p.r.p.TestFile    ... success: reloaded. 
229789     INFO  main            d.u.i.k.p.r.p.TestFile    Now processing file /home/runner/work/key/key/key.core/../key.ui/examples/heap/list/LinkedList_LinkedList.key 
229789     INFO  main            d.u.i.k.p.i.AbstractProblemLoader Loading environment from /home/runner/work/key/key/key.core/../key.ui/examples/heap/list/LinkedList_LinkedList.key 
229789     DEBUG main            d.u.i.k.p.i.AbstractProblemLoader Environment load took 58.5ns 
229790     INFO  main            d.u.i.k.p.i.AbstractProblemLoader Creating init config 
230781     DEBUG main            d.u.i.k.j.r.ClassPreparationMethodBuilder clPrepBuilder: Inner Class detected. Reject building class initialisation methods. 
232844     DEBUG main            d.u.i.k.p.i.AbstractProblemLoader Init config took 3.05s 
232889     INFO  main            d.u.i.k.p.i.AbstractProblemLoader Replaying proof LinkedList[LinkedList::LinkedList()].JML normal_behavior operation contract.0 
232890     DEBUG main            d.u.i.k.p.i.IntermediateProofReplayer Proof replay took 5.5ns 
233405     INFO  main            d.u.i.k.p.r.p.TestFile    ... finished proof: closed. 
233704     INFO  main            d.u.i.k.p.i.AbstractProblemLoader Loading environment from /home/runner/work/key/key/key.core/../key.ui/examples/heap/list/LinkedList_LinkedList.key.proof 
233705     DEBUG main            d.u.i.k.p.i.AbstractProblemLoader Environment load took 88.6ns 
233705     INFO  main            d.u.i.k.p.i.AbstractProblemLoader Creating init config 
234682     DEBUG main            d.u.i.k.j.r.ClassPreparationMethodBuilder clPrepBuilder: Inner Class detected. Reject building class initialisation methods. 
236706     DEBUG main            d.u.i.k.p.i.AbstractProblemLoader Init config took 3s 
236750     INFO  main            d.u.i.k.p.i.AbstractProblemLoader Replaying proof LinkedList[LinkedList::LinkedList()].JML normal_behavior operation contract.0 
236855     DEBUG main            d.u.i.k.p.i.IntermediateProofReplayer Proof replay took 101.26ms 
236856     DEBUG main            d.u.i.k.p.r.p.TestFile    ... success: reloaded. 
236857     INFO  main            d.u.i.k.p.r.p.TestFile    Now processing file /home/runner/work/key/key/key.core/../key.ui/examples/heap/list/LinkedList_size_dep.key 
236857     INFO  main            d.u.i.k.p.i.AbstractProblemLoader Loading environment from /home/runner/work/key/key/key.core/../key.ui/examples/heap/list/LinkedList_size_dep.key 
236857     DEBUG main            d.u.i.k.p.i.AbstractProblemLoader Environment load took 104.9ns 
236858     INFO  main            d.u.i.k.p.i.AbstractProblemLoader Creating init config 
237837     DEBUG main            d.u.i.k.j.r.ClassPreparationMethodBuilder clPrepBuilder: Inner Class detected. Reject building class initialisation methods. 
239946     DEBUG main            d.u.i.k.p.i.AbstractProblemLoader Init config took 3.09s 
239989     INFO  main            d.u.i.k.p.i.AbstractProblemLoader Replaying proof LinkedList[List::size()].JML accessible clause.0 
239990     DEBUG main            d.u.i.k.p.i.IntermediateProofReplayer Proof replay took 5.9ns 
240492     INFO  main            d.u.i.k.p.r.p.TestFile    ... finished proof: closed. 
240803     INFO  main            d.u.i.k.p.i.AbstractProblemLoader Loading environment from /home/runner/work/key/key/key.core/../key.ui/examples/heap/list/LinkedList_size_dep.key.proof 
240803     DEBUG main            d.u.i.k.p.i.AbstractProblemLoader Environment load took 89.7ns 
240804     INFO  main            d.u.i.k.p.i.AbstractProblemLoader Creating init config 
241807     DEBUG main            d.u.i.k.j.r.ClassPreparationMethodBuilder clPrepBuilder: Inner Class detected. Reject building class initialisation methods. 
243827     DEBUG main            d.u.i.k.p.i.AbstractProblemLoader Init config took 3.02s 
243882     INFO  main            d.u.i.k.p.i.AbstractProblemLoader Replaying proof LinkedList[List::size()].JML accessible clause.0 
243929     DEBUG main            d.u.i.k.p.i.IntermediateProofReplayer Proof replay took 44.06ms 
243930     DEBUG main            d.u.i.k.p.r.p.TestFile    ... success: reloaded. 
243931     INFO  main            d.u.i.k.p.r.p.TestFile    Now processing file /home/runner/work/key/key/key.core/../key.ui/examples/heap/list/LinkedList_size.key 
243931     INFO  main            d.u.i.k.p.i.AbstractProblemLoader Loading environment from /home/runner/work/key/key/key.core/../key.ui/examples/heap/list/LinkedList_size.key 
243931     DEBUG main            d.u.i.k.p.i.AbstractProblemLoader Environment load took 73ns 
243932     INFO  main            d.u.i.k.p.i.AbstractProblemLoader Creating init config 
244939     DEBUG main            d.u.i.k.j.r.ClassPreparationMethodBuilder clPrepBuilder: Inner Class detected. Reject building class initialisation methods. 
247007     DEBUG main            d.u.i.k.p.i.AbstractProblemLoader Init config took 3.07s 
247051     INFO  main            d.u.i.k.p.i.AbstractProblemLoader Replaying proof LinkedList[List::size()].JML normal_behavior operation contract.0 
247052     DEBUG main            d.u.i.k.p.i.IntermediateProofReplayer Proof replay took 6.5ns 
247554     INFO  main            d.u.i.k.p.r.p.TestFile    ... finished proof: closed. 
247844     INFO  main            d.u.i.k.p.i.AbstractProblemLoader Loading environment from /home/runner/work/key/key/key.core/../key.ui/examples/heap/list/LinkedList_size.key.proof 
247844     DEBUG main            d.u.i.k.p.i.AbstractProblemLoader Environment load took 92.8ns 
247845     INFO  main            d.u.i.k.p.i.AbstractProblemLoader Creating init config 
248809     DEBUG main            d.u.i.k.j.r.ClassPreparationMethodBuilder clPrepBuilder: Inner Class detected. Reject building class initialisation methods. 
250865     DEBUG main            d.u.i.k.p.i.AbstractProblemLoader Init config took 3.02s 
250920     INFO  main            d.u.i.k.p.i.AbstractProblemLoader Replaying proof LinkedList[List::size()].JML normal_behavior operation contract.0 
250961     DEBUG main            d.u.i.k.p.i.IntermediateProofReplayer Proof replay took 38.91ms 
250962     DEBUG main            d.u.i.k.p.r.p.TestFile    ... success: reloaded. 
250963     INFO  main            d.u.i.k.p.r.p.TestFile    Now processing file /home/runner/work/key/key/key.core/../key.ui/examples/heap/list/MySet_footprint.key 
250963     INFO  main            d.u.i.k.p.i.AbstractProblemLoader Loading environment from /home/runner/work/key/key/key.core/../key.ui/examples/heap/list/MySet_footprint.key 
250963     DEBUG main            d.u.i.k.p.i.AbstractProblemLoader Environment load took 51.6ns 
250964     INFO  main            d.u.i.k.p.i.AbstractProblemLoader Creating init config 
251939     DEBUG main            d.u.i.k.j.r.ClassPreparationMethodBuilder clPrepBuilder: Inner Class detected. Reject building class initialisation methods. 
253990     DEBUG main            d.u.i.k.p.i.AbstractProblemLoader Init config took 3.03s 
254037     INFO  main            d.u.i.k.p.i.AbstractProblemLoader Replaying proof MySet[MySet::$footprint()].JML accessible clause.0 
254038     DEBUG main            d.u.i.k.p.i.IntermediateProofReplayer Proof replay took 5.6ns 
254340     INFO  main            d.u.i.k.p.r.p.TestFile    ... finished proof: closed. 
254660     INFO  main            d.u.i.k.p.i.AbstractProblemLoader Loading environment from /home/runner/work/key/key/key.core/../key.ui/examples/heap/list/MySet_footprint.key.proof 
254660     DEBUG main            d.u.i.k.p.i.AbstractProblemLoader Environment load took 109.1ns 
254661     INFO  main            d.u.i.k.p.i.AbstractProblemLoader Creating init config 
255625     DEBUG main            d.u.i.k.j.r.ClassPreparationMethodBuilder clPrepBuilder: Inner Class detected. Reject building class initialisation methods. 
257644     DEBUG main            d.u.i.k.p.i.AbstractProblemLoader Init config took 2.98s 
257690     INFO  main            d.u.i.k.p.i.AbstractProblemLoader Replaying proof MySet[MySet::$footprint()].JML accessible clause.0 
257720     DEBUG main            d.u.i.k.p.i.IntermediateProofReplayer Proof replay took 27.66ms 
257721     DEBUG main            d.u.i.k.p.r.p.TestFile    ... success: reloaded. 
257722     INFO  main            d.u.i.k.p.r.p.TestFile    Now processing file /home/runner/work/key/key/key.core/../key.ui/examples/heap/list/MySet_MySet.key 
257722     INFO  main            d.u.i.k.p.i.AbstractProblemLoader Loading environment from /home/runner/work/key/key/key.core/../key.ui/examples/heap/list/MySet_MySet.key 
257722     DEBUG main            d.u.i.k.p.i.AbstractProblemLoader Environment load took 70.5ns 
257723     INFO  main            d.u.i.k.p.i.AbstractProblemLoader Creating init config 
258697     DEBUG main            d.u.i.k.j.r.ClassPreparationMethodBuilder clPrepBuilder: Inner Class detected. Reject building class initialisation methods. 
260762     DEBUG main            d.u.i.k.p.i.AbstractProblemLoader Init config took 3.04s 
260809     INFO  main            d.u.i.k.p.i.AbstractProblemLoader Replaying proof MySet[MySet::MySet()].JML normal_behavior operation contract.0 
260810     DEBUG main            d.u.i.k.p.i.IntermediateProofReplayer Proof replay took 5.6ns 
263243     INFO  main            d.u.i.k.p.r.p.TestFile    ... finished proof: closed. 
263573     INFO  main            d.u.i.k.p.i.AbstractProblemLoader Loading environment from /home/runner/work/key/key/key.core/../key.ui/examples/heap/list/MySet_MySet.key.proof 
263573     DEBUG main            d.u.i.k.p.i.AbstractProblemLoader Environment load took 383.4ns 
263575     INFO  main            d.u.i.k.p.i.AbstractProblemLoader Creating init config 
264538     DEBUG main            d.u.i.k.j.r.ClassPreparationMethodBuilder clPrepBuilder: Inner Class detected. Reject building class initialisation methods. 
266562     DEBUG main            d.u.i.k.p.i.AbstractProblemLoader Init config took 2.99s 
266609     INFO  main            d.u.i.k.p.i.AbstractProblemLoader Replaying proof MySet[MySet::MySet()].JML normal_behavior operation contract.0 
266944     DEBUG main            d.u.i.k.p.i.IntermediateProofReplayer Proof replay took 321.94ms 
266945     DEBUG main            d.u.i.k.p.r.p.TestFile    ... success: reloaded. 
1088222    INFO  Test worker     d.u.i.k.p.r.RunAllProofsTestUnit Returning from test list 
1088223    INFO  Test worker     d.u.i.k.p.r.RunAllProofsTestUnit Running test list_ghost 
318        INFO  Timeout watchdog d.u.i.k.p.r.p.ForkedTestFileRunner Timeout watcher launched (2000 secs.) 
332        WARN  main            d.u.i.k.s.ProofSettings   The settings in /home/runner/.key/proof-settings.props are *not* read. 
369        INFO  main            d.u.i.k.p.r.p.TestFile    Now processing file /home/runner/work/key/key/key.core/../key.ui/examples/heap/list_ghost/ArrayList_add.key 
479        INFO  main            d.u.i.k.p.i.AbstractProblemLoader Loading environment from /home/runner/work/key/key/key.core/../key.ui/examples/heap/list_ghost/ArrayList_add.key 
499        DEBUG main            d.u.i.k.p.i.AbstractProblemLoader Environment load took 2.1ms 
712        INFO  main            d.u.i.k.p.i.AbstractProblemLoader Creating init config 
1674       DEBUG main            d.u.i.k.j.TypeConverter   No LDT found for Meta 
1675       DEBUG main            d.u.i.k.j.TypeConverter   No LDT found for Meta 
1676       DEBUG main            d.u.i.k.j.TypeConverter   No LDT found for Meta 
1676       DEBUG main            d.u.i.k.j.TypeConverter   No LDT found for Meta 
3282       DEBUG main            d.u.i.k.j.TypeConverter   No LDT found for JavaBigintExpression 
7803       DEBUG main            d.u.i.k.p.i.AbstractProblemLoader Init config took 7.09s 
7922       INFO  main            d.u.i.k.p.i.AbstractProblemLoader Replaying proof ArrayList[List::add(java.lang.Object)].JML normal_behavior operation contract.0 
7952       DEBUG main            d.u.i.k.p.i.IntermediateProofReplayer Proof replay took 34.1ns 
12462      INFO  main            d.u.i.k.p.r.p.TestFile    ... finished proof: closed. 
12656      INFO  main            d.u.i.k.p.i.AbstractProblemLoader Loading environment from /home/runner/work/key/key/key.core/../key.ui/examples/heap/list_ghost/ArrayList_add.key.proof 
12656      DEBUG main            d.u.i.k.p.i.AbstractProblemLoader Environment load took 453.1ns 
12659      INFO  main            d.u.i.k.p.i.AbstractProblemLoader Creating init config 
15300      DEBUG main            d.u.i.k.p.i.AbstractProblemLoader Init config took 2.64s 
15387      INFO  main            d.u.i.k.p.i.AbstractProblemLoader Replaying proof ArrayList[List::add(java.lang.Object)].JML normal_behavior operation contract.0 
16148      DEBUG main            d.u.i.k.p.i.IntermediateProofReplayer Proof replay took 705.03ms 
16156      DEBUG main            d.u.i.k.p.r.p.TestFile    ... success: reloaded. 
16161      INFO  main            d.u.i.k.p.r.p.TestFile    Now processing file /home/runner/work/key/key/key.core/../key.ui/examples/heap/list_ghost/ArrayList_ArrayList.key 
16162      INFO  main            d.u.i.k.p.i.AbstractProblemLoader Loading environment from /home/runner/work/key/key/key.core/../key.ui/examples/heap/list_ghost/ArrayList_ArrayList.key 
16162      DEBUG main            d.u.i.k.p.i.AbstractProblemLoader Environment load took 109.9ns 
16166      INFO  main            d.u.i.k.p.i.AbstractProblemLoader Creating init config 
18869      DEBUG main            d.u.i.k.p.i.AbstractProblemLoader Init config took 2.7s 
18926      INFO  main            d.u.i.k.p.i.AbstractProblemLoader Replaying proof ArrayList[ArrayList::ArrayList()].JML normal_behavior operation contract.0 
18929      DEBUG main            d.u.i.k.p.i.IntermediateProofReplayer Proof replay took 6ns 
19934      INFO  main            d.u.i.k.p.r.p.TestFile    ... finished proof: closed. 
20082      INFO  main            d.u.i.k.p.i.AbstractProblemLoader Loading environment from /home/runner/work/key/key/key.core/../key.ui/examples/heap/list_ghost/ArrayList_ArrayList.key.proof 
20082      DEBUG main            d.u.i.k.p.i.AbstractProblemLoader Environment load took 427.1ns 
20084      INFO  main            d.u.i.k.p.i.AbstractProblemLoader Creating init config 
22562      DEBUG main            d.u.i.k.p.i.AbstractProblemLoader Init config took 2.48s 
22612      INFO  main            d.u.i.k.p.i.AbstractProblemLoader Replaying proof ArrayList[ArrayList::ArrayList()].JML normal_behavior operation contract.0 
22784      DEBUG main            d.u.i.k.p.i.IntermediateProofReplayer Proof replay took 164.1ms 
22785      DEBUG main            d.u.i.k.p.r.p.TestFile    ... success: reloaded. 
22787      INFO  main            d.u.i.k.p.r.p.TestFile    Now processing file /home/runner/work/key/key/key.core/../key.ui/examples/heap/list_ghost/ArrayList_enlarge.key 
22787      INFO  main            d.u.i.k.p.i.AbstractProblemLoader Loading environment from /home/runner/work/key/key/key.core/../key.ui/examples/heap/list_ghost/ArrayList_enlarge.key 
22787      DEBUG main            d.u.i.k.p.i.AbstractProblemLoader Environment load took 224.6ns 
22788      INFO  main            d.u.i.k.p.i.AbstractProblemLoader Creating init config 
25369      DEBUG main            d.u.i.k.p.i.AbstractProblemLoader Init config took 2.58s 
25415      INFO  main            d.u.i.k.p.i.AbstractProblemLoader Replaying proof ArrayList[ArrayList::enlarge()].JML normal_behavior operation contract.0 
25417      DEBUG main            d.u.i.k.p.i.IntermediateProofReplayer Proof replay took 5.3ns 
27426      INFO  main            d.u.i.k.p.r.p.TestFile    ... finished proof: closed. 
27665      INFO  main            d.u.i.k.p.i.AbstractProblemLoader Loading environment from /home/runner/work/key/key/key.core/../key.ui/examples/heap/list_ghost/ArrayList_enlarge.key.proof 
27666      DEBUG main            d.u.i.k.p.i.AbstractProblemLoader Environment load took 1.09ms 
27670      INFO  main            d.u.i.k.p.i.AbstractProblemLoader Creating init config 
30151      DEBUG main            d.u.i.k.p.i.AbstractProblemLoader Init config took 2.48s 
30197      INFO  main            d.u.i.k.p.i.AbstractProblemLoader Replaying proof ArrayList[ArrayList::enlarge()].JML normal_behavior operation contract.0 
30602      DEBUG main            d.u.i.k.p.i.IntermediateProofReplayer Proof replay took 393.95ms 
30604      DEBUG main            d.u.i.k.p.r.p.TestFile    ... success: reloaded. 
30606      INFO  main            d.u.i.k.p.r.p.TestFile    Now processing file /home/runner/work/key/key/key.core/../key.ui/examples/heap/list_ghost/ArrayList_get_dep.key 
30606      INFO  main            d.u.i.k.p.i.AbstractProblemLoader Loading environment from /home/runner/work/key/key/key.core/../key.ui/examples/heap/list_ghost/ArrayList_get_dep.key 
30606      DEBUG main            d.u.i.k.p.i.AbstractProblemLoader Environment load took 210.6ns 
30607      INFO  main            d.u.i.k.p.i.AbstractProblemLoader Creating init config 
33116      DEBUG main            d.u.i.k.p.i.AbstractProblemLoader Init config took 2.51s 
33179      INFO  main            d.u.i.k.p.i.AbstractProblemLoader Replaying proof ArrayList[List::get(int)].JML accessible clause.0 
33182      DEBUG main            d.u.i.k.p.i.IntermediateProofReplayer Proof replay took 14.8ns 
33485      INFO  main            d.u.i.k.p.r.p.TestFile    ... finished proof: closed. 
33637      INFO  main            d.u.i.k.p.i.AbstractProblemLoader Loading environment from /home/runner/work/key/key/key.core/../key.ui/examples/heap/list_ghost/ArrayList_get_dep.key.proof 
33637      DEBUG main            d.u.i.k.p.i.AbstractProblemLoader Environment load took 114.8ns 
33638      INFO  main            d.u.i.k.p.i.AbstractProblemLoader Creating init config 
36055      DEBUG main            d.u.i.k.p.i.AbstractProblemLoader Init config took 2.42s 
36119      INFO  main            d.u.i.k.p.i.AbstractProblemLoader Replaying proof ArrayList[List::get(int)].JML accessible clause.0 
36190      DEBUG main            d.u.i.k.p.i.IntermediateProofReplayer Proof replay took 64.5ms 
36190      DEBUG main            d.u.i.k.p.r.p.TestFile    ... success: reloaded. 
36191      INFO  main            d.u.i.k.p.r.p.TestFile    Now processing file /home/runner/work/key/key/key.core/../key.ui/examples/heap/list_ghost/ArrayList_get_exceptional.key 
36192      INFO  main            d.u.i.k.p.i.AbstractProblemLoader Loading environment from /home/runner/work/key/key/key.core/../key.ui/examples/heap/list_ghost/ArrayList_get_exceptional.key 
36192      DEBUG main            d.u.i.k.p.i.AbstractProblemLoader Environment load took 167.9ns 
36193      INFO  main            d.u.i.k.p.i.AbstractProblemLoader Creating init config 
38696      DEBUG main            d.u.i.k.p.i.AbstractProblemLoader Init config took 2.5s 
38739      INFO  main            d.u.i.k.p.i.AbstractProblemLoader Replaying proof ArrayList[List::get(int)].JML exceptional_behavior operation contract.0 
38740      DEBUG main            d.u.i.k.p.i.IntermediateProofReplayer Proof replay took 5ns 
39446      INFO  main            d.u.i.k.p.r.p.TestFile    ... finished proof: closed. 
39619      INFO  main            d.u.i.k.p.i.AbstractProblemLoader Loading environment from /home/runner/work/key/key/key.core/../key.ui/examples/heap/list_ghost/ArrayList_get_exceptional.key.proof 
39623      DEBUG main            d.u.i.k.p.i.AbstractProblemLoader Environment load took 3.86ms 
39625      INFO  main            d.u.i.k.p.i.AbstractProblemLoader Creating init config 
42054      DEBUG main            d.u.i.k.p.i.AbstractProblemLoader Init config took 2.43s 
42097      INFO  main            d.u.i.k.p.i.AbstractProblemLoader Replaying proof ArrayList[List::get(int)].JML exceptional_behavior operation contract.0 
42237      DEBUG main            d.u.i.k.p.i.IntermediateProofReplayer Proof replay took 133.63ms 
42239      DEBUG main            d.u.i.k.p.r.p.TestFile    ... success: reloaded. 
42240      INFO  main            d.u.i.k.p.r.p.TestFile    Now processing file /home/runner/work/key/key/key.core/../key.ui/examples/heap/list_ghost/ArrayList_get_normal.key 
42240      INFO  main            d.u.i.k.p.i.AbstractProblemLoader Loading environment from /home/runner/work/key/key/key.core/../key.ui/examples/heap/list_ghost/ArrayList_get_normal.key 
42240      DEBUG main            d.u.i.k.p.i.AbstractProblemLoader Environment load took 225ns 
42241      INFO  main            d.u.i.k.p.i.AbstractProblemLoader Creating init config 
44736      DEBUG main            d.u.i.k.p.i.AbstractProblemLoader Init config took 2.49s 
44778      INFO  main            d.u.i.k.p.i.AbstractProblemLoader Replaying proof ArrayList[List::get(int)].JML normal_behavior operation contract.0 
44780      DEBUG main            d.u.i.k.p.i.IntermediateProofReplayer Proof replay took 5.3ns 
44982      INFO  main            d.u.i.k.p.r.p.TestFile    ... finished proof: closed. 
45177      INFO  main            d.u.i.k.p.i.AbstractProblemLoader Loading environment from /home/runner/work/key/key/key.core/../key.ui/examples/heap/list_ghost/ArrayList_get_normal.key.proof 
45177      DEBUG main            d.u.i.k.p.i.AbstractProblemLoader Environment load took 111.4ns 
45178      INFO  main            d.u.i.k.p.i.AbstractProblemLoader Creating init config 
47644      DEBUG main            d.u.i.k.p.i.AbstractProblemLoader Init config took 2.47s 
47685      INFO  main            d.u.i.k.p.i.AbstractProblemLoader Replaying proof ArrayList[List::get(int)].JML normal_behavior operation contract.0 
47744      DEBUG main            d.u.i.k.p.i.IntermediateProofReplayer Proof replay took 56.04ms 
47745      DEBUG main            d.u.i.k.p.r.p.TestFile    ... success: reloaded. 
47747      INFO  main            d.u.i.k.p.r.p.TestFile    Now processing file /home/runner/work/key/key/key.core/../key.ui/examples/heap/list_ghost/ArrayList_inv.key 
47747      INFO  main            d.u.i.k.p.i.AbstractProblemLoader Loading environment from /home/runner/work/key/key/key.core/../key.ui/examples/heap/list_ghost/ArrayList_inv.key 
47747      DEBUG main            d.u.i.k.p.i.AbstractProblemLoader Environment load took 204.4ns 
47748      INFO  main            d.u.i.k.p.i.AbstractProblemLoader Creating init config 
50128      DEBUG main            d.u.i.k.p.i.AbstractProblemLoader Init config took 2.38s 
50167      INFO  main            d.u.i.k.p.i.AbstractProblemLoader Replaying proof ArrayList[java.lang.Object::<inv>()].JML accessible clause.0 
50168      DEBUG main            d.u.i.k.p.i.IntermediateProofReplayer Proof replay took 5.9ns 
50272      INFO  main            d.u.i.k.p.r.p.TestFile    ... finished proof: closed. 
50428      INFO  main            d.u.i.k.p.i.AbstractProblemLoader Loading environment from /home/runner/work/key/key/key.core/../key.ui/examples/heap/list_ghost/ArrayList_inv.key.proof 
50428      DEBUG main            d.u.i.k.p.i.AbstractProblemLoader Environment load took 115ns 
50429      INFO  main            d.u.i.k.p.i.AbstractProblemLoader Creating init config 
52810      DEBUG main            d.u.i.k.p.i.AbstractProblemLoader Init config took 2.38s 
52857      INFO  main            d.u.i.k.p.i.AbstractProblemLoader Replaying proof ArrayList[java.lang.Object::<inv>()].JML accessible clause.0 
52867      DEBUG main            d.u.i.k.p.i.IntermediateProofReplayer Proof replay took 8.35ms 
52868      DEBUG main            d.u.i.k.p.r.p.TestFile    ... success: reloaded. 
52869      INFO  main            d.u.i.k.p.r.p.TestFile    Now processing file /home/runner/work/key/key/key.core/../key.ui/examples/heap/list_ghost/ArrayList_size_dep.key 
52869      INFO  main            d.u.i.k.p.i.AbstractProblemLoader Loading environment from /home/runner/work/key/key/key.core/../key.ui/examples/heap/list_ghost/ArrayList_size_dep.key 
52869      DEBUG main            d.u.i.k.p.i.AbstractProblemLoader Environment load took 92.8ns 
52870      INFO  main            d.u.i.k.p.i.AbstractProblemLoader Creating init config 
55297      DEBUG main            d.u.i.k.p.i.AbstractProblemLoader Init config took 2.43s 
55334      INFO  main            d.u.i.k.p.i.AbstractProblemLoader Replaying proof ArrayList[List::size()].JML accessible clause.0 
55336      DEBUG main            d.u.i.k.p.i.IntermediateProofReplayer Proof replay took 10.2ns 
55440      INFO  main            d.u.i.k.p.r.p.TestFile    ... finished proof: closed. 
55660      INFO  main            d.u.i.k.p.i.AbstractProblemLoader Loading environment from /home/runner/work/key/key/key.core/../key.ui/examples/heap/list_ghost/ArrayList_size_dep.key.proof 
55660      DEBUG main            d.u.i.k.p.i.AbstractProblemLoader Environment load took 108.6ns 
55661      INFO  main            d.u.i.k.p.i.AbstractProblemLoader Creating init config 
58024      DEBUG main            d.u.i.k.p.i.AbstractProblemLoader Init config took 2.36s 
58061      INFO  main            d.u.i.k.p.i.AbstractProblemLoader Replaying proof ArrayList[List::size()].JML accessible clause.0 
58074      DEBUG main            d.u.i.k.p.i.IntermediateProofReplayer Proof replay took 11.12ms 
58075      DEBUG main            d.u.i.k.p.r.p.TestFile    ... success: reloaded. 
58077      INFO  main            d.u.i.k.p.r.p.TestFile    Now processing file /home/runner/work/key/key/key.core/../key.ui/examples/heap/list_ghost/ArrayList_size.key 
58077      INFO  main            d.u.i.k.p.i.AbstractProblemLoader Loading environment from /home/runner/work/key/key/key.core/../key.ui/examples/heap/list_ghost/ArrayList_size.key 
58077      DEBUG main            d.u.i.k.p.i.AbstractProblemLoader Environment load took 206.5ns 
58078      INFO  main            d.u.i.k.p.i.AbstractProblemLoader Creating init config 
60488      DEBUG main            d.u.i.k.p.i.AbstractProblemLoader Init config took 2.41s 
60525      INFO  main            d.u.i.k.p.i.AbstractProblemLoader Replaying proof ArrayList[List::size()].JML normal_behavior operation contract.0 
60527      DEBUG main            d.u.i.k.p.i.IntermediateProofReplayer Proof replay took 6.2ns 
60628      INFO  main            d.u.i.k.p.r.p.TestFile    ... finished proof: closed. 
60810      INFO  main            d.u.i.k.p.i.AbstractProblemLoader Loading environment from /home/runner/work/key/key/key.core/../key.ui/examples/heap/list_ghost/ArrayList_size.key.proof 
60810      DEBUG main            d.u.i.k.p.i.AbstractProblemLoader Environment load took 111.9ns 
60811      INFO  main            d.u.i.k.p.i.AbstractProblemLoader Creating init config 
63176      DEBUG main            d.u.i.k.p.i.AbstractProblemLoader Init config took 2.36s 
63213      INFO  main            d.u.i.k.p.i.AbstractProblemLoader Replaying proof ArrayList[List::size()].JML normal_behavior operation contract.0 
63226      DEBUG main            d.u.i.k.p.i.IntermediateProofReplayer Proof replay took 11.87ms 
63227      DEBUG main            d.u.i.k.p.r.p.TestFile    ... success: reloaded. 
1151622    INFO  Test worker     d.u.i.k.p.r.RunAllProofsTestUnit Returning from test list_ghost 
1151623    INFO  Test worker     d.u.i.k.p.r.RunAllProofsTestUnit Running test list_recursive 
337        INFO  Timeout watchdog d.u.i.k.p.r.p.ForkedTestFileRunner Timeout watcher launched (2000 secs.) 
345        WARN  main            d.u.i.k.s.ProofSettings   The settings in /home/runner/.key/proof-settings.props are *not* read. 
376        INFO  main            d.u.i.k.p.r.p.TestFile    Now processing file /home/runner/work/key/key/key.core/../key.ui/examples/heap/list_recursiveSpec/ListOperationsNonNull_getNextNN_normal_behavior.key 
477        INFO  main            d.u.i.k.p.i.AbstractProblemLoader Loading environment from /home/runner/work/key/key/key.core/../key.ui/examples/heap/list_recursiveSpec/ListOperationsNonNull_getNextNN_normal_behavior.key 
498        DEBUG main            d.u.i.k.p.i.AbstractProblemLoader Environment load took 1.85ms 
751        INFO  main            d.u.i.k.p.i.AbstractProblemLoader Creating init config 
1599       DEBUG main            d.u.i.k.j.TypeConverter   No LDT found for Meta 
1600       DEBUG main            d.u.i.k.j.TypeConverter   No LDT found for Meta 
1601       DEBUG main            d.u.i.k.j.TypeConverter   No LDT found for Meta 
1602       DEBUG main            d.u.i.k.j.TypeConverter   No LDT found for Meta 
3188       DEBUG main            d.u.i.k.j.TypeConverter   No LDT found for JavaBigintExpression 
8111       DEBUG main            d.u.i.k.p.i.AbstractProblemLoader Init config took 7.36s 
8307       INFO  main            d.u.i.k.p.i.AbstractProblemLoader Replaying proof ListOperationsNonNull[ListOperationsNonNull::getNextNN(ListNN,int)].JML normal_behavior operation contract.0 
8341       DEBUG main            d.u.i.k.p.i.IntermediateProofReplayer Proof replay took 30.5ns 
9779       INFO  main            d.u.i.k.p.r.p.TestFile    ... finished proof: closed. 
9932       INFO  main            d.u.i.k.p.i.AbstractProblemLoader Loading environment from /home/runner/work/key/key/key.core/../key.ui/examples/heap/list_recursiveSpec/ListOperationsNonNull_getNextNN_normal_behavior.key.proof 
9932       DEBUG main            d.u.i.k.p.i.AbstractProblemLoader Environment load took 156.5ns 
9934       INFO  main            d.u.i.k.p.i.AbstractProblemLoader Creating init config 
13003      DEBUG main            d.u.i.k.p.i.AbstractProblemLoader Init config took 3.07s 
13067      INFO  main            d.u.i.k.p.i.AbstractProblemLoader Replaying proof ListOperationsNonNull[ListOperationsNonNull::getNextNN(ListNN,int)].JML normal_behavior operation contract.0 
13228      DEBUG main            d.u.i.k.p.i.IntermediateProofReplayer Proof replay took 153.27ms 
13236      DEBUG main            d.u.i.k.p.r.p.TestFile    ... success: reloaded. 
13237      INFO  main            d.u.i.k.p.r.p.TestFile    Now processing file /home/runner/work/key/key/key.core/../key.ui/examples/heap/list_recursiveSpec/ListOperationsNonNull_setValueAt_normal_behavior.key 
13238      INFO  main            d.u.i.k.p.i.AbstractProblemLoader Loading environment from /home/runner/work/key/key/key.core/../key.ui/examples/heap/list_recursiveSpec/ListOperationsNonNull_setValueAt_normal_behavior.key 
13238      DEBUG main            d.u.i.k.p.i.AbstractProblemLoader Environment load took 233.7ns 
13240      INFO  main            d.u.i.k.p.i.AbstractProblemLoader Creating init config 
16108      DEBUG main            d.u.i.k.p.i.AbstractProblemLoader Init config took 2.87s 
16177      INFO  main            d.u.i.k.p.i.AbstractProblemLoader Replaying proof ListOperationsNonNull[ListOperationsNonNull::setValueAt_NN(ListNN,int,int)].JML normal_behavior operation contract.0 
16183      DEBUG main            d.u.i.k.p.i.IntermediateProofReplayer Proof replay took 6ns 
16213      DEBUG main            d.u.i.k.m.s.ProofScriptEngine 1: 'macro autopilot' 
18626      DEBUG main            d.u.i.k.m.s.ProofScriptEngine 2: 'macro simp-upd' 
18631      DEBUG main            d.u.i.k.m.s.ProofScriptEngine 3: 'rule observerDependencyEQ' 
18648      DEBUG main            d.u.i.k.m.s.ProofScriptEngine 4: 'tryclose' 
18674      INFO  main            d.u.i.k.p.r.p.TestFile    ... finished proof: closed. 
18856      INFO  main            d.u.i.k.p.i.AbstractProblemLoader Loading environment from /home/runner/work/key/key/key.core/../key.ui/examples/heap/list_recursiveSpec/ListOperationsNonNull_setValueAt_normal_behavior.key.proof 
18856      DEBUG main            d.u.i.k.p.i.AbstractProblemLoader Environment load took 127.3ns 
18860      INFO  main            d.u.i.k.p.i.AbstractProblemLoader Creating init config 
21691      DEBUG main            d.u.i.k.p.i.AbstractProblemLoader Init config took 2.83s 
21745      INFO  main            d.u.i.k.p.i.AbstractProblemLoader Replaying proof ListOperationsNonNull[ListOperationsNonNull::setValueAt_NN(ListNN,int,int)].JML normal_behavior operation contract.0 
21864      DEBUG main            d.u.i.k.p.i.IntermediateProofReplayer Proof replay took 113.54ms 
21865      DEBUG main            d.u.i.k.p.r.p.TestFile    ... success: reloaded. 
1173665    INFO  Test worker     d.u.i.k.p.r.RunAllProofsTestUnit Returning from test list_recursive 
1173666    INFO  Test worker     d.u.i.k.p.r.RunAllProofsTestUnit Running test list_seq 
325        INFO  Timeout watchdog d.u.i.k.p.r.p.ForkedTestFileRunner Timeout watcher launched (2000 secs.) 
331        WARN  main            d.u.i.k.s.ProofSettings   The settings in /home/runner/.key/proof-settings.props are *not* read. 
359        INFO  main            d.u.i.k.p.r.p.TestFile    Now processing file /home/runner/work/key/key/key.core/../key.ui/examples/heap/list_seq/SimplifiedLinkedList.remove.key 
465        INFO  main            d.u.i.k.p.i.AbstractProblemLoader Loading environment from /home/runner/work/key/key/key.core/../key.ui/examples/heap/list_seq/SimplifiedLinkedList.remove.key 
481        DEBUG main            d.u.i.k.p.i.AbstractProblemLoader Environment load took 2.14ms 
689        INFO  main            d.u.i.k.p.i.AbstractProblemLoader Creating init config 
1447       DEBUG main            d.u.i.k.j.TypeConverter   No LDT found for Meta 
1450       DEBUG main            d.u.i.k.j.TypeConverter   No LDT found for Meta 
1453       DEBUG main            d.u.i.k.j.TypeConverter   No LDT found for Meta 
1453       DEBUG main            d.u.i.k.j.TypeConverter   No LDT found for Meta 
2700       DEBUG main            d.u.i.k.j.TypeConverter   No LDT found for JavaBigintExpression 
8165       DEBUG main            d.u.i.k.p.i.AbstractProblemLoader Init config took 7.48s 
8397       INFO  main            d.u.i.k.p.i.AbstractProblemLoader Replaying proof SimplifiedLinkedList[SimplifiedLinkedList::remove(int)].JML normal_behavior operation contract.0 
8463       DEBUG main            d.u.i.k.p.i.IntermediateProofReplayer Proof replay took 35.7ns 
92339      INFO  main            d.u.i.k.p.r.p.TestFile    ... finished proof: closed. 
92752      INFO  main            d.u.i.k.p.i.AbstractProblemLoader Loading environment from /home/runner/work/key/key/key.core/../key.ui/examples/heap/list_seq/SimplifiedLinkedList.remove.key.proof 
92753      DEBUG main            d.u.i.k.p.i.AbstractProblemLoader Environment load took 801ns 
92773      INFO  main            d.u.i.k.p.i.AbstractProblemLoader Creating init config 
95917      DEBUG main            d.u.i.k.p.i.AbstractProblemLoader Init config took 3.14s 
96026      INFO  main            d.u.i.k.p.i.AbstractProblemLoader Replaying proof SimplifiedLinkedList[SimplifiedLinkedList::remove(int)].JML normal_behavior operation contract.0 
99920      DEBUG main            d.u.i.k.p.i.IntermediateProofReplayer Proof replay took 3.64s 
99938      DEBUG main            d.u.i.k.p.r.p.TestFile    ... success: reloaded. 
99944      INFO  main            d.u.i.k.p.r.p.TestFile    Now processing file /home/runner/work/key/key/key.core/../key.ui/examples/heap/list_seq/ArrayList.ArrayList.key 
99946      INFO  main            d.u.i.k.p.i.AbstractProblemLoader Loading environment from /home/runner/work/key/key/key.core/../key.ui/examples/heap/list_seq/ArrayList.ArrayList.key 
99946      DEBUG main            d.u.i.k.p.i.AbstractProblemLoader Environment load took 147.1ns 
99948      INFO  main            d.u.i.k.p.i.AbstractProblemLoader Creating init config 
103177     DEBUG main            d.u.i.k.p.i.AbstractProblemLoader Init config took 3.23s 
103268     INFO  main            d.u.i.k.p.i.AbstractProblemLoader Replaying proof ArrayList[ArrayList::ArrayList()].JML normal_behavior operation contract.0 
103271     DEBUG main            d.u.i.k.p.i.IntermediateProofReplayer Proof replay took 4.8ns 
104075     INFO  main            d.u.i.k.p.r.p.TestFile    ... finished proof: closed. 
104271     INFO  main            d.u.i.k.p.i.AbstractProblemLoader Loading environment from /home/runner/work/key/key/key.core/../key.ui/examples/heap/list_seq/ArrayList.ArrayList.key.proof 
104272     DEBUG main            d.u.i.k.p.i.AbstractProblemLoader Environment load took 708.1ns 
104273     INFO  main            d.u.i.k.p.i.AbstractProblemLoader Creating init config 
107285     DEBUG main            d.u.i.k.p.i.AbstractProblemLoader Init config took 3.01s 
107368     INFO  main            d.u.i.k.p.i.AbstractProblemLoader Replaying proof ArrayList[ArrayList::ArrayList()].JML normal_behavior operation contract.0 
107513     DEBUG main            d.u.i.k.p.i.IntermediateProofReplayer Proof replay took 123.34ms 
107514     DEBUG main            d.u.i.k.p.r.p.TestFile    ... success: reloaded. 
107515     INFO  main            d.u.i.k.p.r.p.TestFile    Now processing file /home/runner/work/key/key/key.core/../key.ui/examples/heap/list_seq/ArrayList.add.key 
107516     INFO  main            d.u.i.k.p.i.AbstractProblemLoader Loading environment from /home/runner/work/key/key/key.core/../key.ui/examples/heap/list_seq/ArrayList.add.key 
107516     DEBUG main            d.u.i.k.p.i.AbstractProblemLoader Environment load took 247.2ns 
107517     INFO  main            d.u.i.k.p.i.AbstractProblemLoader Creating init config 
110490     DEBUG main            d.u.i.k.p.i.AbstractProblemLoader Init config took 2.97s 
110574     INFO  main            d.u.i.k.p.i.AbstractProblemLoader Replaying proof ArrayList[List::add(java.lang.Object)].JML normal_behavior operation contract.0 
110576     DEBUG main            d.u.i.k.p.i.IntermediateProofReplayer Proof replay took 4.1ns 
113787     INFO  main            d.u.i.k.p.r.p.TestFile    ... finished proof: closed. 
113989     INFO  main            d.u.i.k.p.i.AbstractProblemLoader Loading environment from /home/runner/work/key/key/key.core/../key.ui/examples/heap/list_seq/ArrayList.add.key.proof 
113989     DEBUG main            d.u.i.k.p.i.AbstractProblemLoader Environment load took 414.6ns 
113994     INFO  main            d.u.i.k.p.i.AbstractProblemLoader Creating init config 
117012     DEBUG main            d.u.i.k.p.i.AbstractProblemLoader Init config took 3.02s 
117092     INFO  main            d.u.i.k.p.i.AbstractProblemLoader Replaying proof ArrayList[List::add(java.lang.Object)].JML normal_behavior operation contract.0 
117518     DEBUG main            d.u.i.k.p.i.IntermediateProofReplayer Proof replay took 413.3ms 
117519     DEBUG main            d.u.i.k.p.r.p.TestFile    ... success: reloaded. 
117521     INFO  main            d.u.i.k.p.r.p.TestFile    Now processing file /home/runner/work/key/key/key.core/../key.ui/examples/heap/list_seq/ArrayList.contains.key 
117522     INFO  main            d.u.i.k.p.i.AbstractProblemLoader Loading environment from /home/runner/work/key/key/key.core/../key.ui/examples/heap/list_seq/ArrayList.contains.key 
117522     DEBUG main            d.u.i.k.p.i.AbstractProblemLoader Environment load took 233.1ns 
117524     INFO  main            d.u.i.k.p.i.AbstractProblemLoader Creating init config 
120492     DEBUG main            d.u.i.k.p.i.AbstractProblemLoader Init config took 2.97s 
120572     INFO  main            d.u.i.k.p.i.AbstractProblemLoader Replaying proof ArrayList[List::contains(java.lang.Object)].JML normal_behavior operation contract.0 
120574     DEBUG main            d.u.i.k.p.i.IntermediateProofReplayer Proof replay took 5.1ns 
122079     INFO  main            d.u.i.k.p.r.p.TestFile    ... finished proof: closed. 
122260     INFO  main            d.u.i.k.p.i.AbstractProblemLoader Loading environment from /home/runner/work/key/key/key.core/../key.ui/examples/heap/list_seq/ArrayList.contains.key.proof 
122261     DEBUG main            d.u.i.k.p.i.AbstractProblemLoader Environment load took 416.7ns 
122262     INFO  main            d.u.i.k.p.i.AbstractProblemLoader Creating init config 
125135     DEBUG main            d.u.i.k.p.i.AbstractProblemLoader Init config took 2.87s 
125212     INFO  main            d.u.i.k.p.i.AbstractProblemLoader Replaying proof ArrayList[List::contains(java.lang.Object)].JML normal_behavior operation contract.0 
125463     DEBUG main            d.u.i.k.p.i.IntermediateProofReplayer Proof replay took 244.32ms 
125465     DEBUG main            d.u.i.k.p.r.p.TestFile    ... success: reloaded. 
125466     INFO  main            d.u.i.k.p.r.p.TestFile    Now processing file /home/runner/work/key/key/key.core/../key.ui/examples/heap/list_seq/ArrayList.enlarge.key 
125466     INFO  main            d.u.i.k.p.i.AbstractProblemLoader Loading environment from /home/runner/work/key/key/key.core/../key.ui/examples/heap/list_seq/ArrayList.enlarge.key 
125466     DEBUG main            d.u.i.k.p.i.AbstractProblemLoader Environment load took 207ns 
125467     INFO  main            d.u.i.k.p.i.AbstractProblemLoader Creating init config 
128431     DEBUG main            d.u.i.k.p.i.AbstractProblemLoader Init config took 2.96s 
128509     INFO  main            d.u.i.k.p.i.AbstractProblemLoader Replaying proof ArrayList[ArrayList::enlarge()].JML normal_behavior operation contract.0 
128511     DEBUG main            d.u.i.k.p.i.IntermediateProofReplayer Proof replay took 5.1ns 
130458     INFO  main            d.u.i.k.p.r.p.TestFile    ... finished proof: closed. 
130647     INFO  main            d.u.i.k.p.i.AbstractProblemLoader Loading environment from /home/runner/work/key/key/key.core/../key.ui/examples/heap/list_seq/ArrayList.enlarge.key.proof 
130647     DEBUG main            d.u.i.k.p.i.AbstractProblemLoader Environment load took 197.9ns 
130649     INFO  main            d.u.i.k.p.i.AbstractProblemLoader Creating init config 
133503     DEBUG main            d.u.i.k.p.i.AbstractProblemLoader Init config took 2.85s 
133581     INFO  main            d.u.i.k.p.i.AbstractProblemLoader Replaying proof ArrayList[ArrayList::enlarge()].JML normal_behavior operation contract.0 
133896     DEBUG main            d.u.i.k.p.i.IntermediateProofReplayer Proof replay took 306.95ms 
133897     DEBUG main            d.u.i.k.p.r.p.TestFile    ... success: reloaded. 
133898     INFO  main            d.u.i.k.p.r.p.TestFile    Now processing file /home/runner/work/key/key/key.core/../key.ui/examples/heap/list_seq/ArrayList.get.key 
133898     INFO  main            d.u.i.k.p.i.AbstractProblemLoader Loading environment from /home/runner/work/key/key/key.core/../key.ui/examples/heap/list_seq/ArrayList.get.key 
133899     DEBUG main            d.u.i.k.p.i.AbstractProblemLoader Environment load took 273.9ns 
133899     INFO  main            d.u.i.k.p.i.AbstractProblemLoader Creating init config 
136839     DEBUG main            d.u.i.k.p.i.AbstractProblemLoader Init config took 2.94s 
136920     INFO  main            d.u.i.k.p.i.AbstractProblemLoader Replaying proof ArrayList[List::get(int)].JML normal_behavior operation contract.0 
136922     DEBUG main            d.u.i.k.p.i.IntermediateProofReplayer Proof replay took 5.8ns 
137426     INFO  main            d.u.i.k.p.r.p.TestFile    ... finished proof: closed. 
137624     INFO  main            d.u.i.k.p.i.AbstractProblemLoader Loading environment from /home/runner/work/key/key/key.core/../key.ui/examples/heap/list_seq/ArrayList.get.key.proof 
137625     DEBUG main            d.u.i.k.p.i.AbstractProblemLoader Environment load took 110.6ns 
137626     INFO  main            d.u.i.k.p.i.AbstractProblemLoader Creating init config 
140482     DEBUG main            d.u.i.k.p.i.AbstractProblemLoader Init config took 2.86s 
140554     INFO  main            d.u.i.k.p.i.AbstractProblemLoader Replaying proof ArrayList[List::get(int)].JML normal_behavior operation contract.0 
140631     DEBUG main            d.u.i.k.p.i.IntermediateProofReplayer Proof replay took 73.33ms 
140632     DEBUG main            d.u.i.k.p.r.p.TestFile    ... success: reloaded. 
140633     INFO  main            d.u.i.k.p.r.p.TestFile    Now processing file /home/runner/work/key/key/key.core/../key.ui/examples/heap/list_seq/ArrayList.newArray.key 
140633     INFO  main            d.u.i.k.p.i.AbstractProblemLoader Loading environment from /home/runner/work/key/key/key.core/../key.ui/examples/heap/list_seq/ArrayList.newArray.key 
140634     DEBUG main            d.u.i.k.p.i.AbstractProblemLoader Environment load took 209.3ns 
140635     INFO  main            d.u.i.k.p.i.AbstractProblemLoader Creating init config 
143572     DEBUG main            d.u.i.k.p.i.AbstractProblemLoader Init config took 2.94s 
143645     INFO  main            d.u.i.k.p.i.AbstractProblemLoader Replaying proof ArrayList[ArrayList::newArray(int)].JML normal_behavior operation contract.0 
143646     DEBUG main            d.u.i.k.p.i.IntermediateProofReplayer Proof replay took 5.2ns 
143954     INFO  main            d.u.i.k.p.r.p.TestFile    ... finished proof: closed. 
144157     INFO  main            d.u.i.k.p.i.AbstractProblemLoader Loading environment from /home/runner/work/key/key/key.core/../key.ui/examples/heap/list_seq/ArrayList.newArray.key.proof 
144157     DEBUG main            d.u.i.k.p.i.AbstractProblemLoader Environment load took 112ns 
144158     INFO  main            d.u.i.k.p.i.AbstractProblemLoader Creating init config 
147019     DEBUG main            d.u.i.k.p.i.AbstractProblemLoader Init config took 2.86s 
147092     INFO  main            d.u.i.k.p.i.AbstractProblemLoader Replaying proof ArrayList[ArrayList::newArray(int)].JML normal_behavior operation contract.0 
147140     DEBUG main            d.u.i.k.p.i.IntermediateProofReplayer Proof replay took 46.04ms 
147142     DEBUG main            d.u.i.k.p.r.p.TestFile    ... success: reloaded. 
147142     INFO  main            d.u.i.k.p.r.p.TestFile    Now processing file /home/runner/work/key/key/key.core/../key.ui/examples/heap/list_seq/ArrayList.remove.0.key 
147143     INFO  main            d.u.i.k.p.i.AbstractProblemLoader Loading environment from /home/runner/work/key/key/key.core/../key.ui/examples/heap/list_seq/ArrayList.remove.0.key 
147143     DEBUG main            d.u.i.k.p.i.AbstractProblemLoader Environment load took 209ns 
147144     INFO  main            d.u.i.k.p.i.AbstractProblemLoader Creating init config 
150057     DEBUG main            d.u.i.k.p.i.AbstractProblemLoader Init config took 2.91s 
150129     INFO  main            d.u.i.k.p.i.AbstractProblemLoader Replaying proof ArrayList[List::remove(java.lang.Object)].JML normal_behavior operation contract.0 
150130     DEBUG main            d.u.i.k.p.i.IntermediateProofReplayer Proof replay took 4.4ns 
152047     INFO  main            d.u.i.k.p.r.p.TestFile    ... finished proof: closed. 
152240     INFO  main            d.u.i.k.p.i.AbstractProblemLoader Loading environment from /home/runner/work/key/key/key.core/../key.ui/examples/heap/list_seq/ArrayList.remove.0.key.proof 
152240     DEBUG main            d.u.i.k.p.i.AbstractProblemLoader Environment load took 123.4ns 
152242     INFO  main            d.u.i.k.p.i.AbstractProblemLoader Creating init config 
155091     DEBUG main            d.u.i.k.p.i.AbstractProblemLoader Init config took 2.85s 
155162     INFO  main            d.u.i.k.p.i.AbstractProblemLoader Replaying proof ArrayList[List::remove(java.lang.Object)].JML normal_behavior operation contract.0 
155660     DEBUG main            d.u.i.k.p.i.IntermediateProofReplayer Proof replay took 490.12ms 
155661     DEBUG main            d.u.i.k.p.r.p.TestFile    ... success: reloaded. 
155662     INFO  main            d.u.i.k.p.r.p.TestFile    Now processing file /home/runner/work/key/key/key.core/../key.ui/examples/heap/list_seq/ArrayList.remove.1.key 
155662     INFO  main            d.u.i.k.p.i.AbstractProblemLoader Loading environment from /home/runner/work/key/key/key.core/../key.ui/examples/heap/list_seq/ArrayList.remove.1.key 
155663     DEBUG main            d.u.i.k.p.i.AbstractProblemLoader Environment load took 217.7ns 
155664     INFO  main            d.u.i.k.p.i.AbstractProblemLoader Creating init config 
158601     DEBUG main            d.u.i.k.p.i.AbstractProblemLoader Init config took 2.94s 
158675     INFO  main            d.u.i.k.p.i.AbstractProblemLoader Replaying proof ArrayList[List::remove(java.lang.Object)].JML normal_behavior operation contract.1 
158677     DEBUG main            d.u.i.k.p.i.IntermediateProofReplayer Proof replay took 5ns 
169853     INFO  main            d.u.i.k.p.r.p.TestFile    ... finished proof: closed. 
170114     INFO  main            d.u.i.k.p.i.AbstractProblemLoader Loading environment from /home/runner/work/key/key/key.core/../key.ui/examples/heap/list_seq/ArrayList.remove.1.key.proof 
170114     DEBUG main            d.u.i.k.p.i.AbstractProblemLoader Environment load took 190.8ns 
170116     INFO  main            d.u.i.k.p.i.AbstractProblemLoader Creating init config 
172937     DEBUG main            d.u.i.k.p.i.AbstractProblemLoader Init config took 2.82s 
173008     INFO  main            d.u.i.k.p.i.AbstractProblemLoader Replaying proof ArrayList[List::remove(java.lang.Object)].JML normal_behavior operation contract.1 
174350     DEBUG main            d.u.i.k.p.i.IntermediateProofReplayer Proof replay took 1.29s 
174352     DEBUG main            d.u.i.k.p.r.p.TestFile    ... success: reloaded. 
1348194    INFO  Test worker     d.u.i.k.p.r.RunAllProofsTestUnit Returning from test list_seq 
1348196    INFO  Test worker     d.u.i.k.p.r.RunAllProofsTestUnit Running test observer 
340        INFO  Timeout watchdog d.u.i.k.p.r.p.ForkedTestFileRunner Timeout watcher launched (2000 secs.) 
360        WARN  main            d.u.i.k.s.ProofSettings   The settings in /home/runner/.key/proof-settings.props are *not* read. 
408        INFO  main            d.u.i.k.p.r.p.TestFile    Now processing file /home/runner/work/key/key/key.core/../key.ui/examples/heap/observer/ExampleObserver_ExampleObserver.key 
546        INFO  main            d.u.i.k.p.i.AbstractProblemLoader Loading environment from /home/runner/work/key/key/key.core/../key.ui/examples/heap/observer/ExampleObserver_ExampleObserver.key 
569        DEBUG main            d.u.i.k.p.i.AbstractProblemLoader Environment load took 2.22ms 
774        INFO  main            d.u.i.k.p.i.AbstractProblemLoader Creating init config 
1611       DEBUG main            d.u.i.k.j.TypeConverter   No LDT found for Meta 
1612       DEBUG main            d.u.i.k.j.TypeConverter   No LDT found for Meta 
1613       DEBUG main            d.u.i.k.j.TypeConverter   No LDT found for Meta 
1613       DEBUG main            d.u.i.k.j.TypeConverter   No LDT found for Meta 
3159       DEBUG main            d.u.i.k.j.TypeConverter   No LDT found for JavaBigintExpression 
8203       DEBUG main            d.u.i.k.p.i.AbstractProblemLoader Init config took 7.43s 
8334       INFO  main            d.u.i.k.p.i.AbstractProblemLoader Replaying proof ExampleObserver[ExampleObserver::ExampleObserver(ExampleSubject)].JML normal_behavior operation contract.0 
8365       DEBUG main            d.u.i.k.p.i.IntermediateProofReplayer Proof replay took 30.5ns 
9491       INFO  main            d.u.i.k.p.r.p.TestFile    ... finished proof: closed. 
9633       INFO  main            d.u.i.k.p.i.AbstractProblemLoader Loading environment from /home/runner/work/key/key/key.core/../key.ui/examples/heap/observer/ExampleObserver_ExampleObserver.key.proof 
9638       DEBUG main            d.u.i.k.p.i.AbstractProblemLoader Environment load took 4.71ms 
9640       INFO  main            d.u.i.k.p.i.AbstractProblemLoader Creating init config 
12411      DEBUG main            d.u.i.k.p.i.AbstractProblemLoader Init config took 2.77s 
12478      INFO  main            d.u.i.k.p.i.AbstractProblemLoader Replaying proof ExampleObserver[ExampleObserver::ExampleObserver(ExampleSubject)].JML normal_behavior operation contract.0 
12619      DEBUG main            d.u.i.k.p.i.IntermediateProofReplayer Proof replay took 133.89ms 
12631      DEBUG main            d.u.i.k.p.r.p.TestFile    ... success: reloaded. 
12636      INFO  main            d.u.i.k.p.r.p.TestFile    Now processing file /home/runner/work/key/key/key.core/../key.ui/examples/heap/observer/ExampleObserver_inv.key 
12639      INFO  main            d.u.i.k.p.i.AbstractProblemLoader Loading environment from /home/runner/work/key/key/key.core/../key.ui/examples/heap/observer/ExampleObserver_inv.key 
12639      DEBUG main            d.u.i.k.p.i.AbstractProblemLoader Environment load took 148.3ns 
12641      INFO  main            d.u.i.k.p.i.AbstractProblemLoader Creating init config 
15363      DEBUG main            d.u.i.k.p.i.AbstractProblemLoader Init config took 2.72s 
15427      INFO  main            d.u.i.k.p.i.AbstractProblemLoader Replaying proof ExampleObserver[java.lang.Object::<inv>()].JML accessible clause.0 
15430      DEBUG main            d.u.i.k.p.i.IntermediateProofReplayer Proof replay took 5.8ns 
15532      INFO  main            d.u.i.k.p.r.p.TestFile    ... finished proof: closed. 
15678      INFO  main            d.u.i.k.p.i.AbstractProblemLoader Loading environment from /home/runner/work/key/key/key.core/../key.ui/examples/heap/observer/ExampleObserver_inv.key.proof 
15678      DEBUG main            d.u.i.k.p.i.AbstractProblemLoader Environment load took 111.6ns 
15679      INFO  main            d.u.i.k.p.i.AbstractProblemLoader Creating init config 
18316      DEBUG main            d.u.i.k.p.i.AbstractProblemLoader Init config took 2.64s 
18371      INFO  main            d.u.i.k.p.i.AbstractProblemLoader Replaying proof ExampleObserver[java.lang.Object::<inv>()].JML accessible clause.0 
18402      DEBUG main            d.u.i.k.p.i.IntermediateProofReplayer Proof replay took 28.05ms 
18404      DEBUG main            d.u.i.k.p.r.p.TestFile    ... success: reloaded. 
18406      INFO  main            d.u.i.k.p.r.p.TestFile    Now processing file /home/runner/work/key/key/key.core/../key.ui/examples/heap/observer/ExampleObserver_subject.key 
18407      INFO  main            d.u.i.k.p.i.AbstractProblemLoader Loading environment from /home/runner/work/key/key/key.core/../key.ui/examples/heap/observer/ExampleObserver_subject.key 
18407      DEBUG main            d.u.i.k.p.i.AbstractProblemLoader Environment load took 220.7ns 
18410      INFO  main            d.u.i.k.p.i.AbstractProblemLoader Creating init config 
21060      DEBUG main            d.u.i.k.p.i.AbstractProblemLoader Init config took 2.65s 
21113      INFO  main            d.u.i.k.p.i.AbstractProblemLoader Replaying proof Observer[Observer::$subject()].JML accessible clause.0 
21115      DEBUG main            d.u.i.k.p.i.IntermediateProofReplayer Proof replay took 5.7ns 
21219      INFO  main            d.u.i.k.p.r.p.TestFile    ... finished proof: closed. 
21349      INFO  main            d.u.i.k.p.i.AbstractProblemLoader Loading environment from /home/runner/work/key/key/key.core/../key.ui/examples/heap/observer/ExampleObserver_subject.key.proof 
21349      DEBUG main            d.u.i.k.p.i.AbstractProblemLoader Environment load took 115.6ns 
21351      INFO  main            d.u.i.k.p.i.AbstractProblemLoader Creating init config 
23944      DEBUG main            d.u.i.k.p.i.AbstractProblemLoader Init config took 2.59s 
23990      INFO  main            d.u.i.k.p.i.AbstractProblemLoader Replaying proof Observer[Observer::$subject()].JML accessible clause.0 
23994      DEBUG main            d.u.i.k.p.i.IntermediateProofReplayer Proof replay took 1.88ms 
23995      DEBUG main            d.u.i.k.p.r.p.TestFile    ... success: reloaded. 
23996      INFO  main            d.u.i.k.p.r.p.TestFile    Now processing file /home/runner/work/key/key/key.core/../key.ui/examples/heap/observer/ExampleObserver_update.key 
23997      INFO  main            d.u.i.k.p.i.AbstractProblemLoader Loading environment from /home/runner/work/key/key/key.core/../key.ui/examples/heap/observer/ExampleObserver_update.key 
23997      DEBUG main            d.u.i.k.p.i.AbstractProblemLoader Environment load took 203ns 
23998      INFO  main            d.u.i.k.p.i.AbstractProblemLoader Creating init config 
26575      DEBUG main            d.u.i.k.p.i.AbstractProblemLoader Init config took 2.58s 
26627      INFO  main            d.u.i.k.p.i.AbstractProblemLoader Replaying proof ExampleObserver[Observer::update()].JML normal_behavior operation contract.0 
26629      DEBUG main            d.u.i.k.p.i.IntermediateProofReplayer Proof replay took 5.7ns 
26932      INFO  main            d.u.i.k.p.r.p.TestFile    ... finished proof: closed. 
27079      INFO  main            d.u.i.k.p.i.AbstractProblemLoader Loading environment from /home/runner/work/key/key/key.core/../key.ui/examples/heap/observer/ExampleObserver_update.key.proof 
27079      DEBUG main            d.u.i.k.p.i.AbstractProblemLoader Environment load took 410.4ns 
27080      INFO  main            d.u.i.k.p.i.AbstractProblemLoader Creating init config 
29643      DEBUG main            d.u.i.k.p.i.AbstractProblemLoader Init config took 2.56s 
29694      INFO  main            d.u.i.k.p.i.AbstractProblemLoader Replaying proof ExampleObserver[Observer::update()].JML normal_behavior operation contract.0 
29756      DEBUG main            d.u.i.k.p.i.IntermediateProofReplayer Proof replay took 58.57ms 
29757      DEBUG main            d.u.i.k.p.r.p.TestFile    ... success: reloaded. 
29758      INFO  main            d.u.i.k.p.r.p.TestFile    Now processing file /home/runner/work/key/key/key.core/../key.ui/examples/heap/observer/ExampleObserver_upToDate.key 
29758      INFO  main            d.u.i.k.p.i.AbstractProblemLoader Loading environment from /home/runner/work/key/key/key.core/../key.ui/examples/heap/observer/ExampleObserver_upToDate.key 
29759      DEBUG main            d.u.i.k.p.i.AbstractProblemLoader Environment load took 204ns 
29760      INFO  main            d.u.i.k.p.i.AbstractProblemLoader Creating init config 
32354      DEBUG main            d.u.i.k.p.i.AbstractProblemLoader Init config took 2.59s 
32398      INFO  main            d.u.i.k.p.i.AbstractProblemLoader Replaying proof ExampleObserver[Observer::$upToDate()].JML accessible clause.0 
32400      DEBUG main            d.u.i.k.p.i.IntermediateProofReplayer Proof replay took 5.6ns 
32503      INFO  main            d.u.i.k.p.r.p.TestFile    ... finished proof: closed. 
32652      INFO  main            d.u.i.k.p.i.AbstractProblemLoader Loading environment from /home/runner/work/key/key/key.core/../key.ui/examples/heap/observer/ExampleObserver_upToDate.key.proof 
32652      DEBUG main            d.u.i.k.p.i.AbstractProblemLoader Environment load took 112.3ns 
32653      INFO  main            d.u.i.k.p.i.AbstractProblemLoader Creating init config 
35190      DEBUG main            d.u.i.k.p.i.AbstractProblemLoader Init config took 2.54s 
35237      INFO  main            d.u.i.k.p.i.AbstractProblemLoader Replaying proof ExampleObserver[Observer::$upToDate()].JML accessible clause.0 
35256      DEBUG main            d.u.i.k.p.i.IntermediateProofReplayer Proof replay took 16.83ms 
35257      DEBUG main            d.u.i.k.p.r.p.TestFile    ... success: reloaded. 
35258      INFO  main            d.u.i.k.p.r.p.TestFile    Now processing file /home/runner/work/key/key/key.core/../key.ui/examples/heap/observer/ExampleObserver_value.key 
35259      INFO  main            d.u.i.k.p.i.AbstractProblemLoader Loading environment from /home/runner/work/key/key/key.core/../key.ui/examples/heap/observer/ExampleObserver_value.key 
35259      DEBUG main            d.u.i.k.p.i.AbstractProblemLoader Environment load took 225.9ns 
35260      INFO  main            d.u.i.k.p.i.AbstractProblemLoader Creating init config 
37827      DEBUG main            d.u.i.k.p.i.AbstractProblemLoader Init config took 2.57s 
37877      INFO  main            d.u.i.k.p.i.AbstractProblemLoader Replaying proof ExampleObserver[ExampleObserver::value()].JML normal_behavior operation contract.0 
37878      DEBUG main            d.u.i.k.p.i.IntermediateProofReplayer Proof replay took 5.8ns 
37983      INFO  main            d.u.i.k.p.r.p.TestFile    ... finished proof: closed. 
38152      INFO  main            d.u.i.k.p.i.AbstractProblemLoader Loading environment from /home/runner/work/key/key/key.core/../key.ui/examples/heap/observer/ExampleObserver_value.key.proof 
38152      DEBUG main            d.u.i.k.p.i.AbstractProblemLoader Environment load took 112.2ns 
38153      INFO  main            d.u.i.k.p.i.AbstractProblemLoader Creating init config 
40628      DEBUG main            d.u.i.k.p.i.AbstractProblemLoader Init config took 2.47s 
40671      INFO  main            d.u.i.k.p.i.AbstractProblemLoader Replaying proof ExampleObserver[ExampleObserver::value()].JML normal_behavior operation contract.0 
40690      DEBUG main            d.u.i.k.p.i.IntermediateProofReplayer Proof replay took 17.21ms 
40692      DEBUG main            d.u.i.k.p.r.p.TestFile    ... success: reloaded. 
40693      INFO  main            d.u.i.k.p.r.p.TestFile    Now processing file /home/runner/work/key/key/key.core/../key.ui/examples/heap/observer/ExampleSubject_addObserver.key 
40693      INFO  main            d.u.i.k.p.i.AbstractProblemLoader Loading environment from /home/runner/work/key/key/key.core/../key.ui/examples/heap/observer/ExampleSubject_addObserver.key 
40693      DEBUG main            d.u.i.k.p.i.AbstractProblemLoader Environment load took 199.7ns 
40694      INFO  main            d.u.i.k.p.i.AbstractProblemLoader Creating init config 
43240      DEBUG main            d.u.i.k.p.i.AbstractProblemLoader Init config took 2.55s 
43294      INFO  main            d.u.i.k.p.i.AbstractProblemLoader Replaying proof ExampleSubject[Subject::addObserver(Observer)].JML normal_behavior operation contract.0 
43296      DEBUG main            d.u.i.k.p.i.IntermediateProofReplayer Proof replay took 6.4ns 
48946      INFO  main            d.u.i.k.p.r.p.TestFile    ... finished proof: closed. 
49171      INFO  main            d.u.i.k.p.i.AbstractProblemLoader Loading environment from /home/runner/work/key/key/key.core/../key.ui/examples/heap/observer/ExampleSubject_addObserver.key.proof 
49172      DEBUG main            d.u.i.k.p.i.AbstractProblemLoader Environment load took 435.5ns 
49175      INFO  main            d.u.i.k.p.i.AbstractProblemLoader Creating init config 
51725      DEBUG main            d.u.i.k.p.i.AbstractProblemLoader Init config took 2.55s 
51771      INFO  main            d.u.i.k.p.i.AbstractProblemLoader Replaying proof ExampleSubject[Subject::addObserver(Observer)].JML normal_behavior operation contract.0 
52506      DEBUG main            d.u.i.k.p.i.IntermediateProofReplayer Proof replay took 711.78ms 
52508      DEBUG main            d.u.i.k.p.r.p.TestFile    ... success: reloaded. 
52509      INFO  main            d.u.i.k.p.r.p.TestFile    Now processing file /home/runner/work/key/key/key.core/../key.ui/examples/heap/observer/ExampleSubject_change.key 
52509      INFO  main            d.u.i.k.p.i.AbstractProblemLoader Loading environment from /home/runner/work/key/key/key.core/../key.ui/examples/heap/observer/ExampleSubject_change.key 
52510      DEBUG main            d.u.i.k.p.i.AbstractProblemLoader Environment load took 234.7ns 
52511      INFO  main            d.u.i.k.p.i.AbstractProblemLoader Creating init config 
55135      DEBUG main            d.u.i.k.p.i.AbstractProblemLoader Init config took 2.62s 
55210      INFO  main            d.u.i.k.p.i.AbstractProblemLoader Replaying proof ExampleSubject[ExampleSubject::change()].JML normal_behavior operation contract.0 
55212      DEBUG main            d.u.i.k.p.i.IntermediateProofReplayer Proof replay took 5.7ns 
55717      INFO  main            d.u.i.k.p.r.p.TestFile    ... finished proof: closed. 
55909      INFO  main            d.u.i.k.p.i.AbstractProblemLoader Loading environment from /home/runner/work/key/key/key.core/../key.ui/examples/heap/observer/ExampleSubject_change.key.proof 
55914      DEBUG main            d.u.i.k.p.i.AbstractProblemLoader Environment load took 4.43ms 
55915      INFO  main            d.u.i.k.p.i.AbstractProblemLoader Creating init config 
58411      DEBUG main            d.u.i.k.p.i.AbstractProblemLoader Init config took 2.5s 
58455      INFO  main            d.u.i.k.p.i.AbstractProblemLoader Replaying proof ExampleSubject[ExampleSubject::change()].JML normal_behavior operation contract.0 
58533      DEBUG main            d.u.i.k.p.i.IntermediateProofReplayer Proof replay took 73.38ms 
58535      DEBUG main            d.u.i.k.p.r.p.TestFile    ... success: reloaded. 
58536      INFO  main            d.u.i.k.p.r.p.TestFile    Now processing file /home/runner/work/key/key/key.core/../key.ui/examples/heap/observer/ExampleSubject_ExampleSubject.key 
58536      INFO  main            d.u.i.k.p.i.AbstractProblemLoader Loading environment from /home/runner/work/key/key/key.core/../key.ui/examples/heap/observer/ExampleSubject_ExampleSubject.key 
58537      DEBUG main            d.u.i.k.p.i.AbstractProblemLoader Environment load took 213.5ns 
58537      INFO  main            d.u.i.k.p.i.AbstractProblemLoader Creating init config 
61078      DEBUG main            d.u.i.k.p.i.AbstractProblemLoader Init config took 2.54s 
61135      INFO  main            d.u.i.k.p.i.AbstractProblemLoader Replaying proof ExampleSubject[ExampleSubject::ExampleSubject()].JML normal_behavior operation contract.0 
61137      DEBUG main            d.u.i.k.p.i.IntermediateProofReplayer Proof replay took 4.9ns 
62145      INFO  main            d.u.i.k.p.r.p.TestFile    ... finished proof: closed. 
62325      INFO  main            d.u.i.k.p.i.AbstractProblemLoader Loading environment from /home/runner/work/key/key/key.core/../key.ui/examples/heap/observer/ExampleSubject_ExampleSubject.key.proof 
62325      DEBUG main            d.u.i.k.p.i.AbstractProblemLoader Environment load took 118.2ns 
62328      INFO  main            d.u.i.k.p.i.AbstractProblemLoader Creating init config 
64807      DEBUG main            d.u.i.k.p.i.AbstractProblemLoader Init config took 2.48s 
64849      INFO  main            d.u.i.k.p.i.AbstractProblemLoader Replaying proof ExampleSubject[ExampleSubject::ExampleSubject()].JML normal_behavior operation contract.0 
65050      DEBUG main            d.u.i.k.p.i.IntermediateProofReplayer Proof replay took 193.29ms 
65051      DEBUG main            d.u.i.k.p.r.p.TestFile    ... success: reloaded. 
65052      INFO  main            d.u.i.k.p.r.p.TestFile    Now processing file /home/runner/work/key/key/key.core/../key.ui/examples/heap/observer/ExampleSubject_footprint.key 
65053      INFO  main            d.u.i.k.p.i.AbstractProblemLoader Loading environment from /home/runner/work/key/key/key.core/../key.ui/examples/heap/observer/ExampleSubject_footprint.key 
65053      DEBUG main            d.u.i.k.p.i.AbstractProblemLoader Environment load took 226.8ns 
65054      INFO  main            d.u.i.k.p.i.AbstractProblemLoader Creating init config 
67592      DEBUG main            d.u.i.k.p.i.AbstractProblemLoader Init config took 2.54s 
67635      INFO  main            d.u.i.k.p.i.AbstractProblemLoader Replaying proof ExampleSubject[Subject::$footprint()].JML accessible clause.0 
67636      DEBUG main            d.u.i.k.p.i.IntermediateProofReplayer Proof replay took 5.3ns 
67738      INFO  main            d.u.i.k.p.r.p.TestFile    ... finished proof: closed. 
67924      INFO  main            d.u.i.k.p.i.AbstractProblemLoader Loading environment from /home/runner/work/key/key/key.core/../key.ui/examples/heap/observer/ExampleSubject_footprint.key.proof 
67924      DEBUG main            d.u.i.k.p.i.AbstractProblemLoader Environment load took 119.2ns 
67925      INFO  main            d.u.i.k.p.i.AbstractProblemLoader Creating init config 
70384      DEBUG main            d.u.i.k.p.i.AbstractProblemLoader Init config took 2.46s 
70425      INFO  main            d.u.i.k.p.i.AbstractProblemLoader Replaying proof ExampleSubject[Subject::$footprint()].JML accessible clause.0 
70441      DEBUG main            d.u.i.k.p.i.IntermediateProofReplayer Proof replay took 13.71ms 
70442      DEBUG main            d.u.i.k.p.r.p.TestFile    ... success: reloaded. 
70444      INFO  main            d.u.i.k.p.r.p.TestFile    Now processing file /home/runner/work/key/key/key.core/../key.ui/examples/heap/observer/ExampleSubject_inv.key 
70444      INFO  main            d.u.i.k.p.i.AbstractProblemLoader Loading environment from /home/runner/work/key/key/key.core/../key.ui/examples/heap/observer/ExampleSubject_inv.key 
70444      DEBUG main            d.u.i.k.p.i.AbstractProblemLoader Environment load took 218.6ns 
70445      INFO  main            d.u.i.k.p.i.AbstractProblemLoader Creating init config 
72970      DEBUG main            d.u.i.k.p.i.AbstractProblemLoader Init config took 2.52s 
73011      INFO  main            d.u.i.k.p.i.AbstractProblemLoader Replaying proof ExampleSubject[java.lang.Object::<inv>()].JML accessible clause.0 
73013      DEBUG main            d.u.i.k.p.i.IntermediateProofReplayer Proof replay took 5.9ns 
74117      INFO  main            d.u.i.k.p.r.p.TestFile    ... finished proof: closed. 
74354      INFO  main            d.u.i.k.p.i.AbstractProblemLoader Loading environment from /home/runner/work/key/key/key.core/../key.ui/examples/heap/observer/ExampleSubject_inv.key.proof 
74355      DEBUG main            d.u.i.k.p.i.AbstractProblemLoader Environment load took 404.7ns 
74356      INFO  main            d.u.i.k.p.i.AbstractProblemLoader Creating init config 
76853      DEBUG main            d.u.i.k.p.i.AbstractProblemLoader Init config took 2.5s 
76899      INFO  main            d.u.i.k.p.i.AbstractProblemLoader Replaying proof ExampleSubject[java.lang.Object::<inv>()].JML accessible clause.0 
77011      DEBUG main            d.u.i.k.p.i.IntermediateProofReplayer Proof replay took 105.23ms 
77013      DEBUG main            d.u.i.k.p.r.p.TestFile    ... success: reloaded. 
77014      INFO  main            d.u.i.k.p.r.p.TestFile    Now processing file /home/runner/work/key/key/key.core/../key.ui/examples/heap/observer/ExampleSubject_notifyObservers.key 
77014      INFO  main            d.u.i.k.p.i.AbstractProblemLoader Loading environment from /home/runner/work/key/key/key.core/../key.ui/examples/heap/observer/ExampleSubject_notifyObservers.key 
77014      DEBUG main            d.u.i.k.p.i.AbstractProblemLoader Environment load took 197.7ns 
77015      INFO  main            d.u.i.k.p.i.AbstractProblemLoader Creating init config 
79493      DEBUG main            d.u.i.k.p.i.AbstractProblemLoader Init config took 2.48s 
79534      INFO  main            d.u.i.k.p.i.AbstractProblemLoader Replaying proof Subject[Subject::notifyObservers()].JML normal_behavior operation contract.0 
79537      DEBUG main            d.u.i.k.p.i.IntermediateProofReplayer Proof replay took 5.6ns 
79638      INFO  main            d.u.i.k.p.r.p.TestFile    ... finished proof: closed. 
79823      INFO  main            d.u.i.k.p.i.AbstractProblemLoader Loading environment from /home/runner/work/key/key/key.core/../key.ui/examples/heap/observer/ExampleSubject_notifyObservers.key.proof 
79823      DEBUG main            d.u.i.k.p.i.AbstractProblemLoader Environment load took 111.3ns 
79824      INFO  main            d.u.i.k.p.i.AbstractProblemLoader Creating init config 
82259      DEBUG main            d.u.i.k.p.i.AbstractProblemLoader Init config took 2.43s 
82301      INFO  main            d.u.i.k.p.i.AbstractProblemLoader Replaying proof Subject[Subject::notifyObservers()].JML normal_behavior operation contract.0 
82305      DEBUG main            d.u.i.k.p.i.IntermediateProofReplayer Proof replay took 2.63ms 
82306      DEBUG main            d.u.i.k.p.r.p.TestFile    ... success: reloaded. 
82307      INFO  main            d.u.i.k.p.r.p.TestFile    Now processing file /home/runner/work/key/key/key.core/../key.ui/examples/heap/observer/ExampleSubject_value_dep.key 
82308      INFO  main            d.u.i.k.p.i.AbstractProblemLoader Loading environment from /home/runner/work/key/key/key.core/../key.ui/examples/heap/observer/ExampleSubject_value_dep.key 
82308      DEBUG main            d.u.i.k.p.i.AbstractProblemLoader Environment load took 198ns 
82309      INFO  main            d.u.i.k.p.i.AbstractProblemLoader Creating init config 
84841      DEBUG main            d.u.i.k.p.i.AbstractProblemLoader Init config took 2.53s 
84880      INFO  main            d.u.i.k.p.i.AbstractProblemLoader Replaying proof ExampleSubject[ExampleSubject::value()].JML accessible clause.0 
84882      DEBUG main            d.u.i.k.p.i.IntermediateProofReplayer Proof replay took 5.8ns 
84984      INFO  main            d.u.i.k.p.r.p.TestFile    ... finished proof: closed. 
85219      INFO  main            d.u.i.k.p.i.AbstractProblemLoader Loading environment from /home/runner/work/key/key/key.core/../key.ui/examples/heap/observer/ExampleSubject_value_dep.key.proof 
85219      DEBUG main            d.u.i.k.p.i.AbstractProblemLoader Environment load took 107ns 
85220      INFO  main            d.u.i.k.p.i.AbstractProblemLoader Creating init config 
87651      DEBUG main            d.u.i.k.p.i.AbstractProblemLoader Init config took 2.43s 
87691      INFO  main            d.u.i.k.p.i.AbstractProblemLoader Replaying proof ExampleSubject[ExampleSubject::value()].JML accessible clause.0 
87704      DEBUG main            d.u.i.k.p.i.IntermediateProofReplayer Proof replay took 11.23ms 
87705      DEBUG main            d.u.i.k.p.r.p.TestFile    ... success: reloaded. 
87706      INFO  main            d.u.i.k.p.r.p.TestFile    Now processing file /home/runner/work/key/key/key.core/../key.ui/examples/heap/observer/ExampleSubject_value.key 
87706      INFO  main            d.u.i.k.p.i.AbstractProblemLoader Loading environment from /home/runner/work/key/key/key.core/../key.ui/examples/heap/observer/ExampleSubject_value.key 
87706      DEBUG main            d.u.i.k.p.i.AbstractProblemLoader Environment load took 69.1ns 
87707      INFO  main            d.u.i.k.p.i.AbstractProblemLoader Creating init config 
90234      DEBUG main            d.u.i.k.p.i.AbstractProblemLoader Init config took 2.53s 
90273      INFO  main            d.u.i.k.p.i.AbstractProblemLoader Replaying proof ExampleSubject[ExampleSubject::value()].JML normal_behavior operation contract.0 
90275      DEBUG main            d.u.i.k.p.i.IntermediateProofReplayer Proof replay took 4.9ns 
90379      INFO  main            d.u.i.k.p.r.p.TestFile    ... finished proof: closed. 
90565      INFO  main            d.u.i.k.p.i.AbstractProblemLoader Loading environment from /home/runner/work/key/key/key.core/../key.ui/examples/heap/observer/ExampleSubject_value.key.proof 
90565      DEBUG main            d.u.i.k.p.i.AbstractProblemLoader Environment load took 103ns 
90566      INFO  main            d.u.i.k.p.i.AbstractProblemLoader Creating init config 
93016      DEBUG main            d.u.i.k.p.i.AbstractProblemLoader Init config took 2.45s 
93060      INFO  main            d.u.i.k.p.i.AbstractProblemLoader Replaying proof ExampleSubject[ExampleSubject::value()].JML normal_behavior operation contract.0 
93071      DEBUG main            d.u.i.k.p.i.IntermediateProofReplayer Proof replay took 9.95ms 
93072      DEBUG main            d.u.i.k.p.r.p.TestFile    ... success: reloaded. 
1441439    INFO  Test worker     d.u.i.k.p.r.RunAllProofsTestUnit Returning from test observer 
1441440    INFO  Test worker     d.u.i.k.p.r.RunAllProofsTestUnit Running test removeDups 
353        WARN  main            d.u.i.k.s.ProofSettings   The settings in /home/runner/.key/proof-settings.props are *not* read. 
351        INFO  Timeout watchdog d.u.i.k.p.r.p.ForkedTestFileRunner Timeout watcher launched (2000 secs.) 
391        INFO  main            d.u.i.k.p.r.p.TestFile    Now processing file /home/runner/work/key/key/key.core/../key.ui/examples/heap/removeDups/arrayPart.key 
500        INFO  main            d.u.i.k.p.i.AbstractProblemLoader Loading environment from /home/runner/work/key/key/key.core/../key.ui/examples/heap/removeDups/arrayPart.key 
516        DEBUG main            d.u.i.k.p.i.AbstractProblemLoader Environment load took 2.14ms 
732        INFO  main            d.u.i.k.p.i.AbstractProblemLoader Creating init config 
1594       DEBUG main            d.u.i.k.j.TypeConverter   No LDT found for Meta 
1594       DEBUG main            d.u.i.k.j.TypeConverter   No LDT found for Meta 
1596       DEBUG main            d.u.i.k.j.TypeConverter   No LDT found for Meta 
1596       DEBUG main            d.u.i.k.j.TypeConverter   No LDT found for Meta 
3022       DEBUG main            d.u.i.k.j.TypeConverter   No LDT found for JavaBigintExpression 
7794       DEBUG main            d.u.i.k.p.i.AbstractProblemLoader Init config took 7.06s 
7967       INFO  main            d.u.i.k.p.i.AbstractProblemLoader Replaying proof RemoveDup[RemoveDup::arrayPart([I,int)].JML normal_behavior operation contract.0 
8000       DEBUG main            d.u.i.k.p.i.IntermediateProofReplayer Proof replay took 30.4ns 
10692      INFO  main            d.u.i.k.p.r.p.TestFile    ... finished proof: closed. 
10823      INFO  main            d.u.i.k.p.i.AbstractProblemLoader Loading environment from /home/runner/work/key/key/key.core/../key.ui/examples/heap/removeDups/arrayPart.key.proof 
10825      DEBUG main            d.u.i.k.p.i.AbstractProblemLoader Environment load took 2ms 
10827      INFO  main            d.u.i.k.p.i.AbstractProblemLoader Creating init config 
13633      DEBUG main            d.u.i.k.p.i.AbstractProblemLoader Init config took 2.81s 
13691      INFO  main            d.u.i.k.p.i.AbstractProblemLoader Replaying proof RemoveDup[RemoveDup::arrayPart([I,int)].JML normal_behavior operation contract.0 
14050      DEBUG main            d.u.i.k.p.i.IntermediateProofReplayer Proof replay took 338.13ms 
14056      DEBUG main            d.u.i.k.p.r.p.TestFile    ... success: reloaded. 
14057      INFO  main            d.u.i.k.p.r.p.TestFile    Now processing file /home/runner/work/key/key/key.core/../key.ui/examples/heap/removeDups/contains.key 
14058      INFO  main            d.u.i.k.p.i.AbstractProblemLoader Loading environment from /home/runner/work/key/key/key.core/../key.ui/examples/heap/removeDups/contains.key 
14058      DEBUG main            d.u.i.k.p.i.AbstractProblemLoader Environment load took 230.1ns 
14059      INFO  main            d.u.i.k.p.i.AbstractProblemLoader Creating init config 
16831      DEBUG main            d.u.i.k.p.i.AbstractProblemLoader Init config took 2.77s 
16900      INFO  main            d.u.i.k.p.i.AbstractProblemLoader Replaying proof RemoveDup[RemoveDup::contains([I,int,int)].JML normal_behavior operation contract.0 
16905      DEBUG main            d.u.i.k.p.i.IntermediateProofReplayer Proof replay took 5.9ns 
17409      INFO  main            d.u.i.k.p.r.p.TestFile    ... finished proof: closed. 
17551      INFO  main            d.u.i.k.p.i.AbstractProblemLoader Loading environment from /home/runner/work/key/key/key.core/../key.ui/examples/heap/removeDups/contains.key.proof 
17553      DEBUG main            d.u.i.k.p.i.AbstractProblemLoader Environment load took 1.39ms 
17556      INFO  main            d.u.i.k.p.i.AbstractProblemLoader Creating init config 
20078      DEBUG main            d.u.i.k.p.i.AbstractProblemLoader Init config took 2.52s 
20125      INFO  main            d.u.i.k.p.i.AbstractProblemLoader Replaying proof RemoveDup[RemoveDup::contains([I,int,int)].JML normal_behavior operation contract.0 
20226      DEBUG main            d.u.i.k.p.i.IntermediateProofReplayer Proof replay took 96.57ms 
20227      DEBUG main            d.u.i.k.p.r.p.TestFile    ... success: reloaded. 
20228      INFO  main            d.u.i.k.p.r.p.TestFile    Now processing file /home/runner/work/key/key/key.core/../key.ui/examples/heap/removeDups/removeDup.key 
20229      INFO  main            d.u.i.k.p.i.AbstractProblemLoader Loading environment from /home/runner/work/key/key/key.core/../key.ui/examples/heap/removeDups/removeDup.key 
20229      DEBUG main            d.u.i.k.p.i.AbstractProblemLoader Environment load took 208.1ns 
20230      INFO  main            d.u.i.k.p.i.AbstractProblemLoader Creating init config 
22777      DEBUG main            d.u.i.k.p.i.AbstractProblemLoader Init config took 2.55s 
22822      INFO  main            d.u.i.k.p.i.AbstractProblemLoader Replaying proof RemoveDup[RemoveDup::removeDup([I)].JML normal_behavior operation contract.0 
22824      DEBUG main            d.u.i.k.p.i.IntermediateProofReplayer Proof replay took 5.4ns 
27827      DEBUG Thread-7        d.u.i.k.j.d.VariableSpecification Program match. Variables have different dimension (template #v0 = #vi;, source a#11[] = var;) 
49986      INFO  main            d.u.i.k.p.r.p.TestFile    ... finished proof: closed. 
50229      INFO  main            d.u.i.k.p.i.AbstractProblemLoader Loading environment from /home/runner/work/key/key/key.core/../key.ui/examples/heap/removeDups/removeDup.key.proof 
50229      DEBUG main            d.u.i.k.p.i.AbstractProblemLoader Environment load took 188ns 
50239      INFO  main            d.u.i.k.p.i.AbstractProblemLoader Creating init config 
52685      DEBUG main            d.u.i.k.p.i.AbstractProblemLoader Init config took 2.45s 
52763      INFO  main            d.u.i.k.p.i.AbstractProblemLoader Replaying proof RemoveDup[RemoveDup::removeDup([I)].JML normal_behavior operation contract.0 
54581      DEBUG main            d.u.i.k.p.i.IntermediateProofReplayer Proof replay took 1.75s 
54585      DEBUG main            d.u.i.k.p.r.p.TestFile    ... success: reloaded. 
54586      INFO  main            d.u.i.k.p.r.p.TestFile    Now processing file /home/runner/work/key/key/key.core/../key.ui/examples/heap/saddleback_search/Saddleback_search.key 
54588      INFO  main            d.u.i.k.p.i.AbstractProblemLoader Loading environment from /home/runner/work/key/key/key.core/../key.ui/examples/heap/saddleback_search/Saddleback_search.key 
54589      DEBUG main            d.u.i.k.p.i.AbstractProblemLoader Environment load took 251.6ns 
54590      INFO  main            d.u.i.k.p.i.AbstractProblemLoader Creating init config 
57205      DEBUG main            d.u.i.k.p.i.AbstractProblemLoader Init config took 2.62s 
57246      INFO  main            d.u.i.k.p.i.AbstractProblemLoader Replaying proof Saddleback[Saddleback::search([[I,int)].JML normal_behavior operation contract.0 
57254      DEBUG main            d.u.i.k.p.i.IntermediateProofReplayer Proof replay took 6ns 
142189     INFO  main            d.u.i.k.p.r.p.TestFile    ... finished proof: closed. 
142530     INFO  main            d.u.i.k.p.i.AbstractProblemLoader Loading environment from /home/runner/work/key/key/key.core/../key.ui/examples/heap/saddleback_search/Saddleback_search.key.proof 
142531     DEBUG main            d.u.i.k.p.i.AbstractProblemLoader Environment load took 423.6ns 
142543     INFO  main            d.u.i.k.p.i.AbstractProblemLoader Creating init config 
144915     DEBUG main            d.u.i.k.p.i.AbstractProblemLoader Init config took 2.37s 
144971     INFO  main            d.u.i.k.p.i.AbstractProblemLoader Replaying proof Saddleback[Saddleback::search([[I,int)].JML normal_behavior operation contract.0 
147443     DEBUG main            d.u.i.k.p.i.IntermediateProofReplayer Proof replay took 2.31s 
147488     DEBUG main            d.u.i.k.p.r.p.TestFile    ... success: reloaded. 
1589808    INFO  Test worker     d.u.i.k.p.r.RunAllProofsTestUnit Returning from test removeDups 
1589810    INFO  Test worker     d.u.i.k.p.r.RunAllProofsTestUnit Running test quicksort 
440        INFO  Timeout watchdog d.u.i.k.p.r.p.ForkedTestFileRunner Timeout watcher launched (2000 secs.) 
467        WARN  main            d.u.i.k.s.ProofSettings   The settings in /home/runner/.key/proof-settings.props are *not* read. 
517        INFO  main            d.u.i.k.p.r.p.TestFile    Now processing file /home/runner/work/key/key/key.core/../key.ui/examples/heap/quicksort/toplevel.key 
624        INFO  main            d.u.i.k.p.i.AbstractProblemLoader Loading environment from /home/runner/work/key/key/key.core/../key.ui/examples/heap/quicksort/toplevel.key 
643        DEBUG main            d.u.i.k.p.i.AbstractProblemLoader Environment load took 1.79ms 
850        INFO  main            d.u.i.k.p.i.AbstractProblemLoader Creating init config 
1809       DEBUG main            d.u.i.k.j.TypeConverter   No LDT found for Meta 
1809       DEBUG main            d.u.i.k.j.TypeConverter   No LDT found for Meta 
1812       DEBUG main            d.u.i.k.j.TypeConverter   No LDT found for Meta 
1813       DEBUG main            d.u.i.k.j.TypeConverter   No LDT found for Meta 
3476       DEBUG main            d.u.i.k.j.TypeConverter   No LDT found for JavaBigintExpression 
8199       DEBUG main            d.u.i.k.p.i.AbstractProblemLoader Init config took 7.35s 
8320       INFO  main            d.u.i.k.p.i.AbstractProblemLoader Replaying proof Quicksort[Quicksort::sort([I)].JML normal_behavior operation contract.0 
8351       DEBUG main            d.u.i.k.p.i.IntermediateProofReplayer Proof replay took 30.9ns 
9490       INFO  main            d.u.i.k.p.r.p.TestFile    ... finished proof: closed. 
9610       INFO  main            d.u.i.k.p.i.AbstractProblemLoader Loading environment from /home/runner/work/key/key/key.core/../key.ui/examples/heap/quicksort/toplevel.key.proof 
9617       DEBUG main            d.u.i.k.p.i.AbstractProblemLoader Environment load took 6.26ms 
9619       INFO  main            d.u.i.k.p.i.AbstractProblemLoader Creating init config 
12418      DEBUG main            d.u.i.k.p.i.AbstractProblemLoader Init config took 2.8s 
12506      INFO  main            d.u.i.k.p.i.AbstractProblemLoader Replaying proof Quicksort[Quicksort::sort([I)].JML normal_behavior operation contract.0 
12717      DEBUG main            d.u.i.k.p.i.IntermediateProofReplayer Proof replay took 203.45ms 
12724      DEBUG main            d.u.i.k.p.r.p.TestFile    ... success: reloaded. 
12728      INFO  main            d.u.i.k.p.r.p.TestFile    Now processing file /home/runner/work/key/key/key.core/../key.ui/examples/heap/quicksort/sort.key 
12728      INFO  main            d.u.i.k.p.i.AbstractProblemLoader Loading environment from /home/runner/work/key/key/key.core/../key.ui/examples/heap/quicksort/sort.key 
12728      DEBUG main            d.u.i.k.p.i.AbstractProblemLoader Environment load took 128.3ns 
12731      INFO  main            d.u.i.k.p.i.AbstractProblemLoader Creating init config 
15505      DEBUG main            d.u.i.k.p.i.AbstractProblemLoader Init config took 2.77s 
15566      INFO  main            d.u.i.k.p.i.AbstractProblemLoader Replaying proof Quicksort[Quicksort::sort([I,int,int)].JML normal_behavior operation contract.0 
15570      DEBUG main            d.u.i.k.p.i.IntermediateProofReplayer Proof replay took 6.4ns 
15600      DEBUG main            d.u.i.k.m.s.ProofScriptEngine 1: 'script 'sort.script'' 
15607      INFO  main            d.u.i.k.m.s.ProofScriptCommand Included script /home/runner/work/key/key/key.core/../key.ui/examples/heap/quicksort/sort.script 
15608      DEBUG main            d.u.i.k.m.s.ProofScriptEngine 1: 'macro autopilot-prep' 
16717      DEBUG main            d.u.i.k.m.s.ProofScriptEngine 2: 'select formula="{heapAtPre:=heap || exc:=null || heap:=heapAfter_sort_0}
   seq ...' 
16720      DEBUG main            d.u.i.k.m.s.ProofScriptEngine 3: 'macro simp-upd' 
16731      DEBUG main            d.u.i.k.m.s.ProofScriptEngine 4: 'let   @seqPre="seqDef{int u;}(0, array.length, array[u])"
    @seqSplit="seqDef ...' 
16737      DEBUG main            d.u.i.k.m.s.ProofScriptEngine 5: 'rule seqPermSym 
  formula="seqPerm(@seqSplit, @seqPre)"' 
16757      DEBUG main            d.u.i.k.m.s.ProofScriptEngine 6: 'rule seqPermSym
  formula="seqPerm(@seqSort, @seqSplit)"' 
16759      DEBUG main            d.u.i.k.m.s.ProofScriptEngine 7: 'rule seqPermSym
  formula="seqPerm(@seqSort0, @seqSort)"' 
16761      DEBUG main            d.u.i.k.m.s.ProofScriptEngine 8: 'rule seqPermTrans
  formula="seqPerm(@seqPre, @seqSplit)"' 
16762      DEBUG main            d.u.i.k.m.s.ProofScriptEngine 9: 'rule seqPermTrans
  formula="seqPerm(@seqPre, @seqSort)"' 
16763      DEBUG main            d.u.i.k.m.s.ProofScriptEngine 10: 'rule seqPermSym
  formula="seqPerm(@seqPre, @seqSort0)"' 
16764      DEBUG main            d.u.i.k.m.s.ProofScriptEngine 11: 'tryclose' 
42967      INFO  main            d.u.i.k.p.r.p.TestFile    ... finished proof: closed. 
43257      INFO  main            d.u.i.k.p.i.AbstractProblemLoader Loading environment from /home/runner/work/key/key/key.core/../key.ui/examples/heap/quicksort/sort.key.proof 
43257      DEBUG main            d.u.i.k.p.i.AbstractProblemLoader Environment load took 430ns 
43268      INFO  main            d.u.i.k.p.i.AbstractProblemLoader Creating init config 
45898      DEBUG main            d.u.i.k.p.i.AbstractProblemLoader Init config took 2.63s 
45967      INFO  main            d.u.i.k.p.i.AbstractProblemLoader Replaying proof Quicksort[Quicksort::sort([I,int,int)].JML normal_behavior operation contract.0 
47897      DEBUG main            d.u.i.k.p.i.IntermediateProofReplayer Proof replay took 1.78s 
47903      DEBUG main            d.u.i.k.p.r.p.TestFile    ... success: reloaded. 
47918      INFO  main            d.u.i.k.p.r.p.TestFile    Now processing file /home/runner/work/key/key/key.core/../key.ui/examples/heap/quicksort/split.key 
47919      INFO  main            d.u.i.k.p.i.AbstractProblemLoader Loading environment from /home/runner/work/key/key/key.core/../key.ui/examples/heap/quicksort/split.key 
47919      DEBUG main            d.u.i.k.p.i.AbstractProblemLoader Environment load took 256.4ns 
47920      INFO  main            d.u.i.k.p.i.AbstractProblemLoader Creating init config 
50793      DEBUG main            d.u.i.k.p.i.AbstractProblemLoader Init config took 2.87s 
50846      INFO  main            d.u.i.k.p.i.AbstractProblemLoader Replaying proof Quicksort[Quicksort::split([I,int,int)].JML normal_behavior operation contract.0 
50849      DEBUG main            d.u.i.k.p.i.IntermediateProofReplayer Proof replay took 6.1ns 
50850      DEBUG main            d.u.i.k.m.s.ProofScriptEngine 1: 'macro autopilot-prep' 
52036      DEBUG main            d.u.i.k.m.s.ProofScriptEngine 2: 'tryclose' 
89287      DEBUG main            d.u.i.k.m.s.ProofScriptEngine 3: 'macro simp-upd' 
89378      DEBUG main            d.u.i.k.m.s.ProofScriptEngine 4: 'rule seqPermFromSwap' 
89393      DEBUG main            d.u.i.k.m.s.ProofScriptEngine 5: 'rule andRight' 
89395      DEBUG main            d.u.i.k.m.s.ProofScriptEngine 6: 'auto' 
89458      DEBUG main            d.u.i.k.m.s.ProofScriptEngine 7: 'instantiate hide var=iv with=i_0' 
89463      DEBUG main            d.u.i.k.m.s.ProofScriptEngine 8: 'instantiate hide var=jv with=j_0' 
89464      DEBUG main            d.u.i.k.m.s.ProofScriptEngine 9: 'auto' 
96010      DEBUG main            d.u.i.k.m.s.ProofScriptEngine 10: 'macro simp-upd' 
96086      DEBUG main            d.u.i.k.m.s.ProofScriptEngine 11: 'rule seqPermFromSwap' 
96089      DEBUG main            d.u.i.k.m.s.ProofScriptEngine 12: 'rule andRight' 
96091      DEBUG main            d.u.i.k.m.s.ProofScriptEngine 13: 'auto' 
96104      DEBUG main            d.u.i.k.m.s.ProofScriptEngine 14: 'instantiate hide var=iv with=i_0' 
96107      DEBUG main            d.u.i.k.m.s.ProofScriptEngine 15: 'instantiate hide var=jv with=to' 
96108      DEBUG main            d.u.i.k.m.s.ProofScriptEngine 16: 'auto' 
101415     INFO  main            d.u.i.k.p.r.p.TestFile    ... finished proof: closed. 
101758     INFO  main            d.u.i.k.p.i.AbstractProblemLoader Loading environment from /home/runner/work/key/key/key.core/../key.ui/examples/heap/quicksort/split.key.proof 
101759     DEBUG main            d.u.i.k.p.i.AbstractProblemLoader Environment load took 279.9ns 
101768     INFO  main            d.u.i.k.p.i.AbstractProblemLoader Creating init config 
104271     DEBUG main            d.u.i.k.p.i.AbstractProblemLoader Init config took 2.5s 
104327     INFO  main            d.u.i.k.p.i.AbstractProblemLoader Replaying proof Quicksort[Quicksort::split([I,int,int)].JML normal_behavior operation contract.0 
107768     DEBUG main            d.u.i.k.p.i.IntermediateProofReplayer Proof replay took 3.24s 
107781     DEBUG main            d.u.i.k.p.r.p.TestFile    ... success: reloaded. 
1697760    INFO  Test worker     d.u.i.k.p.r.RunAllProofsTestUnit Returning from test quicksort 
1697764    INFO  Test worker     d.u.i.k.p.r.RunAllProofsTestUnit Running test simpleTests 
320        INFO  Timeout watchdog d.u.i.k.p.r.p.ForkedTestFileRunner Timeout watcher launched (2000 secs.) 
331        WARN  main            d.u.i.k.s.ProofSettings   The settings in /home/runner/.key/proof-settings.props are *not* read. 
368        INFO  main            d.u.i.k.p.r.p.TestFile    Now processing file /home/runner/work/key/key/key.core/../key.ui/examples/heap/simple/anonymise_datagroup.key 
480        INFO  main            d.u.i.k.p.i.AbstractProblemLoader Loading environment from /home/runner/work/key/key/key.core/../key.ui/examples/heap/simple/anonymise_datagroup.key 
506        DEBUG main            d.u.i.k.p.i.AbstractProblemLoader Environment load took 1.85ms 
748        INFO  main            d.u.i.k.p.i.AbstractProblemLoader Creating init config 
1701       DEBUG main            d.u.i.k.j.TypeConverter   No LDT found for Meta 
1701       DEBUG main            d.u.i.k.j.TypeConverter   No LDT found for Meta 
1702       DEBUG main            d.u.i.k.j.TypeConverter   No LDT found for Meta 
1702       DEBUG main            d.u.i.k.j.TypeConverter   No LDT found for Meta 
3115       DEBUG main            d.u.i.k.j.TypeConverter   No LDT found for JavaBigintExpression 
7639       DEBUG main            d.u.i.k.p.i.AbstractProblemLoader Init config took 6.89s 
7717       INFO  main            d.u.i.k.p.i.AbstractProblemLoader Replaying proof anonymise_datagroup.key 
7752       DEBUG main            d.u.i.k.p.i.IntermediateProofReplayer Proof replay took 33.9ns 
8016       INFO  main            d.u.i.k.p.r.p.TestFile    ... finished proof: closed. 
8128       INFO  main            d.u.i.k.p.i.AbstractProblemLoader Loading environment from /home/runner/work/key/key/key.core/../key.ui/examples/heap/simple/anonymise_datagroup.key.proof 
8128       DEBUG main            d.u.i.k.p.i.AbstractProblemLoader Environment load took 151.8ns 
8133       INFO  main            d.u.i.k.p.i.AbstractProblemLoader Creating init config 
10617      DEBUG main            d.u.i.k.p.i.AbstractProblemLoader Init config took 2.48s 
10662      INFO  main            d.u.i.k.p.i.AbstractProblemLoader Replaying proof anonymise_datagroup.key.proof 
10692      DEBUG main            d.u.i.k.p.i.IntermediateProofReplayer Proof replay took 23.74ms 
10704      DEBUG main            d.u.i.k.p.r.p.TestFile    ... success: reloaded. 
10709      INFO  main            d.u.i.k.p.r.p.TestFile    Now processing file /home/runner/work/key/key/key.core/../key.ui/examples/heap/simple/array_creation.key 
10710      INFO  main            d.u.i.k.p.i.AbstractProblemLoader Loading environment from /home/runner/work/key/key/key.core/../key.ui/examples/heap/simple/array_creation.key 
10710      DEBUG main            d.u.i.k.p.i.AbstractProblemLoader Environment load took 139.3ns 
10714      INFO  main            d.u.i.k.p.i.AbstractProblemLoader Creating init config 
13173      DEBUG main            d.u.i.k.p.i.AbstractProblemLoader Init config took 2.46s 
13206      INFO  main            d.u.i.k.p.i.AbstractProblemLoader Replaying proof array_creation.key 
13209      DEBUG main            d.u.i.k.p.i.IntermediateProofReplayer Proof replay took 5.4ns 
13916      INFO  main            d.u.i.k.p.r.p.TestFile    ... finished proof: closed. 
14042      INFO  main            d.u.i.k.p.i.AbstractProblemLoader Loading environment from /home/runner/work/key/key/key.core/../key.ui/examples/heap/simple/array_creation.key.proof 
14043      DEBUG main            d.u.i.k.p.i.AbstractProblemLoader Environment load took 411.9ns 
14045      INFO  main            d.u.i.k.p.i.AbstractProblemLoader Creating init config 
16378      DEBUG main            d.u.i.k.p.i.AbstractProblemLoader Init config took 2.33s 
16403      INFO  main            d.u.i.k.p.i.AbstractProblemLoader Replaying proof array_creation.key.proof 
16495      DEBUG main            d.u.i.k.p.i.IntermediateProofReplayer Proof replay took 87.24ms 
16496      DEBUG main            d.u.i.k.p.r.p.TestFile    ... success: reloaded. 
16497      INFO  main            d.u.i.k.p.r.p.TestFile    Now processing file /home/runner/work/key/key/key.core/../key.ui/examples/heap/simple/arrays_with_disjoint_sorts.key 
16497      INFO  main            d.u.i.k.p.i.AbstractProblemLoader Loading environment from /home/runner/work/key/key/key.core/../key.ui/examples/heap/simple/arrays_with_disjoint_sorts.key 
16497      DEBUG main            d.u.i.k.p.i.AbstractProblemLoader Environment load took 68ns 
16499      INFO  main            d.u.i.k.p.i.AbstractProblemLoader Creating init config 
18872      DEBUG main            d.u.i.k.p.i.AbstractProblemLoader Init config took 2.37s 
18894      INFO  main            d.u.i.k.p.i.AbstractProblemLoader Replaying proof arrays_with_disjoint_sorts.key 
18896      DEBUG main            d.u.i.k.p.i.IntermediateProofReplayer Proof replay took 5.3ns 
18999      INFO  main            d.u.i.k.p.r.p.TestFile    ... finished proof: closed. 
19132      INFO  main            d.u.i.k.p.i.AbstractProblemLoader Loading environment from /home/runner/work/key/key/key.core/../key.ui/examples/heap/simple/arrays_with_disjoint_sorts.key.proof 
19133      DEBUG main            d.u.i.k.p.i.AbstractProblemLoader Environment load took 1.35ms 
19135      INFO  main            d.u.i.k.p.i.AbstractProblemLoader Creating init config 
21448      DEBUG main            d.u.i.k.p.i.AbstractProblemLoader Init config took 2.31s 
21469      INFO  main            d.u.i.k.p.i.AbstractProblemLoader Replaying proof arrays_with_disjoint_sorts.key.proof 
21494      DEBUG main            d.u.i.k.p.i.IntermediateProofReplayer Proof replay took 22.78ms 
21496      DEBUG main            d.u.i.k.p.r.p.TestFile    ... success: reloaded. 
21496      INFO  main            d.u.i.k.p.r.p.TestFile    Now processing file /home/runner/work/key/key/key.core/../key.ui/examples/heap/simple/arrays.key 
21497      INFO  main            d.u.i.k.p.i.AbstractProblemLoader Loading environment from /home/runner/work/key/key/key.core/../key.ui/examples/heap/simple/arrays.key 
21497      DEBUG main            d.u.i.k.p.i.AbstractProblemLoader Environment load took 187.7ns 
21498      INFO  main            d.u.i.k.p.i.AbstractProblemLoader Creating init config 
23804      DEBUG main            d.u.i.k.p.i.AbstractProblemLoader Init config took 2.31s 
23824      INFO  main            d.u.i.k.p.i.AbstractProblemLoader Replaying proof arrays.key 
23827      DEBUG main            d.u.i.k.p.i.IntermediateProofReplayer Proof replay took 13.2ns 
23930      INFO  main            d.u.i.k.p.r.p.TestFile    ... finished proof: closed. 
24070      INFO  main            d.u.i.k.p.i.AbstractProblemLoader Loading environment from /home/runner/work/key/key/key.core/../key.ui/examples/heap/simple/arrays.key.proof 
24070      DEBUG main            d.u.i.k.p.i.AbstractProblemLoader Environment load took 124.2ns 
24071      INFO  main            d.u.i.k.p.i.AbstractProblemLoader Creating init config 
26336      DEBUG main            d.u.i.k.p.i.AbstractProblemLoader Init config took 2.26s 
26360      INFO  main            d.u.i.k.p.i.AbstractProblemLoader Replaying proof arrays.key.proof 
26381      DEBUG main            d.u.i.k.p.i.IntermediateProofReplayer Proof replay took 17.86ms 
26382      DEBUG main            d.u.i.k.p.r.p.TestFile    ... success: reloaded. 
26383      INFO  main            d.u.i.k.p.r.p.TestFile    Now processing file /home/runner/work/key/key/key.core/../key.ui/examples/heap/simple/attributes.key 
26383      INFO  main            d.u.i.k.p.i.AbstractProblemLoader Loading environment from /home/runner/work/key/key/key.core/../key.ui/examples/heap/simple/attributes.key 
26384      DEBUG main            d.u.i.k.p.i.AbstractProblemLoader Environment load took 217.4ns 
26385      INFO  main            d.u.i.k.p.i.AbstractProblemLoader Creating init config 
28712      DEBUG main            d.u.i.k.p.i.AbstractProblemLoader Init config took 2.33s 
28732      INFO  main            d.u.i.k.p.i.AbstractProblemLoader Replaying proof attributes.key 
28734      DEBUG main            d.u.i.k.p.i.IntermediateProofReplayer Proof replay took 6.3ns 
28836      INFO  main            d.u.i.k.p.r.p.TestFile    ... finished proof: closed. 
28987      INFO  main            d.u.i.k.p.i.AbstractProblemLoader Loading environment from /home/runner/work/key/key/key.core/../key.ui/examples/heap/simple/attributes.key.proof 
28987      DEBUG main            d.u.i.k.p.i.AbstractProblemLoader Environment load took 110.9ns 
28991      INFO  main            d.u.i.k.p.i.AbstractProblemLoader Creating init config 
31249      DEBUG main            d.u.i.k.p.i.AbstractProblemLoader Init config took 2.26s 
31268      INFO  main            d.u.i.k.p.i.AbstractProblemLoader Replaying proof attributes.key.proof 
31272      DEBUG main            d.u.i.k.p.i.IntermediateProofReplayer Proof replay took 1.7ms 
31273      DEBUG main            d.u.i.k.p.r.p.TestFile    ... success: reloaded. 
31273      INFO  main            d.u.i.k.p.r.p.TestFile    Now processing file /home/runner/work/key/key/key.core/../key.ui/examples/heap/simple/constructor_contracts.key 
31274      INFO  main            d.u.i.k.p.i.AbstractProblemLoader Loading environment from /home/runner/work/key/key/key.core/../key.ui/examples/heap/simple/constructor_contracts.key 
31274      DEBUG main            d.u.i.k.p.i.AbstractProblemLoader Environment load took 223.8ns 
31276      INFO  main            d.u.i.k.p.i.AbstractProblemLoader Creating init config 
33926      DEBUG main            d.u.i.k.p.i.AbstractProblemLoader Init config took 2.65s 
33947      INFO  main            d.u.i.k.p.i.AbstractProblemLoader Replaying proof constructor_contracts.key 
33948      DEBUG main            d.u.i.k.p.i.IntermediateProofReplayer Proof replay took 6ns 
34456      INFO  main            d.u.i.k.p.r.p.TestFile    ... finished proof: closed. 
34627      INFO  main            d.u.i.k.p.i.AbstractProblemLoader Loading environment from /home/runner/work/key/key/key.core/../key.ui/examples/heap/simple/constructor_contracts.key.proof 
34629      DEBUG main            d.u.i.k.p.i.AbstractProblemLoader Environment load took 2.55ms 
34631      INFO  main            d.u.i.k.p.i.AbstractProblemLoader Creating init config 
37103      DEBUG main            d.u.i.k.p.i.AbstractProblemLoader Init config took 2.47s 
37124      INFO  main            d.u.i.k.p.i.AbstractProblemLoader Replaying proof constructor_contracts.key.proof 
37262      DEBUG main            d.u.i.k.p.i.IntermediateProofReplayer Proof replay took 128.04ms 
37266      DEBUG main            d.u.i.k.p.r.p.TestFile    ... success: reloaded. 
37268      INFO  main            d.u.i.k.p.r.p.TestFile    Now processing file /home/runner/work/key/key/key.core/../key.ui/examples/heap/simple/dependencies.key 
37269      INFO  main            d.u.i.k.p.i.AbstractProblemLoader Loading environment from /home/runner/work/key/key/key.core/../key.ui/examples/heap/simple/dependencies.key 
37269      DEBUG main            d.u.i.k.p.i.AbstractProblemLoader Environment load took 202ns 
37270      INFO  main            d.u.i.k.p.i.AbstractProblemLoader Creating init config 
39554      DEBUG main            d.u.i.k.p.i.AbstractProblemLoader Init config took 2.28s 
39571      INFO  main            d.u.i.k.p.i.AbstractProblemLoader Replaying proof dependencies.key 
39573      DEBUG main            d.u.i.k.p.i.IntermediateProofReplayer Proof replay took 6.5ns 
39675      INFO  main            d.u.i.k.p.r.p.TestFile    ... finished proof: closed. 
39840      INFO  main            d.u.i.k.p.i.AbstractProblemLoader Loading environment from /home/runner/work/key/key/key.core/../key.ui/examples/heap/simple/dependencies.key.proof 
39842      DEBUG main            d.u.i.k.p.i.AbstractProblemLoader Environment load took 2.82ms 
39844      INFO  main            d.u.i.k.p.i.AbstractProblemLoader Creating init config 
42082      DEBUG main            d.u.i.k.p.i.AbstractProblemLoader Init config took 2.24s 
42099      INFO  main            d.u.i.k.p.i.AbstractProblemLoader Replaying proof dependencies.key.proof 
42109      DEBUG main            d.u.i.k.p.i.IntermediateProofReplayer Proof replay took 7.78ms 
42110      DEBUG main            d.u.i.k.p.r.p.TestFile    ... success: reloaded. 
42110      INFO  main            d.u.i.k.p.r.p.TestFile    Now processing file /home/runner/work/key/key/key.core/../key.ui/examples/heap/simple/dependency_contracts.key 
42111      INFO  main            d.u.i.k.p.i.AbstractProblemLoader Loading environment from /home/runner/work/key/key/key.core/../key.ui/examples/heap/simple/dependency_contracts.key 
42111      DEBUG main            d.u.i.k.p.i.AbstractProblemLoader Environment load took 190.5ns 
42112      INFO  main            d.u.i.k.p.i.AbstractProblemLoader Creating init config 
44593      DEBUG main            d.u.i.k.p.i.AbstractProblemLoader Init config took 2.48s 
44611      INFO  main            d.u.i.k.p.i.AbstractProblemLoader Replaying proof dependency_contracts.key 
44614      DEBUG main            d.u.i.k.p.i.IntermediateProofReplayer Proof replay took 6.1ns 
45927      INFO  main            d.u.i.k.p.r.p.TestFile    ... finished proof: closed. 
46111      INFO  main            d.u.i.k.p.i.AbstractProblemLoader Loading environment from /home/runner/work/key/key/key.core/../key.ui/examples/heap/simple/dependency_contracts.key.proof 
46114      DEBUG main            d.u.i.k.p.i.AbstractProblemLoader Environment load took 2.85ms 
46116      INFO  main            d.u.i.k.p.i.AbstractProblemLoader Creating init config 
48544      DEBUG main            d.u.i.k.p.i.AbstractProblemLoader Init config took 2.43s 
48562      INFO  main            d.u.i.k.p.i.AbstractProblemLoader Replaying proof dependency_contracts.key.proof 
48754      DEBUG main            d.u.i.k.p.i.IntermediateProofReplayer Proof replay took 182.83ms 
48756      DEBUG main            d.u.i.k.p.r.p.TestFile    ... success: reloaded. 
48757      INFO  main            d.u.i.k.p.r.p.TestFile    Now processing file /home/runner/work/key/key/key.core/../key.ui/examples/heap/simple/invariant_preservation.key 
48757      INFO  main            d.u.i.k.p.i.AbstractProblemLoader Loading environment from /home/runner/work/key/key/key.core/../key.ui/examples/heap/simple/invariant_preservation.key 
48757      DEBUG main            d.u.i.k.p.i.AbstractProblemLoader Environment load took 197.4ns 
48759      INFO  main            d.u.i.k.p.i.AbstractProblemLoader Creating init config 
51275      DEBUG main            d.u.i.k.p.i.AbstractProblemLoader Init config took 2.52s 
51296      INFO  main            d.u.i.k.p.i.AbstractProblemLoader Replaying proof invariant_preservation.key 
51298      DEBUG main            d.u.i.k.p.i.IntermediateProofReplayer Proof replay took 7ns 
51505      INFO  main            d.u.i.k.p.r.p.TestFile    ... finished proof: closed. 
51689      INFO  main            d.u.i.k.p.i.AbstractProblemLoader Loading environment from /home/runner/work/key/key/key.core/../key.ui/examples/heap/simple/invariant_preservation.key.proof 
51689      DEBUG main            d.u.i.k.p.i.AbstractProblemLoader Environment load took 108.8ns 
51691      INFO  main            d.u.i.k.p.i.AbstractProblemLoader Creating init config 
54101      DEBUG main            d.u.i.k.p.i.AbstractProblemLoader Init config took 2.41s 
54122      INFO  main            d.u.i.k.p.i.AbstractProblemLoader Replaying proof invariant_preservation.key.proof 
54152      DEBUG main            d.u.i.k.p.i.IntermediateProofReplayer Proof replay took 26.78ms 
54154      DEBUG main            d.u.i.k.p.r.p.TestFile    ... success: reloaded. 
54156      INFO  main            d.u.i.k.p.r.p.TestFile    Now processing file /home/runner/work/key/key/key.core/../key.ui/examples/heap/simple/locsets.key 
54156      INFO  main            d.u.i.k.p.i.AbstractProblemLoader Loading environment from /home/runner/work/key/key/key.core/../key.ui/examples/heap/simple/locsets.key 
54157      DEBUG main            d.u.i.k.p.i.AbstractProblemLoader Environment load took 697.5ns 
54158      INFO  main            d.u.i.k.p.i.AbstractProblemLoader Creating init config 
56420      DEBUG main            d.u.i.k.p.i.AbstractProblemLoader Init config took 2.26s 
56459      INFO  main            d.u.i.k.p.i.AbstractProblemLoader Replaying proof locsets.key 
56460      DEBUG main            d.u.i.k.p.i.IntermediateProofReplayer Proof replay took 5.9ns 
56562      INFO  main            d.u.i.k.p.r.p.TestFile    ... finished proof: closed. 
56728      INFO  main            d.u.i.k.p.i.AbstractProblemLoader Loading environment from /home/runner/work/key/key/key.core/../key.ui/examples/heap/simple/locsets.key.proof 
56728      DEBUG main            d.u.i.k.p.i.AbstractProblemLoader Environment load took 122.3ns 
56729      INFO  main            d.u.i.k.p.i.AbstractProblemLoader Creating init config 
58953      DEBUG main            d.u.i.k.p.i.AbstractProblemLoader Init config took 2.22s 
58968      INFO  main            d.u.i.k.p.i.AbstractProblemLoader Replaying proof locsets.key.proof 
58971      DEBUG main            d.u.i.k.p.i.IntermediateProofReplayer Proof replay took 1.48ms 
58972      DEBUG main            d.u.i.k.p.r.p.TestFile    ... success: reloaded. 
58973      INFO  main            d.u.i.k.p.r.p.TestFile    Now processing file /home/runner/work/key/key/key.core/../key.ui/examples/heap/simple/loop1.key 
58973      INFO  main            d.u.i.k.p.i.AbstractProblemLoader Loading environment from /home/runner/work/key/key/key.core/../key.ui/examples/heap/simple/loop1.key 
58973      DEBUG main            d.u.i.k.p.i.AbstractProblemLoader Environment load took 85.5ns 
58974      INFO  main            d.u.i.k.p.i.AbstractProblemLoader Creating init config 
61432      DEBUG main            d.u.i.k.p.i.AbstractProblemLoader Init config took 2.46s 
61464      INFO  main            d.u.i.k.p.i.AbstractProblemLoader Replaying proof loop1.key 
61466      DEBUG main            d.u.i.k.p.i.IntermediateProofReplayer Proof replay took 5.7ns 
61668      INFO  main            d.u.i.k.p.r.p.TestFile    ... finished proof: closed. 
61842      INFO  main            d.u.i.k.p.i.AbstractProblemLoader Loading environment from /home/runner/work/key/key/key.core/../key.ui/examples/heap/simple/loop1.key.proof 
61842      DEBUG main            d.u.i.k.p.i.AbstractProblemLoader Environment load took 110.6ns 
61844      INFO  main            d.u.i.k.p.i.AbstractProblemLoader Creating init config 
64267      DEBUG main            d.u.i.k.p.i.AbstractProblemLoader Init config took 2.42s 
64283      INFO  main            d.u.i.k.p.i.AbstractProblemLoader Replaying proof loop1.key.proof 
64353      DEBUG main            d.u.i.k.p.i.IntermediateProofReplayer Proof replay took 63.04ms 
64355      DEBUG main            d.u.i.k.p.r.p.TestFile    ... success: reloaded. 
64356      INFO  main            d.u.i.k.p.r.p.TestFile    Now processing file /home/runner/work/key/key/key.core/../key.ui/examples/heap/simple/loop2.key 
64356      INFO  main            d.u.i.k.p.i.AbstractProblemLoader Loading environment from /home/runner/work/key/key/key.core/../key.ui/examples/heap/simple/loop2.key 
64357      DEBUG main            d.u.i.k.p.i.AbstractProblemLoader Environment load took 240.2ns 
64358      INFO  main            d.u.i.k.p.i.AbstractProblemLoader Creating init config 
66858      DEBUG main            d.u.i.k.p.i.AbstractProblemLoader Init config took 2.5s 
66875      INFO  main            d.u.i.k.p.i.AbstractProblemLoader Replaying proof loop2.key 
66877      DEBUG main            d.u.i.k.p.i.IntermediateProofReplayer Proof replay took 6.6ns 
67382      INFO  main            d.u.i.k.p.r.p.TestFile    ... finished proof: closed. 
67584      INFO  main            d.u.i.k.p.i.AbstractProblemLoader Loading environment from /home/runner/work/key/key/key.core/../key.ui/examples/heap/simple/loop2.key.proof 
67584      DEBUG main            d.u.i.k.p.i.AbstractProblemLoader Environment load took 375.1ns 
67586      INFO  main            d.u.i.k.p.i.AbstractProblemLoader Creating init config 
69978      DEBUG main            d.u.i.k.p.i.AbstractProblemLoader Init config took 2.39s 
69994      INFO  main            d.u.i.k.p.i.AbstractProblemLoader Replaying proof loop2.key.proof 
70099      DEBUG main            d.u.i.k.p.i.IntermediateProofReplayer Proof replay took 100.82ms 
70101      DEBUG main            d.u.i.k.p.r.p.TestFile    ... success: reloaded. 
70102      INFO  main            d.u.i.k.p.r.p.TestFile    Now processing file /home/runner/work/key/key/key.core/../key.ui/examples/heap/simple/modifies_datagroup.key 
70102      INFO  main            d.u.i.k.p.i.AbstractProblemLoader Loading environment from /home/runner/work/key/key/key.core/../key.ui/examples/heap/simple/modifies_datagroup.key 
70102      DEBUG main            d.u.i.k.p.i.AbstractProblemLoader Environment load took 188.7ns 
70103      INFO  main            d.u.i.k.p.i.AbstractProblemLoader Creating init config 
72331      DEBUG main            d.u.i.k.p.i.AbstractProblemLoader Init config took 2.23s 
72345      INFO  main            d.u.i.k.p.i.AbstractProblemLoader Replaying proof modifies_datagroup.key 
72346      DEBUG main            d.u.i.k.p.i.IntermediateProofReplayer Proof replay took 5.7ns 
72453      INFO  main            d.u.i.k.p.r.p.TestFile    ... finished proof: closed. 
72652      INFO  main            d.u.i.k.p.i.AbstractProblemLoader Loading environment from /home/runner/work/key/key/key.core/../key.ui/examples/heap/simple/modifies_datagroup.key.proof 
72652      DEBUG main            d.u.i.k.p.i.AbstractProblemLoader Environment load took 99.7ns 
72653      INFO  main            d.u.i.k.p.i.AbstractProblemLoader Creating init config 
74812      DEBUG main            d.u.i.k.p.i.AbstractProblemLoader Init config took 2.16s 
74827      INFO  main            d.u.i.k.p.i.AbstractProblemLoader Replaying proof modifies_datagroup.key.proof 
74831      DEBUG main            d.u.i.k.p.i.IntermediateProofReplayer Proof replay took 2.99ms 
74832      DEBUG main            d.u.i.k.p.r.p.TestFile    ... success: reloaded. 
74833      INFO  main            d.u.i.k.p.r.p.TestFile    Now processing file /home/runner/work/key/key/key.core/../key.ui/examples/heap/simple/modifies.key 
74833      INFO  main            d.u.i.k.p.i.AbstractProblemLoader Loading environment from /home/runner/work/key/key/key.core/../key.ui/examples/heap/simple/modifies.key 
74833      DEBUG main            d.u.i.k.p.i.AbstractProblemLoader Environment load took 185ns 
74835      INFO  main            d.u.i.k.p.i.AbstractProblemLoader Creating init config 
77041      DEBUG main            d.u.i.k.p.i.AbstractProblemLoader Init config took 2.21s 
77055      INFO  main            d.u.i.k.p.i.AbstractProblemLoader Replaying proof modifies.key 
77056      DEBUG main            d.u.i.k.p.i.IntermediateProofReplayer Proof replay took 6.6ns 
77158      INFO  main            d.u.i.k.p.r.p.TestFile    ... finished proof: closed. 
77387      INFO  main            d.u.i.k.p.i.AbstractProblemLoader Loading environment from /home/runner/work/key/key/key.core/../key.ui/examples/heap/simple/modifies.key.proof 
77387      DEBUG main            d.u.i.k.p.i.AbstractProblemLoader Environment load took 106.5ns 
77393      INFO  main            d.u.i.k.p.i.AbstractProblemLoader Creating init config 
79559      DEBUG main            d.u.i.k.p.i.AbstractProblemLoader Init config took 2.17s 
79572      INFO  main            d.u.i.k.p.i.AbstractProblemLoader Replaying proof modifies.key.proof 
79584      DEBUG main            d.u.i.k.p.i.IntermediateProofReplayer Proof replay took 10.4ms 
79585      DEBUG main            d.u.i.k.p.r.p.TestFile    ... success: reloaded. 
79586      INFO  main            d.u.i.k.p.r.p.TestFile    Now processing file /home/runner/work/key/key/key.core/../key.ui/examples/heap/simple/object_creation.key 
79586      INFO  main            d.u.i.k.p.i.AbstractProblemLoader Loading environment from /home/runner/work/key/key/key.core/../key.ui/examples/heap/simple/object_creation.key 
79586      DEBUG main            d.u.i.k.p.i.AbstractProblemLoader Environment load took 81.7ns 
79587      INFO  main            d.u.i.k.p.i.AbstractProblemLoader Creating init config 
81821      DEBUG main            d.u.i.k.p.i.AbstractProblemLoader Init config took 2.23s 
81837      INFO  main            d.u.i.k.p.i.AbstractProblemLoader Replaying proof object_creation.key 
81840      DEBUG main            d.u.i.k.p.i.IntermediateProofReplayer Proof replay took 7.3ns 
82043      INFO  main            d.u.i.k.p.r.p.TestFile    ... finished proof: closed. 
82243      INFO  main            d.u.i.k.p.i.AbstractProblemLoader Loading environment from /home/runner/work/key/key/key.core/../key.ui/examples/heap/simple/object_creation.key.proof 
82243      DEBUG main            d.u.i.k.p.i.AbstractProblemLoader Environment load took 105.6ns 
82244      INFO  main            d.u.i.k.p.i.AbstractProblemLoader Creating init config 
84394      DEBUG main            d.u.i.k.p.i.AbstractProblemLoader Init config took 2.15s 
84408      INFO  main            d.u.i.k.p.i.AbstractProblemLoader Replaying proof object_creation.key.proof 
84451      DEBUG main            d.u.i.k.p.i.IntermediateProofReplayer Proof replay took 40.8ms 
84452      DEBUG main            d.u.i.k.p.r.p.TestFile    ... success: reloaded. 
84453      INFO  main            d.u.i.k.p.r.p.TestFile    Now processing file /home/runner/work/key/key/key.core/../key.ui/examples/heap/simple/operation_contracts.key 
84453      INFO  main            d.u.i.k.p.i.AbstractProblemLoader Loading environment from /home/runner/work/key/key/key.core/../key.ui/examples/heap/simple/operation_contracts.key 
84453      DEBUG main            d.u.i.k.p.i.AbstractProblemLoader Environment load took 84.9ns 
84454      INFO  main            d.u.i.k.p.i.AbstractProblemLoader Creating init config 
86903      DEBUG main            d.u.i.k.p.i.AbstractProblemLoader Init config took 2.45s 
86918      INFO  main            d.u.i.k.p.i.AbstractProblemLoader Replaying proof operation_contracts.key 
86920      DEBUG main            d.u.i.k.p.i.IntermediateProofReplayer Proof replay took 5.7ns 
87663      INFO  main            d.u.i.k.p.r.p.TestFile    ... finished proof: closed. 
87889      INFO  main            d.u.i.k.p.i.AbstractProblemLoader Loading environment from /home/runner/work/key/key/key.core/../key.ui/examples/heap/simple/operation_contracts.key.proof 
87889      DEBUG main            d.u.i.k.p.i.AbstractProblemLoader Environment load took 121.3ns 
87891      INFO  main            d.u.i.k.p.i.AbstractProblemLoader Creating init config 
90293      DEBUG main            d.u.i.k.p.i.AbstractProblemLoader Init config took 2.4s 
90309      INFO  main            d.u.i.k.p.i.AbstractProblemLoader Replaying proof operation_contracts.key.proof 
90450      DEBUG main            d.u.i.k.p.i.IntermediateProofReplayer Proof replay took 128.43ms 
90452      DEBUG main            d.u.i.k.p.r.p.TestFile    ... success: reloaded. 
90454      INFO  main            d.u.i.k.p.r.p.TestFile    Now processing file /home/runner/work/key/key/key.core/../key.ui/examples/heap/simple/select_store.key 
90454      INFO  main            d.u.i.k.p.i.AbstractProblemLoader Loading environment from /home/runner/work/key/key/key.core/../key.ui/examples/heap/simple/select_store.key 
90454      DEBUG main            d.u.i.k.p.i.AbstractProblemLoader Environment load took 190.7ns 
90455      INFO  main            d.u.i.k.p.i.AbstractProblemLoader Creating init config 
92651      DEBUG main            d.u.i.k.p.i.AbstractProblemLoader Init config took 2.2s 
92664      INFO  main            d.u.i.k.p.i.AbstractProblemLoader Replaying proof select_store.key 
92665      DEBUG main            d.u.i.k.p.i.IntermediateProofReplayer Proof replay took 6.2ns 
92767      INFO  main            d.u.i.k.p.r.p.TestFile    ... finished proof: closed. 
93050      INFO  main            d.u.i.k.p.i.AbstractProblemLoader Loading environment from /home/runner/work/key/key/key.core/../key.ui/examples/heap/simple/select_store.key.proof 
93050      DEBUG main            d.u.i.k.p.i.AbstractProblemLoader Environment load took 168.2ns 
93051      INFO  main            d.u.i.k.p.i.AbstractProblemLoader Creating init config 
95203      DEBUG main            d.u.i.k.p.i.AbstractProblemLoader Init config took 2.15s 
95216      INFO  main            d.u.i.k.p.i.AbstractProblemLoader Replaying proof select_store.key.proof 
95220      DEBUG main            d.u.i.k.p.i.IntermediateProofReplayer Proof replay took 1.83ms 
95221      DEBUG main            d.u.i.k.p.r.p.TestFile    ... success: reloaded. 
95222      INFO  main            d.u.i.k.p.r.p.TestFile    Now processing file /home/runner/work/key/key/key.core/../key.ui/examples/heap/simple/selection_sort.key 
95222      INFO  main            d.u.i.k.p.i.AbstractProblemLoader Loading environment from /home/runner/work/key/key/key.core/../key.ui/examples/heap/simple/selection_sort.key 
95222      DEBUG main            d.u.i.k.p.i.AbstractProblemLoader Environment load took 79ns 
95224      INFO  main            d.u.i.k.p.i.AbstractProblemLoader Creating init config 
97645      DEBUG main            d.u.i.k.p.i.AbstractProblemLoader Init config took 2.42s 
97659      INFO  main            d.u.i.k.p.i.AbstractProblemLoader Replaying proof selection_sort.key 
97662      DEBUG main            d.u.i.k.p.i.IntermediateProofReplayer Proof replay took 6.5ns 
101184     INFO  main            d.u.i.k.p.r.p.TestFile    ... finished proof: closed. 
101442     INFO  main            d.u.i.k.p.i.AbstractProblemLoader Loading environment from /home/runner/work/key/key/key.core/../key.ui/examples/heap/simple/selection_sort.key.proof 
101442     DEBUG main            d.u.i.k.p.i.AbstractProblemLoader Environment load took 366.6ns 
101444     INFO  main            d.u.i.k.p.i.AbstractProblemLoader Creating init config 
103833     DEBUG main            d.u.i.k.p.i.AbstractProblemLoader Init config took 2.39s 
103846     INFO  main            d.u.i.k.p.i.AbstractProblemLoader Replaying proof selection_sort.key.proof 
104444     DEBUG main            d.u.i.k.p.i.IntermediateProofReplayer Proof replay took 576.98ms 
104446     DEBUG main            d.u.i.k.p.r.p.TestFile    ... success: reloaded. 
104447     INFO  main            d.u.i.k.p.r.p.TestFile    Now processing file /home/runner/work/key/key/key.core/../key.ui/examples/heap/simple/seq.key 
104447     INFO  main            d.u.i.k.p.i.AbstractProblemLoader Loading environment from /home/runner/work/key/key/key.core/../key.ui/examples/heap/simple/seq.key 
104447     DEBUG main            d.u.i.k.p.i.AbstractProblemLoader Environment load took 131.3ns 
104448     INFO  main            d.u.i.k.p.i.AbstractProblemLoader Creating init config 
106648     DEBUG main            d.u.i.k.p.i.AbstractProblemLoader Init config took 2.2s 
106661     INFO  main            d.u.i.k.p.i.AbstractProblemLoader Replaying proof seq.key 
106662     DEBUG main            d.u.i.k.p.i.IntermediateProofReplayer Proof replay took 14.2ns 
107066     INFO  main            d.u.i.k.p.r.p.TestFile    ... finished proof: closed. 
107401     INFO  main            d.u.i.k.p.i.AbstractProblemLoader Loading environment from /home/runner/work/key/key/key.core/../key.ui/examples/heap/simple/seq.key.proof 
107401     DEBUG main            d.u.i.k.p.i.AbstractProblemLoader Environment load took 105.2ns 
107403     INFO  main            d.u.i.k.p.i.AbstractProblemLoader Creating init config 
109537     DEBUG main            d.u.i.k.p.i.AbstractProblemLoader Init config took 2.13s 
109551     INFO  main            d.u.i.k.p.i.AbstractProblemLoader Replaying proof seq.key.proof 
109599     DEBUG main            d.u.i.k.p.i.IntermediateProofReplayer Proof replay took 43.51ms 
109600     DEBUG main            d.u.i.k.p.r.p.TestFile    ... success: reloaded. 
109600     INFO  main            d.u.i.k.p.r.p.TestFile    Now processing file /home/runner/work/key/key/key.core/../key.ui/examples/heap/simple/oldForParams.key 
109600     INFO  main            d.u.i.k.p.i.AbstractProblemLoader Loading environment from /home/runner/work/key/key/key.core/../key.ui/examples/heap/simple/oldForParams.key 
109600     DEBUG main            d.u.i.k.p.i.AbstractProblemLoader Environment load took 82.7ns 
109601     INFO  main            d.u.i.k.p.i.AbstractProblemLoader Creating init config 
111976     DEBUG main            d.u.i.k.p.i.AbstractProblemLoader Init config took 2.37s 
112048     INFO  main            d.u.i.k.p.i.AbstractProblemLoader Replaying proof OldForParameters[OldForParameters::method(int)].JML operation contract.0 
112052     DEBUG main            d.u.i.k.p.i.IntermediateProofReplayer Proof replay took 5.8ns 
112257     INFO  main            d.u.i.k.p.r.p.TestFile    ... finished proof: closed. 
112501     INFO  main            d.u.i.k.p.i.AbstractProblemLoader Loading environment from /home/runner/work/key/key/key.core/../key.ui/examples/heap/simple/oldForParams.key.proof 
112501     DEBUG main            d.u.i.k.p.i.AbstractProblemLoader Environment load took 95.2ns 
112502     INFO  main            d.u.i.k.p.i.AbstractProblemLoader Creating init config 
114857     DEBUG main            d.u.i.k.p.i.AbstractProblemLoader Init config took 2.36s 
114895     INFO  main            d.u.i.k.p.i.AbstractProblemLoader Replaying proof OldForParameters[OldForParameters::method(int)].JML operation contract.0 
114938     DEBUG main            d.u.i.k.p.i.IntermediateProofReplayer Proof replay took 40.95ms 
114939     DEBUG main            d.u.i.k.p.r.p.TestFile    ... success: reloaded. 
114941     INFO  main            d.u.i.k.p.r.p.TestFile    Now processing file /home/runner/work/key/key/key.core/../key.ui/examples/heap/simple/parse_lmtd.key 
114941     INFO  main            d.u.i.k.p.i.AbstractProblemLoader Loading environment from /home/runner/work/key/key/key.core/../key.ui/examples/heap/simple/parse_lmtd.key 
114941     DEBUG main            d.u.i.k.p.i.AbstractProblemLoader Environment load took 200.2ns 
114942     INFO  main            d.u.i.k.p.i.AbstractProblemLoader Creating init config 
117370     DEBUG main            d.u.i.k.p.i.AbstractProblemLoader Init config took 2.43s 
117413     INFO  main            d.u.i.k.p.i.AbstractProblemLoader Replaying proof ParseLmtd[ParseLmtd::simple(int)].JML normal_behavior operation contract.0 
117414     DEBUG main            d.u.i.k.p.i.IntermediateProofReplayer Proof replay took 6.1ns 
117516     INFO  main            d.u.i.k.p.r.p.TestFile    ... finished proof: closed. 
117750     INFO  main            d.u.i.k.p.i.AbstractProblemLoader Loading environment from /home/runner/work/key/key/key.core/../key.ui/examples/heap/simple/parse_lmtd.key.proof 
117750     DEBUG main            d.u.i.k.p.i.AbstractProblemLoader Environment load took 100.5ns 
117751     INFO  main            d.u.i.k.p.i.AbstractProblemLoader Creating init config 
120101     DEBUG main            d.u.i.k.p.i.AbstractProblemLoader Init config took 2.35s 
120138     INFO  main            d.u.i.k.p.i.AbstractProblemLoader Replaying proof ParseLmtd[ParseLmtd::simple(int)].JML normal_behavior operation contract.0 
120160     DEBUG main            d.u.i.k.p.i.IntermediateProofReplayer Proof replay took 20.37ms 
120161     DEBUG main            d.u.i.k.p.r.p.TestFile    ... success: reloaded. 
120162     INFO  main            d.u.i.k.p.r.p.TestFile    Now processing file /home/runner/work/key/key/key.core/../key.ui/examples/heap/strictly_pure/strictlyPureMethod.key 
120162     INFO  main            d.u.i.k.p.i.AbstractProblemLoader Loading environment from /home/runner/work/key/key/key.core/../key.ui/examples/heap/strictly_pure/strictlyPureMethod.key 
120162     DEBUG main            d.u.i.k.p.i.AbstractProblemLoader Environment load took 65.9ns 
120163     INFO  main            d.u.i.k.p.i.AbstractProblemLoader Creating init config 
122413     DEBUG main            d.u.i.k.p.i.AbstractProblemLoader Init config took 2.25s 
122448     INFO  main            d.u.i.k.p.i.AbstractProblemLoader Replaying proof StrictlyPure[StrictlyPure::strictlyPureMethod()].JML operation contract.0 
122449     DEBUG main            d.u.i.k.p.i.IntermediateProofReplayer Proof replay took 5.8ns 
122655     INFO  main            d.u.i.k.p.r.p.TestFile    ... finished proof: closed. 
122906     INFO  main            d.u.i.k.p.i.AbstractProblemLoader Loading environment from /home/runner/work/key/key/key.core/../key.ui/examples/heap/strictly_pure/strictlyPureMethod.key.proof 
122907     DEBUG main            d.u.i.k.p.i.AbstractProblemLoader Environment load took 94.5ns 
122907     INFO  main            d.u.i.k.p.i.AbstractProblemLoader Creating init config 
125112     DEBUG main            d.u.i.k.p.i.AbstractProblemLoader Init config took 2.2s 
125145     INFO  main            d.u.i.k.p.i.AbstractProblemLoader Replaying proof StrictlyPure[StrictlyPure::strictlyPureMethod()].JML operation contract.0 
125194     DEBUG main            d.u.i.k.p.i.IntermediateProofReplayer Proof replay took 47.01ms 
125195     DEBUG main            d.u.i.k.p.r.p.TestFile    ... success: reloaded. 
125196     INFO  main            d.u.i.k.p.r.p.TestFile    Now processing file /home/runner/work/key/key/key.core/../key.ui/examples/heap/strictly_pure/useStrictlyPureMethod.key 
125196     INFO  main            d.u.i.k.p.i.AbstractProblemLoader Loading environment from /home/runner/work/key/key/key.core/../key.ui/examples/heap/strictly_pure/useStrictlyPureMethod.key 
125196     DEBUG main            d.u.i.k.p.i.AbstractProblemLoader Environment load took 78.3ns 
125197     INFO  main            d.u.i.k.p.i.AbstractProblemLoader Creating init config 
127462     DEBUG main            d.u.i.k.p.i.AbstractProblemLoader Init config took 2.27s 
127496     INFO  main            d.u.i.k.p.i.AbstractProblemLoader Replaying proof StrictlyPure[StrictlyPure::useStrictlyPureMethod(StrictlyPureClass)].JML operation contract.0 
127497     DEBUG main            d.u.i.k.p.i.IntermediateProofReplayer Proof replay took 6ns 
127705     INFO  main            d.u.i.k.p.r.p.TestFile    ... finished proof: closed. 
127963     INFO  main            d.u.i.k.p.i.AbstractProblemLoader Loading environment from /home/runner/work/key/key/key.core/../key.ui/examples/heap/strictly_pure/useStrictlyPureMethod.key.proof 
127963     DEBUG main            d.u.i.k.p.i.AbstractProblemLoader Environment load took 93.8ns 
127964     INFO  main            d.u.i.k.p.i.AbstractProblemLoader Creating init config 
130178     DEBUG main            d.u.i.k.p.i.AbstractProblemLoader Init config took 2.21s 
130212     INFO  main            d.u.i.k.p.i.AbstractProblemLoader Replaying proof StrictlyPure[StrictlyPure::useStrictlyPureMethod(StrictlyPureClass)].JML operation contract.0 
130261     DEBUG main            d.u.i.k.p.i.IntermediateProofReplayer Proof replay took 47.12ms 
130262     DEBUG main            d.u.i.k.p.r.p.TestFile    ... success: reloaded. 
130263     INFO  main            d.u.i.k.p.r.p.TestFile    Now processing file /home/runner/work/key/key/key.core/../key.ui/examples/heap/Wellfounded/ackermann.key 
130263     INFO  main            d.u.i.k.p.i.AbstractProblemLoader Loading environment from /home/runner/work/key/key/key.core/../key.ui/examples/heap/Wellfounded/ackermann.key 
130263     DEBUG main            d.u.i.k.p.i.AbstractProblemLoader Environment load took 82ns 
130264     INFO  main            d.u.i.k.p.i.AbstractProblemLoader Creating init config 
132534     DEBUG main            d.u.i.k.p.i.AbstractProblemLoader Init config took 2.27s 
132592     INFO  main            d.u.i.k.p.i.AbstractProblemLoader Replaying proof Ackermann[Ackermann::a(int,int)].JML normal_behavior operation contract.0 
132595     DEBUG main            d.u.i.k.p.i.IntermediateProofReplayer Proof replay took 6.9ns 
132898     INFO  main            d.u.i.k.p.r.p.TestFile    ... finished proof: closed. 
133153     INFO  main            d.u.i.k.p.i.AbstractProblemLoader Loading environment from /home/runner/work/key/key/key.core/../key.ui/examples/heap/Wellfounded/ackermann.key.proof 
133154     DEBUG main            d.u.i.k.p.i.AbstractProblemLoader Environment load took 97.4ns 
133155     INFO  main            d.u.i.k.p.i.AbstractProblemLoader Creating init config 
135408     DEBUG main            d.u.i.k.p.i.AbstractProblemLoader Init config took 2.25s 
135441     INFO  main            d.u.i.k.p.i.AbstractProblemLoader Replaying proof Ackermann[Ackermann::a(int,int)].JML normal_behavior operation contract.0 
135500     DEBUG main            d.u.i.k.p.i.IntermediateProofReplayer Proof replay took 55.67ms 
135501     DEBUG main            d.u.i.k.p.r.p.TestFile    ... success: reloaded. 
135502     INFO  main            d.u.i.k.p.r.p.TestFile    Now processing file /home/runner/work/key/key/key.core/../key.ui/examples/standard_key/unicode_test.key 
135502     INFO  main            d.u.i.k.p.i.AbstractProblemLoader Loading environment from /home/runner/work/key/key/key.core/../key.ui/examples/standard_key/unicode_test.key 
135502     DEBUG main            d.u.i.k.p.i.AbstractProblemLoader Environment load took 183.2ns 
135504     INFO  main            d.u.i.k.p.i.AbstractProblemLoader Creating init config 
137682     DEBUG main            d.u.i.k.p.i.AbstractProblemLoader Init config took 2.18s 
137694     INFO  main            d.u.i.k.p.i.AbstractProblemLoader Replaying proof unicode_test.key 
137695     DEBUG main            d.u.i.k.p.i.IntermediateProofReplayer Proof replay took 5.5ns 
137801     INFO  main            d.u.i.k.p.r.p.TestFile    ... finished proof: closed. 
138043     INFO  main            d.u.i.k.p.i.AbstractProblemLoader Loading environment from /home/runner/work/key/key/key.core/../key.ui/examples/standard_key/unicode_test.key.proof 
138043     DEBUG main            d.u.i.k.p.i.AbstractProblemLoader Environment load took 93.3ns 
138045     INFO  main            d.u.i.k.p.i.AbstractProblemLoader Creating init config 
140174     DEBUG main            d.u.i.k.p.i.AbstractProblemLoader Init config took 2.13s 
140187     INFO  main            d.u.i.k.p.i.AbstractProblemLoader Replaying proof unicode_test.key.proof 
140188     DEBUG main            d.u.i.k.p.i.IntermediateProofReplayer Proof replay took 307.6ns 
140189     DEBUG main            d.u.i.k.p.r.p.TestFile    ... success: reloaded. 
140189     INFO  main            d.u.i.k.p.r.p.TestFile    Now processing file /home/runner/work/key/key/key.core/../key.ui/examples/heap/strictlyModular/mayExpand.key 
140190     INFO  main            d.u.i.k.p.i.AbstractProblemLoader Loading environment from /home/runner/work/key/key/key.core/../key.ui/examples/heap/strictlyModular/mayExpand.key 
140190     DEBUG main            d.u.i.k.p.i.AbstractProblemLoader Environment load took 224.2ns 
140190     INFO  main            d.u.i.k.p.i.AbstractProblemLoader Creating init config 
142398     DEBUG main            d.u.i.k.p.i.AbstractProblemLoader Init config took 2.21s 
142431     INFO  main            d.u.i.k.p.i.AbstractProblemLoader Replaying proof Modular[Modular::m()].JML operation contract.0 
142432     DEBUG main            d.u.i.k.p.i.IntermediateProofReplayer Proof replay took 6.2ns 
142537     INFO  main            d.u.i.k.p.r.p.TestFile    ... finished proof: closed. 
142785     INFO  main            d.u.i.k.p.i.AbstractProblemLoader Loading environment from /home/runner/work/key/key/key.core/../key.ui/examples/heap/strictlyModular/mayExpand.key.proof 
142785     DEBUG main            d.u.i.k.p.i.AbstractProblemLoader Environment load took 91.6ns 
142786     INFO  main            d.u.i.k.p.i.AbstractProblemLoader Creating init config 
144976     DEBUG main            d.u.i.k.p.i.AbstractProblemLoader Init config took 2.19s 
145009     INFO  main            d.u.i.k.p.i.AbstractProblemLoader Replaying proof Modular[Modular::m()].JML operation contract.0 
145024     DEBUG main            d.u.i.k.p.i.IntermediateProofReplayer Proof replay took 13.42ms 
145025     DEBUG main            d.u.i.k.p.r.p.TestFile    ... success: reloaded. 
145026     INFO  main            d.u.i.k.p.r.p.TestFile    Now processing file /home/runner/work/key/key/key.core/../key.ui/examples/heap/strictlyModular/modularOnly.key 
145026     INFO  main            d.u.i.k.p.i.AbstractProblemLoader Loading environment from /home/runner/work/key/key/key.core/../key.ui/examples/heap/strictlyModular/modularOnly.key 
145026     DEBUG main            d.u.i.k.p.i.AbstractProblemLoader Environment load took 79.1ns 
145027     INFO  main            d.u.i.k.p.i.AbstractProblemLoader Creating init config 
147240     DEBUG main            d.u.i.k.p.i.AbstractProblemLoader Init config took 2.21s 
147273     INFO  main            d.u.i.k.p.i.AbstractProblemLoader Replaying proof Modular[Modular::m()].JML operation contract.0 
147274     DEBUG main            d.u.i.k.p.i.IntermediateProofReplayer Proof replay took 5.8ns 
147377     INFO  main            d.u.i.k.p.r.p.TestFile    ... finished proof: open goal(s) 
1845566    INFO  Test worker     d.u.i.k.p.r.RunAllProofsTestUnit Returning from test simpleTests 
1845567    INFO  Test worker     d.u.i.k.p.r.RunAllProofsTestUnit Running test SmansEtAl 
331        INFO  Timeout watchdog d.u.i.k.p.r.p.ForkedTestFileRunner Timeout watcher launched (2000 secs.) 
337        WARN  main            d.u.i.k.s.ProofSettings   The settings in /home/runner/.key/proof-settings.props are *not* read. 
362        INFO  main            d.u.i.k.p.r.p.TestFile    Now processing file /home/runner/work/key/key/key.core/../key.ui/examples/heap/SmansEtAl/ArrayList_add.key 
472        INFO  main            d.u.i.k.p.i.AbstractProblemLoader Loading environment from /home/runner/work/key/key/key.core/../key.ui/examples/heap/SmansEtAl/ArrayList_add.key 
487        DEBUG main            d.u.i.k.p.i.AbstractProblemLoader Environment load took 2.03ms 
703        INFO  main            d.u.i.k.p.i.AbstractProblemLoader Creating init config 
1569       DEBUG main            d.u.i.k.j.TypeConverter   No LDT found for Meta 
1569       DEBUG main            d.u.i.k.j.TypeConverter   No LDT found for Meta 
1570       DEBUG main            d.u.i.k.j.TypeConverter   No LDT found for Meta 
1570       DEBUG main            d.u.i.k.j.TypeConverter   No LDT found for Meta 
2742       DEBUG main            d.u.i.k.j.TypeConverter   No LDT found for JavaBigintExpression 
7938       DEBUG main            d.u.i.k.p.i.AbstractProblemLoader Init config took 7.23s 
8063       INFO  main            d.u.i.k.p.i.AbstractProblemLoader Replaying proof ArrayList[ArrayList::add(java.lang.Object)].JML normal_behavior operation contract.0 
8093       DEBUG main            d.u.i.k.p.i.IntermediateProofReplayer Proof replay took 32.2ns 
14806      INFO  main            d.u.i.k.p.r.p.TestFile    ... finished proof: closed. 
14995      INFO  main            d.u.i.k.p.i.AbstractProblemLoader Loading environment from /home/runner/work/key/key/key.core/../key.ui/examples/heap/SmansEtAl/ArrayList_add.key.proof 
14995      DEBUG main            d.u.i.k.p.i.AbstractProblemLoader Environment load took 446.2ns 
14998      INFO  main            d.u.i.k.p.i.AbstractProblemLoader Creating init config 
18025      DEBUG main            d.u.i.k.p.i.AbstractProblemLoader Init config took 3.03s 
18083      INFO  main            d.u.i.k.p.i.AbstractProblemLoader Replaying proof ArrayList[ArrayList::add(java.lang.Object)].JML normal_behavior operation contract.0 
19161      DEBUG main            d.u.i.k.p.i.IntermediateProofReplayer Proof replay took 1.04s 
19174      DEBUG main            d.u.i.k.p.r.p.TestFile    ... success: reloaded. 
19176      INFO  main            d.u.i.k.p.r.p.TestFile    Now processing file /home/runner/work/key/key/key.core/../key.ui/examples/heap/SmansEtAl/ArrayList_ArrayList.key 
19176      INFO  main            d.u.i.k.p.i.AbstractProblemLoader Loading environment from /home/runner/work/key/key/key.core/../key.ui/examples/heap/SmansEtAl/ArrayList_ArrayList.key 
19176      DEBUG main            d.u.i.k.p.i.AbstractProblemLoader Environment load took 229ns 
19178      INFO  main            d.u.i.k.p.i.AbstractProblemLoader Creating init config 
22086      DEBUG main            d.u.i.k.p.i.AbstractProblemLoader Init config took 2.91s 
22138      INFO  main            d.u.i.k.p.i.AbstractProblemLoader Replaying proof ArrayList[ArrayList::ArrayList()].JML normal_behavior operation contract.0 
22141      DEBUG main            d.u.i.k.p.i.IntermediateProofReplayer Proof replay took 5.1ns 
23046      INFO  main            d.u.i.k.p.r.p.TestFile    ... finished proof: closed. 
23185      INFO  main            d.u.i.k.p.i.AbstractProblemLoader Loading environment from /home/runner/work/key/key/key.core/../key.ui/examples/heap/SmansEtAl/ArrayList_ArrayList.key.proof 
23187      DEBUG main            d.u.i.k.p.i.AbstractProblemLoader Environment load took 2.28ms 
23189      INFO  main            d.u.i.k.p.i.AbstractProblemLoader Creating init config 
26078      DEBUG main            d.u.i.k.p.i.AbstractProblemLoader Init config took 2.89s 
26125      INFO  main            d.u.i.k.p.i.AbstractProblemLoader Replaying proof ArrayList[ArrayList::ArrayList()].JML normal_behavior operation contract.0 
26266      DEBUG main            d.u.i.k.p.i.IntermediateProofReplayer Proof replay took 132.02ms 
26267      DEBUG main            d.u.i.k.p.r.p.TestFile    ... success: reloaded. 
26268      INFO  main            d.u.i.k.p.r.p.TestFile    Now processing file /home/runner/work/key/key/key.core/../key.ui/examples/heap/SmansEtAl/ArrayList_footprint.key 
26269      INFO  main            d.u.i.k.p.i.AbstractProblemLoader Loading environment from /home/runner/work/key/key/key.core/../key.ui/examples/heap/SmansEtAl/ArrayList_footprint.key 
26269      DEBUG main            d.u.i.k.p.i.AbstractProblemLoader Environment load took 208.1ns 
26270      INFO  main            d.u.i.k.p.i.AbstractProblemLoader Creating init config 
29165      DEBUG main            d.u.i.k.p.i.AbstractProblemLoader Init config took 2.89s 
29234      INFO  main            d.u.i.k.p.i.AbstractProblemLoader Replaying proof ArrayList[ArrayList::$footprint()].JML accessible clause.0 
29236      DEBUG main            d.u.i.k.p.i.IntermediateProofReplayer Proof replay took 6.4ns 
29338      INFO  main            d.u.i.k.p.r.p.TestFile    ... finished proof: closed. 
29469      INFO  main            d.u.i.k.p.i.AbstractProblemLoader Loading environment from /home/runner/work/key/key/key.core/../key.ui/examples/heap/SmansEtAl/ArrayList_footprint.key.proof 
29469      DEBUG main            d.u.i.k.p.i.AbstractProblemLoader Environment load took 109.9ns 
29470      INFO  main            d.u.i.k.p.i.AbstractProblemLoader Creating init config 
32298      DEBUG main            d.u.i.k.p.i.AbstractProblemLoader Init config took 2.83s 
32340      INFO  main            d.u.i.k.p.i.AbstractProblemLoader Replaying proof ArrayList[ArrayList::$footprint()].JML accessible clause.0 
32351      DEBUG main            d.u.i.k.p.i.IntermediateProofReplayer Proof replay took 8.91ms 
32353      DEBUG main            d.u.i.k.p.r.p.TestFile    ... success: reloaded. 
32354      INFO  main            d.u.i.k.p.r.p.TestFile    Now processing file /home/runner/work/key/key/key.core/../key.ui/examples/heap/SmansEtAl/ArrayList_get_dep.key 
32354      INFO  main            d.u.i.k.p.i.AbstractProblemLoader Loading environment from /home/runner/work/key/key/key.core/../key.ui/examples/heap/SmansEtAl/ArrayList_get_dep.key 
32354      DEBUG main            d.u.i.k.p.i.AbstractProblemLoader Environment load took 201.8ns 
32355      INFO  main            d.u.i.k.p.i.AbstractProblemLoader Creating init config 
35228      DEBUG main            d.u.i.k.p.i.AbstractProblemLoader Init config took 2.87s 
35285      INFO  main            d.u.i.k.p.i.AbstractProblemLoader Replaying proof ArrayList[ArrayList::get(int)].JML accessible clause.0 
35287      DEBUG main            d.u.i.k.p.i.IntermediateProofReplayer Proof replay took 5ns 
35590      INFO  main            d.u.i.k.p.r.p.TestFile    ... finished proof: closed. 
35742      INFO  main            d.u.i.k.p.i.AbstractProblemLoader Loading environment from /home/runner/work/key/key/key.core/../key.ui/examples/heap/SmansEtAl/ArrayList_get_dep.key.proof 
35742      DEBUG main            d.u.i.k.p.i.AbstractProblemLoader Environment load took 116ns 
35743      INFO  main            d.u.i.k.p.i.AbstractProblemLoader Creating init config 
38626      DEBUG main            d.u.i.k.p.i.AbstractProblemLoader Init config took 2.88s 
38667      INFO  main            d.u.i.k.p.i.AbstractProblemLoader Replaying proof ArrayList[ArrayList::get(int)].JML accessible clause.0 
38722      DEBUG main            d.u.i.k.p.i.IntermediateProofReplayer Proof replay took 51.54ms 
38723      DEBUG main            d.u.i.k.p.r.p.TestFile    ... success: reloaded. 
38725      INFO  main            d.u.i.k.p.r.p.TestFile    Now processing file /home/runner/work/key/key/key.core/../key.ui/examples/heap/SmansEtAl/ArrayList_get.key 
38725      INFO  main            d.u.i.k.p.i.AbstractProblemLoader Loading environment from /home/runner/work/key/key/key.core/../key.ui/examples/heap/SmansEtAl/ArrayList_get.key 
38725      DEBUG main            d.u.i.k.p.i.AbstractProblemLoader Environment load took 94.3ns 
38726      INFO  main            d.u.i.k.p.i.AbstractProblemLoader Creating init config 
41673      DEBUG main            d.u.i.k.p.i.AbstractProblemLoader Init config took 2.95s 
41721      INFO  main            d.u.i.k.p.i.AbstractProblemLoader Replaying proof ArrayList[ArrayList::get(int)].JML normal_behavior operation contract.0 
41723      DEBUG main            d.u.i.k.p.i.IntermediateProofReplayer Proof replay took 5.9ns 
41926      INFO  main            d.u.i.k.p.r.p.TestFile    ... finished proof: closed. 
42088      INFO  main            d.u.i.k.p.i.AbstractProblemLoader Loading environment from /home/runner/work/key/key/key.core/../key.ui/examples/heap/SmansEtAl/ArrayList_get.key.proof 
42088      DEBUG main            d.u.i.k.p.i.AbstractProblemLoader Environment load took 113ns 
42089      INFO  main            d.u.i.k.p.i.AbstractProblemLoader Creating init config 
44860      DEBUG main            d.u.i.k.p.i.AbstractProblemLoader Init config took 2.77s 
44907      INFO  main            d.u.i.k.p.i.AbstractProblemLoader Replaying proof ArrayList[ArrayList::get(int)].JML normal_behavior operation contract.0 
44937      DEBUG main            d.u.i.k.p.i.IntermediateProofReplayer Proof replay took 27.49ms 
44938      DEBUG main            d.u.i.k.p.r.p.TestFile    ... success: reloaded. 
44939      INFO  main            d.u.i.k.p.r.p.TestFile    Now processing file /home/runner/work/key/key/key.core/../key.ui/examples/heap/SmansEtAl/ArrayList_inv.key 
44940      INFO  main            d.u.i.k.p.i.AbstractProblemLoader Loading environment from /home/runner/work/key/key/key.core/../key.ui/examples/heap/SmansEtAl/ArrayList_inv.key 
44940      DEBUG main            d.u.i.k.p.i.AbstractProblemLoader Environment load took 165.1ns 
44941      INFO  main            d.u.i.k.p.i.AbstractProblemLoader Creating init config 
47751      DEBUG main            d.u.i.k.p.i.AbstractProblemLoader Init config took 2.81s 
47792      INFO  main            d.u.i.k.p.i.AbstractProblemLoader Replaying proof ArrayList[java.lang.Object::<inv>()].JML accessible clause.0 
47793      DEBUG main            d.u.i.k.p.i.IntermediateProofReplayer Proof replay took 5.8ns 
47897      INFO  main            d.u.i.k.p.r.p.TestFile    ... finished proof: closed. 
48061      INFO  main            d.u.i.k.p.i.AbstractProblemLoader Loading environment from /home/runner/work/key/key/key.core/../key.ui/examples/heap/SmansEtAl/ArrayList_inv.key.proof 
48062      DEBUG main            d.u.i.k.p.i.AbstractProblemLoader Environment load took 107.8ns 
48063      INFO  main            d.u.i.k.p.i.AbstractProblemLoader Creating init config 
50865      DEBUG main            d.u.i.k.p.i.AbstractProblemLoader Init config took 2.8s 
50904      INFO  main            d.u.i.k.p.i.AbstractProblemLoader Replaying proof ArrayList[java.lang.Object::<inv>()].JML accessible clause.0 
50915      DEBUG main            d.u.i.k.p.i.IntermediateProofReplayer Proof replay took 9.46ms 
50916      DEBUG main            d.u.i.k.p.r.p.TestFile    ... success: reloaded. 
50917      INFO  main            d.u.i.k.p.r.p.TestFile    Now processing file /home/runner/work/key/key/key.core/../key.ui/examples/heap/SmansEtAl/ArrayList_size_dep.key 
50917      INFO  main            d.u.i.k.p.i.AbstractProblemLoader Loading environment from /home/runner/work/key/key/key.core/../key.ui/examples/heap/SmansEtAl/ArrayList_size_dep.key 
50918      DEBUG main            d.u.i.k.p.i.AbstractProblemLoader Environment load took 85.2ns 
50918      INFO  main            d.u.i.k.p.i.AbstractProblemLoader Creating init config 
53718      DEBUG main            d.u.i.k.p.i.AbstractProblemLoader Init config took 2.8s 
53763      INFO  main            d.u.i.k.p.i.AbstractProblemLoader Replaying proof ArrayList[ArrayList::size()].JML accessible clause.0 
53764      DEBUG main            d.u.i.k.p.i.IntermediateProofReplayer Proof replay took 5.1ns 
53869      INFO  main            d.u.i.k.p.r.p.TestFile    ... finished proof: closed. 
54051      INFO  main            d.u.i.k.p.i.AbstractProblemLoader Loading environment from /home/runner/work/key/key/key.core/../key.ui/examples/heap/SmansEtAl/ArrayList_size_dep.key.proof 
54051      DEBUG main            d.u.i.k.p.i.AbstractProblemLoader Environment load took 111.8ns 
54052      INFO  main            d.u.i.k.p.i.AbstractProblemLoader Creating init config 
56780      DEBUG main            d.u.i.k.p.i.AbstractProblemLoader Init config took 2.73s 
56817      INFO  main            d.u.i.k.p.i.AbstractProblemLoader Replaying proof ArrayList[ArrayList::size()].JML accessible clause.0 
56833      DEBUG main            d.u.i.k.p.i.IntermediateProofReplayer Proof replay took 13.61ms 
56834      DEBUG main            d.u.i.k.p.r.p.TestFile    ... success: reloaded. 
56836      INFO  main            d.u.i.k.p.r.p.TestFile    Now processing file /home/runner/work/key/key/key.core/../key.ui/examples/heap/SmansEtAl/ArrayList_size.key 
56836      INFO  main            d.u.i.k.p.i.AbstractProblemLoader Loading environment from /home/runner/work/key/key/key.core/../key.ui/examples/heap/SmansEtAl/ArrayList_size.key 
56836      DEBUG main            d.u.i.k.p.i.AbstractProblemLoader Environment load took 195.5ns 
56837      INFO  main            d.u.i.k.p.i.AbstractProblemLoader Creating init config 
59607      DEBUG main            d.u.i.k.p.i.AbstractProblemLoader Init config took 2.77s 
59644      INFO  main            d.u.i.k.p.i.AbstractProblemLoader Replaying proof ArrayList[ArrayList::size()].JML normal_behavior operation contract.0 
59646      DEBUG main            d.u.i.k.p.i.IntermediateProofReplayer Proof replay took 5.7ns 
59749      INFO  main            d.u.i.k.p.r.p.TestFile    ... finished proof: closed. 
59930      INFO  main            d.u.i.k.p.i.AbstractProblemLoader Loading environment from /home/runner/work/key/key/key.core/../key.ui/examples/heap/SmansEtAl/ArrayList_size.key.proof 
59930      DEBUG main            d.u.i.k.p.i.AbstractProblemLoader Environment load took 115.1ns 
59931      INFO  main            d.u.i.k.p.i.AbstractProblemLoader Creating init config 
62703      DEBUG main            d.u.i.k.p.i.AbstractProblemLoader Init config took 2.77s 
62740      INFO  main            d.u.i.k.p.i.AbstractProblemLoader Replaying proof ArrayList[ArrayList::size()].JML normal_behavior operation contract.0 
62755      DEBUG main            d.u.i.k.p.i.IntermediateProofReplayer Proof replay took 12.62ms 
62756      DEBUG main            d.u.i.k.p.r.p.TestFile    ... success: reloaded. 
62757      INFO  main            d.u.i.k.p.r.p.TestFile    Now processing file /home/runner/work/key/key/key.core/../key.ui/examples/heap/SmansEtAl/Cell_Cell.key 
62757      INFO  main            d.u.i.k.p.i.AbstractProblemLoader Loading environment from /home/runner/work/key/key/key.core/../key.ui/examples/heap/SmansEtAl/Cell_Cell.key 
62758      DEBUG main            d.u.i.k.p.i.AbstractProblemLoader Environment load took 197.8ns 
62758      INFO  main            d.u.i.k.p.i.AbstractProblemLoader Creating init config 
65500      DEBUG main            d.u.i.k.p.i.AbstractProblemLoader Init config took 2.74s 
65535      INFO  main            d.u.i.k.p.i.AbstractProblemLoader Replaying proof Cell[Cell::Cell()].JML normal_behavior operation contract.0 
65537      DEBUG main            d.u.i.k.p.i.IntermediateProofReplayer Proof replay took 5.6ns 
65741      INFO  main            d.u.i.k.p.r.p.TestFile    ... finished proof: closed. 
65936      INFO  main            d.u.i.k.p.i.AbstractProblemLoader Loading environment from /home/runner/work/key/key/key.core/../key.ui/examples/heap/SmansEtAl/Cell_Cell.key.proof 
65936      DEBUG main            d.u.i.k.p.i.AbstractProblemLoader Environment load took 109.8ns 
65938      INFO  main            d.u.i.k.p.i.AbstractProblemLoader Creating init config 
68631      DEBUG main            d.u.i.k.p.i.AbstractProblemLoader Init config took 2.69s 
68665      INFO  main            d.u.i.k.p.i.AbstractProblemLoader Replaying proof Cell[Cell::Cell()].JML normal_behavior operation contract.0 
68715      DEBUG main            d.u.i.k.p.i.IntermediateProofReplayer Proof replay took 46.9ms 
68716      DEBUG main            d.u.i.k.p.r.p.TestFile    ... success: reloaded. 
68717      INFO  main            d.u.i.k.p.r.p.TestFile    Now processing file /home/runner/work/key/key/key.core/../key.ui/examples/heap/SmansEtAl/Cell_footprint.key 
68717      INFO  main            d.u.i.k.p.i.AbstractProblemLoader Loading environment from /home/runner/work/key/key/key.core/../key.ui/examples/heap/SmansEtAl/Cell_footprint.key 
68717      DEBUG main            d.u.i.k.p.i.AbstractProblemLoader Environment load took 114ns 
68718      INFO  main            d.u.i.k.p.i.AbstractProblemLoader Creating init config 
71487      DEBUG main            d.u.i.k.p.i.AbstractProblemLoader Init config took 2.77s 
71520      INFO  main            d.u.i.k.p.i.AbstractProblemLoader Replaying proof Cell[Cell::$footprint()].JML accessible clause.0 
71522      DEBUG main            d.u.i.k.p.i.IntermediateProofReplayer Proof replay took 5.8ns 
71625      INFO  main            d.u.i.k.p.r.p.TestFile    ... finished proof: closed. 
71800      INFO  main            d.u.i.k.p.i.AbstractProblemLoader Loading environment from /home/runner/work/key/key/key.core/../key.ui/examples/heap/SmansEtAl/Cell_footprint.key.proof 
71800      DEBUG main            d.u.i.k.p.i.AbstractProblemLoader Environment load took 107.6ns 
71801      INFO  main            d.u.i.k.p.i.AbstractProblemLoader Creating init config 
74514      DEBUG main            d.u.i.k.p.i.AbstractProblemLoader Init config took 2.71s 
74557      INFO  main            d.u.i.k.p.i.AbstractProblemLoader Replaying proof Cell[Cell::$footprint()].JML accessible clause.0 
74562      DEBUG main            d.u.i.k.p.i.IntermediateProofReplayer Proof replay took 3.67ms 
74563      DEBUG main            d.u.i.k.p.r.p.TestFile    ... success: reloaded. 
74564      INFO  main            d.u.i.k.p.r.p.TestFile    Now processing file /home/runner/work/key/key/key.core/../key.ui/examples/heap/SmansEtAl/Cell_getX_dep.key 
74565      INFO  main            d.u.i.k.p.i.AbstractProblemLoader Loading environment from /home/runner/work/key/key/key.core/../key.ui/examples/heap/SmansEtAl/Cell_getX_dep.key 
74565      DEBUG main            d.u.i.k.p.i.AbstractProblemLoader Environment load took 91.6ns 
74566      INFO  main            d.u.i.k.p.i.AbstractProblemLoader Creating init config 
77309      DEBUG main            d.u.i.k.p.i.AbstractProblemLoader Init config took 2.74s 
77342      INFO  main            d.u.i.k.p.i.AbstractProblemLoader Replaying proof Cell[Cell::getX()].JML accessible clause.0 
77343      DEBUG main            d.u.i.k.p.i.IntermediateProofReplayer Proof replay took 5.7ns 
77447      INFO  main            d.u.i.k.p.r.p.TestFile    ... finished proof: closed. 
77644      INFO  main            d.u.i.k.p.i.AbstractProblemLoader Loading environment from /home/runner/work/key/key/key.core/../key.ui/examples/heap/SmansEtAl/Cell_getX_dep.key.proof 
77644      DEBUG main            d.u.i.k.p.i.AbstractProblemLoader Environment load took 114.8ns 
77646      INFO  main            d.u.i.k.p.i.AbstractProblemLoader Creating init config 
80368      DEBUG main            d.u.i.k.p.i.AbstractProblemLoader Init config took 2.72s 
80401      INFO  main            d.u.i.k.p.i.AbstractProblemLoader Replaying proof Cell[Cell::getX()].JML accessible clause.0 
80414      DEBUG main            d.u.i.k.p.i.IntermediateProofReplayer Proof replay took 10.81ms 
80415      DEBUG main            d.u.i.k.p.r.p.TestFile    ... success: reloaded. 
80416      INFO  main            d.u.i.k.p.r.p.TestFile    Now processing file /home/runner/work/key/key/key.core/../key.ui/examples/heap/SmansEtAl/Cell_getX.key 
80416      INFO  main            d.u.i.k.p.i.AbstractProblemLoader Loading environment from /home/runner/work/key/key/key.core/../key.ui/examples/heap/SmansEtAl/Cell_getX.key 
80416      DEBUG main            d.u.i.k.p.i.AbstractProblemLoader Environment load took 75.4ns 
80417      INFO  main            d.u.i.k.p.i.AbstractProblemLoader Creating init config 
83106      DEBUG main            d.u.i.k.p.i.AbstractProblemLoader Init config took 2.69s 
83140      INFO  main            d.u.i.k.p.i.AbstractProblemLoader Replaying proof Cell[Cell::getX()].JML normal_behavior operation contract.0 
83142      DEBUG main            d.u.i.k.p.i.IntermediateProofReplayer Proof replay took 5ns 
83243      INFO  main            d.u.i.k.p.r.p.TestFile    ... finished proof: closed. 
83432      INFO  main            d.u.i.k.p.i.AbstractProblemLoader Loading environment from /home/runner/work/key/key/key.core/../key.ui/examples/heap/SmansEtAl/Cell_getX.key.proof 
83432      DEBUG main            d.u.i.k.p.i.AbstractProblemLoader Environment load took 110.5ns 
83433      INFO  main            d.u.i.k.p.i.AbstractProblemLoader Creating init config 
86097      DEBUG main            d.u.i.k.p.i.AbstractProblemLoader Init config took 2.66s 
86132      INFO  main            d.u.i.k.p.i.AbstractProblemLoader Replaying proof Cell[Cell::getX()].JML normal_behavior operation contract.0 
86146      DEBUG main            d.u.i.k.p.i.IntermediateProofReplayer Proof replay took 10.65ms 
86147      DEBUG main            d.u.i.k.p.r.p.TestFile    ... success: reloaded. 
86148      INFO  main            d.u.i.k.p.r.p.TestFile    Now processing file /home/runner/work/key/key/key.core/../key.ui/examples/heap/SmansEtAl/Cell_inv.key 
86148      INFO  main            d.u.i.k.p.i.AbstractProblemLoader Loading environment from /home/runner/work/key/key/key.core/../key.ui/examples/heap/SmansEtAl/Cell_inv.key 
86148      DEBUG main            d.u.i.k.p.i.AbstractProblemLoader Environment load took 86.7ns 
86149      INFO  main            d.u.i.k.p.i.AbstractProblemLoader Creating init config 
88926      DEBUG main            d.u.i.k.p.i.AbstractProblemLoader Init config took 2.78s 
88958      INFO  main            d.u.i.k.p.i.AbstractProblemLoader Replaying proof Cell[java.lang.Object::<inv>()].JML accessible clause.0 
88960      DEBUG main            d.u.i.k.p.i.IntermediateProofReplayer Proof replay took 6ns 
89062      INFO  main            d.u.i.k.p.r.p.TestFile    ... finished proof: closed. 
89253      INFO  main            d.u.i.k.p.i.AbstractProblemLoader Loading environment from /home/runner/work/key/key/key.core/../key.ui/examples/heap/SmansEtAl/Cell_inv.key.proof 
89254      DEBUG main            d.u.i.k.p.i.AbstractProblemLoader Environment load took 104.4ns 
89254      INFO  main            d.u.i.k.p.i.AbstractProblemLoader Creating init config 
91912      DEBUG main            d.u.i.k.p.i.AbstractProblemLoader Init config took 2.66s 
91946      INFO  main            d.u.i.k.p.i.AbstractProblemLoader Replaying proof Cell[java.lang.Object::<inv>()].JML accessible clause.0 
91949      DEBUG main            d.u.i.k.p.i.IntermediateProofReplayer Proof replay took 1.62ms 
91950      DEBUG main            d.u.i.k.p.r.p.TestFile    ... success: reloaded. 
91951      INFO  main            d.u.i.k.p.r.p.TestFile    Now processing file /home/runner/work/key/key/key.core/../key.ui/examples/heap/SmansEtAl/Cell_setX.key 
91951      INFO  main            d.u.i.k.p.i.AbstractProblemLoader Loading environment from /home/runner/work/key/key/key.core/../key.ui/examples/heap/SmansEtAl/Cell_setX.key 
91952      DEBUG main            d.u.i.k.p.i.AbstractProblemLoader Environment load took 190.9ns 
91953      INFO  main            d.u.i.k.p.i.AbstractProblemLoader Creating init config 
94681      DEBUG main            d.u.i.k.p.i.AbstractProblemLoader Init config took 2.73s 
94724      INFO  main            d.u.i.k.p.i.AbstractProblemLoader Replaying proof Cell[Cell::setX(int)].JML normal_behavior operation contract.0 
94726      DEBUG main            d.u.i.k.p.i.IntermediateProofReplayer Proof replay took 5.6ns 
94828      INFO  main            d.u.i.k.p.r.p.TestFile    ... finished proof: closed. 
95030      INFO  main            d.u.i.k.p.i.AbstractProblemLoader Loading environment from /home/runner/work/key/key/key.core/../key.ui/examples/heap/SmansEtAl/Cell_setX.key.proof 
95030      DEBUG main            d.u.i.k.p.i.AbstractProblemLoader Environment load took 104.5ns 
95031      INFO  main            d.u.i.k.p.i.AbstractProblemLoader Creating init config 
97699      DEBUG main            d.u.i.k.p.i.AbstractProblemLoader Init config took 2.67s 
97741      INFO  main            d.u.i.k.p.i.AbstractProblemLoader Replaying proof Cell[Cell::setX(int)].JML normal_behavior operation contract.0 
97761      DEBUG main            d.u.i.k.p.i.IntermediateProofReplayer Proof replay took 18.88ms 
97762      DEBUG main            d.u.i.k.p.r.p.TestFile    ... success: reloaded. 
97763      INFO  main            d.u.i.k.p.r.p.TestFile    Now processing file /home/runner/work/key/key/key.core/../key.ui/examples/heap/SmansEtAl/CellClient_m.key 
97763      INFO  main            d.u.i.k.p.i.AbstractProblemLoader Loading environment from /home/runner/work/key/key/key.core/../key.ui/examples/heap/SmansEtAl/CellClient_m.key 
97763      DEBUG main            d.u.i.k.p.i.AbstractProblemLoader Environment load took 55.7ns 
97764      INFO  main            d.u.i.k.p.i.AbstractProblemLoader Creating init config 
100444     DEBUG main            d.u.i.k.p.i.AbstractProblemLoader Init config took 2.68s 
100476     INFO  main            d.u.i.k.p.i.AbstractProblemLoader Replaying proof CellClient[CellClient::m()].JML operation contract.0 
100477     DEBUG main            d.u.i.k.p.i.IntermediateProofReplayer Proof replay took 5.7ns 
100980     INFO  main            d.u.i.k.p.r.p.TestFile    ... finished proof: closed. 
101190     INFO  main            d.u.i.k.p.i.AbstractProblemLoader Loading environment from /home/runner/work/key/key/key.core/../key.ui/examples/heap/SmansEtAl/CellClient_m.key.proof 
101190     DEBUG main            d.u.i.k.p.i.AbstractProblemLoader Environment load took 99ns 
101191     INFO  main            d.u.i.k.p.i.AbstractProblemLoader Creating init config 
103862     DEBUG main            d.u.i.k.p.i.AbstractProblemLoader Init config took 2.67s 
103895     INFO  main            d.u.i.k.p.i.AbstractProblemLoader Replaying proof CellClient[CellClient::m()].JML operation contract.0 
104002     DEBUG main            d.u.i.k.p.i.IntermediateProofReplayer Proof replay took 99.87ms 
104003     DEBUG main            d.u.i.k.p.r.p.TestFile    ... success: reloaded. 
104005     INFO  main            d.u.i.k.p.r.p.TestFile    Now processing file /home/runner/work/key/key/key.core/../key.ui/examples/heap/SmansEtAl/Iterator_footprint.key 
104006     INFO  main            d.u.i.k.p.i.AbstractProblemLoader Loading environment from /home/runner/work/key/key/key.core/../key.ui/examples/heap/SmansEtAl/Iterator_footprint.key 
104006     DEBUG main            d.u.i.k.p.i.AbstractProblemLoader Environment load took 199.7ns 
104007     INFO  main            d.u.i.k.p.i.AbstractProblemLoader Creating init config 
106790     DEBUG main            d.u.i.k.p.i.AbstractProblemLoader Init config took 2.78s 
106825     INFO  main            d.u.i.k.p.i.AbstractProblemLoader Replaying proof Iterator[Iterator::$footprint()].JML accessible clause.0 
106827     DEBUG main            d.u.i.k.p.i.IntermediateProofReplayer Proof replay took 5.5ns 
106929     INFO  main            d.u.i.k.p.r.p.TestFile    ... finished proof: closed. 
107139     INFO  main            d.u.i.k.p.i.AbstractProblemLoader Loading environment from /home/runner/work/key/key/key.core/../key.ui/examples/heap/SmansEtAl/Iterator_footprint.key.proof 
107140     DEBUG main            d.u.i.k.p.i.AbstractProblemLoader Environment load took 111.8ns 
107141     INFO  main            d.u.i.k.p.i.AbstractProblemLoader Creating init config 
109825     DEBUG main            d.u.i.k.p.i.AbstractProblemLoader Init config took 2.68s 
109861     INFO  main            d.u.i.k.p.i.AbstractProblemLoader Replaying proof Iterator[Iterator::$footprint()].JML accessible clause.0 
109873     DEBUG main            d.u.i.k.p.i.IntermediateProofReplayer Proof replay took 7.81ms 
109874     DEBUG main            d.u.i.k.p.r.p.TestFile    ... success: reloaded. 
109877     INFO  main            d.u.i.k.p.r.p.TestFile    Now processing file /home/runner/work/key/key/key.core/../key.ui/examples/heap/SmansEtAl/Iterator_hasNext_dep.key 
109877     INFO  main            d.u.i.k.p.i.AbstractProblemLoader Loading environment from /home/runner/work/key/key/key.core/../key.ui/examples/heap/SmansEtAl/Iterator_hasNext_dep.key 
109877     DEBUG main            d.u.i.k.p.i.AbstractProblemLoader Environment load took 197.9ns 
109878     INFO  main            d.u.i.k.p.i.AbstractProblemLoader Creating init config 
112613     DEBUG main            d.u.i.k.p.i.AbstractProblemLoader Init config took 2.73s 
112647     INFO  main            d.u.i.k.p.i.AbstractProblemLoader Replaying proof Iterator[Iterator::hasNext()].JML accessible clause.0 
112648     DEBUG main            d.u.i.k.p.i.IntermediateProofReplayer Proof replay took 6.8ns 
113152     INFO  main            d.u.i.k.p.r.p.TestFile    ... finished proof: closed. 
113439     INFO  main            d.u.i.k.p.i.AbstractProblemLoader Loading environment from /home/runner/work/key/key/key.core/../key.ui/examples/heap/SmansEtAl/Iterator_hasNext_dep.key.proof 
113441     DEBUG main            d.u.i.k.p.i.AbstractProblemLoader Environment load took 1.76ms 
113443     INFO  main            d.u.i.k.p.i.AbstractProblemLoader Creating init config 
116075     DEBUG main            d.u.i.k.p.i.AbstractProblemLoader Init config took 2.63s 
116109     INFO  main            d.u.i.k.p.i.AbstractProblemLoader Replaying proof Iterator[Iterator::hasNext()].JML accessible clause.0 
116189     DEBUG main            d.u.i.k.p.i.IntermediateProofReplayer Proof replay took 74.13ms 
116190     DEBUG main            d.u.i.k.p.r.p.TestFile    ... success: reloaded. 
116191     INFO  main            d.u.i.k.p.r.p.TestFile    Now processing file /home/runner/work/key/key/key.core/../key.ui/examples/heap/SmansEtAl/Iterator_hasNext.key 
116191     INFO  main            d.u.i.k.p.i.AbstractProblemLoader Loading environment from /home/runner/work/key/key/key.core/../key.ui/examples/heap/SmansEtAl/Iterator_hasNext.key 
116192     DEBUG main            d.u.i.k.p.i.AbstractProblemLoader Environment load took 216.7ns 
116193     INFO  main            d.u.i.k.p.i.AbstractProblemLoader Creating init config 
118929     DEBUG main            d.u.i.k.p.i.AbstractProblemLoader Init config took 2.74s 
118964     INFO  main            d.u.i.k.p.i.AbstractProblemLoader Replaying proof Iterator[Iterator::hasNext()].JML normal_behavior operation contract.0 
118965     DEBUG main            d.u.i.k.p.i.IntermediateProofReplayer Proof replay took 5.6ns 
119471     INFO  main            d.u.i.k.p.r.p.TestFile    ... finished proof: closed. 
119700     INFO  main            d.u.i.k.p.i.AbstractProblemLoader Loading environment from /home/runner/work/key/key/key.core/../key.ui/examples/heap/SmansEtAl/Iterator_hasNext.key.proof 
119700     DEBUG main            d.u.i.k.p.i.AbstractProblemLoader Environment load took 411ns 
119701     INFO  main            d.u.i.k.p.i.AbstractProblemLoader Creating init config 
122338     DEBUG main            d.u.i.k.p.i.AbstractProblemLoader Init config took 2.64s 
122373     INFO  main            d.u.i.k.p.i.AbstractProblemLoader Replaying proof Iterator[Iterator::hasNext()].JML normal_behavior operation contract.0 
122463     DEBUG main            d.u.i.k.p.i.IntermediateProofReplayer Proof replay took 84.25ms 
122464     DEBUG main            d.u.i.k.p.r.p.TestFile    ... success: reloaded. 
122465     INFO  main            d.u.i.k.p.r.p.TestFile    Now processing file /home/runner/work/key/key/key.core/../key.ui/examples/heap/SmansEtAl/Iterator_inv.key 
122465     INFO  main            d.u.i.k.p.i.AbstractProblemLoader Loading environment from /home/runner/work/key/key/key.core/../key.ui/examples/heap/SmansEtAl/Iterator_inv.key 
122465     DEBUG main            d.u.i.k.p.i.AbstractProblemLoader Environment load took 86.4ns 
122466     INFO  main            d.u.i.k.p.i.AbstractProblemLoader Creating init config 
125171     DEBUG main            d.u.i.k.p.i.AbstractProblemLoader Init config took 2.71s 
125204     INFO  main            d.u.i.k.p.i.AbstractProblemLoader Replaying proof Iterator[java.lang.Object::<inv>()].JML accessible clause.0 
125206     DEBUG main            d.u.i.k.p.i.IntermediateProofReplayer Proof replay took 6.3ns 
125409     INFO  main            d.u.i.k.p.r.p.TestFile    ... finished proof: closed. 
125649     INFO  main            d.u.i.k.p.i.AbstractProblemLoader Loading environment from /home/runner/work/key/key/key.core/../key.ui/examples/heap/SmansEtAl/Iterator_inv.key.proof 
125649     DEBUG main            d.u.i.k.p.i.AbstractProblemLoader Environment load took 94ns 
125650     INFO  main            d.u.i.k.p.i.AbstractProblemLoader Creating init config 
128303     DEBUG main            d.u.i.k.p.i.AbstractProblemLoader Init config took 2.65s 
128338     INFO  main            d.u.i.k.p.i.AbstractProblemLoader Replaying proof Iterator[java.lang.Object::<inv>()].JML accessible clause.0 
128361     DEBUG main            d.u.i.k.p.i.IntermediateProofReplayer Proof replay took 20.02ms 
128362     DEBUG main            d.u.i.k.p.r.p.TestFile    ... success: reloaded. 
128363     INFO  main            d.u.i.k.p.r.p.TestFile    Now processing file /home/runner/work/key/key/key.core/../key.ui/examples/heap/SmansEtAl/Iterator_Iterator.key 
128363     INFO  main            d.u.i.k.p.i.AbstractProblemLoader Loading environment from /home/runner/work/key/key/key.core/../key.ui/examples/heap/SmansEtAl/Iterator_Iterator.key 
128363     DEBUG main            d.u.i.k.p.i.AbstractProblemLoader Environment load took 83.7ns 
128364     INFO  main            d.u.i.k.p.i.AbstractProblemLoader Creating init config 
131085     DEBUG main            d.u.i.k.p.i.AbstractProblemLoader Init config took 2.72s 
131119     INFO  main            d.u.i.k.p.i.AbstractProblemLoader Replaying proof Iterator[Iterator::Iterator(ArrayList)].JML normal_behavior operation contract.0 
131120     DEBUG main            d.u.i.k.p.i.IntermediateProofReplayer Proof replay took 5.1ns 
132426     INFO  main            d.u.i.k.p.r.p.TestFile    ... finished proof: closed. 
132683     INFO  main            d.u.i.k.p.i.AbstractProblemLoader Loading environment from /home/runner/work/key/key/key.core/../key.ui/examples/heap/SmansEtAl/Iterator_Iterator.key.proof 
132683     DEBUG main            d.u.i.k.p.i.AbstractProblemLoader Environment load took 390.7ns 
132684     INFO  main            d.u.i.k.p.i.AbstractProblemLoader Creating init config 
135341     DEBUG main            d.u.i.k.p.i.AbstractProblemLoader Init config took 2.66s 
135375     INFO  main            d.u.i.k.p.i.AbstractProblemLoader Replaying proof Iterator[Iterator::Iterator(ArrayList)].JML normal_behavior operation contract.0 
135545     DEBUG main            d.u.i.k.p.i.IntermediateProofReplayer Proof replay took 155.77ms 
135546     DEBUG main            d.u.i.k.p.r.p.TestFile    ... success: reloaded. 
135547     INFO  main            d.u.i.k.p.r.p.TestFile    Now processing file /home/runner/work/key/key/key.core/../key.ui/examples/heap/SmansEtAl/Iterator_list_dep.key 
135549     INFO  main            d.u.i.k.p.i.AbstractProblemLoader Loading environment from /home/runner/work/key/key/key.core/../key.ui/examples/heap/SmansEtAl/Iterator_list_dep.key 
135550     DEBUG main            d.u.i.k.p.i.AbstractProblemLoader Environment load took 218.8ns 
135550     INFO  main            d.u.i.k.p.i.AbstractProblemLoader Creating init config 
138254     DEBUG main            d.u.i.k.p.i.AbstractProblemLoader Init config took 2.7s 
138287     INFO  main            d.u.i.k.p.i.AbstractProblemLoader Replaying proof Iterator[Iterator::list()].JML accessible clause.0 
138288     DEBUG main            d.u.i.k.p.i.IntermediateProofReplayer Proof replay took 5.2ns 
138393     INFO  main            d.u.i.k.p.r.p.TestFile    ... finished proof: closed. 
138629     INFO  main            d.u.i.k.p.i.AbstractProblemLoader Loading environment from /home/runner/work/key/key/key.core/../key.ui/examples/heap/SmansEtAl/Iterator_list_dep.key.proof 
138629     DEBUG main            d.u.i.k.p.i.AbstractProblemLoader Environment load took 97.7ns 
138630     INFO  main            d.u.i.k.p.i.AbstractProblemLoader Creating init config 
141272     DEBUG main            d.u.i.k.p.i.AbstractProblemLoader Init config took 2.64s 
141310     INFO  main            d.u.i.k.p.i.AbstractProblemLoader Replaying proof Iterator[Iterator::list()].JML accessible clause.0 
141328     DEBUG main            d.u.i.k.p.i.IntermediateProofReplayer Proof replay took 16.49ms 
141329     DEBUG main            d.u.i.k.p.r.p.TestFile    ... success: reloaded. 
141330     INFO  main            d.u.i.k.p.r.p.TestFile    Now processing file /home/runner/work/key/key/key.core/../key.ui/examples/heap/SmansEtAl/Iterator_list.key 
141330     INFO  main            d.u.i.k.p.i.AbstractProblemLoader Loading environment from /home/runner/work/key/key/key.core/../key.ui/examples/heap/SmansEtAl/Iterator_list.key 
141330     DEBUG main            d.u.i.k.p.i.AbstractProblemLoader Environment load took 82.3ns 
141331     INFO  main            d.u.i.k.p.i.AbstractProblemLoader Creating init config 
144011     DEBUG main            d.u.i.k.p.i.AbstractProblemLoader Init config took 2.68s 
144044     INFO  main            d.u.i.k.p.i.AbstractProblemLoader Replaying proof Iterator[Iterator::list()].JML normal_behavior operation contract.0 
144046     DEBUG main            d.u.i.k.p.i.IntermediateProofReplayer Proof replay took 5.2ns 
144148     INFO  main            d.u.i.k.p.r.p.TestFile    ... finished proof: closed. 
144374     INFO  main            d.u.i.k.p.i.AbstractProblemLoader Loading environment from /home/runner/work/key/key/key.core/../key.ui/examples/heap/SmansEtAl/Iterator_list.key.proof 
144374     DEBUG main            d.u.i.k.p.i.AbstractProblemLoader Environment load took 95.2ns 
144375     INFO  main            d.u.i.k.p.i.AbstractProblemLoader Creating init config 
147011     DEBUG main            d.u.i.k.p.i.AbstractProblemLoader Init config took 2.64s 
147046     INFO  main            d.u.i.k.p.i.AbstractProblemLoader Replaying proof Iterator[Iterator::list()].JML normal_behavior operation contract.0 
147061     DEBUG main            d.u.i.k.p.i.IntermediateProofReplayer Proof replay took 13.08ms 
147061     DEBUG main            d.u.i.k.p.r.p.TestFile    ... success: reloaded. 
147062     INFO  main            d.u.i.k.p.r.p.TestFile    Now processing file /home/runner/work/key/key/key.core/../key.ui/examples/heap/SmansEtAl/Iterator_next.key 
147063     INFO  main            d.u.i.k.p.i.AbstractProblemLoader Loading environment from /home/runner/work/key/key/key.core/../key.ui/examples/heap/SmansEtAl/Iterator_next.key 
147063     DEBUG main            d.u.i.k.p.i.AbstractProblemLoader Environment load took 77.6ns 
147063     INFO  main            d.u.i.k.p.i.AbstractProblemLoader Creating init config 
149740     DEBUG main            d.u.i.k.p.i.AbstractProblemLoader Init config took 2.68s 
149774     INFO  main            d.u.i.k.p.i.AbstractProblemLoader Replaying proof Iterator[Iterator::next()].JML normal_behavior operation contract.0 
149776     DEBUG main            d.u.i.k.p.i.IntermediateProofReplayer Proof replay took 5.6ns 
152434     INFO  main            d.u.i.k.p.r.p.TestFile    ... finished proof: closed. 
152700     INFO  main            d.u.i.k.p.i.AbstractProblemLoader Loading environment from /home/runner/work/key/key/key.core/../key.ui/examples/heap/SmansEtAl/Iterator_next.key.proof 
152700     DEBUG main            d.u.i.k.p.i.AbstractProblemLoader Environment load took 377.5ns 
152703     INFO  main            d.u.i.k.p.i.AbstractProblemLoader Creating init config 
155354     DEBUG main            d.u.i.k.p.i.AbstractProblemLoader Init config took 2.65s 
155388     INFO  main            d.u.i.k.p.i.AbstractProblemLoader Replaying proof Iterator[Iterator::next()].JML normal_behavior operation contract.0 
155690     DEBUG main            d.u.i.k.p.i.IntermediateProofReplayer Proof replay took 283.96ms 
155691     DEBUG main            d.u.i.k.p.r.p.TestFile    ... success: reloaded. 
155692     INFO  main            d.u.i.k.p.r.p.TestFile    Now processing file /home/runner/work/key/key/key.core/../key.ui/examples/heap/SmansEtAl/Stack_footprint.key 
155692     INFO  main            d.u.i.k.p.i.AbstractProblemLoader Loading environment from /home/runner/work/key/key/key.core/../key.ui/examples/heap/SmansEtAl/Stack_footprint.key 
155692     DEBUG main            d.u.i.k.p.i.AbstractProblemLoader Environment load took 67.2ns 
155693     INFO  main            d.u.i.k.p.i.AbstractProblemLoader Creating init config 
158393     DEBUG main            d.u.i.k.p.i.AbstractProblemLoader Init config took 2.7s 
158425     INFO  main            d.u.i.k.p.i.AbstractProblemLoader Replaying proof Stack[Stack::$footprint()].JML accessible clause.0 
158426     DEBUG main            d.u.i.k.p.i.IntermediateProofReplayer Proof replay took 5.8ns 
158629     INFO  main            d.u.i.k.p.r.p.TestFile    ... finished proof: closed. 
158894     INFO  main            d.u.i.k.p.i.AbstractProblemLoader Loading environment from /home/runner/work/key/key/key.core/../key.ui/examples/heap/SmansEtAl/Stack_footprint.key.proof 
158894     DEBUG main            d.u.i.k.p.i.AbstractProblemLoader Environment load took 103.1ns 
158895     INFO  main            d.u.i.k.p.i.AbstractProblemLoader Creating init config 
161540     DEBUG main            d.u.i.k.p.i.AbstractProblemLoader Init config took 2.64s 
161574     INFO  main            d.u.i.k.p.i.AbstractProblemLoader Replaying proof Stack[Stack::$footprint()].JML accessible clause.0 
161605     DEBUG main            d.u.i.k.p.i.IntermediateProofReplayer Proof replay took 27.81ms 
161606     DEBUG main            d.u.i.k.p.r.p.TestFile    ... success: reloaded. 
161608     INFO  main            d.u.i.k.p.r.p.TestFile    Now processing file /home/runner/work/key/key/key.core/../key.ui/examples/heap/SmansEtAl/Stack_inv.key 
161609     INFO  main            d.u.i.k.p.i.AbstractProblemLoader Loading environment from /home/runner/work/key/key/key.core/../key.ui/examples/heap/SmansEtAl/Stack_inv.key 
161609     DEBUG main            d.u.i.k.p.i.AbstractProblemLoader Environment load took 191.5ns 
161611     INFO  main            d.u.i.k.p.i.AbstractProblemLoader Creating init config 
164310     DEBUG main            d.u.i.k.p.i.AbstractProblemLoader Init config took 2.7s 
164342     INFO  main            d.u.i.k.p.i.AbstractProblemLoader Replaying proof Stack[java.lang.Object::<inv>()].JML accessible clause.0 
164343     DEBUG main            d.u.i.k.p.i.IntermediateProofReplayer Proof replay took 5.7ns 
164444     INFO  main            d.u.i.k.p.r.p.TestFile    ... finished proof: closed. 
164699     INFO  main            d.u.i.k.p.i.AbstractProblemLoader Loading environment from /home/runner/work/key/key/key.core/../key.ui/examples/heap/SmansEtAl/Stack_inv.key.proof 
164699     DEBUG main            d.u.i.k.p.i.AbstractProblemLoader Environment load took 97.6ns 
164700     INFO  main            d.u.i.k.p.i.AbstractProblemLoader Creating init config 
167320     DEBUG main            d.u.i.k.p.i.AbstractProblemLoader Init config took 2.62s 
167351     INFO  main            d.u.i.k.p.i.AbstractProblemLoader Replaying proof Stack[java.lang.Object::<inv>()].JML accessible clause.0 
167362     DEBUG main            d.u.i.k.p.i.IntermediateProofReplayer Proof replay took 8.75ms 
167363     DEBUG main            d.u.i.k.p.r.p.TestFile    ... success: reloaded. 
167363     INFO  main            d.u.i.k.p.r.p.TestFile    Now processing file /home/runner/work/key/key/key.core/../key.ui/examples/heap/SmansEtAl/Stack_push.key 
167364     INFO  main            d.u.i.k.p.i.AbstractProblemLoader Loading environment from /home/runner/work/key/key/key.core/../key.ui/examples/heap/SmansEtAl/Stack_push.key 
167364     DEBUG main            d.u.i.k.p.i.AbstractProblemLoader Environment load took 203.2ns 
167365     INFO  main            d.u.i.k.p.i.AbstractProblemLoader Creating init config 
170049     DEBUG main            d.u.i.k.p.i.AbstractProblemLoader Init config took 2.68s 
170084     INFO  main            d.u.i.k.p.i.AbstractProblemLoader Replaying proof Stack[Stack::push(java.lang.Object)].JML normal_behavior operation contract.0 
170086     DEBUG main            d.u.i.k.p.i.IntermediateProofReplayer Proof replay took 5.9ns 
170790     INFO  main            d.u.i.k.p.r.p.TestFile    ... finished proof: closed. 
171059     INFO  main            d.u.i.k.p.i.AbstractProblemLoader Loading environment from /home/runner/work/key/key/key.core/../key.ui/examples/heap/SmansEtAl/Stack_push.key.proof 
171059     DEBUG main            d.u.i.k.p.i.AbstractProblemLoader Environment load took 97.3ns 
171060     INFO  main            d.u.i.k.p.i.AbstractProblemLoader Creating init config 
173680     DEBUG main            d.u.i.k.p.i.AbstractProblemLoader Init config took 2.62s 
173713     INFO  main            d.u.i.k.p.i.AbstractProblemLoader Replaying proof Stack[Stack::push(java.lang.Object)].JML normal_behavior operation contract.0 
173820     DEBUG main            d.u.i.k.p.i.IntermediateProofReplayer Proof replay took 102.56ms 
173821     DEBUG main            d.u.i.k.p.r.p.TestFile    ... success: reloaded. 
173822     INFO  main            d.u.i.k.p.r.p.TestFile    Now processing file /home/runner/work/key/key/key.core/../key.ui/examples/heap/SmansEtAl/Stack_size.key 
173823     INFO  main            d.u.i.k.p.i.AbstractProblemLoader Loading environment from /home/runner/work/key/key/key.core/../key.ui/examples/heap/SmansEtAl/Stack_size.key 
173823     DEBUG main            d.u.i.k.p.i.AbstractProblemLoader Environment load took 181.1ns 
173824     INFO  main            d.u.i.k.p.i.AbstractProblemLoader Creating init config 
176511     DEBUG main            d.u.i.k.p.i.AbstractProblemLoader Init config took 2.69s 
176559     INFO  main            d.u.i.k.p.i.AbstractProblemLoader Replaying proof Stack[Stack::size()].JML accessible clause.0 
176561     DEBUG main            d.u.i.k.p.i.IntermediateProofReplayer Proof replay took 6.1ns 
176763     INFO  main            d.u.i.k.p.r.p.TestFile    ... finished proof: closed. 
177036     INFO  main            d.u.i.k.p.i.AbstractProblemLoader Loading environment from /home/runner/work/key/key/key.core/../key.ui/examples/heap/SmansEtAl/Stack_size.key.proof 
177036     DEBUG main            d.u.i.k.p.i.AbstractProblemLoader Environment load took 93.6ns 
177037     INFO  main            d.u.i.k.p.i.AbstractProblemLoader Creating init config 
179659     DEBUG main            d.u.i.k.p.i.AbstractProblemLoader Init config took 2.62s 
179691     INFO  main            d.u.i.k.p.i.AbstractProblemLoader Replaying proof Stack[Stack::size()].JML accessible clause.0 
179729     DEBUG main            d.u.i.k.p.i.IntermediateProofReplayer Proof replay took 35.74ms 
179730     DEBUG main            d.u.i.k.p.r.p.TestFile    ... success: reloaded. 
179731     INFO  main            d.u.i.k.p.r.p.TestFile    Now processing file /home/runner/work/key/key/key.core/../key.ui/examples/heap/SmansEtAl/Stack_Stack.key 
179731     INFO  main            d.u.i.k.p.i.AbstractProblemLoader Loading environment from /home/runner/work/key/key/key.core/../key.ui/examples/heap/SmansEtAl/Stack_Stack.key 
179731     DEBUG main            d.u.i.k.p.i.AbstractProblemLoader Environment load took 70.8ns 
179732     INFO  main            d.u.i.k.p.i.AbstractProblemLoader Creating init config 
182442     DEBUG main            d.u.i.k.p.i.AbstractProblemLoader Init config took 2.71s 
182475     INFO  main            d.u.i.k.p.i.AbstractProblemLoader Replaying proof Stack[Stack::Stack()].JML normal_behavior operation contract.0 
182477     DEBUG main            d.u.i.k.p.i.IntermediateProofReplayer Proof replay took 5.6ns 
183513     INFO  main            d.u.i.k.p.r.p.TestFile    ... finished proof: closed. 
183793     INFO  main            d.u.i.k.p.i.AbstractProblemLoader Loading environment from /home/runner/work/key/key/key.core/../key.ui/examples/heap/SmansEtAl/Stack_Stack.key.proof 
183793     DEBUG main            d.u.i.k.p.i.AbstractProblemLoader Environment load took 352ns 
183794     INFO  main            d.u.i.k.p.i.AbstractProblemLoader Creating init config 
186424     DEBUG main            d.u.i.k.p.i.AbstractProblemLoader Init config took 2.63s 
186456     INFO  main            d.u.i.k.p.i.AbstractProblemLoader Replaying proof Stack[Stack::Stack()].JML normal_behavior operation contract.0 
186625     DEBUG main            d.u.i.k.p.i.IntermediateProofReplayer Proof replay took 162.54ms 
186626     DEBUG main            d.u.i.k.p.r.p.TestFile    ... success: reloaded. 
186627     INFO  main            d.u.i.k.p.r.p.TestFile    Now processing file /home/runner/work/key/key/key.core/../key.ui/examples/heap/SmansEtAl/Stack_switchContents.key 
186627     INFO  main            d.u.i.k.p.i.AbstractProblemLoader Loading environment from /home/runner/work/key/key/key.core/../key.ui/examples/heap/SmansEtAl/Stack_switchContents.key 
186627     DEBUG main            d.u.i.k.p.i.AbstractProblemLoader Environment load took 59.7ns 
186628     INFO  main            d.u.i.k.p.i.AbstractProblemLoader Creating init config 
189320     DEBUG main            d.u.i.k.p.i.AbstractProblemLoader Init config took 2.69s 
189353     INFO  main            d.u.i.k.p.i.AbstractProblemLoader Replaying proof Stack[Stack::switchContents(Stack)].JML normal_behavior operation contract.0 
189354     DEBUG main            d.u.i.k.p.i.IntermediateProofReplayer Proof replay took 6.6ns 
193877     INFO  main            d.u.i.k.p.r.p.TestFile    ... finished proof: closed. 
194176     INFO  main            d.u.i.k.p.i.AbstractProblemLoader Loading environment from /home/runner/work/key/key/key.core/../key.ui/examples/heap/SmansEtAl/Stack_switchContents.key.proof 
194177     DEBUG main            d.u.i.k.p.i.AbstractProblemLoader Environment load took 363.1ns 
194178     INFO  main            d.u.i.k.p.i.AbstractProblemLoader Creating init config 
196826     DEBUG main            d.u.i.k.p.i.AbstractProblemLoader Init config took 2.65s 
196859     INFO  main            d.u.i.k.p.i.AbstractProblemLoader Replaying proof Stack[Stack::switchContents(Stack)].JML normal_behavior operation contract.0 
197294     DEBUG main            d.u.i.k.p.i.IntermediateProofReplayer Proof replay took 419.48ms 
197296     DEBUG main            d.u.i.k.p.r.p.TestFile    ... success: reloaded. 
2043036    INFO  Test worker     d.u.i.k.p.r.RunAllProofsTestUnit Returning from test SmansEtAl 
2043037    INFO  Test worker     d.u.i.k.p.r.RunAllProofsTestUnit Running test VACID0 
360        INFO  Timeout watchdog d.u.i.k.p.r.p.ForkedTestFileRunner Timeout watcher launched (2000 secs.) 
377        WARN  main            d.u.i.k.s.ProofSettings   The settings in /home/runner/.key/proof-settings.props are *not* read. 
408        INFO  main            d.u.i.k.p.r.p.TestFile    Now processing file /home/runner/work/key/key/key.core/../key.ui/examples/heap/vacid0_01_SparseArray/Harness_sparseArrayTestHarness1.key 
531        INFO  main            d.u.i.k.p.i.AbstractProblemLoader Loading environment from /home/runner/work/key/key/key.core/../key.ui/examples/heap/vacid0_01_SparseArray/Harness_sparseArrayTestHarness1.key 
546        DEBUG main            d.u.i.k.p.i.AbstractProblemLoader Environment load took 1.87ms 
778        INFO  main            d.u.i.k.p.i.AbstractProblemLoader Creating init config 
1633       DEBUG main            d.u.i.k.j.TypeConverter   No LDT found for Meta 
1635       DEBUG main            d.u.i.k.j.TypeConverter   No LDT found for Meta 
1636       DEBUG main            d.u.i.k.j.TypeConverter   No LDT found for Meta 
1637       DEBUG main            d.u.i.k.j.TypeConverter   No LDT found for Meta 
2921       DEBUG main            d.u.i.k.j.TypeConverter   No LDT found for JavaBigintExpression 
8111       DEBUG main            d.u.i.k.p.i.AbstractProblemLoader Init config took 7.33s 
8230       INFO  main            d.u.i.k.p.i.AbstractProblemLoader Replaying proof Harness[Harness::sparseArrayTestHarness1()].JML normal_behavior operation contract.0 
8261       DEBUG main            d.u.i.k.p.i.IntermediateProofReplayer Proof replay took 32.7ns 
9895       INFO  main            d.u.i.k.p.r.p.TestFile    ... finished proof: closed. 
10023      INFO  main            d.u.i.k.p.i.AbstractProblemLoader Loading environment from /home/runner/work/key/key/key.core/../key.ui/examples/heap/vacid0_01_SparseArray/Harness_sparseArrayTestHarness1.key.proof 
10023      DEBUG main            d.u.i.k.p.i.AbstractProblemLoader Environment load took 146.2ns 
10025      INFO  main            d.u.i.k.p.i.AbstractProblemLoader Creating init config 
12860      DEBUG main            d.u.i.k.p.i.AbstractProblemLoader Init config took 2.83s 
12922      INFO  main            d.u.i.k.p.i.AbstractProblemLoader Replaying proof Harness[Harness::sparseArrayTestHarness1()].JML normal_behavior operation contract.0 
13084      DEBUG main            d.u.i.k.p.i.IntermediateProofReplayer Proof replay took 153.28ms 
13091      DEBUG main            d.u.i.k.p.r.p.TestFile    ... success: reloaded. 
13092      INFO  main            d.u.i.k.p.r.p.TestFile    Now processing file /home/runner/work/key/key/key.core/../key.ui/examples/heap/vacid0_01_SparseArray/Harness_sparseArrayTestHarness2.key 
13093      INFO  main            d.u.i.k.p.i.AbstractProblemLoader Loading environment from /home/runner/work/key/key/key.core/../key.ui/examples/heap/vacid0_01_SparseArray/Harness_sparseArrayTestHarness2.key 
13093      DEBUG main            d.u.i.k.p.i.AbstractProblemLoader Environment load took 232.9ns 
13095      INFO  main            d.u.i.k.p.i.AbstractProblemLoader Creating init config 
15964      DEBUG main            d.u.i.k.p.i.AbstractProblemLoader Init config took 2.87s 
16022      INFO  main            d.u.i.k.p.i.AbstractProblemLoader Replaying proof Harness[Harness::sparseArrayTestHarness2()].JML normal_behavior operation contract.0 
16024      DEBUG main            d.u.i.k.p.i.IntermediateProofReplayer Proof replay took 5.2ns 
25077      INFO  main            d.u.i.k.p.r.p.TestFile    ... finished proof: closed. 
25269      INFO  main            d.u.i.k.p.i.AbstractProblemLoader Loading environment from /home/runner/work/key/key/key.core/../key.ui/examples/heap/vacid0_01_SparseArray/Harness_sparseArrayTestHarness2.key.proof 
25269      DEBUG main            d.u.i.k.p.i.AbstractProblemLoader Environment load took 229.8ns 
25272      INFO  main            d.u.i.k.p.i.AbstractProblemLoader Creating init config 
27939      DEBUG main            d.u.i.k.p.i.AbstractProblemLoader Init config took 2.67s 
27988      INFO  main            d.u.i.k.p.i.AbstractProblemLoader Replaying proof Harness[Harness::sparseArrayTestHarness2()].JML normal_behavior operation contract.0 
29036      DEBUG main            d.u.i.k.p.i.IntermediateProofReplayer Proof replay took 1s 
29038      DEBUG main            d.u.i.k.p.r.p.TestFile    ... success: reloaded. 
29040      INFO  main            d.u.i.k.p.r.p.TestFile    Now processing file /home/runner/work/key/key/key.core/../key.ui/examples/heap/vacid0_01_SparseArray/MemoryAllocator_alloc_unsigned.key 
29040      INFO  main            d.u.i.k.p.i.AbstractProblemLoader Loading environment from /home/runner/work/key/key/key.core/../key.ui/examples/heap/vacid0_01_SparseArray/MemoryAllocator_alloc_unsigned.key 
29040      DEBUG main            d.u.i.k.p.i.AbstractProblemLoader Environment load took 221.6ns 
29042      INFO  main            d.u.i.k.p.i.AbstractProblemLoader Creating init config 
31797      DEBUG main            d.u.i.k.p.i.AbstractProblemLoader Init config took 2.76s 
31841      INFO  main            d.u.i.k.p.i.AbstractProblemLoader Replaying proof MemoryAllocator[MemoryAllocator::alloc_unsigned(int)].JML normal_behavior operation contract.0 
31843      DEBUG main            d.u.i.k.p.i.IntermediateProofReplayer Proof replay took 14.2ns 
32750      INFO  main            d.u.i.k.p.r.p.TestFile    ... finished proof: closed. 
32909      INFO  main            d.u.i.k.p.i.AbstractProblemLoader Loading environment from /home/runner/work/key/key/key.core/../key.ui/examples/heap/vacid0_01_SparseArray/MemoryAllocator_alloc_unsigned.key.proof 
32910      DEBUG main            d.u.i.k.p.i.AbstractProblemLoader Environment load took 554.3ns 
32914      INFO  main            d.u.i.k.p.i.AbstractProblemLoader Creating init config 
35552      DEBUG main            d.u.i.k.p.i.AbstractProblemLoader Init config took 2.64s 
35599      INFO  main            d.u.i.k.p.i.AbstractProblemLoader Replaying proof MemoryAllocator[MemoryAllocator::alloc_unsigned(int)].JML normal_behavior operation contract.0 
35800      DEBUG main            d.u.i.k.p.i.IntermediateProofReplayer Proof replay took 194.36ms 
35801      DEBUG main            d.u.i.k.p.r.p.TestFile    ... success: reloaded. 
35802      INFO  main            d.u.i.k.p.r.p.TestFile    Now processing file /home/runner/work/key/key/key.core/../key.ui/examples/heap/vacid0_01_SparseArray/MemoryAllocator_alloc.key 
35802      INFO  main            d.u.i.k.p.i.AbstractProblemLoader Loading environment from /home/runner/work/key/key/key.core/../key.ui/examples/heap/vacid0_01_SparseArray/MemoryAllocator_alloc.key 
35802      DEBUG main            d.u.i.k.p.i.AbstractProblemLoader Environment load took 199.3ns 
35803      INFO  main            d.u.i.k.p.i.AbstractProblemLoader Creating init config 
38474      DEBUG main            d.u.i.k.p.i.AbstractProblemLoader Init config took 2.67s 
38515      INFO  main            d.u.i.k.p.i.AbstractProblemLoader Replaying proof MemoryAllocator[MemoryAllocator::alloc(int)].JML normal_behavior operation contract.0 
38517      DEBUG main            d.u.i.k.p.i.IntermediateProofReplayer Proof replay took 4.9ns 
39121      INFO  main            d.u.i.k.p.r.p.TestFile    ... finished proof: closed. 
39269      INFO  main            d.u.i.k.p.i.AbstractProblemLoader Loading environment from /home/runner/work/key/key/key.core/../key.ui/examples/heap/vacid0_01_SparseArray/MemoryAllocator_alloc.key.proof 
39269      DEBUG main            d.u.i.k.p.i.AbstractProblemLoader Environment load took 384.1ns 
39270      INFO  main            d.u.i.k.p.i.AbstractProblemLoader Creating init config 
41854      DEBUG main            d.u.i.k.p.i.AbstractProblemLoader Init config took 2.58s 
41900      INFO  main            d.u.i.k.p.i.AbstractProblemLoader Replaying proof MemoryAllocator[MemoryAllocator::alloc(int)].JML normal_behavior operation contract.0 
42037      DEBUG main            d.u.i.k.p.i.IntermediateProofReplayer Proof replay took 132.44ms 
42038      DEBUG main            d.u.i.k.p.r.p.TestFile    ... success: reloaded. 
42040      INFO  main            d.u.i.k.p.r.p.TestFile    Now processing file /home/runner/work/key/key/key.core/../key.ui/examples/heap/vacid0_01_SparseArray/SparseArray_get_dep.key 
42040      INFO  main            d.u.i.k.p.i.AbstractProblemLoader Loading environment from /home/runner/work/key/key/key.core/../key.ui/examples/heap/vacid0_01_SparseArray/SparseArray_get_dep.key 
42040      DEBUG main            d.u.i.k.p.i.AbstractProblemLoader Environment load took 204.3ns 
42041      INFO  main            d.u.i.k.p.i.AbstractProblemLoader Creating init config 
44676      DEBUG main            d.u.i.k.p.i.AbstractProblemLoader Init config took 2.63s 
44755      INFO  main            d.u.i.k.p.i.AbstractProblemLoader Replaying proof SparseArray[SparseArray::get(int)].JML accessible clause.0 
44757      DEBUG main            d.u.i.k.p.i.IntermediateProofReplayer Proof replay took 4.8ns 
47764      INFO  main            d.u.i.k.p.r.p.TestFile    ... finished proof: closed. 
47937      INFO  main            d.u.i.k.p.i.AbstractProblemLoader Loading environment from /home/runner/work/key/key/key.core/../key.ui/examples/heap/vacid0_01_SparseArray/SparseArray_get_dep.key.proof 
47938      DEBUG main            d.u.i.k.p.i.AbstractProblemLoader Environment load took 391.1ns 
47939      INFO  main            d.u.i.k.p.i.AbstractProblemLoader Creating init config 
50503      DEBUG main            d.u.i.k.p.i.AbstractProblemLoader Init config took 2.56s 
50562      INFO  main            d.u.i.k.p.i.AbstractProblemLoader Replaying proof SparseArray[SparseArray::get(int)].JML accessible clause.0 
50887      DEBUG main            d.u.i.k.p.i.IntermediateProofReplayer Proof replay took 312.19ms 
50888      DEBUG main            d.u.i.k.p.r.p.TestFile    ... success: reloaded. 
50889      INFO  main            d.u.i.k.p.r.p.TestFile    Now processing file /home/runner/work/key/key/key.core/../key.ui/examples/heap/vacid0_01_SparseArray/SparseArray_get.key 
50889      INFO  main            d.u.i.k.p.i.AbstractProblemLoader Loading environment from /home/runner/work/key/key/key.core/../key.ui/examples/heap/vacid0_01_SparseArray/SparseArray_get.key 
50889      DEBUG main            d.u.i.k.p.i.AbstractProblemLoader Environment load took 101.4ns 
50890      INFO  main            d.u.i.k.p.i.AbstractProblemLoader Creating init config 
53520      DEBUG main            d.u.i.k.p.i.AbstractProblemLoader Init config took 2.63s 
53576      INFO  main            d.u.i.k.p.i.AbstractProblemLoader Replaying proof SparseArray[SparseArray::get(int)].JML normal_behavior operation contract.0 
53577      DEBUG main            d.u.i.k.p.i.IntermediateProofReplayer Proof replay took 5.3ns 
55684      INFO  main            d.u.i.k.p.r.p.TestFile    ... finished proof: closed. 
55860      INFO  main            d.u.i.k.p.i.AbstractProblemLoader Loading environment from /home/runner/work/key/key/key.core/../key.ui/examples/heap/vacid0_01_SparseArray/SparseArray_get.key.proof 
55861      DEBUG main            d.u.i.k.p.i.AbstractProblemLoader Environment load took 490.8ns 
55862      INFO  main            d.u.i.k.p.i.AbstractProblemLoader Creating init config 
58402      DEBUG main            d.u.i.k.p.i.AbstractProblemLoader Init config took 2.54s 
58457      INFO  main            d.u.i.k.p.i.AbstractProblemLoader Replaying proof SparseArray[SparseArray::get(int)].JML normal_behavior operation contract.0 
58716      DEBUG main            d.u.i.k.p.i.IntermediateProofReplayer Proof replay took 249.09ms 
58718      DEBUG main            d.u.i.k.p.r.p.TestFile    ... success: reloaded. 
58719      INFO  main            d.u.i.k.p.r.p.TestFile    Now processing file /home/runner/work/key/key/key.core/../key.ui/examples/heap/vacid0_01_SparseArray/SparseArray_inv.key 
58719      INFO  main            d.u.i.k.p.i.AbstractProblemLoader Loading environment from /home/runner/work/key/key/key.core/../key.ui/examples/heap/vacid0_01_SparseArray/SparseArray_inv.key 
58719      DEBUG main            d.u.i.k.p.i.AbstractProblemLoader Environment load took 205.9ns 
58720      INFO  main            d.u.i.k.p.i.AbstractProblemLoader Creating init config 
61310      DEBUG main            d.u.i.k.p.i.AbstractProblemLoader Init config took 2.59s 
61364      INFO  main            d.u.i.k.p.i.AbstractProblemLoader Replaying proof SparseArray[java.lang.Object::<inv>()].JML accessible clause.0 
61365      DEBUG main            d.u.i.k.p.i.IntermediateProofReplayer Proof replay took 4.9ns 
63198      INFO  main            d.u.i.k.p.r.p.TestFile    ... finished proof: closed. 
63377      INFO  main            d.u.i.k.p.i.AbstractProblemLoader Loading environment from /home/runner/work/key/key/key.core/../key.ui/examples/heap/vacid0_01_SparseArray/SparseArray_inv.key.proof 
63377      DEBUG main            d.u.i.k.p.i.AbstractProblemLoader Environment load took 400ns 
63378      INFO  main            d.u.i.k.p.i.AbstractProblemLoader Creating init config 
65910      DEBUG main            d.u.i.k.p.i.AbstractProblemLoader Init config took 2.53s 
65964      INFO  main            d.u.i.k.p.i.AbstractProblemLoader Replaying proof SparseArray[java.lang.Object::<inv>()].JML accessible clause.0 
66084      DEBUG main            d.u.i.k.p.i.IntermediateProofReplayer Proof replay took 115.84ms 
66085      DEBUG main            d.u.i.k.p.r.p.TestFile    ... success: reloaded. 
66086      INFO  main            d.u.i.k.p.r.p.TestFile    Now processing file /home/runner/work/key/key/key.core/../key.ui/examples/heap/vacid0_01_SparseArray/SparseArray_SparseArray.key 
66087      INFO  main            d.u.i.k.p.i.AbstractProblemLoader Loading environment from /home/runner/work/key/key/key.core/../key.ui/examples/heap/vacid0_01_SparseArray/SparseArray_SparseArray.key 
66087      DEBUG main            d.u.i.k.p.i.AbstractProblemLoader Environment load took 107.3ns 
66087      INFO  main            d.u.i.k.p.i.AbstractProblemLoader Creating init config 
68766      DEBUG main            d.u.i.k.p.i.AbstractProblemLoader Init config took 2.68s 
68819      INFO  main            d.u.i.k.p.i.AbstractProblemLoader Replaying proof SparseArray[SparseArray::SparseArray(int)].JML normal_behavior operation contract.0 
68821      DEBUG main            d.u.i.k.p.i.IntermediateProofReplayer Proof replay took 5.3ns 
72137      INFO  main            d.u.i.k.p.r.p.TestFile    ... finished proof: closed. 
72343      INFO  main            d.u.i.k.p.i.AbstractProblemLoader Loading environment from /home/runner/work/key/key/key.core/../key.ui/examples/heap/vacid0_01_SparseArray/SparseArray_SparseArray.key.proof 
72343      DEBUG main            d.u.i.k.p.i.AbstractProblemLoader Environment load took 361.7ns 
72345      INFO  main            d.u.i.k.p.i.AbstractProblemLoader Creating init config 
74898      DEBUG main            d.u.i.k.p.i.AbstractProblemLoader Init config took 2.55s 
74954      INFO  main            d.u.i.k.p.i.AbstractProblemLoader Replaying proof SparseArray[SparseArray::SparseArray(int)].JML normal_behavior operation contract.0 
75423      DEBUG main            d.u.i.k.p.i.IntermediateProofReplayer Proof replay took 459.38ms 
75424      DEBUG main            d.u.i.k.p.r.p.TestFile    ... success: reloaded. 
2118635    INFO  Test worker     d.u.i.k.p.r.RunAllProofsTestUnit Returning from test VACID0 
2118636    INFO  Test worker     d.u.i.k.p.r.RunAllProofsTestUnit Running test VSTTE10 
356        INFO  Timeout watchdog d.u.i.k.p.r.p.ForkedTestFileRunner Timeout watcher launched (2000 secs.) 
360        WARN  main            d.u.i.k.s.ProofSettings   The settings in /home/runner/.key/proof-settings.props are *not* read. 
388        INFO  main            d.u.i.k.p.r.p.TestFile    Now processing file /home/runner/work/key/key/key.core/../key.ui/examples/heap/vstte10_01_SumAndMax/SumAndMax_sumAndMax.key 
493        INFO  main            d.u.i.k.p.i.AbstractProblemLoader Loading environment from /home/runner/work/key/key/key.core/../key.ui/examples/heap/vstte10_01_SumAndMax/SumAndMax_sumAndMax.key 
514        DEBUG main            d.u.i.k.p.i.AbstractProblemLoader Environment load took 1.97ms 
722        INFO  main            d.u.i.k.p.i.AbstractProblemLoader Creating init config 
1472       DEBUG main            d.u.i.k.j.TypeConverter   No LDT found for Meta 
1473       DEBUG main            d.u.i.k.j.TypeConverter   No LDT found for Meta 
1474       DEBUG main            d.u.i.k.j.TypeConverter   No LDT found for Meta 
1474       DEBUG main            d.u.i.k.j.TypeConverter   No LDT found for Meta 
2681       DEBUG main            d.u.i.k.j.TypeConverter   No LDT found for JavaBigintExpression 
7707       DEBUG main            d.u.i.k.p.i.AbstractProblemLoader Init config took 6.99s 
7866       INFO  main            d.u.i.k.p.i.AbstractProblemLoader Replaying proof SumAndMax[SumAndMax::sumAndMax([I)].JML normal_behavior operation contract.0 
7896       DEBUG main            d.u.i.k.p.i.IntermediateProofReplayer Proof replay took 30.8ns 
13164      INFO  main            d.u.i.k.p.r.p.TestFile    ... finished proof: closed. 
13332      INFO  main            d.u.i.k.p.i.AbstractProblemLoader Loading environment from /home/runner/work/key/key/key.core/../key.ui/examples/heap/vstte10_01_SumAndMax/SumAndMax_sumAndMax.key.proof 
13333      DEBUG main            d.u.i.k.p.i.AbstractProblemLoader Environment load took 1.03ms 
13336      INFO  main            d.u.i.k.p.i.AbstractProblemLoader Creating init config 
16168      DEBUG main            d.u.i.k.p.i.AbstractProblemLoader Init config took 2.83s 
16240      INFO  main            d.u.i.k.p.i.AbstractProblemLoader Replaying proof SumAndMax[SumAndMax::sumAndMax([I)].JML normal_behavior operation contract.0 
16868      DEBUG main            d.u.i.k.p.i.IntermediateProofReplayer Proof replay took 608.34ms 
16876      DEBUG main            d.u.i.k.p.r.p.TestFile    ... success: reloaded. 
16878      INFO  main            d.u.i.k.p.r.p.TestFile    Now processing file /home/runner/work/key/key/key.core/../key.ui/examples/heap/vstte10_03_LinkedList/Node_cons.key 
16878      INFO  main            d.u.i.k.p.i.AbstractProblemLoader Loading environment from /home/runner/work/key/key/key.core/../key.ui/examples/heap/vstte10_03_LinkedList/Node_cons.key 
16878      DEBUG main            d.u.i.k.p.i.AbstractProblemLoader Environment load took 208.4ns 
16880      INFO  main            d.u.i.k.p.i.AbstractProblemLoader Creating init config 
19771      DEBUG main            d.u.i.k.p.i.AbstractProblemLoader Init config took 2.89s 
19853      INFO  main            d.u.i.k.p.i.AbstractProblemLoader Replaying proof Node[Node::cons(int,Node)].JML normal_behavior operation contract.0 
19856      DEBUG main            d.u.i.k.p.i.IntermediateProofReplayer Proof replay took 5.5ns 
21264      INFO  main            d.u.i.k.p.r.p.TestFile    ... finished proof: closed. 
21407      INFO  main            d.u.i.k.p.i.AbstractProblemLoader Loading environment from /home/runner/work/key/key/key.core/../key.ui/examples/heap/vstte10_03_LinkedList/Node_cons.key.proof 
21407      DEBUG main            d.u.i.k.p.i.AbstractProblemLoader Environment load took 380.6ns 
21409      INFO  main            d.u.i.k.p.i.AbstractProblemLoader Creating init config 
24089      DEBUG main            d.u.i.k.p.i.AbstractProblemLoader Init config took 2.68s 
24142      INFO  main            d.u.i.k.p.i.AbstractProblemLoader Replaying proof Node[Node::cons(int,Node)].JML normal_behavior operation contract.0 
24417      DEBUG main            d.u.i.k.p.i.IntermediateProofReplayer Proof replay took 260.53ms 
24418      DEBUG main            d.u.i.k.p.r.p.TestFile    ... success: reloaded. 
24420      INFO  main            d.u.i.k.p.r.p.TestFile    Now processing file /home/runner/work/key/key/key.core/../key.ui/examples/heap/vstte10_03_LinkedList/Node_inv.key 
24420      INFO  main            d.u.i.k.p.i.AbstractProblemLoader Loading environment from /home/runner/work/key/key/key.core/../key.ui/examples/heap/vstte10_03_LinkedList/Node_inv.key 
24420      DEBUG main            d.u.i.k.p.i.AbstractProblemLoader Environment load took 198.1ns 
24421      INFO  main            d.u.i.k.p.i.AbstractProblemLoader Creating init config 
27060      DEBUG main            d.u.i.k.p.i.AbstractProblemLoader Init config took 2.64s 
27114      INFO  main            d.u.i.k.p.i.AbstractProblemLoader Replaying proof Node[java.lang.Object::<inv>()].JML accessible clause.0 
27116      DEBUG main            d.u.i.k.p.i.IntermediateProofReplayer Proof replay took 5.8ns 
27422      INFO  main            d.u.i.k.p.r.p.TestFile    ... finished proof: closed. 
27569      INFO  main            d.u.i.k.p.i.AbstractProblemLoader Loading environment from /home/runner/work/key/key/key.core/../key.ui/examples/heap/vstte10_03_LinkedList/Node_inv.key.proof 
27569      DEBUG main            d.u.i.k.p.i.AbstractProblemLoader Environment load took 700.3ns 
27571      INFO  main            d.u.i.k.p.i.AbstractProblemLoader Creating init config 
30196      DEBUG main            d.u.i.k.p.i.AbstractProblemLoader Init config took 2.62s 
30244      INFO  main            d.u.i.k.p.i.AbstractProblemLoader Replaying proof Node[java.lang.Object::<inv>()].JML accessible clause.0 
30278      DEBUG main            d.u.i.k.p.i.IntermediateProofReplayer Proof replay took 30.56ms 
30279      DEBUG main            d.u.i.k.p.r.p.TestFile    ... success: reloaded. 
30281      INFO  main            d.u.i.k.p.r.p.TestFile    Now processing file /home/runner/work/key/key/key.core/../key.ui/examples/heap/vstte10_03_LinkedList/Node_search.key 
30281      INFO  main            d.u.i.k.p.i.AbstractProblemLoader Loading environment from /home/runner/work/key/key/key.core/../key.ui/examples/heap/vstte10_03_LinkedList/Node_search.key 
30281      DEBUG main            d.u.i.k.p.i.AbstractProblemLoader Environment load took 219.8ns 
30282      INFO  main            d.u.i.k.p.i.AbstractProblemLoader Creating init config 
32898      DEBUG main            d.u.i.k.p.i.AbstractProblemLoader Init config took 2.62s 
32948      INFO  main            d.u.i.k.p.i.AbstractProblemLoader Replaying proof Node[Node::search()].JML normal_behavior operation contract.0 
32950      DEBUG main            d.u.i.k.p.i.IntermediateProofReplayer Proof replay took 5.2ns 
39276      INFO  main            d.u.i.k.p.r.p.TestFile    ... finished proof: closed. 
39474      INFO  main            d.u.i.k.p.i.AbstractProblemLoader Loading environment from /home/runner/work/key/key/key.core/../key.ui/examples/heap/vstte10_03_LinkedList/Node_search.key.proof 
39475      DEBUG main            d.u.i.k.p.i.AbstractProblemLoader Environment load took 429.3ns 
39477      INFO  main            d.u.i.k.p.i.AbstractProblemLoader Creating init config 
42048      DEBUG main            d.u.i.k.p.i.AbstractProblemLoader Init config took 2.57s 
42102      INFO  main            d.u.i.k.p.i.AbstractProblemLoader Replaying proof Node[Node::search()].JML normal_behavior operation contract.0 
42825      DEBUG main            d.u.i.k.p.i.IntermediateProofReplayer Proof replay took 666.7ms 
42827      DEBUG main            d.u.i.k.p.r.p.TestFile    ... success: reloaded. 
42828      INFO  main            d.u.i.k.p.r.p.TestFile    Now processing file /home/runner/work/key/key/key.core/../key.ui/examples/heap/vstte10_04_Queens/Queens_isConsistent.key 
42829      INFO  main            d.u.i.k.p.i.AbstractProblemLoader Loading environment from /home/runner/work/key/key/key.core/../key.ui/examples/heap/vstte10_04_Queens/Queens_isConsistent.key 
42829      DEBUG main            d.u.i.k.p.i.AbstractProblemLoader Environment load took 96.5ns 
42830      INFO  main            d.u.i.k.p.i.AbstractProblemLoader Creating init config 
45821      DEBUG main            d.u.i.k.p.i.AbstractProblemLoader Init config took 2.99s 
45862      INFO  main            d.u.i.k.p.i.AbstractProblemLoader Replaying proof Queens[Queens::isConsistent([I,int)].JML normal_behavior operation contract.0 
45864      DEBUG main            d.u.i.k.p.i.IntermediateProofReplayer Proof replay took 4.6ns 
47574      INFO  main            d.u.i.k.p.r.p.TestFile    ... finished proof: closed. 
47799      INFO  main            d.u.i.k.p.i.AbstractProblemLoader Loading environment from /home/runner/work/key/key/key.core/../key.ui/examples/heap/vstte10_04_Queens/Queens_isConsistent.key.proof 
47801      DEBUG main            d.u.i.k.p.i.AbstractProblemLoader Environment load took 1.43ms 
47803      INFO  main            d.u.i.k.p.i.AbstractProblemLoader Creating init config 
50478      DEBUG main            d.u.i.k.p.i.AbstractProblemLoader Init config took 2.67s 
50517      INFO  main            d.u.i.k.p.i.AbstractProblemLoader Replaying proof Queens[Queens::isConsistent([I,int)].JML normal_behavior operation contract.0 
50869      DEBUG main            d.u.i.k.p.i.IntermediateProofReplayer Proof replay took 341.69ms 
50870      DEBUG main            d.u.i.k.p.r.p.TestFile    ... success: reloaded. 
50871      INFO  main            d.u.i.k.p.r.p.TestFile    Now processing file /home/runner/work/key/key/key.core/../key.ui/examples/heap/vstte10_04_Queens/Queens_nQueens.key 
50872      INFO  main            d.u.i.k.p.i.AbstractProblemLoader Loading environment from /home/runner/work/key/key/key.core/../key.ui/examples/heap/vstte10_04_Queens/Queens_nQueens.key 
50872      DEBUG main            d.u.i.k.p.i.AbstractProblemLoader Environment load took 211.8ns 
50873      INFO  main            d.u.i.k.p.i.AbstractProblemLoader Creating init config 
53551      DEBUG main            d.u.i.k.p.i.AbstractProblemLoader Init config took 2.68s 
53619      INFO  main            d.u.i.k.p.i.AbstractProblemLoader Replaying proof Queens[Queens::nQueens(int)].JML normal_behavior operation contract.0 
53621      DEBUG main            d.u.i.k.p.i.IntermediateProofReplayer Proof replay took 5.5ns 
66640      INFO  main            d.u.i.k.p.r.p.TestFile    ... finished proof: closed. 
66864      INFO  main            d.u.i.k.p.i.AbstractProblemLoader Loading environment from /home/runner/work/key/key/key.core/../key.ui/examples/heap/vstte10_04_Queens/Queens_nQueens.key.proof 
66864      DEBUG main            d.u.i.k.p.i.AbstractProblemLoader Environment load took 188ns 
66866      INFO  main            d.u.i.k.p.i.AbstractProblemLoader Creating init config 
69480      DEBUG main            d.u.i.k.p.i.AbstractProblemLoader Init config took 2.61s 
69532      INFO  main            d.u.i.k.p.i.AbstractProblemLoader Replaying proof Queens[Queens::nQueens(int)].JML normal_behavior operation contract.0 
70537      DEBUG main            d.u.i.k.p.i.IntermediateProofReplayer Proof replay took 986.44ms 
70538      DEBUG main            d.u.i.k.p.r.p.TestFile    ... success: reloaded. 
70539      INFO  main            d.u.i.k.p.r.p.TestFile    Now processing file /home/runner/work/key/key/key.core/../key.ui/examples/heap/vstte10_05_Queue/AmortizedQueue_AmortizedQueue.key 
70539      INFO  main            d.u.i.k.p.i.AbstractProblemLoader Loading environment from /home/runner/work/key/key/key.core/../key.ui/examples/heap/vstte10_05_Queue/AmortizedQueue_AmortizedQueue.key 
70540      DEBUG main            d.u.i.k.p.i.AbstractProblemLoader Environment load took 90.2ns 
70540      INFO  main            d.u.i.k.p.i.AbstractProblemLoader Creating init config 
73330      DEBUG main            d.u.i.k.p.i.AbstractProblemLoader Init config took 2.79s 
73375      INFO  main            d.u.i.k.p.i.AbstractProblemLoader Replaying proof AmortizedQueue[AmortizedQueue::AmortizedQueue()].JML normal_behavior operation contract.0 
73377      DEBUG main            d.u.i.k.p.i.IntermediateProofReplayer Proof replay took 6.7ns 
74782      INFO  main            d.u.i.k.p.r.p.TestFile    ... finished proof: closed. 
74978      INFO  main            d.u.i.k.p.i.AbstractProblemLoader Loading environment from /home/runner/work/key/key/key.core/../key.ui/examples/heap/vstte10_05_Queue/AmortizedQueue_AmortizedQueue.key.proof 
74978      DEBUG main            d.u.i.k.p.i.AbstractProblemLoader Environment load took 381.7ns 
74979      INFO  main            d.u.i.k.p.i.AbstractProblemLoader Creating init config 
77618      DEBUG main            d.u.i.k.p.i.AbstractProblemLoader Init config took 2.64s 
77663      INFO  main            d.u.i.k.p.i.AbstractProblemLoader Replaying proof AmortizedQueue[AmortizedQueue::AmortizedQueue()].JML normal_behavior operation contract.0 
77873      DEBUG main            d.u.i.k.p.i.IntermediateProofReplayer Proof replay took 202.97ms 
77874      DEBUG main            d.u.i.k.p.r.p.TestFile    ... success: reloaded. 
77876      INFO  main            d.u.i.k.p.r.p.TestFile    Now processing file /home/runner/work/key/key/key.core/../key.ui/examples/heap/vstte10_05_Queue/AmortizedQueue_front.key 
77876      INFO  main            d.u.i.k.p.i.AbstractProblemLoader Loading environment from /home/runner/work/key/key/key.core/../key.ui/examples/heap/vstte10_05_Queue/AmortizedQueue_front.key 
77876      DEBUG main            d.u.i.k.p.i.AbstractProblemLoader Environment load took 194.1ns 
77877      INFO  main            d.u.i.k.p.i.AbstractProblemLoader Creating init config 
80567      DEBUG main            d.u.i.k.p.i.AbstractProblemLoader Init config took 2.69s 
80628      INFO  main            d.u.i.k.p.i.AbstractProblemLoader Replaying proof AmortizedQueue[AmortizedQueue::front()].JML normal_behavior operation contract.0 
80630      DEBUG main            d.u.i.k.p.i.IntermediateProofReplayer Proof replay took 6.4ns 
81132      INFO  main            d.u.i.k.p.r.p.TestFile    ... finished proof: closed. 
81319      INFO  main            d.u.i.k.p.i.AbstractProblemLoader Loading environment from /home/runner/work/key/key/key.core/../key.ui/examples/heap/vstte10_05_Queue/AmortizedQueue_front.key.proof 
81319      DEBUG main            d.u.i.k.p.i.AbstractProblemLoader Environment load took 115.6ns 
81320      INFO  main            d.u.i.k.p.i.AbstractProblemLoader Creating init config 
83944      DEBUG main            d.u.i.k.p.i.AbstractProblemLoader Init config took 2.62s 
83986      INFO  main            d.u.i.k.p.i.AbstractProblemLoader Replaying proof AmortizedQueue[AmortizedQueue::front()].JML normal_behavior operation contract.0 
84036      DEBUG main            d.u.i.k.p.i.IntermediateProofReplayer Proof replay took 47.45ms 
84037      DEBUG main            d.u.i.k.p.r.p.TestFile    ... success: reloaded. 
84038      INFO  main            d.u.i.k.p.r.p.TestFile    Now processing file /home/runner/work/key/key/key.core/../key.ui/examples/heap/vstte10_05_Queue/LinkedList_concat.key 
84038      INFO  main            d.u.i.k.p.i.AbstractProblemLoader Loading environment from /home/runner/work/key/key/key.core/../key.ui/examples/heap/vstte10_05_Queue/LinkedList_concat.key 
84038      DEBUG main            d.u.i.k.p.i.AbstractProblemLoader Environment load took 75.3ns 
84039      INFO  main            d.u.i.k.p.i.AbstractProblemLoader Creating init config 
86720      DEBUG main            d.u.i.k.p.i.AbstractProblemLoader Init config took 2.68s 
86766      INFO  main            d.u.i.k.p.i.AbstractProblemLoader Replaying proof LinkedList[LinkedList::concat(LinkedList)].JML normal_behavior operation contract.0 
86767      DEBUG main            d.u.i.k.p.i.IntermediateProofReplayer Proof replay took 6.3ns 
95462      INFO  main            d.u.i.k.p.r.p.TestFile    ... finished proof: closed. 
95692      INFO  main            d.u.i.k.p.i.AbstractProblemLoader Loading environment from /home/runner/work/key/key/key.core/../key.ui/examples/heap/vstte10_05_Queue/LinkedList_concat.key.proof 
95693      DEBUG main            d.u.i.k.p.i.AbstractProblemLoader Environment load took 405.3ns 
95695      INFO  main            d.u.i.k.p.i.AbstractProblemLoader Creating init config 
98320      DEBUG main            d.u.i.k.p.i.AbstractProblemLoader Init config took 2.63s 
98364      INFO  main            d.u.i.k.p.i.AbstractProblemLoader Replaying proof LinkedList[LinkedList::concat(LinkedList)].JML normal_behavior operation contract.0 
99127      DEBUG main            d.u.i.k.p.i.IntermediateProofReplayer Proof replay took 730.32ms 
99129      DEBUG main            d.u.i.k.p.r.p.TestFile    ... success: reloaded. 
99130      INFO  main            d.u.i.k.p.r.p.TestFile    Now processing file /home/runner/work/key/key/key.core/../key.ui/examples/heap/vstte10_05_Queue/LinkedList_cons.key 
99131      INFO  main            d.u.i.k.p.i.AbstractProblemLoader Loading environment from /home/runner/work/key/key/key.core/../key.ui/examples/heap/vstte10_05_Queue/LinkedList_cons.key 
99131      DEBUG main            d.u.i.k.p.i.AbstractProblemLoader Environment load took 257.7ns 
99132      INFO  main            d.u.i.k.p.i.AbstractProblemLoader Creating init config 
101784     DEBUG main            d.u.i.k.p.i.AbstractProblemLoader Init config took 2.65s 
101828     INFO  main            d.u.i.k.p.i.AbstractProblemLoader Replaying proof LinkedList[LinkedList::cons(int)].JML normal_behavior operation contract.0 
101829     DEBUG main            d.u.i.k.p.i.IntermediateProofReplayer Proof replay took 6.1ns 
104055     INFO  main            d.u.i.k.p.r.p.TestFile    ... finished proof: closed. 
104306     INFO  main            d.u.i.k.p.i.AbstractProblemLoader Loading environment from /home/runner/work/key/key/key.core/../key.ui/examples/heap/vstte10_05_Queue/LinkedList_cons.key.proof 
104307     DEBUG main            d.u.i.k.p.i.AbstractProblemLoader Environment load took 391.9ns 
104308     INFO  main            d.u.i.k.p.i.AbstractProblemLoader Creating init config 
106918     DEBUG main            d.u.i.k.p.i.AbstractProblemLoader Init config took 2.61s 
106976     INFO  main            d.u.i.k.p.i.AbstractProblemLoader Replaying proof LinkedList[LinkedList::cons(int)].JML normal_behavior operation contract.0 
107251     DEBUG main            d.u.i.k.p.i.IntermediateProofReplayer Proof replay took 259.21ms 
107253     DEBUG main            d.u.i.k.p.r.p.TestFile    ... success: reloaded. 
107254     INFO  main            d.u.i.k.p.r.p.TestFile    Now processing file /home/runner/work/key/key/key.core/../key.ui/examples/heap/vstte10_05_Queue/LinkedList_head.key 
107254     INFO  main            d.u.i.k.p.i.AbstractProblemLoader Loading environment from /home/runner/work/key/key/key.core/../key.ui/examples/heap/vstte10_05_Queue/LinkedList_head.key 
107254     DEBUG main            d.u.i.k.p.i.AbstractProblemLoader Environment load took 91.9ns 
107255     INFO  main            d.u.i.k.p.i.AbstractProblemLoader Creating init config 
109921     DEBUG main            d.u.i.k.p.i.AbstractProblemLoader Init config took 2.67s 
109962     INFO  main            d.u.i.k.p.i.AbstractProblemLoader Replaying proof LinkedList[LinkedList::head()].JML normal_behavior operation contract.0 
109964     DEBUG main            d.u.i.k.p.i.IntermediateProofReplayer Proof replay took 5.6ns 
110065     INFO  main            d.u.i.k.p.r.p.TestFile    ... finished proof: closed. 
110252     INFO  main            d.u.i.k.p.i.AbstractProblemLoader Loading environment from /home/runner/work/key/key/key.core/../key.ui/examples/heap/vstte10_05_Queue/LinkedList_head.key.proof 
110253     DEBUG main            d.u.i.k.p.i.AbstractProblemLoader Environment load took 110.6ns 
110254     INFO  main            d.u.i.k.p.i.AbstractProblemLoader Creating init config 
112893     DEBUG main            d.u.i.k.p.i.AbstractProblemLoader Init config took 2.64s 
112936     INFO  main            d.u.i.k.p.i.AbstractProblemLoader Replaying proof LinkedList[LinkedList::head()].JML normal_behavior operation contract.0 
112949     DEBUG main            d.u.i.k.p.i.IntermediateProofReplayer Proof replay took 11.87ms 
112950     DEBUG main            d.u.i.k.p.r.p.TestFile    ... success: reloaded. 
112951     INFO  main            d.u.i.k.p.r.p.TestFile    Now processing file /home/runner/work/key/key/key.core/../key.ui/examples/heap/vstte10_05_Queue/LinkedList_inv.key 
112951     INFO  main            d.u.i.k.p.i.AbstractProblemLoader Loading environment from /home/runner/work/key/key/key.core/../key.ui/examples/heap/vstte10_05_Queue/LinkedList_inv.key 
112951     DEBUG main            d.u.i.k.p.i.AbstractProblemLoader Environment load took 84.7ns 
112952     INFO  main            d.u.i.k.p.i.AbstractProblemLoader Creating init config 
115600     DEBUG main            d.u.i.k.p.i.AbstractProblemLoader Init config took 2.65s 
115643     INFO  main            d.u.i.k.p.i.AbstractProblemLoader Replaying proof LinkedList[java.lang.Object::<inv>()].JML accessible clause.0 
115645     DEBUG main            d.u.i.k.p.i.IntermediateProofReplayer Proof replay took 5.8ns 
115947     INFO  main            d.u.i.k.p.r.p.TestFile    ... finished proof: closed. 
116160     INFO  main            d.u.i.k.p.i.AbstractProblemLoader Loading environment from /home/runner/work/key/key/key.core/../key.ui/examples/heap/vstte10_05_Queue/LinkedList_inv.key.proof 
116160     DEBUG main            d.u.i.k.p.i.AbstractProblemLoader Environment load took 140.7ns 
116161     INFO  main            d.u.i.k.p.i.AbstractProblemLoader Creating init config 
118806     DEBUG main            d.u.i.k.p.i.AbstractProblemLoader Init config took 2.65s 
118850     INFO  main            d.u.i.k.p.i.AbstractProblemLoader Replaying proof LinkedList[java.lang.Object::<inv>()].JML accessible clause.0 
118879     DEBUG main            d.u.i.k.p.i.IntermediateProofReplayer Proof replay took 24.89ms 
118880     DEBUG main            d.u.i.k.p.r.p.TestFile    ... success: reloaded. 
118881     INFO  main            d.u.i.k.p.r.p.TestFile    Now processing file /home/runner/work/key/key/key.core/../key.ui/examples/heap/vstte10_05_Queue/LinkedList_length.key 
118881     INFO  main            d.u.i.k.p.i.AbstractProblemLoader Loading environment from /home/runner/work/key/key/key.core/../key.ui/examples/heap/vstte10_05_Queue/LinkedList_length.key 
118881     DEBUG main            d.u.i.k.p.i.AbstractProblemLoader Environment load took 331.1ns 
118882     INFO  main            d.u.i.k.p.i.AbstractProblemLoader Creating init config 
121524     DEBUG main            d.u.i.k.p.i.AbstractProblemLoader Init config took 2.64s 
121566     INFO  main            d.u.i.k.p.i.AbstractProblemLoader Replaying proof LinkedList[LinkedList::length()].JML normal_behavior operation contract.0 
121568     DEBUG main            d.u.i.k.p.i.IntermediateProofReplayer Proof replay took 5.4ns 
121670     INFO  main            d.u.i.k.p.r.p.TestFile    ... finished proof: closed. 
121920     INFO  main            d.u.i.k.p.i.AbstractProblemLoader Loading environment from /home/runner/work/key/key/key.core/../key.ui/examples/heap/vstte10_05_Queue/LinkedList_length.key.proof 
121920     DEBUG main            d.u.i.k.p.i.AbstractProblemLoader Environment load took 103.2ns 
121921     INFO  main            d.u.i.k.p.i.AbstractProblemLoader Creating init config 
124551     DEBUG main            d.u.i.k.p.i.AbstractProblemLoader Init config took 2.63s 
124593     INFO  main            d.u.i.k.p.i.AbstractProblemLoader Replaying proof LinkedList[LinkedList::length()].JML normal_behavior operation contract.0 
124607     DEBUG main            d.u.i.k.p.i.IntermediateProofReplayer Proof replay took 12.41ms 
124608     DEBUG main            d.u.i.k.p.r.p.TestFile    ... success: reloaded. 
124609     INFO  main            d.u.i.k.p.r.p.TestFile    Now processing file /home/runner/work/key/key/key.core/../key.ui/examples/heap/vstte10_05_Queue/LinkedList_LinkedList1.key 
124609     INFO  main            d.u.i.k.p.i.AbstractProblemLoader Loading environment from /home/runner/work/key/key/key.core/../key.ui/examples/heap/vstte10_05_Queue/LinkedList_LinkedList1.key 
124609     DEBUG main            d.u.i.k.p.i.AbstractProblemLoader Environment load took 75.2ns 
124610     INFO  main            d.u.i.k.p.i.AbstractProblemLoader Creating init config 
127225     DEBUG main            d.u.i.k.p.i.AbstractProblemLoader Init config took 2.62s 
127267     INFO  main            d.u.i.k.p.i.AbstractProblemLoader Replaying proof LinkedList[LinkedList::LinkedList(int,LinkedList)].JML normal_behavior operation contract.0 
127269     DEBUG main            d.u.i.k.p.i.IntermediateProofReplayer Proof replay took 5.5ns 
129176     INFO  main            d.u.i.k.p.r.p.TestFile    ... finished proof: closed. 
129402     INFO  main            d.u.i.k.p.i.AbstractProblemLoader Loading environment from /home/runner/work/key/key/key.core/../key.ui/examples/heap/vstte10_05_Queue/LinkedList_LinkedList1.key.proof 
129403     DEBUG main            d.u.i.k.p.i.AbstractProblemLoader Environment load took 404.5ns 
129404     INFO  main            d.u.i.k.p.i.AbstractProblemLoader Creating init config 
132008     DEBUG main            d.u.i.k.p.i.AbstractProblemLoader Init config took 2.6s 
132049     INFO  main            d.u.i.k.p.i.AbstractProblemLoader Replaying proof LinkedList[LinkedList::LinkedList(int,LinkedList)].JML normal_behavior operation contract.0 
132308     DEBUG main            d.u.i.k.p.i.IntermediateProofReplayer Proof replay took 251.17ms 
132310     DEBUG main            d.u.i.k.p.r.p.TestFile    ... success: reloaded. 
132311     INFO  main            d.u.i.k.p.r.p.TestFile    Now processing file /home/runner/work/key/key/key.core/../key.ui/examples/heap/vstte10_05_Queue/LinkedList_LinkedList2.key 
132312     INFO  main            d.u.i.k.p.i.AbstractProblemLoader Loading environment from /home/runner/work/key/key/key.core/../key.ui/examples/heap/vstte10_05_Queue/LinkedList_LinkedList2.key 
132312     DEBUG main            d.u.i.k.p.i.AbstractProblemLoader Environment load took 128.9ns 
132312     INFO  main            d.u.i.k.p.i.AbstractProblemLoader Creating init config 
134938     DEBUG main            d.u.i.k.p.i.AbstractProblemLoader Init config took 2.63s 
134980     INFO  main            d.u.i.k.p.i.AbstractProblemLoader Replaying proof LinkedList[LinkedList::LinkedList(int,LinkedList)].JML normal_behavior operation contract.0 
134982     DEBUG main            d.u.i.k.p.i.IntermediateProofReplayer Proof replay took 5.7ns 
136787     INFO  main            d.u.i.k.p.r.p.TestFile    ... finished proof: closed. 
137016     INFO  main            d.u.i.k.p.i.AbstractProblemLoader Loading environment from /home/runner/work/key/key/key.core/../key.ui/examples/heap/vstte10_05_Queue/LinkedList_LinkedList2.key.proof 
137017     DEBUG main            d.u.i.k.p.i.AbstractProblemLoader Environment load took 406.4ns 
137018     INFO  main            d.u.i.k.p.i.AbstractProblemLoader Creating init config 
139626     DEBUG main            d.u.i.k.p.i.AbstractProblemLoader Init config took 2.61s 
139676     INFO  main            d.u.i.k.p.i.AbstractProblemLoader Replaying proof LinkedList[LinkedList::LinkedList(int,LinkedList)].JML normal_behavior operation contract.0 
139908     DEBUG main            d.u.i.k.p.i.IntermediateProofReplayer Proof replay took 225.55ms 
139909     DEBUG main            d.u.i.k.p.r.p.TestFile    ... success: reloaded. 
139910     INFO  main            d.u.i.k.p.r.p.TestFile    Now processing file /home/runner/work/key/key/key.core/../key.ui/examples/heap/vstte10_05_Queue/LinkedList_LinkedList3.key 
139910     INFO  main            d.u.i.k.p.i.AbstractProblemLoader Loading environment from /home/runner/work/key/key/key.core/../key.ui/examples/heap/vstte10_05_Queue/LinkedList_LinkedList3.key 
139910     DEBUG main            d.u.i.k.p.i.AbstractProblemLoader Environment load took 59.8ns 
139911     INFO  main            d.u.i.k.p.i.AbstractProblemLoader Creating init config 
142537     DEBUG main            d.u.i.k.p.i.AbstractProblemLoader Init config took 2.63s 
142579     INFO  main            d.u.i.k.p.i.AbstractProblemLoader Replaying proof LinkedList[LinkedList::LinkedList(int,LinkedList)].JML normal_behavior operation contract.0 
142580     DEBUG main            d.u.i.k.p.i.IntermediateProofReplayer Proof replay took 5.9ns 
155728     INFO  main            d.u.i.k.p.r.p.TestFile    ... finished proof: closed. 
156026     INFO  main            d.u.i.k.p.i.AbstractProblemLoader Loading environment from /home/runner/work/key/key/key.core/../key.ui/examples/heap/vstte10_05_Queue/LinkedList_LinkedList3.key.proof 
156026     DEBUG main            d.u.i.k.p.i.AbstractProblemLoader Environment load took 123.8ns 
156031     INFO  main            d.u.i.k.p.i.AbstractProblemLoader Creating init config 
158617     DEBUG main            d.u.i.k.p.i.AbstractProblemLoader Init config took 2.59s 
158659     INFO  main            d.u.i.k.p.i.AbstractProblemLoader Replaying proof LinkedList[LinkedList::LinkedList(int,LinkedList)].JML normal_behavior operation contract.0 
159801     DEBUG main            d.u.i.k.p.i.IntermediateProofReplayer Proof replay took 1.04s 
159806     DEBUG main            d.u.i.k.p.r.p.TestFile    ... success: reloaded. 
159807     INFO  main            d.u.i.k.p.r.p.TestFile    Now processing file /home/runner/work/key/key/key.core/../key.ui/examples/heap/vstte10_05_Queue/LinkedList_reverse.key 
159807     INFO  main            d.u.i.k.p.i.AbstractProblemLoader Loading environment from /home/runner/work/key/key/key.core/../key.ui/examples/heap/vstte10_05_Queue/LinkedList_reverse.key 
159807     DEBUG main            d.u.i.k.p.i.AbstractProblemLoader Environment load took 109.8ns 
159808     INFO  main            d.u.i.k.p.i.AbstractProblemLoader Creating init config 
162567     DEBUG main            d.u.i.k.p.i.AbstractProblemLoader Init config took 2.76s 
162610     INFO  main            d.u.i.k.p.i.AbstractProblemLoader Replaying proof LinkedList[LinkedList::reverse()].JML normal_behavior operation contract.0 
162612     DEBUG main            d.u.i.k.p.i.IntermediateProofReplayer Proof replay took 5.7ns 
171671     INFO  main            d.u.i.k.p.r.p.TestFile    ... finished proof: closed. 
171954     INFO  main            d.u.i.k.p.i.AbstractProblemLoader Loading environment from /home/runner/work/key/key/key.core/../key.ui/examples/heap/vstte10_05_Queue/LinkedList_reverse.key.proof 
171958     DEBUG main            d.u.i.k.p.i.AbstractProblemLoader Environment load took 5.5ms 
171962     INFO  main            d.u.i.k.p.i.AbstractProblemLoader Creating init config 
174551     DEBUG main            d.u.i.k.p.i.AbstractProblemLoader Init config took 2.59s 
174593     INFO  main            d.u.i.k.p.i.AbstractProblemLoader Replaying proof LinkedList[LinkedList::reverse()].JML normal_behavior operation contract.0 
175310     DEBUG main            d.u.i.k.p.i.IntermediateProofReplayer Proof replay took 682.99ms 
175312     DEBUG main            d.u.i.k.p.r.p.TestFile    ... success: reloaded. 
175313     INFO  main            d.u.i.k.p.r.p.TestFile    Now processing file /home/runner/work/key/key/key.core/../key.ui/examples/heap/vstte10_05_Queue/LinkedList_tail.key 
175313     INFO  main            d.u.i.k.p.i.AbstractProblemLoader Loading environment from /home/runner/work/key/key/key.core/../key.ui/examples/heap/vstte10_05_Queue/LinkedList_tail.key 
175313     DEBUG main            d.u.i.k.p.i.AbstractProblemLoader Environment load took 82.7ns 
175314     INFO  main            d.u.i.k.p.i.AbstractProblemLoader Creating init config 
177931     DEBUG main            d.u.i.k.p.i.AbstractProblemLoader Init config took 2.62s 
177972     INFO  main            d.u.i.k.p.i.AbstractProblemLoader Replaying proof LinkedList[LinkedList::tail()].JML normal_behavior operation contract.0 
177973     DEBUG main            d.u.i.k.p.i.IntermediateProofReplayer Proof replay took 40.3ns 
178496     INFO  main            d.u.i.k.p.r.p.TestFile    ... finished proof: closed. 
178731     INFO  main            d.u.i.k.p.i.AbstractProblemLoader Loading environment from /home/runner/work/key/key/key.core/../key.ui/examples/heap/vstte10_05_Queue/LinkedList_tail.key.proof 
178731     DEBUG main            d.u.i.k.p.i.AbstractProblemLoader Environment load took 92.8ns 
178732     INFO  main            d.u.i.k.p.i.AbstractProblemLoader Creating init config 
181338     DEBUG main            d.u.i.k.p.i.AbstractProblemLoader Init config took 2.61s 
181380     INFO  main            d.u.i.k.p.i.AbstractProblemLoader Replaying proof LinkedList[LinkedList::tail()].JML normal_behavior operation contract.0 
181470     DEBUG main            d.u.i.k.p.i.IntermediateProofReplayer Proof replay took 87.19ms 
181471     DEBUG main            d.u.i.k.p.r.p.TestFile    ... success: reloaded. 
2300272    INFO  Test worker     d.u.i.k.p.r.RunAllProofsTestUnit Returning from test VSTTE10 
2300274    INFO  Test worker     d.u.i.k.p.r.RunAllProofsTestUnit Running test WeideEtAl 
364        INFO  Timeout watchdog d.u.i.k.p.r.p.ForkedTestFileRunner Timeout watcher launched (2000 secs.) 
365        WARN  main            d.u.i.k.s.ProofSettings   The settings in /home/runner/.key/proof-settings.props are *not* read. 
395        INFO  main            d.u.i.k.p.r.p.TestFile    Now processing file /home/runner/work/key/key/key.core/../key.ui/examples/heap/WeideEtAl_01_AddAndMultiply/AddAndMultiply_add.key 
500        INFO  main            d.u.i.k.p.i.AbstractProblemLoader Loading environment from /home/runner/work/key/key/key.core/../key.ui/examples/heap/WeideEtAl_01_AddAndMultiply/AddAndMultiply_add.key 
528        DEBUG main            d.u.i.k.p.i.AbstractProblemLoader Environment load took 1.84ms 
743        INFO  main            d.u.i.k.p.i.AbstractProblemLoader Creating init config 
1630       DEBUG main            d.u.i.k.j.TypeConverter   No LDT found for Meta 
1630       DEBUG main            d.u.i.k.j.TypeConverter   No LDT found for Meta 
1632       DEBUG main            d.u.i.k.j.TypeConverter   No LDT found for Meta 
1632       DEBUG main            d.u.i.k.j.TypeConverter   No LDT found for Meta 
2900       DEBUG main            d.u.i.k.j.TypeConverter   No LDT found for JavaBigintExpression 
7839       DEBUG main            d.u.i.k.p.i.AbstractProblemLoader Init config took 7.1s 
7956       INFO  main            d.u.i.k.p.i.AbstractProblemLoader Replaying proof AddAndMultiply[AddAndMultiply::add(int,int)].JML normal_behavior operation contract.0 
7986       DEBUG main            d.u.i.k.p.i.IntermediateProofReplayer Proof replay took 31.1ns 
9354       INFO  main            d.u.i.k.p.r.p.TestFile    ... finished proof: closed. 
9474       INFO  main            d.u.i.k.p.i.AbstractProblemLoader Loading environment from /home/runner/work/key/key/key.core/../key.ui/examples/heap/WeideEtAl_01_AddAndMultiply/AddAndMultiply_add.key.proof 
9474       DEBUG main            d.u.i.k.p.i.AbstractProblemLoader Environment load took 405.5ns 
9476       INFO  main            d.u.i.k.p.i.AbstractProblemLoader Creating init config 
12159      DEBUG main            d.u.i.k.p.i.AbstractProblemLoader Init config took 2.68s 
12229      INFO  main            d.u.i.k.p.i.AbstractProblemLoader Replaying proof AddAndMultiply[AddAndMultiply::add(int,int)].JML normal_behavior operation contract.0 
12532      DEBUG main            d.u.i.k.p.i.IntermediateProofReplayer Proof replay took 293.25ms 
12540      DEBUG main            d.u.i.k.p.r.p.TestFile    ... success: reloaded. 
12545      INFO  main            d.u.i.k.p.r.p.TestFile    Now processing file /home/runner/work/key/key/key.core/../key.ui/examples/heap/WeideEtAl_01_AddAndMultiply/AddAndMultiply_mul.key 
12545      INFO  main            d.u.i.k.p.i.AbstractProblemLoader Loading environment from /home/runner/work/key/key/key.core/../key.ui/examples/heap/WeideEtAl_01_AddAndMultiply/AddAndMultiply_mul.key 
12546      DEBUG main            d.u.i.k.p.i.AbstractProblemLoader Environment load took 231.6ns 
12549      INFO  main            d.u.i.k.p.i.AbstractProblemLoader Creating init config 
15307      DEBUG main            d.u.i.k.p.i.AbstractProblemLoader Init config took 2.76s 
15363      INFO  main            d.u.i.k.p.i.AbstractProblemLoader Replaying proof AddAndMultiply[AddAndMultiply::mul(int,int)].JML normal_behavior operation contract.0 
15366      DEBUG main            d.u.i.k.p.i.IntermediateProofReplayer Proof replay took 6.1ns 
15870      INFO  main            d.u.i.k.p.r.p.TestFile    ... finished proof: closed. 
16031      INFO  main            d.u.i.k.p.i.AbstractProblemLoader Loading environment from /home/runner/work/key/key/key.core/../key.ui/examples/heap/WeideEtAl_01_AddAndMultiply/AddAndMultiply_mul.key.proof 
16031      DEBUG main            d.u.i.k.p.i.AbstractProblemLoader Environment load took 122.8ns 
16032      INFO  main            d.u.i.k.p.i.AbstractProblemLoader Creating init config 
18557      DEBUG main            d.u.i.k.p.i.AbstractProblemLoader Init config took 2.53s 
18606      INFO  main            d.u.i.k.p.i.AbstractProblemLoader Replaying proof AddAndMultiply[AddAndMultiply::mul(int,int)].JML normal_behavior operation contract.0 
18710      DEBUG main            d.u.i.k.p.i.IntermediateProofReplayer Proof replay took 99.57ms 
18711      DEBUG main            d.u.i.k.p.r.p.TestFile    ... success: reloaded. 
18713      INFO  main            d.u.i.k.p.r.p.TestFile    Now processing file /home/runner/work/key/key/key.core/../key.ui/examples/heap/WeideEtAl_02_BinarySearch/BinarySearch_search.key 
18713      INFO  main            d.u.i.k.p.i.AbstractProblemLoader Loading environment from /home/runner/work/key/key/key.core/../key.ui/examples/heap/WeideEtAl_02_BinarySearch/BinarySearch_search.key 
18713      DEBUG main            d.u.i.k.p.i.AbstractProblemLoader Environment load took 221.2ns 
18714      INFO  main            d.u.i.k.p.i.AbstractProblemLoader Creating init config 
21303      DEBUG main            d.u.i.k.p.i.AbstractProblemLoader Init config took 2.59s 
21349      INFO  main            d.u.i.k.p.i.AbstractProblemLoader Replaying proof BinarySearch[BinarySearch::search([I,int)].JML normal_behavior operation contract.0 
21353      DEBUG main            d.u.i.k.p.i.IntermediateProofReplayer Proof replay took 5.7ns 
24422      INFO  main            d.u.i.k.p.r.p.TestFile    ... finished proof: closed. 
24588      INFO  main            d.u.i.k.p.i.AbstractProblemLoader Loading environment from /home/runner/work/key/key/key.core/../key.ui/examples/heap/WeideEtAl_02_BinarySearch/BinarySearch_search.key.proof 
24590      DEBUG main            d.u.i.k.p.i.AbstractProblemLoader Environment load took 2.21ms 
24593      INFO  main            d.u.i.k.p.i.AbstractProblemLoader Creating init config 
27140      DEBUG main            d.u.i.k.p.i.AbstractProblemLoader Init config took 2.55s 
27183      INFO  main            d.u.i.k.p.i.AbstractProblemLoader Replaying proof BinarySearch[BinarySearch::search([I,int)].JML normal_behavior operation contract.0 
27675      DEBUG main            d.u.i.k.p.i.IntermediateProofReplayer Proof replay took 473.87ms 
27677      DEBUG main            d.u.i.k.p.r.p.TestFile    ... success: reloaded. 
2328121    INFO  Test worker     d.u.i.k.p.r.RunAllProofsTestUnit Returning from test WeideEtAl 
2328122    INFO  Test worker     d.u.i.k.p.r.RunAllProofsTestUnit Running test arithmetic 
391        INFO  Timeout watchdog d.u.i.k.p.r.p.ForkedTestFileRunner Timeout watcher launched (2000 secs.) 
398        WARN  main            d.u.i.k.s.ProofSettings   The settings in /home/runner/.key/proof-settings.props are *not* read. 
439        INFO  main            d.u.i.k.p.r.p.TestFile    Now processing file /home/runner/work/key/key/key.core/../key.ui/examples/standard_key/arith/binomial1.key 
557        INFO  main            d.u.i.k.p.i.AbstractProblemLoader Loading environment from /home/runner/work/key/key/key.core/../key.ui/examples/standard_key/arith/binomial1.key 
577        DEBUG main            d.u.i.k.p.i.AbstractProblemLoader Environment load took 2ms 
806        INFO  main            d.u.i.k.p.i.AbstractProblemLoader Creating init config 
1740       DEBUG main            d.u.i.k.j.TypeConverter   No LDT found for Meta 
1740       DEBUG main            d.u.i.k.j.TypeConverter   No LDT found for Meta 
1742       DEBUG main            d.u.i.k.j.TypeConverter   No LDT found for Meta 
1742       DEBUG main            d.u.i.k.j.TypeConverter   No LDT found for Meta 
2930       DEBUG main            d.u.i.k.j.TypeConverter   No LDT found for JavaBigintExpression 
7028       DEBUG main            d.u.i.k.p.i.AbstractProblemLoader Init config took 6.22s 
7088       INFO  main            d.u.i.k.p.i.AbstractProblemLoader Replaying proof binomial1.key 
7117       DEBUG main            d.u.i.k.p.i.IntermediateProofReplayer Proof replay took 33.6ns 
7383       INFO  main            d.u.i.k.p.r.p.TestFile    ... finished proof: closed. 
7475       INFO  main            d.u.i.k.p.i.AbstractProblemLoader Loading environment from /home/runner/work/key/key/key.core/../key.ui/examples/standard_key/arith/binomial1.key.proof 
7476       DEBUG main            d.u.i.k.p.i.AbstractProblemLoader Environment load took 924ns 
7480       INFO  main            d.u.i.k.p.i.AbstractProblemLoader Creating init config 
10086      DEBUG main            d.u.i.k.p.i.AbstractProblemLoader Init config took 2.61s 
10131      INFO  main            d.u.i.k.p.i.AbstractProblemLoader Replaying proof binomial1.key.proof 
10149      DEBUG main            d.u.i.k.p.i.IntermediateProofReplayer Proof replay took 12.7ms 
10165      DEBUG main            d.u.i.k.p.r.p.TestFile    ... success: reloaded. 
10167      INFO  main            d.u.i.k.p.r.p.TestFile    Now processing file /home/runner/work/key/key/key.core/../key.ui/examples/standard_key/arith/binomial2.key 
10167      INFO  main            d.u.i.k.p.i.AbstractProblemLoader Loading environment from /home/runner/work/key/key/key.core/../key.ui/examples/standard_key/arith/binomial2.key 
10167      DEBUG main            d.u.i.k.p.i.AbstractProblemLoader Environment load took 240.9ns 
10170      INFO  main            d.u.i.k.p.i.AbstractProblemLoader Creating init config 
12696      DEBUG main            d.u.i.k.p.i.AbstractProblemLoader Init config took 2.53s 
12724      INFO  main            d.u.i.k.p.i.AbstractProblemLoader Replaying proof binomial2.key 
12728      DEBUG main            d.u.i.k.p.i.IntermediateProofReplayer Proof replay took 6.5ns 
12931      INFO  main            d.u.i.k.p.r.p.TestFile    ... finished proof: closed. 
13049      INFO  main            d.u.i.k.p.i.AbstractProblemLoader Loading environment from /home/runner/work/key/key/key.core/../key.ui/examples/standard_key/arith/binomial2.key.proof 
13049      DEBUG main            d.u.i.k.p.i.AbstractProblemLoader Environment load took 112.1ns 
13050      INFO  main            d.u.i.k.p.i.AbstractProblemLoader Creating init config 
15443      DEBUG main            d.u.i.k.p.i.AbstractProblemLoader Init config took 2.39s 
15466      INFO  main            d.u.i.k.p.i.AbstractProblemLoader Replaying proof binomial2.key.proof 
15479      DEBUG main            d.u.i.k.p.i.IntermediateProofReplayer Proof replay took 10.19ms 
15480      DEBUG main            d.u.i.k.p.r.p.TestFile    ... success: reloaded. 
15481      INFO  main            d.u.i.k.p.r.p.TestFile    Now processing file /home/runner/work/key/key/key.core/../key.ui/examples/standard_key/arith/check_jdiv.key 
15482      INFO  main            d.u.i.k.p.i.AbstractProblemLoader Loading environment from /home/runner/work/key/key/key.core/../key.ui/examples/standard_key/arith/check_jdiv.key 
15482      DEBUG main            d.u.i.k.p.i.AbstractProblemLoader Environment load took 226.8ns 
15483      INFO  main            d.u.i.k.p.i.AbstractProblemLoader Creating init config 
17841      DEBUG main            d.u.i.k.p.i.AbstractProblemLoader Init config took 2.36s 
17865      INFO  main            d.u.i.k.p.i.AbstractProblemLoader Replaying proof check_jdiv.key 
17872      DEBUG main            d.u.i.k.p.i.IntermediateProofReplayer Proof replay took 5.4ns 
22713      INFO  main            d.u.i.k.p.r.p.TestFile    ... finished proof: closed. 
22907      INFO  main            d.u.i.k.p.i.AbstractProblemLoader Loading environment from /home/runner/work/key/key/key.core/../key.ui/examples/standard_key/arith/check_jdiv.key.proof 
22907      DEBUG main            d.u.i.k.p.i.AbstractProblemLoader Environment load took 431.8ns 
22910      INFO  main            d.u.i.k.p.i.AbstractProblemLoader Creating init config 
25239      DEBUG main            d.u.i.k.p.i.AbstractProblemLoader Init config took 2.33s 
25259      INFO  main            d.u.i.k.p.i.AbstractProblemLoader Replaying proof check_jdiv.key.proof 
25605      DEBUG main            d.u.i.k.p.i.IntermediateProofReplayer Proof replay took 308.28ms 
25608      DEBUG main            d.u.i.k.p.r.p.TestFile    ... success: reloaded. 
25609      INFO  main            d.u.i.k.p.r.p.TestFile    Now processing file /home/runner/work/key/key/key.core/../key.ui/examples/standard_key/arith/check_jdiv_concrete.key 
25610      INFO  main            d.u.i.k.p.i.AbstractProblemLoader Loading environment from /home/runner/work/key/key/key.core/../key.ui/examples/standard_key/arith/check_jdiv_concrete.key 
25610      DEBUG main            d.u.i.k.p.i.AbstractProblemLoader Environment load took 254.4ns 
25612      INFO  main            d.u.i.k.p.i.AbstractProblemLoader Creating init config 
27922      DEBUG main            d.u.i.k.p.i.AbstractProblemLoader Init config took 2.31s 
27944      INFO  main            d.u.i.k.p.i.AbstractProblemLoader Replaying proof check_jdiv_concrete.key 
27946      DEBUG main            d.u.i.k.p.i.IntermediateProofReplayer Proof replay took 5.4ns 
28048      INFO  main            d.u.i.k.p.r.p.TestFile    ... finished proof: closed. 
28233      INFO  main            d.u.i.k.p.i.AbstractProblemLoader Loading environment from /home/runner/work/key/key/key.core/../key.ui/examples/standard_key/arith/check_jdiv_concrete.key.proof 
28233      DEBUG main            d.u.i.k.p.i.AbstractProblemLoader Environment load took 107.4ns 
28234      INFO  main            d.u.i.k.p.i.AbstractProblemLoader Creating init config 
30517      DEBUG main            d.u.i.k.p.i.AbstractProblemLoader Init config took 2.28s 
30536      INFO  main            d.u.i.k.p.i.AbstractProblemLoader Replaying proof check_jdiv_concrete.key.proof 
30540      DEBUG main            d.u.i.k.p.i.IntermediateProofReplayer Proof replay took 2.66ms 
30541      DEBUG main            d.u.i.k.p.r.p.TestFile    ... success: reloaded. 
30545      INFO  main            d.u.i.k.p.r.p.TestFile    Now processing file /home/runner/work/key/key/key.core/../key.ui/examples/standard_key/arith/check_jdiv_instantiated.key 
30545      INFO  main            d.u.i.k.p.i.AbstractProblemLoader Loading environment from /home/runner/work/key/key/key.core/../key.ui/examples/standard_key/arith/check_jdiv_instantiated.key 
30545      DEBUG main            d.u.i.k.p.i.AbstractProblemLoader Environment load took 129.7ns 
30547      INFO  main            d.u.i.k.p.i.AbstractProblemLoader Creating init config 
32870      DEBUG main            d.u.i.k.p.i.AbstractProblemLoader Init config took 2.32s 
32890      INFO  main            d.u.i.k.p.i.AbstractProblemLoader Replaying proof check_jdiv_instantiated.key 
32892      DEBUG main            d.u.i.k.p.i.IntermediateProofReplayer Proof replay took 5.3ns 
36028      INFO  main            d.u.i.k.p.r.p.TestFile    ... finished proof: closed. 
36210      INFO  main            d.u.i.k.p.i.AbstractProblemLoader Loading environment from /home/runner/work/key/key/key.core/../key.ui/examples/standard_key/arith/check_jdiv_instantiated.key.proof 
36210      DEBUG main            d.u.i.k.p.i.AbstractProblemLoader Environment load took 180.4ns 
36212      INFO  main            d.u.i.k.p.i.AbstractProblemLoader Creating init config 
38461      DEBUG main            d.u.i.k.p.i.AbstractProblemLoader Init config took 2.25s 
38481      INFO  main            d.u.i.k.p.i.AbstractProblemLoader Replaying proof check_jdiv_instantiated.key.proof 
38670      DEBUG main            d.u.i.k.p.i.IntermediateProofReplayer Proof replay took 161.26ms 
38672      DEBUG main            d.u.i.k.p.r.p.TestFile    ... success: reloaded. 
38673      INFO  main            d.u.i.k.p.r.p.TestFile    Now processing file /home/runner/work/key/key/key.core/../key.ui/examples/standard_key/arith/check_jmod.key 
38673      INFO  main            d.u.i.k.p.i.AbstractProblemLoader Loading environment from /home/runner/work/key/key/key.core/../key.ui/examples/standard_key/arith/check_jmod.key 
38674      DEBUG main            d.u.i.k.p.i.AbstractProblemLoader Environment load took 292.9ns 
38675      INFO  main            d.u.i.k.p.i.AbstractProblemLoader Creating init config 
40943      DEBUG main            d.u.i.k.p.i.AbstractProblemLoader Init config took 2.27s 
40962      INFO  main            d.u.i.k.p.i.AbstractProblemLoader Replaying proof check_jmod.key 
40964      DEBUG main            d.u.i.k.p.i.IntermediateProofReplayer Proof replay took 6.2ns 
41468      INFO  main            d.u.i.k.p.r.p.TestFile    ... finished proof: closed. 
41673      INFO  main            d.u.i.k.p.i.AbstractProblemLoader Loading environment from /home/runner/work/key/key/key.core/../key.ui/examples/standard_key/arith/check_jmod.key.proof 
41673      DEBUG main            d.u.i.k.p.i.AbstractProblemLoader Environment load took 115.4ns 
41674      INFO  main            d.u.i.k.p.i.AbstractProblemLoader Creating init config 
43924      DEBUG main            d.u.i.k.p.i.AbstractProblemLoader Init config took 2.25s 
43942      INFO  main            d.u.i.k.p.i.AbstractProblemLoader Replaying proof check_jmod.key.proof 
43988      DEBUG main            d.u.i.k.p.i.IntermediateProofReplayer Proof replay took 39.59ms 
43990      DEBUG main            d.u.i.k.p.r.p.TestFile    ... success: reloaded. 
43994      INFO  main            d.u.i.k.p.r.p.TestFile    Now processing file /home/runner/work/key/key/key.core/../key.ui/examples/standard_key/arith/complexExpressions.key 
43995      INFO  main            d.u.i.k.p.i.AbstractProblemLoader Loading environment from /home/runner/work/key/key/key.core/../key.ui/examples/standard_key/arith/complexExpressions.key 
43995      DEBUG main            d.u.i.k.p.i.AbstractProblemLoader Environment load took 205ns 
43996      INFO  main            d.u.i.k.p.i.AbstractProblemLoader Creating init config 
46284      DEBUG main            d.u.i.k.p.i.AbstractProblemLoader Init config took 2.29s 
46318      INFO  main            d.u.i.k.p.i.AbstractProblemLoader Replaying proof complexExpressions.key 
46320      DEBUG main            d.u.i.k.p.i.IntermediateProofReplayer Proof replay took 5.7ns 
46527      INFO  main            d.u.i.k.p.r.p.TestFile    ... finished proof: closed. 
46703      INFO  main            d.u.i.k.p.i.AbstractProblemLoader Loading environment from /home/runner/work/key/key/key.core/../key.ui/examples/standard_key/arith/complexExpressions.key.proof 
46703      DEBUG main            d.u.i.k.p.i.AbstractProblemLoader Environment load took 110.3ns 
46705      INFO  main            d.u.i.k.p.i.AbstractProblemLoader Creating init config 
48948      DEBUG main            d.u.i.k.p.i.AbstractProblemLoader Init config took 2.24s 
48965      INFO  main            d.u.i.k.p.i.AbstractProblemLoader Replaying proof complexExpressions.key.proof 
48975      DEBUG main            d.u.i.k.p.i.IntermediateProofReplayer Proof replay took 7.84ms 
48976      DEBUG main            d.u.i.k.p.r.p.TestFile    ... success: reloaded. 
48977      INFO  main            d.u.i.k.p.r.p.TestFile    Now processing file /home/runner/work/key/key/key.core/../key.ui/examples/standard_key/arith/compound_unaryMinus.key 
48977      INFO  main            d.u.i.k.p.i.AbstractProblemLoader Loading environment from /home/runner/work/key/key/key.core/../key.ui/examples/standard_key/arith/compound_unaryMinus.key 
48977      DEBUG main            d.u.i.k.p.i.AbstractProblemLoader Environment load took 86ns 
48978      INFO  main            d.u.i.k.p.i.AbstractProblemLoader Creating init config 
51261      DEBUG main            d.u.i.k.p.i.AbstractProblemLoader Init config took 2.28s 
51289      INFO  main            d.u.i.k.p.i.AbstractProblemLoader Replaying proof compound_unaryMinus.key 
51292      DEBUG main            d.u.i.k.p.i.IntermediateProofReplayer Proof replay took 6.2ns 
51393      INFO  main            d.u.i.k.p.r.p.TestFile    ... finished proof: closed. 
51541      INFO  main            d.u.i.k.p.i.AbstractProblemLoader Loading environment from /home/runner/work/key/key/key.core/../key.ui/examples/standard_key/arith/compound_unaryMinus.key.proof 
51541      DEBUG main            d.u.i.k.p.i.AbstractProblemLoader Environment load took 113.4ns 
51542      INFO  main            d.u.i.k.p.i.AbstractProblemLoader Creating init config 
53766      DEBUG main            d.u.i.k.p.i.AbstractProblemLoader Init config took 2.22s 
53791      INFO  main            d.u.i.k.p.i.AbstractProblemLoader Replaying proof compound_unaryMinus.key.proof 
53796      DEBUG main            d.u.i.k.p.i.IntermediateProofReplayer Proof replay took 3.41ms 
53797      DEBUG main            d.u.i.k.p.r.p.TestFile    ... success: reloaded. 
53798      INFO  main            d.u.i.k.p.r.p.TestFile    Now processing file /home/runner/work/key/key/key.core/../key.ui/examples/standard_key/arith/computation.key 
53798      INFO  main            d.u.i.k.p.i.AbstractProblemLoader Loading environment from /home/runner/work/key/key/key.core/../key.ui/examples/standard_key/arith/computation.key 
53798      DEBUG main            d.u.i.k.p.i.AbstractProblemLoader Environment load took 88.3ns 
53799      INFO  main            d.u.i.k.p.i.AbstractProblemLoader Creating init config 
56075      DEBUG main            d.u.i.k.p.i.AbstractProblemLoader Init config took 2.28s 
56091      INFO  main            d.u.i.k.p.i.AbstractProblemLoader Replaying proof computation.key 
56093      DEBUG main            d.u.i.k.p.i.IntermediateProofReplayer Proof replay took 6ns 
57529      INFO  main            d.u.i.k.p.r.p.TestFile    ... finished proof: closed. 
57759      INFO  main            d.u.i.k.p.i.AbstractProblemLoader Loading environment from /home/runner/work/key/key/key.core/../key.ui/examples/standard_key/arith/computation.key.proof 
57759      DEBUG main            d.u.i.k.p.i.AbstractProblemLoader Environment load took 439.6ns 
57761      INFO  main            d.u.i.k.p.i.AbstractProblemLoader Creating init config 
59969      DEBUG main            d.u.i.k.p.i.AbstractProblemLoader Init config took 2.21s 
59985      INFO  main            d.u.i.k.p.i.AbstractProblemLoader Replaying proof computation.key.proof 
60117      DEBUG main            d.u.i.k.p.i.IntermediateProofReplayer Proof replay took 126.33ms 
60118      DEBUG main            d.u.i.k.p.r.p.TestFile    ... success: reloaded. 
60119      INFO  main            d.u.i.k.p.r.p.TestFile    Now processing file /home/runner/work/key/key/key.core/../key.ui/examples/standard_key/arith/cubicSum.key 
60119      INFO  main            d.u.i.k.p.i.AbstractProblemLoader Loading environment from /home/runner/work/key/key/key.core/../key.ui/examples/standard_key/arith/cubicSum.key 
60119      DEBUG main            d.u.i.k.p.i.AbstractProblemLoader Environment load took 207.8ns 
60121      INFO  main            d.u.i.k.p.i.AbstractProblemLoader Creating init config 
62600      DEBUG main            d.u.i.k.p.i.AbstractProblemLoader Init config took 2.48s 
62650      INFO  main            d.u.i.k.p.i.AbstractProblemLoader Replaying proof cubicSum.key 
62651      DEBUG main            d.u.i.k.p.i.IntermediateProofReplayer Proof replay took 18.1ns 
63558      INFO  main            d.u.i.k.p.r.p.TestFile    ... finished proof: closed. 
63809      INFO  main            d.u.i.k.p.i.AbstractProblemLoader Loading environment from /home/runner/work/key/key/key.core/../key.ui/examples/standard_key/arith/cubicSum.key.proof 
63810      DEBUG main            d.u.i.k.p.i.AbstractProblemLoader Environment load took 132.4ns 
63811      INFO  main            d.u.i.k.p.i.AbstractProblemLoader Creating init config 
66199      DEBUG main            d.u.i.k.p.i.AbstractProblemLoader Init config took 2.39s 
66218      INFO  main            d.u.i.k.p.i.AbstractProblemLoader Replaying proof cubicSum.key.proof 
66384      DEBUG main            d.u.i.k.p.i.IntermediateProofReplayer Proof replay took 162.45ms 
66385      DEBUG main            d.u.i.k.p.r.p.TestFile    ... success: reloaded. 
66386      INFO  main            d.u.i.k.p.r.p.TestFile    Now processing file /home/runner/work/key/key/key.core/../key.ui/examples/standard_key/arith/divByZero.key 
66387      INFO  main            d.u.i.k.p.i.AbstractProblemLoader Loading environment from /home/runner/work/key/key/key.core/../key.ui/examples/standard_key/arith/divByZero.key 
66387      DEBUG main            d.u.i.k.p.i.AbstractProblemLoader Environment load took 223.1ns 
66388      INFO  main            d.u.i.k.p.i.AbstractProblemLoader Creating init config 
68761      DEBUG main            d.u.i.k.p.i.AbstractProblemLoader Init config took 2.37s 
68779      INFO  main            d.u.i.k.p.i.AbstractProblemLoader Replaying proof divByZero.key 
68781      DEBUG main            d.u.i.k.p.i.IntermediateProofReplayer Proof replay took 5.6ns 
68983      INFO  main            d.u.i.k.p.r.p.TestFile    ... finished proof: closed. 
69198      INFO  main            d.u.i.k.p.i.AbstractProblemLoader Loading environment from /home/runner/work/key/key/key.core/../key.ui/examples/standard_key/arith/divByZero.key.proof 
69198      DEBUG main            d.u.i.k.p.i.AbstractProblemLoader Environment load took 107.5ns 
69200      INFO  main            d.u.i.k.p.i.AbstractProblemLoader Creating init config 
71527      DEBUG main            d.u.i.k.p.i.AbstractProblemLoader Init config took 2.33s 
71542      INFO  main            d.u.i.k.p.i.AbstractProblemLoader Replaying proof divByZero.key.proof 
71574      DEBUG main            d.u.i.k.p.i.IntermediateProofReplayer Proof replay took 30.49ms 
71575      DEBUG main            d.u.i.k.p.r.p.TestFile    ... success: reloaded. 
71576      INFO  main            d.u.i.k.p.r.p.TestFile    Now processing file /home/runner/work/key/key/key.core/../key.ui/examples/standard_key/arith/divisionAssoc.key 
71576      INFO  main            d.u.i.k.p.i.AbstractProblemLoader Loading environment from /home/runner/work/key/key/key.core/../key.ui/examples/standard_key/arith/divisionAssoc.key 
71576      DEBUG main            d.u.i.k.p.i.AbstractProblemLoader Environment load took 85.6ns 
71577      INFO  main            d.u.i.k.p.i.AbstractProblemLoader Creating init config 
73932      DEBUG main            d.u.i.k.p.i.AbstractProblemLoader Init config took 2.36s 
73946      INFO  main            d.u.i.k.p.i.AbstractProblemLoader Replaying proof divisionAssoc.key 
73949      DEBUG main            d.u.i.k.p.i.IntermediateProofReplayer Proof replay took 5.5ns 
74672      INFO  main            d.u.i.k.p.r.p.TestFile    ... finished proof: closed. 
74876      INFO  main            d.u.i.k.p.i.AbstractProblemLoader Loading environment from /home/runner/work/key/key/key.core/../key.ui/examples/standard_key/arith/divisionAssoc.key.proof 
74876      DEBUG main            d.u.i.k.p.i.AbstractProblemLoader Environment load took 368.2ns 
74877      INFO  main            d.u.i.k.p.i.AbstractProblemLoader Creating init config 
77179      DEBUG main            d.u.i.k.p.i.AbstractProblemLoader Init config took 2.3s 
77193      INFO  main            d.u.i.k.p.i.AbstractProblemLoader Replaying proof divisionAssoc.key.proof 
77248      DEBUG main            d.u.i.k.p.i.IntermediateProofReplayer Proof replay took 41.79ms 
77249      DEBUG main            d.u.i.k.p.r.p.TestFile    ... success: reloaded. 
77249      INFO  main            d.u.i.k.p.r.p.TestFile    Now processing file /home/runner/work/key/key/key.core/../key.ui/examples/standard_key/arith/divisionBy2.key 
77250      INFO  main            d.u.i.k.p.i.AbstractProblemLoader Loading environment from /home/runner/work/key/key/key.core/../key.ui/examples/standard_key/arith/divisionBy2.key 
77250      DEBUG main            d.u.i.k.p.i.AbstractProblemLoader Environment load took 109.3ns 
77251      INFO  main            d.u.i.k.p.i.AbstractProblemLoader Creating init config 
79585      DEBUG main            d.u.i.k.p.i.AbstractProblemLoader Init config took 2.33s 
79597      INFO  main            d.u.i.k.p.i.AbstractProblemLoader Replaying proof divisionBy2.key 
79598      DEBUG main            d.u.i.k.p.i.IntermediateProofReplayer Proof replay took 5.3ns 
79700      INFO  main            d.u.i.k.p.r.p.TestFile    ... finished proof: closed. 
79907      INFO  main            d.u.i.k.p.i.AbstractProblemLoader Loading environment from /home/runner/work/key/key/key.core/../key.ui/examples/standard_key/arith/divisionBy2.key.proof 
79907      DEBUG main            d.u.i.k.p.i.AbstractProblemLoader Environment load took 102.6ns 
79908      INFO  main            d.u.i.k.p.i.AbstractProblemLoader Creating init config 
82190      DEBUG main            d.u.i.k.p.i.AbstractProblemLoader Init config took 2.28s 
82202      INFO  main            d.u.i.k.p.i.AbstractProblemLoader Replaying proof divisionBy2.key.proof 
82224      DEBUG main            d.u.i.k.p.i.IntermediateProofReplayer Proof replay took 19.92ms 
82226      DEBUG main            d.u.i.k.p.r.p.TestFile    ... success: reloaded. 
82226      INFO  main            d.u.i.k.p.r.p.TestFile    Now processing file /home/runner/work/key/key/key.core/../key.ui/examples/standard_key/arith/euclidean/gcdHelp-post.key 
82227      INFO  main            d.u.i.k.p.i.AbstractProblemLoader Loading environment from /home/runner/work/key/key/key.core/../key.ui/examples/standard_key/arith/euclidean/gcdHelp-post.key 
82227      DEBUG main            d.u.i.k.p.i.AbstractProblemLoader Environment load took 106.6ns 
82229      INFO  main            d.u.i.k.p.i.AbstractProblemLoader Creating init config 
84690      DEBUG main            d.u.i.k.p.i.AbstractProblemLoader Init config took 2.46s 
84705      INFO  main            d.u.i.k.p.i.AbstractProblemLoader Replaying proof gcdHelp-post.key 
84707      DEBUG main            d.u.i.k.p.i.IntermediateProofReplayer Proof replay took 5.6ns 
87830      INFO  main            d.u.i.k.p.r.p.TestFile    ... finished proof: closed. 
88041      INFO  main            d.u.i.k.p.i.AbstractProblemLoader Loading environment from /home/runner/work/key/key/key.core/../key.ui/examples/standard_key/arith/euclidean/gcdHelp-post.key.proof 
88041      DEBUG main            d.u.i.k.p.i.AbstractProblemLoader Environment load took 394.8ns 
88043      INFO  main            d.u.i.k.p.i.AbstractProblemLoader Creating init config 
90401      DEBUG main            d.u.i.k.p.i.AbstractProblemLoader Init config took 2.36s 
90416      INFO  main            d.u.i.k.p.i.AbstractProblemLoader Replaying proof gcdHelp-post.key.proof 
90612      DEBUG main            d.u.i.k.p.i.IntermediateProofReplayer Proof replay took 185ms 
90613      DEBUG main            d.u.i.k.p.r.p.TestFile    ... success: reloaded. 
90615      INFO  main            d.u.i.k.p.r.p.TestFile    Now processing file /home/runner/work/key/key/key.core/../key.ui/examples/standard_key/arith/gemplusDecimal/add.key 
90615      INFO  main            d.u.i.k.p.i.AbstractProblemLoader Loading environment from /home/runner/work/key/key/key.core/../key.ui/examples/standard_key/arith/gemplusDecimal/add.key 
90615      DEBUG main            d.u.i.k.p.i.AbstractProblemLoader Environment load took 196.2ns 
90617      INFO  main            d.u.i.k.p.i.AbstractProblemLoader Creating init config 
93038      DEBUG main            d.u.i.k.p.i.AbstractProblemLoader Init config took 2.42s 
93055      INFO  main            d.u.i.k.p.i.AbstractProblemLoader Replaying proof add.key 
93056      DEBUG main            d.u.i.k.p.i.IntermediateProofReplayer Proof replay took 5.7ns 
135127     INFO  main            d.u.i.k.p.r.p.TestFile    ... finished proof: closed. 
135456     INFO  main            d.u.i.k.p.i.AbstractProblemLoader Loading environment from /home/runner/work/key/key/key.core/../key.ui/examples/standard_key/arith/gemplusDecimal/add.key.proof 
135456     DEBUG main            d.u.i.k.p.i.AbstractProblemLoader Environment load took 175.3ns 
135465     INFO  main            d.u.i.k.p.i.AbstractProblemLoader Creating init config 
137785     DEBUG main            d.u.i.k.p.i.AbstractProblemLoader Init config took 2.32s 
137800     INFO  main            d.u.i.k.p.i.AbstractProblemLoader Replaying proof add.key.proof 
141491     DEBUG main            d.u.i.k.p.i.IntermediateProofReplayer Proof replay took 3.53s 
141498     DEBUG main            d.u.i.k.p.r.p.TestFile    ... success: reloaded. 
141499     INFO  main            d.u.i.k.p.r.p.TestFile    Now processing file /home/runner/work/key/key/key.core/../key.ui/examples/standard_key/arith/jdivevenodd.key 
141499     INFO  main            d.u.i.k.p.i.AbstractProblemLoader Loading environment from /home/runner/work/key/key/key.core/../key.ui/examples/standard_key/arith/jdivevenodd.key 
141499     DEBUG main            d.u.i.k.p.i.AbstractProblemLoader Environment load took 75.3ns 
141501     INFO  main            d.u.i.k.p.i.AbstractProblemLoader Creating init config 
143850     DEBUG main            d.u.i.k.p.i.AbstractProblemLoader Init config took 2.35s 
143862     INFO  main            d.u.i.k.p.i.AbstractProblemLoader Replaying proof jdivevenodd.key 
143864     DEBUG main            d.u.i.k.p.i.IntermediateProofReplayer Proof replay took 5.2ns 
144066     INFO  main            d.u.i.k.p.r.p.TestFile    ... finished proof: closed. 
144389     INFO  main            d.u.i.k.p.i.AbstractProblemLoader Loading environment from /home/runner/work/key/key/key.core/../key.ui/examples/standard_key/arith/jdivevenodd.key.proof 
144390     DEBUG main            d.u.i.k.p.i.AbstractProblemLoader Environment load took 413.2ns 
144391     INFO  main            d.u.i.k.p.i.AbstractProblemLoader Creating init config 
146638     DEBUG main            d.u.i.k.p.i.AbstractProblemLoader Init config took 2.25s 
146651     INFO  main            d.u.i.k.p.i.AbstractProblemLoader Replaying proof jdivevenodd.key.proof 
146666     DEBUG main            d.u.i.k.p.i.IntermediateProofReplayer Proof replay took 12.89ms 
146668     DEBUG main            d.u.i.k.p.r.p.TestFile    ... success: reloaded. 
146669     INFO  main            d.u.i.k.p.r.p.TestFile    Now processing file /home/runner/work/key/key/key.core/../key.ui/examples/standard_key/arith/median.key 
146669     INFO  main            d.u.i.k.p.i.AbstractProblemLoader Loading environment from /home/runner/work/key/key/key.core/../key.ui/examples/standard_key/arith/median.key 
146669     DEBUG main            d.u.i.k.p.i.AbstractProblemLoader Environment load took 185.1ns 
146671     INFO  main            d.u.i.k.p.i.AbstractProblemLoader Creating init config 
148971     DEBUG main            d.u.i.k.p.i.AbstractProblemLoader Init config took 2.3s 
148986     INFO  main            d.u.i.k.p.i.AbstractProblemLoader Replaying proof median.key 
148988     DEBUG main            d.u.i.k.p.i.IntermediateProofReplayer Proof replay took 5.8ns 
163751     INFO  main            d.u.i.k.p.r.p.TestFile    ... finished proof: closed. 
164044     INFO  main            d.u.i.k.p.i.AbstractProblemLoader Loading environment from /home/runner/work/key/key/key.core/../key.ui/examples/standard_key/arith/median.key.proof 
164048     DEBUG main            d.u.i.k.p.i.AbstractProblemLoader Environment load took 5.63ms 
164053     INFO  main            d.u.i.k.p.i.AbstractProblemLoader Creating init config 
166294     DEBUG main            d.u.i.k.p.i.AbstractProblemLoader Init config took 2.24s 
166308     INFO  main            d.u.i.k.p.i.AbstractProblemLoader Replaying proof median.key.proof 
167455     DEBUG main            d.u.i.k.p.i.IntermediateProofReplayer Proof replay took 1.08s 
167458     DEBUG main            d.u.i.k.p.r.p.TestFile    ... success: reloaded. 
167458     INFO  main            d.u.i.k.p.r.p.TestFile    Now processing file /home/runner/work/key/key/key.core/../key.ui/examples/standard_key/arith/mod1.key 
167459     INFO  main            d.u.i.k.p.i.AbstractProblemLoader Loading environment from /home/runner/work/key/key/key.core/../key.ui/examples/standard_key/arith/mod1.key 
167459     DEBUG main            d.u.i.k.p.i.AbstractProblemLoader Environment load took 52.2ns 
167459     INFO  main            d.u.i.k.p.i.AbstractProblemLoader Creating init config 
169774     DEBUG main            d.u.i.k.p.i.AbstractProblemLoader Init config took 2.31s 
169787     INFO  main            d.u.i.k.p.i.AbstractProblemLoader Replaying proof mod1.key 
169790     DEBUG main            d.u.i.k.p.i.IntermediateProofReplayer Proof replay took 4.7ns 
169891     INFO  main            d.u.i.k.p.r.p.TestFile    ... finished proof: closed. 
170164     INFO  main            d.u.i.k.p.i.AbstractProblemLoader Loading environment from /home/runner/work/key/key/key.core/../key.ui/examples/standard_key/arith/mod1.key.proof 
170164     DEBUG main            d.u.i.k.p.i.AbstractProblemLoader Environment load took 90.4ns 
170165     INFO  main            d.u.i.k.p.i.AbstractProblemLoader Creating init config 
172433     DEBUG main            d.u.i.k.p.i.AbstractProblemLoader Init config took 2.27s 
172449     INFO  main            d.u.i.k.p.i.AbstractProblemLoader Replaying proof mod1.key.proof 
172453     DEBUG main            d.u.i.k.p.i.IntermediateProofReplayer Proof replay took 2.1ms 
172454     DEBUG main            d.u.i.k.p.r.p.TestFile    ... success: reloaded. 
172455     INFO  main            d.u.i.k.p.r.p.TestFile    Now processing file /home/runner/work/key/key/key.core/../key.ui/examples/standard_key/arith/mod2.key 
172455     INFO  main            d.u.i.k.p.i.AbstractProblemLoader Loading environment from /home/runner/work/key/key/key.core/../key.ui/examples/standard_key/arith/mod2.key 
172455     DEBUG main            d.u.i.k.p.i.AbstractProblemLoader Environment load took 77.2ns 
172456     INFO  main            d.u.i.k.p.i.AbstractProblemLoader Creating init config 
174720     DEBUG main            d.u.i.k.p.i.AbstractProblemLoader Init config took 2.26s 
174733     INFO  main            d.u.i.k.p.i.AbstractProblemLoader Replaying proof mod2.key 
174735     DEBUG main            d.u.i.k.p.i.IntermediateProofReplayer Proof replay took 5.1ns 
174838     INFO  main            d.u.i.k.p.r.p.TestFile    ... finished proof: closed. 
175052     INFO  main            d.u.i.k.p.i.AbstractProblemLoader Loading environment from /home/runner/work/key/key/key.core/../key.ui/examples/standard_key/arith/mod2.key.proof 
175053     DEBUG main            d.u.i.k.p.i.AbstractProblemLoader Environment load took 89ns 
175053     INFO  main            d.u.i.k.p.i.AbstractProblemLoader Creating init config 
177306     DEBUG main            d.u.i.k.p.i.AbstractProblemLoader Init config took 2.25s 
177319     INFO  main            d.u.i.k.p.i.AbstractProblemLoader Replaying proof mod2.key.proof 
177321     DEBUG main            d.u.i.k.p.i.IntermediateProofReplayer Proof replay took 1.38ms 
177322     DEBUG main            d.u.i.k.p.r.p.TestFile    ... success: reloaded. 
177323     INFO  main            d.u.i.k.p.r.p.TestFile    Now processing file /home/runner/work/key/key/key.core/../key.ui/examples/standard_key/arith/mod7.key 
177323     INFO  main            d.u.i.k.p.i.AbstractProblemLoader Loading environment from /home/runner/work/key/key/key.core/../key.ui/examples/standard_key/arith/mod7.key 
177323     DEBUG main            d.u.i.k.p.i.AbstractProblemLoader Environment load took 62.3ns 
177324     INFO  main            d.u.i.k.p.i.AbstractProblemLoader Creating init config 
179618     DEBUG main            d.u.i.k.p.i.AbstractProblemLoader Init config took 2.29s 
179630     INFO  main            d.u.i.k.p.i.AbstractProblemLoader Replaying proof mod7.key 
179632     DEBUG main            d.u.i.k.p.i.IntermediateProofReplayer Proof replay took 5.3ns 
179733     INFO  main            d.u.i.k.p.r.p.TestFile    ... finished proof: closed. 
179947     INFO  main            d.u.i.k.p.i.AbstractProblemLoader Loading environment from /home/runner/work/key/key/key.core/../key.ui/examples/standard_key/arith/mod7.key.proof 
179947     DEBUG main            d.u.i.k.p.i.AbstractProblemLoader Environment load took 89.9ns 
179948     INFO  main            d.u.i.k.p.i.AbstractProblemLoader Creating init config 
182197     DEBUG main            d.u.i.k.p.i.AbstractProblemLoader Init config took 2.25s 
182209     INFO  main            d.u.i.k.p.i.AbstractProblemLoader Replaying proof mod7.key.proof 
182215     DEBUG main            d.u.i.k.p.i.IntermediateProofReplayer Proof replay took 4.85ms 
182216     DEBUG main            d.u.i.k.p.r.p.TestFile    ... success: reloaded. 
182216     INFO  main            d.u.i.k.p.r.p.TestFile    Now processing file /home/runner/work/key/key/key.core/../key.ui/examples/standard_key/arith/overflow_hija.key 
182216     INFO  main            d.u.i.k.p.i.AbstractProblemLoader Loading environment from /home/runner/work/key/key/key.core/../key.ui/examples/standard_key/arith/overflow_hija.key 
182216     DEBUG main            d.u.i.k.p.i.AbstractProblemLoader Environment load took 47.1ns 
182218     INFO  main            d.u.i.k.p.i.AbstractProblemLoader Creating init config 
184514     DEBUG main            d.u.i.k.p.i.AbstractProblemLoader Init config took 2.3s 
184538     INFO  main            d.u.i.k.p.i.AbstractProblemLoader Replaying proof overflow_hija.key 
184540     DEBUG main            d.u.i.k.p.i.IntermediateProofReplayer Proof replay took 5.8ns 
188988     INFO  main            d.u.i.k.p.r.p.TestFile    ... finished proof: closed. 
189258     INFO  main            d.u.i.k.p.i.AbstractProblemLoader Loading environment from /home/runner/work/key/key/key.core/../key.ui/examples/standard_key/arith/overflow_hija.key.proof 
189258     DEBUG main            d.u.i.k.p.i.AbstractProblemLoader Environment load took 365ns 
189261     INFO  main            d.u.i.k.p.i.AbstractProblemLoader Creating init config 
191514     DEBUG main            d.u.i.k.p.i.AbstractProblemLoader Init config took 2.25s 
191531     INFO  main            d.u.i.k.p.i.AbstractProblemLoader Replaying proof overflow_hija.key.proof 
191918     DEBUG main            d.u.i.k.p.i.IntermediateProofReplayer Proof replay took 377.48ms 
191920     DEBUG main            d.u.i.k.p.r.p.TestFile    ... success: reloaded. 
191923     INFO  main            d.u.i.k.p.r.p.TestFile    Now processing file /home/runner/work/key/key/key.core/../key.ui/examples/standard_key/arith/poly_division0.key 
191923     INFO  main            d.u.i.k.p.i.AbstractProblemLoader Loading environment from /home/runner/work/key/key/key.core/../key.ui/examples/standard_key/arith/poly_division0.key 
191923     DEBUG main            d.u.i.k.p.i.AbstractProblemLoader Environment load took 60.5ns 
191924     INFO  main            d.u.i.k.p.i.AbstractProblemLoader Creating init config 
194215     DEBUG main            d.u.i.k.p.i.AbstractProblemLoader Init config took 2.29s 
194227     INFO  main            d.u.i.k.p.i.AbstractProblemLoader Replaying proof poly_division0.key 
194228     DEBUG main            d.u.i.k.p.i.IntermediateProofReplayer Proof replay took 5.6ns 
194334     INFO  main            d.u.i.k.p.r.p.TestFile    ... finished proof: closed. 
194623     INFO  main            d.u.i.k.p.i.AbstractProblemLoader Loading environment from /home/runner/work/key/key/key.core/../key.ui/examples/standard_key/arith/poly_division0.key.proof 
194623     DEBUG main            d.u.i.k.p.i.AbstractProblemLoader Environment load took 92ns 
194624     INFO  main            d.u.i.k.p.i.AbstractProblemLoader Creating init config 
196905     DEBUG main            d.u.i.k.p.i.AbstractProblemLoader Init config took 2.28s 
196918     INFO  main            d.u.i.k.p.i.AbstractProblemLoader Replaying proof poly_division0.key.proof 
196928     DEBUG main            d.u.i.k.p.i.IntermediateProofReplayer Proof replay took 7.67ms 
196928     DEBUG main            d.u.i.k.p.r.p.TestFile    ... success: reloaded. 
196929     INFO  main            d.u.i.k.p.r.p.TestFile    Now processing file /home/runner/work/key/key/key.core/../key.ui/examples/standard_key/arith/poly_division1.key 
196929     INFO  main            d.u.i.k.p.i.AbstractProblemLoader Loading environment from /home/runner/work/key/key/key.core/../key.ui/examples/standard_key/arith/poly_division1.key 
196929     DEBUG main            d.u.i.k.p.i.AbstractProblemLoader Environment load took 76.8ns 
196930     INFO  main            d.u.i.k.p.i.AbstractProblemLoader Creating init config 
199236     DEBUG main            d.u.i.k.p.i.AbstractProblemLoader Init config took 2.31s 
199248     INFO  main            d.u.i.k.p.i.AbstractProblemLoader Replaying proof poly_division1.key 
199249     DEBUG main            d.u.i.k.p.i.IntermediateProofReplayer Proof replay took 5.3ns 
199351     INFO  main            d.u.i.k.p.r.p.TestFile    ... finished proof: closed. 
199585     INFO  main            d.u.i.k.p.i.AbstractProblemLoader Loading environment from /home/runner/work/key/key/key.core/../key.ui/examples/standard_key/arith/poly_division1.key.proof 
199585     DEBUG main            d.u.i.k.p.i.AbstractProblemLoader Environment load took 89.9ns 
199587     INFO  main            d.u.i.k.p.i.AbstractProblemLoader Creating init config 
201813     DEBUG main            d.u.i.k.p.i.AbstractProblemLoader Init config took 2.23s 
201827     INFO  main            d.u.i.k.p.i.AbstractProblemLoader Replaying proof poly_division1.key.proof 
201834     DEBUG main            d.u.i.k.p.i.IntermediateProofReplayer Proof replay took 5.61ms 
201835     DEBUG main            d.u.i.k.p.r.p.TestFile    ... success: reloaded. 
201836     INFO  main            d.u.i.k.p.r.p.TestFile    Now processing file /home/runner/work/key/key/key.core/../key.ui/examples/standard_key/inEqSimp/division.key 
201836     INFO  main            d.u.i.k.p.i.AbstractProblemLoader Loading environment from /home/runner/work/key/key/key.core/../key.ui/examples/standard_key/inEqSimp/division.key 
201836     DEBUG main            d.u.i.k.p.i.AbstractProblemLoader Environment load took 191.6ns 
201838     INFO  main            d.u.i.k.p.i.AbstractProblemLoader Creating init config 
204129     DEBUG main            d.u.i.k.p.i.AbstractProblemLoader Init config took 2.29s 
204142     INFO  main            d.u.i.k.p.i.AbstractProblemLoader Replaying proof division.key 
204143     DEBUG main            d.u.i.k.p.i.IntermediateProofReplayer Proof replay took 5.1ns 
206050     INFO  main            d.u.i.k.p.r.p.TestFile    ... finished proof: closed. 
206308     INFO  main            d.u.i.k.p.i.AbstractProblemLoader Loading environment from /home/runner/work/key/key/key.core/../key.ui/examples/standard_key/inEqSimp/division.key.proof 
206308     DEBUG main            d.u.i.k.p.i.AbstractProblemLoader Environment load took 95.6ns 
206310     INFO  main            d.u.i.k.p.i.AbstractProblemLoader Creating init config 
208557     DEBUG main            d.u.i.k.p.i.AbstractProblemLoader Init config took 2.25s 
208569     INFO  main            d.u.i.k.p.i.AbstractProblemLoader Replaying proof division.key.proof 
208639     DEBUG main            d.u.i.k.p.i.IntermediateProofReplayer Proof replay took 62.02ms 
208640     DEBUG main            d.u.i.k.p.r.p.TestFile    ... success: reloaded. 
208641     INFO  main            d.u.i.k.p.r.p.TestFile    Now processing file /home/runner/work/key/key/key.core/../key.ui/examples/standard_key/inEqSimp/inequations0.key 
208641     INFO  main            d.u.i.k.p.i.AbstractProblemLoader Loading environment from /home/runner/work/key/key/key.core/../key.ui/examples/standard_key/inEqSimp/inequations0.key 
208642     DEBUG main            d.u.i.k.p.i.AbstractProblemLoader Environment load took 177.1ns 
208643     INFO  main            d.u.i.k.p.i.AbstractProblemLoader Creating init config 
210950     DEBUG main            d.u.i.k.p.i.AbstractProblemLoader Init config took 2.31s 
210962     INFO  main            d.u.i.k.p.i.AbstractProblemLoader Replaying proof inequations0.key 
210963     DEBUG main            d.u.i.k.p.i.IntermediateProofReplayer Proof replay took 39.3ns 
211065     INFO  main            d.u.i.k.p.r.p.TestFile    ... finished proof: closed. 
211328     INFO  main            d.u.i.k.p.i.AbstractProblemLoader Loading environment from /home/runner/work/key/key/key.core/../key.ui/examples/standard_key/inEqSimp/inequations0.key.proof 
211329     DEBUG main            d.u.i.k.p.i.AbstractProblemLoader Environment load took 92.2ns 
211329     INFO  main            d.u.i.k.p.i.AbstractProblemLoader Creating init config 
213553     DEBUG main            d.u.i.k.p.i.AbstractProblemLoader Init config took 2.22s 
213577     INFO  main            d.u.i.k.p.i.AbstractProblemLoader Replaying proof inequations0.key.proof 
213580     DEBUG main            d.u.i.k.p.i.IntermediateProofReplayer Proof replay took 1.91ms 
213582     DEBUG main            d.u.i.k.p.r.p.TestFile    ... success: reloaded. 
213582     INFO  main            d.u.i.k.p.r.p.TestFile    Now processing file /home/runner/work/key/key/key.core/../key.ui/examples/standard_key/inEqSimp/inequations1.key 
213583     INFO  main            d.u.i.k.p.i.AbstractProblemLoader Loading environment from /home/runner/work/key/key/key.core/../key.ui/examples/standard_key/inEqSimp/inequations1.key 
213583     DEBUG main            d.u.i.k.p.i.AbstractProblemLoader Environment load took 190ns 
213584     INFO  main            d.u.i.k.p.i.AbstractProblemLoader Creating init config 
215857     DEBUG main            d.u.i.k.p.i.AbstractProblemLoader Init config took 2.27s 
215869     INFO  main            d.u.i.k.p.i.AbstractProblemLoader Replaying proof inequations1.key 
215870     DEBUG main            d.u.i.k.p.i.IntermediateProofReplayer Proof replay took 2.8ns 
215971     INFO  main            d.u.i.k.p.r.p.TestFile    ... finished proof: closed. 
216236     INFO  main            d.u.i.k.p.i.AbstractProblemLoader Loading environment from /home/runner/work/key/key/key.core/../key.ui/examples/standard_key/inEqSimp/inequations1.key.proof 
216236     DEBUG main            d.u.i.k.p.i.AbstractProblemLoader Environment load took 77ns 
216237     INFO  main            d.u.i.k.p.i.AbstractProblemLoader Creating init config 
218475     DEBUG main            d.u.i.k.p.i.AbstractProblemLoader Init config took 2.24s 
218487     INFO  main            d.u.i.k.p.i.AbstractProblemLoader Replaying proof inequations1.key.proof 
218490     DEBUG main            d.u.i.k.p.i.IntermediateProofReplayer Proof replay took 1.18ms 
218490     DEBUG main            d.u.i.k.p.r.p.TestFile    ... success: reloaded. 
218491     INFO  main            d.u.i.k.p.r.p.TestFile    Now processing file /home/runner/work/key/key/key.core/../key.ui/examples/standard_key/inEqSimp/inequations2.key 
218491     INFO  main            d.u.i.k.p.i.AbstractProblemLoader Loading environment from /home/runner/work/key/key/key.core/../key.ui/examples/standard_key/inEqSimp/inequations2.key 
218491     DEBUG main            d.u.i.k.p.i.AbstractProblemLoader Environment load took 58.5ns 
218492     INFO  main            d.u.i.k.p.i.AbstractProblemLoader Creating init config 
220787     DEBUG main            d.u.i.k.p.i.AbstractProblemLoader Init config took 2.3s 
220799     INFO  main            d.u.i.k.p.i.AbstractProblemLoader Replaying proof inequations2.key 
220800     DEBUG main            d.u.i.k.p.i.IntermediateProofReplayer Proof replay took 2ns 
220906     INFO  main            d.u.i.k.p.r.p.TestFile    ... finished proof: closed. 
221159     INFO  main            d.u.i.k.p.i.AbstractProblemLoader Loading environment from /home/runner/work/key/key/key.core/../key.ui/examples/standard_key/inEqSimp/inequations2.key.proof 
221159     DEBUG main            d.u.i.k.p.i.AbstractProblemLoader Environment load took 79.9ns 
221160     INFO  main            d.u.i.k.p.i.AbstractProblemLoader Creating init config 
223386     DEBUG main            d.u.i.k.p.i.AbstractProblemLoader Init config took 2.23s 
223398     INFO  main            d.u.i.k.p.i.AbstractProblemLoader Replaying proof inequations2.key.proof 
223400     DEBUG main            d.u.i.k.p.i.IntermediateProofReplayer Proof replay took 1.31ms 
223401     DEBUG main            d.u.i.k.p.r.p.TestFile    ... success: reloaded. 
223401     INFO  main            d.u.i.k.p.r.p.TestFile    Now processing file /home/runner/work/key/key/key.core/../key.ui/examples/standard_key/inEqSimp/linApprox.key 
223402     INFO  main            d.u.i.k.p.i.AbstractProblemLoader Loading environment from /home/runner/work/key/key/key.core/../key.ui/examples/standard_key/inEqSimp/linApprox.key 
223402     DEBUG main            d.u.i.k.p.i.AbstractProblemLoader Environment load took 90ns 
223403     INFO  main            d.u.i.k.p.i.AbstractProblemLoader Creating init config 
225658     DEBUG main            d.u.i.k.p.i.AbstractProblemLoader Init config took 2.26s 
225670     INFO  main            d.u.i.k.p.i.AbstractProblemLoader Replaying proof linApprox.key 
225671     DEBUG main            d.u.i.k.p.i.IntermediateProofReplayer Proof replay took 2.1ns 
225773     INFO  main            d.u.i.k.p.r.p.TestFile    ... finished proof: closed. 
226031     INFO  main            d.u.i.k.p.i.AbstractProblemLoader Loading environment from /home/runner/work/key/key/key.core/../key.ui/examples/standard_key/inEqSimp/linApprox.key.proof 
226031     DEBUG main            d.u.i.k.p.i.AbstractProblemLoader Environment load took 78.9ns 
226032     INFO  main            d.u.i.k.p.i.AbstractProblemLoader Creating init config 
228263     DEBUG main            d.u.i.k.p.i.AbstractProblemLoader Init config took 2.23s 
228277     INFO  main            d.u.i.k.p.i.AbstractProblemLoader Replaying proof linApprox.key.proof 
228281     DEBUG main            d.u.i.k.p.i.IntermediateProofReplayer Proof replay took 2.33ms 
228282     DEBUG main            d.u.i.k.p.r.p.TestFile    ... success: reloaded. 
228282     INFO  main            d.u.i.k.p.r.p.TestFile    Now processing file /home/runner/work/key/key/key.core/../key.ui/examples/standard_key/inEqSimp/nonLinInEqExample0.key 
228283     INFO  main            d.u.i.k.p.i.AbstractProblemLoader Loading environment from /home/runner/work/key/key/key.core/../key.ui/examples/standard_key/inEqSimp/nonLinInEqExample0.key 
228283     DEBUG main            d.u.i.k.p.i.AbstractProblemLoader Environment load took 45.9ns 
228283     INFO  main            d.u.i.k.p.i.AbstractProblemLoader Creating init config 
230544     DEBUG main            d.u.i.k.p.i.AbstractProblemLoader Init config took 2.26s 
230556     INFO  main            d.u.i.k.p.i.AbstractProblemLoader Replaying proof nonLinInEqExample0.key 
230557     DEBUG main            d.u.i.k.p.i.IntermediateProofReplayer Proof replay took 2.5ns 
230658     INFO  main            d.u.i.k.p.r.p.TestFile    ... finished proof: closed. 
230918     INFO  main            d.u.i.k.p.i.AbstractProblemLoader Loading environment from /home/runner/work/key/key/key.core/../key.ui/examples/standard_key/inEqSimp/nonLinInEqExample0.key.proof 
230918     DEBUG main            d.u.i.k.p.i.AbstractProblemLoader Environment load took 81.5ns 
230919     INFO  main            d.u.i.k.p.i.AbstractProblemLoader Creating init config 
233150     DEBUG main            d.u.i.k.p.i.AbstractProblemLoader Init config took 2.23s 
233162     INFO  main            d.u.i.k.p.i.AbstractProblemLoader Replaying proof nonLinInEqExample0.key.proof 
233164     DEBUG main            d.u.i.k.p.i.IntermediateProofReplayer Proof replay took 815.7ns 
233164     DEBUG main            d.u.i.k.p.r.p.TestFile    ... success: reloaded. 
233165     INFO  main            d.u.i.k.p.r.p.TestFile    Now processing file /home/runner/work/key/key/key.core/../key.ui/examples/standard_key/inEqSimp/nonLinInEqExample2.key 
233165     INFO  main            d.u.i.k.p.i.AbstractProblemLoader Loading environment from /home/runner/work/key/key/key.core/../key.ui/examples/standard_key/inEqSimp/nonLinInEqExample2.key 
233165     DEBUG main            d.u.i.k.p.i.AbstractProblemLoader Environment load took 43.7ns 
233166     INFO  main            d.u.i.k.p.i.AbstractProblemLoader Creating init config 
235429     DEBUG main            d.u.i.k.p.i.AbstractProblemLoader Init config took 2.26s 
235441     INFO  main            d.u.i.k.p.i.AbstractProblemLoader Replaying proof nonLinInEqExample2.key 
235444     DEBUG main            d.u.i.k.p.i.IntermediateProofReplayer Proof replay took 2.1ns 
235747     INFO  main            d.u.i.k.p.r.p.TestFile    ... finished proof: closed. 
236011     INFO  main            d.u.i.k.p.i.AbstractProblemLoader Loading environment from /home/runner/work/key/key/key.core/../key.ui/examples/standard_key/inEqSimp/nonLinInEqExample2.key.proof 
236011     DEBUG main            d.u.i.k.p.i.AbstractProblemLoader Environment load took 81.4ns 
236012     INFO  main            d.u.i.k.p.i.AbstractProblemLoader Creating init config 
238241     DEBUG main            d.u.i.k.p.i.AbstractProblemLoader Init config took 2.23s 
238253     INFO  main            d.u.i.k.p.i.AbstractProblemLoader Replaying proof nonLinInEqExample2.key.proof 
238280     DEBUG main            d.u.i.k.p.i.IntermediateProofReplayer Proof replay took 22.95ms 
238281     DEBUG main            d.u.i.k.p.r.p.TestFile    ... success: reloaded. 
238282     INFO  main            d.u.i.k.p.r.p.TestFile    Now processing file /home/runner/work/key/key/key.core/../key.ui/examples/standard_key/inEqSimp/nonLinInEqExample3.key 
238282     INFO  main            d.u.i.k.p.i.AbstractProblemLoader Loading environment from /home/runner/work/key/key/key.core/../key.ui/examples/standard_key/inEqSimp/nonLinInEqExample3.key 
238282     DEBUG main            d.u.i.k.p.i.AbstractProblemLoader Environment load took 78ns 
238283     INFO  main            d.u.i.k.p.i.AbstractProblemLoader Creating init config 
240565     DEBUG main            d.u.i.k.p.i.AbstractProblemLoader Init config took 2.28s 
240576     INFO  main            d.u.i.k.p.i.AbstractProblemLoader Replaying proof nonLinInEqExample3.key 
240578     DEBUG main            d.u.i.k.p.i.IntermediateProofReplayer Proof replay took 2.3ns 
240781     INFO  main            d.u.i.k.p.r.p.TestFile    ... finished proof: closed. 
241065     INFO  main            d.u.i.k.p.i.AbstractProblemLoader Loading environment from /home/runner/work/key/key/key.core/../key.ui/examples/standard_key/inEqSimp/nonLinInEqExample3.key.proof 
241065     DEBUG main            d.u.i.k.p.i.AbstractProblemLoader Environment load took 86.4ns 
241066     INFO  main            d.u.i.k.p.i.AbstractProblemLoader Creating init config 
243305     DEBUG main            d.u.i.k.p.i.AbstractProblemLoader Init config took 2.24s 
243319     INFO  main            d.u.i.k.p.i.AbstractProblemLoader Replaying proof nonLinInEqExample3.key.proof 
243339     DEBUG main            d.u.i.k.p.i.IntermediateProofReplayer Proof replay took 17.78ms 
243340     DEBUG main            d.u.i.k.p.r.p.TestFile    ... success: reloaded. 
243341     INFO  main            d.u.i.k.p.r.p.TestFile    Now processing file /home/runner/work/key/key/key.core/../key.ui/examples/standard_key/inEqSimp/nonLinInEqExample4.key 
243341     INFO  main            d.u.i.k.p.i.AbstractProblemLoader Loading environment from /home/runner/work/key/key/key.core/../key.ui/examples/standard_key/inEqSimp/nonLinInEqExample4.key 
243341     DEBUG main            d.u.i.k.p.i.AbstractProblemLoader Environment load took 117.7ns 
243342     INFO  main            d.u.i.k.p.i.AbstractProblemLoader Creating init config 
245639     DEBUG main            d.u.i.k.p.i.AbstractProblemLoader Init config took 2.3s 
245651     INFO  main            d.u.i.k.p.i.AbstractProblemLoader Replaying proof nonLinInEqExample4.key 
245652     DEBUG main            d.u.i.k.p.i.IntermediateProofReplayer Proof replay took 2.7ns 
245754     INFO  main            d.u.i.k.p.r.p.TestFile    ... finished proof: closed. 
246037     INFO  main            d.u.i.k.p.i.AbstractProblemLoader Loading environment from /home/runner/work/key/key/key.core/../key.ui/examples/standard_key/inEqSimp/nonLinInEqExample4.key.proof 
246037     DEBUG main            d.u.i.k.p.i.AbstractProblemLoader Environment load took 83.7ns 
246039     INFO  main            d.u.i.k.p.i.AbstractProblemLoader Creating init config 
248276     DEBUG main            d.u.i.k.p.i.AbstractProblemLoader Init config took 2.24s 
248288     INFO  main            d.u.i.k.p.i.AbstractProblemLoader Replaying proof nonLinInEqExample4.key.proof 
248293     DEBUG main            d.u.i.k.p.i.IntermediateProofReplayer Proof replay took 3.08ms 
248293     DEBUG main            d.u.i.k.p.r.p.TestFile    ... success: reloaded. 
248294     INFO  main            d.u.i.k.p.r.p.TestFile    Now processing file /home/runner/work/key/key/key.core/../key.ui/examples/standard_key/inEqSimp/quadraticInEq.key 
248294     INFO  main            d.u.i.k.p.i.AbstractProblemLoader Loading environment from /home/runner/work/key/key/key.core/../key.ui/examples/standard_key/inEqSimp/quadraticInEq.key 
248294     DEBUG main            d.u.i.k.p.i.AbstractProblemLoader Environment load took 45.5ns 
248296     INFO  main            d.u.i.k.p.i.AbstractProblemLoader Creating init config 
250586     DEBUG main            d.u.i.k.p.i.AbstractProblemLoader Init config took 2.29s 
250598     INFO  main            d.u.i.k.p.i.AbstractProblemLoader Replaying proof quadraticInEq.key 
250599     DEBUG main            d.u.i.k.p.i.IntermediateProofReplayer Proof replay took 2.7ns 
250903     INFO  main            d.u.i.k.p.r.p.TestFile    ... finished proof: closed. 
251204     INFO  main            d.u.i.k.p.i.AbstractProblemLoader Loading environment from /home/runner/work/key/key/key.core/../key.ui/examples/standard_key/inEqSimp/quadraticInEq.key.proof 
251204     DEBUG main            d.u.i.k.p.i.AbstractProblemLoader Environment load took 93.5ns 
251206     INFO  main            d.u.i.k.p.i.AbstractProblemLoader Creating init config 
253435     DEBUG main            d.u.i.k.p.i.AbstractProblemLoader Init config took 2.23s 
253448     INFO  main            d.u.i.k.p.i.AbstractProblemLoader Replaying proof quadraticInEq.key.proof 
253484     DEBUG main            d.u.i.k.p.i.IntermediateProofReplayer Proof replay took 31.12ms 
253485     DEBUG main            d.u.i.k.p.r.p.TestFile    ... success: reloaded. 
253486     INFO  main            d.u.i.k.p.r.p.TestFile    Now processing file /home/runner/work/key/key/key.core/../key.ui/examples/standard_key/inEqSimp/quadraticInEq10.key 
253486     INFO  main            d.u.i.k.p.i.AbstractProblemLoader Loading environment from /home/runner/work/key/key/key.core/../key.ui/examples/standard_key/inEqSimp/quadraticInEq10.key 
253486     DEBUG main            d.u.i.k.p.i.AbstractProblemLoader Environment load took 77.8ns 
253487     INFO  main            d.u.i.k.p.i.AbstractProblemLoader Creating init config 
255766     DEBUG main            d.u.i.k.p.i.AbstractProblemLoader Init config took 2.28s 
255778     INFO  main            d.u.i.k.p.i.AbstractProblemLoader Replaying proof quadraticInEq10.key 
255779     DEBUG main            d.u.i.k.p.i.IntermediateProofReplayer Proof replay took 2.3ns 
255999     INFO  main            d.u.i.k.p.r.p.TestFile    ... finished proof: closed. 
256291     INFO  main            d.u.i.k.p.i.AbstractProblemLoader Loading environment from /home/runner/work/key/key/key.core/../key.ui/examples/standard_key/inEqSimp/quadraticInEq10.key.proof 
256291     DEBUG main            d.u.i.k.p.i.AbstractProblemLoader Environment load took 103.9ns 
256292     INFO  main            d.u.i.k.p.i.AbstractProblemLoader Creating init config 
258522     DEBUG main            d.u.i.k.p.i.AbstractProblemLoader Init config took 2.23s 
258534     INFO  main            d.u.i.k.p.i.AbstractProblemLoader Replaying proof quadraticInEq10.key.proof 
258547     DEBUG main            d.u.i.k.p.i.IntermediateProofReplayer Proof replay took 11.03ms 
258548     DEBUG main            d.u.i.k.p.r.p.TestFile    ... success: reloaded. 
258548     INFO  main            d.u.i.k.p.r.p.TestFile    Now processing file /home/runner/work/key/key/key.core/../key.ui/examples/standard_key/inEqSimp/quadraticInEq13.key 
258548     INFO  main            d.u.i.k.p.i.AbstractProblemLoader Loading environment from /home/runner/work/key/key/key.core/../key.ui/examples/standard_key/inEqSimp/quadraticInEq13.key 
258548     DEBUG main            d.u.i.k.p.i.AbstractProblemLoader Environment load took 43.6ns 
258549     INFO  main            d.u.i.k.p.i.AbstractProblemLoader Creating init config 
260829     DEBUG main            d.u.i.k.p.i.AbstractProblemLoader Init config took 2.28s 
260841     INFO  main            d.u.i.k.p.i.AbstractProblemLoader Replaying proof quadraticInEq13.key 
260842     DEBUG main            d.u.i.k.p.i.IntermediateProofReplayer Proof replay took 2.6ns 
261044     INFO  main            d.u.i.k.p.r.p.TestFile    ... finished proof: closed. 
261372     INFO  main            d.u.i.k.p.i.AbstractProblemLoader Loading environment from /home/runner/work/key/key/key.core/../key.ui/examples/standard_key/inEqSimp/quadraticInEq13.key.proof 
261372     DEBUG main            d.u.i.k.p.i.AbstractProblemLoader Environment load took 79.6ns 
261373     INFO  main            d.u.i.k.p.i.AbstractProblemLoader Creating init config 
263624     DEBUG main            d.u.i.k.p.i.AbstractProblemLoader Init config took 2.25s 
263643     INFO  main            d.u.i.k.p.i.AbstractProblemLoader Replaying proof quadraticInEq13.key.proof 
263661     DEBUG main            d.u.i.k.p.i.IntermediateProofReplayer Proof replay took 14.53ms 
263662     DEBUG main            d.u.i.k.p.r.p.TestFile    ... success: reloaded. 
263662     INFO  main            d.u.i.k.p.r.p.TestFile    Now processing file /home/runner/work/key/key/key.core/../key.ui/examples/standard_key/inEqSimp/quadraticInEq14.key 
263662     INFO  main            d.u.i.k.p.i.AbstractProblemLoader Loading environment from /home/runner/work/key/key/key.core/../key.ui/examples/standard_key/inEqSimp/quadraticInEq14.key 
263662     DEBUG main            d.u.i.k.p.i.AbstractProblemLoader Environment load took 42.6ns 
263663     INFO  main            d.u.i.k.p.i.AbstractProblemLoader Creating init config 
265933     DEBUG main            d.u.i.k.p.i.AbstractProblemLoader Init config took 2.27s 
265945     INFO  main            d.u.i.k.p.i.AbstractProblemLoader Replaying proof quadraticInEq14.key 
265946     DEBUG main            d.u.i.k.p.i.IntermediateProofReplayer Proof replay took 2.5ns 
266249     INFO  main            d.u.i.k.p.r.p.TestFile    ... finished proof: closed. 
266564     INFO  main            d.u.i.k.p.i.AbstractProblemLoader Loading environment from /home/runner/work/key/key/key.core/../key.ui/examples/standard_key/inEqSimp/quadraticInEq14.key.proof 
266565     DEBUG main            d.u.i.k.p.i.AbstractProblemLoader Environment load took 83.6ns 
266565     INFO  main            d.u.i.k.p.i.AbstractProblemLoader Creating init config 
268796     DEBUG main            d.u.i.k.p.i.AbstractProblemLoader Init config took 2.23s 
268808     INFO  main            d.u.i.k.p.i.AbstractProblemLoader Replaying proof quadraticInEq14.key.proof 
268829     DEBUG main            d.u.i.k.p.i.IntermediateProofReplayer Proof replay took 17.9ms 
268829     DEBUG main            d.u.i.k.p.r.p.TestFile    ... success: reloaded. 
268830     INFO  main            d.u.i.k.p.r.p.TestFile    Now processing file /home/runner/work/key/key/key.core/../key.ui/examples/standard_key/inEqSimp/quadraticInEq2.key 
268830     INFO  main            d.u.i.k.p.i.AbstractProblemLoader Loading environment from /home/runner/work/key/key/key.core/../key.ui/examples/standard_key/inEqSimp/quadraticInEq2.key 
268830     DEBUG main            d.u.i.k.p.i.AbstractProblemLoader Environment load took 62ns 
268831     INFO  main            d.u.i.k.p.i.AbstractProblemLoader Creating init config 
271106     DEBUG main            d.u.i.k.p.i.AbstractProblemLoader Init config took 2.28s 
271118     INFO  main            d.u.i.k.p.i.AbstractProblemLoader Replaying proof quadraticInEq2.key 
271120     DEBUG main            d.u.i.k.p.i.IntermediateProofReplayer Proof replay took 2.7ns 
271227     INFO  main            d.u.i.k.p.r.p.TestFile    ... finished proof: closed. 
271544     INFO  main            d.u.i.k.p.i.AbstractProblemLoader Loading environment from /home/runner/work/key/key/key.core/../key.ui/examples/standard_key/inEqSimp/quadraticInEq2.key.proof 
271544     DEBUG main            d.u.i.k.p.i.AbstractProblemLoader Environment load took 76.8ns 
271545     INFO  main            d.u.i.k.p.i.AbstractProblemLoader Creating init config 
273790     DEBUG main            d.u.i.k.p.i.AbstractProblemLoader Init config took 2.24s 
273803     INFO  main            d.u.i.k.p.i.AbstractProblemLoader Replaying proof quadraticInEq2.key.proof 
273806     DEBUG main            d.u.i.k.p.i.IntermediateProofReplayer Proof replay took 1.8ms 
273807     DEBUG main            d.u.i.k.p.r.p.TestFile    ... success: reloaded. 
273808     INFO  main            d.u.i.k.p.r.p.TestFile    Now processing file /home/runner/work/key/key/key.core/../key.ui/examples/standard_key/inEqSimp/quadraticInEq3.key 
273808     INFO  main            d.u.i.k.p.i.AbstractProblemLoader Loading environment from /home/runner/work/key/key/key.core/../key.ui/examples/standard_key/inEqSimp/quadraticInEq3.key 
273808     DEBUG main            d.u.i.k.p.i.AbstractProblemLoader Environment load took 46.7ns 
273809     INFO  main            d.u.i.k.p.i.AbstractProblemLoader Creating init config 
276084     DEBUG main            d.u.i.k.p.i.AbstractProblemLoader Init config took 2.27s 
276095     INFO  main            d.u.i.k.p.i.AbstractProblemLoader Replaying proof quadraticInEq3.key 
276098     DEBUG main            d.u.i.k.p.i.IntermediateProofReplayer Proof replay took 2.2ns 
276203     INFO  main            d.u.i.k.p.r.p.TestFile    ... finished proof: closed. 
276509     INFO  main            d.u.i.k.p.i.AbstractProblemLoader Loading environment from /home/runner/work/key/key/key.core/../key.ui/examples/standard_key/inEqSimp/quadraticInEq3.key.proof 
276509     DEBUG main            d.u.i.k.p.i.AbstractProblemLoader Environment load took 73.6ns 
276510     INFO  main            d.u.i.k.p.i.AbstractProblemLoader Creating init config 
278722     DEBUG main            d.u.i.k.p.i.AbstractProblemLoader Init config took 2.21s 
278734     INFO  main            d.u.i.k.p.i.AbstractProblemLoader Replaying proof quadraticInEq3.key.proof 
278740     DEBUG main            d.u.i.k.p.i.IntermediateProofReplayer Proof replay took 4.64ms 
278741     DEBUG main            d.u.i.k.p.r.p.TestFile    ... success: reloaded. 
278742     INFO  main            d.u.i.k.p.r.p.TestFile    Now processing file /home/runner/work/key/key/key.core/../key.ui/examples/standard_key/inEqSimp/quadraticInEq4.key 
278742     INFO  main            d.u.i.k.p.i.AbstractProblemLoader Loading environment from /home/runner/work/key/key/key.core/../key.ui/examples/standard_key/inEqSimp/quadraticInEq4.key 
278742     DEBUG main            d.u.i.k.p.i.AbstractProblemLoader Environment load took 90.8ns 
278743     INFO  main            d.u.i.k.p.i.AbstractProblemLoader Creating init config 
280989     DEBUG main            d.u.i.k.p.i.AbstractProblemLoader Init config took 2.25s 
281001     INFO  main            d.u.i.k.p.i.AbstractProblemLoader Replaying proof quadraticInEq4.key 
281003     DEBUG main            d.u.i.k.p.i.IntermediateProofReplayer Proof replay took 2.6ns 
281104     INFO  main            d.u.i.k.p.r.p.TestFile    ... finished proof: closed. 
281421     INFO  main            d.u.i.k.p.i.AbstractProblemLoader Loading environment from /home/runner/work/key/key/key.core/../key.ui/examples/standard_key/inEqSimp/quadraticInEq4.key.proof 
281421     DEBUG main            d.u.i.k.p.i.AbstractProblemLoader Environment load took 74.9ns 
281422     INFO  main            d.u.i.k.p.i.AbstractProblemLoader Creating init config 
283635     DEBUG main            d.u.i.k.p.i.AbstractProblemLoader Init config took 2.21s 
283647     INFO  main            d.u.i.k.p.i.AbstractProblemLoader Replaying proof quadraticInEq4.key.proof 
283653     DEBUG main            d.u.i.k.p.i.IntermediateProofReplayer Proof replay took 3.85ms 
283653     DEBUG main            d.u.i.k.p.r.p.TestFile    ... success: reloaded. 
283654     INFO  main            d.u.i.k.p.r.p.TestFile    Now processing file /home/runner/work/key/key/key.core/../key.ui/examples/standard_key/inEqSimp/quadraticInEq5.key 
283654     INFO  main            d.u.i.k.p.i.AbstractProblemLoader Loading environment from /home/runner/work/key/key/key.core/../key.ui/examples/standard_key/inEqSimp/quadraticInEq5.key 
283654     DEBUG main            d.u.i.k.p.i.AbstractProblemLoader Environment load took 83.5ns 
283655     INFO  main            d.u.i.k.p.i.AbstractProblemLoader Creating init config 
285900     DEBUG main            d.u.i.k.p.i.AbstractProblemLoader Init config took 2.24s 
285912     INFO  main            d.u.i.k.p.i.AbstractProblemLoader Replaying proof quadraticInEq5.key 
285913     DEBUG main            d.u.i.k.p.i.IntermediateProofReplayer Proof replay took 2.5ns 
286015     INFO  main            d.u.i.k.p.r.p.TestFile    ... finished proof: closed. 
286328     INFO  main            d.u.i.k.p.i.AbstractProblemLoader Loading environment from /home/runner/work/key/key/key.core/../key.ui/examples/standard_key/inEqSimp/quadraticInEq5.key.proof 
286328     DEBUG main            d.u.i.k.p.i.AbstractProblemLoader Environment load took 79.5ns 
286329     INFO  main            d.u.i.k.p.i.AbstractProblemLoader Creating init config 
288542     DEBUG main            d.u.i.k.p.i.AbstractProblemLoader Init config took 2.21s 
288554     INFO  main            d.u.i.k.p.i.AbstractProblemLoader Replaying proof quadraticInEq5.key.proof 
288559     DEBUG main            d.u.i.k.p.i.IntermediateProofReplayer Proof replay took 3.76ms 
288560     DEBUG main            d.u.i.k.p.r.p.TestFile    ... success: reloaded. 
288560     INFO  main            d.u.i.k.p.r.p.TestFile    Now processing file /home/runner/work/key/key/key.core/../key.ui/examples/standard_key/inEqSimp/quadraticInEq6.key 
288561     INFO  main            d.u.i.k.p.i.AbstractProblemLoader Loading environment from /home/runner/work/key/key/key.core/../key.ui/examples/standard_key/inEqSimp/quadraticInEq6.key 
288561     DEBUG main            d.u.i.k.p.i.AbstractProblemLoader Environment load took 44ns 
288562     INFO  main            d.u.i.k.p.i.AbstractProblemLoader Creating init config 
290800     DEBUG main            d.u.i.k.p.i.AbstractProblemLoader Init config took 2.24s 
290812     INFO  main            d.u.i.k.p.i.AbstractProblemLoader Replaying proof quadraticInEq6.key 
290814     DEBUG main            d.u.i.k.p.i.IntermediateProofReplayer Proof replay took 2.5ns 
290916     INFO  main            d.u.i.k.p.r.p.TestFile    ... finished proof: closed. 
291236     INFO  main            d.u.i.k.p.i.AbstractProblemLoader Loading environment from /home/runner/work/key/key/key.core/../key.ui/examples/standard_key/inEqSimp/quadraticInEq6.key.proof 
291236     DEBUG main            d.u.i.k.p.i.AbstractProblemLoader Environment load took 74.1ns 
291237     INFO  main            d.u.i.k.p.i.AbstractProblemLoader Creating init config 
293445     DEBUG main            d.u.i.k.p.i.AbstractProblemLoader Init config took 2.21s 
293457     INFO  main            d.u.i.k.p.i.AbstractProblemLoader Replaying proof quadraticInEq6.key.proof 
293462     DEBUG main            d.u.i.k.p.i.IntermediateProofReplayer Proof replay took 3.37ms 
293463     DEBUG main            d.u.i.k.p.r.p.TestFile    ... success: reloaded. 
293463     INFO  main            d.u.i.k.p.r.p.TestFile    Now processing file /home/runner/work/key/key/key.core/../key.ui/examples/standard_key/inEqSimp/quadraticInEq7.key 
293463     INFO  main            d.u.i.k.p.i.AbstractProblemLoader Loading environment from /home/runner/work/key/key/key.core/../key.ui/examples/standard_key/inEqSimp/quadraticInEq7.key 
293464     DEBUG main            d.u.i.k.p.i.AbstractProblemLoader Environment load took 68.8ns 
293464     INFO  main            d.u.i.k.p.i.AbstractProblemLoader Creating init config 
295705     DEBUG main            d.u.i.k.p.i.AbstractProblemLoader Init config took 2.24s 
295717     INFO  main            d.u.i.k.p.i.AbstractProblemLoader Replaying proof quadraticInEq7.key 
295718     DEBUG main            d.u.i.k.p.i.IntermediateProofReplayer Proof replay took 2.6ns 
295820     INFO  main            d.u.i.k.p.r.p.TestFile    ... finished proof: closed. 
296138     INFO  main            d.u.i.k.p.i.AbstractProblemLoader Loading environment from /home/runner/work/key/key/key.core/../key.ui/examples/standard_key/inEqSimp/quadraticInEq7.key.proof 
296139     DEBUG main            d.u.i.k.p.i.AbstractProblemLoader Environment load took 74.2ns 
296139     INFO  main            d.u.i.k.p.i.AbstractProblemLoader Creating init config 
298350     DEBUG main            d.u.i.k.p.i.AbstractProblemLoader Init config took 2.21s 
298361     INFO  main            d.u.i.k.p.i.AbstractProblemLoader Replaying proof quadraticInEq7.key.proof 
298365     DEBUG main            d.u.i.k.p.i.IntermediateProofReplayer Proof replay took 1.89ms 
298365     DEBUG main            d.u.i.k.p.r.p.TestFile    ... success: reloaded. 
298366     INFO  main            d.u.i.k.p.r.p.TestFile    Now processing file /home/runner/work/key/key/key.core/../key.ui/examples/standard_key/inEqSimp/quadraticInEq8.key 
298366     INFO  main            d.u.i.k.p.i.AbstractProblemLoader Loading environment from /home/runner/work/key/key/key.core/../key.ui/examples/standard_key/inEqSimp/quadraticInEq8.key 
298366     DEBUG main            d.u.i.k.p.i.AbstractProblemLoader Environment load took 46.8ns 
298367     INFO  main            d.u.i.k.p.i.AbstractProblemLoader Creating init config 
300606     DEBUG main            d.u.i.k.p.i.AbstractProblemLoader Init config took 2.24s 
300618     INFO  main            d.u.i.k.p.i.AbstractProblemLoader Replaying proof quadraticInEq8.key 
300620     DEBUG main            d.u.i.k.p.i.IntermediateProofReplayer Proof replay took 2ns 
300721     INFO  main            d.u.i.k.p.r.p.TestFile    ... finished proof: closed. 
301063     INFO  main            d.u.i.k.p.i.AbstractProblemLoader Loading environment from /home/runner/work/key/key/key.core/../key.ui/examples/standard_key/inEqSimp/quadraticInEq8.key.proof 
301063     DEBUG main            d.u.i.k.p.i.AbstractProblemLoader Environment load took 80.4ns 
301064     INFO  main            d.u.i.k.p.i.AbstractProblemLoader Creating init config 
303284     DEBUG main            d.u.i.k.p.i.AbstractProblemLoader Init config took 2.22s 
303297     INFO  main            d.u.i.k.p.i.AbstractProblemLoader Replaying proof quadraticInEq8.key.proof 
303305     DEBUG main            d.u.i.k.p.i.IntermediateProofReplayer Proof replay took 6.19ms 
303306     DEBUG main            d.u.i.k.p.r.p.TestFile    ... success: reloaded. 
303307     INFO  main            d.u.i.k.p.r.p.TestFile    Now processing file /home/runner/work/key/key/key.core/../key.ui/examples/standard_key/inEqSimp/simplify0.key 
303307     INFO  main            d.u.i.k.p.i.AbstractProblemLoader Loading environment from /home/runner/work/key/key/key.core/../key.ui/examples/standard_key/inEqSimp/simplify0.key 
303307     DEBUG main            d.u.i.k.p.i.AbstractProblemLoader Environment load took 73ns 
303308     INFO  main            d.u.i.k.p.i.AbstractProblemLoader Creating init config 
305548     DEBUG main            d.u.i.k.p.i.AbstractProblemLoader Init config took 2.24s 
305560     INFO  main            d.u.i.k.p.i.AbstractProblemLoader Replaying proof simplify0.key 
305561     DEBUG main            d.u.i.k.p.i.IntermediateProofReplayer Proof replay took 2.2ns 
305663     INFO  main            d.u.i.k.p.r.p.TestFile    ... finished proof: closed. 
306001     INFO  main            d.u.i.k.p.i.AbstractProblemLoader Loading environment from /home/runner/work/key/key/key.core/../key.ui/examples/standard_key/inEqSimp/simplify0.key.proof 
306001     DEBUG main            d.u.i.k.p.i.AbstractProblemLoader Environment load took 89.7ns 
306002     INFO  main            d.u.i.k.p.i.AbstractProblemLoader Creating init config 
308212     DEBUG main            d.u.i.k.p.i.AbstractProblemLoader Init config took 2.21s 
308224     INFO  main            d.u.i.k.p.i.AbstractProblemLoader Replaying proof simplify0.key.proof 
308228     DEBUG main            d.u.i.k.p.i.IntermediateProofReplayer Proof replay took 2.04ms 
308228     DEBUG main            d.u.i.k.p.r.p.TestFile    ... success: reloaded. 
308228     INFO  main            d.u.i.k.p.r.p.TestFile    Now processing file /home/runner/work/key/key/key.core/../key.ui/examples/standard_key/inEqSimp/simplify1.key 
308229     INFO  main            d.u.i.k.p.i.AbstractProblemLoader Loading environment from /home/runner/work/key/key/key.core/../key.ui/examples/standard_key/inEqSimp/simplify1.key 
308229     DEBUG main            d.u.i.k.p.i.AbstractProblemLoader Environment load took 40.2ns 
308229     INFO  main            d.u.i.k.p.i.AbstractProblemLoader Creating init config 
310483     DEBUG main            d.u.i.k.p.i.AbstractProblemLoader Init config took 2.25s 
310495     INFO  main            d.u.i.k.p.i.AbstractProblemLoader Replaying proof simplify1.key 
310496     DEBUG main            d.u.i.k.p.i.IntermediateProofReplayer Proof replay took 2.3ns 
310597     INFO  main            d.u.i.k.p.r.p.TestFile    ... finished proof: closed. 
310931     INFO  main            d.u.i.k.p.i.AbstractProblemLoader Loading environment from /home/runner/work/key/key/key.core/../key.ui/examples/standard_key/inEqSimp/simplify1.key.proof 
310931     DEBUG main            d.u.i.k.p.i.AbstractProblemLoader Environment load took 69.4ns 
310932     INFO  main            d.u.i.k.p.i.AbstractProblemLoader Creating init config 
313140     DEBUG main            d.u.i.k.p.i.AbstractProblemLoader Init config took 2.21s 
313152     INFO  main            d.u.i.k.p.i.AbstractProblemLoader Replaying proof simplify1.key.proof 
313155     DEBUG main            d.u.i.k.p.i.IntermediateProofReplayer Proof replay took 1.05ms 
313155     DEBUG main            d.u.i.k.p.r.p.TestFile    ... success: reloaded. 
313156     INFO  main            d.u.i.k.p.r.p.TestFile    Now processing file /home/runner/work/key/key/key.core/../key.ui/examples/standard_key/inEqSimp/simplify2.key 
313156     INFO  main            d.u.i.k.p.i.AbstractProblemLoader Loading environment from /home/runner/work/key/key/key.core/../key.ui/examples/standard_key/inEqSimp/simplify2.key 
313156     DEBUG main            d.u.i.k.p.i.AbstractProblemLoader Environment load took 40.9ns 
313157     INFO  main            d.u.i.k.p.i.AbstractProblemLoader Creating init config 
315430     DEBUG main            d.u.i.k.p.i.AbstractProblemLoader Init config took 2.27s 
315442     INFO  main            d.u.i.k.p.i.AbstractProblemLoader Replaying proof simplify2.key 
315443     DEBUG main            d.u.i.k.p.i.IntermediateProofReplayer Proof replay took 2.5ns 
315544     INFO  main            d.u.i.k.p.r.p.TestFile    ... finished proof: closed. 
315885     INFO  main            d.u.i.k.p.i.AbstractProblemLoader Loading environment from /home/runner/work/key/key/key.core/../key.ui/examples/standard_key/inEqSimp/simplify2.key.proof 
315885     DEBUG main            d.u.i.k.p.i.AbstractProblemLoader Environment load took 69.5ns 
315886     INFO  main            d.u.i.k.p.i.AbstractProblemLoader Creating init config 
318103     DEBUG main            d.u.i.k.p.i.AbstractProblemLoader Init config took 2.22s 
318115     INFO  main            d.u.i.k.p.i.AbstractProblemLoader Replaying proof simplify2.key.proof 
318126     DEBUG main            d.u.i.k.p.i.IntermediateProofReplayer Proof replay took 9.41ms 
318127     DEBUG main            d.u.i.k.p.r.p.TestFile    ... success: reloaded. 
318127     INFO  main            d.u.i.k.p.r.p.TestFile    Now processing file /home/runner/work/key/key/key.core/../key.ui/examples/standard_key/inEqSimp/simplify3.key 
318128     INFO  main            d.u.i.k.p.i.AbstractProblemLoader Loading environment from /home/runner/work/key/key/key.core/../key.ui/examples/standard_key/inEqSimp/simplify3.key 
318128     DEBUG main            d.u.i.k.p.i.AbstractProblemLoader Environment load took 53.5ns 
318128     INFO  main            d.u.i.k.p.i.AbstractProblemLoader Creating init config 
320377     DEBUG main            d.u.i.k.p.i.AbstractProblemLoader Init config took 2.25s 
320389     INFO  main            d.u.i.k.p.i.AbstractProblemLoader Replaying proof simplify3.key 
320390     DEBUG main            d.u.i.k.p.i.IntermediateProofReplayer Proof replay took 3ns 
320493     INFO  main            d.u.i.k.p.r.p.TestFile    ... finished proof: closed. 
320843     INFO  main            d.u.i.k.p.i.AbstractProblemLoader Loading environment from /home/runner/work/key/key/key.core/../key.ui/examples/standard_key/inEqSimp/simplify3.key.proof 
320843     DEBUG main            d.u.i.k.p.i.AbstractProblemLoader Environment load took 73.2ns 
320844     INFO  main            d.u.i.k.p.i.AbstractProblemLoader Creating init config 
323058     DEBUG main            d.u.i.k.p.i.AbstractProblemLoader Init config took 2.21s 
323071     INFO  main            d.u.i.k.p.i.AbstractProblemLoader Replaying proof simplify3.key.proof 
323074     DEBUG main            d.u.i.k.p.i.IntermediateProofReplayer Proof replay took 1.64ms 
323074     DEBUG main            d.u.i.k.p.r.p.TestFile    ... success: reloaded. 
323075     INFO  main            d.u.i.k.p.r.p.TestFile    Now processing file /home/runner/work/key/key/key.core/../key.ui/examples/standard_key/inEqSimp/simplify4.key 
323075     INFO  main            d.u.i.k.p.i.AbstractProblemLoader Loading environment from /home/runner/work/key/key/key.core/../key.ui/examples/standard_key/inEqSimp/simplify4.key 
323075     DEBUG main            d.u.i.k.p.i.AbstractProblemLoader Environment load took 52.9ns 
323076     INFO  main            d.u.i.k.p.i.AbstractProblemLoader Creating init config 
325335     DEBUG main            d.u.i.k.p.i.AbstractProblemLoader Init config took 2.26s 
325347     INFO  main            d.u.i.k.p.i.AbstractProblemLoader Replaying proof simplify4.key 
325348     DEBUG main            d.u.i.k.p.i.IntermediateProofReplayer Proof replay took 2.2ns 
325449     INFO  main            d.u.i.k.p.r.p.TestFile    ... finished proof: closed. 
325809     INFO  main            d.u.i.k.p.i.AbstractProblemLoader Loading environment from /home/runner/work/key/key/key.core/../key.ui/examples/standard_key/inEqSimp/simplify4.key.proof 
325809     DEBUG main            d.u.i.k.p.i.AbstractProblemLoader Environment load took 64.2ns 
325810     INFO  main            d.u.i.k.p.i.AbstractProblemLoader Creating init config 
328025     DEBUG main            d.u.i.k.p.i.AbstractProblemLoader Init config took 2.21s 
328038     INFO  main            d.u.i.k.p.i.AbstractProblemLoader Replaying proof simplify4.key.proof 
328051     DEBUG main            d.u.i.k.p.i.IntermediateProofReplayer Proof replay took 11.54ms 
328053     DEBUG main            d.u.i.k.p.r.p.TestFile    ... success: reloaded. 
328053     INFO  main            d.u.i.k.p.r.p.TestFile    Now processing file /home/runner/work/key/key/key.core/../key.ui/examples/standard_key/inEqSimp/simplify5.key 
328053     INFO  main            d.u.i.k.p.i.AbstractProblemLoader Loading environment from /home/runner/work/key/key/key.core/../key.ui/examples/standard_key/inEqSimp/simplify5.key 
328054     DEBUG main            d.u.i.k.p.i.AbstractProblemLoader Environment load took 175ns 
328055     INFO  main            d.u.i.k.p.i.AbstractProblemLoader Creating init config 
330311     DEBUG main            d.u.i.k.p.i.AbstractProblemLoader Init config took 2.26s 
330324     INFO  main            d.u.i.k.p.i.AbstractProblemLoader Replaying proof simplify5.key 
330325     DEBUG main            d.u.i.k.p.i.IntermediateProofReplayer Proof replay took 2.2ns 
330828     INFO  main            d.u.i.k.p.r.p.TestFile    ... finished proof: closed. 
331209     INFO  main            d.u.i.k.p.i.AbstractProblemLoader Loading environment from /home/runner/work/key/key/key.core/../key.ui/examples/standard_key/inEqSimp/simplify5.key.proof 
331209     DEBUG main            d.u.i.k.p.i.AbstractProblemLoader Environment load took 438.8ns 
331211     INFO  main            d.u.i.k.p.i.AbstractProblemLoader Creating init config 
333440     DEBUG main            d.u.i.k.p.i.AbstractProblemLoader Init config took 2.23s 
333453     INFO  main            d.u.i.k.p.i.AbstractProblemLoader Replaying proof simplify5.key.proof 
333503     DEBUG main            d.u.i.k.p.i.IntermediateProofReplayer Proof replay took 45.17ms 
333504     DEBUG main            d.u.i.k.p.r.p.TestFile    ... success: reloaded. 
333509     INFO  main            d.u.i.k.p.r.p.TestFile    Now processing file /home/runner/work/key/key/key.core/../key.ui/examples/standard_key/inEqSimp/subsumptionExample.key 
333510     INFO  main            d.u.i.k.p.i.AbstractProblemLoader Loading environment from /home/runner/work/key/key/key.core/../key.ui/examples/standard_key/inEqSimp/subsumptionExample.key 
333511     DEBUG main            d.u.i.k.p.i.AbstractProblemLoader Environment load took 238.4ns 
333512     INFO  main            d.u.i.k.p.i.AbstractProblemLoader Creating init config 
335763     DEBUG main            d.u.i.k.p.i.AbstractProblemLoader Init config took 2.25s 
335775     INFO  main            d.u.i.k.p.i.AbstractProblemLoader Replaying proof subsumptionExample.key 
335776     DEBUG main            d.u.i.k.p.i.IntermediateProofReplayer Proof replay took 2.6ns 
335877     INFO  main            d.u.i.k.p.r.p.TestFile    ... finished proof: closed. 
336256     INFO  main            d.u.i.k.p.i.AbstractProblemLoader Loading environment from /home/runner/work/key/key/key.core/../key.ui/examples/standard_key/inEqSimp/subsumptionExample.key.proof 
336256     DEBUG main            d.u.i.k.p.i.AbstractProblemLoader Environment load took 72.4ns 
336256     INFO  main            d.u.i.k.p.i.AbstractProblemLoader Creating init config 
338468     DEBUG main            d.u.i.k.p.i.AbstractProblemLoader Init config took 2.21s 
338480     INFO  main            d.u.i.k.p.i.AbstractProblemLoader Replaying proof subsumptionExample.key.proof 
338482     DEBUG main            d.u.i.k.p.i.IntermediateProofReplayer Proof replay took 789.1ns 
338482     DEBUG main            d.u.i.k.p.r.p.TestFile    ... success: reloaded. 
338483     INFO  main            d.u.i.k.p.r.p.TestFile    Now processing file /home/runner/work/key/key/key.core/../key.ui/examples/standard_key/polySimp/simplify0.key 
338483     INFO  main            d.u.i.k.p.i.AbstractProblemLoader Loading environment from /home/runner/work/key/key/key.core/../key.ui/examples/standard_key/polySimp/simplify0.key 
338483     DEBUG main            d.u.i.k.p.i.AbstractProblemLoader Environment load took 39.8ns 
338484     INFO  main            d.u.i.k.p.i.AbstractProblemLoader Creating init config 
340735     DEBUG main            d.u.i.k.p.i.AbstractProblemLoader Init config took 2.25s 
340747     INFO  main            d.u.i.k.p.i.AbstractProblemLoader Replaying proof simplify0.key 
340748     DEBUG main            d.u.i.k.p.i.IntermediateProofReplayer Proof replay took 2.1ns 
340950     INFO  main            d.u.i.k.p.r.p.TestFile    ... finished proof: closed. 
341359     INFO  main            d.u.i.k.p.i.AbstractProblemLoader Loading environment from /home/runner/work/key/key/key.core/../key.ui/examples/standard_key/polySimp/simplify0.key.proof 
341359     DEBUG main            d.u.i.k.p.i.AbstractProblemLoader Environment load took 72.9ns 
341360     INFO  main            d.u.i.k.p.i.AbstractProblemLoader Creating init config 
343648     DEBUG main            d.u.i.k.p.i.AbstractProblemLoader Init config took 2.29s 
343661     INFO  main            d.u.i.k.p.i.AbstractProblemLoader Replaying proof simplify0.key.proof 
343677     DEBUG main            d.u.i.k.p.i.IntermediateProofReplayer Proof replay took 14.79ms 
343678     DEBUG main            d.u.i.k.p.r.p.TestFile    ... success: reloaded. 
343679     INFO  main            d.u.i.k.p.r.p.TestFile    Now processing file /home/runner/work/key/key/key.core/../key.ui/examples/standard_key/polySimp/simplify1.key 
343679     INFO  main            d.u.i.k.p.i.AbstractProblemLoader Loading environment from /home/runner/work/key/key/key.core/../key.ui/examples/standard_key/polySimp/simplify1.key 
343679     DEBUG main            d.u.i.k.p.i.AbstractProblemLoader Environment load took 86.4ns 
343680     INFO  main            d.u.i.k.p.i.AbstractProblemLoader Creating init config 
345946     DEBUG main            d.u.i.k.p.i.AbstractProblemLoader Init config took 2.27s 
345958     INFO  main            d.u.i.k.p.i.AbstractProblemLoader Replaying proof simplify1.key 
345959     DEBUG main            d.u.i.k.p.i.IntermediateProofReplayer Proof replay took 2.5ns 
346261     INFO  main            d.u.i.k.p.r.p.TestFile    ... finished proof: closed. 
346649     INFO  main            d.u.i.k.p.i.AbstractProblemLoader Loading environment from /home/runner/work/key/key/key.core/../key.ui/examples/standard_key/polySimp/simplify1.key.proof 
346649     DEBUG main            d.u.i.k.p.i.AbstractProblemLoader Environment load took 85.2ns 
346651     INFO  main            d.u.i.k.p.i.AbstractProblemLoader Creating init config 
348861     DEBUG main            d.u.i.k.p.i.AbstractProblemLoader Init config took 2.21s 
348873     INFO  main            d.u.i.k.p.i.AbstractProblemLoader Replaying proof simplify1.key.proof 
348895     DEBUG main            d.u.i.k.p.i.IntermediateProofReplayer Proof replay took 19.55ms 
348896     DEBUG main            d.u.i.k.p.r.p.TestFile    ... success: reloaded. 
348896     INFO  main            d.u.i.k.p.r.p.TestFile    Now processing file /home/runner/work/key/key/key.core/../key.ui/examples/standard_key/polySimp/simplify10.key 
348896     INFO  main            d.u.i.k.p.i.AbstractProblemLoader Loading environment from /home/runner/work/key/key/key.core/../key.ui/examples/standard_key/polySimp/simplify10.key 
348896     DEBUG main            d.u.i.k.p.i.AbstractProblemLoader Environment load took 39.8ns 
348898     INFO  main            d.u.i.k.p.i.AbstractProblemLoader Creating init config 
351155     DEBUG main            d.u.i.k.p.i.AbstractProblemLoader Init config took 2.26s 
351168     INFO  main            d.u.i.k.p.i.AbstractProblemLoader Replaying proof simplify10.key 
351169     DEBUG main            d.u.i.k.p.i.IntermediateProofReplayer Proof replay took 2ns 
351371     INFO  main            d.u.i.k.p.r.p.TestFile    ... finished proof: closed. 
351775     INFO  main            d.u.i.k.p.i.AbstractProblemLoader Loading environment from /home/runner/work/key/key/key.core/../key.ui/examples/standard_key/polySimp/simplify10.key.proof 
351775     DEBUG main            d.u.i.k.p.i.AbstractProblemLoader Environment load took 68.2ns 
351777     INFO  main            d.u.i.k.p.i.AbstractProblemLoader Creating init config 
354000     DEBUG main            d.u.i.k.p.i.AbstractProblemLoader Init config took 2.22s 
354014     INFO  main            d.u.i.k.p.i.AbstractProblemLoader Replaying proof simplify10.key.proof 
354043     DEBUG main            d.u.i.k.p.i.IntermediateProofReplayer Proof replay took 27.22ms 
354044     DEBUG main            d.u.i.k.p.r.p.TestFile    ... success: reloaded. 
354045     INFO  main            d.u.i.k.p.r.p.TestFile    Now processing file /home/runner/work/key/key/key.core/../key.ui/examples/standard_key/polySimp/simplify11.key 
354045     INFO  main            d.u.i.k.p.i.AbstractProblemLoader Loading environment from /home/runner/work/key/key/key.core/../key.ui/examples/standard_key/polySimp/simplify11.key 
354045     DEBUG main            d.u.i.k.p.i.AbstractProblemLoader Environment load took 49.5ns 
354046     INFO  main            d.u.i.k.p.i.AbstractProblemLoader Creating init config 
356313     DEBUG main            d.u.i.k.p.i.AbstractProblemLoader Init config took 2.27s 
356325     INFO  main            d.u.i.k.p.i.AbstractProblemLoader Replaying proof simplify11.key 
356326     DEBUG main            d.u.i.k.p.i.IntermediateProofReplayer Proof replay took 2.7ns 
356527     INFO  main            d.u.i.k.p.r.p.TestFile    ... finished proof: closed. 
356936     INFO  main            d.u.i.k.p.i.AbstractProblemLoader Loading environment from /home/runner/work/key/key/key.core/../key.ui/examples/standard_key/polySimp/simplify11.key.proof 
356936     DEBUG main            d.u.i.k.p.i.AbstractProblemLoader Environment load took 72.1ns 
356937     INFO  main            d.u.i.k.p.i.AbstractProblemLoader Creating init config 
359166     DEBUG main            d.u.i.k.p.i.AbstractProblemLoader Init config took 2.23s 
359180     INFO  main            d.u.i.k.p.i.AbstractProblemLoader Replaying proof simplify11.key.proof 
359199     DEBUG main            d.u.i.k.p.i.IntermediateProofReplayer Proof replay took 17.16ms 
359200     DEBUG main            d.u.i.k.p.r.p.TestFile    ... success: reloaded. 
359200     INFO  main            d.u.i.k.p.r.p.TestFile    Now processing file /home/runner/work/key/key/key.core/../key.ui/examples/standard_key/polySimp/simplify12.key 
359200     INFO  main            d.u.i.k.p.i.AbstractProblemLoader Loading environment from /home/runner/work/key/key/key.core/../key.ui/examples/standard_key/polySimp/simplify12.key 
359200     DEBUG main            d.u.i.k.p.i.AbstractProblemLoader Environment load took 40.1ns 
359201     INFO  main            d.u.i.k.p.i.AbstractProblemLoader Creating init config 
361456     DEBUG main            d.u.i.k.p.i.AbstractProblemLoader Init config took 2.25s 
361468     INFO  main            d.u.i.k.p.i.AbstractProblemLoader Replaying proof simplify12.key 
361469     DEBUG main            d.u.i.k.p.i.IntermediateProofReplayer Proof replay took 2.7ns 
361570     INFO  main            d.u.i.k.p.r.p.TestFile    ... finished proof: closed. 
361971     INFO  main            d.u.i.k.p.i.AbstractProblemLoader Loading environment from /home/runner/work/key/key/key.core/../key.ui/examples/standard_key/polySimp/simplify12.key.proof 
361971     DEBUG main            d.u.i.k.p.i.AbstractProblemLoader Environment load took 69.3ns 
361972     INFO  main            d.u.i.k.p.i.AbstractProblemLoader Creating init config 
364188     DEBUG main            d.u.i.k.p.i.AbstractProblemLoader Init config took 2.22s 
364200     INFO  main            d.u.i.k.p.i.AbstractProblemLoader Replaying proof simplify12.key.proof 
364209     DEBUG main            d.u.i.k.p.i.IntermediateProofReplayer Proof replay took 7.91ms 
364210     DEBUG main            d.u.i.k.p.r.p.TestFile    ... success: reloaded. 
364211     INFO  main            d.u.i.k.p.r.p.TestFile    Now processing file /home/runner/work/key/key/key.core/../key.ui/examples/standard_key/polySimp/simplify13.key 
364211     INFO  main            d.u.i.k.p.i.AbstractProblemLoader Loading environment from /home/runner/work/key/key/key.core/../key.ui/examples/standard_key/polySimp/simplify13.key 
364211     DEBUG main            d.u.i.k.p.i.AbstractProblemLoader Environment load took 41.3ns 
364212     INFO  main            d.u.i.k.p.i.AbstractProblemLoader Creating init config 
366468     DEBUG main            d.u.i.k.p.i.AbstractProblemLoader Init config took 2.26s 
366479     INFO  main            d.u.i.k.p.i.AbstractProblemLoader Replaying proof simplify13.key 
366480     DEBUG main            d.u.i.k.p.i.IntermediateProofReplayer Proof replay took 2.4ns 
366582     INFO  main            d.u.i.k.p.r.p.TestFile    ... finished proof: closed. 
367013     INFO  main            d.u.i.k.p.i.AbstractProblemLoader Loading environment from /home/runner/work/key/key/key.core/../key.ui/examples/standard_key/polySimp/simplify13.key.proof 
367013     DEBUG main            d.u.i.k.p.i.AbstractProblemLoader Environment load took 70.7ns 
367014     INFO  main            d.u.i.k.p.i.AbstractProblemLoader Creating init config 
369228     DEBUG main            d.u.i.k.p.i.AbstractProblemLoader Init config took 2.21s 
369240     INFO  main            d.u.i.k.p.i.AbstractProblemLoader Replaying proof simplify13.key.proof 
369246     DEBUG main            d.u.i.k.p.i.IntermediateProofReplayer Proof replay took 4.49ms 
369247     DEBUG main            d.u.i.k.p.r.p.TestFile    ... success: reloaded. 
369247     INFO  main            d.u.i.k.p.r.p.TestFile    Now processing file /home/runner/work/key/key/key.core/../key.ui/examples/standard_key/polySimp/simplify14.key 
369247     INFO  main            d.u.i.k.p.i.AbstractProblemLoader Loading environment from /home/runner/work/key/key/key.core/../key.ui/examples/standard_key/polySimp/simplify14.key 
369247     DEBUG main            d.u.i.k.p.i.AbstractProblemLoader Environment load took 40ns 
369248     INFO  main            d.u.i.k.p.i.AbstractProblemLoader Creating init config 
371517     DEBUG main            d.u.i.k.p.i.AbstractProblemLoader Init config took 2.27s 
371530     INFO  main            d.u.i.k.p.i.AbstractProblemLoader Replaying proof simplify14.key 
371531     DEBUG main            d.u.i.k.p.i.IntermediateProofReplayer Proof replay took 2.4ns 
371632     INFO  main            d.u.i.k.p.r.p.TestFile    ... finished proof: closed. 
372024     INFO  main            d.u.i.k.p.i.AbstractProblemLoader Loading environment from /home/runner/work/key/key/key.core/../key.ui/examples/standard_key/polySimp/simplify14.key.proof 
372024     DEBUG main            d.u.i.k.p.i.AbstractProblemLoader Environment load took 70ns 
372025     INFO  main            d.u.i.k.p.i.AbstractProblemLoader Creating init config 
374237     DEBUG main            d.u.i.k.p.i.AbstractProblemLoader Init config took 2.21s 
374249     INFO  main            d.u.i.k.p.i.AbstractProblemLoader Replaying proof simplify14.key.proof 
374252     DEBUG main            d.u.i.k.p.i.IntermediateProofReplayer Proof replay took 1.24ms 
374252     DEBUG main            d.u.i.k.p.r.p.TestFile    ... success: reloaded. 
374253     INFO  main            d.u.i.k.p.r.p.TestFile    Now processing file /home/runner/work/key/key/key.core/../key.ui/examples/standard_key/polySimp/simplify15.key 
374253     INFO  main            d.u.i.k.p.i.AbstractProblemLoader Loading environment from /home/runner/work/key/key/key.core/../key.ui/examples/standard_key/polySimp/simplify15.key 
374253     DEBUG main            d.u.i.k.p.i.AbstractProblemLoader Environment load took 39.5ns 
374254     INFO  main            d.u.i.k.p.i.AbstractProblemLoader Creating init config 
376504     DEBUG main            d.u.i.k.p.i.AbstractProblemLoader Init config took 2.25s 
376515     INFO  main            d.u.i.k.p.i.AbstractProblemLoader Replaying proof simplify15.key 
376516     DEBUG main            d.u.i.k.p.i.IntermediateProofReplayer Proof replay took 2.2ns 
376617     INFO  main            d.u.i.k.p.r.p.TestFile    ... finished proof: closed. 
377014     INFO  main            d.u.i.k.p.i.AbstractProblemLoader Loading environment from /home/runner/work/key/key/key.core/../key.ui/examples/standard_key/polySimp/simplify15.key.proof 
377014     DEBUG main            d.u.i.k.p.i.AbstractProblemLoader Environment load took 68.4ns 
377015     INFO  main            d.u.i.k.p.i.AbstractProblemLoader Creating init config 
379232     DEBUG main            d.u.i.k.p.i.AbstractProblemLoader Init config took 2.22s 
379244     INFO  main            d.u.i.k.p.i.AbstractProblemLoader Replaying proof simplify15.key.proof 
379245     DEBUG main            d.u.i.k.p.i.IntermediateProofReplayer Proof replay took 574ns 
379246     DEBUG main            d.u.i.k.p.r.p.TestFile    ... success: reloaded. 
379246     INFO  main            d.u.i.k.p.r.p.TestFile    Now processing file /home/runner/work/key/key/key.core/../key.ui/examples/standard_key/polySimp/simplify16.key 
379246     INFO  main            d.u.i.k.p.i.AbstractProblemLoader Loading environment from /home/runner/work/key/key/key.core/../key.ui/examples/standard_key/polySimp/simplify16.key 
379246     DEBUG main            d.u.i.k.p.i.AbstractProblemLoader Environment load took 36.2ns 
379247     INFO  main            d.u.i.k.p.i.AbstractProblemLoader Creating init config 
381519     DEBUG main            d.u.i.k.p.i.AbstractProblemLoader Init config took 2.27s 
381531     INFO  main            d.u.i.k.p.i.AbstractProblemLoader Replaying proof simplify16.key 
381532     DEBUG main            d.u.i.k.p.i.IntermediateProofReplayer Proof replay took 2.8ns 
381633     INFO  main            d.u.i.k.p.r.p.TestFile    ... finished proof: closed. 
382033     INFO  main            d.u.i.k.p.i.AbstractProblemLoader Loading environment from /home/runner/work/key/key/key.core/../key.ui/examples/standard_key/polySimp/simplify16.key.proof 
382033     DEBUG main            d.u.i.k.p.i.AbstractProblemLoader Environment load took 63.2ns 
382034     INFO  main            d.u.i.k.p.i.AbstractProblemLoader Creating init config 
384246     DEBUG main            d.u.i.k.p.i.AbstractProblemLoader Init config took 2.21s 
384257     INFO  main            d.u.i.k.p.i.AbstractProblemLoader Replaying proof simplify16.key.proof 
384259     DEBUG main            d.u.i.k.p.i.IntermediateProofReplayer Proof replay took 388.8ns 
384259     DEBUG main            d.u.i.k.p.r.p.TestFile    ... success: reloaded. 
384260     INFO  main            d.u.i.k.p.r.p.TestFile    Now processing file /home/runner/work/key/key/key.core/../key.ui/examples/standard_key/polySimp/simplify17.key 
384260     INFO  main            d.u.i.k.p.i.AbstractProblemLoader Loading environment from /home/runner/work/key/key/key.core/../key.ui/examples/standard_key/polySimp/simplify17.key 
384260     DEBUG main            d.u.i.k.p.i.AbstractProblemLoader Environment load took 55.3ns 
384261     INFO  main            d.u.i.k.p.i.AbstractProblemLoader Creating init config 
386506     DEBUG main            d.u.i.k.p.i.AbstractProblemLoader Init config took 2.25s 
386517     INFO  main            d.u.i.k.p.i.AbstractProblemLoader Replaying proof simplify17.key 
386518     DEBUG main            d.u.i.k.p.i.IntermediateProofReplayer Proof replay took 2.1ns 
386620     INFO  main            d.u.i.k.p.r.p.TestFile    ... finished proof: closed. 
387042     INFO  main            d.u.i.k.p.i.AbstractProblemLoader Loading environment from /home/runner/work/key/key/key.core/../key.ui/examples/standard_key/polySimp/simplify17.key.proof 
387043     DEBUG main            d.u.i.k.p.i.AbstractProblemLoader Environment load took 70.2ns 
387043     INFO  main            d.u.i.k.p.i.AbstractProblemLoader Creating init config 
389263     DEBUG main            d.u.i.k.p.i.AbstractProblemLoader Init config took 2.22s 
389275     INFO  main            d.u.i.k.p.i.AbstractProblemLoader Replaying proof simplify17.key.proof 
389281     DEBUG main            d.u.i.k.p.i.IntermediateProofReplayer Proof replay took 4.86ms 
389282     DEBUG main            d.u.i.k.p.r.p.TestFile    ... success: reloaded. 
389282     INFO  main            d.u.i.k.p.r.p.TestFile    Now processing file /home/runner/work/key/key/key.core/../key.ui/examples/standard_key/polySimp/simplify18.key 
389283     INFO  main            d.u.i.k.p.i.AbstractProblemLoader Loading environment from /home/runner/work/key/key/key.core/../key.ui/examples/standard_key/polySimp/simplify18.key 
389283     DEBUG main            d.u.i.k.p.i.AbstractProblemLoader Environment load took 42.6ns 
389283     INFO  main            d.u.i.k.p.i.AbstractProblemLoader Creating init config 
391601     DEBUG main            d.u.i.k.p.i.AbstractProblemLoader Init config took 2.32s 
391613     INFO  main            d.u.i.k.p.i.AbstractProblemLoader Replaying proof simplify18.key 
391614     DEBUG main            d.u.i.k.p.i.IntermediateProofReplayer Proof replay took 2.2ns 
391816     INFO  main            d.u.i.k.p.r.p.TestFile    ... finished proof: closed. 
392242     INFO  main            d.u.i.k.p.i.AbstractProblemLoader Loading environment from /home/runner/work/key/key/key.core/../key.ui/examples/standard_key/polySimp/simplify18.key.proof 
392242     DEBUG main            d.u.i.k.p.i.AbstractProblemLoader Environment load took 76.3ns 
392243     INFO  main            d.u.i.k.p.i.AbstractProblemLoader Creating init config 
394471     DEBUG main            d.u.i.k.p.i.AbstractProblemLoader Init config took 2.23s 
394483     INFO  main            d.u.i.k.p.i.AbstractProblemLoader Replaying proof simplify18.key.proof 
394498     DEBUG main            d.u.i.k.p.i.IntermediateProofReplayer Proof replay took 12.59ms 
394498     DEBUG main            d.u.i.k.p.r.p.TestFile    ... success: reloaded. 
394499     INFO  main            d.u.i.k.p.r.p.TestFile    Now processing file /home/runner/work/key/key/key.core/../key.ui/examples/standard_key/polySimp/simplify19.key 
394499     INFO  main            d.u.i.k.p.i.AbstractProblemLoader Loading environment from /home/runner/work/key/key/key.core/../key.ui/examples/standard_key/polySimp/simplify19.key 
394499     DEBUG main            d.u.i.k.p.i.AbstractProblemLoader Environment load took 60.1ns 
394500     INFO  main            d.u.i.k.p.i.AbstractProblemLoader Creating init config 
396762     DEBUG main            d.u.i.k.p.i.AbstractProblemLoader Init config took 2.26s 
396774     INFO  main            d.u.i.k.p.i.AbstractProblemLoader Replaying proof simplify19.key 
396775     DEBUG main            d.u.i.k.p.i.IntermediateProofReplayer Proof replay took 2.4ns 
399600     INFO  main            d.u.i.k.p.r.p.TestFile    ... finished proof: closed. 
400058     INFO  main            d.u.i.k.p.i.AbstractProblemLoader Loading environment from /home/runner/work/key/key/key.core/../key.ui/examples/standard_key/polySimp/simplify19.key.proof 
400058     DEBUG main            d.u.i.k.p.i.AbstractProblemLoader Environment load took 76.4ns 
400060     INFO  main            d.u.i.k.p.i.AbstractProblemLoader Creating init config 
402440     DEBUG main            d.u.i.k.p.i.AbstractProblemLoader Init config took 2.38s 
402455     INFO  main            d.u.i.k.p.i.AbstractProblemLoader Replaying proof simplify19.key.proof 
402752     DEBUG main            d.u.i.k.p.i.IntermediateProofReplayer Proof replay took 277.13ms 
402753     DEBUG main            d.u.i.k.p.r.p.TestFile    ... success: reloaded. 
402754     INFO  main            d.u.i.k.p.r.p.TestFile    Now processing file /home/runner/work/key/key/key.core/../key.ui/examples/standard_key/polySimp/simplify2.key 
402754     INFO  main            d.u.i.k.p.i.AbstractProblemLoader Loading environment from /home/runner/work/key/key/key.core/../key.ui/examples/standard_key/polySimp/simplify2.key 
402754     DEBUG main            d.u.i.k.p.i.AbstractProblemLoader Environment load took 447.3ns 
402755     INFO  main            d.u.i.k.p.i.AbstractProblemLoader Creating init config 
405147     DEBUG main            d.u.i.k.p.i.AbstractProblemLoader Init config took 2.39s 
405158     INFO  main            d.u.i.k.p.i.AbstractProblemLoader Replaying proof simplify2.key 
405161     DEBUG main            d.u.i.k.p.i.IntermediateProofReplayer Proof replay took 2.4ns 
405262     INFO  main            d.u.i.k.p.r.p.TestFile    ... finished proof: closed. 
405730     INFO  main            d.u.i.k.p.i.AbstractProblemLoader Loading environment from /home/runner/work/key/key/key.core/../key.ui/examples/standard_key/polySimp/simplify2.key.proof 
405730     DEBUG main            d.u.i.k.p.i.AbstractProblemLoader Environment load took 67.9ns 
405731     INFO  main            d.u.i.k.p.i.AbstractProblemLoader Creating init config 
407937     DEBUG main            d.u.i.k.p.i.AbstractProblemLoader Init config took 2.21s 
407949     INFO  main            d.u.i.k.p.i.AbstractProblemLoader Replaying proof simplify2.key.proof 
407950     DEBUG main            d.u.i.k.p.i.IntermediateProofReplayer Proof replay took 715ns 
407951     DEBUG main            d.u.i.k.p.r.p.TestFile    ... success: reloaded. 
407951     INFO  main            d.u.i.k.p.r.p.TestFile    Now processing file /home/runner/work/key/key/key.core/../key.ui/examples/standard_key/polySimp/simplify20.key 
407951     INFO  main            d.u.i.k.p.i.AbstractProblemLoader Loading environment from /home/runner/work/key/key/key.core/../key.ui/examples/standard_key/polySimp/simplify20.key 
407951     DEBUG main            d.u.i.k.p.i.AbstractProblemLoader Environment load took 40.8ns 
407952     INFO  main            d.u.i.k.p.i.AbstractProblemLoader Creating init config 
410182     DEBUG main            d.u.i.k.p.i.AbstractProblemLoader Init config took 2.23s 
410194     INFO  main            d.u.i.k.p.i.AbstractProblemLoader Replaying proof simplify20.key 
410195     DEBUG main            d.u.i.k.p.i.IntermediateProofReplayer Proof replay took 2.2ns 
410799     INFO  main            d.u.i.k.p.r.p.TestFile    ... finished proof: closed. 
411270     INFO  main            d.u.i.k.p.i.AbstractProblemLoader Loading environment from /home/runner/work/key/key/key.core/../key.ui/examples/standard_key/polySimp/simplify20.key.proof 
411270     DEBUG main            d.u.i.k.p.i.AbstractProblemLoader Environment load took 360.4ns 
411272     INFO  main            d.u.i.k.p.i.AbstractProblemLoader Creating init config 
413494     DEBUG main            d.u.i.k.p.i.AbstractProblemLoader Init config took 2.22s 
413507     INFO  main            d.u.i.k.p.i.AbstractProblemLoader Replaying proof simplify20.key.proof 
413567     DEBUG main            d.u.i.k.p.i.IntermediateProofReplayer Proof replay took 54.94ms 
413568     DEBUG main            d.u.i.k.p.r.p.TestFile    ... success: reloaded. 
413568     INFO  main            d.u.i.k.p.r.p.TestFile    Now processing file /home/runner/work/key/key/key.core/../key.ui/examples/standard_key/polySimp/simplify21.key 
413569     INFO  main            d.u.i.k.p.i.AbstractProblemLoader Loading environment from /home/runner/work/key/key/key.core/../key.ui/examples/standard_key/polySimp/simplify21.key 
413569     DEBUG main            d.u.i.k.p.i.AbstractProblemLoader Environment load took 72.1ns 
413571     INFO  main            d.u.i.k.p.i.AbstractProblemLoader Creating init config 
415814     DEBUG main            d.u.i.k.p.i.AbstractProblemLoader Init config took 2.24s 
415827     INFO  main            d.u.i.k.p.i.AbstractProblemLoader Replaying proof simplify21.key 
415828     DEBUG main            d.u.i.k.p.i.IntermediateProofReplayer Proof replay took 2.5ns 
416439     INFO  main            d.u.i.k.p.r.p.TestFile    ... finished proof: closed. 
416923     INFO  main            d.u.i.k.p.i.AbstractProblemLoader Loading environment from /home/runner/work/key/key/key.core/../key.ui/examples/standard_key/polySimp/simplify21.key.proof 
416923     DEBUG main            d.u.i.k.p.i.AbstractProblemLoader Environment load took 76.5ns 
416925     INFO  main            d.u.i.k.p.i.AbstractProblemLoader Creating init config 
419136     DEBUG main            d.u.i.k.p.i.AbstractProblemLoader Init config took 2.21s 
419152     INFO  main            d.u.i.k.p.i.AbstractProblemLoader Replaying proof simplify21.key.proof 
419199     DEBUG main            d.u.i.k.p.i.IntermediateProofReplayer Proof replay took 43.5ms 
419201     DEBUG main            d.u.i.k.p.r.p.TestFile    ... success: reloaded. 
419202     INFO  main            d.u.i.k.p.r.p.TestFile    Now processing file /home/runner/work/key/key/key.core/../key.ui/examples/standard_key/polySimp/simplify22.key 
419202     INFO  main            d.u.i.k.p.i.AbstractProblemLoader Loading environment from /home/runner/work/key/key/key.core/../key.ui/examples/standard_key/polySimp/simplify22.key 
419202     DEBUG main            d.u.i.k.p.i.AbstractProblemLoader Environment load took 177.1ns 
419203     INFO  main            d.u.i.k.p.i.AbstractProblemLoader Creating init config 
421451     DEBUG main            d.u.i.k.p.i.AbstractProblemLoader Init config took 2.25s 
421462     INFO  main            d.u.i.k.p.i.AbstractProblemLoader Replaying proof simplify22.key 
421463     DEBUG main            d.u.i.k.p.i.IntermediateProofReplayer Proof replay took 2.2ns 
421564     INFO  main            d.u.i.k.p.r.p.TestFile    ... finished proof: closed. 
422028     INFO  main            d.u.i.k.p.i.AbstractProblemLoader Loading environment from /home/runner/work/key/key/key.core/../key.ui/examples/standard_key/polySimp/simplify22.key.proof 
422029     DEBUG main            d.u.i.k.p.i.AbstractProblemLoader Environment load took 68.5ns 
422029     INFO  main            d.u.i.k.p.i.AbstractProblemLoader Creating init config 
424233     DEBUG main            d.u.i.k.p.i.AbstractProblemLoader Init config took 2.2s 
424245     INFO  main            d.u.i.k.p.i.AbstractProblemLoader Replaying proof simplify22.key.proof 
424248     DEBUG main            d.u.i.k.p.i.IntermediateProofReplayer Proof replay took 2.13ms 
424249     DEBUG main            d.u.i.k.p.r.p.TestFile    ... success: reloaded. 
424249     INFO  main            d.u.i.k.p.r.p.TestFile    Now processing file /home/runner/work/key/key/key.core/../key.ui/examples/standard_key/polySimp/simplify23.key 
424249     INFO  main            d.u.i.k.p.i.AbstractProblemLoader Loading environment from /home/runner/work/key/key/key.core/../key.ui/examples/standard_key/polySimp/simplify23.key 
424249     DEBUG main            d.u.i.k.p.i.AbstractProblemLoader Environment load took 70.6ns 
424250     INFO  main            d.u.i.k.p.i.AbstractProblemLoader Creating init config 
426481     DEBUG main            d.u.i.k.p.i.AbstractProblemLoader Init config took 2.23s 
426493     INFO  main            d.u.i.k.p.i.AbstractProblemLoader Replaying proof simplify23.key 
426494     DEBUG main            d.u.i.k.p.i.IntermediateProofReplayer Proof replay took 2.7ns 
426596     INFO  main            d.u.i.k.p.r.p.TestFile    ... finished proof: closed. 
427050     INFO  main            d.u.i.k.p.i.AbstractProblemLoader Loading environment from /home/runner/work/key/key/key.core/../key.ui/examples/standard_key/polySimp/simplify23.key.proof 
427050     DEBUG main            d.u.i.k.p.i.AbstractProblemLoader Environment load took 73.9ns 
427051     INFO  main            d.u.i.k.p.i.AbstractProblemLoader Creating init config 
429260     DEBUG main            d.u.i.k.p.i.AbstractProblemLoader Init config took 2.21s 
429272     INFO  main            d.u.i.k.p.i.AbstractProblemLoader Replaying proof simplify23.key.proof 
429285     DEBUG main            d.u.i.k.p.i.IntermediateProofReplayer Proof replay took 11ms 
429286     DEBUG main            d.u.i.k.p.r.p.TestFile    ... success: reloaded. 
429286     INFO  main            d.u.i.k.p.r.p.TestFile    Now processing file /home/runner/work/key/key/key.core/../key.ui/examples/standard_key/polySimp/simplify24.key 
429286     INFO  main            d.u.i.k.p.i.AbstractProblemLoader Loading environment from /home/runner/work/key/key/key.core/../key.ui/examples/standard_key/polySimp/simplify24.key 
429286     DEBUG main            d.u.i.k.p.i.AbstractProblemLoader Environment load took 64.7ns 
429287     INFO  main            d.u.i.k.p.i.AbstractProblemLoader Creating init config 
431532     DEBUG main            d.u.i.k.p.i.AbstractProblemLoader Init config took 2.24s 
431544     INFO  main            d.u.i.k.p.i.AbstractProblemLoader Replaying proof simplify24.key 
431545     DEBUG main            d.u.i.k.p.i.IntermediateProofReplayer Proof replay took 2ns 
431646     INFO  main            d.u.i.k.p.r.p.TestFile    ... finished proof: closed. 
432106     INFO  main            d.u.i.k.p.i.AbstractProblemLoader Loading environment from /home/runner/work/key/key/key.core/../key.ui/examples/standard_key/polySimp/simplify24.key.proof 
432107     DEBUG main            d.u.i.k.p.i.AbstractProblemLoader Environment load took 67.7ns 
432107     INFO  main            d.u.i.k.p.i.AbstractProblemLoader Creating init config 
434312     DEBUG main            d.u.i.k.p.i.AbstractProblemLoader Init config took 2.2s 
434324     INFO  main            d.u.i.k.p.i.AbstractProblemLoader Replaying proof simplify24.key.proof 
434327     DEBUG main            d.u.i.k.p.i.IntermediateProofReplayer Proof replay took 2.34ms 
434328     DEBUG main            d.u.i.k.p.r.p.TestFile    ... success: reloaded. 
434328     INFO  main            d.u.i.k.p.r.p.TestFile    Now processing file /home/runner/work/key/key/key.core/../key.ui/examples/standard_key/polySimp/simplify25.key 
434329     INFO  main            d.u.i.k.p.i.AbstractProblemLoader Loading environment from /home/runner/work/key/key/key.core/../key.ui/examples/standard_key/polySimp/simplify25.key 
434329     DEBUG main            d.u.i.k.p.i.AbstractProblemLoader Environment load took 69.8ns 
434329     INFO  main            d.u.i.k.p.i.AbstractProblemLoader Creating init config 
436569     DEBUG main            d.u.i.k.p.i.AbstractProblemLoader Init config took 2.24s 
436581     INFO  main            d.u.i.k.p.i.AbstractProblemLoader Replaying proof simplify25.key 
436581     DEBUG main            d.u.i.k.p.i.IntermediateProofReplayer Proof replay took 2.2ns 
436684     INFO  main            d.u.i.k.p.r.p.TestFile    ... finished proof: closed. 
437143     INFO  main            d.u.i.k.p.i.AbstractProblemLoader Loading environment from /home/runner/work/key/key/key.core/../key.ui/examples/standard_key/polySimp/simplify25.key.proof 
437143     DEBUG main            d.u.i.k.p.i.AbstractProblemLoader Environment load took 69.3ns 
437144     INFO  main            d.u.i.k.p.i.AbstractProblemLoader Creating init config 
439358     DEBUG main            d.u.i.k.p.i.AbstractProblemLoader Init config took 2.21s 
439370     INFO  main            d.u.i.k.p.i.AbstractProblemLoader Replaying proof simplify25.key.proof 
439373     DEBUG main            d.u.i.k.p.i.IntermediateProofReplayer Proof replay took 2.23ms 
439374     DEBUG main            d.u.i.k.p.r.p.TestFile    ... success: reloaded. 
439374     INFO  main            d.u.i.k.p.r.p.TestFile    Now processing file /home/runner/work/key/key/key.core/../key.ui/examples/standard_key/polySimp/simplify3.key 
439375     INFO  main            d.u.i.k.p.i.AbstractProblemLoader Loading environment from /home/runner/work/key/key/key.core/../key.ui/examples/standard_key/polySimp/simplify3.key 
439375     DEBUG main            d.u.i.k.p.i.AbstractProblemLoader Environment load took 40.9ns 
439375     INFO  main            d.u.i.k.p.i.AbstractProblemLoader Creating init config 
441611     DEBUG main            d.u.i.k.p.i.AbstractProblemLoader Init config took 2.24s 
441623     INFO  main            d.u.i.k.p.i.AbstractProblemLoader Replaying proof simplify3.key 
441624     DEBUG main            d.u.i.k.p.i.IntermediateProofReplayer Proof replay took 2.2ns 
441725     INFO  main            d.u.i.k.p.r.p.TestFile    ... finished proof: closed. 
442188     INFO  main            d.u.i.k.p.i.AbstractProblemLoader Loading environment from /home/runner/work/key/key/key.core/../key.ui/examples/standard_key/polySimp/simplify3.key.proof 
442188     DEBUG main            d.u.i.k.p.i.AbstractProblemLoader Environment load took 65.2ns 
442189     INFO  main            d.u.i.k.p.i.AbstractProblemLoader Creating init config 
444407     DEBUG main            d.u.i.k.p.i.AbstractProblemLoader Init config took 2.22s 
444418     INFO  main            d.u.i.k.p.i.AbstractProblemLoader Replaying proof simplify3.key.proof 
444420     DEBUG main            d.u.i.k.p.i.IntermediateProofReplayer Proof replay took 764.3ns 
444421     DEBUG main            d.u.i.k.p.r.p.TestFile    ... success: reloaded. 
444421     INFO  main            d.u.i.k.p.r.p.TestFile    Now processing file /home/runner/work/key/key/key.core/../key.ui/examples/standard_key/polySimp/simplify4.key 
444421     INFO  main            d.u.i.k.p.i.AbstractProblemLoader Loading environment from /home/runner/work/key/key/key.core/../key.ui/examples/standard_key/polySimp/simplify4.key 
444421     DEBUG main            d.u.i.k.p.i.AbstractProblemLoader Environment load took 39.7ns 
444422     INFO  main            d.u.i.k.p.i.AbstractProblemLoader Creating init config 
446651     DEBUG main            d.u.i.k.p.i.AbstractProblemLoader Init config took 2.23s 
446663     INFO  main            d.u.i.k.p.i.AbstractProblemLoader Replaying proof simplify4.key 
446664     DEBUG main            d.u.i.k.p.i.IntermediateProofReplayer Proof replay took 2.2ns 
446765     INFO  main            d.u.i.k.p.r.p.TestFile    ... finished proof: closed. 
447228     INFO  main            d.u.i.k.p.i.AbstractProblemLoader Loading environment from /home/runner/work/key/key/key.core/../key.ui/examples/standard_key/polySimp/simplify4.key.proof 
447229     DEBUG main            d.u.i.k.p.i.AbstractProblemLoader Environment load took 70ns 
447229     INFO  main            d.u.i.k.p.i.AbstractProblemLoader Creating init config 
449442     DEBUG main            d.u.i.k.p.i.AbstractProblemLoader Init config took 2.21s 
449454     INFO  main            d.u.i.k.p.i.AbstractProblemLoader Replaying proof simplify4.key.proof 
449456     DEBUG main            d.u.i.k.p.i.IntermediateProofReplayer Proof replay took 990.5ns 
449457     DEBUG main            d.u.i.k.p.r.p.TestFile    ... success: reloaded. 
449457     INFO  main            d.u.i.k.p.r.p.TestFile    Now processing file /home/runner/work/key/key/key.core/../key.ui/examples/standard_key/polySimp/simplify5.key 
449457     INFO  main            d.u.i.k.p.i.AbstractProblemLoader Loading environment from /home/runner/work/key/key/key.core/../key.ui/examples/standard_key/polySimp/simplify5.key 
449457     DEBUG main            d.u.i.k.p.i.AbstractProblemLoader Environment load took 58.3ns 
449458     INFO  main            d.u.i.k.p.i.AbstractProblemLoader Creating init config 
451688     DEBUG main            d.u.i.k.p.i.AbstractProblemLoader Init config took 2.23s 
451700     INFO  main            d.u.i.k.p.i.AbstractProblemLoader Replaying proof simplify5.key 
451701     DEBUG main            d.u.i.k.p.i.IntermediateProofReplayer Proof replay took 2.7ns 
451802     INFO  main            d.u.i.k.p.r.p.TestFile    ... finished proof: closed. 
452271     INFO  main            d.u.i.k.p.i.AbstractProblemLoader Loading environment from /home/runner/work/key/key/key.core/../key.ui/examples/standard_key/polySimp/simplify5.key.proof 
452271     DEBUG main            d.u.i.k.p.i.AbstractProblemLoader Environment load took 66.1ns 
452272     INFO  main            d.u.i.k.p.i.AbstractProblemLoader Creating init config 
454480     DEBUG main            d.u.i.k.p.i.AbstractProblemLoader Init config took 2.21s 
454493     INFO  main            d.u.i.k.p.i.AbstractProblemLoader Replaying proof simplify5.key.proof 
454500     DEBUG main            d.u.i.k.p.i.IntermediateProofReplayer Proof replay took 5.29ms 
454500     DEBUG main            d.u.i.k.p.r.p.TestFile    ... success: reloaded. 
454501     INFO  main            d.u.i.k.p.r.p.TestFile    Now processing file /home/runner/work/key/key/key.core/../key.ui/examples/standard_key/polySimp/simplify6.key 
454502     INFO  main            d.u.i.k.p.i.AbstractProblemLoader Loading environment from /home/runner/work/key/key/key.core/../key.ui/examples/standard_key/polySimp/simplify6.key 
454502     DEBUG main            d.u.i.k.p.i.AbstractProblemLoader Environment load took 181.9ns 
454503     INFO  main            d.u.i.k.p.i.AbstractProblemLoader Creating init config 
456738     DEBUG main            d.u.i.k.p.i.AbstractProblemLoader Init config took 2.23s 
456764     INFO  main            d.u.i.k.p.i.AbstractProblemLoader Replaying proof simplify6.key 
456765     DEBUG main            d.u.i.k.p.i.IntermediateProofReplayer Proof replay took 2.2ns 
456866     INFO  main            d.u.i.k.p.r.p.TestFile    ... finished proof: closed. 
457340     INFO  main            d.u.i.k.p.i.AbstractProblemLoader Loading environment from /home/runner/work/key/key/key.core/../key.ui/examples/standard_key/polySimp/simplify6.key.proof 
457340     DEBUG main            d.u.i.k.p.i.AbstractProblemLoader Environment load took 70.2ns 
457341     INFO  main            d.u.i.k.p.i.AbstractProblemLoader Creating init config 
459549     DEBUG main            d.u.i.k.p.i.AbstractProblemLoader Init config took 2.21s 
459562     INFO  main            d.u.i.k.p.i.AbstractProblemLoader Replaying proof simplify6.key.proof 
459563     DEBUG main            d.u.i.k.p.i.IntermediateProofReplayer Proof replay took 305.7ns 
459564     DEBUG main            d.u.i.k.p.r.p.TestFile    ... success: reloaded. 
459564     INFO  main            d.u.i.k.p.r.p.TestFile    Now processing file /home/runner/work/key/key/key.core/../key.ui/examples/standard_key/polySimp/simplify7.key 
459564     INFO  main            d.u.i.k.p.i.AbstractProblemLoader Loading environment from /home/runner/work/key/key/key.core/../key.ui/examples/standard_key/polySimp/simplify7.key 
459564     DEBUG main            d.u.i.k.p.i.AbstractProblemLoader Environment load took 40.4ns 
459565     INFO  main            d.u.i.k.p.i.AbstractProblemLoader Creating init config 
461816     DEBUG main            d.u.i.k.p.i.AbstractProblemLoader Init config took 2.25s 
461828     INFO  main            d.u.i.k.p.i.AbstractProblemLoader Replaying proof simplify7.key 
461829     DEBUG main            d.u.i.k.p.i.IntermediateProofReplayer Proof replay took 2.6ns 
461930     INFO  main            d.u.i.k.p.r.p.TestFile    ... finished proof: closed. 
462410     INFO  main            d.u.i.k.p.i.AbstractProblemLoader Loading environment from /home/runner/work/key/key/key.core/../key.ui/examples/standard_key/polySimp/simplify7.key.proof 
462410     DEBUG main            d.u.i.k.p.i.AbstractProblemLoader Environment load took 77.7ns 
462411     INFO  main            d.u.i.k.p.i.AbstractProblemLoader Creating init config 
464616     DEBUG main            d.u.i.k.p.i.AbstractProblemLoader Init config took 2.21s 
464629     INFO  main            d.u.i.k.p.i.AbstractProblemLoader Replaying proof simplify7.key.proof 
464631     DEBUG main            d.u.i.k.p.i.IntermediateProofReplayer Proof replay took 526.3ns 
464632     DEBUG main            d.u.i.k.p.r.p.TestFile    ... success: reloaded. 
464632     INFO  main            d.u.i.k.p.r.p.TestFile    Now processing file /home/runner/work/key/key/key.core/../key.ui/examples/standard_key/polySimp/simplify8.key 
464632     INFO  main            d.u.i.k.p.i.AbstractProblemLoader Loading environment from /home/runner/work/key/key/key.core/../key.ui/examples/standard_key/polySimp/simplify8.key 
464632     DEBUG main            d.u.i.k.p.i.AbstractProblemLoader Environment load took 53.3ns 
464635     INFO  main            d.u.i.k.p.i.AbstractProblemLoader Creating init config 
466884     DEBUG main            d.u.i.k.p.i.AbstractProblemLoader Init config took 2.25s 
466897     INFO  main            d.u.i.k.p.i.AbstractProblemLoader Replaying proof simplify8.key 
466898     DEBUG main            d.u.i.k.p.i.IntermediateProofReplayer Proof replay took 2.3ns 
470120     INFO  main            d.u.i.k.p.r.p.TestFile    ... finished proof: closed. 
470630     INFO  main            d.u.i.k.p.i.AbstractProblemLoader Loading environment from /home/runner/work/key/key/key.core/../key.ui/examples/standard_key/polySimp/simplify8.key.proof 
470630     DEBUG main            d.u.i.k.p.i.AbstractProblemLoader Environment load took 66.7ns 
470632     INFO  main            d.u.i.k.p.i.AbstractProblemLoader Creating init config 
472853     DEBUG main            d.u.i.k.p.i.AbstractProblemLoader Init config took 2.22s 
472869     INFO  main            d.u.i.k.p.i.AbstractProblemLoader Replaying proof simplify8.key.proof 
473059     DEBUG main            d.u.i.k.p.i.IntermediateProofReplayer Proof replay took 185.9ms 
473061     DEBUG main            d.u.i.k.p.r.p.TestFile    ... success: reloaded. 
473061     INFO  main            d.u.i.k.p.r.p.TestFile    Now processing file /home/runner/work/key/key/key.core/../key.ui/examples/standard_key/polySimp/simplify9.key 
473062     INFO  main            d.u.i.k.p.i.AbstractProblemLoader Loading environment from /home/runner/work/key/key/key.core/../key.ui/examples/standard_key/polySimp/simplify9.key 
473062     DEBUG main            d.u.i.k.p.i.AbstractProblemLoader Environment load took 56.5ns 
473063     INFO  main            d.u.i.k.p.i.AbstractProblemLoader Creating init config 
475331     DEBUG main            d.u.i.k.p.i.AbstractProblemLoader Init config took 2.27s 
475343     INFO  main            d.u.i.k.p.i.AbstractProblemLoader Replaying proof simplify9.key 
475344     DEBUG main            d.u.i.k.p.i.IntermediateProofReplayer Proof replay took 2.2ns 
475561     INFO  main            d.u.i.k.p.r.p.TestFile    ... finished proof: closed. 
476084     INFO  main            d.u.i.k.p.i.AbstractProblemLoader Loading environment from /home/runner/work/key/key/key.core/../key.ui/examples/standard_key/polySimp/simplify9.key.proof 
476084     DEBUG main            d.u.i.k.p.i.AbstractProblemLoader Environment load took 64.4ns 
476085     INFO  main            d.u.i.k.p.i.AbstractProblemLoader Creating init config 
478298     DEBUG main            d.u.i.k.p.i.AbstractProblemLoader Init config took 2.21s 
478311     INFO  main            d.u.i.k.p.i.AbstractProblemLoader Replaying proof simplify9.key.proof 
478322     DEBUG main            d.u.i.k.p.i.IntermediateProofReplayer Proof replay took 8.93ms 
478323     DEBUG main            d.u.i.k.p.r.p.TestFile    ... success: reloaded. 
2806643    INFO  Test worker     d.u.i.k.p.r.RunAllProofsTestUnit Returning from test arithmetic 
2806643    INFO  Test worker     d.u.i.k.p.r.RunAllProofsTestUnit Running test arrays 
333        INFO  Timeout watchdog d.u.i.k.p.r.p.ForkedTestFileRunner Timeout watcher launched (2000 secs.) 
358        WARN  main            d.u.i.k.s.ProofSettings   The settings in /home/runner/.key/proof-settings.props are *not* read. 
397        INFO  main            d.u.i.k.p.r.p.TestFile    Now processing file /home/runner/work/key/key/key.core/../key.ui/examples/standard_key/arrays/arrayStoreException/array2DimPrim.key 
518        INFO  main            d.u.i.k.p.i.AbstractProblemLoader Loading environment from /home/runner/work/key/key/key.core/../key.ui/examples/standard_key/arrays/arrayStoreException/array2DimPrim.key 
534        DEBUG main            d.u.i.k.p.i.AbstractProblemLoader Environment load took 2.21ms 
803        INFO  main            d.u.i.k.p.i.AbstractProblemLoader Creating init config 
1744       DEBUG main            d.u.i.k.j.TypeConverter   No LDT found for Meta 
1745       DEBUG main            d.u.i.k.j.TypeConverter   No LDT found for Meta 
1748       DEBUG main            d.u.i.k.j.TypeConverter   No LDT found for Meta 
1748       DEBUG main            d.u.i.k.j.TypeConverter   No LDT found for Meta 
2914       DEBUG main            d.u.i.k.j.TypeConverter   No LDT found for JavaBigintExpression 
7697       DEBUG main            d.u.i.k.p.i.AbstractProblemLoader Init config took 6.89s 
7762       INFO  main            d.u.i.k.p.i.AbstractProblemLoader Replaying proof array2DimPrim.key 
7794       DEBUG main            d.u.i.k.p.i.IntermediateProofReplayer Proof replay took 34.9ns 
11488      INFO  main            d.u.i.k.p.r.p.TestFile    ... finished proof: closed. 
11716      INFO  main            d.u.i.k.p.i.AbstractProblemLoader Loading environment from /home/runner/work/key/key/key.core/../key.ui/examples/standard_key/arrays/arrayStoreException/array2DimPrim.key.proof 
11716      DEBUG main            d.u.i.k.p.i.AbstractProblemLoader Environment load took 417.8ns 
11721      INFO  main            d.u.i.k.p.i.AbstractProblemLoader Creating init config 
14584      DEBUG main            d.u.i.k.p.i.AbstractProblemLoader Init config took 2.86s 
14630      INFO  main            d.u.i.k.p.i.AbstractProblemLoader Replaying proof array2DimPrim.key.proof 
15207      DEBUG main            d.u.i.k.p.i.IntermediateProofReplayer Proof replay took 548.99ms 
15220      DEBUG main            d.u.i.k.p.r.p.TestFile    ... success: reloaded. 
15221      INFO  main            d.u.i.k.p.r.p.TestFile    Now processing file /home/runner/work/key/key/key.core/../key.ui/examples/standard_key/arrays/arrayStoreException/arrayStoreKnownDynType.key 
15222      INFO  main            d.u.i.k.p.i.AbstractProblemLoader Loading environment from /home/runner/work/key/key/key.core/../key.ui/examples/standard_key/arrays/arrayStoreException/arrayStoreKnownDynType.key 
15222      DEBUG main            d.u.i.k.p.i.AbstractProblemLoader Environment load took 199ns 
15224      INFO  main            d.u.i.k.p.i.AbstractProblemLoader Creating init config 
17765      DEBUG main            d.u.i.k.p.i.AbstractProblemLoader Init config took 2.54s 
17793      INFO  main            d.u.i.k.p.i.AbstractProblemLoader Replaying proof arrayStoreKnownDynType.key 
17795      DEBUG main            d.u.i.k.p.i.IntermediateProofReplayer Proof replay took 6.9ns 
17998      INFO  main            d.u.i.k.p.r.p.TestFile    ... finished proof: closed. 
18215      INFO  main            d.u.i.k.p.i.AbstractProblemLoader Loading environment from /home/runner/work/key/key/key.core/../key.ui/examples/standard_key/arrays/arrayStoreException/arrayStoreKnownDynType.key.proof 
18215      DEBUG main            d.u.i.k.p.i.AbstractProblemLoader Environment load took 140ns 
18216      INFO  main            d.u.i.k.p.i.AbstractProblemLoader Creating init config 
20707      DEBUG main            d.u.i.k.p.i.AbstractProblemLoader Init config took 2.49s 
20732      INFO  main            d.u.i.k.p.i.AbstractProblemLoader Replaying proof arrayStoreKnownDynType.key.proof 
20778      DEBUG main            d.u.i.k.p.i.IntermediateProofReplayer Proof replay took 42.17ms 
20779      DEBUG main            d.u.i.k.p.r.p.TestFile    ... success: reloaded. 
20781      INFO  main            d.u.i.k.p.r.p.TestFile    Now processing file /home/runner/work/key/key/key.core/../key.ui/examples/standard_key/arrays/arrayStoreException/reverseArray.key 
20782      INFO  main            d.u.i.k.p.i.AbstractProblemLoader Loading environment from /home/runner/work/key/key/key.core/../key.ui/examples/standard_key/arrays/arrayStoreException/reverseArray.key 
20782      DEBUG main            d.u.i.k.p.i.AbstractProblemLoader Environment load took 217.5ns 
20784      INFO  main            d.u.i.k.p.i.AbstractProblemLoader Creating init config 
23309      DEBUG main            d.u.i.k.p.i.AbstractProblemLoader Init config took 2.53s 
23335      INFO  main            d.u.i.k.p.i.AbstractProblemLoader Replaying proof reverseArray.key 
23338      DEBUG main            d.u.i.k.p.i.IntermediateProofReplayer Proof replay took 6.3ns 
23842      INFO  main            d.u.i.k.p.r.p.TestFile    ... finished proof: closed. 
23980      INFO  main            d.u.i.k.p.i.AbstractProblemLoader Loading environment from /home/runner/work/key/key/key.core/../key.ui/examples/standard_key/arrays/arrayStoreException/reverseArray.key.proof 
23981      DEBUG main            d.u.i.k.p.i.AbstractProblemLoader Environment load took 398.1ns 
23982      INFO  main            d.u.i.k.p.i.AbstractProblemLoader Creating init config 
26472      DEBUG main            d.u.i.k.p.i.AbstractProblemLoader Init config took 2.49s 
26500      INFO  main            d.u.i.k.p.i.AbstractProblemLoader Replaying proof reverseArray.key.proof 
26626      DEBUG main            d.u.i.k.p.i.IntermediateProofReplayer Proof replay took 119.89ms 
26628      DEBUG main            d.u.i.k.p.r.p.TestFile    ... success: reloaded. 
26631      INFO  main            d.u.i.k.p.r.p.TestFile    Now processing file /home/runner/work/key/key/key.core/../key.ui/examples/standard_key/arrays/arrayStoreException/throwArrayStoreException.key 
26631      INFO  main            d.u.i.k.p.i.AbstractProblemLoader Loading environment from /home/runner/work/key/key/key.core/../key.ui/examples/standard_key/arrays/arrayStoreException/throwArrayStoreException.key 
26632      DEBUG main            d.u.i.k.p.i.AbstractProblemLoader Environment load took 194.5ns 
26633      INFO  main            d.u.i.k.p.i.AbstractProblemLoader Creating init config 
29071      DEBUG main            d.u.i.k.p.i.AbstractProblemLoader Init config took 2.44s 
29094      INFO  main            d.u.i.k.p.i.AbstractProblemLoader Replaying proof throwArrayStoreException.key 
29096      DEBUG main            d.u.i.k.p.i.IntermediateProofReplayer Proof replay took 6ns 
29521      INFO  main            d.u.i.k.p.r.p.TestFile    ... finished proof: closed. 
29692      INFO  main            d.u.i.k.p.i.AbstractProblemLoader Loading environment from /home/runner/work/key/key/key.core/../key.ui/examples/standard_key/arrays/arrayStoreException/throwArrayStoreException.key.proof 
29692      DEBUG main            d.u.i.k.p.i.AbstractProblemLoader Environment load took 399.6ns 
29694      INFO  main            d.u.i.k.p.i.AbstractProblemLoader Creating init config 
32115      DEBUG main            d.u.i.k.p.i.AbstractProblemLoader Init config took 2.42s 
32138      INFO  main            d.u.i.k.p.i.AbstractProblemLoader Replaying proof throwArrayStoreException.key.proof 
32221      DEBUG main            d.u.i.k.p.i.IntermediateProofReplayer Proof replay took 78.83ms 
32222      DEBUG main            d.u.i.k.p.r.p.TestFile    ... success: reloaded. 
32223      INFO  main            d.u.i.k.p.r.p.TestFile    Now processing file /home/runner/work/key/key/key.core/../key.ui/examples/standard_key/arrays/creation/arrayCreation1.key 
32224      INFO  main            d.u.i.k.p.i.AbstractProblemLoader Loading environment from /home/runner/work/key/key/key.core/../key.ui/examples/standard_key/arrays/creation/arrayCreation1.key 
32224      DEBUG main            d.u.i.k.p.i.AbstractProblemLoader Environment load took 197.5ns 
32225      INFO  main            d.u.i.k.p.i.AbstractProblemLoader Creating init config 
34636      DEBUG main            d.u.i.k.p.i.AbstractProblemLoader Init config took 2.41s 
34656      INFO  main            d.u.i.k.p.i.AbstractProblemLoader Replaying proof arrayCreation1.key 
34658      DEBUG main            d.u.i.k.p.i.IntermediateProofReplayer Proof replay took 6ns 
34860      INFO  main            d.u.i.k.p.r.p.TestFile    ... finished proof: closed. 
35018      INFO  main            d.u.i.k.p.i.AbstractProblemLoader Loading environment from /home/runner/work/key/key/key.core/../key.ui/examples/standard_key/arrays/creation/arrayCreation1.key.proof 
35018      DEBUG main            d.u.i.k.p.i.AbstractProblemLoader Environment load took 110.4ns 
35020      INFO  main            d.u.i.k.p.i.AbstractProblemLoader Creating init config 
37425      DEBUG main            d.u.i.k.p.i.AbstractProblemLoader Init config took 2.41s 
37445      INFO  main            d.u.i.k.p.i.AbstractProblemLoader Replaying proof arrayCreation1.key.proof 
37469      DEBUG main            d.u.i.k.p.i.IntermediateProofReplayer Proof replay took 21.67ms 
37471      DEBUG main            d.u.i.k.p.r.p.TestFile    ... success: reloaded. 
37471      INFO  main            d.u.i.k.p.r.p.TestFile    Now processing file /home/runner/work/key/key/key.core/../key.ui/examples/standard_key/arrays/arrayStoreException/array2Dim.key 
37472      INFO  main            d.u.i.k.p.i.AbstractProblemLoader Loading environment from /home/runner/work/key/key/key.core/../key.ui/examples/standard_key/arrays/arrayStoreException/array2Dim.key 
37472      DEBUG main            d.u.i.k.p.i.AbstractProblemLoader Environment load took 201.9ns 
37473      INFO  main            d.u.i.k.p.i.AbstractProblemLoader Creating init config 
39902      DEBUG main            d.u.i.k.p.i.AbstractProblemLoader Init config took 2.43s 
39926      INFO  main            d.u.i.k.p.i.AbstractProblemLoader Replaying proof array2Dim.key 
39929      DEBUG main            d.u.i.k.p.i.IntermediateProofReplayer Proof replay took 6.5ns 
43276      INFO  main            d.u.i.k.p.r.p.TestFile    ... finished proof: open goal(s) 
43508      INFO  main            d.u.i.k.p.r.p.TestFile    Now processing file /home/runner/work/key/key/key.core/../key.ui/examples/standard_key/arrays/arrayStoreException/array2DimClose.key 
43508      INFO  main            d.u.i.k.p.i.AbstractProblemLoader Loading environment from /home/runner/work/key/key/key.core/../key.ui/examples/standard_key/arrays/arrayStoreException/array2DimClose.key 
43509      DEBUG main            d.u.i.k.p.i.AbstractProblemLoader Environment load took 66.5ns 
43510      INFO  main            d.u.i.k.p.i.AbstractProblemLoader Creating init config 
45859      DEBUG main            d.u.i.k.p.i.AbstractProblemLoader Init config took 2.35s 
45879      INFO  main            d.u.i.k.p.i.AbstractProblemLoader Replaying proof array2DimClose.key 
45881      DEBUG main            d.u.i.k.p.i.IntermediateProofReplayer Proof replay took 10.5ns 
48140      INFO  main            d.u.i.k.p.r.p.TestFile    ... finished proof: open goal(s) 
48453      INFO  main            d.u.i.k.p.r.p.TestFile    Now processing file /home/runner/work/key/key/key.core/../key.ui/examples/standard_key/arrays/arrayStoreException/throwASEForPrim.key 
48454      INFO  main            d.u.i.k.p.i.AbstractProblemLoader Loading environment from /home/runner/work/key/key/key.core/../key.ui/examples/standard_key/arrays/arrayStoreException/throwASEForPrim.key 
48454      DEBUG main            d.u.i.k.p.i.AbstractProblemLoader Environment load took 64.1ns 
48455      INFO  main            d.u.i.k.p.i.AbstractProblemLoader Creating init config 
50774      DEBUG main            d.u.i.k.p.i.AbstractProblemLoader Init config took 2.32s 
50792      INFO  main            d.u.i.k.p.i.AbstractProblemLoader Replaying proof throwASEForPrim.key 
50794      DEBUG main            d.u.i.k.p.i.IntermediateProofReplayer Proof replay took 6ns 
55308      INFO  main            d.u.i.k.p.r.p.TestFile    ... finished proof: open goal(s) 
2862422    INFO  Test worker     d.u.i.k.p.r.RunAllProofsTestUnit Returning from test arrays 
2862423    INFO  Test worker     d.u.i.k.p.r.RunAllProofsTestUnit Running test javadl 
335        INFO  Timeout watchdog d.u.i.k.p.r.p.ForkedTestFileRunner Timeout watcher launched (2000 secs.) 
342        WARN  main            d.u.i.k.s.ProofSettings   The settings in /home/runner/.key/proof-settings.props are *not* read. 
395        INFO  main            d.u.i.k.p.r.p.TestFile    Now processing file /home/runner/work/key/key/key.core/../key.ui/examples/standard_key/instanceCreation/instanceCreation1.key 
534        INFO  main            d.u.i.k.p.i.AbstractProblemLoader Loading environment from /home/runner/work/key/key/key.core/../key.ui/examples/standard_key/instanceCreation/instanceCreation1.key 
549        DEBUG main            d.u.i.k.p.i.AbstractProblemLoader Environment load took 1.78ms 
804        INFO  main            d.u.i.k.p.i.AbstractProblemLoader Creating init config 
1553       DEBUG main            d.u.i.k.j.TypeConverter   No LDT found for Meta 
1554       DEBUG main            d.u.i.k.j.TypeConverter   No LDT found for Meta 
1556       DEBUG main            d.u.i.k.j.TypeConverter   No LDT found for Meta 
1557       DEBUG main            d.u.i.k.j.TypeConverter   No LDT found for Meta 
2983       DEBUG main            d.u.i.k.j.TypeConverter   No LDT found for JavaBigintExpression 
7672       DEBUG main            d.u.i.k.p.i.AbstractProblemLoader Init config took 6.87s 
7734       INFO  main            d.u.i.k.p.i.AbstractProblemLoader Replaying proof instanceCreation1.key 
7766       DEBUG main            d.u.i.k.p.i.IntermediateProofReplayer Proof replay took 38.7ns 
8803       INFO  main            d.u.i.k.p.r.p.TestFile    ... finished proof: closed. 
8916       INFO  main            d.u.i.k.p.i.AbstractProblemLoader Loading environment from /home/runner/work/key/key/key.core/../key.ui/examples/standard_key/instanceCreation/instanceCreation1.key.proof 
8920       DEBUG main            d.u.i.k.p.i.AbstractProblemLoader Environment load took 4.36ms 
8924       INFO  main            d.u.i.k.p.i.AbstractProblemLoader Creating init config 
11657      DEBUG main            d.u.i.k.p.i.AbstractProblemLoader Init config took 2.73s 
11694      INFO  main            d.u.i.k.p.i.AbstractProblemLoader Replaying proof instanceCreation1.key.proof 
11822      DEBUG main            d.u.i.k.p.i.IntermediateProofReplayer Proof replay took 119.05ms 
11832      DEBUG main            d.u.i.k.p.r.p.TestFile    ... success: reloaded. 
11837      INFO  main            d.u.i.k.p.r.p.TestFile    Now processing file /home/runner/work/key/key/key.core/../key.ui/examples/standard_key/instanceCreation/instanceCreation2.key 
11845      INFO  main            d.u.i.k.p.i.AbstractProblemLoader Loading environment from /home/runner/work/key/key/key.core/../key.ui/examples/standard_key/instanceCreation/instanceCreation2.key 
11845      DEBUG main            d.u.i.k.p.i.AbstractProblemLoader Environment load took 370.1ns 
11847      INFO  main            d.u.i.k.p.i.AbstractProblemLoader Creating init config 
14459      DEBUG main            d.u.i.k.p.i.AbstractProblemLoader Init config took 2.61s 
14489      INFO  main            d.u.i.k.p.i.AbstractProblemLoader Replaying proof instanceCreation2.key 
14491      DEBUG main            d.u.i.k.p.i.IntermediateProofReplayer Proof replay took 5.3ns 
15096      INFO  main            d.u.i.k.p.r.p.TestFile    ... finished proof: closed. 
15250      INFO  main            d.u.i.k.p.i.AbstractProblemLoader Loading environment from /home/runner/work/key/key/key.core/../key.ui/examples/standard_key/instanceCreation/instanceCreation2.key.proof 
15250      DEBUG main            d.u.i.k.p.i.AbstractProblemLoader Environment load took 165.5ns 
15252      INFO  main            d.u.i.k.p.i.AbstractProblemLoader Creating init config 
17753      DEBUG main            d.u.i.k.p.i.AbstractProblemLoader Init config took 2.5s 
17777      INFO  main            d.u.i.k.p.i.AbstractProblemLoader Replaying proof instanceCreation2.key.proof 
17882      DEBUG main            d.u.i.k.p.i.IntermediateProofReplayer Proof replay took 100.66ms 
17884      DEBUG main            d.u.i.k.p.r.p.TestFile    ... success: reloaded. 
17885      INFO  main            d.u.i.k.p.r.p.TestFile    Now processing file /home/runner/work/key/key/key.core/../key.ui/examples/standard_key/instanceCreation/interfacesAndAbstractClassesHaveNoInstances.key 
17885      INFO  main            d.u.i.k.p.i.AbstractProblemLoader Loading environment from /home/runner/work/key/key/key.core/../key.ui/examples/standard_key/instanceCreation/interfacesAndAbstractClassesHaveNoInstances.key 
17886      DEBUG main            d.u.i.k.p.i.AbstractProblemLoader Environment load took 191.4ns 
17887      INFO  main            d.u.i.k.p.i.AbstractProblemLoader Creating init config 
20323      DEBUG main            d.u.i.k.p.i.AbstractProblemLoader Init config took 2.44s 
20344      INFO  main            d.u.i.k.p.i.AbstractProblemLoader Replaying proof interfacesAndAbstractClassesHaveNoInstances.key 
20346      DEBUG main            d.u.i.k.p.i.IntermediateProofReplayer Proof replay took 5.2ns 
20448      INFO  main            d.u.i.k.p.r.p.TestFile    ... finished proof: closed. 
20584      INFO  main            d.u.i.k.p.i.AbstractProblemLoader Loading environment from /home/runner/work/key/key/key.core/../key.ui/examples/standard_key/instanceCreation/interfacesAndAbstractClassesHaveNoInstances.key.proof 
20584      DEBUG main            d.u.i.k.p.i.AbstractProblemLoader Environment load took 110.8ns 
20588      INFO  main            d.u.i.k.p.i.AbstractProblemLoader Creating init config 
23003      DEBUG main            d.u.i.k.p.i.AbstractProblemLoader Init config took 2.41s 
23024      INFO  main            d.u.i.k.p.i.AbstractProblemLoader Replaying proof interfacesAndAbstractClassesHaveNoInstances.key.proof 
23027      DEBUG main            d.u.i.k.p.i.IntermediateProofReplayer Proof replay took 1.06ms 
23028      DEBUG main            d.u.i.k.p.r.p.TestFile    ... success: reloaded. 
23029      INFO  main            d.u.i.k.p.r.p.TestFile    Now processing file /home/runner/work/key/key/key.core/../key.ui/examples/standard_key/instanceCreation/successiveCreatedObjectsAreDistinct.key 
23029      INFO  main            d.u.i.k.p.i.AbstractProblemLoader Loading environment from /home/runner/work/key/key/key.core/../key.ui/examples/standard_key/instanceCreation/successiveCreatedObjectsAreDistinct.key 
23029      DEBUG main            d.u.i.k.p.i.AbstractProblemLoader Environment load took 202.2ns 
23030      INFO  main            d.u.i.k.p.i.AbstractProblemLoader Creating init config 
25450      DEBUG main            d.u.i.k.p.i.AbstractProblemLoader Init config took 2.42s 
25471      INFO  main            d.u.i.k.p.i.AbstractProblemLoader Replaying proof successiveCreatedObjectsAreDistinct.key 
25473      DEBUG main            d.u.i.k.p.i.IntermediateProofReplayer Proof replay took 5.4ns 
25879      INFO  main            d.u.i.k.p.r.p.TestFile    ... finished proof: closed. 
26019      INFO  main            d.u.i.k.p.i.AbstractProblemLoader Loading environment from /home/runner/work/key/key/key.core/../key.ui/examples/standard_key/instanceCreation/successiveCreatedObjectsAreDistinct.key.proof 
26019      DEBUG main            d.u.i.k.p.i.AbstractProblemLoader Environment load took 118.8ns 
26020      INFO  main            d.u.i.k.p.i.AbstractProblemLoader Creating init config 
28414      DEBUG main            d.u.i.k.p.i.AbstractProblemLoader Init config took 2.39s 
28435      INFO  main            d.u.i.k.p.i.AbstractProblemLoader Replaying proof successiveCreatedObjectsAreDistinct.key.proof 
28483      DEBUG main            d.u.i.k.p.i.IntermediateProofReplayer Proof replay took 44.73ms 
28484      DEBUG main            d.u.i.k.p.r.p.TestFile    ... success: reloaded. 
28485      INFO  main            d.u.i.k.p.r.p.TestFile    Now processing file /home/runner/work/key/key/key.core/../key.ui/examples/standard_key/instanceCreation/testOverloadingConstructors.key 
28486      INFO  main            d.u.i.k.p.i.AbstractProblemLoader Loading environment from /home/runner/work/key/key/key.core/../key.ui/examples/standard_key/instanceCreation/testOverloadingConstructors.key 
28486      DEBUG main            d.u.i.k.p.i.AbstractProblemLoader Environment load took 186.2ns 
28487      INFO  main            d.u.i.k.p.i.AbstractProblemLoader Creating init config 
30926      DEBUG main            d.u.i.k.p.i.AbstractProblemLoader Init config took 2.44s 
30946      INFO  main            d.u.i.k.p.i.AbstractProblemLoader Replaying proof testOverloadingConstructors.key 
30947      DEBUG main            d.u.i.k.p.i.IntermediateProofReplayer Proof replay took 5.3ns 
31151      INFO  main            d.u.i.k.p.r.p.TestFile    ... finished proof: closed. 
31302      INFO  main            d.u.i.k.p.i.AbstractProblemLoader Loading environment from /home/runner/work/key/key/key.core/../key.ui/examples/standard_key/instanceCreation/testOverloadingConstructors.key.proof 
31303      DEBUG main            d.u.i.k.p.i.AbstractProblemLoader Environment load took 108.7ns 
31310      INFO  main            d.u.i.k.p.i.AbstractProblemLoader Creating init config 
33660      DEBUG main            d.u.i.k.p.i.AbstractProblemLoader Init config took 2.35s 
33680      INFO  main            d.u.i.k.p.i.AbstractProblemLoader Replaying proof testOverloadingConstructors.key.proof 
33729      DEBUG main            d.u.i.k.p.i.IntermediateProofReplayer Proof replay took 45.86ms 
33730      DEBUG main            d.u.i.k.p.r.p.TestFile    ... success: reloaded. 
33731      INFO  main            d.u.i.k.p.r.p.TestFile    Now processing file /home/runner/work/key/key/key.core/../key.ui/examples/standard_key/java_dl/SimpleAttributes.key 
33732      INFO  main            d.u.i.k.p.i.AbstractProblemLoader Loading environment from /home/runner/work/key/key/key.core/../key.ui/examples/standard_key/java_dl/SimpleAttributes.key 
33732      DEBUG main            d.u.i.k.p.i.AbstractProblemLoader Environment load took 208.9ns 
33733      INFO  main            d.u.i.k.p.i.AbstractProblemLoader Creating init config 
36125      DEBUG main            d.u.i.k.p.i.AbstractProblemLoader Init config took 2.39s 
36144      INFO  main            d.u.i.k.p.i.AbstractProblemLoader Replaying proof SimpleAttributes.key 
36145      DEBUG main            d.u.i.k.p.i.IntermediateProofReplayer Proof replay took 5.5ns 
36251      INFO  main            d.u.i.k.p.r.p.TestFile    ... finished proof: closed. 
36405      INFO  main            d.u.i.k.p.i.AbstractProblemLoader Loading environment from /home/runner/work/key/key/key.core/../key.ui/examples/standard_key/java_dl/SimpleAttributes.key.proof 
36405      DEBUG main            d.u.i.k.p.i.AbstractProblemLoader Environment load took 108.3ns 
36406      INFO  main            d.u.i.k.p.i.AbstractProblemLoader Creating init config 
38724      DEBUG main            d.u.i.k.p.i.AbstractProblemLoader Init config took 2.32s 
38742      INFO  main            d.u.i.k.p.i.AbstractProblemLoader Replaying proof SimpleAttributes.key.proof 
38782      DEBUG main            d.u.i.k.p.i.IntermediateProofReplayer Proof replay took 27.22ms 
38783      DEBUG main            d.u.i.k.p.r.p.TestFile    ... success: reloaded. 
38784      INFO  main            d.u.i.k.p.r.p.TestFile    Now processing file /home/runner/work/key/key/key.core/../key.ui/examples/standard_key/java_dl/arrayMax.key 
38784      INFO  main            d.u.i.k.p.i.AbstractProblemLoader Loading environment from /home/runner/work/key/key/key.core/../key.ui/examples/standard_key/java_dl/arrayMax.key 
38784      DEBUG main            d.u.i.k.p.i.AbstractProblemLoader Environment load took 68.9ns 
38786      INFO  main            d.u.i.k.p.i.AbstractProblemLoader Creating init config 
41220      DEBUG main            d.u.i.k.p.i.AbstractProblemLoader Init config took 2.43s 
41242      INFO  main            d.u.i.k.p.i.AbstractProblemLoader Replaying proof arrayMax.key 
41244      DEBUG main            d.u.i.k.p.i.IntermediateProofReplayer Proof replay took 5.9ns 
42550      INFO  main            d.u.i.k.p.r.p.TestFile    ... finished proof: closed. 
42722      INFO  main            d.u.i.k.p.i.AbstractProblemLoader Loading environment from /home/runner/work/key/key/key.core/../key.ui/examples/standard_key/java_dl/arrayMax.key.proof 
42723      DEBUG main            d.u.i.k.p.i.AbstractProblemLoader Environment load took 381.9ns 
42724      INFO  main            d.u.i.k.p.i.AbstractProblemLoader Creating init config 
45077      DEBUG main            d.u.i.k.p.i.AbstractProblemLoader Init config took 2.35s 
45096      INFO  main            d.u.i.k.p.i.AbstractProblemLoader Replaying proof arrayMax.key.proof 
45301      DEBUG main            d.u.i.k.p.i.IntermediateProofReplayer Proof replay took 197.31ms 
45302      DEBUG main            d.u.i.k.p.r.p.TestFile    ... success: reloaded. 
45304      INFO  main            d.u.i.k.p.r.p.TestFile    Now processing file /home/runner/work/key/key/key.core/../key.ui/examples/standard_key/java_dl/arrayUpdateSimp.key 
45304      INFO  main            d.u.i.k.p.i.AbstractProblemLoader Loading environment from /home/runner/work/key/key/key.core/../key.ui/examples/standard_key/java_dl/arrayUpdateSimp.key 
45304      DEBUG main            d.u.i.k.p.i.AbstractProblemLoader Environment load took 182.4ns 
45306      INFO  main            d.u.i.k.p.i.AbstractProblemLoader Creating init config 
45328      WARN  main            d.u.i.k.j.r.KeYCrossReferenceNameInfo Datatype java.io.InputStream declared twice: Once in FILE:/home/runner/work/key/key/key.core/../key.ui/examples/standard_key/java_dl/./classpath/InputStream.java and once in URL:file:/home/runner/work/key/key/key.core/build/resources/main/de/uka/ilkd/key/java/JavaRedux/java/io/InputStream.java, Keeping one from URL:file:/home/runner/work/key/key/key.core/build/resources/main/de/uka/ilkd/key/java/JavaRedux/java/io/InputStream.java 
45329      WARN  main            d.u.i.k.j.r.KeYCrossReferenceNameInfo Datatype java.lang.System declared twice: Once in FILE:/home/runner/work/key/key/key.core/../key.ui/examples/standard_key/java_dl/./classpath/System.java and once in URL:file:/home/runner/work/key/key/key.core/build/resources/main/de/uka/ilkd/key/java/JavaRedux/java/lang/System.java, Keeping one from URL:file:/home/runner/work/key/key/key.core/build/resources/main/de/uka/ilkd/key/java/JavaRedux/java/lang/System.java 
45329      WARN  main            d.u.i.k.j.r.KeYCrossReferenceNameInfo Datatype java.io.PrintStream declared twice: Once in FILE:/home/runner/work/key/key/key.core/../key.ui/examples/standard_key/java_dl/./classpath/PrintStream.java and once in URL:file:/home/runner/work/key/key/key.core/build/resources/main/de/uka/ilkd/key/java/JavaRedux/java/io/PrintStream.java, Keeping one from URL:file:/home/runner/work/key/key/key.core/build/resources/main/de/uka/ilkd/key/java/JavaRedux/java/io/PrintStream.java 
45334      DEBUG main            d.u.i.k.j.r.ClassFileDeclarationBuilder Parsing: package java.io; public class Closeable { } 
45334      DEBUG main            r.s.KeYCrossReferenceSourceInfo Dynamically created class: java.io.Closeable 
47741      DEBUG main            d.u.i.k.p.i.AbstractProblemLoader Init config took 2.43s 
47759      INFO  main            d.u.i.k.p.i.AbstractProblemLoader Replaying proof arrayUpdateSimp.key 
47760      DEBUG main            d.u.i.k.p.i.IntermediateProofReplayer Proof replay took 5.7ns 
47863      INFO  main            d.u.i.k.p.r.p.TestFile    ... finished proof: closed. 
48047      INFO  main            d.u.i.k.p.i.AbstractProblemLoader Loading environment from /home/runner/work/key/key/key.core/../key.ui/examples/standard_key/java_dl/arrayUpdateSimp.key.proof 
48047      DEBUG main            d.u.i.k.p.i.AbstractProblemLoader Environment load took 111.4ns 
48052      INFO  main            d.u.i.k.p.i.AbstractProblemLoader Creating init config 
48073      WARN  main            d.u.i.k.j.r.KeYCrossReferenceNameInfo Datatype java.io.InputStream declared twice: Once in FILE:/home/runner/work/key/key/key.core/../key.ui/examples/standard_key/java_dl/classpath/InputStream.java and once in URL:file:/home/runner/work/key/key/key.core/build/resources/main/de/uka/ilkd/key/java/JavaRedux/java/io/InputStream.java, Keeping one from URL:file:/home/runner/work/key/key/key.core/build/resources/main/de/uka/ilkd/key/java/JavaRedux/java/io/InputStream.java 
48074      WARN  main            d.u.i.k.j.r.KeYCrossReferenceNameInfo Datatype java.lang.System declared twice: Once in FILE:/home/runner/work/key/key/key.core/../key.ui/examples/standard_key/java_dl/classpath/System.java and once in URL:file:/home/runner/work/key/key/key.core/build/resources/main/de/uka/ilkd/key/java/JavaRedux/java/lang/System.java, Keeping one from URL:file:/home/runner/work/key/key/key.core/build/resources/main/de/uka/ilkd/key/java/JavaRedux/java/lang/System.java 
48074      WARN  main            d.u.i.k.j.r.KeYCrossReferenceNameInfo Datatype java.io.PrintStream declared twice: Once in FILE:/home/runner/work/key/key/key.core/../key.ui/examples/standard_key/java_dl/classpath/PrintStream.java and once in URL:file:/home/runner/work/key/key/key.core/build/resources/main/de/uka/ilkd/key/java/JavaRedux/java/io/PrintStream.java, Keeping one from URL:file:/home/runner/work/key/key/key.core/build/resources/main/de/uka/ilkd/key/java/JavaRedux/java/io/PrintStream.java 
48077      DEBUG main            d.u.i.k.j.r.ClassFileDeclarationBuilder Parsing: package java.io; public class Closeable { } 
48077      DEBUG main            r.s.KeYCrossReferenceSourceInfo Dynamically created class: java.io.Closeable 
50447      DEBUG main            d.u.i.k.p.i.AbstractProblemLoader Init config took 2.4s 
50480      INFO  main            d.u.i.k.p.i.AbstractProblemLoader Replaying proof arrayUpdateSimp.key.proof 
50491      DEBUG main            d.u.i.k.p.i.IntermediateProofReplayer Proof replay took 930ns 
50494      DEBUG main            d.u.i.k.p.r.p.TestFile    ... success: reloaded. 
50495      INFO  main            d.u.i.k.p.r.p.TestFile    Now processing file /home/runner/work/key/key/key.core/../key.ui/examples/standard_key/java_dl/attributes.key 
50495      INFO  main            d.u.i.k.p.i.AbstractProblemLoader Loading environment from /home/runner/work/key/key/key.core/../key.ui/examples/standard_key/java_dl/attributes.key 
50496      DEBUG main            d.u.i.k.p.i.AbstractProblemLoader Environment load took 177.1ns 
50497      INFO  main            d.u.i.k.p.i.AbstractProblemLoader Creating init config 
52832      DEBUG main            d.u.i.k.p.i.AbstractProblemLoader Init config took 2.33s 
52847      INFO  main            d.u.i.k.p.i.AbstractProblemLoader Replaying proof attributes.key 
52848      DEBUG main            d.u.i.k.p.i.IntermediateProofReplayer Proof replay took 5.2ns 
53051      INFO  main            d.u.i.k.p.r.p.TestFile    ... finished proof: closed. 
53223      INFO  main            d.u.i.k.p.i.AbstractProblemLoader Loading environment from /home/runner/work/key/key/key.core/../key.ui/examples/standard_key/java_dl/attributes.key.proof 
53223      DEBUG main            d.u.i.k.p.i.AbstractProblemLoader Environment load took 105.5ns 
53224      INFO  main            d.u.i.k.p.i.AbstractProblemLoader Creating init config 
55522      DEBUG main            d.u.i.k.p.i.AbstractProblemLoader Init config took 2.3s 
55539      INFO  main            d.u.i.k.p.i.AbstractProblemLoader Replaying proof attributes.key.proof 
55579      DEBUG main            d.u.i.k.p.i.IntermediateProofReplayer Proof replay took 36.44ms 
55580      DEBUG main            d.u.i.k.p.r.p.TestFile    ... success: reloaded. 
55582      INFO  main            d.u.i.k.p.r.p.TestFile    Now processing file /home/runner/work/key/key/key.core/../key.ui/examples/standard_key/java_dl/break.key 
55582      INFO  main            d.u.i.k.p.i.AbstractProblemLoader Loading environment from /home/runner/work/key/key/key.core/../key.ui/examples/standard_key/java_dl/break.key 
55582      DEBUG main            d.u.i.k.p.i.AbstractProblemLoader Environment load took 58.7ns 
55583      INFO  main            d.u.i.k.p.i.AbstractProblemLoader Creating init config 
55606      WARN  main            d.u.i.k.j.r.KeYCrossReferenceNameInfo Datatype java.io.InputStream declared twice: Once in FILE:/home/runner/work/key/key/key.core/../key.ui/examples/standard_key/java_dl/classpath/InputStream.java and once in URL:file:/home/runner/work/key/key/key.core/build/resources/main/de/uka/ilkd/key/java/JavaRedux/java/io/InputStream.java, Keeping one from URL:file:/home/runner/work/key/key/key.core/build/resources/main/de/uka/ilkd/key/java/JavaRedux/java/io/InputStream.java 
55606      WARN  main            d.u.i.k.j.r.KeYCrossReferenceNameInfo Datatype java.lang.System declared twice: Once in FILE:/home/runner/work/key/key/key.core/../key.ui/examples/standard_key/java_dl/classpath/System.java and once in URL:file:/home/runner/work/key/key/key.core/build/resources/main/de/uka/ilkd/key/java/JavaRedux/java/lang/System.java, Keeping one from URL:file:/home/runner/work/key/key/key.core/build/resources/main/de/uka/ilkd/key/java/JavaRedux/java/lang/System.java 
55606      WARN  main            d.u.i.k.j.r.KeYCrossReferenceNameInfo Datatype java.io.PrintStream declared twice: Once in FILE:/home/runner/work/key/key/key.core/../key.ui/examples/standard_key/java_dl/classpath/PrintStream.java and once in URL:file:/home/runner/work/key/key/key.core/build/resources/main/de/uka/ilkd/key/java/JavaRedux/java/io/PrintStream.java, Keeping one from URL:file:/home/runner/work/key/key/key.core/build/resources/main/de/uka/ilkd/key/java/JavaRedux/java/io/PrintStream.java 
55609      DEBUG main            d.u.i.k.j.r.ClassFileDeclarationBuilder Parsing: package java.io; public class Closeable { } 
55609      DEBUG main            r.s.KeYCrossReferenceSourceInfo Dynamically created class: java.io.Closeable 
57935      DEBUG main            d.u.i.k.p.i.AbstractProblemLoader Init config took 2.35s 
57950      INFO  main            d.u.i.k.p.i.AbstractProblemLoader Replaying proof break.key 
57951      DEBUG main            d.u.i.k.p.i.IntermediateProofReplayer Proof replay took 5.9ns 
58054      INFO  main            d.u.i.k.p.r.p.TestFile    ... finished proof: closed. 
58224      INFO  main            d.u.i.k.p.i.AbstractProblemLoader Loading environment from /home/runner/work/key/key/key.core/../key.ui/examples/standard_key/java_dl/break.key.proof 
58224      DEBUG main            d.u.i.k.p.i.AbstractProblemLoader Environment load took 100.6ns 
58225      INFO  main            d.u.i.k.p.i.AbstractProblemLoader Creating init config 
58246      WARN  main            d.u.i.k.j.r.KeYCrossReferenceNameInfo Datatype java.io.InputStream declared twice: Once in FILE:/home/runner/work/key/key/key.core/../key.ui/examples/standard_key/java_dl/classpath/InputStream.java and once in URL:file:/home/runner/work/key/key/key.core/build/resources/main/de/uka/ilkd/key/java/JavaRedux/java/io/InputStream.java, Keeping one from URL:file:/home/runner/work/key/key/key.core/build/resources/main/de/uka/ilkd/key/java/JavaRedux/java/io/InputStream.java 
58246      WARN  main            d.u.i.k.j.r.KeYCrossReferenceNameInfo Datatype java.lang.System declared twice: Once in FILE:/home/runner/work/key/key/key.core/../key.ui/examples/standard_key/java_dl/classpath/System.java and once in URL:file:/home/runner/work/key/key/key.core/build/resources/main/de/uka/ilkd/key/java/JavaRedux/java/lang/System.java, Keeping one from URL:file:/home/runner/work/key/key/key.core/build/resources/main/de/uka/ilkd/key/java/JavaRedux/java/lang/System.java 
58247      WARN  main            d.u.i.k.j.r.KeYCrossReferenceNameInfo Datatype java.io.PrintStream declared twice: Once in FILE:/home/runner/work/key/key/key.core/../key.ui/examples/standard_key/java_dl/classpath/PrintStream.java and once in URL:file:/home/runner/work/key/key/key.core/build/resources/main/de/uka/ilkd/key/java/JavaRedux/java/io/PrintStream.java, Keeping one from URL:file:/home/runner/work/key/key/key.core/build/resources/main/de/uka/ilkd/key/java/JavaRedux/java/io/PrintStream.java 
58250      DEBUG main            d.u.i.k.j.r.ClassFileDeclarationBuilder Parsing: package java.io; public class Closeable { } 
58250      DEBUG main            r.s.KeYCrossReferenceSourceInfo Dynamically created class: java.io.Closeable 
60482      DEBUG main            d.u.i.k.p.i.AbstractProblemLoader Init config took 2.26s 
60502      INFO  main            d.u.i.k.p.i.AbstractProblemLoader Replaying proof break.key.proof 
60516      DEBUG main            d.u.i.k.p.i.IntermediateProofReplayer Proof replay took 11.64ms 
60520      DEBUG main            d.u.i.k.p.r.p.TestFile    ... success: reloaded. 
60521      INFO  main            d.u.i.k.p.r.p.TestFile    Now processing file /home/runner/work/key/key/key.core/../key.ui/examples/standard_key/java_dl/char.key 
60522      INFO  main            d.u.i.k.p.i.AbstractProblemLoader Loading environment from /home/runner/work/key/key/key.core/../key.ui/examples/standard_key/java_dl/char.key 
60522      DEBUG main            d.u.i.k.p.i.AbstractProblemLoader Environment load took 118.2ns 
60523      INFO  main            d.u.i.k.p.i.AbstractProblemLoader Creating init config 
62792      DEBUG main            d.u.i.k.p.i.AbstractProblemLoader Init config took 2.27s 
62808      INFO  main            d.u.i.k.p.i.AbstractProblemLoader Replaying proof char.key 
62809      DEBUG main            d.u.i.k.p.i.IntermediateProofReplayer Proof replay took 6.5ns 
62914      INFO  main            d.u.i.k.p.r.p.TestFile    ... finished proof: closed. 
63086      INFO  main            d.u.i.k.p.i.AbstractProblemLoader Loading environment from /home/runner/work/key/key/key.core/../key.ui/examples/standard_key/java_dl/char.key.proof 
63086      DEBUG main            d.u.i.k.p.i.AbstractProblemLoader Environment load took 110.8ns 
63087      INFO  main            d.u.i.k.p.i.AbstractProblemLoader Creating init config 
65296      DEBUG main            d.u.i.k.p.i.AbstractProblemLoader Init config took 2.21s 
65311      INFO  main            d.u.i.k.p.i.AbstractProblemLoader Replaying proof char.key.proof 
65315      DEBUG main            d.u.i.k.p.i.IntermediateProofReplayer Proof replay took 2.49ms 
65316      DEBUG main            d.u.i.k.p.r.p.TestFile    ... success: reloaded. 
65316      INFO  main            d.u.i.k.p.r.p.TestFile    Now processing file /home/runner/work/key/key/key.core/../key.ui/examples/standard_key/java_dl/compileTimeConstants.key 
65317      INFO  main            d.u.i.k.p.i.AbstractProblemLoader Loading environment from /home/runner/work/key/key/key.core/../key.ui/examples/standard_key/java_dl/compileTimeConstants.key 
65317      DEBUG main            d.u.i.k.p.i.AbstractProblemLoader Environment load took 88ns 
65318      INFO  main            d.u.i.k.p.i.AbstractProblemLoader Creating init config 
67651      DEBUG main            d.u.i.k.p.i.AbstractProblemLoader Init config took 2.33s 
67666      INFO  main            d.u.i.k.p.i.AbstractProblemLoader Replaying proof compileTimeConstants.key 
67668      DEBUG main            d.u.i.k.p.i.IntermediateProofReplayer Proof replay took 6.6ns 
67770      INFO  main            d.u.i.k.p.r.p.TestFile    ... finished proof: closed. 
67972      INFO  main            d.u.i.k.p.i.AbstractProblemLoader Loading environment from /home/runner/work/key/key/key.core/../key.ui/examples/standard_key/java_dl/compileTimeConstants.key.proof 
67972      DEBUG main            d.u.i.k.p.i.AbstractProblemLoader Environment load took 104.7ns 
67974      INFO  main            d.u.i.k.p.i.AbstractProblemLoader Creating init config 
70231      DEBUG main            d.u.i.k.p.i.AbstractProblemLoader Init config took 2.26s 
70245      INFO  main            d.u.i.k.p.i.AbstractProblemLoader Replaying proof compileTimeConstants.key.proof 
70257      DEBUG main            d.u.i.k.p.i.IntermediateProofReplayer Proof replay took 10.12ms 
70258      DEBUG main            d.u.i.k.p.r.p.TestFile    ... success: reloaded. 
70258      INFO  main            d.u.i.k.p.r.p.TestFile    Now processing file /home/runner/work/key/key/key.core/../key.ui/examples/standard_key/java_dl/constructorException/test.key 
70259      INFO  main            d.u.i.k.p.i.AbstractProblemLoader Loading environment from /home/runner/work/key/key/key.core/../key.ui/examples/standard_key/java_dl/constructorException/test.key 
70259      DEBUG main            d.u.i.k.p.i.AbstractProblemLoader Environment load took 83.1ns 
70259      INFO  main            d.u.i.k.p.i.AbstractProblemLoader Creating init config 
72630      DEBUG main            d.u.i.k.p.i.AbstractProblemLoader Init config took 2.37s 
72693      INFO  main            d.u.i.k.p.i.AbstractProblemLoader Replaying proof Test[Test::Test(int)].JML operation contract.0 
72694      DEBUG main            d.u.i.k.p.i.IntermediateProofReplayer Proof replay took 5ns 
72910      INFO  main            d.u.i.k.p.r.p.TestFile    ... finished proof: closed. 
73104      INFO  main            d.u.i.k.p.i.AbstractProblemLoader Loading environment from /home/runner/work/key/key/key.core/../key.ui/examples/standard_key/java_dl/constructorException/test.key.proof 
73105      DEBUG main            d.u.i.k.p.i.AbstractProblemLoader Environment load took 102.7ns 
73107      INFO  main            d.u.i.k.p.i.AbstractProblemLoader Creating init config 
75394      DEBUG main            d.u.i.k.p.i.AbstractProblemLoader Init config took 2.29s 
75433      INFO  main            d.u.i.k.p.i.AbstractProblemLoader Replaying proof Test[Test::Test(int)].JML operation contract.0 
75483      DEBUG main            d.u.i.k.p.i.IntermediateProofReplayer Proof replay took 47.4ms 
75484      DEBUG main            d.u.i.k.p.r.p.TestFile    ... success: reloaded. 
75484      INFO  main            d.u.i.k.p.r.p.TestFile    Now processing file /home/runner/work/key/key/key.core/../key.ui/examples/standard_key/java_dl/constructorException/regressionTestBug1333.key 
75485      INFO  main            d.u.i.k.p.i.AbstractProblemLoader Loading environment from /home/runner/work/key/key/key.core/../key.ui/examples/standard_key/java_dl/constructorException/regressionTestBug1333.key 
75485      DEBUG main            d.u.i.k.p.i.AbstractProblemLoader Environment load took 73.5ns 
75485      INFO  main            d.u.i.k.p.i.AbstractProblemLoader Creating init config 
77824      DEBUG main            d.u.i.k.p.i.AbstractProblemLoader Init config took 2.34s 
77866      INFO  main            d.u.i.k.p.i.AbstractProblemLoader Replaying proof False[False::False()].JML normal_behavior operation contract.0 
77868      DEBUG main            d.u.i.k.p.i.IntermediateProofReplayer Proof replay took 5.4ns 
77971      INFO  main            d.u.i.k.p.r.p.TestFile    ... finished proof: open goal(s) 
78187      INFO  main            d.u.i.k.p.r.p.TestFile    Now processing file /home/runner/work/key/key/key.core/../key.ui/examples/standard_key/java_dl/continue1.key 
78187      INFO  main            d.u.i.k.p.i.AbstractProblemLoader Loading environment from /home/runner/work/key/key/key.core/../key.ui/examples/standard_key/java_dl/continue1.key 
78187      DEBUG main            d.u.i.k.p.i.AbstractProblemLoader Environment load took 66.7ns 
78188      INFO  main            d.u.i.k.p.i.AbstractProblemLoader Creating init config 
78208      WARN  main            d.u.i.k.j.r.KeYCrossReferenceNameInfo Datatype java.io.InputStream declared twice: Once in FILE:/home/runner/work/key/key/key.core/../key.ui/examples/standard_key/java_dl/classpath/InputStream.java and once in URL:file:/home/runner/work/key/key/key.core/build/resources/main/de/uka/ilkd/key/java/JavaRedux/java/io/InputStream.java, Keeping one from URL:file:/home/runner/work/key/key/key.core/build/resources/main/de/uka/ilkd/key/java/JavaRedux/java/io/InputStream.java 
78208      WARN  main            d.u.i.k.j.r.KeYCrossReferenceNameInfo Datatype java.lang.System declared twice: Once in FILE:/home/runner/work/key/key/key.core/../key.ui/examples/standard_key/java_dl/classpath/System.java and once in URL:file:/home/runner/work/key/key/key.core/build/resources/main/de/uka/ilkd/key/java/JavaRedux/java/lang/System.java, Keeping one from URL:file:/home/runner/work/key/key/key.core/build/resources/main/de/uka/ilkd/key/java/JavaRedux/java/lang/System.java 
78208      WARN  main            d.u.i.k.j.r.KeYCrossReferenceNameInfo Datatype java.io.PrintStream declared twice: Once in FILE:/home/runner/work/key/key/key.core/../key.ui/examples/standard_key/java_dl/classpath/PrintStream.java and once in URL:file:/home/runner/work/key/key/key.core/build/resources/main/de/uka/ilkd/key/java/JavaRedux/java/io/PrintStream.java, Keeping one from URL:file:/home/runner/work/key/key/key.core/build/resources/main/de/uka/ilkd/key/java/JavaRedux/java/io/PrintStream.java 
78211      DEBUG main            d.u.i.k.j.r.ClassFileDeclarationBuilder Parsing: package java.io; public class Closeable { } 
78211      DEBUG main            r.s.KeYCrossReferenceSourceInfo Dynamically created class: java.io.Closeable 
80533      DEBUG main            d.u.i.k.p.i.AbstractProblemLoader Init config took 2.35s 
80547      INFO  main            d.u.i.k.p.i.AbstractProblemLoader Replaying proof continue1.key 
80548      DEBUG main            d.u.i.k.p.i.IntermediateProofReplayer Proof replay took 5.6ns 
80654      INFO  main            d.u.i.k.p.r.p.TestFile    ... finished proof: closed. 
80836      INFO  main            d.u.i.k.p.i.AbstractProblemLoader Loading environment from /home/runner/work/key/key/key.core/../key.ui/examples/standard_key/java_dl/continue1.key.proof 
80836      DEBUG main            d.u.i.k.p.i.AbstractProblemLoader Environment load took 119.1ns 
80837      INFO  main            d.u.i.k.p.i.AbstractProblemLoader Creating init config 
80857      WARN  main            d.u.i.k.j.r.KeYCrossReferenceNameInfo Datatype java.io.InputStream declared twice: Once in FILE:/home/runner/work/key/key/key.core/../key.ui/examples/standard_key/java_dl/classpath/InputStream.java and once in URL:file:/home/runner/work/key/key/key.core/build/resources/main/de/uka/ilkd/key/java/JavaRedux/java/io/InputStream.java, Keeping one from URL:file:/home/runner/work/key/key/key.core/build/resources/main/de/uka/ilkd/key/java/JavaRedux/java/io/InputStream.java 
80857      WARN  main            d.u.i.k.j.r.KeYCrossReferenceNameInfo Datatype java.lang.System declared twice: Once in FILE:/home/runner/work/key/key/key.core/../key.ui/examples/standard_key/java_dl/classpath/System.java and once in URL:file:/home/runner/work/key/key/key.core/build/resources/main/de/uka/ilkd/key/java/JavaRedux/java/lang/System.java, Keeping one from URL:file:/home/runner/work/key/key/key.core/build/resources/main/de/uka/ilkd/key/java/JavaRedux/java/lang/System.java 
80857      WARN  main            d.u.i.k.j.r.KeYCrossReferenceNameInfo Datatype java.io.PrintStream declared twice: Once in FILE:/home/runner/work/key/key/key.core/../key.ui/examples/standard_key/java_dl/classpath/PrintStream.java and once in URL:file:/home/runner/work/key/key/key.core/build/resources/main/de/uka/ilkd/key/java/JavaRedux/java/io/PrintStream.java, Keeping one from URL:file:/home/runner/work/key/key/key.core/build/resources/main/de/uka/ilkd/key/java/JavaRedux/java/io/PrintStream.java 
80861      DEBUG main            d.u.i.k.j.r.ClassFileDeclarationBuilder Parsing: package java.io; public class Closeable { } 
80861      DEBUG main            r.s.KeYCrossReferenceSourceInfo Dynamically created class: java.io.Closeable 
83096      DEBUG main            d.u.i.k.p.i.AbstractProblemLoader Init config took 2.26s 
83111      INFO  main            d.u.i.k.p.i.AbstractProblemLoader Replaying proof continue1.key.proof 
83131      DEBUG main            d.u.i.k.p.i.IntermediateProofReplayer Proof replay took 17.67ms 
83132      DEBUG main            d.u.i.k.p.r.p.TestFile    ... success: reloaded. 
83133      INFO  main            d.u.i.k.p.r.p.TestFile    Now processing file /home/runner/work/key/key/key.core/../key.ui/examples/standard_key/java_dl/continue2.key 
83134      INFO  main            d.u.i.k.p.i.AbstractProblemLoader Loading environment from /home/runner/work/key/key/key.core/../key.ui/examples/standard_key/java_dl/continue2.key 
83134      DEBUG main            d.u.i.k.p.i.AbstractProblemLoader Environment load took 207.8ns 
83135      INFO  main            d.u.i.k.p.i.AbstractProblemLoader Creating init config 
83155      WARN  main            d.u.i.k.j.r.KeYCrossReferenceNameInfo Datatype java.io.InputStream declared twice: Once in FILE:/home/runner/work/key/key/key.core/../key.ui/examples/standard_key/java_dl/classpath/InputStream.java and once in URL:file:/home/runner/work/key/key/key.core/build/resources/main/de/uka/ilkd/key/java/JavaRedux/java/io/InputStream.java, Keeping one from URL:file:/home/runner/work/key/key/key.core/build/resources/main/de/uka/ilkd/key/java/JavaRedux/java/io/InputStream.java 
83155      WARN  main            d.u.i.k.j.r.KeYCrossReferenceNameInfo Datatype java.lang.System declared twice: Once in FILE:/home/runner/work/key/key/key.core/../key.ui/examples/standard_key/java_dl/classpath/System.java and once in URL:file:/home/runner/work/key/key/key.core/build/resources/main/de/uka/ilkd/key/java/JavaRedux/java/lang/System.java, Keeping one from URL:file:/home/runner/work/key/key/key.core/build/resources/main/de/uka/ilkd/key/java/JavaRedux/java/lang/System.java 
83155      WARN  main            d.u.i.k.j.r.KeYCrossReferenceNameInfo Datatype java.io.PrintStream declared twice: Once in FILE:/home/runner/work/key/key/key.core/../key.ui/examples/standard_key/java_dl/classpath/PrintStream.java and once in URL:file:/home/runner/work/key/key/key.core/build/resources/main/de/uka/ilkd/key/java/JavaRedux/java/io/PrintStream.java, Keeping one from URL:file:/home/runner/work/key/key/key.core/build/resources/main/de/uka/ilkd/key/java/JavaRedux/java/io/PrintStream.java 
83158      DEBUG main            d.u.i.k.j.r.ClassFileDeclarationBuilder Parsing: package java.io; public class Closeable { } 
83159      DEBUG main            r.s.KeYCrossReferenceSourceInfo Dynamically created class: java.io.Closeable 
85431      DEBUG main            d.u.i.k.p.i.AbstractProblemLoader Init config took 2.3s 
85444      INFO  main            d.u.i.k.p.i.AbstractProblemLoader Replaying proof continue2.key 
85446      DEBUG main            d.u.i.k.p.i.IntermediateProofReplayer Proof replay took 6ns 
85650      INFO  main            d.u.i.k.p.r.p.TestFile    ... finished proof: closed. 
85863      INFO  main            d.u.i.k.p.i.AbstractProblemLoader Loading environment from /home/runner/work/key/key/key.core/../key.ui/examples/standard_key/java_dl/continue2.key.proof 
85863      DEBUG main            d.u.i.k.p.i.AbstractProblemLoader Environment load took 132.6ns 
85865      INFO  main            d.u.i.k.p.i.AbstractProblemLoader Creating init config 
85884      WARN  main            d.u.i.k.j.r.KeYCrossReferenceNameInfo Datatype java.io.InputStream declared twice: Once in FILE:/home/runner/work/key/key/key.core/../key.ui/examples/standard_key/java_dl/classpath/InputStream.java and once in URL:file:/home/runner/work/key/key/key.core/build/resources/main/de/uka/ilkd/key/java/JavaRedux/java/io/InputStream.java, Keeping one from URL:file:/home/runner/work/key/key/key.core/build/resources/main/de/uka/ilkd/key/java/JavaRedux/java/io/InputStream.java 
85884      WARN  main            d.u.i.k.j.r.KeYCrossReferenceNameInfo Datatype java.lang.System declared twice: Once in FILE:/home/runner/work/key/key/key.core/../key.ui/examples/standard_key/java_dl/classpath/System.java and once in URL:file:/home/runner/work/key/key/key.core/build/resources/main/de/uka/ilkd/key/java/JavaRedux/java/lang/System.java, Keeping one from URL:file:/home/runner/work/key/key/key.core/build/resources/main/de/uka/ilkd/key/java/JavaRedux/java/lang/System.java 
85884      WARN  main            d.u.i.k.j.r.KeYCrossReferenceNameInfo Datatype java.io.PrintStream declared twice: Once in FILE:/home/runner/work/key/key/key.core/../key.ui/examples/standard_key/java_dl/classpath/PrintStream.java and once in URL:file:/home/runner/work/key/key/key.core/build/resources/main/de/uka/ilkd/key/java/JavaRedux/java/io/PrintStream.java, Keeping one from URL:file:/home/runner/work/key/key/key.core/build/resources/main/de/uka/ilkd/key/java/JavaRedux/java/io/PrintStream.java 
85887      DEBUG main            d.u.i.k.j.r.ClassFileDeclarationBuilder Parsing: package java.io; public class Closeable { } 
85887      DEBUG main            r.s.KeYCrossReferenceSourceInfo Dynamically created class: java.io.Closeable 
88169      DEBUG main            d.u.i.k.p.i.AbstractProblemLoader Init config took 2.3s 
88184      INFO  main            d.u.i.k.p.i.AbstractProblemLoader Replaying proof continue2.key.proof 
88264      DEBUG main            d.u.i.k.p.i.IntermediateProofReplayer Proof replay took 77.12ms 
88265      DEBUG main            d.u.i.k.p.r.p.TestFile    ... success: reloaded. 
88267      INFO  main            d.u.i.k.p.r.p.TestFile    Now processing file /home/runner/work/key/key/key.core/../key.ui/examples/standard_key/java_dl/complexAssignment.key 
88267      INFO  main            d.u.i.k.p.i.AbstractProblemLoader Loading environment from /home/runner/work/key/key/key.core/../key.ui/examples/standard_key/java_dl/complexAssignment.key 
88267      DEBUG main            d.u.i.k.p.i.AbstractProblemLoader Environment load took 175ns 
88270      INFO  main            d.u.i.k.p.i.AbstractProblemLoader Creating init config 
90541      DEBUG main            d.u.i.k.p.i.AbstractProblemLoader Init config took 2.27s 
90555      INFO  main            d.u.i.k.p.i.AbstractProblemLoader Replaying proof complexAssignment.key 
90557      DEBUG main            d.u.i.k.p.i.IntermediateProofReplayer Proof replay took 6.2ns 
90660      INFO  main            d.u.i.k.p.r.p.TestFile    ... finished proof: closed. 
90880      INFO  main            d.u.i.k.p.i.AbstractProblemLoader Loading environment from /home/runner/work/key/key/key.core/../key.ui/examples/standard_key/java_dl/complexAssignment.key.proof 
90880      DEBUG main            d.u.i.k.p.i.AbstractProblemLoader Environment load took 93.5ns 
90881      INFO  main            d.u.i.k.p.i.AbstractProblemLoader Creating init config 
93075      DEBUG main            d.u.i.k.p.i.AbstractProblemLoader Init config took 2.19s 
93089      INFO  main            d.u.i.k.p.i.AbstractProblemLoader Replaying proof complexAssignment.key.proof 
93100      DEBUG main            d.u.i.k.p.i.IntermediateProofReplayer Proof replay took 8.84ms 
93100      DEBUG main            d.u.i.k.p.r.p.TestFile    ... success: reloaded. 
93101      INFO  main            d.u.i.k.p.r.p.TestFile    Now processing file /home/runner/work/key/key/key.core/../key.ui/examples/standard_key/java_dl/danglingElseSolution1.key 
93101      INFO  main            d.u.i.k.p.i.AbstractProblemLoader Loading environment from /home/runner/work/key/key/key.core/../key.ui/examples/standard_key/java_dl/danglingElseSolution1.key 
93101      DEBUG main            d.u.i.k.p.i.AbstractProblemLoader Environment load took 62.3ns 
93102      INFO  main            d.u.i.k.p.i.AbstractProblemLoader Creating init config 
95398      DEBUG main            d.u.i.k.p.i.AbstractProblemLoader Init config took 2.3s 
95412      INFO  main            d.u.i.k.p.i.AbstractProblemLoader Replaying proof danglingElseSolution1.key 
95413      DEBUG main            d.u.i.k.p.i.IntermediateProofReplayer Proof replay took 6.6ns 
95514      INFO  main            d.u.i.k.p.r.p.TestFile    ... finished proof: closed. 
95731      INFO  main            d.u.i.k.p.i.AbstractProblemLoader Loading environment from /home/runner/work/key/key/key.core/../key.ui/examples/standard_key/java_dl/danglingElseSolution1.key.proof 
95731      DEBUG main            d.u.i.k.p.i.AbstractProblemLoader Environment load took 106.6ns 
95733      INFO  main            d.u.i.k.p.i.AbstractProblemLoader Creating init config 
97929      DEBUG main            d.u.i.k.p.i.AbstractProblemLoader Init config took 2.2s 
97943      INFO  main            d.u.i.k.p.i.AbstractProblemLoader Replaying proof danglingElseSolution1.key.proof 
97959      DEBUG main            d.u.i.k.p.i.IntermediateProofReplayer Proof replay took 12.88ms 
97960      DEBUG main            d.u.i.k.p.r.p.TestFile    ... success: reloaded. 
97961      INFO  main            d.u.i.k.p.r.p.TestFile    Now processing file /home/runner/work/key/key/key.core/../key.ui/examples/standard_key/java_dl/danglingElseSolution2.key 
97961      INFO  main            d.u.i.k.p.i.AbstractProblemLoader Loading environment from /home/runner/work/key/key/key.core/../key.ui/examples/standard_key/java_dl/danglingElseSolution2.key 
97961      DEBUG main            d.u.i.k.p.i.AbstractProblemLoader Environment load took 247.3ns 
97963      INFO  main            d.u.i.k.p.i.AbstractProblemLoader Creating init config 
100203     DEBUG main            d.u.i.k.p.i.AbstractProblemLoader Init config took 2.24s 
100218     INFO  main            d.u.i.k.p.i.AbstractProblemLoader Replaying proof danglingElseSolution2.key 
100220     DEBUG main            d.u.i.k.p.i.IntermediateProofReplayer Proof replay took 6.1ns 
100322     INFO  main            d.u.i.k.p.r.p.TestFile    ... finished proof: closed. 
100534     INFO  main            d.u.i.k.p.i.AbstractProblemLoader Loading environment from /home/runner/work/key/key/key.core/../key.ui/examples/standard_key/java_dl/danglingElseSolution2.key.proof 
100534     DEBUG main            d.u.i.k.p.i.AbstractProblemLoader Environment load took 105.8ns 
100535     INFO  main            d.u.i.k.p.i.AbstractProblemLoader Creating init config 
102727     DEBUG main            d.u.i.k.p.i.AbstractProblemLoader Init config took 2.19s 
102741     INFO  main            d.u.i.k.p.i.AbstractProblemLoader Replaying proof danglingElseSolution2.key.proof 
102751     DEBUG main            d.u.i.k.p.i.IntermediateProofReplayer Proof replay took 8.03ms 
102758     DEBUG main            d.u.i.k.p.r.p.TestFile    ... success: reloaded. 
102759     INFO  main            d.u.i.k.p.r.p.TestFile    Now processing file /home/runner/work/key/key/key.core/../key.ui/examples/standard_key/java_dl/deepNonNull/deepNonNull0.key 
102760     INFO  main            d.u.i.k.p.i.AbstractProblemLoader Loading environment from /home/runner/work/key/key/key.core/../key.ui/examples/standard_key/java_dl/deepNonNull/deepNonNull0.key 
102760     DEBUG main            d.u.i.k.p.i.AbstractProblemLoader Environment load took 155.3ns 
102760     INFO  main            d.u.i.k.p.i.AbstractProblemLoader Creating init config 
105062     DEBUG main            d.u.i.k.p.i.AbstractProblemLoader Init config took 2.3s 
105098     INFO  main            d.u.i.k.p.i.AbstractProblemLoader Replaying proof Arrays[Arrays::get()].JML operation contract.0 
105099     DEBUG main            d.u.i.k.p.i.IntermediateProofReplayer Proof replay took 5.6ns 
105302     INFO  main            d.u.i.k.p.r.p.TestFile    ... finished proof: closed. 
105532     INFO  main            d.u.i.k.p.i.AbstractProblemLoader Loading environment from /home/runner/work/key/key/key.core/../key.ui/examples/standard_key/java_dl/deepNonNull/deepNonNull0.key.proof 
105532     DEBUG main            d.u.i.k.p.i.AbstractProblemLoader Environment load took 96.3ns 
105533     INFO  main            d.u.i.k.p.i.AbstractProblemLoader Creating init config 
107818     DEBUG main            d.u.i.k.p.i.AbstractProblemLoader Init config took 2.28s 
107853     INFO  main            d.u.i.k.p.i.AbstractProblemLoader Replaying proof Arrays[Arrays::get()].JML operation contract.0 
107881     DEBUG main            d.u.i.k.p.i.IntermediateProofReplayer Proof replay took 25.79ms 
107882     DEBUG main            d.u.i.k.p.r.p.TestFile    ... success: reloaded. 
107893     INFO  main            d.u.i.k.p.r.p.TestFile    Now processing file /home/runner/work/key/key/key.core/../key.ui/examples/standard_key/java_dl/deepNonNull/deepNonNull1.key 
107894     INFO  main            d.u.i.k.p.i.AbstractProblemLoader Loading environment from /home/runner/work/key/key/key.core/../key.ui/examples/standard_key/java_dl/deepNonNull/deepNonNull1.key 
107894     DEBUG main            d.u.i.k.p.i.AbstractProblemLoader Environment load took 155.7ns 
107894     INFO  main            d.u.i.k.p.i.AbstractProblemLoader Creating init config 
110224     DEBUG main            d.u.i.k.p.i.AbstractProblemLoader Init config took 2.33s 
110258     INFO  main            d.u.i.k.p.i.AbstractProblemLoader Replaying proof Arrays[Arrays::head()].JML operation contract.0 
110259     DEBUG main            d.u.i.k.p.i.IntermediateProofReplayer Proof replay took 5.6ns 
110362     INFO  main            d.u.i.k.p.r.p.TestFile    ... finished proof: closed. 
110622     INFO  main            d.u.i.k.p.i.AbstractProblemLoader Loading environment from /home/runner/work/key/key/key.core/../key.ui/examples/standard_key/java_dl/deepNonNull/deepNonNull1.key.proof 
110622     DEBUG main            d.u.i.k.p.i.AbstractProblemLoader Environment load took 91.4ns 
110623     INFO  main            d.u.i.k.p.i.AbstractProblemLoader Creating init config 
112888     DEBUG main            d.u.i.k.p.i.AbstractProblemLoader Init config took 2.26s 
112921     INFO  main            d.u.i.k.p.i.AbstractProblemLoader Replaying proof Arrays[Arrays::head()].JML operation contract.0 
112944     DEBUG main            d.u.i.k.p.i.IntermediateProofReplayer Proof replay took 20.84ms 
112945     DEBUG main            d.u.i.k.p.r.p.TestFile    ... success: reloaded. 
112946     INFO  main            d.u.i.k.p.r.p.TestFile    Now processing file /home/runner/work/key/key/key.core/../key.ui/examples/standard_key/java_dl/deepNonNull/deepNonNull2.key 
112946     INFO  main            d.u.i.k.p.i.AbstractProblemLoader Loading environment from /home/runner/work/key/key/key.core/../key.ui/examples/standard_key/java_dl/deepNonNull/deepNonNull2.key 
112946     DEBUG main            d.u.i.k.p.i.AbstractProblemLoader Environment load took 73.4ns 
112947     INFO  main            d.u.i.k.p.i.AbstractProblemLoader Creating init config 
115253     DEBUG main            d.u.i.k.p.i.AbstractProblemLoader Init config took 2.31s 
115286     INFO  main            d.u.i.k.p.i.AbstractProblemLoader Replaying proof Arrays[Arrays::unprovable(java.lang.Object)].JML operation contract.0 
115287     DEBUG main            d.u.i.k.p.i.IntermediateProofReplayer Proof replay took 6ns 
115392     INFO  main            d.u.i.k.p.r.p.TestFile    ... finished proof: open goal(s) 
115690     INFO  main            d.u.i.k.p.r.p.TestFile    Now processing file /home/runner/work/key/key/key.core/../key.ui/examples/standard_key/java_dl/deepNonNull/deepNonNull3.key 
115691     INFO  main            d.u.i.k.p.i.AbstractProblemLoader Loading environment from /home/runner/work/key/key/key.core/../key.ui/examples/standard_key/java_dl/deepNonNull/deepNonNull3.key 
115691     DEBUG main            d.u.i.k.p.i.AbstractProblemLoader Environment load took 53.9ns 
115692     INFO  main            d.u.i.k.p.i.AbstractProblemLoader Creating init config 
117933     DEBUG main            d.u.i.k.p.i.AbstractProblemLoader Init config took 2.24s 
117967     INFO  main            d.u.i.k.p.i.AbstractProblemLoader Replaying proof Arrays[Arrays::head([[[[Ljava.lang.Object)].JML operation contract.0 
117968     DEBUG main            d.u.i.k.p.i.IntermediateProofReplayer Proof replay took 6.5ns 
118876     INFO  main            d.u.i.k.p.r.p.TestFile    ... finished proof: closed. 
119131     INFO  main            d.u.i.k.p.i.AbstractProblemLoader Loading environment from /home/runner/work/key/key/key.core/../key.ui/examples/standard_key/java_dl/deepNonNull/deepNonNull3.key.proof 
119131     DEBUG main            d.u.i.k.p.i.AbstractProblemLoader Environment load took 684.7ns 
119132     INFO  main            d.u.i.k.p.i.AbstractProblemLoader Creating init config 
121380     DEBUG main            d.u.i.k.p.i.AbstractProblemLoader Init config took 2.25s 
121424     INFO  main            d.u.i.k.p.i.AbstractProblemLoader Replaying proof Arrays[Arrays::head([[[[Ljava.lang.Object)].JML operation contract.0 
121533     DEBUG main            d.u.i.k.p.i.IntermediateProofReplayer Proof replay took 102.33ms 
121534     DEBUG main            d.u.i.k.p.r.p.TestFile    ... success: reloaded. 
121535     INFO  main            d.u.i.k.p.r.p.TestFile    Now processing file /home/runner/work/key/key/key.core/../key.ui/examples/standard_key/java_dl/exceptions.key 
121535     INFO  main            d.u.i.k.p.i.AbstractProblemLoader Loading environment from /home/runner/work/key/key/key.core/../key.ui/examples/standard_key/java_dl/exceptions.key 
121536     DEBUG main            d.u.i.k.p.i.AbstractProblemLoader Environment load took 903.2ns 
121537     INFO  main            d.u.i.k.p.i.AbstractProblemLoader Creating init config 
121567     WARN  main            d.u.i.k.j.r.KeYCrossReferenceNameInfo Datatype java.io.InputStream declared twice: Once in FILE:/home/runner/work/key/key/key.core/../key.ui/examples/standard_key/java_dl/classpath/InputStream.java and once in URL:file:/home/runner/work/key/key/key.core/build/resources/main/de/uka/ilkd/key/java/JavaRedux/java/io/InputStream.java, Keeping one from URL:file:/home/runner/work/key/key/key.core/build/resources/main/de/uka/ilkd/key/java/JavaRedux/java/io/InputStream.java 
121567     WARN  main            d.u.i.k.j.r.KeYCrossReferenceNameInfo Datatype java.lang.System declared twice: Once in FILE:/home/runner/work/key/key/key.core/../key.ui/examples/standard_key/java_dl/classpath/System.java and once in URL:file:/home/runner/work/key/key/key.core/build/resources/main/de/uka/ilkd/key/java/JavaRedux/java/lang/System.java, Keeping one from URL:file:/home/runner/work/key/key/key.core/build/resources/main/de/uka/ilkd/key/java/JavaRedux/java/lang/System.java 
121567     WARN  main            d.u.i.k.j.r.KeYCrossReferenceNameInfo Datatype java.io.PrintStream declared twice: Once in FILE:/home/runner/work/key/key/key.core/../key.ui/examples/standard_key/java_dl/classpath/PrintStream.java and once in URL:file:/home/runner/work/key/key/key.core/build/resources/main/de/uka/ilkd/key/java/JavaRedux/java/io/PrintStream.java, Keeping one from URL:file:/home/runner/work/key/key/key.core/build/resources/main/de/uka/ilkd/key/java/JavaRedux/java/io/PrintStream.java 
121570     DEBUG main            d.u.i.k.j.r.ClassFileDeclarationBuilder Parsing: package java.io; public class Closeable { } 
121571     DEBUG main            r.s.KeYCrossReferenceSourceInfo Dynamically created class: java.io.Closeable 
123829     DEBUG main            d.u.i.k.p.i.AbstractProblemLoader Init config took 2.29s 
123844     INFO  main            d.u.i.k.p.i.AbstractProblemLoader Replaying proof exceptions.key 
123845     DEBUG main            d.u.i.k.p.i.IntermediateProofReplayer Proof replay took 7.1ns 
124047     INFO  main            d.u.i.k.p.r.p.TestFile    ... finished proof: closed. 
124286     INFO  main            d.u.i.k.p.i.AbstractProblemLoader Loading environment from /home/runner/work/key/key/key.core/../key.ui/examples/standard_key/java_dl/exceptions.key.proof 
124286     DEBUG main            d.u.i.k.p.i.AbstractProblemLoader Environment load took 79.9ns 
124287     INFO  main            d.u.i.k.p.i.AbstractProblemLoader Creating init config 
124306     WARN  main            d.u.i.k.j.r.KeYCrossReferenceNameInfo Datatype java.io.InputStream declared twice: Once in FILE:/home/runner/work/key/key/key.core/../key.ui/examples/standard_key/java_dl/classpath/InputStream.java and once in URL:file:/home/runner/work/key/key/key.core/build/resources/main/de/uka/ilkd/key/java/JavaRedux/java/io/InputStream.java, Keeping one from URL:file:/home/runner/work/key/key/key.core/build/resources/main/de/uka/ilkd/key/java/JavaRedux/java/io/InputStream.java 
124307     WARN  main            d.u.i.k.j.r.KeYCrossReferenceNameInfo Datatype java.lang.System declared twice: Once in FILE:/home/runner/work/key/key/key.core/../key.ui/examples/standard_key/java_dl/classpath/System.java and once in URL:file:/home/runner/work/key/key/key.core/build/resources/main/de/uka/ilkd/key/java/JavaRedux/java/lang/System.java, Keeping one from URL:file:/home/runner/work/key/key/key.core/build/resources/main/de/uka/ilkd/key/java/JavaRedux/java/lang/System.java 
124307     WARN  main            d.u.i.k.j.r.KeYCrossReferenceNameInfo Datatype java.io.PrintStream declared twice: Once in FILE:/home/runner/work/key/key/key.core/../key.ui/examples/standard_key/java_dl/classpath/PrintStream.java and once in URL:file:/home/runner/work/key/key/key.core/build/resources/main/de/uka/ilkd/key/java/JavaRedux/java/io/PrintStream.java, Keeping one from URL:file:/home/runner/work/key/key/key.core/build/resources/main/de/uka/ilkd/key/java/JavaRedux/java/io/PrintStream.java 
124310     DEBUG main            d.u.i.k.j.r.ClassFileDeclarationBuilder Parsing: package java.io; public class Closeable { } 
124310     DEBUG main            r.s.KeYCrossReferenceSourceInfo Dynamically created class: java.io.Closeable 
126524     DEBUG main            d.u.i.k.p.i.AbstractProblemLoader Init config took 2.24s 
126537     INFO  main            d.u.i.k.p.i.AbstractProblemLoader Replaying proof exceptions.key.proof 
126579     DEBUG main            d.u.i.k.p.i.IntermediateProofReplayer Proof replay took 39.85ms 
126580     DEBUG main            d.u.i.k.p.r.p.TestFile    ... success: reloaded. 
126581     INFO  main            d.u.i.k.p.r.p.TestFile    Now processing file /home/runner/work/key/key/key.core/../key.ui/examples/standard_key/java_dl/exceptions1.key 
126581     INFO  main            d.u.i.k.p.i.AbstractProblemLoader Loading environment from /home/runner/work/key/key/key.core/../key.ui/examples/standard_key/java_dl/exceptions1.key 
126581     DEBUG main            d.u.i.k.p.i.AbstractProblemLoader Environment load took 69.8ns 
126582     INFO  main            d.u.i.k.p.i.AbstractProblemLoader Creating init config 
128808     DEBUG main            d.u.i.k.p.i.AbstractProblemLoader Init config took 2.23s 
128826     INFO  main            d.u.i.k.p.i.AbstractProblemLoader Replaying proof exceptions1.key 
128828     DEBUG main            d.u.i.k.p.i.IntermediateProofReplayer Proof replay took 6.9ns 
128930     INFO  main            d.u.i.k.p.r.p.TestFile    ... finished proof: closed. 
129219     INFO  main            d.u.i.k.p.i.AbstractProblemLoader Loading environment from /home/runner/work/key/key/key.core/../key.ui/examples/standard_key/java_dl/exceptions1.key.proof 
129219     DEBUG main            d.u.i.k.p.i.AbstractProblemLoader Environment load took 91.3ns 
129220     INFO  main            d.u.i.k.p.i.AbstractProblemLoader Creating init config 
131388     DEBUG main            d.u.i.k.p.i.AbstractProblemLoader Init config took 2.17s 
131402     INFO  main            d.u.i.k.p.i.AbstractProblemLoader Replaying proof exceptions1.key.proof 
131431     DEBUG main            d.u.i.k.p.i.IntermediateProofReplayer Proof replay took 27.04ms 
131432     DEBUG main            d.u.i.k.p.r.p.TestFile    ... success: reloaded. 
131433     INFO  main            d.u.i.k.p.r.p.TestFile    Now processing file /home/runner/work/key/key/key.core/../key.ui/examples/standard_key/java_dl/exceptions2.key 
131433     INFO  main            d.u.i.k.p.i.AbstractProblemLoader Loading environment from /home/runner/work/key/key/key.core/../key.ui/examples/standard_key/java_dl/exceptions2.key 
131433     DEBUG main            d.u.i.k.p.i.AbstractProblemLoader Environment load took 70.4ns 
131434     INFO  main            d.u.i.k.p.i.AbstractProblemLoader Creating init config 
133659     DEBUG main            d.u.i.k.p.i.AbstractProblemLoader Init config took 2.22s 
133672     INFO  main            d.u.i.k.p.i.AbstractProblemLoader Replaying proof exceptions2.key 
133674     DEBUG main            d.u.i.k.p.i.IntermediateProofReplayer Proof replay took 7.2ns 
133775     INFO  main            d.u.i.k.p.r.p.TestFile    ... finished proof: closed. 
134026     INFO  main            d.u.i.k.p.i.AbstractProblemLoader Loading environment from /home/runner/work/key/key/key.core/../key.ui/examples/standard_key/java_dl/exceptions2.key.proof 
134026     DEBUG main            d.u.i.k.p.i.AbstractProblemLoader Environment load took 85.7ns 
134027     INFO  main            d.u.i.k.p.i.AbstractProblemLoader Creating init config 
136204     DEBUG main            d.u.i.k.p.i.AbstractProblemLoader Init config took 2.18s 
136218     INFO  main            d.u.i.k.p.i.AbstractProblemLoader Replaying proof exceptions2.key.proof 
136246     DEBUG main            d.u.i.k.p.i.IntermediateProofReplayer Proof replay took 26.03ms 
136247     DEBUG main            d.u.i.k.p.r.p.TestFile    ... success: reloaded. 
136248     INFO  main            d.u.i.k.p.r.p.TestFile    Now processing file /home/runner/work/key/key/key.core/../key.ui/examples/standard_key/java_dl/exceptions3.key 
136248     INFO  main            d.u.i.k.p.i.AbstractProblemLoader Loading environment from /home/runner/work/key/key/key.core/../key.ui/examples/standard_key/java_dl/exceptions3.key 
136248     DEBUG main            d.u.i.k.p.i.AbstractProblemLoader Environment load took 86.9ns 
136249     INFO  main            d.u.i.k.p.i.AbstractProblemLoader Creating init config 
136267     WARN  main            d.u.i.k.j.r.KeYCrossReferenceNameInfo Datatype java.io.InputStream declared twice: Once in FILE:/home/runner/work/key/key/key.core/../key.ui/examples/standard_key/java_dl/classpath/InputStream.java and once in URL:file:/home/runner/work/key/key/key.core/build/resources/main/de/uka/ilkd/key/java/JavaRedux/java/io/InputStream.java, Keeping one from URL:file:/home/runner/work/key/key/key.core/build/resources/main/de/uka/ilkd/key/java/JavaRedux/java/io/InputStream.java 
136268     WARN  main            d.u.i.k.j.r.KeYCrossReferenceNameInfo Datatype java.lang.System declared twice: Once in FILE:/home/runner/work/key/key/key.core/../key.ui/examples/standard_key/java_dl/classpath/System.java and once in URL:file:/home/runner/work/key/key/key.core/build/resources/main/de/uka/ilkd/key/java/JavaRedux/java/lang/System.java, Keeping one from URL:file:/home/runner/work/key/key/key.core/build/resources/main/de/uka/ilkd/key/java/JavaRedux/java/lang/System.java 
136268     WARN  main            d.u.i.k.j.r.KeYCrossReferenceNameInfo Datatype java.io.PrintStream declared twice: Once in FILE:/home/runner/work/key/key/key.core/../key.ui/examples/standard_key/java_dl/classpath/PrintStream.java and once in URL:file:/home/runner/work/key/key/key.core/build/resources/main/de/uka/ilkd/key/java/JavaRedux/java/io/PrintStream.java, Keeping one from URL:file:/home/runner/work/key/key/key.core/build/resources/main/de/uka/ilkd/key/java/JavaRedux/java/io/PrintStream.java 
136270     DEBUG main            d.u.i.k.j.r.ClassFileDeclarationBuilder Parsing: package java.io; public class Closeable { } 
136271     DEBUG main            r.s.KeYCrossReferenceSourceInfo Dynamically created class: java.io.Closeable 
138502     DEBUG main            d.u.i.k.p.i.AbstractProblemLoader Init config took 2.25s 
138514     INFO  main            d.u.i.k.p.i.AbstractProblemLoader Replaying proof exceptions3.key 
138516     DEBUG main            d.u.i.k.p.i.IntermediateProofReplayer Proof replay took 6ns 
138618     INFO  main            d.u.i.k.p.r.p.TestFile    ... finished proof: closed. 
138871     INFO  main            d.u.i.k.p.i.AbstractProblemLoader Loading environment from /home/runner/work/key/key/key.core/../key.ui/examples/standard_key/java_dl/exceptions3.key.proof 
138871     DEBUG main            d.u.i.k.p.i.AbstractProblemLoader Environment load took 76.5ns 
138872     INFO  main            d.u.i.k.p.i.AbstractProblemLoader Creating init config 
138891     WARN  main            d.u.i.k.j.r.KeYCrossReferenceNameInfo Datatype java.io.InputStream declared twice: Once in FILE:/home/runner/work/key/key/key.core/../key.ui/examples/standard_key/java_dl/classpath/InputStream.java and once in URL:file:/home/runner/work/key/key/key.core/build/resources/main/de/uka/ilkd/key/java/JavaRedux/java/io/InputStream.java, Keeping one from URL:file:/home/runner/work/key/key/key.core/build/resources/main/de/uka/ilkd/key/java/JavaRedux/java/io/InputStream.java 
138892     WARN  main            d.u.i.k.j.r.KeYCrossReferenceNameInfo Datatype java.lang.System declared twice: Once in FILE:/home/runner/work/key/key/key.core/../key.ui/examples/standard_key/java_dl/classpath/System.java and once in URL:file:/home/runner/work/key/key/key.core/build/resources/main/de/uka/ilkd/key/java/JavaRedux/java/lang/System.java, Keeping one from URL:file:/home/runner/work/key/key/key.core/build/resources/main/de/uka/ilkd/key/java/JavaRedux/java/lang/System.java 
138892     WARN  main            d.u.i.k.j.r.KeYCrossReferenceNameInfo Datatype java.io.PrintStream declared twice: Once in FILE:/home/runner/work/key/key/key.core/../key.ui/examples/standard_key/java_dl/classpath/PrintStream.java and once in URL:file:/home/runner/work/key/key/key.core/build/resources/main/de/uka/ilkd/key/java/JavaRedux/java/io/PrintStream.java, Keeping one from URL:file:/home/runner/work/key/key/key.core/build/resources/main/de/uka/ilkd/key/java/JavaRedux/java/io/PrintStream.java 
138898     DEBUG main            d.u.i.k.j.r.ClassFileDeclarationBuilder Parsing: package java.io; public class Closeable { } 
138898     DEBUG main            r.s.KeYCrossReferenceSourceInfo Dynamically created class: java.io.Closeable 
141129     DEBUG main            d.u.i.k.p.i.AbstractProblemLoader Init config took 2.26s 
141143     INFO  main            d.u.i.k.p.i.AbstractProblemLoader Replaying proof exceptions3.key.proof 
141152     DEBUG main            d.u.i.k.p.i.IntermediateProofReplayer Proof replay took 5.51ms 
141153     DEBUG main            d.u.i.k.p.r.p.TestFile    ... success: reloaded. 
141154     INFO  main            d.u.i.k.p.r.p.TestFile    Now processing file /home/runner/work/key/key/key.core/../key.ui/examples/standard_key/java_dl/exchange.key 
141155     INFO  main            d.u.i.k.p.i.AbstractProblemLoader Loading environment from /home/runner/work/key/key/key.core/../key.ui/examples/standard_key/java_dl/exchange.key 
141155     DEBUG main            d.u.i.k.p.i.AbstractProblemLoader Environment load took 72.8ns 
141156     INFO  main            d.u.i.k.p.i.AbstractProblemLoader Creating init config 
143413     DEBUG main            d.u.i.k.p.i.AbstractProblemLoader Init config took 2.26s 
143427     INFO  main            d.u.i.k.p.i.AbstractProblemLoader Replaying proof exchange.key 
143428     DEBUG main            d.u.i.k.p.i.IntermediateProofReplayer Proof replay took 6.3ns 
143529     INFO  main            d.u.i.k.p.r.p.TestFile    ... finished proof: closed. 
143784     INFO  main            d.u.i.k.p.i.AbstractProblemLoader Loading environment from /home/runner/work/key/key/key.core/../key.ui/examples/standard_key/java_dl/exchange.key.proof 
143784     DEBUG main            d.u.i.k.p.i.AbstractProblemLoader Environment load took 82.6ns 
143789     INFO  main            d.u.i.k.p.i.AbstractProblemLoader Creating init config 
145975     DEBUG main            d.u.i.k.p.i.AbstractProblemLoader Init config took 2.19s 
145988     INFO  main            d.u.i.k.p.i.AbstractProblemLoader Replaying proof exchange.key.proof 
145995     DEBUG main            d.u.i.k.p.i.IntermediateProofReplayer Proof replay took 4.23ms 
145996     DEBUG main            d.u.i.k.p.r.p.TestFile    ... success: reloaded. 
145996     INFO  main            d.u.i.k.p.r.p.TestFile    Now processing file /home/runner/work/key/key/key.core/../key.ui/examples/standard_key/java_dl/if.key 
145997     INFO  main            d.u.i.k.p.i.AbstractProblemLoader Loading environment from /home/runner/work/key/key/key.core/../key.ui/examples/standard_key/java_dl/if.key 
145997     DEBUG main            d.u.i.k.p.i.AbstractProblemLoader Environment load took 159.6ns 
145998     INFO  main            d.u.i.k.p.i.AbstractProblemLoader Creating init config 
148199     DEBUG main            d.u.i.k.p.i.AbstractProblemLoader Init config took 2.2s 
148212     INFO  main            d.u.i.k.p.i.AbstractProblemLoader Replaying proof if.key 
148213     DEBUG main            d.u.i.k.p.i.IntermediateProofReplayer Proof replay took 7ns 
148318     INFO  main            d.u.i.k.p.r.p.TestFile    ... finished proof: closed. 
148580     INFO  main            d.u.i.k.p.i.AbstractProblemLoader Loading environment from /home/runner/work/key/key/key.core/../key.ui/examples/standard_key/java_dl/if.key.proof 
148580     DEBUG main            d.u.i.k.p.i.AbstractProblemLoader Environment load took 77.8ns 
148581     INFO  main            d.u.i.k.p.i.AbstractProblemLoader Creating init config 
150758     DEBUG main            d.u.i.k.p.i.AbstractProblemLoader Init config took 2.18s 
150771     INFO  main            d.u.i.k.p.i.AbstractProblemLoader Replaying proof if.key.proof 
150775     DEBUG main            d.u.i.k.p.i.IntermediateProofReplayer Proof replay took 2.52ms 
150776     DEBUG main            d.u.i.k.p.r.p.TestFile    ... success: reloaded. 
150777     INFO  main            d.u.i.k.p.r.p.TestFile    Now processing file /home/runner/work/key/key/key.core/../key.ui/examples/standard_key/java_dl/incrementcounter.key 
150777     INFO  main            d.u.i.k.p.i.AbstractProblemLoader Loading environment from /home/runner/work/key/key/key.core/../key.ui/examples/standard_key/java_dl/incrementcounter.key 
150777     DEBUG main            d.u.i.k.p.i.AbstractProblemLoader Environment load took 100.2ns 
150778     INFO  main            d.u.i.k.p.i.AbstractProblemLoader Creating init config 
152975     DEBUG main            d.u.i.k.p.i.AbstractProblemLoader Init config took 2.2s 
153003     INFO  main            d.u.i.k.p.i.AbstractProblemLoader Replaying proof incrementcounter.key 
153004     DEBUG main            d.u.i.k.p.i.IntermediateProofReplayer Proof replay took 6.3ns 
153106     INFO  main            d.u.i.k.p.r.p.TestFile    ... finished proof: closed. 
153369     INFO  main            d.u.i.k.p.i.AbstractProblemLoader Loading environment from /home/runner/work/key/key/key.core/../key.ui/examples/standard_key/java_dl/incrementcounter.key.proof 
153369     DEBUG main            d.u.i.k.p.i.AbstractProblemLoader Environment load took 87ns 
153370     INFO  main            d.u.i.k.p.i.AbstractProblemLoader Creating init config 
155538     DEBUG main            d.u.i.k.p.i.AbstractProblemLoader Init config took 2.17s 
155551     INFO  main            d.u.i.k.p.i.AbstractProblemLoader Replaying proof incrementcounter.key.proof 
155554     DEBUG main            d.u.i.k.p.i.IntermediateProofReplayer Proof replay took 1.7ms 
155555     DEBUG main            d.u.i.k.p.r.p.TestFile    ... success: reloaded. 
155555     INFO  main            d.u.i.k.p.r.p.TestFile    Now processing file /home/runner/work/key/key/key.core/../key.ui/examples/standard_key/java_dl/danglingElse.key 
155555     INFO  main            d.u.i.k.p.i.AbstractProblemLoader Loading environment from /home/runner/work/key/key/key.core/../key.ui/examples/standard_key/java_dl/danglingElse.key 
155555     DEBUG main            d.u.i.k.p.i.AbstractProblemLoader Environment load took 44.6ns 
155559     INFO  main            d.u.i.k.p.i.AbstractProblemLoader Creating init config 
157776     DEBUG main            d.u.i.k.p.i.AbstractProblemLoader Init config took 2.22s 
157789     INFO  main            d.u.i.k.p.i.AbstractProblemLoader Replaying proof danglingElse.key 
157790     DEBUG main            d.u.i.k.p.i.IntermediateProofReplayer Proof replay took 6.5ns 
157894     INFO  main            d.u.i.k.p.r.p.TestFile    ... finished proof: open goal(s) 
158178     INFO  main            d.u.i.k.p.r.p.TestFile    Now processing file /home/runner/work/key/key/key.core/../key.ui/examples/standard_key/java_dl/iteratedAssignment.key 
158178     INFO  main            d.u.i.k.p.i.AbstractProblemLoader Loading environment from /home/runner/work/key/key/key.core/../key.ui/examples/standard_key/java_dl/iteratedAssignment.key 
158178     DEBUG main            d.u.i.k.p.i.AbstractProblemLoader Environment load took 44.6ns 
158179     INFO  main            d.u.i.k.p.i.AbstractProblemLoader Creating init config 
160344     DEBUG main            d.u.i.k.p.i.AbstractProblemLoader Init config took 2.17s 
160358     INFO  main            d.u.i.k.p.i.AbstractProblemLoader Replaying proof iteratedAssignment.key 
160360     DEBUG main            d.u.i.k.p.i.IntermediateProofReplayer Proof replay took 6ns 
160663     INFO  main            d.u.i.k.p.r.p.TestFile    ... finished proof: closed. 
160943     INFO  main            d.u.i.k.p.i.AbstractProblemLoader Loading environment from /home/runner/work/key/key/key.core/../key.ui/examples/standard_key/java_dl/iteratedAssignment.key.proof 
160943     DEBUG main            d.u.i.k.p.i.AbstractProblemLoader Environment load took 77.4ns 
160944     INFO  main            d.u.i.k.p.i.AbstractProblemLoader Creating init config 
163100     DEBUG main            d.u.i.k.p.i.AbstractProblemLoader Init config took 2.16s 
163113     INFO  main            d.u.i.k.p.i.AbstractProblemLoader Replaying proof iteratedAssignment.key.proof 
163167     DEBUG main            d.u.i.k.p.i.IntermediateProofReplayer Proof replay took 50.77ms 
163168     DEBUG main            d.u.i.k.p.r.p.TestFile    ... success: reloaded. 
163169     INFO  main            d.u.i.k.p.r.p.TestFile    Now processing file /home/runner/work/key/key/key.core/../key.ui/examples/standard_key/java_dl/assert/assert1.key 
163169     INFO  main            d.u.i.k.p.i.AbstractProblemLoader Loading environment from /home/runner/work/key/key/key.core/../key.ui/examples/standard_key/java_dl/assert/assert1.key 
163169     DEBUG main            d.u.i.k.p.i.AbstractProblemLoader Environment load took 64.2ns 
163170     INFO  main            d.u.i.k.p.i.AbstractProblemLoader Creating init config 
165459     DEBUG main            d.u.i.k.p.i.AbstractProblemLoader Init config took 2.29s 
165490     INFO  main            d.u.i.k.p.i.AbstractProblemLoader Replaying proof C[C::foo()].JML normal_behavior operation contract.0 
165492     DEBUG main            d.u.i.k.p.i.IntermediateProofReplayer Proof replay took 6.7ns 
165694     INFO  main            d.u.i.k.p.r.p.TestFile    ... finished proof: open goal(s) 
165990     INFO  main            d.u.i.k.p.r.p.TestFile    Now processing file /home/runner/work/key/key/key.core/../key.ui/examples/standard_key/java_dl/assert/assert2.key 
165990     INFO  main            d.u.i.k.p.i.AbstractProblemLoader Loading environment from /home/runner/work/key/key/key.core/../key.ui/examples/standard_key/java_dl/assert/assert2.key 
165990     DEBUG main            d.u.i.k.p.i.AbstractProblemLoader Environment load took 80.3ns 
165991     INFO  main            d.u.i.k.p.i.AbstractProblemLoader Creating init config 
168196     DEBUG main            d.u.i.k.p.i.AbstractProblemLoader Init config took 2.21s 
168232     INFO  main            d.u.i.k.p.i.AbstractProblemLoader Replaying proof C[C::bar()].JML exceptional_behavior operation contract.0 
168234     DEBUG main            d.u.i.k.p.i.IntermediateProofReplayer Proof replay took 6ns 
168435     INFO  main            d.u.i.k.p.r.p.TestFile    ... finished proof: closed. 
168708     INFO  main            d.u.i.k.p.i.AbstractProblemLoader Loading environment from /home/runner/work/key/key/key.core/../key.ui/examples/standard_key/java_dl/assert/assert2.key.proof 
168708     DEBUG main            d.u.i.k.p.i.AbstractProblemLoader Environment load took 81ns 
168709     INFO  main            d.u.i.k.p.i.AbstractProblemLoader Creating init config 
170959     DEBUG main            d.u.i.k.p.i.AbstractProblemLoader Init config took 2.25s 
170990     INFO  main            d.u.i.k.p.i.AbstractProblemLoader Replaying proof C[C::bar()].JML exceptional_behavior operation contract.0 
171027     DEBUG main            d.u.i.k.p.i.IntermediateProofReplayer Proof replay took 34.88ms 
171029     DEBUG main            d.u.i.k.p.r.p.TestFile    ... success: reloaded. 
171031     INFO  main            d.u.i.k.p.r.p.TestFile    Now processing file /home/runner/work/key/key/key.core/../key.ui/examples/standard_key/java_dl/assert/assert3.key 
171031     INFO  main            d.u.i.k.p.i.AbstractProblemLoader Loading environment from /home/runner/work/key/key/key.core/../key.ui/examples/standard_key/java_dl/assert/assert3.key 
171031     DEBUG main            d.u.i.k.p.i.AbstractProblemLoader Environment load took 172.8ns 
171032     INFO  main            d.u.i.k.p.i.AbstractProblemLoader Creating init config 
173254     DEBUG main            d.u.i.k.p.i.AbstractProblemLoader Init config took 2.22s 
173293     INFO  main            d.u.i.k.p.i.AbstractProblemLoader Replaying proof C[C::foo()].JML normal_behavior operation contract.0 
173305     DEBUG main            d.u.i.k.p.i.IntermediateProofReplayer Proof replay took 7.4ns 
173406     INFO  main            d.u.i.k.p.r.p.TestFile    ... finished proof: open goal(s) 
173694     INFO  main            d.u.i.k.p.r.p.TestFile    Now processing file /home/runner/work/key/key/key.core/../key.ui/examples/standard_key/java_dl/java5/vararg.key 
173694     INFO  main            d.u.i.k.p.i.AbstractProblemLoader Loading environment from /home/runner/work/key/key/key.core/../key.ui/examples/standard_key/java_dl/java5/vararg.key 
173694     DEBUG main            d.u.i.k.p.i.AbstractProblemLoader Environment load took 46.2ns 
173696     INFO  main            d.u.i.k.p.i.AbstractProblemLoader Creating init config 
174512     DEBUG main            d.u.i.k.j.r.ClassPreparationMethodBuilder clPrepBuilder: Inner Class detected. Reject building class initialisation methods. 
176258     DEBUG main            d.u.i.k.p.i.AbstractProblemLoader Init config took 2.56s 
176292     INFO  main            d.u.i.k.p.i.AbstractProblemLoader Replaying proof vararg.key 
176293     DEBUG main            d.u.i.k.p.i.IntermediateProofReplayer Proof replay took 7.1ns 
176548     DEBUG Thread-101      d.u.i.k.j.d.VariableSpecification Program match. Variables have different dimension (template #v0 = #vi;, source var#17[] = new java.lang.Object[]{d1, d2};) 
176688     DEBUG Thread-101      d.u.i.k.j.d.VariableSpecification Program match. Variables have different dimension (template #v0 = #vi;, source var#24[] = new java.lang.Object[]{d1, d2};) 
176834     DEBUG Thread-101      d.u.i.k.j.d.VariableSpecification Program match. Variables have different dimension (template #v0 = #vi;, source var#33[] = new java.lang.Object[]{var_1};) 
176835     DEBUG Thread-101      d.u.i.k.j.d.VariableSpecification Program match. Variables have different dimension (template #v0 = #vi;, source var#33[] = new java.lang.Object[]{var_1};) 
176943     DEBUG Thread-101      d.u.i.k.j.d.VariableSpecification Program match. Variables have different dimension (template #v0 = #vi;, source var#39[] = new java.lang.Object[]{null, null};) 
177108     DEBUG Thread-101      d.u.i.k.j.d.VariableSpecification Program match. Variables have different dimension (template #v0 = #vi;, source var#46[] = new java.lang.Object[]{};) 
177499     INFO  main            d.u.i.k.p.r.p.TestFile    ... finished proof: closed. 
177839     INFO  main            d.u.i.k.p.i.AbstractProblemLoader Loading environment from /home/runner/work/key/key/key.core/../key.ui/examples/standard_key/java_dl/java5/vararg.key.proof 
177839     DEBUG main            d.u.i.k.p.i.AbstractProblemLoader Environment load took 291.7ns 
177840     INFO  main            d.u.i.k.p.i.AbstractProblemLoader Creating init config 
178600     DEBUG main            d.u.i.k.j.r.ClassPreparationMethodBuilder clPrepBuilder: Inner Class detected. Reject building class initialisation methods. 
180238     DEBUG main            d.u.i.k.p.i.AbstractProblemLoader Init config took 2.4s 
180264     INFO  main            d.u.i.k.p.i.AbstractProblemLoader Replaying proof vararg.key.proof 
180577     DEBUG main            d.u.i.k.p.i.IntermediateProofReplayer Proof replay took 297.79ms 
180578     DEBUG main            d.u.i.k.p.r.p.TestFile    ... success: reloaded. 
180579     INFO  main            d.u.i.k.p.r.p.TestFile    Now processing file /home/runner/work/key/key/key.core/../key.ui/examples/standard_key/java_dl/java5/for_Array.key 
180579     INFO  main            d.u.i.k.p.i.AbstractProblemLoader Loading environment from /home/runner/work/key/key/key.core/../key.ui/examples/standard_key/java_dl/java5/for_Array.key 
180579     DEBUG main            d.u.i.k.p.i.AbstractProblemLoader Environment load took 148.3ns 
180580     INFO  main            d.u.i.k.p.i.AbstractProblemLoader Creating init config 
181368     DEBUG main            d.u.i.k.j.r.ClassPreparationMethodBuilder clPrepBuilder: Inner Class detected. Reject building class initialisation methods. 
183019     DEBUG main            d.u.i.k.p.i.AbstractProblemLoader Init config took 2.44s 
183066     INFO  main            d.u.i.k.p.i.AbstractProblemLoader Replaying proof For[For::sum([I)].JML operation contract.0 
183067     DEBUG main            d.u.i.k.p.i.IntermediateProofReplayer Proof replay took 6.1ns 
183396     INFO  main            d.u.i.k.p.r.p.TestFile    ... finished proof: closed. 
183745     INFO  main            d.u.i.k.p.i.AbstractProblemLoader Loading environment from /home/runner/work/key/key/key.core/../key.ui/examples/standard_key/java_dl/java5/for_Array.key.proof 
183745     DEBUG main            d.u.i.k.p.i.AbstractProblemLoader Environment load took 77.9ns 
183745     INFO  main            d.u.i.k.p.i.AbstractProblemLoader Creating init config 
184494     DEBUG main            d.u.i.k.j.r.ClassPreparationMethodBuilder clPrepBuilder: Inner Class detected. Reject building class initialisation methods. 
186098     DEBUG main            d.u.i.k.p.i.AbstractProblemLoader Init config took 2.35s 
186145     INFO  main            d.u.i.k.p.i.AbstractProblemLoader Replaying proof For[For::sum([I)].JML operation contract.0 
186225     DEBUG main            d.u.i.k.p.i.IntermediateProofReplayer Proof replay took 77.15ms 
186226     DEBUG main            d.u.i.k.p.r.p.TestFile    ... success: reloaded. 
186227     INFO  main            d.u.i.k.p.r.p.TestFile    Now processing file /home/runner/work/key/key/key.core/../key.ui/examples/standard_key/java_dl/java5/for_Iterable.key 
186227     INFO  main            d.u.i.k.p.i.AbstractProblemLoader Loading environment from /home/runner/work/key/key/key.core/../key.ui/examples/standard_key/java_dl/java5/for_Iterable.key 
186227     DEBUG main            d.u.i.k.p.i.AbstractProblemLoader Environment load took 69.2ns 
186228     INFO  main            d.u.i.k.p.i.AbstractProblemLoader Creating init config 
187002     DEBUG main            d.u.i.k.j.r.ClassPreparationMethodBuilder clPrepBuilder: Inner Class detected. Reject building class initialisation methods. 
188626     DEBUG main            d.u.i.k.p.i.AbstractProblemLoader Init config took 2.4s 
188674     INFO  main            d.u.i.k.p.i.AbstractProblemLoader Replaying proof For[For::infiniteLoop(For)].JML operation contract.0 
188675     DEBUG main            d.u.i.k.p.i.IntermediateProofReplayer Proof replay took 6.1ns 
188898     INFO  main            d.u.i.k.p.r.p.TestFile    ... finished proof: closed. 
189204     INFO  main            d.u.i.k.p.i.AbstractProblemLoader Loading environment from /home/runner/work/key/key/key.core/../key.ui/examples/standard_key/java_dl/java5/for_Iterable.key.proof 
189204     DEBUG main            d.u.i.k.p.i.AbstractProblemLoader Environment load took 80.1ns 
189205     INFO  main            d.u.i.k.p.i.AbstractProblemLoader Creating init config 
189957     DEBUG main            d.u.i.k.j.r.ClassPreparationMethodBuilder clPrepBuilder: Inner Class detected. Reject building class initialisation methods. 
191552     DEBUG main            d.u.i.k.p.i.AbstractProblemLoader Init config took 2.35s 
191600     INFO  main            d.u.i.k.p.i.AbstractProblemLoader Replaying proof For[For::infiniteLoop(For)].JML operation contract.0 
191647     DEBUG main            d.u.i.k.p.i.IntermediateProofReplayer Proof replay took 44.35ms 
191648     DEBUG main            d.u.i.k.p.r.p.TestFile    ... success: reloaded. 
191649     INFO  main            d.u.i.k.p.r.p.TestFile    Now processing file /home/runner/work/key/key/key.core/../key.ui/examples/standard_key/java_dl/java5/for_ReferenceArray.key 
191649     INFO  main            d.u.i.k.p.i.AbstractProblemLoader Loading environment from /home/runner/work/key/key/key.core/../key.ui/examples/standard_key/java_dl/java5/for_ReferenceArray.key 
191649     DEBUG main            d.u.i.k.p.i.AbstractProblemLoader Environment load took 121ns 
191650     INFO  main            d.u.i.k.p.i.AbstractProblemLoader Creating init config 
192417     DEBUG main            d.u.i.k.j.r.ClassPreparationMethodBuilder clPrepBuilder: Inner Class detected. Reject building class initialisation methods. 
194052     DEBUG main            d.u.i.k.p.i.AbstractProblemLoader Init config took 2.4s 
194098     INFO  main            d.u.i.k.p.i.AbstractProblemLoader Replaying proof ForReferenceArray[ForReferenceArray::foo([Ljava.lang.Object)].JML operation contract.0 
194100     DEBUG main            d.u.i.k.p.i.IntermediateProofReplayer Proof replay took 14.6ns 
194302     INFO  main            d.u.i.k.p.r.p.TestFile    ... finished proof: closed. 
194633     INFO  main            d.u.i.k.p.i.AbstractProblemLoader Loading environment from /home/runner/work/key/key/key.core/../key.ui/examples/standard_key/java_dl/java5/for_ReferenceArray.key.proof 
194633     DEBUG main            d.u.i.k.p.i.AbstractProblemLoader Environment load took 110.8ns 
194634     INFO  main            d.u.i.k.p.i.AbstractProblemLoader Creating init config 
195379     DEBUG main            d.u.i.k.j.r.ClassPreparationMethodBuilder clPrepBuilder: Inner Class detected. Reject building class initialisation methods. 
196977     DEBUG main            d.u.i.k.p.i.AbstractProblemLoader Init config took 2.34s 
197023     INFO  main            d.u.i.k.p.i.AbstractProblemLoader Replaying proof ForReferenceArray[ForReferenceArray::foo([Ljava.lang.Object)].JML operation contract.0 
197075     DEBUG main            d.u.i.k.p.i.IntermediateProofReplayer Proof replay took 49.07ms 
197076     DEBUG main            d.u.i.k.p.r.p.TestFile    ... success: reloaded. 
197077     INFO  main            d.u.i.k.p.r.p.TestFile    Now processing file /home/runner/work/key/key/key.core/../key.ui/examples/standard_key/java_dl/jml-bigint/cast.key 
197077     INFO  main            d.u.i.k.p.i.AbstractProblemLoader Loading environment from /home/runner/work/key/key/key.core/../key.ui/examples/standard_key/java_dl/jml-bigint/cast.key 
197077     DEBUG main            d.u.i.k.p.i.AbstractProblemLoader Environment load took 54.8ns 
197078     INFO  main            d.u.i.k.p.i.AbstractProblemLoader Creating init config 
199409     DEBUG main            d.u.i.k.p.i.AbstractProblemLoader Init config took 2.33s 
199440     INFO  main            d.u.i.k.p.i.AbstractProblemLoader Replaying proof Mult[Mult::cast()].JML operation contract.0 
199442     DEBUG main            d.u.i.k.p.i.IntermediateProofReplayer Proof replay took 6.1ns 
199544     INFO  main            d.u.i.k.p.r.p.TestFile    ... finished proof: closed. 
199878     INFO  main            d.u.i.k.p.i.AbstractProblemLoader Loading environment from /home/runner/work/key/key/key.core/../key.ui/examples/standard_key/java_dl/jml-bigint/cast.key.proof 
199878     DEBUG main            d.u.i.k.p.i.AbstractProblemLoader Environment load took 91.2ns 
199878     INFO  main            d.u.i.k.p.i.AbstractProblemLoader Creating init config 
202140     DEBUG main            d.u.i.k.p.i.AbstractProblemLoader Init config took 2.26s 
202171     INFO  main            d.u.i.k.p.i.AbstractProblemLoader Replaying proof Mult[Mult::cast()].JML operation contract.0 
202183     DEBUG main            d.u.i.k.p.i.IntermediateProofReplayer Proof replay took 10.24ms 
202183     DEBUG main            d.u.i.k.p.r.p.TestFile    ... success: reloaded. 
202184     INFO  main            d.u.i.k.p.r.p.TestFile    Now processing file /home/runner/work/key/key/key.core/../key.ui/examples/standard_key/java_dl/jml-free/loopInvFree.key 
202184     INFO  main            d.u.i.k.p.i.AbstractProblemLoader Loading environment from /home/runner/work/key/key/key.core/../key.ui/examples/standard_key/java_dl/jml-free/loopInvFree.key 
202184     DEBUG main            d.u.i.k.p.i.AbstractProblemLoader Environment load took 65ns 
202185     INFO  main            d.u.i.k.p.i.AbstractProblemLoader Creating init config 
204446     DEBUG main            d.u.i.k.p.i.AbstractProblemLoader Init config took 2.26s 
204478     INFO  main            d.u.i.k.p.i.AbstractProblemLoader Replaying proof LoopInvFree[LoopInvFree::test()].JML operation contract.0 
204479     DEBUG main            d.u.i.k.p.i.IntermediateProofReplayer Proof replay took 6.4ns 
204681     INFO  main            d.u.i.k.p.r.p.TestFile    ... finished proof: closed. 
205016     INFO  main            d.u.i.k.p.i.AbstractProblemLoader Loading environment from /home/runner/work/key/key/key.core/../key.ui/examples/standard_key/java_dl/jml-free/loopInvFree.key.proof 
205016     DEBUG main            d.u.i.k.p.i.AbstractProblemLoader Environment load took 79.2ns 
205017     INFO  main            d.u.i.k.p.i.AbstractProblemLoader Creating init config 
207244     DEBUG main            d.u.i.k.p.i.AbstractProblemLoader Init config took 2.23s 
207275     INFO  main            d.u.i.k.p.i.AbstractProblemLoader Replaying proof LoopInvFree[LoopInvFree::test()].JML operation contract.0 
207313     DEBUG main            d.u.i.k.p.i.IntermediateProofReplayer Proof replay took 35.93ms 
207313     DEBUG main            d.u.i.k.p.r.p.TestFile    ... success: reloaded. 
207314     INFO  main            d.u.i.k.p.r.p.TestFile    Now processing file /home/runner/work/key/key/key.core/../key.ui/examples/standard_key/java_dl/jml-free/ensuresFree.key 
207314     INFO  main            d.u.i.k.p.i.AbstractProblemLoader Loading environment from /home/runner/work/key/key/key.core/../key.ui/examples/standard_key/java_dl/jml-free/ensuresFree.key 
207315     DEBUG main            d.u.i.k.p.i.AbstractProblemLoader Environment load took 64.2ns 
207315     INFO  main            d.u.i.k.p.i.AbstractProblemLoader Creating init config 
209550     DEBUG main            d.u.i.k.p.i.AbstractProblemLoader Init config took 2.23s 
209582     INFO  main            d.u.i.k.p.i.AbstractProblemLoader Replaying proof EnsuresFree[EnsuresFree::test()].JML operation contract.0 
209583     DEBUG main            d.u.i.k.p.i.IntermediateProofReplayer Proof replay took 6.8ns 
209684     INFO  main            d.u.i.k.p.r.p.TestFile    ... finished proof: closed. 
210019     INFO  main            d.u.i.k.p.i.AbstractProblemLoader Loading environment from /home/runner/work/key/key/key.core/../key.ui/examples/standard_key/java_dl/jml-free/ensuresFree.key.proof 
210019     DEBUG main            d.u.i.k.p.i.AbstractProblemLoader Environment load took 76.2ns 
210020     INFO  main            d.u.i.k.p.i.AbstractProblemLoader Creating init config 
212220     DEBUG main            d.u.i.k.p.i.AbstractProblemLoader Init config took 2.2s 
212251     INFO  main            d.u.i.k.p.i.AbstractProblemLoader Replaying proof EnsuresFree[EnsuresFree::test()].JML operation contract.0 
212267     DEBUG main            d.u.i.k.p.i.IntermediateProofReplayer Proof replay took 14.39ms 
212267     DEBUG main            d.u.i.k.p.r.p.TestFile    ... success: reloaded. 
212268     INFO  main            d.u.i.k.p.r.p.TestFile    Now processing file /home/runner/work/key/key/key.core/../key.ui/examples/standard_key/java_dl/jml-information-flow.key 
212268     INFO  main            d.u.i.k.p.i.AbstractProblemLoader Loading environment from /home/runner/work/key/key/key.core/../key.ui/examples/standard_key/java_dl/jml-information-flow.key 
212268     DEBUG main            d.u.i.k.p.i.AbstractProblemLoader Environment load took 82.4ns 
212273     INFO  main            d.u.i.k.p.i.AbstractProblemLoader Creating init config 
214655     DEBUG main            d.u.i.k.p.i.AbstractProblemLoader Init config took 2.38s 
214672     INFO  main            d.u.i.k.p.i.AbstractProblemLoader Replaying proof jml-information-flow.key 
214673     DEBUG main            d.u.i.k.p.i.IntermediateProofReplayer Proof replay took 6.9ns 
332912     INFO  main            d.u.i.k.p.r.p.TestFile    ... finished proof: closed. 
333405     INFO  main            d.u.i.k.p.i.AbstractProblemLoader Loading environment from /home/runner/work/key/key/key.core/../key.ui/examples/standard_key/java_dl/jml-information-flow.key.proof 
333406     DEBUG main            d.u.i.k.p.i.AbstractProblemLoader Environment load took 327.6ns 
333413     INFO  main            d.u.i.k.p.i.AbstractProblemLoader Creating init config 
335746     DEBUG main            d.u.i.k.p.i.AbstractProblemLoader Init config took 2.33s 
335764     INFO  main            d.u.i.k.p.i.AbstractProblemLoader Replaying proof jml-information-flow.key.proof 
339371     DEBUG main            d.u.i.k.p.i.IntermediateProofReplayer Proof replay took 3.49s 
339378     DEBUG main            d.u.i.k.p.r.p.TestFile    ... success: reloaded. 
339379     INFO  main            d.u.i.k.p.r.p.TestFile    Now processing file /home/runner/work/key/key/key.core/../key.ui/examples/standard_key/java_dl/jml-min/min-unprovable1.key 
339379     INFO  main            d.u.i.k.p.i.AbstractProblemLoader Loading environment from /home/runner/work/key/key/key.core/../key.ui/examples/standard_key/java_dl/jml-min/min-unprovable1.key 
339379     DEBUG main            d.u.i.k.p.i.AbstractProblemLoader Environment load took 69.7ns 
339380     INFO  main            d.u.i.k.p.i.AbstractProblemLoader Creating init config 
341884     DEBUG main            d.u.i.k.p.i.AbstractProblemLoader Init config took 2.5s 
341915     INFO  main            d.u.i.k.p.i.AbstractProblemLoader Replaying proof Min[Min::foo()].JML operation contract.0 
341916     DEBUG main            d.u.i.k.p.i.IntermediateProofReplayer Proof replay took 6ns 
342018     INFO  main            d.u.i.k.p.r.p.TestFile    ... finished proof: open goal(s) 
342366     INFO  main            d.u.i.k.p.r.p.TestFile    Now processing file /home/runner/work/key/key/key.core/../key.ui/examples/standard_key/java_dl/jml-min/min-unprovable2.key 
342366     INFO  main            d.u.i.k.p.i.AbstractProblemLoader Loading environment from /home/runner/work/key/key/key.core/../key.ui/examples/standard_key/java_dl/jml-min/min-unprovable2.key 
342366     DEBUG main            d.u.i.k.p.i.AbstractProblemLoader Environment load took 40.1ns 
342367     INFO  main            d.u.i.k.p.i.AbstractProblemLoader Creating init config 
344579     DEBUG main            d.u.i.k.p.i.AbstractProblemLoader Init config took 2.21s 
344609     INFO  main            d.u.i.k.p.i.AbstractProblemLoader Replaying proof Min[Min::foo2()].JML operation contract.0 
344610     DEBUG main            d.u.i.k.p.i.IntermediateProofReplayer Proof replay took 5.9ns 
344712     INFO  main            d.u.i.k.p.r.p.TestFile    ... finished proof: open goal(s) 
345063     INFO  main            d.u.i.k.p.r.p.TestFile    Now processing file /home/runner/work/key/key/key.core/../key.ui/examples/standard_key/java_dl/methodCall.key 
345063     INFO  main            d.u.i.k.p.i.AbstractProblemLoader Loading environment from /home/runner/work/key/key/key.core/../key.ui/examples/standard_key/java_dl/methodCall.key 
345063     DEBUG main            d.u.i.k.p.i.AbstractProblemLoader Environment load took 40.1ns 
345064     INFO  main            d.u.i.k.p.i.AbstractProblemLoader Creating init config 
347267     DEBUG main            d.u.i.k.p.i.AbstractProblemLoader Init config took 2.2s 
347280     INFO  main            d.u.i.k.p.i.AbstractProblemLoader Replaying proof methodCall.key 
347281     DEBUG main            d.u.i.k.p.i.IntermediateProofReplayer Proof replay took 6.1ns 
347383     INFO  main            d.u.i.k.p.r.p.TestFile    ... finished proof: closed. 
347732     INFO  main            d.u.i.k.p.i.AbstractProblemLoader Loading environment from /home/runner/work/key/key/key.core/../key.ui/examples/standard_key/java_dl/methodCall.key.proof 
347732     DEBUG main            d.u.i.k.p.i.AbstractProblemLoader Environment load took 73.4ns 
347733     INFO  main            d.u.i.k.p.i.AbstractProblemLoader Creating init config 
349960     DEBUG main            d.u.i.k.p.i.AbstractProblemLoader Init config took 2.23s 
349973     INFO  main            d.u.i.k.p.i.AbstractProblemLoader Replaying proof methodCall.key.proof 
349976     DEBUG main            d.u.i.k.p.i.IntermediateProofReplayer Proof replay took 1.55ms 
349976     DEBUG main            d.u.i.k.p.r.p.TestFile    ... success: reloaded. 
349977     INFO  main            d.u.i.k.p.r.p.TestFile    Now processing file /home/runner/work/key/key/key.core/../key.ui/examples/standard_key/java_dl/methodCall1.key 
349977     INFO  main            d.u.i.k.p.i.AbstractProblemLoader Loading environment from /home/runner/work/key/key/key.core/../key.ui/examples/standard_key/java_dl/methodCall1.key 
349977     DEBUG main            d.u.i.k.p.i.AbstractProblemLoader Environment load took 66.7ns 
349978     INFO  main            d.u.i.k.p.i.AbstractProblemLoader Creating init config 
352202     DEBUG main            d.u.i.k.p.i.AbstractProblemLoader Init config took 2.22s 
352215     INFO  main            d.u.i.k.p.i.AbstractProblemLoader Replaying proof methodCall1.key 
352216     DEBUG main            d.u.i.k.p.i.IntermediateProofReplayer Proof replay took 6ns 
352317     INFO  main            d.u.i.k.p.r.p.TestFile    ... finished proof: closed. 
352679     INFO  main            d.u.i.k.p.i.AbstractProblemLoader Loading environment from /home/runner/work/key/key/key.core/../key.ui/examples/standard_key/java_dl/methodCall1.key.proof 
352679     DEBUG main            d.u.i.k.p.i.AbstractProblemLoader Environment load took 72.3ns 
352680     INFO  main            d.u.i.k.p.i.AbstractProblemLoader Creating init config 
354873     DEBUG main            d.u.i.k.p.i.AbstractProblemLoader Init config took 2.19s 
354886     INFO  main            d.u.i.k.p.i.AbstractProblemLoader Replaying proof methodCall1.key.proof 
354899     DEBUG main            d.u.i.k.p.i.IntermediateProofReplayer Proof replay took 10.99ms 
354900     DEBUG main            d.u.i.k.p.r.p.TestFile    ... success: reloaded. 
354900     INFO  main            d.u.i.k.p.r.p.TestFile    Now processing file /home/runner/work/key/key/key.core/../key.ui/examples/standard_key/java_dl/methodCall1box.key 
354901     INFO  main            d.u.i.k.p.i.AbstractProblemLoader Loading environment from /home/runner/work/key/key/key.core/../key.ui/examples/standard_key/java_dl/methodCall1box.key 
354901     DEBUG main            d.u.i.k.p.i.AbstractProblemLoader Environment load took 57.8ns 
354901     INFO  main            d.u.i.k.p.i.AbstractProblemLoader Creating init config 
357121     DEBUG main            d.u.i.k.p.i.AbstractProblemLoader Init config took 2.22s 
357134     INFO  main            d.u.i.k.p.i.AbstractProblemLoader Replaying proof methodCall1box.key 
357135     DEBUG main            d.u.i.k.p.i.IntermediateProofReplayer Proof replay took 7.5ns 
357236     INFO  main            d.u.i.k.p.r.p.TestFile    ... finished proof: closed. 
357598     INFO  main            d.u.i.k.p.i.AbstractProblemLoader Loading environment from /home/runner/work/key/key/key.core/../key.ui/examples/standard_key/java_dl/methodCall1box.key.proof 
357598     DEBUG main            d.u.i.k.p.i.AbstractProblemLoader Environment load took 74.3ns 
357599     INFO  main            d.u.i.k.p.i.AbstractProblemLoader Creating init config 
359806     DEBUG main            d.u.i.k.p.i.AbstractProblemLoader Init config took 2.21s 
359819     INFO  main            d.u.i.k.p.i.AbstractProblemLoader Replaying proof methodCall1box.key.proof 
359837     DEBUG main            d.u.i.k.p.i.IntermediateProofReplayer Proof replay took 16.36ms 
359838     DEBUG main            d.u.i.k.p.r.p.TestFile    ... success: reloaded. 
359838     INFO  main            d.u.i.k.p.r.p.TestFile    Now processing file /home/runner/work/key/key/key.core/../key.ui/examples/standard_key/java_dl/methodCall3.key 
359839     INFO  main            d.u.i.k.p.i.AbstractProblemLoader Loading environment from /home/runner/work/key/key/key.core/../key.ui/examples/standard_key/java_dl/methodCall3.key 
359839     DEBUG main            d.u.i.k.p.i.AbstractProblemLoader Environment load took 62.5ns 
359840     INFO  main            d.u.i.k.p.i.AbstractProblemLoader Creating init config 
362072     DEBUG main            d.u.i.k.p.i.AbstractProblemLoader Init config took 2.23s 
362085     INFO  main            d.u.i.k.p.i.AbstractProblemLoader Replaying proof methodCall3.key 
362087     DEBUG main            d.u.i.k.p.i.IntermediateProofReplayer Proof replay took 6.8ns 
362188     INFO  main            d.u.i.k.p.r.p.TestFile    ... finished proof: closed. 
362560     INFO  main            d.u.i.k.p.i.AbstractProblemLoader Loading environment from /home/runner/work/key/key/key.core/../key.ui/examples/standard_key/java_dl/methodCall3.key.proof 
362561     DEBUG main            d.u.i.k.p.i.AbstractProblemLoader Environment load took 70.6ns 
362561     INFO  main            d.u.i.k.p.i.AbstractProblemLoader Creating init config 
364754     DEBUG main            d.u.i.k.p.i.AbstractProblemLoader Init config took 2.19s 
364767     INFO  main            d.u.i.k.p.i.AbstractProblemLoader Replaying proof methodCall3.key.proof 
364776     DEBUG main            d.u.i.k.p.i.IntermediateProofReplayer Proof replay took 7.28ms 
364776     DEBUG main            d.u.i.k.p.r.p.TestFile    ... success: reloaded. 
364777     INFO  main            d.u.i.k.p.r.p.TestFile    Now processing file /home/runner/work/key/key/key.core/../key.ui/examples/standard_key/java_dl/polishFlagSort.key 
364777     INFO  main            d.u.i.k.p.i.AbstractProblemLoader Loading environment from /home/runner/work/key/key/key.core/../key.ui/examples/standard_key/java_dl/polishFlagSort.key 
364777     DEBUG main            d.u.i.k.p.i.AbstractProblemLoader Environment load took 52.7ns 
364779     INFO  main            d.u.i.k.p.i.AbstractProblemLoader Creating init config 
367053     DEBUG main            d.u.i.k.p.i.AbstractProblemLoader Init config took 2.27s 
367066     INFO  main            d.u.i.k.p.i.AbstractProblemLoader Replaying proof polishFlagSort.key 
367068     DEBUG main            d.u.i.k.p.i.IntermediateProofReplayer Proof replay took 5.7ns 
369074     INFO  main            d.u.i.k.p.r.p.TestFile    ... finished proof: closed. 
369485     INFO  main            d.u.i.k.p.i.AbstractProblemLoader Loading environment from /home/runner/work/key/key/key.core/../key.ui/examples/standard_key/java_dl/polishFlagSort.key.proof 
369485     DEBUG main            d.u.i.k.p.i.AbstractProblemLoader Environment load took 299.2ns 
369487     INFO  main            d.u.i.k.p.i.AbstractProblemLoader Creating init config 
371713     DEBUG main            d.u.i.k.p.i.AbstractProblemLoader Init config took 2.23s 
371727     INFO  main            d.u.i.k.p.i.AbstractProblemLoader Replaying proof polishFlagSort.key.proof 
372060     DEBUG main            d.u.i.k.p.i.IntermediateProofReplayer Proof replay took 323.95ms 
372062     DEBUG main            d.u.i.k.p.r.p.TestFile    ... success: reloaded. 
372063     INFO  main            d.u.i.k.p.r.p.TestFile    Now processing file /home/runner/work/key/key/key.core/../key.ui/examples/standard_key/java_dl/postConditionTaclets1.key 
372063     INFO  main            d.u.i.k.p.i.AbstractProblemLoader Loading environment from /home/runner/work/key/key/key.core/../key.ui/examples/standard_key/java_dl/postConditionTaclets1.key 
372063     DEBUG main            d.u.i.k.p.i.AbstractProblemLoader Environment load took 141.3ns 
372064     INFO  main            d.u.i.k.p.i.AbstractProblemLoader Creating init config 
374254     DEBUG main            d.u.i.k.p.i.AbstractProblemLoader Init config took 2.19s 
374266     INFO  main            d.u.i.k.p.i.AbstractProblemLoader Replaying proof postConditionTaclets1.key 
374269     DEBUG main            d.u.i.k.p.i.IntermediateProofReplayer Proof replay took 6.1ns 
374373     INFO  main            d.u.i.k.p.r.p.TestFile    ... finished proof: closed. 
374798     INFO  main            d.u.i.k.p.i.AbstractProblemLoader Loading environment from /home/runner/work/key/key/key.core/../key.ui/examples/standard_key/java_dl/postConditionTaclets1.key.proof 
374798     DEBUG main            d.u.i.k.p.i.AbstractProblemLoader Environment load took 67.6ns 
374799     INFO  main            d.u.i.k.p.i.AbstractProblemLoader Creating init config 
376944     DEBUG main            d.u.i.k.p.i.AbstractProblemLoader Init config took 2.15s 
376957     INFO  main            d.u.i.k.p.i.AbstractProblemLoader Replaying proof postConditionTaclets1.key.proof 
376959     DEBUG main            d.u.i.k.p.i.IntermediateProofReplayer Proof replay took 399.1ns 
376960     DEBUG main            d.u.i.k.p.r.p.TestFile    ... success: reloaded. 
376961     INFO  main            d.u.i.k.p.r.p.TestFile    Now processing file /home/runner/work/key/key/key.core/../key.ui/examples/standard_key/java_dl/postConditionTaclets2.key 
376961     INFO  main            d.u.i.k.p.i.AbstractProblemLoader Loading environment from /home/runner/work/key/key/key.core/../key.ui/examples/standard_key/java_dl/postConditionTaclets2.key 
376961     DEBUG main            d.u.i.k.p.i.AbstractProblemLoader Environment load took 136.1ns 
376962     INFO  main            d.u.i.k.p.i.AbstractProblemLoader Creating init config 
379143     DEBUG main            d.u.i.k.p.i.AbstractProblemLoader Init config took 2.18s 
379155     INFO  main            d.u.i.k.p.i.AbstractProblemLoader Replaying proof postConditionTaclets2.key 
379156     DEBUG main            d.u.i.k.p.i.IntermediateProofReplayer Proof replay took 6.8ns 
379258     INFO  main            d.u.i.k.p.r.p.TestFile    ... finished proof: closed. 
379645     INFO  main            d.u.i.k.p.i.AbstractProblemLoader Loading environment from /home/runner/work/key/key/key.core/../key.ui/examples/standard_key/java_dl/postConditionTaclets2.key.proof 
379646     DEBUG main            d.u.i.k.p.i.AbstractProblemLoader Environment load took 68.7ns 
379646     INFO  main            d.u.i.k.p.i.AbstractProblemLoader Creating init config 
381791     DEBUG main            d.u.i.k.p.i.AbstractProblemLoader Init config took 2.14s 
381804     INFO  main            d.u.i.k.p.i.AbstractProblemLoader Replaying proof postConditionTaclets2.key.proof 
381806     DEBUG main            d.u.i.k.p.i.IntermediateProofReplayer Proof replay took 620.4ns 
381806     DEBUG main            d.u.i.k.p.r.p.TestFile    ... success: reloaded. 
381807     INFO  main            d.u.i.k.p.r.p.TestFile    Now processing file /home/runner/work/key/key/key.core/../key.ui/examples/standard_key/java_dl/quantifiedQuery.key 
381807     INFO  main            d.u.i.k.p.i.AbstractProblemLoader Loading environment from /home/runner/work/key/key/key.core/../key.ui/examples/standard_key/java_dl/quantifiedQuery.key 
381807     DEBUG main            d.u.i.k.p.i.AbstractProblemLoader Environment load took 94.3ns 
381808     INFO  main            d.u.i.k.p.i.AbstractProblemLoader Creating init config 
384034     DEBUG main            d.u.i.k.p.i.AbstractProblemLoader Init config took 2.23s 
384047     INFO  main            d.u.i.k.p.i.AbstractProblemLoader Replaying proof quantifiedQuery.key 
384049     DEBUG main            d.u.i.k.p.i.IntermediateProofReplayer Proof replay took 6.6ns 
384151     INFO  main            d.u.i.k.p.r.p.TestFile    ... finished proof: closed. 
384548     INFO  main            d.u.i.k.p.i.AbstractProblemLoader Loading environment from /home/runner/work/key/key/key.core/../key.ui/examples/standard_key/java_dl/quantifiedQuery.key.proof 
384548     DEBUG main            d.u.i.k.p.i.AbstractProblemLoader Environment load took 67ns 
384549     INFO  main            d.u.i.k.p.i.AbstractProblemLoader Creating init config 
386785     DEBUG main            d.u.i.k.p.i.AbstractProblemLoader Init config took 2.24s 
386798     INFO  main            d.u.i.k.p.i.AbstractProblemLoader Replaying proof quantifiedQuery.key.proof 
386814     DEBUG main            d.u.i.k.p.i.IntermediateProofReplayer Proof replay took 14.89ms 
386815     DEBUG main            d.u.i.k.p.r.p.TestFile    ... success: reloaded. 
386816     INFO  main            d.u.i.k.p.r.p.TestFile    Now processing file /home/runner/work/key/key/key.core/../key.ui/examples/standard_key/java_dl/recursion/triangular.key 
386816     INFO  main            d.u.i.k.p.i.AbstractProblemLoader Loading environment from /home/runner/work/key/key/key.core/../key.ui/examples/standard_key/java_dl/recursion/triangular.key 
386817     DEBUG main            d.u.i.k.p.i.AbstractProblemLoader Environment load took 170.5ns 
386817     INFO  main            d.u.i.k.p.i.AbstractProblemLoader Creating init config 
389037     DEBUG main            d.u.i.k.p.i.AbstractProblemLoader Init config took 2.22s 
389068     INFO  main            d.u.i.k.p.i.AbstractProblemLoader Replaying proof Triangular[Triangular::tria(int)].JML normal_behavior operation contract.0 
389069     DEBUG main            d.u.i.k.p.i.IntermediateProofReplayer Proof replay took 6.6ns 
389271     INFO  main            d.u.i.k.p.r.p.TestFile    ... finished proof: closed. 
389667     INFO  main            d.u.i.k.p.i.AbstractProblemLoader Loading environment from /home/runner/work/key/key/key.core/../key.ui/examples/standard_key/java_dl/recursion/triangular.key.proof 
389667     DEBUG main            d.u.i.k.p.i.AbstractProblemLoader Environment load took 71.7ns 
389668     INFO  main            d.u.i.k.p.i.AbstractProblemLoader Creating init config 
391864     DEBUG main            d.u.i.k.p.i.AbstractProblemLoader Init config took 2.2s 
391895     INFO  main            d.u.i.k.p.i.AbstractProblemLoader Replaying proof Triangular[Triangular::tria(int)].JML normal_behavior operation contract.0 
391922     DEBUG main            d.u.i.k.p.i.IntermediateProofReplayer Proof replay took 26.03ms 
391923     DEBUG main            d.u.i.k.p.r.p.TestFile    ... success: reloaded. 
391923     INFO  main            d.u.i.k.p.r.p.TestFile    Now processing file /home/runner/work/key/key/key.core/../key.ui/examples/standard_key/java_dl/reverseArray.key 
391924     INFO  main            d.u.i.k.p.i.AbstractProblemLoader Loading environment from /home/runner/work/key/key/key.core/../key.ui/examples/standard_key/java_dl/reverseArray.key 
391924     DEBUG main            d.u.i.k.p.i.AbstractProblemLoader Environment load took 60.7ns 
391926     INFO  main            d.u.i.k.p.i.AbstractProblemLoader Creating init config 
391942     WARN  main            d.u.i.k.j.r.KeYCrossReferenceNameInfo Datatype java.io.InputStream declared twice: Once in FILE:/home/runner/work/key/key/key.core/../key.ui/examples/standard_key/java_dl/./classpath/InputStream.java and once in URL:file:/home/runner/work/key/key/key.core/build/resources/main/de/uka/ilkd/key/java/JavaRedux/java/io/InputStream.java, Keeping one from URL:file:/home/runner/work/key/key/key.core/build/resources/main/de/uka/ilkd/key/java/JavaRedux/java/io/InputStream.java 
391942     WARN  main            d.u.i.k.j.r.KeYCrossReferenceNameInfo Datatype java.lang.System declared twice: Once in FILE:/home/runner/work/key/key/key.core/../key.ui/examples/standard_key/java_dl/./classpath/System.java and once in URL:file:/home/runner/work/key/key/key.core/build/resources/main/de/uka/ilkd/key/java/JavaRedux/java/lang/System.java, Keeping one from URL:file:/home/runner/work/key/key/key.core/build/resources/main/de/uka/ilkd/key/java/JavaRedux/java/lang/System.java 
391942     WARN  main            d.u.i.k.j.r.KeYCrossReferenceNameInfo Datatype java.io.PrintStream declared twice: Once in FILE:/home/runner/work/key/key/key.core/../key.ui/examples/standard_key/java_dl/./classpath/PrintStream.java and once in URL:file:/home/runner/work/key/key/key.core/build/resources/main/de/uka/ilkd/key/java/JavaRedux/java/io/PrintStream.java, Keeping one from URL:file:/home/runner/work/key/key/key.core/build/resources/main/de/uka/ilkd/key/java/JavaRedux/java/io/PrintStream.java 
391945     DEBUG main            d.u.i.k.j.r.ClassFileDeclarationBuilder Parsing: package java.io; public class Closeable { } 
391945     DEBUG main            r.s.KeYCrossReferenceSourceInfo Dynamically created class: java.io.Closeable 
394259     DEBUG main            d.u.i.k.p.i.AbstractProblemLoader Init config took 2.33s 
394273     INFO  main            d.u.i.k.p.i.AbstractProblemLoader Replaying proof reverseArray.key 
394274     DEBUG main            d.u.i.k.p.i.IntermediateProofReplayer Proof replay took 6.3ns 
398484     INFO  main            d.u.i.k.p.r.p.TestFile    ... finished proof: closed. 
398942     INFO  main            d.u.i.k.p.i.AbstractProblemLoader Loading environment from /home/runner/work/key/key/key.core/../key.ui/examples/standard_key/java_dl/reverseArray.key.proof 
398942     DEBUG main            d.u.i.k.p.i.AbstractProblemLoader Environment load took 287.6ns 
398944     INFO  main            d.u.i.k.p.i.AbstractProblemLoader Creating init config 
398969     WARN  main            d.u.i.k.j.r.KeYCrossReferenceNameInfo Datatype java.io.InputStream declared twice: Once in FILE:/home/runner/work/key/key/key.core/../key.ui/examples/standard_key/java_dl/classpath/InputStream.java and once in URL:file:/home/runner/work/key/key/key.core/build/resources/main/de/uka/ilkd/key/java/JavaRedux/java/io/InputStream.java, Keeping one from URL:file:/home/runner/work/key/key/key.core/build/resources/main/de/uka/ilkd/key/java/JavaRedux/java/io/InputStream.java 
398969     WARN  main            d.u.i.k.j.r.KeYCrossReferenceNameInfo Datatype java.lang.System declared twice: Once in FILE:/home/runner/work/key/key/key.core/../key.ui/examples/standard_key/java_dl/classpath/System.java and once in URL:file:/home/runner/work/key/key/key.core/build/resources/main/de/uka/ilkd/key/java/JavaRedux/java/lang/System.java, Keeping one from URL:file:/home/runner/work/key/key/key.core/build/resources/main/de/uka/ilkd/key/java/JavaRedux/java/lang/System.java 
398969     WARN  main            d.u.i.k.j.r.KeYCrossReferenceNameInfo Datatype java.io.PrintStream declared twice: Once in FILE:/home/runner/work/key/key/key.core/../key.ui/examples/standard_key/java_dl/classpath/PrintStream.java and once in URL:file:/home/runner/work/key/key/key.core/build/resources/main/de/uka/ilkd/key/java/JavaRedux/java/io/PrintStream.java, Keeping one from URL:file:/home/runner/work/key/key/key.core/build/resources/main/de/uka/ilkd/key/java/JavaRedux/java/io/PrintStream.java 
398972     DEBUG main            d.u.i.k.j.r.ClassFileDeclarationBuilder Parsing: package java.io; public class Closeable { } 
398972     DEBUG main            r.s.KeYCrossReferenceSourceInfo Dynamically created class: java.io.Closeable 
401212     DEBUG main            d.u.i.k.p.i.AbstractProblemLoader Init config took 2.27s 
401227     INFO  main            d.u.i.k.p.i.AbstractProblemLoader Replaying proof reverseArray.key.proof 
401855     DEBUG main            d.u.i.k.p.i.IntermediateProofReplayer Proof replay took 617.4ms 
401857     DEBUG main            d.u.i.k.p.r.p.TestFile    ... success: reloaded. 
401858     INFO  main            d.u.i.k.p.r.p.TestFile    Now processing file /home/runner/work/key/key/key.core/../key.ui/examples/standard_key/java_dl/reverseArray2.key 
401858     INFO  main            d.u.i.k.p.i.AbstractProblemLoader Loading environment from /home/runner/work/key/key/key.core/../key.ui/examples/standard_key/java_dl/reverseArray2.key 
401858     DEBUG main            d.u.i.k.p.i.AbstractProblemLoader Environment load took 50.9ns 
401860     INFO  main            d.u.i.k.p.i.AbstractProblemLoader Creating init config 
401877     WARN  main            d.u.i.k.j.r.KeYCrossReferenceNameInfo Datatype java.io.InputStream declared twice: Once in FILE:/home/runner/work/key/key/key.core/../key.ui/examples/standard_key/java_dl/classpath/InputStream.java and once in URL:file:/home/runner/work/key/key/key.core/build/resources/main/de/uka/ilkd/key/java/JavaRedux/java/io/InputStream.java, Keeping one from URL:file:/home/runner/work/key/key/key.core/build/resources/main/de/uka/ilkd/key/java/JavaRedux/java/io/InputStream.java 
401877     WARN  main            d.u.i.k.j.r.KeYCrossReferenceNameInfo Datatype java.lang.System declared twice: Once in FILE:/home/runner/work/key/key/key.core/../key.ui/examples/standard_key/java_dl/classpath/System.java and once in URL:file:/home/runner/work/key/key/key.core/build/resources/main/de/uka/ilkd/key/java/JavaRedux/java/lang/System.java, Keeping one from URL:file:/home/runner/work/key/key/key.core/build/resources/main/de/uka/ilkd/key/java/JavaRedux/java/lang/System.java 
401877     WARN  main            d.u.i.k.j.r.KeYCrossReferenceNameInfo Datatype java.io.PrintStream declared twice: Once in FILE:/home/runner/work/key/key/key.core/../key.ui/examples/standard_key/java_dl/classpath/PrintStream.java and once in URL:file:/home/runner/work/key/key/key.core/build/resources/main/de/uka/ilkd/key/java/JavaRedux/java/io/PrintStream.java, Keeping one from URL:file:/home/runner/work/key/key/key.core/build/resources/main/de/uka/ilkd/key/java/JavaRedux/java/io/PrintStream.java 
401880     DEBUG main            d.u.i.k.j.r.ClassFileDeclarationBuilder Parsing: package java.io; public class Closeable { } 
401880     DEBUG main            r.s.KeYCrossReferenceSourceInfo Dynamically created class: java.io.Closeable 
404284     DEBUG main            d.u.i.k.p.i.AbstractProblemLoader Init config took 2.42s 
404298     INFO  main            d.u.i.k.p.i.AbstractProblemLoader Replaying proof reverseArray2.key 
404300     DEBUG main            d.u.i.k.p.i.IntermediateProofReplayer Proof replay took 36.7ns 
405608     INFO  main            d.u.i.k.p.r.p.TestFile    ... finished proof: closed. 
406092     INFO  main            d.u.i.k.p.i.AbstractProblemLoader Loading environment from /home/runner/work/key/key/key.core/../key.ui/examples/standard_key/java_dl/reverseArray2.key.proof 
406092     DEBUG main            d.u.i.k.p.i.AbstractProblemLoader Environment load took 80.2ns 
406094     INFO  main            d.u.i.k.p.i.AbstractProblemLoader Creating init config 
406111     WARN  main            d.u.i.k.j.r.KeYCrossReferenceNameInfo Datatype java.io.InputStream declared twice: Once in FILE:/home/runner/work/key/key/key.core/../key.ui/examples/standard_key/java_dl/classpath/InputStream.java and once in URL:file:/home/runner/work/key/key/key.core/build/resources/main/de/uka/ilkd/key/java/JavaRedux/java/io/InputStream.java, Keeping one from URL:file:/home/runner/work/key/key/key.core/build/resources/main/de/uka/ilkd/key/java/JavaRedux/java/io/InputStream.java 
406111     WARN  main            d.u.i.k.j.r.KeYCrossReferenceNameInfo Datatype java.lang.System declared twice: Once in FILE:/home/runner/work/key/key/key.core/../key.ui/examples/standard_key/java_dl/classpath/System.java and once in URL:file:/home/runner/work/key/key/key.core/build/resources/main/de/uka/ilkd/key/java/JavaRedux/java/lang/System.java, Keeping one from URL:file:/home/runner/work/key/key/key.core/build/resources/main/de/uka/ilkd/key/java/JavaRedux/java/lang/System.java 
406111     WARN  main            d.u.i.k.j.r.KeYCrossReferenceNameInfo Datatype java.io.PrintStream declared twice: Once in FILE:/home/runner/work/key/key/key.core/../key.ui/examples/standard_key/java_dl/classpath/PrintStream.java and once in URL:file:/home/runner/work/key/key/key.core/build/resources/main/de/uka/ilkd/key/java/JavaRedux/java/io/PrintStream.java, Keeping one from URL:file:/home/runner/work/key/key/key.core/build/resources/main/de/uka/ilkd/key/java/JavaRedux/java/io/PrintStream.java 
406115     DEBUG main            d.u.i.k.j.r.ClassFileDeclarationBuilder Parsing: package java.io; public class Closeable { } 
406115     DEBUG main            r.s.KeYCrossReferenceSourceInfo Dynamically created class: java.io.Closeable 
408345     DEBUG main            d.u.i.k.p.i.AbstractProblemLoader Init config took 2.25s 
408360     INFO  main            d.u.i.k.p.i.AbstractProblemLoader Replaying proof reverseArray2.key.proof 
408569     DEBUG main            d.u.i.k.p.i.IntermediateProofReplayer Proof replay took 204.99ms 
408571     DEBUG main            d.u.i.k.p.r.p.TestFile    ... success: reloaded. 
408571     INFO  main            d.u.i.k.p.r.p.TestFile    Now processing file /home/runner/work/key/key/key.core/../key.ui/examples/standard_key/java_dl/simpleAssignment.key 
408572     INFO  main            d.u.i.k.p.i.AbstractProblemLoader Loading environment from /home/runner/work/key/key/key.core/../key.ui/examples/standard_key/java_dl/simpleAssignment.key 
408572     DEBUG main            d.u.i.k.p.i.AbstractProblemLoader Environment load took 43ns 
408572     INFO  main            d.u.i.k.p.i.AbstractProblemLoader Creating init config 
410768     DEBUG main            d.u.i.k.p.i.AbstractProblemLoader Init config took 2.2s 
410786     INFO  main            d.u.i.k.p.i.AbstractProblemLoader Replaying proof simpleAssignment.key 
410787     DEBUG main            d.u.i.k.p.i.IntermediateProofReplayer Proof replay took 2.5ns 
410889     INFO  main            d.u.i.k.p.r.p.TestFile    ... finished proof: closed. 
411335     INFO  main            d.u.i.k.p.i.AbstractProblemLoader Loading environment from /home/runner/work/key/key/key.core/../key.ui/examples/standard_key/java_dl/simpleAssignment.key.proof 
411335     DEBUG main            d.u.i.k.p.i.AbstractProblemLoader Environment load took 64.9ns 
411336     INFO  main            d.u.i.k.p.i.AbstractProblemLoader Creating init config 
413480     DEBUG main            d.u.i.k.p.i.AbstractProblemLoader Init config took 2.14s 
413493     INFO  main            d.u.i.k.p.i.AbstractProblemLoader Replaying proof simpleAssignment.key.proof 
413495     DEBUG main            d.u.i.k.p.i.IntermediateProofReplayer Proof replay took 537.1ns 
413495     DEBUG main            d.u.i.k.p.r.p.TestFile    ... success: reloaded. 
413495     INFO  main            d.u.i.k.p.r.p.TestFile    Now processing file /home/runner/work/key/key/key.core/../key.ui/examples/standard_key/java_dl/simpleAssignment2.key 
413496     INFO  main            d.u.i.k.p.i.AbstractProblemLoader Loading environment from /home/runner/work/key/key/key.core/../key.ui/examples/standard_key/java_dl/simpleAssignment2.key 
413496     DEBUG main            d.u.i.k.p.i.AbstractProblemLoader Environment load took 39.2ns 
413496     INFO  main            d.u.i.k.p.i.AbstractProblemLoader Creating init config 
415665     DEBUG main            d.u.i.k.p.i.AbstractProblemLoader Init config took 2.17s 
415677     INFO  main            d.u.i.k.p.i.AbstractProblemLoader Replaying proof simpleAssignment2.key 
415679     DEBUG main            d.u.i.k.p.i.IntermediateProofReplayer Proof replay took 2.3ns 
415781     INFO  main            d.u.i.k.p.r.p.TestFile    ... finished proof: closed. 
416205     INFO  main            d.u.i.k.p.i.AbstractProblemLoader Loading environment from /home/runner/work/key/key/key.core/../key.ui/examples/standard_key/java_dl/simpleAssignment2.key.proof 
416205     DEBUG main            d.u.i.k.p.i.AbstractProblemLoader Environment load took 67.5ns 
416206     INFO  main            d.u.i.k.p.i.AbstractProblemLoader Creating init config 
418346     DEBUG main            d.u.i.k.p.i.AbstractProblemLoader Init config took 2.14s 
418360     INFO  main            d.u.i.k.p.i.AbstractProblemLoader Replaying proof simpleAssignment2.key.proof 
418362     DEBUG main            d.u.i.k.p.i.IntermediateProofReplayer Proof replay took 318.9ns 
418363     DEBUG main            d.u.i.k.p.r.p.TestFile    ... success: reloaded. 
418363     INFO  main            d.u.i.k.p.r.p.TestFile    Now processing file /home/runner/work/key/key/key.core/../key.ui/examples/standard_key/java_dl/splittingWithQueries.key 
418363     INFO  main            d.u.i.k.p.i.AbstractProblemLoader Loading environment from /home/runner/work/key/key/key.core/../key.ui/examples/standard_key/java_dl/splittingWithQueries.key 
418363     DEBUG main            d.u.i.k.p.i.AbstractProblemLoader Environment load took 38.9ns 
418364     INFO  main            d.u.i.k.p.i.AbstractProblemLoader Creating init config 
420587     DEBUG main            d.u.i.k.p.i.AbstractProblemLoader Init config took 2.22s 
420601     INFO  main            d.u.i.k.p.i.AbstractProblemLoader Replaying proof splittingWithQueries.key 
420603     DEBUG main            d.u.i.k.p.i.IntermediateProofReplayer Proof replay took 2.7ns 
420705     INFO  main            d.u.i.k.p.r.p.TestFile    ... finished proof: closed. 
421128     INFO  main            d.u.i.k.p.i.AbstractProblemLoader Loading environment from /home/runner/work/key/key/key.core/../key.ui/examples/standard_key/java_dl/splittingWithQueries.key.proof 
421128     DEBUG main            d.u.i.k.p.i.AbstractProblemLoader Environment load took 96.4ns 
421129     INFO  main            d.u.i.k.p.i.AbstractProblemLoader Creating init config 
423344     DEBUG main            d.u.i.k.p.i.AbstractProblemLoader Init config took 2.21s 
423356     INFO  main            d.u.i.k.p.i.AbstractProblemLoader Replaying proof splittingWithQueries.key.proof 
423359     DEBUG main            d.u.i.k.p.i.IntermediateProofReplayer Proof replay took 1.4ms 
423360     DEBUG main            d.u.i.k.p.r.p.TestFile    ... success: reloaded. 
423360     INFO  main            d.u.i.k.p.r.p.TestFile    Now processing file /home/runner/work/key/key/key.core/../key.ui/examples/standard_key/java_dl/strassen/strassen.key 
423361     INFO  main            d.u.i.k.p.i.AbstractProblemLoader Loading environment from /home/runner/work/key/key/key.core/../key.ui/examples/standard_key/java_dl/strassen/strassen.key 
423361     DEBUG main            d.u.i.k.p.i.AbstractProblemLoader Environment load took 141.6ns 
423362     INFO  main            d.u.i.k.p.i.AbstractProblemLoader Creating init config 
425679     DEBUG main            d.u.i.k.p.i.AbstractProblemLoader Init config took 2.32s 
425711     INFO  main            d.u.i.k.p.i.AbstractProblemLoader Replaying proof Matrix22[Matrix22::strassen(Matrix22,Matrix22)].JML normal_behavior operation contract.0 
425712     DEBUG main            d.u.i.k.p.i.IntermediateProofReplayer Proof replay took 2.2ns 
430329     INFO  main            d.u.i.k.p.r.p.TestFile    ... finished proof: closed. 
430928     INFO  main            d.u.i.k.p.i.AbstractProblemLoader Loading environment from /home/runner/work/key/key/key.core/../key.ui/examples/standard_key/java_dl/strassen/strassen.key.proof 
430929     DEBUG main            d.u.i.k.p.i.AbstractProblemLoader Environment load took 358.4ns 
430930     INFO  main            d.u.i.k.p.i.AbstractProblemLoader Creating init config 
433259     DEBUG main            d.u.i.k.p.i.AbstractProblemLoader Init config took 2.33s 
433292     INFO  main            d.u.i.k.p.i.AbstractProblemLoader Replaying proof Matrix22[Matrix22::strassen(Matrix22,Matrix22)].JML normal_behavior operation contract.0 
433979     DEBUG main            d.u.i.k.p.i.IntermediateProofReplayer Proof replay took 677.51ms 
433980     DEBUG main            d.u.i.k.p.r.p.TestFile    ... success: reloaded. 
433981     INFO  main            d.u.i.k.p.r.p.TestFile    Now processing file /home/runner/work/key/key/key.core/../key.ui/examples/standard_key/java_dl/symmArray.key 
433981     INFO  main            d.u.i.k.p.i.AbstractProblemLoader Loading environment from /home/runner/work/key/key/key.core/../key.ui/examples/standard_key/java_dl/symmArray.key 
433982     DEBUG main            d.u.i.k.p.i.AbstractProblemLoader Environment load took 158.5ns 
433985     INFO  main            d.u.i.k.p.i.AbstractProblemLoader Creating init config 
436329     DEBUG main            d.u.i.k.p.i.AbstractProblemLoader Init config took 2.34s 
436344     INFO  main            d.u.i.k.p.i.AbstractProblemLoader Replaying proof symmArray.key 
436345     DEBUG main            d.u.i.k.p.i.IntermediateProofReplayer Proof replay took 2.4ns 
527454     INFO  main            d.u.i.k.p.r.p.TestFile    ... finished proof: closed. 
528082     INFO  main            d.u.i.k.p.i.AbstractProblemLoader Loading environment from /home/runner/work/key/key/key.core/../key.ui/examples/standard_key/java_dl/symmArray.key.proof 
528083     DEBUG main            d.u.i.k.p.i.AbstractProblemLoader Environment load took 304.4ns 
528088     INFO  main            d.u.i.k.p.i.AbstractProblemLoader Creating init config 
530351     DEBUG main            d.u.i.k.p.i.AbstractProblemLoader Init config took 2.26s 
530366     INFO  main            d.u.i.k.p.i.AbstractProblemLoader Replaying proof symmArray.key.proof 
531361     DEBUG main            d.u.i.k.p.i.IntermediateProofReplayer Proof replay took 943.29ms 
531368     DEBUG main            d.u.i.k.p.r.p.TestFile    ... success: reloaded. 
531369     INFO  main            d.u.i.k.p.r.p.TestFile    Now processing file /home/runner/work/key/key/key.core/../key.ui/examples/standard_key/java_dl/testcontext.key 
531369     INFO  main            d.u.i.k.p.i.AbstractProblemLoader Loading environment from /home/runner/work/key/key/key.core/../key.ui/examples/standard_key/java_dl/testcontext.key 
531370     DEBUG main            d.u.i.k.p.i.AbstractProblemLoader Environment load took 143.3ns 
531370     INFO  main            d.u.i.k.p.i.AbstractProblemLoader Creating init config 
531387     WARN  main            d.u.i.k.j.r.KeYCrossReferenceNameInfo Datatype java.io.InputStream declared twice: Once in FILE:/home/runner/work/key/key/key.core/../key.ui/examples/standard_key/java_dl/classpath/InputStream.java and once in URL:file:/home/runner/work/key/key/key.core/build/resources/main/de/uka/ilkd/key/java/JavaRedux/java/io/InputStream.java, Keeping one from URL:file:/home/runner/work/key/key/key.core/build/resources/main/de/uka/ilkd/key/java/JavaRedux/java/io/InputStream.java 
531387     WARN  main            d.u.i.k.j.r.KeYCrossReferenceNameInfo Datatype java.lang.System declared twice: Once in FILE:/home/runner/work/key/key/key.core/../key.ui/examples/standard_key/java_dl/classpath/System.java and once in URL:file:/home/runner/work/key/key/key.core/build/resources/main/de/uka/ilkd/key/java/JavaRedux/java/lang/System.java, Keeping one from URL:file:/home/runner/work/key/key/key.core/build/resources/main/de/uka/ilkd/key/java/JavaRedux/java/lang/System.java 
531388     WARN  main            d.u.i.k.j.r.KeYCrossReferenceNameInfo Datatype java.io.PrintStream declared twice: Once in FILE:/home/runner/work/key/key/key.core/../key.ui/examples/standard_key/java_dl/classpath/PrintStream.java and once in URL:file:/home/runner/work/key/key/key.core/build/resources/main/de/uka/ilkd/key/java/JavaRedux/java/io/PrintStream.java, Keeping one from URL:file:/home/runner/work/key/key/key.core/build/resources/main/de/uka/ilkd/key/java/JavaRedux/java/io/PrintStream.java 
531390     DEBUG main            d.u.i.k.j.r.ClassFileDeclarationBuilder Parsing: package java.io; public class Closeable { } 
531391     DEBUG main            r.s.KeYCrossReferenceSourceInfo Dynamically created class: java.io.Closeable 
533655     DEBUG main            d.u.i.k.p.i.AbstractProblemLoader Init config took 2.28s 
533668     INFO  main            d.u.i.k.p.i.AbstractProblemLoader Replaying proof testcontext.key 
533669     DEBUG main            d.u.i.k.p.i.IntermediateProofReplayer Proof replay took 2.9ns 
533971     INFO  main            d.u.i.k.p.r.p.TestFile    ... finished proof: closed. 
534516     INFO  main            d.u.i.k.p.i.AbstractProblemLoader Loading environment from /home/runner/work/key/key/key.core/../key.ui/examples/standard_key/java_dl/testcontext.key.proof 
534517     DEBUG main            d.u.i.k.p.i.AbstractProblemLoader Environment load took 74.5ns 
534518     INFO  main            d.u.i.k.p.i.AbstractProblemLoader Creating init config 
534535     WARN  main            d.u.i.k.j.r.KeYCrossReferenceNameInfo Datatype java.io.InputStream declared twice: Once in FILE:/home/runner/work/key/key/key.core/../key.ui/examples/standard_key/java_dl/classpath/InputStream.java and once in URL:file:/home/runner/work/key/key/key.core/build/resources/main/de/uka/ilkd/key/java/JavaRedux/java/io/InputStream.java, Keeping one from URL:file:/home/runner/work/key/key/key.core/build/resources/main/de/uka/ilkd/key/java/JavaRedux/java/io/InputStream.java 
534535     WARN  main            d.u.i.k.j.r.KeYCrossReferenceNameInfo Datatype java.lang.System declared twice: Once in FILE:/home/runner/work/key/key/key.core/../key.ui/examples/standard_key/java_dl/classpath/System.java and once in URL:file:/home/runner/work/key/key/key.core/build/resources/main/de/uka/ilkd/key/java/JavaRedux/java/lang/System.java, Keeping one from URL:file:/home/runner/work/key/key/key.core/build/resources/main/de/uka/ilkd/key/java/JavaRedux/java/lang/System.java 
534536     WARN  main            d.u.i.k.j.r.KeYCrossReferenceNameInfo Datatype java.io.PrintStream declared twice: Once in FILE:/home/runner/work/key/key/key.core/../key.ui/examples/standard_key/java_dl/classpath/PrintStream.java and once in URL:file:/home/runner/work/key/key/key.core/build/resources/main/de/uka/ilkd/key/java/JavaRedux/java/io/PrintStream.java, Keeping one from URL:file:/home/runner/work/key/key/key.core/build/resources/main/de/uka/ilkd/key/java/JavaRedux/java/io/PrintStream.java 
534539     DEBUG main            d.u.i.k.j.r.ClassFileDeclarationBuilder Parsing: package java.io; public class Closeable { } 
534539     DEBUG main            r.s.KeYCrossReferenceSourceInfo Dynamically created class: java.io.Closeable 
536715     DEBUG main            d.u.i.k.p.i.AbstractProblemLoader Init config took 2.2s 
536728     INFO  main            d.u.i.k.p.i.AbstractProblemLoader Replaying proof testcontext.key.proof 
536780     DEBUG main            d.u.i.k.p.i.IntermediateProofReplayer Proof replay took 49.14ms 
536781     DEBUG main            d.u.i.k.p.r.p.TestFile    ... success: reloaded. 
536782     INFO  main            d.u.i.k.p.r.p.TestFile    Now processing file /home/runner/work/key/key/key.core/../key.ui/examples/standard_key/staticInitialisation/cascadeStaticInitialisation.key 
536782     INFO  main            d.u.i.k.p.i.AbstractProblemLoader Loading environment from /home/runner/work/key/key/key.core/../key.ui/examples/standard_key/staticInitialisation/cascadeStaticInitialisation.key 
536782     DEBUG main            d.u.i.k.p.i.AbstractProblemLoader Environment load took 137.1ns 
536784     INFO  main            d.u.i.k.p.i.AbstractProblemLoader Creating init config 
536800     WARN  main            d.u.i.k.j.r.KeYCrossReferenceNameInfo Datatype java.lang.System declared twice: Once in FILE:/home/runner/work/key/key/key.core/../key.ui/examples/standard_key/staticInitialisation/classpath/System.java and once in URL:file:/home/runner/work/key/key/key.core/build/resources/main/de/uka/ilkd/key/java/JavaRedux/java/lang/System.java, Keeping one from URL:file:/home/runner/work/key/key/key.core/build/resources/main/de/uka/ilkd/key/java/JavaRedux/java/lang/System.java 
536800     WARN  main            d.u.i.k.j.r.KeYCrossReferenceNameInfo Datatype java.io.PrintStream declared twice: Once in FILE:/home/runner/work/key/key/key.core/../key.ui/examples/standard_key/staticInitialisation/classpath/PrintStream.java and once in URL:file:/home/runner/work/key/key/key.core/build/resources/main/de/uka/ilkd/key/java/JavaRedux/java/io/PrintStream.java, Keeping one from URL:file:/home/runner/work/key/key/key.core/build/resources/main/de/uka/ilkd/key/java/JavaRedux/java/io/PrintStream.java 
539021     DEBUG main            d.u.i.k.p.i.AbstractProblemLoader Init config took 2.24s 
539034     INFO  main            d.u.i.k.p.i.AbstractProblemLoader Replaying proof cascadeStaticInitialisation.key 
539035     DEBUG main            d.u.i.k.p.i.IntermediateProofReplayer Proof replay took 2.1ns 
539739     INFO  main            d.u.i.k.p.r.p.TestFile    ... finished proof: closed. 
540218     INFO  main            d.u.i.k.p.i.AbstractProblemLoader Loading environment from /home/runner/work/key/key/key.core/../key.ui/examples/standard_key/staticInitialisation/cascadeStaticInitialisation.key.proof 
540218     DEBUG main            d.u.i.k.p.i.AbstractProblemLoader Environment load took 73.6ns 
540219     INFO  main            d.u.i.k.p.i.AbstractProblemLoader Creating init config 
540236     WARN  main            d.u.i.k.j.r.KeYCrossReferenceNameInfo Datatype java.lang.System declared twice: Once in FILE:/home/runner/work/key/key/key.core/../key.ui/examples/standard_key/staticInitialisation/classpath/System.java and once in URL:file:/home/runner/work/key/key/key.core/build/resources/main/de/uka/ilkd/key/java/JavaRedux/java/lang/System.java, Keeping one from URL:file:/home/runner/work/key/key/key.core/build/resources/main/de/uka/ilkd/key/java/JavaRedux/java/lang/System.java 
540236     WARN  main            d.u.i.k.j.r.KeYCrossReferenceNameInfo Datatype java.io.PrintStream declared twice: Once in FILE:/home/runner/work/key/key/key.core/../key.ui/examples/standard_key/staticInitialisation/classpath/PrintStream.java and once in URL:file:/home/runner/work/key/key/key.core/build/resources/main/de/uka/ilkd/key/java/JavaRedux/java/io/PrintStream.java, Keeping one from URL:file:/home/runner/work/key/key/key.core/build/resources/main/de/uka/ilkd/key/java/JavaRedux/java/io/PrintStream.java 
542405     DEBUG main            d.u.i.k.p.i.AbstractProblemLoader Init config took 2.19s 
542418     INFO  main            d.u.i.k.p.i.AbstractProblemLoader Replaying proof cascadeStaticInitialisation.key.proof 
542555     DEBUG main            d.u.i.k.p.i.IntermediateProofReplayer Proof replay took 135.07ms 
542557     DEBUG main            d.u.i.k.p.r.p.TestFile    ... success: reloaded. 
542557     INFO  main            d.u.i.k.p.r.p.TestFile    Now processing file /home/runner/work/key/key/key.core/../key.ui/examples/standard_key/staticInitialisation/erroneousClassImpliesErroneousSubclass.key 
542557     INFO  main            d.u.i.k.p.i.AbstractProblemLoader Loading environment from /home/runner/work/key/key/key.core/../key.ui/examples/standard_key/staticInitialisation/erroneousClassImpliesErroneousSubclass.key 
542557     DEBUG main            d.u.i.k.p.i.AbstractProblemLoader Environment load took 64.7ns 
542558     INFO  main            d.u.i.k.p.i.AbstractProblemLoader Creating init config 
542574     WARN  main            d.u.i.k.j.r.KeYCrossReferenceNameInfo Datatype java.lang.System declared twice: Once in FILE:/home/runner/work/key/key/key.core/../key.ui/examples/standard_key/staticInitialisation/classpath/System.java and once in URL:file:/home/runner/work/key/key/key.core/build/resources/main/de/uka/ilkd/key/java/JavaRedux/java/lang/System.java, Keeping one from URL:file:/home/runner/work/key/key/key.core/build/resources/main/de/uka/ilkd/key/java/JavaRedux/java/lang/System.java 
542575     WARN  main            d.u.i.k.j.r.KeYCrossReferenceNameInfo Datatype java.io.PrintStream declared twice: Once in FILE:/home/runner/work/key/key/key.core/../key.ui/examples/standard_key/staticInitialisation/classpath/PrintStream.java and once in URL:file:/home/runner/work/key/key/key.core/build/resources/main/de/uka/ilkd/key/java/JavaRedux/java/io/PrintStream.java, Keeping one from URL:file:/home/runner/work/key/key/key.core/build/resources/main/de/uka/ilkd/key/java/JavaRedux/java/io/PrintStream.java 
544858     DEBUG main            d.u.i.k.p.i.AbstractProblemLoader Init config took 2.3s 
544870     INFO  main            d.u.i.k.p.i.AbstractProblemLoader Replaying proof erroneousClassImpliesErroneousSubclass.key 
544871     DEBUG main            d.u.i.k.p.i.IntermediateProofReplayer Proof replay took 2.3ns 
544973     INFO  main            d.u.i.k.p.r.p.TestFile    ... finished proof: closed. 
545471     INFO  main            d.u.i.k.p.i.AbstractProblemLoader Loading environment from /home/runner/work/key/key/key.core/../key.ui/examples/standard_key/staticInitialisation/erroneousClassImpliesErroneousSubclass.key.proof 
545471     DEBUG main            d.u.i.k.p.i.AbstractProblemLoader Environment load took 72.8ns 
545472     INFO  main            d.u.i.k.p.i.AbstractProblemLoader Creating init config 
545488     WARN  main            d.u.i.k.j.r.KeYCrossReferenceNameInfo Datatype java.lang.System declared twice: Once in FILE:/home/runner/work/key/key/key.core/../key.ui/examples/standard_key/staticInitialisation/classpath/System.java and once in URL:file:/home/runner/work/key/key/key.core/build/resources/main/de/uka/ilkd/key/java/JavaRedux/java/lang/System.java, Keeping one from URL:file:/home/runner/work/key/key/key.core/build/resources/main/de/uka/ilkd/key/java/JavaRedux/java/lang/System.java 
545489     WARN  main            d.u.i.k.j.r.KeYCrossReferenceNameInfo Datatype java.io.PrintStream declared twice: Once in FILE:/home/runner/work/key/key/key.core/../key.ui/examples/standard_key/staticInitialisation/classpath/PrintStream.java and once in URL:file:/home/runner/work/key/key/key.core/build/resources/main/de/uka/ilkd/key/java/JavaRedux/java/io/PrintStream.java, Keeping one from URL:file:/home/runner/work/key/key/key.core/build/resources/main/de/uka/ilkd/key/java/JavaRedux/java/io/PrintStream.java 
547664     DEBUG main            d.u.i.k.p.i.AbstractProblemLoader Init config took 2.19s 
547676     INFO  main            d.u.i.k.p.i.AbstractProblemLoader Replaying proof erroneousClassImpliesErroneousSubclass.key.proof 
547677     DEBUG main            d.u.i.k.p.i.IntermediateProofReplayer Proof replay took 439.3ns 
547678     DEBUG main            d.u.i.k.p.r.p.TestFile    ... success: reloaded. 
547679     INFO  main            d.u.i.k.p.r.p.TestFile    Now processing file /home/runner/work/key/key/key.core/../key.ui/examples/standard_key/staticInitialisation/initializedSubclassImpliesInitializedSuperclass.key 
547679     INFO  main            d.u.i.k.p.i.AbstractProblemLoader Loading environment from /home/runner/work/key/key/key.core/../key.ui/examples/standard_key/staticInitialisation/initializedSubclassImpliesInitializedSuperclass.key 
547679     DEBUG main            d.u.i.k.p.i.AbstractProblemLoader Environment load took 62.9ns 
547680     INFO  main            d.u.i.k.p.i.AbstractProblemLoader Creating init config 
547696     WARN  main            d.u.i.k.j.r.KeYCrossReferenceNameInfo Datatype java.lang.System declared twice: Once in FILE:/home/runner/work/key/key/key.core/../key.ui/examples/standard_key/staticInitialisation/classpath/System.java and once in URL:file:/home/runner/work/key/key/key.core/build/resources/main/de/uka/ilkd/key/java/JavaRedux/java/lang/System.java, Keeping one from URL:file:/home/runner/work/key/key/key.core/build/resources/main/de/uka/ilkd/key/java/JavaRedux/java/lang/System.java 
547696     WARN  main            d.u.i.k.j.r.KeYCrossReferenceNameInfo Datatype java.io.PrintStream declared twice: Once in FILE:/home/runner/work/key/key/key.core/../key.ui/examples/standard_key/staticInitialisation/classpath/PrintStream.java and once in URL:file:/home/runner/work/key/key/key.core/build/resources/main/de/uka/ilkd/key/java/JavaRedux/java/io/PrintStream.java, Keeping one from URL:file:/home/runner/work/key/key/key.core/build/resources/main/de/uka/ilkd/key/java/JavaRedux/java/io/PrintStream.java 
549904     DEBUG main            d.u.i.k.p.i.AbstractProblemLoader Init config took 2.22s 
549916     INFO  main            d.u.i.k.p.i.AbstractProblemLoader Replaying proof initializedSubclassImpliesInitializedSuperclass.key 
549917     DEBUG main            d.u.i.k.p.i.IntermediateProofReplayer Proof replay took 2.6ns 
550019     INFO  main            d.u.i.k.p.r.p.TestFile    ... finished proof: closed. 
550475     INFO  main            d.u.i.k.p.i.AbstractProblemLoader Loading environment from /home/runner/work/key/key/key.core/../key.ui/examples/standard_key/staticInitialisation/initializedSubclassImpliesInitializedSuperclass.key.proof 
550475     DEBUG main            d.u.i.k.p.i.AbstractProblemLoader Environment load took 81.6ns 
550476     INFO  main            d.u.i.k.p.i.AbstractProblemLoader Creating init config 
550492     WARN  main            d.u.i.k.j.r.KeYCrossReferenceNameInfo Datatype java.lang.System declared twice: Once in FILE:/home/runner/work/key/key/key.core/../key.ui/examples/standard_key/staticInitialisation/classpath/System.java and once in URL:file:/home/runner/work/key/key/key.core/build/resources/main/de/uka/ilkd/key/java/JavaRedux/java/lang/System.java, Keeping one from URL:file:/home/runner/work/key/key/key.core/build/resources/main/de/uka/ilkd/key/java/JavaRedux/java/lang/System.java 
550493     WARN  main            d.u.i.k.j.r.KeYCrossReferenceNameInfo Datatype java.io.PrintStream declared twice: Once in FILE:/home/runner/work/key/key/key.core/../key.ui/examples/standard_key/staticInitialisation/classpath/PrintStream.java and once in URL:file:/home/runner/work/key/key/key.core/build/resources/main/de/uka/ilkd/key/java/JavaRedux/java/io/PrintStream.java, Keeping one from URL:file:/home/runner/work/key/key/key.core/build/resources/main/de/uka/ilkd/key/java/JavaRedux/java/io/PrintStream.java 
552666     DEBUG main            d.u.i.k.p.i.AbstractProblemLoader Init config took 2.19s 
552678     INFO  main            d.u.i.k.p.i.AbstractProblemLoader Replaying proof initializedSubclassImpliesInitializedSuperclass.key.proof 
552679     DEBUG main            d.u.i.k.p.i.IntermediateProofReplayer Proof replay took 349.3ns 
552680     DEBUG main            d.u.i.k.p.r.p.TestFile    ... success: reloaded. 
552681     INFO  main            d.u.i.k.p.r.p.TestFile    Now processing file /home/runner/work/key/key/key.core/../key.ui/examples/standard_key/staticInitialisation/localDeclared.key 
552681     INFO  main            d.u.i.k.p.i.AbstractProblemLoader Loading environment from /home/runner/work/key/key/key.core/../key.ui/examples/standard_key/staticInitialisation/localDeclared.key 
552681     DEBUG main            d.u.i.k.p.i.AbstractProblemLoader Environment load took 49ns 
552683     INFO  main            d.u.i.k.p.i.AbstractProblemLoader Creating init config 
552698     WARN  main            d.u.i.k.j.r.KeYCrossReferenceNameInfo Datatype java.lang.System declared twice: Once in FILE:/home/runner/work/key/key/key.core/../key.ui/examples/standard_key/staticInitialisation/classpath/System.java and once in URL:file:/home/runner/work/key/key/key.core/build/resources/main/de/uka/ilkd/key/java/JavaRedux/java/lang/System.java, Keeping one from URL:file:/home/runner/work/key/key/key.core/build/resources/main/de/uka/ilkd/key/java/JavaRedux/java/lang/System.java 
552698     WARN  main            d.u.i.k.j.r.KeYCrossReferenceNameInfo Datatype java.io.PrintStream declared twice: Once in FILE:/home/runner/work/key/key/key.core/../key.ui/examples/standard_key/staticInitialisation/classpath/PrintStream.java and once in URL:file:/home/runner/work/key/key/key.core/build/resources/main/de/uka/ilkd/key/java/JavaRedux/java/io/PrintStream.java, Keeping one from URL:file:/home/runner/work/key/key/key.core/build/resources/main/de/uka/ilkd/key/java/JavaRedux/java/io/PrintStream.java 
554914     DEBUG main            d.u.i.k.p.i.AbstractProblemLoader Init config took 2.23s 
554946     INFO  main            d.u.i.k.p.i.AbstractProblemLoader Replaying proof localDeclared.key 
554947     DEBUG main            d.u.i.k.p.i.IntermediateProofReplayer Proof replay took 2.3ns 
555250     INFO  main            d.u.i.k.p.r.p.TestFile    ... finished proof: closed. 
555732     INFO  main            d.u.i.k.p.i.AbstractProblemLoader Loading environment from /home/runner/work/key/key/key.core/../key.ui/examples/standard_key/staticInitialisation/localDeclared.key.proof 
555732     DEBUG main            d.u.i.k.p.i.AbstractProblemLoader Environment load took 73.6ns 
555733     INFO  main            d.u.i.k.p.i.AbstractProblemLoader Creating init config 
555750     WARN  main            d.u.i.k.j.r.KeYCrossReferenceNameInfo Datatype java.lang.System declared twice: Once in FILE:/home/runner/work/key/key/key.core/../key.ui/examples/standard_key/staticInitialisation/classpath/System.java and once in URL:file:/home/runner/work/key/key/key.core/build/resources/main/de/uka/ilkd/key/java/JavaRedux/java/lang/System.java, Keeping one from URL:file:/home/runner/work/key/key/key.core/build/resources/main/de/uka/ilkd/key/java/JavaRedux/java/lang/System.java 
555750     WARN  main            d.u.i.k.j.r.KeYCrossReferenceNameInfo Datatype java.io.PrintStream declared twice: Once in FILE:/home/runner/work/key/key/key.core/../key.ui/examples/standard_key/staticInitialisation/classpath/PrintStream.java and once in URL:file:/home/runner/work/key/key/key.core/build/resources/main/de/uka/ilkd/key/java/JavaRedux/java/io/PrintStream.java, Keeping one from URL:file:/home/runner/work/key/key/key.core/build/resources/main/de/uka/ilkd/key/java/JavaRedux/java/io/PrintStream.java 
558009     DEBUG main            d.u.i.k.p.i.AbstractProblemLoader Init config took 2.28s 
558022     INFO  main            d.u.i.k.p.i.AbstractProblemLoader Replaying proof localDeclared.key.proof 
558076     DEBUG main            d.u.i.k.p.i.IntermediateProofReplayer Proof replay took 51.43ms 
558077     DEBUG main            d.u.i.k.p.r.p.TestFile    ... success: reloaded. 
558077     INFO  main            d.u.i.k.p.r.p.TestFile    Now processing file /home/runner/work/key/key/key.core/../key.ui/examples/standard_key/staticInitialisation/localDeclaredMethod.key 
558078     INFO  main            d.u.i.k.p.i.AbstractProblemLoader Loading environment from /home/runner/work/key/key/key.core/../key.ui/examples/standard_key/staticInitialisation/localDeclaredMethod.key 
558078     DEBUG main            d.u.i.k.p.i.AbstractProblemLoader Environment load took 75.3ns 
558079     INFO  main            d.u.i.k.p.i.AbstractProblemLoader Creating init config 
558095     WARN  main            d.u.i.k.j.r.KeYCrossReferenceNameInfo Datatype java.lang.System declared twice: Once in FILE:/home/runner/work/key/key/key.core/../key.ui/examples/standard_key/staticInitialisation/classpath/System.java and once in URL:file:/home/runner/work/key/key/key.core/build/resources/main/de/uka/ilkd/key/java/JavaRedux/java/lang/System.java, Keeping one from URL:file:/home/runner/work/key/key/key.core/build/resources/main/de/uka/ilkd/key/java/JavaRedux/java/lang/System.java 
558095     WARN  main            d.u.i.k.j.r.KeYCrossReferenceNameInfo Datatype java.io.PrintStream declared twice: Once in FILE:/home/runner/work/key/key/key.core/../key.ui/examples/standard_key/staticInitialisation/classpath/PrintStream.java and once in URL:file:/home/runner/work/key/key/key.core/build/resources/main/de/uka/ilkd/key/java/JavaRedux/java/io/PrintStream.java, Keeping one from URL:file:/home/runner/work/key/key/key.core/build/resources/main/de/uka/ilkd/key/java/JavaRedux/java/io/PrintStream.java 
560302     DEBUG main            d.u.i.k.p.i.AbstractProblemLoader Init config took 2.22s 
560315     INFO  main            d.u.i.k.p.i.AbstractProblemLoader Replaying proof localDeclaredMethod.key 
560316     DEBUG main            d.u.i.k.p.i.IntermediateProofReplayer Proof replay took 2.1ns 
560519     INFO  main            d.u.i.k.p.r.p.TestFile    ... finished proof: closed. 
561007     INFO  main            d.u.i.k.p.i.AbstractProblemLoader Loading environment from /home/runner/work/key/key/key.core/../key.ui/examples/standard_key/staticInitialisation/localDeclaredMethod.key.proof 
561007     DEBUG main            d.u.i.k.p.i.AbstractProblemLoader Environment load took 81.7ns 
561008     INFO  main            d.u.i.k.p.i.AbstractProblemLoader Creating init config 
561024     WARN  main            d.u.i.k.j.r.KeYCrossReferenceNameInfo Datatype java.lang.System declared twice: Once in FILE:/home/runner/work/key/key/key.core/../key.ui/examples/standard_key/staticInitialisation/classpath/System.java and once in URL:file:/home/runner/work/key/key/key.core/build/resources/main/de/uka/ilkd/key/java/JavaRedux/java/lang/System.java, Keeping one from URL:file:/home/runner/work/key/key/key.core/build/resources/main/de/uka/ilkd/key/java/JavaRedux/java/lang/System.java 
561024     WARN  main            d.u.i.k.j.r.KeYCrossReferenceNameInfo Datatype java.io.PrintStream declared twice: Once in FILE:/home/runner/work/key/key/key.core/../key.ui/examples/standard_key/staticInitialisation/classpath/PrintStream.java and once in URL:file:/home/runner/work/key/key/key.core/build/resources/main/de/uka/ilkd/key/java/JavaRedux/java/io/PrintStream.java, Keeping one from URL:file:/home/runner/work/key/key/key.core/build/resources/main/de/uka/ilkd/key/java/JavaRedux/java/io/PrintStream.java 
563195     DEBUG main            d.u.i.k.p.i.AbstractProblemLoader Init config took 2.19s 
563208     INFO  main            d.u.i.k.p.i.AbstractProblemLoader Replaying proof localDeclaredMethod.key.proof 
563257     DEBUG main            d.u.i.k.p.i.IntermediateProofReplayer Proof replay took 47.33ms 
563258     DEBUG main            d.u.i.k.p.r.p.TestFile    ... success: reloaded. 
563259     INFO  main            d.u.i.k.p.r.p.TestFile    Now processing file /home/runner/work/key/key/key.core/../key.ui/examples/standard_key/staticInitialisation/objectOfErroneousClass.key 
563259     INFO  main            d.u.i.k.p.i.AbstractProblemLoader Loading environment from /home/runner/work/key/key/key.core/../key.ui/examples/standard_key/staticInitialisation/objectOfErroneousClass.key 
563259     DEBUG main            d.u.i.k.p.i.AbstractProblemLoader Environment load took 76.7ns 
563260     INFO  main            d.u.i.k.p.i.AbstractProblemLoader Creating init config 
563276     WARN  main            d.u.i.k.j.r.KeYCrossReferenceNameInfo Datatype java.lang.System declared twice: Once in FILE:/home/runner/work/key/key/key.core/../key.ui/examples/standard_key/staticInitialisation/classpath/System.java and once in URL:file:/home/runner/work/key/key/key.core/build/resources/main/de/uka/ilkd/key/java/JavaRedux/java/lang/System.java, Keeping one from URL:file:/home/runner/work/key/key/key.core/build/resources/main/de/uka/ilkd/key/java/JavaRedux/java/lang/System.java 
563276     WARN  main            d.u.i.k.j.r.KeYCrossReferenceNameInfo Datatype java.io.PrintStream declared twice: Once in FILE:/home/runner/work/key/key/key.core/../key.ui/examples/standard_key/staticInitialisation/classpath/PrintStream.java and once in URL:file:/home/runner/work/key/key/key.core/build/resources/main/de/uka/ilkd/key/java/JavaRedux/java/io/PrintStream.java, Keeping one from URL:file:/home/runner/work/key/key/key.core/build/resources/main/de/uka/ilkd/key/java/JavaRedux/java/io/PrintStream.java 
565517     DEBUG main            d.u.i.k.p.i.AbstractProblemLoader Init config took 2.26s 
565530     INFO  main            d.u.i.k.p.i.AbstractProblemLoader Replaying proof objectOfErroneousClass.key 
565533     DEBUG main            d.u.i.k.p.i.IntermediateProofReplayer Proof replay took 2.8ns 
577994     INFO  main            d.u.i.k.p.r.p.TestFile    ... finished proof: closed. 
578558     INFO  main            d.u.i.k.p.i.AbstractProblemLoader Loading environment from /home/runner/work/key/key/key.core/../key.ui/examples/standard_key/staticInitialisation/objectOfErroneousClass.key.proof 
578558     DEBUG main            d.u.i.k.p.i.AbstractProblemLoader Environment load took 138.1ns 
578565     INFO  main            d.u.i.k.p.i.AbstractProblemLoader Creating init config 
578581     WARN  main            d.u.i.k.j.r.KeYCrossReferenceNameInfo Datatype java.lang.System declared twice: Once in FILE:/home/runner/work/key/key/key.core/../key.ui/examples/standard_key/staticInitialisation/classpath/System.java and once in URL:file:/home/runner/work/key/key/key.core/build/resources/main/de/uka/ilkd/key/java/JavaRedux/java/lang/System.java, Keeping one from URL:file:/home/runner/work/key/key/key.core/build/resources/main/de/uka/ilkd/key/java/JavaRedux/java/lang/System.java 
578581     WARN  main            d.u.i.k.j.r.KeYCrossReferenceNameInfo Datatype java.io.PrintStream declared twice: Once in FILE:/home/runner/work/key/key/key.core/../key.ui/examples/standard_key/staticInitialisation/classpath/PrintStream.java and once in URL:file:/home/runner/work/key/key/key.core/build/resources/main/de/uka/ilkd/key/java/JavaRedux/java/io/PrintStream.java, Keeping one from URL:file:/home/runner/work/key/key/key.core/build/resources/main/de/uka/ilkd/key/java/JavaRedux/java/io/PrintStream.java 
580767     DEBUG main            d.u.i.k.p.i.AbstractProblemLoader Init config took 2.2s 
580786     INFO  main            d.u.i.k.p.i.AbstractProblemLoader Replaying proof objectOfErroneousClass.key.proof 
582795     DEBUG main            d.u.i.k.p.i.IntermediateProofReplayer Proof replay took 1.98s 
582798     DEBUG main            d.u.i.k.p.r.p.TestFile    ... success: reloaded. 
582799     INFO  main            d.u.i.k.p.r.p.TestFile    Now processing file /home/runner/work/key/key/key.core/../key.ui/examples/standard_key/staticInitialisation/staticInitialisersAreNonSimple.key 
582800     INFO  main            d.u.i.k.p.i.AbstractProblemLoader Loading environment from /home/runner/work/key/key/key.core/../key.ui/examples/standard_key/staticInitialisation/staticInitialisersAreNonSimple.key 
582800     DEBUG main            d.u.i.k.p.i.AbstractProblemLoader Environment load took 142.6ns 
582801     INFO  main            d.u.i.k.p.i.AbstractProblemLoader Creating init config 
582817     WARN  main            d.u.i.k.j.r.KeYCrossReferenceNameInfo Datatype java.lang.System declared twice: Once in FILE:/home/runner/work/key/key/key.core/../key.ui/examples/standard_key/staticInitialisation/classpath/System.java and once in URL:file:/home/runner/work/key/key/key.core/build/resources/main/de/uka/ilkd/key/java/JavaRedux/java/lang/System.java, Keeping one from URL:file:/home/runner/work/key/key/key.core/build/resources/main/de/uka/ilkd/key/java/JavaRedux/java/lang/System.java 
582817     WARN  main            d.u.i.k.j.r.KeYCrossReferenceNameInfo Datatype java.io.PrintStream declared twice: Once in FILE:/home/runner/work/key/key/key.core/../key.ui/examples/standard_key/staticInitialisation/classpath/PrintStream.java and once in URL:file:/home/runner/work/key/key/key.core/build/resources/main/de/uka/ilkd/key/java/JavaRedux/java/io/PrintStream.java, Keeping one from URL:file:/home/runner/work/key/key/key.core/build/resources/main/de/uka/ilkd/key/java/JavaRedux/java/io/PrintStream.java 
585056     DEBUG main            d.u.i.k.p.i.AbstractProblemLoader Init config took 2.25s 
585070     INFO  main            d.u.i.k.p.i.AbstractProblemLoader Replaying proof staticInitialisersAreNonSimple.key 
585071     DEBUG main            d.u.i.k.p.i.IntermediateProofReplayer Proof replay took 2.9ns 
585374     INFO  main            d.u.i.k.p.r.p.TestFile    ... finished proof: closed. 
585943     INFO  main            d.u.i.k.p.i.AbstractProblemLoader Loading environment from /home/runner/work/key/key/key.core/../key.ui/examples/standard_key/staticInitialisation/staticInitialisersAreNonSimple.key.proof 
585943     DEBUG main            d.u.i.k.p.i.AbstractProblemLoader Environment load took 71.3ns 
585945     INFO  main            d.u.i.k.p.i.AbstractProblemLoader Creating init config 
585962     WARN  main            d.u.i.k.j.r.KeYCrossReferenceNameInfo Datatype java.lang.System declared twice: Once in FILE:/home/runner/work/key/key/key.core/../key.ui/examples/standard_key/staticInitialisation/classpath/System.java and once in URL:file:/home/runner/work/key/key/key.core/build/resources/main/de/uka/ilkd/key/java/JavaRedux/java/lang/System.java, Keeping one from URL:file:/home/runner/work/key/key/key.core/build/resources/main/de/uka/ilkd/key/java/JavaRedux/java/lang/System.java 
585962     WARN  main            d.u.i.k.j.r.KeYCrossReferenceNameInfo Datatype java.io.PrintStream declared twice: Once in FILE:/home/runner/work/key/key/key.core/../key.ui/examples/standard_key/staticInitialisation/classpath/PrintStream.java and once in URL:file:/home/runner/work/key/key/key.core/build/resources/main/de/uka/ilkd/key/java/JavaRedux/java/io/PrintStream.java, Keeping one from URL:file:/home/runner/work/key/key/key.core/build/resources/main/de/uka/ilkd/key/java/JavaRedux/java/io/PrintStream.java 
588227     DEBUG main            d.u.i.k.p.i.AbstractProblemLoader Init config took 2.28s 
588240     INFO  main            d.u.i.k.p.i.AbstractProblemLoader Replaying proof staticInitialisersAreNonSimple.key.proof 
588312     DEBUG main            d.u.i.k.p.i.IntermediateProofReplayer Proof replay took 69.33ms 
588313     DEBUG main            d.u.i.k.p.r.p.TestFile    ... success: reloaded. 
588314     INFO  main            d.u.i.k.p.r.p.TestFile    Now processing file /home/runner/work/key/key/key.core/../key.ui/examples/standard_key/types/disjoint.key 
588314     INFO  main            d.u.i.k.p.i.AbstractProblemLoader Loading environment from /home/runner/work/key/key/key.core/../key.ui/examples/standard_key/types/disjoint.key 
588314     DEBUG main            d.u.i.k.p.i.AbstractProblemLoader Environment load took 45.5ns 
588315     INFO  main            d.u.i.k.p.i.AbstractProblemLoader Creating init config 
590482     DEBUG main            d.u.i.k.p.i.AbstractProblemLoader Init config took 2.17s 
590494     INFO  main            d.u.i.k.p.i.AbstractProblemLoader Replaying proof disjoint.key 
590496     DEBUG main            d.u.i.k.p.i.IntermediateProofReplayer Proof replay took 2.9ns 
590597     INFO  main            d.u.i.k.p.r.p.TestFile    ... finished proof: closed. 
591094     INFO  main            d.u.i.k.p.i.AbstractProblemLoader Loading environment from /home/runner/work/key/key/key.core/../key.ui/examples/standard_key/types/disjoint.key.proof 
591094     DEBUG main            d.u.i.k.p.i.AbstractProblemLoader Environment load took 71.3ns 
591095     INFO  main            d.u.i.k.p.i.AbstractProblemLoader Creating init config 
593219     DEBUG main            d.u.i.k.p.i.AbstractProblemLoader Init config took 2.12s 
593231     INFO  main            d.u.i.k.p.i.AbstractProblemLoader Replaying proof disjoint.key.proof 
593233     DEBUG main            d.u.i.k.p.i.IntermediateProofReplayer Proof replay took 438.5ns 
593233     DEBUG main            d.u.i.k.p.r.p.TestFile    ... success: reloaded. 
593233     INFO  main            d.u.i.k.p.r.p.TestFile    Now processing file /home/runner/work/key/key/key.core/../key.ui/examples/../../key.core/src/test/resources/testcase/classpath/classpath.key 
593234     INFO  main            d.u.i.k.p.i.AbstractProblemLoader Loading environment from /home/runner/work/key/key/key.core/../key.ui/examples/../../key.core/src/test/resources/testcase/classpath/classpath.key 
593234     DEBUG main            d.u.i.k.p.i.AbstractProblemLoader Environment load took 85.8ns 
593234     INFO  main            d.u.i.k.p.i.AbstractProblemLoader Creating init config 
593253     WARN  main            d.u.i.k.j.r.KeYCrossReferenceNameInfo Datatype cp.C declared twice: Once in FILE:/home/runner/work/key/key/key.core/../key.ui/examples/../../key.core/src/test/resources/testcase/classpath/classpath/C.class and once in FILE:/home/runner/work/key/key/key.core/../key.ui/examples/../../key.core/src/test/resources/testcase/classpath/classpath/C.jml, Keeping one from FILE:/home/runner/work/key/key/key.core/../key.ui/examples/../../key.core/src/test/resources/testcase/classpath/classpath/C.jml 
593256     DEBUG main            d.u.i.k.j.r.ClassFileDeclarationBuilder Parsing: package cp; public class Unresolved1 { } 
593256     DEBUG main            r.s.KeYCrossReferenceSourceInfo Dynamically created class: cp.Unresolved1 
593256     DEBUG main            d.u.i.k.j.r.ClassFileDeclarationBuilder Parsing: package cp; public class Unresolved2 { } 
593257     DEBUG main            r.s.KeYCrossReferenceSourceInfo Dynamically created class: cp.Unresolved2 
595544     DEBUG main            d.u.i.k.p.i.AbstractProblemLoader Init config took 2.31s 
595557     INFO  main            d.u.i.k.p.i.AbstractProblemLoader Replaying proof classpath.key 
595558     DEBUG main            d.u.i.k.p.i.IntermediateProofReplayer Proof replay took 2.8ns 
595660     INFO  main            d.u.i.k.p.r.p.TestFile    ... finished proof: closed. 
596173     INFO  main            d.u.i.k.p.i.AbstractProblemLoader Loading environment from /home/runner/work/key/key/key.core/../key.ui/examples/../../key.core/src/test/resources/testcase/classpath/classpath.key.proof 
596174     DEBUG main            d.u.i.k.p.i.AbstractProblemLoader Environment load took 70.4ns 
596174     INFO  main            d.u.i.k.p.i.AbstractProblemLoader Creating init config 
596201     WARN  main            d.u.i.k.j.r.KeYCrossReferenceNameInfo Datatype cp.C declared twice: Once in FILE:/home/runner/work/key/key/key.core/../key.ui/examples/../../key.core/src/test/resources/testcase/classpath/classpath/C.class and once in FILE:/home/runner/work/key/key/key.core/../key.ui/examples/../../key.core/src/test/resources/testcase/classpath/classpath/C.jml, Keeping one from FILE:/home/runner/work/key/key/key.core/../key.ui/examples/../../key.core/src/test/resources/testcase/classpath/classpath/C.jml 
596204     DEBUG main            d.u.i.k.j.r.ClassFileDeclarationBuilder Parsing: package cp; public class Unresolved1 { } 
596204     DEBUG main            r.s.KeYCrossReferenceSourceInfo Dynamically created class: cp.Unresolved1 
596204     DEBUG main            d.u.i.k.j.r.ClassFileDeclarationBuilder Parsing: package cp; public class Unresolved2 { } 
596205     DEBUG main            r.s.KeYCrossReferenceSourceInfo Dynamically created class: cp.Unresolved2 
598462     DEBUG main            d.u.i.k.p.i.AbstractProblemLoader Init config took 2.29s 
598475     INFO  main            d.u.i.k.p.i.AbstractProblemLoader Replaying proof classpath.key.proof 
598477     DEBUG main            d.u.i.k.p.i.IntermediateProofReplayer Proof replay took 492.8ns 
598478     DEBUG main            d.u.i.k.p.r.p.TestFile    ... success: reloaded. 
598478     INFO  main            d.u.i.k.p.r.p.TestFile    Now processing file /home/runner/work/key/key/key.core/../key.ui/examples/heap/inconsistent_represents/MyClass_m.key 
598478     INFO  main            d.u.i.k.p.i.AbstractProblemLoader Loading environment from /home/runner/work/key/key/key.core/../key.ui/examples/heap/inconsistent_represents/MyClass_m.key 
598478     DEBUG main            d.u.i.k.p.i.AbstractProblemLoader Environment load took 41.4ns 
598479     INFO  main            d.u.i.k.p.i.AbstractProblemLoader Creating init config 
600746     DEBUG main            d.u.i.k.p.i.AbstractProblemLoader Init config took 2.27s 
600779     INFO  main            d.u.i.k.p.i.AbstractProblemLoader Replaying proof MyClass[MyClass::m()].JML operation contract.0 
600780     DEBUG main            d.u.i.k.p.i.IntermediateProofReplayer Proof replay took 2.2ns 
600886     INFO  main            d.u.i.k.p.r.p.TestFile    ... finished proof: open goal(s) 
601377     INFO  main            d.u.i.k.p.r.p.TestFile    Now processing file /home/runner/work/key/key/key.core/../key.ui/examples/heap/inconsistent_represents/MyClass_n.key 
601377     INFO  main            d.u.i.k.p.i.AbstractProblemLoader Loading environment from /home/runner/work/key/key/key.core/../key.ui/examples/heap/inconsistent_represents/MyClass_n.key 
601377     DEBUG main            d.u.i.k.p.i.AbstractProblemLoader Environment load took 43.8ns 
601378     INFO  main            d.u.i.k.p.i.AbstractProblemLoader Creating init config 
603587     DEBUG main            d.u.i.k.p.i.AbstractProblemLoader Init config took 2.21s 
603619     INFO  main            d.u.i.k.p.i.AbstractProblemLoader Replaying proof MyClass[MyClass::n()].JML operation contract.0 
603620     DEBUG main            d.u.i.k.p.i.IntermediateProofReplayer Proof replay took 2ns 
603722     INFO  main            d.u.i.k.p.r.p.TestFile    ... finished proof: open goal(s) 
3466870    INFO  Test worker     d.u.i.k.p.r.RunAllProofsTestUnit Returning from test javadl 
3466870    INFO  Test worker     d.u.i.k.p.r.RunAllProofsTestUnit Running test FOL 
370        INFO  Timeout watchdog d.u.i.k.p.r.p.ForkedTestFileRunner Timeout watcher launched (2000 secs.) 
391        WARN  main            d.u.i.k.s.ProofSettings   The settings in /home/runner/.key/proof-settings.props are *not* read. 
445        INFO  main            d.u.i.k.p.r.p.TestFile    Now processing file /home/runner/work/key/key/key.core/../key.ui/examples/standard_key/pred_log/count.key 
572        INFO  main            d.u.i.k.p.i.AbstractProblemLoader Loading environment from /home/runner/work/key/key/key.core/../key.ui/examples/standard_key/pred_log/count.key 
591        DEBUG main            d.u.i.k.p.i.AbstractProblemLoader Environment load took 1.87ms 
831        INFO  main            d.u.i.k.p.i.AbstractProblemLoader Creating init config 
1757       DEBUG main            d.u.i.k.j.TypeConverter   No LDT found for Meta 
1757       DEBUG main            d.u.i.k.j.TypeConverter   No LDT found for Meta 
1758       DEBUG main            d.u.i.k.j.TypeConverter   No LDT found for Meta 
1758       DEBUG main            d.u.i.k.j.TypeConverter   No LDT found for Meta 
3334       DEBUG main            d.u.i.k.j.TypeConverter   No LDT found for JavaBigintExpression 
7922       DEBUG main            d.u.i.k.p.i.AbstractProblemLoader Init config took 7.09s 
8006       INFO  main            d.u.i.k.p.i.AbstractProblemLoader Replaying proof count.key 
8042       DEBUG main            d.u.i.k.p.i.IntermediateProofReplayer Proof replay took 33.6ns 
8312       INFO  main            d.u.i.k.p.r.p.TestFile    ... finished proof: closed. 
8405       INFO  main            d.u.i.k.p.i.AbstractProblemLoader Loading environment from /home/runner/work/key/key/key.core/../key.ui/examples/standard_key/pred_log/count.key.proof 
8406       DEBUG main            d.u.i.k.p.i.AbstractProblemLoader Environment load took 154.7ns 
8409       INFO  main            d.u.i.k.p.i.AbstractProblemLoader Creating init config 
10978      DEBUG main            d.u.i.k.p.i.AbstractProblemLoader Init config took 2.57s 
11023      INFO  main            d.u.i.k.p.i.AbstractProblemLoader Replaying proof count.key.proof 
11034      DEBUG main            d.u.i.k.p.i.IntermediateProofReplayer Proof replay took 6.84ms 
11043      DEBUG main            d.u.i.k.p.r.p.TestFile    ... success: reloaded. 
11044      INFO  main            d.u.i.k.p.r.p.TestFile    Now processing file /home/runner/work/key/key/key.core/../key.ui/examples/standard_key/pred_log/count2.key 
11045      INFO  main            d.u.i.k.p.i.AbstractProblemLoader Loading environment from /home/runner/work/key/key/key.core/../key.ui/examples/standard_key/pred_log/count2.key 
11045      DEBUG main            d.u.i.k.p.i.AbstractProblemLoader Environment load took 188.3ns 
11046      INFO  main            d.u.i.k.p.i.AbstractProblemLoader Creating init config 
13463      DEBUG main            d.u.i.k.p.i.AbstractProblemLoader Init config took 2.42s 
13493      INFO  main            d.u.i.k.p.i.AbstractProblemLoader Replaying proof count2.key 
13494      DEBUG main            d.u.i.k.p.i.IntermediateProofReplayer Proof replay took 6.4ns 
13597      INFO  main            d.u.i.k.p.r.p.TestFile    ... finished proof: closed. 
13723      INFO  main            d.u.i.k.p.i.AbstractProblemLoader Loading environment from /home/runner/work/key/key/key.core/../key.ui/examples/standard_key/pred_log/count2.key.proof 
13724      DEBUG main            d.u.i.k.p.i.AbstractProblemLoader Environment load took 118.6ns 
13725      INFO  main            d.u.i.k.p.i.AbstractProblemLoader Creating init config 
16068      DEBUG main            d.u.i.k.p.i.AbstractProblemLoader Init config took 2.34s 
16091      INFO  main            d.u.i.k.p.i.AbstractProblemLoader Replaying proof count2.key.proof 
16097      DEBUG main            d.u.i.k.p.i.IntermediateProofReplayer Proof replay took 3.58ms 
16098      DEBUG main            d.u.i.k.p.r.p.TestFile    ... success: reloaded. 
16099      INFO  main            d.u.i.k.p.r.p.TestFile    Now processing file /home/runner/work/key/key/key.core/../key.ui/examples/standard_key/pred_log/count3.key 
16100      INFO  main            d.u.i.k.p.i.AbstractProblemLoader Loading environment from /home/runner/work/key/key/key.core/../key.ui/examples/standard_key/pred_log/count3.key 
16100      DEBUG main            d.u.i.k.p.i.AbstractProblemLoader Environment load took 165.5ns 
16101      INFO  main            d.u.i.k.p.i.AbstractProblemLoader Creating init config 
18445      DEBUG main            d.u.i.k.p.i.AbstractProblemLoader Init config took 2.34s 
18465      INFO  main            d.u.i.k.p.i.AbstractProblemLoader Replaying proof count3.key 
18467      DEBUG main            d.u.i.k.p.i.IntermediateProofReplayer Proof replay took 6ns 
18569      INFO  main            d.u.i.k.p.r.p.TestFile    ... finished proof: closed. 
18717      INFO  main            d.u.i.k.p.i.AbstractProblemLoader Loading environment from /home/runner/work/key/key/key.core/../key.ui/examples/standard_key/pred_log/count3.key.proof 
18718      DEBUG main            d.u.i.k.p.i.AbstractProblemLoader Environment load took 122.1ns 
18720      INFO  main            d.u.i.k.p.i.AbstractProblemLoader Creating init config 
21057      DEBUG main            d.u.i.k.p.i.AbstractProblemLoader Init config took 2.34s 
21075      INFO  main            d.u.i.k.p.i.AbstractProblemLoader Replaying proof count3.key.proof 
21080      DEBUG main            d.u.i.k.p.i.IntermediateProofReplayer Proof replay took 2.73ms 
21081      DEBUG main            d.u.i.k.p.r.p.TestFile    ... success: reloaded. 
21081      INFO  main            d.u.i.k.p.r.p.TestFile    Now processing file /home/runner/work/key/key/key.core/../key.ui/examples/standard_key/pred_log/equalities.key 
21082      INFO  main            d.u.i.k.p.i.AbstractProblemLoader Loading environment from /home/runner/work/key/key/key.core/../key.ui/examples/standard_key/pred_log/equalities.key 
21082      DEBUG main            d.u.i.k.p.i.AbstractProblemLoader Environment load took 101.5ns 
21083      INFO  main            d.u.i.k.p.i.AbstractProblemLoader Creating init config 
23415      DEBUG main            d.u.i.k.p.i.AbstractProblemLoader Init config took 2.33s 
23433      INFO  main            d.u.i.k.p.i.AbstractProblemLoader Replaying proof equalities.key 
23435      DEBUG main            d.u.i.k.p.i.IntermediateProofReplayer Proof replay took 6.6ns 
23539      INFO  main            d.u.i.k.p.r.p.TestFile    ... finished proof: closed. 
23662      INFO  main            d.u.i.k.p.i.AbstractProblemLoader Loading environment from /home/runner/work/key/key/key.core/../key.ui/examples/standard_key/pred_log/equalities.key.proof 
23662      DEBUG main            d.u.i.k.p.i.AbstractProblemLoader Environment load took 112.7ns 
23663      INFO  main            d.u.i.k.p.i.AbstractProblemLoader Creating init config 
25965      DEBUG main            d.u.i.k.p.i.AbstractProblemLoader Init config took 2.3s 
25985      INFO  main            d.u.i.k.p.i.AbstractProblemLoader Replaying proof equalities.key.proof 
25988      DEBUG main            d.u.i.k.p.i.IntermediateProofReplayer Proof replay took 1.56ms 
25989      DEBUG main            d.u.i.k.p.r.p.TestFile    ... success: reloaded. 
25990      INFO  main            d.u.i.k.p.r.p.TestFile    Now processing file /home/runner/work/key/key/key.core/../key.ui/examples/standard_key/pred_log/equalities2.key 
25990      INFO  main            d.u.i.k.p.i.AbstractProblemLoader Loading environment from /home/runner/work/key/key/key.core/../key.ui/examples/standard_key/pred_log/equalities2.key 
25990      DEBUG main            d.u.i.k.p.i.AbstractProblemLoader Environment load took 81.7ns 
25991      INFO  main            d.u.i.k.p.i.AbstractProblemLoader Creating init config 
28305      DEBUG main            d.u.i.k.p.i.AbstractProblemLoader Init config took 2.31s 
28322      INFO  main            d.u.i.k.p.i.AbstractProblemLoader Replaying proof equalities2.key 
28324      DEBUG main            d.u.i.k.p.i.IntermediateProofReplayer Proof replay took 7.2ns 
28426      INFO  main            d.u.i.k.p.r.p.TestFile    ... finished proof: closed. 
28552      INFO  main            d.u.i.k.p.i.AbstractProblemLoader Loading environment from /home/runner/work/key/key/key.core/../key.ui/examples/standard_key/pred_log/equalities2.key.proof 
28552      DEBUG main            d.u.i.k.p.i.AbstractProblemLoader Environment load took 337.5ns 
28553      INFO  main            d.u.i.k.p.i.AbstractProblemLoader Creating init config 
30828      DEBUG main            d.u.i.k.p.i.AbstractProblemLoader Init config took 2.27s 
30844      INFO  main            d.u.i.k.p.i.AbstractProblemLoader Replaying proof equalities2.key.proof 
30850      DEBUG main            d.u.i.k.p.i.IntermediateProofReplayer Proof replay took 3.98ms 
30851      DEBUG main            d.u.i.k.p.r.p.TestFile    ... success: reloaded. 
30852      INFO  main            d.u.i.k.p.r.p.TestFile    Now processing file /home/runner/work/key/key/key.core/../key.ui/examples/standard_key/pred_log/equalities3.key 
30852      INFO  main            d.u.i.k.p.i.AbstractProblemLoader Loading environment from /home/runner/work/key/key/key.core/../key.ui/examples/standard_key/pred_log/equalities3.key 
30853      DEBUG main            d.u.i.k.p.i.AbstractProblemLoader Environment load took 159.3ns 
30854      INFO  main            d.u.i.k.p.i.AbstractProblemLoader Creating init config 
33160      DEBUG main            d.u.i.k.p.i.AbstractProblemLoader Init config took 2.31s 
33177      INFO  main            d.u.i.k.p.i.AbstractProblemLoader Replaying proof equalities3.key 
33178      DEBUG main            d.u.i.k.p.i.IntermediateProofReplayer Proof replay took 6.6ns 
33280      INFO  main            d.u.i.k.p.r.p.TestFile    ... finished proof: closed. 
33441      INFO  main            d.u.i.k.p.i.AbstractProblemLoader Loading environment from /home/runner/work/key/key/key.core/../key.ui/examples/standard_key/pred_log/equalities3.key.proof 
33441      DEBUG main            d.u.i.k.p.i.AbstractProblemLoader Environment load took 112.8ns 
33442      INFO  main            d.u.i.k.p.i.AbstractProblemLoader Creating init config 
35730      DEBUG main            d.u.i.k.p.i.AbstractProblemLoader Init config took 2.29s 
35748      INFO  main            d.u.i.k.p.i.AbstractProblemLoader Replaying proof equalities3.key.proof 
35763      DEBUG main            d.u.i.k.p.i.IntermediateProofReplayer Proof replay took 13.26ms 
35764      DEBUG main            d.u.i.k.p.r.p.TestFile    ... success: reloaded. 
35765      INFO  main            d.u.i.k.p.r.p.TestFile    Now processing file /home/runner/work/key/key/key.core/../key.ui/examples/standard_key/pred_log/functions.key 
35765      INFO  main            d.u.i.k.p.i.AbstractProblemLoader Loading environment from /home/runner/work/key/key/key.core/../key.ui/examples/standard_key/pred_log/functions.key 
35765      DEBUG main            d.u.i.k.p.i.AbstractProblemLoader Environment load took 85.3ns 
35767      INFO  main            d.u.i.k.p.i.AbstractProblemLoader Creating init config 
38093      DEBUG main            d.u.i.k.p.i.AbstractProblemLoader Init config took 2.33s 
38110      INFO  main            d.u.i.k.p.i.AbstractProblemLoader Replaying proof functions.key 
38112      DEBUG main            d.u.i.k.p.i.IntermediateProofReplayer Proof replay took 6.5ns 
38215      INFO  main            d.u.i.k.p.r.p.TestFile    ... finished proof: closed. 
38365      INFO  main            d.u.i.k.p.i.AbstractProblemLoader Loading environment from /home/runner/work/key/key/key.core/../key.ui/examples/standard_key/pred_log/functions.key.proof 
38365      DEBUG main            d.u.i.k.p.i.AbstractProblemLoader Environment load took 106ns 
38367      INFO  main            d.u.i.k.p.i.AbstractProblemLoader Creating init config 
40619      DEBUG main            d.u.i.k.p.i.AbstractProblemLoader Init config took 2.25s 
40634      INFO  main            d.u.i.k.p.i.AbstractProblemLoader Replaying proof functions.key.proof 
40638      DEBUG main            d.u.i.k.p.i.IntermediateProofReplayer Proof replay took 2.38ms 
40639      DEBUG main            d.u.i.k.p.r.p.TestFile    ... success: reloaded. 
40640      INFO  main            d.u.i.k.p.r.p.TestFile    Now processing file /home/runner/work/key/key/key.core/../key.ui/examples/standard_key/pred_log/mv1.key 
40640      INFO  main            d.u.i.k.p.i.AbstractProblemLoader Loading environment from /home/runner/work/key/key/key.core/../key.ui/examples/standard_key/pred_log/mv1.key 
40640      DEBUG main            d.u.i.k.p.i.AbstractProblemLoader Environment load took 67.8ns 
40641      INFO  main            d.u.i.k.p.i.AbstractProblemLoader Creating init config 
42945      DEBUG main            d.u.i.k.p.i.AbstractProblemLoader Init config took 2.3s 
42960      INFO  main            d.u.i.k.p.i.AbstractProblemLoader Replaying proof mv1.key 
42962      DEBUG main            d.u.i.k.p.i.IntermediateProofReplayer Proof replay took 5.8ns 
43063      INFO  main            d.u.i.k.p.r.p.TestFile    ... finished proof: closed. 
43239      INFO  main            d.u.i.k.p.i.AbstractProblemLoader Loading environment from /home/runner/work/key/key/key.core/../key.ui/examples/standard_key/pred_log/mv1.key.proof 
43240      DEBUG main            d.u.i.k.p.i.AbstractProblemLoader Environment load took 104.4ns 
43241      INFO  main            d.u.i.k.p.i.AbstractProblemLoader Creating init config 
45461      DEBUG main            d.u.i.k.p.i.AbstractProblemLoader Init config took 2.22s 
45476      INFO  main            d.u.i.k.p.i.AbstractProblemLoader Replaying proof mv1.key.proof 
45479      DEBUG main            d.u.i.k.p.i.IntermediateProofReplayer Proof replay took 870.1ns 
45479      DEBUG main            d.u.i.k.p.r.p.TestFile    ... success: reloaded. 
45480      INFO  main            d.u.i.k.p.r.p.TestFile    Now processing file /home/runner/work/key/key/key.core/../key.ui/examples/standard_key/pred_log/mv2.key 
45480      INFO  main            d.u.i.k.p.i.AbstractProblemLoader Loading environment from /home/runner/work/key/key/key.core/../key.ui/examples/standard_key/pred_log/mv2.key 
45480      DEBUG main            d.u.i.k.p.i.AbstractProblemLoader Environment load took 68.2ns 
45481      INFO  main            d.u.i.k.p.i.AbstractProblemLoader Creating init config 
47739      DEBUG main            d.u.i.k.p.i.AbstractProblemLoader Init config took 2.26s 
47753      INFO  main            d.u.i.k.p.i.AbstractProblemLoader Replaying proof mv2.key 
47754      DEBUG main            d.u.i.k.p.i.IntermediateProofReplayer Proof replay took 5.3ns 
47856      INFO  main            d.u.i.k.p.r.p.TestFile    ... finished proof: closed. 
48017      INFO  main            d.u.i.k.p.i.AbstractProblemLoader Loading environment from /home/runner/work/key/key/key.core/../key.ui/examples/standard_key/pred_log/mv2.key.proof 
48017      DEBUG main            d.u.i.k.p.i.AbstractProblemLoader Environment load took 100.3ns 
48018      INFO  main            d.u.i.k.p.i.AbstractProblemLoader Creating init config 
50241      DEBUG main            d.u.i.k.p.i.AbstractProblemLoader Init config took 2.22s 
50256      INFO  main            d.u.i.k.p.i.AbstractProblemLoader Replaying proof mv2.key.proof 
50264      DEBUG main            d.u.i.k.p.i.IntermediateProofReplayer Proof replay took 3.75ms 
50265      DEBUG main            d.u.i.k.p.r.p.TestFile    ... success: reloaded. 
50266      INFO  main            d.u.i.k.p.r.p.TestFile    Now processing file /home/runner/work/key/key/key.core/../key.ui/examples/standard_key/pred_log/quantifiers.key 
50266      INFO  main            d.u.i.k.p.i.AbstractProblemLoader Loading environment from /home/runner/work/key/key/key.core/../key.ui/examples/standard_key/pred_log/quantifiers.key 
50267      DEBUG main            d.u.i.k.p.i.AbstractProblemLoader Environment load took 764.7ns 
50268      INFO  main            d.u.i.k.p.i.AbstractProblemLoader Creating init config 
52560      DEBUG main            d.u.i.k.p.i.AbstractProblemLoader Init config took 2.29s 
52574      INFO  main            d.u.i.k.p.i.AbstractProblemLoader Replaying proof quantifiers.key 
52575      DEBUG main            d.u.i.k.p.i.IntermediateProofReplayer Proof replay took 6.1ns 
52679      INFO  main            d.u.i.k.p.r.p.TestFile    ... finished proof: closed. 
52841      INFO  main            d.u.i.k.p.i.AbstractProblemLoader Loading environment from /home/runner/work/key/key/key.core/../key.ui/examples/standard_key/pred_log/quantifiers.key.proof 
52841      DEBUG main            d.u.i.k.p.i.AbstractProblemLoader Environment load took 103.9ns 
52842      INFO  main            d.u.i.k.p.i.AbstractProblemLoader Creating init config 
55070      DEBUG main            d.u.i.k.p.i.AbstractProblemLoader Init config took 2.23s 
55085      INFO  main            d.u.i.k.p.i.AbstractProblemLoader Replaying proof quantifiers.key.proof 
55088      DEBUG main            d.u.i.k.p.i.IntermediateProofReplayer Proof replay took 2.49ms 
55089      DEBUG main            d.u.i.k.p.r.p.TestFile    ... success: reloaded. 
55090      INFO  main            d.u.i.k.p.r.p.TestFile    Now processing file /home/runner/work/key/key/key.core/../key.ui/examples/standard_key/pred_log/simpleEps.key 
55090      INFO  main            d.u.i.k.p.i.AbstractProblemLoader Loading environment from /home/runner/work/key/key/key.core/../key.ui/examples/standard_key/pred_log/simpleEps.key 
55090      DEBUG main            d.u.i.k.p.i.AbstractProblemLoader Environment load took 68.3ns 
55091      INFO  main            d.u.i.k.p.i.AbstractProblemLoader Creating init config 
57333      DEBUG main            d.u.i.k.p.i.AbstractProblemLoader Init config took 2.24s 
57346      INFO  main            d.u.i.k.p.i.AbstractProblemLoader Replaying proof simpleEps.key 
57348      DEBUG main            d.u.i.k.p.i.IntermediateProofReplayer Proof replay took 6.1ns 
57449      INFO  main            d.u.i.k.p.r.p.TestFile    ... finished proof: closed. 
57615      INFO  main            d.u.i.k.p.i.AbstractProblemLoader Loading environment from /home/runner/work/key/key/key.core/../key.ui/examples/standard_key/pred_log/simpleEps.key.proof 
57615      DEBUG main            d.u.i.k.p.i.AbstractProblemLoader Environment load took 102.3ns 
57616      INFO  main            d.u.i.k.p.i.AbstractProblemLoader Creating init config 
59850      DEBUG main            d.u.i.k.p.i.AbstractProblemLoader Init config took 2.23s 
59863      INFO  main            d.u.i.k.p.i.AbstractProblemLoader Replaying proof simpleEps.key.proof 
59866      DEBUG main            d.u.i.k.p.i.IntermediateProofReplayer Proof replay took 1.4ms 
59867      DEBUG main            d.u.i.k.p.r.p.TestFile    ... success: reloaded. 
59868      INFO  main            d.u.i.k.p.r.p.TestFile    Now processing file /home/runner/work/key/key/key.core/../key.ui/examples/standard_key/pred_log/steam1.key 
59868      INFO  main            d.u.i.k.p.i.AbstractProblemLoader Loading environment from /home/runner/work/key/key/key.core/../key.ui/examples/standard_key/pred_log/steam1.key 
59868      DEBUG main            d.u.i.k.p.i.AbstractProblemLoader Environment load took 79.8ns 
59870      INFO  main            d.u.i.k.p.i.AbstractProblemLoader Creating init config 
62090      DEBUG main            d.u.i.k.p.i.AbstractProblemLoader Init config took 2.22s 
62106      INFO  main            d.u.i.k.p.i.AbstractProblemLoader Replaying proof steam1.key 
62108      DEBUG main            d.u.i.k.p.i.IntermediateProofReplayer Proof replay took 5.8ns 
62414      INFO  main            d.u.i.k.p.r.p.TestFile    ... finished proof: closed. 
62598      INFO  main            d.u.i.k.p.i.AbstractProblemLoader Loading environment from /home/runner/work/key/key/key.core/../key.ui/examples/standard_key/pred_log/steam1.key.proof 
62598      DEBUG main            d.u.i.k.p.i.AbstractProblemLoader Environment load took 345.8ns 
62600      INFO  main            d.u.i.k.p.i.AbstractProblemLoader Creating init config 
64814      DEBUG main            d.u.i.k.p.i.AbstractProblemLoader Init config took 2.21s 
64838      INFO  main            d.u.i.k.p.i.AbstractProblemLoader Replaying proof steam1.key.proof 
64875      DEBUG main            d.u.i.k.p.i.IntermediateProofReplayer Proof replay took 30.8ms 
64878      DEBUG main            d.u.i.k.p.r.p.TestFile    ... success: reloaded. 
64879      INFO  main            d.u.i.k.p.r.p.TestFile    Now processing file /home/runner/work/key/key/key.core/../key.ui/examples/standard_key/pred_log/tptp/PUZ/PUZ001p1.key 
64879      INFO  main            d.u.i.k.p.i.AbstractProblemLoader Loading environment from /home/runner/work/key/key/key.core/../key.ui/examples/standard_key/pred_log/tptp/PUZ/PUZ001p1.key 
64880      DEBUG main            d.u.i.k.p.i.AbstractProblemLoader Environment load took 155.7ns 
64881      INFO  main            d.u.i.k.p.i.AbstractProblemLoader Creating init config 
67140      DEBUG main            d.u.i.k.p.i.AbstractProblemLoader Init config took 2.26s 
67156      INFO  main            d.u.i.k.p.i.AbstractProblemLoader Replaying proof PUZ001p1.key 
67157      DEBUG main            d.u.i.k.p.i.IntermediateProofReplayer Proof replay took 6.4ns 
70180      INFO  main            d.u.i.k.p.r.p.TestFile    ... finished proof: closed. 
70375      INFO  main            d.u.i.k.p.i.AbstractProblemLoader Loading environment from /home/runner/work/key/key/key.core/../key.ui/examples/standard_key/pred_log/tptp/PUZ/PUZ001p1.key.proof 
70377      DEBUG main            d.u.i.k.p.i.AbstractProblemLoader Environment load took 1.93ms 
70379      INFO  main            d.u.i.k.p.i.AbstractProblemLoader Creating init config 
72573      DEBUG main            d.u.i.k.p.i.AbstractProblemLoader Init config took 2.19s 
72590      INFO  main            d.u.i.k.p.i.AbstractProblemLoader Replaying proof PUZ001p1.key.proof 
72750      DEBUG main            d.u.i.k.p.i.IntermediateProofReplayer Proof replay took 148.98ms 
72751      DEBUG main            d.u.i.k.p.r.p.TestFile    ... success: reloaded. 
72752      INFO  main            d.u.i.k.p.r.p.TestFile    Now processing file /home/runner/work/key/key/key.core/../key.ui/examples/standard_key/pred_log/tptp/PUZ/PUZ001p1-eq.key 
72752      INFO  main            d.u.i.k.p.i.AbstractProblemLoader Loading environment from /home/runner/work/key/key/key.core/../key.ui/examples/standard_key/pred_log/tptp/PUZ/PUZ001p1-eq.key 
72752      DEBUG main            d.u.i.k.p.i.AbstractProblemLoader Environment load took 80.5ns 
72753      INFO  main            d.u.i.k.p.i.AbstractProblemLoader Creating init config 
75013      DEBUG main            d.u.i.k.p.i.AbstractProblemLoader Init config took 2.26s 
75027      INFO  main            d.u.i.k.p.i.AbstractProblemLoader Replaying proof PUZ001p1-eq.key 
75028      DEBUG main            d.u.i.k.p.i.IntermediateProofReplayer Proof replay took 6ns 
75130      INFO  main            d.u.i.k.p.r.p.TestFile    ... finished proof: closed. 
75332      INFO  main            d.u.i.k.p.i.AbstractProblemLoader Loading environment from /home/runner/work/key/key/key.core/../key.ui/examples/standard_key/pred_log/tptp/PUZ/PUZ001p1-eq.key.proof 
75332      DEBUG main            d.u.i.k.p.i.AbstractProblemLoader Environment load took 102.7ns 
75334      INFO  main            d.u.i.k.p.i.AbstractProblemLoader Creating init config 
77517      DEBUG main            d.u.i.k.p.i.AbstractProblemLoader Init config took 2.18s 
77531      INFO  main            d.u.i.k.p.i.AbstractProblemLoader Replaying proof PUZ001p1-eq.key.proof 
77543      DEBUG main            d.u.i.k.p.i.IntermediateProofReplayer Proof replay took 9.36ms 
77544      DEBUG main            d.u.i.k.p.r.p.TestFile    ... success: reloaded. 
77544      INFO  main            d.u.i.k.p.r.p.TestFile    Now processing file /home/runner/work/key/key/key.core/../key.ui/examples/standard_key/pred_log/tptp/PUZ/PUZ031p1.key 
77545      INFO  main            d.u.i.k.p.i.AbstractProblemLoader Loading environment from /home/runner/work/key/key/key.core/../key.ui/examples/standard_key/pred_log/tptp/PUZ/PUZ031p1.key 
77545      DEBUG main            d.u.i.k.p.i.AbstractProblemLoader Environment load took 82ns 
77546      INFO  main            d.u.i.k.p.i.AbstractProblemLoader Creating init config 
79815      DEBUG main            d.u.i.k.p.i.AbstractProblemLoader Init config took 2.27s 
79829      INFO  main            d.u.i.k.p.i.AbstractProblemLoader Replaying proof PUZ031p1.key 
79830      DEBUG main            d.u.i.k.p.i.IntermediateProofReplayer Proof replay took 6.1ns 
87654      INFO  main            d.u.i.k.p.r.p.TestFile    ... finished proof: closed. 
87853      INFO  main            d.u.i.k.p.i.AbstractProblemLoader Loading environment from /home/runner/work/key/key/key.core/../key.ui/examples/standard_key/pred_log/tptp/PUZ/PUZ031p1.key.proof 
87854      DEBUG main            d.u.i.k.p.i.AbstractProblemLoader Environment load took 349.4ns 
87855      INFO  main            d.u.i.k.p.i.AbstractProblemLoader Creating init config 
90048      DEBUG main            d.u.i.k.p.i.AbstractProblemLoader Init config took 2.19s 
90063      INFO  main            d.u.i.k.p.i.AbstractProblemLoader Replaying proof PUZ031p1.key.proof 
90122      DEBUG main            d.u.i.k.p.i.IntermediateProofReplayer Proof replay took 53.85ms 
90124      DEBUG main            d.u.i.k.p.r.p.TestFile    ... success: reloaded. 
90124      INFO  main            d.u.i.k.p.r.p.TestFile    Now processing file /home/runner/work/key/key/key.core/../key.ui/examples/standard_key/pred_log/tptp/SET/SET027p3.key 
90125      INFO  main            d.u.i.k.p.i.AbstractProblemLoader Loading environment from /home/runner/work/key/key/key.core/../key.ui/examples/standard_key/pred_log/tptp/SET/SET027p3.key 
90125      DEBUG main            d.u.i.k.p.i.AbstractProblemLoader Environment load took 158.1ns 
90126      INFO  main            d.u.i.k.p.i.AbstractProblemLoader Creating init config 
92390      DEBUG main            d.u.i.k.p.i.AbstractProblemLoader Init config took 2.26s 
92404      INFO  main            d.u.i.k.p.i.AbstractProblemLoader Replaying proof SET027p3.key 
92405      DEBUG main            d.u.i.k.p.i.IntermediateProofReplayer Proof replay took 6.3ns 
92507      INFO  main            d.u.i.k.p.r.p.TestFile    ... finished proof: closed. 
92706      INFO  main            d.u.i.k.p.i.AbstractProblemLoader Loading environment from /home/runner/work/key/key/key.core/../key.ui/examples/standard_key/pred_log/tptp/SET/SET027p3.key.proof 
92706      DEBUG main            d.u.i.k.p.i.AbstractProblemLoader Environment load took 102.9ns 
92707      INFO  main            d.u.i.k.p.i.AbstractProblemLoader Creating init config 
94895      DEBUG main            d.u.i.k.p.i.AbstractProblemLoader Init config took 2.19s 
94909      INFO  main            d.u.i.k.p.i.AbstractProblemLoader Replaying proof SET027p3.key.proof 
94918      DEBUG main            d.u.i.k.p.i.IntermediateProofReplayer Proof replay took 4.83ms 
94920      DEBUG main            d.u.i.k.p.r.p.TestFile    ... success: reloaded. 
94920      INFO  main            d.u.i.k.p.r.p.TestFile    Now processing file /home/runner/work/key/key/key.core/../key.ui/examples/standard_key/pred_log/tptp/SET/SET043p1.key 
94921      INFO  main            d.u.i.k.p.i.AbstractProblemLoader Loading environment from /home/runner/work/key/key/key.core/../key.ui/examples/standard_key/pred_log/tptp/SET/SET043p1.key 
94921      DEBUG main            d.u.i.k.p.i.AbstractProblemLoader Environment load took 160.1ns 
94922      INFO  main            d.u.i.k.p.i.AbstractProblemLoader Creating init config 
97152      DEBUG main            d.u.i.k.p.i.AbstractProblemLoader Init config took 2.23s 
97168      INFO  main            d.u.i.k.p.i.AbstractProblemLoader Replaying proof SET043p1.key 
97169      DEBUG main            d.u.i.k.p.i.IntermediateProofReplayer Proof replay took 5.8ns 
97271      INFO  main            d.u.i.k.p.r.p.TestFile    ... finished proof: closed. 
97465      INFO  main            d.u.i.k.p.i.AbstractProblemLoader Loading environment from /home/runner/work/key/key/key.core/../key.ui/examples/standard_key/pred_log/tptp/SET/SET043p1.key.proof 
97466      DEBUG main            d.u.i.k.p.i.AbstractProblemLoader Environment load took 367.2ns 
97467      INFO  main            d.u.i.k.p.i.AbstractProblemLoader Creating init config 
99652      DEBUG main            d.u.i.k.p.i.AbstractProblemLoader Init config took 2.19s 
99665      INFO  main            d.u.i.k.p.i.AbstractProblemLoader Replaying proof SET043p1.key.proof 
99668      DEBUG main            d.u.i.k.p.i.IntermediateProofReplayer Proof replay took 1.06ms 
99668      DEBUG main            d.u.i.k.p.r.p.TestFile    ... success: reloaded. 
99669      INFO  main            d.u.i.k.p.r.p.TestFile    Now processing file /home/runner/work/key/key/key.core/../key.ui/examples/standard_key/pred_log/tptp/SET/SET045p1.key 
99669      INFO  main            d.u.i.k.p.i.AbstractProblemLoader Loading environment from /home/runner/work/key/key/key.core/../key.ui/examples/standard_key/pred_log/tptp/SET/SET045p1.key 
99669      DEBUG main            d.u.i.k.p.i.AbstractProblemLoader Environment load took 85.8ns 
99670      INFO  main            d.u.i.k.p.i.AbstractProblemLoader Creating init config 
101917     DEBUG main            d.u.i.k.p.i.AbstractProblemLoader Init config took 2.25s 
101930     INFO  main            d.u.i.k.p.i.AbstractProblemLoader Replaying proof SET045p1.key 
101931     DEBUG main            d.u.i.k.p.i.IntermediateProofReplayer Proof replay took 6.1ns 
102032     INFO  main            d.u.i.k.p.r.p.TestFile    ... finished proof: closed. 
102228     INFO  main            d.u.i.k.p.i.AbstractProblemLoader Loading environment from /home/runner/work/key/key/key.core/../key.ui/examples/standard_key/pred_log/tptp/SET/SET045p1.key.proof 
102228     DEBUG main            d.u.i.k.p.i.AbstractProblemLoader Environment load took 91.4ns 
102229     INFO  main            d.u.i.k.p.i.AbstractProblemLoader Creating init config 
104425     DEBUG main            d.u.i.k.p.i.AbstractProblemLoader Init config took 2.2s 
104437     INFO  main            d.u.i.k.p.i.AbstractProblemLoader Replaying proof SET045p1.key.proof 
104443     DEBUG main            d.u.i.k.p.i.IntermediateProofReplayer Proof replay took 3.67ms 
104444     DEBUG main            d.u.i.k.p.r.p.TestFile    ... success: reloaded. 
104444     INFO  main            d.u.i.k.p.r.p.TestFile    Now processing file /home/runner/work/key/key/key.core/../key.ui/examples/standard_key/pred_log/tptp/SET/SET062p3.key 
104444     INFO  main            d.u.i.k.p.i.AbstractProblemLoader Loading environment from /home/runner/work/key/key/key.core/../key.ui/examples/standard_key/pred_log/tptp/SET/SET062p3.key 
104444     DEBUG main            d.u.i.k.p.i.AbstractProblemLoader Environment load took 102ns 
104445     INFO  main            d.u.i.k.p.i.AbstractProblemLoader Creating init config 
106705     DEBUG main            d.u.i.k.p.i.AbstractProblemLoader Init config took 2.26s 
106718     INFO  main            d.u.i.k.p.i.AbstractProblemLoader Replaying proof SET062p3.key 
106719     DEBUG main            d.u.i.k.p.i.IntermediateProofReplayer Proof replay took 6.8ns 
106821     INFO  main            d.u.i.k.p.r.p.TestFile    ... finished proof: closed. 
107064     INFO  main            d.u.i.k.p.i.AbstractProblemLoader Loading environment from /home/runner/work/key/key/key.core/../key.ui/examples/standard_key/pred_log/tptp/SET/SET062p3.key.proof 
107065     DEBUG main            d.u.i.k.p.i.AbstractProblemLoader Environment load took 93ns 
107066     INFO  main            d.u.i.k.p.i.AbstractProblemLoader Creating init config 
109256     DEBUG main            d.u.i.k.p.i.AbstractProblemLoader Init config took 2.19s 
109269     INFO  main            d.u.i.k.p.i.AbstractProblemLoader Replaying proof SET062p3.key.proof 
109274     DEBUG main            d.u.i.k.p.i.IntermediateProofReplayer Proof replay took 3.77ms 
109275     DEBUG main            d.u.i.k.p.r.p.TestFile    ... success: reloaded. 
109276     INFO  main            d.u.i.k.p.r.p.TestFile    Now processing file /home/runner/work/key/key/key.core/../key.ui/examples/standard_key/pred_log/tptp/SET/SET063p3.key 
109276     INFO  main            d.u.i.k.p.i.AbstractProblemLoader Loading environment from /home/runner/work/key/key/key.core/../key.ui/examples/standard_key/pred_log/tptp/SET/SET063p3.key 
109276     DEBUG main            d.u.i.k.p.i.AbstractProblemLoader Environment load took 75.2ns 
109277     INFO  main            d.u.i.k.p.i.AbstractProblemLoader Creating init config 
111562     DEBUG main            d.u.i.k.p.i.AbstractProblemLoader Init config took 2.28s 
111576     INFO  main            d.u.i.k.p.i.AbstractProblemLoader Replaying proof SET063p3.key 
111577     DEBUG main            d.u.i.k.p.i.IntermediateProofReplayer Proof replay took 6.7ns 
111683     INFO  main            d.u.i.k.p.r.p.TestFile    ... finished proof: closed. 
111897     INFO  main            d.u.i.k.p.i.AbstractProblemLoader Loading environment from /home/runner/work/key/key/key.core/../key.ui/examples/standard_key/pred_log/tptp/SET/SET063p3.key.proof 
111898     DEBUG main            d.u.i.k.p.i.AbstractProblemLoader Environment load took 107.2ns 
111899     INFO  main            d.u.i.k.p.i.AbstractProblemLoader Creating init config 
114084     DEBUG main            d.u.i.k.p.i.AbstractProblemLoader Init config took 2.18s 
114097     INFO  main            d.u.i.k.p.i.AbstractProblemLoader Replaying proof SET063p3.key.proof 
114103     DEBUG main            d.u.i.k.p.i.IntermediateProofReplayer Proof replay took 4.69ms 
114104     DEBUG main            d.u.i.k.p.r.p.TestFile    ... success: reloaded. 
114104     INFO  main            d.u.i.k.p.r.p.TestFile    Now processing file /home/runner/work/key/key/key.core/../key.ui/examples/standard_key/pred_log/tptp/SYN/SYN036p2.key 
114104     INFO  main            d.u.i.k.p.i.AbstractProblemLoader Loading environment from /home/runner/work/key/key/key.core/../key.ui/examples/standard_key/pred_log/tptp/SYN/SYN036p2.key 
114105     DEBUG main            d.u.i.k.p.i.AbstractProblemLoader Environment load took 74.8ns 
114105     INFO  main            d.u.i.k.p.i.AbstractProblemLoader Creating init config 
116370     DEBUG main            d.u.i.k.p.i.AbstractProblemLoader Init config took 2.26s 
116384     INFO  main            d.u.i.k.p.i.AbstractProblemLoader Replaying proof SYN036p2.key 
116385     DEBUG main            d.u.i.k.p.i.IntermediateProofReplayer Proof replay took 6.6ns 
116592     INFO  main            d.u.i.k.p.r.p.TestFile    ... finished proof: closed. 
116813     INFO  main            d.u.i.k.p.i.AbstractProblemLoader Loading environment from /home/runner/work/key/key/key.core/../key.ui/examples/standard_key/pred_log/tptp/SYN/SYN036p2.key.proof 
116813     DEBUG main            d.u.i.k.p.i.AbstractProblemLoader Environment load took 108.8ns 
116815     INFO  main            d.u.i.k.p.i.AbstractProblemLoader Creating init config 
118983     DEBUG main            d.u.i.k.p.i.AbstractProblemLoader Init config took 2.17s 
118996     INFO  main            d.u.i.k.p.i.AbstractProblemLoader Replaying proof SYN036p2.key.proof 
119056     DEBUG main            d.u.i.k.p.i.IntermediateProofReplayer Proof replay took 51.74ms 
119057     DEBUG main            d.u.i.k.p.r.p.TestFile    ... success: reloaded. 
119057     INFO  main            d.u.i.k.p.r.p.TestFile    Now processing file /home/runner/work/key/key/key.core/../key.ui/examples/standard_key/pred_log/tptp/SYN/SYN550p1.key 
119057     INFO  main            d.u.i.k.p.i.AbstractProblemLoader Loading environment from /home/runner/work/key/key/key.core/../key.ui/examples/standard_key/pred_log/tptp/SYN/SYN550p1.key 
119057     DEBUG main            d.u.i.k.p.i.AbstractProblemLoader Environment load took 62.6ns 
119058     INFO  main            d.u.i.k.p.i.AbstractProblemLoader Creating init config 
121272     DEBUG main            d.u.i.k.p.i.AbstractProblemLoader Init config took 2.21s 
121286     INFO  main            d.u.i.k.p.i.AbstractProblemLoader Replaying proof SYN550p1.key 
121287     DEBUG main            d.u.i.k.p.i.IntermediateProofReplayer Proof replay took 6.6ns 
124008     INFO  main            d.u.i.k.p.r.p.TestFile    ... finished proof: closed. 
124240     INFO  main            d.u.i.k.p.i.AbstractProblemLoader Loading environment from /home/runner/work/key/key/key.core/../key.ui/examples/standard_key/pred_log/tptp/SYN/SYN550p1.key.proof 
124240     DEBUG main            d.u.i.k.p.i.AbstractProblemLoader Environment load took 307ns 
124242     INFO  main            d.u.i.k.p.i.AbstractProblemLoader Creating init config 
126401     DEBUG main            d.u.i.k.p.i.AbstractProblemLoader Init config took 2.16s 
126414     INFO  main            d.u.i.k.p.i.AbstractProblemLoader Replaying proof SYN550p1.key.proof 
126487     DEBUG main            d.u.i.k.p.i.IntermediateProofReplayer Proof replay took 67.07ms 
126488     DEBUG main            d.u.i.k.p.r.p.TestFile    ... success: reloaded. 
126489     INFO  main            d.u.i.k.p.r.p.TestFile    Now processing file /home/runner/work/key/key/key.core/../key.ui/examples/standard_key/prop_log/reallySimple.key 
126489     INFO  main            d.u.i.k.p.i.AbstractProblemLoader Loading environment from /home/runner/work/key/key/key.core/../key.ui/examples/standard_key/prop_log/reallySimple.key 
126489     DEBUG main            d.u.i.k.p.i.AbstractProblemLoader Environment load took 61ns 
126490     INFO  main            d.u.i.k.p.i.AbstractProblemLoader Creating init config 
128726     DEBUG main            d.u.i.k.p.i.AbstractProblemLoader Init config took 2.24s 
128738     INFO  main            d.u.i.k.p.i.AbstractProblemLoader Replaying proof reallySimple.key 
128739     DEBUG main            d.u.i.k.p.i.IntermediateProofReplayer Proof replay took 6.1ns 
128841     INFO  main            d.u.i.k.p.r.p.TestFile    ... finished proof: open goal(s) 
129079     INFO  main            d.u.i.k.p.r.p.TestFile    Now processing file /home/runner/work/key/key/key.core/../key.ui/examples/standard_key/pred_log/sameName1.key 
129079     INFO  main            d.u.i.k.p.i.AbstractProblemLoader Loading environment from /home/runner/work/key/key/key.core/../key.ui/examples/standard_key/pred_log/sameName1.key 
129079     DEBUG main            d.u.i.k.p.i.AbstractProblemLoader Environment load took 53.9ns 
129080     INFO  main            d.u.i.k.p.i.AbstractProblemLoader Creating init config 
131242     DEBUG main            d.u.i.k.p.i.AbstractProblemLoader Init config took 2.16s 
131254     INFO  main            d.u.i.k.p.i.AbstractProblemLoader Replaying proof sameName1.key 
131255     DEBUG main            d.u.i.k.p.i.IntermediateProofReplayer Proof replay took 6ns 
131359     INFO  main            d.u.i.k.p.r.p.TestFile    ... finished proof: open goal(s) 
131574     INFO  main            d.u.i.k.p.r.p.TestFile    Now processing file /home/runner/work/key/key/key.core/../key.ui/examples/standard_key/pred_log/jbyteIfEx.key 
131575     INFO  main            d.u.i.k.p.i.AbstractProblemLoader Loading environment from /home/runner/work/key/key/key.core/../key.ui/examples/standard_key/pred_log/jbyteIfEx.key 
131575     DEBUG main            d.u.i.k.p.i.AbstractProblemLoader Environment load took 51.5ns 
131575     INFO  main            d.u.i.k.p.i.AbstractProblemLoader Creating init config 
133750     DEBUG main            d.u.i.k.p.i.AbstractProblemLoader Init config took 2.17s 
133763     INFO  main            d.u.i.k.p.i.AbstractProblemLoader Replaying proof jbyteIfEx.key 
133764     DEBUG main            d.u.i.k.p.i.IntermediateProofReplayer Proof replay took 7.4ns 
133865     INFO  main            d.u.i.k.p.r.p.TestFile    ... finished proof: closed. 
134087     INFO  main            d.u.i.k.p.i.AbstractProblemLoader Loading environment from /home/runner/work/key/key/key.core/../key.ui/examples/standard_key/pred_log/jbyteIfEx.key.proof 
134087     DEBUG main            d.u.i.k.p.i.AbstractProblemLoader Environment load took 95.4ns 
134088     INFO  main            d.u.i.k.p.i.AbstractProblemLoader Creating init config 
136241     DEBUG main            d.u.i.k.p.i.AbstractProblemLoader Init config took 2.15s 
136254     INFO  main            d.u.i.k.p.i.AbstractProblemLoader Replaying proof jbyteIfEx.key.proof 
136262     DEBUG main            d.u.i.k.p.i.IntermediateProofReplayer Proof replay took 6.51ms 
136263     DEBUG main            d.u.i.k.p.r.p.TestFile    ... success: reloaded. 
136264     INFO  main            d.u.i.k.p.r.p.TestFile    Now processing file /home/runner/work/key/key/key.core/../key.ui/examples/standard_key/prop_log/allClausesLength4.key 
136264     INFO  main            d.u.i.k.p.i.AbstractProblemLoader Loading environment from /home/runner/work/key/key/key.core/../key.ui/examples/standard_key/prop_log/allClausesLength4.key 
136264     DEBUG main            d.u.i.k.p.i.AbstractProblemLoader Environment load took 143.6ns 
136265     INFO  main            d.u.i.k.p.i.AbstractProblemLoader Creating init config 
138493     DEBUG main            d.u.i.k.p.i.AbstractProblemLoader Init config took 2.23s 
138505     INFO  main            d.u.i.k.p.i.AbstractProblemLoader Replaying proof allClausesLength4.key 
138506     DEBUG main            d.u.i.k.p.i.IntermediateProofReplayer Proof replay took 5.7ns 
138608     INFO  main            d.u.i.k.p.r.p.TestFile    ... finished proof: closed. 
138835     INFO  main            d.u.i.k.p.i.AbstractProblemLoader Loading environment from /home/runner/work/key/key/key.core/../key.ui/examples/standard_key/prop_log/allClausesLength4.key.proof 
138835     DEBUG main            d.u.i.k.p.i.AbstractProblemLoader Environment load took 96.3ns 
138836     INFO  main            d.u.i.k.p.i.AbstractProblemLoader Creating init config 
141027     DEBUG main            d.u.i.k.p.i.AbstractProblemLoader Init config took 2.19s 
141039     INFO  main            d.u.i.k.p.i.AbstractProblemLoader Replaying proof allClausesLength4.key.proof 
141051     DEBUG main            d.u.i.k.p.i.IntermediateProofReplayer Proof replay took 9.31ms 
141052     DEBUG main            d.u.i.k.p.r.p.TestFile    ... success: reloaded. 
141053     INFO  main            d.u.i.k.p.r.p.TestFile    Now processing file /home/runner/work/key/key/key.core/../key.ui/examples/standard_key/prop_log/allClausesLength5.key 
141053     INFO  main            d.u.i.k.p.i.AbstractProblemLoader Loading environment from /home/runner/work/key/key/key.core/../key.ui/examples/standard_key/prop_log/allClausesLength5.key 
141053     DEBUG main            d.u.i.k.p.i.AbstractProblemLoader Environment load took 80.3ns 
141054     INFO  main            d.u.i.k.p.i.AbstractProblemLoader Creating init config 
143242     DEBUG main            d.u.i.k.p.i.AbstractProblemLoader Init config took 2.19s 
143255     INFO  main            d.u.i.k.p.i.AbstractProblemLoader Replaying proof allClausesLength5.key 
143256     DEBUG main            d.u.i.k.p.i.IntermediateProofReplayer Proof replay took 6.1ns 
143460     INFO  main            d.u.i.k.p.r.p.TestFile    ... finished proof: closed. 
143708     INFO  main            d.u.i.k.p.i.AbstractProblemLoader Loading environment from /home/runner/work/key/key/key.core/../key.ui/examples/standard_key/prop_log/allClausesLength5.key.proof 
143708     DEBUG main            d.u.i.k.p.i.AbstractProblemLoader Environment load took 306.1ns 
143710     INFO  main            d.u.i.k.p.i.AbstractProblemLoader Creating init config 
145868     DEBUG main            d.u.i.k.p.i.AbstractProblemLoader Init config took 2.16s 
145884     INFO  main            d.u.i.k.p.i.AbstractProblemLoader Replaying proof allClausesLength5.key.proof 
145914     DEBUG main            d.u.i.k.p.i.IntermediateProofReplayer Proof replay took 25.69ms 
145915     DEBUG main            d.u.i.k.p.r.p.TestFile    ... success: reloaded. 
145916     INFO  main            d.u.i.k.p.r.p.TestFile    Now processing file /home/runner/work/key/key/key.core/../key.ui/examples/standard_key/prop_log/doubleNeg.key 
145916     INFO  main            d.u.i.k.p.i.AbstractProblemLoader Loading environment from /home/runner/work/key/key/key.core/../key.ui/examples/standard_key/prop_log/doubleNeg.key 
145916     DEBUG main            d.u.i.k.p.i.AbstractProblemLoader Environment load took 60.5ns 
145917     INFO  main            d.u.i.k.p.i.AbstractProblemLoader Creating init config 
148140     DEBUG main            d.u.i.k.p.i.AbstractProblemLoader Init config took 2.22s 
148153     INFO  main            d.u.i.k.p.i.AbstractProblemLoader Replaying proof doubleNeg.key 
148154     DEBUG main            d.u.i.k.p.i.IntermediateProofReplayer Proof replay took 7.3ns 
148255     INFO  main            d.u.i.k.p.r.p.TestFile    ... finished proof: closed. 
148498     INFO  main            d.u.i.k.p.i.AbstractProblemLoader Loading environment from /home/runner/work/key/key/key.core/../key.ui/examples/standard_key/prop_log/doubleNeg.key.proof 
148498     DEBUG main            d.u.i.k.p.i.AbstractProblemLoader Environment load took 86.7ns 
148499     INFO  main            d.u.i.k.p.i.AbstractProblemLoader Creating init config 
150655     DEBUG main            d.u.i.k.p.i.AbstractProblemLoader Init config took 2.16s 
150667     INFO  main            d.u.i.k.p.i.AbstractProblemLoader Replaying proof doubleNeg.key.proof 
150669     DEBUG main            d.u.i.k.p.i.IntermediateProofReplayer Proof replay took 419.6ns 
150670     DEBUG main            d.u.i.k.p.r.p.TestFile    ... success: reloaded. 
150670     INFO  main            d.u.i.k.p.r.p.TestFile    Now processing file /home/runner/work/key/key/key.core/../key.ui/examples/standard_key/prop_log/liarsville.key 
150671     INFO  main            d.u.i.k.p.i.AbstractProblemLoader Loading environment from /home/runner/work/key/key/key.core/../key.ui/examples/standard_key/prop_log/liarsville.key 
150671     DEBUG main            d.u.i.k.p.i.AbstractProblemLoader Environment load took 142.2ns 
150672     INFO  main            d.u.i.k.p.i.AbstractProblemLoader Creating init config 
152872     DEBUG main            d.u.i.k.p.i.AbstractProblemLoader Init config took 2.2s 
152886     INFO  main            d.u.i.k.p.i.AbstractProblemLoader Replaying proof liarsville.key 
152887     DEBUG main            d.u.i.k.p.i.IntermediateProofReplayer Proof replay took 6ns 
152988     INFO  main            d.u.i.k.p.r.p.TestFile    ... finished proof: closed. 
153227     INFO  main            d.u.i.k.p.i.AbstractProblemLoader Loading environment from /home/runner/work/key/key/key.core/../key.ui/examples/standard_key/prop_log/liarsville.key.proof 
153227     DEBUG main            d.u.i.k.p.i.AbstractProblemLoader Environment load took 86.7ns 
153228     INFO  main            d.u.i.k.p.i.AbstractProblemLoader Creating init config 
155416     DEBUG main            d.u.i.k.p.i.AbstractProblemLoader Init config took 2.19s 
155428     INFO  main            d.u.i.k.p.i.AbstractProblemLoader Replaying proof liarsville.key.proof 
155430     DEBUG main            d.u.i.k.p.i.IntermediateProofReplayer Proof replay took 981.7ns 
155431     DEBUG main            d.u.i.k.p.r.p.TestFile    ... success: reloaded. 
155431     INFO  main            d.u.i.k.p.r.p.TestFile    Now processing file /home/runner/work/key/key/key.core/../key.ui/examples/standard_key/prop_log/simplest.key 
155431     INFO  main            d.u.i.k.p.i.AbstractProblemLoader Loading environment from /home/runner/work/key/key/key.core/../key.ui/examples/standard_key/prop_log/simplest.key 
155432     DEBUG main            d.u.i.k.p.i.AbstractProblemLoader Environment load took 69.4ns 
155432     INFO  main            d.u.i.k.p.i.AbstractProblemLoader Creating init config 
157671     DEBUG main            d.u.i.k.p.i.AbstractProblemLoader Init config took 2.24s 
157683     INFO  main            d.u.i.k.p.i.AbstractProblemLoader Replaying proof simplest.key 
157684     DEBUG main            d.u.i.k.p.i.IntermediateProofReplayer Proof replay took 6.2ns 
157786     INFO  main            d.u.i.k.p.r.p.TestFile    ... finished proof: closed. 
158029     INFO  main            d.u.i.k.p.i.AbstractProblemLoader Loading environment from /home/runner/work/key/key/key.core/../key.ui/examples/standard_key/prop_log/simplest.key.proof 
158029     DEBUG main            d.u.i.k.p.i.AbstractProblemLoader Environment load took 89ns 
158030     INFO  main            d.u.i.k.p.i.AbstractProblemLoader Creating init config 
160181     DEBUG main            d.u.i.k.p.i.AbstractProblemLoader Init config took 2.15s 
160193     INFO  main            d.u.i.k.p.i.AbstractProblemLoader Replaying proof simplest.key.proof 
160194     DEBUG main            d.u.i.k.p.i.IntermediateProofReplayer Proof replay took 74.2ns 
160194     DEBUG main            d.u.i.k.p.r.p.TestFile    ... success: reloaded. 
160195     INFO  main            d.u.i.k.p.r.p.TestFile    Now processing file /home/runner/work/key/key/key.core/../key.ui/examples/standard_key/prop_log/contraposition.key 
160195     INFO  main            d.u.i.k.p.i.AbstractProblemLoader Loading environment from /home/runner/work/key/key/key.core/../key.ui/examples/standard_key/prop_log/contraposition.key 
160195     DEBUG main            d.u.i.k.p.i.AbstractProblemLoader Environment load took 54.6ns 
160196     INFO  main            d.u.i.k.p.i.AbstractProblemLoader Creating init config 
162406     DEBUG main            d.u.i.k.p.i.AbstractProblemLoader Init config took 2.21s 
162417     INFO  main            d.u.i.k.p.i.AbstractProblemLoader Replaying proof contraposition.key 
162418     DEBUG main            d.u.i.k.p.i.IntermediateProofReplayer Proof replay took 6.3ns 
162520     INFO  main            d.u.i.k.p.r.p.TestFile    ... finished proof: closed. 
162773     INFO  main            d.u.i.k.p.i.AbstractProblemLoader Loading environment from /home/runner/work/key/key/key.core/../key.ui/examples/standard_key/prop_log/contraposition.key.proof 
162773     DEBUG main            d.u.i.k.p.i.AbstractProblemLoader Environment load took 82.1ns 
162774     INFO  main            d.u.i.k.p.i.AbstractProblemLoader Creating init config 
164922     DEBUG main            d.u.i.k.p.i.AbstractProblemLoader Init config took 2.15s 
164934     INFO  main            d.u.i.k.p.i.AbstractProblemLoader Replaying proof contraposition.key.proof 
164936     DEBUG main            d.u.i.k.p.i.IntermediateProofReplayer Proof replay took 383.1ns 
164937     DEBUG main            d.u.i.k.p.r.p.TestFile    ... success: reloaded. 
164937     INFO  main            d.u.i.k.p.r.p.TestFile    Now processing file /home/runner/work/key/key/key.core/../key.ui/examples/standard_key/quantifiers/elimination0.key 
164937     INFO  main            d.u.i.k.p.i.AbstractProblemLoader Loading environment from /home/runner/work/key/key/key.core/../key.ui/examples/standard_key/quantifiers/elimination0.key 
164937     DEBUG main            d.u.i.k.p.i.AbstractProblemLoader Environment load took 45.4ns 
164938     INFO  main            d.u.i.k.p.i.AbstractProblemLoader Creating init config 
167133     DEBUG main            d.u.i.k.p.i.AbstractProblemLoader Init config took 2.2s 
167146     INFO  main            d.u.i.k.p.i.AbstractProblemLoader Replaying proof elimination0.key 
167147     DEBUG main            d.u.i.k.p.i.IntermediateProofReplayer Proof replay took 6.3ns 
167251     INFO  main            d.u.i.k.p.r.p.TestFile    ... finished proof: closed. 
167509     INFO  main            d.u.i.k.p.i.AbstractProblemLoader Loading environment from /home/runner/work/key/key/key.core/../key.ui/examples/standard_key/quantifiers/elimination0.key.proof 
167509     DEBUG main            d.u.i.k.p.i.AbstractProblemLoader Environment load took 81ns 
167510     INFO  main            d.u.i.k.p.i.AbstractProblemLoader Creating init config 
169660     DEBUG main            d.u.i.k.p.i.AbstractProblemLoader Init config took 2.15s 
169672     INFO  main            d.u.i.k.p.i.AbstractProblemLoader Replaying proof elimination0.key.proof 
169674     DEBUG main            d.u.i.k.p.i.IntermediateProofReplayer Proof replay took 989.7ns 
169675     DEBUG main            d.u.i.k.p.r.p.TestFile    ... success: reloaded. 
169675     INFO  main            d.u.i.k.p.r.p.TestFile    Now processing file /home/runner/work/key/key/key.core/../key.ui/examples/standard_key/quantifiers/heuristic_PUZ001p1-eq.key 
169676     INFO  main            d.u.i.k.p.i.AbstractProblemLoader Loading environment from /home/runner/work/key/key/key.core/../key.ui/examples/standard_key/quantifiers/heuristic_PUZ001p1-eq.key 
169676     DEBUG main            d.u.i.k.p.i.AbstractProblemLoader Environment load took 48.4ns 
169677     INFO  main            d.u.i.k.p.i.AbstractProblemLoader Creating init config 
171873     DEBUG main            d.u.i.k.p.i.AbstractProblemLoader Init config took 2.2s 
171886     INFO  main            d.u.i.k.p.i.AbstractProblemLoader Replaying proof heuristic_PUZ001p1-eq.key 
171887     DEBUG main            d.u.i.k.p.i.IntermediateProofReplayer Proof replay took 6.3ns 
171991     INFO  main            d.u.i.k.p.r.p.TestFile    ... finished proof: closed. 
172256     INFO  main            d.u.i.k.p.i.AbstractProblemLoader Loading environment from /home/runner/work/key/key/key.core/../key.ui/examples/standard_key/quantifiers/heuristic_PUZ001p1-eq.key.proof 
172256     DEBUG main            d.u.i.k.p.i.AbstractProblemLoader Environment load took 88.8ns 
172257     INFO  main            d.u.i.k.p.i.AbstractProblemLoader Creating init config 
174427     DEBUG main            d.u.i.k.p.i.AbstractProblemLoader Init config took 2.17s 
174439     INFO  main            d.u.i.k.p.i.AbstractProblemLoader Replaying proof heuristic_PUZ001p1-eq.key.proof 
174450     DEBUG main            d.u.i.k.p.i.IntermediateProofReplayer Proof replay took 8.88ms 
174451     DEBUG main            d.u.i.k.p.r.p.TestFile    ... success: reloaded. 
174452     INFO  main            d.u.i.k.p.r.p.TestFile    Now processing file /home/runner/work/key/key/key.core/../key.ui/examples/standard_key/quantifiers/heuristic_PUZ001p1.key 
174452     INFO  main            d.u.i.k.p.i.AbstractProblemLoader Loading environment from /home/runner/work/key/key/key.core/../key.ui/examples/standard_key/quantifiers/heuristic_PUZ001p1.key 
174452     DEBUG main            d.u.i.k.p.i.AbstractProblemLoader Environment load took 71.2ns 
174453     INFO  main            d.u.i.k.p.i.AbstractProblemLoader Creating init config 
176670     DEBUG main            d.u.i.k.p.i.AbstractProblemLoader Init config took 2.22s 
176684     INFO  main            d.u.i.k.p.i.AbstractProblemLoader Replaying proof heuristic_PUZ001p1.key 
176685     DEBUG main            d.u.i.k.p.i.IntermediateProofReplayer Proof replay took 6.6ns 
177990     INFO  main            d.u.i.k.p.r.p.TestFile    ... finished proof: closed. 
178272     INFO  main            d.u.i.k.p.i.AbstractProblemLoader Loading environment from /home/runner/work/key/key/key.core/../key.ui/examples/standard_key/quantifiers/heuristic_PUZ001p1.key.proof 
178275     DEBUG main            d.u.i.k.p.i.AbstractProblemLoader Environment load took 3.28ms 
178277     INFO  main            d.u.i.k.p.i.AbstractProblemLoader Creating init config 
180458     DEBUG main            d.u.i.k.p.i.AbstractProblemLoader Init config took 2.18s 
180472     INFO  main            d.u.i.k.p.i.AbstractProblemLoader Replaying proof heuristic_PUZ001p1.key.proof 
180512     DEBUG main            d.u.i.k.p.i.IntermediateProofReplayer Proof replay took 35.44ms 
180513     DEBUG main            d.u.i.k.p.r.p.TestFile    ... success: reloaded. 
180514     INFO  main            d.u.i.k.p.r.p.TestFile    Now processing file /home/runner/work/key/key/key.core/../key.ui/examples/standard_key/quantifiers/heuristic_PUZ031p1.key 
180514     INFO  main            d.u.i.k.p.i.AbstractProblemLoader Loading environment from /home/runner/work/key/key/key.core/../key.ui/examples/standard_key/quantifiers/heuristic_PUZ031p1.key 
180514     DEBUG main            d.u.i.k.p.i.AbstractProblemLoader Environment load took 146.5ns 
180516     INFO  main            d.u.i.k.p.i.AbstractProblemLoader Creating init config 
182694     DEBUG main            d.u.i.k.p.i.AbstractProblemLoader Init config took 2.18s 
182707     INFO  main            d.u.i.k.p.i.AbstractProblemLoader Replaying proof heuristic_PUZ031p1.key 
182709     DEBUG main            d.u.i.k.p.i.IntermediateProofReplayer Proof replay took 6.1ns 
187215     INFO  main            d.u.i.k.p.r.p.TestFile    ... finished proof: closed. 
187523     INFO  main            d.u.i.k.p.i.AbstractProblemLoader Loading environment from /home/runner/work/key/key/key.core/../key.ui/examples/standard_key/quantifiers/heuristic_PUZ031p1.key.proof 
187524     DEBUG main            d.u.i.k.p.i.AbstractProblemLoader Environment load took 414.2ns 
187525     INFO  main            d.u.i.k.p.i.AbstractProblemLoader Creating init config 
189667     DEBUG main            d.u.i.k.p.i.AbstractProblemLoader Init config took 2.14s 
189682     INFO  main            d.u.i.k.p.i.AbstractProblemLoader Replaying proof heuristic_PUZ031p1.key.proof 
189740     DEBUG main            d.u.i.k.p.i.IntermediateProofReplayer Proof replay took 53.88ms 
189741     DEBUG main            d.u.i.k.p.r.p.TestFile    ... success: reloaded. 
189742     INFO  main            d.u.i.k.p.r.p.TestFile    Now processing file /home/runner/work/key/key/key.core/../key.ui/examples/standard_key/quantifiers/heuristic_SYN036p2.key 
189742     INFO  main            d.u.i.k.p.i.AbstractProblemLoader Loading environment from /home/runner/work/key/key/key.core/../key.ui/examples/standard_key/quantifiers/heuristic_SYN036p2.key 
189742     DEBUG main            d.u.i.k.p.i.AbstractProblemLoader Environment load took 145.6ns 
189743     INFO  main            d.u.i.k.p.i.AbstractProblemLoader Creating init config 
191934     DEBUG main            d.u.i.k.p.i.AbstractProblemLoader Init config took 2.19s 
191946     INFO  main            d.u.i.k.p.i.AbstractProblemLoader Replaying proof heuristic_SYN036p2.key 
191947     DEBUG main            d.u.i.k.p.i.IntermediateProofReplayer Proof replay took 6.4ns 
192153     INFO  main            d.u.i.k.p.r.p.TestFile    ... finished proof: closed. 
192481     INFO  main            d.u.i.k.p.i.AbstractProblemLoader Loading environment from /home/runner/work/key/key/key.core/../key.ui/examples/standard_key/quantifiers/heuristic_SYN036p2.key.proof 
192481     DEBUG main            d.u.i.k.p.i.AbstractProblemLoader Environment load took 93.1ns 
192482     INFO  main            d.u.i.k.p.i.AbstractProblemLoader Creating init config 
194625     DEBUG main            d.u.i.k.p.i.AbstractProblemLoader Init config took 2.14s 
194637     INFO  main            d.u.i.k.p.i.AbstractProblemLoader Replaying proof heuristic_SYN036p2.key.proof 
194686     DEBUG main            d.u.i.k.p.i.IntermediateProofReplayer Proof replay took 41.68ms 
194687     DEBUG main            d.u.i.k.p.r.p.TestFile    ... success: reloaded. 
194687     INFO  main            d.u.i.k.p.r.p.TestFile    Now processing file /home/runner/work/key/key/key.core/../key.ui/examples/standard_key/quantifiers/injectivity.key 
194687     INFO  main            d.u.i.k.p.i.AbstractProblemLoader Loading environment from /home/runner/work/key/key/key.core/../key.ui/examples/standard_key/quantifiers/injectivity.key 
194687     DEBUG main            d.u.i.k.p.i.AbstractProblemLoader Environment load took 47.7ns 
194688     INFO  main            d.u.i.k.p.i.AbstractProblemLoader Creating init config 
196871     DEBUG main            d.u.i.k.p.i.AbstractProblemLoader Init config took 2.18s 
196883     INFO  main            d.u.i.k.p.i.AbstractProblemLoader Replaying proof injectivity.key 
196884     DEBUG main            d.u.i.k.p.i.IntermediateProofReplayer Proof replay took 6ns 
196986     INFO  main            d.u.i.k.p.r.p.TestFile    ... finished proof: closed. 
197276     INFO  main            d.u.i.k.p.i.AbstractProblemLoader Loading environment from /home/runner/work/key/key/key.core/../key.ui/examples/standard_key/quantifiers/injectivity.key.proof 
197276     DEBUG main            d.u.i.k.p.i.AbstractProblemLoader Environment load took 82ns 
197277     INFO  main            d.u.i.k.p.i.AbstractProblemLoader Creating init config 
199407     DEBUG main            d.u.i.k.p.i.AbstractProblemLoader Init config took 2.13s 
199419     INFO  main            d.u.i.k.p.i.AbstractProblemLoader Replaying proof injectivity.key.proof 
199422     DEBUG main            d.u.i.k.p.i.IntermediateProofReplayer Proof replay took 1.43ms 
199422     DEBUG main            d.u.i.k.p.r.p.TestFile    ... success: reloaded. 
199423     INFO  main            d.u.i.k.p.r.p.TestFile    Now processing file /home/runner/work/key/key/key.core/../key.ui/examples/standard_key/quantifiers/normalisation0.key 
199423     INFO  main            d.u.i.k.p.i.AbstractProblemLoader Loading environment from /home/runner/work/key/key/key.core/../key.ui/examples/standard_key/quantifiers/normalisation0.key 
199423     DEBUG main            d.u.i.k.p.i.AbstractProblemLoader Environment load took 72.1ns 
199424     INFO  main            d.u.i.k.p.i.AbstractProblemLoader Creating init config 
201596     DEBUG main            d.u.i.k.p.i.AbstractProblemLoader Init config took 2.17s 
201608     INFO  main            d.u.i.k.p.i.AbstractProblemLoader Replaying proof normalisation0.key 
201609     DEBUG main            d.u.i.k.p.i.IntermediateProofReplayer Proof replay took 5.9ns 
201710     INFO  main            d.u.i.k.p.r.p.TestFile    ... finished proof: closed. 
202001     INFO  main            d.u.i.k.p.i.AbstractProblemLoader Loading environment from /home/runner/work/key/key/key.core/../key.ui/examples/standard_key/quantifiers/normalisation0.key.proof 
202001     DEBUG main            d.u.i.k.p.i.AbstractProblemLoader Environment load took 80.7ns 
202002     INFO  main            d.u.i.k.p.i.AbstractProblemLoader Creating init config 
204140     DEBUG main            d.u.i.k.p.i.AbstractProblemLoader Init config took 2.14s 
204153     INFO  main            d.u.i.k.p.i.AbstractProblemLoader Replaying proof normalisation0.key.proof 
204156     DEBUG main            d.u.i.k.p.i.IntermediateProofReplayer Proof replay took 1.79ms 
204156     DEBUG main            d.u.i.k.p.r.p.TestFile    ... success: reloaded. 
204157     INFO  main            d.u.i.k.p.r.p.TestFile    Now processing file /home/runner/work/key/key/key.core/../key.ui/examples/standard_key/quantifiers/normalisation1.key 
204157     INFO  main            d.u.i.k.p.i.AbstractProblemLoader Loading environment from /home/runner/work/key/key/key.core/../key.ui/examples/standard_key/quantifiers/normalisation1.key 
204157     DEBUG main            d.u.i.k.p.i.AbstractProblemLoader Environment load took 45.6ns 
204158     INFO  main            d.u.i.k.p.i.AbstractProblemLoader Creating init config 
206327     DEBUG main            d.u.i.k.p.i.AbstractProblemLoader Init config took 2.17s 
206341     INFO  main            d.u.i.k.p.i.AbstractProblemLoader Replaying proof normalisation1.key 
206342     DEBUG main            d.u.i.k.p.i.IntermediateProofReplayer Proof replay took 6ns 
206447     INFO  main            d.u.i.k.p.r.p.TestFile    ... finished proof: closed. 
206739     INFO  main            d.u.i.k.p.i.AbstractProblemLoader Loading environment from /home/runner/work/key/key/key.core/../key.ui/examples/standard_key/quantifiers/normalisation1.key.proof 
206739     DEBUG main            d.u.i.k.p.i.AbstractProblemLoader Environment load took 82.1ns 
206740     INFO  main            d.u.i.k.p.i.AbstractProblemLoader Creating init config 
208892     DEBUG main            d.u.i.k.p.i.AbstractProblemLoader Init config took 2.15s 
208905     INFO  main            d.u.i.k.p.i.AbstractProblemLoader Replaying proof normalisation1.key.proof 
208918     DEBUG main            d.u.i.k.p.i.IntermediateProofReplayer Proof replay took 2.7ms 
208918     DEBUG main            d.u.i.k.p.r.p.TestFile    ... success: reloaded. 
208919     INFO  main            d.u.i.k.p.r.p.TestFile    Now processing file /home/runner/work/key/key/key.core/../key.ui/examples/standard_key/quantifiers/normalisation2.key 
208919     INFO  main            d.u.i.k.p.i.AbstractProblemLoader Loading environment from /home/runner/work/key/key/key.core/../key.ui/examples/standard_key/quantifiers/normalisation2.key 
208919     DEBUG main            d.u.i.k.p.i.AbstractProblemLoader Environment load took 68ns 
208920     INFO  main            d.u.i.k.p.i.AbstractProblemLoader Creating init config 
211102     DEBUG main            d.u.i.k.p.i.AbstractProblemLoader Init config took 2.18s 
211114     INFO  main            d.u.i.k.p.i.AbstractProblemLoader Replaying proof normalisation2.key 
211115     DEBUG main            d.u.i.k.p.i.IntermediateProofReplayer Proof replay took 6.7ns 
211216     INFO  main            d.u.i.k.p.r.p.TestFile    ... finished proof: closed. 
211546     INFO  main            d.u.i.k.p.i.AbstractProblemLoader Loading environment from /home/runner/work/key/key/key.core/../key.ui/examples/standard_key/quantifiers/normalisation2.key.proof 
211546     DEBUG main            d.u.i.k.p.i.AbstractProblemLoader Environment load took 80.4ns 
211547     INFO  main            d.u.i.k.p.i.AbstractProblemLoader Creating init config 
213705     DEBUG main            d.u.i.k.p.i.AbstractProblemLoader Init config took 2.16s 
213717     INFO  main            d.u.i.k.p.i.AbstractProblemLoader Replaying proof normalisation2.key.proof 
213720     DEBUG main            d.u.i.k.p.i.IntermediateProofReplayer Proof replay took 2.13ms 
213721     DEBUG main            d.u.i.k.p.r.p.TestFile    ... success: reloaded. 
213721     INFO  main            d.u.i.k.p.r.p.TestFile    Now processing file /home/runner/work/key/key/key.core/../key.ui/examples/standard_key/quantifiers/normalisation3.key 
213722     INFO  main            d.u.i.k.p.i.AbstractProblemLoader Loading environment from /home/runner/work/key/key/key.core/../key.ui/examples/standard_key/quantifiers/normalisation3.key 
213722     DEBUG main            d.u.i.k.p.i.AbstractProblemLoader Environment load took 74.9ns 
213722     INFO  main            d.u.i.k.p.i.AbstractProblemLoader Creating init config 
215904     DEBUG main            d.u.i.k.p.i.AbstractProblemLoader Init config took 2.18s 
215916     INFO  main            d.u.i.k.p.i.AbstractProblemLoader Replaying proof normalisation3.key 
215917     DEBUG main            d.u.i.k.p.i.IntermediateProofReplayer Proof replay took 6.5ns 
216018     INFO  main            d.u.i.k.p.r.p.TestFile    ... finished proof: closed. 
216379     INFO  main            d.u.i.k.p.i.AbstractProblemLoader Loading environment from /home/runner/work/key/key/key.core/../key.ui/examples/standard_key/quantifiers/normalisation3.key.proof 
216379     DEBUG main            d.u.i.k.p.i.AbstractProblemLoader Environment load took 82.1ns 
216380     INFO  main            d.u.i.k.p.i.AbstractProblemLoader Creating init config 
218519     DEBUG main            d.u.i.k.p.i.AbstractProblemLoader Init config took 2.14s 
218532     INFO  main            d.u.i.k.p.i.AbstractProblemLoader Replaying proof normalisation3.key.proof 
218535     DEBUG main            d.u.i.k.p.i.IntermediateProofReplayer Proof replay took 2.06ms 
218536     DEBUG main            d.u.i.k.p.r.p.TestFile    ... success: reloaded. 
218536     INFO  main            d.u.i.k.p.r.p.TestFile    Now processing file /home/runner/work/key/key/key.core/../key.ui/examples/standard_key/quantifiers/normalisation4.key 
218537     INFO  main            d.u.i.k.p.i.AbstractProblemLoader Loading environment from /home/runner/work/key/key/key.core/../key.ui/examples/standard_key/quantifiers/normalisation4.key 
218537     DEBUG main            d.u.i.k.p.i.AbstractProblemLoader Environment load took 59.5ns 
218537     INFO  main            d.u.i.k.p.i.AbstractProblemLoader Creating init config 
220724     DEBUG main            d.u.i.k.p.i.AbstractProblemLoader Init config took 2.19s 
220737     INFO  main            d.u.i.k.p.i.AbstractProblemLoader Replaying proof normalisation4.key 
220738     DEBUG main            d.u.i.k.p.i.IntermediateProofReplayer Proof replay took 6.8ns 
220840     INFO  main            d.u.i.k.p.r.p.TestFile    ... finished proof: closed. 
221154     INFO  main            d.u.i.k.p.i.AbstractProblemLoader Loading environment from /home/runner/work/key/key/key.core/../key.ui/examples/standard_key/quantifiers/normalisation4.key.proof 
221154     DEBUG main            d.u.i.k.p.i.AbstractProblemLoader Environment load took 85.1ns 
221155     INFO  main            d.u.i.k.p.i.AbstractProblemLoader Creating init config 
223306     DEBUG main            d.u.i.k.p.i.AbstractProblemLoader Init config took 2.15s 
223320     INFO  main            d.u.i.k.p.i.AbstractProblemLoader Replaying proof normalisation4.key.proof 
223325     DEBUG main            d.u.i.k.p.i.IntermediateProofReplayer Proof replay took 4.08ms 
223326     DEBUG main            d.u.i.k.p.r.p.TestFile    ... success: reloaded. 
223327     INFO  main            d.u.i.k.p.r.p.TestFile    Now processing file /home/runner/work/key/key/key.core/../key.ui/examples/standard_key/quantifiers/normalisation5.key 
223327     INFO  main            d.u.i.k.p.i.AbstractProblemLoader Loading environment from /home/runner/work/key/key/key.core/../key.ui/examples/standard_key/quantifiers/normalisation5.key 
223327     DEBUG main            d.u.i.k.p.i.AbstractProblemLoader Environment load took 90.6ns 
223328     INFO  main            d.u.i.k.p.i.AbstractProblemLoader Creating init config 
225514     DEBUG main            d.u.i.k.p.i.AbstractProblemLoader Init config took 2.19s 
225526     INFO  main            d.u.i.k.p.i.AbstractProblemLoader Replaying proof normalisation5.key 
225527     DEBUG main            d.u.i.k.p.i.IntermediateProofReplayer Proof replay took 5.8ns 
225629     INFO  main            d.u.i.k.p.r.p.TestFile    ... finished proof: closed. 
225951     INFO  main            d.u.i.k.p.i.AbstractProblemLoader Loading environment from /home/runner/work/key/key/key.core/../key.ui/examples/standard_key/quantifiers/normalisation5.key.proof 
225951     DEBUG main            d.u.i.k.p.i.AbstractProblemLoader Environment load took 86.3ns 
225952     INFO  main            d.u.i.k.p.i.AbstractProblemLoader Creating init config 
228099     DEBUG main            d.u.i.k.p.i.AbstractProblemLoader Init config took 2.15s 
228111     INFO  main            d.u.i.k.p.i.AbstractProblemLoader Replaying proof normalisation5.key.proof 
228115     DEBUG main            d.u.i.k.p.i.IntermediateProofReplayer Proof replay took 3.05ms 
228116     DEBUG main            d.u.i.k.p.r.p.TestFile    ... success: reloaded. 
228116     INFO  main            d.u.i.k.p.r.p.TestFile    Now processing file /home/runner/work/key/key/key.core/../key.ui/examples/standard_key/quantifiers/normalisation6.key 
228117     INFO  main            d.u.i.k.p.i.AbstractProblemLoader Loading environment from /home/runner/work/key/key/key.core/../key.ui/examples/standard_key/quantifiers/normalisation6.key 
228117     DEBUG main            d.u.i.k.p.i.AbstractProblemLoader Environment load took 215.8ns 
228118     INFO  main            d.u.i.k.p.i.AbstractProblemLoader Creating init config 
230293     DEBUG main            d.u.i.k.p.i.AbstractProblemLoader Init config took 2.18s 
230305     INFO  main            d.u.i.k.p.i.AbstractProblemLoader Replaying proof normalisation6.key 
230306     DEBUG main            d.u.i.k.p.i.IntermediateProofReplayer Proof replay took 6.9ns 
230408     INFO  main            d.u.i.k.p.r.p.TestFile    ... finished proof: closed. 
230724     INFO  main            d.u.i.k.p.i.AbstractProblemLoader Loading environment from /home/runner/work/key/key/key.core/../key.ui/examples/standard_key/quantifiers/normalisation6.key.proof 
230724     DEBUG main            d.u.i.k.p.i.AbstractProblemLoader Environment load took 74.6ns 
230725     INFO  main            d.u.i.k.p.i.AbstractProblemLoader Creating init config 
232870     DEBUG main            d.u.i.k.p.i.AbstractProblemLoader Init config took 2.14s 
232882     INFO  main            d.u.i.k.p.i.AbstractProblemLoader Replaying proof normalisation6.key.proof 
232885     DEBUG main            d.u.i.k.p.i.IntermediateProofReplayer Proof replay took 1.9ms 
232886     DEBUG main            d.u.i.k.p.r.p.TestFile    ... success: reloaded. 
232886     INFO  main            d.u.i.k.p.r.p.TestFile    Now processing file /home/runner/work/key/key/key.core/../key.ui/examples/standard_key/quantifiers/normalisation7.key 
232886     INFO  main            d.u.i.k.p.i.AbstractProblemLoader Loading environment from /home/runner/work/key/key/key.core/../key.ui/examples/standard_key/quantifiers/normalisation7.key 
232886     DEBUG main            d.u.i.k.p.i.AbstractProblemLoader Environment load took 53.3ns 
232887     INFO  main            d.u.i.k.p.i.AbstractProblemLoader Creating init config 
235064     DEBUG main            d.u.i.k.p.i.AbstractProblemLoader Init config took 2.18s 
235077     INFO  main            d.u.i.k.p.i.AbstractProblemLoader Replaying proof normalisation7.key 
235078     DEBUG main            d.u.i.k.p.i.IntermediateProofReplayer Proof replay took 7.5ns 
235179     INFO  main            d.u.i.k.p.r.p.TestFile    ... finished proof: closed. 
235507     INFO  main            d.u.i.k.p.i.AbstractProblemLoader Loading environment from /home/runner/work/key/key/key.core/../key.ui/examples/standard_key/quantifiers/normalisation7.key.proof 
235507     DEBUG main            d.u.i.k.p.i.AbstractProblemLoader Environment load took 92ns 
235508     INFO  main            d.u.i.k.p.i.AbstractProblemLoader Creating init config 
237662     DEBUG main            d.u.i.k.p.i.AbstractProblemLoader Init config took 2.15s 
237675     INFO  main            d.u.i.k.p.i.AbstractProblemLoader Replaying proof normalisation7.key.proof 
237678     DEBUG main            d.u.i.k.p.i.IntermediateProofReplayer Proof replay took 1.66ms 
237678     DEBUG main            d.u.i.k.p.r.p.TestFile    ... success: reloaded. 
237679     INFO  main            d.u.i.k.p.r.p.TestFile    Now processing file /home/runner/work/key/key/key.core/../key.ui/examples/standard_key/quantifiers/normalisation8.key 
237679     INFO  main            d.u.i.k.p.i.AbstractProblemLoader Loading environment from /home/runner/work/key/key/key.core/../key.ui/examples/standard_key/quantifiers/normalisation8.key 
237679     DEBUG main            d.u.i.k.p.i.AbstractProblemLoader Environment load took 65.5ns 
237680     INFO  main            d.u.i.k.p.i.AbstractProblemLoader Creating init config 
239855     DEBUG main            d.u.i.k.p.i.AbstractProblemLoader Init config took 2.18s 
239868     INFO  main            d.u.i.k.p.i.AbstractProblemLoader Replaying proof normalisation8.key 
239869     DEBUG main            d.u.i.k.p.i.IntermediateProofReplayer Proof replay took 6.7ns 
239971     INFO  main            d.u.i.k.p.r.p.TestFile    ... finished proof: closed. 
240298     INFO  main            d.u.i.k.p.i.AbstractProblemLoader Loading environment from /home/runner/work/key/key/key.core/../key.ui/examples/standard_key/quantifiers/normalisation8.key.proof 
240298     DEBUG main            d.u.i.k.p.i.AbstractProblemLoader Environment load took 76.3ns 
240299     INFO  main            d.u.i.k.p.i.AbstractProblemLoader Creating init config 
242443     DEBUG main            d.u.i.k.p.i.AbstractProblemLoader Init config took 2.14s 
242455     INFO  main            d.u.i.k.p.i.AbstractProblemLoader Replaying proof normalisation8.key.proof 
242461     DEBUG main            d.u.i.k.p.i.IntermediateProofReplayer Proof replay took 4.22ms 
242462     DEBUG main            d.u.i.k.p.r.p.TestFile    ... success: reloaded. 
242462     INFO  main            d.u.i.k.p.r.p.TestFile    Now processing file /home/runner/work/key/key/key.core/../key.ui/examples/standard_key/quantifiers/normalisation9.key 
242462     INFO  main            d.u.i.k.p.i.AbstractProblemLoader Loading environment from /home/runner/work/key/key/key.core/../key.ui/examples/standard_key/quantifiers/normalisation9.key 
242462     DEBUG main            d.u.i.k.p.i.AbstractProblemLoader Environment load took 52.8ns 
242463     INFO  main            d.u.i.k.p.i.AbstractProblemLoader Creating init config 
244634     DEBUG main            d.u.i.k.p.i.AbstractProblemLoader Init config took 2.17s 
244647     INFO  main            d.u.i.k.p.i.AbstractProblemLoader Replaying proof normalisation9.key 
244648     DEBUG main            d.u.i.k.p.i.IntermediateProofReplayer Proof replay took 7.3ns 
244750     INFO  main            d.u.i.k.p.r.p.TestFile    ... finished proof: closed. 
245091     INFO  main            d.u.i.k.p.i.AbstractProblemLoader Loading environment from /home/runner/work/key/key/key.core/../key.ui/examples/standard_key/quantifiers/normalisation9.key.proof 
245091     DEBUG main            d.u.i.k.p.i.AbstractProblemLoader Environment load took 75.1ns 
245092     INFO  main            d.u.i.k.p.i.AbstractProblemLoader Creating init config 
247240     DEBUG main            d.u.i.k.p.i.AbstractProblemLoader Init config took 2.15s 
247253     INFO  main            d.u.i.k.p.i.AbstractProblemLoader Replaying proof normalisation9.key.proof 
247259     DEBUG main            d.u.i.k.p.i.IntermediateProofReplayer Proof replay took 5.44ms 
247260     DEBUG main            d.u.i.k.p.r.p.TestFile    ... success: reloaded. 
247261     INFO  main            d.u.i.k.p.r.p.TestFile    Now processing file /home/runner/work/key/key/key.core/../key.ui/examples/standard_key/quantifiers/normalisation10.key 
247261     INFO  main            d.u.i.k.p.i.AbstractProblemLoader Loading environment from /home/runner/work/key/key/key.core/../key.ui/examples/standard_key/quantifiers/normalisation10.key 
247261     DEBUG main            d.u.i.k.p.i.AbstractProblemLoader Environment load took 43.1ns 
247262     INFO  main            d.u.i.k.p.i.AbstractProblemLoader Creating init config 
249456     DEBUG main            d.u.i.k.p.i.AbstractProblemLoader Init config took 2.19s 
249468     INFO  main            d.u.i.k.p.i.AbstractProblemLoader Replaying proof normalisation10.key 
249469     DEBUG main            d.u.i.k.p.i.IntermediateProofReplayer Proof replay took 7.2ns 
249571     INFO  main            d.u.i.k.p.r.p.TestFile    ... finished proof: closed. 
249916     INFO  main            d.u.i.k.p.i.AbstractProblemLoader Loading environment from /home/runner/work/key/key/key.core/../key.ui/examples/standard_key/quantifiers/normalisation10.key.proof 
249916     DEBUG main            d.u.i.k.p.i.AbstractProblemLoader Environment load took 75.5ns 
249917     INFO  main            d.u.i.k.p.i.AbstractProblemLoader Creating init config 
252080     DEBUG main            d.u.i.k.p.i.AbstractProblemLoader Init config took 2.16s 
252093     INFO  main            d.u.i.k.p.i.AbstractProblemLoader Replaying proof normalisation10.key.proof 
252098     DEBUG main            d.u.i.k.p.i.IntermediateProofReplayer Proof replay took 4.02ms 
252099     DEBUG main            d.u.i.k.p.r.p.TestFile    ... success: reloaded. 
252100     INFO  main            d.u.i.k.p.r.p.TestFile    Now processing file /home/runner/work/key/key/key.core/../key.ui/examples/standard_key/quantifiers/normalisation12.key 
252100     INFO  main            d.u.i.k.p.i.AbstractProblemLoader Loading environment from /home/runner/work/key/key/key.core/../key.ui/examples/standard_key/quantifiers/normalisation12.key 
252100     DEBUG main            d.u.i.k.p.i.AbstractProblemLoader Environment load took 88.4ns 
252101     INFO  main            d.u.i.k.p.i.AbstractProblemLoader Creating init config 
254281     DEBUG main            d.u.i.k.p.i.AbstractProblemLoader Init config took 2.18s 
254293     INFO  main            d.u.i.k.p.i.AbstractProblemLoader Replaying proof normalisation12.key 
254295     DEBUG main            d.u.i.k.p.i.IntermediateProofReplayer Proof replay took 6.8ns 
254396     INFO  main            d.u.i.k.p.r.p.TestFile    ... finished proof: closed. 
254745     INFO  main            d.u.i.k.p.i.AbstractProblemLoader Loading environment from /home/runner/work/key/key/key.core/../key.ui/examples/standard_key/quantifiers/normalisation12.key.proof 
254745     DEBUG main            d.u.i.k.p.i.AbstractProblemLoader Environment load took 78.4ns 
254746     INFO  main            d.u.i.k.p.i.AbstractProblemLoader Creating init config 
256893     DEBUG main            d.u.i.k.p.i.AbstractProblemLoader Init config took 2.15s 
256906     INFO  main            d.u.i.k.p.i.AbstractProblemLoader Replaying proof normalisation12.key.proof 
256908     DEBUG main            d.u.i.k.p.i.IntermediateProofReplayer Proof replay took 951.4ns 
256909     DEBUG main            d.u.i.k.p.r.p.TestFile    ... success: reloaded. 
256909     INFO  main            d.u.i.k.p.r.p.TestFile    Now processing file /home/runner/work/key/key/key.core/../key.ui/examples/standard_key/quantifiers/normalisation13.key 
256910     INFO  main            d.u.i.k.p.i.AbstractProblemLoader Loading environment from /home/runner/work/key/key/key.core/../key.ui/examples/standard_key/quantifiers/normalisation13.key 
256910     DEBUG main            d.u.i.k.p.i.AbstractProblemLoader Environment load took 51.1ns 
256910     INFO  main            d.u.i.k.p.i.AbstractProblemLoader Creating init config 
259090     DEBUG main            d.u.i.k.p.i.AbstractProblemLoader Init config took 2.18s 
259102     INFO  main            d.u.i.k.p.i.AbstractProblemLoader Replaying proof normalisation13.key 
259104     DEBUG main            d.u.i.k.p.i.IntermediateProofReplayer Proof replay took 6.5ns 
259205     INFO  main            d.u.i.k.p.r.p.TestFile    ... finished proof: closed. 
259553     INFO  main            d.u.i.k.p.i.AbstractProblemLoader Loading environment from /home/runner/work/key/key/key.core/../key.ui/examples/standard_key/quantifiers/normalisation13.key.proof 
259553     DEBUG main            d.u.i.k.p.i.AbstractProblemLoader Environment load took 76.4ns 
259554     INFO  main            d.u.i.k.p.i.AbstractProblemLoader Creating init config 
261700     DEBUG main            d.u.i.k.p.i.AbstractProblemLoader Init config took 2.15s 
261712     INFO  main            d.u.i.k.p.i.AbstractProblemLoader Replaying proof normalisation13.key.proof 
261713     DEBUG main            d.u.i.k.p.i.IntermediateProofReplayer Proof replay took 470.5ns 
261714     DEBUG main            d.u.i.k.p.r.p.TestFile    ... success: reloaded. 
261715     INFO  main            d.u.i.k.p.r.p.TestFile    Now processing file /home/runner/work/key/key/key.core/../key.ui/examples/standard_key/quantifiers/triggers0.key 
261715     INFO  main            d.u.i.k.p.i.AbstractProblemLoader Loading environment from /home/runner/work/key/key/key.core/../key.ui/examples/standard_key/quantifiers/triggers0.key 
261715     DEBUG main            d.u.i.k.p.i.AbstractProblemLoader Environment load took 42ns 
261716     INFO  main            d.u.i.k.p.i.AbstractProblemLoader Creating init config 
263893     DEBUG main            d.u.i.k.p.i.AbstractProblemLoader Init config took 2.18s 
263905     INFO  main            d.u.i.k.p.i.AbstractProblemLoader Replaying proof triggers0.key 
263907     DEBUG main            d.u.i.k.p.i.IntermediateProofReplayer Proof replay took 7.3ns 
264008     INFO  main            d.u.i.k.p.r.p.TestFile    ... finished proof: closed. 
264358     INFO  main            d.u.i.k.p.i.AbstractProblemLoader Loading environment from /home/runner/work/key/key/key.core/../key.ui/examples/standard_key/quantifiers/triggers0.key.proof 
264358     DEBUG main            d.u.i.k.p.i.AbstractProblemLoader Environment load took 78.4ns 
264359     INFO  main            d.u.i.k.p.i.AbstractProblemLoader Creating init config 
266499     DEBUG main            d.u.i.k.p.i.AbstractProblemLoader Init config took 2.14s 
266511     INFO  main            d.u.i.k.p.i.AbstractProblemLoader Replaying proof triggers0.key.proof 
266514     DEBUG main            d.u.i.k.p.i.IntermediateProofReplayer Proof replay took 1.42ms 
266515     DEBUG main            d.u.i.k.p.r.p.TestFile    ... success: reloaded. 
3733570    INFO  Test worker     d.u.i.k.p.r.RunAllProofsTestUnit Returning from test FOL 
3733571    INFO  Test worker     d.u.i.k.p.r.RunAllProofsTestUnit Running test strings 
329        INFO  Timeout watchdog d.u.i.k.p.r.p.ForkedTestFileRunner Timeout watcher launched (2000 secs.) 
340        WARN  main            d.u.i.k.s.ProofSettings   The settings in /home/runner/.key/proof-settings.props are *not* read. 
388        INFO  main            d.u.i.k.p.r.p.TestFile    Now processing file /home/runner/work/key/key/key.core/../key.ui/examples/standard_key/strings/charAt0.key 
520        INFO  main            d.u.i.k.p.i.AbstractProblemLoader Loading environment from /home/runner/work/key/key/key.core/../key.ui/examples/standard_key/strings/charAt0.key 
543        DEBUG main            d.u.i.k.p.i.AbstractProblemLoader Environment load took 4.98ms 
771        INFO  main            d.u.i.k.p.i.AbstractProblemLoader Creating init config 
1595       DEBUG main            d.u.i.k.j.TypeConverter   No LDT found for Meta 
1596       DEBUG main            d.u.i.k.j.TypeConverter   No LDT found for Meta 
1598       DEBUG main            d.u.i.k.j.TypeConverter   No LDT found for Meta 
1598       DEBUG main            d.u.i.k.j.TypeConverter   No LDT found for Meta 
2981       DEBUG main            d.u.i.k.j.TypeConverter   No LDT found for JavaBigintExpression 
7512       DEBUG main            d.u.i.k.p.i.AbstractProblemLoader Init config took 6.74s 
7606       INFO  main            d.u.i.k.p.i.AbstractProblemLoader Replaying proof charAt0.key 
7636       DEBUG main            d.u.i.k.p.i.IntermediateProofReplayer Proof replay took 32.6ns 
8009       INFO  main            d.u.i.k.p.r.p.TestFile    ... finished proof: closed. 
8097       INFO  main            d.u.i.k.p.i.AbstractProblemLoader Loading environment from /home/runner/work/key/key/key.core/../key.ui/examples/standard_key/strings/charAt0.key.proof 
8098       DEBUG main            d.u.i.k.p.i.AbstractProblemLoader Environment load took 885.7ns 
8102       INFO  main            d.u.i.k.p.i.AbstractProblemLoader Creating init config 
10698      DEBUG main            d.u.i.k.p.i.AbstractProblemLoader Init config took 2.6s 
10728      INFO  main            d.u.i.k.p.i.AbstractProblemLoader Replaying proof charAt0.key.proof 
10772      DEBUG main            d.u.i.k.p.i.IntermediateProofReplayer Proof replay took 36.29ms 
10787      DEBUG main            d.u.i.k.p.r.p.TestFile    ... success: reloaded. 
10788      INFO  main            d.u.i.k.p.r.p.TestFile    Now processing file /home/runner/work/key/key/key.core/../key.ui/examples/standard_key/strings/charAt1.key 
10788      INFO  main            d.u.i.k.p.i.AbstractProblemLoader Loading environment from /home/runner/work/key/key/key.core/../key.ui/examples/standard_key/strings/charAt1.key 
10789      DEBUG main            d.u.i.k.p.i.AbstractProblemLoader Environment load took 101.1ns 
10792      INFO  main            d.u.i.k.p.i.AbstractProblemLoader Creating init config 
13288      DEBUG main            d.u.i.k.p.i.AbstractProblemLoader Init config took 2.5s 
13316      INFO  main            d.u.i.k.p.i.AbstractProblemLoader Replaying proof charAt1.key 
13318      DEBUG main            d.u.i.k.p.i.IntermediateProofReplayer Proof replay took 7.8ns 
13521      INFO  main            d.u.i.k.p.r.p.TestFile    ... finished proof: closed. 
13650      INFO  main            d.u.i.k.p.i.AbstractProblemLoader Loading environment from /home/runner/work/key/key/key.core/../key.ui/examples/standard_key/strings/charAt1.key.proof 
13652      DEBUG main            d.u.i.k.p.i.AbstractProblemLoader Environment load took 1.5ms 
13654      INFO  main            d.u.i.k.p.i.AbstractProblemLoader Creating init config 
16060      DEBUG main            d.u.i.k.p.i.AbstractProblemLoader Init config took 2.41s 
16083      INFO  main            d.u.i.k.p.i.AbstractProblemLoader Replaying proof charAt1.key.proof 
16099      DEBUG main            d.u.i.k.p.i.IntermediateProofReplayer Proof replay took 13.76ms 
16101      DEBUG main            d.u.i.k.p.r.p.TestFile    ... success: reloaded. 
16101      INFO  main            d.u.i.k.p.r.p.TestFile    Now processing file /home/runner/work/key/key/key.core/../key.ui/examples/standard_key/strings/concat1.key 
16110      INFO  main            d.u.i.k.p.i.AbstractProblemLoader Loading environment from /home/runner/work/key/key/key.core/../key.ui/examples/standard_key/strings/concat1.key 
16110      DEBUG main            d.u.i.k.p.i.AbstractProblemLoader Environment load took 202.7ns 
16111      INFO  main            d.u.i.k.p.i.AbstractProblemLoader Creating init config 
18562      DEBUG main            d.u.i.k.p.i.AbstractProblemLoader Init config took 2.45s 
18581      INFO  main            d.u.i.k.p.i.AbstractProblemLoader Replaying proof concat1.key 
18583      DEBUG main            d.u.i.k.p.i.IntermediateProofReplayer Proof replay took 5.3ns 
18685      INFO  main            d.u.i.k.p.r.p.TestFile    ... finished proof: closed. 
18804      INFO  main            d.u.i.k.p.i.AbstractProblemLoader Loading environment from /home/runner/work/key/key/key.core/../key.ui/examples/standard_key/strings/concat1.key.proof 
18804      DEBUG main            d.u.i.k.p.i.AbstractProblemLoader Environment load took 112.5ns 
18805      INFO  main            d.u.i.k.p.i.AbstractProblemLoader Creating init config 
21180      DEBUG main            d.u.i.k.p.i.AbstractProblemLoader Init config took 2.37s 
21199      INFO  main            d.u.i.k.p.i.AbstractProblemLoader Replaying proof concat1.key.proof 
21202      DEBUG main            d.u.i.k.p.i.IntermediateProofReplayer Proof replay took 1.27ms 
21203      DEBUG main            d.u.i.k.p.r.p.TestFile    ... success: reloaded. 
21203      INFO  main            d.u.i.k.p.r.p.TestFile    Now processing file /home/runner/work/key/key/key.core/../key.ui/examples/standard_key/strings/concat2.key 
21204      INFO  main            d.u.i.k.p.i.AbstractProblemLoader Loading environment from /home/runner/work/key/key/key.core/../key.ui/examples/standard_key/strings/concat2.key 
21204      DEBUG main            d.u.i.k.p.i.AbstractProblemLoader Environment load took 74.3ns 
21205      INFO  main            d.u.i.k.p.i.AbstractProblemLoader Creating init config 
23559      DEBUG main            d.u.i.k.p.i.AbstractProblemLoader Init config took 2.35s 
23578      INFO  main            d.u.i.k.p.i.AbstractProblemLoader Replaying proof concat2.key 
23579      DEBUG main            d.u.i.k.p.i.IntermediateProofReplayer Proof replay took 5.2ns 
23681      INFO  main            d.u.i.k.p.r.p.TestFile    ... finished proof: closed. 
23807      INFO  main            d.u.i.k.p.i.AbstractProblemLoader Loading environment from /home/runner/work/key/key/key.core/../key.ui/examples/standard_key/strings/concat2.key.proof 
23808      DEBUG main            d.u.i.k.p.i.AbstractProblemLoader Environment load took 107.4ns 
23809      INFO  main            d.u.i.k.p.i.AbstractProblemLoader Creating init config 
26120      DEBUG main            d.u.i.k.p.i.AbstractProblemLoader Init config took 2.31s 
26139      INFO  main            d.u.i.k.p.i.AbstractProblemLoader Replaying proof concat2.key.proof 
26159      DEBUG main            d.u.i.k.p.i.IntermediateProofReplayer Proof replay took 17.91ms 
26161      DEBUG main            d.u.i.k.p.r.p.TestFile    ... success: reloaded. 
26162      INFO  main            d.u.i.k.p.r.p.TestFile    Now processing file /home/runner/work/key/key/key.core/../key.ui/examples/standard_key/strings/deriveLength1.key 
26162      INFO  main            d.u.i.k.p.i.AbstractProblemLoader Loading environment from /home/runner/work/key/key/key.core/../key.ui/examples/standard_key/strings/deriveLength1.key 
26162      DEBUG main            d.u.i.k.p.i.AbstractProblemLoader Environment load took 88.2ns 
26163      INFO  main            d.u.i.k.p.i.AbstractProblemLoader Creating init config 
28545      DEBUG main            d.u.i.k.p.i.AbstractProblemLoader Init config took 2.38s 
28563      INFO  main            d.u.i.k.p.i.AbstractProblemLoader Replaying proof deriveLength1.key 
28564      DEBUG main            d.u.i.k.p.i.IntermediateProofReplayer Proof replay took 6ns 
28668      INFO  main            d.u.i.k.p.r.p.TestFile    ... finished proof: closed. 
28807      INFO  main            d.u.i.k.p.i.AbstractProblemLoader Loading environment from /home/runner/work/key/key/key.core/../key.ui/examples/standard_key/strings/deriveLength1.key.proof 
28807      DEBUG main            d.u.i.k.p.i.AbstractProblemLoader Environment load took 106.7ns 
28808      INFO  main            d.u.i.k.p.i.AbstractProblemLoader Creating init config 
31112      DEBUG main            d.u.i.k.p.i.AbstractProblemLoader Init config took 2.3s 
31130      INFO  main            d.u.i.k.p.i.AbstractProblemLoader Replaying proof deriveLength1.key.proof 
31143      DEBUG main            d.u.i.k.p.i.IntermediateProofReplayer Proof replay took 10.66ms 
31146      DEBUG main            d.u.i.k.p.r.p.TestFile    ... success: reloaded. 
31147      INFO  main            d.u.i.k.p.r.p.TestFile    Now processing file /home/runner/work/key/key/key.core/../key.ui/examples/standard_key/strings/emptyStringLengthZero.key 
31147      INFO  main            d.u.i.k.p.i.AbstractProblemLoader Loading environment from /home/runner/work/key/key/key.core/../key.ui/examples/standard_key/strings/emptyStringLengthZero.key 
31150      DEBUG main            d.u.i.k.p.i.AbstractProblemLoader Environment load took 2.66ms 
31151      INFO  main            d.u.i.k.p.i.AbstractProblemLoader Creating init config 
33473      DEBUG main            d.u.i.k.p.i.AbstractProblemLoader Init config took 2.32s 
33492      INFO  main            d.u.i.k.p.i.AbstractProblemLoader Replaying proof emptyStringLengthZero.key 
33493      DEBUG main            d.u.i.k.p.i.IntermediateProofReplayer Proof replay took 6.8ns 
33596      INFO  main            d.u.i.k.p.r.p.TestFile    ... finished proof: closed. 
33735      INFO  main            d.u.i.k.p.i.AbstractProblemLoader Loading environment from /home/runner/work/key/key/key.core/../key.ui/examples/standard_key/strings/emptyStringLengthZero.key.proof 
33735      DEBUG main            d.u.i.k.p.i.AbstractProblemLoader Environment load took 105.7ns 
33736      INFO  main            d.u.i.k.p.i.AbstractProblemLoader Creating init config 
36026      DEBUG main            d.u.i.k.p.i.AbstractProblemLoader Init config took 2.29s 
36045      INFO  main            d.u.i.k.p.i.AbstractProblemLoader Replaying proof emptyStringLengthZero.key.proof 
36049      DEBUG main            d.u.i.k.p.i.IntermediateProofReplayer Proof replay took 3.09ms 
36050      DEBUG main            d.u.i.k.p.r.p.TestFile    ... success: reloaded. 
36051      INFO  main            d.u.i.k.p.r.p.TestFile    Now processing file /home/runner/work/key/key/key.core/../key.ui/examples/standard_key/strings/implicitBooleanStringConversion.key 
36051      INFO  main            d.u.i.k.p.i.AbstractProblemLoader Loading environment from /home/runner/work/key/key/key.core/../key.ui/examples/standard_key/strings/implicitBooleanStringConversion.key 
36052      DEBUG main            d.u.i.k.p.i.AbstractProblemLoader Environment load took 152.9ns 
36052      INFO  main            d.u.i.k.p.i.AbstractProblemLoader Creating init config 
38394      DEBUG main            d.u.i.k.p.i.AbstractProblemLoader Init config took 2.34s 
38414      INFO  main            d.u.i.k.p.i.AbstractProblemLoader Replaying proof implicitBooleanStringConversion.key 
38416      DEBUG main            d.u.i.k.p.i.IntermediateProofReplayer Proof replay took 5.9ns 
39225      INFO  main            d.u.i.k.p.r.p.TestFile    ... finished proof: closed. 
39415      INFO  main            d.u.i.k.p.i.AbstractProblemLoader Loading environment from /home/runner/work/key/key/key.core/../key.ui/examples/standard_key/strings/implicitBooleanStringConversion.key.proof 
39416      DEBUG main            d.u.i.k.p.i.AbstractProblemLoader Environment load took 421.4ns 
39417      INFO  main            d.u.i.k.p.i.AbstractProblemLoader Creating init config 
41721      DEBUG main            d.u.i.k.p.i.AbstractProblemLoader Init config took 2.3s 
41740      INFO  main            d.u.i.k.p.i.AbstractProblemLoader Replaying proof implicitBooleanStringConversion.key.proof 
41827      DEBUG main            d.u.i.k.p.i.IntermediateProofReplayer Proof replay took 82.22ms 
41828      DEBUG main            d.u.i.k.p.r.p.TestFile    ... success: reloaded. 
41829      INFO  main            d.u.i.k.p.r.p.TestFile    Now processing file /home/runner/work/key/key/key.core/../key.ui/examples/standard_key/strings/implicitBooleanStringConversion2.key 
41829      INFO  main            d.u.i.k.p.i.AbstractProblemLoader Loading environment from /home/runner/work/key/key/key.core/../key.ui/examples/standard_key/strings/implicitBooleanStringConversion2.key 
41829      DEBUG main            d.u.i.k.p.i.AbstractProblemLoader Environment load took 213.6ns 
41830      INFO  main            d.u.i.k.p.i.AbstractProblemLoader Creating init config 
44163      DEBUG main            d.u.i.k.p.i.AbstractProblemLoader Init config took 2.33s 
44182      INFO  main            d.u.i.k.p.i.AbstractProblemLoader Replaying proof implicitBooleanStringConversion2.key 
44184      DEBUG main            d.u.i.k.p.i.IntermediateProofReplayer Proof replay took 6.3ns 
44486      INFO  main            d.u.i.k.p.r.p.TestFile    ... finished proof: closed. 
44661      INFO  main            d.u.i.k.p.i.AbstractProblemLoader Loading environment from /home/runner/work/key/key/key.core/../key.ui/examples/standard_key/strings/implicitBooleanStringConversion2.key.proof 
44662      DEBUG main            d.u.i.k.p.i.AbstractProblemLoader Environment load took 108.9ns 
44663      INFO  main            d.u.i.k.p.i.AbstractProblemLoader Creating init config 
46935      DEBUG main            d.u.i.k.p.i.AbstractProblemLoader Init config took 2.27s 
46955      INFO  main            d.u.i.k.p.i.AbstractProblemLoader Replaying proof implicitBooleanStringConversion2.key.proof 
46994      DEBUG main            d.u.i.k.p.i.IntermediateProofReplayer Proof replay took 34.6ms 
46994      DEBUG main            d.u.i.k.p.r.p.TestFile    ... success: reloaded. 
46995      INFO  main            d.u.i.k.p.r.p.TestFile    Now processing file /home/runner/work/key/key/key.core/../key.ui/examples/standard_key/strings/implicitIntStringConversion.key 
46995      INFO  main            d.u.i.k.p.i.AbstractProblemLoader Loading environment from /home/runner/work/key/key/key.core/../key.ui/examples/standard_key/strings/implicitIntStringConversion.key 
46995      DEBUG main            d.u.i.k.p.i.AbstractProblemLoader Environment load took 70.9ns 
46996      INFO  main            d.u.i.k.p.i.AbstractProblemLoader Creating init config 
49275      DEBUG main            d.u.i.k.p.i.AbstractProblemLoader Init config took 2.28s 
49293      INFO  main            d.u.i.k.p.i.AbstractProblemLoader Replaying proof implicitIntStringConversion.key 
49295      DEBUG main            d.u.i.k.p.i.IntermediateProofReplayer Proof replay took 6ns 
49912      INFO  main            d.u.i.k.p.r.p.TestFile    ... finished proof: closed. 
50087      INFO  main            d.u.i.k.p.i.AbstractProblemLoader Loading environment from /home/runner/work/key/key/key.core/../key.ui/examples/standard_key/strings/implicitIntStringConversion.key.proof 
50088      DEBUG main            d.u.i.k.p.i.AbstractProblemLoader Environment load took 366ns 
50089      INFO  main            d.u.i.k.p.i.AbstractProblemLoader Creating init config 
52375      DEBUG main            d.u.i.k.p.i.AbstractProblemLoader Init config took 2.29s 
52392      INFO  main            d.u.i.k.p.i.AbstractProblemLoader Replaying proof implicitIntStringConversion.key.proof 
52462      DEBUG main            d.u.i.k.p.i.IntermediateProofReplayer Proof replay took 64.86ms 
52463      DEBUG main            d.u.i.k.p.r.p.TestFile    ... success: reloaded. 
52464      INFO  main            d.u.i.k.p.r.p.TestFile    Now processing file /home/runner/work/key/key/key.core/../key.ui/examples/standard_key/strings/implicitNullStringConversion.key 
52464      INFO  main            d.u.i.k.p.i.AbstractProblemLoader Loading environment from /home/runner/work/key/key/key.core/../key.ui/examples/standard_key/strings/implicitNullStringConversion.key 
52465      DEBUG main            d.u.i.k.p.i.AbstractProblemLoader Environment load took 168.8ns 
52466      INFO  main            d.u.i.k.p.i.AbstractProblemLoader Creating init config 
54767      DEBUG main            d.u.i.k.p.i.AbstractProblemLoader Init config took 2.3s 
54784      INFO  main            d.u.i.k.p.i.AbstractProblemLoader Replaying proof implicitNullStringConversion.key 
54785      DEBUG main            d.u.i.k.p.i.IntermediateProofReplayer Proof replay took 5.6ns 
55094      INFO  main            d.u.i.k.p.r.p.TestFile    ... finished proof: closed. 
55272      INFO  main            d.u.i.k.p.i.AbstractProblemLoader Loading environment from /home/runner/work/key/key/key.core/../key.ui/examples/standard_key/strings/implicitNullStringConversion.key.proof 
55272      DEBUG main            d.u.i.k.p.i.AbstractProblemLoader Environment load took 113.8ns 
55273      INFO  main            d.u.i.k.p.i.AbstractProblemLoader Creating init config 
57558      DEBUG main            d.u.i.k.p.i.AbstractProblemLoader Init config took 2.28s 
57575      INFO  main            d.u.i.k.p.i.AbstractProblemLoader Replaying proof implicitNullStringConversion.key.proof 
57607      DEBUG main            d.u.i.k.p.i.IntermediateProofReplayer Proof replay took 28.33ms 
57608      DEBUG main            d.u.i.k.p.r.p.TestFile    ... success: reloaded. 
57609      INFO  main            d.u.i.k.p.r.p.TestFile    Now processing file /home/runner/work/key/key/key.core/../key.ui/examples/standard_key/strings/implicitNullStringConversion2.key 
57609      INFO  main            d.u.i.k.p.i.AbstractProblemLoader Loading environment from /home/runner/work/key/key/key.core/../key.ui/examples/standard_key/strings/implicitNullStringConversion2.key 
57609      DEBUG main            d.u.i.k.p.i.AbstractProblemLoader Environment load took 164.4ns 
57610      INFO  main            d.u.i.k.p.i.AbstractProblemLoader Creating init config 
59869      DEBUG main            d.u.i.k.p.i.AbstractProblemLoader Init config took 2.26s 
59886      INFO  main            d.u.i.k.p.i.AbstractProblemLoader Replaying proof implicitNullStringConversion2.key 
59887      DEBUG main            d.u.i.k.p.i.IntermediateProofReplayer Proof replay took 6ns 
60092      INFO  main            d.u.i.k.p.r.p.TestFile    ... finished proof: closed. 
60269      INFO  main            d.u.i.k.p.i.AbstractProblemLoader Loading environment from /home/runner/work/key/key/key.core/../key.ui/examples/standard_key/strings/implicitNullStringConversion2.key.proof 
60269      DEBUG main            d.u.i.k.p.i.AbstractProblemLoader Environment load took 118.8ns 
60271      INFO  main            d.u.i.k.p.i.AbstractProblemLoader Creating init config 
62595      DEBUG main            d.u.i.k.p.i.AbstractProblemLoader Init config took 2.32s 
62614      INFO  main            d.u.i.k.p.i.AbstractProblemLoader Replaying proof implicitNullStringConversion2.key.proof 
62641      DEBUG main            d.u.i.k.p.i.IntermediateProofReplayer Proof replay took 23.02ms 
62642      DEBUG main            d.u.i.k.p.r.p.TestFile    ... success: reloaded. 
62643      INFO  main            d.u.i.k.p.r.p.TestFile    Now processing file /home/runner/work/key/key/key.core/../key.ui/examples/standard_key/strings/implicitObjectStringConversion.key 
62643      INFO  main            d.u.i.k.p.i.AbstractProblemLoader Loading environment from /home/runner/work/key/key/key.core/../key.ui/examples/standard_key/strings/implicitObjectStringConversion.key 
62643      DEBUG main            d.u.i.k.p.i.AbstractProblemLoader Environment load took 147.5ns 
62644      INFO  main            d.u.i.k.p.i.AbstractProblemLoader Creating init config 
65107      DEBUG main            d.u.i.k.p.i.AbstractProblemLoader Init config took 2.46s 
65123      INFO  main            d.u.i.k.p.i.AbstractProblemLoader Replaying proof implicitObjectStringConversion.key 
65124      DEBUG main            d.u.i.k.p.i.IntermediateProofReplayer Proof replay took 6ns 
65530      INFO  main            d.u.i.k.p.r.p.TestFile    ... finished proof: closed. 
65711      INFO  main            d.u.i.k.p.i.AbstractProblemLoader Loading environment from /home/runner/work/key/key/key.core/../key.ui/examples/standard_key/strings/implicitObjectStringConversion.key.proof 
65712      DEBUG main            d.u.i.k.p.i.AbstractProblemLoader Environment load took 126.5ns 
65713      INFO  main            d.u.i.k.p.i.AbstractProblemLoader Creating init config 
68186      DEBUG main            d.u.i.k.p.i.AbstractProblemLoader Init config took 2.47s 
68206      INFO  main            d.u.i.k.p.i.AbstractProblemLoader Replaying proof implicitObjectStringConversion.key.proof 
68258      DEBUG main            d.u.i.k.p.i.IntermediateProofReplayer Proof replay took 48.55ms 
68260      DEBUG main            d.u.i.k.p.r.p.TestFile    ... success: reloaded. 
68260      INFO  main            d.u.i.k.p.r.p.TestFile    Now processing file /home/runner/work/key/key/key.core/../key.ui/examples/standard_key/strings/literalEquality.key 
68261      INFO  main            d.u.i.k.p.i.AbstractProblemLoader Loading environment from /home/runner/work/key/key/key.core/../key.ui/examples/standard_key/strings/literalEquality.key 
68261      DEBUG main            d.u.i.k.p.i.AbstractProblemLoader Environment load took 172.5ns 
68262      INFO  main            d.u.i.k.p.i.AbstractProblemLoader Creating init config 
70514      DEBUG main            d.u.i.k.p.i.AbstractProblemLoader Init config took 2.25s 
70528      INFO  main            d.u.i.k.p.i.AbstractProblemLoader Replaying proof literalEquality.key 
70530      DEBUG main            d.u.i.k.p.i.IntermediateProofReplayer Proof replay took 5.8ns 
70635      INFO  main            d.u.i.k.p.r.p.TestFile    ... finished proof: closed. 
70818      INFO  main            d.u.i.k.p.i.AbstractProblemLoader Loading environment from /home/runner/work/key/key/key.core/../key.ui/examples/standard_key/strings/literalEquality.key.proof 
70818      DEBUG main            d.u.i.k.p.i.AbstractProblemLoader Environment load took 100ns 
70819      INFO  main            d.u.i.k.p.i.AbstractProblemLoader Creating init config 
73062      DEBUG main            d.u.i.k.p.i.AbstractProblemLoader Init config took 2.24s 
73078      INFO  main            d.u.i.k.p.i.AbstractProblemLoader Replaying proof literalEquality.key.proof 
73081      DEBUG main            d.u.i.k.p.i.IntermediateProofReplayer Proof replay took 1.97ms 
73082      DEBUG main            d.u.i.k.p.r.p.TestFile    ... success: reloaded. 
73083      INFO  main            d.u.i.k.p.r.p.TestFile    Now processing file /home/runner/work/key/key/key.core/../key.ui/examples/standard_key/strings/replace0.key 
73083      INFO  main            d.u.i.k.p.i.AbstractProblemLoader Loading environment from /home/runner/work/key/key/key.core/../key.ui/examples/standard_key/strings/replace0.key 
73083      DEBUG main            d.u.i.k.p.i.AbstractProblemLoader Environment load took 143ns 
73084      INFO  main            d.u.i.k.p.i.AbstractProblemLoader Creating init config 
75341      DEBUG main            d.u.i.k.p.i.AbstractProblemLoader Init config took 2.26s 
75354      INFO  main            d.u.i.k.p.i.AbstractProblemLoader Replaying proof replace0.key 
75355      DEBUG main            d.u.i.k.p.i.IntermediateProofReplayer Proof replay took 5.4ns 
75456      INFO  main            d.u.i.k.p.r.p.TestFile    ... finished proof: closed. 
75641      INFO  main            d.u.i.k.p.i.AbstractProblemLoader Loading environment from /home/runner/work/key/key/key.core/../key.ui/examples/standard_key/strings/replace0.key.proof 
75641      DEBUG main            d.u.i.k.p.i.AbstractProblemLoader Environment load took 99.7ns 
75643      INFO  main            d.u.i.k.p.i.AbstractProblemLoader Creating init config 
77898      DEBUG main            d.u.i.k.p.i.AbstractProblemLoader Init config took 2.26s 
77912      INFO  main            d.u.i.k.p.i.AbstractProblemLoader Replaying proof replace0.key.proof 
77918      DEBUG main            d.u.i.k.p.i.IntermediateProofReplayer Proof replay took 4.13ms 
77919      DEBUG main            d.u.i.k.p.r.p.TestFile    ... success: reloaded. 
77920      INFO  main            d.u.i.k.p.r.p.TestFile    Now processing file /home/runner/work/key/key/key.core/../key.ui/examples/standard_key/strings/replace1.key 
77920      INFO  main            d.u.i.k.p.i.AbstractProblemLoader Loading environment from /home/runner/work/key/key/key.core/../key.ui/examples/standard_key/strings/replace1.key 
77920      DEBUG main            d.u.i.k.p.i.AbstractProblemLoader Environment load took 76.3ns 
77921      INFO  main            d.u.i.k.p.i.AbstractProblemLoader Creating init config 
80159      DEBUG main            d.u.i.k.p.i.AbstractProblemLoader Init config took 2.24s 
80173      INFO  main            d.u.i.k.p.i.AbstractProblemLoader Replaying proof replace1.key 
80174      DEBUG main            d.u.i.k.p.i.IntermediateProofReplayer Proof replay took 6.5ns 
80276      INFO  main            d.u.i.k.p.r.p.TestFile    ... finished proof: closed. 
80460      INFO  main            d.u.i.k.p.i.AbstractProblemLoader Loading environment from /home/runner/work/key/key/key.core/../key.ui/examples/standard_key/strings/replace1.key.proof 
80460      DEBUG main            d.u.i.k.p.i.AbstractProblemLoader Environment load took 103.6ns 
80461      INFO  main            d.u.i.k.p.i.AbstractProblemLoader Creating init config 
82699      DEBUG main            d.u.i.k.p.i.AbstractProblemLoader Init config took 2.24s 
82714      INFO  main            d.u.i.k.p.i.AbstractProblemLoader Replaying proof replace1.key.proof 
82721      DEBUG main            d.u.i.k.p.i.IntermediateProofReplayer Proof replay took 5.26ms 
82721      DEBUG main            d.u.i.k.p.r.p.TestFile    ... success: reloaded. 
82722      INFO  main            d.u.i.k.p.r.p.TestFile    Now processing file /home/runner/work/key/key/key.core/../key.ui/examples/standard_key/strings/simpleAssignment.key 
82722      INFO  main            d.u.i.k.p.i.AbstractProblemLoader Loading environment from /home/runner/work/key/key/key.core/../key.ui/examples/standard_key/strings/simpleAssignment.key 
82722      DEBUG main            d.u.i.k.p.i.AbstractProblemLoader Environment load took 107ns 
82723      INFO  main            d.u.i.k.p.i.AbstractProblemLoader Creating init config 
84984      DEBUG main            d.u.i.k.p.i.AbstractProblemLoader Init config took 2.26s 
85000      INFO  main            d.u.i.k.p.i.AbstractProblemLoader Replaying proof simpleAssignment.key 
85002      DEBUG main            d.u.i.k.p.i.IntermediateProofReplayer Proof replay took 6.1ns 
85103      INFO  main            d.u.i.k.p.r.p.TestFile    ... finished proof: closed. 
85315      INFO  main            d.u.i.k.p.i.AbstractProblemLoader Loading environment from /home/runner/work/key/key/key.core/../key.ui/examples/standard_key/strings/simpleAssignment.key.proof 
85315      DEBUG main            d.u.i.k.p.i.AbstractProblemLoader Environment load took 107.2ns 
85317      INFO  main            d.u.i.k.p.i.AbstractProblemLoader Creating init config 
87604      DEBUG main            d.u.i.k.p.i.AbstractProblemLoader Init config took 2.29s 
87622      INFO  main            d.u.i.k.p.i.AbstractProblemLoader Replaying proof simpleAssignment.key.proof 
87627      DEBUG main            d.u.i.k.p.i.IntermediateProofReplayer Proof replay took 1.27ms 
87629      DEBUG main            d.u.i.k.p.r.p.TestFile    ... success: reloaded. 
87629      INFO  main            d.u.i.k.p.r.p.TestFile    Now processing file /home/runner/work/key/key/key.core/../key.ui/examples/standard_key/strings/simpleLengthComp.key 
87630      INFO  main            d.u.i.k.p.i.AbstractProblemLoader Loading environment from /home/runner/work/key/key/key.core/../key.ui/examples/standard_key/strings/simpleLengthComp.key 
87630      DEBUG main            d.u.i.k.p.i.AbstractProblemLoader Environment load took 431.9ns 
87631      INFO  main            d.u.i.k.p.i.AbstractProblemLoader Creating init config 
89908      DEBUG main            d.u.i.k.p.i.AbstractProblemLoader Init config took 2.28s 
89922      INFO  main            d.u.i.k.p.i.AbstractProblemLoader Replaying proof simpleLengthComp.key 
89925      DEBUG main            d.u.i.k.p.i.IntermediateProofReplayer Proof replay took 6ns 
90128      INFO  main            d.u.i.k.p.r.p.TestFile    ... finished proof: closed. 
90331      INFO  main            d.u.i.k.p.i.AbstractProblemLoader Loading environment from /home/runner/work/key/key/key.core/../key.ui/examples/standard_key/strings/simpleLengthComp.key.proof 
90331      DEBUG main            d.u.i.k.p.i.AbstractProblemLoader Environment load took 147.6ns 
90332      INFO  main            d.u.i.k.p.i.AbstractProblemLoader Creating init config 
92558      DEBUG main            d.u.i.k.p.i.AbstractProblemLoader Init config took 2.23s 
92574      INFO  main            d.u.i.k.p.i.AbstractProblemLoader Replaying proof simpleLengthComp.key.proof 
92603      DEBUG main            d.u.i.k.p.i.IntermediateProofReplayer Proof replay took 23.95ms 
92605      DEBUG main            d.u.i.k.p.r.p.TestFile    ... success: reloaded. 
92607      INFO  main            d.u.i.k.p.r.p.TestFile    Now processing file /home/runner/work/key/key/key.core/../key.ui/examples/standard_key/strings/stringCompileTimeConstant1.key 
92607      INFO  main            d.u.i.k.p.i.AbstractProblemLoader Loading environment from /home/runner/work/key/key/key.core/../key.ui/examples/standard_key/strings/stringCompileTimeConstant1.key 
92607      DEBUG main            d.u.i.k.p.i.AbstractProblemLoader Environment load took 153.5ns 
92608      INFO  main            d.u.i.k.p.i.AbstractProblemLoader Creating init config 
94884      DEBUG main            d.u.i.k.p.i.AbstractProblemLoader Init config took 2.28s 
94898      INFO  main            d.u.i.k.p.i.AbstractProblemLoader Replaying proof stringCompileTimeConstant1.key 
94899      DEBUG main            d.u.i.k.p.i.IntermediateProofReplayer Proof replay took 5.7ns 
95001      INFO  main            d.u.i.k.p.r.p.TestFile    ... finished proof: closed. 
95207      INFO  main            d.u.i.k.p.i.AbstractProblemLoader Loading environment from /home/runner/work/key/key/key.core/../key.ui/examples/standard_key/strings/stringCompileTimeConstant1.key.proof 
95208      DEBUG main            d.u.i.k.p.i.AbstractProblemLoader Environment load took 95.3ns 
95210      INFO  main            d.u.i.k.p.i.AbstractProblemLoader Creating init config 
97430      DEBUG main            d.u.i.k.p.i.AbstractProblemLoader Init config took 2.22s 
97445      INFO  main            d.u.i.k.p.i.AbstractProblemLoader Replaying proof stringCompileTimeConstant1.key.proof 
97455      DEBUG main            d.u.i.k.p.i.IntermediateProofReplayer Proof replay took 7.44ms 
97457      DEBUG main            d.u.i.k.p.r.p.TestFile    ... success: reloaded. 
97458      INFO  main            d.u.i.k.p.r.p.TestFile    Now processing file /home/runner/work/key/key/key.core/../key.ui/examples/standard_key/strings/stringCompileTimeConstant2.key 
97458      INFO  main            d.u.i.k.p.i.AbstractProblemLoader Loading environment from /home/runner/work/key/key/key.core/../key.ui/examples/standard_key/strings/stringCompileTimeConstant2.key 
97458      DEBUG main            d.u.i.k.p.i.AbstractProblemLoader Environment load took 151.8ns 
97459      INFO  main            d.u.i.k.p.i.AbstractProblemLoader Creating init config 
99901      DEBUG main            d.u.i.k.p.i.AbstractProblemLoader Init config took 2.44s 
99919      INFO  main            d.u.i.k.p.i.AbstractProblemLoader Replaying proof stringCompileTimeConstant2.key 
99922      DEBUG main            d.u.i.k.p.i.IntermediateProofReplayer Proof replay took 6.7ns 
102659     INFO  main            d.u.i.k.p.r.p.TestFile    ... finished proof: closed. 
102916     INFO  main            d.u.i.k.p.i.AbstractProblemLoader Loading environment from /home/runner/work/key/key/key.core/../key.ui/examples/standard_key/strings/stringCompileTimeConstant2.key.proof 
102916     DEBUG main            d.u.i.k.p.i.AbstractProblemLoader Environment load took 299.1ns 
102917     INFO  main            d.u.i.k.p.i.AbstractProblemLoader Creating init config 
105305     DEBUG main            d.u.i.k.p.i.AbstractProblemLoader Init config took 2.39s 
105320     INFO  main            d.u.i.k.p.i.AbstractProblemLoader Replaying proof stringCompileTimeConstant2.key.proof 
105605     DEBUG main            d.u.i.k.p.i.IntermediateProofReplayer Proof replay took 274.88ms 
105606     DEBUG main            d.u.i.k.p.r.p.TestFile    ... success: reloaded. 
105607     INFO  main            d.u.i.k.p.r.p.TestFile    Now processing file /home/runner/work/key/key/key.core/../key.ui/examples/standard_key/strings/stringEquality1.key 
105608     INFO  main            d.u.i.k.p.i.AbstractProblemLoader Loading environment from /home/runner/work/key/key/key.core/../key.ui/examples/standard_key/strings/stringEquality1.key 
105608     DEBUG main            d.u.i.k.p.i.AbstractProblemLoader Environment load took 171.7ns 
105609     INFO  main            d.u.i.k.p.i.AbstractProblemLoader Creating init config 
107843     DEBUG main            d.u.i.k.p.i.AbstractProblemLoader Init config took 2.23s 
107855     INFO  main            d.u.i.k.p.i.AbstractProblemLoader Replaying proof stringEquality1.key 
107856     DEBUG main            d.u.i.k.p.i.IntermediateProofReplayer Proof replay took 5.3ns 
107959     INFO  main            d.u.i.k.p.r.p.TestFile    ... finished proof: closed. 
108207     INFO  main            d.u.i.k.p.i.AbstractProblemLoader Loading environment from /home/runner/work/key/key/key.core/../key.ui/examples/standard_key/strings/stringEquality1.key.proof 
108207     DEBUG main            d.u.i.k.p.i.AbstractProblemLoader Environment load took 91.6ns 
108208     INFO  main            d.u.i.k.p.i.AbstractProblemLoader Creating init config 
110402     DEBUG main            d.u.i.k.p.i.AbstractProblemLoader Init config took 2.19s 
110419     INFO  main            d.u.i.k.p.i.AbstractProblemLoader Replaying proof stringEquality1.key.proof 
110435     DEBUG main            d.u.i.k.p.i.IntermediateProofReplayer Proof replay took 12.98ms 
110436     DEBUG main            d.u.i.k.p.r.p.TestFile    ... success: reloaded. 
110436     INFO  main            d.u.i.k.p.r.p.TestFile    Now processing file /home/runner/work/key/key/key.core/../key.ui/examples/standard_key/strings/stringEquality2.key 
110437     INFO  main            d.u.i.k.p.i.AbstractProblemLoader Loading environment from /home/runner/work/key/key/key.core/../key.ui/examples/standard_key/strings/stringEquality2.key 
110437     DEBUG main            d.u.i.k.p.i.AbstractProblemLoader Environment load took 143.7ns 
110439     INFO  main            d.u.i.k.p.i.AbstractProblemLoader Creating init config 
112698     DEBUG main            d.u.i.k.p.i.AbstractProblemLoader Init config took 2.26s 
112711     INFO  main            d.u.i.k.p.i.AbstractProblemLoader Replaying proof stringEquality2.key 
112712     DEBUG main            d.u.i.k.p.i.IntermediateProofReplayer Proof replay took 5.9ns 
113115     INFO  main            d.u.i.k.p.r.p.TestFile    ... finished proof: closed. 
113349     INFO  main            d.u.i.k.p.i.AbstractProblemLoader Loading environment from /home/runner/work/key/key/key.core/../key.ui/examples/standard_key/strings/stringEquality2.key.proof 
113349     DEBUG main            d.u.i.k.p.i.AbstractProblemLoader Environment load took 95.9ns 
113351     INFO  main            d.u.i.k.p.i.AbstractProblemLoader Creating init config 
115540     DEBUG main            d.u.i.k.p.i.AbstractProblemLoader Init config took 2.19s 
115553     INFO  main            d.u.i.k.p.i.AbstractProblemLoader Replaying proof stringEquality2.key.proof 
115598     DEBUG main            d.u.i.k.p.i.IntermediateProofReplayer Proof replay took 41.75ms 
115599     DEBUG main            d.u.i.k.p.r.p.TestFile    ... success: reloaded. 
115600     INFO  main            d.u.i.k.p.r.p.TestFile    Now processing file /home/runner/work/key/key/key.core/../key.ui/examples/standard_key/strings/substring0.key 
115600     INFO  main            d.u.i.k.p.i.AbstractProblemLoader Loading environment from /home/runner/work/key/key/key.core/../key.ui/examples/standard_key/strings/substring0.key 
115601     DEBUG main            d.u.i.k.p.i.AbstractProblemLoader Environment load took 147.4ns 
115601     INFO  main            d.u.i.k.p.i.AbstractProblemLoader Creating init config 
117853     DEBUG main            d.u.i.k.p.i.AbstractProblemLoader Init config took 2.25s 
117865     INFO  main            d.u.i.k.p.i.AbstractProblemLoader Replaying proof substring0.key 
117866     DEBUG main            d.u.i.k.p.i.IntermediateProofReplayer Proof replay took 6.4ns 
117972     INFO  main            d.u.i.k.p.r.p.TestFile    ... finished proof: closed. 
118201     INFO  main            d.u.i.k.p.i.AbstractProblemLoader Loading environment from /home/runner/work/key/key/key.core/../key.ui/examples/standard_key/strings/substring0.key.proof 
118201     DEBUG main            d.u.i.k.p.i.AbstractProblemLoader Environment load took 90.7ns 
118202     INFO  main            d.u.i.k.p.i.AbstractProblemLoader Creating init config 
120404     DEBUG main            d.u.i.k.p.i.AbstractProblemLoader Init config took 2.2s 
120418     INFO  main            d.u.i.k.p.i.AbstractProblemLoader Replaying proof substring0.key.proof 
120420     DEBUG main            d.u.i.k.p.i.IntermediateProofReplayer Proof replay took 452.5ns 
120421     DEBUG main            d.u.i.k.p.r.p.TestFile    ... success: reloaded. 
120422     INFO  main            d.u.i.k.p.r.p.TestFile    Now processing file /home/runner/work/key/key/key.core/../key.ui/examples/standard_key/strings/substring1.key 
120422     INFO  main            d.u.i.k.p.i.AbstractProblemLoader Loading environment from /home/runner/work/key/key/key.core/../key.ui/examples/standard_key/strings/substring1.key 
120422     DEBUG main            d.u.i.k.p.i.AbstractProblemLoader Environment load took 79.2ns 
120423     INFO  main            d.u.i.k.p.i.AbstractProblemLoader Creating init config 
122679     DEBUG main            d.u.i.k.p.i.AbstractProblemLoader Init config took 2.26s 
122692     INFO  main            d.u.i.k.p.i.AbstractProblemLoader Replaying proof substring1.key 
122693     DEBUG main            d.u.i.k.p.i.IntermediateProofReplayer Proof replay took 7ns 
122795     INFO  main            d.u.i.k.p.r.p.TestFile    ... finished proof: closed. 
123023     INFO  main            d.u.i.k.p.i.AbstractProblemLoader Loading environment from /home/runner/work/key/key/key.core/../key.ui/examples/standard_key/strings/substring1.key.proof 
123023     DEBUG main            d.u.i.k.p.i.AbstractProblemLoader Environment load took 98.6ns 
123024     INFO  main            d.u.i.k.p.i.AbstractProblemLoader Creating init config 
125226     DEBUG main            d.u.i.k.p.i.AbstractProblemLoader Init config took 2.2s 
125238     INFO  main            d.u.i.k.p.i.AbstractProblemLoader Replaying proof substring1.key.proof 
125240     DEBUG main            d.u.i.k.p.i.IntermediateProofReplayer Proof replay took 409.9ns 
125241     DEBUG main            d.u.i.k.p.r.p.TestFile    ... success: reloaded. 
125241     INFO  main            d.u.i.k.p.r.p.TestFile    Now processing file /home/runner/work/key/key/key.core/../key.ui/examples/standard_key/strings/substring2.key 
125241     INFO  main            d.u.i.k.p.i.AbstractProblemLoader Loading environment from /home/runner/work/key/key/key.core/../key.ui/examples/standard_key/strings/substring2.key 
125241     DEBUG main            d.u.i.k.p.i.AbstractProblemLoader Environment load took 81.4ns 
125242     INFO  main            d.u.i.k.p.i.AbstractProblemLoader Creating init config 
127523     DEBUG main            d.u.i.k.p.i.AbstractProblemLoader Init config took 2.28s 
127537     INFO  main            d.u.i.k.p.i.AbstractProblemLoader Replaying proof substring2.key 
127539     DEBUG main            d.u.i.k.p.i.IntermediateProofReplayer Proof replay took 6.2ns 
127641     INFO  main            d.u.i.k.p.r.p.TestFile    ... finished proof: closed. 
127868     INFO  main            d.u.i.k.p.i.AbstractProblemLoader Loading environment from /home/runner/work/key/key/key.core/../key.ui/examples/standard_key/strings/substring2.key.proof 
127868     DEBUG main            d.u.i.k.p.i.AbstractProblemLoader Environment load took 95.4ns 
127869     INFO  main            d.u.i.k.p.i.AbstractProblemLoader Creating init config 
130067     DEBUG main            d.u.i.k.p.i.AbstractProblemLoader Init config took 2.2s 
130079     INFO  main            d.u.i.k.p.i.AbstractProblemLoader Replaying proof substring2.key.proof 
130082     DEBUG main            d.u.i.k.p.i.IntermediateProofReplayer Proof replay took 833.1ns 
130083     DEBUG main            d.u.i.k.p.r.p.TestFile    ... success: reloaded. 
130084     INFO  main            d.u.i.k.p.r.p.TestFile    Now processing file /home/runner/work/key/key/key.core/../key.ui/examples/standard_key/strings/substring3.key 
130084     INFO  main            d.u.i.k.p.i.AbstractProblemLoader Loading environment from /home/runner/work/key/key/key.core/../key.ui/examples/standard_key/strings/substring3.key 
130084     DEBUG main            d.u.i.k.p.i.AbstractProblemLoader Environment load took 73.6ns 
130085     INFO  main            d.u.i.k.p.i.AbstractProblemLoader Creating init config 
132369     DEBUG main            d.u.i.k.p.i.AbstractProblemLoader Init config took 2.28s 
132382     INFO  main            d.u.i.k.p.i.AbstractProblemLoader Replaying proof substring3.key 
132383     DEBUG main            d.u.i.k.p.i.IntermediateProofReplayer Proof replay took 6.3ns 
132487     INFO  main            d.u.i.k.p.r.p.TestFile    ... finished proof: closed. 
132722     INFO  main            d.u.i.k.p.i.AbstractProblemLoader Loading environment from /home/runner/work/key/key/key.core/../key.ui/examples/standard_key/strings/substring3.key.proof 
132722     DEBUG main            d.u.i.k.p.i.AbstractProblemLoader Environment load took 95.5ns 
132723     INFO  main            d.u.i.k.p.i.AbstractProblemLoader Creating init config 
134918     DEBUG main            d.u.i.k.p.i.AbstractProblemLoader Init config took 2.19s 
134930     INFO  main            d.u.i.k.p.i.AbstractProblemLoader Replaying proof substring3.key.proof 
134936     DEBUG main            d.u.i.k.p.i.IntermediateProofReplayer Proof replay took 4.62ms 
134941     DEBUG main            d.u.i.k.p.r.p.TestFile    ... success: reloaded. 
134942     INFO  main            d.u.i.k.p.r.p.TestFile    Now processing file /home/runner/work/key/key/key.core/../key.ui/examples/standard_key/strings/substring4.key 
134943     INFO  main            d.u.i.k.p.i.AbstractProblemLoader Loading environment from /home/runner/work/key/key/key.core/../key.ui/examples/standard_key/strings/substring4.key 
134945     DEBUG main            d.u.i.k.p.i.AbstractProblemLoader Environment load took 2.31ms 
134947     INFO  main            d.u.i.k.p.i.AbstractProblemLoader Creating init config 
137192     DEBUG main            d.u.i.k.p.i.AbstractProblemLoader Init config took 2.25s 
137207     INFO  main            d.u.i.k.p.i.AbstractProblemLoader Replaying proof substring4.key 
137209     DEBUG main            d.u.i.k.p.i.IntermediateProofReplayer Proof replay took 6.4ns 
137311     INFO  main            d.u.i.k.p.r.p.TestFile    ... finished proof: closed. 
137549     INFO  main            d.u.i.k.p.i.AbstractProblemLoader Loading environment from /home/runner/work/key/key/key.core/../key.ui/examples/standard_key/strings/substring4.key.proof 
137549     DEBUG main            d.u.i.k.p.i.AbstractProblemLoader Environment load took 98.6ns 
137550     INFO  main            d.u.i.k.p.i.AbstractProblemLoader Creating init config 
139742     DEBUG main            d.u.i.k.p.i.AbstractProblemLoader Init config took 2.19s 
139755     INFO  main            d.u.i.k.p.i.AbstractProblemLoader Replaying proof substring4.key.proof 
139759     DEBUG main            d.u.i.k.p.i.IntermediateProofReplayer Proof replay took 3.12ms 
139760     DEBUG main            d.u.i.k.p.r.p.TestFile    ... success: reloaded. 
139760     INFO  main            d.u.i.k.p.r.p.TestFile    Now processing file /home/runner/work/key/key/key.core/../key.ui/examples/standard_key/strings/substring5.key 
139760     INFO  main            d.u.i.k.p.i.AbstractProblemLoader Loading environment from /home/runner/work/key/key/key.core/../key.ui/examples/standard_key/strings/substring5.key 
139760     DEBUG main            d.u.i.k.p.i.AbstractProblemLoader Environment load took 69ns 
139761     INFO  main            d.u.i.k.p.i.AbstractProblemLoader Creating init config 
142022     DEBUG main            d.u.i.k.p.i.AbstractProblemLoader Init config took 2.26s 
142037     INFO  main            d.u.i.k.p.i.AbstractProblemLoader Replaying proof substring5.key 
142039     DEBUG main            d.u.i.k.p.i.IntermediateProofReplayer Proof replay took 5.5ns 
142344     INFO  main            d.u.i.k.p.r.p.TestFile    ... finished proof: closed. 
142597     INFO  main            d.u.i.k.p.i.AbstractProblemLoader Loading environment from /home/runner/work/key/key/key.core/../key.ui/examples/standard_key/strings/substring5.key.proof 
142597     DEBUG main            d.u.i.k.p.i.AbstractProblemLoader Environment load took 86.5ns 
142598     INFO  main            d.u.i.k.p.i.AbstractProblemLoader Creating init config 
144794     DEBUG main            d.u.i.k.p.i.AbstractProblemLoader Init config took 2.2s 
144807     INFO  main            d.u.i.k.p.i.AbstractProblemLoader Replaying proof substring5.key.proof 
144836     DEBUG main            d.u.i.k.p.i.IntermediateProofReplayer Proof replay took 25.18ms 
144837     DEBUG main            d.u.i.k.p.r.p.TestFile    ... success: reloaded. 
3878622    INFO  Test worker     d.u.i.k.p.r.RunAllProofsTestUnit Returning from test strings 
3878622    INFO  Test worker     d.u.i.k.p.r.RunAllProofsTestUnit Running test simple_info_flow 
373        INFO  Timeout watchdog d.u.i.k.p.r.p.ForkedTestFileRunner Timeout watcher launched (2000 secs.) 
381        WARN  main            d.u.i.k.s.ProofSettings   The settings in /home/runner/.key/proof-settings.props are *not* read. 
411        INFO  main            d.u.i.k.p.r.p.TestFile    Now processing file /home/runner/work/key/key/key.core/../key.ui/examples/heap/information_flow/UpdateAbstraction_ex7_1_insecure.key 
516        INFO  main            d.u.i.k.p.i.AbstractProblemLoader Loading environment from /home/runner/work/key/key/key.core/../key.ui/examples/heap/information_flow/UpdateAbstraction_ex7_1_insecure.key 
536        DEBUG main            d.u.i.k.p.i.AbstractProblemLoader Environment load took 2ms 
744        INFO  main            d.u.i.k.p.i.AbstractProblemLoader Creating init config 
1666       DEBUG main            d.u.i.k.j.TypeConverter   No LDT found for Meta 
1666       DEBUG main            d.u.i.k.j.TypeConverter   No LDT found for Meta 
1668       DEBUG main            d.u.i.k.j.TypeConverter   No LDT found for Meta 
1668       DEBUG main            d.u.i.k.j.TypeConverter   No LDT found for Meta 
2861       DEBUG main            d.u.i.k.j.TypeConverter   No LDT found for JavaBigintExpression 
8286       DEBUG main            d.u.i.k.p.i.AbstractProblemLoader Init config took 7.54s 
8408       INFO  main            d.u.i.k.p.i.AbstractProblemLoader Replaying proof UpdateAbstraction[UpdateAbstraction::ex7_1_insecure()].JML operation contract.0 
8438       DEBUG main            d.u.i.k.p.i.IntermediateProofReplayer Proof replay took 32.5ns 
9131       INFO  main            d.u.i.k.p.r.p.TestFile    ... finished proof: open goal(s) 
9235       INFO  main            d.u.i.k.p.r.p.TestFile    Now processing file /home/runner/work/key/key/key.core/../key.ui/examples/heap/information_flow/UpdateAbstraction_ex7_2_insecure.key 
9235       INFO  main            d.u.i.k.p.i.AbstractProblemLoader Loading environment from /home/runner/work/key/key/key.core/../key.ui/examples/heap/information_flow/UpdateAbstraction_ex7_2_insecure.key 
9235       DEBUG main            d.u.i.k.p.i.AbstractProblemLoader Environment load took 123.6ns 
9237       INFO  main            d.u.i.k.p.i.AbstractProblemLoader Creating init config 
12180      DEBUG main            d.u.i.k.p.i.AbstractProblemLoader Init config took 2.94s 
12261      INFO  main            d.u.i.k.p.i.AbstractProblemLoader Replaying proof UpdateAbstraction[UpdateAbstraction::ex7_2_insecure()].JML operation contract.0 
12267      DEBUG main            d.u.i.k.p.i.IntermediateProofReplayer Proof replay took 6.7ns 
12675      INFO  main            d.u.i.k.p.r.p.TestFile    ... finished proof: open goal(s) 
3891574    INFO  Test worker     d.u.i.k.p.r.RunAllProofsTestUnit Returning from test simple_info_flow 
3891575    INFO  Test worker     d.u.i.k.p.r.RunAllProofsTestUnit Running test modelMethods 
313        INFO  Timeout watchdog d.u.i.k.p.r.p.ForkedTestFileRunner Timeout watcher launched (2000 secs.) 
321        WARN  main            d.u.i.k.s.ProofSettings   The settings in /home/runner/.key/proof-settings.props are *not* read. 
358        INFO  main            d.u.i.k.p.r.p.TestFile    Now processing file /home/runner/work/key/key/key.core/../key.ui/examples/heap/model_methods/Cell_footprint_acc.key 
462        INFO  main            d.u.i.k.p.i.AbstractProblemLoader Loading environment from /home/runner/work/key/key/key.core/../key.ui/examples/heap/model_methods/Cell_footprint_acc.key 
477        DEBUG main            d.u.i.k.p.i.AbstractProblemLoader Environment load took 2.15ms 
748        INFO  main            d.u.i.k.p.i.AbstractProblemLoader Creating init config 
1617       DEBUG main            d.u.i.k.j.TypeConverter   No LDT found for Meta 
1618       DEBUG main            d.u.i.k.j.TypeConverter   No LDT found for Meta 
1619       DEBUG main            d.u.i.k.j.TypeConverter   No LDT found for Meta 
1619       DEBUG main            d.u.i.k.j.TypeConverter   No LDT found for Meta 
3219       DEBUG main            d.u.i.k.j.TypeConverter   No LDT found for JavaBigintExpression 
8887       DEBUG main            d.u.i.k.p.i.AbstractProblemLoader Init config took 8.14s 
9014       INFO  main            d.u.i.k.p.i.AbstractProblemLoader Replaying proof Cell[Cell::footprint()].JML accessible clause.0 
9044       DEBUG main            d.u.i.k.p.i.IntermediateProofReplayer Proof replay took 31ns 
9568       INFO  main            d.u.i.k.p.r.p.TestFile    ... finished proof: closed. 
9671       INFO  main            d.u.i.k.p.i.AbstractProblemLoader Loading environment from /home/runner/work/key/key/key.core/../key.ui/examples/heap/model_methods/Cell_footprint_acc.key.proof 
9671       DEBUG main            d.u.i.k.p.i.AbstractProblemLoader Environment load took 605.3ns 
9673       INFO  main            d.u.i.k.p.i.AbstractProblemLoader Creating init config 
12701      DEBUG main            d.u.i.k.p.i.AbstractProblemLoader Init config took 3.03s 
12825      INFO  main            d.u.i.k.p.i.AbstractProblemLoader Replaying proof Cell[Cell::footprint()].JML accessible clause.0 
12901      DEBUG main            d.u.i.k.p.i.IntermediateProofReplayer Proof replay took 62.14ms 
12908      DEBUG main            d.u.i.k.p.r.p.TestFile    ... success: reloaded. 
12911      INFO  main            d.u.i.k.p.r.p.TestFile    Now processing file /home/runner/work/key/key/key.core/../key.ui/examples/heap/model_methods/Cell_footprint.key 
12911      INFO  main            d.u.i.k.p.i.AbstractProblemLoader Loading environment from /home/runner/work/key/key/key.core/../key.ui/examples/heap/model_methods/Cell_footprint.key 
12911      DEBUG main            d.u.i.k.p.i.AbstractProblemLoader Environment load took 174.8ns 
12914      INFO  main            d.u.i.k.p.i.AbstractProblemLoader Creating init config 
15719      DEBUG main            d.u.i.k.p.i.AbstractProblemLoader Init config took 2.8s 
15781      INFO  main            d.u.i.k.p.i.AbstractProblemLoader Replaying proof Cell[Cell::footprint()].JML model_behavior operation contract.0 
15784      DEBUG main            d.u.i.k.p.i.IntermediateProofReplayer Proof replay took 6.8ns 
15886      INFO  main            d.u.i.k.p.r.p.TestFile    ... finished proof: closed. 
16010      INFO  main            d.u.i.k.p.i.AbstractProblemLoader Loading environment from /home/runner/work/key/key/key.core/../key.ui/examples/heap/model_methods/Cell_footprint.key.proof 
16010      DEBUG main            d.u.i.k.p.i.AbstractProblemLoader Environment load took 113.8ns 
16011      INFO  main            d.u.i.k.p.i.AbstractProblemLoader Creating init config 
18747      DEBUG main            d.u.i.k.p.i.AbstractProblemLoader Init config took 2.74s 
18801      INFO  main            d.u.i.k.p.i.AbstractProblemLoader Replaying proof Cell[Cell::footprint()].JML model_behavior operation contract.0 
18809      DEBUG main            d.u.i.k.p.i.IntermediateProofReplayer Proof replay took 6.18ms 
18811      DEBUG main            d.u.i.k.p.r.p.TestFile    ... success: reloaded. 
18812      INFO  main            d.u.i.k.p.r.p.TestFile    Now processing file /home/runner/work/key/key/key.core/../key.ui/examples/heap/model_methods/Cell_get_acc.key 
18812      INFO  main            d.u.i.k.p.i.AbstractProblemLoader Loading environment from /home/runner/work/key/key/key.core/../key.ui/examples/heap/model_methods/Cell_get_acc.key 
18812      DEBUG main            d.u.i.k.p.i.AbstractProblemLoader Environment load took 167.5ns 
18813      INFO  main            d.u.i.k.p.i.AbstractProblemLoader Creating init config 
21499      DEBUG main            d.u.i.k.p.i.AbstractProblemLoader Init config took 2.69s 
21546      INFO  main            d.u.i.k.p.i.AbstractProblemLoader Replaying proof Cell[Cell::get()].JML accessible clause.0 
21548      DEBUG main            d.u.i.k.p.i.IntermediateProofReplayer Proof replay took 5.3ns 
21754      INFO  main            d.u.i.k.p.r.p.TestFile    ... finished proof: closed. 
21869      INFO  main            d.u.i.k.p.i.AbstractProblemLoader Loading environment from /home/runner/work/key/key/key.core/../key.ui/examples/heap/model_methods/Cell_get_acc.key.proof 
21870      DEBUG main            d.u.i.k.p.i.AbstractProblemLoader Environment load took 112.8ns 
21871      INFO  main            d.u.i.k.p.i.AbstractProblemLoader Creating init config 
24527      DEBUG main            d.u.i.k.p.i.AbstractProblemLoader Init config took 2.66s 
24577      INFO  main            d.u.i.k.p.i.AbstractProblemLoader Replaying proof Cell[Cell::get()].JML accessible clause.0 
24615      DEBUG main            d.u.i.k.p.i.IntermediateProofReplayer Proof replay took 34.82ms 
24617      DEBUG main            d.u.i.k.p.r.p.TestFile    ... success: reloaded. 
24619      INFO  main            d.u.i.k.p.r.p.TestFile    Now processing file /home/runner/work/key/key/key.core/../key.ui/examples/heap/model_methods/Cell_get.key 
24619      INFO  main            d.u.i.k.p.i.AbstractProblemLoader Loading environment from /home/runner/work/key/key/key.core/../key.ui/examples/heap/model_methods/Cell_get.key 
24620      DEBUG main            d.u.i.k.p.i.AbstractProblemLoader Environment load took 103.6ns 
24621      INFO  main            d.u.i.k.p.i.AbstractProblemLoader Creating init config 
27325      DEBUG main            d.u.i.k.p.i.AbstractProblemLoader Init config took 2.7s 
27374      INFO  main            d.u.i.k.p.i.AbstractProblemLoader Replaying proof Cell[Cell::get()].JML operation contract.0 
27376      DEBUG main            d.u.i.k.p.i.IntermediateProofReplayer Proof replay took 6.4ns 
27478      INFO  main            d.u.i.k.p.r.p.TestFile    ... finished proof: closed. 
27611      INFO  main            d.u.i.k.p.i.AbstractProblemLoader Loading environment from /home/runner/work/key/key/key.core/../key.ui/examples/heap/model_methods/Cell_get.key.proof 
27612      DEBUG main            d.u.i.k.p.i.AbstractProblemLoader Environment load took 108.3ns 
27613      INFO  main            d.u.i.k.p.i.AbstractProblemLoader Creating init config 
30247      DEBUG main            d.u.i.k.p.i.AbstractProblemLoader Init config took 2.63s 
30294      INFO  main            d.u.i.k.p.i.AbstractProblemLoader Replaying proof Cell[Cell::get()].JML operation contract.0 
30310      DEBUG main            d.u.i.k.p.i.IntermediateProofReplayer Proof replay took 14.91ms 
30311      DEBUG main            d.u.i.k.p.r.p.TestFile    ... success: reloaded. 
30313      INFO  main            d.u.i.k.p.r.p.TestFile    Now processing file /home/runner/work/key/key/key.core/../key.ui/examples/heap/model_methods/Cell_post_set.key 
30313      INFO  main            d.u.i.k.p.i.AbstractProblemLoader Loading environment from /home/runner/work/key/key/key.core/../key.ui/examples/heap/model_methods/Cell_post_set.key 
30313      DEBUG main            d.u.i.k.p.i.AbstractProblemLoader Environment load took 118.6ns 
30314      INFO  main            d.u.i.k.p.i.AbstractProblemLoader Creating init config 
32953      DEBUG main            d.u.i.k.p.i.AbstractProblemLoader Init config took 2.64s 
32998      INFO  main            d.u.i.k.p.i.AbstractProblemLoader Replaying proof Cell[Cell::post_set(int)].JML model_behavior operation contract.0 
33000      DEBUG main            d.u.i.k.p.i.IntermediateProofReplayer Proof replay took 5.9ns 
33106      INFO  main            d.u.i.k.p.r.p.TestFile    ... finished proof: closed. 
33246      INFO  main            d.u.i.k.p.i.AbstractProblemLoader Loading environment from /home/runner/work/key/key/key.core/../key.ui/examples/heap/model_methods/Cell_post_set.key.proof 
33246      DEBUG main            d.u.i.k.p.i.AbstractProblemLoader Environment load took 107.7ns 
33247      INFO  main            d.u.i.k.p.i.AbstractProblemLoader Creating init config 
35880      DEBUG main            d.u.i.k.p.i.AbstractProblemLoader Init config took 2.63s 
35940      INFO  main            d.u.i.k.p.i.AbstractProblemLoader Replaying proof Cell[Cell::post_set(int)].JML model_behavior operation contract.0 
35947      DEBUG main            d.u.i.k.p.i.IntermediateProofReplayer Proof replay took 4.76ms 
35948      DEBUG main            d.u.i.k.p.r.p.TestFile    ... success: reloaded. 
35949      INFO  main            d.u.i.k.p.r.p.TestFile    Now processing file /home/runner/work/key/key/key.core/../key.ui/examples/heap/model_methods/Cell_set.key 
35949      INFO  main            d.u.i.k.p.i.AbstractProblemLoader Loading environment from /home/runner/work/key/key/key.core/../key.ui/examples/heap/model_methods/Cell_set.key 
35949      DEBUG main            d.u.i.k.p.i.AbstractProblemLoader Environment load took 205.9ns 
35950      INFO  main            d.u.i.k.p.i.AbstractProblemLoader Creating init config 
38642      DEBUG main            d.u.i.k.p.i.AbstractProblemLoader Init config took 2.69s 
38686      INFO  main            d.u.i.k.p.i.AbstractProblemLoader Replaying proof Cell[Cell::set(int)].JML operation contract.0 
38687      DEBUG main            d.u.i.k.p.i.IntermediateProofReplayer Proof replay took 7ns 
44627      INFO  main            d.u.i.k.p.r.p.TestFile    ... finished proof: closed. 
44812      INFO  main            d.u.i.k.p.i.AbstractProblemLoader Loading environment from /home/runner/work/key/key/key.core/../key.ui/examples/heap/model_methods/Cell_set.key.proof 
44812      DEBUG main            d.u.i.k.p.i.AbstractProblemLoader Environment load took 322.5ns 
44814      INFO  main            d.u.i.k.p.i.AbstractProblemLoader Creating init config 
47418      DEBUG main            d.u.i.k.p.i.AbstractProblemLoader Init config took 2.6s 
47469      INFO  main            d.u.i.k.p.i.AbstractProblemLoader Replaying proof Cell[Cell::set(int)].JML operation contract.0 
48136      DEBUG main            d.u.i.k.p.i.IntermediateProofReplayer Proof replay took 641.13ms 
48137      DEBUG main            d.u.i.k.p.r.p.TestFile    ... success: reloaded. 
48139      INFO  main            d.u.i.k.p.r.p.TestFile    Now processing file /home/runner/work/key/key/key.core/../key.ui/examples/heap/model_methods/CellTest_callSet.key 
48139      INFO  main            d.u.i.k.p.i.AbstractProblemLoader Loading environment from /home/runner/work/key/key/key.core/../key.ui/examples/heap/model_methods/CellTest_callSet.key 
48139      DEBUG main            d.u.i.k.p.i.AbstractProblemLoader Environment load took 159.5ns 
48140      INFO  main            d.u.i.k.p.i.AbstractProblemLoader Creating init config 
50828      DEBUG main            d.u.i.k.p.i.AbstractProblemLoader Init config took 2.69s 
50872      INFO  main            d.u.i.k.p.i.AbstractProblemLoader Replaying proof CellTest[CellTest::callSet(Cell,int)].JML operation contract.0 
50874      DEBUG main            d.u.i.k.p.i.IntermediateProofReplayer Proof replay took 6.3ns 
51078      INFO  main            d.u.i.k.p.r.p.TestFile    ... finished proof: closed. 
51238      INFO  main            d.u.i.k.p.i.AbstractProblemLoader Loading environment from /home/runner/work/key/key/key.core/../key.ui/examples/heap/model_methods/CellTest_callSet.key.proof 
51238      DEBUG main            d.u.i.k.p.i.AbstractProblemLoader Environment load took 110.7ns 
51239      INFO  main            d.u.i.k.p.i.AbstractProblemLoader Creating init config 
53828      DEBUG main            d.u.i.k.p.i.AbstractProblemLoader Init config took 2.59s 
53869      INFO  main            d.u.i.k.p.i.AbstractProblemLoader Replaying proof CellTest[CellTest::callSet(Cell,int)].JML operation contract.0 
53912      DEBUG main            d.u.i.k.p.i.IntermediateProofReplayer Proof replay took 41ms 
53913      DEBUG main            d.u.i.k.p.r.p.TestFile    ... success: reloaded. 
53914      INFO  main            d.u.i.k.p.r.p.TestFile    Now processing file /home/runner/work/key/key/key.core/../key.ui/examples/heap/model_methods/CellTest_test2.key 
53914      INFO  main            d.u.i.k.p.i.AbstractProblemLoader Loading environment from /home/runner/work/key/key/key.core/../key.ui/examples/heap/model_methods/CellTest_test2.key 
53914      DEBUG main            d.u.i.k.p.i.AbstractProblemLoader Environment load took 78.4ns 
53915      INFO  main            d.u.i.k.p.i.AbstractProblemLoader Creating init config 
56553      DEBUG main            d.u.i.k.p.i.AbstractProblemLoader Init config took 2.64s 
56594      INFO  main            d.u.i.k.p.i.AbstractProblemLoader Replaying proof CellTest[CellTest::test2(Cell)].JML operation contract.0 
56596      DEBUG main            d.u.i.k.p.i.IntermediateProofReplayer Proof replay took 7.1ns 
56899      INFO  main            d.u.i.k.p.r.p.TestFile    ... finished proof: closed. 
57068      INFO  main            d.u.i.k.p.i.AbstractProblemLoader Loading environment from /home/runner/work/key/key/key.core/../key.ui/examples/heap/model_methods/CellTest_test2.key.proof 
57068      DEBUG main            d.u.i.k.p.i.AbstractProblemLoader Environment load took 111.5ns 
57070      INFO  main            d.u.i.k.p.i.AbstractProblemLoader Creating init config 
59656      DEBUG main            d.u.i.k.p.i.AbstractProblemLoader Init config took 2.59s 
59697      INFO  main            d.u.i.k.p.i.AbstractProblemLoader Replaying proof CellTest[CellTest::test2(Cell)].JML operation contract.0 
59772      DEBUG main            d.u.i.k.p.i.IntermediateProofReplayer Proof replay took 72.34ms 
59773      DEBUG main            d.u.i.k.p.r.p.TestFile    ... success: reloaded. 
59774      INFO  main            d.u.i.k.p.r.p.TestFile    Now processing file /home/runner/work/key/key/key.core/../key.ui/examples/heap/model_methods/CellTest_test.key 
59775      INFO  main            d.u.i.k.p.i.AbstractProblemLoader Loading environment from /home/runner/work/key/key/key.core/../key.ui/examples/heap/model_methods/CellTest_test.key 
59775      DEBUG main            d.u.i.k.p.i.AbstractProblemLoader Environment load took 168ns 
59776      INFO  main            d.u.i.k.p.i.AbstractProblemLoader Creating init config 
62397      DEBUG main            d.u.i.k.p.i.AbstractProblemLoader Init config took 2.62s 
62458      INFO  main            d.u.i.k.p.i.AbstractProblemLoader Replaying proof CellTest[CellTest::test(Recell)].JML operation contract.0 
62459      DEBUG main            d.u.i.k.p.i.IntermediateProofReplayer Proof replay took 6.6ns 
64869      INFO  main            d.u.i.k.p.r.p.TestFile    ... finished proof: closed. 
65078      INFO  main            d.u.i.k.p.i.AbstractProblemLoader Loading environment from /home/runner/work/key/key/key.core/../key.ui/examples/heap/model_methods/CellTest_test.key.proof 
65079      DEBUG main            d.u.i.k.p.i.AbstractProblemLoader Environment load took 323.9ns 
65080      INFO  main            d.u.i.k.p.i.AbstractProblemLoader Creating init config 
67631      DEBUG main            d.u.i.k.p.i.AbstractProblemLoader Init config took 2.55s 
67689      INFO  main            d.u.i.k.p.i.AbstractProblemLoader Replaying proof CellTest[CellTest::test(Recell)].JML operation contract.0 
68198      DEBUG main            d.u.i.k.p.i.IntermediateProofReplayer Proof replay took 481.73ms 
68200      DEBUG main            d.u.i.k.p.r.p.TestFile    ... success: reloaded. 
68201      INFO  main            d.u.i.k.p.r.p.TestFile    Now processing file /home/runner/work/key/key/key.core/../key.ui/examples/heap/model_methods/Coll1_add.key 
68201      INFO  main            d.u.i.k.p.i.AbstractProblemLoader Loading environment from /home/runner/work/key/key/key.core/../key.ui/examples/heap/model_methods/Coll1_add.key 
68201      DEBUG main            d.u.i.k.p.i.AbstractProblemLoader Environment load took 169.7ns 
68202      INFO  main            d.u.i.k.p.i.AbstractProblemLoader Creating init config 
70802      DEBUG main            d.u.i.k.p.i.AbstractProblemLoader Init config took 2.6s 
70841      INFO  main            d.u.i.k.p.i.AbstractProblemLoader Replaying proof Coll1[Coll::add(int)].JML operation contract.0 
70843      DEBUG main            d.u.i.k.p.i.IntermediateProofReplayer Proof replay took 6.2ns 
70944      INFO  main            d.u.i.k.p.r.p.TestFile    ... finished proof: closed. 
71119      INFO  main            d.u.i.k.p.i.AbstractProblemLoader Loading environment from /home/runner/work/key/key/key.core/../key.ui/examples/heap/model_methods/Coll1_add.key.proof 
71119      DEBUG main            d.u.i.k.p.i.AbstractProblemLoader Environment load took 117.1ns 
71120      INFO  main            d.u.i.k.p.i.AbstractProblemLoader Creating init config 
73666      DEBUG main            d.u.i.k.p.i.AbstractProblemLoader Init config took 2.55s 
73706      INFO  main            d.u.i.k.p.i.AbstractProblemLoader Replaying proof Coll1[Coll::add(int)].JML operation contract.0 
73715      DEBUG main            d.u.i.k.p.i.IntermediateProofReplayer Proof replay took 6.61ms 
73715      DEBUG main            d.u.i.k.p.r.p.TestFile    ... success: reloaded. 
73716      INFO  main            d.u.i.k.p.r.p.TestFile    Now processing file /home/runner/work/key/key/key.core/../key.ui/examples/heap/model_methods/Coll1_Coll1_add_pre.key 
73717      INFO  main            d.u.i.k.p.i.AbstractProblemLoader Loading environment from /home/runner/work/key/key/key.core/../key.ui/examples/heap/model_methods/Coll1_Coll1_add_pre.key 
73717      DEBUG main            d.u.i.k.p.i.AbstractProblemLoader Environment load took 100.3ns 
73717      INFO  main            d.u.i.k.p.i.AbstractProblemLoader Creating init config 
76324      DEBUG main            d.u.i.k.p.i.AbstractProblemLoader Init config took 2.61s 
76362      INFO  main            d.u.i.k.p.i.AbstractProblemLoader Replaying proof Coll1[Coll1::add_pre(int)].JML model_behavior operation contract.0 
76363      DEBUG main            d.u.i.k.p.i.IntermediateProofReplayer Proof replay took 6.8ns 
76465      INFO  main            d.u.i.k.p.r.p.TestFile    ... finished proof: closed. 
76641      INFO  main            d.u.i.k.p.i.AbstractProblemLoader Loading environment from /home/runner/work/key/key/key.core/../key.ui/examples/heap/model_methods/Coll1_Coll1_add_pre.key.proof 
76641      DEBUG main            d.u.i.k.p.i.AbstractProblemLoader Environment load took 104.7ns 
76642      INFO  main            d.u.i.k.p.i.AbstractProblemLoader Creating init config 
79216      DEBUG main            d.u.i.k.p.i.AbstractProblemLoader Init config took 2.57s 
79253      INFO  main            d.u.i.k.p.i.AbstractProblemLoader Replaying proof Coll1[Coll1::add_pre(int)].JML model_behavior operation contract.0 
79256      DEBUG main            d.u.i.k.p.i.IntermediateProofReplayer Proof replay took 1.32ms 
79257      DEBUG main            d.u.i.k.p.r.p.TestFile    ... success: reloaded. 
79258      INFO  main            d.u.i.k.p.r.p.TestFile    Now processing file /home/runner/work/key/key/key.core/../key.ui/examples/heap/model_methods/Coll1_Coll_add_pre.key 
79258      INFO  main            d.u.i.k.p.i.AbstractProblemLoader Loading environment from /home/runner/work/key/key/key.core/../key.ui/examples/heap/model_methods/Coll1_Coll_add_pre.key 
79258      DEBUG main            d.u.i.k.p.i.AbstractProblemLoader Environment load took 78ns 
79259      INFO  main            d.u.i.k.p.i.AbstractProblemLoader Creating init config 
81862      DEBUG main            d.u.i.k.p.i.AbstractProblemLoader Init config took 2.6s 
81902      INFO  main            d.u.i.k.p.i.AbstractProblemLoader Replaying proof Coll1[Coll::add_pre(int)].JML model_behavior operation contract.0 
81904      DEBUG main            d.u.i.k.p.i.IntermediateProofReplayer Proof replay took 5.8ns 
82005      INFO  main            d.u.i.k.p.r.p.TestFile    ... finished proof: closed. 
82175      INFO  main            d.u.i.k.p.i.AbstractProblemLoader Loading environment from /home/runner/work/key/key/key.core/../key.ui/examples/heap/model_methods/Coll1_Coll_add_pre.key.proof 
82175      DEBUG main            d.u.i.k.p.i.AbstractProblemLoader Environment load took 105.9ns 
82176      INFO  main            d.u.i.k.p.i.AbstractProblemLoader Creating init config 
84791      DEBUG main            d.u.i.k.p.i.AbstractProblemLoader Init config took 2.62s 
84835      INFO  main            d.u.i.k.p.i.AbstractProblemLoader Replaying proof Coll1[Coll::add_pre(int)].JML model_behavior operation contract.0 
84838      DEBUG main            d.u.i.k.p.i.IntermediateProofReplayer Proof replay took 2.19ms 
84839      DEBUG main            d.u.i.k.p.r.p.TestFile    ... success: reloaded. 
84840      INFO  main            d.u.i.k.p.r.p.TestFile    Now processing file /home/runner/work/key/key/key.core/../key.ui/examples/heap/model_methods/Coll2_add.key 
84841      INFO  main            d.u.i.k.p.i.AbstractProblemLoader Loading environment from /home/runner/work/key/key/key.core/../key.ui/examples/heap/model_methods/Coll2_add.key 
84841      DEBUG main            d.u.i.k.p.i.AbstractProblemLoader Environment load took 156.6ns 
84842      INFO  main            d.u.i.k.p.i.AbstractProblemLoader Creating init config 
87462      DEBUG main            d.u.i.k.p.i.AbstractProblemLoader Init config took 2.62s 
87500      INFO  main            d.u.i.k.p.i.AbstractProblemLoader Replaying proof Coll2[Coll::add(int)].JML operation contract.0 
87501      DEBUG main            d.u.i.k.p.i.IntermediateProofReplayer Proof replay took 5.7ns 
87602      INFO  main            d.u.i.k.p.r.p.TestFile    ... finished proof: closed. 
87786      INFO  main            d.u.i.k.p.i.AbstractProblemLoader Loading environment from /home/runner/work/key/key/key.core/../key.ui/examples/heap/model_methods/Coll2_add.key.proof 
87786      DEBUG main            d.u.i.k.p.i.AbstractProblemLoader Environment load took 102.7ns 
87787      INFO  main            d.u.i.k.p.i.AbstractProblemLoader Creating init config 
90328      DEBUG main            d.u.i.k.p.i.AbstractProblemLoader Init config took 2.54s 
90366      INFO  main            d.u.i.k.p.i.AbstractProblemLoader Replaying proof Coll2[Coll::add(int)].JML operation contract.0 
90373      DEBUG main            d.u.i.k.p.i.IntermediateProofReplayer Proof replay took 6.15ms 
90374      DEBUG main            d.u.i.k.p.r.p.TestFile    ... success: reloaded. 
90375      INFO  main            d.u.i.k.p.r.p.TestFile    Now processing file /home/runner/work/key/key/key.core/../key.ui/examples/heap/model_methods/Coll2_Coll2_add_pre.key 
90376      INFO  main            d.u.i.k.p.i.AbstractProblemLoader Loading environment from /home/runner/work/key/key/key.core/../key.ui/examples/heap/model_methods/Coll2_Coll2_add_pre.key 
90376      DEBUG main            d.u.i.k.p.i.AbstractProblemLoader Environment load took 160.4ns 
90377      INFO  main            d.u.i.k.p.i.AbstractProblemLoader Creating init config 
92973      DEBUG main            d.u.i.k.p.i.AbstractProblemLoader Init config took 2.6s 
93011      INFO  main            d.u.i.k.p.i.AbstractProblemLoader Replaying proof Coll2[Coll2::add_pre(int)].JML model_behavior operation contract.0 
93012      DEBUG main            d.u.i.k.p.i.IntermediateProofReplayer Proof replay took 6.6ns 
93114      INFO  main            d.u.i.k.p.r.p.TestFile    ... finished proof: closed. 
93358      INFO  main            d.u.i.k.p.i.AbstractProblemLoader Loading environment from /home/runner/work/key/key/key.core/../key.ui/examples/heap/model_methods/Coll2_Coll2_add_pre.key.proof 
93358      DEBUG main            d.u.i.k.p.i.AbstractProblemLoader Environment load took 100.4ns 
93358      INFO  main            d.u.i.k.p.i.AbstractProblemLoader Creating init config 
95902      DEBUG main            d.u.i.k.p.i.AbstractProblemLoader Init config took 2.54s 
95943      INFO  main            d.u.i.k.p.i.AbstractProblemLoader Replaying proof Coll2[Coll2::add_pre(int)].JML model_behavior operation contract.0 
95946      DEBUG main            d.u.i.k.p.i.IntermediateProofReplayer Proof replay took 1.32ms 
95947      DEBUG main            d.u.i.k.p.r.p.TestFile    ... success: reloaded. 
95948      INFO  main            d.u.i.k.p.r.p.TestFile    Now processing file /home/runner/work/key/key/key.core/../key.ui/examples/heap/model_methods/Coll2_Coll_add_pre.key 
95948      INFO  main            d.u.i.k.p.i.AbstractProblemLoader Loading environment from /home/runner/work/key/key/key.core/../key.ui/examples/heap/model_methods/Coll2_Coll_add_pre.key 
95948      DEBUG main            d.u.i.k.p.i.AbstractProblemLoader Environment load took 85.1ns 
95949      INFO  main            d.u.i.k.p.i.AbstractProblemLoader Creating init config 
98540      DEBUG main            d.u.i.k.p.i.AbstractProblemLoader Init config took 2.59s 
98578      INFO  main            d.u.i.k.p.i.AbstractProblemLoader Replaying proof Coll2[Coll::add_pre(int)].JML model_behavior operation contract.0 
98582      DEBUG main            d.u.i.k.p.i.IntermediateProofReplayer Proof replay took 6.2ns 
98684      INFO  main            d.u.i.k.p.r.p.TestFile    ... finished proof: closed. 
98885      INFO  main            d.u.i.k.p.i.AbstractProblemLoader Loading environment from /home/runner/work/key/key/key.core/../key.ui/examples/heap/model_methods/Coll2_Coll_add_pre.key.proof 
98885      DEBUG main            d.u.i.k.p.i.AbstractProblemLoader Environment load took 104.2ns 
98886      INFO  main            d.u.i.k.p.i.AbstractProblemLoader Creating init config 
101420     DEBUG main            d.u.i.k.p.i.AbstractProblemLoader Init config took 2.53s 
101457     INFO  main            d.u.i.k.p.i.AbstractProblemLoader Replaying proof Coll2[Coll::add_pre(int)].JML model_behavior operation contract.0 
101460     DEBUG main            d.u.i.k.p.i.IntermediateProofReplayer Proof replay took 1.9ms 
101461     DEBUG main            d.u.i.k.p.r.p.TestFile    ... success: reloaded. 
101462     INFO  main            d.u.i.k.p.r.p.TestFile    Now processing file /home/runner/work/key/key/key.core/../key.ui/examples/heap/model_methods/Coll_add.key 
101462     INFO  main            d.u.i.k.p.i.AbstractProblemLoader Loading environment from /home/runner/work/key/key/key.core/../key.ui/examples/heap/model_methods/Coll_add.key 
101463     DEBUG main            d.u.i.k.p.i.AbstractProblemLoader Environment load took 91.5ns 
101463     INFO  main            d.u.i.k.p.i.AbstractProblemLoader Creating init config 
104067     DEBUG main            d.u.i.k.p.i.AbstractProblemLoader Init config took 2.6s 
104104     INFO  main            d.u.i.k.p.i.AbstractProblemLoader Replaying proof Coll[Coll::add(int)].JML operation contract.0 
104106     DEBUG main            d.u.i.k.p.i.IntermediateProofReplayer Proof replay took 6.7ns 
104210     INFO  main            d.u.i.k.p.r.p.TestFile    ... finished proof: closed. 
104410     INFO  main            d.u.i.k.p.i.AbstractProblemLoader Loading environment from /home/runner/work/key/key/key.core/../key.ui/examples/heap/model_methods/Coll_add.key.proof 
104410     DEBUG main            d.u.i.k.p.i.AbstractProblemLoader Environment load took 119ns 
104411     INFO  main            d.u.i.k.p.i.AbstractProblemLoader Creating init config 
106937     DEBUG main            d.u.i.k.p.i.AbstractProblemLoader Init config took 2.53s 
107002     INFO  main            d.u.i.k.p.i.AbstractProblemLoader Replaying proof Coll[Coll::add(int)].JML operation contract.0 
107010     DEBUG main            d.u.i.k.p.i.IntermediateProofReplayer Proof replay took 3.78ms 
107011     DEBUG main            d.u.i.k.p.r.p.TestFile    ... success: reloaded. 
107012     INFO  main            d.u.i.k.p.r.p.TestFile    Now processing file /home/runner/work/key/key/key.core/../key.ui/examples/heap/model_methods/Coll_add_pre.key 
107013     INFO  main            d.u.i.k.p.i.AbstractProblemLoader Loading environment from /home/runner/work/key/key/key.core/../key.ui/examples/heap/model_methods/Coll_add_pre.key 
107013     DEBUG main            d.u.i.k.p.i.AbstractProblemLoader Environment load took 183.2ns 
107014     INFO  main            d.u.i.k.p.i.AbstractProblemLoader Creating init config 
109602     DEBUG main            d.u.i.k.p.i.AbstractProblemLoader Init config took 2.59s 
109638     INFO  main            d.u.i.k.p.i.AbstractProblemLoader Replaying proof Coll[Coll::add_pre(int)].JML model_behavior operation contract.0 
109640     DEBUG main            d.u.i.k.p.i.IntermediateProofReplayer Proof replay took 5.4ns 
109741     INFO  main            d.u.i.k.p.r.p.TestFile    ... finished proof: closed. 
109958     INFO  main            d.u.i.k.p.i.AbstractProblemLoader Loading environment from /home/runner/work/key/key/key.core/../key.ui/examples/heap/model_methods/Coll_add_pre.key.proof 
109958     DEBUG main            d.u.i.k.p.i.AbstractProblemLoader Environment load took 165.3ns 
109959     INFO  main            d.u.i.k.p.i.AbstractProblemLoader Creating init config 
112493     DEBUG main            d.u.i.k.p.i.AbstractProblemLoader Init config took 2.53s 
112529     INFO  main            d.u.i.k.p.i.AbstractProblemLoader Replaying proof Coll[Coll::add_pre(int)].JML model_behavior operation contract.0 
112532     DEBUG main            d.u.i.k.p.i.IntermediateProofReplayer Proof replay took 2.28ms 
112533     DEBUG main            d.u.i.k.p.r.p.TestFile    ... success: reloaded. 
112534     INFO  main            d.u.i.k.p.r.p.TestFile    Now processing file /home/runner/work/key/key/key.core/../key.ui/examples/heap/model_methods/Indirect_callAdd.key 
112534     INFO  main            d.u.i.k.p.i.AbstractProblemLoader Loading environment from /home/runner/work/key/key/key.core/../key.ui/examples/heap/model_methods/Indirect_callAdd.key 
112534     DEBUG main            d.u.i.k.p.i.AbstractProblemLoader Environment load took 80.2ns 
112535     INFO  main            d.u.i.k.p.i.AbstractProblemLoader Creating init config 
115110     DEBUG main            d.u.i.k.p.i.AbstractProblemLoader Init config took 2.57s 
115146     INFO  main            d.u.i.k.p.i.AbstractProblemLoader Replaying proof Indirect[Indirect::callAdd(Coll,int)].JML operation contract.0 
115147     DEBUG main            d.u.i.k.p.i.IntermediateProofReplayer Proof replay took 5.7ns 
115249     INFO  main            d.u.i.k.p.r.p.TestFile    ... finished proof: closed. 
115481     INFO  main            d.u.i.k.p.i.AbstractProblemLoader Loading environment from /home/runner/work/key/key/key.core/../key.ui/examples/heap/model_methods/Indirect_callAdd.key.proof 
115481     DEBUG main            d.u.i.k.p.i.AbstractProblemLoader Environment load took 97.9ns 
115482     INFO  main            d.u.i.k.p.i.AbstractProblemLoader Creating init config 
117986     DEBUG main            d.u.i.k.p.i.AbstractProblemLoader Init config took 2.5s 
118023     INFO  main            d.u.i.k.p.i.AbstractProblemLoader Replaying proof Indirect[Indirect::callAdd(Coll,int)].JML operation contract.0 
118046     DEBUG main            d.u.i.k.p.i.IntermediateProofReplayer Proof replay took 21.68ms 
118047     DEBUG main            d.u.i.k.p.r.p.TestFile    ... success: reloaded. 
118048     INFO  main            d.u.i.k.p.r.p.TestFile    Now processing file /home/runner/work/key/key/key.core/../key.ui/examples/heap/model_methods/Indirect_test.key 
118048     INFO  main            d.u.i.k.p.i.AbstractProblemLoader Loading environment from /home/runner/work/key/key/key.core/../key.ui/examples/heap/model_methods/Indirect_test.key 
118048     DEBUG main            d.u.i.k.p.i.AbstractProblemLoader Environment load took 62.9ns 
118049     INFO  main            d.u.i.k.p.i.AbstractProblemLoader Creating init config 
120651     DEBUG main            d.u.i.k.p.i.AbstractProblemLoader Init config took 2.6s 
120687     INFO  main            d.u.i.k.p.i.AbstractProblemLoader Replaying proof Indirect[Indirect::test(Coll1,Coll2)].JML operation contract.0 
120688     DEBUG main            d.u.i.k.p.i.IntermediateProofReplayer Proof replay took 6.4ns 
120894     INFO  main            d.u.i.k.p.r.p.TestFile    ... finished proof: closed. 
121118     INFO  main            d.u.i.k.p.i.AbstractProblemLoader Loading environment from /home/runner/work/key/key/key.core/../key.ui/examples/heap/model_methods/Indirect_test.key.proof 
121118     DEBUG main            d.u.i.k.p.i.AbstractProblemLoader Environment load took 93.6ns 
121119     INFO  main            d.u.i.k.p.i.AbstractProblemLoader Creating init config 
123632     DEBUG main            d.u.i.k.p.i.AbstractProblemLoader Init config took 2.51s 
123669     INFO  main            d.u.i.k.p.i.AbstractProblemLoader Replaying proof Indirect[Indirect::test(Coll1,Coll2)].JML operation contract.0 
123717     DEBUG main            d.u.i.k.p.i.IntermediateProofReplayer Proof replay took 45.39ms 
123718     DEBUG main            d.u.i.k.p.r.p.TestFile    ... success: reloaded. 
123719     INFO  main            d.u.i.k.p.r.p.TestFile    Now processing file /home/runner/work/key/key/key.core/../key.ui/examples/heap/model_methods/Recell_Cell_footprint.key 
123719     INFO  main            d.u.i.k.p.i.AbstractProblemLoader Loading environment from /home/runner/work/key/key/key.core/../key.ui/examples/heap/model_methods/Recell_Cell_footprint.key 
123719     DEBUG main            d.u.i.k.p.i.AbstractProblemLoader Environment load took 78.3ns 
123720     INFO  main            d.u.i.k.p.i.AbstractProblemLoader Creating init config 
126332     DEBUG main            d.u.i.k.p.i.AbstractProblemLoader Init config took 2.61s 
126387     INFO  main            d.u.i.k.p.i.AbstractProblemLoader Replaying proof Recell[Cell::footprint()].JML model_behavior operation contract.0 
126389     DEBUG main            d.u.i.k.p.i.IntermediateProofReplayer Proof replay took 6.4ns 
126491     INFO  main            d.u.i.k.p.r.p.TestFile    ... finished proof: closed. 
126714     INFO  main            d.u.i.k.p.i.AbstractProblemLoader Loading environment from /home/runner/work/key/key/key.core/../key.ui/examples/heap/model_methods/Recell_Cell_footprint.key.proof 
126714     DEBUG main            d.u.i.k.p.i.AbstractProblemLoader Environment load took 94.7ns 
126715     INFO  main            d.u.i.k.p.i.AbstractProblemLoader Creating init config 
129218     DEBUG main            d.u.i.k.p.i.AbstractProblemLoader Init config took 2.5s 
129254     INFO  main            d.u.i.k.p.i.AbstractProblemLoader Replaying proof Recell[Cell::footprint()].JML model_behavior operation contract.0 
129258     DEBUG main            d.u.i.k.p.i.IntermediateProofReplayer Proof replay took 2.77ms 
129258     DEBUG main            d.u.i.k.p.r.p.TestFile    ... success: reloaded. 
129259     INFO  main            d.u.i.k.p.r.p.TestFile    Now processing file /home/runner/work/key/key/key.core/../key.ui/examples/heap/model_methods/Recell_Cell_post_set.key 
129259     INFO  main            d.u.i.k.p.i.AbstractProblemLoader Loading environment from /home/runner/work/key/key/key.core/../key.ui/examples/heap/model_methods/Recell_Cell_post_set.key 
129259     DEBUG main            d.u.i.k.p.i.AbstractProblemLoader Environment load took 75.9ns 
129260     INFO  main            d.u.i.k.p.i.AbstractProblemLoader Creating init config 
131827     DEBUG main            d.u.i.k.p.i.AbstractProblemLoader Init config took 2.57s 
131863     INFO  main            d.u.i.k.p.i.AbstractProblemLoader Replaying proof Recell[Cell::post_set(int)].JML model_behavior operation contract.0 
131864     DEBUG main            d.u.i.k.p.i.IntermediateProofReplayer Proof replay took 5.9ns 
131966     INFO  main            d.u.i.k.p.r.p.TestFile    ... finished proof: closed. 
132199     INFO  main            d.u.i.k.p.i.AbstractProblemLoader Loading environment from /home/runner/work/key/key/key.core/../key.ui/examples/heap/model_methods/Recell_Cell_post_set.key.proof 
132199     DEBUG main            d.u.i.k.p.i.AbstractProblemLoader Environment load took 97.3ns 
132200     INFO  main            d.u.i.k.p.i.AbstractProblemLoader Creating init config 
134711     DEBUG main            d.u.i.k.p.i.AbstractProblemLoader Init config took 2.51s 
134746     INFO  main            d.u.i.k.p.i.AbstractProblemLoader Replaying proof Recell[Cell::post_set(int)].JML model_behavior operation contract.0 
134751     DEBUG main            d.u.i.k.p.i.IntermediateProofReplayer Proof replay took 3.66ms 
134752     DEBUG main            d.u.i.k.p.r.p.TestFile    ... success: reloaded. 
134753     INFO  main            d.u.i.k.p.r.p.TestFile    Now processing file /home/runner/work/key/key/key.core/../key.ui/examples/heap/model_methods/Recell_footprint_acc.key 
134753     INFO  main            d.u.i.k.p.i.AbstractProblemLoader Loading environment from /home/runner/work/key/key/key.core/../key.ui/examples/heap/model_methods/Recell_footprint_acc.key 
134753     DEBUG main            d.u.i.k.p.i.AbstractProblemLoader Environment load took 97ns 
134754     INFO  main            d.u.i.k.p.i.AbstractProblemLoader Creating init config 
137331     DEBUG main            d.u.i.k.p.i.AbstractProblemLoader Init config took 2.58s 
137366     INFO  main            d.u.i.k.p.i.AbstractProblemLoader Replaying proof Recell[Cell::footprint()].JML accessible clause.0 
137368     DEBUG main            d.u.i.k.p.i.IntermediateProofReplayer Proof replay took 6.2ns 
137470     INFO  main            d.u.i.k.p.r.p.TestFile    ... finished proof: closed. 
137730     INFO  main            d.u.i.k.p.i.AbstractProblemLoader Loading environment from /home/runner/work/key/key/key.core/../key.ui/examples/heap/model_methods/Recell_footprint_acc.key.proof 
137730     DEBUG main            d.u.i.k.p.i.AbstractProblemLoader Environment load took 96.6ns 
137731     INFO  main            d.u.i.k.p.i.AbstractProblemLoader Creating init config 
140244     DEBUG main            d.u.i.k.p.i.AbstractProblemLoader Init config took 2.51s 
140279     INFO  main            d.u.i.k.p.i.AbstractProblemLoader Replaying proof Recell[Cell::footprint()].JML accessible clause.0 
140296     DEBUG main            d.u.i.k.p.i.IntermediateProofReplayer Proof replay took 14.64ms 
140296     DEBUG main            d.u.i.k.p.r.p.TestFile    ... success: reloaded. 
140297     INFO  main            d.u.i.k.p.r.p.TestFile    Now processing file /home/runner/work/key/key/key.core/../key.ui/examples/heap/model_methods/Recell_get_acc.key 
140297     INFO  main            d.u.i.k.p.i.AbstractProblemLoader Loading environment from /home/runner/work/key/key/key.core/../key.ui/examples/heap/model_methods/Recell_get_acc.key 
140297     DEBUG main            d.u.i.k.p.i.AbstractProblemLoader Environment load took 67.5ns 
140298     INFO  main            d.u.i.k.p.i.AbstractProblemLoader Creating init config 
142863     DEBUG main            d.u.i.k.p.i.AbstractProblemLoader Init config took 2.56s 
142897     INFO  main            d.u.i.k.p.i.AbstractProblemLoader Replaying proof Recell[Cell::get()].JML accessible clause.0 
142899     DEBUG main            d.u.i.k.p.i.IntermediateProofReplayer Proof replay took 6.3ns 
143000     INFO  main            d.u.i.k.p.r.p.TestFile    ... finished proof: closed. 
143314     INFO  main            d.u.i.k.p.i.AbstractProblemLoader Loading environment from /home/runner/work/key/key/key.core/../key.ui/examples/heap/model_methods/Recell_get_acc.key.proof 
143314     DEBUG main            d.u.i.k.p.i.AbstractProblemLoader Environment load took 96.1ns 
143315     INFO  main            d.u.i.k.p.i.AbstractProblemLoader Creating init config 
145822     DEBUG main            d.u.i.k.p.i.AbstractProblemLoader Init config took 2.51s 
145859     INFO  main            d.u.i.k.p.i.AbstractProblemLoader Replaying proof Recell[Cell::get()].JML accessible clause.0 
145876     DEBUG main            d.u.i.k.p.i.IntermediateProofReplayer Proof replay took 14.81ms 
145877     DEBUG main            d.u.i.k.p.r.p.TestFile    ... success: reloaded. 
145878     INFO  main            d.u.i.k.p.r.p.TestFile    Now processing file /home/runner/work/key/key/key.core/../key.ui/examples/heap/model_methods/Recell_get.key 
145878     INFO  main            d.u.i.k.p.i.AbstractProblemLoader Loading environment from /home/runner/work/key/key/key.core/../key.ui/examples/heap/model_methods/Recell_get.key 
145878     DEBUG main            d.u.i.k.p.i.AbstractProblemLoader Environment load took 145.1ns 
145879     INFO  main            d.u.i.k.p.i.AbstractProblemLoader Creating init config 
148438     DEBUG main            d.u.i.k.p.i.AbstractProblemLoader Init config took 2.56s 
148475     INFO  main            d.u.i.k.p.i.AbstractProblemLoader Replaying proof Recell[Cell::get()].JML operation contract.0 
148476     DEBUG main            d.u.i.k.p.i.IntermediateProofReplayer Proof replay took 5.8ns 
148578     INFO  main            d.u.i.k.p.r.p.TestFile    ... finished proof: closed. 
148824     INFO  main            d.u.i.k.p.i.AbstractProblemLoader Loading environment from /home/runner/work/key/key/key.core/../key.ui/examples/heap/model_methods/Recell_get.key.proof 
148825     DEBUG main            d.u.i.k.p.i.AbstractProblemLoader Environment load took 92.1ns 
148825     INFO  main            d.u.i.k.p.i.AbstractProblemLoader Creating init config 
151334     DEBUG main            d.u.i.k.p.i.AbstractProblemLoader Init config took 2.51s 
151370     INFO  main            d.u.i.k.p.i.AbstractProblemLoader Replaying proof Recell[Cell::get()].JML operation contract.0 
151381     DEBUG main            d.u.i.k.p.i.IntermediateProofReplayer Proof replay took 8.8ms 
151382     DEBUG main            d.u.i.k.p.r.p.TestFile    ... success: reloaded. 
151382     INFO  main            d.u.i.k.p.r.p.TestFile    Now processing file /home/runner/work/key/key/key.core/../key.ui/examples/heap/model_methods/Recell_Recell_footprint.key 
151383     INFO  main            d.u.i.k.p.i.AbstractProblemLoader Loading environment from /home/runner/work/key/key/key.core/../key.ui/examples/heap/model_methods/Recell_Recell_footprint.key 
151383     DEBUG main            d.u.i.k.p.i.AbstractProblemLoader Environment load took 152ns 
151385     INFO  main            d.u.i.k.p.i.AbstractProblemLoader Creating init config 
153940     DEBUG main            d.u.i.k.p.i.AbstractProblemLoader Init config took 2.56s 
153976     INFO  main            d.u.i.k.p.i.AbstractProblemLoader Replaying proof Recell[Recell::footprint()].JML model_behavior operation contract.0 
153977     DEBUG main            d.u.i.k.p.i.IntermediateProofReplayer Proof replay took 5.8ns 
154082     INFO  main            d.u.i.k.p.r.p.TestFile    ... finished proof: closed. 
154331     INFO  main            d.u.i.k.p.i.AbstractProblemLoader Loading environment from /home/runner/work/key/key/key.core/../key.ui/examples/heap/model_methods/Recell_Recell_footprint.key.proof 
154331     DEBUG main            d.u.i.k.p.i.AbstractProblemLoader Environment load took 96.6ns 
154332     INFO  main            d.u.i.k.p.i.AbstractProblemLoader Creating init config 
156841     DEBUG main            d.u.i.k.p.i.AbstractProblemLoader Init config took 2.51s 
156875     INFO  main            d.u.i.k.p.i.AbstractProblemLoader Replaying proof Recell[Recell::footprint()].JML model_behavior operation contract.0 
156878     DEBUG main            d.u.i.k.p.i.IntermediateProofReplayer Proof replay took 1.23ms 
156879     DEBUG main            d.u.i.k.p.r.p.TestFile    ... success: reloaded. 
156880     INFO  main            d.u.i.k.p.r.p.TestFile    Now processing file /home/runner/work/key/key/key.core/../key.ui/examples/heap/model_methods/Recell_Recell_post_set.key 
156880     INFO  main            d.u.i.k.p.i.AbstractProblemLoader Loading environment from /home/runner/work/key/key/key.core/../key.ui/examples/heap/model_methods/Recell_Recell_post_set.key 
156880     DEBUG main            d.u.i.k.p.i.AbstractProblemLoader Environment load took 185.1ns 
156881     INFO  main            d.u.i.k.p.i.AbstractProblemLoader Creating init config 
159429     DEBUG main            d.u.i.k.p.i.AbstractProblemLoader Init config took 2.55s 
159465     INFO  main            d.u.i.k.p.i.AbstractProblemLoader Replaying proof Recell[Recell::post_set(int)].JML model_behavior operation contract.0 
159466     DEBUG main            d.u.i.k.p.i.IntermediateProofReplayer Proof replay took 6.7ns 
159572     INFO  main            d.u.i.k.p.r.p.TestFile    ... finished proof: closed. 
159823     INFO  main            d.u.i.k.p.i.AbstractProblemLoader Loading environment from /home/runner/work/key/key/key.core/../key.ui/examples/heap/model_methods/Recell_Recell_post_set.key.proof 
159823     DEBUG main            d.u.i.k.p.i.AbstractProblemLoader Environment load took 85.7ns 
159824     INFO  main            d.u.i.k.p.i.AbstractProblemLoader Creating init config 
162339     DEBUG main            d.u.i.k.p.i.AbstractProblemLoader Init config took 2.52s 
162374     INFO  main            d.u.i.k.p.i.AbstractProblemLoader Replaying proof Recell[Recell::post_set(int)].JML model_behavior operation contract.0 
162378     DEBUG main            d.u.i.k.p.i.IntermediateProofReplayer Proof replay took 2.15ms 
162378     DEBUG main            d.u.i.k.p.r.p.TestFile    ... success: reloaded. 
162379     INFO  main            d.u.i.k.p.r.p.TestFile    Now processing file /home/runner/work/key/key/key.core/../key.ui/examples/heap/model_methods/Recell_set.key 
162379     INFO  main            d.u.i.k.p.i.AbstractProblemLoader Loading environment from /home/runner/work/key/key/key.core/../key.ui/examples/heap/model_methods/Recell_set.key 
162379     DEBUG main            d.u.i.k.p.i.AbstractProblemLoader Environment load took 58.3ns 
162380     INFO  main            d.u.i.k.p.i.AbstractProblemLoader Creating init config 
165016     DEBUG main            d.u.i.k.p.i.AbstractProblemLoader Init config took 2.64s 
165051     INFO  main            d.u.i.k.p.i.AbstractProblemLoader Replaying proof Recell[Cell::set(int)].JML operation contract.0 
165053     DEBUG main            d.u.i.k.p.i.IntermediateProofReplayer Proof replay took 6.5ns 
171471     INFO  main            d.u.i.k.p.r.p.TestFile    ... finished proof: closed. 
171757     INFO  main            d.u.i.k.p.i.AbstractProblemLoader Loading environment from /home/runner/work/key/key/key.core/../key.ui/examples/heap/model_methods/Recell_set.key.proof 
171758     DEBUG main            d.u.i.k.p.i.AbstractProblemLoader Environment load took 306.1ns 
171765     INFO  main            d.u.i.k.p.i.AbstractProblemLoader Creating init config 
174267     DEBUG main            d.u.i.k.p.i.AbstractProblemLoader Init config took 2.5s 
174302     INFO  main            d.u.i.k.p.i.AbstractProblemLoader Replaying proof Recell[Cell::set(int)].JML operation contract.0 
174758     DEBUG main            d.u.i.k.p.i.IntermediateProofReplayer Proof replay took 438.85ms 
174759     DEBUG main            d.u.i.k.p.r.p.TestFile    ... success: reloaded. 
174760     INFO  main            d.u.i.k.p.r.p.TestFile    Now processing file /home/runner/work/key/key/key.core/../key.ui/examples/heap/model_methods/Recell_undo.key 
174760     INFO  main            d.u.i.k.p.i.AbstractProblemLoader Loading environment from /home/runner/work/key/key/key.core/../key.ui/examples/heap/model_methods/Recell_undo.key 
174760     DEBUG main            d.u.i.k.p.i.AbstractProblemLoader Environment load took 141.5ns 
174761     INFO  main            d.u.i.k.p.i.AbstractProblemLoader Creating init config 
177340     DEBUG main            d.u.i.k.p.i.AbstractProblemLoader Init config took 2.58s 
177375     INFO  main            d.u.i.k.p.i.AbstractProblemLoader Replaying proof Recell[Recell::undo()].JML operation contract.0 
177376     DEBUG main            d.u.i.k.p.i.IntermediateProofReplayer Proof replay took 6.4ns 
177478     INFO  main            d.u.i.k.p.r.p.TestFile    ... finished proof: closed. 
177750     INFO  main            d.u.i.k.p.i.AbstractProblemLoader Loading environment from /home/runner/work/key/key/key.core/../key.ui/examples/heap/model_methods/Recell_undo.key.proof 
177750     DEBUG main            d.u.i.k.p.i.AbstractProblemLoader Environment load took 90.8ns 
177751     INFO  main            d.u.i.k.p.i.AbstractProblemLoader Creating init config 
180239     DEBUG main            d.u.i.k.p.i.AbstractProblemLoader Init config took 2.49s 
180290     INFO  main            d.u.i.k.p.i.AbstractProblemLoader Replaying proof Recell[Recell::undo()].JML operation contract.0 
180323     DEBUG main            d.u.i.k.p.i.IntermediateProofReplayer Proof replay took 29.55ms 
180323     DEBUG main            d.u.i.k.p.r.p.TestFile    ... success: reloaded. 
4072082    INFO  Test worker     d.u.i.k.p.r.RunAllProofsTestUnit Returning from test modelMethods 
4072083    INFO  Test worker     d.u.i.k.p.r.RunAllProofsTestUnit Running test permissionHeap 
325        INFO  Timeout watchdog d.u.i.k.p.r.p.ForkedTestFileRunner Timeout watcher launched (2000 secs.) 
339        WARN  main            d.u.i.k.s.ProofSettings   The settings in /home/runner/.key/proof-settings.props are *not* read. 
367        INFO  main            d.u.i.k.p.r.p.TestFile    Now processing file /home/runner/work/key/key/key.core/../key.ui/examples/heap/permissions/permissions_method0.key 
473        INFO  main            d.u.i.k.p.i.AbstractProblemLoader Loading environment from /home/runner/work/key/key/key.core/../key.ui/examples/heap/permissions/permissions_method0.key 
504        DEBUG main            d.u.i.k.p.i.AbstractProblemLoader Environment load took 1.79ms 
717        INFO  main            d.u.i.k.p.i.AbstractProblemLoader Creating init config 
1662       DEBUG main            d.u.i.k.j.TypeConverter   No LDT found for Meta 
1663       DEBUG main            d.u.i.k.j.TypeConverter   No LDT found for Meta 
1664       DEBUG main            d.u.i.k.j.TypeConverter   No LDT found for Meta 
1664       DEBUG main            d.u.i.k.j.TypeConverter   No LDT found for Meta 
2798       DEBUG main            d.u.i.k.j.TypeConverter   No LDT found for JavaBigintExpression 
8125       DEBUG main            d.u.i.k.p.i.AbstractProblemLoader Init config took 7.41s 
8280       INFO  main            d.u.i.k.p.i.AbstractProblemLoader Replaying proof MyClass[MyClass::method0()].JML normal_behavior operation contract.0 
8310       DEBUG main            d.u.i.k.p.i.IntermediateProofReplayer Proof replay took 33.6ns 
9337       INFO  main            d.u.i.k.p.r.p.TestFile    ... finished proof: closed. 
9444       INFO  main            d.u.i.k.p.i.AbstractProblemLoader Loading environment from /home/runner/work/key/key/key.core/../key.ui/examples/heap/permissions/permissions_method0.key.proof 
9444       DEBUG main            d.u.i.k.p.i.AbstractProblemLoader Environment load took 342.6ns 
9446       INFO  main            d.u.i.k.p.i.AbstractProblemLoader Creating init config 
12313      DEBUG main            d.u.i.k.p.i.AbstractProblemLoader Init config took 2.87s 
12382      INFO  main            d.u.i.k.p.i.AbstractProblemLoader Replaying proof MyClass[MyClass::method0()].JML normal_behavior operation contract.0 
12544      DEBUG main            d.u.i.k.p.i.IntermediateProofReplayer Proof replay took 153.59ms 
12551      DEBUG main            d.u.i.k.p.r.p.TestFile    ... success: reloaded. 
12556      INFO  main            d.u.i.k.p.r.p.TestFile    Now processing file /home/runner/work/key/key/key.core/../key.ui/examples/heap/permissions/permissions_method1.key 
12556      INFO  main            d.u.i.k.p.i.AbstractProblemLoader Loading environment from /home/runner/work/key/key/key.core/../key.ui/examples/heap/permissions/permissions_method1.key 
12556      DEBUG main            d.u.i.k.p.i.AbstractProblemLoader Environment load took 198.5ns 
12558      INFO  main            d.u.i.k.p.i.AbstractProblemLoader Creating init config 
15311      DEBUG main            d.u.i.k.p.i.AbstractProblemLoader Init config took 2.75s 
15374      INFO  main            d.u.i.k.p.i.AbstractProblemLoader Replaying proof MyClass[MyClass::method1()].JML normal_behavior operation contract.0 
15376      DEBUG main            d.u.i.k.p.i.IntermediateProofReplayer Proof replay took 6.3ns 
15679      INFO  main            d.u.i.k.p.r.p.TestFile    ... finished proof: closed. 
15823      INFO  main            d.u.i.k.p.i.AbstractProblemLoader Loading environment from /home/runner/work/key/key/key.core/../key.ui/examples/heap/permissions/permissions_method1.key.proof 
15823      DEBUG main            d.u.i.k.p.i.AbstractProblemLoader Environment load took 323.1ns 
15828      INFO  main            d.u.i.k.p.i.AbstractProblemLoader Creating init config 
18552      DEBUG main            d.u.i.k.p.i.AbstractProblemLoader Init config took 2.72s 
18614      INFO  main            d.u.i.k.p.i.AbstractProblemLoader Replaying proof MyClass[MyClass::method1()].JML normal_behavior operation contract.0 
18699      DEBUG main            d.u.i.k.p.i.IntermediateProofReplayer Proof replay took 77.12ms 
18701      DEBUG main            d.u.i.k.p.r.p.TestFile    ... success: reloaded. 
18703      INFO  main            d.u.i.k.p.r.p.TestFile    Now processing file /home/runner/work/key/key/key.core/../key.ui/examples/heap/permissions/permissions_method3.key 
18703      INFO  main            d.u.i.k.p.i.AbstractProblemLoader Loading environment from /home/runner/work/key/key/key.core/../key.ui/examples/heap/permissions/permissions_method3.key 
18703      DEBUG main            d.u.i.k.p.i.AbstractProblemLoader Environment load took 71.2ns 
18705      INFO  main            d.u.i.k.p.i.AbstractProblemLoader Creating init config 
21387      DEBUG main            d.u.i.k.p.i.AbstractProblemLoader Init config took 2.68s 
21434      INFO  main            d.u.i.k.p.i.AbstractProblemLoader Replaying proof MyClass[MyClass::method3()].JML normal_behavior operation contract.0 
21436      DEBUG main            d.u.i.k.p.i.IntermediateProofReplayer Proof replay took 5ns 
22843      INFO  main            d.u.i.k.p.r.p.TestFile    ... finished proof: closed. 
23004      INFO  main            d.u.i.k.p.i.AbstractProblemLoader Loading environment from /home/runner/work/key/key/key.core/../key.ui/examples/heap/permissions/permissions_method3.key.proof 
23004      DEBUG main            d.u.i.k.p.i.AbstractProblemLoader Environment load took 118.4ns 
23005      INFO  main            d.u.i.k.p.i.AbstractProblemLoader Creating init config 
25683      DEBUG main            d.u.i.k.p.i.AbstractProblemLoader Init config took 2.68s 
25739      INFO  main            d.u.i.k.p.i.AbstractProblemLoader Replaying proof MyClass[MyClass::method3()].JML normal_behavior operation contract.0 
26005      DEBUG main            d.u.i.k.p.i.IntermediateProofReplayer Proof replay took 255.41ms 
26006      DEBUG main            d.u.i.k.p.r.p.TestFile    ... success: reloaded. 
26007      INFO  main            d.u.i.k.p.r.p.TestFile    Now processing file /home/runner/work/key/key/key.core/../key.ui/examples/heap/permissions/permissions_setAB.key 
26007      INFO  main            d.u.i.k.p.i.AbstractProblemLoader Loading environment from /home/runner/work/key/key/key.core/../key.ui/examples/heap/permissions/permissions_setAB.key 
26007      DEBUG main            d.u.i.k.p.i.AbstractProblemLoader Environment load took 188ns 
26009      INFO  main            d.u.i.k.p.i.AbstractProblemLoader Creating init config 
28652      DEBUG main            d.u.i.k.p.i.AbstractProblemLoader Init config took 2.64s 
28697      INFO  main            d.u.i.k.p.i.AbstractProblemLoader Replaying proof MyClass[MyClass::setAB()].JML normal_behavior operation contract.0 
28699      DEBUG main            d.u.i.k.p.i.IntermediateProofReplayer Proof replay took 6ns 
30204      INFO  main            d.u.i.k.p.r.p.TestFile    ... finished proof: closed. 
30379      INFO  main            d.u.i.k.p.i.AbstractProblemLoader Loading environment from /home/runner/work/key/key/key.core/../key.ui/examples/heap/permissions/permissions_setAB.key.proof 
30379      DEBUG main            d.u.i.k.p.i.AbstractProblemLoader Environment load took 305.1ns 
30382      INFO  main            d.u.i.k.p.i.AbstractProblemLoader Creating init config 
32993      DEBUG main            d.u.i.k.p.i.AbstractProblemLoader Init config took 2.61s 
33037      INFO  main            d.u.i.k.p.i.AbstractProblemLoader Replaying proof MyClass[MyClass::setAB()].JML normal_behavior operation contract.0 
33231      DEBUG main            d.u.i.k.p.i.IntermediateProofReplayer Proof replay took 188.11ms 
33233      DEBUG main            d.u.i.k.p.r.p.TestFile    ... success: reloaded. 
33234      INFO  main            d.u.i.k.p.r.p.TestFile    Now processing file /home/runner/work/key/key/key.core/../key.ui/examples/heap/permissions/permissionProperties.key 
33234      INFO  main            d.u.i.k.p.i.AbstractProblemLoader Loading environment from /home/runner/work/key/key/key.core/../key.ui/examples/heap/permissions/permissionProperties.key 
33234      DEBUG main            d.u.i.k.p.i.AbstractProblemLoader Environment load took 165.8ns 
33236      INFO  main            d.u.i.k.p.i.AbstractProblemLoader Creating init config 
33428      DEBUG main            d.u.i.k.j.TypeConverter   No LDT found for Meta 
33429      DEBUG main            d.u.i.k.j.TypeConverter   No LDT found for Meta 
33430      DEBUG main            d.u.i.k.j.TypeConverter   No LDT found for Meta 
33430      DEBUG main            d.u.i.k.j.TypeConverter   No LDT found for Meta 
34048      DEBUG main            d.u.i.k.j.TypeConverter   No LDT found for JavaBigintExpression 
36707      DEBUG main            d.u.i.k.p.i.AbstractProblemLoader Init config took 3.47s 
36727      INFO  main            d.u.i.k.p.i.AbstractProblemLoader Replaying proof permissionProperties.key 
36729      DEBUG main            d.u.i.k.p.i.IntermediateProofReplayer Proof replay took 6.1ns 
36833      INFO  main            d.u.i.k.p.r.p.TestFile    ... finished proof: closed. 
36987      INFO  main            d.u.i.k.p.i.AbstractProblemLoader Loading environment from /home/runner/work/key/key/key.core/../key.ui/examples/heap/permissions/permissionProperties.key.proof 
36988      DEBUG main            d.u.i.k.p.i.AbstractProblemLoader Environment load took 118.4ns 
36989      INFO  main            d.u.i.k.p.i.AbstractProblemLoader Creating init config 
39393      DEBUG main            d.u.i.k.p.i.AbstractProblemLoader Init config took 2.4s 
39414      INFO  main            d.u.i.k.p.i.AbstractProblemLoader Replaying proof permissionProperties.key.proof 
39432      DEBUG main            d.u.i.k.p.i.IntermediateProofReplayer Proof replay took 15.22ms 
39433      DEBUG main            d.u.i.k.p.r.p.TestFile    ... success: reloaded. 
39434      INFO  main            d.u.i.k.p.r.p.TestFile    Now processing file /home/runner/work/key/key/key.core/../key.ui/examples/heap/permissions/threads/AFilter_AFilter.key 
39434      INFO  main            d.u.i.k.p.i.AbstractProblemLoader Loading environment from /home/runner/work/key/key/key.core/../key.ui/examples/heap/permissions/threads/AFilter_AFilter.key 
39434      DEBUG main            d.u.i.k.p.i.AbstractProblemLoader Environment load took 101.7ns 
39435      INFO  main            d.u.i.k.p.i.AbstractProblemLoader Creating init config 
39591      DEBUG main            d.u.i.k.j.TypeConverter   No LDT found for Meta 
39591      DEBUG main            d.u.i.k.j.TypeConverter   No LDT found for Meta 
39592      DEBUG main            d.u.i.k.j.TypeConverter   No LDT found for Meta 
39592      DEBUG main            d.u.i.k.j.TypeConverter   No LDT found for Meta 
40141      DEBUG main            d.u.i.k.j.TypeConverter   No LDT found for JavaBigintExpression 
45304      DEBUG main            d.u.i.k.p.i.AbstractProblemLoader Init config took 5.87s 
45403      INFO  main            d.u.i.k.p.i.AbstractProblemLoader Replaying proof AFilter[AFilter::AFilter(Sampler,Buffer)].JML normal_behavior operation contract.0 
45405      DEBUG main            d.u.i.k.p.i.IntermediateProofReplayer Proof replay took 6.2ns 
46413      INFO  main            d.u.i.k.p.r.p.TestFile    ... finished proof: closed. 
46682      INFO  main            d.u.i.k.p.i.AbstractProblemLoader Loading environment from /home/runner/work/key/key/key.core/../key.ui/examples/heap/permissions/threads/AFilter_AFilter.key.proof 
46684      DEBUG main            d.u.i.k.p.i.AbstractProblemLoader Environment load took 1.56ms 
46686      INFO  main            d.u.i.k.p.i.AbstractProblemLoader Creating init config 
51292      DEBUG main            d.u.i.k.p.i.AbstractProblemLoader Init config took 4.61s 
51411      INFO  main            d.u.i.k.p.i.AbstractProblemLoader Replaying proof AFilter[AFilter::AFilter(Sampler,Buffer)].JML normal_behavior operation contract.0 
51566      DEBUG main            d.u.i.k.p.i.IntermediateProofReplayer Proof replay took 150.16ms 
51567      DEBUG main            d.u.i.k.p.r.p.TestFile    ... success: reloaded. 
51568      INFO  main            d.u.i.k.p.r.p.TestFile    Now processing file /home/runner/work/key/key/key.core/../key.ui/examples/heap/permissions/threads/AFilter_initPost_accessible.key 
51569      INFO  main            d.u.i.k.p.i.AbstractProblemLoader Loading environment from /home/runner/work/key/key/key.core/../key.ui/examples/heap/permissions/threads/AFilter_initPost_accessible.key 
51569      DEBUG main            d.u.i.k.p.i.AbstractProblemLoader Environment load took 81.5ns 
51570      INFO  main            d.u.i.k.p.i.AbstractProblemLoader Creating init config 
56146      DEBUG main            d.u.i.k.p.i.AbstractProblemLoader Init config took 4.58s 
56255      INFO  main            d.u.i.k.p.i.AbstractProblemLoader Replaying proof AFilter[ThreadSpec2::initPost()].JML accessible clause.0 
56257      DEBUG main            d.u.i.k.p.i.IntermediateProofReplayer Proof replay took 6.6ns 
56359      INFO  main            d.u.i.k.p.r.p.TestFile    ... finished proof: closed. 
56548      INFO  main            d.u.i.k.p.i.AbstractProblemLoader Loading environment from /home/runner/work/key/key/key.core/../key.ui/examples/heap/permissions/threads/AFilter_initPost_accessible.key.proof 
56548      DEBUG main            d.u.i.k.p.i.AbstractProblemLoader Environment load took 109.6ns 
56549      INFO  main            d.u.i.k.p.i.AbstractProblemLoader Creating init config 
61115      DEBUG main            d.u.i.k.p.i.AbstractProblemLoader Init config took 4.57s 
61206      INFO  main            d.u.i.k.p.i.AbstractProblemLoader Replaying proof AFilter[ThreadSpec2::initPost()].JML accessible clause.0 
61221      DEBUG main            d.u.i.k.p.i.IntermediateProofReplayer Proof replay took 12.42ms 
61222      DEBUG main            d.u.i.k.p.r.p.TestFile    ... success: reloaded. 
61224      INFO  main            d.u.i.k.p.r.p.TestFile    Now processing file /home/runner/work/key/key/key.core/../key.ui/examples/heap/permissions/threads/AFilter_inv_accessible1.key 
61224      INFO  main            d.u.i.k.p.i.AbstractProblemLoader Loading environment from /home/runner/work/key/key/key.core/../key.ui/examples/heap/permissions/threads/AFilter_inv_accessible1.key 
61224      DEBUG main            d.u.i.k.p.i.AbstractProblemLoader Environment load took 86.9ns 
61225      INFO  main            d.u.i.k.p.i.AbstractProblemLoader Creating init config 
65863      DEBUG main            d.u.i.k.p.i.AbstractProblemLoader Init config took 4.64s 
65951      INFO  main            d.u.i.k.p.i.AbstractProblemLoader Replaying proof AFilter[java.lang.Object::<inv>()].JML accessible clause.0 
65952      DEBUG main            d.u.i.k.p.i.IntermediateProofReplayer Proof replay took 7.3ns 
66054      INFO  main            d.u.i.k.p.r.p.TestFile    ... finished proof: closed. 
66245      INFO  main            d.u.i.k.p.i.AbstractProblemLoader Loading environment from /home/runner/work/key/key/key.core/../key.ui/examples/heap/permissions/threads/AFilter_inv_accessible1.key.proof 
66246      DEBUG main            d.u.i.k.p.i.AbstractProblemLoader Environment load took 105.5ns 
66246      INFO  main            d.u.i.k.p.i.AbstractProblemLoader Creating init config 
70805      DEBUG main            d.u.i.k.p.i.AbstractProblemLoader Init config took 4.56s 
70900      INFO  main            d.u.i.k.p.i.AbstractProblemLoader Replaying proof AFilter[java.lang.Object::<inv>()].JML accessible clause.0 
70904      DEBUG main            d.u.i.k.p.i.IntermediateProofReplayer Proof replay took 2.19ms 
70905      DEBUG main            d.u.i.k.p.r.p.TestFile    ... success: reloaded. 
70906      INFO  main            d.u.i.k.p.r.p.TestFile    Now processing file /home/runner/work/key/key/key.core/../key.ui/examples/heap/permissions/threads/AFilter_inv_accessible2.key 
70906      INFO  main            d.u.i.k.p.i.AbstractProblemLoader Loading environment from /home/runner/work/key/key/key.core/../key.ui/examples/heap/permissions/threads/AFilter_inv_accessible2.key 
70906      DEBUG main            d.u.i.k.p.i.AbstractProblemLoader Environment load took 79ns 
70907      INFO  main            d.u.i.k.p.i.AbstractProblemLoader Creating init config 
75506      DEBUG main            d.u.i.k.p.i.AbstractProblemLoader Init config took 4.6s 
75603      INFO  main            d.u.i.k.p.i.AbstractProblemLoader Replaying proof AFilter[java.lang.Object::<inv>()].JML accessible clause.1 
75604      DEBUG main            d.u.i.k.p.i.IntermediateProofReplayer Proof replay took 6ns 
75709      INFO  main            d.u.i.k.p.r.p.TestFile    ... finished proof: closed. 
75908      INFO  main            d.u.i.k.p.i.AbstractProblemLoader Loading environment from /home/runner/work/key/key/key.core/../key.ui/examples/heap/permissions/threads/AFilter_inv_accessible2.key.proof 
75908      DEBUG main            d.u.i.k.p.i.AbstractProblemLoader Environment load took 104.1ns 
75909      INFO  main            d.u.i.k.p.i.AbstractProblemLoader Creating init config 
80470      DEBUG main            d.u.i.k.p.i.AbstractProblemLoader Init config took 4.56s 
80555      INFO  main            d.u.i.k.p.i.AbstractProblemLoader Replaying proof AFilter[java.lang.Object::<inv>()].JML accessible clause.1 
80559      DEBUG main            d.u.i.k.p.i.IntermediateProofReplayer Proof replay took 2.01ms 
80560      DEBUG main            d.u.i.k.p.r.p.TestFile    ... success: reloaded. 
80561      INFO  main            d.u.i.k.p.r.p.TestFile    Now processing file /home/runner/work/key/key/key.core/../key.ui/examples/heap/permissions/threads/AFilter_joinTransfer_accessible.key 
80562      INFO  main            d.u.i.k.p.i.AbstractProblemLoader Loading environment from /home/runner/work/key/key/key.core/../key.ui/examples/heap/permissions/threads/AFilter_joinTransfer_accessible.key 
80562      DEBUG main            d.u.i.k.p.i.AbstractProblemLoader Environment load took 167.3ns 
80563      INFO  main            d.u.i.k.p.i.AbstractProblemLoader Creating init config 
85113      DEBUG main            d.u.i.k.p.i.AbstractProblemLoader Init config took 4.55s 
85197      INFO  main            d.u.i.k.p.i.AbstractProblemLoader Replaying proof AFilter[ThreadSpec2::joinTransfer()].JML accessible clause.0 
85199      DEBUG main            d.u.i.k.p.i.IntermediateProofReplayer Proof replay took 5.6ns 
86302      INFO  main            d.u.i.k.p.r.p.TestFile    ... finished proof: closed. 
86516      INFO  main            d.u.i.k.p.i.AbstractProblemLoader Loading environment from /home/runner/work/key/key/key.core/../key.ui/examples/heap/permissions/threads/AFilter_joinTransfer_accessible.key.proof 
86516      DEBUG main            d.u.i.k.p.i.AbstractProblemLoader Environment load took 116.9ns 
86517      INFO  main            d.u.i.k.p.i.AbstractProblemLoader Creating init config 
91049      DEBUG main            d.u.i.k.p.i.AbstractProblemLoader Init config took 4.53s 
91133      INFO  main            d.u.i.k.p.i.AbstractProblemLoader Replaying proof AFilter[ThreadSpec2::joinTransfer()].JML accessible clause.0 
91277      DEBUG main            d.u.i.k.p.i.IntermediateProofReplayer Proof replay took 137.86ms 
91279      DEBUG main            d.u.i.k.p.r.p.TestFile    ... success: reloaded. 
91281      INFO  main            d.u.i.k.p.r.p.TestFile    Now processing file /home/runner/work/key/key/key.core/../key.ui/examples/heap/permissions/threads/AFilter_joinTransfer_contract.key 
91281      INFO  main            d.u.i.k.p.i.AbstractProblemLoader Loading environment from /home/runner/work/key/key/key.core/../key.ui/examples/heap/permissions/threads/AFilter_joinTransfer_contract.key 
91281      DEBUG main            d.u.i.k.p.i.AbstractProblemLoader Environment load took 114.8ns 
91282      INFO  main            d.u.i.k.p.i.AbstractProblemLoader Creating init config 
95876      DEBUG main            d.u.i.k.p.i.AbstractProblemLoader Init config took 4.59s 
95961      INFO  main            d.u.i.k.p.i.AbstractProblemLoader Replaying proof AFilter[ThreadSpec2::joinTransfer()].JML model_behavior operation contract.0 
95963      DEBUG main            d.u.i.k.p.i.IntermediateProofReplayer Proof replay took 6.4ns 
96065      INFO  main            d.u.i.k.p.r.p.TestFile    ... finished proof: closed. 
96274      INFO  main            d.u.i.k.p.i.AbstractProblemLoader Loading environment from /home/runner/work/key/key/key.core/../key.ui/examples/heap/permissions/threads/AFilter_joinTransfer_contract.key.proof 
96274      DEBUG main            d.u.i.k.p.i.AbstractProblemLoader Environment load took 129.1ns 
96275      INFO  main            d.u.i.k.p.i.AbstractProblemLoader Creating init config 
100794     DEBUG main            d.u.i.k.p.i.AbstractProblemLoader Init config took 4.52s 
100890     INFO  main            d.u.i.k.p.i.AbstractProblemLoader Replaying proof AFilter[ThreadSpec2::joinTransfer()].JML model_behavior operation contract.0 
100899     DEBUG main            d.u.i.k.p.i.IntermediateProofReplayer Proof replay took 7.49ms 
100900     DEBUG main            d.u.i.k.p.r.p.TestFile    ... success: reloaded. 
100901     INFO  main            d.u.i.k.p.r.p.TestFile    Now processing file /home/runner/work/key/key/key.core/../key.ui/examples/heap/permissions/threads/AFilter_postJoin_accessible.key 
100901     INFO  main            d.u.i.k.p.i.AbstractProblemLoader Loading environment from /home/runner/work/key/key/key.core/../key.ui/examples/heap/permissions/threads/AFilter_postJoin_accessible.key 
100901     DEBUG main            d.u.i.k.p.i.AbstractProblemLoader Environment load took 80ns 
100902     INFO  main            d.u.i.k.p.i.AbstractProblemLoader Creating init config 
105520     DEBUG main            d.u.i.k.p.i.AbstractProblemLoader Init config took 4.62s 
105604     INFO  main            d.u.i.k.p.i.AbstractProblemLoader Replaying proof AFilter[ThreadSpec2::postJoin(java.lang.Object)].JML accessible clause.0 
105605     DEBUG main            d.u.i.k.p.i.IntermediateProofReplayer Proof replay took 6.6ns 
105707     INFO  main            d.u.i.k.p.r.p.TestFile    ... finished proof: closed. 
105927     INFO  main            d.u.i.k.p.i.AbstractProblemLoader Loading environment from /home/runner/work/key/key/key.core/../key.ui/examples/heap/permissions/threads/AFilter_postJoin_accessible.key.proof 
105927     DEBUG main            d.u.i.k.p.i.AbstractProblemLoader Environment load took 109.3ns 
105929     INFO  main            d.u.i.k.p.i.AbstractProblemLoader Creating init config 
110450     DEBUG main            d.u.i.k.p.i.AbstractProblemLoader Init config took 4.52s 
110541     INFO  main            d.u.i.k.p.i.AbstractProblemLoader Replaying proof AFilter[ThreadSpec2::postJoin(java.lang.Object)].JML accessible clause.0 
110549     DEBUG main            d.u.i.k.p.i.IntermediateProofReplayer Proof replay took 6.57ms 
110550     DEBUG main            d.u.i.k.p.r.p.TestFile    ... success: reloaded. 
110551     INFO  main            d.u.i.k.p.r.p.TestFile    Now processing file /home/runner/work/key/key/key.core/../key.ui/examples/heap/permissions/threads/AFilter_preStart_accessible.key 
110551     INFO  main            d.u.i.k.p.i.AbstractProblemLoader Loading environment from /home/runner/work/key/key/key.core/../key.ui/examples/heap/permissions/threads/AFilter_preStart_accessible.key 
110551     DEBUG main            d.u.i.k.p.i.AbstractProblemLoader Environment load took 80ns 
110552     INFO  main            d.u.i.k.p.i.AbstractProblemLoader Creating init config 
115155     DEBUG main            d.u.i.k.p.i.AbstractProblemLoader Init config took 4.6s 
115249     INFO  main            d.u.i.k.p.i.AbstractProblemLoader Replaying proof AFilter[ThreadSpec2::preStart(java.lang.Object)].JML accessible clause.0 
115250     DEBUG main            d.u.i.k.p.i.IntermediateProofReplayer Proof replay took 7ns 
115554     INFO  main            d.u.i.k.p.r.p.TestFile    ... finished proof: closed. 
115793     INFO  main            d.u.i.k.p.i.AbstractProblemLoader Loading environment from /home/runner/work/key/key/key.core/../key.ui/examples/heap/permissions/threads/AFilter_preStart_accessible.key.proof 
115793     DEBUG main            d.u.i.k.p.i.AbstractProblemLoader Environment load took 106.3ns 
115794     INFO  main            d.u.i.k.p.i.AbstractProblemLoader Creating init config 
120317     DEBUG main            d.u.i.k.p.i.AbstractProblemLoader Init config took 4.52s 
120415     INFO  main            d.u.i.k.p.i.AbstractProblemLoader Replaying proof AFilter[ThreadSpec2::preStart(java.lang.Object)].JML accessible clause.0 
120465     DEBUG main            d.u.i.k.p.i.IntermediateProofReplayer Proof replay took 39.7ms 
120467     DEBUG main            d.u.i.k.p.r.p.TestFile    ... success: reloaded. 
120468     INFO  main            d.u.i.k.p.r.p.TestFile    Now processing file /home/runner/work/key/key/key.core/../key.ui/examples/heap/permissions/threads/AFilter_startTransfer_accessible.key 
120468     INFO  main            d.u.i.k.p.i.AbstractProblemLoader Loading environment from /home/runner/work/key/key/key.core/../key.ui/examples/heap/permissions/threads/AFilter_startTransfer_accessible.key 
120469     DEBUG main            d.u.i.k.p.i.AbstractProblemLoader Environment load took 153.5ns 
120469     INFO  main            d.u.i.k.p.i.AbstractProblemLoader Creating init config 
124986     DEBUG main            d.u.i.k.p.i.AbstractProblemLoader Init config took 4.52s 
125068     INFO  main            d.u.i.k.p.i.AbstractProblemLoader Replaying proof AFilter[ThreadSpec2::startTransfer()].JML accessible clause.0 
125070     DEBUG main            d.u.i.k.p.i.IntermediateProofReplayer Proof replay took 6.4ns 
134703     INFO  main            d.u.i.k.p.r.p.TestFile    ... finished proof: closed. 
134967     INFO  main            d.u.i.k.p.i.AbstractProblemLoader Loading environment from /home/runner/work/key/key/key.core/../key.ui/examples/heap/permissions/threads/AFilter_startTransfer_accessible.key.proof 
134968     DEBUG main            d.u.i.k.p.i.AbstractProblemLoader Environment load took 341.4ns 
134969     INFO  main            d.u.i.k.p.i.AbstractProblemLoader Creating init config 
139464     DEBUG main            d.u.i.k.p.i.AbstractProblemLoader Init config took 4.49s 
139556     INFO  main            d.u.i.k.p.i.AbstractProblemLoader Replaying proof AFilter[ThreadSpec2::startTransfer()].JML accessible clause.0 
140277     DEBUG main            d.u.i.k.p.i.IntermediateProofReplayer Proof replay took 694.63ms 
140279     DEBUG main            d.u.i.k.p.r.p.TestFile    ... success: reloaded. 
140280     INFO  main            d.u.i.k.p.r.p.TestFile    Now processing file /home/runner/work/key/key/key.core/../key.ui/examples/heap/permissions/threads/AFilter_startTransfer_contract.key 
140280     INFO  main            d.u.i.k.p.i.AbstractProblemLoader Loading environment from /home/runner/work/key/key/key.core/../key.ui/examples/heap/permissions/threads/AFilter_startTransfer_contract.key 
140280     DEBUG main            d.u.i.k.p.i.AbstractProblemLoader Environment load took 158.9ns 
140281     INFO  main            d.u.i.k.p.i.AbstractProblemLoader Creating init config 
144845     DEBUG main            d.u.i.k.p.i.AbstractProblemLoader Init config took 4.56s 
144928     INFO  main            d.u.i.k.p.i.AbstractProblemLoader Replaying proof AFilter[ThreadSpec2::startTransfer()].JML model_behavior operation contract.0 
144929     DEBUG main            d.u.i.k.p.i.IntermediateProofReplayer Proof replay took 6.3ns 
145334     INFO  main            d.u.i.k.p.r.p.TestFile    ... finished proof: closed. 
145709     INFO  main            d.u.i.k.p.i.AbstractProblemLoader Loading environment from /home/runner/work/key/key/key.core/../key.ui/examples/heap/permissions/threads/AFilter_startTransfer_contract.key.proof 
145709     DEBUG main            d.u.i.k.p.i.AbstractProblemLoader Environment load took 110.2ns 
145710     INFO  main            d.u.i.k.p.i.AbstractProblemLoader Creating init config 
150209     DEBUG main            d.u.i.k.p.i.AbstractProblemLoader Init config took 4.5s 
150304     INFO  main            d.u.i.k.p.i.AbstractProblemLoader Replaying proof AFilter[ThreadSpec2::startTransfer()].JML model_behavior operation contract.0 
150348     DEBUG main            d.u.i.k.p.i.IntermediateProofReplayer Proof replay took 40.17ms 
150349     DEBUG main            d.u.i.k.p.r.p.TestFile    ... success: reloaded. 
150350     INFO  main            d.u.i.k.p.r.p.TestFile    Now processing file /home/runner/work/key/key/key.core/../key.ui/examples/heap/permissions/threads/AFilter_stateInv_accessible.key 
150350     INFO  main            d.u.i.k.p.i.AbstractProblemLoader Loading environment from /home/runner/work/key/key/key.core/../key.ui/examples/heap/permissions/threads/AFilter_stateInv_accessible.key 
150350     DEBUG main            d.u.i.k.p.i.AbstractProblemLoader Environment load took 83.8ns 
150351     INFO  main            d.u.i.k.p.i.AbstractProblemLoader Creating init config 
154915     DEBUG main            d.u.i.k.p.i.AbstractProblemLoader Init config took 4.56s 
155009     INFO  main            d.u.i.k.p.i.AbstractProblemLoader Replaying proof AFilter[ThreadSpec2::stateInv()].JML accessible clause.0 
155010     DEBUG main            d.u.i.k.p.i.IntermediateProofReplayer Proof replay took 6.3ns 
155312     INFO  main            d.u.i.k.p.r.p.TestFile    ... finished proof: closed. 
155563     INFO  main            d.u.i.k.p.i.AbstractProblemLoader Loading environment from /home/runner/work/key/key/key.core/../key.ui/examples/heap/permissions/threads/AFilter_stateInv_accessible.key.proof 
155563     DEBUG main            d.u.i.k.p.i.AbstractProblemLoader Environment load took 106.1ns 
155565     INFO  main            d.u.i.k.p.i.AbstractProblemLoader Creating init config 
160044     DEBUG main            d.u.i.k.p.i.AbstractProblemLoader Init config took 4.48s 
160126     INFO  main            d.u.i.k.p.i.AbstractProblemLoader Replaying proof AFilter[ThreadSpec2::stateInv()].JML accessible clause.0 
160169     DEBUG main            d.u.i.k.p.i.IntermediateProofReplayer Proof replay took 34.24ms 
160173     DEBUG main            d.u.i.k.p.r.p.TestFile    ... success: reloaded. 
160175     INFO  main            d.u.i.k.p.r.p.TestFile    Now processing file /home/runner/work/key/key/key.core/../key.ui/examples/heap/permissions/threads/AFilter_staticPermissions_accessible.key 
160175     INFO  main            d.u.i.k.p.i.AbstractProblemLoader Loading environment from /home/runner/work/key/key/key.core/../key.ui/examples/heap/permissions/threads/AFilter_staticPermissions_accessible.key 
160175     DEBUG main            d.u.i.k.p.i.AbstractProblemLoader Environment load took 83.7ns 
160176     INFO  main            d.u.i.k.p.i.AbstractProblemLoader Creating init config 
164740     DEBUG main            d.u.i.k.p.i.AbstractProblemLoader Init config took 4.56s 
164821     INFO  main            d.u.i.k.p.i.AbstractProblemLoader Replaying proof AFilter[ThreadSpec2::staticPermissions()].JML accessible clause.0 
164822     DEBUG main            d.u.i.k.p.i.IntermediateProofReplayer Proof replay took 6.4ns 
164923     INFO  main            d.u.i.k.p.r.p.TestFile    ... finished proof: closed. 
165170     INFO  main            d.u.i.k.p.i.AbstractProblemLoader Loading environment from /home/runner/work/key/key/key.core/../key.ui/examples/heap/permissions/threads/AFilter_staticPermissions_accessible.key.proof 
165170     DEBUG main            d.u.i.k.p.i.AbstractProblemLoader Environment load took 103.9ns 
165171     INFO  main            d.u.i.k.p.i.AbstractProblemLoader Creating init config 
169667     DEBUG main            d.u.i.k.p.i.AbstractProblemLoader Init config took 4.5s 
169748     INFO  main            d.u.i.k.p.i.AbstractProblemLoader Replaying proof AFilter[ThreadSpec2::staticPermissions()].JML accessible clause.0 
169758     DEBUG main            d.u.i.k.p.i.IntermediateProofReplayer Proof replay took 8.12ms 
169759     DEBUG main            d.u.i.k.p.r.p.TestFile    ... success: reloaded. 
169760     INFO  main            d.u.i.k.p.r.p.TestFile    Now processing file /home/runner/work/key/key/key.core/../key.ui/examples/heap/permissions/threads/AFilter_workingPermissions_accessible.key 
169760     INFO  main            d.u.i.k.p.i.AbstractProblemLoader Loading environment from /home/runner/work/key/key/key.core/../key.ui/examples/heap/permissions/threads/AFilter_workingPermissions_accessible.key 
169760     DEBUG main            d.u.i.k.p.i.AbstractProblemLoader Environment load took 61.3ns 
169761     INFO  main            d.u.i.k.p.i.AbstractProblemLoader Creating init config 
174345     DEBUG main            d.u.i.k.p.i.AbstractProblemLoader Init config took 4.58s 
174427     INFO  main            d.u.i.k.p.i.AbstractProblemLoader Replaying proof AFilter[ThreadSpec2::workingPermissions()].JML accessible clause.0 
174429     DEBUG main            d.u.i.k.p.i.IntermediateProofReplayer Proof replay took 6.9ns 
174530     INFO  main            d.u.i.k.p.r.p.TestFile    ... finished proof: closed. 
174783     INFO  main            d.u.i.k.p.i.AbstractProblemLoader Loading environment from /home/runner/work/key/key/key.core/../key.ui/examples/heap/permissions/threads/AFilter_workingPermissions_accessible.key.proof 
174783     DEBUG main            d.u.i.k.p.i.AbstractProblemLoader Environment load took 95.3ns 
174784     INFO  main            d.u.i.k.p.i.AbstractProblemLoader Creating init config 
179274     DEBUG main            d.u.i.k.p.i.AbstractProblemLoader Init config took 4.49s 
179353     INFO  main            d.u.i.k.p.i.AbstractProblemLoader Replaying proof AFilter[ThreadSpec2::workingPermissions()].JML accessible clause.0 
179363     DEBUG main            d.u.i.k.p.i.IntermediateProofReplayer Proof replay took 7.33ms 
179363     DEBUG main            d.u.i.k.p.r.p.TestFile    ... success: reloaded. 
179364     INFO  main            d.u.i.k.p.r.p.TestFile    Now processing file /home/runner/work/key/key/key.core/../key.ui/examples/heap/permissions/threads/BFilter_BFilter.key 
179364     INFO  main            d.u.i.k.p.i.AbstractProblemLoader Loading environment from /home/runner/work/key/key/key.core/../key.ui/examples/heap/permissions/threads/BFilter_BFilter.key 
179365     DEBUG main            d.u.i.k.p.i.AbstractProblemLoader Environment load took 64.5ns 
179365     INFO  main            d.u.i.k.p.i.AbstractProblemLoader Creating init config 
183878     DEBUG main            d.u.i.k.p.i.AbstractProblemLoader Init config took 4.51s 
183974     INFO  main            d.u.i.k.p.i.AbstractProblemLoader Replaying proof BFilter[BFilter::BFilter(Sampler,Buffer)].JML normal_behavior operation contract.0 
183975     DEBUG main            d.u.i.k.p.i.IntermediateProofReplayer Proof replay took 6.1ns 
184882     INFO  main            d.u.i.k.p.r.p.TestFile    ... finished proof: closed. 
185247     INFO  main            d.u.i.k.p.i.AbstractProblemLoader Loading environment from /home/runner/work/key/key/key.core/../key.ui/examples/heap/permissions/threads/BFilter_BFilter.key.proof 
185247     DEBUG main            d.u.i.k.p.i.AbstractProblemLoader Environment load took 92.5ns 
185248     INFO  main            d.u.i.k.p.i.AbstractProblemLoader Creating init config 
189727     DEBUG main            d.u.i.k.p.i.AbstractProblemLoader Init config took 4.48s 
189810     INFO  main            d.u.i.k.p.i.AbstractProblemLoader Replaying proof BFilter[BFilter::BFilter(Sampler,Buffer)].JML normal_behavior operation contract.0 
189952     DEBUG main            d.u.i.k.p.i.IntermediateProofReplayer Proof replay took 137.61ms 
189953     DEBUG main            d.u.i.k.p.r.p.TestFile    ... success: reloaded. 
189954     INFO  main            d.u.i.k.p.r.p.TestFile    Now processing file /home/runner/work/key/key/key.core/../key.ui/examples/heap/permissions/threads/BFilter_initPost_accessible.key 
189955     INFO  main            d.u.i.k.p.i.AbstractProblemLoader Loading environment from /home/runner/work/key/key/key.core/../key.ui/examples/heap/permissions/threads/BFilter_initPost_accessible.key 
189955     DEBUG main            d.u.i.k.p.i.AbstractProblemLoader Environment load took 100.7ns 
189955     INFO  main            d.u.i.k.p.i.AbstractProblemLoader Creating init config 
194505     DEBUG main            d.u.i.k.p.i.AbstractProblemLoader Init config took 4.55s 
194601     INFO  main            d.u.i.k.p.i.AbstractProblemLoader Replaying proof BFilter[ThreadSpec2::initPost()].JML accessible clause.0 
194602     DEBUG main            d.u.i.k.p.i.IntermediateProofReplayer Proof replay took 7.3ns 
194704     INFO  main            d.u.i.k.p.r.p.TestFile    ... finished proof: closed. 
194979     INFO  main            d.u.i.k.p.i.AbstractProblemLoader Loading environment from /home/runner/work/key/key/key.core/../key.ui/examples/heap/permissions/threads/BFilter_initPost_accessible.key.proof 
194979     DEBUG main            d.u.i.k.p.i.AbstractProblemLoader Environment load took 90.6ns 
194981     INFO  main            d.u.i.k.p.i.AbstractProblemLoader Creating init config 
199457     DEBUG main            d.u.i.k.p.i.AbstractProblemLoader Init config took 4.48s 
199537     INFO  main            d.u.i.k.p.i.AbstractProblemLoader Replaying proof BFilter[ThreadSpec2::initPost()].JML accessible clause.0 
199548     DEBUG main            d.u.i.k.p.i.IntermediateProofReplayer Proof replay took 9.36ms 
199549     DEBUG main            d.u.i.k.p.r.p.TestFile    ... success: reloaded. 
199550     INFO  main            d.u.i.k.p.r.p.TestFile    Now processing file /home/runner/work/key/key/key.core/../key.ui/examples/heap/permissions/threads/BFilter_inv_accessible1.key 
199550     INFO  main            d.u.i.k.p.i.AbstractProblemLoader Loading environment from /home/runner/work/key/key/key.core/../key.ui/examples/heap/permissions/threads/BFilter_inv_accessible1.key 
199550     DEBUG main            d.u.i.k.p.i.AbstractProblemLoader Environment load took 86.5ns 
199551     INFO  main            d.u.i.k.p.i.AbstractProblemLoader Creating init config 
204088     DEBUG main            d.u.i.k.p.i.AbstractProblemLoader Init config took 4.54s 
204172     INFO  main            d.u.i.k.p.i.AbstractProblemLoader Replaying proof BFilter[java.lang.Object::<inv>()].JML accessible clause.0 
204173     DEBUG main            d.u.i.k.p.i.IntermediateProofReplayer Proof replay took 5.9ns 
204274     INFO  main            d.u.i.k.p.r.p.TestFile    ... finished proof: closed. 
204540     INFO  main            d.u.i.k.p.i.AbstractProblemLoader Loading environment from /home/runner/work/key/key/key.core/../key.ui/examples/heap/permissions/threads/BFilter_inv_accessible1.key.proof 
204540     DEBUG main            d.u.i.k.p.i.AbstractProblemLoader Environment load took 89.1ns 
204541     INFO  main            d.u.i.k.p.i.AbstractProblemLoader Creating init config 
209003     DEBUG main            d.u.i.k.p.i.AbstractProblemLoader Init config took 4.46s 
209083     INFO  main            d.u.i.k.p.i.AbstractProblemLoader Replaying proof BFilter[java.lang.Object::<inv>()].JML accessible clause.0 
209086     DEBUG main            d.u.i.k.p.i.IntermediateProofReplayer Proof replay took 1.56ms 
209087     DEBUG main            d.u.i.k.p.r.p.TestFile    ... success: reloaded. 
209088     INFO  main            d.u.i.k.p.r.p.TestFile    Now processing file /home/runner/work/key/key/key.core/../key.ui/examples/heap/permissions/threads/BFilter_inv_accessible2.key 
209088     INFO  main            d.u.i.k.p.i.AbstractProblemLoader Loading environment from /home/runner/work/key/key/key.core/../key.ui/examples/heap/permissions/threads/BFilter_inv_accessible2.key 
209088     DEBUG main            d.u.i.k.p.i.AbstractProblemLoader Environment load took 64.7ns 
209089     INFO  main            d.u.i.k.p.i.AbstractProblemLoader Creating init config 
213622     DEBUG main            d.u.i.k.p.i.AbstractProblemLoader Init config took 4.53s 
213703     INFO  main            d.u.i.k.p.i.AbstractProblemLoader Replaying proof BFilter[java.lang.Object::<inv>()].JML accessible clause.1 
213704     DEBUG main            d.u.i.k.p.i.IntermediateProofReplayer Proof replay took 7.1ns 
213809     INFO  main            d.u.i.k.p.r.p.TestFile    ... finished proof: closed. 
214083     INFO  main            d.u.i.k.p.i.AbstractProblemLoader Loading environment from /home/runner/work/key/key/key.core/../key.ui/examples/heap/permissions/threads/BFilter_inv_accessible2.key.proof 
214083     DEBUG main            d.u.i.k.p.i.AbstractProblemLoader Environment load took 82.1ns 
214084     INFO  main            d.u.i.k.p.i.AbstractProblemLoader Creating init config 
218554     DEBUG main            d.u.i.k.p.i.AbstractProblemLoader Init config took 4.47s 
218635     INFO  main            d.u.i.k.p.i.AbstractProblemLoader Replaying proof BFilter[java.lang.Object::<inv>()].JML accessible clause.1 
218638     DEBUG main            d.u.i.k.p.i.IntermediateProofReplayer Proof replay took 1.58ms 
218639     DEBUG main            d.u.i.k.p.r.p.TestFile    ... success: reloaded. 
218640     INFO  main            d.u.i.k.p.r.p.TestFile    Now processing file /home/runner/work/key/key/key.core/../key.ui/examples/heap/permissions/threads/BFilter_joinTransfer_accessible.key 
218640     INFO  main            d.u.i.k.p.i.AbstractProblemLoader Loading environment from /home/runner/work/key/key/key.core/../key.ui/examples/heap/permissions/threads/BFilter_joinTransfer_accessible.key 
218640     DEBUG main            d.u.i.k.p.i.AbstractProblemLoader Environment load took 54.8ns 
218641     INFO  main            d.u.i.k.p.i.AbstractProblemLoader Creating init config 
223167     DEBUG main            d.u.i.k.p.i.AbstractProblemLoader Init config took 4.53s 
223263     INFO  main            d.u.i.k.p.i.AbstractProblemLoader Replaying proof BFilter[ThreadSpec2::joinTransfer()].JML accessible clause.0 
223264     DEBUG main            d.u.i.k.p.i.IntermediateProofReplayer Proof replay took 6.6ns 
224267     INFO  main            d.u.i.k.p.r.p.TestFile    ... finished proof: closed. 
224585     INFO  main            d.u.i.k.p.i.AbstractProblemLoader Loading environment from /home/runner/work/key/key/key.core/../key.ui/examples/heap/permissions/threads/BFilter_joinTransfer_accessible.key.proof 
224585     DEBUG main            d.u.i.k.p.i.AbstractProblemLoader Environment load took 298.1ns 
224586     INFO  main            d.u.i.k.p.i.AbstractProblemLoader Creating init config 
229047     DEBUG main            d.u.i.k.p.i.AbstractProblemLoader Init config took 4.46s 
229140     INFO  main            d.u.i.k.p.i.AbstractProblemLoader Replaying proof BFilter[ThreadSpec2::joinTransfer()].JML accessible clause.0 
229239     DEBUG main            d.u.i.k.p.i.IntermediateProofReplayer Proof replay took 93.52ms 
229240     DEBUG main            d.u.i.k.p.r.p.TestFile    ... success: reloaded. 
229241     INFO  main            d.u.i.k.p.r.p.TestFile    Now processing file /home/runner/work/key/key/key.core/../key.ui/examples/heap/permissions/threads/BFilter_joinTransfer_contract.key 
229241     INFO  main            d.u.i.k.p.i.AbstractProblemLoader Loading environment from /home/runner/work/key/key/key.core/../key.ui/examples/heap/permissions/threads/BFilter_joinTransfer_contract.key 
229242     DEBUG main            d.u.i.k.p.i.AbstractProblemLoader Environment load took 143.9ns 
229242     INFO  main            d.u.i.k.p.i.AbstractProblemLoader Creating init config 
233788     DEBUG main            d.u.i.k.p.i.AbstractProblemLoader Init config took 4.55s 
233885     INFO  main            d.u.i.k.p.i.AbstractProblemLoader Replaying proof BFilter[ThreadSpec2::joinTransfer()].JML model_behavior operation contract.0 
233886     DEBUG main            d.u.i.k.p.i.IntermediateProofReplayer Proof replay took 6ns 
233989     INFO  main            d.u.i.k.p.r.p.TestFile    ... finished proof: closed. 
234391     INFO  main            d.u.i.k.p.i.AbstractProblemLoader Loading environment from /home/runner/work/key/key/key.core/../key.ui/examples/heap/permissions/threads/BFilter_joinTransfer_contract.key.proof 
234391     DEBUG main            d.u.i.k.p.i.AbstractProblemLoader Environment load took 85.8ns 
234392     INFO  main            d.u.i.k.p.i.AbstractProblemLoader Creating init config 
238864     DEBUG main            d.u.i.k.p.i.AbstractProblemLoader Init config took 4.47s 
238956     INFO  main            d.u.i.k.p.i.AbstractProblemLoader Replaying proof BFilter[ThreadSpec2::joinTransfer()].JML model_behavior operation contract.0 
238964     DEBUG main            d.u.i.k.p.i.IntermediateProofReplayer Proof replay took 6.57ms 
238966     DEBUG main            d.u.i.k.p.r.p.TestFile    ... success: reloaded. 
238967     INFO  main            d.u.i.k.p.r.p.TestFile    Now processing file /home/runner/work/key/key/key.core/../key.ui/examples/heap/permissions/threads/BFilter_postJoin_accessible.key 
238967     INFO  main            d.u.i.k.p.i.AbstractProblemLoader Loading environment from /home/runner/work/key/key/key.core/../key.ui/examples/heap/permissions/threads/BFilter_postJoin_accessible.key 
238967     DEBUG main            d.u.i.k.p.i.AbstractProblemLoader Environment load took 136.2ns 
238968     INFO  main            d.u.i.k.p.i.AbstractProblemLoader Creating init config 
243537     DEBUG main            d.u.i.k.p.i.AbstractProblemLoader Init config took 4.57s 
243617     INFO  main            d.u.i.k.p.i.AbstractProblemLoader Replaying proof BFilter[ThreadSpec2::postJoin(java.lang.Object)].JML accessible clause.0 
243618     DEBUG main            d.u.i.k.p.i.IntermediateProofReplayer Proof replay took 5.8ns 
243720     INFO  main            d.u.i.k.p.r.p.TestFile    ... finished proof: closed. 
244014     INFO  main            d.u.i.k.p.i.AbstractProblemLoader Loading environment from /home/runner/work/key/key/key.core/../key.ui/examples/heap/permissions/threads/BFilter_postJoin_accessible.key.proof 
244014     DEBUG main            d.u.i.k.p.i.AbstractProblemLoader Environment load took 107.6ns 
244015     INFO  main            d.u.i.k.p.i.AbstractProblemLoader Creating init config 
248501     DEBUG main            d.u.i.k.p.i.AbstractProblemLoader Init config took 4.49s 
248581     INFO  main            d.u.i.k.p.i.AbstractProblemLoader Replaying proof BFilter[ThreadSpec2::postJoin(java.lang.Object)].JML accessible clause.0 
248588     DEBUG main            d.u.i.k.p.i.IntermediateProofReplayer Proof replay took 5.55ms 
248589     DEBUG main            d.u.i.k.p.r.p.TestFile    ... success: reloaded. 
248589     INFO  main            d.u.i.k.p.r.p.TestFile    Now processing file /home/runner/work/key/key/key.core/../key.ui/examples/heap/permissions/threads/BFilter_preStart_accessible.key 
248590     INFO  main            d.u.i.k.p.i.AbstractProblemLoader Loading environment from /home/runner/work/key/key/key.core/../key.ui/examples/heap/permissions/threads/BFilter_preStart_accessible.key 
248590     DEBUG main            d.u.i.k.p.i.AbstractProblemLoader Environment load took 70.1ns 
248590     INFO  main            d.u.i.k.p.i.AbstractProblemLoader Creating init config 
253142     DEBUG main            d.u.i.k.p.i.AbstractProblemLoader Init config took 4.55s 
253234     INFO  main            d.u.i.k.p.i.AbstractProblemLoader Replaying proof BFilter[ThreadSpec2::preStart(java.lang.Object)].JML accessible clause.0 
253235     DEBUG main            d.u.i.k.p.i.IntermediateProofReplayer Proof replay took 7.7ns 
253537     INFO  main            d.u.i.k.p.r.p.TestFile    ... finished proof: closed. 
253844     INFO  main            d.u.i.k.p.i.AbstractProblemLoader Loading environment from /home/runner/work/key/key/key.core/../key.ui/examples/heap/permissions/threads/BFilter_preStart_accessible.key.proof 
253844     DEBUG main            d.u.i.k.p.i.AbstractProblemLoader Environment load took 85.8ns 
253845     INFO  main            d.u.i.k.p.i.AbstractProblemLoader Creating init config 
258318     DEBUG main            d.u.i.k.p.i.AbstractProblemLoader Init config took 4.47s 
258400     INFO  main            d.u.i.k.p.i.AbstractProblemLoader Replaying proof BFilter[ThreadSpec2::preStart(java.lang.Object)].JML accessible clause.0 
258431     DEBUG main            d.u.i.k.p.i.IntermediateProofReplayer Proof replay took 28.09ms 
258432     DEBUG main            d.u.i.k.p.r.p.TestFile    ... success: reloaded. 
258433     INFO  main            d.u.i.k.p.r.p.TestFile    Now processing file /home/runner/work/key/key/key.core/../key.ui/examples/heap/permissions/threads/BFilter_startTransfer_accessible.key 
258433     INFO  main            d.u.i.k.p.i.AbstractProblemLoader Loading environment from /home/runner/work/key/key/key.core/../key.ui/examples/heap/permissions/threads/BFilter_startTransfer_accessible.key 
258433     DEBUG main            d.u.i.k.p.i.AbstractProblemLoader Environment load took 44.5ns 
258434     INFO  main            d.u.i.k.p.i.AbstractProblemLoader Creating init config 
263046     DEBUG main            d.u.i.k.p.i.AbstractProblemLoader Init config took 4.61s 
263125     INFO  main            d.u.i.k.p.i.AbstractProblemLoader Replaying proof BFilter[ThreadSpec2::startTransfer()].JML accessible clause.0 
263127     DEBUG main            d.u.i.k.p.i.IntermediateProofReplayer Proof replay took 6.4ns 
272991     INFO  main            d.u.i.k.p.r.p.TestFile    ... finished proof: closed. 
273325     INFO  main            d.u.i.k.p.i.AbstractProblemLoader Loading environment from /home/runner/work/key/key/key.core/../key.ui/examples/heap/permissions/threads/BFilter_startTransfer_accessible.key.proof 
273325     DEBUG main            d.u.i.k.p.i.AbstractProblemLoader Environment load took 314.4ns 
273326     INFO  main            d.u.i.k.p.i.AbstractProblemLoader Creating init config 
277793     DEBUG main            d.u.i.k.p.i.AbstractProblemLoader Init config took 4.47s 
277873     INFO  main            d.u.i.k.p.i.AbstractProblemLoader Replaying proof BFilter[ThreadSpec2::startTransfer()].JML accessible clause.0 
278617     DEBUG main            d.u.i.k.p.i.IntermediateProofReplayer Proof replay took 726.37ms 
278619     DEBUG main            d.u.i.k.p.r.p.TestFile    ... success: reloaded. 
278620     INFO  main            d.u.i.k.p.r.p.TestFile    Now processing file /home/runner/work/key/key/key.core/../key.ui/examples/heap/permissions/threads/BFilter_startTransfer_contract.key 
278620     INFO  main            d.u.i.k.p.i.AbstractProblemLoader Loading environment from /home/runner/work/key/key/key.core/../key.ui/examples/heap/permissions/threads/BFilter_startTransfer_contract.key 
278620     DEBUG main            d.u.i.k.p.i.AbstractProblemLoader Environment load took 138.9ns 
278621     INFO  main            d.u.i.k.p.i.AbstractProblemLoader Creating init config 
283170     DEBUG main            d.u.i.k.p.i.AbstractProblemLoader Init config took 4.55s 
283251     INFO  main            d.u.i.k.p.i.AbstractProblemLoader Replaying proof BFilter[ThreadSpec2::startTransfer()].JML model_behavior operation contract.0 
283252     DEBUG main            d.u.i.k.p.i.IntermediateProofReplayer Proof replay took 6ns 
284256     INFO  main            d.u.i.k.p.r.p.TestFile    ... finished proof: closed. 
284557     INFO  main            d.u.i.k.p.i.AbstractProblemLoader Loading environment from /home/runner/work/key/key/key.core/../key.ui/examples/heap/permissions/threads/BFilter_startTransfer_contract.key.proof 
284558     DEBUG main            d.u.i.k.p.i.AbstractProblemLoader Environment load took 126.9ns 
284559     INFO  main            d.u.i.k.p.i.AbstractProblemLoader Creating init config 
289031     DEBUG main            d.u.i.k.p.i.AbstractProblemLoader Init config took 4.47s 
289111     INFO  main            d.u.i.k.p.i.AbstractProblemLoader Replaying proof BFilter[ThreadSpec2::startTransfer()].JML model_behavior operation contract.0 
289199     DEBUG main            d.u.i.k.p.i.IntermediateProofReplayer Proof replay took 81.8ms 
289200     DEBUG main            d.u.i.k.p.r.p.TestFile    ... success: reloaded. 
289201     INFO  main            d.u.i.k.p.r.p.TestFile    Now processing file /home/runner/work/key/key/key.core/../key.ui/examples/heap/permissions/threads/BFilter_stateInv_accessible.key 
289201     INFO  main            d.u.i.k.p.i.AbstractProblemLoader Loading environment from /home/runner/work/key/key/key.core/../key.ui/examples/heap/permissions/threads/BFilter_stateInv_accessible.key 
289201     DEBUG main            d.u.i.k.p.i.AbstractProblemLoader Environment load took 52.7ns 
289202     INFO  main            d.u.i.k.p.i.AbstractProblemLoader Creating init config 
293707     DEBUG main            d.u.i.k.p.i.AbstractProblemLoader Init config took 4.51s 
293787     INFO  main            d.u.i.k.p.i.AbstractProblemLoader Replaying proof BFilter[ThreadSpec2::stateInv()].JML accessible clause.0 
293789     DEBUG main            d.u.i.k.p.i.IntermediateProofReplayer Proof replay took 6ns 
294091     INFO  main            d.u.i.k.p.r.p.TestFile    ... finished proof: closed. 
294397     INFO  main            d.u.i.k.p.i.AbstractProblemLoader Loading environment from /home/runner/work/key/key/key.core/../key.ui/examples/heap/permissions/threads/BFilter_stateInv_accessible.key.proof 
294397     DEBUG main            d.u.i.k.p.i.AbstractProblemLoader Environment load took 84.7ns 
294398     INFO  main            d.u.i.k.p.i.AbstractProblemLoader Creating init config 
298839     DEBUG main            d.u.i.k.p.i.AbstractProblemLoader Init config took 4.44s 
298947     INFO  main            d.u.i.k.p.i.AbstractProblemLoader Replaying proof BFilter[ThreadSpec2::stateInv()].JML accessible clause.0 
298981     DEBUG main            d.u.i.k.p.i.IntermediateProofReplayer Proof replay took 31.62ms 
298982     DEBUG main            d.u.i.k.p.r.p.TestFile    ... success: reloaded. 
298983     INFO  main            d.u.i.k.p.r.p.TestFile    Now processing file /home/runner/work/key/key/key.core/../key.ui/examples/heap/permissions/threads/BFilter_staticPermissions_accessible.key 
298983     INFO  main            d.u.i.k.p.i.AbstractProblemLoader Loading environment from /home/runner/work/key/key/key.core/../key.ui/examples/heap/permissions/threads/BFilter_staticPermissions_accessible.key 
298983     DEBUG main            d.u.i.k.p.i.AbstractProblemLoader Environment load took 53.4ns 
298984     INFO  main            d.u.i.k.p.i.AbstractProblemLoader Creating init config 
303499     DEBUG main            d.u.i.k.p.i.AbstractProblemLoader Init config took 4.52s 
303580     INFO  main            d.u.i.k.p.i.AbstractProblemLoader Replaying proof BFilter[ThreadSpec2::staticPermissions()].JML accessible clause.0 
303581     DEBUG main            d.u.i.k.p.i.IntermediateProofReplayer Proof replay took 6.8ns 
303685     INFO  main            d.u.i.k.p.r.p.TestFile    ... finished proof: closed. 
304013     INFO  main            d.u.i.k.p.i.AbstractProblemLoader Loading environment from /home/runner/work/key/key/key.core/../key.ui/examples/heap/permissions/threads/BFilter_staticPermissions_accessible.key.proof 
304013     DEBUG main            d.u.i.k.p.i.AbstractProblemLoader Environment load took 80.7ns 
304013     INFO  main            d.u.i.k.p.i.AbstractProblemLoader Creating init config 
308515     DEBUG main            d.u.i.k.p.i.AbstractProblemLoader Init config took 4.5s 
308595     INFO  main            d.u.i.k.p.i.AbstractProblemLoader Replaying proof BFilter[ThreadSpec2::staticPermissions()].JML accessible clause.0 
308605     DEBUG main            d.u.i.k.p.i.IntermediateProofReplayer Proof replay took 7.95ms 
308605     DEBUG main            d.u.i.k.p.r.p.TestFile    ... success: reloaded. 
308606     INFO  main            d.u.i.k.p.r.p.TestFile    Now processing file /home/runner/work/key/key/key.core/../key.ui/examples/heap/permissions/threads/BFilter_workingPermissions_accessible.key 
308606     INFO  main            d.u.i.k.p.i.AbstractProblemLoader Loading environment from /home/runner/work/key/key/key.core/../key.ui/examples/heap/permissions/threads/BFilter_workingPermissions_accessible.key 
308606     DEBUG main            d.u.i.k.p.i.AbstractProblemLoader Environment load took 45.7ns 
308607     INFO  main            d.u.i.k.p.i.AbstractProblemLoader Creating init config 
313135     DEBUG main            d.u.i.k.p.i.AbstractProblemLoader Init config took 4.53s 
313214     INFO  main            d.u.i.k.p.i.AbstractProblemLoader Replaying proof BFilter[ThreadSpec2::workingPermissions()].JML accessible clause.0 
313215     DEBUG main            d.u.i.k.p.i.IntermediateProofReplayer Proof replay took 6.3ns 
313317     INFO  main            d.u.i.k.p.r.p.TestFile    ... finished proof: closed. 
313642     INFO  main            d.u.i.k.p.i.AbstractProblemLoader Loading environment from /home/runner/work/key/key/key.core/../key.ui/examples/heap/permissions/threads/BFilter_workingPermissions_accessible.key.proof 
313642     DEBUG main            d.u.i.k.p.i.AbstractProblemLoader Environment load took 81.1ns 
313643     INFO  main            d.u.i.k.p.i.AbstractProblemLoader Creating init config 
318160     DEBUG main            d.u.i.k.p.i.AbstractProblemLoader Init config took 4.52s 
318239     INFO  main            d.u.i.k.p.i.AbstractProblemLoader Replaying proof BFilter[ThreadSpec2::workingPermissions()].JML accessible clause.0 
318247     DEBUG main            d.u.i.k.p.i.IntermediateProofReplayer Proof replay took 6.72ms 
318248     DEBUG main            d.u.i.k.p.r.p.TestFile    ... success: reloaded. 
318248     INFO  main            d.u.i.k.p.r.p.TestFile    Now processing file /home/runner/work/key/key/key.core/../key.ui/examples/heap/permissions/threads/Fib_Fib.key 
318249     INFO  main            d.u.i.k.p.i.AbstractProblemLoader Loading environment from /home/runner/work/key/key/key.core/../key.ui/examples/heap/permissions/threads/Fib_Fib.key 
318249     DEBUG main            d.u.i.k.p.i.AbstractProblemLoader Environment load took 65.6ns 
318250     INFO  main            d.u.i.k.p.i.AbstractProblemLoader Creating init config 
322860     DEBUG main            d.u.i.k.p.i.AbstractProblemLoader Init config took 4.61s 
322941     INFO  main            d.u.i.k.p.i.AbstractProblemLoader Replaying proof Fib[Fib::Fib(int)].JML normal_behavior operation contract.0 
322942     DEBUG main            d.u.i.k.p.i.IntermediateProofReplayer Proof replay took 6.5ns 
323550     INFO  main            d.u.i.k.p.r.p.TestFile    ... finished proof: closed. 
323903     INFO  main            d.u.i.k.p.i.AbstractProblemLoader Loading environment from /home/runner/work/key/key/key.core/../key.ui/examples/heap/permissions/threads/Fib_Fib.key.proof 
323903     DEBUG main            d.u.i.k.p.i.AbstractProblemLoader Environment load took 78.2ns 
323905     INFO  main            d.u.i.k.p.i.AbstractProblemLoader Creating init config 
328356     DEBUG main            d.u.i.k.p.i.AbstractProblemLoader Init config took 4.45s 
328447     INFO  main            d.u.i.k.p.i.AbstractProblemLoader Replaying proof Fib[Fib::Fib(int)].JML normal_behavior operation contract.0 
328539     DEBUG main            d.u.i.k.p.i.IntermediateProofReplayer Proof replay took 89.15ms 
328539     DEBUG main            d.u.i.k.p.r.p.TestFile    ... success: reloaded. 
328540     INFO  main            d.u.i.k.p.r.p.TestFile    Now processing file /home/runner/work/key/key/key.core/../key.ui/examples/heap/permissions/threads/Fib_initPost_accessible.key 
328540     INFO  main            d.u.i.k.p.i.AbstractProblemLoader Loading environment from /home/runner/work/key/key/key.core/../key.ui/examples/heap/permissions/threads/Fib_initPost_accessible.key 
328541     DEBUG main            d.u.i.k.p.i.AbstractProblemLoader Environment load took 86.9ns 
328541     INFO  main            d.u.i.k.p.i.AbstractProblemLoader Creating init config 
333066     DEBUG main            d.u.i.k.p.i.AbstractProblemLoader Init config took 4.52s 
333145     INFO  main            d.u.i.k.p.i.AbstractProblemLoader Replaying proof Fib[ThreadSpec::initPost()].JML accessible clause.0 
333146     DEBUG main            d.u.i.k.p.i.IntermediateProofReplayer Proof replay took 6.6ns 
333248     INFO  main            d.u.i.k.p.r.p.TestFile    ... finished proof: closed. 
333588     INFO  main            d.u.i.k.p.i.AbstractProblemLoader Loading environment from /home/runner/work/key/key/key.core/../key.ui/examples/heap/permissions/threads/Fib_initPost_accessible.key.proof 
333588     DEBUG main            d.u.i.k.p.i.AbstractProblemLoader Environment load took 74.3ns 
333589     INFO  main            d.u.i.k.p.i.AbstractProblemLoader Creating init config 
338043     DEBUG main            d.u.i.k.p.i.AbstractProblemLoader Init config took 4.45s 
338134     INFO  main            d.u.i.k.p.i.AbstractProblemLoader Replaying proof Fib[ThreadSpec::initPost()].JML accessible clause.0 
338140     DEBUG main            d.u.i.k.p.i.IntermediateProofReplayer Proof replay took 4.46ms 
338141     DEBUG main            d.u.i.k.p.r.p.TestFile    ... success: reloaded. 
338142     INFO  main            d.u.i.k.p.r.p.TestFile    Now processing file /home/runner/work/key/key/key.core/../key.ui/examples/heap/permissions/threads/Fib_inv1_accessible.key 
338143     INFO  main            d.u.i.k.p.i.AbstractProblemLoader Loading environment from /home/runner/work/key/key/key.core/../key.ui/examples/heap/permissions/threads/Fib_inv1_accessible.key 
338143     DEBUG main            d.u.i.k.p.i.AbstractProblemLoader Environment load took 69.6ns 
338144     INFO  main            d.u.i.k.p.i.AbstractProblemLoader Creating init config 
342694     DEBUG main            d.u.i.k.p.i.AbstractProblemLoader Init config took 4.55s 
342773     INFO  main            d.u.i.k.p.i.AbstractProblemLoader Replaying proof Fib[java.lang.Object::<inv>()].JML accessible clause.0 
342775     DEBUG main            d.u.i.k.p.i.IntermediateProofReplayer Proof replay took 7ns 
342876     INFO  main            d.u.i.k.p.r.p.TestFile    ... finished proof: closed. 
343221     INFO  main            d.u.i.k.p.i.AbstractProblemLoader Loading environment from /home/runner/work/key/key/key.core/../key.ui/examples/heap/permissions/threads/Fib_inv1_accessible.key.proof 
343221     DEBUG main            d.u.i.k.p.i.AbstractProblemLoader Environment load took 67.1ns 
343222     INFO  main            d.u.i.k.p.i.AbstractProblemLoader Creating init config 
347689     DEBUG main            d.u.i.k.p.i.AbstractProblemLoader Init config took 4.47s 
347778     INFO  main            d.u.i.k.p.i.AbstractProblemLoader Replaying proof Fib[java.lang.Object::<inv>()].JML accessible clause.0 
347781     DEBUG main            d.u.i.k.p.i.IntermediateProofReplayer Proof replay took 1.6ms 
347782     DEBUG main            d.u.i.k.p.r.p.TestFile    ... success: reloaded. 
347782     INFO  main            d.u.i.k.p.r.p.TestFile    Now processing file /home/runner/work/key/key/key.core/../key.ui/examples/heap/permissions/threads/Fib_inv2_accessible.key 
347783     INFO  main            d.u.i.k.p.i.AbstractProblemLoader Loading environment from /home/runner/work/key/key/key.core/../key.ui/examples/heap/permissions/threads/Fib_inv2_accessible.key 
347783     DEBUG main            d.u.i.k.p.i.AbstractProblemLoader Environment load took 84.9ns 
347783     INFO  main            d.u.i.k.p.i.AbstractProblemLoader Creating init config 
352314     DEBUG main            d.u.i.k.p.i.AbstractProblemLoader Init config took 4.53s 
352410     INFO  main            d.u.i.k.p.i.AbstractProblemLoader Replaying proof Fib[java.lang.Object::<inv>()].JML accessible clause.1 
352411     DEBUG main            d.u.i.k.p.i.IntermediateProofReplayer Proof replay took 7.2ns 
352513     INFO  main            d.u.i.k.p.r.p.TestFile    ... finished proof: closed. 
352842     INFO  main            d.u.i.k.p.i.AbstractProblemLoader Loading environment from /home/runner/work/key/key/key.core/../key.ui/examples/heap/permissions/threads/Fib_inv2_accessible.key.proof 
352842     DEBUG main            d.u.i.k.p.i.AbstractProblemLoader Environment load took 74.2ns 
352843     INFO  main            d.u.i.k.p.i.AbstractProblemLoader Creating init config 
357300     DEBUG main            d.u.i.k.p.i.AbstractProblemLoader Init config took 4.46s 
357393     INFO  main            d.u.i.k.p.i.AbstractProblemLoader Replaying proof Fib[java.lang.Object::<inv>()].JML accessible clause.1 
357397     DEBUG main            d.u.i.k.p.i.IntermediateProofReplayer Proof replay took 2.51ms 
357397     DEBUG main            d.u.i.k.p.r.p.TestFile    ... success: reloaded. 
357398     INFO  main            d.u.i.k.p.r.p.TestFile    Now processing file /home/runner/work/key/key/key.core/../key.ui/examples/heap/permissions/threads/Fib_joinTransfer_accessible.key 
357399     INFO  main            d.u.i.k.p.i.AbstractProblemLoader Loading environment from /home/runner/work/key/key/key.core/../key.ui/examples/heap/permissions/threads/Fib_joinTransfer_accessible.key 
357399     DEBUG main            d.u.i.k.p.i.AbstractProblemLoader Environment load took 133.8ns 
357400     INFO  main            d.u.i.k.p.i.AbstractProblemLoader Creating init config 
361941     DEBUG main            d.u.i.k.p.i.AbstractProblemLoader Init config took 4.54s 
362020     INFO  main            d.u.i.k.p.i.AbstractProblemLoader Replaying proof Fib[ThreadSpec::joinTransfer()].JML accessible clause.0 
362022     DEBUG main            d.u.i.k.p.i.IntermediateProofReplayer Proof replay took 6.8ns 
362223     INFO  main            d.u.i.k.p.r.p.TestFile    ... finished proof: closed. 
362591     INFO  main            d.u.i.k.p.i.AbstractProblemLoader Loading environment from /home/runner/work/key/key/key.core/../key.ui/examples/heap/permissions/threads/Fib_joinTransfer_accessible.key.proof 
362591     DEBUG main            d.u.i.k.p.i.AbstractProblemLoader Environment load took 72.6ns 
362592     INFO  main            d.u.i.k.p.i.AbstractProblemLoader Creating init config 
367058     DEBUG main            d.u.i.k.p.i.AbstractProblemLoader Init config took 4.47s 
367137     INFO  main            d.u.i.k.p.i.AbstractProblemLoader Replaying proof Fib[ThreadSpec::joinTransfer()].JML accessible clause.0 
367161     DEBUG main            d.u.i.k.p.i.IntermediateProofReplayer Proof replay took 21.21ms 
367162     DEBUG main            d.u.i.k.p.r.p.TestFile    ... success: reloaded. 
367162     INFO  main            d.u.i.k.p.r.p.TestFile    Now processing file /home/runner/work/key/key/key.core/../key.ui/examples/heap/permissions/threads/Fib_joinTransfer_contract.key 
367163     INFO  main            d.u.i.k.p.i.AbstractProblemLoader Loading environment from /home/runner/work/key/key/key.core/../key.ui/examples/heap/permissions/threads/Fib_joinTransfer_contract.key 
367163     DEBUG main            d.u.i.k.p.i.AbstractProblemLoader Environment load took 98.4ns 
367163     INFO  main            d.u.i.k.p.i.AbstractProblemLoader Creating init config 
371680     DEBUG main            d.u.i.k.p.i.AbstractProblemLoader Init config took 4.52s 
371759     INFO  main            d.u.i.k.p.i.AbstractProblemLoader Replaying proof Fib[ThreadSpec::joinTransfer()].JML model_behavior operation contract.0 
371760     DEBUG main            d.u.i.k.p.i.IntermediateProofReplayer Proof replay took 6.5ns 
371861     INFO  main            d.u.i.k.p.r.p.TestFile    ... finished proof: closed. 
372223     INFO  main            d.u.i.k.p.i.AbstractProblemLoader Loading environment from /home/runner/work/key/key/key.core/../key.ui/examples/heap/permissions/threads/Fib_joinTransfer_contract.key.proof 
372223     DEBUG main            d.u.i.k.p.i.AbstractProblemLoader Environment load took 103.6ns 
372224     INFO  main            d.u.i.k.p.i.AbstractProblemLoader Creating init config 
376649     DEBUG main            d.u.i.k.p.i.AbstractProblemLoader Init config took 4.43s 
376730     INFO  main            d.u.i.k.p.i.AbstractProblemLoader Replaying proof Fib[ThreadSpec::joinTransfer()].JML model_behavior operation contract.0 
376737     DEBUG main            d.u.i.k.p.i.IntermediateProofReplayer Proof replay took 5.87ms 
376738     DEBUG main            d.u.i.k.p.r.p.TestFile    ... success: reloaded. 
376738     INFO  main            d.u.i.k.p.r.p.TestFile    Now processing file /home/runner/work/key/key/key.core/../key.ui/examples/heap/permissions/threads/Fib_postJoin_accessible.key 
376739     INFO  main            d.u.i.k.p.i.AbstractProblemLoader Loading environment from /home/runner/work/key/key/key.core/../key.ui/examples/heap/permissions/threads/Fib_postJoin_accessible.key 
376739     DEBUG main            d.u.i.k.p.i.AbstractProblemLoader Environment load took 62.2ns 
376739     INFO  main            d.u.i.k.p.i.AbstractProblemLoader Creating init config 
381227     DEBUG main            d.u.i.k.p.i.AbstractProblemLoader Init config took 4.49s 
381305     INFO  main            d.u.i.k.p.i.AbstractProblemLoader Replaying proof Fib[ThreadSpec::postJoin(java.lang.Object)].JML accessible clause.0 
381306     DEBUG main            d.u.i.k.p.i.IntermediateProofReplayer Proof replay took 7.4ns 
381408     INFO  main            d.u.i.k.p.r.p.TestFile    ... finished proof: closed. 
381773     INFO  main            d.u.i.k.p.i.AbstractProblemLoader Loading environment from /home/runner/work/key/key/key.core/../key.ui/examples/heap/permissions/threads/Fib_postJoin_accessible.key.proof 
381773     DEBUG main            d.u.i.k.p.i.AbstractProblemLoader Environment load took 69.8ns 
381773     INFO  main            d.u.i.k.p.i.AbstractProblemLoader Creating init config 
386215     DEBUG main            d.u.i.k.p.i.AbstractProblemLoader Init config took 4.44s 
386296     INFO  main            d.u.i.k.p.i.AbstractProblemLoader Replaying proof Fib[ThreadSpec::postJoin(java.lang.Object)].JML accessible clause.0 
386302     DEBUG main            d.u.i.k.p.i.IntermediateProofReplayer Proof replay took 4.67ms 
386303     DEBUG main            d.u.i.k.p.r.p.TestFile    ... success: reloaded. 
386303     INFO  main            d.u.i.k.p.r.p.TestFile    Now processing file /home/runner/work/key/key/key.core/../key.ui/examples/heap/permissions/threads/Fib_preStart_accessible.key 
386303     INFO  main            d.u.i.k.p.i.AbstractProblemLoader Loading environment from /home/runner/work/key/key/key.core/../key.ui/examples/heap/permissions/threads/Fib_preStart_accessible.key 
386304     DEBUG main            d.u.i.k.p.i.AbstractProblemLoader Environment load took 73.2ns 
386304     INFO  main            d.u.i.k.p.i.AbstractProblemLoader Creating init config 
390787     DEBUG main            d.u.i.k.p.i.AbstractProblemLoader Init config took 4.48s 
390866     INFO  main            d.u.i.k.p.i.AbstractProblemLoader Replaying proof Fib[ThreadSpec::preStart(java.lang.Object)].JML accessible clause.0 
390867     DEBUG main            d.u.i.k.p.i.IntermediateProofReplayer Proof replay took 6.5ns 
390968     INFO  main            d.u.i.k.p.r.p.TestFile    ... finished proof: closed. 
391338     INFO  main            d.u.i.k.p.i.AbstractProblemLoader Loading environment from /home/runner/work/key/key/key.core/../key.ui/examples/heap/permissions/threads/Fib_preStart_accessible.key.proof 
391338     DEBUG main            d.u.i.k.p.i.AbstractProblemLoader Environment load took 66.4ns 
391339     INFO  main            d.u.i.k.p.i.AbstractProblemLoader Creating init config 
395755     DEBUG main            d.u.i.k.p.i.AbstractProblemLoader Init config took 4.42s 
395833     INFO  main            d.u.i.k.p.i.AbstractProblemLoader Replaying proof Fib[ThreadSpec::preStart(java.lang.Object)].JML accessible clause.0 
395839     DEBUG main            d.u.i.k.p.i.IntermediateProofReplayer Proof replay took 4.48ms 
395840     DEBUG main            d.u.i.k.p.r.p.TestFile    ... success: reloaded. 
395841     INFO  main            d.u.i.k.p.r.p.TestFile    Now processing file /home/runner/work/key/key/key.core/../key.ui/examples/heap/permissions/threads/Fib_startTransfer_accessible.key 
395841     INFO  main            d.u.i.k.p.i.AbstractProblemLoader Loading environment from /home/runner/work/key/key/key.core/../key.ui/examples/heap/permissions/threads/Fib_startTransfer_accessible.key 
395841     DEBUG main            d.u.i.k.p.i.AbstractProblemLoader Environment load took 103.5ns 
395842     INFO  main            d.u.i.k.p.i.AbstractProblemLoader Creating init config 
400334     DEBUG main            d.u.i.k.p.i.AbstractProblemLoader Init config took 4.49s 
400430     INFO  main            d.u.i.k.p.i.AbstractProblemLoader Replaying proof Fib[ThreadSpec::startTransfer()].JML accessible clause.0 
400431     DEBUG main            d.u.i.k.p.i.IntermediateProofReplayer Proof replay took 6.4ns 
400633     INFO  main            d.u.i.k.p.r.p.TestFile    ... finished proof: closed. 
401019     INFO  main            d.u.i.k.p.i.AbstractProblemLoader Loading environment from /home/runner/work/key/key/key.core/../key.ui/examples/heap/permissions/threads/Fib_startTransfer_accessible.key.proof 
401019     DEBUG main            d.u.i.k.p.i.AbstractProblemLoader Environment load took 77.2ns 
401020     INFO  main            d.u.i.k.p.i.AbstractProblemLoader Creating init config 
405444     DEBUG main            d.u.i.k.p.i.AbstractProblemLoader Init config took 4.42s 
405523     INFO  main            d.u.i.k.p.i.AbstractProblemLoader Replaying proof Fib[ThreadSpec::startTransfer()].JML accessible clause.0 
405556     DEBUG main            d.u.i.k.p.i.IntermediateProofReplayer Proof replay took 31.22ms 
405557     DEBUG main            d.u.i.k.p.r.p.TestFile    ... success: reloaded. 
405557     INFO  main            d.u.i.k.p.r.p.TestFile    Now processing file /home/runner/work/key/key/key.core/../key.ui/examples/heap/permissions/threads/Fib_startTransfer_contract.key 
405558     INFO  main            d.u.i.k.p.i.AbstractProblemLoader Loading environment from /home/runner/work/key/key/key.core/../key.ui/examples/heap/permissions/threads/Fib_startTransfer_contract.key 
405558     DEBUG main            d.u.i.k.p.i.AbstractProblemLoader Environment load took 42.6ns 
405558     INFO  main            d.u.i.k.p.i.AbstractProblemLoader Creating init config 
410091     DEBUG main            d.u.i.k.p.i.AbstractProblemLoader Init config took 4.53s 
410171     INFO  main            d.u.i.k.p.i.AbstractProblemLoader Replaying proof Fib[ThreadSpec::startTransfer()].JML model_behavior operation contract.0 
410172     DEBUG main            d.u.i.k.p.i.IntermediateProofReplayer Proof replay took 6.9ns 
410276     INFO  main            d.u.i.k.p.r.p.TestFile    ... finished proof: closed. 
410667     INFO  main            d.u.i.k.p.i.AbstractProblemLoader Loading environment from /home/runner/work/key/key/key.core/../key.ui/examples/heap/permissions/threads/Fib_startTransfer_contract.key.proof 
410667     DEBUG main            d.u.i.k.p.i.AbstractProblemLoader Environment load took 71.3ns 
410668     INFO  main            d.u.i.k.p.i.AbstractProblemLoader Creating init config 
415097     DEBUG main            d.u.i.k.p.i.AbstractProblemLoader Init config took 4.43s 
415180     INFO  main            d.u.i.k.p.i.AbstractProblemLoader Replaying proof Fib[ThreadSpec::startTransfer()].JML model_behavior operation contract.0 
415187     DEBUG main            d.u.i.k.p.i.IntermediateProofReplayer Proof replay took 5.96ms 
415187     DEBUG main            d.u.i.k.p.r.p.TestFile    ... success: reloaded. 
415188     INFO  main            d.u.i.k.p.r.p.TestFile    Now processing file /home/runner/work/key/key/key.core/../key.ui/examples/heap/permissions/threads/Fib_workingPermissions_accessible.key 
415188     INFO  main            d.u.i.k.p.i.AbstractProblemLoader Loading environment from /home/runner/work/key/key/key.core/../key.ui/examples/heap/permissions/threads/Fib_workingPermissions_accessible.key 
415188     DEBUG main            d.u.i.k.p.i.AbstractProblemLoader Environment load took 41.8ns 
415189     INFO  main            d.u.i.k.p.i.AbstractProblemLoader Creating init config 
419694     DEBUG main            d.u.i.k.p.i.AbstractProblemLoader Init config took 4.5s 
419773     INFO  main            d.u.i.k.p.i.AbstractProblemLoader Replaying proof Fib[ThreadSpec::workingPermissions()].JML accessible clause.0 
419774     DEBUG main            d.u.i.k.p.i.IntermediateProofReplayer Proof replay took 7.1ns 
419876     INFO  main            d.u.i.k.p.r.p.TestFile    ... finished proof: closed. 
420269     INFO  main            d.u.i.k.p.i.AbstractProblemLoader Loading environment from /home/runner/work/key/key/key.core/../key.ui/examples/heap/permissions/threads/Fib_workingPermissions_accessible.key.proof 
420269     DEBUG main            d.u.i.k.p.i.AbstractProblemLoader Environment load took 102.6ns 
420270     INFO  main            d.u.i.k.p.i.AbstractProblemLoader Creating init config 
424701     DEBUG main            d.u.i.k.p.i.AbstractProblemLoader Init config took 4.43s 
424780     INFO  main            d.u.i.k.p.i.AbstractProblemLoader Replaying proof Fib[ThreadSpec::workingPermissions()].JML accessible clause.0 
424783     DEBUG main            d.u.i.k.p.i.IntermediateProofReplayer Proof replay took 1.9ms 
424783     DEBUG main            d.u.i.k.p.r.p.TestFile    ... success: reloaded. 
424784     INFO  main            d.u.i.k.p.r.p.TestFile    Now processing file /home/runner/work/key/key/key.core/../key.ui/examples/heap/permissions/threads/Plotter_initPost_accessible.key 
424784     INFO  main            d.u.i.k.p.i.AbstractProblemLoader Loading environment from /home/runner/work/key/key/key.core/../key.ui/examples/heap/permissions/threads/Plotter_initPost_accessible.key 
424784     DEBUG main            d.u.i.k.p.i.AbstractProblemLoader Environment load took 65.3ns 
424785     INFO  main            d.u.i.k.p.i.AbstractProblemLoader Creating init config 
429298     DEBUG main            d.u.i.k.p.i.AbstractProblemLoader Init config took 4.51s 
429376     INFO  main            d.u.i.k.p.i.AbstractProblemLoader Replaying proof Plotter[ThreadSpec2::initPost()].JML accessible clause.0 
429377     DEBUG main            d.u.i.k.p.i.IntermediateProofReplayer Proof replay took 7.5ns 
429478     INFO  main            d.u.i.k.p.r.p.TestFile    ... finished proof: closed. 
429882     INFO  main            d.u.i.k.p.i.AbstractProblemLoader Loading environment from /home/runner/work/key/key/key.core/../key.ui/examples/heap/permissions/threads/Plotter_initPost_accessible.key.proof 
429882     DEBUG main            d.u.i.k.p.i.AbstractProblemLoader Environment load took 77.3ns 
429883     INFO  main            d.u.i.k.p.i.AbstractProblemLoader Creating init config 
434300     DEBUG main            d.u.i.k.p.i.AbstractProblemLoader Init config took 4.42s 
434379     INFO  main            d.u.i.k.p.i.AbstractProblemLoader Replaying proof Plotter[ThreadSpec2::initPost()].JML accessible clause.0 
434393     DEBUG main            d.u.i.k.p.i.IntermediateProofReplayer Proof replay took 11.69ms 
434393     DEBUG main            d.u.i.k.p.r.p.TestFile    ... success: reloaded. 
434394     INFO  main            d.u.i.k.p.r.p.TestFile    Now processing file /home/runner/work/key/key/key.core/../key.ui/examples/heap/permissions/threads/Plotter_inv_accessible1.key 
434394     INFO  main            d.u.i.k.p.i.AbstractProblemLoader Loading environment from /home/runner/work/key/key/key.core/../key.ui/examples/heap/permissions/threads/Plotter_inv_accessible1.key 
434394     DEBUG main            d.u.i.k.p.i.AbstractProblemLoader Environment load took 71ns 
434395     INFO  main            d.u.i.k.p.i.AbstractProblemLoader Creating init config 
438897     DEBUG main            d.u.i.k.p.i.AbstractProblemLoader Init config took 4.5s 
438975     INFO  main            d.u.i.k.p.i.AbstractProblemLoader Replaying proof Plotter[java.lang.Object::<inv>()].JML accessible clause.0 
438977     DEBUG main            d.u.i.k.p.i.IntermediateProofReplayer Proof replay took 6.9ns 
439078     INFO  main            d.u.i.k.p.r.p.TestFile    ... finished proof: closed. 
439486     INFO  main            d.u.i.k.p.i.AbstractProblemLoader Loading environment from /home/runner/work/key/key/key.core/../key.ui/examples/heap/permissions/threads/Plotter_inv_accessible1.key.proof 
439486     DEBUG main            d.u.i.k.p.i.AbstractProblemLoader Environment load took 75.6ns 
439487     INFO  main            d.u.i.k.p.i.AbstractProblemLoader Creating init config 
443907     DEBUG main            d.u.i.k.p.i.AbstractProblemLoader Init config took 4.42s 
443986     INFO  main            d.u.i.k.p.i.AbstractProblemLoader Replaying proof Plotter[java.lang.Object::<inv>()].JML accessible clause.0 
443988     DEBUG main            d.u.i.k.p.i.IntermediateProofReplayer Proof replay took 1.53ms 
443989     DEBUG main            d.u.i.k.p.r.p.TestFile    ... success: reloaded. 
443990     INFO  main            d.u.i.k.p.r.p.TestFile    Now processing file /home/runner/work/key/key/key.core/../key.ui/examples/heap/permissions/threads/Plotter_inv_accessible2.key 
443990     INFO  main            d.u.i.k.p.i.AbstractProblemLoader Loading environment from /home/runner/work/key/key/key.core/../key.ui/examples/heap/permissions/threads/Plotter_inv_accessible2.key 
443990     DEBUG main            d.u.i.k.p.i.AbstractProblemLoader Environment load took 48.1ns 
443991     INFO  main            d.u.i.k.p.i.AbstractProblemLoader Creating init config 
448493     DEBUG main            d.u.i.k.p.i.AbstractProblemLoader Init config took 4.5s 
448584     INFO  main            d.u.i.k.p.i.AbstractProblemLoader Replaying proof Plotter[java.lang.Object::<inv>()].JML accessible clause.1 
448586     DEBUG main            d.u.i.k.p.i.IntermediateProofReplayer Proof replay took 7.3ns 
448688     INFO  main            d.u.i.k.p.r.p.TestFile    ... finished proof: closed. 
449099     INFO  main            d.u.i.k.p.i.AbstractProblemLoader Loading environment from /home/runner/work/key/key/key.core/../key.ui/examples/heap/permissions/threads/Plotter_inv_accessible2.key.proof 
449100     DEBUG main            d.u.i.k.p.i.AbstractProblemLoader Environment load took 67.5ns 
449100     INFO  main            d.u.i.k.p.i.AbstractProblemLoader Creating init config 
453520     DEBUG main            d.u.i.k.p.i.AbstractProblemLoader Init config took 4.42s 
453599     INFO  main            d.u.i.k.p.i.AbstractProblemLoader Replaying proof Plotter[java.lang.Object::<inv>()].JML accessible clause.1 
453601     DEBUG main            d.u.i.k.p.i.IntermediateProofReplayer Proof replay took 1.48ms 
453602     DEBUG main            d.u.i.k.p.r.p.TestFile    ... success: reloaded. 
453603     INFO  main            d.u.i.k.p.r.p.TestFile    Now processing file /home/runner/work/key/key/key.core/../key.ui/examples/heap/permissions/threads/Plotter_joinTransfer_contract.key 
453603     INFO  main            d.u.i.k.p.i.AbstractProblemLoader Loading environment from /home/runner/work/key/key/key.core/../key.ui/examples/heap/permissions/threads/Plotter_joinTransfer_contract.key 
453603     DEBUG main            d.u.i.k.p.i.AbstractProblemLoader Environment load took 38.5ns 
453604     INFO  main            d.u.i.k.p.i.AbstractProblemLoader Creating init config 
458128     DEBUG main            d.u.i.k.p.i.AbstractProblemLoader Init config took 4.52s 
458208     INFO  main            d.u.i.k.p.i.AbstractProblemLoader Replaying proof Plotter[ThreadSpec2::joinTransfer()].JML model_behavior operation contract.0 
458209     DEBUG main            d.u.i.k.p.i.IntermediateProofReplayer Proof replay took 7.1ns 
458310     INFO  main            d.u.i.k.p.r.p.TestFile    ... finished proof: closed. 
458726     INFO  main            d.u.i.k.p.i.AbstractProblemLoader Loading environment from /home/runner/work/key/key/key.core/../key.ui/examples/heap/permissions/threads/Plotter_joinTransfer_contract.key.proof 
458727     DEBUG main            d.u.i.k.p.i.AbstractProblemLoader Environment load took 67.3ns 
458727     INFO  main            d.u.i.k.p.i.AbstractProblemLoader Creating init config 
463155     DEBUG main            d.u.i.k.p.i.AbstractProblemLoader Init config took 4.43s 
463245     INFO  main            d.u.i.k.p.i.AbstractProblemLoader Replaying proof Plotter[ThreadSpec2::joinTransfer()].JML model_behavior operation contract.0 
463253     DEBUG main            d.u.i.k.p.i.IntermediateProofReplayer Proof replay took 6.92ms 
463254     DEBUG main            d.u.i.k.p.r.p.TestFile    ... success: reloaded. 
463254     INFO  main            d.u.i.k.p.r.p.TestFile    Now processing file /home/runner/work/key/key/key.core/../key.ui/examples/heap/permissions/threads/Plotter_Plotter.key 
463255     INFO  main            d.u.i.k.p.i.AbstractProblemLoader Loading environment from /home/runner/work/key/key/key.core/../key.ui/examples/heap/permissions/threads/Plotter_Plotter.key 
463255     DEBUG main            d.u.i.k.p.i.AbstractProblemLoader Environment load took 39.3ns 
463255     INFO  main            d.u.i.k.p.i.AbstractProblemLoader Creating init config 
467768     DEBUG main            d.u.i.k.p.i.AbstractProblemLoader Init config took 4.51s 
467848     INFO  main            d.u.i.k.p.i.AbstractProblemLoader Replaying proof Plotter[Plotter::Plotter(AFilter,BFilter,Buffer)].JML normal_behavior operation contract.0 
467849     DEBUG main            d.u.i.k.p.i.IntermediateProofReplayer Proof replay took 7ns 
469553     INFO  main            d.u.i.k.p.r.p.TestFile    ... finished proof: closed. 
470008     INFO  main            d.u.i.k.p.i.AbstractProblemLoader Loading environment from /home/runner/work/key/key/key.core/../key.ui/examples/heap/permissions/threads/Plotter_Plotter.key.proof 
470008     DEBUG main            d.u.i.k.p.i.AbstractProblemLoader Environment load took 265.1ns 
470009     INFO  main            d.u.i.k.p.i.AbstractProblemLoader Creating init config 
474455     DEBUG main            d.u.i.k.p.i.AbstractProblemLoader Init config took 4.45s 
474534     INFO  main            d.u.i.k.p.i.AbstractProblemLoader Replaying proof Plotter[Plotter::Plotter(AFilter,BFilter,Buffer)].JML normal_behavior operation contract.0 
474761     DEBUG main            d.u.i.k.p.i.IntermediateProofReplayer Proof replay took 221.06ms 
474762     DEBUG main            d.u.i.k.p.r.p.TestFile    ... success: reloaded. 
474763     INFO  main            d.u.i.k.p.r.p.TestFile    Now processing file /home/runner/work/key/key/key.core/../key.ui/examples/heap/permissions/threads/Plotter_postJoin_accessible.key 
474763     INFO  main            d.u.i.k.p.i.AbstractProblemLoader Loading environment from /home/runner/work/key/key/key.core/../key.ui/examples/heap/permissions/threads/Plotter_postJoin_accessible.key 
474763     DEBUG main            d.u.i.k.p.i.AbstractProblemLoader Environment load took 61.8ns 
474764     INFO  main            d.u.i.k.p.i.AbstractProblemLoader Creating init config 
479309     DEBUG main            d.u.i.k.p.i.AbstractProblemLoader Init config took 4.54s 
479387     INFO  main            d.u.i.k.p.i.AbstractProblemLoader Replaying proof Plotter[ThreadSpec2::postJoin(java.lang.Object)].JML accessible clause.0 
479389     DEBUG main            d.u.i.k.p.i.IntermediateProofReplayer Proof replay took 7.1ns 
479490     INFO  main            d.u.i.k.p.r.p.TestFile    ... finished proof: closed. 
479924     INFO  main            d.u.i.k.p.i.AbstractProblemLoader Loading environment from /home/runner/work/key/key/key.core/../key.ui/examples/heap/permissions/threads/Plotter_postJoin_accessible.key.proof 
479924     DEBUG main            d.u.i.k.p.i.AbstractProblemLoader Environment load took 71.1ns 
479925     INFO  main            d.u.i.k.p.i.AbstractProblemLoader Creating init config 
484362     DEBUG main            d.u.i.k.p.i.AbstractProblemLoader Init config took 4.44s 
484441     INFO  main            d.u.i.k.p.i.AbstractProblemLoader Replaying proof Plotter[ThreadSpec2::postJoin(java.lang.Object)].JML accessible clause.0 
484453     DEBUG main            d.u.i.k.p.i.IntermediateProofReplayer Proof replay took 10.35ms 
484454     DEBUG main            d.u.i.k.p.r.p.TestFile    ... success: reloaded. 
484454     INFO  main            d.u.i.k.p.r.p.TestFile    Now processing file /home/runner/work/key/key/key.core/../key.ui/examples/heap/permissions/threads/Plotter_preStart_accessible.key 
484455     INFO  main            d.u.i.k.p.i.AbstractProblemLoader Loading environment from /home/runner/work/key/key/key.core/../key.ui/examples/heap/permissions/threads/Plotter_preStart_accessible.key 
484455     DEBUG main            d.u.i.k.p.i.AbstractProblemLoader Environment load took 62.4ns 
484455     INFO  main            d.u.i.k.p.i.AbstractProblemLoader Creating init config 
488964     DEBUG main            d.u.i.k.p.i.AbstractProblemLoader Init config took 4.51s 
489057     INFO  main            d.u.i.k.p.i.AbstractProblemLoader Replaying proof Plotter[ThreadSpec2::preStart(java.lang.Object)].JML accessible clause.0 
489058     DEBUG main            d.u.i.k.p.i.IntermediateProofReplayer Proof replay took 7.6ns 
490064     INFO  main            d.u.i.k.p.r.p.TestFile    ... finished proof: closed. 
490530     INFO  main            d.u.i.k.p.i.AbstractProblemLoader Loading environment from /home/runner/work/key/key/key.core/../key.ui/examples/heap/permissions/threads/Plotter_preStart_accessible.key.proof 
490530     DEBUG main            d.u.i.k.p.i.AbstractProblemLoader Environment load took 65.6ns 
490531     INFO  main            d.u.i.k.p.i.AbstractProblemLoader Creating init config 
494963     DEBUG main            d.u.i.k.p.i.AbstractProblemLoader Init config took 4.43s 
495042     INFO  main            d.u.i.k.p.i.AbstractProblemLoader Replaying proof Plotter[ThreadSpec2::preStart(java.lang.Object)].JML accessible clause.0 
495121     DEBUG main            d.u.i.k.p.i.IntermediateProofReplayer Proof replay took 73.24ms 
495122     DEBUG main            d.u.i.k.p.r.p.TestFile    ... success: reloaded. 
495123     INFO  main            d.u.i.k.p.r.p.TestFile    Now processing file /home/runner/work/key/key/key.core/../key.ui/examples/heap/permissions/threads/Plotter_stateInv_accessible.key 
495123     INFO  main            d.u.i.k.p.i.AbstractProblemLoader Loading environment from /home/runner/work/key/key/key.core/../key.ui/examples/heap/permissions/threads/Plotter_stateInv_accessible.key 
495124     DEBUG main            d.u.i.k.p.i.AbstractProblemLoader Environment load took 130.2ns 
495124     INFO  main            d.u.i.k.p.i.AbstractProblemLoader Creating init config 
499633     DEBUG main            d.u.i.k.p.i.AbstractProblemLoader Init config took 4.51s 
499712     INFO  main            d.u.i.k.p.i.AbstractProblemLoader Replaying proof Plotter[ThreadSpec2::stateInv()].JML accessible clause.0 
499713     DEBUG main            d.u.i.k.p.i.IntermediateProofReplayer Proof replay took 6.7ns 
507170     INFO  main            d.u.i.k.p.r.p.TestFile    ... finished proof: closed. 
507644     INFO  main            d.u.i.k.p.i.AbstractProblemLoader Loading environment from /home/runner/work/key/key/key.core/../key.ui/examples/heap/permissions/threads/Plotter_stateInv_accessible.key.proof 
507644     DEBUG main            d.u.i.k.p.i.AbstractProblemLoader Environment load took 83.9ns 
507646     INFO  main            d.u.i.k.p.i.AbstractProblemLoader Creating init config 
512079     DEBUG main            d.u.i.k.p.i.AbstractProblemLoader Init config took 4.43s 
512169     INFO  main            d.u.i.k.p.i.AbstractProblemLoader Replaying proof Plotter[ThreadSpec2::stateInv()].JML accessible clause.0 
512754     DEBUG main            d.u.i.k.p.i.IntermediateProofReplayer Proof replay took 567.21ms 
512756     DEBUG main            d.u.i.k.p.r.p.TestFile    ... success: reloaded. 
512757     INFO  main            d.u.i.k.p.r.p.TestFile    Now processing file /home/runner/work/key/key/key.core/../key.ui/examples/heap/permissions/threads/Plotter_staticPermissions_accessible.key 
512757     INFO  main            d.u.i.k.p.i.AbstractProblemLoader Loading environment from /home/runner/work/key/key/key.core/../key.ui/examples/heap/permissions/threads/Plotter_staticPermissions_accessible.key 
512757     DEBUG main            d.u.i.k.p.i.AbstractProblemLoader Environment load took 38.5ns 
512757     INFO  main            d.u.i.k.p.i.AbstractProblemLoader Creating init config 
517435     DEBUG main            d.u.i.k.p.i.AbstractProblemLoader Init config took 4.68s 
517535     INFO  main            d.u.i.k.p.i.AbstractProblemLoader Replaying proof Plotter[ThreadSpec2::staticPermissions()].JML accessible clause.0 
517536     DEBUG main            d.u.i.k.p.i.IntermediateProofReplayer Proof replay took 46.6ns 
518238     INFO  main            d.u.i.k.p.r.p.TestFile    ... finished proof: closed. 
518700     INFO  main            d.u.i.k.p.i.AbstractProblemLoader Loading environment from /home/runner/work/key/key/key.core/../key.ui/examples/heap/permissions/threads/Plotter_staticPermissions_accessible.key.proof 
518700     DEBUG main            d.u.i.k.p.i.AbstractProblemLoader Environment load took 72.5ns 
518701     INFO  main            d.u.i.k.p.i.AbstractProblemLoader Creating init config 
523122     DEBUG main            d.u.i.k.p.i.AbstractProblemLoader Init config took 4.42s 
523200     INFO  main            d.u.i.k.p.i.AbstractProblemLoader Replaying proof Plotter[ThreadSpec2::staticPermissions()].JML accessible clause.0 
523256     DEBUG main            d.u.i.k.p.i.IntermediateProofReplayer Proof replay took 53.06ms 
523257     DEBUG main            d.u.i.k.p.r.p.TestFile    ... success: reloaded. 
523257     INFO  main            d.u.i.k.p.r.p.TestFile    Now processing file /home/runner/work/key/key/key.core/../key.ui/examples/heap/permissions/threads/Plotter_workingPermissions_accessible.key 
523258     INFO  main            d.u.i.k.p.i.AbstractProblemLoader Loading environment from /home/runner/work/key/key/key.core/../key.ui/examples/heap/permissions/threads/Plotter_workingPermissions_accessible.key 
523258     DEBUG main            d.u.i.k.p.i.AbstractProblemLoader Environment load took 60.1ns 
523258     INFO  main            d.u.i.k.p.i.AbstractProblemLoader Creating init config 
527804     DEBUG main            d.u.i.k.p.i.AbstractProblemLoader Init config took 4.55s 
527896     INFO  main            d.u.i.k.p.i.AbstractProblemLoader Replaying proof Plotter[ThreadSpec2::workingPermissions()].JML accessible clause.0 
527897     DEBUG main            d.u.i.k.p.i.IntermediateProofReplayer Proof replay took 3.3ns 
528099     INFO  main            d.u.i.k.p.r.p.TestFile    ... finished proof: closed. 
528550     INFO  main            d.u.i.k.p.i.AbstractProblemLoader Loading environment from /home/runner/work/key/key/key.core/../key.ui/examples/heap/permissions/threads/Plotter_workingPermissions_accessible.key.proof 
528551     DEBUG main            d.u.i.k.p.i.AbstractProblemLoader Environment load took 61.6ns 
528551     INFO  main            d.u.i.k.p.i.AbstractProblemLoader Creating init config 
533028     DEBUG main            d.u.i.k.p.i.AbstractProblemLoader Init config took 4.48s 
533107     INFO  main            d.u.i.k.p.i.AbstractProblemLoader Replaying proof Plotter[ThreadSpec2::workingPermissions()].JML accessible clause.0 
533122     DEBUG main            d.u.i.k.p.i.IntermediateProofReplayer Proof replay took 13.37ms 
533123     DEBUG main            d.u.i.k.p.r.p.TestFile    ... success: reloaded. 
533123     INFO  main            d.u.i.k.p.r.p.TestFile    Now processing file /home/runner/work/key/key/key.core/../key.ui/examples/heap/permissions/threads/Sampler_initPost_accessible.key 
533123     INFO  main            d.u.i.k.p.i.AbstractProblemLoader Loading environment from /home/runner/work/key/key/key.core/../key.ui/examples/heap/permissions/threads/Sampler_initPost_accessible.key 
533124     DEBUG main            d.u.i.k.p.i.AbstractProblemLoader Environment load took 37.6ns 
533124     INFO  main            d.u.i.k.p.i.AbstractProblemLoader Creating init config 
537628     DEBUG main            d.u.i.k.p.i.AbstractProblemLoader Init config took 4.5s 
537722     INFO  main            d.u.i.k.p.i.AbstractProblemLoader Replaying proof Sampler[ThreadSpec2::initPost()].JML accessible clause.0 
537724     DEBUG main            d.u.i.k.p.i.IntermediateProofReplayer Proof replay took 3.3ns 
537825     INFO  main            d.u.i.k.p.r.p.TestFile    ... finished proof: closed. 
538270     INFO  main            d.u.i.k.p.i.AbstractProblemLoader Loading environment from /home/runner/work/key/key/key.core/../key.ui/examples/heap/permissions/threads/Sampler_initPost_accessible.key.proof 
538270     DEBUG main            d.u.i.k.p.i.AbstractProblemLoader Environment load took 66.8ns 
538271     INFO  main            d.u.i.k.p.i.AbstractProblemLoader Creating init config 
542698     DEBUG main            d.u.i.k.p.i.AbstractProblemLoader Init config took 4.43s 
542777     INFO  main            d.u.i.k.p.i.AbstractProblemLoader Replaying proof Sampler[ThreadSpec2::initPost()].JML accessible clause.0 
542783     DEBUG main            d.u.i.k.p.i.IntermediateProofReplayer Proof replay took 4.82ms 
542783     DEBUG main            d.u.i.k.p.r.p.TestFile    ... success: reloaded. 
542784     INFO  main            d.u.i.k.p.r.p.TestFile    Now processing file /home/runner/work/key/key/key.core/../key.ui/examples/heap/permissions/threads/Sampler_inv_accessible1.key 
542784     INFO  main            d.u.i.k.p.i.AbstractProblemLoader Loading environment from /home/runner/work/key/key/key.core/../key.ui/examples/heap/permissions/threads/Sampler_inv_accessible1.key 
542784     DEBUG main            d.u.i.k.p.i.AbstractProblemLoader Environment load took 38.6ns 
542785     INFO  main            d.u.i.k.p.i.AbstractProblemLoader Creating init config 
547301     DEBUG main            d.u.i.k.p.i.AbstractProblemLoader Init config took 4.52s 
547379     INFO  main            d.u.i.k.p.i.AbstractProblemLoader Replaying proof Sampler[java.lang.Object::<inv>()].JML accessible clause.0 
547380     DEBUG main            d.u.i.k.p.i.IntermediateProofReplayer Proof replay took 3.1ns 
547482     INFO  main            d.u.i.k.p.r.p.TestFile    ... finished proof: closed. 
547944     INFO  main            d.u.i.k.p.i.AbstractProblemLoader Loading environment from /home/runner/work/key/key/key.core/../key.ui/examples/heap/permissions/threads/Sampler_inv_accessible1.key.proof 
547944     DEBUG main            d.u.i.k.p.i.AbstractProblemLoader Environment load took 64.8ns 
547945     INFO  main            d.u.i.k.p.i.AbstractProblemLoader Creating init config 
552374     DEBUG main            d.u.i.k.p.i.AbstractProblemLoader Init config took 4.43s 
552452     INFO  main            d.u.i.k.p.i.AbstractProblemLoader Replaying proof Sampler[java.lang.Object::<inv>()].JML accessible clause.0 
552469     DEBUG main            d.u.i.k.p.i.IntermediateProofReplayer Proof replay took 14.93ms 
552469     DEBUG main            d.u.i.k.p.r.p.TestFile    ... success: reloaded. 
552470     INFO  main            d.u.i.k.p.r.p.TestFile    Now processing file /home/runner/work/key/key/key.core/../key.ui/examples/heap/permissions/threads/Sampler_inv_accessible2.key 
552470     INFO  main            d.u.i.k.p.i.AbstractProblemLoader Loading environment from /home/runner/work/key/key/key.core/../key.ui/examples/heap/permissions/threads/Sampler_inv_accessible2.key 
552470     DEBUG main            d.u.i.k.p.i.AbstractProblemLoader Environment load took 39.1ns 
552471     INFO  main            d.u.i.k.p.i.AbstractProblemLoader Creating init config 
556963     DEBUG main            d.u.i.k.p.i.AbstractProblemLoader Init config took 4.49s 
557041     INFO  main            d.u.i.k.p.i.AbstractProblemLoader Replaying proof Sampler[java.lang.Object::<inv>()].JML accessible clause.1 
557042     DEBUG main            d.u.i.k.p.i.IntermediateProofReplayer Proof replay took 2.8ns 
557143     INFO  main            d.u.i.k.p.r.p.TestFile    ... finished proof: closed. 
557609     INFO  main            d.u.i.k.p.i.AbstractProblemLoader Loading environment from /home/runner/work/key/key/key.core/../key.ui/examples/heap/permissions/threads/Sampler_inv_accessible2.key.proof 
557609     DEBUG main            d.u.i.k.p.i.AbstractProblemLoader Environment load took 66.7ns 
557609     INFO  main            d.u.i.k.p.i.AbstractProblemLoader Creating init config 
562038     DEBUG main            d.u.i.k.p.i.AbstractProblemLoader Init config took 4.43s 
562128     INFO  main            d.u.i.k.p.i.AbstractProblemLoader Replaying proof Sampler[java.lang.Object::<inv>()].JML accessible clause.1 
562130     DEBUG main            d.u.i.k.p.i.IntermediateProofReplayer Proof replay took 1.43ms 
562131     DEBUG main            d.u.i.k.p.r.p.TestFile    ... success: reloaded. 
562131     INFO  main            d.u.i.k.p.r.p.TestFile    Now processing file /home/runner/work/key/key/key.core/../key.ui/examples/heap/permissions/threads/Sampler_joinTransfer_accessible.key 
562132     INFO  main            d.u.i.k.p.i.AbstractProblemLoader Loading environment from /home/runner/work/key/key/key.core/../key.ui/examples/heap/permissions/threads/Sampler_joinTransfer_accessible.key 
562132     DEBUG main            d.u.i.k.p.i.AbstractProblemLoader Environment load took 94ns 
562132     INFO  main            d.u.i.k.p.i.AbstractProblemLoader Creating init config 
566625     DEBUG main            d.u.i.k.p.i.AbstractProblemLoader Init config took 4.49s 
566706     INFO  main            d.u.i.k.p.i.AbstractProblemLoader Replaying proof Sampler[ThreadSpec2::joinTransfer()].JML accessible clause.0 
566707     DEBUG main            d.u.i.k.p.i.IntermediateProofReplayer Proof replay took 2.6ns 
570132     INFO  main            d.u.i.k.p.r.p.TestFile    ... finished proof: closed. 
570618     INFO  main            d.u.i.k.p.i.AbstractProblemLoader Loading environment from /home/runner/work/key/key/key.core/../key.ui/examples/heap/permissions/threads/Sampler_joinTransfer_accessible.key.proof 
570618     DEBUG main            d.u.i.k.p.i.AbstractProblemLoader Environment load took 72ns 
570619     INFO  main            d.u.i.k.p.i.AbstractProblemLoader Creating init config 
575047     DEBUG main            d.u.i.k.p.i.AbstractProblemLoader Init config took 4.43s 
575125     INFO  main            d.u.i.k.p.i.AbstractProblemLoader Replaying proof Sampler[ThreadSpec2::joinTransfer()].JML accessible clause.0 
575667     DEBUG main            d.u.i.k.p.i.IntermediateProofReplayer Proof replay took 530.02ms 
575668     DEBUG main            d.u.i.k.p.r.p.TestFile    ... success: reloaded. 
575672     INFO  main            d.u.i.k.p.r.p.TestFile    Now processing file /home/runner/work/key/key/key.core/../key.ui/examples/heap/permissions/threads/Sampler_joinTransfer_contract.key 
575672     INFO  main            d.u.i.k.p.i.AbstractProblemLoader Loading environment from /home/runner/work/key/key/key.core/../key.ui/examples/heap/permissions/threads/Sampler_joinTransfer_contract.key 
575673     DEBUG main            d.u.i.k.p.i.AbstractProblemLoader Environment load took 147.1ns 
575673     INFO  main            d.u.i.k.p.i.AbstractProblemLoader Creating init config 
580177     DEBUG main            d.u.i.k.p.i.AbstractProblemLoader Init config took 4.5s 
580270     INFO  main            d.u.i.k.p.i.AbstractProblemLoader Replaying proof Sampler[ThreadSpec2::joinTransfer()].JML model_behavior operation contract.0 
580271     DEBUG main            d.u.i.k.p.i.IntermediateProofReplayer Proof replay took 2.6ns 
580372     INFO  main            d.u.i.k.p.r.p.TestFile    ... finished proof: closed. 
580849     INFO  main            d.u.i.k.p.i.AbstractProblemLoader Loading environment from /home/runner/work/key/key/key.core/../key.ui/examples/heap/permissions/threads/Sampler_joinTransfer_contract.key.proof 
580849     DEBUG main            d.u.i.k.p.i.AbstractProblemLoader Environment load took 65.9ns 
580850     INFO  main            d.u.i.k.p.i.AbstractProblemLoader Creating init config 
585289     DEBUG main            d.u.i.k.p.i.AbstractProblemLoader Init config took 4.44s 
585367     INFO  main            d.u.i.k.p.i.AbstractProblemLoader Replaying proof Sampler[ThreadSpec2::joinTransfer()].JML model_behavior operation contract.0 
585374     DEBUG main            d.u.i.k.p.i.IntermediateProofReplayer Proof replay took 6.19ms 
585375     DEBUG main            d.u.i.k.p.r.p.TestFile    ... success: reloaded. 
585376     INFO  main            d.u.i.k.p.r.p.TestFile    Now processing file /home/runner/work/key/key/key.core/../key.ui/examples/heap/permissions/threads/Sampler_postJoin_accessible.key 
585376     INFO  main            d.u.i.k.p.i.AbstractProblemLoader Loading environment from /home/runner/work/key/key/key.core/../key.ui/examples/heap/permissions/threads/Sampler_postJoin_accessible.key 
585376     DEBUG main            d.u.i.k.p.i.AbstractProblemLoader Environment load took 49.9ns 
585377     INFO  main            d.u.i.k.p.i.AbstractProblemLoader Creating init config 
589913     DEBUG main            d.u.i.k.p.i.AbstractProblemLoader Init config took 4.54s 
589991     INFO  main            d.u.i.k.p.i.AbstractProblemLoader Replaying proof Sampler[ThreadSpec2::postJoin(java.lang.Object)].JML accessible clause.0 
589992     DEBUG main            d.u.i.k.p.i.IntermediateProofReplayer Proof replay took 3.1ns 
590093     INFO  main            d.u.i.k.p.r.p.TestFile    ... finished proof: closed. 
590581     INFO  main            d.u.i.k.p.i.AbstractProblemLoader Loading environment from /home/runner/work/key/key/key.core/../key.ui/examples/heap/permissions/threads/Sampler_postJoin_accessible.key.proof 
590581     DEBUG main            d.u.i.k.p.i.AbstractProblemLoader Environment load took 62.4ns 
590581     INFO  main            d.u.i.k.p.i.AbstractProblemLoader Creating init config 
595017     DEBUG main            d.u.i.k.p.i.AbstractProblemLoader Init config took 4.44s 
595095     INFO  main            d.u.i.k.p.i.AbstractProblemLoader Replaying proof Sampler[ThreadSpec2::postJoin(java.lang.Object)].JML accessible clause.0 
595104     DEBUG main            d.u.i.k.p.i.IntermediateProofReplayer Proof replay took 7.33ms 
595104     DEBUG main            d.u.i.k.p.r.p.TestFile    ... success: reloaded. 
595105     INFO  main            d.u.i.k.p.r.p.TestFile    Now processing file /home/runner/work/key/key/key.core/../key.ui/examples/heap/permissions/threads/Sampler_preStart_accessible.key 
595105     INFO  main            d.u.i.k.p.i.AbstractProblemLoader Loading environment from /home/runner/work/key/key/key.core/../key.ui/examples/heap/permissions/threads/Sampler_preStart_accessible.key 
595105     DEBUG main            d.u.i.k.p.i.AbstractProblemLoader Environment load took 37ns 
595106     INFO  main            d.u.i.k.p.i.AbstractProblemLoader Creating init config 
599626     DEBUG main            d.u.i.k.p.i.AbstractProblemLoader Init config took 4.52s 
599704     INFO  main            d.u.i.k.p.i.AbstractProblemLoader Replaying proof Sampler[ThreadSpec2::preStart(java.lang.Object)].JML accessible clause.0 
599705     DEBUG main            d.u.i.k.p.i.IntermediateProofReplayer Proof replay took 2.6ns 
599807     INFO  main            d.u.i.k.p.r.p.TestFile    ... finished proof: closed. 
600298     INFO  main            d.u.i.k.p.i.AbstractProblemLoader Loading environment from /home/runner/work/key/key/key.core/../key.ui/examples/heap/permissions/threads/Sampler_preStart_accessible.key.proof 
600298     DEBUG main            d.u.i.k.p.i.AbstractProblemLoader Environment load took 64.7ns 
600299     INFO  main            d.u.i.k.p.i.AbstractProblemLoader Creating init config 
604733     DEBUG main            d.u.i.k.p.i.AbstractProblemLoader Init config took 4.43s 
604810     INFO  main            d.u.i.k.p.i.AbstractProblemLoader Replaying proof Sampler[ThreadSpec2::preStart(java.lang.Object)].JML accessible clause.0 
604819     DEBUG main            d.u.i.k.p.i.IntermediateProofReplayer Proof replay took 7.27ms 
604820     DEBUG main            d.u.i.k.p.r.p.TestFile    ... success: reloaded. 
604820     INFO  main            d.u.i.k.p.r.p.TestFile    Now processing file /home/runner/work/key/key/key.core/../key.ui/examples/heap/permissions/threads/Sampler_run.key 
604821     INFO  main            d.u.i.k.p.i.AbstractProblemLoader Loading environment from /home/runner/work/key/key/key.core/../key.ui/examples/heap/permissions/threads/Sampler_run.key 
604821     DEBUG main            d.u.i.k.p.i.AbstractProblemLoader Environment load took 99.7ns 
604821     INFO  main            d.u.i.k.p.i.AbstractProblemLoader Creating init config 
609404     DEBUG main            d.u.i.k.p.i.AbstractProblemLoader Init config took 4.58s 
609483     INFO  main            d.u.i.k.p.i.AbstractProblemLoader Replaying proof Sampler[ThreadSpec2::run()].JML normal_behavior operation contract.0 
609485     DEBUG main            d.u.i.k.p.i.IntermediateProofReplayer Proof replay took 2.2ns 
609586     INFO  main            d.u.i.k.p.r.p.TestFile    ... finished proof: closed. 
610097     INFO  main            d.u.i.k.p.i.AbstractProblemLoader Loading environment from /home/runner/work/key/key/key.core/../key.ui/examples/heap/permissions/threads/Sampler_run.key.proof 
610097     DEBUG main            d.u.i.k.p.i.AbstractProblemLoader Environment load took 65.8ns 
610098     INFO  main            d.u.i.k.p.i.AbstractProblemLoader Creating init config 
614531     DEBUG main            d.u.i.k.p.i.AbstractProblemLoader Init config took 4.43s 
614610     INFO  main            d.u.i.k.p.i.AbstractProblemLoader Replaying proof Sampler[ThreadSpec2::run()].JML normal_behavior operation contract.0 
614642     DEBUG main            d.u.i.k.p.i.IntermediateProofReplayer Proof replay took 30.14ms 
614642     DEBUG main            d.u.i.k.p.r.p.TestFile    ... success: reloaded. 
614643     INFO  main            d.u.i.k.p.r.p.TestFile    Now processing file /home/runner/work/key/key/key.core/../key.ui/examples/heap/permissions/threads/Sampler_Sampler.key 
614643     INFO  main            d.u.i.k.p.i.AbstractProblemLoader Loading environment from /home/runner/work/key/key/key.core/../key.ui/examples/heap/permissions/threads/Sampler_Sampler.key 
614643     DEBUG main            d.u.i.k.p.i.AbstractProblemLoader Environment load took 40.9ns 
614644     INFO  main            d.u.i.k.p.i.AbstractProblemLoader Creating init config 
619194     DEBUG main            d.u.i.k.p.i.AbstractProblemLoader Init config took 4.55s 
619274     INFO  main            d.u.i.k.p.i.AbstractProblemLoader Replaying proof Sampler[Sampler::Sampler(Buffer)].JML normal_behavior operation contract.0 
619275     DEBUG main            d.u.i.k.p.i.IntermediateProofReplayer Proof replay took 2.5ns 
619777     INFO  main            d.u.i.k.p.r.p.TestFile    ... finished proof: closed. 
620272     INFO  main            d.u.i.k.p.i.AbstractProblemLoader Loading environment from /home/runner/work/key/key/key.core/../key.ui/examples/heap/permissions/threads/Sampler_Sampler.key.proof 
620272     DEBUG main            d.u.i.k.p.i.AbstractProblemLoader Environment load took 66.8ns 
620273     INFO  main            d.u.i.k.p.i.AbstractProblemLoader Creating init config 
624983     DEBUG main            d.u.i.k.p.i.AbstractProblemLoader Init config took 4.71s 
625063     INFO  main            d.u.i.k.p.i.AbstractProblemLoader Replaying proof Sampler[Sampler::Sampler(Buffer)].JML normal_behavior operation contract.0 
625172     DEBUG main            d.u.i.k.p.i.IntermediateProofReplayer Proof replay took 101.48ms 
625173     DEBUG main            d.u.i.k.p.r.p.TestFile    ... success: reloaded. 
625174     INFO  main            d.u.i.k.p.r.p.TestFile    Now processing file /home/runner/work/key/key/key.core/../key.ui/examples/heap/permissions/threads/Sampler_startTransfer_accessible.key 
625174     INFO  main            d.u.i.k.p.i.AbstractProblemLoader Loading environment from /home/runner/work/key/key/key.core/../key.ui/examples/heap/permissions/threads/Sampler_startTransfer_accessible.key 
625175     DEBUG main            d.u.i.k.p.i.AbstractProblemLoader Environment load took 131.5ns 
625176     INFO  main            d.u.i.k.p.i.AbstractProblemLoader Creating init config 
629870     DEBUG main            d.u.i.k.p.i.AbstractProblemLoader Init config took 4.69s 
629958     INFO  main            d.u.i.k.p.i.AbstractProblemLoader Replaying proof Sampler[ThreadSpec2::startTransfer()].JML accessible clause.0 
629959     DEBUG main            d.u.i.k.p.i.IntermediateProofReplayer Proof replay took 2.8ns 
634066     INFO  main            d.u.i.k.p.r.p.TestFile    ... finished proof: closed. 
634587     INFO  main            d.u.i.k.p.i.AbstractProblemLoader Loading environment from /home/runner/work/key/key/key.core/../key.ui/examples/heap/permissions/threads/Sampler_startTransfer_accessible.key.proof 
634587     DEBUG main            d.u.i.k.p.i.AbstractProblemLoader Environment load took 270ns 
634588     INFO  main            d.u.i.k.p.i.AbstractProblemLoader Creating init config 
639161     DEBUG main            d.u.i.k.p.i.AbstractProblemLoader Init config took 4.57s 
639249     INFO  main            d.u.i.k.p.i.AbstractProblemLoader Replaying proof Sampler[ThreadSpec2::startTransfer()].JML accessible clause.0 
639763     DEBUG main            d.u.i.k.p.i.IntermediateProofReplayer Proof replay took 502.36ms 
639764     DEBUG main            d.u.i.k.p.r.p.TestFile    ... success: reloaded. 
639765     INFO  main            d.u.i.k.p.r.p.TestFile    Now processing file /home/runner/work/key/key/key.core/../key.ui/examples/heap/permissions/threads/Sampler_startTransfer_contract.key 
639765     INFO  main            d.u.i.k.p.i.AbstractProblemLoader Loading environment from /home/runner/work/key/key/key.core/../key.ui/examples/heap/permissions/threads/Sampler_startTransfer_contract.key 
639765     DEBUG main            d.u.i.k.p.i.AbstractProblemLoader Environment load took 58.3ns 
639765     INFO  main            d.u.i.k.p.i.AbstractProblemLoader Creating init config 
644520     DEBUG main            d.u.i.k.p.i.AbstractProblemLoader Init config took 4.75s 
644598     INFO  main            d.u.i.k.p.i.AbstractProblemLoader Replaying proof Sampler[ThreadSpec2::startTransfer()].JML model_behavior operation contract.0 
644600     DEBUG main            d.u.i.k.p.i.IntermediateProofReplayer Proof replay took 3.2ns 
644701     INFO  main            d.u.i.k.p.r.p.TestFile    ... finished proof: closed. 
645205     INFO  main            d.u.i.k.p.i.AbstractProblemLoader Loading environment from /home/runner/work/key/key/key.core/../key.ui/examples/heap/permissions/threads/Sampler_startTransfer_contract.key.proof 
645205     DEBUG main            d.u.i.k.p.i.AbstractProblemLoader Environment load took 64.1ns 
645205     INFO  main            d.u.i.k.p.i.AbstractProblemLoader Creating init config 
649872     DEBUG main            d.u.i.k.p.i.AbstractProblemLoader Init config took 4.67s 
649962     INFO  main            d.u.i.k.p.i.AbstractProblemLoader Replaying proof Sampler[ThreadSpec2::startTransfer()].JML model_behavior operation contract.0 
649969     DEBUG main            d.u.i.k.p.i.IntermediateProofReplayer Proof replay took 5.99ms 
649970     DEBUG main            d.u.i.k.p.r.p.TestFile    ... success: reloaded. 
649971     INFO  main            d.u.i.k.p.r.p.TestFile    Now processing file /home/runner/work/key/key/key.core/../key.ui/examples/heap/permissions/threads/Sampler_stateInv_accessible.key 
649971     INFO  main            d.u.i.k.p.i.AbstractProblemLoader Loading environment from /home/runner/work/key/key/key.core/../key.ui/examples/heap/permissions/threads/Sampler_stateInv_accessible.key 
649971     DEBUG main            d.u.i.k.p.i.AbstractProblemLoader Environment load took 131.4ns 
649972     INFO  main            d.u.i.k.p.i.AbstractProblemLoader Creating init config 
654609     DEBUG main            d.u.i.k.p.i.AbstractProblemLoader Init config took 4.64s 
654713     INFO  main            d.u.i.k.p.i.AbstractProblemLoader Replaying proof Sampler[ThreadSpec2::stateInv()].JML accessible clause.0 
654715     DEBUG main            d.u.i.k.p.i.IntermediateProofReplayer Proof replay took 2.5ns 
654816     INFO  main            d.u.i.k.p.r.p.TestFile    ... finished proof: closed. 
655331     INFO  main            d.u.i.k.p.i.AbstractProblemLoader Loading environment from /home/runner/work/key/key/key.core/../key.ui/examples/heap/permissions/threads/Sampler_stateInv_accessible.key.proof 
655331     DEBUG main            d.u.i.k.p.i.AbstractProblemLoader Environment load took 64ns 
655332     INFO  main            d.u.i.k.p.i.AbstractProblemLoader Creating init config 
659877     DEBUG main            d.u.i.k.p.i.AbstractProblemLoader Init config took 4.54s 
659979     INFO  main            d.u.i.k.p.i.AbstractProblemLoader Replaying proof Sampler[ThreadSpec2::stateInv()].JML accessible clause.0 
660001     DEBUG main            d.u.i.k.p.i.IntermediateProofReplayer Proof replay took 14.58ms 
660009     DEBUG main            d.u.i.k.p.r.p.TestFile    ... success: reloaded. 
660010     INFO  main            d.u.i.k.p.r.p.TestFile    Now processing file /home/runner/work/key/key/key.core/../key.ui/examples/heap/permissions/threads/Sampler_staticPermissions_accessible.key 
660010     INFO  main            d.u.i.k.p.i.AbstractProblemLoader Loading environment from /home/runner/work/key/key/key.core/../key.ui/examples/heap/permissions/threads/Sampler_staticPermissions_accessible.key 
660010     DEBUG main            d.u.i.k.p.i.AbstractProblemLoader Environment load took 137ns 
660011     INFO  main            d.u.i.k.p.i.AbstractProblemLoader Creating init config 
664658     DEBUG main            d.u.i.k.p.i.AbstractProblemLoader Init config took 4.65s 
664745     INFO  main            d.u.i.k.p.i.AbstractProblemLoader Replaying proof Sampler[ThreadSpec2::staticPermissions()].JML accessible clause.0 
664747     DEBUG main            d.u.i.k.p.i.IntermediateProofReplayer Proof replay took 3.1ns 
664848     INFO  main            d.u.i.k.p.r.p.TestFile    ... finished proof: closed. 
665365     INFO  main            d.u.i.k.p.i.AbstractProblemLoader Loading environment from /home/runner/work/key/key/key.core/../key.ui/examples/heap/permissions/threads/Sampler_staticPermissions_accessible.key.proof 
665365     DEBUG main            d.u.i.k.p.i.AbstractProblemLoader Environment load took 61.6ns 
665366     INFO  main            d.u.i.k.p.i.AbstractProblemLoader Creating init config 
669981     DEBUG main            d.u.i.k.p.i.AbstractProblemLoader Init config took 4.61s 
670070     INFO  main            d.u.i.k.p.i.AbstractProblemLoader Replaying proof Sampler[ThreadSpec2::staticPermissions()].JML accessible clause.0 
670079     DEBUG main            d.u.i.k.p.i.IntermediateProofReplayer Proof replay took 3.51ms 
670084     DEBUG main            d.u.i.k.p.r.p.TestFile    ... success: reloaded. 
670085     INFO  main            d.u.i.k.p.r.p.TestFile    Now processing file /home/runner/work/key/key/key.core/../key.ui/examples/heap/permissions/threads/Sampler_workingPermissions_accessible.key 
670085     INFO  main            d.u.i.k.p.i.AbstractProblemLoader Loading environment from /home/runner/work/key/key/key.core/../key.ui/examples/heap/permissions/threads/Sampler_workingPermissions_accessible.key 
670086     DEBUG main            d.u.i.k.p.i.AbstractProblemLoader Environment load took 140.3ns 
670086     INFO  main            d.u.i.k.p.i.AbstractProblemLoader Creating init config 
674731     DEBUG main            d.u.i.k.p.i.AbstractProblemLoader Init config took 4.64s 
674830     INFO  main            d.u.i.k.p.i.AbstractProblemLoader Replaying proof Sampler[ThreadSpec2::workingPermissions()].JML accessible clause.0 
674833     DEBUG main            d.u.i.k.p.i.IntermediateProofReplayer Proof replay took 3.1ns 
674935     INFO  main            d.u.i.k.p.r.p.TestFile    ... finished proof: closed. 
675461     INFO  main            d.u.i.k.p.i.AbstractProblemLoader Loading environment from /home/runner/work/key/key/key.core/../key.ui/examples/heap/permissions/threads/Sampler_workingPermissions_accessible.key.proof 
675461     DEBUG main            d.u.i.k.p.i.AbstractProblemLoader Environment load took 64.4ns 
675462     INFO  main            d.u.i.k.p.i.AbstractProblemLoader Creating init config 
680359     DEBUG main            d.u.i.k.p.i.AbstractProblemLoader Init config took 4.9s 
680446     INFO  main            d.u.i.k.p.i.AbstractProblemLoader Replaying proof Sampler[ThreadSpec2::workingPermissions()].JML accessible clause.0 
680453     DEBUG main            d.u.i.k.p.i.IntermediateProofReplayer Proof replay took 5.01ms 
680454     DEBUG main            d.u.i.k.p.r.p.TestFile    ... success: reloaded. 
680454     INFO  main            d.u.i.k.p.r.p.TestFile    Now processing file /home/runner/work/key/key/key.core/../key.ui/examples/heap/permissions/mulleretal/ReadWrite_doRead_contract.key 
680455     INFO  main            d.u.i.k.p.i.AbstractProblemLoader Loading environment from /home/runner/work/key/key/key.core/../key.ui/examples/heap/permissions/mulleretal/ReadWrite_doRead_contract.key 
680455     DEBUG main            d.u.i.k.p.i.AbstractProblemLoader Environment load took 133.4ns 
680456     INFO  main            d.u.i.k.p.i.AbstractProblemLoader Creating init config 
683294     DEBUG main            d.u.i.k.p.i.AbstractProblemLoader Init config took 2.84s 
683325     INFO  main            d.u.i.k.p.i.AbstractProblemLoader Replaying proof ReadWrite[ReadWrite::doRead()].JML normal_behavior operation contract.0 
683327     DEBUG main            d.u.i.k.p.i.IntermediateProofReplayer Proof replay took 2.6ns 
684991     INFO  main            d.u.i.k.p.r.p.TestFile    ... finished proof: closed. 
685547     INFO  main            d.u.i.k.p.i.AbstractProblemLoader Loading environment from /home/runner/work/key/key/key.core/../key.ui/examples/heap/permissions/mulleretal/ReadWrite_doRead_contract.key.proof 
685548     DEBUG main            d.u.i.k.p.i.AbstractProblemLoader Environment load took 334.2ns 
685549     INFO  main            d.u.i.k.p.i.AbstractProblemLoader Creating init config 
688162     DEBUG main            d.u.i.k.p.i.AbstractProblemLoader Init config took 2.61s 
688197     INFO  main            d.u.i.k.p.i.AbstractProblemLoader Replaying proof ReadWrite[ReadWrite::doRead()].JML normal_behavior operation contract.0 
688589     DEBUG main            d.u.i.k.p.i.IntermediateProofReplayer Proof replay took 385.18ms 
688590     DEBUG main            d.u.i.k.p.r.p.TestFile    ... success: reloaded. 
688590     INFO  main            d.u.i.k.p.r.p.TestFile    Now processing file /home/runner/work/key/key/key.core/../key.ui/examples/heap/permissions/mulleretal/ReadWrite_doWrite_contract.key 
688591     INFO  main            d.u.i.k.p.i.AbstractProblemLoader Loading environment from /home/runner/work/key/key/key.core/../key.ui/examples/heap/permissions/mulleretal/ReadWrite_doWrite_contract.key 
688591     DEBUG main            d.u.i.k.p.i.AbstractProblemLoader Environment load took 165.8ns 
688592     INFO  main            d.u.i.k.p.i.AbstractProblemLoader Creating init config 
691354     DEBUG main            d.u.i.k.p.i.AbstractProblemLoader Init config took 2.76s 
691390     INFO  main            d.u.i.k.p.i.AbstractProblemLoader Replaying proof ReadWrite[ReadWrite::doWrite()].JML normal_behavior operation contract.0 
691391     DEBUG main            d.u.i.k.p.i.IntermediateProofReplayer Proof replay took 2.9ns 
693108     INFO  main            d.u.i.k.p.r.p.TestFile    ... finished proof: closed. 
693661     INFO  main            d.u.i.k.p.i.AbstractProblemLoader Loading environment from /home/runner/work/key/key/key.core/../key.ui/examples/heap/permissions/mulleretal/ReadWrite_doWrite_contract.key.proof 
693661     DEBUG main            d.u.i.k.p.i.AbstractProblemLoader Environment load took 73.9ns 
693662     INFO  main            d.u.i.k.p.i.AbstractProblemLoader Creating init config 
696267     DEBUG main            d.u.i.k.p.i.AbstractProblemLoader Init config took 2.6s 
696317     INFO  main            d.u.i.k.p.i.AbstractProblemLoader Replaying proof ReadWrite[ReadWrite::doWrite()].JML normal_behavior operation contract.0 
696762     DEBUG main            d.u.i.k.p.i.IntermediateProofReplayer Proof replay took 438.45ms 
696763     DEBUG main            d.u.i.k.p.r.p.TestFile    ... success: reloaded. 
696764     INFO  main            d.u.i.k.p.r.p.TestFile    Now processing file /home/runner/work/key/key/key.core/../key.ui/examples/heap/permissions/mulleretal/ReadWrite_read_contract.key 
696764     INFO  main            d.u.i.k.p.i.AbstractProblemLoader Loading environment from /home/runner/work/key/key/key.core/../key.ui/examples/heap/permissions/mulleretal/ReadWrite_read_contract.key 
696764     DEBUG main            d.u.i.k.p.i.AbstractProblemLoader Environment load took 126.7ns 
696765     INFO  main            d.u.i.k.p.i.AbstractProblemLoader Creating init config 
699430     DEBUG main            d.u.i.k.p.i.AbstractProblemLoader Init config took 2.67s 
699461     INFO  main            d.u.i.k.p.i.AbstractProblemLoader Replaying proof ReadWrite[ReadWrite::read()].JML normal_behavior operation contract.0 
699462     DEBUG main            d.u.i.k.p.i.IntermediateProofReplayer Proof replay took 2.7ns 
699563     INFO  main            d.u.i.k.p.r.p.TestFile    ... finished proof: closed. 
700093     INFO  main            d.u.i.k.p.i.AbstractProblemLoader Loading environment from /home/runner/work/key/key/key.core/../key.ui/examples/heap/permissions/mulleretal/ReadWrite_read_contract.key.proof 
700093     DEBUG main            d.u.i.k.p.i.AbstractProblemLoader Environment load took 63.2ns 
700093     INFO  main            d.u.i.k.p.i.AbstractProblemLoader Creating init config 
702659     DEBUG main            d.u.i.k.p.i.AbstractProblemLoader Init config took 2.57s 
702694     INFO  main            d.u.i.k.p.i.AbstractProblemLoader Replaying proof ReadWrite[ReadWrite::read()].JML normal_behavior operation contract.0 
702704     DEBUG main            d.u.i.k.p.i.IntermediateProofReplayer Proof replay took 7.76ms 
702705     DEBUG main            d.u.i.k.p.r.p.TestFile    ... success: reloaded. 
702707     INFO  main            d.u.i.k.p.r.p.TestFile    Now processing file /home/runner/work/key/key/key.core/../key.ui/examples/heap/permissions/mulleretal/ReadWrite_write_contract.key 
702707     INFO  main            d.u.i.k.p.i.AbstractProblemLoader Loading environment from /home/runner/work/key/key/key.core/../key.ui/examples/heap/permissions/mulleretal/ReadWrite_write_contract.key 
702707     DEBUG main            d.u.i.k.p.i.AbstractProblemLoader Environment load took 130.7ns 
702708     INFO  main            d.u.i.k.p.i.AbstractProblemLoader Creating init config 
705440     DEBUG main            d.u.i.k.p.i.AbstractProblemLoader Init config took 2.73s 
705471     INFO  main            d.u.i.k.p.i.AbstractProblemLoader Replaying proof ReadWrite[ReadWrite::write()].JML normal_behavior operation contract.0 
705472     DEBUG main            d.u.i.k.p.i.IntermediateProofReplayer Proof replay took 3.2ns 
705576     INFO  main            d.u.i.k.p.r.p.TestFile    ... finished proof: closed. 
706112     INFO  main            d.u.i.k.p.i.AbstractProblemLoader Loading environment from /home/runner/work/key/key/key.core/../key.ui/examples/heap/permissions/mulleretal/ReadWrite_write_contract.key.proof 
706112     DEBUG main            d.u.i.k.p.i.AbstractProblemLoader Environment load took 66.2ns 
706113     INFO  main            d.u.i.k.p.i.AbstractProblemLoader Creating init config 
708745     DEBUG main            d.u.i.k.p.i.AbstractProblemLoader Init config took 2.63s 
708781     INFO  main            d.u.i.k.p.i.AbstractProblemLoader Replaying proof ReadWrite[ReadWrite::write()].JML normal_behavior operation contract.0 
708812     DEBUG main            d.u.i.k.p.i.IntermediateProofReplayer Proof replay took 29.07ms 
708813     DEBUG main            d.u.i.k.p.r.p.TestFile    ... success: reloaded. 
708813     INFO  main            d.u.i.k.p.r.p.TestFile    Now processing file /home/runner/work/key/key/key.core/../key.ui/examples/heap/permissions/mulleretal/ReadWrite_inv1_accessible.key 
708814     INFO  main            d.u.i.k.p.i.AbstractProblemLoader Loading environment from /home/runner/work/key/key/key.core/../key.ui/examples/heap/permissions/mulleretal/ReadWrite_inv1_accessible.key 
708814     DEBUG main            d.u.i.k.p.i.AbstractProblemLoader Environment load took 197.9ns 
708814     INFO  main            d.u.i.k.p.i.AbstractProblemLoader Creating init config 
711564     DEBUG main            d.u.i.k.p.i.AbstractProblemLoader Init config took 2.75s 
711598     INFO  main            d.u.i.k.p.i.AbstractProblemLoader Replaying proof ReadWrite[java.lang.Object::<inv>()].JML accessible clause.0 
711599     DEBUG main            d.u.i.k.p.i.IntermediateProofReplayer Proof replay took 3ns 
711700     INFO  main            d.u.i.k.p.r.p.TestFile    ... finished proof: closed. 
712236     INFO  main            d.u.i.k.p.i.AbstractProblemLoader Loading environment from /home/runner/work/key/key/key.core/../key.ui/examples/heap/permissions/mulleretal/ReadWrite_inv1_accessible.key.proof 
712236     DEBUG main            d.u.i.k.p.i.AbstractProblemLoader Environment load took 61.8ns 
712237     INFO  main            d.u.i.k.p.i.AbstractProblemLoader Creating init config 
714801     DEBUG main            d.u.i.k.p.i.AbstractProblemLoader Init config took 2.56s 
714836     INFO  main            d.u.i.k.p.i.AbstractProblemLoader Replaying proof ReadWrite[java.lang.Object::<inv>()].JML accessible clause.0 
714839     DEBUG main            d.u.i.k.p.i.IntermediateProofReplayer Proof replay took 1.61ms 
714840     DEBUG main            d.u.i.k.p.r.p.TestFile    ... success: reloaded. 
714840     INFO  main            d.u.i.k.p.r.p.TestFile    Now processing file /home/runner/work/key/key/key.core/../key.ui/examples/heap/permissions/mulleretal/ReadWrite_inv2_accessible.key 
714840     INFO  main            d.u.i.k.p.i.AbstractProblemLoader Loading environment from /home/runner/work/key/key/key.core/../key.ui/examples/heap/permissions/mulleretal/ReadWrite_inv2_accessible.key 
714841     DEBUG main            d.u.i.k.p.i.AbstractProblemLoader Environment load took 87.4ns 
714841     INFO  main            d.u.i.k.p.i.AbstractProblemLoader Creating init config 
717634     DEBUG main            d.u.i.k.p.i.AbstractProblemLoader Init config took 2.79s 
717665     INFO  main            d.u.i.k.p.i.AbstractProblemLoader Replaying proof ReadWrite[java.lang.Object::<inv>()].JML accessible clause.1 
717666     DEBUG main            d.u.i.k.p.i.IntermediateProofReplayer Proof replay took 2.9ns 
717772     INFO  main            d.u.i.k.p.r.p.TestFile    ... finished proof: closed. 
718315     INFO  main            d.u.i.k.p.i.AbstractProblemLoader Loading environment from /home/runner/work/key/key/key.core/../key.ui/examples/heap/permissions/mulleretal/ReadWrite_inv2_accessible.key.proof 
718315     DEBUG main            d.u.i.k.p.i.AbstractProblemLoader Environment load took 63.9ns 
718316     INFO  main            d.u.i.k.p.i.AbstractProblemLoader Creating init config 
720887     DEBUG main            d.u.i.k.p.i.AbstractProblemLoader Init config took 2.57s 
720921     INFO  main            d.u.i.k.p.i.AbstractProblemLoader Replaying proof ReadWrite[java.lang.Object::<inv>()].JML accessible clause.1 
720924     DEBUG main            d.u.i.k.p.i.IntermediateProofReplayer Proof replay took 1.63ms 
720925     DEBUG main            d.u.i.k.p.r.p.TestFile    ... success: reloaded. 
720925     INFO  main            d.u.i.k.p.r.p.TestFile    Now processing file /home/runner/work/key/key/key.core/../key.ui/examples/heap/permissions/lockspec/Counter_lockConsistent_contract.key 
720925     INFO  main            d.u.i.k.p.i.AbstractProblemLoader Loading environment from /home/runner/work/key/key/key.core/../key.ui/examples/heap/permissions/lockspec/Counter_lockConsistent_contract.key 
720925     DEBUG main            d.u.i.k.p.i.AbstractProblemLoader Environment load took 57.6ns 
720926     INFO  main            d.u.i.k.p.i.AbstractProblemLoader Creating init config 
724150     DEBUG main            d.u.i.k.p.i.AbstractProblemLoader Init config took 3.22s 
724201     INFO  main            d.u.i.k.p.i.AbstractProblemLoader Replaying proof Counter[LockSpec::lockConsistent()].JML model_behavior operation contract.0 
724202     DEBUG main            d.u.i.k.p.i.IntermediateProofReplayer Proof replay took 2.7ns 
725207     INFO  main            d.u.i.k.p.r.p.TestFile    ... finished proof: closed. 
725772     INFO  main            d.u.i.k.p.i.AbstractProblemLoader Loading environment from /home/runner/work/key/key/key.core/../key.ui/examples/heap/permissions/lockspec/Counter_lockConsistent_contract.key.proof 
725772     DEBUG main            d.u.i.k.p.i.AbstractProblemLoader Environment load took 67.7ns 
725773     INFO  main            d.u.i.k.p.i.AbstractProblemLoader Creating init config 
728801     DEBUG main            d.u.i.k.p.i.AbstractProblemLoader Init config took 3.03s 
728874     INFO  main            d.u.i.k.p.i.AbstractProblemLoader Replaying proof Counter[LockSpec::lockConsistent()].JML model_behavior operation contract.0 
729119     DEBUG main            d.u.i.k.p.i.IntermediateProofReplayer Proof replay took 235.74ms 
729120     DEBUG main            d.u.i.k.p.r.p.TestFile    ... success: reloaded. 
729128     INFO  main            d.u.i.k.p.r.p.TestFile    Now processing file /home/runner/work/key/key/key.core/../key.ui/examples/heap/permissions/lockspec/Counter_increase_contract.key 
729128     INFO  main            d.u.i.k.p.i.AbstractProblemLoader Loading environment from /home/runner/work/key/key/key.core/../key.ui/examples/heap/permissions/lockspec/Counter_increase_contract.key 
729129     DEBUG main            d.u.i.k.p.i.AbstractProblemLoader Environment load took 91.2ns 
729129     INFO  main            d.u.i.k.p.i.AbstractProblemLoader Creating init config 
732481     DEBUG main            d.u.i.k.p.i.AbstractProblemLoader Init config took 3.35s 
732555     INFO  main            d.u.i.k.p.i.AbstractProblemLoader Replaying proof Counter[Counter::increase()].JML normal_behavior operation contract.0 
732561     DEBUG main            d.u.i.k.p.i.IntermediateProofReplayer Proof replay took 3.1ns 
734196     INFO  main            d.u.i.k.p.r.p.TestFile    ... finished proof: closed. 
734796     INFO  main            d.u.i.k.p.i.AbstractProblemLoader Loading environment from /home/runner/work/key/key/key.core/../key.ui/examples/heap/permissions/lockspec/Counter_increase_contract.key.proof 
734796     DEBUG main            d.u.i.k.p.i.AbstractProblemLoader Environment load took 70.8ns 
734797     INFO  main            d.u.i.k.p.i.AbstractProblemLoader Creating init config 
737914     DEBUG main            d.u.i.k.p.i.AbstractProblemLoader Init config took 3.12s 
737960     INFO  main            d.u.i.k.p.i.AbstractProblemLoader Replaying proof Counter[Counter::increase()].JML normal_behavior operation contract.0 
738200     DEBUG main            d.u.i.k.p.i.IntermediateProofReplayer Proof replay took 225.22ms 
738202     DEBUG main            d.u.i.k.p.r.p.TestFile    ... success: reloaded. 
738203     INFO  main            d.u.i.k.p.r.p.TestFile    Now processing file /home/runner/work/key/key/key.core/../key.ui/examples/heap/permissions/lockspec/Counter_fp_accessible.key 
738203     INFO  main            d.u.i.k.p.i.AbstractProblemLoader Loading environment from /home/runner/work/key/key/key.core/../key.ui/examples/heap/permissions/lockspec/Counter_fp_accessible.key 
738203     DEBUG main            d.u.i.k.p.i.AbstractProblemLoader Environment load took 130.3ns 
738204     INFO  main            d.u.i.k.p.i.AbstractProblemLoader Creating init config 
741278     DEBUG main            d.u.i.k.p.i.AbstractProblemLoader Init config took 3.07s 
741327     INFO  main            d.u.i.k.p.i.AbstractProblemLoader Replaying proof Counter[LockSpec::fp()].JML accessible clause.0 
741328     DEBUG main            d.u.i.k.p.i.IntermediateProofReplayer Proof replay took 2.8ns 
741429     INFO  main            d.u.i.k.p.r.p.TestFile    ... finished proof: closed. 
742001     INFO  main            d.u.i.k.p.i.AbstractProblemLoader Loading environment from /home/runner/work/key/key/key.core/../key.ui/examples/heap/permissions/lockspec/Counter_fp_accessible.key.proof 
742001     DEBUG main            d.u.i.k.p.i.AbstractProblemLoader Environment load took 65.8ns 
742002     INFO  main            d.u.i.k.p.i.AbstractProblemLoader Creating init config 
745136     DEBUG main            d.u.i.k.p.i.AbstractProblemLoader Init config took 3.13s 
745188     INFO  main            d.u.i.k.p.i.AbstractProblemLoader Replaying proof Counter[LockSpec::fp()].JML accessible clause.0 
745196     DEBUG main            d.u.i.k.p.i.IntermediateProofReplayer Proof replay took 7.06ms 
745197     DEBUG main            d.u.i.k.p.r.p.TestFile    ... success: reloaded. 
745197     INFO  main            d.u.i.k.p.r.p.TestFile    Now processing file /home/runner/work/key/key/key.core/../key.ui/examples/heap/permissions/lockspec/Counter_fpLock_accessible.key 
745198     INFO  main            d.u.i.k.p.i.AbstractProblemLoader Loading environment from /home/runner/work/key/key/key.core/../key.ui/examples/heap/permissions/lockspec/Counter_fpLock_accessible.key 
745198     DEBUG main            d.u.i.k.p.i.AbstractProblemLoader Environment load took 75.8ns 
745198     INFO  main            d.u.i.k.p.i.AbstractProblemLoader Creating init config 
748593     DEBUG main            d.u.i.k.p.i.AbstractProblemLoader Init config took 3.4s 
748660     INFO  main            d.u.i.k.p.i.AbstractProblemLoader Replaying proof Counter[LockSpec::fpLock()].JML accessible clause.0 
748668     DEBUG main            d.u.i.k.p.i.IntermediateProofReplayer Proof replay took 3.1ns 
748772     INFO  main            d.u.i.k.p.r.p.TestFile    ... finished proof: closed. 
749341     INFO  main            d.u.i.k.p.i.AbstractProblemLoader Loading environment from /home/runner/work/key/key/key.core/../key.ui/examples/heap/permissions/lockspec/Counter_fpLock_accessible.key.proof 
749341     DEBUG main            d.u.i.k.p.i.AbstractProblemLoader Environment load took 63.7ns 
749342     INFO  main            d.u.i.k.p.i.AbstractProblemLoader Creating init config 
752442     DEBUG main            d.u.i.k.p.i.AbstractProblemLoader Init config took 3.1s 
752490     INFO  main            d.u.i.k.p.i.AbstractProblemLoader Replaying proof Counter[LockSpec::fpLock()].JML accessible clause.0 
752499     DEBUG main            d.u.i.k.p.i.IntermediateProofReplayer Proof replay took 6.97ms 
752499     DEBUG main            d.u.i.k.p.r.p.TestFile    ... success: reloaded. 
752500     INFO  main            d.u.i.k.p.r.p.TestFile    Now processing file /home/runner/work/key/key/key.core/../key.ui/examples/heap/permissions/lockspec/Counter_fpPerm_accessible.key 
752500     INFO  main            d.u.i.k.p.i.AbstractProblemLoader Loading environment from /home/runner/work/key/key/key.core/../key.ui/examples/heap/permissions/lockspec/Counter_fpPerm_accessible.key 
752500     DEBUG main            d.u.i.k.p.i.AbstractProblemLoader Environment load took 57.5ns 
752501     INFO  main            d.u.i.k.p.i.AbstractProblemLoader Creating init config 
755611     DEBUG main            d.u.i.k.p.i.AbstractProblemLoader Init config took 3.11s 
755663     INFO  main            d.u.i.k.p.i.AbstractProblemLoader Replaying proof Counter[LockSpec::fpPerm()].JML accessible clause.0 
755671     DEBUG main            d.u.i.k.p.i.IntermediateProofReplayer Proof replay took 2.8ns 
755780     INFO  main            d.u.i.k.p.r.p.TestFile    ... finished proof: closed. 
756368     INFO  main            d.u.i.k.p.i.AbstractProblemLoader Loading environment from /home/runner/work/key/key/key.core/../key.ui/examples/heap/permissions/lockspec/Counter_fpPerm_accessible.key.proof 
756369     DEBUG main            d.u.i.k.p.i.AbstractProblemLoader Environment load took 59.1ns 
756369     INFO  main            d.u.i.k.p.i.AbstractProblemLoader Creating init config 
759380     DEBUG main            d.u.i.k.p.i.AbstractProblemLoader Init config took 3.01s 
759434     INFO  main            d.u.i.k.p.i.AbstractProblemLoader Replaying proof Counter[LockSpec::fpPerm()].JML accessible clause.0 
759444     DEBUG main            d.u.i.k.p.i.IntermediateProofReplayer Proof replay took 7.16ms 
759445     DEBUG main            d.u.i.k.p.r.p.TestFile    ... success: reloaded. 
759446     INFO  main            d.u.i.k.p.r.p.TestFile    Now processing file /home/runner/work/key/key/key.core/../key.ui/examples/heap/permissions/lockspec/Counter_inv_accessible1.key 
759446     INFO  main            d.u.i.k.p.i.AbstractProblemLoader Loading environment from /home/runner/work/key/key/key.core/../key.ui/examples/heap/permissions/lockspec/Counter_inv_accessible1.key 
759446     DEBUG main            d.u.i.k.p.i.AbstractProblemLoader Environment load took 125.6ns 
759447     INFO  main            d.u.i.k.p.i.AbstractProblemLoader Creating init config 
762794     DEBUG main            d.u.i.k.p.i.AbstractProblemLoader Init config took 3.35s 
762848     INFO  main            d.u.i.k.p.i.AbstractProblemLoader Replaying proof Counter[java.lang.Object::<inv>()].JML accessible clause.0 
762850     DEBUG main            d.u.i.k.p.i.IntermediateProofReplayer Proof replay took 2.6ns 
762951     INFO  main            d.u.i.k.p.r.p.TestFile    ... finished proof: closed. 
763532     INFO  main            d.u.i.k.p.i.AbstractProblemLoader Loading environment from /home/runner/work/key/key/key.core/../key.ui/examples/heap/permissions/lockspec/Counter_inv_accessible1.key.proof 
763532     DEBUG main            d.u.i.k.p.i.AbstractProblemLoader Environment load took 62.5ns 
763533     INFO  main            d.u.i.k.p.i.AbstractProblemLoader Creating init config 
766564     DEBUG main            d.u.i.k.p.i.AbstractProblemLoader Init config took 3.03s 
766635     INFO  main            d.u.i.k.p.i.AbstractProblemLoader Replaying proof Counter[java.lang.Object::<inv>()].JML accessible clause.0 
766647     DEBUG main            d.u.i.k.p.i.IntermediateProofReplayer Proof replay took 10.1ms 
766648     DEBUG main            d.u.i.k.p.r.p.TestFile    ... success: reloaded. 
766649     INFO  main            d.u.i.k.p.r.p.TestFile    Now processing file /home/runner/work/key/key/key.core/../key.ui/examples/heap/permissions/lockspec/Counter_inv_accessible2.key 
766649     INFO  main            d.u.i.k.p.i.AbstractProblemLoader Loading environment from /home/runner/work/key/key/key.core/../key.ui/examples/heap/permissions/lockspec/Counter_inv_accessible2.key 
766649     DEBUG main            d.u.i.k.p.i.AbstractProblemLoader Environment load took 138.4ns 
766650     INFO  main            d.u.i.k.p.i.AbstractProblemLoader Creating init config 
769751     DEBUG main            d.u.i.k.p.i.AbstractProblemLoader Init config took 3.1s 
769821     INFO  main            d.u.i.k.p.i.AbstractProblemLoader Replaying proof Counter[java.lang.Object::<inv>()].JML accessible clause.1 
769822     DEBUG main            d.u.i.k.p.i.IntermediateProofReplayer Proof replay took 3.5ns 
769924     INFO  main            d.u.i.k.p.r.p.TestFile    ... finished proof: closed. 
770524     INFO  main            d.u.i.k.p.i.AbstractProblemLoader Loading environment from /home/runner/work/key/key/key.core/../key.ui/examples/heap/permissions/lockspec/Counter_inv_accessible2.key.proof 
770524     DEBUG main            d.u.i.k.p.i.AbstractProblemLoader Environment load took 61.2ns 
770525     INFO  main            d.u.i.k.p.i.AbstractProblemLoader Creating init config 
773559     DEBUG main            d.u.i.k.p.i.AbstractProblemLoader Init config took 3.03s 
773623     INFO  main            d.u.i.k.p.i.AbstractProblemLoader Replaying proof Counter[java.lang.Object::<inv>()].JML accessible clause.1 
773635     DEBUG main            d.u.i.k.p.i.IntermediateProofReplayer Proof replay took 9.7ms 
773635     DEBUG main            d.u.i.k.p.r.p.TestFile    ... success: reloaded. 
773636     INFO  main            d.u.i.k.p.r.p.TestFile    Now processing file /home/runner/work/key/key/key.core/../key.ui/examples/heap/permissions/lockspec/Counter_lockRef_accessible.key 
773636     INFO  main            d.u.i.k.p.i.AbstractProblemLoader Loading environment from /home/runner/work/key/key/key.core/../key.ui/examples/heap/permissions/lockspec/Counter_lockRef_accessible.key 
773636     DEBUG main            d.u.i.k.p.i.AbstractProblemLoader Environment load took 86.9ns 
773637     INFO  main            d.u.i.k.p.i.AbstractProblemLoader Creating init config 
776751     DEBUG main            d.u.i.k.p.i.AbstractProblemLoader Init config took 3.11s 
776805     INFO  main            d.u.i.k.p.i.AbstractProblemLoader Replaying proof Counter[LockSpec::lockRef()].JML accessible clause.0 
776806     DEBUG main            d.u.i.k.p.i.IntermediateProofReplayer Proof replay took 3.6ns 
777008     INFO  main            d.u.i.k.p.r.p.TestFile    ... finished proof: closed. 
777603     INFO  main            d.u.i.k.p.i.AbstractProblemLoader Loading environment from /home/runner/work/key/key/key.core/../key.ui/examples/heap/permissions/lockspec/Counter_lockRef_accessible.key.proof 
777603     DEBUG main            d.u.i.k.p.i.AbstractProblemLoader Environment load took 64.5ns 
777604     INFO  main            d.u.i.k.p.i.AbstractProblemLoader Creating init config 
780650     DEBUG main            d.u.i.k.p.i.AbstractProblemLoader Init config took 3.05s 
780749     INFO  main            d.u.i.k.p.i.AbstractProblemLoader Replaying proof Counter[LockSpec::lockRef()].JML accessible clause.0 
780780     DEBUG main            d.u.i.k.p.i.IntermediateProofReplayer Proof replay took 28.62ms 
780780     DEBUG main            d.u.i.k.p.r.p.TestFile    ... success: reloaded. 
780781     INFO  main            d.u.i.k.p.r.p.TestFile    Now processing file /home/runner/work/key/key/key.core/../key.ui/examples/heap/permissions/lockspec/Counter_lockRef_contract1.key 
780782     INFO  main            d.u.i.k.p.i.AbstractProblemLoader Loading environment from /home/runner/work/key/key/key.core/../key.ui/examples/heap/permissions/lockspec/Counter_lockRef_contract1.key 
780782     DEBUG main            d.u.i.k.p.i.AbstractProblemLoader Environment load took 156.8ns 
780783     INFO  main            d.u.i.k.p.i.AbstractProblemLoader Creating init config 
783876     DEBUG main            d.u.i.k.p.i.AbstractProblemLoader Init config took 3.09s 
783930     INFO  main            d.u.i.k.p.i.AbstractProblemLoader Replaying proof Counter[LockSpec::lockRef()].JML model_behavior operation contract.0 
783932     DEBUG main            d.u.i.k.p.i.IntermediateProofReplayer Proof replay took 3.4ns 
784033     INFO  main            d.u.i.k.p.r.p.TestFile    ... finished proof: closed. 
784633     INFO  main            d.u.i.k.p.i.AbstractProblemLoader Loading environment from /home/runner/work/key/key/key.core/../key.ui/examples/heap/permissions/lockspec/Counter_lockRef_contract1.key.proof 
784633     DEBUG main            d.u.i.k.p.i.AbstractProblemLoader Environment load took 63.3ns 
784633     INFO  main            d.u.i.k.p.i.AbstractProblemLoader Creating init config 
787661     DEBUG main            d.u.i.k.p.i.AbstractProblemLoader Init config took 3.03s 
787716     INFO  main            d.u.i.k.p.i.AbstractProblemLoader Replaying proof Counter[LockSpec::lockRef()].JML model_behavior operation contract.0 
787721     DEBUG main            d.u.i.k.p.i.IntermediateProofReplayer Proof replay took 3.54ms 
787722     DEBUG main            d.u.i.k.p.r.p.TestFile    ... success: reloaded. 
787722     INFO  main            d.u.i.k.p.r.p.TestFile    Now processing file /home/runner/work/key/key/key.core/../key.ui/examples/heap/permissions/lockspec/Counter_lockRef_contract2.key 
787735     INFO  main            d.u.i.k.p.i.AbstractProblemLoader Loading environment from /home/runner/work/key/key/key.core/../key.ui/examples/heap/permissions/lockspec/Counter_lockRef_contract2.key 
787735     DEBUG main            d.u.i.k.p.i.AbstractProblemLoader Environment load took 46.2ns 
787735     INFO  main            d.u.i.k.p.i.AbstractProblemLoader Creating init config 
790882     DEBUG main            d.u.i.k.p.i.AbstractProblemLoader Init config took 3.15s 
790936     INFO  main            d.u.i.k.p.i.AbstractProblemLoader Replaying proof Counter[Counter::lockRef()].JML model_behavior operation contract.0 
790938     DEBUG main            d.u.i.k.p.i.IntermediateProofReplayer Proof replay took 2.7ns 
791039     INFO  main            d.u.i.k.p.r.p.TestFile    ... finished proof: closed. 
791634     INFO  main            d.u.i.k.p.i.AbstractProblemLoader Loading environment from /home/runner/work/key/key/key.core/../key.ui/examples/heap/permissions/lockspec/Counter_lockRef_contract2.key.proof 
791634     DEBUG main            d.u.i.k.p.i.AbstractProblemLoader Environment load took 58.9ns 
791635     INFO  main            d.u.i.k.p.i.AbstractProblemLoader Creating init config 
794665     DEBUG main            d.u.i.k.p.i.AbstractProblemLoader Init config took 3.03s 
794788     INFO  main            d.u.i.k.p.i.AbstractProblemLoader Replaying proof Counter[Counter::lockRef()].JML model_behavior operation contract.0 
794798     DEBUG main            d.u.i.k.p.i.IntermediateProofReplayer Proof replay took 9.23ms 
794799     DEBUG main            d.u.i.k.p.r.p.TestFile    ... success: reloaded. 
794799     INFO  main            d.u.i.k.p.r.p.TestFile    Now processing file /home/runner/work/key/key/key.core/../key.ui/examples/heap/permissions/lockspec/Counter_lockState_accessible.key 
794800     INFO  main            d.u.i.k.p.i.AbstractProblemLoader Loading environment from /home/runner/work/key/key/key.core/../key.ui/examples/heap/permissions/lockspec/Counter_lockState_accessible.key 
794800     DEBUG main            d.u.i.k.p.i.AbstractProblemLoader Environment load took 46.8ns 
794800     INFO  main            d.u.i.k.p.i.AbstractProblemLoader Creating init config 
797940     DEBUG main            d.u.i.k.p.i.AbstractProblemLoader Init config took 3.14s 
798011     INFO  main            d.u.i.k.p.i.AbstractProblemLoader Replaying proof Counter[LockSpec::lockState(boolean)].JML accessible clause.0 
798013     DEBUG main            d.u.i.k.p.i.IntermediateProofReplayer Proof replay took 3.8ns 
798315     INFO  main            d.u.i.k.p.r.p.TestFile    ... finished proof: closed. 
798930     INFO  main            d.u.i.k.p.i.AbstractProblemLoader Loading environment from /home/runner/work/key/key/key.core/../key.ui/examples/heap/permissions/lockspec/Counter_lockState_accessible.key.proof 
798930     DEBUG main            d.u.i.k.p.i.AbstractProblemLoader Environment load took 63.3ns 
798931     INFO  main            d.u.i.k.p.i.AbstractProblemLoader Creating init config 
802138     DEBUG main            d.u.i.k.p.i.AbstractProblemLoader Init config took 3.21s 
802187     INFO  main            d.u.i.k.p.i.AbstractProblemLoader Replaying proof Counter[LockSpec::lockState(boolean)].JML accessible clause.0 
802241     DEBUG main            d.u.i.k.p.i.IntermediateProofReplayer Proof replay took 50.78ms 
802242     DEBUG main            d.u.i.k.p.r.p.TestFile    ... success: reloaded. 
802243     INFO  main            d.u.i.k.p.r.p.TestFile    Now processing file /home/runner/work/key/key/key.core/../key.ui/examples/heap/permissions/lockspec/Counter_lockStatus_accessible.key 
802245     INFO  main            d.u.i.k.p.i.AbstractProblemLoader Loading environment from /home/runner/work/key/key/key.core/../key.ui/examples/heap/permissions/lockspec/Counter_lockStatus_accessible.key 
802245     DEBUG main            d.u.i.k.p.i.AbstractProblemLoader Environment load took 175.6ns 
802246     INFO  main            d.u.i.k.p.i.AbstractProblemLoader Creating init config 
805383     DEBUG main            d.u.i.k.p.i.AbstractProblemLoader Init config took 3.14s 
805431     INFO  main            d.u.i.k.p.i.AbstractProblemLoader Replaying proof Counter[LockSpec::lockStatus(boolean)].JML accessible clause.0 
805433     DEBUG main            d.u.i.k.p.i.IntermediateProofReplayer Proof replay took 2.5ns 
805534     INFO  main            d.u.i.k.p.r.p.TestFile    ... finished proof: closed. 
806158     INFO  main            d.u.i.k.p.i.AbstractProblemLoader Loading environment from /home/runner/work/key/key/key.core/../key.ui/examples/heap/permissions/lockspec/Counter_lockStatus_accessible.key.proof 
806158     DEBUG main            d.u.i.k.p.i.AbstractProblemLoader Environment load took 64.9ns 
806159     INFO  main            d.u.i.k.p.i.AbstractProblemLoader Creating init config 
809225     DEBUG main            d.u.i.k.p.i.AbstractProblemLoader Init config took 3.07s 
809274     INFO  main            d.u.i.k.p.i.AbstractProblemLoader Replaying proof Counter[LockSpec::lockStatus(boolean)].JML accessible clause.0 
809292     DEBUG main            d.u.i.k.p.i.IntermediateProofReplayer Proof replay took 16.29ms 
809293     DEBUG main            d.u.i.k.p.r.p.TestFile    ... success: reloaded. 
809293     INFO  main            d.u.i.k.p.r.p.TestFile    Now processing file /home/runner/work/key/key/key.core/../key.ui/examples/heap/permissions/lockspec/Counter_lockTransfer_accessible.key 
809294     INFO  main            d.u.i.k.p.i.AbstractProblemLoader Loading environment from /home/runner/work/key/key/key.core/../key.ui/examples/heap/permissions/lockspec/Counter_lockTransfer_accessible.key 
809294     DEBUG main            d.u.i.k.p.i.AbstractProblemLoader Environment load took 133ns 
809295     INFO  main            d.u.i.k.p.i.AbstractProblemLoader Creating init config 
812379     DEBUG main            d.u.i.k.p.i.AbstractProblemLoader Init config took 3.08s 
812434     INFO  main            d.u.i.k.p.i.AbstractProblemLoader Replaying proof Counter[LockSpec::lockTransfer()].JML accessible clause.0 
812435     DEBUG main            d.u.i.k.p.i.IntermediateProofReplayer Proof replay took 2.7ns 
812737     INFO  main            d.u.i.k.p.r.p.TestFile    ... finished proof: closed. 
813354     INFO  main            d.u.i.k.p.i.AbstractProblemLoader Loading environment from /home/runner/work/key/key/key.core/../key.ui/examples/heap/permissions/lockspec/Counter_lockTransfer_accessible.key.proof 
813354     DEBUG main            d.u.i.k.p.i.AbstractProblemLoader Environment load took 64.9ns 
813355     INFO  main            d.u.i.k.p.i.AbstractProblemLoader Creating init config 
816465     DEBUG main            d.u.i.k.p.i.AbstractProblemLoader Init config took 3.11s 
816514     INFO  main            d.u.i.k.p.i.AbstractProblemLoader Replaying proof Counter[LockSpec::lockTransfer()].JML accessible clause.0 
816564     DEBUG main            d.u.i.k.p.i.IntermediateProofReplayer Proof replay took 46.07ms 
816565     DEBUG main            d.u.i.k.p.r.p.TestFile    ... success: reloaded. 
816565     INFO  main            d.u.i.k.p.r.p.TestFile    Now processing file /home/runner/work/key/key/key.core/../key.ui/examples/heap/permissions/lockspec/Counter_unlockTransfer_accessible.key 
816566     INFO  main            d.u.i.k.p.i.AbstractProblemLoader Loading environment from /home/runner/work/key/key/key.core/../key.ui/examples/heap/permissions/lockspec/Counter_unlockTransfer_accessible.key 
816566     DEBUG main            d.u.i.k.p.i.AbstractProblemLoader Environment load took 138.3ns 
816567     INFO  main            d.u.i.k.p.i.AbstractProblemLoader Creating init config 
819761     DEBUG main            d.u.i.k.p.i.AbstractProblemLoader Init config took 3.19s 
819828     INFO  main            d.u.i.k.p.i.AbstractProblemLoader Replaying proof Counter[LockSpec::unlockTransfer()].JML accessible clause.0 
819830     DEBUG main            d.u.i.k.p.i.IntermediateProofReplayer Proof replay took 3.3ns 
820133     INFO  main            d.u.i.k.p.r.p.TestFile    ... finished proof: closed. 
820788     INFO  main            d.u.i.k.p.i.AbstractProblemLoader Loading environment from /home/runner/work/key/key/key.core/../key.ui/examples/heap/permissions/lockspec/Counter_unlockTransfer_accessible.key.proof 
820788     DEBUG main            d.u.i.k.p.i.AbstractProblemLoader Environment load took 66.2ns 
820789     INFO  main            d.u.i.k.p.i.AbstractProblemLoader Creating init config 
823890     DEBUG main            d.u.i.k.p.i.AbstractProblemLoader Init config took 3.1s 
823954     INFO  main            d.u.i.k.p.i.AbstractProblemLoader Replaying proof Counter[LockSpec::unlockTransfer()].JML accessible clause.0 
824004     DEBUG main            d.u.i.k.p.i.IntermediateProofReplayer Proof replay took 47.07ms 
824005     DEBUG main            d.u.i.k.p.r.p.TestFile    ... success: reloaded. 
824006     INFO  main            d.u.i.k.p.r.p.TestFile    Now processing file /home/runner/work/key/key/key.core/../key.ui/examples/heap/permissions/threads/Plotter_startTransfer_contract.proof 
824006     INFO  main            d.u.i.k.p.i.AbstractProblemLoader Loading environment from /home/runner/work/key/key/key.core/../key.ui/examples/heap/permissions/threads/Plotter_startTransfer_contract.proof 
824006     DEBUG main            d.u.i.k.p.i.AbstractProblemLoader Environment load took 131.1ns 
824007     INFO  main            d.u.i.k.p.i.AbstractProblemLoader Creating init config 
828716     DEBUG main            d.u.i.k.p.i.AbstractProblemLoader Init config took 4.71s 
828806     INFO  main            d.u.i.k.p.i.AbstractProblemLoader Replaying proof Plotter[ThreadSpec2::startTransfer()].JML model_behavior operation contract.0 
828908     DEBUG main            d.u.i.k.p.i.IntermediateProofReplayer Proof replay took 92.46ms 
828909     INFO  main            d.u.i.k.p.r.p.TestFile    ... success: loaded 
828910     INFO  main            d.u.i.k.p.r.p.TestFile    Now processing file /home/runner/work/key/key/key.core/../key.ui/examples/heap/permissions/threads/Plotter_startTransfer_accessible.proof 
828910     INFO  main            d.u.i.k.p.i.AbstractProblemLoader Loading environment from /home/runner/work/key/key/key.core/../key.ui/examples/heap/permissions/threads/Plotter_startTransfer_accessible.proof 
828910     DEBUG main            d.u.i.k.p.i.AbstractProblemLoader Environment load took 157.1ns 
828911     INFO  main            d.u.i.k.p.i.AbstractProblemLoader Creating init config 
833687     DEBUG main            d.u.i.k.p.i.AbstractProblemLoader Init config took 4.78s 
833778     INFO  main            d.u.i.k.p.i.AbstractProblemLoader Replaying proof Plotter[ThreadSpec2::startTransfer()].JML accessible clause.0 
833873     DEBUG main            d.u.i.k.p.i.IntermediateProofReplayer Proof replay took 90.82ms 
833873     INFO  main            d.u.i.k.p.r.p.TestFile    ... success: loaded 
833874     INFO  main            d.u.i.k.p.r.p.TestFile    Now processing file /home/runner/work/key/key/key.core/../key.ui/examples/heap/permissions/threads/Plotter_joinTransfer_accessible.proof 
833875     INFO  main            d.u.i.k.p.i.AbstractProblemLoader Loading environment from /home/runner/work/key/key/key.core/../key.ui/examples/heap/permissions/threads/Plotter_joinTransfer_accessible.proof 
833875     DEBUG main            d.u.i.k.p.i.AbstractProblemLoader Environment load took 137.1ns 
833876     INFO  main            d.u.i.k.p.i.AbstractProblemLoader Creating init config 
838832     DEBUG main            d.u.i.k.p.i.AbstractProblemLoader Init config took 4.96s 
838921     INFO  main            d.u.i.k.p.i.AbstractProblemLoader Replaying proof Plotter[ThreadSpec2::joinTransfer()].JML accessible clause.0 
838928     WARN  main            d.u.i.k.p.i.IntermediateProofReplayer Proof contains wrong number of \assumes instatiations for Definition_axiom_for_stateInv_in_Plotter 
838930     WARN  main            d.u.i.k.p.i.IntermediateProofReplayer Proof contains wrong number of \assumes instatiations for Definition_axiom_for_stateInv_in_Plotter 
838932     WARN  main            d.u.i.k.p.i.IntermediateProofReplayer Proof contains wrong number of \assumes instatiations for Definition_axiom_for_workingPermissions_in_Plotter 
838932     WARN  main            d.u.i.k.p.i.IntermediateProofReplayer Proof contains wrong number of \assumes instatiations for Definition_axiom_for_staticPermissions_in_Plotter 
838933     WARN  main            d.u.i.k.p.i.IntermediateProofReplayer Proof contains wrong number of \assumes instatiations for Definition_axiom_for_joinTransfer_in_Plotter 
838934     WARN  main            d.u.i.k.p.i.IntermediateProofReplayer Proof contains wrong number of \assumes instatiations for Definition_axiom_for_stateInv_in_BFilter 
838935     WARN  main            d.u.i.k.p.i.IntermediateProofReplayer Proof contains wrong number of \assumes instatiations for Definition_axiom_for_stateInv_in_AFilter 
838937     WARN  main            d.u.i.k.p.i.IntermediateProofReplayer Proof contains wrong number of \assumes instatiations for Definition_axiom_for_stateInv_in_BFilter 
838938     WARN  main            d.u.i.k.p.i.IntermediateProofReplayer Proof contains wrong number of \assumes instatiations for Definition_axiom_for_stateInv_in_AFilter 
838940     WARN  main            d.u.i.k.p.i.IntermediateProofReplayer Proof contains wrong number of \assumes instatiations for Definition_axiom_for_staticPermissions_in_AFilter 
838940     WARN  main            d.u.i.k.p.i.IntermediateProofReplayer Proof contains wrong number of \assumes instatiations for Definition_axiom_for_staticPermissions_in_Plotter 
838941     WARN  main            d.u.i.k.p.i.IntermediateProofReplayer Proof contains wrong number of \assumes instatiations for Definition_axiom_for_staticPermissions_in_BFilter 
838942     WARN  main            d.u.i.k.p.i.IntermediateProofReplayer Proof contains wrong number of \assumes instatiations for Definition_axiom_for_workingPermissions_in_Plotter 
838942     WARN  main            d.u.i.k.p.i.IntermediateProofReplayer Proof contains wrong number of \assumes instatiations for Definition_axiom_for_stateInv_in_Sampler 
838943     WARN  main            d.u.i.k.p.i.IntermediateProofReplayer Proof contains wrong number of \assumes instatiations for Definition_axiom_for_stateInv_in_Sampler 
838943     WARN  main            d.u.i.k.p.i.IntermediateProofReplayer Proof contains wrong number of \assumes instatiations for Definition_axiom_for_staticPermissions_in_Sampler 
838944     WARN  main            d.u.i.k.p.i.IntermediateProofReplayer Proof contains wrong number of \assumes instatiations for Definition_axiom_for_staticPermissions_in_BFilter 
838944     WARN  main            d.u.i.k.p.i.IntermediateProofReplayer Proof contains wrong number of \assumes instatiations for Definition_axiom_for_staticPermissions_in_AFilter 
838945     WARN  main            d.u.i.k.p.i.IntermediateProofReplayer Proof contains wrong number of \assumes instatiations for Definition_axiom_for_staticPermissions_in_Sampler 
838945     WARN  main            d.u.i.k.p.i.IntermediateProofReplayer Proof contains wrong number of \assumes instatiations for Definition_axiom_for_staticPermissions_in_Sampler 
838946     WARN  main            d.u.i.k.p.i.IntermediateProofReplayer Proof contains wrong number of \assumes instatiations for Definition_axiom_for_staticPermissions_in_Sampler 
838946     WARN  main            d.u.i.k.p.i.IntermediateProofReplayer Proof contains wrong number of \assumes instatiations for Definition_axiom_for_joinTransfer_in_Plotter 
839022     DEBUG main            d.u.i.k.p.i.IntermediateProofReplayer Proof replay took 97.92ms 
839023     INFO  main            d.u.i.k.p.r.p.TestFile    ... success: loaded 
4911298    INFO  Test worker     d.u.i.k.p.r.RunAllProofsTestUnit Returning from test permissionHeap 
4911299    INFO  Test worker     d.u.i.k.p.r.RunAllProofsTestUnit Running test completionScopes 
307        INFO  Timeout watchdog d.u.i.k.p.r.p.ForkedTestFileRunner Timeout watcher launched (2000 secs.) 
317        WARN  main            d.u.i.k.s.ProofSettings   The settings in /home/runner/.key/proof-settings.props are *not* read. 
344        INFO  main            d.u.i.k.p.r.p.TestFile    Now processing file /home/runner/work/key/key/key.core/../key.ui/examples/completionscopes/testCcatchReturnVal.key 
505        INFO  main            d.u.i.k.p.i.AbstractProblemLoader Loading environment from /home/runner/work/key/key/key.core/../key.ui/examples/completionscopes/testCcatchReturnVal.key 
521        DEBUG main            d.u.i.k.p.i.AbstractProblemLoader Environment load took 1.86ms 
739        INFO  main            d.u.i.k.p.i.AbstractProblemLoader Creating init config 
1766       DEBUG main            d.u.i.k.j.TypeConverter   No LDT found for Meta 
1767       DEBUG main            d.u.i.k.j.TypeConverter   No LDT found for Meta 
1769       DEBUG main            d.u.i.k.j.TypeConverter   No LDT found for Meta 
1769       DEBUG main            d.u.i.k.j.TypeConverter   No LDT found for Meta 
3153       DEBUG main            d.u.i.k.j.TypeConverter   No LDT found for JavaBigintExpression 
7858       DEBUG main            d.u.i.k.p.i.AbstractProblemLoader Init config took 7.12s 
7977       INFO  main            d.u.i.k.p.i.AbstractProblemLoader Replaying proof CompletionScopes[CompletionScopes::testCcatchReturnVal()].JML normal_behavior operation contract.0 
8008       DEBUG main            d.u.i.k.p.i.IntermediateProofReplayer Proof replay took 31.8ns 
8476       INFO  main            d.u.i.k.p.r.p.TestFile    ... finished proof: closed. 
8576       INFO  main            d.u.i.k.p.i.AbstractProblemLoader Loading environment from /home/runner/work/key/key/key.core/../key.ui/examples/completionscopes/testCcatchReturnVal.key.proof 
8576       DEBUG main            d.u.i.k.p.i.AbstractProblemLoader Environment load took 131.2ns 
8579       INFO  main            d.u.i.k.p.i.AbstractProblemLoader Creating init config 
11174      DEBUG main            d.u.i.k.p.i.AbstractProblemLoader Init config took 2.59s 
11237      INFO  main            d.u.i.k.p.i.AbstractProblemLoader Replaying proof CompletionScopes[CompletionScopes::testCcatchReturnVal()].JML normal_behavior operation contract.0 
11293      DEBUG main            d.u.i.k.p.i.IntermediateProofReplayer Proof replay took 51.68ms 
11302      DEBUG main            d.u.i.k.p.r.p.TestFile    ... success: reloaded. 
11303      INFO  main            d.u.i.k.p.r.p.TestFile    Now processing file /home/runner/work/key/key/key.core/../key.ui/examples/completionscopes/testMultCcatchClauses.key 
11304      INFO  main            d.u.i.k.p.i.AbstractProblemLoader Loading environment from /home/runner/work/key/key/key.core/../key.ui/examples/completionscopes/testMultCcatchClauses.key 
11304      DEBUG main            d.u.i.k.p.i.AbstractProblemLoader Environment load took 219.4ns 
11305      INFO  main            d.u.i.k.p.i.AbstractProblemLoader Creating init config 
13867      DEBUG main            d.u.i.k.p.i.AbstractProblemLoader Init config took 2.56s 
13924      INFO  main            d.u.i.k.p.i.AbstractProblemLoader Replaying proof CompletionScopes[CompletionScopes::testMultCcatchClauses()].JML normal_behavior operation contract.0 
13926      DEBUG main            d.u.i.k.p.i.IntermediateProofReplayer Proof replay took 5.8ns 
14331      INFO  main            d.u.i.k.p.r.p.TestFile    ... finished proof: closed. 
14464      INFO  main            d.u.i.k.p.i.AbstractProblemLoader Loading environment from /home/runner/work/key/key/key.core/../key.ui/examples/completionscopes/testMultCcatchClauses.key.proof 
14466      DEBUG main            d.u.i.k.p.i.AbstractProblemLoader Environment load took 2.43ms 
14470      INFO  main            d.u.i.k.p.i.AbstractProblemLoader Creating init config 
16869      DEBUG main            d.u.i.k.p.i.AbstractProblemLoader Init config took 2.4s 
16918      INFO  main            d.u.i.k.p.i.AbstractProblemLoader Replaying proof CompletionScopes[CompletionScopes::testMultCcatchClauses()].JML normal_behavior operation contract.0 
17001      DEBUG main            d.u.i.k.p.i.IntermediateProofReplayer Proof replay took 79.64ms 
17002      DEBUG main            d.u.i.k.p.r.p.TestFile    ... success: reloaded. 
17003      INFO  main            d.u.i.k.p.r.p.TestFile    Now processing file /home/runner/work/key/key/key.core/../key.ui/examples/completionscopes/testNestedExec.key 
17004      INFO  main            d.u.i.k.p.i.AbstractProblemLoader Loading environment from /home/runner/work/key/key/key.core/../key.ui/examples/completionscopes/testNestedExec.key 
17004      DEBUG main            d.u.i.k.p.i.AbstractProblemLoader Environment load took 160.5ns 
17005      INFO  main            d.u.i.k.p.i.AbstractProblemLoader Creating init config 
19484      DEBUG main            d.u.i.k.p.i.AbstractProblemLoader Init config took 2.48s 
19531      INFO  main            d.u.i.k.p.i.AbstractProblemLoader Replaying proof CompletionScopes[CompletionScopes::testMultCcatchClauses()].JML normal_behavior operation contract.0 
19533      DEBUG main            d.u.i.k.p.i.IntermediateProofReplayer Proof replay took 6.4ns 
19836      INFO  main            d.u.i.k.p.r.p.TestFile    ... finished proof: closed. 
19955      INFO  main            d.u.i.k.p.i.AbstractProblemLoader Loading environment from /home/runner/work/key/key/key.core/../key.ui/examples/completionscopes/testNestedExec.key.proof 
19955      DEBUG main            d.u.i.k.p.i.AbstractProblemLoader Environment load took 118.6ns 
19957      INFO  main            d.u.i.k.p.i.AbstractProblemLoader Creating init config 
22379      DEBUG main            d.u.i.k.p.i.AbstractProblemLoader Init config took 2.42s 
22438      INFO  main            d.u.i.k.p.i.AbstractProblemLoader Replaying proof CompletionScopes[CompletionScopes::testMultCcatchClauses()].JML normal_behavior operation contract.0 
22500      DEBUG main            d.u.i.k.p.i.IntermediateProofReplayer Proof replay took 58.8ms 
22501      DEBUG main            d.u.i.k.p.r.p.TestFile    ... success: reloaded. 
22502      INFO  main            d.u.i.k.p.r.p.TestFile    Now processing file /home/runner/work/key/key/key.core/../key.ui/examples/completionscopes/testCcatchBreakLabel.key 
22502      INFO  main            d.u.i.k.p.i.AbstractProblemLoader Loading environment from /home/runner/work/key/key/key.core/../key.ui/examples/completionscopes/testCcatchBreakLabel.key 
22502      DEBUG main            d.u.i.k.p.i.AbstractProblemLoader Environment load took 154.5ns 
22504      INFO  main            d.u.i.k.p.i.AbstractProblemLoader Creating init config 
24878      DEBUG main            d.u.i.k.p.i.AbstractProblemLoader Init config took 2.37s 
24925      INFO  main            d.u.i.k.p.i.AbstractProblemLoader Replaying proof CompletionScopes[CompletionScopes::testBreakLabel()].JML normal_behavior operation contract.0 
24927      DEBUG main            d.u.i.k.p.i.IntermediateProofReplayer Proof replay took 5.9ns 
24948      DEBUG Thread-10       d.u.i.k.l.o.ProgramSV     Match failed: Former match of  SchemaVariable incompatible with  the current match. 
25030      INFO  main            d.u.i.k.p.r.p.TestFile    ... finished proof: closed. 
25208      INFO  main            d.u.i.k.p.i.AbstractProblemLoader Loading environment from /home/runner/work/key/key/key.core/../key.ui/examples/completionscopes/testCcatchBreakLabel.key.proof 
25208      DEBUG main            d.u.i.k.p.i.AbstractProblemLoader Environment load took 126.3ns 
25209      INFO  main            d.u.i.k.p.i.AbstractProblemLoader Creating init config 
27556      DEBUG main            d.u.i.k.p.i.AbstractProblemLoader Init config took 2.35s 
27607      INFO  main            d.u.i.k.p.i.AbstractProblemLoader Replaying proof CompletionScopes[CompletionScopes::testBreakLabel()].JML normal_behavior operation contract.0 
27616      DEBUG main            d.u.i.k.p.i.IntermediateProofReplayer Proof replay took 7.18ms 
27617      DEBUG main            d.u.i.k.p.r.p.TestFile    ... success: reloaded. 
27618      INFO  main            d.u.i.k.p.r.p.TestFile    Now processing file /home/runner/work/key/key/key.core/../key.ui/examples/completionscopes/testCcatchContinueLabel.key 
27618      INFO  main            d.u.i.k.p.i.AbstractProblemLoader Loading environment from /home/runner/work/key/key/key.core/../key.ui/examples/completionscopes/testCcatchContinueLabel.key 
27619      DEBUG main            d.u.i.k.p.i.AbstractProblemLoader Environment load took 83ns 
27619      INFO  main            d.u.i.k.p.i.AbstractProblemLoader Creating init config 
30018      DEBUG main            d.u.i.k.p.i.AbstractProblemLoader Init config took 2.4s 
30066      INFO  main            d.u.i.k.p.i.AbstractProblemLoader Replaying proof CompletionScopes[CompletionScopes::testContinueLabel()].JML normal_behavior operation contract.0 
30069      DEBUG main            d.u.i.k.p.i.IntermediateProofReplayer Proof replay took 6.1ns 
30096      DEBUG Thread-13       d.u.i.k.l.o.ProgramSV     Match failed: Former match of  SchemaVariable incompatible with  the current match. 
30174      INFO  main            d.u.i.k.p.r.p.TestFile    ... finished proof: closed. 
30324      INFO  main            d.u.i.k.p.i.AbstractProblemLoader Loading environment from /home/runner/work/key/key/key.core/../key.ui/examples/completionscopes/testCcatchContinueLabel.key.proof 
30325      DEBUG main            d.u.i.k.p.i.AbstractProblemLoader Environment load took 128.8ns 
30326      INFO  main            d.u.i.k.p.i.AbstractProblemLoader Creating init config 
32634      DEBUG main            d.u.i.k.p.i.AbstractProblemLoader Init config took 2.31s 
32685      INFO  main            d.u.i.k.p.i.AbstractProblemLoader Replaying proof CompletionScopes[CompletionScopes::testContinueLabel()].JML normal_behavior operation contract.0 
32694      DEBUG main            d.u.i.k.p.i.IntermediateProofReplayer Proof replay took 7.21ms 
32695      DEBUG main            d.u.i.k.p.r.p.TestFile    ... success: reloaded. 
32696      INFO  main            d.u.i.k.p.r.p.TestFile    Now processing file /home/runner/work/key/key/key.core/../key.ui/examples/completionscopes/testCcatchBreakLabelWildcard.key 
32696      INFO  main            d.u.i.k.p.i.AbstractProblemLoader Loading environment from /home/runner/work/key/key/key.core/../key.ui/examples/completionscopes/testCcatchBreakLabelWildcard.key 
32697      DEBUG main            d.u.i.k.p.i.AbstractProblemLoader Environment load took 161.7ns 
32698      INFO  main            d.u.i.k.p.i.AbstractProblemLoader Creating init config 
35052      DEBUG main            d.u.i.k.p.i.AbstractProblemLoader Init config took 2.35s 
35092      INFO  main            d.u.i.k.p.i.AbstractProblemLoader Replaying proof CompletionScopes[CompletionScopes::testBreakLabelWildcard()].JML normal_behavior operation contract.0 
35094      DEBUG main            d.u.i.k.p.i.IntermediateProofReplayer Proof replay took 5.3ns 
35128      DEBUG Thread-16       d.u.i.k.l.o.ProgramSV     Match failed: Former match of  SchemaVariable incompatible with  the current match. 
35130      DEBUG Thread-16       d.u.i.k.l.o.ProgramSV     Match failed: Former match of  SchemaVariable incompatible with  the current match. 
35199      INFO  main            d.u.i.k.p.r.p.TestFile    ... finished proof: closed. 
35342      INFO  main            d.u.i.k.p.i.AbstractProblemLoader Loading environment from /home/runner/work/key/key/key.core/../key.ui/examples/completionscopes/testCcatchBreakLabelWildcard.key.proof 
35342      DEBUG main            d.u.i.k.p.i.AbstractProblemLoader Environment load took 112.1ns 
35343      INFO  main            d.u.i.k.p.i.AbstractProblemLoader Creating init config 
37693      DEBUG main            d.u.i.k.p.i.AbstractProblemLoader Init config took 2.35s 
37736      INFO  main            d.u.i.k.p.i.AbstractProblemLoader Replaying proof CompletionScopes[CompletionScopes::testBreakLabelWildcard()].JML normal_behavior operation contract.0 
37745      DEBUG main            d.u.i.k.p.i.IntermediateProofReplayer Proof replay took 7.06ms 
37746      DEBUG main            d.u.i.k.p.r.p.TestFile    ... success: reloaded. 
37747      INFO  main            d.u.i.k.p.r.p.TestFile    Now processing file /home/runner/work/key/key/key.core/../key.ui/examples/completionscopes/testCcatchContinueLabelWildcard.key 
37747      INFO  main            d.u.i.k.p.i.AbstractProblemLoader Loading environment from /home/runner/work/key/key/key.core/../key.ui/examples/completionscopes/testCcatchContinueLabelWildcard.key 
37748      DEBUG main            d.u.i.k.p.i.AbstractProblemLoader Environment load took 83.9ns 
37748      INFO  main            d.u.i.k.p.i.AbstractProblemLoader Creating init config 
40091      DEBUG main            d.u.i.k.p.i.AbstractProblemLoader Init config took 2.34s 
40133      INFO  main            d.u.i.k.p.i.AbstractProblemLoader Replaying proof CompletionScopes[CompletionScopes::testContinueLabelWildcard()].JML normal_behavior operation contract.0 
40135      DEBUG main            d.u.i.k.p.i.IntermediateProofReplayer Proof replay took 5.5ns 
40152      DEBUG Thread-19       d.u.i.k.l.o.ProgramSV     Match failed: Former match of  SchemaVariable incompatible with  the current match. 
40153      DEBUG Thread-19       d.u.i.k.l.o.ProgramSV     Match failed: Former match of  SchemaVariable incompatible with  the current match. 
40237      INFO  main            d.u.i.k.p.r.p.TestFile    ... finished proof: closed. 
40387      INFO  main            d.u.i.k.p.i.AbstractProblemLoader Loading environment from /home/runner/work/key/key/key.core/../key.ui/examples/completionscopes/testCcatchContinueLabelWildcard.key.proof 
40387      DEBUG main            d.u.i.k.p.i.AbstractProblemLoader Environment load took 109.2ns 
40388      INFO  main            d.u.i.k.p.i.AbstractProblemLoader Creating init config 
42663      DEBUG main            d.u.i.k.p.i.AbstractProblemLoader Init config took 2.27s 
42703      INFO  main            d.u.i.k.p.i.AbstractProblemLoader Replaying proof CompletionScopes[CompletionScopes::testContinueLabelWildcard()].JML normal_behavior operation contract.0 
42712      DEBUG main            d.u.i.k.p.i.IntermediateProofReplayer Proof replay took 7.64ms 
42713      DEBUG main            d.u.i.k.p.r.p.TestFile    ... success: reloaded. 
42714      INFO  main            d.u.i.k.p.r.p.TestFile    Now processing file /home/runner/work/key/key/key.core/../key.ui/examples/completionscopes/testCcatchBreakLabelNonmatchingNested.key 
42714      INFO  main            d.u.i.k.p.i.AbstractProblemLoader Loading environment from /home/runner/work/key/key/key.core/../key.ui/examples/completionscopes/testCcatchBreakLabelNonmatchingNested.key 
42714      DEBUG main            d.u.i.k.p.i.AbstractProblemLoader Environment load took 84.7ns 
42715      INFO  main            d.u.i.k.p.i.AbstractProblemLoader Creating init config 
45035      DEBUG main            d.u.i.k.p.i.AbstractProblemLoader Init config took 2.32s 
45079      INFO  main            d.u.i.k.p.i.AbstractProblemLoader Replaying proof CompletionScopes[CompletionScopes::testBreakLabelNonmatchingNested()].JML normal_behavior operation contract.0 
45084      DEBUG main            d.u.i.k.p.i.IntermediateProofReplayer Proof replay took 5.7ns 
45099      DEBUG Thread-22       d.u.i.k.l.o.ProgramSV     Match failed: Former match of  SchemaVariable incompatible with  the current match. 
45100      DEBUG Thread-22       d.u.i.k.l.o.ProgramSV     Match failed: Former match of  SchemaVariable incompatible with  the current match. 
45186      INFO  main            d.u.i.k.p.r.p.TestFile    ... finished proof: closed. 
45337      INFO  main            d.u.i.k.p.i.AbstractProblemLoader Loading environment from /home/runner/work/key/key/key.core/../key.ui/examples/completionscopes/testCcatchBreakLabelNonmatchingNested.key.proof 
45337      DEBUG main            d.u.i.k.p.i.AbstractProblemLoader Environment load took 106.1ns 
45338      INFO  main            d.u.i.k.p.i.AbstractProblemLoader Creating init config 
47608      DEBUG main            d.u.i.k.p.i.AbstractProblemLoader Init config took 2.27s 
47644      INFO  main            d.u.i.k.p.i.AbstractProblemLoader Replaying proof CompletionScopes[CompletionScopes::testBreakLabelNonmatchingNested()].JML normal_behavior operation contract.0 
47655      DEBUG main            d.u.i.k.p.i.IntermediateProofReplayer Proof replay took 8.63ms 
47656      DEBUG main            d.u.i.k.p.r.p.TestFile    ... success: reloaded. 
4959112    INFO  Test worker     d.u.i.k.p.r.RunAllProofsTestUnit Returning from test completionScopes 
4959113    INFO  Test worker     d.u.i.k.p.r.RunAllProofsTestUnit Running test reload_examples 
343        INFO  Timeout watchdog d.u.i.k.p.r.p.ForkedTestFileRunner Timeout watcher launched (2000 secs.) 
362        WARN  main            d.u.i.k.s.ProofSettings   The settings in /home/runner/.key/proof-settings.props are *not* read. 
408        INFO  main            d.u.i.k.p.r.p.TestFile    Now processing file /home/runner/work/key/key/key.core/../key.ui/examples/firstTouch/05-ReverseArray/reverseArray.key 
535        INFO  main            d.u.i.k.p.i.AbstractProblemLoader Loading environment from /home/runner/work/key/key/key.core/../key.ui/examples/firstTouch/05-ReverseArray/reverseArray.key 
557        DEBUG main            d.u.i.k.p.i.AbstractProblemLoader Environment load took 2.39ms 
766        INFO  main            d.u.i.k.p.i.AbstractProblemLoader Creating init config 
1653       DEBUG main            d.u.i.k.j.TypeConverter   No LDT found for Meta 
1654       DEBUG main            d.u.i.k.j.TypeConverter   No LDT found for Meta 
1655       DEBUG main            d.u.i.k.j.TypeConverter   No LDT found for Meta 
1655       DEBUG main            d.u.i.k.j.TypeConverter   No LDT found for Meta 
3110       DEBUG main            d.u.i.k.j.TypeConverter   No LDT found for JavaBigintExpression 
7878       DEBUG main            d.u.i.k.p.i.AbstractProblemLoader Init config took 7.11s 
7990       INFO  main            d.u.i.k.p.i.AbstractProblemLoader Replaying proof ReverseArray[ReverseArray::reverse()].JML normal_behavior operation contract.0 
8038       DEBUG main            d.u.i.k.p.i.IntermediateProofReplayer Proof replay took 32.9ns 
18103      INFO  main            d.u.i.k.p.r.p.TestFile    ... finished proof: closed. 
18353      INFO  main            d.u.i.k.p.i.AbstractProblemLoader Loading environment from /home/runner/work/key/key/key.core/../key.ui/examples/firstTouch/05-ReverseArray/reverseArray.key.proof 
18354      DEBUG main            d.u.i.k.p.i.AbstractProblemLoader Environment load took 816.1ns 
18357      INFO  main            d.u.i.k.p.i.AbstractProblemLoader Creating init config 
21041      DEBUG main            d.u.i.k.p.i.AbstractProblemLoader Init config took 2.68s 
21100      INFO  main            d.u.i.k.p.i.AbstractProblemLoader Replaying proof ReverseArray[ReverseArray::reverse()].JML normal_behavior operation contract.0 
22268      DEBUG main            d.u.i.k.p.i.IntermediateProofReplayer Proof replay took 1.11s 
22278      DEBUG main            d.u.i.k.p.r.p.TestFile    ... success: reloaded. 
22280      INFO  main            d.u.i.k.p.r.p.TestFile    Now processing file /home/runner/work/key/key/key.core/../key.ui/examples/standard_key/arith/saveProofTest.key.proof 
22280      INFO  main            d.u.i.k.p.i.AbstractProblemLoader Loading environment from /home/runner/work/key/key/key.core/../key.ui/examples/standard_key/arith/saveProofTest.key.proof 
22280      DEBUG main            d.u.i.k.p.i.AbstractProblemLoader Environment load took 178.3ns 
22282      INFO  main            d.u.i.k.p.i.AbstractProblemLoader Creating init config 
24691      DEBUG main            d.u.i.k.p.i.AbstractProblemLoader Init config took 2.41s 
24718      INFO  main            d.u.i.k.p.i.AbstractProblemLoader Replaying proof saveProofTest.key.proof 
24725      DEBUG main            d.u.i.k.p.i.IntermediateProofReplayer Proof replay took 3.02ms 
24725      INFO  main            d.u.i.k.p.r.p.TestFile    ... success: loaded 
24727      INFO  main            d.u.i.k.p.r.p.TestFile    Now processing file /home/runner/work/key/key/key.core/../key.ui/examples/heap/permutedSum/perm.proof 
24727      INFO  main            d.u.i.k.p.i.AbstractProblemLoader Loading environment from /home/runner/work/key/key/key.core/../key.ui/examples/heap/permutedSum/perm.proof 
24727      DEBUG main            d.u.i.k.p.i.AbstractProblemLoader Environment load took 164.7ns 
24730      INFO  main            d.u.i.k.p.i.AbstractProblemLoader Creating init config 
27381      DEBUG main            d.u.i.k.p.i.AbstractProblemLoader Init config took 2.65s 
27448      INFO  main            d.u.i.k.p.i.AbstractProblemLoader Replaying proof Perm[Perm::foo()].JML normal_behavior operation contract.0 
28496      DEBUG main            d.u.i.k.p.i.IntermediateProofReplayer Proof replay took 994.01ms 
28497      INFO  main            d.u.i.k.p.r.p.TestFile    ... success: loaded 
28499      INFO  main            d.u.i.k.p.r.p.TestFile    Now processing file /home/runner/work/key/key/key.core/../key.ui/examples/firstTouch/05-ReverseArray/reverseArray.proof 
28499      INFO  main            d.u.i.k.p.i.AbstractProblemLoader Loading environment from /home/runner/work/key/key/key.core/../key.ui/examples/firstTouch/05-ReverseArray/reverseArray.proof 
28499      DEBUG main            d.u.i.k.p.i.AbstractProblemLoader Environment load took 169ns 
28502      INFO  main            d.u.i.k.p.i.AbstractProblemLoader Creating init config 
31052      DEBUG main            d.u.i.k.p.i.AbstractProblemLoader Init config took 2.55s 
31091      INFO  main            d.u.i.k.p.i.AbstractProblemLoader Replaying proof ReverseArray[ReverseArray::reverse()].JML normal_behavior operation contract.0 
32127      DEBUG main            d.u.i.k.p.i.IntermediateProofReplayer Proof replay took 998.44ms 
32130      INFO  main            d.u.i.k.p.r.p.TestFile    ... success: loaded 
32131      INFO  main            d.u.i.k.p.r.p.TestFile    Now processing file /home/runner/work/key/key/key.core/../key.ui/examples/heap/verifyThis15_1_RelaxedPrefix/relax.proof 
32131      INFO  main            d.u.i.k.p.i.AbstractProblemLoader Loading environment from /home/runner/work/key/key/key.core/../key.ui/examples/heap/verifyThis15_1_RelaxedPrefix/relax.proof 
32132      DEBUG main            d.u.i.k.p.i.AbstractProblemLoader Environment load took 159.3ns 
32133      INFO  main            d.u.i.k.p.i.AbstractProblemLoader Creating init config 
34594      DEBUG main            d.u.i.k.p.i.AbstractProblemLoader Init config took 2.46s 
34658      INFO  main            d.u.i.k.p.i.AbstractProblemLoader Replaying proof Relaxed[Relaxed::isRelaxedPrefix([I,[I)].JML operation contract.0 
35094      DEBUG main            d.u.i.k.p.i.IntermediateProofReplayer Proof replay took 418.32ms 
35095      INFO  main            d.u.i.k.p.r.p.TestFile    ... success: loaded 
35097      INFO  main            d.u.i.k.p.r.p.TestFile    Now processing file /home/runner/work/key/key/key.core/../key.ui/examples/heap/verifyThis15_3_DLL/doUndo.proof 
35097      INFO  main            d.u.i.k.p.i.AbstractProblemLoader Loading environment from /home/runner/work/key/key/key.core/../key.ui/examples/heap/verifyThis15_3_DLL/doUndo.proof 
35097      DEBUG main            d.u.i.k.p.i.AbstractProblemLoader Environment load took 159.8ns 
35099      INFO  main            d.u.i.k.p.i.AbstractProblemLoader Creating init config 
36003      DEBUG main            d.u.i.k.j.r.ClassPreparationMethodBuilder clPrepBuilder: Inner Class detected. Reject building class initialisation methods. 
37812      DEBUG main            d.u.i.k.p.i.AbstractProblemLoader Init config took 2.71s 
37900      INFO  main            d.u.i.k.p.i.AbstractProblemLoader Replaying proof DoubleLinkedList[DoubleLinkedList::doUndo(DoubleLinkedList.Node,int)].JML normal_behavior operation contract.0 
38632      DEBUG main            d.u.i.k.p.i.IntermediateProofReplayer Proof replay took 699.58ms 
38633      INFO  main            d.u.i.k.p.r.p.TestFile    ... success: loaded 
38635      INFO  main            d.u.i.k.p.r.p.TestFile    Now processing file /home/runner/work/key/key/key.core/../key.ui/examples/heap/verifyThis15_2_ParallelGcd/parallelGcd.proof 
38635      INFO  main            d.u.i.k.p.i.AbstractProblemLoader Loading environment from /home/runner/work/key/key/key.core/../key.ui/examples/heap/verifyThis15_2_ParallelGcd/parallelGcd.proof 
38635      DEBUG main            d.u.i.k.p.i.AbstractProblemLoader Environment load took 168.9ns 
38637      INFO  main            d.u.i.k.p.i.AbstractProblemLoader Creating init config 
41218      DEBUG main            d.u.i.k.p.i.AbstractProblemLoader Init config took 2.58s 
41268      INFO  main            d.u.i.k.p.i.AbstractProblemLoader Replaying proof ParallelGcd[ParallelGcd::parallelGcd(int,int,[Z)].JML behavior operation contract.0 
41799      DEBUG main            d.u.i.k.p.i.IntermediateProofReplayer Proof replay took 516.82ms 
41800      INFO  main            d.u.i.k.p.r.p.TestFile    ... success: loaded 
5001079    INFO  Test worker     d.u.i.k.p.r.RunAllProofsTestUnit Returning from test reload_examples 
5001079    INFO  Test worker     d.u.i.k.p.r.RunAllProofsTestUnit Running test proofLoadRepair 
352        INFO  Timeout watchdog d.u.i.k.p.r.p.ForkedTestFileRunner Timeout watcher launched (2000 secs.) 
355        WARN  main            d.u.i.k.s.ProofSettings   The settings in /home/runner/.key/proof-settings.props are *not* read. 
381        INFO  main            d.u.i.k.p.r.p.TestFile    Now processing file /home/runner/work/key/key/key.core/../key.ui/examples/proofLoadRepair/disjConj-manipulated.proof 
500        INFO  main            d.u.i.k.p.i.AbstractProblemLoader Loading environment from /home/runner/work/key/key/key.core/../key.ui/examples/proofLoadRepair/disjConj-manipulated.proof 
518        DEBUG main            d.u.i.k.p.i.AbstractProblemLoader Environment load took 2.08ms 
749        INFO  main            d.u.i.k.p.i.AbstractProblemLoader Creating init config 
1755       DEBUG main            d.u.i.k.j.TypeConverter   No LDT found for Meta 
1755       DEBUG main            d.u.i.k.j.TypeConverter   No LDT found for Meta 
1760       DEBUG main            d.u.i.k.j.TypeConverter   No LDT found for Meta 
1760       DEBUG main            d.u.i.k.j.TypeConverter   No LDT found for Meta 
3034       DEBUG main            d.u.i.k.j.TypeConverter   No LDT found for JavaBigintExpression 
7455       DEBUG main            d.u.i.k.p.i.AbstractProblemLoader Init config took 6.71s 
7512       INFO  main            d.u.i.k.p.i.AbstractProblemLoader Replaying proof disjConj-manipulated.proof 
7552       WARN  main            d.u.i.k.p.i.IntermediateProofReplayer Proof contains wrong number of \assumes instatiations for andLeft 
7553       WARN  main            d.u.i.k.p.i.IntermediateProofReplayer Proof contains wrong number of \assumes instatiations for replace_known_right 
7556       WARN  main            d.u.i.k.p.i.IntermediateProofReplayer Proof contains wrong number of \assumes instatiations for close 
7557       DEBUG main            d.u.i.k.p.i.IntermediateProofReplayer Proof replay took 14.84ms 
7561       INFO  main            d.u.i.k.p.r.p.TestFile    ... success: loaded 
7564       INFO  main            d.u.i.k.p.r.p.TestFile    Now processing file /home/runner/work/key/key/key.core/../key.ui/examples/proofLoadRepair/insufficient-manipulated.proof 
7564       INFO  main            d.u.i.k.p.i.AbstractProblemLoader Loading environment from /home/runner/work/key/key/key.core/../key.ui/examples/proofLoadRepair/insufficient-manipulated.proof 
7564       DEBUG main            d.u.i.k.p.i.AbstractProblemLoader Environment load took 116.8ns 
7568       INFO  main            d.u.i.k.p.i.AbstractProblemLoader Creating init config 
10076      DEBUG main            d.u.i.k.p.i.AbstractProblemLoader Init config took 2.51s 
10116      INFO  main            d.u.i.k.p.i.AbstractProblemLoader Replaying proof insufficient-manipulated.proof 
10142      WARN  main            d.u.i.k.p.i.IntermediateProofReplayer Proof contains wrong number of \assumes instatiations for applyEq 
10151      DEBUG main            d.u.i.k.p.i.IntermediateProofReplayer Proof replay took 11.84ms 
10153      INFO  main            d.u.i.k.p.r.p.TestFile    ... success: loading failed 
10155      INFO  main            d.u.i.k.p.r.p.TestFile    Now processing file /home/runner/work/key/key/key.core/../key.ui/examples/../../key.core/src/test/resources/testcase/issues/1716/incorrectPolarity.proof 
10155      INFO  main            d.u.i.k.p.i.AbstractProblemLoader Loading environment from /home/runner/work/key/key/key.core/../key.ui/examples/../../key.core/src/test/resources/testcase/issues/1716/incorrectPolarity.proof 
10155      DEBUG main            d.u.i.k.p.i.AbstractProblemLoader Environment load took 177.5ns 
10158      INFO  main            d.u.i.k.p.i.AbstractProblemLoader Creating init config 
12628      DEBUG main            d.u.i.k.p.i.AbstractProblemLoader Init config took 2.47s 
12657      INFO  main            d.u.i.k.p.i.AbstractProblemLoader Replaying proof incorrectPolarity.proof 
12659      DEBUG main            d.u.i.k.p.i.IntermediateProofReplayer Proof replay took 176.2ns 
12659      INFO  main            d.u.i.k.p.r.p.TestFile    ... success: loading failed 
12660      INFO  main            d.u.i.k.p.r.p.TestFile    Now processing file /home/runner/work/key/key/key.core/../key.ui/examples/../../key.core/src/test/resources/testcase/issues/1716/incorrectPolarity2.proof 
12661      INFO  main            d.u.i.k.p.i.AbstractProblemLoader Loading environment from /home/runner/work/key/key/key.core/../key.ui/examples/../../key.core/src/test/resources/testcase/issues/1716/incorrectPolarity2.proof 
12661      DEBUG main            d.u.i.k.p.i.AbstractProblemLoader Environment load took 185ns 
12662      INFO  main            d.u.i.k.p.i.AbstractProblemLoader Creating init config 
14956      DEBUG main            d.u.i.k.p.i.AbstractProblemLoader Init config took 2.29s 
14979      INFO  main            d.u.i.k.p.i.AbstractProblemLoader Replaying proof incorrectPolarity2.proof 
14982      DEBUG main            d.u.i.k.p.i.IntermediateProofReplayer Proof replay took 335.4ns 
14983      INFO  main            d.u.i.k.p.r.p.TestFile    ... success: loading failed 
14983      INFO  main            d.u.i.k.p.r.p.TestFile    Now processing file /home/runner/work/key/key/key.core/../key.ui/examples/../../key.core/src/test/resources/testcase/issues/1716/incorrectPolarity3.proof 
14984      INFO  main            d.u.i.k.p.i.AbstractProblemLoader Loading environment from /home/runner/work/key/key/key.core/../key.ui/examples/../../key.core/src/test/resources/testcase/issues/1716/incorrectPolarity3.proof 
14984      DEBUG main            d.u.i.k.p.i.AbstractProblemLoader Environment load took 182.2ns 
14985      INFO  main            d.u.i.k.p.i.AbstractProblemLoader Creating init config 
17265      DEBUG main            d.u.i.k.p.i.AbstractProblemLoader Init config took 2.28s 
17285      INFO  main            d.u.i.k.p.i.AbstractProblemLoader Replaying proof incorrectPolarity3.proof 
17289      DEBUG main            d.u.i.k.p.i.IntermediateProofReplayer Proof replay took 1.61ms 
17289      INFO  main            d.u.i.k.p.r.p.TestFile    ... success: loading failed 
5018548    INFO  Test worker     d.u.i.k.p.r.RunAllProofsTestUnit Returning from test proofLoadRepair 
5018550    INFO  Test worker     d.u.i.k.p.r.RunAllProofsTestUnit Running test switch 
345        INFO  Timeout watchdog d.u.i.k.p.r.p.ForkedTestFileRunner Timeout watcher launched (2000 secs.) 
364        WARN  main            d.u.i.k.s.ProofSettings   The settings in /home/runner/.key/proof-settings.props are *not* read. 
411        INFO  main            d.u.i.k.p.r.p.TestFile    Now processing file /home/runner/work/key/key/key.core/../key.ui/examples/standard_key/java_dl/switch/labeled_case.key 
527        INFO  main            d.u.i.k.p.i.AbstractProblemLoader Loading environment from /home/runner/work/key/key/key.core/../key.ui/examples/standard_key/java_dl/switch/labeled_case.key 
542        DEBUG main            d.u.i.k.p.i.AbstractProblemLoader Environment load took 2.02ms 
741        INFO  main            d.u.i.k.p.i.AbstractProblemLoader Creating init config 
1603       DEBUG main            d.u.i.k.j.TypeConverter   No LDT found for Meta 
1603       DEBUG main            d.u.i.k.j.TypeConverter   No LDT found for Meta 
1604       DEBUG main            d.u.i.k.j.TypeConverter   No LDT found for Meta 
1604       DEBUG main            d.u.i.k.j.TypeConverter   No LDT found for Meta 
2748       DEBUG main            d.u.i.k.j.TypeConverter   No LDT found for JavaBigintExpression 
7504       DEBUG main            d.u.i.k.p.i.AbstractProblemLoader Init config took 6.76s 
7695       INFO  main            d.u.i.k.p.i.AbstractProblemLoader Replaying proof LabeledCase[LabeledCase::m(int)].JML normal_behavior operation contract.0 
7728       DEBUG main            d.u.i.k.p.i.IntermediateProofReplayer Proof replay took 29.6ns 
8394       INFO  main            d.u.i.k.p.r.p.TestFile    ... finished proof: closed. 
8499       INFO  main            d.u.i.k.p.i.AbstractProblemLoader Loading environment from /home/runner/work/key/key/key.core/../key.ui/examples/standard_key/java_dl/switch/labeled_case.key.proof 
8499       DEBUG main            d.u.i.k.p.i.AbstractProblemLoader Environment load took 847.6ns 
8501       INFO  main            d.u.i.k.p.i.AbstractProblemLoader Creating init config 
11237      DEBUG main            d.u.i.k.p.i.AbstractProblemLoader Init config took 2.74s 
11301      INFO  main            d.u.i.k.p.i.AbstractProblemLoader Replaying proof LabeledCase[LabeledCase::m(int)].JML normal_behavior operation contract.0 
11359      DEBUG main            d.u.i.k.p.i.IntermediateProofReplayer Proof replay took 52.52ms 
11371      DEBUG main            d.u.i.k.p.r.p.TestFile    ... success: reloaded. 
11372      INFO  main            d.u.i.k.p.r.p.TestFile    Now processing file /home/runner/work/key/key/key.core/../key.ui/examples/standard_key/java_dl/switch/empty_switch.key 
11375      INFO  main            d.u.i.k.p.i.AbstractProblemLoader Loading environment from /home/runner/work/key/key/key.core/../key.ui/examples/standard_key/java_dl/switch/empty_switch.key 
11375      DEBUG main            d.u.i.k.p.i.AbstractProblemLoader Environment load took 213.3ns 
11377      INFO  main            d.u.i.k.p.i.AbstractProblemLoader Creating init config 
14032      DEBUG main            d.u.i.k.p.i.AbstractProblemLoader Init config took 2.66s 
14062      INFO  main            d.u.i.k.p.i.AbstractProblemLoader Replaying proof empty_switch.key 
14064      DEBUG main            d.u.i.k.p.i.IntermediateProofReplayer Proof replay took 5.5ns 
14167      INFO  main            d.u.i.k.p.r.p.TestFile    ... finished proof: closed. 
14315      INFO  main            d.u.i.k.p.i.AbstractProblemLoader Loading environment from /home/runner/work/key/key/key.core/../key.ui/examples/standard_key/java_dl/switch/empty_switch.key.proof 
14315      DEBUG main            d.u.i.k.p.i.AbstractProblemLoader Environment load took 124.3ns 
14316      INFO  main            d.u.i.k.p.i.AbstractProblemLoader Creating init config 
16744      DEBUG main            d.u.i.k.p.i.AbstractProblemLoader Init config took 2.43s 
16766      INFO  main            d.u.i.k.p.i.AbstractProblemLoader Replaying proof empty_switch.key.proof 
16771      DEBUG main            d.u.i.k.p.i.IntermediateProofReplayer Proof replay took 1.98ms 
16772      DEBUG main            d.u.i.k.p.r.p.TestFile    ... success: reloaded. 
16772      INFO  main            d.u.i.k.p.r.p.TestFile    Now processing file /home/runner/work/key/key/key.core/../key.ui/examples/standard_key/java_dl/switch/empty_switch_null.key 
16773      INFO  main            d.u.i.k.p.i.AbstractProblemLoader Loading environment from /home/runner/work/key/key/key.core/../key.ui/examples/standard_key/java_dl/switch/empty_switch_null.key 
16773      DEBUG main            d.u.i.k.p.i.AbstractProblemLoader Environment load took 173.8ns 
16774      INFO  main            d.u.i.k.p.i.AbstractProblemLoader Creating init config 
19186      DEBUG main            d.u.i.k.p.i.AbstractProblemLoader Init config took 2.41s 
19207      INFO  main            d.u.i.k.p.i.AbstractProblemLoader Replaying proof empty_switch_null.key 
19209      DEBUG main            d.u.i.k.p.i.IntermediateProofReplayer Proof replay took 6.2ns 
19412      INFO  main            d.u.i.k.p.r.p.TestFile    ... finished proof: closed. 
19537      INFO  main            d.u.i.k.p.i.AbstractProblemLoader Loading environment from /home/runner/work/key/key/key.core/../key.ui/examples/standard_key/java_dl/switch/empty_switch_null.key.proof 
19537      DEBUG main            d.u.i.k.p.i.AbstractProblemLoader Environment load took 110.7ns 
19539      INFO  main            d.u.i.k.p.i.AbstractProblemLoader Creating init config 
21902      DEBUG main            d.u.i.k.p.i.AbstractProblemLoader Init config took 2.36s 
21926      INFO  main            d.u.i.k.p.i.AbstractProblemLoader Replaying proof empty_switch_null.key.proof 
21959      DEBUG main            d.u.i.k.p.i.IntermediateProofReplayer Proof replay took 29.85ms 
21960      DEBUG main            d.u.i.k.p.r.p.TestFile    ... success: reloaded. 
21961      INFO  main            d.u.i.k.p.r.p.TestFile    Now processing file /home/runner/work/key/key/key.core/../key.ui/examples/standard_key/java_dl/switch/empty_switch_null_catch.key 
21961      INFO  main            d.u.i.k.p.i.AbstractProblemLoader Loading environment from /home/runner/work/key/key/key.core/../key.ui/examples/standard_key/java_dl/switch/empty_switch_null_catch.key 
21961      DEBUG main            d.u.i.k.p.i.AbstractProblemLoader Environment load took 165.6ns 
21963      INFO  main            d.u.i.k.p.i.AbstractProblemLoader Creating init config 
24333      DEBUG main            d.u.i.k.p.i.AbstractProblemLoader Init config took 2.37s 
24354      INFO  main            d.u.i.k.p.i.AbstractProblemLoader Replaying proof empty_switch_null_catch.key 
24356      DEBUG main            d.u.i.k.p.i.IntermediateProofReplayer Proof replay took 5.5ns 
24460      INFO  main            d.u.i.k.p.r.p.TestFile    ... finished proof: closed. 
24593      INFO  main            d.u.i.k.p.i.AbstractProblemLoader Loading environment from /home/runner/work/key/key/key.core/../key.ui/examples/standard_key/java_dl/switch/empty_switch_null_catch.key.proof 
24593      DEBUG main            d.u.i.k.p.i.AbstractProblemLoader Environment load took 114.2ns 
24594      INFO  main            d.u.i.k.p.i.AbstractProblemLoader Creating init config 
26935      DEBUG main            d.u.i.k.p.i.AbstractProblemLoader Init config took 2.34s 
26955      INFO  main            d.u.i.k.p.i.AbstractProblemLoader Replaying proof empty_switch_null_catch.key.proof 
26993      DEBUG main            d.u.i.k.p.i.IntermediateProofReplayer Proof replay took 35.61ms 
26995      DEBUG main            d.u.i.k.p.r.p.TestFile    ... success: reloaded. 
26995      INFO  main            d.u.i.k.p.r.p.TestFile    Now processing file /home/runner/work/key/key/key.core/../key.ui/examples/standard_key/java_dl/switch/empty_switch_array_out_of_bounds.key 
26995      INFO  main            d.u.i.k.p.i.AbstractProblemLoader Loading environment from /home/runner/work/key/key/key.core/../key.ui/examples/standard_key/java_dl/switch/empty_switch_array_out_of_bounds.key 
26996      DEBUG main            d.u.i.k.p.i.AbstractProblemLoader Environment load took 86.3ns 
26997      INFO  main            d.u.i.k.p.i.AbstractProblemLoader Creating init config 
29370      DEBUG main            d.u.i.k.p.i.AbstractProblemLoader Init config took 2.37s 
29389      INFO  main            d.u.i.k.p.i.AbstractProblemLoader Replaying proof empty_switch_array_out_of_bounds.key 
29392      DEBUG main            d.u.i.k.p.i.IntermediateProofReplayer Proof replay took 6.5ns 
29695      INFO  main            d.u.i.k.p.r.p.TestFile    ... finished proof: closed. 
29866      INFO  main            d.u.i.k.p.i.AbstractProblemLoader Loading environment from /home/runner/work/key/key/key.core/../key.ui/examples/standard_key/java_dl/switch/empty_switch_array_out_of_bounds.key.proof 
29866      DEBUG main            d.u.i.k.p.i.AbstractProblemLoader Environment load took 176.1ns 
29867      INFO  main            d.u.i.k.p.i.AbstractProblemLoader Creating init config 
32253      DEBUG main            d.u.i.k.p.i.AbstractProblemLoader Init config took 2.39s 
32272      INFO  main            d.u.i.k.p.i.AbstractProblemLoader Replaying proof empty_switch_array_out_of_bounds.key.proof 
32326      DEBUG main            d.u.i.k.p.i.IntermediateProofReplayer Proof replay took 51.14ms 
32327      DEBUG main            d.u.i.k.p.r.p.TestFile    ... success: reloaded. 
32328      INFO  main            d.u.i.k.p.r.p.TestFile    Now processing file /home/runner/work/key/key/key.core/../key.ui/examples/standard_key/java_dl/switch/empty_switch_array_out_of_bounds_catch.key 
32329      INFO  main            d.u.i.k.p.i.AbstractProblemLoader Loading environment from /home/runner/work/key/key/key.core/../key.ui/examples/standard_key/java_dl/switch/empty_switch_array_out_of_bounds_catch.key 
32329      DEBUG main            d.u.i.k.p.i.AbstractProblemLoader Environment load took 546.9ns 
32330      INFO  main            d.u.i.k.p.i.AbstractProblemLoader Creating init config 
34717      DEBUG main            d.u.i.k.p.i.AbstractProblemLoader Init config took 2.39s 
34736      INFO  main            d.u.i.k.p.i.AbstractProblemLoader Replaying proof empty_switch_array_out_of_bounds_catch.key 
34738      DEBUG main            d.u.i.k.p.i.IntermediateProofReplayer Proof replay took 5.7ns 
34944      INFO  main            d.u.i.k.p.r.p.TestFile    ... finished proof: closed. 
35111      INFO  main            d.u.i.k.p.i.AbstractProblemLoader Loading environment from /home/runner/work/key/key/key.core/../key.ui/examples/standard_key/java_dl/switch/empty_switch_array_out_of_bounds_catch.key.proof 
35111      DEBUG main            d.u.i.k.p.i.AbstractProblemLoader Environment load took 118.8ns 
35112      INFO  main            d.u.i.k.p.i.AbstractProblemLoader Creating init config 
37452      DEBUG main            d.u.i.k.p.i.AbstractProblemLoader Init config took 2.34s 
37471      INFO  main            d.u.i.k.p.i.AbstractProblemLoader Replaying proof empty_switch_array_out_of_bounds_catch.key.proof 
37506      DEBUG main            d.u.i.k.p.i.IntermediateProofReplayer Proof replay took 32.78ms 
37507      DEBUG main            d.u.i.k.p.r.p.TestFile    ... success: reloaded. 
37508      INFO  main            d.u.i.k.p.r.p.TestFile    Now processing file /home/runner/work/key/key/key.core/../key.ui/examples/standard_key/java_dl/switch/switch_in_switch.key 
37509      INFO  main            d.u.i.k.p.i.AbstractProblemLoader Loading environment from /home/runner/work/key/key/key.core/../key.ui/examples/standard_key/java_dl/switch/switch_in_switch.key 
37509      DEBUG main            d.u.i.k.p.i.AbstractProblemLoader Environment load took 161.6ns 
37510      INFO  main            d.u.i.k.p.i.AbstractProblemLoader Creating init config 
40011      DEBUG main            d.u.i.k.p.i.AbstractProblemLoader Init config took 2.5s 
40052      INFO  main            d.u.i.k.p.i.AbstractProblemLoader Replaying proof SwitchInSwitch[SwitchInSwitch::m(int)].JML normal_behavior operation contract.0 
40053      DEBUG main            d.u.i.k.p.i.IntermediateProofReplayer Proof replay took 5.5ns 
44189      INFO  main            d.u.i.k.p.r.p.TestFile    ... finished proof: closed. 
44428      INFO  main            d.u.i.k.p.i.AbstractProblemLoader Loading environment from /home/runner/work/key/key/key.core/../key.ui/examples/standard_key/java_dl/switch/switch_in_switch.key.proof 
44430      DEBUG main            d.u.i.k.p.i.AbstractProblemLoader Environment load took 1.08ms 
44433      INFO  main            d.u.i.k.p.i.AbstractProblemLoader Creating init config 
46845      DEBUG main            d.u.i.k.p.i.AbstractProblemLoader Init config took 2.41s 
46901      INFO  main            d.u.i.k.p.i.AbstractProblemLoader Replaying proof SwitchInSwitch[SwitchInSwitch::m(int)].JML normal_behavior operation contract.0 
47412      DEBUG main            d.u.i.k.p.i.IntermediateProofReplayer Proof replay took 471.08ms 
47414      DEBUG main            d.u.i.k.p.r.p.TestFile    ... success: reloaded. 
47415      INFO  main            d.u.i.k.p.r.p.TestFile    Now processing file /home/runner/work/key/key/key.core/../key.ui/examples/standard_key/java_dl/switch/while_and_switch.key 
47415      INFO  main            d.u.i.k.p.i.AbstractProblemLoader Loading environment from /home/runner/work/key/key/key.core/../key.ui/examples/standard_key/java_dl/switch/while_and_switch.key 
47415      DEBUG main            d.u.i.k.p.i.AbstractProblemLoader Environment load took 173ns 
47416      INFO  main            d.u.i.k.p.i.AbstractProblemLoader Creating init config 
49924      DEBUG main            d.u.i.k.p.i.AbstractProblemLoader Init config took 2.51s 
49968      INFO  main            d.u.i.k.p.i.AbstractProblemLoader Replaying proof WhileAndSwitch[WhileAndSwitch::m(int)].JML normal_behavior operation contract.0 
49972      DEBUG main            d.u.i.k.p.i.IntermediateProofReplayer Proof replay took 12.3ns 
50676      INFO  main            d.u.i.k.p.r.p.TestFile    ... finished proof: closed. 
50880      INFO  main            d.u.i.k.p.i.AbstractProblemLoader Loading environment from /home/runner/work/key/key/key.core/../key.ui/examples/standard_key/java_dl/switch/while_and_switch.key.proof 
50882      DEBUG main            d.u.i.k.p.i.AbstractProblemLoader Environment load took 1.36ms 
50883      INFO  main            d.u.i.k.p.i.AbstractProblemLoader Creating init config 
53256      DEBUG main            d.u.i.k.p.i.AbstractProblemLoader Init config took 2.37s 
53297      INFO  main            d.u.i.k.p.i.AbstractProblemLoader Replaying proof WhileAndSwitch[WhileAndSwitch::m(int)].JML normal_behavior operation contract.0 
53421      DEBUG main            d.u.i.k.p.i.IntermediateProofReplayer Proof replay took 118.19ms 
53423      DEBUG main            d.u.i.k.p.r.p.TestFile    ... success: reloaded. 
53424      INFO  main            d.u.i.k.p.r.p.TestFile    Now processing file /home/runner/work/key/key/key.core/../key.ui/examples/standard_key/java_dl/switch/large_switch.key 
53424      INFO  main            d.u.i.k.p.i.AbstractProblemLoader Loading environment from /home/runner/work/key/key/key.core/../key.ui/examples/standard_key/java_dl/switch/large_switch.key 
53424      DEBUG main            d.u.i.k.p.i.AbstractProblemLoader Environment load took 155.6ns 
53425      INFO  main            d.u.i.k.p.i.AbstractProblemLoader Creating init config 
55918      DEBUG main            d.u.i.k.p.i.AbstractProblemLoader Init config took 2.49s 
55961      INFO  main            d.u.i.k.p.i.AbstractProblemLoader Replaying proof LargeSwitch[LargeSwitch::m(int)].JML normal_behavior operation contract.0 
55963      DEBUG main            d.u.i.k.p.i.IntermediateProofReplayer Proof replay took 5.7ns 
57272      INFO  main            d.u.i.k.p.r.p.TestFile    ... finished proof: closed. 
57459      INFO  main            d.u.i.k.p.i.AbstractProblemLoader Loading environment from /home/runner/work/key/key/key.core/../key.ui/examples/standard_key/java_dl/switch/large_switch.key.proof 
57460      DEBUG main            d.u.i.k.p.i.AbstractProblemLoader Environment load took 323.3ns 
57461      INFO  main            d.u.i.k.p.i.AbstractProblemLoader Creating init config 
59832      DEBUG main            d.u.i.k.p.i.AbstractProblemLoader Init config took 2.37s 
59885      INFO  main            d.u.i.k.p.i.AbstractProblemLoader Replaying proof LargeSwitch[LargeSwitch::m(int)].JML normal_behavior operation contract.0 
60204      DEBUG main            d.u.i.k.p.i.IntermediateProofReplayer Proof replay took 302.01ms 
60205      DEBUG main            d.u.i.k.p.r.p.TestFile    ... success: reloaded. 
5078930    INFO  Test worker     d.u.i.k.p.r.RunAllProofsTestUnit Returning from test switch 
5078931    INFO  Test worker     d.u.i.k.p.r.RunAllProofsTestUnit Running test redux 
327        INFO  Timeout watchdog d.u.i.k.p.r.p.ForkedTestFileRunner Timeout watcher launched (2000 secs.) 
333        WARN  main            d.u.i.k.s.ProofSettings   The settings in /home/runner/.key/proof-settings.props are *not* read. 
376        INFO  main            d.u.i.k.p.r.p.TestFile    Now processing file /home/runner/work/key/key/key.core/../key.ui/examples/redux/arrays/Arrays.copyOf.key 
553        INFO  main            d.u.i.k.p.i.AbstractProblemLoader Loading environment from /home/runner/work/key/key/key.core/../key.ui/examples/redux/arrays/Arrays.copyOf.key 
573        DEBUG main            d.u.i.k.p.i.AbstractProblemLoader Environment load took 2.05ms 
774        INFO  main            d.u.i.k.p.i.AbstractProblemLoader Creating init config 
1685       DEBUG main            d.u.i.k.j.TypeConverter   No LDT found for Meta 
1686       DEBUG main            d.u.i.k.j.TypeConverter   No LDT found for Meta 
1687       DEBUG main            d.u.i.k.j.TypeConverter   No LDT found for Meta 
1687       DEBUG main            d.u.i.k.j.TypeConverter   No LDT found for Meta 
3199       DEBUG main            d.u.i.k.j.TypeConverter   No LDT found for JavaBigintExpression 
8524       DEBUG main            d.u.i.k.p.i.AbstractProblemLoader Init config took 7.75s 
8644       INFO  main            d.u.i.k.p.i.AbstractProblemLoader Replaying proof Arrays[Arrays::copyOf([I,int)].JML normal_behavior operation contract.0 
8674       DEBUG main            d.u.i.k.p.i.IntermediateProofReplayer Proof replay took 31.2ns 
13796      INFO  main            d.u.i.k.p.r.p.TestFile    ... finished proof: closed. 
13997      INFO  main            d.u.i.k.p.i.AbstractProblemLoader Loading environment from /home/runner/work/key/key/key.core/../key.ui/examples/redux/arrays/Arrays.copyOf.key.proof 
13998      DEBUG main            d.u.i.k.p.i.AbstractProblemLoader Environment load took 1.88ms 
14001      INFO  main            d.u.i.k.p.i.AbstractProblemLoader Creating init config 
17241      DEBUG main            d.u.i.k.p.i.AbstractProblemLoader Init config took 3.24s 
17303      INFO  main            d.u.i.k.p.i.AbstractProblemLoader Replaying proof Arrays[Arrays::copyOf([I,int)].JML normal_behavior operation contract.0 
17817      DEBUG main            d.u.i.k.p.i.IntermediateProofReplayer Proof replay took 493.61ms 
17825      DEBUG main            d.u.i.k.p.r.p.TestFile    ... success: reloaded. 
17826      INFO  main            d.u.i.k.p.r.p.TestFile    Now processing file /home/runner/work/key/key/key.core/../key.ui/examples/redux/arrays/Arrays.copyOf.float.key 
17827      INFO  main            d.u.i.k.p.i.AbstractProblemLoader Loading environment from /home/runner/work/key/key/key.core/../key.ui/examples/redux/arrays/Arrays.copyOf.float.key 
17827      DEBUG main            d.u.i.k.p.i.AbstractProblemLoader Environment load took 175.8ns 
17828      INFO  main            d.u.i.k.p.i.AbstractProblemLoader Creating init config 
20868      DEBUG main            d.u.i.k.p.i.AbstractProblemLoader Init config took 3.04s 
20944      INFO  main            d.u.i.k.p.i.AbstractProblemLoader Replaying proof Arrays[Arrays::copyOf([F,int)].JML normal_behavior operation contract.0 
20946      DEBUG main            d.u.i.k.p.i.IntermediateProofReplayer Proof replay took 6.3ns 
20974      DEBUG main            d.u.i.k.m.s.ProofScriptEngine 1: 'macro autopilot' 
25356      DEBUG main            d.u.i.k.m.s.ProofScriptEngine 2: 'smt solver=Z3' 
25447      INFO  main            d.u.i.k.m.s.SMTCommand    Finished run on goal 17 in 65ms, result is valid 
25447      DEBUG main            d.u.i.k.m.s.ProofScriptEngine 3: 'tryclose' 
27143      INFO  main            d.u.i.k.p.r.p.TestFile    ... finished proof: closed. 
27326      INFO  main            d.u.i.k.p.i.AbstractProblemLoader Loading environment from /home/runner/work/key/key/key.core/../key.ui/examples/redux/arrays/Arrays.copyOf.float.key.proof 
27327      DEBUG main            d.u.i.k.p.i.AbstractProblemLoader Environment load took 343.1ns 
27334      INFO  main            d.u.i.k.p.i.AbstractProblemLoader Creating init config 
30265      DEBUG main            d.u.i.k.p.i.AbstractProblemLoader Init config took 2.93s 
30325      INFO  main            d.u.i.k.p.i.AbstractProblemLoader Replaying proof Arrays[Arrays::copyOf([F,int)].JML normal_behavior operation contract.0 
30408      INFO  main            d.u.i.k.s.SMTFocusResults Analyzing unsat core: (L_6) 
31101      DEBUG main            d.u.i.k.p.i.IntermediateProofReplayer Proof replay took 755.07ms 
31103      DEBUG main            d.u.i.k.p.r.p.TestFile    ... success: reloaded. 
31106      INFO  main            d.u.i.k.p.r.p.TestFile    Now processing file /home/runner/work/key/key/key.core/../key.ui/examples/redux/arrays/Arrays.copyOfRange.key 
31106      INFO  main            d.u.i.k.p.i.AbstractProblemLoader Loading environment from /home/runner/work/key/key/key.core/../key.ui/examples/redux/arrays/Arrays.copyOfRange.key 
31106      DEBUG main            d.u.i.k.p.i.AbstractProblemLoader Environment load took 101.3ns 
31109      INFO  main            d.u.i.k.p.i.AbstractProblemLoader Creating init config 
34059      DEBUG main            d.u.i.k.p.i.AbstractProblemLoader Init config took 2.95s 
34102      INFO  main            d.u.i.k.p.i.AbstractProblemLoader Replaying proof Arrays[Arrays::copyOfRange([I,int,int)].JML normal_behavior operation contract.0 
34103      DEBUG main            d.u.i.k.p.i.IntermediateProofReplayer Proof replay took 4.9ns 
38439      INFO  main            d.u.i.k.p.r.p.TestFile    ... finished proof: closed. 
38703      INFO  main            d.u.i.k.p.i.AbstractProblemLoader Loading environment from /home/runner/work/key/key/key.core/../key.ui/examples/redux/arrays/Arrays.copyOfRange.key.proof 
38704      DEBUG main            d.u.i.k.p.i.AbstractProblemLoader Environment load took 337.8ns 
38705      INFO  main            d.u.i.k.p.i.AbstractProblemLoader Creating init config 
41518      DEBUG main            d.u.i.k.p.i.AbstractProblemLoader Init config took 2.81s 
41577      INFO  main            d.u.i.k.p.i.AbstractProblemLoader Replaying proof Arrays[Arrays::copyOfRange([I,int,int)].JML normal_behavior operation contract.0 
42057      DEBUG main            d.u.i.k.p.i.IntermediateProofReplayer Proof replay took 459.16ms 
42059      DEBUG main            d.u.i.k.p.r.p.TestFile    ... success: reloaded. 
42060      INFO  main            d.u.i.k.p.r.p.TestFile    Now processing file /home/runner/work/key/key/key.core/../key.ui/examples/redux/arrays/Arrays.copyOfRange.float.key 
42060      INFO  main            d.u.i.k.p.i.AbstractProblemLoader Loading environment from /home/runner/work/key/key/key.core/../key.ui/examples/redux/arrays/Arrays.copyOfRange.float.key 
42060      DEBUG main            d.u.i.k.p.i.AbstractProblemLoader Environment load took 162.4ns 
42061      INFO  main            d.u.i.k.p.i.AbstractProblemLoader Creating init config 
45006      DEBUG main            d.u.i.k.p.i.AbstractProblemLoader Init config took 2.94s 
45047      INFO  main            d.u.i.k.p.i.AbstractProblemLoader Replaying proof Arrays[Arrays::copyOfRange([F,int,int)].JML normal_behavior operation contract.0 
45048      DEBUG main            d.u.i.k.p.i.IntermediateProofReplayer Proof replay took 4.9ns 
45050      DEBUG main            d.u.i.k.m.s.ProofScriptEngine 1: 'macro autopilot' 
50833      DEBUG main            d.u.i.k.m.s.ProofScriptEngine 2: 'smt solver=Z3' 
50874      INFO  main            d.u.i.k.m.s.SMTCommand    Finished run on goal 27 in 34ms, result is valid 
50874      DEBUG main            d.u.i.k.m.s.ProofScriptEngine 3: 'tryclose' 
54379      INFO  main            d.u.i.k.p.r.p.TestFile    ... finished proof: closed. 
54582      INFO  main            d.u.i.k.p.i.AbstractProblemLoader Loading environment from /home/runner/work/key/key/key.core/../key.ui/examples/redux/arrays/Arrays.copyOfRange.float.key.proof 
54582      DEBUG main            d.u.i.k.p.i.AbstractProblemLoader Environment load took 321.6ns 
54584      INFO  main            d.u.i.k.p.i.AbstractProblemLoader Creating init config 
57403      DEBUG main            d.u.i.k.p.i.AbstractProblemLoader Init config took 2.82s 
57445      INFO  main            d.u.i.k.p.i.AbstractProblemLoader Replaying proof Arrays[Arrays::copyOfRange([F,int,int)].JML normal_behavior operation contract.0 
57530      INFO  main            d.u.i.k.s.SMTFocusResults Analyzing unsat core: (L_8) 
58407      DEBUG main            d.u.i.k.p.i.IntermediateProofReplayer Proof replay took 937.41ms 
58409      DEBUG main            d.u.i.k.p.r.p.TestFile    ... success: reloaded. 
58410      INFO  main            d.u.i.k.p.r.p.TestFile    Now processing file /home/runner/work/key/key/key.core/../key.ui/examples/redux/arrays/Arrays.equals.key 
58410      INFO  main            d.u.i.k.p.i.AbstractProblemLoader Loading environment from /home/runner/work/key/key/key.core/../key.ui/examples/redux/arrays/Arrays.equals.key 
58411      DEBUG main            d.u.i.k.p.i.AbstractProblemLoader Environment load took 166.5ns 
58412      INFO  main            d.u.i.k.p.i.AbstractProblemLoader Creating init config 
61346      DEBUG main            d.u.i.k.p.i.AbstractProblemLoader Init config took 2.93s 
61386      INFO  main            d.u.i.k.p.i.AbstractProblemLoader Replaying proof Arrays[Arrays::equals([B,[B)].JML normal_behavior operation contract.0 
61387      DEBUG main            d.u.i.k.p.i.IntermediateProofReplayer Proof replay took 5.8ns 
61891      INFO  main            d.u.i.k.p.r.p.TestFile    ... finished proof: closed. 
62114      INFO  main            d.u.i.k.p.i.AbstractProblemLoader Loading environment from /home/runner/work/key/key/key.core/../key.ui/examples/redux/arrays/Arrays.equals.key.proof 
62114      DEBUG main            d.u.i.k.p.i.AbstractProblemLoader Environment load took 327.4ns 
62115      INFO  main            d.u.i.k.p.i.AbstractProblemLoader Creating init config 
64921      DEBUG main            d.u.i.k.p.i.AbstractProblemLoader Init config took 2.81s 
64960      INFO  main            d.u.i.k.p.i.AbstractProblemLoader Replaying proof Arrays[Arrays::equals([B,[B)].JML normal_behavior operation contract.0 
65097      DEBUG main            d.u.i.k.p.i.IntermediateProofReplayer Proof replay took 133.47ms 
65098      DEBUG main            d.u.i.k.p.r.p.TestFile    ... success: reloaded. 
65099      INFO  main            d.u.i.k.p.r.p.TestFile    Now processing file /home/runner/work/key/key/key.core/../key.ui/examples/redux/arrays/Arrays.fill.key 
65099      INFO  main            d.u.i.k.p.i.AbstractProblemLoader Loading environment from /home/runner/work/key/key/key.core/../key.ui/examples/redux/arrays/Arrays.fill.key 
65099      DEBUG main            d.u.i.k.p.i.AbstractProblemLoader Environment load took 171ns 
65100      INFO  main            d.u.i.k.p.i.AbstractProblemLoader Creating init config 
67976      DEBUG main            d.u.i.k.p.i.AbstractProblemLoader Init config took 2.88s 
68025      INFO  main            d.u.i.k.p.i.AbstractProblemLoader Replaying proof Arrays[Arrays::fill([I,int)].JML normal_behavior operation contract.0 
68026      DEBUG main            d.u.i.k.p.i.IntermediateProofReplayer Proof replay took 5.5ns 
68228      INFO  main            d.u.i.k.p.r.p.TestFile    ... finished proof: closed. 
68390      INFO  main            d.u.i.k.p.i.AbstractProblemLoader Loading environment from /home/runner/work/key/key/key.core/../key.ui/examples/redux/arrays/Arrays.fill.key.proof 
68390      DEBUG main            d.u.i.k.p.i.AbstractProblemLoader Environment load took 116.2ns 
68392      INFO  main            d.u.i.k.p.i.AbstractProblemLoader Creating init config 
71202      DEBUG main            d.u.i.k.p.i.AbstractProblemLoader Init config took 2.81s 
71250      INFO  main            d.u.i.k.p.i.AbstractProblemLoader Replaying proof Arrays[Arrays::fill([I,int)].JML normal_behavior operation contract.0 
71283      DEBUG main            d.u.i.k.p.i.IntermediateProofReplayer Proof replay took 30.75ms 
71284      DEBUG main            d.u.i.k.p.r.p.TestFile    ... success: reloaded. 
71285      INFO  main            d.u.i.k.p.r.p.TestFile    Now processing file /home/runner/work/key/key/key.core/../key.ui/examples/redux/arrays/Arrays.fill.float.key 
71286      INFO  main            d.u.i.k.p.i.AbstractProblemLoader Loading environment from /home/runner/work/key/key/key.core/../key.ui/examples/redux/arrays/Arrays.fill.float.key 
71286      DEBUG main            d.u.i.k.p.i.AbstractProblemLoader Environment load took 164ns 
71287      INFO  main            d.u.i.k.p.i.AbstractProblemLoader Creating init config 
74131      DEBUG main            d.u.i.k.p.i.AbstractProblemLoader Init config took 2.84s 
74168      INFO  main            d.u.i.k.p.i.AbstractProblemLoader Replaying proof Arrays[Arrays::fill([F,float)].JML normal_behavior operation contract.0 
74169      DEBUG main            d.u.i.k.p.i.IntermediateProofReplayer Proof replay took 5.8ns 
74374      INFO  main            d.u.i.k.p.r.p.TestFile    ... finished proof: closed. 
74551      INFO  main            d.u.i.k.p.i.AbstractProblemLoader Loading environment from /home/runner/work/key/key/key.core/../key.ui/examples/redux/arrays/Arrays.fill.float.key.proof 
74551      DEBUG main            d.u.i.k.p.i.AbstractProblemLoader Environment load took 154.7ns 
74552      INFO  main            d.u.i.k.p.i.AbstractProblemLoader Creating init config 
77415      DEBUG main            d.u.i.k.p.i.AbstractProblemLoader Init config took 2.86s 
77450      INFO  main            d.u.i.k.p.i.AbstractProblemLoader Replaying proof Arrays[Arrays::fill([F,float)].JML normal_behavior operation contract.0 
77492      DEBUG main            d.u.i.k.p.i.IntermediateProofReplayer Proof replay took 39.21ms 
77493      DEBUG main            d.u.i.k.p.r.p.TestFile    ... success: reloaded. 
77494      INFO  main            d.u.i.k.p.r.p.TestFile    Now processing file /home/runner/work/key/key/key.core/../key.ui/examples/redux/arrays/Arrays.fillFromTo.key 
77494      INFO  main            d.u.i.k.p.i.AbstractProblemLoader Loading environment from /home/runner/work/key/key/key.core/../key.ui/examples/redux/arrays/Arrays.fillFromTo.key 
77494      DEBUG main            d.u.i.k.p.i.AbstractProblemLoader Environment load took 157.8ns 
77495      INFO  main            d.u.i.k.p.i.AbstractProblemLoader Creating init config 
80292      DEBUG main            d.u.i.k.p.i.AbstractProblemLoader Init config took 2.8s 
80327      INFO  main            d.u.i.k.p.i.AbstractProblemLoader Replaying proof Arrays[Arrays::fill([I,int,int,int)].JML normal_behavior operation contract.0 
80328      DEBUG main            d.u.i.k.p.i.IntermediateProofReplayer Proof replay took 5ns 
80835      INFO  main            d.u.i.k.p.r.p.TestFile    ... finished proof: closed. 
81031      INFO  main            d.u.i.k.p.i.AbstractProblemLoader Loading environment from /home/runner/work/key/key/key.core/../key.ui/examples/redux/arrays/Arrays.fillFromTo.key.proof 
81031      DEBUG main            d.u.i.k.p.i.AbstractProblemLoader Environment load took 340.1ns 
81032      INFO  main            d.u.i.k.p.i.AbstractProblemLoader Creating init config 
83825      DEBUG main            d.u.i.k.p.i.AbstractProblemLoader Init config took 2.79s 
83869      INFO  main            d.u.i.k.p.i.AbstractProblemLoader Replaying proof Arrays[Arrays::fill([I,int,int,int)].JML normal_behavior operation contract.0 
83974      DEBUG main            d.u.i.k.p.i.IntermediateProofReplayer Proof replay took 101.43ms 
83975      DEBUG main            d.u.i.k.p.r.p.TestFile    ... success: reloaded. 
83976      INFO  main            d.u.i.k.p.r.p.TestFile    Now processing file /home/runner/work/key/key/key.core/../key.ui/examples/redux/arrays/Arrays.fillFromTo.float.key 
83976      INFO  main            d.u.i.k.p.i.AbstractProblemLoader Loading environment from /home/runner/work/key/key/key.core/../key.ui/examples/redux/arrays/Arrays.fillFromTo.float.key 
83976      DEBUG main            d.u.i.k.p.i.AbstractProblemLoader Environment load took 84.5ns 
83977      INFO  main            d.u.i.k.p.i.AbstractProblemLoader Creating init config 
86782      DEBUG main            d.u.i.k.p.i.AbstractProblemLoader Init config took 2.81s 
86833      INFO  main            d.u.i.k.p.i.AbstractProblemLoader Replaying proof Arrays[Arrays::fill([F,int,int,float)].JML normal_behavior operation contract.0 
86834      DEBUG main            d.u.i.k.p.i.IntermediateProofReplayer Proof replay took 6.2ns 
87440      INFO  main            d.u.i.k.p.r.p.TestFile    ... finished proof: closed. 
87650      INFO  main            d.u.i.k.p.i.AbstractProblemLoader Loading environment from /home/runner/work/key/key/key.core/../key.ui/examples/redux/arrays/Arrays.fillFromTo.float.key.proof 
87653      DEBUG main            d.u.i.k.p.i.AbstractProblemLoader Environment load took 3.03ms 
87654      INFO  main            d.u.i.k.p.i.AbstractProblemLoader Creating init config 
90430      DEBUG main            d.u.i.k.p.i.AbstractProblemLoader Init config took 2.78s 
90471      INFO  main            d.u.i.k.p.i.AbstractProblemLoader Replaying proof Arrays[Arrays::fill([F,int,int,float)].JML normal_behavior operation contract.0 
90614      DEBUG main            d.u.i.k.p.i.IntermediateProofReplayer Proof replay took 134.27ms 
90615      DEBUG main            d.u.i.k.p.r.p.TestFile    ... success: reloaded. 
90616      INFO  main            d.u.i.k.p.r.p.TestFile    Now processing file /home/runner/work/key/key/key.core/../key.ui/examples/redux/arrays/ArrayCopy.arraycopy.normal.0.key 
90616      INFO  main            d.u.i.k.p.i.AbstractProblemLoader Loading environment from /home/runner/work/key/key/key.core/../key.ui/examples/redux/arrays/ArrayCopy.arraycopy.normal.0.key 
90617      DEBUG main            d.u.i.k.p.i.AbstractProblemLoader Environment load took 154.2ns 
90617      INFO  main            d.u.i.k.p.i.AbstractProblemLoader Creating init config 
93441      DEBUG main            d.u.i.k.p.i.AbstractProblemLoader Init config took 2.82s 
93475      INFO  main            d.u.i.k.p.i.AbstractProblemLoader Replaying proof ArrayCopy[ArrayCopy::arraycopy(java.lang.Object,int,java.lang.Object,int,int)].JML normal_behavior operation contract.0 
93476      DEBUG main            d.u.i.k.p.i.IntermediateProofReplayer Proof replay took 5.3ns 
99525      INFO  main            d.u.i.k.p.r.p.TestFile    ... finished proof: closed. 
99743      INFO  main            d.u.i.k.p.i.AbstractProblemLoader Loading environment from /home/runner/work/key/key/key.core/../key.ui/examples/redux/arrays/ArrayCopy.arraycopy.normal.0.key.proof 
99743      DEBUG main            d.u.i.k.p.i.AbstractProblemLoader Environment load took 321.4ns 
99745      INFO  main            d.u.i.k.p.i.AbstractProblemLoader Creating init config 
102501     DEBUG main            d.u.i.k.p.i.AbstractProblemLoader Init config took 2.76s 
102535     INFO  main            d.u.i.k.p.i.AbstractProblemLoader Replaying proof ArrayCopy[ArrayCopy::arraycopy(java.lang.Object,int,java.lang.Object,int,int)].JML normal_behavior operation contract.0 
103406     DEBUG main            d.u.i.k.p.i.IntermediateProofReplayer Proof replay took 855ms 
103407     DEBUG main            d.u.i.k.p.r.p.TestFile    ... success: reloaded. 
103408     INFO  main            d.u.i.k.p.r.p.TestFile    Now processing file /home/runner/work/key/key/key.core/../key.ui/examples/redux/arrays/ArrayCopy.arraycopy.exceptional.0.key 
103409     INFO  main            d.u.i.k.p.i.AbstractProblemLoader Loading environment from /home/runner/work/key/key/key.core/../key.ui/examples/redux/arrays/ArrayCopy.arraycopy.exceptional.0.key 
103409     DEBUG main            d.u.i.k.p.i.AbstractProblemLoader Environment load took 189.2ns 
103410     INFO  main            d.u.i.k.p.i.AbstractProblemLoader Creating init config 
106258     DEBUG main            d.u.i.k.p.i.AbstractProblemLoader Init config took 2.85s 
106291     INFO  main            d.u.i.k.p.i.AbstractProblemLoader Replaying proof ArrayCopy[ArrayCopy::arraycopy(java.lang.Object,int,java.lang.Object,int,int)].JML exceptional_behavior operation contract.0 
106292     DEBUG main            d.u.i.k.p.i.IntermediateProofReplayer Proof replay took 5.2ns 
106594     INFO  main            d.u.i.k.p.r.p.TestFile    ... finished proof: closed. 
106830     INFO  main            d.u.i.k.p.i.AbstractProblemLoader Loading environment from /home/runner/work/key/key/key.core/../key.ui/examples/redux/arrays/ArrayCopy.arraycopy.exceptional.0.key.proof 
106830     DEBUG main            d.u.i.k.p.i.AbstractProblemLoader Environment load took 111.2ns 
106831     INFO  main            d.u.i.k.p.i.AbstractProblemLoader Creating init config 
109624     DEBUG main            d.u.i.k.p.i.AbstractProblemLoader Init config took 2.79s 
109656     INFO  main            d.u.i.k.p.i.AbstractProblemLoader Replaying proof ArrayCopy[ArrayCopy::arraycopy(java.lang.Object,int,java.lang.Object,int,int)].JML exceptional_behavior operation contract.0 
109770     DEBUG main            d.u.i.k.p.i.IntermediateProofReplayer Proof replay took 111.09ms 
109771     DEBUG main            d.u.i.k.p.r.p.TestFile    ... success: reloaded. 
109772     INFO  main            d.u.i.k.p.r.p.TestFile    Now processing file /home/runner/work/key/key/key.core/../key.ui/examples/redux/arrays/ArrayCopy.arraycopy.exceptional.1.key 
109772     INFO  main            d.u.i.k.p.i.AbstractProblemLoader Loading environment from /home/runner/work/key/key/key.core/../key.ui/examples/redux/arrays/ArrayCopy.arraycopy.exceptional.1.key 
109772     DEBUG main            d.u.i.k.p.i.AbstractProblemLoader Environment load took 85ns 
109773     INFO  main            d.u.i.k.p.i.AbstractProblemLoader Creating init config 
112562     DEBUG main            d.u.i.k.p.i.AbstractProblemLoader Init config took 2.79s 
112595     INFO  main            d.u.i.k.p.i.AbstractProblemLoader Replaying proof ArrayCopy[ArrayCopy::arraycopy(java.lang.Object,int,java.lang.Object,int,int)].JML exceptional_behavior operation contract.1 
112596     DEBUG main            d.u.i.k.p.i.IntermediateProofReplayer Proof replay took 4.8ns 
118529     INFO  main            d.u.i.k.p.r.p.TestFile    ... finished proof: closed. 
118745     INFO  main            d.u.i.k.p.i.AbstractProblemLoader Loading environment from /home/runner/work/key/key/key.core/../key.ui/examples/redux/arrays/ArrayCopy.arraycopy.exceptional.1.key.proof 
118746     DEBUG main            d.u.i.k.p.i.AbstractProblemLoader Environment load took 335.5ns 
118749     INFO  main            d.u.i.k.p.i.AbstractProblemLoader Creating init config 
121549     DEBUG main            d.u.i.k.p.i.AbstractProblemLoader Init config took 2.8s 
121582     INFO  main            d.u.i.k.p.i.AbstractProblemLoader Replaying proof ArrayCopy[ArrayCopy::arraycopy(java.lang.Object,int,java.lang.Object,int,int)].JML exceptional_behavior operation contract.1 
123098     DEBUG main            d.u.i.k.p.i.IntermediateProofReplayer Proof replay took 1.5s 
123100     DEBUG main            d.u.i.k.p.r.p.TestFile    ... success: reloaded. 
5202205    INFO  Test worker     d.u.i.k.p.r.RunAllProofsTestUnit Returning from test redux 
]]></system-out>
  <system-err><![CDATA[]]></system-err>
</testsuite>
