<?xml version="1.0" encoding="UTF-8"?>
<testsuite name="de.uka.ilkd.key.testcase.smt.testgen.TestTestgen" tests="1" skipped="0" failures="0" errors="0" timestamp="2023-06-13T15:34:30" hostname="fv-az1226-142" time="7.351">
  <properties/>
  <testcase name="testMiddle()" classname="de.uka.ilkd.key.testcase.smt.testgen.TestTestgen" time="7.351"/>
  <system-out><![CDATA[23540      WARN  Test worker     d.u.i.k.t.s.t.TestTestgen Warning: Z3_CE is not installed, tests skipped. 
23541      WARN  Test worker     d.u.i.k.t.s.t.TestTestgen Maybe use JVM system property "z3SolverPath" to define the path to the Z3 command. 
23543      INFO  Test worker     d.u.i.k.p.i.AbstractProblemLoader Loading environment from src/test/resources/testcase/smt/tg/middle.key 
23544      DEBUG Test worker     d.u.i.k.p.i.AbstractProblemLoader Environment load took 486.2ns 
23547      INFO  Test worker     d.u.i.k.p.i.AbstractProblemLoader Creating init config 
29886      DEBUG Test worker     d.u.i.k.p.i.AbstractProblemLoader Init config took 6.34s 
30017      INFO  Test worker     d.u.i.k.p.i.AbstractProblemLoader Replaying proof Middle[Middle::middle(int,int,int)].JML normal_behavior operation contract.0 
30021      DEBUG Test worker     d.u.i.k.p.i.IntermediateProofReplayer Proof replay took 15.7ns 
]]></system-out>
  <system-err><![CDATA[]]></system-err>
</testsuite>
