<?xml version="1.0" encoding="UTF-8"?>
<testsuite name="recoder.testsuite.basic.analysis.TypeXReferenceCompletenessTest" tests="1" skipped="0" failures="0" errors="0" timestamp="2023-05-27T16:05:06" hostname="fv-az479-275" time="0.001">
  <properties/>
  <testcase name="testTypeXReferenceCompleteness" classname="recoder.testsuite.basic.analysis.TypeXReferenceCompletenessTest" time="0.001"/>
  <system-out><![CDATA[]]></system-out>
  <system-err><![CDATA[]]></system-err>
</testsuite>
