<?xml version="1.0" encoding="UTF-8"?>
<testsuite name="de.uka.ilkd.key.proof_references.testcase.analyst.TestMethodCallProofReferencesAnalyst" tests="10" skipped="0" failures="0" errors="0" timestamp="2023-01-30T15:38:15" hostname="fv-az731-585" time="28.483">
  <properties/>
  <testcase name="testConstructorTest()" classname="de.uka.ilkd.key.proof_references.testcase.analyst.TestMethodCallProofReferencesAnalyst" time="3.061"/>
  <testcase name="testMethodCallWithinClass()" classname="de.uka.ilkd.key.proof_references.testcase.analyst.TestMethodCallProofReferencesAnalyst" time="2.837"/>
  <testcase name="testMethodCallWithAssignmentSuper()" classname="de.uka.ilkd.key.proof_references.testcase.analyst.TestMethodCallProofReferencesAnalyst" time="2.816"/>
  <testcase name="testMethodCall()" classname="de.uka.ilkd.key.proof_references.testcase.analyst.TestMethodCallProofReferencesAnalyst" time="2.83"/>
  <testcase name="testStaticMethodCallStaticViaTypereference()" classname="de.uka.ilkd.key.proof_references.testcase.analyst.TestMethodCallProofReferencesAnalyst" time="2.829"/>
  <testcase name="testMethodCallWithAssignment()" classname="de.uka.ilkd.key.proof_references.testcase.analyst.TestMethodCallProofReferencesAnalyst" time="2.846"/>
  <testcase name="testMethodCallSuper()" classname="de.uka.ilkd.key.proof_references.testcase.analyst.TestMethodCallProofReferencesAnalyst" time="2.805"/>
  <testcase name="testMethodCallWithAssignmentWithinClass()" classname="de.uka.ilkd.key.proof_references.testcase.analyst.TestMethodCallProofReferencesAnalyst" time="2.812"/>
  <testcase name="testStaticMethodCallStaticWithAssignmentViaTypereference()" classname="de.uka.ilkd.key.proof_references.testcase.analyst.TestMethodCallProofReferencesAnalyst" time="2.809"/>
  <testcase name="testStaticMethodCall()" classname="de.uka.ilkd.key.proof_references.testcase.analyst.TestMethodCallProofReferencesAnalyst" time="2.827"/>
  <system-out><![CDATA[]]></system-out>
  <system-err><![CDATA[]]></system-err>
</testsuite>
