<?xml version="1.0" encoding="UTF-8"?>
<testsuite name="de.uka.ilkd.key.testcase.smt.testgen.TestTestgen" tests="1" skipped="0" failures="0" errors="0" timestamp="2023-06-02T21:49:23" hostname="fv-az479-289" time="7.158">
  <properties/>
  <testcase name="testMiddle()" classname="de.uka.ilkd.key.testcase.smt.testgen.TestTestgen" time="7.158"/>
  <system-out><![CDATA[22848      WARN  Test worker     d.u.i.k.t.s.t.TestTestgen Warning: Z3_CE is not installed, tests skipped. 
22848      WARN  Test worker     d.u.i.k.t.s.t.TestTestgen Maybe use JVM system property "z3SolverPath" to define the path to the Z3 command. 
22848      INFO  Test worker     d.u.i.k.p.i.AbstractProblemLoader Loading environment from src\test\resources\testcase\smt\tg\middle.key 
22848      DEBUG Test worker     d.u.i.k.p.i.AbstractProblemLoader Environment load took 276.4ns 
22863      INFO  Test worker     d.u.i.k.p.i.AbstractProblemLoader Creating init config 
29094      DEBUG Test worker     d.u.i.k.p.i.AbstractProblemLoader Init config took 6.23s 
29219      INFO  Test worker     d.u.i.k.p.i.AbstractProblemLoader Replaying proof Middle[Middle::middle(int,int,int)].JML normal_behavior operation contract.0 
29219      DEBUG Test worker     d.u.i.k.p.i.IntermediateProofReplayer Proof replay took 21.8ns 
]]></system-out>
  <system-err><![CDATA[]]></system-err>
</testsuite>
