<?xml version="1.0" encoding="UTF-8"?>
<testsuite name="de.uka.ilkd.key.symbolic_execution.testcase.TestExecutionNodeWriterAndReader" tests="8" skipped="0" failures="0" errors="0" timestamp="2023-04-05T17:31:14" hostname="fv-az173-808" time="0.226">
  <properties/>
  <testcase name="testWritingAndReading_noReturnValues()" classname="de.uka.ilkd.key.symbolic_execution.testcase.TestExecutionNodeWriterAndReader" time="0.048"/>
  <testcase name="testWritingAndReading_withoutCallStack_withReturnValues()" classname="de.uka.ilkd.key.symbolic_execution.testcase.TestExecutionNodeWriterAndReader" time="0.035"/>
  <testcase name="testWritingAndReading_withoutVariables_and_withoutCallStack_noReturnValues()" classname="de.uka.ilkd.key.symbolic_execution.testcase.TestExecutionNodeWriterAndReader" time="0.017"/>
  <testcase name="testWritingAndReading_withoutVariables_withReturnValues()" classname="de.uka.ilkd.key.symbolic_execution.testcase.TestExecutionNodeWriterAndReader" time="0.016"/>
  <testcase name="testWritingAndReading_withReturnValues()" classname="de.uka.ilkd.key.symbolic_execution.testcase.TestExecutionNodeWriterAndReader" time="0.04"/>
  <testcase name="testWritingAndReading_withoutCallStack_noReturnValues()" classname="de.uka.ilkd.key.symbolic_execution.testcase.TestExecutionNodeWriterAndReader" time="0.016"/>
  <testcase name="testWritingAndReading_withoutVariables_noReturnValues()" classname="de.uka.ilkd.key.symbolic_execution.testcase.TestExecutionNodeWriterAndReader" time="0.01"/>
  <testcase name="testWritingAndReading_withoutVariables_and_withoutCallStack_withReturnValues()" classname="de.uka.ilkd.key.symbolic_execution.testcase.TestExecutionNodeWriterAndReader" time="0.024"/>
  <system-out><![CDATA[]]></system-out>
  <system-err><![CDATA[]]></system-err>
</testsuite>
