<?xml version="1.0" encoding="UTF-8"?>
<testsuite name="de.uka.ilkd.key.logic.TestClashFreeSubst" tests="14" skipped="2" failures="0" errors="0" timestamp="2023-06-06T09:46:48" hostname="fv-az931-692" time="70.507">
  <properties/>
  <testcase name="testMultiShareBound()" classname="de.uka.ilkd.key.logic.TestClashFreeSubst" time="1.34"/>
  <testcase name="testClash()" classname="de.uka.ilkd.key.logic.TestClashFreeSubst" time="1.314"/>
  <testcase name="testShare()" classname="de.uka.ilkd.key.logic.TestClashFreeSubst" time="1.315"/>
  <testcase name="testSubst()" classname="de.uka.ilkd.key.logic.TestClashFreeSubst" time="1.312"/>
  <testcase name="testWary0()" classname="de.uka.ilkd.key.logic.TestClashFreeSubst" time="1.31"/>
  <testcase name="testWary1()" classname="de.uka.ilkd.key.logic.TestClashFreeSubst" time="1.298"/>
  <testcase name="testWary2()" classname="de.uka.ilkd.key.logic.TestClashFreeSubst" time="1.304"/>
  <testcase name="testClashInSubstTerm()" classname="de.uka.ilkd.key.logic.TestClashFreeSubst" time="1.283"/>
  <testcase name="testShareWary()" classname="de.uka.ilkd.key.logic.TestClashFreeSubst" time="1.293"/>
  <testcase name="testMultiSubst()" classname="de.uka.ilkd.key.logic.TestClashFreeSubst" time="1.282"/>
  <testcase name="xtestMultiClash()" classname="de.uka.ilkd.key.logic.TestClashFreeSubst" time="0.0">
    <skipped/>
  </testcase>
  <testcase name="testSubstInSubstTerm()" classname="de.uka.ilkd.key.logic.TestClashFreeSubst" time="1.276"/>
  <testcase name="testSubstWary()" classname="de.uka.ilkd.key.logic.TestClashFreeSubst" time="1.283"/>
  <testcase name="xtestMultiClash1()" classname="de.uka.ilkd.key.logic.TestClashFreeSubst" time="0.0">
    <skipped/>
  </testcase>
  <system-out><![CDATA[53497      INFO  Test worker     d.u.i.k.n.KeyIO           Parsing took 0 ms 
53497      DEBUG Test worker     d.u.i.k.n.KeyIO           Load declarations of de.uka.ilkd.key.nparser.KeyAst$File:  <unknown>:1#1 
53497      INFO  Test worker     d.u.i.k.n.KeyIO           MODE: declarations took 0 ms 
53497      DEBUG Test worker     d.u.i.k.n.KeyIO           MODE: 2nd degree decls took 0 
54836      INFO  Test worker     d.u.i.k.n.KeyIO           Parsing took 0 ms 
54836      DEBUG Test worker     d.u.i.k.n.KeyIO           Load declarations of de.uka.ilkd.key.nparser.KeyAst$File:  <unknown>:1#1 
54836      INFO  Test worker     d.u.i.k.n.KeyIO           MODE: declarations took 0 ms 
54836      DEBUG Test worker     d.u.i.k.n.KeyIO           MODE: 2nd degree decls took 0 
59201      INFO  Test worker     d.u.i.k.n.KeyIO           Parsing took 0 ms 
59201      DEBUG Test worker     d.u.i.k.n.KeyIO           Load declarations of de.uka.ilkd.key.nparser.KeyAst$File:  <unknown>:1#1 
59201      INFO  Test worker     d.u.i.k.n.KeyIO           MODE: declarations took 0 ms 
59201      DEBUG Test worker     d.u.i.k.n.KeyIO           MODE: 2nd degree decls took 0 
60517      INFO  Test worker     d.u.i.k.n.KeyIO           Parsing took 0 ms 
60517      DEBUG Test worker     d.u.i.k.n.KeyIO           Load declarations of de.uka.ilkd.key.nparser.KeyAst$File:  <unknown>:1#1 
60517      INFO  Test worker     d.u.i.k.n.KeyIO           MODE: declarations took 0 ms 
60517      DEBUG Test worker     d.u.i.k.n.KeyIO           MODE: 2nd degree decls took 0 
64823      INFO  Test worker     d.u.i.k.n.KeyIO           Parsing took 0 ms 
64823      DEBUG Test worker     d.u.i.k.n.KeyIO           Load declarations of de.uka.ilkd.key.nparser.KeyAst$File:  <unknown>:1#1 
64823      INFO  Test worker     d.u.i.k.n.KeyIO           MODE: declarations took 0 ms 
64823      DEBUG Test worker     d.u.i.k.n.KeyIO           MODE: 2nd degree decls took 0 
66136      INFO  Test worker     d.u.i.k.n.KeyIO           Parsing took 0 ms 
66136      DEBUG Test worker     d.u.i.k.n.KeyIO           Load declarations of de.uka.ilkd.key.nparser.KeyAst$File:  <unknown>:1#1 
66136      INFO  Test worker     d.u.i.k.n.KeyIO           MODE: declarations took 0 ms 
66136      DEBUG Test worker     d.u.i.k.n.KeyIO           MODE: 2nd degree decls took 0 
70371      INFO  Test worker     d.u.i.k.n.KeyIO           Parsing took 0 ms 
70371      DEBUG Test worker     d.u.i.k.n.KeyIO           Load declarations of de.uka.ilkd.key.nparser.KeyAst$File:  <unknown>:1#1 
70371      INFO  Test worker     d.u.i.k.n.KeyIO           MODE: declarations took 0 ms 
70371      DEBUG Test worker     d.u.i.k.n.KeyIO           MODE: 2nd degree decls took 0 
71678      INFO  Test worker     d.u.i.k.n.KeyIO           Parsing took 0 ms 
71678      DEBUG Test worker     d.u.i.k.n.KeyIO           Load declarations of de.uka.ilkd.key.nparser.KeyAst$File:  <unknown>:1#1 
71678      INFO  Test worker     d.u.i.k.n.KeyIO           MODE: declarations took 0 ms 
71678      DEBUG Test worker     d.u.i.k.n.KeyIO           MODE: 2nd degree decls took 0 
75890      INFO  Test worker     d.u.i.k.n.KeyIO           Parsing took 0 ms 
75890      DEBUG Test worker     d.u.i.k.n.KeyIO           Load declarations of de.uka.ilkd.key.nparser.KeyAst$File:  <unknown>:1#1 
75890      INFO  Test worker     d.u.i.k.n.KeyIO           MODE: declarations took 0 ms 
75890      DEBUG Test worker     d.u.i.k.n.KeyIO           MODE: 2nd degree decls took 0 
77175      INFO  Test worker     d.u.i.k.n.KeyIO           Parsing took 0 ms 
77175      DEBUG Test worker     d.u.i.k.n.KeyIO           Load declarations of de.uka.ilkd.key.nparser.KeyAst$File:  <unknown>:1#1 
77175      INFO  Test worker     d.u.i.k.n.KeyIO           MODE: declarations took 0 ms 
77190      DEBUG Test worker     d.u.i.k.n.KeyIO           MODE: 2nd degree decls took 0 
81409      INFO  Test worker     d.u.i.k.n.KeyIO           Parsing took 0 ms 
81409      DEBUG Test worker     d.u.i.k.n.KeyIO           Load declarations of de.uka.ilkd.key.nparser.KeyAst$File:  <unknown>:1#1 
81409      INFO  Test worker     d.u.i.k.n.KeyIO           MODE: declarations took 0 ms 
81409      DEBUG Test worker     d.u.i.k.n.KeyIO           MODE: 2nd degree decls took 0 
82700      INFO  Test worker     d.u.i.k.n.KeyIO           Parsing took 0 ms 
82700      DEBUG Test worker     d.u.i.k.n.KeyIO           Load declarations of de.uka.ilkd.key.nparser.KeyAst$File:  <unknown>:1#1 
82700      INFO  Test worker     d.u.i.k.n.KeyIO           MODE: declarations took 0 ms 
82700      DEBUG Test worker     d.u.i.k.n.KeyIO           MODE: 2nd degree decls took 0 
87017      INFO  Test worker     d.u.i.k.n.KeyIO           Parsing took 0 ms 
87017      DEBUG Test worker     d.u.i.k.n.KeyIO           Load declarations of de.uka.ilkd.key.nparser.KeyAst$File:  <unknown>:1#1 
87017      INFO  Test worker     d.u.i.k.n.KeyIO           MODE: declarations took 0 ms 
87017      DEBUG Test worker     d.u.i.k.n.KeyIO           MODE: 2nd degree decls took 0 
88304      INFO  Test worker     d.u.i.k.n.KeyIO           Parsing took 0 ms 
88304      DEBUG Test worker     d.u.i.k.n.KeyIO           Load declarations of de.uka.ilkd.key.nparser.KeyAst$File:  <unknown>:1#1 
88304      INFO  Test worker     d.u.i.k.n.KeyIO           MODE: declarations took 0 ms 
88304      DEBUG Test worker     d.u.i.k.n.KeyIO           MODE: 2nd degree decls took 0 
92501      INFO  Test worker     d.u.i.k.n.KeyIO           Parsing took 0 ms 
92501      DEBUG Test worker     d.u.i.k.n.KeyIO           Load declarations of de.uka.ilkd.key.nparser.KeyAst$File:  <unknown>:1#1 
92501      INFO  Test worker     d.u.i.k.n.KeyIO           MODE: declarations took 0 ms 
92501      DEBUG Test worker     d.u.i.k.n.KeyIO           MODE: 2nd degree decls took 0 
93769      INFO  Test worker     d.u.i.k.n.KeyIO           Parsing took 0 ms 
93769      DEBUG Test worker     d.u.i.k.n.KeyIO           Load declarations of de.uka.ilkd.key.nparser.KeyAst$File:  <unknown>:1#1 
93769      INFO  Test worker     d.u.i.k.n.KeyIO           MODE: declarations took 0 ms 
93769      DEBUG Test worker     d.u.i.k.n.KeyIO           MODE: 2nd degree decls took 0 
97972      INFO  Test worker     d.u.i.k.n.KeyIO           Parsing took 0 ms 
97972      DEBUG Test worker     d.u.i.k.n.KeyIO           Load declarations of de.uka.ilkd.key.nparser.KeyAst$File:  <unknown>:1#1 
97972      INFO  Test worker     d.u.i.k.n.KeyIO           MODE: declarations took 0 ms 
97972      DEBUG Test worker     d.u.i.k.n.KeyIO           MODE: 2nd degree decls took 0 
99234      INFO  Test worker     d.u.i.k.n.KeyIO           Parsing took 0 ms 
99234      DEBUG Test worker     d.u.i.k.n.KeyIO           Load declarations of de.uka.ilkd.key.nparser.KeyAst$File:  <unknown>:1#1 
99266      INFO  Test worker     d.u.i.k.n.KeyIO           MODE: declarations took 32 ms 
99266      DEBUG Test worker     d.u.i.k.n.KeyIO           MODE: 2nd degree decls took 0 
103538     INFO  Test worker     d.u.i.k.n.KeyIO           Parsing took 0 ms 
103538     DEBUG Test worker     d.u.i.k.n.KeyIO           Load declarations of de.uka.ilkd.key.nparser.KeyAst$File:  <unknown>:1#1 
103538     INFO  Test worker     d.u.i.k.n.KeyIO           MODE: declarations took 0 ms 
103538     DEBUG Test worker     d.u.i.k.n.KeyIO           MODE: 2nd degree decls took 0 
104811     INFO  Test worker     d.u.i.k.n.KeyIO           Parsing took 0 ms 
104811     DEBUG Test worker     d.u.i.k.n.KeyIO           Load declarations of de.uka.ilkd.key.nparser.KeyAst$File:  <unknown>:1#1 
104811     INFO  Test worker     d.u.i.k.n.KeyIO           MODE: declarations took 0 ms 
104811     DEBUG Test worker     d.u.i.k.n.KeyIO           MODE: 2nd degree decls took 0 
113158     INFO  Test worker     d.u.i.k.n.KeyIO           Parsing took 0 ms 
113158     DEBUG Test worker     d.u.i.k.n.KeyIO           Load declarations of de.uka.ilkd.key.nparser.KeyAst$File:  <unknown>:1#1 
113174     INFO  Test worker     d.u.i.k.n.KeyIO           MODE: declarations took 16 ms 
113174     DEBUG Test worker     d.u.i.k.n.KeyIO           MODE: 2nd degree decls took 0 
114437     INFO  Test worker     d.u.i.k.n.KeyIO           Parsing took 0 ms 
114437     DEBUG Test worker     d.u.i.k.n.KeyIO           Load declarations of de.uka.ilkd.key.nparser.KeyAst$File:  <unknown>:1#1 
114437     INFO  Test worker     d.u.i.k.n.KeyIO           MODE: declarations took 0 ms 
114437     DEBUG Test worker     d.u.i.k.n.KeyIO           MODE: 2nd degree decls took 0 
118588     INFO  Test worker     d.u.i.k.n.KeyIO           Parsing took 0 ms 
118588     DEBUG Test worker     d.u.i.k.n.KeyIO           Load declarations of de.uka.ilkd.key.nparser.KeyAst$File:  <unknown>:1#1 
118588     INFO  Test worker     d.u.i.k.n.KeyIO           MODE: declarations took 0 ms 
118604     DEBUG Test worker     d.u.i.k.n.KeyIO           MODE: 2nd degree decls took 16 
119879     INFO  Test worker     d.u.i.k.n.KeyIO           Parsing took 0 ms 
119879     DEBUG Test worker     d.u.i.k.n.KeyIO           Load declarations of de.uka.ilkd.key.nparser.KeyAst$File:  <unknown>:1#1 
119879     INFO  Test worker     d.u.i.k.n.KeyIO           MODE: declarations took 0 ms 
119879     DEBUG Test worker     d.u.i.k.n.KeyIO           MODE: 2nd degree decls took 0 
]]></system-out>
  <system-err><![CDATA[]]></system-err>
</testsuite>
