<?xml version="1.0" encoding="UTF-8"?>
<testsuite name="de.uka.ilkd.key.smt.newsmt2.ProveSMTLemmasTest" tests="25" skipped="0" failures="0" errors="0" timestamp="2023-06-06T10:01:34" hostname="fv-az931-692" time="103.924">
  <properties/>
  <testcase name="[1] jmod.dl, &#10;\forall int divNum; \forall int divDenom;&#10;  jmod(divNum,divDenom) =&#10;    divNum + jdiv(divNum,divDenom)*(-1)*divDenom&#10;" classname="de.uka.ilkd.key.smt.newsmt2.ProveSMTLemmasTest" time="4.215"/>
  <testcase name="[2] seqSub.dl, &#13;&#10;    \forall Seq seq;&#13;&#10;    \forall int from;&#13;&#10;    \forall int to;&#13;&#10;    \forall int idx;&#13;&#10;        any::seqGet(seqSub(seq, from, to)&lt;&lt;Trigger&gt;&gt;, idx)&#13;&#10;      = \if(0 &lt;= idx &amp; idx &lt; (to - from))&#13;&#10;        \then(any::seqGet(seq, idx + from))&#13;&#10;        \else(seqGetOutside)&#13;&#10;" classname="de.uka.ilkd.key.smt.newsmt2.ProveSMTLemmasTest" time="4.182"/>
  <testcase name="[3] seqGetOutside.dl, &#13;&#10;    \forall int i; \forall Seq s; ( i &lt; 0 | i &gt;= seqLen(s) -&gt; any::seqGet(s, i)&lt;&lt;Trigger&gt;&gt; = seqGetOutside )&#13;&#10;" classname="de.uka.ilkd.key.smt.newsmt2.ProveSMTLemmasTest" time="4.265"/>
  <testcase name="[4] singleton.dl, &#10;  \forall Object o; \forall Field f; \forall Object o2; \forall Field f2;&#10;    ( elementOf(o,f, singleton(o2,f2))&lt;&lt;Trigger&gt;&gt; &lt;-&gt;&#10;      o = o2 &amp; f = f2 )&#10;" classname="de.uka.ilkd.key.smt.newsmt2.ProveSMTLemmasTest" time="4.14"/>
  <testcase name="[5] create.dl, &#13;&#10;  \forall Heap h; \forall Object o; \forall Object o2; \forall Field f;&#13;&#10;      any::select(create(h, o), o2, f)&lt;&lt;Trigger&gt;&gt; =&#13;&#10;         \if(o = o2 &amp; o != null &amp; f = java.lang.Object::&lt;created&gt;)&#13;&#10;         \then(TRUE)&#13;&#10;         \else(any::select(h, o2, f))&#13;&#10;" classname="de.uka.ilkd.key.smt.newsmt2.ProveSMTLemmasTest" time="4.19"/>
  <testcase name="[6] allFields.dl, &#13;&#10;  \forall Object o; \forall Field f; \forall Object o2;&#13;&#10;    ( elementOf(o,f, allFields(o2))&lt;&lt;Trigger&gt;&gt; &lt;-&gt;&#13;&#10;       o = o2 )&#13;&#10;" classname="de.uka.ilkd.key.smt.newsmt2.ProveSMTLemmasTest" time="4.127"/>
  <testcase name="[7] seqEmpty.dl, &#13;&#10;    seqLen(seqEmpty) = 0&#13;&#10;&#10;" classname="de.uka.ilkd.key.smt.newsmt2.ProveSMTLemmasTest" time="4.122"/>
  <testcase name="[8] union.dl, &#10;  \forall Object o; \forall Field f; \forall LocSet l1; \forall LocSet l2;&#10;     ( elementOf(o, f, union(l1, l2))&lt;&lt;Trigger&gt;&gt; &lt;-&gt; elementOf(o,f,l1) | elementOf(o,f,l2) )&#10;" classname="de.uka.ilkd.key.smt.newsmt2.ProveSMTLemmasTest" time="4.135"/>
  <testcase name="[9] seqConcat.dl.2, &#13;&#10;    \forall Seq s1; \forall Seq s2; seqLen(seqConcat(s1,s2)&lt;&lt;Trigger&gt;&gt;) = seqLen(s1) + seqLen(s2)&#13;&#10;&#10;" classname="de.uka.ilkd.key.smt.newsmt2.ProveSMTLemmasTest" time="4.121"/>
  <testcase name="[10] wellFormed.dl, &#13;&#10;  \forall Heap h; \forall Object o; \forall Field f; (wellFormed(h) -&gt;&#13;&#10;      boolean::select(h, (java.lang.Object::select(h, o, f))&lt;&lt;Trigger&gt;&gt;, java.lang.Object::&lt;created&gt;) = TRUE&#13;&#10;    | (java.lang.Object::select(h, o, f)) = null)&#13;&#10;" classname="de.uka.ilkd.key.smt.newsmt2.ProveSMTLemmasTest" time="4.144"/>
  <testcase name="[11] jdiv.dl, &#10;\forall int divNum; \forall int divDenom;&#10;  jdiv(divNum,divDenom) =&#10;         \if (divNum &gt;= 0)&#10;         \then (div(divNum,divDenom))&#10;         \else (div(divNum*(-1),divDenom)*(-1))&#10;" classname="de.uka.ilkd.key.smt.newsmt2.ProveSMTLemmasTest" time="4.11"/>
  <testcase name="[12] empty.dl, &#10;  \forall Object o; \forall Field f; ( elementOf(o,f,empty)&lt;&lt;Trigger&gt;&gt; &lt;-&gt; false )&#10;" classname="de.uka.ilkd.key.smt.newsmt2.ProveSMTLemmasTest" time="4.127"/>
  <testcase name="[13] allLocs.dl, &#10;  \forall Object o; \forall Field f; ( elementOf(o,f,allLocs)&lt;&lt;Trigger&gt;&gt; &lt;-&gt; true )&#10;" classname="de.uka.ilkd.key.smt.newsmt2.ProveSMTLemmasTest" time="4.129"/>
  <testcase name="[14] arrayRange.dl, &#13;&#10;  \forall Object o; \forall Object o2; \forall Field f; \forall int lo; \forall int hi;&#13;&#10;    (elementOf(o,f, arrayRange(o2, lo, hi))&lt;&lt;Trigger&gt;&gt; &lt;-&gt;&#13;&#10;      o = o2 &amp; \exists int iv; (f = arr(iv) &amp; lo &lt;= iv &amp; iv &lt;= hi))&#13;&#10;" classname="de.uka.ilkd.key.smt.newsmt2.ProveSMTLemmasTest" time="4.16"/>
  <testcase name="[15] seqConcat.dl, &#13;&#10;    \forall int i; \forall Seq s1; \forall Seq s2; ( 0 &lt;= i &amp; i &lt; seqLen(s1) + seqLen(s2) -&gt;&#13;&#10;        any::seqGet(seqConcat(s1, s2), i) =&#13;&#10;            \if (i &lt; seqLen(s1)) \then (any::seqGet(s1, i)) \else (any::seqGet(s2, i-seqLen(s1))))&#13;&#10;&#10;" classname="de.uka.ilkd.key.smt.newsmt2.ProveSMTLemmasTest" time="4.133"/>
  <testcase name="[16] seqLen.dl, &#13;&#10;    \forall Seq s; seqLen(s)&lt;&lt;Trigger&gt;&gt; &gt;= 0&#13;&#10;" classname="de.uka.ilkd.key.smt.newsmt2.ProveSMTLemmasTest" time="4.17"/>
  <testcase name="[17] length.dl, &#13;&#10;    \forall Object o; length(o) &gt;= 0&#13;&#10;" classname="de.uka.ilkd.key.smt.newsmt2.ProveSMTLemmasTest" time="4.148"/>
  <testcase name="[18] freshLocs.dl, &#10;  \forall Heap h; \forall Object o; \forall Field f;&#10;     ( elementOf(o,f,freshLocs(h))&lt;&lt;Trigger&gt;&gt; &lt;-&gt;&#10;        o != null &amp; !boolean::select(h,o,java.lang.Object::&lt;created&gt;)=TRUE )&#10;" classname="de.uka.ilkd.key.smt.newsmt2.ProveSMTLemmasTest" time="4.149"/>
  <testcase name="[19] anon.dl, &#13;&#10;    \forall Heap h; \forall Object o; \forall Field f; \forall Heap h2; \forall LocSet ls;&#13;&#10;      any::select(anon(h, ls, h2), o, f)&lt;&lt;Trigger&gt;&gt; =&#13;&#10;         \if(elementOf(o, f, ls) &amp; f != java.lang.Object::&lt;created&gt;&#13;&#10;           | elementOf(o, f, freshLocs(h)))&#13;&#10;         \then(any::select(h2, o, f))&#13;&#10;         \else(any::select(h, o, f))&#13;&#10;" classname="de.uka.ilkd.key.smt.newsmt2.ProveSMTLemmasTest" time="4.181"/>
  <testcase name="[20] memset.dl, &#13;&#10;    \forall Heap h; \forall LocSet s; \forall any x; \forall Object o; \forall Field f;&#13;&#10;      any::select(memset(h, s, x), o, f)&lt;&lt;Trigger&gt;&gt; =&#13;&#10;         \if(elementOf(o, f, s) &amp; f != java.lang.Object::&lt;created&gt;)&#13;&#10;         \then(x)&#13;&#10;         \else(any::select(h, o, f))&#13;&#10;" classname="de.uka.ilkd.key.smt.newsmt2.ProveSMTLemmasTest" time="4.137"/>
  <testcase name="[21] store.dl, &#13;&#10;    \forall Heap h; \forall Object o; \forall Field f; \forall Object o2; \forall Field f2; \forall any v;&#13;&#10;      any::select(store(h,o,f,v), o2, f2)&lt;&lt;Trigger&gt;&gt; =&#13;&#10;         \if(o = o2 &amp; f = f2 &amp; f != java.lang.Object::&lt;created&gt;)&#13;&#10;         \then(v)&#13;&#10;         \else(any::select(h, o2, f2))&#13;&#10;" classname="de.uka.ilkd.key.smt.newsmt2.ProveSMTLemmasTest" time="4.167"/>
  <testcase name="[22] seqSub.dl.2, &#13;&#10;    \forall Seq seq;&#13;&#10;    \forall int from;&#13;&#10;    \forall int to;&#13;&#10;        seqLen(seqSub(seq, from, to)&lt;&lt;Trigger&gt;&gt;)&#13;&#10;      = \if(from &lt; to)\then(to - from)\else(0)&#13;&#10;" classname="de.uka.ilkd.key.smt.newsmt2.ProveSMTLemmasTest" time="4.144"/>
  <testcase name="[23] seqSingleton.dl, &#13;&#10;    \forall any x; any::seqGet(seqSingleton(x)&lt;&lt;Trigger&gt;&gt;, 0) = x&#13;&#10;&#10;" classname="de.uka.ilkd.key.smt.newsmt2.ProveSMTLemmasTest" time="4.196"/>
  <testcase name="[24] seqSingleton.dl.2, &#13;&#10;    \forall any x; seqLen(seqSingleton(x)&lt;&lt;Trigger&gt;&gt;) = 1&#13;&#10;&#10;" classname="de.uka.ilkd.key.smt.newsmt2.ProveSMTLemmasTest" time="4.198"/>
  <testcase name="[25] null.dl, &#10;     \forall any x; ((Null::instance(x))&lt;&lt;Trigger&gt;&gt; = TRUE -&gt; x = null) &#10;" classname="de.uka.ilkd.key.smt.newsmt2.ProveSMTLemmasTest" time="4.132"/>
  <system-out><![CDATA[940191     INFO  Test worker     d.u.i.k.s.n.ProveSMTLemmasTest Now processing file D:\a\key\key\key.core\build\resources\test\de\uka\ilkd\key\smt\newsmt2\SMT_lemma_jmod.dl.proof 
940191     INFO  Test worker     d.u.i.k.p.i.AbstractProblemLoader Loading environment from D:\a\key\key\key.core\build\resources\test\de\uka\ilkd\key\smt\newsmt2\SMT_lemma_jmod.dl.proof 
940191     DEBUG Test worker     d.u.i.k.p.i.AbstractProblemLoader Environment load took 92.2ns 
940207     INFO  Test worker     d.u.i.k.p.i.AbstractProblemLoader Creating init config 
944286     DEBUG Test worker     d.u.i.k.p.i.AbstractProblemLoader Init config took 4.08s 
944301     INFO  Test worker     d.u.i.k.p.i.AbstractProblemLoader Replaying proof SMT_lemma_jmod.dl.proof 
944301     DEBUG Test worker     d.u.i.k.p.i.IntermediateProofReplayer Proof replay took 4.28ms 
944419     INFO  Test worker     d.u.i.k.s.n.ProveSMTLemmasTest Now processing file C:\Users\RUNNER~1\AppData\Local\Temp\SMT_lemma_seqSub.dl_4855128267584068558.key 
944419     INFO  Test worker     d.u.i.k.p.i.AbstractProblemLoader Loading environment from C:\Users\RUNNER~1\AppData\Local\Temp\SMT_lemma_seqSub.dl_4855128267584068558.key 
944419     DEBUG Test worker     d.u.i.k.p.i.AbstractProblemLoader Environment load took 230.5ns 
944419     INFO  Test worker     d.u.i.k.p.i.AbstractProblemLoader Creating init config 
948476     DEBUG Test worker     d.u.i.k.p.i.AbstractProblemLoader Init config took 4.05s 
948492     INFO  Test worker     d.u.i.k.p.i.AbstractProblemLoader Replaying proof SMT_lemma_seqSub.dl_4855128267584068558.key 
948492     DEBUG Test worker     d.u.i.k.p.i.IntermediateProofReplayer Proof replay took 9.1ns 
948601     INFO  Test worker     d.u.i.k.s.n.ProveSMTLemmasTest Now processing file D:\a\key\key\key.core\build\resources\test\de\uka\ilkd\key\smt\newsmt2\SMT_lemma_seqGetOutside.dl.proof 
948601     INFO  Test worker     d.u.i.k.p.i.AbstractProblemLoader Loading environment from D:\a\key\key\key.core\build\resources\test\de\uka\ilkd\key\smt\newsmt2\SMT_lemma_seqGetOutside.dl.proof 
948601     DEBUG Test worker     d.u.i.k.p.i.AbstractProblemLoader Environment load took 350.1ns 
948601     INFO  Test worker     d.u.i.k.p.i.AbstractProblemLoader Creating init config 
952694     DEBUG Test worker     d.u.i.k.p.i.AbstractProblemLoader Init config took 4.09s 
952709     INFO  Test worker     d.u.i.k.p.i.AbstractProblemLoader Replaying proof SMT_lemma_seqGetOutside.dl.proof 
952756     DEBUG Test worker     d.u.i.k.p.i.IntermediateProofReplayer Proof replay took 38.38ms 
952866     INFO  Test worker     d.u.i.k.s.n.ProveSMTLemmasTest Now processing file C:\Users\RUNNER~1\AppData\Local\Temp\SMT_lemma_singleton.dl_2284313760397489171.key 
952866     INFO  Test worker     d.u.i.k.p.i.AbstractProblemLoader Loading environment from C:\Users\RUNNER~1\AppData\Local\Temp\SMT_lemma_singleton.dl_2284313760397489171.key 
952866     DEBUG Test worker     d.u.i.k.p.i.AbstractProblemLoader Environment load took 212ns 
952866     INFO  Test worker     d.u.i.k.p.i.AbstractProblemLoader Creating init config 
956878     DEBUG Test worker     d.u.i.k.p.i.AbstractProblemLoader Init config took 4.01s 
956893     INFO  Test worker     d.u.i.k.p.i.AbstractProblemLoader Replaying proof SMT_lemma_singleton.dl_2284313760397489171.key 
956893     DEBUG Test worker     d.u.i.k.p.i.IntermediateProofReplayer Proof replay took 11.3ns 
957006     INFO  Test worker     d.u.i.k.s.n.ProveSMTLemmasTest Now processing file C:\Users\RUNNER~1\AppData\Local\Temp\SMT_lemma_create.dl_17628311820684789478.key 
957006     INFO  Test worker     d.u.i.k.p.i.AbstractProblemLoader Loading environment from C:\Users\RUNNER~1\AppData\Local\Temp\SMT_lemma_create.dl_17628311820684789478.key 
957006     DEBUG Test worker     d.u.i.k.p.i.AbstractProblemLoader Environment load took 467.1ns 
957006     INFO  Test worker     d.u.i.k.p.i.AbstractProblemLoader Creating init config 
961055     DEBUG Test worker     d.u.i.k.p.i.AbstractProblemLoader Init config took 4.06s 
961070     INFO  Test worker     d.u.i.k.p.i.AbstractProblemLoader Replaying proof SMT_lemma_create.dl_17628311820684789478.key 
961086     DEBUG Test worker     d.u.i.k.p.i.IntermediateProofReplayer Proof replay took 10.4ns 
961196     INFO  Test worker     d.u.i.k.s.n.ProveSMTLemmasTest Now processing file C:\Users\RUNNER~1\AppData\Local\Temp\SMT_lemma_allFields.dl_18027756872308518608.key 
961196     INFO  Test worker     d.u.i.k.p.i.AbstractProblemLoader Loading environment from C:\Users\RUNNER~1\AppData\Local\Temp\SMT_lemma_allFields.dl_18027756872308518608.key 
961196     DEBUG Test worker     d.u.i.k.p.i.AbstractProblemLoader Environment load took 227.8ns 
961196     INFO  Test worker     d.u.i.k.p.i.AbstractProblemLoader Creating init config 
965194     DEBUG Test worker     d.u.i.k.p.i.AbstractProblemLoader Init config took 4s 
965210     INFO  Test worker     d.u.i.k.p.i.AbstractProblemLoader Replaying proof SMT_lemma_allFields.dl_18027756872308518608.key 
965210     DEBUG Test worker     d.u.i.k.p.i.IntermediateProofReplayer Proof replay took 11.1ns 
965323     INFO  Test worker     d.u.i.k.s.n.ProveSMTLemmasTest Now processing file C:\Users\RUNNER~1\AppData\Local\Temp\SMT_lemma_seqEmpty.dl_7006428120835660991.key 
965323     INFO  Test worker     d.u.i.k.p.i.AbstractProblemLoader Loading environment from C:\Users\RUNNER~1\AppData\Local\Temp\SMT_lemma_seqEmpty.dl_7006428120835660991.key 
965323     DEBUG Test worker     d.u.i.k.p.i.AbstractProblemLoader Environment load took 334.9ns 
965323     INFO  Test worker     d.u.i.k.p.i.AbstractProblemLoader Creating init config 
969319     DEBUG Test worker     d.u.i.k.p.i.AbstractProblemLoader Init config took 3.99s 
969319     INFO  Test worker     d.u.i.k.p.i.AbstractProblemLoader Replaying proof SMT_lemma_seqEmpty.dl_7006428120835660991.key 
969335     DEBUG Test worker     d.u.i.k.p.i.IntermediateProofReplayer Proof replay took 53.2ns 
969445     INFO  Test worker     d.u.i.k.s.n.ProveSMTLemmasTest Now processing file C:\Users\RUNNER~1\AppData\Local\Temp\SMT_lemma_union.dl_9754257695257387521.key 
969445     INFO  Test worker     d.u.i.k.p.i.AbstractProblemLoader Loading environment from C:\Users\RUNNER~1\AppData\Local\Temp\SMT_lemma_union.dl_9754257695257387521.key 
969445     DEBUG Test worker     d.u.i.k.p.i.AbstractProblemLoader Environment load took 227ns 
969445     INFO  Test worker     d.u.i.k.p.i.AbstractProblemLoader Creating init config 
973452     DEBUG Test worker     d.u.i.k.p.i.AbstractProblemLoader Init config took 4.01s 
973468     INFO  Test worker     d.u.i.k.p.i.AbstractProblemLoader Replaying proof SMT_lemma_union.dl_9754257695257387521.key 
973468     DEBUG Test worker     d.u.i.k.p.i.IntermediateProofReplayer Proof replay took 8.6ns 
973580     INFO  Test worker     d.u.i.k.s.n.ProveSMTLemmasTest Now processing file C:\Users\RUNNER~1\AppData\Local\Temp\SMT_lemma_seqConcat.dl.2_2645233277686453415.key 
973580     INFO  Test worker     d.u.i.k.p.i.AbstractProblemLoader Loading environment from C:\Users\RUNNER~1\AppData\Local\Temp\SMT_lemma_seqConcat.dl.2_2645233277686453415.key 
973580     DEBUG Test worker     d.u.i.k.p.i.AbstractProblemLoader Environment load took 339.5ns 
973580     INFO  Test worker     d.u.i.k.p.i.AbstractProblemLoader Creating init config 
977569     DEBUG Test worker     d.u.i.k.p.i.AbstractProblemLoader Init config took 3.99s 
977585     INFO  Test worker     d.u.i.k.p.i.AbstractProblemLoader Replaying proof SMT_lemma_seqConcat.dl.2_2645233277686453415.key 
977585     DEBUG Test worker     d.u.i.k.p.i.IntermediateProofReplayer Proof replay took 8.9ns 
977701     INFO  Test worker     d.u.i.k.s.n.ProveSMTLemmasTest Now processing file C:\Users\RUNNER~1\AppData\Local\Temp\SMT_lemma_wellFormed.dl_10946382376078412785.key 
977701     INFO  Test worker     d.u.i.k.p.i.AbstractProblemLoader Loading environment from C:\Users\RUNNER~1\AppData\Local\Temp\SMT_lemma_wellFormed.dl_10946382376078412785.key 
977701     DEBUG Test worker     d.u.i.k.p.i.AbstractProblemLoader Environment load took 321.6ns 
977701     INFO  Test worker     d.u.i.k.p.i.AbstractProblemLoader Creating init config 
981704     DEBUG Test worker     d.u.i.k.p.i.AbstractProblemLoader Init config took 4.01s 
981719     INFO  Test worker     d.u.i.k.p.i.AbstractProblemLoader Replaying proof SMT_lemma_wellFormed.dl_10946382376078412785.key 
981719     DEBUG Test worker     d.u.i.k.p.i.IntermediateProofReplayer Proof replay took 8.8ns 
981845     INFO  Test worker     d.u.i.k.s.n.ProveSMTLemmasTest Now processing file D:\a\key\key\key.core\build\resources\test\de\uka\ilkd\key\smt\newsmt2\SMT_lemma_jdiv.dl.proof 
981845     INFO  Test worker     d.u.i.k.p.i.AbstractProblemLoader Loading environment from D:\a\key\key\key.core\build\resources\test\de\uka\ilkd\key\smt\newsmt2\SMT_lemma_jdiv.dl.proof 
981845     DEBUG Test worker     d.u.i.k.p.i.AbstractProblemLoader Environment load took 325ns 
981845     INFO  Test worker     d.u.i.k.p.i.AbstractProblemLoader Creating init config 
985830     DEBUG Test worker     d.u.i.k.p.i.AbstractProblemLoader Init config took 3.98s 
985846     INFO  Test worker     d.u.i.k.p.i.AbstractProblemLoader Replaying proof SMT_lemma_jdiv.dl.proof 
985846     DEBUG Test worker     d.u.i.k.p.i.IntermediateProofReplayer Proof replay took 886.9ns 
985955     INFO  Test worker     d.u.i.k.s.n.ProveSMTLemmasTest Now processing file C:\Users\RUNNER~1\AppData\Local\Temp\SMT_lemma_empty.dl_15110406681614995520.key 
985955     INFO  Test worker     d.u.i.k.p.i.AbstractProblemLoader Loading environment from C:\Users\RUNNER~1\AppData\Local\Temp\SMT_lemma_empty.dl_15110406681614995520.key 
985955     DEBUG Test worker     d.u.i.k.p.i.AbstractProblemLoader Environment load took 248.4ns 
985955     INFO  Test worker     d.u.i.k.p.i.AbstractProblemLoader Creating init config 
989950     DEBUG Test worker     d.u.i.k.p.i.AbstractProblemLoader Init config took 4s 
989966     INFO  Test worker     d.u.i.k.p.i.AbstractProblemLoader Replaying proof SMT_lemma_empty.dl_15110406681614995520.key 
989966     DEBUG Test worker     d.u.i.k.p.i.IntermediateProofReplayer Proof replay took 10.4ns 
990082     INFO  Test worker     d.u.i.k.s.n.ProveSMTLemmasTest Now processing file C:\Users\RUNNER~1\AppData\Local\Temp\SMT_lemma_allLocs.dl_10544244888683439869.key 
990082     INFO  Test worker     d.u.i.k.p.i.AbstractProblemLoader Loading environment from C:\Users\RUNNER~1\AppData\Local\Temp\SMT_lemma_allLocs.dl_10544244888683439869.key 
990082     DEBUG Test worker     d.u.i.k.p.i.AbstractProblemLoader Environment load took 224.8ns 
990082     INFO  Test worker     d.u.i.k.p.i.AbstractProblemLoader Creating init config 
994079     DEBUG Test worker     d.u.i.k.p.i.AbstractProblemLoader Init config took 4s 
994094     INFO  Test worker     d.u.i.k.p.i.AbstractProblemLoader Replaying proof SMT_lemma_allLocs.dl_10544244888683439869.key 
994094     DEBUG Test worker     d.u.i.k.p.i.IntermediateProofReplayer Proof replay took 9.7ns 
994211     INFO  Test worker     d.u.i.k.s.n.ProveSMTLemmasTest Now processing file C:\Users\RUNNER~1\AppData\Local\Temp\SMT_lemma_arrayRange.dl_15435292857349194403.key 
994211     INFO  Test worker     d.u.i.k.p.i.AbstractProblemLoader Loading environment from C:\Users\RUNNER~1\AppData\Local\Temp\SMT_lemma_arrayRange.dl_15435292857349194403.key 
994211     DEBUG Test worker     d.u.i.k.p.i.AbstractProblemLoader Environment load took 248.3ns 
994211     INFO  Test worker     d.u.i.k.p.i.AbstractProblemLoader Creating init config 
998246     DEBUG Test worker     d.u.i.k.p.i.AbstractProblemLoader Init config took 4.04s 
998261     INFO  Test worker     d.u.i.k.p.i.AbstractProblemLoader Replaying proof SMT_lemma_arrayRange.dl_15435292857349194403.key 
998261     DEBUG Test worker     d.u.i.k.p.i.IntermediateProofReplayer Proof replay took 8.8ns 
998371     INFO  Test worker     d.u.i.k.s.n.ProveSMTLemmasTest Now processing file C:\Users\RUNNER~1\AppData\Local\Temp\SMT_lemma_seqConcat.dl_3166937588490202038.key 
998371     INFO  Test worker     d.u.i.k.p.i.AbstractProblemLoader Loading environment from C:\Users\RUNNER~1\AppData\Local\Temp\SMT_lemma_seqConcat.dl_3166937588490202038.key 
998371     DEBUG Test worker     d.u.i.k.p.i.AbstractProblemLoader Environment load took 144.8ns 
998371     INFO  Test worker     d.u.i.k.p.i.AbstractProblemLoader Creating init config 
1002384    DEBUG Test worker     d.u.i.k.p.i.AbstractProblemLoader Init config took 4.01s 
1002400    INFO  Test worker     d.u.i.k.p.i.AbstractProblemLoader Replaying proof SMT_lemma_seqConcat.dl_3166937588490202038.key 
1002400    DEBUG Test worker     d.u.i.k.p.i.IntermediateProofReplayer Proof replay took 9.9ns 
1002504    INFO  Test worker     d.u.i.k.s.n.ProveSMTLemmasTest Now processing file C:\Users\RUNNER~1\AppData\Local\Temp\SMT_lemma_seqLen.dl_14558768231829433356.key 
1002504    INFO  Test worker     d.u.i.k.p.i.AbstractProblemLoader Loading environment from C:\Users\RUNNER~1\AppData\Local\Temp\SMT_lemma_seqLen.dl_14558768231829433356.key 
1002504    DEBUG Test worker     d.u.i.k.p.i.AbstractProblemLoader Environment load took 362.6ns 
1002504    INFO  Test worker     d.u.i.k.p.i.AbstractProblemLoader Creating init config 
1006542    DEBUG Test worker     d.u.i.k.p.i.AbstractProblemLoader Init config took 4.04s 
1006558    INFO  Test worker     d.u.i.k.p.i.AbstractProblemLoader Replaying proof SMT_lemma_seqLen.dl_14558768231829433356.key 
1006558    DEBUG Test worker     d.u.i.k.p.i.IntermediateProofReplayer Proof replay took 10.3ns 
1006674    INFO  Test worker     d.u.i.k.s.n.ProveSMTLemmasTest Now processing file C:\Users\RUNNER~1\AppData\Local\Temp\SMT_lemma_length.dl_16450549014309158892.key 
1006674    INFO  Test worker     d.u.i.k.p.i.AbstractProblemLoader Loading environment from C:\Users\RUNNER~1\AppData\Local\Temp\SMT_lemma_length.dl_16450549014309158892.key 
1006674    DEBUG Test worker     d.u.i.k.p.i.AbstractProblemLoader Environment load took 235.4ns 
1006674    INFO  Test worker     d.u.i.k.p.i.AbstractProblemLoader Creating init config 
1010692    DEBUG Test worker     d.u.i.k.p.i.AbstractProblemLoader Init config took 4.02s 
1010707    INFO  Test worker     d.u.i.k.p.i.AbstractProblemLoader Replaying proof SMT_lemma_length.dl_16450549014309158892.key 
1010707    DEBUG Test worker     d.u.i.k.p.i.IntermediateProofReplayer Proof replay took 10.6ns 
1010822    INFO  Test worker     d.u.i.k.s.n.ProveSMTLemmasTest Now processing file C:\Users\RUNNER~1\AppData\Local\Temp\SMT_lemma_freshLocs.dl_2974405590991790377.key 
1010822    INFO  Test worker     d.u.i.k.p.i.AbstractProblemLoader Loading environment from C:\Users\RUNNER~1\AppData\Local\Temp\SMT_lemma_freshLocs.dl_2974405590991790377.key 
1010822    DEBUG Test worker     d.u.i.k.p.i.AbstractProblemLoader Environment load took 219.1ns 
1010822    INFO  Test worker     d.u.i.k.p.i.AbstractProblemLoader Creating init config 
1014841    DEBUG Test worker     d.u.i.k.p.i.AbstractProblemLoader Init config took 4.02s 
1014857    INFO  Test worker     d.u.i.k.p.i.AbstractProblemLoader Replaying proof SMT_lemma_freshLocs.dl_2974405590991790377.key 
1014857    DEBUG Test worker     d.u.i.k.p.i.IntermediateProofReplayer Proof replay took 10.7ns 
1014971    INFO  Test worker     d.u.i.k.s.n.ProveSMTLemmasTest Now processing file C:\Users\RUNNER~1\AppData\Local\Temp\SMT_lemma_anon.dl_17170426062778038030.key 
1014971    INFO  Test worker     d.u.i.k.p.i.AbstractProblemLoader Loading environment from C:\Users\RUNNER~1\AppData\Local\Temp\SMT_lemma_anon.dl_17170426062778038030.key 
1014971    DEBUG Test worker     d.u.i.k.p.i.AbstractProblemLoader Environment load took 325.3ns 
1014971    INFO  Test worker     d.u.i.k.p.i.AbstractProblemLoader Creating init config 
1019026    DEBUG Test worker     d.u.i.k.p.i.AbstractProblemLoader Init config took 4.05s 
1019042    INFO  Test worker     d.u.i.k.p.i.AbstractProblemLoader Replaying proof SMT_lemma_anon.dl_17170426062778038030.key 
1019042    DEBUG Test worker     d.u.i.k.p.i.IntermediateProofReplayer Proof replay took 10ns 
1019152    INFO  Test worker     d.u.i.k.s.n.ProveSMTLemmasTest Now processing file C:\Users\RUNNER~1\AppData\Local\Temp\SMT_lemma_memset.dl_11753786038439674855.key 
1019152    INFO  Test worker     d.u.i.k.p.i.AbstractProblemLoader Loading environment from C:\Users\RUNNER~1\AppData\Local\Temp\SMT_lemma_memset.dl_11753786038439674855.key 
1019152    DEBUG Test worker     d.u.i.k.p.i.AbstractProblemLoader Environment load took 242.3ns 
1019152    INFO  Test worker     d.u.i.k.p.i.AbstractProblemLoader Creating init config 
1023164    DEBUG Test worker     d.u.i.k.p.i.AbstractProblemLoader Init config took 4.01s 
1023180    INFO  Test worker     d.u.i.k.p.i.AbstractProblemLoader Replaying proof SMT_lemma_memset.dl_11753786038439674855.key 
1023180    DEBUG Test worker     d.u.i.k.p.i.IntermediateProofReplayer Proof replay took 10.1ns 
1023289    INFO  Test worker     d.u.i.k.s.n.ProveSMTLemmasTest Now processing file C:\Users\RUNNER~1\AppData\Local\Temp\SMT_lemma_store.dl_14130273394520948811.key 
1023289    INFO  Test worker     d.u.i.k.p.i.AbstractProblemLoader Loading environment from C:\Users\RUNNER~1\AppData\Local\Temp\SMT_lemma_store.dl_14130273394520948811.key 
1023289    DEBUG Test worker     d.u.i.k.p.i.AbstractProblemLoader Environment load took 262.7ns 
1023289    INFO  Test worker     d.u.i.k.p.i.AbstractProblemLoader Creating init config 
1027331    DEBUG Test worker     d.u.i.k.p.i.AbstractProblemLoader Init config took 4.04s 
1027347    INFO  Test worker     d.u.i.k.p.i.AbstractProblemLoader Replaying proof SMT_lemma_store.dl_14130273394520948811.key 
1027347    DEBUG Test worker     d.u.i.k.p.i.IntermediateProofReplayer Proof replay took 9.9ns 
1027456    INFO  Test worker     d.u.i.k.s.n.ProveSMTLemmasTest Now processing file C:\Users\RUNNER~1\AppData\Local\Temp\SMT_lemma_seqSub.dl.2_825769546043126443.key 
1027456    INFO  Test worker     d.u.i.k.p.i.AbstractProblemLoader Loading environment from C:\Users\RUNNER~1\AppData\Local\Temp\SMT_lemma_seqSub.dl.2_825769546043126443.key 
1027456    DEBUG Test worker     d.u.i.k.p.i.AbstractProblemLoader Environment load took 235.6ns 
1027456    INFO  Test worker     d.u.i.k.p.i.AbstractProblemLoader Creating init config 
1031474    DEBUG Test worker     d.u.i.k.p.i.AbstractProblemLoader Init config took 4.02s 
1031490    INFO  Test worker     d.u.i.k.p.i.AbstractProblemLoader Replaying proof SMT_lemma_seqSub.dl.2_825769546043126443.key 
1031490    DEBUG Test worker     d.u.i.k.p.i.IntermediateProofReplayer Proof replay took 8.9ns 
1031600    INFO  Test worker     d.u.i.k.s.n.ProveSMTLemmasTest Now processing file C:\Users\RUNNER~1\AppData\Local\Temp\SMT_lemma_seqSingleton.dl_3926033264035895795.key 
1031600    INFO  Test worker     d.u.i.k.p.i.AbstractProblemLoader Loading environment from C:\Users\RUNNER~1\AppData\Local\Temp\SMT_lemma_seqSingleton.dl_3926033264035895795.key 
1031600    DEBUG Test worker     d.u.i.k.p.i.AbstractProblemLoader Environment load took 284.6ns 
1031600    INFO  Test worker     d.u.i.k.p.i.AbstractProblemLoader Creating init config 
1035667    DEBUG Test worker     d.u.i.k.p.i.AbstractProblemLoader Init config took 4.07s 
1035683    INFO  Test worker     d.u.i.k.p.i.AbstractProblemLoader Replaying proof SMT_lemma_seqSingleton.dl_3926033264035895795.key 
1035683    DEBUG Test worker     d.u.i.k.p.i.IntermediateProofReplayer Proof replay took 8.9ns 
1035796    INFO  Test worker     d.u.i.k.s.n.ProveSMTLemmasTest Now processing file C:\Users\RUNNER~1\AppData\Local\Temp\SMT_lemma_seqSingleton.dl.2_15959692171089041070.key 
1035796    INFO  Test worker     d.u.i.k.p.i.AbstractProblemLoader Loading environment from C:\Users\RUNNER~1\AppData\Local\Temp\SMT_lemma_seqSingleton.dl.2_15959692171089041070.key 
1035796    DEBUG Test worker     d.u.i.k.p.i.AbstractProblemLoader Environment load took 139.9ns 
1035796    INFO  Test worker     d.u.i.k.p.i.AbstractProblemLoader Creating init config 
1039855    DEBUG Test worker     d.u.i.k.p.i.AbstractProblemLoader Init config took 4.07s 
1039870    INFO  Test worker     d.u.i.k.p.i.AbstractProblemLoader Replaying proof SMT_lemma_seqSingleton.dl.2_15959692171089041070.key 
1039870    DEBUG Test worker     d.u.i.k.p.i.IntermediateProofReplayer Proof replay took 10.9ns 
1039995    INFO  Test worker     d.u.i.k.s.n.ProveSMTLemmasTest Now processing file C:\Users\RUNNER~1\AppData\Local\Temp\SMT_lemma_null.dl_10609562387542753569.key 
1039995    INFO  Test worker     d.u.i.k.p.i.AbstractProblemLoader Loading environment from C:\Users\RUNNER~1\AppData\Local\Temp\SMT_lemma_null.dl_10609562387542753569.key 
1039995    DEBUG Test worker     d.u.i.k.p.i.AbstractProblemLoader Environment load took 234.9ns 
1039995    INFO  Test worker     d.u.i.k.p.i.AbstractProblemLoader Creating init config 
1044003    DEBUG Test worker     d.u.i.k.p.i.AbstractProblemLoader Init config took 4.01s 
1044018    INFO  Test worker     d.u.i.k.p.i.AbstractProblemLoader Replaying proof SMT_lemma_null.dl_10609562387542753569.key 
1044018    DEBUG Test worker     d.u.i.k.p.i.IntermediateProofReplayer Proof replay took 12.9ns 
]]></system-out>
  <system-err><![CDATA[]]></system-err>
</testsuite>
