<?xml version="1.0" encoding="UTF-8"?>
<testsuite name="de.uka.ilkd.key.parser.TestTermParserHeap" tests="39" skipped="0" failures="0" errors="0" timestamp="2023-06-06T09:53:03" hostname="fv-az931-692" time="156.932">
  <properties/>
  <testcase name="testBracketHeapUpdate()" classname="de.uka.ilkd.key.parser.TestTermParserHeap" time="0.019"/>
  <testcase name="testStore()" classname="de.uka.ilkd.key.parser.TestTermParserHeap" time="0.01"/>
  <testcase name="testUnknownConstant()" classname="de.uka.ilkd.key.parser.TestTermParserHeap" time="0.004"/>
  <testcase name="testAllFieldsSelector()" classname="de.uka.ilkd.key.parser.TestTermParserHeap" time="0.003"/>
  <testcase name="testParsePrettyPrintedSelect()" classname="de.uka.ilkd.key.parser.TestTermParserHeap" time="0.006"/>
  <testcase name="testAccessStaticMembers()" classname="de.uka.ilkd.key.parser.TestTermParserHeap" time="0.008"/>
  <testcase name="testAtOperator_1()" classname="de.uka.ilkd.key.parser.TestTermParserHeap" time="0.002"/>
  <testcase name="testAtOperator_2()" classname="de.uka.ilkd.key.parser.TestTermParserHeap" time="0.004"/>
  <testcase name="testAtOperator_3()" classname="de.uka.ilkd.key.parser.TestTermParserHeap" time="0.005"/>
  <testcase name="testAtOperator_4()" classname="de.uka.ilkd.key.parser.TestTermParserHeap" time="0.019"/>
  <testcase name="testAtOperator_5()" classname="de.uka.ilkd.key.parser.TestTermParserHeap" time="0.004"/>
  <testcase name="testAtOperator_6()" classname="de.uka.ilkd.key.parser.TestTermParserHeap" time="0.002"/>
  <testcase name="testAtOperator_7()" classname="de.uka.ilkd.key.parser.TestTermParserHeap" time="0.003"/>
  <testcase name="testAtOperator_8()" classname="de.uka.ilkd.key.parser.TestTermParserHeap" time="0.009"/>
  <testcase name="testVerifyExceptionIfAtOperatorNotPreceededBySelectTerm()" classname="de.uka.ilkd.key.parser.TestTermParserHeap" time="0.008"/>
  <testcase name="testBugResettingCounter()" classname="de.uka.ilkd.key.parser.TestTermParserHeap" time="0.006"/>
  <testcase name="testLocationSets()" classname="de.uka.ilkd.key.parser.TestTermParserHeap" time="0.006"/>
  <testcase name="testQuantifiedSelect()" classname="de.uka.ilkd.key.parser.TestTermParserHeap" time="0.004"/>
  <testcase name="testGenericObjectProperties()" classname="de.uka.ilkd.key.parser.TestTermParserHeap" time="0.004"/>
  <testcase name="testQueryInheritance_1()" classname="de.uka.ilkd.key.parser.TestTermParserHeap" time="0.002"/>
  <testcase name="testQueryInheritance_2()" classname="de.uka.ilkd.key.parser.TestTermParserHeap" time="0.006"/>
  <testcase name="testQueryInheritance_3()" classname="de.uka.ilkd.key.parser.TestTermParserHeap" time="0.021"/>
  <testcase name="testQueryInheritance_4()" classname="de.uka.ilkd.key.parser.TestTermParserHeap" time="0.003"/>
  <testcase name="testQueryInheritance_5()" classname="de.uka.ilkd.key.parser.TestTermParserHeap" time="0.003"/>
  <testcase name="testQueryInheritance_6()" classname="de.uka.ilkd.key.parser.TestTermParserHeap" time="0.003"/>
  <testcase name="testQueryInheritance_7()" classname="de.uka.ilkd.key.parser.TestTermParserHeap" time="0.003"/>
  <testcase name="testQueryInheritance_8()" classname="de.uka.ilkd.key.parser.TestTermParserHeap" time="0.003"/>
  <testcase name="testQueryInheritance_9()" classname="de.uka.ilkd.key.parser.TestTermParserHeap" time="0.003"/>
  <testcase name="testQueryBasic_10()" classname="de.uka.ilkd.key.parser.TestTermParserHeap" time="0.003"/>
  <testcase name="testQueryBasic_11()" classname="de.uka.ilkd.key.parser.TestTermParserHeap" time="0.004"/>
  <testcase name="testQueryBasic_1()" classname="de.uka.ilkd.key.parser.TestTermParserHeap" time="0.003"/>
  <testcase name="testQueryBasic_2()" classname="de.uka.ilkd.key.parser.TestTermParserHeap" time="0.004"/>
  <testcase name="testQueryBasic_3()" classname="de.uka.ilkd.key.parser.TestTermParserHeap" time="0.004"/>
  <testcase name="testQueryBasic_4()" classname="de.uka.ilkd.key.parser.TestTermParserHeap" time="0.005"/>
  <testcase name="testQueryBasic_5()" classname="de.uka.ilkd.key.parser.TestTermParserHeap" time="0.003"/>
  <testcase name="testQueryBasic_6()" classname="de.uka.ilkd.key.parser.TestTermParserHeap" time="0.001"/>
  <testcase name="testQueryBasic_7()" classname="de.uka.ilkd.key.parser.TestTermParserHeap" time="0.004"/>
  <testcase name="testQueryBasic_8()" classname="de.uka.ilkd.key.parser.TestTermParserHeap" time="0.003"/>
  <testcase name="testQueryBasic_9()" classname="de.uka.ilkd.key.parser.TestTermParserHeap" time="0.004"/>
  <system-out><![CDATA[429132     INFO  Test worker     d.u.i.k.n.KeyIO           Parsing took 0 ms 
429132     DEBUG Test worker     d.u.i.k.n.KeyIO           Load declarations of de.uka.ilkd.key.nparser.KeyAst$File:  <unknown>:1#1 
429132     INFO  Test worker     d.u.i.k.n.KeyIO           MODE: declarations took 0 ms 
429132     DEBUG Test worker     d.u.i.k.n.KeyIO           MODE: 2nd degree decls took 0 
429132     INFO  Test worker     d.u.i.k.n.KeyIO           Parsing took 0 ms 
429132     DEBUG Test worker     d.u.i.k.n.KeyIO           Load declarations of de.uka.ilkd.key.nparser.KeyAst$File:  <unknown>:1#1 
429132     INFO  Test worker     d.u.i.k.n.KeyIO           MODE: declarations took 0 ms 
429132     DEBUG Test worker     d.u.i.k.n.KeyIO           MODE: 2nd degree decls took 0 
429132     INFO  Test worker     d.u.i.k.n.KeyIO           Parsing took 0 ms 
429132     DEBUG Test worker     d.u.i.k.n.KeyIO           Load declarations of de.uka.ilkd.key.nparser.KeyAst$File:  <unknown>:1#1 
429132     INFO  Test worker     d.u.i.k.n.KeyIO           MODE: declarations took 0 ms 
429132     DEBUG Test worker     d.u.i.k.n.KeyIO           MODE: 2nd degree decls took 0 
429132     INFO  Test worker     d.u.i.k.n.KeyIO           Parsing took 0 ms 
429132     DEBUG Test worker     d.u.i.k.n.KeyIO           Load declarations of de.uka.ilkd.key.nparser.KeyAst$File:  <unknown>:1#1 
429132     INFO  Test worker     d.u.i.k.n.KeyIO           MODE: declarations took 0 ms 
429132     DEBUG Test worker     d.u.i.k.n.KeyIO           MODE: 2nd degree decls took 0 
429132     INFO  Test worker     d.u.i.k.n.KeyIO           Parsing took 0 ms 
429132     DEBUG Test worker     d.u.i.k.n.KeyIO           Load declarations of de.uka.ilkd.key.nparser.KeyAst$File:  <unknown>:1#1 
429132     INFO  Test worker     d.u.i.k.n.KeyIO           MODE: declarations took 0 ms 
429132     DEBUG Test worker     d.u.i.k.n.KeyIO           MODE: 2nd degree decls took 0 
433289     INFO  Test worker     d.u.i.k.n.KeyIO           Parsing took 0 ms 
433289     DEBUG Test worker     d.u.i.k.n.KeyIO           Load declarations of de.uka.ilkd.key.nparser.KeyAst$File:  <unknown>:1#1 
433289     INFO  Test worker     d.u.i.k.n.KeyIO           MODE: declarations took 0 ms 
433289     DEBUG Test worker     d.u.i.k.n.KeyIO           MODE: 2nd degree decls took 0 
433289     INFO  Test worker     d.u.i.k.n.KeyIO           Parsing took 0 ms 
433289     DEBUG Test worker     d.u.i.k.n.KeyIO           Load declarations of de.uka.ilkd.key.nparser.KeyAst$File:  <unknown>:1#1 
433289     INFO  Test worker     d.u.i.k.n.KeyIO           MODE: declarations took 0 ms 
433289     DEBUG Test worker     d.u.i.k.n.KeyIO           MODE: 2nd degree decls took 0 
433289     INFO  Test worker     d.u.i.k.n.KeyIO           Parsing took 0 ms 
433289     DEBUG Test worker     d.u.i.k.n.KeyIO           Load declarations of de.uka.ilkd.key.nparser.KeyAst$File:  <unknown>:1#1 
433289     INFO  Test worker     d.u.i.k.n.KeyIO           MODE: declarations took 0 ms 
433289     DEBUG Test worker     d.u.i.k.n.KeyIO           MODE: 2nd degree decls took 0 
433289     INFO  Test worker     d.u.i.k.n.KeyIO           Parsing took 0 ms 
433289     DEBUG Test worker     d.u.i.k.n.KeyIO           Load declarations of de.uka.ilkd.key.nparser.KeyAst$File:  <unknown>:1#1 
433289     INFO  Test worker     d.u.i.k.n.KeyIO           MODE: declarations took 0 ms 
433289     DEBUG Test worker     d.u.i.k.n.KeyIO           MODE: 2nd degree decls took 0 
433289     INFO  Test worker     d.u.i.k.n.KeyIO           Parsing took 0 ms 
433289     DEBUG Test worker     d.u.i.k.n.KeyIO           Load declarations of de.uka.ilkd.key.nparser.KeyAst$File:  <unknown>:1#1 
433289     INFO  Test worker     d.u.i.k.n.KeyIO           MODE: declarations took 0 ms 
433289     DEBUG Test worker     d.u.i.k.n.KeyIO           MODE: 2nd degree decls took 0 
437497     INFO  Test worker     d.u.i.k.n.KeyIO           Parsing took 0 ms 
437497     DEBUG Test worker     d.u.i.k.n.KeyIO           Load declarations of de.uka.ilkd.key.nparser.KeyAst$File:  <unknown>:1#1 
437497     INFO  Test worker     d.u.i.k.n.KeyIO           MODE: declarations took 0 ms 
437497     DEBUG Test worker     d.u.i.k.n.KeyIO           MODE: 2nd degree decls took 0 
437497     INFO  Test worker     d.u.i.k.n.KeyIO           Parsing took 0 ms 
437497     DEBUG Test worker     d.u.i.k.n.KeyIO           Load declarations of de.uka.ilkd.key.nparser.KeyAst$File:  <unknown>:1#1 
437497     INFO  Test worker     d.u.i.k.n.KeyIO           MODE: declarations took 0 ms 
437497     DEBUG Test worker     d.u.i.k.n.KeyIO           MODE: 2nd degree decls took 0 
437497     INFO  Test worker     d.u.i.k.n.KeyIO           Parsing took 0 ms 
437497     DEBUG Test worker     d.u.i.k.n.KeyIO           Load declarations of de.uka.ilkd.key.nparser.KeyAst$File:  <unknown>:1#1 
437497     INFO  Test worker     d.u.i.k.n.KeyIO           MODE: declarations took 0 ms 
437497     DEBUG Test worker     d.u.i.k.n.KeyIO           MODE: 2nd degree decls took 0 
437497     INFO  Test worker     d.u.i.k.n.KeyIO           Parsing took 0 ms 
437497     DEBUG Test worker     d.u.i.k.n.KeyIO           Load declarations of de.uka.ilkd.key.nparser.KeyAst$File:  <unknown>:1#1 
437497     INFO  Test worker     d.u.i.k.n.KeyIO           MODE: declarations took 0 ms 
437497     DEBUG Test worker     d.u.i.k.n.KeyIO           MODE: 2nd degree decls took 0 
437497     INFO  Test worker     d.u.i.k.n.KeyIO           Parsing took 0 ms 
437497     DEBUG Test worker     d.u.i.k.n.KeyIO           Load declarations of de.uka.ilkd.key.nparser.KeyAst$File:  <unknown>:1#1 
437497     INFO  Test worker     d.u.i.k.n.KeyIO           MODE: declarations took 0 ms 
437497     DEBUG Test worker     d.u.i.k.n.KeyIO           MODE: 2nd degree decls took 0 
437497     INFO  Test worker     d.u.i.k.n.KeyIO           Parsing took 0 ms 
437497     DEBUG Test worker     d.u.i.k.n.KeyIO           Load declarations of de.uka.ilkd.key.nparser.KeyAst$File:  <unknown>:1#1 
437497     INFO  Test worker     d.u.i.k.n.KeyIO           MODE: declarations took 0 ms 
437497     DEBUG Test worker     d.u.i.k.n.KeyIO           MODE: 2nd degree decls took 0 
441665     INFO  Test worker     d.u.i.k.n.KeyIO           Parsing took 0 ms 
441665     DEBUG Test worker     d.u.i.k.n.KeyIO           Load declarations of de.uka.ilkd.key.nparser.KeyAst$File:  <unknown>:1#1 
441665     INFO  Test worker     d.u.i.k.n.KeyIO           MODE: declarations took 0 ms 
441665     DEBUG Test worker     d.u.i.k.n.KeyIO           MODE: 2nd degree decls took 0 
441665     INFO  Test worker     d.u.i.k.n.KeyIO           Parsing took 0 ms 
441665     DEBUG Test worker     d.u.i.k.n.KeyIO           Load declarations of de.uka.ilkd.key.nparser.KeyAst$File:  <unknown>:1#1 
441665     INFO  Test worker     d.u.i.k.n.KeyIO           MODE: declarations took 0 ms 
441665     DEBUG Test worker     d.u.i.k.n.KeyIO           MODE: 2nd degree decls took 0 
441665     INFO  Test worker     d.u.i.k.n.KeyIO           Parsing took 0 ms 
441665     DEBUG Test worker     d.u.i.k.n.KeyIO           Load declarations of de.uka.ilkd.key.nparser.KeyAst$File:  <unknown>:1#1 
441665     INFO  Test worker     d.u.i.k.n.KeyIO           MODE: declarations took 0 ms 
441665     DEBUG Test worker     d.u.i.k.n.KeyIO           MODE: 2nd degree decls took 0 
441665     INFO  Test worker     d.u.i.k.n.KeyIO           Parsing took 0 ms 
441665     DEBUG Test worker     d.u.i.k.n.KeyIO           Load declarations of de.uka.ilkd.key.nparser.KeyAst$File:  <unknown>:1#1 
441665     INFO  Test worker     d.u.i.k.n.KeyIO           MODE: declarations took 0 ms 
441665     DEBUG Test worker     d.u.i.k.n.KeyIO           MODE: 2nd degree decls took 0 
441665     INFO  Test worker     d.u.i.k.n.KeyIO           Parsing took 0 ms 
441665     DEBUG Test worker     d.u.i.k.n.KeyIO           Load declarations of de.uka.ilkd.key.nparser.KeyAst$File:  <unknown>:1#1 
441665     INFO  Test worker     d.u.i.k.n.KeyIO           MODE: declarations took 0 ms 
441665     DEBUG Test worker     d.u.i.k.n.KeyIO           MODE: 2nd degree decls took 0 
445818     INFO  Test worker     d.u.i.k.n.KeyIO           Parsing took 0 ms 
445818     DEBUG Test worker     d.u.i.k.n.KeyIO           Load declarations of de.uka.ilkd.key.nparser.KeyAst$File:  <unknown>:1#1 
445818     INFO  Test worker     d.u.i.k.n.KeyIO           MODE: declarations took 0 ms 
445818     DEBUG Test worker     d.u.i.k.n.KeyIO           MODE: 2nd degree decls took 0 
445818     INFO  Test worker     d.u.i.k.n.KeyIO           Parsing took 0 ms 
445818     DEBUG Test worker     d.u.i.k.n.KeyIO           Load declarations of de.uka.ilkd.key.nparser.KeyAst$File:  <unknown>:1#1 
445818     INFO  Test worker     d.u.i.k.n.KeyIO           MODE: declarations took 0 ms 
445818     DEBUG Test worker     d.u.i.k.n.KeyIO           MODE: 2nd degree decls took 0 
445818     INFO  Test worker     d.u.i.k.n.KeyIO           Parsing took 0 ms 
445818     DEBUG Test worker     d.u.i.k.n.KeyIO           Load declarations of de.uka.ilkd.key.nparser.KeyAst$File:  <unknown>:1#1 
445818     INFO  Test worker     d.u.i.k.n.KeyIO           MODE: declarations took 0 ms 
445818     DEBUG Test worker     d.u.i.k.n.KeyIO           MODE: 2nd degree decls took 0 
445818     INFO  Test worker     d.u.i.k.n.KeyIO           Parsing took 0 ms 
445818     DEBUG Test worker     d.u.i.k.n.KeyIO           Load declarations of de.uka.ilkd.key.nparser.KeyAst$File:  <unknown>:1#1 
445818     INFO  Test worker     d.u.i.k.n.KeyIO           MODE: declarations took 0 ms 
445818     DEBUG Test worker     d.u.i.k.n.KeyIO           MODE: 2nd degree decls took 0 
445818     INFO  Test worker     d.u.i.k.n.KeyIO           Parsing took 0 ms 
445818     DEBUG Test worker     d.u.i.k.n.KeyIO           Load declarations of de.uka.ilkd.key.nparser.KeyAst$File:  <unknown>:1#1 
445818     INFO  Test worker     d.u.i.k.n.KeyIO           MODE: declarations took 0 ms 
445818     DEBUG Test worker     d.u.i.k.n.KeyIO           MODE: 2nd degree decls took 0 
449892     INFO  Test worker     d.u.i.k.n.KeyIO           Parsing took 0 ms 
449892     DEBUG Test worker     d.u.i.k.n.KeyIO           Load declarations of de.uka.ilkd.key.nparser.KeyAst$File:  <unknown>:1#1 
449892     INFO  Test worker     d.u.i.k.n.KeyIO           MODE: declarations took 0 ms 
449892     DEBUG Test worker     d.u.i.k.n.KeyIO           MODE: 2nd degree decls took 0 
449892     INFO  Test worker     d.u.i.k.n.KeyIO           Parsing took 0 ms 
449892     DEBUG Test worker     d.u.i.k.n.KeyIO           Load declarations of de.uka.ilkd.key.nparser.KeyAst$File:  <unknown>:1#1 
449892     INFO  Test worker     d.u.i.k.n.KeyIO           MODE: declarations took 0 ms 
449892     DEBUG Test worker     d.u.i.k.n.KeyIO           MODE: 2nd degree decls took 0 
449892     INFO  Test worker     d.u.i.k.n.KeyIO           Parsing took 0 ms 
449892     DEBUG Test worker     d.u.i.k.n.KeyIO           Load declarations of de.uka.ilkd.key.nparser.KeyAst$File:  <unknown>:1#1 
449892     INFO  Test worker     d.u.i.k.n.KeyIO           MODE: declarations took 0 ms 
449892     DEBUG Test worker     d.u.i.k.n.KeyIO           MODE: 2nd degree decls took 0 
449892     INFO  Test worker     d.u.i.k.n.KeyIO           Parsing took 0 ms 
449892     DEBUG Test worker     d.u.i.k.n.KeyIO           Load declarations of de.uka.ilkd.key.nparser.KeyAst$File:  <unknown>:1#1 
449892     INFO  Test worker     d.u.i.k.n.KeyIO           MODE: declarations took 0 ms 
449892     DEBUG Test worker     d.u.i.k.n.KeyIO           MODE: 2nd degree decls took 0 
449892     INFO  Test worker     d.u.i.k.n.KeyIO           Parsing took 0 ms 
449907     DEBUG Test worker     d.u.i.k.n.KeyIO           Load declarations of de.uka.ilkd.key.nparser.KeyAst$File:  <unknown>:1#1 
449907     INFO  Test worker     d.u.i.k.n.KeyIO           MODE: declarations took 0 ms 
449907     DEBUG Test worker     d.u.i.k.n.KeyIO           MODE: 2nd degree decls took 0 
453986     INFO  Test worker     d.u.i.k.n.KeyIO           Parsing took 0 ms 
453986     DEBUG Test worker     d.u.i.k.n.KeyIO           Load declarations of de.uka.ilkd.key.nparser.KeyAst$File:  <unknown>:1#1 
453986     INFO  Test worker     d.u.i.k.n.KeyIO           MODE: declarations took 0 ms 
453986     DEBUG Test worker     d.u.i.k.n.KeyIO           MODE: 2nd degree decls took 0 
453986     INFO  Test worker     d.u.i.k.n.KeyIO           Parsing took 0 ms 
453986     DEBUG Test worker     d.u.i.k.n.KeyIO           Load declarations of de.uka.ilkd.key.nparser.KeyAst$File:  <unknown>:1#1 
453986     INFO  Test worker     d.u.i.k.n.KeyIO           MODE: declarations took 0 ms 
453986     DEBUG Test worker     d.u.i.k.n.KeyIO           MODE: 2nd degree decls took 0 
453986     INFO  Test worker     d.u.i.k.n.KeyIO           Parsing took 0 ms 
453986     DEBUG Test worker     d.u.i.k.n.KeyIO           Load declarations of de.uka.ilkd.key.nparser.KeyAst$File:  <unknown>:1#1 
453986     INFO  Test worker     d.u.i.k.n.KeyIO           MODE: declarations took 0 ms 
453986     DEBUG Test worker     d.u.i.k.n.KeyIO           MODE: 2nd degree decls took 0 
453986     INFO  Test worker     d.u.i.k.n.KeyIO           Parsing took 0 ms 
453986     DEBUG Test worker     d.u.i.k.n.KeyIO           Load declarations of de.uka.ilkd.key.nparser.KeyAst$File:  <unknown>:1#1 
453986     INFO  Test worker     d.u.i.k.n.KeyIO           MODE: declarations took 0 ms 
453986     DEBUG Test worker     d.u.i.k.n.KeyIO           MODE: 2nd degree decls took 0 
453986     INFO  Test worker     d.u.i.k.n.KeyIO           Parsing took 0 ms 
453986     DEBUG Test worker     d.u.i.k.n.KeyIO           Load declarations of de.uka.ilkd.key.nparser.KeyAst$File:  <unknown>:1#1 
453986     INFO  Test worker     d.u.i.k.n.KeyIO           MODE: declarations took 0 ms 
453986     DEBUG Test worker     d.u.i.k.n.KeyIO           MODE: 2nd degree decls took 0 
458095     INFO  Test worker     d.u.i.k.n.KeyIO           Parsing took 0 ms 
458095     DEBUG Test worker     d.u.i.k.n.KeyIO           Load declarations of de.uka.ilkd.key.nparser.KeyAst$File:  <unknown>:1#1 
458095     INFO  Test worker     d.u.i.k.n.KeyIO           MODE: declarations took 0 ms 
458095     DEBUG Test worker     d.u.i.k.n.KeyIO           MODE: 2nd degree decls took 0 
458095     INFO  Test worker     d.u.i.k.n.KeyIO           Parsing took 0 ms 
458095     DEBUG Test worker     d.u.i.k.n.KeyIO           Load declarations of de.uka.ilkd.key.nparser.KeyAst$File:  <unknown>:1#1 
458095     INFO  Test worker     d.u.i.k.n.KeyIO           MODE: declarations took 0 ms 
458095     DEBUG Test worker     d.u.i.k.n.KeyIO           MODE: 2nd degree decls took 0 
458095     INFO  Test worker     d.u.i.k.n.KeyIO           Parsing took 0 ms 
458095     DEBUG Test worker     d.u.i.k.n.KeyIO           Load declarations of de.uka.ilkd.key.nparser.KeyAst$File:  <unknown>:1#1 
458095     INFO  Test worker     d.u.i.k.n.KeyIO           MODE: declarations took 0 ms 
458095     DEBUG Test worker     d.u.i.k.n.KeyIO           MODE: 2nd degree decls took 0 
458095     INFO  Test worker     d.u.i.k.n.KeyIO           Parsing took 0 ms 
458095     DEBUG Test worker     d.u.i.k.n.KeyIO           Load declarations of de.uka.ilkd.key.nparser.KeyAst$File:  <unknown>:1#1 
458095     INFO  Test worker     d.u.i.k.n.KeyIO           MODE: declarations took 0 ms 
458095     DEBUG Test worker     d.u.i.k.n.KeyIO           MODE: 2nd degree decls took 0 
458095     INFO  Test worker     d.u.i.k.n.KeyIO           Parsing took 0 ms 
458095     DEBUG Test worker     d.u.i.k.n.KeyIO           Load declarations of de.uka.ilkd.key.nparser.KeyAst$File:  <unknown>:1#1 
458095     INFO  Test worker     d.u.i.k.n.KeyIO           MODE: declarations took 0 ms 
458095     DEBUG Test worker     d.u.i.k.n.KeyIO           MODE: 2nd degree decls took 0 
462190     INFO  Test worker     d.u.i.k.n.KeyIO           Parsing took 0 ms 
462190     DEBUG Test worker     d.u.i.k.n.KeyIO           Load declarations of de.uka.ilkd.key.nparser.KeyAst$File:  <unknown>:1#1 
462190     INFO  Test worker     d.u.i.k.n.KeyIO           MODE: declarations took 0 ms 
462206     DEBUG Test worker     d.u.i.k.n.KeyIO           MODE: 2nd degree decls took 0 
462206     INFO  Test worker     d.u.i.k.n.KeyIO           Parsing took 0 ms 
462206     DEBUG Test worker     d.u.i.k.n.KeyIO           Load declarations of de.uka.ilkd.key.nparser.KeyAst$File:  <unknown>:1#1 
462206     INFO  Test worker     d.u.i.k.n.KeyIO           MODE: declarations took 0 ms 
462206     DEBUG Test worker     d.u.i.k.n.KeyIO           MODE: 2nd degree decls took 0 
462206     INFO  Test worker     d.u.i.k.n.KeyIO           Parsing took 0 ms 
462206     DEBUG Test worker     d.u.i.k.n.KeyIO           Load declarations of de.uka.ilkd.key.nparser.KeyAst$File:  <unknown>:1#1 
462206     INFO  Test worker     d.u.i.k.n.KeyIO           MODE: declarations took 0 ms 
462206     DEBUG Test worker     d.u.i.k.n.KeyIO           MODE: 2nd degree decls took 0 
462206     INFO  Test worker     d.u.i.k.n.KeyIO           Parsing took 0 ms 
462206     DEBUG Test worker     d.u.i.k.n.KeyIO           Load declarations of de.uka.ilkd.key.nparser.KeyAst$File:  <unknown>:1#1 
462206     INFO  Test worker     d.u.i.k.n.KeyIO           MODE: declarations took 0 ms 
462206     DEBUG Test worker     d.u.i.k.n.KeyIO           MODE: 2nd degree decls took 0 
462206     INFO  Test worker     d.u.i.k.n.KeyIO           Parsing took 0 ms 
462206     DEBUG Test worker     d.u.i.k.n.KeyIO           Load declarations of de.uka.ilkd.key.nparser.KeyAst$File:  <unknown>:1#1 
462206     INFO  Test worker     d.u.i.k.n.KeyIO           MODE: declarations took 0 ms 
462206     DEBUG Test worker     d.u.i.k.n.KeyIO           MODE: 2nd degree decls took 0 
466282     INFO  Test worker     d.u.i.k.n.KeyIO           Parsing took 0 ms 
466282     DEBUG Test worker     d.u.i.k.n.KeyIO           Load declarations of de.uka.ilkd.key.nparser.KeyAst$File:  <unknown>:1#1 
466282     INFO  Test worker     d.u.i.k.n.KeyIO           MODE: declarations took 0 ms 
466282     DEBUG Test worker     d.u.i.k.n.KeyIO           MODE: 2nd degree decls took 0 
466282     INFO  Test worker     d.u.i.k.n.KeyIO           Parsing took 0 ms 
466282     DEBUG Test worker     d.u.i.k.n.KeyIO           Load declarations of de.uka.ilkd.key.nparser.KeyAst$File:  <unknown>:1#1 
466282     INFO  Test worker     d.u.i.k.n.KeyIO           MODE: declarations took 0 ms 
466282     DEBUG Test worker     d.u.i.k.n.KeyIO           MODE: 2nd degree decls took 0 
466282     INFO  Test worker     d.u.i.k.n.KeyIO           Parsing took 0 ms 
466282     DEBUG Test worker     d.u.i.k.n.KeyIO           Load declarations of de.uka.ilkd.key.nparser.KeyAst$File:  <unknown>:1#1 
466282     INFO  Test worker     d.u.i.k.n.KeyIO           MODE: declarations took 0 ms 
466282     DEBUG Test worker     d.u.i.k.n.KeyIO           MODE: 2nd degree decls took 0 
466282     INFO  Test worker     d.u.i.k.n.KeyIO           Parsing took 0 ms 
466282     DEBUG Test worker     d.u.i.k.n.KeyIO           Load declarations of de.uka.ilkd.key.nparser.KeyAst$File:  <unknown>:1#1 
466282     INFO  Test worker     d.u.i.k.n.KeyIO           MODE: declarations took 0 ms 
466282     DEBUG Test worker     d.u.i.k.n.KeyIO           MODE: 2nd degree decls took 0 
466282     INFO  Test worker     d.u.i.k.n.KeyIO           Parsing took 0 ms 
466282     DEBUG Test worker     d.u.i.k.n.KeyIO           Load declarations of de.uka.ilkd.key.nparser.KeyAst$File:  <unknown>:1#1 
466282     INFO  Test worker     d.u.i.k.n.KeyIO           MODE: declarations took 0 ms 
466282     DEBUG Test worker     d.u.i.k.n.KeyIO           MODE: 2nd degree decls took 0 
470441     INFO  Test worker     d.u.i.k.n.KeyIO           Parsing took 0 ms 
470441     DEBUG Test worker     d.u.i.k.n.KeyIO           Load declarations of de.uka.ilkd.key.nparser.KeyAst$File:  <unknown>:1#1 
470441     INFO  Test worker     d.u.i.k.n.KeyIO           MODE: declarations took 0 ms 
470441     DEBUG Test worker     d.u.i.k.n.KeyIO           MODE: 2nd degree decls took 0 
470441     INFO  Test worker     d.u.i.k.n.KeyIO           Parsing took 0 ms 
470441     DEBUG Test worker     d.u.i.k.n.KeyIO           Load declarations of de.uka.ilkd.key.nparser.KeyAst$File:  <unknown>:1#1 
470441     INFO  Test worker     d.u.i.k.n.KeyIO           MODE: declarations took 0 ms 
470441     DEBUG Test worker     d.u.i.k.n.KeyIO           MODE: 2nd degree decls took 0 
470441     INFO  Test worker     d.u.i.k.n.KeyIO           Parsing took 0 ms 
470441     DEBUG Test worker     d.u.i.k.n.KeyIO           Load declarations of de.uka.ilkd.key.nparser.KeyAst$File:  <unknown>:1#1 
470441     INFO  Test worker     d.u.i.k.n.KeyIO           MODE: declarations took 0 ms 
470441     DEBUG Test worker     d.u.i.k.n.KeyIO           MODE: 2nd degree decls took 0 
470441     INFO  Test worker     d.u.i.k.n.KeyIO           Parsing took 0 ms 
470441     DEBUG Test worker     d.u.i.k.n.KeyIO           Load declarations of de.uka.ilkd.key.nparser.KeyAst$File:  <unknown>:1#1 
470441     INFO  Test worker     d.u.i.k.n.KeyIO           MODE: declarations took 0 ms 
470441     DEBUG Test worker     d.u.i.k.n.KeyIO           MODE: 2nd degree decls took 0 
470441     INFO  Test worker     d.u.i.k.n.KeyIO           Parsing took 0 ms 
470441     DEBUG Test worker     d.u.i.k.n.KeyIO           Load declarations of de.uka.ilkd.key.nparser.KeyAst$File:  <unknown>:1#1 
470441     INFO  Test worker     d.u.i.k.n.KeyIO           MODE: declarations took 0 ms 
470441     DEBUG Test worker     d.u.i.k.n.KeyIO           MODE: 2nd degree decls took 0 
474538     INFO  Test worker     d.u.i.k.n.KeyIO           Parsing took 0 ms 
474538     DEBUG Test worker     d.u.i.k.n.KeyIO           Load declarations of de.uka.ilkd.key.nparser.KeyAst$File:  <unknown>:1#1 
474538     INFO  Test worker     d.u.i.k.n.KeyIO           MODE: declarations took 0 ms 
474538     DEBUG Test worker     d.u.i.k.n.KeyIO           MODE: 2nd degree decls took 0 
474538     INFO  Test worker     d.u.i.k.n.KeyIO           Parsing took 0 ms 
474538     DEBUG Test worker     d.u.i.k.n.KeyIO           Load declarations of de.uka.ilkd.key.nparser.KeyAst$File:  <unknown>:1#1 
474538     INFO  Test worker     d.u.i.k.n.KeyIO           MODE: declarations took 0 ms 
474538     DEBUG Test worker     d.u.i.k.n.KeyIO           MODE: 2nd degree decls took 0 
474538     INFO  Test worker     d.u.i.k.n.KeyIO           Parsing took 0 ms 
474538     DEBUG Test worker     d.u.i.k.n.KeyIO           Load declarations of de.uka.ilkd.key.nparser.KeyAst$File:  <unknown>:1#1 
474538     INFO  Test worker     d.u.i.k.n.KeyIO           MODE: declarations took 0 ms 
474538     DEBUG Test worker     d.u.i.k.n.KeyIO           MODE: 2nd degree decls took 0 
474538     INFO  Test worker     d.u.i.k.n.KeyIO           Parsing took 0 ms 
474538     DEBUG Test worker     d.u.i.k.n.KeyIO           Load declarations of de.uka.ilkd.key.nparser.KeyAst$File:  <unknown>:1#1 
474538     INFO  Test worker     d.u.i.k.n.KeyIO           MODE: declarations took 0 ms 
474538     DEBUG Test worker     d.u.i.k.n.KeyIO           MODE: 2nd degree decls took 0 
474538     INFO  Test worker     d.u.i.k.n.KeyIO           Parsing took 0 ms 
474538     DEBUG Test worker     d.u.i.k.n.KeyIO           Load declarations of de.uka.ilkd.key.nparser.KeyAst$File:  <unknown>:1#1 
474538     INFO  Test worker     d.u.i.k.n.KeyIO           MODE: declarations took 0 ms 
474538     DEBUG Test worker     d.u.i.k.n.KeyIO           MODE: 2nd degree decls took 0 
478608     INFO  Test worker     d.u.i.k.n.KeyIO           Parsing took 0 ms 
478608     DEBUG Test worker     d.u.i.k.n.KeyIO           Load declarations of de.uka.ilkd.key.nparser.KeyAst$File:  <unknown>:1#1 
478608     INFO  Test worker     d.u.i.k.n.KeyIO           MODE: declarations took 0 ms 
478608     DEBUG Test worker     d.u.i.k.n.KeyIO           MODE: 2nd degree decls took 0 
478608     INFO  Test worker     d.u.i.k.n.KeyIO           Parsing took 0 ms 
478608     DEBUG Test worker     d.u.i.k.n.KeyIO           Load declarations of de.uka.ilkd.key.nparser.KeyAst$File:  <unknown>:1#1 
478608     INFO  Test worker     d.u.i.k.n.KeyIO           MODE: declarations took 0 ms 
478608     DEBUG Test worker     d.u.i.k.n.KeyIO           MODE: 2nd degree decls took 0 
478608     INFO  Test worker     d.u.i.k.n.KeyIO           Parsing took 0 ms 
478608     DEBUG Test worker     d.u.i.k.n.KeyIO           Load declarations of de.uka.ilkd.key.nparser.KeyAst$File:  <unknown>:1#1 
478608     INFO  Test worker     d.u.i.k.n.KeyIO           MODE: declarations took 0 ms 
478608     DEBUG Test worker     d.u.i.k.n.KeyIO           MODE: 2nd degree decls took 0 
478608     INFO  Test worker     d.u.i.k.n.KeyIO           Parsing took 0 ms 
478608     DEBUG Test worker     d.u.i.k.n.KeyIO           Load declarations of de.uka.ilkd.key.nparser.KeyAst$File:  <unknown>:1#1 
478608     INFO  Test worker     d.u.i.k.n.KeyIO           MODE: declarations took 0 ms 
478608     DEBUG Test worker     d.u.i.k.n.KeyIO           MODE: 2nd degree decls took 0 
478608     INFO  Test worker     d.u.i.k.n.KeyIO           Parsing took 0 ms 
478608     DEBUG Test worker     d.u.i.k.n.KeyIO           Load declarations of de.uka.ilkd.key.nparser.KeyAst$File:  <unknown>:1#1 
478608     INFO  Test worker     d.u.i.k.n.KeyIO           MODE: declarations took 0 ms 
478608     DEBUG Test worker     d.u.i.k.n.KeyIO           MODE: 2nd degree decls took 0 
482716     INFO  Test worker     d.u.i.k.n.KeyIO           Parsing took 0 ms 
482716     DEBUG Test worker     d.u.i.k.n.KeyIO           Load declarations of de.uka.ilkd.key.nparser.KeyAst$File:  <unknown>:1#1 
482716     INFO  Test worker     d.u.i.k.n.KeyIO           MODE: declarations took 0 ms 
482716     DEBUG Test worker     d.u.i.k.n.KeyIO           MODE: 2nd degree decls took 0 
482716     INFO  Test worker     d.u.i.k.n.KeyIO           Parsing took 0 ms 
482716     DEBUG Test worker     d.u.i.k.n.KeyIO           Load declarations of de.uka.ilkd.key.nparser.KeyAst$File:  <unknown>:1#1 
482716     INFO  Test worker     d.u.i.k.n.KeyIO           MODE: declarations took 0 ms 
482716     DEBUG Test worker     d.u.i.k.n.KeyIO           MODE: 2nd degree decls took 0 
482716     INFO  Test worker     d.u.i.k.n.KeyIO           Parsing took 0 ms 
482716     DEBUG Test worker     d.u.i.k.n.KeyIO           Load declarations of de.uka.ilkd.key.nparser.KeyAst$File:  <unknown>:1#1 
482716     INFO  Test worker     d.u.i.k.n.KeyIO           MODE: declarations took 0 ms 
482716     DEBUG Test worker     d.u.i.k.n.KeyIO           MODE: 2nd degree decls took 0 
482716     INFO  Test worker     d.u.i.k.n.KeyIO           Parsing took 0 ms 
482716     DEBUG Test worker     d.u.i.k.n.KeyIO           Load declarations of de.uka.ilkd.key.nparser.KeyAst$File:  <unknown>:1#1 
482716     INFO  Test worker     d.u.i.k.n.KeyIO           MODE: declarations took 0 ms 
482716     DEBUG Test worker     d.u.i.k.n.KeyIO           MODE: 2nd degree decls took 0 
482716     INFO  Test worker     d.u.i.k.n.KeyIO           Parsing took 0 ms 
482716     DEBUG Test worker     d.u.i.k.n.KeyIO           Load declarations of de.uka.ilkd.key.nparser.KeyAst$File:  <unknown>:1#1 
482716     INFO  Test worker     d.u.i.k.n.KeyIO           MODE: declarations took 0 ms 
482716     DEBUG Test worker     d.u.i.k.n.KeyIO           MODE: 2nd degree decls took 0 
486801     INFO  Test worker     d.u.i.k.n.KeyIO           Parsing took 0 ms 
486801     DEBUG Test worker     d.u.i.k.n.KeyIO           Load declarations of de.uka.ilkd.key.nparser.KeyAst$File:  <unknown>:1#1 
486801     INFO  Test worker     d.u.i.k.n.KeyIO           MODE: declarations took 0 ms 
486801     DEBUG Test worker     d.u.i.k.n.KeyIO           MODE: 2nd degree decls took 0 
486801     INFO  Test worker     d.u.i.k.n.KeyIO           Parsing took 0 ms 
486801     DEBUG Test worker     d.u.i.k.n.KeyIO           Load declarations of de.uka.ilkd.key.nparser.KeyAst$File:  <unknown>:1#1 
486801     INFO  Test worker     d.u.i.k.n.KeyIO           MODE: declarations took 0 ms 
486801     DEBUG Test worker     d.u.i.k.n.KeyIO           MODE: 2nd degree decls took 0 
486801     INFO  Test worker     d.u.i.k.n.KeyIO           Parsing took 0 ms 
486801     DEBUG Test worker     d.u.i.k.n.KeyIO           Load declarations of de.uka.ilkd.key.nparser.KeyAst$File:  <unknown>:1#1 
486801     INFO  Test worker     d.u.i.k.n.KeyIO           MODE: declarations took 0 ms 
486801     DEBUG Test worker     d.u.i.k.n.KeyIO           MODE: 2nd degree decls took 0 
486801     INFO  Test worker     d.u.i.k.n.KeyIO           Parsing took 0 ms 
486801     DEBUG Test worker     d.u.i.k.n.KeyIO           Load declarations of de.uka.ilkd.key.nparser.KeyAst$File:  <unknown>:1#1 
486816     INFO  Test worker     d.u.i.k.n.KeyIO           MODE: declarations took 15 ms 
486816     DEBUG Test worker     d.u.i.k.n.KeyIO           MODE: 2nd degree decls took 0 
486816     INFO  Test worker     d.u.i.k.n.KeyIO           Parsing took 0 ms 
486816     DEBUG Test worker     d.u.i.k.n.KeyIO           Load declarations of de.uka.ilkd.key.nparser.KeyAst$File:  <unknown>:1#1 
486816     INFO  Test worker     d.u.i.k.n.KeyIO           MODE: declarations took 0 ms 
486816     DEBUG Test worker     d.u.i.k.n.KeyIO           MODE: 2nd degree decls took 0 
486816     WARN  Test worker     d.u.i.k.n.KeYParser       [syntax-error] null:1:11: mismatched input '@' expecting {'/', ':=', '.', '(', ')', '{', '[', '@', PARALLEL, OR, AND, IMP, '=', NOT_EQUALS, '%', '*', '-', '+', '>', GREATEREQUAL, '<', LESSEQUAL, LGUILLEMETS, EQV} [@11,11:11='@',<153>,1:11] (termEOF) 
490902     INFO  Test worker     d.u.i.k.n.KeyIO           Parsing took 0 ms 
490902     DEBUG Test worker     d.u.i.k.n.KeyIO           Load declarations of de.uka.ilkd.key.nparser.KeyAst$File:  <unknown>:1#1 
490902     INFO  Test worker     d.u.i.k.n.KeyIO           MODE: declarations took 0 ms 
490902     DEBUG Test worker     d.u.i.k.n.KeyIO           MODE: 2nd degree decls took 0 
490902     INFO  Test worker     d.u.i.k.n.KeyIO           Parsing took 0 ms 
490902     DEBUG Test worker     d.u.i.k.n.KeyIO           Load declarations of de.uka.ilkd.key.nparser.KeyAst$File:  <unknown>:1#1 
490902     INFO  Test worker     d.u.i.k.n.KeyIO           MODE: declarations took 0 ms 
490902     DEBUG Test worker     d.u.i.k.n.KeyIO           MODE: 2nd degree decls took 0 
490902     INFO  Test worker     d.u.i.k.n.KeyIO           Parsing took 0 ms 
490902     DEBUG Test worker     d.u.i.k.n.KeyIO           Load declarations of de.uka.ilkd.key.nparser.KeyAst$File:  <unknown>:1#1 
490902     INFO  Test worker     d.u.i.k.n.KeyIO           MODE: declarations took 0 ms 
490902     DEBUG Test worker     d.u.i.k.n.KeyIO           MODE: 2nd degree decls took 0 
490902     INFO  Test worker     d.u.i.k.n.KeyIO           Parsing took 0 ms 
490902     DEBUG Test worker     d.u.i.k.n.KeyIO           Load declarations of de.uka.ilkd.key.nparser.KeyAst$File:  <unknown>:1#1 
490902     INFO  Test worker     d.u.i.k.n.KeyIO           MODE: declarations took 0 ms 
490902     DEBUG Test worker     d.u.i.k.n.KeyIO           MODE: 2nd degree decls took 0 
490902     INFO  Test worker     d.u.i.k.n.KeyIO           Parsing took 0 ms 
490902     DEBUG Test worker     d.u.i.k.n.KeyIO           Load declarations of de.uka.ilkd.key.nparser.KeyAst$File:  <unknown>:1#1 
490902     INFO  Test worker     d.u.i.k.n.KeyIO           MODE: declarations took 0 ms 
490902     DEBUG Test worker     d.u.i.k.n.KeyIO           MODE: 2nd degree decls took 0 
494965     INFO  Test worker     d.u.i.k.n.KeyIO           Parsing took 0 ms 
494965     DEBUG Test worker     d.u.i.k.n.KeyIO           Load declarations of de.uka.ilkd.key.nparser.KeyAst$File:  <unknown>:1#1 
494965     INFO  Test worker     d.u.i.k.n.KeyIO           MODE: declarations took 0 ms 
494965     DEBUG Test worker     d.u.i.k.n.KeyIO           MODE: 2nd degree decls took 0 
494965     INFO  Test worker     d.u.i.k.n.KeyIO           Parsing took 0 ms 
494965     DEBUG Test worker     d.u.i.k.n.KeyIO           Load declarations of de.uka.ilkd.key.nparser.KeyAst$File:  <unknown>:1#1 
494965     INFO  Test worker     d.u.i.k.n.KeyIO           MODE: declarations took 0 ms 
494965     DEBUG Test worker     d.u.i.k.n.KeyIO           MODE: 2nd degree decls took 0 
494965     INFO  Test worker     d.u.i.k.n.KeyIO           Parsing took 0 ms 
494965     DEBUG Test worker     d.u.i.k.n.KeyIO           Load declarations of de.uka.ilkd.key.nparser.KeyAst$File:  <unknown>:1#1 
494965     INFO  Test worker     d.u.i.k.n.KeyIO           MODE: declarations took 0 ms 
494965     DEBUG Test worker     d.u.i.k.n.KeyIO           MODE: 2nd degree decls took 0 
494965     INFO  Test worker     d.u.i.k.n.KeyIO           Parsing took 0 ms 
494965     DEBUG Test worker     d.u.i.k.n.KeyIO           Load declarations of de.uka.ilkd.key.nparser.KeyAst$File:  <unknown>:1#1 
494965     INFO  Test worker     d.u.i.k.n.KeyIO           MODE: declarations took 0 ms 
494965     DEBUG Test worker     d.u.i.k.n.KeyIO           MODE: 2nd degree decls took 0 
494965     INFO  Test worker     d.u.i.k.n.KeyIO           Parsing took 0 ms 
494965     DEBUG Test worker     d.u.i.k.n.KeyIO           Load declarations of de.uka.ilkd.key.nparser.KeyAst$File:  <unknown>:1#1 
494965     INFO  Test worker     d.u.i.k.n.KeyIO           MODE: declarations took 0 ms 
494965     DEBUG Test worker     d.u.i.k.n.KeyIO           MODE: 2nd degree decls took 0 
499034     INFO  Test worker     d.u.i.k.n.KeyIO           Parsing took 0 ms 
499034     DEBUG Test worker     d.u.i.k.n.KeyIO           Load declarations of de.uka.ilkd.key.nparser.KeyAst$File:  <unknown>:1#1 
499034     INFO  Test worker     d.u.i.k.n.KeyIO           MODE: declarations took 0 ms 
499034     DEBUG Test worker     d.u.i.k.n.KeyIO           MODE: 2nd degree decls took 0 
499034     INFO  Test worker     d.u.i.k.n.KeyIO           Parsing took 0 ms 
499034     DEBUG Test worker     d.u.i.k.n.KeyIO           Load declarations of de.uka.ilkd.key.nparser.KeyAst$File:  <unknown>:1#1 
499034     INFO  Test worker     d.u.i.k.n.KeyIO           MODE: declarations took 0 ms 
499034     DEBUG Test worker     d.u.i.k.n.KeyIO           MODE: 2nd degree decls took 0 
499034     INFO  Test worker     d.u.i.k.n.KeyIO           Parsing took 0 ms 
499034     DEBUG Test worker     d.u.i.k.n.KeyIO           Load declarations of de.uka.ilkd.key.nparser.KeyAst$File:  <unknown>:1#1 
499034     INFO  Test worker     d.u.i.k.n.KeyIO           MODE: declarations took 0 ms 
499034     DEBUG Test worker     d.u.i.k.n.KeyIO           MODE: 2nd degree decls took 0 
499034     INFO  Test worker     d.u.i.k.n.KeyIO           Parsing took 0 ms 
499034     DEBUG Test worker     d.u.i.k.n.KeyIO           Load declarations of de.uka.ilkd.key.nparser.KeyAst$File:  <unknown>:1#1 
499034     INFO  Test worker     d.u.i.k.n.KeyIO           MODE: declarations took 0 ms 
499034     DEBUG Test worker     d.u.i.k.n.KeyIO           MODE: 2nd degree decls took 0 
499034     INFO  Test worker     d.u.i.k.n.KeyIO           Parsing took 0 ms 
499034     DEBUG Test worker     d.u.i.k.n.KeyIO           Load declarations of de.uka.ilkd.key.nparser.KeyAst$File:  <unknown>:1#1 
499034     INFO  Test worker     d.u.i.k.n.KeyIO           MODE: declarations took 0 ms 
499034     DEBUG Test worker     d.u.i.k.n.KeyIO           MODE: 2nd degree decls took 0 
503962     INFO  Test worker     d.u.i.k.n.KeyIO           Parsing took 0 ms 
503962     DEBUG Test worker     d.u.i.k.n.KeyIO           Load declarations of de.uka.ilkd.key.nparser.KeyAst$File:  <unknown>:1#1 
503962     INFO  Test worker     d.u.i.k.n.KeyIO           MODE: declarations took 0 ms 
503962     DEBUG Test worker     d.u.i.k.n.KeyIO           MODE: 2nd degree decls took 0 
503962     INFO  Test worker     d.u.i.k.n.KeyIO           Parsing took 0 ms 
503962     DEBUG Test worker     d.u.i.k.n.KeyIO           Load declarations of de.uka.ilkd.key.nparser.KeyAst$File:  <unknown>:1#1 
503962     INFO  Test worker     d.u.i.k.n.KeyIO           MODE: declarations took 0 ms 
503962     DEBUG Test worker     d.u.i.k.n.KeyIO           MODE: 2nd degree decls took 0 
503962     INFO  Test worker     d.u.i.k.n.KeyIO           Parsing took 0 ms 
503962     DEBUG Test worker     d.u.i.k.n.KeyIO           Load declarations of de.uka.ilkd.key.nparser.KeyAst$File:  <unknown>:1#1 
503962     INFO  Test worker     d.u.i.k.n.KeyIO           MODE: declarations took 0 ms 
503962     DEBUG Test worker     d.u.i.k.n.KeyIO           MODE: 2nd degree decls took 0 
503962     INFO  Test worker     d.u.i.k.n.KeyIO           Parsing took 0 ms 
503962     DEBUG Test worker     d.u.i.k.n.KeyIO           Load declarations of de.uka.ilkd.key.nparser.KeyAst$File:  <unknown>:1#1 
503962     INFO  Test worker     d.u.i.k.n.KeyIO           MODE: declarations took 0 ms 
503962     DEBUG Test worker     d.u.i.k.n.KeyIO           MODE: 2nd degree decls took 0 
503962     INFO  Test worker     d.u.i.k.n.KeyIO           Parsing took 0 ms 
503962     DEBUG Test worker     d.u.i.k.n.KeyIO           Load declarations of de.uka.ilkd.key.nparser.KeyAst$File:  <unknown>:1#1 
503962     INFO  Test worker     d.u.i.k.n.KeyIO           MODE: declarations took 0 ms 
503962     DEBUG Test worker     d.u.i.k.n.KeyIO           MODE: 2nd degree decls took 0 
508023     INFO  Test worker     d.u.i.k.n.KeyIO           Parsing took 0 ms 
508023     DEBUG Test worker     d.u.i.k.n.KeyIO           Load declarations of de.uka.ilkd.key.nparser.KeyAst$File:  <unknown>:1#1 
508023     INFO  Test worker     d.u.i.k.n.KeyIO           MODE: declarations took 0 ms 
508023     DEBUG Test worker     d.u.i.k.n.KeyIO           MODE: 2nd degree decls took 0 
508023     INFO  Test worker     d.u.i.k.n.KeyIO           Parsing took 0 ms 
508023     DEBUG Test worker     d.u.i.k.n.KeyIO           Load declarations of de.uka.ilkd.key.nparser.KeyAst$File:  <unknown>:1#1 
508023     INFO  Test worker     d.u.i.k.n.KeyIO           MODE: declarations took 0 ms 
508023     DEBUG Test worker     d.u.i.k.n.KeyIO           MODE: 2nd degree decls took 0 
508023     INFO  Test worker     d.u.i.k.n.KeyIO           Parsing took 0 ms 
508023     DEBUG Test worker     d.u.i.k.n.KeyIO           Load declarations of de.uka.ilkd.key.nparser.KeyAst$File:  <unknown>:1#1 
508023     INFO  Test worker     d.u.i.k.n.KeyIO           MODE: declarations took 0 ms 
508023     DEBUG Test worker     d.u.i.k.n.KeyIO           MODE: 2nd degree decls took 0 
508023     INFO  Test worker     d.u.i.k.n.KeyIO           Parsing took 0 ms 
508023     DEBUG Test worker     d.u.i.k.n.KeyIO           Load declarations of de.uka.ilkd.key.nparser.KeyAst$File:  <unknown>:1#1 
508023     INFO  Test worker     d.u.i.k.n.KeyIO           MODE: declarations took 0 ms 
508023     DEBUG Test worker     d.u.i.k.n.KeyIO           MODE: 2nd degree decls took 0 
508023     INFO  Test worker     d.u.i.k.n.KeyIO           Parsing took 0 ms 
508023     DEBUG Test worker     d.u.i.k.n.KeyIO           Load declarations of de.uka.ilkd.key.nparser.KeyAst$File:  <unknown>:1#1 
508023     INFO  Test worker     d.u.i.k.n.KeyIO           MODE: declarations took 0 ms 
508023     DEBUG Test worker     d.u.i.k.n.KeyIO           MODE: 2nd degree decls took 0 
512114     INFO  Test worker     d.u.i.k.n.KeyIO           Parsing took 0 ms 
512130     DEBUG Test worker     d.u.i.k.n.KeyIO           Load declarations of de.uka.ilkd.key.nparser.KeyAst$File:  <unknown>:1#1 
512130     INFO  Test worker     d.u.i.k.n.KeyIO           MODE: declarations took 0 ms 
512130     DEBUG Test worker     d.u.i.k.n.KeyIO           MODE: 2nd degree decls took 0 
512130     INFO  Test worker     d.u.i.k.n.KeyIO           Parsing took 0 ms 
512130     DEBUG Test worker     d.u.i.k.n.KeyIO           Load declarations of de.uka.ilkd.key.nparser.KeyAst$File:  <unknown>:1#1 
512130     INFO  Test worker     d.u.i.k.n.KeyIO           MODE: declarations took 0 ms 
512130     DEBUG Test worker     d.u.i.k.n.KeyIO           MODE: 2nd degree decls took 0 
512130     INFO  Test worker     d.u.i.k.n.KeyIO           Parsing took 0 ms 
512130     DEBUG Test worker     d.u.i.k.n.KeyIO           Load declarations of de.uka.ilkd.key.nparser.KeyAst$File:  <unknown>:1#1 
512130     INFO  Test worker     d.u.i.k.n.KeyIO           MODE: declarations took 0 ms 
512130     DEBUG Test worker     d.u.i.k.n.KeyIO           MODE: 2nd degree decls took 0 
512130     INFO  Test worker     d.u.i.k.n.KeyIO           Parsing took 0 ms 
512130     DEBUG Test worker     d.u.i.k.n.KeyIO           Load declarations of de.uka.ilkd.key.nparser.KeyAst$File:  <unknown>:1#1 
512130     INFO  Test worker     d.u.i.k.n.KeyIO           MODE: declarations took 0 ms 
512130     DEBUG Test worker     d.u.i.k.n.KeyIO           MODE: 2nd degree decls took 0 
512130     INFO  Test worker     d.u.i.k.n.KeyIO           Parsing took 0 ms 
512130     DEBUG Test worker     d.u.i.k.n.KeyIO           Load declarations of de.uka.ilkd.key.nparser.KeyAst$File:  <unknown>:1#1 
512130     INFO  Test worker     d.u.i.k.n.KeyIO           MODE: declarations took 0 ms 
512130     DEBUG Test worker     d.u.i.k.n.KeyIO           MODE: 2nd degree decls took 0 
516397     INFO  Test worker     d.u.i.k.n.KeyIO           Parsing took 0 ms 
516397     DEBUG Test worker     d.u.i.k.n.KeyIO           Load declarations of de.uka.ilkd.key.nparser.KeyAst$File:  <unknown>:1#1 
516397     INFO  Test worker     d.u.i.k.n.KeyIO           MODE: declarations took 0 ms 
516397     DEBUG Test worker     d.u.i.k.n.KeyIO           MODE: 2nd degree decls took 0 
516397     INFO  Test worker     d.u.i.k.n.KeyIO           Parsing took 0 ms 
516397     DEBUG Test worker     d.u.i.k.n.KeyIO           Load declarations of de.uka.ilkd.key.nparser.KeyAst$File:  <unknown>:1#1 
516397     INFO  Test worker     d.u.i.k.n.KeyIO           MODE: declarations took 0 ms 
516397     DEBUG Test worker     d.u.i.k.n.KeyIO           MODE: 2nd degree decls took 0 
516397     INFO  Test worker     d.u.i.k.n.KeyIO           Parsing took 0 ms 
516397     DEBUG Test worker     d.u.i.k.n.KeyIO           Load declarations of de.uka.ilkd.key.nparser.KeyAst$File:  <unknown>:1#1 
516397     INFO  Test worker     d.u.i.k.n.KeyIO           MODE: declarations took 0 ms 
516397     DEBUG Test worker     d.u.i.k.n.KeyIO           MODE: 2nd degree decls took 0 
516397     INFO  Test worker     d.u.i.k.n.KeyIO           Parsing took 0 ms 
516397     DEBUG Test worker     d.u.i.k.n.KeyIO           Load declarations of de.uka.ilkd.key.nparser.KeyAst$File:  <unknown>:1#1 
516397     INFO  Test worker     d.u.i.k.n.KeyIO           MODE: declarations took 0 ms 
516397     DEBUG Test worker     d.u.i.k.n.KeyIO           MODE: 2nd degree decls took 0 
516397     INFO  Test worker     d.u.i.k.n.KeyIO           Parsing took 0 ms 
516397     DEBUG Test worker     d.u.i.k.n.KeyIO           Load declarations of de.uka.ilkd.key.nparser.KeyAst$File:  <unknown>:1#1 
516397     INFO  Test worker     d.u.i.k.n.KeyIO           MODE: declarations took 0 ms 
516397     DEBUG Test worker     d.u.i.k.n.KeyIO           MODE: 2nd degree decls took 0 
520461     INFO  Test worker     d.u.i.k.n.KeyIO           Parsing took 0 ms 
520461     DEBUG Test worker     d.u.i.k.n.KeyIO           Load declarations of de.uka.ilkd.key.nparser.KeyAst$File:  <unknown>:1#1 
520461     INFO  Test worker     d.u.i.k.n.KeyIO           MODE: declarations took 0 ms 
520461     DEBUG Test worker     d.u.i.k.n.KeyIO           MODE: 2nd degree decls took 0 
520461     INFO  Test worker     d.u.i.k.n.KeyIO           Parsing took 0 ms 
520461     DEBUG Test worker     d.u.i.k.n.KeyIO           Load declarations of de.uka.ilkd.key.nparser.KeyAst$File:  <unknown>:1#1 
520461     INFO  Test worker     d.u.i.k.n.KeyIO           MODE: declarations took 0 ms 
520461     DEBUG Test worker     d.u.i.k.n.KeyIO           MODE: 2nd degree decls took 0 
520461     INFO  Test worker     d.u.i.k.n.KeyIO           Parsing took 0 ms 
520461     DEBUG Test worker     d.u.i.k.n.KeyIO           Load declarations of de.uka.ilkd.key.nparser.KeyAst$File:  <unknown>:1#1 
520461     INFO  Test worker     d.u.i.k.n.KeyIO           MODE: declarations took 0 ms 
520461     DEBUG Test worker     d.u.i.k.n.KeyIO           MODE: 2nd degree decls took 0 
520461     INFO  Test worker     d.u.i.k.n.KeyIO           Parsing took 0 ms 
520461     DEBUG Test worker     d.u.i.k.n.KeyIO           Load declarations of de.uka.ilkd.key.nparser.KeyAst$File:  <unknown>:1#1 
520461     INFO  Test worker     d.u.i.k.n.KeyIO           MODE: declarations took 0 ms 
520461     DEBUG Test worker     d.u.i.k.n.KeyIO           MODE: 2nd degree decls took 0 
520461     INFO  Test worker     d.u.i.k.n.KeyIO           Parsing took 0 ms 
520461     DEBUG Test worker     d.u.i.k.n.KeyIO           Load declarations of de.uka.ilkd.key.nparser.KeyAst$File:  <unknown>:1#1 
520461     INFO  Test worker     d.u.i.k.n.KeyIO           MODE: declarations took 0 ms 
520461     DEBUG Test worker     d.u.i.k.n.KeyIO           MODE: 2nd degree decls took 0 
524547     INFO  Test worker     d.u.i.k.n.KeyIO           Parsing took 0 ms 
524547     DEBUG Test worker     d.u.i.k.n.KeyIO           Load declarations of de.uka.ilkd.key.nparser.KeyAst$File:  <unknown>:1#1 
524547     INFO  Test worker     d.u.i.k.n.KeyIO           MODE: declarations took 0 ms 
524547     DEBUG Test worker     d.u.i.k.n.KeyIO           MODE: 2nd degree decls took 0 
524547     INFO  Test worker     d.u.i.k.n.KeyIO           Parsing took 0 ms 
524547     DEBUG Test worker     d.u.i.k.n.KeyIO           Load declarations of de.uka.ilkd.key.nparser.KeyAst$File:  <unknown>:1#1 
524547     INFO  Test worker     d.u.i.k.n.KeyIO           MODE: declarations took 0 ms 
524547     DEBUG Test worker     d.u.i.k.n.KeyIO           MODE: 2nd degree decls took 0 
524547     INFO  Test worker     d.u.i.k.n.KeyIO           Parsing took 0 ms 
524547     DEBUG Test worker     d.u.i.k.n.KeyIO           Load declarations of de.uka.ilkd.key.nparser.KeyAst$File:  <unknown>:1#1 
524547     INFO  Test worker     d.u.i.k.n.KeyIO           MODE: declarations took 0 ms 
524547     DEBUG Test worker     d.u.i.k.n.KeyIO           MODE: 2nd degree decls took 0 
524547     INFO  Test worker     d.u.i.k.n.KeyIO           Parsing took 0 ms 
524547     DEBUG Test worker     d.u.i.k.n.KeyIO           Load declarations of de.uka.ilkd.key.nparser.KeyAst$File:  <unknown>:1#1 
524547     INFO  Test worker     d.u.i.k.n.KeyIO           MODE: declarations took 0 ms 
524547     DEBUG Test worker     d.u.i.k.n.KeyIO           MODE: 2nd degree decls took 0 
524547     INFO  Test worker     d.u.i.k.n.KeyIO           Parsing took 0 ms 
524547     DEBUG Test worker     d.u.i.k.n.KeyIO           Load declarations of de.uka.ilkd.key.nparser.KeyAst$File:  <unknown>:1#1 
524547     INFO  Test worker     d.u.i.k.n.KeyIO           MODE: declarations took 0 ms 
524547     DEBUG Test worker     d.u.i.k.n.KeyIO           MODE: 2nd degree decls took 0 
528599     INFO  Test worker     d.u.i.k.n.KeyIO           Parsing took 0 ms 
528599     DEBUG Test worker     d.u.i.k.n.KeyIO           Load declarations of de.uka.ilkd.key.nparser.KeyAst$File:  <unknown>:1#1 
528599     INFO  Test worker     d.u.i.k.n.KeyIO           MODE: declarations took 0 ms 
528599     DEBUG Test worker     d.u.i.k.n.KeyIO           MODE: 2nd degree decls took 0 
528599     INFO  Test worker     d.u.i.k.n.KeyIO           Parsing took 0 ms 
528599     DEBUG Test worker     d.u.i.k.n.KeyIO           Load declarations of de.uka.ilkd.key.nparser.KeyAst$File:  <unknown>:1#1 
528599     INFO  Test worker     d.u.i.k.n.KeyIO           MODE: declarations took 0 ms 
528599     DEBUG Test worker     d.u.i.k.n.KeyIO           MODE: 2nd degree decls took 0 
528599     INFO  Test worker     d.u.i.k.n.KeyIO           Parsing took 0 ms 
528599     DEBUG Test worker     d.u.i.k.n.KeyIO           Load declarations of de.uka.ilkd.key.nparser.KeyAst$File:  <unknown>:1#1 
528599     INFO  Test worker     d.u.i.k.n.KeyIO           MODE: declarations took 0 ms 
528599     DEBUG Test worker     d.u.i.k.n.KeyIO           MODE: 2nd degree decls took 0 
528599     INFO  Test worker     d.u.i.k.n.KeyIO           Parsing took 0 ms 
528599     DEBUG Test worker     d.u.i.k.n.KeyIO           Load declarations of de.uka.ilkd.key.nparser.KeyAst$File:  <unknown>:1#1 
528599     INFO  Test worker     d.u.i.k.n.KeyIO           MODE: declarations took 0 ms 
528599     DEBUG Test worker     d.u.i.k.n.KeyIO           MODE: 2nd degree decls took 0 
528599     INFO  Test worker     d.u.i.k.n.KeyIO           Parsing took 0 ms 
528599     DEBUG Test worker     d.u.i.k.n.KeyIO           Load declarations of de.uka.ilkd.key.nparser.KeyAst$File:  <unknown>:1#1 
528599     INFO  Test worker     d.u.i.k.n.KeyIO           MODE: declarations took 0 ms 
528599     DEBUG Test worker     d.u.i.k.n.KeyIO           MODE: 2nd degree decls took 0 
532666     INFO  Test worker     d.u.i.k.n.KeyIO           Parsing took 0 ms 
532666     DEBUG Test worker     d.u.i.k.n.KeyIO           Load declarations of de.uka.ilkd.key.nparser.KeyAst$File:  <unknown>:1#1 
532666     INFO  Test worker     d.u.i.k.n.KeyIO           MODE: declarations took 0 ms 
532666     DEBUG Test worker     d.u.i.k.n.KeyIO           MODE: 2nd degree decls took 0 
532666     INFO  Test worker     d.u.i.k.n.KeyIO           Parsing took 0 ms 
532666     DEBUG Test worker     d.u.i.k.n.KeyIO           Load declarations of de.uka.ilkd.key.nparser.KeyAst$File:  <unknown>:1#1 
532666     INFO  Test worker     d.u.i.k.n.KeyIO           MODE: declarations took 0 ms 
532666     DEBUG Test worker     d.u.i.k.n.KeyIO           MODE: 2nd degree decls took 0 
532666     INFO  Test worker     d.u.i.k.n.KeyIO           Parsing took 0 ms 
532666     DEBUG Test worker     d.u.i.k.n.KeyIO           Load declarations of de.uka.ilkd.key.nparser.KeyAst$File:  <unknown>:1#1 
532666     INFO  Test worker     d.u.i.k.n.KeyIO           MODE: declarations took 0 ms 
532666     DEBUG Test worker     d.u.i.k.n.KeyIO           MODE: 2nd degree decls took 0 
532666     INFO  Test worker     d.u.i.k.n.KeyIO           Parsing took 0 ms 
532666     DEBUG Test worker     d.u.i.k.n.KeyIO           Load declarations of de.uka.ilkd.key.nparser.KeyAst$File:  <unknown>:1#1 
532666     INFO  Test worker     d.u.i.k.n.KeyIO           MODE: declarations took 0 ms 
532666     DEBUG Test worker     d.u.i.k.n.KeyIO           MODE: 2nd degree decls took 0 
532666     INFO  Test worker     d.u.i.k.n.KeyIO           Parsing took 0 ms 
532666     DEBUG Test worker     d.u.i.k.n.KeyIO           Load declarations of de.uka.ilkd.key.nparser.KeyAst$File:  <unknown>:1#1 
532666     INFO  Test worker     d.u.i.k.n.KeyIO           MODE: declarations took 0 ms 
532666     DEBUG Test worker     d.u.i.k.n.KeyIO           MODE: 2nd degree decls took 0 
536728     INFO  Test worker     d.u.i.k.n.KeyIO           Parsing took 0 ms 
536728     DEBUG Test worker     d.u.i.k.n.KeyIO           Load declarations of de.uka.ilkd.key.nparser.KeyAst$File:  <unknown>:1#1 
536728     INFO  Test worker     d.u.i.k.n.KeyIO           MODE: declarations took 0 ms 
536728     DEBUG Test worker     d.u.i.k.n.KeyIO           MODE: 2nd degree decls took 0 
536728     INFO  Test worker     d.u.i.k.n.KeyIO           Parsing took 0 ms 
536728     DEBUG Test worker     d.u.i.k.n.KeyIO           Load declarations of de.uka.ilkd.key.nparser.KeyAst$File:  <unknown>:1#1 
536728     INFO  Test worker     d.u.i.k.n.KeyIO           MODE: declarations took 0 ms 
536728     DEBUG Test worker     d.u.i.k.n.KeyIO           MODE: 2nd degree decls took 0 
536728     INFO  Test worker     d.u.i.k.n.KeyIO           Parsing took 0 ms 
536728     DEBUG Test worker     d.u.i.k.n.KeyIO           Load declarations of de.uka.ilkd.key.nparser.KeyAst$File:  <unknown>:1#1 
536728     INFO  Test worker     d.u.i.k.n.KeyIO           MODE: declarations took 0 ms 
536728     DEBUG Test worker     d.u.i.k.n.KeyIO           MODE: 2nd degree decls took 0 
536728     INFO  Test worker     d.u.i.k.n.KeyIO           Parsing took 0 ms 
536728     DEBUG Test worker     d.u.i.k.n.KeyIO           Load declarations of de.uka.ilkd.key.nparser.KeyAst$File:  <unknown>:1#1 
536728     INFO  Test worker     d.u.i.k.n.KeyIO           MODE: declarations took 0 ms 
536728     DEBUG Test worker     d.u.i.k.n.KeyIO           MODE: 2nd degree decls took 0 
536728     INFO  Test worker     d.u.i.k.n.KeyIO           Parsing took 0 ms 
536728     DEBUG Test worker     d.u.i.k.n.KeyIO           Load declarations of de.uka.ilkd.key.nparser.KeyAst$File:  <unknown>:1#1 
536728     INFO  Test worker     d.u.i.k.n.KeyIO           MODE: declarations took 0 ms 
536728     DEBUG Test worker     d.u.i.k.n.KeyIO           MODE: 2nd degree decls took 0 
540777     INFO  Test worker     d.u.i.k.n.KeyIO           Parsing took 0 ms 
540777     DEBUG Test worker     d.u.i.k.n.KeyIO           Load declarations of de.uka.ilkd.key.nparser.KeyAst$File:  <unknown>:1#1 
540777     INFO  Test worker     d.u.i.k.n.KeyIO           MODE: declarations took 0 ms 
540777     DEBUG Test worker     d.u.i.k.n.KeyIO           MODE: 2nd degree decls took 0 
540777     INFO  Test worker     d.u.i.k.n.KeyIO           Parsing took 0 ms 
540777     DEBUG Test worker     d.u.i.k.n.KeyIO           Load declarations of de.uka.ilkd.key.nparser.KeyAst$File:  <unknown>:1#1 
540777     INFO  Test worker     d.u.i.k.n.KeyIO           MODE: declarations took 0 ms 
540777     DEBUG Test worker     d.u.i.k.n.KeyIO           MODE: 2nd degree decls took 0 
540777     INFO  Test worker     d.u.i.k.n.KeyIO           Parsing took 0 ms 
540777     DEBUG Test worker     d.u.i.k.n.KeyIO           Load declarations of de.uka.ilkd.key.nparser.KeyAst$File:  <unknown>:1#1 
540777     INFO  Test worker     d.u.i.k.n.KeyIO           MODE: declarations took 0 ms 
540777     DEBUG Test worker     d.u.i.k.n.KeyIO           MODE: 2nd degree decls took 0 
540777     INFO  Test worker     d.u.i.k.n.KeyIO           Parsing took 0 ms 
540777     DEBUG Test worker     d.u.i.k.n.KeyIO           Load declarations of de.uka.ilkd.key.nparser.KeyAst$File:  <unknown>:1#1 
540777     INFO  Test worker     d.u.i.k.n.KeyIO           MODE: declarations took 0 ms 
540777     DEBUG Test worker     d.u.i.k.n.KeyIO           MODE: 2nd degree decls took 0 
540777     INFO  Test worker     d.u.i.k.n.KeyIO           Parsing took 0 ms 
540777     DEBUG Test worker     d.u.i.k.n.KeyIO           Load declarations of de.uka.ilkd.key.nparser.KeyAst$File:  <unknown>:1#1 
540777     INFO  Test worker     d.u.i.k.n.KeyIO           MODE: declarations took 0 ms 
540777     DEBUG Test worker     d.u.i.k.n.KeyIO           MODE: 2nd degree decls took 0 
544861     INFO  Test worker     d.u.i.k.n.KeyIO           Parsing took 0 ms 
544861     DEBUG Test worker     d.u.i.k.n.KeyIO           Load declarations of de.uka.ilkd.key.nparser.KeyAst$File:  <unknown>:1#1 
544861     INFO  Test worker     d.u.i.k.n.KeyIO           MODE: declarations took 0 ms 
544861     DEBUG Test worker     d.u.i.k.n.KeyIO           MODE: 2nd degree decls took 0 
544861     INFO  Test worker     d.u.i.k.n.KeyIO           Parsing took 0 ms 
544861     DEBUG Test worker     d.u.i.k.n.KeyIO           Load declarations of de.uka.ilkd.key.nparser.KeyAst$File:  <unknown>:1#1 
544861     INFO  Test worker     d.u.i.k.n.KeyIO           MODE: declarations took 0 ms 
544861     DEBUG Test worker     d.u.i.k.n.KeyIO           MODE: 2nd degree decls took 0 
544861     INFO  Test worker     d.u.i.k.n.KeyIO           Parsing took 0 ms 
544861     DEBUG Test worker     d.u.i.k.n.KeyIO           Load declarations of de.uka.ilkd.key.nparser.KeyAst$File:  <unknown>:1#1 
544861     INFO  Test worker     d.u.i.k.n.KeyIO           MODE: declarations took 0 ms 
544861     DEBUG Test worker     d.u.i.k.n.KeyIO           MODE: 2nd degree decls took 0 
544861     INFO  Test worker     d.u.i.k.n.KeyIO           Parsing took 0 ms 
544861     DEBUG Test worker     d.u.i.k.n.KeyIO           Load declarations of de.uka.ilkd.key.nparser.KeyAst$File:  <unknown>:1#1 
544861     INFO  Test worker     d.u.i.k.n.KeyIO           MODE: declarations took 0 ms 
544861     DEBUG Test worker     d.u.i.k.n.KeyIO           MODE: 2nd degree decls took 0 
544861     INFO  Test worker     d.u.i.k.n.KeyIO           Parsing took 0 ms 
544861     DEBUG Test worker     d.u.i.k.n.KeyIO           Load declarations of de.uka.ilkd.key.nparser.KeyAst$File:  <unknown>:1#1 
544861     INFO  Test worker     d.u.i.k.n.KeyIO           MODE: declarations took 0 ms 
544861     DEBUG Test worker     d.u.i.k.n.KeyIO           MODE: 2nd degree decls took 0 
548973     INFO  Test worker     d.u.i.k.n.KeyIO           Parsing took 0 ms 
548973     DEBUG Test worker     d.u.i.k.n.KeyIO           Load declarations of de.uka.ilkd.key.nparser.KeyAst$File:  <unknown>:1#1 
548973     INFO  Test worker     d.u.i.k.n.KeyIO           MODE: declarations took 0 ms 
548973     DEBUG Test worker     d.u.i.k.n.KeyIO           MODE: 2nd degree decls took 0 
548973     INFO  Test worker     d.u.i.k.n.KeyIO           Parsing took 0 ms 
548973     DEBUG Test worker     d.u.i.k.n.KeyIO           Load declarations of de.uka.ilkd.key.nparser.KeyAst$File:  <unknown>:1#1 
548973     INFO  Test worker     d.u.i.k.n.KeyIO           MODE: declarations took 0 ms 
548973     DEBUG Test worker     d.u.i.k.n.KeyIO           MODE: 2nd degree decls took 0 
548973     INFO  Test worker     d.u.i.k.n.KeyIO           Parsing took 0 ms 
548973     DEBUG Test worker     d.u.i.k.n.KeyIO           Load declarations of de.uka.ilkd.key.nparser.KeyAst$File:  <unknown>:1#1 
548973     INFO  Test worker     d.u.i.k.n.KeyIO           MODE: declarations took 0 ms 
548973     DEBUG Test worker     d.u.i.k.n.KeyIO           MODE: 2nd degree decls took 0 
548973     INFO  Test worker     d.u.i.k.n.KeyIO           Parsing took 0 ms 
548973     DEBUG Test worker     d.u.i.k.n.KeyIO           Load declarations of de.uka.ilkd.key.nparser.KeyAst$File:  <unknown>:1#1 
548973     INFO  Test worker     d.u.i.k.n.KeyIO           MODE: declarations took 0 ms 
548973     DEBUG Test worker     d.u.i.k.n.KeyIO           MODE: 2nd degree decls took 0 
548973     INFO  Test worker     d.u.i.k.n.KeyIO           Parsing took 0 ms 
548973     DEBUG Test worker     d.u.i.k.n.KeyIO           Load declarations of de.uka.ilkd.key.nparser.KeyAst$File:  <unknown>:1#1 
548973     INFO  Test worker     d.u.i.k.n.KeyIO           MODE: declarations took 0 ms 
548973     DEBUG Test worker     d.u.i.k.n.KeyIO           MODE: 2nd degree decls took 0 
553059     INFO  Test worker     d.u.i.k.n.KeyIO           Parsing took 0 ms 
553059     DEBUG Test worker     d.u.i.k.n.KeyIO           Load declarations of de.uka.ilkd.key.nparser.KeyAst$File:  <unknown>:1#1 
553059     INFO  Test worker     d.u.i.k.n.KeyIO           MODE: declarations took 0 ms 
553059     DEBUG Test worker     d.u.i.k.n.KeyIO           MODE: 2nd degree decls took 0 
553059     INFO  Test worker     d.u.i.k.n.KeyIO           Parsing took 0 ms 
553059     DEBUG Test worker     d.u.i.k.n.KeyIO           Load declarations of de.uka.ilkd.key.nparser.KeyAst$File:  <unknown>:1#1 
553059     INFO  Test worker     d.u.i.k.n.KeyIO           MODE: declarations took 0 ms 
553059     DEBUG Test worker     d.u.i.k.n.KeyIO           MODE: 2nd degree decls took 0 
553059     INFO  Test worker     d.u.i.k.n.KeyIO           Parsing took 0 ms 
553059     DEBUG Test worker     d.u.i.k.n.KeyIO           Load declarations of de.uka.ilkd.key.nparser.KeyAst$File:  <unknown>:1#1 
553059     INFO  Test worker     d.u.i.k.n.KeyIO           MODE: declarations took 0 ms 
553059     DEBUG Test worker     d.u.i.k.n.KeyIO           MODE: 2nd degree decls took 0 
553059     INFO  Test worker     d.u.i.k.n.KeyIO           Parsing took 0 ms 
553059     DEBUG Test worker     d.u.i.k.n.KeyIO           Load declarations of de.uka.ilkd.key.nparser.KeyAst$File:  <unknown>:1#1 
553074     INFO  Test worker     d.u.i.k.n.KeyIO           MODE: declarations took 15 ms 
553074     DEBUG Test worker     d.u.i.k.n.KeyIO           MODE: 2nd degree decls took 0 
553074     INFO  Test worker     d.u.i.k.n.KeyIO           Parsing took 0 ms 
553074     DEBUG Test worker     d.u.i.k.n.KeyIO           Load declarations of de.uka.ilkd.key.nparser.KeyAst$File:  <unknown>:1#1 
553074     INFO  Test worker     d.u.i.k.n.KeyIO           MODE: declarations took 0 ms 
553074     DEBUG Test worker     d.u.i.k.n.KeyIO           MODE: 2nd degree decls took 0 
557133     INFO  Test worker     d.u.i.k.n.KeyIO           Parsing took 0 ms 
557133     DEBUG Test worker     d.u.i.k.n.KeyIO           Load declarations of de.uka.ilkd.key.nparser.KeyAst$File:  <unknown>:1#1 
557133     INFO  Test worker     d.u.i.k.n.KeyIO           MODE: declarations took 0 ms 
557133     DEBUG Test worker     d.u.i.k.n.KeyIO           MODE: 2nd degree decls took 0 
557133     INFO  Test worker     d.u.i.k.n.KeyIO           Parsing took 0 ms 
557133     DEBUG Test worker     d.u.i.k.n.KeyIO           Load declarations of de.uka.ilkd.key.nparser.KeyAst$File:  <unknown>:1#1 
557133     INFO  Test worker     d.u.i.k.n.KeyIO           MODE: declarations took 0 ms 
557133     DEBUG Test worker     d.u.i.k.n.KeyIO           MODE: 2nd degree decls took 0 
557133     INFO  Test worker     d.u.i.k.n.KeyIO           Parsing took 0 ms 
557133     DEBUG Test worker     d.u.i.k.n.KeyIO           Load declarations of de.uka.ilkd.key.nparser.KeyAst$File:  <unknown>:1#1 
557133     INFO  Test worker     d.u.i.k.n.KeyIO           MODE: declarations took 0 ms 
557133     DEBUG Test worker     d.u.i.k.n.KeyIO           MODE: 2nd degree decls took 0 
557133     INFO  Test worker     d.u.i.k.n.KeyIO           Parsing took 0 ms 
557133     DEBUG Test worker     d.u.i.k.n.KeyIO           Load declarations of de.uka.ilkd.key.nparser.KeyAst$File:  <unknown>:1#1 
557133     INFO  Test worker     d.u.i.k.n.KeyIO           MODE: declarations took 0 ms 
557133     DEBUG Test worker     d.u.i.k.n.KeyIO           MODE: 2nd degree decls took 0 
557133     INFO  Test worker     d.u.i.k.n.KeyIO           Parsing took 0 ms 
557133     DEBUG Test worker     d.u.i.k.n.KeyIO           Load declarations of de.uka.ilkd.key.nparser.KeyAst$File:  <unknown>:1#1 
557133     INFO  Test worker     d.u.i.k.n.KeyIO           MODE: declarations took 0 ms 
557133     DEBUG Test worker     d.u.i.k.n.KeyIO           MODE: 2nd degree decls took 0 
561215     INFO  Test worker     d.u.i.k.n.KeyIO           Parsing took 0 ms 
561215     DEBUG Test worker     d.u.i.k.n.KeyIO           Load declarations of de.uka.ilkd.key.nparser.KeyAst$File:  <unknown>:1#1 
561215     INFO  Test worker     d.u.i.k.n.KeyIO           MODE: declarations took 0 ms 
561215     DEBUG Test worker     d.u.i.k.n.KeyIO           MODE: 2nd degree decls took 0 
561215     INFO  Test worker     d.u.i.k.n.KeyIO           Parsing took 0 ms 
561215     DEBUG Test worker     d.u.i.k.n.KeyIO           Load declarations of de.uka.ilkd.key.nparser.KeyAst$File:  <unknown>:1#1 
561215     INFO  Test worker     d.u.i.k.n.KeyIO           MODE: declarations took 0 ms 
561215     DEBUG Test worker     d.u.i.k.n.KeyIO           MODE: 2nd degree decls took 0 
561215     INFO  Test worker     d.u.i.k.n.KeyIO           Parsing took 0 ms 
561215     DEBUG Test worker     d.u.i.k.n.KeyIO           Load declarations of de.uka.ilkd.key.nparser.KeyAst$File:  <unknown>:1#1 
561215     INFO  Test worker     d.u.i.k.n.KeyIO           MODE: declarations took 0 ms 
561215     DEBUG Test worker     d.u.i.k.n.KeyIO           MODE: 2nd degree decls took 0 
561215     INFO  Test worker     d.u.i.k.n.KeyIO           Parsing took 0 ms 
561215     DEBUG Test worker     d.u.i.k.n.KeyIO           Load declarations of de.uka.ilkd.key.nparser.KeyAst$File:  <unknown>:1#1 
561215     INFO  Test worker     d.u.i.k.n.KeyIO           MODE: declarations took 0 ms 
561215     DEBUG Test worker     d.u.i.k.n.KeyIO           MODE: 2nd degree decls took 0 
561215     INFO  Test worker     d.u.i.k.n.KeyIO           Parsing took 0 ms 
561215     DEBUG Test worker     d.u.i.k.n.KeyIO           Load declarations of de.uka.ilkd.key.nparser.KeyAst$File:  <unknown>:1#1 
561215     INFO  Test worker     d.u.i.k.n.KeyIO           MODE: declarations took 0 ms 
561215     DEBUG Test worker     d.u.i.k.n.KeyIO           MODE: 2nd degree decls took 0 
565306     INFO  Test worker     d.u.i.k.n.KeyIO           Parsing took 0 ms 
565306     DEBUG Test worker     d.u.i.k.n.KeyIO           Load declarations of de.uka.ilkd.key.nparser.KeyAst$File:  <unknown>:1#1 
565306     INFO  Test worker     d.u.i.k.n.KeyIO           MODE: declarations took 0 ms 
565306     DEBUG Test worker     d.u.i.k.n.KeyIO           MODE: 2nd degree decls took 0 
565306     INFO  Test worker     d.u.i.k.n.KeyIO           Parsing took 0 ms 
565306     DEBUG Test worker     d.u.i.k.n.KeyIO           Load declarations of de.uka.ilkd.key.nparser.KeyAst$File:  <unknown>:1#1 
565306     INFO  Test worker     d.u.i.k.n.KeyIO           MODE: declarations took 0 ms 
565306     DEBUG Test worker     d.u.i.k.n.KeyIO           MODE: 2nd degree decls took 0 
565306     INFO  Test worker     d.u.i.k.n.KeyIO           Parsing took 0 ms 
565306     DEBUG Test worker     d.u.i.k.n.KeyIO           Load declarations of de.uka.ilkd.key.nparser.KeyAst$File:  <unknown>:1#1 
565306     INFO  Test worker     d.u.i.k.n.KeyIO           MODE: declarations took 0 ms 
565306     DEBUG Test worker     d.u.i.k.n.KeyIO           MODE: 2nd degree decls took 0 
565306     INFO  Test worker     d.u.i.k.n.KeyIO           Parsing took 0 ms 
565306     DEBUG Test worker     d.u.i.k.n.KeyIO           Load declarations of de.uka.ilkd.key.nparser.KeyAst$File:  <unknown>:1#1 
565306     INFO  Test worker     d.u.i.k.n.KeyIO           MODE: declarations took 0 ms 
565306     DEBUG Test worker     d.u.i.k.n.KeyIO           MODE: 2nd degree decls took 0 
565306     INFO  Test worker     d.u.i.k.n.KeyIO           Parsing took 0 ms 
565306     DEBUG Test worker     d.u.i.k.n.KeyIO           Load declarations of de.uka.ilkd.key.nparser.KeyAst$File:  <unknown>:1#1 
565306     INFO  Test worker     d.u.i.k.n.KeyIO           MODE: declarations took 0 ms 
565306     DEBUG Test worker     d.u.i.k.n.KeyIO           MODE: 2nd degree decls took 0 
569401     INFO  Test worker     d.u.i.k.n.KeyIO           Parsing took 0 ms 
569401     DEBUG Test worker     d.u.i.k.n.KeyIO           Load declarations of de.uka.ilkd.key.nparser.KeyAst$File:  <unknown>:1#1 
569401     INFO  Test worker     d.u.i.k.n.KeyIO           MODE: declarations took 0 ms 
569401     DEBUG Test worker     d.u.i.k.n.KeyIO           MODE: 2nd degree decls took 0 
569401     INFO  Test worker     d.u.i.k.n.KeyIO           Parsing took 0 ms 
569401     DEBUG Test worker     d.u.i.k.n.KeyIO           Load declarations of de.uka.ilkd.key.nparser.KeyAst$File:  <unknown>:1#1 
569401     INFO  Test worker     d.u.i.k.n.KeyIO           MODE: declarations took 0 ms 
569401     DEBUG Test worker     d.u.i.k.n.KeyIO           MODE: 2nd degree decls took 0 
569401     INFO  Test worker     d.u.i.k.n.KeyIO           Parsing took 0 ms 
569401     DEBUG Test worker     d.u.i.k.n.KeyIO           Load declarations of de.uka.ilkd.key.nparser.KeyAst$File:  <unknown>:1#1 
569401     INFO  Test worker     d.u.i.k.n.KeyIO           MODE: declarations took 0 ms 
569401     DEBUG Test worker     d.u.i.k.n.KeyIO           MODE: 2nd degree decls took 0 
569401     INFO  Test worker     d.u.i.k.n.KeyIO           Parsing took 0 ms 
569401     DEBUG Test worker     d.u.i.k.n.KeyIO           Load declarations of de.uka.ilkd.key.nparser.KeyAst$File:  <unknown>:1#1 
569401     INFO  Test worker     d.u.i.k.n.KeyIO           MODE: declarations took 0 ms 
569401     DEBUG Test worker     d.u.i.k.n.KeyIO           MODE: 2nd degree decls took 0 
569401     INFO  Test worker     d.u.i.k.n.KeyIO           Parsing took 0 ms 
569401     DEBUG Test worker     d.u.i.k.n.KeyIO           Load declarations of de.uka.ilkd.key.nparser.KeyAst$File:  <unknown>:1#1 
569401     INFO  Test worker     d.u.i.k.n.KeyIO           MODE: declarations took 0 ms 
569401     DEBUG Test worker     d.u.i.k.n.KeyIO           MODE: 2nd degree decls took 0 
573491     INFO  Test worker     d.u.i.k.n.KeyIO           Parsing took 0 ms 
573491     DEBUG Test worker     d.u.i.k.n.KeyIO           Load declarations of de.uka.ilkd.key.nparser.KeyAst$File:  <unknown>:1#1 
573491     INFO  Test worker     d.u.i.k.n.KeyIO           MODE: declarations took 0 ms 
573491     DEBUG Test worker     d.u.i.k.n.KeyIO           MODE: 2nd degree decls took 0 
573491     INFO  Test worker     d.u.i.k.n.KeyIO           Parsing took 0 ms 
573491     DEBUG Test worker     d.u.i.k.n.KeyIO           Load declarations of de.uka.ilkd.key.nparser.KeyAst$File:  <unknown>:1#1 
573491     INFO  Test worker     d.u.i.k.n.KeyIO           MODE: declarations took 0 ms 
573491     DEBUG Test worker     d.u.i.k.n.KeyIO           MODE: 2nd degree decls took 0 
573491     INFO  Test worker     d.u.i.k.n.KeyIO           Parsing took 0 ms 
573491     DEBUG Test worker     d.u.i.k.n.KeyIO           Load declarations of de.uka.ilkd.key.nparser.KeyAst$File:  <unknown>:1#1 
573491     INFO  Test worker     d.u.i.k.n.KeyIO           MODE: declarations took 0 ms 
573491     DEBUG Test worker     d.u.i.k.n.KeyIO           MODE: 2nd degree decls took 0 
573491     INFO  Test worker     d.u.i.k.n.KeyIO           Parsing took 0 ms 
573491     DEBUG Test worker     d.u.i.k.n.KeyIO           Load declarations of de.uka.ilkd.key.nparser.KeyAst$File:  <unknown>:1#1 
573491     INFO  Test worker     d.u.i.k.n.KeyIO           MODE: declarations took 0 ms 
573491     DEBUG Test worker     d.u.i.k.n.KeyIO           MODE: 2nd degree decls took 0 
573491     INFO  Test worker     d.u.i.k.n.KeyIO           Parsing took 0 ms 
573491     DEBUG Test worker     d.u.i.k.n.KeyIO           Load declarations of de.uka.ilkd.key.nparser.KeyAst$File:  <unknown>:1#1 
573491     INFO  Test worker     d.u.i.k.n.KeyIO           MODE: declarations took 0 ms 
573491     DEBUG Test worker     d.u.i.k.n.KeyIO           MODE: 2nd degree decls took 0 
577587     INFO  Test worker     d.u.i.k.n.KeyIO           Parsing took 0 ms 
577587     DEBUG Test worker     d.u.i.k.n.KeyIO           Load declarations of de.uka.ilkd.key.nparser.KeyAst$File:  <unknown>:1#1 
577587     INFO  Test worker     d.u.i.k.n.KeyIO           MODE: declarations took 0 ms 
577587     DEBUG Test worker     d.u.i.k.n.KeyIO           MODE: 2nd degree decls took 0 
577587     INFO  Test worker     d.u.i.k.n.KeyIO           Parsing took 0 ms 
577587     DEBUG Test worker     d.u.i.k.n.KeyIO           Load declarations of de.uka.ilkd.key.nparser.KeyAst$File:  <unknown>:1#1 
577587     INFO  Test worker     d.u.i.k.n.KeyIO           MODE: declarations took 0 ms 
577587     DEBUG Test worker     d.u.i.k.n.KeyIO           MODE: 2nd degree decls took 0 
577587     INFO  Test worker     d.u.i.k.n.KeyIO           Parsing took 0 ms 
577587     DEBUG Test worker     d.u.i.k.n.KeyIO           Load declarations of de.uka.ilkd.key.nparser.KeyAst$File:  <unknown>:1#1 
577587     INFO  Test worker     d.u.i.k.n.KeyIO           MODE: declarations took 0 ms 
577587     DEBUG Test worker     d.u.i.k.n.KeyIO           MODE: 2nd degree decls took 0 
577587     INFO  Test worker     d.u.i.k.n.KeyIO           Parsing took 0 ms 
577587     DEBUG Test worker     d.u.i.k.n.KeyIO           Load declarations of de.uka.ilkd.key.nparser.KeyAst$File:  <unknown>:1#1 
577587     INFO  Test worker     d.u.i.k.n.KeyIO           MODE: declarations took 0 ms 
577587     DEBUG Test worker     d.u.i.k.n.KeyIO           MODE: 2nd degree decls took 0 
577587     INFO  Test worker     d.u.i.k.n.KeyIO           Parsing took 0 ms 
577587     DEBUG Test worker     d.u.i.k.n.KeyIO           Load declarations of de.uka.ilkd.key.nparser.KeyAst$File:  <unknown>:1#1 
577603     INFO  Test worker     d.u.i.k.n.KeyIO           MODE: declarations took 16 ms 
577603     DEBUG Test worker     d.u.i.k.n.KeyIO           MODE: 2nd degree decls took 0 
581680     INFO  Test worker     d.u.i.k.n.KeyIO           Parsing took 0 ms 
581680     DEBUG Test worker     d.u.i.k.n.KeyIO           Load declarations of de.uka.ilkd.key.nparser.KeyAst$File:  <unknown>:1#1 
581680     INFO  Test worker     d.u.i.k.n.KeyIO           MODE: declarations took 0 ms 
581680     DEBUG Test worker     d.u.i.k.n.KeyIO           MODE: 2nd degree decls took 0 
581680     INFO  Test worker     d.u.i.k.n.KeyIO           Parsing took 0 ms 
581680     DEBUG Test worker     d.u.i.k.n.KeyIO           Load declarations of de.uka.ilkd.key.nparser.KeyAst$File:  <unknown>:1#1 
581680     INFO  Test worker     d.u.i.k.n.KeyIO           MODE: declarations took 0 ms 
581680     DEBUG Test worker     d.u.i.k.n.KeyIO           MODE: 2nd degree decls took 0 
581680     INFO  Test worker     d.u.i.k.n.KeyIO           Parsing took 0 ms 
581680     DEBUG Test worker     d.u.i.k.n.KeyIO           Load declarations of de.uka.ilkd.key.nparser.KeyAst$File:  <unknown>:1#1 
581680     INFO  Test worker     d.u.i.k.n.KeyIO           MODE: declarations took 0 ms 
581680     DEBUG Test worker     d.u.i.k.n.KeyIO           MODE: 2nd degree decls took 0 
581680     INFO  Test worker     d.u.i.k.n.KeyIO           Parsing took 0 ms 
581680     DEBUG Test worker     d.u.i.k.n.KeyIO           Load declarations of de.uka.ilkd.key.nparser.KeyAst$File:  <unknown>:1#1 
581680     INFO  Test worker     d.u.i.k.n.KeyIO           MODE: declarations took 0 ms 
581680     DEBUG Test worker     d.u.i.k.n.KeyIO           MODE: 2nd degree decls took 0 
581680     INFO  Test worker     d.u.i.k.n.KeyIO           Parsing took 0 ms 
581680     DEBUG Test worker     d.u.i.k.n.KeyIO           Load declarations of de.uka.ilkd.key.nparser.KeyAst$File:  <unknown>:1#1 
581680     INFO  Test worker     d.u.i.k.n.KeyIO           MODE: declarations took 0 ms 
581680     DEBUG Test worker     d.u.i.k.n.KeyIO           MODE: 2nd degree decls took 0 
586060     INFO  Test worker     d.u.i.k.n.KeyIO           Parsing took 0 ms 
586060     DEBUG Test worker     d.u.i.k.n.KeyIO           Load declarations of de.uka.ilkd.key.nparser.KeyAst$File:  <unknown>:1#1 
586060     INFO  Test worker     d.u.i.k.n.KeyIO           MODE: declarations took 0 ms 
586060     DEBUG Test worker     d.u.i.k.n.KeyIO           MODE: 2nd degree decls took 0 
586060     INFO  Test worker     d.u.i.k.n.KeyIO           Parsing took 0 ms 
586060     DEBUG Test worker     d.u.i.k.n.KeyIO           Load declarations of de.uka.ilkd.key.nparser.KeyAst$File:  <unknown>:1#1 
586060     INFO  Test worker     d.u.i.k.n.KeyIO           MODE: declarations took 0 ms 
586060     DEBUG Test worker     d.u.i.k.n.KeyIO           MODE: 2nd degree decls took 0 
586060     INFO  Test worker     d.u.i.k.n.KeyIO           Parsing took 0 ms 
586060     DEBUG Test worker     d.u.i.k.n.KeyIO           Load declarations of de.uka.ilkd.key.nparser.KeyAst$File:  <unknown>:1#1 
586060     INFO  Test worker     d.u.i.k.n.KeyIO           MODE: declarations took 0 ms 
586060     DEBUG Test worker     d.u.i.k.n.KeyIO           MODE: 2nd degree decls took 0 
586060     INFO  Test worker     d.u.i.k.n.KeyIO           Parsing took 0 ms 
586060     DEBUG Test worker     d.u.i.k.n.KeyIO           Load declarations of de.uka.ilkd.key.nparser.KeyAst$File:  <unknown>:1#1 
586060     INFO  Test worker     d.u.i.k.n.KeyIO           MODE: declarations took 0 ms 
586060     DEBUG Test worker     d.u.i.k.n.KeyIO           MODE: 2nd degree decls took 0 
586060     INFO  Test worker     d.u.i.k.n.KeyIO           Parsing took 0 ms 
586060     DEBUG Test worker     d.u.i.k.n.KeyIO           Load declarations of de.uka.ilkd.key.nparser.KeyAst$File:  <unknown>:1#1 
586060     INFO  Test worker     d.u.i.k.n.KeyIO           MODE: declarations took 0 ms 
586060     DEBUG Test worker     d.u.i.k.n.KeyIO           MODE: 2nd degree decls took 0 
]]></system-out>
  <system-err><![CDATA[]]></system-err>
</testsuite>
