<?xml version="1.0" encoding="UTF-8"?>
<testsuite name="de.uka.ilkd.key.rule.merge.PredicateAbstractionLatticeTests" tests="3" skipped="0" failures="0" errors="0" timestamp="2023-06-06T09:58:01" hostname="fv-az931-692" time="8.404">
  <properties/>
  <testcase name="testToAndFromString()" classname="de.uka.ilkd.key.rule.merge.PredicateAbstractionLatticeTests" time="4.166"/>
  <testcase name="testCreateSignLatticeWithPredicates()" classname="de.uka.ilkd.key.rule.merge.PredicateAbstractionLatticeTests" time="4.238"/>
  <testcase name="testTrivialPredicatesLattice()" classname="de.uka.ilkd.key.rule.merge.PredicateAbstractionLatticeTests" time="0.0"/>
  <system-out><![CDATA[726955     INFO  Test worker     d.u.i.k.p.i.AbstractProblemLoader Loading environment from src\test\resources\testcase\merge\dummy.key 
726955     DEBUG Test worker     d.u.i.k.p.i.AbstractProblemLoader Environment load took 131.8ns 
726955     INFO  Test worker     d.u.i.k.p.i.AbstractProblemLoader Creating init config 
731106     DEBUG Test worker     d.u.i.k.p.i.AbstractProblemLoader Init config took 4.14s 
731122     INFO  Test worker     d.u.i.k.p.i.AbstractProblemLoader Replaying proof dummy.key 
731122     DEBUG Test worker     d.u.i.k.p.i.IntermediateProofReplayer Proof replay took 9.7ns 
731122     INFO  Test worker     d.u.i.k.p.i.AbstractProblemLoader Loading environment from src\test\resources\testcase\merge\dummy.key 
731122     DEBUG Test worker     d.u.i.k.p.i.AbstractProblemLoader Environment load took 164.5ns 
731122     INFO  Test worker     d.u.i.k.p.i.AbstractProblemLoader Creating init config 
735344     DEBUG Test worker     d.u.i.k.p.i.AbstractProblemLoader Init config took 4.21s 
735360     INFO  Test worker     d.u.i.k.p.i.AbstractProblemLoader Replaying proof dummy.key 
735360     DEBUG Test worker     d.u.i.k.p.i.IntermediateProofReplayer Proof replay took 10.2ns 
]]></system-out>
  <system-err><![CDATA[]]></system-err>
</testsuite>
