<?xml version="1.0" encoding="UTF-8"?>
<testsuite name="de.uka.ilkd.key.parser.TestParser" tests="5" skipped="1" failures="0" errors="0" timestamp="2023-06-06T09:52:49" hostname="fv-az931-692" time="6.765">
  <properties/>
  <testcase name="testConstantEvaluationError()" classname="de.uka.ilkd.key.parser.TestParser" time="1.341"/>
  <testcase name="testGenericSort()" classname="de.uka.ilkd.key.parser.TestParser" time="0.001"/>
  <testcase name="testIssue1566()" classname="de.uka.ilkd.key.parser.TestParser" time="4.129"/>
  <testcase name="testIssue39()" classname="de.uka.ilkd.key.parser.TestParser" time="1.29"/>
  <testcase name="testRelativeInclude()" classname="de.uka.ilkd.key.parser.TestParser" time="0.002">
    <skipped/>
  </testcase>
  <system-out><![CDATA[414811     INFO  Test worker     d.u.i.k.p.i.AbstractProblemLoader Loading environment from src\test\resources\testcase\parserErrorTest\AssignToArray.java 
414811     DEBUG Test worker     d.u.i.k.p.i.AbstractProblemLoader Environment load took 121.5ns 
414811     INFO  Test worker     d.u.i.k.p.i.AbstractProblemLoader Creating init config 
416145     INFO  Test worker     d.u.i.k.n.KeyIO           Parsing took 0 ms 
416145     DEBUG Test worker     d.u.i.k.n.KeyIO           Load declarations of de.uka.ilkd.key.nparser.KeyAst$File:  <unknown>:1#1 
416145     INFO  Test worker     d.u.i.k.n.KeyIO           MODE: declarations took 0 ms 
416145     DEBUG Test worker     d.u.i.k.n.KeyIO           MODE: 2nd degree decls took 0 
416145     DEBUG Test worker     d.u.i.k.n.KeyIO           MODE: taclets took 0ms 
416145     INFO  Test worker     d.u.i.k.p.i.AbstractProblemLoader Loading environment from src\test\resources\testcase\issues\1566\a.key 
416145     DEBUG Test worker     d.u.i.k.p.i.AbstractProblemLoader Environment load took 134.5ns 
416145     INFO  Test worker     d.u.i.k.p.i.AbstractProblemLoader Creating init config 
420269     DEBUG Test worker     d.u.i.k.p.i.AbstractProblemLoader Init config took 4.11s 
420284     INFO  Test worker     d.u.i.k.p.i.AbstractProblemLoader Replaying proof a.key 
420284     DEBUG Test worker     d.u.i.k.p.i.IntermediateProofReplayer Proof replay took 9ns 
420284     INFO  Test worker     d.u.i.k.p.i.AbstractProblemLoader Loading environment from src\test\resources\testcase\issues\39\A.java 
420284     DEBUG Test worker     d.u.i.k.p.i.AbstractProblemLoader Environment load took 115.8ns 
420284     INFO  Test worker     d.u.i.k.p.i.AbstractProblemLoader Creating init config 
]]></system-out>
  <system-err><![CDATA[]]></system-err>
</testsuite>
