<?xml version="1.0" encoding="UTF-8"?>
<testsuite name="de.uka.ilkd.key.util.TestProofStarter" tests="2" skipped="0" failures="0" errors="0" timestamp="2023-06-06T10:04:31" hostname="fv-az931-692" time="55.183">
  <properties/>
  <testcase name="testDirectProofWithOneStepSimplification()" classname="de.uka.ilkd.key.util.TestProofStarter" time="28.971"/>
  <testcase name="testDirectProof()" classname="de.uka.ilkd.key.util.TestProofStarter" time="26.212"/>
  <system-out><![CDATA[1116928    INFO  Test worker     d.u.i.k.p.i.AbstractProblemLoader Loading environment from src\test\resources\testcase\proofStarter\CC\project.key 
1116929    DEBUG Test worker     d.u.i.k.p.i.AbstractProblemLoader Environment load took 225.7ns 
1116932    INFO  Test worker     d.u.i.k.p.i.AbstractProblemLoader Creating init config 
1121253    DEBUG Test worker     d.u.i.k.p.i.AbstractProblemLoader Init config took 4.33s 
1121300    INFO  Test worker     d.u.i.k.p.i.AbstractProblemLoader Replaying proof CC[CC::calcCoinIndex([I,[I)].JML normal_behavior operation contract.0 
1121300    DEBUG Test worker     d.u.i.k.p.i.IntermediateProofReplayer Proof replay took 2.1ns 
1145866    INFO  Test worker     d.u.i.k.p.i.AbstractProblemLoader Loading environment from src\test\resources\testcase\proofStarter\CC\project.key 
1145866    DEBUG Test worker     d.u.i.k.p.i.AbstractProblemLoader Environment load took 174.9ns 
1145866    INFO  Test worker     d.u.i.k.p.i.AbstractProblemLoader Creating init config 
1150197    DEBUG Test worker     d.u.i.k.p.i.AbstractProblemLoader Init config took 4.32s 
1150228    INFO  Test worker     d.u.i.k.p.i.AbstractProblemLoader Replaying proof CC[CC::calcCoinIndex([I,[I)].JML normal_behavior operation contract.0 
1150243    DEBUG Test worker     d.u.i.k.p.i.IntermediateProofReplayer Proof replay took 2.1ns 
]]></system-out>
  <system-err><![CDATA[]]></system-err>
</testsuite>
