<?xml version="1.0" encoding="UTF-8"?>
<testsuite name="de.uka.ilkd.key.logic.TestTermBuilder" tests="6" skipped="0" failures="0" errors="0" timestamp="2023-06-06T09:48:05" hostname="fv-az931-692" time="24.65">
  <properties/>
  <testcase name="testNumberIsVeryBigPositiveInteger()" classname="de.uka.ilkd.key.logic.TestTermBuilder" time="4.3"/>
  <testcase name="testNumberIsVerySmallNegativeInteger()" classname="de.uka.ilkd.key.logic.TestTermBuilder" time="4.15"/>
  <testcase name="testDoubleLongPatterns()" classname="de.uka.ilkd.key.logic.TestTermBuilder" time="4.059"/>
  <testcase name="testFloatPatterns()" classname="de.uka.ilkd.key.logic.TestTermBuilder" time="4.056"/>
  <testcase name="testNumberIsPositiveInt()" classname="de.uka.ilkd.key.logic.TestTermBuilder" time="4.042"/>
  <testcase name="testNumberIsNegativeInt()" classname="de.uka.ilkd.key.logic.TestTermBuilder" time="4.04"/>
  <system-out><![CDATA[]]></system-out>
  <system-err><![CDATA[]]></system-err>
</testsuite>
