<?xml version="1.0" encoding="UTF-8"?>
<testsuite name="de.uka.ilkd.key.parser.TestTermParserSorts" tests="2" skipped="0" failures="0" errors="0" timestamp="2023-06-06T09:55:44" hostname="fv-az931-692" time="4.093">
  <properties/>
  <testcase name="testParseIntegerArgs()" classname="de.uka.ilkd.key.parser.TestTermParserSorts" time="0.015"/>
  <testcase name="testParseSequencePrettySyntax()" classname="de.uka.ilkd.key.parser.TestTermParserSorts" time="0.003"/>
  <system-out><![CDATA[590204     INFO  Test worker     d.u.i.k.n.KeyIO           Parsing took 0 ms 
590204     DEBUG Test worker     d.u.i.k.n.KeyIO           Load declarations of de.uka.ilkd.key.nparser.KeyAst$File:  <unknown>:1#1 
590204     INFO  Test worker     d.u.i.k.n.KeyIO           MODE: declarations took 0 ms 
590204     DEBUG Test worker     d.u.i.k.n.KeyIO           MODE: 2nd degree decls took 0 
590204     INFO  Test worker     d.u.i.k.n.KeyIO           Parsing took 0 ms 
590204     DEBUG Test worker     d.u.i.k.n.KeyIO           Load declarations of de.uka.ilkd.key.nparser.KeyAst$File:  <unknown>:1#1 
590204     INFO  Test worker     d.u.i.k.n.KeyIO           MODE: declarations took 0 ms 
590204     DEBUG Test worker     d.u.i.k.n.KeyIO           MODE: 2nd degree decls took 0 
590204     INFO  Test worker     d.u.i.k.n.KeyIO           Parsing took 0 ms 
590204     DEBUG Test worker     d.u.i.k.n.KeyIO           Load declarations of de.uka.ilkd.key.nparser.KeyAst$File:  <unknown>:1#1 
590204     INFO  Test worker     d.u.i.k.n.KeyIO           MODE: declarations took 0 ms 
590204     DEBUG Test worker     d.u.i.k.n.KeyIO           MODE: 2nd degree decls took 0 
594294     INFO  Test worker     d.u.i.k.n.KeyIO           Parsing took 0 ms 
594294     DEBUG Test worker     d.u.i.k.n.KeyIO           Load declarations of de.uka.ilkd.key.nparser.KeyAst$File:  <unknown>:1#1 
594294     INFO  Test worker     d.u.i.k.n.KeyIO           MODE: declarations took 0 ms 
594294     DEBUG Test worker     d.u.i.k.n.KeyIO           MODE: 2nd degree decls took 0 
594294     INFO  Test worker     d.u.i.k.n.KeyIO           Parsing took 0 ms 
594294     DEBUG Test worker     d.u.i.k.n.KeyIO           Load declarations of de.uka.ilkd.key.nparser.KeyAst$File:  <unknown>:1#1 
594294     INFO  Test worker     d.u.i.k.n.KeyIO           MODE: declarations took 0 ms 
594294     DEBUG Test worker     d.u.i.k.n.KeyIO           MODE: 2nd degree decls took 0 
594294     INFO  Test worker     d.u.i.k.n.KeyIO           Parsing took 0 ms 
594294     DEBUG Test worker     d.u.i.k.n.KeyIO           Load declarations of de.uka.ilkd.key.nparser.KeyAst$File:  <unknown>:1#1 
594294     INFO  Test worker     d.u.i.k.n.KeyIO           MODE: declarations took 0 ms 
594294     DEBUG Test worker     d.u.i.k.n.KeyIO           MODE: 2nd degree decls took 0 
]]></system-out>
  <system-err><![CDATA[]]></system-err>
</testsuite>
