<?xml version="1.0" encoding="UTF-8"?>
<testsuite name="de.uka.ilkd.key.java.TestContextStatementBlock" tests="1" skipped="0" failures="0" errors="0" timestamp="2023-06-06T09:46:28" hostname="fv-az931-692" time="1.622">
  <properties/>
  <testcase name="testContextTermInstantiation()" classname="de.uka.ilkd.key.java.TestContextStatementBlock" time="1.622"/>
  <system-out><![CDATA[34808      INFO  Test worker     d.u.i.k.n.KeyIO           Parsing took 0 ms 
34808      DEBUG Test worker     d.u.i.k.n.KeyIO           Load declarations of de.uka.ilkd.key.nparser.KeyAst$File:  D:\a\key\key\key.core\src\test\resources\testcase\testrules.key:9#1 
34824      INFO  Test worker     d.u.i.k.n.KeyIO           MODE: declarations took 16 ms 
34824      DEBUG Test worker     d.u.i.k.n.KeyIO           MODE: 2nd degree decls took 0 
34955      DEBUG Test worker     d.u.i.k.n.KeyIO           MODE: taclets took 131ms 
]]></system-out>
  <system-err><![CDATA[]]></system-err>
</testsuite>
