<?xml version="1.0" encoding="UTF-8"?>
<testsuite name="de.uka.ilkd.key.parser.TestDeclParser" tests="14" skipped="2" failures="0" errors="0" timestamp="2023-06-06T09:50:50" hostname="fv-az931-692" time="15.286">
  <properties/>
  <testcase name="testGenericSortDecl1()" classname="de.uka.ilkd.key.parser.TestDeclParser" time="1.376"/>
  <testcase name="testGenericSortDecl2()" classname="de.uka.ilkd.key.parser.TestDeclParser" time="1.25"/>
  <testcase name="testGenericSortDecl3()" classname="de.uka.ilkd.key.parser.TestDeclParser" time="1.267"/>
  <testcase name="testGenericSortDecl4()" classname="de.uka.ilkd.key.parser.TestDeclParser" time="1.271"/>
  <testcase name="testGenericSortDecl5()" classname="de.uka.ilkd.key.parser.TestDeclParser" time="0.0">
    <skipped/>
  </testcase>
  <testcase name="testGenericSortDecl6()" classname="de.uka.ilkd.key.parser.TestDeclParser" time="1.246"/>
  <testcase name="testSortDecl()" classname="de.uka.ilkd.key.parser.TestDeclParser" time="1.307"/>
  <testcase name="testProxySortDecl()" classname="de.uka.ilkd.key.parser.TestDeclParser" time="1.273"/>
  <testcase name="testArrayDecl()" classname="de.uka.ilkd.key.parser.TestDeclParser" time="1.295"/>
  <testcase name="testAmbiguousDecls()" classname="de.uka.ilkd.key.parser.TestDeclParser" time="0.0">
    <skipped/>
  </testcase>
  <testcase name="testHeurDecl()" classname="de.uka.ilkd.key.parser.TestDeclParser" time="1.24"/>
  <testcase name="testFunctionDecl()" classname="de.uka.ilkd.key.parser.TestDeclParser" time="1.263"/>
  <testcase name="testPredicateDecl()" classname="de.uka.ilkd.key.parser.TestDeclParser" time="1.269"/>
  <testcase name="testSVDecl()" classname="de.uka.ilkd.key.parser.TestDeclParser" time="1.227"/>
  <system-out><![CDATA[296862     INFO  Test worker     d.u.i.k.n.KeyIO           Parsing took 0 ms 
296862     DEBUG Test worker     d.u.i.k.n.KeyIO           Load declarations of de.uka.ilkd.key.nparser.KeyAst$File:  <unknown>:1#1 
296862     INFO  Test worker     d.u.i.k.n.KeyIO           MODE: declarations took 0 ms 
296862     DEBUG Test worker     d.u.i.k.n.KeyIO           MODE: 2nd degree decls took 0 
296862     DEBUG Test worker     d.u.i.k.n.KeyIO           MODE: taclets took 0ms 
298115     INFO  Test worker     d.u.i.k.n.KeyIO           Parsing took 0 ms 
298115     DEBUG Test worker     d.u.i.k.n.KeyIO           Load declarations of de.uka.ilkd.key.nparser.KeyAst$File:  <unknown>:1#1 
298115     INFO  Test worker     d.u.i.k.n.KeyIO           MODE: declarations took 0 ms 
298115     DEBUG Test worker     d.u.i.k.n.KeyIO           MODE: 2nd degree decls took 0 
298115     DEBUG Test worker     d.u.i.k.n.KeyIO           MODE: taclets took 0ms 
299384     INFO  Test worker     d.u.i.k.n.KeyIO           Parsing took 0 ms 
299384     DEBUG Test worker     d.u.i.k.n.KeyIO           Load declarations of de.uka.ilkd.key.nparser.KeyAst$File:  <unknown>:1#1 
299384     INFO  Test worker     d.u.i.k.n.KeyIO           MODE: declarations took 0 ms 
299384     DEBUG Test worker     d.u.i.k.n.KeyIO           MODE: 2nd degree decls took 0 
299384     DEBUG Test worker     d.u.i.k.n.KeyIO           MODE: taclets took 0ms 
300657     INFO  Test worker     d.u.i.k.n.KeyIO           Parsing took 0 ms 
300657     DEBUG Test worker     d.u.i.k.n.KeyIO           Load declarations of de.uka.ilkd.key.nparser.KeyAst$File:  <unknown>:1#1 
300657     INFO  Test worker     d.u.i.k.n.KeyIO           MODE: declarations took 0 ms 
300657     DEBUG Test worker     d.u.i.k.n.KeyIO           MODE: 2nd degree decls took 0 
300657     DEBUG Test worker     d.u.i.k.n.KeyIO           MODE: taclets took 0ms 
301900     INFO  Test worker     d.u.i.k.n.KeyIO           Parsing took 0 ms 
301900     DEBUG Test worker     d.u.i.k.n.KeyIO           Load declarations of de.uka.ilkd.key.nparser.KeyAst$File:  <unknown>:1#1 
301900     INFO  Test worker     d.u.i.k.n.KeyIO           MODE: declarations took 0 ms 
301900     DEBUG Test worker     d.u.i.k.n.KeyIO           MODE: 2nd degree decls took 0 
301900     DEBUG Test worker     d.u.i.k.n.KeyIO           MODE: taclets took 0ms 
303213     INFO  Test worker     d.u.i.k.n.KeyIO           Parsing took 0 ms 
303213     DEBUG Test worker     d.u.i.k.n.KeyIO           Load declarations of de.uka.ilkd.key.nparser.KeyAst$File:  <unknown>:1#1 
303213     INFO  Test worker     d.u.i.k.n.KeyIO           MODE: declarations took 0 ms 
303213     DEBUG Test worker     d.u.i.k.n.KeyIO           MODE: 2nd degree decls took 0 
303213     DEBUG Test worker     d.u.i.k.n.KeyIO           MODE: taclets took 0ms 
304479     INFO  Test worker     d.u.i.k.n.KeyIO           Parsing took 0 ms 
304479     DEBUG Test worker     d.u.i.k.n.KeyIO           Load declarations of de.uka.ilkd.key.nparser.KeyAst$File:  <unknown>:1#1 
304479     INFO  Test worker     d.u.i.k.n.KeyIO           MODE: declarations took 0 ms 
304479     DEBUG Test worker     d.u.i.k.n.KeyIO           MODE: 2nd degree decls took 0 
304479     DEBUG Test worker     d.u.i.k.n.KeyIO           MODE: taclets took 0ms 
305776     INFO  Test worker     d.u.i.k.n.KeyIO           Parsing took 0 ms 
305776     DEBUG Test worker     d.u.i.k.n.KeyIO           Load declarations of de.uka.ilkd.key.nparser.KeyAst$File:  <unknown>:1#1 
305776     INFO  Test worker     d.u.i.k.n.KeyIO           MODE: declarations took 0 ms 
305776     DEBUG Test worker     d.u.i.k.n.KeyIO           MODE: 2nd degree decls took 0 
305776     DEBUG Test worker     d.u.i.k.n.KeyIO           MODE: taclets took 0ms 
307015     INFO  Test worker     d.u.i.k.n.KeyIO           Parsing took 0 ms 
307015     DEBUG Test worker     d.u.i.k.n.KeyIO           Load declarations of de.uka.ilkd.key.nparser.KeyAst$File:  <unknown>:1#1 
307015     INFO  Test worker     d.u.i.k.n.KeyIO           MODE: declarations took 0 ms 
307015     DEBUG Test worker     d.u.i.k.n.KeyIO           MODE: 2nd degree decls took 0 
307015     DEBUG Test worker     d.u.i.k.n.KeyIO           MODE: taclets took 0ms 
308280     INFO  Test worker     d.u.i.k.n.KeyIO           Parsing took 0 ms 
308280     DEBUG Test worker     d.u.i.k.n.KeyIO           Load declarations of de.uka.ilkd.key.nparser.KeyAst$File:  <unknown>:1#1 
308280     INFO  Test worker     d.u.i.k.n.KeyIO           MODE: declarations took 0 ms 
308280     DEBUG Test worker     d.u.i.k.n.KeyIO           MODE: 2nd degree decls took 0 
308280     DEBUG Test worker     d.u.i.k.n.KeyIO           MODE: taclets took 0ms 
309548     INFO  Test worker     d.u.i.k.n.KeyIO           Parsing took 0 ms 
309548     DEBUG Test worker     d.u.i.k.n.KeyIO           Load declarations of de.uka.ilkd.key.nparser.KeyAst$File:  <unknown>:1#1 
309548     INFO  Test worker     d.u.i.k.n.KeyIO           MODE: declarations took 0 ms 
309548     DEBUG Test worker     d.u.i.k.n.KeyIO           MODE: 2nd degree decls took 0 
309548     DEBUG Test worker     d.u.i.k.n.KeyIO           MODE: taclets took 0ms 
310767     INFO  Test worker     d.u.i.k.n.KeyIO           Parsing took 0 ms 
310767     DEBUG Test worker     d.u.i.k.n.KeyIO           Load declarations of de.uka.ilkd.key.nparser.KeyAst$File:  <unknown>:1#1 
310767     INFO  Test worker     d.u.i.k.n.KeyIO           MODE: declarations took 0 ms 
310767     DEBUG Test worker     d.u.i.k.n.KeyIO           MODE: 2nd degree decls took 0 
310767     DEBUG Test worker     d.u.i.k.n.KeyIO           MODE: taclets took 0ms 
]]></system-out>
  <system-err><![CDATA[]]></system-err>
</testsuite>
