<?xml version="1.0" encoding="UTF-8"?>
<testsuite name="de.uka.ilkd.key.rule.loop.LoopScopeInvRuleTests" tests="1" skipped="0" failures="0" errors="0" timestamp="2023-06-06T09:56:22" hostname="fv-az931-692" time="6.232">
  <properties/>
  <testcase name="testDoAutomaticProofOfBenchmarkWithLabeledBreaksAndContinues()" classname="de.uka.ilkd.key.rule.loop.LoopScopeInvRuleTests" time="6.232"/>
  <system-out><![CDATA[627816     INFO  Test worker     d.u.i.k.p.i.AbstractProblemLoader Loading environment from src\test\resources\testcase\loopScopeInvRule\Test.key 
627816     DEBUG Test worker     d.u.i.k.p.i.AbstractProblemLoader Environment load took 184.8ns 
627816     INFO  Test worker     d.u.i.k.p.i.AbstractProblemLoader Creating init config 
627972     DEBUG Test worker     d.u.i.k.j.TypeConverter   No LDT found for Meta 
627972     DEBUG Test worker     d.u.i.k.j.TypeConverter   No LDT found for Meta 
627972     DEBUG Test worker     d.u.i.k.j.TypeConverter   No LDT found for Meta 
627972     DEBUG Test worker     d.u.i.k.j.TypeConverter   No LDT found for Meta 
628824     DEBUG Test worker     d.u.i.k.j.TypeConverter   No LDT found for JavaBigintExpression 
633395     DEBUG Test worker     d.u.i.k.p.i.AbstractProblemLoader Init config took 5.58s 
633442     INFO  Test worker     d.u.i.k.p.i.AbstractProblemLoader Replaying proof Test[Test::loopScopeRuleBenchmark(int,boolean)].JML normal_behavior operation contract.0 
633442     DEBUG Test worker     d.u.i.k.p.i.IntermediateProofReplayer Proof replay took 56.8ns 
]]></system-out>
  <system-err><![CDATA[]]></system-err>
</testsuite>
