<?xml version="1.0" encoding="UTF-8"?>
<testsuite name="de.uka.ilkd.key.logic.TestTermLabelManager" tests="21" skipped="0" failures="0" errors="0" timestamp="2023-06-06T09:48:30" hostname="fv-az931-692" time="78.683">
  <properties/>
  <testcase name="testInstantiateLabels_directChildPolicies_allRules()" classname="de.uka.ilkd.key.logic.TestTermLabelManager" time="5.703"/>
  <testcase name="testInstantiateLabels_childAndGrandchildPolicies_ruleSpecific()" classname="de.uka.ilkd.key.logic.TestTermLabelManager" time="4.052"/>
  <testcase name="testParseLabel()" classname="de.uka.ilkd.key.logic.TestTermLabelManager" time="4.05"/>
  <testcase name="testrefactorGoal_childrenAndGrandchildren_ruleSpecific()" classname="de.uka.ilkd.key.logic.TestTermLabelManager" time="4.136"/>
  <testcase name="testrefactorGoal_directChildren_allRules()" classname="de.uka.ilkd.key.logic.TestTermLabelManager" time="4.089"/>
  <testcase name="testInstantiateLabels_childAndGrandchildPolicies_allRules()" classname="de.uka.ilkd.key.logic.TestTermLabelManager" time="4.066"/>
  <testcase name="testInstantiateLabels_taclet()" classname="de.uka.ilkd.key.logic.TestTermLabelManager" time="4.033"/>
  <testcase name="testrefactorGoal_none_ruleSpecific()" classname="de.uka.ilkd.key.logic.TestTermLabelManager" time="4.036"/>
  <testcase name="testInstantiateLabels_updates_ruleSpecific()" classname="de.uka.ilkd.key.logic.TestTermLabelManager" time="4.066"/>
  <testcase name="testrefactorGoal_sequent_ruleSpecific()" classname="de.uka.ilkd.key.logic.TestTermLabelManager" time="4.067"/>
  <testcase name="testInstantiateLabels_updates_allRules()" classname="de.uka.ilkd.key.logic.TestTermLabelManager" time="4.114"/>
  <testcase name="testrefactorGoal_sequent_allRules()" classname="de.uka.ilkd.key.logic.TestTermLabelManager" time="4.039"/>
  <testcase name="testrefactorGoal_childrenAndGrandchildren_allRules()" classname="de.uka.ilkd.key.logic.TestTermLabelManager" time="4.018"/>
  <testcase name="testGetTermLabelManager()" classname="de.uka.ilkd.key.logic.TestTermLabelManager" time="0.004"/>
  <testcase name="testInstantiateLabels_applicationTermPolicies()" classname="de.uka.ilkd.key.logic.TestTermLabelManager" time="4.044"/>
  <testcase name="testInstantiateLabels_modalityTermPolicies()" classname="de.uka.ilkd.key.logic.TestTermLabelManager" time="4.013"/>
  <testcase name="testrefactorGoal_none_allRules()" classname="de.uka.ilkd.key.logic.TestTermLabelManager" time="4.055"/>
  <testcase name="testInstantiateLabels_null()" classname="de.uka.ilkd.key.logic.TestTermLabelManager" time="0.0"/>
  <testcase name="testrefactorGoal_directChildren_ruleSpecific()" classname="de.uka.ilkd.key.logic.TestTermLabelManager" time="4.011"/>
  <testcase name="testInstantiateLabels_directChildPolicies_ruleSpecific()" classname="de.uka.ilkd.key.logic.TestTermLabelManager" time="4.051"/>
  <testcase name="testGetSupportedTermLabelNames()" classname="de.uka.ilkd.key.logic.TestTermLabelManager" time="4.027"/>
  <system-out><![CDATA[155507     INFO  Test worker     d.u.i.k.p.i.AbstractProblemLoader Loading environment from src\test\resources\testcase\termLabels\flatSteps\FlatSteps.java 
155507     DEBUG Test worker     d.u.i.k.p.i.AbstractProblemLoader Environment load took 277.9ns 
155507     INFO  Test worker     d.u.i.k.p.i.AbstractProblemLoader Creating init config 
155725     DEBUG Test worker     d.u.i.k.j.TypeConverter   No LDT found for Meta 
155725     DEBUG Test worker     d.u.i.k.j.TypeConverter   No LDT found for Meta 
155725     DEBUG Test worker     d.u.i.k.j.TypeConverter   No LDT found for Meta 
155725     DEBUG Test worker     d.u.i.k.j.TypeConverter   No LDT found for Meta 
156600     DEBUG Test worker     d.u.i.k.j.TypeConverter   No LDT found for JavaBigintExpression 
161203     DEBUG Test worker     d.u.i.k.p.i.AbstractProblemLoader Init config took 5.7s 
161203     INFO  Test worker     d.u.i.k.p.i.AbstractProblemLoader Loading environment from src\test\resources\testcase\termLabels\flatSteps\FlatSteps.java 
161203     DEBUG Test worker     d.u.i.k.p.i.AbstractProblemLoader Environment load took 260ns 
161218     INFO  Test worker     d.u.i.k.p.i.AbstractProblemLoader Creating init config 
165255     DEBUG Test worker     d.u.i.k.p.i.AbstractProblemLoader Init config took 4.04s 
165255     INFO  Test worker     d.u.i.k.p.i.AbstractProblemLoader Loading environment from src\test\resources\testcase\termLabels\flatSteps\FlatSteps.java 
165255     DEBUG Test worker     d.u.i.k.p.i.AbstractProblemLoader Environment load took 237.7ns 
165255     INFO  Test worker     d.u.i.k.p.i.AbstractProblemLoader Creating init config 
169305     DEBUG Test worker     d.u.i.k.p.i.AbstractProblemLoader Init config took 4.05s 
169305     INFO  Test worker     d.u.i.k.p.i.AbstractProblemLoader Loading environment from src\test\resources\testcase\termLabels\flatSteps\FlatSteps.java 
169321     DEBUG Test worker     d.u.i.k.p.i.AbstractProblemLoader Environment load took 318ns 
169321     INFO  Test worker     d.u.i.k.p.i.AbstractProblemLoader Creating init config 
173425     DEBUG Test worker     d.u.i.k.p.i.AbstractProblemLoader Init config took 4.12s 
173456     INFO  Test worker     d.u.i.k.p.i.AbstractProblemLoader Loading environment from src\test\resources\testcase\termLabels\flatSteps\FlatSteps.java 
173456     DEBUG Test worker     d.u.i.k.p.i.AbstractProblemLoader Environment load took 554.4ns 
173456     INFO  Test worker     d.u.i.k.p.i.AbstractProblemLoader Creating init config 
177531     DEBUG Test worker     d.u.i.k.p.i.AbstractProblemLoader Init config took 4.07s 
177531     INFO  Test worker     d.u.i.k.p.i.AbstractProblemLoader Loading environment from src\test\resources\testcase\termLabels\flatSteps\FlatSteps.java 
177531     DEBUG Test worker     d.u.i.k.p.i.AbstractProblemLoader Environment load took 506.6ns 
177546     INFO  Test worker     d.u.i.k.p.i.AbstractProblemLoader Creating init config 
181597     DEBUG Test worker     d.u.i.k.p.i.AbstractProblemLoader Init config took 4.05s 
181597     INFO  Test worker     d.u.i.k.p.i.AbstractProblemLoader Loading environment from src\test\resources\testcase\termLabels\flatSteps\FlatSteps.java 
181597     DEBUG Test worker     d.u.i.k.p.i.AbstractProblemLoader Environment load took 522.2ns 
181597     INFO  Test worker     d.u.i.k.p.i.AbstractProblemLoader Creating init config 
185631     DEBUG Test worker     d.u.i.k.p.i.AbstractProblemLoader Init config took 4.02s 
185631     INFO  Test worker     d.u.i.k.p.i.AbstractProblemLoader Loading environment from src\test\resources\testcase\termLabels\flatSteps\FlatSteps.java 
185631     DEBUG Test worker     d.u.i.k.p.i.AbstractProblemLoader Environment load took 207.7ns 
185631     INFO  Test worker     d.u.i.k.p.i.AbstractProblemLoader Creating init config 
189667     DEBUG Test worker     d.u.i.k.p.i.AbstractProblemLoader Init config took 4.03s 
189682     INFO  Test worker     d.u.i.k.p.i.AbstractProblemLoader Loading environment from src\test\resources\testcase\termLabels\flatSteps\FlatSteps.java 
189682     DEBUG Test worker     d.u.i.k.p.i.AbstractProblemLoader Environment load took 1.09ms 
189682     INFO  Test worker     d.u.i.k.p.i.AbstractProblemLoader Creating init config 
193734     DEBUG Test worker     d.u.i.k.p.i.AbstractProblemLoader Init config took 4.05s 
193734     INFO  Test worker     d.u.i.k.p.i.AbstractProblemLoader Loading environment from src\test\resources\testcase\termLabels\flatSteps\FlatSteps.java 
193734     DEBUG Test worker     d.u.i.k.p.i.AbstractProblemLoader Environment load took 223.6ns 
193750     INFO  Test worker     d.u.i.k.p.i.AbstractProblemLoader Creating init config 
197785     DEBUG Test worker     d.u.i.k.p.i.AbstractProblemLoader Init config took 4.05s 
197801     INFO  Test worker     d.u.i.k.p.i.AbstractProblemLoader Loading environment from src\test\resources\testcase\termLabels\flatSteps\FlatSteps.java 
197801     DEBUG Test worker     d.u.i.k.p.i.AbstractProblemLoader Environment load took 255.7ns 
197801     INFO  Test worker     d.u.i.k.p.i.AbstractProblemLoader Creating init config 
201916     DEBUG Test worker     d.u.i.k.p.i.AbstractProblemLoader Init config took 4.1s 
201916     INFO  Test worker     d.u.i.k.p.i.AbstractProblemLoader Loading environment from src\test\resources\testcase\termLabels\flatSteps\FlatSteps.java 
201916     DEBUG Test worker     d.u.i.k.p.i.AbstractProblemLoader Environment load took 175.7ns 
201916     INFO  Test worker     d.u.i.k.p.i.AbstractProblemLoader Creating init config 
205939     DEBUG Test worker     d.u.i.k.p.i.AbstractProblemLoader Init config took 4.02s 
205955     INFO  Test worker     d.u.i.k.p.i.AbstractProblemLoader Loading environment from src\test\resources\testcase\termLabels\flatSteps\FlatSteps.java 
205955     DEBUG Test worker     d.u.i.k.p.i.AbstractProblemLoader Environment load took 202ns 
205955     INFO  Test worker     d.u.i.k.p.i.AbstractProblemLoader Creating init config 
209973     DEBUG Test worker     d.u.i.k.p.i.AbstractProblemLoader Init config took 4.01s 
209989     INFO  Test worker     d.u.i.k.p.i.AbstractProblemLoader Loading environment from src\test\resources\testcase\termLabels\flatSteps\FlatSteps.java 
209989     DEBUG Test worker     d.u.i.k.p.i.AbstractProblemLoader Environment load took 509ns 
209989     INFO  Test worker     d.u.i.k.p.i.AbstractProblemLoader Creating init config 
214023     DEBUG Test worker     d.u.i.k.p.i.AbstractProblemLoader Init config took 4.04s 
214023     INFO  Test worker     d.u.i.k.p.i.AbstractProblemLoader Loading environment from src\test\resources\testcase\termLabels\flatSteps\FlatSteps.java 
214023     DEBUG Test worker     d.u.i.k.p.i.AbstractProblemLoader Environment load took 246.8ns 
214039     INFO  Test worker     d.u.i.k.p.i.AbstractProblemLoader Creating init config 
218037     DEBUG Test worker     d.u.i.k.p.i.AbstractProblemLoader Init config took 4s 
218037     INFO  Test worker     d.u.i.k.p.i.AbstractProblemLoader Loading environment from src\test\resources\testcase\termLabels\flatSteps\FlatSteps.java 
218037     DEBUG Test worker     d.u.i.k.p.i.AbstractProblemLoader Environment load took 219.4ns 
218037     INFO  Test worker     d.u.i.k.p.i.AbstractProblemLoader Creating init config 
222092     DEBUG Test worker     d.u.i.k.p.i.AbstractProblemLoader Init config took 4.04s 
222107     INFO  Test worker     d.u.i.k.p.i.AbstractProblemLoader Loading environment from src\test\resources\testcase\termLabels\flatSteps\FlatSteps.java 
222107     DEBUG Test worker     d.u.i.k.p.i.AbstractProblemLoader Environment load took 546.4ns 
222107     INFO  Test worker     d.u.i.k.p.i.AbstractProblemLoader Creating init config 
226105     DEBUG Test worker     d.u.i.k.p.i.AbstractProblemLoader Init config took 4s 
226120     INFO  Test worker     d.u.i.k.p.i.AbstractProblemLoader Loading environment from src\test\resources\testcase\termLabels\flatSteps\FlatSteps.java 
226120     DEBUG Test worker     d.u.i.k.p.i.AbstractProblemLoader Environment load took 258.2ns 
226120     INFO  Test worker     d.u.i.k.p.i.AbstractProblemLoader Creating init config 
230141     DEBUG Test worker     d.u.i.k.p.i.AbstractProblemLoader Init config took 4.03s 
230156     INFO  Test worker     d.u.i.k.p.i.AbstractProblemLoader Loading environment from src\test\resources\testcase\termLabels\flatSteps\FlatSteps.java 
230156     DEBUG Test worker     d.u.i.k.p.i.AbstractProblemLoader Environment load took 937.4ns 
230156     INFO  Test worker     d.u.i.k.p.i.AbstractProblemLoader Creating init config 
234183     DEBUG Test worker     d.u.i.k.p.i.AbstractProblemLoader Init config took 4.03s 
]]></system-out>
  <system-err><![CDATA[]]></system-err>
</testsuite>
