<?xml version="1.0" encoding="UTF-8"?>
<testsuite name="de.uka.ilkd.key.logic.LabeledTermImplTest" tests="2" skipped="0" failures="0" errors="0" timestamp="2023-06-06T09:46:43" hostname="fv-az931-692" time="0.003">
  <properties/>
  <testcase name="testGetHasAndContainsLabels()" classname="de.uka.ilkd.key.logic.LabeledTermImplTest" time="0.001"/>
  <testcase name="testEqualsLabelOnTop()" classname="de.uka.ilkd.key.logic.LabeledTermImplTest" time="0.001"/>
  <system-out><![CDATA[]]></system-out>
  <system-err><![CDATA[]]></system-err>
</testsuite>
