<?xml version="1.0" encoding="UTF-8"?>
<testsuite name="de.uka.ilkd.key.java.visitor.TestDeclarationProgramVariableCollector" tests="1" skipped="0" failures="0" errors="0" timestamp="2023-02-21T16:51:56" hostname="fv-az216-718" time="0.019">
  <properties/>
  <testcase name="testVisitor()" classname="de.uka.ilkd.key.java.visitor.TestDeclarationProgramVariableCollector" time="0.019"/>
  <system-out><![CDATA[]]></system-out>
  <system-err><![CDATA[]]></system-err>
</testsuite>
