<?xml version="1.0" encoding="UTF-8"?>
<testsuite name="de.uka.ilkd.key.logic.TestTermLabelManager" tests="21" skipped="0" failures="0" errors="0" timestamp="2023-03-30T12:21:19" hostname="fv-az449-845" time="60.782">
  <properties/>
  <testcase name="testInstantiateLabels_directChildPolicies_allRules()" classname="de.uka.ilkd.key.logic.TestTermLabelManager" time="4.441"/>
  <testcase name="testInstantiateLabels_childAndGrandchildPolicies_ruleSpecific()" classname="de.uka.ilkd.key.logic.TestTermLabelManager" time="3.145"/>
  <testcase name="testParseLabel()" classname="de.uka.ilkd.key.logic.TestTermLabelManager" time="3.092"/>
  <testcase name="testrefactorGoal_childrenAndGrandchildren_ruleSpecific()" classname="de.uka.ilkd.key.logic.TestTermLabelManager" time="3.104"/>
  <testcase name="testrefactorGoal_directChildren_allRules()" classname="de.uka.ilkd.key.logic.TestTermLabelManager" time="3.133"/>
  <testcase name="testInstantiateLabels_childAndGrandchildPolicies_allRules()" classname="de.uka.ilkd.key.logic.TestTermLabelManager" time="3.184"/>
  <testcase name="testInstantiateLabels_taclet()" classname="de.uka.ilkd.key.logic.TestTermLabelManager" time="3.095"/>
  <testcase name="testrefactorGoal_none_ruleSpecific()" classname="de.uka.ilkd.key.logic.TestTermLabelManager" time="3.079"/>
  <testcase name="testInstantiateLabels_updates_ruleSpecific()" classname="de.uka.ilkd.key.logic.TestTermLabelManager" time="3.071"/>
  <testcase name="testrefactorGoal_sequent_ruleSpecific()" classname="de.uka.ilkd.key.logic.TestTermLabelManager" time="3.082"/>
  <testcase name="testInstantiateLabels_updates_allRules()" classname="de.uka.ilkd.key.logic.TestTermLabelManager" time="3.072"/>
  <testcase name="testrefactorGoal_sequent_allRules()" classname="de.uka.ilkd.key.logic.TestTermLabelManager" time="3.164"/>
  <testcase name="testrefactorGoal_childrenAndGrandchildren_allRules()" classname="de.uka.ilkd.key.logic.TestTermLabelManager" time="3.141"/>
  <testcase name="testGetTermLabelManager()" classname="de.uka.ilkd.key.logic.TestTermLabelManager" time="0.001"/>
  <testcase name="testInstantiateLabels_applicationTermPolicies()" classname="de.uka.ilkd.key.logic.TestTermLabelManager" time="3.185"/>
  <testcase name="testInstantiateLabels_modalityTermPolicies()" classname="de.uka.ilkd.key.logic.TestTermLabelManager" time="3.169"/>
  <testcase name="testrefactorGoal_none_allRules()" classname="de.uka.ilkd.key.logic.TestTermLabelManager" time="3.201"/>
  <testcase name="testInstantiateLabels_null()" classname="de.uka.ilkd.key.logic.TestTermLabelManager" time="0.0"/>
  <testcase name="testrefactorGoal_directChildren_ruleSpecific()" classname="de.uka.ilkd.key.logic.TestTermLabelManager" time="3.179"/>
  <testcase name="testInstantiateLabels_directChildPolicies_ruleSpecific()" classname="de.uka.ilkd.key.logic.TestTermLabelManager" time="3.172"/>
  <testcase name="testGetSupportedTermLabelNames()" classname="de.uka.ilkd.key.logic.TestTermLabelManager" time="3.059"/>
  <system-out><![CDATA[]]></system-out>
  <system-err><![CDATA[]]></system-err>
</testsuite>
