<?xml version="1.0" encoding="UTF-8"?>
<testsuite name="org.key_project.util.testcase.collection.TestLeftistHeapOfInteger" tests="5" skipped="0" failures="0" errors="0" timestamp="2023-03-06T18:59:43" hostname="fv-az305-888" time="0.084">
  <properties/>
  <testcase name="testInsertElements()" classname="org.key_project.util.testcase.collection.TestLeftistHeapOfInteger" time="0.002"/>
  <testcase name="testInsertHeap()" classname="org.key_project.util.testcase.collection.TestLeftistHeapOfInteger" time="0.019"/>
  <testcase name="testInsertIterator()" classname="org.key_project.util.testcase.collection.TestLeftistHeapOfInteger" time="0.009"/>
  <testcase name="testLargeHeap()" classname="org.key_project.util.testcase.collection.TestLeftistHeapOfInteger" time="0.037"/>
  <testcase name="testRemoveAll()" classname="org.key_project.util.testcase.collection.TestLeftistHeapOfInteger" time="0.001"/>
  <system-out><![CDATA[]]></system-out>
  <system-err><![CDATA[]]></system-err>
</testsuite>
