<?xml version="1.0" encoding="UTF-8"?>
<testsuite name="de.uka.ilkd.key.parser.TestJMLParserAssociativity" tests="1" skipped="0" failures="0" errors="0" timestamp="2023-03-20T08:27:47" hostname="fv-az411-40" time="24.652">
  <properties/>
  <testcase name="testLeftAssociativity()" classname="de.uka.ilkd.key.parser.TestJMLParserAssociativity" time="24.652"/>
  <system-out><![CDATA[]]></system-out>
  <system-err><![CDATA[]]></system-err>
</testsuite>
