<?xml version="1.0" encoding="UTF-8"?>
<testsuite name="recoder.testsuite.fixedbugs.FixedBugs" tests="5" skipped="0" failures="0" errors="0" timestamp="2023-05-24T12:46:20" hostname="fv-az449-760" time="0.099">
  <properties/>
  <testcase name="testBasicReflectionImport" classname="recoder.testsuite.fixedbugs.FixedBugs" time="0.0"/>
  <testcase name="testConstructorStartPosition" classname="recoder.testsuite.fixedbugs.FixedBugs" time="0.032"/>
  <testcase name="testFieldTypes" classname="recoder.testsuite.fixedbugs.FixedBugs" time="0.011"/>
  <testcase name="testComments" classname="recoder.testsuite.fixedbugs.FixedBugs" time="0.035"/>
  <testcase name="testIncorrectFileEnd" classname="recoder.testsuite.fixedbugs.FixedBugs" time="0.016"/>
  <system-out><![CDATA[]]></system-out>
  <system-err><![CDATA[]]></system-err>
</testsuite>
