<?xml version="1.0" encoding="UTF-8"?>
<testsuite name="recoder.testsuite.basic.analysis.GetAllRelatedMethodsTest" tests="1" skipped="1" failures="0" errors="0" timestamp="2023-06-09T19:12:32" hostname="fv-az1230-655" time="0.0">
  <properties/>
  <testcase name="testGetAllRelatedMethodsTest" classname="recoder.testsuite.basic.analysis.GetAllRelatedMethodsTest" time="0.0">
    <skipped/>
  </testcase>
  <system-out><![CDATA[]]></system-out>
  <system-err><![CDATA[]]></system-err>
</testsuite>
