<?xml version="1.0" encoding="UTF-8"?>
<testsuite name="de.uka.ilkd.key.proof.runallproofs.RunAllProofsFunctional" tests="34" skipped="0" failures="0" errors="0" timestamp="2023-04-25T07:39:51" hostname="fv-az408-307" time="5148.531">
  <properties/>
  <testcase name="newBook" classname="de.uka.ilkd.key.proof.runallproofs.RunAllProofsFunctional" time="58.256"/>
  <testcase name="oldBook" classname="de.uka.ilkd.key.proof.runallproofs.RunAllProofsFunctional" time="17.072"/>
  <testcase name="comprehensions" classname="de.uka.ilkd.key.proof.runallproofs.RunAllProofsFunctional" time="63.78"/>
  <testcase name="performance" classname="de.uka.ilkd.key.proof.runallproofs.RunAllProofsFunctional" time="208.341"/>
  <testcase name="performancePOConstruction" classname="de.uka.ilkd.key.proof.runallproofs.RunAllProofsFunctional" time="73.624"/>
  <testcase name="applicationRestrictions" classname="de.uka.ilkd.key.proof.runallproofs.RunAllProofsFunctional" time="48.606"/>
  <testcase name="blockContracts" classname="de.uka.ilkd.key.proof.runallproofs.RunAllProofsFunctional" time="139.658"/>
  <testcase name="jmlAsserts" classname="de.uka.ilkd.key.proof.runallproofs.RunAllProofsFunctional" time="84.568"/>
  <testcase name="javaCard" classname="de.uka.ilkd.key.proof.runallproofs.RunAllProofsFunctional" time="126.503"/>
  <testcase name="list" classname="de.uka.ilkd.key.proof.runallproofs.RunAllProofsFunctional" time="262.521"/>
  <testcase name="list_ghost" classname="de.uka.ilkd.key.proof.runallproofs.RunAllProofsFunctional" time="63.939"/>
  <testcase name="list_recursive" classname="de.uka.ilkd.key.proof.runallproofs.RunAllProofsFunctional" time="21.009"/>
  <testcase name="list_seq" classname="de.uka.ilkd.key.proof.runallproofs.RunAllProofsFunctional" time="173.302"/>
  <testcase name="observer" classname="de.uka.ilkd.key.proof.runallproofs.RunAllProofsFunctional" time="96.449"/>
  <testcase name="removeDups" classname="de.uka.ilkd.key.proof.runallproofs.RunAllProofsFunctional" time="148.244"/>
  <testcase name="quicksort" classname="de.uka.ilkd.key.proof.runallproofs.RunAllProofsFunctional" time="104.945"/>
  <testcase name="simpleTests" classname="de.uka.ilkd.key.proof.runallproofs.RunAllProofsFunctional" time="145.935"/>
  <testcase name="SmansEtAl" classname="de.uka.ilkd.key.proof.runallproofs.RunAllProofsFunctional" time="187.718"/>
  <testcase name="VACID0" classname="de.uka.ilkd.key.proof.runallproofs.RunAllProofsFunctional" time="75.169"/>
  <testcase name="VSTTE10" classname="de.uka.ilkd.key.proof.runallproofs.RunAllProofsFunctional" time="174.863"/>
  <testcase name="WeideEtAl" classname="de.uka.ilkd.key.proof.runallproofs.RunAllProofsFunctional" time="27.481"/>
  <testcase name="arithmetic" classname="de.uka.ilkd.key.proof.runallproofs.RunAllProofsFunctional" time="477.085"/>
  <testcase name="arrays" classname="de.uka.ilkd.key.proof.runallproofs.RunAllProofsFunctional" time="56.574"/>
  <testcase name="javadl" classname="de.uka.ilkd.key.proof.runallproofs.RunAllProofsFunctional" time="630.539"/>
  <testcase name="FOL" classname="de.uka.ilkd.key.proof.runallproofs.RunAllProofsFunctional" time="259.478"/>
  <testcase name="strings" classname="de.uka.ilkd.key.proof.runallproofs.RunAllProofsFunctional" time="145.373"/>
  <testcase name="simple_info_flow" classname="de.uka.ilkd.key.proof.runallproofs.RunAllProofsFunctional" time="13.413"/>
  <testcase name="modelMethods" classname="de.uka.ilkd.key.proof.runallproofs.RunAllProofsFunctional" time="181.978"/>
  <testcase name="permissionHeap" classname="de.uka.ilkd.key.proof.runallproofs.RunAllProofsFunctional" time="780.681"/>
  <testcase name="completionScopes" classname="de.uka.ilkd.key.proof.runallproofs.RunAllProofsFunctional" time="48.874"/>
  <testcase name="reload_examples" classname="de.uka.ilkd.key.proof.runallproofs.RunAllProofsFunctional" time="42.829"/>
  <testcase name="proofLoadRepair" classname="de.uka.ilkd.key.proof.runallproofs.RunAllProofsFunctional" time="18.723"/>
  <testcase name="switch" classname="de.uka.ilkd.key.proof.runallproofs.RunAllProofsFunctional" time="63.315"/>
  <testcase name="redux" classname="de.uka.ilkd.key.proof.runallproofs.RunAllProofsFunctional" time="127.671"/>
  <system-out><![CDATA[402        INFO  Test worker     d.u.i.k.p.r.RunAllProofsTestUnit Running test newBook 
329        INFO  Timeout watchdog d.u.i.k.p.r.p.ForkedTestFileRunner Timeout watcher launched (2000 secs.) 
348        WARN  main            d.u.i.k.s.ProofSettings   No proof-settings could be loaded, using defaults java.io.FileNotFoundException: /home/runner/.key/proof-settings.props (No such file or directory)
	at java.base/java.io.FileInputStream.open0(Native Method)

395        INFO  main            d.u.i.k.p.r.p.TestFile    Now processing file /home/runner/work/key/key/key.core/../key.ui/examples/newBook/09.list_modelfield/ArrayList.add.key 
527        INFO  main            d.u.i.k.p.i.AbstractProblemLoader Loading environment from /home/runner/work/key/key/key.core/../key.ui/examples/newBook/09.list_modelfield/ArrayList.add.key 
542        DEBUG main            d.u.i.k.p.i.AbstractProblemLoader Environment load took 2.11ms 
755        INFO  main            d.u.i.k.p.i.AbstractProblemLoader Creating init config 
1628       DEBUG main            d.u.i.k.j.TypeConverter   No LDT found for Meta 
1629       DEBUG main            d.u.i.k.j.TypeConverter   No LDT found for Meta 
1632       DEBUG main            d.u.i.k.j.TypeConverter   No LDT found for Meta 
1633       DEBUG main            d.u.i.k.j.TypeConverter   No LDT found for Meta 
3297       DEBUG main            d.u.i.k.j.TypeConverter   No LDT found for JavaBigintExpression 
8068       DEBUG main            d.u.i.k.p.i.AbstractProblemLoader Init config took 7.31s 
8194       INFO  main            d.u.i.k.p.i.AbstractProblemLoader Replaying proof ArrayList[List::add(int)].JML normal_behavior operation contract.0 
8224       DEBUG main            d.u.i.k.p.i.IntermediateProofReplayer Proof replay took 31.1ns 
24638      INFO  main            d.u.i.k.p.r.p.TestFile    ... finished proof: closed. 
24936      INFO  main            d.u.i.k.p.i.AbstractProblemLoader Loading environment from /home/runner/work/key/key/key.core/../key.ui/examples/newBook/09.list_modelfield/ArrayList.add.key.proof 
24936      DEBUG main            d.u.i.k.p.i.AbstractProblemLoader Environment load took 134.8ns 
24941      INFO  main            d.u.i.k.p.i.AbstractProblemLoader Creating init config 
27793      DEBUG main            d.u.i.k.p.i.AbstractProblemLoader Init config took 2.85s 
27855      INFO  main            d.u.i.k.p.i.AbstractProblemLoader Replaying proof ArrayList[List::add(int)].JML normal_behavior operation contract.0 
29155      DEBUG main            d.u.i.k.p.i.IntermediateProofReplayer Proof replay took 1.23s 
29165      DEBUG main            d.u.i.k.p.r.p.TestFile    ... success: reloaded. 
29166      INFO  main            d.u.i.k.p.r.p.TestFile    Now processing file /home/runner/work/key/key/key.core/../key.ui/examples/newBook/09.list_modelfield/ArrayList.remFirst.key 
29167      INFO  main            d.u.i.k.p.i.AbstractProblemLoader Loading environment from /home/runner/work/key/key/key.core/../key.ui/examples/newBook/09.list_modelfield/ArrayList.remFirst.key 
29167      DEBUG main            d.u.i.k.p.i.AbstractProblemLoader Environment load took 102.8ns 
29169      INFO  main            d.u.i.k.p.i.AbstractProblemLoader Creating init config 
31843      DEBUG main            d.u.i.k.p.i.AbstractProblemLoader Init config took 2.67s 
31899      INFO  main            d.u.i.k.p.i.AbstractProblemLoader Replaying proof ArrayList[List::remFirst()].JML normal_behavior operation contract.0 
31902      DEBUG main            d.u.i.k.p.i.IntermediateProofReplayer Proof replay took 11.9ns 
36054      INFO  main            d.u.i.k.p.r.p.TestFile    ... finished proof: closed. 
36224      INFO  main            d.u.i.k.p.i.AbstractProblemLoader Loading environment from /home/runner/work/key/key/key.core/../key.ui/examples/newBook/09.list_modelfield/ArrayList.remFirst.key.proof 
36225      DEBUG main            d.u.i.k.p.i.AbstractProblemLoader Environment load took 683.79ns 
36227      INFO  main            d.u.i.k.p.i.AbstractProblemLoader Creating init config 
38747      DEBUG main            d.u.i.k.p.i.AbstractProblemLoader Init config took 2.52s 
38828      INFO  main            d.u.i.k.p.i.AbstractProblemLoader Replaying proof ArrayList[List::remFirst()].JML normal_behavior operation contract.0 
39399      DEBUG main            d.u.i.k.p.i.IntermediateProofReplayer Proof replay took 551.08ms 
39404      DEBUG main            d.u.i.k.p.r.p.TestFile    ... success: reloaded. 
39405      INFO  main            d.u.i.k.p.r.p.TestFile    Now processing file /home/runner/work/key/key/key.core/../key.ui/examples/newBook/09.list_modelfield/ArrayList.empty.key 
39405      INFO  main            d.u.i.k.p.i.AbstractProblemLoader Loading environment from /home/runner/work/key/key/key.core/../key.ui/examples/newBook/09.list_modelfield/ArrayList.empty.key 
39405      DEBUG main            d.u.i.k.p.i.AbstractProblemLoader Environment load took 64.3ns 
39406      INFO  main            d.u.i.k.p.i.AbstractProblemLoader Creating init config 
41960      DEBUG main            d.u.i.k.p.i.AbstractProblemLoader Init config took 2.55s 
42006      INFO  main            d.u.i.k.p.i.AbstractProblemLoader Replaying proof ArrayList[List::empty()].JML normal_behavior operation contract.0 
42008      DEBUG main            d.u.i.k.p.i.IntermediateProofReplayer Proof replay took 4.6ns 
43013      INFO  main            d.u.i.k.p.r.p.TestFile    ... finished proof: closed. 
43162      INFO  main            d.u.i.k.p.i.AbstractProblemLoader Loading environment from /home/runner/work/key/key/key.core/../key.ui/examples/newBook/09.list_modelfield/ArrayList.empty.key.proof 
43165      DEBUG main            d.u.i.k.p.i.AbstractProblemLoader Environment load took 3.05ms 
43168      INFO  main            d.u.i.k.p.i.AbstractProblemLoader Creating init config 
45795      DEBUG main            d.u.i.k.p.i.AbstractProblemLoader Init config took 2.63s 
45851      INFO  main            d.u.i.k.p.i.AbstractProblemLoader Replaying proof ArrayList[List::empty()].JML normal_behavior operation contract.0 
45994      DEBUG main            d.u.i.k.p.i.IntermediateProofReplayer Proof replay took 123.68ms 
45996      DEBUG main            d.u.i.k.p.r.p.TestFile    ... success: reloaded. 
45997      INFO  main            d.u.i.k.p.r.p.TestFile    Now processing file /home/runner/work/key/key/key.core/../key.ui/examples/newBook/09.list_modelfield/ArrayList.size.key 
45997      INFO  main            d.u.i.k.p.i.AbstractProblemLoader Loading environment from /home/runner/work/key/key/key.core/../key.ui/examples/newBook/09.list_modelfield/ArrayList.size.key 
45997      DEBUG main            d.u.i.k.p.i.AbstractProblemLoader Environment load took 59.2ns 
45998      INFO  main            d.u.i.k.p.i.AbstractProblemLoader Creating init config 
48573      DEBUG main            d.u.i.k.p.i.AbstractProblemLoader Init config took 2.57s 
48618      INFO  main            d.u.i.k.p.i.AbstractProblemLoader Replaying proof ArrayList[List::size()].JML normal_behavior operation contract.0 
48620      DEBUG main            d.u.i.k.p.i.IntermediateProofReplayer Proof replay took 5ns 
49026      INFO  main            d.u.i.k.p.r.p.TestFile    ... finished proof: closed. 
49183      INFO  main            d.u.i.k.p.i.AbstractProblemLoader Loading environment from /home/runner/work/key/key/key.core/../key.ui/examples/newBook/09.list_modelfield/ArrayList.size.key.proof 
49184      DEBUG main            d.u.i.k.p.i.AbstractProblemLoader Environment load took 934.79ns 
49186      INFO  main            d.u.i.k.p.i.AbstractProblemLoader Creating init config 
51696      DEBUG main            d.u.i.k.p.i.AbstractProblemLoader Init config took 2.51s 
51775      INFO  main            d.u.i.k.p.i.AbstractProblemLoader Replaying proof ArrayList[List::size()].JML normal_behavior operation contract.0 
51830      DEBUG main            d.u.i.k.p.i.IntermediateProofReplayer Proof replay took 50.47ms 
51831      DEBUG main            d.u.i.k.p.r.p.TestFile    ... success: reloaded. 
51832      INFO  main            d.u.i.k.p.r.p.TestFile    Now processing file /home/runner/work/key/key/key.core/../key.ui/examples/newBook/09.list_modelfield/ArrayList.get.key 
51833      INFO  main            d.u.i.k.p.i.AbstractProblemLoader Loading environment from /home/runner/work/key/key/key.core/../key.ui/examples/newBook/09.list_modelfield/ArrayList.get.key 
51833      DEBUG main            d.u.i.k.p.i.AbstractProblemLoader Environment load took 364.4ns 
51834      INFO  main            d.u.i.k.p.i.AbstractProblemLoader Creating init config 
54328      DEBUG main            d.u.i.k.p.i.AbstractProblemLoader Init config took 2.49s 
54370      INFO  main            d.u.i.k.p.i.AbstractProblemLoader Replaying proof ArrayList[List::get(int)].JML normal_behavior operation contract.0 
54372      DEBUG main            d.u.i.k.p.i.IntermediateProofReplayer Proof replay took 5.5ns 
55279      INFO  main            d.u.i.k.p.r.p.TestFile    ... finished proof: closed. 
55447      INFO  main            d.u.i.k.p.i.AbstractProblemLoader Loading environment from /home/runner/work/key/key/key.core/../key.ui/examples/newBook/09.list_modelfield/ArrayList.get.key.proof 
55447      DEBUG main            d.u.i.k.p.i.AbstractProblemLoader Environment load took 113.2ns 
55448      INFO  main            d.u.i.k.p.i.AbstractProblemLoader Creating init config 
57886      DEBUG main            d.u.i.k.p.i.AbstractProblemLoader Init config took 2.44s 
57943      INFO  main            d.u.i.k.p.i.AbstractProblemLoader Replaying proof ArrayList[List::get(int)].JML normal_behavior operation contract.0 
58048      DEBUG main            d.u.i.k.p.i.IntermediateProofReplayer Proof replay took 98.41ms 
58049      DEBUG main            d.u.i.k.p.r.p.TestFile    ... success: reloaded. 
58651      INFO  Test worker     d.u.i.k.p.r.RunAllProofsTestUnit Returning from test newBook 
58660      INFO  Test worker     d.u.i.k.p.r.RunAllProofsTestUnit Running test oldBook 
341        INFO  Timeout watchdog d.u.i.k.p.r.p.ForkedTestFileRunner Timeout watcher launched (2000 secs.) 
355        WARN  main            d.u.i.k.s.ProofSettings   The settings in /home/runner/.key/proof-settings.props are *not* read. 
396        INFO  main            d.u.i.k.p.r.p.TestFile    Now processing file /home/runner/work/key/key/key.core/../key.ui/examples/standard_key/BookExamples/02FirstOrderLogic/Ex2.58.key 
501        INFO  main            d.u.i.k.p.i.AbstractProblemLoader Loading environment from /home/runner/work/key/key/key.core/../key.ui/examples/standard_key/BookExamples/02FirstOrderLogic/Ex2.58.key 
517        DEBUG main            d.u.i.k.p.i.AbstractProblemLoader Environment load took 2.82ms 
788        INFO  main            d.u.i.k.p.i.AbstractProblemLoader Creating init config 
1664       DEBUG main            d.u.i.k.j.TypeConverter   No LDT found for Meta 
1665       DEBUG main            d.u.i.k.j.TypeConverter   No LDT found for Meta 
1668       DEBUG main            d.u.i.k.j.TypeConverter   No LDT found for Meta 
1668       DEBUG main            d.u.i.k.j.TypeConverter   No LDT found for Meta 
3092       DEBUG main            d.u.i.k.j.TypeConverter   No LDT found for JavaBigintExpression 
7983       DEBUG main            d.u.i.k.p.i.AbstractProblemLoader Init config took 7.19s 
8061       INFO  main            d.u.i.k.p.i.AbstractProblemLoader Replaying proof Ex2.58.key 
8096       DEBUG main            d.u.i.k.p.i.IntermediateProofReplayer Proof replay took 32.7ns 
8245       INFO  main            d.u.i.k.p.r.p.TestFile    ... finished proof: closed. 
8335       INFO  main            d.u.i.k.p.i.AbstractProblemLoader Loading environment from /home/runner/work/key/key/key.core/../key.ui/examples/standard_key/BookExamples/02FirstOrderLogic/Ex2.58.key.proof 
8335       DEBUG main            d.u.i.k.p.i.AbstractProblemLoader Environment load took 127.3ns 
8342       INFO  main            d.u.i.k.p.i.AbstractProblemLoader Creating init config 
11079      DEBUG main            d.u.i.k.p.i.AbstractProblemLoader Init config took 2.74s 
11109      INFO  main            d.u.i.k.p.i.AbstractProblemLoader Replaying proof Ex2.58.key.proof 
11115      DEBUG main            d.u.i.k.p.i.IntermediateProofReplayer Proof replay took 3.08ms 
11126      DEBUG main            d.u.i.k.p.r.p.TestFile    ... success: reloaded. 
11127      INFO  main            d.u.i.k.p.r.p.TestFile    Now processing file /home/runner/work/key/key/key.core/../key.ui/examples/standard_key/BookExamples/03DynamicLogic/Sect3.3.1.key 
11127      INFO  main            d.u.i.k.p.i.AbstractProblemLoader Loading environment from /home/runner/work/key/key/key.core/../key.ui/examples/standard_key/BookExamples/03DynamicLogic/Sect3.3.1.key 
11127      DEBUG main            d.u.i.k.p.i.AbstractProblemLoader Environment load took 76.9ns 
11128      INFO  main            d.u.i.k.p.i.AbstractProblemLoader Creating init config 
13620      DEBUG main            d.u.i.k.p.i.AbstractProblemLoader Init config took 2.49s 
13659      INFO  main            d.u.i.k.p.i.AbstractProblemLoader Replaying proof Sect3.3.1.key 
13665      DEBUG main            d.u.i.k.p.i.IntermediateProofReplayer Proof replay took 6.6ns 
14171      INFO  main            d.u.i.k.p.r.p.TestFile    ... finished proof: closed. 
14307      INFO  main            d.u.i.k.p.i.AbstractProblemLoader Loading environment from /home/runner/work/key/key/key.core/../key.ui/examples/standard_key/BookExamples/03DynamicLogic/Sect3.3.1.key.proof 
14307      DEBUG main            d.u.i.k.p.i.AbstractProblemLoader Environment load took 119.9ns 
14310      INFO  main            d.u.i.k.p.i.AbstractProblemLoader Creating init config 
16811      DEBUG main            d.u.i.k.p.i.AbstractProblemLoader Init config took 2.5s 
16835      INFO  main            d.u.i.k.p.i.AbstractProblemLoader Replaying proof Sect3.3.1.key.proof 
16892      DEBUG main            d.u.i.k.p.i.IntermediateProofReplayer Proof replay took 53.29ms 
16905      DEBUG main            d.u.i.k.p.r.p.TestFile    ... success: reloaded. 
75728      INFO  Test worker     d.u.i.k.p.r.RunAllProofsTestUnit Returning from test oldBook 
75731      INFO  Test worker     d.u.i.k.p.r.RunAllProofsTestUnit Running test comprehensions 
349        INFO  Timeout watchdog d.u.i.k.p.r.p.ForkedTestFileRunner Timeout watcher launched (2000 secs.) 
357        WARN  main            d.u.i.k.s.ProofSettings   The settings in /home/runner/.key/proof-settings.props are *not* read. 
383        INFO  main            d.u.i.k.p.r.p.TestFile    Now processing file /home/runner/work/key/key/key.core/../key.ui/examples/heap/comprehensions/general_sum.key 
518        INFO  main            d.u.i.k.p.i.AbstractProblemLoader Loading environment from /home/runner/work/key/key/key.core/../key.ui/examples/heap/comprehensions/general_sum.key 
534        DEBUG main            d.u.i.k.p.i.AbstractProblemLoader Environment load took 2.68ms 
750        INFO  main            d.u.i.k.p.i.AbstractProblemLoader Creating init config 
1497       DEBUG main            d.u.i.k.j.TypeConverter   No LDT found for Meta 
1497       DEBUG main            d.u.i.k.j.TypeConverter   No LDT found for Meta 
1499       DEBUG main            d.u.i.k.j.TypeConverter   No LDT found for Meta 
1499       DEBUG main            d.u.i.k.j.TypeConverter   No LDT found for Meta 
2830       DEBUG main            d.u.i.k.j.TypeConverter   No LDT found for JavaBigintExpression 
7699       DEBUG main            d.u.i.k.p.i.AbstractProblemLoader Init config took 6.95s 
7822       INFO  main            d.u.i.k.p.i.AbstractProblemLoader Replaying proof GSum[GSum::doNothing()].JML operation contract.0 
7852       DEBUG main            d.u.i.k.p.i.IntermediateProofReplayer Proof replay took 29.6ns 
8226       INFO  main            d.u.i.k.p.r.p.TestFile    ... finished proof: closed. 
8317       INFO  main            d.u.i.k.p.i.AbstractProblemLoader Loading environment from /home/runner/work/key/key/key.core/../key.ui/examples/heap/comprehensions/general_sum.key.proof 
8317       DEBUG main            d.u.i.k.p.i.AbstractProblemLoader Environment load took 145.6ns 
8319       INFO  main            d.u.i.k.p.i.AbstractProblemLoader Creating init config 
11054      DEBUG main            d.u.i.k.p.i.AbstractProblemLoader Init config took 2.73s 
11115      INFO  main            d.u.i.k.p.i.AbstractProblemLoader Replaying proof GSum[GSum::doNothing()].JML operation contract.0 
11152      DEBUG main            d.u.i.k.p.i.IntermediateProofReplayer Proof replay took 29.03ms 
11167      DEBUG main            d.u.i.k.p.r.p.TestFile    ... success: reloaded. 
11168      INFO  main            d.u.i.k.p.r.p.TestFile    Now processing file /home/runner/work/key/key/key.core/../key.ui/examples/heap/comprehensions/sum0.key 
11168      INFO  main            d.u.i.k.p.i.AbstractProblemLoader Loading environment from /home/runner/work/key/key/key.core/../key.ui/examples/heap/comprehensions/sum0.key 
11168      DEBUG main            d.u.i.k.p.i.AbstractProblemLoader Environment load took 68ns 
11170      INFO  main            d.u.i.k.p.i.AbstractProblemLoader Creating init config 
13892      DEBUG main            d.u.i.k.p.i.AbstractProblemLoader Init config took 2.72s 
13949      INFO  main            d.u.i.k.p.i.AbstractProblemLoader Replaying proof Sum[Sum::sum0([I)].JML normal_behavior operation contract.0 
13952      DEBUG main            d.u.i.k.p.i.IntermediateProofReplayer Proof replay took 5.9ns 
14040      DEBUG Thread-4        d.u.i.k.l.l.OriginTermLabel commonFileName is null! 
14040      DEBUG Thread-4        d.u.i.k.l.l.OriginTermLabel commonFileName is null! 
14262      DEBUG Thread-4        d.u.i.k.l.l.OriginTermLabel commonFileName is null! 
14263      DEBUG Thread-4        d.u.i.k.l.l.OriginTermLabel commonFileName is null! 
14422      DEBUG Thread-4        d.u.i.k.l.l.OriginTermLabel commonFileName is null! 
14564      INFO  main            d.u.i.k.p.r.p.TestFile    ... finished proof: closed. 
14685      INFO  main            d.u.i.k.p.i.AbstractProblemLoader Loading environment from /home/runner/work/key/key/key.core/../key.ui/examples/heap/comprehensions/sum0.key.proof 
14689      DEBUG main            d.u.i.k.p.i.AbstractProblemLoader Environment load took 3.95ms 
14691      INFO  main            d.u.i.k.p.i.AbstractProblemLoader Creating init config 
17373      DEBUG main            d.u.i.k.p.i.AbstractProblemLoader Init config took 2.68s 
17424      INFO  main            d.u.i.k.p.i.AbstractProblemLoader Replaying proof Sum[Sum::sum0([I)].JML normal_behavior operation contract.0 
17473      DEBUG main            d.u.i.k.l.l.OriginTermLabel commonFileName is null! 
17473      DEBUG main            d.u.i.k.l.l.OriginTermLabel commonFileName is null! 
17551      DEBUG main            d.u.i.k.l.l.OriginTermLabel commonFileName is null! 
17602      DEBUG main            d.u.i.k.l.l.OriginTermLabel commonFileName is null! 
17602      DEBUG main            d.u.i.k.l.l.OriginTermLabel commonFileName is null! 
17605      DEBUG main            d.u.i.k.p.i.IntermediateProofReplayer Proof replay took 172.4ms 
17606      DEBUG main            d.u.i.k.p.r.p.TestFile    ... success: reloaded. 
17607      INFO  main            d.u.i.k.p.r.p.TestFile    Now processing file /home/runner/work/key/key/key.core/../key.ui/examples/heap/comprehensions/sum1.key 
17608      INFO  main            d.u.i.k.p.i.AbstractProblemLoader Loading environment from /home/runner/work/key/key/key.core/../key.ui/examples/heap/comprehensions/sum1.key 
17608      DEBUG main            d.u.i.k.p.i.AbstractProblemLoader Environment load took 133.3ns 
17610      INFO  main            d.u.i.k.p.i.AbstractProblemLoader Creating init config 
20282      DEBUG main            d.u.i.k.p.i.AbstractProblemLoader Init config took 2.67s 
20326      INFO  main            d.u.i.k.p.i.AbstractProblemLoader Replaying proof Sum[Sum::sum1([I)].JML normal_behavior operation contract.0 
20328      DEBUG main            d.u.i.k.p.i.IntermediateProofReplayer Proof replay took 5ns 
20382      DEBUG Thread-7        d.u.i.k.l.l.OriginTermLabel commonFileName is null! 
20382      DEBUG Thread-7        d.u.i.k.l.l.OriginTermLabel commonFileName is null! 
20509      DEBUG Thread-7        d.u.i.k.l.l.OriginTermLabel commonFileName is null! 
20510      DEBUG Thread-7        d.u.i.k.l.l.OriginTermLabel commonFileName is null! 
20618      DEBUG Thread-7        d.u.i.k.l.l.OriginTermLabel commonFileName is null! 
20833      INFO  main            d.u.i.k.p.r.p.TestFile    ... finished proof: closed. 
20977      INFO  main            d.u.i.k.p.i.AbstractProblemLoader Loading environment from /home/runner/work/key/key/key.core/../key.ui/examples/heap/comprehensions/sum1.key.proof 
20978      DEBUG main            d.u.i.k.p.i.AbstractProblemLoader Environment load took 786.79ns 
20979      INFO  main            d.u.i.k.p.i.AbstractProblemLoader Creating init config 
23495      DEBUG main            d.u.i.k.p.i.AbstractProblemLoader Init config took 2.52s 
23537      INFO  main            d.u.i.k.p.i.AbstractProblemLoader Replaying proof Sum[Sum::sum1([I)].JML normal_behavior operation contract.0 
23579      DEBUG main            d.u.i.k.l.l.OriginTermLabel commonFileName is null! 
23579      DEBUG main            d.u.i.k.l.l.OriginTermLabel commonFileName is null! 
23630      DEBUG main            d.u.i.k.l.l.OriginTermLabel commonFileName is null! 
23668      DEBUG main            d.u.i.k.l.l.OriginTermLabel commonFileName is null! 
23668      DEBUG main            d.u.i.k.l.l.OriginTermLabel commonFileName is null! 
23670      DEBUG main            d.u.i.k.p.i.IntermediateProofReplayer Proof replay took 122.05ms 
23671      DEBUG main            d.u.i.k.p.r.p.TestFile    ... success: reloaded. 
23672      INFO  main            d.u.i.k.p.r.p.TestFile    Now processing file /home/runner/work/key/key/key.core/../key.ui/examples/heap/comprehensions/sum2.key 
23672      INFO  main            d.u.i.k.p.i.AbstractProblemLoader Loading environment from /home/runner/work/key/key/key.core/../key.ui/examples/heap/comprehensions/sum2.key 
23672      DEBUG main            d.u.i.k.p.i.AbstractProblemLoader Environment load took 59.3ns 
23673      INFO  main            d.u.i.k.p.i.AbstractProblemLoader Creating init config 
26259      DEBUG main            d.u.i.k.p.i.AbstractProblemLoader Init config took 2.59s 
26301      INFO  main            d.u.i.k.p.i.AbstractProblemLoader Replaying proof Sum[Sum::sum2([I)].JML normal_behavior operation contract.0 
26303      DEBUG main            d.u.i.k.p.i.IntermediateProofReplayer Proof replay took 5.2ns 
26347      DEBUG Thread-10       d.u.i.k.l.l.OriginTermLabel commonFileName is null! 
26348      DEBUG Thread-10       d.u.i.k.l.l.OriginTermLabel commonFileName is null! 
26467      DEBUG Thread-10       d.u.i.k.l.l.OriginTermLabel commonFileName is null! 
26467      DEBUG Thread-10       d.u.i.k.l.l.OriginTermLabel commonFileName is null! 
26538      DEBUG Thread-10       d.u.i.k.l.l.OriginTermLabel commonFileName is null! 
26708      INFO  main            d.u.i.k.p.r.p.TestFile    ... finished proof: closed. 
26842      INFO  main            d.u.i.k.p.i.AbstractProblemLoader Loading environment from /home/runner/work/key/key/key.core/../key.ui/examples/heap/comprehensions/sum2.key.proof 
26842      DEBUG main            d.u.i.k.p.i.AbstractProblemLoader Environment load took 114.9ns 
26843      INFO  main            d.u.i.k.p.i.AbstractProblemLoader Creating init config 
29355      DEBUG main            d.u.i.k.p.i.AbstractProblemLoader Init config took 2.51s 
29395      INFO  main            d.u.i.k.p.i.AbstractProblemLoader Replaying proof Sum[Sum::sum2([I)].JML normal_behavior operation contract.0 
29418      DEBUG main            d.u.i.k.l.l.OriginTermLabel commonFileName is null! 
29419      DEBUG main            d.u.i.k.l.l.OriginTermLabel commonFileName is null! 
29452      DEBUG main            d.u.i.k.l.l.OriginTermLabel commonFileName is null! 
29476      DEBUG main            d.u.i.k.l.l.OriginTermLabel commonFileName is null! 
29476      DEBUG main            d.u.i.k.l.l.OriginTermLabel commonFileName is null! 
29478      DEBUG main            d.u.i.k.p.i.IntermediateProofReplayer Proof replay took 79.88ms 
29479      DEBUG main            d.u.i.k.p.r.p.TestFile    ... success: reloaded. 
29480      INFO  main            d.u.i.k.p.r.p.TestFile    Now processing file /home/runner/work/key/key/key.core/../key.ui/examples/heap/comprehensions/sum3.key 
29481      INFO  main            d.u.i.k.p.i.AbstractProblemLoader Loading environment from /home/runner/work/key/key/key.core/../key.ui/examples/heap/comprehensions/sum3.key 
29481      DEBUG main            d.u.i.k.p.i.AbstractProblemLoader Environment load took 187.3ns 
29482      INFO  main            d.u.i.k.p.i.AbstractProblemLoader Creating init config 
32025      DEBUG main            d.u.i.k.p.i.AbstractProblemLoader Init config took 2.54s 
32065      INFO  main            d.u.i.k.p.i.AbstractProblemLoader Replaying proof Sum[Sum::sum3([I)].JML normal_behavior operation contract.0 
32066      DEBUG main            d.u.i.k.p.i.IntermediateProofReplayer Proof replay took 5.6ns 
32116      DEBUG Thread-13       d.u.i.k.l.l.OriginTermLabel commonFileName is null! 
32116      DEBUG Thread-13       d.u.i.k.l.l.OriginTermLabel commonFileName is null! 
32219      DEBUG Thread-13       d.u.i.k.l.l.OriginTermLabel commonFileName is null! 
32220      DEBUG Thread-13       d.u.i.k.l.l.OriginTermLabel commonFileName is null! 
32291      DEBUG Thread-13       d.u.i.k.l.l.OriginTermLabel commonFileName is null! 
32472      INFO  main            d.u.i.k.p.r.p.TestFile    ... finished proof: closed. 
32627      INFO  main            d.u.i.k.p.i.AbstractProblemLoader Loading environment from /home/runner/work/key/key/key.core/../key.ui/examples/heap/comprehensions/sum3.key.proof 
32628      DEBUG main            d.u.i.k.p.i.AbstractProblemLoader Environment load took 119ns 
32629      INFO  main            d.u.i.k.p.i.AbstractProblemLoader Creating init config 
35097      DEBUG main            d.u.i.k.p.i.AbstractProblemLoader Init config took 2.47s 
35138      INFO  main            d.u.i.k.p.i.AbstractProblemLoader Replaying proof Sum[Sum::sum3([I)].JML normal_behavior operation contract.0 
35166      DEBUG main            d.u.i.k.l.l.OriginTermLabel commonFileName is null! 
35168      DEBUG main            d.u.i.k.l.l.OriginTermLabel commonFileName is null! 
35202      DEBUG main            d.u.i.k.l.l.OriginTermLabel commonFileName is null! 
35227      DEBUG main            d.u.i.k.l.l.OriginTermLabel commonFileName is null! 
35230      DEBUG main            d.u.i.k.l.l.OriginTermLabel commonFileName is null! 
35234      DEBUG main            d.u.i.k.p.i.IntermediateProofReplayer Proof replay took 92.14ms 
35235      DEBUG main            d.u.i.k.p.r.p.TestFile    ... success: reloaded. 
35239      INFO  main            d.u.i.k.p.r.p.TestFile    Now processing file /home/runner/work/key/key/key.core/../key.ui/examples/heap/comprehensions/segsum.key 
35240      INFO  main            d.u.i.k.p.i.AbstractProblemLoader Loading environment from /home/runner/work/key/key/key.core/../key.ui/examples/heap/comprehensions/segsum.key 
35242      DEBUG main            d.u.i.k.p.i.AbstractProblemLoader Environment load took 1.77ms 
35244      INFO  main            d.u.i.k.p.i.AbstractProblemLoader Creating init config 
37791      DEBUG main            d.u.i.k.p.i.AbstractProblemLoader Init config took 2.55s 
37831      INFO  main            d.u.i.k.p.i.AbstractProblemLoader Replaying proof SegSum[SegSum::segSum([I,int,int)].JML normal_behavior operation contract.0 
37834      DEBUG main            d.u.i.k.p.i.IntermediateProofReplayer Proof replay took 5.8ns 
38238      INFO  main            d.u.i.k.p.r.p.TestFile    ... finished proof: closed. 
38420      INFO  main            d.u.i.k.p.i.AbstractProblemLoader Loading environment from /home/runner/work/key/key/key.core/../key.ui/examples/heap/comprehensions/segsum.key.proof 
38421      DEBUG main            d.u.i.k.p.i.AbstractProblemLoader Environment load took 639.29ns 
38422      INFO  main            d.u.i.k.p.i.AbstractProblemLoader Creating init config 
40881      DEBUG main            d.u.i.k.p.i.AbstractProblemLoader Init config took 2.46s 
40929      INFO  main            d.u.i.k.p.i.AbstractProblemLoader Replaying proof SegSum[SegSum::segSum([I,int,int)].JML normal_behavior operation contract.0 
41009      DEBUG main            d.u.i.k.p.i.IntermediateProofReplayer Proof replay took 77.16ms 
41010      DEBUG main            d.u.i.k.p.r.p.TestFile    ... success: reloaded. 
41011      INFO  main            d.u.i.k.p.r.p.TestFile    Now processing file /home/runner/work/key/key/key.core/../key.ui/examples/heap/comprehensions/bsum_negative.key 
41011      INFO  main            d.u.i.k.p.i.AbstractProblemLoader Loading environment from /home/runner/work/key/key/key.core/../key.ui/examples/heap/comprehensions/bsum_negative.key 
41011      DEBUG main            d.u.i.k.p.i.AbstractProblemLoader Environment load took 53ns 
41012      INFO  main            d.u.i.k.p.i.AbstractProblemLoader Creating init config 
43387      DEBUG main            d.u.i.k.p.i.AbstractProblemLoader Init config took 2.37s 
43406      INFO  main            d.u.i.k.p.i.AbstractProblemLoader Replaying proof bsum_negative.key 
43407      DEBUG main            d.u.i.k.p.i.IntermediateProofReplayer Proof replay took 5.8ns 
43511      INFO  main            d.u.i.k.p.r.p.TestFile    ... finished proof: closed. 
43661      INFO  main            d.u.i.k.p.i.AbstractProblemLoader Loading environment from /home/runner/work/key/key/key.core/../key.ui/examples/heap/comprehensions/bsum_negative.key.proof 
43661      DEBUG main            d.u.i.k.p.i.AbstractProblemLoader Environment load took 101.9ns 
43662      INFO  main            d.u.i.k.p.i.AbstractProblemLoader Creating init config 
46006      DEBUG main            d.u.i.k.p.i.AbstractProblemLoader Init config took 2.34s 
46023      INFO  main            d.u.i.k.p.i.AbstractProblemLoader Replaying proof bsum_negative.key.proof 
46026      DEBUG main            d.u.i.k.p.i.IntermediateProofReplayer Proof replay took 1.51ms 
46027      DEBUG main            d.u.i.k.p.r.p.TestFile    ... success: reloaded. 
46028      INFO  main            d.u.i.k.p.r.p.TestFile    Now processing file /home/runner/work/key/key/key.core/../key.ui/examples/heap/comprehensions/bsum_neg2.key 
46028      INFO  main            d.u.i.k.p.i.AbstractProblemLoader Loading environment from /home/runner/work/key/key/key.core/../key.ui/examples/heap/comprehensions/bsum_neg2.key 
46028      DEBUG main            d.u.i.k.p.i.AbstractProblemLoader Environment load took 166.8ns 
46029      INFO  main            d.u.i.k.p.i.AbstractProblemLoader Creating init config 
48380      DEBUG main            d.u.i.k.p.i.AbstractProblemLoader Init config took 2.35s 
48397      INFO  main            d.u.i.k.p.i.AbstractProblemLoader Replaying proof bsum_neg2.key 
48398      DEBUG main            d.u.i.k.p.i.IntermediateProofReplayer Proof replay took 5.9ns 
48503      INFO  main            d.u.i.k.p.r.p.TestFile    ... finished proof: closed. 
48653      INFO  main            d.u.i.k.p.i.AbstractProblemLoader Loading environment from /home/runner/work/key/key/key.core/../key.ui/examples/heap/comprehensions/bsum_neg2.key.proof 
48653      DEBUG main            d.u.i.k.p.i.AbstractProblemLoader Environment load took 108.6ns 
48655      INFO  main            d.u.i.k.p.i.AbstractProblemLoader Creating init config 
50978      DEBUG main            d.u.i.k.p.i.AbstractProblemLoader Init config took 2.32s 
50995      INFO  main            d.u.i.k.p.i.AbstractProblemLoader Replaying proof bsum_neg2.key.proof 
50997      DEBUG main            d.u.i.k.p.i.IntermediateProofReplayer Proof replay took 836.99ns 
50998      DEBUG main            d.u.i.k.p.r.p.TestFile    ... success: reloaded. 
50999      INFO  main            d.u.i.k.p.r.p.TestFile    Now processing file /home/runner/work/key/key/key.core/../key.ui/examples/heap/comprehensions/bsumSplit.key 
50999      INFO  main            d.u.i.k.p.i.AbstractProblemLoader Loading environment from /home/runner/work/key/key/key.core/../key.ui/examples/heap/comprehensions/bsumSplit.key 
50999      DEBUG main            d.u.i.k.p.i.AbstractProblemLoader Environment load took 55.4ns 
51000      INFO  main            d.u.i.k.p.i.AbstractProblemLoader Creating init config 
53324      DEBUG main            d.u.i.k.p.i.AbstractProblemLoader Init config took 2.32s 
53341      INFO  main            d.u.i.k.p.i.AbstractProblemLoader Replaying proof bsumSplit.key 
53342      DEBUG main            d.u.i.k.p.i.IntermediateProofReplayer Proof replay took 6.5ns 
53444      INFO  main            d.u.i.k.p.r.p.TestFile    ... finished proof: closed. 
53643      INFO  main            d.u.i.k.p.i.AbstractProblemLoader Loading environment from /home/runner/work/key/key/key.core/../key.ui/examples/heap/comprehensions/bsumSplit.key.proof 
53643      DEBUG main            d.u.i.k.p.i.AbstractProblemLoader Environment load took 124.4ns 
53644      INFO  main            d.u.i.k.p.i.AbstractProblemLoader Creating init config 
55977      DEBUG main            d.u.i.k.p.i.AbstractProblemLoader Init config took 2.33s 
55993      INFO  main            d.u.i.k.p.i.AbstractProblemLoader Replaying proof bsumSplit.key.proof 
56001      DEBUG main            d.u.i.k.p.i.IntermediateProofReplayer Proof replay took 4.17ms 
56003      DEBUG main            d.u.i.k.p.r.p.TestFile    ... success: reloaded. 
56004      INFO  main            d.u.i.k.p.r.p.TestFile    Now processing file /home/runner/work/key/key/key.core/../key.ui/examples/heap/comprehensions/bprodSplit.key 
56004      INFO  main            d.u.i.k.p.i.AbstractProblemLoader Loading environment from /home/runner/work/key/key/key.core/../key.ui/examples/heap/comprehensions/bprodSplit.key 
56004      DEBUG main            d.u.i.k.p.i.AbstractProblemLoader Environment load took 266.2ns 
56005      INFO  main            d.u.i.k.p.i.AbstractProblemLoader Creating init config 
58299      DEBUG main            d.u.i.k.p.i.AbstractProblemLoader Init config took 2.29s 
58315      INFO  main            d.u.i.k.p.i.AbstractProblemLoader Replaying proof bprodSplit.key 
58316      DEBUG main            d.u.i.k.p.i.IntermediateProofReplayer Proof replay took 5.4ns 
58418      INFO  main            d.u.i.k.p.r.p.TestFile    ... finished proof: closed. 
58591      INFO  main            d.u.i.k.p.i.AbstractProblemLoader Loading environment from /home/runner/work/key/key/key.core/../key.ui/examples/heap/comprehensions/bprodSplit.key.proof 
58591      DEBUG main            d.u.i.k.p.i.AbstractProblemLoader Environment load took 99.8ns 
58592      INFO  main            d.u.i.k.p.i.AbstractProblemLoader Creating init config 
60875      DEBUG main            d.u.i.k.p.i.AbstractProblemLoader Init config took 2.28s 
60892      INFO  main            d.u.i.k.p.i.AbstractProblemLoader Replaying proof bprodSplit.key.proof 
60896      DEBUG main            d.u.i.k.p.i.IntermediateProofReplayer Proof replay took 2.43ms 
60896      DEBUG main            d.u.i.k.p.r.p.TestFile    ... success: reloaded. 
60897      INFO  main            d.u.i.k.p.r.p.TestFile    Now processing file /home/runner/work/key/key/key.core/../key.ui/examples/heap/comprehensions/bsumSplitInvalid.key 
60897      INFO  main            d.u.i.k.p.i.AbstractProblemLoader Loading environment from /home/runner/work/key/key/key.core/../key.ui/examples/heap/comprehensions/bsumSplitInvalid.key 
60897      DEBUG main            d.u.i.k.p.i.AbstractProblemLoader Environment load took 119.8ns 
60898      INFO  main            d.u.i.k.p.i.AbstractProblemLoader Creating init config 
63251      DEBUG main            d.u.i.k.p.i.AbstractProblemLoader Init config took 2.35s 
63269      INFO  main            d.u.i.k.p.i.AbstractProblemLoader Replaying proof bsumSplitInvalid.key 
63270      DEBUG main            d.u.i.k.p.i.IntermediateProofReplayer Proof replay took 5.9ns 
63373      INFO  main            d.u.i.k.p.r.p.TestFile    ... finished proof: open goal(s) 
139510     INFO  Test worker     d.u.i.k.p.r.RunAllProofsTestUnit Returning from test comprehensions 
139515     INFO  Test worker     d.u.i.k.p.r.RunAllProofsTestUnit Running test performance 
349        INFO  Timeout watchdog d.u.i.k.p.r.p.ForkedTestFileRunner Timeout watcher launched (2000 secs.) 
355        WARN  main            d.u.i.k.s.ProofSettings   The settings in /home/runner/.key/proof-settings.props are *not* read. 
383        INFO  main            d.u.i.k.p.r.p.TestFile    Now processing file /home/runner/work/key/key/key.core/../key.ui/examples/performance-test/Disjoint(Disjoint__disjoint_08()).JML_operation_contract.0.key 
478        INFO  main            d.u.i.k.p.i.AbstractProblemLoader Loading environment from /home/runner/work/key/key/key.core/../key.ui/examples/performance-test/Disjoint(Disjoint__disjoint_08()).JML_operation_contract.0.key 
497        DEBUG main            d.u.i.k.p.i.AbstractProblemLoader Environment load took 1.69ms 
698        INFO  main            d.u.i.k.p.i.AbstractProblemLoader Creating init config 
1603       DEBUG main            d.u.i.k.j.TypeConverter   No LDT found for Meta 
1603       DEBUG main            d.u.i.k.j.TypeConverter   No LDT found for Meta 
1606       DEBUG main            d.u.i.k.j.TypeConverter   No LDT found for Meta 
1606       DEBUG main            d.u.i.k.j.TypeConverter   No LDT found for Meta 
3344       DEBUG main            d.u.i.k.j.TypeConverter   No LDT found for JavaBigintExpression 
8446       DEBUG main            d.u.i.k.j.r.ClassPreparationMethodBuilder clPrepBuilder: Inner Class detected. Reject building class initialisation methods. 
16024      DEBUG main            d.u.i.k.p.i.AbstractProblemLoader Init config took 15.33s 
16221      INFO  main            d.u.i.k.p.i.AbstractProblemLoader Replaying proof Disjoint[Disjoint::disjoint_8()].JML operation contract.0 
16289      DEBUG main            d.u.i.k.p.i.IntermediateProofReplayer Proof replay took 334.7ns 
18937      INFO  main            d.u.i.k.p.r.p.TestFile    ... finished proof: closed. 
19181      INFO  main            d.u.i.k.p.i.AbstractProblemLoader Loading environment from /home/runner/work/key/key/key.core/../key.ui/examples/performance-test/Disjoint(Disjoint__disjoint_08()).JML_operation_contract.0.key.proof 
19184      DEBUG main            d.u.i.k.p.i.AbstractProblemLoader Environment load took 3.01ms 
19187      INFO  main            d.u.i.k.p.i.AbstractProblemLoader Creating init config 
22129      DEBUG main            d.u.i.k.j.r.ClassPreparationMethodBuilder clPrepBuilder: Inner Class detected. Reject building class initialisation methods. 
28801      DEBUG main            d.u.i.k.p.i.AbstractProblemLoader Init config took 9.61s 
28948      INFO  main            d.u.i.k.p.i.AbstractProblemLoader Replaying proof Disjoint[Disjoint::disjoint_8()].JML operation contract.0 
29246      DEBUG main            d.u.i.k.p.i.IntermediateProofReplayer Proof replay took 286.32ms 
29254      DEBUG main            d.u.i.k.p.r.p.TestFile    ... success: reloaded. 
29256      INFO  main            d.u.i.k.p.r.p.TestFile    Now processing file /home/runner/work/key/key/key.core/../key.ui/examples/performance-test/Disjoint(Disjoint__disjoint2_08()).JML_operation_contract.0.key 
29257      INFO  main            d.u.i.k.p.i.AbstractProblemLoader Loading environment from /home/runner/work/key/key/key.core/../key.ui/examples/performance-test/Disjoint(Disjoint__disjoint2_08()).JML_operation_contract.0.key 
29257      DEBUG main            d.u.i.k.p.i.AbstractProblemLoader Environment load took 308.2ns 
29259      INFO  main            d.u.i.k.p.i.AbstractProblemLoader Creating init config 
32188      DEBUG main            d.u.i.k.j.r.ClassPreparationMethodBuilder clPrepBuilder: Inner Class detected. Reject building class initialisation methods. 
38868      DEBUG main            d.u.i.k.p.i.AbstractProblemLoader Init config took 9.61s 
38974      INFO  main            d.u.i.k.p.i.AbstractProblemLoader Replaying proof Disjoint[Disjoint::disjoint2_8()].JML operation contract.0 
38977      DEBUG main            d.u.i.k.p.i.IntermediateProofReplayer Proof replay took 17.4ns 
39880      INFO  main            d.u.i.k.p.r.p.TestFile    ... finished proof: closed. 
40123      INFO  main            d.u.i.k.p.i.AbstractProblemLoader Loading environment from /home/runner/work/key/key/key.core/../key.ui/examples/performance-test/Disjoint(Disjoint__disjoint2_08()).JML_operation_contract.0.key.proof 
40123      DEBUG main            d.u.i.k.p.i.AbstractProblemLoader Environment load took 564.49ns 
40125      INFO  main            d.u.i.k.p.i.AbstractProblemLoader Creating init config 
42911      DEBUG main            d.u.i.k.j.r.ClassPreparationMethodBuilder clPrepBuilder: Inner Class detected. Reject building class initialisation methods. 
49304      DEBUG main            d.u.i.k.p.i.AbstractProblemLoader Init config took 9.18s 
49390      INFO  main            d.u.i.k.p.i.AbstractProblemLoader Replaying proof Disjoint[Disjoint::disjoint2_8()].JML operation contract.0 
49473      DEBUG main            d.u.i.k.p.i.IntermediateProofReplayer Proof replay took 79.1ms 
49476      DEBUG main            d.u.i.k.p.r.p.TestFile    ... success: reloaded. 
49478      INFO  main            d.u.i.k.p.r.p.TestFile    Now processing file /home/runner/work/key/key/key.core/../key.ui/examples/performance-test/AccessChain1(AccessChain1__foo_08()).JML_operation_contract.0.key 
49478      INFO  main            d.u.i.k.p.i.AbstractProblemLoader Loading environment from /home/runner/work/key/key/key.core/../key.ui/examples/performance-test/AccessChain1(AccessChain1__foo_08()).JML_operation_contract.0.key 
49478      DEBUG main            d.u.i.k.p.i.AbstractProblemLoader Environment load took 57.7ns 
49480      INFO  main            d.u.i.k.p.i.AbstractProblemLoader Creating init config 
52281      DEBUG main            d.u.i.k.j.r.ClassPreparationMethodBuilder clPrepBuilder: Inner Class detected. Reject building class initialisation methods. 
58647      DEBUG main            d.u.i.k.p.i.AbstractProblemLoader Init config took 9.17s 
58738      INFO  main            d.u.i.k.p.i.AbstractProblemLoader Replaying proof AccessChain1[AccessChain1::foo_8()].JML operation contract.0 
58741      DEBUG main            d.u.i.k.p.i.IntermediateProofReplayer Proof replay took 9.5ns 
61253      INFO  main            d.u.i.k.p.r.p.TestFile    ... finished proof: closed. 
61556      INFO  main            d.u.i.k.p.i.AbstractProblemLoader Loading environment from /home/runner/work/key/key/key.core/../key.ui/examples/performance-test/AccessChain1(AccessChain1__foo_08()).JML_operation_contract.0.key.proof 
61558      DEBUG main            d.u.i.k.p.i.AbstractProblemLoader Environment load took 2.3ms 
61559      INFO  main            d.u.i.k.p.i.AbstractProblemLoader Creating init config 
64290      DEBUG main            d.u.i.k.j.r.ClassPreparationMethodBuilder clPrepBuilder: Inner Class detected. Reject building class initialisation methods. 
70637      DEBUG main            d.u.i.k.p.i.AbstractProblemLoader Init config took 9.08s 
70718      INFO  main            d.u.i.k.p.i.AbstractProblemLoader Replaying proof AccessChain1[AccessChain1::foo_8()].JML operation contract.0 
71187      DEBUG main            d.u.i.k.p.i.IntermediateProofReplayer Proof replay took 449.99ms 
71189      DEBUG main            d.u.i.k.p.r.p.TestFile    ... success: reloaded. 
71191      INFO  main            d.u.i.k.p.r.p.TestFile    Now processing file /home/runner/work/key/key/key.core/../key.ui/examples/performance-test/AccessChain4(AccessChain4__foo_08()).JML_operation_contract.0.key 
71191      INFO  main            d.u.i.k.p.i.AbstractProblemLoader Loading environment from /home/runner/work/key/key/key.core/../key.ui/examples/performance-test/AccessChain4(AccessChain4__foo_08()).JML_operation_contract.0.key 
71192      DEBUG main            d.u.i.k.p.i.AbstractProblemLoader Environment load took 267.1ns 
71193      INFO  main            d.u.i.k.p.i.AbstractProblemLoader Creating init config 
73975      DEBUG main            d.u.i.k.j.r.ClassPreparationMethodBuilder clPrepBuilder: Inner Class detected. Reject building class initialisation methods. 
80298      DEBUG main            d.u.i.k.p.i.AbstractProblemLoader Init config took 9.1s 
80388      INFO  main            d.u.i.k.p.i.AbstractProblemLoader Replaying proof AccessChain4[AccessChain4::foo_8()].JML operation contract.0 
80390      DEBUG main            d.u.i.k.p.i.IntermediateProofReplayer Proof replay took 8.9ns 
86563      INFO  main            d.u.i.k.p.r.p.TestFile    ... finished proof: closed. 
86902      INFO  main            d.u.i.k.p.i.AbstractProblemLoader Loading environment from /home/runner/work/key/key/key.core/../key.ui/examples/performance-test/AccessChain4(AccessChain4__foo_08()).JML_operation_contract.0.key.proof 
86902      DEBUG main            d.u.i.k.p.i.AbstractProblemLoader Environment load took 192.3ns 
86904      INFO  main            d.u.i.k.p.i.AbstractProblemLoader Creating init config 
89580      DEBUG main            d.u.i.k.j.r.ClassPreparationMethodBuilder clPrepBuilder: Inner Class detected. Reject building class initialisation methods. 
95892      DEBUG main            d.u.i.k.p.i.AbstractProblemLoader Init config took 8.99s 
95970      INFO  main            d.u.i.k.p.i.AbstractProblemLoader Replaying proof AccessChain4[AccessChain4::foo_8()].JML operation contract.0 
96875      DEBUG main            d.u.i.k.p.i.IntermediateProofReplayer Proof replay took 874.71ms 
96877      DEBUG main            d.u.i.k.p.r.p.TestFile    ... success: reloaded. 
96879      INFO  main            d.u.i.k.p.r.p.TestFile    Now processing file /home/runner/work/key/key/key.core/../key.ui/examples/performance-test/Disjoint(Disjoint__xZero_08()).JML_operation_contract.0.key 
96879      INFO  main            d.u.i.k.p.i.AbstractProblemLoader Loading environment from /home/runner/work/key/key/key.core/../key.ui/examples/performance-test/Disjoint(Disjoint__xZero_08()).JML_operation_contract.0.key 
96882      DEBUG main            d.u.i.k.p.i.AbstractProblemLoader Environment load took 3.27ms 
96883      INFO  main            d.u.i.k.p.i.AbstractProblemLoader Creating init config 
99686      DEBUG main            d.u.i.k.j.r.ClassPreparationMethodBuilder clPrepBuilder: Inner Class detected. Reject building class initialisation methods. 
105964     DEBUG main            d.u.i.k.p.i.AbstractProblemLoader Init config took 9.08s 
106057     INFO  main            d.u.i.k.p.i.AbstractProblemLoader Replaying proof Disjoint[Disjoint::xZero_8()].JML operation contract.0 
106059     DEBUG main            d.u.i.k.p.i.IntermediateProofReplayer Proof replay took 9.3ns 
107066     INFO  main            d.u.i.k.p.r.p.TestFile    ... finished proof: closed. 
107404     INFO  main            d.u.i.k.p.i.AbstractProblemLoader Loading environment from /home/runner/work/key/key/key.core/../key.ui/examples/performance-test/Disjoint(Disjoint__xZero_08()).JML_operation_contract.0.key.proof 
107406     DEBUG main            d.u.i.k.p.i.AbstractProblemLoader Environment load took 1.45ms 
107407     INFO  main            d.u.i.k.p.i.AbstractProblemLoader Creating init config 
110087     DEBUG main            d.u.i.k.j.r.ClassPreparationMethodBuilder clPrepBuilder: Inner Class detected. Reject building class initialisation methods. 
116435     DEBUG main            d.u.i.k.p.i.AbstractProblemLoader Init config took 9.03s 
116509     INFO  main            d.u.i.k.p.i.AbstractProblemLoader Replaying proof Disjoint[Disjoint::xZero_8()].JML operation contract.0 
116692     DEBUG main            d.u.i.k.p.i.IntermediateProofReplayer Proof replay took 175.34ms 
116694     DEBUG main            d.u.i.k.p.r.p.TestFile    ... success: reloaded. 
116695     INFO  main            d.u.i.k.p.r.p.TestFile    Now processing file /home/runner/work/key/key/key.core/../key.ui/examples/performance-test/Dynamic(Dynamic__foo_08()).JML_operation_contract.0.key 
116696     INFO  main            d.u.i.k.p.i.AbstractProblemLoader Loading environment from /home/runner/work/key/key/key.core/../key.ui/examples/performance-test/Dynamic(Dynamic__foo_08()).JML_operation_contract.0.key 
116696     DEBUG main            d.u.i.k.p.i.AbstractProblemLoader Environment load took 260.3ns 
116697     INFO  main            d.u.i.k.p.i.AbstractProblemLoader Creating init config 
119464     DEBUG main            d.u.i.k.j.r.ClassPreparationMethodBuilder clPrepBuilder: Inner Class detected. Reject building class initialisation methods. 
125826     DEBUG main            d.u.i.k.p.i.AbstractProblemLoader Init config took 9.13s 
125899     INFO  main            d.u.i.k.p.i.AbstractProblemLoader Replaying proof Dynamic[Dynamic::foo_8()].JML operation contract.0 
125901     DEBUG main            d.u.i.k.p.i.IntermediateProofReplayer Proof replay took 9.9ns 
131555     INFO  main            d.u.i.k.p.r.p.TestFile    ... finished proof: closed. 
131914     INFO  main            d.u.i.k.p.i.AbstractProblemLoader Loading environment from /home/runner/work/key/key/key.core/../key.ui/examples/performance-test/Dynamic(Dynamic__foo_08()).JML_operation_contract.0.key.proof 
131914     DEBUG main            d.u.i.k.p.i.AbstractProblemLoader Environment load took 193.2ns 
131916     INFO  main            d.u.i.k.p.i.AbstractProblemLoader Creating init config 
134581     DEBUG main            d.u.i.k.j.r.ClassPreparationMethodBuilder clPrepBuilder: Inner Class detected. Reject building class initialisation methods. 
140895     DEBUG main            d.u.i.k.p.i.AbstractProblemLoader Init config took 8.98s 
140989     INFO  main            d.u.i.k.p.i.AbstractProblemLoader Replaying proof Dynamic[Dynamic::foo_8()].JML operation contract.0 
141503     DEBUG main            d.u.i.k.p.i.IntermediateProofReplayer Proof replay took 492.51ms 
141505     DEBUG main            d.u.i.k.p.r.p.TestFile    ... success: reloaded. 
141506     INFO  main            d.u.i.k.p.r.p.TestFile    Now processing file /home/runner/work/key/key/key.core/../key.ui/examples/performance-test/DynamicGhost(DynamicGhost__dynamicGhost_08()).JML_normal_behavior_operation_contract.0.key 
141507     INFO  main            d.u.i.k.p.i.AbstractProblemLoader Loading environment from /home/runner/work/key/key/key.core/../key.ui/examples/performance-test/DynamicGhost(DynamicGhost__dynamicGhost_08()).JML_normal_behavior_operation_contract.0.key 
141507     DEBUG main            d.u.i.k.p.i.AbstractProblemLoader Environment load took 96.3ns 
141508     INFO  main            d.u.i.k.p.i.AbstractProblemLoader Creating init config 
144285     DEBUG main            d.u.i.k.j.r.ClassPreparationMethodBuilder clPrepBuilder: Inner Class detected. Reject building class initialisation methods. 
150646     DEBUG main            d.u.i.k.p.i.AbstractProblemLoader Init config took 9.14s 
150742     INFO  main            d.u.i.k.p.i.AbstractProblemLoader Replaying proof DynamicGhost[DynamicGhost::dynamicGhost_8()].JML normal_behavior operation contract.0 
150744     DEBUG main            d.u.i.k.p.i.IntermediateProofReplayer Proof replay took 9.1ns 
155158     INFO  main            d.u.i.k.p.r.p.TestFile    ... finished proof: closed. 
155541     INFO  main            d.u.i.k.p.i.AbstractProblemLoader Loading environment from /home/runner/work/key/key/key.core/../key.ui/examples/performance-test/DynamicGhost(DynamicGhost__dynamicGhost_08()).JML_normal_behavior_operation_contract.0.key.proof 
155541     DEBUG main            d.u.i.k.p.i.AbstractProblemLoader Environment load took 530.99ns 
155543     INFO  main            d.u.i.k.p.i.AbstractProblemLoader Creating init config 
158199     DEBUG main            d.u.i.k.j.r.ClassPreparationMethodBuilder clPrepBuilder: Inner Class detected. Reject building class initialisation methods. 
164512     DEBUG main            d.u.i.k.p.i.AbstractProblemLoader Init config took 8.97s 
164587     INFO  main            d.u.i.k.p.i.AbstractProblemLoader Replaying proof DynamicGhost[DynamicGhost::dynamicGhost_8()].JML normal_behavior operation contract.0 
165124     DEBUG main            d.u.i.k.p.i.IntermediateProofReplayer Proof replay took 517.63ms 
165126     DEBUG main            d.u.i.k.p.r.p.TestFile    ... success: reloaded. 
165128     INFO  main            d.u.i.k.p.r.p.TestFile    Now processing file /home/runner/work/key/key/key.core/../key.ui/examples/performance-test/GhostFrame(GhostFrame__foo_08()).JML_operation_contract.0.key 
165128     INFO  main            d.u.i.k.p.i.AbstractProblemLoader Loading environment from /home/runner/work/key/key/key.core/../key.ui/examples/performance-test/GhostFrame(GhostFrame__foo_08()).JML_operation_contract.0.key 
165129     DEBUG main            d.u.i.k.p.i.AbstractProblemLoader Environment load took 298.6ns 
165130     INFO  main            d.u.i.k.p.i.AbstractProblemLoader Creating init config 
167899     DEBUG main            d.u.i.k.j.r.ClassPreparationMethodBuilder clPrepBuilder: Inner Class detected. Reject building class initialisation methods. 
174254     DEBUG main            d.u.i.k.p.i.AbstractProblemLoader Init config took 9.12s 
174352     INFO  main            d.u.i.k.p.i.AbstractProblemLoader Replaying proof GhostFrame[GhostFrame::foo_8()].JML operation contract.0 
174354     DEBUG main            d.u.i.k.p.i.IntermediateProofReplayer Proof replay took 10ns 
176391     INFO  main            d.u.i.k.p.r.p.TestFile    ... finished proof: closed. 
176773     INFO  main            d.u.i.k.p.i.AbstractProblemLoader Loading environment from /home/runner/work/key/key/key.core/../key.ui/examples/performance-test/GhostFrame(GhostFrame__foo_08()).JML_operation_contract.0.key.proof 
176773     DEBUG main            d.u.i.k.p.i.AbstractProblemLoader Environment load took 507.09ns 
176775     INFO  main            d.u.i.k.p.i.AbstractProblemLoader Creating init config 
179450     DEBUG main            d.u.i.k.j.r.ClassPreparationMethodBuilder clPrepBuilder: Inner Class detected. Reject building class initialisation methods. 
185765     DEBUG main            d.u.i.k.p.i.AbstractProblemLoader Init config took 8.99s 
185837     INFO  main            d.u.i.k.p.i.AbstractProblemLoader Replaying proof GhostFrame[GhostFrame::foo_8()].JML operation contract.0 
186150     DEBUG main            d.u.i.k.p.i.IntermediateProofReplayer Proof replay took 304.41ms 
186151     DEBUG main            d.u.i.k.p.r.p.TestFile    ... success: reloaded. 
186152     INFO  main            d.u.i.k.p.r.p.TestFile    Now processing file /home/runner/work/key/key/key.core/../key.ui/examples/performance-test/Modelfield(Modelfield__foo_08()).JML_operation_contract.0.key 
186153     INFO  main            d.u.i.k.p.i.AbstractProblemLoader Loading environment from /home/runner/work/key/key/key.core/../key.ui/examples/performance-test/Modelfield(Modelfield__foo_08()).JML_operation_contract.0.key 
186153     DEBUG main            d.u.i.k.p.i.AbstractProblemLoader Environment load took 75ns 
186154     INFO  main            d.u.i.k.p.i.AbstractProblemLoader Creating init config 
188895     DEBUG main            d.u.i.k.j.r.ClassPreparationMethodBuilder clPrepBuilder: Inner Class detected. Reject building class initialisation methods. 
195235     DEBUG main            d.u.i.k.p.i.AbstractProblemLoader Init config took 9.08s 
195328     INFO  main            d.u.i.k.p.i.AbstractProblemLoader Replaying proof Modelfield[Modelfield::foo_8()].JML operation contract.0 
195330     DEBUG main            d.u.i.k.p.i.IntermediateProofReplayer Proof replay took 6ns 
198362     INFO  main            d.u.i.k.p.r.p.TestFile    ... finished proof: closed. 
198781     INFO  main            d.u.i.k.p.i.AbstractProblemLoader Loading environment from /home/runner/work/key/key/key.core/../key.ui/examples/performance-test/Modelfield(Modelfield__foo_08()).JML_operation_contract.0.key.proof 
198781     DEBUG main            d.u.i.k.p.i.AbstractProblemLoader Environment load took 526.59ns 
198785     INFO  main            d.u.i.k.p.i.AbstractProblemLoader Creating init config 
201440     DEBUG main            d.u.i.k.j.r.ClassPreparationMethodBuilder clPrepBuilder: Inner Class detected. Reject building class initialisation methods. 
207736     DEBUG main            d.u.i.k.p.i.AbstractProblemLoader Init config took 8.95s 
207807     INFO  main            d.u.i.k.p.i.AbstractProblemLoader Replaying proof Modelfield[Modelfield::foo_8()].JML operation contract.0 
208179     DEBUG main            d.u.i.k.p.i.IntermediateProofReplayer Proof replay took 359.33ms 
208181     DEBUG main            d.u.i.k.p.r.p.TestFile    ... success: reloaded. 
347855     INFO  Test worker     d.u.i.k.p.r.RunAllProofsTestUnit Returning from test performance 
347856     INFO  Test worker     d.u.i.k.p.r.RunAllProofsTestUnit Running test performancePOConstruction 
325        INFO  Timeout watchdog d.u.i.k.p.r.p.ForkedTestFileRunner Timeout watcher launched (2000 secs.) 
336        WARN  main            d.u.i.k.s.ProofSettings   The settings in /home/runner/.key/proof-settings.props are *not* read. 
371        INFO  main            d.u.i.k.p.r.p.TestFile    Now processing file /home/runner/work/key/key/key.core/../key.ui/examples/performance-test/Test(Test__a0(int)).JML_normal_behavior_operation_contract.0.key 
489        INFO  main            d.u.i.k.p.i.AbstractProblemLoader Loading environment from /home/runner/work/key/key/key.core/../key.ui/examples/performance-test/Test(Test__a0(int)).JML_normal_behavior_operation_contract.0.key 
505        DEBUG main            d.u.i.k.p.i.AbstractProblemLoader Environment load took 2.12ms 
741        INFO  main            d.u.i.k.p.i.AbstractProblemLoader Creating init config 
1598       DEBUG main            d.u.i.k.j.TypeConverter   No LDT found for Meta 
1598       DEBUG main            d.u.i.k.j.TypeConverter   No LDT found for Meta 
1605       DEBUG main            d.u.i.k.j.TypeConverter   No LDT found for Meta 
1605       DEBUG main            d.u.i.k.j.TypeConverter   No LDT found for Meta 
3002       DEBUG main            d.u.i.k.j.TypeConverter   No LDT found for JavaBigintExpression 
8571       DEBUG main            d.u.i.k.j.r.ClassPreparationMethodBuilder clPrepBuilder: Inner Class detected. Reject building class initialisation methods. 
16663      DEBUG main            d.u.i.k.p.i.AbstractProblemLoader Init config took 15.92s 
17463      INFO  main            d.u.i.k.p.i.AbstractProblemLoader Replaying proof Test[Test::a0(int)].JML normal_behavior operation contract.0 
17519      DEBUG main            d.u.i.k.p.i.IntermediateProofReplayer Proof replay took 31.4ns 
17963      INFO  main            d.u.i.k.p.r.p.TestFile    ... finished proof: closed. 
18117      INFO  main            d.u.i.k.p.i.AbstractProblemLoader Loading environment from /home/runner/work/key/key/key.core/../key.ui/examples/performance-test/Test(Test__a0(int)).JML_normal_behavior_operation_contract.0.key.proof 
18117      DEBUG main            d.u.i.k.p.i.AbstractProblemLoader Environment load took 127.3ns 
18119      INFO  main            d.u.i.k.p.i.AbstractProblemLoader Creating init config 
21371      DEBUG main            d.u.i.k.j.r.ClassPreparationMethodBuilder clPrepBuilder: Inner Class detected. Reject building class initialisation methods. 
28658      DEBUG main            d.u.i.k.p.i.AbstractProblemLoader Init config took 10.54s 
29308      INFO  main            d.u.i.k.p.i.AbstractProblemLoader Replaying proof Test[Test::a0(int)].JML normal_behavior operation contract.0 
29333      DEBUG main            d.u.i.k.p.i.IntermediateProofReplayer Proof replay took 20.46ms 
29339      DEBUG main            d.u.i.k.p.r.p.TestFile    ... success: reloaded. 
29341      INFO  main            d.u.i.k.p.r.p.TestFile    Now processing file /home/runner/work/key/key/key.core/../key.ui/examples/performance-test/Test(Test__a1(int)).JML_normal_behavior_operation_contract.0.key 
29341      INFO  main            d.u.i.k.p.i.AbstractProblemLoader Loading environment from /home/runner/work/key/key/key.core/../key.ui/examples/performance-test/Test(Test__a1(int)).JML_normal_behavior_operation_contract.0.key 
29341      DEBUG main            d.u.i.k.p.i.AbstractProblemLoader Environment load took 234.9ns 
29343      INFO  main            d.u.i.k.p.i.AbstractProblemLoader Creating init config 
32428      DEBUG main            d.u.i.k.j.r.ClassPreparationMethodBuilder clPrepBuilder: Inner Class detected. Reject building class initialisation methods. 
39557      DEBUG main            d.u.i.k.p.i.AbstractProblemLoader Init config took 10.21s 
40214      INFO  main            d.u.i.k.p.i.AbstractProblemLoader Replaying proof Test[Test::a1(int)].JML normal_behavior operation contract.0 
40216      DEBUG main            d.u.i.k.p.i.IntermediateProofReplayer Proof replay took 6.2ns 
40623      INFO  main            d.u.i.k.p.r.p.TestFile    ... finished proof: closed. 
40848      INFO  main            d.u.i.k.p.i.AbstractProblemLoader Loading environment from /home/runner/work/key/key/key.core/../key.ui/examples/performance-test/Test(Test__a1(int)).JML_normal_behavior_operation_contract.0.key.proof 
40854      DEBUG main            d.u.i.k.p.i.AbstractProblemLoader Environment load took 5.93ms 
40858      INFO  main            d.u.i.k.p.i.AbstractProblemLoader Creating init config 
43911      DEBUG main            d.u.i.k.j.r.ClassPreparationMethodBuilder clPrepBuilder: Inner Class detected. Reject building class initialisation methods. 
51007      DEBUG main            d.u.i.k.p.i.AbstractProblemLoader Init config took 10.15s 
51662      INFO  main            d.u.i.k.p.i.AbstractProblemLoader Replaying proof Test[Test::a1(int)].JML normal_behavior operation contract.0 
51720      DEBUG main            d.u.i.k.p.i.IntermediateProofReplayer Proof replay took 54.1ms 
51722      DEBUG main            d.u.i.k.p.r.p.TestFile    ... success: reloaded. 
51723      INFO  main            d.u.i.k.p.r.p.TestFile    Now processing file /home/runner/work/key/key/key.core/../key.ui/examples/performance-test/Test(Test__f1(int)).JML_normal_behavior_operation_contract.0.key 
51723      INFO  main            d.u.i.k.p.i.AbstractProblemLoader Loading environment from /home/runner/work/key/key/key.core/../key.ui/examples/performance-test/Test(Test__f1(int)).JML_normal_behavior_operation_contract.0.key 
51724      DEBUG main            d.u.i.k.p.i.AbstractProblemLoader Environment load took 208ns 
51725      INFO  main            d.u.i.k.p.i.AbstractProblemLoader Creating init config 
54717      DEBUG main            d.u.i.k.j.r.ClassPreparationMethodBuilder clPrepBuilder: Inner Class detected. Reject building class initialisation methods. 
61702      DEBUG main            d.u.i.k.p.i.AbstractProblemLoader Init config took 9.98s 
62357      INFO  main            d.u.i.k.p.i.AbstractProblemLoader Replaying proof Test[Test::f1(int)].JML normal_behavior operation contract.0 
62358      DEBUG main            d.u.i.k.p.i.IntermediateProofReplayer Proof replay took 5.8ns 
62562      INFO  main            d.u.i.k.p.r.p.TestFile    ... finished proof: closed. 
62831      INFO  main            d.u.i.k.p.i.AbstractProblemLoader Loading environment from /home/runner/work/key/key/key.core/../key.ui/examples/performance-test/Test(Test__f1(int)).JML_normal_behavior_operation_contract.0.key.proof 
62831      DEBUG main            d.u.i.k.p.i.AbstractProblemLoader Environment load took 640.29ns 
62835      INFO  main            d.u.i.k.p.i.AbstractProblemLoader Creating init config 
65850      DEBUG main            d.u.i.k.j.r.ClassPreparationMethodBuilder clPrepBuilder: Inner Class detected. Reject building class initialisation methods. 
72808      DEBUG main            d.u.i.k.p.i.AbstractProblemLoader Init config took 9.97s 
73405      INFO  main            d.u.i.k.p.i.AbstractProblemLoader Replaying proof Test[Test::f1(int)].JML normal_behavior operation contract.0 
73451      DEBUG main            d.u.i.k.p.i.IntermediateProofReplayer Proof replay took 43.17ms 
73453      DEBUG main            d.u.i.k.p.r.p.TestFile    ... success: reloaded. 
421478     INFO  Test worker     d.u.i.k.p.r.RunAllProofsTestUnit Returning from test performancePOConstruction 
421480     INFO  Test worker     d.u.i.k.p.r.RunAllProofsTestUnit Running test applicationRestrictions 
368        INFO  Timeout watchdog d.u.i.k.p.r.p.ForkedTestFileRunner Timeout watcher launched (2000 secs.) 
377        WARN  main            d.u.i.k.s.ProofSettings   The settings in /home/runner/.key/proof-settings.props are *not* read. 
419        INFO  main            d.u.i.k.p.r.p.TestFile    Now processing file /home/runner/work/key/key/key.core/../key.ui/examples/heap/polarity_tests/wellformed1.key 
543        INFO  main            d.u.i.k.p.i.AbstractProblemLoader Loading environment from /home/runner/work/key/key/key.core/../key.ui/examples/heap/polarity_tests/wellformed1.key 
568        DEBUG main            d.u.i.k.p.i.AbstractProblemLoader Environment load took 1.69ms 
796        INFO  main            d.u.i.k.p.i.AbstractProblemLoader Creating init config 
1644       DEBUG main            d.u.i.k.j.TypeConverter   No LDT found for Meta 
1645       DEBUG main            d.u.i.k.j.TypeConverter   No LDT found for Meta 
1646       DEBUG main            d.u.i.k.j.TypeConverter   No LDT found for Meta 
1646       DEBUG main            d.u.i.k.j.TypeConverter   No LDT found for Meta 
2970       DEBUG main            d.u.i.k.j.TypeConverter   No LDT found for JavaBigintExpression 
8173       DEBUG main            d.u.i.k.p.i.AbstractProblemLoader Init config took 7.38s 
8231       INFO  main            d.u.i.k.p.i.AbstractProblemLoader Replaying proof wellformed1.key 
8260       DEBUG main            d.u.i.k.p.i.IntermediateProofReplayer Proof replay took 33.2ns 
8416       INFO  main            d.u.i.k.p.r.p.TestFile    ... finished proof: closed. 
8506       INFO  main            d.u.i.k.p.i.AbstractProblemLoader Loading environment from /home/runner/work/key/key/key.core/../key.ui/examples/heap/polarity_tests/wellformed1.key.proof 
8506       DEBUG main            d.u.i.k.p.i.AbstractProblemLoader Environment load took 126.8ns 
8509       INFO  main            d.u.i.k.p.i.AbstractProblemLoader Creating init config 
11213      DEBUG main            d.u.i.k.p.i.AbstractProblemLoader Init config took 2.7s 
11243      INFO  main            d.u.i.k.p.i.AbstractProblemLoader Replaying proof wellformed1.key.proof 
11250      DEBUG main            d.u.i.k.p.i.IntermediateProofReplayer Proof replay took 2.33ms 
11259      DEBUG main            d.u.i.k.p.r.p.TestFile    ... success: reloaded. 
11260      INFO  main            d.u.i.k.p.r.p.TestFile    Now processing file /home/runner/work/key/key/key.core/../key.ui/examples/heap/polarity_tests/wellformed2.key 
11261      INFO  main            d.u.i.k.p.i.AbstractProblemLoader Loading environment from /home/runner/work/key/key/key.core/../key.ui/examples/heap/polarity_tests/wellformed2.key 
11261      DEBUG main            d.u.i.k.p.i.AbstractProblemLoader Environment load took 232.2ns 
11262      INFO  main            d.u.i.k.p.i.AbstractProblemLoader Creating init config 
13896      DEBUG main            d.u.i.k.p.i.AbstractProblemLoader Init config took 2.63s 
13925      INFO  main            d.u.i.k.p.i.AbstractProblemLoader Replaying proof wellformed2.key 
13927      DEBUG main            d.u.i.k.p.i.IntermediateProofReplayer Proof replay took 5.5ns 
14029      INFO  main            d.u.i.k.p.r.p.TestFile    ... finished proof: open goal(s) 
14140      INFO  main            d.u.i.k.p.r.p.TestFile    Now processing file /home/runner/work/key/key/key.core/../key.ui/examples/heap/polarity_tests/wellformed3.key 
14141      INFO  main            d.u.i.k.p.i.AbstractProblemLoader Loading environment from /home/runner/work/key/key/key.core/../key.ui/examples/heap/polarity_tests/wellformed3.key 
14141      DEBUG main            d.u.i.k.p.i.AbstractProblemLoader Environment load took 68.7ns 
14144      INFO  main            d.u.i.k.p.i.AbstractProblemLoader Creating init config 
16667      DEBUG main            d.u.i.k.p.i.AbstractProblemLoader Init config took 2.52s 
16689      INFO  main            d.u.i.k.p.i.AbstractProblemLoader Replaying proof wellformed3.key 
16690      DEBUG main            d.u.i.k.p.i.IntermediateProofReplayer Proof replay took 5.3ns 
16794      INFO  main            d.u.i.k.p.r.p.TestFile    ... finished proof: closed. 
16902      INFO  main            d.u.i.k.p.i.AbstractProblemLoader Loading environment from /home/runner/work/key/key/key.core/../key.ui/examples/heap/polarity_tests/wellformed3.key.proof 
16902      DEBUG main            d.u.i.k.p.i.AbstractProblemLoader Environment load took 114.7ns 
16903      INFO  main            d.u.i.k.p.i.AbstractProblemLoader Creating init config 
19453      DEBUG main            d.u.i.k.p.i.AbstractProblemLoader Init config took 2.55s 
19474      INFO  main            d.u.i.k.p.i.AbstractProblemLoader Replaying proof wellformed3.key.proof 
19478      DEBUG main            d.u.i.k.p.i.IntermediateProofReplayer Proof replay took 1.96ms 
19479      DEBUG main            d.u.i.k.p.r.p.TestFile    ... success: reloaded. 
19479      INFO  main            d.u.i.k.p.r.p.TestFile    Now processing file /home/runner/work/key/key/key.core/../key.ui/examples/heap/polarity_tests/wellformed4.key 
19480      INFO  main            d.u.i.k.p.i.AbstractProblemLoader Loading environment from /home/runner/work/key/key/key.core/../key.ui/examples/heap/polarity_tests/wellformed4.key 
19480      DEBUG main            d.u.i.k.p.i.AbstractProblemLoader Environment load took 99.9ns 
19481      INFO  main            d.u.i.k.p.i.AbstractProblemLoader Creating init config 
21964      DEBUG main            d.u.i.k.p.i.AbstractProblemLoader Init config took 2.48s 
21983      INFO  main            d.u.i.k.p.i.AbstractProblemLoader Replaying proof wellformed4.key 
21984      DEBUG main            d.u.i.k.p.i.IntermediateProofReplayer Proof replay took 5.4ns 
22088      INFO  main            d.u.i.k.p.r.p.TestFile    ... finished proof: open goal(s) 
22210      INFO  main            d.u.i.k.p.r.p.TestFile    Now processing file /home/runner/work/key/key/key.core/../key.ui/examples/heap/polarity_tests/wellformed5.key 
22210      INFO  main            d.u.i.k.p.i.AbstractProblemLoader Loading environment from /home/runner/work/key/key/key.core/../key.ui/examples/heap/polarity_tests/wellformed5.key 
22210      DEBUG main            d.u.i.k.p.i.AbstractProblemLoader Environment load took 62.3ns 
22211      INFO  main            d.u.i.k.p.i.AbstractProblemLoader Creating init config 
24681      DEBUG main            d.u.i.k.p.i.AbstractProblemLoader Init config took 2.47s 
24699      INFO  main            d.u.i.k.p.i.AbstractProblemLoader Replaying proof wellformed5.key 
24700      DEBUG main            d.u.i.k.p.i.IntermediateProofReplayer Proof replay took 5.3ns 
24803      INFO  main            d.u.i.k.p.r.p.TestFile    ... finished proof: closed. 
24916      INFO  main            d.u.i.k.p.i.AbstractProblemLoader Loading environment from /home/runner/work/key/key/key.core/../key.ui/examples/heap/polarity_tests/wellformed5.key.proof 
24916      DEBUG main            d.u.i.k.p.i.AbstractProblemLoader Environment load took 114.6ns 
24917      INFO  main            d.u.i.k.p.i.AbstractProblemLoader Creating init config 
27425      DEBUG main            d.u.i.k.p.i.AbstractProblemLoader Init config took 2.51s 
27444      INFO  main            d.u.i.k.p.i.AbstractProblemLoader Replaying proof wellformed5.key.proof 
27450      DEBUG main            d.u.i.k.p.i.IntermediateProofReplayer Proof replay took 2.47ms 
27451      DEBUG main            d.u.i.k.p.r.p.TestFile    ... success: reloaded. 
27452      INFO  main            d.u.i.k.p.r.p.TestFile    Now processing file /home/runner/work/key/key/key.core/../key.ui/examples/heap/polarity_tests/wellformed6.key 
27452      INFO  main            d.u.i.k.p.i.AbstractProblemLoader Loading environment from /home/runner/work/key/key/key.core/../key.ui/examples/heap/polarity_tests/wellformed6.key 
27452      DEBUG main            d.u.i.k.p.i.AbstractProblemLoader Environment load took 116.6ns 
27454      INFO  main            d.u.i.k.p.i.AbstractProblemLoader Creating init config 
29942      DEBUG main            d.u.i.k.p.i.AbstractProblemLoader Init config took 2.49s 
29961      INFO  main            d.u.i.k.p.i.AbstractProblemLoader Replaying proof wellformed6.key 
29962      DEBUG main            d.u.i.k.p.i.IntermediateProofReplayer Proof replay took 6ns 
30065      INFO  main            d.u.i.k.p.r.p.TestFile    ... finished proof: open goal(s) 
30199      INFO  main            d.u.i.k.p.r.p.TestFile    Now processing file /home/runner/work/key/key/key.core/../key.ui/examples/heap/polarity_tests/wellformed7.key 
30199      INFO  main            d.u.i.k.p.i.AbstractProblemLoader Loading environment from /home/runner/work/key/key/key.core/../key.ui/examples/heap/polarity_tests/wellformed7.key 
30199      DEBUG main            d.u.i.k.p.i.AbstractProblemLoader Environment load took 61.7ns 
30200      INFO  main            d.u.i.k.p.i.AbstractProblemLoader Creating init config 
32610      DEBUG main            d.u.i.k.p.i.AbstractProblemLoader Init config took 2.41s 
32628      INFO  main            d.u.i.k.p.i.AbstractProblemLoader Replaying proof wellformed7.key 
32629      DEBUG main            d.u.i.k.p.i.IntermediateProofReplayer Proof replay took 5.4ns 
32731      INFO  main            d.u.i.k.p.r.p.TestFile    ... finished proof: closed. 
32849      INFO  main            d.u.i.k.p.i.AbstractProblemLoader Loading environment from /home/runner/work/key/key/key.core/../key.ui/examples/heap/polarity_tests/wellformed7.key.proof 
32849      DEBUG main            d.u.i.k.p.i.AbstractProblemLoader Environment load took 106.4ns 
32850      INFO  main            d.u.i.k.p.i.AbstractProblemLoader Creating init config 
35269      DEBUG main            d.u.i.k.p.i.AbstractProblemLoader Init config took 2.42s 
35284      INFO  main            d.u.i.k.p.i.AbstractProblemLoader Replaying proof wellformed7.key.proof 
35287      DEBUG main            d.u.i.k.p.i.IntermediateProofReplayer Proof replay took 1.41ms 
35288      DEBUG main            d.u.i.k.p.r.p.TestFile    ... success: reloaded. 
35289      INFO  main            d.u.i.k.p.r.p.TestFile    Now processing file /home/runner/work/key/key/key.core/../key.ui/examples/heap/polarity_tests/wellformed8.key 
35290      INFO  main            d.u.i.k.p.i.AbstractProblemLoader Loading environment from /home/runner/work/key/key/key.core/../key.ui/examples/heap/polarity_tests/wellformed8.key 
35290      DEBUG main            d.u.i.k.p.i.AbstractProblemLoader Environment load took 208.3ns 
35291      INFO  main            d.u.i.k.p.i.AbstractProblemLoader Creating init config 
37736      DEBUG main            d.u.i.k.p.i.AbstractProblemLoader Init config took 2.44s 
37750      INFO  main            d.u.i.k.p.i.AbstractProblemLoader Replaying proof wellformed8.key 
37753      DEBUG main            d.u.i.k.p.i.IntermediateProofReplayer Proof replay took 6.7ns 
37858      INFO  main            d.u.i.k.p.r.p.TestFile    ... finished proof: open goal(s) 
38017      INFO  main            d.u.i.k.p.r.p.TestFile    Now processing file /home/runner/work/key/key/key.core/../key.ui/examples/heap/polarity_tests/wellformed9.key 
38017      INFO  main            d.u.i.k.p.i.AbstractProblemLoader Loading environment from /home/runner/work/key/key/key.core/../key.ui/examples/heap/polarity_tests/wellformed9.key 
38017      DEBUG main            d.u.i.k.p.i.AbstractProblemLoader Environment load took 59.6ns 
38018      INFO  main            d.u.i.k.p.i.AbstractProblemLoader Creating init config 
40428      DEBUG main            d.u.i.k.p.i.AbstractProblemLoader Init config took 2.41s 
40443      INFO  main            d.u.i.k.p.i.AbstractProblemLoader Replaying proof wellformed9.key 
40444      DEBUG main            d.u.i.k.p.i.IntermediateProofReplayer Proof replay took 6.1ns 
40550      INFO  main            d.u.i.k.p.r.p.TestFile    ... finished proof: closed. 
40673      INFO  main            d.u.i.k.p.i.AbstractProblemLoader Loading environment from /home/runner/work/key/key/key.core/../key.ui/examples/heap/polarity_tests/wellformed9.key.proof 
40673      DEBUG main            d.u.i.k.p.i.AbstractProblemLoader Environment load took 102.3ns 
40674      INFO  main            d.u.i.k.p.i.AbstractProblemLoader Creating init config 
43047      DEBUG main            d.u.i.k.p.i.AbstractProblemLoader Init config took 2.37s 
43061      INFO  main            d.u.i.k.p.i.AbstractProblemLoader Replaying proof wellformed9.key.proof 
43064      DEBUG main            d.u.i.k.p.i.IntermediateProofReplayer Proof replay took 1.34ms 
43065      DEBUG main            d.u.i.k.p.r.p.TestFile    ... success: reloaded. 
43065      INFO  main            d.u.i.k.p.r.p.TestFile    Now processing file /home/runner/work/key/key/key.core/../key.ui/examples/heap/polarity_tests/wellformed10.key 
43066      INFO  main            d.u.i.k.p.i.AbstractProblemLoader Loading environment from /home/runner/work/key/key/key.core/../key.ui/examples/heap/polarity_tests/wellformed10.key 
43066      DEBUG main            d.u.i.k.p.i.AbstractProblemLoader Environment load took 96.2ns 
43067      INFO  main            d.u.i.k.p.i.AbstractProblemLoader Creating init config 
45511      DEBUG main            d.u.i.k.p.i.AbstractProblemLoader Init config took 2.44s 
45525      INFO  main            d.u.i.k.p.i.AbstractProblemLoader Replaying proof wellformed10.key 
45526      DEBUG main            d.u.i.k.p.i.IntermediateProofReplayer Proof replay took 5.9ns 
45631      INFO  main            d.u.i.k.p.r.p.TestFile    ... finished proof: open goal(s) 
45774      INFO  main            d.u.i.k.p.r.p.TestFile    Now processing file /home/runner/work/key/key/key.core/../key.ui/examples/heap/polarity_tests/wellformed11.key 
45774      INFO  main            d.u.i.k.p.i.AbstractProblemLoader Loading environment from /home/runner/work/key/key/key.core/../key.ui/examples/heap/polarity_tests/wellformed11.key 
45774      DEBUG main            d.u.i.k.p.i.AbstractProblemLoader Environment load took 72.9ns 
45775      INFO  main            d.u.i.k.p.i.AbstractProblemLoader Creating init config 
48179      DEBUG main            d.u.i.k.p.i.AbstractProblemLoader Init config took 2.4s 
48193      INFO  main            d.u.i.k.p.i.AbstractProblemLoader Replaying proof wellformed11.key 
48194      DEBUG main            d.u.i.k.p.i.IntermediateProofReplayer Proof replay took 6.6ns 
48298      INFO  main            d.u.i.k.p.r.p.TestFile    ... finished proof: open goal(s) 
470085     INFO  Test worker     d.u.i.k.p.r.RunAllProofsTestUnit Returning from test applicationRestrictions 
470086     INFO  Test worker     d.u.i.k.p.r.RunAllProofsTestUnit Running test blockContracts 
316        INFO  Timeout watchdog d.u.i.k.p.r.p.ForkedTestFileRunner Timeout watcher launched (2000 secs.) 
332        WARN  main            d.u.i.k.s.ProofSettings   The settings in /home/runner/.key/proof-settings.props are *not* read. 
380        INFO  main            d.u.i.k.p.r.p.TestFile    Now processing file /home/runner/work/key/key/key.core/../key.ui/examples/heap/block_contracts/Simple__add.key 
531        INFO  main            d.u.i.k.p.i.AbstractProblemLoader Loading environment from /home/runner/work/key/key/key.core/../key.ui/examples/heap/block_contracts/Simple__add.key 
554        DEBUG main            d.u.i.k.p.i.AbstractProblemLoader Environment load took 2.07ms 
759        INFO  main            d.u.i.k.p.i.AbstractProblemLoader Creating init config 
1685       DEBUG main            d.u.i.k.j.TypeConverter   No LDT found for Meta 
1685       DEBUG main            d.u.i.k.j.TypeConverter   No LDT found for Meta 
1689       DEBUG main            d.u.i.k.j.TypeConverter   No LDT found for Meta 
1689       DEBUG main            d.u.i.k.j.TypeConverter   No LDT found for Meta 
2838       DEBUG main            d.u.i.k.j.TypeConverter   No LDT found for JavaBigintExpression 
8294       DEBUG main            d.u.i.k.p.i.AbstractProblemLoader Init config took 7.53s 
8415       INFO  main            d.u.i.k.p.i.AbstractProblemLoader Replaying proof Simple[Simple::add(int,int)].JML operation contract.0 
8493       DEBUG main            d.u.i.k.p.i.IntermediateProofReplayer Proof replay took 327.5ns 
9330       INFO  main            d.u.i.k.p.r.p.TestFile    ... finished proof: closed. 
9449       INFO  main            d.u.i.k.p.i.AbstractProblemLoader Loading environment from /home/runner/work/key/key/key.core/../key.ui/examples/heap/block_contracts/Simple__add.key.proof 
9450       DEBUG main            d.u.i.k.p.i.AbstractProblemLoader Environment load took 1.01ms 
9453       INFO  main            d.u.i.k.p.i.AbstractProblemLoader Creating init config 
12950      DEBUG main            d.u.i.k.p.i.AbstractProblemLoader Init config took 3.5s 
13056      INFO  main            d.u.i.k.p.i.AbstractProblemLoader Replaying proof Simple[Simple::add(int,int)].JML operation contract.0 
13190      DEBUG main            d.u.i.k.p.i.IntermediateProofReplayer Proof replay took 123.91ms 
13197      DEBUG main            d.u.i.k.p.r.p.TestFile    ... success: reloaded. 
13200      INFO  main            d.u.i.k.p.r.p.TestFile    Now processing file /home/runner/work/key/key/key.core/../key.ui/examples/heap/block_contracts/Simple__addAbsoluteValues.key 
13201      INFO  main            d.u.i.k.p.i.AbstractProblemLoader Loading environment from /home/runner/work/key/key/key.core/../key.ui/examples/heap/block_contracts/Simple__addAbsoluteValues.key 
13201      DEBUG main            d.u.i.k.p.i.AbstractProblemLoader Environment load took 241.8ns 
13204      INFO  main            d.u.i.k.p.i.AbstractProblemLoader Creating init config 
16456      DEBUG main            d.u.i.k.p.i.AbstractProblemLoader Init config took 3.25s 
16514      INFO  main            d.u.i.k.p.i.AbstractProblemLoader Replaying proof Simple[Simple::addAbsoluteValues(int,int)].JML normal_behavior operation contract.0 
16517      DEBUG main            d.u.i.k.p.i.IntermediateProofReplayer Proof replay took 11.9ns 
17526      INFO  main            d.u.i.k.p.r.p.TestFile    ... finished proof: closed. 
17708      INFO  main            d.u.i.k.p.i.AbstractProblemLoader Loading environment from /home/runner/work/key/key/key.core/../key.ui/examples/heap/block_contracts/Simple__addAbsoluteValues.key.proof 
17710      DEBUG main            d.u.i.k.p.i.AbstractProblemLoader Environment load took 1.93ms 
17712      INFO  main            d.u.i.k.p.i.AbstractProblemLoader Creating init config 
20876      DEBUG main            d.u.i.k.p.i.AbstractProblemLoader Init config took 3.16s 
20949      INFO  main            d.u.i.k.p.i.AbstractProblemLoader Replaying proof Simple[Simple::addAbsoluteValues(int,int)].JML normal_behavior operation contract.0 
21174      DEBUG main            d.u.i.k.p.i.IntermediateProofReplayer Proof replay took 212.09ms 
21176      DEBUG main            d.u.i.k.p.r.p.TestFile    ... success: reloaded. 
21177      INFO  main            d.u.i.k.p.r.p.TestFile    Now processing file /home/runner/work/key/key/key.core/../key.ui/examples/heap/block_contracts/Simple__addWithJump.key 
21177      INFO  main            d.u.i.k.p.i.AbstractProblemLoader Loading environment from /home/runner/work/key/key/key.core/../key.ui/examples/heap/block_contracts/Simple__addWithJump.key 
21178      DEBUG main            d.u.i.k.p.i.AbstractProblemLoader Environment load took 224ns 
21179      INFO  main            d.u.i.k.p.i.AbstractProblemLoader Creating init config 
24412      DEBUG main            d.u.i.k.p.i.AbstractProblemLoader Init config took 3.23s 
24464      INFO  main            d.u.i.k.p.i.AbstractProblemLoader Replaying proof Simple[Simple::addWithJump(int,int,int)].JML operation contract.0 
24467      DEBUG main            d.u.i.k.p.i.IntermediateProofReplayer Proof replay took 9.3ns 
24669      INFO  main            d.u.i.k.p.r.p.TestFile    ... finished proof: closed. 
24882      INFO  main            d.u.i.k.p.i.AbstractProblemLoader Loading environment from /home/runner/work/key/key/key.core/../key.ui/examples/heap/block_contracts/Simple__addWithJump.key.proof 
24882      DEBUG main            d.u.i.k.p.i.AbstractProblemLoader Environment load took 115.7ns 
24883      INFO  main            d.u.i.k.p.i.AbstractProblemLoader Creating init config 
28023      DEBUG main            d.u.i.k.p.i.AbstractProblemLoader Init config took 3.14s 
28067      INFO  main            d.u.i.k.p.i.AbstractProblemLoader Replaying proof Simple[Simple::addWithJump(int,int,int)].JML operation contract.0 
28105      DEBUG main            d.u.i.k.p.i.IntermediateProofReplayer Proof replay took 35.89ms 
28106      DEBUG main            d.u.i.k.p.r.p.TestFile    ... success: reloaded. 
28107      INFO  main            d.u.i.k.p.r.p.TestFile    Now processing file /home/runner/work/key/key/key.core/../key.ui/examples/heap/block_contracts/Simple__addWithTwoBlockContracts.key 
28107      INFO  main            d.u.i.k.p.i.AbstractProblemLoader Loading environment from /home/runner/work/key/key/key.core/../key.ui/examples/heap/block_contracts/Simple__addWithTwoBlockContracts.key 
28108      DEBUG main            d.u.i.k.p.i.AbstractProblemLoader Environment load took 174.8ns 
28109      INFO  main            d.u.i.k.p.i.AbstractProblemLoader Creating init config 
31217      DEBUG main            d.u.i.k.p.i.AbstractProblemLoader Init config took 3.11s 
31259      INFO  main            d.u.i.k.p.i.AbstractProblemLoader Replaying proof Simple[Simple::addWithTwoBlockContracts(int,int,int)].JML operation contract.0 
31262      DEBUG main            d.u.i.k.p.i.IntermediateProofReplayer Proof replay took 9.2ns 
31464      INFO  main            d.u.i.k.p.r.p.TestFile    ... finished proof: closed. 
31616      INFO  main            d.u.i.k.p.i.AbstractProblemLoader Loading environment from /home/runner/work/key/key/key.core/../key.ui/examples/heap/block_contracts/Simple__addWithTwoBlockContracts.key.proof 
31616      DEBUG main            d.u.i.k.p.i.AbstractProblemLoader Environment load took 113ns 
31617      INFO  main            d.u.i.k.p.i.AbstractProblemLoader Creating init config 
34699      DEBUG main            d.u.i.k.p.i.AbstractProblemLoader Init config took 3.08s 
34753      INFO  main            d.u.i.k.p.i.AbstractProblemLoader Replaying proof Simple[Simple::addWithTwoBlockContracts(int,int,int)].JML operation contract.0 
34811      DEBUG main            d.u.i.k.p.i.IntermediateProofReplayer Proof replay took 53.58ms 
34812      DEBUG main            d.u.i.k.p.r.p.TestFile    ... success: reloaded. 
34813      INFO  main            d.u.i.k.p.r.p.TestFile    Now processing file /home/runner/work/key/key/key.core/../key.ui/examples/heap/block_contracts/Simple__generateByteArray.key 
34813      INFO  main            d.u.i.k.p.i.AbstractProblemLoader Loading environment from /home/runner/work/key/key/key.core/../key.ui/examples/heap/block_contracts/Simple__generateByteArray.key 
34814      DEBUG main            d.u.i.k.p.i.AbstractProblemLoader Environment load took 288.9ns 
34815      INFO  main            d.u.i.k.p.i.AbstractProblemLoader Creating init config 
37959      DEBUG main            d.u.i.k.p.i.AbstractProblemLoader Init config took 3.14s 
38001      INFO  main            d.u.i.k.p.i.AbstractProblemLoader Replaying proof Simple[Simple::generateByteArray()].JML normal_behavior operation contract.0 
38002      DEBUG main            d.u.i.k.p.i.IntermediateProofReplayer Proof replay took 9.9ns 
39918      INFO  main            d.u.i.k.p.r.p.TestFile    ... finished proof: closed. 
40147      INFO  main            d.u.i.k.p.i.AbstractProblemLoader Loading environment from /home/runner/work/key/key/key.core/../key.ui/examples/heap/block_contracts/Simple__generateByteArray.key.proof 
40147      DEBUG main            d.u.i.k.p.i.AbstractProblemLoader Environment load took 457.8ns 
40150      INFO  main            d.u.i.k.p.i.AbstractProblemLoader Creating init config 
43223      DEBUG main            d.u.i.k.p.i.AbstractProblemLoader Init config took 3.07s 
43271      INFO  main            d.u.i.k.p.i.AbstractProblemLoader Replaying proof Simple[Simple::generateByteArray()].JML normal_behavior operation contract.0 
43553      DEBUG main            d.u.i.k.p.i.IntermediateProofReplayer Proof replay took 262.67ms 
43554      DEBUG main            d.u.i.k.p.r.p.TestFile    ... success: reloaded. 
43555      INFO  main            d.u.i.k.p.r.p.TestFile    Now processing file /home/runner/work/key/key/key.core/../key.ui/examples/heap/block_contracts/Simple__getLength.key 
43556      INFO  main            d.u.i.k.p.i.AbstractProblemLoader Loading environment from /home/runner/work/key/key/key.core/../key.ui/examples/heap/block_contracts/Simple__getLength.key 
43556      DEBUG main            d.u.i.k.p.i.AbstractProblemLoader Environment load took 97.8ns 
43557      INFO  main            d.u.i.k.p.i.AbstractProblemLoader Creating init config 
46695      DEBUG main            d.u.i.k.p.i.AbstractProblemLoader Init config took 3.14s 
46739      INFO  main            d.u.i.k.p.i.AbstractProblemLoader Replaying proof Simple[Simple::getLength()].JML normal_behavior operation contract.0 
46741      DEBUG main            d.u.i.k.p.i.IntermediateProofReplayer Proof replay took 9.5ns 
46847      INFO  main            d.u.i.k.p.r.p.TestFile    ... finished proof: closed. 
47045      INFO  main            d.u.i.k.p.i.AbstractProblemLoader Loading environment from /home/runner/work/key/key/key.core/../key.ui/examples/heap/block_contracts/Simple__getLength.key.proof 
47045      DEBUG main            d.u.i.k.p.i.AbstractProblemLoader Environment load took 116.8ns 
47046      INFO  main            d.u.i.k.p.i.AbstractProblemLoader Creating init config 
50131      DEBUG main            d.u.i.k.p.i.AbstractProblemLoader Init config took 3.08s 
50171      INFO  main            d.u.i.k.p.i.AbstractProblemLoader Replaying proof Simple[Simple::getLength()].JML normal_behavior operation contract.0 
50179      DEBUG main            d.u.i.k.p.i.IntermediateProofReplayer Proof replay took 6.24ms 
50179      DEBUG main            d.u.i.k.p.r.p.TestFile    ... success: reloaded. 
50180      INFO  main            d.u.i.k.p.r.p.TestFile    Now processing file /home/runner/work/key/key/key.core/../key.ui/examples/heap/block_contracts/Simple__square.key 
50181      INFO  main            d.u.i.k.p.i.AbstractProblemLoader Loading environment from /home/runner/work/key/key/key.core/../key.ui/examples/heap/block_contracts/Simple__square.key 
50181      DEBUG main            d.u.i.k.p.i.AbstractProblemLoader Environment load took 99.9ns 
50182      INFO  main            d.u.i.k.p.i.AbstractProblemLoader Creating init config 
53277      DEBUG main            d.u.i.k.p.i.AbstractProblemLoader Init config took 3.1s 
53315      INFO  main            d.u.i.k.p.i.AbstractProblemLoader Replaying proof Simple[Simple::square(int)].JML operation contract.0 
53317      DEBUG main            d.u.i.k.p.i.IntermediateProofReplayer Proof replay took 9.9ns 
53620      INFO  main            d.u.i.k.p.r.p.TestFile    ... finished proof: closed. 
53807      INFO  main            d.u.i.k.p.i.AbstractProblemLoader Loading environment from /home/runner/work/key/key/key.core/../key.ui/examples/heap/block_contracts/Simple__square.key.proof 
53807      DEBUG main            d.u.i.k.p.i.AbstractProblemLoader Environment load took 110.6ns 
53808      INFO  main            d.u.i.k.p.i.AbstractProblemLoader Creating init config 
56893      DEBUG main            d.u.i.k.p.i.AbstractProblemLoader Init config took 3.08s 
56931      INFO  main            d.u.i.k.p.i.AbstractProblemLoader Replaying proof Simple[Simple::square(int)].JML operation contract.0 
57015      DEBUG main            d.u.i.k.p.i.IntermediateProofReplayer Proof replay took 80.94ms 
57016      DEBUG main            d.u.i.k.p.r.p.TestFile    ... success: reloaded. 
57018      INFO  main            d.u.i.k.p.r.p.TestFile    Now processing file /home/runner/work/key/key/key.core/../key.ui/examples/heap/block_contracts/Simple__unnecessaryBlockContract.key 
57018      INFO  main            d.u.i.k.p.i.AbstractProblemLoader Loading environment from /home/runner/work/key/key/key.core/../key.ui/examples/heap/block_contracts/Simple__unnecessaryBlockContract.key 
57018      DEBUG main            d.u.i.k.p.i.AbstractProblemLoader Environment load took 203.1ns 
57019      INFO  main            d.u.i.k.p.i.AbstractProblemLoader Creating init config 
60145      DEBUG main            d.u.i.k.p.i.AbstractProblemLoader Init config took 3.13s 
60192      INFO  main            d.u.i.k.p.i.AbstractProblemLoader Replaying proof Simple[Simple::unnecessaryBlockContract()].JML operation contract.0 
60194      DEBUG main            d.u.i.k.p.i.IntermediateProofReplayer Proof replay took 12.6ns 
60296      INFO  main            d.u.i.k.p.r.p.TestFile    ... finished proof: closed. 
60489      INFO  main            d.u.i.k.p.i.AbstractProblemLoader Loading environment from /home/runner/work/key/key/key.core/../key.ui/examples/heap/block_contracts/Simple__unnecessaryBlockContract.key.proof 
60489      DEBUG main            d.u.i.k.p.i.AbstractProblemLoader Environment load took 592.39ns 
60492      INFO  main            d.u.i.k.p.i.AbstractProblemLoader Creating init config 
63574      DEBUG main            d.u.i.k.p.i.AbstractProblemLoader Init config took 3.08s 
63612      INFO  main            d.u.i.k.p.i.AbstractProblemLoader Replaying proof Simple[Simple::unnecessaryBlockContract()].JML operation contract.0 
63634      DEBUG main            d.u.i.k.p.i.IntermediateProofReplayer Proof replay took 19.57ms 
63635      DEBUG main            d.u.i.k.p.r.p.TestFile    ... success: reloaded. 
63636      INFO  main            d.u.i.k.p.r.p.TestFile    Now processing file /home/runner/work/key/key/key.core/../key.ui/examples/heap/block_contracts/Simple__unnecessaryLoopInvariant.key 
63636      INFO  main            d.u.i.k.p.i.AbstractProblemLoader Loading environment from /home/runner/work/key/key/key.core/../key.ui/examples/heap/block_contracts/Simple__unnecessaryLoopInvariant.key 
63637      DEBUG main            d.u.i.k.p.i.AbstractProblemLoader Environment load took 248.6ns 
63638      INFO  main            d.u.i.k.p.i.AbstractProblemLoader Creating init config 
66674      DEBUG main            d.u.i.k.p.i.AbstractProblemLoader Init config took 3.04s 
66712      INFO  main            d.u.i.k.p.i.AbstractProblemLoader Replaying proof Simple[Simple::unnecessaryLoopInvariant()].JML operation contract.0 
66713      DEBUG main            d.u.i.k.p.i.IntermediateProofReplayer Proof replay took 9.9ns 
66815      INFO  main            d.u.i.k.p.r.p.TestFile    ... finished proof: closed. 
67009      INFO  main            d.u.i.k.p.i.AbstractProblemLoader Loading environment from /home/runner/work/key/key/key.core/../key.ui/examples/heap/block_contracts/Simple__unnecessaryLoopInvariant.key.proof 
67009      DEBUG main            d.u.i.k.p.i.AbstractProblemLoader Environment load took 107.4ns 
67010      INFO  main            d.u.i.k.p.i.AbstractProblemLoader Creating init config 
70035      DEBUG main            d.u.i.k.p.i.AbstractProblemLoader Init config took 3.03s 
70103      INFO  main            d.u.i.k.p.i.AbstractProblemLoader Replaying proof Simple[Simple::unnecessaryLoopInvariant()].JML operation contract.0 
70115      DEBUG main            d.u.i.k.p.i.IntermediateProofReplayer Proof replay took 10.19ms 
70116      DEBUG main            d.u.i.k.p.r.p.TestFile    ... success: reloaded. 
70117      INFO  main            d.u.i.k.p.r.p.TestFile    Now processing file /home/runner/work/key/key/key.core/../key.ui/examples/standard_key/java_dl/jml-assert/assert.key 
70117      INFO  main            d.u.i.k.p.i.AbstractProblemLoader Loading environment from /home/runner/work/key/key/key.core/../key.ui/examples/standard_key/java_dl/jml-assert/assert.key 
70117      DEBUG main            d.u.i.k.p.i.AbstractProblemLoader Environment load took 90ns 
70118      INFO  main            d.u.i.k.p.i.AbstractProblemLoader Creating init config 
72784      DEBUG main            d.u.i.k.p.i.AbstractProblemLoader Init config took 2.67s 
72822      INFO  main            d.u.i.k.p.i.AbstractProblemLoader Replaying proof Assert[Assert::createArray(int)].JML normal_behavior operation contract.0 
72823      DEBUG main            d.u.i.k.p.i.IntermediateProofReplayer Proof replay took 5.4ns 
73028      INFO  main            d.u.i.k.p.r.p.TestFile    ... finished proof: closed. 
73216      INFO  main            d.u.i.k.p.i.AbstractProblemLoader Loading environment from /home/runner/work/key/key/key.core/../key.ui/examples/standard_key/java_dl/jml-assert/assert.key.proof 
73216      DEBUG main            d.u.i.k.p.i.AbstractProblemLoader Environment load took 102.6ns 
73217      INFO  main            d.u.i.k.p.i.AbstractProblemLoader Creating init config 
75845      DEBUG main            d.u.i.k.p.i.AbstractProblemLoader Init config took 2.63s 
75906      INFO  main            d.u.i.k.p.i.AbstractProblemLoader Replaying proof Assert[Assert::createArray(int)].JML normal_behavior operation contract.0 
75955      DEBUG main            d.u.i.k.p.i.IntermediateProofReplayer Proof replay took 46.55ms 
75956      DEBUG main            d.u.i.k.p.r.p.TestFile    ... success: reloaded. 
75957      INFO  main            d.u.i.k.p.r.p.TestFile    Now processing file /home/runner/work/key/key/key.core/../key.ui/examples/standard_key/java_dl/jml-assert/assert_assume_order.key 
75958      INFO  main            d.u.i.k.p.i.AbstractProblemLoader Loading environment from /home/runner/work/key/key/key.core/../key.ui/examples/standard_key/java_dl/jml-assert/assert_assume_order.key 
75958      DEBUG main            d.u.i.k.p.i.AbstractProblemLoader Environment load took 209.4ns 
75959      INFO  main            d.u.i.k.p.i.AbstractProblemLoader Creating init config 
78626      DEBUG main            d.u.i.k.p.i.AbstractProblemLoader Init config took 2.67s 
78662      INFO  main            d.u.i.k.p.i.AbstractProblemLoader Replaying proof AssertAssume[AssertAssume::singleAssumeAssert(int)].JML normal_behavior operation contract.0 
78663      DEBUG main            d.u.i.k.p.i.IntermediateProofReplayer Proof replay took 5.4ns 
78765      INFO  main            d.u.i.k.p.r.p.TestFile    ... finished proof: closed. 
78939      INFO  main            d.u.i.k.p.i.AbstractProblemLoader Loading environment from /home/runner/work/key/key/key.core/../key.ui/examples/standard_key/java_dl/jml-assert/assert_assume_order.key.proof 
78939      DEBUG main            d.u.i.k.p.i.AbstractProblemLoader Environment load took 106.6ns 
78940      INFO  main            d.u.i.k.p.i.AbstractProblemLoader Creating init config 
81576      DEBUG main            d.u.i.k.p.i.AbstractProblemLoader Init config took 2.64s 
81611      INFO  main            d.u.i.k.p.i.AbstractProblemLoader Replaying proof AssertAssume[AssertAssume::singleAssumeAssert(int)].JML normal_behavior operation contract.0 
81619      DEBUG main            d.u.i.k.p.i.IntermediateProofReplayer Proof replay took 6.76ms 
81620      DEBUG main            d.u.i.k.p.r.p.TestFile    ... success: reloaded. 
81621      INFO  main            d.u.i.k.p.r.p.TestFile    Now processing file /home/runner/work/key/key/key.core/../key.ui/examples/heap/block_loop_contracts/SimpleVariants/sum_onBlock_external.key 
81621      INFO  main            d.u.i.k.p.i.AbstractProblemLoader Loading environment from /home/runner/work/key/key/key.core/../key.ui/examples/heap/block_loop_contracts/SimpleVariants/sum_onBlock_external.key 
81621      DEBUG main            d.u.i.k.p.i.AbstractProblemLoader Environment load took 80.1ns 
81622      INFO  main            d.u.i.k.p.i.AbstractProblemLoader Creating init config 
84561      DEBUG main            d.u.i.k.p.i.AbstractProblemLoader Init config took 2.94s 
84595      INFO  main            d.u.i.k.p.i.AbstractProblemLoader Replaying proof LoopContractExamplesAll[LoopContractExamplesAll::sum_loopContract_onBlock([I)].JML normal_behavior operation contract.0 
84597      DEBUG main            d.u.i.k.p.i.IntermediateProofReplayer Proof replay took 9.5ns 
84700      INFO  main            d.u.i.k.p.r.p.TestFile    ... finished proof: closed. 
84906      INFO  main            d.u.i.k.p.i.AbstractProblemLoader Loading environment from /home/runner/work/key/key/key.core/../key.ui/examples/heap/block_loop_contracts/SimpleVariants/sum_onBlock_external.key.proof 
84906      DEBUG main            d.u.i.k.p.i.AbstractProblemLoader Environment load took 108ns 
84907      INFO  main            d.u.i.k.p.i.AbstractProblemLoader Creating init config 
87741      DEBUG main            d.u.i.k.p.i.AbstractProblemLoader Init config took 2.83s 
87781      INFO  main            d.u.i.k.p.i.AbstractProblemLoader Replaying proof LoopContractExamplesAll[LoopContractExamplesAll::sum_loopContract_onBlock([I)].JML normal_behavior operation contract.0 
87814      DEBUG main            d.u.i.k.p.i.IntermediateProofReplayer Proof replay took 30.59ms 
87815      DEBUG main            d.u.i.k.p.r.p.TestFile    ... success: reloaded. 
87816      INFO  main            d.u.i.k.p.r.p.TestFile    Now processing file /home/runner/work/key/key/key.core/../key.ui/examples/heap/block_loop_contracts/SimpleVariants/sum_onBlock_internal.key 
87817      INFO  main            d.u.i.k.p.i.AbstractProblemLoader Loading environment from /home/runner/work/key/key/key.core/../key.ui/examples/heap/block_loop_contracts/SimpleVariants/sum_onBlock_internal.key 
87817      DEBUG main            d.u.i.k.p.i.AbstractProblemLoader Environment load took 202.8ns 
87818      INFO  main            d.u.i.k.p.i.AbstractProblemLoader Creating init config 
90733      DEBUG main            d.u.i.k.p.i.AbstractProblemLoader Init config took 2.92s 
90769      INFO  main            d.u.i.k.p.i.AbstractProblemLoader Replaying proof LoopContractExamplesAll[LoopContractExamplesAll::sum_loopContract_onBlock([I)].JML normal_behavior operation contract.0 
90775      DEBUG main            d.u.i.k.p.i.IntermediateProofReplayer Proof replay took 11.1ns 
91379      INFO  main            d.u.i.k.p.r.p.TestFile    ... finished proof: closed. 
91620      INFO  main            d.u.i.k.p.i.AbstractProblemLoader Loading environment from /home/runner/work/key/key/key.core/../key.ui/examples/heap/block_loop_contracts/SimpleVariants/sum_onBlock_internal.key.proof 
91620      DEBUG main            d.u.i.k.p.i.AbstractProblemLoader Environment load took 102.5ns 
91621      INFO  main            d.u.i.k.p.i.AbstractProblemLoader Creating init config 
94434      DEBUG main            d.u.i.k.p.i.AbstractProblemLoader Init config took 2.81s 
94466      INFO  main            d.u.i.k.p.i.AbstractProblemLoader Replaying proof LoopContractExamplesAll[LoopContractExamplesAll::sum_loopContract_onBlock([I)].JML normal_behavior operation contract.0 
94691      DEBUG main            d.u.i.k.p.i.IntermediateProofReplayer Proof replay took 221.54ms 
94692      DEBUG main            d.u.i.k.p.r.p.TestFile    ... success: reloaded. 
94693      INFO  main            d.u.i.k.p.r.p.TestFile    Now processing file /home/runner/work/key/key/key.core/../key.ui/examples/heap/block_loop_contracts/SimpleVariants/sum_onBlock_loop.key 
94694      INFO  main            d.u.i.k.p.i.AbstractProblemLoader Loading environment from /home/runner/work/key/key/key.core/../key.ui/examples/heap/block_loop_contracts/SimpleVariants/sum_onBlock_loop.key 
94694      DEBUG main            d.u.i.k.p.i.AbstractProblemLoader Environment load took 194.5ns 
94695      INFO  main            d.u.i.k.p.i.AbstractProblemLoader Creating init config 
97614      DEBUG main            d.u.i.k.p.i.AbstractProblemLoader Init config took 2.92s 
97651      INFO  main            d.u.i.k.p.i.AbstractProblemLoader Replaying proof LoopContractExamplesAll[LoopContractExamplesAll::sum_loopContract_onBlock([I)].JML normal_behavior loop contract.0 
97652      DEBUG main            d.u.i.k.p.i.IntermediateProofReplayer Proof replay took 10.3ns 
98457      INFO  main            d.u.i.k.p.r.p.TestFile    ... finished proof: closed. 
98713      INFO  main            d.u.i.k.p.i.AbstractProblemLoader Loading environment from /home/runner/work/key/key/key.core/../key.ui/examples/heap/block_loop_contracts/SimpleVariants/sum_onBlock_loop.key.proof 
98713      DEBUG main            d.u.i.k.p.i.AbstractProblemLoader Environment load took 101.9ns 
98714      INFO  main            d.u.i.k.p.i.AbstractProblemLoader Creating init config 
101569     DEBUG main            d.u.i.k.p.i.AbstractProblemLoader Init config took 2.86s 
101608     INFO  main            d.u.i.k.p.i.AbstractProblemLoader Replaying proof LoopContractExamplesAll[LoopContractExamplesAll::sum_loopContract_onBlock([I)].JML normal_behavior loop contract.0 
101823     DEBUG main            d.u.i.k.p.i.IntermediateProofReplayer Proof replay took 210.74ms 
101824     DEBUG main            d.u.i.k.p.r.p.TestFile    ... success: reloaded. 
101825     INFO  main            d.u.i.k.p.r.p.TestFile    Now processing file /home/runner/work/key/key/key.core/../key.ui/examples/heap/block_loop_contracts/SimpleVariants/sum_onLoop_external.key 
101825     INFO  main            d.u.i.k.p.i.AbstractProblemLoader Loading environment from /home/runner/work/key/key/key.core/../key.ui/examples/heap/block_loop_contracts/SimpleVariants/sum_onLoop_external.key 
101825     DEBUG main            d.u.i.k.p.i.AbstractProblemLoader Environment load took 192.2ns 
101827     INFO  main            d.u.i.k.p.i.AbstractProblemLoader Creating init config 
104731     DEBUG main            d.u.i.k.p.i.AbstractProblemLoader Init config took 2.9s 
104764     INFO  main            d.u.i.k.p.i.AbstractProblemLoader Replaying proof LoopContractExamplesAll[LoopContractExamplesAll::sum_loopContract_onLoop([I)].JML normal_behavior operation contract.0 
104766     DEBUG main            d.u.i.k.p.i.IntermediateProofReplayer Proof replay took 11.4ns 
104868     INFO  main            d.u.i.k.p.r.p.TestFile    ... finished proof: closed. 
105116     INFO  main            d.u.i.k.p.i.AbstractProblemLoader Loading environment from /home/runner/work/key/key/key.core/../key.ui/examples/heap/block_loop_contracts/SimpleVariants/sum_onLoop_external.key.proof 
105116     DEBUG main            d.u.i.k.p.i.AbstractProblemLoader Environment load took 100.4ns 
105116     INFO  main            d.u.i.k.p.i.AbstractProblemLoader Creating init config 
107930     DEBUG main            d.u.i.k.p.i.AbstractProblemLoader Init config took 2.81s 
107963     INFO  main            d.u.i.k.p.i.AbstractProblemLoader Replaying proof LoopContractExamplesAll[LoopContractExamplesAll::sum_loopContract_onLoop([I)].JML normal_behavior operation contract.0 
107992     DEBUG main            d.u.i.k.p.i.IntermediateProofReplayer Proof replay took 26.64ms 
107993     DEBUG main            d.u.i.k.p.r.p.TestFile    ... success: reloaded. 
107994     INFO  main            d.u.i.k.p.r.p.TestFile    Now processing file /home/runner/work/key/key/key.core/../key.ui/examples/heap/block_loop_contracts/SimpleVariants/sum_onLoop_internal.key 
107995     INFO  main            d.u.i.k.p.i.AbstractProblemLoader Loading environment from /home/runner/work/key/key/key.core/../key.ui/examples/heap/block_loop_contracts/SimpleVariants/sum_onLoop_internal.key 
107995     DEBUG main            d.u.i.k.p.i.AbstractProblemLoader Environment load took 230.2ns 
107996     INFO  main            d.u.i.k.p.i.AbstractProblemLoader Creating init config 
110896     DEBUG main            d.u.i.k.p.i.AbstractProblemLoader Init config took 2.9s 
110928     INFO  main            d.u.i.k.p.i.AbstractProblemLoader Replaying proof LoopContractExamplesAll[LoopContractExamplesAll::sum_loopContract_onLoop([I)].JML normal_behavior operation contract.0 
110930     DEBUG main            d.u.i.k.p.i.IntermediateProofReplayer Proof replay took 10.3ns 
111537     INFO  main            d.u.i.k.p.r.p.TestFile    ... finished proof: closed. 
111831     INFO  main            d.u.i.k.p.i.AbstractProblemLoader Loading environment from /home/runner/work/key/key/key.core/../key.ui/examples/heap/block_loop_contracts/SimpleVariants/sum_onLoop_internal.key.proof 
111831     DEBUG main            d.u.i.k.p.i.AbstractProblemLoader Environment load took 104.2ns 
111832     INFO  main            d.u.i.k.p.i.AbstractProblemLoader Creating init config 
114639     DEBUG main            d.u.i.k.p.i.AbstractProblemLoader Init config took 2.81s 
114671     INFO  main            d.u.i.k.p.i.AbstractProblemLoader Replaying proof LoopContractExamplesAll[LoopContractExamplesAll::sum_loopContract_onLoop([I)].JML normal_behavior operation contract.0 
114895     DEBUG main            d.u.i.k.p.i.IntermediateProofReplayer Proof replay took 220.63ms 
114896     DEBUG main            d.u.i.k.p.r.p.TestFile    ... success: reloaded. 
114897     INFO  main            d.u.i.k.p.r.p.TestFile    Now processing file /home/runner/work/key/key/key.core/../key.ui/examples/heap/block_loop_contracts/SimpleVariants/sum_onLoop_loop.key 
114898     INFO  main            d.u.i.k.p.i.AbstractProblemLoader Loading environment from /home/runner/work/key/key/key.core/../key.ui/examples/heap/block_loop_contracts/SimpleVariants/sum_onLoop_loop.key 
114898     DEBUG main            d.u.i.k.p.i.AbstractProblemLoader Environment load took 229ns 
114899     INFO  main            d.u.i.k.p.i.AbstractProblemLoader Creating init config 
117788     DEBUG main            d.u.i.k.p.i.AbstractProblemLoader Init config took 2.89s 
117821     INFO  main            d.u.i.k.p.i.AbstractProblemLoader Replaying proof LoopContractExamplesAll[LoopContractExamplesAll::sum_loopContract_onLoop([I)].JML normal_behavior loop contract.0 
117822     DEBUG main            d.u.i.k.p.i.IntermediateProofReplayer Proof replay took 9.7ns 
118529     INFO  main            d.u.i.k.p.r.p.TestFile    ... finished proof: closed. 
118816     INFO  main            d.u.i.k.p.i.AbstractProblemLoader Loading environment from /home/runner/work/key/key/key.core/../key.ui/examples/heap/block_loop_contracts/SimpleVariants/sum_onLoop_loop.key.proof 
118816     DEBUG main            d.u.i.k.p.i.AbstractProblemLoader Environment load took 122.8ns 
118817     INFO  main            d.u.i.k.p.i.AbstractProblemLoader Creating init config 
121612     DEBUG main            d.u.i.k.p.i.AbstractProblemLoader Init config took 2.8s 
121644     INFO  main            d.u.i.k.p.i.AbstractProblemLoader Replaying proof LoopContractExamplesAll[LoopContractExamplesAll::sum_loopContract_onLoop([I)].JML normal_behavior loop contract.0 
121854     DEBUG main            d.u.i.k.p.i.IntermediateProofReplayer Proof replay took 206.58ms 
121855     DEBUG main            d.u.i.k.p.r.p.TestFile    ... success: reloaded. 
121856     INFO  main            d.u.i.k.p.r.p.TestFile    Now processing file /home/runner/work/key/key/key.core/../key.ui/examples/heap/block_loop_contracts/Free/blockContracts0.key 
121856     INFO  main            d.u.i.k.p.i.AbstractProblemLoader Loading environment from /home/runner/work/key/key/key.core/../key.ui/examples/heap/block_loop_contracts/Free/blockContracts0.key 
121856     DEBUG main            d.u.i.k.p.i.AbstractProblemLoader Environment load took 69.5ns 
121857     INFO  main            d.u.i.k.p.i.AbstractProblemLoader Creating init config 
124404     DEBUG main            d.u.i.k.p.i.AbstractProblemLoader Init config took 2.55s 
124434     INFO  main            d.u.i.k.p.i.AbstractProblemLoader Replaying proof FreeConditions[FreeConditions::blockContract0()].JML normal_behavior operation contract.0 
124436     DEBUG main            d.u.i.k.p.i.IntermediateProofReplayer Proof replay took 10.7ns 
124537     INFO  main            d.u.i.k.p.r.p.TestFile    ... finished proof: closed. 
124786     INFO  main            d.u.i.k.p.i.AbstractProblemLoader Loading environment from /home/runner/work/key/key/key.core/../key.ui/examples/heap/block_loop_contracts/Free/blockContracts0.key.proof 
124786     DEBUG main            d.u.i.k.p.i.AbstractProblemLoader Environment load took 97ns 
124787     INFO  main            d.u.i.k.p.i.AbstractProblemLoader Creating init config 
127253     DEBUG main            d.u.i.k.p.i.AbstractProblemLoader Init config took 2.47s 
127284     INFO  main            d.u.i.k.p.i.AbstractProblemLoader Replaying proof FreeConditions[FreeConditions::blockContract0()].JML normal_behavior operation contract.0 
127303     DEBUG main            d.u.i.k.p.i.IntermediateProofReplayer Proof replay took 17.26ms 
127304     DEBUG main            d.u.i.k.p.r.p.TestFile    ... success: reloaded. 
127305     INFO  main            d.u.i.k.p.r.p.TestFile    Now processing file /home/runner/work/key/key/key.core/../key.ui/examples/heap/block_loop_contracts/Free/blockContracts1.key 
127305     INFO  main            d.u.i.k.p.i.AbstractProblemLoader Loading environment from /home/runner/work/key/key/key.core/../key.ui/examples/heap/block_loop_contracts/Free/blockContracts1.key 
127305     DEBUG main            d.u.i.k.p.i.AbstractProblemLoader Environment load took 88.2ns 
127306     INFO  main            d.u.i.k.p.i.AbstractProblemLoader Creating init config 
129804     DEBUG main            d.u.i.k.p.i.AbstractProblemLoader Init config took 2.5s 
129834     INFO  main            d.u.i.k.p.i.AbstractProblemLoader Replaying proof FreeConditions[FreeConditions::blockContract1()].JML normal_behavior operation contract.0 
129836     DEBUG main            d.u.i.k.p.i.IntermediateProofReplayer Proof replay took 11ns 
129937     INFO  main            d.u.i.k.p.r.p.TestFile    ... finished proof: closed. 
130160     INFO  main            d.u.i.k.p.i.AbstractProblemLoader Loading environment from /home/runner/work/key/key/key.core/../key.ui/examples/heap/block_loop_contracts/Free/blockContracts1.key.proof 
130160     DEBUG main            d.u.i.k.p.i.AbstractProblemLoader Environment load took 94.9ns 
130161     INFO  main            d.u.i.k.p.i.AbstractProblemLoader Creating init config 
132615     DEBUG main            d.u.i.k.p.i.AbstractProblemLoader Init config took 2.45s 
132645     INFO  main            d.u.i.k.p.i.AbstractProblemLoader Replaying proof FreeConditions[FreeConditions::blockContract1()].JML normal_behavior operation contract.0 
132662     DEBUG main            d.u.i.k.p.i.IntermediateProofReplayer Proof replay took 14.39ms 
132662     DEBUG main            d.u.i.k.p.r.p.TestFile    ... success: reloaded. 
132663     INFO  main            d.u.i.k.p.r.p.TestFile    Now processing file /home/runner/work/key/key/key.core/../key.ui/examples/heap/block_loop_contracts/Finally/block_finally.key 
132663     INFO  main            d.u.i.k.p.i.AbstractProblemLoader Loading environment from /home/runner/work/key/key/key.core/../key.ui/examples/heap/block_loop_contracts/Finally/block_finally.key 
132663     DEBUG main            d.u.i.k.p.i.AbstractProblemLoader Environment load took 79ns 
132664     INFO  main            d.u.i.k.p.i.AbstractProblemLoader Creating init config 
135196     DEBUG main            d.u.i.k.p.i.AbstractProblemLoader Init config took 2.53s 
135228     INFO  main            d.u.i.k.p.i.AbstractProblemLoader Replaying proof AuxiliaryContractsFinally[AuxiliaryContractsFinally::breakThrowContinueBlockContract(java.lang.Exception)].JML block contract.0 
135229     DEBUG main            d.u.i.k.p.i.IntermediateProofReplayer Proof replay took 23.8ns 
135833     INFO  main            d.u.i.k.p.r.p.TestFile    ... finished proof: open goal(s) 
136070     INFO  main            d.u.i.k.p.r.p.TestFile    Now processing file /home/runner/work/key/key/key.core/../key.ui/examples/heap/block_loop_contracts/Finally/loop_finally.key 
136071     INFO  main            d.u.i.k.p.i.AbstractProblemLoader Loading environment from /home/runner/work/key/key/key.core/../key.ui/examples/heap/block_loop_contracts/Finally/loop_finally.key 
136071     DEBUG main            d.u.i.k.p.i.AbstractProblemLoader Environment load took 90.1ns 
136072     INFO  main            d.u.i.k.p.i.AbstractProblemLoader Creating init config 
138558     DEBUG main            d.u.i.k.p.i.AbstractProblemLoader Init config took 2.49s 
138591     INFO  main            d.u.i.k.p.i.AbstractProblemLoader Replaying proof AuxiliaryContractsFinally[AuxiliaryContractsFinally::breakThrowContinueLoopContract(java.lang.Exception)].JML normal_behavior loop contract.0 
138593     DEBUG main            d.u.i.k.p.i.IntermediateProofReplayer Proof replay took 21ns 
139205     INFO  main            d.u.i.k.p.r.p.TestFile    ... finished proof: open goal(s) 
609743     INFO  Test worker     d.u.i.k.p.r.RunAllProofsTestUnit Returning from test blockContracts 
609744     INFO  Test worker     d.u.i.k.p.r.RunAllProofsTestUnit Running test jmlAsserts 
327        INFO  Timeout watchdog d.u.i.k.p.r.p.ForkedTestFileRunner Timeout watcher launched (2000 secs.) 
333        WARN  main            d.u.i.k.s.ProofSettings   The settings in /home/runner/.key/proof-settings.props are *not* read. 
383        INFO  main            d.u.i.k.p.r.p.TestFile    Now processing file /home/runner/work/key/key/key.core/../key.ui/examples/standard_key/java_dl/jml-assert/assert.key 
505        INFO  main            d.u.i.k.p.i.AbstractProblemLoader Loading environment from /home/runner/work/key/key/key.core/../key.ui/examples/standard_key/java_dl/jml-assert/assert.key 
520        DEBUG main            d.u.i.k.p.i.AbstractProblemLoader Environment load took 1.77ms 
771        INFO  main            d.u.i.k.p.i.AbstractProblemLoader Creating init config 
1670       DEBUG main            d.u.i.k.j.TypeConverter   No LDT found for Meta 
1671       DEBUG main            d.u.i.k.j.TypeConverter   No LDT found for Meta 
1675       DEBUG main            d.u.i.k.j.TypeConverter   No LDT found for Meta 
1675       DEBUG main            d.u.i.k.j.TypeConverter   No LDT found for Meta 
2944       DEBUG main            d.u.i.k.j.TypeConverter   No LDT found for JavaBigintExpression 
7990       DEBUG main            d.u.i.k.p.i.AbstractProblemLoader Init config took 7.22s 
8112       INFO  main            d.u.i.k.p.i.AbstractProblemLoader Replaying proof Assert[Assert::createArray(int)].JML normal_behavior operation contract.0 
8142       DEBUG main            d.u.i.k.p.i.IntermediateProofReplayer Proof replay took 29.1ns 
8964       INFO  main            d.u.i.k.p.r.p.TestFile    ... finished proof: closed. 
9069       INFO  main            d.u.i.k.p.i.AbstractProblemLoader Loading environment from /home/runner/work/key/key/key.core/../key.ui/examples/standard_key/java_dl/jml-assert/assert.key.proof 
9071       DEBUG main            d.u.i.k.p.i.AbstractProblemLoader Environment load took 1.39ms 
9073       INFO  main            d.u.i.k.p.i.AbstractProblemLoader Creating init config 
11884      DEBUG main            d.u.i.k.p.i.AbstractProblemLoader Init config took 2.81s 
11962      INFO  main            d.u.i.k.p.i.AbstractProblemLoader Replaying proof Assert[Assert::createArray(int)].JML normal_behavior operation contract.0 
12059      DEBUG main            d.u.i.k.p.i.IntermediateProofReplayer Proof replay took 91.51ms 
12067      DEBUG main            d.u.i.k.p.r.p.TestFile    ... success: reloaded. 
12070      INFO  main            d.u.i.k.p.r.p.TestFile    Now processing file /home/runner/work/key/key/key.core/../key.ui/examples/heap/block_loop_contracts/Free/assertions0.key 
12071      INFO  main            d.u.i.k.p.i.AbstractProblemLoader Loading environment from /home/runner/work/key/key/key.core/../key.ui/examples/heap/block_loop_contracts/Free/assertions0.key 
12071      DEBUG main            d.u.i.k.p.i.AbstractProblemLoader Environment load took 226.7ns 
12074      INFO  main            d.u.i.k.p.i.AbstractProblemLoader Creating init config 
14653      DEBUG main            d.u.i.k.p.i.AbstractProblemLoader Init config took 2.58s 
14710      INFO  main            d.u.i.k.p.i.AbstractProblemLoader Replaying proof FreeConditions[FreeConditions::assertions0()].JML normal_behavior operation contract.0 
14713      DEBUG main            d.u.i.k.p.i.IntermediateProofReplayer Proof replay took 11.6ns 
14916      INFO  main            d.u.i.k.p.r.p.TestFile    ... finished proof: closed. 
15032      INFO  main            d.u.i.k.p.i.AbstractProblemLoader Loading environment from /home/runner/work/key/key/key.core/../key.ui/examples/heap/block_loop_contracts/Free/assertions0.key.proof 
15032      DEBUG main            d.u.i.k.p.i.AbstractProblemLoader Environment load took 113.7ns 
15033      INFO  main            d.u.i.k.p.i.AbstractProblemLoader Creating init config 
17455      DEBUG main            d.u.i.k.p.i.AbstractProblemLoader Init config took 2.42s 
17513      INFO  main            d.u.i.k.p.i.AbstractProblemLoader Replaying proof FreeConditions[FreeConditions::assertions0()].JML normal_behavior operation contract.0 
17536      DEBUG main            d.u.i.k.p.i.IntermediateProofReplayer Proof replay took 20.78ms 
17537      DEBUG main            d.u.i.k.p.r.p.TestFile    ... success: reloaded. 
17538      INFO  main            d.u.i.k.p.r.p.TestFile    Now processing file /home/runner/work/key/key/key.core/../key.ui/examples/heap/block_loop_contracts/Free/assertions1.key 
17539      INFO  main            d.u.i.k.p.i.AbstractProblemLoader Loading environment from /home/runner/work/key/key/key.core/../key.ui/examples/heap/block_loop_contracts/Free/assertions1.key 
17539      DEBUG main            d.u.i.k.p.i.AbstractProblemLoader Environment load took 225.2ns 
17540      INFO  main            d.u.i.k.p.i.AbstractProblemLoader Creating init config 
19943      DEBUG main            d.u.i.k.p.i.AbstractProblemLoader Init config took 2.4s 
19988      INFO  main            d.u.i.k.p.i.AbstractProblemLoader Replaying proof FreeConditions[FreeConditions::assertions1()].JML normal_behavior operation contract.0 
19990      DEBUG main            d.u.i.k.p.i.IntermediateProofReplayer Proof replay took 11ns 
20092      INFO  main            d.u.i.k.p.r.p.TestFile    ... finished proof: closed. 
20230      INFO  main            d.u.i.k.p.i.AbstractProblemLoader Loading environment from /home/runner/work/key/key/key.core/../key.ui/examples/heap/block_loop_contracts/Free/assertions1.key.proof 
20231      DEBUG main            d.u.i.k.p.i.AbstractProblemLoader Environment load took 123.6ns 
20232      INFO  main            d.u.i.k.p.i.AbstractProblemLoader Creating init config 
22535      DEBUG main            d.u.i.k.p.i.AbstractProblemLoader Init config took 2.3s 
22588      INFO  main            d.u.i.k.p.i.AbstractProblemLoader Replaying proof FreeConditions[FreeConditions::assertions1()].JML normal_behavior operation contract.0 
22595      DEBUG main            d.u.i.k.p.i.IntermediateProofReplayer Proof replay took 4.6ms 
22596      DEBUG main            d.u.i.k.p.r.p.TestFile    ... success: reloaded. 
22597      INFO  main            d.u.i.k.p.r.p.TestFile    Now processing file /home/runner/work/key/key/key.core/../key.ui/examples/standard_key/java_dl/jml-assert/recursion-assert.key 
22597      INFO  main            d.u.i.k.p.i.AbstractProblemLoader Loading environment from /home/runner/work/key/key/key.core/../key.ui/examples/standard_key/java_dl/jml-assert/recursion-assert.key 
22597      DEBUG main            d.u.i.k.p.i.AbstractProblemLoader Environment load took 140.8ns 
22598      INFO  main            d.u.i.k.p.i.AbstractProblemLoader Creating init config 
25056      DEBUG main            d.u.i.k.p.i.AbstractProblemLoader Init config took 2.46s 
25101      INFO  main            d.u.i.k.p.i.AbstractProblemLoader Replaying proof RecursiveMethod[RecursiveMethod::fac1(int)].JML normal_behavior operation contract.0 
25103      DEBUG main            d.u.i.k.p.i.IntermediateProofReplayer Proof replay took 4.9ns 
25305      INFO  main            d.u.i.k.p.r.p.TestFile    ... finished proof: closed. 
25484      INFO  main            d.u.i.k.p.i.AbstractProblemLoader Loading environment from /home/runner/work/key/key/key.core/../key.ui/examples/standard_key/java_dl/jml-assert/recursion-assert.key.proof 
25484      DEBUG main            d.u.i.k.p.i.AbstractProblemLoader Environment load took 109.1ns 
25485      INFO  main            d.u.i.k.p.i.AbstractProblemLoader Creating init config 
27896      DEBUG main            d.u.i.k.p.i.AbstractProblemLoader Init config took 2.41s 
27939      INFO  main            d.u.i.k.p.i.AbstractProblemLoader Replaying proof RecursiveMethod[RecursiveMethod::fac1(int)].JML normal_behavior operation contract.0 
27977      DEBUG main            d.u.i.k.p.i.IntermediateProofReplayer Proof replay took 34.85ms 
27978      DEBUG main            d.u.i.k.p.r.p.TestFile    ... success: reloaded. 
27979      INFO  main            d.u.i.k.p.r.p.TestFile    Now processing file /home/runner/work/key/key/key.core/../key.ui/examples/standard_key/java_dl/jml-assert/recursion-assume.key 
27980      INFO  main            d.u.i.k.p.i.AbstractProblemLoader Loading environment from /home/runner/work/key/key/key.core/../key.ui/examples/standard_key/java_dl/jml-assert/recursion-assume.key 
27980      DEBUG main            d.u.i.k.p.i.AbstractProblemLoader Environment load took 209.2ns 
27981      INFO  main            d.u.i.k.p.i.AbstractProblemLoader Creating init config 
30467      DEBUG main            d.u.i.k.p.i.AbstractProblemLoader Init config took 2.49s 
30510      INFO  main            d.u.i.k.p.i.AbstractProblemLoader Replaying proof RecursiveMethod[RecursiveMethod::fac2(int)].JML normal_behavior operation contract.0 
30511      DEBUG main            d.u.i.k.p.i.IntermediateProofReplayer Proof replay took 5.4ns 
30714      INFO  main            d.u.i.k.p.r.p.TestFile    ... finished proof: closed. 
30870      INFO  main            d.u.i.k.p.i.AbstractProblemLoader Loading environment from /home/runner/work/key/key/key.core/../key.ui/examples/standard_key/java_dl/jml-assert/recursion-assume.key.proof 
30870      DEBUG main            d.u.i.k.p.i.AbstractProblemLoader Environment load took 109.7ns 
30871      INFO  main            d.u.i.k.p.i.AbstractProblemLoader Creating init config 
33276      DEBUG main            d.u.i.k.p.i.AbstractProblemLoader Init config took 2.41s 
33319      INFO  main            d.u.i.k.p.i.AbstractProblemLoader Replaying proof RecursiveMethod[RecursiveMethod::fac2(int)].JML normal_behavior operation contract.0 
33353      DEBUG main            d.u.i.k.p.i.IntermediateProofReplayer Proof replay took 32.01ms 
33355      DEBUG main            d.u.i.k.p.r.p.TestFile    ... success: reloaded. 
33356      INFO  main            d.u.i.k.p.r.p.TestFile    Now processing file /home/runner/work/key/key/key.core/../key.ui/examples/standard_key/java_dl/jml-assert/quantor-assert.key 
33356      INFO  main            d.u.i.k.p.i.AbstractProblemLoader Loading environment from /home/runner/work/key/key/key.core/../key.ui/examples/standard_key/java_dl/jml-assert/quantor-assert.key 
33356      DEBUG main            d.u.i.k.p.i.AbstractProblemLoader Environment load took 197.1ns 
33357      INFO  main            d.u.i.k.p.i.AbstractProblemLoader Creating init config 
35785      DEBUG main            d.u.i.k.p.i.AbstractProblemLoader Init config took 2.43s 
35825      INFO  main            d.u.i.k.p.i.AbstractProblemLoader Replaying proof Quantor[Quantor::square1(int)].JML normal_behavior operation contract.0 
35827      DEBUG main            d.u.i.k.p.i.IntermediateProofReplayer Proof replay took 5.7ns 
35929      INFO  main            d.u.i.k.p.r.p.TestFile    ... finished proof: closed. 
36088      INFO  main            d.u.i.k.p.i.AbstractProblemLoader Loading environment from /home/runner/work/key/key/key.core/../key.ui/examples/standard_key/java_dl/jml-assert/quantor-assert.key.proof 
36088      DEBUG main            d.u.i.k.p.i.AbstractProblemLoader Environment load took 129ns 
36089      INFO  main            d.u.i.k.p.i.AbstractProblemLoader Creating init config 
38469      DEBUG main            d.u.i.k.p.i.AbstractProblemLoader Init config took 2.38s 
38510      INFO  main            d.u.i.k.p.i.AbstractProblemLoader Replaying proof Quantor[Quantor::square1(int)].JML normal_behavior operation contract.0 
38527      DEBUG main            d.u.i.k.p.i.IntermediateProofReplayer Proof replay took 14.47ms 
38528      DEBUG main            d.u.i.k.p.r.p.TestFile    ... success: reloaded. 
38529      INFO  main            d.u.i.k.p.r.p.TestFile    Now processing file /home/runner/work/key/key/key.core/../key.ui/examples/standard_key/java_dl/jml-assert/quantor-assume.key 
38529      INFO  main            d.u.i.k.p.i.AbstractProblemLoader Loading environment from /home/runner/work/key/key/key.core/../key.ui/examples/standard_key/java_dl/jml-assert/quantor-assume.key 
38530      DEBUG main            d.u.i.k.p.i.AbstractProblemLoader Environment load took 192ns 
38530      INFO  main            d.u.i.k.p.i.AbstractProblemLoader Creating init config 
41026      DEBUG main            d.u.i.k.p.i.AbstractProblemLoader Init config took 2.5s 
41066      INFO  main            d.u.i.k.p.i.AbstractProblemLoader Replaying proof Quantor[Quantor::square2(int)].JML normal_behavior operation contract.0 
41068      DEBUG main            d.u.i.k.p.i.IntermediateProofReplayer Proof replay took 5.2ns 
41169      INFO  main            d.u.i.k.p.r.p.TestFile    ... finished proof: closed. 
41353      INFO  main            d.u.i.k.p.i.AbstractProblemLoader Loading environment from /home/runner/work/key/key/key.core/../key.ui/examples/standard_key/java_dl/jml-assert/quantor-assume.key.proof 
41353      DEBUG main            d.u.i.k.p.i.AbstractProblemLoader Environment load took 106.6ns 
41354      INFO  main            d.u.i.k.p.i.AbstractProblemLoader Creating init config 
43702      DEBUG main            d.u.i.k.p.i.AbstractProblemLoader Init config took 2.35s 
43741      INFO  main            d.u.i.k.p.i.AbstractProblemLoader Replaying proof Quantor[Quantor::square2(int)].JML normal_behavior operation contract.0 
43773      DEBUG main            d.u.i.k.p.i.IntermediateProofReplayer Proof replay took 28.99ms 
43774      DEBUG main            d.u.i.k.p.r.p.TestFile    ... success: reloaded. 
43775      INFO  main            d.u.i.k.p.r.p.TestFile    Now processing file /home/runner/work/key/key/key.core/../key.ui/examples/standard_key/java_dl/jml-assert/model-methods-static-static.key 
43775      INFO  main            d.u.i.k.p.i.AbstractProblemLoader Loading environment from /home/runner/work/key/key/key.core/../key.ui/examples/standard_key/java_dl/jml-assert/model-methods-static-static.key 
43775      DEBUG main            d.u.i.k.p.i.AbstractProblemLoader Environment load took 190.3ns 
43776      INFO  main            d.u.i.k.p.i.AbstractProblemLoader Creating init config 
46277      DEBUG main            d.u.i.k.p.i.AbstractProblemLoader Init config took 2.5s 
46317      INFO  main            d.u.i.k.p.i.AbstractProblemLoader Replaying proof ModelMethods[ModelMethods::test1()].JML normal_behavior operation contract.0 
46318      DEBUG main            d.u.i.k.p.i.IntermediateProofReplayer Proof replay took 5.7ns 
46420      INFO  main            d.u.i.k.p.r.p.TestFile    ... finished proof: closed. 
46598      INFO  main            d.u.i.k.p.i.AbstractProblemLoader Loading environment from /home/runner/work/key/key/key.core/../key.ui/examples/standard_key/java_dl/jml-assert/model-methods-static-static.key.proof 
46598      DEBUG main            d.u.i.k.p.i.AbstractProblemLoader Environment load took 116.3ns 
46599      INFO  main            d.u.i.k.p.i.AbstractProblemLoader Creating init config 
48989      DEBUG main            d.u.i.k.p.i.AbstractProblemLoader Init config took 2.39s 
49031      INFO  main            d.u.i.k.p.i.AbstractProblemLoader Replaying proof ModelMethods[ModelMethods::test1()].JML normal_behavior operation contract.0 
49039      DEBUG main            d.u.i.k.p.i.IntermediateProofReplayer Proof replay took 6.12ms 
49040      DEBUG main            d.u.i.k.p.r.p.TestFile    ... success: reloaded. 
49040      INFO  main            d.u.i.k.p.r.p.TestFile    Now processing file /home/runner/work/key/key/key.core/../key.ui/examples/standard_key/java_dl/jml-assert/model-methods-instance-static.key 
49041      INFO  main            d.u.i.k.p.i.AbstractProblemLoader Loading environment from /home/runner/work/key/key/key.core/../key.ui/examples/standard_key/java_dl/jml-assert/model-methods-instance-static.key 
49041      DEBUG main            d.u.i.k.p.i.AbstractProblemLoader Environment load took 76.2ns 
49042      INFO  main            d.u.i.k.p.i.AbstractProblemLoader Creating init config 
51445      DEBUG main            d.u.i.k.p.i.AbstractProblemLoader Init config took 2.4s 
51484      INFO  main            d.u.i.k.p.i.AbstractProblemLoader Replaying proof ModelMethods[ModelMethods::test2()].JML normal_behavior operation contract.0 
51485      DEBUG main            d.u.i.k.p.i.IntermediateProofReplayer Proof replay took 5.1ns 
51587      INFO  main            d.u.i.k.p.r.p.TestFile    ... finished proof: closed. 
51759      INFO  main            d.u.i.k.p.i.AbstractProblemLoader Loading environment from /home/runner/work/key/key/key.core/../key.ui/examples/standard_key/java_dl/jml-assert/model-methods-instance-static.key.proof 
51759      DEBUG main            d.u.i.k.p.i.AbstractProblemLoader Environment load took 99.6ns 
51760      INFO  main            d.u.i.k.p.i.AbstractProblemLoader Creating init config 
54112      DEBUG main            d.u.i.k.p.i.AbstractProblemLoader Init config took 2.35s 
54149      INFO  main            d.u.i.k.p.i.AbstractProblemLoader Replaying proof ModelMethods[ModelMethods::test2()].JML normal_behavior operation contract.0 
54173      DEBUG main            d.u.i.k.p.i.IntermediateProofReplayer Proof replay took 17.93ms 
54175      DEBUG main            d.u.i.k.p.r.p.TestFile    ... success: reloaded. 
54176      INFO  main            d.u.i.k.p.r.p.TestFile    Now processing file /home/runner/work/key/key/key.core/../key.ui/examples/standard_key/java_dl/jml-assert/model-methods-instance-instance.key 
54177      INFO  main            d.u.i.k.p.i.AbstractProblemLoader Loading environment from /home/runner/work/key/key/key.core/../key.ui/examples/standard_key/java_dl/jml-assert/model-methods-instance-instance.key 
54177      DEBUG main            d.u.i.k.p.i.AbstractProblemLoader Environment load took 210.8ns 
54178      INFO  main            d.u.i.k.p.i.AbstractProblemLoader Creating init config 
56583      DEBUG main            d.u.i.k.p.i.AbstractProblemLoader Init config took 2.41s 
56622      INFO  main            d.u.i.k.p.i.AbstractProblemLoader Replaying proof ModelMethods[ModelMethods::test3()].JML normal_behavior operation contract.0 
56623      DEBUG main            d.u.i.k.p.i.IntermediateProofReplayer Proof replay took 5.7ns 
56729      INFO  main            d.u.i.k.p.r.p.TestFile    ... finished proof: closed. 
56917      INFO  main            d.u.i.k.p.i.AbstractProblemLoader Loading environment from /home/runner/work/key/key/key.core/../key.ui/examples/standard_key/java_dl/jml-assert/model-methods-instance-instance.key.proof 
56917      DEBUG main            d.u.i.k.p.i.AbstractProblemLoader Environment load took 104ns 
56918      INFO  main            d.u.i.k.p.i.AbstractProblemLoader Creating init config 
59249      DEBUG main            d.u.i.k.p.i.AbstractProblemLoader Init config took 2.33s 
59285      INFO  main            d.u.i.k.p.i.AbstractProblemLoader Replaying proof ModelMethods[ModelMethods::test3()].JML normal_behavior operation contract.0 
59297      DEBUG main            d.u.i.k.p.i.IntermediateProofReplayer Proof replay took 9.6ms 
59298      DEBUG main            d.u.i.k.p.r.p.TestFile    ... success: reloaded. 
59299      INFO  main            d.u.i.k.p.r.p.TestFile    Now processing file /home/runner/work/key/key/key.core/../key.ui/examples/standard_key/java_dl/jml-assert/model-methods-static-instance.key 
59299      INFO  main            d.u.i.k.p.i.AbstractProblemLoader Loading environment from /home/runner/work/key/key/key.core/../key.ui/examples/standard_key/java_dl/jml-assert/model-methods-static-instance.key 
59299      DEBUG main            d.u.i.k.p.i.AbstractProblemLoader Environment load took 189.6ns 
59300      INFO  main            d.u.i.k.p.i.AbstractProblemLoader Creating init config 
61697      DEBUG main            d.u.i.k.p.i.AbstractProblemLoader Init config took 2.4s 
61733      INFO  main            d.u.i.k.p.i.AbstractProblemLoader Replaying proof ModelMethods[ModelMethods::test4()].JML normal_behavior operation contract.0 
61734      DEBUG main            d.u.i.k.p.i.IntermediateProofReplayer Proof replay took 4.7ns 
61836      INFO  main            d.u.i.k.p.r.p.TestFile    ... finished proof: closed. 
62025      INFO  main            d.u.i.k.p.i.AbstractProblemLoader Loading environment from /home/runner/work/key/key/key.core/../key.ui/examples/standard_key/java_dl/jml-assert/model-methods-static-instance.key.proof 
62026      DEBUG main            d.u.i.k.p.i.AbstractProblemLoader Environment load took 102.8ns 
62026      INFO  main            d.u.i.k.p.i.AbstractProblemLoader Creating init config 
64390      DEBUG main            d.u.i.k.p.i.AbstractProblemLoader Init config took 2.36s 
64428      INFO  main            d.u.i.k.p.i.AbstractProblemLoader Replaying proof ModelMethods[ModelMethods::test4()].JML normal_behavior operation contract.0 
64458      DEBUG main            d.u.i.k.p.i.IntermediateProofReplayer Proof replay took 27.59ms 
64459      DEBUG main            d.u.i.k.p.r.p.TestFile    ... success: reloaded. 
64459      INFO  main            d.u.i.k.p.r.p.TestFile    Now processing file /home/runner/work/key/key/key.core/../key.ui/examples/standard_key/java_dl/jml-assert/assert-old/inc-field.key 
64460      INFO  main            d.u.i.k.p.i.AbstractProblemLoader Loading environment from /home/runner/work/key/key/key.core/../key.ui/examples/standard_key/java_dl/jml-assert/assert-old/inc-field.key 
64460      DEBUG main            d.u.i.k.p.i.AbstractProblemLoader Environment load took 63.8ns 
64460      INFO  main            d.u.i.k.p.i.AbstractProblemLoader Creating init config 
66736      DEBUG main            d.u.i.k.p.i.AbstractProblemLoader Init config took 2.28s 
66772      INFO  main            d.u.i.k.p.i.AbstractProblemLoader Replaying proof Inc[Inc::inc_field()].JML normal_behavior operation contract.0 
66773      DEBUG main            d.u.i.k.p.i.IntermediateProofReplayer Proof replay took 5.9ns 
66877      INFO  main            d.u.i.k.p.r.p.TestFile    ... finished proof: closed. 
67071      INFO  main            d.u.i.k.p.i.AbstractProblemLoader Loading environment from /home/runner/work/key/key/key.core/../key.ui/examples/standard_key/java_dl/jml-assert/assert-old/inc-field.key.proof 
67071      DEBUG main            d.u.i.k.p.i.AbstractProblemLoader Environment load took 107ns 
67072      INFO  main            d.u.i.k.p.i.AbstractProblemLoader Creating init config 
69363      DEBUG main            d.u.i.k.p.i.AbstractProblemLoader Init config took 2.29s 
69398      INFO  main            d.u.i.k.p.i.AbstractProblemLoader Replaying proof Inc[Inc::inc_field()].JML normal_behavior operation contract.0 
69423      DEBUG main            d.u.i.k.p.i.IntermediateProofReplayer Proof replay took 23.16ms 
69423      DEBUG main            d.u.i.k.p.r.p.TestFile    ... success: reloaded. 
69424      INFO  main            d.u.i.k.p.r.p.TestFile    Now processing file /home/runner/work/key/key/key.core/../key.ui/examples/standard_key/java_dl/jml-assert/assert-old/inc-parameter.key 
69424      INFO  main            d.u.i.k.p.i.AbstractProblemLoader Loading environment from /home/runner/work/key/key/key.core/../key.ui/examples/standard_key/java_dl/jml-assert/assert-old/inc-parameter.key 
69424      DEBUG main            d.u.i.k.p.i.AbstractProblemLoader Environment load took 90.5ns 
69425      INFO  main            d.u.i.k.p.i.AbstractProblemLoader Creating init config 
71751      DEBUG main            d.u.i.k.p.i.AbstractProblemLoader Init config took 2.33s 
71785      INFO  main            d.u.i.k.p.i.AbstractProblemLoader Replaying proof Inc[Inc::inc_parameter(int)].JML normal_behavior operation contract.0 
71786      DEBUG main            d.u.i.k.p.i.IntermediateProofReplayer Proof replay took 6.2ns 
71888      INFO  main            d.u.i.k.p.r.p.TestFile    ... finished proof: closed. 
72088      INFO  main            d.u.i.k.p.i.AbstractProblemLoader Loading environment from /home/runner/work/key/key/key.core/../key.ui/examples/standard_key/java_dl/jml-assert/assert-old/inc-parameter.key.proof 
72089      DEBUG main            d.u.i.k.p.i.AbstractProblemLoader Environment load took 103.4ns 
72089      INFO  main            d.u.i.k.p.i.AbstractProblemLoader Creating init config 
74345      DEBUG main            d.u.i.k.p.i.AbstractProblemLoader Init config took 2.26s 
74382      INFO  main            d.u.i.k.p.i.AbstractProblemLoader Replaying proof Inc[Inc::inc_parameter(int)].JML normal_behavior operation contract.0 
74402      DEBUG main            d.u.i.k.p.i.IntermediateProofReplayer Proof replay took 16.98ms 
74404      DEBUG main            d.u.i.k.p.r.p.TestFile    ... success: reloaded. 
74405      INFO  main            d.u.i.k.p.r.p.TestFile    Now processing file /home/runner/work/key/key/key.core/../key.ui/examples/standard_key/java_dl/jml-assert/assert-old/inc-parameter-field.key 
74405      INFO  main            d.u.i.k.p.i.AbstractProblemLoader Loading environment from /home/runner/work/key/key/key.core/../key.ui/examples/standard_key/java_dl/jml-assert/assert-old/inc-parameter-field.key 
74405      DEBUG main            d.u.i.k.p.i.AbstractProblemLoader Environment load took 219.2ns 
74406      INFO  main            d.u.i.k.p.i.AbstractProblemLoader Creating init config 
76719      DEBUG main            d.u.i.k.p.i.AbstractProblemLoader Init config took 2.31s 
76751      INFO  main            d.u.i.k.p.i.AbstractProblemLoader Replaying proof Inc[Inc::inc_parameter_field(Inc)].JML normal_behavior operation contract.0 
76752      DEBUG main            d.u.i.k.p.i.IntermediateProofReplayer Proof replay took 5.8ns 
76854      INFO  main            d.u.i.k.p.r.p.TestFile    ... finished proof: closed. 
77065      INFO  main            d.u.i.k.p.i.AbstractProblemLoader Loading environment from /home/runner/work/key/key/key.core/../key.ui/examples/standard_key/java_dl/jml-assert/assert-old/inc-parameter-field.key.proof 
77065      DEBUG main            d.u.i.k.p.i.AbstractProblemLoader Environment load took 104.8ns 
77066      INFO  main            d.u.i.k.p.i.AbstractProblemLoader Creating init config 
79308      DEBUG main            d.u.i.k.p.i.AbstractProblemLoader Init config took 2.24s 
79342      INFO  main            d.u.i.k.p.i.AbstractProblemLoader Replaying proof Inc[Inc::inc_parameter_field(Inc)].JML normal_behavior operation contract.0 
79374      DEBUG main            d.u.i.k.p.i.IntermediateProofReplayer Proof replay took 28.72ms 
79375      DEBUG main            d.u.i.k.p.r.p.TestFile    ... success: reloaded. 
79375      INFO  main            d.u.i.k.p.r.p.TestFile    Now processing file /home/runner/work/key/key/key.core/../key.ui/examples/standard_key/java_dl/jml-assert/assert-old/inc-ghost-field.key 
79376      INFO  main            d.u.i.k.p.i.AbstractProblemLoader Loading environment from /home/runner/work/key/key/key.core/../key.ui/examples/standard_key/java_dl/jml-assert/assert-old/inc-ghost-field.key 
79376      DEBUG main            d.u.i.k.p.i.AbstractProblemLoader Environment load took 197ns 
79377      INFO  main            d.u.i.k.p.i.AbstractProblemLoader Creating init config 
81711      DEBUG main            d.u.i.k.p.i.AbstractProblemLoader Init config took 2.33s 
81748      INFO  main            d.u.i.k.p.i.AbstractProblemLoader Replaying proof Inc[Inc::inc_ghost_field()].JML normal_behavior operation contract.0 
81751      DEBUG main            d.u.i.k.p.i.IntermediateProofReplayer Proof replay took 5.9ns 
81853      INFO  main            d.u.i.k.p.r.p.TestFile    ... finished proof: closed. 
82077      INFO  main            d.u.i.k.p.i.AbstractProblemLoader Loading environment from /home/runner/work/key/key/key.core/../key.ui/examples/standard_key/java_dl/jml-assert/assert-old/inc-ghost-field.key.proof 
82077      DEBUG main            d.u.i.k.p.i.AbstractProblemLoader Environment load took 1.24ms 
82077      INFO  main            d.u.i.k.p.i.AbstractProblemLoader Creating init config 
84338      DEBUG main            d.u.i.k.p.i.AbstractProblemLoader Init config took 2.26s 
84375      INFO  main            d.u.i.k.p.i.AbstractProblemLoader Replaying proof Inc[Inc::inc_ghost_field()].JML normal_behavior operation contract.0 
84402      DEBUG main            d.u.i.k.p.i.IntermediateProofReplayer Proof replay took 23.82ms 
84403      DEBUG main            d.u.i.k.p.r.p.TestFile    ... success: reloaded. 
694311     INFO  Test worker     d.u.i.k.p.r.RunAllProofsTestUnit Returning from test jmlAsserts 
694313     INFO  Test worker     d.u.i.k.p.r.RunAllProofsTestUnit Running test javaCard 
319        INFO  Timeout watchdog d.u.i.k.p.r.p.ForkedTestFileRunner Timeout watcher launched (2000 secs.) 
337        WARN  main            d.u.i.k.s.ProofSettings   The settings in /home/runner/.key/proof-settings.props are *not* read. 
363        INFO  main            d.u.i.k.p.r.p.TestFile    Now processing file /home/runner/work/key/key/key.core/../key.ui/examples/heap/javacard/updateBalance0.key 
475        INFO  main            d.u.i.k.p.i.AbstractProblemLoader Loading environment from /home/runner/work/key/key/key.core/../key.ui/examples/heap/javacard/updateBalance0.key 
491        DEBUG main            d.u.i.k.p.i.AbstractProblemLoader Environment load took 2.06ms 
699        INFO  main            d.u.i.k.p.i.AbstractProblemLoader Creating init config 
1538       DEBUG main            d.u.i.k.j.TypeConverter   No LDT found for Meta 
1541       DEBUG main            d.u.i.k.j.TypeConverter   No LDT found for Meta 
1544       DEBUG main            d.u.i.k.j.TypeConverter   No LDT found for Meta 
1545       DEBUG main            d.u.i.k.j.TypeConverter   No LDT found for Meta 
2918       DEBUG main            d.u.i.k.j.TypeConverter   No LDT found for JavaBigintExpression 
6323       DEBUG main            d.u.i.k.p.i.AbstractProblemLoader Init config took 5.62s 
6448       INFO  main            d.u.i.k.p.i.AbstractProblemLoader Replaying proof Examples[Examples::updateBalance(short)].JML normal_behavior operation contract.0 
6478       DEBUG main            d.u.i.k.p.i.IntermediateProofReplayer Proof replay took 31.6ns 
7920       INFO  main            d.u.i.k.p.r.p.TestFile    ... finished proof: closed. 
8025       INFO  main            d.u.i.k.p.i.AbstractProblemLoader Loading environment from /home/runner/work/key/key/key.core/../key.ui/examples/heap/javacard/updateBalance0.key.proof 
8029       DEBUG main            d.u.i.k.p.i.AbstractProblemLoader Environment load took 3.9ms 
8031       INFO  main            d.u.i.k.p.i.AbstractProblemLoader Creating init config 
9688       DEBUG main            d.u.i.k.p.i.AbstractProblemLoader Init config took 1.66s 
9763       INFO  main            d.u.i.k.p.i.AbstractProblemLoader Replaying proof Examples[Examples::updateBalance(short)].JML normal_behavior operation contract.0 
9923       DEBUG main            d.u.i.k.p.i.IntermediateProofReplayer Proof replay took 150.39ms 
9930       DEBUG main            d.u.i.k.p.r.p.TestFile    ... success: reloaded. 
9933       INFO  main            d.u.i.k.p.r.p.TestFile    Now processing file /home/runner/work/key/key/key.core/../key.ui/examples/heap/javacard/updateBalance1.key 
9933       INFO  main            d.u.i.k.p.i.AbstractProblemLoader Loading environment from /home/runner/work/key/key/key.core/../key.ui/examples/heap/javacard/updateBalance1.key 
9934       DEBUG main            d.u.i.k.p.i.AbstractProblemLoader Environment load took 261.9ns 
9935       INFO  main            d.u.i.k.p.i.AbstractProblemLoader Creating init config 
11501      DEBUG main            d.u.i.k.p.i.AbstractProblemLoader Init config took 1.57s 
11549      INFO  main            d.u.i.k.p.i.AbstractProblemLoader Replaying proof Examples[Examples::updateBalance(short)].JML normal_behavior operation contract.1 
11552      DEBUG main            d.u.i.k.p.i.IntermediateProofReplayer Proof replay took 5ns 
12156      INFO  main            d.u.i.k.p.r.p.TestFile    ... finished proof: closed. 
12270      INFO  main            d.u.i.k.p.i.AbstractProblemLoader Loading environment from /home/runner/work/key/key/key.core/../key.ui/examples/heap/javacard/updateBalance1.key.proof 
12271      DEBUG main            d.u.i.k.p.i.AbstractProblemLoader Environment load took 568.09ns 
12272      INFO  main            d.u.i.k.p.i.AbstractProblemLoader Creating init config 
13777      DEBUG main            d.u.i.k.p.i.AbstractProblemLoader Init config took 1.5s 
13818      INFO  main            d.u.i.k.p.i.AbstractProblemLoader Replaying proof Examples[Examples::updateBalance(short)].JML normal_behavior operation contract.1 
13940      DEBUG main            d.u.i.k.p.i.IntermediateProofReplayer Proof replay took 117.21ms 
13941      DEBUG main            d.u.i.k.p.r.p.TestFile    ... success: reloaded. 
13943      INFO  main            d.u.i.k.p.r.p.TestFile    Now processing file /home/runner/work/key/key/key.core/../key.ui/examples/heap/javacard/setArray1.key 
13944      INFO  main            d.u.i.k.p.i.AbstractProblemLoader Loading environment from /home/runner/work/key/key/key.core/../key.ui/examples/heap/javacard/setArray1.key 
13944      DEBUG main            d.u.i.k.p.i.AbstractProblemLoader Environment load took 77.2ns 
13945      INFO  main            d.u.i.k.p.i.AbstractProblemLoader Creating init config 
15427      DEBUG main            d.u.i.k.p.i.AbstractProblemLoader Init config took 1.48s 
15466      INFO  main            d.u.i.k.p.i.AbstractProblemLoader Replaying proof Examples[Examples::setArray1([B)].JML normal_behavior operation contract.0 
15468      DEBUG main            d.u.i.k.p.i.IntermediateProofReplayer Proof replay took 4.9ns 
16474      INFO  main            d.u.i.k.p.r.p.TestFile    ... finished proof: closed. 
16595      INFO  main            d.u.i.k.p.i.AbstractProblemLoader Loading environment from /home/runner/work/key/key/key.core/../key.ui/examples/heap/javacard/setArray1.key.proof 
16595      DEBUG main            d.u.i.k.p.i.AbstractProblemLoader Environment load took 430.19ns 
16597      INFO  main            d.u.i.k.p.i.AbstractProblemLoader Creating init config 
18099      DEBUG main            d.u.i.k.p.i.AbstractProblemLoader Init config took 1.5s 
18145      INFO  main            d.u.i.k.p.i.AbstractProblemLoader Replaying proof Examples[Examples::setArray1([B)].JML normal_behavior operation contract.0 
18332      DEBUG main            d.u.i.k.p.i.IntermediateProofReplayer Proof replay took 180.9ms 
18334      DEBUG main            d.u.i.k.p.r.p.TestFile    ... success: reloaded. 
18336      INFO  main            d.u.i.k.p.r.p.TestFile    Now processing file /home/runner/work/key/key/key.core/../key.ui/examples/heap/javacard/setArray2.key 
18337      INFO  main            d.u.i.k.p.i.AbstractProblemLoader Loading environment from /home/runner/work/key/key/key.core/../key.ui/examples/heap/javacard/setArray2.key 
18337      DEBUG main            d.u.i.k.p.i.AbstractProblemLoader Environment load took 205.6ns 
18338      INFO  main            d.u.i.k.p.i.AbstractProblemLoader Creating init config 
19815      DEBUG main            d.u.i.k.p.i.AbstractProblemLoader Init config took 1.48s 
19853      INFO  main            d.u.i.k.p.i.AbstractProblemLoader Replaying proof Examples[Examples::setArray2([B)].JML normal_behavior operation contract.0 
19855      DEBUG main            d.u.i.k.p.i.IntermediateProofReplayer Proof replay took 4.9ns 
20961      INFO  main            d.u.i.k.p.r.p.TestFile    ... finished proof: closed. 
21101      INFO  main            d.u.i.k.p.i.AbstractProblemLoader Loading environment from /home/runner/work/key/key/key.core/../key.ui/examples/heap/javacard/setArray2.key.proof 
21103      DEBUG main            d.u.i.k.p.i.AbstractProblemLoader Environment load took 2.11ms 
21106      INFO  main            d.u.i.k.p.i.AbstractProblemLoader Creating init config 
22570      DEBUG main            d.u.i.k.p.i.AbstractProblemLoader Init config took 1.46s 
22607      INFO  main            d.u.i.k.p.i.AbstractProblemLoader Replaying proof Examples[Examples::setArray2([B)].JML normal_behavior operation contract.0 
22813      DEBUG main            d.u.i.k.p.i.IntermediateProofReplayer Proof replay took 200.03ms 
22815      DEBUG main            d.u.i.k.p.r.p.TestFile    ... success: reloaded. 
22817      INFO  main            d.u.i.k.p.r.p.TestFile    Now processing file /home/runner/work/key/key/key.core/../key.ui/examples/heap/javacard/arrayFillNonAtomic.key 
22818      INFO  main            d.u.i.k.p.i.AbstractProblemLoader Loading environment from /home/runner/work/key/key/key.core/../key.ui/examples/heap/javacard/arrayFillNonAtomic.key 
22818      DEBUG main            d.u.i.k.p.i.AbstractProblemLoader Environment load took 202.8ns 
22819      INFO  main            d.u.i.k.p.i.AbstractProblemLoader Creating init config 
24284      DEBUG main            d.u.i.k.p.i.AbstractProblemLoader Init config took 1.46s 
24337      INFO  main            d.u.i.k.p.i.AbstractProblemLoader Replaying proof javacard.framework.Util[javacard.framework.Util::arrayFillNonAtomic([B,short,short,byte)].JML behavior operation contract.0.transaction_inactive 
24339      DEBUG main            d.u.i.k.p.i.IntermediateProofReplayer Proof replay took 4.8ns 
25161      DEBUG Thread-13       d.u.i.k.l.o.ProgramSV     Match failed: Former match of  SchemaVariable incompatible with  the current match. 
25162      DEBUG Thread-13       d.u.i.k.l.o.ProgramSV     Match failed: Former match of  SchemaVariable incompatible with  the current match. 
26464      DEBUG Thread-13       d.u.i.k.l.o.ProgramSV     Match failed: Former match of  SchemaVariable incompatible with  the current match. 
26464      DEBUG Thread-13       d.u.i.k.l.o.ProgramSV     Match failed: Former match of  SchemaVariable incompatible with  the current match. 
28100      INFO  main            d.u.i.k.p.r.p.TestFile    ... finished proof: closed. 
28239      INFO  main            d.u.i.k.p.i.AbstractProblemLoader Loading environment from /home/runner/work/key/key/key.core/../key.ui/examples/heap/javacard/arrayFillNonAtomic.key.proof 
28240      DEBUG main            d.u.i.k.p.i.AbstractProblemLoader Environment load took 416.69ns 
28241      INFO  main            d.u.i.k.p.i.AbstractProblemLoader Creating init config 
29696      DEBUG main            d.u.i.k.p.i.AbstractProblemLoader Init config took 1.45s 
29754      INFO  main            d.u.i.k.p.i.AbstractProblemLoader Replaying proof javacard.framework.Util[javacard.framework.Util::arrayFillNonAtomic([B,short,short,byte)].JML behavior operation contract.0.transaction_inactive 
30659      DEBUG main            d.u.i.k.p.i.IntermediateProofReplayer Proof replay took 876.7ms 
30661      DEBUG main            d.u.i.k.p.r.p.TestFile    ... success: reloaded. 
30662      INFO  main            d.u.i.k.p.r.p.TestFile    Now processing file /home/runner/work/key/key/key.core/../key.ui/examples/heap/coincidence_count/project.key 
30663      INFO  main            d.u.i.k.p.i.AbstractProblemLoader Loading environment from /home/runner/work/key/key/key.core/../key.ui/examples/heap/coincidence_count/project.key 
30663      DEBUG main            d.u.i.k.p.i.AbstractProblemLoader Environment load took 228.8ns 
30664      INFO  main            d.u.i.k.p.i.AbstractProblemLoader Creating init config 
33852      DEBUG main            d.u.i.k.p.i.AbstractProblemLoader Init config took 3.19s 
33896      INFO  main            d.u.i.k.p.i.AbstractProblemLoader Replaying proof CC[CC::calcCoinIndex([I,[I)].JML normal_behavior operation contract.0 
33900      DEBUG main            d.u.i.k.p.i.IntermediateProofReplayer Proof replay took 6.5ns 
52372      INFO  main            d.u.i.k.p.r.p.TestFile    ... finished proof: closed. 
52644      INFO  main            d.u.i.k.p.i.AbstractProblemLoader Loading environment from /home/runner/work/key/key/key.core/../key.ui/examples/heap/coincidence_count/project.key.proof 
52644      DEBUG main            d.u.i.k.p.i.AbstractProblemLoader Environment load took 425.49ns 
52648      INFO  main            d.u.i.k.p.i.AbstractProblemLoader Creating init config 
55054      DEBUG main            d.u.i.k.p.i.AbstractProblemLoader Init config took 2.41s 
55096      INFO  main            d.u.i.k.p.i.AbstractProblemLoader Replaying proof CC[CC::calcCoinIndex([I,[I)].JML normal_behavior operation contract.0 
56066      DEBUG main            d.u.i.k.p.i.IntermediateProofReplayer Proof replay took 904.41ms 
56069      DEBUG main            d.u.i.k.p.r.p.TestFile    ... success: reloaded. 
56070      INFO  main            d.u.i.k.p.r.p.TestFile    Now processing file /home/runner/work/key/key/key.core/../key.ui/examples/heap/verifyThis11_1_Maximum/project.key 
56071      INFO  main            d.u.i.k.p.i.AbstractProblemLoader Loading environment from /home/runner/work/key/key/key.core/../key.ui/examples/heap/verifyThis11_1_Maximum/project.key 
56071      DEBUG main            d.u.i.k.p.i.AbstractProblemLoader Environment load took 211.6ns 
56072      INFO  main            d.u.i.k.p.i.AbstractProblemLoader Creating init config 
58511      DEBUG main            d.u.i.k.p.i.AbstractProblemLoader Init config took 2.44s 
58549      INFO  main            d.u.i.k.p.i.AbstractProblemLoader Replaying proof Maximum[Maximum::maxIndex([I)].JML normal_behavior operation contract.0 
58550      DEBUG main            d.u.i.k.p.i.IntermediateProofReplayer Proof replay took 4.6ns 
59459      INFO  main            d.u.i.k.p.r.p.TestFile    ... finished proof: closed. 
59698      INFO  main            d.u.i.k.p.i.AbstractProblemLoader Loading environment from /home/runner/work/key/key/key.core/../key.ui/examples/heap/verifyThis11_1_Maximum/project.key.proof 
59698      DEBUG main            d.u.i.k.p.i.AbstractProblemLoader Environment load took 453.59ns 
59700      INFO  main            d.u.i.k.p.i.AbstractProblemLoader Creating init config 
62016      DEBUG main            d.u.i.k.p.i.AbstractProblemLoader Init config took 2.32s 
62054      INFO  main            d.u.i.k.p.i.AbstractProblemLoader Replaying proof Maximum[Maximum::maxIndex([I)].JML normal_behavior operation contract.0 
62220      DEBUG main            d.u.i.k.p.i.IntermediateProofReplayer Proof replay took 159.23ms 
62221      DEBUG main            d.u.i.k.p.r.p.TestFile    ... success: reloaded. 
62222      INFO  main            d.u.i.k.p.r.p.TestFile    Now processing file /home/runner/work/key/key/key.core/../key.ui/examples/heap/fm12_01_LRS/lcp.key 
62222      INFO  main            d.u.i.k.p.i.AbstractProblemLoader Loading environment from /home/runner/work/key/key/key.core/../key.ui/examples/heap/fm12_01_LRS/lcp.key 
62222      DEBUG main            d.u.i.k.p.i.AbstractProblemLoader Environment load took 217.9ns 
62223      INFO  main            d.u.i.k.p.i.AbstractProblemLoader Creating init config 
65220      DEBUG main            d.u.i.k.p.i.AbstractProblemLoader Init config took 3s 
65276      INFO  main            d.u.i.k.p.i.AbstractProblemLoader Replaying proof LCP[LCP::lcp([I,int,int)].JML normal_behavior operation contract.0 
65278      DEBUG main            d.u.i.k.p.i.IntermediateProofReplayer Proof replay took 5.1ns 
66182      INFO  main            d.u.i.k.p.r.p.TestFile    ... finished proof: closed. 
66415      INFO  main            d.u.i.k.p.i.AbstractProblemLoader Loading environment from /home/runner/work/key/key/key.core/../key.ui/examples/heap/fm12_01_LRS/lcp.key.proof 
66416      DEBUG main            d.u.i.k.p.i.AbstractProblemLoader Environment load took 197.2ns 
66417      INFO  main            d.u.i.k.p.i.AbstractProblemLoader Creating init config 
69163      DEBUG main            d.u.i.k.p.i.AbstractProblemLoader Init config took 2.75s 
69218      INFO  main            d.u.i.k.p.i.AbstractProblemLoader Replaying proof LCP[LCP::lcp([I,int,int)].JML normal_behavior operation contract.0 
69417      DEBUG main            d.u.i.k.p.i.IntermediateProofReplayer Proof replay took 194.15ms 
69418      DEBUG main            d.u.i.k.p.r.p.TestFile    ... success: reloaded. 
69420      INFO  main            d.u.i.k.p.r.p.TestFile    Now processing file /home/runner/work/key/key/key.core/../key.ui/examples/heap/SemanticSlicing/project.key 
69420      INFO  main            d.u.i.k.p.i.AbstractProblemLoader Loading environment from /home/runner/work/key/key/key.core/../key.ui/examples/heap/SemanticSlicing/project.key 
69420      DEBUG main            d.u.i.k.p.i.AbstractProblemLoader Environment load took 200.6ns 
69421      INFO  main            d.u.i.k.p.i.AbstractProblemLoader Creating init config 
71953      DEBUG main            d.u.i.k.p.i.AbstractProblemLoader Init config took 2.53s 
72025      INFO  main            d.u.i.k.p.i.AbstractProblemLoader Replaying proof unsatcore_after.competition.postcond5.scope333.LRS[unsatcore_after.competition.postcond5.scope333.LRS::doLRS()].JML operation contract.0 
72026      DEBUG main            d.u.i.k.p.i.IntermediateProofReplayer Proof replay took 5.2ns 
75974      INFO  main            d.u.i.k.p.r.p.TestFile    ... finished proof: closed. 
76264      INFO  main            d.u.i.k.p.i.AbstractProblemLoader Loading environment from /home/runner/work/key/key/key.core/../key.ui/examples/heap/SemanticSlicing/project.key.proof 
76266      DEBUG main            d.u.i.k.p.i.AbstractProblemLoader Environment load took 1.98ms 
76268      INFO  main            d.u.i.k.p.i.AbstractProblemLoader Creating init config 
78684      DEBUG main            d.u.i.k.p.i.AbstractProblemLoader Init config took 2.42s 
78733      INFO  main            d.u.i.k.p.i.AbstractProblemLoader Replaying proof unsatcore_after.competition.postcond5.scope333.LRS[unsatcore_after.competition.postcond5.scope333.LRS::doLRS()].JML operation contract.0 
79507      DEBUG main            d.u.i.k.p.i.IntermediateProofReplayer Proof replay took 761.02ms 
79508      DEBUG main            d.u.i.k.p.r.p.TestFile    ... success: reloaded. 
79509      INFO  main            d.u.i.k.p.r.p.TestFile    Now processing file /home/runner/work/key/key/key.core/../key.ui/examples/heap/information_flow/ArrayList_contains.key 
79510      INFO  main            d.u.i.k.p.i.AbstractProblemLoader Loading environment from /home/runner/work/key/key/key.core/../key.ui/examples/heap/information_flow/ArrayList_contains.key 
79510      DEBUG main            d.u.i.k.p.i.AbstractProblemLoader Environment load took 195.2ns 
79511      INFO  main            d.u.i.k.p.i.AbstractProblemLoader Creating init config 
82099      DEBUG main            d.u.i.k.p.i.AbstractProblemLoader Init config took 2.59s 
82136      INFO  main            d.u.i.k.p.i.AbstractProblemLoader Replaying proof ArrayList[ArrayList::get(int)].JML normal_behavior operation contract.0 
82138      DEBUG main            d.u.i.k.p.i.IntermediateProofReplayer Proof replay took 4.4ns 
82441      INFO  main            d.u.i.k.p.r.p.TestFile    ... finished proof: closed. 
82718      INFO  main            d.u.i.k.p.i.AbstractProblemLoader Loading environment from /home/runner/work/key/key/key.core/../key.ui/examples/heap/information_flow/ArrayList_contains.key.proof 
82718      DEBUG main            d.u.i.k.p.i.AbstractProblemLoader Environment load took 104.1ns 
82719      INFO  main            d.u.i.k.p.i.AbstractProblemLoader Creating init config 
85231      DEBUG main            d.u.i.k.p.i.AbstractProblemLoader Init config took 2.51s 
85268      INFO  main            d.u.i.k.p.i.AbstractProblemLoader Replaying proof ArrayList[ArrayList::get(int)].JML normal_behavior operation contract.0 
85332      DEBUG main            d.u.i.k.p.i.IntermediateProofReplayer Proof replay took 61.52ms 
85333      DEBUG main            d.u.i.k.p.r.p.TestFile    ... success: reloaded. 
85334      INFO  main            d.u.i.k.p.r.p.TestFile    Now processing file /home/runner/work/key/key/key.core/../key.ui/examples/heap/information_flow/ArrayList_get.key 
85334      INFO  main            d.u.i.k.p.i.AbstractProblemLoader Loading environment from /home/runner/work/key/key/key.core/../key.ui/examples/heap/information_flow/ArrayList_get.key 
85335      DEBUG main            d.u.i.k.p.i.AbstractProblemLoader Environment load took 271.6ns 
85336      INFO  main            d.u.i.k.p.i.AbstractProblemLoader Creating init config 
87945      DEBUG main            d.u.i.k.p.i.AbstractProblemLoader Init config took 2.61s 
87981      INFO  main            d.u.i.k.p.i.AbstractProblemLoader Replaying proof ArrayList[ArrayList::contains(java.lang.Object)].JML normal_behavior operation contract.0 
87982      DEBUG main            d.u.i.k.p.i.IntermediateProofReplayer Proof replay took 4.9ns 
88885      INFO  main            d.u.i.k.p.r.p.TestFile    ... finished proof: closed. 
89112      INFO  main            d.u.i.k.p.i.AbstractProblemLoader Loading environment from /home/runner/work/key/key/key.core/../key.ui/examples/heap/information_flow/ArrayList_get.key.proof 
89112      DEBUG main            d.u.i.k.p.i.AbstractProblemLoader Environment load took 184.3ns 
89113      INFO  main            d.u.i.k.p.i.AbstractProblemLoader Creating init config 
91596      DEBUG main            d.u.i.k.p.i.AbstractProblemLoader Init config took 2.48s 
91631      INFO  main            d.u.i.k.p.i.AbstractProblemLoader Replaying proof ArrayList[ArrayList::contains(java.lang.Object)].JML normal_behavior operation contract.0 
91787      DEBUG main            d.u.i.k.p.i.IntermediateProofReplayer Proof replay took 139.26ms 
91791      DEBUG main            d.u.i.k.p.r.p.TestFile    ... success: reloaded. 
91792      INFO  main            d.u.i.k.p.r.p.TestFile    Now processing file /home/runner/work/key/key/key.core/../key.ui/examples/heap/information_flow/ArrayList_size.key 
91793      INFO  main            d.u.i.k.p.i.AbstractProblemLoader Loading environment from /home/runner/work/key/key/key.core/../key.ui/examples/heap/information_flow/ArrayList_size.key 
91793      DEBUG main            d.u.i.k.p.i.AbstractProblemLoader Environment load took 127.9ns 
91793      INFO  main            d.u.i.k.p.i.AbstractProblemLoader Creating init config 
94437      DEBUG main            d.u.i.k.p.i.AbstractProblemLoader Init config took 2.64s 
94472      INFO  main            d.u.i.k.p.i.AbstractProblemLoader Replaying proof ArrayList[ArrayList::size()].JML normal_behavior operation contract.0 
94473      DEBUG main            d.u.i.k.p.i.IntermediateProofReplayer Proof replay took 5.3ns 
94575      INFO  main            d.u.i.k.p.r.p.TestFile    ... finished proof: closed. 
94829      INFO  main            d.u.i.k.p.i.AbstractProblemLoader Loading environment from /home/runner/work/key/key/key.core/../key.ui/examples/heap/information_flow/ArrayList_size.key.proof 
94829      DEBUG main            d.u.i.k.p.i.AbstractProblemLoader Environment load took 103.2ns 
94830      INFO  main            d.u.i.k.p.i.AbstractProblemLoader Creating init config 
97387      DEBUG main            d.u.i.k.p.i.AbstractProblemLoader Init config took 2.56s 
97422      INFO  main            d.u.i.k.p.i.AbstractProblemLoader Replaying proof ArrayList[ArrayList::size()].JML normal_behavior operation contract.0 
97436      DEBUG main            d.u.i.k.p.i.IntermediateProofReplayer Proof replay took 11.81ms 
97437      DEBUG main            d.u.i.k.p.r.p.TestFile    ... success: reloaded. 
97438      INFO  main            d.u.i.k.p.r.p.TestFile    Now processing file /home/runner/work/key/key/key.core/../key.ui/examples/heap/information_flow/UpdateAbstraction_ex7_3_secure.key 
97438      INFO  main            d.u.i.k.p.i.AbstractProblemLoader Loading environment from /home/runner/work/key/key/key.core/../key.ui/examples/heap/information_flow/UpdateAbstraction_ex7_3_secure.key 
97438      DEBUG main            d.u.i.k.p.i.AbstractProblemLoader Environment load took 195ns 
97439      INFO  main            d.u.i.k.p.i.AbstractProblemLoader Creating init config 
100084     DEBUG main            d.u.i.k.p.i.AbstractProblemLoader Init config took 2.64s 
100118     INFO  main            d.u.i.k.p.i.AbstractProblemLoader Replaying proof UpdateAbstraction[UpdateAbstraction::ex7_3_secure()].JML operation contract.0 
100119     DEBUG main            d.u.i.k.p.i.IntermediateProofReplayer Proof replay took 5.6ns 
100323     INFO  main            d.u.i.k.p.r.p.TestFile    ... finished proof: closed. 
100565     INFO  main            d.u.i.k.p.i.AbstractProblemLoader Loading environment from /home/runner/work/key/key/key.core/../key.ui/examples/heap/information_flow/UpdateAbstraction_ex7_3_secure.key.proof 
100566     DEBUG main            d.u.i.k.p.i.AbstractProblemLoader Environment load took 108.1ns 
100567     INFO  main            d.u.i.k.p.i.AbstractProblemLoader Creating init config 
103077     DEBUG main            d.u.i.k.p.i.AbstractProblemLoader Init config took 2.51s 
103111     INFO  main            d.u.i.k.p.i.AbstractProblemLoader Replaying proof UpdateAbstraction[UpdateAbstraction::ex7_3_secure()].JML operation contract.0 
103138     DEBUG main            d.u.i.k.p.i.IntermediateProofReplayer Proof replay took 25.72ms 
103139     DEBUG main            d.u.i.k.p.r.p.TestFile    ... success: reloaded. 
103140     INFO  main            d.u.i.k.p.r.p.TestFile    Now processing file /home/runner/work/key/key/key.core/../key.ui/examples/heap/information_flow/UpdateAbstraction_ex7_4_secure.key 
103140     INFO  main            d.u.i.k.p.i.AbstractProblemLoader Loading environment from /home/runner/work/key/key/key.core/../key.ui/examples/heap/information_flow/UpdateAbstraction_ex7_4_secure.key 
103140     DEBUG main            d.u.i.k.p.i.AbstractProblemLoader Environment load took 73.8ns 
103141     INFO  main            d.u.i.k.p.i.AbstractProblemLoader Creating init config 
105631     DEBUG main            d.u.i.k.p.i.AbstractProblemLoader Init config took 2.49s 
105682     INFO  main            d.u.i.k.p.i.AbstractProblemLoader Replaying proof UpdateAbstraction[UpdateAbstraction::ex7_4_secure()].JML operation contract.0 
105685     DEBUG main            d.u.i.k.p.i.IntermediateProofReplayer Proof replay took 5.5ns 
105887     INFO  main            d.u.i.k.p.r.p.TestFile    ... finished proof: closed. 
106143     INFO  main            d.u.i.k.p.i.AbstractProblemLoader Loading environment from /home/runner/work/key/key/key.core/../key.ui/examples/heap/information_flow/UpdateAbstraction_ex7_4_secure.key.proof 
106143     DEBUG main            d.u.i.k.p.i.AbstractProblemLoader Environment load took 103.3ns 
106144     INFO  main            d.u.i.k.p.i.AbstractProblemLoader Creating init config 
108621     DEBUG main            d.u.i.k.p.i.AbstractProblemLoader Init config took 2.48s 
108663     INFO  main            d.u.i.k.p.i.AbstractProblemLoader Replaying proof UpdateAbstraction[UpdateAbstraction::ex7_4_secure()].JML operation contract.0 
108704     DEBUG main            d.u.i.k.p.i.IntermediateProofReplayer Proof replay took 39.44ms 
108705     DEBUG main            d.u.i.k.p.r.p.TestFile    ... success: reloaded. 
108706     INFO  main            d.u.i.k.p.r.p.TestFile    Now processing file /home/runner/work/key/key/key.core/../key.ui/examples/heap/information_flow/UpdateAbstraction_ex7_5_secure.key 
108706     INFO  main            d.u.i.k.p.i.AbstractProblemLoader Loading environment from /home/runner/work/key/key/key.core/../key.ui/examples/heap/information_flow/UpdateAbstraction_ex7_5_secure.key 
108707     DEBUG main            d.u.i.k.p.i.AbstractProblemLoader Environment load took 207.6ns 
108708     INFO  main            d.u.i.k.p.i.AbstractProblemLoader Creating init config 
111222     DEBUG main            d.u.i.k.p.i.AbstractProblemLoader Init config took 2.51s 
111255     INFO  main            d.u.i.k.p.i.AbstractProblemLoader Replaying proof UpdateAbstraction[UpdateAbstraction::ex7_5_secure()].JML operation contract.0 
111257     DEBUG main            d.u.i.k.p.i.IntermediateProofReplayer Proof replay took 5.1ns 
111359     INFO  main            d.u.i.k.p.r.p.TestFile    ... finished proof: closed. 
111611     INFO  main            d.u.i.k.p.i.AbstractProblemLoader Loading environment from /home/runner/work/key/key/key.core/../key.ui/examples/heap/information_flow/UpdateAbstraction_ex7_5_secure.key.proof 
111612     DEBUG main            d.u.i.k.p.i.AbstractProblemLoader Environment load took 103.4ns 
111612     INFO  main            d.u.i.k.p.i.AbstractProblemLoader Creating init config 
114101     DEBUG main            d.u.i.k.p.i.AbstractProblemLoader Init config took 2.49s 
114134     INFO  main            d.u.i.k.p.i.AbstractProblemLoader Replaying proof UpdateAbstraction[UpdateAbstraction::ex7_5_secure()].JML operation contract.0 
114152     DEBUG main            d.u.i.k.p.i.IntermediateProofReplayer Proof replay took 16.15ms 
114152     DEBUG main            d.u.i.k.p.r.p.TestFile    ... success: reloaded. 
114153     INFO  main            d.u.i.k.p.r.p.TestFile    Now processing file /home/runner/work/key/key/key.core/../key.ui/examples/heap/information_flow/UpdateAbstraction_ex7_6_secure.key 
114153     INFO  main            d.u.i.k.p.i.AbstractProblemLoader Loading environment from /home/runner/work/key/key/key.core/../key.ui/examples/heap/information_flow/UpdateAbstraction_ex7_6_secure.key 
114153     DEBUG main            d.u.i.k.p.i.AbstractProblemLoader Environment load took 85.5ns 
114154     INFO  main            d.u.i.k.p.i.AbstractProblemLoader Creating init config 
116671     DEBUG main            d.u.i.k.p.i.AbstractProblemLoader Init config took 2.52s 
116706     INFO  main            d.u.i.k.p.i.AbstractProblemLoader Replaying proof UpdateAbstraction[UpdateAbstraction::ex7_6_secure()].JML operation contract.0 
116707     DEBUG main            d.u.i.k.p.i.IntermediateProofReplayer Proof replay took 5ns 
117033     INFO  main            d.u.i.k.p.r.p.TestFile    ... finished proof: closed. 
117280     INFO  main            d.u.i.k.p.i.AbstractProblemLoader Loading environment from /home/runner/work/key/key/key.core/../key.ui/examples/heap/information_flow/UpdateAbstraction_ex7_6_secure.key.proof 
117280     DEBUG main            d.u.i.k.p.i.AbstractProblemLoader Environment load took 100.6ns 
117281     INFO  main            d.u.i.k.p.i.AbstractProblemLoader Creating init config 
119743     DEBUG main            d.u.i.k.p.i.AbstractProblemLoader Init config took 2.46s 
119775     INFO  main            d.u.i.k.p.i.AbstractProblemLoader Replaying proof UpdateAbstraction[UpdateAbstraction::ex7_6_secure()].JML operation contract.0 
119830     DEBUG main            d.u.i.k.p.i.IntermediateProofReplayer Proof replay took 52.48ms 
119830     DEBUG main            d.u.i.k.p.r.p.TestFile    ... success: reloaded. 
119831     INFO  main            d.u.i.k.p.r.p.TestFile    Now processing file /home/runner/work/key/key/key.core/../key.ui/examples/heap/information_flow/UpdateAbstraction_ex9_secure.key 
119831     INFO  main            d.u.i.k.p.i.AbstractProblemLoader Loading environment from /home/runner/work/key/key/key.core/../key.ui/examples/heap/information_flow/UpdateAbstraction_ex9_secure.key 
119831     DEBUG main            d.u.i.k.p.i.AbstractProblemLoader Environment load took 76.4ns 
119832     INFO  main            d.u.i.k.p.i.AbstractProblemLoader Creating init config 
122361     DEBUG main            d.u.i.k.p.i.AbstractProblemLoader Init config took 2.53s 
122394     INFO  main            d.u.i.k.p.i.AbstractProblemLoader Replaying proof UpdateAbstraction[UpdateAbstraction::ex9_secure()].JML operation contract.0 
122396     DEBUG main            d.u.i.k.p.i.IntermediateProofReplayer Proof replay took 5.4ns 
123299     INFO  main            d.u.i.k.p.r.p.TestFile    ... finished proof: closed. 
123589     INFO  main            d.u.i.k.p.i.AbstractProblemLoader Loading environment from /home/runner/work/key/key/key.core/../key.ui/examples/heap/information_flow/UpdateAbstraction_ex9_secure.key.proof 
123589     DEBUG main            d.u.i.k.p.i.AbstractProblemLoader Environment load took 105.6ns 
123590     INFO  main            d.u.i.k.p.i.AbstractProblemLoader Creating init config 
126101     DEBUG main            d.u.i.k.p.i.AbstractProblemLoader Init config took 2.51s 
126135     INFO  main            d.u.i.k.p.i.AbstractProblemLoader Replaying proof UpdateAbstraction[UpdateAbstraction::ex9_secure()].JML operation contract.0 
126315     DEBUG main            d.u.i.k.p.i.IntermediateProofReplayer Proof replay took 176.58ms 
126316     DEBUG main            d.u.i.k.p.r.p.TestFile    ... success: reloaded. 
820814     INFO  Test worker     d.u.i.k.p.r.RunAllProofsTestUnit Returning from test javaCard 
820815     INFO  Test worker     d.u.i.k.p.r.RunAllProofsTestUnit Running test list 
330        INFO  Timeout watchdog d.u.i.k.p.r.p.ForkedTestFileRunner Timeout watcher launched (2000 secs.) 
337        WARN  main            d.u.i.k.s.ProofSettings   The settings in /home/runner/.key/proof-settings.props are *not* read. 
362        INFO  main            d.u.i.k.p.r.p.TestFile    Now processing file /home/runner/work/key/key/key.core/../key.ui/examples/heap/list/ArrayList_add.key 
466        INFO  main            d.u.i.k.p.i.AbstractProblemLoader Loading environment from /home/runner/work/key/key/key.core/../key.ui/examples/heap/list/ArrayList_add.key 
481        DEBUG main            d.u.i.k.p.i.AbstractProblemLoader Environment load took 1.72ms 
687        INFO  main            d.u.i.k.p.i.AbstractProblemLoader Creating init config 
1588       DEBUG main            d.u.i.k.j.TypeConverter   No LDT found for Meta 
1588       DEBUG main            d.u.i.k.j.TypeConverter   No LDT found for Meta 
1589       DEBUG main            d.u.i.k.j.TypeConverter   No LDT found for Meta 
1589       DEBUG main            d.u.i.k.j.TypeConverter   No LDT found for Meta 
2786       DEBUG main            d.u.i.k.j.TypeConverter   No LDT found for JavaBigintExpression 
5930       DEBUG main            d.u.i.k.j.r.ClassPreparationMethodBuilder clPrepBuilder: Inner Class detected. Reject building class initialisation methods. 
8648       DEBUG main            d.u.i.k.p.i.AbstractProblemLoader Init config took 7.96s 
8840       INFO  main            d.u.i.k.p.i.AbstractProblemLoader Replaying proof ArrayList[List::add(java.lang.Object)].JML normal_behavior operation contract.0 
8869       DEBUG main            d.u.i.k.p.i.IntermediateProofReplayer Proof replay took 29.7ns 
14463      INFO  main            d.u.i.k.p.r.p.TestFile    ... finished proof: closed. 
14642      INFO  main            d.u.i.k.p.i.AbstractProblemLoader Loading environment from /home/runner/work/key/key/key.core/../key.ui/examples/heap/list/ArrayList_add.key.proof 
14644      DEBUG main            d.u.i.k.p.i.AbstractProblemLoader Environment load took 1.96ms 
14648      INFO  main            d.u.i.k.p.i.AbstractProblemLoader Creating init config 
15806      DEBUG main            d.u.i.k.j.r.ClassPreparationMethodBuilder clPrepBuilder: Inner Class detected. Reject building class initialisation methods. 
18056      DEBUG main            d.u.i.k.p.i.AbstractProblemLoader Init config took 3.41s 
18158      INFO  main            d.u.i.k.p.i.AbstractProblemLoader Replaying proof ArrayList[List::add(java.lang.Object)].JML normal_behavior operation contract.0 
19096      DEBUG main            d.u.i.k.p.i.IntermediateProofReplayer Proof replay took 911.01ms 
19104      DEBUG main            d.u.i.k.p.r.p.TestFile    ... success: reloaded. 
19106      INFO  main            d.u.i.k.p.r.p.TestFile    Now processing file /home/runner/work/key/key/key.core/../key.ui/examples/heap/list/ArrayList_ArrayList.key 
19107      INFO  main            d.u.i.k.p.i.AbstractProblemLoader Loading environment from /home/runner/work/key/key/key.core/../key.ui/examples/heap/list/ArrayList_ArrayList.key 
19107      DEBUG main            d.u.i.k.p.i.AbstractProblemLoader Environment load took 260.7ns 
19108      INFO  main            d.u.i.k.p.i.AbstractProblemLoader Creating init config 
20248      DEBUG main            d.u.i.k.j.r.ClassPreparationMethodBuilder clPrepBuilder: Inner Class detected. Reject building class initialisation methods. 
22448      DEBUG main            d.u.i.k.p.i.AbstractProblemLoader Init config took 3.34s 
22517      INFO  main            d.u.i.k.p.i.AbstractProblemLoader Replaying proof ArrayList[ArrayList::ArrayList()].JML normal_behavior operation contract.0 
22520      DEBUG main            d.u.i.k.p.i.IntermediateProofReplayer Proof replay took 6.1ns 
23925      INFO  main            d.u.i.k.p.r.p.TestFile    ... finished proof: closed. 
24121      INFO  main            d.u.i.k.p.i.AbstractProblemLoader Loading environment from /home/runner/work/key/key/key.core/../key.ui/examples/heap/list/ArrayList_ArrayList.key.proof 
24121      DEBUG main            d.u.i.k.p.i.AbstractProblemLoader Environment load took 421.99ns 
24123      INFO  main            d.u.i.k.p.i.AbstractProblemLoader Creating init config 
25204      DEBUG main            d.u.i.k.j.r.ClassPreparationMethodBuilder clPrepBuilder: Inner Class detected. Reject building class initialisation methods. 
27414      DEBUG main            d.u.i.k.p.i.AbstractProblemLoader Init config took 3.29s 
27485      INFO  main            d.u.i.k.p.i.AbstractProblemLoader Replaying proof ArrayList[ArrayList::ArrayList()].JML normal_behavior operation contract.0 
27726      DEBUG main            d.u.i.k.p.i.IntermediateProofReplayer Proof replay took 228.97ms 
27728      DEBUG main            d.u.i.k.p.r.p.TestFile    ... success: reloaded. 
27730      INFO  main            d.u.i.k.p.r.p.TestFile    Now processing file /home/runner/work/key/key/key.core/../key.ui/examples/heap/list/ArrayList_concatenate.key 
27730      INFO  main            d.u.i.k.p.i.AbstractProblemLoader Loading environment from /home/runner/work/key/key/key.core/../key.ui/examples/heap/list/ArrayList_concatenate.key 
27730      DEBUG main            d.u.i.k.p.i.AbstractProblemLoader Environment load took 208.5ns 
27733      INFO  main            d.u.i.k.p.i.AbstractProblemLoader Creating init config 
28763      DEBUG main            d.u.i.k.j.r.ClassPreparationMethodBuilder clPrepBuilder: Inner Class detected. Reject building class initialisation methods. 
30928      DEBUG main            d.u.i.k.p.i.AbstractProblemLoader Init config took 3.2s 
30986      INFO  main            d.u.i.k.p.i.AbstractProblemLoader Replaying proof ArrayList[List::concatenate(List)].JML normal_behavior operation contract.0 
30988      DEBUG main            d.u.i.k.p.i.IntermediateProofReplayer Proof replay took 5.2ns 
55850      INFO  main            d.u.i.k.p.r.p.TestFile    ... finished proof: closed. 
56081      INFO  main            d.u.i.k.p.i.AbstractProblemLoader Loading environment from /home/runner/work/key/key/key.core/../key.ui/examples/heap/list/ArrayList_concatenate.key.proof 
56082      DEBUG main            d.u.i.k.p.i.AbstractProblemLoader Environment load took 453.89ns 
56085      INFO  main            d.u.i.k.p.i.AbstractProblemLoader Creating init config 
57082      DEBUG main            d.u.i.k.j.r.ClassPreparationMethodBuilder clPrepBuilder: Inner Class detected. Reject building class initialisation methods. 
59179      DEBUG main            d.u.i.k.p.i.AbstractProblemLoader Init config took 3.09s 
59246      INFO  main            d.u.i.k.p.i.AbstractProblemLoader Replaying proof ArrayList[List::concatenate(List)].JML normal_behavior operation contract.0 
61380      DEBUG main            d.u.i.k.p.i.IntermediateProofReplayer Proof replay took 2.06s 
61383      DEBUG main            d.u.i.k.p.r.p.TestFile    ... success: reloaded. 
61384      INFO  main            d.u.i.k.p.r.p.TestFile    Now processing file /home/runner/work/key/key/key.core/../key.ui/examples/heap/list/ArrayList_contains_dep.key 
61385      INFO  main            d.u.i.k.p.i.AbstractProblemLoader Loading environment from /home/runner/work/key/key/key.core/../key.ui/examples/heap/list/ArrayList_contains_dep.key 
61385      DEBUG main            d.u.i.k.p.i.AbstractProblemLoader Environment load took 90.4ns 
61385      INFO  main            d.u.i.k.p.i.AbstractProblemLoader Creating init config 
62419      DEBUG main            d.u.i.k.j.r.ClassPreparationMethodBuilder clPrepBuilder: Inner Class detected. Reject building class initialisation methods. 
64553      DEBUG main            d.u.i.k.p.i.AbstractProblemLoader Init config took 3.17s 
64609      INFO  main            d.u.i.k.p.i.AbstractProblemLoader Replaying proof ArrayList[List::contains(java.lang.Object)].JML accessible clause.0 
64611      DEBUG main            d.u.i.k.p.i.IntermediateProofReplayer Proof replay took 4.4ns 
67293      INFO  main            d.u.i.k.p.r.p.TestFile    ... finished proof: closed. 
67510      INFO  main            d.u.i.k.p.i.AbstractProblemLoader Loading environment from /home/runner/work/key/key/key.core/../key.ui/examples/heap/list/ArrayList_contains_dep.key.proof 
67510      DEBUG main            d.u.i.k.p.i.AbstractProblemLoader Environment load took 180.2ns 
67512      INFO  main            d.u.i.k.p.i.AbstractProblemLoader Creating init config 
68490      DEBUG main            d.u.i.k.j.r.ClassPreparationMethodBuilder clPrepBuilder: Inner Class detected. Reject building class initialisation methods. 
70594      DEBUG main            d.u.i.k.p.i.AbstractProblemLoader Init config took 3.08s 
70646      INFO  main            d.u.i.k.p.i.AbstractProblemLoader Replaying proof ArrayList[List::contains(java.lang.Object)].JML accessible clause.0 
71066      DEBUG main            d.u.i.k.p.i.IntermediateProofReplayer Proof replay took 408.57ms 
71068      DEBUG main            d.u.i.k.p.r.p.TestFile    ... success: reloaded. 
71069      INFO  main            d.u.i.k.p.r.p.TestFile    Now processing file /home/runner/work/key/key/key.core/../key.ui/examples/heap/list/ArrayList_enlarge.key 
71069      INFO  main            d.u.i.k.p.i.AbstractProblemLoader Loading environment from /home/runner/work/key/key/key.core/../key.ui/examples/heap/list/ArrayList_enlarge.key 
71070      DEBUG main            d.u.i.k.p.i.AbstractProblemLoader Environment load took 217.6ns 
71071      INFO  main            d.u.i.k.p.i.AbstractProblemLoader Creating init config 
72078      DEBUG main            d.u.i.k.j.r.ClassPreparationMethodBuilder clPrepBuilder: Inner Class detected. Reject building class initialisation methods. 
74219      DEBUG main            d.u.i.k.p.i.AbstractProblemLoader Init config took 3.15s 
74273      INFO  main            d.u.i.k.p.i.AbstractProblemLoader Replaying proof ArrayList[ArrayList::enlarge()].JML normal_behavior operation contract.0 
74275      DEBUG main            d.u.i.k.p.i.IntermediateProofReplayer Proof replay took 5.1ns 
76601      INFO  main            d.u.i.k.p.r.p.TestFile    ... finished proof: closed. 
76783      INFO  main            d.u.i.k.p.i.AbstractProblemLoader Loading environment from /home/runner/work/key/key/key.core/../key.ui/examples/heap/list/ArrayList_enlarge.key.proof 
76785      DEBUG main            d.u.i.k.p.i.AbstractProblemLoader Environment load took 1.61ms 
76786      INFO  main            d.u.i.k.p.i.AbstractProblemLoader Creating init config 
77766      DEBUG main            d.u.i.k.j.r.ClassPreparationMethodBuilder clPrepBuilder: Inner Class detected. Reject building class initialisation methods. 
79929      DEBUG main            d.u.i.k.p.i.AbstractProblemLoader Init config took 3.14s 
79979      INFO  main            d.u.i.k.p.i.AbstractProblemLoader Replaying proof ArrayList[ArrayList::enlarge()].JML normal_behavior operation contract.0 
80349      DEBUG main            d.u.i.k.p.i.IntermediateProofReplayer Proof replay took 360.5ms 
80351      DEBUG main            d.u.i.k.p.r.p.TestFile    ... success: reloaded. 
80352      INFO  main            d.u.i.k.p.r.p.TestFile    Now processing file /home/runner/work/key/key/key.core/../key.ui/examples/heap/list/ArrayList_footprint.key 
80352      INFO  main            d.u.i.k.p.i.AbstractProblemLoader Loading environment from /home/runner/work/key/key/key.core/../key.ui/examples/heap/list/ArrayList_footprint.key 
80352      DEBUG main            d.u.i.k.p.i.AbstractProblemLoader Environment load took 199.4ns 
80353      INFO  main            d.u.i.k.p.i.AbstractProblemLoader Creating init config 
81361      DEBUG main            d.u.i.k.j.r.ClassPreparationMethodBuilder clPrepBuilder: Inner Class detected. Reject building class initialisation methods. 
83460      DEBUG main            d.u.i.k.p.i.AbstractProblemLoader Init config took 3.11s 
83510      INFO  main            d.u.i.k.p.i.AbstractProblemLoader Replaying proof List[List::$footprint()].JML accessible clause.0 
83511      DEBUG main            d.u.i.k.p.i.IntermediateProofReplayer Proof replay took 4.8ns 
83613      INFO  main            d.u.i.k.p.r.p.TestFile    ... finished proof: closed. 
83776      INFO  main            d.u.i.k.p.i.AbstractProblemLoader Loading environment from /home/runner/work/key/key/key.core/../key.ui/examples/heap/list/ArrayList_footprint.key.proof 
83776      DEBUG main            d.u.i.k.p.i.AbstractProblemLoader Environment load took 103.2ns 
83777      INFO  main            d.u.i.k.p.i.AbstractProblemLoader Creating init config 
84752      DEBUG main            d.u.i.k.j.r.ClassPreparationMethodBuilder clPrepBuilder: Inner Class detected. Reject building class initialisation methods. 
86832      DEBUG main            d.u.i.k.p.i.AbstractProblemLoader Init config took 3.05s 
86877      INFO  main            d.u.i.k.p.i.AbstractProblemLoader Replaying proof List[List::$footprint()].JML accessible clause.0 
86880      DEBUG main            d.u.i.k.p.i.IntermediateProofReplayer Proof replay took 1.07ms 
86881      DEBUG main            d.u.i.k.p.r.p.TestFile    ... success: reloaded. 
86882      INFO  main            d.u.i.k.p.r.p.TestFile    Now processing file /home/runner/work/key/key/key.core/../key.ui/examples/heap/list/ArrayList_get_dep.key 
86882      INFO  main            d.u.i.k.p.i.AbstractProblemLoader Loading environment from /home/runner/work/key/key/key.core/../key.ui/examples/heap/list/ArrayList_get_dep.key 
86882      DEBUG main            d.u.i.k.p.i.AbstractProblemLoader Environment load took 195.1ns 
86883      INFO  main            d.u.i.k.p.i.AbstractProblemLoader Creating init config 
87886      DEBUG main            d.u.i.k.j.r.ClassPreparationMethodBuilder clPrepBuilder: Inner Class detected. Reject building class initialisation methods. 
89997      DEBUG main            d.u.i.k.p.i.AbstractProblemLoader Init config took 3.11s 
90047      INFO  main            d.u.i.k.p.i.AbstractProblemLoader Replaying proof ArrayList[List::get(int)].JML accessible clause.0 
90049      DEBUG main            d.u.i.k.p.i.IntermediateProofReplayer Proof replay took 5.4ns 
90458      INFO  main            d.u.i.k.p.r.p.TestFile    ... finished proof: closed. 
90628      INFO  main            d.u.i.k.p.i.AbstractProblemLoader Loading environment from /home/runner/work/key/key/key.core/../key.ui/examples/heap/list/ArrayList_get_dep.key.proof 
90628      DEBUG main            d.u.i.k.p.i.AbstractProblemLoader Environment load took 110.2ns 
90629      INFO  main            d.u.i.k.p.i.AbstractProblemLoader Creating init config 
91611      DEBUG main            d.u.i.k.j.r.ClassPreparationMethodBuilder clPrepBuilder: Inner Class detected. Reject building class initialisation methods. 
93664      DEBUG main            d.u.i.k.p.i.AbstractProblemLoader Init config took 3.03s 
93713      INFO  main            d.u.i.k.p.i.AbstractProblemLoader Replaying proof ArrayList[List::get(int)].JML accessible clause.0 
93786      DEBUG main            d.u.i.k.p.i.IntermediateProofReplayer Proof replay took 70.15ms 
93787      DEBUG main            d.u.i.k.p.r.p.TestFile    ... success: reloaded. 
93788      INFO  main            d.u.i.k.p.r.p.TestFile    Now processing file /home/runner/work/key/key/key.core/../key.ui/examples/heap/list/ArrayList_get_exceptional.key 
93789      INFO  main            d.u.i.k.p.i.AbstractProblemLoader Loading environment from /home/runner/work/key/key/key.core/../key.ui/examples/heap/list/ArrayList_get_exceptional.key 
93789      DEBUG main            d.u.i.k.p.i.AbstractProblemLoader Environment load took 112.8ns 
93789      INFO  main            d.u.i.k.p.i.AbstractProblemLoader Creating init config 
94763      DEBUG main            d.u.i.k.j.r.ClassPreparationMethodBuilder clPrepBuilder: Inner Class detected. Reject building class initialisation methods. 
96845      DEBUG main            d.u.i.k.p.i.AbstractProblemLoader Init config took 3.06s 
96893      INFO  main            d.u.i.k.p.i.AbstractProblemLoader Replaying proof ArrayList[List::get(int)].JML exceptional_behavior operation contract.0 
96895      DEBUG main            d.u.i.k.p.i.IntermediateProofReplayer Proof replay took 4.9ns 
98102      INFO  main            d.u.i.k.p.r.p.TestFile    ... finished proof: closed. 
98306      INFO  main            d.u.i.k.p.i.AbstractProblemLoader Loading environment from /home/runner/work/key/key/key.core/../key.ui/examples/heap/list/ArrayList_get_exceptional.key.proof 
98307      DEBUG main            d.u.i.k.p.i.AbstractProblemLoader Environment load took 109.4ns 
98308      INFO  main            d.u.i.k.p.i.AbstractProblemLoader Creating init config 
99265      DEBUG main            d.u.i.k.j.r.ClassPreparationMethodBuilder clPrepBuilder: Inner Class detected. Reject building class initialisation methods. 
101322     DEBUG main            d.u.i.k.p.i.AbstractProblemLoader Init config took 3.01s 
101369     INFO  main            d.u.i.k.p.i.AbstractProblemLoader Replaying proof ArrayList[List::get(int)].JML exceptional_behavior operation contract.0 
101584     DEBUG main            d.u.i.k.p.i.IntermediateProofReplayer Proof replay took 208.7ms 
101587     DEBUG main            d.u.i.k.p.r.p.TestFile    ... success: reloaded. 
101589     INFO  main            d.u.i.k.p.r.p.TestFile    Now processing file /home/runner/work/key/key/key.core/../key.ui/examples/heap/list/ArrayList_get_normal.key 
101589     INFO  main            d.u.i.k.p.i.AbstractProblemLoader Loading environment from /home/runner/work/key/key/key.core/../key.ui/examples/heap/list/ArrayList_get_normal.key 
101589     DEBUG main            d.u.i.k.p.i.AbstractProblemLoader Environment load took 203.7ns 
101590     INFO  main            d.u.i.k.p.i.AbstractProblemLoader Creating init config 
102583     DEBUG main            d.u.i.k.j.r.ClassPreparationMethodBuilder clPrepBuilder: Inner Class detected. Reject building class initialisation methods. 
104698     DEBUG main            d.u.i.k.p.i.AbstractProblemLoader Init config took 3.11s 
104745     INFO  main            d.u.i.k.p.i.AbstractProblemLoader Replaying proof ArrayList[List::get(int)].JML normal_behavior operation contract.0 
104746     DEBUG main            d.u.i.k.p.i.IntermediateProofReplayer Proof replay took 5.2ns 
105150     INFO  main            d.u.i.k.p.r.p.TestFile    ... finished proof: closed. 
105333     INFO  main            d.u.i.k.p.i.AbstractProblemLoader Loading environment from /home/runner/work/key/key/key.core/../key.ui/examples/heap/list/ArrayList_get_normal.key.proof 
105333     DEBUG main            d.u.i.k.p.i.AbstractProblemLoader Environment load took 105ns 
105335     INFO  main            d.u.i.k.p.i.AbstractProblemLoader Creating init config 
106331     DEBUG main            d.u.i.k.j.r.ClassPreparationMethodBuilder clPrepBuilder: Inner Class detected. Reject building class initialisation methods. 
108384     DEBUG main            d.u.i.k.p.i.AbstractProblemLoader Init config took 3.05s 
108431     INFO  main            d.u.i.k.p.i.AbstractProblemLoader Replaying proof ArrayList[List::get(int)].JML normal_behavior operation contract.0 
108505     DEBUG main            d.u.i.k.p.i.IntermediateProofReplayer Proof replay took 69.61ms 
108505     DEBUG main            d.u.i.k.p.r.p.TestFile    ... success: reloaded. 
108506     INFO  main            d.u.i.k.p.r.p.TestFile    Now processing file /home/runner/work/key/key/key.core/../key.ui/examples/heap/list/ArrayList_inv.key 
108507     INFO  main            d.u.i.k.p.i.AbstractProblemLoader Loading environment from /home/runner/work/key/key/key.core/../key.ui/examples/heap/list/ArrayList_inv.key 
108507     DEBUG main            d.u.i.k.p.i.AbstractProblemLoader Environment load took 54.7ns 
108507     INFO  main            d.u.i.k.p.i.AbstractProblemLoader Creating init config 
109489     DEBUG main            d.u.i.k.j.r.ClassPreparationMethodBuilder clPrepBuilder: Inner Class detected. Reject building class initialisation methods. 
111584     DEBUG main            d.u.i.k.p.i.AbstractProblemLoader Init config took 3.08s 
111647     INFO  main            d.u.i.k.p.i.AbstractProblemLoader Replaying proof ArrayList[java.lang.Object::<inv>()].JML accessible clause.0 
111648     DEBUG main            d.u.i.k.p.i.IntermediateProofReplayer Proof replay took 6.3ns 
112051     INFO  main            d.u.i.k.p.r.p.TestFile    ... finished proof: closed. 
112256     INFO  main            d.u.i.k.p.i.AbstractProblemLoader Loading environment from /home/runner/work/key/key/key.core/../key.ui/examples/heap/list/ArrayList_inv.key.proof 
112256     DEBUG main            d.u.i.k.p.i.AbstractProblemLoader Environment load took 106.3ns 
112259     INFO  main            d.u.i.k.p.i.AbstractProblemLoader Creating init config 
113252     DEBUG main            d.u.i.k.j.r.ClassPreparationMethodBuilder clPrepBuilder: Inner Class detected. Reject building class initialisation methods. 
115286     DEBUG main            d.u.i.k.p.i.AbstractProblemLoader Init config took 3.03s 
115343     INFO  main            d.u.i.k.p.i.AbstractProblemLoader Replaying proof ArrayList[java.lang.Object::<inv>()].JML accessible clause.0 
115385     DEBUG main            d.u.i.k.p.i.IntermediateProofReplayer Proof replay took 38.75ms 
115386     DEBUG main            d.u.i.k.p.r.p.TestFile    ... success: reloaded. 
115387     INFO  main            d.u.i.k.p.r.p.TestFile    Now processing file /home/runner/work/key/key/key.core/../key.ui/examples/heap/list/ArrayList_iterator.key 
115387     INFO  main            d.u.i.k.p.i.AbstractProblemLoader Loading environment from /home/runner/work/key/key/key.core/../key.ui/examples/heap/list/ArrayList_iterator.key 
115387     DEBUG main            d.u.i.k.p.i.AbstractProblemLoader Environment load took 80.5ns 
115388     INFO  main            d.u.i.k.p.i.AbstractProblemLoader Creating init config 
116355     DEBUG main            d.u.i.k.j.r.ClassPreparationMethodBuilder clPrepBuilder: Inner Class detected. Reject building class initialisation methods. 
118470     DEBUG main            d.u.i.k.p.i.AbstractProblemLoader Init config took 3.08s 
118516     INFO  main            d.u.i.k.p.i.AbstractProblemLoader Replaying proof ArrayList[List::iterator()].JML normal_behavior operation contract.0 
118518     DEBUG main            d.u.i.k.p.i.IntermediateProofReplayer Proof replay took 5.5ns 
119021     INFO  main            d.u.i.k.p.r.p.TestFile    ... finished proof: closed. 
119232     INFO  main            d.u.i.k.p.i.AbstractProblemLoader Loading environment from /home/runner/work/key/key/key.core/../key.ui/examples/heap/list/ArrayList_iterator.key.proof 
119233     DEBUG main            d.u.i.k.p.i.AbstractProblemLoader Environment load took 437.29ns 
119234     INFO  main            d.u.i.k.p.i.AbstractProblemLoader Creating init config 
120186     DEBUG main            d.u.i.k.j.r.ClassPreparationMethodBuilder clPrepBuilder: Inner Class detected. Reject building class initialisation methods. 
122239     DEBUG main            d.u.i.k.p.i.AbstractProblemLoader Init config took 3s 
122302     INFO  main            d.u.i.k.p.i.AbstractProblemLoader Replaying proof ArrayList[List::iterator()].JML normal_behavior operation contract.0 
122383     DEBUG main            d.u.i.k.p.i.IntermediateProofReplayer Proof replay took 72.69ms 
122385     DEBUG main            d.u.i.k.p.r.p.TestFile    ... success: reloaded. 
122386     INFO  main            d.u.i.k.p.r.p.TestFile    Now processing file /home/runner/work/key/key/key.core/../key.ui/examples/heap/list/ArrayList_size_dep.key 
122386     INFO  main            d.u.i.k.p.i.AbstractProblemLoader Loading environment from /home/runner/work/key/key/key.core/../key.ui/examples/heap/list/ArrayList_size_dep.key 
122386     DEBUG main            d.u.i.k.p.i.AbstractProblemLoader Environment load took 60.9ns 
122387     INFO  main            d.u.i.k.p.i.AbstractProblemLoader Creating init config 
123396     DEBUG main            d.u.i.k.j.r.ClassPreparationMethodBuilder clPrepBuilder: Inner Class detected. Reject building class initialisation methods. 
125454     DEBUG main            d.u.i.k.p.i.AbstractProblemLoader Init config took 3.07s 
125499     INFO  main            d.u.i.k.p.i.AbstractProblemLoader Replaying proof ArrayList[List::size()].JML accessible clause.0 
125500     DEBUG main            d.u.i.k.p.i.IntermediateProofReplayer Proof replay took 5.4ns 
125702     INFO  main            d.u.i.k.p.r.p.TestFile    ... finished proof: closed. 
125908     INFO  main            d.u.i.k.p.i.AbstractProblemLoader Loading environment from /home/runner/work/key/key/key.core/../key.ui/examples/heap/list/ArrayList_size_dep.key.proof 
125908     DEBUG main            d.u.i.k.p.i.AbstractProblemLoader Environment load took 106ns 
125909     INFO  main            d.u.i.k.p.i.AbstractProblemLoader Creating init config 
126864     DEBUG main            d.u.i.k.j.r.ClassPreparationMethodBuilder clPrepBuilder: Inner Class detected. Reject building class initialisation methods. 
128888     DEBUG main            d.u.i.k.p.i.AbstractProblemLoader Init config took 2.98s 
128934     INFO  main            d.u.i.k.p.i.AbstractProblemLoader Replaying proof ArrayList[List::size()].JML accessible clause.0 
128958     DEBUG main            d.u.i.k.p.i.IntermediateProofReplayer Proof replay took 22.57ms 
128959     DEBUG main            d.u.i.k.p.r.p.TestFile    ... success: reloaded. 
128960     INFO  main            d.u.i.k.p.r.p.TestFile    Now processing file /home/runner/work/key/key/key.core/../key.ui/examples/heap/list/ArrayList_size.key 
128960     INFO  main            d.u.i.k.p.i.AbstractProblemLoader Loading environment from /home/runner/work/key/key/key.core/../key.ui/examples/heap/list/ArrayList_size.key 
128960     DEBUG main            d.u.i.k.p.i.AbstractProblemLoader Environment load took 72ns 
128961     INFO  main            d.u.i.k.p.i.AbstractProblemLoader Creating init config 
129940     DEBUG main            d.u.i.k.j.r.ClassPreparationMethodBuilder clPrepBuilder: Inner Class detected. Reject building class initialisation methods. 
132093     DEBUG main            d.u.i.k.p.i.AbstractProblemLoader Init config took 3.13s 
132139     INFO  main            d.u.i.k.p.i.AbstractProblemLoader Replaying proof ArrayList[List::size()].JML normal_behavior operation contract.0 
132141     DEBUG main            d.u.i.k.p.i.IntermediateProofReplayer Proof replay took 4.8ns 
132444     INFO  main            d.u.i.k.p.r.p.TestFile    ... finished proof: closed. 
132633     INFO  main            d.u.i.k.p.i.AbstractProblemLoader Loading environment from /home/runner/work/key/key/key.core/../key.ui/examples/heap/list/ArrayList_size.key.proof 
132633     DEBUG main            d.u.i.k.p.i.AbstractProblemLoader Environment load took 107.6ns 
132634     INFO  main            d.u.i.k.p.i.AbstractProblemLoader Creating init config 
133585     DEBUG main            d.u.i.k.j.r.ClassPreparationMethodBuilder clPrepBuilder: Inner Class detected. Reject building class initialisation methods. 
135636     DEBUG main            d.u.i.k.p.i.AbstractProblemLoader Init config took 3s 
135689     INFO  main            d.u.i.k.p.i.AbstractProblemLoader Replaying proof ArrayList[List::size()].JML normal_behavior operation contract.0 
135724     DEBUG main            d.u.i.k.p.i.IntermediateProofReplayer Proof replay took 33.5ms 
135725     DEBUG main            d.u.i.k.p.r.p.TestFile    ... success: reloaded. 
135726     INFO  main            d.u.i.k.p.r.p.TestFile    Now processing file /home/runner/work/key/key/key.core/../key.ui/examples/heap/list/ArrayList.ArrayListIterator_ArrayListIterator.key 
135727     INFO  main            d.u.i.k.p.i.AbstractProblemLoader Loading environment from /home/runner/work/key/key/key.core/../key.ui/examples/heap/list/ArrayList.ArrayListIterator_ArrayListIterator.key 
135727     DEBUG main            d.u.i.k.p.i.AbstractProblemLoader Environment load took 78.9ns 
135727     INFO  main            d.u.i.k.p.i.AbstractProblemLoader Creating init config 
136691     DEBUG main            d.u.i.k.j.r.ClassPreparationMethodBuilder clPrepBuilder: Inner Class detected. Reject building class initialisation methods. 
138748     DEBUG main            d.u.i.k.p.i.AbstractProblemLoader Init config took 3.02s 
138820     INFO  main            d.u.i.k.p.i.AbstractProblemLoader Replaying proof ArrayList.ArrayListIterator[ArrayList.ArrayListIterator::ArrayListIterator(ArrayList)].JML normal_behavior operation contract.0 
138821     DEBUG main            d.u.i.k.p.i.IntermediateProofReplayer Proof replay took 6.1ns 
139428     INFO  main            d.u.i.k.p.r.p.TestFile    ... finished proof: closed. 
139664     INFO  main            d.u.i.k.p.i.AbstractProblemLoader Loading environment from /home/runner/work/key/key/key.core/../key.ui/examples/heap/list/ArrayList.ArrayListIterator_ArrayListIterator.key.proof 
139664     DEBUG main            d.u.i.k.p.i.AbstractProblemLoader Environment load took 559.5ns 
139665     INFO  main            d.u.i.k.p.i.AbstractProblemLoader Creating init config 
140612     DEBUG main            d.u.i.k.j.r.ClassPreparationMethodBuilder clPrepBuilder: Inner Class detected. Reject building class initialisation methods. 
142643     DEBUG main            d.u.i.k.p.i.AbstractProblemLoader Init config took 2.98s 
142697     INFO  main            d.u.i.k.p.i.AbstractProblemLoader Replaying proof ArrayList.ArrayListIterator[ArrayList.ArrayListIterator::ArrayListIterator(ArrayList)].JML normal_behavior operation contract.0 
142793     DEBUG main            d.u.i.k.p.i.IntermediateProofReplayer Proof replay took 91.61ms 
142794     DEBUG main            d.u.i.k.p.r.p.TestFile    ... success: reloaded. 
142795     INFO  main            d.u.i.k.p.r.p.TestFile    Now processing file /home/runner/work/key/key/key.core/../key.ui/examples/heap/list/ArrayList.ArrayListIterator_hasNext_dep.key 
142795     INFO  main            d.u.i.k.p.i.AbstractProblemLoader Loading environment from /home/runner/work/key/key/key.core/../key.ui/examples/heap/list/ArrayList.ArrayListIterator_hasNext_dep.key 
142796     DEBUG main            d.u.i.k.p.i.AbstractProblemLoader Environment load took 90.3ns 
142796     INFO  main            d.u.i.k.p.i.AbstractProblemLoader Creating init config 
143781     DEBUG main            d.u.i.k.j.r.ClassPreparationMethodBuilder clPrepBuilder: Inner Class detected. Reject building class initialisation methods. 
145858     DEBUG main            d.u.i.k.p.i.AbstractProblemLoader Init config took 3.06s 
145923     INFO  main            d.u.i.k.p.i.AbstractProblemLoader Replaying proof ArrayList.ArrayListIterator[ListIterator::hasNext()].JML accessible clause.0 
145925     DEBUG main            d.u.i.k.p.i.IntermediateProofReplayer Proof replay took 5.3ns 
146227     INFO  main            d.u.i.k.p.r.p.TestFile    ... finished proof: closed. 
146448     INFO  main            d.u.i.k.p.i.AbstractProblemLoader Loading environment from /home/runner/work/key/key/key.core/../key.ui/examples/heap/list/ArrayList.ArrayListIterator_hasNext_dep.key.proof 
146448     DEBUG main            d.u.i.k.p.i.AbstractProblemLoader Environment load took 125.3ns 
146449     INFO  main            d.u.i.k.p.i.AbstractProblemLoader Creating init config 
147395     DEBUG main            d.u.i.k.j.r.ClassPreparationMethodBuilder clPrepBuilder: Inner Class detected. Reject building class initialisation methods. 
149437     DEBUG main            d.u.i.k.p.i.AbstractProblemLoader Init config took 2.99s 
149498     INFO  main            d.u.i.k.p.i.AbstractProblemLoader Replaying proof ArrayList.ArrayListIterator[ListIterator::hasNext()].JML accessible clause.0 
149548     DEBUG main            d.u.i.k.p.i.IntermediateProofReplayer Proof replay took 47.35ms 
149549     DEBUG main            d.u.i.k.p.r.p.TestFile    ... success: reloaded. 
149550     INFO  main            d.u.i.k.p.r.p.TestFile    Now processing file /home/runner/work/key/key/key.core/../key.ui/examples/heap/list/ArrayList.ArrayListIterator_hasNext.key 
149550     INFO  main            d.u.i.k.p.i.AbstractProblemLoader Loading environment from /home/runner/work/key/key/key.core/../key.ui/examples/heap/list/ArrayList.ArrayListIterator_hasNext.key 
149551     DEBUG main            d.u.i.k.p.i.AbstractProblemLoader Environment load took 189.3ns 
149551     INFO  main            d.u.i.k.p.i.AbstractProblemLoader Creating init config 
150521     DEBUG main            d.u.i.k.j.r.ClassPreparationMethodBuilder clPrepBuilder: Inner Class detected. Reject building class initialisation methods. 
152582     DEBUG main            d.u.i.k.p.i.AbstractProblemLoader Init config took 3.03s 
152635     INFO  main            d.u.i.k.p.i.AbstractProblemLoader Replaying proof ArrayList.ArrayListIterator[ListIterator::hasNext()].JML normal_behavior operation contract.0 
152636     DEBUG main            d.u.i.k.p.i.IntermediateProofReplayer Proof replay took 5.3ns 
153039     INFO  main            d.u.i.k.p.r.p.TestFile    ... finished proof: closed. 
153269     INFO  main            d.u.i.k.p.i.AbstractProblemLoader Loading environment from /home/runner/work/key/key/key.core/../key.ui/examples/heap/list/ArrayList.ArrayListIterator_hasNext.key.proof 
153270     DEBUG main            d.u.i.k.p.i.AbstractProblemLoader Environment load took 96.7ns 
153271     INFO  main            d.u.i.k.p.i.AbstractProblemLoader Creating init config 
154223     DEBUG main            d.u.i.k.j.r.ClassPreparationMethodBuilder clPrepBuilder: Inner Class detected. Reject building class initialisation methods. 
156256     DEBUG main            d.u.i.k.p.i.AbstractProblemLoader Init config took 2.99s 
156307     INFO  main            d.u.i.k.p.i.AbstractProblemLoader Replaying proof ArrayList.ArrayListIterator[ListIterator::hasNext()].JML normal_behavior operation contract.0 
156370     DEBUG main            d.u.i.k.p.i.IntermediateProofReplayer Proof replay took 59.49ms 
156370     DEBUG main            d.u.i.k.p.r.p.TestFile    ... success: reloaded. 
156371     INFO  main            d.u.i.k.p.r.p.TestFile    Now processing file /home/runner/work/key/key/key.core/../key.ui/examples/heap/list/ArrayList.ArrayListIterator_inv.key 
156372     INFO  main            d.u.i.k.p.i.AbstractProblemLoader Loading environment from /home/runner/work/key/key/key.core/../key.ui/examples/heap/list/ArrayList.ArrayListIterator_inv.key 
156372     DEBUG main            d.u.i.k.p.i.AbstractProblemLoader Environment load took 89.3ns 
156373     INFO  main            d.u.i.k.p.i.AbstractProblemLoader Creating init config 
157351     DEBUG main            d.u.i.k.j.r.ClassPreparationMethodBuilder clPrepBuilder: Inner Class detected. Reject building class initialisation methods. 
159441     DEBUG main            d.u.i.k.p.i.AbstractProblemLoader Init config took 3.07s 
159492     INFO  main            d.u.i.k.p.i.AbstractProblemLoader Replaying proof ArrayList.ArrayListIterator[java.lang.Object::<inv>()].JML accessible clause.0 
159493     DEBUG main            d.u.i.k.p.i.IntermediateProofReplayer Proof replay took 5.2ns 
160397     INFO  main            d.u.i.k.p.r.p.TestFile    ... finished proof: closed. 
160623     INFO  main            d.u.i.k.p.i.AbstractProblemLoader Loading environment from /home/runner/work/key/key/key.core/../key.ui/examples/heap/list/ArrayList.ArrayListIterator_inv.key.proof 
160624     DEBUG main            d.u.i.k.p.i.AbstractProblemLoader Environment load took 112.9ns 
160625     INFO  main            d.u.i.k.p.i.AbstractProblemLoader Creating init config 
161578     DEBUG main            d.u.i.k.j.r.ClassPreparationMethodBuilder clPrepBuilder: Inner Class detected. Reject building class initialisation methods. 
163628     DEBUG main            d.u.i.k.p.i.AbstractProblemLoader Init config took 3s 
163681     INFO  main            d.u.i.k.p.i.AbstractProblemLoader Replaying proof ArrayList.ArrayListIterator[java.lang.Object::<inv>()].JML accessible clause.0 
163768     DEBUG main            d.u.i.k.p.i.IntermediateProofReplayer Proof replay took 83.44ms 
163769     DEBUG main            d.u.i.k.p.r.p.TestFile    ... success: reloaded. 
163771     INFO  main            d.u.i.k.p.r.p.TestFile    Now processing file /home/runner/work/key/key/key.core/../key.ui/examples/heap/list/ArrayList.ArrayListIterator_list.key 
163771     INFO  main            d.u.i.k.p.i.AbstractProblemLoader Loading environment from /home/runner/work/key/key/key.core/../key.ui/examples/heap/list/ArrayList.ArrayListIterator_list.key 
163771     DEBUG main            d.u.i.k.p.i.AbstractProblemLoader Environment load took 209.5ns 
163774     INFO  main            d.u.i.k.p.i.AbstractProblemLoader Creating init config 
164763     DEBUG main            d.u.i.k.j.r.ClassPreparationMethodBuilder clPrepBuilder: Inner Class detected. Reject building class initialisation methods. 
166790     DEBUG main            d.u.i.k.p.i.AbstractProblemLoader Init config took 3.02s 
166848     INFO  main            d.u.i.k.p.i.AbstractProblemLoader Replaying proof ListIterator[ListIterator::$list()].JML accessible clause.0 
166849     DEBUG main            d.u.i.k.p.i.IntermediateProofReplayer Proof replay took 5.9ns 
166950     INFO  main            d.u.i.k.p.r.p.TestFile    ... finished proof: closed. 
167164     INFO  main            d.u.i.k.p.i.AbstractProblemLoader Loading environment from /home/runner/work/key/key/key.core/../key.ui/examples/heap/list/ArrayList.ArrayListIterator_list.key.proof 
167164     DEBUG main            d.u.i.k.p.i.AbstractProblemLoader Environment load took 93.6ns 
167165     INFO  main            d.u.i.k.p.i.AbstractProblemLoader Creating init config 
168112     DEBUG main            d.u.i.k.j.r.ClassPreparationMethodBuilder clPrepBuilder: Inner Class detected. Reject building class initialisation methods. 
170158     DEBUG main            d.u.i.k.p.i.AbstractProblemLoader Init config took 2.99s 
170197     INFO  main            d.u.i.k.p.i.AbstractProblemLoader Replaying proof ListIterator[ListIterator::$list()].JML accessible clause.0 
170199     DEBUG main            d.u.i.k.p.i.IntermediateProofReplayer Proof replay took 926.19ns 
170200     DEBUG main            d.u.i.k.p.r.p.TestFile    ... success: reloaded. 
170200     INFO  main            d.u.i.k.p.r.p.TestFile    Now processing file /home/runner/work/key/key/key.core/../key.ui/examples/heap/list/ArrayList.ArrayListIterator_next_exceptional.key 
170201     INFO  main            d.u.i.k.p.i.AbstractProblemLoader Loading environment from /home/runner/work/key/key/key.core/../key.ui/examples/heap/list/ArrayList.ArrayListIterator_next_exceptional.key 
170201     DEBUG main            d.u.i.k.p.i.AbstractProblemLoader Environment load took 55.3ns 
170201     INFO  main            d.u.i.k.p.i.AbstractProblemLoader Creating init config 
171191     DEBUG main            d.u.i.k.j.r.ClassPreparationMethodBuilder clPrepBuilder: Inner Class detected. Reject building class initialisation methods. 
173316     DEBUG main            d.u.i.k.p.i.AbstractProblemLoader Init config took 3.11s 
173367     INFO  main            d.u.i.k.p.i.AbstractProblemLoader Replaying proof ArrayList.ArrayListIterator[ListIterator::next()].JML exceptional_behavior operation contract.0 
173368     DEBUG main            d.u.i.k.p.i.IntermediateProofReplayer Proof replay took 5.3ns 
174171     INFO  main            d.u.i.k.p.r.p.TestFile    ... finished proof: closed. 
174417     INFO  main            d.u.i.k.p.i.AbstractProblemLoader Loading environment from /home/runner/work/key/key/key.core/../key.ui/examples/heap/list/ArrayList.ArrayListIterator_next_exceptional.key.proof 
174418     DEBUG main            d.u.i.k.p.i.AbstractProblemLoader Environment load took 736.29ns 
174419     INFO  main            d.u.i.k.p.i.AbstractProblemLoader Creating init config 
175367     DEBUG main            d.u.i.k.j.r.ClassPreparationMethodBuilder clPrepBuilder: Inner Class detected. Reject building class initialisation methods. 
177395     DEBUG main            d.u.i.k.p.i.AbstractProblemLoader Init config took 2.98s 
177454     INFO  main            d.u.i.k.p.i.AbstractProblemLoader Replaying proof ArrayList.ArrayListIterator[ListIterator::next()].JML exceptional_behavior operation contract.0 
177596     DEBUG main            d.u.i.k.p.i.IntermediateProofReplayer Proof replay took 136.73ms 
177598     DEBUG main            d.u.i.k.p.r.p.TestFile    ... success: reloaded. 
177599     INFO  main            d.u.i.k.p.r.p.TestFile    Now processing file /home/runner/work/key/key/key.core/../key.ui/examples/heap/list/ArrayList.ArrayListIterator_next_normal.key 
177599     INFO  main            d.u.i.k.p.i.AbstractProblemLoader Loading environment from /home/runner/work/key/key/key.core/../key.ui/examples/heap/list/ArrayList.ArrayListIterator_next_normal.key 
177599     DEBUG main            d.u.i.k.p.i.AbstractProblemLoader Environment load took 190.3ns 
177600     INFO  main            d.u.i.k.p.i.AbstractProblemLoader Creating init config 
178578     DEBUG main            d.u.i.k.j.r.ClassPreparationMethodBuilder clPrepBuilder: Inner Class detected. Reject building class initialisation methods. 
180633     DEBUG main            d.u.i.k.p.i.AbstractProblemLoader Init config took 3.03s 
180684     INFO  main            d.u.i.k.p.i.AbstractProblemLoader Replaying proof ArrayList.ArrayListIterator[ListIterator::next()].JML normal_behavior operation contract.0 
180685     DEBUG main            d.u.i.k.p.i.IntermediateProofReplayer Proof replay took 5.5ns 
181602     INFO  main            d.u.i.k.p.r.p.TestFile    ... finished proof: closed. 
181852     INFO  main            d.u.i.k.p.i.AbstractProblemLoader Loading environment from /home/runner/work/key/key/key.core/../key.ui/examples/heap/list/ArrayList.ArrayListIterator_next_normal.key.proof 
181852     DEBUG main            d.u.i.k.p.i.AbstractProblemLoader Environment load took 115.4ns 
181853     INFO  main            d.u.i.k.p.i.AbstractProblemLoader Creating init config 
182801     DEBUG main            d.u.i.k.j.r.ClassPreparationMethodBuilder clPrepBuilder: Inner Class detected. Reject building class initialisation methods. 
184810     DEBUG main            d.u.i.k.p.i.AbstractProblemLoader Init config took 2.96s 
184871     INFO  main            d.u.i.k.p.i.AbstractProblemLoader Replaying proof ArrayList.ArrayListIterator[ListIterator::next()].JML normal_behavior operation contract.0 
185035     DEBUG main            d.u.i.k.p.i.IntermediateProofReplayer Proof replay took 159.49ms 
185036     DEBUG main            d.u.i.k.p.r.p.TestFile    ... success: reloaded. 
185037     INFO  main            d.u.i.k.p.r.p.TestFile    Now processing file /home/runner/work/key/key/key.core/../key.ui/examples/heap/list/ArrayList.ArrayListIterator_pos.key 
185037     INFO  main            d.u.i.k.p.i.AbstractProblemLoader Loading environment from /home/runner/work/key/key/key.core/../key.ui/examples/heap/list/ArrayList.ArrayListIterator_pos.key 
185037     DEBUG main            d.u.i.k.p.i.AbstractProblemLoader Environment load took 73.3ns 
185038     INFO  main            d.u.i.k.p.i.AbstractProblemLoader Creating init config 
186001     DEBUG main            d.u.i.k.j.r.ClassPreparationMethodBuilder clPrepBuilder: Inner Class detected. Reject building class initialisation methods. 
188074     DEBUG main            d.u.i.k.p.i.AbstractProblemLoader Init config took 3.04s 
188115     INFO  main            d.u.i.k.p.i.AbstractProblemLoader Replaying proof ListIterator[ListIterator::$pos()].JML accessible clause.0 
188118     DEBUG main            d.u.i.k.p.i.IntermediateProofReplayer Proof replay took 6.3ns 
188219     INFO  main            d.u.i.k.p.r.p.TestFile    ... finished proof: closed. 
188478     INFO  main            d.u.i.k.p.i.AbstractProblemLoader Loading environment from /home/runner/work/key/key/key.core/../key.ui/examples/heap/list/ArrayList.ArrayListIterator_pos.key.proof 
188478     DEBUG main            d.u.i.k.p.i.AbstractProblemLoader Environment load took 93.5ns 
188479     INFO  main            d.u.i.k.p.i.AbstractProblemLoader Creating init config 
189429     DEBUG main            d.u.i.k.j.r.ClassPreparationMethodBuilder clPrepBuilder: Inner Class detected. Reject building class initialisation methods. 
191457     DEBUG main            d.u.i.k.p.i.AbstractProblemLoader Init config took 2.98s 
191497     INFO  main            d.u.i.k.p.i.AbstractProblemLoader Replaying proof ListIterator[ListIterator::$pos()].JML accessible clause.0 
191499     DEBUG main            d.u.i.k.p.i.IntermediateProofReplayer Proof replay took 834.29ns 
191500     DEBUG main            d.u.i.k.p.r.p.TestFile    ... success: reloaded. 
191501     INFO  main            d.u.i.k.p.r.p.TestFile    Now processing file /home/runner/work/key/key/key.core/../key.ui/examples/heap/list/Client_m.key 
191502     INFO  main            d.u.i.k.p.i.AbstractProblemLoader Loading environment from /home/runner/work/key/key/key.core/../key.ui/examples/heap/list/Client_m.key 
191502     DEBUG main            d.u.i.k.p.i.AbstractProblemLoader Environment load took 191.2ns 
191503     INFO  main            d.u.i.k.p.i.AbstractProblemLoader Creating init config 
192462     DEBUG main            d.u.i.k.j.r.ClassPreparationMethodBuilder clPrepBuilder: Inner Class detected. Reject building class initialisation methods. 
194507     DEBUG main            d.u.i.k.p.i.AbstractProblemLoader Init config took 3s 
194546     INFO  main            d.u.i.k.p.i.AbstractProblemLoader Replaying proof Client[Client::m(List)].JML normal_behavior operation contract.0 
194547     DEBUG main            d.u.i.k.p.i.IntermediateProofReplayer Proof replay took 6ns 
194854     INFO  main            d.u.i.k.p.r.p.TestFile    ... finished proof: closed. 
195113     INFO  main            d.u.i.k.p.i.AbstractProblemLoader Loading environment from /home/runner/work/key/key/key.core/../key.ui/examples/heap/list/Client_m.key.proof 
195113     DEBUG main            d.u.i.k.p.i.AbstractProblemLoader Environment load took 98.4ns 
195114     INFO  main            d.u.i.k.p.i.AbstractProblemLoader Creating init config 
196072     DEBUG main            d.u.i.k.j.r.ClassPreparationMethodBuilder clPrepBuilder: Inner Class detected. Reject building class initialisation methods. 
198079     DEBUG main            d.u.i.k.p.i.AbstractProblemLoader Init config took 2.96s 
198118     INFO  main            d.u.i.k.p.i.AbstractProblemLoader Replaying proof Client[Client::m(List)].JML normal_behavior operation contract.0 
198173     DEBUG main            d.u.i.k.p.i.IntermediateProofReplayer Proof replay took 52.69ms 
198174     DEBUG main            d.u.i.k.p.r.p.TestFile    ... success: reloaded. 
198175     INFO  main            d.u.i.k.p.r.p.TestFile    Now processing file /home/runner/work/key/key/key.core/../key.ui/examples/heap/list/Client_n.key 
198175     INFO  main            d.u.i.k.p.i.AbstractProblemLoader Loading environment from /home/runner/work/key/key/key.core/../key.ui/examples/heap/list/Client_n.key 
198175     DEBUG main            d.u.i.k.p.i.AbstractProblemLoader Environment load took 83.2ns 
198176     INFO  main            d.u.i.k.p.i.AbstractProblemLoader Creating init config 
199150     DEBUG main            d.u.i.k.j.r.ClassPreparationMethodBuilder clPrepBuilder: Inner Class detected. Reject building class initialisation methods. 
201196     DEBUG main            d.u.i.k.p.i.AbstractProblemLoader Init config took 3.02s 
201235     INFO  main            d.u.i.k.p.i.AbstractProblemLoader Replaying proof Client[Client::n(List)].JML normal_behavior operation contract.0 
201236     DEBUG main            d.u.i.k.p.i.IntermediateProofReplayer Proof replay took 5.7ns 
201337     INFO  main            d.u.i.k.p.r.p.TestFile    ... finished proof: closed. 
201720     INFO  main            d.u.i.k.p.i.AbstractProblemLoader Loading environment from /home/runner/work/key/key/key.core/../key.ui/examples/heap/list/Client_n.key.proof 
201721     DEBUG main            d.u.i.k.p.i.AbstractProblemLoader Environment load took 96.8ns 
201721     INFO  main            d.u.i.k.p.i.AbstractProblemLoader Creating init config 
202674     DEBUG main            d.u.i.k.j.r.ClassPreparationMethodBuilder clPrepBuilder: Inner Class detected. Reject building class initialisation methods. 
204688     DEBUG main            d.u.i.k.p.i.AbstractProblemLoader Init config took 2.97s 
204726     INFO  main            d.u.i.k.p.i.AbstractProblemLoader Replaying proof Client[Client::n(List)].JML normal_behavior operation contract.0 
204744     DEBUG main            d.u.i.k.p.i.IntermediateProofReplayer Proof replay took 16.3ms 
204745     DEBUG main            d.u.i.k.p.r.p.TestFile    ... success: reloaded. 
204746     INFO  main            d.u.i.k.p.r.p.TestFile    Now processing file /home/runner/work/key/key/key.core/../key.ui/examples/heap/list/LinkedList_get_exceptional.key 
204746     INFO  main            d.u.i.k.p.i.AbstractProblemLoader Loading environment from /home/runner/work/key/key/key.core/../key.ui/examples/heap/list/LinkedList_get_exceptional.key 
204746     DEBUG main            d.u.i.k.p.i.AbstractProblemLoader Environment load took 47.6ns 
204747     INFO  main            d.u.i.k.p.i.AbstractProblemLoader Creating init config 
205717     DEBUG main            d.u.i.k.j.r.ClassPreparationMethodBuilder clPrepBuilder: Inner Class detected. Reject building class initialisation methods. 
207767     DEBUG main            d.u.i.k.p.i.AbstractProblemLoader Init config took 3.02s 
207810     INFO  main            d.u.i.k.p.i.AbstractProblemLoader Replaying proof LinkedList[List::get(int)].JML exceptional_behavior operation contract.0 
207812     DEBUG main            d.u.i.k.p.i.IntermediateProofReplayer Proof replay took 5.6ns 
209917     INFO  main            d.u.i.k.p.r.p.TestFile    ... finished proof: closed. 
210203     INFO  main            d.u.i.k.p.i.AbstractProblemLoader Loading environment from /home/runner/work/key/key/key.core/../key.ui/examples/heap/list/LinkedList_get_exceptional.key.proof 
210203     DEBUG main            d.u.i.k.p.i.AbstractProblemLoader Environment load took 192.7ns 
210205     INFO  main            d.u.i.k.p.i.AbstractProblemLoader Creating init config 
211149     DEBUG main            d.u.i.k.j.r.ClassPreparationMethodBuilder clPrepBuilder: Inner Class detected. Reject building class initialisation methods. 
213163     DEBUG main            d.u.i.k.p.i.AbstractProblemLoader Init config took 2.96s 
213207     INFO  main            d.u.i.k.p.i.AbstractProblemLoader Replaying proof LinkedList[List::get(int)].JML exceptional_behavior operation contract.0 
213486     DEBUG main            d.u.i.k.p.i.IntermediateProofReplayer Proof replay took 269.31ms 
213487     DEBUG main            d.u.i.k.p.r.p.TestFile    ... success: reloaded. 
213488     INFO  main            d.u.i.k.p.r.p.TestFile    Now processing file /home/runner/work/key/key/key.core/../key.ui/examples/heap/list/LinkedList_get_normal.key 
213488     INFO  main            d.u.i.k.p.i.AbstractProblemLoader Loading environment from /home/runner/work/key/key/key.core/../key.ui/examples/heap/list/LinkedList_get_normal.key 
213488     DEBUG main            d.u.i.k.p.i.AbstractProblemLoader Environment load took 144.8ns 
213489     INFO  main            d.u.i.k.p.i.AbstractProblemLoader Creating init config 
214505     DEBUG main            d.u.i.k.j.r.ClassPreparationMethodBuilder clPrepBuilder: Inner Class detected. Reject building class initialisation methods. 
216540     DEBUG main            d.u.i.k.p.i.AbstractProblemLoader Init config took 3.05s 
216605     INFO  main            d.u.i.k.p.i.AbstractProblemLoader Replaying proof LinkedList[List::get(int)].JML normal_behavior operation contract.0 
216607     DEBUG main            d.u.i.k.p.i.IntermediateProofReplayer Proof replay took 5.4ns 
221951     INFO  main            d.u.i.k.p.r.p.TestFile    ... finished proof: closed. 
222277     INFO  main            d.u.i.k.p.i.AbstractProblemLoader Loading environment from /home/runner/work/key/key/key.core/../key.ui/examples/heap/list/LinkedList_get_normal.key.proof 
222277     DEBUG main            d.u.i.k.p.i.AbstractProblemLoader Environment load took 402.89ns 
222279     INFO  main            d.u.i.k.p.i.AbstractProblemLoader Creating init config 
223226     DEBUG main            d.u.i.k.j.r.ClassPreparationMethodBuilder clPrepBuilder: Inner Class detected. Reject building class initialisation methods. 
225229     DEBUG main            d.u.i.k.p.i.AbstractProblemLoader Init config took 2.95s 
225273     INFO  main            d.u.i.k.p.i.AbstractProblemLoader Replaying proof LinkedList[List::get(int)].JML normal_behavior operation contract.0 
225692     DEBUG main            d.u.i.k.p.i.IntermediateProofReplayer Proof replay took 397.65ms 
225694     DEBUG main            d.u.i.k.p.r.p.TestFile    ... success: reloaded. 
225694     INFO  main            d.u.i.k.p.r.p.TestFile    Now processing file /home/runner/work/key/key/key.core/../key.ui/examples/heap/list/LinkedList_LinkedList.key 
225695     INFO  main            d.u.i.k.p.i.AbstractProblemLoader Loading environment from /home/runner/work/key/key/key.core/../key.ui/examples/heap/list/LinkedList_LinkedList.key 
225695     DEBUG main            d.u.i.k.p.i.AbstractProblemLoader Environment load took 52.5ns 
225695     INFO  main            d.u.i.k.p.i.AbstractProblemLoader Creating init config 
226665     DEBUG main            d.u.i.k.j.r.ClassPreparationMethodBuilder clPrepBuilder: Inner Class detected. Reject building class initialisation methods. 
228701     DEBUG main            d.u.i.k.p.i.AbstractProblemLoader Init config took 3.01s 
228744     INFO  main            d.u.i.k.p.i.AbstractProblemLoader Replaying proof LinkedList[LinkedList::LinkedList()].JML normal_behavior operation contract.0 
228745     DEBUG main            d.u.i.k.p.i.IntermediateProofReplayer Proof replay took 6.2ns 
229251     INFO  main            d.u.i.k.p.r.p.TestFile    ... finished proof: closed. 
229532     INFO  main            d.u.i.k.p.i.AbstractProblemLoader Loading environment from /home/runner/work/key/key/key.core/../key.ui/examples/heap/list/LinkedList_LinkedList.key.proof 
229532     DEBUG main            d.u.i.k.p.i.AbstractProblemLoader Environment load took 94.2ns 
229533     INFO  main            d.u.i.k.p.i.AbstractProblemLoader Creating init config 
230475     DEBUG main            d.u.i.k.j.r.ClassPreparationMethodBuilder clPrepBuilder: Inner Class detected. Reject building class initialisation methods. 
232473     DEBUG main            d.u.i.k.p.i.AbstractProblemLoader Init config took 2.94s 
232516     INFO  main            d.u.i.k.p.i.AbstractProblemLoader Replaying proof LinkedList[LinkedList::LinkedList()].JML normal_behavior operation contract.0 
232619     DEBUG main            d.u.i.k.p.i.IntermediateProofReplayer Proof replay took 100ms 
232620     DEBUG main            d.u.i.k.p.r.p.TestFile    ... success: reloaded. 
232621     INFO  main            d.u.i.k.p.r.p.TestFile    Now processing file /home/runner/work/key/key/key.core/../key.ui/examples/heap/list/LinkedList_size_dep.key 
232621     INFO  main            d.u.i.k.p.i.AbstractProblemLoader Loading environment from /home/runner/work/key/key/key.core/../key.ui/examples/heap/list/LinkedList_size_dep.key 
232621     DEBUG main            d.u.i.k.p.i.AbstractProblemLoader Environment load took 103.2ns 
232622     INFO  main            d.u.i.k.p.i.AbstractProblemLoader Creating init config 
233582     DEBUG main            d.u.i.k.j.r.ClassPreparationMethodBuilder clPrepBuilder: Inner Class detected. Reject building class initialisation methods. 
235626     DEBUG main            d.u.i.k.p.i.AbstractProblemLoader Init config took 3s 
235670     INFO  main            d.u.i.k.p.i.AbstractProblemLoader Replaying proof LinkedList[List::size()].JML accessible clause.0 
235671     DEBUG main            d.u.i.k.p.i.IntermediateProofReplayer Proof replay took 5.3ns 
236173     INFO  main            d.u.i.k.p.r.p.TestFile    ... finished proof: closed. 
236460     INFO  main            d.u.i.k.p.i.AbstractProblemLoader Loading environment from /home/runner/work/key/key/key.core/../key.ui/examples/heap/list/LinkedList_size_dep.key.proof 
236461     DEBUG main            d.u.i.k.p.i.AbstractProblemLoader Environment load took 109.1ns 
236461     INFO  main            d.u.i.k.p.i.AbstractProblemLoader Creating init config 
237454     DEBUG main            d.u.i.k.j.r.ClassPreparationMethodBuilder clPrepBuilder: Inner Class detected. Reject building class initialisation methods. 
239715     DEBUG main            d.u.i.k.p.i.AbstractProblemLoader Init config took 3.25s 
239768     INFO  main            d.u.i.k.p.i.AbstractProblemLoader Replaying proof LinkedList[List::size()].JML accessible clause.0 
239813     DEBUG main            d.u.i.k.p.i.IntermediateProofReplayer Proof replay took 42.03ms 
239814     DEBUG main            d.u.i.k.p.r.p.TestFile    ... success: reloaded. 
239814     INFO  main            d.u.i.k.p.r.p.TestFile    Now processing file /home/runner/work/key/key/key.core/../key.ui/examples/heap/list/LinkedList_size.key 
239815     INFO  main            d.u.i.k.p.i.AbstractProblemLoader Loading environment from /home/runner/work/key/key/key.core/../key.ui/examples/heap/list/LinkedList_size.key 
239815     DEBUG main            d.u.i.k.p.i.AbstractProblemLoader Environment load took 82.1ns 
239815     INFO  main            d.u.i.k.p.i.AbstractProblemLoader Creating init config 
240781     DEBUG main            d.u.i.k.j.r.ClassPreparationMethodBuilder clPrepBuilder: Inner Class detected. Reject building class initialisation methods. 
242826     DEBUG main            d.u.i.k.p.i.AbstractProblemLoader Init config took 3.01s 
242869     INFO  main            d.u.i.k.p.i.AbstractProblemLoader Replaying proof LinkedList[List::size()].JML normal_behavior operation contract.0 
242871     DEBUG main            d.u.i.k.p.i.IntermediateProofReplayer Proof replay took 6.1ns 
243277     INFO  main            d.u.i.k.p.r.p.TestFile    ... finished proof: closed. 
243566     INFO  main            d.u.i.k.p.i.AbstractProblemLoader Loading environment from /home/runner/work/key/key/key.core/../key.ui/examples/heap/list/LinkedList_size.key.proof 
243566     DEBUG main            d.u.i.k.p.i.AbstractProblemLoader Environment load took 120.6ns 
243566     INFO  main            d.u.i.k.p.i.AbstractProblemLoader Creating init config 
244511     DEBUG main            d.u.i.k.j.r.ClassPreparationMethodBuilder clPrepBuilder: Inner Class detected. Reject building class initialisation methods. 
246513     DEBUG main            d.u.i.k.p.i.AbstractProblemLoader Init config took 2.95s 
246556     INFO  main            d.u.i.k.p.i.AbstractProblemLoader Replaying proof LinkedList[List::size()].JML normal_behavior operation contract.0 
246597     DEBUG main            d.u.i.k.p.i.IntermediateProofReplayer Proof replay took 37.94ms 
246598     DEBUG main            d.u.i.k.p.r.p.TestFile    ... success: reloaded. 
246598     INFO  main            d.u.i.k.p.r.p.TestFile    Now processing file /home/runner/work/key/key/key.core/../key.ui/examples/heap/list/MySet_footprint.key 
246599     INFO  main            d.u.i.k.p.i.AbstractProblemLoader Loading environment from /home/runner/work/key/key/key.core/../key.ui/examples/heap/list/MySet_footprint.key 
246599     DEBUG main            d.u.i.k.p.i.AbstractProblemLoader Environment load took 74.4ns 
246599     INFO  main            d.u.i.k.p.i.AbstractProblemLoader Creating init config 
247562     DEBUG main            d.u.i.k.j.r.ClassPreparationMethodBuilder clPrepBuilder: Inner Class detected. Reject building class initialisation methods. 
249606     DEBUG main            d.u.i.k.p.i.AbstractProblemLoader Init config took 3.01s 
249652     INFO  main            d.u.i.k.p.i.AbstractProblemLoader Replaying proof MySet[MySet::$footprint()].JML accessible clause.0 
249653     DEBUG main            d.u.i.k.p.i.IntermediateProofReplayer Proof replay took 5.6ns 
249955     INFO  main            d.u.i.k.p.r.p.TestFile    ... finished proof: closed. 
250256     INFO  main            d.u.i.k.p.i.AbstractProblemLoader Loading environment from /home/runner/work/key/key/key.core/../key.ui/examples/heap/list/MySet_footprint.key.proof 
250257     DEBUG main            d.u.i.k.p.i.AbstractProblemLoader Environment load took 97.6ns 
250258     INFO  main            d.u.i.k.p.i.AbstractProblemLoader Creating init config 
251204     DEBUG main            d.u.i.k.j.r.ClassPreparationMethodBuilder clPrepBuilder: Inner Class detected. Reject building class initialisation methods. 
253208     DEBUG main            d.u.i.k.p.i.AbstractProblemLoader Init config took 2.95s 
253259     INFO  main            d.u.i.k.p.i.AbstractProblemLoader Replaying proof MySet[MySet::$footprint()].JML accessible clause.0 
253288     DEBUG main            d.u.i.k.p.i.IntermediateProofReplayer Proof replay took 27.15ms 
253289     DEBUG main            d.u.i.k.p.r.p.TestFile    ... success: reloaded. 
253290     INFO  main            d.u.i.k.p.r.p.TestFile    Now processing file /home/runner/work/key/key/key.core/../key.ui/examples/heap/list/MySet_MySet.key 
253290     INFO  main            d.u.i.k.p.i.AbstractProblemLoader Loading environment from /home/runner/work/key/key/key.core/../key.ui/examples/heap/list/MySet_MySet.key 
253290     DEBUG main            d.u.i.k.p.i.AbstractProblemLoader Environment load took 61.6ns 
253291     INFO  main            d.u.i.k.p.i.AbstractProblemLoader Creating init config 
254253     DEBUG main            d.u.i.k.j.r.ClassPreparationMethodBuilder clPrepBuilder: Inner Class detected. Reject building class initialisation methods. 
256292     DEBUG main            d.u.i.k.p.i.AbstractProblemLoader Init config took 3s 
256338     INFO  main            d.u.i.k.p.i.AbstractProblemLoader Replaying proof MySet[MySet::MySet()].JML normal_behavior operation contract.0 
256339     DEBUG main            d.u.i.k.p.i.IntermediateProofReplayer Proof replay took 5.5ns 
258675     INFO  main            d.u.i.k.p.r.p.TestFile    ... finished proof: closed. 
258998     INFO  main            d.u.i.k.p.i.AbstractProblemLoader Loading environment from /home/runner/work/key/key/key.core/../key.ui/examples/heap/list/MySet_MySet.key.proof 
258998     DEBUG main            d.u.i.k.p.i.AbstractProblemLoader Environment load took 99.1ns 
259000     INFO  main            d.u.i.k.p.i.AbstractProblemLoader Creating init config 
259947     DEBUG main            d.u.i.k.j.r.ClassPreparationMethodBuilder clPrepBuilder: Inner Class detected. Reject building class initialisation methods. 
261950     DEBUG main            d.u.i.k.p.i.AbstractProblemLoader Init config took 2.95s 
261997     INFO  main            d.u.i.k.p.i.AbstractProblemLoader Replaying proof MySet[MySet::MySet()].JML normal_behavior operation contract.0 
262332     DEBUG main            d.u.i.k.p.i.IntermediateProofReplayer Proof replay took 321.73ms 
262333     DEBUG main            d.u.i.k.p.r.p.TestFile    ... success: reloaded. 
1083335    INFO  Test worker     d.u.i.k.p.r.RunAllProofsTestUnit Returning from test list 
1083336    INFO  Test worker     d.u.i.k.p.r.RunAllProofsTestUnit Running test list_ghost 
341        INFO  Timeout watchdog d.u.i.k.p.r.p.ForkedTestFileRunner Timeout watcher launched (2000 secs.) 
346        WARN  main            d.u.i.k.s.ProofSettings   The settings in /home/runner/.key/proof-settings.props are *not* read. 
372        INFO  main            d.u.i.k.p.r.p.TestFile    Now processing file /home/runner/work/key/key/key.core/../key.ui/examples/heap/list_ghost/ArrayList_add.key 
482        INFO  main            d.u.i.k.p.i.AbstractProblemLoader Loading environment from /home/runner/work/key/key/key.core/../key.ui/examples/heap/list_ghost/ArrayList_add.key 
504        DEBUG main            d.u.i.k.p.i.AbstractProblemLoader Environment load took 2.05ms 
749        INFO  main            d.u.i.k.p.i.AbstractProblemLoader Creating init config 
1594       DEBUG main            d.u.i.k.j.TypeConverter   No LDT found for Meta 
1594       DEBUG main            d.u.i.k.j.TypeConverter   No LDT found for Meta 
1596       DEBUG main            d.u.i.k.j.TypeConverter   No LDT found for Meta 
1596       DEBUG main            d.u.i.k.j.TypeConverter   No LDT found for Meta 
2897       DEBUG main            d.u.i.k.j.TypeConverter   No LDT found for JavaBigintExpression 
7954       DEBUG main            d.u.i.k.p.i.AbstractProblemLoader Init config took 7.2s 
8077       INFO  main            d.u.i.k.p.i.AbstractProblemLoader Replaying proof ArrayList[List::add(java.lang.Object)].JML normal_behavior operation contract.0 
8106       DEBUG main            d.u.i.k.p.i.IntermediateProofReplayer Proof replay took 27.8ns 
13044      INFO  main            d.u.i.k.p.r.p.TestFile    ... finished proof: closed. 
13215      INFO  main            d.u.i.k.p.i.AbstractProblemLoader Loading environment from /home/runner/work/key/key/key.core/../key.ui/examples/heap/list_ghost/ArrayList_add.key.proof 
13223      DEBUG main            d.u.i.k.p.i.AbstractProblemLoader Environment load took 7.64ms 
13226      INFO  main            d.u.i.k.p.i.AbstractProblemLoader Creating init config 
15945      DEBUG main            d.u.i.k.p.i.AbstractProblemLoader Init config took 2.72s 
16006      INFO  main            d.u.i.k.p.i.AbstractProblemLoader Replaying proof ArrayList[List::add(java.lang.Object)].JML normal_behavior operation contract.0 
16645      DEBUG main            d.u.i.k.p.i.IntermediateProofReplayer Proof replay took 616.88ms 
16654      DEBUG main            d.u.i.k.p.r.p.TestFile    ... success: reloaded. 
16659      INFO  main            d.u.i.k.p.r.p.TestFile    Now processing file /home/runner/work/key/key/key.core/../key.ui/examples/heap/list_ghost/ArrayList_ArrayList.key 
16660      INFO  main            d.u.i.k.p.i.AbstractProblemLoader Loading environment from /home/runner/work/key/key/key.core/../key.ui/examples/heap/list_ghost/ArrayList_ArrayList.key 
16660      DEBUG main            d.u.i.k.p.i.AbstractProblemLoader Environment load took 114.9ns 
16664      INFO  main            d.u.i.k.p.i.AbstractProblemLoader Creating init config 
19287      DEBUG main            d.u.i.k.p.i.AbstractProblemLoader Init config took 2.62s 
19341      INFO  main            d.u.i.k.p.i.AbstractProblemLoader Replaying proof ArrayList[ArrayList::ArrayList()].JML normal_behavior operation contract.0 
19344      DEBUG main            d.u.i.k.p.i.IntermediateProofReplayer Proof replay took 4.8ns 
20449      INFO  main            d.u.i.k.p.r.p.TestFile    ... finished proof: closed. 
20576      INFO  main            d.u.i.k.p.i.AbstractProblemLoader Loading environment from /home/runner/work/key/key/key.core/../key.ui/examples/heap/list_ghost/ArrayList_ArrayList.key.proof 
20579      DEBUG main            d.u.i.k.p.i.AbstractProblemLoader Environment load took 3.35ms 
20580      INFO  main            d.u.i.k.p.i.AbstractProblemLoader Creating init config 
23099      DEBUG main            d.u.i.k.p.i.AbstractProblemLoader Init config took 2.52s 
23147      INFO  main            d.u.i.k.p.i.AbstractProblemLoader Replaying proof ArrayList[ArrayList::ArrayList()].JML normal_behavior operation contract.0 
23321      DEBUG main            d.u.i.k.p.i.IntermediateProofReplayer Proof replay took 165.83ms 
23322      DEBUG main            d.u.i.k.p.r.p.TestFile    ... success: reloaded. 
23324      INFO  main            d.u.i.k.p.r.p.TestFile    Now processing file /home/runner/work/key/key/key.core/../key.ui/examples/heap/list_ghost/ArrayList_enlarge.key 
23324      INFO  main            d.u.i.k.p.i.AbstractProblemLoader Loading environment from /home/runner/work/key/key/key.core/../key.ui/examples/heap/list_ghost/ArrayList_enlarge.key 
23324      DEBUG main            d.u.i.k.p.i.AbstractProblemLoader Environment load took 199.5ns 
23325      INFO  main            d.u.i.k.p.i.AbstractProblemLoader Creating init config 
25842      DEBUG main            d.u.i.k.p.i.AbstractProblemLoader Init config took 2.52s 
25888      INFO  main            d.u.i.k.p.i.AbstractProblemLoader Replaying proof ArrayList[ArrayList::enlarge()].JML normal_behavior operation contract.0 
25890      DEBUG main            d.u.i.k.p.i.IntermediateProofReplayer Proof replay took 5.4ns 
27898      INFO  main            d.u.i.k.p.r.p.TestFile    ... finished proof: closed. 
28074      INFO  main            d.u.i.k.p.i.AbstractProblemLoader Loading environment from /home/runner/work/key/key/key.core/../key.ui/examples/heap/list_ghost/ArrayList_enlarge.key.proof 
28074      DEBUG main            d.u.i.k.p.i.AbstractProblemLoader Environment load took 427.69ns 
28076      INFO  main            d.u.i.k.p.i.AbstractProblemLoader Creating init config 
30573      DEBUG main            d.u.i.k.p.i.AbstractProblemLoader Init config took 2.5s 
30628      INFO  main            d.u.i.k.p.i.AbstractProblemLoader Replaying proof ArrayList[ArrayList::enlarge()].JML normal_behavior operation contract.0 
31014      DEBUG main            d.u.i.k.p.i.IntermediateProofReplayer Proof replay took 376.39ms 
31015      DEBUG main            d.u.i.k.p.r.p.TestFile    ... success: reloaded. 
31017      INFO  main            d.u.i.k.p.r.p.TestFile    Now processing file /home/runner/work/key/key/key.core/../key.ui/examples/heap/list_ghost/ArrayList_get_dep.key 
31017      INFO  main            d.u.i.k.p.i.AbstractProblemLoader Loading environment from /home/runner/work/key/key/key.core/../key.ui/examples/heap/list_ghost/ArrayList_get_dep.key 
31017      DEBUG main            d.u.i.k.p.i.AbstractProblemLoader Environment load took 218.7ns 
31018      INFO  main            d.u.i.k.p.i.AbstractProblemLoader Creating init config 
33503      DEBUG main            d.u.i.k.p.i.AbstractProblemLoader Init config took 2.49s 
33549      INFO  main            d.u.i.k.p.i.AbstractProblemLoader Replaying proof ArrayList[List::get(int)].JML accessible clause.0 
33551      DEBUG main            d.u.i.k.p.i.IntermediateProofReplayer Proof replay took 13.6ns 
33855      INFO  main            d.u.i.k.p.r.p.TestFile    ... finished proof: closed. 
34007      INFO  main            d.u.i.k.p.i.AbstractProblemLoader Loading environment from /home/runner/work/key/key/key.core/../key.ui/examples/heap/list_ghost/ArrayList_get_dep.key.proof 
34007      DEBUG main            d.u.i.k.p.i.AbstractProblemLoader Environment load took 116.1ns 
34008      INFO  main            d.u.i.k.p.i.AbstractProblemLoader Creating init config 
36450      DEBUG main            d.u.i.k.p.i.AbstractProblemLoader Init config took 2.44s 
36501      INFO  main            d.u.i.k.p.i.AbstractProblemLoader Replaying proof ArrayList[List::get(int)].JML accessible clause.0 
36560      DEBUG main            d.u.i.k.p.i.IntermediateProofReplayer Proof replay took 55.15ms 
36561      DEBUG main            d.u.i.k.p.r.p.TestFile    ... success: reloaded. 
36562      INFO  main            d.u.i.k.p.r.p.TestFile    Now processing file /home/runner/work/key/key/key.core/../key.ui/examples/heap/list_ghost/ArrayList_get_exceptional.key 
36563      INFO  main            d.u.i.k.p.i.AbstractProblemLoader Loading environment from /home/runner/work/key/key/key.core/../key.ui/examples/heap/list_ghost/ArrayList_get_exceptional.key 
36563      DEBUG main            d.u.i.k.p.i.AbstractProblemLoader Environment load took 214.9ns 
36564      INFO  main            d.u.i.k.p.i.AbstractProblemLoader Creating init config 
39102      DEBUG main            d.u.i.k.p.i.AbstractProblemLoader Init config took 2.54s 
39145      INFO  main            d.u.i.k.p.i.AbstractProblemLoader Replaying proof ArrayList[List::get(int)].JML exceptional_behavior operation contract.0 
39147      DEBUG main            d.u.i.k.p.i.IntermediateProofReplayer Proof replay took 5.1ns 
39850      INFO  main            d.u.i.k.p.r.p.TestFile    ... finished proof: closed. 
40055      INFO  main            d.u.i.k.p.i.AbstractProblemLoader Loading environment from /home/runner/work/key/key/key.core/../key.ui/examples/heap/list_ghost/ArrayList_get_exceptional.key.proof 
40056      DEBUG main            d.u.i.k.p.i.AbstractProblemLoader Environment load took 422.89ns 
40057      INFO  main            d.u.i.k.p.i.AbstractProblemLoader Creating init config 
42520      DEBUG main            d.u.i.k.p.i.AbstractProblemLoader Init config took 2.46s 
42562      INFO  main            d.u.i.k.p.i.AbstractProblemLoader Replaying proof ArrayList[List::get(int)].JML exceptional_behavior operation contract.0 
42716      DEBUG main            d.u.i.k.p.i.IntermediateProofReplayer Proof replay took 143.9ms 
42717      DEBUG main            d.u.i.k.p.r.p.TestFile    ... success: reloaded. 
42718      INFO  main            d.u.i.k.p.r.p.TestFile    Now processing file /home/runner/work/key/key/key.core/../key.ui/examples/heap/list_ghost/ArrayList_get_normal.key 
42718      INFO  main            d.u.i.k.p.i.AbstractProblemLoader Loading environment from /home/runner/work/key/key/key.core/../key.ui/examples/heap/list_ghost/ArrayList_get_normal.key 
42718      DEBUG main            d.u.i.k.p.i.AbstractProblemLoader Environment load took 123.9ns 
42719      INFO  main            d.u.i.k.p.i.AbstractProblemLoader Creating init config 
45178      DEBUG main            d.u.i.k.p.i.AbstractProblemLoader Init config took 2.46s 
45219      INFO  main            d.u.i.k.p.i.AbstractProblemLoader Replaying proof ArrayList[List::get(int)].JML normal_behavior operation contract.0 
45220      DEBUG main            d.u.i.k.p.i.IntermediateProofReplayer Proof replay took 5.3ns 
45423      INFO  main            d.u.i.k.p.r.p.TestFile    ... finished proof: closed. 
45605      INFO  main            d.u.i.k.p.i.AbstractProblemLoader Loading environment from /home/runner/work/key/key/key.core/../key.ui/examples/heap/list_ghost/ArrayList_get_normal.key.proof 
45605      DEBUG main            d.u.i.k.p.i.AbstractProblemLoader Environment load took 108.2ns 
45606      INFO  main            d.u.i.k.p.i.AbstractProblemLoader Creating init config 
47998      DEBUG main            d.u.i.k.p.i.AbstractProblemLoader Init config took 2.39s 
48037      INFO  main            d.u.i.k.p.i.AbstractProblemLoader Replaying proof ArrayList[List::get(int)].JML normal_behavior operation contract.0 
48081      DEBUG main            d.u.i.k.p.i.IntermediateProofReplayer Proof replay took 41.04ms 
48082      DEBUG main            d.u.i.k.p.r.p.TestFile    ... success: reloaded. 
48083      INFO  main            d.u.i.k.p.r.p.TestFile    Now processing file /home/runner/work/key/key/key.core/../key.ui/examples/heap/list_ghost/ArrayList_inv.key 
48083      INFO  main            d.u.i.k.p.i.AbstractProblemLoader Loading environment from /home/runner/work/key/key/key.core/../key.ui/examples/heap/list_ghost/ArrayList_inv.key 
48083      DEBUG main            d.u.i.k.p.i.AbstractProblemLoader Environment load took 89.9ns 
48084      INFO  main            d.u.i.k.p.i.AbstractProblemLoader Creating init config 
50538      DEBUG main            d.u.i.k.p.i.AbstractProblemLoader Init config took 2.45s 
50577      INFO  main            d.u.i.k.p.i.AbstractProblemLoader Replaying proof ArrayList[java.lang.Object::<inv>()].JML accessible clause.0 
50578      DEBUG main            d.u.i.k.p.i.IntermediateProofReplayer Proof replay took 5.1ns 
50681      INFO  main            d.u.i.k.p.r.p.TestFile    ... finished proof: closed. 
50834      INFO  main            d.u.i.k.p.i.AbstractProblemLoader Loading environment from /home/runner/work/key/key/key.core/../key.ui/examples/heap/list_ghost/ArrayList_inv.key.proof 
50834      DEBUG main            d.u.i.k.p.i.AbstractProblemLoader Environment load took 104.1ns 
50835      INFO  main            d.u.i.k.p.i.AbstractProblemLoader Creating init config 
53233      DEBUG main            d.u.i.k.p.i.AbstractProblemLoader Init config took 2.4s 
53271      INFO  main            d.u.i.k.p.i.AbstractProblemLoader Replaying proof ArrayList[java.lang.Object::<inv>()].JML accessible clause.0 
53281      DEBUG main            d.u.i.k.p.i.IntermediateProofReplayer Proof replay took 8.14ms 
53282      DEBUG main            d.u.i.k.p.r.p.TestFile    ... success: reloaded. 
53283      INFO  main            d.u.i.k.p.r.p.TestFile    Now processing file /home/runner/work/key/key/key.core/../key.ui/examples/heap/list_ghost/ArrayList_size_dep.key 
53284      INFO  main            d.u.i.k.p.i.AbstractProblemLoader Loading environment from /home/runner/work/key/key/key.core/../key.ui/examples/heap/list_ghost/ArrayList_size_dep.key 
53284      DEBUG main            d.u.i.k.p.i.AbstractProblemLoader Environment load took 202.6ns 
53285      INFO  main            d.u.i.k.p.i.AbstractProblemLoader Creating init config 
55745      DEBUG main            d.u.i.k.p.i.AbstractProblemLoader Init config took 2.46s 
55787      INFO  main            d.u.i.k.p.i.AbstractProblemLoader Replaying proof ArrayList[List::size()].JML accessible clause.0 
55792      DEBUG main            d.u.i.k.p.i.IntermediateProofReplayer Proof replay took 5.1ns 
55893      INFO  main            d.u.i.k.p.r.p.TestFile    ... finished proof: closed. 
56120      INFO  main            d.u.i.k.p.i.AbstractProblemLoader Loading environment from /home/runner/work/key/key/key.core/../key.ui/examples/heap/list_ghost/ArrayList_size_dep.key.proof 
56121      DEBUG main            d.u.i.k.p.i.AbstractProblemLoader Environment load took 111.1ns 
56125      INFO  main            d.u.i.k.p.i.AbstractProblemLoader Creating init config 
58543      DEBUG main            d.u.i.k.p.i.AbstractProblemLoader Init config took 2.42s 
58586      INFO  main            d.u.i.k.p.i.AbstractProblemLoader Replaying proof ArrayList[List::size()].JML accessible clause.0 
58599      DEBUG main            d.u.i.k.p.i.IntermediateProofReplayer Proof replay took 11.47ms 
58600      DEBUG main            d.u.i.k.p.r.p.TestFile    ... success: reloaded. 
58601      INFO  main            d.u.i.k.p.r.p.TestFile    Now processing file /home/runner/work/key/key/key.core/../key.ui/examples/heap/list_ghost/ArrayList_size.key 
58601      INFO  main            d.u.i.k.p.i.AbstractProblemLoader Loading environment from /home/runner/work/key/key/key.core/../key.ui/examples/heap/list_ghost/ArrayList_size.key 
58601      DEBUG main            d.u.i.k.p.i.AbstractProblemLoader Environment load took 217.2ns 
58609      INFO  main            d.u.i.k.p.i.AbstractProblemLoader Creating init config 
61014      DEBUG main            d.u.i.k.p.i.AbstractProblemLoader Init config took 2.4s 
61051      INFO  main            d.u.i.k.p.i.AbstractProblemLoader Replaying proof ArrayList[List::size()].JML normal_behavior operation contract.0 
61053      DEBUG main            d.u.i.k.p.i.IntermediateProofReplayer Proof replay took 6ns 
61155      INFO  main            d.u.i.k.p.r.p.TestFile    ... finished proof: closed. 
61324      INFO  main            d.u.i.k.p.i.AbstractProblemLoader Loading environment from /home/runner/work/key/key/key.core/../key.ui/examples/heap/list_ghost/ArrayList_size.key.proof 
61325      DEBUG main            d.u.i.k.p.i.AbstractProblemLoader Environment load took 138.7ns 
61325      INFO  main            d.u.i.k.p.i.AbstractProblemLoader Creating init config 
63724      DEBUG main            d.u.i.k.p.i.AbstractProblemLoader Init config took 2.4s 
63761      INFO  main            d.u.i.k.p.i.AbstractProblemLoader Replaying proof ArrayList[List::size()].JML normal_behavior operation contract.0 
63774      DEBUG main            d.u.i.k.p.i.IntermediateProofReplayer Proof replay took 11.1ms 
63774      DEBUG main            d.u.i.k.p.r.p.TestFile    ... success: reloaded. 
1147274    INFO  Test worker     d.u.i.k.p.r.RunAllProofsTestUnit Returning from test list_ghost 
1147275    INFO  Test worker     d.u.i.k.p.r.RunAllProofsTestUnit Running test list_recursive 
303        INFO  Timeout watchdog d.u.i.k.p.r.p.ForkedTestFileRunner Timeout watcher launched (2000 secs.) 
315        WARN  main            d.u.i.k.s.ProofSettings   The settings in /home/runner/.key/proof-settings.props are *not* read. 
341        INFO  main            d.u.i.k.p.r.p.TestFile    Now processing file /home/runner/work/key/key/key.core/../key.ui/examples/heap/list_recursiveSpec/ListOperationsNonNull_getNextNN_normal_behavior.key 
452        INFO  main            d.u.i.k.p.i.AbstractProblemLoader Loading environment from /home/runner/work/key/key/key.core/../key.ui/examples/heap/list_recursiveSpec/ListOperationsNonNull_getNextNN_normal_behavior.key 
467        DEBUG main            d.u.i.k.p.i.AbstractProblemLoader Environment load took 1.79ms 
674        INFO  main            d.u.i.k.p.i.AbstractProblemLoader Creating init config 
1573       DEBUG main            d.u.i.k.j.TypeConverter   No LDT found for Meta 
1573       DEBUG main            d.u.i.k.j.TypeConverter   No LDT found for Meta 
1574       DEBUG main            d.u.i.k.j.TypeConverter   No LDT found for Meta 
1574       DEBUG main            d.u.i.k.j.TypeConverter   No LDT found for Meta 
2970       DEBUG main            d.u.i.k.j.TypeConverter   No LDT found for JavaBigintExpression 
7786       DEBUG main            d.u.i.k.p.i.AbstractProblemLoader Init config took 7.11s 
7941       INFO  main            d.u.i.k.p.i.AbstractProblemLoader Replaying proof ListOperationsNonNull[ListOperationsNonNull::getNextNN(ListNN,int)].JML normal_behavior operation contract.0 
7971       DEBUG main            d.u.i.k.p.i.IntermediateProofReplayer Proof replay took 31.5ns 
9108       INFO  main            d.u.i.k.p.r.p.TestFile    ... finished proof: closed. 
9231       INFO  main            d.u.i.k.p.i.AbstractProblemLoader Loading environment from /home/runner/work/key/key/key.core/../key.ui/examples/heap/list_recursiveSpec/ListOperationsNonNull_getNextNN_normal_behavior.key.proof 
9231       DEBUG main            d.u.i.k.p.i.AbstractProblemLoader Environment load took 430.69ns 
9235       INFO  main            d.u.i.k.p.i.AbstractProblemLoader Creating init config 
12096      DEBUG main            d.u.i.k.p.i.AbstractProblemLoader Init config took 2.86s 
12174      INFO  main            d.u.i.k.p.i.AbstractProblemLoader Replaying proof ListOperationsNonNull[ListOperationsNonNull::getNextNN(ListNN,int)].JML normal_behavior operation contract.0 
12424      DEBUG main            d.u.i.k.p.i.IntermediateProofReplayer Proof replay took 234.56ms 
12433      DEBUG main            d.u.i.k.p.r.p.TestFile    ... success: reloaded. 
12436      INFO  main            d.u.i.k.p.r.p.TestFile    Now processing file /home/runner/work/key/key/key.core/../key.ui/examples/heap/list_recursiveSpec/ListOperationsNonNull_setValueAt_normal_behavior.key 
12436      INFO  main            d.u.i.k.p.i.AbstractProblemLoader Loading environment from /home/runner/work/key/key/key.core/../key.ui/examples/heap/list_recursiveSpec/ListOperationsNonNull_setValueAt_normal_behavior.key 
12437      DEBUG main            d.u.i.k.p.i.AbstractProblemLoader Environment load took 104.7ns 
12440      INFO  main            d.u.i.k.p.i.AbstractProblemLoader Creating init config 
15200      DEBUG main            d.u.i.k.p.i.AbstractProblemLoader Init config took 2.76s 
15259      INFO  main            d.u.i.k.p.i.AbstractProblemLoader Replaying proof ListOperationsNonNull[ListOperationsNonNull::setValueAt_NN(ListNN,int,int)].JML normal_behavior operation contract.0 
15262      DEBUG main            d.u.i.k.p.i.IntermediateProofReplayer Proof replay took 5.4ns 
15285      DEBUG main            d.u.i.k.m.s.ProofScriptEngine 1: 'macro autopilot' 
17867      DEBUG main            d.u.i.k.m.s.ProofScriptEngine 2: 'macro simp-upd' 
17874      DEBUG main            d.u.i.k.m.s.ProofScriptEngine 3: 'rule observerDependencyEQ' 
17894      DEBUG main            d.u.i.k.m.s.ProofScriptEngine 4: 'tryclose' 
17922      INFO  main            d.u.i.k.p.r.p.TestFile    ... finished proof: closed. 
18065      INFO  main            d.u.i.k.p.i.AbstractProblemLoader Loading environment from /home/runner/work/key/key/key.core/../key.ui/examples/heap/list_recursiveSpec/ListOperationsNonNull_setValueAt_normal_behavior.key.proof 
18065      DEBUG main            d.u.i.k.p.i.AbstractProblemLoader Environment load took 894.29ns 
18069      INFO  main            d.u.i.k.p.i.AbstractProblemLoader Creating init config 
20650      DEBUG main            d.u.i.k.p.i.AbstractProblemLoader Init config took 2.58s 
20711      INFO  main            d.u.i.k.p.i.AbstractProblemLoader Replaying proof ListOperationsNonNull[ListOperationsNonNull::setValueAt_NN(ListNN,int,int)].JML normal_behavior operation contract.0 
20827      DEBUG main            d.u.i.k.p.i.IntermediateProofReplayer Proof replay took 110.41ms 
20828      DEBUG main            d.u.i.k.p.r.p.TestFile    ... success: reloaded. 
1168282    INFO  Test worker     d.u.i.k.p.r.RunAllProofsTestUnit Returning from test list_recursive 
1168283    INFO  Test worker     d.u.i.k.p.r.RunAllProofsTestUnit Running test list_seq 
307        INFO  Timeout watchdog d.u.i.k.p.r.p.ForkedTestFileRunner Timeout watcher launched (2000 secs.) 
315        WARN  main            d.u.i.k.s.ProofSettings   The settings in /home/runner/.key/proof-settings.props are *not* read. 
359        INFO  main            d.u.i.k.p.r.p.TestFile    Now processing file /home/runner/work/key/key/key.core/../key.ui/examples/heap/list_seq/SimplifiedLinkedList.remove.key 
482        INFO  main            d.u.i.k.p.i.AbstractProblemLoader Loading environment from /home/runner/work/key/key/key.core/../key.ui/examples/heap/list_seq/SimplifiedLinkedList.remove.key 
501        DEBUG main            d.u.i.k.p.i.AbstractProblemLoader Environment load took 1.77ms 
704        INFO  main            d.u.i.k.p.i.AbstractProblemLoader Creating init config 
1613       DEBUG main            d.u.i.k.j.TypeConverter   No LDT found for Meta 
1613       DEBUG main            d.u.i.k.j.TypeConverter   No LDT found for Meta 
1614       DEBUG main            d.u.i.k.j.TypeConverter   No LDT found for Meta 
1614       DEBUG main            d.u.i.k.j.TypeConverter   No LDT found for Meta 
2973       DEBUG main            d.u.i.k.j.TypeConverter   No LDT found for JavaBigintExpression 
8379       DEBUG main            d.u.i.k.p.i.AbstractProblemLoader Init config took 7.67s 
8551       INFO  main            d.u.i.k.p.i.AbstractProblemLoader Replaying proof SimplifiedLinkedList[SimplifiedLinkedList::remove(int)].JML normal_behavior operation contract.0 
8608       DEBUG main            d.u.i.k.p.i.IntermediateProofReplayer Proof replay took 30ns 
93314      INFO  main            d.u.i.k.p.r.p.TestFile    ... finished proof: closed. 
93718      INFO  main            d.u.i.k.p.i.AbstractProblemLoader Loading environment from /home/runner/work/key/key/key.core/../key.ui/examples/heap/list_seq/SimplifiedLinkedList.remove.key.proof 
93719      DEBUG main            d.u.i.k.p.i.AbstractProblemLoader Environment load took 205.1ns 
93732      INFO  main            d.u.i.k.p.i.AbstractProblemLoader Creating init config 
96682      DEBUG main            d.u.i.k.p.i.AbstractProblemLoader Init config took 2.95s 
96782      INFO  main            d.u.i.k.p.i.AbstractProblemLoader Replaying proof SimplifiedLinkedList[SimplifiedLinkedList::remove(int)].JML normal_behavior operation contract.0 
100922     DEBUG main            d.u.i.k.p.i.IntermediateProofReplayer Proof replay took 3.89s 
100942     DEBUG main            d.u.i.k.p.r.p.TestFile    ... success: reloaded. 
100944     INFO  main            d.u.i.k.p.r.p.TestFile    Now processing file /home/runner/work/key/key/key.core/../key.ui/examples/heap/list_seq/ArrayList.ArrayList.key 
100944     INFO  main            d.u.i.k.p.i.AbstractProblemLoader Loading environment from /home/runner/work/key/key/key.core/../key.ui/examples/heap/list_seq/ArrayList.ArrayList.key 
100945     DEBUG main            d.u.i.k.p.i.AbstractProblemLoader Environment load took 221.2ns 
100946     INFO  main            d.u.i.k.p.i.AbstractProblemLoader Creating init config 
103928     DEBUG main            d.u.i.k.p.i.AbstractProblemLoader Init config took 2.98s 
104016     INFO  main            d.u.i.k.p.i.AbstractProblemLoader Replaying proof ArrayList[ArrayList::ArrayList()].JML normal_behavior operation contract.0 
104018     DEBUG main            d.u.i.k.p.i.IntermediateProofReplayer Proof replay took 4.8ns 
104821     INFO  main            d.u.i.k.p.r.p.TestFile    ... finished proof: closed. 
104999     INFO  main            d.u.i.k.p.i.AbstractProblemLoader Loading environment from /home/runner/work/key/key/key.core/../key.ui/examples/heap/list_seq/ArrayList.ArrayList.key.proof 
105000     DEBUG main            d.u.i.k.p.i.AbstractProblemLoader Environment load took 429ns 
105001     INFO  main            d.u.i.k.p.i.AbstractProblemLoader Creating init config 
107801     DEBUG main            d.u.i.k.p.i.AbstractProblemLoader Init config took 2.8s 
107893     INFO  main            d.u.i.k.p.i.AbstractProblemLoader Replaying proof ArrayList[ArrayList::ArrayList()].JML normal_behavior operation contract.0 
108021     DEBUG main            d.u.i.k.p.i.IntermediateProofReplayer Proof replay took 123.55ms 
108022     DEBUG main            d.u.i.k.p.r.p.TestFile    ... success: reloaded. 
108023     INFO  main            d.u.i.k.p.r.p.TestFile    Now processing file /home/runner/work/key/key/key.core/../key.ui/examples/heap/list_seq/ArrayList.add.key 
108024     INFO  main            d.u.i.k.p.i.AbstractProblemLoader Loading environment from /home/runner/work/key/key/key.core/../key.ui/examples/heap/list_seq/ArrayList.add.key 
108024     DEBUG main            d.u.i.k.p.i.AbstractProblemLoader Environment load took 250.2ns 
108025     INFO  main            d.u.i.k.p.i.AbstractProblemLoader Creating init config 
110867     DEBUG main            d.u.i.k.p.i.AbstractProblemLoader Init config took 2.84s 
110964     INFO  main            d.u.i.k.p.i.AbstractProblemLoader Replaying proof ArrayList[List::add(java.lang.Object)].JML normal_behavior operation contract.0 
110965     DEBUG main            d.u.i.k.p.i.IntermediateProofReplayer Proof replay took 5.6ns 
114173     INFO  main            d.u.i.k.p.r.p.TestFile    ... finished proof: closed. 
114355     INFO  main            d.u.i.k.p.i.AbstractProblemLoader Loading environment from /home/runner/work/key/key/key.core/../key.ui/examples/heap/list_seq/ArrayList.add.key.proof 
114356     DEBUG main            d.u.i.k.p.i.AbstractProblemLoader Environment load took 395.5ns 
114357     INFO  main            d.u.i.k.p.i.AbstractProblemLoader Creating init config 
117152     DEBUG main            d.u.i.k.p.i.AbstractProblemLoader Init config took 2.8s 
117229     INFO  main            d.u.i.k.p.i.AbstractProblemLoader Replaying proof ArrayList[List::add(java.lang.Object)].JML normal_behavior operation contract.0 
117656     DEBUG main            d.u.i.k.p.i.IntermediateProofReplayer Proof replay took 412.95ms 
117657     DEBUG main            d.u.i.k.p.r.p.TestFile    ... success: reloaded. 
117663     INFO  main            d.u.i.k.p.r.p.TestFile    Now processing file /home/runner/work/key/key/key.core/../key.ui/examples/heap/list_seq/ArrayList.contains.key 
117663     INFO  main            d.u.i.k.p.i.AbstractProblemLoader Loading environment from /home/runner/work/key/key/key.core/../key.ui/examples/heap/list_seq/ArrayList.contains.key 
117671     DEBUG main            d.u.i.k.p.i.AbstractProblemLoader Environment load took 7.73ms 
117672     INFO  main            d.u.i.k.p.i.AbstractProblemLoader Creating init config 
120515     DEBUG main            d.u.i.k.p.i.AbstractProblemLoader Init config took 2.84s 
120622     INFO  main            d.u.i.k.p.i.AbstractProblemLoader Replaying proof ArrayList[List::contains(java.lang.Object)].JML normal_behavior operation contract.0 
120624     DEBUG main            d.u.i.k.p.i.IntermediateProofReplayer Proof replay took 5ns 
122129     INFO  main            d.u.i.k.p.r.p.TestFile    ... finished proof: closed. 
122305     INFO  main            d.u.i.k.p.i.AbstractProblemLoader Loading environment from /home/runner/work/key/key/key.core/../key.ui/examples/heap/list_seq/ArrayList.contains.key.proof 
122305     DEBUG main            d.u.i.k.p.i.AbstractProblemLoader Environment load took 437.1ns 
122307     INFO  main            d.u.i.k.p.i.AbstractProblemLoader Creating init config 
125059     DEBUG main            d.u.i.k.p.i.AbstractProblemLoader Init config took 2.75s 
125134     INFO  main            d.u.i.k.p.i.AbstractProblemLoader Replaying proof ArrayList[List::contains(java.lang.Object)].JML normal_behavior operation contract.0 
125358     DEBUG main            d.u.i.k.p.i.IntermediateProofReplayer Proof replay took 218.78ms 
125360     DEBUG main            d.u.i.k.p.r.p.TestFile    ... success: reloaded. 
125361     INFO  main            d.u.i.k.p.r.p.TestFile    Now processing file /home/runner/work/key/key/key.core/../key.ui/examples/heap/list_seq/ArrayList.enlarge.key 
125361     INFO  main            d.u.i.k.p.i.AbstractProblemLoader Loading environment from /home/runner/work/key/key/key.core/../key.ui/examples/heap/list_seq/ArrayList.enlarge.key 
125361     DEBUG main            d.u.i.k.p.i.AbstractProblemLoader Environment load took 193.5ns 
125362     INFO  main            d.u.i.k.p.i.AbstractProblemLoader Creating init config 
128211     DEBUG main            d.u.i.k.p.i.AbstractProblemLoader Init config took 2.85s 
128293     INFO  main            d.u.i.k.p.i.AbstractProblemLoader Replaying proof ArrayList[ArrayList::enlarge()].JML normal_behavior operation contract.0 
128294     DEBUG main            d.u.i.k.p.i.IntermediateProofReplayer Proof replay took 4.8ns 
130300     INFO  main            d.u.i.k.p.r.p.TestFile    ... finished proof: closed. 
130473     INFO  main            d.u.i.k.p.i.AbstractProblemLoader Loading environment from /home/runner/work/key/key/key.core/../key.ui/examples/heap/list_seq/ArrayList.enlarge.key.proof 
130474     DEBUG main            d.u.i.k.p.i.AbstractProblemLoader Environment load took 1.06ms 
130478     INFO  main            d.u.i.k.p.i.AbstractProblemLoader Creating init config 
133244     DEBUG main            d.u.i.k.p.i.AbstractProblemLoader Init config took 2.77s 
133319     INFO  main            d.u.i.k.p.i.AbstractProblemLoader Replaying proof ArrayList[ArrayList::enlarge()].JML normal_behavior operation contract.0 
133637     DEBUG main            d.u.i.k.p.i.IntermediateProofReplayer Proof replay took 310.36ms 
133638     DEBUG main            d.u.i.k.p.r.p.TestFile    ... success: reloaded. 
133639     INFO  main            d.u.i.k.p.r.p.TestFile    Now processing file /home/runner/work/key/key/key.core/../key.ui/examples/heap/list_seq/ArrayList.get.key 
133640     INFO  main            d.u.i.k.p.i.AbstractProblemLoader Loading environment from /home/runner/work/key/key/key.core/../key.ui/examples/heap/list_seq/ArrayList.get.key 
133640     DEBUG main            d.u.i.k.p.i.AbstractProblemLoader Environment load took 208.7ns 
133641     INFO  main            d.u.i.k.p.i.AbstractProblemLoader Creating init config 
136445     DEBUG main            d.u.i.k.p.i.AbstractProblemLoader Init config took 2.8s 
136519     INFO  main            d.u.i.k.p.i.AbstractProblemLoader Replaying proof ArrayList[List::get(int)].JML normal_behavior operation contract.0 
136520     DEBUG main            d.u.i.k.p.i.IntermediateProofReplayer Proof replay took 5ns 
137031     INFO  main            d.u.i.k.p.r.p.TestFile    ... finished proof: closed. 
137209     INFO  main            d.u.i.k.p.i.AbstractProblemLoader Loading environment from /home/runner/work/key/key/key.core/../key.ui/examples/heap/list_seq/ArrayList.get.key.proof 
137210     DEBUG main            d.u.i.k.p.i.AbstractProblemLoader Environment load took 438.3ns 
137211     INFO  main            d.u.i.k.p.i.AbstractProblemLoader Creating init config 
139982     DEBUG main            d.u.i.k.p.i.AbstractProblemLoader Init config took 2.77s 
140067     INFO  main            d.u.i.k.p.i.AbstractProblemLoader Replaying proof ArrayList[List::get(int)].JML normal_behavior operation contract.0 
140128     DEBUG main            d.u.i.k.p.i.IntermediateProofReplayer Proof replay took 57.72ms 
140129     DEBUG main            d.u.i.k.p.r.p.TestFile    ... success: reloaded. 
140130     INFO  main            d.u.i.k.p.r.p.TestFile    Now processing file /home/runner/work/key/key/key.core/../key.ui/examples/heap/list_seq/ArrayList.newArray.key 
140130     INFO  main            d.u.i.k.p.i.AbstractProblemLoader Loading environment from /home/runner/work/key/key/key.core/../key.ui/examples/heap/list_seq/ArrayList.newArray.key 
140131     DEBUG main            d.u.i.k.p.i.AbstractProblemLoader Environment load took 215.2ns 
140132     INFO  main            d.u.i.k.p.i.AbstractProblemLoader Creating init config 
142960     DEBUG main            d.u.i.k.p.i.AbstractProblemLoader Init config took 2.83s 
143058     INFO  main            d.u.i.k.p.i.AbstractProblemLoader Replaying proof ArrayList[ArrayList::newArray(int)].JML normal_behavior operation contract.0 
143059     DEBUG main            d.u.i.k.p.i.IntermediateProofReplayer Proof replay took 5.6ns 
143364     INFO  main            d.u.i.k.p.r.p.TestFile    ... finished proof: closed. 
143538     INFO  main            d.u.i.k.p.i.AbstractProblemLoader Loading environment from /home/runner/work/key/key/key.core/../key.ui/examples/heap/list_seq/ArrayList.newArray.key.proof 
143539     DEBUG main            d.u.i.k.p.i.AbstractProblemLoader Environment load took 107.2ns 
143539     INFO  main            d.u.i.k.p.i.AbstractProblemLoader Creating init config 
146270     DEBUG main            d.u.i.k.p.i.AbstractProblemLoader Init config took 2.73s 
146345     INFO  main            d.u.i.k.p.i.AbstractProblemLoader Replaying proof ArrayList[ArrayList::newArray(int)].JML normal_behavior operation contract.0 
146396     DEBUG main            d.u.i.k.p.i.IntermediateProofReplayer Proof replay took 47.48ms 
146397     DEBUG main            d.u.i.k.p.r.p.TestFile    ... success: reloaded. 
146399     INFO  main            d.u.i.k.p.r.p.TestFile    Now processing file /home/runner/work/key/key/key.core/../key.ui/examples/heap/list_seq/ArrayList.remove.0.key 
146399     INFO  main            d.u.i.k.p.i.AbstractProblemLoader Loading environment from /home/runner/work/key/key/key.core/../key.ui/examples/heap/list_seq/ArrayList.remove.0.key 
146399     DEBUG main            d.u.i.k.p.i.AbstractProblemLoader Environment load took 209.5ns 
146400     INFO  main            d.u.i.k.p.i.AbstractProblemLoader Creating init config 
149173     DEBUG main            d.u.i.k.p.i.AbstractProblemLoader Init config took 2.77s 
149255     INFO  main            d.u.i.k.p.i.AbstractProblemLoader Replaying proof ArrayList[List::remove(java.lang.Object)].JML normal_behavior operation contract.0 
149256     DEBUG main            d.u.i.k.p.i.IntermediateProofReplayer Proof replay took 4.6ns 
151165     INFO  main            d.u.i.k.p.r.p.TestFile    ... finished proof: closed. 
151364     INFO  main            d.u.i.k.p.i.AbstractProblemLoader Loading environment from /home/runner/work/key/key/key.core/../key.ui/examples/heap/list_seq/ArrayList.remove.0.key.proof 
151364     DEBUG main            d.u.i.k.p.i.AbstractProblemLoader Environment load took 425.5ns 
151366     INFO  main            d.u.i.k.p.i.AbstractProblemLoader Creating init config 
154097     DEBUG main            d.u.i.k.p.i.AbstractProblemLoader Init config took 2.73s 
154167     INFO  main            d.u.i.k.p.i.AbstractProblemLoader Replaying proof ArrayList[List::remove(java.lang.Object)].JML normal_behavior operation contract.0 
154663     DEBUG main            d.u.i.k.p.i.IntermediateProofReplayer Proof replay took 489.55ms 
154664     DEBUG main            d.u.i.k.p.r.p.TestFile    ... success: reloaded. 
154665     INFO  main            d.u.i.k.p.r.p.TestFile    Now processing file /home/runner/work/key/key/key.core/../key.ui/examples/heap/list_seq/ArrayList.remove.1.key 
154666     INFO  main            d.u.i.k.p.i.AbstractProblemLoader Loading environment from /home/runner/work/key/key/key.core/../key.ui/examples/heap/list_seq/ArrayList.remove.1.key 
154666     DEBUG main            d.u.i.k.p.i.AbstractProblemLoader Environment load took 219.3ns 
154667     INFO  main            d.u.i.k.p.i.AbstractProblemLoader Creating init config 
157410     DEBUG main            d.u.i.k.p.i.AbstractProblemLoader Init config took 2.74s 
157498     INFO  main            d.u.i.k.p.i.AbstractProblemLoader Replaying proof ArrayList[List::remove(java.lang.Object)].JML normal_behavior operation contract.1 
157500     DEBUG main            d.u.i.k.p.i.IntermediateProofReplayer Proof replay took 5ns 
168768     INFO  main            d.u.i.k.p.r.p.TestFile    ... finished proof: closed. 
169004     INFO  main            d.u.i.k.p.i.AbstractProblemLoader Loading environment from /home/runner/work/key/key/key.core/../key.ui/examples/heap/list_seq/ArrayList.remove.1.key.proof 
169004     DEBUG main            d.u.i.k.p.i.AbstractProblemLoader Environment load took 409.6ns 
169007     INFO  main            d.u.i.k.p.i.AbstractProblemLoader Creating init config 
171696     DEBUG main            d.u.i.k.p.i.AbstractProblemLoader Init config took 2.69s 
171767     INFO  main            d.u.i.k.p.i.AbstractProblemLoader Replaying proof ArrayList[List::remove(java.lang.Object)].JML normal_behavior operation contract.1 
173142     DEBUG main            d.u.i.k.p.i.IntermediateProofReplayer Proof replay took 1.35s 
173144     DEBUG main            d.u.i.k.p.r.p.TestFile    ... success: reloaded. 
1341584    INFO  Test worker     d.u.i.k.p.r.RunAllProofsTestUnit Returning from test list_seq 
1341586    INFO  Test worker     d.u.i.k.p.r.RunAllProofsTestUnit Running test observer 
389        INFO  Timeout watchdog d.u.i.k.p.r.p.ForkedTestFileRunner Timeout watcher launched (2000 secs.) 
402        WARN  main            d.u.i.k.s.ProofSettings   The settings in /home/runner/.key/proof-settings.props are *not* read. 
428        INFO  main            d.u.i.k.p.r.p.TestFile    Now processing file /home/runner/work/key/key/key.core/../key.ui/examples/heap/observer/ExampleObserver_ExampleObserver.key 
525        INFO  main            d.u.i.k.p.i.AbstractProblemLoader Loading environment from /home/runner/work/key/key/key.core/../key.ui/examples/heap/observer/ExampleObserver_ExampleObserver.key 
540        DEBUG main            d.u.i.k.p.i.AbstractProblemLoader Environment load took 1.91ms 
748        INFO  main            d.u.i.k.p.i.AbstractProblemLoader Creating init config 
1602       DEBUG main            d.u.i.k.j.TypeConverter   No LDT found for Meta 
1607       DEBUG main            d.u.i.k.j.TypeConverter   No LDT found for Meta 
1610       DEBUG main            d.u.i.k.j.TypeConverter   No LDT found for Meta 
1610       DEBUG main            d.u.i.k.j.TypeConverter   No LDT found for Meta 
2883       DEBUG main            d.u.i.k.j.TypeConverter   No LDT found for JavaBigintExpression 
8009       DEBUG main            d.u.i.k.p.i.AbstractProblemLoader Init config took 7.26s 
8142       INFO  main            d.u.i.k.p.i.AbstractProblemLoader Replaying proof ExampleObserver[ExampleObserver::ExampleObserver(ExampleSubject)].JML normal_behavior operation contract.0 
8171       DEBUG main            d.u.i.k.p.i.IntermediateProofReplayer Proof replay took 27.7ns 
9196       INFO  main            d.u.i.k.p.r.p.TestFile    ... finished proof: closed. 
9321       INFO  main            d.u.i.k.p.i.AbstractProblemLoader Loading environment from /home/runner/work/key/key/key.core/../key.ui/examples/heap/observer/ExampleObserver_ExampleObserver.key.proof 
9326       DEBUG main            d.u.i.k.p.i.AbstractProblemLoader Environment load took 5.12ms 
9328       INFO  main            d.u.i.k.p.i.AbstractProblemLoader Creating init config 
12374      DEBUG main            d.u.i.k.p.i.AbstractProblemLoader Init config took 3.05s 
12440      INFO  main            d.u.i.k.p.i.AbstractProblemLoader Replaying proof ExampleObserver[ExampleObserver::ExampleObserver(ExampleSubject)].JML normal_behavior operation contract.0 
12602      DEBUG main            d.u.i.k.p.i.IntermediateProofReplayer Proof replay took 146.76ms 
12614      DEBUG main            d.u.i.k.p.r.p.TestFile    ... success: reloaded. 
12622      INFO  main            d.u.i.k.p.r.p.TestFile    Now processing file /home/runner/work/key/key/key.core/../key.ui/examples/heap/observer/ExampleObserver_inv.key 
12622      INFO  main            d.u.i.k.p.i.AbstractProblemLoader Loading environment from /home/runner/work/key/key/key.core/../key.ui/examples/heap/observer/ExampleObserver_inv.key 
12623      DEBUG main            d.u.i.k.p.i.AbstractProblemLoader Environment load took 232.4ns 
12624      INFO  main            d.u.i.k.p.i.AbstractProblemLoader Creating init config 
15505      DEBUG main            d.u.i.k.p.i.AbstractProblemLoader Init config took 2.88s 
15567      INFO  main            d.u.i.k.p.i.AbstractProblemLoader Replaying proof ExampleObserver[java.lang.Object::<inv>()].JML accessible clause.0 
15570      DEBUG main            d.u.i.k.p.i.IntermediateProofReplayer Proof replay took 6.8ns 
15673      INFO  main            d.u.i.k.p.r.p.TestFile    ... finished proof: closed. 
15792      INFO  main            d.u.i.k.p.i.AbstractProblemLoader Loading environment from /home/runner/work/key/key/key.core/../key.ui/examples/heap/observer/ExampleObserver_inv.key.proof 
15792      DEBUG main            d.u.i.k.p.i.AbstractProblemLoader Environment load took 115.2ns 
15794      INFO  main            d.u.i.k.p.i.AbstractProblemLoader Creating init config 
18568      DEBUG main            d.u.i.k.p.i.AbstractProblemLoader Init config took 2.77s 
18620      INFO  main            d.u.i.k.p.i.AbstractProblemLoader Replaying proof ExampleObserver[java.lang.Object::<inv>()].JML accessible clause.0 
18636      DEBUG main            d.u.i.k.p.i.IntermediateProofReplayer Proof replay took 12.98ms 
18637      DEBUG main            d.u.i.k.p.r.p.TestFile    ... success: reloaded. 
18638      INFO  main            d.u.i.k.p.r.p.TestFile    Now processing file /home/runner/work/key/key/key.core/../key.ui/examples/heap/observer/ExampleObserver_subject.key 
18639      INFO  main            d.u.i.k.p.i.AbstractProblemLoader Loading environment from /home/runner/work/key/key/key.core/../key.ui/examples/heap/observer/ExampleObserver_subject.key 
18639      DEBUG main            d.u.i.k.p.i.AbstractProblemLoader Environment load took 210.8ns 
18640      INFO  main            d.u.i.k.p.i.AbstractProblemLoader Creating init config 
21405      DEBUG main            d.u.i.k.p.i.AbstractProblemLoader Init config took 2.76s 
21453      INFO  main            d.u.i.k.p.i.AbstractProblemLoader Replaying proof Observer[Observer::$subject()].JML accessible clause.0 
21455      DEBUG main            d.u.i.k.p.i.IntermediateProofReplayer Proof replay took 4.8ns 
21556      INFO  main            d.u.i.k.p.r.p.TestFile    ... finished proof: closed. 
21689      INFO  main            d.u.i.k.p.i.AbstractProblemLoader Loading environment from /home/runner/work/key/key/key.core/../key.ui/examples/heap/observer/ExampleObserver_subject.key.proof 
21689      DEBUG main            d.u.i.k.p.i.AbstractProblemLoader Environment load took 110.2ns 
21694      INFO  main            d.u.i.k.p.i.AbstractProblemLoader Creating init config 
24431      DEBUG main            d.u.i.k.p.i.AbstractProblemLoader Init config took 2.74s 
24502      INFO  main            d.u.i.k.p.i.AbstractProblemLoader Replaying proof Observer[Observer::$subject()].JML accessible clause.0 
24509      DEBUG main            d.u.i.k.p.i.IntermediateProofReplayer Proof replay took 2.21ms 
24511      DEBUG main            d.u.i.k.p.r.p.TestFile    ... success: reloaded. 
24512      INFO  main            d.u.i.k.p.r.p.TestFile    Now processing file /home/runner/work/key/key/key.core/../key.ui/examples/heap/observer/ExampleObserver_update.key 
24513      INFO  main            d.u.i.k.p.i.AbstractProblemLoader Loading environment from /home/runner/work/key/key/key.core/../key.ui/examples/heap/observer/ExampleObserver_update.key 
24513      DEBUG main            d.u.i.k.p.i.AbstractProblemLoader Environment load took 200.6ns 
24514      INFO  main            d.u.i.k.p.i.AbstractProblemLoader Creating init config 
27245      DEBUG main            d.u.i.k.p.i.AbstractProblemLoader Init config took 2.73s 
27292      INFO  main            d.u.i.k.p.i.AbstractProblemLoader Replaying proof ExampleObserver[Observer::update()].JML normal_behavior operation contract.0 
27294      DEBUG main            d.u.i.k.p.i.IntermediateProofReplayer Proof replay took 5.4ns 
27600      INFO  main            d.u.i.k.p.r.p.TestFile    ... finished proof: closed. 
27753      INFO  main            d.u.i.k.p.i.AbstractProblemLoader Loading environment from /home/runner/work/key/key/key.core/../key.ui/examples/heap/observer/ExampleObserver_update.key.proof 
27755      DEBUG main            d.u.i.k.p.i.AbstractProblemLoader Environment load took 1.25ms 
27756      INFO  main            d.u.i.k.p.i.AbstractProblemLoader Creating init config 
30474      DEBUG main            d.u.i.k.p.i.AbstractProblemLoader Init config took 2.72s 
30520      INFO  main            d.u.i.k.p.i.AbstractProblemLoader Replaying proof ExampleObserver[Observer::update()].JML normal_behavior operation contract.0 
30576      DEBUG main            d.u.i.k.p.i.IntermediateProofReplayer Proof replay took 53.44ms 
30577      DEBUG main            d.u.i.k.p.r.p.TestFile    ... success: reloaded. 
30579      INFO  main            d.u.i.k.p.r.p.TestFile    Now processing file /home/runner/work/key/key/key.core/../key.ui/examples/heap/observer/ExampleObserver_upToDate.key 
30579      INFO  main            d.u.i.k.p.i.AbstractProblemLoader Loading environment from /home/runner/work/key/key/key.core/../key.ui/examples/heap/observer/ExampleObserver_upToDate.key 
30579      DEBUG main            d.u.i.k.p.i.AbstractProblemLoader Environment load took 213.5ns 
30580      INFO  main            d.u.i.k.p.i.AbstractProblemLoader Creating init config 
33323      DEBUG main            d.u.i.k.p.i.AbstractProblemLoader Init config took 2.74s 
33371      INFO  main            d.u.i.k.p.i.AbstractProblemLoader Replaying proof ExampleObserver[Observer::$upToDate()].JML accessible clause.0 
33373      DEBUG main            d.u.i.k.p.i.IntermediateProofReplayer Proof replay took 5.3ns 
33575      INFO  main            d.u.i.k.p.r.p.TestFile    ... finished proof: closed. 
33760      INFO  main            d.u.i.k.p.i.AbstractProblemLoader Loading environment from /home/runner/work/key/key/key.core/../key.ui/examples/heap/observer/ExampleObserver_upToDate.key.proof 
33761      DEBUG main            d.u.i.k.p.i.AbstractProblemLoader Environment load took 107.6ns 
33762      INFO  main            d.u.i.k.p.i.AbstractProblemLoader Creating init config 
36404      DEBUG main            d.u.i.k.p.i.AbstractProblemLoader Init config took 2.64s 
36448      INFO  main            d.u.i.k.p.i.AbstractProblemLoader Replaying proof ExampleObserver[Observer::$upToDate()].JML accessible clause.0 
36467      DEBUG main            d.u.i.k.p.i.IntermediateProofReplayer Proof replay took 16.3ms 
36468      DEBUG main            d.u.i.k.p.r.p.TestFile    ... success: reloaded. 
36469      INFO  main            d.u.i.k.p.r.p.TestFile    Now processing file /home/runner/work/key/key/key.core/../key.ui/examples/heap/observer/ExampleObserver_value.key 
36469      INFO  main            d.u.i.k.p.i.AbstractProblemLoader Loading environment from /home/runner/work/key/key/key.core/../key.ui/examples/heap/observer/ExampleObserver_value.key 
36470      DEBUG main            d.u.i.k.p.i.AbstractProblemLoader Environment load took 210.1ns 
36471      INFO  main            d.u.i.k.p.i.AbstractProblemLoader Creating init config 
39159      DEBUG main            d.u.i.k.p.i.AbstractProblemLoader Init config took 2.69s 
39203      INFO  main            d.u.i.k.p.i.AbstractProblemLoader Replaying proof ExampleObserver[ExampleObserver::value()].JML normal_behavior operation contract.0 
39204      DEBUG main            d.u.i.k.p.i.IntermediateProofReplayer Proof replay took 5.4ns 
39309      INFO  main            d.u.i.k.p.r.p.TestFile    ... finished proof: closed. 
39459      INFO  main            d.u.i.k.p.i.AbstractProblemLoader Loading environment from /home/runner/work/key/key/key.core/../key.ui/examples/heap/observer/ExampleObserver_value.key.proof 
39459      DEBUG main            d.u.i.k.p.i.AbstractProblemLoader Environment load took 106.5ns 
39463      INFO  main            d.u.i.k.p.i.AbstractProblemLoader Creating init config 
42132      DEBUG main            d.u.i.k.p.i.AbstractProblemLoader Init config took 2.67s 
42176      INFO  main            d.u.i.k.p.i.AbstractProblemLoader Replaying proof ExampleObserver[ExampleObserver::value()].JML normal_behavior operation contract.0 
42195      DEBUG main            d.u.i.k.p.i.IntermediateProofReplayer Proof replay took 16.18ms 
42196      DEBUG main            d.u.i.k.p.r.p.TestFile    ... success: reloaded. 
42197      INFO  main            d.u.i.k.p.r.p.TestFile    Now processing file /home/runner/work/key/key/key.core/../key.ui/examples/heap/observer/ExampleSubject_addObserver.key 
42197      INFO  main            d.u.i.k.p.i.AbstractProblemLoader Loading environment from /home/runner/work/key/key/key.core/../key.ui/examples/heap/observer/ExampleSubject_addObserver.key 
42197      DEBUG main            d.u.i.k.p.i.AbstractProblemLoader Environment load took 202.5ns 
42198      INFO  main            d.u.i.k.p.i.AbstractProblemLoader Creating init config 
44840      DEBUG main            d.u.i.k.p.i.AbstractProblemLoader Init config took 2.64s 
44887      INFO  main            d.u.i.k.p.i.AbstractProblemLoader Replaying proof ExampleSubject[Subject::addObserver(Observer)].JML normal_behavior operation contract.0 
44889      DEBUG main            d.u.i.k.p.i.IntermediateProofReplayer Proof replay took 5.8ns 
50386      INFO  main            d.u.i.k.p.r.p.TestFile    ... finished proof: closed. 
50584      INFO  main            d.u.i.k.p.i.AbstractProblemLoader Loading environment from /home/runner/work/key/key/key.core/../key.ui/examples/heap/observer/ExampleSubject_addObserver.key.proof 
50586      DEBUG main            d.u.i.k.p.i.AbstractProblemLoader Environment load took 1.3ms 
50588      INFO  main            d.u.i.k.p.i.AbstractProblemLoader Creating init config 
53199      DEBUG main            d.u.i.k.p.i.AbstractProblemLoader Init config took 2.61s 
53245      INFO  main            d.u.i.k.p.i.AbstractProblemLoader Replaying proof ExampleSubject[Subject::addObserver(Observer)].JML normal_behavior operation contract.0 
53871      DEBUG main            d.u.i.k.p.i.IntermediateProofReplayer Proof replay took 604.94ms 
53873      DEBUG main            d.u.i.k.p.r.p.TestFile    ... success: reloaded. 
53874      INFO  main            d.u.i.k.p.r.p.TestFile    Now processing file /home/runner/work/key/key/key.core/../key.ui/examples/heap/observer/ExampleSubject_change.key 
53874      INFO  main            d.u.i.k.p.i.AbstractProblemLoader Loading environment from /home/runner/work/key/key/key.core/../key.ui/examples/heap/observer/ExampleSubject_change.key 
53874      DEBUG main            d.u.i.k.p.i.AbstractProblemLoader Environment load took 187.8ns 
53875      INFO  main            d.u.i.k.p.i.AbstractProblemLoader Creating init config 
56573      DEBUG main            d.u.i.k.p.i.AbstractProblemLoader Init config took 2.7s 
56619      INFO  main            d.u.i.k.p.i.AbstractProblemLoader Replaying proof ExampleSubject[ExampleSubject::change()].JML normal_behavior operation contract.0 
56620      DEBUG main            d.u.i.k.p.i.IntermediateProofReplayer Proof replay took 14.2ns 
57124      INFO  main            d.u.i.k.p.r.p.TestFile    ... finished proof: closed. 
57306      INFO  main            d.u.i.k.p.i.AbstractProblemLoader Loading environment from /home/runner/work/key/key/key.core/../key.ui/examples/heap/observer/ExampleSubject_change.key.proof 
57306      DEBUG main            d.u.i.k.p.i.AbstractProblemLoader Environment load took 112.8ns 
57307      INFO  main            d.u.i.k.p.i.AbstractProblemLoader Creating init config 
59981      DEBUG main            d.u.i.k.p.i.AbstractProblemLoader Init config took 2.67s 
60029      INFO  main            d.u.i.k.p.i.AbstractProblemLoader Replaying proof ExampleSubject[ExampleSubject::change()].JML normal_behavior operation contract.0 
60122      DEBUG main            d.u.i.k.p.i.IntermediateProofReplayer Proof replay took 84.96ms 
60123      DEBUG main            d.u.i.k.p.r.p.TestFile    ... success: reloaded. 
60124      INFO  main            d.u.i.k.p.r.p.TestFile    Now processing file /home/runner/work/key/key/key.core/../key.ui/examples/heap/observer/ExampleSubject_ExampleSubject.key 
60125      INFO  main            d.u.i.k.p.i.AbstractProblemLoader Loading environment from /home/runner/work/key/key/key.core/../key.ui/examples/heap/observer/ExampleSubject_ExampleSubject.key 
60125      DEBUG main            d.u.i.k.p.i.AbstractProblemLoader Environment load took 187.8ns 
60126      INFO  main            d.u.i.k.p.i.AbstractProblemLoader Creating init config 
62784      DEBUG main            d.u.i.k.p.i.AbstractProblemLoader Init config took 2.66s 
62828      INFO  main            d.u.i.k.p.i.AbstractProblemLoader Replaying proof ExampleSubject[ExampleSubject::ExampleSubject()].JML normal_behavior operation contract.0 
62830      DEBUG main            d.u.i.k.p.i.IntermediateProofReplayer Proof replay took 5.5ns 
63769      INFO  main            d.u.i.k.p.r.p.TestFile    ... finished proof: closed. 
63951      INFO  main            d.u.i.k.p.i.AbstractProblemLoader Loading environment from /home/runner/work/key/key/key.core/../key.ui/examples/heap/observer/ExampleSubject_ExampleSubject.key.proof 
63952      DEBUG main            d.u.i.k.p.i.AbstractProblemLoader Environment load took 1.07ms 
63954      INFO  main            d.u.i.k.p.i.AbstractProblemLoader Creating init config 
66615      DEBUG main            d.u.i.k.p.i.AbstractProblemLoader Init config took 2.66s 
66666      INFO  main            d.u.i.k.p.i.AbstractProblemLoader Replaying proof ExampleSubject[ExampleSubject::ExampleSubject()].JML normal_behavior operation contract.0 
66838      DEBUG main            d.u.i.k.p.i.IntermediateProofReplayer Proof replay took 165.1ms 
66839      DEBUG main            d.u.i.k.p.r.p.TestFile    ... success: reloaded. 
66841      INFO  main            d.u.i.k.p.r.p.TestFile    Now processing file /home/runner/work/key/key/key.core/../key.ui/examples/heap/observer/ExampleSubject_footprint.key 
66841      INFO  main            d.u.i.k.p.i.AbstractProblemLoader Loading environment from /home/runner/work/key/key/key.core/../key.ui/examples/heap/observer/ExampleSubject_footprint.key 
66842      DEBUG main            d.u.i.k.p.i.AbstractProblemLoader Environment load took 233.9ns 
66843      INFO  main            d.u.i.k.p.i.AbstractProblemLoader Creating init config 
69497      DEBUG main            d.u.i.k.p.i.AbstractProblemLoader Init config took 2.65s 
69539      INFO  main            d.u.i.k.p.i.AbstractProblemLoader Replaying proof ExampleSubject[Subject::$footprint()].JML accessible clause.0 
69541      DEBUG main            d.u.i.k.p.i.IntermediateProofReplayer Proof replay took 5.1ns 
69642      INFO  main            d.u.i.k.p.r.p.TestFile    ... finished proof: closed. 
69806      INFO  main            d.u.i.k.p.i.AbstractProblemLoader Loading environment from /home/runner/work/key/key/key.core/../key.ui/examples/heap/observer/ExampleSubject_footprint.key.proof 
69806      DEBUG main            d.u.i.k.p.i.AbstractProblemLoader Environment load took 111ns 
69806      INFO  main            d.u.i.k.p.i.AbstractProblemLoader Creating init config 
72405      DEBUG main            d.u.i.k.p.i.AbstractProblemLoader Init config took 2.6s 
72453      INFO  main            d.u.i.k.p.i.AbstractProblemLoader Replaying proof ExampleSubject[Subject::$footprint()].JML accessible clause.0 
72470      DEBUG main            d.u.i.k.p.i.IntermediateProofReplayer Proof replay took 13.79ms 
72471      DEBUG main            d.u.i.k.p.r.p.TestFile    ... success: reloaded. 
72472      INFO  main            d.u.i.k.p.r.p.TestFile    Now processing file /home/runner/work/key/key/key.core/../key.ui/examples/heap/observer/ExampleSubject_inv.key 
72472      INFO  main            d.u.i.k.p.i.AbstractProblemLoader Loading environment from /home/runner/work/key/key/key.core/../key.ui/examples/heap/observer/ExampleSubject_inv.key 
72473      DEBUG main            d.u.i.k.p.i.AbstractProblemLoader Environment load took 194.2ns 
72474      INFO  main            d.u.i.k.p.i.AbstractProblemLoader Creating init config 
75130      DEBUG main            d.u.i.k.p.i.AbstractProblemLoader Init config took 2.66s 
75174      INFO  main            d.u.i.k.p.i.AbstractProblemLoader Replaying proof ExampleSubject[java.lang.Object::<inv>()].JML accessible clause.0 
75175      DEBUG main            d.u.i.k.p.i.IntermediateProofReplayer Proof replay took 5.8ns 
76294      INFO  main            d.u.i.k.p.r.p.TestFile    ... finished proof: closed. 
76484      INFO  main            d.u.i.k.p.i.AbstractProblemLoader Loading environment from /home/runner/work/key/key/key.core/../key.ui/examples/heap/observer/ExampleSubject_inv.key.proof 
76484      DEBUG main            d.u.i.k.p.i.AbstractProblemLoader Environment load took 378.9ns 
76488      INFO  main            d.u.i.k.p.i.AbstractProblemLoader Creating init config 
79072      DEBUG main            d.u.i.k.p.i.AbstractProblemLoader Init config took 2.58s 
79121      INFO  main            d.u.i.k.p.i.AbstractProblemLoader Replaying proof ExampleSubject[java.lang.Object::<inv>()].JML accessible clause.0 
79225      DEBUG main            d.u.i.k.p.i.IntermediateProofReplayer Proof replay took 97.95ms 
79226      DEBUG main            d.u.i.k.p.r.p.TestFile    ... success: reloaded. 
79227      INFO  main            d.u.i.k.p.r.p.TestFile    Now processing file /home/runner/work/key/key/key.core/../key.ui/examples/heap/observer/ExampleSubject_notifyObservers.key 
79228      INFO  main            d.u.i.k.p.i.AbstractProblemLoader Loading environment from /home/runner/work/key/key/key.core/../key.ui/examples/heap/observer/ExampleSubject_notifyObservers.key 
79228      DEBUG main            d.u.i.k.p.i.AbstractProblemLoader Environment load took 189.9ns 
79229      INFO  main            d.u.i.k.p.i.AbstractProblemLoader Creating init config 
81898      DEBUG main            d.u.i.k.p.i.AbstractProblemLoader Init config took 2.67s 
81940      INFO  main            d.u.i.k.p.i.AbstractProblemLoader Replaying proof Subject[Subject::notifyObservers()].JML normal_behavior operation contract.0 
81941      DEBUG main            d.u.i.k.p.i.IntermediateProofReplayer Proof replay took 5.3ns 
82046      INFO  main            d.u.i.k.p.r.p.TestFile    ... finished proof: closed. 
82229      INFO  main            d.u.i.k.p.i.AbstractProblemLoader Loading environment from /home/runner/work/key/key/key.core/../key.ui/examples/heap/observer/ExampleSubject_notifyObservers.key.proof 
82229      DEBUG main            d.u.i.k.p.i.AbstractProblemLoader Environment load took 103.8ns 
82230      INFO  main            d.u.i.k.p.i.AbstractProblemLoader Creating init config 
84808      DEBUG main            d.u.i.k.p.i.AbstractProblemLoader Init config took 2.58s 
84860      INFO  main            d.u.i.k.p.i.AbstractProblemLoader Replaying proof Subject[Subject::notifyObservers()].JML normal_behavior operation contract.0 
84864      DEBUG main            d.u.i.k.p.i.IntermediateProofReplayer Proof replay took 2.43ms 
84865      DEBUG main            d.u.i.k.p.r.p.TestFile    ... success: reloaded. 
84866      INFO  main            d.u.i.k.p.r.p.TestFile    Now processing file /home/runner/work/key/key/key.core/../key.ui/examples/heap/observer/ExampleSubject_value_dep.key 
84867      INFO  main            d.u.i.k.p.i.AbstractProblemLoader Loading environment from /home/runner/work/key/key/key.core/../key.ui/examples/heap/observer/ExampleSubject_value_dep.key 
84867      DEBUG main            d.u.i.k.p.i.AbstractProblemLoader Environment load took 87.6ns 
84868      INFO  main            d.u.i.k.p.i.AbstractProblemLoader Creating init config 
87518      DEBUG main            d.u.i.k.p.i.AbstractProblemLoader Init config took 2.65s 
87560      INFO  main            d.u.i.k.p.i.AbstractProblemLoader Replaying proof ExampleSubject[ExampleSubject::value()].JML accessible clause.0 
87562      DEBUG main            d.u.i.k.p.i.IntermediateProofReplayer Proof replay took 5.8ns 
87664      INFO  main            d.u.i.k.p.r.p.TestFile    ... finished proof: closed. 
87858      INFO  main            d.u.i.k.p.i.AbstractProblemLoader Loading environment from /home/runner/work/key/key/key.core/../key.ui/examples/heap/observer/ExampleSubject_value_dep.key.proof 
87858      DEBUG main            d.u.i.k.p.i.AbstractProblemLoader Environment load took 105.2ns 
87859      INFO  main            d.u.i.k.p.i.AbstractProblemLoader Creating init config 
90446      DEBUG main            d.u.i.k.p.i.AbstractProblemLoader Init config took 2.59s 
90487      INFO  main            d.u.i.k.p.i.AbstractProblemLoader Replaying proof ExampleSubject[ExampleSubject::value()].JML accessible clause.0 
90500      DEBUG main            d.u.i.k.p.i.IntermediateProofReplayer Proof replay took 11.25ms 
90500      DEBUG main            d.u.i.k.p.r.p.TestFile    ... success: reloaded. 
90504      INFO  main            d.u.i.k.p.r.p.TestFile    Now processing file /home/runner/work/key/key/key.core/../key.ui/examples/heap/observer/ExampleSubject_value.key 
90504      INFO  main            d.u.i.k.p.i.AbstractProblemLoader Loading environment from /home/runner/work/key/key/key.core/../key.ui/examples/heap/observer/ExampleSubject_value.key 
90505      DEBUG main            d.u.i.k.p.i.AbstractProblemLoader Environment load took 128.5ns 
90505      INFO  main            d.u.i.k.p.i.AbstractProblemLoader Creating init config 
93163      DEBUG main            d.u.i.k.p.i.AbstractProblemLoader Init config took 2.66s 
93214      INFO  main            d.u.i.k.p.i.AbstractProblemLoader Replaying proof ExampleSubject[ExampleSubject::value()].JML normal_behavior operation contract.0 
93215      DEBUG main            d.u.i.k.p.i.IntermediateProofReplayer Proof replay took 5ns 
93317      INFO  main            d.u.i.k.p.r.p.TestFile    ... finished proof: closed. 
93520      INFO  main            d.u.i.k.p.i.AbstractProblemLoader Loading environment from /home/runner/work/key/key/key.core/../key.ui/examples/heap/observer/ExampleSubject_value.key.proof 
93520      DEBUG main            d.u.i.k.p.i.AbstractProblemLoader Environment load took 100.4ns 
93521      INFO  main            d.u.i.k.p.i.AbstractProblemLoader Creating init config 
96210      DEBUG main            d.u.i.k.p.i.AbstractProblemLoader Init config took 2.69s 
96250      INFO  main            d.u.i.k.p.i.AbstractProblemLoader Replaying proof ExampleSubject[ExampleSubject::value()].JML normal_behavior operation contract.0 
96261      DEBUG main            d.u.i.k.p.i.IntermediateProofReplayer Proof replay took 9.02ms 
96261      DEBUG main            d.u.i.k.p.r.p.TestFile    ... success: reloaded. 
1438034    INFO  Test worker     d.u.i.k.p.r.RunAllProofsTestUnit Returning from test observer 
1438035    INFO  Test worker     d.u.i.k.p.r.RunAllProofsTestUnit Running test removeDups 
355        INFO  Timeout watchdog d.u.i.k.p.r.p.ForkedTestFileRunner Timeout watcher launched (2000 secs.) 
362        WARN  main            d.u.i.k.s.ProofSettings   The settings in /home/runner/.key/proof-settings.props are *not* read. 
409        INFO  main            d.u.i.k.p.r.p.TestFile    Now processing file /home/runner/work/key/key/key.core/../key.ui/examples/heap/removeDups/arrayPart.key 
527        INFO  main            d.u.i.k.p.i.AbstractProblemLoader Loading environment from /home/runner/work/key/key/key.core/../key.ui/examples/heap/removeDups/arrayPart.key 
547        DEBUG main            d.u.i.k.p.i.AbstractProblemLoader Environment load took 1.88ms 
758        INFO  main            d.u.i.k.p.i.AbstractProblemLoader Creating init config 
1687       DEBUG main            d.u.i.k.j.TypeConverter   No LDT found for Meta 
1687       DEBUG main            d.u.i.k.j.TypeConverter   No LDT found for Meta 
1690       DEBUG main            d.u.i.k.j.TypeConverter   No LDT found for Meta 
1690       DEBUG main            d.u.i.k.j.TypeConverter   No LDT found for Meta 
2851       DEBUG main            d.u.i.k.j.TypeConverter   No LDT found for JavaBigintExpression 
7918       DEBUG main            d.u.i.k.p.i.AbstractProblemLoader Init config took 7.16s 
8078       INFO  main            d.u.i.k.p.i.AbstractProblemLoader Replaying proof RemoveDup[RemoveDup::arrayPart([I,int)].JML normal_behavior operation contract.0 
8107       DEBUG main            d.u.i.k.p.i.IntermediateProofReplayer Proof replay took 31.4ns 
10834      INFO  main            d.u.i.k.p.r.p.TestFile    ... finished proof: closed. 
11001      INFO  main            d.u.i.k.p.i.AbstractProblemLoader Loading environment from /home/runner/work/key/key/key.core/../key.ui/examples/heap/removeDups/arrayPart.key.proof 
11007      DEBUG main            d.u.i.k.p.i.AbstractProblemLoader Environment load took 5.45ms 
11009      INFO  main            d.u.i.k.p.i.AbstractProblemLoader Creating init config 
13933      DEBUG main            d.u.i.k.p.i.AbstractProblemLoader Init config took 2.92s 
13993      INFO  main            d.u.i.k.p.i.AbstractProblemLoader Replaying proof RemoveDup[RemoveDup::arrayPart([I,int)].JML normal_behavior operation contract.0 
14321      DEBUG main            d.u.i.k.p.i.IntermediateProofReplayer Proof replay took 316.44ms 
14328      DEBUG main            d.u.i.k.p.r.p.TestFile    ... success: reloaded. 
14329      INFO  main            d.u.i.k.p.r.p.TestFile    Now processing file /home/runner/work/key/key/key.core/../key.ui/examples/heap/removeDups/contains.key 
14330      INFO  main            d.u.i.k.p.i.AbstractProblemLoader Loading environment from /home/runner/work/key/key/key.core/../key.ui/examples/heap/removeDups/contains.key 
14330      DEBUG main            d.u.i.k.p.i.AbstractProblemLoader Environment load took 213.7ns 
14332      INFO  main            d.u.i.k.p.i.AbstractProblemLoader Creating init config 
17058      DEBUG main            d.u.i.k.p.i.AbstractProblemLoader Init config took 2.73s 
17114      INFO  main            d.u.i.k.p.i.AbstractProblemLoader Replaying proof RemoveDup[RemoveDup::contains([I,int,int)].JML normal_behavior operation contract.0 
17116      DEBUG main            d.u.i.k.p.i.IntermediateProofReplayer Proof replay took 5.8ns 
17720      INFO  main            d.u.i.k.p.r.p.TestFile    ... finished proof: closed. 
17838      INFO  main            d.u.i.k.p.i.AbstractProblemLoader Loading environment from /home/runner/work/key/key/key.core/../key.ui/examples/heap/removeDups/contains.key.proof 
17839      DEBUG main            d.u.i.k.p.i.AbstractProblemLoader Environment load took 413.8ns 
17840      INFO  main            d.u.i.k.p.i.AbstractProblemLoader Creating init config 
20498      DEBUG main            d.u.i.k.p.i.AbstractProblemLoader Init config took 2.66s 
20546      INFO  main            d.u.i.k.p.i.AbstractProblemLoader Replaying proof RemoveDup[RemoveDup::contains([I,int,int)].JML normal_behavior operation contract.0 
20654      DEBUG main            d.u.i.k.p.i.IntermediateProofReplayer Proof replay took 102.72ms 
20655      DEBUG main            d.u.i.k.p.r.p.TestFile    ... success: reloaded. 
20656      INFO  main            d.u.i.k.p.r.p.TestFile    Now processing file /home/runner/work/key/key/key.core/../key.ui/examples/heap/removeDups/removeDup.key 
20656      INFO  main            d.u.i.k.p.i.AbstractProblemLoader Loading environment from /home/runner/work/key/key/key.core/../key.ui/examples/heap/removeDups/removeDup.key 
20656      DEBUG main            d.u.i.k.p.i.AbstractProblemLoader Environment load took 218.2ns 
20658      INFO  main            d.u.i.k.p.i.AbstractProblemLoader Creating init config 
23306      DEBUG main            d.u.i.k.p.i.AbstractProblemLoader Init config took 2.65s 
23352      INFO  main            d.u.i.k.p.i.AbstractProblemLoader Replaying proof RemoveDup[RemoveDup::removeDup([I)].JML normal_behavior operation contract.0 
23354      DEBUG main            d.u.i.k.p.i.IntermediateProofReplayer Proof replay took 5ns 
28347      DEBUG Thread-7        d.u.i.k.j.d.VariableSpecification Program match. Variables have different dimension (template #v0 = #vi;, source a#11[] = var;) 
50683      INFO  main            d.u.i.k.p.r.p.TestFile    ... finished proof: closed. 
51021      INFO  main            d.u.i.k.p.i.AbstractProblemLoader Loading environment from /home/runner/work/key/key/key.core/../key.ui/examples/heap/removeDups/removeDup.key.proof 
51021      DEBUG main            d.u.i.k.p.i.AbstractProblemLoader Environment load took 404.5ns 
51034      INFO  main            d.u.i.k.p.i.AbstractProblemLoader Creating init config 
53588      DEBUG main            d.u.i.k.p.i.AbstractProblemLoader Init config took 2.55s 
53631      INFO  main            d.u.i.k.p.i.AbstractProblemLoader Replaying proof RemoveDup[RemoveDup::removeDup([I)].JML normal_behavior operation contract.0 
55473      DEBUG main            d.u.i.k.p.i.IntermediateProofReplayer Proof replay took 1.76s 
55477      DEBUG main            d.u.i.k.p.r.p.TestFile    ... success: reloaded. 
55478      INFO  main            d.u.i.k.p.r.p.TestFile    Now processing file /home/runner/work/key/key/key.core/../key.ui/examples/heap/saddleback_search/Saddleback_search.key 
55480      INFO  main            d.u.i.k.p.i.AbstractProblemLoader Loading environment from /home/runner/work/key/key/key.core/../key.ui/examples/heap/saddleback_search/Saddleback_search.key 
55481      DEBUG main            d.u.i.k.p.i.AbstractProblemLoader Environment load took 253.7ns 
55482      INFO  main            d.u.i.k.p.i.AbstractProblemLoader Creating init config 
58178      DEBUG main            d.u.i.k.p.i.AbstractProblemLoader Init config took 2.7s 
58217      INFO  main            d.u.i.k.p.i.AbstractProblemLoader Replaying proof Saddleback[Saddleback::search([[I,int)].JML normal_behavior operation contract.0 
58225      DEBUG main            d.u.i.k.p.i.IntermediateProofReplayer Proof replay took 4.9ns 
142591     INFO  main            d.u.i.k.p.r.p.TestFile    ... finished proof: closed. 
142967     INFO  main            d.u.i.k.p.i.AbstractProblemLoader Loading environment from /home/runner/work/key/key/key.core/../key.ui/examples/heap/saddleback_search/Saddleback_search.key.proof 
142967     DEBUG main            d.u.i.k.p.i.AbstractProblemLoader Environment load took 395.5ns 
142977     INFO  main            d.u.i.k.p.i.AbstractProblemLoader Creating init config 
145481     DEBUG main            d.u.i.k.p.i.AbstractProblemLoader Init config took 2.5s 
145540     INFO  main            d.u.i.k.p.i.AbstractProblemLoader Replaying proof Saddleback[Saddleback::search([[I,int)].JML normal_behavior operation contract.0 
148060     DEBUG main            d.u.i.k.p.i.IntermediateProofReplayer Proof replay took 2.36s 
148069     DEBUG main            d.u.i.k.p.r.p.TestFile    ... success: reloaded. 
1586277    INFO  Test worker     d.u.i.k.p.r.RunAllProofsTestUnit Returning from test removeDups 
1586279    INFO  Test worker     d.u.i.k.p.r.RunAllProofsTestUnit Running test quicksort 
321        INFO  Timeout watchdog d.u.i.k.p.r.p.ForkedTestFileRunner Timeout watcher launched (2000 secs.) 
335        WARN  main            d.u.i.k.s.ProofSettings   The settings in /home/runner/.key/proof-settings.props are *not* read. 
362        INFO  main            d.u.i.k.p.r.p.TestFile    Now processing file /home/runner/work/key/key/key.core/../key.ui/examples/heap/quicksort/toplevel.key 
499        INFO  main            d.u.i.k.p.i.AbstractProblemLoader Loading environment from /home/runner/work/key/key/key.core/../key.ui/examples/heap/quicksort/toplevel.key 
517        DEBUG main            d.u.i.k.p.i.AbstractProblemLoader Environment load took 2.12ms 
735        INFO  main            d.u.i.k.p.i.AbstractProblemLoader Creating init config 
1623       DEBUG main            d.u.i.k.j.TypeConverter   No LDT found for Meta 
1637       DEBUG main            d.u.i.k.j.TypeConverter   No LDT found for Meta 
1641       DEBUG main            d.u.i.k.j.TypeConverter   No LDT found for Meta 
1642       DEBUG main            d.u.i.k.j.TypeConverter   No LDT found for Meta 
2860       DEBUG main            d.u.i.k.j.TypeConverter   No LDT found for JavaBigintExpression 
7782       DEBUG main            d.u.i.k.p.i.AbstractProblemLoader Init config took 7.05s 
7937       INFO  main            d.u.i.k.p.i.AbstractProblemLoader Replaying proof Quicksort[Quicksort::sort([I)].JML normal_behavior operation contract.0 
7970       DEBUG main            d.u.i.k.p.i.IntermediateProofReplayer Proof replay took 28.5ns 
9208       INFO  main            d.u.i.k.p.r.p.TestFile    ... finished proof: closed. 
9321       INFO  main            d.u.i.k.p.i.AbstractProblemLoader Loading environment from /home/runner/work/key/key/key.core/../key.ui/examples/heap/quicksort/toplevel.key.proof 
9326       DEBUG main            d.u.i.k.p.i.AbstractProblemLoader Environment load took 4.54ms 
9328       INFO  main            d.u.i.k.p.i.AbstractProblemLoader Creating init config 
12169      DEBUG main            d.u.i.k.p.i.AbstractProblemLoader Init config took 2.84s 
12237      INFO  main            d.u.i.k.p.i.AbstractProblemLoader Replaying proof Quicksort[Quicksort::sort([I)].JML normal_behavior operation contract.0 
12415      DEBUG main            d.u.i.k.p.i.IntermediateProofReplayer Proof replay took 162.44ms 
12421      DEBUG main            d.u.i.k.p.r.p.TestFile    ... success: reloaded. 
12423      INFO  main            d.u.i.k.p.r.p.TestFile    Now processing file /home/runner/work/key/key/key.core/../key.ui/examples/heap/quicksort/sort.key 
12424      INFO  main            d.u.i.k.p.i.AbstractProblemLoader Loading environment from /home/runner/work/key/key/key.core/../key.ui/examples/heap/quicksort/sort.key 
12424      DEBUG main            d.u.i.k.p.i.AbstractProblemLoader Environment load took 212.9ns 
12426      INFO  main            d.u.i.k.p.i.AbstractProblemLoader Creating init config 
15156      DEBUG main            d.u.i.k.p.i.AbstractProblemLoader Init config took 2.73s 
15214      INFO  main            d.u.i.k.p.i.AbstractProblemLoader Replaying proof Quicksort[Quicksort::sort([I,int,int)].JML normal_behavior operation contract.0 
15217      DEBUG main            d.u.i.k.p.i.IntermediateProofReplayer Proof replay took 5.3ns 
15240      DEBUG main            d.u.i.k.m.s.ProofScriptEngine 1: 'script 'sort.script'' 
15243      INFO  main            d.u.i.k.m.s.ProofScriptCommand Included script /home/runner/work/key/key/key.core/../key.ui/examples/heap/quicksort/sort.script 
15243      DEBUG main            d.u.i.k.m.s.ProofScriptEngine 1: 'macro autopilot-prep' 
16239      DEBUG main            d.u.i.k.m.s.ProofScriptEngine 2: 'select formula="{heapAtPre:=heap || exc:=null || heap:=heapAfter_sort_0}
   seq ...' 
16242      DEBUG main            d.u.i.k.m.s.ProofScriptEngine 3: 'macro simp-upd' 
16253      DEBUG main            d.u.i.k.m.s.ProofScriptEngine 4: 'let   @seqPre="seqDef{int u;}(0, array.length, array[u])"
    @seqSplit="seqDef ...' 
16259      DEBUG main            d.u.i.k.m.s.ProofScriptEngine 5: 'rule seqPermSym 
  formula="seqPerm(@seqSplit, @seqPre)"' 
16277      DEBUG main            d.u.i.k.m.s.ProofScriptEngine 6: 'rule seqPermSym
  formula="seqPerm(@seqSort, @seqSplit)"' 
16279      DEBUG main            d.u.i.k.m.s.ProofScriptEngine 7: 'rule seqPermSym
  formula="seqPerm(@seqSort0, @seqSort)"' 
16280      DEBUG main            d.u.i.k.m.s.ProofScriptEngine 8: 'rule seqPermTrans
  formula="seqPerm(@seqPre, @seqSplit)"' 
16281      DEBUG main            d.u.i.k.m.s.ProofScriptEngine 9: 'rule seqPermTrans
  formula="seqPerm(@seqPre, @seqSort)"' 
16282      DEBUG main            d.u.i.k.m.s.ProofScriptEngine 10: 'rule seqPermSym
  formula="seqPerm(@seqPre, @seqSort0)"' 
16284      DEBUG main            d.u.i.k.m.s.ProofScriptEngine 11: 'tryclose' 
41378      INFO  main            d.u.i.k.p.r.p.TestFile    ... finished proof: closed. 
41659      INFO  main            d.u.i.k.p.i.AbstractProblemLoader Loading environment from /home/runner/work/key/key/key.core/../key.ui/examples/heap/quicksort/sort.key.proof 
41659      DEBUG main            d.u.i.k.p.i.AbstractProblemLoader Environment load took 388.7ns 
41670      INFO  main            d.u.i.k.p.i.AbstractProblemLoader Creating init config 
44287      DEBUG main            d.u.i.k.p.i.AbstractProblemLoader Init config took 2.62s 
44334      INFO  main            d.u.i.k.p.i.AbstractProblemLoader Replaying proof Quicksort[Quicksort::sort([I,int,int)].JML normal_behavior operation contract.0 
46198      DEBUG main            d.u.i.k.p.i.IntermediateProofReplayer Proof replay took 1.7s 
46204      DEBUG main            d.u.i.k.p.r.p.TestFile    ... success: reloaded. 
46206      INFO  main            d.u.i.k.p.r.p.TestFile    Now processing file /home/runner/work/key/key/key.core/../key.ui/examples/heap/quicksort/split.key 
46206      INFO  main            d.u.i.k.p.i.AbstractProblemLoader Loading environment from /home/runner/work/key/key/key.core/../key.ui/examples/heap/quicksort/split.key 
46207      DEBUG main            d.u.i.k.p.i.AbstractProblemLoader Environment load took 537.79ns 
46209      INFO  main            d.u.i.k.p.i.AbstractProblemLoader Creating init config 
48894      DEBUG main            d.u.i.k.p.i.AbstractProblemLoader Init config took 2.69s 
48938      INFO  main            d.u.i.k.p.i.AbstractProblemLoader Replaying proof Quicksort[Quicksort::split([I,int,int)].JML normal_behavior operation contract.0 
48941      DEBUG main            d.u.i.k.p.i.IntermediateProofReplayer Proof replay took 5.6ns 
48941      DEBUG main            d.u.i.k.m.s.ProofScriptEngine 1: 'macro autopilot-prep' 
50136      DEBUG main            d.u.i.k.m.s.ProofScriptEngine 2: 'tryclose' 
86483      DEBUG main            d.u.i.k.m.s.ProofScriptEngine 3: 'macro simp-upd' 
86589      DEBUG main            d.u.i.k.m.s.ProofScriptEngine 4: 'rule seqPermFromSwap' 
86606      DEBUG main            d.u.i.k.m.s.ProofScriptEngine 5: 'rule andRight' 
86608      DEBUG main            d.u.i.k.m.s.ProofScriptEngine 6: 'auto' 
86630      DEBUG main            d.u.i.k.m.s.ProofScriptEngine 7: 'instantiate hide var=iv with=i_0' 
86635      DEBUG main            d.u.i.k.m.s.ProofScriptEngine 8: 'instantiate hide var=jv with=j_0' 
86636      DEBUG main            d.u.i.k.m.s.ProofScriptEngine 9: 'auto' 
93010      DEBUG main            d.u.i.k.m.s.ProofScriptEngine 10: 'macro simp-upd' 
93082      DEBUG main            d.u.i.k.m.s.ProofScriptEngine 11: 'rule seqPermFromSwap' 
93086      DEBUG main            d.u.i.k.m.s.ProofScriptEngine 12: 'rule andRight' 
93087      DEBUG main            d.u.i.k.m.s.ProofScriptEngine 13: 'auto' 
93100      DEBUG main            d.u.i.k.m.s.ProofScriptEngine 14: 'instantiate hide var=iv with=i_0' 
93103      DEBUG main            d.u.i.k.m.s.ProofScriptEngine 15: 'instantiate hide var=jv with=to' 
93104      DEBUG main            d.u.i.k.m.s.ProofScriptEngine 16: 'auto' 
98122      INFO  main            d.u.i.k.p.r.p.TestFile    ... finished proof: closed. 
98582      INFO  main            d.u.i.k.p.i.AbstractProblemLoader Loading environment from /home/runner/work/key/key/key.core/../key.ui/examples/heap/quicksort/split.key.proof 
98582      DEBUG main            d.u.i.k.p.i.AbstractProblemLoader Environment load took 179.9ns 
98592      INFO  main            d.u.i.k.p.i.AbstractProblemLoader Creating init config 
101107     DEBUG main            d.u.i.k.p.i.AbstractProblemLoader Init config took 2.52s 
101172     INFO  main            d.u.i.k.p.i.AbstractProblemLoader Replaying proof Quicksort[Quicksort::split([I,int,int)].JML normal_behavior operation contract.0 
104725     DEBUG main            d.u.i.k.p.i.IntermediateProofReplayer Proof replay took 3.35s 
104749     DEBUG main            d.u.i.k.p.r.p.TestFile    ... success: reloaded. 
1691224    INFO  Test worker     d.u.i.k.p.r.RunAllProofsTestUnit Returning from test quicksort 
1691226    INFO  Test worker     d.u.i.k.p.r.RunAllProofsTestUnit Running test simpleTests 
360        INFO  Timeout watchdog d.u.i.k.p.r.p.ForkedTestFileRunner Timeout watcher launched (2000 secs.) 
384        WARN  main            d.u.i.k.s.ProofSettings   The settings in /home/runner/.key/proof-settings.props are *not* read. 
429        INFO  main            d.u.i.k.p.r.p.TestFile    Now processing file /home/runner/work/key/key/key.core/../key.ui/examples/heap/simple/anonymise_datagroup.key 
567        INFO  main            d.u.i.k.p.i.AbstractProblemLoader Loading environment from /home/runner/work/key/key/key.core/../key.ui/examples/heap/simple/anonymise_datagroup.key 
592        DEBUG main            d.u.i.k.p.i.AbstractProblemLoader Environment load took 1.94ms 
826        INFO  main            d.u.i.k.p.i.AbstractProblemLoader Creating init config 
1806       DEBUG main            d.u.i.k.j.TypeConverter   No LDT found for Meta 
1806       DEBUG main            d.u.i.k.j.TypeConverter   No LDT found for Meta 
1808       DEBUG main            d.u.i.k.j.TypeConverter   No LDT found for Meta 
1808       DEBUG main            d.u.i.k.j.TypeConverter   No LDT found for Meta 
3298       DEBUG main            d.u.i.k.j.TypeConverter   No LDT found for JavaBigintExpression 
7852       DEBUG main            d.u.i.k.p.i.AbstractProblemLoader Init config took 7.03s 
7920       INFO  main            d.u.i.k.p.i.AbstractProblemLoader Replaying proof anonymise_datagroup.key 
7979       DEBUG main            d.u.i.k.p.i.IntermediateProofReplayer Proof replay took 33.9ns 
8223       INFO  main            d.u.i.k.p.r.p.TestFile    ... finished proof: closed. 
8308       INFO  main            d.u.i.k.p.i.AbstractProblemLoader Loading environment from /home/runner/work/key/key/key.core/../key.ui/examples/heap/simple/anonymise_datagroup.key.proof 
8308       DEBUG main            d.u.i.k.p.i.AbstractProblemLoader Environment load took 137.9ns 
8313       INFO  main            d.u.i.k.p.i.AbstractProblemLoader Creating init config 
10809      DEBUG main            d.u.i.k.p.i.AbstractProblemLoader Init config took 2.5s 
10862      INFO  main            d.u.i.k.p.i.AbstractProblemLoader Replaying proof anonymise_datagroup.key.proof 
10874      DEBUG main            d.u.i.k.p.i.IntermediateProofReplayer Proof replay took 8.02ms 
10884      DEBUG main            d.u.i.k.p.r.p.TestFile    ... success: reloaded. 
10885      INFO  main            d.u.i.k.p.r.p.TestFile    Now processing file /home/runner/work/key/key/key.core/../key.ui/examples/heap/simple/array_creation.key 
10885      INFO  main            d.u.i.k.p.i.AbstractProblemLoader Loading environment from /home/runner/work/key/key/key.core/../key.ui/examples/heap/simple/array_creation.key 
10885      DEBUG main            d.u.i.k.p.i.AbstractProblemLoader Environment load took 207.7ns 
10888      INFO  main            d.u.i.k.p.i.AbstractProblemLoader Creating init config 
13355      DEBUG main            d.u.i.k.p.i.AbstractProblemLoader Init config took 2.47s 
13386      INFO  main            d.u.i.k.p.i.AbstractProblemLoader Replaying proof array_creation.key 
13390      DEBUG main            d.u.i.k.p.i.IntermediateProofReplayer Proof replay took 6.1ns 
13998      INFO  main            d.u.i.k.p.r.p.TestFile    ... finished proof: closed. 
14160      INFO  main            d.u.i.k.p.i.AbstractProblemLoader Loading environment from /home/runner/work/key/key/key.core/../key.ui/examples/heap/simple/array_creation.key.proof 
14161      DEBUG main            d.u.i.k.p.i.AbstractProblemLoader Environment load took 396.5ns 
14162      INFO  main            d.u.i.k.p.i.AbstractProblemLoader Creating init config 
16529      DEBUG main            d.u.i.k.p.i.AbstractProblemLoader Init config took 2.37s 
16554      INFO  main            d.u.i.k.p.i.AbstractProblemLoader Replaying proof array_creation.key.proof 
16645      DEBUG main            d.u.i.k.p.i.IntermediateProofReplayer Proof replay took 85.74ms 
16646      DEBUG main            d.u.i.k.p.r.p.TestFile    ... success: reloaded. 
16647      INFO  main            d.u.i.k.p.r.p.TestFile    Now processing file /home/runner/work/key/key/key.core/../key.ui/examples/heap/simple/arrays_with_disjoint_sorts.key 
16648      INFO  main            d.u.i.k.p.i.AbstractProblemLoader Loading environment from /home/runner/work/key/key/key.core/../key.ui/examples/heap/simple/arrays_with_disjoint_sorts.key 
16648      DEBUG main            d.u.i.k.p.i.AbstractProblemLoader Environment load took 202.4ns 
16649      INFO  main            d.u.i.k.p.i.AbstractProblemLoader Creating init config 
18961      DEBUG main            d.u.i.k.p.i.AbstractProblemLoader Init config took 2.31s 
18982      INFO  main            d.u.i.k.p.i.AbstractProblemLoader Replaying proof arrays_with_disjoint_sorts.key 
18985      DEBUG main            d.u.i.k.p.i.IntermediateProofReplayer Proof replay took 5.2ns 
19188      INFO  main            d.u.i.k.p.r.p.TestFile    ... finished proof: closed. 
19314      INFO  main            d.u.i.k.p.i.AbstractProblemLoader Loading environment from /home/runner/work/key/key/key.core/../key.ui/examples/heap/simple/arrays_with_disjoint_sorts.key.proof 
19314      DEBUG main            d.u.i.k.p.i.AbstractProblemLoader Environment load took 426.19ns 
19316      INFO  main            d.u.i.k.p.i.AbstractProblemLoader Creating init config 
21577      DEBUG main            d.u.i.k.p.i.AbstractProblemLoader Init config took 2.26s 
21597      INFO  main            d.u.i.k.p.i.AbstractProblemLoader Replaying proof arrays_with_disjoint_sorts.key.proof 
21621      DEBUG main            d.u.i.k.p.i.IntermediateProofReplayer Proof replay took 19.59ms 
21622      DEBUG main            d.u.i.k.p.r.p.TestFile    ... success: reloaded. 
21622      INFO  main            d.u.i.k.p.r.p.TestFile    Now processing file /home/runner/work/key/key/key.core/../key.ui/examples/heap/simple/arrays.key 
21623      INFO  main            d.u.i.k.p.i.AbstractProblemLoader Loading environment from /home/runner/work/key/key/key.core/../key.ui/examples/heap/simple/arrays.key 
21623      DEBUG main            d.u.i.k.p.i.AbstractProblemLoader Environment load took 205.4ns 
21624      INFO  main            d.u.i.k.p.i.AbstractProblemLoader Creating init config 
23881      DEBUG main            d.u.i.k.p.i.AbstractProblemLoader Init config took 2.26s 
23900      INFO  main            d.u.i.k.p.i.AbstractProblemLoader Replaying proof arrays.key 
23903      DEBUG main            d.u.i.k.p.i.IntermediateProofReplayer Proof replay took 4.8ns 
24008      INFO  main            d.u.i.k.p.r.p.TestFile    ... finished proof: closed. 
24143      INFO  main            d.u.i.k.p.i.AbstractProblemLoader Loading environment from /home/runner/work/key/key/key.core/../key.ui/examples/heap/simple/arrays.key.proof 
24143      DEBUG main            d.u.i.k.p.i.AbstractProblemLoader Environment load took 112.8ns 
24144      INFO  main            d.u.i.k.p.i.AbstractProblemLoader Creating init config 
26371      DEBUG main            d.u.i.k.p.i.AbstractProblemLoader Init config took 2.23s 
26391      INFO  main            d.u.i.k.p.i.AbstractProblemLoader Replaying proof arrays.key.proof 
26411      DEBUG main            d.u.i.k.p.i.IntermediateProofReplayer Proof replay took 16.92ms 
26412      DEBUG main            d.u.i.k.p.r.p.TestFile    ... success: reloaded. 
26413      INFO  main            d.u.i.k.p.r.p.TestFile    Now processing file /home/runner/work/key/key/key.core/../key.ui/examples/heap/simple/attributes.key 
26413      INFO  main            d.u.i.k.p.i.AbstractProblemLoader Loading environment from /home/runner/work/key/key/key.core/../key.ui/examples/heap/simple/attributes.key 
26413      DEBUG main            d.u.i.k.p.i.AbstractProblemLoader Environment load took 91.9ns 
26414      INFO  main            d.u.i.k.p.i.AbstractProblemLoader Creating init config 
28718      DEBUG main            d.u.i.k.p.i.AbstractProblemLoader Init config took 2.3s 
28738      INFO  main            d.u.i.k.p.i.AbstractProblemLoader Replaying proof attributes.key 
28739      DEBUG main            d.u.i.k.p.i.IntermediateProofReplayer Proof replay took 5.8ns 
28844      INFO  main            d.u.i.k.p.r.p.TestFile    ... finished proof: closed. 
28982      INFO  main            d.u.i.k.p.i.AbstractProblemLoader Loading environment from /home/runner/work/key/key/key.core/../key.ui/examples/heap/simple/attributes.key.proof 
28982      DEBUG main            d.u.i.k.p.i.AbstractProblemLoader Environment load took 113.4ns 
28987      INFO  main            d.u.i.k.p.i.AbstractProblemLoader Creating init config 
31221      DEBUG main            d.u.i.k.p.i.AbstractProblemLoader Init config took 2.23s 
31240      INFO  main            d.u.i.k.p.i.AbstractProblemLoader Replaying proof attributes.key.proof 
31243      DEBUG main            d.u.i.k.p.i.IntermediateProofReplayer Proof replay took 1.61ms 
31244      DEBUG main            d.u.i.k.p.r.p.TestFile    ... success: reloaded. 
31245      INFO  main            d.u.i.k.p.r.p.TestFile    Now processing file /home/runner/work/key/key/key.core/../key.ui/examples/heap/simple/constructor_contracts.key 
31245      INFO  main            d.u.i.k.p.i.AbstractProblemLoader Loading environment from /home/runner/work/key/key/key.core/../key.ui/examples/heap/simple/constructor_contracts.key 
31245      DEBUG main            d.u.i.k.p.i.AbstractProblemLoader Environment load took 195.09ns 
31247      INFO  main            d.u.i.k.p.i.AbstractProblemLoader Creating init config 
33864      DEBUG main            d.u.i.k.p.i.AbstractProblemLoader Init config took 2.62s 
33899      INFO  main            d.u.i.k.p.i.AbstractProblemLoader Replaying proof constructor_contracts.key 
33901      DEBUG main            d.u.i.k.p.i.IntermediateProofReplayer Proof replay took 5.4ns 
34408      INFO  main            d.u.i.k.p.r.p.TestFile    ... finished proof: closed. 
34562      INFO  main            d.u.i.k.p.i.AbstractProblemLoader Loading environment from /home/runner/work/key/key/key.core/../key.ui/examples/heap/simple/constructor_contracts.key.proof 
34563      DEBUG main            d.u.i.k.p.i.AbstractProblemLoader Environment load took 476.09ns 
34564      INFO  main            d.u.i.k.p.i.AbstractProblemLoader Creating init config 
37051      DEBUG main            d.u.i.k.p.i.AbstractProblemLoader Init config took 2.49s 
37069      INFO  main            d.u.i.k.p.i.AbstractProblemLoader Replaying proof constructor_contracts.key.proof 
37168      DEBUG main            d.u.i.k.p.i.IntermediateProofReplayer Proof replay took 94.68ms 
37170      DEBUG main            d.u.i.k.p.r.p.TestFile    ... success: reloaded. 
37172      INFO  main            d.u.i.k.p.r.p.TestFile    Now processing file /home/runner/work/key/key/key.core/../key.ui/examples/heap/simple/dependencies.key 
37172      INFO  main            d.u.i.k.p.i.AbstractProblemLoader Loading environment from /home/runner/work/key/key/key.core/../key.ui/examples/heap/simple/dependencies.key 
37172      DEBUG main            d.u.i.k.p.i.AbstractProblemLoader Environment load took 184ns 
37173      INFO  main            d.u.i.k.p.i.AbstractProblemLoader Creating init config 
39405      DEBUG main            d.u.i.k.p.i.AbstractProblemLoader Init config took 2.23s 
39438      INFO  main            d.u.i.k.p.i.AbstractProblemLoader Replaying proof dependencies.key 
39440      DEBUG main            d.u.i.k.p.i.IntermediateProofReplayer Proof replay took 5.2ns 
39542      INFO  main            d.u.i.k.p.r.p.TestFile    ... finished proof: closed. 
39732      INFO  main            d.u.i.k.p.i.AbstractProblemLoader Loading environment from /home/runner/work/key/key/key.core/../key.ui/examples/heap/simple/dependencies.key.proof 
39732      DEBUG main            d.u.i.k.p.i.AbstractProblemLoader Environment load took 106.4ns 
39734      INFO  main            d.u.i.k.p.i.AbstractProblemLoader Creating init config 
41918      DEBUG main            d.u.i.k.p.i.AbstractProblemLoader Init config took 2.18s 
41934      INFO  main            d.u.i.k.p.i.AbstractProblemLoader Replaying proof dependencies.key.proof 
41943      DEBUG main            d.u.i.k.p.i.IntermediateProofReplayer Proof replay took 7.51ms 
41944      DEBUG main            d.u.i.k.p.r.p.TestFile    ... success: reloaded. 
41945      INFO  main            d.u.i.k.p.r.p.TestFile    Now processing file /home/runner/work/key/key/key.core/../key.ui/examples/heap/simple/dependency_contracts.key 
41945      INFO  main            d.u.i.k.p.i.AbstractProblemLoader Loading environment from /home/runner/work/key/key/key.core/../key.ui/examples/heap/simple/dependency_contracts.key 
41945      DEBUG main            d.u.i.k.p.i.AbstractProblemLoader Environment load took 175.7ns 
41947      INFO  main            d.u.i.k.p.i.AbstractProblemLoader Creating init config 
44377      DEBUG main            d.u.i.k.p.i.AbstractProblemLoader Init config took 2.43s 
44394      INFO  main            d.u.i.k.p.i.AbstractProblemLoader Replaying proof dependency_contracts.key 
44396      DEBUG main            d.u.i.k.p.i.IntermediateProofReplayer Proof replay took 5.9ns 
45603      INFO  main            d.u.i.k.p.r.p.TestFile    ... finished proof: closed. 
45793      INFO  main            d.u.i.k.p.i.AbstractProblemLoader Loading environment from /home/runner/work/key/key/key.core/../key.ui/examples/heap/simple/dependency_contracts.key.proof 
45794      DEBUG main            d.u.i.k.p.i.AbstractProblemLoader Environment load took 925.59ns 
45796      INFO  main            d.u.i.k.p.i.AbstractProblemLoader Creating init config 
48196      DEBUG main            d.u.i.k.p.i.AbstractProblemLoader Init config took 2.4s 
48214      INFO  main            d.u.i.k.p.i.AbstractProblemLoader Replaying proof dependency_contracts.key.proof 
48413      DEBUG main            d.u.i.k.p.i.IntermediateProofReplayer Proof replay took 190.1ms 
48415      DEBUG main            d.u.i.k.p.r.p.TestFile    ... success: reloaded. 
48417      INFO  main            d.u.i.k.p.r.p.TestFile    Now processing file /home/runner/work/key/key/key.core/../key.ui/examples/heap/simple/invariant_preservation.key 
48419      INFO  main            d.u.i.k.p.i.AbstractProblemLoader Loading environment from /home/runner/work/key/key/key.core/../key.ui/examples/heap/simple/invariant_preservation.key 
48419      DEBUG main            d.u.i.k.p.i.AbstractProblemLoader Environment load took 121.4ns 
48421      INFO  main            d.u.i.k.p.i.AbstractProblemLoader Creating init config 
50860      DEBUG main            d.u.i.k.p.i.AbstractProblemLoader Init config took 2.44s 
50877      INFO  main            d.u.i.k.p.i.AbstractProblemLoader Replaying proof invariant_preservation.key 
50879      DEBUG main            d.u.i.k.p.i.IntermediateProofReplayer Proof replay took 5.5ns 
50981      INFO  main            d.u.i.k.p.r.p.TestFile    ... finished proof: closed. 
51174      INFO  main            d.u.i.k.p.i.AbstractProblemLoader Loading environment from /home/runner/work/key/key/key.core/../key.ui/examples/heap/simple/invariant_preservation.key.proof 
51175      DEBUG main            d.u.i.k.p.i.AbstractProblemLoader Environment load took 114.1ns 
51176      INFO  main            d.u.i.k.p.i.AbstractProblemLoader Creating init config 
53601      DEBUG main            d.u.i.k.p.i.AbstractProblemLoader Init config took 2.43s 
53620      INFO  main            d.u.i.k.p.i.AbstractProblemLoader Replaying proof invariant_preservation.key.proof 
53651      DEBUG main            d.u.i.k.p.i.IntermediateProofReplayer Proof replay took 27.53ms 
53653      DEBUG main            d.u.i.k.p.r.p.TestFile    ... success: reloaded. 
53655      INFO  main            d.u.i.k.p.r.p.TestFile    Now processing file /home/runner/work/key/key/key.core/../key.ui/examples/heap/simple/locsets.key 
53655      INFO  main            d.u.i.k.p.i.AbstractProblemLoader Loading environment from /home/runner/work/key/key/key.core/../key.ui/examples/heap/simple/locsets.key 
53655      DEBUG main            d.u.i.k.p.i.AbstractProblemLoader Environment load took 176.9ns 
53656      INFO  main            d.u.i.k.p.i.AbstractProblemLoader Creating init config 
55824      DEBUG main            d.u.i.k.p.i.AbstractProblemLoader Init config took 2.17s 
55838      INFO  main            d.u.i.k.p.i.AbstractProblemLoader Replaying proof locsets.key 
55839      DEBUG main            d.u.i.k.p.i.IntermediateProofReplayer Proof replay took 5.7ns 
55944      INFO  main            d.u.i.k.p.r.p.TestFile    ... finished proof: closed. 
56113      INFO  main            d.u.i.k.p.i.AbstractProblemLoader Loading environment from /home/runner/work/key/key/key.core/../key.ui/examples/heap/simple/locsets.key.proof 
56113      DEBUG main            d.u.i.k.p.i.AbstractProblemLoader Environment load took 103.8ns 
56114      INFO  main            d.u.i.k.p.i.AbstractProblemLoader Creating init config 
58237      DEBUG main            d.u.i.k.p.i.AbstractProblemLoader Init config took 2.12s 
58260      INFO  main            d.u.i.k.p.i.AbstractProblemLoader Replaying proof locsets.key.proof 
58263      DEBUG main            d.u.i.k.p.i.IntermediateProofReplayer Proof replay took 1.52ms 
58263      DEBUG main            d.u.i.k.p.r.p.TestFile    ... success: reloaded. 
58264      INFO  main            d.u.i.k.p.r.p.TestFile    Now processing file /home/runner/work/key/key/key.core/../key.ui/examples/heap/simple/loop1.key 
58264      INFO  main            d.u.i.k.p.i.AbstractProblemLoader Loading environment from /home/runner/work/key/key/key.core/../key.ui/examples/heap/simple/loop1.key 
58264      DEBUG main            d.u.i.k.p.i.AbstractProblemLoader Environment load took 86.7ns 
58265      INFO  main            d.u.i.k.p.i.AbstractProblemLoader Creating init config 
60691      DEBUG main            d.u.i.k.p.i.AbstractProblemLoader Init config took 2.43s 
60705      INFO  main            d.u.i.k.p.i.AbstractProblemLoader Replaying proof loop1.key 
60706      DEBUG main            d.u.i.k.p.i.IntermediateProofReplayer Proof replay took 5ns 
60909      INFO  main            d.u.i.k.p.r.p.TestFile    ... finished proof: closed. 
61086      INFO  main            d.u.i.k.p.i.AbstractProblemLoader Loading environment from /home/runner/work/key/key/key.core/../key.ui/examples/heap/simple/loop1.key.proof 
61087      DEBUG main            d.u.i.k.p.i.AbstractProblemLoader Environment load took 105ns 
61090      INFO  main            d.u.i.k.p.i.AbstractProblemLoader Creating init config 
63477      DEBUG main            d.u.i.k.p.i.AbstractProblemLoader Init config took 2.39s 
63493      INFO  main            d.u.i.k.p.i.AbstractProblemLoader Replaying proof loop1.key.proof 
63558      DEBUG main            d.u.i.k.p.i.IntermediateProofReplayer Proof replay took 62.95ms 
63559      DEBUG main            d.u.i.k.p.r.p.TestFile    ... success: reloaded. 
63560      INFO  main            d.u.i.k.p.r.p.TestFile    Now processing file /home/runner/work/key/key/key.core/../key.ui/examples/heap/simple/loop2.key 
63560      INFO  main            d.u.i.k.p.i.AbstractProblemLoader Loading environment from /home/runner/work/key/key/key.core/../key.ui/examples/heap/simple/loop2.key 
63560      DEBUG main            d.u.i.k.p.i.AbstractProblemLoader Environment load took 83.9ns 
63561      INFO  main            d.u.i.k.p.i.AbstractProblemLoader Creating init config 
65935      DEBUG main            d.u.i.k.p.i.AbstractProblemLoader Init config took 2.37s 
65949      INFO  main            d.u.i.k.p.i.AbstractProblemLoader Replaying proof loop2.key 
65951      DEBUG main            d.u.i.k.p.i.IntermediateProofReplayer Proof replay took 6ns 
66456      INFO  main            d.u.i.k.p.r.p.TestFile    ... finished proof: closed. 
66721      INFO  main            d.u.i.k.p.i.AbstractProblemLoader Loading environment from /home/runner/work/key/key/key.core/../key.ui/examples/heap/simple/loop2.key.proof 
66721      DEBUG main            d.u.i.k.p.i.AbstractProblemLoader Environment load took 110.5ns 
66723      INFO  main            d.u.i.k.p.i.AbstractProblemLoader Creating init config 
69115      DEBUG main            d.u.i.k.p.i.AbstractProblemLoader Init config took 2.39s 
69130      INFO  main            d.u.i.k.p.i.AbstractProblemLoader Replaying proof loop2.key.proof 
69231      DEBUG main            d.u.i.k.p.i.IntermediateProofReplayer Proof replay took 97.14ms 
69233      DEBUG main            d.u.i.k.p.r.p.TestFile    ... success: reloaded. 
69234      INFO  main            d.u.i.k.p.r.p.TestFile    Now processing file /home/runner/work/key/key/key.core/../key.ui/examples/heap/simple/modifies_datagroup.key 
69234      INFO  main            d.u.i.k.p.i.AbstractProblemLoader Loading environment from /home/runner/work/key/key/key.core/../key.ui/examples/heap/simple/modifies_datagroup.key 
69234      DEBUG main            d.u.i.k.p.i.AbstractProblemLoader Environment load took 202.2ns 
69237      INFO  main            d.u.i.k.p.i.AbstractProblemLoader Creating init config 
71432      DEBUG main            d.u.i.k.p.i.AbstractProblemLoader Init config took 2.19s 
71445      INFO  main            d.u.i.k.p.i.AbstractProblemLoader Replaying proof modifies_datagroup.key 
71447      DEBUG main            d.u.i.k.p.i.IntermediateProofReplayer Proof replay took 5.1ns 
71548      INFO  main            d.u.i.k.p.r.p.TestFile    ... finished proof: closed. 
71740      INFO  main            d.u.i.k.p.i.AbstractProblemLoader Loading environment from /home/runner/work/key/key/key.core/../key.ui/examples/heap/simple/modifies_datagroup.key.proof 
71740      DEBUG main            d.u.i.k.p.i.AbstractProblemLoader Environment load took 100.8ns 
71741      INFO  main            d.u.i.k.p.i.AbstractProblemLoader Creating init config 
73900      DEBUG main            d.u.i.k.p.i.AbstractProblemLoader Init config took 2.16s 
73913      INFO  main            d.u.i.k.p.i.AbstractProblemLoader Replaying proof modifies_datagroup.key.proof 
73918      DEBUG main            d.u.i.k.p.i.IntermediateProofReplayer Proof replay took 3.01ms 
73918      DEBUG main            d.u.i.k.p.r.p.TestFile    ... success: reloaded. 
73919      INFO  main            d.u.i.k.p.r.p.TestFile    Now processing file /home/runner/work/key/key/key.core/../key.ui/examples/heap/simple/modifies.key 
73919      INFO  main            d.u.i.k.p.i.AbstractProblemLoader Loading environment from /home/runner/work/key/key/key.core/../key.ui/examples/heap/simple/modifies.key 
73919      DEBUG main            d.u.i.k.p.i.AbstractProblemLoader Environment load took 81.3ns 
73921      INFO  main            d.u.i.k.p.i.AbstractProblemLoader Creating init config 
76087      DEBUG main            d.u.i.k.p.i.AbstractProblemLoader Init config took 2.17s 
76100      INFO  main            d.u.i.k.p.i.AbstractProblemLoader Replaying proof modifies.key 
76101      DEBUG main            d.u.i.k.p.i.IntermediateProofReplayer Proof replay took 5.8ns 
76203      INFO  main            d.u.i.k.p.r.p.TestFile    ... finished proof: closed. 
76391      INFO  main            d.u.i.k.p.i.AbstractProblemLoader Loading environment from /home/runner/work/key/key/key.core/../key.ui/examples/heap/simple/modifies.key.proof 
76391      DEBUG main            d.u.i.k.p.i.AbstractProblemLoader Environment load took 102.2ns 
76393      INFO  main            d.u.i.k.p.i.AbstractProblemLoader Creating init config 
78516      DEBUG main            d.u.i.k.p.i.AbstractProblemLoader Init config took 2.12s 
78528      INFO  main            d.u.i.k.p.i.AbstractProblemLoader Replaying proof modifies.key.proof 
78542      DEBUG main            d.u.i.k.p.i.IntermediateProofReplayer Proof replay took 11.71ms 
78543      DEBUG main            d.u.i.k.p.r.p.TestFile    ... success: reloaded. 
78543      INFO  main            d.u.i.k.p.r.p.TestFile    Now processing file /home/runner/work/key/key/key.core/../key.ui/examples/heap/simple/object_creation.key 
78544      INFO  main            d.u.i.k.p.i.AbstractProblemLoader Loading environment from /home/runner/work/key/key/key.core/../key.ui/examples/heap/simple/object_creation.key 
78544      DEBUG main            d.u.i.k.p.i.AbstractProblemLoader Environment load took 83.5ns 
78545      INFO  main            d.u.i.k.p.i.AbstractProblemLoader Creating init config 
80740      DEBUG main            d.u.i.k.p.i.AbstractProblemLoader Init config took 2.2s 
80754      INFO  main            d.u.i.k.p.i.AbstractProblemLoader Replaying proof object_creation.key 
80755      DEBUG main            d.u.i.k.p.i.IntermediateProofReplayer Proof replay took 4.9ns 
80960      INFO  main            d.u.i.k.p.r.p.TestFile    ... finished proof: closed. 
81158      INFO  main            d.u.i.k.p.i.AbstractProblemLoader Loading environment from /home/runner/work/key/key/key.core/../key.ui/examples/heap/simple/object_creation.key.proof 
81161      DEBUG main            d.u.i.k.p.i.AbstractProblemLoader Environment load took 3.01ms 
81162      INFO  main            d.u.i.k.p.i.AbstractProblemLoader Creating init config 
83271      DEBUG main            d.u.i.k.p.i.AbstractProblemLoader Init config took 2.11s 
83285      INFO  main            d.u.i.k.p.i.AbstractProblemLoader Replaying proof object_creation.key.proof 
83330      DEBUG main            d.u.i.k.p.i.IntermediateProofReplayer Proof replay took 42.08ms 
83331      DEBUG main            d.u.i.k.p.r.p.TestFile    ... success: reloaded. 
83332      INFO  main            d.u.i.k.p.r.p.TestFile    Now processing file /home/runner/work/key/key/key.core/../key.ui/examples/heap/simple/operation_contracts.key 
83332      INFO  main            d.u.i.k.p.i.AbstractProblemLoader Loading environment from /home/runner/work/key/key/key.core/../key.ui/examples/heap/simple/operation_contracts.key 
83332      DEBUG main            d.u.i.k.p.i.AbstractProblemLoader Environment load took 186.1ns 
83334      INFO  main            d.u.i.k.p.i.AbstractProblemLoader Creating init config 
85743      DEBUG main            d.u.i.k.p.i.AbstractProblemLoader Init config took 2.41s 
85758      INFO  main            d.u.i.k.p.i.AbstractProblemLoader Replaying proof operation_contracts.key 
85759      DEBUG main            d.u.i.k.p.i.IntermediateProofReplayer Proof replay took 5.4ns 
86564      INFO  main            d.u.i.k.p.r.p.TestFile    ... finished proof: closed. 
86781      INFO  main            d.u.i.k.p.i.AbstractProblemLoader Loading environment from /home/runner/work/key/key/key.core/../key.ui/examples/heap/simple/operation_contracts.key.proof 
86781      DEBUG main            d.u.i.k.p.i.AbstractProblemLoader Environment load took 109.5ns 
86787      INFO  main            d.u.i.k.p.i.AbstractProblemLoader Creating init config 
89146      DEBUG main            d.u.i.k.p.i.AbstractProblemLoader Init config took 2.36s 
89163      INFO  main            d.u.i.k.p.i.AbstractProblemLoader Replaying proof operation_contracts.key.proof 
89286      DEBUG main            d.u.i.k.p.i.IntermediateProofReplayer Proof replay took 112.2ms 
89288      DEBUG main            d.u.i.k.p.r.p.TestFile    ... success: reloaded. 
89289      INFO  main            d.u.i.k.p.r.p.TestFile    Now processing file /home/runner/work/key/key/key.core/../key.ui/examples/heap/simple/select_store.key 
89289      INFO  main            d.u.i.k.p.i.AbstractProblemLoader Loading environment from /home/runner/work/key/key/key.core/../key.ui/examples/heap/simple/select_store.key 
89289      DEBUG main            d.u.i.k.p.i.AbstractProblemLoader Environment load took 197.5ns 
89290      INFO  main            d.u.i.k.p.i.AbstractProblemLoader Creating init config 
91509      DEBUG main            d.u.i.k.p.i.AbstractProblemLoader Init config took 2.22s 
91522      INFO  main            d.u.i.k.p.i.AbstractProblemLoader Replaying proof select_store.key 
91523      DEBUG main            d.u.i.k.p.i.IntermediateProofReplayer Proof replay took 5.4ns 
91625      INFO  main            d.u.i.k.p.r.p.TestFile    ... finished proof: closed. 
91846      INFO  main            d.u.i.k.p.i.AbstractProblemLoader Loading environment from /home/runner/work/key/key/key.core/../key.ui/examples/heap/simple/select_store.key.proof 
91846      DEBUG main            d.u.i.k.p.i.AbstractProblemLoader Environment load took 123.8ns 
91847      INFO  main            d.u.i.k.p.i.AbstractProblemLoader Creating init config 
93963      DEBUG main            d.u.i.k.p.i.AbstractProblemLoader Init config took 2.12s 
93977      INFO  main            d.u.i.k.p.i.AbstractProblemLoader Replaying proof select_store.key.proof 
93980      DEBUG main            d.u.i.k.p.i.IntermediateProofReplayer Proof replay took 2.09ms 
93981      DEBUG main            d.u.i.k.p.r.p.TestFile    ... success: reloaded. 
93981      INFO  main            d.u.i.k.p.r.p.TestFile    Now processing file /home/runner/work/key/key/key.core/../key.ui/examples/heap/simple/selection_sort.key 
93982      INFO  main            d.u.i.k.p.i.AbstractProblemLoader Loading environment from /home/runner/work/key/key/key.core/../key.ui/examples/heap/simple/selection_sort.key 
93982      DEBUG main            d.u.i.k.p.i.AbstractProblemLoader Environment load took 82.8ns 
93983      INFO  main            d.u.i.k.p.i.AbstractProblemLoader Creating init config 
96379      DEBUG main            d.u.i.k.p.i.AbstractProblemLoader Init config took 2.4s 
96393      INFO  main            d.u.i.k.p.i.AbstractProblemLoader Replaying proof selection_sort.key 
96395      DEBUG main            d.u.i.k.p.i.IntermediateProofReplayer Proof replay took 6ns 
99837      INFO  main            d.u.i.k.p.r.p.TestFile    ... finished proof: closed. 
100081     INFO  main            d.u.i.k.p.i.AbstractProblemLoader Loading environment from /home/runner/work/key/key/key.core/../key.ui/examples/heap/simple/selection_sort.key.proof 
100082     DEBUG main            d.u.i.k.p.i.AbstractProblemLoader Environment load took 377.39ns 
100083     INFO  main            d.u.i.k.p.i.AbstractProblemLoader Creating init config 
102412     DEBUG main            d.u.i.k.p.i.AbstractProblemLoader Init config took 2.33s 
102425     INFO  main            d.u.i.k.p.i.AbstractProblemLoader Replaying proof selection_sort.key.proof 
103005     DEBUG main            d.u.i.k.p.i.IntermediateProofReplayer Proof replay took 557.15ms 
103007     DEBUG main            d.u.i.k.p.r.p.TestFile    ... success: reloaded. 
103008     INFO  main            d.u.i.k.p.r.p.TestFile    Now processing file /home/runner/work/key/key/key.core/../key.ui/examples/heap/simple/seq.key 
103008     INFO  main            d.u.i.k.p.i.AbstractProblemLoader Loading environment from /home/runner/work/key/key/key.core/../key.ui/examples/heap/simple/seq.key 
103008     DEBUG main            d.u.i.k.p.i.AbstractProblemLoader Environment load took 161.4ns 
103009     INFO  main            d.u.i.k.p.i.AbstractProblemLoader Creating init config 
105202     DEBUG main            d.u.i.k.p.i.AbstractProblemLoader Init config took 2.19s 
105215     INFO  main            d.u.i.k.p.i.AbstractProblemLoader Replaying proof seq.key 
105216     DEBUG main            d.u.i.k.p.i.IntermediateProofReplayer Proof replay took 6ns 
105620     INFO  main            d.u.i.k.p.r.p.TestFile    ... finished proof: closed. 
105970     INFO  main            d.u.i.k.p.i.AbstractProblemLoader Loading environment from /home/runner/work/key/key/key.core/../key.ui/examples/heap/simple/seq.key.proof 
105970     DEBUG main            d.u.i.k.p.i.AbstractProblemLoader Environment load took 98.3ns 
105971     INFO  main            d.u.i.k.p.i.AbstractProblemLoader Creating init config 
108069     DEBUG main            d.u.i.k.p.i.AbstractProblemLoader Init config took 2.1s 
108082     INFO  main            d.u.i.k.p.i.AbstractProblemLoader Replaying proof seq.key.proof 
108133     DEBUG main            d.u.i.k.p.i.IntermediateProofReplayer Proof replay took 46.26ms 
108134     DEBUG main            d.u.i.k.p.r.p.TestFile    ... success: reloaded. 
108135     INFO  main            d.u.i.k.p.r.p.TestFile    Now processing file /home/runner/work/key/key/key.core/../key.ui/examples/heap/simple/oldForParams.key 
108135     INFO  main            d.u.i.k.p.i.AbstractProblemLoader Loading environment from /home/runner/work/key/key/key.core/../key.ui/examples/heap/simple/oldForParams.key 
108135     DEBUG main            d.u.i.k.p.i.AbstractProblemLoader Environment load took 83.6ns 
108136     INFO  main            d.u.i.k.p.i.AbstractProblemLoader Creating init config 
110522     DEBUG main            d.u.i.k.p.i.AbstractProblemLoader Init config took 2.39s 
110580     INFO  main            d.u.i.k.p.i.AbstractProblemLoader Replaying proof OldForParameters[OldForParameters::method(int)].JML operation contract.0 
110583     DEBUG main            d.u.i.k.p.i.IntermediateProofReplayer Proof replay took 6ns 
110785     INFO  main            d.u.i.k.p.r.p.TestFile    ... finished proof: closed. 
111029     INFO  main            d.u.i.k.p.i.AbstractProblemLoader Loading environment from /home/runner/work/key/key/key.core/../key.ui/examples/heap/simple/oldForParams.key.proof 
111029     DEBUG main            d.u.i.k.p.i.AbstractProblemLoader Environment load took 93.9ns 
111030     INFO  main            d.u.i.k.p.i.AbstractProblemLoader Creating init config 
113347     DEBUG main            d.u.i.k.p.i.AbstractProblemLoader Init config took 2.32s 
113383     INFO  main            d.u.i.k.p.i.AbstractProblemLoader Replaying proof OldForParameters[OldForParameters::method(int)].JML operation contract.0 
113427     DEBUG main            d.u.i.k.p.i.IntermediateProofReplayer Proof replay took 41.63ms 
113428     DEBUG main            d.u.i.k.p.r.p.TestFile    ... success: reloaded. 
113430     INFO  main            d.u.i.k.p.r.p.TestFile    Now processing file /home/runner/work/key/key/key.core/../key.ui/examples/heap/simple/parse_lmtd.key 
113430     INFO  main            d.u.i.k.p.i.AbstractProblemLoader Loading environment from /home/runner/work/key/key/key.core/../key.ui/examples/heap/simple/parse_lmtd.key 
113430     DEBUG main            d.u.i.k.p.i.AbstractProblemLoader Environment load took 181.4ns 
113431     INFO  main            d.u.i.k.p.i.AbstractProblemLoader Creating init config 
115804     DEBUG main            d.u.i.k.p.i.AbstractProblemLoader Init config took 2.37s 
115840     INFO  main            d.u.i.k.p.i.AbstractProblemLoader Replaying proof ParseLmtd[ParseLmtd::simple(int)].JML normal_behavior operation contract.0 
115841     DEBUG main            d.u.i.k.p.i.IntermediateProofReplayer Proof replay took 4.9ns 
115944     INFO  main            d.u.i.k.p.r.p.TestFile    ... finished proof: closed. 
116178     INFO  main            d.u.i.k.p.i.AbstractProblemLoader Loading environment from /home/runner/work/key/key/key.core/../key.ui/examples/heap/simple/parse_lmtd.key.proof 
116178     DEBUG main            d.u.i.k.p.i.AbstractProblemLoader Environment load took 95.5ns 
116180     INFO  main            d.u.i.k.p.i.AbstractProblemLoader Creating init config 
118490     DEBUG main            d.u.i.k.p.i.AbstractProblemLoader Init config took 2.31s 
118525     INFO  main            d.u.i.k.p.i.AbstractProblemLoader Replaying proof ParseLmtd[ParseLmtd::simple(int)].JML normal_behavior operation contract.0 
118546     DEBUG main            d.u.i.k.p.i.IntermediateProofReplayer Proof replay took 19.4ms 
118547     DEBUG main            d.u.i.k.p.r.p.TestFile    ... success: reloaded. 
118548     INFO  main            d.u.i.k.p.r.p.TestFile    Now processing file /home/runner/work/key/key/key.core/../key.ui/examples/heap/strictly_pure/strictlyPureMethod.key 
118548     INFO  main            d.u.i.k.p.i.AbstractProblemLoader Loading environment from /home/runner/work/key/key/key.core/../key.ui/examples/heap/strictly_pure/strictlyPureMethod.key 
118548     DEBUG main            d.u.i.k.p.i.AbstractProblemLoader Environment load took 78.2ns 
118549     INFO  main            d.u.i.k.p.i.AbstractProblemLoader Creating init config 
120817     DEBUG main            d.u.i.k.p.i.AbstractProblemLoader Init config took 2.27s 
120850     INFO  main            d.u.i.k.p.i.AbstractProblemLoader Replaying proof StrictlyPure[StrictlyPure::strictlyPureMethod()].JML operation contract.0 
120851     DEBUG main            d.u.i.k.p.i.IntermediateProofReplayer Proof replay took 4.6ns 
121056     INFO  main            d.u.i.k.p.r.p.TestFile    ... finished proof: closed. 
121307     INFO  main            d.u.i.k.p.i.AbstractProblemLoader Loading environment from /home/runner/work/key/key/key.core/../key.ui/examples/heap/strictly_pure/strictlyPureMethod.key.proof 
121307     DEBUG main            d.u.i.k.p.i.AbstractProblemLoader Environment load took 94.3ns 
121308     INFO  main            d.u.i.k.p.i.AbstractProblemLoader Creating init config 
123487     DEBUG main            d.u.i.k.p.i.AbstractProblemLoader Init config took 2.18s 
123519     INFO  main            d.u.i.k.p.i.AbstractProblemLoader Replaying proof StrictlyPure[StrictlyPure::strictlyPureMethod()].JML operation contract.0 
123553     DEBUG main            d.u.i.k.p.i.IntermediateProofReplayer Proof replay took 31.95ms 
123553     DEBUG main            d.u.i.k.p.r.p.TestFile    ... success: reloaded. 
123554     INFO  main            d.u.i.k.p.r.p.TestFile    Now processing file /home/runner/work/key/key/key.core/../key.ui/examples/heap/strictly_pure/useStrictlyPureMethod.key 
123554     INFO  main            d.u.i.k.p.i.AbstractProblemLoader Loading environment from /home/runner/work/key/key/key.core/../key.ui/examples/heap/strictly_pure/useStrictlyPureMethod.key 
123555     DEBUG main            d.u.i.k.p.i.AbstractProblemLoader Environment load took 83.6ns 
123555     INFO  main            d.u.i.k.p.i.AbstractProblemLoader Creating init config 
125783     DEBUG main            d.u.i.k.p.i.AbstractProblemLoader Init config took 2.23s 
125815     INFO  main            d.u.i.k.p.i.AbstractProblemLoader Replaying proof StrictlyPure[StrictlyPure::useStrictlyPureMethod(StrictlyPureClass)].JML operation contract.0 
125816     DEBUG main            d.u.i.k.p.i.IntermediateProofReplayer Proof replay took 5.1ns 
126018     INFO  main            d.u.i.k.p.r.p.TestFile    ... finished proof: closed. 
126274     INFO  main            d.u.i.k.p.i.AbstractProblemLoader Loading environment from /home/runner/work/key/key/key.core/../key.ui/examples/heap/strictly_pure/useStrictlyPureMethod.key.proof 
126274     DEBUG main            d.u.i.k.p.i.AbstractProblemLoader Environment load took 94.2ns 
126275     INFO  main            d.u.i.k.p.i.AbstractProblemLoader Creating init config 
128446     DEBUG main            d.u.i.k.p.i.AbstractProblemLoader Init config took 2.17s 
128478     INFO  main            d.u.i.k.p.i.AbstractProblemLoader Replaying proof StrictlyPure[StrictlyPure::useStrictlyPureMethod(StrictlyPureClass)].JML operation contract.0 
128536     DEBUG main            d.u.i.k.p.i.IntermediateProofReplayer Proof replay took 56.23ms 
128537     DEBUG main            d.u.i.k.p.r.p.TestFile    ... success: reloaded. 
128539     INFO  main            d.u.i.k.p.r.p.TestFile    Now processing file /home/runner/work/key/key/key.core/../key.ui/examples/heap/Wellfounded/ackermann.key 
128539     INFO  main            d.u.i.k.p.i.AbstractProblemLoader Loading environment from /home/runner/work/key/key/key.core/../key.ui/examples/heap/Wellfounded/ackermann.key 
128539     DEBUG main            d.u.i.k.p.i.AbstractProblemLoader Environment load took 213ns 
128540     INFO  main            d.u.i.k.p.i.AbstractProblemLoader Creating init config 
130786     DEBUG main            d.u.i.k.p.i.AbstractProblemLoader Init config took 2.25s 
130817     INFO  main            d.u.i.k.p.i.AbstractProblemLoader Replaying proof Ackermann[Ackermann::a(int,int)].JML normal_behavior operation contract.0 
130819     DEBUG main            d.u.i.k.p.i.IntermediateProofReplayer Proof replay took 5.4ns 
131122     INFO  main            d.u.i.k.p.r.p.TestFile    ... finished proof: closed. 
131383     INFO  main            d.u.i.k.p.i.AbstractProblemLoader Loading environment from /home/runner/work/key/key/key.core/../key.ui/examples/heap/Wellfounded/ackermann.key.proof 
131383     DEBUG main            d.u.i.k.p.i.AbstractProblemLoader Environment load took 96.5ns 
131384     INFO  main            d.u.i.k.p.i.AbstractProblemLoader Creating init config 
133567     DEBUG main            d.u.i.k.p.i.AbstractProblemLoader Init config took 2.18s 
133599     INFO  main            d.u.i.k.p.i.AbstractProblemLoader Replaying proof Ackermann[Ackermann::a(int,int)].JML normal_behavior operation contract.0 
133653     DEBUG main            d.u.i.k.p.i.IntermediateProofReplayer Proof replay took 51.81ms 
133654     DEBUG main            d.u.i.k.p.r.p.TestFile    ... success: reloaded. 
133655     INFO  main            d.u.i.k.p.r.p.TestFile    Now processing file /home/runner/work/key/key/key.core/../key.ui/examples/standard_key/unicode_test.key 
133655     INFO  main            d.u.i.k.p.i.AbstractProblemLoader Loading environment from /home/runner/work/key/key/key.core/../key.ui/examples/standard_key/unicode_test.key 
133655     DEBUG main            d.u.i.k.p.i.AbstractProblemLoader Environment load took 80.2ns 
133657     INFO  main            d.u.i.k.p.i.AbstractProblemLoader Creating init config 
135846     DEBUG main            d.u.i.k.p.i.AbstractProblemLoader Init config took 2.19s 
135860     INFO  main            d.u.i.k.p.i.AbstractProblemLoader Replaying proof unicode_test.key 
135861     DEBUG main            d.u.i.k.p.i.IntermediateProofReplayer Proof replay took 5.7ns 
135963     INFO  main            d.u.i.k.p.r.p.TestFile    ... finished proof: closed. 
136209     INFO  main            d.u.i.k.p.i.AbstractProblemLoader Loading environment from /home/runner/work/key/key/key.core/../key.ui/examples/standard_key/unicode_test.key.proof 
136209     DEBUG main            d.u.i.k.p.i.AbstractProblemLoader Environment load took 94.5ns 
136211     INFO  main            d.u.i.k.p.i.AbstractProblemLoader Creating init config 
138306     DEBUG main            d.u.i.k.p.i.AbstractProblemLoader Init config took 2.1s 
138318     INFO  main            d.u.i.k.p.i.AbstractProblemLoader Replaying proof unicode_test.key.proof 
138320     DEBUG main            d.u.i.k.p.i.IntermediateProofReplayer Proof replay took 289.19ns 
138320     DEBUG main            d.u.i.k.p.r.p.TestFile    ... success: reloaded. 
138321     INFO  main            d.u.i.k.p.r.p.TestFile    Now processing file /home/runner/work/key/key/key.core/../key.ui/examples/heap/strictlyModular/mayExpand.key 
138321     INFO  main            d.u.i.k.p.i.AbstractProblemLoader Loading environment from /home/runner/work/key/key/key.core/../key.ui/examples/heap/strictlyModular/mayExpand.key 
138321     DEBUG main            d.u.i.k.p.i.AbstractProblemLoader Environment load took 256.4ns 
138322     INFO  main            d.u.i.k.p.i.AbstractProblemLoader Creating init config 
140554     DEBUG main            d.u.i.k.p.i.AbstractProblemLoader Init config took 2.23s 
140585     INFO  main            d.u.i.k.p.i.AbstractProblemLoader Replaying proof Modular[Modular::m()].JML operation contract.0 
140586     DEBUG main            d.u.i.k.p.i.IntermediateProofReplayer Proof replay took 5.7ns 
140688     INFO  main            d.u.i.k.p.r.p.TestFile    ... finished proof: closed. 
140941     INFO  main            d.u.i.k.p.i.AbstractProblemLoader Loading environment from /home/runner/work/key/key/key.core/../key.ui/examples/heap/strictlyModular/mayExpand.key.proof 
140941     DEBUG main            d.u.i.k.p.i.AbstractProblemLoader Environment load took 88.7ns 
140942     INFO  main            d.u.i.k.p.i.AbstractProblemLoader Creating init config 
143108     DEBUG main            d.u.i.k.p.i.AbstractProblemLoader Init config took 2.17s 
143139     INFO  main            d.u.i.k.p.i.AbstractProblemLoader Replaying proof Modular[Modular::m()].JML operation contract.0 
143153     DEBUG main            d.u.i.k.p.i.IntermediateProofReplayer Proof replay took 12.24ms 
143154     DEBUG main            d.u.i.k.p.r.p.TestFile    ... success: reloaded. 
143155     INFO  main            d.u.i.k.p.r.p.TestFile    Now processing file /home/runner/work/key/key/key.core/../key.ui/examples/heap/strictlyModular/modularOnly.key 
143155     INFO  main            d.u.i.k.p.i.AbstractProblemLoader Loading environment from /home/runner/work/key/key/key.core/../key.ui/examples/heap/strictlyModular/modularOnly.key 
143155     DEBUG main            d.u.i.k.p.i.AbstractProblemLoader Environment load took 66.4ns 
143156     INFO  main            d.u.i.k.p.i.AbstractProblemLoader Creating init config 
145377     DEBUG main            d.u.i.k.p.i.AbstractProblemLoader Init config took 2.22s 
145408     INFO  main            d.u.i.k.p.i.AbstractProblemLoader Replaying proof Modular[Modular::m()].JML operation contract.0 
145409     DEBUG main            d.u.i.k.p.i.IntermediateProofReplayer Proof replay took 4.8ns 
145511     INFO  main            d.u.i.k.p.r.p.TestFile    ... finished proof: open goal(s) 
1837160    INFO  Test worker     d.u.i.k.p.r.RunAllProofsTestUnit Returning from test simpleTests 
1837165    INFO  Test worker     d.u.i.k.p.r.RunAllProofsTestUnit Running test SmansEtAl 
323        INFO  Timeout watchdog d.u.i.k.p.r.p.ForkedTestFileRunner Timeout watcher launched (2000 secs.) 
328        WARN  main            d.u.i.k.s.ProofSettings   The settings in /home/runner/.key/proof-settings.props are *not* read. 
357        INFO  main            d.u.i.k.p.r.p.TestFile    Now processing file /home/runner/work/key/key/key.core/../key.ui/examples/heap/SmansEtAl/ArrayList_add.key 
472        INFO  main            d.u.i.k.p.i.AbstractProblemLoader Loading environment from /home/runner/work/key/key/key.core/../key.ui/examples/heap/SmansEtAl/ArrayList_add.key 
488        DEBUG main            d.u.i.k.p.i.AbstractProblemLoader Environment load took 2.05ms 
692        INFO  main            d.u.i.k.p.i.AbstractProblemLoader Creating init config 
1655       DEBUG main            d.u.i.k.j.TypeConverter   No LDT found for Meta 
1656       DEBUG main            d.u.i.k.j.TypeConverter   No LDT found for Meta 
1659       DEBUG main            d.u.i.k.j.TypeConverter   No LDT found for Meta 
1659       DEBUG main            d.u.i.k.j.TypeConverter   No LDT found for Meta 
3255       DEBUG main            d.u.i.k.j.TypeConverter   No LDT found for JavaBigintExpression 
8320       DEBUG main            d.u.i.k.p.i.AbstractProblemLoader Init config took 7.63s 
8442       INFO  main            d.u.i.k.p.i.AbstractProblemLoader Replaying proof ArrayList[ArrayList::add(java.lang.Object)].JML normal_behavior operation contract.0 
8471       DEBUG main            d.u.i.k.p.i.IntermediateProofReplayer Proof replay took 28.6ns 
15723      INFO  main            d.u.i.k.p.r.p.TestFile    ... finished proof: closed. 
15889      INFO  main            d.u.i.k.p.i.AbstractProblemLoader Loading environment from /home/runner/work/key/key/key.core/../key.ui/examples/heap/SmansEtAl/ArrayList_add.key.proof 
15893      DEBUG main            d.u.i.k.p.i.AbstractProblemLoader Environment load took 3.23ms 
15898      INFO  main            d.u.i.k.p.i.AbstractProblemLoader Creating init config 
18798      DEBUG main            d.u.i.k.p.i.AbstractProblemLoader Init config took 2.9s 
18872      INFO  main            d.u.i.k.p.i.AbstractProblemLoader Replaying proof ArrayList[ArrayList::add(java.lang.Object)].JML normal_behavior operation contract.0 
19911      DEBUG main            d.u.i.k.p.i.IntermediateProofReplayer Proof replay took 1.01s 
19920      DEBUG main            d.u.i.k.p.r.p.TestFile    ... success: reloaded. 
19921      INFO  main            d.u.i.k.p.r.p.TestFile    Now processing file /home/runner/work/key/key/key.core/../key.ui/examples/heap/SmansEtAl/ArrayList_ArrayList.key 
19922      INFO  main            d.u.i.k.p.i.AbstractProblemLoader Loading environment from /home/runner/work/key/key/key.core/../key.ui/examples/heap/SmansEtAl/ArrayList_ArrayList.key 
19922      DEBUG main            d.u.i.k.p.i.AbstractProblemLoader Environment load took 199.4ns 
19923      INFO  main            d.u.i.k.p.i.AbstractProblemLoader Creating init config 
22667      DEBUG main            d.u.i.k.p.i.AbstractProblemLoader Init config took 2.74s 
22722      INFO  main            d.u.i.k.p.i.AbstractProblemLoader Replaying proof ArrayList[ArrayList::ArrayList()].JML normal_behavior operation contract.0 
22724      DEBUG main            d.u.i.k.p.i.IntermediateProofReplayer Proof replay took 5.3ns 
23630      INFO  main            d.u.i.k.p.r.p.TestFile    ... finished proof: closed. 
23769      INFO  main            d.u.i.k.p.i.AbstractProblemLoader Loading environment from /home/runner/work/key/key/key.core/../key.ui/examples/heap/SmansEtAl/ArrayList_ArrayList.key.proof 
23769      DEBUG main            d.u.i.k.p.i.AbstractProblemLoader Environment load took 511.9ns 
23771      INFO  main            d.u.i.k.p.i.AbstractProblemLoader Creating init config 
26478      DEBUG main            d.u.i.k.p.i.AbstractProblemLoader Init config took 2.71s 
26536      INFO  main            d.u.i.k.p.i.AbstractProblemLoader Replaying proof ArrayList[ArrayList::ArrayList()].JML normal_behavior operation contract.0 
26676      DEBUG main            d.u.i.k.p.i.IntermediateProofReplayer Proof replay took 131.82ms 
26678      DEBUG main            d.u.i.k.p.r.p.TestFile    ... success: reloaded. 
26679      INFO  main            d.u.i.k.p.r.p.TestFile    Now processing file /home/runner/work/key/key/key.core/../key.ui/examples/heap/SmansEtAl/ArrayList_footprint.key 
26679      INFO  main            d.u.i.k.p.i.AbstractProblemLoader Loading environment from /home/runner/work/key/key/key.core/../key.ui/examples/heap/SmansEtAl/ArrayList_footprint.key 
26680      DEBUG main            d.u.i.k.p.i.AbstractProblemLoader Environment load took 189.2ns 
26681      INFO  main            d.u.i.k.p.i.AbstractProblemLoader Creating init config 
29322      DEBUG main            d.u.i.k.p.i.AbstractProblemLoader Init config took 2.64s 
29367      INFO  main            d.u.i.k.p.i.AbstractProblemLoader Replaying proof ArrayList[ArrayList::$footprint()].JML accessible clause.0 
29369      DEBUG main            d.u.i.k.p.i.IntermediateProofReplayer Proof replay took 6ns 
29472      INFO  main            d.u.i.k.p.r.p.TestFile    ... finished proof: closed. 
29620      INFO  main            d.u.i.k.p.i.AbstractProblemLoader Loading environment from /home/runner/work/key/key/key.core/../key.ui/examples/heap/SmansEtAl/ArrayList_footprint.key.proof 
29620      DEBUG main            d.u.i.k.p.i.AbstractProblemLoader Environment load took 110.8ns 
29621      INFO  main            d.u.i.k.p.i.AbstractProblemLoader Creating init config 
32227      DEBUG main            d.u.i.k.p.i.AbstractProblemLoader Init config took 2.61s 
32269      INFO  main            d.u.i.k.p.i.AbstractProblemLoader Replaying proof ArrayList[ArrayList::$footprint()].JML accessible clause.0 
32280      DEBUG main            d.u.i.k.p.i.IntermediateProofReplayer Proof replay took 8.62ms 
32281      DEBUG main            d.u.i.k.p.r.p.TestFile    ... success: reloaded. 
32282      INFO  main            d.u.i.k.p.r.p.TestFile    Now processing file /home/runner/work/key/key/key.core/../key.ui/examples/heap/SmansEtAl/ArrayList_get_dep.key 
32283      INFO  main            d.u.i.k.p.i.AbstractProblemLoader Loading environment from /home/runner/work/key/key/key.core/../key.ui/examples/heap/SmansEtAl/ArrayList_get_dep.key 
32283      DEBUG main            d.u.i.k.p.i.AbstractProblemLoader Environment load took 120.8ns 
32284      INFO  main            d.u.i.k.p.i.AbstractProblemLoader Creating init config 
34901      DEBUG main            d.u.i.k.p.i.AbstractProblemLoader Init config took 2.62s 
34942      INFO  main            d.u.i.k.p.i.AbstractProblemLoader Replaying proof ArrayList[ArrayList::get(int)].JML accessible clause.0 
34944      DEBUG main            d.u.i.k.p.i.IntermediateProofReplayer Proof replay took 5.6ns 
35248      INFO  main            d.u.i.k.p.r.p.TestFile    ... finished proof: closed. 
35400      INFO  main            d.u.i.k.p.i.AbstractProblemLoader Loading environment from /home/runner/work/key/key/key.core/../key.ui/examples/heap/SmansEtAl/ArrayList_get_dep.key.proof 
35400      DEBUG main            d.u.i.k.p.i.AbstractProblemLoader Environment load took 122.5ns 
35401      INFO  main            d.u.i.k.p.i.AbstractProblemLoader Creating init config 
38011      DEBUG main            d.u.i.k.p.i.AbstractProblemLoader Init config took 2.61s 
38052      INFO  main            d.u.i.k.p.i.AbstractProblemLoader Replaying proof ArrayList[ArrayList::get(int)].JML accessible clause.0 
38108      DEBUG main            d.u.i.k.p.i.IntermediateProofReplayer Proof replay took 51.8ms 
38109      DEBUG main            d.u.i.k.p.r.p.TestFile    ... success: reloaded. 
38110      INFO  main            d.u.i.k.p.r.p.TestFile    Now processing file /home/runner/work/key/key/key.core/../key.ui/examples/heap/SmansEtAl/ArrayList_get.key 
38110      INFO  main            d.u.i.k.p.i.AbstractProblemLoader Loading environment from /home/runner/work/key/key/key.core/../key.ui/examples/heap/SmansEtAl/ArrayList_get.key 
38111      DEBUG main            d.u.i.k.p.i.AbstractProblemLoader Environment load took 223.7ns 
38112      INFO  main            d.u.i.k.p.i.AbstractProblemLoader Creating init config 
40807      DEBUG main            d.u.i.k.p.i.AbstractProblemLoader Init config took 2.7s 
40855      INFO  main            d.u.i.k.p.i.AbstractProblemLoader Replaying proof ArrayList[ArrayList::get(int)].JML normal_behavior operation contract.0 
40857      DEBUG main            d.u.i.k.p.i.IntermediateProofReplayer Proof replay took 5.4ns 
41059      INFO  main            d.u.i.k.p.r.p.TestFile    ... finished proof: closed. 
41206      INFO  main            d.u.i.k.p.i.AbstractProblemLoader Loading environment from /home/runner/work/key/key/key.core/../key.ui/examples/heap/SmansEtAl/ArrayList_get.key.proof 
41206      DEBUG main            d.u.i.k.p.i.AbstractProblemLoader Environment load took 111.6ns 
41207      INFO  main            d.u.i.k.p.i.AbstractProblemLoader Creating init config 
43794      DEBUG main            d.u.i.k.p.i.AbstractProblemLoader Init config took 2.59s 
43836      INFO  main            d.u.i.k.p.i.AbstractProblemLoader Replaying proof ArrayList[ArrayList::get(int)].JML normal_behavior operation contract.0 
43865      DEBUG main            d.u.i.k.p.i.IntermediateProofReplayer Proof replay took 27.08ms 
43866      DEBUG main            d.u.i.k.p.r.p.TestFile    ... success: reloaded. 
43867      INFO  main            d.u.i.k.p.r.p.TestFile    Now processing file /home/runner/work/key/key/key.core/../key.ui/examples/heap/SmansEtAl/ArrayList_inv.key 
43868      INFO  main            d.u.i.k.p.i.AbstractProblemLoader Loading environment from /home/runner/work/key/key/key.core/../key.ui/examples/heap/SmansEtAl/ArrayList_inv.key 
43868      DEBUG main            d.u.i.k.p.i.AbstractProblemLoader Environment load took 96.1ns 
43869      INFO  main            d.u.i.k.p.i.AbstractProblemLoader Creating init config 
46478      DEBUG main            d.u.i.k.p.i.AbstractProblemLoader Init config took 2.61s 
46518      INFO  main            d.u.i.k.p.i.AbstractProblemLoader Replaying proof ArrayList[java.lang.Object::<inv>()].JML accessible clause.0 
46520      DEBUG main            d.u.i.k.p.i.IntermediateProofReplayer Proof replay took 5.1ns 
46625      INFO  main            d.u.i.k.p.r.p.TestFile    ... finished proof: closed. 
46776      INFO  main            d.u.i.k.p.i.AbstractProblemLoader Loading environment from /home/runner/work/key/key/key.core/../key.ui/examples/heap/SmansEtAl/ArrayList_inv.key.proof 
46776      DEBUG main            d.u.i.k.p.i.AbstractProblemLoader Environment load took 105.3ns 
46777      INFO  main            d.u.i.k.p.i.AbstractProblemLoader Creating init config 
49356      DEBUG main            d.u.i.k.p.i.AbstractProblemLoader Init config took 2.58s 
49393      INFO  main            d.u.i.k.p.i.AbstractProblemLoader Replaying proof ArrayList[java.lang.Object::<inv>()].JML accessible clause.0 
49404      DEBUG main            d.u.i.k.p.i.IntermediateProofReplayer Proof replay took 8.87ms 
49405      DEBUG main            d.u.i.k.p.r.p.TestFile    ... success: reloaded. 
49406      INFO  main            d.u.i.k.p.r.p.TestFile    Now processing file /home/runner/work/key/key/key.core/../key.ui/examples/heap/SmansEtAl/ArrayList_size_dep.key 
49406      INFO  main            d.u.i.k.p.i.AbstractProblemLoader Loading environment from /home/runner/work/key/key/key.core/../key.ui/examples/heap/SmansEtAl/ArrayList_size_dep.key 
49406      DEBUG main            d.u.i.k.p.i.AbstractProblemLoader Environment load took 103.9ns 
49407      INFO  main            d.u.i.k.p.i.AbstractProblemLoader Creating init config 
52007      DEBUG main            d.u.i.k.p.i.AbstractProblemLoader Init config took 2.6s 
52044      INFO  main            d.u.i.k.p.i.AbstractProblemLoader Replaying proof ArrayList[ArrayList::size()].JML accessible clause.0 
52045      DEBUG main            d.u.i.k.p.i.IntermediateProofReplayer Proof replay took 5.1ns 
52148      INFO  main            d.u.i.k.p.r.p.TestFile    ... finished proof: closed. 
52372      INFO  main            d.u.i.k.p.i.AbstractProblemLoader Loading environment from /home/runner/work/key/key/key.core/../key.ui/examples/heap/SmansEtAl/ArrayList_size_dep.key.proof 
52372      DEBUG main            d.u.i.k.p.i.AbstractProblemLoader Environment load took 108.1ns 
52373      INFO  main            d.u.i.k.p.i.AbstractProblemLoader Creating init config 
54938      DEBUG main            d.u.i.k.p.i.AbstractProblemLoader Init config took 2.56s 
54981      INFO  main            d.u.i.k.p.i.AbstractProblemLoader Replaying proof ArrayList[ArrayList::size()].JML accessible clause.0 
54997      DEBUG main            d.u.i.k.p.i.IntermediateProofReplayer Proof replay took 14.29ms 
54998      DEBUG main            d.u.i.k.p.r.p.TestFile    ... success: reloaded. 
54999      INFO  main            d.u.i.k.p.r.p.TestFile    Now processing file /home/runner/work/key/key/key.core/../key.ui/examples/heap/SmansEtAl/ArrayList_size.key 
55000      INFO  main            d.u.i.k.p.i.AbstractProblemLoader Loading environment from /home/runner/work/key/key/key.core/../key.ui/examples/heap/SmansEtAl/ArrayList_size.key 
55000      DEBUG main            d.u.i.k.p.i.AbstractProblemLoader Environment load took 89.5ns 
55001      INFO  main            d.u.i.k.p.i.AbstractProblemLoader Creating init config 
57546      DEBUG main            d.u.i.k.p.i.AbstractProblemLoader Init config took 2.55s 
57584      INFO  main            d.u.i.k.p.i.AbstractProblemLoader Replaying proof ArrayList[ArrayList::size()].JML normal_behavior operation contract.0 
57586      DEBUG main            d.u.i.k.p.i.IntermediateProofReplayer Proof replay took 5.1ns 
57690      INFO  main            d.u.i.k.p.r.p.TestFile    ... finished proof: closed. 
57851      INFO  main            d.u.i.k.p.i.AbstractProblemLoader Loading environment from /home/runner/work/key/key/key.core/../key.ui/examples/heap/SmansEtAl/ArrayList_size.key.proof 
57851      DEBUG main            d.u.i.k.p.i.AbstractProblemLoader Environment load took 103.6ns 
57852      INFO  main            d.u.i.k.p.i.AbstractProblemLoader Creating init config 
60417      DEBUG main            d.u.i.k.p.i.AbstractProblemLoader Init config took 2.56s 
60456      INFO  main            d.u.i.k.p.i.AbstractProblemLoader Replaying proof ArrayList[ArrayList::size()].JML normal_behavior operation contract.0 
60471      DEBUG main            d.u.i.k.p.i.IntermediateProofReplayer Proof replay took 13.64ms 
60472      DEBUG main            d.u.i.k.p.r.p.TestFile    ... success: reloaded. 
60473      INFO  main            d.u.i.k.p.r.p.TestFile    Now processing file /home/runner/work/key/key/key.core/../key.ui/examples/heap/SmansEtAl/Cell_Cell.key 
60474      INFO  main            d.u.i.k.p.i.AbstractProblemLoader Loading environment from /home/runner/work/key/key/key.core/../key.ui/examples/heap/SmansEtAl/Cell_Cell.key 
60474      DEBUG main            d.u.i.k.p.i.AbstractProblemLoader Environment load took 74.2ns 
60474      INFO  main            d.u.i.k.p.i.AbstractProblemLoader Creating init config 
63015      DEBUG main            d.u.i.k.p.i.AbstractProblemLoader Init config took 2.54s 
63048      INFO  main            d.u.i.k.p.i.AbstractProblemLoader Replaying proof Cell[Cell::Cell()].JML normal_behavior operation contract.0 
63050      DEBUG main            d.u.i.k.p.i.IntermediateProofReplayer Proof replay took 5.3ns 
63252      INFO  main            d.u.i.k.p.r.p.TestFile    ... finished proof: closed. 
63408      INFO  main            d.u.i.k.p.i.AbstractProblemLoader Loading environment from /home/runner/work/key/key/key.core/../key.ui/examples/heap/SmansEtAl/Cell_Cell.key.proof 
63408      DEBUG main            d.u.i.k.p.i.AbstractProblemLoader Environment load took 106ns 
63410      INFO  main            d.u.i.k.p.i.AbstractProblemLoader Creating init config 
65937      DEBUG main            d.u.i.k.p.i.AbstractProblemLoader Init config took 2.53s 
65971      INFO  main            d.u.i.k.p.i.AbstractProblemLoader Replaying proof Cell[Cell::Cell()].JML normal_behavior operation contract.0 
66009      DEBUG main            d.u.i.k.p.i.IntermediateProofReplayer Proof replay took 35.49ms 
66010      DEBUG main            d.u.i.k.p.r.p.TestFile    ... success: reloaded. 
66011      INFO  main            d.u.i.k.p.r.p.TestFile    Now processing file /home/runner/work/key/key/key.core/../key.ui/examples/heap/SmansEtAl/Cell_footprint.key 
66011      INFO  main            d.u.i.k.p.i.AbstractProblemLoader Loading environment from /home/runner/work/key/key/key.core/../key.ui/examples/heap/SmansEtAl/Cell_footprint.key 
66012      DEBUG main            d.u.i.k.p.i.AbstractProblemLoader Environment load took 89ns 
66012      INFO  main            d.u.i.k.p.i.AbstractProblemLoader Creating init config 
68584      DEBUG main            d.u.i.k.p.i.AbstractProblemLoader Init config took 2.57s 
68617      INFO  main            d.u.i.k.p.i.AbstractProblemLoader Replaying proof Cell[Cell::$footprint()].JML accessible clause.0 
68618      DEBUG main            d.u.i.k.p.i.IntermediateProofReplayer Proof replay took 6.1ns 
68723      INFO  main            d.u.i.k.p.r.p.TestFile    ... finished proof: closed. 
68897      INFO  main            d.u.i.k.p.i.AbstractProblemLoader Loading environment from /home/runner/work/key/key/key.core/../key.ui/examples/heap/SmansEtAl/Cell_footprint.key.proof 
68897      DEBUG main            d.u.i.k.p.i.AbstractProblemLoader Environment load took 102.6ns 
68898      INFO  main            d.u.i.k.p.i.AbstractProblemLoader Creating init config 
71434      DEBUG main            d.u.i.k.p.i.AbstractProblemLoader Init config took 2.54s 
71467      INFO  main            d.u.i.k.p.i.AbstractProblemLoader Replaying proof Cell[Cell::$footprint()].JML accessible clause.0 
71472      DEBUG main            d.u.i.k.p.i.IntermediateProofReplayer Proof replay took 3.27ms 
71473      DEBUG main            d.u.i.k.p.r.p.TestFile    ... success: reloaded. 
71474      INFO  main            d.u.i.k.p.r.p.TestFile    Now processing file /home/runner/work/key/key/key.core/../key.ui/examples/heap/SmansEtAl/Cell_getX_dep.key 
71474      INFO  main            d.u.i.k.p.i.AbstractProblemLoader Loading environment from /home/runner/work/key/key/key.core/../key.ui/examples/heap/SmansEtAl/Cell_getX_dep.key 
71474      DEBUG main            d.u.i.k.p.i.AbstractProblemLoader Environment load took 93.4ns 
71475      INFO  main            d.u.i.k.p.i.AbstractProblemLoader Creating init config 
74047      DEBUG main            d.u.i.k.p.i.AbstractProblemLoader Init config took 2.57s 
74080      INFO  main            d.u.i.k.p.i.AbstractProblemLoader Replaying proof Cell[Cell::getX()].JML accessible clause.0 
74081      DEBUG main            d.u.i.k.p.i.IntermediateProofReplayer Proof replay took 5.6ns 
74183      INFO  main            d.u.i.k.p.r.p.TestFile    ... finished proof: closed. 
74379      INFO  main            d.u.i.k.p.i.AbstractProblemLoader Loading environment from /home/runner/work/key/key/key.core/../key.ui/examples/heap/SmansEtAl/Cell_getX_dep.key.proof 
74379      DEBUG main            d.u.i.k.p.i.AbstractProblemLoader Environment load took 107.2ns 
74380      INFO  main            d.u.i.k.p.i.AbstractProblemLoader Creating init config 
76895      DEBUG main            d.u.i.k.p.i.AbstractProblemLoader Init config took 2.52s 
76928      INFO  main            d.u.i.k.p.i.AbstractProblemLoader Replaying proof Cell[Cell::getX()].JML accessible clause.0 
76941      DEBUG main            d.u.i.k.p.i.IntermediateProofReplayer Proof replay took 11.15ms 
76942      DEBUG main            d.u.i.k.p.r.p.TestFile    ... success: reloaded. 
76943      INFO  main            d.u.i.k.p.r.p.TestFile    Now processing file /home/runner/work/key/key/key.core/../key.ui/examples/heap/SmansEtAl/Cell_getX.key 
76943      INFO  main            d.u.i.k.p.i.AbstractProblemLoader Loading environment from /home/runner/work/key/key/key.core/../key.ui/examples/heap/SmansEtAl/Cell_getX.key 
76944      DEBUG main            d.u.i.k.p.i.AbstractProblemLoader Environment load took 189.8ns 
76944      INFO  main            d.u.i.k.p.i.AbstractProblemLoader Creating init config 
79508      DEBUG main            d.u.i.k.p.i.AbstractProblemLoader Init config took 2.56s 
79542      INFO  main            d.u.i.k.p.i.AbstractProblemLoader Replaying proof Cell[Cell::getX()].JML normal_behavior operation contract.0 
79543      DEBUG main            d.u.i.k.p.i.IntermediateProofReplayer Proof replay took 6.1ns 
79647      INFO  main            d.u.i.k.p.r.p.TestFile    ... finished proof: closed. 
79837      INFO  main            d.u.i.k.p.i.AbstractProblemLoader Loading environment from /home/runner/work/key/key/key.core/../key.ui/examples/heap/SmansEtAl/Cell_getX.key.proof 
79837      DEBUG main            d.u.i.k.p.i.AbstractProblemLoader Environment load took 102.9ns 
79838      INFO  main            d.u.i.k.p.i.AbstractProblemLoader Creating init config 
82347      DEBUG main            d.u.i.k.p.i.AbstractProblemLoader Init config took 2.51s 
82379      INFO  main            d.u.i.k.p.i.AbstractProblemLoader Replaying proof Cell[Cell::getX()].JML normal_behavior operation contract.0 
82392      DEBUG main            d.u.i.k.p.i.IntermediateProofReplayer Proof replay took 10.97ms 
82393      DEBUG main            d.u.i.k.p.r.p.TestFile    ... success: reloaded. 
82394      INFO  main            d.u.i.k.p.r.p.TestFile    Now processing file /home/runner/work/key/key/key.core/../key.ui/examples/heap/SmansEtAl/Cell_inv.key 
82394      INFO  main            d.u.i.k.p.i.AbstractProblemLoader Loading environment from /home/runner/work/key/key/key.core/../key.ui/examples/heap/SmansEtAl/Cell_inv.key 
82394      DEBUG main            d.u.i.k.p.i.AbstractProblemLoader Environment load took 85ns 
82395      INFO  main            d.u.i.k.p.i.AbstractProblemLoader Creating init config 
84979      DEBUG main            d.u.i.k.p.i.AbstractProblemLoader Init config took 2.58s 
85011      INFO  main            d.u.i.k.p.i.AbstractProblemLoader Replaying proof Cell[java.lang.Object::<inv>()].JML accessible clause.0 
85012      DEBUG main            d.u.i.k.p.i.IntermediateProofReplayer Proof replay took 5.9ns 
85115      INFO  main            d.u.i.k.p.r.p.TestFile    ... finished proof: closed. 
85304      INFO  main            d.u.i.k.p.i.AbstractProblemLoader Loading environment from /home/runner/work/key/key/key.core/../key.ui/examples/heap/SmansEtAl/Cell_inv.key.proof 
85304      DEBUG main            d.u.i.k.p.i.AbstractProblemLoader Environment load took 101.5ns 
85305      INFO  main            d.u.i.k.p.i.AbstractProblemLoader Creating init config 
87833      DEBUG main            d.u.i.k.p.i.AbstractProblemLoader Init config took 2.53s 
87864      INFO  main            d.u.i.k.p.i.AbstractProblemLoader Replaying proof Cell[java.lang.Object::<inv>()].JML accessible clause.0 
87867      DEBUG main            d.u.i.k.p.i.IntermediateProofReplayer Proof replay took 1.45ms 
87868      DEBUG main            d.u.i.k.p.r.p.TestFile    ... success: reloaded. 
87869      INFO  main            d.u.i.k.p.r.p.TestFile    Now processing file /home/runner/work/key/key/key.core/../key.ui/examples/heap/SmansEtAl/Cell_setX.key 
87869      INFO  main            d.u.i.k.p.i.AbstractProblemLoader Loading environment from /home/runner/work/key/key/key.core/../key.ui/examples/heap/SmansEtAl/Cell_setX.key 
87870      DEBUG main            d.u.i.k.p.i.AbstractProblemLoader Environment load took 180.7ns 
87871      INFO  main            d.u.i.k.p.i.AbstractProblemLoader Creating init config 
90441      DEBUG main            d.u.i.k.p.i.AbstractProblemLoader Init config took 2.57s 
90490      INFO  main            d.u.i.k.p.i.AbstractProblemLoader Replaying proof Cell[Cell::setX(int)].JML normal_behavior operation contract.0 
90491      DEBUG main            d.u.i.k.p.i.IntermediateProofReplayer Proof replay took 5.5ns 
90595      INFO  main            d.u.i.k.p.r.p.TestFile    ... finished proof: closed. 
90800      INFO  main            d.u.i.k.p.i.AbstractProblemLoader Loading environment from /home/runner/work/key/key/key.core/../key.ui/examples/heap/SmansEtAl/Cell_setX.key.proof 
90800      DEBUG main            d.u.i.k.p.i.AbstractProblemLoader Environment load took 105.2ns 
90801      INFO  main            d.u.i.k.p.i.AbstractProblemLoader Creating init config 
93335      DEBUG main            d.u.i.k.p.i.AbstractProblemLoader Init config took 2.53s 
93367      INFO  main            d.u.i.k.p.i.AbstractProblemLoader Replaying proof Cell[Cell::setX(int)].JML normal_behavior operation contract.0 
93388      DEBUG main            d.u.i.k.p.i.IntermediateProofReplayer Proof replay took 19.18ms 
93389      DEBUG main            d.u.i.k.p.r.p.TestFile    ... success: reloaded. 
93390      INFO  main            d.u.i.k.p.r.p.TestFile    Now processing file /home/runner/work/key/key/key.core/../key.ui/examples/heap/SmansEtAl/CellClient_m.key 
93390      INFO  main            d.u.i.k.p.i.AbstractProblemLoader Loading environment from /home/runner/work/key/key/key.core/../key.ui/examples/heap/SmansEtAl/CellClient_m.key 
93390      DEBUG main            d.u.i.k.p.i.AbstractProblemLoader Environment load took 84.1ns 
93391      INFO  main            d.u.i.k.p.i.AbstractProblemLoader Creating init config 
95908      DEBUG main            d.u.i.k.p.i.AbstractProblemLoader Init config took 2.52s 
95939      INFO  main            d.u.i.k.p.i.AbstractProblemLoader Replaying proof CellClient[CellClient::m()].JML operation contract.0 
95941      DEBUG main            d.u.i.k.p.i.IntermediateProofReplayer Proof replay took 5.2ns 
96445      INFO  main            d.u.i.k.p.r.p.TestFile    ... finished proof: closed. 
96667      INFO  main            d.u.i.k.p.i.AbstractProblemLoader Loading environment from /home/runner/work/key/key/key.core/../key.ui/examples/heap/SmansEtAl/CellClient_m.key.proof 
96667      DEBUG main            d.u.i.k.p.i.AbstractProblemLoader Environment load took 105.9ns 
96668      INFO  main            d.u.i.k.p.i.AbstractProblemLoader Creating init config 
99152      DEBUG main            d.u.i.k.p.i.AbstractProblemLoader Init config took 2.48s 
99184      INFO  main            d.u.i.k.p.i.AbstractProblemLoader Replaying proof CellClient[CellClient::m()].JML operation contract.0 
99279      DEBUG main            d.u.i.k.p.i.IntermediateProofReplayer Proof replay took 87.99ms 
99280      DEBUG main            d.u.i.k.p.r.p.TestFile    ... success: reloaded. 
99281      INFO  main            d.u.i.k.p.r.p.TestFile    Now processing file /home/runner/work/key/key/key.core/../key.ui/examples/heap/SmansEtAl/Iterator_footprint.key 
99281      INFO  main            d.u.i.k.p.i.AbstractProblemLoader Loading environment from /home/runner/work/key/key/key.core/../key.ui/examples/heap/SmansEtAl/Iterator_footprint.key 
99281      DEBUG main            d.u.i.k.p.i.AbstractProblemLoader Environment load took 191.2ns 
99282      INFO  main            d.u.i.k.p.i.AbstractProblemLoader Creating init config 
101860     DEBUG main            d.u.i.k.p.i.AbstractProblemLoader Init config took 2.58s 
101895     INFO  main            d.u.i.k.p.i.AbstractProblemLoader Replaying proof Iterator[Iterator::$footprint()].JML accessible clause.0 
101896     DEBUG main            d.u.i.k.p.i.IntermediateProofReplayer Proof replay took 5.5ns 
101999     INFO  main            d.u.i.k.p.r.p.TestFile    ... finished proof: closed. 
102224     INFO  main            d.u.i.k.p.i.AbstractProblemLoader Loading environment from /home/runner/work/key/key/key.core/../key.ui/examples/heap/SmansEtAl/Iterator_footprint.key.proof 
102224     DEBUG main            d.u.i.k.p.i.AbstractProblemLoader Environment load took 105.4ns 
102225     INFO  main            d.u.i.k.p.i.AbstractProblemLoader Creating init config 
104728     DEBUG main            d.u.i.k.p.i.AbstractProblemLoader Init config took 2.5s 
104762     INFO  main            d.u.i.k.p.i.AbstractProblemLoader Replaying proof Iterator[Iterator::$footprint()].JML accessible clause.0 
104769     DEBUG main            d.u.i.k.p.i.IntermediateProofReplayer Proof replay took 5.57ms 
104770     DEBUG main            d.u.i.k.p.r.p.TestFile    ... success: reloaded. 
104771     INFO  main            d.u.i.k.p.r.p.TestFile    Now processing file /home/runner/work/key/key/key.core/../key.ui/examples/heap/SmansEtAl/Iterator_hasNext_dep.key 
104771     INFO  main            d.u.i.k.p.i.AbstractProblemLoader Loading environment from /home/runner/work/key/key/key.core/../key.ui/examples/heap/SmansEtAl/Iterator_hasNext_dep.key 
104771     DEBUG main            d.u.i.k.p.i.AbstractProblemLoader Environment load took 95.8ns 
104772     INFO  main            d.u.i.k.p.i.AbstractProblemLoader Creating init config 
107313     DEBUG main            d.u.i.k.p.i.AbstractProblemLoader Init config took 2.54s 
107346     INFO  main            d.u.i.k.p.i.AbstractProblemLoader Replaying proof Iterator[Iterator::hasNext()].JML accessible clause.0 
107348     DEBUG main            d.u.i.k.p.i.IntermediateProofReplayer Proof replay took 5.8ns 
107951     INFO  main            d.u.i.k.p.r.p.TestFile    ... finished proof: closed. 
108185     INFO  main            d.u.i.k.p.i.AbstractProblemLoader Loading environment from /home/runner/work/key/key/key.core/../key.ui/examples/heap/SmansEtAl/Iterator_hasNext_dep.key.proof 
108185     DEBUG main            d.u.i.k.p.i.AbstractProblemLoader Environment load took 419.69ns 
108186     INFO  main            d.u.i.k.p.i.AbstractProblemLoader Creating init config 
110665     DEBUG main            d.u.i.k.p.i.AbstractProblemLoader Init config took 2.48s 
110698     INFO  main            d.u.i.k.p.i.AbstractProblemLoader Replaying proof Iterator[Iterator::hasNext()].JML accessible clause.0 
110780     DEBUG main            d.u.i.k.p.i.IntermediateProofReplayer Proof replay took 76.17ms 
110781     DEBUG main            d.u.i.k.p.r.p.TestFile    ... success: reloaded. 
110782     INFO  main            d.u.i.k.p.r.p.TestFile    Now processing file /home/runner/work/key/key/key.core/../key.ui/examples/heap/SmansEtAl/Iterator_hasNext.key 
110782     INFO  main            d.u.i.k.p.i.AbstractProblemLoader Loading environment from /home/runner/work/key/key/key.core/../key.ui/examples/heap/SmansEtAl/Iterator_hasNext.key 
110782     DEBUG main            d.u.i.k.p.i.AbstractProblemLoader Environment load took 69.6ns 
110783     INFO  main            d.u.i.k.p.i.AbstractProblemLoader Creating init config 
113330     DEBUG main            d.u.i.k.p.i.AbstractProblemLoader Init config took 2.55s 
113364     INFO  main            d.u.i.k.p.i.AbstractProblemLoader Replaying proof Iterator[Iterator::hasNext()].JML normal_behavior operation contract.0 
113365     DEBUG main            d.u.i.k.p.i.IntermediateProofReplayer Proof replay took 6ns 
113869     INFO  main            d.u.i.k.p.r.p.TestFile    ... finished proof: closed. 
114088     INFO  main            d.u.i.k.p.i.AbstractProblemLoader Loading environment from /home/runner/work/key/key/key.core/../key.ui/examples/heap/SmansEtAl/Iterator_hasNext.key.proof 
114088     DEBUG main            d.u.i.k.p.i.AbstractProblemLoader Environment load took 363.69ns 
114090     INFO  main            d.u.i.k.p.i.AbstractProblemLoader Creating init config 
116567     DEBUG main            d.u.i.k.p.i.AbstractProblemLoader Init config took 2.48s 
116600     INFO  main            d.u.i.k.p.i.AbstractProblemLoader Replaying proof Iterator[Iterator::hasNext()].JML normal_behavior operation contract.0 
116693     DEBUG main            d.u.i.k.p.i.IntermediateProofReplayer Proof replay took 87.92ms 
116694     DEBUG main            d.u.i.k.p.r.p.TestFile    ... success: reloaded. 
116695     INFO  main            d.u.i.k.p.r.p.TestFile    Now processing file /home/runner/work/key/key/key.core/../key.ui/examples/heap/SmansEtAl/Iterator_inv.key 
116695     INFO  main            d.u.i.k.p.i.AbstractProblemLoader Loading environment from /home/runner/work/key/key/key.core/../key.ui/examples/heap/SmansEtAl/Iterator_inv.key 
116696     DEBUG main            d.u.i.k.p.i.AbstractProblemLoader Environment load took 83.3ns 
116696     INFO  main            d.u.i.k.p.i.AbstractProblemLoader Creating init config 
119223     DEBUG main            d.u.i.k.p.i.AbstractProblemLoader Init config took 2.53s 
119256     INFO  main            d.u.i.k.p.i.AbstractProblemLoader Replaying proof Iterator[java.lang.Object::<inv>()].JML accessible clause.0 
119258     DEBUG main            d.u.i.k.p.i.IntermediateProofReplayer Proof replay took 5.3ns 
119461     INFO  main            d.u.i.k.p.r.p.TestFile    ... finished proof: closed. 
119701     INFO  main            d.u.i.k.p.i.AbstractProblemLoader Loading environment from /home/runner/work/key/key/key.core/../key.ui/examples/heap/SmansEtAl/Iterator_inv.key.proof 
119701     DEBUG main            d.u.i.k.p.i.AbstractProblemLoader Environment load took 95ns 
119702     INFO  main            d.u.i.k.p.i.AbstractProblemLoader Creating init config 
122178     DEBUG main            d.u.i.k.p.i.AbstractProblemLoader Init config took 2.48s 
122212     INFO  main            d.u.i.k.p.i.AbstractProblemLoader Replaying proof Iterator[java.lang.Object::<inv>()].JML accessible clause.0 
122235     DEBUG main            d.u.i.k.p.i.IntermediateProofReplayer Proof replay took 21.1ms 
122236     DEBUG main            d.u.i.k.p.r.p.TestFile    ... success: reloaded. 
122237     INFO  main            d.u.i.k.p.r.p.TestFile    Now processing file /home/runner/work/key/key/key.core/../key.ui/examples/heap/SmansEtAl/Iterator_Iterator.key 
122237     INFO  main            d.u.i.k.p.i.AbstractProblemLoader Loading environment from /home/runner/work/key/key/key.core/../key.ui/examples/heap/SmansEtAl/Iterator_Iterator.key 
122237     DEBUG main            d.u.i.k.p.i.AbstractProblemLoader Environment load took 69.2ns 
122238     INFO  main            d.u.i.k.p.i.AbstractProblemLoader Creating init config 
124761     DEBUG main            d.u.i.k.p.i.AbstractProblemLoader Init config took 2.52s 
124795     INFO  main            d.u.i.k.p.i.AbstractProblemLoader Replaying proof Iterator[Iterator::Iterator(ArrayList)].JML normal_behavior operation contract.0 
124796     DEBUG main            d.u.i.k.p.i.IntermediateProofReplayer Proof replay took 6ns 
126103     INFO  main            d.u.i.k.p.r.p.TestFile    ... finished proof: closed. 
126351     INFO  main            d.u.i.k.p.i.AbstractProblemLoader Loading environment from /home/runner/work/key/key/key.core/../key.ui/examples/heap/SmansEtAl/Iterator_Iterator.key.proof 
126351     DEBUG main            d.u.i.k.p.i.AbstractProblemLoader Environment load took 346.09ns 
126352     INFO  main            d.u.i.k.p.i.AbstractProblemLoader Creating init config 
128822     DEBUG main            d.u.i.k.p.i.AbstractProblemLoader Init config took 2.47s 
128855     INFO  main            d.u.i.k.p.i.AbstractProblemLoader Replaying proof Iterator[Iterator::Iterator(ArrayList)].JML normal_behavior operation contract.0 
129016     DEBUG main            d.u.i.k.p.i.IntermediateProofReplayer Proof replay took 147.35ms 
129017     DEBUG main            d.u.i.k.p.r.p.TestFile    ... success: reloaded. 
129018     INFO  main            d.u.i.k.p.r.p.TestFile    Now processing file /home/runner/work/key/key/key.core/../key.ui/examples/heap/SmansEtAl/Iterator_list_dep.key 
129018     INFO  main            d.u.i.k.p.i.AbstractProblemLoader Loading environment from /home/runner/work/key/key/key.core/../key.ui/examples/heap/SmansEtAl/Iterator_list_dep.key 
129018     DEBUG main            d.u.i.k.p.i.AbstractProblemLoader Environment load took 53.6ns 
129019     INFO  main            d.u.i.k.p.i.AbstractProblemLoader Creating init config 
131565     DEBUG main            d.u.i.k.p.i.AbstractProblemLoader Init config took 2.55s 
131597     INFO  main            d.u.i.k.p.i.AbstractProblemLoader Replaying proof Iterator[Iterator::list()].JML accessible clause.0 
131599     DEBUG main            d.u.i.k.p.i.IntermediateProofReplayer Proof replay took 6.2ns 
131702     INFO  main            d.u.i.k.p.r.p.TestFile    ... finished proof: closed. 
131935     INFO  main            d.u.i.k.p.i.AbstractProblemLoader Loading environment from /home/runner/work/key/key/key.core/../key.ui/examples/heap/SmansEtAl/Iterator_list_dep.key.proof 
131935     DEBUG main            d.u.i.k.p.i.AbstractProblemLoader Environment load took 98.9ns 
131936     INFO  main            d.u.i.k.p.i.AbstractProblemLoader Creating init config 
134401     DEBUG main            d.u.i.k.p.i.AbstractProblemLoader Init config took 2.46s 
134433     INFO  main            d.u.i.k.p.i.AbstractProblemLoader Replaying proof Iterator[Iterator::list()].JML accessible clause.0 
134451     DEBUG main            d.u.i.k.p.i.IntermediateProofReplayer Proof replay took 15.54ms 
134452     DEBUG main            d.u.i.k.p.r.p.TestFile    ... success: reloaded. 
134453     INFO  main            d.u.i.k.p.r.p.TestFile    Now processing file /home/runner/work/key/key/key.core/../key.ui/examples/heap/SmansEtAl/Iterator_list.key 
134453     INFO  main            d.u.i.k.p.i.AbstractProblemLoader Loading environment from /home/runner/work/key/key/key.core/../key.ui/examples/heap/SmansEtAl/Iterator_list.key 
134453     DEBUG main            d.u.i.k.p.i.AbstractProblemLoader Environment load took 83.4ns 
134454     INFO  main            d.u.i.k.p.i.AbstractProblemLoader Creating init config 
136979     DEBUG main            d.u.i.k.p.i.AbstractProblemLoader Init config took 2.53s 
137012     INFO  main            d.u.i.k.p.i.AbstractProblemLoader Replaying proof Iterator[Iterator::list()].JML normal_behavior operation contract.0 
137013     DEBUG main            d.u.i.k.p.i.IntermediateProofReplayer Proof replay took 5.3ns 
137115     INFO  main            d.u.i.k.p.r.p.TestFile    ... finished proof: closed. 
137353     INFO  main            d.u.i.k.p.i.AbstractProblemLoader Loading environment from /home/runner/work/key/key/key.core/../key.ui/examples/heap/SmansEtAl/Iterator_list.key.proof 
137354     DEBUG main            d.u.i.k.p.i.AbstractProblemLoader Environment load took 93.5ns 
137354     INFO  main            d.u.i.k.p.i.AbstractProblemLoader Creating init config 
139805     DEBUG main            d.u.i.k.p.i.AbstractProblemLoader Init config took 2.45s 
139839     INFO  main            d.u.i.k.p.i.AbstractProblemLoader Replaying proof Iterator[Iterator::list()].JML normal_behavior operation contract.0 
139853     DEBUG main            d.u.i.k.p.i.IntermediateProofReplayer Proof replay took 12.54ms 
139854     DEBUG main            d.u.i.k.p.r.p.TestFile    ... success: reloaded. 
139854     INFO  main            d.u.i.k.p.r.p.TestFile    Now processing file /home/runner/work/key/key/key.core/../key.ui/examples/heap/SmansEtAl/Iterator_next.key 
139855     INFO  main            d.u.i.k.p.i.AbstractProblemLoader Loading environment from /home/runner/work/key/key/key.core/../key.ui/examples/heap/SmansEtAl/Iterator_next.key 
139855     DEBUG main            d.u.i.k.p.i.AbstractProblemLoader Environment load took 94ns 
139855     INFO  main            d.u.i.k.p.i.AbstractProblemLoader Creating init config 
142374     DEBUG main            d.u.i.k.p.i.AbstractProblemLoader Init config took 2.52s 
142409     INFO  main            d.u.i.k.p.i.AbstractProblemLoader Replaying proof Iterator[Iterator::next()].JML normal_behavior operation contract.0 
142410     DEBUG main            d.u.i.k.p.i.IntermediateProofReplayer Proof replay took 5.7ns 
145021     INFO  main            d.u.i.k.p.r.p.TestFile    ... finished proof: closed. 
145289     INFO  main            d.u.i.k.p.i.AbstractProblemLoader Loading environment from /home/runner/work/key/key/key.core/../key.ui/examples/heap/SmansEtAl/Iterator_next.key.proof 
145289     DEBUG main            d.u.i.k.p.i.AbstractProblemLoader Environment load took 370.09ns 
145291     INFO  main            d.u.i.k.p.i.AbstractProblemLoader Creating init config 
147764     DEBUG main            d.u.i.k.p.i.AbstractProblemLoader Init config took 2.47s 
147797     INFO  main            d.u.i.k.p.i.AbstractProblemLoader Replaying proof Iterator[Iterator::next()].JML normal_behavior operation contract.0 
148059     DEBUG main            d.u.i.k.p.i.IntermediateProofReplayer Proof replay took 243.93ms 
148061     DEBUG main            d.u.i.k.p.r.p.TestFile    ... success: reloaded. 
148061     INFO  main            d.u.i.k.p.r.p.TestFile    Now processing file /home/runner/work/key/key/key.core/../key.ui/examples/heap/SmansEtAl/Stack_footprint.key 
148062     INFO  main            d.u.i.k.p.i.AbstractProblemLoader Loading environment from /home/runner/work/key/key/key.core/../key.ui/examples/heap/SmansEtAl/Stack_footprint.key 
148062     DEBUG main            d.u.i.k.p.i.AbstractProblemLoader Environment load took 174.2ns 
148063     INFO  main            d.u.i.k.p.i.AbstractProblemLoader Creating init config 
150577     DEBUG main            d.u.i.k.p.i.AbstractProblemLoader Init config took 2.51s 
150608     INFO  main            d.u.i.k.p.i.AbstractProblemLoader Replaying proof Stack[Stack::$footprint()].JML accessible clause.0 
150609     DEBUG main            d.u.i.k.p.i.IntermediateProofReplayer Proof replay took 5.8ns 
150811     INFO  main            d.u.i.k.p.r.p.TestFile    ... finished proof: closed. 
151067     INFO  main            d.u.i.k.p.i.AbstractProblemLoader Loading environment from /home/runner/work/key/key/key.core/../key.ui/examples/heap/SmansEtAl/Stack_footprint.key.proof 
151067     DEBUG main            d.u.i.k.p.i.AbstractProblemLoader Environment load took 95.9ns 
151068     INFO  main            d.u.i.k.p.i.AbstractProblemLoader Creating init config 
153529     DEBUG main            d.u.i.k.p.i.AbstractProblemLoader Init config took 2.46s 
153560     INFO  main            d.u.i.k.p.i.AbstractProblemLoader Replaying proof Stack[Stack::$footprint()].JML accessible clause.0 
153590     DEBUG main            d.u.i.k.p.i.IntermediateProofReplayer Proof replay took 26.3ms 
153591     DEBUG main            d.u.i.k.p.r.p.TestFile    ... success: reloaded. 
153593     INFO  main            d.u.i.k.p.r.p.TestFile    Now processing file /home/runner/work/key/key/key.core/../key.ui/examples/heap/SmansEtAl/Stack_inv.key 
153593     INFO  main            d.u.i.k.p.i.AbstractProblemLoader Loading environment from /home/runner/work/key/key/key.core/../key.ui/examples/heap/SmansEtAl/Stack_inv.key 
153594     DEBUG main            d.u.i.k.p.i.AbstractProblemLoader Environment load took 173.9ns 
153595     INFO  main            d.u.i.k.p.i.AbstractProblemLoader Creating init config 
156146     DEBUG main            d.u.i.k.p.i.AbstractProblemLoader Init config took 2.55s 
156177     INFO  main            d.u.i.k.p.i.AbstractProblemLoader Replaying proof Stack[java.lang.Object::<inv>()].JML accessible clause.0 
156178     DEBUG main            d.u.i.k.p.i.IntermediateProofReplayer Proof replay took 6.2ns 
156283     INFO  main            d.u.i.k.p.r.p.TestFile    ... finished proof: closed. 
156536     INFO  main            d.u.i.k.p.i.AbstractProblemLoader Loading environment from /home/runner/work/key/key/key.core/../key.ui/examples/heap/SmansEtAl/Stack_inv.key.proof 
156537     DEBUG main            d.u.i.k.p.i.AbstractProblemLoader Environment load took 95.5ns 
156537     INFO  main            d.u.i.k.p.i.AbstractProblemLoader Creating init config 
158994     DEBUG main            d.u.i.k.p.i.AbstractProblemLoader Init config took 2.46s 
159025     INFO  main            d.u.i.k.p.i.AbstractProblemLoader Replaying proof Stack[java.lang.Object::<inv>()].JML accessible clause.0 
159036     DEBUG main            d.u.i.k.p.i.IntermediateProofReplayer Proof replay took 8.89ms 
159036     DEBUG main            d.u.i.k.p.r.p.TestFile    ... success: reloaded. 
159037     INFO  main            d.u.i.k.p.r.p.TestFile    Now processing file /home/runner/work/key/key/key.core/../key.ui/examples/heap/SmansEtAl/Stack_push.key 
159038     INFO  main            d.u.i.k.p.i.AbstractProblemLoader Loading environment from /home/runner/work/key/key/key.core/../key.ui/examples/heap/SmansEtAl/Stack_push.key 
159038     DEBUG main            d.u.i.k.p.i.AbstractProblemLoader Environment load took 92.3ns 
159038     INFO  main            d.u.i.k.p.i.AbstractProblemLoader Creating init config 
161539     DEBUG main            d.u.i.k.p.i.AbstractProblemLoader Init config took 2.5s 
161570     INFO  main            d.u.i.k.p.i.AbstractProblemLoader Replaying proof Stack[Stack::push(java.lang.Object)].JML normal_behavior operation contract.0 
161572     DEBUG main            d.u.i.k.p.i.IntermediateProofReplayer Proof replay took 5.9ns 
162275     INFO  main            d.u.i.k.p.r.p.TestFile    ... finished proof: closed. 
162551     INFO  main            d.u.i.k.p.i.AbstractProblemLoader Loading environment from /home/runner/work/key/key/key.core/../key.ui/examples/heap/SmansEtAl/Stack_push.key.proof 
162551     DEBUG main            d.u.i.k.p.i.AbstractProblemLoader Environment load took 335.6ns 
162552     INFO  main            d.u.i.k.p.i.AbstractProblemLoader Creating init config 
165010     DEBUG main            d.u.i.k.p.i.AbstractProblemLoader Init config took 2.46s 
165043     INFO  main            d.u.i.k.p.i.AbstractProblemLoader Replaying proof Stack[Stack::push(java.lang.Object)].JML normal_behavior operation contract.0 
165156     DEBUG main            d.u.i.k.p.i.IntermediateProofReplayer Proof replay took 108.91ms 
165158     DEBUG main            d.u.i.k.p.r.p.TestFile    ... success: reloaded. 
165162     INFO  main            d.u.i.k.p.r.p.TestFile    Now processing file /home/runner/work/key/key/key.core/../key.ui/examples/heap/SmansEtAl/Stack_size.key 
165162     INFO  main            d.u.i.k.p.i.AbstractProblemLoader Loading environment from /home/runner/work/key/key/key.core/../key.ui/examples/heap/SmansEtAl/Stack_size.key 
165162     DEBUG main            d.u.i.k.p.i.AbstractProblemLoader Environment load took 195.9ns 
165163     INFO  main            d.u.i.k.p.i.AbstractProblemLoader Creating init config 
167660     DEBUG main            d.u.i.k.p.i.AbstractProblemLoader Init config took 2.5s 
167691     INFO  main            d.u.i.k.p.i.AbstractProblemLoader Replaying proof Stack[Stack::size()].JML accessible clause.0 
167692     DEBUG main            d.u.i.k.p.i.IntermediateProofReplayer Proof replay took 5.9ns 
167894     INFO  main            d.u.i.k.p.r.p.TestFile    ... finished proof: closed. 
168159     INFO  main            d.u.i.k.p.i.AbstractProblemLoader Loading environment from /home/runner/work/key/key/key.core/../key.ui/examples/heap/SmansEtAl/Stack_size.key.proof 
168159     DEBUG main            d.u.i.k.p.i.AbstractProblemLoader Environment load took 89.2ns 
168160     INFO  main            d.u.i.k.p.i.AbstractProblemLoader Creating init config 
170616     DEBUG main            d.u.i.k.p.i.AbstractProblemLoader Init config took 2.46s 
170647     INFO  main            d.u.i.k.p.i.AbstractProblemLoader Replaying proof Stack[Stack::size()].JML accessible clause.0 
170687     DEBUG main            d.u.i.k.p.i.IntermediateProofReplayer Proof replay took 36.93ms 
170688     DEBUG main            d.u.i.k.p.r.p.TestFile    ... success: reloaded. 
170689     INFO  main            d.u.i.k.p.r.p.TestFile    Now processing file /home/runner/work/key/key/key.core/../key.ui/examples/heap/SmansEtAl/Stack_Stack.key 
170689     INFO  main            d.u.i.k.p.i.AbstractProblemLoader Loading environment from /home/runner/work/key/key/key.core/../key.ui/examples/heap/SmansEtAl/Stack_Stack.key 
170689     DEBUG main            d.u.i.k.p.i.AbstractProblemLoader Environment load took 181.1ns 
170690     INFO  main            d.u.i.k.p.i.AbstractProblemLoader Creating init config 
173207     DEBUG main            d.u.i.k.p.i.AbstractProblemLoader Init config took 2.52s 
173239     INFO  main            d.u.i.k.p.i.AbstractProblemLoader Replaying proof Stack[Stack::Stack()].JML normal_behavior operation contract.0 
173241     DEBUG main            d.u.i.k.p.i.IntermediateProofReplayer Proof replay took 6ns 
174245     INFO  main            d.u.i.k.p.r.p.TestFile    ... finished proof: closed. 
174541     INFO  main            d.u.i.k.p.i.AbstractProblemLoader Loading environment from /home/runner/work/key/key/key.core/../key.ui/examples/heap/SmansEtAl/Stack_Stack.key.proof 
174541     DEBUG main            d.u.i.k.p.i.AbstractProblemLoader Environment load took 350.3ns 
174542     INFO  main            d.u.i.k.p.i.AbstractProblemLoader Creating init config 
177008     DEBUG main            d.u.i.k.p.i.AbstractProblemLoader Init config took 2.47s 
177039     INFO  main            d.u.i.k.p.i.AbstractProblemLoader Replaying proof Stack[Stack::Stack()].JML normal_behavior operation contract.0 
177205     DEBUG main            d.u.i.k.p.i.IntermediateProofReplayer Proof replay took 158.78ms 
177206     DEBUG main            d.u.i.k.p.r.p.TestFile    ... success: reloaded. 
177207     INFO  main            d.u.i.k.p.r.p.TestFile    Now processing file /home/runner/work/key/key/key.core/../key.ui/examples/heap/SmansEtAl/Stack_switchContents.key 
177207     INFO  main            d.u.i.k.p.i.AbstractProblemLoader Loading environment from /home/runner/work/key/key/key.core/../key.ui/examples/heap/SmansEtAl/Stack_switchContents.key 
177207     DEBUG main            d.u.i.k.p.i.AbstractProblemLoader Environment load took 171.5ns 
177208     INFO  main            d.u.i.k.p.i.AbstractProblemLoader Creating init config 
179733     DEBUG main            d.u.i.k.p.i.AbstractProblemLoader Init config took 2.53s 
179765     INFO  main            d.u.i.k.p.i.AbstractProblemLoader Replaying proof Stack[Stack::switchContents(Stack)].JML normal_behavior operation contract.0 
179766     DEBUG main            d.u.i.k.p.i.IntermediateProofReplayer Proof replay took 5.9ns 
184289     INFO  main            d.u.i.k.p.r.p.TestFile    ... finished proof: closed. 
184584     INFO  main            d.u.i.k.p.i.AbstractProblemLoader Loading environment from /home/runner/work/key/key/key.core/../key.ui/examples/heap/SmansEtAl/Stack_switchContents.key.proof 
184584     DEBUG main            d.u.i.k.p.i.AbstractProblemLoader Environment load took 343.8ns 
184586     INFO  main            d.u.i.k.p.i.AbstractProblemLoader Creating init config 
187051     DEBUG main            d.u.i.k.p.i.AbstractProblemLoader Init config took 2.46s 
187084     INFO  main            d.u.i.k.p.i.AbstractProblemLoader Replaying proof Stack[Stack::switchContents(Stack)].JML normal_behavior operation contract.0 
187529     DEBUG main            d.u.i.k.p.i.IntermediateProofReplayer Proof replay took 428.39ms 
187531     DEBUG main            d.u.i.k.p.r.p.TestFile    ... success: reloaded. 
2024878    INFO  Test worker     d.u.i.k.p.r.RunAllProofsTestUnit Returning from test SmansEtAl 
2024879    INFO  Test worker     d.u.i.k.p.r.RunAllProofsTestUnit Running test VACID0 
397        INFO  Timeout watchdog d.u.i.k.p.r.p.ForkedTestFileRunner Timeout watcher launched (2000 secs.) 
416        WARN  main            d.u.i.k.s.ProofSettings   The settings in /home/runner/.key/proof-settings.props are *not* read. 
460        INFO  main            d.u.i.k.p.r.p.TestFile    Now processing file /home/runner/work/key/key/key.core/../key.ui/examples/heap/vacid0_01_SparseArray/Harness_sparseArrayTestHarness1.key 
574        INFO  main            d.u.i.k.p.i.AbstractProblemLoader Loading environment from /home/runner/work/key/key/key.core/../key.ui/examples/heap/vacid0_01_SparseArray/Harness_sparseArrayTestHarness1.key 
599        DEBUG main            d.u.i.k.p.i.AbstractProblemLoader Environment load took 2.03ms 
817        INFO  main            d.u.i.k.p.i.AbstractProblemLoader Creating init config 
1768       DEBUG main            d.u.i.k.j.TypeConverter   No LDT found for Meta 
1769       DEBUG main            d.u.i.k.j.TypeConverter   No LDT found for Meta 
1770       DEBUG main            d.u.i.k.j.TypeConverter   No LDT found for Meta 
1770       DEBUG main            d.u.i.k.j.TypeConverter   No LDT found for Meta 
2934       DEBUG main            d.u.i.k.j.TypeConverter   No LDT found for JavaBigintExpression 
8019       DEBUG main            d.u.i.k.p.i.AbstractProblemLoader Init config took 7.2s 
8150       INFO  main            d.u.i.k.p.i.AbstractProblemLoader Replaying proof Harness[Harness::sparseArrayTestHarness1()].JML normal_behavior operation contract.0 
8180       DEBUG main            d.u.i.k.p.i.IntermediateProofReplayer Proof replay took 29ns 
9508       INFO  main            d.u.i.k.p.r.p.TestFile    ... finished proof: closed. 
9629       INFO  main            d.u.i.k.p.i.AbstractProblemLoader Loading environment from /home/runner/work/key/key/key.core/../key.ui/examples/heap/vacid0_01_SparseArray/Harness_sparseArrayTestHarness1.key.proof 
9629       DEBUG main            d.u.i.k.p.i.AbstractProblemLoader Environment load took 135.2ns 
9634       INFO  main            d.u.i.k.p.i.AbstractProblemLoader Creating init config 
12520      DEBUG main            d.u.i.k.p.i.AbstractProblemLoader Init config took 2.89s 
12591      INFO  main            d.u.i.k.p.i.AbstractProblemLoader Replaying proof Harness[Harness::sparseArrayTestHarness1()].JML normal_behavior operation contract.0 
12806      DEBUG main            d.u.i.k.p.i.IntermediateProofReplayer Proof replay took 206.38ms 
12814      DEBUG main            d.u.i.k.p.r.p.TestFile    ... success: reloaded. 
12817      INFO  main            d.u.i.k.p.r.p.TestFile    Now processing file /home/runner/work/key/key/key.core/../key.ui/examples/heap/vacid0_01_SparseArray/Harness_sparseArrayTestHarness2.key 
12817      INFO  main            d.u.i.k.p.i.AbstractProblemLoader Loading environment from /home/runner/work/key/key/key.core/../key.ui/examples/heap/vacid0_01_SparseArray/Harness_sparseArrayTestHarness2.key 
12818      DEBUG main            d.u.i.k.p.i.AbstractProblemLoader Environment load took 1.24ms 
12822      INFO  main            d.u.i.k.p.i.AbstractProblemLoader Creating init config 
15530      DEBUG main            d.u.i.k.p.i.AbstractProblemLoader Init config took 2.71s 
15583      INFO  main            d.u.i.k.p.i.AbstractProblemLoader Replaying proof Harness[Harness::sparseArrayTestHarness2()].JML normal_behavior operation contract.0 
15586      DEBUG main            d.u.i.k.p.i.IntermediateProofReplayer Proof replay took 4.6ns 
24987      INFO  main            d.u.i.k.p.r.p.TestFile    ... finished proof: closed. 
25212      INFO  main            d.u.i.k.p.i.AbstractProblemLoader Loading environment from /home/runner/work/key/key/key.core/../key.ui/examples/heap/vacid0_01_SparseArray/Harness_sparseArrayTestHarness2.key.proof 
25213      DEBUG main            d.u.i.k.p.i.AbstractProblemLoader Environment load took 438ns 
25221      INFO  main            d.u.i.k.p.i.AbstractProblemLoader Creating init config 
27863      DEBUG main            d.u.i.k.p.i.AbstractProblemLoader Init config took 2.64s 
27923      INFO  main            d.u.i.k.p.i.AbstractProblemLoader Replaying proof Harness[Harness::sparseArrayTestHarness2()].JML normal_behavior operation contract.0 
28899      DEBUG main            d.u.i.k.p.i.IntermediateProofReplayer Proof replay took 914.52ms 
28901      DEBUG main            d.u.i.k.p.r.p.TestFile    ... success: reloaded. 
28902      INFO  main            d.u.i.k.p.r.p.TestFile    Now processing file /home/runner/work/key/key/key.core/../key.ui/examples/heap/vacid0_01_SparseArray/MemoryAllocator_alloc_unsigned.key 
28903      INFO  main            d.u.i.k.p.i.AbstractProblemLoader Loading environment from /home/runner/work/key/key/key.core/../key.ui/examples/heap/vacid0_01_SparseArray/MemoryAllocator_alloc_unsigned.key 
28903      DEBUG main            d.u.i.k.p.i.AbstractProblemLoader Environment load took 200.7ns 
28904      INFO  main            d.u.i.k.p.i.AbstractProblemLoader Creating init config 
31547      DEBUG main            d.u.i.k.p.i.AbstractProblemLoader Init config took 2.64s 
31590      INFO  main            d.u.i.k.p.i.AbstractProblemLoader Replaying proof MemoryAllocator[MemoryAllocator::alloc_unsigned(int)].JML normal_behavior operation contract.0 
31592      DEBUG main            d.u.i.k.p.i.IntermediateProofReplayer Proof replay took 4.6ns 
32496      INFO  main            d.u.i.k.p.r.p.TestFile    ... finished proof: closed. 
32639      INFO  main            d.u.i.k.p.i.AbstractProblemLoader Loading environment from /home/runner/work/key/key/key.core/../key.ui/examples/heap/vacid0_01_SparseArray/MemoryAllocator_alloc_unsigned.key.proof 
32639      DEBUG main            d.u.i.k.p.i.AbstractProblemLoader Environment load took 367.69ns 
32640      INFO  main            d.u.i.k.p.i.AbstractProblemLoader Creating init config 
35178      DEBUG main            d.u.i.k.p.i.AbstractProblemLoader Init config took 2.54s 
35219      INFO  main            d.u.i.k.p.i.AbstractProblemLoader Replaying proof MemoryAllocator[MemoryAllocator::alloc_unsigned(int)].JML normal_behavior operation contract.0 
35411      DEBUG main            d.u.i.k.p.i.IntermediateProofReplayer Proof replay took 186.31ms 
35412      DEBUG main            d.u.i.k.p.r.p.TestFile    ... success: reloaded. 
35413      INFO  main            d.u.i.k.p.r.p.TestFile    Now processing file /home/runner/work/key/key/key.core/../key.ui/examples/heap/vacid0_01_SparseArray/MemoryAllocator_alloc.key 
35414      INFO  main            d.u.i.k.p.i.AbstractProblemLoader Loading environment from /home/runner/work/key/key/key.core/../key.ui/examples/heap/vacid0_01_SparseArray/MemoryAllocator_alloc.key 
35414      DEBUG main            d.u.i.k.p.i.AbstractProblemLoader Environment load took 187.1ns 
35415      INFO  main            d.u.i.k.p.i.AbstractProblemLoader Creating init config 
38009      DEBUG main            d.u.i.k.p.i.AbstractProblemLoader Init config took 2.59s 
38061      INFO  main            d.u.i.k.p.i.AbstractProblemLoader Replaying proof MemoryAllocator[MemoryAllocator::alloc(int)].JML normal_behavior operation contract.0 
38063      DEBUG main            d.u.i.k.p.i.IntermediateProofReplayer Proof replay took 5.1ns 
38669      INFO  main            d.u.i.k.p.r.p.TestFile    ... finished proof: closed. 
38900      INFO  main            d.u.i.k.p.i.AbstractProblemLoader Loading environment from /home/runner/work/key/key/key.core/../key.ui/examples/heap/vacid0_01_SparseArray/MemoryAllocator_alloc.key.proof 
38901      DEBUG main            d.u.i.k.p.i.AbstractProblemLoader Environment load took 1.01ms 
38902      INFO  main            d.u.i.k.p.i.AbstractProblemLoader Creating init config 
41445      DEBUG main            d.u.i.k.p.i.AbstractProblemLoader Init config took 2.54s 
41486      INFO  main            d.u.i.k.p.i.AbstractProblemLoader Replaying proof MemoryAllocator[MemoryAllocator::alloc(int)].JML normal_behavior operation contract.0 
41627      DEBUG main            d.u.i.k.p.i.IntermediateProofReplayer Proof replay took 136.61ms 
41628      DEBUG main            d.u.i.k.p.r.p.TestFile    ... success: reloaded. 
41629      INFO  main            d.u.i.k.p.r.p.TestFile    Now processing file /home/runner/work/key/key/key.core/../key.ui/examples/heap/vacid0_01_SparseArray/SparseArray_get_dep.key 
41629      INFO  main            d.u.i.k.p.i.AbstractProblemLoader Loading environment from /home/runner/work/key/key/key.core/../key.ui/examples/heap/vacid0_01_SparseArray/SparseArray_get_dep.key 
41629      DEBUG main            d.u.i.k.p.i.AbstractProblemLoader Environment load took 116.2ns 
41630      INFO  main            d.u.i.k.p.i.AbstractProblemLoader Creating init config 
44182      DEBUG main            d.u.i.k.p.i.AbstractProblemLoader Init config took 2.55s 
44254      INFO  main            d.u.i.k.p.i.AbstractProblemLoader Replaying proof SparseArray[SparseArray::get(int)].JML accessible clause.0 
44257      DEBUG main            d.u.i.k.p.i.IntermediateProofReplayer Proof replay took 4.9ns 
47363      INFO  main            d.u.i.k.p.r.p.TestFile    ... finished proof: closed. 
47588      INFO  main            d.u.i.k.p.i.AbstractProblemLoader Loading environment from /home/runner/work/key/key/key.core/../key.ui/examples/heap/vacid0_01_SparseArray/SparseArray_get_dep.key.proof 
47588      DEBUG main            d.u.i.k.p.i.AbstractProblemLoader Environment load took 376.8ns 
47590      INFO  main            d.u.i.k.p.i.AbstractProblemLoader Creating init config 
50100      DEBUG main            d.u.i.k.p.i.AbstractProblemLoader Init config took 2.51s 
50160      INFO  main            d.u.i.k.p.i.AbstractProblemLoader Replaying proof SparseArray[SparseArray::get(int)].JML accessible clause.0 
50464      DEBUG main            d.u.i.k.p.i.IntermediateProofReplayer Proof replay took 291.45ms 
50465      DEBUG main            d.u.i.k.p.r.p.TestFile    ... success: reloaded. 
50466      INFO  main            d.u.i.k.p.r.p.TestFile    Now processing file /home/runner/work/key/key/key.core/../key.ui/examples/heap/vacid0_01_SparseArray/SparseArray_get.key 
50466      INFO  main            d.u.i.k.p.i.AbstractProblemLoader Loading environment from /home/runner/work/key/key/key.core/../key.ui/examples/heap/vacid0_01_SparseArray/SparseArray_get.key 
50467      DEBUG main            d.u.i.k.p.i.AbstractProblemLoader Environment load took 252.3ns 
50468      INFO  main            d.u.i.k.p.i.AbstractProblemLoader Creating init config 
53027      DEBUG main            d.u.i.k.p.i.AbstractProblemLoader Init config took 2.56s 
53106      INFO  main            d.u.i.k.p.i.AbstractProblemLoader Replaying proof SparseArray[SparseArray::get(int)].JML normal_behavior operation contract.0 
53108      DEBUG main            d.u.i.k.p.i.IntermediateProofReplayer Proof replay took 5.7ns 
55317      INFO  main            d.u.i.k.p.r.p.TestFile    ... finished proof: closed. 
55495      INFO  main            d.u.i.k.p.i.AbstractProblemLoader Loading environment from /home/runner/work/key/key/key.core/../key.ui/examples/heap/vacid0_01_SparseArray/SparseArray_get.key.proof 
55495      DEBUG main            d.u.i.k.p.i.AbstractProblemLoader Environment load took 406.69ns 
55496      INFO  main            d.u.i.k.p.i.AbstractProblemLoader Creating init config 
58024      DEBUG main            d.u.i.k.p.i.AbstractProblemLoader Init config took 2.53s 
58083      INFO  main            d.u.i.k.p.i.AbstractProblemLoader Replaying proof SparseArray[SparseArray::get(int)].JML normal_behavior operation contract.0 
58369      DEBUG main            d.u.i.k.p.i.IntermediateProofReplayer Proof replay took 273.84ms 
58370      DEBUG main            d.u.i.k.p.r.p.TestFile    ... success: reloaded. 
58371      INFO  main            d.u.i.k.p.r.p.TestFile    Now processing file /home/runner/work/key/key/key.core/../key.ui/examples/heap/vacid0_01_SparseArray/SparseArray_inv.key 
58371      INFO  main            d.u.i.k.p.i.AbstractProblemLoader Loading environment from /home/runner/work/key/key/key.core/../key.ui/examples/heap/vacid0_01_SparseArray/SparseArray_inv.key 
58372      DEBUG main            d.u.i.k.p.i.AbstractProblemLoader Environment load took 97.8ns 
58373      INFO  main            d.u.i.k.p.i.AbstractProblemLoader Creating init config 
60937      DEBUG main            d.u.i.k.p.i.AbstractProblemLoader Init config took 2.56s 
60996      INFO  main            d.u.i.k.p.i.AbstractProblemLoader Replaying proof SparseArray[java.lang.Object::<inv>()].JML accessible clause.0 
60998      DEBUG main            d.u.i.k.p.i.IntermediateProofReplayer Proof replay took 6.1ns 
62903      INFO  main            d.u.i.k.p.r.p.TestFile    ... finished proof: closed. 
63083      INFO  main            d.u.i.k.p.i.AbstractProblemLoader Loading environment from /home/runner/work/key/key/key.core/../key.ui/examples/heap/vacid0_01_SparseArray/SparseArray_inv.key.proof 
63084      DEBUG main            d.u.i.k.p.i.AbstractProblemLoader Environment load took 121ns 
63084      INFO  main            d.u.i.k.p.i.AbstractProblemLoader Creating init config 
65594      DEBUG main            d.u.i.k.p.i.AbstractProblemLoader Init config took 2.51s 
65658      INFO  main            d.u.i.k.p.i.AbstractProblemLoader Replaying proof SparseArray[java.lang.Object::<inv>()].JML accessible clause.0 
65781      DEBUG main            d.u.i.k.p.i.IntermediateProofReplayer Proof replay took 118.3ms 
65782      DEBUG main            d.u.i.k.p.r.p.TestFile    ... success: reloaded. 
65783      INFO  main            d.u.i.k.p.r.p.TestFile    Now processing file /home/runner/work/key/key/key.core/../key.ui/examples/heap/vacid0_01_SparseArray/SparseArray_SparseArray.key 
65784      INFO  main            d.u.i.k.p.i.AbstractProblemLoader Loading environment from /home/runner/work/key/key/key.core/../key.ui/examples/heap/vacid0_01_SparseArray/SparseArray_SparseArray.key 
65784      DEBUG main            d.u.i.k.p.i.AbstractProblemLoader Environment load took 86.4ns 
65785      INFO  main            d.u.i.k.p.i.AbstractProblemLoader Creating init config 
68361      DEBUG main            d.u.i.k.p.i.AbstractProblemLoader Init config took 2.58s 
68432      INFO  main            d.u.i.k.p.i.AbstractProblemLoader Replaying proof SparseArray[SparseArray::SparseArray(int)].JML normal_behavior operation contract.0 
68437      DEBUG main            d.u.i.k.p.i.IntermediateProofReplayer Proof replay took 5.4ns 
71782      INFO  main            d.u.i.k.p.r.p.TestFile    ... finished proof: closed. 
71985      INFO  main            d.u.i.k.p.i.AbstractProblemLoader Loading environment from /home/runner/work/key/key/key.core/../key.ui/examples/heap/vacid0_01_SparseArray/SparseArray_SparseArray.key.proof 
71985      DEBUG main            d.u.i.k.p.i.AbstractProblemLoader Environment load took 381.8ns 
71987      INFO  main            d.u.i.k.p.i.AbstractProblemLoader Creating init config 
74477      DEBUG main            d.u.i.k.p.i.AbstractProblemLoader Init config took 2.49s 
74532      INFO  main            d.u.i.k.p.i.AbstractProblemLoader Replaying proof SparseArray[SparseArray::SparseArray(int)].JML normal_behavior operation contract.0 
74994      DEBUG main            d.u.i.k.p.i.IntermediateProofReplayer Proof replay took 451.83ms 
74995      DEBUG main            d.u.i.k.p.r.p.TestFile    ... success: reloaded. 
2100047    INFO  Test worker     d.u.i.k.p.r.RunAllProofsTestUnit Returning from test VACID0 
2100048    INFO  Test worker     d.u.i.k.p.r.RunAllProofsTestUnit Running test VSTTE10 
398        INFO  Timeout watchdog d.u.i.k.p.r.p.ForkedTestFileRunner Timeout watcher launched (2000 secs.) 
412        WARN  main            d.u.i.k.s.ProofSettings   The settings in /home/runner/.key/proof-settings.props are *not* read. 
457        INFO  main            d.u.i.k.p.r.p.TestFile    Now processing file /home/runner/work/key/key/key.core/../key.ui/examples/heap/vstte10_01_SumAndMax/SumAndMax_sumAndMax.key 
580        INFO  main            d.u.i.k.p.i.AbstractProblemLoader Loading environment from /home/runner/work/key/key/key.core/../key.ui/examples/heap/vstte10_01_SumAndMax/SumAndMax_sumAndMax.key 
604        DEBUG main            d.u.i.k.p.i.AbstractProblemLoader Environment load took 2.1ms 
812        INFO  main            d.u.i.k.p.i.AbstractProblemLoader Creating init config 
1937       DEBUG main            d.u.i.k.j.TypeConverter   No LDT found for Meta 
1938       DEBUG main            d.u.i.k.j.TypeConverter   No LDT found for Meta 
1940       DEBUG main            d.u.i.k.j.TypeConverter   No LDT found for Meta 
1940       DEBUG main            d.u.i.k.j.TypeConverter   No LDT found for Meta 
3094       DEBUG main            d.u.i.k.j.TypeConverter   No LDT found for JavaBigintExpression 
7802       DEBUG main            d.u.i.k.p.i.AbstractProblemLoader Init config took 6.99s 
7991       INFO  main            d.u.i.k.p.i.AbstractProblemLoader Replaying proof SumAndMax[SumAndMax::sumAndMax([I)].JML normal_behavior operation contract.0 
8027       DEBUG main            d.u.i.k.p.i.IntermediateProofReplayer Proof replay took 33.3ns 
13187      INFO  main            d.u.i.k.p.r.p.TestFile    ... finished proof: closed. 
13357      INFO  main            d.u.i.k.p.i.AbstractProblemLoader Loading environment from /home/runner/work/key/key/key.core/../key.ui/examples/heap/vstte10_01_SumAndMax/SumAndMax_sumAndMax.key.proof 
13358      DEBUG main            d.u.i.k.p.i.AbstractProblemLoader Environment load took 1.31ms 
13362      INFO  main            d.u.i.k.p.i.AbstractProblemLoader Creating init config 
16063      DEBUG main            d.u.i.k.p.i.AbstractProblemLoader Init config took 2.7s 
16122      INFO  main            d.u.i.k.p.i.AbstractProblemLoader Replaying proof SumAndMax[SumAndMax::sumAndMax([I)].JML normal_behavior operation contract.0 
16734      DEBUG main            d.u.i.k.p.i.IntermediateProofReplayer Proof replay took 589.04ms 
16741      DEBUG main            d.u.i.k.p.r.p.TestFile    ... success: reloaded. 
16742      INFO  main            d.u.i.k.p.r.p.TestFile    Now processing file /home/runner/work/key/key/key.core/../key.ui/examples/heap/vstte10_03_LinkedList/Node_cons.key 
16743      INFO  main            d.u.i.k.p.i.AbstractProblemLoader Loading environment from /home/runner/work/key/key/key.core/../key.ui/examples/heap/vstte10_03_LinkedList/Node_cons.key 
16743      DEBUG main            d.u.i.k.p.i.AbstractProblemLoader Environment load took 214.1ns 
16744      INFO  main            d.u.i.k.p.i.AbstractProblemLoader Creating init config 
19456      DEBUG main            d.u.i.k.p.i.AbstractProblemLoader Init config took 2.71s 
19519      INFO  main            d.u.i.k.p.i.AbstractProblemLoader Replaying proof Node[Node::cons(int,Node)].JML normal_behavior operation contract.0 
19522      DEBUG main            d.u.i.k.p.i.IntermediateProofReplayer Proof replay took 6.2ns 
21034      INFO  main            d.u.i.k.p.r.p.TestFile    ... finished proof: closed. 
21259      INFO  main            d.u.i.k.p.i.AbstractProblemLoader Loading environment from /home/runner/work/key/key/key.core/../key.ui/examples/heap/vstte10_03_LinkedList/Node_cons.key.proof 
21261      DEBUG main            d.u.i.k.p.i.AbstractProblemLoader Environment load took 1.14ms 
21263      INFO  main            d.u.i.k.p.i.AbstractProblemLoader Creating init config 
23831      DEBUG main            d.u.i.k.p.i.AbstractProblemLoader Init config took 2.57s 
23901      INFO  main            d.u.i.k.p.i.AbstractProblemLoader Replaying proof Node[Node::cons(int,Node)].JML normal_behavior operation contract.0 
24159      DEBUG main            d.u.i.k.p.i.IntermediateProofReplayer Proof replay took 246.3ms 
24161      DEBUG main            d.u.i.k.p.r.p.TestFile    ... success: reloaded. 
24162      INFO  main            d.u.i.k.p.r.p.TestFile    Now processing file /home/runner/work/key/key/key.core/../key.ui/examples/heap/vstte10_03_LinkedList/Node_inv.key 
24163      INFO  main            d.u.i.k.p.i.AbstractProblemLoader Loading environment from /home/runner/work/key/key/key.core/../key.ui/examples/heap/vstte10_03_LinkedList/Node_inv.key 
24163      DEBUG main            d.u.i.k.p.i.AbstractProblemLoader Environment load took 203.3ns 
24164      INFO  main            d.u.i.k.p.i.AbstractProblemLoader Creating init config 
26722      DEBUG main            d.u.i.k.p.i.AbstractProblemLoader Init config took 2.56s 
26776      INFO  main            d.u.i.k.p.i.AbstractProblemLoader Replaying proof Node[java.lang.Object::<inv>()].JML accessible clause.0 
26778      DEBUG main            d.u.i.k.p.i.IntermediateProofReplayer Proof replay took 6.1ns 
27181      INFO  main            d.u.i.k.p.r.p.TestFile    ... finished proof: closed. 
27322      INFO  main            d.u.i.k.p.i.AbstractProblemLoader Loading environment from /home/runner/work/key/key/key.core/../key.ui/examples/heap/vstte10_03_LinkedList/Node_inv.key.proof 
27323      DEBUG main            d.u.i.k.p.i.AbstractProblemLoader Environment load took 105.7ns 
27324      INFO  main            d.u.i.k.p.i.AbstractProblemLoader Creating init config 
29888      DEBUG main            d.u.i.k.p.i.AbstractProblemLoader Init config took 2.56s 
29945      INFO  main            d.u.i.k.p.i.AbstractProblemLoader Replaying proof Node[java.lang.Object::<inv>()].JML accessible clause.0 
29984      DEBUG main            d.u.i.k.p.i.IntermediateProofReplayer Proof replay took 35.34ms 
29985      DEBUG main            d.u.i.k.p.r.p.TestFile    ... success: reloaded. 
29986      INFO  main            d.u.i.k.p.r.p.TestFile    Now processing file /home/runner/work/key/key/key.core/../key.ui/examples/heap/vstte10_03_LinkedList/Node_search.key 
29986      INFO  main            d.u.i.k.p.i.AbstractProblemLoader Loading environment from /home/runner/work/key/key/key.core/../key.ui/examples/heap/vstte10_03_LinkedList/Node_search.key 
29986      DEBUG main            d.u.i.k.p.i.AbstractProblemLoader Environment load took 89ns 
29987      INFO  main            d.u.i.k.p.i.AbstractProblemLoader Creating init config 
32469      DEBUG main            d.u.i.k.p.i.AbstractProblemLoader Init config took 2.48s 
32518      INFO  main            d.u.i.k.p.i.AbstractProblemLoader Replaying proof Node[Node::search()].JML normal_behavior operation contract.0 
32520      DEBUG main            d.u.i.k.p.i.IntermediateProofReplayer Proof replay took 4.8ns 
38660      INFO  main            d.u.i.k.p.r.p.TestFile    ... finished proof: closed. 
38853      INFO  main            d.u.i.k.p.i.AbstractProblemLoader Loading environment from /home/runner/work/key/key/key.core/../key.ui/examples/heap/vstte10_03_LinkedList/Node_search.key.proof 
38853      DEBUG main            d.u.i.k.p.i.AbstractProblemLoader Environment load took 430.39ns 
38856      INFO  main            d.u.i.k.p.i.AbstractProblemLoader Creating init config 
41296      DEBUG main            d.u.i.k.p.i.AbstractProblemLoader Init config took 2.44s 
41346      INFO  main            d.u.i.k.p.i.AbstractProblemLoader Replaying proof Node[Node::search()].JML normal_behavior operation contract.0 
42025      DEBUG main            d.u.i.k.p.i.IntermediateProofReplayer Proof replay took 629.75ms 
42027      DEBUG main            d.u.i.k.p.r.p.TestFile    ... success: reloaded. 
42028      INFO  main            d.u.i.k.p.r.p.TestFile    Now processing file /home/runner/work/key/key/key.core/../key.ui/examples/heap/vstte10_04_Queens/Queens_isConsistent.key 
42029      INFO  main            d.u.i.k.p.i.AbstractProblemLoader Loading environment from /home/runner/work/key/key/key.core/../key.ui/examples/heap/vstte10_04_Queens/Queens_isConsistent.key 
42029      DEBUG main            d.u.i.k.p.i.AbstractProblemLoader Environment load took 229.4ns 
42030      INFO  main            d.u.i.k.p.i.AbstractProblemLoader Creating init config 
44845      DEBUG main            d.u.i.k.p.i.AbstractProblemLoader Init config took 2.82s 
44900      INFO  main            d.u.i.k.p.i.AbstractProblemLoader Replaying proof Queens[Queens::isConsistent([I,int)].JML normal_behavior operation contract.0 
44902      DEBUG main            d.u.i.k.p.i.IntermediateProofReplayer Proof replay took 6.5ns 
46609      INFO  main            d.u.i.k.p.r.p.TestFile    ... finished proof: closed. 
46862      INFO  main            d.u.i.k.p.i.AbstractProblemLoader Loading environment from /home/runner/work/key/key/key.core/../key.ui/examples/heap/vstte10_04_Queens/Queens_isConsistent.key.proof 
46862      DEBUG main            d.u.i.k.p.i.AbstractProblemLoader Environment load took 387.4ns 
46863      INFO  main            d.u.i.k.p.i.AbstractProblemLoader Creating init config 
49371      DEBUG main            d.u.i.k.p.i.AbstractProblemLoader Init config took 2.51s 
49411      INFO  main            d.u.i.k.p.i.AbstractProblemLoader Replaying proof Queens[Queens::isConsistent([I,int)].JML normal_behavior operation contract.0 
49801      DEBUG main            d.u.i.k.p.i.IntermediateProofReplayer Proof replay took 380.41ms 
49802      DEBUG main            d.u.i.k.p.r.p.TestFile    ... success: reloaded. 
49803      INFO  main            d.u.i.k.p.r.p.TestFile    Now processing file /home/runner/work/key/key/key.core/../key.ui/examples/heap/vstte10_04_Queens/Queens_nQueens.key 
49804      INFO  main            d.u.i.k.p.i.AbstractProblemLoader Loading environment from /home/runner/work/key/key/key.core/../key.ui/examples/heap/vstte10_04_Queens/Queens_nQueens.key 
49804      DEBUG main            d.u.i.k.p.i.AbstractProblemLoader Environment load took 199.9ns 
49805      INFO  main            d.u.i.k.p.i.AbstractProblemLoader Creating init config 
52321      DEBUG main            d.u.i.k.p.i.AbstractProblemLoader Init config took 2.52s 
52362      INFO  main            d.u.i.k.p.i.AbstractProblemLoader Replaying proof Queens[Queens::nQueens(int)].JML normal_behavior operation contract.0 
52363      DEBUG main            d.u.i.k.p.i.IntermediateProofReplayer Proof replay took 5.6ns 
64715      INFO  main            d.u.i.k.p.r.p.TestFile    ... finished proof: closed. 
64933      INFO  main            d.u.i.k.p.i.AbstractProblemLoader Loading environment from /home/runner/work/key/key/key.core/../key.ui/examples/heap/vstte10_04_Queens/Queens_nQueens.key.proof 
64933      DEBUG main            d.u.i.k.p.i.AbstractProblemLoader Environment load took 433.39ns 
64935      INFO  main            d.u.i.k.p.i.AbstractProblemLoader Creating init config 
67399      DEBUG main            d.u.i.k.p.i.AbstractProblemLoader Init config took 2.46s 
67450      INFO  main            d.u.i.k.p.i.AbstractProblemLoader Replaying proof Queens[Queens::nQueens(int)].JML normal_behavior operation contract.0 
68438      DEBUG main            d.u.i.k.p.i.IntermediateProofReplayer Proof replay took 969.31ms 
68440      DEBUG main            d.u.i.k.p.r.p.TestFile    ... success: reloaded. 
68441      INFO  main            d.u.i.k.p.r.p.TestFile    Now processing file /home/runner/work/key/key/key.core/../key.ui/examples/heap/vstte10_05_Queue/AmortizedQueue_AmortizedQueue.key 
68441      INFO  main            d.u.i.k.p.i.AbstractProblemLoader Loading environment from /home/runner/work/key/key/key.core/../key.ui/examples/heap/vstte10_05_Queue/AmortizedQueue_AmortizedQueue.key 
68441      DEBUG main            d.u.i.k.p.i.AbstractProblemLoader Environment load took 89.2ns 
68442      INFO  main            d.u.i.k.p.i.AbstractProblemLoader Creating init config 
71098      DEBUG main            d.u.i.k.p.i.AbstractProblemLoader Init config took 2.66s 
71178      INFO  main            d.u.i.k.p.i.AbstractProblemLoader Replaying proof AmortizedQueue[AmortizedQueue::AmortizedQueue()].JML normal_behavior operation contract.0 
71180      DEBUG main            d.u.i.k.p.i.IntermediateProofReplayer Proof replay took 6ns 
72589      INFO  main            d.u.i.k.p.r.p.TestFile    ... finished proof: closed. 
72774      INFO  main            d.u.i.k.p.i.AbstractProblemLoader Loading environment from /home/runner/work/key/key/key.core/../key.ui/examples/heap/vstte10_05_Queue/AmortizedQueue_AmortizedQueue.key.proof 
72774      DEBUG main            d.u.i.k.p.i.AbstractProblemLoader Environment load took 377.19ns 
72776      INFO  main            d.u.i.k.p.i.AbstractProblemLoader Creating init config 
75295      DEBUG main            d.u.i.k.p.i.AbstractProblemLoader Init config took 2.52s 
75339      INFO  main            d.u.i.k.p.i.AbstractProblemLoader Replaying proof AmortizedQueue[AmortizedQueue::AmortizedQueue()].JML normal_behavior operation contract.0 
75561      DEBUG main            d.u.i.k.p.i.IntermediateProofReplayer Proof replay took 195.59ms 
75562      DEBUG main            d.u.i.k.p.r.p.TestFile    ... success: reloaded. 
75563      INFO  main            d.u.i.k.p.r.p.TestFile    Now processing file /home/runner/work/key/key/key.core/../key.ui/examples/heap/vstte10_05_Queue/AmortizedQueue_front.key 
75564      INFO  main            d.u.i.k.p.i.AbstractProblemLoader Loading environment from /home/runner/work/key/key/key.core/../key.ui/examples/heap/vstte10_05_Queue/AmortizedQueue_front.key 
75564      DEBUG main            d.u.i.k.p.i.AbstractProblemLoader Environment load took 93ns 
75565      INFO  main            d.u.i.k.p.i.AbstractProblemLoader Creating init config 
78116      DEBUG main            d.u.i.k.p.i.AbstractProblemLoader Init config took 2.55s 
78160      INFO  main            d.u.i.k.p.i.AbstractProblemLoader Replaying proof AmortizedQueue[AmortizedQueue::front()].JML normal_behavior operation contract.0 
78161      DEBUG main            d.u.i.k.p.i.IntermediateProofReplayer Proof replay took 6.2ns 
78568      INFO  main            d.u.i.k.p.r.p.TestFile    ... finished proof: closed. 
78771      INFO  main            d.u.i.k.p.i.AbstractProblemLoader Loading environment from /home/runner/work/key/key/key.core/../key.ui/examples/heap/vstte10_05_Queue/AmortizedQueue_front.key.proof 
78771      DEBUG main            d.u.i.k.p.i.AbstractProblemLoader Environment load took 109.5ns 
78772      INFO  main            d.u.i.k.p.i.AbstractProblemLoader Creating init config 
81265      DEBUG main            d.u.i.k.p.i.AbstractProblemLoader Init config took 2.49s 
81308      INFO  main            d.u.i.k.p.i.AbstractProblemLoader Replaying proof AmortizedQueue[AmortizedQueue::front()].JML normal_behavior operation contract.0 
81371      DEBUG main            d.u.i.k.p.i.IntermediateProofReplayer Proof replay took 59.92ms 
81372      DEBUG main            d.u.i.k.p.r.p.TestFile    ... success: reloaded. 
81373      INFO  main            d.u.i.k.p.r.p.TestFile    Now processing file /home/runner/work/key/key/key.core/../key.ui/examples/heap/vstte10_05_Queue/LinkedList_concat.key 
81373      INFO  main            d.u.i.k.p.i.AbstractProblemLoader Loading environment from /home/runner/work/key/key/key.core/../key.ui/examples/heap/vstte10_05_Queue/LinkedList_concat.key 
81373      DEBUG main            d.u.i.k.p.i.AbstractProblemLoader Environment load took 78.3ns 
81374      INFO  main            d.u.i.k.p.i.AbstractProblemLoader Creating init config 
83864      DEBUG main            d.u.i.k.p.i.AbstractProblemLoader Init config took 2.49s 
83909      INFO  main            d.u.i.k.p.i.AbstractProblemLoader Replaying proof LinkedList[LinkedList::concat(LinkedList)].JML normal_behavior operation contract.0 
83911      DEBUG main            d.u.i.k.p.i.IntermediateProofReplayer Proof replay took 5.9ns 
92262      INFO  main            d.u.i.k.p.r.p.TestFile    ... finished proof: closed. 
92519      INFO  main            d.u.i.k.p.i.AbstractProblemLoader Loading environment from /home/runner/work/key/key/key.core/../key.ui/examples/heap/vstte10_05_Queue/LinkedList_concat.key.proof 
92519      DEBUG main            d.u.i.k.p.i.AbstractProblemLoader Environment load took 394.69ns 
92521      INFO  main            d.u.i.k.p.i.AbstractProblemLoader Creating init config 
94979      DEBUG main            d.u.i.k.p.i.AbstractProblemLoader Init config took 2.46s 
95033      INFO  main            d.u.i.k.p.i.AbstractProblemLoader Replaying proof LinkedList[LinkedList::concat(LinkedList)].JML normal_behavior operation contract.0 
95788      DEBUG main            d.u.i.k.p.i.IntermediateProofReplayer Proof replay took 714.78ms 
95791      DEBUG main            d.u.i.k.p.r.p.TestFile    ... success: reloaded. 
95792      INFO  main            d.u.i.k.p.r.p.TestFile    Now processing file /home/runner/work/key/key/key.core/../key.ui/examples/heap/vstte10_05_Queue/LinkedList_cons.key 
95792      INFO  main            d.u.i.k.p.i.AbstractProblemLoader Loading environment from /home/runner/work/key/key/key.core/../key.ui/examples/heap/vstte10_05_Queue/LinkedList_cons.key 
95793      DEBUG main            d.u.i.k.p.i.AbstractProblemLoader Environment load took 215.4ns 
95794      INFO  main            d.u.i.k.p.i.AbstractProblemLoader Creating init config 
98376      DEBUG main            d.u.i.k.p.i.AbstractProblemLoader Init config took 2.58s 
98439      INFO  main            d.u.i.k.p.i.AbstractProblemLoader Replaying proof LinkedList[LinkedList::cons(int)].JML normal_behavior operation contract.0 
98440      DEBUG main            d.u.i.k.p.i.IntermediateProofReplayer Proof replay took 6.1ns 
100671     INFO  main            d.u.i.k.p.r.p.TestFile    ... finished proof: closed. 
100897     INFO  main            d.u.i.k.p.i.AbstractProblemLoader Loading environment from /home/runner/work/key/key/key.core/../key.ui/examples/heap/vstte10_05_Queue/LinkedList_cons.key.proof 
100897     DEBUG main            d.u.i.k.p.i.AbstractProblemLoader Environment load took 491.29ns 
100899     INFO  main            d.u.i.k.p.i.AbstractProblemLoader Creating init config 
103354     DEBUG main            d.u.i.k.p.i.AbstractProblemLoader Init config took 2.46s 
103399     INFO  main            d.u.i.k.p.i.AbstractProblemLoader Replaying proof LinkedList[LinkedList::cons(int)].JML normal_behavior operation contract.0 
103673     DEBUG main            d.u.i.k.p.i.IntermediateProofReplayer Proof replay took 263.22ms 
103675     DEBUG main            d.u.i.k.p.r.p.TestFile    ... success: reloaded. 
103676     INFO  main            d.u.i.k.p.r.p.TestFile    Now processing file /home/runner/work/key/key/key.core/../key.ui/examples/heap/vstte10_05_Queue/LinkedList_head.key 
103676     INFO  main            d.u.i.k.p.i.AbstractProblemLoader Loading environment from /home/runner/work/key/key/key.core/../key.ui/examples/heap/vstte10_05_Queue/LinkedList_head.key 
103676     DEBUG main            d.u.i.k.p.i.AbstractProblemLoader Environment load took 205.6ns 
103677     INFO  main            d.u.i.k.p.i.AbstractProblemLoader Creating init config 
106180     DEBUG main            d.u.i.k.p.i.AbstractProblemLoader Init config took 2.5s 
106222     INFO  main            d.u.i.k.p.i.AbstractProblemLoader Replaying proof LinkedList[LinkedList::head()].JML normal_behavior operation contract.0 
106224     DEBUG main            d.u.i.k.p.i.IntermediateProofReplayer Proof replay took 4.8ns 
106326     INFO  main            d.u.i.k.p.r.p.TestFile    ... finished proof: closed. 
106524     INFO  main            d.u.i.k.p.i.AbstractProblemLoader Loading environment from /home/runner/work/key/key/key.core/../key.ui/examples/heap/vstte10_05_Queue/LinkedList_head.key.proof 
106524     DEBUG main            d.u.i.k.p.i.AbstractProblemLoader Environment load took 105.9ns 
106525     INFO  main            d.u.i.k.p.i.AbstractProblemLoader Creating init config 
109020     DEBUG main            d.u.i.k.p.i.AbstractProblemLoader Init config took 2.49s 
109062     INFO  main            d.u.i.k.p.i.AbstractProblemLoader Replaying proof LinkedList[LinkedList::head()].JML normal_behavior operation contract.0 
109079     DEBUG main            d.u.i.k.p.i.IntermediateProofReplayer Proof replay took 12.03ms 
109081     DEBUG main            d.u.i.k.p.r.p.TestFile    ... success: reloaded. 
109082     INFO  main            d.u.i.k.p.r.p.TestFile    Now processing file /home/runner/work/key/key/key.core/../key.ui/examples/heap/vstte10_05_Queue/LinkedList_inv.key 
109083     INFO  main            d.u.i.k.p.i.AbstractProblemLoader Loading environment from /home/runner/work/key/key/key.core/../key.ui/examples/heap/vstte10_05_Queue/LinkedList_inv.key 
109083     DEBUG main            d.u.i.k.p.i.AbstractProblemLoader Environment load took 182.6ns 
109084     INFO  main            d.u.i.k.p.i.AbstractProblemLoader Creating init config 
111554     DEBUG main            d.u.i.k.p.i.AbstractProblemLoader Init config took 2.47s 
111596     INFO  main            d.u.i.k.p.i.AbstractProblemLoader Replaying proof LinkedList[java.lang.Object::<inv>()].JML accessible clause.0 
111597     DEBUG main            d.u.i.k.p.i.IntermediateProofReplayer Proof replay took 5.6ns 
111899     INFO  main            d.u.i.k.p.r.p.TestFile    ... finished proof: closed. 
112108     INFO  main            d.u.i.k.p.i.AbstractProblemLoader Loading environment from /home/runner/work/key/key/key.core/../key.ui/examples/heap/vstte10_05_Queue/LinkedList_inv.key.proof 
112108     DEBUG main            d.u.i.k.p.i.AbstractProblemLoader Environment load took 126.3ns 
112109     INFO  main            d.u.i.k.p.i.AbstractProblemLoader Creating init config 
114563     DEBUG main            d.u.i.k.p.i.AbstractProblemLoader Init config took 2.45s 
114605     INFO  main            d.u.i.k.p.i.AbstractProblemLoader Replaying proof LinkedList[java.lang.Object::<inv>()].JML accessible clause.0 
114654     DEBUG main            d.u.i.k.p.i.IntermediateProofReplayer Proof replay took 47.28ms 
114655     DEBUG main            d.u.i.k.p.r.p.TestFile    ... success: reloaded. 
114656     INFO  main            d.u.i.k.p.r.p.TestFile    Now processing file /home/runner/work/key/key/key.core/../key.ui/examples/heap/vstte10_05_Queue/LinkedList_length.key 
114656     INFO  main            d.u.i.k.p.i.AbstractProblemLoader Loading environment from /home/runner/work/key/key/key.core/../key.ui/examples/heap/vstte10_05_Queue/LinkedList_length.key 
114656     DEBUG main            d.u.i.k.p.i.AbstractProblemLoader Environment load took 87.8ns 
114657     INFO  main            d.u.i.k.p.i.AbstractProblemLoader Creating init config 
117160     DEBUG main            d.u.i.k.p.i.AbstractProblemLoader Init config took 2.5s 
117216     INFO  main            d.u.i.k.p.i.AbstractProblemLoader Replaying proof LinkedList[LinkedList::length()].JML normal_behavior operation contract.0 
117218     DEBUG main            d.u.i.k.p.i.IntermediateProofReplayer Proof replay took 5.7ns 
117320     INFO  main            d.u.i.k.p.r.p.TestFile    ... finished proof: closed. 
117573     INFO  main            d.u.i.k.p.i.AbstractProblemLoader Loading environment from /home/runner/work/key/key/key.core/../key.ui/examples/heap/vstte10_05_Queue/LinkedList_length.key.proof 
117573     DEBUG main            d.u.i.k.p.i.AbstractProblemLoader Environment load took 103.5ns 
117574     INFO  main            d.u.i.k.p.i.AbstractProblemLoader Creating init config 
120018     DEBUG main            d.u.i.k.p.i.AbstractProblemLoader Init config took 2.44s 
120062     INFO  main            d.u.i.k.p.i.AbstractProblemLoader Replaying proof LinkedList[LinkedList::length()].JML normal_behavior operation contract.0 
120075     DEBUG main            d.u.i.k.p.i.IntermediateProofReplayer Proof replay took 11.62ms 
120076     DEBUG main            d.u.i.k.p.r.p.TestFile    ... success: reloaded. 
120077     INFO  main            d.u.i.k.p.r.p.TestFile    Now processing file /home/runner/work/key/key/key.core/../key.ui/examples/heap/vstte10_05_Queue/LinkedList_LinkedList1.key 
120077     INFO  main            d.u.i.k.p.i.AbstractProblemLoader Loading environment from /home/runner/work/key/key/key.core/../key.ui/examples/heap/vstte10_05_Queue/LinkedList_LinkedList1.key 
120078     DEBUG main            d.u.i.k.p.i.AbstractProblemLoader Environment load took 190.2ns 
120079     INFO  main            d.u.i.k.p.i.AbstractProblemLoader Creating init config 
122593     DEBUG main            d.u.i.k.p.i.AbstractProblemLoader Init config took 2.51s 
122637     INFO  main            d.u.i.k.p.i.AbstractProblemLoader Replaying proof LinkedList[LinkedList::LinkedList(int,LinkedList)].JML normal_behavior operation contract.0 
122638     DEBUG main            d.u.i.k.p.i.IntermediateProofReplayer Proof replay took 6.6ns 
124444     INFO  main            d.u.i.k.p.r.p.TestFile    ... finished proof: closed. 
124679     INFO  main            d.u.i.k.p.i.AbstractProblemLoader Loading environment from /home/runner/work/key/key/key.core/../key.ui/examples/heap/vstte10_05_Queue/LinkedList_LinkedList1.key.proof 
124679     DEBUG main            d.u.i.k.p.i.AbstractProblemLoader Environment load took 372.9ns 
124681     INFO  main            d.u.i.k.p.i.AbstractProblemLoader Creating init config 
127145     DEBUG main            d.u.i.k.p.i.AbstractProblemLoader Init config took 2.46s 
127187     INFO  main            d.u.i.k.p.i.AbstractProblemLoader Replaying proof LinkedList[LinkedList::LinkedList(int,LinkedList)].JML normal_behavior operation contract.0 
127414     DEBUG main            d.u.i.k.p.i.IntermediateProofReplayer Proof replay took 220.29ms 
127415     DEBUG main            d.u.i.k.p.r.p.TestFile    ... success: reloaded. 
127416     INFO  main            d.u.i.k.p.r.p.TestFile    Now processing file /home/runner/work/key/key/key.core/../key.ui/examples/heap/vstte10_05_Queue/LinkedList_LinkedList2.key 
127416     INFO  main            d.u.i.k.p.i.AbstractProblemLoader Loading environment from /home/runner/work/key/key/key.core/../key.ui/examples/heap/vstte10_05_Queue/LinkedList_LinkedList2.key 
127416     DEBUG main            d.u.i.k.p.i.AbstractProblemLoader Environment load took 58.4ns 
127417     INFO  main            d.u.i.k.p.i.AbstractProblemLoader Creating init config 
129920     DEBUG main            d.u.i.k.p.i.AbstractProblemLoader Init config took 2.5s 
129982     INFO  main            d.u.i.k.p.i.AbstractProblemLoader Replaying proof LinkedList[LinkedList::LinkedList(int,LinkedList)].JML normal_behavior operation contract.0 
129984     DEBUG main            d.u.i.k.p.i.IntermediateProofReplayer Proof replay took 5.7ns 
131790     INFO  main            d.u.i.k.p.r.p.TestFile    ... finished proof: closed. 
132028     INFO  main            d.u.i.k.p.i.AbstractProblemLoader Loading environment from /home/runner/work/key/key/key.core/../key.ui/examples/heap/vstte10_05_Queue/LinkedList_LinkedList2.key.proof 
132030     DEBUG main            d.u.i.k.p.i.AbstractProblemLoader Environment load took 1.15ms 
132031     INFO  main            d.u.i.k.p.i.AbstractProblemLoader Creating init config 
134462     DEBUG main            d.u.i.k.p.i.AbstractProblemLoader Init config took 2.43s 
134506     INFO  main            d.u.i.k.p.i.AbstractProblemLoader Replaying proof LinkedList[LinkedList::LinkedList(int,LinkedList)].JML normal_behavior operation contract.0 
134746     DEBUG main            d.u.i.k.p.i.IntermediateProofReplayer Proof replay took 231.43ms 
134747     DEBUG main            d.u.i.k.p.r.p.TestFile    ... success: reloaded. 
134748     INFO  main            d.u.i.k.p.r.p.TestFile    Now processing file /home/runner/work/key/key/key.core/../key.ui/examples/heap/vstte10_05_Queue/LinkedList_LinkedList3.key 
134748     INFO  main            d.u.i.k.p.i.AbstractProblemLoader Loading environment from /home/runner/work/key/key/key.core/../key.ui/examples/heap/vstte10_05_Queue/LinkedList_LinkedList3.key 
134748     DEBUG main            d.u.i.k.p.i.AbstractProblemLoader Environment load took 59.5ns 
134749     INFO  main            d.u.i.k.p.i.AbstractProblemLoader Creating init config 
137275     DEBUG main            d.u.i.k.p.i.AbstractProblemLoader Init config took 2.53s 
137317     INFO  main            d.u.i.k.p.i.AbstractProblemLoader Replaying proof LinkedList[LinkedList::LinkedList(int,LinkedList)].JML normal_behavior operation contract.0 
137319     DEBUG main            d.u.i.k.p.i.IntermediateProofReplayer Proof replay took 6ns 
149923     INFO  main            d.u.i.k.p.r.p.TestFile    ... finished proof: closed. 
150235     INFO  main            d.u.i.k.p.i.AbstractProblemLoader Loading environment from /home/runner/work/key/key/key.core/../key.ui/examples/heap/vstte10_05_Queue/LinkedList_LinkedList3.key.proof 
150235     DEBUG main            d.u.i.k.p.i.AbstractProblemLoader Environment load took 427.1ns 
150242     INFO  main            d.u.i.k.p.i.AbstractProblemLoader Creating init config 
152682     DEBUG main            d.u.i.k.p.i.AbstractProblemLoader Init config took 2.44s 
152724     INFO  main            d.u.i.k.p.i.AbstractProblemLoader Replaying proof LinkedList[LinkedList::LinkedList(int,LinkedList)].JML normal_behavior operation contract.0 
153842     DEBUG main            d.u.i.k.p.i.IntermediateProofReplayer Proof replay took 1.03s 
153848     DEBUG main            d.u.i.k.p.r.p.TestFile    ... success: reloaded. 
153848     INFO  main            d.u.i.k.p.r.p.TestFile    Now processing file /home/runner/work/key/key/key.core/../key.ui/examples/heap/vstte10_05_Queue/LinkedList_reverse.key 
153849     INFO  main            d.u.i.k.p.i.AbstractProblemLoader Loading environment from /home/runner/work/key/key/key.core/../key.ui/examples/heap/vstte10_05_Queue/LinkedList_reverse.key 
153849     DEBUG main            d.u.i.k.p.i.AbstractProblemLoader Environment load took 92.7ns 
153850     INFO  main            d.u.i.k.p.i.AbstractProblemLoader Creating init config 
156420     DEBUG main            d.u.i.k.p.i.AbstractProblemLoader Init config took 2.57s 
156463     INFO  main            d.u.i.k.p.i.AbstractProblemLoader Replaying proof LinkedList[LinkedList::reverse()].JML normal_behavior operation contract.0 
156465     DEBUG main            d.u.i.k.p.i.IntermediateProofReplayer Proof replay took 5.6ns 
165359     INFO  main            d.u.i.k.p.r.p.TestFile    ... finished proof: closed. 
165645     INFO  main            d.u.i.k.p.i.AbstractProblemLoader Loading environment from /home/runner/work/key/key/key.core/../key.ui/examples/heap/vstte10_05_Queue/LinkedList_reverse.key.proof 
165650     DEBUG main            d.u.i.k.p.i.AbstractProblemLoader Environment load took 5.39ms 
165653     INFO  main            d.u.i.k.p.i.AbstractProblemLoader Creating init config 
168100     DEBUG main            d.u.i.k.p.i.AbstractProblemLoader Init config took 2.45s 
168142     INFO  main            d.u.i.k.p.i.AbstractProblemLoader Replaying proof LinkedList[LinkedList::reverse()].JML normal_behavior operation contract.0 
168849     DEBUG main            d.u.i.k.p.i.IntermediateProofReplayer Proof replay took 677.57ms 
168851     DEBUG main            d.u.i.k.p.r.p.TestFile    ... success: reloaded. 
168852     INFO  main            d.u.i.k.p.r.p.TestFile    Now processing file /home/runner/work/key/key/key.core/../key.ui/examples/heap/vstte10_05_Queue/LinkedList_tail.key 
168852     INFO  main            d.u.i.k.p.i.AbstractProblemLoader Loading environment from /home/runner/work/key/key/key.core/../key.ui/examples/heap/vstte10_05_Queue/LinkedList_tail.key 
168852     DEBUG main            d.u.i.k.p.i.AbstractProblemLoader Environment load took 84.1ns 
168853     INFO  main            d.u.i.k.p.i.AbstractProblemLoader Creating init config 
171338     DEBUG main            d.u.i.k.p.i.AbstractProblemLoader Init config took 2.49s 
171379     INFO  main            d.u.i.k.p.i.AbstractProblemLoader Replaying proof LinkedList[LinkedList::tail()].JML normal_behavior operation contract.0 
171381     DEBUG main            d.u.i.k.p.i.IntermediateProofReplayer Proof replay took 43.2ns 
171884     INFO  main            d.u.i.k.p.r.p.TestFile    ... finished proof: closed. 
172113     INFO  main            d.u.i.k.p.i.AbstractProblemLoader Loading environment from /home/runner/work/key/key/key.core/../key.ui/examples/heap/vstte10_05_Queue/LinkedList_tail.key.proof 
172113     DEBUG main            d.u.i.k.p.i.AbstractProblemLoader Environment load took 89.5ns 
172114     INFO  main            d.u.i.k.p.i.AbstractProblemLoader Creating init config 
174562     DEBUG main            d.u.i.k.p.i.AbstractProblemLoader Init config took 2.45s 
174604     INFO  main            d.u.i.k.p.i.AbstractProblemLoader Replaying proof LinkedList[LinkedList::tail()].JML normal_behavior operation contract.0 
174691     DEBUG main            d.u.i.k.p.i.IntermediateProofReplayer Proof replay took 84.2ms 
174692     DEBUG main            d.u.i.k.p.r.p.TestFile    ... success: reloaded. 
2274910    INFO  Test worker     d.u.i.k.p.r.RunAllProofsTestUnit Returning from test VSTTE10 
2274911    INFO  Test worker     d.u.i.k.p.r.RunAllProofsTestUnit Running test WeideEtAl 
329        INFO  Timeout watchdog d.u.i.k.p.r.p.ForkedTestFileRunner Timeout watcher launched (2000 secs.) 
348        WARN  main            d.u.i.k.s.ProofSettings   The settings in /home/runner/.key/proof-settings.props are *not* read. 
396        INFO  main            d.u.i.k.p.r.p.TestFile    Now processing file /home/runner/work/key/key/key.core/../key.ui/examples/heap/WeideEtAl_01_AddAndMultiply/AddAndMultiply_add.key 
528        INFO  main            d.u.i.k.p.i.AbstractProblemLoader Loading environment from /home/runner/work/key/key/key.core/../key.ui/examples/heap/WeideEtAl_01_AddAndMultiply/AddAndMultiply_add.key 
554        DEBUG main            d.u.i.k.p.i.AbstractProblemLoader Environment load took 2.11ms 
789        INFO  main            d.u.i.k.p.i.AbstractProblemLoader Creating init config 
1624       DEBUG main            d.u.i.k.j.TypeConverter   No LDT found for Meta 
1625       DEBUG main            d.u.i.k.j.TypeConverter   No LDT found for Meta 
1626       DEBUG main            d.u.i.k.j.TypeConverter   No LDT found for Meta 
1626       DEBUG main            d.u.i.k.j.TypeConverter   No LDT found for Meta 
2814       DEBUG main            d.u.i.k.j.TypeConverter   No LDT found for JavaBigintExpression 
7541       DEBUG main            d.u.i.k.p.i.AbstractProblemLoader Init config took 6.75s 
7717       INFO  main            d.u.i.k.p.i.AbstractProblemLoader Replaying proof AddAndMultiply[AddAndMultiply::add(int,int)].JML normal_behavior operation contract.0 
7750       DEBUG main            d.u.i.k.p.i.IntermediateProofReplayer Proof replay took 32.2ns 
9276       INFO  main            d.u.i.k.p.r.p.TestFile    ... finished proof: closed. 
9416       INFO  main            d.u.i.k.p.i.AbstractProblemLoader Loading environment from /home/runner/work/key/key/key.core/../key.ui/examples/heap/WeideEtAl_01_AddAndMultiply/AddAndMultiply_add.key.proof 
9417       DEBUG main            d.u.i.k.p.i.AbstractProblemLoader Environment load took 411.89ns 
9423       INFO  main            d.u.i.k.p.i.AbstractProblemLoader Creating init config 
12165      DEBUG main            d.u.i.k.p.i.AbstractProblemLoader Init config took 2.74s 
12234      INFO  main            d.u.i.k.p.i.AbstractProblemLoader Replaying proof AddAndMultiply[AddAndMultiply::add(int,int)].JML normal_behavior operation contract.0 
12454      DEBUG main            d.u.i.k.p.i.IntermediateProofReplayer Proof replay took 209.05ms 
12462      DEBUG main            d.u.i.k.p.r.p.TestFile    ... success: reloaded. 
12464      INFO  main            d.u.i.k.p.r.p.TestFile    Now processing file /home/runner/work/key/key/key.core/../key.ui/examples/heap/WeideEtAl_01_AddAndMultiply/AddAndMultiply_mul.key 
12465      INFO  main            d.u.i.k.p.i.AbstractProblemLoader Loading environment from /home/runner/work/key/key/key.core/../key.ui/examples/heap/WeideEtAl_01_AddAndMultiply/AddAndMultiply_mul.key 
12465      DEBUG main            d.u.i.k.p.i.AbstractProblemLoader Environment load took 110.7ns 
12468      INFO  main            d.u.i.k.p.i.AbstractProblemLoader Creating init config 
15108      DEBUG main            d.u.i.k.p.i.AbstractProblemLoader Init config took 2.64s 
15165      INFO  main            d.u.i.k.p.i.AbstractProblemLoader Replaying proof AddAndMultiply[AddAndMultiply::mul(int,int)].JML normal_behavior operation contract.0 
15169      DEBUG main            d.u.i.k.p.i.IntermediateProofReplayer Proof replay took 6.3ns 
15674      INFO  main            d.u.i.k.p.r.p.TestFile    ... finished proof: closed. 
15806      INFO  main            d.u.i.k.p.i.AbstractProblemLoader Loading environment from /home/runner/work/key/key/key.core/../key.ui/examples/heap/WeideEtAl_01_AddAndMultiply/AddAndMultiply_mul.key.proof 
15807      DEBUG main            d.u.i.k.p.i.AbstractProblemLoader Environment load took 966.89ns 
15809      INFO  main            d.u.i.k.p.i.AbstractProblemLoader Creating init config 
18340      DEBUG main            d.u.i.k.p.i.AbstractProblemLoader Init config took 2.53s 
18388      INFO  main            d.u.i.k.p.i.AbstractProblemLoader Replaying proof AddAndMultiply[AddAndMultiply::mul(int,int)].JML normal_behavior operation contract.0 
18494      DEBUG main            d.u.i.k.p.i.IntermediateProofReplayer Proof replay took 101.03ms 
18496      DEBUG main            d.u.i.k.p.r.p.TestFile    ... success: reloaded. 
18497      INFO  main            d.u.i.k.p.r.p.TestFile    Now processing file /home/runner/work/key/key/key.core/../key.ui/examples/heap/WeideEtAl_02_BinarySearch/BinarySearch_search.key 
18497      INFO  main            d.u.i.k.p.i.AbstractProblemLoader Loading environment from /home/runner/work/key/key/key.core/../key.ui/examples/heap/WeideEtAl_02_BinarySearch/BinarySearch_search.key 
18498      DEBUG main            d.u.i.k.p.i.AbstractProblemLoader Environment load took 188.9ns 
18499      INFO  main            d.u.i.k.p.i.AbstractProblemLoader Creating init config 
21038      DEBUG main            d.u.i.k.p.i.AbstractProblemLoader Init config took 2.54s 
21084      INFO  main            d.u.i.k.p.i.AbstractProblemLoader Replaying proof BinarySearch[BinarySearch::search([I,int)].JML normal_behavior operation contract.0 
21088      DEBUG main            d.u.i.k.p.i.IntermediateProofReplayer Proof replay took 5.9ns 
24100      INFO  main            d.u.i.k.p.r.p.TestFile    ... finished proof: closed. 
24280      INFO  main            d.u.i.k.p.i.AbstractProblemLoader Loading environment from /home/runner/work/key/key/key.core/../key.ui/examples/heap/WeideEtAl_02_BinarySearch/BinarySearch_search.key.proof 
24284      DEBUG main            d.u.i.k.p.i.AbstractProblemLoader Environment load took 4.18ms 
24288      INFO  main            d.u.i.k.p.i.AbstractProblemLoader Creating init config 
26752      DEBUG main            d.u.i.k.p.i.AbstractProblemLoader Init config took 2.46s 
26794      INFO  main            d.u.i.k.p.i.AbstractProblemLoader Replaying proof BinarySearch[BinarySearch::search([I,int)].JML normal_behavior operation contract.0 
27313      DEBUG main            d.u.i.k.p.i.IntermediateProofReplayer Proof replay took 500.32ms 
27316      DEBUG main            d.u.i.k.p.r.p.TestFile    ... success: reloaded. 
2302390    INFO  Test worker     d.u.i.k.p.r.RunAllProofsTestUnit Returning from test WeideEtAl 
2302391    INFO  Test worker     d.u.i.k.p.r.RunAllProofsTestUnit Running test arithmetic 
373        INFO  Timeout watchdog d.u.i.k.p.r.p.ForkedTestFileRunner Timeout watcher launched (2000 secs.) 
381        WARN  main            d.u.i.k.s.ProofSettings   The settings in /home/runner/.key/proof-settings.props are *not* read. 
420        INFO  main            d.u.i.k.p.r.p.TestFile    Now processing file /home/runner/work/key/key/key.core/../key.ui/examples/standard_key/arith/binomial1.key 
558        INFO  main            d.u.i.k.p.i.AbstractProblemLoader Loading environment from /home/runner/work/key/key/key.core/../key.ui/examples/standard_key/arith/binomial1.key 
574        DEBUG main            d.u.i.k.p.i.AbstractProblemLoader Environment load took 1.91ms 
801        INFO  main            d.u.i.k.p.i.AbstractProblemLoader Creating init config 
1597       DEBUG main            d.u.i.k.j.TypeConverter   No LDT found for Meta 
1597       DEBUG main            d.u.i.k.j.TypeConverter   No LDT found for Meta 
1599       DEBUG main            d.u.i.k.j.TypeConverter   No LDT found for Meta 
1599       DEBUG main            d.u.i.k.j.TypeConverter   No LDT found for Meta 
2850       DEBUG main            d.u.i.k.j.TypeConverter   No LDT found for JavaBigintExpression 
7542       DEBUG main            d.u.i.k.p.i.AbstractProblemLoader Init config took 6.74s 
7608       INFO  main            d.u.i.k.p.i.AbstractProblemLoader Replaying proof binomial1.key 
7644       DEBUG main            d.u.i.k.p.i.IntermediateProofReplayer Proof replay took 39.3ns 
7907       INFO  main            d.u.i.k.p.r.p.TestFile    ... finished proof: closed. 
8027       INFO  main            d.u.i.k.p.i.AbstractProblemLoader Loading environment from /home/runner/work/key/key/key.core/../key.ui/examples/standard_key/arith/binomial1.key.proof 
8029       DEBUG main            d.u.i.k.p.i.AbstractProblemLoader Environment load took 1.99ms 
8034       INFO  main            d.u.i.k.p.i.AbstractProblemLoader Creating init config 
10637      DEBUG main            d.u.i.k.p.i.AbstractProblemLoader Init config took 2.6s 
10668      INFO  main            d.u.i.k.p.i.AbstractProblemLoader Replaying proof binomial1.key.proof 
10685      DEBUG main            d.u.i.k.p.i.IntermediateProofReplayer Proof replay took 12.37ms 
10704      DEBUG main            d.u.i.k.p.r.p.TestFile    ... success: reloaded. 
10706      INFO  main            d.u.i.k.p.r.p.TestFile    Now processing file /home/runner/work/key/key/key.core/../key.ui/examples/standard_key/arith/binomial2.key 
10706      INFO  main            d.u.i.k.p.i.AbstractProblemLoader Loading environment from /home/runner/work/key/key/key.core/../key.ui/examples/standard_key/arith/binomial2.key 
10706      DEBUG main            d.u.i.k.p.i.AbstractProblemLoader Environment load took 224.2ns 
10708      INFO  main            d.u.i.k.p.i.AbstractProblemLoader Creating init config 
13213      DEBUG main            d.u.i.k.p.i.AbstractProblemLoader Init config took 2.5s 
13241      INFO  main            d.u.i.k.p.i.AbstractProblemLoader Replaying proof binomial2.key 
13245      DEBUG main            d.u.i.k.p.i.IntermediateProofReplayer Proof replay took 6.7ns 
13348      INFO  main            d.u.i.k.p.r.p.TestFile    ... finished proof: closed. 
13467      INFO  main            d.u.i.k.p.i.AbstractProblemLoader Loading environment from /home/runner/work/key/key/key.core/../key.ui/examples/standard_key/arith/binomial2.key.proof 
13467      DEBUG main            d.u.i.k.p.i.AbstractProblemLoader Environment load took 127.8ns 
13468      INFO  main            d.u.i.k.p.i.AbstractProblemLoader Creating init config 
15900      DEBUG main            d.u.i.k.p.i.AbstractProblemLoader Init config took 2.43s 
15924      INFO  main            d.u.i.k.p.i.AbstractProblemLoader Replaying proof binomial2.key.proof 
15937      DEBUG main            d.u.i.k.p.i.IntermediateProofReplayer Proof replay took 10.09ms 
15938      DEBUG main            d.u.i.k.p.r.p.TestFile    ... success: reloaded. 
15939      INFO  main            d.u.i.k.p.r.p.TestFile    Now processing file /home/runner/work/key/key/key.core/../key.ui/examples/standard_key/arith/check_jdiv.key 
15939      INFO  main            d.u.i.k.p.i.AbstractProblemLoader Loading environment from /home/runner/work/key/key/key.core/../key.ui/examples/standard_key/arith/check_jdiv.key 
15939      DEBUG main            d.u.i.k.p.i.AbstractProblemLoader Environment load took 98.8ns 
15941      INFO  main            d.u.i.k.p.i.AbstractProblemLoader Creating init config 
18349      DEBUG main            d.u.i.k.p.i.AbstractProblemLoader Init config took 2.41s 
18373      INFO  main            d.u.i.k.p.i.AbstractProblemLoader Replaying proof check_jdiv.key 
18377      DEBUG main            d.u.i.k.p.i.IntermediateProofReplayer Proof replay took 8.9ns 
23796      INFO  main            d.u.i.k.p.r.p.TestFile    ... finished proof: closed. 
23985      INFO  main            d.u.i.k.p.i.AbstractProblemLoader Loading environment from /home/runner/work/key/key/key.core/../key.ui/examples/standard_key/arith/check_jdiv.key.proof 
23986      DEBUG main            d.u.i.k.p.i.AbstractProblemLoader Environment load took 477.69ns 
23988      INFO  main            d.u.i.k.p.i.AbstractProblemLoader Creating init config 
26332      DEBUG main            d.u.i.k.p.i.AbstractProblemLoader Init config took 2.34s 
26354      INFO  main            d.u.i.k.p.i.AbstractProblemLoader Replaying proof check_jdiv.key.proof 
26727      DEBUG main            d.u.i.k.p.i.IntermediateProofReplayer Proof replay took 328.08ms 
26729      DEBUG main            d.u.i.k.p.r.p.TestFile    ... success: reloaded. 
26730      INFO  main            d.u.i.k.p.r.p.TestFile    Now processing file /home/runner/work/key/key/key.core/../key.ui/examples/standard_key/arith/check_jdiv_concrete.key 
26731      INFO  main            d.u.i.k.p.i.AbstractProblemLoader Loading environment from /home/runner/work/key/key/key.core/../key.ui/examples/standard_key/arith/check_jdiv_concrete.key 
26731      DEBUG main            d.u.i.k.p.i.AbstractProblemLoader Environment load took 190.7ns 
26733      INFO  main            d.u.i.k.p.i.AbstractProblemLoader Creating init config 
29133      DEBUG main            d.u.i.k.p.i.AbstractProblemLoader Init config took 2.4s 
29152      INFO  main            d.u.i.k.p.i.AbstractProblemLoader Replaying proof check_jdiv_concrete.key 
29154      DEBUG main            d.u.i.k.p.i.IntermediateProofReplayer Proof replay took 6.6ns 
29257      INFO  main            d.u.i.k.p.r.p.TestFile    ... finished proof: closed. 
29440      INFO  main            d.u.i.k.p.i.AbstractProblemLoader Loading environment from /home/runner/work/key/key/key.core/../key.ui/examples/standard_key/arith/check_jdiv_concrete.key.proof 
29440      DEBUG main            d.u.i.k.p.i.AbstractProblemLoader Environment load took 112.4ns 
29442      INFO  main            d.u.i.k.p.i.AbstractProblemLoader Creating init config 
31717      DEBUG main            d.u.i.k.p.i.AbstractProblemLoader Init config took 2.28s 
31736      INFO  main            d.u.i.k.p.i.AbstractProblemLoader Replaying proof check_jdiv_concrete.key.proof 
31741      DEBUG main            d.u.i.k.p.i.IntermediateProofReplayer Proof replay took 3.23ms 
31743      DEBUG main            d.u.i.k.p.r.p.TestFile    ... success: reloaded. 
31744      INFO  main            d.u.i.k.p.r.p.TestFile    Now processing file /home/runner/work/key/key/key.core/../key.ui/examples/standard_key/arith/check_jdiv_instantiated.key 
31744      INFO  main            d.u.i.k.p.i.AbstractProblemLoader Loading environment from /home/runner/work/key/key/key.core/../key.ui/examples/standard_key/arith/check_jdiv_instantiated.key 
31744      DEBUG main            d.u.i.k.p.i.AbstractProblemLoader Environment load took 188.5ns 
31746      INFO  main            d.u.i.k.p.i.AbstractProblemLoader Creating init config 
34073      DEBUG main            d.u.i.k.p.i.AbstractProblemLoader Init config took 2.33s 
34092      INFO  main            d.u.i.k.p.i.AbstractProblemLoader Replaying proof check_jdiv_instantiated.key 
34094      DEBUG main            d.u.i.k.p.i.IntermediateProofReplayer Proof replay took 6.4ns 
37507      INFO  main            d.u.i.k.p.r.p.TestFile    ... finished proof: closed. 
37700      INFO  main            d.u.i.k.p.i.AbstractProblemLoader Loading environment from /home/runner/work/key/key/key.core/../key.ui/examples/standard_key/arith/check_jdiv_instantiated.key.proof 
37700      DEBUG main            d.u.i.k.p.i.AbstractProblemLoader Environment load took 438.6ns 
37703      INFO  main            d.u.i.k.p.i.AbstractProblemLoader Creating init config 
40008      DEBUG main            d.u.i.k.p.i.AbstractProblemLoader Init config took 2.31s 
40029      INFO  main            d.u.i.k.p.i.AbstractProblemLoader Replaying proof check_jdiv_instantiated.key.proof 
40219      DEBUG main            d.u.i.k.p.i.IntermediateProofReplayer Proof replay took 164.6ms 
40221      DEBUG main            d.u.i.k.p.r.p.TestFile    ... success: reloaded. 
40222      INFO  main            d.u.i.k.p.r.p.TestFile    Now processing file /home/runner/work/key/key/key.core/../key.ui/examples/standard_key/arith/check_jmod.key 
40222      INFO  main            d.u.i.k.p.i.AbstractProblemLoader Loading environment from /home/runner/work/key/key/key.core/../key.ui/examples/standard_key/arith/check_jmod.key 
40222      DEBUG main            d.u.i.k.p.i.AbstractProblemLoader Environment load took 136.8ns 
40223      INFO  main            d.u.i.k.p.i.AbstractProblemLoader Creating init config 
42519      DEBUG main            d.u.i.k.p.i.AbstractProblemLoader Init config took 2.3s 
42537      INFO  main            d.u.i.k.p.i.AbstractProblemLoader Replaying proof check_jmod.key 
42539      DEBUG main            d.u.i.k.p.i.IntermediateProofReplayer Proof replay took 5.7ns 
43044      INFO  main            d.u.i.k.p.r.p.TestFile    ... finished proof: closed. 
43244      INFO  main            d.u.i.k.p.i.AbstractProblemLoader Loading environment from /home/runner/work/key/key/key.core/../key.ui/examples/standard_key/arith/check_jmod.key.proof 
43246      DEBUG main            d.u.i.k.p.i.AbstractProblemLoader Environment load took 1.5ms 
43247      INFO  main            d.u.i.k.p.i.AbstractProblemLoader Creating init config 
45542      DEBUG main            d.u.i.k.p.i.AbstractProblemLoader Init config took 2.3s 
45560      INFO  main            d.u.i.k.p.i.AbstractProblemLoader Replaying proof check_jmod.key.proof 
45603      DEBUG main            d.u.i.k.p.i.IntermediateProofReplayer Proof replay took 37.53ms 
45605      DEBUG main            d.u.i.k.p.r.p.TestFile    ... success: reloaded. 
45606      INFO  main            d.u.i.k.p.r.p.TestFile    Now processing file /home/runner/work/key/key/key.core/../key.ui/examples/standard_key/arith/complexExpressions.key 
45606      INFO  main            d.u.i.k.p.i.AbstractProblemLoader Loading environment from /home/runner/work/key/key/key.core/../key.ui/examples/standard_key/arith/complexExpressions.key 
45606      DEBUG main            d.u.i.k.p.i.AbstractProblemLoader Environment load took 188.1ns 
45607      INFO  main            d.u.i.k.p.i.AbstractProblemLoader Creating init config 
47913      DEBUG main            d.u.i.k.p.i.AbstractProblemLoader Init config took 2.31s 
47934      INFO  main            d.u.i.k.p.i.AbstractProblemLoader Replaying proof complexExpressions.key 
47937      DEBUG main            d.u.i.k.p.i.IntermediateProofReplayer Proof replay took 6.5ns 
48142      INFO  main            d.u.i.k.p.r.p.TestFile    ... finished proof: closed. 
48301      INFO  main            d.u.i.k.p.i.AbstractProblemLoader Loading environment from /home/runner/work/key/key/key.core/../key.ui/examples/standard_key/arith/complexExpressions.key.proof 
48301      DEBUG main            d.u.i.k.p.i.AbstractProblemLoader Environment load took 114.5ns 
48302      INFO  main            d.u.i.k.p.i.AbstractProblemLoader Creating init config 
50584      DEBUG main            d.u.i.k.p.i.AbstractProblemLoader Init config took 2.28s 
50601      INFO  main            d.u.i.k.p.i.AbstractProblemLoader Replaying proof complexExpressions.key.proof 
50611      DEBUG main            d.u.i.k.p.i.IntermediateProofReplayer Proof replay took 7.98ms 
50612      DEBUG main            d.u.i.k.p.r.p.TestFile    ... success: reloaded. 
50613      INFO  main            d.u.i.k.p.r.p.TestFile    Now processing file /home/runner/work/key/key/key.core/../key.ui/examples/standard_key/arith/compound_unaryMinus.key 
50613      INFO  main            d.u.i.k.p.i.AbstractProblemLoader Loading environment from /home/runner/work/key/key/key.core/../key.ui/examples/standard_key/arith/compound_unaryMinus.key 
50613      DEBUG main            d.u.i.k.p.i.AbstractProblemLoader Environment load took 87.2ns 
50614      INFO  main            d.u.i.k.p.i.AbstractProblemLoader Creating init config 
52914      DEBUG main            d.u.i.k.p.i.AbstractProblemLoader Init config took 2.3s 
52930      INFO  main            d.u.i.k.p.i.AbstractProblemLoader Replaying proof compound_unaryMinus.key 
52931      DEBUG main            d.u.i.k.p.i.IntermediateProofReplayer Proof replay took 5.1ns 
53034      INFO  main            d.u.i.k.p.r.p.TestFile    ... finished proof: closed. 
53227      INFO  main            d.u.i.k.p.i.AbstractProblemLoader Loading environment from /home/runner/work/key/key/key.core/../key.ui/examples/standard_key/arith/compound_unaryMinus.key.proof 
53227      DEBUG main            d.u.i.k.p.i.AbstractProblemLoader Environment load took 111.8ns 
53228      INFO  main            d.u.i.k.p.i.AbstractProblemLoader Creating init config 
55482      DEBUG main            d.u.i.k.p.i.AbstractProblemLoader Init config took 2.25s 
55498      INFO  main            d.u.i.k.p.i.AbstractProblemLoader Replaying proof compound_unaryMinus.key.proof 
55503      DEBUG main            d.u.i.k.p.i.IntermediateProofReplayer Proof replay took 3.37ms 
55504      DEBUG main            d.u.i.k.p.r.p.TestFile    ... success: reloaded. 
55504      INFO  main            d.u.i.k.p.r.p.TestFile    Now processing file /home/runner/work/key/key/key.core/../key.ui/examples/standard_key/arith/computation.key 
55505      INFO  main            d.u.i.k.p.i.AbstractProblemLoader Loading environment from /home/runner/work/key/key/key.core/../key.ui/examples/standard_key/arith/computation.key 
55505      DEBUG main            d.u.i.k.p.i.AbstractProblemLoader Environment load took 88.5ns 
55506      INFO  main            d.u.i.k.p.i.AbstractProblemLoader Creating init config 
57797      DEBUG main            d.u.i.k.p.i.AbstractProblemLoader Init config took 2.29s 
57814      INFO  main            d.u.i.k.p.i.AbstractProblemLoader Replaying proof computation.key 
57816      DEBUG main            d.u.i.k.p.i.IntermediateProofReplayer Proof replay took 5.4ns 
59250      INFO  main            d.u.i.k.p.r.p.TestFile    ... finished proof: closed. 
59461      INFO  main            d.u.i.k.p.i.AbstractProblemLoader Loading environment from /home/runner/work/key/key/key.core/../key.ui/examples/standard_key/arith/computation.key.proof 
59462      DEBUG main            d.u.i.k.p.i.AbstractProblemLoader Environment load took 415.19ns 
59463      INFO  main            d.u.i.k.p.i.AbstractProblemLoader Creating init config 
61693      DEBUG main            d.u.i.k.p.i.AbstractProblemLoader Init config took 2.23s 
61710      INFO  main            d.u.i.k.p.i.AbstractProblemLoader Replaying proof computation.key.proof 
61847      DEBUG main            d.u.i.k.p.i.IntermediateProofReplayer Proof replay took 131.87ms 
61848      DEBUG main            d.u.i.k.p.r.p.TestFile    ... success: reloaded. 
61848      INFO  main            d.u.i.k.p.r.p.TestFile    Now processing file /home/runner/work/key/key/key.core/../key.ui/examples/standard_key/arith/cubicSum.key 
61849      INFO  main            d.u.i.k.p.i.AbstractProblemLoader Loading environment from /home/runner/work/key/key/key.core/../key.ui/examples/standard_key/arith/cubicSum.key 
61849      DEBUG main            d.u.i.k.p.i.AbstractProblemLoader Environment load took 163.7ns 
61850      INFO  main            d.u.i.k.p.i.AbstractProblemLoader Creating init config 
64263      DEBUG main            d.u.i.k.p.i.AbstractProblemLoader Init config took 2.41s 
64280      INFO  main            d.u.i.k.p.i.AbstractProblemLoader Replaying proof cubicSum.key 
64281      DEBUG main            d.u.i.k.p.i.IntermediateProofReplayer Proof replay took 6ns 
65287      INFO  main            d.u.i.k.p.r.p.TestFile    ... finished proof: closed. 
65543      INFO  main            d.u.i.k.p.i.AbstractProblemLoader Loading environment from /home/runner/work/key/key/key.core/../key.ui/examples/standard_key/arith/cubicSum.key.proof 
65544      DEBUG main            d.u.i.k.p.i.AbstractProblemLoader Environment load took 572.19ns 
65545      INFO  main            d.u.i.k.p.i.AbstractProblemLoader Creating init config 
67906      DEBUG main            d.u.i.k.p.i.AbstractProblemLoader Init config took 2.36s 
67923      INFO  main            d.u.i.k.p.i.AbstractProblemLoader Replaying proof cubicSum.key.proof 
68065      DEBUG main            d.u.i.k.p.i.IntermediateProofReplayer Proof replay took 138.44ms 
68066      DEBUG main            d.u.i.k.p.r.p.TestFile    ... success: reloaded. 
68067      INFO  main            d.u.i.k.p.r.p.TestFile    Now processing file /home/runner/work/key/key/key.core/../key.ui/examples/standard_key/arith/divByZero.key 
68068      INFO  main            d.u.i.k.p.i.AbstractProblemLoader Loading environment from /home/runner/work/key/key/key.core/../key.ui/examples/standard_key/arith/divByZero.key 
68068      DEBUG main            d.u.i.k.p.i.AbstractProblemLoader Environment load took 186.9ns 
68069      INFO  main            d.u.i.k.p.i.AbstractProblemLoader Creating init config 
70405      DEBUG main            d.u.i.k.p.i.AbstractProblemLoader Init config took 2.34s 
70419      INFO  main            d.u.i.k.p.i.AbstractProblemLoader Replaying proof divByZero.key 
70421      DEBUG main            d.u.i.k.p.i.IntermediateProofReplayer Proof replay took 5.6ns 
70623      INFO  main            d.u.i.k.p.r.p.TestFile    ... finished proof: closed. 
70809      INFO  main            d.u.i.k.p.i.AbstractProblemLoader Loading environment from /home/runner/work/key/key/key.core/../key.ui/examples/standard_key/arith/divByZero.key.proof 
70809      DEBUG main            d.u.i.k.p.i.AbstractProblemLoader Environment load took 107.9ns 
70810      INFO  main            d.u.i.k.p.i.AbstractProblemLoader Creating init config 
73074      DEBUG main            d.u.i.k.p.i.AbstractProblemLoader Init config took 2.26s 
73090      INFO  main            d.u.i.k.p.i.AbstractProblemLoader Replaying proof divByZero.key.proof 
73132      DEBUG main            d.u.i.k.p.i.IntermediateProofReplayer Proof replay took 37.77ms 
73134      DEBUG main            d.u.i.k.p.r.p.TestFile    ... success: reloaded. 
73135      INFO  main            d.u.i.k.p.r.p.TestFile    Now processing file /home/runner/work/key/key/key.core/../key.ui/examples/standard_key/arith/divisionAssoc.key 
73135      INFO  main            d.u.i.k.p.i.AbstractProblemLoader Loading environment from /home/runner/work/key/key/key.core/../key.ui/examples/standard_key/arith/divisionAssoc.key 
73135      DEBUG main            d.u.i.k.p.i.AbstractProblemLoader Environment load took 180.3ns 
73136      INFO  main            d.u.i.k.p.i.AbstractProblemLoader Creating init config 
75457      DEBUG main            d.u.i.k.p.i.AbstractProblemLoader Init config took 2.32s 
75475      INFO  main            d.u.i.k.p.i.AbstractProblemLoader Replaying proof divisionAssoc.key 
75477      DEBUG main            d.u.i.k.p.i.IntermediateProofReplayer Proof replay took 6ns 
76187      INFO  main            d.u.i.k.p.r.p.TestFile    ... finished proof: closed. 
76437      INFO  main            d.u.i.k.p.i.AbstractProblemLoader Loading environment from /home/runner/work/key/key/key.core/../key.ui/examples/standard_key/arith/divisionAssoc.key.proof 
76438      DEBUG main            d.u.i.k.p.i.AbstractProblemLoader Environment load took 1.28ms 
76440      INFO  main            d.u.i.k.p.i.AbstractProblemLoader Creating init config 
78674      DEBUG main            d.u.i.k.p.i.AbstractProblemLoader Init config took 2.23s 
78697      INFO  main            d.u.i.k.p.i.AbstractProblemLoader Replaying proof divisionAssoc.key.proof 
78742      DEBUG main            d.u.i.k.p.i.IntermediateProofReplayer Proof replay took 40.31ms 
78743      DEBUG main            d.u.i.k.p.r.p.TestFile    ... success: reloaded. 
78744      INFO  main            d.u.i.k.p.r.p.TestFile    Now processing file /home/runner/work/key/key/key.core/../key.ui/examples/standard_key/arith/divisionBy2.key 
78744      INFO  main            d.u.i.k.p.i.AbstractProblemLoader Loading environment from /home/runner/work/key/key/key.core/../key.ui/examples/standard_key/arith/divisionBy2.key 
78744      DEBUG main            d.u.i.k.p.i.AbstractProblemLoader Environment load took 95.8ns 
78745      INFO  main            d.u.i.k.p.i.AbstractProblemLoader Creating init config 
81076      DEBUG main            d.u.i.k.p.i.AbstractProblemLoader Init config took 2.33s 
81089      INFO  main            d.u.i.k.p.i.AbstractProblemLoader Replaying proof divisionBy2.key 
81090      DEBUG main            d.u.i.k.p.i.IntermediateProofReplayer Proof replay took 5.4ns 
81195      INFO  main            d.u.i.k.p.r.p.TestFile    ... finished proof: closed. 
81407      INFO  main            d.u.i.k.p.i.AbstractProblemLoader Loading environment from /home/runner/work/key/key/key.core/../key.ui/examples/standard_key/arith/divisionBy2.key.proof 
81407      DEBUG main            d.u.i.k.p.i.AbstractProblemLoader Environment load took 102.9ns 
81408      INFO  main            d.u.i.k.p.i.AbstractProblemLoader Creating init config 
83660      DEBUG main            d.u.i.k.p.i.AbstractProblemLoader Init config took 2.25s 
83673      INFO  main            d.u.i.k.p.i.AbstractProblemLoader Replaying proof divisionBy2.key.proof 
83680      DEBUG main            d.u.i.k.p.i.IntermediateProofReplayer Proof replay took 4.63ms 
83681      DEBUG main            d.u.i.k.p.r.p.TestFile    ... success: reloaded. 
83681      INFO  main            d.u.i.k.p.r.p.TestFile    Now processing file /home/runner/work/key/key/key.core/../key.ui/examples/standard_key/arith/euclidean/gcdHelp-post.key 
83682      INFO  main            d.u.i.k.p.i.AbstractProblemLoader Loading environment from /home/runner/work/key/key/key.core/../key.ui/examples/standard_key/arith/euclidean/gcdHelp-post.key 
83682      DEBUG main            d.u.i.k.p.i.AbstractProblemLoader Environment load took 182.8ns 
83683      INFO  main            d.u.i.k.p.i.AbstractProblemLoader Creating init config 
86079      DEBUG main            d.u.i.k.p.i.AbstractProblemLoader Init config took 2.4s 
86096      INFO  main            d.u.i.k.p.i.AbstractProblemLoader Replaying proof gcdHelp-post.key 
86097      DEBUG main            d.u.i.k.p.i.IntermediateProofReplayer Proof replay took 5.4ns 
89453      INFO  main            d.u.i.k.p.r.p.TestFile    ... finished proof: closed. 
89660      INFO  main            d.u.i.k.p.i.AbstractProblemLoader Loading environment from /home/runner/work/key/key/key.core/../key.ui/examples/standard_key/arith/euclidean/gcdHelp-post.key.proof 
89661      DEBUG main            d.u.i.k.p.i.AbstractProblemLoader Environment load took 367.1ns 
89662      INFO  main            d.u.i.k.p.i.AbstractProblemLoader Creating init config 
91974      DEBUG main            d.u.i.k.p.i.AbstractProblemLoader Init config took 2.31s 
91990      INFO  main            d.u.i.k.p.i.AbstractProblemLoader Replaying proof gcdHelp-post.key.proof 
92193      DEBUG main            d.u.i.k.p.i.IntermediateProofReplayer Proof replay took 192.82ms 
92194      DEBUG main            d.u.i.k.p.r.p.TestFile    ... success: reloaded. 
92195      INFO  main            d.u.i.k.p.r.p.TestFile    Now processing file /home/runner/work/key/key/key.core/../key.ui/examples/standard_key/arith/gemplusDecimal/add.key 
92195      INFO  main            d.u.i.k.p.i.AbstractProblemLoader Loading environment from /home/runner/work/key/key/key.core/../key.ui/examples/standard_key/arith/gemplusDecimal/add.key 
92196      DEBUG main            d.u.i.k.p.i.AbstractProblemLoader Environment load took 189.9ns 
92198      INFO  main            d.u.i.k.p.i.AbstractProblemLoader Creating init config 
94581      DEBUG main            d.u.i.k.p.i.AbstractProblemLoader Init config took 2.38s 
94598      INFO  main            d.u.i.k.p.i.AbstractProblemLoader Replaying proof add.key 
94600      DEBUG main            d.u.i.k.p.i.IntermediateProofReplayer Proof replay took 5.4ns 
137784     INFO  main            d.u.i.k.p.r.p.TestFile    ... finished proof: closed. 
138141     INFO  main            d.u.i.k.p.i.AbstractProblemLoader Loading environment from /home/runner/work/key/key/key.core/../key.ui/examples/standard_key/arith/gemplusDecimal/add.key.proof 
138141     DEBUG main            d.u.i.k.p.i.AbstractProblemLoader Environment load took 185.6ns 
138150     INFO  main            d.u.i.k.p.i.AbstractProblemLoader Creating init config 
140432     DEBUG main            d.u.i.k.p.i.AbstractProblemLoader Init config took 2.28s 
140450     INFO  main            d.u.i.k.p.i.AbstractProblemLoader Replaying proof add.key.proof 
144242     DEBUG main            d.u.i.k.p.i.IntermediateProofReplayer Proof replay took 3.66s 
144249     DEBUG main            d.u.i.k.p.r.p.TestFile    ... success: reloaded. 
144251     INFO  main            d.u.i.k.p.r.p.TestFile    Now processing file /home/runner/work/key/key/key.core/../key.ui/examples/standard_key/arith/jdivevenodd.key 
144251     INFO  main            d.u.i.k.p.i.AbstractProblemLoader Loading environment from /home/runner/work/key/key/key.core/../key.ui/examples/standard_key/arith/jdivevenodd.key 
144251     DEBUG main            d.u.i.k.p.i.AbstractProblemLoader Environment load took 190.8ns 
144252     INFO  main            d.u.i.k.p.i.AbstractProblemLoader Creating init config 
146568     DEBUG main            d.u.i.k.p.i.AbstractProblemLoader Init config took 2.32s 
146581     INFO  main            d.u.i.k.p.i.AbstractProblemLoader Replaying proof jdivevenodd.key 
146583     DEBUG main            d.u.i.k.p.i.IntermediateProofReplayer Proof replay took 5ns 
146785     INFO  main            d.u.i.k.p.r.p.TestFile    ... finished proof: closed. 
147089     INFO  main            d.u.i.k.p.i.AbstractProblemLoader Loading environment from /home/runner/work/key/key/key.core/../key.ui/examples/standard_key/arith/jdivevenodd.key.proof 
147089     DEBUG main            d.u.i.k.p.i.AbstractProblemLoader Environment load took 120.9ns 
147091     INFO  main            d.u.i.k.p.i.AbstractProblemLoader Creating init config 
149302     DEBUG main            d.u.i.k.p.i.AbstractProblemLoader Init config took 2.21s 
149315     INFO  main            d.u.i.k.p.i.AbstractProblemLoader Replaying proof jdivevenodd.key.proof 
149331     DEBUG main            d.u.i.k.p.i.IntermediateProofReplayer Proof replay took 13.49ms 
149332     DEBUG main            d.u.i.k.p.r.p.TestFile    ... success: reloaded. 
149333     INFO  main            d.u.i.k.p.r.p.TestFile    Now processing file /home/runner/work/key/key/key.core/../key.ui/examples/standard_key/arith/median.key 
149334     INFO  main            d.u.i.k.p.i.AbstractProblemLoader Loading environment from /home/runner/work/key/key/key.core/../key.ui/examples/standard_key/arith/median.key 
149334     DEBUG main            d.u.i.k.p.i.AbstractProblemLoader Environment load took 180.8ns 
149335     INFO  main            d.u.i.k.p.i.AbstractProblemLoader Creating init config 
151574     DEBUG main            d.u.i.k.p.i.AbstractProblemLoader Init config took 2.24s 
151596     INFO  main            d.u.i.k.p.i.AbstractProblemLoader Replaying proof median.key 
151599     DEBUG main            d.u.i.k.p.i.IntermediateProofReplayer Proof replay took 6.4ns 
167006     INFO  main            d.u.i.k.p.r.p.TestFile    ... finished proof: closed. 
167315     INFO  main            d.u.i.k.p.i.AbstractProblemLoader Loading environment from /home/runner/work/key/key/key.core/../key.ui/examples/standard_key/arith/median.key.proof 
167315     DEBUG main            d.u.i.k.p.i.AbstractProblemLoader Environment load took 1.25ms 
167318     INFO  main            d.u.i.k.p.i.AbstractProblemLoader Creating init config 
169523     DEBUG main            d.u.i.k.p.i.AbstractProblemLoader Init config took 2.2s 
169537     INFO  main            d.u.i.k.p.i.AbstractProblemLoader Replaying proof median.key.proof 
170728     DEBUG main            d.u.i.k.p.i.IntermediateProofReplayer Proof replay took 1.13s 
170731     DEBUG main            d.u.i.k.p.r.p.TestFile    ... success: reloaded. 
170732     INFO  main            d.u.i.k.p.r.p.TestFile    Now processing file /home/runner/work/key/key/key.core/../key.ui/examples/standard_key/arith/mod1.key 
170732     INFO  main            d.u.i.k.p.i.AbstractProblemLoader Loading environment from /home/runner/work/key/key/key.core/../key.ui/examples/standard_key/arith/mod1.key 
170732     DEBUG main            d.u.i.k.p.i.AbstractProblemLoader Environment load took 188.5ns 
170733     INFO  main            d.u.i.k.p.i.AbstractProblemLoader Creating init config 
173025     DEBUG main            d.u.i.k.p.i.AbstractProblemLoader Init config took 2.29s 
173037     INFO  main            d.u.i.k.p.i.AbstractProblemLoader Replaying proof mod1.key 
173039     DEBUG main            d.u.i.k.p.i.IntermediateProofReplayer Proof replay took 5.5ns 
173140     INFO  main            d.u.i.k.p.r.p.TestFile    ... finished proof: closed. 
173418     INFO  main            d.u.i.k.p.i.AbstractProblemLoader Loading environment from /home/runner/work/key/key/key.core/../key.ui/examples/standard_key/arith/mod1.key.proof 
173419     DEBUG main            d.u.i.k.p.i.AbstractProblemLoader Environment load took 92.8ns 
173419     INFO  main            d.u.i.k.p.i.AbstractProblemLoader Creating init config 
175650     DEBUG main            d.u.i.k.p.i.AbstractProblemLoader Init config took 2.23s 
175663     INFO  main            d.u.i.k.p.i.AbstractProblemLoader Replaying proof mod1.key.proof 
175666     DEBUG main            d.u.i.k.p.i.IntermediateProofReplayer Proof replay took 2.16ms 
175667     DEBUG main            d.u.i.k.p.r.p.TestFile    ... success: reloaded. 
175668     INFO  main            d.u.i.k.p.r.p.TestFile    Now processing file /home/runner/work/key/key/key.core/../key.ui/examples/standard_key/arith/mod2.key 
175669     INFO  main            d.u.i.k.p.i.AbstractProblemLoader Loading environment from /home/runner/work/key/key/key.core/../key.ui/examples/standard_key/arith/mod2.key 
175669     DEBUG main            d.u.i.k.p.i.AbstractProblemLoader Environment load took 179.5ns 
175670     INFO  main            d.u.i.k.p.i.AbstractProblemLoader Creating init config 
177898     DEBUG main            d.u.i.k.p.i.AbstractProblemLoader Init config took 2.23s 
177911     INFO  main            d.u.i.k.p.i.AbstractProblemLoader Replaying proof mod2.key 
177913     DEBUG main            d.u.i.k.p.i.IntermediateProofReplayer Proof replay took 6.3ns 
178018     INFO  main            d.u.i.k.p.r.p.TestFile    ... finished proof: closed. 
178230     INFO  main            d.u.i.k.p.i.AbstractProblemLoader Loading environment from /home/runner/work/key/key/key.core/../key.ui/examples/standard_key/arith/mod2.key.proof 
178230     DEBUG main            d.u.i.k.p.i.AbstractProblemLoader Environment load took 94.5ns 
178231     INFO  main            d.u.i.k.p.i.AbstractProblemLoader Creating init config 
180434     DEBUG main            d.u.i.k.p.i.AbstractProblemLoader Init config took 2.2s 
180446     INFO  main            d.u.i.k.p.i.AbstractProblemLoader Replaying proof mod2.key.proof 
180449     DEBUG main            d.u.i.k.p.i.IntermediateProofReplayer Proof replay took 1.42ms 
180449     DEBUG main            d.u.i.k.p.r.p.TestFile    ... success: reloaded. 
180450     INFO  main            d.u.i.k.p.r.p.TestFile    Now processing file /home/runner/work/key/key/key.core/../key.ui/examples/standard_key/arith/mod7.key 
180450     INFO  main            d.u.i.k.p.i.AbstractProblemLoader Loading environment from /home/runner/work/key/key/key.core/../key.ui/examples/standard_key/arith/mod7.key 
180450     DEBUG main            d.u.i.k.p.i.AbstractProblemLoader Environment load took 89ns 
180451     INFO  main            d.u.i.k.p.i.AbstractProblemLoader Creating init config 
182701     DEBUG main            d.u.i.k.p.i.AbstractProblemLoader Init config took 2.25s 
182740     INFO  main            d.u.i.k.p.i.AbstractProblemLoader Replaying proof mod7.key 
182742     DEBUG main            d.u.i.k.p.i.IntermediateProofReplayer Proof replay took 6.6ns 
182844     INFO  main            d.u.i.k.p.r.p.TestFile    ... finished proof: closed. 
183050     INFO  main            d.u.i.k.p.i.AbstractProblemLoader Loading environment from /home/runner/work/key/key/key.core/../key.ui/examples/standard_key/arith/mod7.key.proof 
183050     DEBUG main            d.u.i.k.p.i.AbstractProblemLoader Environment load took 98.1ns 
183051     INFO  main            d.u.i.k.p.i.AbstractProblemLoader Creating init config 
185240     DEBUG main            d.u.i.k.p.i.AbstractProblemLoader Init config took 2.19s 
185255     INFO  main            d.u.i.k.p.i.AbstractProblemLoader Replaying proof mod7.key.proof 
185263     DEBUG main            d.u.i.k.p.i.IntermediateProofReplayer Proof replay took 5.37ms 
185265     DEBUG main            d.u.i.k.p.r.p.TestFile    ... success: reloaded. 
185265     INFO  main            d.u.i.k.p.r.p.TestFile    Now processing file /home/runner/work/key/key/key.core/../key.ui/examples/standard_key/arith/overflow_hija.key 
185265     INFO  main            d.u.i.k.p.i.AbstractProblemLoader Loading environment from /home/runner/work/key/key/key.core/../key.ui/examples/standard_key/arith/overflow_hija.key 
185266     DEBUG main            d.u.i.k.p.i.AbstractProblemLoader Environment load took 178.3ns 
185269     INFO  main            d.u.i.k.p.i.AbstractProblemLoader Creating init config 
187559     DEBUG main            d.u.i.k.p.i.AbstractProblemLoader Init config took 2.29s 
187575     INFO  main            d.u.i.k.p.i.AbstractProblemLoader Replaying proof overflow_hija.key 
187576     DEBUG main            d.u.i.k.p.i.IntermediateProofReplayer Proof replay took 5.6ns 
192308     INFO  main            d.u.i.k.p.r.p.TestFile    ... finished proof: closed. 
192572     INFO  main            d.u.i.k.p.i.AbstractProblemLoader Loading environment from /home/runner/work/key/key/key.core/../key.ui/examples/standard_key/arith/overflow_hija.key.proof 
192574     DEBUG main            d.u.i.k.p.i.AbstractProblemLoader Environment load took 1.81ms 
192576     INFO  main            d.u.i.k.p.i.AbstractProblemLoader Creating init config 
194795     DEBUG main            d.u.i.k.p.i.AbstractProblemLoader Init config took 2.22s 
194812     INFO  main            d.u.i.k.p.i.AbstractProblemLoader Replaying proof overflow_hija.key.proof 
195188     DEBUG main            d.u.i.k.p.i.IntermediateProofReplayer Proof replay took 365.8ms 
195190     DEBUG main            d.u.i.k.p.r.p.TestFile    ... success: reloaded. 
195191     INFO  main            d.u.i.k.p.r.p.TestFile    Now processing file /home/runner/work/key/key/key.core/../key.ui/examples/standard_key/arith/poly_division0.key 
195192     INFO  main            d.u.i.k.p.i.AbstractProblemLoader Loading environment from /home/runner/work/key/key/key.core/../key.ui/examples/standard_key/arith/poly_division0.key 
195192     DEBUG main            d.u.i.k.p.i.AbstractProblemLoader Environment load took 203.9ns 
195193     INFO  main            d.u.i.k.p.i.AbstractProblemLoader Creating init config 
197429     DEBUG main            d.u.i.k.p.i.AbstractProblemLoader Init config took 2.24s 
197441     INFO  main            d.u.i.k.p.i.AbstractProblemLoader Replaying proof poly_division0.key 
197442     DEBUG main            d.u.i.k.p.i.IntermediateProofReplayer Proof replay took 6.8ns 
197548     INFO  main            d.u.i.k.p.r.p.TestFile    ... finished proof: closed. 
197831     INFO  main            d.u.i.k.p.i.AbstractProblemLoader Loading environment from /home/runner/work/key/key/key.core/../key.ui/examples/standard_key/arith/poly_division0.key.proof 
197831     DEBUG main            d.u.i.k.p.i.AbstractProblemLoader Environment load took 104.3ns 
197832     INFO  main            d.u.i.k.p.i.AbstractProblemLoader Creating init config 
200029     DEBUG main            d.u.i.k.p.i.AbstractProblemLoader Init config took 2.2s 
200042     INFO  main            d.u.i.k.p.i.AbstractProblemLoader Replaying proof poly_division0.key.proof 
200051     DEBUG main            d.u.i.k.p.i.IntermediateProofReplayer Proof replay took 7.36ms 
200052     DEBUG main            d.u.i.k.p.r.p.TestFile    ... success: reloaded. 
200052     INFO  main            d.u.i.k.p.r.p.TestFile    Now processing file /home/runner/work/key/key/key.core/../key.ui/examples/standard_key/arith/poly_division1.key 
200052     INFO  main            d.u.i.k.p.i.AbstractProblemLoader Loading environment from /home/runner/work/key/key/key.core/../key.ui/examples/standard_key/arith/poly_division1.key 
200052     DEBUG main            d.u.i.k.p.i.AbstractProblemLoader Environment load took 61.5ns 
200053     INFO  main            d.u.i.k.p.i.AbstractProblemLoader Creating init config 
202266     DEBUG main            d.u.i.k.p.i.AbstractProblemLoader Init config took 2.21s 
202278     INFO  main            d.u.i.k.p.i.AbstractProblemLoader Replaying proof poly_division1.key 
202279     DEBUG main            d.u.i.k.p.i.IntermediateProofReplayer Proof replay took 6.4ns 
202381     INFO  main            d.u.i.k.p.r.p.TestFile    ... finished proof: closed. 
202615     INFO  main            d.u.i.k.p.i.AbstractProblemLoader Loading environment from /home/runner/work/key/key/key.core/../key.ui/examples/standard_key/arith/poly_division1.key.proof 
202616     DEBUG main            d.u.i.k.p.i.AbstractProblemLoader Environment load took 102.6ns 
202617     INFO  main            d.u.i.k.p.i.AbstractProblemLoader Creating init config 
204811     DEBUG main            d.u.i.k.p.i.AbstractProblemLoader Init config took 2.19s 
204823     INFO  main            d.u.i.k.p.i.AbstractProblemLoader Replaying proof poly_division1.key.proof 
204830     DEBUG main            d.u.i.k.p.i.IntermediateProofReplayer Proof replay took 5.57ms 
204831     DEBUG main            d.u.i.k.p.r.p.TestFile    ... success: reloaded. 
204832     INFO  main            d.u.i.k.p.r.p.TestFile    Now processing file /home/runner/work/key/key/key.core/../key.ui/examples/standard_key/inEqSimp/division.key 
204832     INFO  main            d.u.i.k.p.i.AbstractProblemLoader Loading environment from /home/runner/work/key/key/key.core/../key.ui/examples/standard_key/inEqSimp/division.key 
204832     DEBUG main            d.u.i.k.p.i.AbstractProblemLoader Environment load took 88.3ns 
204833     INFO  main            d.u.i.k.p.i.AbstractProblemLoader Creating init config 
207075     DEBUG main            d.u.i.k.p.i.AbstractProblemLoader Init config took 2.24s 
207088     INFO  main            d.u.i.k.p.i.AbstractProblemLoader Replaying proof division.key 
207089     DEBUG main            d.u.i.k.p.i.IntermediateProofReplayer Proof replay took 6.1ns 
209123     INFO  main            d.u.i.k.p.r.p.TestFile    ... finished proof: closed. 
209377     INFO  main            d.u.i.k.p.i.AbstractProblemLoader Loading environment from /home/runner/work/key/key/key.core/../key.ui/examples/standard_key/inEqSimp/division.key.proof 
209377     DEBUG main            d.u.i.k.p.i.AbstractProblemLoader Environment load took 363.9ns 
209379     INFO  main            d.u.i.k.p.i.AbstractProblemLoader Creating init config 
211570     DEBUG main            d.u.i.k.p.i.AbstractProblemLoader Init config took 2.19s 
211583     INFO  main            d.u.i.k.p.i.AbstractProblemLoader Replaying proof division.key.proof 
211653     DEBUG main            d.u.i.k.p.i.IntermediateProofReplayer Proof replay took 63.23ms 
211654     DEBUG main            d.u.i.k.p.r.p.TestFile    ... success: reloaded. 
211655     INFO  main            d.u.i.k.p.r.p.TestFile    Now processing file /home/runner/work/key/key/key.core/../key.ui/examples/standard_key/inEqSimp/inequations0.key 
211656     INFO  main            d.u.i.k.p.i.AbstractProblemLoader Loading environment from /home/runner/work/key/key/key.core/../key.ui/examples/standard_key/inEqSimp/inequations0.key 
211656     DEBUG main            d.u.i.k.p.i.AbstractProblemLoader Environment load took 172.7ns 
211657     INFO  main            d.u.i.k.p.i.AbstractProblemLoader Creating init config 
213900     DEBUG main            d.u.i.k.p.i.AbstractProblemLoader Init config took 2.24s 
213911     INFO  main            d.u.i.k.p.i.AbstractProblemLoader Replaying proof inequations0.key 
213913     DEBUG main            d.u.i.k.p.i.IntermediateProofReplayer Proof replay took 39.4ns 
214014     INFO  main            d.u.i.k.p.r.p.TestFile    ... finished proof: closed. 
214279     INFO  main            d.u.i.k.p.i.AbstractProblemLoader Loading environment from /home/runner/work/key/key/key.core/../key.ui/examples/standard_key/inEqSimp/inequations0.key.proof 
214279     DEBUG main            d.u.i.k.p.i.AbstractProblemLoader Environment load took 93.3ns 
214280     INFO  main            d.u.i.k.p.i.AbstractProblemLoader Creating init config 
216451     DEBUG main            d.u.i.k.p.i.AbstractProblemLoader Init config took 2.17s 
216463     INFO  main            d.u.i.k.p.i.AbstractProblemLoader Replaying proof inequations0.key.proof 
216467     DEBUG main            d.u.i.k.p.i.IntermediateProofReplayer Proof replay took 2.02ms 
216468     DEBUG main            d.u.i.k.p.r.p.TestFile    ... success: reloaded. 
216468     INFO  main            d.u.i.k.p.r.p.TestFile    Now processing file /home/runner/work/key/key/key.core/../key.ui/examples/standard_key/inEqSimp/inequations1.key 
216468     INFO  main            d.u.i.k.p.i.AbstractProblemLoader Loading environment from /home/runner/work/key/key/key.core/../key.ui/examples/standard_key/inEqSimp/inequations1.key 
216468     DEBUG main            d.u.i.k.p.i.AbstractProblemLoader Environment load took 76.3ns 
216469     INFO  main            d.u.i.k.p.i.AbstractProblemLoader Creating init config 
218705     DEBUG main            d.u.i.k.p.i.AbstractProblemLoader Init config took 2.24s 
218717     INFO  main            d.u.i.k.p.i.AbstractProblemLoader Replaying proof inequations1.key 
218718     DEBUG main            d.u.i.k.p.i.IntermediateProofReplayer Proof replay took 2.4ns 
218820     INFO  main            d.u.i.k.p.r.p.TestFile    ... finished proof: closed. 
219063     INFO  main            d.u.i.k.p.i.AbstractProblemLoader Loading environment from /home/runner/work/key/key/key.core/../key.ui/examples/standard_key/inEqSimp/inequations1.key.proof 
219063     DEBUG main            d.u.i.k.p.i.AbstractProblemLoader Environment load took 85.4ns 
219064     INFO  main            d.u.i.k.p.i.AbstractProblemLoader Creating init config 
221283     DEBUG main            d.u.i.k.p.i.AbstractProblemLoader Init config took 2.22s 
221296     INFO  main            d.u.i.k.p.i.AbstractProblemLoader Replaying proof inequations1.key.proof 
221298     DEBUG main            d.u.i.k.p.i.IntermediateProofReplayer Proof replay took 1.19ms 
221299     DEBUG main            d.u.i.k.p.r.p.TestFile    ... success: reloaded. 
221299     INFO  main            d.u.i.k.p.r.p.TestFile    Now processing file /home/runner/work/key/key/key.core/../key.ui/examples/standard_key/inEqSimp/inequations2.key 
221299     INFO  main            d.u.i.k.p.i.AbstractProblemLoader Loading environment from /home/runner/work/key/key/key.core/../key.ui/examples/standard_key/inEqSimp/inequations2.key 
221299     DEBUG main            d.u.i.k.p.i.AbstractProblemLoader Environment load took 46.3ns 
221300     INFO  main            d.u.i.k.p.i.AbstractProblemLoader Creating init config 
223554     DEBUG main            d.u.i.k.p.i.AbstractProblemLoader Init config took 2.25s 
223566     INFO  main            d.u.i.k.p.i.AbstractProblemLoader Replaying proof inequations2.key 
223567     DEBUG main            d.u.i.k.p.i.IntermediateProofReplayer Proof replay took 2.8ns 
223668     INFO  main            d.u.i.k.p.r.p.TestFile    ... finished proof: closed. 
223923     INFO  main            d.u.i.k.p.i.AbstractProblemLoader Loading environment from /home/runner/work/key/key/key.core/../key.ui/examples/standard_key/inEqSimp/inequations2.key.proof 
223923     DEBUG main            d.u.i.k.p.i.AbstractProblemLoader Environment load took 89.4ns 
223924     INFO  main            d.u.i.k.p.i.AbstractProblemLoader Creating init config 
226101     DEBUG main            d.u.i.k.p.i.AbstractProblemLoader Init config took 2.18s 
226113     INFO  main            d.u.i.k.p.i.AbstractProblemLoader Replaying proof inequations2.key.proof 
226116     DEBUG main            d.u.i.k.p.i.IntermediateProofReplayer Proof replay took 1.35ms 
226117     DEBUG main            d.u.i.k.p.r.p.TestFile    ... success: reloaded. 
226117     INFO  main            d.u.i.k.p.r.p.TestFile    Now processing file /home/runner/work/key/key/key.core/../key.ui/examples/standard_key/inEqSimp/linApprox.key 
226118     INFO  main            d.u.i.k.p.i.AbstractProblemLoader Loading environment from /home/runner/work/key/key/key.core/../key.ui/examples/standard_key/inEqSimp/linApprox.key 
226118     DEBUG main            d.u.i.k.p.i.AbstractProblemLoader Environment load took 170.1ns 
226119     INFO  main            d.u.i.k.p.i.AbstractProblemLoader Creating init config 
228369     DEBUG main            d.u.i.k.p.i.AbstractProblemLoader Init config took 2.25s 
228382     INFO  main            d.u.i.k.p.i.AbstractProblemLoader Replaying proof linApprox.key 
228384     DEBUG main            d.u.i.k.p.i.IntermediateProofReplayer Proof replay took 2.6ns 
228485     INFO  main            d.u.i.k.p.r.p.TestFile    ... finished proof: closed. 
228742     INFO  main            d.u.i.k.p.i.AbstractProblemLoader Loading environment from /home/runner/work/key/key/key.core/../key.ui/examples/standard_key/inEqSimp/linApprox.key.proof 
228742     DEBUG main            d.u.i.k.p.i.AbstractProblemLoader Environment load took 93.2ns 
228743     INFO  main            d.u.i.k.p.i.AbstractProblemLoader Creating init config 
230917     DEBUG main            d.u.i.k.p.i.AbstractProblemLoader Init config took 2.17s 
230929     INFO  main            d.u.i.k.p.i.AbstractProblemLoader Replaying proof linApprox.key.proof 
230933     DEBUG main            d.u.i.k.p.i.IntermediateProofReplayer Proof replay took 2.43ms 
230933     DEBUG main            d.u.i.k.p.r.p.TestFile    ... success: reloaded. 
230934     INFO  main            d.u.i.k.p.r.p.TestFile    Now processing file /home/runner/work/key/key/key.core/../key.ui/examples/standard_key/inEqSimp/nonLinInEqExample0.key 
230934     INFO  main            d.u.i.k.p.i.AbstractProblemLoader Loading environment from /home/runner/work/key/key/key.core/../key.ui/examples/standard_key/inEqSimp/nonLinInEqExample0.key 
230934     DEBUG main            d.u.i.k.p.i.AbstractProblemLoader Environment load took 55.4ns 
230935     INFO  main            d.u.i.k.p.i.AbstractProblemLoader Creating init config 
233148     DEBUG main            d.u.i.k.p.i.AbstractProblemLoader Init config took 2.21s 
233160     INFO  main            d.u.i.k.p.i.AbstractProblemLoader Replaying proof nonLinInEqExample0.key 
233161     DEBUG main            d.u.i.k.p.i.IntermediateProofReplayer Proof replay took 2.5ns 
233262     INFO  main            d.u.i.k.p.r.p.TestFile    ... finished proof: closed. 
233521     INFO  main            d.u.i.k.p.i.AbstractProblemLoader Loading environment from /home/runner/work/key/key/key.core/../key.ui/examples/standard_key/inEqSimp/nonLinInEqExample0.key.proof 
233521     DEBUG main            d.u.i.k.p.i.AbstractProblemLoader Environment load took 112.8ns 
233522     INFO  main            d.u.i.k.p.i.AbstractProblemLoader Creating init config 
235698     DEBUG main            d.u.i.k.p.i.AbstractProblemLoader Init config took 2.18s 
235710     INFO  main            d.u.i.k.p.i.AbstractProblemLoader Replaying proof nonLinInEqExample0.key.proof 
235712     DEBUG main            d.u.i.k.p.i.IntermediateProofReplayer Proof replay took 839.29ns 
235713     DEBUG main            d.u.i.k.p.r.p.TestFile    ... success: reloaded. 
235714     INFO  main            d.u.i.k.p.r.p.TestFile    Now processing file /home/runner/work/key/key/key.core/../key.ui/examples/standard_key/inEqSimp/nonLinInEqExample2.key 
235714     INFO  main            d.u.i.k.p.i.AbstractProblemLoader Loading environment from /home/runner/work/key/key/key.core/../key.ui/examples/standard_key/inEqSimp/nonLinInEqExample2.key 
235714     DEBUG main            d.u.i.k.p.i.AbstractProblemLoader Environment load took 95.9ns 
235715     INFO  main            d.u.i.k.p.i.AbstractProblemLoader Creating init config 
237943     DEBUG main            d.u.i.k.p.i.AbstractProblemLoader Init config took 2.23s 
237956     INFO  main            d.u.i.k.p.i.AbstractProblemLoader Replaying proof nonLinInEqExample2.key 
237957     DEBUG main            d.u.i.k.p.i.IntermediateProofReplayer Proof replay took 2.3ns 
238263     INFO  main            d.u.i.k.p.r.p.TestFile    ... finished proof: closed. 
238527     INFO  main            d.u.i.k.p.i.AbstractProblemLoader Loading environment from /home/runner/work/key/key/key.core/../key.ui/examples/standard_key/inEqSimp/nonLinInEqExample2.key.proof 
238527     DEBUG main            d.u.i.k.p.i.AbstractProblemLoader Environment load took 91.7ns 
238528     INFO  main            d.u.i.k.p.i.AbstractProblemLoader Creating init config 
240708     DEBUG main            d.u.i.k.p.i.AbstractProblemLoader Init config took 2.18s 
240720     INFO  main            d.u.i.k.p.i.AbstractProblemLoader Replaying proof nonLinInEqExample2.key.proof 
240758     DEBUG main            d.u.i.k.p.i.IntermediateProofReplayer Proof replay took 24.2ms 
240758     DEBUG main            d.u.i.k.p.r.p.TestFile    ... success: reloaded. 
240759     INFO  main            d.u.i.k.p.r.p.TestFile    Now processing file /home/runner/work/key/key/key.core/../key.ui/examples/standard_key/inEqSimp/nonLinInEqExample3.key 
240759     INFO  main            d.u.i.k.p.i.AbstractProblemLoader Loading environment from /home/runner/work/key/key/key.core/../key.ui/examples/standard_key/inEqSimp/nonLinInEqExample3.key 
240759     DEBUG main            d.u.i.k.p.i.AbstractProblemLoader Environment load took 49.8ns 
240760     INFO  main            d.u.i.k.p.i.AbstractProblemLoader Creating init config 
242996     DEBUG main            d.u.i.k.p.i.AbstractProblemLoader Init config took 2.24s 
243008     INFO  main            d.u.i.k.p.i.AbstractProblemLoader Replaying proof nonLinInEqExample3.key 
243009     DEBUG main            d.u.i.k.p.i.IntermediateProofReplayer Proof replay took 2.8ns 
243211     INFO  main            d.u.i.k.p.r.p.TestFile    ... finished proof: closed. 
243498     INFO  main            d.u.i.k.p.i.AbstractProblemLoader Loading environment from /home/runner/work/key/key/key.core/../key.ui/examples/standard_key/inEqSimp/nonLinInEqExample3.key.proof 
243498     DEBUG main            d.u.i.k.p.i.AbstractProblemLoader Environment load took 86.2ns 
243499     INFO  main            d.u.i.k.p.i.AbstractProblemLoader Creating init config 
245682     DEBUG main            d.u.i.k.p.i.AbstractProblemLoader Init config took 2.18s 
245694     INFO  main            d.u.i.k.p.i.AbstractProblemLoader Replaying proof nonLinInEqExample3.key.proof 
245712     DEBUG main            d.u.i.k.p.i.IntermediateProofReplayer Proof replay took 14.97ms 
245713     DEBUG main            d.u.i.k.p.r.p.TestFile    ... success: reloaded. 
245713     INFO  main            d.u.i.k.p.r.p.TestFile    Now processing file /home/runner/work/key/key/key.core/../key.ui/examples/standard_key/inEqSimp/nonLinInEqExample4.key 
245714     INFO  main            d.u.i.k.p.i.AbstractProblemLoader Loading environment from /home/runner/work/key/key/key.core/../key.ui/examples/standard_key/inEqSimp/nonLinInEqExample4.key 
245714     DEBUG main            d.u.i.k.p.i.AbstractProblemLoader Environment load took 83ns 
245715     INFO  main            d.u.i.k.p.i.AbstractProblemLoader Creating init config 
247951     DEBUG main            d.u.i.k.p.i.AbstractProblemLoader Init config took 2.24s 
247963     INFO  main            d.u.i.k.p.i.AbstractProblemLoader Replaying proof nonLinInEqExample4.key 
247964     DEBUG main            d.u.i.k.p.i.IntermediateProofReplayer Proof replay took 2.5ns 
248067     INFO  main            d.u.i.k.p.r.p.TestFile    ... finished proof: closed. 
248357     INFO  main            d.u.i.k.p.i.AbstractProblemLoader Loading environment from /home/runner/work/key/key/key.core/../key.ui/examples/standard_key/inEqSimp/nonLinInEqExample4.key.proof 
248357     DEBUG main            d.u.i.k.p.i.AbstractProblemLoader Environment load took 91ns 
248358     INFO  main            d.u.i.k.p.i.AbstractProblemLoader Creating init config 
250534     DEBUG main            d.u.i.k.p.i.AbstractProblemLoader Init config took 2.18s 
250546     INFO  main            d.u.i.k.p.i.AbstractProblemLoader Replaying proof nonLinInEqExample4.key.proof 
250550     DEBUG main            d.u.i.k.p.i.IntermediateProofReplayer Proof replay took 3.16ms 
250551     DEBUG main            d.u.i.k.p.r.p.TestFile    ... success: reloaded. 
250552     INFO  main            d.u.i.k.p.r.p.TestFile    Now processing file /home/runner/work/key/key/key.core/../key.ui/examples/standard_key/inEqSimp/quadraticInEq.key 
250552     INFO  main            d.u.i.k.p.i.AbstractProblemLoader Loading environment from /home/runner/work/key/key/key.core/../key.ui/examples/standard_key/inEqSimp/quadraticInEq.key 
250552     DEBUG main            d.u.i.k.p.i.AbstractProblemLoader Environment load took 61.3ns 
250553     INFO  main            d.u.i.k.p.i.AbstractProblemLoader Creating init config 
252772     DEBUG main            d.u.i.k.p.i.AbstractProblemLoader Init config took 2.22s 
252784     INFO  main            d.u.i.k.p.i.AbstractProblemLoader Replaying proof quadraticInEq.key 
252785     DEBUG main            d.u.i.k.p.i.IntermediateProofReplayer Proof replay took 2.3ns 
253089     INFO  main            d.u.i.k.p.r.p.TestFile    ... finished proof: closed. 
253371     INFO  main            d.u.i.k.p.i.AbstractProblemLoader Loading environment from /home/runner/work/key/key/key.core/../key.ui/examples/standard_key/inEqSimp/quadraticInEq.key.proof 
253371     DEBUG main            d.u.i.k.p.i.AbstractProblemLoader Environment load took 96.9ns 
253372     INFO  main            d.u.i.k.p.i.AbstractProblemLoader Creating init config 
255551     DEBUG main            d.u.i.k.p.i.AbstractProblemLoader Init config took 2.18s 
255564     INFO  main            d.u.i.k.p.i.AbstractProblemLoader Replaying proof quadraticInEq.key.proof 
255599     DEBUG main            d.u.i.k.p.i.IntermediateProofReplayer Proof replay took 31.7ms 
255601     DEBUG main            d.u.i.k.p.r.p.TestFile    ... success: reloaded. 
255601     INFO  main            d.u.i.k.p.r.p.TestFile    Now processing file /home/runner/work/key/key/key.core/../key.ui/examples/standard_key/inEqSimp/quadraticInEq10.key 
255602     INFO  main            d.u.i.k.p.i.AbstractProblemLoader Loading environment from /home/runner/work/key/key/key.core/../key.ui/examples/standard_key/inEqSimp/quadraticInEq10.key 
255602     DEBUG main            d.u.i.k.p.i.AbstractProblemLoader Environment load took 81.6ns 
255605     INFO  main            d.u.i.k.p.i.AbstractProblemLoader Creating init config 
257811     DEBUG main            d.u.i.k.p.i.AbstractProblemLoader Init config took 2.21s 
257823     INFO  main            d.u.i.k.p.i.AbstractProblemLoader Replaying proof quadraticInEq10.key 
257825     DEBUG main            d.u.i.k.p.i.IntermediateProofReplayer Proof replay took 2.1ns 
258027     INFO  main            d.u.i.k.p.r.p.TestFile    ... finished proof: closed. 
258336     INFO  main            d.u.i.k.p.i.AbstractProblemLoader Loading environment from /home/runner/work/key/key/key.core/../key.ui/examples/standard_key/inEqSimp/quadraticInEq10.key.proof 
258336     DEBUG main            d.u.i.k.p.i.AbstractProblemLoader Environment load took 92.1ns 
258337     INFO  main            d.u.i.k.p.i.AbstractProblemLoader Creating init config 
260516     DEBUG main            d.u.i.k.p.i.AbstractProblemLoader Init config took 2.18s 
260528     INFO  main            d.u.i.k.p.i.AbstractProblemLoader Replaying proof quadraticInEq10.key.proof 
260542     DEBUG main            d.u.i.k.p.i.IntermediateProofReplayer Proof replay took 11.52ms 
260543     DEBUG main            d.u.i.k.p.r.p.TestFile    ... success: reloaded. 
260543     INFO  main            d.u.i.k.p.r.p.TestFile    Now processing file /home/runner/work/key/key/key.core/../key.ui/examples/standard_key/inEqSimp/quadraticInEq13.key 
260544     INFO  main            d.u.i.k.p.i.AbstractProblemLoader Loading environment from /home/runner/work/key/key/key.core/../key.ui/examples/standard_key/inEqSimp/quadraticInEq13.key 
260544     DEBUG main            d.u.i.k.p.i.AbstractProblemLoader Environment load took 75.3ns 
260545     INFO  main            d.u.i.k.p.i.AbstractProblemLoader Creating init config 
262758     DEBUG main            d.u.i.k.p.i.AbstractProblemLoader Init config took 2.21s 
262770     INFO  main            d.u.i.k.p.i.AbstractProblemLoader Replaying proof quadraticInEq13.key 
262772     DEBUG main            d.u.i.k.p.i.IntermediateProofReplayer Proof replay took 2.1ns 
262974     INFO  main            d.u.i.k.p.r.p.TestFile    ... finished proof: closed. 
263271     INFO  main            d.u.i.k.p.i.AbstractProblemLoader Loading environment from /home/runner/work/key/key/key.core/../key.ui/examples/standard_key/inEqSimp/quadraticInEq13.key.proof 
263272     DEBUG main            d.u.i.k.p.i.AbstractProblemLoader Environment load took 92ns 
263273     INFO  main            d.u.i.k.p.i.AbstractProblemLoader Creating init config 
265448     DEBUG main            d.u.i.k.p.i.AbstractProblemLoader Init config took 2.18s 
265460     INFO  main            d.u.i.k.p.i.AbstractProblemLoader Replaying proof quadraticInEq13.key.proof 
265477     DEBUG main            d.u.i.k.p.i.IntermediateProofReplayer Proof replay took 14.89ms 
265478     DEBUG main            d.u.i.k.p.r.p.TestFile    ... success: reloaded. 
265479     INFO  main            d.u.i.k.p.r.p.TestFile    Now processing file /home/runner/work/key/key/key.core/../key.ui/examples/standard_key/inEqSimp/quadraticInEq14.key 
265479     INFO  main            d.u.i.k.p.i.AbstractProblemLoader Loading environment from /home/runner/work/key/key/key.core/../key.ui/examples/standard_key/inEqSimp/quadraticInEq14.key 
265479     DEBUG main            d.u.i.k.p.i.AbstractProblemLoader Environment load took 46.3ns 
265480     INFO  main            d.u.i.k.p.i.AbstractProblemLoader Creating init config 
267695     DEBUG main            d.u.i.k.p.i.AbstractProblemLoader Init config took 2.22s 
267707     INFO  main            d.u.i.k.p.i.AbstractProblemLoader Replaying proof quadraticInEq14.key 
267709     DEBUG main            d.u.i.k.p.i.IntermediateProofReplayer Proof replay took 2.7ns 
268012     INFO  main            d.u.i.k.p.r.p.TestFile    ... finished proof: closed. 
268334     INFO  main            d.u.i.k.p.i.AbstractProblemLoader Loading environment from /home/runner/work/key/key/key.core/../key.ui/examples/standard_key/inEqSimp/quadraticInEq14.key.proof 
268334     DEBUG main            d.u.i.k.p.i.AbstractProblemLoader Environment load took 88.7ns 
268335     INFO  main            d.u.i.k.p.i.AbstractProblemLoader Creating init config 
270509     DEBUG main            d.u.i.k.p.i.AbstractProblemLoader Init config took 2.17s 
270521     INFO  main            d.u.i.k.p.i.AbstractProblemLoader Replaying proof quadraticInEq14.key.proof 
270541     DEBUG main            d.u.i.k.p.i.IntermediateProofReplayer Proof replay took 17.89ms 
270542     DEBUG main            d.u.i.k.p.r.p.TestFile    ... success: reloaded. 
270543     INFO  main            d.u.i.k.p.r.p.TestFile    Now processing file /home/runner/work/key/key/key.core/../key.ui/examples/standard_key/inEqSimp/quadraticInEq2.key 
270543     INFO  main            d.u.i.k.p.i.AbstractProblemLoader Loading environment from /home/runner/work/key/key/key.core/../key.ui/examples/standard_key/inEqSimp/quadraticInEq2.key 
270543     DEBUG main            d.u.i.k.p.i.AbstractProblemLoader Environment load took 62.1ns 
270544     INFO  main            d.u.i.k.p.i.AbstractProblemLoader Creating init config 
272762     DEBUG main            d.u.i.k.p.i.AbstractProblemLoader Init config took 2.22s 
272774     INFO  main            d.u.i.k.p.i.AbstractProblemLoader Replaying proof quadraticInEq2.key 
272775     DEBUG main            d.u.i.k.p.i.IntermediateProofReplayer Proof replay took 2.1ns 
272878     INFO  main            d.u.i.k.p.r.p.TestFile    ... finished proof: closed. 
273192     INFO  main            d.u.i.k.p.i.AbstractProblemLoader Loading environment from /home/runner/work/key/key/key.core/../key.ui/examples/standard_key/inEqSimp/quadraticInEq2.key.proof 
273192     DEBUG main            d.u.i.k.p.i.AbstractProblemLoader Environment load took 85ns 
273193     INFO  main            d.u.i.k.p.i.AbstractProblemLoader Creating init config 
275364     DEBUG main            d.u.i.k.p.i.AbstractProblemLoader Init config took 2.17s 
275376     INFO  main            d.u.i.k.p.i.AbstractProblemLoader Replaying proof quadraticInEq2.key.proof 
275379     DEBUG main            d.u.i.k.p.i.IntermediateProofReplayer Proof replay took 1.91ms 
275379     DEBUG main            d.u.i.k.p.r.p.TestFile    ... success: reloaded. 
275380     INFO  main            d.u.i.k.p.r.p.TestFile    Now processing file /home/runner/work/key/key/key.core/../key.ui/examples/standard_key/inEqSimp/quadraticInEq3.key 
275380     INFO  main            d.u.i.k.p.i.AbstractProblemLoader Loading environment from /home/runner/work/key/key/key.core/../key.ui/examples/standard_key/inEqSimp/quadraticInEq3.key 
275380     DEBUG main            d.u.i.k.p.i.AbstractProblemLoader Environment load took 43.9ns 
275381     INFO  main            d.u.i.k.p.i.AbstractProblemLoader Creating init config 
277595     DEBUG main            d.u.i.k.p.i.AbstractProblemLoader Init config took 2.21s 
277607     INFO  main            d.u.i.k.p.i.AbstractProblemLoader Replaying proof quadraticInEq3.key 
277608     DEBUG main            d.u.i.k.p.i.IntermediateProofReplayer Proof replay took 2.1ns 
277710     INFO  main            d.u.i.k.p.r.p.TestFile    ... finished proof: closed. 
278023     INFO  main            d.u.i.k.p.i.AbstractProblemLoader Loading environment from /home/runner/work/key/key/key.core/../key.ui/examples/standard_key/inEqSimp/quadraticInEq3.key.proof 
278023     DEBUG main            d.u.i.k.p.i.AbstractProblemLoader Environment load took 84ns 
278023     INFO  main            d.u.i.k.p.i.AbstractProblemLoader Creating init config 
280194     DEBUG main            d.u.i.k.p.i.AbstractProblemLoader Init config took 2.17s 
280205     INFO  main            d.u.i.k.p.i.AbstractProblemLoader Replaying proof quadraticInEq3.key.proof 
280211     DEBUG main            d.u.i.k.p.i.IntermediateProofReplayer Proof replay took 4.59ms 
280212     DEBUG main            d.u.i.k.p.r.p.TestFile    ... success: reloaded. 
280213     INFO  main            d.u.i.k.p.r.p.TestFile    Now processing file /home/runner/work/key/key/key.core/../key.ui/examples/standard_key/inEqSimp/quadraticInEq4.key 
280213     INFO  main            d.u.i.k.p.i.AbstractProblemLoader Loading environment from /home/runner/work/key/key/key.core/../key.ui/examples/standard_key/inEqSimp/quadraticInEq4.key 
280213     DEBUG main            d.u.i.k.p.i.AbstractProblemLoader Environment load took 70ns 
280214     INFO  main            d.u.i.k.p.i.AbstractProblemLoader Creating init config 
282424     DEBUG main            d.u.i.k.p.i.AbstractProblemLoader Init config took 2.21s 
282437     INFO  main            d.u.i.k.p.i.AbstractProblemLoader Replaying proof quadraticInEq4.key 
282438     DEBUG main            d.u.i.k.p.i.IntermediateProofReplayer Proof replay took 2.2ns 
282540     INFO  main            d.u.i.k.p.r.p.TestFile    ... finished proof: closed. 
282849     INFO  main            d.u.i.k.p.i.AbstractProblemLoader Loading environment from /home/runner/work/key/key/key.core/../key.ui/examples/standard_key/inEqSimp/quadraticInEq4.key.proof 
282850     DEBUG main            d.u.i.k.p.i.AbstractProblemLoader Environment load took 80.4ns 
282851     INFO  main            d.u.i.k.p.i.AbstractProblemLoader Creating init config 
285018     DEBUG main            d.u.i.k.p.i.AbstractProblemLoader Init config took 2.17s 
285030     INFO  main            d.u.i.k.p.i.AbstractProblemLoader Replaying proof quadraticInEq4.key.proof 
285037     DEBUG main            d.u.i.k.p.i.IntermediateProofReplayer Proof replay took 4.04ms 
285038     DEBUG main            d.u.i.k.p.r.p.TestFile    ... success: reloaded. 
285039     INFO  main            d.u.i.k.p.r.p.TestFile    Now processing file /home/runner/work/key/key/key.core/../key.ui/examples/standard_key/inEqSimp/quadraticInEq5.key 
285039     INFO  main            d.u.i.k.p.i.AbstractProblemLoader Loading environment from /home/runner/work/key/key/key.core/../key.ui/examples/standard_key/inEqSimp/quadraticInEq5.key 
285039     DEBUG main            d.u.i.k.p.i.AbstractProblemLoader Environment load took 170.3ns 
285040     INFO  main            d.u.i.k.p.i.AbstractProblemLoader Creating init config 
287253     DEBUG main            d.u.i.k.p.i.AbstractProblemLoader Init config took 2.21s 
287265     INFO  main            d.u.i.k.p.i.AbstractProblemLoader Replaying proof quadraticInEq5.key 
287266     DEBUG main            d.u.i.k.p.i.IntermediateProofReplayer Proof replay took 3.1ns 
287367     INFO  main            d.u.i.k.p.r.p.TestFile    ... finished proof: closed. 
287677     INFO  main            d.u.i.k.p.i.AbstractProblemLoader Loading environment from /home/runner/work/key/key/key.core/../key.ui/examples/standard_key/inEqSimp/quadraticInEq5.key.proof 
287677     DEBUG main            d.u.i.k.p.i.AbstractProblemLoader Environment load took 76.6ns 
287679     INFO  main            d.u.i.k.p.i.AbstractProblemLoader Creating init config 
289895     DEBUG main            d.u.i.k.p.i.AbstractProblemLoader Init config took 2.22s 
289907     INFO  main            d.u.i.k.p.i.AbstractProblemLoader Replaying proof quadraticInEq5.key.proof 
289912     DEBUG main            d.u.i.k.p.i.IntermediateProofReplayer Proof replay took 3.83ms 
289913     DEBUG main            d.u.i.k.p.r.p.TestFile    ... success: reloaded. 
289913     INFO  main            d.u.i.k.p.r.p.TestFile    Now processing file /home/runner/work/key/key/key.core/../key.ui/examples/standard_key/inEqSimp/quadraticInEq6.key 
289914     INFO  main            d.u.i.k.p.i.AbstractProblemLoader Loading environment from /home/runner/work/key/key/key.core/../key.ui/examples/standard_key/inEqSimp/quadraticInEq6.key 
289914     DEBUG main            d.u.i.k.p.i.AbstractProblemLoader Environment load took 77ns 
289915     INFO  main            d.u.i.k.p.i.AbstractProblemLoader Creating init config 
292130     DEBUG main            d.u.i.k.p.i.AbstractProblemLoader Init config took 2.22s 
292142     INFO  main            d.u.i.k.p.i.AbstractProblemLoader Replaying proof quadraticInEq6.key 
292144     DEBUG main            d.u.i.k.p.i.IntermediateProofReplayer Proof replay took 2.5ns 
292245     INFO  main            d.u.i.k.p.r.p.TestFile    ... finished proof: closed. 
292559     INFO  main            d.u.i.k.p.i.AbstractProblemLoader Loading environment from /home/runner/work/key/key/key.core/../key.ui/examples/standard_key/inEqSimp/quadraticInEq6.key.proof 
292559     DEBUG main            d.u.i.k.p.i.AbstractProblemLoader Environment load took 84.9ns 
292560     INFO  main            d.u.i.k.p.i.AbstractProblemLoader Creating init config 
294733     DEBUG main            d.u.i.k.p.i.AbstractProblemLoader Init config took 2.17s 
294745     INFO  main            d.u.i.k.p.i.AbstractProblemLoader Replaying proof quadraticInEq6.key.proof 
294750     DEBUG main            d.u.i.k.p.i.IntermediateProofReplayer Proof replay took 3.44ms 
294750     DEBUG main            d.u.i.k.p.r.p.TestFile    ... success: reloaded. 
294751     INFO  main            d.u.i.k.p.r.p.TestFile    Now processing file /home/runner/work/key/key/key.core/../key.ui/examples/standard_key/inEqSimp/quadraticInEq7.key 
294751     INFO  main            d.u.i.k.p.i.AbstractProblemLoader Loading environment from /home/runner/work/key/key/key.core/../key.ui/examples/standard_key/inEqSimp/quadraticInEq7.key 
294751     DEBUG main            d.u.i.k.p.i.AbstractProblemLoader Environment load took 46.2ns 
294752     INFO  main            d.u.i.k.p.i.AbstractProblemLoader Creating init config 
296966     DEBUG main            d.u.i.k.p.i.AbstractProblemLoader Init config took 2.21s 
296978     INFO  main            d.u.i.k.p.i.AbstractProblemLoader Replaying proof quadraticInEq7.key 
296980     DEBUG main            d.u.i.k.p.i.IntermediateProofReplayer Proof replay took 2.3ns 
297081     INFO  main            d.u.i.k.p.r.p.TestFile    ... finished proof: closed. 
297425     INFO  main            d.u.i.k.p.i.AbstractProblemLoader Loading environment from /home/runner/work/key/key/key.core/../key.ui/examples/standard_key/inEqSimp/quadraticInEq7.key.proof 
297426     DEBUG main            d.u.i.k.p.i.AbstractProblemLoader Environment load took 82ns 
297426     INFO  main            d.u.i.k.p.i.AbstractProblemLoader Creating init config 
299635     DEBUG main            d.u.i.k.p.i.AbstractProblemLoader Init config took 2.21s 
299647     INFO  main            d.u.i.k.p.i.AbstractProblemLoader Replaying proof quadraticInEq7.key.proof 
299650     DEBUG main            d.u.i.k.p.i.IntermediateProofReplayer Proof replay took 2.07ms 
299651     DEBUG main            d.u.i.k.p.r.p.TestFile    ... success: reloaded. 
299651     INFO  main            d.u.i.k.p.r.p.TestFile    Now processing file /home/runner/work/key/key/key.core/../key.ui/examples/standard_key/inEqSimp/quadraticInEq8.key 
299652     INFO  main            d.u.i.k.p.i.AbstractProblemLoader Loading environment from /home/runner/work/key/key/key.core/../key.ui/examples/standard_key/inEqSimp/quadraticInEq8.key 
299652     DEBUG main            d.u.i.k.p.i.AbstractProblemLoader Environment load took 60.5ns 
299653     INFO  main            d.u.i.k.p.i.AbstractProblemLoader Creating init config 
301872     DEBUG main            d.u.i.k.p.i.AbstractProblemLoader Init config took 2.22s 
301884     INFO  main            d.u.i.k.p.i.AbstractProblemLoader Replaying proof quadraticInEq8.key 
301885     DEBUG main            d.u.i.k.p.i.IntermediateProofReplayer Proof replay took 2.7ns 
301994     INFO  main            d.u.i.k.p.r.p.TestFile    ... finished proof: closed. 
302322     INFO  main            d.u.i.k.p.i.AbstractProblemLoader Loading environment from /home/runner/work/key/key/key.core/../key.ui/examples/standard_key/inEqSimp/quadraticInEq8.key.proof 
302323     DEBUG main            d.u.i.k.p.i.AbstractProblemLoader Environment load took 79.1ns 
302324     INFO  main            d.u.i.k.p.i.AbstractProblemLoader Creating init config 
304495     DEBUG main            d.u.i.k.p.i.AbstractProblemLoader Init config took 2.17s 
304507     INFO  main            d.u.i.k.p.i.AbstractProblemLoader Replaying proof quadraticInEq8.key.proof 
304515     DEBUG main            d.u.i.k.p.i.IntermediateProofReplayer Proof replay took 6.3ms 
304516     DEBUG main            d.u.i.k.p.r.p.TestFile    ... success: reloaded. 
304517     INFO  main            d.u.i.k.p.r.p.TestFile    Now processing file /home/runner/work/key/key/key.core/../key.ui/examples/standard_key/inEqSimp/simplify0.key 
304517     INFO  main            d.u.i.k.p.i.AbstractProblemLoader Loading environment from /home/runner/work/key/key/key.core/../key.ui/examples/standard_key/inEqSimp/simplify0.key 
304517     DEBUG main            d.u.i.k.p.i.AbstractProblemLoader Environment load took 71.9ns 
304518     INFO  main            d.u.i.k.p.i.AbstractProblemLoader Creating init config 
306742     DEBUG main            d.u.i.k.p.i.AbstractProblemLoader Init config took 2.22s 
306755     INFO  main            d.u.i.k.p.i.AbstractProblemLoader Replaying proof simplify0.key 
306756     DEBUG main            d.u.i.k.p.i.IntermediateProofReplayer Proof replay took 2.6ns 
306858     INFO  main            d.u.i.k.p.r.p.TestFile    ... finished proof: closed. 
307190     INFO  main            d.u.i.k.p.i.AbstractProblemLoader Loading environment from /home/runner/work/key/key/key.core/../key.ui/examples/standard_key/inEqSimp/simplify0.key.proof 
307191     DEBUG main            d.u.i.k.p.i.AbstractProblemLoader Environment load took 88.2ns 
307192     INFO  main            d.u.i.k.p.i.AbstractProblemLoader Creating init config 
309362     DEBUG main            d.u.i.k.p.i.AbstractProblemLoader Init config took 2.17s 
309385     INFO  main            d.u.i.k.p.i.AbstractProblemLoader Replaying proof simplify0.key.proof 
309390     DEBUG main            d.u.i.k.p.i.IntermediateProofReplayer Proof replay took 2.12ms 
309391     DEBUG main            d.u.i.k.p.r.p.TestFile    ... success: reloaded. 
309391     INFO  main            d.u.i.k.p.r.p.TestFile    Now processing file /home/runner/work/key/key/key.core/../key.ui/examples/standard_key/inEqSimp/simplify1.key 
309392     INFO  main            d.u.i.k.p.i.AbstractProblemLoader Loading environment from /home/runner/work/key/key/key.core/../key.ui/examples/standard_key/inEqSimp/simplify1.key 
309392     DEBUG main            d.u.i.k.p.i.AbstractProblemLoader Environment load took 41.6ns 
309392     INFO  main            d.u.i.k.p.i.AbstractProblemLoader Creating init config 
311603     DEBUG main            d.u.i.k.p.i.AbstractProblemLoader Init config took 2.21s 
311615     INFO  main            d.u.i.k.p.i.AbstractProblemLoader Replaying proof simplify1.key 
311616     DEBUG main            d.u.i.k.p.i.IntermediateProofReplayer Proof replay took 2.6ns 
311717     INFO  main            d.u.i.k.p.r.p.TestFile    ... finished proof: closed. 
312053     INFO  main            d.u.i.k.p.i.AbstractProblemLoader Loading environment from /home/runner/work/key/key/key.core/../key.ui/examples/standard_key/inEqSimp/simplify1.key.proof 
312053     DEBUG main            d.u.i.k.p.i.AbstractProblemLoader Environment load took 75.2ns 
312055     INFO  main            d.u.i.k.p.i.AbstractProblemLoader Creating init config 
314228     DEBUG main            d.u.i.k.p.i.AbstractProblemLoader Init config took 2.17s 
314240     INFO  main            d.u.i.k.p.i.AbstractProblemLoader Replaying proof simplify1.key.proof 
314243     DEBUG main            d.u.i.k.p.i.IntermediateProofReplayer Proof replay took 1.07ms 
314243     DEBUG main            d.u.i.k.p.r.p.TestFile    ... success: reloaded. 
314244     INFO  main            d.u.i.k.p.r.p.TestFile    Now processing file /home/runner/work/key/key/key.core/../key.ui/examples/standard_key/inEqSimp/simplify2.key 
314244     INFO  main            d.u.i.k.p.i.AbstractProblemLoader Loading environment from /home/runner/work/key/key/key.core/../key.ui/examples/standard_key/inEqSimp/simplify2.key 
314244     DEBUG main            d.u.i.k.p.i.AbstractProblemLoader Environment load took 57.1ns 
314245     INFO  main            d.u.i.k.p.i.AbstractProblemLoader Creating init config 
316456     DEBUG main            d.u.i.k.p.i.AbstractProblemLoader Init config took 2.21s 
316468     INFO  main            d.u.i.k.p.i.AbstractProblemLoader Replaying proof simplify2.key 
316469     DEBUG main            d.u.i.k.p.i.IntermediateProofReplayer Proof replay took 2.4ns 
316571     INFO  main            d.u.i.k.p.r.p.TestFile    ... finished proof: closed. 
316927     INFO  main            d.u.i.k.p.i.AbstractProblemLoader Loading environment from /home/runner/work/key/key/key.core/../key.ui/examples/standard_key/inEqSimp/simplify2.key.proof 
316927     DEBUG main            d.u.i.k.p.i.AbstractProblemLoader Environment load took 72.3ns 
316928     INFO  main            d.u.i.k.p.i.AbstractProblemLoader Creating init config 
319105     DEBUG main            d.u.i.k.p.i.AbstractProblemLoader Init config took 2.18s 
319117     INFO  main            d.u.i.k.p.i.AbstractProblemLoader Replaying proof simplify2.key.proof 
319129     DEBUG main            d.u.i.k.p.i.IntermediateProofReplayer Proof replay took 9.55ms 
319129     DEBUG main            d.u.i.k.p.r.p.TestFile    ... success: reloaded. 
319130     INFO  main            d.u.i.k.p.r.p.TestFile    Now processing file /home/runner/work/key/key/key.core/../key.ui/examples/standard_key/inEqSimp/simplify3.key 
319130     INFO  main            d.u.i.k.p.i.AbstractProblemLoader Loading environment from /home/runner/work/key/key/key.core/../key.ui/examples/standard_key/inEqSimp/simplify3.key 
319130     DEBUG main            d.u.i.k.p.i.AbstractProblemLoader Environment load took 54.4ns 
319131     INFO  main            d.u.i.k.p.i.AbstractProblemLoader Creating init config 
321348     DEBUG main            d.u.i.k.p.i.AbstractProblemLoader Init config took 2.22s 
321360     INFO  main            d.u.i.k.p.i.AbstractProblemLoader Replaying proof simplify3.key 
321361     DEBUG main            d.u.i.k.p.i.IntermediateProofReplayer Proof replay took 2.3ns 
321462     INFO  main            d.u.i.k.p.r.p.TestFile    ... finished proof: closed. 
321818     INFO  main            d.u.i.k.p.i.AbstractProblemLoader Loading environment from /home/runner/work/key/key/key.core/../key.ui/examples/standard_key/inEqSimp/simplify3.key.proof 
321818     DEBUG main            d.u.i.k.p.i.AbstractProblemLoader Environment load took 77.8ns 
321819     INFO  main            d.u.i.k.p.i.AbstractProblemLoader Creating init config 
324001     DEBUG main            d.u.i.k.p.i.AbstractProblemLoader Init config took 2.18s 
324013     INFO  main            d.u.i.k.p.i.AbstractProblemLoader Replaying proof simplify3.key.proof 
324016     DEBUG main            d.u.i.k.p.i.IntermediateProofReplayer Proof replay took 1.71ms 
324016     DEBUG main            d.u.i.k.p.r.p.TestFile    ... success: reloaded. 
324017     INFO  main            d.u.i.k.p.r.p.TestFile    Now processing file /home/runner/work/key/key/key.core/../key.ui/examples/standard_key/inEqSimp/simplify4.key 
324017     INFO  main            d.u.i.k.p.i.AbstractProblemLoader Loading environment from /home/runner/work/key/key/key.core/../key.ui/examples/standard_key/inEqSimp/simplify4.key 
324017     DEBUG main            d.u.i.k.p.i.AbstractProblemLoader Environment load took 40.9ns 
324018     INFO  main            d.u.i.k.p.i.AbstractProblemLoader Creating init config 
326226     DEBUG main            d.u.i.k.p.i.AbstractProblemLoader Init config took 2.21s 
326238     INFO  main            d.u.i.k.p.i.AbstractProblemLoader Replaying proof simplify4.key 
326239     DEBUG main            d.u.i.k.p.i.IntermediateProofReplayer Proof replay took 1.9ns 
326341     INFO  main            d.u.i.k.p.r.p.TestFile    ... finished proof: closed. 
326699     INFO  main            d.u.i.k.p.i.AbstractProblemLoader Loading environment from /home/runner/work/key/key/key.core/../key.ui/examples/standard_key/inEqSimp/simplify4.key.proof 
326700     DEBUG main            d.u.i.k.p.i.AbstractProblemLoader Environment load took 77.9ns 
326701     INFO  main            d.u.i.k.p.i.AbstractProblemLoader Creating init config 
328887     DEBUG main            d.u.i.k.p.i.AbstractProblemLoader Init config took 2.19s 
328900     INFO  main            d.u.i.k.p.i.AbstractProblemLoader Replaying proof simplify4.key.proof 
328914     DEBUG main            d.u.i.k.p.i.IntermediateProofReplayer Proof replay took 11.68ms 
328915     DEBUG main            d.u.i.k.p.r.p.TestFile    ... success: reloaded. 
328915     INFO  main            d.u.i.k.p.r.p.TestFile    Now processing file /home/runner/work/key/key/key.core/../key.ui/examples/standard_key/inEqSimp/simplify5.key 
328916     INFO  main            d.u.i.k.p.i.AbstractProblemLoader Loading environment from /home/runner/work/key/key/key.core/../key.ui/examples/standard_key/inEqSimp/simplify5.key 
328916     DEBUG main            d.u.i.k.p.i.AbstractProblemLoader Environment load took 162.1ns 
328917     INFO  main            d.u.i.k.p.i.AbstractProblemLoader Creating init config 
331131     DEBUG main            d.u.i.k.p.i.AbstractProblemLoader Init config took 2.21s 
331143     INFO  main            d.u.i.k.p.i.AbstractProblemLoader Replaying proof simplify5.key 
331145     DEBUG main            d.u.i.k.p.i.IntermediateProofReplayer Proof replay took 2.7ns 
331648     INFO  main            d.u.i.k.p.r.p.TestFile    ... finished proof: closed. 
332022     INFO  main            d.u.i.k.p.i.AbstractProblemLoader Loading environment from /home/runner/work/key/key/key.core/../key.ui/examples/standard_key/inEqSimp/simplify5.key.proof 
332022     DEBUG main            d.u.i.k.p.i.AbstractProblemLoader Environment load took 78.7ns 
332023     INFO  main            d.u.i.k.p.i.AbstractProblemLoader Creating init config 
334193     DEBUG main            d.u.i.k.p.i.AbstractProblemLoader Init config took 2.17s 
334205     INFO  main            d.u.i.k.p.i.AbstractProblemLoader Replaying proof simplify5.key.proof 
334258     DEBUG main            d.u.i.k.p.i.IntermediateProofReplayer Proof replay took 48.51ms 
334259     DEBUG main            d.u.i.k.p.r.p.TestFile    ... success: reloaded. 
334265     INFO  main            d.u.i.k.p.r.p.TestFile    Now processing file /home/runner/work/key/key/key.core/../key.ui/examples/standard_key/inEqSimp/subsumptionExample.key 
334266     INFO  main            d.u.i.k.p.i.AbstractProblemLoader Loading environment from /home/runner/work/key/key/key.core/../key.ui/examples/standard_key/inEqSimp/subsumptionExample.key 
334266     DEBUG main            d.u.i.k.p.i.AbstractProblemLoader Environment load took 196.2ns 
334267     INFO  main            d.u.i.k.p.i.AbstractProblemLoader Creating init config 
336492     DEBUG main            d.u.i.k.p.i.AbstractProblemLoader Init config took 2.23s 
336504     INFO  main            d.u.i.k.p.i.AbstractProblemLoader Replaying proof subsumptionExample.key 
336505     DEBUG main            d.u.i.k.p.i.IntermediateProofReplayer Proof replay took 2.3ns 
336606     INFO  main            d.u.i.k.p.r.p.TestFile    ... finished proof: closed. 
336979     INFO  main            d.u.i.k.p.i.AbstractProblemLoader Loading environment from /home/runner/work/key/key/key.core/../key.ui/examples/standard_key/inEqSimp/subsumptionExample.key.proof 
336979     DEBUG main            d.u.i.k.p.i.AbstractProblemLoader Environment load took 72.5ns 
336980     INFO  main            d.u.i.k.p.i.AbstractProblemLoader Creating init config 
339155     DEBUG main            d.u.i.k.p.i.AbstractProblemLoader Init config took 2.18s 
339167     INFO  main            d.u.i.k.p.i.AbstractProblemLoader Replaying proof subsumptionExample.key.proof 
339169     DEBUG main            d.u.i.k.p.i.IntermediateProofReplayer Proof replay took 870.39ns 
339170     DEBUG main            d.u.i.k.p.r.p.TestFile    ... success: reloaded. 
339170     INFO  main            d.u.i.k.p.r.p.TestFile    Now processing file /home/runner/work/key/key/key.core/../key.ui/examples/standard_key/polySimp/simplify0.key 
339171     INFO  main            d.u.i.k.p.i.AbstractProblemLoader Loading environment from /home/runner/work/key/key/key.core/../key.ui/examples/standard_key/polySimp/simplify0.key 
339171     DEBUG main            d.u.i.k.p.i.AbstractProblemLoader Environment load took 44ns 
339173     INFO  main            d.u.i.k.p.i.AbstractProblemLoader Creating init config 
341415     DEBUG main            d.u.i.k.p.i.AbstractProblemLoader Init config took 2.24s 
341429     INFO  main            d.u.i.k.p.i.AbstractProblemLoader Replaying proof simplify0.key 
341430     DEBUG main            d.u.i.k.p.i.IntermediateProofReplayer Proof replay took 2.4ns 
341633     INFO  main            d.u.i.k.p.r.p.TestFile    ... finished proof: closed. 
342012     INFO  main            d.u.i.k.p.i.AbstractProblemLoader Loading environment from /home/runner/work/key/key/key.core/../key.ui/examples/standard_key/polySimp/simplify0.key.proof 
342013     DEBUG main            d.u.i.k.p.i.AbstractProblemLoader Environment load took 87.5ns 
342014     INFO  main            d.u.i.k.p.i.AbstractProblemLoader Creating init config 
344193     DEBUG main            d.u.i.k.p.i.AbstractProblemLoader Init config took 2.18s 
344205     INFO  main            d.u.i.k.p.i.AbstractProblemLoader Replaying proof simplify0.key.proof 
344223     DEBUG main            d.u.i.k.p.i.IntermediateProofReplayer Proof replay took 14.31ms 
344224     DEBUG main            d.u.i.k.p.r.p.TestFile    ... success: reloaded. 
344224     INFO  main            d.u.i.k.p.r.p.TestFile    Now processing file /home/runner/work/key/key/key.core/../key.ui/examples/standard_key/polySimp/simplify1.key 
344225     INFO  main            d.u.i.k.p.i.AbstractProblemLoader Loading environment from /home/runner/work/key/key/key.core/../key.ui/examples/standard_key/polySimp/simplify1.key 
344225     DEBUG main            d.u.i.k.p.i.AbstractProblemLoader Environment load took 89.6ns 
344226     INFO  main            d.u.i.k.p.i.AbstractProblemLoader Creating init config 
346454     DEBUG main            d.u.i.k.p.i.AbstractProblemLoader Init config took 2.23s 
346466     INFO  main            d.u.i.k.p.i.AbstractProblemLoader Replaying proof simplify1.key 
346467     DEBUG main            d.u.i.k.p.i.IntermediateProofReplayer Proof replay took 2.2ns 
346777     INFO  main            d.u.i.k.p.r.p.TestFile    ... finished proof: closed. 
347164     INFO  main            d.u.i.k.p.i.AbstractProblemLoader Loading environment from /home/runner/work/key/key/key.core/../key.ui/examples/standard_key/polySimp/simplify1.key.proof 
347164     DEBUG main            d.u.i.k.p.i.AbstractProblemLoader Environment load took 69.7ns 
347165     INFO  main            d.u.i.k.p.i.AbstractProblemLoader Creating init config 
349343     DEBUG main            d.u.i.k.p.i.AbstractProblemLoader Init config took 2.18s 
349355     INFO  main            d.u.i.k.p.i.AbstractProblemLoader Replaying proof simplify1.key.proof 
349377     DEBUG main            d.u.i.k.p.i.IntermediateProofReplayer Proof replay took 20.1ms 
349378     DEBUG main            d.u.i.k.p.r.p.TestFile    ... success: reloaded. 
349379     INFO  main            d.u.i.k.p.r.p.TestFile    Now processing file /home/runner/work/key/key/key.core/../key.ui/examples/standard_key/polySimp/simplify10.key 
349379     INFO  main            d.u.i.k.p.i.AbstractProblemLoader Loading environment from /home/runner/work/key/key/key.core/../key.ui/examples/standard_key/polySimp/simplify10.key 
349379     DEBUG main            d.u.i.k.p.i.AbstractProblemLoader Environment load took 40.1ns 
349380     INFO  main            d.u.i.k.p.i.AbstractProblemLoader Creating init config 
351608     DEBUG main            d.u.i.k.p.i.AbstractProblemLoader Init config took 2.23s 
351621     INFO  main            d.u.i.k.p.i.AbstractProblemLoader Replaying proof simplify10.key 
351622     DEBUG main            d.u.i.k.p.i.IntermediateProofReplayer Proof replay took 2ns 
351925     INFO  main            d.u.i.k.p.r.p.TestFile    ... finished proof: closed. 
352316     INFO  main            d.u.i.k.p.i.AbstractProblemLoader Loading environment from /home/runner/work/key/key/key.core/../key.ui/examples/standard_key/polySimp/simplify10.key.proof 
352317     DEBUG main            d.u.i.k.p.i.AbstractProblemLoader Environment load took 75.3ns 
352318     INFO  main            d.u.i.k.p.i.AbstractProblemLoader Creating init config 
354499     DEBUG main            d.u.i.k.p.i.AbstractProblemLoader Init config took 2.18s 
354513     INFO  main            d.u.i.k.p.i.AbstractProblemLoader Replaying proof simplify10.key.proof 
354554     DEBUG main            d.u.i.k.p.i.IntermediateProofReplayer Proof replay took 39.2ms 
354556     DEBUG main            d.u.i.k.p.r.p.TestFile    ... success: reloaded. 
354556     INFO  main            d.u.i.k.p.r.p.TestFile    Now processing file /home/runner/work/key/key/key.core/../key.ui/examples/standard_key/polySimp/simplify11.key 
354556     INFO  main            d.u.i.k.p.i.AbstractProblemLoader Loading environment from /home/runner/work/key/key/key.core/../key.ui/examples/standard_key/polySimp/simplify11.key 
354556     DEBUG main            d.u.i.k.p.i.AbstractProblemLoader Environment load took 41.7ns 
354557     INFO  main            d.u.i.k.p.i.AbstractProblemLoader Creating init config 
356788     DEBUG main            d.u.i.k.p.i.AbstractProblemLoader Init config took 2.23s 
356800     INFO  main            d.u.i.k.p.i.AbstractProblemLoader Replaying proof simplify11.key 
356801     DEBUG main            d.u.i.k.p.i.IntermediateProofReplayer Proof replay took 3.1ns 
357009     INFO  main            d.u.i.k.p.r.p.TestFile    ... finished proof: closed. 
357420     INFO  main            d.u.i.k.p.i.AbstractProblemLoader Loading environment from /home/runner/work/key/key/key.core/../key.ui/examples/standard_key/polySimp/simplify11.key.proof 
357420     DEBUG main            d.u.i.k.p.i.AbstractProblemLoader Environment load took 71.9ns 
357421     INFO  main            d.u.i.k.p.i.AbstractProblemLoader Creating init config 
359701     DEBUG main            d.u.i.k.p.i.AbstractProblemLoader Init config took 2.28s 
359717     INFO  main            d.u.i.k.p.i.AbstractProblemLoader Replaying proof simplify11.key.proof 
359741     DEBUG main            d.u.i.k.p.i.IntermediateProofReplayer Proof replay took 17.84ms 
359742     DEBUG main            d.u.i.k.p.r.p.TestFile    ... success: reloaded. 
359743     INFO  main            d.u.i.k.p.r.p.TestFile    Now processing file /home/runner/work/key/key/key.core/../key.ui/examples/standard_key/polySimp/simplify12.key 
359743     INFO  main            d.u.i.k.p.i.AbstractProblemLoader Loading environment from /home/runner/work/key/key/key.core/../key.ui/examples/standard_key/polySimp/simplify12.key 
359743     DEBUG main            d.u.i.k.p.i.AbstractProblemLoader Environment load took 67.7ns 
359744     INFO  main            d.u.i.k.p.i.AbstractProblemLoader Creating init config 
362089     DEBUG main            d.u.i.k.p.i.AbstractProblemLoader Init config took 2.34s 
362103     INFO  main            d.u.i.k.p.i.AbstractProblemLoader Replaying proof simplify12.key 
362104     DEBUG main            d.u.i.k.p.i.IntermediateProofReplayer Proof replay took 2.4ns 
362205     INFO  main            d.u.i.k.p.r.p.TestFile    ... finished proof: closed. 
362614     INFO  main            d.u.i.k.p.i.AbstractProblemLoader Loading environment from /home/runner/work/key/key/key.core/../key.ui/examples/standard_key/polySimp/simplify12.key.proof 
362614     DEBUG main            d.u.i.k.p.i.AbstractProblemLoader Environment load took 64ns 
362615     INFO  main            d.u.i.k.p.i.AbstractProblemLoader Creating init config 
364788     DEBUG main            d.u.i.k.p.i.AbstractProblemLoader Init config took 2.17s 
364800     INFO  main            d.u.i.k.p.i.AbstractProblemLoader Replaying proof simplify12.key.proof 
364821     DEBUG main            d.u.i.k.p.i.IntermediateProofReplayer Proof replay took 19.78ms 
364822     DEBUG main            d.u.i.k.p.r.p.TestFile    ... success: reloaded. 
364822     INFO  main            d.u.i.k.p.r.p.TestFile    Now processing file /home/runner/work/key/key/key.core/../key.ui/examples/standard_key/polySimp/simplify13.key 
364822     INFO  main            d.u.i.k.p.i.AbstractProblemLoader Loading environment from /home/runner/work/key/key/key.core/../key.ui/examples/standard_key/polySimp/simplify13.key 
364822     DEBUG main            d.u.i.k.p.i.AbstractProblemLoader Environment load took 45.4ns 
364823     INFO  main            d.u.i.k.p.i.AbstractProblemLoader Creating init config 
367070     DEBUG main            d.u.i.k.p.i.AbstractProblemLoader Init config took 2.25s 
367082     INFO  main            d.u.i.k.p.i.AbstractProblemLoader Replaying proof simplify13.key 
367083     DEBUG main            d.u.i.k.p.i.IntermediateProofReplayer Proof replay took 3.6ns 
367184     INFO  main            d.u.i.k.p.r.p.TestFile    ... finished proof: closed. 
367580     INFO  main            d.u.i.k.p.i.AbstractProblemLoader Loading environment from /home/runner/work/key/key/key.core/../key.ui/examples/standard_key/polySimp/simplify13.key.proof 
367580     DEBUG main            d.u.i.k.p.i.AbstractProblemLoader Environment load took 64.1ns 
367581     INFO  main            d.u.i.k.p.i.AbstractProblemLoader Creating init config 
369773     DEBUG main            d.u.i.k.p.i.AbstractProblemLoader Init config took 2.19s 
369786     INFO  main            d.u.i.k.p.i.AbstractProblemLoader Replaying proof simplify13.key.proof 
369792     DEBUG main            d.u.i.k.p.i.IntermediateProofReplayer Proof replay took 4.87ms 
369793     DEBUG main            d.u.i.k.p.r.p.TestFile    ... success: reloaded. 
369793     INFO  main            d.u.i.k.p.r.p.TestFile    Now processing file /home/runner/work/key/key/key.core/../key.ui/examples/standard_key/polySimp/simplify14.key 
369793     INFO  main            d.u.i.k.p.i.AbstractProblemLoader Loading environment from /home/runner/work/key/key/key.core/../key.ui/examples/standard_key/polySimp/simplify14.key 
369793     DEBUG main            d.u.i.k.p.i.AbstractProblemLoader Environment load took 39.7ns 
369794     INFO  main            d.u.i.k.p.i.AbstractProblemLoader Creating init config 
372012     DEBUG main            d.u.i.k.p.i.AbstractProblemLoader Init config took 2.22s 
372024     INFO  main            d.u.i.k.p.i.AbstractProblemLoader Replaying proof simplify14.key 
372025     DEBUG main            d.u.i.k.p.i.IntermediateProofReplayer Proof replay took 2ns 
372127     INFO  main            d.u.i.k.p.r.p.TestFile    ... finished proof: closed. 
372525     INFO  main            d.u.i.k.p.i.AbstractProblemLoader Loading environment from /home/runner/work/key/key/key.core/../key.ui/examples/standard_key/polySimp/simplify14.key.proof 
372525     DEBUG main            d.u.i.k.p.i.AbstractProblemLoader Environment load took 63.8ns 
372526     INFO  main            d.u.i.k.p.i.AbstractProblemLoader Creating init config 
374691     DEBUG main            d.u.i.k.p.i.AbstractProblemLoader Init config took 2.16s 
374703     INFO  main            d.u.i.k.p.i.AbstractProblemLoader Replaying proof simplify14.key.proof 
374706     DEBUG main            d.u.i.k.p.i.IntermediateProofReplayer Proof replay took 1.27ms 
374707     DEBUG main            d.u.i.k.p.r.p.TestFile    ... success: reloaded. 
374707     INFO  main            d.u.i.k.p.r.p.TestFile    Now processing file /home/runner/work/key/key/key.core/../key.ui/examples/standard_key/polySimp/simplify15.key 
374707     INFO  main            d.u.i.k.p.i.AbstractProblemLoader Loading environment from /home/runner/work/key/key/key.core/../key.ui/examples/standard_key/polySimp/simplify15.key 
374707     DEBUG main            d.u.i.k.p.i.AbstractProblemLoader Environment load took 39.3ns 
374708     INFO  main            d.u.i.k.p.i.AbstractProblemLoader Creating init config 
376897     DEBUG main            d.u.i.k.p.i.AbstractProblemLoader Init config took 2.19s 
376909     INFO  main            d.u.i.k.p.i.AbstractProblemLoader Replaying proof simplify15.key 
376910     DEBUG main            d.u.i.k.p.i.IntermediateProofReplayer Proof replay took 2ns 
377011     INFO  main            d.u.i.k.p.r.p.TestFile    ... finished proof: closed. 
377412     INFO  main            d.u.i.k.p.i.AbstractProblemLoader Loading environment from /home/runner/work/key/key/key.core/../key.ui/examples/standard_key/polySimp/simplify15.key.proof 
377412     DEBUG main            d.u.i.k.p.i.AbstractProblemLoader Environment load took 66.1ns 
377413     INFO  main            d.u.i.k.p.i.AbstractProblemLoader Creating init config 
379589     DEBUG main            d.u.i.k.p.i.AbstractProblemLoader Init config took 2.18s 
379601     INFO  main            d.u.i.k.p.i.AbstractProblemLoader Replaying proof simplify15.key.proof 
379603     DEBUG main            d.u.i.k.p.i.IntermediateProofReplayer Proof replay took 594.19ns 
379603     DEBUG main            d.u.i.k.p.r.p.TestFile    ... success: reloaded. 
379604     INFO  main            d.u.i.k.p.r.p.TestFile    Now processing file /home/runner/work/key/key/key.core/../key.ui/examples/standard_key/polySimp/simplify16.key 
379604     INFO  main            d.u.i.k.p.i.AbstractProblemLoader Loading environment from /home/runner/work/key/key/key.core/../key.ui/examples/standard_key/polySimp/simplify16.key 
379604     DEBUG main            d.u.i.k.p.i.AbstractProblemLoader Environment load took 52.4ns 
379606     INFO  main            d.u.i.k.p.i.AbstractProblemLoader Creating init config 
381790     DEBUG main            d.u.i.k.p.i.AbstractProblemLoader Init config took 2.18s 
381801     INFO  main            d.u.i.k.p.i.AbstractProblemLoader Replaying proof simplify16.key 
381802     DEBUG main            d.u.i.k.p.i.IntermediateProofReplayer Proof replay took 2.5ns 
381904     INFO  main            d.u.i.k.p.r.p.TestFile    ... finished proof: closed. 
382303     INFO  main            d.u.i.k.p.i.AbstractProblemLoader Loading environment from /home/runner/work/key/key/key.core/../key.ui/examples/standard_key/polySimp/simplify16.key.proof 
382303     DEBUG main            d.u.i.k.p.i.AbstractProblemLoader Environment load took 63.6ns 
382304     INFO  main            d.u.i.k.p.i.AbstractProblemLoader Creating init config 
384464     DEBUG main            d.u.i.k.p.i.AbstractProblemLoader Init config took 2.16s 
384476     INFO  main            d.u.i.k.p.i.AbstractProblemLoader Replaying proof simplify16.key.proof 
384478     DEBUG main            d.u.i.k.p.i.IntermediateProofReplayer Proof replay took 428.89ns 
384478     DEBUG main            d.u.i.k.p.r.p.TestFile    ... success: reloaded. 
384479     INFO  main            d.u.i.k.p.r.p.TestFile    Now processing file /home/runner/work/key/key/key.core/../key.ui/examples/standard_key/polySimp/simplify17.key 
384479     INFO  main            d.u.i.k.p.i.AbstractProblemLoader Loading environment from /home/runner/work/key/key/key.core/../key.ui/examples/standard_key/polySimp/simplify17.key 
384479     DEBUG main            d.u.i.k.p.i.AbstractProblemLoader Environment load took 52ns 
384480     INFO  main            d.u.i.k.p.i.AbstractProblemLoader Creating init config 
386668     DEBUG main            d.u.i.k.p.i.AbstractProblemLoader Init config took 2.19s 
386679     INFO  main            d.u.i.k.p.i.AbstractProblemLoader Replaying proof simplify17.key 
386680     DEBUG main            d.u.i.k.p.i.IntermediateProofReplayer Proof replay took 2.5ns 
386784     INFO  main            d.u.i.k.p.r.p.TestFile    ... finished proof: closed. 
387206     INFO  main            d.u.i.k.p.i.AbstractProblemLoader Loading environment from /home/runner/work/key/key/key.core/../key.ui/examples/standard_key/polySimp/simplify17.key.proof 
387206     DEBUG main            d.u.i.k.p.i.AbstractProblemLoader Environment load took 66.4ns 
387207     INFO  main            d.u.i.k.p.i.AbstractProblemLoader Creating init config 
389382     DEBUG main            d.u.i.k.p.i.AbstractProblemLoader Init config took 2.18s 
389395     INFO  main            d.u.i.k.p.i.AbstractProblemLoader Replaying proof simplify17.key.proof 
389401     DEBUG main            d.u.i.k.p.i.IntermediateProofReplayer Proof replay took 4.95ms 
389402     DEBUG main            d.u.i.k.p.r.p.TestFile    ... success: reloaded. 
389402     INFO  main            d.u.i.k.p.r.p.TestFile    Now processing file /home/runner/work/key/key/key.core/../key.ui/examples/standard_key/polySimp/simplify18.key 
389403     INFO  main            d.u.i.k.p.i.AbstractProblemLoader Loading environment from /home/runner/work/key/key/key.core/../key.ui/examples/standard_key/polySimp/simplify18.key 
389403     DEBUG main            d.u.i.k.p.i.AbstractProblemLoader Environment load took 72.9ns 
389404     INFO  main            d.u.i.k.p.i.AbstractProblemLoader Creating init config 
391599     DEBUG main            d.u.i.k.p.i.AbstractProblemLoader Init config took 2.19s 
391611     INFO  main            d.u.i.k.p.i.AbstractProblemLoader Replaying proof simplify18.key 
391612     DEBUG main            d.u.i.k.p.i.IntermediateProofReplayer Proof replay took 1.9ns 
391814     INFO  main            d.u.i.k.p.r.p.TestFile    ... finished proof: closed. 
392245     INFO  main            d.u.i.k.p.i.AbstractProblemLoader Loading environment from /home/runner/work/key/key/key.core/../key.ui/examples/standard_key/polySimp/simplify18.key.proof 
392245     DEBUG main            d.u.i.k.p.i.AbstractProblemLoader Environment load took 68.7ns 
392246     INFO  main            d.u.i.k.p.i.AbstractProblemLoader Creating init config 
394405     DEBUG main            d.u.i.k.p.i.AbstractProblemLoader Init config took 2.16s 
394418     INFO  main            d.u.i.k.p.i.AbstractProblemLoader Replaying proof simplify18.key.proof 
394433     DEBUG main            d.u.i.k.p.i.IntermediateProofReplayer Proof replay took 12.87ms 
394433     DEBUG main            d.u.i.k.p.r.p.TestFile    ... success: reloaded. 
394434     INFO  main            d.u.i.k.p.r.p.TestFile    Now processing file /home/runner/work/key/key/key.core/../key.ui/examples/standard_key/polySimp/simplify19.key 
394434     INFO  main            d.u.i.k.p.i.AbstractProblemLoader Loading environment from /home/runner/work/key/key/key.core/../key.ui/examples/standard_key/polySimp/simplify19.key 
394434     DEBUG main            d.u.i.k.p.i.AbstractProblemLoader Environment load took 60ns 
394435     INFO  main            d.u.i.k.p.i.AbstractProblemLoader Creating init config 
396620     DEBUG main            d.u.i.k.p.i.AbstractProblemLoader Init config took 2.18s 
396632     INFO  main            d.u.i.k.p.i.AbstractProblemLoader Replaying proof simplify19.key 
396633     DEBUG main            d.u.i.k.p.i.IntermediateProofReplayer Proof replay took 2.1ns 
399540     INFO  main            d.u.i.k.p.r.p.TestFile    ... finished proof: closed. 
400019     INFO  main            d.u.i.k.p.i.AbstractProblemLoader Loading environment from /home/runner/work/key/key/key.core/../key.ui/examples/standard_key/polySimp/simplify19.key.proof 
400019     DEBUG main            d.u.i.k.p.i.AbstractProblemLoader Environment load took 77ns 
400020     INFO  main            d.u.i.k.p.i.AbstractProblemLoader Creating init config 
402177     DEBUG main            d.u.i.k.p.i.AbstractProblemLoader Init config took 2.16s 
402190     INFO  main            d.u.i.k.p.i.AbstractProblemLoader Replaying proof simplify19.key.proof 
402420     DEBUG main            d.u.i.k.p.i.IntermediateProofReplayer Proof replay took 220.4ms 
402422     DEBUG main            d.u.i.k.p.r.p.TestFile    ... success: reloaded. 
402422     INFO  main            d.u.i.k.p.r.p.TestFile    Now processing file /home/runner/work/key/key/key.core/../key.ui/examples/standard_key/polySimp/simplify2.key 
402422     INFO  main            d.u.i.k.p.i.AbstractProblemLoader Loading environment from /home/runner/work/key/key/key.core/../key.ui/examples/standard_key/polySimp/simplify2.key 
402422     DEBUG main            d.u.i.k.p.i.AbstractProblemLoader Environment load took 52.9ns 
402423     INFO  main            d.u.i.k.p.i.AbstractProblemLoader Creating init config 
404645     DEBUG main            d.u.i.k.p.i.AbstractProblemLoader Init config took 2.22s 
404657     INFO  main            d.u.i.k.p.i.AbstractProblemLoader Replaying proof simplify2.key 
404658     DEBUG main            d.u.i.k.p.i.IntermediateProofReplayer Proof replay took 2.3ns 
404759     INFO  main            d.u.i.k.p.r.p.TestFile    ... finished proof: closed. 
405222     INFO  main            d.u.i.k.p.i.AbstractProblemLoader Loading environment from /home/runner/work/key/key/key.core/../key.ui/examples/standard_key/polySimp/simplify2.key.proof 
405222     DEBUG main            d.u.i.k.p.i.AbstractProblemLoader Environment load took 67.5ns 
405223     INFO  main            d.u.i.k.p.i.AbstractProblemLoader Creating init config 
407385     DEBUG main            d.u.i.k.p.i.AbstractProblemLoader Init config took 2.16s 
407397     INFO  main            d.u.i.k.p.i.AbstractProblemLoader Replaying proof simplify2.key.proof 
407398     DEBUG main            d.u.i.k.p.i.IntermediateProofReplayer Proof replay took 725.99ns 
407399     DEBUG main            d.u.i.k.p.r.p.TestFile    ... success: reloaded. 
407399     INFO  main            d.u.i.k.p.r.p.TestFile    Now processing file /home/runner/work/key/key/key.core/../key.ui/examples/standard_key/polySimp/simplify20.key 
407399     INFO  main            d.u.i.k.p.i.AbstractProblemLoader Loading environment from /home/runner/work/key/key/key.core/../key.ui/examples/standard_key/polySimp/simplify20.key 
407400     DEBUG main            d.u.i.k.p.i.AbstractProblemLoader Environment load took 40.2ns 
407400     INFO  main            d.u.i.k.p.i.AbstractProblemLoader Creating init config 
409589     DEBUG main            d.u.i.k.p.i.AbstractProblemLoader Init config took 2.19s 
409601     INFO  main            d.u.i.k.p.i.AbstractProblemLoader Replaying proof simplify20.key 
409603     DEBUG main            d.u.i.k.p.i.IntermediateProofReplayer Proof replay took 2.2ns 
410206     INFO  main            d.u.i.k.p.r.p.TestFile    ... finished proof: closed. 
410672     INFO  main            d.u.i.k.p.i.AbstractProblemLoader Loading environment from /home/runner/work/key/key/key.core/../key.ui/examples/standard_key/polySimp/simplify20.key.proof 
410672     DEBUG main            d.u.i.k.p.i.AbstractProblemLoader Environment load took 75ns 
410673     INFO  main            d.u.i.k.p.i.AbstractProblemLoader Creating init config 
412833     DEBUG main            d.u.i.k.p.i.AbstractProblemLoader Init config took 2.16s 
412846     INFO  main            d.u.i.k.p.i.AbstractProblemLoader Replaying proof simplify20.key.proof 
412906     DEBUG main            d.u.i.k.p.i.IntermediateProofReplayer Proof replay took 56.23ms 
412907     DEBUG main            d.u.i.k.p.r.p.TestFile    ... success: reloaded. 
412908     INFO  main            d.u.i.k.p.r.p.TestFile    Now processing file /home/runner/work/key/key/key.core/../key.ui/examples/standard_key/polySimp/simplify21.key 
412908     INFO  main            d.u.i.k.p.i.AbstractProblemLoader Loading environment from /home/runner/work/key/key/key.core/../key.ui/examples/standard_key/polySimp/simplify21.key 
412908     DEBUG main            d.u.i.k.p.i.AbstractProblemLoader Environment load took 68.4ns 
412910     INFO  main            d.u.i.k.p.i.AbstractProblemLoader Creating init config 
415113     DEBUG main            d.u.i.k.p.i.AbstractProblemLoader Init config took 2.2s 
415146     INFO  main            d.u.i.k.p.i.AbstractProblemLoader Replaying proof simplify21.key 
415147     DEBUG main            d.u.i.k.p.i.IntermediateProofReplayer Proof replay took 3.2ns 
415752     INFO  main            d.u.i.k.p.r.p.TestFile    ... finished proof: closed. 
416251     INFO  main            d.u.i.k.p.i.AbstractProblemLoader Loading environment from /home/runner/work/key/key/key.core/../key.ui/examples/standard_key/polySimp/simplify21.key.proof 
416251     DEBUG main            d.u.i.k.p.i.AbstractProblemLoader Environment load took 72.1ns 
416253     INFO  main            d.u.i.k.p.i.AbstractProblemLoader Creating init config 
418419     DEBUG main            d.u.i.k.p.i.AbstractProblemLoader Init config took 2.17s 
418434     INFO  main            d.u.i.k.p.i.AbstractProblemLoader Replaying proof simplify21.key.proof 
418483     DEBUG main            d.u.i.k.p.i.IntermediateProofReplayer Proof replay took 44.97ms 
418485     DEBUG main            d.u.i.k.p.r.p.TestFile    ... success: reloaded. 
418485     INFO  main            d.u.i.k.p.r.p.TestFile    Now processing file /home/runner/work/key/key/key.core/../key.ui/examples/standard_key/polySimp/simplify22.key 
418486     INFO  main            d.u.i.k.p.i.AbstractProblemLoader Loading environment from /home/runner/work/key/key/key.core/../key.ui/examples/standard_key/polySimp/simplify22.key 
418486     DEBUG main            d.u.i.k.p.i.AbstractProblemLoader Environment load took 66.6ns 
418486     INFO  main            d.u.i.k.p.i.AbstractProblemLoader Creating init config 
420688     DEBUG main            d.u.i.k.p.i.AbstractProblemLoader Init config took 2.2s 
420699     INFO  main            d.u.i.k.p.i.AbstractProblemLoader Replaying proof simplify22.key 
420700     DEBUG main            d.u.i.k.p.i.IntermediateProofReplayer Proof replay took 2ns 
420802     INFO  main            d.u.i.k.p.r.p.TestFile    ... finished proof: closed. 
421258     INFO  main            d.u.i.k.p.i.AbstractProblemLoader Loading environment from /home/runner/work/key/key/key.core/../key.ui/examples/standard_key/polySimp/simplify22.key.proof 
421258     DEBUG main            d.u.i.k.p.i.AbstractProblemLoader Environment load took 68.79ns 
421259     INFO  main            d.u.i.k.p.i.AbstractProblemLoader Creating init config 
423421     DEBUG main            d.u.i.k.p.i.AbstractProblemLoader Init config took 2.16s 
423433     INFO  main            d.u.i.k.p.i.AbstractProblemLoader Replaying proof simplify22.key.proof 
423437     DEBUG main            d.u.i.k.p.i.IntermediateProofReplayer Proof replay took 2.13ms 
423438     DEBUG main            d.u.i.k.p.r.p.TestFile    ... success: reloaded. 
423438     INFO  main            d.u.i.k.p.r.p.TestFile    Now processing file /home/runner/work/key/key/key.core/../key.ui/examples/standard_key/polySimp/simplify23.key 
423438     INFO  main            d.u.i.k.p.i.AbstractProblemLoader Loading environment from /home/runner/work/key/key/key.core/../key.ui/examples/standard_key/polySimp/simplify23.key 
423438     DEBUG main            d.u.i.k.p.i.AbstractProblemLoader Environment load took 67.2ns 
423439     INFO  main            d.u.i.k.p.i.AbstractProblemLoader Creating init config 
425635     DEBUG main            d.u.i.k.p.i.AbstractProblemLoader Init config took 2.2s 
425647     INFO  main            d.u.i.k.p.i.AbstractProblemLoader Replaying proof simplify23.key 
425648     DEBUG main            d.u.i.k.p.i.IntermediateProofReplayer Proof replay took 2ns 
425749     INFO  main            d.u.i.k.p.r.p.TestFile    ... finished proof: closed. 
426195     INFO  main            d.u.i.k.p.i.AbstractProblemLoader Loading environment from /home/runner/work/key/key/key.core/../key.ui/examples/standard_key/polySimp/simplify23.key.proof 
426195     DEBUG main            d.u.i.k.p.i.AbstractProblemLoader Environment load took 68.2ns 
426196     INFO  main            d.u.i.k.p.i.AbstractProblemLoader Creating init config 
428354     DEBUG main            d.u.i.k.p.i.AbstractProblemLoader Init config took 2.16s 
428366     INFO  main            d.u.i.k.p.i.AbstractProblemLoader Replaying proof simplify23.key.proof 
428378     DEBUG main            d.u.i.k.p.i.IntermediateProofReplayer Proof replay took 10.7ms 
428379     DEBUG main            d.u.i.k.p.r.p.TestFile    ... success: reloaded. 
428379     INFO  main            d.u.i.k.p.r.p.TestFile    Now processing file /home/runner/work/key/key/key.core/../key.ui/examples/standard_key/polySimp/simplify24.key 
428379     INFO  main            d.u.i.k.p.i.AbstractProblemLoader Loading environment from /home/runner/work/key/key/key.core/../key.ui/examples/standard_key/polySimp/simplify24.key 
428379     DEBUG main            d.u.i.k.p.i.AbstractProblemLoader Environment load took 37.8ns 
428380     INFO  main            d.u.i.k.p.i.AbstractProblemLoader Creating init config 
430573     DEBUG main            d.u.i.k.p.i.AbstractProblemLoader Init config took 2.19s 
430584     INFO  main            d.u.i.k.p.i.AbstractProblemLoader Replaying proof simplify24.key 
430585     DEBUG main            d.u.i.k.p.i.IntermediateProofReplayer Proof replay took 2.6ns 
430687     INFO  main            d.u.i.k.p.r.p.TestFile    ... finished proof: closed. 
431146     INFO  main            d.u.i.k.p.i.AbstractProblemLoader Loading environment from /home/runner/work/key/key/key.core/../key.ui/examples/standard_key/polySimp/simplify24.key.proof 
431146     DEBUG main            d.u.i.k.p.i.AbstractProblemLoader Environment load took 65.7ns 
431147     INFO  main            d.u.i.k.p.i.AbstractProblemLoader Creating init config 
433305     DEBUG main            d.u.i.k.p.i.AbstractProblemLoader Init config took 2.16s 
433317     INFO  main            d.u.i.k.p.i.AbstractProblemLoader Replaying proof simplify24.key.proof 
433321     DEBUG main            d.u.i.k.p.i.IntermediateProofReplayer Proof replay took 2.25ms 
433321     DEBUG main            d.u.i.k.p.r.p.TestFile    ... success: reloaded. 
433322     INFO  main            d.u.i.k.p.r.p.TestFile    Now processing file /home/runner/work/key/key/key.core/../key.ui/examples/standard_key/polySimp/simplify25.key 
433322     INFO  main            d.u.i.k.p.i.AbstractProblemLoader Loading environment from /home/runner/work/key/key/key.core/../key.ui/examples/standard_key/polySimp/simplify25.key 
433322     DEBUG main            d.u.i.k.p.i.AbstractProblemLoader Environment load took 50.6ns 
433323     INFO  main            d.u.i.k.p.i.AbstractProblemLoader Creating init config 
435507     DEBUG main            d.u.i.k.p.i.AbstractProblemLoader Init config took 2.18s 
435519     INFO  main            d.u.i.k.p.i.AbstractProblemLoader Replaying proof simplify25.key 
435520     DEBUG main            d.u.i.k.p.i.IntermediateProofReplayer Proof replay took 3.1ns 
435621     INFO  main            d.u.i.k.p.r.p.TestFile    ... finished proof: closed. 
436096     INFO  main            d.u.i.k.p.i.AbstractProblemLoader Loading environment from /home/runner/work/key/key/key.core/../key.ui/examples/standard_key/polySimp/simplify25.key.proof 
436096     DEBUG main            d.u.i.k.p.i.AbstractProblemLoader Environment load took 64.3ns 
436097     INFO  main            d.u.i.k.p.i.AbstractProblemLoader Creating init config 
438260     DEBUG main            d.u.i.k.p.i.AbstractProblemLoader Init config took 2.16s 
438272     INFO  main            d.u.i.k.p.i.AbstractProblemLoader Replaying proof simplify25.key.proof 
438276     DEBUG main            d.u.i.k.p.i.IntermediateProofReplayer Proof replay took 2.3ms 
438276     DEBUG main            d.u.i.k.p.r.p.TestFile    ... success: reloaded. 
438277     INFO  main            d.u.i.k.p.r.p.TestFile    Now processing file /home/runner/work/key/key/key.core/../key.ui/examples/standard_key/polySimp/simplify3.key 
438277     INFO  main            d.u.i.k.p.i.AbstractProblemLoader Loading environment from /home/runner/work/key/key/key.core/../key.ui/examples/standard_key/polySimp/simplify3.key 
438277     DEBUG main            d.u.i.k.p.i.AbstractProblemLoader Environment load took 62.6ns 
438278     INFO  main            d.u.i.k.p.i.AbstractProblemLoader Creating init config 
440483     DEBUG main            d.u.i.k.p.i.AbstractProblemLoader Init config took 2.21s 
440495     INFO  main            d.u.i.k.p.i.AbstractProblemLoader Replaying proof simplify3.key 
440496     DEBUG main            d.u.i.k.p.i.IntermediateProofReplayer Proof replay took 2.2ns 
440597     INFO  main            d.u.i.k.p.r.p.TestFile    ... finished proof: closed. 
441061     INFO  main            d.u.i.k.p.i.AbstractProblemLoader Loading environment from /home/runner/work/key/key/key.core/../key.ui/examples/standard_key/polySimp/simplify3.key.proof 
441061     DEBUG main            d.u.i.k.p.i.AbstractProblemLoader Environment load took 64ns 
441062     INFO  main            d.u.i.k.p.i.AbstractProblemLoader Creating init config 
443216     DEBUG main            d.u.i.k.p.i.AbstractProblemLoader Init config took 2.15s 
443228     INFO  main            d.u.i.k.p.i.AbstractProblemLoader Replaying proof simplify3.key.proof 
443230     DEBUG main            d.u.i.k.p.i.IntermediateProofReplayer Proof replay took 809.19ns 
443230     DEBUG main            d.u.i.k.p.r.p.TestFile    ... success: reloaded. 
443231     INFO  main            d.u.i.k.p.r.p.TestFile    Now processing file /home/runner/work/key/key/key.core/../key.ui/examples/standard_key/polySimp/simplify4.key 
443231     INFO  main            d.u.i.k.p.i.AbstractProblemLoader Loading environment from /home/runner/work/key/key/key.core/../key.ui/examples/standard_key/polySimp/simplify4.key 
443231     DEBUG main            d.u.i.k.p.i.AbstractProblemLoader Environment load took 40.1ns 
443232     INFO  main            d.u.i.k.p.i.AbstractProblemLoader Creating init config 
445425     DEBUG main            d.u.i.k.p.i.AbstractProblemLoader Init config took 2.19s 
445436     INFO  main            d.u.i.k.p.i.AbstractProblemLoader Replaying proof simplify4.key 
445437     DEBUG main            d.u.i.k.p.i.IntermediateProofReplayer Proof replay took 2.6ns 
445538     INFO  main            d.u.i.k.p.r.p.TestFile    ... finished proof: closed. 
446006     INFO  main            d.u.i.k.p.i.AbstractProblemLoader Loading environment from /home/runner/work/key/key/key.core/../key.ui/examples/standard_key/polySimp/simplify4.key.proof 
446006     DEBUG main            d.u.i.k.p.i.AbstractProblemLoader Environment load took 66.8ns 
446007     INFO  main            d.u.i.k.p.i.AbstractProblemLoader Creating init config 
448165     DEBUG main            d.u.i.k.p.i.AbstractProblemLoader Init config took 2.16s 
448177     INFO  main            d.u.i.k.p.i.AbstractProblemLoader Replaying proof simplify4.key.proof 
448179     DEBUG main            d.u.i.k.p.i.IntermediateProofReplayer Proof replay took 1ms 
448180     DEBUG main            d.u.i.k.p.r.p.TestFile    ... success: reloaded. 
448181     INFO  main            d.u.i.k.p.r.p.TestFile    Now processing file /home/runner/work/key/key/key.core/../key.ui/examples/standard_key/polySimp/simplify5.key 
448181     INFO  main            d.u.i.k.p.i.AbstractProblemLoader Loading environment from /home/runner/work/key/key/key.core/../key.ui/examples/standard_key/polySimp/simplify5.key 
448182     DEBUG main            d.u.i.k.p.i.AbstractProblemLoader Environment load took 81.9ns 
448182     INFO  main            d.u.i.k.p.i.AbstractProblemLoader Creating init config 
450382     DEBUG main            d.u.i.k.p.i.AbstractProblemLoader Init config took 2.2s 
450394     INFO  main            d.u.i.k.p.i.AbstractProblemLoader Replaying proof simplify5.key 
450395     DEBUG main            d.u.i.k.p.i.IntermediateProofReplayer Proof replay took 2.1ns 
450496     INFO  main            d.u.i.k.p.r.p.TestFile    ... finished proof: closed. 
450968     INFO  main            d.u.i.k.p.i.AbstractProblemLoader Loading environment from /home/runner/work/key/key/key.core/../key.ui/examples/standard_key/polySimp/simplify5.key.proof 
450968     DEBUG main            d.u.i.k.p.i.AbstractProblemLoader Environment load took 66.5ns 
450969     INFO  main            d.u.i.k.p.i.AbstractProblemLoader Creating init config 
453149     DEBUG main            d.u.i.k.p.i.AbstractProblemLoader Init config took 2.18s 
453161     INFO  main            d.u.i.k.p.i.AbstractProblemLoader Replaying proof simplify5.key.proof 
453168     DEBUG main            d.u.i.k.p.i.IntermediateProofReplayer Proof replay took 5.46ms 
453169     DEBUG main            d.u.i.k.p.r.p.TestFile    ... success: reloaded. 
453169     INFO  main            d.u.i.k.p.r.p.TestFile    Now processing file /home/runner/work/key/key/key.core/../key.ui/examples/standard_key/polySimp/simplify6.key 
453169     INFO  main            d.u.i.k.p.i.AbstractProblemLoader Loading environment from /home/runner/work/key/key/key.core/../key.ui/examples/standard_key/polySimp/simplify6.key 
453169     DEBUG main            d.u.i.k.p.i.AbstractProblemLoader Environment load took 38.7ns 
453170     INFO  main            d.u.i.k.p.i.AbstractProblemLoader Creating init config 
455404     DEBUG main            d.u.i.k.p.i.AbstractProblemLoader Init config took 2.23s 
455416     INFO  main            d.u.i.k.p.i.AbstractProblemLoader Replaying proof simplify6.key 
455417     DEBUG main            d.u.i.k.p.i.IntermediateProofReplayer Proof replay took 2.1ns 
455518     INFO  main            d.u.i.k.p.r.p.TestFile    ... finished proof: closed. 
456002     INFO  main            d.u.i.k.p.i.AbstractProblemLoader Loading environment from /home/runner/work/key/key/key.core/../key.ui/examples/standard_key/polySimp/simplify6.key.proof 
456002     DEBUG main            d.u.i.k.p.i.AbstractProblemLoader Environment load took 60.8ns 
456003     INFO  main            d.u.i.k.p.i.AbstractProblemLoader Creating init config 
458161     DEBUG main            d.u.i.k.p.i.AbstractProblemLoader Init config took 2.16s 
458173     INFO  main            d.u.i.k.p.i.AbstractProblemLoader Replaying proof simplify6.key.proof 
458175     DEBUG main            d.u.i.k.p.i.IntermediateProofReplayer Proof replay took 299.89ns 
458175     DEBUG main            d.u.i.k.p.r.p.TestFile    ... success: reloaded. 
458176     INFO  main            d.u.i.k.p.r.p.TestFile    Now processing file /home/runner/work/key/key/key.core/../key.ui/examples/standard_key/polySimp/simplify7.key 
458176     INFO  main            d.u.i.k.p.i.AbstractProblemLoader Loading environment from /home/runner/work/key/key/key.core/../key.ui/examples/standard_key/polySimp/simplify7.key 
458176     DEBUG main            d.u.i.k.p.i.AbstractProblemLoader Environment load took 38.7ns 
458177     INFO  main            d.u.i.k.p.i.AbstractProblemLoader Creating init config 
460373     DEBUG main            d.u.i.k.p.i.AbstractProblemLoader Init config took 2.2s 
460386     INFO  main            d.u.i.k.p.i.AbstractProblemLoader Replaying proof simplify7.key 
460387     DEBUG main            d.u.i.k.p.i.IntermediateProofReplayer Proof replay took 2.4ns 
460488     INFO  main            d.u.i.k.p.r.p.TestFile    ... finished proof: closed. 
460962     INFO  main            d.u.i.k.p.i.AbstractProblemLoader Loading environment from /home/runner/work/key/key/key.core/../key.ui/examples/standard_key/polySimp/simplify7.key.proof 
460962     DEBUG main            d.u.i.k.p.i.AbstractProblemLoader Environment load took 67.9ns 
460963     INFO  main            d.u.i.k.p.i.AbstractProblemLoader Creating init config 
463127     DEBUG main            d.u.i.k.p.i.AbstractProblemLoader Init config took 2.16s 
463139     INFO  main            d.u.i.k.p.i.AbstractProblemLoader Replaying proof simplify7.key.proof 
463141     DEBUG main            d.u.i.k.p.i.IntermediateProofReplayer Proof replay took 530.39ns 
463141     DEBUG main            d.u.i.k.p.r.p.TestFile    ... success: reloaded. 
463142     INFO  main            d.u.i.k.p.r.p.TestFile    Now processing file /home/runner/work/key/key/key.core/../key.ui/examples/standard_key/polySimp/simplify8.key 
463142     INFO  main            d.u.i.k.p.i.AbstractProblemLoader Loading environment from /home/runner/work/key/key/key.core/../key.ui/examples/standard_key/polySimp/simplify8.key 
463142     DEBUG main            d.u.i.k.p.i.AbstractProblemLoader Environment load took 38.9ns 
463145     INFO  main            d.u.i.k.p.i.AbstractProblemLoader Creating init config 
465335     DEBUG main            d.u.i.k.p.i.AbstractProblemLoader Init config took 2.19s 
465347     INFO  main            d.u.i.k.p.i.AbstractProblemLoader Replaying proof simplify8.key 
465348     DEBUG main            d.u.i.k.p.i.IntermediateProofReplayer Proof replay took 2.5ns 
468793     INFO  main            d.u.i.k.p.r.p.TestFile    ... finished proof: closed. 
469303     INFO  main            d.u.i.k.p.i.AbstractProblemLoader Loading environment from /home/runner/work/key/key/key.core/../key.ui/examples/standard_key/polySimp/simplify8.key.proof 
469303     DEBUG main            d.u.i.k.p.i.AbstractProblemLoader Environment load took 79.9ns 
469306     INFO  main            d.u.i.k.p.i.AbstractProblemLoader Creating init config 
471484     DEBUG main            d.u.i.k.p.i.AbstractProblemLoader Init config took 2.18s 
471499     INFO  main            d.u.i.k.p.i.AbstractProblemLoader Replaying proof simplify8.key.proof 
471676     DEBUG main            d.u.i.k.p.i.IntermediateProofReplayer Proof replay took 173.12ms 
471678     DEBUG main            d.u.i.k.p.r.p.TestFile    ... success: reloaded. 
471679     INFO  main            d.u.i.k.p.r.p.TestFile    Now processing file /home/runner/work/key/key/key.core/../key.ui/examples/standard_key/polySimp/simplify9.key 
471679     INFO  main            d.u.i.k.p.i.AbstractProblemLoader Loading environment from /home/runner/work/key/key/key.core/../key.ui/examples/standard_key/polySimp/simplify9.key 
471679     DEBUG main            d.u.i.k.p.i.AbstractProblemLoader Environment load took 37.6ns 
471680     INFO  main            d.u.i.k.p.i.AbstractProblemLoader Creating init config 
473969     DEBUG main            d.u.i.k.p.i.AbstractProblemLoader Init config took 2.29s 
473981     INFO  main            d.u.i.k.p.i.AbstractProblemLoader Replaying proof simplify9.key 
473982     DEBUG main            d.u.i.k.p.i.IntermediateProofReplayer Proof replay took 2.2ns 
474184     INFO  main            d.u.i.k.p.r.p.TestFile    ... finished proof: closed. 
474716     INFO  main            d.u.i.k.p.i.AbstractProblemLoader Loading environment from /home/runner/work/key/key/key.core/../key.ui/examples/standard_key/polySimp/simplify9.key.proof 
474716     DEBUG main            d.u.i.k.p.i.AbstractProblemLoader Environment load took 70.8ns 
474718     INFO  main            d.u.i.k.p.i.AbstractProblemLoader Creating init config 
476880     DEBUG main            d.u.i.k.p.i.AbstractProblemLoader Init config took 2.16s 
476893     INFO  main            d.u.i.k.p.i.AbstractProblemLoader Replaying proof simplify9.key.proof 
476904     DEBUG main            d.u.i.k.p.i.IntermediateProofReplayer Proof replay took 9.18ms 
476905     DEBUG main            d.u.i.k.p.r.p.TestFile    ... success: reloaded. 
2779476    INFO  Test worker     d.u.i.k.p.r.RunAllProofsTestUnit Returning from test arithmetic 
2779481    INFO  Test worker     d.u.i.k.p.r.RunAllProofsTestUnit Running test arrays 
391        INFO  Timeout watchdog d.u.i.k.p.r.p.ForkedTestFileRunner Timeout watcher launched (2000 secs.) 
410        WARN  main            d.u.i.k.s.ProofSettings   The settings in /home/runner/.key/proof-settings.props are *not* read. 
456        INFO  main            d.u.i.k.p.r.p.TestFile    Now processing file /home/runner/work/key/key/key.core/../key.ui/examples/standard_key/arrays/arrayStoreException/array2DimPrim.key 
621        INFO  main            d.u.i.k.p.i.AbstractProblemLoader Loading environment from /home/runner/work/key/key/key.core/../key.ui/examples/standard_key/arrays/arrayStoreException/array2DimPrim.key 
637        DEBUG main            d.u.i.k.p.i.AbstractProblemLoader Environment load took 2.21ms 
903        INFO  main            d.u.i.k.p.i.AbstractProblemLoader Creating init config 
1823       DEBUG main            d.u.i.k.j.TypeConverter   No LDT found for Meta 
1823       DEBUG main            d.u.i.k.j.TypeConverter   No LDT found for Meta 
1825       DEBUG main            d.u.i.k.j.TypeConverter   No LDT found for Meta 
1825       DEBUG main            d.u.i.k.j.TypeConverter   No LDT found for Meta 
3404       DEBUG main            d.u.i.k.j.TypeConverter   No LDT found for JavaBigintExpression 
8222       DEBUG main            d.u.i.k.p.i.AbstractProblemLoader Init config took 7.32s 
8315       INFO  main            d.u.i.k.p.i.AbstractProblemLoader Replaying proof array2DimPrim.key 
8354       DEBUG main            d.u.i.k.p.i.IntermediateProofReplayer Proof replay took 33.6ns 
12394      INFO  main            d.u.i.k.p.r.p.TestFile    ... finished proof: closed. 
12581      INFO  main            d.u.i.k.p.i.AbstractProblemLoader Loading environment from /home/runner/work/key/key/key.core/../key.ui/examples/standard_key/arrays/arrayStoreException/array2DimPrim.key.proof 
12581      DEBUG main            d.u.i.k.p.i.AbstractProblemLoader Environment load took 138.8ns 
12591      INFO  main            d.u.i.k.p.i.AbstractProblemLoader Creating init config 
15322      DEBUG main            d.u.i.k.p.i.AbstractProblemLoader Init config took 2.73s 
15363      INFO  main            d.u.i.k.p.i.AbstractProblemLoader Replaying proof array2DimPrim.key.proof 
15991      DEBUG main            d.u.i.k.p.i.IntermediateProofReplayer Proof replay took 611.63ms 
16003      DEBUG main            d.u.i.k.p.r.p.TestFile    ... success: reloaded. 
16016      INFO  main            d.u.i.k.p.r.p.TestFile    Now processing file /home/runner/work/key/key/key.core/../key.ui/examples/standard_key/arrays/arrayStoreException/arrayStoreKnownDynType.key 
16017      INFO  main            d.u.i.k.p.i.AbstractProblemLoader Loading environment from /home/runner/work/key/key/key.core/../key.ui/examples/standard_key/arrays/arrayStoreException/arrayStoreKnownDynType.key 
16017      DEBUG main            d.u.i.k.p.i.AbstractProblemLoader Environment load took 77.9ns 
16018      INFO  main            d.u.i.k.p.i.AbstractProblemLoader Creating init config 
18640      DEBUG main            d.u.i.k.p.i.AbstractProblemLoader Init config took 2.62s 
18669      INFO  main            d.u.i.k.p.i.AbstractProblemLoader Replaying proof arrayStoreKnownDynType.key 
18671      DEBUG main            d.u.i.k.p.i.IntermediateProofReplayer Proof replay took 5.9ns 
18874      INFO  main            d.u.i.k.p.r.p.TestFile    ... finished proof: closed. 
19105      INFO  main            d.u.i.k.p.i.AbstractProblemLoader Loading environment from /home/runner/work/key/key/key.core/../key.ui/examples/standard_key/arrays/arrayStoreException/arrayStoreKnownDynType.key.proof 
19105      DEBUG main            d.u.i.k.p.i.AbstractProblemLoader Environment load took 117.9ns 
19106      INFO  main            d.u.i.k.p.i.AbstractProblemLoader Creating init config 
21664      DEBUG main            d.u.i.k.p.i.AbstractProblemLoader Init config took 2.56s 
21689      INFO  main            d.u.i.k.p.i.AbstractProblemLoader Replaying proof arrayStoreKnownDynType.key.proof 
21733      DEBUG main            d.u.i.k.p.i.IntermediateProofReplayer Proof replay took 39.75ms 
21734      DEBUG main            d.u.i.k.p.r.p.TestFile    ... success: reloaded. 
21735      INFO  main            d.u.i.k.p.r.p.TestFile    Now processing file /home/runner/work/key/key/key.core/../key.ui/examples/standard_key/arrays/arrayStoreException/reverseArray.key 
21736      INFO  main            d.u.i.k.p.i.AbstractProblemLoader Loading environment from /home/runner/work/key/key/key.core/../key.ui/examples/standard_key/arrays/arrayStoreException/reverseArray.key 
21736      DEBUG main            d.u.i.k.p.i.AbstractProblemLoader Environment load took 186.3ns 
21737      INFO  main            d.u.i.k.p.i.AbstractProblemLoader Creating init config 
24221      DEBUG main            d.u.i.k.p.i.AbstractProblemLoader Init config took 2.48s 
24244      INFO  main            d.u.i.k.p.i.AbstractProblemLoader Replaying proof reverseArray.key 
24246      DEBUG main            d.u.i.k.p.i.IntermediateProofReplayer Proof replay took 5.9ns 
24750      INFO  main            d.u.i.k.p.r.p.TestFile    ... finished proof: closed. 
24930      INFO  main            d.u.i.k.p.i.AbstractProblemLoader Loading environment from /home/runner/work/key/key/key.core/../key.ui/examples/standard_key/arrays/arrayStoreException/reverseArray.key.proof 
24931      DEBUG main            d.u.i.k.p.i.AbstractProblemLoader Environment load took 453.99ns 
24932      INFO  main            d.u.i.k.p.i.AbstractProblemLoader Creating init config 
27465      DEBUG main            d.u.i.k.p.i.AbstractProblemLoader Init config took 2.53s 
27488      INFO  main            d.u.i.k.p.i.AbstractProblemLoader Replaying proof reverseArray.key.proof 
27696      DEBUG main            d.u.i.k.p.i.IntermediateProofReplayer Proof replay took 199.75ms 
27702      DEBUG main            d.u.i.k.p.r.p.TestFile    ... success: reloaded. 
27704      INFO  main            d.u.i.k.p.r.p.TestFile    Now processing file /home/runner/work/key/key/key.core/../key.ui/examples/standard_key/arrays/arrayStoreException/throwArrayStoreException.key 
27705      INFO  main            d.u.i.k.p.i.AbstractProblemLoader Loading environment from /home/runner/work/key/key/key.core/../key.ui/examples/standard_key/arrays/arrayStoreException/throwArrayStoreException.key 
27705      DEBUG main            d.u.i.k.p.i.AbstractProblemLoader Environment load took 207.5ns 
27706      INFO  main            d.u.i.k.p.i.AbstractProblemLoader Creating init config 
30261      DEBUG main            d.u.i.k.p.i.AbstractProblemLoader Init config took 2.55s 
30282      INFO  main            d.u.i.k.p.i.AbstractProblemLoader Replaying proof throwArrayStoreException.key 
30287      DEBUG main            d.u.i.k.p.i.IntermediateProofReplayer Proof replay took 6.1ns 
30690      INFO  main            d.u.i.k.p.r.p.TestFile    ... finished proof: closed. 
30871      INFO  main            d.u.i.k.p.i.AbstractProblemLoader Loading environment from /home/runner/work/key/key/key.core/../key.ui/examples/standard_key/arrays/arrayStoreException/throwArrayStoreException.key.proof 
30871      DEBUG main            d.u.i.k.p.i.AbstractProblemLoader Environment load took 224.9ns 
30873      INFO  main            d.u.i.k.p.i.AbstractProblemLoader Creating init config 
33322      DEBUG main            d.u.i.k.p.i.AbstractProblemLoader Init config took 2.45s 
33344      INFO  main            d.u.i.k.p.i.AbstractProblemLoader Replaying proof throwArrayStoreException.key.proof 
33427      DEBUG main            d.u.i.k.p.i.IntermediateProofReplayer Proof replay took 78.01ms 
33428      DEBUG main            d.u.i.k.p.r.p.TestFile    ... success: reloaded. 
33429      INFO  main            d.u.i.k.p.r.p.TestFile    Now processing file /home/runner/work/key/key/key.core/../key.ui/examples/standard_key/arrays/creation/arrayCreation1.key 
33429      INFO  main            d.u.i.k.p.i.AbstractProblemLoader Loading environment from /home/runner/work/key/key/key.core/../key.ui/examples/standard_key/arrays/creation/arrayCreation1.key 
33429      DEBUG main            d.u.i.k.p.i.AbstractProblemLoader Environment load took 174.6ns 
33430      INFO  main            d.u.i.k.p.i.AbstractProblemLoader Creating init config 
35976      DEBUG main            d.u.i.k.p.i.AbstractProblemLoader Init config took 2.55s 
35997      INFO  main            d.u.i.k.p.i.AbstractProblemLoader Replaying proof arrayCreation1.key 
35998      DEBUG main            d.u.i.k.p.i.IntermediateProofReplayer Proof replay took 4.6ns 
36101      INFO  main            d.u.i.k.p.r.p.TestFile    ... finished proof: closed. 
36258      INFO  main            d.u.i.k.p.i.AbstractProblemLoader Loading environment from /home/runner/work/key/key/key.core/../key.ui/examples/standard_key/arrays/creation/arrayCreation1.key.proof 
36258      DEBUG main            d.u.i.k.p.i.AbstractProblemLoader Environment load took 112.6ns 
36260      INFO  main            d.u.i.k.p.i.AbstractProblemLoader Creating init config 
38669      DEBUG main            d.u.i.k.p.i.AbstractProblemLoader Init config took 2.41s 
38689      INFO  main            d.u.i.k.p.i.AbstractProblemLoader Replaying proof arrayCreation1.key.proof 
38714      DEBUG main            d.u.i.k.p.i.IntermediateProofReplayer Proof replay took 21.92ms 
38715      DEBUG main            d.u.i.k.p.r.p.TestFile    ... success: reloaded. 
38716      INFO  main            d.u.i.k.p.r.p.TestFile    Now processing file /home/runner/work/key/key/key.core/../key.ui/examples/standard_key/arrays/arrayStoreException/array2Dim.key 
38717      INFO  main            d.u.i.k.p.i.AbstractProblemLoader Loading environment from /home/runner/work/key/key/key.core/../key.ui/examples/standard_key/arrays/arrayStoreException/array2Dim.key 
38717      DEBUG main            d.u.i.k.p.i.AbstractProblemLoader Environment load took 189.3ns 
38718      INFO  main            d.u.i.k.p.i.AbstractProblemLoader Creating init config 
41213      DEBUG main            d.u.i.k.p.i.AbstractProblemLoader Init config took 2.49s 
41234      INFO  main            d.u.i.k.p.i.AbstractProblemLoader Replaying proof array2Dim.key 
41237      DEBUG main            d.u.i.k.p.i.IntermediateProofReplayer Proof replay took 4.7ns 
44397      INFO  main            d.u.i.k.p.r.p.TestFile    ... finished proof: open goal(s) 
44668      INFO  main            d.u.i.k.p.r.p.TestFile    Now processing file /home/runner/work/key/key/key.core/../key.ui/examples/standard_key/arrays/arrayStoreException/array2DimClose.key 
44668      INFO  main            d.u.i.k.p.i.AbstractProblemLoader Loading environment from /home/runner/work/key/key/key.core/../key.ui/examples/standard_key/arrays/arrayStoreException/array2DimClose.key 
44668      DEBUG main            d.u.i.k.p.i.AbstractProblemLoader Environment load took 62.6ns 
44669      INFO  main            d.u.i.k.p.i.AbstractProblemLoader Creating init config 
47064      DEBUG main            d.u.i.k.p.i.AbstractProblemLoader Init config took 2.39s 
47097      INFO  main            d.u.i.k.p.i.AbstractProblemLoader Replaying proof array2DimClose.key 
47101      DEBUG main            d.u.i.k.p.i.IntermediateProofReplayer Proof replay took 5.8ns 
49311      INFO  main            d.u.i.k.p.r.p.TestFile    ... finished proof: open goal(s) 
49642      INFO  main            d.u.i.k.p.r.p.TestFile    Now processing file /home/runner/work/key/key/key.core/../key.ui/examples/standard_key/arrays/arrayStoreException/throwASEForPrim.key 
49643      INFO  main            d.u.i.k.p.i.AbstractProblemLoader Loading environment from /home/runner/work/key/key/key.core/../key.ui/examples/standard_key/arrays/arrayStoreException/throwASEForPrim.key 
49643      DEBUG main            d.u.i.k.p.i.AbstractProblemLoader Environment load took 89.5ns 
49644      INFO  main            d.u.i.k.p.i.AbstractProblemLoader Creating init config 
51997      DEBUG main            d.u.i.k.p.i.AbstractProblemLoader Init config took 2.35s 
52015      INFO  main            d.u.i.k.p.i.AbstractProblemLoader Replaying proof throwASEForPrim.key 
52017      DEBUG main            d.u.i.k.p.i.IntermediateProofReplayer Proof replay took 4.9ns 
56120      INFO  main            d.u.i.k.p.r.p.TestFile    ... finished proof: open goal(s) 
2836054    INFO  Test worker     d.u.i.k.p.r.RunAllProofsTestUnit Returning from test arrays 
2836056    INFO  Test worker     d.u.i.k.p.r.RunAllProofsTestUnit Running test javadl 
343        INFO  Timeout watchdog d.u.i.k.p.r.p.ForkedTestFileRunner Timeout watcher launched (2000 secs.) 
345        WARN  main            d.u.i.k.s.ProofSettings   The settings in /home/runner/.key/proof-settings.props are *not* read. 
374        INFO  main            d.u.i.k.p.r.p.TestFile    Now processing file /home/runner/work/key/key/key.core/../key.ui/examples/standard_key/instanceCreation/instanceCreation1.key 
478        INFO  main            d.u.i.k.p.i.AbstractProblemLoader Loading environment from /home/runner/work/key/key/key.core/../key.ui/examples/standard_key/instanceCreation/instanceCreation1.key 
498        DEBUG main            d.u.i.k.p.i.AbstractProblemLoader Environment load took 1.85ms 
750        INFO  main            d.u.i.k.p.i.AbstractProblemLoader Creating init config 
1706       DEBUG main            d.u.i.k.j.TypeConverter   No LDT found for Meta 
1707       DEBUG main            d.u.i.k.j.TypeConverter   No LDT found for Meta 
1710       DEBUG main            d.u.i.k.j.TypeConverter   No LDT found for Meta 
1710       DEBUG main            d.u.i.k.j.TypeConverter   No LDT found for Meta 
3062       DEBUG main            d.u.i.k.j.TypeConverter   No LDT found for JavaBigintExpression 
7696       DEBUG main            d.u.i.k.p.i.AbstractProblemLoader Init config took 6.95s 
7756       INFO  main            d.u.i.k.p.i.AbstractProblemLoader Replaying proof instanceCreation1.key 
7787       DEBUG main            d.u.i.k.p.i.IntermediateProofReplayer Proof replay took 35.5ns 
8812       INFO  main            d.u.i.k.p.r.p.TestFile    ... finished proof: closed. 
8938       INFO  main            d.u.i.k.p.i.AbstractProblemLoader Loading environment from /home/runner/work/key/key/key.core/../key.ui/examples/standard_key/instanceCreation/instanceCreation1.key.proof 
8939       DEBUG main            d.u.i.k.p.i.AbstractProblemLoader Environment load took 749.89ns 
8945       INFO  main            d.u.i.k.p.i.AbstractProblemLoader Creating init config 
11526      DEBUG main            d.u.i.k.p.i.AbstractProblemLoader Init config took 2.58s 
11558      INFO  main            d.u.i.k.p.i.AbstractProblemLoader Replaying proof instanceCreation1.key.proof 
11662      DEBUG main            d.u.i.k.p.i.IntermediateProofReplayer Proof replay took 96.72ms 
11676      DEBUG main            d.u.i.k.p.r.p.TestFile    ... success: reloaded. 
11684      INFO  main            d.u.i.k.p.r.p.TestFile    Now processing file /home/runner/work/key/key/key.core/../key.ui/examples/standard_key/instanceCreation/instanceCreation2.key 
11684      INFO  main            d.u.i.k.p.i.AbstractProblemLoader Loading environment from /home/runner/work/key/key/key.core/../key.ui/examples/standard_key/instanceCreation/instanceCreation2.key 
11684      DEBUG main            d.u.i.k.p.i.AbstractProblemLoader Environment load took 251.1ns 
11686      INFO  main            d.u.i.k.p.i.AbstractProblemLoader Creating init config 
14311      DEBUG main            d.u.i.k.p.i.AbstractProblemLoader Init config took 2.63s 
14360      INFO  main            d.u.i.k.p.i.AbstractProblemLoader Replaying proof instanceCreation2.key 
14363      DEBUG main            d.u.i.k.p.i.IntermediateProofReplayer Proof replay took 6ns 
14870      INFO  main            d.u.i.k.p.r.p.TestFile    ... finished proof: closed. 
15022      INFO  main            d.u.i.k.p.i.AbstractProblemLoader Loading environment from /home/runner/work/key/key/key.core/../key.ui/examples/standard_key/instanceCreation/instanceCreation2.key.proof 
15024      DEBUG main            d.u.i.k.p.i.AbstractProblemLoader Environment load took 2.54ms 
15026      INFO  main            d.u.i.k.p.i.AbstractProblemLoader Creating init config 
17522      DEBUG main            d.u.i.k.p.i.AbstractProblemLoader Init config took 2.5s 
17549      INFO  main            d.u.i.k.p.i.AbstractProblemLoader Replaying proof instanceCreation2.key.proof 
17649      DEBUG main            d.u.i.k.p.i.IntermediateProofReplayer Proof replay took 94.72ms 
17650      DEBUG main            d.u.i.k.p.r.p.TestFile    ... success: reloaded. 
17651      INFO  main            d.u.i.k.p.r.p.TestFile    Now processing file /home/runner/work/key/key/key.core/../key.ui/examples/standard_key/instanceCreation/interfacesAndAbstractClassesHaveNoInstances.key 
17651      INFO  main            d.u.i.k.p.i.AbstractProblemLoader Loading environment from /home/runner/work/key/key/key.core/../key.ui/examples/standard_key/instanceCreation/interfacesAndAbstractClassesHaveNoInstances.key 
17652      DEBUG main            d.u.i.k.p.i.AbstractProblemLoader Environment load took 179.1ns 
17653      INFO  main            d.u.i.k.p.i.AbstractProblemLoader Creating init config 
20165      DEBUG main            d.u.i.k.p.i.AbstractProblemLoader Init config took 2.51s 
20203      INFO  main            d.u.i.k.p.i.AbstractProblemLoader Replaying proof interfacesAndAbstractClassesHaveNoInstances.key 
20206      DEBUG main            d.u.i.k.p.i.IntermediateProofReplayer Proof replay took 5.2ns 
20308      INFO  main            d.u.i.k.p.r.p.TestFile    ... finished proof: closed. 
20447      INFO  main            d.u.i.k.p.i.AbstractProblemLoader Loading environment from /home/runner/work/key/key/key.core/../key.ui/examples/standard_key/instanceCreation/interfacesAndAbstractClassesHaveNoInstances.key.proof 
20447      DEBUG main            d.u.i.k.p.i.AbstractProblemLoader Environment load took 107.6ns 
20448      INFO  main            d.u.i.k.p.i.AbstractProblemLoader Creating init config 
22971      DEBUG main            d.u.i.k.p.i.AbstractProblemLoader Init config took 2.52s 
22992      INFO  main            d.u.i.k.p.i.AbstractProblemLoader Replaying proof interfacesAndAbstractClassesHaveNoInstances.key.proof 
22995      DEBUG main            d.u.i.k.p.i.IntermediateProofReplayer Proof replay took 1.12ms 
22997      DEBUG main            d.u.i.k.p.r.p.TestFile    ... success: reloaded. 
22998      INFO  main            d.u.i.k.p.r.p.TestFile    Now processing file /home/runner/work/key/key/key.core/../key.ui/examples/standard_key/instanceCreation/successiveCreatedObjectsAreDistinct.key 
22998      INFO  main            d.u.i.k.p.i.AbstractProblemLoader Loading environment from /home/runner/work/key/key/key.core/../key.ui/examples/standard_key/instanceCreation/successiveCreatedObjectsAreDistinct.key 
22998      DEBUG main            d.u.i.k.p.i.AbstractProblemLoader Environment load took 175.7ns 
22999      INFO  main            d.u.i.k.p.i.AbstractProblemLoader Creating init config 
25537      DEBUG main            d.u.i.k.p.i.AbstractProblemLoader Init config took 2.54s 
25560      INFO  main            d.u.i.k.p.i.AbstractProblemLoader Replaying proof successiveCreatedObjectsAreDistinct.key 
25562      DEBUG main            d.u.i.k.p.i.IntermediateProofReplayer Proof replay took 5.3ns 
25965      INFO  main            d.u.i.k.p.r.p.TestFile    ... finished proof: closed. 
26188      INFO  main            d.u.i.k.p.i.AbstractProblemLoader Loading environment from /home/runner/work/key/key/key.core/../key.ui/examples/standard_key/instanceCreation/successiveCreatedObjectsAreDistinct.key.proof 
26188      DEBUG main            d.u.i.k.p.i.AbstractProblemLoader Environment load took 112.7ns 
26189      INFO  main            d.u.i.k.p.i.AbstractProblemLoader Creating init config 
28644      DEBUG main            d.u.i.k.p.i.AbstractProblemLoader Init config took 2.45s 
28666      INFO  main            d.u.i.k.p.i.AbstractProblemLoader Replaying proof successiveCreatedObjectsAreDistinct.key.proof 
28722      DEBUG main            d.u.i.k.p.i.IntermediateProofReplayer Proof replay took 52.6ms 
28724      DEBUG main            d.u.i.k.p.r.p.TestFile    ... success: reloaded. 
28725      INFO  main            d.u.i.k.p.r.p.TestFile    Now processing file /home/runner/work/key/key/key.core/../key.ui/examples/standard_key/instanceCreation/testOverloadingConstructors.key 
28725      INFO  main            d.u.i.k.p.i.AbstractProblemLoader Loading environment from /home/runner/work/key/key/key.core/../key.ui/examples/standard_key/instanceCreation/testOverloadingConstructors.key 
28725      DEBUG main            d.u.i.k.p.i.AbstractProblemLoader Environment load took 180.4ns 
28726      INFO  main            d.u.i.k.p.i.AbstractProblemLoader Creating init config 
31228      DEBUG main            d.u.i.k.p.i.AbstractProblemLoader Init config took 2.5s 
31248      INFO  main            d.u.i.k.p.i.AbstractProblemLoader Replaying proof testOverloadingConstructors.key 
31250      DEBUG main            d.u.i.k.p.i.IntermediateProofReplayer Proof replay took 4.9ns 
31456      INFO  main            d.u.i.k.p.r.p.TestFile    ... finished proof: closed. 
31618      INFO  main            d.u.i.k.p.i.AbstractProblemLoader Loading environment from /home/runner/work/key/key/key.core/../key.ui/examples/standard_key/instanceCreation/testOverloadingConstructors.key.proof 
31618      DEBUG main            d.u.i.k.p.i.AbstractProblemLoader Environment load took 118.1ns 
31620      INFO  main            d.u.i.k.p.i.AbstractProblemLoader Creating init config 
33996      DEBUG main            d.u.i.k.p.i.AbstractProblemLoader Init config took 2.38s 
34015      INFO  main            d.u.i.k.p.i.AbstractProblemLoader Replaying proof testOverloadingConstructors.key.proof 
34065      DEBUG main            d.u.i.k.p.i.IntermediateProofReplayer Proof replay took 46.72ms 
34066      DEBUG main            d.u.i.k.p.r.p.TestFile    ... success: reloaded. 
34067      INFO  main            d.u.i.k.p.r.p.TestFile    Now processing file /home/runner/work/key/key/key.core/../key.ui/examples/standard_key/java_dl/SimpleAttributes.key 
34068      INFO  main            d.u.i.k.p.i.AbstractProblemLoader Loading environment from /home/runner/work/key/key/key.core/../key.ui/examples/standard_key/java_dl/SimpleAttributes.key 
34068      DEBUG main            d.u.i.k.p.i.AbstractProblemLoader Environment load took 183.6ns 
34069      INFO  main            d.u.i.k.p.i.AbstractProblemLoader Creating init config 
36476      DEBUG main            d.u.i.k.p.i.AbstractProblemLoader Init config took 2.41s 
36495      INFO  main            d.u.i.k.p.i.AbstractProblemLoader Replaying proof SimpleAttributes.key 
36497      DEBUG main            d.u.i.k.p.i.IntermediateProofReplayer Proof replay took 6.2ns 
36599      INFO  main            d.u.i.k.p.r.p.TestFile    ... finished proof: closed. 
36750      INFO  main            d.u.i.k.p.i.AbstractProblemLoader Loading environment from /home/runner/work/key/key/key.core/../key.ui/examples/standard_key/java_dl/SimpleAttributes.key.proof 
36751      DEBUG main            d.u.i.k.p.i.AbstractProblemLoader Environment load took 107.2ns 
36752      INFO  main            d.u.i.k.p.i.AbstractProblemLoader Creating init config 
39071      DEBUG main            d.u.i.k.p.i.AbstractProblemLoader Init config took 2.32s 
39092      INFO  main            d.u.i.k.p.i.AbstractProblemLoader Replaying proof SimpleAttributes.key.proof 
39132      DEBUG main            d.u.i.k.p.i.IntermediateProofReplayer Proof replay took 36.4ms 
39133      DEBUG main            d.u.i.k.p.r.p.TestFile    ... success: reloaded. 
39134      INFO  main            d.u.i.k.p.r.p.TestFile    Now processing file /home/runner/work/key/key/key.core/../key.ui/examples/standard_key/java_dl/arrayMax.key 
39135      INFO  main            d.u.i.k.p.i.AbstractProblemLoader Loading environment from /home/runner/work/key/key/key.core/../key.ui/examples/standard_key/java_dl/arrayMax.key 
39135      DEBUG main            d.u.i.k.p.i.AbstractProblemLoader Environment load took 85.9ns 
39138      INFO  main            d.u.i.k.p.i.AbstractProblemLoader Creating init config 
41569      DEBUG main            d.u.i.k.p.i.AbstractProblemLoader Init config took 2.43s 
41589      INFO  main            d.u.i.k.p.i.AbstractProblemLoader Replaying proof arrayMax.key 
41591      DEBUG main            d.u.i.k.p.i.IntermediateProofReplayer Proof replay took 6.3ns 
42803      INFO  main            d.u.i.k.p.r.p.TestFile    ... finished proof: closed. 
43045      INFO  main            d.u.i.k.p.i.AbstractProblemLoader Loading environment from /home/runner/work/key/key/key.core/../key.ui/examples/standard_key/java_dl/arrayMax.key.proof 
43045      DEBUG main            d.u.i.k.p.i.AbstractProblemLoader Environment load took 376.19ns 
43047      INFO  main            d.u.i.k.p.i.AbstractProblemLoader Creating init config 
45536      DEBUG main            d.u.i.k.p.i.AbstractProblemLoader Init config took 2.49s 
45556      INFO  main            d.u.i.k.p.i.AbstractProblemLoader Replaying proof arrayMax.key.proof 
45807      DEBUG main            d.u.i.k.p.i.IntermediateProofReplayer Proof replay took 241.83ms 
45808      DEBUG main            d.u.i.k.p.r.p.TestFile    ... success: reloaded. 
45809      INFO  main            d.u.i.k.p.r.p.TestFile    Now processing file /home/runner/work/key/key/key.core/../key.ui/examples/standard_key/java_dl/arrayUpdateSimp.key 
45810      INFO  main            d.u.i.k.p.i.AbstractProblemLoader Loading environment from /home/runner/work/key/key/key.core/../key.ui/examples/standard_key/java_dl/arrayUpdateSimp.key 
45810      DEBUG main            d.u.i.k.p.i.AbstractProblemLoader Environment load took 155.8ns 
45812      INFO  main            d.u.i.k.p.i.AbstractProblemLoader Creating init config 
45835      WARN  main            d.u.i.k.j.r.KeYCrossReferenceNameInfo Datatype java.io.PrintStream declared twice: Once in FILE:/home/runner/work/key/key/key.core/../key.ui/examples/standard_key/java_dl/./classpath/PrintStream.java and once in URL:file:/home/runner/work/key/key/key.core/build/resources/main/de/uka/ilkd/key/java/JavaRedux/java/io/PrintStream.java, Keeping one from URL:file:/home/runner/work/key/key/key.core/build/resources/main/de/uka/ilkd/key/java/JavaRedux/java/io/PrintStream.java 
45835      WARN  main            d.u.i.k.j.r.KeYCrossReferenceNameInfo Datatype java.io.InputStream declared twice: Once in FILE:/home/runner/work/key/key/key.core/../key.ui/examples/standard_key/java_dl/./classpath/InputStream.java and once in URL:file:/home/runner/work/key/key/key.core/build/resources/main/de/uka/ilkd/key/java/JavaRedux/java/io/InputStream.java, Keeping one from URL:file:/home/runner/work/key/key/key.core/build/resources/main/de/uka/ilkd/key/java/JavaRedux/java/io/InputStream.java 
45835      WARN  main            d.u.i.k.j.r.KeYCrossReferenceNameInfo Datatype java.lang.System declared twice: Once in FILE:/home/runner/work/key/key/key.core/../key.ui/examples/standard_key/java_dl/./classpath/System.java and once in URL:file:/home/runner/work/key/key/key.core/build/resources/main/de/uka/ilkd/key/java/JavaRedux/java/lang/System.java, Keeping one from URL:file:/home/runner/work/key/key/key.core/build/resources/main/de/uka/ilkd/key/java/JavaRedux/java/lang/System.java 
45841      DEBUG main            d.u.i.k.j.r.ClassFileDeclarationBuilder Parsing: package java.io; public class Closeable { } 
45841      DEBUG main            r.s.KeYCrossReferenceSourceInfo Dynamically created class: java.io.Closeable 
48341      DEBUG main            d.u.i.k.p.i.AbstractProblemLoader Init config took 2.53s 
48361      INFO  main            d.u.i.k.p.i.AbstractProblemLoader Replaying proof arrayUpdateSimp.key 
48362      DEBUG main            d.u.i.k.p.i.IntermediateProofReplayer Proof replay took 6.1ns 
48468      INFO  main            d.u.i.k.p.r.p.TestFile    ... finished proof: closed. 
48657      INFO  main            d.u.i.k.p.i.AbstractProblemLoader Loading environment from /home/runner/work/key/key/key.core/../key.ui/examples/standard_key/java_dl/arrayUpdateSimp.key.proof 
48657      DEBUG main            d.u.i.k.p.i.AbstractProblemLoader Environment load took 142.7ns 
48662      INFO  main            d.u.i.k.p.i.AbstractProblemLoader Creating init config 
48683      WARN  main            d.u.i.k.j.r.KeYCrossReferenceNameInfo Datatype java.io.PrintStream declared twice: Once in FILE:/home/runner/work/key/key/key.core/../key.ui/examples/standard_key/java_dl/classpath/PrintStream.java and once in URL:file:/home/runner/work/key/key/key.core/build/resources/main/de/uka/ilkd/key/java/JavaRedux/java/io/PrintStream.java, Keeping one from URL:file:/home/runner/work/key/key/key.core/build/resources/main/de/uka/ilkd/key/java/JavaRedux/java/io/PrintStream.java 
48683      WARN  main            d.u.i.k.j.r.KeYCrossReferenceNameInfo Datatype java.io.InputStream declared twice: Once in FILE:/home/runner/work/key/key/key.core/../key.ui/examples/standard_key/java_dl/classpath/InputStream.java and once in URL:file:/home/runner/work/key/key/key.core/build/resources/main/de/uka/ilkd/key/java/JavaRedux/java/io/InputStream.java, Keeping one from URL:file:/home/runner/work/key/key/key.core/build/resources/main/de/uka/ilkd/key/java/JavaRedux/java/io/InputStream.java 
48683      WARN  main            d.u.i.k.j.r.KeYCrossReferenceNameInfo Datatype java.lang.System declared twice: Once in FILE:/home/runner/work/key/key/key.core/../key.ui/examples/standard_key/java_dl/classpath/System.java and once in URL:file:/home/runner/work/key/key/key.core/build/resources/main/de/uka/ilkd/key/java/JavaRedux/java/lang/System.java, Keeping one from URL:file:/home/runner/work/key/key/key.core/build/resources/main/de/uka/ilkd/key/java/JavaRedux/java/lang/System.java 
48687      DEBUG main            d.u.i.k.j.r.ClassFileDeclarationBuilder Parsing: package java.io; public class Closeable { } 
48687      DEBUG main            r.s.KeYCrossReferenceSourceInfo Dynamically created class: java.io.Closeable 
51142      DEBUG main            d.u.i.k.p.i.AbstractProblemLoader Init config took 2.48s 
51164      INFO  main            d.u.i.k.p.i.AbstractProblemLoader Replaying proof arrayUpdateSimp.key.proof 
51166      DEBUG main            d.u.i.k.p.i.IntermediateProofReplayer Proof replay took 515.99ns 
51167      DEBUG main            d.u.i.k.p.r.p.TestFile    ... success: reloaded. 
51168      INFO  main            d.u.i.k.p.r.p.TestFile    Now processing file /home/runner/work/key/key/key.core/../key.ui/examples/standard_key/java_dl/attributes.key 
51168      INFO  main            d.u.i.k.p.i.AbstractProblemLoader Loading environment from /home/runner/work/key/key/key.core/../key.ui/examples/standard_key/java_dl/attributes.key 
51168      DEBUG main            d.u.i.k.p.i.AbstractProblemLoader Environment load took 83.3ns 
51170      INFO  main            d.u.i.k.p.i.AbstractProblemLoader Creating init config 
53644      DEBUG main            d.u.i.k.p.i.AbstractProblemLoader Init config took 2.47s 
53662      INFO  main            d.u.i.k.p.i.AbstractProblemLoader Replaying proof attributes.key 
53664      DEBUG main            d.u.i.k.p.i.IntermediateProofReplayer Proof replay took 6.5ns 
53868      INFO  main            d.u.i.k.p.r.p.TestFile    ... finished proof: closed. 
54042      INFO  main            d.u.i.k.p.i.AbstractProblemLoader Loading environment from /home/runner/work/key/key/key.core/../key.ui/examples/standard_key/java_dl/attributes.key.proof 
54042      DEBUG main            d.u.i.k.p.i.AbstractProblemLoader Environment load took 107ns 
54044      INFO  main            d.u.i.k.p.i.AbstractProblemLoader Creating init config 
56423      DEBUG main            d.u.i.k.p.i.AbstractProblemLoader Init config took 2.38s 
56440      INFO  main            d.u.i.k.p.i.AbstractProblemLoader Replaying proof attributes.key.proof 
56474      DEBUG main            d.u.i.k.p.i.IntermediateProofReplayer Proof replay took 32.01ms 
56475      DEBUG main            d.u.i.k.p.r.p.TestFile    ... success: reloaded. 
56476      INFO  main            d.u.i.k.p.r.p.TestFile    Now processing file /home/runner/work/key/key/key.core/../key.ui/examples/standard_key/java_dl/break.key 
56476      INFO  main            d.u.i.k.p.i.AbstractProblemLoader Loading environment from /home/runner/work/key/key/key.core/../key.ui/examples/standard_key/java_dl/break.key 
56476      DEBUG main            d.u.i.k.p.i.AbstractProblemLoader Environment load took 70.3ns 
56477      INFO  main            d.u.i.k.p.i.AbstractProblemLoader Creating init config 
56498      WARN  main            d.u.i.k.j.r.KeYCrossReferenceNameInfo Datatype java.io.PrintStream declared twice: Once in FILE:/home/runner/work/key/key/key.core/../key.ui/examples/standard_key/java_dl/classpath/PrintStream.java and once in URL:file:/home/runner/work/key/key/key.core/build/resources/main/de/uka/ilkd/key/java/JavaRedux/java/io/PrintStream.java, Keeping one from URL:file:/home/runner/work/key/key/key.core/build/resources/main/de/uka/ilkd/key/java/JavaRedux/java/io/PrintStream.java 
56498      WARN  main            d.u.i.k.j.r.KeYCrossReferenceNameInfo Datatype java.io.InputStream declared twice: Once in FILE:/home/runner/work/key/key/key.core/../key.ui/examples/standard_key/java_dl/classpath/InputStream.java and once in URL:file:/home/runner/work/key/key/key.core/build/resources/main/de/uka/ilkd/key/java/JavaRedux/java/io/InputStream.java, Keeping one from URL:file:/home/runner/work/key/key/key.core/build/resources/main/de/uka/ilkd/key/java/JavaRedux/java/io/InputStream.java 
56498      WARN  main            d.u.i.k.j.r.KeYCrossReferenceNameInfo Datatype java.lang.System declared twice: Once in FILE:/home/runner/work/key/key/key.core/../key.ui/examples/standard_key/java_dl/classpath/System.java and once in URL:file:/home/runner/work/key/key/key.core/build/resources/main/de/uka/ilkd/key/java/JavaRedux/java/lang/System.java, Keeping one from URL:file:/home/runner/work/key/key/key.core/build/resources/main/de/uka/ilkd/key/java/JavaRedux/java/lang/System.java 
56501      DEBUG main            d.u.i.k.j.r.ClassFileDeclarationBuilder Parsing: package java.io; public class Closeable { } 
56502      DEBUG main            r.s.KeYCrossReferenceSourceInfo Dynamically created class: java.io.Closeable 
58925      DEBUG main            d.u.i.k.p.i.AbstractProblemLoader Init config took 2.45s 
58942      INFO  main            d.u.i.k.p.i.AbstractProblemLoader Replaying proof break.key 
58943      DEBUG main            d.u.i.k.p.i.IntermediateProofReplayer Proof replay took 6ns 
59046      INFO  main            d.u.i.k.p.r.p.TestFile    ... finished proof: closed. 
59230      INFO  main            d.u.i.k.p.i.AbstractProblemLoader Loading environment from /home/runner/work/key/key/key.core/../key.ui/examples/standard_key/java_dl/break.key.proof 
59230      DEBUG main            d.u.i.k.p.i.AbstractProblemLoader Environment load took 105.5ns 
59231      INFO  main            d.u.i.k.p.i.AbstractProblemLoader Creating init config 
59251      WARN  main            d.u.i.k.j.r.KeYCrossReferenceNameInfo Datatype java.io.PrintStream declared twice: Once in FILE:/home/runner/work/key/key/key.core/../key.ui/examples/standard_key/java_dl/classpath/PrintStream.java and once in URL:file:/home/runner/work/key/key/key.core/build/resources/main/de/uka/ilkd/key/java/JavaRedux/java/io/PrintStream.java, Keeping one from URL:file:/home/runner/work/key/key/key.core/build/resources/main/de/uka/ilkd/key/java/JavaRedux/java/io/PrintStream.java 
59252      WARN  main            d.u.i.k.j.r.KeYCrossReferenceNameInfo Datatype java.io.InputStream declared twice: Once in FILE:/home/runner/work/key/key/key.core/../key.ui/examples/standard_key/java_dl/classpath/InputStream.java and once in URL:file:/home/runner/work/key/key/key.core/build/resources/main/de/uka/ilkd/key/java/JavaRedux/java/io/InputStream.java, Keeping one from URL:file:/home/runner/work/key/key/key.core/build/resources/main/de/uka/ilkd/key/java/JavaRedux/java/io/InputStream.java 
59252      WARN  main            d.u.i.k.j.r.KeYCrossReferenceNameInfo Datatype java.lang.System declared twice: Once in FILE:/home/runner/work/key/key/key.core/../key.ui/examples/standard_key/java_dl/classpath/System.java and once in URL:file:/home/runner/work/key/key/key.core/build/resources/main/de/uka/ilkd/key/java/JavaRedux/java/lang/System.java, Keeping one from URL:file:/home/runner/work/key/key/key.core/build/resources/main/de/uka/ilkd/key/java/JavaRedux/java/lang/System.java 
59255      DEBUG main            d.u.i.k.j.r.ClassFileDeclarationBuilder Parsing: package java.io; public class Closeable { } 
59255      DEBUG main            r.s.KeYCrossReferenceSourceInfo Dynamically created class: java.io.Closeable 
61579      DEBUG main            d.u.i.k.p.i.AbstractProblemLoader Init config took 2.35s 
61594      INFO  main            d.u.i.k.p.i.AbstractProblemLoader Replaying proof break.key.proof 
61603      DEBUG main            d.u.i.k.p.i.IntermediateProofReplayer Proof replay took 7.04ms 
61604      DEBUG main            d.u.i.k.p.r.p.TestFile    ... success: reloaded. 
61604      INFO  main            d.u.i.k.p.r.p.TestFile    Now processing file /home/runner/work/key/key/key.core/../key.ui/examples/standard_key/java_dl/char.key 
61605      INFO  main            d.u.i.k.p.i.AbstractProblemLoader Loading environment from /home/runner/work/key/key/key.core/../key.ui/examples/standard_key/java_dl/char.key 
61605      DEBUG main            d.u.i.k.p.i.AbstractProblemLoader Environment load took 82.8ns 
61606      INFO  main            d.u.i.k.p.i.AbstractProblemLoader Creating init config 
63978      DEBUG main            d.u.i.k.p.i.AbstractProblemLoader Init config took 2.37s 
63993      INFO  main            d.u.i.k.p.i.AbstractProblemLoader Replaying proof char.key 
63994      DEBUG main            d.u.i.k.p.i.IntermediateProofReplayer Proof replay took 6.5ns 
64099      INFO  main            d.u.i.k.p.r.p.TestFile    ... finished proof: closed. 
64279      INFO  main            d.u.i.k.p.i.AbstractProblemLoader Loading environment from /home/runner/work/key/key/key.core/../key.ui/examples/standard_key/java_dl/char.key.proof 
64280      DEBUG main            d.u.i.k.p.i.AbstractProblemLoader Environment load took 109.7ns 
64280      INFO  main            d.u.i.k.p.i.AbstractProblemLoader Creating init config 
66589      DEBUG main            d.u.i.k.p.i.AbstractProblemLoader Init config took 2.31s 
66603      INFO  main            d.u.i.k.p.i.AbstractProblemLoader Replaying proof char.key.proof 
66608      DEBUG main            d.u.i.k.p.i.IntermediateProofReplayer Proof replay took 2.61ms 
66609      DEBUG main            d.u.i.k.p.r.p.TestFile    ... success: reloaded. 
66609      INFO  main            d.u.i.k.p.r.p.TestFile    Now processing file /home/runner/work/key/key/key.core/../key.ui/examples/standard_key/java_dl/compileTimeConstants.key 
66609      INFO  main            d.u.i.k.p.i.AbstractProblemLoader Loading environment from /home/runner/work/key/key/key.core/../key.ui/examples/standard_key/java_dl/compileTimeConstants.key 
66609      DEBUG main            d.u.i.k.p.i.AbstractProblemLoader Environment load took 98.6ns 
66611      INFO  main            d.u.i.k.p.i.AbstractProblemLoader Creating init config 
69032      DEBUG main            d.u.i.k.p.i.AbstractProblemLoader Init config took 2.42s 
69047      INFO  main            d.u.i.k.p.i.AbstractProblemLoader Replaying proof compileTimeConstants.key 
69049      DEBUG main            d.u.i.k.p.i.IntermediateProofReplayer Proof replay took 5.9ns 
69151      INFO  main            d.u.i.k.p.r.p.TestFile    ... finished proof: closed. 
69364      INFO  main            d.u.i.k.p.i.AbstractProblemLoader Loading environment from /home/runner/work/key/key/key.core/../key.ui/examples/standard_key/java_dl/compileTimeConstants.key.proof 
69364      DEBUG main            d.u.i.k.p.i.AbstractProblemLoader Environment load took 110.3ns 
69365      INFO  main            d.u.i.k.p.i.AbstractProblemLoader Creating init config 
71718      DEBUG main            d.u.i.k.p.i.AbstractProblemLoader Init config took 2.35s 
71732      INFO  main            d.u.i.k.p.i.AbstractProblemLoader Replaying proof compileTimeConstants.key.proof 
71744      DEBUG main            d.u.i.k.p.i.IntermediateProofReplayer Proof replay took 10.14ms 
71745      DEBUG main            d.u.i.k.p.r.p.TestFile    ... success: reloaded. 
71746      INFO  main            d.u.i.k.p.r.p.TestFile    Now processing file /home/runner/work/key/key/key.core/../key.ui/examples/standard_key/java_dl/constructorException/test.key 
71746      INFO  main            d.u.i.k.p.i.AbstractProblemLoader Loading environment from /home/runner/work/key/key/key.core/../key.ui/examples/standard_key/java_dl/constructorException/test.key 
71746      DEBUG main            d.u.i.k.p.i.AbstractProblemLoader Environment load took 80.2ns 
71747      INFO  main            d.u.i.k.p.i.AbstractProblemLoader Creating init config 
74189      DEBUG main            d.u.i.k.p.i.AbstractProblemLoader Init config took 2.44s 
74274      INFO  main            d.u.i.k.p.i.AbstractProblemLoader Replaying proof Test[Test::Test(int)].JML operation contract.0 
74275      DEBUG main            d.u.i.k.p.i.IntermediateProofReplayer Proof replay took 5.5ns 
74578      INFO  main            d.u.i.k.p.r.p.TestFile    ... finished proof: closed. 
74804      INFO  main            d.u.i.k.p.i.AbstractProblemLoader Loading environment from /home/runner/work/key/key/key.core/../key.ui/examples/standard_key/java_dl/constructorException/test.key.proof 
74804      DEBUG main            d.u.i.k.p.i.AbstractProblemLoader Environment load took 105.2ns 
74805      INFO  main            d.u.i.k.p.i.AbstractProblemLoader Creating init config 
77182      DEBUG main            d.u.i.k.p.i.AbstractProblemLoader Init config took 2.38s 
77231      INFO  main            d.u.i.k.p.i.AbstractProblemLoader Replaying proof Test[Test::Test(int)].JML operation contract.0 
77314      DEBUG main            d.u.i.k.p.i.IntermediateProofReplayer Proof replay took 70.14ms 
77322      DEBUG main            d.u.i.k.p.r.p.TestFile    ... success: reloaded. 
77323      INFO  main            d.u.i.k.p.r.p.TestFile    Now processing file /home/runner/work/key/key/key.core/../key.ui/examples/standard_key/java_dl/constructorException/regressionTestBug1333.key 
77323      INFO  main            d.u.i.k.p.i.AbstractProblemLoader Loading environment from /home/runner/work/key/key/key.core/../key.ui/examples/standard_key/java_dl/constructorException/regressionTestBug1333.key 
77324      DEBUG main            d.u.i.k.p.i.AbstractProblemLoader Environment load took 173.9ns 
77324      INFO  main            d.u.i.k.p.i.AbstractProblemLoader Creating init config 
79728      DEBUG main            d.u.i.k.p.i.AbstractProblemLoader Init config took 2.4s 
79767      INFO  main            d.u.i.k.p.i.AbstractProblemLoader Replaying proof False[False::False()].JML normal_behavior operation contract.0 
79769      DEBUG main            d.u.i.k.p.i.IntermediateProofReplayer Proof replay took 5.4ns 
79871      INFO  main            d.u.i.k.p.r.p.TestFile    ... finished proof: open goal(s) 
80076      INFO  main            d.u.i.k.p.r.p.TestFile    Now processing file /home/runner/work/key/key/key.core/../key.ui/examples/standard_key/java_dl/continue1.key 
80076      INFO  main            d.u.i.k.p.i.AbstractProblemLoader Loading environment from /home/runner/work/key/key/key.core/../key.ui/examples/standard_key/java_dl/continue1.key 
80076      DEBUG main            d.u.i.k.p.i.AbstractProblemLoader Environment load took 53.9ns 
80078      INFO  main            d.u.i.k.p.i.AbstractProblemLoader Creating init config 
80097      WARN  main            d.u.i.k.j.r.KeYCrossReferenceNameInfo Datatype java.io.PrintStream declared twice: Once in FILE:/home/runner/work/key/key/key.core/../key.ui/examples/standard_key/java_dl/classpath/PrintStream.java and once in URL:file:/home/runner/work/key/key/key.core/build/resources/main/de/uka/ilkd/key/java/JavaRedux/java/io/PrintStream.java, Keeping one from URL:file:/home/runner/work/key/key/key.core/build/resources/main/de/uka/ilkd/key/java/JavaRedux/java/io/PrintStream.java 
80097      WARN  main            d.u.i.k.j.r.KeYCrossReferenceNameInfo Datatype java.io.InputStream declared twice: Once in FILE:/home/runner/work/key/key/key.core/../key.ui/examples/standard_key/java_dl/classpath/InputStream.java and once in URL:file:/home/runner/work/key/key/key.core/build/resources/main/de/uka/ilkd/key/java/JavaRedux/java/io/InputStream.java, Keeping one from URL:file:/home/runner/work/key/key/key.core/build/resources/main/de/uka/ilkd/key/java/JavaRedux/java/io/InputStream.java 
80097      WARN  main            d.u.i.k.j.r.KeYCrossReferenceNameInfo Datatype java.lang.System declared twice: Once in FILE:/home/runner/work/key/key/key.core/../key.ui/examples/standard_key/java_dl/classpath/System.java and once in URL:file:/home/runner/work/key/key/key.core/build/resources/main/de/uka/ilkd/key/java/JavaRedux/java/lang/System.java, Keeping one from URL:file:/home/runner/work/key/key/key.core/build/resources/main/de/uka/ilkd/key/java/JavaRedux/java/lang/System.java 
80100      DEBUG main            d.u.i.k.j.r.ClassFileDeclarationBuilder Parsing: package java.io; public class Closeable { } 
80101      DEBUG main            r.s.KeYCrossReferenceSourceInfo Dynamically created class: java.io.Closeable 
82431      DEBUG main            d.u.i.k.p.i.AbstractProblemLoader Init config took 2.35s 
82445      INFO  main            d.u.i.k.p.i.AbstractProblemLoader Replaying proof continue1.key 
82447      DEBUG main            d.u.i.k.p.i.IntermediateProofReplayer Proof replay took 5.5ns 
82552      INFO  main            d.u.i.k.p.r.p.TestFile    ... finished proof: closed. 
82744      INFO  main            d.u.i.k.p.i.AbstractProblemLoader Loading environment from /home/runner/work/key/key/key.core/../key.ui/examples/standard_key/java_dl/continue1.key.proof 
82744      DEBUG main            d.u.i.k.p.i.AbstractProblemLoader Environment load took 103.5ns 
82745      INFO  main            d.u.i.k.p.i.AbstractProblemLoader Creating init config 
82765      WARN  main            d.u.i.k.j.r.KeYCrossReferenceNameInfo Datatype java.io.PrintStream declared twice: Once in FILE:/home/runner/work/key/key/key.core/../key.ui/examples/standard_key/java_dl/classpath/PrintStream.java and once in URL:file:/home/runner/work/key/key/key.core/build/resources/main/de/uka/ilkd/key/java/JavaRedux/java/io/PrintStream.java, Keeping one from URL:file:/home/runner/work/key/key/key.core/build/resources/main/de/uka/ilkd/key/java/JavaRedux/java/io/PrintStream.java 
82765      WARN  main            d.u.i.k.j.r.KeYCrossReferenceNameInfo Datatype java.io.InputStream declared twice: Once in FILE:/home/runner/work/key/key/key.core/../key.ui/examples/standard_key/java_dl/classpath/InputStream.java and once in URL:file:/home/runner/work/key/key/key.core/build/resources/main/de/uka/ilkd/key/java/JavaRedux/java/io/InputStream.java, Keeping one from URL:file:/home/runner/work/key/key/key.core/build/resources/main/de/uka/ilkd/key/java/JavaRedux/java/io/InputStream.java 
82765      WARN  main            d.u.i.k.j.r.KeYCrossReferenceNameInfo Datatype java.lang.System declared twice: Once in FILE:/home/runner/work/key/key/key.core/../key.ui/examples/standard_key/java_dl/classpath/System.java and once in URL:file:/home/runner/work/key/key/key.core/build/resources/main/de/uka/ilkd/key/java/JavaRedux/java/lang/System.java, Keeping one from URL:file:/home/runner/work/key/key/key.core/build/resources/main/de/uka/ilkd/key/java/JavaRedux/java/lang/System.java 
82768      DEBUG main            d.u.i.k.j.r.ClassFileDeclarationBuilder Parsing: package java.io; public class Closeable { } 
82768      DEBUG main            r.s.KeYCrossReferenceSourceInfo Dynamically created class: java.io.Closeable 
85075      DEBUG main            d.u.i.k.p.i.AbstractProblemLoader Init config took 2.33s 
85088      INFO  main            d.u.i.k.p.i.AbstractProblemLoader Replaying proof continue1.key.proof 
85109      DEBUG main            d.u.i.k.p.i.IntermediateProofReplayer Proof replay took 18.04ms 
85110      DEBUG main            d.u.i.k.p.r.p.TestFile    ... success: reloaded. 
85111      INFO  main            d.u.i.k.p.r.p.TestFile    Now processing file /home/runner/work/key/key/key.core/../key.ui/examples/standard_key/java_dl/continue2.key 
85112      INFO  main            d.u.i.k.p.i.AbstractProblemLoader Loading environment from /home/runner/work/key/key/key.core/../key.ui/examples/standard_key/java_dl/continue2.key 
85112      DEBUG main            d.u.i.k.p.i.AbstractProblemLoader Environment load took 203.4ns 
85113      INFO  main            d.u.i.k.p.i.AbstractProblemLoader Creating init config 
85132      WARN  main            d.u.i.k.j.r.KeYCrossReferenceNameInfo Datatype java.io.PrintStream declared twice: Once in FILE:/home/runner/work/key/key/key.core/../key.ui/examples/standard_key/java_dl/classpath/PrintStream.java and once in URL:file:/home/runner/work/key/key/key.core/build/resources/main/de/uka/ilkd/key/java/JavaRedux/java/io/PrintStream.java, Keeping one from URL:file:/home/runner/work/key/key/key.core/build/resources/main/de/uka/ilkd/key/java/JavaRedux/java/io/PrintStream.java 
85133      WARN  main            d.u.i.k.j.r.KeYCrossReferenceNameInfo Datatype java.io.InputStream declared twice: Once in FILE:/home/runner/work/key/key/key.core/../key.ui/examples/standard_key/java_dl/classpath/InputStream.java and once in URL:file:/home/runner/work/key/key/key.core/build/resources/main/de/uka/ilkd/key/java/JavaRedux/java/io/InputStream.java, Keeping one from URL:file:/home/runner/work/key/key/key.core/build/resources/main/de/uka/ilkd/key/java/JavaRedux/java/io/InputStream.java 
85133      WARN  main            d.u.i.k.j.r.KeYCrossReferenceNameInfo Datatype java.lang.System declared twice: Once in FILE:/home/runner/work/key/key/key.core/../key.ui/examples/standard_key/java_dl/classpath/System.java and once in URL:file:/home/runner/work/key/key/key.core/build/resources/main/de/uka/ilkd/key/java/JavaRedux/java/lang/System.java, Keeping one from URL:file:/home/runner/work/key/key/key.core/build/resources/main/de/uka/ilkd/key/java/JavaRedux/java/lang/System.java 
85136      DEBUG main            d.u.i.k.j.r.ClassFileDeclarationBuilder Parsing: package java.io; public class Closeable { } 
85136      DEBUG main            r.s.KeYCrossReferenceSourceInfo Dynamically created class: java.io.Closeable 
87512      DEBUG main            d.u.i.k.p.i.AbstractProblemLoader Init config took 2.4s 
87526      INFO  main            d.u.i.k.p.i.AbstractProblemLoader Replaying proof continue2.key 
87527      DEBUG main            d.u.i.k.p.i.IntermediateProofReplayer Proof replay took 6.5ns 
87830      INFO  main            d.u.i.k.p.r.p.TestFile    ... finished proof: closed. 
88040      INFO  main            d.u.i.k.p.i.AbstractProblemLoader Loading environment from /home/runner/work/key/key/key.core/../key.ui/examples/standard_key/java_dl/continue2.key.proof 
88045      DEBUG main            d.u.i.k.p.i.AbstractProblemLoader Environment load took 5.07ms 
88047      INFO  main            d.u.i.k.p.i.AbstractProblemLoader Creating init config 
88069      WARN  main            d.u.i.k.j.r.KeYCrossReferenceNameInfo Datatype java.io.PrintStream declared twice: Once in FILE:/home/runner/work/key/key/key.core/../key.ui/examples/standard_key/java_dl/classpath/PrintStream.java and once in URL:file:/home/runner/work/key/key/key.core/build/resources/main/de/uka/ilkd/key/java/JavaRedux/java/io/PrintStream.java, Keeping one from URL:file:/home/runner/work/key/key/key.core/build/resources/main/de/uka/ilkd/key/java/JavaRedux/java/io/PrintStream.java 
88070      WARN  main            d.u.i.k.j.r.KeYCrossReferenceNameInfo Datatype java.io.InputStream declared twice: Once in FILE:/home/runner/work/key/key/key.core/../key.ui/examples/standard_key/java_dl/classpath/InputStream.java and once in URL:file:/home/runner/work/key/key/key.core/build/resources/main/de/uka/ilkd/key/java/JavaRedux/java/io/InputStream.java, Keeping one from URL:file:/home/runner/work/key/key/key.core/build/resources/main/de/uka/ilkd/key/java/JavaRedux/java/io/InputStream.java 
88070      WARN  main            d.u.i.k.j.r.KeYCrossReferenceNameInfo Datatype java.lang.System declared twice: Once in FILE:/home/runner/work/key/key/key.core/../key.ui/examples/standard_key/java_dl/classpath/System.java and once in URL:file:/home/runner/work/key/key/key.core/build/resources/main/de/uka/ilkd/key/java/JavaRedux/java/lang/System.java, Keeping one from URL:file:/home/runner/work/key/key/key.core/build/resources/main/de/uka/ilkd/key/java/JavaRedux/java/lang/System.java 
88073      DEBUG main            d.u.i.k.j.r.ClassFileDeclarationBuilder Parsing: package java.io; public class Closeable { } 
88073      DEBUG main            r.s.KeYCrossReferenceSourceInfo Dynamically created class: java.io.Closeable 
90406      DEBUG main            d.u.i.k.p.i.AbstractProblemLoader Init config took 2.36s 
90420      INFO  main            d.u.i.k.p.i.AbstractProblemLoader Replaying proof continue2.key.proof 
90496      DEBUG main            d.u.i.k.p.i.IntermediateProofReplayer Proof replay took 73.11ms 
90497      DEBUG main            d.u.i.k.p.r.p.TestFile    ... success: reloaded. 
90498      INFO  main            d.u.i.k.p.r.p.TestFile    Now processing file /home/runner/work/key/key/key.core/../key.ui/examples/standard_key/java_dl/complexAssignment.key 
90498      INFO  main            d.u.i.k.p.i.AbstractProblemLoader Loading environment from /home/runner/work/key/key/key.core/../key.ui/examples/standard_key/java_dl/complexAssignment.key 
90499      DEBUG main            d.u.i.k.p.i.AbstractProblemLoader Environment load took 150.5ns 
90500      INFO  main            d.u.i.k.p.i.AbstractProblemLoader Creating init config 
92842      DEBUG main            d.u.i.k.p.i.AbstractProblemLoader Init config took 2.34s 
92855      INFO  main            d.u.i.k.p.i.AbstractProblemLoader Replaying proof complexAssignment.key 
92857      DEBUG main            d.u.i.k.p.i.IntermediateProofReplayer Proof replay took 7.1ns 
92959      INFO  main            d.u.i.k.p.r.p.TestFile    ... finished proof: closed. 
93171      INFO  main            d.u.i.k.p.i.AbstractProblemLoader Loading environment from /home/runner/work/key/key/key.core/../key.ui/examples/standard_key/java_dl/complexAssignment.key.proof 
93171      DEBUG main            d.u.i.k.p.i.AbstractProblemLoader Environment load took 93.9ns 
93172      INFO  main            d.u.i.k.p.i.AbstractProblemLoader Creating init config 
95448      DEBUG main            d.u.i.k.p.i.AbstractProblemLoader Init config took 2.28s 
95462      INFO  main            d.u.i.k.p.i.AbstractProblemLoader Replaying proof complexAssignment.key.proof 
95470      DEBUG main            d.u.i.k.p.i.IntermediateProofReplayer Proof replay took 6.08ms 
95470      DEBUG main            d.u.i.k.p.r.p.TestFile    ... success: reloaded. 
95471      INFO  main            d.u.i.k.p.r.p.TestFile    Now processing file /home/runner/work/key/key/key.core/../key.ui/examples/standard_key/java_dl/danglingElseSolution1.key 
95471      INFO  main            d.u.i.k.p.i.AbstractProblemLoader Loading environment from /home/runner/work/key/key/key.core/../key.ui/examples/standard_key/java_dl/danglingElseSolution1.key 
95471      DEBUG main            d.u.i.k.p.i.AbstractProblemLoader Environment load took 76.8ns 
95472      INFO  main            d.u.i.k.p.i.AbstractProblemLoader Creating init config 
97815      DEBUG main            d.u.i.k.p.i.AbstractProblemLoader Init config took 2.34s 
97829      INFO  main            d.u.i.k.p.i.AbstractProblemLoader Replaying proof danglingElseSolution1.key 
97830      DEBUG main            d.u.i.k.p.i.IntermediateProofReplayer Proof replay took 5.8ns 
97932      INFO  main            d.u.i.k.p.r.p.TestFile    ... finished proof: closed. 
98160      INFO  main            d.u.i.k.p.i.AbstractProblemLoader Loading environment from /home/runner/work/key/key/key.core/../key.ui/examples/standard_key/java_dl/danglingElseSolution1.key.proof 
98160      DEBUG main            d.u.i.k.p.i.AbstractProblemLoader Environment load took 99.7ns 
98161      INFO  main            d.u.i.k.p.i.AbstractProblemLoader Creating init config 
100437     DEBUG main            d.u.i.k.p.i.AbstractProblemLoader Init config took 2.28s 
100451     INFO  main            d.u.i.k.p.i.AbstractProblemLoader Replaying proof danglingElseSolution1.key.proof 
100461     DEBUG main            d.u.i.k.p.i.IntermediateProofReplayer Proof replay took 8.09ms 
100461     DEBUG main            d.u.i.k.p.r.p.TestFile    ... success: reloaded. 
100462     INFO  main            d.u.i.k.p.r.p.TestFile    Now processing file /home/runner/work/key/key/key.core/../key.ui/examples/standard_key/java_dl/danglingElseSolution2.key 
100462     INFO  main            d.u.i.k.p.i.AbstractProblemLoader Loading environment from /home/runner/work/key/key/key.core/../key.ui/examples/standard_key/java_dl/danglingElseSolution2.key 
100462     DEBUG main            d.u.i.k.p.i.AbstractProblemLoader Environment load took 62.2ns 
100463     INFO  main            d.u.i.k.p.i.AbstractProblemLoader Creating init config 
102829     DEBUG main            d.u.i.k.p.i.AbstractProblemLoader Init config took 2.37s 
102844     INFO  main            d.u.i.k.p.i.AbstractProblemLoader Replaying proof danglingElseSolution2.key 
102845     DEBUG main            d.u.i.k.p.i.IntermediateProofReplayer Proof replay took 6.6ns 
102948     INFO  main            d.u.i.k.p.r.p.TestFile    ... finished proof: closed. 
103164     INFO  main            d.u.i.k.p.i.AbstractProblemLoader Loading environment from /home/runner/work/key/key/key.core/../key.ui/examples/standard_key/java_dl/danglingElseSolution2.key.proof 
103164     DEBUG main            d.u.i.k.p.i.AbstractProblemLoader Environment load took 94.5ns 
103165     INFO  main            d.u.i.k.p.i.AbstractProblemLoader Creating init config 
105425     DEBUG main            d.u.i.k.p.i.AbstractProblemLoader Init config took 2.26s 
105438     INFO  main            d.u.i.k.p.i.AbstractProblemLoader Replaying proof danglingElseSolution2.key.proof 
105449     DEBUG main            d.u.i.k.p.i.IntermediateProofReplayer Proof replay took 8.2ms 
105450     DEBUG main            d.u.i.k.p.r.p.TestFile    ... success: reloaded. 
105450     INFO  main            d.u.i.k.p.r.p.TestFile    Now processing file /home/runner/work/key/key/key.core/../key.ui/examples/standard_key/java_dl/deepNonNull/deepNonNull0.key 
105451     INFO  main            d.u.i.k.p.i.AbstractProblemLoader Loading environment from /home/runner/work/key/key/key.core/../key.ui/examples/standard_key/java_dl/deepNonNull/deepNonNull0.key 
105451     DEBUG main            d.u.i.k.p.i.AbstractProblemLoader Environment load took 85ns 
105451     INFO  main            d.u.i.k.p.i.AbstractProblemLoader Creating init config 
107836     DEBUG main            d.u.i.k.p.i.AbstractProblemLoader Init config took 2.38s 
107874     INFO  main            d.u.i.k.p.i.AbstractProblemLoader Replaying proof Arrays[Arrays::get()].JML operation contract.0 
107875     DEBUG main            d.u.i.k.p.i.IntermediateProofReplayer Proof replay took 6.7ns 
108077     INFO  main            d.u.i.k.p.r.p.TestFile    ... finished proof: closed. 
108299     INFO  main            d.u.i.k.p.i.AbstractProblemLoader Loading environment from /home/runner/work/key/key/key.core/../key.ui/examples/standard_key/java_dl/deepNonNull/deepNonNull0.key.proof 
108299     DEBUG main            d.u.i.k.p.i.AbstractProblemLoader Environment load took 117.8ns 
108300     INFO  main            d.u.i.k.p.i.AbstractProblemLoader Creating init config 
110645     DEBUG main            d.u.i.k.p.i.AbstractProblemLoader Init config took 2.35s 
110681     INFO  main            d.u.i.k.p.i.AbstractProblemLoader Replaying proof Arrays[Arrays::get()].JML operation contract.0 
110709     DEBUG main            d.u.i.k.p.i.IntermediateProofReplayer Proof replay took 25.7ms 
110710     DEBUG main            d.u.i.k.p.r.p.TestFile    ... success: reloaded. 
110711     INFO  main            d.u.i.k.p.r.p.TestFile    Now processing file /home/runner/work/key/key/key.core/../key.ui/examples/standard_key/java_dl/deepNonNull/deepNonNull1.key 
110711     INFO  main            d.u.i.k.p.i.AbstractProblemLoader Loading environment from /home/runner/work/key/key/key.core/../key.ui/examples/standard_key/java_dl/deepNonNull/deepNonNull1.key 
110711     DEBUG main            d.u.i.k.p.i.AbstractProblemLoader Environment load took 74.3ns 
110712     INFO  main            d.u.i.k.p.i.AbstractProblemLoader Creating init config 
113088     DEBUG main            d.u.i.k.p.i.AbstractProblemLoader Init config took 2.38s 
113143     INFO  main            d.u.i.k.p.i.AbstractProblemLoader Replaying proof Arrays[Arrays::head()].JML operation contract.0 
113144     DEBUG main            d.u.i.k.p.i.IntermediateProofReplayer Proof replay took 6.3ns 
113246     INFO  main            d.u.i.k.p.r.p.TestFile    ... finished proof: closed. 
113473     INFO  main            d.u.i.k.p.i.AbstractProblemLoader Loading environment from /home/runner/work/key/key/key.core/../key.ui/examples/standard_key/java_dl/deepNonNull/deepNonNull1.key.proof 
113473     DEBUG main            d.u.i.k.p.i.AbstractProblemLoader Environment load took 96.1ns 
113474     INFO  main            d.u.i.k.p.i.AbstractProblemLoader Creating init config 
115820     DEBUG main            d.u.i.k.p.i.AbstractProblemLoader Init config took 2.35s 
115855     INFO  main            d.u.i.k.p.i.AbstractProblemLoader Replaying proof Arrays[Arrays::head()].JML operation contract.0 
115880     DEBUG main            d.u.i.k.p.i.IntermediateProofReplayer Proof replay took 22.16ms 
115881     DEBUG main            d.u.i.k.p.r.p.TestFile    ... success: reloaded. 
115881     INFO  main            d.u.i.k.p.r.p.TestFile    Now processing file /home/runner/work/key/key/key.core/../key.ui/examples/standard_key/java_dl/deepNonNull/deepNonNull2.key 
115881     INFO  main            d.u.i.k.p.i.AbstractProblemLoader Loading environment from /home/runner/work/key/key/key.core/../key.ui/examples/standard_key/java_dl/deepNonNull/deepNonNull2.key 
115881     DEBUG main            d.u.i.k.p.i.AbstractProblemLoader Environment load took 75.7ns 
115882     INFO  main            d.u.i.k.p.i.AbstractProblemLoader Creating init config 
118295     DEBUG main            d.u.i.k.p.i.AbstractProblemLoader Init config took 2.41s 
118330     INFO  main            d.u.i.k.p.i.AbstractProblemLoader Replaying proof Arrays[Arrays::unprovable(java.lang.Object)].JML operation contract.0 
118331     DEBUG main            d.u.i.k.p.i.IntermediateProofReplayer Proof replay took 6ns 
118436     INFO  main            d.u.i.k.p.r.p.TestFile    ... finished proof: open goal(s) 
118684     INFO  main            d.u.i.k.p.r.p.TestFile    Now processing file /home/runner/work/key/key/key.core/../key.ui/examples/standard_key/java_dl/deepNonNull/deepNonNull3.key 
118684     INFO  main            d.u.i.k.p.i.AbstractProblemLoader Loading environment from /home/runner/work/key/key/key.core/../key.ui/examples/standard_key/java_dl/deepNonNull/deepNonNull3.key 
118684     DEBUG main            d.u.i.k.p.i.AbstractProblemLoader Environment load took 56.5ns 
118685     INFO  main            d.u.i.k.p.i.AbstractProblemLoader Creating init config 
121041     DEBUG main            d.u.i.k.p.i.AbstractProblemLoader Init config took 2.36s 
121076     INFO  main            d.u.i.k.p.i.AbstractProblemLoader Replaying proof Arrays[Arrays::head([[[[Ljava.lang.Object)].JML operation contract.0 
121077     DEBUG main            d.u.i.k.p.i.IntermediateProofReplayer Proof replay took 6.7ns 
121985     INFO  main            d.u.i.k.p.r.p.TestFile    ... finished proof: closed. 
122230     INFO  main            d.u.i.k.p.i.AbstractProblemLoader Loading environment from /home/runner/work/key/key/key.core/../key.ui/examples/standard_key/java_dl/deepNonNull/deepNonNull3.key.proof 
122230     DEBUG main            d.u.i.k.p.i.AbstractProblemLoader Environment load took 327ns 
122231     INFO  main            d.u.i.k.p.i.AbstractProblemLoader Creating init config 
124564     DEBUG main            d.u.i.k.p.i.AbstractProblemLoader Init config took 2.33s 
124603     INFO  main            d.u.i.k.p.i.AbstractProblemLoader Replaying proof Arrays[Arrays::head([[[[Ljava.lang.Object)].JML operation contract.0 
124704     DEBUG main            d.u.i.k.p.i.IntermediateProofReplayer Proof replay took 96.36ms 
124706     DEBUG main            d.u.i.k.p.r.p.TestFile    ... success: reloaded. 
124706     INFO  main            d.u.i.k.p.r.p.TestFile    Now processing file /home/runner/work/key/key/key.core/../key.ui/examples/standard_key/java_dl/exceptions.key 
124707     INFO  main            d.u.i.k.p.i.AbstractProblemLoader Loading environment from /home/runner/work/key/key/key.core/../key.ui/examples/standard_key/java_dl/exceptions.key 
124708     DEBUG main            d.u.i.k.p.i.AbstractProblemLoader Environment load took 1.12ms 
124709     INFO  main            d.u.i.k.p.i.AbstractProblemLoader Creating init config 
124730     WARN  main            d.u.i.k.j.r.KeYCrossReferenceNameInfo Datatype java.io.PrintStream declared twice: Once in FILE:/home/runner/work/key/key/key.core/../key.ui/examples/standard_key/java_dl/classpath/PrintStream.java and once in URL:file:/home/runner/work/key/key/key.core/build/resources/main/de/uka/ilkd/key/java/JavaRedux/java/io/PrintStream.java, Keeping one from URL:file:/home/runner/work/key/key/key.core/build/resources/main/de/uka/ilkd/key/java/JavaRedux/java/io/PrintStream.java 
124731     WARN  main            d.u.i.k.j.r.KeYCrossReferenceNameInfo Datatype java.io.InputStream declared twice: Once in FILE:/home/runner/work/key/key/key.core/../key.ui/examples/standard_key/java_dl/classpath/InputStream.java and once in URL:file:/home/runner/work/key/key/key.core/build/resources/main/de/uka/ilkd/key/java/JavaRedux/java/io/InputStream.java, Keeping one from URL:file:/home/runner/work/key/key/key.core/build/resources/main/de/uka/ilkd/key/java/JavaRedux/java/io/InputStream.java 
124735     WARN  main            d.u.i.k.j.r.KeYCrossReferenceNameInfo Datatype java.lang.System declared twice: Once in FILE:/home/runner/work/key/key/key.core/../key.ui/examples/standard_key/java_dl/classpath/System.java and once in URL:file:/home/runner/work/key/key/key.core/build/resources/main/de/uka/ilkd/key/java/JavaRedux/java/lang/System.java, Keeping one from URL:file:/home/runner/work/key/key/key.core/build/resources/main/de/uka/ilkd/key/java/JavaRedux/java/lang/System.java 
124738     DEBUG main            d.u.i.k.j.r.ClassFileDeclarationBuilder Parsing: package java.io; public class Closeable { } 
124738     DEBUG main            r.s.KeYCrossReferenceSourceInfo Dynamically created class: java.io.Closeable 
127093     DEBUG main            d.u.i.k.p.i.AbstractProblemLoader Init config took 2.38s 
127106     INFO  main            d.u.i.k.p.i.AbstractProblemLoader Replaying proof exceptions.key 
127108     DEBUG main            d.u.i.k.p.i.IntermediateProofReplayer Proof replay took 6.5ns 
127313     INFO  main            d.u.i.k.p.r.p.TestFile    ... finished proof: closed. 
127604     INFO  main            d.u.i.k.p.i.AbstractProblemLoader Loading environment from /home/runner/work/key/key/key.core/../key.ui/examples/standard_key/java_dl/exceptions.key.proof 
127605     DEBUG main            d.u.i.k.p.i.AbstractProblemLoader Environment load took 74.6ns 
127606     INFO  main            d.u.i.k.p.i.AbstractProblemLoader Creating init config 
127625     WARN  main            d.u.i.k.j.r.KeYCrossReferenceNameInfo Datatype java.io.PrintStream declared twice: Once in FILE:/home/runner/work/key/key/key.core/../key.ui/examples/standard_key/java_dl/classpath/PrintStream.java and once in URL:file:/home/runner/work/key/key/key.core/build/resources/main/de/uka/ilkd/key/java/JavaRedux/java/io/PrintStream.java, Keeping one from URL:file:/home/runner/work/key/key/key.core/build/resources/main/de/uka/ilkd/key/java/JavaRedux/java/io/PrintStream.java 
127626     WARN  main            d.u.i.k.j.r.KeYCrossReferenceNameInfo Datatype java.io.InputStream declared twice: Once in FILE:/home/runner/work/key/key/key.core/../key.ui/examples/standard_key/java_dl/classpath/InputStream.java and once in URL:file:/home/runner/work/key/key/key.core/build/resources/main/de/uka/ilkd/key/java/JavaRedux/java/io/InputStream.java, Keeping one from URL:file:/home/runner/work/key/key/key.core/build/resources/main/de/uka/ilkd/key/java/JavaRedux/java/io/InputStream.java 
127626     WARN  main            d.u.i.k.j.r.KeYCrossReferenceNameInfo Datatype java.lang.System declared twice: Once in FILE:/home/runner/work/key/key/key.core/../key.ui/examples/standard_key/java_dl/classpath/System.java and once in URL:file:/home/runner/work/key/key/key.core/build/resources/main/de/uka/ilkd/key/java/JavaRedux/java/lang/System.java, Keeping one from URL:file:/home/runner/work/key/key/key.core/build/resources/main/de/uka/ilkd/key/java/JavaRedux/java/lang/System.java 
127629     DEBUG main            d.u.i.k.j.r.ClassFileDeclarationBuilder Parsing: package java.io; public class Closeable { } 
127629     DEBUG main            r.s.KeYCrossReferenceSourceInfo Dynamically created class: java.io.Closeable 
129917     DEBUG main            d.u.i.k.p.i.AbstractProblemLoader Init config took 2.31s 
129930     INFO  main            d.u.i.k.p.i.AbstractProblemLoader Replaying proof exceptions.key.proof 
129972     DEBUG main            d.u.i.k.p.i.IntermediateProofReplayer Proof replay took 39ms 
129973     DEBUG main            d.u.i.k.p.r.p.TestFile    ... success: reloaded. 
129974     INFO  main            d.u.i.k.p.r.p.TestFile    Now processing file /home/runner/work/key/key/key.core/../key.ui/examples/standard_key/java_dl/exceptions1.key 
129975     INFO  main            d.u.i.k.p.i.AbstractProblemLoader Loading environment from /home/runner/work/key/key/key.core/../key.ui/examples/standard_key/java_dl/exceptions1.key 
129975     DEBUG main            d.u.i.k.p.i.AbstractProblemLoader Environment load took 148.2ns 
129976     INFO  main            d.u.i.k.p.i.AbstractProblemLoader Creating init config 
132302     DEBUG main            d.u.i.k.p.i.AbstractProblemLoader Init config took 2.33s 
132317     INFO  main            d.u.i.k.p.i.AbstractProblemLoader Replaying proof exceptions1.key 
132335     DEBUG main            d.u.i.k.p.i.IntermediateProofReplayer Proof replay took 8.8ns 
132542     INFO  main            d.u.i.k.p.r.p.TestFile    ... finished proof: closed. 
132797     INFO  main            d.u.i.k.p.i.AbstractProblemLoader Loading environment from /home/runner/work/key/key/key.core/../key.ui/examples/standard_key/java_dl/exceptions1.key.proof 
132797     DEBUG main            d.u.i.k.p.i.AbstractProblemLoader Environment load took 76.6ns 
132798     INFO  main            d.u.i.k.p.i.AbstractProblemLoader Creating init config 
135053     DEBUG main            d.u.i.k.p.i.AbstractProblemLoader Init config took 2.25s 
135068     INFO  main            d.u.i.k.p.i.AbstractProblemLoader Replaying proof exceptions1.key.proof 
135112     DEBUG main            d.u.i.k.p.i.IntermediateProofReplayer Proof replay took 40.26ms 
135113     DEBUG main            d.u.i.k.p.r.p.TestFile    ... success: reloaded. 
135115     INFO  main            d.u.i.k.p.r.p.TestFile    Now processing file /home/runner/work/key/key/key.core/../key.ui/examples/standard_key/java_dl/exceptions2.key 
135115     INFO  main            d.u.i.k.p.i.AbstractProblemLoader Loading environment from /home/runner/work/key/key/key.core/../key.ui/examples/standard_key/java_dl/exceptions2.key 
135115     DEBUG main            d.u.i.k.p.i.AbstractProblemLoader Environment load took 148.6ns 
135116     INFO  main            d.u.i.k.p.i.AbstractProblemLoader Creating init config 
137460     DEBUG main            d.u.i.k.p.i.AbstractProblemLoader Init config took 2.34s 
137477     INFO  main            d.u.i.k.p.i.AbstractProblemLoader Replaying proof exceptions2.key 
137480     DEBUG main            d.u.i.k.p.i.IntermediateProofReplayer Proof replay took 6.9ns 
137584     INFO  main            d.u.i.k.p.r.p.TestFile    ... finished proof: closed. 
137835     INFO  main            d.u.i.k.p.i.AbstractProblemLoader Loading environment from /home/runner/work/key/key/key.core/../key.ui/examples/standard_key/java_dl/exceptions2.key.proof 
137835     DEBUG main            d.u.i.k.p.i.AbstractProblemLoader Environment load took 79.2ns 
137836     INFO  main            d.u.i.k.p.i.AbstractProblemLoader Creating init config 
140093     DEBUG main            d.u.i.k.p.i.AbstractProblemLoader Init config took 2.26s 
140107     INFO  main            d.u.i.k.p.i.AbstractProblemLoader Replaying proof exceptions2.key.proof 
140137     DEBUG main            d.u.i.k.p.i.IntermediateProofReplayer Proof replay took 26.6ms 
140137     DEBUG main            d.u.i.k.p.r.p.TestFile    ... success: reloaded. 
140138     INFO  main            d.u.i.k.p.r.p.TestFile    Now processing file /home/runner/work/key/key/key.core/../key.ui/examples/standard_key/java_dl/exceptions3.key 
140138     INFO  main            d.u.i.k.p.i.AbstractProblemLoader Loading environment from /home/runner/work/key/key/key.core/../key.ui/examples/standard_key/java_dl/exceptions3.key 
140138     DEBUG main            d.u.i.k.p.i.AbstractProblemLoader Environment load took 61.7ns 
140139     INFO  main            d.u.i.k.p.i.AbstractProblemLoader Creating init config 
140158     WARN  main            d.u.i.k.j.r.KeYCrossReferenceNameInfo Datatype java.io.PrintStream declared twice: Once in FILE:/home/runner/work/key/key/key.core/../key.ui/examples/standard_key/java_dl/classpath/PrintStream.java and once in URL:file:/home/runner/work/key/key/key.core/build/resources/main/de/uka/ilkd/key/java/JavaRedux/java/io/PrintStream.java, Keeping one from URL:file:/home/runner/work/key/key/key.core/build/resources/main/de/uka/ilkd/key/java/JavaRedux/java/io/PrintStream.java 
140158     WARN  main            d.u.i.k.j.r.KeYCrossReferenceNameInfo Datatype java.io.InputStream declared twice: Once in FILE:/home/runner/work/key/key/key.core/../key.ui/examples/standard_key/java_dl/classpath/InputStream.java and once in URL:file:/home/runner/work/key/key/key.core/build/resources/main/de/uka/ilkd/key/java/JavaRedux/java/io/InputStream.java, Keeping one from URL:file:/home/runner/work/key/key/key.core/build/resources/main/de/uka/ilkd/key/java/JavaRedux/java/io/InputStream.java 
140158     WARN  main            d.u.i.k.j.r.KeYCrossReferenceNameInfo Datatype java.lang.System declared twice: Once in FILE:/home/runner/work/key/key/key.core/../key.ui/examples/standard_key/java_dl/classpath/System.java and once in URL:file:/home/runner/work/key/key/key.core/build/resources/main/de/uka/ilkd/key/java/JavaRedux/java/lang/System.java, Keeping one from URL:file:/home/runner/work/key/key/key.core/build/resources/main/de/uka/ilkd/key/java/JavaRedux/java/lang/System.java 
140161     DEBUG main            d.u.i.k.j.r.ClassFileDeclarationBuilder Parsing: package java.io; public class Closeable { } 
140161     DEBUG main            r.s.KeYCrossReferenceSourceInfo Dynamically created class: java.io.Closeable 
142574     DEBUG main            d.u.i.k.p.i.AbstractProblemLoader Init config took 2.44s 
142588     INFO  main            d.u.i.k.p.i.AbstractProblemLoader Replaying proof exceptions3.key 
142589     DEBUG main            d.u.i.k.p.i.IntermediateProofReplayer Proof replay took 7.3ns 
142692     INFO  main            d.u.i.k.p.r.p.TestFile    ... finished proof: closed. 
142945     INFO  main            d.u.i.k.p.i.AbstractProblemLoader Loading environment from /home/runner/work/key/key/key.core/../key.ui/examples/standard_key/java_dl/exceptions3.key.proof 
142946     DEBUG main            d.u.i.k.p.i.AbstractProblemLoader Environment load took 79.6ns 
142946     INFO  main            d.u.i.k.p.i.AbstractProblemLoader Creating init config 
142969     WARN  main            d.u.i.k.j.r.KeYCrossReferenceNameInfo Datatype java.io.PrintStream declared twice: Once in FILE:/home/runner/work/key/key/key.core/../key.ui/examples/standard_key/java_dl/classpath/PrintStream.java and once in URL:file:/home/runner/work/key/key/key.core/build/resources/main/de/uka/ilkd/key/java/JavaRedux/java/io/PrintStream.java, Keeping one from URL:file:/home/runner/work/key/key/key.core/build/resources/main/de/uka/ilkd/key/java/JavaRedux/java/io/PrintStream.java 
142969     WARN  main            d.u.i.k.j.r.KeYCrossReferenceNameInfo Datatype java.io.InputStream declared twice: Once in FILE:/home/runner/work/key/key/key.core/../key.ui/examples/standard_key/java_dl/classpath/InputStream.java and once in URL:file:/home/runner/work/key/key/key.core/build/resources/main/de/uka/ilkd/key/java/JavaRedux/java/io/InputStream.java, Keeping one from URL:file:/home/runner/work/key/key/key.core/build/resources/main/de/uka/ilkd/key/java/JavaRedux/java/io/InputStream.java 
142969     WARN  main            d.u.i.k.j.r.KeYCrossReferenceNameInfo Datatype java.lang.System declared twice: Once in FILE:/home/runner/work/key/key/key.core/../key.ui/examples/standard_key/java_dl/classpath/System.java and once in URL:file:/home/runner/work/key/key/key.core/build/resources/main/de/uka/ilkd/key/java/JavaRedux/java/lang/System.java, Keeping one from URL:file:/home/runner/work/key/key/key.core/build/resources/main/de/uka/ilkd/key/java/JavaRedux/java/lang/System.java 
142972     DEBUG main            d.u.i.k.j.r.ClassFileDeclarationBuilder Parsing: package java.io; public class Closeable { } 
142972     DEBUG main            r.s.KeYCrossReferenceSourceInfo Dynamically created class: java.io.Closeable 
145259     DEBUG main            d.u.i.k.p.i.AbstractProblemLoader Init config took 2.31s 
145272     INFO  main            d.u.i.k.p.i.AbstractProblemLoader Replaying proof exceptions3.key.proof 
145277     DEBUG main            d.u.i.k.p.i.IntermediateProofReplayer Proof replay took 3.37ms 
145278     DEBUG main            d.u.i.k.p.r.p.TestFile    ... success: reloaded. 
145279     INFO  main            d.u.i.k.p.r.p.TestFile    Now processing file /home/runner/work/key/key/key.core/../key.ui/examples/standard_key/java_dl/exchange.key 
145279     INFO  main            d.u.i.k.p.i.AbstractProblemLoader Loading environment from /home/runner/work/key/key/key.core/../key.ui/examples/standard_key/java_dl/exchange.key 
145279     DEBUG main            d.u.i.k.p.i.AbstractProblemLoader Environment load took 75.2ns 
145280     INFO  main            d.u.i.k.p.i.AbstractProblemLoader Creating init config 
147593     DEBUG main            d.u.i.k.p.i.AbstractProblemLoader Init config took 2.31s 
147607     INFO  main            d.u.i.k.p.i.AbstractProblemLoader Replaying proof exchange.key 
147608     DEBUG main            d.u.i.k.p.i.IntermediateProofReplayer Proof replay took 6.6ns 
147712     INFO  main            d.u.i.k.p.r.p.TestFile    ... finished proof: closed. 
147977     INFO  main            d.u.i.k.p.i.AbstractProblemLoader Loading environment from /home/runner/work/key/key/key.core/../key.ui/examples/standard_key/java_dl/exchange.key.proof 
147977     DEBUG main            d.u.i.k.p.i.AbstractProblemLoader Environment load took 87ns 
147978     INFO  main            d.u.i.k.p.i.AbstractProblemLoader Creating init config 
150244     DEBUG main            d.u.i.k.p.i.AbstractProblemLoader Init config took 2.27s 
150258     INFO  main            d.u.i.k.p.i.AbstractProblemLoader Replaying proof exchange.key.proof 
150263     DEBUG main            d.u.i.k.p.i.IntermediateProofReplayer Proof replay took 3.01ms 
150263     DEBUG main            d.u.i.k.p.r.p.TestFile    ... success: reloaded. 
150264     INFO  main            d.u.i.k.p.r.p.TestFile    Now processing file /home/runner/work/key/key/key.core/../key.ui/examples/standard_key/java_dl/if.key 
150264     INFO  main            d.u.i.k.p.i.AbstractProblemLoader Loading environment from /home/runner/work/key/key/key.core/../key.ui/examples/standard_key/java_dl/if.key 
150264     DEBUG main            d.u.i.k.p.i.AbstractProblemLoader Environment load took 139.7ns 
150265     INFO  main            d.u.i.k.p.i.AbstractProblemLoader Creating init config 
152545     DEBUG main            d.u.i.k.p.i.AbstractProblemLoader Init config took 2.28s 
152558     INFO  main            d.u.i.k.p.i.AbstractProblemLoader Replaying proof if.key 
152559     DEBUG main            d.u.i.k.p.i.IntermediateProofReplayer Proof replay took 6.9ns 
152663     INFO  main            d.u.i.k.p.r.p.TestFile    ... finished proof: closed. 
152924     INFO  main            d.u.i.k.p.i.AbstractProblemLoader Loading environment from /home/runner/work/key/key/key.core/../key.ui/examples/standard_key/java_dl/if.key.proof 
152924     DEBUG main            d.u.i.k.p.i.AbstractProblemLoader Environment load took 73ns 
152924     INFO  main            d.u.i.k.p.i.AbstractProblemLoader Creating init config 
155163     DEBUG main            d.u.i.k.p.i.AbstractProblemLoader Init config took 2.24s 
155176     INFO  main            d.u.i.k.p.i.AbstractProblemLoader Replaying proof if.key.proof 
155180     DEBUG main            d.u.i.k.p.i.IntermediateProofReplayer Proof replay took 2.47ms 
155181     DEBUG main            d.u.i.k.p.r.p.TestFile    ... success: reloaded. 
155181     INFO  main            d.u.i.k.p.r.p.TestFile    Now processing file /home/runner/work/key/key/key.core/../key.ui/examples/standard_key/java_dl/incrementcounter.key 
155182     INFO  main            d.u.i.k.p.i.AbstractProblemLoader Loading environment from /home/runner/work/key/key/key.core/../key.ui/examples/standard_key/java_dl/incrementcounter.key 
155182     DEBUG main            d.u.i.k.p.i.AbstractProblemLoader Environment load took 143.3ns 
155183     INFO  main            d.u.i.k.p.i.AbstractProblemLoader Creating init config 
157466     DEBUG main            d.u.i.k.p.i.AbstractProblemLoader Init config took 2.28s 
157479     INFO  main            d.u.i.k.p.i.AbstractProblemLoader Replaying proof incrementcounter.key 
157480     DEBUG main            d.u.i.k.p.i.IntermediateProofReplayer Proof replay took 6.2ns 
157581     INFO  main            d.u.i.k.p.r.p.TestFile    ... finished proof: closed. 
157847     INFO  main            d.u.i.k.p.i.AbstractProblemLoader Loading environment from /home/runner/work/key/key/key.core/../key.ui/examples/standard_key/java_dl/incrementcounter.key.proof 
157847     DEBUG main            d.u.i.k.p.i.AbstractProblemLoader Environment load took 75.5ns 
157848     INFO  main            d.u.i.k.p.i.AbstractProblemLoader Creating init config 
160085     DEBUG main            d.u.i.k.p.i.AbstractProblemLoader Init config took 2.24s 
160098     INFO  main            d.u.i.k.p.i.AbstractProblemLoader Replaying proof incrementcounter.key.proof 
160101     DEBUG main            d.u.i.k.p.i.IntermediateProofReplayer Proof replay took 1.67ms 
160102     DEBUG main            d.u.i.k.p.r.p.TestFile    ... success: reloaded. 
160102     INFO  main            d.u.i.k.p.r.p.TestFile    Now processing file /home/runner/work/key/key/key.core/../key.ui/examples/standard_key/java_dl/danglingElse.key 
160102     INFO  main            d.u.i.k.p.i.AbstractProblemLoader Loading environment from /home/runner/work/key/key/key.core/../key.ui/examples/standard_key/java_dl/danglingElse.key 
160102     DEBUG main            d.u.i.k.p.i.AbstractProblemLoader Environment load took 43.3ns 
160105     INFO  main            d.u.i.k.p.i.AbstractProblemLoader Creating init config 
162397     DEBUG main            d.u.i.k.p.i.AbstractProblemLoader Init config took 2.29s 
162410     INFO  main            d.u.i.k.p.i.AbstractProblemLoader Replaying proof danglingElse.key 
162411     DEBUG main            d.u.i.k.p.i.IntermediateProofReplayer Proof replay took 5.9ns 
162514     INFO  main            d.u.i.k.p.r.p.TestFile    ... finished proof: open goal(s) 
162796     INFO  main            d.u.i.k.p.r.p.TestFile    Now processing file /home/runner/work/key/key/key.core/../key.ui/examples/standard_key/java_dl/iteratedAssignment.key 
162797     INFO  main            d.u.i.k.p.i.AbstractProblemLoader Loading environment from /home/runner/work/key/key/key.core/../key.ui/examples/standard_key/java_dl/iteratedAssignment.key 
162797     DEBUG main            d.u.i.k.p.i.AbstractProblemLoader Environment load took 70.4ns 
162798     INFO  main            d.u.i.k.p.i.AbstractProblemLoader Creating init config 
165043     DEBUG main            d.u.i.k.p.i.AbstractProblemLoader Init config took 2.25s 
165057     INFO  main            d.u.i.k.p.i.AbstractProblemLoader Replaying proof iteratedAssignment.key 
165059     DEBUG main            d.u.i.k.p.i.IntermediateProofReplayer Proof replay took 6.5ns 
165364     INFO  main            d.u.i.k.p.r.p.TestFile    ... finished proof: closed. 
165757     INFO  main            d.u.i.k.p.i.AbstractProblemLoader Loading environment from /home/runner/work/key/key/key.core/../key.ui/examples/standard_key/java_dl/iteratedAssignment.key.proof 
165757     DEBUG main            d.u.i.k.p.i.AbstractProblemLoader Environment load took 85.7ns 
165758     INFO  main            d.u.i.k.p.i.AbstractProblemLoader Creating init config 
168039     DEBUG main            d.u.i.k.p.i.AbstractProblemLoader Init config took 2.28s 
168052     INFO  main            d.u.i.k.p.i.AbstractProblemLoader Replaying proof iteratedAssignment.key.proof 
168109     DEBUG main            d.u.i.k.p.i.IntermediateProofReplayer Proof replay took 53.45ms 
168110     DEBUG main            d.u.i.k.p.r.p.TestFile    ... success: reloaded. 
168110     INFO  main            d.u.i.k.p.r.p.TestFile    Now processing file /home/runner/work/key/key/key.core/../key.ui/examples/standard_key/java_dl/assert/assert1.key 
168111     INFO  main            d.u.i.k.p.i.AbstractProblemLoader Loading environment from /home/runner/work/key/key/key.core/../key.ui/examples/standard_key/java_dl/assert/assert1.key 
168111     DEBUG main            d.u.i.k.p.i.AbstractProblemLoader Environment load took 84.4ns 
168111     INFO  main            d.u.i.k.p.i.AbstractProblemLoader Creating init config 
170414     DEBUG main            d.u.i.k.p.i.AbstractProblemLoader Init config took 2.3s 
170447     INFO  main            d.u.i.k.p.i.AbstractProblemLoader Replaying proof C[C::foo()].JML normal_behavior operation contract.0 
170449     DEBUG main            d.u.i.k.p.i.IntermediateProofReplayer Proof replay took 6.4ns 
170651     INFO  main            d.u.i.k.p.r.p.TestFile    ... finished proof: open goal(s) 
170950     INFO  main            d.u.i.k.p.r.p.TestFile    Now processing file /home/runner/work/key/key/key.core/../key.ui/examples/standard_key/java_dl/assert/assert2.key 
170951     INFO  main            d.u.i.k.p.i.AbstractProblemLoader Loading environment from /home/runner/work/key/key/key.core/../key.ui/examples/standard_key/java_dl/assert/assert2.key 
170951     DEBUG main            d.u.i.k.p.i.AbstractProblemLoader Environment load took 42.3ns 
170951     INFO  main            d.u.i.k.p.i.AbstractProblemLoader Creating init config 
173236     DEBUG main            d.u.i.k.p.i.AbstractProblemLoader Init config took 2.28s 
173276     INFO  main            d.u.i.k.p.i.AbstractProblemLoader Replaying proof C[C::bar()].JML exceptional_behavior operation contract.0 
173279     DEBUG main            d.u.i.k.p.i.IntermediateProofReplayer Proof replay took 7.5ns 
173480     INFO  main            d.u.i.k.p.r.p.TestFile    ... finished proof: closed. 
173789     INFO  main            d.u.i.k.p.i.AbstractProblemLoader Loading environment from /home/runner/work/key/key/key.core/../key.ui/examples/standard_key/java_dl/assert/assert2.key.proof 
173789     DEBUG main            d.u.i.k.p.i.AbstractProblemLoader Environment load took 87ns 
173790     INFO  main            d.u.i.k.p.i.AbstractProblemLoader Creating init config 
176082     DEBUG main            d.u.i.k.p.i.AbstractProblemLoader Init config took 2.29s 
176114     INFO  main            d.u.i.k.p.i.AbstractProblemLoader Replaying proof C[C::bar()].JML exceptional_behavior operation contract.0 
176152     DEBUG main            d.u.i.k.p.i.IntermediateProofReplayer Proof replay took 36.11ms 
176153     DEBUG main            d.u.i.k.p.r.p.TestFile    ... success: reloaded. 
176154     INFO  main            d.u.i.k.p.r.p.TestFile    Now processing file /home/runner/work/key/key/key.core/../key.ui/examples/standard_key/java_dl/assert/assert3.key 
176154     INFO  main            d.u.i.k.p.i.AbstractProblemLoader Loading environment from /home/runner/work/key/key/key.core/../key.ui/examples/standard_key/java_dl/assert/assert3.key 
176154     DEBUG main            d.u.i.k.p.i.AbstractProblemLoader Environment load took 59.6ns 
176155     INFO  main            d.u.i.k.p.i.AbstractProblemLoader Creating init config 
178472     DEBUG main            d.u.i.k.p.i.AbstractProblemLoader Init config took 2.32s 
178504     INFO  main            d.u.i.k.p.i.AbstractProblemLoader Replaying proof C[C::foo()].JML normal_behavior operation contract.0 
178505     DEBUG main            d.u.i.k.p.i.IntermediateProofReplayer Proof replay took 5.6ns 
178608     INFO  main            d.u.i.k.p.r.p.TestFile    ... finished proof: open goal(s) 
178898     INFO  main            d.u.i.k.p.r.p.TestFile    Now processing file /home/runner/work/key/key/key.core/../key.ui/examples/standard_key/java_dl/java5/vararg.key 
178898     INFO  main            d.u.i.k.p.i.AbstractProblemLoader Loading environment from /home/runner/work/key/key/key.core/../key.ui/examples/standard_key/java_dl/java5/vararg.key 
178898     DEBUG main            d.u.i.k.p.i.AbstractProblemLoader Environment load took 43.5ns 
178899     INFO  main            d.u.i.k.p.i.AbstractProblemLoader Creating init config 
179739     DEBUG main            d.u.i.k.j.r.ClassPreparationMethodBuilder clPrepBuilder: Inner Class detected. Reject building class initialisation methods. 
181528     DEBUG main            d.u.i.k.p.i.AbstractProblemLoader Init config took 2.63s 
181554     INFO  main            d.u.i.k.p.i.AbstractProblemLoader Replaying proof vararg.key 
181555     DEBUG main            d.u.i.k.p.i.IntermediateProofReplayer Proof replay took 7.5ns 
181824     DEBUG Thread-101      d.u.i.k.j.d.VariableSpecification Program match. Variables have different dimension (template #v0 = #vi;, source var#17[] = new java.lang.Object[]{d1, d2};) 
181960     DEBUG Thread-101      d.u.i.k.j.d.VariableSpecification Program match. Variables have different dimension (template #v0 = #vi;, source var#24[] = new java.lang.Object[]{d1, d2};) 
182132     DEBUG Thread-101      d.u.i.k.j.d.VariableSpecification Program match. Variables have different dimension (template #v0 = #vi;, source var#33[] = new java.lang.Object[]{var_1};) 
182133     DEBUG Thread-101      d.u.i.k.j.d.VariableSpecification Program match. Variables have different dimension (template #v0 = #vi;, source var#33[] = new java.lang.Object[]{var_1};) 
182244     DEBUG Thread-101      d.u.i.k.j.d.VariableSpecification Program match. Variables have different dimension (template #v0 = #vi;, source var#39[] = new java.lang.Object[]{null, null};) 
182378     DEBUG Thread-101      d.u.i.k.j.d.VariableSpecification Program match. Variables have different dimension (template #v0 = #vi;, source var#46[] = new java.lang.Object[]{};) 
182764     INFO  main            d.u.i.k.p.r.p.TestFile    ... finished proof: closed. 
183108     INFO  main            d.u.i.k.p.i.AbstractProblemLoader Loading environment from /home/runner/work/key/key/key.core/../key.ui/examples/standard_key/java_dl/java5/vararg.key.proof 
183108     DEBUG main            d.u.i.k.p.i.AbstractProblemLoader Environment load took 288.3ns 
183109     INFO  main            d.u.i.k.p.i.AbstractProblemLoader Creating init config 
183922     DEBUG main            d.u.i.k.j.r.ClassPreparationMethodBuilder clPrepBuilder: Inner Class detected. Reject building class initialisation methods. 
185606     DEBUG main            d.u.i.k.p.i.AbstractProblemLoader Init config took 2.5s 
185629     INFO  main            d.u.i.k.p.i.AbstractProblemLoader Replaying proof vararg.key.proof 
185956     DEBUG main            d.u.i.k.p.i.IntermediateProofReplayer Proof replay took 316.02ms 
185958     DEBUG main            d.u.i.k.p.r.p.TestFile    ... success: reloaded. 
185959     INFO  main            d.u.i.k.p.r.p.TestFile    Now processing file /home/runner/work/key/key/key.core/../key.ui/examples/standard_key/java_dl/java5/for_Array.key 
185959     INFO  main            d.u.i.k.p.i.AbstractProblemLoader Loading environment from /home/runner/work/key/key/key.core/../key.ui/examples/standard_key/java_dl/java5/for_Array.key 
185960     DEBUG main            d.u.i.k.p.i.AbstractProblemLoader Environment load took 135.7ns 
185960     INFO  main            d.u.i.k.p.i.AbstractProblemLoader Creating init config 
186783     DEBUG main            d.u.i.k.j.r.ClassPreparationMethodBuilder clPrepBuilder: Inner Class detected. Reject building class initialisation methods. 
188529     DEBUG main            d.u.i.k.p.i.AbstractProblemLoader Init config took 2.57s 
188578     INFO  main            d.u.i.k.p.i.AbstractProblemLoader Replaying proof For[For::sum([I)].JML operation contract.0 
188579     DEBUG main            d.u.i.k.p.i.IntermediateProofReplayer Proof replay took 6.7ns 
188882     INFO  main            d.u.i.k.p.r.p.TestFile    ... finished proof: closed. 
189246     INFO  main            d.u.i.k.p.i.AbstractProblemLoader Loading environment from /home/runner/work/key/key/key.core/../key.ui/examples/standard_key/java_dl/java5/for_Array.key.proof 
189246     DEBUG main            d.u.i.k.p.i.AbstractProblemLoader Environment load took 71.5ns 
189248     INFO  main            d.u.i.k.p.i.AbstractProblemLoader Creating init config 
190032     DEBUG main            d.u.i.k.j.r.ClassPreparationMethodBuilder clPrepBuilder: Inner Class detected. Reject building class initialisation methods. 
191711     DEBUG main            d.u.i.k.p.i.AbstractProblemLoader Init config took 2.46s 
191761     INFO  main            d.u.i.k.p.i.AbstractProblemLoader Replaying proof For[For::sum([I)].JML operation contract.0 
191848     DEBUG main            d.u.i.k.p.i.IntermediateProofReplayer Proof replay took 84.28ms 
191849     DEBUG main            d.u.i.k.p.r.p.TestFile    ... success: reloaded. 
191850     INFO  main            d.u.i.k.p.r.p.TestFile    Now processing file /home/runner/work/key/key/key.core/../key.ui/examples/standard_key/java_dl/java5/for_Iterable.key 
191851     INFO  main            d.u.i.k.p.i.AbstractProblemLoader Loading environment from /home/runner/work/key/key/key.core/../key.ui/examples/standard_key/java_dl/java5/for_Iterable.key 
191851     DEBUG main            d.u.i.k.p.i.AbstractProblemLoader Environment load took 150.2ns 
191852     INFO  main            d.u.i.k.p.i.AbstractProblemLoader Creating init config 
192689     DEBUG main            d.u.i.k.j.r.ClassPreparationMethodBuilder clPrepBuilder: Inner Class detected. Reject building class initialisation methods. 
194427     DEBUG main            d.u.i.k.p.i.AbstractProblemLoader Init config took 2.57s 
194475     INFO  main            d.u.i.k.p.i.AbstractProblemLoader Replaying proof For[For::infiniteLoop(For)].JML operation contract.0 
194477     DEBUG main            d.u.i.k.p.i.IntermediateProofReplayer Proof replay took 6.8ns 
194679     INFO  main            d.u.i.k.p.r.p.TestFile    ... finished proof: closed. 
194998     INFO  main            d.u.i.k.p.i.AbstractProblemLoader Loading environment from /home/runner/work/key/key/key.core/../key.ui/examples/standard_key/java_dl/java5/for_Iterable.key.proof 
194998     DEBUG main            d.u.i.k.p.i.AbstractProblemLoader Environment load took 69.5ns 
194999     INFO  main            d.u.i.k.p.i.AbstractProblemLoader Creating init config 
195782     DEBUG main            d.u.i.k.j.r.ClassPreparationMethodBuilder clPrepBuilder: Inner Class detected. Reject building class initialisation methods. 
197446     DEBUG main            d.u.i.k.p.i.AbstractProblemLoader Init config took 2.45s 
197494     INFO  main            d.u.i.k.p.i.AbstractProblemLoader Replaying proof For[For::infiniteLoop(For)].JML operation contract.0 
197542     DEBUG main            d.u.i.k.p.i.IntermediateProofReplayer Proof replay took 45.61ms 
197542     DEBUG main            d.u.i.k.p.r.p.TestFile    ... success: reloaded. 
197543     INFO  main            d.u.i.k.p.r.p.TestFile    Now processing file /home/runner/work/key/key/key.core/../key.ui/examples/standard_key/java_dl/java5/for_ReferenceArray.key 
197543     INFO  main            d.u.i.k.p.i.AbstractProblemLoader Loading environment from /home/runner/work/key/key/key.core/../key.ui/examples/standard_key/java_dl/java5/for_ReferenceArray.key 
197543     DEBUG main            d.u.i.k.p.i.AbstractProblemLoader Environment load took 49.3ns 
197544     INFO  main            d.u.i.k.p.i.AbstractProblemLoader Creating init config 
198335     DEBUG main            d.u.i.k.j.r.ClassPreparationMethodBuilder clPrepBuilder: Inner Class detected. Reject building class initialisation methods. 
200027     DEBUG main            d.u.i.k.p.i.AbstractProblemLoader Init config took 2.48s 
200075     INFO  main            d.u.i.k.p.i.AbstractProblemLoader Replaying proof ForReferenceArray[ForReferenceArray::foo([Ljava.lang.Object)].JML operation contract.0 
200077     DEBUG main            d.u.i.k.p.i.IntermediateProofReplayer Proof replay took 7.1ns 
200279     INFO  main            d.u.i.k.p.r.p.TestFile    ... finished proof: closed. 
200608     INFO  main            d.u.i.k.p.i.AbstractProblemLoader Loading environment from /home/runner/work/key/key/key.core/../key.ui/examples/standard_key/java_dl/java5/for_ReferenceArray.key.proof 
200608     DEBUG main            d.u.i.k.p.i.AbstractProblemLoader Environment load took 86.9ns 
200609     INFO  main            d.u.i.k.p.i.AbstractProblemLoader Creating init config 
201394     DEBUG main            d.u.i.k.j.r.ClassPreparationMethodBuilder clPrepBuilder: Inner Class detected. Reject building class initialisation methods. 
203057     DEBUG main            d.u.i.k.p.i.AbstractProblemLoader Init config took 2.45s 
203114     INFO  main            d.u.i.k.p.i.AbstractProblemLoader Replaying proof ForReferenceArray[ForReferenceArray::foo([Ljava.lang.Object)].JML operation contract.0 
203170     DEBUG main            d.u.i.k.p.i.IntermediateProofReplayer Proof replay took 53.09ms 
203171     DEBUG main            d.u.i.k.p.r.p.TestFile    ... success: reloaded. 
203172     INFO  main            d.u.i.k.p.r.p.TestFile    Now processing file /home/runner/work/key/key/key.core/../key.ui/examples/standard_key/java_dl/jml-bigint/cast.key 
203172     INFO  main            d.u.i.k.p.i.AbstractProblemLoader Loading environment from /home/runner/work/key/key/key.core/../key.ui/examples/standard_key/java_dl/jml-bigint/cast.key 
203172     DEBUG main            d.u.i.k.p.i.AbstractProblemLoader Environment load took 49.7ns 
203173     INFO  main            d.u.i.k.p.i.AbstractProblemLoader Creating init config 
205559     DEBUG main            d.u.i.k.p.i.AbstractProblemLoader Init config took 2.39s 
205614     INFO  main            d.u.i.k.p.i.AbstractProblemLoader Replaying proof Mult[Mult::cast()].JML operation contract.0 
205617     DEBUG main            d.u.i.k.p.i.IntermediateProofReplayer Proof replay took 6.3ns 
205721     INFO  main            d.u.i.k.p.r.p.TestFile    ... finished proof: closed. 
206055     INFO  main            d.u.i.k.p.i.AbstractProblemLoader Loading environment from /home/runner/work/key/key/key.core/../key.ui/examples/standard_key/java_dl/jml-bigint/cast.key.proof 
206055     DEBUG main            d.u.i.k.p.i.AbstractProblemLoader Environment load took 67.3ns 
206056     INFO  main            d.u.i.k.p.i.AbstractProblemLoader Creating init config 
208407     DEBUG main            d.u.i.k.p.i.AbstractProblemLoader Init config took 2.35s 
208440     INFO  main            d.u.i.k.p.i.AbstractProblemLoader Replaying proof Mult[Mult::cast()].JML operation contract.0 
208452     DEBUG main            d.u.i.k.p.i.IntermediateProofReplayer Proof replay took 10.73ms 
208453     DEBUG main            d.u.i.k.p.r.p.TestFile    ... success: reloaded. 
208453     INFO  main            d.u.i.k.p.r.p.TestFile    Now processing file /home/runner/work/key/key/key.core/../key.ui/examples/standard_key/java_dl/jml-free/loopInvFree.key 
208454     INFO  main            d.u.i.k.p.i.AbstractProblemLoader Loading environment from /home/runner/work/key/key/key.core/../key.ui/examples/standard_key/java_dl/jml-free/loopInvFree.key 
208454     DEBUG main            d.u.i.k.p.i.AbstractProblemLoader Environment load took 65ns 
208454     INFO  main            d.u.i.k.p.i.AbstractProblemLoader Creating init config 
210784     DEBUG main            d.u.i.k.p.i.AbstractProblemLoader Init config took 2.33s 
210816     INFO  main            d.u.i.k.p.i.AbstractProblemLoader Replaying proof LoopInvFree[LoopInvFree::test()].JML operation contract.0 
210817     DEBUG main            d.u.i.k.p.i.IntermediateProofReplayer Proof replay took 7.6ns 
211019     INFO  main            d.u.i.k.p.r.p.TestFile    ... finished proof: closed. 
211347     INFO  main            d.u.i.k.p.i.AbstractProblemLoader Loading environment from /home/runner/work/key/key/key.core/../key.ui/examples/standard_key/java_dl/jml-free/loopInvFree.key.proof 
211347     DEBUG main            d.u.i.k.p.i.AbstractProblemLoader Environment load took 65.8ns 
211348     INFO  main            d.u.i.k.p.i.AbstractProblemLoader Creating init config 
213644     DEBUG main            d.u.i.k.p.i.AbstractProblemLoader Init config took 2.3s 
213676     INFO  main            d.u.i.k.p.i.AbstractProblemLoader Replaying proof LoopInvFree[LoopInvFree::test()].JML operation contract.0 
213715     DEBUG main            d.u.i.k.p.i.IntermediateProofReplayer Proof replay took 37.63ms 
213716     DEBUG main            d.u.i.k.p.r.p.TestFile    ... success: reloaded. 
213717     INFO  main            d.u.i.k.p.r.p.TestFile    Now processing file /home/runner/work/key/key/key.core/../key.ui/examples/standard_key/java_dl/jml-free/ensuresFree.key 
213717     INFO  main            d.u.i.k.p.i.AbstractProblemLoader Loading environment from /home/runner/work/key/key/key.core/../key.ui/examples/standard_key/java_dl/jml-free/ensuresFree.key 
213717     DEBUG main            d.u.i.k.p.i.AbstractProblemLoader Environment load took 63ns 
213718     INFO  main            d.u.i.k.p.i.AbstractProblemLoader Creating init config 
216051     DEBUG main            d.u.i.k.p.i.AbstractProblemLoader Init config took 2.33s 
216084     INFO  main            d.u.i.k.p.i.AbstractProblemLoader Replaying proof EnsuresFree[EnsuresFree::test()].JML operation contract.0 
216085     DEBUG main            d.u.i.k.p.i.IntermediateProofReplayer Proof replay took 7.2ns 
216186     INFO  main            d.u.i.k.p.r.p.TestFile    ... finished proof: closed. 
216525     INFO  main            d.u.i.k.p.i.AbstractProblemLoader Loading environment from /home/runner/work/key/key/key.core/../key.ui/examples/standard_key/java_dl/jml-free/ensuresFree.key.proof 
216525     DEBUG main            d.u.i.k.p.i.AbstractProblemLoader Environment load took 67.2ns 
216525     INFO  main            d.u.i.k.p.i.AbstractProblemLoader Creating init config 
218815     DEBUG main            d.u.i.k.p.i.AbstractProblemLoader Init config took 2.29s 
218847     INFO  main            d.u.i.k.p.i.AbstractProblemLoader Replaying proof EnsuresFree[EnsuresFree::test()].JML operation contract.0 
218864     DEBUG main            d.u.i.k.p.i.IntermediateProofReplayer Proof replay took 15.14ms 
218865     DEBUG main            d.u.i.k.p.r.p.TestFile    ... success: reloaded. 
218865     INFO  main            d.u.i.k.p.r.p.TestFile    Now processing file /home/runner/work/key/key/key.core/../key.ui/examples/standard_key/java_dl/jml-information-flow.key 
218865     INFO  main            d.u.i.k.p.i.AbstractProblemLoader Loading environment from /home/runner/work/key/key/key.core/../key.ui/examples/standard_key/java_dl/jml-information-flow.key 
218865     DEBUG main            d.u.i.k.p.i.AbstractProblemLoader Environment load took 48.4ns 
218870     INFO  main            d.u.i.k.p.i.AbstractProblemLoader Creating init config 
221387     DEBUG main            d.u.i.k.p.i.AbstractProblemLoader Init config took 2.52s 
221413     INFO  main            d.u.i.k.p.i.AbstractProblemLoader Replaying proof jml-information-flow.key 
221415     DEBUG main            d.u.i.k.p.i.IntermediateProofReplayer Proof replay took 6.6ns 
345108     INFO  main            d.u.i.k.p.r.p.TestFile    ... finished proof: closed. 
345613     INFO  main            d.u.i.k.p.i.AbstractProblemLoader Loading environment from /home/runner/work/key/key/key.core/../key.ui/examples/standard_key/java_dl/jml-information-flow.key.proof 
345613     DEBUG main            d.u.i.k.p.i.AbstractProblemLoader Environment load took 298.7ns 
345621     INFO  main            d.u.i.k.p.i.AbstractProblemLoader Creating init config 
348040     DEBUG main            d.u.i.k.p.i.AbstractProblemLoader Init config took 2.42s 
348058     INFO  main            d.u.i.k.p.i.AbstractProblemLoader Replaying proof jml-information-flow.key.proof 
351535     DEBUG main            d.u.i.k.p.i.IntermediateProofReplayer Proof replay took 3.36s 
351542     DEBUG main            d.u.i.k.p.r.p.TestFile    ... success: reloaded. 
351543     INFO  main            d.u.i.k.p.r.p.TestFile    Now processing file /home/runner/work/key/key/key.core/../key.ui/examples/standard_key/java_dl/jml-min/min-unprovable1.key 
351544     INFO  main            d.u.i.k.p.i.AbstractProblemLoader Loading environment from /home/runner/work/key/key/key.core/../key.ui/examples/standard_key/java_dl/jml-min/min-unprovable1.key 
351544     DEBUG main            d.u.i.k.p.i.AbstractProblemLoader Environment load took 146.3ns 
351545     INFO  main            d.u.i.k.p.i.AbstractProblemLoader Creating init config 
353945     DEBUG main            d.u.i.k.p.i.AbstractProblemLoader Init config took 2.4s 
353977     INFO  main            d.u.i.k.p.i.AbstractProblemLoader Replaying proof Min[Min::foo()].JML operation contract.0 
353978     DEBUG main            d.u.i.k.p.i.IntermediateProofReplayer Proof replay took 7.6ns 
354080     INFO  main            d.u.i.k.p.r.p.TestFile    ... finished proof: open goal(s) 
354560     INFO  main            d.u.i.k.p.r.p.TestFile    Now processing file /home/runner/work/key/key/key.core/../key.ui/examples/standard_key/java_dl/jml-min/min-unprovable2.key 
354560     INFO  main            d.u.i.k.p.i.AbstractProblemLoader Loading environment from /home/runner/work/key/key/key.core/../key.ui/examples/standard_key/java_dl/jml-min/min-unprovable2.key 
354560     DEBUG main            d.u.i.k.p.i.AbstractProblemLoader Environment load took 39ns 
354561     INFO  main            d.u.i.k.p.i.AbstractProblemLoader Creating init config 
356858     DEBUG main            d.u.i.k.p.i.AbstractProblemLoader Init config took 2.3s 
356904     INFO  main            d.u.i.k.p.i.AbstractProblemLoader Replaying proof Min[Min::foo2()].JML operation contract.0 
356905     DEBUG main            d.u.i.k.p.i.IntermediateProofReplayer Proof replay took 6.5ns 
357007     INFO  main            d.u.i.k.p.r.p.TestFile    ... finished proof: open goal(s) 
357356     INFO  main            d.u.i.k.p.r.p.TestFile    Now processing file /home/runner/work/key/key/key.core/../key.ui/examples/standard_key/java_dl/methodCall.key 
357356     INFO  main            d.u.i.k.p.i.AbstractProblemLoader Loading environment from /home/runner/work/key/key/key.core/../key.ui/examples/standard_key/java_dl/methodCall.key 
357356     DEBUG main            d.u.i.k.p.i.AbstractProblemLoader Environment load took 41.7ns 
357357     INFO  main            d.u.i.k.p.i.AbstractProblemLoader Creating init config 
359655     DEBUG main            d.u.i.k.p.i.AbstractProblemLoader Init config took 2.3s 
359668     INFO  main            d.u.i.k.p.i.AbstractProblemLoader Replaying proof methodCall.key 
359669     DEBUG main            d.u.i.k.p.i.IntermediateProofReplayer Proof replay took 6.8ns 
359771     INFO  main            d.u.i.k.p.r.p.TestFile    ... finished proof: closed. 
360120     INFO  main            d.u.i.k.p.i.AbstractProblemLoader Loading environment from /home/runner/work/key/key/key.core/../key.ui/examples/standard_key/java_dl/methodCall.key.proof 
360120     DEBUG main            d.u.i.k.p.i.AbstractProblemLoader Environment load took 69.5ns 
360121     INFO  main            d.u.i.k.p.i.AbstractProblemLoader Creating init config 
362461     DEBUG main            d.u.i.k.p.i.AbstractProblemLoader Init config took 2.34s 
362474     INFO  main            d.u.i.k.p.i.AbstractProblemLoader Replaying proof methodCall.key.proof 
362477     DEBUG main            d.u.i.k.p.i.IntermediateProofReplayer Proof replay took 1.63ms 
362478     DEBUG main            d.u.i.k.p.r.p.TestFile    ... success: reloaded. 
362478     INFO  main            d.u.i.k.p.r.p.TestFile    Now processing file /home/runner/work/key/key/key.core/../key.ui/examples/standard_key/java_dl/methodCall1.key 
362479     INFO  main            d.u.i.k.p.i.AbstractProblemLoader Loading environment from /home/runner/work/key/key/key.core/../key.ui/examples/standard_key/java_dl/methodCall1.key 
362479     DEBUG main            d.u.i.k.p.i.AbstractProblemLoader Environment load took 45.2ns 
362479     INFO  main            d.u.i.k.p.i.AbstractProblemLoader Creating init config 
364790     DEBUG main            d.u.i.k.p.i.AbstractProblemLoader Init config took 2.31s 
364803     INFO  main            d.u.i.k.p.i.AbstractProblemLoader Replaying proof methodCall1.key 
364804     DEBUG main            d.u.i.k.p.i.IntermediateProofReplayer Proof replay took 6.2ns 
364906     INFO  main            d.u.i.k.p.r.p.TestFile    ... finished proof: closed. 
365262     INFO  main            d.u.i.k.p.i.AbstractProblemLoader Loading environment from /home/runner/work/key/key/key.core/../key.ui/examples/standard_key/java_dl/methodCall1.key.proof 
365262     DEBUG main            d.u.i.k.p.i.AbstractProblemLoader Environment load took 96.9ns 
365263     INFO  main            d.u.i.k.p.i.AbstractProblemLoader Creating init config 
367558     DEBUG main            d.u.i.k.p.i.AbstractProblemLoader Init config took 2.29s 
367571     INFO  main            d.u.i.k.p.i.AbstractProblemLoader Replaying proof methodCall1.key.proof 
367583     DEBUG main            d.u.i.k.p.i.IntermediateProofReplayer Proof replay took 11.15ms 
367584     DEBUG main            d.u.i.k.p.r.p.TestFile    ... success: reloaded. 
367585     INFO  main            d.u.i.k.p.r.p.TestFile    Now processing file /home/runner/work/key/key/key.core/../key.ui/examples/standard_key/java_dl/methodCall1box.key 
367585     INFO  main            d.u.i.k.p.i.AbstractProblemLoader Loading environment from /home/runner/work/key/key/key.core/../key.ui/examples/standard_key/java_dl/methodCall1box.key 
367585     DEBUG main            d.u.i.k.p.i.AbstractProblemLoader Environment load took 73.3ns 
367586     INFO  main            d.u.i.k.p.i.AbstractProblemLoader Creating init config 
369890     DEBUG main            d.u.i.k.p.i.AbstractProblemLoader Init config took 2.3s 
369903     INFO  main            d.u.i.k.p.i.AbstractProblemLoader Replaying proof methodCall1box.key 
369904     DEBUG main            d.u.i.k.p.i.IntermediateProofReplayer Proof replay took 7.5ns 
370006     INFO  main            d.u.i.k.p.r.p.TestFile    ... finished proof: closed. 
370366     INFO  main            d.u.i.k.p.i.AbstractProblemLoader Loading environment from /home/runner/work/key/key/key.core/../key.ui/examples/standard_key/java_dl/methodCall1box.key.proof 
370366     DEBUG main            d.u.i.k.p.i.AbstractProblemLoader Environment load took 70.2ns 
370366     INFO  main            d.u.i.k.p.i.AbstractProblemLoader Creating init config 
372659     DEBUG main            d.u.i.k.p.i.AbstractProblemLoader Init config took 2.29s 
372672     INFO  main            d.u.i.k.p.i.AbstractProblemLoader Replaying proof methodCall1box.key.proof 
372689     DEBUG main            d.u.i.k.p.i.IntermediateProofReplayer Proof replay took 14.29ms 
372689     DEBUG main            d.u.i.k.p.r.p.TestFile    ... success: reloaded. 
372690     INFO  main            d.u.i.k.p.r.p.TestFile    Now processing file /home/runner/work/key/key/key.core/../key.ui/examples/standard_key/java_dl/methodCall3.key 
372690     INFO  main            d.u.i.k.p.i.AbstractProblemLoader Loading environment from /home/runner/work/key/key/key.core/../key.ui/examples/standard_key/java_dl/methodCall3.key 
372690     DEBUG main            d.u.i.k.p.i.AbstractProblemLoader Environment load took 59.2ns 
372691     INFO  main            d.u.i.k.p.i.AbstractProblemLoader Creating init config 
375007     DEBUG main            d.u.i.k.p.i.AbstractProblemLoader Init config took 2.32s 
375020     INFO  main            d.u.i.k.p.i.AbstractProblemLoader Replaying proof methodCall3.key 
375021     DEBUG main            d.u.i.k.p.i.IntermediateProofReplayer Proof replay took 7.3ns 
375123     INFO  main            d.u.i.k.p.r.p.TestFile    ... finished proof: closed. 
375501     INFO  main            d.u.i.k.p.i.AbstractProblemLoader Loading environment from /home/runner/work/key/key/key.core/../key.ui/examples/standard_key/java_dl/methodCall3.key.proof 
375501     DEBUG main            d.u.i.k.p.i.AbstractProblemLoader Environment load took 70.3ns 
375502     INFO  main            d.u.i.k.p.i.AbstractProblemLoader Creating init config 
377779     DEBUG main            d.u.i.k.p.i.AbstractProblemLoader Init config took 2.28s 
377792     INFO  main            d.u.i.k.p.i.AbstractProblemLoader Replaying proof methodCall3.key.proof 
377803     DEBUG main            d.u.i.k.p.i.IntermediateProofReplayer Proof replay took 7.33ms 
377804     DEBUG main            d.u.i.k.p.r.p.TestFile    ... success: reloaded. 
377805     INFO  main            d.u.i.k.p.r.p.TestFile    Now processing file /home/runner/work/key/key/key.core/../key.ui/examples/standard_key/java_dl/polishFlagSort.key 
377805     INFO  main            d.u.i.k.p.i.AbstractProblemLoader Loading environment from /home/runner/work/key/key/key.core/../key.ui/examples/standard_key/java_dl/polishFlagSort.key 
377805     DEBUG main            d.u.i.k.p.i.AbstractProblemLoader Environment load took 126.4ns 
377807     INFO  main            d.u.i.k.p.i.AbstractProblemLoader Creating init config 
380158     DEBUG main            d.u.i.k.p.i.AbstractProblemLoader Init config took 2.35s 
380172     INFO  main            d.u.i.k.p.i.AbstractProblemLoader Replaying proof polishFlagSort.key 
380173     DEBUG main            d.u.i.k.p.i.IntermediateProofReplayer Proof replay took 7.4ns 
382280     INFO  main            d.u.i.k.p.r.p.TestFile    ... finished proof: closed. 
382692     INFO  main            d.u.i.k.p.i.AbstractProblemLoader Loading environment from /home/runner/work/key/key/key.core/../key.ui/examples/standard_key/java_dl/polishFlagSort.key.proof 
382693     DEBUG main            d.u.i.k.p.i.AbstractProblemLoader Environment load took 277.3ns 
382694     INFO  main            d.u.i.k.p.i.AbstractProblemLoader Creating init config 
385015     DEBUG main            d.u.i.k.p.i.AbstractProblemLoader Init config took 2.32s 
385029     INFO  main            d.u.i.k.p.i.AbstractProblemLoader Replaying proof polishFlagSort.key.proof 
385390     DEBUG main            d.u.i.k.p.i.IntermediateProofReplayer Proof replay took 350.66ms 
385393     DEBUG main            d.u.i.k.p.r.p.TestFile    ... success: reloaded. 
385393     INFO  main            d.u.i.k.p.r.p.TestFile    Now processing file /home/runner/work/key/key/key.core/../key.ui/examples/standard_key/java_dl/postConditionTaclets1.key 
385394     INFO  main            d.u.i.k.p.i.AbstractProblemLoader Loading environment from /home/runner/work/key/key/key.core/../key.ui/examples/standard_key/java_dl/postConditionTaclets1.key 
385394     DEBUG main            d.u.i.k.p.i.AbstractProblemLoader Environment load took 133ns 
385395     INFO  main            d.u.i.k.p.i.AbstractProblemLoader Creating init config 
387672     DEBUG main            d.u.i.k.p.i.AbstractProblemLoader Init config took 2.28s 
387685     INFO  main            d.u.i.k.p.i.AbstractProblemLoader Replaying proof postConditionTaclets1.key 
387687     DEBUG main            d.u.i.k.p.i.IntermediateProofReplayer Proof replay took 6.7ns 
387791     INFO  main            d.u.i.k.p.r.p.TestFile    ... finished proof: closed. 
388217     INFO  main            d.u.i.k.p.i.AbstractProblemLoader Loading environment from /home/runner/work/key/key/key.core/../key.ui/examples/standard_key/java_dl/postConditionTaclets1.key.proof 
388217     DEBUG main            d.u.i.k.p.i.AbstractProblemLoader Environment load took 65.1ns 
388218     INFO  main            d.u.i.k.p.i.AbstractProblemLoader Creating init config 
390455     DEBUG main            d.u.i.k.p.i.AbstractProblemLoader Init config took 2.24s 
390470     INFO  main            d.u.i.k.p.i.AbstractProblemLoader Replaying proof postConditionTaclets1.key.proof 
390473     DEBUG main            d.u.i.k.p.i.IntermediateProofReplayer Proof replay took 358.2ns 
390473     DEBUG main            d.u.i.k.p.r.p.TestFile    ... success: reloaded. 
390474     INFO  main            d.u.i.k.p.r.p.TestFile    Now processing file /home/runner/work/key/key/key.core/../key.ui/examples/standard_key/java_dl/postConditionTaclets2.key 
390474     INFO  main            d.u.i.k.p.i.AbstractProblemLoader Loading environment from /home/runner/work/key/key/key.core/../key.ui/examples/standard_key/java_dl/postConditionTaclets2.key 
390474     DEBUG main            d.u.i.k.p.i.AbstractProblemLoader Environment load took 39.8ns 
390475     INFO  main            d.u.i.k.p.i.AbstractProblemLoader Creating init config 
392750     DEBUG main            d.u.i.k.p.i.AbstractProblemLoader Init config took 2.28s 
392763     INFO  main            d.u.i.k.p.i.AbstractProblemLoader Replaying proof postConditionTaclets2.key 
392764     DEBUG main            d.u.i.k.p.i.IntermediateProofReplayer Proof replay took 6.6ns 
392865     INFO  main            d.u.i.k.p.r.p.TestFile    ... finished proof: closed. 
393253     INFO  main            d.u.i.k.p.i.AbstractProblemLoader Loading environment from /home/runner/work/key/key/key.core/../key.ui/examples/standard_key/java_dl/postConditionTaclets2.key.proof 
393253     DEBUG main            d.u.i.k.p.i.AbstractProblemLoader Environment load took 64.4ns 
393254     INFO  main            d.u.i.k.p.i.AbstractProblemLoader Creating init config 
395498     DEBUG main            d.u.i.k.p.i.AbstractProblemLoader Init config took 2.24s 
395511     INFO  main            d.u.i.k.p.i.AbstractProblemLoader Replaying proof postConditionTaclets2.key.proof 
395513     DEBUG main            d.u.i.k.p.i.IntermediateProofReplayer Proof replay took 581.59ns 
395514     DEBUG main            d.u.i.k.p.r.p.TestFile    ... success: reloaded. 
395514     INFO  main            d.u.i.k.p.r.p.TestFile    Now processing file /home/runner/work/key/key/key.core/../key.ui/examples/standard_key/java_dl/quantifiedQuery.key 
395514     INFO  main            d.u.i.k.p.i.AbstractProblemLoader Loading environment from /home/runner/work/key/key/key.core/../key.ui/examples/standard_key/java_dl/quantifiedQuery.key 
395514     DEBUG main            d.u.i.k.p.i.AbstractProblemLoader Environment load took 41.4ns 
395516     INFO  main            d.u.i.k.p.i.AbstractProblemLoader Creating init config 
397834     DEBUG main            d.u.i.k.p.i.AbstractProblemLoader Init config took 2.32s 
397851     INFO  main            d.u.i.k.p.i.AbstractProblemLoader Replaying proof quantifiedQuery.key 
397852     DEBUG main            d.u.i.k.p.i.IntermediateProofReplayer Proof replay took 7.9ns 
397954     INFO  main            d.u.i.k.p.r.p.TestFile    ... finished proof: closed. 
398351     INFO  main            d.u.i.k.p.i.AbstractProblemLoader Loading environment from /home/runner/work/key/key/key.core/../key.ui/examples/standard_key/java_dl/quantifiedQuery.key.proof 
398351     DEBUG main            d.u.i.k.p.i.AbstractProblemLoader Environment load took 69.1ns 
398352     INFO  main            d.u.i.k.p.i.AbstractProblemLoader Creating init config 
400652     DEBUG main            d.u.i.k.p.i.AbstractProblemLoader Init config took 2.3s 
400666     INFO  main            d.u.i.k.p.i.AbstractProblemLoader Replaying proof quantifiedQuery.key.proof 
400677     DEBUG main            d.u.i.k.p.i.IntermediateProofReplayer Proof replay took 8.96ms 
400677     DEBUG main            d.u.i.k.p.r.p.TestFile    ... success: reloaded. 
400678     INFO  main            d.u.i.k.p.r.p.TestFile    Now processing file /home/runner/work/key/key/key.core/../key.ui/examples/standard_key/java_dl/recursion/triangular.key 
400678     INFO  main            d.u.i.k.p.i.AbstractProblemLoader Loading environment from /home/runner/work/key/key/key.core/../key.ui/examples/standard_key/java_dl/recursion/triangular.key 
400678     DEBUG main            d.u.i.k.p.i.AbstractProblemLoader Environment load took 65.5ns 
400679     INFO  main            d.u.i.k.p.i.AbstractProblemLoader Creating init config 
402991     DEBUG main            d.u.i.k.p.i.AbstractProblemLoader Init config took 2.31s 
403043     INFO  main            d.u.i.k.p.i.AbstractProblemLoader Replaying proof Triangular[Triangular::tria(int)].JML normal_behavior operation contract.0 
403044     DEBUG main            d.u.i.k.p.i.IntermediateProofReplayer Proof replay took 7ns 
403248     INFO  main            d.u.i.k.p.r.p.TestFile    ... finished proof: closed. 
403652     INFO  main            d.u.i.k.p.i.AbstractProblemLoader Loading environment from /home/runner/work/key/key/key.core/../key.ui/examples/standard_key/java_dl/recursion/triangular.key.proof 
403652     DEBUG main            d.u.i.k.p.i.AbstractProblemLoader Environment load took 82.2ns 
403653     INFO  main            d.u.i.k.p.i.AbstractProblemLoader Creating init config 
405932     DEBUG main            d.u.i.k.p.i.AbstractProblemLoader Init config took 2.28s 
405963     INFO  main            d.u.i.k.p.i.AbstractProblemLoader Replaying proof Triangular[Triangular::tria(int)].JML normal_behavior operation contract.0 
405997     DEBUG main            d.u.i.k.p.i.IntermediateProofReplayer Proof replay took 32.04ms 
405998     DEBUG main            d.u.i.k.p.r.p.TestFile    ... success: reloaded. 
405998     INFO  main            d.u.i.k.p.r.p.TestFile    Now processing file /home/runner/work/key/key/key.core/../key.ui/examples/standard_key/java_dl/reverseArray.key 
405998     INFO  main            d.u.i.k.p.i.AbstractProblemLoader Loading environment from /home/runner/work/key/key/key.core/../key.ui/examples/standard_key/java_dl/reverseArray.key 
405999     DEBUG main            d.u.i.k.p.i.AbstractProblemLoader Environment load took 128.1ns 
406001     INFO  main            d.u.i.k.p.i.AbstractProblemLoader Creating init config 
406020     WARN  main            d.u.i.k.j.r.KeYCrossReferenceNameInfo Datatype java.io.PrintStream declared twice: Once in FILE:/home/runner/work/key/key/key.core/../key.ui/examples/standard_key/java_dl/./classpath/PrintStream.java and once in URL:file:/home/runner/work/key/key/key.core/build/resources/main/de/uka/ilkd/key/java/JavaRedux/java/io/PrintStream.java, Keeping one from URL:file:/home/runner/work/key/key/key.core/build/resources/main/de/uka/ilkd/key/java/JavaRedux/java/io/PrintStream.java 
406021     WARN  main            d.u.i.k.j.r.KeYCrossReferenceNameInfo Datatype java.io.InputStream declared twice: Once in FILE:/home/runner/work/key/key/key.core/../key.ui/examples/standard_key/java_dl/./classpath/InputStream.java and once in URL:file:/home/runner/work/key/key/key.core/build/resources/main/de/uka/ilkd/key/java/JavaRedux/java/io/InputStream.java, Keeping one from URL:file:/home/runner/work/key/key/key.core/build/resources/main/de/uka/ilkd/key/java/JavaRedux/java/io/InputStream.java 
406021     WARN  main            d.u.i.k.j.r.KeYCrossReferenceNameInfo Datatype java.lang.System declared twice: Once in FILE:/home/runner/work/key/key/key.core/../key.ui/examples/standard_key/java_dl/./classpath/System.java and once in URL:file:/home/runner/work/key/key/key.core/build/resources/main/de/uka/ilkd/key/java/JavaRedux/java/lang/System.java, Keeping one from URL:file:/home/runner/work/key/key/key.core/build/resources/main/de/uka/ilkd/key/java/JavaRedux/java/lang/System.java 
406024     DEBUG main            d.u.i.k.j.r.ClassFileDeclarationBuilder Parsing: package java.io; public class Closeable { } 
406024     DEBUG main            r.s.KeYCrossReferenceSourceInfo Dynamically created class: java.io.Closeable 
408417     DEBUG main            d.u.i.k.p.i.AbstractProblemLoader Init config took 2.42s 
408431     INFO  main            d.u.i.k.p.i.AbstractProblemLoader Replaying proof reverseArray.key 
408433     DEBUG main            d.u.i.k.p.i.IntermediateProofReplayer Proof replay took 6.8ns 
412709     INFO  main            d.u.i.k.p.r.p.TestFile    ... finished proof: closed. 
413145     INFO  main            d.u.i.k.p.i.AbstractProblemLoader Loading environment from /home/runner/work/key/key/key.core/../key.ui/examples/standard_key/java_dl/reverseArray.key.proof 
413145     DEBUG main            d.u.i.k.p.i.AbstractProblemLoader Environment load took 271.5ns 
413147     INFO  main            d.u.i.k.p.i.AbstractProblemLoader Creating init config 
413165     WARN  main            d.u.i.k.j.r.KeYCrossReferenceNameInfo Datatype java.io.PrintStream declared twice: Once in FILE:/home/runner/work/key/key/key.core/../key.ui/examples/standard_key/java_dl/classpath/PrintStream.java and once in URL:file:/home/runner/work/key/key/key.core/build/resources/main/de/uka/ilkd/key/java/JavaRedux/java/io/PrintStream.java, Keeping one from URL:file:/home/runner/work/key/key/key.core/build/resources/main/de/uka/ilkd/key/java/JavaRedux/java/io/PrintStream.java 
413165     WARN  main            d.u.i.k.j.r.KeYCrossReferenceNameInfo Datatype java.io.InputStream declared twice: Once in FILE:/home/runner/work/key/key/key.core/../key.ui/examples/standard_key/java_dl/classpath/InputStream.java and once in URL:file:/home/runner/work/key/key/key.core/build/resources/main/de/uka/ilkd/key/java/JavaRedux/java/io/InputStream.java, Keeping one from URL:file:/home/runner/work/key/key/key.core/build/resources/main/de/uka/ilkd/key/java/JavaRedux/java/io/InputStream.java 
413165     WARN  main            d.u.i.k.j.r.KeYCrossReferenceNameInfo Datatype java.lang.System declared twice: Once in FILE:/home/runner/work/key/key/key.core/../key.ui/examples/standard_key/java_dl/classpath/System.java and once in URL:file:/home/runner/work/key/key/key.core/build/resources/main/de/uka/ilkd/key/java/JavaRedux/java/lang/System.java, Keeping one from URL:file:/home/runner/work/key/key/key.core/build/resources/main/de/uka/ilkd/key/java/JavaRedux/java/lang/System.java 
413168     DEBUG main            d.u.i.k.j.r.ClassFileDeclarationBuilder Parsing: package java.io; public class Closeable { } 
413168     DEBUG main            r.s.KeYCrossReferenceSourceInfo Dynamically created class: java.io.Closeable 
415498     DEBUG main            d.u.i.k.p.i.AbstractProblemLoader Init config took 2.35s 
415512     INFO  main            d.u.i.k.p.i.AbstractProblemLoader Replaying proof reverseArray.key.proof 
416141     DEBUG main            d.u.i.k.p.i.IntermediateProofReplayer Proof replay took 617.67ms 
416143     DEBUG main            d.u.i.k.p.r.p.TestFile    ... success: reloaded. 
416144     INFO  main            d.u.i.k.p.r.p.TestFile    Now processing file /home/runner/work/key/key/key.core/../key.ui/examples/standard_key/java_dl/reverseArray2.key 
416144     INFO  main            d.u.i.k.p.i.AbstractProblemLoader Loading environment from /home/runner/work/key/key/key.core/../key.ui/examples/standard_key/java_dl/reverseArray2.key 
416144     DEBUG main            d.u.i.k.p.i.AbstractProblemLoader Environment load took 50.6ns 
416146     INFO  main            d.u.i.k.p.i.AbstractProblemLoader Creating init config 
416163     WARN  main            d.u.i.k.j.r.KeYCrossReferenceNameInfo Datatype java.io.PrintStream declared twice: Once in FILE:/home/runner/work/key/key/key.core/../key.ui/examples/standard_key/java_dl/classpath/PrintStream.java and once in URL:file:/home/runner/work/key/key/key.core/build/resources/main/de/uka/ilkd/key/java/JavaRedux/java/io/PrintStream.java, Keeping one from URL:file:/home/runner/work/key/key/key.core/build/resources/main/de/uka/ilkd/key/java/JavaRedux/java/io/PrintStream.java 
416163     WARN  main            d.u.i.k.j.r.KeYCrossReferenceNameInfo Datatype java.io.InputStream declared twice: Once in FILE:/home/runner/work/key/key/key.core/../key.ui/examples/standard_key/java_dl/classpath/InputStream.java and once in URL:file:/home/runner/work/key/key/key.core/build/resources/main/de/uka/ilkd/key/java/JavaRedux/java/io/InputStream.java, Keeping one from URL:file:/home/runner/work/key/key/key.core/build/resources/main/de/uka/ilkd/key/java/JavaRedux/java/io/InputStream.java 
416163     WARN  main            d.u.i.k.j.r.KeYCrossReferenceNameInfo Datatype java.lang.System declared twice: Once in FILE:/home/runner/work/key/key/key.core/../key.ui/examples/standard_key/java_dl/classpath/System.java and once in URL:file:/home/runner/work/key/key/key.core/build/resources/main/de/uka/ilkd/key/java/JavaRedux/java/lang/System.java, Keeping one from URL:file:/home/runner/work/key/key/key.core/build/resources/main/de/uka/ilkd/key/java/JavaRedux/java/lang/System.java 
416166     DEBUG main            d.u.i.k.j.r.ClassFileDeclarationBuilder Parsing: package java.io; public class Closeable { } 
416166     DEBUG main            r.s.KeYCrossReferenceSourceInfo Dynamically created class: java.io.Closeable 
418578     DEBUG main            d.u.i.k.p.i.AbstractProblemLoader Init config took 2.43s 
418592     INFO  main            d.u.i.k.p.i.AbstractProblemLoader Replaying proof reverseArray2.key 
418593     DEBUG main            d.u.i.k.p.i.IntermediateProofReplayer Proof replay took 40.2ns 
419898     INFO  main            d.u.i.k.p.r.p.TestFile    ... finished proof: closed. 
420410     INFO  main            d.u.i.k.p.i.AbstractProblemLoader Loading environment from /home/runner/work/key/key/key.core/../key.ui/examples/standard_key/java_dl/reverseArray2.key.proof 
420410     DEBUG main            d.u.i.k.p.i.AbstractProblemLoader Environment load took 108.7ns 
420412     INFO  main            d.u.i.k.p.i.AbstractProblemLoader Creating init config 
420431     WARN  main            d.u.i.k.j.r.KeYCrossReferenceNameInfo Datatype java.io.PrintStream declared twice: Once in FILE:/home/runner/work/key/key/key.core/../key.ui/examples/standard_key/java_dl/classpath/PrintStream.java and once in URL:file:/home/runner/work/key/key/key.core/build/resources/main/de/uka/ilkd/key/java/JavaRedux/java/io/PrintStream.java, Keeping one from URL:file:/home/runner/work/key/key/key.core/build/resources/main/de/uka/ilkd/key/java/JavaRedux/java/io/PrintStream.java 
420431     WARN  main            d.u.i.k.j.r.KeYCrossReferenceNameInfo Datatype java.io.InputStream declared twice: Once in FILE:/home/runner/work/key/key/key.core/../key.ui/examples/standard_key/java_dl/classpath/InputStream.java and once in URL:file:/home/runner/work/key/key/key.core/build/resources/main/de/uka/ilkd/key/java/JavaRedux/java/io/InputStream.java, Keeping one from URL:file:/home/runner/work/key/key/key.core/build/resources/main/de/uka/ilkd/key/java/JavaRedux/java/io/InputStream.java 
420431     WARN  main            d.u.i.k.j.r.KeYCrossReferenceNameInfo Datatype java.lang.System declared twice: Once in FILE:/home/runner/work/key/key/key.core/../key.ui/examples/standard_key/java_dl/classpath/System.java and once in URL:file:/home/runner/work/key/key/key.core/build/resources/main/de/uka/ilkd/key/java/JavaRedux/java/lang/System.java, Keeping one from URL:file:/home/runner/work/key/key/key.core/build/resources/main/de/uka/ilkd/key/java/JavaRedux/java/lang/System.java 
420434     DEBUG main            d.u.i.k.j.r.ClassFileDeclarationBuilder Parsing: package java.io; public class Closeable { } 
420434     DEBUG main            r.s.KeYCrossReferenceSourceInfo Dynamically created class: java.io.Closeable 
422767     DEBUG main            d.u.i.k.p.i.AbstractProblemLoader Init config took 2.35s 
422781     INFO  main            d.u.i.k.p.i.AbstractProblemLoader Replaying proof reverseArray2.key.proof 
422997     DEBUG main            d.u.i.k.p.i.IntermediateProofReplayer Proof replay took 211.95ms 
422999     DEBUG main            d.u.i.k.p.r.p.TestFile    ... success: reloaded. 
422999     INFO  main            d.u.i.k.p.r.p.TestFile    Now processing file /home/runner/work/key/key/key.core/../key.ui/examples/standard_key/java_dl/simpleAssignment.key 
423000     INFO  main            d.u.i.k.p.i.AbstractProblemLoader Loading environment from /home/runner/work/key/key/key.core/../key.ui/examples/standard_key/java_dl/simpleAssignment.key 
423000     DEBUG main            d.u.i.k.p.i.AbstractProblemLoader Environment load took 66.8ns 
423001     INFO  main            d.u.i.k.p.i.AbstractProblemLoader Creating init config 
425275     DEBUG main            d.u.i.k.p.i.AbstractProblemLoader Init config took 2.27s 
425288     INFO  main            d.u.i.k.p.i.AbstractProblemLoader Replaying proof simpleAssignment.key 
425289     DEBUG main            d.u.i.k.p.i.IntermediateProofReplayer Proof replay took 2.3ns 
425390     INFO  main            d.u.i.k.p.r.p.TestFile    ... finished proof: closed. 
425840     INFO  main            d.u.i.k.p.i.AbstractProblemLoader Loading environment from /home/runner/work/key/key/key.core/../key.ui/examples/standard_key/java_dl/simpleAssignment.key.proof 
425840     DEBUG main            d.u.i.k.p.i.AbstractProblemLoader Environment load took 69.3ns 
425841     INFO  main            d.u.i.k.p.i.AbstractProblemLoader Creating init config 
428066     DEBUG main            d.u.i.k.p.i.AbstractProblemLoader Init config took 2.23s 
428079     INFO  main            d.u.i.k.p.i.AbstractProblemLoader Replaying proof simpleAssignment.key.proof 
428081     DEBUG main            d.u.i.k.p.i.IntermediateProofReplayer Proof replay took 580.39ns 
428081     DEBUG main            d.u.i.k.p.r.p.TestFile    ... success: reloaded. 
428082     INFO  main            d.u.i.k.p.r.p.TestFile    Now processing file /home/runner/work/key/key/key.core/../key.ui/examples/standard_key/java_dl/simpleAssignment2.key 
428082     INFO  main            d.u.i.k.p.i.AbstractProblemLoader Loading environment from /home/runner/work/key/key/key.core/../key.ui/examples/standard_key/java_dl/simpleAssignment2.key 
428082     DEBUG main            d.u.i.k.p.i.AbstractProblemLoader Environment load took 74.9ns 
428082     INFO  main            d.u.i.k.p.i.AbstractProblemLoader Creating init config 
430338     DEBUG main            d.u.i.k.p.i.AbstractProblemLoader Init config took 2.26s 
430350     INFO  main            d.u.i.k.p.i.AbstractProblemLoader Replaying proof simpleAssignment2.key 
430351     DEBUG main            d.u.i.k.p.i.IntermediateProofReplayer Proof replay took 3.1ns 
430453     INFO  main            d.u.i.k.p.r.p.TestFile    ... finished proof: closed. 
430873     INFO  main            d.u.i.k.p.i.AbstractProblemLoader Loading environment from /home/runner/work/key/key/key.core/../key.ui/examples/standard_key/java_dl/simpleAssignment2.key.proof 
430873     DEBUG main            d.u.i.k.p.i.AbstractProblemLoader Environment load took 67.7ns 
430874     INFO  main            d.u.i.k.p.i.AbstractProblemLoader Creating init config 
433117     DEBUG main            d.u.i.k.p.i.AbstractProblemLoader Init config took 2.24s 
433130     INFO  main            d.u.i.k.p.i.AbstractProblemLoader Replaying proof simpleAssignment2.key.proof 
433132     DEBUG main            d.u.i.k.p.i.IntermediateProofReplayer Proof replay took 352.9ns 
433132     DEBUG main            d.u.i.k.p.r.p.TestFile    ... success: reloaded. 
433132     INFO  main            d.u.i.k.p.r.p.TestFile    Now processing file /home/runner/work/key/key/key.core/../key.ui/examples/standard_key/java_dl/splittingWithQueries.key 
433132     INFO  main            d.u.i.k.p.i.AbstractProblemLoader Loading environment from /home/runner/work/key/key/key.core/../key.ui/examples/standard_key/java_dl/splittingWithQueries.key 
433133     DEBUG main            d.u.i.k.p.i.AbstractProblemLoader Environment load took 38.8ns 
433134     INFO  main            d.u.i.k.p.i.AbstractProblemLoader Creating init config 
435510     DEBUG main            d.u.i.k.p.i.AbstractProblemLoader Init config took 2.38s 
435523     INFO  main            d.u.i.k.p.i.AbstractProblemLoader Replaying proof splittingWithQueries.key 
435524     DEBUG main            d.u.i.k.p.i.IntermediateProofReplayer Proof replay took 2.4ns 
435626     INFO  main            d.u.i.k.p.r.p.TestFile    ... finished proof: closed. 
436072     INFO  main            d.u.i.k.p.i.AbstractProblemLoader Loading environment from /home/runner/work/key/key/key.core/../key.ui/examples/standard_key/java_dl/splittingWithQueries.key.proof 
436072     DEBUG main            d.u.i.k.p.i.AbstractProblemLoader Environment load took 66ns 
436073     INFO  main            d.u.i.k.p.i.AbstractProblemLoader Creating init config 
438407     DEBUG main            d.u.i.k.p.i.AbstractProblemLoader Init config took 2.33s 
438423     INFO  main            d.u.i.k.p.i.AbstractProblemLoader Replaying proof splittingWithQueries.key.proof 
438444     DEBUG main            d.u.i.k.p.i.IntermediateProofReplayer Proof replay took 19.42ms 
438445     DEBUG main            d.u.i.k.p.r.p.TestFile    ... success: reloaded. 
438448     INFO  main            d.u.i.k.p.r.p.TestFile    Now processing file /home/runner/work/key/key/key.core/../key.ui/examples/standard_key/java_dl/strassen/strassen.key 
438448     INFO  main            d.u.i.k.p.i.AbstractProblemLoader Loading environment from /home/runner/work/key/key/key.core/../key.ui/examples/standard_key/java_dl/strassen/strassen.key 
438448     DEBUG main            d.u.i.k.p.i.AbstractProblemLoader Environment load took 133.9ns 
438449     INFO  main            d.u.i.k.p.i.AbstractProblemLoader Creating init config 
440856     DEBUG main            d.u.i.k.p.i.AbstractProblemLoader Init config took 2.41s 
440890     INFO  main            d.u.i.k.p.i.AbstractProblemLoader Replaying proof Matrix22[Matrix22::strassen(Matrix22,Matrix22)].JML normal_behavior operation contract.0 
440891     DEBUG main            d.u.i.k.p.i.IntermediateProofReplayer Proof replay took 2.6ns 
445744     INFO  main            d.u.i.k.p.r.p.TestFile    ... finished proof: closed. 
446310     INFO  main            d.u.i.k.p.i.AbstractProblemLoader Loading environment from /home/runner/work/key/key/key.core/../key.ui/examples/standard_key/java_dl/strassen/strassen.key.proof 
446310     DEBUG main            d.u.i.k.p.i.AbstractProblemLoader Environment load took 75.1ns 
446311     INFO  main            d.u.i.k.p.i.AbstractProblemLoader Creating init config 
448741     DEBUG main            d.u.i.k.p.i.AbstractProblemLoader Init config took 2.43s 
448775     INFO  main            d.u.i.k.p.i.AbstractProblemLoader Replaying proof Matrix22[Matrix22::strassen(Matrix22,Matrix22)].JML normal_behavior operation contract.0 
449471     DEBUG main            d.u.i.k.p.i.IntermediateProofReplayer Proof replay took 687.29ms 
449473     DEBUG main            d.u.i.k.p.r.p.TestFile    ... success: reloaded. 
449474     INFO  main            d.u.i.k.p.r.p.TestFile    Now processing file /home/runner/work/key/key/key.core/../key.ui/examples/standard_key/java_dl/symmArray.key 
449474     INFO  main            d.u.i.k.p.i.AbstractProblemLoader Loading environment from /home/runner/work/key/key/key.core/../key.ui/examples/standard_key/java_dl/symmArray.key 
449474     DEBUG main            d.u.i.k.p.i.AbstractProblemLoader Environment load took 62.2ns 
449477     INFO  main            d.u.i.k.p.i.AbstractProblemLoader Creating init config 
451890     DEBUG main            d.u.i.k.p.i.AbstractProblemLoader Init config took 2.41s 
451904     INFO  main            d.u.i.k.p.i.AbstractProblemLoader Replaying proof symmArray.key 
451906     DEBUG main            d.u.i.k.p.i.IntermediateProofReplayer Proof replay took 2.6ns 
550579     INFO  main            d.u.i.k.p.r.p.TestFile    ... finished proof: closed. 
551133     INFO  main            d.u.i.k.p.i.AbstractProblemLoader Loading environment from /home/runner/work/key/key/key.core/../key.ui/examples/standard_key/java_dl/symmArray.key.proof 
551133     DEBUG main            d.u.i.k.p.i.AbstractProblemLoader Environment load took 302.5ns 
551138     INFO  main            d.u.i.k.p.i.AbstractProblemLoader Creating init config 
553541     DEBUG main            d.u.i.k.p.i.AbstractProblemLoader Init config took 2.4s 
553557     INFO  main            d.u.i.k.p.i.AbstractProblemLoader Replaying proof symmArray.key.proof 
554635     DEBUG main            d.u.i.k.p.i.IntermediateProofReplayer Proof replay took 1.03s 
554639     DEBUG main            d.u.i.k.p.r.p.TestFile    ... success: reloaded. 
554640     INFO  main            d.u.i.k.p.r.p.TestFile    Now processing file /home/runner/work/key/key/key.core/../key.ui/examples/standard_key/java_dl/testcontext.key 
554640     INFO  main            d.u.i.k.p.i.AbstractProblemLoader Loading environment from /home/runner/work/key/key/key.core/../key.ui/examples/standard_key/java_dl/testcontext.key 
554640     DEBUG main            d.u.i.k.p.i.AbstractProblemLoader Environment load took 65.4ns 
554641     INFO  main            d.u.i.k.p.i.AbstractProblemLoader Creating init config 
554658     WARN  main            d.u.i.k.j.r.KeYCrossReferenceNameInfo Datatype java.io.PrintStream declared twice: Once in FILE:/home/runner/work/key/key/key.core/../key.ui/examples/standard_key/java_dl/classpath/PrintStream.java and once in URL:file:/home/runner/work/key/key/key.core/build/resources/main/de/uka/ilkd/key/java/JavaRedux/java/io/PrintStream.java, Keeping one from URL:file:/home/runner/work/key/key/key.core/build/resources/main/de/uka/ilkd/key/java/JavaRedux/java/io/PrintStream.java 
554659     WARN  main            d.u.i.k.j.r.KeYCrossReferenceNameInfo Datatype java.io.InputStream declared twice: Once in FILE:/home/runner/work/key/key/key.core/../key.ui/examples/standard_key/java_dl/classpath/InputStream.java and once in URL:file:/home/runner/work/key/key/key.core/build/resources/main/de/uka/ilkd/key/java/JavaRedux/java/io/InputStream.java, Keeping one from URL:file:/home/runner/work/key/key/key.core/build/resources/main/de/uka/ilkd/key/java/JavaRedux/java/io/InputStream.java 
554659     WARN  main            d.u.i.k.j.r.KeYCrossReferenceNameInfo Datatype java.lang.System declared twice: Once in FILE:/home/runner/work/key/key/key.core/../key.ui/examples/standard_key/java_dl/classpath/System.java and once in URL:file:/home/runner/work/key/key/key.core/build/resources/main/de/uka/ilkd/key/java/JavaRedux/java/lang/System.java, Keeping one from URL:file:/home/runner/work/key/key/key.core/build/resources/main/de/uka/ilkd/key/java/JavaRedux/java/lang/System.java 
554661     DEBUG main            d.u.i.k.j.r.ClassFileDeclarationBuilder Parsing: package java.io; public class Closeable { } 
554662     DEBUG main            r.s.KeYCrossReferenceSourceInfo Dynamically created class: java.io.Closeable 
556962     DEBUG main            d.u.i.k.p.i.AbstractProblemLoader Init config took 2.32s 
556976     INFO  main            d.u.i.k.p.i.AbstractProblemLoader Replaying proof testcontext.key 
556977     DEBUG main            d.u.i.k.p.i.IntermediateProofReplayer Proof replay took 3ns 
557279     INFO  main            d.u.i.k.p.r.p.TestFile    ... finished proof: closed. 
557845     INFO  main            d.u.i.k.p.i.AbstractProblemLoader Loading environment from /home/runner/work/key/key/key.core/../key.ui/examples/standard_key/java_dl/testcontext.key.proof 
557845     DEBUG main            d.u.i.k.p.i.AbstractProblemLoader Environment load took 68ns 
557847     INFO  main            d.u.i.k.p.i.AbstractProblemLoader Creating init config 
557864     WARN  main            d.u.i.k.j.r.KeYCrossReferenceNameInfo Datatype java.io.PrintStream declared twice: Once in FILE:/home/runner/work/key/key/key.core/../key.ui/examples/standard_key/java_dl/classpath/PrintStream.java and once in URL:file:/home/runner/work/key/key/key.core/build/resources/main/de/uka/ilkd/key/java/JavaRedux/java/io/PrintStream.java, Keeping one from URL:file:/home/runner/work/key/key/key.core/build/resources/main/de/uka/ilkd/key/java/JavaRedux/java/io/PrintStream.java 
557865     WARN  main            d.u.i.k.j.r.KeYCrossReferenceNameInfo Datatype java.io.InputStream declared twice: Once in FILE:/home/runner/work/key/key/key.core/../key.ui/examples/standard_key/java_dl/classpath/InputStream.java and once in URL:file:/home/runner/work/key/key/key.core/build/resources/main/de/uka/ilkd/key/java/JavaRedux/java/io/InputStream.java, Keeping one from URL:file:/home/runner/work/key/key/key.core/build/resources/main/de/uka/ilkd/key/java/JavaRedux/java/io/InputStream.java 
557865     WARN  main            d.u.i.k.j.r.KeYCrossReferenceNameInfo Datatype java.lang.System declared twice: Once in FILE:/home/runner/work/key/key/key.core/../key.ui/examples/standard_key/java_dl/classpath/System.java and once in URL:file:/home/runner/work/key/key/key.core/build/resources/main/de/uka/ilkd/key/java/JavaRedux/java/lang/System.java, Keeping one from URL:file:/home/runner/work/key/key/key.core/build/resources/main/de/uka/ilkd/key/java/JavaRedux/java/lang/System.java 
557868     DEBUG main            d.u.i.k.j.r.ClassFileDeclarationBuilder Parsing: package java.io; public class Closeable { } 
557868     DEBUG main            r.s.KeYCrossReferenceSourceInfo Dynamically created class: java.io.Closeable 
560202     DEBUG main            d.u.i.k.p.i.AbstractProblemLoader Init config took 2.36s 
560215     INFO  main            d.u.i.k.p.i.AbstractProblemLoader Replaying proof testcontext.key.proof 
560270     DEBUG main            d.u.i.k.p.i.IntermediateProofReplayer Proof replay took 52.4ms 
560271     DEBUG main            d.u.i.k.p.r.p.TestFile    ... success: reloaded. 
560272     INFO  main            d.u.i.k.p.r.p.TestFile    Now processing file /home/runner/work/key/key/key.core/../key.ui/examples/standard_key/staticInitialisation/cascadeStaticInitialisation.key 
560272     INFO  main            d.u.i.k.p.i.AbstractProblemLoader Loading environment from /home/runner/work/key/key/key.core/../key.ui/examples/standard_key/staticInitialisation/cascadeStaticInitialisation.key 
560272     DEBUG main            d.u.i.k.p.i.AbstractProblemLoader Environment load took 64.4ns 
560274     INFO  main            d.u.i.k.p.i.AbstractProblemLoader Creating init config 
560291     WARN  main            d.u.i.k.j.r.KeYCrossReferenceNameInfo Datatype java.io.PrintStream declared twice: Once in FILE:/home/runner/work/key/key/key.core/../key.ui/examples/standard_key/staticInitialisation/classpath/PrintStream.java and once in URL:file:/home/runner/work/key/key/key.core/build/resources/main/de/uka/ilkd/key/java/JavaRedux/java/io/PrintStream.java, Keeping one from URL:file:/home/runner/work/key/key/key.core/build/resources/main/de/uka/ilkd/key/java/JavaRedux/java/io/PrintStream.java 
560291     WARN  main            d.u.i.k.j.r.KeYCrossReferenceNameInfo Datatype java.lang.System declared twice: Once in FILE:/home/runner/work/key/key/key.core/../key.ui/examples/standard_key/staticInitialisation/classpath/System.java and once in URL:file:/home/runner/work/key/key/key.core/build/resources/main/de/uka/ilkd/key/java/JavaRedux/java/lang/System.java, Keeping one from URL:file:/home/runner/work/key/key/key.core/build/resources/main/de/uka/ilkd/key/java/JavaRedux/java/lang/System.java 
562680     DEBUG main            d.u.i.k.p.i.AbstractProblemLoader Init config took 2.41s 
562694     INFO  main            d.u.i.k.p.i.AbstractProblemLoader Replaying proof cascadeStaticInitialisation.key 
562695     DEBUG main            d.u.i.k.p.i.IntermediateProofReplayer Proof replay took 2.5ns 
563299     INFO  main            d.u.i.k.p.r.p.TestFile    ... finished proof: closed. 
563791     INFO  main            d.u.i.k.p.i.AbstractProblemLoader Loading environment from /home/runner/work/key/key/key.core/../key.ui/examples/standard_key/staticInitialisation/cascadeStaticInitialisation.key.proof 
563791     DEBUG main            d.u.i.k.p.i.AbstractProblemLoader Environment load took 72.4ns 
563792     INFO  main            d.u.i.k.p.i.AbstractProblemLoader Creating init config 
563810     WARN  main            d.u.i.k.j.r.KeYCrossReferenceNameInfo Datatype java.io.PrintStream declared twice: Once in FILE:/home/runner/work/key/key/key.core/../key.ui/examples/standard_key/staticInitialisation/classpath/PrintStream.java and once in URL:file:/home/runner/work/key/key/key.core/build/resources/main/de/uka/ilkd/key/java/JavaRedux/java/io/PrintStream.java, Keeping one from URL:file:/home/runner/work/key/key/key.core/build/resources/main/de/uka/ilkd/key/java/JavaRedux/java/io/PrintStream.java 
563810     WARN  main            d.u.i.k.j.r.KeYCrossReferenceNameInfo Datatype java.lang.System declared twice: Once in FILE:/home/runner/work/key/key/key.core/../key.ui/examples/standard_key/staticInitialisation/classpath/System.java and once in URL:file:/home/runner/work/key/key/key.core/build/resources/main/de/uka/ilkd/key/java/JavaRedux/java/lang/System.java, Keeping one from URL:file:/home/runner/work/key/key/key.core/build/resources/main/de/uka/ilkd/key/java/JavaRedux/java/lang/System.java 
566147     DEBUG main            d.u.i.k.p.i.AbstractProblemLoader Init config took 2.36s 
566160     INFO  main            d.u.i.k.p.i.AbstractProblemLoader Replaying proof cascadeStaticInitialisation.key.proof 
566324     DEBUG main            d.u.i.k.p.i.IntermediateProofReplayer Proof replay took 160.46ms 
566325     DEBUG main            d.u.i.k.p.r.p.TestFile    ... success: reloaded. 
566326     INFO  main            d.u.i.k.p.r.p.TestFile    Now processing file /home/runner/work/key/key/key.core/../key.ui/examples/standard_key/staticInitialisation/erroneousClassImpliesErroneousSubclass.key 
566326     INFO  main            d.u.i.k.p.i.AbstractProblemLoader Loading environment from /home/runner/work/key/key/key.core/../key.ui/examples/standard_key/staticInitialisation/erroneousClassImpliesErroneousSubclass.key 
566326     DEBUG main            d.u.i.k.p.i.AbstractProblemLoader Environment load took 153.4ns 
566327     INFO  main            d.u.i.k.p.i.AbstractProblemLoader Creating init config 
566344     WARN  main            d.u.i.k.j.r.KeYCrossReferenceNameInfo Datatype java.io.PrintStream declared twice: Once in FILE:/home/runner/work/key/key/key.core/../key.ui/examples/standard_key/staticInitialisation/classpath/PrintStream.java and once in URL:file:/home/runner/work/key/key/key.core/build/resources/main/de/uka/ilkd/key/java/JavaRedux/java/io/PrintStream.java, Keeping one from URL:file:/home/runner/work/key/key/key.core/build/resources/main/de/uka/ilkd/key/java/JavaRedux/java/io/PrintStream.java 
566344     WARN  main            d.u.i.k.j.r.KeYCrossReferenceNameInfo Datatype java.lang.System declared twice: Once in FILE:/home/runner/work/key/key/key.core/../key.ui/examples/standard_key/staticInitialisation/classpath/System.java and once in URL:file:/home/runner/work/key/key/key.core/build/resources/main/de/uka/ilkd/key/java/JavaRedux/java/lang/System.java, Keeping one from URL:file:/home/runner/work/key/key/key.core/build/resources/main/de/uka/ilkd/key/java/JavaRedux/java/lang/System.java 
568628     DEBUG main            d.u.i.k.p.i.AbstractProblemLoader Init config took 2.3s 
568640     INFO  main            d.u.i.k.p.i.AbstractProblemLoader Replaying proof erroneousClassImpliesErroneousSubclass.key 
568641     DEBUG main            d.u.i.k.p.i.IntermediateProofReplayer Proof replay took 2.6ns 
568742     INFO  main            d.u.i.k.p.r.p.TestFile    ... finished proof: closed. 
569239     INFO  main            d.u.i.k.p.i.AbstractProblemLoader Loading environment from /home/runner/work/key/key/key.core/../key.ui/examples/standard_key/staticInitialisation/erroneousClassImpliesErroneousSubclass.key.proof 
569239     DEBUG main            d.u.i.k.p.i.AbstractProblemLoader Environment load took 65.1ns 
569240     INFO  main            d.u.i.k.p.i.AbstractProblemLoader Creating init config 
569257     WARN  main            d.u.i.k.j.r.KeYCrossReferenceNameInfo Datatype java.io.PrintStream declared twice: Once in FILE:/home/runner/work/key/key/key.core/../key.ui/examples/standard_key/staticInitialisation/classpath/PrintStream.java and once in URL:file:/home/runner/work/key/key/key.core/build/resources/main/de/uka/ilkd/key/java/JavaRedux/java/io/PrintStream.java, Keeping one from URL:file:/home/runner/work/key/key/key.core/build/resources/main/de/uka/ilkd/key/java/JavaRedux/java/io/PrintStream.java 
569258     WARN  main            d.u.i.k.j.r.KeYCrossReferenceNameInfo Datatype java.lang.System declared twice: Once in FILE:/home/runner/work/key/key/key.core/../key.ui/examples/standard_key/staticInitialisation/classpath/System.java and once in URL:file:/home/runner/work/key/key/key.core/build/resources/main/de/uka/ilkd/key/java/JavaRedux/java/lang/System.java, Keeping one from URL:file:/home/runner/work/key/key/key.core/build/resources/main/de/uka/ilkd/key/java/JavaRedux/java/lang/System.java 
571521     DEBUG main            d.u.i.k.p.i.AbstractProblemLoader Init config took 2.28s 
571533     INFO  main            d.u.i.k.p.i.AbstractProblemLoader Replaying proof erroneousClassImpliesErroneousSubclass.key.proof 
571534     DEBUG main            d.u.i.k.p.i.IntermediateProofReplayer Proof replay took 451.79ns 
571535     DEBUG main            d.u.i.k.p.r.p.TestFile    ... success: reloaded. 
571536     INFO  main            d.u.i.k.p.r.p.TestFile    Now processing file /home/runner/work/key/key/key.core/../key.ui/examples/standard_key/staticInitialisation/initializedSubclassImpliesInitializedSuperclass.key 
571536     INFO  main            d.u.i.k.p.i.AbstractProblemLoader Loading environment from /home/runner/work/key/key/key.core/../key.ui/examples/standard_key/staticInitialisation/initializedSubclassImpliesInitializedSuperclass.key 
571536     DEBUG main            d.u.i.k.p.i.AbstractProblemLoader Environment load took 49.3ns 
571537     INFO  main            d.u.i.k.p.i.AbstractProblemLoader Creating init config 
571553     WARN  main            d.u.i.k.j.r.KeYCrossReferenceNameInfo Datatype java.io.PrintStream declared twice: Once in FILE:/home/runner/work/key/key/key.core/../key.ui/examples/standard_key/staticInitialisation/classpath/PrintStream.java and once in URL:file:/home/runner/work/key/key/key.core/build/resources/main/de/uka/ilkd/key/java/JavaRedux/java/io/PrintStream.java, Keeping one from URL:file:/home/runner/work/key/key/key.core/build/resources/main/de/uka/ilkd/key/java/JavaRedux/java/io/PrintStream.java 
571553     WARN  main            d.u.i.k.j.r.KeYCrossReferenceNameInfo Datatype java.lang.System declared twice: Once in FILE:/home/runner/work/key/key/key.core/../key.ui/examples/standard_key/staticInitialisation/classpath/System.java and once in URL:file:/home/runner/work/key/key/key.core/build/resources/main/de/uka/ilkd/key/java/JavaRedux/java/lang/System.java, Keeping one from URL:file:/home/runner/work/key/key/key.core/build/resources/main/de/uka/ilkd/key/java/JavaRedux/java/lang/System.java 
573851     DEBUG main            d.u.i.k.p.i.AbstractProblemLoader Init config took 2.31s 
573863     INFO  main            d.u.i.k.p.i.AbstractProblemLoader Replaying proof initializedSubclassImpliesInitializedSuperclass.key 
573864     DEBUG main            d.u.i.k.p.i.IntermediateProofReplayer Proof replay took 2.8ns 
573966     INFO  main            d.u.i.k.p.r.p.TestFile    ... finished proof: closed. 
574430     INFO  main            d.u.i.k.p.i.AbstractProblemLoader Loading environment from /home/runner/work/key/key/key.core/../key.ui/examples/standard_key/staticInitialisation/initializedSubclassImpliesInitializedSuperclass.key.proof 
574430     DEBUG main            d.u.i.k.p.i.AbstractProblemLoader Environment load took 68.6ns 
574431     INFO  main            d.u.i.k.p.i.AbstractProblemLoader Creating init config 
574449     WARN  main            d.u.i.k.j.r.KeYCrossReferenceNameInfo Datatype java.io.PrintStream declared twice: Once in FILE:/home/runner/work/key/key/key.core/../key.ui/examples/standard_key/staticInitialisation/classpath/PrintStream.java and once in URL:file:/home/runner/work/key/key/key.core/build/resources/main/de/uka/ilkd/key/java/JavaRedux/java/io/PrintStream.java, Keeping one from URL:file:/home/runner/work/key/key/key.core/build/resources/main/de/uka/ilkd/key/java/JavaRedux/java/io/PrintStream.java 
574449     WARN  main            d.u.i.k.j.r.KeYCrossReferenceNameInfo Datatype java.lang.System declared twice: Once in FILE:/home/runner/work/key/key/key.core/../key.ui/examples/standard_key/staticInitialisation/classpath/System.java and once in URL:file:/home/runner/work/key/key/key.core/build/resources/main/de/uka/ilkd/key/java/JavaRedux/java/lang/System.java, Keeping one from URL:file:/home/runner/work/key/key/key.core/build/resources/main/de/uka/ilkd/key/java/JavaRedux/java/lang/System.java 
576717     DEBUG main            d.u.i.k.p.i.AbstractProblemLoader Init config took 2.29s 
576729     INFO  main            d.u.i.k.p.i.AbstractProblemLoader Replaying proof initializedSubclassImpliesInitializedSuperclass.key.proof 
576731     DEBUG main            d.u.i.k.p.i.IntermediateProofReplayer Proof replay took 420.69ns 
576735     DEBUG main            d.u.i.k.p.r.p.TestFile    ... success: reloaded. 
576735     INFO  main            d.u.i.k.p.r.p.TestFile    Now processing file /home/runner/work/key/key/key.core/../key.ui/examples/standard_key/staticInitialisation/localDeclared.key 
576737     INFO  main            d.u.i.k.p.i.AbstractProblemLoader Loading environment from /home/runner/work/key/key/key.core/../key.ui/examples/standard_key/staticInitialisation/localDeclared.key 
576737     DEBUG main            d.u.i.k.p.i.AbstractProblemLoader Environment load took 62.5ns 
576739     INFO  main            d.u.i.k.p.i.AbstractProblemLoader Creating init config 
576757     WARN  main            d.u.i.k.j.r.KeYCrossReferenceNameInfo Datatype java.io.PrintStream declared twice: Once in FILE:/home/runner/work/key/key/key.core/../key.ui/examples/standard_key/staticInitialisation/classpath/PrintStream.java and once in URL:file:/home/runner/work/key/key/key.core/build/resources/main/de/uka/ilkd/key/java/JavaRedux/java/io/PrintStream.java, Keeping one from URL:file:/home/runner/work/key/key/key.core/build/resources/main/de/uka/ilkd/key/java/JavaRedux/java/io/PrintStream.java 
576757     WARN  main            d.u.i.k.j.r.KeYCrossReferenceNameInfo Datatype java.lang.System declared twice: Once in FILE:/home/runner/work/key/key/key.core/../key.ui/examples/standard_key/staticInitialisation/classpath/System.java and once in URL:file:/home/runner/work/key/key/key.core/build/resources/main/de/uka/ilkd/key/java/JavaRedux/java/lang/System.java, Keeping one from URL:file:/home/runner/work/key/key/key.core/build/resources/main/de/uka/ilkd/key/java/JavaRedux/java/lang/System.java 
579052     DEBUG main            d.u.i.k.p.i.AbstractProblemLoader Init config took 2.31s 
579066     INFO  main            d.u.i.k.p.i.AbstractProblemLoader Replaying proof localDeclared.key 
579067     DEBUG main            d.u.i.k.p.i.IntermediateProofReplayer Proof replay took 4ns 
579369     INFO  main            d.u.i.k.p.r.p.TestFile    ... finished proof: closed. 
579835     INFO  main            d.u.i.k.p.i.AbstractProblemLoader Loading environment from /home/runner/work/key/key/key.core/../key.ui/examples/standard_key/staticInitialisation/localDeclared.key.proof 
579835     DEBUG main            d.u.i.k.p.i.AbstractProblemLoader Environment load took 72.4ns 
579836     INFO  main            d.u.i.k.p.i.AbstractProblemLoader Creating init config 
579853     WARN  main            d.u.i.k.j.r.KeYCrossReferenceNameInfo Datatype java.io.PrintStream declared twice: Once in FILE:/home/runner/work/key/key/key.core/../key.ui/examples/standard_key/staticInitialisation/classpath/PrintStream.java and once in URL:file:/home/runner/work/key/key/key.core/build/resources/main/de/uka/ilkd/key/java/JavaRedux/java/io/PrintStream.java, Keeping one from URL:file:/home/runner/work/key/key/key.core/build/resources/main/de/uka/ilkd/key/java/JavaRedux/java/io/PrintStream.java 
579853     WARN  main            d.u.i.k.j.r.KeYCrossReferenceNameInfo Datatype java.lang.System declared twice: Once in FILE:/home/runner/work/key/key/key.core/../key.ui/examples/standard_key/staticInitialisation/classpath/System.java and once in URL:file:/home/runner/work/key/key/key.core/build/resources/main/de/uka/ilkd/key/java/JavaRedux/java/lang/System.java, Keeping one from URL:file:/home/runner/work/key/key/key.core/build/resources/main/de/uka/ilkd/key/java/JavaRedux/java/lang/System.java 
582106     DEBUG main            d.u.i.k.p.i.AbstractProblemLoader Init config took 2.27s 
582119     INFO  main            d.u.i.k.p.i.AbstractProblemLoader Replaying proof localDeclared.key.proof 
582173     DEBUG main            d.u.i.k.p.i.IntermediateProofReplayer Proof replay took 52.7ms 
582174     DEBUG main            d.u.i.k.p.r.p.TestFile    ... success: reloaded. 
582175     INFO  main            d.u.i.k.p.r.p.TestFile    Now processing file /home/runner/work/key/key/key.core/../key.ui/examples/standard_key/staticInitialisation/localDeclaredMethod.key 
582175     INFO  main            d.u.i.k.p.i.AbstractProblemLoader Loading environment from /home/runner/work/key/key/key.core/../key.ui/examples/standard_key/staticInitialisation/localDeclaredMethod.key 
582175     DEBUG main            d.u.i.k.p.i.AbstractProblemLoader Environment load took 73.1ns 
582177     INFO  main            d.u.i.k.p.i.AbstractProblemLoader Creating init config 
582193     WARN  main            d.u.i.k.j.r.KeYCrossReferenceNameInfo Datatype java.io.PrintStream declared twice: Once in FILE:/home/runner/work/key/key/key.core/../key.ui/examples/standard_key/staticInitialisation/classpath/PrintStream.java and once in URL:file:/home/runner/work/key/key/key.core/build/resources/main/de/uka/ilkd/key/java/JavaRedux/java/io/PrintStream.java, Keeping one from URL:file:/home/runner/work/key/key/key.core/build/resources/main/de/uka/ilkd/key/java/JavaRedux/java/io/PrintStream.java 
582193     WARN  main            d.u.i.k.j.r.KeYCrossReferenceNameInfo Datatype java.lang.System declared twice: Once in FILE:/home/runner/work/key/key/key.core/../key.ui/examples/standard_key/staticInitialisation/classpath/System.java and once in URL:file:/home/runner/work/key/key/key.core/build/resources/main/de/uka/ilkd/key/java/JavaRedux/java/lang/System.java, Keeping one from URL:file:/home/runner/work/key/key/key.core/build/resources/main/de/uka/ilkd/key/java/JavaRedux/java/lang/System.java 
584490     DEBUG main            d.u.i.k.p.i.AbstractProblemLoader Init config took 2.31s 
584503     INFO  main            d.u.i.k.p.i.AbstractProblemLoader Replaying proof localDeclaredMethod.key 
584504     DEBUG main            d.u.i.k.p.i.IntermediateProofReplayer Proof replay took 2.8ns 
584706     INFO  main            d.u.i.k.p.r.p.TestFile    ... finished proof: closed. 
585200     INFO  main            d.u.i.k.p.i.AbstractProblemLoader Loading environment from /home/runner/work/key/key/key.core/../key.ui/examples/standard_key/staticInitialisation/localDeclaredMethod.key.proof 
585200     DEBUG main            d.u.i.k.p.i.AbstractProblemLoader Environment load took 87.7ns 
585201     INFO  main            d.u.i.k.p.i.AbstractProblemLoader Creating init config 
585220     WARN  main            d.u.i.k.j.r.KeYCrossReferenceNameInfo Datatype java.io.PrintStream declared twice: Once in FILE:/home/runner/work/key/key/key.core/../key.ui/examples/standard_key/staticInitialisation/classpath/PrintStream.java and once in URL:file:/home/runner/work/key/key/key.core/build/resources/main/de/uka/ilkd/key/java/JavaRedux/java/io/PrintStream.java, Keeping one from URL:file:/home/runner/work/key/key/key.core/build/resources/main/de/uka/ilkd/key/java/JavaRedux/java/io/PrintStream.java 
585220     WARN  main            d.u.i.k.j.r.KeYCrossReferenceNameInfo Datatype java.lang.System declared twice: Once in FILE:/home/runner/work/key/key/key.core/../key.ui/examples/standard_key/staticInitialisation/classpath/System.java and once in URL:file:/home/runner/work/key/key/key.core/build/resources/main/de/uka/ilkd/key/java/JavaRedux/java/lang/System.java, Keeping one from URL:file:/home/runner/work/key/key/key.core/build/resources/main/de/uka/ilkd/key/java/JavaRedux/java/lang/System.java 
587478     DEBUG main            d.u.i.k.p.i.AbstractProblemLoader Init config took 2.28s 
587491     INFO  main            d.u.i.k.p.i.AbstractProblemLoader Replaying proof localDeclaredMethod.key.proof 
587542     DEBUG main            d.u.i.k.p.i.IntermediateProofReplayer Proof replay took 48.72ms 
587543     DEBUG main            d.u.i.k.p.r.p.TestFile    ... success: reloaded. 
587544     INFO  main            d.u.i.k.p.r.p.TestFile    Now processing file /home/runner/work/key/key/key.core/../key.ui/examples/standard_key/staticInitialisation/objectOfErroneousClass.key 
587544     INFO  main            d.u.i.k.p.i.AbstractProblemLoader Loading environment from /home/runner/work/key/key/key.core/../key.ui/examples/standard_key/staticInitialisation/objectOfErroneousClass.key 
587544     DEBUG main            d.u.i.k.p.i.AbstractProblemLoader Environment load took 42.3ns 
587545     INFO  main            d.u.i.k.p.i.AbstractProblemLoader Creating init config 
587561     WARN  main            d.u.i.k.j.r.KeYCrossReferenceNameInfo Datatype java.io.PrintStream declared twice: Once in FILE:/home/runner/work/key/key/key.core/../key.ui/examples/standard_key/staticInitialisation/classpath/PrintStream.java and once in URL:file:/home/runner/work/key/key/key.core/build/resources/main/de/uka/ilkd/key/java/JavaRedux/java/io/PrintStream.java, Keeping one from URL:file:/home/runner/work/key/key/key.core/build/resources/main/de/uka/ilkd/key/java/JavaRedux/java/io/PrintStream.java 
587562     WARN  main            d.u.i.k.j.r.KeYCrossReferenceNameInfo Datatype java.lang.System declared twice: Once in FILE:/home/runner/work/key/key/key.core/../key.ui/examples/standard_key/staticInitialisation/classpath/System.java and once in URL:file:/home/runner/work/key/key/key.core/build/resources/main/de/uka/ilkd/key/java/JavaRedux/java/lang/System.java, Keeping one from URL:file:/home/runner/work/key/key/key.core/build/resources/main/de/uka/ilkd/key/java/JavaRedux/java/lang/System.java 
589942     DEBUG main            d.u.i.k.p.i.AbstractProblemLoader Init config took 2.4s 
589956     INFO  main            d.u.i.k.p.i.AbstractProblemLoader Replaying proof objectOfErroneousClass.key 
589959     DEBUG main            d.u.i.k.p.i.IntermediateProofReplayer Proof replay took 2.2ns 
603008     INFO  main            d.u.i.k.p.r.p.TestFile    ... finished proof: closed. 
603555     INFO  main            d.u.i.k.p.i.AbstractProblemLoader Loading environment from /home/runner/work/key/key/key.core/../key.ui/examples/standard_key/staticInitialisation/objectOfErroneousClass.key.proof 
603556     DEBUG main            d.u.i.k.p.i.AbstractProblemLoader Environment load took 291.2ns 
603559     INFO  main            d.u.i.k.p.i.AbstractProblemLoader Creating init config 
603575     WARN  main            d.u.i.k.j.r.KeYCrossReferenceNameInfo Datatype java.io.PrintStream declared twice: Once in FILE:/home/runner/work/key/key/key.core/../key.ui/examples/standard_key/staticInitialisation/classpath/PrintStream.java and once in URL:file:/home/runner/work/key/key/key.core/build/resources/main/de/uka/ilkd/key/java/JavaRedux/java/io/PrintStream.java, Keeping one from URL:file:/home/runner/work/key/key/key.core/build/resources/main/de/uka/ilkd/key/java/JavaRedux/java/io/PrintStream.java 
603576     WARN  main            d.u.i.k.j.r.KeYCrossReferenceNameInfo Datatype java.lang.System declared twice: Once in FILE:/home/runner/work/key/key/key.core/../key.ui/examples/standard_key/staticInitialisation/classpath/System.java and once in URL:file:/home/runner/work/key/key/key.core/build/resources/main/de/uka/ilkd/key/java/JavaRedux/java/lang/System.java, Keeping one from URL:file:/home/runner/work/key/key/key.core/build/resources/main/de/uka/ilkd/key/java/JavaRedux/java/lang/System.java 
605859     DEBUG main            d.u.i.k.p.i.AbstractProblemLoader Init config took 2.3s 
605873     INFO  main            d.u.i.k.p.i.AbstractProblemLoader Replaying proof objectOfErroneousClass.key.proof 
607986     DEBUG main            d.u.i.k.p.i.IntermediateProofReplayer Proof replay took 2.09s 
607988     DEBUG main            d.u.i.k.p.r.p.TestFile    ... success: reloaded. 
607989     INFO  main            d.u.i.k.p.r.p.TestFile    Now processing file /home/runner/work/key/key/key.core/../key.ui/examples/standard_key/staticInitialisation/staticInitialisersAreNonSimple.key 
607989     INFO  main            d.u.i.k.p.i.AbstractProblemLoader Loading environment from /home/runner/work/key/key/key.core/../key.ui/examples/standard_key/staticInitialisation/staticInitialisersAreNonSimple.key 
607989     DEBUG main            d.u.i.k.p.i.AbstractProblemLoader Environment load took 51ns 
607991     INFO  main            d.u.i.k.p.i.AbstractProblemLoader Creating init config 
608007     WARN  main            d.u.i.k.j.r.KeYCrossReferenceNameInfo Datatype java.io.PrintStream declared twice: Once in FILE:/home/runner/work/key/key/key.core/../key.ui/examples/standard_key/staticInitialisation/classpath/PrintStream.java and once in URL:file:/home/runner/work/key/key/key.core/build/resources/main/de/uka/ilkd/key/java/JavaRedux/java/io/PrintStream.java, Keeping one from URL:file:/home/runner/work/key/key/key.core/build/resources/main/de/uka/ilkd/key/java/JavaRedux/java/io/PrintStream.java 
608008     WARN  main            d.u.i.k.j.r.KeYCrossReferenceNameInfo Datatype java.lang.System declared twice: Once in FILE:/home/runner/work/key/key/key.core/../key.ui/examples/standard_key/staticInitialisation/classpath/System.java and once in URL:file:/home/runner/work/key/key/key.core/build/resources/main/de/uka/ilkd/key/java/JavaRedux/java/lang/System.java, Keeping one from URL:file:/home/runner/work/key/key/key.core/build/resources/main/de/uka/ilkd/key/java/JavaRedux/java/lang/System.java 
610342     DEBUG main            d.u.i.k.p.i.AbstractProblemLoader Init config took 2.35s 
610361     INFO  main            d.u.i.k.p.i.AbstractProblemLoader Replaying proof staticInitialisersAreNonSimple.key 
610362     DEBUG main            d.u.i.k.p.i.IntermediateProofReplayer Proof replay took 2.5ns 
610664     INFO  main            d.u.i.k.p.r.p.TestFile    ... finished proof: closed. 
611270     INFO  main            d.u.i.k.p.i.AbstractProblemLoader Loading environment from /home/runner/work/key/key/key.core/../key.ui/examples/standard_key/staticInitialisation/staticInitialisersAreNonSimple.key.proof 
611270     DEBUG main            d.u.i.k.p.i.AbstractProblemLoader Environment load took 75.2ns 
611271     INFO  main            d.u.i.k.p.i.AbstractProblemLoader Creating init config 
611289     WARN  main            d.u.i.k.j.r.KeYCrossReferenceNameInfo Datatype java.io.PrintStream declared twice: Once in FILE:/home/runner/work/key/key/key.core/../key.ui/examples/standard_key/staticInitialisation/classpath/PrintStream.java and once in URL:file:/home/runner/work/key/key/key.core/build/resources/main/de/uka/ilkd/key/java/JavaRedux/java/io/PrintStream.java, Keeping one from URL:file:/home/runner/work/key/key/key.core/build/resources/main/de/uka/ilkd/key/java/JavaRedux/java/io/PrintStream.java 
611289     WARN  main            d.u.i.k.j.r.KeYCrossReferenceNameInfo Datatype java.lang.System declared twice: Once in FILE:/home/runner/work/key/key/key.core/../key.ui/examples/standard_key/staticInitialisation/classpath/System.java and once in URL:file:/home/runner/work/key/key/key.core/build/resources/main/de/uka/ilkd/key/java/JavaRedux/java/lang/System.java, Keeping one from URL:file:/home/runner/work/key/key/key.core/build/resources/main/de/uka/ilkd/key/java/JavaRedux/java/lang/System.java 
613580     DEBUG main            d.u.i.k.p.i.AbstractProblemLoader Init config took 2.31s 
613594     INFO  main            d.u.i.k.p.i.AbstractProblemLoader Replaying proof staticInitialisersAreNonSimple.key.proof 
613668     DEBUG main            d.u.i.k.p.i.IntermediateProofReplayer Proof replay took 71.57ms 
613669     DEBUG main            d.u.i.k.p.r.p.TestFile    ... success: reloaded. 
613670     INFO  main            d.u.i.k.p.r.p.TestFile    Now processing file /home/runner/work/key/key/key.core/../key.ui/examples/standard_key/types/disjoint.key 
613670     INFO  main            d.u.i.k.p.i.AbstractProblemLoader Loading environment from /home/runner/work/key/key/key.core/../key.ui/examples/standard_key/types/disjoint.key 
613670     DEBUG main            d.u.i.k.p.i.AbstractProblemLoader Environment load took 93.4ns 
613670     INFO  main            d.u.i.k.p.i.AbstractProblemLoader Creating init config 
615926     DEBUG main            d.u.i.k.p.i.AbstractProblemLoader Init config took 2.26s 
615938     INFO  main            d.u.i.k.p.i.AbstractProblemLoader Replaying proof disjoint.key 
615940     DEBUG main            d.u.i.k.p.i.IntermediateProofReplayer Proof replay took 2.5ns 
616041     INFO  main            d.u.i.k.p.r.p.TestFile    ... finished proof: closed. 
616576     INFO  main            d.u.i.k.p.i.AbstractProblemLoader Loading environment from /home/runner/work/key/key/key.core/../key.ui/examples/standard_key/types/disjoint.key.proof 
616576     DEBUG main            d.u.i.k.p.i.AbstractProblemLoader Environment load took 70.7ns 
616576     INFO  main            d.u.i.k.p.i.AbstractProblemLoader Creating init config 
618850     DEBUG main            d.u.i.k.p.i.AbstractProblemLoader Init config took 2.27s 
618862     INFO  main            d.u.i.k.p.i.AbstractProblemLoader Replaying proof disjoint.key.proof 
618864     DEBUG main            d.u.i.k.p.i.IntermediateProofReplayer Proof replay took 446.1ns 
618864     DEBUG main            d.u.i.k.p.r.p.TestFile    ... success: reloaded. 
618865     INFO  main            d.u.i.k.p.r.p.TestFile    Now processing file /home/runner/work/key/key/key.core/../key.ui/examples/../../key.core/src/test/resources/testcase/classpath/classpath.key 
618865     INFO  main            d.u.i.k.p.i.AbstractProblemLoader Loading environment from /home/runner/work/key/key/key.core/../key.ui/examples/../../key.core/src/test/resources/testcase/classpath/classpath.key 
618865     DEBUG main            d.u.i.k.p.i.AbstractProblemLoader Environment load took 108ns 
618866     INFO  main            d.u.i.k.p.i.AbstractProblemLoader Creating init config 
618885     WARN  main            d.u.i.k.j.r.KeYCrossReferenceNameInfo Datatype cp.C declared twice: Once in FILE:/home/runner/work/key/key/key.core/../key.ui/examples/../../key.core/src/test/resources/testcase/classpath/classpath/C.class and once in FILE:/home/runner/work/key/key/key.core/../key.ui/examples/../../key.core/src/test/resources/testcase/classpath/classpath/C.jml, Keeping one from FILE:/home/runner/work/key/key/key.core/../key.ui/examples/../../key.core/src/test/resources/testcase/classpath/classpath/C.jml 
618888     DEBUG main            d.u.i.k.j.r.ClassFileDeclarationBuilder Parsing: package cp; public class Unresolved1 { } 
618888     DEBUG main            r.s.KeYCrossReferenceSourceInfo Dynamically created class: cp.Unresolved1 
618889     DEBUG main            d.u.i.k.j.r.ClassFileDeclarationBuilder Parsing: package cp; public class Unresolved2 { } 
618889     DEBUG main            r.s.KeYCrossReferenceSourceInfo Dynamically created class: cp.Unresolved2 
621315     DEBUG main            d.u.i.k.p.i.AbstractProblemLoader Init config took 2.45s 
621328     INFO  main            d.u.i.k.p.i.AbstractProblemLoader Replaying proof classpath.key 
621329     DEBUG main            d.u.i.k.p.i.IntermediateProofReplayer Proof replay took 2.3ns 
621431     INFO  main            d.u.i.k.p.r.p.TestFile    ... finished proof: closed. 
621965     INFO  main            d.u.i.k.p.i.AbstractProblemLoader Loading environment from /home/runner/work/key/key/key.core/../key.ui/examples/../../key.core/src/test/resources/testcase/classpath/classpath.key.proof 
621965     DEBUG main            d.u.i.k.p.i.AbstractProblemLoader Environment load took 68.3ns 
621966     INFO  main            d.u.i.k.p.i.AbstractProblemLoader Creating init config 
621987     WARN  main            d.u.i.k.j.r.KeYCrossReferenceNameInfo Datatype cp.C declared twice: Once in FILE:/home/runner/work/key/key/key.core/../key.ui/examples/../../key.core/src/test/resources/testcase/classpath/classpath/C.class and once in FILE:/home/runner/work/key/key/key.core/../key.ui/examples/../../key.core/src/test/resources/testcase/classpath/classpath/C.jml, Keeping one from FILE:/home/runner/work/key/key/key.core/../key.ui/examples/../../key.core/src/test/resources/testcase/classpath/classpath/C.jml 
621990     DEBUG main            d.u.i.k.j.r.ClassFileDeclarationBuilder Parsing: package cp; public class Unresolved1 { } 
621990     DEBUG main            r.s.KeYCrossReferenceSourceInfo Dynamically created class: cp.Unresolved1 
621990     DEBUG main            d.u.i.k.j.r.ClassFileDeclarationBuilder Parsing: package cp; public class Unresolved2 { } 
621990     DEBUG main            r.s.KeYCrossReferenceSourceInfo Dynamically created class: cp.Unresolved2 
624387     DEBUG main            d.u.i.k.p.i.AbstractProblemLoader Init config took 2.42s 
624401     INFO  main            d.u.i.k.p.i.AbstractProblemLoader Replaying proof classpath.key.proof 
624403     DEBUG main            d.u.i.k.p.i.IntermediateProofReplayer Proof replay took 539.79ns 
624404     DEBUG main            d.u.i.k.p.r.p.TestFile    ... success: reloaded. 
624404     INFO  main            d.u.i.k.p.r.p.TestFile    Now processing file /home/runner/work/key/key/key.core/../key.ui/examples/heap/inconsistent_represents/MyClass_m.key 
624404     INFO  main            d.u.i.k.p.i.AbstractProblemLoader Loading environment from /home/runner/work/key/key/key.core/../key.ui/examples/heap/inconsistent_represents/MyClass_m.key 
624404     DEBUG main            d.u.i.k.p.i.AbstractProblemLoader Environment load took 62.2ns 
624405     INFO  main            d.u.i.k.p.i.AbstractProblemLoader Creating init config 
626765     DEBUG main            d.u.i.k.p.i.AbstractProblemLoader Init config took 2.36s 
626800     INFO  main            d.u.i.k.p.i.AbstractProblemLoader Replaying proof MyClass[MyClass::m()].JML operation contract.0 
626802     DEBUG main            d.u.i.k.p.i.IntermediateProofReplayer Proof replay took 2.3ns 
626903     INFO  main            d.u.i.k.p.r.p.TestFile    ... finished proof: open goal(s) 
627413     INFO  main            d.u.i.k.p.r.p.TestFile    Now processing file /home/runner/work/key/key/key.core/../key.ui/examples/heap/inconsistent_represents/MyClass_n.key 
627413     INFO  main            d.u.i.k.p.i.AbstractProblemLoader Loading environment from /home/runner/work/key/key/key.core/../key.ui/examples/heap/inconsistent_represents/MyClass_n.key 
627413     DEBUG main            d.u.i.k.p.i.AbstractProblemLoader Environment load took 38.8ns 
627414     INFO  main            d.u.i.k.p.i.AbstractProblemLoader Creating init config 
629716     DEBUG main            d.u.i.k.p.i.AbstractProblemLoader Init config took 2.3s 
629749     INFO  main            d.u.i.k.p.i.AbstractProblemLoader Replaying proof MyClass[MyClass::n()].JML operation contract.0 
629750     DEBUG main            d.u.i.k.p.i.IntermediateProofReplayer Proof replay took 2.5ns 
629852     INFO  main            d.u.i.k.p.r.p.TestFile    ... finished proof: open goal(s) 
3466595    INFO  Test worker     d.u.i.k.p.r.RunAllProofsTestUnit Returning from test javadl 
3466596    INFO  Test worker     d.u.i.k.p.r.RunAllProofsTestUnit Running test FOL 
343        INFO  Timeout watchdog d.u.i.k.p.r.p.ForkedTestFileRunner Timeout watcher launched (2000 secs.) 
359        WARN  main            d.u.i.k.s.ProofSettings   The settings in /home/runner/.key/proof-settings.props are *not* read. 
388        INFO  main            d.u.i.k.p.r.p.TestFile    Now processing file /home/runner/work/key/key/key.core/../key.ui/examples/standard_key/pred_log/count.key 
496        INFO  main            d.u.i.k.p.i.AbstractProblemLoader Loading environment from /home/runner/work/key/key/key.core/../key.ui/examples/standard_key/pred_log/count.key 
511        DEBUG main            d.u.i.k.p.i.AbstractProblemLoader Environment load took 1.95ms 
799        INFO  main            d.u.i.k.p.i.AbstractProblemLoader Creating init config 
1801       DEBUG main            d.u.i.k.j.TypeConverter   No LDT found for Meta 
1801       DEBUG main            d.u.i.k.j.TypeConverter   No LDT found for Meta 
1803       DEBUG main            d.u.i.k.j.TypeConverter   No LDT found for Meta 
1804       DEBUG main            d.u.i.k.j.TypeConverter   No LDT found for Meta 
3429       DEBUG main            d.u.i.k.j.TypeConverter   No LDT found for JavaBigintExpression 
8156       DEBUG main            d.u.i.k.p.i.AbstractProblemLoader Init config took 7.36s 
8217       INFO  main            d.u.i.k.p.i.AbstractProblemLoader Replaying proof count.key 
8253       DEBUG main            d.u.i.k.p.i.IntermediateProofReplayer Proof replay took 35.4ns 
8504       INFO  main            d.u.i.k.p.r.p.TestFile    ... finished proof: closed. 
8591       INFO  main            d.u.i.k.p.i.AbstractProblemLoader Loading environment from /home/runner/work/key/key/key.core/../key.ui/examples/standard_key/pred_log/count.key.proof 
8591       DEBUG main            d.u.i.k.p.i.AbstractProblemLoader Environment load took 459ns 
8595       INFO  main            d.u.i.k.p.i.AbstractProblemLoader Creating init config 
11048      DEBUG main            d.u.i.k.p.i.AbstractProblemLoader Init config took 2.45s 
11078      INFO  main            d.u.i.k.p.i.AbstractProblemLoader Replaying proof count.key.proof 
11089      DEBUG main            d.u.i.k.p.i.IntermediateProofReplayer Proof replay took 6.6ms 
11098      DEBUG main            d.u.i.k.p.r.p.TestFile    ... success: reloaded. 
11099      INFO  main            d.u.i.k.p.r.p.TestFile    Now processing file /home/runner/work/key/key/key.core/../key.ui/examples/standard_key/pred_log/count2.key 
11100      INFO  main            d.u.i.k.p.i.AbstractProblemLoader Loading environment from /home/runner/work/key/key/key.core/../key.ui/examples/standard_key/pred_log/count2.key 
11100      DEBUG main            d.u.i.k.p.i.AbstractProblemLoader Environment load took 185.9ns 
11102      INFO  main            d.u.i.k.p.i.AbstractProblemLoader Creating init config 
13460      DEBUG main            d.u.i.k.p.i.AbstractProblemLoader Init config took 2.36s 
13490      INFO  main            d.u.i.k.p.i.AbstractProblemLoader Replaying proof count2.key 
13492      DEBUG main            d.u.i.k.p.i.IntermediateProofReplayer Proof replay took 6.3ns 
13594      INFO  main            d.u.i.k.p.r.p.TestFile    ... finished proof: closed. 
13721      INFO  main            d.u.i.k.p.i.AbstractProblemLoader Loading environment from /home/runner/work/key/key/key.core/../key.ui/examples/standard_key/pred_log/count2.key.proof 
13721      DEBUG main            d.u.i.k.p.i.AbstractProblemLoader Environment load took 140.6ns 
13722      INFO  main            d.u.i.k.p.i.AbstractProblemLoader Creating init config 
16106      DEBUG main            d.u.i.k.p.i.AbstractProblemLoader Init config took 2.38s 
16127      INFO  main            d.u.i.k.p.i.AbstractProblemLoader Replaying proof count2.key.proof 
16133      DEBUG main            d.u.i.k.p.i.IntermediateProofReplayer Proof replay took 3.38ms 
16134      DEBUG main            d.u.i.k.p.r.p.TestFile    ... success: reloaded. 
16135      INFO  main            d.u.i.k.p.r.p.TestFile    Now processing file /home/runner/work/key/key/key.core/../key.ui/examples/standard_key/pred_log/count3.key 
16135      INFO  main            d.u.i.k.p.i.AbstractProblemLoader Loading environment from /home/runner/work/key/key/key.core/../key.ui/examples/standard_key/pred_log/count3.key 
16135      DEBUG main            d.u.i.k.p.i.AbstractProblemLoader Environment load took 95.4ns 
16136      INFO  main            d.u.i.k.p.i.AbstractProblemLoader Creating init config 
18446      DEBUG main            d.u.i.k.p.i.AbstractProblemLoader Init config took 2.31s 
18467      INFO  main            d.u.i.k.p.i.AbstractProblemLoader Replaying proof count3.key 
18469      DEBUG main            d.u.i.k.p.i.IntermediateProofReplayer Proof replay took 6.7ns 
18573      INFO  main            d.u.i.k.p.r.p.TestFile    ... finished proof: closed. 
18700      INFO  main            d.u.i.k.p.i.AbstractProblemLoader Loading environment from /home/runner/work/key/key/key.core/../key.ui/examples/standard_key/pred_log/count3.key.proof 
18700      DEBUG main            d.u.i.k.p.i.AbstractProblemLoader Environment load took 127ns 
18702      INFO  main            d.u.i.k.p.i.AbstractProblemLoader Creating init config 
20970      DEBUG main            d.u.i.k.p.i.AbstractProblemLoader Init config took 2.27s 
20989      INFO  main            d.u.i.k.p.i.AbstractProblemLoader Replaying proof count3.key.proof 
20994      DEBUG main            d.u.i.k.p.i.IntermediateProofReplayer Proof replay took 2.81ms 
20995      DEBUG main            d.u.i.k.p.r.p.TestFile    ... success: reloaded. 
20996      INFO  main            d.u.i.k.p.r.p.TestFile    Now processing file /home/runner/work/key/key/key.core/../key.ui/examples/standard_key/pred_log/equalities.key 
20996      INFO  main            d.u.i.k.p.i.AbstractProblemLoader Loading environment from /home/runner/work/key/key/key.core/../key.ui/examples/standard_key/pred_log/equalities.key 
20996      DEBUG main            d.u.i.k.p.i.AbstractProblemLoader Environment load took 150.3ns 
20997      INFO  main            d.u.i.k.p.i.AbstractProblemLoader Creating init config 
23255      DEBUG main            d.u.i.k.p.i.AbstractProblemLoader Init config took 2.26s 
23284      INFO  main            d.u.i.k.p.i.AbstractProblemLoader Replaying proof equalities.key 
23286      DEBUG main            d.u.i.k.p.i.IntermediateProofReplayer Proof replay took 6.5ns 
23388      INFO  main            d.u.i.k.p.r.p.TestFile    ... finished proof: closed. 
23510      INFO  main            d.u.i.k.p.i.AbstractProblemLoader Loading environment from /home/runner/work/key/key/key.core/../key.ui/examples/standard_key/pred_log/equalities.key.proof 
23510      DEBUG main            d.u.i.k.p.i.AbstractProblemLoader Environment load took 106.3ns 
23511      INFO  main            d.u.i.k.p.i.AbstractProblemLoader Creating init config 
25722      DEBUG main            d.u.i.k.p.i.AbstractProblemLoader Init config took 2.21s 
25742      INFO  main            d.u.i.k.p.i.AbstractProblemLoader Replaying proof equalities.key.proof 
25746      DEBUG main            d.u.i.k.p.i.IntermediateProofReplayer Proof replay took 2.03ms 
25747      DEBUG main            d.u.i.k.p.r.p.TestFile    ... success: reloaded. 
25747      INFO  main            d.u.i.k.p.r.p.TestFile    Now processing file /home/runner/work/key/key/key.core/../key.ui/examples/standard_key/pred_log/equalities2.key 
25748      INFO  main            d.u.i.k.p.i.AbstractProblemLoader Loading environment from /home/runner/work/key/key/key.core/../key.ui/examples/standard_key/pred_log/equalities2.key 
25748      DEBUG main            d.u.i.k.p.i.AbstractProblemLoader Environment load took 91.4ns 
25749      INFO  main            d.u.i.k.p.i.AbstractProblemLoader Creating init config 
27982      DEBUG main            d.u.i.k.p.i.AbstractProblemLoader Init config took 2.23s 
28000      INFO  main            d.u.i.k.p.i.AbstractProblemLoader Replaying proof equalities2.key 
28001      DEBUG main            d.u.i.k.p.i.IntermediateProofReplayer Proof replay took 7.1ns 
28105      INFO  main            d.u.i.k.p.r.p.TestFile    ... finished proof: closed. 
28241      INFO  main            d.u.i.k.p.i.AbstractProblemLoader Loading environment from /home/runner/work/key/key/key.core/../key.ui/examples/standard_key/pred_log/equalities2.key.proof 
28241      DEBUG main            d.u.i.k.p.i.AbstractProblemLoader Environment load took 131.7ns 
28242      INFO  main            d.u.i.k.p.i.AbstractProblemLoader Creating init config 
30433      DEBUG main            d.u.i.k.p.i.AbstractProblemLoader Init config took 2.19s 
30451      INFO  main            d.u.i.k.p.i.AbstractProblemLoader Replaying proof equalities2.key.proof 
30457      DEBUG main            d.u.i.k.p.i.IntermediateProofReplayer Proof replay took 4.11ms 
30458      DEBUG main            d.u.i.k.p.r.p.TestFile    ... success: reloaded. 
30459      INFO  main            d.u.i.k.p.r.p.TestFile    Now processing file /home/runner/work/key/key/key.core/../key.ui/examples/standard_key/pred_log/equalities3.key 
30459      INFO  main            d.u.i.k.p.i.AbstractProblemLoader Loading environment from /home/runner/work/key/key/key.core/../key.ui/examples/standard_key/pred_log/equalities3.key 
30460      DEBUG main            d.u.i.k.p.i.AbstractProblemLoader Environment load took 193ns 
30460      INFO  main            d.u.i.k.p.i.AbstractProblemLoader Creating init config 
32661      DEBUG main            d.u.i.k.p.i.AbstractProblemLoader Init config took 2.2s 
32679      INFO  main            d.u.i.k.p.i.AbstractProblemLoader Replaying proof equalities3.key 
32680      DEBUG main            d.u.i.k.p.i.IntermediateProofReplayer Proof replay took 7.5ns 
32782      INFO  main            d.u.i.k.p.r.p.TestFile    ... finished proof: closed. 
32926      INFO  main            d.u.i.k.p.i.AbstractProblemLoader Loading environment from /home/runner/work/key/key/key.core/../key.ui/examples/standard_key/pred_log/equalities3.key.proof 
32926      DEBUG main            d.u.i.k.p.i.AbstractProblemLoader Environment load took 114.4ns 
32927      INFO  main            d.u.i.k.p.i.AbstractProblemLoader Creating init config 
35110      DEBUG main            d.u.i.k.p.i.AbstractProblemLoader Init config took 2.18s 
35129      INFO  main            d.u.i.k.p.i.AbstractProblemLoader Replaying proof equalities3.key.proof 
35149      DEBUG main            d.u.i.k.p.i.IntermediateProofReplayer Proof replay took 13.64ms 
35150      DEBUG main            d.u.i.k.p.r.p.TestFile    ... success: reloaded. 
35151      INFO  main            d.u.i.k.p.r.p.TestFile    Now processing file /home/runner/work/key/key/key.core/../key.ui/examples/standard_key/pred_log/functions.key 
35151      INFO  main            d.u.i.k.p.i.AbstractProblemLoader Loading environment from /home/runner/work/key/key/key.core/../key.ui/examples/standard_key/pred_log/functions.key 
35151      DEBUG main            d.u.i.k.p.i.AbstractProblemLoader Environment load took 151.4ns 
35152      INFO  main            d.u.i.k.p.i.AbstractProblemLoader Creating init config 
37393      DEBUG main            d.u.i.k.p.i.AbstractProblemLoader Init config took 2.24s 
37409      INFO  main            d.u.i.k.p.i.AbstractProblemLoader Replaying proof functions.key 
37410      DEBUG main            d.u.i.k.p.i.IntermediateProofReplayer Proof replay took 6ns 
37512      INFO  main            d.u.i.k.p.r.p.TestFile    ... finished proof: closed. 
37653      INFO  main            d.u.i.k.p.i.AbstractProblemLoader Loading environment from /home/runner/work/key/key/key.core/../key.ui/examples/standard_key/pred_log/functions.key.proof 
37653      DEBUG main            d.u.i.k.p.i.AbstractProblemLoader Environment load took 105.6ns 
37654      INFO  main            d.u.i.k.p.i.AbstractProblemLoader Creating init config 
39805      DEBUG main            d.u.i.k.p.i.AbstractProblemLoader Init config took 2.15s 
39820      INFO  main            d.u.i.k.p.i.AbstractProblemLoader Replaying proof functions.key.proof 
39824      DEBUG main            d.u.i.k.p.i.IntermediateProofReplayer Proof replay took 2.25ms 
39825      DEBUG main            d.u.i.k.p.r.p.TestFile    ... success: reloaded. 
39826      INFO  main            d.u.i.k.p.r.p.TestFile    Now processing file /home/runner/work/key/key/key.core/../key.ui/examples/standard_key/pred_log/mv1.key 
39826      INFO  main            d.u.i.k.p.i.AbstractProblemLoader Loading environment from /home/runner/work/key/key/key.core/../key.ui/examples/standard_key/pred_log/mv1.key 
39826      DEBUG main            d.u.i.k.p.i.AbstractProblemLoader Environment load took 144.5ns 
39827      INFO  main            d.u.i.k.p.i.AbstractProblemLoader Creating init config 
41986      DEBUG main            d.u.i.k.p.i.AbstractProblemLoader Init config took 2.16s 
42001      INFO  main            d.u.i.k.p.i.AbstractProblemLoader Replaying proof mv1.key 
42003      DEBUG main            d.u.i.k.p.i.IntermediateProofReplayer Proof replay took 5.9ns 
42104      INFO  main            d.u.i.k.p.r.p.TestFile    ... finished proof: closed. 
42292      INFO  main            d.u.i.k.p.i.AbstractProblemLoader Loading environment from /home/runner/work/key/key/key.core/../key.ui/examples/standard_key/pred_log/mv1.key.proof 
42293      DEBUG main            d.u.i.k.p.i.AbstractProblemLoader Environment load took 109.7ns 
42294      INFO  main            d.u.i.k.p.i.AbstractProblemLoader Creating init config 
44453      DEBUG main            d.u.i.k.p.i.AbstractProblemLoader Init config took 2.16s 
44468      INFO  main            d.u.i.k.p.i.AbstractProblemLoader Replaying proof mv1.key.proof 
44471      DEBUG main            d.u.i.k.p.i.IntermediateProofReplayer Proof replay took 904.39ns 
44472      DEBUG main            d.u.i.k.p.r.p.TestFile    ... success: reloaded. 
44472      INFO  main            d.u.i.k.p.r.p.TestFile    Now processing file /home/runner/work/key/key/key.core/../key.ui/examples/standard_key/pred_log/mv2.key 
44473      INFO  main            d.u.i.k.p.i.AbstractProblemLoader Loading environment from /home/runner/work/key/key/key.core/../key.ui/examples/standard_key/pred_log/mv2.key 
44473      DEBUG main            d.u.i.k.p.i.AbstractProblemLoader Environment load took 167.4ns 
44474      INFO  main            d.u.i.k.p.i.AbstractProblemLoader Creating init config 
46671      DEBUG main            d.u.i.k.p.i.AbstractProblemLoader Init config took 2.2s 
46686      INFO  main            d.u.i.k.p.i.AbstractProblemLoader Replaying proof mv2.key 
46687      DEBUG main            d.u.i.k.p.i.IntermediateProofReplayer Proof replay took 6.8ns 
46789      INFO  main            d.u.i.k.p.r.p.TestFile    ... finished proof: closed. 
47010      INFO  main            d.u.i.k.p.i.AbstractProblemLoader Loading environment from /home/runner/work/key/key/key.core/../key.ui/examples/standard_key/pred_log/mv2.key.proof 
47010      DEBUG main            d.u.i.k.p.i.AbstractProblemLoader Environment load took 101ns 
47011      INFO  main            d.u.i.k.p.i.AbstractProblemLoader Creating init config 
49155      DEBUG main            d.u.i.k.p.i.AbstractProblemLoader Init config took 2.14s 
49170      INFO  main            d.u.i.k.p.i.AbstractProblemLoader Replaying proof mv2.key.proof 
49173      DEBUG main            d.u.i.k.p.i.IntermediateProofReplayer Proof replay took 1.41ms 
49174      DEBUG main            d.u.i.k.p.r.p.TestFile    ... success: reloaded. 
49174      INFO  main            d.u.i.k.p.r.p.TestFile    Now processing file /home/runner/work/key/key/key.core/../key.ui/examples/standard_key/pred_log/quantifiers.key 
49175      INFO  main            d.u.i.k.p.i.AbstractProblemLoader Loading environment from /home/runner/work/key/key/key.core/../key.ui/examples/standard_key/pred_log/quantifiers.key 
49175      DEBUG main            d.u.i.k.p.i.AbstractProblemLoader Environment load took 172.8ns 
49176      INFO  main            d.u.i.k.p.i.AbstractProblemLoader Creating init config 
51371      DEBUG main            d.u.i.k.p.i.AbstractProblemLoader Init config took 2.19s 
51385      INFO  main            d.u.i.k.p.i.AbstractProblemLoader Replaying proof quantifiers.key 
51386      DEBUG main            d.u.i.k.p.i.IntermediateProofReplayer Proof replay took 6.3ns 
51488      INFO  main            d.u.i.k.p.r.p.TestFile    ... finished proof: closed. 
51644      INFO  main            d.u.i.k.p.i.AbstractProblemLoader Loading environment from /home/runner/work/key/key/key.core/../key.ui/examples/standard_key/pred_log/quantifiers.key.proof 
51644      DEBUG main            d.u.i.k.p.i.AbstractProblemLoader Environment load took 102.2ns 
51645      INFO  main            d.u.i.k.p.i.AbstractProblemLoader Creating init config 
53780      DEBUG main            d.u.i.k.p.i.AbstractProblemLoader Init config took 2.13s 
53795      INFO  main            d.u.i.k.p.i.AbstractProblemLoader Replaying proof quantifiers.key.proof 
53798      DEBUG main            d.u.i.k.p.i.IntermediateProofReplayer Proof replay took 2.17ms 
53799      DEBUG main            d.u.i.k.p.r.p.TestFile    ... success: reloaded. 
53800      INFO  main            d.u.i.k.p.r.p.TestFile    Now processing file /home/runner/work/key/key/key.core/../key.ui/examples/standard_key/pred_log/simpleEps.key 
53800      INFO  main            d.u.i.k.p.i.AbstractProblemLoader Loading environment from /home/runner/work/key/key/key.core/../key.ui/examples/standard_key/pred_log/simpleEps.key 
53800      DEBUG main            d.u.i.k.p.i.AbstractProblemLoader Environment load took 84.7ns 
53801      INFO  main            d.u.i.k.p.i.AbstractProblemLoader Creating init config 
56030      DEBUG main            d.u.i.k.p.i.AbstractProblemLoader Init config took 2.23s 
56044      INFO  main            d.u.i.k.p.i.AbstractProblemLoader Replaying proof simpleEps.key 
56045      DEBUG main            d.u.i.k.p.i.IntermediateProofReplayer Proof replay took 6.2ns 
56147      INFO  main            d.u.i.k.p.r.p.TestFile    ... finished proof: closed. 
56313      INFO  main            d.u.i.k.p.i.AbstractProblemLoader Loading environment from /home/runner/work/key/key/key.core/../key.ui/examples/standard_key/pred_log/simpleEps.key.proof 
56313      DEBUG main            d.u.i.k.p.i.AbstractProblemLoader Environment load took 110.6ns 
56314      INFO  main            d.u.i.k.p.i.AbstractProblemLoader Creating init config 
58450      DEBUG main            d.u.i.k.p.i.AbstractProblemLoader Init config took 2.14s 
58465      INFO  main            d.u.i.k.p.i.AbstractProblemLoader Replaying proof simpleEps.key.proof 
58468      DEBUG main            d.u.i.k.p.i.IntermediateProofReplayer Proof replay took 1.92ms 
58469      DEBUG main            d.u.i.k.p.r.p.TestFile    ... success: reloaded. 
58470      INFO  main            d.u.i.k.p.r.p.TestFile    Now processing file /home/runner/work/key/key/key.core/../key.ui/examples/standard_key/pred_log/steam1.key 
58470      INFO  main            d.u.i.k.p.i.AbstractProblemLoader Loading environment from /home/runner/work/key/key/key.core/../key.ui/examples/standard_key/pred_log/steam1.key 
58470      DEBUG main            d.u.i.k.p.i.AbstractProblemLoader Environment load took 143.1ns 
58472      INFO  main            d.u.i.k.p.i.AbstractProblemLoader Creating init config 
60649      DEBUG main            d.u.i.k.p.i.AbstractProblemLoader Init config took 2.18s 
60670      INFO  main            d.u.i.k.p.i.AbstractProblemLoader Replaying proof steam1.key 
60671      DEBUG main            d.u.i.k.p.i.IntermediateProofReplayer Proof replay took 7.4ns 
61077      INFO  main            d.u.i.k.p.r.p.TestFile    ... finished proof: closed. 
61267      INFO  main            d.u.i.k.p.i.AbstractProblemLoader Loading environment from /home/runner/work/key/key/key.core/../key.ui/examples/standard_key/pred_log/steam1.key.proof 
61273      DEBUG main            d.u.i.k.p.i.AbstractProblemLoader Environment load took 5.75ms 
61275      INFO  main            d.u.i.k.p.i.AbstractProblemLoader Creating init config 
63436      DEBUG main            d.u.i.k.p.i.AbstractProblemLoader Init config took 2.16s 
63455      INFO  main            d.u.i.k.p.i.AbstractProblemLoader Replaying proof steam1.key.proof 
63475      DEBUG main            d.u.i.k.p.i.IntermediateProofReplayer Proof replay took 16.36ms 
63477      DEBUG main            d.u.i.k.p.r.p.TestFile    ... success: reloaded. 
63478      INFO  main            d.u.i.k.p.r.p.TestFile    Now processing file /home/runner/work/key/key/key.core/../key.ui/examples/standard_key/pred_log/tptp/PUZ/PUZ001p1.key 
63478      INFO  main            d.u.i.k.p.i.AbstractProblemLoader Loading environment from /home/runner/work/key/key/key.core/../key.ui/examples/standard_key/pred_log/tptp/PUZ/PUZ001p1.key 
63478      DEBUG main            d.u.i.k.p.i.AbstractProblemLoader Environment load took 151.6ns 
63480      INFO  main            d.u.i.k.p.i.AbstractProblemLoader Creating init config 
65614      DEBUG main            d.u.i.k.p.i.AbstractProblemLoader Init config took 2.13s 
65630      INFO  main            d.u.i.k.p.i.AbstractProblemLoader Replaying proof PUZ001p1.key 
65631      DEBUG main            d.u.i.k.p.i.IntermediateProofReplayer Proof replay took 5.8ns 
68560      INFO  main            d.u.i.k.p.r.p.TestFile    ... finished proof: closed. 
68754      INFO  main            d.u.i.k.p.i.AbstractProblemLoader Loading environment from /home/runner/work/key/key/key.core/../key.ui/examples/standard_key/pred_log/tptp/PUZ/PUZ001p1.key.proof 
68754      DEBUG main            d.u.i.k.p.i.AbstractProblemLoader Environment load took 165.8ns 
68756      INFO  main            d.u.i.k.p.i.AbstractProblemLoader Creating init config 
70872      DEBUG main            d.u.i.k.p.i.AbstractProblemLoader Init config took 2.12s 
70888      INFO  main            d.u.i.k.p.i.AbstractProblemLoader Replaying proof PUZ001p1.key.proof 
71012      DEBUG main            d.u.i.k.p.i.IntermediateProofReplayer Proof replay took 115.31ms 
71013      DEBUG main            d.u.i.k.p.r.p.TestFile    ... success: reloaded. 
71014      INFO  main            d.u.i.k.p.r.p.TestFile    Now processing file /home/runner/work/key/key/key.core/../key.ui/examples/standard_key/pred_log/tptp/PUZ/PUZ001p1-eq.key 
71014      INFO  main            d.u.i.k.p.i.AbstractProblemLoader Loading environment from /home/runner/work/key/key/key.core/../key.ui/examples/standard_key/pred_log/tptp/PUZ/PUZ001p1-eq.key 
71014      DEBUG main            d.u.i.k.p.i.AbstractProblemLoader Environment load took 152ns 
71016      INFO  main            d.u.i.k.p.i.AbstractProblemLoader Creating init config 
73237      DEBUG main            d.u.i.k.p.i.AbstractProblemLoader Init config took 2.22s 
73252      INFO  main            d.u.i.k.p.i.AbstractProblemLoader Replaying proof PUZ001p1-eq.key 
73254      DEBUG main            d.u.i.k.p.i.IntermediateProofReplayer Proof replay took 7.5ns 
73457      INFO  main            d.u.i.k.p.r.p.TestFile    ... finished proof: closed. 
73684      INFO  main            d.u.i.k.p.i.AbstractProblemLoader Loading environment from /home/runner/work/key/key/key.core/../key.ui/examples/standard_key/pred_log/tptp/PUZ/PUZ001p1-eq.key.proof 
73684      DEBUG main            d.u.i.k.p.i.AbstractProblemLoader Environment load took 123.8ns 
73686      INFO  main            d.u.i.k.p.i.AbstractProblemLoader Creating init config 
75813      DEBUG main            d.u.i.k.p.i.AbstractProblemLoader Init config took 2.13s 
75837      INFO  main            d.u.i.k.p.i.AbstractProblemLoader Replaying proof PUZ001p1-eq.key.proof 
75849      DEBUG main            d.u.i.k.p.i.IntermediateProofReplayer Proof replay took 10.16ms 
75850      DEBUG main            d.u.i.k.p.r.p.TestFile    ... success: reloaded. 
75851      INFO  main            d.u.i.k.p.r.p.TestFile    Now processing file /home/runner/work/key/key/key.core/../key.ui/examples/standard_key/pred_log/tptp/PUZ/PUZ031p1.key 
75851      INFO  main            d.u.i.k.p.i.AbstractProblemLoader Loading environment from /home/runner/work/key/key/key.core/../key.ui/examples/standard_key/pred_log/tptp/PUZ/PUZ031p1.key 
75851      DEBUG main            d.u.i.k.p.i.AbstractProblemLoader Environment load took 80.3ns 
75852      INFO  main            d.u.i.k.p.i.AbstractProblemLoader Creating init config 
77964      DEBUG main            d.u.i.k.p.i.AbstractProblemLoader Init config took 2.11s 
77979      INFO  main            d.u.i.k.p.i.AbstractProblemLoader Replaying proof PUZ031p1.key 
77980      DEBUG main            d.u.i.k.p.i.IntermediateProofReplayer Proof replay took 6.3ns 
86107      INFO  main            d.u.i.k.p.r.p.TestFile    ... finished proof: closed. 
86305      INFO  main            d.u.i.k.p.i.AbstractProblemLoader Loading environment from /home/runner/work/key/key/key.core/../key.ui/examples/standard_key/pred_log/tptp/PUZ/PUZ031p1.key.proof 
86305      DEBUG main            d.u.i.k.p.i.AbstractProblemLoader Environment load took 327.9ns 
86307      INFO  main            d.u.i.k.p.i.AbstractProblemLoader Creating init config 
88412      DEBUG main            d.u.i.k.p.i.AbstractProblemLoader Init config took 2.1s 
88427      INFO  main            d.u.i.k.p.i.AbstractProblemLoader Replaying proof PUZ031p1.key.proof 
88482      DEBUG main            d.u.i.k.p.i.IntermediateProofReplayer Proof replay took 50.45ms 
88484      DEBUG main            d.u.i.k.p.r.p.TestFile    ... success: reloaded. 
88484      INFO  main            d.u.i.k.p.r.p.TestFile    Now processing file /home/runner/work/key/key/key.core/../key.ui/examples/standard_key/pred_log/tptp/SET/SET027p3.key 
88485      INFO  main            d.u.i.k.p.i.AbstractProblemLoader Loading environment from /home/runner/work/key/key/key.core/../key.ui/examples/standard_key/pred_log/tptp/SET/SET027p3.key 
88485      DEBUG main            d.u.i.k.p.i.AbstractProblemLoader Environment load took 159.4ns 
88486      INFO  main            d.u.i.k.p.i.AbstractProblemLoader Creating init config 
90676      DEBUG main            d.u.i.k.p.i.AbstractProblemLoader Init config took 2.19s 
90689      INFO  main            d.u.i.k.p.i.AbstractProblemLoader Replaying proof SET027p3.key 
90690      DEBUG main            d.u.i.k.p.i.IntermediateProofReplayer Proof replay took 7.2ns 
90792      INFO  main            d.u.i.k.p.r.p.TestFile    ... finished proof: closed. 
91001      INFO  main            d.u.i.k.p.i.AbstractProblemLoader Loading environment from /home/runner/work/key/key/key.core/../key.ui/examples/standard_key/pred_log/tptp/SET/SET027p3.key.proof 
91001      DEBUG main            d.u.i.k.p.i.AbstractProblemLoader Environment load took 103.6ns 
91002      INFO  main            d.u.i.k.p.i.AbstractProblemLoader Creating init config 
93102      DEBUG main            d.u.i.k.p.i.AbstractProblemLoader Init config took 2.1s 
93116      INFO  main            d.u.i.k.p.i.AbstractProblemLoader Replaying proof SET027p3.key.proof 
93122      DEBUG main            d.u.i.k.p.i.IntermediateProofReplayer Proof replay took 4.44ms 
93123      DEBUG main            d.u.i.k.p.r.p.TestFile    ... success: reloaded. 
93123      INFO  main            d.u.i.k.p.r.p.TestFile    Now processing file /home/runner/work/key/key/key.core/../key.ui/examples/standard_key/pred_log/tptp/SET/SET043p1.key 
93124      INFO  main            d.u.i.k.p.i.AbstractProblemLoader Loading environment from /home/runner/work/key/key/key.core/../key.ui/examples/standard_key/pred_log/tptp/SET/SET043p1.key 
93124      DEBUG main            d.u.i.k.p.i.AbstractProblemLoader Environment load took 161.6ns 
93125      INFO  main            d.u.i.k.p.i.AbstractProblemLoader Creating init config 
95268      DEBUG main            d.u.i.k.p.i.AbstractProblemLoader Init config took 2.14s 
95281      INFO  main            d.u.i.k.p.i.AbstractProblemLoader Replaying proof SET043p1.key 
95282      DEBUG main            d.u.i.k.p.i.IntermediateProofReplayer Proof replay took 7.2ns 
95385      INFO  main            d.u.i.k.p.r.p.TestFile    ... finished proof: closed. 
95578      INFO  main            d.u.i.k.p.i.AbstractProblemLoader Loading environment from /home/runner/work/key/key/key.core/../key.ui/examples/standard_key/pred_log/tptp/SET/SET043p1.key.proof 
95578      DEBUG main            d.u.i.k.p.i.AbstractProblemLoader Environment load took 138.2ns 
95579      INFO  main            d.u.i.k.p.i.AbstractProblemLoader Creating init config 
97677      DEBUG main            d.u.i.k.p.i.AbstractProblemLoader Init config took 2.1s 
97691      INFO  main            d.u.i.k.p.i.AbstractProblemLoader Replaying proof SET043p1.key.proof 
97693      DEBUG main            d.u.i.k.p.i.IntermediateProofReplayer Proof replay took 1.13ms 
97694      DEBUG main            d.u.i.k.p.r.p.TestFile    ... success: reloaded. 
97694      INFO  main            d.u.i.k.p.r.p.TestFile    Now processing file /home/runner/work/key/key/key.core/../key.ui/examples/standard_key/pred_log/tptp/SET/SET045p1.key 
97695      INFO  main            d.u.i.k.p.i.AbstractProblemLoader Loading environment from /home/runner/work/key/key/key.core/../key.ui/examples/standard_key/pred_log/tptp/SET/SET045p1.key 
97695      DEBUG main            d.u.i.k.p.i.AbstractProblemLoader Environment load took 63.9ns 
97696      INFO  main            d.u.i.k.p.i.AbstractProblemLoader Creating init config 
99832      DEBUG main            d.u.i.k.p.i.AbstractProblemLoader Init config took 2.14s 
99845      INFO  main            d.u.i.k.p.i.AbstractProblemLoader Replaying proof SET045p1.key 
99846      DEBUG main            d.u.i.k.p.i.IntermediateProofReplayer Proof replay took 6ns 
99948      INFO  main            d.u.i.k.p.r.p.TestFile    ... finished proof: closed. 
100158     INFO  main            d.u.i.k.p.i.AbstractProblemLoader Loading environment from /home/runner/work/key/key/key.core/../key.ui/examples/standard_key/pred_log/tptp/SET/SET045p1.key.proof 
100158     DEBUG main            d.u.i.k.p.i.AbstractProblemLoader Environment load took 91.3ns 
100159     INFO  main            d.u.i.k.p.i.AbstractProblemLoader Creating init config 
102261     DEBUG main            d.u.i.k.p.i.AbstractProblemLoader Init config took 2.1s 
102274     INFO  main            d.u.i.k.p.i.AbstractProblemLoader Replaying proof SET045p1.key.proof 
102279     DEBUG main            d.u.i.k.p.i.IntermediateProofReplayer Proof replay took 3.89ms 
102280     DEBUG main            d.u.i.k.p.r.p.TestFile    ... success: reloaded. 
102281     INFO  main            d.u.i.k.p.r.p.TestFile    Now processing file /home/runner/work/key/key/key.core/../key.ui/examples/standard_key/pred_log/tptp/SET/SET062p3.key 
102281     INFO  main            d.u.i.k.p.i.AbstractProblemLoader Loading environment from /home/runner/work/key/key/key.core/../key.ui/examples/standard_key/pred_log/tptp/SET/SET062p3.key 
102281     DEBUG main            d.u.i.k.p.i.AbstractProblemLoader Environment load took 78.2ns 
102282     INFO  main            d.u.i.k.p.i.AbstractProblemLoader Creating init config 
104445     DEBUG main            d.u.i.k.p.i.AbstractProblemLoader Init config took 2.16s 
104461     INFO  main            d.u.i.k.p.i.AbstractProblemLoader Replaying proof SET062p3.key 
104464     DEBUG main            d.u.i.k.p.i.IntermediateProofReplayer Proof replay took 7.7ns 
104569     INFO  main            d.u.i.k.p.r.p.TestFile    ... finished proof: closed. 
104814     INFO  main            d.u.i.k.p.i.AbstractProblemLoader Loading environment from /home/runner/work/key/key/key.core/../key.ui/examples/standard_key/pred_log/tptp/SET/SET062p3.key.proof 
104814     DEBUG main            d.u.i.k.p.i.AbstractProblemLoader Environment load took 97.3ns 
104815     INFO  main            d.u.i.k.p.i.AbstractProblemLoader Creating init config 
106904     DEBUG main            d.u.i.k.p.i.AbstractProblemLoader Init config took 2.09s 
106917     INFO  main            d.u.i.k.p.i.AbstractProblemLoader Replaying proof SET062p3.key.proof 
106922     DEBUG main            d.u.i.k.p.i.IntermediateProofReplayer Proof replay took 3.86ms 
106923     DEBUG main            d.u.i.k.p.r.p.TestFile    ... success: reloaded. 
106924     INFO  main            d.u.i.k.p.r.p.TestFile    Now processing file /home/runner/work/key/key/key.core/../key.ui/examples/standard_key/pred_log/tptp/SET/SET063p3.key 
106924     INFO  main            d.u.i.k.p.i.AbstractProblemLoader Loading environment from /home/runner/work/key/key/key.core/../key.ui/examples/standard_key/pred_log/tptp/SET/SET063p3.key 
106924     DEBUG main            d.u.i.k.p.i.AbstractProblemLoader Environment load took 70.1ns 
106925     INFO  main            d.u.i.k.p.i.AbstractProblemLoader Creating init config 
109062     DEBUG main            d.u.i.k.p.i.AbstractProblemLoader Init config took 2.14s 
109075     INFO  main            d.u.i.k.p.i.AbstractProblemLoader Replaying proof SET063p3.key 
109076     DEBUG main            d.u.i.k.p.i.IntermediateProofReplayer Proof replay took 6.6ns 
109181     INFO  main            d.u.i.k.p.r.p.TestFile    ... finished proof: closed. 
109389     INFO  main            d.u.i.k.p.i.AbstractProblemLoader Loading environment from /home/runner/work/key/key/key.core/../key.ui/examples/standard_key/pred_log/tptp/SET/SET063p3.key.proof 
109389     DEBUG main            d.u.i.k.p.i.AbstractProblemLoader Environment load took 97ns 
109390     INFO  main            d.u.i.k.p.i.AbstractProblemLoader Creating init config 
111474     DEBUG main            d.u.i.k.p.i.AbstractProblemLoader Init config took 2.08s 
111487     INFO  main            d.u.i.k.p.i.AbstractProblemLoader Replaying proof SET063p3.key.proof 
111493     DEBUG main            d.u.i.k.p.i.IntermediateProofReplayer Proof replay took 4.83ms 
111494     DEBUG main            d.u.i.k.p.r.p.TestFile    ... success: reloaded. 
111495     INFO  main            d.u.i.k.p.r.p.TestFile    Now processing file /home/runner/work/key/key/key.core/../key.ui/examples/standard_key/pred_log/tptp/SYN/SYN036p2.key 
111495     INFO  main            d.u.i.k.p.i.AbstractProblemLoader Loading environment from /home/runner/work/key/key/key.core/../key.ui/examples/standard_key/pred_log/tptp/SYN/SYN036p2.key 
111495     DEBUG main            d.u.i.k.p.i.AbstractProblemLoader Environment load took 76.2ns 
111496     INFO  main            d.u.i.k.p.i.AbstractProblemLoader Creating init config 
113651     DEBUG main            d.u.i.k.p.i.AbstractProblemLoader Init config took 2.16s 
113664     INFO  main            d.u.i.k.p.i.AbstractProblemLoader Replaying proof SYN036p2.key 
113665     DEBUG main            d.u.i.k.p.i.IntermediateProofReplayer Proof replay took 5.9ns 
113970     INFO  main            d.u.i.k.p.r.p.TestFile    ... finished proof: closed. 
114250     INFO  main            d.u.i.k.p.i.AbstractProblemLoader Loading environment from /home/runner/work/key/key/key.core/../key.ui/examples/standard_key/pred_log/tptp/SYN/SYN036p2.key.proof 
114250     DEBUG main            d.u.i.k.p.i.AbstractProblemLoader Environment load took 301.2ns 
114252     INFO  main            d.u.i.k.p.i.AbstractProblemLoader Creating init config 
116357     DEBUG main            d.u.i.k.p.i.AbstractProblemLoader Init config took 2.11s 
116369     INFO  main            d.u.i.k.p.i.AbstractProblemLoader Replaying proof SYN036p2.key.proof 
116434     DEBUG main            d.u.i.k.p.i.IntermediateProofReplayer Proof replay took 55.27ms 
116435     DEBUG main            d.u.i.k.p.r.p.TestFile    ... success: reloaded. 
116436     INFO  main            d.u.i.k.p.r.p.TestFile    Now processing file /home/runner/work/key/key/key.core/../key.ui/examples/standard_key/pred_log/tptp/SYN/SYN550p1.key 
116436     INFO  main            d.u.i.k.p.i.AbstractProblemLoader Loading environment from /home/runner/work/key/key/key.core/../key.ui/examples/standard_key/pred_log/tptp/SYN/SYN550p1.key 
116436     DEBUG main            d.u.i.k.p.i.AbstractProblemLoader Environment load took 64.1ns 
116437     INFO  main            d.u.i.k.p.i.AbstractProblemLoader Creating init config 
118566     DEBUG main            d.u.i.k.p.i.AbstractProblemLoader Init config took 2.13s 
118579     INFO  main            d.u.i.k.p.i.AbstractProblemLoader Replaying proof SYN550p1.key 
118580     DEBUG main            d.u.i.k.p.i.IntermediateProofReplayer Proof replay took 6.4ns 
121392     INFO  main            d.u.i.k.p.r.p.TestFile    ... finished proof: closed. 
121631     INFO  main            d.u.i.k.p.i.AbstractProblemLoader Loading environment from /home/runner/work/key/key/key.core/../key.ui/examples/standard_key/pred_log/tptp/SYN/SYN550p1.key.proof 
121631     DEBUG main            d.u.i.k.p.i.AbstractProblemLoader Environment load took 103.9ns 
121638     INFO  main            d.u.i.k.p.i.AbstractProblemLoader Creating init config 
123709     DEBUG main            d.u.i.k.p.i.AbstractProblemLoader Init config took 2.07s 
123722     INFO  main            d.u.i.k.p.i.AbstractProblemLoader Replaying proof SYN550p1.key.proof 
123810     DEBUG main            d.u.i.k.p.i.IntermediateProofReplayer Proof replay took 82.23ms 
123811     DEBUG main            d.u.i.k.p.r.p.TestFile    ... success: reloaded. 
123812     INFO  main            d.u.i.k.p.r.p.TestFile    Now processing file /home/runner/work/key/key/key.core/../key.ui/examples/standard_key/prop_log/reallySimple.key 
123812     INFO  main            d.u.i.k.p.i.AbstractProblemLoader Loading environment from /home/runner/work/key/key/key.core/../key.ui/examples/standard_key/prop_log/reallySimple.key 
123812     DEBUG main            d.u.i.k.p.i.AbstractProblemLoader Environment load took 58.7ns 
123813     INFO  main            d.u.i.k.p.i.AbstractProblemLoader Creating init config 
125945     DEBUG main            d.u.i.k.p.i.AbstractProblemLoader Init config took 2.13s 
125957     INFO  main            d.u.i.k.p.i.AbstractProblemLoader Replaying proof reallySimple.key 
125958     DEBUG main            d.u.i.k.p.i.IntermediateProofReplayer Proof replay took 5.4ns 
126059     INFO  main            d.u.i.k.p.r.p.TestFile    ... finished proof: open goal(s) 
126290     INFO  main            d.u.i.k.p.r.p.TestFile    Now processing file /home/runner/work/key/key/key.core/../key.ui/examples/standard_key/pred_log/sameName1.key 
126290     INFO  main            d.u.i.k.p.i.AbstractProblemLoader Loading environment from /home/runner/work/key/key/key.core/../key.ui/examples/standard_key/pred_log/sameName1.key 
126290     DEBUG main            d.u.i.k.p.i.AbstractProblemLoader Environment load took 56.4ns 
126291     INFO  main            d.u.i.k.p.i.AbstractProblemLoader Creating init config 
128376     DEBUG main            d.u.i.k.p.i.AbstractProblemLoader Init config took 2.08s 
128388     INFO  main            d.u.i.k.p.i.AbstractProblemLoader Replaying proof sameName1.key 
128389     DEBUG main            d.u.i.k.p.i.IntermediateProofReplayer Proof replay took 6ns 
128491     INFO  main            d.u.i.k.p.r.p.TestFile    ... finished proof: open goal(s) 
128703     INFO  main            d.u.i.k.p.r.p.TestFile    Now processing file /home/runner/work/key/key/key.core/../key.ui/examples/standard_key/pred_log/jbyteIfEx.key 
128703     INFO  main            d.u.i.k.p.i.AbstractProblemLoader Loading environment from /home/runner/work/key/key/key.core/../key.ui/examples/standard_key/pred_log/jbyteIfEx.key 
128703     DEBUG main            d.u.i.k.p.i.AbstractProblemLoader Environment load took 54.1ns 
128704     INFO  main            d.u.i.k.p.i.AbstractProblemLoader Creating init config 
130807     DEBUG main            d.u.i.k.p.i.AbstractProblemLoader Init config took 2.1s 
130819     INFO  main            d.u.i.k.p.i.AbstractProblemLoader Replaying proof jbyteIfEx.key 
130820     DEBUG main            d.u.i.k.p.i.IntermediateProofReplayer Proof replay took 5.9ns 
130924     INFO  main            d.u.i.k.p.r.p.TestFile    ... finished proof: closed. 
131144     INFO  main            d.u.i.k.p.i.AbstractProblemLoader Loading environment from /home/runner/work/key/key/key.core/../key.ui/examples/standard_key/pred_log/jbyteIfEx.key.proof 
131144     DEBUG main            d.u.i.k.p.i.AbstractProblemLoader Environment load took 90ns 
131145     INFO  main            d.u.i.k.p.i.AbstractProblemLoader Creating init config 
133223     DEBUG main            d.u.i.k.p.i.AbstractProblemLoader Init config took 2.08s 
133236     INFO  main            d.u.i.k.p.i.AbstractProblemLoader Replaying proof jbyteIfEx.key.proof 
133246     DEBUG main            d.u.i.k.p.i.IntermediateProofReplayer Proof replay took 7.36ms 
133247     DEBUG main            d.u.i.k.p.r.p.TestFile    ... success: reloaded. 
133247     INFO  main            d.u.i.k.p.r.p.TestFile    Now processing file /home/runner/work/key/key/key.core/../key.ui/examples/standard_key/prop_log/allClausesLength4.key 
133247     INFO  main            d.u.i.k.p.i.AbstractProblemLoader Loading environment from /home/runner/work/key/key/key.core/../key.ui/examples/standard_key/prop_log/allClausesLength4.key 
133248     DEBUG main            d.u.i.k.p.i.AbstractProblemLoader Environment load took 77.7ns 
133249     INFO  main            d.u.i.k.p.i.AbstractProblemLoader Creating init config 
135404     DEBUG main            d.u.i.k.p.i.AbstractProblemLoader Init config took 2.16s 
135417     INFO  main            d.u.i.k.p.i.AbstractProblemLoader Replaying proof allClausesLength4.key 
135418     DEBUG main            d.u.i.k.p.i.IntermediateProofReplayer Proof replay took 5.5ns 
135520     INFO  main            d.u.i.k.p.r.p.TestFile    ... finished proof: closed. 
135752     INFO  main            d.u.i.k.p.i.AbstractProblemLoader Loading environment from /home/runner/work/key/key/key.core/../key.ui/examples/standard_key/prop_log/allClausesLength4.key.proof 
135753     DEBUG main            d.u.i.k.p.i.AbstractProblemLoader Environment load took 88.5ns 
135754     INFO  main            d.u.i.k.p.i.AbstractProblemLoader Creating init config 
137846     DEBUG main            d.u.i.k.p.i.AbstractProblemLoader Init config took 2.09s 
137864     INFO  main            d.u.i.k.p.i.AbstractProblemLoader Replaying proof allClausesLength4.key.proof 
137876     DEBUG main            d.u.i.k.p.i.IntermediateProofReplayer Proof replay took 9.95ms 
137877     DEBUG main            d.u.i.k.p.r.p.TestFile    ... success: reloaded. 
137878     INFO  main            d.u.i.k.p.r.p.TestFile    Now processing file /home/runner/work/key/key/key.core/../key.ui/examples/standard_key/prop_log/allClausesLength5.key 
137878     INFO  main            d.u.i.k.p.i.AbstractProblemLoader Loading environment from /home/runner/work/key/key/key.core/../key.ui/examples/standard_key/prop_log/allClausesLength5.key 
137878     DEBUG main            d.u.i.k.p.i.AbstractProblemLoader Environment load took 61.7ns 
137879     INFO  main            d.u.i.k.p.i.AbstractProblemLoader Creating init config 
140002     DEBUG main            d.u.i.k.p.i.AbstractProblemLoader Init config took 2.12s 
140016     INFO  main            d.u.i.k.p.i.AbstractProblemLoader Replaying proof allClausesLength5.key 
140017     DEBUG main            d.u.i.k.p.i.IntermediateProofReplayer Proof replay took 6.1ns 
140222     INFO  main            d.u.i.k.p.r.p.TestFile    ... finished proof: closed. 
140469     INFO  main            d.u.i.k.p.i.AbstractProblemLoader Loading environment from /home/runner/work/key/key/key.core/../key.ui/examples/standard_key/prop_log/allClausesLength5.key.proof 
140469     DEBUG main            d.u.i.k.p.i.AbstractProblemLoader Environment load took 297.4ns 
140471     INFO  main            d.u.i.k.p.i.AbstractProblemLoader Creating init config 
142569     DEBUG main            d.u.i.k.p.i.AbstractProblemLoader Init config took 2.1s 
142583     INFO  main            d.u.i.k.p.i.AbstractProblemLoader Replaying proof allClausesLength5.key.proof 
142615     DEBUG main            d.u.i.k.p.i.IntermediateProofReplayer Proof replay took 26.63ms 
142616     DEBUG main            d.u.i.k.p.r.p.TestFile    ... success: reloaded. 
142617     INFO  main            d.u.i.k.p.r.p.TestFile    Now processing file /home/runner/work/key/key/key.core/../key.ui/examples/standard_key/prop_log/doubleNeg.key 
142617     INFO  main            d.u.i.k.p.i.AbstractProblemLoader Loading environment from /home/runner/work/key/key/key.core/../key.ui/examples/standard_key/prop_log/doubleNeg.key 
142617     DEBUG main            d.u.i.k.p.i.AbstractProblemLoader Environment load took 129.8ns 
142618     INFO  main            d.u.i.k.p.i.AbstractProblemLoader Creating init config 
144732     DEBUG main            d.u.i.k.p.i.AbstractProblemLoader Init config took 2.11s 
144745     INFO  main            d.u.i.k.p.i.AbstractProblemLoader Replaying proof doubleNeg.key 
144746     DEBUG main            d.u.i.k.p.i.IntermediateProofReplayer Proof replay took 6.1ns 
144848     INFO  main            d.u.i.k.p.r.p.TestFile    ... finished proof: closed. 
145092     INFO  main            d.u.i.k.p.i.AbstractProblemLoader Loading environment from /home/runner/work/key/key/key.core/../key.ui/examples/standard_key/prop_log/doubleNeg.key.proof 
145092     DEBUG main            d.u.i.k.p.i.AbstractProblemLoader Environment load took 79ns 
145093     INFO  main            d.u.i.k.p.i.AbstractProblemLoader Creating init config 
147207     DEBUG main            d.u.i.k.p.i.AbstractProblemLoader Init config took 2.11s 
147221     INFO  main            d.u.i.k.p.i.AbstractProblemLoader Replaying proof doubleNeg.key.proof 
147223     DEBUG main            d.u.i.k.p.i.IntermediateProofReplayer Proof replay took 291.2ns 
147224     DEBUG main            d.u.i.k.p.r.p.TestFile    ... success: reloaded. 
147225     INFO  main            d.u.i.k.p.r.p.TestFile    Now processing file /home/runner/work/key/key/key.core/../key.ui/examples/standard_key/prop_log/liarsville.key 
147225     INFO  main            d.u.i.k.p.i.AbstractProblemLoader Loading environment from /home/runner/work/key/key/key.core/../key.ui/examples/standard_key/prop_log/liarsville.key 
147225     DEBUG main            d.u.i.k.p.i.AbstractProblemLoader Environment load took 132.6ns 
147226     INFO  main            d.u.i.k.p.i.AbstractProblemLoader Creating init config 
149370     DEBUG main            d.u.i.k.p.i.AbstractProblemLoader Init config took 2.14s 
149382     INFO  main            d.u.i.k.p.i.AbstractProblemLoader Replaying proof liarsville.key 
149383     DEBUG main            d.u.i.k.p.i.IntermediateProofReplayer Proof replay took 6ns 
149485     INFO  main            d.u.i.k.p.r.p.TestFile    ... finished proof: closed. 
149759     INFO  main            d.u.i.k.p.i.AbstractProblemLoader Loading environment from /home/runner/work/key/key/key.core/../key.ui/examples/standard_key/prop_log/liarsville.key.proof 
149759     DEBUG main            d.u.i.k.p.i.AbstractProblemLoader Environment load took 82.1ns 
149760     INFO  main            d.u.i.k.p.i.AbstractProblemLoader Creating init config 
151834     DEBUG main            d.u.i.k.p.i.AbstractProblemLoader Init config took 2.07s 
151847     INFO  main            d.u.i.k.p.i.AbstractProblemLoader Replaying proof liarsville.key.proof 
151849     DEBUG main            d.u.i.k.p.i.IntermediateProofReplayer Proof replay took 910.29ns 
151852     DEBUG main            d.u.i.k.p.r.p.TestFile    ... success: reloaded. 
151853     INFO  main            d.u.i.k.p.r.p.TestFile    Now processing file /home/runner/work/key/key/key.core/../key.ui/examples/standard_key/prop_log/simplest.key 
151853     INFO  main            d.u.i.k.p.i.AbstractProblemLoader Loading environment from /home/runner/work/key/key/key.core/../key.ui/examples/standard_key/prop_log/simplest.key 
151853     DEBUG main            d.u.i.k.p.i.AbstractProblemLoader Environment load took 69.3ns 
151854     INFO  main            d.u.i.k.p.i.AbstractProblemLoader Creating init config 
153971     DEBUG main            d.u.i.k.p.i.AbstractProblemLoader Init config took 2.12s 
153983     INFO  main            d.u.i.k.p.i.AbstractProblemLoader Replaying proof simplest.key 
153984     DEBUG main            d.u.i.k.p.i.IntermediateProofReplayer Proof replay took 6.5ns 
154085     INFO  main            d.u.i.k.p.r.p.TestFile    ... finished proof: closed. 
154336     INFO  main            d.u.i.k.p.i.AbstractProblemLoader Loading environment from /home/runner/work/key/key/key.core/../key.ui/examples/standard_key/prop_log/simplest.key.proof 
154336     DEBUG main            d.u.i.k.p.i.AbstractProblemLoader Environment load took 82.3ns 
154337     INFO  main            d.u.i.k.p.i.AbstractProblemLoader Creating init config 
156399     DEBUG main            d.u.i.k.p.i.AbstractProblemLoader Init config took 2.06s 
156412     INFO  main            d.u.i.k.p.i.AbstractProblemLoader Replaying proof simplest.key.proof 
156413     DEBUG main            d.u.i.k.p.i.IntermediateProofReplayer Proof replay took 88.7ns 
156414     DEBUG main            d.u.i.k.p.r.p.TestFile    ... success: reloaded. 
156414     INFO  main            d.u.i.k.p.r.p.TestFile    Now processing file /home/runner/work/key/key/key.core/../key.ui/examples/standard_key/prop_log/contraposition.key 
156415     INFO  main            d.u.i.k.p.i.AbstractProblemLoader Loading environment from /home/runner/work/key/key/key.core/../key.ui/examples/standard_key/prop_log/contraposition.key 
156415     DEBUG main            d.u.i.k.p.i.AbstractProblemLoader Environment load took 136.1ns 
156416     INFO  main            d.u.i.k.p.i.AbstractProblemLoader Creating init config 
158539     DEBUG main            d.u.i.k.p.i.AbstractProblemLoader Init config took 2.12s 
158551     INFO  main            d.u.i.k.p.i.AbstractProblemLoader Replaying proof contraposition.key 
158552     DEBUG main            d.u.i.k.p.i.IntermediateProofReplayer Proof replay took 5.9ns 
158656     INFO  main            d.u.i.k.p.r.p.TestFile    ... finished proof: closed. 
158906     INFO  main            d.u.i.k.p.i.AbstractProblemLoader Loading environment from /home/runner/work/key/key/key.core/../key.ui/examples/standard_key/prop_log/contraposition.key.proof 
158906     DEBUG main            d.u.i.k.p.i.AbstractProblemLoader Environment load took 82.1ns 
158907     INFO  main            d.u.i.k.p.i.AbstractProblemLoader Creating init config 
160969     DEBUG main            d.u.i.k.p.i.AbstractProblemLoader Init config took 2.06s 
160981     INFO  main            d.u.i.k.p.i.AbstractProblemLoader Replaying proof contraposition.key.proof 
160983     DEBUG main            d.u.i.k.p.i.IntermediateProofReplayer Proof replay took 397.2ns 
160984     DEBUG main            d.u.i.k.p.r.p.TestFile    ... success: reloaded. 
160984     INFO  main            d.u.i.k.p.r.p.TestFile    Now processing file /home/runner/work/key/key/key.core/../key.ui/examples/standard_key/quantifiers/elimination0.key 
160984     INFO  main            d.u.i.k.p.i.AbstractProblemLoader Loading environment from /home/runner/work/key/key/key.core/../key.ui/examples/standard_key/quantifiers/elimination0.key 
160984     DEBUG main            d.u.i.k.p.i.AbstractProblemLoader Environment load took 67.5ns 
160985     INFO  main            d.u.i.k.p.i.AbstractProblemLoader Creating init config 
163100     DEBUG main            d.u.i.k.p.i.AbstractProblemLoader Init config took 2.12s 
163112     INFO  main            d.u.i.k.p.i.AbstractProblemLoader Replaying proof elimination0.key 
163114     DEBUG main            d.u.i.k.p.i.IntermediateProofReplayer Proof replay took 6.1ns 
163215     INFO  main            d.u.i.k.p.r.p.TestFile    ... finished proof: closed. 
163471     INFO  main            d.u.i.k.p.i.AbstractProblemLoader Loading environment from /home/runner/work/key/key/key.core/../key.ui/examples/standard_key/quantifiers/elimination0.key.proof 
163471     DEBUG main            d.u.i.k.p.i.AbstractProblemLoader Environment load took 82.2ns 
163472     INFO  main            d.u.i.k.p.i.AbstractProblemLoader Creating init config 
165552     DEBUG main            d.u.i.k.p.i.AbstractProblemLoader Init config took 2.08s 
165564     INFO  main            d.u.i.k.p.i.AbstractProblemLoader Replaying proof elimination0.key.proof 
165566     DEBUG main            d.u.i.k.p.i.IntermediateProofReplayer Proof replay took 1.01ms 
165567     DEBUG main            d.u.i.k.p.r.p.TestFile    ... success: reloaded. 
165567     INFO  main            d.u.i.k.p.r.p.TestFile    Now processing file /home/runner/work/key/key/key.core/../key.ui/examples/standard_key/quantifiers/heuristic_PUZ001p1-eq.key 
165568     INFO  main            d.u.i.k.p.i.AbstractProblemLoader Loading environment from /home/runner/work/key/key/key.core/../key.ui/examples/standard_key/quantifiers/heuristic_PUZ001p1-eq.key 
165568     DEBUG main            d.u.i.k.p.i.AbstractProblemLoader Environment load took 64.4ns 
165569     INFO  main            d.u.i.k.p.i.AbstractProblemLoader Creating init config 
167673     DEBUG main            d.u.i.k.p.i.AbstractProblemLoader Init config took 2.1s 
167686     INFO  main            d.u.i.k.p.i.AbstractProblemLoader Replaying proof heuristic_PUZ001p1-eq.key 
167688     DEBUG main            d.u.i.k.p.i.IntermediateProofReplayer Proof replay took 7.3ns 
167793     INFO  main            d.u.i.k.p.r.p.TestFile    ... finished proof: closed. 
168059     INFO  main            d.u.i.k.p.i.AbstractProblemLoader Loading environment from /home/runner/work/key/key/key.core/../key.ui/examples/standard_key/quantifiers/heuristic_PUZ001p1-eq.key.proof 
168059     DEBUG main            d.u.i.k.p.i.AbstractProblemLoader Environment load took 89.1ns 
168060     INFO  main            d.u.i.k.p.i.AbstractProblemLoader Creating init config 
170139     DEBUG main            d.u.i.k.p.i.AbstractProblemLoader Init config took 2.08s 
170152     INFO  main            d.u.i.k.p.i.AbstractProblemLoader Replaying proof heuristic_PUZ001p1-eq.key.proof 
170170     DEBUG main            d.u.i.k.p.i.IntermediateProofReplayer Proof replay took 7.99ms 
170171     DEBUG main            d.u.i.k.p.r.p.TestFile    ... success: reloaded. 
170173     INFO  main            d.u.i.k.p.r.p.TestFile    Now processing file /home/runner/work/key/key/key.core/../key.ui/examples/standard_key/quantifiers/heuristic_PUZ001p1.key 
170173     INFO  main            d.u.i.k.p.i.AbstractProblemLoader Loading environment from /home/runner/work/key/key/key.core/../key.ui/examples/standard_key/quantifiers/heuristic_PUZ001p1.key 
170173     DEBUG main            d.u.i.k.p.i.AbstractProblemLoader Environment load took 72.5ns 
170174     INFO  main            d.u.i.k.p.i.AbstractProblemLoader Creating init config 
172306     DEBUG main            d.u.i.k.p.i.AbstractProblemLoader Init config took 2.13s 
172323     INFO  main            d.u.i.k.p.i.AbstractProblemLoader Replaying proof heuristic_PUZ001p1.key 
172325     DEBUG main            d.u.i.k.p.i.IntermediateProofReplayer Proof replay took 7ns 
173649     INFO  main            d.u.i.k.p.r.p.TestFile    ... finished proof: closed. 
173936     INFO  main            d.u.i.k.p.i.AbstractProblemLoader Loading environment from /home/runner/work/key/key/key.core/../key.ui/examples/standard_key/quantifiers/heuristic_PUZ001p1.key.proof 
173936     DEBUG main            d.u.i.k.p.i.AbstractProblemLoader Environment load took 143.5ns 
173938     INFO  main            d.u.i.k.p.i.AbstractProblemLoader Creating init config 
176046     DEBUG main            d.u.i.k.p.i.AbstractProblemLoader Init config took 2.11s 
176059     INFO  main            d.u.i.k.p.i.AbstractProblemLoader Replaying proof heuristic_PUZ001p1.key.proof 
176100     DEBUG main            d.u.i.k.p.i.IntermediateProofReplayer Proof replay took 36.58ms 
176101     DEBUG main            d.u.i.k.p.r.p.TestFile    ... success: reloaded. 
176102     INFO  main            d.u.i.k.p.r.p.TestFile    Now processing file /home/runner/work/key/key/key.core/../key.ui/examples/standard_key/quantifiers/heuristic_PUZ031p1.key 
176102     INFO  main            d.u.i.k.p.i.AbstractProblemLoader Loading environment from /home/runner/work/key/key/key.core/../key.ui/examples/standard_key/quantifiers/heuristic_PUZ031p1.key 
176102     DEBUG main            d.u.i.k.p.i.AbstractProblemLoader Environment load took 67.1ns 
176103     INFO  main            d.u.i.k.p.i.AbstractProblemLoader Creating init config 
178206     DEBUG main            d.u.i.k.p.i.AbstractProblemLoader Init config took 2.1s 
178219     INFO  main            d.u.i.k.p.i.AbstractProblemLoader Replaying proof heuristic_PUZ031p1.key 
178221     DEBUG main            d.u.i.k.p.i.IntermediateProofReplayer Proof replay took 5.7ns 
182841     INFO  main            d.u.i.k.p.r.p.TestFile    ... finished proof: closed. 
183149     INFO  main            d.u.i.k.p.i.AbstractProblemLoader Loading environment from /home/runner/work/key/key/key.core/../key.ui/examples/standard_key/quantifiers/heuristic_PUZ031p1.key.proof 
183151     DEBUG main            d.u.i.k.p.i.AbstractProblemLoader Environment load took 2.15ms 
183152     INFO  main            d.u.i.k.p.i.AbstractProblemLoader Creating init config 
185217     DEBUG main            d.u.i.k.p.i.AbstractProblemLoader Init config took 2.07s 
185240     INFO  main            d.u.i.k.p.i.AbstractProblemLoader Replaying proof heuristic_PUZ031p1.key.proof 
185288     DEBUG main            d.u.i.k.p.i.IntermediateProofReplayer Proof replay took 43.63ms 
185289     DEBUG main            d.u.i.k.p.r.p.TestFile    ... success: reloaded. 
185289     INFO  main            d.u.i.k.p.r.p.TestFile    Now processing file /home/runner/work/key/key/key.core/../key.ui/examples/standard_key/quantifiers/heuristic_SYN036p2.key 
185290     INFO  main            d.u.i.k.p.i.AbstractProblemLoader Loading environment from /home/runner/work/key/key/key.core/../key.ui/examples/standard_key/quantifiers/heuristic_SYN036p2.key 
185290     DEBUG main            d.u.i.k.p.i.AbstractProblemLoader Environment load took 65.2ns 
185290     INFO  main            d.u.i.k.p.i.AbstractProblemLoader Creating init config 
187389     DEBUG main            d.u.i.k.p.i.AbstractProblemLoader Init config took 2.1s 
187401     INFO  main            d.u.i.k.p.i.AbstractProblemLoader Replaying proof heuristic_SYN036p2.key 
187403     DEBUG main            d.u.i.k.p.i.IntermediateProofReplayer Proof replay took 6.5ns 
187607     INFO  main            d.u.i.k.p.r.p.TestFile    ... finished proof: closed. 
187907     INFO  main            d.u.i.k.p.i.AbstractProblemLoader Loading environment from /home/runner/work/key/key/key.core/../key.ui/examples/standard_key/quantifiers/heuristic_SYN036p2.key.proof 
187907     DEBUG main            d.u.i.k.p.i.AbstractProblemLoader Environment load took 278.9ns 
187908     INFO  main            d.u.i.k.p.i.AbstractProblemLoader Creating init config 
189953     DEBUG main            d.u.i.k.p.i.AbstractProblemLoader Init config took 2.05s 
189965     INFO  main            d.u.i.k.p.i.AbstractProblemLoader Replaying proof heuristic_SYN036p2.key.proof 
190026     DEBUG main            d.u.i.k.p.i.IntermediateProofReplayer Proof replay took 54.08ms 
190027     DEBUG main            d.u.i.k.p.r.p.TestFile    ... success: reloaded. 
190028     INFO  main            d.u.i.k.p.r.p.TestFile    Now processing file /home/runner/work/key/key/key.core/../key.ui/examples/standard_key/quantifiers/injectivity.key 
190028     INFO  main            d.u.i.k.p.i.AbstractProblemLoader Loading environment from /home/runner/work/key/key/key.core/../key.ui/examples/standard_key/quantifiers/injectivity.key 
190028     DEBUG main            d.u.i.k.p.i.AbstractProblemLoader Environment load took 63ns 
190029     INFO  main            d.u.i.k.p.i.AbstractProblemLoader Creating init config 
192115     DEBUG main            d.u.i.k.p.i.AbstractProblemLoader Init config took 2.09s 
192126     INFO  main            d.u.i.k.p.i.AbstractProblemLoader Replaying proof injectivity.key 
192128     DEBUG main            d.u.i.k.p.i.IntermediateProofReplayer Proof replay took 6.3ns 
192229     INFO  main            d.u.i.k.p.r.p.TestFile    ... finished proof: closed. 
192510     INFO  main            d.u.i.k.p.i.AbstractProblemLoader Loading environment from /home/runner/work/key/key/key.core/../key.ui/examples/standard_key/quantifiers/injectivity.key.proof 
192510     DEBUG main            d.u.i.k.p.i.AbstractProblemLoader Environment load took 83.2ns 
192511     INFO  main            d.u.i.k.p.i.AbstractProblemLoader Creating init config 
194562     DEBUG main            d.u.i.k.p.i.AbstractProblemLoader Init config took 2.05s 
194574     INFO  main            d.u.i.k.p.i.AbstractProblemLoader Replaying proof injectivity.key.proof 
194579     DEBUG main            d.u.i.k.p.i.IntermediateProofReplayer Proof replay took 3.84ms 
194580     DEBUG main            d.u.i.k.p.r.p.TestFile    ... success: reloaded. 
194581     INFO  main            d.u.i.k.p.r.p.TestFile    Now processing file /home/runner/work/key/key/key.core/../key.ui/examples/standard_key/quantifiers/normalisation0.key 
194581     INFO  main            d.u.i.k.p.i.AbstractProblemLoader Loading environment from /home/runner/work/key/key/key.core/../key.ui/examples/standard_key/quantifiers/normalisation0.key 
194581     DEBUG main            d.u.i.k.p.i.AbstractProblemLoader Environment load took 136ns 
194583     INFO  main            d.u.i.k.p.i.AbstractProblemLoader Creating init config 
196669     DEBUG main            d.u.i.k.p.i.AbstractProblemLoader Init config took 2.09s 
196681     INFO  main            d.u.i.k.p.i.AbstractProblemLoader Replaying proof normalisation0.key 
196682     DEBUG main            d.u.i.k.p.i.IntermediateProofReplayer Proof replay took 6.1ns 
196788     INFO  main            d.u.i.k.p.r.p.TestFile    ... finished proof: closed. 
197077     INFO  main            d.u.i.k.p.i.AbstractProblemLoader Loading environment from /home/runner/work/key/key/key.core/../key.ui/examples/standard_key/quantifiers/normalisation0.key.proof 
197077     DEBUG main            d.u.i.k.p.i.AbstractProblemLoader Environment load took 79ns 
197078     INFO  main            d.u.i.k.p.i.AbstractProblemLoader Creating init config 
199131     DEBUG main            d.u.i.k.p.i.AbstractProblemLoader Init config took 2.05s 
199143     INFO  main            d.u.i.k.p.i.AbstractProblemLoader Replaying proof normalisation0.key.proof 
199146     DEBUG main            d.u.i.k.p.i.IntermediateProofReplayer Proof replay took 1.81ms 
199147     DEBUG main            d.u.i.k.p.r.p.TestFile    ... success: reloaded. 
199147     INFO  main            d.u.i.k.p.r.p.TestFile    Now processing file /home/runner/work/key/key/key.core/../key.ui/examples/standard_key/quantifiers/normalisation1.key 
199148     INFO  main            d.u.i.k.p.i.AbstractProblemLoader Loading environment from /home/runner/work/key/key/key.core/../key.ui/examples/standard_key/quantifiers/normalisation1.key 
199148     DEBUG main            d.u.i.k.p.i.AbstractProblemLoader Environment load took 42.2ns 
199149     INFO  main            d.u.i.k.p.i.AbstractProblemLoader Creating init config 
201249     DEBUG main            d.u.i.k.p.i.AbstractProblemLoader Init config took 2.1s 
201263     INFO  main            d.u.i.k.p.i.AbstractProblemLoader Replaying proof normalisation1.key 
201265     DEBUG main            d.u.i.k.p.i.IntermediateProofReplayer Proof replay took 6.4ns 
201369     INFO  main            d.u.i.k.p.r.p.TestFile    ... finished proof: closed. 
201672     INFO  main            d.u.i.k.p.i.AbstractProblemLoader Loading environment from /home/runner/work/key/key/key.core/../key.ui/examples/standard_key/quantifiers/normalisation1.key.proof 
201672     DEBUG main            d.u.i.k.p.i.AbstractProblemLoader Environment load took 80.2ns 
201673     INFO  main            d.u.i.k.p.i.AbstractProblemLoader Creating init config 
203742     DEBUG main            d.u.i.k.p.i.AbstractProblemLoader Init config took 2.07s 
203754     INFO  main            d.u.i.k.p.i.AbstractProblemLoader Replaying proof normalisation1.key.proof 
203767     DEBUG main            d.u.i.k.p.i.IntermediateProofReplayer Proof replay took 11.76ms 
203768     DEBUG main            d.u.i.k.p.r.p.TestFile    ... success: reloaded. 
203769     INFO  main            d.u.i.k.p.r.p.TestFile    Now processing file /home/runner/work/key/key/key.core/../key.ui/examples/standard_key/quantifiers/normalisation2.key 
203769     INFO  main            d.u.i.k.p.i.AbstractProblemLoader Loading environment from /home/runner/work/key/key/key.core/../key.ui/examples/standard_key/quantifiers/normalisation2.key 
203769     DEBUG main            d.u.i.k.p.i.AbstractProblemLoader Environment load took 61.6ns 
203770     INFO  main            d.u.i.k.p.i.AbstractProblemLoader Creating init config 
205862     DEBUG main            d.u.i.k.p.i.AbstractProblemLoader Init config took 2.09s 
205874     INFO  main            d.u.i.k.p.i.AbstractProblemLoader Replaying proof normalisation2.key 
205876     DEBUG main            d.u.i.k.p.i.IntermediateProofReplayer Proof replay took 7.2ns 
205977     INFO  main            d.u.i.k.p.r.p.TestFile    ... finished proof: closed. 
206268     INFO  main            d.u.i.k.p.i.AbstractProblemLoader Loading environment from /home/runner/work/key/key/key.core/../key.ui/examples/standard_key/quantifiers/normalisation2.key.proof 
206268     DEBUG main            d.u.i.k.p.i.AbstractProblemLoader Environment load took 93.9ns 
206269     INFO  main            d.u.i.k.p.i.AbstractProblemLoader Creating init config 
208329     DEBUG main            d.u.i.k.p.i.AbstractProblemLoader Init config took 2.06s 
208341     INFO  main            d.u.i.k.p.i.AbstractProblemLoader Replaying proof normalisation2.key.proof 
208344     DEBUG main            d.u.i.k.p.i.IntermediateProofReplayer Proof replay took 1.78ms 
208345     DEBUG main            d.u.i.k.p.r.p.TestFile    ... success: reloaded. 
208345     INFO  main            d.u.i.k.p.r.p.TestFile    Now processing file /home/runner/work/key/key/key.core/../key.ui/examples/standard_key/quantifiers/normalisation3.key 
208345     INFO  main            d.u.i.k.p.i.AbstractProblemLoader Loading environment from /home/runner/work/key/key/key.core/../key.ui/examples/standard_key/quantifiers/normalisation3.key 
208346     DEBUG main            d.u.i.k.p.i.AbstractProblemLoader Environment load took 84.4ns 
208346     INFO  main            d.u.i.k.p.i.AbstractProblemLoader Creating init config 
210429     DEBUG main            d.u.i.k.p.i.AbstractProblemLoader Init config took 2.08s 
210441     INFO  main            d.u.i.k.p.i.AbstractProblemLoader Replaying proof normalisation3.key 
210442     DEBUG main            d.u.i.k.p.i.IntermediateProofReplayer Proof replay took 6.8ns 
210544     INFO  main            d.u.i.k.p.r.p.TestFile    ... finished proof: closed. 
210848     INFO  main            d.u.i.k.p.i.AbstractProblemLoader Loading environment from /home/runner/work/key/key/key.core/../key.ui/examples/standard_key/quantifiers/normalisation3.key.proof 
210849     DEBUG main            d.u.i.k.p.i.AbstractProblemLoader Environment load took 78.1ns 
210849     INFO  main            d.u.i.k.p.i.AbstractProblemLoader Creating init config 
212908     DEBUG main            d.u.i.k.p.i.AbstractProblemLoader Init config took 2.06s 
212921     INFO  main            d.u.i.k.p.i.AbstractProblemLoader Replaying proof normalisation3.key.proof 
212924     DEBUG main            d.u.i.k.p.i.IntermediateProofReplayer Proof replay took 2ms 
212925     DEBUG main            d.u.i.k.p.r.p.TestFile    ... success: reloaded. 
212925     INFO  main            d.u.i.k.p.r.p.TestFile    Now processing file /home/runner/work/key/key/key.core/../key.ui/examples/standard_key/quantifiers/normalisation4.key 
212926     INFO  main            d.u.i.k.p.i.AbstractProblemLoader Loading environment from /home/runner/work/key/key/key.core/../key.ui/examples/standard_key/quantifiers/normalisation4.key 
212926     DEBUG main            d.u.i.k.p.i.AbstractProblemLoader Environment load took 81.7ns 
212927     INFO  main            d.u.i.k.p.i.AbstractProblemLoader Creating init config 
215017     DEBUG main            d.u.i.k.p.i.AbstractProblemLoader Init config took 2.09s 
215031     INFO  main            d.u.i.k.p.i.AbstractProblemLoader Replaying proof normalisation4.key 
215032     DEBUG main            d.u.i.k.p.i.IntermediateProofReplayer Proof replay took 7ns 
215134     INFO  main            d.u.i.k.p.r.p.TestFile    ... finished proof: closed. 
215450     INFO  main            d.u.i.k.p.i.AbstractProblemLoader Loading environment from /home/runner/work/key/key/key.core/../key.ui/examples/standard_key/quantifiers/normalisation4.key.proof 
215450     DEBUG main            d.u.i.k.p.i.AbstractProblemLoader Environment load took 77.9ns 
215451     INFO  main            d.u.i.k.p.i.AbstractProblemLoader Creating init config 
217511     DEBUG main            d.u.i.k.p.i.AbstractProblemLoader Init config took 2.06s 
217523     INFO  main            d.u.i.k.p.i.AbstractProblemLoader Replaying proof normalisation4.key.proof 
217528     DEBUG main            d.u.i.k.p.i.IntermediateProofReplayer Proof replay took 3.98ms 
217529     DEBUG main            d.u.i.k.p.r.p.TestFile    ... success: reloaded. 
217530     INFO  main            d.u.i.k.p.r.p.TestFile    Now processing file /home/runner/work/key/key/key.core/../key.ui/examples/standard_key/quantifiers/normalisation5.key 
217530     INFO  main            d.u.i.k.p.i.AbstractProblemLoader Loading environment from /home/runner/work/key/key/key.core/../key.ui/examples/standard_key/quantifiers/normalisation5.key 
217530     DEBUG main            d.u.i.k.p.i.AbstractProblemLoader Environment load took 66.9ns 
217531     INFO  main            d.u.i.k.p.i.AbstractProblemLoader Creating init config 
219624     DEBUG main            d.u.i.k.p.i.AbstractProblemLoader Init config took 2.09s 
219636     INFO  main            d.u.i.k.p.i.AbstractProblemLoader Replaying proof normalisation5.key 
219637     DEBUG main            d.u.i.k.p.i.IntermediateProofReplayer Proof replay took 6.4ns 
219739     INFO  main            d.u.i.k.p.r.p.TestFile    ... finished proof: closed. 
220056     INFO  main            d.u.i.k.p.i.AbstractProblemLoader Loading environment from /home/runner/work/key/key/key.core/../key.ui/examples/standard_key/quantifiers/normalisation5.key.proof 
220056     DEBUG main            d.u.i.k.p.i.AbstractProblemLoader Environment load took 79.1ns 
220057     INFO  main            d.u.i.k.p.i.AbstractProblemLoader Creating init config 
222130     DEBUG main            d.u.i.k.p.i.AbstractProblemLoader Init config took 2.07s 
222142     INFO  main            d.u.i.k.p.i.AbstractProblemLoader Replaying proof normalisation5.key.proof 
222146     DEBUG main            d.u.i.k.p.i.IntermediateProofReplayer Proof replay took 3.07ms 
222147     DEBUG main            d.u.i.k.p.r.p.TestFile    ... success: reloaded. 
222147     INFO  main            d.u.i.k.p.r.p.TestFile    Now processing file /home/runner/work/key/key/key.core/../key.ui/examples/standard_key/quantifiers/normalisation6.key 
222148     INFO  main            d.u.i.k.p.i.AbstractProblemLoader Loading environment from /home/runner/work/key/key/key.core/../key.ui/examples/standard_key/quantifiers/normalisation6.key 
222148     DEBUG main            d.u.i.k.p.i.AbstractProblemLoader Environment load took 111.5ns 
222149     INFO  main            d.u.i.k.p.i.AbstractProblemLoader Creating init config 
224236     DEBUG main            d.u.i.k.p.i.AbstractProblemLoader Init config took 2.09s 
224248     INFO  main            d.u.i.k.p.i.AbstractProblemLoader Replaying proof normalisation6.key 
224249     DEBUG main            d.u.i.k.p.i.IntermediateProofReplayer Proof replay took 6ns 
224351     INFO  main            d.u.i.k.p.r.p.TestFile    ... finished proof: closed. 
224669     INFO  main            d.u.i.k.p.i.AbstractProblemLoader Loading environment from /home/runner/work/key/key/key.core/../key.ui/examples/standard_key/quantifiers/normalisation6.key.proof 
224669     DEBUG main            d.u.i.k.p.i.AbstractProblemLoader Environment load took 72.7ns 
224670     INFO  main            d.u.i.k.p.i.AbstractProblemLoader Creating init config 
226743     DEBUG main            d.u.i.k.p.i.AbstractProblemLoader Init config took 2.07s 
226755     INFO  main            d.u.i.k.p.i.AbstractProblemLoader Replaying proof normalisation6.key.proof 
226759     DEBUG main            d.u.i.k.p.i.IntermediateProofReplayer Proof replay took 1.86ms 
226759     DEBUG main            d.u.i.k.p.r.p.TestFile    ... success: reloaded. 
226760     INFO  main            d.u.i.k.p.r.p.TestFile    Now processing file /home/runner/work/key/key/key.core/../key.ui/examples/standard_key/quantifiers/normalisation7.key 
226760     INFO  main            d.u.i.k.p.i.AbstractProblemLoader Loading environment from /home/runner/work/key/key/key.core/../key.ui/examples/standard_key/quantifiers/normalisation7.key 
226760     DEBUG main            d.u.i.k.p.i.AbstractProblemLoader Environment load took 63.9ns 
226761     INFO  main            d.u.i.k.p.i.AbstractProblemLoader Creating init config 
228848     DEBUG main            d.u.i.k.p.i.AbstractProblemLoader Init config took 2.09s 
228860     INFO  main            d.u.i.k.p.i.AbstractProblemLoader Replaying proof normalisation7.key 
228861     DEBUG main            d.u.i.k.p.i.IntermediateProofReplayer Proof replay took 6.8ns 
228962     INFO  main            d.u.i.k.p.r.p.TestFile    ... finished proof: closed. 
229299     INFO  main            d.u.i.k.p.i.AbstractProblemLoader Loading environment from /home/runner/work/key/key/key.core/../key.ui/examples/standard_key/quantifiers/normalisation7.key.proof 
229299     DEBUG main            d.u.i.k.p.i.AbstractProblemLoader Environment load took 91.5ns 
229300     INFO  main            d.u.i.k.p.i.AbstractProblemLoader Creating init config 
231363     DEBUG main            d.u.i.k.p.i.AbstractProblemLoader Init config took 2.06s 
231377     INFO  main            d.u.i.k.p.i.AbstractProblemLoader Replaying proof normalisation7.key.proof 
231380     DEBUG main            d.u.i.k.p.i.IntermediateProofReplayer Proof replay took 1.74ms 
231380     DEBUG main            d.u.i.k.p.r.p.TestFile    ... success: reloaded. 
231381     INFO  main            d.u.i.k.p.r.p.TestFile    Now processing file /home/runner/work/key/key/key.core/../key.ui/examples/standard_key/quantifiers/normalisation8.key 
231381     INFO  main            d.u.i.k.p.i.AbstractProblemLoader Loading environment from /home/runner/work/key/key/key.core/../key.ui/examples/standard_key/quantifiers/normalisation8.key 
231381     DEBUG main            d.u.i.k.p.i.AbstractProblemLoader Environment load took 67.1ns 
231382     INFO  main            d.u.i.k.p.i.AbstractProblemLoader Creating init config 
233470     DEBUG main            d.u.i.k.p.i.AbstractProblemLoader Init config took 2.09s 
233482     INFO  main            d.u.i.k.p.i.AbstractProblemLoader Replaying proof normalisation8.key 
233483     DEBUG main            d.u.i.k.p.i.IntermediateProofReplayer Proof replay took 6.4ns 
233585     INFO  main            d.u.i.k.p.r.p.TestFile    ... finished proof: closed. 
233917     INFO  main            d.u.i.k.p.i.AbstractProblemLoader Loading environment from /home/runner/work/key/key/key.core/../key.ui/examples/standard_key/quantifiers/normalisation8.key.proof 
233917     DEBUG main            d.u.i.k.p.i.AbstractProblemLoader Environment load took 79.2ns 
233918     INFO  main            d.u.i.k.p.i.AbstractProblemLoader Creating init config 
235981     DEBUG main            d.u.i.k.p.i.AbstractProblemLoader Init config took 2.06s 
235993     INFO  main            d.u.i.k.p.i.AbstractProblemLoader Replaying proof normalisation8.key.proof 
236000     DEBUG main            d.u.i.k.p.i.IntermediateProofReplayer Proof replay took 4.02ms 
236001     DEBUG main            d.u.i.k.p.r.p.TestFile    ... success: reloaded. 
236001     INFO  main            d.u.i.k.p.r.p.TestFile    Now processing file /home/runner/work/key/key/key.core/../key.ui/examples/standard_key/quantifiers/normalisation9.key 
236001     INFO  main            d.u.i.k.p.i.AbstractProblemLoader Loading environment from /home/runner/work/key/key/key.core/../key.ui/examples/standard_key/quantifiers/normalisation9.key 
236001     DEBUG main            d.u.i.k.p.i.AbstractProblemLoader Environment load took 51.6ns 
236002     INFO  main            d.u.i.k.p.i.AbstractProblemLoader Creating init config 
238089     DEBUG main            d.u.i.k.p.i.AbstractProblemLoader Init config took 2.09s 
238101     INFO  main            d.u.i.k.p.i.AbstractProblemLoader Replaying proof normalisation9.key 
238102     DEBUG main            d.u.i.k.p.i.IntermediateProofReplayer Proof replay took 6.3ns 
238204     INFO  main            d.u.i.k.p.r.p.TestFile    ... finished proof: closed. 
238534     INFO  main            d.u.i.k.p.i.AbstractProblemLoader Loading environment from /home/runner/work/key/key/key.core/../key.ui/examples/standard_key/quantifiers/normalisation9.key.proof 
238534     DEBUG main            d.u.i.k.p.i.AbstractProblemLoader Environment load took 74.4ns 
238535     INFO  main            d.u.i.k.p.i.AbstractProblemLoader Creating init config 
240605     DEBUG main            d.u.i.k.p.i.AbstractProblemLoader Init config took 2.07s 
240617     INFO  main            d.u.i.k.p.i.AbstractProblemLoader Replaying proof normalisation9.key.proof 
240623     DEBUG main            d.u.i.k.p.i.IntermediateProofReplayer Proof replay took 5.41ms 
240624     DEBUG main            d.u.i.k.p.r.p.TestFile    ... success: reloaded. 
240625     INFO  main            d.u.i.k.p.r.p.TestFile    Now processing file /home/runner/work/key/key/key.core/../key.ui/examples/standard_key/quantifiers/normalisation10.key 
240625     INFO  main            d.u.i.k.p.i.AbstractProblemLoader Loading environment from /home/runner/work/key/key/key.core/../key.ui/examples/standard_key/quantifiers/normalisation10.key 
240625     DEBUG main            d.u.i.k.p.i.AbstractProblemLoader Environment load took 64.9ns 
240626     INFO  main            d.u.i.k.p.i.AbstractProblemLoader Creating init config 
242718     DEBUG main            d.u.i.k.p.i.AbstractProblemLoader Init config took 2.09s 
242730     INFO  main            d.u.i.k.p.i.AbstractProblemLoader Replaying proof normalisation10.key 
242731     DEBUG main            d.u.i.k.p.i.IntermediateProofReplayer Proof replay took 6.3ns 
242834     INFO  main            d.u.i.k.p.r.p.TestFile    ... finished proof: closed. 
243173     INFO  main            d.u.i.k.p.i.AbstractProblemLoader Loading environment from /home/runner/work/key/key/key.core/../key.ui/examples/standard_key/quantifiers/normalisation10.key.proof 
243173     DEBUG main            d.u.i.k.p.i.AbstractProblemLoader Environment load took 71.1ns 
243174     INFO  main            d.u.i.k.p.i.AbstractProblemLoader Creating init config 
245232     DEBUG main            d.u.i.k.p.i.AbstractProblemLoader Init config took 2.06s 
245244     INFO  main            d.u.i.k.p.i.AbstractProblemLoader Replaying proof normalisation10.key.proof 
245250     DEBUG main            d.u.i.k.p.i.IntermediateProofReplayer Proof replay took 4.04ms 
245250     DEBUG main            d.u.i.k.p.r.p.TestFile    ... success: reloaded. 
245251     INFO  main            d.u.i.k.p.r.p.TestFile    Now processing file /home/runner/work/key/key/key.core/../key.ui/examples/standard_key/quantifiers/normalisation12.key 
245251     INFO  main            d.u.i.k.p.i.AbstractProblemLoader Loading environment from /home/runner/work/key/key/key.core/../key.ui/examples/standard_key/quantifiers/normalisation12.key 
245251     DEBUG main            d.u.i.k.p.i.AbstractProblemLoader Environment load took 55.2ns 
245252     INFO  main            d.u.i.k.p.i.AbstractProblemLoader Creating init config 
247347     DEBUG main            d.u.i.k.p.i.AbstractProblemLoader Init config took 2.1s 
247360     INFO  main            d.u.i.k.p.i.AbstractProblemLoader Replaying proof normalisation12.key 
247362     DEBUG main            d.u.i.k.p.i.IntermediateProofReplayer Proof replay took 6.4ns 
247464     INFO  main            d.u.i.k.p.r.p.TestFile    ... finished proof: closed. 
247809     INFO  main            d.u.i.k.p.i.AbstractProblemLoader Loading environment from /home/runner/work/key/key/key.core/../key.ui/examples/standard_key/quantifiers/normalisation12.key.proof 
247809     DEBUG main            d.u.i.k.p.i.AbstractProblemLoader Environment load took 77.1ns 
247810     INFO  main            d.u.i.k.p.i.AbstractProblemLoader Creating init config 
249874     DEBUG main            d.u.i.k.p.i.AbstractProblemLoader Init config took 2.06s 
249886     INFO  main            d.u.i.k.p.i.AbstractProblemLoader Replaying proof normalisation12.key.proof 
249888     DEBUG main            d.u.i.k.p.i.IntermediateProofReplayer Proof replay took 957.19ns 
249889     DEBUG main            d.u.i.k.p.r.p.TestFile    ... success: reloaded. 
249890     INFO  main            d.u.i.k.p.r.p.TestFile    Now processing file /home/runner/work/key/key/key.core/../key.ui/examples/standard_key/quantifiers/normalisation13.key 
249890     INFO  main            d.u.i.k.p.i.AbstractProblemLoader Loading environment from /home/runner/work/key/key/key.core/../key.ui/examples/standard_key/quantifiers/normalisation13.key 
249890     DEBUG main            d.u.i.k.p.i.AbstractProblemLoader Environment load took 41.3ns 
249891     INFO  main            d.u.i.k.p.i.AbstractProblemLoader Creating init config 
251983     DEBUG main            d.u.i.k.p.i.AbstractProblemLoader Init config took 2.09s 
251995     INFO  main            d.u.i.k.p.i.AbstractProblemLoader Replaying proof normalisation13.key 
251996     DEBUG main            d.u.i.k.p.i.IntermediateProofReplayer Proof replay took 6.9ns 
252098     INFO  main            d.u.i.k.p.r.p.TestFile    ... finished proof: closed. 
252444     INFO  main            d.u.i.k.p.i.AbstractProblemLoader Loading environment from /home/runner/work/key/key/key.core/../key.ui/examples/standard_key/quantifiers/normalisation13.key.proof 
252444     DEBUG main            d.u.i.k.p.i.AbstractProblemLoader Environment load took 82.8ns 
252445     INFO  main            d.u.i.k.p.i.AbstractProblemLoader Creating init config 
254541     DEBUG main            d.u.i.k.p.i.AbstractProblemLoader Init config took 2.1s 
254554     INFO  main            d.u.i.k.p.i.AbstractProblemLoader Replaying proof normalisation13.key.proof 
254555     DEBUG main            d.u.i.k.p.i.IntermediateProofReplayer Proof replay took 472.19ns 
254556     DEBUG main            d.u.i.k.p.r.p.TestFile    ... success: reloaded. 
254557     INFO  main            d.u.i.k.p.r.p.TestFile    Now processing file /home/runner/work/key/key/key.core/../key.ui/examples/standard_key/quantifiers/triggers0.key 
254557     INFO  main            d.u.i.k.p.i.AbstractProblemLoader Loading environment from /home/runner/work/key/key/key.core/../key.ui/examples/standard_key/quantifiers/triggers0.key 
254557     DEBUG main            d.u.i.k.p.i.AbstractProblemLoader Environment load took 43.1ns 
254558     INFO  main            d.u.i.k.p.i.AbstractProblemLoader Creating init config 
256678     DEBUG main            d.u.i.k.p.i.AbstractProblemLoader Init config took 2.12s 
256690     INFO  main            d.u.i.k.p.i.AbstractProblemLoader Replaying proof triggers0.key 
256692     DEBUG main            d.u.i.k.p.i.IntermediateProofReplayer Proof replay took 6.5ns 
256793     INFO  main            d.u.i.k.p.r.p.TestFile    ... finished proof: closed. 
257170     INFO  main            d.u.i.k.p.i.AbstractProblemLoader Loading environment from /home/runner/work/key/key/key.core/../key.ui/examples/standard_key/quantifiers/triggers0.key.proof 
257170     DEBUG main            d.u.i.k.p.i.AbstractProblemLoader Environment load took 74.8ns 
257171     INFO  main            d.u.i.k.p.i.AbstractProblemLoader Creating init config 
259286     DEBUG main            d.u.i.k.p.i.AbstractProblemLoader Init config took 2.12s 
259298     INFO  main            d.u.i.k.p.i.AbstractProblemLoader Replaying proof triggers0.key.proof 
259301     DEBUG main            d.u.i.k.p.i.IntermediateProofReplayer Proof replay took 1.26ms 
259301     DEBUG main            d.u.i.k.p.r.p.TestFile    ... success: reloaded. 
3726073    INFO  Test worker     d.u.i.k.p.r.RunAllProofsTestUnit Returning from test FOL 
3726073    INFO  Test worker     d.u.i.k.p.r.RunAllProofsTestUnit Running test strings 
385        INFO  Timeout watchdog d.u.i.k.p.r.p.ForkedTestFileRunner Timeout watcher launched (2000 secs.) 
406        WARN  main            d.u.i.k.s.ProofSettings   The settings in /home/runner/.key/proof-settings.props are *not* read. 
437        INFO  main            d.u.i.k.p.r.p.TestFile    Now processing file /home/runner/work/key/key/key.core/../key.ui/examples/standard_key/strings/charAt0.key 
542        INFO  main            d.u.i.k.p.i.AbstractProblemLoader Loading environment from /home/runner/work/key/key/key.core/../key.ui/examples/standard_key/strings/charAt0.key 
558        DEBUG main            d.u.i.k.p.i.AbstractProblemLoader Environment load took 1.9ms 
791        INFO  main            d.u.i.k.p.i.AbstractProblemLoader Creating init config 
1800       DEBUG main            d.u.i.k.j.TypeConverter   No LDT found for Meta 
1800       DEBUG main            d.u.i.k.j.TypeConverter   No LDT found for Meta 
1803       DEBUG main            d.u.i.k.j.TypeConverter   No LDT found for Meta 
1803       DEBUG main            d.u.i.k.j.TypeConverter   No LDT found for Meta 
3132       DEBUG main            d.u.i.k.j.TypeConverter   No LDT found for JavaBigintExpression 
7773       DEBUG main            d.u.i.k.p.i.AbstractProblemLoader Init config took 6.98s 
7852       INFO  main            d.u.i.k.p.i.AbstractProblemLoader Replaying proof charAt0.key 
7888       DEBUG main            d.u.i.k.p.i.IntermediateProofReplayer Proof replay took 34.9ns 
8331       INFO  main            d.u.i.k.p.r.p.TestFile    ... finished proof: closed. 
8423       INFO  main            d.u.i.k.p.i.AbstractProblemLoader Loading environment from /home/runner/work/key/key/key.core/../key.ui/examples/standard_key/strings/charAt0.key.proof 
8423       DEBUG main            d.u.i.k.p.i.AbstractProblemLoader Environment load took 359ns 
8427       INFO  main            d.u.i.k.p.i.AbstractProblemLoader Creating init config 
10963      DEBUG main            d.u.i.k.p.i.AbstractProblemLoader Init config took 2.54s 
10994      INFO  main            d.u.i.k.p.i.AbstractProblemLoader Replaying proof charAt0.key.proof 
11015      DEBUG main            d.u.i.k.p.i.IntermediateProofReplayer Proof replay took 16.22ms 
11025      DEBUG main            d.u.i.k.p.r.p.TestFile    ... success: reloaded. 
11026      INFO  main            d.u.i.k.p.r.p.TestFile    Now processing file /home/runner/work/key/key/key.core/../key.ui/examples/standard_key/strings/charAt1.key 
11026      INFO  main            d.u.i.k.p.i.AbstractProblemLoader Loading environment from /home/runner/work/key/key/key.core/../key.ui/examples/standard_key/strings/charAt1.key 
11027      DEBUG main            d.u.i.k.p.i.AbstractProblemLoader Environment load took 184.8ns 
11028      INFO  main            d.u.i.k.p.i.AbstractProblemLoader Creating init config 
13466      DEBUG main            d.u.i.k.p.i.AbstractProblemLoader Init config took 2.44s 
13495      INFO  main            d.u.i.k.p.i.AbstractProblemLoader Replaying proof charAt1.key 
13497      DEBUG main            d.u.i.k.p.i.IntermediateProofReplayer Proof replay took 6.1ns 
13700      INFO  main            d.u.i.k.p.r.p.TestFile    ... finished proof: closed. 
13817      INFO  main            d.u.i.k.p.i.AbstractProblemLoader Loading environment from /home/runner/work/key/key/key.core/../key.ui/examples/standard_key/strings/charAt1.key.proof 
13820      DEBUG main            d.u.i.k.p.i.AbstractProblemLoader Environment load took 2.37ms 
13822      INFO  main            d.u.i.k.p.i.AbstractProblemLoader Creating init config 
16234      DEBUG main            d.u.i.k.p.i.AbstractProblemLoader Init config took 2.41s 
16259      INFO  main            d.u.i.k.p.i.AbstractProblemLoader Replaying proof charAt1.key.proof 
16276      DEBUG main            d.u.i.k.p.i.IntermediateProofReplayer Proof replay took 14.4ms 
16277      DEBUG main            d.u.i.k.p.r.p.TestFile    ... success: reloaded. 
16278      INFO  main            d.u.i.k.p.r.p.TestFile    Now processing file /home/runner/work/key/key/key.core/../key.ui/examples/standard_key/strings/concat1.key 
16278      INFO  main            d.u.i.k.p.i.AbstractProblemLoader Loading environment from /home/runner/work/key/key/key.core/../key.ui/examples/standard_key/strings/concat1.key 
16279      DEBUG main            d.u.i.k.p.i.AbstractProblemLoader Environment load took 168ns 
16280      INFO  main            d.u.i.k.p.i.AbstractProblemLoader Creating init config 
18661      DEBUG main            d.u.i.k.p.i.AbstractProblemLoader Init config took 2.38s 
18683      INFO  main            d.u.i.k.p.i.AbstractProblemLoader Replaying proof concat1.key 
18691      DEBUG main            d.u.i.k.p.i.IntermediateProofReplayer Proof replay took 6.4ns 
18793      INFO  main            d.u.i.k.p.r.p.TestFile    ... finished proof: closed. 
18950      INFO  main            d.u.i.k.p.i.AbstractProblemLoader Loading environment from /home/runner/work/key/key/key.core/../key.ui/examples/standard_key/strings/concat1.key.proof 
18951      DEBUG main            d.u.i.k.p.i.AbstractProblemLoader Environment load took 135.6ns 
18952      INFO  main            d.u.i.k.p.i.AbstractProblemLoader Creating init config 
21319      DEBUG main            d.u.i.k.p.i.AbstractProblemLoader Init config took 2.37s 
21339      INFO  main            d.u.i.k.p.i.AbstractProblemLoader Replaying proof concat1.key.proof 
21342      DEBUG main            d.u.i.k.p.i.IntermediateProofReplayer Proof replay took 1.53ms 
21343      DEBUG main            d.u.i.k.p.r.p.TestFile    ... success: reloaded. 
21344      INFO  main            d.u.i.k.p.r.p.TestFile    Now processing file /home/runner/work/key/key/key.core/../key.ui/examples/standard_key/strings/concat2.key 
21344      INFO  main            d.u.i.k.p.i.AbstractProblemLoader Loading environment from /home/runner/work/key/key/key.core/../key.ui/examples/standard_key/strings/concat2.key 
21344      DEBUG main            d.u.i.k.p.i.AbstractProblemLoader Environment load took 75.8ns 
21345      INFO  main            d.u.i.k.p.i.AbstractProblemLoader Creating init config 
23717      DEBUG main            d.u.i.k.p.i.AbstractProblemLoader Init config took 2.37s 
23737      INFO  main            d.u.i.k.p.i.AbstractProblemLoader Replaying proof concat2.key 
23738      DEBUG main            d.u.i.k.p.i.IntermediateProofReplayer Proof replay took 5.4ns 
23841      INFO  main            d.u.i.k.p.r.p.TestFile    ... finished proof: closed. 
23965      INFO  main            d.u.i.k.p.i.AbstractProblemLoader Loading environment from /home/runner/work/key/key/key.core/../key.ui/examples/standard_key/strings/concat2.key.proof 
23965      DEBUG main            d.u.i.k.p.i.AbstractProblemLoader Environment load took 104.39ns 
23967      INFO  main            d.u.i.k.p.i.AbstractProblemLoader Creating init config 
26332      DEBUG main            d.u.i.k.p.i.AbstractProblemLoader Init config took 2.36s 
26351      INFO  main            d.u.i.k.p.i.AbstractProblemLoader Replaying proof concat2.key.proof 
26362      DEBUG main            d.u.i.k.p.i.IntermediateProofReplayer Proof replay took 8.09ms 
26362      DEBUG main            d.u.i.k.p.r.p.TestFile    ... success: reloaded. 
26363      INFO  main            d.u.i.k.p.r.p.TestFile    Now processing file /home/runner/work/key/key/key.core/../key.ui/examples/standard_key/strings/deriveLength1.key 
26363      INFO  main            d.u.i.k.p.i.AbstractProblemLoader Loading environment from /home/runner/work/key/key/key.core/../key.ui/examples/standard_key/strings/deriveLength1.key 
26364      DEBUG main            d.u.i.k.p.i.AbstractProblemLoader Environment load took 116.6ns 
26364      INFO  main            d.u.i.k.p.i.AbstractProblemLoader Creating init config 
28725      DEBUG main            d.u.i.k.p.i.AbstractProblemLoader Init config took 2.36s 
28744      INFO  main            d.u.i.k.p.i.AbstractProblemLoader Replaying proof deriveLength1.key 
28745      DEBUG main            d.u.i.k.p.i.IntermediateProofReplayer Proof replay took 5.9ns 
28848      INFO  main            d.u.i.k.p.r.p.TestFile    ... finished proof: closed. 
28998      INFO  main            d.u.i.k.p.i.AbstractProblemLoader Loading environment from /home/runner/work/key/key/key.core/../key.ui/examples/standard_key/strings/deriveLength1.key.proof 
28998      DEBUG main            d.u.i.k.p.i.AbstractProblemLoader Environment load took 108.4ns 
29000      INFO  main            d.u.i.k.p.i.AbstractProblemLoader Creating init config 
31288      DEBUG main            d.u.i.k.p.i.AbstractProblemLoader Init config took 2.29s 
31307      INFO  main            d.u.i.k.p.i.AbstractProblemLoader Replaying proof deriveLength1.key.proof 
31318      DEBUG main            d.u.i.k.p.i.IntermediateProofReplayer Proof replay took 8.54ms 
31319      DEBUG main            d.u.i.k.p.r.p.TestFile    ... success: reloaded. 
31320      INFO  main            d.u.i.k.p.r.p.TestFile    Now processing file /home/runner/work/key/key/key.core/../key.ui/examples/standard_key/strings/emptyStringLengthZero.key 
31320      INFO  main            d.u.i.k.p.i.AbstractProblemLoader Loading environment from /home/runner/work/key/key/key.core/../key.ui/examples/standard_key/strings/emptyStringLengthZero.key 
31320      DEBUG main            d.u.i.k.p.i.AbstractProblemLoader Environment load took 150.99ns 
31321      INFO  main            d.u.i.k.p.i.AbstractProblemLoader Creating init config 
33646      DEBUG main            d.u.i.k.p.i.AbstractProblemLoader Init config took 2.33s 
33663      INFO  main            d.u.i.k.p.i.AbstractProblemLoader Replaying proof emptyStringLengthZero.key 
33665      DEBUG main            d.u.i.k.p.i.IntermediateProofReplayer Proof replay took 6.7ns 
33767      INFO  main            d.u.i.k.p.r.p.TestFile    ... finished proof: closed. 
33911      INFO  main            d.u.i.k.p.i.AbstractProblemLoader Loading environment from /home/runner/work/key/key/key.core/../key.ui/examples/standard_key/strings/emptyStringLengthZero.key.proof 
33911      DEBUG main            d.u.i.k.p.i.AbstractProblemLoader Environment load took 106.6ns 
33912      INFO  main            d.u.i.k.p.i.AbstractProblemLoader Creating init config 
36203      DEBUG main            d.u.i.k.p.i.AbstractProblemLoader Init config took 2.29s 
36221      INFO  main            d.u.i.k.p.i.AbstractProblemLoader Replaying proof emptyStringLengthZero.key.proof 
36227      DEBUG main            d.u.i.k.p.i.IntermediateProofReplayer Proof replay took 3.61ms 
36228      DEBUG main            d.u.i.k.p.r.p.TestFile    ... success: reloaded. 
36229      INFO  main            d.u.i.k.p.r.p.TestFile    Now processing file /home/runner/work/key/key/key.core/../key.ui/examples/standard_key/strings/implicitBooleanStringConversion.key 
36229      INFO  main            d.u.i.k.p.i.AbstractProblemLoader Loading environment from /home/runner/work/key/key/key.core/../key.ui/examples/standard_key/strings/implicitBooleanStringConversion.key 
36229      DEBUG main            d.u.i.k.p.i.AbstractProblemLoader Environment load took 148.9ns 
36230      INFO  main            d.u.i.k.p.i.AbstractProblemLoader Creating init config 
38535      DEBUG main            d.u.i.k.p.i.AbstractProblemLoader Init config took 2.3s 
38555      INFO  main            d.u.i.k.p.i.AbstractProblemLoader Replaying proof implicitBooleanStringConversion.key 
38557      DEBUG main            d.u.i.k.p.i.IntermediateProofReplayer Proof replay took 6.9ns 
39566      INFO  main            d.u.i.k.p.r.p.TestFile    ... finished proof: closed. 
39762      INFO  main            d.u.i.k.p.i.AbstractProblemLoader Loading environment from /home/runner/work/key/key/key.core/../key.ui/examples/standard_key/strings/implicitBooleanStringConversion.key.proof 
39763      DEBUG main            d.u.i.k.p.i.AbstractProblemLoader Environment load took 311.08ns 
39765      INFO  main            d.u.i.k.p.i.AbstractProblemLoader Creating init config 
42034      DEBUG main            d.u.i.k.p.i.AbstractProblemLoader Init config took 2.27s 
42053      INFO  main            d.u.i.k.p.i.AbstractProblemLoader Replaying proof implicitBooleanStringConversion.key.proof 
42141      DEBUG main            d.u.i.k.p.i.IntermediateProofReplayer Proof replay took 82.19ms 
42142      DEBUG main            d.u.i.k.p.r.p.TestFile    ... success: reloaded. 
42143      INFO  main            d.u.i.k.p.r.p.TestFile    Now processing file /home/runner/work/key/key/key.core/../key.ui/examples/standard_key/strings/implicitBooleanStringConversion2.key 
42143      INFO  main            d.u.i.k.p.i.AbstractProblemLoader Loading environment from /home/runner/work/key/key/key.core/../key.ui/examples/standard_key/strings/implicitBooleanStringConversion2.key 
42143      DEBUG main            d.u.i.k.p.i.AbstractProblemLoader Environment load took 159.4ns 
42144      INFO  main            d.u.i.k.p.i.AbstractProblemLoader Creating init config 
44509      DEBUG main            d.u.i.k.p.i.AbstractProblemLoader Init config took 2.36s 
44527      INFO  main            d.u.i.k.p.i.AbstractProblemLoader Replaying proof implicitBooleanStringConversion2.key 
44528      DEBUG main            d.u.i.k.p.i.IntermediateProofReplayer Proof replay took 6.9ns 
44831      INFO  main            d.u.i.k.p.r.p.TestFile    ... finished proof: closed. 
45006      INFO  main            d.u.i.k.p.i.AbstractProblemLoader Loading environment from /home/runner/work/key/key/key.core/../key.ui/examples/standard_key/strings/implicitBooleanStringConversion2.key.proof 
45007      DEBUG main            d.u.i.k.p.i.AbstractProblemLoader Environment load took 331.5ns 
45008      INFO  main            d.u.i.k.p.i.AbstractProblemLoader Creating init config 
47279      DEBUG main            d.u.i.k.p.i.AbstractProblemLoader Init config took 2.27s 
47298      INFO  main            d.u.i.k.p.i.AbstractProblemLoader Replaying proof implicitBooleanStringConversion2.key.proof 
47333      DEBUG main            d.u.i.k.p.i.IntermediateProofReplayer Proof replay took 31.97ms 
47335      DEBUG main            d.u.i.k.p.r.p.TestFile    ... success: reloaded. 
47336      INFO  main            d.u.i.k.p.r.p.TestFile    Now processing file /home/runner/work/key/key/key.core/../key.ui/examples/standard_key/strings/implicitIntStringConversion.key 
47336      INFO  main            d.u.i.k.p.i.AbstractProblemLoader Loading environment from /home/runner/work/key/key/key.core/../key.ui/examples/standard_key/strings/implicitIntStringConversion.key 
47336      DEBUG main            d.u.i.k.p.i.AbstractProblemLoader Environment load took 160.19ns 
47337      INFO  main            d.u.i.k.p.i.AbstractProblemLoader Creating init config 
49620      DEBUG main            d.u.i.k.p.i.AbstractProblemLoader Init config took 2.28s 
49636      INFO  main            d.u.i.k.p.i.AbstractProblemLoader Replaying proof implicitIntStringConversion.key 
49638      DEBUG main            d.u.i.k.p.i.IntermediateProofReplayer Proof replay took 5.5ns 
50242      INFO  main            d.u.i.k.p.r.p.TestFile    ... finished proof: closed. 
50451      INFO  main            d.u.i.k.p.i.AbstractProblemLoader Loading environment from /home/runner/work/key/key/key.core/../key.ui/examples/standard_key/strings/implicitIntStringConversion.key.proof 
50452      DEBUG main            d.u.i.k.p.i.AbstractProblemLoader Environment load took 362.49ns 
50453      INFO  main            d.u.i.k.p.i.AbstractProblemLoader Creating init config 
52708      DEBUG main            d.u.i.k.p.i.AbstractProblemLoader Init config took 2.25s 
52724      INFO  main            d.u.i.k.p.i.AbstractProblemLoader Replaying proof implicitIntStringConversion.key.proof 
52788      DEBUG main            d.u.i.k.p.i.IntermediateProofReplayer Proof replay took 58.18ms 
52789      DEBUG main            d.u.i.k.p.r.p.TestFile    ... success: reloaded. 
52789      INFO  main            d.u.i.k.p.r.p.TestFile    Now processing file /home/runner/work/key/key/key.core/../key.ui/examples/standard_key/strings/implicitNullStringConversion.key 
52790      INFO  main            d.u.i.k.p.i.AbstractProblemLoader Loading environment from /home/runner/work/key/key/key.core/../key.ui/examples/standard_key/strings/implicitNullStringConversion.key 
52790      DEBUG main            d.u.i.k.p.i.AbstractProblemLoader Environment load took 156ns 
52791      INFO  main            d.u.i.k.p.i.AbstractProblemLoader Creating init config 
55105      DEBUG main            d.u.i.k.p.i.AbstractProblemLoader Init config took 2.31s 
55121      INFO  main            d.u.i.k.p.i.AbstractProblemLoader Replaying proof implicitNullStringConversion.key 
55123      DEBUG main            d.u.i.k.p.i.IntermediateProofReplayer Proof replay took 6.2ns 
55426      INFO  main            d.u.i.k.p.r.p.TestFile    ... finished proof: closed. 
55611      INFO  main            d.u.i.k.p.i.AbstractProblemLoader Loading environment from /home/runner/work/key/key/key.core/../key.ui/examples/standard_key/strings/implicitNullStringConversion.key.proof 
55611      DEBUG main            d.u.i.k.p.i.AbstractProblemLoader Environment load took 114.3ns 
55612      INFO  main            d.u.i.k.p.i.AbstractProblemLoader Creating init config 
57843      DEBUG main            d.u.i.k.p.i.AbstractProblemLoader Init config took 2.23s 
57860      INFO  main            d.u.i.k.p.i.AbstractProblemLoader Replaying proof implicitNullStringConversion.key.proof 
57890      DEBUG main            d.u.i.k.p.i.IntermediateProofReplayer Proof replay took 27.65ms 
57891      DEBUG main            d.u.i.k.p.r.p.TestFile    ... success: reloaded. 
57892      INFO  main            d.u.i.k.p.r.p.TestFile    Now processing file /home/runner/work/key/key/key.core/../key.ui/examples/standard_key/strings/implicitNullStringConversion2.key 
57892      INFO  main            d.u.i.k.p.i.AbstractProblemLoader Loading environment from /home/runner/work/key/key/key.core/../key.ui/examples/standard_key/strings/implicitNullStringConversion2.key 
57892      DEBUG main            d.u.i.k.p.i.AbstractProblemLoader Environment load took 145.7ns 
57893      INFO  main            d.u.i.k.p.i.AbstractProblemLoader Creating init config 
60226      DEBUG main            d.u.i.k.p.i.AbstractProblemLoader Init config took 2.33s 
60244      INFO  main            d.u.i.k.p.i.AbstractProblemLoader Replaying proof implicitNullStringConversion2.key 
60247      DEBUG main            d.u.i.k.p.i.IntermediateProofReplayer Proof replay took 6.1ns 
60450      INFO  main            d.u.i.k.p.r.p.TestFile    ... finished proof: closed. 
60631      INFO  main            d.u.i.k.p.i.AbstractProblemLoader Loading environment from /home/runner/work/key/key/key.core/../key.ui/examples/standard_key/strings/implicitNullStringConversion2.key.proof 
60631      DEBUG main            d.u.i.k.p.i.AbstractProblemLoader Environment load took 107.7ns 
60632      INFO  main            d.u.i.k.p.i.AbstractProblemLoader Creating init config 
62894      DEBUG main            d.u.i.k.p.i.AbstractProblemLoader Init config took 2.26s 
62910      INFO  main            d.u.i.k.p.i.AbstractProblemLoader Replaying proof implicitNullStringConversion2.key.proof 
62932      DEBUG main            d.u.i.k.p.i.IntermediateProofReplayer Proof replay took 19.15ms 
62933      DEBUG main            d.u.i.k.p.r.p.TestFile    ... success: reloaded. 
62934      INFO  main            d.u.i.k.p.r.p.TestFile    Now processing file /home/runner/work/key/key/key.core/../key.ui/examples/standard_key/strings/implicitObjectStringConversion.key 
62934      INFO  main            d.u.i.k.p.i.AbstractProblemLoader Loading environment from /home/runner/work/key/key/key.core/../key.ui/examples/standard_key/strings/implicitObjectStringConversion.key 
62934      DEBUG main            d.u.i.k.p.i.AbstractProblemLoader Environment load took 148.1ns 
62935      INFO  main            d.u.i.k.p.i.AbstractProblemLoader Creating init config 
65431      DEBUG main            d.u.i.k.p.i.AbstractProblemLoader Init config took 2.5s 
65450      INFO  main            d.u.i.k.p.i.AbstractProblemLoader Replaying proof implicitObjectStringConversion.key 
65453      DEBUG main            d.u.i.k.p.i.IntermediateProofReplayer Proof replay took 6.9ns 
65962      INFO  main            d.u.i.k.p.r.p.TestFile    ... finished proof: closed. 
66142      INFO  main            d.u.i.k.p.i.AbstractProblemLoader Loading environment from /home/runner/work/key/key/key.core/../key.ui/examples/standard_key/strings/implicitObjectStringConversion.key.proof 
66142      DEBUG main            d.u.i.k.p.i.AbstractProblemLoader Environment load took 126.8ns 
66144      INFO  main            d.u.i.k.p.i.AbstractProblemLoader Creating init config 
68625      DEBUG main            d.u.i.k.p.i.AbstractProblemLoader Init config took 2.48s 
68644      INFO  main            d.u.i.k.p.i.AbstractProblemLoader Replaying proof implicitObjectStringConversion.key.proof 
68695      DEBUG main            d.u.i.k.p.i.IntermediateProofReplayer Proof replay took 48.21ms 
68696      DEBUG main            d.u.i.k.p.r.p.TestFile    ... success: reloaded. 
68697      INFO  main            d.u.i.k.p.r.p.TestFile    Now processing file /home/runner/work/key/key/key.core/../key.ui/examples/standard_key/strings/literalEquality.key 
68697      INFO  main            d.u.i.k.p.i.AbstractProblemLoader Loading environment from /home/runner/work/key/key/key.core/../key.ui/examples/standard_key/strings/literalEquality.key 
68697      DEBUG main            d.u.i.k.p.i.AbstractProblemLoader Environment load took 77.9ns 
68698      INFO  main            d.u.i.k.p.i.AbstractProblemLoader Creating init config 
71010      DEBUG main            d.u.i.k.p.i.AbstractProblemLoader Init config took 2.31s 
71025      INFO  main            d.u.i.k.p.i.AbstractProblemLoader Replaying proof literalEquality.key 
71026      DEBUG main            d.u.i.k.p.i.IntermediateProofReplayer Proof replay took 6.2ns 
71128      INFO  main            d.u.i.k.p.r.p.TestFile    ... finished proof: closed. 
71326      INFO  main            d.u.i.k.p.i.AbstractProblemLoader Loading environment from /home/runner/work/key/key/key.core/../key.ui/examples/standard_key/strings/literalEquality.key.proof 
71326      DEBUG main            d.u.i.k.p.i.AbstractProblemLoader Environment load took 101.3ns 
71327      INFO  main            d.u.i.k.p.i.AbstractProblemLoader Creating init config 
73567      DEBUG main            d.u.i.k.p.i.AbstractProblemLoader Init config took 2.24s 
73581      INFO  main            d.u.i.k.p.i.AbstractProblemLoader Replaying proof literalEquality.key.proof 
73587      DEBUG main            d.u.i.k.p.i.IntermediateProofReplayer Proof replay took 4.33ms 
73588      DEBUG main            d.u.i.k.p.r.p.TestFile    ... success: reloaded. 
73589      INFO  main            d.u.i.k.p.r.p.TestFile    Now processing file /home/runner/work/key/key/key.core/../key.ui/examples/standard_key/strings/replace0.key 
73589      INFO  main            d.u.i.k.p.i.AbstractProblemLoader Loading environment from /home/runner/work/key/key/key.core/../key.ui/examples/standard_key/strings/replace0.key 
73589      DEBUG main            d.u.i.k.p.i.AbstractProblemLoader Environment load took 79.4ns 
73590      INFO  main            d.u.i.k.p.i.AbstractProblemLoader Creating init config 
75832      DEBUG main            d.u.i.k.p.i.AbstractProblemLoader Init config took 2.24s 
75846      INFO  main            d.u.i.k.p.i.AbstractProblemLoader Replaying proof replace0.key 
75847      DEBUG main            d.u.i.k.p.i.IntermediateProofReplayer Proof replay took 6.1ns 
75952      INFO  main            d.u.i.k.p.r.p.TestFile    ... finished proof: closed. 
76159      INFO  main            d.u.i.k.p.i.AbstractProblemLoader Loading environment from /home/runner/work/key/key/key.core/../key.ui/examples/standard_key/strings/replace0.key.proof 
76159      DEBUG main            d.u.i.k.p.i.AbstractProblemLoader Environment load took 106.1ns 
76160      INFO  main            d.u.i.k.p.i.AbstractProblemLoader Creating init config 
78416      DEBUG main            d.u.i.k.p.i.AbstractProblemLoader Init config took 2.26s 
78433      INFO  main            d.u.i.k.p.i.AbstractProblemLoader Replaying proof replace0.key.proof 
78439      DEBUG main            d.u.i.k.p.i.IntermediateProofReplayer Proof replay took 4.52ms 
78440      DEBUG main            d.u.i.k.p.r.p.TestFile    ... success: reloaded. 
78441      INFO  main            d.u.i.k.p.r.p.TestFile    Now processing file /home/runner/work/key/key/key.core/../key.ui/examples/standard_key/strings/replace1.key 
78441      INFO  main            d.u.i.k.p.i.AbstractProblemLoader Loading environment from /home/runner/work/key/key/key.core/../key.ui/examples/standard_key/strings/replace1.key 
78442      DEBUG main            d.u.i.k.p.i.AbstractProblemLoader Environment load took 149.4ns 
78442      INFO  main            d.u.i.k.p.i.AbstractProblemLoader Creating init config 
80675      DEBUG main            d.u.i.k.p.i.AbstractProblemLoader Init config took 2.23s 
80688      INFO  main            d.u.i.k.p.i.AbstractProblemLoader Replaying proof replace1.key 
80689      DEBUG main            d.u.i.k.p.i.IntermediateProofReplayer Proof replay took 6.6ns 
80793      INFO  main            d.u.i.k.p.r.p.TestFile    ... finished proof: closed. 
80969      INFO  main            d.u.i.k.p.i.AbstractProblemLoader Loading environment from /home/runner/work/key/key/key.core/../key.ui/examples/standard_key/strings/replace1.key.proof 
80970      DEBUG main            d.u.i.k.p.i.AbstractProblemLoader Environment load took 100.4ns 
80970      INFO  main            d.u.i.k.p.i.AbstractProblemLoader Creating init config 
83191      DEBUG main            d.u.i.k.p.i.AbstractProblemLoader Init config took 2.22s 
83205      INFO  main            d.u.i.k.p.i.AbstractProblemLoader Replaying proof replace1.key.proof 
83211      DEBUG main            d.u.i.k.p.i.IntermediateProofReplayer Proof replay took 4.98ms 
83212      DEBUG main            d.u.i.k.p.r.p.TestFile    ... success: reloaded. 
83213      INFO  main            d.u.i.k.p.r.p.TestFile    Now processing file /home/runner/work/key/key/key.core/../key.ui/examples/standard_key/strings/simpleAssignment.key 
83213      INFO  main            d.u.i.k.p.i.AbstractProblemLoader Loading environment from /home/runner/work/key/key/key.core/../key.ui/examples/standard_key/strings/simpleAssignment.key 
83213      DEBUG main            d.u.i.k.p.i.AbstractProblemLoader Environment load took 82.9ns 
83214      INFO  main            d.u.i.k.p.i.AbstractProblemLoader Creating init config 
85490      DEBUG main            d.u.i.k.p.i.AbstractProblemLoader Init config took 2.28s 
85519      INFO  main            d.u.i.k.p.i.AbstractProblemLoader Replaying proof simpleAssignment.key 
85521      DEBUG main            d.u.i.k.p.i.IntermediateProofReplayer Proof replay took 7.2ns 
85622      INFO  main            d.u.i.k.p.r.p.TestFile    ... finished proof: closed. 
85811      INFO  main            d.u.i.k.p.i.AbstractProblemLoader Loading environment from /home/runner/work/key/key/key.core/../key.ui/examples/standard_key/strings/simpleAssignment.key.proof 
85811      DEBUG main            d.u.i.k.p.i.AbstractProblemLoader Environment load took 112.8ns 
85813      INFO  main            d.u.i.k.p.i.AbstractProblemLoader Creating init config 
88020      DEBUG main            d.u.i.k.p.i.AbstractProblemLoader Init config took 2.21s 
88035      INFO  main            d.u.i.k.p.i.AbstractProblemLoader Replaying proof simpleAssignment.key.proof 
88038      DEBUG main            d.u.i.k.p.i.IntermediateProofReplayer Proof replay took 1.32ms 
88039      DEBUG main            d.u.i.k.p.r.p.TestFile    ... success: reloaded. 
88039      INFO  main            d.u.i.k.p.r.p.TestFile    Now processing file /home/runner/work/key/key/key.core/../key.ui/examples/standard_key/strings/simpleLengthComp.key 
88040      INFO  main            d.u.i.k.p.i.AbstractProblemLoader Loading environment from /home/runner/work/key/key/key.core/../key.ui/examples/standard_key/strings/simpleLengthComp.key 
88040      DEBUG main            d.u.i.k.p.i.AbstractProblemLoader Environment load took 146.4ns 
88041      INFO  main            d.u.i.k.p.i.AbstractProblemLoader Creating init config 
90323      DEBUG main            d.u.i.k.p.i.AbstractProblemLoader Init config took 2.28s 
90338      INFO  main            d.u.i.k.p.i.AbstractProblemLoader Replaying proof simpleLengthComp.key 
90340      DEBUG main            d.u.i.k.p.i.IntermediateProofReplayer Proof replay took 6.7ns 
90543      INFO  main            d.u.i.k.p.r.p.TestFile    ... finished proof: closed. 
90751      INFO  main            d.u.i.k.p.i.AbstractProblemLoader Loading environment from /home/runner/work/key/key/key.core/../key.ui/examples/standard_key/strings/simpleLengthComp.key.proof 
90751      DEBUG main            d.u.i.k.p.i.AbstractProblemLoader Environment load took 115ns 
90752      INFO  main            d.u.i.k.p.i.AbstractProblemLoader Creating init config 
92968      DEBUG main            d.u.i.k.p.i.AbstractProblemLoader Init config took 2.22s 
92983      INFO  main            d.u.i.k.p.i.AbstractProblemLoader Replaying proof simpleLengthComp.key.proof 
93011      DEBUG main            d.u.i.k.p.i.IntermediateProofReplayer Proof replay took 24.96ms 
93012      DEBUG main            d.u.i.k.p.r.p.TestFile    ... success: reloaded. 
93014      INFO  main            d.u.i.k.p.r.p.TestFile    Now processing file /home/runner/work/key/key/key.core/../key.ui/examples/standard_key/strings/stringCompileTimeConstant1.key 
93014      INFO  main            d.u.i.k.p.i.AbstractProblemLoader Loading environment from /home/runner/work/key/key/key.core/../key.ui/examples/standard_key/strings/stringCompileTimeConstant1.key 
93014      DEBUG main            d.u.i.k.p.i.AbstractProblemLoader Environment load took 83.3ns 
93015      INFO  main            d.u.i.k.p.i.AbstractProblemLoader Creating init config 
95280      DEBUG main            d.u.i.k.p.i.AbstractProblemLoader Init config took 2.27s 
95294      INFO  main            d.u.i.k.p.i.AbstractProblemLoader Replaying proof stringCompileTimeConstant1.key 
95295      DEBUG main            d.u.i.k.p.i.IntermediateProofReplayer Proof replay took 6.2ns 
95400      INFO  main            d.u.i.k.p.r.p.TestFile    ... finished proof: closed. 
95601      INFO  main            d.u.i.k.p.i.AbstractProblemLoader Loading environment from /home/runner/work/key/key/key.core/../key.ui/examples/standard_key/strings/stringCompileTimeConstant1.key.proof 
95601      DEBUG main            d.u.i.k.p.i.AbstractProblemLoader Environment load took 90.7ns 
95602      INFO  main            d.u.i.k.p.i.AbstractProblemLoader Creating init config 
97806      DEBUG main            d.u.i.k.p.i.AbstractProblemLoader Init config took 2.2s 
97820      INFO  main            d.u.i.k.p.i.AbstractProblemLoader Replaying proof stringCompileTimeConstant1.key.proof 
97825      DEBUG main            d.u.i.k.p.i.IntermediateProofReplayer Proof replay took 2.68ms 
97826      DEBUG main            d.u.i.k.p.r.p.TestFile    ... success: reloaded. 
97826      INFO  main            d.u.i.k.p.r.p.TestFile    Now processing file /home/runner/work/key/key/key.core/../key.ui/examples/standard_key/strings/stringCompileTimeConstant2.key 
97826      INFO  main            d.u.i.k.p.i.AbstractProblemLoader Loading environment from /home/runner/work/key/key/key.core/../key.ui/examples/standard_key/strings/stringCompileTimeConstant2.key 
97826      DEBUG main            d.u.i.k.p.i.AbstractProblemLoader Environment load took 74.4ns 
97827      INFO  main            d.u.i.k.p.i.AbstractProblemLoader Creating init config 
100228     DEBUG main            d.u.i.k.p.i.AbstractProblemLoader Init config took 2.4s 
100243     INFO  main            d.u.i.k.p.i.AbstractProblemLoader Replaying proof stringCompileTimeConstant2.key 
100245     DEBUG main            d.u.i.k.p.i.IntermediateProofReplayer Proof replay took 6.3ns 
102852     INFO  main            d.u.i.k.p.r.p.TestFile    ... finished proof: closed. 
103127     INFO  main            d.u.i.k.p.i.AbstractProblemLoader Loading environment from /home/runner/work/key/key/key.core/../key.ui/examples/standard_key/strings/stringCompileTimeConstant2.key.proof 
103128     DEBUG main            d.u.i.k.p.i.AbstractProblemLoader Environment load took 738.39ns 
103132     INFO  main            d.u.i.k.p.i.AbstractProblemLoader Creating init config 
105523     DEBUG main            d.u.i.k.p.i.AbstractProblemLoader Init config took 2.39s 
105538     INFO  main            d.u.i.k.p.i.AbstractProblemLoader Replaying proof stringCompileTimeConstant2.key.proof 
105830     DEBUG main            d.u.i.k.p.i.IntermediateProofReplayer Proof replay took 280.51ms 
105831     DEBUG main            d.u.i.k.p.r.p.TestFile    ... success: reloaded. 
105832     INFO  main            d.u.i.k.p.r.p.TestFile    Now processing file /home/runner/work/key/key/key.core/../key.ui/examples/standard_key/strings/stringEquality1.key 
105832     INFO  main            d.u.i.k.p.i.AbstractProblemLoader Loading environment from /home/runner/work/key/key/key.core/../key.ui/examples/standard_key/strings/stringEquality1.key 
105833     DEBUG main            d.u.i.k.p.i.AbstractProblemLoader Environment load took 166.1ns 
105834     INFO  main            d.u.i.k.p.i.AbstractProblemLoader Creating init config 
108199     DEBUG main            d.u.i.k.p.i.AbstractProblemLoader Init config took 2.37s 
108212     INFO  main            d.u.i.k.p.i.AbstractProblemLoader Replaying proof stringEquality1.key 
108213     DEBUG main            d.u.i.k.p.i.IntermediateProofReplayer Proof replay took 6.9ns 
108315     INFO  main            d.u.i.k.p.r.p.TestFile    ... finished proof: closed. 
108592     INFO  main            d.u.i.k.p.i.AbstractProblemLoader Loading environment from /home/runner/work/key/key/key.core/../key.ui/examples/standard_key/strings/stringEquality1.key.proof 
108593     DEBUG main            d.u.i.k.p.i.AbstractProblemLoader Environment load took 92.7ns 
108594     INFO  main            d.u.i.k.p.i.AbstractProblemLoader Creating init config 
110852     DEBUG main            d.u.i.k.p.i.AbstractProblemLoader Init config took 2.26s 
110868     INFO  main            d.u.i.k.p.i.AbstractProblemLoader Replaying proof stringEquality1.key.proof 
110879     DEBUG main            d.u.i.k.p.i.IntermediateProofReplayer Proof replay took 8.99ms 
110880     DEBUG main            d.u.i.k.p.r.p.TestFile    ... success: reloaded. 
110881     INFO  main            d.u.i.k.p.r.p.TestFile    Now processing file /home/runner/work/key/key/key.core/../key.ui/examples/standard_key/strings/stringEquality2.key 
110881     INFO  main            d.u.i.k.p.i.AbstractProblemLoader Loading environment from /home/runner/work/key/key/key.core/../key.ui/examples/standard_key/strings/stringEquality2.key 
110881     DEBUG main            d.u.i.k.p.i.AbstractProblemLoader Environment load took 71.7ns 
110882     INFO  main            d.u.i.k.p.i.AbstractProblemLoader Creating init config 
113154     DEBUG main            d.u.i.k.p.i.AbstractProblemLoader Init config took 2.27s 
113167     INFO  main            d.u.i.k.p.i.AbstractProblemLoader Replaying proof stringEquality2.key 
113168     DEBUG main            d.u.i.k.p.i.IntermediateProofReplayer Proof replay took 6.3ns 
113574     INFO  main            d.u.i.k.p.r.p.TestFile    ... finished proof: closed. 
113816     INFO  main            d.u.i.k.p.i.AbstractProblemLoader Loading environment from /home/runner/work/key/key/key.core/../key.ui/examples/standard_key/strings/stringEquality2.key.proof 
113816     DEBUG main            d.u.i.k.p.i.AbstractProblemLoader Environment load took 294.4ns 
113817     INFO  main            d.u.i.k.p.i.AbstractProblemLoader Creating init config 
116038     DEBUG main            d.u.i.k.p.i.AbstractProblemLoader Init config took 2.22s 
116052     INFO  main            d.u.i.k.p.i.AbstractProblemLoader Replaying proof stringEquality2.key.proof 
116096     DEBUG main            d.u.i.k.p.i.IntermediateProofReplayer Proof replay took 40.58ms 
116097     DEBUG main            d.u.i.k.p.r.p.TestFile    ... success: reloaded. 
116098     INFO  main            d.u.i.k.p.r.p.TestFile    Now processing file /home/runner/work/key/key/key.core/../key.ui/examples/standard_key/strings/substring0.key 
116098     INFO  main            d.u.i.k.p.i.AbstractProblemLoader Loading environment from /home/runner/work/key/key/key.core/../key.ui/examples/standard_key/strings/substring0.key 
116098     DEBUG main            d.u.i.k.p.i.AbstractProblemLoader Environment load took 139.4ns 
116099     INFO  main            d.u.i.k.p.i.AbstractProblemLoader Creating init config 
118361     DEBUG main            d.u.i.k.p.i.AbstractProblemLoader Init config took 2.26s 
118374     INFO  main            d.u.i.k.p.i.AbstractProblemLoader Replaying proof substring0.key 
118375     DEBUG main            d.u.i.k.p.i.IntermediateProofReplayer Proof replay took 20.1ns 
118477     INFO  main            d.u.i.k.p.r.p.TestFile    ... finished proof: closed. 
118710     INFO  main            d.u.i.k.p.i.AbstractProblemLoader Loading environment from /home/runner/work/key/key/key.core/../key.ui/examples/standard_key/strings/substring0.key.proof 
118710     DEBUG main            d.u.i.k.p.i.AbstractProblemLoader Environment load took 89.4ns 
118711     INFO  main            d.u.i.k.p.i.AbstractProblemLoader Creating init config 
120894     DEBUG main            d.u.i.k.p.i.AbstractProblemLoader Init config took 2.18s 
120909     INFO  main            d.u.i.k.p.i.AbstractProblemLoader Replaying proof substring0.key.proof 
120910     DEBUG main            d.u.i.k.p.i.IntermediateProofReplayer Proof replay took 367.6ns 
120911     DEBUG main            d.u.i.k.p.r.p.TestFile    ... success: reloaded. 
120912     INFO  main            d.u.i.k.p.r.p.TestFile    Now processing file /home/runner/work/key/key/key.core/../key.ui/examples/standard_key/strings/substring1.key 
120912     INFO  main            d.u.i.k.p.i.AbstractProblemLoader Loading environment from /home/runner/work/key/key/key.core/../key.ui/examples/standard_key/strings/substring1.key 
120912     DEBUG main            d.u.i.k.p.i.AbstractProblemLoader Environment load took 66.4ns 
120913     INFO  main            d.u.i.k.p.i.AbstractProblemLoader Creating init config 
123144     DEBUG main            d.u.i.k.p.i.AbstractProblemLoader Init config took 2.23s 
123157     INFO  main            d.u.i.k.p.i.AbstractProblemLoader Replaying proof substring1.key 
123158     DEBUG main            d.u.i.k.p.i.IntermediateProofReplayer Proof replay took 6.1ns 
123260     INFO  main            d.u.i.k.p.r.p.TestFile    ... finished proof: closed. 
123495     INFO  main            d.u.i.k.p.i.AbstractProblemLoader Loading environment from /home/runner/work/key/key/key.core/../key.ui/examples/standard_key/strings/substring1.key.proof 
123495     DEBUG main            d.u.i.k.p.i.AbstractProblemLoader Environment load took 88.3ns 
123496     INFO  main            d.u.i.k.p.i.AbstractProblemLoader Creating init config 
125680     DEBUG main            d.u.i.k.p.i.AbstractProblemLoader Init config took 2.18s 
125693     INFO  main            d.u.i.k.p.i.AbstractProblemLoader Replaying proof substring1.key.proof 
125694     DEBUG main            d.u.i.k.p.i.IntermediateProofReplayer Proof replay took 374.89ns 
125695     DEBUG main            d.u.i.k.p.r.p.TestFile    ... success: reloaded. 
125696     INFO  main            d.u.i.k.p.r.p.TestFile    Now processing file /home/runner/work/key/key/key.core/../key.ui/examples/standard_key/strings/substring2.key 
125696     INFO  main            d.u.i.k.p.i.AbstractProblemLoader Loading environment from /home/runner/work/key/key/key.core/../key.ui/examples/standard_key/strings/substring2.key 
125696     DEBUG main            d.u.i.k.p.i.AbstractProblemLoader Environment load took 71.7ns 
125697     INFO  main            d.u.i.k.p.i.AbstractProblemLoader Creating init config 
127938     DEBUG main            d.u.i.k.p.i.AbstractProblemLoader Init config took 2.24s 
127951     INFO  main            d.u.i.k.p.i.AbstractProblemLoader Replaying proof substring2.key 
127952     DEBUG main            d.u.i.k.p.i.IntermediateProofReplayer Proof replay took 6ns 
128053     INFO  main            d.u.i.k.p.r.p.TestFile    ... finished proof: closed. 
128288     INFO  main            d.u.i.k.p.i.AbstractProblemLoader Loading environment from /home/runner/work/key/key/key.core/../key.ui/examples/standard_key/strings/substring2.key.proof 
128288     DEBUG main            d.u.i.k.p.i.AbstractProblemLoader Environment load took 93.9ns 
128289     INFO  main            d.u.i.k.p.i.AbstractProblemLoader Creating init config 
130464     DEBUG main            d.u.i.k.p.i.AbstractProblemLoader Init config took 2.18s 
130477     INFO  main            d.u.i.k.p.i.AbstractProblemLoader Replaying proof substring2.key.proof 
130480     DEBUG main            d.u.i.k.p.i.IntermediateProofReplayer Proof replay took 818.09ns 
130481     DEBUG main            d.u.i.k.p.r.p.TestFile    ... success: reloaded. 
130483     INFO  main            d.u.i.k.p.r.p.TestFile    Now processing file /home/runner/work/key/key/key.core/../key.ui/examples/standard_key/strings/substring3.key 
130483     INFO  main            d.u.i.k.p.i.AbstractProblemLoader Loading environment from /home/runner/work/key/key/key.core/../key.ui/examples/standard_key/strings/substring3.key 
130483     DEBUG main            d.u.i.k.p.i.AbstractProblemLoader Environment load took 143.1ns 
130484     INFO  main            d.u.i.k.p.i.AbstractProblemLoader Creating init config 
132734     DEBUG main            d.u.i.k.p.i.AbstractProblemLoader Init config took 2.25s 
132748     INFO  main            d.u.i.k.p.i.AbstractProblemLoader Replaying proof substring3.key 
132749     DEBUG main            d.u.i.k.p.i.IntermediateProofReplayer Proof replay took 7.2ns 
132852     INFO  main            d.u.i.k.p.r.p.TestFile    ... finished proof: closed. 
133101     INFO  main            d.u.i.k.p.i.AbstractProblemLoader Loading environment from /home/runner/work/key/key/key.core/../key.ui/examples/standard_key/strings/substring3.key.proof 
133101     DEBUG main            d.u.i.k.p.i.AbstractProblemLoader Environment load took 89.9ns 
133102     INFO  main            d.u.i.k.p.i.AbstractProblemLoader Creating init config 
135319     DEBUG main            d.u.i.k.p.i.AbstractProblemLoader Init config took 2.22s 
135331     INFO  main            d.u.i.k.p.i.AbstractProblemLoader Replaying proof substring3.key.proof 
135335     DEBUG main            d.u.i.k.p.i.IntermediateProofReplayer Proof replay took 2.25ms 
135336     DEBUG main            d.u.i.k.p.r.p.TestFile    ... success: reloaded. 
135336     INFO  main            d.u.i.k.p.r.p.TestFile    Now processing file /home/runner/work/key/key/key.core/../key.ui/examples/standard_key/strings/substring4.key 
135337     INFO  main            d.u.i.k.p.i.AbstractProblemLoader Loading environment from /home/runner/work/key/key/key.core/../key.ui/examples/standard_key/strings/substring4.key 
135337     DEBUG main            d.u.i.k.p.i.AbstractProblemLoader Environment load took 165.4ns 
135338     INFO  main            d.u.i.k.p.i.AbstractProblemLoader Creating init config 
137546     DEBUG main            d.u.i.k.p.i.AbstractProblemLoader Init config took 2.21s 
137558     INFO  main            d.u.i.k.p.i.AbstractProblemLoader Replaying proof substring4.key 
137559     DEBUG main            d.u.i.k.p.i.IntermediateProofReplayer Proof replay took 6ns 
137664     INFO  main            d.u.i.k.p.r.p.TestFile    ... finished proof: closed. 
137946     INFO  main            d.u.i.k.p.i.AbstractProblemLoader Loading environment from /home/runner/work/key/key/key.core/../key.ui/examples/standard_key/strings/substring4.key.proof 
137946     DEBUG main            d.u.i.k.p.i.AbstractProblemLoader Environment load took 101.8ns 
137947     INFO  main            d.u.i.k.p.i.AbstractProblemLoader Creating init config 
140137     DEBUG main            d.u.i.k.p.i.AbstractProblemLoader Init config took 2.19s 
140149     INFO  main            d.u.i.k.p.i.AbstractProblemLoader Replaying proof substring4.key.proof 
140154     DEBUG main            d.u.i.k.p.i.IntermediateProofReplayer Proof replay took 2.86ms 
140154     DEBUG main            d.u.i.k.p.r.p.TestFile    ... success: reloaded. 
140155     INFO  main            d.u.i.k.p.r.p.TestFile    Now processing file /home/runner/work/key/key/key.core/../key.ui/examples/standard_key/strings/substring5.key 
140155     INFO  main            d.u.i.k.p.i.AbstractProblemLoader Loading environment from /home/runner/work/key/key/key.core/../key.ui/examples/standard_key/strings/substring5.key 
140155     DEBUG main            d.u.i.k.p.i.AbstractProblemLoader Environment load took 56.2ns 
140156     INFO  main            d.u.i.k.p.i.AbstractProblemLoader Creating init config 
142365     DEBUG main            d.u.i.k.p.i.AbstractProblemLoader Init config took 2.21s 
142381     INFO  main            d.u.i.k.p.i.AbstractProblemLoader Replaying proof substring5.key 
142384     DEBUG main            d.u.i.k.p.i.IntermediateProofReplayer Proof replay took 6.4ns 
142687     INFO  main            d.u.i.k.p.r.p.TestFile    ... finished proof: closed. 
142949     INFO  main            d.u.i.k.p.i.AbstractProblemLoader Loading environment from /home/runner/work/key/key/key.core/../key.ui/examples/standard_key/strings/substring5.key.proof 
142949     DEBUG main            d.u.i.k.p.i.AbstractProblemLoader Environment load took 95.6ns 
142950     INFO  main            d.u.i.k.p.i.AbstractProblemLoader Creating init config 
145125     DEBUG main            d.u.i.k.p.i.AbstractProblemLoader Init config took 2.18s 
145138     INFO  main            d.u.i.k.p.i.AbstractProblemLoader Replaying proof substring5.key.proof 
145167     DEBUG main            d.u.i.k.p.i.IntermediateProofReplayer Proof replay took 25.09ms 
145168     DEBUG main            d.u.i.k.p.r.p.TestFile    ... success: reloaded. 
3871446    INFO  Test worker     d.u.i.k.p.r.RunAllProofsTestUnit Returning from test strings 
3871447    INFO  Test worker     d.u.i.k.p.r.RunAllProofsTestUnit Running test simple_info_flow 
349        INFO  Timeout watchdog d.u.i.k.p.r.p.ForkedTestFileRunner Timeout watcher launched (2000 secs.) 
370        WARN  main            d.u.i.k.s.ProofSettings   The settings in /home/runner/.key/proof-settings.props are *not* read. 
420        INFO  main            d.u.i.k.p.r.p.TestFile    Now processing file /home/runner/work/key/key/key.core/../key.ui/examples/heap/information_flow/UpdateAbstraction_ex7_1_insecure.key 
564        INFO  main            d.u.i.k.p.i.AbstractProblemLoader Loading environment from /home/runner/work/key/key/key.core/../key.ui/examples/heap/information_flow/UpdateAbstraction_ex7_1_insecure.key 
590        DEBUG main            d.u.i.k.p.i.AbstractProblemLoader Environment load took 3.19ms 
821        INFO  main            d.u.i.k.p.i.AbstractProblemLoader Creating init config 
1657       DEBUG main            d.u.i.k.j.TypeConverter   No LDT found for Meta 
1657       DEBUG main            d.u.i.k.j.TypeConverter   No LDT found for Meta 
1658       DEBUG main            d.u.i.k.j.TypeConverter   No LDT found for Meta 
1658       DEBUG main            d.u.i.k.j.TypeConverter   No LDT found for Meta 
2949       DEBUG main            d.u.i.k.j.TypeConverter   No LDT found for JavaBigintExpression 
8661       DEBUG main            d.u.i.k.p.i.AbstractProblemLoader Init config took 7.84s 
8813       INFO  main            d.u.i.k.p.i.AbstractProblemLoader Replaying proof UpdateAbstraction[UpdateAbstraction::ex7_1_insecure()].JML operation contract.0 
8843       DEBUG main            d.u.i.k.p.i.IntermediateProofReplayer Proof replay took 32ns 
9507       INFO  main            d.u.i.k.p.r.p.TestFile    ... finished proof: open goal(s) 
9644       INFO  main            d.u.i.k.p.r.p.TestFile    Now processing file /home/runner/work/key/key/key.core/../key.ui/examples/heap/information_flow/UpdateAbstraction_ex7_2_insecure.key 
9647       INFO  main            d.u.i.k.p.i.AbstractProblemLoader Loading environment from /home/runner/work/key/key/key.core/../key.ui/examples/heap/information_flow/UpdateAbstraction_ex7_2_insecure.key 
9647       DEBUG main            d.u.i.k.p.i.AbstractProblemLoader Environment load took 304.1ns 
9650       INFO  main            d.u.i.k.p.i.AbstractProblemLoader Creating init config 
12761      DEBUG main            d.u.i.k.p.i.AbstractProblemLoader Init config took 3.11s 
12824      INFO  main            d.u.i.k.p.i.AbstractProblemLoader Replaying proof UpdateAbstraction[UpdateAbstraction::ex7_2_insecure()].JML operation contract.0 
12827      DEBUG main            d.u.i.k.p.i.IntermediateProofReplayer Proof replay took 6.5ns 
13132      INFO  main            d.u.i.k.p.r.p.TestFile    ... finished proof: open goal(s) 
3884859    INFO  Test worker     d.u.i.k.p.r.RunAllProofsTestUnit Returning from test simple_info_flow 
3884860    INFO  Test worker     d.u.i.k.p.r.RunAllProofsTestUnit Running test modelMethods 
346        INFO  Timeout watchdog d.u.i.k.p.r.p.ForkedTestFileRunner Timeout watcher launched (2000 secs.) 
356        WARN  main            d.u.i.k.s.ProofSettings   The settings in /home/runner/.key/proof-settings.props are *not* read. 
401        INFO  main            d.u.i.k.p.r.p.TestFile    Now processing file /home/runner/work/key/key/key.core/../key.ui/examples/heap/model_methods/Cell_footprint_acc.key 
516        INFO  main            d.u.i.k.p.i.AbstractProblemLoader Loading environment from /home/runner/work/key/key/key.core/../key.ui/examples/heap/model_methods/Cell_footprint_acc.key 
537        DEBUG main            d.u.i.k.p.i.AbstractProblemLoader Environment load took 2ms 
753        INFO  main            d.u.i.k.p.i.AbstractProblemLoader Creating init config 
1653       DEBUG main            d.u.i.k.j.TypeConverter   No LDT found for Meta 
1656       DEBUG main            d.u.i.k.j.TypeConverter   No LDT found for Meta 
1659       DEBUG main            d.u.i.k.j.TypeConverter   No LDT found for Meta 
1659       DEBUG main            d.u.i.k.j.TypeConverter   No LDT found for Meta 
2912       DEBUG main            d.u.i.k.j.TypeConverter   No LDT found for JavaBigintExpression 
8159       DEBUG main            d.u.i.k.p.i.AbstractProblemLoader Init config took 7.41s 
8334       INFO  main            d.u.i.k.p.i.AbstractProblemLoader Replaying proof Cell[Cell::footprint()].JML accessible clause.0 
8367       DEBUG main            d.u.i.k.p.i.IntermediateProofReplayer Proof replay took 31.8ns 
8903       INFO  main            d.u.i.k.p.r.p.TestFile    ... finished proof: closed. 
9011       INFO  main            d.u.i.k.p.i.AbstractProblemLoader Loading environment from /home/runner/work/key/key/key.core/../key.ui/examples/heap/model_methods/Cell_footprint_acc.key.proof 
9011       DEBUG main            d.u.i.k.p.i.AbstractProblemLoader Environment load took 153.9ns 
9013       INFO  main            d.u.i.k.p.i.AbstractProblemLoader Creating init config 
11999      DEBUG main            d.u.i.k.p.i.AbstractProblemLoader Init config took 2.99s 
12091      INFO  main            d.u.i.k.p.i.AbstractProblemLoader Replaying proof Cell[Cell::footprint()].JML accessible clause.0 
12131      DEBUG main            d.u.i.k.p.i.IntermediateProofReplayer Proof replay took 34.89ms 
12137      DEBUG main            d.u.i.k.p.r.p.TestFile    ... success: reloaded. 
12138      INFO  main            d.u.i.k.p.r.p.TestFile    Now processing file /home/runner/work/key/key/key.core/../key.ui/examples/heap/model_methods/Cell_footprint.key 
12138      INFO  main            d.u.i.k.p.i.AbstractProblemLoader Loading environment from /home/runner/work/key/key/key.core/../key.ui/examples/heap/model_methods/Cell_footprint.key 
12139      DEBUG main            d.u.i.k.p.i.AbstractProblemLoader Environment load took 67.3ns 
12140      INFO  main            d.u.i.k.p.i.AbstractProblemLoader Creating init config 
14990      DEBUG main            d.u.i.k.p.i.AbstractProblemLoader Init config took 2.85s 
15055      INFO  main            d.u.i.k.p.i.AbstractProblemLoader Replaying proof Cell[Cell::footprint()].JML model_behavior operation contract.0 
15058      DEBUG main            d.u.i.k.p.i.IntermediateProofReplayer Proof replay took 6ns 
15160      INFO  main            d.u.i.k.p.r.p.TestFile    ... finished proof: closed. 
15281      INFO  main            d.u.i.k.p.i.AbstractProblemLoader Loading environment from /home/runner/work/key/key/key.core/../key.ui/examples/heap/model_methods/Cell_footprint.key.proof 
15281      DEBUG main            d.u.i.k.p.i.AbstractProblemLoader Environment load took 115.8ns 
15283      INFO  main            d.u.i.k.p.i.AbstractProblemLoader Creating init config 
18023      DEBUG main            d.u.i.k.p.i.AbstractProblemLoader Init config took 2.74s 
18085      INFO  main            d.u.i.k.p.i.AbstractProblemLoader Replaying proof Cell[Cell::footprint()].JML model_behavior operation contract.0 
18094      DEBUG main            d.u.i.k.p.i.IntermediateProofReplayer Proof replay took 6.48ms 
18095      DEBUG main            d.u.i.k.p.r.p.TestFile    ... success: reloaded. 
18096      INFO  main            d.u.i.k.p.r.p.TestFile    Now processing file /home/runner/work/key/key/key.core/../key.ui/examples/heap/model_methods/Cell_get_acc.key 
18097      INFO  main            d.u.i.k.p.i.AbstractProblemLoader Loading environment from /home/runner/work/key/key/key.core/../key.ui/examples/heap/model_methods/Cell_get_acc.key 
18097      DEBUG main            d.u.i.k.p.i.AbstractProblemLoader Environment load took 166.6ns 
18098      INFO  main            d.u.i.k.p.i.AbstractProblemLoader Creating init config 
20865      DEBUG main            d.u.i.k.p.i.AbstractProblemLoader Init config took 2.77s 
20913      INFO  main            d.u.i.k.p.i.AbstractProblemLoader Replaying proof Cell[Cell::get()].JML accessible clause.0 
20915      DEBUG main            d.u.i.k.p.i.IntermediateProofReplayer Proof replay took 5.7ns 
21125      INFO  main            d.u.i.k.p.r.p.TestFile    ... finished proof: closed. 
21257      INFO  main            d.u.i.k.p.i.AbstractProblemLoader Loading environment from /home/runner/work/key/key/key.core/../key.ui/examples/heap/model_methods/Cell_get_acc.key.proof 
21261      DEBUG main            d.u.i.k.p.i.AbstractProblemLoader Environment load took 3.2ms 
21262      INFO  main            d.u.i.k.p.i.AbstractProblemLoader Creating init config 
23988      DEBUG main            d.u.i.k.p.i.AbstractProblemLoader Init config took 2.73s 
24041      INFO  main            d.u.i.k.p.i.AbstractProblemLoader Replaying proof Cell[Cell::get()].JML accessible clause.0 
24075      DEBUG main            d.u.i.k.p.i.IntermediateProofReplayer Proof replay took 30.59ms 
24076      DEBUG main            d.u.i.k.p.r.p.TestFile    ... success: reloaded. 
24077      INFO  main            d.u.i.k.p.r.p.TestFile    Now processing file /home/runner/work/key/key/key.core/../key.ui/examples/heap/model_methods/Cell_get.key 
24077      INFO  main            d.u.i.k.p.i.AbstractProblemLoader Loading environment from /home/runner/work/key/key/key.core/../key.ui/examples/heap/model_methods/Cell_get.key 
24077      DEBUG main            d.u.i.k.p.i.AbstractProblemLoader Environment load took 170ns 
24078      INFO  main            d.u.i.k.p.i.AbstractProblemLoader Creating init config 
26781      DEBUG main            d.u.i.k.p.i.AbstractProblemLoader Init config took 2.7s 
26830      INFO  main            d.u.i.k.p.i.AbstractProblemLoader Replaying proof Cell[Cell::get()].JML operation contract.0 
26832      DEBUG main            d.u.i.k.p.i.IntermediateProofReplayer Proof replay took 6.2ns 
26934      INFO  main            d.u.i.k.p.r.p.TestFile    ... finished proof: closed. 
27073      INFO  main            d.u.i.k.p.i.AbstractProblemLoader Loading environment from /home/runner/work/key/key/key.core/../key.ui/examples/heap/model_methods/Cell_get.key.proof 
27073      DEBUG main            d.u.i.k.p.i.AbstractProblemLoader Environment load took 109.8ns 
27074      INFO  main            d.u.i.k.p.i.AbstractProblemLoader Creating init config 
29758      DEBUG main            d.u.i.k.p.i.AbstractProblemLoader Init config took 2.68s 
29811      INFO  main            d.u.i.k.p.i.AbstractProblemLoader Replaying proof Cell[Cell::get()].JML operation contract.0 
29842      DEBUG main            d.u.i.k.p.i.IntermediateProofReplayer Proof replay took 26.99ms 
29844      DEBUG main            d.u.i.k.p.r.p.TestFile    ... success: reloaded. 
29845      INFO  main            d.u.i.k.p.r.p.TestFile    Now processing file /home/runner/work/key/key/key.core/../key.ui/examples/heap/model_methods/Cell_post_set.key 
29846      INFO  main            d.u.i.k.p.i.AbstractProblemLoader Loading environment from /home/runner/work/key/key/key.core/../key.ui/examples/heap/model_methods/Cell_post_set.key 
29846      DEBUG main            d.u.i.k.p.i.AbstractProblemLoader Environment load took 195.4ns 
29848      INFO  main            d.u.i.k.p.i.AbstractProblemLoader Creating init config 
32606      DEBUG main            d.u.i.k.p.i.AbstractProblemLoader Init config took 2.76s 
32652      INFO  main            d.u.i.k.p.i.AbstractProblemLoader Replaying proof Cell[Cell::post_set(int)].JML model_behavior operation contract.0 
32654      DEBUG main            d.u.i.k.p.i.IntermediateProofReplayer Proof replay took 6ns 
32756      INFO  main            d.u.i.k.p.r.p.TestFile    ... finished proof: closed. 
32922      INFO  main            d.u.i.k.p.i.AbstractProblemLoader Loading environment from /home/runner/work/key/key/key.core/../key.ui/examples/heap/model_methods/Cell_post_set.key.proof 
32922      DEBUG main            d.u.i.k.p.i.AbstractProblemLoader Environment load took 107.8ns 
32923      INFO  main            d.u.i.k.p.i.AbstractProblemLoader Creating init config 
35561      DEBUG main            d.u.i.k.p.i.AbstractProblemLoader Init config took 2.64s 
35617      INFO  main            d.u.i.k.p.i.AbstractProblemLoader Replaying proof Cell[Cell::post_set(int)].JML model_behavior operation contract.0 
35623      DEBUG main            d.u.i.k.p.i.IntermediateProofReplayer Proof replay took 4.66ms 
35624      DEBUG main            d.u.i.k.p.r.p.TestFile    ... success: reloaded. 
35625      INFO  main            d.u.i.k.p.r.p.TestFile    Now processing file /home/runner/work/key/key/key.core/../key.ui/examples/heap/model_methods/Cell_set.key 
35625      INFO  main            d.u.i.k.p.i.AbstractProblemLoader Loading environment from /home/runner/work/key/key/key.core/../key.ui/examples/heap/model_methods/Cell_set.key 
35625      DEBUG main            d.u.i.k.p.i.AbstractProblemLoader Environment load took 170.9ns 
35626      INFO  main            d.u.i.k.p.i.AbstractProblemLoader Creating init config 
38331      DEBUG main            d.u.i.k.p.i.AbstractProblemLoader Init config took 2.7s 
38378      INFO  main            d.u.i.k.p.i.AbstractProblemLoader Replaying proof Cell[Cell::set(int)].JML operation contract.0 
38380      DEBUG main            d.u.i.k.p.i.IntermediateProofReplayer Proof replay took 5.9ns 
45230      INFO  main            d.u.i.k.p.r.p.TestFile    ... finished proof: closed. 
45447      INFO  main            d.u.i.k.p.i.AbstractProblemLoader Loading environment from /home/runner/work/key/key/key.core/../key.ui/examples/heap/model_methods/Cell_set.key.proof 
45449      DEBUG main            d.u.i.k.p.i.AbstractProblemLoader Environment load took 1.94ms 
45451      INFO  main            d.u.i.k.p.i.AbstractProblemLoader Creating init config 
48094      DEBUG main            d.u.i.k.p.i.AbstractProblemLoader Init config took 2.64s 
48140      INFO  main            d.u.i.k.p.i.AbstractProblemLoader Replaying proof Cell[Cell::set(int)].JML operation contract.0 
48679      DEBUG main            d.u.i.k.p.i.IntermediateProofReplayer Proof replay took 521.66ms 
48680      DEBUG main            d.u.i.k.p.r.p.TestFile    ... success: reloaded. 
48681      INFO  main            d.u.i.k.p.r.p.TestFile    Now processing file /home/runner/work/key/key/key.core/../key.ui/examples/heap/model_methods/CellTest_callSet.key 
48682      INFO  main            d.u.i.k.p.i.AbstractProblemLoader Loading environment from /home/runner/work/key/key/key.core/../key.ui/examples/heap/model_methods/CellTest_callSet.key 
48682      DEBUG main            d.u.i.k.p.i.AbstractProblemLoader Environment load took 174.1ns 
48683      INFO  main            d.u.i.k.p.i.AbstractProblemLoader Creating init config 
51385      DEBUG main            d.u.i.k.p.i.AbstractProblemLoader Init config took 2.7s 
51429      INFO  main            d.u.i.k.p.i.AbstractProblemLoader Replaying proof CellTest[CellTest::callSet(Cell,int)].JML operation contract.0 
51431      DEBUG main            d.u.i.k.p.i.IntermediateProofReplayer Proof replay took 6.2ns 
51637      INFO  main            d.u.i.k.p.r.p.TestFile    ... finished proof: closed. 
51793      INFO  main            d.u.i.k.p.i.AbstractProblemLoader Loading environment from /home/runner/work/key/key/key.core/../key.ui/examples/heap/model_methods/CellTest_callSet.key.proof 
51793      DEBUG main            d.u.i.k.p.i.AbstractProblemLoader Environment load took 102.4ns 
51794      INFO  main            d.u.i.k.p.i.AbstractProblemLoader Creating init config 
54420      DEBUG main            d.u.i.k.p.i.AbstractProblemLoader Init config took 2.63s 
54463      INFO  main            d.u.i.k.p.i.AbstractProblemLoader Replaying proof CellTest[CellTest::callSet(Cell,int)].JML operation contract.0 
54504      DEBUG main            d.u.i.k.p.i.IntermediateProofReplayer Proof replay took 38.88ms 
54505      DEBUG main            d.u.i.k.p.r.p.TestFile    ... success: reloaded. 
54506      INFO  main            d.u.i.k.p.r.p.TestFile    Now processing file /home/runner/work/key/key/key.core/../key.ui/examples/heap/model_methods/CellTest_test2.key 
54506      INFO  main            d.u.i.k.p.i.AbstractProblemLoader Loading environment from /home/runner/work/key/key/key.core/../key.ui/examples/heap/model_methods/CellTest_test2.key 
54506      DEBUG main            d.u.i.k.p.i.AbstractProblemLoader Environment load took 83.1ns 
54507      INFO  main            d.u.i.k.p.i.AbstractProblemLoader Creating init config 
57144      DEBUG main            d.u.i.k.p.i.AbstractProblemLoader Init config took 2.64s 
57187      INFO  main            d.u.i.k.p.i.AbstractProblemLoader Replaying proof CellTest[CellTest::test2(Cell)].JML operation contract.0 
57189      DEBUG main            d.u.i.k.p.i.IntermediateProofReplayer Proof replay took 6.1ns 
57495      INFO  main            d.u.i.k.p.r.p.TestFile    ... finished proof: closed. 
57649      INFO  main            d.u.i.k.p.i.AbstractProblemLoader Loading environment from /home/runner/work/key/key/key.core/../key.ui/examples/heap/model_methods/CellTest_test2.key.proof 
57650      DEBUG main            d.u.i.k.p.i.AbstractProblemLoader Environment load took 110.2ns 
57651      INFO  main            d.u.i.k.p.i.AbstractProblemLoader Creating init config 
60259      DEBUG main            d.u.i.k.p.i.AbstractProblemLoader Init config took 2.61s 
60309      INFO  main            d.u.i.k.p.i.AbstractProblemLoader Replaying proof CellTest[CellTest::test2(Cell)].JML operation contract.0 
60383      DEBUG main            d.u.i.k.p.i.IntermediateProofReplayer Proof replay took 70.75ms 
60384      DEBUG main            d.u.i.k.p.r.p.TestFile    ... success: reloaded. 
60385      INFO  main            d.u.i.k.p.r.p.TestFile    Now processing file /home/runner/work/key/key/key.core/../key.ui/examples/heap/model_methods/CellTest_test.key 
60385      INFO  main            d.u.i.k.p.i.AbstractProblemLoader Loading environment from /home/runner/work/key/key/key.core/../key.ui/examples/heap/model_methods/CellTest_test.key 
60385      DEBUG main            d.u.i.k.p.i.AbstractProblemLoader Environment load took 162.9ns 
60386      INFO  main            d.u.i.k.p.i.AbstractProblemLoader Creating init config 
63052      DEBUG main            d.u.i.k.p.i.AbstractProblemLoader Init config took 2.67s 
63100      INFO  main            d.u.i.k.p.i.AbstractProblemLoader Replaying proof CellTest[CellTest::test(Recell)].JML operation contract.0 
63102      DEBUG main            d.u.i.k.p.i.IntermediateProofReplayer Proof replay took 6ns 
65618      INFO  main            d.u.i.k.p.r.p.TestFile    ... finished proof: closed. 
65850      INFO  main            d.u.i.k.p.i.AbstractProblemLoader Loading environment from /home/runner/work/key/key/key.core/../key.ui/examples/heap/model_methods/CellTest_test.key.proof 
65851      DEBUG main            d.u.i.k.p.i.AbstractProblemLoader Environment load took 392.99ns 
65852      INFO  main            d.u.i.k.p.i.AbstractProblemLoader Creating init config 
68451      DEBUG main            d.u.i.k.p.i.AbstractProblemLoader Init config took 2.6s 
68492      INFO  main            d.u.i.k.p.i.AbstractProblemLoader Replaying proof CellTest[CellTest::test(Recell)].JML operation contract.0 
68982      DEBUG main            d.u.i.k.p.i.IntermediateProofReplayer Proof replay took 470.85ms 
68983      DEBUG main            d.u.i.k.p.r.p.TestFile    ... success: reloaded. 
68984      INFO  main            d.u.i.k.p.r.p.TestFile    Now processing file /home/runner/work/key/key/key.core/../key.ui/examples/heap/model_methods/Coll1_add.key 
68985      INFO  main            d.u.i.k.p.i.AbstractProblemLoader Loading environment from /home/runner/work/key/key/key.core/../key.ui/examples/heap/model_methods/Coll1_add.key 
68985      DEBUG main            d.u.i.k.p.i.AbstractProblemLoader Environment load took 156.3ns 
68986      INFO  main            d.u.i.k.p.i.AbstractProblemLoader Creating init config 
71610      DEBUG main            d.u.i.k.p.i.AbstractProblemLoader Init config took 2.62s 
71650      INFO  main            d.u.i.k.p.i.AbstractProblemLoader Replaying proof Coll1[Coll::add(int)].JML operation contract.0 
71652      DEBUG main            d.u.i.k.p.i.IntermediateProofReplayer Proof replay took 6.4ns 
71757      INFO  main            d.u.i.k.p.r.p.TestFile    ... finished proof: closed. 
71931      INFO  main            d.u.i.k.p.i.AbstractProblemLoader Loading environment from /home/runner/work/key/key/key.core/../key.ui/examples/heap/model_methods/Coll1_add.key.proof 
71931      DEBUG main            d.u.i.k.p.i.AbstractProblemLoader Environment load took 102.1ns 
71932      INFO  main            d.u.i.k.p.i.AbstractProblemLoader Creating init config 
74573      DEBUG main            d.u.i.k.p.i.AbstractProblemLoader Init config took 2.64s 
74620      INFO  main            d.u.i.k.p.i.AbstractProblemLoader Replaying proof Coll1[Coll::add(int)].JML operation contract.0 
74629      DEBUG main            d.u.i.k.p.i.IntermediateProofReplayer Proof replay took 7.43ms 
74630      DEBUG main            d.u.i.k.p.r.p.TestFile    ... success: reloaded. 
74631      INFO  main            d.u.i.k.p.r.p.TestFile    Now processing file /home/runner/work/key/key/key.core/../key.ui/examples/heap/model_methods/Coll1_Coll1_add_pre.key 
74631      INFO  main            d.u.i.k.p.i.AbstractProblemLoader Loading environment from /home/runner/work/key/key/key.core/../key.ui/examples/heap/model_methods/Coll1_Coll1_add_pre.key 
74631      DEBUG main            d.u.i.k.p.i.AbstractProblemLoader Environment load took 82.2ns 
74632      INFO  main            d.u.i.k.p.i.AbstractProblemLoader Creating init config 
77250      DEBUG main            d.u.i.k.p.i.AbstractProblemLoader Init config took 2.62s 
77289      INFO  main            d.u.i.k.p.i.AbstractProblemLoader Replaying proof Coll1[Coll1::add_pre(int)].JML model_behavior operation contract.0 
77291      DEBUG main            d.u.i.k.p.i.IntermediateProofReplayer Proof replay took 6.8ns 
77392      INFO  main            d.u.i.k.p.r.p.TestFile    ... finished proof: closed. 
77563      INFO  main            d.u.i.k.p.i.AbstractProblemLoader Loading environment from /home/runner/work/key/key/key.core/../key.ui/examples/heap/model_methods/Coll1_Coll1_add_pre.key.proof 
77564      DEBUG main            d.u.i.k.p.i.AbstractProblemLoader Environment load took 142.5ns 
77564      INFO  main            d.u.i.k.p.i.AbstractProblemLoader Creating init config 
80146      DEBUG main            d.u.i.k.p.i.AbstractProblemLoader Init config took 2.58s 
80187      INFO  main            d.u.i.k.p.i.AbstractProblemLoader Replaying proof Coll1[Coll1::add_pre(int)].JML model_behavior operation contract.0 
80193      DEBUG main            d.u.i.k.p.i.IntermediateProofReplayer Proof replay took 1.39ms 
80195      DEBUG main            d.u.i.k.p.r.p.TestFile    ... success: reloaded. 
80198      INFO  main            d.u.i.k.p.r.p.TestFile    Now processing file /home/runner/work/key/key/key.core/../key.ui/examples/heap/model_methods/Coll1_Coll_add_pre.key 
80199      INFO  main            d.u.i.k.p.i.AbstractProblemLoader Loading environment from /home/runner/work/key/key/key.core/../key.ui/examples/heap/model_methods/Coll1_Coll_add_pre.key 
80199      DEBUG main            d.u.i.k.p.i.AbstractProblemLoader Environment load took 158.4ns 
80200      INFO  main            d.u.i.k.p.i.AbstractProblemLoader Creating init config 
82856      DEBUG main            d.u.i.k.p.i.AbstractProblemLoader Init config took 2.66s 
82906      INFO  main            d.u.i.k.p.i.AbstractProblemLoader Replaying proof Coll1[Coll::add_pre(int)].JML model_behavior operation contract.0 
82908      DEBUG main            d.u.i.k.p.i.IntermediateProofReplayer Proof replay took 6.7ns 
83012      INFO  main            d.u.i.k.p.r.p.TestFile    ... finished proof: closed. 
83195      INFO  main            d.u.i.k.p.i.AbstractProblemLoader Loading environment from /home/runner/work/key/key/key.core/../key.ui/examples/heap/model_methods/Coll1_Coll_add_pre.key.proof 
83195      DEBUG main            d.u.i.k.p.i.AbstractProblemLoader Environment load took 101.3ns 
83196      INFO  main            d.u.i.k.p.i.AbstractProblemLoader Creating init config 
85761      DEBUG main            d.u.i.k.p.i.AbstractProblemLoader Init config took 2.57s 
85799      INFO  main            d.u.i.k.p.i.AbstractProblemLoader Replaying proof Coll1[Coll::add_pre(int)].JML model_behavior operation contract.0 
85803      DEBUG main            d.u.i.k.p.i.IntermediateProofReplayer Proof replay took 2.06ms 
85804      DEBUG main            d.u.i.k.p.r.p.TestFile    ... success: reloaded. 
85804      INFO  main            d.u.i.k.p.r.p.TestFile    Now processing file /home/runner/work/key/key/key.core/../key.ui/examples/heap/model_methods/Coll2_add.key 
85805      INFO  main            d.u.i.k.p.i.AbstractProblemLoader Loading environment from /home/runner/work/key/key/key.core/../key.ui/examples/heap/model_methods/Coll2_add.key 
85805      DEBUG main            d.u.i.k.p.i.AbstractProblemLoader Environment load took 65.2ns 
85806      INFO  main            d.u.i.k.p.i.AbstractProblemLoader Creating init config 
88440      DEBUG main            d.u.i.k.p.i.AbstractProblemLoader Init config took 2.63s 
88480      INFO  main            d.u.i.k.p.i.AbstractProblemLoader Replaying proof Coll2[Coll::add(int)].JML operation contract.0 
88481      DEBUG main            d.u.i.k.p.i.IntermediateProofReplayer Proof replay took 6.6ns 
88584      INFO  main            d.u.i.k.p.r.p.TestFile    ... finished proof: closed. 
88809      INFO  main            d.u.i.k.p.i.AbstractProblemLoader Loading environment from /home/runner/work/key/key/key.core/../key.ui/examples/heap/model_methods/Coll2_add.key.proof 
88809      DEBUG main            d.u.i.k.p.i.AbstractProblemLoader Environment load took 100.7ns 
88810      INFO  main            d.u.i.k.p.i.AbstractProblemLoader Creating init config 
91391      DEBUG main            d.u.i.k.p.i.AbstractProblemLoader Init config took 2.58s 
91432      INFO  main            d.u.i.k.p.i.AbstractProblemLoader Replaying proof Coll2[Coll::add(int)].JML operation contract.0 
91441      DEBUG main            d.u.i.k.p.i.IntermediateProofReplayer Proof replay took 5.99ms 
91442      DEBUG main            d.u.i.k.p.r.p.TestFile    ... success: reloaded. 
91443      INFO  main            d.u.i.k.p.r.p.TestFile    Now processing file /home/runner/work/key/key/key.core/../key.ui/examples/heap/model_methods/Coll2_Coll2_add_pre.key 
91444      INFO  main            d.u.i.k.p.i.AbstractProblemLoader Loading environment from /home/runner/work/key/key/key.core/../key.ui/examples/heap/model_methods/Coll2_Coll2_add_pre.key 
91444      DEBUG main            d.u.i.k.p.i.AbstractProblemLoader Environment load took 155.3ns 
91445      INFO  main            d.u.i.k.p.i.AbstractProblemLoader Creating init config 
94070      DEBUG main            d.u.i.k.p.i.AbstractProblemLoader Init config took 2.62s 
94106      INFO  main            d.u.i.k.p.i.AbstractProblemLoader Replaying proof Coll2[Coll2::add_pre(int)].JML model_behavior operation contract.0 
94108      DEBUG main            d.u.i.k.p.i.IntermediateProofReplayer Proof replay took 5.9ns 
94212      INFO  main            d.u.i.k.p.r.p.TestFile    ... finished proof: closed. 
94404      INFO  main            d.u.i.k.p.i.AbstractProblemLoader Loading environment from /home/runner/work/key/key/key.core/../key.ui/examples/heap/model_methods/Coll2_Coll2_add_pre.key.proof 
94404      DEBUG main            d.u.i.k.p.i.AbstractProblemLoader Environment load took 98.8ns 
94405      INFO  main            d.u.i.k.p.i.AbstractProblemLoader Creating init config 
97009      DEBUG main            d.u.i.k.p.i.AbstractProblemLoader Init config took 2.6s 
97046      INFO  main            d.u.i.k.p.i.AbstractProblemLoader Replaying proof Coll2[Coll2::add_pre(int)].JML model_behavior operation contract.0 
97049      DEBUG main            d.u.i.k.p.i.IntermediateProofReplayer Proof replay took 1.34ms 
97050      DEBUG main            d.u.i.k.p.r.p.TestFile    ... success: reloaded. 
97051      INFO  main            d.u.i.k.p.r.p.TestFile    Now processing file /home/runner/work/key/key/key.core/../key.ui/examples/heap/model_methods/Coll2_Coll_add_pre.key 
97051      INFO  main            d.u.i.k.p.i.AbstractProblemLoader Loading environment from /home/runner/work/key/key/key.core/../key.ui/examples/heap/model_methods/Coll2_Coll_add_pre.key 
97051      DEBUG main            d.u.i.k.p.i.AbstractProblemLoader Environment load took 92.1ns 
97052      INFO  main            d.u.i.k.p.i.AbstractProblemLoader Creating init config 
99619      DEBUG main            d.u.i.k.p.i.AbstractProblemLoader Init config took 2.57s 
99657      INFO  main            d.u.i.k.p.i.AbstractProblemLoader Replaying proof Coll2[Coll::add_pre(int)].JML model_behavior operation contract.0 
99658      DEBUG main            d.u.i.k.p.i.IntermediateProofReplayer Proof replay took 5.9ns 
99760      INFO  main            d.u.i.k.p.r.p.TestFile    ... finished proof: closed. 
99970      INFO  main            d.u.i.k.p.i.AbstractProblemLoader Loading environment from /home/runner/work/key/key/key.core/../key.ui/examples/heap/model_methods/Coll2_Coll_add_pre.key.proof 
99971      DEBUG main            d.u.i.k.p.i.AbstractProblemLoader Environment load took 136.6ns 
99971      INFO  main            d.u.i.k.p.i.AbstractProblemLoader Creating init config 
102524     DEBUG main            d.u.i.k.p.i.AbstractProblemLoader Init config took 2.55s 
102562     INFO  main            d.u.i.k.p.i.AbstractProblemLoader Replaying proof Coll2[Coll::add_pre(int)].JML model_behavior operation contract.0 
102565     DEBUG main            d.u.i.k.p.i.IntermediateProofReplayer Proof replay took 1.89ms 
102566     DEBUG main            d.u.i.k.p.r.p.TestFile    ... success: reloaded. 
102567     INFO  main            d.u.i.k.p.r.p.TestFile    Now processing file /home/runner/work/key/key/key.core/../key.ui/examples/heap/model_methods/Coll_add.key 
102567     INFO  main            d.u.i.k.p.i.AbstractProblemLoader Loading environment from /home/runner/work/key/key/key.core/../key.ui/examples/heap/model_methods/Coll_add.key 
102567     DEBUG main            d.u.i.k.p.i.AbstractProblemLoader Environment load took 135.8ns 
102568     INFO  main            d.u.i.k.p.i.AbstractProblemLoader Creating init config 
105203     DEBUG main            d.u.i.k.p.i.AbstractProblemLoader Init config took 2.63s 
105241     INFO  main            d.u.i.k.p.i.AbstractProblemLoader Replaying proof Coll[Coll::add(int)].JML operation contract.0 
105242     DEBUG main            d.u.i.k.p.i.IntermediateProofReplayer Proof replay took 6.8ns 
105344     INFO  main            d.u.i.k.p.r.p.TestFile    ... finished proof: closed. 
105548     INFO  main            d.u.i.k.p.i.AbstractProblemLoader Loading environment from /home/runner/work/key/key/key.core/../key.ui/examples/heap/model_methods/Coll_add.key.proof 
105548     DEBUG main            d.u.i.k.p.i.AbstractProblemLoader Environment load took 126.7ns 
105549     INFO  main            d.u.i.k.p.i.AbstractProblemLoader Creating init config 
108086     DEBUG main            d.u.i.k.p.i.AbstractProblemLoader Init config took 2.54s 
108124     INFO  main            d.u.i.k.p.i.AbstractProblemLoader Replaying proof Coll[Coll::add(int)].JML operation contract.0 
108128     DEBUG main            d.u.i.k.p.i.IntermediateProofReplayer Proof replay took 2.09ms 
108129     DEBUG main            d.u.i.k.p.r.p.TestFile    ... success: reloaded. 
108130     INFO  main            d.u.i.k.p.r.p.TestFile    Now processing file /home/runner/work/key/key/key.core/../key.ui/examples/heap/model_methods/Coll_add_pre.key 
108130     INFO  main            d.u.i.k.p.i.AbstractProblemLoader Loading environment from /home/runner/work/key/key/key.core/../key.ui/examples/heap/model_methods/Coll_add_pre.key 
108130     DEBUG main            d.u.i.k.p.i.AbstractProblemLoader Environment load took 134.6ns 
108131     INFO  main            d.u.i.k.p.i.AbstractProblemLoader Creating init config 
110756     DEBUG main            d.u.i.k.p.i.AbstractProblemLoader Init config took 2.63s 
110794     INFO  main            d.u.i.k.p.i.AbstractProblemLoader Replaying proof Coll[Coll::add_pre(int)].JML model_behavior operation contract.0 
110796     DEBUG main            d.u.i.k.p.i.IntermediateProofReplayer Proof replay took 6.7ns 
110897     INFO  main            d.u.i.k.p.r.p.TestFile    ... finished proof: closed. 
111107     INFO  main            d.u.i.k.p.i.AbstractProblemLoader Loading environment from /home/runner/work/key/key/key.core/../key.ui/examples/heap/model_methods/Coll_add_pre.key.proof 
111107     DEBUG main            d.u.i.k.p.i.AbstractProblemLoader Environment load took 170ns 
111108     INFO  main            d.u.i.k.p.i.AbstractProblemLoader Creating init config 
113668     DEBUG main            d.u.i.k.p.i.AbstractProblemLoader Init config took 2.56s 
113706     INFO  main            d.u.i.k.p.i.AbstractProblemLoader Replaying proof Coll[Coll::add_pre(int)].JML model_behavior operation contract.0 
113709     DEBUG main            d.u.i.k.p.i.IntermediateProofReplayer Proof replay took 2.41ms 
113710     DEBUG main            d.u.i.k.p.r.p.TestFile    ... success: reloaded. 
113711     INFO  main            d.u.i.k.p.r.p.TestFile    Now processing file /home/runner/work/key/key/key.core/../key.ui/examples/heap/model_methods/Indirect_callAdd.key 
113711     INFO  main            d.u.i.k.p.i.AbstractProblemLoader Loading environment from /home/runner/work/key/key/key.core/../key.ui/examples/heap/model_methods/Indirect_callAdd.key 
113711     DEBUG main            d.u.i.k.p.i.AbstractProblemLoader Environment load took 67.5ns 
113712     INFO  main            d.u.i.k.p.i.AbstractProblemLoader Creating init config 
116279     DEBUG main            d.u.i.k.p.i.AbstractProblemLoader Init config took 2.57s 
116316     INFO  main            d.u.i.k.p.i.AbstractProblemLoader Replaying proof Indirect[Indirect::callAdd(Coll,int)].JML operation contract.0 
116318     DEBUG main            d.u.i.k.p.i.IntermediateProofReplayer Proof replay took 6.6ns 
116420     INFO  main            d.u.i.k.p.r.p.TestFile    ... finished proof: closed. 
116661     INFO  main            d.u.i.k.p.i.AbstractProblemLoader Loading environment from /home/runner/work/key/key/key.core/../key.ui/examples/heap/model_methods/Indirect_callAdd.key.proof 
116661     DEBUG main            d.u.i.k.p.i.AbstractProblemLoader Environment load took 92.4ns 
116662     INFO  main            d.u.i.k.p.i.AbstractProblemLoader Creating init config 
119187     DEBUG main            d.u.i.k.p.i.AbstractProblemLoader Init config took 2.53s 
119225     INFO  main            d.u.i.k.p.i.AbstractProblemLoader Replaying proof Indirect[Indirect::callAdd(Coll,int)].JML operation contract.0 
119248     DEBUG main            d.u.i.k.p.i.IntermediateProofReplayer Proof replay took 21.27ms 
119249     DEBUG main            d.u.i.k.p.r.p.TestFile    ... success: reloaded. 
119250     INFO  main            d.u.i.k.p.r.p.TestFile    Now processing file /home/runner/work/key/key/key.core/../key.ui/examples/heap/model_methods/Indirect_test.key 
119250     INFO  main            d.u.i.k.p.i.AbstractProblemLoader Loading environment from /home/runner/work/key/key/key.core/../key.ui/examples/heap/model_methods/Indirect_test.key 
119250     DEBUG main            d.u.i.k.p.i.AbstractProblemLoader Environment load took 65.7ns 
119251     INFO  main            d.u.i.k.p.i.AbstractProblemLoader Creating init config 
121878     DEBUG main            d.u.i.k.p.i.AbstractProblemLoader Init config took 2.63s 
121924     INFO  main            d.u.i.k.p.i.AbstractProblemLoader Replaying proof Indirect[Indirect::test(Coll1,Coll2)].JML operation contract.0 
121926     DEBUG main            d.u.i.k.p.i.IntermediateProofReplayer Proof replay took 6.1ns 
122128     INFO  main            d.u.i.k.p.r.p.TestFile    ... finished proof: closed. 
122358     INFO  main            d.u.i.k.p.i.AbstractProblemLoader Loading environment from /home/runner/work/key/key/key.core/../key.ui/examples/heap/model_methods/Indirect_test.key.proof 
122358     DEBUG main            d.u.i.k.p.i.AbstractProblemLoader Environment load took 96.7ns 
122359     INFO  main            d.u.i.k.p.i.AbstractProblemLoader Creating init config 
124897     DEBUG main            d.u.i.k.p.i.AbstractProblemLoader Init config took 2.54s 
124935     INFO  main            d.u.i.k.p.i.AbstractProblemLoader Replaying proof Indirect[Indirect::test(Coll1,Coll2)].JML operation contract.0 
124987     DEBUG main            d.u.i.k.p.i.IntermediateProofReplayer Proof replay took 48.31ms 
124988     DEBUG main            d.u.i.k.p.r.p.TestFile    ... success: reloaded. 
124989     INFO  main            d.u.i.k.p.r.p.TestFile    Now processing file /home/runner/work/key/key/key.core/../key.ui/examples/heap/model_methods/Recell_Cell_footprint.key 
124989     INFO  main            d.u.i.k.p.i.AbstractProblemLoader Loading environment from /home/runner/work/key/key/key.core/../key.ui/examples/heap/model_methods/Recell_Cell_footprint.key 
124989     DEBUG main            d.u.i.k.p.i.AbstractProblemLoader Environment load took 74.3ns 
124990     INFO  main            d.u.i.k.p.i.AbstractProblemLoader Creating init config 
127589     DEBUG main            d.u.i.k.p.i.AbstractProblemLoader Init config took 2.6s 
127625     INFO  main            d.u.i.k.p.i.AbstractProblemLoader Replaying proof Recell[Cell::footprint()].JML model_behavior operation contract.0 
127627     DEBUG main            d.u.i.k.p.i.IntermediateProofReplayer Proof replay took 6.9ns 
127728     INFO  main            d.u.i.k.p.r.p.TestFile    ... finished proof: closed. 
127948     INFO  main            d.u.i.k.p.i.AbstractProblemLoader Loading environment from /home/runner/work/key/key/key.core/../key.ui/examples/heap/model_methods/Recell_Cell_footprint.key.proof 
127948     DEBUG main            d.u.i.k.p.i.AbstractProblemLoader Environment load took 93.7ns 
127948     INFO  main            d.u.i.k.p.i.AbstractProblemLoader Creating init config 
130471     DEBUG main            d.u.i.k.p.i.AbstractProblemLoader Init config took 2.52s 
130511     INFO  main            d.u.i.k.p.i.AbstractProblemLoader Replaying proof Recell[Cell::footprint()].JML model_behavior operation contract.0 
130515     DEBUG main            d.u.i.k.p.i.IntermediateProofReplayer Proof replay took 2.56ms 
130516     DEBUG main            d.u.i.k.p.r.p.TestFile    ... success: reloaded. 
130517     INFO  main            d.u.i.k.p.r.p.TestFile    Now processing file /home/runner/work/key/key/key.core/../key.ui/examples/heap/model_methods/Recell_Cell_post_set.key 
130517     INFO  main            d.u.i.k.p.i.AbstractProblemLoader Loading environment from /home/runner/work/key/key/key.core/../key.ui/examples/heap/model_methods/Recell_Cell_post_set.key 
130517     DEBUG main            d.u.i.k.p.i.AbstractProblemLoader Environment load took 51.8ns 
130518     INFO  main            d.u.i.k.p.i.AbstractProblemLoader Creating init config 
133107     DEBUG main            d.u.i.k.p.i.AbstractProblemLoader Init config took 2.59s 
133143     INFO  main            d.u.i.k.p.i.AbstractProblemLoader Replaying proof Recell[Cell::post_set(int)].JML model_behavior operation contract.0 
133145     DEBUG main            d.u.i.k.p.i.IntermediateProofReplayer Proof replay took 6.7ns 
133246     INFO  main            d.u.i.k.p.r.p.TestFile    ... finished proof: closed. 
133479     INFO  main            d.u.i.k.p.i.AbstractProblemLoader Loading environment from /home/runner/work/key/key/key.core/../key.ui/examples/heap/model_methods/Recell_Cell_post_set.key.proof 
133479     DEBUG main            d.u.i.k.p.i.AbstractProblemLoader Environment load took 95.5ns 
133480     INFO  main            d.u.i.k.p.i.AbstractProblemLoader Creating init config 
136004     DEBUG main            d.u.i.k.p.i.AbstractProblemLoader Init config took 2.52s 
136041     INFO  main            d.u.i.k.p.i.AbstractProblemLoader Replaying proof Recell[Cell::post_set(int)].JML model_behavior operation contract.0 
136046     DEBUG main            d.u.i.k.p.i.IntermediateProofReplayer Proof replay took 3.9ms 
136047     DEBUG main            d.u.i.k.p.r.p.TestFile    ... success: reloaded. 
136048     INFO  main            d.u.i.k.p.r.p.TestFile    Now processing file /home/runner/work/key/key/key.core/../key.ui/examples/heap/model_methods/Recell_footprint_acc.key 
136048     INFO  main            d.u.i.k.p.i.AbstractProblemLoader Loading environment from /home/runner/work/key/key/key.core/../key.ui/examples/heap/model_methods/Recell_footprint_acc.key 
136048     DEBUG main            d.u.i.k.p.i.AbstractProblemLoader Environment load took 52.4ns 
136049     INFO  main            d.u.i.k.p.i.AbstractProblemLoader Creating init config 
138623     DEBUG main            d.u.i.k.p.i.AbstractProblemLoader Init config took 2.57s 
138659     INFO  main            d.u.i.k.p.i.AbstractProblemLoader Replaying proof Recell[Cell::footprint()].JML accessible clause.0 
138661     DEBUG main            d.u.i.k.p.i.IntermediateProofReplayer Proof replay took 5.4ns 
138765     INFO  main            d.u.i.k.p.r.p.TestFile    ... finished proof: closed. 
139040     INFO  main            d.u.i.k.p.i.AbstractProblemLoader Loading environment from /home/runner/work/key/key/key.core/../key.ui/examples/heap/model_methods/Recell_footprint_acc.key.proof 
139040     DEBUG main            d.u.i.k.p.i.AbstractProblemLoader Environment load took 94.5ns 
139041     INFO  main            d.u.i.k.p.i.AbstractProblemLoader Creating init config 
141570     DEBUG main            d.u.i.k.p.i.AbstractProblemLoader Init config took 2.53s 
141606     INFO  main            d.u.i.k.p.i.AbstractProblemLoader Replaying proof Recell[Cell::footprint()].JML accessible clause.0 
141624     DEBUG main            d.u.i.k.p.i.IntermediateProofReplayer Proof replay took 15.94ms 
141625     DEBUG main            d.u.i.k.p.r.p.TestFile    ... success: reloaded. 
141626     INFO  main            d.u.i.k.p.r.p.TestFile    Now processing file /home/runner/work/key/key/key.core/../key.ui/examples/heap/model_methods/Recell_get_acc.key 
141626     INFO  main            d.u.i.k.p.i.AbstractProblemLoader Loading environment from /home/runner/work/key/key/key.core/../key.ui/examples/heap/model_methods/Recell_get_acc.key 
141626     DEBUG main            d.u.i.k.p.i.AbstractProblemLoader Environment load took 63.1ns 
141627     INFO  main            d.u.i.k.p.i.AbstractProblemLoader Creating init config 
144230     DEBUG main            d.u.i.k.p.i.AbstractProblemLoader Init config took 2.6s 
144266     INFO  main            d.u.i.k.p.i.AbstractProblemLoader Replaying proof Recell[Cell::get()].JML accessible clause.0 
144268     DEBUG main            d.u.i.k.p.i.IntermediateProofReplayer Proof replay took 6.9ns 
144369     INFO  main            d.u.i.k.p.r.p.TestFile    ... finished proof: closed. 
144627     INFO  main            d.u.i.k.p.i.AbstractProblemLoader Loading environment from /home/runner/work/key/key/key.core/../key.ui/examples/heap/model_methods/Recell_get_acc.key.proof 
144628     DEBUG main            d.u.i.k.p.i.AbstractProblemLoader Environment load took 374ns 
144629     INFO  main            d.u.i.k.p.i.AbstractProblemLoader Creating init config 
147150     DEBUG main            d.u.i.k.p.i.AbstractProblemLoader Init config took 2.52s 
147187     INFO  main            d.u.i.k.p.i.AbstractProblemLoader Replaying proof Recell[Cell::get()].JML accessible clause.0 
147204     DEBUG main            d.u.i.k.p.i.IntermediateProofReplayer Proof replay took 15.31ms 
147205     DEBUG main            d.u.i.k.p.r.p.TestFile    ... success: reloaded. 
147206     INFO  main            d.u.i.k.p.r.p.TestFile    Now processing file /home/runner/work/key/key/key.core/../key.ui/examples/heap/model_methods/Recell_get.key 
147206     INFO  main            d.u.i.k.p.i.AbstractProblemLoader Loading environment from /home/runner/work/key/key/key.core/../key.ui/examples/heap/model_methods/Recell_get.key 
147206     DEBUG main            d.u.i.k.p.i.AbstractProblemLoader Environment load took 73.9ns 
147207     INFO  main            d.u.i.k.p.i.AbstractProblemLoader Creating init config 
149789     DEBUG main            d.u.i.k.p.i.AbstractProblemLoader Init config took 2.58s 
149827     INFO  main            d.u.i.k.p.i.AbstractProblemLoader Replaying proof Recell[Cell::get()].JML operation contract.0 
149828     DEBUG main            d.u.i.k.p.i.IntermediateProofReplayer Proof replay took 6.7ns 
149929     INFO  main            d.u.i.k.p.r.p.TestFile    ... finished proof: closed. 
150183     INFO  main            d.u.i.k.p.i.AbstractProblemLoader Loading environment from /home/runner/work/key/key/key.core/../key.ui/examples/heap/model_methods/Recell_get.key.proof 
150184     DEBUG main            d.u.i.k.p.i.AbstractProblemLoader Environment load took 230.9ns 
150184     INFO  main            d.u.i.k.p.i.AbstractProblemLoader Creating init config 
152710     DEBUG main            d.u.i.k.p.i.AbstractProblemLoader Init config took 2.53s 
152747     INFO  main            d.u.i.k.p.i.AbstractProblemLoader Replaying proof Recell[Cell::get()].JML operation contract.0 
152757     DEBUG main            d.u.i.k.p.i.IntermediateProofReplayer Proof replay took 8.17ms 
152758     DEBUG main            d.u.i.k.p.r.p.TestFile    ... success: reloaded. 
152759     INFO  main            d.u.i.k.p.r.p.TestFile    Now processing file /home/runner/work/key/key/key.core/../key.ui/examples/heap/model_methods/Recell_Recell_footprint.key 
152759     INFO  main            d.u.i.k.p.i.AbstractProblemLoader Loading environment from /home/runner/work/key/key/key.core/../key.ui/examples/heap/model_methods/Recell_Recell_footprint.key 
152759     DEBUG main            d.u.i.k.p.i.AbstractProblemLoader Environment load took 165.3ns 
152760     INFO  main            d.u.i.k.p.i.AbstractProblemLoader Creating init config 
155324     DEBUG main            d.u.i.k.p.i.AbstractProblemLoader Init config took 2.56s 
155360     INFO  main            d.u.i.k.p.i.AbstractProblemLoader Replaying proof Recell[Recell::footprint()].JML model_behavior operation contract.0 
155361     DEBUG main            d.u.i.k.p.i.IntermediateProofReplayer Proof replay took 6.2ns 
155462     INFO  main            d.u.i.k.p.r.p.TestFile    ... finished proof: closed. 
155710     INFO  main            d.u.i.k.p.i.AbstractProblemLoader Loading environment from /home/runner/work/key/key/key.core/../key.ui/examples/heap/model_methods/Recell_Recell_footprint.key.proof 
155710     DEBUG main            d.u.i.k.p.i.AbstractProblemLoader Environment load took 102.7ns 
155711     INFO  main            d.u.i.k.p.i.AbstractProblemLoader Creating init config 
158229     DEBUG main            d.u.i.k.p.i.AbstractProblemLoader Init config took 2.52s 
158264     INFO  main            d.u.i.k.p.i.AbstractProblemLoader Replaying proof Recell[Recell::footprint()].JML model_behavior operation contract.0 
158267     DEBUG main            d.u.i.k.p.i.IntermediateProofReplayer Proof replay took 1.28ms 
158268     DEBUG main            d.u.i.k.p.r.p.TestFile    ... success: reloaded. 
158269     INFO  main            d.u.i.k.p.r.p.TestFile    Now processing file /home/runner/work/key/key/key.core/../key.ui/examples/heap/model_methods/Recell_Recell_post_set.key 
158269     INFO  main            d.u.i.k.p.i.AbstractProblemLoader Loading environment from /home/runner/work/key/key/key.core/../key.ui/examples/heap/model_methods/Recell_Recell_post_set.key 
158269     DEBUG main            d.u.i.k.p.i.AbstractProblemLoader Environment load took 204.4ns 
158270     INFO  main            d.u.i.k.p.i.AbstractProblemLoader Creating init config 
160840     DEBUG main            d.u.i.k.p.i.AbstractProblemLoader Init config took 2.57s 
160877     INFO  main            d.u.i.k.p.i.AbstractProblemLoader Replaying proof Recell[Recell::post_set(int)].JML model_behavior operation contract.0 
160878     DEBUG main            d.u.i.k.p.i.IntermediateProofReplayer Proof replay took 6.3ns 
160984     INFO  main            d.u.i.k.p.r.p.TestFile    ... finished proof: closed. 
161243     INFO  main            d.u.i.k.p.i.AbstractProblemLoader Loading environment from /home/runner/work/key/key/key.core/../key.ui/examples/heap/model_methods/Recell_Recell_post_set.key.proof 
161243     DEBUG main            d.u.i.k.p.i.AbstractProblemLoader Environment load took 98.9ns 
161244     INFO  main            d.u.i.k.p.i.AbstractProblemLoader Creating init config 
163756     DEBUG main            d.u.i.k.p.i.AbstractProblemLoader Init config took 2.51s 
163793     INFO  main            d.u.i.k.p.i.AbstractProblemLoader Replaying proof Recell[Recell::post_set(int)].JML model_behavior operation contract.0 
163796     DEBUG main            d.u.i.k.p.i.IntermediateProofReplayer Proof replay took 2.35ms 
163797     DEBUG main            d.u.i.k.p.r.p.TestFile    ... success: reloaded. 
163798     INFO  main            d.u.i.k.p.r.p.TestFile    Now processing file /home/runner/work/key/key/key.core/../key.ui/examples/heap/model_methods/Recell_set.key 
163799     INFO  main            d.u.i.k.p.i.AbstractProblemLoader Loading environment from /home/runner/work/key/key/key.core/../key.ui/examples/heap/model_methods/Recell_set.key 
163799     DEBUG main            d.u.i.k.p.i.AbstractProblemLoader Environment load took 153.9ns 
163800     INFO  main            d.u.i.k.p.i.AbstractProblemLoader Creating init config 
166370     DEBUG main            d.u.i.k.p.i.AbstractProblemLoader Init config took 2.57s 
166423     INFO  main            d.u.i.k.p.i.AbstractProblemLoader Replaying proof Recell[Cell::set(int)].JML operation contract.0 
166425     DEBUG main            d.u.i.k.p.i.IntermediateProofReplayer Proof replay took 5.6ns 
172868     INFO  main            d.u.i.k.p.r.p.TestFile    ... finished proof: closed. 
173166     INFO  main            d.u.i.k.p.i.AbstractProblemLoader Loading environment from /home/runner/work/key/key/key.core/../key.ui/examples/heap/model_methods/Recell_set.key.proof 
173166     DEBUG main            d.u.i.k.p.i.AbstractProblemLoader Environment load took 310.3ns 
173167     INFO  main            d.u.i.k.p.i.AbstractProblemLoader Creating init config 
175702     DEBUG main            d.u.i.k.p.i.AbstractProblemLoader Init config took 2.53s 
175738     INFO  main            d.u.i.k.p.i.AbstractProblemLoader Replaying proof Recell[Cell::set(int)].JML operation contract.0 
176177     DEBUG main            d.u.i.k.p.i.IntermediateProofReplayer Proof replay took 420.85ms 
176178     DEBUG main            d.u.i.k.p.r.p.TestFile    ... success: reloaded. 
176179     INFO  main            d.u.i.k.p.r.p.TestFile    Now processing file /home/runner/work/key/key/key.core/../key.ui/examples/heap/model_methods/Recell_undo.key 
176180     INFO  main            d.u.i.k.p.i.AbstractProblemLoader Loading environment from /home/runner/work/key/key/key.core/../key.ui/examples/heap/model_methods/Recell_undo.key 
176180     DEBUG main            d.u.i.k.p.i.AbstractProblemLoader Environment load took 150.6ns 
176181     INFO  main            d.u.i.k.p.i.AbstractProblemLoader Creating init config 
178798     DEBUG main            d.u.i.k.p.i.AbstractProblemLoader Init config took 2.62s 
178835     INFO  main            d.u.i.k.p.i.AbstractProblemLoader Replaying proof Recell[Recell::undo()].JML operation contract.0 
178836     DEBUG main            d.u.i.k.p.i.IntermediateProofReplayer Proof replay took 7.2ns 
178938     INFO  main            d.u.i.k.p.r.p.TestFile    ... finished proof: closed. 
179201     INFO  main            d.u.i.k.p.i.AbstractProblemLoader Loading environment from /home/runner/work/key/key/key.core/../key.ui/examples/heap/model_methods/Recell_undo.key.proof 
179201     DEBUG main            d.u.i.k.p.i.AbstractProblemLoader Environment load took 94.7ns 
179202     INFO  main            d.u.i.k.p.i.AbstractProblemLoader Creating init config 
181720     DEBUG main            d.u.i.k.p.i.AbstractProblemLoader Init config took 2.52s 
181757     INFO  main            d.u.i.k.p.i.AbstractProblemLoader Replaying proof Recell[Recell::undo()].JML operation contract.0 
181789     DEBUG main            d.u.i.k.p.i.IntermediateProofReplayer Proof replay took 29.84ms 
181790     DEBUG main            d.u.i.k.p.r.p.TestFile    ... success: reloaded. 
4066837    INFO  Test worker     d.u.i.k.p.r.RunAllProofsTestUnit Returning from test modelMethods 
4066839    INFO  Test worker     d.u.i.k.p.r.RunAllProofsTestUnit Running test permissionHeap 
353        INFO  Timeout watchdog d.u.i.k.p.r.p.ForkedTestFileRunner Timeout watcher launched (2000 secs.) 
374        WARN  main            d.u.i.k.s.ProofSettings   The settings in /home/runner/.key/proof-settings.props are *not* read. 
405        INFO  main            d.u.i.k.p.r.p.TestFile    Now processing file /home/runner/work/key/key/key.core/../key.ui/examples/heap/permissions/permissions_method0.key 
508        INFO  main            d.u.i.k.p.i.AbstractProblemLoader Loading environment from /home/runner/work/key/key/key.core/../key.ui/examples/heap/permissions/permissions_method0.key 
535        DEBUG main            d.u.i.k.p.i.AbstractProblemLoader Environment load took 1.97ms 
746        INFO  main            d.u.i.k.p.i.AbstractProblemLoader Creating init config 
1713       DEBUG main            d.u.i.k.j.TypeConverter   No LDT found for Meta 
1713       DEBUG main            d.u.i.k.j.TypeConverter   No LDT found for Meta 
1714       DEBUG main            d.u.i.k.j.TypeConverter   No LDT found for Meta 
1715       DEBUG main            d.u.i.k.j.TypeConverter   No LDT found for Meta 
3095       DEBUG main            d.u.i.k.j.TypeConverter   No LDT found for JavaBigintExpression 
7964       DEBUG main            d.u.i.k.p.i.AbstractProblemLoader Init config took 7.22s 
8086       INFO  main            d.u.i.k.p.i.AbstractProblemLoader Replaying proof MyClass[MyClass::method0()].JML normal_behavior operation contract.0 
8116       DEBUG main            d.u.i.k.p.i.IntermediateProofReplayer Proof replay took 32.4ns 
9185       INFO  main            d.u.i.k.p.r.p.TestFile    ... finished proof: closed. 
9304       INFO  main            d.u.i.k.p.i.AbstractProblemLoader Loading environment from /home/runner/work/key/key/key.core/../key.ui/examples/heap/permissions/permissions_method0.key.proof 
9304       DEBUG main            d.u.i.k.p.i.AbstractProblemLoader Environment load took 349.7ns 
9306       INFO  main            d.u.i.k.p.i.AbstractProblemLoader Creating init config 
12063      DEBUG main            d.u.i.k.p.i.AbstractProblemLoader Init config took 2.76s 
12135      INFO  main            d.u.i.k.p.i.AbstractProblemLoader Replaying proof MyClass[MyClass::method0()].JML normal_behavior operation contract.0 
12304      DEBUG main            d.u.i.k.p.i.IntermediateProofReplayer Proof replay took 162.75ms 
12312      DEBUG main            d.u.i.k.p.r.p.TestFile    ... success: reloaded. 
12315      INFO  main            d.u.i.k.p.r.p.TestFile    Now processing file /home/runner/work/key/key/key.core/../key.ui/examples/heap/permissions/permissions_method1.key 
12315      INFO  main            d.u.i.k.p.i.AbstractProblemLoader Loading environment from /home/runner/work/key/key/key.core/../key.ui/examples/heap/permissions/permissions_method1.key 
12315      DEBUG main            d.u.i.k.p.i.AbstractProblemLoader Environment load took 185.6ns 
12318      INFO  main            d.u.i.k.p.i.AbstractProblemLoader Creating init config 
14916      DEBUG main            d.u.i.k.p.i.AbstractProblemLoader Init config took 2.6s 
14979      INFO  main            d.u.i.k.p.i.AbstractProblemLoader Replaying proof MyClass[MyClass::method1()].JML normal_behavior operation contract.0 
14982      DEBUG main            d.u.i.k.p.i.IntermediateProofReplayer Proof replay took 6.2ns 
15285      INFO  main            d.u.i.k.p.r.p.TestFile    ... finished proof: closed. 
15413      INFO  main            d.u.i.k.p.i.AbstractProblemLoader Loading environment from /home/runner/work/key/key/key.core/../key.ui/examples/heap/permissions/permissions_method1.key.proof 
15414      DEBUG main            d.u.i.k.p.i.AbstractProblemLoader Environment load took 324.19ns 
15415      INFO  main            d.u.i.k.p.i.AbstractProblemLoader Creating init config 
17979      DEBUG main            d.u.i.k.p.i.AbstractProblemLoader Init config took 2.56s 
18028      INFO  main            d.u.i.k.p.i.AbstractProblemLoader Replaying proof MyClass[MyClass::method1()].JML normal_behavior operation contract.0 
18086      DEBUG main            d.u.i.k.p.i.IntermediateProofReplayer Proof replay took 54.51ms 
18087      DEBUG main            d.u.i.k.p.r.p.TestFile    ... success: reloaded. 
18088      INFO  main            d.u.i.k.p.r.p.TestFile    Now processing file /home/runner/work/key/key/key.core/../key.ui/examples/heap/permissions/permissions_method3.key 
18088      INFO  main            d.u.i.k.p.i.AbstractProblemLoader Loading environment from /home/runner/work/key/key/key.core/../key.ui/examples/heap/permissions/permissions_method3.key 
18089      DEBUG main            d.u.i.k.p.i.AbstractProblemLoader Environment load took 170.1ns 
18090      INFO  main            d.u.i.k.p.i.AbstractProblemLoader Creating init config 
20577      DEBUG main            d.u.i.k.p.i.AbstractProblemLoader Init config took 2.49s 
20622      INFO  main            d.u.i.k.p.i.AbstractProblemLoader Replaying proof MyClass[MyClass::method3()].JML normal_behavior operation contract.0 
20625      DEBUG main            d.u.i.k.p.i.IntermediateProofReplayer Proof replay took 5.6ns 
21965      INFO  main            d.u.i.k.p.r.p.TestFile    ... finished proof: closed. 
22114      INFO  main            d.u.i.k.p.i.AbstractProblemLoader Loading environment from /home/runner/work/key/key/key.core/../key.ui/examples/heap/permissions/permissions_method3.key.proof 
22114      DEBUG main            d.u.i.k.p.i.AbstractProblemLoader Environment load took 360.39ns 
22116      INFO  main            d.u.i.k.p.i.AbstractProblemLoader Creating init config 
24604      DEBUG main            d.u.i.k.p.i.AbstractProblemLoader Init config took 2.49s 
24649      INFO  main            d.u.i.k.p.i.AbstractProblemLoader Replaying proof MyClass[MyClass::method3()].JML normal_behavior operation contract.0 
24897      DEBUG main            d.u.i.k.p.i.IntermediateProofReplayer Proof replay took 240.55ms 
24899      DEBUG main            d.u.i.k.p.r.p.TestFile    ... success: reloaded. 
24900      INFO  main            d.u.i.k.p.r.p.TestFile    Now processing file /home/runner/work/key/key/key.core/../key.ui/examples/heap/permissions/permissions_setAB.key 
24900      INFO  main            d.u.i.k.p.i.AbstractProblemLoader Loading environment from /home/runner/work/key/key/key.core/../key.ui/examples/heap/permissions/permissions_setAB.key 
24900      DEBUG main            d.u.i.k.p.i.AbstractProblemLoader Environment load took 158.5ns 
24901      INFO  main            d.u.i.k.p.i.AbstractProblemLoader Creating init config 
27438      DEBUG main            d.u.i.k.p.i.AbstractProblemLoader Init config took 2.54s 
27483      INFO  main            d.u.i.k.p.i.AbstractProblemLoader Replaying proof MyClass[MyClass::setAB()].JML normal_behavior operation contract.0 
27485      DEBUG main            d.u.i.k.p.i.IntermediateProofReplayer Proof replay took 6.8ns 
28816      INFO  main            d.u.i.k.p.r.p.TestFile    ... finished proof: closed. 
28981      INFO  main            d.u.i.k.p.i.AbstractProblemLoader Loading environment from /home/runner/work/key/key/key.core/../key.ui/examples/heap/permissions/permissions_setAB.key.proof 
28982      DEBUG main            d.u.i.k.p.i.AbstractProblemLoader Environment load took 313ns 
28983      INFO  main            d.u.i.k.p.i.AbstractProblemLoader Creating init config 
31408      DEBUG main            d.u.i.k.p.i.AbstractProblemLoader Init config took 2.43s 
31451      INFO  main            d.u.i.k.p.i.AbstractProblemLoader Replaying proof MyClass[MyClass::setAB()].JML normal_behavior operation contract.0 
31642      DEBUG main            d.u.i.k.p.i.IntermediateProofReplayer Proof replay took 184.92ms 
31643      DEBUG main            d.u.i.k.p.r.p.TestFile    ... success: reloaded. 
31644      INFO  main            d.u.i.k.p.r.p.TestFile    Now processing file /home/runner/work/key/key/key.core/../key.ui/examples/heap/permissions/permissionProperties.key 
31645      INFO  main            d.u.i.k.p.i.AbstractProblemLoader Loading environment from /home/runner/work/key/key/key.core/../key.ui/examples/heap/permissions/permissionProperties.key 
31645      DEBUG main            d.u.i.k.p.i.AbstractProblemLoader Environment load took 159.6ns 
31646      INFO  main            d.u.i.k.p.i.AbstractProblemLoader Creating init config 
31841      DEBUG main            d.u.i.k.j.TypeConverter   No LDT found for Meta 
31842      DEBUG main            d.u.i.k.j.TypeConverter   No LDT found for Meta 
31842      DEBUG main            d.u.i.k.j.TypeConverter   No LDT found for Meta 
31842      DEBUG main            d.u.i.k.j.TypeConverter   No LDT found for Meta 
32484      DEBUG main            d.u.i.k.j.TypeConverter   No LDT found for JavaBigintExpression 
35078      DEBUG main            d.u.i.k.p.i.AbstractProblemLoader Init config took 3.43s 
35099      INFO  main            d.u.i.k.p.i.AbstractProblemLoader Replaying proof permissionProperties.key 
35101      DEBUG main            d.u.i.k.p.i.IntermediateProofReplayer Proof replay took 5.7ns 
35204      INFO  main            d.u.i.k.p.r.p.TestFile    ... finished proof: closed. 
35354      INFO  main            d.u.i.k.p.i.AbstractProblemLoader Loading environment from /home/runner/work/key/key/key.core/../key.ui/examples/heap/permissions/permissionProperties.key.proof 
35354      DEBUG main            d.u.i.k.p.i.AbstractProblemLoader Environment load took 114.1ns 
35356      INFO  main            d.u.i.k.p.i.AbstractProblemLoader Creating init config 
37599      DEBUG main            d.u.i.k.p.i.AbstractProblemLoader Init config took 2.24s 
37619      INFO  main            d.u.i.k.p.i.AbstractProblemLoader Replaying proof permissionProperties.key.proof 
37636      DEBUG main            d.u.i.k.p.i.IntermediateProofReplayer Proof replay took 14.46ms 
37638      DEBUG main            d.u.i.k.p.r.p.TestFile    ... success: reloaded. 
37639      INFO  main            d.u.i.k.p.r.p.TestFile    Now processing file /home/runner/work/key/key/key.core/../key.ui/examples/heap/permissions/threads/AFilter_AFilter.key 
37639      INFO  main            d.u.i.k.p.i.AbstractProblemLoader Loading environment from /home/runner/work/key/key/key.core/../key.ui/examples/heap/permissions/threads/AFilter_AFilter.key 
37639      DEBUG main            d.u.i.k.p.i.AbstractProblemLoader Environment load took 175.7ns 
37640      INFO  main            d.u.i.k.p.i.AbstractProblemLoader Creating init config 
37766      DEBUG main            d.u.i.k.j.TypeConverter   No LDT found for Meta 
37766      DEBUG main            d.u.i.k.j.TypeConverter   No LDT found for Meta 
37767      DEBUG main            d.u.i.k.j.TypeConverter   No LDT found for Meta 
37767      DEBUG main            d.u.i.k.j.TypeConverter   No LDT found for Meta 
38394      DEBUG main            d.u.i.k.j.TypeConverter   No LDT found for JavaBigintExpression 
43190      DEBUG main            d.u.i.k.p.i.AbstractProblemLoader Init config took 5.55s 
43294      INFO  main            d.u.i.k.p.i.AbstractProblemLoader Replaying proof AFilter[AFilter::AFilter(Sampler,Buffer)].JML normal_behavior operation contract.0 
43296      DEBUG main            d.u.i.k.p.i.IntermediateProofReplayer Proof replay took 6.2ns 
44300      INFO  main            d.u.i.k.p.r.p.TestFile    ... finished proof: closed. 
44539      INFO  main            d.u.i.k.p.i.AbstractProblemLoader Loading environment from /home/runner/work/key/key/key.core/../key.ui/examples/heap/permissions/threads/AFilter_AFilter.key.proof 
44540      DEBUG main            d.u.i.k.p.i.AbstractProblemLoader Environment load took 114.8ns 
44541      INFO  main            d.u.i.k.p.i.AbstractProblemLoader Creating init config 
48811      DEBUG main            d.u.i.k.p.i.AbstractProblemLoader Init config took 4.27s 
48915      INFO  main            d.u.i.k.p.i.AbstractProblemLoader Replaying proof AFilter[AFilter::AFilter(Sampler,Buffer)].JML normal_behavior operation contract.0 
49070      DEBUG main            d.u.i.k.p.i.IntermediateProofReplayer Proof replay took 150.14ms 
49072      DEBUG main            d.u.i.k.p.r.p.TestFile    ... success: reloaded. 
49073      INFO  main            d.u.i.k.p.r.p.TestFile    Now processing file /home/runner/work/key/key/key.core/../key.ui/examples/heap/permissions/threads/AFilter_initPost_accessible.key 
49073      INFO  main            d.u.i.k.p.i.AbstractProblemLoader Loading environment from /home/runner/work/key/key/key.core/../key.ui/examples/heap/permissions/threads/AFilter_initPost_accessible.key 
49073      DEBUG main            d.u.i.k.p.i.AbstractProblemLoader Environment load took 162ns 
49074      INFO  main            d.u.i.k.p.i.AbstractProblemLoader Creating init config 
53413      DEBUG main            d.u.i.k.p.i.AbstractProblemLoader Init config took 4.34s 
53514      INFO  main            d.u.i.k.p.i.AbstractProblemLoader Replaying proof AFilter[ThreadSpec2::initPost()].JML accessible clause.0 
53516      DEBUG main            d.u.i.k.p.i.IntermediateProofReplayer Proof replay took 7.1ns 
53618      INFO  main            d.u.i.k.p.r.p.TestFile    ... finished proof: closed. 
53806      INFO  main            d.u.i.k.p.i.AbstractProblemLoader Loading environment from /home/runner/work/key/key/key.core/../key.ui/examples/heap/permissions/threads/AFilter_initPost_accessible.key.proof 
53807      DEBUG main            d.u.i.k.p.i.AbstractProblemLoader Environment load took 829.19ns 
53808      INFO  main            d.u.i.k.p.i.AbstractProblemLoader Creating init config 
58078      DEBUG main            d.u.i.k.p.i.AbstractProblemLoader Init config took 4.27s 
58178      INFO  main            d.u.i.k.p.i.AbstractProblemLoader Replaying proof AFilter[ThreadSpec2::initPost()].JML accessible clause.0 
58191      DEBUG main            d.u.i.k.p.i.IntermediateProofReplayer Proof replay took 11.41ms 
58192      DEBUG main            d.u.i.k.p.r.p.TestFile    ... success: reloaded. 
58194      INFO  main            d.u.i.k.p.r.p.TestFile    Now processing file /home/runner/work/key/key/key.core/../key.ui/examples/heap/permissions/threads/AFilter_inv_accessible1.key 
58194      INFO  main            d.u.i.k.p.i.AbstractProblemLoader Loading environment from /home/runner/work/key/key/key.core/../key.ui/examples/heap/permissions/threads/AFilter_inv_accessible1.key 
58194      DEBUG main            d.u.i.k.p.i.AbstractProblemLoader Environment load took 137.6ns 
58195      INFO  main            d.u.i.k.p.i.AbstractProblemLoader Creating init config 
62451      DEBUG main            d.u.i.k.p.i.AbstractProblemLoader Init config took 4.26s 
62550      INFO  main            d.u.i.k.p.i.AbstractProblemLoader Replaying proof AFilter[java.lang.Object::<inv>()].JML accessible clause.0 
62551      DEBUG main            d.u.i.k.p.i.IntermediateProofReplayer Proof replay took 7ns 
62653      INFO  main            d.u.i.k.p.r.p.TestFile    ... finished proof: closed. 
62844      INFO  main            d.u.i.k.p.i.AbstractProblemLoader Loading environment from /home/runner/work/key/key/key.core/../key.ui/examples/heap/permissions/threads/AFilter_inv_accessible1.key.proof 
62844      DEBUG main            d.u.i.k.p.i.AbstractProblemLoader Environment load took 105.3ns 
62845      INFO  main            d.u.i.k.p.i.AbstractProblemLoader Creating init config 
67087      DEBUG main            d.u.i.k.p.i.AbstractProblemLoader Init config took 4.24s 
67174      INFO  main            d.u.i.k.p.i.AbstractProblemLoader Replaying proof AFilter[java.lang.Object::<inv>()].JML accessible clause.0 
67178      DEBUG main            d.u.i.k.p.i.IntermediateProofReplayer Proof replay took 2.04ms 
67179      DEBUG main            d.u.i.k.p.r.p.TestFile    ... success: reloaded. 
67180      INFO  main            d.u.i.k.p.r.p.TestFile    Now processing file /home/runner/work/key/key/key.core/../key.ui/examples/heap/permissions/threads/AFilter_inv_accessible2.key 
67180      INFO  main            d.u.i.k.p.i.AbstractProblemLoader Loading environment from /home/runner/work/key/key/key.core/../key.ui/examples/heap/permissions/threads/AFilter_inv_accessible2.key 
67180      DEBUG main            d.u.i.k.p.i.AbstractProblemLoader Environment load took 78.1ns 
67181      INFO  main            d.u.i.k.p.i.AbstractProblemLoader Creating init config 
71470      DEBUG main            d.u.i.k.p.i.AbstractProblemLoader Init config took 4.29s 
71557      INFO  main            d.u.i.k.p.i.AbstractProblemLoader Replaying proof AFilter[java.lang.Object::<inv>()].JML accessible clause.1 
71558      DEBUG main            d.u.i.k.p.i.IntermediateProofReplayer Proof replay took 6ns 
71663      INFO  main            d.u.i.k.p.r.p.TestFile    ... finished proof: closed. 
71897      INFO  main            d.u.i.k.p.i.AbstractProblemLoader Loading environment from /home/runner/work/key/key/key.core/../key.ui/examples/heap/permissions/threads/AFilter_inv_accessible2.key.proof 
71897      DEBUG main            d.u.i.k.p.i.AbstractProblemLoader Environment load took 111.9ns 
71898      INFO  main            d.u.i.k.p.i.AbstractProblemLoader Creating init config 
76133      DEBUG main            d.u.i.k.p.i.AbstractProblemLoader Init config took 4.23s 
76222      INFO  main            d.u.i.k.p.i.AbstractProblemLoader Replaying proof AFilter[java.lang.Object::<inv>()].JML accessible clause.1 
76226      DEBUG main            d.u.i.k.p.i.IntermediateProofReplayer Proof replay took 2.19ms 
76226      DEBUG main            d.u.i.k.p.r.p.TestFile    ... success: reloaded. 
76228      INFO  main            d.u.i.k.p.r.p.TestFile    Now processing file /home/runner/work/key/key/key.core/../key.ui/examples/heap/permissions/threads/AFilter_joinTransfer_accessible.key 
76229      INFO  main            d.u.i.k.p.i.AbstractProblemLoader Loading environment from /home/runner/work/key/key/key.core/../key.ui/examples/heap/permissions/threads/AFilter_joinTransfer_accessible.key 
76231      DEBUG main            d.u.i.k.p.i.AbstractProblemLoader Environment load took 1.89ms 
76231      INFO  main            d.u.i.k.p.i.AbstractProblemLoader Creating init config 
80502      DEBUG main            d.u.i.k.p.i.AbstractProblemLoader Init config took 4.27s 
80601      INFO  main            d.u.i.k.p.i.AbstractProblemLoader Replaying proof AFilter[ThreadSpec2::joinTransfer()].JML accessible clause.0 
80605      DEBUG main            d.u.i.k.p.i.IntermediateProofReplayer Proof replay took 7.7ns 
81822      INFO  main            d.u.i.k.p.r.p.TestFile    ... finished proof: closed. 
82046      INFO  main            d.u.i.k.p.i.AbstractProblemLoader Loading environment from /home/runner/work/key/key/key.core/../key.ui/examples/heap/permissions/threads/AFilter_joinTransfer_accessible.key.proof 
82046      DEBUG main            d.u.i.k.p.i.AbstractProblemLoader Environment load took 110.5ns 
82047      INFO  main            d.u.i.k.p.i.AbstractProblemLoader Creating init config 
86252      DEBUG main            d.u.i.k.p.i.AbstractProblemLoader Init config took 4.21s 
86354      INFO  main            d.u.i.k.p.i.AbstractProblemLoader Replaying proof AFilter[ThreadSpec2::joinTransfer()].JML accessible clause.0 
86494      DEBUG main            d.u.i.k.p.i.IntermediateProofReplayer Proof replay took 133.73ms 
86495      DEBUG main            d.u.i.k.p.r.p.TestFile    ... success: reloaded. 
86496      INFO  main            d.u.i.k.p.r.p.TestFile    Now processing file /home/runner/work/key/key/key.core/../key.ui/examples/heap/permissions/threads/AFilter_joinTransfer_contract.key 
86497      INFO  main            d.u.i.k.p.i.AbstractProblemLoader Loading environment from /home/runner/work/key/key/key.core/../key.ui/examples/heap/permissions/threads/AFilter_joinTransfer_contract.key 
86497      DEBUG main            d.u.i.k.p.i.AbstractProblemLoader Environment load took 154.8ns 
86498      INFO  main            d.u.i.k.p.i.AbstractProblemLoader Creating init config 
90740      DEBUG main            d.u.i.k.p.i.AbstractProblemLoader Init config took 4.24s 
90845      INFO  main            d.u.i.k.p.i.AbstractProblemLoader Replaying proof AFilter[ThreadSpec2::joinTransfer()].JML model_behavior operation contract.0 
90847      DEBUG main            d.u.i.k.p.i.IntermediateProofReplayer Proof replay took 6ns 
90949      INFO  main            d.u.i.k.p.r.p.TestFile    ... finished proof: closed. 
91157      INFO  main            d.u.i.k.p.i.AbstractProblemLoader Loading environment from /home/runner/work/key/key/key.core/../key.ui/examples/heap/permissions/threads/AFilter_joinTransfer_contract.key.proof 
91157      DEBUG main            d.u.i.k.p.i.AbstractProblemLoader Environment load took 112ns 
91158      INFO  main            d.u.i.k.p.i.AbstractProblemLoader Creating init config 
95379      DEBUG main            d.u.i.k.p.i.AbstractProblemLoader Init config took 4.22s 
95476      INFO  main            d.u.i.k.p.i.AbstractProblemLoader Replaying proof AFilter[ThreadSpec2::joinTransfer()].JML model_behavior operation contract.0 
95485      DEBUG main            d.u.i.k.p.i.IntermediateProofReplayer Proof replay took 7.25ms 
95486      DEBUG main            d.u.i.k.p.r.p.TestFile    ... success: reloaded. 
95487      INFO  main            d.u.i.k.p.r.p.TestFile    Now processing file /home/runner/work/key/key/key.core/../key.ui/examples/heap/permissions/threads/AFilter_postJoin_accessible.key 
95487      INFO  main            d.u.i.k.p.i.AbstractProblemLoader Loading environment from /home/runner/work/key/key/key.core/../key.ui/examples/heap/permissions/threads/AFilter_postJoin_accessible.key 
95487      DEBUG main            d.u.i.k.p.i.AbstractProblemLoader Environment load took 78.2ns 
95488      INFO  main            d.u.i.k.p.i.AbstractProblemLoader Creating init config 
99740      DEBUG main            d.u.i.k.p.i.AbstractProblemLoader Init config took 4.25s 
99823      INFO  main            d.u.i.k.p.i.AbstractProblemLoader Replaying proof AFilter[ThreadSpec2::postJoin(java.lang.Object)].JML accessible clause.0 
99825      DEBUG main            d.u.i.k.p.i.IntermediateProofReplayer Proof replay took 6.1ns 
99927      INFO  main            d.u.i.k.p.r.p.TestFile    ... finished proof: closed. 
100148     INFO  main            d.u.i.k.p.i.AbstractProblemLoader Loading environment from /home/runner/work/key/key/key.core/../key.ui/examples/heap/permissions/threads/AFilter_postJoin_accessible.key.proof 
100148     DEBUG main            d.u.i.k.p.i.AbstractProblemLoader Environment load took 104.6ns 
100149     INFO  main            d.u.i.k.p.i.AbstractProblemLoader Creating init config 
104314     DEBUG main            d.u.i.k.p.i.AbstractProblemLoader Init config took 4.17s 
104398     INFO  main            d.u.i.k.p.i.AbstractProblemLoader Replaying proof AFilter[ThreadSpec2::postJoin(java.lang.Object)].JML accessible clause.0 
104407     DEBUG main            d.u.i.k.p.i.IntermediateProofReplayer Proof replay took 6.72ms 
104407     DEBUG main            d.u.i.k.p.r.p.TestFile    ... success: reloaded. 
104408     INFO  main            d.u.i.k.p.r.p.TestFile    Now processing file /home/runner/work/key/key/key.core/../key.ui/examples/heap/permissions/threads/AFilter_preStart_accessible.key 
104409     INFO  main            d.u.i.k.p.i.AbstractProblemLoader Loading environment from /home/runner/work/key/key/key.core/../key.ui/examples/heap/permissions/threads/AFilter_preStart_accessible.key 
104409     DEBUG main            d.u.i.k.p.i.AbstractProblemLoader Environment load took 54.8ns 
104409     INFO  main            d.u.i.k.p.i.AbstractProblemLoader Creating init config 
108659     DEBUG main            d.u.i.k.p.i.AbstractProblemLoader Init config took 4.25s 
108741     INFO  main            d.u.i.k.p.i.AbstractProblemLoader Replaying proof AFilter[ThreadSpec2::preStart(java.lang.Object)].JML accessible clause.0 
108743     DEBUG main            d.u.i.k.p.i.IntermediateProofReplayer Proof replay took 18.2ns 
109045     INFO  main            d.u.i.k.p.r.p.TestFile    ... finished proof: closed. 
109269     INFO  main            d.u.i.k.p.i.AbstractProblemLoader Loading environment from /home/runner/work/key/key/key.core/../key.ui/examples/heap/permissions/threads/AFilter_preStart_accessible.key.proof 
109269     DEBUG main            d.u.i.k.p.i.AbstractProblemLoader Environment load took 109.7ns 
109270     INFO  main            d.u.i.k.p.i.AbstractProblemLoader Creating init config 
113462     DEBUG main            d.u.i.k.p.i.AbstractProblemLoader Init config took 4.19s 
113557     INFO  main            d.u.i.k.p.i.AbstractProblemLoader Replaying proof AFilter[ThreadSpec2::preStart(java.lang.Object)].JML accessible clause.0 
113589     DEBUG main            d.u.i.k.p.i.IntermediateProofReplayer Proof replay took 28.82ms 
113590     DEBUG main            d.u.i.k.p.r.p.TestFile    ... success: reloaded. 
113591     INFO  main            d.u.i.k.p.r.p.TestFile    Now processing file /home/runner/work/key/key/key.core/../key.ui/examples/heap/permissions/threads/AFilter_startTransfer_accessible.key 
113592     INFO  main            d.u.i.k.p.i.AbstractProblemLoader Loading environment from /home/runner/work/key/key/key.core/../key.ui/examples/heap/permissions/threads/AFilter_startTransfer_accessible.key 
113592     DEBUG main            d.u.i.k.p.i.AbstractProblemLoader Environment load took 150.3ns 
113593     INFO  main            d.u.i.k.p.i.AbstractProblemLoader Creating init config 
117856     DEBUG main            d.u.i.k.p.i.AbstractProblemLoader Init config took 4.26s 
117939     INFO  main            d.u.i.k.p.i.AbstractProblemLoader Replaying proof AFilter[ThreadSpec2::startTransfer()].JML accessible clause.0 
117940     DEBUG main            d.u.i.k.p.i.IntermediateProofReplayer Proof replay took 6.4ns 
127489     INFO  main            d.u.i.k.p.r.p.TestFile    ... finished proof: closed. 
127750     INFO  main            d.u.i.k.p.i.AbstractProblemLoader Loading environment from /home/runner/work/key/key/key.core/../key.ui/examples/heap/permissions/threads/AFilter_startTransfer_accessible.key.proof 
127751     DEBUG main            d.u.i.k.p.i.AbstractProblemLoader Environment load took 310ns 
127752     INFO  main            d.u.i.k.p.i.AbstractProblemLoader Creating init config 
131907     DEBUG main            d.u.i.k.p.i.AbstractProblemLoader Init config took 4.15s 
131989     INFO  main            d.u.i.k.p.i.AbstractProblemLoader Replaying proof AFilter[ThreadSpec2::startTransfer()].JML accessible clause.0 
132727     DEBUG main            d.u.i.k.p.i.IntermediateProofReplayer Proof replay took 712.18ms 
132729     DEBUG main            d.u.i.k.p.r.p.TestFile    ... success: reloaded. 
132730     INFO  main            d.u.i.k.p.r.p.TestFile    Now processing file /home/runner/work/key/key/key.core/../key.ui/examples/heap/permissions/threads/AFilter_startTransfer_contract.key 
132730     INFO  main            d.u.i.k.p.i.AbstractProblemLoader Loading environment from /home/runner/work/key/key/key.core/../key.ui/examples/heap/permissions/threads/AFilter_startTransfer_contract.key 
132730     DEBUG main            d.u.i.k.p.i.AbstractProblemLoader Environment load took 151.3ns 
132731     INFO  main            d.u.i.k.p.i.AbstractProblemLoader Creating init config 
136959     DEBUG main            d.u.i.k.p.i.AbstractProblemLoader Init config took 4.23s 
137044     INFO  main            d.u.i.k.p.i.AbstractProblemLoader Replaying proof AFilter[ThreadSpec2::startTransfer()].JML model_behavior operation contract.0 
137046     DEBUG main            d.u.i.k.p.i.IntermediateProofReplayer Proof replay took 6.2ns 
137449     INFO  main            d.u.i.k.p.r.p.TestFile    ... finished proof: closed. 
137697     INFO  main            d.u.i.k.p.i.AbstractProblemLoader Loading environment from /home/runner/work/key/key/key.core/../key.ui/examples/heap/permissions/threads/AFilter_startTransfer_contract.key.proof 
137697     DEBUG main            d.u.i.k.p.i.AbstractProblemLoader Environment load took 116.5ns 
137698     INFO  main            d.u.i.k.p.i.AbstractProblemLoader Creating init config 
141862     DEBUG main            d.u.i.k.p.i.AbstractProblemLoader Init config took 4.16s 
141963     INFO  main            d.u.i.k.p.i.AbstractProblemLoader Replaying proof AFilter[ThreadSpec2::startTransfer()].JML model_behavior operation contract.0 
142008     DEBUG main            d.u.i.k.p.i.IntermediateProofReplayer Proof replay took 40.72ms 
142009     DEBUG main            d.u.i.k.p.r.p.TestFile    ... success: reloaded. 
142010     INFO  main            d.u.i.k.p.r.p.TestFile    Now processing file /home/runner/work/key/key/key.core/../key.ui/examples/heap/permissions/threads/AFilter_stateInv_accessible.key 
142011     INFO  main            d.u.i.k.p.i.AbstractProblemLoader Loading environment from /home/runner/work/key/key/key.core/../key.ui/examples/heap/permissions/threads/AFilter_stateInv_accessible.key 
142011     DEBUG main            d.u.i.k.p.i.AbstractProblemLoader Environment load took 77.3ns 
142012     INFO  main            d.u.i.k.p.i.AbstractProblemLoader Creating init config 
146250     DEBUG main            d.u.i.k.p.i.AbstractProblemLoader Init config took 4.24s 
146346     INFO  main            d.u.i.k.p.i.AbstractProblemLoader Replaying proof AFilter[ThreadSpec2::stateInv()].JML accessible clause.0 
146347     DEBUG main            d.u.i.k.p.i.IntermediateProofReplayer Proof replay took 6.5ns 
146649     INFO  main            d.u.i.k.p.r.p.TestFile    ... finished proof: closed. 
146900     INFO  main            d.u.i.k.p.i.AbstractProblemLoader Loading environment from /home/runner/work/key/key/key.core/../key.ui/examples/heap/permissions/threads/AFilter_stateInv_accessible.key.proof 
146900     DEBUG main            d.u.i.k.p.i.AbstractProblemLoader Environment load took 108.4ns 
146901     INFO  main            d.u.i.k.p.i.AbstractProblemLoader Creating init config 
151081     DEBUG main            d.u.i.k.p.i.AbstractProblemLoader Init config took 4.18s 
151167     INFO  main            d.u.i.k.p.i.AbstractProblemLoader Replaying proof AFilter[ThreadSpec2::stateInv()].JML accessible clause.0 
151207     DEBUG main            d.u.i.k.p.i.IntermediateProofReplayer Proof replay took 33.19ms 
151209     DEBUG main            d.u.i.k.p.r.p.TestFile    ... success: reloaded. 
151211     INFO  main            d.u.i.k.p.r.p.TestFile    Now processing file /home/runner/work/key/key/key.core/../key.ui/examples/heap/permissions/threads/AFilter_staticPermissions_accessible.key 
151211     INFO  main            d.u.i.k.p.i.AbstractProblemLoader Loading environment from /home/runner/work/key/key/key.core/../key.ui/examples/heap/permissions/threads/AFilter_staticPermissions_accessible.key 
151211     DEBUG main            d.u.i.k.p.i.AbstractProblemLoader Environment load took 76.9ns 
151212     INFO  main            d.u.i.k.p.i.AbstractProblemLoader Creating init config 
155415     DEBUG main            d.u.i.k.p.i.AbstractProblemLoader Init config took 4.2s 
155497     INFO  main            d.u.i.k.p.i.AbstractProblemLoader Replaying proof AFilter[ThreadSpec2::staticPermissions()].JML accessible clause.0 
155499     DEBUG main            d.u.i.k.p.i.IntermediateProofReplayer Proof replay took 6.4ns 
155600     INFO  main            d.u.i.k.p.r.p.TestFile    ... finished proof: closed. 
155850     INFO  main            d.u.i.k.p.i.AbstractProblemLoader Loading environment from /home/runner/work/key/key/key.core/../key.ui/examples/heap/permissions/threads/AFilter_staticPermissions_accessible.key.proof 
155851     DEBUG main            d.u.i.k.p.i.AbstractProblemLoader Environment load took 125.6ns 
155851     INFO  main            d.u.i.k.p.i.AbstractProblemLoader Creating init config 
159992     DEBUG main            d.u.i.k.p.i.AbstractProblemLoader Init config took 4.14s 
160074     INFO  main            d.u.i.k.p.i.AbstractProblemLoader Replaying proof AFilter[ThreadSpec2::staticPermissions()].JML accessible clause.0 
160084     DEBUG main            d.u.i.k.p.i.IntermediateProofReplayer Proof replay took 8.29ms 
160085     DEBUG main            d.u.i.k.p.r.p.TestFile    ... success: reloaded. 
160086     INFO  main            d.u.i.k.p.r.p.TestFile    Now processing file /home/runner/work/key/key/key.core/../key.ui/examples/heap/permissions/threads/AFilter_workingPermissions_accessible.key 
160086     INFO  main            d.u.i.k.p.i.AbstractProblemLoader Loading environment from /home/runner/work/key/key/key.core/../key.ui/examples/heap/permissions/threads/AFilter_workingPermissions_accessible.key 
160086     DEBUG main            d.u.i.k.p.i.AbstractProblemLoader Environment load took 145.6ns 
160087     INFO  main            d.u.i.k.p.i.AbstractProblemLoader Creating init config 
164300     DEBUG main            d.u.i.k.p.i.AbstractProblemLoader Init config took 4.21s 
164382     INFO  main            d.u.i.k.p.i.AbstractProblemLoader Replaying proof AFilter[ThreadSpec2::workingPermissions()].JML accessible clause.0 
164384     DEBUG main            d.u.i.k.p.i.IntermediateProofReplayer Proof replay took 7.4ns 
164485     INFO  main            d.u.i.k.p.r.p.TestFile    ... finished proof: closed. 
164737     INFO  main            d.u.i.k.p.i.AbstractProblemLoader Loading environment from /home/runner/work/key/key/key.core/../key.ui/examples/heap/permissions/threads/AFilter_workingPermissions_accessible.key.proof 
164737     DEBUG main            d.u.i.k.p.i.AbstractProblemLoader Environment load took 96.5ns 
164738     INFO  main            d.u.i.k.p.i.AbstractProblemLoader Creating init config 
168896     DEBUG main            d.u.i.k.p.i.AbstractProblemLoader Init config took 4.16s 
168978     INFO  main            d.u.i.k.p.i.AbstractProblemLoader Replaying proof AFilter[ThreadSpec2::workingPermissions()].JML accessible clause.0 
168986     DEBUG main            d.u.i.k.p.i.IntermediateProofReplayer Proof replay took 7.02ms 
168987     DEBUG main            d.u.i.k.p.r.p.TestFile    ... success: reloaded. 
168988     INFO  main            d.u.i.k.p.r.p.TestFile    Now processing file /home/runner/work/key/key/key.core/../key.ui/examples/heap/permissions/threads/BFilter_BFilter.key 
168988     INFO  main            d.u.i.k.p.i.AbstractProblemLoader Loading environment from /home/runner/work/key/key/key.core/../key.ui/examples/heap/permissions/threads/BFilter_BFilter.key 
168988     DEBUG main            d.u.i.k.p.i.AbstractProblemLoader Environment load took 50.4ns 
168989     INFO  main            d.u.i.k.p.i.AbstractProblemLoader Creating init config 
173220     DEBUG main            d.u.i.k.p.i.AbstractProblemLoader Init config took 4.23s 
173303     INFO  main            d.u.i.k.p.i.AbstractProblemLoader Replaying proof BFilter[BFilter::BFilter(Sampler,Buffer)].JML normal_behavior operation contract.0 
173304     DEBUG main            d.u.i.k.p.i.IntermediateProofReplayer Proof replay took 7ns 
174210     INFO  main            d.u.i.k.p.r.p.TestFile    ... finished proof: closed. 
174497     INFO  main            d.u.i.k.p.i.AbstractProblemLoader Loading environment from /home/runner/work/key/key/key.core/../key.ui/examples/heap/permissions/threads/BFilter_BFilter.key.proof 
174500     DEBUG main            d.u.i.k.p.i.AbstractProblemLoader Environment load took 3.27ms 
174501     INFO  main            d.u.i.k.p.i.AbstractProblemLoader Creating init config 
178668     DEBUG main            d.u.i.k.p.i.AbstractProblemLoader Init config took 4.17s 
178763     INFO  main            d.u.i.k.p.i.AbstractProblemLoader Replaying proof BFilter[BFilter::BFilter(Sampler,Buffer)].JML normal_behavior operation contract.0 
178903     DEBUG main            d.u.i.k.p.i.IntermediateProofReplayer Proof replay took 135.98ms 
178904     DEBUG main            d.u.i.k.p.r.p.TestFile    ... success: reloaded. 
178905     INFO  main            d.u.i.k.p.r.p.TestFile    Now processing file /home/runner/work/key/key/key.core/../key.ui/examples/heap/permissions/threads/BFilter_initPost_accessible.key 
178905     INFO  main            d.u.i.k.p.i.AbstractProblemLoader Loading environment from /home/runner/work/key/key/key.core/../key.ui/examples/heap/permissions/threads/BFilter_initPost_accessible.key 
178905     DEBUG main            d.u.i.k.p.i.AbstractProblemLoader Environment load took 100ns 
178906     INFO  main            d.u.i.k.p.i.AbstractProblemLoader Creating init config 
183133     DEBUG main            d.u.i.k.p.i.AbstractProblemLoader Init config took 4.23s 
183216     INFO  main            d.u.i.k.p.i.AbstractProblemLoader Replaying proof BFilter[ThreadSpec2::initPost()].JML accessible clause.0 
183217     DEBUG main            d.u.i.k.p.i.IntermediateProofReplayer Proof replay took 5.8ns 
183319     INFO  main            d.u.i.k.p.r.p.TestFile    ... finished proof: closed. 
183582     INFO  main            d.u.i.k.p.i.AbstractProblemLoader Loading environment from /home/runner/work/key/key/key.core/../key.ui/examples/heap/permissions/threads/BFilter_initPost_accessible.key.proof 
183582     DEBUG main            d.u.i.k.p.i.AbstractProblemLoader Environment load took 100.9ns 
183583     INFO  main            d.u.i.k.p.i.AbstractProblemLoader Creating init config 
187723     DEBUG main            d.u.i.k.p.i.AbstractProblemLoader Init config took 4.14s 
187816     INFO  main            d.u.i.k.p.i.AbstractProblemLoader Replaying proof BFilter[ThreadSpec2::initPost()].JML accessible clause.0 
187827     DEBUG main            d.u.i.k.p.i.IntermediateProofReplayer Proof replay took 9.31ms 
187828     DEBUG main            d.u.i.k.p.r.p.TestFile    ... success: reloaded. 
187829     INFO  main            d.u.i.k.p.r.p.TestFile    Now processing file /home/runner/work/key/key/key.core/../key.ui/examples/heap/permissions/threads/BFilter_inv_accessible1.key 
187829     INFO  main            d.u.i.k.p.i.AbstractProblemLoader Loading environment from /home/runner/work/key/key/key.core/../key.ui/examples/heap/permissions/threads/BFilter_inv_accessible1.key 
187829     DEBUG main            d.u.i.k.p.i.AbstractProblemLoader Environment load took 73.5ns 
187830     INFO  main            d.u.i.k.p.i.AbstractProblemLoader Creating init config 
192049     DEBUG main            d.u.i.k.p.i.AbstractProblemLoader Init config took 4.22s 
192133     INFO  main            d.u.i.k.p.i.AbstractProblemLoader Replaying proof BFilter[java.lang.Object::<inv>()].JML accessible clause.0 
192134     DEBUG main            d.u.i.k.p.i.IntermediateProofReplayer Proof replay took 6.2ns 
192235     INFO  main            d.u.i.k.p.r.p.TestFile    ... finished proof: closed. 
192502     INFO  main            d.u.i.k.p.i.AbstractProblemLoader Loading environment from /home/runner/work/key/key/key.core/../key.ui/examples/heap/permissions/threads/BFilter_inv_accessible1.key.proof 
192502     DEBUG main            d.u.i.k.p.i.AbstractProblemLoader Environment load took 136.9ns 
192503     INFO  main            d.u.i.k.p.i.AbstractProblemLoader Creating init config 
196641     DEBUG main            d.u.i.k.p.i.AbstractProblemLoader Init config took 4.14s 
196733     INFO  main            d.u.i.k.p.i.AbstractProblemLoader Replaying proof BFilter[java.lang.Object::<inv>()].JML accessible clause.0 
196736     DEBUG main            d.u.i.k.p.i.IntermediateProofReplayer Proof replay took 1.91ms 
196737     DEBUG main            d.u.i.k.p.r.p.TestFile    ... success: reloaded. 
196738     INFO  main            d.u.i.k.p.r.p.TestFile    Now processing file /home/runner/work/key/key/key.core/../key.ui/examples/heap/permissions/threads/BFilter_inv_accessible2.key 
196738     INFO  main            d.u.i.k.p.i.AbstractProblemLoader Loading environment from /home/runner/work/key/key/key.core/../key.ui/examples/heap/permissions/threads/BFilter_inv_accessible2.key 
196738     DEBUG main            d.u.i.k.p.i.AbstractProblemLoader Environment load took 112.1ns 
196739     INFO  main            d.u.i.k.p.i.AbstractProblemLoader Creating init config 
200961     DEBUG main            d.u.i.k.p.i.AbstractProblemLoader Init config took 4.22s 
201066     INFO  main            d.u.i.k.p.i.AbstractProblemLoader Replaying proof BFilter[java.lang.Object::<inv>()].JML accessible clause.1 
201068     DEBUG main            d.u.i.k.p.i.IntermediateProofReplayer Proof replay took 5.9ns 
201173     INFO  main            d.u.i.k.p.r.p.TestFile    ... finished proof: closed. 
201457     INFO  main            d.u.i.k.p.i.AbstractProblemLoader Loading environment from /home/runner/work/key/key/key.core/../key.ui/examples/heap/permissions/threads/BFilter_inv_accessible2.key.proof 
201457     DEBUG main            d.u.i.k.p.i.AbstractProblemLoader Environment load took 94.3ns 
201458     INFO  main            d.u.i.k.p.i.AbstractProblemLoader Creating init config 
205602     DEBUG main            d.u.i.k.p.i.AbstractProblemLoader Init config took 4.14s 
205683     INFO  main            d.u.i.k.p.i.AbstractProblemLoader Replaying proof BFilter[java.lang.Object::<inv>()].JML accessible clause.1 
205687     DEBUG main            d.u.i.k.p.i.IntermediateProofReplayer Proof replay took 1.58ms 
205687     DEBUG main            d.u.i.k.p.r.p.TestFile    ... success: reloaded. 
205688     INFO  main            d.u.i.k.p.r.p.TestFile    Now processing file /home/runner/work/key/key/key.core/../key.ui/examples/heap/permissions/threads/BFilter_joinTransfer_accessible.key 
205688     INFO  main            d.u.i.k.p.i.AbstractProblemLoader Loading environment from /home/runner/work/key/key/key.core/../key.ui/examples/heap/permissions/threads/BFilter_joinTransfer_accessible.key 
205688     DEBUG main            d.u.i.k.p.i.AbstractProblemLoader Environment load took 41.4ns 
205689     INFO  main            d.u.i.k.p.i.AbstractProblemLoader Creating init config 
209902     DEBUG main            d.u.i.k.p.i.AbstractProblemLoader Init config took 4.21s 
209984     INFO  main            d.u.i.k.p.i.AbstractProblemLoader Replaying proof BFilter[ThreadSpec2::joinTransfer()].JML accessible clause.0 
209986     DEBUG main            d.u.i.k.p.i.IntermediateProofReplayer Proof replay took 5.7ns 
210988     INFO  main            d.u.i.k.p.r.p.TestFile    ... finished proof: closed. 
211278     INFO  main            d.u.i.k.p.i.AbstractProblemLoader Loading environment from /home/runner/work/key/key/key.core/../key.ui/examples/heap/permissions/threads/BFilter_joinTransfer_accessible.key.proof 
211278     DEBUG main            d.u.i.k.p.i.AbstractProblemLoader Environment load took 91.8ns 
211279     INFO  main            d.u.i.k.p.i.AbstractProblemLoader Creating init config 
215427     DEBUG main            d.u.i.k.p.i.AbstractProblemLoader Init config took 4.15s 
215511     INFO  main            d.u.i.k.p.i.AbstractProblemLoader Replaying proof BFilter[ThreadSpec2::joinTransfer()].JML accessible clause.0 
215641     DEBUG main            d.u.i.k.p.i.IntermediateProofReplayer Proof replay took 124.76ms 
215643     DEBUG main            d.u.i.k.p.r.p.TestFile    ... success: reloaded. 
215644     INFO  main            d.u.i.k.p.r.p.TestFile    Now processing file /home/runner/work/key/key/key.core/../key.ui/examples/heap/permissions/threads/BFilter_joinTransfer_contract.key 
215644     INFO  main            d.u.i.k.p.i.AbstractProblemLoader Loading environment from /home/runner/work/key/key/key.core/../key.ui/examples/heap/permissions/threads/BFilter_joinTransfer_contract.key 
215645     DEBUG main            d.u.i.k.p.i.AbstractProblemLoader Environment load took 167.7ns 
215645     INFO  main            d.u.i.k.p.i.AbstractProblemLoader Creating init config 
219901     DEBUG main            d.u.i.k.p.i.AbstractProblemLoader Init config took 4.26s 
219987     INFO  main            d.u.i.k.p.i.AbstractProblemLoader Replaying proof BFilter[ThreadSpec2::joinTransfer()].JML model_behavior operation contract.0 
219988     DEBUG main            d.u.i.k.p.i.IntermediateProofReplayer Proof replay took 5.4ns 
220090     INFO  main            d.u.i.k.p.r.p.TestFile    ... finished proof: closed. 
220396     INFO  main            d.u.i.k.p.i.AbstractProblemLoader Loading environment from /home/runner/work/key/key/key.core/../key.ui/examples/heap/permissions/threads/BFilter_joinTransfer_contract.key.proof 
220396     DEBUG main            d.u.i.k.p.i.AbstractProblemLoader Environment load took 88.4ns 
220397     INFO  main            d.u.i.k.p.i.AbstractProblemLoader Creating init config 
224593     DEBUG main            d.u.i.k.p.i.AbstractProblemLoader Init config took 4.2s 
224696     INFO  main            d.u.i.k.p.i.AbstractProblemLoader Replaying proof BFilter[ThreadSpec2::joinTransfer()].JML model_behavior operation contract.0 
224705     DEBUG main            d.u.i.k.p.i.IntermediateProofReplayer Proof replay took 6.54ms 
224706     DEBUG main            d.u.i.k.p.r.p.TestFile    ... success: reloaded. 
224707     INFO  main            d.u.i.k.p.r.p.TestFile    Now processing file /home/runner/work/key/key/key.core/../key.ui/examples/heap/permissions/threads/BFilter_postJoin_accessible.key 
224707     INFO  main            d.u.i.k.p.i.AbstractProblemLoader Loading environment from /home/runner/work/key/key/key.core/../key.ui/examples/heap/permissions/threads/BFilter_postJoin_accessible.key 
224708     DEBUG main            d.u.i.k.p.i.AbstractProblemLoader Environment load took 154.1ns 
224709     INFO  main            d.u.i.k.p.i.AbstractProblemLoader Creating init config 
228940     DEBUG main            d.u.i.k.p.i.AbstractProblemLoader Init config took 4.23s 
229023     INFO  main            d.u.i.k.p.i.AbstractProblemLoader Replaying proof BFilter[ThreadSpec2::postJoin(java.lang.Object)].JML accessible clause.0 
229025     DEBUG main            d.u.i.k.p.i.IntermediateProofReplayer Proof replay took 6.1ns 
229128     INFO  main            d.u.i.k.p.r.p.TestFile    ... finished proof: closed. 
229446     INFO  main            d.u.i.k.p.i.AbstractProblemLoader Loading environment from /home/runner/work/key/key/key.core/../key.ui/examples/heap/permissions/threads/BFilter_postJoin_accessible.key.proof 
229446     DEBUG main            d.u.i.k.p.i.AbstractProblemLoader Environment load took 86ns 
229447     INFO  main            d.u.i.k.p.i.AbstractProblemLoader Creating init config 
233579     DEBUG main            d.u.i.k.p.i.AbstractProblemLoader Init config took 4.13s 
233675     INFO  main            d.u.i.k.p.i.AbstractProblemLoader Replaying proof BFilter[ThreadSpec2::postJoin(java.lang.Object)].JML accessible clause.0 
233683     DEBUG main            d.u.i.k.p.i.IntermediateProofReplayer Proof replay took 5.67ms 
233684     DEBUG main            d.u.i.k.p.r.p.TestFile    ... success: reloaded. 
233685     INFO  main            d.u.i.k.p.r.p.TestFile    Now processing file /home/runner/work/key/key/key.core/../key.ui/examples/heap/permissions/threads/BFilter_preStart_accessible.key 
233685     INFO  main            d.u.i.k.p.i.AbstractProblemLoader Loading environment from /home/runner/work/key/key/key.core/../key.ui/examples/heap/permissions/threads/BFilter_preStart_accessible.key 
233685     DEBUG main            d.u.i.k.p.i.AbstractProblemLoader Environment load took 140ns 
233687     INFO  main            d.u.i.k.p.i.AbstractProblemLoader Creating init config 
237944     DEBUG main            d.u.i.k.p.i.AbstractProblemLoader Init config took 4.26s 
238026     INFO  main            d.u.i.k.p.i.AbstractProblemLoader Replaying proof BFilter[ThreadSpec2::preStart(java.lang.Object)].JML accessible clause.0 
238027     DEBUG main            d.u.i.k.p.i.IntermediateProofReplayer Proof replay took 5.9ns 
238329     INFO  main            d.u.i.k.p.r.p.TestFile    ... finished proof: closed. 
238660     INFO  main            d.u.i.k.p.i.AbstractProblemLoader Loading environment from /home/runner/work/key/key/key.core/../key.ui/examples/heap/permissions/threads/BFilter_preStart_accessible.key.proof 
238660     DEBUG main            d.u.i.k.p.i.AbstractProblemLoader Environment load took 94.9ns 
238661     INFO  main            d.u.i.k.p.i.AbstractProblemLoader Creating init config 
242798     DEBUG main            d.u.i.k.p.i.AbstractProblemLoader Init config took 4.14s 
242879     INFO  main            d.u.i.k.p.i.AbstractProblemLoader Replaying proof BFilter[ThreadSpec2::preStart(java.lang.Object)].JML accessible clause.0 
242908     DEBUG main            d.u.i.k.p.i.IntermediateProofReplayer Proof replay took 25.94ms 
242908     DEBUG main            d.u.i.k.p.r.p.TestFile    ... success: reloaded. 
242909     INFO  main            d.u.i.k.p.r.p.TestFile    Now processing file /home/runner/work/key/key/key.core/../key.ui/examples/heap/permissions/threads/BFilter_startTransfer_accessible.key 
242909     INFO  main            d.u.i.k.p.i.AbstractProblemLoader Loading environment from /home/runner/work/key/key/key.core/../key.ui/examples/heap/permissions/threads/BFilter_startTransfer_accessible.key 
242909     DEBUG main            d.u.i.k.p.i.AbstractProblemLoader Environment load took 69.5ns 
242910     INFO  main            d.u.i.k.p.i.AbstractProblemLoader Creating init config 
247152     DEBUG main            d.u.i.k.p.i.AbstractProblemLoader Init config took 4.24s 
247233     INFO  main            d.u.i.k.p.i.AbstractProblemLoader Replaying proof BFilter[ThreadSpec2::startTransfer()].JML accessible clause.0 
247234     DEBUG main            d.u.i.k.p.i.IntermediateProofReplayer Proof replay took 6.7ns 
256970     INFO  main            d.u.i.k.p.r.p.TestFile    ... finished proof: closed. 
257303     INFO  main            d.u.i.k.p.i.AbstractProblemLoader Loading environment from /home/runner/work/key/key/key.core/../key.ui/examples/heap/permissions/threads/BFilter_startTransfer_accessible.key.proof 
257304     DEBUG main            d.u.i.k.p.i.AbstractProblemLoader Environment load took 139.7ns 
257305     INFO  main            d.u.i.k.p.i.AbstractProblemLoader Creating init config 
261442     DEBUG main            d.u.i.k.p.i.AbstractProblemLoader Init config took 4.14s 
261539     INFO  main            d.u.i.k.p.i.AbstractProblemLoader Replaying proof BFilter[ThreadSpec2::startTransfer()].JML accessible clause.0 
262289     DEBUG main            d.u.i.k.p.i.IntermediateProofReplayer Proof replay took 731.86ms 
262290     DEBUG main            d.u.i.k.p.r.p.TestFile    ... success: reloaded. 
262291     INFO  main            d.u.i.k.p.r.p.TestFile    Now processing file /home/runner/work/key/key/key.core/../key.ui/examples/heap/permissions/threads/BFilter_startTransfer_contract.key 
262291     INFO  main            d.u.i.k.p.i.AbstractProblemLoader Loading environment from /home/runner/work/key/key/key.core/../key.ui/examples/heap/permissions/threads/BFilter_startTransfer_contract.key 
262291     DEBUG main            d.u.i.k.p.i.AbstractProblemLoader Environment load took 114.1ns 
262292     INFO  main            d.u.i.k.p.i.AbstractProblemLoader Creating init config 
266552     DEBUG main            d.u.i.k.p.i.AbstractProblemLoader Init config took 4.26s 
266649     INFO  main            d.u.i.k.p.i.AbstractProblemLoader Replaying proof BFilter[ThreadSpec2::startTransfer()].JML model_behavior operation contract.0 
266651     DEBUG main            d.u.i.k.p.i.IntermediateProofReplayer Proof replay took 6.4ns 
267658     INFO  main            d.u.i.k.p.r.p.TestFile    ... finished proof: closed. 
267990     INFO  main            d.u.i.k.p.i.AbstractProblemLoader Loading environment from /home/runner/work/key/key/key.core/../key.ui/examples/heap/permissions/threads/BFilter_startTransfer_contract.key.proof 
267990     DEBUG main            d.u.i.k.p.i.AbstractProblemLoader Environment load took 468.49ns 
267991     INFO  main            d.u.i.k.p.i.AbstractProblemLoader Creating init config 
272104     DEBUG main            d.u.i.k.p.i.AbstractProblemLoader Init config took 4.11s 
272195     INFO  main            d.u.i.k.p.i.AbstractProblemLoader Replaying proof BFilter[ThreadSpec2::startTransfer()].JML model_behavior operation contract.0 
272281     DEBUG main            d.u.i.k.p.i.IntermediateProofReplayer Proof replay took 79.8ms 
272282     DEBUG main            d.u.i.k.p.r.p.TestFile    ... success: reloaded. 
272283     INFO  main            d.u.i.k.p.r.p.TestFile    Now processing file /home/runner/work/key/key/key.core/../key.ui/examples/heap/permissions/threads/BFilter_stateInv_accessible.key 
272283     INFO  main            d.u.i.k.p.i.AbstractProblemLoader Loading environment from /home/runner/work/key/key/key.core/../key.ui/examples/heap/permissions/threads/BFilter_stateInv_accessible.key 
272283     DEBUG main            d.u.i.k.p.i.AbstractProblemLoader Environment load took 52.3ns 
272284     INFO  main            d.u.i.k.p.i.AbstractProblemLoader Creating init config 
276483     DEBUG main            d.u.i.k.p.i.AbstractProblemLoader Init config took 4.2s 
276564     INFO  main            d.u.i.k.p.i.AbstractProblemLoader Replaying proof BFilter[ThreadSpec2::stateInv()].JML accessible clause.0 
276565     DEBUG main            d.u.i.k.p.i.IntermediateProofReplayer Proof replay took 6ns 
276876     INFO  main            d.u.i.k.p.r.p.TestFile    ... finished proof: closed. 
277182     INFO  main            d.u.i.k.p.i.AbstractProblemLoader Loading environment from /home/runner/work/key/key/key.core/../key.ui/examples/heap/permissions/threads/BFilter_stateInv_accessible.key.proof 
277182     DEBUG main            d.u.i.k.p.i.AbstractProblemLoader Environment load took 84.6ns 
277183     INFO  main            d.u.i.k.p.i.AbstractProblemLoader Creating init config 
281296     DEBUG main            d.u.i.k.p.i.AbstractProblemLoader Init config took 4.11s 
281388     INFO  main            d.u.i.k.p.i.AbstractProblemLoader Replaying proof BFilter[ThreadSpec2::stateInv()].JML accessible clause.0 
281421     DEBUG main            d.u.i.k.p.i.IntermediateProofReplayer Proof replay took 30.92ms 
281422     DEBUG main            d.u.i.k.p.r.p.TestFile    ... success: reloaded. 
281423     INFO  main            d.u.i.k.p.r.p.TestFile    Now processing file /home/runner/work/key/key/key.core/../key.ui/examples/heap/permissions/threads/BFilter_staticPermissions_accessible.key 
281423     INFO  main            d.u.i.k.p.i.AbstractProblemLoader Loading environment from /home/runner/work/key/key/key.core/../key.ui/examples/heap/permissions/threads/BFilter_staticPermissions_accessible.key 
281423     DEBUG main            d.u.i.k.p.i.AbstractProblemLoader Environment load took 70.2ns 
281424     INFO  main            d.u.i.k.p.i.AbstractProblemLoader Creating init config 
285631     DEBUG main            d.u.i.k.p.i.AbstractProblemLoader Init config took 4.21s 
285712     INFO  main            d.u.i.k.p.i.AbstractProblemLoader Replaying proof BFilter[ThreadSpec2::staticPermissions()].JML accessible clause.0 
285714     DEBUG main            d.u.i.k.p.i.IntermediateProofReplayer Proof replay took 5.9ns 
285815     INFO  main            d.u.i.k.p.r.p.TestFile    ... finished proof: closed. 
286139     INFO  main            d.u.i.k.p.i.AbstractProblemLoader Loading environment from /home/runner/work/key/key/key.core/../key.ui/examples/heap/permissions/threads/BFilter_staticPermissions_accessible.key.proof 
286139     DEBUG main            d.u.i.k.p.i.AbstractProblemLoader Environment load took 83.4ns 
286140     INFO  main            d.u.i.k.p.i.AbstractProblemLoader Creating init config 
290267     DEBUG main            d.u.i.k.p.i.AbstractProblemLoader Init config took 4.13s 
290359     INFO  main            d.u.i.k.p.i.AbstractProblemLoader Replaying proof BFilter[ThreadSpec2::staticPermissions()].JML accessible clause.0 
290368     DEBUG main            d.u.i.k.p.i.IntermediateProofReplayer Proof replay took 7.77ms 
290369     DEBUG main            d.u.i.k.p.r.p.TestFile    ... success: reloaded. 
290370     INFO  main            d.u.i.k.p.r.p.TestFile    Now processing file /home/runner/work/key/key/key.core/../key.ui/examples/heap/permissions/threads/BFilter_workingPermissions_accessible.key 
290371     INFO  main            d.u.i.k.p.i.AbstractProblemLoader Loading environment from /home/runner/work/key/key/key.core/../key.ui/examples/heap/permissions/threads/BFilter_workingPermissions_accessible.key 
290371     DEBUG main            d.u.i.k.p.i.AbstractProblemLoader Environment load took 166.3ns 
290372     INFO  main            d.u.i.k.p.i.AbstractProblemLoader Creating init config 
294547     DEBUG main            d.u.i.k.p.i.AbstractProblemLoader Init config took 4.18s 
294627     INFO  main            d.u.i.k.p.i.AbstractProblemLoader Replaying proof BFilter[ThreadSpec2::workingPermissions()].JML accessible clause.0 
294629     DEBUG main            d.u.i.k.p.i.IntermediateProofReplayer Proof replay took 6.5ns 
294730     INFO  main            d.u.i.k.p.r.p.TestFile    ... finished proof: closed. 
295063     INFO  main            d.u.i.k.p.i.AbstractProblemLoader Loading environment from /home/runner/work/key/key/key.core/../key.ui/examples/heap/permissions/threads/BFilter_workingPermissions_accessible.key.proof 
295063     DEBUG main            d.u.i.k.p.i.AbstractProblemLoader Environment load took 80.8ns 
295064     INFO  main            d.u.i.k.p.i.AbstractProblemLoader Creating init config 
299168     DEBUG main            d.u.i.k.p.i.AbstractProblemLoader Init config took 4.1s 
299249     INFO  main            d.u.i.k.p.i.AbstractProblemLoader Replaying proof BFilter[ThreadSpec2::workingPermissions()].JML accessible clause.0 
299257     DEBUG main            d.u.i.k.p.i.IntermediateProofReplayer Proof replay took 6.75ms 
299258     DEBUG main            d.u.i.k.p.r.p.TestFile    ... success: reloaded. 
299258     INFO  main            d.u.i.k.p.r.p.TestFile    Now processing file /home/runner/work/key/key/key.core/../key.ui/examples/heap/permissions/threads/Fib_Fib.key 
299259     INFO  main            d.u.i.k.p.i.AbstractProblemLoader Loading environment from /home/runner/work/key/key/key.core/../key.ui/examples/heap/permissions/threads/Fib_Fib.key 
299259     DEBUG main            d.u.i.k.p.i.AbstractProblemLoader Environment load took 76ns 
299259     INFO  main            d.u.i.k.p.i.AbstractProblemLoader Creating init config 
303440     DEBUG main            d.u.i.k.p.i.AbstractProblemLoader Init config took 4.18s 
303521     INFO  main            d.u.i.k.p.i.AbstractProblemLoader Replaying proof Fib[Fib::Fib(int)].JML normal_behavior operation contract.0 
303523     DEBUG main            d.u.i.k.p.i.IntermediateProofReplayer Proof replay took 6.5ns 
304126     INFO  main            d.u.i.k.p.r.p.TestFile    ... finished proof: closed. 
304471     INFO  main            d.u.i.k.p.i.AbstractProblemLoader Loading environment from /home/runner/work/key/key/key.core/../key.ui/examples/heap/permissions/threads/Fib_Fib.key.proof 
304471     DEBUG main            d.u.i.k.p.i.AbstractProblemLoader Environment load took 81.9ns 
304472     INFO  main            d.u.i.k.p.i.AbstractProblemLoader Creating init config 
308596     DEBUG main            d.u.i.k.p.i.AbstractProblemLoader Init config took 4.12s 
308677     INFO  main            d.u.i.k.p.i.AbstractProblemLoader Replaying proof Fib[Fib::Fib(int)].JML normal_behavior operation contract.0 
308781     DEBUG main            d.u.i.k.p.i.IntermediateProofReplayer Proof replay took 101.54ms 
308782     DEBUG main            d.u.i.k.p.r.p.TestFile    ... success: reloaded. 
308783     INFO  main            d.u.i.k.p.r.p.TestFile    Now processing file /home/runner/work/key/key/key.core/../key.ui/examples/heap/permissions/threads/Fib_initPost_accessible.key 
308783     INFO  main            d.u.i.k.p.i.AbstractProblemLoader Loading environment from /home/runner/work/key/key/key.core/../key.ui/examples/heap/permissions/threads/Fib_initPost_accessible.key 
308783     DEBUG main            d.u.i.k.p.i.AbstractProblemLoader Environment load took 65.9ns 
308784     INFO  main            d.u.i.k.p.i.AbstractProblemLoader Creating init config 
312968     DEBUG main            d.u.i.k.p.i.AbstractProblemLoader Init config took 4.18s 
313048     INFO  main            d.u.i.k.p.i.AbstractProblemLoader Replaying proof Fib[ThreadSpec::initPost()].JML accessible clause.0 
313049     DEBUG main            d.u.i.k.p.i.IntermediateProofReplayer Proof replay took 6.3ns 
313151     INFO  main            d.u.i.k.p.r.p.TestFile    ... finished proof: closed. 
313493     INFO  main            d.u.i.k.p.i.AbstractProblemLoader Loading environment from /home/runner/work/key/key/key.core/../key.ui/examples/heap/permissions/threads/Fib_initPost_accessible.key.proof 
313493     DEBUG main            d.u.i.k.p.i.AbstractProblemLoader Environment load took 84.7ns 
313494     INFO  main            d.u.i.k.p.i.AbstractProblemLoader Creating init config 
317595     DEBUG main            d.u.i.k.p.i.AbstractProblemLoader Init config took 4.1s 
317675     INFO  main            d.u.i.k.p.i.AbstractProblemLoader Replaying proof Fib[ThreadSpec::initPost()].JML accessible clause.0 
317681     DEBUG main            d.u.i.k.p.i.IntermediateProofReplayer Proof replay took 4.36ms 
317681     DEBUG main            d.u.i.k.p.r.p.TestFile    ... success: reloaded. 
317682     INFO  main            d.u.i.k.p.r.p.TestFile    Now processing file /home/runner/work/key/key/key.core/../key.ui/examples/heap/permissions/threads/Fib_inv1_accessible.key 
317683     INFO  main            d.u.i.k.p.i.AbstractProblemLoader Loading environment from /home/runner/work/key/key/key.core/../key.ui/examples/heap/permissions/threads/Fib_inv1_accessible.key 
317683     DEBUG main            d.u.i.k.p.i.AbstractProblemLoader Environment load took 73.4ns 
317683     INFO  main            d.u.i.k.p.i.AbstractProblemLoader Creating init config 
321848     DEBUG main            d.u.i.k.p.i.AbstractProblemLoader Init config took 4.16s 
321943     INFO  main            d.u.i.k.p.i.AbstractProblemLoader Replaying proof Fib[java.lang.Object::<inv>()].JML accessible clause.0 
321945     DEBUG main            d.u.i.k.p.i.IntermediateProofReplayer Proof replay took 6.4ns 
322047     INFO  main            d.u.i.k.p.r.p.TestFile    ... finished proof: closed. 
322388     INFO  main            d.u.i.k.p.i.AbstractProblemLoader Loading environment from /home/runner/work/key/key/key.core/../key.ui/examples/heap/permissions/threads/Fib_inv1_accessible.key.proof 
322388     DEBUG main            d.u.i.k.p.i.AbstractProblemLoader Environment load took 75.3ns 
322389     INFO  main            d.u.i.k.p.i.AbstractProblemLoader Creating init config 
326492     DEBUG main            d.u.i.k.p.i.AbstractProblemLoader Init config took 4.1s 
326572     INFO  main            d.u.i.k.p.i.AbstractProblemLoader Replaying proof Fib[java.lang.Object::<inv>()].JML accessible clause.0 
326575     DEBUG main            d.u.i.k.p.i.IntermediateProofReplayer Proof replay took 1.58ms 
326575     DEBUG main            d.u.i.k.p.r.p.TestFile    ... success: reloaded. 
326576     INFO  main            d.u.i.k.p.r.p.TestFile    Now processing file /home/runner/work/key/key/key.core/../key.ui/examples/heap/permissions/threads/Fib_inv2_accessible.key 
326576     INFO  main            d.u.i.k.p.i.AbstractProblemLoader Loading environment from /home/runner/work/key/key/key.core/../key.ui/examples/heap/permissions/threads/Fib_inv2_accessible.key 
326576     DEBUG main            d.u.i.k.p.i.AbstractProblemLoader Environment load took 63.3ns 
326577     INFO  main            d.u.i.k.p.i.AbstractProblemLoader Creating init config 
330760     DEBUG main            d.u.i.k.p.i.AbstractProblemLoader Init config took 4.18s 
330841     INFO  main            d.u.i.k.p.i.AbstractProblemLoader Replaying proof Fib[java.lang.Object::<inv>()].JML accessible clause.1 
330843     DEBUG main            d.u.i.k.p.i.IntermediateProofReplayer Proof replay took 6.6ns 
330944     INFO  main            d.u.i.k.p.r.p.TestFile    ... finished proof: closed. 
331293     INFO  main            d.u.i.k.p.i.AbstractProblemLoader Loading environment from /home/runner/work/key/key/key.core/../key.ui/examples/heap/permissions/threads/Fib_inv2_accessible.key.proof 
331293     DEBUG main            d.u.i.k.p.i.AbstractProblemLoader Environment load took 75.5ns 
331294     INFO  main            d.u.i.k.p.i.AbstractProblemLoader Creating init config 
335403     DEBUG main            d.u.i.k.p.i.AbstractProblemLoader Init config took 4.11s 
335495     INFO  main            d.u.i.k.p.i.AbstractProblemLoader Replaying proof Fib[java.lang.Object::<inv>()].JML accessible clause.1 
335497     DEBUG main            d.u.i.k.p.i.IntermediateProofReplayer Proof replay took 1.48ms 
335498     DEBUG main            d.u.i.k.p.r.p.TestFile    ... success: reloaded. 
335499     INFO  main            d.u.i.k.p.r.p.TestFile    Now processing file /home/runner/work/key/key/key.core/../key.ui/examples/heap/permissions/threads/Fib_joinTransfer_accessible.key 
335499     INFO  main            d.u.i.k.p.i.AbstractProblemLoader Loading environment from /home/runner/work/key/key/key.core/../key.ui/examples/heap/permissions/threads/Fib_joinTransfer_accessible.key 
335499     DEBUG main            d.u.i.k.p.i.AbstractProblemLoader Environment load took 42.2ns 
335500     INFO  main            d.u.i.k.p.i.AbstractProblemLoader Creating init config 
339671     DEBUG main            d.u.i.k.p.i.AbstractProblemLoader Init config took 4.17s 
339751     INFO  main            d.u.i.k.p.i.AbstractProblemLoader Replaying proof Fib[ThreadSpec::joinTransfer()].JML accessible clause.0 
339752     DEBUG main            d.u.i.k.p.i.IntermediateProofReplayer Proof replay took 5.9ns 
339954     INFO  main            d.u.i.k.p.r.p.TestFile    ... finished proof: closed. 
340315     INFO  main            d.u.i.k.p.i.AbstractProblemLoader Loading environment from /home/runner/work/key/key/key.core/../key.ui/examples/heap/permissions/threads/Fib_joinTransfer_accessible.key.proof 
340315     DEBUG main            d.u.i.k.p.i.AbstractProblemLoader Environment load took 81.7ns 
340316     INFO  main            d.u.i.k.p.i.AbstractProblemLoader Creating init config 
344419     DEBUG main            d.u.i.k.p.i.AbstractProblemLoader Init config took 4.1s 
344498     INFO  main            d.u.i.k.p.i.AbstractProblemLoader Replaying proof Fib[ThreadSpec::joinTransfer()].JML accessible clause.0 
344521     DEBUG main            d.u.i.k.p.i.IntermediateProofReplayer Proof replay took 20.46ms 
344521     DEBUG main            d.u.i.k.p.r.p.TestFile    ... success: reloaded. 
344522     INFO  main            d.u.i.k.p.r.p.TestFile    Now processing file /home/runner/work/key/key/key.core/../key.ui/examples/heap/permissions/threads/Fib_joinTransfer_contract.key 
344522     INFO  main            d.u.i.k.p.i.AbstractProblemLoader Loading environment from /home/runner/work/key/key/key.core/../key.ui/examples/heap/permissions/threads/Fib_joinTransfer_contract.key 
344522     DEBUG main            d.u.i.k.p.i.AbstractProblemLoader Environment load took 65.3ns 
344523     INFO  main            d.u.i.k.p.i.AbstractProblemLoader Creating init config 
348691     DEBUG main            d.u.i.k.p.i.AbstractProblemLoader Init config took 4.17s 
348779     INFO  main            d.u.i.k.p.i.AbstractProblemLoader Replaying proof Fib[ThreadSpec::joinTransfer()].JML model_behavior operation contract.0 
348781     DEBUG main            d.u.i.k.p.i.IntermediateProofReplayer Proof replay took 6.6ns 
348882     INFO  main            d.u.i.k.p.r.p.TestFile    ... finished proof: closed. 
349259     INFO  main            d.u.i.k.p.i.AbstractProblemLoader Loading environment from /home/runner/work/key/key/key.core/../key.ui/examples/heap/permissions/threads/Fib_joinTransfer_contract.key.proof 
349259     DEBUG main            d.u.i.k.p.i.AbstractProblemLoader Environment load took 72.5ns 
349260     INFO  main            d.u.i.k.p.i.AbstractProblemLoader Creating init config 
353369     DEBUG main            d.u.i.k.p.i.AbstractProblemLoader Init config took 4.11s 
353451     INFO  main            d.u.i.k.p.i.AbstractProblemLoader Replaying proof Fib[ThreadSpec::joinTransfer()].JML model_behavior operation contract.0 
353458     DEBUG main            d.u.i.k.p.i.IntermediateProofReplayer Proof replay took 5.8ms 
353459     DEBUG main            d.u.i.k.p.r.p.TestFile    ... success: reloaded. 
353460     INFO  main            d.u.i.k.p.r.p.TestFile    Now processing file /home/runner/work/key/key/key.core/../key.ui/examples/heap/permissions/threads/Fib_postJoin_accessible.key 
353460     INFO  main            d.u.i.k.p.i.AbstractProblemLoader Loading environment from /home/runner/work/key/key/key.core/../key.ui/examples/heap/permissions/threads/Fib_postJoin_accessible.key 
353460     DEBUG main            d.u.i.k.p.i.AbstractProblemLoader Environment load took 64.2ns 
353461     INFO  main            d.u.i.k.p.i.AbstractProblemLoader Creating init config 
357619     DEBUG main            d.u.i.k.p.i.AbstractProblemLoader Init config took 4.16s 
357698     INFO  main            d.u.i.k.p.i.AbstractProblemLoader Replaying proof Fib[ThreadSpec::postJoin(java.lang.Object)].JML accessible clause.0 
357699     DEBUG main            d.u.i.k.p.i.IntermediateProofReplayer Proof replay took 7.4ns 
357801     INFO  main            d.u.i.k.p.r.p.TestFile    ... finished proof: closed. 
358171     INFO  main            d.u.i.k.p.i.AbstractProblemLoader Loading environment from /home/runner/work/key/key/key.core/../key.ui/examples/heap/permissions/threads/Fib_postJoin_accessible.key.proof 
358171     DEBUG main            d.u.i.k.p.i.AbstractProblemLoader Environment load took 76.1ns 
358172     INFO  main            d.u.i.k.p.i.AbstractProblemLoader Creating init config 
362273     DEBUG main            d.u.i.k.p.i.AbstractProblemLoader Init config took 4.1s 
362353     INFO  main            d.u.i.k.p.i.AbstractProblemLoader Replaying proof Fib[ThreadSpec::postJoin(java.lang.Object)].JML accessible clause.0 
362359     DEBUG main            d.u.i.k.p.i.IntermediateProofReplayer Proof replay took 4.66ms 
362360     DEBUG main            d.u.i.k.p.r.p.TestFile    ... success: reloaded. 
362360     INFO  main            d.u.i.k.p.r.p.TestFile    Now processing file /home/runner/work/key/key/key.core/../key.ui/examples/heap/permissions/threads/Fib_preStart_accessible.key 
362361     INFO  main            d.u.i.k.p.i.AbstractProblemLoader Loading environment from /home/runner/work/key/key/key.core/../key.ui/examples/heap/permissions/threads/Fib_preStart_accessible.key 
362361     DEBUG main            d.u.i.k.p.i.AbstractProblemLoader Environment load took 98.4ns 
362361     INFO  main            d.u.i.k.p.i.AbstractProblemLoader Creating init config 
366538     DEBUG main            d.u.i.k.p.i.AbstractProblemLoader Init config took 4.18s 
366618     INFO  main            d.u.i.k.p.i.AbstractProblemLoader Replaying proof Fib[ThreadSpec::preStart(java.lang.Object)].JML accessible clause.0 
366619     DEBUG main            d.u.i.k.p.i.IntermediateProofReplayer Proof replay took 6.5ns 
366721     INFO  main            d.u.i.k.p.r.p.TestFile    ... finished proof: closed. 
367091     INFO  main            d.u.i.k.p.i.AbstractProblemLoader Loading environment from /home/runner/work/key/key/key.core/../key.ui/examples/heap/permissions/threads/Fib_preStart_accessible.key.proof 
367091     DEBUG main            d.u.i.k.p.i.AbstractProblemLoader Environment load took 76.9ns 
367092     INFO  main            d.u.i.k.p.i.AbstractProblemLoader Creating init config 
371198     DEBUG main            d.u.i.k.p.i.AbstractProblemLoader Init config took 4.11s 
371277     INFO  main            d.u.i.k.p.i.AbstractProblemLoader Replaying proof Fib[ThreadSpec::preStart(java.lang.Object)].JML accessible clause.0 
371286     DEBUG main            d.u.i.k.p.i.IntermediateProofReplayer Proof replay took 4.47ms 
371287     DEBUG main            d.u.i.k.p.r.p.TestFile    ... success: reloaded. 
371287     INFO  main            d.u.i.k.p.r.p.TestFile    Now processing file /home/runner/work/key/key/key.core/../key.ui/examples/heap/permissions/threads/Fib_startTransfer_accessible.key 
371288     INFO  main            d.u.i.k.p.i.AbstractProblemLoader Loading environment from /home/runner/work/key/key/key.core/../key.ui/examples/heap/permissions/threads/Fib_startTransfer_accessible.key 
371288     DEBUG main            d.u.i.k.p.i.AbstractProblemLoader Environment load took 78.5ns 
371288     INFO  main            d.u.i.k.p.i.AbstractProblemLoader Creating init config 
375465     DEBUG main            d.u.i.k.p.i.AbstractProblemLoader Init config took 4.18s 
375545     INFO  main            d.u.i.k.p.i.AbstractProblemLoader Replaying proof Fib[ThreadSpec::startTransfer()].JML accessible clause.0 
375546     DEBUG main            d.u.i.k.p.i.IntermediateProofReplayer Proof replay took 7.1ns 
375748     INFO  main            d.u.i.k.p.r.p.TestFile    ... finished proof: closed. 
376138     INFO  main            d.u.i.k.p.i.AbstractProblemLoader Loading environment from /home/runner/work/key/key/key.core/../key.ui/examples/heap/permissions/threads/Fib_startTransfer_accessible.key.proof 
376139     DEBUG main            d.u.i.k.p.i.AbstractProblemLoader Environment load took 189ns 
376139     INFO  main            d.u.i.k.p.i.AbstractProblemLoader Creating init config 
380242     DEBUG main            d.u.i.k.p.i.AbstractProblemLoader Init config took 4.1s 
380321     INFO  main            d.u.i.k.p.i.AbstractProblemLoader Replaying proof Fib[ThreadSpec::startTransfer()].JML accessible clause.0 
380356     DEBUG main            d.u.i.k.p.i.IntermediateProofReplayer Proof replay took 32.14ms 
380357     DEBUG main            d.u.i.k.p.r.p.TestFile    ... success: reloaded. 
380357     INFO  main            d.u.i.k.p.r.p.TestFile    Now processing file /home/runner/work/key/key/key.core/../key.ui/examples/heap/permissions/threads/Fib_startTransfer_contract.key 
380358     INFO  main            d.u.i.k.p.i.AbstractProblemLoader Loading environment from /home/runner/work/key/key/key.core/../key.ui/examples/heap/permissions/threads/Fib_startTransfer_contract.key 
380358     DEBUG main            d.u.i.k.p.i.AbstractProblemLoader Environment load took 44.9ns 
380358     INFO  main            d.u.i.k.p.i.AbstractProblemLoader Creating init config 
384533     DEBUG main            d.u.i.k.p.i.AbstractProblemLoader Init config took 4.17s 
384613     INFO  main            d.u.i.k.p.i.AbstractProblemLoader Replaying proof Fib[ThreadSpec::startTransfer()].JML model_behavior operation contract.0 
384614     DEBUG main            d.u.i.k.p.i.IntermediateProofReplayer Proof replay took 6.3ns 
384716     INFO  main            d.u.i.k.p.r.p.TestFile    ... finished proof: closed. 
385104     INFO  main            d.u.i.k.p.i.AbstractProblemLoader Loading environment from /home/runner/work/key/key/key.core/../key.ui/examples/heap/permissions/threads/Fib_startTransfer_contract.key.proof 
385104     DEBUG main            d.u.i.k.p.i.AbstractProblemLoader Environment load took 78.7ns 
385105     INFO  main            d.u.i.k.p.i.AbstractProblemLoader Creating init config 
389217     DEBUG main            d.u.i.k.p.i.AbstractProblemLoader Init config took 4.11s 
389297     INFO  main            d.u.i.k.p.i.AbstractProblemLoader Replaying proof Fib[ThreadSpec::startTransfer()].JML model_behavior operation contract.0 
389304     DEBUG main            d.u.i.k.p.i.IntermediateProofReplayer Proof replay took 5.81ms 
389305     DEBUG main            d.u.i.k.p.r.p.TestFile    ... success: reloaded. 
389305     INFO  main            d.u.i.k.p.r.p.TestFile    Now processing file /home/runner/work/key/key/key.core/../key.ui/examples/heap/permissions/threads/Fib_workingPermissions_accessible.key 
389306     INFO  main            d.u.i.k.p.i.AbstractProblemLoader Loading environment from /home/runner/work/key/key/key.core/../key.ui/examples/heap/permissions/threads/Fib_workingPermissions_accessible.key 
389306     DEBUG main            d.u.i.k.p.i.AbstractProblemLoader Environment load took 44.3ns 
389306     INFO  main            d.u.i.k.p.i.AbstractProblemLoader Creating init config 
393524     DEBUG main            d.u.i.k.p.i.AbstractProblemLoader Init config took 4.22s 
393604     INFO  main            d.u.i.k.p.i.AbstractProblemLoader Replaying proof Fib[ThreadSpec::workingPermissions()].JML accessible clause.0 
393605     DEBUG main            d.u.i.k.p.i.IntermediateProofReplayer Proof replay took 6.4ns 
393707     INFO  main            d.u.i.k.p.r.p.TestFile    ... finished proof: closed. 
394103     INFO  main            d.u.i.k.p.i.AbstractProblemLoader Loading environment from /home/runner/work/key/key/key.core/../key.ui/examples/heap/permissions/threads/Fib_workingPermissions_accessible.key.proof 
394103     DEBUG main            d.u.i.k.p.i.AbstractProblemLoader Environment load took 107.2ns 
394104     INFO  main            d.u.i.k.p.i.AbstractProblemLoader Creating init config 
398230     DEBUG main            d.u.i.k.p.i.AbstractProblemLoader Init config took 4.13s 
398310     INFO  main            d.u.i.k.p.i.AbstractProblemLoader Replaying proof Fib[ThreadSpec::workingPermissions()].JML accessible clause.0 
398313     DEBUG main            d.u.i.k.p.i.IntermediateProofReplayer Proof replay took 1.86ms 
398314     DEBUG main            d.u.i.k.p.r.p.TestFile    ... success: reloaded. 
398314     INFO  main            d.u.i.k.p.r.p.TestFile    Now processing file /home/runner/work/key/key/key.core/../key.ui/examples/heap/permissions/threads/Plotter_initPost_accessible.key 
398314     INFO  main            d.u.i.k.p.i.AbstractProblemLoader Loading environment from /home/runner/work/key/key/key.core/../key.ui/examples/heap/permissions/threads/Plotter_initPost_accessible.key 
398314     DEBUG main            d.u.i.k.p.i.AbstractProblemLoader Environment load took 57.8ns 
398315     INFO  main            d.u.i.k.p.i.AbstractProblemLoader Creating init config 
402496     DEBUG main            d.u.i.k.p.i.AbstractProblemLoader Init config took 4.18s 
402589     INFO  main            d.u.i.k.p.i.AbstractProblemLoader Replaying proof Plotter[ThreadSpec2::initPost()].JML accessible clause.0 
402590     DEBUG main            d.u.i.k.p.i.IntermediateProofReplayer Proof replay took 6.4ns 
402691     INFO  main            d.u.i.k.p.r.p.TestFile    ... finished proof: closed. 
403090     INFO  main            d.u.i.k.p.i.AbstractProblemLoader Loading environment from /home/runner/work/key/key/key.core/../key.ui/examples/heap/permissions/threads/Plotter_initPost_accessible.key.proof 
403090     DEBUG main            d.u.i.k.p.i.AbstractProblemLoader Environment load took 74.6ns 
403091     INFO  main            d.u.i.k.p.i.AbstractProblemLoader Creating init config 
407196     DEBUG main            d.u.i.k.p.i.AbstractProblemLoader Init config took 4.1s 
407287     INFO  main            d.u.i.k.p.i.AbstractProblemLoader Replaying proof Plotter[ThreadSpec2::initPost()].JML accessible clause.0 
407299     DEBUG main            d.u.i.k.p.i.IntermediateProofReplayer Proof replay took 11.32ms 
407300     DEBUG main            d.u.i.k.p.r.p.TestFile    ... success: reloaded. 
407301     INFO  main            d.u.i.k.p.r.p.TestFile    Now processing file /home/runner/work/key/key/key.core/../key.ui/examples/heap/permissions/threads/Plotter_inv_accessible1.key 
407301     INFO  main            d.u.i.k.p.i.AbstractProblemLoader Loading environment from /home/runner/work/key/key/key.core/../key.ui/examples/heap/permissions/threads/Plotter_inv_accessible1.key 
407301     DEBUG main            d.u.i.k.p.i.AbstractProblemLoader Environment load took 40.4ns 
407302     INFO  main            d.u.i.k.p.i.AbstractProblemLoader Creating init config 
411483     DEBUG main            d.u.i.k.p.i.AbstractProblemLoader Init config took 4.18s 
411562     INFO  main            d.u.i.k.p.i.AbstractProblemLoader Replaying proof Plotter[java.lang.Object::<inv>()].JML accessible clause.0 
411564     DEBUG main            d.u.i.k.p.i.IntermediateProofReplayer Proof replay took 10.7ns 
411665     INFO  main            d.u.i.k.p.r.p.TestFile    ... finished proof: closed. 
412077     INFO  main            d.u.i.k.p.i.AbstractProblemLoader Loading environment from /home/runner/work/key/key/key.core/../key.ui/examples/heap/permissions/threads/Plotter_inv_accessible1.key.proof 
412077     DEBUG main            d.u.i.k.p.i.AbstractProblemLoader Environment load took 78.4ns 
412077     INFO  main            d.u.i.k.p.i.AbstractProblemLoader Creating init config 
416195     DEBUG main            d.u.i.k.p.i.AbstractProblemLoader Init config took 4.12s 
416285     INFO  main            d.u.i.k.p.i.AbstractProblemLoader Replaying proof Plotter[java.lang.Object::<inv>()].JML accessible clause.0 
416287     DEBUG main            d.u.i.k.p.i.IntermediateProofReplayer Proof replay took 1.54ms 
416288     DEBUG main            d.u.i.k.p.r.p.TestFile    ... success: reloaded. 
416289     INFO  main            d.u.i.k.p.r.p.TestFile    Now processing file /home/runner/work/key/key/key.core/../key.ui/examples/heap/permissions/threads/Plotter_inv_accessible2.key 
416289     INFO  main            d.u.i.k.p.i.AbstractProblemLoader Loading environment from /home/runner/work/key/key/key.core/../key.ui/examples/heap/permissions/threads/Plotter_inv_accessible2.key 
416289     DEBUG main            d.u.i.k.p.i.AbstractProblemLoader Environment load took 41.5ns 
416290     INFO  main            d.u.i.k.p.i.AbstractProblemLoader Creating init config 
420458     DEBUG main            d.u.i.k.p.i.AbstractProblemLoader Init config took 4.17s 
420538     INFO  main            d.u.i.k.p.i.AbstractProblemLoader Replaying proof Plotter[java.lang.Object::<inv>()].JML accessible clause.1 
420539     DEBUG main            d.u.i.k.p.i.IntermediateProofReplayer Proof replay took 6.8ns 
420640     INFO  main            d.u.i.k.p.r.p.TestFile    ... finished proof: closed. 
421053     INFO  main            d.u.i.k.p.i.AbstractProblemLoader Loading environment from /home/runner/work/key/key/key.core/../key.ui/examples/heap/permissions/threads/Plotter_inv_accessible2.key.proof 
421053     DEBUG main            d.u.i.k.p.i.AbstractProblemLoader Environment load took 87.8ns 
421054     INFO  main            d.u.i.k.p.i.AbstractProblemLoader Creating init config 
425169     DEBUG main            d.u.i.k.p.i.AbstractProblemLoader Init config took 4.12s 
425248     INFO  main            d.u.i.k.p.i.AbstractProblemLoader Replaying proof Plotter[java.lang.Object::<inv>()].JML accessible clause.1 
425251     DEBUG main            d.u.i.k.p.i.IntermediateProofReplayer Proof replay took 1.5ms 
425252     DEBUG main            d.u.i.k.p.r.p.TestFile    ... success: reloaded. 
425252     INFO  main            d.u.i.k.p.r.p.TestFile    Now processing file /home/runner/work/key/key/key.core/../key.ui/examples/heap/permissions/threads/Plotter_joinTransfer_contract.key 
425253     INFO  main            d.u.i.k.p.i.AbstractProblemLoader Loading environment from /home/runner/work/key/key/key.core/../key.ui/examples/heap/permissions/threads/Plotter_joinTransfer_contract.key 
425253     DEBUG main            d.u.i.k.p.i.AbstractProblemLoader Environment load took 41.6ns 
425253     INFO  main            d.u.i.k.p.i.AbstractProblemLoader Creating init config 
429440     DEBUG main            d.u.i.k.p.i.AbstractProblemLoader Init config took 4.19s 
429521     INFO  main            d.u.i.k.p.i.AbstractProblemLoader Replaying proof Plotter[ThreadSpec2::joinTransfer()].JML model_behavior operation contract.0 
429522     DEBUG main            d.u.i.k.p.i.IntermediateProofReplayer Proof replay took 6.3ns 
429623     INFO  main            d.u.i.k.p.r.p.TestFile    ... finished proof: closed. 
430045     INFO  main            d.u.i.k.p.i.AbstractProblemLoader Loading environment from /home/runner/work/key/key/key.core/../key.ui/examples/heap/permissions/threads/Plotter_joinTransfer_contract.key.proof 
430045     DEBUG main            d.u.i.k.p.i.AbstractProblemLoader Environment load took 65.9ns 
430046     INFO  main            d.u.i.k.p.i.AbstractProblemLoader Creating init config 
434160     DEBUG main            d.u.i.k.p.i.AbstractProblemLoader Init config took 4.11s 
434241     INFO  main            d.u.i.k.p.i.AbstractProblemLoader Replaying proof Plotter[ThreadSpec2::joinTransfer()].JML model_behavior operation contract.0 
434249     DEBUG main            d.u.i.k.p.i.IntermediateProofReplayer Proof replay took 6.79ms 
434249     DEBUG main            d.u.i.k.p.r.p.TestFile    ... success: reloaded. 
434250     INFO  main            d.u.i.k.p.r.p.TestFile    Now processing file /home/runner/work/key/key/key.core/../key.ui/examples/heap/permissions/threads/Plotter_Plotter.key 
434250     INFO  main            d.u.i.k.p.i.AbstractProblemLoader Loading environment from /home/runner/work/key/key/key.core/../key.ui/examples/heap/permissions/threads/Plotter_Plotter.key 
434250     DEBUG main            d.u.i.k.p.i.AbstractProblemLoader Environment load took 41.2ns 
434251     INFO  main            d.u.i.k.p.i.AbstractProblemLoader Creating init config 
438443     DEBUG main            d.u.i.k.p.i.AbstractProblemLoader Init config took 4.19s 
438524     INFO  main            d.u.i.k.p.i.AbstractProblemLoader Replaying proof Plotter[Plotter::Plotter(AFilter,BFilter,Buffer)].JML normal_behavior operation contract.0 
438525     DEBUG main            d.u.i.k.p.i.IntermediateProofReplayer Proof replay took 7.6ns 
440167     INFO  main            d.u.i.k.p.r.p.TestFile    ... finished proof: closed. 
440669     INFO  main            d.u.i.k.p.i.AbstractProblemLoader Loading environment from /home/runner/work/key/key/key.core/../key.ui/examples/heap/permissions/threads/Plotter_Plotter.key.proof 
440669     DEBUG main            d.u.i.k.p.i.AbstractProblemLoader Environment load took 108.5ns 
440670     INFO  main            d.u.i.k.p.i.AbstractProblemLoader Creating init config 
444797     DEBUG main            d.u.i.k.p.i.AbstractProblemLoader Init config took 4.13s 
444877     INFO  main            d.u.i.k.p.i.AbstractProblemLoader Replaying proof Plotter[Plotter::Plotter(AFilter,BFilter,Buffer)].JML normal_behavior operation contract.0 
445124     DEBUG main            d.u.i.k.p.i.IntermediateProofReplayer Proof replay took 241.52ms 
445125     DEBUG main            d.u.i.k.p.r.p.TestFile    ... success: reloaded. 
445126     INFO  main            d.u.i.k.p.r.p.TestFile    Now processing file /home/runner/work/key/key/key.core/../key.ui/examples/heap/permissions/threads/Plotter_postJoin_accessible.key 
445126     INFO  main            d.u.i.k.p.i.AbstractProblemLoader Loading environment from /home/runner/work/key/key/key.core/../key.ui/examples/heap/permissions/threads/Plotter_postJoin_accessible.key 
445126     DEBUG main            d.u.i.k.p.i.AbstractProblemLoader Environment load took 40.6ns 
445127     INFO  main            d.u.i.k.p.i.AbstractProblemLoader Creating init config 
449336     DEBUG main            d.u.i.k.p.i.AbstractProblemLoader Init config took 4.21s 
449415     INFO  main            d.u.i.k.p.i.AbstractProblemLoader Replaying proof Plotter[ThreadSpec2::postJoin(java.lang.Object)].JML accessible clause.0 
449417     DEBUG main            d.u.i.k.p.i.IntermediateProofReplayer Proof replay took 7ns 
449518     INFO  main            d.u.i.k.p.r.p.TestFile    ... finished proof: closed. 
449949     INFO  main            d.u.i.k.p.i.AbstractProblemLoader Loading environment from /home/runner/work/key/key/key.core/../key.ui/examples/heap/permissions/threads/Plotter_postJoin_accessible.key.proof 
449949     DEBUG main            d.u.i.k.p.i.AbstractProblemLoader Environment load took 77.2ns 
449950     INFO  main            d.u.i.k.p.i.AbstractProblemLoader Creating init config 
454076     DEBUG main            d.u.i.k.p.i.AbstractProblemLoader Init config took 4.13s 
454156     INFO  main            d.u.i.k.p.i.AbstractProblemLoader Replaying proof Plotter[ThreadSpec2::postJoin(java.lang.Object)].JML accessible clause.0 
454167     DEBUG main            d.u.i.k.p.i.IntermediateProofReplayer Proof replay took 10.32ms 
454168     DEBUG main            d.u.i.k.p.r.p.TestFile    ... success: reloaded. 
454169     INFO  main            d.u.i.k.p.r.p.TestFile    Now processing file /home/runner/work/key/key/key.core/../key.ui/examples/heap/permissions/threads/Plotter_preStart_accessible.key 
454169     INFO  main            d.u.i.k.p.i.AbstractProblemLoader Loading environment from /home/runner/work/key/key/key.core/../key.ui/examples/heap/permissions/threads/Plotter_preStart_accessible.key 
454169     DEBUG main            d.u.i.k.p.i.AbstractProblemLoader Environment load took 39.7ns 
454170     INFO  main            d.u.i.k.p.i.AbstractProblemLoader Creating init config 
458359     DEBUG main            d.u.i.k.p.i.AbstractProblemLoader Init config took 4.19s 
458438     INFO  main            d.u.i.k.p.i.AbstractProblemLoader Replaying proof Plotter[ThreadSpec2::preStart(java.lang.Object)].JML accessible clause.0 
458439     DEBUG main            d.u.i.k.p.i.IntermediateProofReplayer Proof replay took 7.8ns 
459442     INFO  main            d.u.i.k.p.r.p.TestFile    ... finished proof: closed. 
459889     INFO  main            d.u.i.k.p.i.AbstractProblemLoader Loading environment from /home/runner/work/key/key/key.core/../key.ui/examples/heap/permissions/threads/Plotter_preStart_accessible.key.proof 
459889     DEBUG main            d.u.i.k.p.i.AbstractProblemLoader Environment load took 71.2ns 
459889     INFO  main            d.u.i.k.p.i.AbstractProblemLoader Creating init config 
463991     DEBUG main            d.u.i.k.p.i.AbstractProblemLoader Init config took 4.1s 
464070     INFO  main            d.u.i.k.p.i.AbstractProblemLoader Replaying proof Plotter[ThreadSpec2::preStart(java.lang.Object)].JML accessible clause.0 
464160     DEBUG main            d.u.i.k.p.i.IntermediateProofReplayer Proof replay took 85.29ms 
464161     DEBUG main            d.u.i.k.p.r.p.TestFile    ... success: reloaded. 
464162     INFO  main            d.u.i.k.p.r.p.TestFile    Now processing file /home/runner/work/key/key/key.core/../key.ui/examples/heap/permissions/threads/Plotter_stateInv_accessible.key 
464162     INFO  main            d.u.i.k.p.i.AbstractProblemLoader Loading environment from /home/runner/work/key/key/key.core/../key.ui/examples/heap/permissions/threads/Plotter_stateInv_accessible.key 
464162     DEBUG main            d.u.i.k.p.i.AbstractProblemLoader Environment load took 135.4ns 
464163     INFO  main            d.u.i.k.p.i.AbstractProblemLoader Creating init config 
468356     DEBUG main            d.u.i.k.p.i.AbstractProblemLoader Init config took 4.19s 
468435     INFO  main            d.u.i.k.p.i.AbstractProblemLoader Replaying proof Plotter[ThreadSpec2::stateInv()].JML accessible clause.0 
468436     DEBUG main            d.u.i.k.p.i.IntermediateProofReplayer Proof replay took 6.9ns 
475872     INFO  main            d.u.i.k.p.r.p.TestFile    ... finished proof: closed. 
476323     INFO  main            d.u.i.k.p.i.AbstractProblemLoader Loading environment from /home/runner/work/key/key/key.core/../key.ui/examples/heap/permissions/threads/Plotter_stateInv_accessible.key.proof 
476324     DEBUG main            d.u.i.k.p.i.AbstractProblemLoader Environment load took 285.1ns 
476325     INFO  main            d.u.i.k.p.i.AbstractProblemLoader Creating init config 
480442     DEBUG main            d.u.i.k.p.i.AbstractProblemLoader Init config took 4.12s 
480532     INFO  main            d.u.i.k.p.i.AbstractProblemLoader Replaying proof Plotter[ThreadSpec2::stateInv()].JML accessible clause.0 
481094     DEBUG main            d.u.i.k.p.i.IntermediateProofReplayer Proof replay took 548.21ms 
481095     DEBUG main            d.u.i.k.p.r.p.TestFile    ... success: reloaded. 
481096     INFO  main            d.u.i.k.p.r.p.TestFile    Now processing file /home/runner/work/key/key/key.core/../key.ui/examples/heap/permissions/threads/Plotter_staticPermissions_accessible.key 
481096     INFO  main            d.u.i.k.p.i.AbstractProblemLoader Loading environment from /home/runner/work/key/key/key.core/../key.ui/examples/heap/permissions/threads/Plotter_staticPermissions_accessible.key 
481097     DEBUG main            d.u.i.k.p.i.AbstractProblemLoader Environment load took 60ns 
481097     INFO  main            d.u.i.k.p.i.AbstractProblemLoader Creating init config 
485326     DEBUG main            d.u.i.k.p.i.AbstractProblemLoader Init config took 4.23s 
485405     INFO  main            d.u.i.k.p.i.AbstractProblemLoader Replaying proof Plotter[ThreadSpec2::staticPermissions()].JML accessible clause.0 
485407     DEBUG main            d.u.i.k.p.i.IntermediateProofReplayer Proof replay took 41.5ns 
486109     INFO  main            d.u.i.k.p.r.p.TestFile    ... finished proof: closed. 
486574     INFO  main            d.u.i.k.p.i.AbstractProblemLoader Loading environment from /home/runner/work/key/key/key.core/../key.ui/examples/heap/permissions/threads/Plotter_staticPermissions_accessible.key.proof 
486574     DEBUG main            d.u.i.k.p.i.AbstractProblemLoader Environment load took 68.1ns 
486575     INFO  main            d.u.i.k.p.i.AbstractProblemLoader Creating init config 
490672     DEBUG main            d.u.i.k.p.i.AbstractProblemLoader Init config took 4.1s 
490762     INFO  main            d.u.i.k.p.i.AbstractProblemLoader Replaying proof Plotter[ThreadSpec2::staticPermissions()].JML accessible clause.0 
490817     DEBUG main            d.u.i.k.p.i.IntermediateProofReplayer Proof replay took 52.64ms 
490818     DEBUG main            d.u.i.k.p.r.p.TestFile    ... success: reloaded. 
490818     INFO  main            d.u.i.k.p.r.p.TestFile    Now processing file /home/runner/work/key/key/key.core/../key.ui/examples/heap/permissions/threads/Plotter_workingPermissions_accessible.key 
490819     INFO  main            d.u.i.k.p.i.AbstractProblemLoader Loading environment from /home/runner/work/key/key/key.core/../key.ui/examples/heap/permissions/threads/Plotter_workingPermissions_accessible.key 
490819     DEBUG main            d.u.i.k.p.i.AbstractProblemLoader Environment load took 57.8ns 
490819     INFO  main            d.u.i.k.p.i.AbstractProblemLoader Creating init config 
495001     DEBUG main            d.u.i.k.p.i.AbstractProblemLoader Init config took 4.18s 
495080     INFO  main            d.u.i.k.p.i.AbstractProblemLoader Replaying proof Plotter[ThreadSpec2::workingPermissions()].JML accessible clause.0 
495082     DEBUG main            d.u.i.k.p.i.IntermediateProofReplayer Proof replay took 3.3ns 
495283     INFO  main            d.u.i.k.p.r.p.TestFile    ... finished proof: closed. 
495741     INFO  main            d.u.i.k.p.i.AbstractProblemLoader Loading environment from /home/runner/work/key/key/key.core/../key.ui/examples/heap/permissions/threads/Plotter_workingPermissions_accessible.key.proof 
495742     DEBUG main            d.u.i.k.p.i.AbstractProblemLoader Environment load took 66.6ns 
495742     INFO  main            d.u.i.k.p.i.AbstractProblemLoader Creating init config 
499837     DEBUG main            d.u.i.k.p.i.AbstractProblemLoader Init config took 4.09s 
499927     INFO  main            d.u.i.k.p.i.AbstractProblemLoader Replaying proof Plotter[ThreadSpec2::workingPermissions()].JML accessible clause.0 
499942     DEBUG main            d.u.i.k.p.i.IntermediateProofReplayer Proof replay took 13.23ms 
499943     DEBUG main            d.u.i.k.p.r.p.TestFile    ... success: reloaded. 
499943     INFO  main            d.u.i.k.p.r.p.TestFile    Now processing file /home/runner/work/key/key/key.core/../key.ui/examples/heap/permissions/threads/Sampler_initPost_accessible.key 
499944     INFO  main            d.u.i.k.p.i.AbstractProblemLoader Loading environment from /home/runner/work/key/key/key.core/../key.ui/examples/heap/permissions/threads/Sampler_initPost_accessible.key 
499944     DEBUG main            d.u.i.k.p.i.AbstractProblemLoader Environment load took 48.2ns 
499944     INFO  main            d.u.i.k.p.i.AbstractProblemLoader Creating init config 
504118     DEBUG main            d.u.i.k.p.i.AbstractProblemLoader Init config took 4.17s 
504200     INFO  main            d.u.i.k.p.i.AbstractProblemLoader Replaying proof Sampler[ThreadSpec2::initPost()].JML accessible clause.0 
504201     DEBUG main            d.u.i.k.p.i.IntermediateProofReplayer Proof replay took 2.9ns 
504302     INFO  main            d.u.i.k.p.r.p.TestFile    ... finished proof: closed. 
504760     INFO  main            d.u.i.k.p.i.AbstractProblemLoader Loading environment from /home/runner/work/key/key/key.core/../key.ui/examples/heap/permissions/threads/Sampler_initPost_accessible.key.proof 
504760     DEBUG main            d.u.i.k.p.i.AbstractProblemLoader Environment load took 71.3ns 
504761     INFO  main            d.u.i.k.p.i.AbstractProblemLoader Creating init config 
508876     DEBUG main            d.u.i.k.p.i.AbstractProblemLoader Init config took 4.12s 
508957     INFO  main            d.u.i.k.p.i.AbstractProblemLoader Replaying proof Sampler[ThreadSpec2::initPost()].JML accessible clause.0 
508963     DEBUG main            d.u.i.k.p.i.IntermediateProofReplayer Proof replay took 4.95ms 
508964     DEBUG main            d.u.i.k.p.r.p.TestFile    ... success: reloaded. 
508965     INFO  main            d.u.i.k.p.r.p.TestFile    Now processing file /home/runner/work/key/key/key.core/../key.ui/examples/heap/permissions/threads/Sampler_inv_accessible1.key 
508965     INFO  main            d.u.i.k.p.i.AbstractProblemLoader Loading environment from /home/runner/work/key/key/key.core/../key.ui/examples/heap/permissions/threads/Sampler_inv_accessible1.key 
508965     DEBUG main            d.u.i.k.p.i.AbstractProblemLoader Environment load took 41ns 
508966     INFO  main            d.u.i.k.p.i.AbstractProblemLoader Creating init config 
513150     DEBUG main            d.u.i.k.p.i.AbstractProblemLoader Init config took 4.18s 
513230     INFO  main            d.u.i.k.p.i.AbstractProblemLoader Replaying proof Sampler[java.lang.Object::<inv>()].JML accessible clause.0 
513231     DEBUG main            d.u.i.k.p.i.IntermediateProofReplayer Proof replay took 2.8ns 
513333     INFO  main            d.u.i.k.p.r.p.TestFile    ... finished proof: closed. 
513799     INFO  main            d.u.i.k.p.i.AbstractProblemLoader Loading environment from /home/runner/work/key/key/key.core/../key.ui/examples/heap/permissions/threads/Sampler_inv_accessible1.key.proof 
513799     DEBUG main            d.u.i.k.p.i.AbstractProblemLoader Environment load took 95.1ns 
513800     INFO  main            d.u.i.k.p.i.AbstractProblemLoader Creating init config 
517908     DEBUG main            d.u.i.k.p.i.AbstractProblemLoader Init config took 4.11s 
517987     INFO  main            d.u.i.k.p.i.AbstractProblemLoader Replaying proof Sampler[java.lang.Object::<inv>()].JML accessible clause.0 
517990     DEBUG main            d.u.i.k.p.i.IntermediateProofReplayer Proof replay took 1.42ms 
517990     DEBUG main            d.u.i.k.p.r.p.TestFile    ... success: reloaded. 
517991     INFO  main            d.u.i.k.p.r.p.TestFile    Now processing file /home/runner/work/key/key/key.core/../key.ui/examples/heap/permissions/threads/Sampler_inv_accessible2.key 
517991     INFO  main            d.u.i.k.p.i.AbstractProblemLoader Loading environment from /home/runner/work/key/key/key.core/../key.ui/examples/heap/permissions/threads/Sampler_inv_accessible2.key 
517991     DEBUG main            d.u.i.k.p.i.AbstractProblemLoader Environment load took 38.5ns 
517992     INFO  main            d.u.i.k.p.i.AbstractProblemLoader Creating init config 
522207     DEBUG main            d.u.i.k.p.i.AbstractProblemLoader Init config took 4.22s 
522305     INFO  main            d.u.i.k.p.i.AbstractProblemLoader Replaying proof Sampler[java.lang.Object::<inv>()].JML accessible clause.1 
522306     DEBUG main            d.u.i.k.p.i.IntermediateProofReplayer Proof replay took 3.6ns 
522407     INFO  main            d.u.i.k.p.r.p.TestFile    ... finished proof: closed. 
522876     INFO  main            d.u.i.k.p.i.AbstractProblemLoader Loading environment from /home/runner/work/key/key/key.core/../key.ui/examples/heap/permissions/threads/Sampler_inv_accessible2.key.proof 
522876     DEBUG main            d.u.i.k.p.i.AbstractProblemLoader Environment load took 65.4ns 
522876     INFO  main            d.u.i.k.p.i.AbstractProblemLoader Creating init config 
526976     DEBUG main            d.u.i.k.p.i.AbstractProblemLoader Init config took 4.1s 
527055     INFO  main            d.u.i.k.p.i.AbstractProblemLoader Replaying proof Sampler[java.lang.Object::<inv>()].JML accessible clause.1 
527058     DEBUG main            d.u.i.k.p.i.IntermediateProofReplayer Proof replay took 1.51ms 
527059     DEBUG main            d.u.i.k.p.r.p.TestFile    ... success: reloaded. 
527060     INFO  main            d.u.i.k.p.r.p.TestFile    Now processing file /home/runner/work/key/key/key.core/../key.ui/examples/heap/permissions/threads/Sampler_joinTransfer_accessible.key 
527060     INFO  main            d.u.i.k.p.i.AbstractProblemLoader Loading environment from /home/runner/work/key/key/key.core/../key.ui/examples/heap/permissions/threads/Sampler_joinTransfer_accessible.key 
527060     DEBUG main            d.u.i.k.p.i.AbstractProblemLoader Environment load took 64.5ns 
527061     INFO  main            d.u.i.k.p.i.AbstractProblemLoader Creating init config 
531233     DEBUG main            d.u.i.k.p.i.AbstractProblemLoader Init config took 4.17s 
531312     INFO  main            d.u.i.k.p.i.AbstractProblemLoader Replaying proof Sampler[ThreadSpec2::joinTransfer()].JML accessible clause.0 
531313     DEBUG main            d.u.i.k.p.i.IntermediateProofReplayer Proof replay took 2.9ns 
534624     INFO  main            d.u.i.k.p.r.p.TestFile    ... finished proof: closed. 
535110     INFO  main            d.u.i.k.p.i.AbstractProblemLoader Loading environment from /home/runner/work/key/key/key.core/../key.ui/examples/heap/permissions/threads/Sampler_joinTransfer_accessible.key.proof 
535110     DEBUG main            d.u.i.k.p.i.AbstractProblemLoader Environment load took 281.9ns 
535111     INFO  main            d.u.i.k.p.i.AbstractProblemLoader Creating init config 
539227     DEBUG main            d.u.i.k.p.i.AbstractProblemLoader Init config took 4.12s 
539308     INFO  main            d.u.i.k.p.i.AbstractProblemLoader Replaying proof Sampler[ThreadSpec2::joinTransfer()].JML accessible clause.0 
539848     DEBUG main            d.u.i.k.p.i.IntermediateProofReplayer Proof replay took 528.98ms 
539849     DEBUG main            d.u.i.k.p.r.p.TestFile    ... success: reloaded. 
539850     INFO  main            d.u.i.k.p.r.p.TestFile    Now processing file /home/runner/work/key/key/key.core/../key.ui/examples/heap/permissions/threads/Sampler_joinTransfer_contract.key 
539850     INFO  main            d.u.i.k.p.i.AbstractProblemLoader Loading environment from /home/runner/work/key/key/key.core/../key.ui/examples/heap/permissions/threads/Sampler_joinTransfer_contract.key 
539850     DEBUG main            d.u.i.k.p.i.AbstractProblemLoader Environment load took 61.6ns 
539851     INFO  main            d.u.i.k.p.i.AbstractProblemLoader Creating init config 
544102     DEBUG main            d.u.i.k.p.i.AbstractProblemLoader Init config took 4.25s 
544182     INFO  main            d.u.i.k.p.i.AbstractProblemLoader Replaying proof Sampler[ThreadSpec2::joinTransfer()].JML model_behavior operation contract.0 
544183     DEBUG main            d.u.i.k.p.i.IntermediateProofReplayer Proof replay took 3.6ns 
544285     INFO  main            d.u.i.k.p.r.p.TestFile    ... finished proof: closed. 
544752     INFO  main            d.u.i.k.p.i.AbstractProblemLoader Loading environment from /home/runner/work/key/key/key.core/../key.ui/examples/heap/permissions/threads/Sampler_joinTransfer_contract.key.proof 
544752     DEBUG main            d.u.i.k.p.i.AbstractProblemLoader Environment load took 76.2ns 
544753     INFO  main            d.u.i.k.p.i.AbstractProblemLoader Creating init config 
548856     DEBUG main            d.u.i.k.p.i.AbstractProblemLoader Init config took 4.1s 
548935     INFO  main            d.u.i.k.p.i.AbstractProblemLoader Replaying proof Sampler[ThreadSpec2::joinTransfer()].JML model_behavior operation contract.0 
548943     DEBUG main            d.u.i.k.p.i.IntermediateProofReplayer Proof replay took 6.07ms 
548943     DEBUG main            d.u.i.k.p.r.p.TestFile    ... success: reloaded. 
548944     INFO  main            d.u.i.k.p.r.p.TestFile    Now processing file /home/runner/work/key/key/key.core/../key.ui/examples/heap/permissions/threads/Sampler_postJoin_accessible.key 
548944     INFO  main            d.u.i.k.p.i.AbstractProblemLoader Loading environment from /home/runner/work/key/key/key.core/../key.ui/examples/heap/permissions/threads/Sampler_postJoin_accessible.key 
548944     DEBUG main            d.u.i.k.p.i.AbstractProblemLoader Environment load took 41.1ns 
548945     INFO  main            d.u.i.k.p.i.AbstractProblemLoader Creating init config 
553126     DEBUG main            d.u.i.k.p.i.AbstractProblemLoader Init config took 4.18s 
553205     INFO  main            d.u.i.k.p.i.AbstractProblemLoader Replaying proof Sampler[ThreadSpec2::postJoin(java.lang.Object)].JML accessible clause.0 
553207     DEBUG main            d.u.i.k.p.i.IntermediateProofReplayer Proof replay took 3.8ns 
553308     INFO  main            d.u.i.k.p.r.p.TestFile    ... finished proof: closed. 
553795     INFO  main            d.u.i.k.p.i.AbstractProblemLoader Loading environment from /home/runner/work/key/key/key.core/../key.ui/examples/heap/permissions/threads/Sampler_postJoin_accessible.key.proof 
553795     DEBUG main            d.u.i.k.p.i.AbstractProblemLoader Environment load took 71ns 
553796     INFO  main            d.u.i.k.p.i.AbstractProblemLoader Creating init config 
557895     DEBUG main            d.u.i.k.p.i.AbstractProblemLoader Init config took 4.1s 
557973     INFO  main            d.u.i.k.p.i.AbstractProblemLoader Replaying proof Sampler[ThreadSpec2::postJoin(java.lang.Object)].JML accessible clause.0 
557982     DEBUG main            d.u.i.k.p.i.IntermediateProofReplayer Proof replay took 7.25ms 
557983     DEBUG main            d.u.i.k.p.r.p.TestFile    ... success: reloaded. 
557983     INFO  main            d.u.i.k.p.r.p.TestFile    Now processing file /home/runner/work/key/key/key.core/../key.ui/examples/heap/permissions/threads/Sampler_preStart_accessible.key 
557983     INFO  main            d.u.i.k.p.i.AbstractProblemLoader Loading environment from /home/runner/work/key/key/key.core/../key.ui/examples/heap/permissions/threads/Sampler_preStart_accessible.key 
557983     DEBUG main            d.u.i.k.p.i.AbstractProblemLoader Environment load took 59.7ns 
557984     INFO  main            d.u.i.k.p.i.AbstractProblemLoader Creating init config 
562290     DEBUG main            d.u.i.k.p.i.AbstractProblemLoader Init config took 4.31s 
562379     INFO  main            d.u.i.k.p.i.AbstractProblemLoader Replaying proof Sampler[ThreadSpec2::preStart(java.lang.Object)].JML accessible clause.0 
562380     DEBUG main            d.u.i.k.p.i.IntermediateProofReplayer Proof replay took 2.9ns 
562482     INFO  main            d.u.i.k.p.r.p.TestFile    ... finished proof: closed. 
562963     INFO  main            d.u.i.k.p.i.AbstractProblemLoader Loading environment from /home/runner/work/key/key/key.core/../key.ui/examples/heap/permissions/threads/Sampler_preStart_accessible.key.proof 
562963     DEBUG main            d.u.i.k.p.i.AbstractProblemLoader Environment load took 68.3ns 
562964     INFO  main            d.u.i.k.p.i.AbstractProblemLoader Creating init config 
567068     DEBUG main            d.u.i.k.p.i.AbstractProblemLoader Init config took 4.1s 
567146     INFO  main            d.u.i.k.p.i.AbstractProblemLoader Replaying proof Sampler[ThreadSpec2::preStart(java.lang.Object)].JML accessible clause.0 
567168     DEBUG main            d.u.i.k.p.i.IntermediateProofReplayer Proof replay took 20.34ms 
567169     DEBUG main            d.u.i.k.p.r.p.TestFile    ... success: reloaded. 
567169     INFO  main            d.u.i.k.p.r.p.TestFile    Now processing file /home/runner/work/key/key/key.core/../key.ui/examples/heap/permissions/threads/Sampler_run.key 
567169     INFO  main            d.u.i.k.p.i.AbstractProblemLoader Loading environment from /home/runner/work/key/key/key.core/../key.ui/examples/heap/permissions/threads/Sampler_run.key 
567170     DEBUG main            d.u.i.k.p.i.AbstractProblemLoader Environment load took 112.1ns 
567170     INFO  main            d.u.i.k.p.i.AbstractProblemLoader Creating init config 
571421     DEBUG main            d.u.i.k.p.i.AbstractProblemLoader Init config took 4.25s 
571509     INFO  main            d.u.i.k.p.i.AbstractProblemLoader Replaying proof Sampler[ThreadSpec2::run()].JML normal_behavior operation contract.0 
571511     DEBUG main            d.u.i.k.p.i.IntermediateProofReplayer Proof replay took 3.5ns 
571615     INFO  main            d.u.i.k.p.r.p.TestFile    ... finished proof: closed. 
572103     INFO  main            d.u.i.k.p.i.AbstractProblemLoader Loading environment from /home/runner/work/key/key/key.core/../key.ui/examples/heap/permissions/threads/Sampler_run.key.proof 
572103     DEBUG main            d.u.i.k.p.i.AbstractProblemLoader Environment load took 65.7ns 
572104     INFO  main            d.u.i.k.p.i.AbstractProblemLoader Creating init config 
576373     DEBUG main            d.u.i.k.p.i.AbstractProblemLoader Init config took 4.27s 
576477     INFO  main            d.u.i.k.p.i.AbstractProblemLoader Replaying proof Sampler[ThreadSpec2::run()].JML normal_behavior operation contract.0 
576514     DEBUG main            d.u.i.k.p.i.IntermediateProofReplayer Proof replay took 35.55ms 
576515     DEBUG main            d.u.i.k.p.r.p.TestFile    ... success: reloaded. 
576515     INFO  main            d.u.i.k.p.r.p.TestFile    Now processing file /home/runner/work/key/key/key.core/../key.ui/examples/heap/permissions/threads/Sampler_Sampler.key 
576516     INFO  main            d.u.i.k.p.i.AbstractProblemLoader Loading environment from /home/runner/work/key/key/key.core/../key.ui/examples/heap/permissions/threads/Sampler_Sampler.key 
576516     DEBUG main            d.u.i.k.p.i.AbstractProblemLoader Environment load took 62.4ns 
576517     INFO  main            d.u.i.k.p.i.AbstractProblemLoader Creating init config 
580876     DEBUG main            d.u.i.k.p.i.AbstractProblemLoader Init config took 4.36s 
580964     INFO  main            d.u.i.k.p.i.AbstractProblemLoader Replaying proof Sampler[Sampler::Sampler(Buffer)].JML normal_behavior operation contract.0 
580966     DEBUG main            d.u.i.k.p.i.IntermediateProofReplayer Proof replay took 3.1ns 
581592     INFO  main            d.u.i.k.p.r.p.TestFile    ... finished proof: closed. 
582089     INFO  main            d.u.i.k.p.i.AbstractProblemLoader Loading environment from /home/runner/work/key/key/key.core/../key.ui/examples/heap/permissions/threads/Sampler_Sampler.key.proof 
582089     DEBUG main            d.u.i.k.p.i.AbstractProblemLoader Environment load took 64.1ns 
582090     INFO  main            d.u.i.k.p.i.AbstractProblemLoader Creating init config 
586461     DEBUG main            d.u.i.k.p.i.AbstractProblemLoader Init config took 4.37s 
586576     INFO  main            d.u.i.k.p.i.AbstractProblemLoader Replaying proof Sampler[Sampler::Sampler(Buffer)].JML normal_behavior operation contract.0 
586696     DEBUG main            d.u.i.k.p.i.IntermediateProofReplayer Proof replay took 111.39ms 
586697     DEBUG main            d.u.i.k.p.r.p.TestFile    ... success: reloaded. 
586698     INFO  main            d.u.i.k.p.r.p.TestFile    Now processing file /home/runner/work/key/key/key.core/../key.ui/examples/heap/permissions/threads/Sampler_startTransfer_accessible.key 
586698     INFO  main            d.u.i.k.p.i.AbstractProblemLoader Loading environment from /home/runner/work/key/key/key.core/../key.ui/examples/heap/permissions/threads/Sampler_startTransfer_accessible.key 
586698     DEBUG main            d.u.i.k.p.i.AbstractProblemLoader Environment load took 135.7ns 
586699     INFO  main            d.u.i.k.p.i.AbstractProblemLoader Creating init config 
590995     DEBUG main            d.u.i.k.p.i.AbstractProblemLoader Init config took 4.3s 
591102     INFO  main            d.u.i.k.p.i.AbstractProblemLoader Replaying proof Sampler[ThreadSpec2::startTransfer()].JML accessible clause.0 
591103     DEBUG main            d.u.i.k.p.i.IntermediateProofReplayer Proof replay took 2.4ns 
595113     INFO  main            d.u.i.k.p.r.p.TestFile    ... finished proof: closed. 
595628     INFO  main            d.u.i.k.p.i.AbstractProblemLoader Loading environment from /home/runner/work/key/key/key.core/../key.ui/examples/heap/permissions/threads/Sampler_startTransfer_accessible.key.proof 
595629     DEBUG main            d.u.i.k.p.i.AbstractProblemLoader Environment load took 280.3ns 
595630     INFO  main            d.u.i.k.p.i.AbstractProblemLoader Creating init config 
600008     DEBUG main            d.u.i.k.p.i.AbstractProblemLoader Init config took 4.38s 
600086     INFO  main            d.u.i.k.p.i.AbstractProblemLoader Replaying proof Sampler[ThreadSpec2::startTransfer()].JML accessible clause.0 
600630     DEBUG main            d.u.i.k.p.i.IntermediateProofReplayer Proof replay took 533.16ms 
600631     DEBUG main            d.u.i.k.p.r.p.TestFile    ... success: reloaded. 
600632     INFO  main            d.u.i.k.p.r.p.TestFile    Now processing file /home/runner/work/key/key/key.core/../key.ui/examples/heap/permissions/threads/Sampler_startTransfer_contract.key 
600632     INFO  main            d.u.i.k.p.i.AbstractProblemLoader Loading environment from /home/runner/work/key/key/key.core/../key.ui/examples/heap/permissions/threads/Sampler_startTransfer_contract.key 
600632     DEBUG main            d.u.i.k.p.i.AbstractProblemLoader Environment load took 40ns 
600633     INFO  main            d.u.i.k.p.i.AbstractProblemLoader Creating init config 
604790     DEBUG main            d.u.i.k.p.i.AbstractProblemLoader Init config took 4.16s 
604883     INFO  main            d.u.i.k.p.i.AbstractProblemLoader Replaying proof Sampler[ThreadSpec2::startTransfer()].JML model_behavior operation contract.0 
604884     DEBUG main            d.u.i.k.p.i.IntermediateProofReplayer Proof replay took 2.5ns 
604985     INFO  main            d.u.i.k.p.r.p.TestFile    ... finished proof: closed. 
605507     INFO  main            d.u.i.k.p.i.AbstractProblemLoader Loading environment from /home/runner/work/key/key/key.core/../key.ui/examples/heap/permissions/threads/Sampler_startTransfer_contract.key.proof 
605507     DEBUG main            d.u.i.k.p.i.AbstractProblemLoader Environment load took 64.3ns 
605508     INFO  main            d.u.i.k.p.i.AbstractProblemLoader Creating init config 
609582     DEBUG main            d.u.i.k.p.i.AbstractProblemLoader Init config took 4.07s 
609675     INFO  main            d.u.i.k.p.i.AbstractProblemLoader Replaying proof Sampler[ThreadSpec2::startTransfer()].JML model_behavior operation contract.0 
609682     DEBUG main            d.u.i.k.p.i.IntermediateProofReplayer Proof replay took 5.84ms 
609682     DEBUG main            d.u.i.k.p.r.p.TestFile    ... success: reloaded. 
609683     INFO  main            d.u.i.k.p.r.p.TestFile    Now processing file /home/runner/work/key/key/key.core/../key.ui/examples/heap/permissions/threads/Sampler_stateInv_accessible.key 
609683     INFO  main            d.u.i.k.p.i.AbstractProblemLoader Loading environment from /home/runner/work/key/key/key.core/../key.ui/examples/heap/permissions/threads/Sampler_stateInv_accessible.key 
609683     DEBUG main            d.u.i.k.p.i.AbstractProblemLoader Environment load took 39.4ns 
609684     INFO  main            d.u.i.k.p.i.AbstractProblemLoader Creating init config 
613837     DEBUG main            d.u.i.k.p.i.AbstractProblemLoader Init config took 4.15s 
613915     INFO  main            d.u.i.k.p.i.AbstractProblemLoader Replaying proof Sampler[ThreadSpec2::stateInv()].JML accessible clause.0 
613916     DEBUG main            d.u.i.k.p.i.IntermediateProofReplayer Proof replay took 2.2ns 
614018     INFO  main            d.u.i.k.p.r.p.TestFile    ... finished proof: closed. 
614542     INFO  main            d.u.i.k.p.i.AbstractProblemLoader Loading environment from /home/runner/work/key/key/key.core/../key.ui/examples/heap/permissions/threads/Sampler_stateInv_accessible.key.proof 
614543     DEBUG main            d.u.i.k.p.i.AbstractProblemLoader Environment load took 66.9ns 
614543     INFO  main            d.u.i.k.p.i.AbstractProblemLoader Creating init config 
618622     DEBUG main            d.u.i.k.p.i.AbstractProblemLoader Init config took 4.08s 
618713     INFO  main            d.u.i.k.p.i.AbstractProblemLoader Replaying proof Sampler[ThreadSpec2::stateInv()].JML accessible clause.0 
618720     DEBUG main            d.u.i.k.p.i.IntermediateProofReplayer Proof replay took 5.15ms 
618721     DEBUG main            d.u.i.k.p.r.p.TestFile    ... success: reloaded. 
618721     INFO  main            d.u.i.k.p.r.p.TestFile    Now processing file /home/runner/work/key/key/key.core/../key.ui/examples/heap/permissions/threads/Sampler_staticPermissions_accessible.key 
618722     INFO  main            d.u.i.k.p.i.AbstractProblemLoader Loading environment from /home/runner/work/key/key/key.core/../key.ui/examples/heap/permissions/threads/Sampler_staticPermissions_accessible.key 
618722     DEBUG main            d.u.i.k.p.i.AbstractProblemLoader Environment load took 66.6ns 
618722     INFO  main            d.u.i.k.p.i.AbstractProblemLoader Creating init config 
622880     DEBUG main            d.u.i.k.p.i.AbstractProblemLoader Init config took 4.16s 
622958     INFO  main            d.u.i.k.p.i.AbstractProblemLoader Replaying proof Sampler[ThreadSpec2::staticPermissions()].JML accessible clause.0 
622960     DEBUG main            d.u.i.k.p.i.IntermediateProofReplayer Proof replay took 2.6ns 
623061     INFO  main            d.u.i.k.p.r.p.TestFile    ... finished proof: closed. 
623593     INFO  main            d.u.i.k.p.i.AbstractProblemLoader Loading environment from /home/runner/work/key/key/key.core/../key.ui/examples/heap/permissions/threads/Sampler_staticPermissions_accessible.key.proof 
623593     DEBUG main            d.u.i.k.p.i.AbstractProblemLoader Environment load took 60.3ns 
623593     INFO  main            d.u.i.k.p.i.AbstractProblemLoader Creating init config 
627665     DEBUG main            d.u.i.k.p.i.AbstractProblemLoader Init config took 4.07s 
627755     INFO  main            d.u.i.k.p.i.AbstractProblemLoader Replaying proof Sampler[ThreadSpec2::staticPermissions()].JML accessible clause.0 
627759     DEBUG main            d.u.i.k.p.i.IntermediateProofReplayer Proof replay took 3.15ms 
627760     DEBUG main            d.u.i.k.p.r.p.TestFile    ... success: reloaded. 
627761     INFO  main            d.u.i.k.p.r.p.TestFile    Now processing file /home/runner/work/key/key/key.core/../key.ui/examples/heap/permissions/threads/Sampler_workingPermissions_accessible.key 
627761     INFO  main            d.u.i.k.p.i.AbstractProblemLoader Loading environment from /home/runner/work/key/key/key.core/../key.ui/examples/heap/permissions/threads/Sampler_workingPermissions_accessible.key 
627761     DEBUG main            d.u.i.k.p.i.AbstractProblemLoader Environment load took 59.5ns 
627762     INFO  main            d.u.i.k.p.i.AbstractProblemLoader Creating init config 
631913     DEBUG main            d.u.i.k.p.i.AbstractProblemLoader Init config took 4.15s 
631992     INFO  main            d.u.i.k.p.i.AbstractProblemLoader Replaying proof Sampler[ThreadSpec2::workingPermissions()].JML accessible clause.0 
631993     DEBUG main            d.u.i.k.p.i.IntermediateProofReplayer Proof replay took 2.3ns 
632094     INFO  main            d.u.i.k.p.r.p.TestFile    ... finished proof: closed. 
632631     INFO  main            d.u.i.k.p.i.AbstractProblemLoader Loading environment from /home/runner/work/key/key/key.core/../key.ui/examples/heap/permissions/threads/Sampler_workingPermissions_accessible.key.proof 
632631     DEBUG main            d.u.i.k.p.i.AbstractProblemLoader Environment load took 66.1ns 
632632     INFO  main            d.u.i.k.p.i.AbstractProblemLoader Creating init config 
636712     DEBUG main            d.u.i.k.p.i.AbstractProblemLoader Init config took 4.08s 
636790     INFO  main            d.u.i.k.p.i.AbstractProblemLoader Replaying proof Sampler[ThreadSpec2::workingPermissions()].JML accessible clause.0 
636795     DEBUG main            d.u.i.k.p.i.IntermediateProofReplayer Proof replay took 4.18ms 
636796     DEBUG main            d.u.i.k.p.r.p.TestFile    ... success: reloaded. 
636797     INFO  main            d.u.i.k.p.r.p.TestFile    Now processing file /home/runner/work/key/key/key.core/../key.ui/examples/heap/permissions/mulleretal/ReadWrite_doRead_contract.key 
636797     INFO  main            d.u.i.k.p.i.AbstractProblemLoader Loading environment from /home/runner/work/key/key/key.core/../key.ui/examples/heap/permissions/mulleretal/ReadWrite_doRead_contract.key 
636797     DEBUG main            d.u.i.k.p.i.AbstractProblemLoader Environment load took 39.8ns 
636798     INFO  main            d.u.i.k.p.i.AbstractProblemLoader Creating init config 
639222     DEBUG main            d.u.i.k.p.i.AbstractProblemLoader Init config took 2.42s 
639254     INFO  main            d.u.i.k.p.i.AbstractProblemLoader Replaying proof ReadWrite[ReadWrite::doRead()].JML normal_behavior operation contract.0 
639255     DEBUG main            d.u.i.k.p.i.IntermediateProofReplayer Proof replay took 2.5ns 
640664     INFO  main            d.u.i.k.p.r.p.TestFile    ... finished proof: closed. 
641238     INFO  main            d.u.i.k.p.i.AbstractProblemLoader Loading environment from /home/runner/work/key/key/key.core/../key.ui/examples/heap/permissions/mulleretal/ReadWrite_doRead_contract.key.proof 
641239     DEBUG main            d.u.i.k.p.i.AbstractProblemLoader Environment load took 307.7ns 
641240     INFO  main            d.u.i.k.p.i.AbstractProblemLoader Creating init config 
643570     DEBUG main            d.u.i.k.p.i.AbstractProblemLoader Init config took 2.33s 
643602     INFO  main            d.u.i.k.p.i.AbstractProblemLoader Replaying proof ReadWrite[ReadWrite::doRead()].JML normal_behavior operation contract.0 
643926     DEBUG main            d.u.i.k.p.i.IntermediateProofReplayer Proof replay took 318.57ms 
643927     DEBUG main            d.u.i.k.p.r.p.TestFile    ... success: reloaded. 
643927     INFO  main            d.u.i.k.p.r.p.TestFile    Now processing file /home/runner/work/key/key/key.core/../key.ui/examples/heap/permissions/mulleretal/ReadWrite_doWrite_contract.key 
643928     INFO  main            d.u.i.k.p.i.AbstractProblemLoader Loading environment from /home/runner/work/key/key/key.core/../key.ui/examples/heap/permissions/mulleretal/ReadWrite_doWrite_contract.key 
643928     DEBUG main            d.u.i.k.p.i.AbstractProblemLoader Environment load took 42.8ns 
643928     INFO  main            d.u.i.k.p.i.AbstractProblemLoader Creating init config 
646331     DEBUG main            d.u.i.k.p.i.AbstractProblemLoader Init config took 2.4s 
646363     INFO  main            d.u.i.k.p.i.AbstractProblemLoader Replaying proof ReadWrite[ReadWrite::doWrite()].JML normal_behavior operation contract.0 
646364     DEBUG main            d.u.i.k.p.i.IntermediateProofReplayer Proof replay took 2.9ns 
647870     INFO  main            d.u.i.k.p.r.p.TestFile    ... finished proof: closed. 
648455     INFO  main            d.u.i.k.p.i.AbstractProblemLoader Loading environment from /home/runner/work/key/key/key.core/../key.ui/examples/heap/permissions/mulleretal/ReadWrite_doWrite_contract.key.proof 
648456     DEBUG main            d.u.i.k.p.i.AbstractProblemLoader Environment load took 277.3ns 
648457     INFO  main            d.u.i.k.p.i.AbstractProblemLoader Creating init config 
650767     DEBUG main            d.u.i.k.p.i.AbstractProblemLoader Init config took 2.31s 
650799     INFO  main            d.u.i.k.p.i.AbstractProblemLoader Replaying proof ReadWrite[ReadWrite::doWrite()].JML normal_behavior operation contract.0 
651167     DEBUG main            d.u.i.k.p.i.IntermediateProofReplayer Proof replay took 362.97ms 
651168     DEBUG main            d.u.i.k.p.r.p.TestFile    ... success: reloaded. 
651168     INFO  main            d.u.i.k.p.r.p.TestFile    Now processing file /home/runner/work/key/key/key.core/../key.ui/examples/heap/permissions/mulleretal/ReadWrite_read_contract.key 
651168     INFO  main            d.u.i.k.p.i.AbstractProblemLoader Loading environment from /home/runner/work/key/key/key.core/../key.ui/examples/heap/permissions/mulleretal/ReadWrite_read_contract.key 
651169     DEBUG main            d.u.i.k.p.i.AbstractProblemLoader Environment load took 38.5ns 
651169     INFO  main            d.u.i.k.p.i.AbstractProblemLoader Creating init config 
653532     DEBUG main            d.u.i.k.p.i.AbstractProblemLoader Init config took 2.36s 
653563     INFO  main            d.u.i.k.p.i.AbstractProblemLoader Replaying proof ReadWrite[ReadWrite::read()].JML normal_behavior operation contract.0 
653564     DEBUG main            d.u.i.k.p.i.IntermediateProofReplayer Proof replay took 2.4ns 
653665     INFO  main            d.u.i.k.p.r.p.TestFile    ... finished proof: closed. 
654212     INFO  main            d.u.i.k.p.i.AbstractProblemLoader Loading environment from /home/runner/work/key/key/key.core/../key.ui/examples/heap/permissions/mulleretal/ReadWrite_read_contract.key.proof 
654212     DEBUG main            d.u.i.k.p.i.AbstractProblemLoader Environment load took 62.3ns 
654212     INFO  main            d.u.i.k.p.i.AbstractProblemLoader Creating init config 
656522     DEBUG main            d.u.i.k.p.i.AbstractProblemLoader Init config took 2.31s 
656553     INFO  main            d.u.i.k.p.i.AbstractProblemLoader Replaying proof ReadWrite[ReadWrite::read()].JML normal_behavior operation contract.0 
656561     DEBUG main            d.u.i.k.p.i.IntermediateProofReplayer Proof replay took 5.89ms 
656561     DEBUG main            d.u.i.k.p.r.p.TestFile    ... success: reloaded. 
656562     INFO  main            d.u.i.k.p.r.p.TestFile    Now processing file /home/runner/work/key/key/key.core/../key.ui/examples/heap/permissions/mulleretal/ReadWrite_write_contract.key 
656562     INFO  main            d.u.i.k.p.i.AbstractProblemLoader Loading environment from /home/runner/work/key/key/key.core/../key.ui/examples/heap/permissions/mulleretal/ReadWrite_write_contract.key 
656562     DEBUG main            d.u.i.k.p.i.AbstractProblemLoader Environment load took 48.4ns 
656563     INFO  main            d.u.i.k.p.i.AbstractProblemLoader Creating init config 
658903     DEBUG main            d.u.i.k.p.i.AbstractProblemLoader Init config took 2.34s 
658935     INFO  main            d.u.i.k.p.i.AbstractProblemLoader Replaying proof ReadWrite[ReadWrite::write()].JML normal_behavior operation contract.0 
658936     DEBUG main            d.u.i.k.p.i.IntermediateProofReplayer Proof replay took 2.4ns 
659039     INFO  main            d.u.i.k.p.r.p.TestFile    ... finished proof: closed. 
659600     INFO  main            d.u.i.k.p.i.AbstractProblemLoader Loading environment from /home/runner/work/key/key/key.core/../key.ui/examples/heap/permissions/mulleretal/ReadWrite_write_contract.key.proof 
659600     DEBUG main            d.u.i.k.p.i.AbstractProblemLoader Environment load took 82.7ns 
659601     INFO  main            d.u.i.k.p.i.AbstractProblemLoader Creating init config 
661948     DEBUG main            d.u.i.k.p.i.AbstractProblemLoader Init config took 2.35s 
661980     INFO  main            d.u.i.k.p.i.AbstractProblemLoader Replaying proof ReadWrite[ReadWrite::write()].JML normal_behavior operation contract.0 
662003     DEBUG main            d.u.i.k.p.i.IntermediateProofReplayer Proof replay took 21.27ms 
662003     DEBUG main            d.u.i.k.p.r.p.TestFile    ... success: reloaded. 
662004     INFO  main            d.u.i.k.p.r.p.TestFile    Now processing file /home/runner/work/key/key/key.core/../key.ui/examples/heap/permissions/mulleretal/ReadWrite_inv1_accessible.key 
662004     INFO  main            d.u.i.k.p.i.AbstractProblemLoader Loading environment from /home/runner/work/key/key/key.core/../key.ui/examples/heap/permissions/mulleretal/ReadWrite_inv1_accessible.key 
662004     DEBUG main            d.u.i.k.p.i.AbstractProblemLoader Environment load took 88.1ns 
662005     INFO  main            d.u.i.k.p.i.AbstractProblemLoader Creating init config 
664353     DEBUG main            d.u.i.k.p.i.AbstractProblemLoader Init config took 2.35s 
664384     INFO  main            d.u.i.k.p.i.AbstractProblemLoader Replaying proof ReadWrite[java.lang.Object::<inv>()].JML accessible clause.0 
664385     DEBUG main            d.u.i.k.p.i.IntermediateProofReplayer Proof replay took 2.4ns 
664486     INFO  main            d.u.i.k.p.r.p.TestFile    ... finished proof: closed. 
665045     INFO  main            d.u.i.k.p.i.AbstractProblemLoader Loading environment from /home/runner/work/key/key/key.core/../key.ui/examples/heap/permissions/mulleretal/ReadWrite_inv1_accessible.key.proof 
665045     DEBUG main            d.u.i.k.p.i.AbstractProblemLoader Environment load took 60.3ns 
665046     INFO  main            d.u.i.k.p.i.AbstractProblemLoader Creating init config 
667346     DEBUG main            d.u.i.k.p.i.AbstractProblemLoader Init config took 2.3s 
667378     INFO  main            d.u.i.k.p.i.AbstractProblemLoader Replaying proof ReadWrite[java.lang.Object::<inv>()].JML accessible clause.0 
667381     DEBUG main            d.u.i.k.p.i.IntermediateProofReplayer Proof replay took 1.4ms 
667381     DEBUG main            d.u.i.k.p.r.p.TestFile    ... success: reloaded. 
667382     INFO  main            d.u.i.k.p.r.p.TestFile    Now processing file /home/runner/work/key/key/key.core/../key.ui/examples/heap/permissions/mulleretal/ReadWrite_inv2_accessible.key 
667382     INFO  main            d.u.i.k.p.i.AbstractProblemLoader Loading environment from /home/runner/work/key/key/key.core/../key.ui/examples/heap/permissions/mulleretal/ReadWrite_inv2_accessible.key 
667382     DEBUG main            d.u.i.k.p.i.AbstractProblemLoader Environment load took 40.6ns 
667383     INFO  main            d.u.i.k.p.i.AbstractProblemLoader Creating init config 
669724     DEBUG main            d.u.i.k.p.i.AbstractProblemLoader Init config took 2.34s 
669755     INFO  main            d.u.i.k.p.i.AbstractProblemLoader Replaying proof ReadWrite[java.lang.Object::<inv>()].JML accessible clause.1 
669756     DEBUG main            d.u.i.k.p.i.IntermediateProofReplayer Proof replay took 3.1ns 
669857     INFO  main            d.u.i.k.p.r.p.TestFile    ... finished proof: closed. 
670411     INFO  main            d.u.i.k.p.i.AbstractProblemLoader Loading environment from /home/runner/work/key/key/key.core/../key.ui/examples/heap/permissions/mulleretal/ReadWrite_inv2_accessible.key.proof 
670412     DEBUG main            d.u.i.k.p.i.AbstractProblemLoader Environment load took 62.4ns 
670412     INFO  main            d.u.i.k.p.i.AbstractProblemLoader Creating init config 
672718     DEBUG main            d.u.i.k.p.i.AbstractProblemLoader Init config took 2.31s 
672750     INFO  main            d.u.i.k.p.i.AbstractProblemLoader Replaying proof ReadWrite[java.lang.Object::<inv>()].JML accessible clause.1 
672752     DEBUG main            d.u.i.k.p.i.IntermediateProofReplayer Proof replay took 1.41ms 
672753     DEBUG main            d.u.i.k.p.r.p.TestFile    ... success: reloaded. 
672753     INFO  main            d.u.i.k.p.r.p.TestFile    Now processing file /home/runner/work/key/key/key.core/../key.ui/examples/heap/permissions/lockspec/Counter_lockConsistent_contract.key 
672753     INFO  main            d.u.i.k.p.i.AbstractProblemLoader Loading environment from /home/runner/work/key/key/key.core/../key.ui/examples/heap/permissions/lockspec/Counter_lockConsistent_contract.key 
672753     DEBUG main            d.u.i.k.p.i.AbstractProblemLoader Environment load took 39.5ns 
672754     INFO  main            d.u.i.k.p.i.AbstractProblemLoader Creating init config 
675591     DEBUG main            d.u.i.k.p.i.AbstractProblemLoader Init config took 2.84s 
675642     INFO  main            d.u.i.k.p.i.AbstractProblemLoader Replaying proof Counter[LockSpec::lockConsistent()].JML model_behavior operation contract.0 
675644     DEBUG main            d.u.i.k.p.i.IntermediateProofReplayer Proof replay took 2.6ns 
676650     INFO  main            d.u.i.k.p.r.p.TestFile    ... finished proof: closed. 
677230     INFO  main            d.u.i.k.p.i.AbstractProblemLoader Loading environment from /home/runner/work/key/key/key.core/../key.ui/examples/heap/permissions/lockspec/Counter_lockConsistent_contract.key.proof 
677230     DEBUG main            d.u.i.k.p.i.AbstractProblemLoader Environment load took 110.6ns 
677231     INFO  main            d.u.i.k.p.i.AbstractProblemLoader Creating init config 
679957     DEBUG main            d.u.i.k.p.i.AbstractProblemLoader Init config took 2.73s 
680008     INFO  main            d.u.i.k.p.i.AbstractProblemLoader Replaying proof Counter[LockSpec::lockConsistent()].JML model_behavior operation contract.0 
680138     DEBUG main            d.u.i.k.p.i.IntermediateProofReplayer Proof replay took 123.08ms 
680139     DEBUG main            d.u.i.k.p.r.p.TestFile    ... success: reloaded. 
680139     INFO  main            d.u.i.k.p.r.p.TestFile    Now processing file /home/runner/work/key/key/key.core/../key.ui/examples/heap/permissions/lockspec/Counter_increase_contract.key 
680140     INFO  main            d.u.i.k.p.i.AbstractProblemLoader Loading environment from /home/runner/work/key/key/key.core/../key.ui/examples/heap/permissions/lockspec/Counter_increase_contract.key 
680140     DEBUG main            d.u.i.k.p.i.AbstractProblemLoader Environment load took 38.6ns 
680140     INFO  main            d.u.i.k.p.i.AbstractProblemLoader Creating init config 
682895     DEBUG main            d.u.i.k.p.i.AbstractProblemLoader Init config took 2.75s 
682946     INFO  main            d.u.i.k.p.i.AbstractProblemLoader Replaying proof Counter[Counter::increase()].JML normal_behavior operation contract.0 
682952     DEBUG main            d.u.i.k.p.i.IntermediateProofReplayer Proof replay took 2.1ns 
684358     INFO  main            d.u.i.k.p.r.p.TestFile    ... finished proof: closed. 
684966     INFO  main            d.u.i.k.p.i.AbstractProblemLoader Loading environment from /home/runner/work/key/key/key.core/../key.ui/examples/heap/permissions/lockspec/Counter_increase_contract.key.proof 
684966     DEBUG main            d.u.i.k.p.i.AbstractProblemLoader Environment load took 323.8ns 
684968     INFO  main            d.u.i.k.p.i.AbstractProblemLoader Creating init config 
687703     DEBUG main            d.u.i.k.p.i.AbstractProblemLoader Init config took 2.74s 
687750     INFO  main            d.u.i.k.p.i.AbstractProblemLoader Replaying proof Counter[Counter::increase()].JML normal_behavior operation contract.0 
687985     DEBUG main            d.u.i.k.p.i.IntermediateProofReplayer Proof replay took 221.16ms 
687986     DEBUG main            d.u.i.k.p.r.p.TestFile    ... success: reloaded. 
687987     INFO  main            d.u.i.k.p.r.p.TestFile    Now processing file /home/runner/work/key/key/key.core/../key.ui/examples/heap/permissions/lockspec/Counter_fp_accessible.key 
687987     INFO  main            d.u.i.k.p.i.AbstractProblemLoader Loading environment from /home/runner/work/key/key/key.core/../key.ui/examples/heap/permissions/lockspec/Counter_fp_accessible.key 
687987     DEBUG main            d.u.i.k.p.i.AbstractProblemLoader Environment load took 59.9ns 
687988     INFO  main            d.u.i.k.p.i.AbstractProblemLoader Creating init config 
690744     DEBUG main            d.u.i.k.p.i.AbstractProblemLoader Init config took 2.76s 
690793     INFO  main            d.u.i.k.p.i.AbstractProblemLoader Replaying proof Counter[LockSpec::fp()].JML accessible clause.0 
690795     DEBUG main            d.u.i.k.p.i.IntermediateProofReplayer Proof replay took 2.4ns 
690896     INFO  main            d.u.i.k.p.r.p.TestFile    ... finished proof: closed. 
691478     INFO  main            d.u.i.k.p.i.AbstractProblemLoader Loading environment from /home/runner/work/key/key/key.core/../key.ui/examples/heap/permissions/lockspec/Counter_fp_accessible.key.proof 
691478     DEBUG main            d.u.i.k.p.i.AbstractProblemLoader Environment load took 65.6ns 
691479     INFO  main            d.u.i.k.p.i.AbstractProblemLoader Creating init config 
694207     DEBUG main            d.u.i.k.p.i.AbstractProblemLoader Init config took 2.73s 
694256     INFO  main            d.u.i.k.p.i.AbstractProblemLoader Replaying proof Counter[LockSpec::fp()].JML accessible clause.0 
694265     DEBUG main            d.u.i.k.p.i.IntermediateProofReplayer Proof replay took 6.74ms 
694265     DEBUG main            d.u.i.k.p.r.p.TestFile    ... success: reloaded. 
694266     INFO  main            d.u.i.k.p.r.p.TestFile    Now processing file /home/runner/work/key/key/key.core/../key.ui/examples/heap/permissions/lockspec/Counter_fpLock_accessible.key 
694266     INFO  main            d.u.i.k.p.i.AbstractProblemLoader Loading environment from /home/runner/work/key/key/key.core/../key.ui/examples/heap/permissions/lockspec/Counter_fpLock_accessible.key 
694266     DEBUG main            d.u.i.k.p.i.AbstractProblemLoader Environment load took 73.3ns 
694267     INFO  main            d.u.i.k.p.i.AbstractProblemLoader Creating init config 
697034     DEBUG main            d.u.i.k.p.i.AbstractProblemLoader Init config took 2.77s 
697083     INFO  main            d.u.i.k.p.i.AbstractProblemLoader Replaying proof Counter[LockSpec::fpLock()].JML accessible clause.0 
697084     DEBUG main            d.u.i.k.p.i.IntermediateProofReplayer Proof replay took 2.6ns 
697186     INFO  main            d.u.i.k.p.r.p.TestFile    ... finished proof: closed. 
697770     INFO  main            d.u.i.k.p.i.AbstractProblemLoader Loading environment from /home/runner/work/key/key/key.core/../key.ui/examples/heap/permissions/lockspec/Counter_fpLock_accessible.key.proof 
697770     DEBUG main            d.u.i.k.p.i.AbstractProblemLoader Environment load took 66.5ns 
697771     INFO  main            d.u.i.k.p.i.AbstractProblemLoader Creating init config 
700489     DEBUG main            d.u.i.k.p.i.AbstractProblemLoader Init config took 2.72s 
700538     INFO  main            d.u.i.k.p.i.AbstractProblemLoader Replaying proof Counter[LockSpec::fpLock()].JML accessible clause.0 
700547     DEBUG main            d.u.i.k.p.i.IntermediateProofReplayer Proof replay took 6.83ms 
700547     DEBUG main            d.u.i.k.p.r.p.TestFile    ... success: reloaded. 
700548     INFO  main            d.u.i.k.p.r.p.TestFile    Now processing file /home/runner/work/key/key/key.core/../key.ui/examples/heap/permissions/lockspec/Counter_fpPerm_accessible.key 
700548     INFO  main            d.u.i.k.p.i.AbstractProblemLoader Loading environment from /home/runner/work/key/key/key.core/../key.ui/examples/heap/permissions/lockspec/Counter_fpPerm_accessible.key 
700548     DEBUG main            d.u.i.k.p.i.AbstractProblemLoader Environment load took 58.9ns 
700549     INFO  main            d.u.i.k.p.i.AbstractProblemLoader Creating init config 
703301     DEBUG main            d.u.i.k.p.i.AbstractProblemLoader Init config took 2.75s 
703365     INFO  main            d.u.i.k.p.i.AbstractProblemLoader Replaying proof Counter[LockSpec::fpPerm()].JML accessible clause.0 
703366     DEBUG main            d.u.i.k.p.i.IntermediateProofReplayer Proof replay took 2.9ns 
703471     INFO  main            d.u.i.k.p.r.p.TestFile    ... finished proof: closed. 
704057     INFO  main            d.u.i.k.p.i.AbstractProblemLoader Loading environment from /home/runner/work/key/key/key.core/../key.ui/examples/heap/permissions/lockspec/Counter_fpPerm_accessible.key.proof 
704057     DEBUG main            d.u.i.k.p.i.AbstractProblemLoader Environment load took 61.8ns 
704058     INFO  main            d.u.i.k.p.i.AbstractProblemLoader Creating init config 
706779     DEBUG main            d.u.i.k.p.i.AbstractProblemLoader Init config took 2.72s 
706828     INFO  main            d.u.i.k.p.i.AbstractProblemLoader Replaying proof Counter[LockSpec::fpPerm()].JML accessible clause.0 
706836     DEBUG main            d.u.i.k.p.i.IntermediateProofReplayer Proof replay took 6.28ms 
706836     DEBUG main            d.u.i.k.p.r.p.TestFile    ... success: reloaded. 
706837     INFO  main            d.u.i.k.p.r.p.TestFile    Now processing file /home/runner/work/key/key/key.core/../key.ui/examples/heap/permissions/lockspec/Counter_inv_accessible1.key 
706837     INFO  main            d.u.i.k.p.i.AbstractProblemLoader Loading environment from /home/runner/work/key/key/key.core/../key.ui/examples/heap/permissions/lockspec/Counter_inv_accessible1.key 
706837     DEBUG main            d.u.i.k.p.i.AbstractProblemLoader Environment load took 39.8ns 
706838     INFO  main            d.u.i.k.p.i.AbstractProblemLoader Creating init config 
709601     DEBUG main            d.u.i.k.p.i.AbstractProblemLoader Init config took 2.76s 
709650     INFO  main            d.u.i.k.p.i.AbstractProblemLoader Replaying proof Counter[java.lang.Object::<inv>()].JML accessible clause.0 
709651     DEBUG main            d.u.i.k.p.i.IntermediateProofReplayer Proof replay took 2.2ns 
709753     INFO  main            d.u.i.k.p.r.p.TestFile    ... finished proof: closed. 
710344     INFO  main            d.u.i.k.p.i.AbstractProblemLoader Loading environment from /home/runner/work/key/key/key.core/../key.ui/examples/heap/permissions/lockspec/Counter_inv_accessible1.key.proof 
710344     DEBUG main            d.u.i.k.p.i.AbstractProblemLoader Environment load took 66.9ns 
710345     INFO  main            d.u.i.k.p.i.AbstractProblemLoader Creating init config 
713066     DEBUG main            d.u.i.k.p.i.AbstractProblemLoader Init config took 2.72s 
713116     INFO  main            d.u.i.k.p.i.AbstractProblemLoader Replaying proof Counter[java.lang.Object::<inv>()].JML accessible clause.0 
713126     DEBUG main            d.u.i.k.p.i.IntermediateProofReplayer Proof replay took 8.24ms 
713126     DEBUG main            d.u.i.k.p.r.p.TestFile    ... success: reloaded. 
713127     INFO  main            d.u.i.k.p.r.p.TestFile    Now processing file /home/runner/work/key/key/key.core/../key.ui/examples/heap/permissions/lockspec/Counter_inv_accessible2.key 
713127     INFO  main            d.u.i.k.p.i.AbstractProblemLoader Loading environment from /home/runner/work/key/key/key.core/../key.ui/examples/heap/permissions/lockspec/Counter_inv_accessible2.key 
713127     DEBUG main            d.u.i.k.p.i.AbstractProblemLoader Environment load took 39.9ns 
713128     INFO  main            d.u.i.k.p.i.AbstractProblemLoader Creating init config 
715900     DEBUG main            d.u.i.k.p.i.AbstractProblemLoader Init config took 2.77s 
715950     INFO  main            d.u.i.k.p.i.AbstractProblemLoader Replaying proof Counter[java.lang.Object::<inv>()].JML accessible clause.1 
715951     DEBUG main            d.u.i.k.p.i.IntermediateProofReplayer Proof replay took 2.4ns 
716052     INFO  main            d.u.i.k.p.r.p.TestFile    ... finished proof: closed. 
716653     INFO  main            d.u.i.k.p.i.AbstractProblemLoader Loading environment from /home/runner/work/key/key/key.core/../key.ui/examples/heap/permissions/lockspec/Counter_inv_accessible2.key.proof 
716653     DEBUG main            d.u.i.k.p.i.AbstractProblemLoader Environment load took 64.4ns 
716653     INFO  main            d.u.i.k.p.i.AbstractProblemLoader Creating init config 
719377     DEBUG main            d.u.i.k.p.i.AbstractProblemLoader Init config took 2.72s 
719426     INFO  main            d.u.i.k.p.i.AbstractProblemLoader Replaying proof Counter[java.lang.Object::<inv>()].JML accessible clause.1 
719436     DEBUG main            d.u.i.k.p.i.IntermediateProofReplayer Proof replay took 7.98ms 
719436     DEBUG main            d.u.i.k.p.r.p.TestFile    ... success: reloaded. 
719437     INFO  main            d.u.i.k.p.r.p.TestFile    Now processing file /home/runner/work/key/key/key.core/../key.ui/examples/heap/permissions/lockspec/Counter_lockRef_accessible.key 
719437     INFO  main            d.u.i.k.p.i.AbstractProblemLoader Loading environment from /home/runner/work/key/key/key.core/../key.ui/examples/heap/permissions/lockspec/Counter_lockRef_accessible.key 
719437     DEBUG main            d.u.i.k.p.i.AbstractProblemLoader Environment load took 39.6ns 
719438     INFO  main            d.u.i.k.p.i.AbstractProblemLoader Creating init config 
722207     DEBUG main            d.u.i.k.p.i.AbstractProblemLoader Init config took 2.77s 
722256     INFO  main            d.u.i.k.p.i.AbstractProblemLoader Replaying proof Counter[LockSpec::lockRef()].JML accessible clause.0 
722258     DEBUG main            d.u.i.k.p.i.IntermediateProofReplayer Proof replay took 2.6ns 
722460     INFO  main            d.u.i.k.p.r.p.TestFile    ... finished proof: closed. 
723064     INFO  main            d.u.i.k.p.i.AbstractProblemLoader Loading environment from /home/runner/work/key/key/key.core/../key.ui/examples/heap/permissions/lockspec/Counter_lockRef_accessible.key.proof 
723064     DEBUG main            d.u.i.k.p.i.AbstractProblemLoader Environment load took 65.1ns 
723064     INFO  main            d.u.i.k.p.i.AbstractProblemLoader Creating init config 
725908     DEBUG main            d.u.i.k.p.i.AbstractProblemLoader Init config took 2.84s 
725968     INFO  main            d.u.i.k.p.i.AbstractProblemLoader Replaying proof Counter[LockSpec::lockRef()].JML accessible clause.0 
726009     DEBUG main            d.u.i.k.p.i.IntermediateProofReplayer Proof replay took 38.53ms 
726010     DEBUG main            d.u.i.k.p.r.p.TestFile    ... success: reloaded. 
726011     INFO  main            d.u.i.k.p.r.p.TestFile    Now processing file /home/runner/work/key/key/key.core/../key.ui/examples/heap/permissions/lockspec/Counter_lockRef_contract1.key 
726011     INFO  main            d.u.i.k.p.i.AbstractProblemLoader Loading environment from /home/runner/work/key/key/key.core/../key.ui/examples/heap/permissions/lockspec/Counter_lockRef_contract1.key 
726012     DEBUG main            d.u.i.k.p.i.AbstractProblemLoader Environment load took 173.1ns 
726012     INFO  main            d.u.i.k.p.i.AbstractProblemLoader Creating init config 
728902     DEBUG main            d.u.i.k.p.i.AbstractProblemLoader Init config took 2.89s 
728952     INFO  main            d.u.i.k.p.i.AbstractProblemLoader Replaying proof Counter[LockSpec::lockRef()].JML model_behavior operation contract.0 
728953     DEBUG main            d.u.i.k.p.i.IntermediateProofReplayer Proof replay took 2.5ns 
729055     INFO  main            d.u.i.k.p.r.p.TestFile    ... finished proof: closed. 
729653     INFO  main            d.u.i.k.p.i.AbstractProblemLoader Loading environment from /home/runner/work/key/key/key.core/../key.ui/examples/heap/permissions/lockspec/Counter_lockRef_contract1.key.proof 
729653     DEBUG main            d.u.i.k.p.i.AbstractProblemLoader Environment load took 61.6ns 
729653     INFO  main            d.u.i.k.p.i.AbstractProblemLoader Creating init config 
732429     DEBUG main            d.u.i.k.p.i.AbstractProblemLoader Init config took 2.78s 
732479     INFO  main            d.u.i.k.p.i.AbstractProblemLoader Replaying proof Counter[LockSpec::lockRef()].JML model_behavior operation contract.0 
732483     DEBUG main            d.u.i.k.p.i.IntermediateProofReplayer Proof replay took 3.06ms 
732483     DEBUG main            d.u.i.k.p.r.p.TestFile    ... success: reloaded. 
732484     INFO  main            d.u.i.k.p.r.p.TestFile    Now processing file /home/runner/work/key/key/key.core/../key.ui/examples/heap/permissions/lockspec/Counter_lockRef_contract2.key 
732484     INFO  main            d.u.i.k.p.i.AbstractProblemLoader Loading environment from /home/runner/work/key/key/key.core/../key.ui/examples/heap/permissions/lockspec/Counter_lockRef_contract2.key 
732484     DEBUG main            d.u.i.k.p.i.AbstractProblemLoader Environment load took 107ns 
732485     INFO  main            d.u.i.k.p.i.AbstractProblemLoader Creating init config 
735254     DEBUG main            d.u.i.k.p.i.AbstractProblemLoader Init config took 2.77s 
735303     INFO  main            d.u.i.k.p.i.AbstractProblemLoader Replaying proof Counter[Counter::lockRef()].JML model_behavior operation contract.0 
735304     DEBUG main            d.u.i.k.p.i.IntermediateProofReplayer Proof replay took 2.8ns 
735405     INFO  main            d.u.i.k.p.r.p.TestFile    ... finished proof: closed. 
736021     INFO  main            d.u.i.k.p.i.AbstractProblemLoader Loading environment from /home/runner/work/key/key/key.core/../key.ui/examples/heap/permissions/lockspec/Counter_lockRef_contract2.key.proof 
736021     DEBUG main            d.u.i.k.p.i.AbstractProblemLoader Environment load took 58.6ns 
736021     INFO  main            d.u.i.k.p.i.AbstractProblemLoader Creating init config 
738838     DEBUG main            d.u.i.k.p.i.AbstractProblemLoader Init config took 2.82s 
738893     INFO  main            d.u.i.k.p.i.AbstractProblemLoader Replaying proof Counter[Counter::lockRef()].JML model_behavior operation contract.0 
738898     DEBUG main            d.u.i.k.p.i.IntermediateProofReplayer Proof replay took 3.5ms 
738899     DEBUG main            d.u.i.k.p.r.p.TestFile    ... success: reloaded. 
738900     INFO  main            d.u.i.k.p.r.p.TestFile    Now processing file /home/runner/work/key/key/key.core/../key.ui/examples/heap/permissions/lockspec/Counter_lockState_accessible.key 
738900     INFO  main            d.u.i.k.p.i.AbstractProblemLoader Loading environment from /home/runner/work/key/key/key.core/../key.ui/examples/heap/permissions/lockspec/Counter_lockState_accessible.key 
738900     DEBUG main            d.u.i.k.p.i.AbstractProblemLoader Environment load took 136.5ns 
738901     INFO  main            d.u.i.k.p.i.AbstractProblemLoader Creating init config 
741944     DEBUG main            d.u.i.k.p.i.AbstractProblemLoader Init config took 3.04s 
741993     INFO  main            d.u.i.k.p.i.AbstractProblemLoader Replaying proof Counter[LockSpec::lockState(boolean)].JML accessible clause.0 
741995     DEBUG main            d.u.i.k.p.i.IntermediateProofReplayer Proof replay took 2.3ns 
742297     INFO  main            d.u.i.k.p.r.p.TestFile    ... finished proof: closed. 
742915     INFO  main            d.u.i.k.p.i.AbstractProblemLoader Loading environment from /home/runner/work/key/key/key.core/../key.ui/examples/heap/permissions/lockspec/Counter_lockState_accessible.key.proof 
742916     DEBUG main            d.u.i.k.p.i.AbstractProblemLoader Environment load took 64.5ns 
742916     INFO  main            d.u.i.k.p.i.AbstractProblemLoader Creating init config 
745811     DEBUG main            d.u.i.k.p.i.AbstractProblemLoader Init config took 2.89s 
745867     INFO  main            d.u.i.k.p.i.AbstractProblemLoader Replaying proof Counter[LockSpec::lockState(boolean)].JML accessible clause.0 
745934     DEBUG main            d.u.i.k.p.i.IntermediateProofReplayer Proof replay took 60.74ms 
745935     DEBUG main            d.u.i.k.p.r.p.TestFile    ... success: reloaded. 
745936     INFO  main            d.u.i.k.p.r.p.TestFile    Now processing file /home/runner/work/key/key/key.core/../key.ui/examples/heap/permissions/lockspec/Counter_lockStatus_accessible.key 
745938     INFO  main            d.u.i.k.p.i.AbstractProblemLoader Loading environment from /home/runner/work/key/key/key.core/../key.ui/examples/heap/permissions/lockspec/Counter_lockStatus_accessible.key 
745939     DEBUG main            d.u.i.k.p.i.AbstractProblemLoader Environment load took 191.2ns 
745939     INFO  main            d.u.i.k.p.i.AbstractProblemLoader Creating init config 
748816     DEBUG main            d.u.i.k.p.i.AbstractProblemLoader Init config took 2.88s 
748866     INFO  main            d.u.i.k.p.i.AbstractProblemLoader Replaying proof Counter[LockSpec::lockStatus(boolean)].JML accessible clause.0 
748867     DEBUG main            d.u.i.k.p.i.IntermediateProofReplayer Proof replay took 2.4ns 
748968     INFO  main            d.u.i.k.p.r.p.TestFile    ... finished proof: closed. 
749588     INFO  main            d.u.i.k.p.i.AbstractProblemLoader Loading environment from /home/runner/work/key/key/key.core/../key.ui/examples/heap/permissions/lockspec/Counter_lockStatus_accessible.key.proof 
749588     DEBUG main            d.u.i.k.p.i.AbstractProblemLoader Environment load took 68ns 
749589     INFO  main            d.u.i.k.p.i.AbstractProblemLoader Creating init config 
752399     DEBUG main            d.u.i.k.p.i.AbstractProblemLoader Init config took 2.81s 
752456     INFO  main            d.u.i.k.p.i.AbstractProblemLoader Replaying proof Counter[LockSpec::lockStatus(boolean)].JML accessible clause.0 
752477     DEBUG main            d.u.i.k.p.i.IntermediateProofReplayer Proof replay took 19.28ms 
752478     DEBUG main            d.u.i.k.p.r.p.TestFile    ... success: reloaded. 
752479     INFO  main            d.u.i.k.p.r.p.TestFile    Now processing file /home/runner/work/key/key/key.core/../key.ui/examples/heap/permissions/lockspec/Counter_lockTransfer_accessible.key 
752479     INFO  main            d.u.i.k.p.i.AbstractProblemLoader Loading environment from /home/runner/work/key/key/key.core/../key.ui/examples/heap/permissions/lockspec/Counter_lockTransfer_accessible.key 
752480     DEBUG main            d.u.i.k.p.i.AbstractProblemLoader Environment load took 137.7ns 
752480     INFO  main            d.u.i.k.p.i.AbstractProblemLoader Creating init config 
755437     DEBUG main            d.u.i.k.p.i.AbstractProblemLoader Init config took 2.96s 
755489     INFO  main            d.u.i.k.p.i.AbstractProblemLoader Replaying proof Counter[LockSpec::lockTransfer()].JML accessible clause.0 
755490     DEBUG main            d.u.i.k.p.i.IntermediateProofReplayer Proof replay took 2.3ns 
755791     INFO  main            d.u.i.k.p.r.p.TestFile    ... finished proof: closed. 
756401     INFO  main            d.u.i.k.p.i.AbstractProblemLoader Loading environment from /home/runner/work/key/key/key.core/../key.ui/examples/heap/permissions/lockspec/Counter_lockTransfer_accessible.key.proof 
756401     DEBUG main            d.u.i.k.p.i.AbstractProblemLoader Environment load took 67.9ns 
756402     INFO  main            d.u.i.k.p.i.AbstractProblemLoader Creating init config 
759223     DEBUG main            d.u.i.k.p.i.AbstractProblemLoader Init config took 2.82s 
759280     INFO  main            d.u.i.k.p.i.AbstractProblemLoader Replaying proof Counter[LockSpec::lockTransfer()].JML accessible clause.0 
759339     DEBUG main            d.u.i.k.p.i.IntermediateProofReplayer Proof replay took 55.89ms 
759340     DEBUG main            d.u.i.k.p.r.p.TestFile    ... success: reloaded. 
759340     INFO  main            d.u.i.k.p.r.p.TestFile    Now processing file /home/runner/work/key/key/key.core/../key.ui/examples/heap/permissions/lockspec/Counter_unlockTransfer_accessible.key 
759341     INFO  main            d.u.i.k.p.i.AbstractProblemLoader Loading environment from /home/runner/work/key/key/key.core/../key.ui/examples/heap/permissions/lockspec/Counter_unlockTransfer_accessible.key 
759341     DEBUG main            d.u.i.k.p.i.AbstractProblemLoader Environment load took 153.5ns 
759342     INFO  main            d.u.i.k.p.i.AbstractProblemLoader Creating init config 
762282     DEBUG main            d.u.i.k.p.i.AbstractProblemLoader Init config took 2.94s 
762332     INFO  main            d.u.i.k.p.i.AbstractProblemLoader Replaying proof Counter[LockSpec::unlockTransfer()].JML accessible clause.0 
762334     DEBUG main            d.u.i.k.p.i.IntermediateProofReplayer Proof replay took 2.8ns 
762636     INFO  main            d.u.i.k.p.r.p.TestFile    ... finished proof: closed. 
763272     INFO  main            d.u.i.k.p.i.AbstractProblemLoader Loading environment from /home/runner/work/key/key/key.core/../key.ui/examples/heap/permissions/lockspec/Counter_unlockTransfer_accessible.key.proof 
763272     DEBUG main            d.u.i.k.p.i.AbstractProblemLoader Environment load took 67.8ns 
763273     INFO  main            d.u.i.k.p.i.AbstractProblemLoader Creating init config 
766072     DEBUG main            d.u.i.k.p.i.AbstractProblemLoader Init config took 2.8s 
766127     INFO  main            d.u.i.k.p.i.AbstractProblemLoader Replaying proof Counter[LockSpec::unlockTransfer()].JML accessible clause.0 
766186     DEBUG main            d.u.i.k.p.i.IntermediateProofReplayer Proof replay took 55.58ms 
766187     DEBUG main            d.u.i.k.p.r.p.TestFile    ... success: reloaded. 
766187     INFO  main            d.u.i.k.p.r.p.TestFile    Now processing file /home/runner/work/key/key/key.core/../key.ui/examples/heap/permissions/threads/Plotter_startTransfer_contract.proof 
766187     INFO  main            d.u.i.k.p.i.AbstractProblemLoader Loading environment from /home/runner/work/key/key/key.core/../key.ui/examples/heap/permissions/threads/Plotter_startTransfer_contract.proof 
766188     DEBUG main            d.u.i.k.p.i.AbstractProblemLoader Environment load took 60.3ns 
766189     INFO  main            d.u.i.k.p.i.AbstractProblemLoader Creating init config 
770502     DEBUG main            d.u.i.k.p.i.AbstractProblemLoader Init config took 4.31s 
770582     INFO  main            d.u.i.k.p.i.AbstractProblemLoader Replaying proof Plotter[ThreadSpec2::startTransfer()].JML model_behavior operation contract.0 
770684     DEBUG main            d.u.i.k.p.i.IntermediateProofReplayer Proof replay took 94.3ms 
770684     INFO  main            d.u.i.k.p.r.p.TestFile    ... success: loaded 
770685     INFO  main            d.u.i.k.p.r.p.TestFile    Now processing file /home/runner/work/key/key/key.core/../key.ui/examples/heap/permissions/threads/Plotter_startTransfer_accessible.proof 
770686     INFO  main            d.u.i.k.p.i.AbstractProblemLoader Loading environment from /home/runner/work/key/key/key.core/../key.ui/examples/heap/permissions/threads/Plotter_startTransfer_accessible.proof 
770686     DEBUG main            d.u.i.k.p.i.AbstractProblemLoader Environment load took 150.2ns 
770687     INFO  main            d.u.i.k.p.i.AbstractProblemLoader Creating init config 
775110     DEBUG main            d.u.i.k.p.i.AbstractProblemLoader Init config took 4.42s 
775206     INFO  main            d.u.i.k.p.i.AbstractProblemLoader Replaying proof Plotter[ThreadSpec2::startTransfer()].JML accessible clause.0 
775286     DEBUG main            d.u.i.k.p.i.IntermediateProofReplayer Proof replay took 76.98ms 
775286     INFO  main            d.u.i.k.p.r.p.TestFile    ... success: loaded 
775287     INFO  main            d.u.i.k.p.r.p.TestFile    Now processing file /home/runner/work/key/key/key.core/../key.ui/examples/heap/permissions/threads/Plotter_joinTransfer_accessible.proof 
775287     INFO  main            d.u.i.k.p.i.AbstractProblemLoader Loading environment from /home/runner/work/key/key/key.core/../key.ui/examples/heap/permissions/threads/Plotter_joinTransfer_accessible.proof 
775287     DEBUG main            d.u.i.k.p.i.AbstractProblemLoader Environment load took 61.8ns 
775288     INFO  main            d.u.i.k.p.i.AbstractProblemLoader Creating init config 
779623     DEBUG main            d.u.i.k.p.i.AbstractProblemLoader Init config took 4.34s 
779728     INFO  main            d.u.i.k.p.i.AbstractProblemLoader Replaying proof Plotter[ThreadSpec2::joinTransfer()].JML accessible clause.0 
779736     WARN  main            d.u.i.k.p.i.IntermediateProofReplayer Proof contains wrong number of \assumes instatiations for Definition_axiom_for_stateInv_in_Plotter 
779739     WARN  main            d.u.i.k.p.i.IntermediateProofReplayer Proof contains wrong number of \assumes instatiations for Definition_axiom_for_stateInv_in_Plotter 
779741     WARN  main            d.u.i.k.p.i.IntermediateProofReplayer Proof contains wrong number of \assumes instatiations for Definition_axiom_for_workingPermissions_in_Plotter 
779742     WARN  main            d.u.i.k.p.i.IntermediateProofReplayer Proof contains wrong number of \assumes instatiations for Definition_axiom_for_staticPermissions_in_Plotter 
779743     WARN  main            d.u.i.k.p.i.IntermediateProofReplayer Proof contains wrong number of \assumes instatiations for Definition_axiom_for_joinTransfer_in_Plotter 
779745     WARN  main            d.u.i.k.p.i.IntermediateProofReplayer Proof contains wrong number of \assumes instatiations for Definition_axiom_for_stateInv_in_BFilter 
779746     WARN  main            d.u.i.k.p.i.IntermediateProofReplayer Proof contains wrong number of \assumes instatiations for Definition_axiom_for_stateInv_in_AFilter 
779748     WARN  main            d.u.i.k.p.i.IntermediateProofReplayer Proof contains wrong number of \assumes instatiations for Definition_axiom_for_stateInv_in_BFilter 
779751     WARN  main            d.u.i.k.p.i.IntermediateProofReplayer Proof contains wrong number of \assumes instatiations for Definition_axiom_for_stateInv_in_AFilter 
779752     WARN  main            d.u.i.k.p.i.IntermediateProofReplayer Proof contains wrong number of \assumes instatiations for Definition_axiom_for_staticPermissions_in_AFilter 
779753     WARN  main            d.u.i.k.p.i.IntermediateProofReplayer Proof contains wrong number of \assumes instatiations for Definition_axiom_for_staticPermissions_in_Plotter 
779754     WARN  main            d.u.i.k.p.i.IntermediateProofReplayer Proof contains wrong number of \assumes instatiations for Definition_axiom_for_staticPermissions_in_BFilter 
779758     WARN  main            d.u.i.k.p.i.IntermediateProofReplayer Proof contains wrong number of \assumes instatiations for Definition_axiom_for_workingPermissions_in_Plotter 
779759     WARN  main            d.u.i.k.p.i.IntermediateProofReplayer Proof contains wrong number of \assumes instatiations for Definition_axiom_for_stateInv_in_Sampler 
779760     WARN  main            d.u.i.k.p.i.IntermediateProofReplayer Proof contains wrong number of \assumes instatiations for Definition_axiom_for_stateInv_in_Sampler 
779761     WARN  main            d.u.i.k.p.i.IntermediateProofReplayer Proof contains wrong number of \assumes instatiations for Definition_axiom_for_staticPermissions_in_Sampler 
779761     WARN  main            d.u.i.k.p.i.IntermediateProofReplayer Proof contains wrong number of \assumes instatiations for Definition_axiom_for_staticPermissions_in_BFilter 
779762     WARN  main            d.u.i.k.p.i.IntermediateProofReplayer Proof contains wrong number of \assumes instatiations for Definition_axiom_for_staticPermissions_in_AFilter 
779763     WARN  main            d.u.i.k.p.i.IntermediateProofReplayer Proof contains wrong number of \assumes instatiations for Definition_axiom_for_staticPermissions_in_Sampler 
779764     WARN  main            d.u.i.k.p.i.IntermediateProofReplayer Proof contains wrong number of \assumes instatiations for Definition_axiom_for_staticPermissions_in_Sampler 
779765     WARN  main            d.u.i.k.p.i.IntermediateProofReplayer Proof contains wrong number of \assumes instatiations for Definition_axiom_for_staticPermissions_in_Sampler 
779765     WARN  main            d.u.i.k.p.i.IntermediateProofReplayer Proof contains wrong number of \assumes instatiations for Definition_axiom_for_joinTransfer_in_Plotter 
779885     DEBUG main            d.u.i.k.p.i.IntermediateProofReplayer Proof replay took 152.56ms 
779885     INFO  main            d.u.i.k.p.r.p.TestFile    ... success: loaded 
4847516    INFO  Test worker     d.u.i.k.p.r.RunAllProofsTestUnit Returning from test permissionHeap 
4847519    INFO  Test worker     d.u.i.k.p.r.RunAllProofsTestUnit Running test completionScopes 
354        INFO  Timeout watchdog d.u.i.k.p.r.p.ForkedTestFileRunner Timeout watcher launched (2000 secs.) 
380        WARN  main            d.u.i.k.s.ProofSettings   The settings in /home/runner/.key/proof-settings.props are *not* read. 
411        INFO  main            d.u.i.k.p.r.p.TestFile    Now processing file /home/runner/work/key/key/key.core/../key.ui/examples/completionscopes/testCcatchReturnVal.key 
550        INFO  main            d.u.i.k.p.i.AbstractProblemLoader Loading environment from /home/runner/work/key/key/key.core/../key.ui/examples/completionscopes/testCcatchReturnVal.key 
568        DEBUG main            d.u.i.k.p.i.AbstractProblemLoader Environment load took 1.85ms 
809        INFO  main            d.u.i.k.p.i.AbstractProblemLoader Creating init config 
1651       DEBUG main            d.u.i.k.j.TypeConverter   No LDT found for Meta 
1651       DEBUG main            d.u.i.k.j.TypeConverter   No LDT found for Meta 
1653       DEBUG main            d.u.i.k.j.TypeConverter   No LDT found for Meta 
1653       DEBUG main            d.u.i.k.j.TypeConverter   No LDT found for Meta 
3241       DEBUG main            d.u.i.k.j.TypeConverter   No LDT found for JavaBigintExpression 
8138       DEBUG main            d.u.i.k.p.i.AbstractProblemLoader Init config took 7.33s 
8268       INFO  main            d.u.i.k.p.i.AbstractProblemLoader Replaying proof CompletionScopes[CompletionScopes::testCcatchReturnVal()].JML normal_behavior operation contract.0 
8298       DEBUG main            d.u.i.k.p.i.IntermediateProofReplayer Proof replay took 32.9ns 
8825       INFO  main            d.u.i.k.p.r.p.TestFile    ... finished proof: closed. 
8917       INFO  main            d.u.i.k.p.i.AbstractProblemLoader Loading environment from /home/runner/work/key/key/key.core/../key.ui/examples/completionscopes/testCcatchReturnVal.key.proof 
8918       DEBUG main            d.u.i.k.p.i.AbstractProblemLoader Environment load took 138.3ns 
8919       INFO  main            d.u.i.k.p.i.AbstractProblemLoader Creating init config 
11678      DEBUG main            d.u.i.k.p.i.AbstractProblemLoader Init config took 2.76s 
11750      INFO  main            d.u.i.k.p.i.AbstractProblemLoader Replaying proof CompletionScopes[CompletionScopes::testCcatchReturnVal()].JML normal_behavior operation contract.0 
11808      DEBUG main            d.u.i.k.p.i.IntermediateProofReplayer Proof replay took 53.58ms 
11822      DEBUG main            d.u.i.k.p.r.p.TestFile    ... success: reloaded. 
11827      INFO  main            d.u.i.k.p.r.p.TestFile    Now processing file /home/runner/work/key/key/key.core/../key.ui/examples/completionscopes/testMultCcatchClauses.key 
11829      INFO  main            d.u.i.k.p.i.AbstractProblemLoader Loading environment from /home/runner/work/key/key/key.core/../key.ui/examples/completionscopes/testMultCcatchClauses.key 
11831      DEBUG main            d.u.i.k.p.i.AbstractProblemLoader Environment load took 1.7ms 
11832      INFO  main            d.u.i.k.p.i.AbstractProblemLoader Creating init config 
14382      DEBUG main            d.u.i.k.p.i.AbstractProblemLoader Init config took 2.55s 
14441      INFO  main            d.u.i.k.p.i.AbstractProblemLoader Replaying proof CompletionScopes[CompletionScopes::testMultCcatchClauses()].JML normal_behavior operation contract.0 
14444      DEBUG main            d.u.i.k.p.i.IntermediateProofReplayer Proof replay took 6.8ns 
14753      INFO  main            d.u.i.k.p.r.p.TestFile    ... finished proof: closed. 
14871      INFO  main            d.u.i.k.p.i.AbstractProblemLoader Loading environment from /home/runner/work/key/key/key.core/../key.ui/examples/completionscopes/testMultCcatchClauses.key.proof 
14872      DEBUG main            d.u.i.k.p.i.AbstractProblemLoader Environment load took 993.49ns 
14873      INFO  main            d.u.i.k.p.i.AbstractProblemLoader Creating init config 
17350      DEBUG main            d.u.i.k.p.i.AbstractProblemLoader Init config took 2.48s 
17405      INFO  main            d.u.i.k.p.i.AbstractProblemLoader Replaying proof CompletionScopes[CompletionScopes::testMultCcatchClauses()].JML normal_behavior operation contract.0 
17532      DEBUG main            d.u.i.k.p.i.IntermediateProofReplayer Proof replay took 118.85ms 
17534      DEBUG main            d.u.i.k.p.r.p.TestFile    ... success: reloaded. 
17536      INFO  main            d.u.i.k.p.r.p.TestFile    Now processing file /home/runner/work/key/key/key.core/../key.ui/examples/completionscopes/testNestedExec.key 
17536      INFO  main            d.u.i.k.p.i.AbstractProblemLoader Loading environment from /home/runner/work/key/key/key.core/../key.ui/examples/completionscopes/testNestedExec.key 
17536      DEBUG main            d.u.i.k.p.i.AbstractProblemLoader Environment load took 164.4ns 
17538      INFO  main            d.u.i.k.p.i.AbstractProblemLoader Creating init config 
20047      DEBUG main            d.u.i.k.p.i.AbstractProblemLoader Init config took 2.51s 
20104      INFO  main            d.u.i.k.p.i.AbstractProblemLoader Replaying proof CompletionScopes[CompletionScopes::testMultCcatchClauses()].JML normal_behavior operation contract.0 
20106      DEBUG main            d.u.i.k.p.i.IntermediateProofReplayer Proof replay took 7.3ns 
20409      INFO  main            d.u.i.k.p.r.p.TestFile    ... finished proof: closed. 
20542      INFO  main            d.u.i.k.p.i.AbstractProblemLoader Loading environment from /home/runner/work/key/key/key.core/../key.ui/examples/completionscopes/testNestedExec.key.proof 
20547      DEBUG main            d.u.i.k.p.i.AbstractProblemLoader Environment load took 5.08ms 
20548      INFO  main            d.u.i.k.p.i.AbstractProblemLoader Creating init config 
22987      DEBUG main            d.u.i.k.p.i.AbstractProblemLoader Init config took 2.44s 
23031      INFO  main            d.u.i.k.p.i.AbstractProblemLoader Replaying proof CompletionScopes[CompletionScopes::testMultCcatchClauses()].JML normal_behavior operation contract.0 
23098      DEBUG main            d.u.i.k.p.i.IntermediateProofReplayer Proof replay took 63.9ms 
23099      DEBUG main            d.u.i.k.p.r.p.TestFile    ... success: reloaded. 
23101      INFO  main            d.u.i.k.p.r.p.TestFile    Now processing file /home/runner/work/key/key/key.core/../key.ui/examples/completionscopes/testCcatchBreakLabel.key 
23101      INFO  main            d.u.i.k.p.i.AbstractProblemLoader Loading environment from /home/runner/work/key/key/key.core/../key.ui/examples/completionscopes/testCcatchBreakLabel.key 
23101      DEBUG main            d.u.i.k.p.i.AbstractProblemLoader Environment load took 154.1ns 
23102      INFO  main            d.u.i.k.p.i.AbstractProblemLoader Creating init config 
25529      DEBUG main            d.u.i.k.p.i.AbstractProblemLoader Init config took 2.43s 
25573      INFO  main            d.u.i.k.p.i.AbstractProblemLoader Replaying proof CompletionScopes[CompletionScopes::testBreakLabel()].JML normal_behavior operation contract.0 
25575      DEBUG main            d.u.i.k.p.i.IntermediateProofReplayer Proof replay took 5.8ns 
25590      DEBUG Thread-10       d.u.i.k.l.o.ProgramSV     Match failed: Former match of  SchemaVariable incompatible with  the current match. 
25676      INFO  main            d.u.i.k.p.r.p.TestFile    ... finished proof: closed. 
25810      INFO  main            d.u.i.k.p.i.AbstractProblemLoader Loading environment from /home/runner/work/key/key/key.core/../key.ui/examples/completionscopes/testCcatchBreakLabel.key.proof 
25810      DEBUG main            d.u.i.k.p.i.AbstractProblemLoader Environment load took 105.6ns 
25811      INFO  main            d.u.i.k.p.i.AbstractProblemLoader Creating init config 
28212      DEBUG main            d.u.i.k.p.i.AbstractProblemLoader Init config took 2.4s 
28255      INFO  main            d.u.i.k.p.i.AbstractProblemLoader Replaying proof CompletionScopes[CompletionScopes::testBreakLabel()].JML normal_behavior operation contract.0 
28264      DEBUG main            d.u.i.k.p.i.IntermediateProofReplayer Proof replay took 7.43ms 
28265      DEBUG main            d.u.i.k.p.r.p.TestFile    ... success: reloaded. 
28266      INFO  main            d.u.i.k.p.r.p.TestFile    Now processing file /home/runner/work/key/key/key.core/../key.ui/examples/completionscopes/testCcatchContinueLabel.key 
28266      INFO  main            d.u.i.k.p.i.AbstractProblemLoader Loading environment from /home/runner/work/key/key/key.core/../key.ui/examples/completionscopes/testCcatchContinueLabel.key 
28266      DEBUG main            d.u.i.k.p.i.AbstractProblemLoader Environment load took 77.1ns 
28267      INFO  main            d.u.i.k.p.i.AbstractProblemLoader Creating init config 
30667      DEBUG main            d.u.i.k.p.i.AbstractProblemLoader Init config took 2.4s 
30710      INFO  main            d.u.i.k.p.i.AbstractProblemLoader Replaying proof CompletionScopes[CompletionScopes::testContinueLabel()].JML normal_behavior operation contract.0 
30712      DEBUG main            d.u.i.k.p.i.IntermediateProofReplayer Proof replay took 6.5ns 
30732      DEBUG Thread-13       d.u.i.k.l.o.ProgramSV     Match failed: Former match of  SchemaVariable incompatible with  the current match. 
30816      INFO  main            d.u.i.k.p.r.p.TestFile    ... finished proof: closed. 
30989      INFO  main            d.u.i.k.p.i.AbstractProblemLoader Loading environment from /home/runner/work/key/key/key.core/../key.ui/examples/completionscopes/testCcatchContinueLabel.key.proof 
30989      DEBUG main            d.u.i.k.p.i.AbstractProblemLoader Environment load took 133.3ns 
30990      INFO  main            d.u.i.k.p.i.AbstractProblemLoader Creating init config 
33380      DEBUG main            d.u.i.k.p.i.AbstractProblemLoader Init config took 2.39s 
33427      INFO  main            d.u.i.k.p.i.AbstractProblemLoader Replaying proof CompletionScopes[CompletionScopes::testContinueLabel()].JML normal_behavior operation contract.0 
33438      DEBUG main            d.u.i.k.p.i.IntermediateProofReplayer Proof replay took 8.89ms 
33439      DEBUG main            d.u.i.k.p.r.p.TestFile    ... success: reloaded. 
33441      INFO  main            d.u.i.k.p.r.p.TestFile    Now processing file /home/runner/work/key/key/key.core/../key.ui/examples/completionscopes/testCcatchBreakLabelWildcard.key 
33441      INFO  main            d.u.i.k.p.i.AbstractProblemLoader Loading environment from /home/runner/work/key/key/key.core/../key.ui/examples/completionscopes/testCcatchBreakLabelWildcard.key 
33441      DEBUG main            d.u.i.k.p.i.AbstractProblemLoader Environment load took 160.7ns 
33442      INFO  main            d.u.i.k.p.i.AbstractProblemLoader Creating init config 
35847      DEBUG main            d.u.i.k.p.i.AbstractProblemLoader Init config took 2.4s 
35894      INFO  main            d.u.i.k.p.i.AbstractProblemLoader Replaying proof CompletionScopes[CompletionScopes::testBreakLabelWildcard()].JML normal_behavior operation contract.0 
35896      DEBUG main            d.u.i.k.p.i.IntermediateProofReplayer Proof replay took 6.4ns 
35914      DEBUG Thread-16       d.u.i.k.l.o.ProgramSV     Match failed: Former match of  SchemaVariable incompatible with  the current match. 
35915      DEBUG Thread-16       d.u.i.k.l.o.ProgramSV     Match failed: Former match of  SchemaVariable incompatible with  the current match. 
36001      INFO  main            d.u.i.k.p.r.p.TestFile    ... finished proof: closed. 
36202      INFO  main            d.u.i.k.p.i.AbstractProblemLoader Loading environment from /home/runner/work/key/key/key.core/../key.ui/examples/completionscopes/testCcatchBreakLabelWildcard.key.proof 
36202      DEBUG main            d.u.i.k.p.i.AbstractProblemLoader Environment load took 110.4ns 
36203      INFO  main            d.u.i.k.p.i.AbstractProblemLoader Creating init config 
38574      DEBUG main            d.u.i.k.p.i.AbstractProblemLoader Init config took 2.37s 
38620      INFO  main            d.u.i.k.p.i.AbstractProblemLoader Replaying proof CompletionScopes[CompletionScopes::testBreakLabelWildcard()].JML normal_behavior operation contract.0 
38629      DEBUG main            d.u.i.k.p.i.IntermediateProofReplayer Proof replay took 7.24ms 
38630      DEBUG main            d.u.i.k.p.r.p.TestFile    ... success: reloaded. 
38631      INFO  main            d.u.i.k.p.r.p.TestFile    Now processing file /home/runner/work/key/key/key.core/../key.ui/examples/completionscopes/testCcatchContinueLabelWildcard.key 
38632      INFO  main            d.u.i.k.p.i.AbstractProblemLoader Loading environment from /home/runner/work/key/key/key.core/../key.ui/examples/completionscopes/testCcatchContinueLabelWildcard.key 
38632      DEBUG main            d.u.i.k.p.i.AbstractProblemLoader Environment load took 152.5ns 
38633      INFO  main            d.u.i.k.p.i.AbstractProblemLoader Creating init config 
41008      DEBUG main            d.u.i.k.p.i.AbstractProblemLoader Init config took 2.37s 
41046      INFO  main            d.u.i.k.p.i.AbstractProblemLoader Replaying proof CompletionScopes[CompletionScopes::testContinueLabelWildcard()].JML normal_behavior operation contract.0 
41047      DEBUG main            d.u.i.k.p.i.IntermediateProofReplayer Proof replay took 6.2ns 
41064      DEBUG Thread-19       d.u.i.k.l.o.ProgramSV     Match failed: Former match of  SchemaVariable incompatible with  the current match. 
41065      DEBUG Thread-19       d.u.i.k.l.o.ProgramSV     Match failed: Former match of  SchemaVariable incompatible with  the current match. 
41149      INFO  main            d.u.i.k.p.r.p.TestFile    ... finished proof: closed. 
41299      INFO  main            d.u.i.k.p.i.AbstractProblemLoader Loading environment from /home/runner/work/key/key/key.core/../key.ui/examples/completionscopes/testCcatchContinueLabelWildcard.key.proof 
41299      DEBUG main            d.u.i.k.p.i.AbstractProblemLoader Environment load took 124.1ns 
41300      INFO  main            d.u.i.k.p.i.AbstractProblemLoader Creating init config 
43630      DEBUG main            d.u.i.k.p.i.AbstractProblemLoader Init config took 2.33s 
43667      INFO  main            d.u.i.k.p.i.AbstractProblemLoader Replaying proof CompletionScopes[CompletionScopes::testContinueLabelWildcard()].JML normal_behavior operation contract.0 
43676      DEBUG main            d.u.i.k.p.i.IntermediateProofReplayer Proof replay took 7.98ms 
43677      DEBUG main            d.u.i.k.p.r.p.TestFile    ... success: reloaded. 
43678      INFO  main            d.u.i.k.p.r.p.TestFile    Now processing file /home/runner/work/key/key/key.core/../key.ui/examples/completionscopes/testCcatchBreakLabelNonmatchingNested.key 
43678      INFO  main            d.u.i.k.p.i.AbstractProblemLoader Loading environment from /home/runner/work/key/key/key.core/../key.ui/examples/completionscopes/testCcatchBreakLabelNonmatchingNested.key 
43679      DEBUG main            d.u.i.k.p.i.AbstractProblemLoader Environment load took 81.4ns 
43679      INFO  main            d.u.i.k.p.i.AbstractProblemLoader Creating init config 
46020      DEBUG main            d.u.i.k.p.i.AbstractProblemLoader Init config took 2.34s 
46058      INFO  main            d.u.i.k.p.i.AbstractProblemLoader Replaying proof CompletionScopes[CompletionScopes::testBreakLabelNonmatchingNested()].JML normal_behavior operation contract.0 
46060      DEBUG main            d.u.i.k.p.i.IntermediateProofReplayer Proof replay took 6.3ns 
46077      DEBUG Thread-22       d.u.i.k.l.o.ProgramSV     Match failed: Former match of  SchemaVariable incompatible with  the current match. 
46078      DEBUG Thread-22       d.u.i.k.l.o.ProgramSV     Match failed: Former match of  SchemaVariable incompatible with  the current match. 
46164      INFO  main            d.u.i.k.p.r.p.TestFile    ... finished proof: closed. 
46321      INFO  main            d.u.i.k.p.i.AbstractProblemLoader Loading environment from /home/runner/work/key/key/key.core/../key.ui/examples/completionscopes/testCcatchBreakLabelNonmatchingNested.key.proof 
46321      DEBUG main            d.u.i.k.p.i.AbstractProblemLoader Environment load took 102.6ns 
46322      INFO  main            d.u.i.k.p.i.AbstractProblemLoader Creating init config 
48632      DEBUG main            d.u.i.k.p.i.AbstractProblemLoader Init config took 2.31s 
48679      INFO  main            d.u.i.k.p.i.AbstractProblemLoader Replaying proof CompletionScopes[CompletionScopes::testBreakLabelNonmatchingNested()].JML normal_behavior operation contract.0 
48689      DEBUG main            d.u.i.k.p.i.IntermediateProofReplayer Proof replay took 8.01ms 
48690      DEBUG main            d.u.i.k.p.r.p.TestFile    ... success: reloaded. 
4896392    INFO  Test worker     d.u.i.k.p.r.RunAllProofsTestUnit Returning from test completionScopes 
4896392    INFO  Test worker     d.u.i.k.p.r.RunAllProofsTestUnit Running test reload_examples 
365        INFO  Timeout watchdog d.u.i.k.p.r.p.ForkedTestFileRunner Timeout watcher launched (2000 secs.) 
378        WARN  main            d.u.i.k.s.ProofSettings   The settings in /home/runner/.key/proof-settings.props are *not* read. 
405        INFO  main            d.u.i.k.p.r.p.TestFile    Now processing file /home/runner/work/key/key/key.core/../key.ui/examples/firstTouch/05-ReverseArray/reverseArray.key 
554        INFO  main            d.u.i.k.p.i.AbstractProblemLoader Loading environment from /home/runner/work/key/key/key.core/../key.ui/examples/firstTouch/05-ReverseArray/reverseArray.key 
570        DEBUG main            d.u.i.k.p.i.AbstractProblemLoader Environment load took 2ms 
809        INFO  main            d.u.i.k.p.i.AbstractProblemLoader Creating init config 
1733       DEBUG main            d.u.i.k.j.TypeConverter   No LDT found for Meta 
1738       DEBUG main            d.u.i.k.j.TypeConverter   No LDT found for Meta 
1742       DEBUG main            d.u.i.k.j.TypeConverter   No LDT found for Meta 
1742       DEBUG main            d.u.i.k.j.TypeConverter   No LDT found for Meta 
3422       DEBUG main            d.u.i.k.j.TypeConverter   No LDT found for JavaBigintExpression 
8302       DEBUG main            d.u.i.k.p.i.AbstractProblemLoader Init config took 7.49s 
8407       INFO  main            d.u.i.k.p.i.AbstractProblemLoader Replaying proof ReverseArray[ReverseArray::reverse()].JML normal_behavior operation contract.0 
8457       DEBUG main            d.u.i.k.p.i.IntermediateProofReplayer Proof replay took 35.1ns 
18811      INFO  main            d.u.i.k.p.r.p.TestFile    ... finished proof: closed. 
19023      INFO  main            d.u.i.k.p.i.AbstractProblemLoader Loading environment from /home/runner/work/key/key/key.core/../key.ui/examples/firstTouch/05-ReverseArray/reverseArray.key.proof 
19024      DEBUG main            d.u.i.k.p.i.AbstractProblemLoader Environment load took 825.99ns 
19031      INFO  main            d.u.i.k.p.i.AbstractProblemLoader Creating init config 
21879      DEBUG main            d.u.i.k.p.i.AbstractProblemLoader Init config took 2.85s 
21923      INFO  main            d.u.i.k.p.i.AbstractProblemLoader Replaying proof ReverseArray[ReverseArray::reverse()].JML normal_behavior operation contract.0 
23066      DEBUG main            d.u.i.k.p.i.IntermediateProofReplayer Proof replay took 1.08s 
23077      DEBUG main            d.u.i.k.p.r.p.TestFile    ... success: reloaded. 
23080      INFO  main            d.u.i.k.p.r.p.TestFile    Now processing file /home/runner/work/key/key/key.core/../key.ui/examples/standard_key/arith/saveProofTest.key.proof 
23080      INFO  main            d.u.i.k.p.i.AbstractProblemLoader Loading environment from /home/runner/work/key/key/key.core/../key.ui/examples/standard_key/arith/saveProofTest.key.proof 
23081      DEBUG main            d.u.i.k.p.i.AbstractProblemLoader Environment load took 192.5ns 
23084      INFO  main            d.u.i.k.p.i.AbstractProblemLoader Creating init config 
25520      DEBUG main            d.u.i.k.p.i.AbstractProblemLoader Init config took 2.44s 
25547      INFO  main            d.u.i.k.p.i.AbstractProblemLoader Replaying proof saveProofTest.key.proof 
25556      DEBUG main            d.u.i.k.p.i.IntermediateProofReplayer Proof replay took 3.72ms 
25557      INFO  main            d.u.i.k.p.r.p.TestFile    ... success: loaded 
25559      INFO  main            d.u.i.k.p.r.p.TestFile    Now processing file /home/runner/work/key/key/key.core/../key.ui/examples/heap/permutedSum/perm.proof 
25559      INFO  main            d.u.i.k.p.i.AbstractProblemLoader Loading environment from /home/runner/work/key/key/key.core/../key.ui/examples/heap/permutedSum/perm.proof 
25560      DEBUG main            d.u.i.k.p.i.AbstractProblemLoader Environment load took 474.69ns 
25562      INFO  main            d.u.i.k.p.i.AbstractProblemLoader Creating init config 
28244      DEBUG main            d.u.i.k.p.i.AbstractProblemLoader Init config took 2.68s 
28324      INFO  main            d.u.i.k.p.i.AbstractProblemLoader Replaying proof Perm[Perm::foo()].JML normal_behavior operation contract.0 
29408      DEBUG main            d.u.i.k.p.i.IntermediateProofReplayer Proof replay took 1.04s 
29411      INFO  main            d.u.i.k.p.r.p.TestFile    ... success: loaded 
29412      INFO  main            d.u.i.k.p.r.p.TestFile    Now processing file /home/runner/work/key/key/key.core/../key.ui/examples/firstTouch/05-ReverseArray/reverseArray.proof 
29412      INFO  main            d.u.i.k.p.i.AbstractProblemLoader Loading environment from /home/runner/work/key/key/key.core/../key.ui/examples/firstTouch/05-ReverseArray/reverseArray.proof 
29413      DEBUG main            d.u.i.k.p.i.AbstractProblemLoader Environment load took 99.9ns 
29416      INFO  main            d.u.i.k.p.i.AbstractProblemLoader Creating init config 
31931      DEBUG main            d.u.i.k.p.i.AbstractProblemLoader Init config took 2.52s 
31971      INFO  main            d.u.i.k.p.i.AbstractProblemLoader Replaying proof ReverseArray[ReverseArray::reverse()].JML normal_behavior operation contract.0 
32978      DEBUG main            d.u.i.k.p.i.IntermediateProofReplayer Proof replay took 960.21ms 
32981      INFO  main            d.u.i.k.p.r.p.TestFile    ... success: loaded 
32982      INFO  main            d.u.i.k.p.r.p.TestFile    Now processing file /home/runner/work/key/key/key.core/../key.ui/examples/heap/verifyThis15_1_RelaxedPrefix/relax.proof 
32982      INFO  main            d.u.i.k.p.i.AbstractProblemLoader Loading environment from /home/runner/work/key/key/key.core/../key.ui/examples/heap/verifyThis15_1_RelaxedPrefix/relax.proof 
32982      DEBUG main            d.u.i.k.p.i.AbstractProblemLoader Environment load took 161.4ns 
32984      INFO  main            d.u.i.k.p.i.AbstractProblemLoader Creating init config 
35486      DEBUG main            d.u.i.k.p.i.AbstractProblemLoader Init config took 2.5s 
35535      INFO  main            d.u.i.k.p.i.AbstractProblemLoader Replaying proof Relaxed[Relaxed::isRelaxedPrefix([I,[I)].JML operation contract.0 
35967      DEBUG main            d.u.i.k.p.i.IntermediateProofReplayer Proof replay took 413.62ms 
35968      INFO  main            d.u.i.k.p.r.p.TestFile    ... success: loaded 
35969      INFO  main            d.u.i.k.p.r.p.TestFile    Now processing file /home/runner/work/key/key/key.core/../key.ui/examples/heap/verifyThis15_3_DLL/doUndo.proof 
35969      INFO  main            d.u.i.k.p.i.AbstractProblemLoader Loading environment from /home/runner/work/key/key/key.core/../key.ui/examples/heap/verifyThis15_3_DLL/doUndo.proof 
35970      DEBUG main            d.u.i.k.p.i.AbstractProblemLoader Environment load took 170ns 
35972      INFO  main            d.u.i.k.p.i.AbstractProblemLoader Creating init config 
36891      DEBUG main            d.u.i.k.j.r.ClassPreparationMethodBuilder clPrepBuilder: Inner Class detected. Reject building class initialisation methods. 
38699      DEBUG main            d.u.i.k.p.i.AbstractProblemLoader Init config took 2.73s 
38775      INFO  main            d.u.i.k.p.i.AbstractProblemLoader Replaying proof DoubleLinkedList[DoubleLinkedList::doUndo(DoubleLinkedList.Node,int)].JML normal_behavior operation contract.0 
39467      DEBUG main            d.u.i.k.p.i.IntermediateProofReplayer Proof replay took 661.78ms 
39468      INFO  main            d.u.i.k.p.r.p.TestFile    ... success: loaded 
39469      INFO  main            d.u.i.k.p.r.p.TestFile    Now processing file /home/runner/work/key/key/key.core/../key.ui/examples/heap/verifyThis15_2_ParallelGcd/parallelGcd.proof 
39470      INFO  main            d.u.i.k.p.i.AbstractProblemLoader Loading environment from /home/runner/work/key/key/key.core/../key.ui/examples/heap/verifyThis15_2_ParallelGcd/parallelGcd.proof 
39470      DEBUG main            d.u.i.k.p.i.AbstractProblemLoader Environment load took 163.7ns 
39471      INFO  main            d.u.i.k.p.i.AbstractProblemLoader Creating init config 
42003      DEBUG main            d.u.i.k.p.i.AbstractProblemLoader Init config took 2.53s 
42052      INFO  main            d.u.i.k.p.i.AbstractProblemLoader Replaying proof ParallelGcd[ParallelGcd::parallelGcd(int,int,[Z)].JML behavior operation contract.0 
42646      DEBUG main            d.u.i.k.p.i.IntermediateProofReplayer Proof replay took 580.03ms 
42648      INFO  main            d.u.i.k.p.r.p.TestFile    ... success: loaded 
4939221    INFO  Test worker     d.u.i.k.p.r.RunAllProofsTestUnit Returning from test reload_examples 
4939222    INFO  Test worker     d.u.i.k.p.r.RunAllProofsTestUnit Running test proofLoadRepair 
311        INFO  Timeout watchdog d.u.i.k.p.r.p.ForkedTestFileRunner Timeout watcher launched (2000 secs.) 
324        WARN  main            d.u.i.k.s.ProofSettings   The settings in /home/runner/.key/proof-settings.props are *not* read. 
350        INFO  main            d.u.i.k.p.r.p.TestFile    Now processing file /home/runner/work/key/key/key.core/../key.ui/examples/proofLoadRepair/disjConj-manipulated.proof 
456        INFO  main            d.u.i.k.p.i.AbstractProblemLoader Loading environment from /home/runner/work/key/key/key.core/../key.ui/examples/proofLoadRepair/disjConj-manipulated.proof 
480        DEBUG main            d.u.i.k.p.i.AbstractProblemLoader Environment load took 2.06ms 
705        INFO  main            d.u.i.k.p.i.AbstractProblemLoader Creating init config 
1497       DEBUG main            d.u.i.k.j.TypeConverter   No LDT found for Meta 
1497       DEBUG main            d.u.i.k.j.TypeConverter   No LDT found for Meta 
1502       DEBUG main            d.u.i.k.j.TypeConverter   No LDT found for Meta 
1503       DEBUG main            d.u.i.k.j.TypeConverter   No LDT found for Meta 
2874       DEBUG main            d.u.i.k.j.TypeConverter   No LDT found for JavaBigintExpression 
7558       DEBUG main            d.u.i.k.p.i.AbstractProblemLoader Init config took 6.85s 
7621       INFO  main            d.u.i.k.p.i.AbstractProblemLoader Replaying proof disjConj-manipulated.proof 
7666       WARN  main            d.u.i.k.p.i.IntermediateProofReplayer Proof contains wrong number of \assumes instatiations for andLeft 
7667       WARN  main            d.u.i.k.p.i.IntermediateProofReplayer Proof contains wrong number of \assumes instatiations for replace_known_right 
7672       WARN  main            d.u.i.k.p.i.IntermediateProofReplayer Proof contains wrong number of \assumes instatiations for close 
7674       DEBUG main            d.u.i.k.p.i.IntermediateProofReplayer Proof replay took 20.43ms 
7679       INFO  main            d.u.i.k.p.r.p.TestFile    ... success: loaded 
7687       INFO  main            d.u.i.k.p.r.p.TestFile    Now processing file /home/runner/work/key/key/key.core/../key.ui/examples/proofLoadRepair/insufficient-manipulated.proof 
7688       INFO  main            d.u.i.k.p.i.AbstractProblemLoader Loading environment from /home/runner/work/key/key/key.core/../key.ui/examples/proofLoadRepair/insufficient-manipulated.proof 
7688       DEBUG main            d.u.i.k.p.i.AbstractProblemLoader Environment load took 156.7ns 
7695       INFO  main            d.u.i.k.p.i.AbstractProblemLoader Creating init config 
10518      DEBUG main            d.u.i.k.p.i.AbstractProblemLoader Init config took 2.82s 
10535      INFO  main            d.u.i.k.p.i.AbstractProblemLoader Replaying proof insufficient-manipulated.proof 
10554      WARN  main            d.u.i.k.p.i.IntermediateProofReplayer Proof contains wrong number of \assumes instatiations for applyEq 
10562      DEBUG main            d.u.i.k.p.i.IntermediateProofReplayer Proof replay took 11.3ms 
10565      INFO  main            d.u.i.k.p.r.p.TestFile    ... success: loading failed 
10566      INFO  main            d.u.i.k.p.r.p.TestFile    Now processing file /home/runner/work/key/key/key.core/../key.ui/examples/../../key.core/src/test/resources/testcase/issues/1716/incorrectPolarity.proof 
10566      INFO  main            d.u.i.k.p.i.AbstractProblemLoader Loading environment from /home/runner/work/key/key/key.core/../key.ui/examples/../../key.core/src/test/resources/testcase/issues/1716/incorrectPolarity.proof 
10567      DEBUG main            d.u.i.k.p.i.AbstractProblemLoader Environment load took 185.3ns 
10568      INFO  main            d.u.i.k.p.i.AbstractProblemLoader Creating init config 
13344      DEBUG main            d.u.i.k.p.i.AbstractProblemLoader Init config took 2.78s 
13374      INFO  main            d.u.i.k.p.i.AbstractProblemLoader Replaying proof incorrectPolarity.proof 
13377      DEBUG main            d.u.i.k.p.i.IntermediateProofReplayer Proof replay took 194.3ns 
13377      INFO  main            d.u.i.k.p.r.p.TestFile    ... success: loading failed 
13378      INFO  main            d.u.i.k.p.r.p.TestFile    Now processing file /home/runner/work/key/key/key.core/../key.ui/examples/../../key.core/src/test/resources/testcase/issues/1716/incorrectPolarity2.proof 
13378      INFO  main            d.u.i.k.p.i.AbstractProblemLoader Loading environment from /home/runner/work/key/key/key.core/../key.ui/examples/../../key.core/src/test/resources/testcase/issues/1716/incorrectPolarity2.proof 
13379      DEBUG main            d.u.i.k.p.i.AbstractProblemLoader Environment load took 172.7ns 
13380      INFO  main            d.u.i.k.p.i.AbstractProblemLoader Creating init config 
15954      DEBUG main            d.u.i.k.p.i.AbstractProblemLoader Init config took 2.57s 
15984      INFO  main            d.u.i.k.p.i.AbstractProblemLoader Replaying proof incorrectPolarity2.proof 
15989      DEBUG main            d.u.i.k.p.i.IntermediateProofReplayer Proof replay took 340.8ns 
15990      INFO  main            d.u.i.k.p.r.p.TestFile    ... success: loading failed 
15991      INFO  main            d.u.i.k.p.r.p.TestFile    Now processing file /home/runner/work/key/key/key.core/../key.ui/examples/../../key.core/src/test/resources/testcase/issues/1716/incorrectPolarity3.proof 
15991      INFO  main            d.u.i.k.p.i.AbstractProblemLoader Loading environment from /home/runner/work/key/key/key.core/../key.ui/examples/../../key.core/src/test/resources/testcase/issues/1716/incorrectPolarity3.proof 
15991      DEBUG main            d.u.i.k.p.i.AbstractProblemLoader Environment load took 186.9ns 
15993      INFO  main            d.u.i.k.p.i.AbstractProblemLoader Creating init config 
18525      DEBUG main            d.u.i.k.p.i.AbstractProblemLoader Init config took 2.53s 
18545      INFO  main            d.u.i.k.p.i.AbstractProblemLoader Replaying proof incorrectPolarity3.proof 
18549      DEBUG main            d.u.i.k.p.i.IntermediateProofReplayer Proof replay took 1.6ms 
18550      INFO  main            d.u.i.k.p.r.p.TestFile    ... success: loading failed 
4957944    INFO  Test worker     d.u.i.k.p.r.RunAllProofsTestUnit Returning from test proofLoadRepair 
4957944    INFO  Test worker     d.u.i.k.p.r.RunAllProofsTestUnit Running test switch 
377        INFO  Timeout watchdog d.u.i.k.p.r.p.ForkedTestFileRunner Timeout watcher launched (2000 secs.) 
391        WARN  main            d.u.i.k.s.ProofSettings   The settings in /home/runner/.key/proof-settings.props are *not* read. 
431        INFO  main            d.u.i.k.p.r.p.TestFile    Now processing file /home/runner/work/key/key/key.core/../key.ui/examples/standard_key/java_dl/switch/labeled_case.key 
559        INFO  main            d.u.i.k.p.i.AbstractProblemLoader Loading environment from /home/runner/work/key/key/key.core/../key.ui/examples/standard_key/java_dl/switch/labeled_case.key 
575        DEBUG main            d.u.i.k.p.i.AbstractProblemLoader Environment load took 1.99ms 
796        INFO  main            d.u.i.k.p.i.AbstractProblemLoader Creating init config 
1786       DEBUG main            d.u.i.k.j.TypeConverter   No LDT found for Meta 
1786       DEBUG main            d.u.i.k.j.TypeConverter   No LDT found for Meta 
1789       DEBUG main            d.u.i.k.j.TypeConverter   No LDT found for Meta 
1790       DEBUG main            d.u.i.k.j.TypeConverter   No LDT found for Meta 
3214       DEBUG main            d.u.i.k.j.TypeConverter   No LDT found for JavaBigintExpression 
8420       DEBUG main            d.u.i.k.p.i.AbstractProblemLoader Init config took 7.62s 
8540       INFO  main            d.u.i.k.p.i.AbstractProblemLoader Replaying proof LabeledCase[LabeledCase::m(int)].JML normal_behavior operation contract.0 
8570       DEBUG main            d.u.i.k.p.i.IntermediateProofReplayer Proof replay took 33.1ns 
9234       INFO  main            d.u.i.k.p.r.p.TestFile    ... finished proof: closed. 
9332       INFO  main            d.u.i.k.p.i.AbstractProblemLoader Loading environment from /home/runner/work/key/key/key.core/../key.ui/examples/standard_key/java_dl/switch/labeled_case.key.proof 
9335       DEBUG main            d.u.i.k.p.i.AbstractProblemLoader Environment load took 2.91ms 
9339       INFO  main            d.u.i.k.p.i.AbstractProblemLoader Creating init config 
12196      DEBUG main            d.u.i.k.p.i.AbstractProblemLoader Init config took 2.86s 
12290      INFO  main            d.u.i.k.p.i.AbstractProblemLoader Replaying proof LabeledCase[LabeledCase::m(int)].JML normal_behavior operation contract.0 
12397      DEBUG main            d.u.i.k.p.i.IntermediateProofReplayer Proof replay took 96.03ms 
12410      DEBUG main            d.u.i.k.p.r.p.TestFile    ... success: reloaded. 
12414      INFO  main            d.u.i.k.p.r.p.TestFile    Now processing file /home/runner/work/key/key/key.core/../key.ui/examples/standard_key/java_dl/switch/empty_switch.key 
12414      INFO  main            d.u.i.k.p.i.AbstractProblemLoader Loading environment from /home/runner/work/key/key/key.core/../key.ui/examples/standard_key/java_dl/switch/empty_switch.key 
12415      DEBUG main            d.u.i.k.p.i.AbstractProblemLoader Environment load took 626.19ns 
12416      INFO  main            d.u.i.k.p.i.AbstractProblemLoader Creating init config 
15077      DEBUG main            d.u.i.k.p.i.AbstractProblemLoader Init config took 2.66s 
15107      INFO  main            d.u.i.k.p.i.AbstractProblemLoader Replaying proof empty_switch.key 
15109      DEBUG main            d.u.i.k.p.i.IntermediateProofReplayer Proof replay took 11.8ns 
15212      INFO  main            d.u.i.k.p.r.p.TestFile    ... finished proof: closed. 
15347      INFO  main            d.u.i.k.p.i.AbstractProblemLoader Loading environment from /home/runner/work/key/key/key.core/../key.ui/examples/standard_key/java_dl/switch/empty_switch.key.proof 
15347      DEBUG main            d.u.i.k.p.i.AbstractProblemLoader Environment load took 122.7ns 
15348      INFO  main            d.u.i.k.p.i.AbstractProblemLoader Creating init config 
17890      DEBUG main            d.u.i.k.p.i.AbstractProblemLoader Init config took 2.54s 
17914      INFO  main            d.u.i.k.p.i.AbstractProblemLoader Replaying proof empty_switch.key.proof 
17919      DEBUG main            d.u.i.k.p.i.IntermediateProofReplayer Proof replay took 1.73ms 
17920      DEBUG main            d.u.i.k.p.r.p.TestFile    ... success: reloaded. 
17921      INFO  main            d.u.i.k.p.r.p.TestFile    Now processing file /home/runner/work/key/key/key.core/../key.ui/examples/standard_key/java_dl/switch/empty_switch_null.key 
17921      INFO  main            d.u.i.k.p.i.AbstractProblemLoader Loading environment from /home/runner/work/key/key/key.core/../key.ui/examples/standard_key/java_dl/switch/empty_switch_null.key 
17921      DEBUG main            d.u.i.k.p.i.AbstractProblemLoader Environment load took 167.4ns 
17922      INFO  main            d.u.i.k.p.i.AbstractProblemLoader Creating init config 
20455      DEBUG main            d.u.i.k.p.i.AbstractProblemLoader Init config took 2.53s 
20476      INFO  main            d.u.i.k.p.i.AbstractProblemLoader Replaying proof empty_switch_null.key 
20478      DEBUG main            d.u.i.k.p.i.IntermediateProofReplayer Proof replay took 6.3ns 
20681      INFO  main            d.u.i.k.p.r.p.TestFile    ... finished proof: closed. 
20809      INFO  main            d.u.i.k.p.i.AbstractProblemLoader Loading environment from /home/runner/work/key/key/key.core/../key.ui/examples/standard_key/java_dl/switch/empty_switch_null.key.proof 
20809      DEBUG main            d.u.i.k.p.i.AbstractProblemLoader Environment load took 307.9ns 
20810      INFO  main            d.u.i.k.p.i.AbstractProblemLoader Creating init config 
23307      DEBUG main            d.u.i.k.p.i.AbstractProblemLoader Init config took 2.5s 
23327      INFO  main            d.u.i.k.p.i.AbstractProblemLoader Replaying proof empty_switch_null.key.proof 
23358      DEBUG main            d.u.i.k.p.i.IntermediateProofReplayer Proof replay took 27.66ms 
23359      DEBUG main            d.u.i.k.p.r.p.TestFile    ... success: reloaded. 
23360      INFO  main            d.u.i.k.p.r.p.TestFile    Now processing file /home/runner/work/key/key/key.core/../key.ui/examples/standard_key/java_dl/switch/empty_switch_null_catch.key 
23360      INFO  main            d.u.i.k.p.i.AbstractProblemLoader Loading environment from /home/runner/work/key/key/key.core/../key.ui/examples/standard_key/java_dl/switch/empty_switch_null_catch.key 
23360      DEBUG main            d.u.i.k.p.i.AbstractProblemLoader Environment load took 163.1ns 
23361      INFO  main            d.u.i.k.p.i.AbstractProblemLoader Creating init config 
25867      DEBUG main            d.u.i.k.p.i.AbstractProblemLoader Init config took 2.51s 
25887      INFO  main            d.u.i.k.p.i.AbstractProblemLoader Replaying proof empty_switch_null_catch.key 
25889      DEBUG main            d.u.i.k.p.i.IntermediateProofReplayer Proof replay took 6.2ns 
26092      INFO  main            d.u.i.k.p.r.p.TestFile    ... finished proof: closed. 
26249      INFO  main            d.u.i.k.p.i.AbstractProblemLoader Loading environment from /home/runner/work/key/key/key.core/../key.ui/examples/standard_key/java_dl/switch/empty_switch_null_catch.key.proof 
26249      DEBUG main            d.u.i.k.p.i.AbstractProblemLoader Environment load took 114ns 
26254      INFO  main            d.u.i.k.p.i.AbstractProblemLoader Creating init config 
28723      DEBUG main            d.u.i.k.p.i.AbstractProblemLoader Init config took 2.47s 
28748      INFO  main            d.u.i.k.p.i.AbstractProblemLoader Replaying proof empty_switch_null_catch.key.proof 
28815      DEBUG main            d.u.i.k.p.i.IntermediateProofReplayer Proof replay took 62.03ms 
28817      DEBUG main            d.u.i.k.p.r.p.TestFile    ... success: reloaded. 
28821      INFO  main            d.u.i.k.p.r.p.TestFile    Now processing file /home/runner/work/key/key/key.core/../key.ui/examples/standard_key/java_dl/switch/empty_switch_array_out_of_bounds.key 
28822      INFO  main            d.u.i.k.p.i.AbstractProblemLoader Loading environment from /home/runner/work/key/key/key.core/../key.ui/examples/standard_key/java_dl/switch/empty_switch_array_out_of_bounds.key 
28822      DEBUG main            d.u.i.k.p.i.AbstractProblemLoader Environment load took 166.2ns 
28823      INFO  main            d.u.i.k.p.i.AbstractProblemLoader Creating init config 
31331      DEBUG main            d.u.i.k.p.i.AbstractProblemLoader Init config took 2.51s 
31366      INFO  main            d.u.i.k.p.i.AbstractProblemLoader Replaying proof empty_switch_array_out_of_bounds.key 
31369      DEBUG main            d.u.i.k.p.i.IntermediateProofReplayer Proof replay took 6ns 
31574      INFO  main            d.u.i.k.p.r.p.TestFile    ... finished proof: closed. 
31722      INFO  main            d.u.i.k.p.i.AbstractProblemLoader Loading environment from /home/runner/work/key/key/key.core/../key.ui/examples/standard_key/java_dl/switch/empty_switch_array_out_of_bounds.key.proof 
31723      DEBUG main            d.u.i.k.p.i.AbstractProblemLoader Environment load took 449.5ns 
31724      INFO  main            d.u.i.k.p.i.AbstractProblemLoader Creating init config 
34174      DEBUG main            d.u.i.k.p.i.AbstractProblemLoader Init config took 2.45s 
34194      INFO  main            d.u.i.k.p.i.AbstractProblemLoader Replaying proof empty_switch_array_out_of_bounds.key.proof 
34260      DEBUG main            d.u.i.k.p.i.IntermediateProofReplayer Proof replay took 62.43ms 
34261      DEBUG main            d.u.i.k.p.r.p.TestFile    ... success: reloaded. 
34262      INFO  main            d.u.i.k.p.r.p.TestFile    Now processing file /home/runner/work/key/key/key.core/../key.ui/examples/standard_key/java_dl/switch/empty_switch_array_out_of_bounds_catch.key 
34263      INFO  main            d.u.i.k.p.i.AbstractProblemLoader Loading environment from /home/runner/work/key/key/key.core/../key.ui/examples/standard_key/java_dl/switch/empty_switch_array_out_of_bounds_catch.key 
34263      DEBUG main            d.u.i.k.p.i.AbstractProblemLoader Environment load took 199.2ns 
34264      INFO  main            d.u.i.k.p.i.AbstractProblemLoader Creating init config 
36743      DEBUG main            d.u.i.k.p.i.AbstractProblemLoader Init config took 2.48s 
36761      INFO  main            d.u.i.k.p.i.AbstractProblemLoader Replaying proof empty_switch_array_out_of_bounds_catch.key 
36764      DEBUG main            d.u.i.k.p.i.IntermediateProofReplayer Proof replay took 5.5ns 
36966      INFO  main            d.u.i.k.p.r.p.TestFile    ... finished proof: closed. 
37129      INFO  main            d.u.i.k.p.i.AbstractProblemLoader Loading environment from /home/runner/work/key/key/key.core/../key.ui/examples/standard_key/java_dl/switch/empty_switch_array_out_of_bounds_catch.key.proof 
37129      DEBUG main            d.u.i.k.p.i.AbstractProblemLoader Environment load took 118.2ns 
37130      INFO  main            d.u.i.k.p.i.AbstractProblemLoader Creating init config 
39580      DEBUG main            d.u.i.k.p.i.AbstractProblemLoader Init config took 2.45s 
39598      INFO  main            d.u.i.k.p.i.AbstractProblemLoader Replaying proof empty_switch_array_out_of_bounds_catch.key.proof 
39634      DEBUG main            d.u.i.k.p.i.IntermediateProofReplayer Proof replay took 32.64ms 
39635      DEBUG main            d.u.i.k.p.r.p.TestFile    ... success: reloaded. 
39636      INFO  main            d.u.i.k.p.r.p.TestFile    Now processing file /home/runner/work/key/key/key.core/../key.ui/examples/standard_key/java_dl/switch/switch_in_switch.key 
39636      INFO  main            d.u.i.k.p.i.AbstractProblemLoader Loading environment from /home/runner/work/key/key/key.core/../key.ui/examples/standard_key/java_dl/switch/switch_in_switch.key 
39636      DEBUG main            d.u.i.k.p.i.AbstractProblemLoader Environment load took 182.3ns 
39637      INFO  main            d.u.i.k.p.i.AbstractProblemLoader Creating init config 
42201      DEBUG main            d.u.i.k.p.i.AbstractProblemLoader Init config took 2.56s 
42244      INFO  main            d.u.i.k.p.i.AbstractProblemLoader Replaying proof SwitchInSwitch[SwitchInSwitch::m(int)].JML normal_behavior operation contract.0 
42245      DEBUG main            d.u.i.k.p.i.IntermediateProofReplayer Proof replay took 7ns 
46575      INFO  main            d.u.i.k.p.r.p.TestFile    ... finished proof: closed. 
46861      INFO  main            d.u.i.k.p.i.AbstractProblemLoader Loading environment from /home/runner/work/key/key/key.core/../key.ui/examples/standard_key/java_dl/switch/switch_in_switch.key.proof 
46865      DEBUG main            d.u.i.k.p.i.AbstractProblemLoader Environment load took 3.51ms 
46867      INFO  main            d.u.i.k.p.i.AbstractProblemLoader Creating init config 
49419      DEBUG main            d.u.i.k.p.i.AbstractProblemLoader Init config took 2.55s 
49464      INFO  main            d.u.i.k.p.i.AbstractProblemLoader Replaying proof SwitchInSwitch[SwitchInSwitch::m(int)].JML normal_behavior operation contract.0 
49972      DEBUG main            d.u.i.k.p.i.IntermediateProofReplayer Proof replay took 478.16ms 
49973      DEBUG main            d.u.i.k.p.r.p.TestFile    ... success: reloaded. 
49974      INFO  main            d.u.i.k.p.r.p.TestFile    Now processing file /home/runner/work/key/key/key.core/../key.ui/examples/standard_key/java_dl/switch/while_and_switch.key 
49975      INFO  main            d.u.i.k.p.i.AbstractProblemLoader Loading environment from /home/runner/work/key/key/key.core/../key.ui/examples/standard_key/java_dl/switch/while_and_switch.key 
49975      DEBUG main            d.u.i.k.p.i.AbstractProblemLoader Environment load took 177ns 
49976      INFO  main            d.u.i.k.p.i.AbstractProblemLoader Creating init config 
52538      DEBUG main            d.u.i.k.p.i.AbstractProblemLoader Init config took 2.56s 
52578      INFO  main            d.u.i.k.p.i.AbstractProblemLoader Replaying proof WhileAndSwitch[WhileAndSwitch::m(int)].JML normal_behavior operation contract.0 
52581      DEBUG main            d.u.i.k.p.i.IntermediateProofReplayer Proof replay took 5.7ns 
53293      INFO  main            d.u.i.k.p.r.p.TestFile    ... finished proof: closed. 
53460      INFO  main            d.u.i.k.p.i.AbstractProblemLoader Loading environment from /home/runner/work/key/key/key.core/../key.ui/examples/standard_key/java_dl/switch/while_and_switch.key.proof 
53461      DEBUG main            d.u.i.k.p.i.AbstractProblemLoader Environment load took 1.46ms 
53463      INFO  main            d.u.i.k.p.i.AbstractProblemLoader Creating init config 
55950      DEBUG main            d.u.i.k.p.i.AbstractProblemLoader Init config took 2.49s 
55997      INFO  main            d.u.i.k.p.i.AbstractProblemLoader Replaying proof WhileAndSwitch[WhileAndSwitch::m(int)].JML normal_behavior operation contract.0 
56140      DEBUG main            d.u.i.k.p.i.IntermediateProofReplayer Proof replay took 136.05ms 
56143      DEBUG main            d.u.i.k.p.r.p.TestFile    ... success: reloaded. 
56144      INFO  main            d.u.i.k.p.r.p.TestFile    Now processing file /home/runner/work/key/key/key.core/../key.ui/examples/standard_key/java_dl/switch/large_switch.key 
56146      INFO  main            d.u.i.k.p.i.AbstractProblemLoader Loading environment from /home/runner/work/key/key/key.core/../key.ui/examples/standard_key/java_dl/switch/large_switch.key 
56146      DEBUG main            d.u.i.k.p.i.AbstractProblemLoader Environment load took 120.1ns 
56147      INFO  main            d.u.i.k.p.i.AbstractProblemLoader Creating init config 
58725      DEBUG main            d.u.i.k.p.i.AbstractProblemLoader Init config took 2.58s 
58777      INFO  main            d.u.i.k.p.i.AbstractProblemLoader Replaying proof LargeSwitch[LargeSwitch::m(int)].JML normal_behavior operation contract.0 
58779      DEBUG main            d.u.i.k.p.i.IntermediateProofReplayer Proof replay took 6.6ns 
60085      INFO  main            d.u.i.k.p.r.p.TestFile    ... finished proof: closed. 
60277      INFO  main            d.u.i.k.p.i.AbstractProblemLoader Loading environment from /home/runner/work/key/key/key.core/../key.ui/examples/standard_key/java_dl/switch/large_switch.key.proof 
60278      DEBUG main            d.u.i.k.p.i.AbstractProblemLoader Environment load took 318ns 
60279      INFO  main            d.u.i.k.p.i.AbstractProblemLoader Creating init config 
62748      DEBUG main            d.u.i.k.p.i.AbstractProblemLoader Init config took 2.47s 
62785      INFO  main            d.u.i.k.p.i.AbstractProblemLoader Replaying proof LargeSwitch[LargeSwitch::m(int)].JML normal_behavior operation contract.0 
63132      DEBUG main            d.u.i.k.p.i.IntermediateProofReplayer Proof replay took 330.17ms 
63134      DEBUG main            d.u.i.k.p.r.p.TestFile    ... success: reloaded. 
5021259    INFO  Test worker     d.u.i.k.p.r.RunAllProofsTestUnit Returning from test switch 
5021260    INFO  Test worker     d.u.i.k.p.r.RunAllProofsTestUnit Running test redux 
340        INFO  Timeout watchdog d.u.i.k.p.r.p.ForkedTestFileRunner Timeout watcher launched (2000 secs.) 
360        WARN  main            d.u.i.k.s.ProofSettings   The settings in /home/runner/.key/proof-settings.props are *not* read. 
410        INFO  main            d.u.i.k.p.r.p.TestFile    Now processing file /home/runner/work/key/key/key.core/../key.ui/examples/redux/arrays/Arrays.copyOf.key 
542        INFO  main            d.u.i.k.p.i.AbstractProblemLoader Loading environment from /home/runner/work/key/key/key.core/../key.ui/examples/redux/arrays/Arrays.copyOf.key 
565        DEBUG main            d.u.i.k.p.i.AbstractProblemLoader Environment load took 2.09ms 
793        INFO  main            d.u.i.k.p.i.AbstractProblemLoader Creating init config 
1666       DEBUG main            d.u.i.k.j.TypeConverter   No LDT found for Meta 
1666       DEBUG main            d.u.i.k.j.TypeConverter   No LDT found for Meta 
1667       DEBUG main            d.u.i.k.j.TypeConverter   No LDT found for Meta 
1667       DEBUG main            d.u.i.k.j.TypeConverter   No LDT found for Meta 
3104       DEBUG main            d.u.i.k.j.TypeConverter   No LDT found for JavaBigintExpression 
8868       DEBUG main            d.u.i.k.p.i.AbstractProblemLoader Init config took 8.07s 
9001       INFO  main            d.u.i.k.p.i.AbstractProblemLoader Replaying proof Arrays[Arrays::copyOf([I,int)].JML normal_behavior operation contract.0 
9034       DEBUG main            d.u.i.k.p.i.IntermediateProofReplayer Proof replay took 33ns 
14257      INFO  main            d.u.i.k.p.r.p.TestFile    ... finished proof: closed. 
14396      INFO  main            d.u.i.k.p.i.AbstractProblemLoader Loading environment from /home/runner/work/key/key/key.core/../key.ui/examples/redux/arrays/Arrays.copyOf.key.proof 
14397      DEBUG main            d.u.i.k.p.i.AbstractProblemLoader Environment load took 341.8ns 
14399      INFO  main            d.u.i.k.p.i.AbstractProblemLoader Creating init config 
17698      DEBUG main            d.u.i.k.p.i.AbstractProblemLoader Init config took 3.3s 
17780      INFO  main            d.u.i.k.p.i.AbstractProblemLoader Replaying proof Arrays[Arrays::copyOf([I,int)].JML normal_behavior operation contract.0 
18357      DEBUG main            d.u.i.k.p.i.IntermediateProofReplayer Proof replay took 557.65ms 
18367      DEBUG main            d.u.i.k.p.r.p.TestFile    ... success: reloaded. 
18369      INFO  main            d.u.i.k.p.r.p.TestFile    Now processing file /home/runner/work/key/key/key.core/../key.ui/examples/redux/arrays/Arrays.copyOf.float.key 
18370      INFO  main            d.u.i.k.p.i.AbstractProblemLoader Loading environment from /home/runner/work/key/key/key.core/../key.ui/examples/redux/arrays/Arrays.copyOf.float.key 
18370      DEBUG main            d.u.i.k.p.i.AbstractProblemLoader Environment load took 181.4ns 
18374      INFO  main            d.u.i.k.p.i.AbstractProblemLoader Creating init config 
21655      DEBUG main            d.u.i.k.p.i.AbstractProblemLoader Init config took 3.28s 
21727      INFO  main            d.u.i.k.p.i.AbstractProblemLoader Replaying proof Arrays[Arrays::copyOf([F,int)].JML normal_behavior operation contract.0 
21729      DEBUG main            d.u.i.k.p.i.IntermediateProofReplayer Proof replay took 4.9ns 
21753      DEBUG main            d.u.i.k.m.s.ProofScriptEngine 1: 'macro autopilot' 
26084      DEBUG main            d.u.i.k.m.s.ProofScriptEngine 2: 'smt solver=Z3' 
26181      INFO  main            d.u.i.k.m.s.SMTCommand    Finished run on goal 17 in 69ms, result is valid 
26181      DEBUG main            d.u.i.k.m.s.ProofScriptEngine 3: 'tryclose' 
27787      INFO  main            d.u.i.k.p.r.p.TestFile    ... finished proof: closed. 
27982      INFO  main            d.u.i.k.p.i.AbstractProblemLoader Loading environment from /home/runner/work/key/key/key.core/../key.ui/examples/redux/arrays/Arrays.copyOf.float.key.proof 
27982      DEBUG main            d.u.i.k.p.i.AbstractProblemLoader Environment load took 344.6ns 
27986      INFO  main            d.u.i.k.p.i.AbstractProblemLoader Creating init config 
31113      DEBUG main            d.u.i.k.p.i.AbstractProblemLoader Init config took 3.13s 
31182      INFO  main            d.u.i.k.p.i.AbstractProblemLoader Replaying proof Arrays[Arrays::copyOf([F,int)].JML normal_behavior operation contract.0 
31276      INFO  main            d.u.i.k.s.SMTFocusResults Analyzing unsat core: (L_6) 
31947      DEBUG main            d.u.i.k.p.i.IntermediateProofReplayer Proof replay took 736.05ms 
31951      DEBUG main            d.u.i.k.p.r.p.TestFile    ... success: reloaded. 
31954      INFO  main            d.u.i.k.p.r.p.TestFile    Now processing file /home/runner/work/key/key/key.core/../key.ui/examples/redux/arrays/Arrays.copyOfRange.key 
31954      INFO  main            d.u.i.k.p.i.AbstractProblemLoader Loading environment from /home/runner/work/key/key/key.core/../key.ui/examples/redux/arrays/Arrays.copyOfRange.key 
31955      DEBUG main            d.u.i.k.p.i.AbstractProblemLoader Environment load took 105.9ns 
31956      INFO  main            d.u.i.k.p.i.AbstractProblemLoader Creating init config 
35176      DEBUG main            d.u.i.k.p.i.AbstractProblemLoader Init config took 3.22s 
35230      INFO  main            d.u.i.k.p.i.AbstractProblemLoader Replaying proof Arrays[Arrays::copyOfRange([I,int,int)].JML normal_behavior operation contract.0 
35233      DEBUG main            d.u.i.k.p.i.IntermediateProofReplayer Proof replay took 5ns 
39650      INFO  main            d.u.i.k.p.r.p.TestFile    ... finished proof: closed. 
39858      INFO  main            d.u.i.k.p.i.AbstractProblemLoader Loading environment from /home/runner/work/key/key/key.core/../key.ui/examples/redux/arrays/Arrays.copyOfRange.key.proof 
39859      DEBUG main            d.u.i.k.p.i.AbstractProblemLoader Environment load took 773.09ns 
39861      INFO  main            d.u.i.k.p.i.AbstractProblemLoader Creating init config 
42965      DEBUG main            d.u.i.k.p.i.AbstractProblemLoader Init config took 3.1s 
43007      INFO  main            d.u.i.k.p.i.AbstractProblemLoader Replaying proof Arrays[Arrays::copyOfRange([I,int,int)].JML normal_behavior operation contract.0 
43534      DEBUG main            d.u.i.k.p.i.IntermediateProofReplayer Proof replay took 507.03ms 
43536      DEBUG main            d.u.i.k.p.r.p.TestFile    ... success: reloaded. 
43537      INFO  main            d.u.i.k.p.r.p.TestFile    Now processing file /home/runner/work/key/key/key.core/../key.ui/examples/redux/arrays/Arrays.copyOfRange.float.key 
43538      INFO  main            d.u.i.k.p.i.AbstractProblemLoader Loading environment from /home/runner/work/key/key/key.core/../key.ui/examples/redux/arrays/Arrays.copyOfRange.float.key 
43538      DEBUG main            d.u.i.k.p.i.AbstractProblemLoader Environment load took 165.8ns 
43539      INFO  main            d.u.i.k.p.i.AbstractProblemLoader Creating init config 
46670      DEBUG main            d.u.i.k.p.i.AbstractProblemLoader Init config took 3.13s 
46710      INFO  main            d.u.i.k.p.i.AbstractProblemLoader Replaying proof Arrays[Arrays::copyOfRange([F,int,int)].JML normal_behavior operation contract.0 
46712      DEBUG main            d.u.i.k.p.i.IntermediateProofReplayer Proof replay took 5.9ns 
46712      DEBUG main            d.u.i.k.m.s.ProofScriptEngine 1: 'macro autopilot' 
52325      DEBUG main            d.u.i.k.m.s.ProofScriptEngine 2: 'smt solver=Z3' 
52367      INFO  main            d.u.i.k.m.s.SMTCommand    Finished run on goal 27 in 38ms, result is valid 
52367      DEBUG main            d.u.i.k.m.s.ProofScriptEngine 3: 'tryclose' 
55715      INFO  main            d.u.i.k.p.r.p.TestFile    ... finished proof: closed. 
55903      INFO  main            d.u.i.k.p.i.AbstractProblemLoader Loading environment from /home/runner/work/key/key/key.core/../key.ui/examples/redux/arrays/Arrays.copyOfRange.float.key.proof 
55903      DEBUG main            d.u.i.k.p.i.AbstractProblemLoader Environment load took 332.1ns 
55906      INFO  main            d.u.i.k.p.i.AbstractProblemLoader Creating init config 
58942      DEBUG main            d.u.i.k.p.i.AbstractProblemLoader Init config took 3.04s 
58991      INFO  main            d.u.i.k.p.i.AbstractProblemLoader Replaying proof Arrays[Arrays::copyOfRange([F,int,int)].JML normal_behavior operation contract.0 
59067      INFO  main            d.u.i.k.s.SMTFocusResults Analyzing unsat core: (L_8) 
59933      DEBUG main            d.u.i.k.p.i.IntermediateProofReplayer Proof replay took 919.49ms 
59935      DEBUG main            d.u.i.k.p.r.p.TestFile    ... success: reloaded. 
59936      INFO  main            d.u.i.k.p.r.p.TestFile    Now processing file /home/runner/work/key/key/key.core/../key.ui/examples/redux/arrays/Arrays.equals.key 
59936      INFO  main            d.u.i.k.p.i.AbstractProblemLoader Loading environment from /home/runner/work/key/key/key.core/../key.ui/examples/redux/arrays/Arrays.equals.key 
59936      DEBUG main            d.u.i.k.p.i.AbstractProblemLoader Environment load took 161.3ns 
59937      INFO  main            d.u.i.k.p.i.AbstractProblemLoader Creating init config 
63056      DEBUG main            d.u.i.k.p.i.AbstractProblemLoader Init config took 3.12s 
63095      INFO  main            d.u.i.k.p.i.AbstractProblemLoader Replaying proof Arrays[Arrays::equals([B,[B)].JML normal_behavior operation contract.0 
63097      DEBUG main            d.u.i.k.p.i.IntermediateProofReplayer Proof replay took 5.6ns 
63602      INFO  main            d.u.i.k.p.r.p.TestFile    ... finished proof: closed. 
63821      INFO  main            d.u.i.k.p.i.AbstractProblemLoader Loading environment from /home/runner/work/key/key/key.core/../key.ui/examples/redux/arrays/Arrays.equals.key.proof 
63821      DEBUG main            d.u.i.k.p.i.AbstractProblemLoader Environment load took 417.3ns 
63822      INFO  main            d.u.i.k.p.i.AbstractProblemLoader Creating init config 
66818      DEBUG main            d.u.i.k.p.i.AbstractProblemLoader Init config took 3s 
66857      INFO  main            d.u.i.k.p.i.AbstractProblemLoader Replaying proof Arrays[Arrays::equals([B,[B)].JML normal_behavior operation contract.0 
66996      DEBUG main            d.u.i.k.p.i.IntermediateProofReplayer Proof replay took 134.92ms 
66997      DEBUG main            d.u.i.k.p.r.p.TestFile    ... success: reloaded. 
66998      INFO  main            d.u.i.k.p.r.p.TestFile    Now processing file /home/runner/work/key/key/key.core/../key.ui/examples/redux/arrays/Arrays.fill.key 
66998      INFO  main            d.u.i.k.p.i.AbstractProblemLoader Loading environment from /home/runner/work/key/key/key.core/../key.ui/examples/redux/arrays/Arrays.fill.key 
66998      DEBUG main            d.u.i.k.p.i.AbstractProblemLoader Environment load took 133ns 
66999      INFO  main            d.u.i.k.p.i.AbstractProblemLoader Creating init config 
70043      DEBUG main            d.u.i.k.p.i.AbstractProblemLoader Init config took 3.04s 
70081      INFO  main            d.u.i.k.p.i.AbstractProblemLoader Replaying proof Arrays[Arrays::fill([I,int)].JML normal_behavior operation contract.0 
70082      DEBUG main            d.u.i.k.p.i.IntermediateProofReplayer Proof replay took 6.2ns 
70185      INFO  main            d.u.i.k.p.r.p.TestFile    ... finished proof: closed. 
70348      INFO  main            d.u.i.k.p.i.AbstractProblemLoader Loading environment from /home/runner/work/key/key/key.core/../key.ui/examples/redux/arrays/Arrays.fill.key.proof 
70349      DEBUG main            d.u.i.k.p.i.AbstractProblemLoader Environment load took 111.6ns 
70349      INFO  main            d.u.i.k.p.i.AbstractProblemLoader Creating init config 
73343      DEBUG main            d.u.i.k.p.i.AbstractProblemLoader Init config took 2.99s 
73379      INFO  main            d.u.i.k.p.i.AbstractProblemLoader Replaying proof Arrays[Arrays::fill([I,int)].JML normal_behavior operation contract.0 
73410      DEBUG main            d.u.i.k.p.i.IntermediateProofReplayer Proof replay took 28.67ms 
73411      DEBUG main            d.u.i.k.p.r.p.TestFile    ... success: reloaded. 
73412      INFO  main            d.u.i.k.p.r.p.TestFile    Now processing file /home/runner/work/key/key/key.core/../key.ui/examples/redux/arrays/Arrays.fill.float.key 
73412      INFO  main            d.u.i.k.p.i.AbstractProblemLoader Loading environment from /home/runner/work/key/key/key.core/../key.ui/examples/redux/arrays/Arrays.fill.float.key 
73412      DEBUG main            d.u.i.k.p.i.AbstractProblemLoader Environment load took 176.5ns 
73413      INFO  main            d.u.i.k.p.i.AbstractProblemLoader Creating init config 
76488      DEBUG main            d.u.i.k.p.i.AbstractProblemLoader Init config took 3.07s 
76524      INFO  main            d.u.i.k.p.i.AbstractProblemLoader Replaying proof Arrays[Arrays::fill([F,float)].JML normal_behavior operation contract.0 
76525      DEBUG main            d.u.i.k.p.i.IntermediateProofReplayer Proof replay took 6.2ns 
76727      INFO  main            d.u.i.k.p.r.p.TestFile    ... finished proof: closed. 
76901      INFO  main            d.u.i.k.p.i.AbstractProblemLoader Loading environment from /home/runner/work/key/key/key.core/../key.ui/examples/redux/arrays/Arrays.fill.float.key.proof 
76901      DEBUG main            d.u.i.k.p.i.AbstractProblemLoader Environment load took 110.7ns 
76902      INFO  main            d.u.i.k.p.i.AbstractProblemLoader Creating init config 
79913      DEBUG main            d.u.i.k.p.i.AbstractProblemLoader Init config took 3.01s 
79948      INFO  main            d.u.i.k.p.i.AbstractProblemLoader Replaying proof Arrays[Arrays::fill([F,float)].JML normal_behavior operation contract.0 
79989      DEBUG main            d.u.i.k.p.i.IntermediateProofReplayer Proof replay took 38.28ms 
79990      DEBUG main            d.u.i.k.p.r.p.TestFile    ... success: reloaded. 
79991      INFO  main            d.u.i.k.p.r.p.TestFile    Now processing file /home/runner/work/key/key/key.core/../key.ui/examples/redux/arrays/Arrays.fillFromTo.key 
79991      INFO  main            d.u.i.k.p.i.AbstractProblemLoader Loading environment from /home/runner/work/key/key/key.core/../key.ui/examples/redux/arrays/Arrays.fillFromTo.key 
79991      DEBUG main            d.u.i.k.p.i.AbstractProblemLoader Environment load took 197.2ns 
79992      INFO  main            d.u.i.k.p.i.AbstractProblemLoader Creating init config 
82981      DEBUG main            d.u.i.k.p.i.AbstractProblemLoader Init config took 2.99s 
83016      INFO  main            d.u.i.k.p.i.AbstractProblemLoader Replaying proof Arrays[Arrays::fill([I,int,int,int)].JML normal_behavior operation contract.0 
83017      DEBUG main            d.u.i.k.p.i.IntermediateProofReplayer Proof replay took 5.2ns 
83521      INFO  main            d.u.i.k.p.r.p.TestFile    ... finished proof: closed. 
83689      INFO  main            d.u.i.k.p.i.AbstractProblemLoader Loading environment from /home/runner/work/key/key/key.core/../key.ui/examples/redux/arrays/Arrays.fillFromTo.key.proof 
83689      DEBUG main            d.u.i.k.p.i.AbstractProblemLoader Environment load took 122.4ns 
83690      INFO  main            d.u.i.k.p.i.AbstractProblemLoader Creating init config 
86677      DEBUG main            d.u.i.k.p.i.AbstractProblemLoader Init config took 2.99s 
86713      INFO  main            d.u.i.k.p.i.AbstractProblemLoader Replaying proof Arrays[Arrays::fill([I,int,int,int)].JML normal_behavior operation contract.0 
86821      DEBUG main            d.u.i.k.p.i.IntermediateProofReplayer Proof replay took 104.7ms 
86822      DEBUG main            d.u.i.k.p.r.p.TestFile    ... success: reloaded. 
86823      INFO  main            d.u.i.k.p.r.p.TestFile    Now processing file /home/runner/work/key/key/key.core/../key.ui/examples/redux/arrays/Arrays.fillFromTo.float.key 
86823      INFO  main            d.u.i.k.p.i.AbstractProblemLoader Loading environment from /home/runner/work/key/key/key.core/../key.ui/examples/redux/arrays/Arrays.fillFromTo.float.key 
86824      DEBUG main            d.u.i.k.p.i.AbstractProblemLoader Environment load took 180.7ns 
86824      INFO  main            d.u.i.k.p.i.AbstractProblemLoader Creating init config 
89840      DEBUG main            d.u.i.k.p.i.AbstractProblemLoader Init config took 3.02s 
89875      INFO  main            d.u.i.k.p.i.AbstractProblemLoader Replaying proof Arrays[Arrays::fill([F,int,int,float)].JML normal_behavior operation contract.0 
89876      DEBUG main            d.u.i.k.p.i.IntermediateProofReplayer Proof replay took 5.9ns 
90480      INFO  main            d.u.i.k.p.r.p.TestFile    ... finished proof: closed. 
90692      INFO  main            d.u.i.k.p.i.AbstractProblemLoader Loading environment from /home/runner/work/key/key/key.core/../key.ui/examples/redux/arrays/Arrays.fillFromTo.float.key.proof 
90693      DEBUG main            d.u.i.k.p.i.AbstractProblemLoader Environment load took 316.2ns 
90694      INFO  main            d.u.i.k.p.i.AbstractProblemLoader Creating init config 
93678      DEBUG main            d.u.i.k.p.i.AbstractProblemLoader Init config took 2.98s 
93712      INFO  main            d.u.i.k.p.i.AbstractProblemLoader Replaying proof Arrays[Arrays::fill([F,int,int,float)].JML normal_behavior operation contract.0 
93844      DEBUG main            d.u.i.k.p.i.IntermediateProofReplayer Proof replay took 126.81ms 
93845      DEBUG main            d.u.i.k.p.r.p.TestFile    ... success: reloaded. 
93845      INFO  main            d.u.i.k.p.r.p.TestFile    Now processing file /home/runner/work/key/key/key.core/../key.ui/examples/redux/arrays/ArrayCopy.arraycopy.normal.0.key 
93846      INFO  main            d.u.i.k.p.i.AbstractProblemLoader Loading environment from /home/runner/work/key/key/key.core/../key.ui/examples/redux/arrays/ArrayCopy.arraycopy.normal.0.key 
93846      DEBUG main            d.u.i.k.p.i.AbstractProblemLoader Environment load took 114.2ns 
93847      INFO  main            d.u.i.k.p.i.AbstractProblemLoader Creating init config 
96853      DEBUG main            d.u.i.k.p.i.AbstractProblemLoader Init config took 3.01s 
96887      INFO  main            d.u.i.k.p.i.AbstractProblemLoader Replaying proof ArrayCopy[ArrayCopy::arraycopy(java.lang.Object,int,java.lang.Object,int,int)].JML normal_behavior operation contract.0 
96888      DEBUG main            d.u.i.k.p.i.IntermediateProofReplayer Proof replay took 7.1ns 
102935     INFO  main            d.u.i.k.p.r.p.TestFile    ... finished proof: closed. 
103144     INFO  main            d.u.i.k.p.i.AbstractProblemLoader Loading environment from /home/runner/work/key/key/key.core/../key.ui/examples/redux/arrays/ArrayCopy.arraycopy.normal.0.key.proof 
103145     DEBUG main            d.u.i.k.p.i.AbstractProblemLoader Environment load took 314ns 
103146     INFO  main            d.u.i.k.p.i.AbstractProblemLoader Creating init config 
106087     DEBUG main            d.u.i.k.p.i.AbstractProblemLoader Init config took 2.94s 
106121     INFO  main            d.u.i.k.p.i.AbstractProblemLoader Replaying proof ArrayCopy[ArrayCopy::arraycopy(java.lang.Object,int,java.lang.Object,int,int)].JML normal_behavior operation contract.0 
107010     DEBUG main            d.u.i.k.p.i.IntermediateProofReplayer Proof replay took 873.91ms 
107011     DEBUG main            d.u.i.k.p.r.p.TestFile    ... success: reloaded. 
107012     INFO  main            d.u.i.k.p.r.p.TestFile    Now processing file /home/runner/work/key/key/key.core/../key.ui/examples/redux/arrays/ArrayCopy.arraycopy.exceptional.0.key 
107013     INFO  main            d.u.i.k.p.i.AbstractProblemLoader Loading environment from /home/runner/work/key/key/key.core/../key.ui/examples/redux/arrays/ArrayCopy.arraycopy.exceptional.0.key 
107013     DEBUG main            d.u.i.k.p.i.AbstractProblemLoader Environment load took 85.1ns 
107013     INFO  main            d.u.i.k.p.i.AbstractProblemLoader Creating init config 
110042     DEBUG main            d.u.i.k.p.i.AbstractProblemLoader Init config took 3.03s 
110075     INFO  main            d.u.i.k.p.i.AbstractProblemLoader Replaying proof ArrayCopy[ArrayCopy::arraycopy(java.lang.Object,int,java.lang.Object,int,int)].JML exceptional_behavior operation contract.0 
110076     DEBUG main            d.u.i.k.p.i.IntermediateProofReplayer Proof replay took 5.1ns 
110485     INFO  main            d.u.i.k.p.r.p.TestFile    ... finished proof: closed. 
110680     INFO  main            d.u.i.k.p.i.AbstractProblemLoader Loading environment from /home/runner/work/key/key/key.core/../key.ui/examples/redux/arrays/ArrayCopy.arraycopy.exceptional.0.key.proof 
110680     DEBUG main            d.u.i.k.p.i.AbstractProblemLoader Environment load took 110.5ns 
110681     INFO  main            d.u.i.k.p.i.AbstractProblemLoader Creating init config 
113666     DEBUG main            d.u.i.k.p.i.AbstractProblemLoader Init config took 2.99s 
113699     INFO  main            d.u.i.k.p.i.AbstractProblemLoader Replaying proof ArrayCopy[ArrayCopy::arraycopy(java.lang.Object,int,java.lang.Object,int,int)].JML exceptional_behavior operation contract.0 
113810     DEBUG main            d.u.i.k.p.i.IntermediateProofReplayer Proof replay took 108ms 
113811     DEBUG main            d.u.i.k.p.r.p.TestFile    ... success: reloaded. 
113811     INFO  main            d.u.i.k.p.r.p.TestFile    Now processing file /home/runner/work/key/key/key.core/../key.ui/examples/redux/arrays/ArrayCopy.arraycopy.exceptional.1.key 
113812     INFO  main            d.u.i.k.p.i.AbstractProblemLoader Loading environment from /home/runner/work/key/key/key.core/../key.ui/examples/redux/arrays/ArrayCopy.arraycopy.exceptional.1.key 
113812     DEBUG main            d.u.i.k.p.i.AbstractProblemLoader Environment load took 58.9ns 
113812     INFO  main            d.u.i.k.p.i.AbstractProblemLoader Creating init config 
116822     DEBUG main            d.u.i.k.p.i.AbstractProblemLoader Init config took 3.01s 
116856     INFO  main            d.u.i.k.p.i.AbstractProblemLoader Replaying proof ArrayCopy[ArrayCopy::arraycopy(java.lang.Object,int,java.lang.Object,int,int)].JML exceptional_behavior operation contract.1 
116857     DEBUG main            d.u.i.k.p.i.IntermediateProofReplayer Proof replay took 5.2ns 
122717     INFO  main            d.u.i.k.p.r.p.TestFile    ... finished proof: closed. 
122933     INFO  main            d.u.i.k.p.i.AbstractProblemLoader Loading environment from /home/runner/work/key/key/key.core/../key.ui/examples/redux/arrays/ArrayCopy.arraycopy.exceptional.1.key.proof 
122933     DEBUG main            d.u.i.k.p.i.AbstractProblemLoader Environment load took 123.3ns 
122935     INFO  main            d.u.i.k.p.i.AbstractProblemLoader Creating init config 
125892     DEBUG main            d.u.i.k.p.i.AbstractProblemLoader Init config took 2.96s 
125925     INFO  main            d.u.i.k.p.i.AbstractProblemLoader Replaying proof ArrayCopy[ArrayCopy::arraycopy(java.lang.Object,int,java.lang.Object,int,int)].JML exceptional_behavior operation contract.1 
127503     DEBUG main            d.u.i.k.p.i.IntermediateProofReplayer Proof replay took 1.56s 
127505     DEBUG main            d.u.i.k.p.r.p.TestFile    ... success: reloaded. 
5148930    INFO  Test worker     d.u.i.k.p.r.RunAllProofsTestUnit Returning from test redux 
]]></system-out>
  <system-err><![CDATA[]]></system-err>
</testsuite>
