<?xml version="1.0" encoding="UTF-8"?>
<testsuite name="de.uka.ilkd.key.symbolic_execution.testcase.strategy.TestExceptionBreakpointStopConditionWithHitCount" tests="1" skipped="0" failures="0" errors="0" timestamp="2023-04-06T18:17:32" hostname="fv-az554-412" time="5.539">
  <properties/>
  <testcase name="testBreakpointStopCondition()" classname="de.uka.ilkd.key.symbolic_execution.testcase.strategy.TestExceptionBreakpointStopConditionWithHitCount" time="5.539"/>
  <system-out><![CDATA[]]></system-out>
  <system-err><![CDATA[]]></system-err>
</testsuite>
