<?xml version="1.0" encoding="UTF-8"?>
<testsuite name="de.uka.ilkd.key.symbolic_execution.testcase.util.TestEqualsHashCodeResetter" tests="3" skipped="0" failures="0" errors="0" timestamp="2023-04-06T18:20:11" hostname="fv-az554-412" time="0.003">
  <properties/>
  <testcase name="testGetWrappedElement()" classname="de.uka.ilkd.key.symbolic_execution.testcase.util.TestEqualsHashCodeResetter" time="0.001"/>
  <testcase name="testHashCode()" classname="de.uka.ilkd.key.symbolic_execution.testcase.util.TestEqualsHashCodeResetter" time="0.001"/>
  <testcase name="testEquals()" classname="de.uka.ilkd.key.symbolic_execution.testcase.util.TestEqualsHashCodeResetter" time="0.001"/>
  <system-out><![CDATA[]]></system-out>
  <system-err><![CDATA[]]></system-err>
</testsuite>
