<?xml version="1.0" encoding="UTF-8"?>
<testsuite name="de.uka.ilkd.key.rule.merge.PredicateAbstractionLatticeTests" tests="3" skipped="0" failures="0" errors="0" timestamp="2023-04-25T13:22:20" hostname="fv-az269-523" time="5.62">
  <properties/>
  <testcase name="testToAndFromString()" classname="de.uka.ilkd.key.rule.merge.PredicateAbstractionLatticeTests" time="2.769"/>
  <testcase name="testCreateSignLatticeWithPredicates()" classname="de.uka.ilkd.key.rule.merge.PredicateAbstractionLatticeTests" time="2.85"/>
  <testcase name="testTrivialPredicatesLattice()" classname="de.uka.ilkd.key.rule.merge.PredicateAbstractionLatticeTests" time="0.0"/>
  <system-out><![CDATA[463222     INFO  Test worker     d.u.i.k.p.i.AbstractProblemLoader Loading environment from src\test\resources\testcase\merge\dummy.key 
463222     DEBUG Test worker     d.u.i.k.p.i.AbstractProblemLoader Environment load took 118ns 
463222     INFO  Test worker     d.u.i.k.p.i.AbstractProblemLoader Creating init config 
465970     DEBUG Test worker     d.u.i.k.p.i.AbstractProblemLoader Init config took 2.75s 
465986     INFO  Test worker     d.u.i.k.p.i.AbstractProblemLoader Replaying proof dummy.key 
465986     DEBUG Test worker     d.u.i.k.p.i.IntermediateProofReplayer Proof replay took 10.4ns 
465986     INFO  Test worker     d.u.i.k.p.i.AbstractProblemLoader Loading environment from src\test\resources\testcase\merge\dummy.key 
465986     DEBUG Test worker     d.u.i.k.p.i.AbstractProblemLoader Environment load took 100.2ns 
465986     INFO  Test worker     d.u.i.k.p.i.AbstractProblemLoader Creating init config 
468811     DEBUG Test worker     d.u.i.k.p.i.AbstractProblemLoader Init config took 2.82s 
468826     INFO  Test worker     d.u.i.k.p.i.AbstractProblemLoader Replaying proof dummy.key 
468826     DEBUG Test worker     d.u.i.k.p.i.IntermediateProofReplayer Proof replay took 11.1ns 
]]></system-out>
  <system-err><![CDATA[]]></system-err>
</testsuite>
