<?xml version="1.0" encoding="UTF-8"?>
<testsuite name="de.uka.ilkd.key.logic.TestClashFreeSubst" tests="14" skipped="2" failures="0" errors="0" timestamp="2023-04-25T13:15:13" hostname="fv-az269-523" time="45.969">
  <properties/>
  <testcase name="testMultiShareBound()" classname="de.uka.ilkd.key.logic.TestClashFreeSubst" time="0.908"/>
  <testcase name="testClash()" classname="de.uka.ilkd.key.logic.TestClashFreeSubst" time="0.863"/>
  <testcase name="testShare()" classname="de.uka.ilkd.key.logic.TestClashFreeSubst" time="0.847"/>
  <testcase name="testSubst()" classname="de.uka.ilkd.key.logic.TestClashFreeSubst" time="0.841"/>
  <testcase name="testWary0()" classname="de.uka.ilkd.key.logic.TestClashFreeSubst" time="0.845"/>
  <testcase name="testWary1()" classname="de.uka.ilkd.key.logic.TestClashFreeSubst" time="0.843"/>
  <testcase name="testWary2()" classname="de.uka.ilkd.key.logic.TestClashFreeSubst" time="0.838"/>
  <testcase name="testClashInSubstTerm()" classname="de.uka.ilkd.key.logic.TestClashFreeSubst" time="0.834"/>
  <testcase name="testShareWary()" classname="de.uka.ilkd.key.logic.TestClashFreeSubst" time="0.847"/>
  <testcase name="testMultiSubst()" classname="de.uka.ilkd.key.logic.TestClashFreeSubst" time="0.833"/>
  <testcase name="xtestMultiClash()" classname="de.uka.ilkd.key.logic.TestClashFreeSubst" time="0.0">
    <skipped/>
  </testcase>
  <testcase name="testSubstInSubstTerm()" classname="de.uka.ilkd.key.logic.TestClashFreeSubst" time="0.839"/>
  <testcase name="testSubstWary()" classname="de.uka.ilkd.key.logic.TestClashFreeSubst" time="0.857"/>
  <testcase name="xtestMultiClash1()" classname="de.uka.ilkd.key.logic.TestClashFreeSubst" time="0.001">
    <skipped/>
  </testcase>
  <system-out><![CDATA[36258      INFO  Test worker     d.u.i.k.n.KeyIO           Parsing took 0 ms 
36258      DEBUG Test worker     d.u.i.k.n.KeyIO           Load declarations of de.uka.ilkd.key.nparser.KeyAst$File:  <unknown>:1#1 
36258      INFO  Test worker     d.u.i.k.n.KeyIO           MODE: declarations took 0 ms 
36258      DEBUG Test worker     d.u.i.k.n.KeyIO           MODE: 2nd degree decls took 0 
37166      INFO  Test worker     d.u.i.k.n.KeyIO           Parsing took 0 ms 
37166      DEBUG Test worker     d.u.i.k.n.KeyIO           Load declarations of de.uka.ilkd.key.nparser.KeyAst$File:  <unknown>:1#1 
37166      INFO  Test worker     d.u.i.k.n.KeyIO           MODE: declarations took 0 ms 
37166      DEBUG Test worker     d.u.i.k.n.KeyIO           MODE: 2nd degree decls took 0 
39991      INFO  Test worker     d.u.i.k.n.KeyIO           Parsing took 0 ms 
39991      DEBUG Test worker     d.u.i.k.n.KeyIO           Load declarations of de.uka.ilkd.key.nparser.KeyAst$File:  <unknown>:1#1 
39991      INFO  Test worker     d.u.i.k.n.KeyIO           MODE: declarations took 0 ms 
39991      DEBUG Test worker     d.u.i.k.n.KeyIO           MODE: 2nd degree decls took 0 
40845      INFO  Test worker     d.u.i.k.n.KeyIO           Parsing took 0 ms 
40845      DEBUG Test worker     d.u.i.k.n.KeyIO           Load declarations of de.uka.ilkd.key.nparser.KeyAst$File:  <unknown>:1#1 
40845      INFO  Test worker     d.u.i.k.n.KeyIO           MODE: declarations took 0 ms 
40845      DEBUG Test worker     d.u.i.k.n.KeyIO           MODE: 2nd degree decls took 0 
43633      INFO  Test worker     d.u.i.k.n.KeyIO           Parsing took 0 ms 
43633      DEBUG Test worker     d.u.i.k.n.KeyIO           Load declarations of de.uka.ilkd.key.nparser.KeyAst$File:  <unknown>:1#1 
43634      INFO  Test worker     d.u.i.k.n.KeyIO           MODE: declarations took 1 ms 
43634      DEBUG Test worker     d.u.i.k.n.KeyIO           MODE: 2nd degree decls took 0 
44472      INFO  Test worker     d.u.i.k.n.KeyIO           Parsing took 0 ms 
44472      DEBUG Test worker     d.u.i.k.n.KeyIO           Load declarations of de.uka.ilkd.key.nparser.KeyAst$File:  <unknown>:1#1 
44472      INFO  Test worker     d.u.i.k.n.KeyIO           MODE: declarations took 0 ms 
44472      DEBUG Test worker     d.u.i.k.n.KeyIO           MODE: 2nd degree decls took 0 
47205      INFO  Test worker     d.u.i.k.n.KeyIO           Parsing took 0 ms 
47205      DEBUG Test worker     d.u.i.k.n.KeyIO           Load declarations of de.uka.ilkd.key.nparser.KeyAst$File:  <unknown>:1#1 
47205      INFO  Test worker     d.u.i.k.n.KeyIO           MODE: declarations took 0 ms 
47205      DEBUG Test worker     d.u.i.k.n.KeyIO           MODE: 2nd degree decls took 0 
48045      INFO  Test worker     d.u.i.k.n.KeyIO           Parsing took 0 ms 
48045      DEBUG Test worker     d.u.i.k.n.KeyIO           Load declarations of de.uka.ilkd.key.nparser.KeyAst$File:  <unknown>:1#1 
48045      INFO  Test worker     d.u.i.k.n.KeyIO           MODE: declarations took 0 ms 
48045      DEBUG Test worker     d.u.i.k.n.KeyIO           MODE: 2nd degree decls took 0 
50819      INFO  Test worker     d.u.i.k.n.KeyIO           Parsing took 16 ms 
50819      DEBUG Test worker     d.u.i.k.n.KeyIO           Load declarations of de.uka.ilkd.key.nparser.KeyAst$File:  <unknown>:1#1 
50819      INFO  Test worker     d.u.i.k.n.KeyIO           MODE: declarations took 0 ms 
50819      DEBUG Test worker     d.u.i.k.n.KeyIO           MODE: 2nd degree decls took 0 
51654      INFO  Test worker     d.u.i.k.n.KeyIO           Parsing took 0 ms 
51654      DEBUG Test worker     d.u.i.k.n.KeyIO           Load declarations of de.uka.ilkd.key.nparser.KeyAst$File:  <unknown>:1#1 
51654      INFO  Test worker     d.u.i.k.n.KeyIO           MODE: declarations took 0 ms 
51654      DEBUG Test worker     d.u.i.k.n.KeyIO           MODE: 2nd degree decls took 0 
54395      INFO  Test worker     d.u.i.k.n.KeyIO           Parsing took 0 ms 
54395      DEBUG Test worker     d.u.i.k.n.KeyIO           Load declarations of de.uka.ilkd.key.nparser.KeyAst$File:  <unknown>:1#1 
54395      INFO  Test worker     d.u.i.k.n.KeyIO           MODE: declarations took 0 ms 
54395      DEBUG Test worker     d.u.i.k.n.KeyIO           MODE: 2nd degree decls took 0 
55239      INFO  Test worker     d.u.i.k.n.KeyIO           Parsing took 0 ms 
55239      DEBUG Test worker     d.u.i.k.n.KeyIO           Load declarations of de.uka.ilkd.key.nparser.KeyAst$File:  <unknown>:1#1 
55239      INFO  Test worker     d.u.i.k.n.KeyIO           MODE: declarations took 0 ms 
55239      DEBUG Test worker     d.u.i.k.n.KeyIO           MODE: 2nd degree decls took 0 
57953      INFO  Test worker     d.u.i.k.n.KeyIO           Parsing took 0 ms 
57953      DEBUG Test worker     d.u.i.k.n.KeyIO           Load declarations of de.uka.ilkd.key.nparser.KeyAst$File:  <unknown>:1#1 
57953      INFO  Test worker     d.u.i.k.n.KeyIO           MODE: declarations took 0 ms 
57953      DEBUG Test worker     d.u.i.k.n.KeyIO           MODE: 2nd degree decls took 0 
58783      INFO  Test worker     d.u.i.k.n.KeyIO           Parsing took 0 ms 
58783      DEBUG Test worker     d.u.i.k.n.KeyIO           Load declarations of de.uka.ilkd.key.nparser.KeyAst$File:  <unknown>:1#1 
58783      INFO  Test worker     d.u.i.k.n.KeyIO           MODE: declarations took 0 ms 
58783      DEBUG Test worker     d.u.i.k.n.KeyIO           MODE: 2nd degree decls took 0 
61547      INFO  Test worker     d.u.i.k.n.KeyIO           Parsing took 0 ms 
61547      DEBUG Test worker     d.u.i.k.n.KeyIO           Load declarations of de.uka.ilkd.key.nparser.KeyAst$File:  <unknown>:1#1 
61547      INFO  Test worker     d.u.i.k.n.KeyIO           MODE: declarations took 0 ms 
61547      DEBUG Test worker     d.u.i.k.n.KeyIO           MODE: 2nd degree decls took 0 
62369      INFO  Test worker     d.u.i.k.n.KeyIO           Parsing took 0 ms 
62369      DEBUG Test worker     d.u.i.k.n.KeyIO           Load declarations of de.uka.ilkd.key.nparser.KeyAst$File:  <unknown>:1#1 
62369      INFO  Test worker     d.u.i.k.n.KeyIO           MODE: declarations took 0 ms 
62369      DEBUG Test worker     d.u.i.k.n.KeyIO           MODE: 2nd degree decls took 0 
65090      INFO  Test worker     d.u.i.k.n.KeyIO           Parsing took 0 ms 
65090      DEBUG Test worker     d.u.i.k.n.KeyIO           Load declarations of de.uka.ilkd.key.nparser.KeyAst$File:  <unknown>:1#1 
65106      INFO  Test worker     d.u.i.k.n.KeyIO           MODE: declarations took 16 ms 
65106      DEBUG Test worker     d.u.i.k.n.KeyIO           MODE: 2nd degree decls took 0 
65937      INFO  Test worker     d.u.i.k.n.KeyIO           Parsing took 0 ms 
65937      DEBUG Test worker     d.u.i.k.n.KeyIO           Load declarations of de.uka.ilkd.key.nparser.KeyAst$File:  <unknown>:1#1 
65937      INFO  Test worker     d.u.i.k.n.KeyIO           MODE: declarations took 0 ms 
65937      DEBUG Test worker     d.u.i.k.n.KeyIO           MODE: 2nd degree decls took 0 
68700      INFO  Test worker     d.u.i.k.n.KeyIO           Parsing took 0 ms 
68700      DEBUG Test worker     d.u.i.k.n.KeyIO           Load declarations of de.uka.ilkd.key.nparser.KeyAst$File:  <unknown>:1#1 
68700      INFO  Test worker     d.u.i.k.n.KeyIO           MODE: declarations took 0 ms 
68700      DEBUG Test worker     d.u.i.k.n.KeyIO           MODE: 2nd degree decls took 0 
69529      INFO  Test worker     d.u.i.k.n.KeyIO           Parsing took 0 ms 
69529      DEBUG Test worker     d.u.i.k.n.KeyIO           Load declarations of de.uka.ilkd.key.nparser.KeyAst$File:  <unknown>:1#1 
69529      INFO  Test worker     d.u.i.k.n.KeyIO           MODE: declarations took 0 ms 
69529      DEBUG Test worker     d.u.i.k.n.KeyIO           MODE: 2nd degree decls took 0 
74967      INFO  Test worker     d.u.i.k.n.KeyIO           Parsing took 0 ms 
74967      DEBUG Test worker     d.u.i.k.n.KeyIO           Load declarations of de.uka.ilkd.key.nparser.KeyAst$File:  <unknown>:1#1 
74967      INFO  Test worker     d.u.i.k.n.KeyIO           MODE: declarations took 0 ms 
74967      DEBUG Test worker     d.u.i.k.n.KeyIO           MODE: 2nd degree decls took 0 
75795      INFO  Test worker     d.u.i.k.n.KeyIO           Parsing took 0 ms 
75795      DEBUG Test worker     d.u.i.k.n.KeyIO           Load declarations of de.uka.ilkd.key.nparser.KeyAst$File:  <unknown>:1#1 
75795      INFO  Test worker     d.u.i.k.n.KeyIO           MODE: declarations took 0 ms 
75795      DEBUG Test worker     d.u.i.k.n.KeyIO           MODE: 2nd degree decls took 0 
78692      INFO  Test worker     d.u.i.k.n.KeyIO           Parsing took 0 ms 
78692      DEBUG Test worker     d.u.i.k.n.KeyIO           Load declarations of de.uka.ilkd.key.nparser.KeyAst$File:  <unknown>:1#1 
78692      INFO  Test worker     d.u.i.k.n.KeyIO           MODE: declarations took 0 ms 
78692      DEBUG Test worker     d.u.i.k.n.KeyIO           MODE: 2nd degree decls took 0 
79541      INFO  Test worker     d.u.i.k.n.KeyIO           Parsing took 0 ms 
79542      DEBUG Test worker     d.u.i.k.n.KeyIO           Load declarations of de.uka.ilkd.key.nparser.KeyAst$File:  <unknown>:1#1 
79542      INFO  Test worker     d.u.i.k.n.KeyIO           MODE: declarations took 0 ms 
79542      DEBUG Test worker     d.u.i.k.n.KeyIO           MODE: 2nd degree decls took 0 
]]></system-out>
  <system-err><![CDATA[]]></system-err>
</testsuite>
