<?xml version="1.0" encoding="UTF-8"?>
<testsuite name="de.uka.ilkd.key.parser.TestTermParser" tests="47" skipped="4" failures="0" errors="0" timestamp="2023-04-25T13:19:20" hostname="fv-az269-523" time="3.1">
  <properties/>
  <testcase name="testNotEqual()" classname="de.uka.ilkd.key.parser.TestTermParser" time="0.001"/>
  <testcase name="testProgramVariables()" classname="de.uka.ilkd.key.parser.TestTermParser" time="0.05"/>
  <testcase name="testAttributeWithSpecifiedSortOnObject()" classname="de.uka.ilkd.key.parser.TestTermParser" time="0.007"/>
  <testcase name="testCast()" classname="de.uka.ilkd.key.parser.TestTermParser" time="0.002"/>
  <testcase name="testJavaQueryAndAttribute_all()" classname="de.uka.ilkd.key.parser.TestTermParser" time="0.0">
    <skipped/>
  </testcase>
  <testcase name="test10()" classname="de.uka.ilkd.key.parser.TestTermParser" time="0.005"/>
  <testcase name="test11()" classname="de.uka.ilkd.key.parser.TestTermParser" time="0.003"/>
  <testcase name="test12()" classname="de.uka.ilkd.key.parser.TestTermParser" time="0.0">
    <skipped/>
  </testcase>
  <testcase name="test13()" classname="de.uka.ilkd.key.parser.TestTermParser" time="0.005"/>
  <testcase name="test14()" classname="de.uka.ilkd.key.parser.TestTermParser" time="0.003"/>
  <testcase name="test1a()" classname="de.uka.ilkd.key.parser.TestTermParser" time="0.002"/>
  <testcase name="testJavaAttributeAccess_4()" classname="de.uka.ilkd.key.parser.TestTermParser" time="0.004"/>
  <testcase name="testAttributeOnObject()" classname="de.uka.ilkd.key.parser.TestTermParser" time="0.004"/>
  <testcase name="testNegativeLiteralParsing1()" classname="de.uka.ilkd.key.parser.TestTermParser" time="0.001"/>
  <testcase name="testNegativeLiteralParsing2()" classname="de.uka.ilkd.key.parser.TestTermParser" time="0.004"/>
  <testcase name="testNegativeLiteralParsing3()" classname="de.uka.ilkd.key.parser.TestTermParser" time="0.002"/>
  <testcase name="xtestParsingArrayWithSpaces()" classname="de.uka.ilkd.key.parser.TestTermParser" time="0.001">
    <skipped/>
  </testcase>
  <testcase name="testAmbigiousFuncVarPred()" classname="de.uka.ilkd.key.parser.TestTermParser" time="0.001"/>
  <testcase name="test1()" classname="de.uka.ilkd.key.parser.TestTermParser" time="0.002"/>
  <testcase name="test2()" classname="de.uka.ilkd.key.parser.TestTermParser" time="0.002"/>
  <testcase name="test3()" classname="de.uka.ilkd.key.parser.TestTermParser" time="0.002"/>
  <testcase name="test5()" classname="de.uka.ilkd.key.parser.TestTermParser" time="0.003"/>
  <testcase name="test6()" classname="de.uka.ilkd.key.parser.TestTermParser" time="0.002"/>
  <testcase name="test7()" classname="de.uka.ilkd.key.parser.TestTermParser" time="0.002"/>
  <testcase name="test8()" classname="de.uka.ilkd.key.parser.TestTermParser" time="0.003"/>
  <testcase name="test9()" classname="de.uka.ilkd.key.parser.TestTermParser" time="0.002"/>
  <testcase name="testBindingUpdateTerm()" classname="de.uka.ilkd.key.parser.TestTermParser" time="0.003"/>
  <testcase name="testJavaStaticQuery()" classname="de.uka.ilkd.key.parser.TestTermParser" time="0.003"/>
  <testcase name="testInfix1()" classname="de.uka.ilkd.key.parser.TestTermParser" time="0.002"/>
  <testcase name="testInfix2()" classname="de.uka.ilkd.key.parser.TestTermParser" time="0.003"/>
  <testcase name="testInfix3()" classname="de.uka.ilkd.key.parser.TestTermParser" time="0.002"/>
  <testcase name="testInfix4()" classname="de.uka.ilkd.key.parser.TestTermParser" time="0.002"/>
  <testcase name="testIfThenElse()" classname="de.uka.ilkd.key.parser.TestTermParser" time="0.002"/>
  <testcase name="testJavaAttributeAccessBoth_1()" classname="de.uka.ilkd.key.parser.TestTermParser" time="0.004"/>
  <testcase name="testJavaAttributeAccessBoth_2()" classname="de.uka.ilkd.key.parser.TestTermParser" time="0.004"/>
  <testcase name="testJavaAttributeAccessBoth_3()" classname="de.uka.ilkd.key.parser.TestTermParser" time="0.003"/>
  <testcase name="testBindingUpdateTerm_1()" classname="de.uka.ilkd.key.parser.TestTermParser" time="0.002"/>
  <testcase name="testBindingUpdateTerm_3()" classname="de.uka.ilkd.key.parser.TestTermParser" time="0.004"/>
  <testcase name="testBindingUpdateTerm_4()" classname="de.uka.ilkd.key.parser.TestTermParser" time="0.002"/>
  <testcase name="testBindingUpdateTerm_5()" classname="de.uka.ilkd.key.parser.TestTermParser" time="0.007"/>
  <testcase name="testBindingUpdateTerm_6()" classname="de.uka.ilkd.key.parser.TestTermParser" time="0.003"/>
  <testcase name="testBindingUpdateTerm_7()" classname="de.uka.ilkd.key.parser.TestTermParser" time="0.003"/>
  <testcase name="testBindingUpdateTerm_8()" classname="de.uka.ilkd.key.parser.TestTermParser" time="0.002"/>
  <testcase name="testParsingArray()" classname="de.uka.ilkd.key.parser.TestTermParser" time="0.005"/>
  <testcase name="xtestBindingUpdateTermOldBindingAlternative()" classname="de.uka.ilkd.key.parser.TestTermParser" time="0.0">
    <skipped/>
  </testcase>
  <testcase name="testJavaStaticQueryWithParameter()" classname="de.uka.ilkd.key.parser.TestTermParser" time="0.024"/>
  <testcase name="testParsingArrayCombination()" classname="de.uka.ilkd.key.parser.TestTermParser" time="0.003"/>
  <system-out><![CDATA[283374     DEBUG Test worker     d.u.i.k.j.Recoder2KeY     Reading public class T extends java.lang.Object{ private T a;private static T b;T c;static T d;public T e;public static T f;protected T g;protected T h;p[...] 
283421     INFO  Test worker     d.u.i.k.n.KeyIO           Parsing took 0 ms 
283421     DEBUG Test worker     d.u.i.k.n.KeyIO           Load declarations of de.uka.ilkd.key.nparser.KeyAst$File:  <unknown>:1#1 
283421     INFO  Test worker     d.u.i.k.n.KeyIO           MODE: declarations took 0 ms 
283421     DEBUG Test worker     d.u.i.k.n.KeyIO           MODE: 2nd degree decls took 0 
283421     DEBUG Test worker     d.u.i.k.j.Recoder2KeY     Reading public class T extends java.lang.Object{ private T a;private static T b;T c;static T d;public T e;public static T f;protected T g;protected T h;p[...] 
283421     WARN  Test worker     d.u.i.k.j.r.KeYCrossReferenceNameInfo Datatype T declared twice: Once in UNKNOWN:unknown and once in UNKNOWN:unknown, Keeping one from UNKNOWN:unknown 
283499     INFO  Test worker     d.u.i.k.n.KeyIO           Parsing took 0 ms 
283499     DEBUG Test worker     d.u.i.k.n.KeyIO           Load declarations of de.uka.ilkd.key.nparser.KeyAst$File:  <unknown>:1#1 
283499     INFO  Test worker     d.u.i.k.n.KeyIO           MODE: declarations took 0 ms 
283499     DEBUG Test worker     d.u.i.k.n.KeyIO           MODE: 2nd degree decls took 0 
283499     DEBUG Test worker     d.u.i.k.j.Recoder2KeY     Reading public class T0 extends java.lang.Object{}  
283546     DEBUG Test worker     d.u.i.k.j.Recoder2KeY     Reading public class T extends java.lang.Object{ private T a;private static T b;T c;static T d;public T e;public static T f;protected T g;protected T h;p[...] 
283546     WARN  Test worker     d.u.i.k.j.r.KeYCrossReferenceNameInfo Datatype T declared twice: Once in UNKNOWN:unknown and once in UNKNOWN:unknown, Keeping one from UNKNOWN:unknown 
283624     INFO  Test worker     d.u.i.k.n.KeyIO           Parsing took 0 ms 
283624     DEBUG Test worker     d.u.i.k.n.KeyIO           Load declarations of de.uka.ilkd.key.nparser.KeyAst$File:  <unknown>:1#1 
283624     INFO  Test worker     d.u.i.k.n.KeyIO           MODE: declarations took 0 ms 
283624     DEBUG Test worker     d.u.i.k.n.KeyIO           MODE: 2nd degree decls took 0 
283624     DEBUG Test worker     d.u.i.k.j.Recoder2KeY     Reading public class T extends java.lang.Object{ private T a;private static T b;T c;static T d;public T e;public static T f;protected T g;protected T h;p[...] 
283624     WARN  Test worker     d.u.i.k.j.r.KeYCrossReferenceNameInfo Datatype T declared twice: Once in UNKNOWN:unknown and once in UNKNOWN:unknown, Keeping one from UNKNOWN:unknown 
283694     INFO  Test worker     d.u.i.k.n.KeyIO           Parsing took 0 ms 
283694     DEBUG Test worker     d.u.i.k.n.KeyIO           Load declarations of de.uka.ilkd.key.nparser.KeyAst$File:  <unknown>:1#1 
283694     INFO  Test worker     d.u.i.k.n.KeyIO           MODE: declarations took 0 ms 
283694     DEBUG Test worker     d.u.i.k.n.KeyIO           MODE: 2nd degree decls took 0 
283694     DEBUG Test worker     d.u.i.k.j.Recoder2KeY     Reading public class T extends java.lang.Object{ private T a;private static T b;T c;static T d;public T e;public static T f;protected T g;protected T h;p[...] 
283694     WARN  Test worker     d.u.i.k.j.r.KeYCrossReferenceNameInfo Datatype T declared twice: Once in UNKNOWN:unknown and once in UNKNOWN:unknown, Keeping one from UNKNOWN:unknown 
283756     DEBUG Test worker     d.u.i.k.j.Recoder2KeY     Reading public class T extends java.lang.Object{ private T a;private static T b;T c;static T d;public T e;public static T f;protected T g;protected T h;p[...] 
283756     WARN  Test worker     d.u.i.k.j.r.KeYCrossReferenceNameInfo Datatype T declared twice: Once in UNKNOWN:unknown and once in UNKNOWN:unknown, Keeping one from UNKNOWN:unknown 
283809     INFO  Test worker     d.u.i.k.n.KeyIO           Parsing took 0 ms 
283809     DEBUG Test worker     d.u.i.k.n.KeyIO           Load declarations of de.uka.ilkd.key.nparser.KeyAst$File:  <unknown>:1#1 
283825     INFO  Test worker     d.u.i.k.n.KeyIO           MODE: declarations took 16 ms 
283825     DEBUG Test worker     d.u.i.k.n.KeyIO           MODE: 2nd degree decls took 0 
283825     INFO  Test worker     d.u.i.k.p.TestTermParser  Out: \<{
  int x = 1;
  {
    int s = 2;
  }
}\> (equals(x,x)) 
283825     DEBUG Test worker     d.u.i.k.j.Recoder2KeY     Reading public class T extends java.lang.Object{ private T a;private static T b;T c;static T d;public T e;public static T f;protected T g;protected T h;p[...] 
283825     WARN  Test worker     d.u.i.k.j.r.KeYCrossReferenceNameInfo Datatype T declared twice: Once in UNKNOWN:unknown and once in UNKNOWN:unknown, Keeping one from UNKNOWN:unknown 
283880     INFO  Test worker     d.u.i.k.n.KeyIO           Parsing took 0 ms 
283880     DEBUG Test worker     d.u.i.k.n.KeyIO           Load declarations of de.uka.ilkd.key.nparser.KeyAst$File:  <unknown>:1#1 
283880     INFO  Test worker     d.u.i.k.n.KeyIO           MODE: declarations took 0 ms 
283880     DEBUG Test worker     d.u.i.k.n.KeyIO           MODE: 2nd degree decls took 0 
283880     INFO  Test worker     d.u.i.k.p.TestTermParser  Out: \[{
  int x = 2;
  {
    String s = ""}";
  }
}\] (true) 
283880     DEBUG Test worker     d.u.i.k.j.Recoder2KeY     Reading public class T extends java.lang.Object{ private T a;private static T b;T c;static T d;public T e;public static T f;protected T g;protected T h;p[...] 
283880     WARN  Test worker     d.u.i.k.j.r.KeYCrossReferenceNameInfo Datatype T declared twice: Once in UNKNOWN:unknown and once in UNKNOWN:unknown, Keeping one from UNKNOWN:unknown 
283943     DEBUG Test worker     d.u.i.k.j.Recoder2KeY     Reading public class T extends java.lang.Object{ private T a;private static T b;T c;static T d;public T e;public static T f;protected T g;protected T h;p[...] 
283943     WARN  Test worker     d.u.i.k.j.r.KeYCrossReferenceNameInfo Datatype T declared twice: Once in UNKNOWN:unknown and once in UNKNOWN:unknown, Keeping one from UNKNOWN:unknown 
284005     INFO  Test worker     d.u.i.k.n.KeyIO           Parsing took 0 ms 
284005     DEBUG Test worker     d.u.i.k.n.KeyIO           Load declarations of de.uka.ilkd.key.nparser.KeyAst$File:  <unknown>:1#1 
284005     INFO  Test worker     d.u.i.k.n.KeyIO           MODE: declarations took 0 ms 
284005     DEBUG Test worker     d.u.i.k.n.KeyIO           MODE: 2nd degree decls took 0 
284005     DEBUG Test worker     d.u.i.k.j.Recoder2KeY     Reading public class T extends java.lang.Object{ private T a;private static T b;T c;static T d;public T e;public static T f;protected T g;protected T h;p[...] 
284005     WARN  Test worker     d.u.i.k.j.r.KeYCrossReferenceNameInfo Datatype T declared twice: Once in UNKNOWN:unknown and once in UNKNOWN:unknown, Keeping one from UNKNOWN:unknown 
284068     INFO  Test worker     d.u.i.k.n.KeyIO           Parsing took 0 ms 
284068     DEBUG Test worker     d.u.i.k.n.KeyIO           Load declarations of de.uka.ilkd.key.nparser.KeyAst$File:  <unknown>:1#1 
284068     INFO  Test worker     d.u.i.k.n.KeyIO           MODE: declarations took 0 ms 
284068     DEBUG Test worker     d.u.i.k.n.KeyIO           MODE: 2nd degree decls took 0 
284068     INFO  Test worker     d.u.i.k.p.TestTermParser  Out: \<{
  int[] i;
}\> (diamond(true)) 
284068     DEBUG Test worker     d.u.i.k.j.Recoder2KeY     Reading public class T extends java.lang.Object{ private T a;private static T b;T c;static T d;public T e;public static T f;protected T g;protected T h;p[...] 
284068     WARN  Test worker     d.u.i.k.j.r.KeYCrossReferenceNameInfo Datatype T declared twice: Once in UNKNOWN:unknown and once in UNKNOWN:unknown, Keeping one from UNKNOWN:unknown 
284130     INFO  Test worker     d.u.i.k.n.KeyIO           Parsing took 0 ms 
284130     DEBUG Test worker     d.u.i.k.n.KeyIO           Load declarations of de.uka.ilkd.key.nparser.KeyAst$File:  <unknown>:1#1 
284130     INFO  Test worker     d.u.i.k.n.KeyIO           MODE: declarations took 0 ms 
284130     DEBUG Test worker     d.u.i.k.n.KeyIO           MODE: 2nd degree decls took 0 
284130     DEBUG Test worker     d.u.i.k.j.Recoder2KeY     Reading public class T extends java.lang.Object{ private T a;private static T b;T c;static T d;public T e;public static T f;protected T g;protected T h;p[...] 
284146     WARN  Test worker     d.u.i.k.j.r.KeYCrossReferenceNameInfo Datatype T declared twice: Once in UNKNOWN:unknown and once in UNKNOWN:unknown, Keeping one from UNKNOWN:unknown 
284193     INFO  Test worker     d.u.i.k.n.KeyIO           Parsing took 0 ms 
284193     DEBUG Test worker     d.u.i.k.n.KeyIO           Load declarations of de.uka.ilkd.key.nparser.KeyAst$File:  <unknown>:1#1 
284193     INFO  Test worker     d.u.i.k.n.KeyIO           MODE: declarations took 0 ms 
284193     DEBUG Test worker     d.u.i.k.n.KeyIO           MODE: 2nd degree decls took 0 
284208     DEBUG Test worker     d.u.i.k.j.Recoder2KeY     Reading public class T extends java.lang.Object{ private T a;private static T b;T c;static T d;public T e;public static T f;protected T g;protected T h;p[...] 
284208     WARN  Test worker     d.u.i.k.j.r.KeYCrossReferenceNameInfo Datatype T declared twice: Once in UNKNOWN:unknown and once in UNKNOWN:unknown, Keeping one from UNKNOWN:unknown 
284270     INFO  Test worker     d.u.i.k.n.KeyIO           Parsing took 0 ms 
284270     DEBUG Test worker     d.u.i.k.n.KeyIO           Load declarations of de.uka.ilkd.key.nparser.KeyAst$File:  <unknown>:1#1 
284270     INFO  Test worker     d.u.i.k.n.KeyIO           MODE: declarations took 0 ms 
284270     DEBUG Test worker     d.u.i.k.n.KeyIO           MODE: 2nd degree decls took 0 
284270     DEBUG Test worker     d.u.i.k.j.Recoder2KeY     Reading public class T extends java.lang.Object{ private T a;private static T b;T c;static T d;public T e;public static T f;protected T g;protected T h;p[...] 
284270     WARN  Test worker     d.u.i.k.j.r.KeYCrossReferenceNameInfo Datatype T declared twice: Once in UNKNOWN:unknown and once in UNKNOWN:unknown, Keeping one from UNKNOWN:unknown 
284341     INFO  Test worker     d.u.i.k.n.KeyIO           Parsing took 0 ms 
284341     DEBUG Test worker     d.u.i.k.n.KeyIO           Load declarations of de.uka.ilkd.key.nparser.KeyAst$File:  <unknown>:1#1 
284341     INFO  Test worker     d.u.i.k.n.KeyIO           MODE: declarations took 0 ms 
284341     DEBUG Test worker     d.u.i.k.n.KeyIO           MODE: 2nd degree decls took 0 
284341     DEBUG Test worker     d.u.i.k.j.Recoder2KeY     Reading public class T extends java.lang.Object{ private T a;private static T b;T c;static T d;public T e;public static T f;protected T g;protected T h;p[...] 
284341     WARN  Test worker     d.u.i.k.j.r.KeYCrossReferenceNameInfo Datatype T declared twice: Once in UNKNOWN:unknown and once in UNKNOWN:unknown, Keeping one from UNKNOWN:unknown 
284388     INFO  Test worker     d.u.i.k.n.KeyIO           Parsing took 0 ms 
284404     DEBUG Test worker     d.u.i.k.n.KeyIO           Load declarations of de.uka.ilkd.key.nparser.KeyAst$File:  <unknown>:1#1 
284404     INFO  Test worker     d.u.i.k.n.KeyIO           MODE: declarations took 0 ms 
284404     DEBUG Test worker     d.u.i.k.n.KeyIO           MODE: 2nd degree decls took 0 
284404     DEBUG Test worker     d.u.i.k.j.Recoder2KeY     Reading public class T extends java.lang.Object{ private T a;private static T b;T c;static T d;public T e;public static T f;protected T g;protected T h;p[...] 
284404     WARN  Test worker     d.u.i.k.j.r.KeYCrossReferenceNameInfo Datatype T declared twice: Once in UNKNOWN:unknown and once in UNKNOWN:unknown, Keeping one from UNKNOWN:unknown 
284466     INFO  Test worker     d.u.i.k.n.KeyIO           Parsing took 0 ms 
284466     DEBUG Test worker     d.u.i.k.n.KeyIO           Load declarations of de.uka.ilkd.key.nparser.KeyAst$File:  <unknown>:1#1 
284466     INFO  Test worker     d.u.i.k.n.KeyIO           MODE: declarations took 0 ms 
284466     DEBUG Test worker     d.u.i.k.n.KeyIO           MODE: 2nd degree decls took 0 
284466     DEBUG Test worker     d.u.i.k.j.Recoder2KeY     Reading public class T extends java.lang.Object{ private T a;private static T b;T c;static T d;public T e;public static T f;protected T g;protected T h;p[...] 
284466     WARN  Test worker     d.u.i.k.j.r.KeYCrossReferenceNameInfo Datatype T declared twice: Once in UNKNOWN:unknown and once in UNKNOWN:unknown, Keeping one from UNKNOWN:unknown 
284529     DEBUG Test worker     d.u.i.k.j.Recoder2KeY     Reading public class T extends java.lang.Object{ private T a;private static T b;T c;static T d;public T e;public static T f;protected T g;protected T h;p[...] 
284529     WARN  Test worker     d.u.i.k.j.r.KeYCrossReferenceNameInfo Datatype T declared twice: Once in UNKNOWN:unknown and once in UNKNOWN:unknown, Keeping one from UNKNOWN:unknown 
284577     INFO  Test worker     d.u.i.k.n.KeyIO           Parsing took 0 ms 
284577     DEBUG Test worker     d.u.i.k.n.KeyIO           Load declarations of de.uka.ilkd.key.nparser.KeyAst$File:  <unknown>:1#1 
284577     INFO  Test worker     d.u.i.k.n.KeyIO           MODE: declarations took 0 ms 
284592     DEBUG Test worker     d.u.i.k.n.KeyIO           MODE: 2nd degree decls took 0 
284592     DEBUG Test worker     d.u.i.k.j.Recoder2KeY     Reading public class T extends java.lang.Object{ private T a;private static T b;T c;static T d;public T e;public static T f;protected T g;protected T h;p[...] 
284592     WARN  Test worker     d.u.i.k.j.r.KeYCrossReferenceNameInfo Datatype T declared twice: Once in UNKNOWN:unknown and once in UNKNOWN:unknown, Keeping one from UNKNOWN:unknown 
284639     INFO  Test worker     d.u.i.k.n.KeyIO           Parsing took 0 ms 
284639     DEBUG Test worker     d.u.i.k.n.KeyIO           Load declarations of de.uka.ilkd.key.nparser.KeyAst$File:  <unknown>:1#1 
284639     INFO  Test worker     d.u.i.k.n.KeyIO           MODE: declarations took 0 ms 
284654     DEBUG Test worker     d.u.i.k.n.KeyIO           MODE: 2nd degree decls took 0 
284654     DEBUG Test worker     d.u.i.k.j.Recoder2KeY     Reading public class T extends java.lang.Object{ private T a;private static T b;T c;static T d;public T e;public static T f;protected T g;protected T h;p[...] 
284654     WARN  Test worker     d.u.i.k.j.r.KeYCrossReferenceNameInfo Datatype T declared twice: Once in UNKNOWN:unknown and once in UNKNOWN:unknown, Keeping one from UNKNOWN:unknown 
284717     INFO  Test worker     d.u.i.k.n.KeyIO           Parsing took 0 ms 
284717     DEBUG Test worker     d.u.i.k.n.KeyIO           Load declarations of de.uka.ilkd.key.nparser.KeyAst$File:  <unknown>:1#1 
284717     INFO  Test worker     d.u.i.k.n.KeyIO           MODE: declarations took 0 ms 
284717     DEBUG Test worker     d.u.i.k.n.KeyIO           MODE: 2nd degree decls took 0 
284717     DEBUG Test worker     d.u.i.k.j.Recoder2KeY     Reading public class T extends java.lang.Object{ private T a;private static T b;T c;static T d;public T e;public static T f;protected T g;protected T h;p[...] 
284717     WARN  Test worker     d.u.i.k.j.r.KeYCrossReferenceNameInfo Datatype T declared twice: Once in UNKNOWN:unknown and once in UNKNOWN:unknown, Keeping one from UNKNOWN:unknown 
284779     INFO  Test worker     d.u.i.k.n.KeyIO           Parsing took 0 ms 
284779     DEBUG Test worker     d.u.i.k.n.KeyIO           Load declarations of de.uka.ilkd.key.nparser.KeyAst$File:  <unknown>:1#1 
284779     INFO  Test worker     d.u.i.k.n.KeyIO           MODE: declarations took 0 ms 
284779     DEBUG Test worker     d.u.i.k.n.KeyIO           MODE: 2nd degree decls took 0 
284779     DEBUG Test worker     d.u.i.k.j.Recoder2KeY     Reading public class T extends java.lang.Object{ private T a;private static T b;T c;static T d;public T e;public static T f;protected T g;protected T h;p[...] 
284779     WARN  Test worker     d.u.i.k.j.r.KeYCrossReferenceNameInfo Datatype T declared twice: Once in UNKNOWN:unknown and once in UNKNOWN:unknown, Keeping one from UNKNOWN:unknown 
284842     INFO  Test worker     d.u.i.k.n.KeyIO           Parsing took 0 ms 
284842     DEBUG Test worker     d.u.i.k.n.KeyIO           Load declarations of de.uka.ilkd.key.nparser.KeyAst$File:  <unknown>:1#1 
284842     INFO  Test worker     d.u.i.k.n.KeyIO           MODE: declarations took 0 ms 
284842     DEBUG Test worker     d.u.i.k.n.KeyIO           MODE: 2nd degree decls took 0 
284842     DEBUG Test worker     d.u.i.k.j.Recoder2KeY     Reading public class T extends java.lang.Object{ private T a;private static T b;T c;static T d;public T e;public static T f;protected T g;protected T h;p[...] 
284842     WARN  Test worker     d.u.i.k.j.r.KeYCrossReferenceNameInfo Datatype T declared twice: Once in UNKNOWN:unknown and once in UNKNOWN:unknown, Keeping one from UNKNOWN:unknown 
284904     INFO  Test worker     d.u.i.k.n.KeyIO           Parsing took 0 ms 
284904     DEBUG Test worker     d.u.i.k.n.KeyIO           Load declarations of de.uka.ilkd.key.nparser.KeyAst$File:  <unknown>:1#1 
284904     INFO  Test worker     d.u.i.k.n.KeyIO           MODE: declarations took 0 ms 
284904     DEBUG Test worker     d.u.i.k.n.KeyIO           MODE: 2nd degree decls took 0 
284904     DEBUG Test worker     d.u.i.k.j.Recoder2KeY     Reading public class T extends java.lang.Object{ private T a;private static T b;T c;static T d;public T e;public static T f;protected T g;protected T h;p[...] 
284904     WARN  Test worker     d.u.i.k.j.r.KeYCrossReferenceNameInfo Datatype T declared twice: Once in UNKNOWN:unknown and once in UNKNOWN:unknown, Keeping one from UNKNOWN:unknown 
284967     INFO  Test worker     d.u.i.k.n.KeyIO           Parsing took 0 ms 
284967     DEBUG Test worker     d.u.i.k.n.KeyIO           Load declarations of de.uka.ilkd.key.nparser.KeyAst$File:  <unknown>:1#1 
284967     INFO  Test worker     d.u.i.k.n.KeyIO           MODE: declarations took 0 ms 
284967     DEBUG Test worker     d.u.i.k.n.KeyIO           MODE: 2nd degree decls took 0 
284967     DEBUG Test worker     d.u.i.k.j.Recoder2KeY     Reading public class T extends java.lang.Object{ private T a;private static T b;T c;static T d;public T e;public static T f;protected T g;protected T h;p[...] 
284967     WARN  Test worker     d.u.i.k.j.r.KeYCrossReferenceNameInfo Datatype T declared twice: Once in UNKNOWN:unknown and once in UNKNOWN:unknown, Keeping one from UNKNOWN:unknown 
285030     INFO  Test worker     d.u.i.k.n.KeyIO           Parsing took 0 ms 
285030     DEBUG Test worker     d.u.i.k.n.KeyIO           Load declarations of de.uka.ilkd.key.nparser.KeyAst$File:  <unknown>:1#1 
285030     INFO  Test worker     d.u.i.k.n.KeyIO           MODE: declarations took 0 ms 
285030     DEBUG Test worker     d.u.i.k.n.KeyIO           MODE: 2nd degree decls took 0 
285030     DEBUG Test worker     d.u.i.k.j.Recoder2KeY     Reading public class T extends java.lang.Object{ private T a;private static T b;T c;static T d;public T e;public static T f;protected T g;protected T h;p[...] 
285030     WARN  Test worker     d.u.i.k.j.r.KeYCrossReferenceNameInfo Datatype T declared twice: Once in UNKNOWN:unknown and once in UNKNOWN:unknown, Keeping one from UNKNOWN:unknown 
285092     INFO  Test worker     d.u.i.k.n.KeyIO           Parsing took 0 ms 
285092     DEBUG Test worker     d.u.i.k.n.KeyIO           Load declarations of de.uka.ilkd.key.nparser.KeyAst$File:  <unknown>:1#1 
285092     INFO  Test worker     d.u.i.k.n.KeyIO           MODE: declarations took 0 ms 
285092     DEBUG Test worker     d.u.i.k.n.KeyIO           MODE: 2nd degree decls took 0 
285092     DEBUG Test worker     d.u.i.k.j.Recoder2KeY     Reading public class T extends java.lang.Object{ private T a;private static T b;T c;static T d;public T e;public static T f;protected T g;protected T h;p[...] 
285092     WARN  Test worker     d.u.i.k.j.r.KeYCrossReferenceNameInfo Datatype T declared twice: Once in UNKNOWN:unknown and once in UNKNOWN:unknown, Keeping one from UNKNOWN:unknown 
285155     INFO  Test worker     d.u.i.k.n.KeyIO           Parsing took 0 ms 
285155     DEBUG Test worker     d.u.i.k.n.KeyIO           Load declarations of de.uka.ilkd.key.nparser.KeyAst$File:  <unknown>:1#1 
285155     INFO  Test worker     d.u.i.k.n.KeyIO           MODE: declarations took 0 ms 
285155     DEBUG Test worker     d.u.i.k.n.KeyIO           MODE: 2nd degree decls took 0 
285155     DEBUG Test worker     d.u.i.k.j.Recoder2KeY     Reading public class T extends java.lang.Object{ private T a;private static T b;T c;static T d;public T e;public static T f;protected T g;protected T h;p[...] 
285155     WARN  Test worker     d.u.i.k.j.r.KeYCrossReferenceNameInfo Datatype T declared twice: Once in UNKNOWN:unknown and once in UNKNOWN:unknown, Keeping one from UNKNOWN:unknown 
285222     INFO  Test worker     d.u.i.k.n.KeyIO           Parsing took 0 ms 
285222     DEBUG Test worker     d.u.i.k.n.KeyIO           Load declarations of de.uka.ilkd.key.nparser.KeyAst$File:  <unknown>:1#1 
285222     INFO  Test worker     d.u.i.k.n.KeyIO           MODE: declarations took 0 ms 
285222     DEBUG Test worker     d.u.i.k.n.KeyIO           MODE: 2nd degree decls took 0 
285222     DEBUG Test worker     d.u.i.k.j.Recoder2KeY     Reading public class T extends java.lang.Object{ private T a;private static T b;T c;static T d;public T e;public static T f;protected T g;protected T h;p[...] 
285222     WARN  Test worker     d.u.i.k.j.r.KeYCrossReferenceNameInfo Datatype T declared twice: Once in UNKNOWN:unknown and once in UNKNOWN:unknown, Keeping one from UNKNOWN:unknown 
285284     INFO  Test worker     d.u.i.k.n.KeyIO           Parsing took 0 ms 
285284     DEBUG Test worker     d.u.i.k.n.KeyIO           Load declarations of de.uka.ilkd.key.nparser.KeyAst$File:  <unknown>:1#1 
285284     INFO  Test worker     d.u.i.k.n.KeyIO           MODE: declarations took 0 ms 
285284     DEBUG Test worker     d.u.i.k.n.KeyIO           MODE: 2nd degree decls took 0 
285284     DEBUG Test worker     d.u.i.k.j.Recoder2KeY     Reading public class T extends java.lang.Object{ private T a;private static T b;T c;static T d;public T e;public static T f;protected T g;protected T h;p[...] 
285284     WARN  Test worker     d.u.i.k.j.r.KeYCrossReferenceNameInfo Datatype T declared twice: Once in UNKNOWN:unknown and once in UNKNOWN:unknown, Keeping one from UNKNOWN:unknown 
285347     INFO  Test worker     d.u.i.k.n.KeyIO           Parsing took 0 ms 
285347     DEBUG Test worker     d.u.i.k.n.KeyIO           Load declarations of de.uka.ilkd.key.nparser.KeyAst$File:  <unknown>:1#1 
285347     INFO  Test worker     d.u.i.k.n.KeyIO           MODE: declarations took 0 ms 
285347     DEBUG Test worker     d.u.i.k.n.KeyIO           MODE: 2nd degree decls took 0 
285347     DEBUG Test worker     d.u.i.k.j.Recoder2KeY     Reading public class T extends java.lang.Object{ private T a;private static T b;T c;static T d;public T e;public static T f;protected T g;protected T h;p[...] 
285347     WARN  Test worker     d.u.i.k.j.r.KeYCrossReferenceNameInfo Datatype T declared twice: Once in UNKNOWN:unknown and once in UNKNOWN:unknown, Keeping one from UNKNOWN:unknown 
285409     INFO  Test worker     d.u.i.k.n.KeyIO           Parsing took 0 ms 
285409     DEBUG Test worker     d.u.i.k.n.KeyIO           Load declarations of de.uka.ilkd.key.nparser.KeyAst$File:  <unknown>:1#1 
285409     INFO  Test worker     d.u.i.k.n.KeyIO           MODE: declarations took 0 ms 
285409     DEBUG Test worker     d.u.i.k.n.KeyIO           MODE: 2nd degree decls took 0 
285409     DEBUG Test worker     d.u.i.k.j.Recoder2KeY     Reading public class T extends java.lang.Object{ private T a;private static T b;T c;static T d;public T e;public static T f;protected T g;protected T h;p[...] 
285409     WARN  Test worker     d.u.i.k.j.r.KeYCrossReferenceNameInfo Datatype T declared twice: Once in UNKNOWN:unknown and once in UNKNOWN:unknown, Keeping one from UNKNOWN:unknown 
285472     INFO  Test worker     d.u.i.k.n.KeyIO           Parsing took 0 ms 
285472     DEBUG Test worker     d.u.i.k.n.KeyIO           Load declarations of de.uka.ilkd.key.nparser.KeyAst$File:  <unknown>:1#1 
285472     INFO  Test worker     d.u.i.k.n.KeyIO           MODE: declarations took 0 ms 
285472     DEBUG Test worker     d.u.i.k.n.KeyIO           MODE: 2nd degree decls took 0 
285472     DEBUG Test worker     d.u.i.k.j.Recoder2KeY     Reading public class T extends java.lang.Object{ private T a;private static T b;T c;static T d;public T e;public static T f;protected T g;protected T h;p[...] 
285472     WARN  Test worker     d.u.i.k.j.r.KeYCrossReferenceNameInfo Datatype T declared twice: Once in UNKNOWN:unknown and once in UNKNOWN:unknown, Keeping one from UNKNOWN:unknown 
285534     INFO  Test worker     d.u.i.k.n.KeyIO           Parsing took 0 ms 
285534     DEBUG Test worker     d.u.i.k.n.KeyIO           Load declarations of de.uka.ilkd.key.nparser.KeyAst$File:  <unknown>:1#1 
285534     INFO  Test worker     d.u.i.k.n.KeyIO           MODE: declarations took 0 ms 
285534     DEBUG Test worker     d.u.i.k.n.KeyIO           MODE: 2nd degree decls took 0 
285534     DEBUG Test worker     d.u.i.k.j.Recoder2KeY     Reading public class T extends java.lang.Object{ private T a;private static T b;T c;static T d;public T e;public static T f;protected T g;protected T h;p[...] 
285534     WARN  Test worker     d.u.i.k.j.r.KeYCrossReferenceNameInfo Datatype T declared twice: Once in UNKNOWN:unknown and once in UNKNOWN:unknown, Keeping one from UNKNOWN:unknown 
285607     INFO  Test worker     d.u.i.k.n.KeyIO           Parsing took 0 ms 
285607     DEBUG Test worker     d.u.i.k.n.KeyIO           Load declarations of de.uka.ilkd.key.nparser.KeyAst$File:  <unknown>:1#1 
285607     INFO  Test worker     d.u.i.k.n.KeyIO           MODE: declarations took 0 ms 
285607     DEBUG Test worker     d.u.i.k.n.KeyIO           MODE: 2nd degree decls took 0 
285607     DEBUG Test worker     d.u.i.k.j.Recoder2KeY     Reading public class T extends java.lang.Object{ private T a;private static T b;T c;static T d;public T e;public static T f;protected T g;protected T h;p[...] 
285607     WARN  Test worker     d.u.i.k.j.r.KeYCrossReferenceNameInfo Datatype T declared twice: Once in UNKNOWN:unknown and once in UNKNOWN:unknown, Keeping one from UNKNOWN:unknown 
285669     INFO  Test worker     d.u.i.k.n.KeyIO           Parsing took 0 ms 
285669     DEBUG Test worker     d.u.i.k.n.KeyIO           Load declarations of de.uka.ilkd.key.nparser.KeyAst$File:  <unknown>:1#1 
285669     INFO  Test worker     d.u.i.k.n.KeyIO           MODE: declarations took 0 ms 
285669     DEBUG Test worker     d.u.i.k.n.KeyIO           MODE: 2nd degree decls took 0 
285669     DEBUG Test worker     d.u.i.k.j.Recoder2KeY     Reading public class T extends java.lang.Object{ private T a;private static T b;T c;static T d;public T e;public static T f;protected T g;protected T h;p[...] 
285669     WARN  Test worker     d.u.i.k.j.r.KeYCrossReferenceNameInfo Datatype T declared twice: Once in UNKNOWN:unknown and once in UNKNOWN:unknown, Keeping one from UNKNOWN:unknown 
285739     INFO  Test worker     d.u.i.k.n.KeyIO           Parsing took 0 ms 
285739     DEBUG Test worker     d.u.i.k.n.KeyIO           Load declarations of de.uka.ilkd.key.nparser.KeyAst$File:  <unknown>:1#1 
285739     INFO  Test worker     d.u.i.k.n.KeyIO           MODE: declarations took 0 ms 
285739     DEBUG Test worker     d.u.i.k.n.KeyIO           MODE: 2nd degree decls took 0 
285739     DEBUG Test worker     d.u.i.k.j.Recoder2KeY     Reading public class T extends java.lang.Object{ private T a;private static T b;T c;static T d;public T e;public static T f;protected T g;protected T h;p[...] 
285739     WARN  Test worker     d.u.i.k.j.r.KeYCrossReferenceNameInfo Datatype T declared twice: Once in UNKNOWN:unknown and once in UNKNOWN:unknown, Keeping one from UNKNOWN:unknown 
285801     INFO  Test worker     d.u.i.k.n.KeyIO           Parsing took 0 ms 
285801     DEBUG Test worker     d.u.i.k.n.KeyIO           Load declarations of de.uka.ilkd.key.nparser.KeyAst$File:  <unknown>:1#1 
285801     INFO  Test worker     d.u.i.k.n.KeyIO           MODE: declarations took 0 ms 
285801     DEBUG Test worker     d.u.i.k.n.KeyIO           MODE: 2nd degree decls took 0 
285801     DEBUG Test worker     d.u.i.k.p.TestTermParser  Actual: and(all{l:int}(update-application(elem-update(globalIntPV)(l),false)),true) 
285801     DEBUG Test worker     d.u.i.k.p.TestTermParser  Expected: and(all{l:int}(update-application(elem-update(globalIntPV)(l),false)),true) 
285801     DEBUG Test worker     d.u.i.k.j.Recoder2KeY     Reading public class T extends java.lang.Object{ private T a;private static T b;T c;static T d;public T e;public static T f;protected T g;protected T h;p[...] 
285801     WARN  Test worker     d.u.i.k.j.r.KeYCrossReferenceNameInfo Datatype T declared twice: Once in UNKNOWN:unknown and once in UNKNOWN:unknown, Keeping one from UNKNOWN:unknown 
285864     INFO  Test worker     d.u.i.k.n.KeyIO           Parsing took 0 ms 
285864     DEBUG Test worker     d.u.i.k.n.KeyIO           Load declarations of de.uka.ilkd.key.nparser.KeyAst$File:  <unknown>:1#1 
285864     INFO  Test worker     d.u.i.k.n.KeyIO           MODE: declarations took 0 ms 
285864     DEBUG Test worker     d.u.i.k.n.KeyIO           MODE: 2nd degree decls took 0 
285864     DEBUG Test worker     d.u.i.k.p.TestTermParser  Actual: all{l:int}(and(\<{
  int globalIntPV = 0;
}\> (update-application(elem-update(globalIntPV)(l),false)),true)) 
285864     DEBUG Test worker     d.u.i.k.p.TestTermParser  Expected: all{l:int}(and(\<{
  int globalIntPV = 0;
}\> (update-application(elem-update(globalIntPV)(l),false)),true)) 
285864     DEBUG Test worker     d.u.i.k.j.Recoder2KeY     Reading public class T extends java.lang.Object{ private T a;private static T b;T c;static T d;public T e;public static T f;protected T g;protected T h;p[...] 
285864     WARN  Test worker     d.u.i.k.j.r.KeYCrossReferenceNameInfo Datatype T declared twice: Once in UNKNOWN:unknown and once in UNKNOWN:unknown, Keeping one from UNKNOWN:unknown 
285926     INFO  Test worker     d.u.i.k.n.KeyIO           Parsing took 0 ms 
285926     DEBUG Test worker     d.u.i.k.n.KeyIO           Load declarations of de.uka.ilkd.key.nparser.KeyAst$File:  <unknown>:1#1 
285926     INFO  Test worker     d.u.i.k.n.KeyIO           MODE: declarations took 0 ms 
285926     DEBUG Test worker     d.u.i.k.n.KeyIO           MODE: 2nd degree decls took 0 
285926     DEBUG Test worker     d.u.i.k.p.TestTermParser  Actual: not(equals(Z(1(#)),Z(1(#)))) 
285926     DEBUG Test worker     d.u.i.k.p.TestTermParser  Expected: not(equals(Z(1(#)),Z(1(#)))) 
285926     DEBUG Test worker     d.u.i.k.j.Recoder2KeY     Reading public class T extends java.lang.Object{ private T a;private static T b;T c;static T d;public T e;public static T f;protected T g;protected T h;p[...] 
285926     WARN  Test worker     d.u.i.k.j.r.KeYCrossReferenceNameInfo Datatype T declared twice: Once in UNKNOWN:unknown and once in UNKNOWN:unknown, Keeping one from UNKNOWN:unknown 
285989     INFO  Test worker     d.u.i.k.n.KeyIO           Parsing took 0 ms 
285989     DEBUG Test worker     d.u.i.k.n.KeyIO           Load declarations of de.uka.ilkd.key.nparser.KeyAst$File:  <unknown>:1#1 
285989     INFO  Test worker     d.u.i.k.n.KeyIO           MODE: declarations took 0 ms 
285989     DEBUG Test worker     d.u.i.k.n.KeyIO           MODE: 2nd degree decls took 0 
286004     DEBUG Test worker     d.u.i.k.p.TestTermParser  Actual: add(update-application(elem-update(globalIntPV)(j),globalIntPV),j) 
286004     DEBUG Test worker     d.u.i.k.p.TestTermParser  Expected: add(update-application(elem-update(globalIntPV)(j),globalIntPV),j) 
286004     DEBUG Test worker     d.u.i.k.j.Recoder2KeY     Reading public class T extends java.lang.Object{ private T a;private static T b;T c;static T d;public T e;public static T f;protected T g;protected T h;p[...] 
286004     WARN  Test worker     d.u.i.k.j.r.KeYCrossReferenceNameInfo Datatype T declared twice: Once in UNKNOWN:unknown and once in UNKNOWN:unknown, Keeping one from UNKNOWN:unknown 
286070     INFO  Test worker     d.u.i.k.n.KeyIO           Parsing took 0 ms 
286070     DEBUG Test worker     d.u.i.k.n.KeyIO           Load declarations of de.uka.ilkd.key.nparser.KeyAst$File:  <unknown>:1#1 
286071     INFO  Test worker     d.u.i.k.n.KeyIO           MODE: declarations took 1 ms 
286071     DEBUG Test worker     d.u.i.k.n.KeyIO           MODE: 2nd degree decls took 0 
286072     DEBUG Test worker     d.u.i.k.p.TestTermParser  Actual: add(int::cast(subst{x:int}(j,j)),j) 
286072     DEBUG Test worker     d.u.i.k.p.TestTermParser  Expected: add(int::cast(subst{x:int}(j,j)),j) 
286072     DEBUG Test worker     d.u.i.k.j.Recoder2KeY     Reading public class T extends java.lang.Object{ private T a;private static T b;T c;static T d;public T e;public static T f;protected T g;protected T h;p[...] 
286072     WARN  Test worker     d.u.i.k.j.r.KeYCrossReferenceNameInfo Datatype T declared twice: Once in UNKNOWN:unknown and once in UNKNOWN:unknown, Keeping one from UNKNOWN:unknown 
286135     INFO  Test worker     d.u.i.k.n.KeyIO           Parsing took 0 ms 
286135     DEBUG Test worker     d.u.i.k.n.KeyIO           Load declarations of de.uka.ilkd.key.nparser.KeyAst$File:  <unknown>:1#1 
286135     INFO  Test worker     d.u.i.k.n.KeyIO           MODE: declarations took 0 ms 
286135     DEBUG Test worker     d.u.i.k.n.KeyIO           MODE: 2nd degree decls took 0 
286135     DEBUG Test worker     d.u.i.k.p.TestTermParser  Actual: add(int::cast(subst{x:int}(j,j)),j) 
286135     DEBUG Test worker     d.u.i.k.p.TestTermParser  Expected: add(int::cast(subst{x:int}(j,j)),j) 
286135     DEBUG Test worker     d.u.i.k.j.Recoder2KeY     Reading public class T extends java.lang.Object{ private T a;private static T b;T c;static T d;public T e;public static T f;protected T g;protected T h;p[...] 
286135     WARN  Test worker     d.u.i.k.j.r.KeYCrossReferenceNameInfo Datatype T declared twice: Once in UNKNOWN:unknown and once in UNKNOWN:unknown, Keeping one from UNKNOWN:unknown 
286197     INFO  Test worker     d.u.i.k.n.KeyIO           Parsing took 0 ms 
286197     DEBUG Test worker     d.u.i.k.n.KeyIO           Load declarations of de.uka.ilkd.key.nparser.KeyAst$File:  <unknown>:1#1 
286197     INFO  Test worker     d.u.i.k.n.KeyIO           MODE: declarations took 0 ms 
286197     DEBUG Test worker     d.u.i.k.n.KeyIO           MODE: 2nd degree decls took 0 
286197     DEBUG Test worker     d.u.i.k.p.TestTermParser  Actual: add(subst{x:int}(j,int::cast(j)),j) 
286197     DEBUG Test worker     d.u.i.k.p.TestTermParser  Expected: add(subst{x:int}(j,int::cast(j)),j) 
286197     DEBUG Test worker     d.u.i.k.j.Recoder2KeY     Reading public class T extends java.lang.Object{ private T a;private static T b;T c;static T d;public T e;public static T f;protected T g;protected T h;p[...] 
286197     WARN  Test worker     d.u.i.k.j.r.KeYCrossReferenceNameInfo Datatype T declared twice: Once in UNKNOWN:unknown and once in UNKNOWN:unknown, Keeping one from UNKNOWN:unknown 
286260     INFO  Test worker     d.u.i.k.n.KeyIO           Parsing took 0 ms 
286260     DEBUG Test worker     d.u.i.k.n.KeyIO           Load declarations of de.uka.ilkd.key.nparser.KeyAst$File:  <unknown>:1#1 
286260     INFO  Test worker     d.u.i.k.n.KeyIO           MODE: declarations took 0 ms 
286260     DEBUG Test worker     d.u.i.k.n.KeyIO           MODE: 2nd degree decls took 0 
286260     DEBUG Test worker     d.u.i.k.j.Recoder2KeY     Reading public class T extends java.lang.Object{ private T a;private static T b;T c;static T d;public T e;public static T f;protected T g;protected T h;p[...] 
286260     WARN  Test worker     d.u.i.k.j.r.KeYCrossReferenceNameInfo Datatype T declared twice: Once in UNKNOWN:unknown and once in UNKNOWN:unknown, Keeping one from UNKNOWN:unknown 
286382     DEBUG Test worker     d.u.i.k.j.Recoder2KeY     Reading public class T extends java.lang.Object{ private T a;private static T b;T c;static T d;public T e;public static T f;protected T g;protected T h;p[...] 
286382     WARN  Test worker     d.u.i.k.j.r.KeYCrossReferenceNameInfo Datatype T declared twice: Once in UNKNOWN:unknown and once in UNKNOWN:unknown, Keeping one from UNKNOWN:unknown 
286432     INFO  Test worker     d.u.i.k.n.KeyIO           Parsing took 0 ms 
286432     DEBUG Test worker     d.u.i.k.n.KeyIO           Load declarations of de.uka.ilkd.key.nparser.KeyAst$File:  <unknown>:1#1 
286432     INFO  Test worker     d.u.i.k.n.KeyIO           MODE: declarations took 0 ms 
286432     DEBUG Test worker     d.u.i.k.n.KeyIO           MODE: 2nd degree decls took 0 
286463     DEBUG Test worker     d.u.i.k.j.Recoder2KeY     Reading public class T extends java.lang.Object{ private T a;private static T b;T c;static T d;public T e;public static T f;protected T g;protected T h;p[...] 
286463     WARN  Test worker     d.u.i.k.j.r.KeYCrossReferenceNameInfo Datatype T declared twice: Once in UNKNOWN:unknown and once in UNKNOWN:unknown, Keeping one from UNKNOWN:unknown 
286526     INFO  Test worker     d.u.i.k.n.KeyIO           Parsing took 0 ms 
286526     DEBUG Test worker     d.u.i.k.n.KeyIO           Load declarations of de.uka.ilkd.key.nparser.KeyAst$File:  <unknown>:1#1 
286526     INFO  Test worker     d.u.i.k.n.KeyIO           MODE: declarations took 0 ms 
286526     DEBUG Test worker     d.u.i.k.n.KeyIO           MODE: 2nd degree decls took 0 
]]></system-out>
  <system-err><![CDATA[]]></system-err>
</testsuite>
