<?xml version="1.0" encoding="UTF-8"?>
<testsuite name="de.uka.ilkd.key.parser.TestTermParserSorts" tests="2" skipped="0" failures="0" errors="0" timestamp="2023-04-25T13:21:12" hostname="fv-az269-523" time="2.764">
  <properties/>
  <testcase name="testParseIntegerArgs()" classname="de.uka.ilkd.key.parser.TestTermParserSorts" time="0.019"/>
  <testcase name="testParseSequencePrettySyntax()" classname="de.uka.ilkd.key.parser.TestTermParserSorts" time="0.003"/>
  <system-out><![CDATA[396032     INFO  Test worker     d.u.i.k.n.KeyIO           Parsing took 0 ms 
396032     DEBUG Test worker     d.u.i.k.n.KeyIO           Load declarations of de.uka.ilkd.key.nparser.KeyAst$File:  <unknown>:1#1 
396032     INFO  Test worker     d.u.i.k.n.KeyIO           MODE: declarations took 0 ms 
396032     DEBUG Test worker     d.u.i.k.n.KeyIO           MODE: 2nd degree decls took 0 
396032     INFO  Test worker     d.u.i.k.n.KeyIO           Parsing took 0 ms 
396032     DEBUG Test worker     d.u.i.k.n.KeyIO           Load declarations of de.uka.ilkd.key.nparser.KeyAst$File:  <unknown>:1#1 
396032     INFO  Test worker     d.u.i.k.n.KeyIO           MODE: declarations took 0 ms 
396032     DEBUG Test worker     d.u.i.k.n.KeyIO           MODE: 2nd degree decls took 0 
396032     INFO  Test worker     d.u.i.k.n.KeyIO           Parsing took 0 ms 
396032     DEBUG Test worker     d.u.i.k.n.KeyIO           Load declarations of de.uka.ilkd.key.nparser.KeyAst$File:  <unknown>:1#1 
396032     INFO  Test worker     d.u.i.k.n.KeyIO           MODE: declarations took 0 ms 
396032     DEBUG Test worker     d.u.i.k.n.KeyIO           MODE: 2nd degree decls took 0 
398780     INFO  Test worker     d.u.i.k.n.KeyIO           Parsing took 0 ms 
398780     DEBUG Test worker     d.u.i.k.n.KeyIO           Load declarations of de.uka.ilkd.key.nparser.KeyAst$File:  <unknown>:1#1 
398780     INFO  Test worker     d.u.i.k.n.KeyIO           MODE: declarations took 0 ms 
398780     DEBUG Test worker     d.u.i.k.n.KeyIO           MODE: 2nd degree decls took 0 
398795     INFO  Test worker     d.u.i.k.n.KeyIO           Parsing took 0 ms 
398795     DEBUG Test worker     d.u.i.k.n.KeyIO           Load declarations of de.uka.ilkd.key.nparser.KeyAst$File:  <unknown>:1#1 
398795     INFO  Test worker     d.u.i.k.n.KeyIO           MODE: declarations took 0 ms 
398795     DEBUG Test worker     d.u.i.k.n.KeyIO           MODE: 2nd degree decls took 0 
398795     INFO  Test worker     d.u.i.k.n.KeyIO           Parsing took 0 ms 
398795     DEBUG Test worker     d.u.i.k.n.KeyIO           Load declarations of de.uka.ilkd.key.nparser.KeyAst$File:  <unknown>:1#1 
398795     INFO  Test worker     d.u.i.k.n.KeyIO           MODE: declarations took 0 ms 
398795     DEBUG Test worker     d.u.i.k.n.KeyIO           MODE: 2nd degree decls took 0 
]]></system-out>
  <system-err><![CDATA[]]></system-err>
</testsuite>
