<?xml version="1.0" encoding="UTF-8"?>
<testsuite name="de.uka.ilkd.key.parser.TestDeclParser" tests="14" skipped="2" failures="0" errors="0" timestamp="2023-04-25T13:17:55" hostname="fv-az269-523" time="10.364">
  <properties/>
  <testcase name="testGenericSortDecl1()" classname="de.uka.ilkd.key.parser.TestDeclParser" time="0.912"/>
  <testcase name="testGenericSortDecl2()" classname="de.uka.ilkd.key.parser.TestDeclParser" time="0.889"/>
  <testcase name="testGenericSortDecl3()" classname="de.uka.ilkd.key.parser.TestDeclParser" time="0.88"/>
  <testcase name="testGenericSortDecl4()" classname="de.uka.ilkd.key.parser.TestDeclParser" time="0.823"/>
  <testcase name="testGenericSortDecl5()" classname="de.uka.ilkd.key.parser.TestDeclParser" time="0.0">
    <skipped/>
  </testcase>
  <testcase name="testGenericSortDecl6()" classname="de.uka.ilkd.key.parser.TestDeclParser" time="0.884"/>
  <testcase name="testSortDecl()" classname="de.uka.ilkd.key.parser.TestDeclParser" time="0.877"/>
  <testcase name="testProxySortDecl()" classname="de.uka.ilkd.key.parser.TestDeclParser" time="0.821"/>
  <testcase name="testArrayDecl()" classname="de.uka.ilkd.key.parser.TestDeclParser" time="0.875"/>
  <testcase name="testAmbiguousDecls()" classname="de.uka.ilkd.key.parser.TestDeclParser" time="0.0">
    <skipped/>
  </testcase>
  <testcase name="testHeurDecl()" classname="de.uka.ilkd.key.parser.TestDeclParser" time="0.861"/>
  <testcase name="testFunctionDecl()" classname="de.uka.ilkd.key.parser.TestDeclParser" time="0.862"/>
  <testcase name="testPredicateDecl()" classname="de.uka.ilkd.key.parser.TestDeclParser" time="0.826"/>
  <testcase name="testSVDecl()" classname="de.uka.ilkd.key.parser.TestDeclParser" time="0.851"/>
  <system-out><![CDATA[199793     INFO  Test worker     d.u.i.k.n.KeyIO           Parsing took 0 ms 
199793     DEBUG Test worker     d.u.i.k.n.KeyIO           Load declarations of de.uka.ilkd.key.nparser.KeyAst$File:  <unknown>:1#1 
199793     INFO  Test worker     d.u.i.k.n.KeyIO           MODE: declarations took 0 ms 
199793     DEBUG Test worker     d.u.i.k.n.KeyIO           MODE: 2nd degree decls took 0 
199793     DEBUG Test worker     d.u.i.k.n.KeyIO           MODE: taclets took 0ms 
200690     INFO  Test worker     d.u.i.k.n.KeyIO           Parsing took 0 ms 
200690     DEBUG Test worker     d.u.i.k.n.KeyIO           Load declarations of de.uka.ilkd.key.nparser.KeyAst$File:  <unknown>:1#1 
200690     INFO  Test worker     d.u.i.k.n.KeyIO           MODE: declarations took 0 ms 
200690     DEBUG Test worker     d.u.i.k.n.KeyIO           MODE: 2nd degree decls took 0 
200690     DEBUG Test worker     d.u.i.k.n.KeyIO           MODE: taclets took 0ms 
201567     INFO  Test worker     d.u.i.k.n.KeyIO           Parsing took 0 ms 
201567     DEBUG Test worker     d.u.i.k.n.KeyIO           Load declarations of de.uka.ilkd.key.nparser.KeyAst$File:  <unknown>:1#1 
201567     INFO  Test worker     d.u.i.k.n.KeyIO           MODE: declarations took 0 ms 
201567     DEBUG Test worker     d.u.i.k.n.KeyIO           MODE: 2nd degree decls took 0 
201567     DEBUG Test worker     d.u.i.k.n.KeyIO           MODE: taclets took 0ms 
202379     INFO  Test worker     d.u.i.k.n.KeyIO           Parsing took 0 ms 
202379     DEBUG Test worker     d.u.i.k.n.KeyIO           Load declarations of de.uka.ilkd.key.nparser.KeyAst$File:  <unknown>:1#1 
202379     INFO  Test worker     d.u.i.k.n.KeyIO           MODE: declarations took 0 ms 
202379     DEBUG Test worker     d.u.i.k.n.KeyIO           MODE: 2nd degree decls took 0 
202379     DEBUG Test worker     d.u.i.k.n.KeyIO           MODE: taclets took 0ms 
203261     INFO  Test worker     d.u.i.k.n.KeyIO           Parsing took 0 ms 
203261     DEBUG Test worker     d.u.i.k.n.KeyIO           Load declarations of de.uka.ilkd.key.nparser.KeyAst$File:  <unknown>:1#1 
203261     INFO  Test worker     d.u.i.k.n.KeyIO           MODE: declarations took 0 ms 
203261     DEBUG Test worker     d.u.i.k.n.KeyIO           MODE: 2nd degree decls took 0 
203261     DEBUG Test worker     d.u.i.k.n.KeyIO           MODE: taclets took 0ms 
204145     INFO  Test worker     d.u.i.k.n.KeyIO           Parsing took 0 ms 
204145     DEBUG Test worker     d.u.i.k.n.KeyIO           Load declarations of de.uka.ilkd.key.nparser.KeyAst$File:  <unknown>:1#1 
204145     INFO  Test worker     d.u.i.k.n.KeyIO           MODE: declarations took 0 ms 
204145     DEBUG Test worker     d.u.i.k.n.KeyIO           MODE: 2nd degree decls took 0 
204145     DEBUG Test worker     d.u.i.k.n.KeyIO           MODE: taclets took 0ms 
204974     INFO  Test worker     d.u.i.k.n.KeyIO           Parsing took 0 ms 
204974     DEBUG Test worker     d.u.i.k.n.KeyIO           Load declarations of de.uka.ilkd.key.nparser.KeyAst$File:  <unknown>:1#1 
204974     INFO  Test worker     d.u.i.k.n.KeyIO           MODE: declarations took 0 ms 
204974     DEBUG Test worker     d.u.i.k.n.KeyIO           MODE: 2nd degree decls took 0 
204974     DEBUG Test worker     d.u.i.k.n.KeyIO           MODE: taclets took 0ms 
205850     INFO  Test worker     d.u.i.k.n.KeyIO           Parsing took 0 ms 
205850     DEBUG Test worker     d.u.i.k.n.KeyIO           Load declarations of de.uka.ilkd.key.nparser.KeyAst$File:  <unknown>:1#1 
205850     INFO  Test worker     d.u.i.k.n.KeyIO           MODE: declarations took 0 ms 
205850     DEBUG Test worker     d.u.i.k.n.KeyIO           MODE: 2nd degree decls took 0 
205850     DEBUG Test worker     d.u.i.k.n.KeyIO           MODE: taclets took 0ms 
206711     INFO  Test worker     d.u.i.k.n.KeyIO           Parsing took 0 ms 
206711     DEBUG Test worker     d.u.i.k.n.KeyIO           Load declarations of de.uka.ilkd.key.nparser.KeyAst$File:  <unknown>:1#1 
206711     INFO  Test worker     d.u.i.k.n.KeyIO           MODE: declarations took 0 ms 
206711     DEBUG Test worker     d.u.i.k.n.KeyIO           MODE: 2nd degree decls took 0 
206711     DEBUG Test worker     d.u.i.k.n.KeyIO           MODE: taclets took 0ms 
207571     INFO  Test worker     d.u.i.k.n.KeyIO           Parsing took 0 ms 
207571     DEBUG Test worker     d.u.i.k.n.KeyIO           Load declarations of de.uka.ilkd.key.nparser.KeyAst$File:  <unknown>:1#1 
207571     INFO  Test worker     d.u.i.k.n.KeyIO           MODE: declarations took 0 ms 
207571     DEBUG Test worker     d.u.i.k.n.KeyIO           MODE: 2nd degree decls took 0 
207571     DEBUG Test worker     d.u.i.k.n.KeyIO           MODE: taclets took 0ms 
208399     INFO  Test worker     d.u.i.k.n.KeyIO           Parsing took 0 ms 
208399     DEBUG Test worker     d.u.i.k.n.KeyIO           Load declarations of de.uka.ilkd.key.nparser.KeyAst$File:  <unknown>:1#1 
208399     INFO  Test worker     d.u.i.k.n.KeyIO           MODE: declarations took 0 ms 
208399     DEBUG Test worker     d.u.i.k.n.KeyIO           MODE: 2nd degree decls took 0 
208399     DEBUG Test worker     d.u.i.k.n.KeyIO           MODE: taclets took 0ms 
209249     INFO  Test worker     d.u.i.k.n.KeyIO           Parsing took 0 ms 
209249     DEBUG Test worker     d.u.i.k.n.KeyIO           Load declarations of de.uka.ilkd.key.nparser.KeyAst$File:  <unknown>:1#1 
209249     INFO  Test worker     d.u.i.k.n.KeyIO           MODE: declarations took 0 ms 
209249     DEBUG Test worker     d.u.i.k.n.KeyIO           MODE: 2nd degree decls took 0 
209249     DEBUG Test worker     d.u.i.k.n.KeyIO           MODE: taclets took 0ms 
]]></system-out>
  <system-err><![CDATA[]]></system-err>
</testsuite>
