<?xml version="1.0" encoding="UTF-8"?>
<testsuite name="de.uka.ilkd.key.nparser.ExprTest" tests="23" skipped="0" failures="23" errors="0" timestamp="2023-06-03T16:34:33" hostname="fv-az269-965" time="0.872">
  <properties/>
  <testcase name="[1] (bprod{int y;}(1, 2, y) = 0)" classname="de.uka.ilkd.key.nparser.ExprTest" time="0.05">
    <failure message="null at file:/D:/a/key/key/key.core/build/resources/main/de/uka/ilkd/key/proof/rules/heap.key:46:5 (file:/D:/a/key/key/key.core/build/resources/main/de/uka/ilkd/key/proof/rules/heap.key:46:5)" type="de.uka.ilkd.key.util.parsing.BuildingException">null at file:/D:/a/key/key/key.core/build/resources/main/de/uka/ilkd/key/proof/rules/heap.key:46:5 (file:/D:/a/key/key/key.core/build/resources/main/de/uka/ilkd/key/proof/rules/heap.key:46:5)
	at app//de.uka.ilkd.key.nparser.builder.AbstractBuilder.accept(AbstractBuilder.java:54)
	at app//de.uka.ilkd.key.nparser.builder.DefaultBuilder.accept(DefaultBuilder.java:35)
	at app//de.uka.ilkd.key.nparser.builder.DeclarationBuilder.visitProg_var_decls(DeclarationBuilder.java:57)
	at app//de.uka.ilkd.key.nparser.KeYParser$Prog_var_declsContext.accept(KeYParser.java:1937)
	at app//de.uka.ilkd.key.nparser.builder.AbstractBuilder.accept(AbstractBuilder.java:48)
	at app//de.uka.ilkd.key.nparser.builder.DefaultBuilder.accept(DefaultBuilder.java:35)
	at app//de.uka.ilkd.key.nparser.builder.AbstractBuilder.lambda$mapMapOf$1(AbstractBuilder.java:141)
	at java.base@11.0.19/java.util.stream.ReferencePipeline$3$1.accept(ReferencePipeline.java:195)
	at java.base@11.0.19/java.util.ArrayList$ArrayListSpliterator.forEachRemaining(ArrayList.java:1655)
	at java.base@11.0.19/java.util.stream.AbstractPipeline.copyInto(AbstractPipeline.java:484)
	at java.base@11.0.19/java.util.stream.AbstractPipeline.wrapAndCopyInto(AbstractPipeline.java:474)
	at java.base@11.0.19/java.util.stream.ForEachOps$ForEachOp.evaluateSequential(ForEachOps.java:150)
	at java.base@11.0.19/java.util.stream.ForEachOps$ForEachOp$OfRef.evaluateSequential(ForEachOps.java:173)
	at java.base@11.0.19/java.util.stream.AbstractPipeline.evaluate(AbstractPipeline.java:234)
	at java.base@11.0.19/java.util.stream.ReferencePipeline.forEach(ReferencePipeline.java:497)
	at java.base@11.0.19/java.util.stream.ReferencePipeline$7$1.accept(ReferencePipeline.java:274)
	at java.base@11.0.19/java.util.Spliterators$ArraySpliterator.forEachRemaining(Spliterators.java:948)
	at java.base@11.0.19/java.util.stream.AbstractPipeline.copyInto(AbstractPipeline.java:484)
	at java.base@11.0.19/java.util.stream.AbstractPipeline.wrapAndCopyInto(AbstractPipeline.java:474)
	at java.base@11.0.19/java.util.stream.ReduceOps$ReduceOp.evaluateSequential(ReduceOps.java:913)
	at java.base@11.0.19/java.util.stream.AbstractPipeline.evaluate(AbstractPipeline.java:234)
	at java.base@11.0.19/java.util.stream.ReferencePipeline.collect(ReferencePipeline.java:578)
	at app//de.uka.ilkd.key.nparser.builder.AbstractBuilder.mapMapOf(AbstractBuilder.java:142)
	at app//de.uka.ilkd.key.nparser.builder.DeclarationBuilder.visitDecls(DeclarationBuilder.java:48)
	at app//de.uka.ilkd.key.nparser.KeYParser$DeclsContext.accept(KeYParser.java:515)
	at app//org.antlr.v4.runtime.tree.AbstractParseTreeVisitor.visitChildren(AbstractParseTreeVisitor.java:46)
	at app//de.uka.ilkd.key.nparser.KeYParserBaseVisitor.visitFile(KeYParserBaseVisitor.java:24)
	at app//de.uka.ilkd.key.nparser.KeYParser$FileContext.accept(KeYParser.java:313)
	at app//de.uka.ilkd.key.nparser.KeyAst.accept(KeyAst.java:43)
	at app//de.uka.ilkd.key.nparser.KeyIO$Loader.loadDeclarations(KeyIO.java:298)
	at app//de.uka.ilkd.key.nparser.ExprTest.getIo(ExprTest.java:46)
	at app//de.uka.ilkd.key.nparser.ExprTest.parseAndVisit(ExprTest.java:30)
	at java.base@11.0.19/jdk.internal.reflect.NativeMethodAccessorImpl.invoke0(Native Method)
	at java.base@11.0.19/jdk.internal.reflect.NativeMethodAccessorImpl.invoke(NativeMethodAccessorImpl.java:62)
	at java.base@11.0.19/jdk.internal.reflect.DelegatingMethodAccessorImpl.invoke(DelegatingMethodAccessorImpl.java:43)
	at java.base@11.0.19/java.lang.reflect.Method.invoke(Method.java:566)
	at app//org.junit.platform.commons.util.ReflectionUtils.invokeMethod(ReflectionUtils.java:727)
	at app//org.junit.jupiter.engine.execution.MethodInvocation.proceed(MethodInvocation.java:60)
	at app//org.junit.jupiter.engine.execution.InvocationInterceptorChain$ValidatingInvocation.proceed(InvocationInterceptorChain.java:131)
	at app//org.junit.jupiter.engine.extension.TimeoutExtension.intercept(TimeoutExtension.java:156)
	at app//org.junit.jupiter.engine.extension.TimeoutExtension.interceptTestableMethod(TimeoutExtension.java:147)
	at app//org.junit.jupiter.engine.extension.TimeoutExtension.interceptTestTemplateMethod(TimeoutExtension.java:94)
	at app//org.junit.jupiter.engine.execution.InterceptingExecutableInvoker$ReflectiveInterceptorCall.lambda$ofVoidMethod$0(InterceptingExecutableInvoker.java:103)
	at app//org.junit.jupiter.engine.execution.InterceptingExecutableInvoker.lambda$invoke$0(InterceptingExecutableInvoker.java:93)
	at app//org.junit.jupiter.engine.execution.InvocationInterceptorChain$InterceptedInvocation.proceed(InvocationInterceptorChain.java:106)
	at app//org.junit.jupiter.engine.execution.InvocationInterceptorChain.proceed(InvocationInterceptorChain.java:64)
	at app//org.junit.jupiter.engine.execution.InvocationInterceptorChain.chainAndInvoke(InvocationInterceptorChain.java:45)
	at app//org.junit.jupiter.engine.execution.InvocationInterceptorChain.invoke(InvocationInterceptorChain.java:37)
	at app//org.junit.jupiter.engine.execution.InterceptingExecutableInvoker.invoke(InterceptingExecutableInvoker.java:92)
	at app//org.junit.jupiter.engine.execution.InterceptingExecutableInvoker.invoke(InterceptingExecutableInvoker.java:86)
	at app//org.junit.jupiter.engine.descriptor.TestMethodTestDescriptor.lambda$invokeTestMethod$7(TestMethodTestDescriptor.java:217)
	at app//org.junit.platform.engine.support.hierarchical.ThrowableCollector.execute(ThrowableCollector.java:73)
	at app//org.junit.jupiter.engine.descriptor.TestMethodTestDescriptor.invokeTestMethod(TestMethodTestDescriptor.java:213)
	at app//org.junit.jupiter.engine.descriptor.TestMethodTestDescriptor.execute(TestMethodTestDescriptor.java:138)
	at app//org.junit.jupiter.engine.descriptor.TestMethodTestDescriptor.execute(TestMethodTestDescriptor.java:68)
	at app//org.junit.platform.engine.support.hierarchical.NodeTestTask.lambda$executeRecursively$6(NodeTestTask.java:151)
	at app//org.junit.platform.engine.support.hierarchical.ThrowableCollector.execute(ThrowableCollector.java:73)
	at app//org.junit.platform.engine.support.hierarchical.NodeTestTask.lambda$executeRecursively$8(NodeTestTask.java:141)
	at app//org.junit.platform.engine.support.hierarchical.Node.around(Node.java:137)
	at app//org.junit.platform.engine.support.hierarchical.NodeTestTask.lambda$executeRecursively$9(NodeTestTask.java:139)
	at app//org.junit.platform.engine.support.hierarchical.ThrowableCollector.execute(ThrowableCollector.java:73)
	at app//org.junit.platform.engine.support.hierarchical.NodeTestTask.executeRecursively(NodeTestTask.java:138)
	at app//org.junit.platform.engine.support.hierarchical.NodeTestTask.execute(NodeTestTask.java:95)
	at app//org.junit.platform.engine.support.hierarchical.SameThreadHierarchicalTestExecutorService.submit(SameThreadHierarchicalTestExecutorService.java:35)
	at app//org.junit.platform.engine.support.hierarchical.NodeTestTask$DefaultDynamicTestExecutor.execute(NodeTestTask.java:226)
	at app//org.junit.platform.engine.support.hierarchical.NodeTestTask$DefaultDynamicTestExecutor.execute(NodeTestTask.java:204)
	at app//org.junit.jupiter.engine.descriptor.TestTemplateTestDescriptor.execute(TestTemplateTestDescriptor.java:142)
	at app//org.junit.jupiter.engine.descriptor.TestTemplateTestDescriptor.lambda$execute$2(TestTemplateTestDescriptor.java:110)
	at java.base@11.0.19/java.util.stream.ForEachOps$ForEachOp$OfRef.accept(ForEachOps.java:183)
	at java.base@11.0.19/java.util.stream.ReferencePipeline$3$1.accept(ReferencePipeline.java:195)
	at java.base@11.0.19/java.util.stream.ReferencePipeline$2$1.accept(ReferencePipeline.java:177)
	at java.base@11.0.19/java.util.stream.ReferencePipeline$3$1.accept(ReferencePipeline.java:195)
	at java.base@11.0.19/java.util.stream.ForEachOps$ForEachOp$OfRef.accept(ForEachOps.java:183)
	at java.base@11.0.19/java.util.stream.ReferencePipeline$3$1.accept(ReferencePipeline.java:195)
	at java.base@11.0.19/java.util.stream.ReferencePipeline$3$1.accept(ReferencePipeline.java:195)
	at java.base@11.0.19/java.util.stream.ReferencePipeline$3$1.accept(ReferencePipeline.java:195)
	at java.base@11.0.19/java.util.stream.ForEachOps$ForEachOp$OfRef.accept(ForEachOps.java:183)
	at java.base@11.0.19/java.util.Iterator.forEachRemaining(Iterator.java:133)
	at java.base@11.0.19/java.util.Spliterators$IteratorSpliterator.forEachRemaining(Spliterators.java:1801)
	at java.base@11.0.19/java.util.stream.ReferencePipeline$Head.forEach(ReferencePipeline.java:658)
	at java.base@11.0.19/java.util.stream.ReferencePipeline$7$1.accept(ReferencePipeline.java:274)
	at java.base@11.0.19/java.util.stream.ReferencePipeline$3$1.accept(ReferencePipeline.java:195)
	at java.base@11.0.19/java.util.stream.ReferencePipeline$3$1.accept(ReferencePipeline.java:195)
	at java.base@11.0.19/java.util.ArrayList$ArrayListSpliterator.forEachRemaining(ArrayList.java:1655)
	at java.base@11.0.19/java.util.stream.AbstractPipeline.copyInto(AbstractPipeline.java:484)
	at java.base@11.0.19/java.util.stream.AbstractPipeline.wrapAndCopyInto(AbstractPipeline.java:474)
	at java.base@11.0.19/java.util.stream.ForEachOps$ForEachOp.evaluateSequential(ForEachOps.java:150)
	at java.base@11.0.19/java.util.stream.ForEachOps$ForEachOp$OfRef.evaluateSequential(ForEachOps.java:173)
	at java.base@11.0.19/java.util.stream.AbstractPipeline.evaluate(AbstractPipeline.java:234)
	at java.base@11.0.19/java.util.stream.ReferencePipeline.forEach(ReferencePipeline.java:497)
	at java.base@11.0.19/java.util.stream.ReferencePipeline$7$1.accept(ReferencePipeline.java:274)
	at java.base@11.0.19/java.util.stream.ReferencePipeline$3$1.accept(ReferencePipeline.java:195)
	at java.base@11.0.19/java.util.stream.ReferencePipeline$3$1.accept(ReferencePipeline.java:195)
	at java.base@11.0.19/java.util.stream.ReferencePipeline$3$1.accept(ReferencePipeline.java:195)
	at java.base@11.0.19/java.util.ArrayList$ArrayListSpliterator.forEachRemaining(ArrayList.java:1655)
	at java.base@11.0.19/java.util.stream.AbstractPipeline.copyInto(AbstractPipeline.java:484)
	at java.base@11.0.19/java.util.stream.AbstractPipeline.wrapAndCopyInto(AbstractPipeline.java:474)
	at java.base@11.0.19/java.util.stream.ForEachOps$ForEachOp.evaluateSequential(ForEachOps.java:150)
	at java.base@11.0.19/java.util.stream.ForEachOps$ForEachOp$OfRef.evaluateSequential(ForEachOps.java:173)
	at java.base@11.0.19/java.util.stream.AbstractPipeline.evaluate(AbstractPipeline.java:234)
	at java.base@11.0.19/java.util.stream.ReferencePipeline.forEach(ReferencePipeline.java:497)
	at java.base@11.0.19/java.util.stream.ReferencePipeline$7$1.accept(ReferencePipeline.java:274)
	at java.base@11.0.19/java.util.ArrayList$ArrayListSpliterator.forEachRemaining(ArrayList.java:1655)
	at java.base@11.0.19/java.util.stream.AbstractPipeline.copyInto(AbstractPipeline.java:484)
	at java.base@11.0.19/java.util.stream.AbstractPipeline.wrapAndCopyInto(AbstractPipeline.java:474)
	at java.base@11.0.19/java.util.stream.ForEachOps$ForEachOp.evaluateSequential(ForEachOps.java:150)
	at java.base@11.0.19/java.util.stream.ForEachOps$ForEachOp$OfRef.evaluateSequential(ForEachOps.java:173)
	at java.base@11.0.19/java.util.stream.AbstractPipeline.evaluate(AbstractPipeline.java:234)
	at java.base@11.0.19/java.util.stream.ReferencePipeline.forEach(ReferencePipeline.java:497)
	at app//org.junit.jupiter.engine.descriptor.TestTemplateTestDescriptor.execute(TestTemplateTestDescriptor.java:110)
	at app//org.junit.jupiter.engine.descriptor.TestTemplateTestDescriptor.execute(TestTemplateTestDescriptor.java:44)
	at app//org.junit.platform.engine.support.hierarchical.NodeTestTask.lambda$executeRecursively$6(NodeTestTask.java:151)
	at app//org.junit.platform.engine.support.hierarchical.ThrowableCollector.execute(ThrowableCollector.java:73)
	at app//org.junit.platform.engine.support.hierarchical.NodeTestTask.lambda$executeRecursively$8(NodeTestTask.java:141)
	at app//org.junit.platform.engine.support.hierarchical.Node.around(Node.java:137)
	at app//org.junit.platform.engine.support.hierarchical.NodeTestTask.lambda$executeRecursively$9(NodeTestTask.java:139)
	at app//org.junit.platform.engine.support.hierarchical.ThrowableCollector.execute(ThrowableCollector.java:73)
	at app//org.junit.platform.engine.support.hierarchical.NodeTestTask.executeRecursively(NodeTestTask.java:138)
	at app//org.junit.platform.engine.support.hierarchical.NodeTestTask.execute(NodeTestTask.java:95)
	at java.base@11.0.19/java.util.ArrayList.forEach(ArrayList.java:1541)
	at app//org.junit.platform.engine.support.hierarchical.SameThreadHierarchicalTestExecutorService.invokeAll(SameThreadHierarchicalTestExecutorService.java:41)
	at app//org.junit.platform.engine.support.hierarchical.NodeTestTask.lambda$executeRecursively$6(NodeTestTask.java:155)
	at app//org.junit.platform.engine.support.hierarchical.ThrowableCollector.execute(ThrowableCollector.java:73)
	at app//org.junit.platform.engine.support.hierarchical.NodeTestTask.lambda$executeRecursively$8(NodeTestTask.java:141)
	at app//org.junit.platform.engine.support.hierarchical.Node.around(Node.java:137)
	at app//org.junit.platform.engine.support.hierarchical.NodeTestTask.lambda$executeRecursively$9(NodeTestTask.java:139)
	at app//org.junit.platform.engine.support.hierarchical.ThrowableCollector.execute(ThrowableCollector.java:73)
	at app//org.junit.platform.engine.support.hierarchical.NodeTestTask.executeRecursively(NodeTestTask.java:138)
	at app//org.junit.platform.engine.support.hierarchical.NodeTestTask.execute(NodeTestTask.java:95)
	at java.base@11.0.19/java.util.ArrayList.forEach(ArrayList.java:1541)
	at app//org.junit.platform.engine.support.hierarchical.SameThreadHierarchicalTestExecutorService.invokeAll(SameThreadHierarchicalTestExecutorService.java:41)
	at app//org.junit.platform.engine.support.hierarchical.NodeTestTask.lambda$executeRecursively$6(NodeTestTask.java:155)
	at app//org.junit.platform.engine.support.hierarchical.ThrowableCollector.execute(ThrowableCollector.java:73)
	at app//org.junit.platform.engine.support.hierarchical.NodeTestTask.lambda$executeRecursively$8(NodeTestTask.java:141)
	at app//org.junit.platform.engine.support.hierarchical.Node.around(Node.java:137)
	at app//org.junit.platform.engine.support.hierarchical.NodeTestTask.lambda$executeRecursively$9(NodeTestTask.java:139)
	at app//org.junit.platform.engine.support.hierarchical.ThrowableCollector.execute(ThrowableCollector.java:73)
	at app//org.junit.platform.engine.support.hierarchical.NodeTestTask.executeRecursively(NodeTestTask.java:138)
	at app//org.junit.platform.engine.support.hierarchical.NodeTestTask.execute(NodeTestTask.java:95)
	at app//org.junit.platform.engine.support.hierarchical.SameThreadHierarchicalTestExecutorService.submit(SameThreadHierarchicalTestExecutorService.java:35)
	at app//org.junit.platform.engine.support.hierarchical.HierarchicalTestExecutor.execute(HierarchicalTestExecutor.java:57)
	at app//org.junit.platform.engine.support.hierarchical.HierarchicalTestEngine.execute(HierarchicalTestEngine.java:54)
	at app//org.junit.platform.launcher.core.EngineExecutionOrchestrator.execute(EngineExecutionOrchestrator.java:107)
	at app//org.junit.platform.launcher.core.EngineExecutionOrchestrator.execute(EngineExecutionOrchestrator.java:88)
	at app//org.junit.platform.launcher.core.EngineExecutionOrchestrator.lambda$execute$0(EngineExecutionOrchestrator.java:54)
	at app//org.junit.platform.launcher.core.EngineExecutionOrchestrator.withInterceptedStreams(EngineExecutionOrchestrator.java:67)
	at app//org.junit.platform.launcher.core.EngineExecutionOrchestrator.execute(EngineExecutionOrchestrator.java:52)
	at app//org.junit.platform.launcher.core.DefaultLauncher.execute(DefaultLauncher.java:114)
	at app//org.junit.platform.launcher.core.DefaultLauncher.execute(DefaultLauncher.java:86)
	at app//org.junit.platform.launcher.core.DefaultLauncherSession$DelegatingLauncher.execute(DefaultLauncherSession.java:86)
	at org.gradle.api.internal.tasks.testing.junitplatform.JUnitPlatformTestClassProcessor$CollectAllTestClassesExecutor.processAllTestClasses(JUnitPlatformTestClassProcessor.java:110)
	at org.gradle.api.internal.tasks.testing.junitplatform.JUnitPlatformTestClassProcessor$CollectAllTestClassesExecutor.access$000(JUnitPlatformTestClassProcessor.java:90)
	at org.gradle.api.internal.tasks.testing.junitplatform.JUnitPlatformTestClassProcessor.stop(JUnitPlatformTestClassProcessor.java:85)
	at org.gradle.api.internal.tasks.testing.SuiteTestClassProcessor.stop(SuiteTestClassProcessor.java:62)
	at java.base@11.0.19/jdk.internal.reflect.NativeMethodAccessorImpl.invoke0(Native Method)
	at java.base@11.0.19/jdk.internal.reflect.NativeMethodAccessorImpl.invoke(NativeMethodAccessorImpl.java:62)
	at java.base@11.0.19/jdk.internal.reflect.DelegatingMethodAccessorImpl.invoke(DelegatingMethodAccessorImpl.java:43)
	at java.base@11.0.19/java.lang.reflect.Method.invoke(Method.java:566)
	at org.gradle.internal.dispatch.ReflectionDispatch.dispatch(ReflectionDispatch.java:36)
	at org.gradle.internal.dispatch.ReflectionDispatch.dispatch(ReflectionDispatch.java:24)
	at org.gradle.internal.dispatch.ContextClassLoaderDispatch.dispatch(ContextClassLoaderDispatch.java:33)
	at org.gradle.internal.dispatch.ProxyDispatchAdapter$DispatchingInvocationHandler.invoke(ProxyDispatchAdapter.java:94)
	at com.sun.proxy.$Proxy5.stop(Unknown Source)
	at org.gradle.api.internal.tasks.testing.worker.TestWorker$3.run(TestWorker.java:193)
	at org.gradle.api.internal.tasks.testing.worker.TestWorker.executeAndMaintainThreadName(TestWorker.java:129)
	at org.gradle.api.internal.tasks.testing.worker.TestWorker.execute(TestWorker.java:100)
	at org.gradle.api.internal.tasks.testing.worker.TestWorker.execute(TestWorker.java:60)
	at org.gradle.process.internal.worker.child.ActionExecutionWorker.execute(ActionExecutionWorker.java:56)
	at org.gradle.process.internal.worker.child.SystemApplicationClassLoaderWorker.call(SystemApplicationClassLoaderWorker.java:113)
	at org.gradle.process.internal.worker.child.SystemApplicationClassLoaderWorker.call(SystemApplicationClassLoaderWorker.java:65)
	at app//worker.org.gradle.process.internal.worker.GradleWorkerMain.run(GradleWorkerMain.java:69)
	at app//worker.org.gradle.process.internal.worker.GradleWorkerMain.main(GradleWorkerMain.java:74)
Caused by: java.lang.NullPointerException
	at de.uka.ilkd.key.nparser.builder.DefaultBuilder.visitKeyjavatype(DefaultBuilder.java:360)
	at de.uka.ilkd.key.nparser.builder.DefaultBuilder.visitKeyjavatype(DefaultBuilder.java:35)
	at de.uka.ilkd.key.nparser.KeYParser$KeyjavatypeContext.accept(KeYParser.java:1859)
	at de.uka.ilkd.key.nparser.builder.AbstractBuilder.accept(AbstractBuilder.java:48)
	... 171 more
</failure>
  </testcase>
  <testcase name="[2] 1 = 1 -&gt; 2 = 2" classname="de.uka.ilkd.key.nparser.ExprTest" time="0.051">
    <failure message="null at file:/D:/a/key/key/key.core/build/resources/main/de/uka/ilkd/key/proof/rules/heap.key:46:5 (file:/D:/a/key/key/key.core/build/resources/main/de/uka/ilkd/key/proof/rules/heap.key:46:5)" type="de.uka.ilkd.key.util.parsing.BuildingException">null at file:/D:/a/key/key/key.core/build/resources/main/de/uka/ilkd/key/proof/rules/heap.key:46:5 (file:/D:/a/key/key/key.core/build/resources/main/de/uka/ilkd/key/proof/rules/heap.key:46:5)
	at app//de.uka.ilkd.key.nparser.builder.AbstractBuilder.accept(AbstractBuilder.java:54)
	at app//de.uka.ilkd.key.nparser.builder.DefaultBuilder.accept(DefaultBuilder.java:35)
	at app//de.uka.ilkd.key.nparser.builder.DeclarationBuilder.visitProg_var_decls(DeclarationBuilder.java:57)
	at app//de.uka.ilkd.key.nparser.KeYParser$Prog_var_declsContext.accept(KeYParser.java:1937)
	at app//de.uka.ilkd.key.nparser.builder.AbstractBuilder.accept(AbstractBuilder.java:48)
	at app//de.uka.ilkd.key.nparser.builder.DefaultBuilder.accept(DefaultBuilder.java:35)
	at app//de.uka.ilkd.key.nparser.builder.AbstractBuilder.lambda$mapMapOf$1(AbstractBuilder.java:141)
	at java.base@11.0.19/java.util.stream.ReferencePipeline$3$1.accept(ReferencePipeline.java:195)
	at java.base@11.0.19/java.util.ArrayList$ArrayListSpliterator.forEachRemaining(ArrayList.java:1655)
	at java.base@11.0.19/java.util.stream.AbstractPipeline.copyInto(AbstractPipeline.java:484)
	at java.base@11.0.19/java.util.stream.AbstractPipeline.wrapAndCopyInto(AbstractPipeline.java:474)
	at java.base@11.0.19/java.util.stream.ForEachOps$ForEachOp.evaluateSequential(ForEachOps.java:150)
	at java.base@11.0.19/java.util.stream.ForEachOps$ForEachOp$OfRef.evaluateSequential(ForEachOps.java:173)
	at java.base@11.0.19/java.util.stream.AbstractPipeline.evaluate(AbstractPipeline.java:234)
	at java.base@11.0.19/java.util.stream.ReferencePipeline.forEach(ReferencePipeline.java:497)
	at java.base@11.0.19/java.util.stream.ReferencePipeline$7$1.accept(ReferencePipeline.java:274)
	at java.base@11.0.19/java.util.Spliterators$ArraySpliterator.forEachRemaining(Spliterators.java:948)
	at java.base@11.0.19/java.util.stream.AbstractPipeline.copyInto(AbstractPipeline.java:484)
	at java.base@11.0.19/java.util.stream.AbstractPipeline.wrapAndCopyInto(AbstractPipeline.java:474)
	at java.base@11.0.19/java.util.stream.ReduceOps$ReduceOp.evaluateSequential(ReduceOps.java:913)
	at java.base@11.0.19/java.util.stream.AbstractPipeline.evaluate(AbstractPipeline.java:234)
	at java.base@11.0.19/java.util.stream.ReferencePipeline.collect(ReferencePipeline.java:578)
	at app//de.uka.ilkd.key.nparser.builder.AbstractBuilder.mapMapOf(AbstractBuilder.java:142)
	at app//de.uka.ilkd.key.nparser.builder.DeclarationBuilder.visitDecls(DeclarationBuilder.java:48)
	at app//de.uka.ilkd.key.nparser.KeYParser$DeclsContext.accept(KeYParser.java:515)
	at app//org.antlr.v4.runtime.tree.AbstractParseTreeVisitor.visitChildren(AbstractParseTreeVisitor.java:46)
	at app//de.uka.ilkd.key.nparser.KeYParserBaseVisitor.visitFile(KeYParserBaseVisitor.java:24)
	at app//de.uka.ilkd.key.nparser.KeYParser$FileContext.accept(KeYParser.java:313)
	at app//de.uka.ilkd.key.nparser.KeyAst.accept(KeyAst.java:43)
	at app//de.uka.ilkd.key.nparser.KeyIO$Loader.loadDeclarations(KeyIO.java:298)
	at app//de.uka.ilkd.key.nparser.ExprTest.getIo(ExprTest.java:46)
	at app//de.uka.ilkd.key.nparser.ExprTest.parseAndVisit(ExprTest.java:30)
	at java.base@11.0.19/jdk.internal.reflect.NativeMethodAccessorImpl.invoke0(Native Method)
	at java.base@11.0.19/jdk.internal.reflect.NativeMethodAccessorImpl.invoke(NativeMethodAccessorImpl.java:62)
	at java.base@11.0.19/jdk.internal.reflect.DelegatingMethodAccessorImpl.invoke(DelegatingMethodAccessorImpl.java:43)
	at java.base@11.0.19/java.lang.reflect.Method.invoke(Method.java:566)
	at app//org.junit.platform.commons.util.ReflectionUtils.invokeMethod(ReflectionUtils.java:727)
	at app//org.junit.jupiter.engine.execution.MethodInvocation.proceed(MethodInvocation.java:60)
	at app//org.junit.jupiter.engine.execution.InvocationInterceptorChain$ValidatingInvocation.proceed(InvocationInterceptorChain.java:131)
	at app//org.junit.jupiter.engine.extension.TimeoutExtension.intercept(TimeoutExtension.java:156)
	at app//org.junit.jupiter.engine.extension.TimeoutExtension.interceptTestableMethod(TimeoutExtension.java:147)
	at app//org.junit.jupiter.engine.extension.TimeoutExtension.interceptTestTemplateMethod(TimeoutExtension.java:94)
	at app//org.junit.jupiter.engine.execution.InterceptingExecutableInvoker$ReflectiveInterceptorCall.lambda$ofVoidMethod$0(InterceptingExecutableInvoker.java:103)
	at app//org.junit.jupiter.engine.execution.InterceptingExecutableInvoker.lambda$invoke$0(InterceptingExecutableInvoker.java:93)
	at app//org.junit.jupiter.engine.execution.InvocationInterceptorChain$InterceptedInvocation.proceed(InvocationInterceptorChain.java:106)
	at app//org.junit.jupiter.engine.execution.InvocationInterceptorChain.proceed(InvocationInterceptorChain.java:64)
	at app//org.junit.jupiter.engine.execution.InvocationInterceptorChain.chainAndInvoke(InvocationInterceptorChain.java:45)
	at app//org.junit.jupiter.engine.execution.InvocationInterceptorChain.invoke(InvocationInterceptorChain.java:37)
	at app//org.junit.jupiter.engine.execution.InterceptingExecutableInvoker.invoke(InterceptingExecutableInvoker.java:92)
	at app//org.junit.jupiter.engine.execution.InterceptingExecutableInvoker.invoke(InterceptingExecutableInvoker.java:86)
	at app//org.junit.jupiter.engine.descriptor.TestMethodTestDescriptor.lambda$invokeTestMethod$7(TestMethodTestDescriptor.java:217)
	at app//org.junit.platform.engine.support.hierarchical.ThrowableCollector.execute(ThrowableCollector.java:73)
	at app//org.junit.jupiter.engine.descriptor.TestMethodTestDescriptor.invokeTestMethod(TestMethodTestDescriptor.java:213)
	at app//org.junit.jupiter.engine.descriptor.TestMethodTestDescriptor.execute(TestMethodTestDescriptor.java:138)
	at app//org.junit.jupiter.engine.descriptor.TestMethodTestDescriptor.execute(TestMethodTestDescriptor.java:68)
	at app//org.junit.platform.engine.support.hierarchical.NodeTestTask.lambda$executeRecursively$6(NodeTestTask.java:151)
	at app//org.junit.platform.engine.support.hierarchical.ThrowableCollector.execute(ThrowableCollector.java:73)
	at app//org.junit.platform.engine.support.hierarchical.NodeTestTask.lambda$executeRecursively$8(NodeTestTask.java:141)
	at app//org.junit.platform.engine.support.hierarchical.Node.around(Node.java:137)
	at app//org.junit.platform.engine.support.hierarchical.NodeTestTask.lambda$executeRecursively$9(NodeTestTask.java:139)
	at app//org.junit.platform.engine.support.hierarchical.ThrowableCollector.execute(ThrowableCollector.java:73)
	at app//org.junit.platform.engine.support.hierarchical.NodeTestTask.executeRecursively(NodeTestTask.java:138)
	at app//org.junit.platform.engine.support.hierarchical.NodeTestTask.execute(NodeTestTask.java:95)
	at app//org.junit.platform.engine.support.hierarchical.SameThreadHierarchicalTestExecutorService.submit(SameThreadHierarchicalTestExecutorService.java:35)
	at app//org.junit.platform.engine.support.hierarchical.NodeTestTask$DefaultDynamicTestExecutor.execute(NodeTestTask.java:226)
	at app//org.junit.platform.engine.support.hierarchical.NodeTestTask$DefaultDynamicTestExecutor.execute(NodeTestTask.java:204)
	at app//org.junit.jupiter.engine.descriptor.TestTemplateTestDescriptor.execute(TestTemplateTestDescriptor.java:142)
	at app//org.junit.jupiter.engine.descriptor.TestTemplateTestDescriptor.lambda$execute$2(TestTemplateTestDescriptor.java:110)
	at java.base@11.0.19/java.util.stream.ForEachOps$ForEachOp$OfRef.accept(ForEachOps.java:183)
	at java.base@11.0.19/java.util.stream.ReferencePipeline$3$1.accept(ReferencePipeline.java:195)
	at java.base@11.0.19/java.util.stream.ReferencePipeline$2$1.accept(ReferencePipeline.java:177)
	at java.base@11.0.19/java.util.stream.ReferencePipeline$3$1.accept(ReferencePipeline.java:195)
	at java.base@11.0.19/java.util.stream.ForEachOps$ForEachOp$OfRef.accept(ForEachOps.java:183)
	at java.base@11.0.19/java.util.stream.ReferencePipeline$3$1.accept(ReferencePipeline.java:195)
	at java.base@11.0.19/java.util.stream.ReferencePipeline$3$1.accept(ReferencePipeline.java:195)
	at java.base@11.0.19/java.util.stream.ReferencePipeline$3$1.accept(ReferencePipeline.java:195)
	at java.base@11.0.19/java.util.stream.ForEachOps$ForEachOp$OfRef.accept(ForEachOps.java:183)
	at java.base@11.0.19/java.util.Iterator.forEachRemaining(Iterator.java:133)
	at java.base@11.0.19/java.util.Spliterators$IteratorSpliterator.forEachRemaining(Spliterators.java:1801)
	at java.base@11.0.19/java.util.stream.ReferencePipeline$Head.forEach(ReferencePipeline.java:658)
	at java.base@11.0.19/java.util.stream.ReferencePipeline$7$1.accept(ReferencePipeline.java:274)
	at java.base@11.0.19/java.util.stream.ReferencePipeline$3$1.accept(ReferencePipeline.java:195)
	at java.base@11.0.19/java.util.stream.ReferencePipeline$3$1.accept(ReferencePipeline.java:195)
	at java.base@11.0.19/java.util.ArrayList$ArrayListSpliterator.forEachRemaining(ArrayList.java:1655)
	at java.base@11.0.19/java.util.stream.AbstractPipeline.copyInto(AbstractPipeline.java:484)
	at java.base@11.0.19/java.util.stream.AbstractPipeline.wrapAndCopyInto(AbstractPipeline.java:474)
	at java.base@11.0.19/java.util.stream.ForEachOps$ForEachOp.evaluateSequential(ForEachOps.java:150)
	at java.base@11.0.19/java.util.stream.ForEachOps$ForEachOp$OfRef.evaluateSequential(ForEachOps.java:173)
	at java.base@11.0.19/java.util.stream.AbstractPipeline.evaluate(AbstractPipeline.java:234)
	at java.base@11.0.19/java.util.stream.ReferencePipeline.forEach(ReferencePipeline.java:497)
	at java.base@11.0.19/java.util.stream.ReferencePipeline$7$1.accept(ReferencePipeline.java:274)
	at java.base@11.0.19/java.util.stream.ReferencePipeline$3$1.accept(ReferencePipeline.java:195)
	at java.base@11.0.19/java.util.stream.ReferencePipeline$3$1.accept(ReferencePipeline.java:195)
	at java.base@11.0.19/java.util.stream.ReferencePipeline$3$1.accept(ReferencePipeline.java:195)
	at java.base@11.0.19/java.util.ArrayList$ArrayListSpliterator.forEachRemaining(ArrayList.java:1655)
	at java.base@11.0.19/java.util.stream.AbstractPipeline.copyInto(AbstractPipeline.java:484)
	at java.base@11.0.19/java.util.stream.AbstractPipeline.wrapAndCopyInto(AbstractPipeline.java:474)
	at java.base@11.0.19/java.util.stream.ForEachOps$ForEachOp.evaluateSequential(ForEachOps.java:150)
	at java.base@11.0.19/java.util.stream.ForEachOps$ForEachOp$OfRef.evaluateSequential(ForEachOps.java:173)
	at java.base@11.0.19/java.util.stream.AbstractPipeline.evaluate(AbstractPipeline.java:234)
	at java.base@11.0.19/java.util.stream.ReferencePipeline.forEach(ReferencePipeline.java:497)
	at java.base@11.0.19/java.util.stream.ReferencePipeline$7$1.accept(ReferencePipeline.java:274)
	at java.base@11.0.19/java.util.ArrayList$ArrayListSpliterator.forEachRemaining(ArrayList.java:1655)
	at java.base@11.0.19/java.util.stream.AbstractPipeline.copyInto(AbstractPipeline.java:484)
	at java.base@11.0.19/java.util.stream.AbstractPipeline.wrapAndCopyInto(AbstractPipeline.java:474)
	at java.base@11.0.19/java.util.stream.ForEachOps$ForEachOp.evaluateSequential(ForEachOps.java:150)
	at java.base@11.0.19/java.util.stream.ForEachOps$ForEachOp$OfRef.evaluateSequential(ForEachOps.java:173)
	at java.base@11.0.19/java.util.stream.AbstractPipeline.evaluate(AbstractPipeline.java:234)
	at java.base@11.0.19/java.util.stream.ReferencePipeline.forEach(ReferencePipeline.java:497)
	at app//org.junit.jupiter.engine.descriptor.TestTemplateTestDescriptor.execute(TestTemplateTestDescriptor.java:110)
	at app//org.junit.jupiter.engine.descriptor.TestTemplateTestDescriptor.execute(TestTemplateTestDescriptor.java:44)
	at app//org.junit.platform.engine.support.hierarchical.NodeTestTask.lambda$executeRecursively$6(NodeTestTask.java:151)
	at app//org.junit.platform.engine.support.hierarchical.ThrowableCollector.execute(ThrowableCollector.java:73)
	at app//org.junit.platform.engine.support.hierarchical.NodeTestTask.lambda$executeRecursively$8(NodeTestTask.java:141)
	at app//org.junit.platform.engine.support.hierarchical.Node.around(Node.java:137)
	at app//org.junit.platform.engine.support.hierarchical.NodeTestTask.lambda$executeRecursively$9(NodeTestTask.java:139)
	at app//org.junit.platform.engine.support.hierarchical.ThrowableCollector.execute(ThrowableCollector.java:73)
	at app//org.junit.platform.engine.support.hierarchical.NodeTestTask.executeRecursively(NodeTestTask.java:138)
	at app//org.junit.platform.engine.support.hierarchical.NodeTestTask.execute(NodeTestTask.java:95)
	at java.base@11.0.19/java.util.ArrayList.forEach(ArrayList.java:1541)
	at app//org.junit.platform.engine.support.hierarchical.SameThreadHierarchicalTestExecutorService.invokeAll(SameThreadHierarchicalTestExecutorService.java:41)
	at app//org.junit.platform.engine.support.hierarchical.NodeTestTask.lambda$executeRecursively$6(NodeTestTask.java:155)
	at app//org.junit.platform.engine.support.hierarchical.ThrowableCollector.execute(ThrowableCollector.java:73)
	at app//org.junit.platform.engine.support.hierarchical.NodeTestTask.lambda$executeRecursively$8(NodeTestTask.java:141)
	at app//org.junit.platform.engine.support.hierarchical.Node.around(Node.java:137)
	at app//org.junit.platform.engine.support.hierarchical.NodeTestTask.lambda$executeRecursively$9(NodeTestTask.java:139)
	at app//org.junit.platform.engine.support.hierarchical.ThrowableCollector.execute(ThrowableCollector.java:73)
	at app//org.junit.platform.engine.support.hierarchical.NodeTestTask.executeRecursively(NodeTestTask.java:138)
	at app//org.junit.platform.engine.support.hierarchical.NodeTestTask.execute(NodeTestTask.java:95)
	at java.base@11.0.19/java.util.ArrayList.forEach(ArrayList.java:1541)
	at app//org.junit.platform.engine.support.hierarchical.SameThreadHierarchicalTestExecutorService.invokeAll(SameThreadHierarchicalTestExecutorService.java:41)
	at app//org.junit.platform.engine.support.hierarchical.NodeTestTask.lambda$executeRecursively$6(NodeTestTask.java:155)
	at app//org.junit.platform.engine.support.hierarchical.ThrowableCollector.execute(ThrowableCollector.java:73)
	at app//org.junit.platform.engine.support.hierarchical.NodeTestTask.lambda$executeRecursively$8(NodeTestTask.java:141)
	at app//org.junit.platform.engine.support.hierarchical.Node.around(Node.java:137)
	at app//org.junit.platform.engine.support.hierarchical.NodeTestTask.lambda$executeRecursively$9(NodeTestTask.java:139)
	at app//org.junit.platform.engine.support.hierarchical.ThrowableCollector.execute(ThrowableCollector.java:73)
	at app//org.junit.platform.engine.support.hierarchical.NodeTestTask.executeRecursively(NodeTestTask.java:138)
	at app//org.junit.platform.engine.support.hierarchical.NodeTestTask.execute(NodeTestTask.java:95)
	at app//org.junit.platform.engine.support.hierarchical.SameThreadHierarchicalTestExecutorService.submit(SameThreadHierarchicalTestExecutorService.java:35)
	at app//org.junit.platform.engine.support.hierarchical.HierarchicalTestExecutor.execute(HierarchicalTestExecutor.java:57)
	at app//org.junit.platform.engine.support.hierarchical.HierarchicalTestEngine.execute(HierarchicalTestEngine.java:54)
	at app//org.junit.platform.launcher.core.EngineExecutionOrchestrator.execute(EngineExecutionOrchestrator.java:107)
	at app//org.junit.platform.launcher.core.EngineExecutionOrchestrator.execute(EngineExecutionOrchestrator.java:88)
	at app//org.junit.platform.launcher.core.EngineExecutionOrchestrator.lambda$execute$0(EngineExecutionOrchestrator.java:54)
	at app//org.junit.platform.launcher.core.EngineExecutionOrchestrator.withInterceptedStreams(EngineExecutionOrchestrator.java:67)
	at app//org.junit.platform.launcher.core.EngineExecutionOrchestrator.execute(EngineExecutionOrchestrator.java:52)
	at app//org.junit.platform.launcher.core.DefaultLauncher.execute(DefaultLauncher.java:114)
	at app//org.junit.platform.launcher.core.DefaultLauncher.execute(DefaultLauncher.java:86)
	at app//org.junit.platform.launcher.core.DefaultLauncherSession$DelegatingLauncher.execute(DefaultLauncherSession.java:86)
	at org.gradle.api.internal.tasks.testing.junitplatform.JUnitPlatformTestClassProcessor$CollectAllTestClassesExecutor.processAllTestClasses(JUnitPlatformTestClassProcessor.java:110)
	at org.gradle.api.internal.tasks.testing.junitplatform.JUnitPlatformTestClassProcessor$CollectAllTestClassesExecutor.access$000(JUnitPlatformTestClassProcessor.java:90)
	at org.gradle.api.internal.tasks.testing.junitplatform.JUnitPlatformTestClassProcessor.stop(JUnitPlatformTestClassProcessor.java:85)
	at org.gradle.api.internal.tasks.testing.SuiteTestClassProcessor.stop(SuiteTestClassProcessor.java:62)
	at java.base@11.0.19/jdk.internal.reflect.NativeMethodAccessorImpl.invoke0(Native Method)
	at java.base@11.0.19/jdk.internal.reflect.NativeMethodAccessorImpl.invoke(NativeMethodAccessorImpl.java:62)
	at java.base@11.0.19/jdk.internal.reflect.DelegatingMethodAccessorImpl.invoke(DelegatingMethodAccessorImpl.java:43)
	at java.base@11.0.19/java.lang.reflect.Method.invoke(Method.java:566)
	at org.gradle.internal.dispatch.ReflectionDispatch.dispatch(ReflectionDispatch.java:36)
	at org.gradle.internal.dispatch.ReflectionDispatch.dispatch(ReflectionDispatch.java:24)
	at org.gradle.internal.dispatch.ContextClassLoaderDispatch.dispatch(ContextClassLoaderDispatch.java:33)
	at org.gradle.internal.dispatch.ProxyDispatchAdapter$DispatchingInvocationHandler.invoke(ProxyDispatchAdapter.java:94)
	at com.sun.proxy.$Proxy5.stop(Unknown Source)
	at org.gradle.api.internal.tasks.testing.worker.TestWorker$3.run(TestWorker.java:193)
	at org.gradle.api.internal.tasks.testing.worker.TestWorker.executeAndMaintainThreadName(TestWorker.java:129)
	at org.gradle.api.internal.tasks.testing.worker.TestWorker.execute(TestWorker.java:100)
	at org.gradle.api.internal.tasks.testing.worker.TestWorker.execute(TestWorker.java:60)
	at org.gradle.process.internal.worker.child.ActionExecutionWorker.execute(ActionExecutionWorker.java:56)
	at org.gradle.process.internal.worker.child.SystemApplicationClassLoaderWorker.call(SystemApplicationClassLoaderWorker.java:113)
	at org.gradle.process.internal.worker.child.SystemApplicationClassLoaderWorker.call(SystemApplicationClassLoaderWorker.java:65)
	at app//worker.org.gradle.process.internal.worker.GradleWorkerMain.run(GradleWorkerMain.java:69)
	at app//worker.org.gradle.process.internal.worker.GradleWorkerMain.main(GradleWorkerMain.java:74)
Caused by: java.lang.NullPointerException
	at de.uka.ilkd.key.nparser.builder.DefaultBuilder.visitKeyjavatype(DefaultBuilder.java:360)
	at de.uka.ilkd.key.nparser.builder.DefaultBuilder.visitKeyjavatype(DefaultBuilder.java:35)
	at de.uka.ilkd.key.nparser.KeYParser$KeyjavatypeContext.accept(KeYParser.java:1859)
	at de.uka.ilkd.key.nparser.builder.AbstractBuilder.accept(AbstractBuilder.java:48)
	... 171 more
</failure>
  </testcase>
  <testcase name="[3] \&lt; { int x = 1; } \&gt; x=1" classname="de.uka.ilkd.key.nparser.ExprTest" time="0.047">
    <failure message="null at file:/D:/a/key/key/key.core/build/resources/main/de/uka/ilkd/key/proof/rules/heap.key:46:5 (file:/D:/a/key/key/key.core/build/resources/main/de/uka/ilkd/key/proof/rules/heap.key:46:5)" type="de.uka.ilkd.key.util.parsing.BuildingException">null at file:/D:/a/key/key/key.core/build/resources/main/de/uka/ilkd/key/proof/rules/heap.key:46:5 (file:/D:/a/key/key/key.core/build/resources/main/de/uka/ilkd/key/proof/rules/heap.key:46:5)
	at app//de.uka.ilkd.key.nparser.builder.AbstractBuilder.accept(AbstractBuilder.java:54)
	at app//de.uka.ilkd.key.nparser.builder.DefaultBuilder.accept(DefaultBuilder.java:35)
	at app//de.uka.ilkd.key.nparser.builder.DeclarationBuilder.visitProg_var_decls(DeclarationBuilder.java:57)
	at app//de.uka.ilkd.key.nparser.KeYParser$Prog_var_declsContext.accept(KeYParser.java:1937)
	at app//de.uka.ilkd.key.nparser.builder.AbstractBuilder.accept(AbstractBuilder.java:48)
	at app//de.uka.ilkd.key.nparser.builder.DefaultBuilder.accept(DefaultBuilder.java:35)
	at app//de.uka.ilkd.key.nparser.builder.AbstractBuilder.lambda$mapMapOf$1(AbstractBuilder.java:141)
	at java.base@11.0.19/java.util.stream.ReferencePipeline$3$1.accept(ReferencePipeline.java:195)
	at java.base@11.0.19/java.util.ArrayList$ArrayListSpliterator.forEachRemaining(ArrayList.java:1655)
	at java.base@11.0.19/java.util.stream.AbstractPipeline.copyInto(AbstractPipeline.java:484)
	at java.base@11.0.19/java.util.stream.AbstractPipeline.wrapAndCopyInto(AbstractPipeline.java:474)
	at java.base@11.0.19/java.util.stream.ForEachOps$ForEachOp.evaluateSequential(ForEachOps.java:150)
	at java.base@11.0.19/java.util.stream.ForEachOps$ForEachOp$OfRef.evaluateSequential(ForEachOps.java:173)
	at java.base@11.0.19/java.util.stream.AbstractPipeline.evaluate(AbstractPipeline.java:234)
	at java.base@11.0.19/java.util.stream.ReferencePipeline.forEach(ReferencePipeline.java:497)
	at java.base@11.0.19/java.util.stream.ReferencePipeline$7$1.accept(ReferencePipeline.java:274)
	at java.base@11.0.19/java.util.Spliterators$ArraySpliterator.forEachRemaining(Spliterators.java:948)
	at java.base@11.0.19/java.util.stream.AbstractPipeline.copyInto(AbstractPipeline.java:484)
	at java.base@11.0.19/java.util.stream.AbstractPipeline.wrapAndCopyInto(AbstractPipeline.java:474)
	at java.base@11.0.19/java.util.stream.ReduceOps$ReduceOp.evaluateSequential(ReduceOps.java:913)
	at java.base@11.0.19/java.util.stream.AbstractPipeline.evaluate(AbstractPipeline.java:234)
	at java.base@11.0.19/java.util.stream.ReferencePipeline.collect(ReferencePipeline.java:578)
	at app//de.uka.ilkd.key.nparser.builder.AbstractBuilder.mapMapOf(AbstractBuilder.java:142)
	at app//de.uka.ilkd.key.nparser.builder.DeclarationBuilder.visitDecls(DeclarationBuilder.java:48)
	at app//de.uka.ilkd.key.nparser.KeYParser$DeclsContext.accept(KeYParser.java:515)
	at app//org.antlr.v4.runtime.tree.AbstractParseTreeVisitor.visitChildren(AbstractParseTreeVisitor.java:46)
	at app//de.uka.ilkd.key.nparser.KeYParserBaseVisitor.visitFile(KeYParserBaseVisitor.java:24)
	at app//de.uka.ilkd.key.nparser.KeYParser$FileContext.accept(KeYParser.java:313)
	at app//de.uka.ilkd.key.nparser.KeyAst.accept(KeyAst.java:43)
	at app//de.uka.ilkd.key.nparser.KeyIO$Loader.loadDeclarations(KeyIO.java:298)
	at app//de.uka.ilkd.key.nparser.ExprTest.getIo(ExprTest.java:46)
	at app//de.uka.ilkd.key.nparser.ExprTest.parseAndVisit(ExprTest.java:30)
	at java.base@11.0.19/jdk.internal.reflect.NativeMethodAccessorImpl.invoke0(Native Method)
	at java.base@11.0.19/jdk.internal.reflect.NativeMethodAccessorImpl.invoke(NativeMethodAccessorImpl.java:62)
	at java.base@11.0.19/jdk.internal.reflect.DelegatingMethodAccessorImpl.invoke(DelegatingMethodAccessorImpl.java:43)
	at java.base@11.0.19/java.lang.reflect.Method.invoke(Method.java:566)
	at app//org.junit.platform.commons.util.ReflectionUtils.invokeMethod(ReflectionUtils.java:727)
	at app//org.junit.jupiter.engine.execution.MethodInvocation.proceed(MethodInvocation.java:60)
	at app//org.junit.jupiter.engine.execution.InvocationInterceptorChain$ValidatingInvocation.proceed(InvocationInterceptorChain.java:131)
	at app//org.junit.jupiter.engine.extension.TimeoutExtension.intercept(TimeoutExtension.java:156)
	at app//org.junit.jupiter.engine.extension.TimeoutExtension.interceptTestableMethod(TimeoutExtension.java:147)
	at app//org.junit.jupiter.engine.extension.TimeoutExtension.interceptTestTemplateMethod(TimeoutExtension.java:94)
	at app//org.junit.jupiter.engine.execution.InterceptingExecutableInvoker$ReflectiveInterceptorCall.lambda$ofVoidMethod$0(InterceptingExecutableInvoker.java:103)
	at app//org.junit.jupiter.engine.execution.InterceptingExecutableInvoker.lambda$invoke$0(InterceptingExecutableInvoker.java:93)
	at app//org.junit.jupiter.engine.execution.InvocationInterceptorChain$InterceptedInvocation.proceed(InvocationInterceptorChain.java:106)
	at app//org.junit.jupiter.engine.execution.InvocationInterceptorChain.proceed(InvocationInterceptorChain.java:64)
	at app//org.junit.jupiter.engine.execution.InvocationInterceptorChain.chainAndInvoke(InvocationInterceptorChain.java:45)
	at app//org.junit.jupiter.engine.execution.InvocationInterceptorChain.invoke(InvocationInterceptorChain.java:37)
	at app//org.junit.jupiter.engine.execution.InterceptingExecutableInvoker.invoke(InterceptingExecutableInvoker.java:92)
	at app//org.junit.jupiter.engine.execution.InterceptingExecutableInvoker.invoke(InterceptingExecutableInvoker.java:86)
	at app//org.junit.jupiter.engine.descriptor.TestMethodTestDescriptor.lambda$invokeTestMethod$7(TestMethodTestDescriptor.java:217)
	at app//org.junit.platform.engine.support.hierarchical.ThrowableCollector.execute(ThrowableCollector.java:73)
	at app//org.junit.jupiter.engine.descriptor.TestMethodTestDescriptor.invokeTestMethod(TestMethodTestDescriptor.java:213)
	at app//org.junit.jupiter.engine.descriptor.TestMethodTestDescriptor.execute(TestMethodTestDescriptor.java:138)
	at app//org.junit.jupiter.engine.descriptor.TestMethodTestDescriptor.execute(TestMethodTestDescriptor.java:68)
	at app//org.junit.platform.engine.support.hierarchical.NodeTestTask.lambda$executeRecursively$6(NodeTestTask.java:151)
	at app//org.junit.platform.engine.support.hierarchical.ThrowableCollector.execute(ThrowableCollector.java:73)
	at app//org.junit.platform.engine.support.hierarchical.NodeTestTask.lambda$executeRecursively$8(NodeTestTask.java:141)
	at app//org.junit.platform.engine.support.hierarchical.Node.around(Node.java:137)
	at app//org.junit.platform.engine.support.hierarchical.NodeTestTask.lambda$executeRecursively$9(NodeTestTask.java:139)
	at app//org.junit.platform.engine.support.hierarchical.ThrowableCollector.execute(ThrowableCollector.java:73)
	at app//org.junit.platform.engine.support.hierarchical.NodeTestTask.executeRecursively(NodeTestTask.java:138)
	at app//org.junit.platform.engine.support.hierarchical.NodeTestTask.execute(NodeTestTask.java:95)
	at app//org.junit.platform.engine.support.hierarchical.SameThreadHierarchicalTestExecutorService.submit(SameThreadHierarchicalTestExecutorService.java:35)
	at app//org.junit.platform.engine.support.hierarchical.NodeTestTask$DefaultDynamicTestExecutor.execute(NodeTestTask.java:226)
	at app//org.junit.platform.engine.support.hierarchical.NodeTestTask$DefaultDynamicTestExecutor.execute(NodeTestTask.java:204)
	at app//org.junit.jupiter.engine.descriptor.TestTemplateTestDescriptor.execute(TestTemplateTestDescriptor.java:142)
	at app//org.junit.jupiter.engine.descriptor.TestTemplateTestDescriptor.lambda$execute$2(TestTemplateTestDescriptor.java:110)
	at java.base@11.0.19/java.util.stream.ForEachOps$ForEachOp$OfRef.accept(ForEachOps.java:183)
	at java.base@11.0.19/java.util.stream.ReferencePipeline$3$1.accept(ReferencePipeline.java:195)
	at java.base@11.0.19/java.util.stream.ReferencePipeline$2$1.accept(ReferencePipeline.java:177)
	at java.base@11.0.19/java.util.stream.ReferencePipeline$3$1.accept(ReferencePipeline.java:195)
	at java.base@11.0.19/java.util.stream.ForEachOps$ForEachOp$OfRef.accept(ForEachOps.java:183)
	at java.base@11.0.19/java.util.stream.ReferencePipeline$3$1.accept(ReferencePipeline.java:195)
	at java.base@11.0.19/java.util.stream.ReferencePipeline$3$1.accept(ReferencePipeline.java:195)
	at java.base@11.0.19/java.util.stream.ReferencePipeline$3$1.accept(ReferencePipeline.java:195)
	at java.base@11.0.19/java.util.stream.ForEachOps$ForEachOp$OfRef.accept(ForEachOps.java:183)
	at java.base@11.0.19/java.util.Iterator.forEachRemaining(Iterator.java:133)
	at java.base@11.0.19/java.util.Spliterators$IteratorSpliterator.forEachRemaining(Spliterators.java:1801)
	at java.base@11.0.19/java.util.stream.ReferencePipeline$Head.forEach(ReferencePipeline.java:658)
	at java.base@11.0.19/java.util.stream.ReferencePipeline$7$1.accept(ReferencePipeline.java:274)
	at java.base@11.0.19/java.util.stream.ReferencePipeline$3$1.accept(ReferencePipeline.java:195)
	at java.base@11.0.19/java.util.stream.ReferencePipeline$3$1.accept(ReferencePipeline.java:195)
	at java.base@11.0.19/java.util.ArrayList$ArrayListSpliterator.forEachRemaining(ArrayList.java:1655)
	at java.base@11.0.19/java.util.stream.AbstractPipeline.copyInto(AbstractPipeline.java:484)
	at java.base@11.0.19/java.util.stream.AbstractPipeline.wrapAndCopyInto(AbstractPipeline.java:474)
	at java.base@11.0.19/java.util.stream.ForEachOps$ForEachOp.evaluateSequential(ForEachOps.java:150)
	at java.base@11.0.19/java.util.stream.ForEachOps$ForEachOp$OfRef.evaluateSequential(ForEachOps.java:173)
	at java.base@11.0.19/java.util.stream.AbstractPipeline.evaluate(AbstractPipeline.java:234)
	at java.base@11.0.19/java.util.stream.ReferencePipeline.forEach(ReferencePipeline.java:497)
	at java.base@11.0.19/java.util.stream.ReferencePipeline$7$1.accept(ReferencePipeline.java:274)
	at java.base@11.0.19/java.util.stream.ReferencePipeline$3$1.accept(ReferencePipeline.java:195)
	at java.base@11.0.19/java.util.stream.ReferencePipeline$3$1.accept(ReferencePipeline.java:195)
	at java.base@11.0.19/java.util.stream.ReferencePipeline$3$1.accept(ReferencePipeline.java:195)
	at java.base@11.0.19/java.util.ArrayList$ArrayListSpliterator.forEachRemaining(ArrayList.java:1655)
	at java.base@11.0.19/java.util.stream.AbstractPipeline.copyInto(AbstractPipeline.java:484)
	at java.base@11.0.19/java.util.stream.AbstractPipeline.wrapAndCopyInto(AbstractPipeline.java:474)
	at java.base@11.0.19/java.util.stream.ForEachOps$ForEachOp.evaluateSequential(ForEachOps.java:150)
	at java.base@11.0.19/java.util.stream.ForEachOps$ForEachOp$OfRef.evaluateSequential(ForEachOps.java:173)
	at java.base@11.0.19/java.util.stream.AbstractPipeline.evaluate(AbstractPipeline.java:234)
	at java.base@11.0.19/java.util.stream.ReferencePipeline.forEach(ReferencePipeline.java:497)
	at java.base@11.0.19/java.util.stream.ReferencePipeline$7$1.accept(ReferencePipeline.java:274)
	at java.base@11.0.19/java.util.ArrayList$ArrayListSpliterator.forEachRemaining(ArrayList.java:1655)
	at java.base@11.0.19/java.util.stream.AbstractPipeline.copyInto(AbstractPipeline.java:484)
	at java.base@11.0.19/java.util.stream.AbstractPipeline.wrapAndCopyInto(AbstractPipeline.java:474)
	at java.base@11.0.19/java.util.stream.ForEachOps$ForEachOp.evaluateSequential(ForEachOps.java:150)
	at java.base@11.0.19/java.util.stream.ForEachOps$ForEachOp$OfRef.evaluateSequential(ForEachOps.java:173)
	at java.base@11.0.19/java.util.stream.AbstractPipeline.evaluate(AbstractPipeline.java:234)
	at java.base@11.0.19/java.util.stream.ReferencePipeline.forEach(ReferencePipeline.java:497)
	at app//org.junit.jupiter.engine.descriptor.TestTemplateTestDescriptor.execute(TestTemplateTestDescriptor.java:110)
	at app//org.junit.jupiter.engine.descriptor.TestTemplateTestDescriptor.execute(TestTemplateTestDescriptor.java:44)
	at app//org.junit.platform.engine.support.hierarchical.NodeTestTask.lambda$executeRecursively$6(NodeTestTask.java:151)
	at app//org.junit.platform.engine.support.hierarchical.ThrowableCollector.execute(ThrowableCollector.java:73)
	at app//org.junit.platform.engine.support.hierarchical.NodeTestTask.lambda$executeRecursively$8(NodeTestTask.java:141)
	at app//org.junit.platform.engine.support.hierarchical.Node.around(Node.java:137)
	at app//org.junit.platform.engine.support.hierarchical.NodeTestTask.lambda$executeRecursively$9(NodeTestTask.java:139)
	at app//org.junit.platform.engine.support.hierarchical.ThrowableCollector.execute(ThrowableCollector.java:73)
	at app//org.junit.platform.engine.support.hierarchical.NodeTestTask.executeRecursively(NodeTestTask.java:138)
	at app//org.junit.platform.engine.support.hierarchical.NodeTestTask.execute(NodeTestTask.java:95)
	at java.base@11.0.19/java.util.ArrayList.forEach(ArrayList.java:1541)
	at app//org.junit.platform.engine.support.hierarchical.SameThreadHierarchicalTestExecutorService.invokeAll(SameThreadHierarchicalTestExecutorService.java:41)
	at app//org.junit.platform.engine.support.hierarchical.NodeTestTask.lambda$executeRecursively$6(NodeTestTask.java:155)
	at app//org.junit.platform.engine.support.hierarchical.ThrowableCollector.execute(ThrowableCollector.java:73)
	at app//org.junit.platform.engine.support.hierarchical.NodeTestTask.lambda$executeRecursively$8(NodeTestTask.java:141)
	at app//org.junit.platform.engine.support.hierarchical.Node.around(Node.java:137)
	at app//org.junit.platform.engine.support.hierarchical.NodeTestTask.lambda$executeRecursively$9(NodeTestTask.java:139)
	at app//org.junit.platform.engine.support.hierarchical.ThrowableCollector.execute(ThrowableCollector.java:73)
	at app//org.junit.platform.engine.support.hierarchical.NodeTestTask.executeRecursively(NodeTestTask.java:138)
	at app//org.junit.platform.engine.support.hierarchical.NodeTestTask.execute(NodeTestTask.java:95)
	at java.base@11.0.19/java.util.ArrayList.forEach(ArrayList.java:1541)
	at app//org.junit.platform.engine.support.hierarchical.SameThreadHierarchicalTestExecutorService.invokeAll(SameThreadHierarchicalTestExecutorService.java:41)
	at app//org.junit.platform.engine.support.hierarchical.NodeTestTask.lambda$executeRecursively$6(NodeTestTask.java:155)
	at app//org.junit.platform.engine.support.hierarchical.ThrowableCollector.execute(ThrowableCollector.java:73)
	at app//org.junit.platform.engine.support.hierarchical.NodeTestTask.lambda$executeRecursively$8(NodeTestTask.java:141)
	at app//org.junit.platform.engine.support.hierarchical.Node.around(Node.java:137)
	at app//org.junit.platform.engine.support.hierarchical.NodeTestTask.lambda$executeRecursively$9(NodeTestTask.java:139)
	at app//org.junit.platform.engine.support.hierarchical.ThrowableCollector.execute(ThrowableCollector.java:73)
	at app//org.junit.platform.engine.support.hierarchical.NodeTestTask.executeRecursively(NodeTestTask.java:138)
	at app//org.junit.platform.engine.support.hierarchical.NodeTestTask.execute(NodeTestTask.java:95)
	at app//org.junit.platform.engine.support.hierarchical.SameThreadHierarchicalTestExecutorService.submit(SameThreadHierarchicalTestExecutorService.java:35)
	at app//org.junit.platform.engine.support.hierarchical.HierarchicalTestExecutor.execute(HierarchicalTestExecutor.java:57)
	at app//org.junit.platform.engine.support.hierarchical.HierarchicalTestEngine.execute(HierarchicalTestEngine.java:54)
	at app//org.junit.platform.launcher.core.EngineExecutionOrchestrator.execute(EngineExecutionOrchestrator.java:107)
	at app//org.junit.platform.launcher.core.EngineExecutionOrchestrator.execute(EngineExecutionOrchestrator.java:88)
	at app//org.junit.platform.launcher.core.EngineExecutionOrchestrator.lambda$execute$0(EngineExecutionOrchestrator.java:54)
	at app//org.junit.platform.launcher.core.EngineExecutionOrchestrator.withInterceptedStreams(EngineExecutionOrchestrator.java:67)
	at app//org.junit.platform.launcher.core.EngineExecutionOrchestrator.execute(EngineExecutionOrchestrator.java:52)
	at app//org.junit.platform.launcher.core.DefaultLauncher.execute(DefaultLauncher.java:114)
	at app//org.junit.platform.launcher.core.DefaultLauncher.execute(DefaultLauncher.java:86)
	at app//org.junit.platform.launcher.core.DefaultLauncherSession$DelegatingLauncher.execute(DefaultLauncherSession.java:86)
	at org.gradle.api.internal.tasks.testing.junitplatform.JUnitPlatformTestClassProcessor$CollectAllTestClassesExecutor.processAllTestClasses(JUnitPlatformTestClassProcessor.java:110)
	at org.gradle.api.internal.tasks.testing.junitplatform.JUnitPlatformTestClassProcessor$CollectAllTestClassesExecutor.access$000(JUnitPlatformTestClassProcessor.java:90)
	at org.gradle.api.internal.tasks.testing.junitplatform.JUnitPlatformTestClassProcessor.stop(JUnitPlatformTestClassProcessor.java:85)
	at org.gradle.api.internal.tasks.testing.SuiteTestClassProcessor.stop(SuiteTestClassProcessor.java:62)
	at java.base@11.0.19/jdk.internal.reflect.NativeMethodAccessorImpl.invoke0(Native Method)
	at java.base@11.0.19/jdk.internal.reflect.NativeMethodAccessorImpl.invoke(NativeMethodAccessorImpl.java:62)
	at java.base@11.0.19/jdk.internal.reflect.DelegatingMethodAccessorImpl.invoke(DelegatingMethodAccessorImpl.java:43)
	at java.base@11.0.19/java.lang.reflect.Method.invoke(Method.java:566)
	at org.gradle.internal.dispatch.ReflectionDispatch.dispatch(ReflectionDispatch.java:36)
	at org.gradle.internal.dispatch.ReflectionDispatch.dispatch(ReflectionDispatch.java:24)
	at org.gradle.internal.dispatch.ContextClassLoaderDispatch.dispatch(ContextClassLoaderDispatch.java:33)
	at org.gradle.internal.dispatch.ProxyDispatchAdapter$DispatchingInvocationHandler.invoke(ProxyDispatchAdapter.java:94)
	at com.sun.proxy.$Proxy5.stop(Unknown Source)
	at org.gradle.api.internal.tasks.testing.worker.TestWorker$3.run(TestWorker.java:193)
	at org.gradle.api.internal.tasks.testing.worker.TestWorker.executeAndMaintainThreadName(TestWorker.java:129)
	at org.gradle.api.internal.tasks.testing.worker.TestWorker.execute(TestWorker.java:100)
	at org.gradle.api.internal.tasks.testing.worker.TestWorker.execute(TestWorker.java:60)
	at org.gradle.process.internal.worker.child.ActionExecutionWorker.execute(ActionExecutionWorker.java:56)
	at org.gradle.process.internal.worker.child.SystemApplicationClassLoaderWorker.call(SystemApplicationClassLoaderWorker.java:113)
	at org.gradle.process.internal.worker.child.SystemApplicationClassLoaderWorker.call(SystemApplicationClassLoaderWorker.java:65)
	at app//worker.org.gradle.process.internal.worker.GradleWorkerMain.run(GradleWorkerMain.java:69)
	at app//worker.org.gradle.process.internal.worker.GradleWorkerMain.main(GradleWorkerMain.java:74)
Caused by: java.lang.NullPointerException
	at de.uka.ilkd.key.nparser.builder.DefaultBuilder.visitKeyjavatype(DefaultBuilder.java:360)
	at de.uka.ilkd.key.nparser.builder.DefaultBuilder.visitKeyjavatype(DefaultBuilder.java:35)
	at de.uka.ilkd.key.nparser.KeYParser$KeyjavatypeContext.accept(KeYParser.java:1859)
	at de.uka.ilkd.key.nparser.builder.AbstractBuilder.accept(AbstractBuilder.java:48)
	... 171 more
</failure>
  </testcase>
  <testcase name="[4] \&lt;{ int x = 1; {int s = 2;} }\&gt; x=x" classname="de.uka.ilkd.key.nparser.ExprTest" time="0.044">
    <failure message="null at file:/D:/a/key/key/key.core/build/resources/main/de/uka/ilkd/key/proof/rules/heap.key:46:5 (file:/D:/a/key/key/key.core/build/resources/main/de/uka/ilkd/key/proof/rules/heap.key:46:5)" type="de.uka.ilkd.key.util.parsing.BuildingException">null at file:/D:/a/key/key/key.core/build/resources/main/de/uka/ilkd/key/proof/rules/heap.key:46:5 (file:/D:/a/key/key/key.core/build/resources/main/de/uka/ilkd/key/proof/rules/heap.key:46:5)
	at app//de.uka.ilkd.key.nparser.builder.AbstractBuilder.accept(AbstractBuilder.java:54)
	at app//de.uka.ilkd.key.nparser.builder.DefaultBuilder.accept(DefaultBuilder.java:35)
	at app//de.uka.ilkd.key.nparser.builder.DeclarationBuilder.visitProg_var_decls(DeclarationBuilder.java:57)
	at app//de.uka.ilkd.key.nparser.KeYParser$Prog_var_declsContext.accept(KeYParser.java:1937)
	at app//de.uka.ilkd.key.nparser.builder.AbstractBuilder.accept(AbstractBuilder.java:48)
	at app//de.uka.ilkd.key.nparser.builder.DefaultBuilder.accept(DefaultBuilder.java:35)
	at app//de.uka.ilkd.key.nparser.builder.AbstractBuilder.lambda$mapMapOf$1(AbstractBuilder.java:141)
	at java.base@11.0.19/java.util.stream.ReferencePipeline$3$1.accept(ReferencePipeline.java:195)
	at java.base@11.0.19/java.util.ArrayList$ArrayListSpliterator.forEachRemaining(ArrayList.java:1655)
	at java.base@11.0.19/java.util.stream.AbstractPipeline.copyInto(AbstractPipeline.java:484)
	at java.base@11.0.19/java.util.stream.AbstractPipeline.wrapAndCopyInto(AbstractPipeline.java:474)
	at java.base@11.0.19/java.util.stream.ForEachOps$ForEachOp.evaluateSequential(ForEachOps.java:150)
	at java.base@11.0.19/java.util.stream.ForEachOps$ForEachOp$OfRef.evaluateSequential(ForEachOps.java:173)
	at java.base@11.0.19/java.util.stream.AbstractPipeline.evaluate(AbstractPipeline.java:234)
	at java.base@11.0.19/java.util.stream.ReferencePipeline.forEach(ReferencePipeline.java:497)
	at java.base@11.0.19/java.util.stream.ReferencePipeline$7$1.accept(ReferencePipeline.java:274)
	at java.base@11.0.19/java.util.Spliterators$ArraySpliterator.forEachRemaining(Spliterators.java:948)
	at java.base@11.0.19/java.util.stream.AbstractPipeline.copyInto(AbstractPipeline.java:484)
	at java.base@11.0.19/java.util.stream.AbstractPipeline.wrapAndCopyInto(AbstractPipeline.java:474)
	at java.base@11.0.19/java.util.stream.ReduceOps$ReduceOp.evaluateSequential(ReduceOps.java:913)
	at java.base@11.0.19/java.util.stream.AbstractPipeline.evaluate(AbstractPipeline.java:234)
	at java.base@11.0.19/java.util.stream.ReferencePipeline.collect(ReferencePipeline.java:578)
	at app//de.uka.ilkd.key.nparser.builder.AbstractBuilder.mapMapOf(AbstractBuilder.java:142)
	at app//de.uka.ilkd.key.nparser.builder.DeclarationBuilder.visitDecls(DeclarationBuilder.java:48)
	at app//de.uka.ilkd.key.nparser.KeYParser$DeclsContext.accept(KeYParser.java:515)
	at app//org.antlr.v4.runtime.tree.AbstractParseTreeVisitor.visitChildren(AbstractParseTreeVisitor.java:46)
	at app//de.uka.ilkd.key.nparser.KeYParserBaseVisitor.visitFile(KeYParserBaseVisitor.java:24)
	at app//de.uka.ilkd.key.nparser.KeYParser$FileContext.accept(KeYParser.java:313)
	at app//de.uka.ilkd.key.nparser.KeyAst.accept(KeyAst.java:43)
	at app//de.uka.ilkd.key.nparser.KeyIO$Loader.loadDeclarations(KeyIO.java:298)
	at app//de.uka.ilkd.key.nparser.ExprTest.getIo(ExprTest.java:46)
	at app//de.uka.ilkd.key.nparser.ExprTest.parseAndVisit(ExprTest.java:30)
	at java.base@11.0.19/jdk.internal.reflect.NativeMethodAccessorImpl.invoke0(Native Method)
	at java.base@11.0.19/jdk.internal.reflect.NativeMethodAccessorImpl.invoke(NativeMethodAccessorImpl.java:62)
	at java.base@11.0.19/jdk.internal.reflect.DelegatingMethodAccessorImpl.invoke(DelegatingMethodAccessorImpl.java:43)
	at java.base@11.0.19/java.lang.reflect.Method.invoke(Method.java:566)
	at app//org.junit.platform.commons.util.ReflectionUtils.invokeMethod(ReflectionUtils.java:727)
	at app//org.junit.jupiter.engine.execution.MethodInvocation.proceed(MethodInvocation.java:60)
	at app//org.junit.jupiter.engine.execution.InvocationInterceptorChain$ValidatingInvocation.proceed(InvocationInterceptorChain.java:131)
	at app//org.junit.jupiter.engine.extension.TimeoutExtension.intercept(TimeoutExtension.java:156)
	at app//org.junit.jupiter.engine.extension.TimeoutExtension.interceptTestableMethod(TimeoutExtension.java:147)
	at app//org.junit.jupiter.engine.extension.TimeoutExtension.interceptTestTemplateMethod(TimeoutExtension.java:94)
	at app//org.junit.jupiter.engine.execution.InterceptingExecutableInvoker$ReflectiveInterceptorCall.lambda$ofVoidMethod$0(InterceptingExecutableInvoker.java:103)
	at app//org.junit.jupiter.engine.execution.InterceptingExecutableInvoker.lambda$invoke$0(InterceptingExecutableInvoker.java:93)
	at app//org.junit.jupiter.engine.execution.InvocationInterceptorChain$InterceptedInvocation.proceed(InvocationInterceptorChain.java:106)
	at app//org.junit.jupiter.engine.execution.InvocationInterceptorChain.proceed(InvocationInterceptorChain.java:64)
	at app//org.junit.jupiter.engine.execution.InvocationInterceptorChain.chainAndInvoke(InvocationInterceptorChain.java:45)
	at app//org.junit.jupiter.engine.execution.InvocationInterceptorChain.invoke(InvocationInterceptorChain.java:37)
	at app//org.junit.jupiter.engine.execution.InterceptingExecutableInvoker.invoke(InterceptingExecutableInvoker.java:92)
	at app//org.junit.jupiter.engine.execution.InterceptingExecutableInvoker.invoke(InterceptingExecutableInvoker.java:86)
	at app//org.junit.jupiter.engine.descriptor.TestMethodTestDescriptor.lambda$invokeTestMethod$7(TestMethodTestDescriptor.java:217)
	at app//org.junit.platform.engine.support.hierarchical.ThrowableCollector.execute(ThrowableCollector.java:73)
	at app//org.junit.jupiter.engine.descriptor.TestMethodTestDescriptor.invokeTestMethod(TestMethodTestDescriptor.java:213)
	at app//org.junit.jupiter.engine.descriptor.TestMethodTestDescriptor.execute(TestMethodTestDescriptor.java:138)
	at app//org.junit.jupiter.engine.descriptor.TestMethodTestDescriptor.execute(TestMethodTestDescriptor.java:68)
	at app//org.junit.platform.engine.support.hierarchical.NodeTestTask.lambda$executeRecursively$6(NodeTestTask.java:151)
	at app//org.junit.platform.engine.support.hierarchical.ThrowableCollector.execute(ThrowableCollector.java:73)
	at app//org.junit.platform.engine.support.hierarchical.NodeTestTask.lambda$executeRecursively$8(NodeTestTask.java:141)
	at app//org.junit.platform.engine.support.hierarchical.Node.around(Node.java:137)
	at app//org.junit.platform.engine.support.hierarchical.NodeTestTask.lambda$executeRecursively$9(NodeTestTask.java:139)
	at app//org.junit.platform.engine.support.hierarchical.ThrowableCollector.execute(ThrowableCollector.java:73)
	at app//org.junit.platform.engine.support.hierarchical.NodeTestTask.executeRecursively(NodeTestTask.java:138)
	at app//org.junit.platform.engine.support.hierarchical.NodeTestTask.execute(NodeTestTask.java:95)
	at app//org.junit.platform.engine.support.hierarchical.SameThreadHierarchicalTestExecutorService.submit(SameThreadHierarchicalTestExecutorService.java:35)
	at app//org.junit.platform.engine.support.hierarchical.NodeTestTask$DefaultDynamicTestExecutor.execute(NodeTestTask.java:226)
	at app//org.junit.platform.engine.support.hierarchical.NodeTestTask$DefaultDynamicTestExecutor.execute(NodeTestTask.java:204)
	at app//org.junit.jupiter.engine.descriptor.TestTemplateTestDescriptor.execute(TestTemplateTestDescriptor.java:142)
	at app//org.junit.jupiter.engine.descriptor.TestTemplateTestDescriptor.lambda$execute$2(TestTemplateTestDescriptor.java:110)
	at java.base@11.0.19/java.util.stream.ForEachOps$ForEachOp$OfRef.accept(ForEachOps.java:183)
	at java.base@11.0.19/java.util.stream.ReferencePipeline$3$1.accept(ReferencePipeline.java:195)
	at java.base@11.0.19/java.util.stream.ReferencePipeline$2$1.accept(ReferencePipeline.java:177)
	at java.base@11.0.19/java.util.stream.ReferencePipeline$3$1.accept(ReferencePipeline.java:195)
	at java.base@11.0.19/java.util.stream.ForEachOps$ForEachOp$OfRef.accept(ForEachOps.java:183)
	at java.base@11.0.19/java.util.stream.ReferencePipeline$3$1.accept(ReferencePipeline.java:195)
	at java.base@11.0.19/java.util.stream.ReferencePipeline$3$1.accept(ReferencePipeline.java:195)
	at java.base@11.0.19/java.util.stream.ReferencePipeline$3$1.accept(ReferencePipeline.java:195)
	at java.base@11.0.19/java.util.stream.ForEachOps$ForEachOp$OfRef.accept(ForEachOps.java:183)
	at java.base@11.0.19/java.util.Iterator.forEachRemaining(Iterator.java:133)
	at java.base@11.0.19/java.util.Spliterators$IteratorSpliterator.forEachRemaining(Spliterators.java:1801)
	at java.base@11.0.19/java.util.stream.ReferencePipeline$Head.forEach(ReferencePipeline.java:658)
	at java.base@11.0.19/java.util.stream.ReferencePipeline$7$1.accept(ReferencePipeline.java:274)
	at java.base@11.0.19/java.util.stream.ReferencePipeline$3$1.accept(ReferencePipeline.java:195)
	at java.base@11.0.19/java.util.stream.ReferencePipeline$3$1.accept(ReferencePipeline.java:195)
	at java.base@11.0.19/java.util.ArrayList$ArrayListSpliterator.forEachRemaining(ArrayList.java:1655)
	at java.base@11.0.19/java.util.stream.AbstractPipeline.copyInto(AbstractPipeline.java:484)
	at java.base@11.0.19/java.util.stream.AbstractPipeline.wrapAndCopyInto(AbstractPipeline.java:474)
	at java.base@11.0.19/java.util.stream.ForEachOps$ForEachOp.evaluateSequential(ForEachOps.java:150)
	at java.base@11.0.19/java.util.stream.ForEachOps$ForEachOp$OfRef.evaluateSequential(ForEachOps.java:173)
	at java.base@11.0.19/java.util.stream.AbstractPipeline.evaluate(AbstractPipeline.java:234)
	at java.base@11.0.19/java.util.stream.ReferencePipeline.forEach(ReferencePipeline.java:497)
	at java.base@11.0.19/java.util.stream.ReferencePipeline$7$1.accept(ReferencePipeline.java:274)
	at java.base@11.0.19/java.util.stream.ReferencePipeline$3$1.accept(ReferencePipeline.java:195)
	at java.base@11.0.19/java.util.stream.ReferencePipeline$3$1.accept(ReferencePipeline.java:195)
	at java.base@11.0.19/java.util.stream.ReferencePipeline$3$1.accept(ReferencePipeline.java:195)
	at java.base@11.0.19/java.util.ArrayList$ArrayListSpliterator.forEachRemaining(ArrayList.java:1655)
	at java.base@11.0.19/java.util.stream.AbstractPipeline.copyInto(AbstractPipeline.java:484)
	at java.base@11.0.19/java.util.stream.AbstractPipeline.wrapAndCopyInto(AbstractPipeline.java:474)
	at java.base@11.0.19/java.util.stream.ForEachOps$ForEachOp.evaluateSequential(ForEachOps.java:150)
	at java.base@11.0.19/java.util.stream.ForEachOps$ForEachOp$OfRef.evaluateSequential(ForEachOps.java:173)
	at java.base@11.0.19/java.util.stream.AbstractPipeline.evaluate(AbstractPipeline.java:234)
	at java.base@11.0.19/java.util.stream.ReferencePipeline.forEach(ReferencePipeline.java:497)
	at java.base@11.0.19/java.util.stream.ReferencePipeline$7$1.accept(ReferencePipeline.java:274)
	at java.base@11.0.19/java.util.ArrayList$ArrayListSpliterator.forEachRemaining(ArrayList.java:1655)
	at java.base@11.0.19/java.util.stream.AbstractPipeline.copyInto(AbstractPipeline.java:484)
	at java.base@11.0.19/java.util.stream.AbstractPipeline.wrapAndCopyInto(AbstractPipeline.java:474)
	at java.base@11.0.19/java.util.stream.ForEachOps$ForEachOp.evaluateSequential(ForEachOps.java:150)
	at java.base@11.0.19/java.util.stream.ForEachOps$ForEachOp$OfRef.evaluateSequential(ForEachOps.java:173)
	at java.base@11.0.19/java.util.stream.AbstractPipeline.evaluate(AbstractPipeline.java:234)
	at java.base@11.0.19/java.util.stream.ReferencePipeline.forEach(ReferencePipeline.java:497)
	at app//org.junit.jupiter.engine.descriptor.TestTemplateTestDescriptor.execute(TestTemplateTestDescriptor.java:110)
	at app//org.junit.jupiter.engine.descriptor.TestTemplateTestDescriptor.execute(TestTemplateTestDescriptor.java:44)
	at app//org.junit.platform.engine.support.hierarchical.NodeTestTask.lambda$executeRecursively$6(NodeTestTask.java:151)
	at app//org.junit.platform.engine.support.hierarchical.ThrowableCollector.execute(ThrowableCollector.java:73)
	at app//org.junit.platform.engine.support.hierarchical.NodeTestTask.lambda$executeRecursively$8(NodeTestTask.java:141)
	at app//org.junit.platform.engine.support.hierarchical.Node.around(Node.java:137)
	at app//org.junit.platform.engine.support.hierarchical.NodeTestTask.lambda$executeRecursively$9(NodeTestTask.java:139)
	at app//org.junit.platform.engine.support.hierarchical.ThrowableCollector.execute(ThrowableCollector.java:73)
	at app//org.junit.platform.engine.support.hierarchical.NodeTestTask.executeRecursively(NodeTestTask.java:138)
	at app//org.junit.platform.engine.support.hierarchical.NodeTestTask.execute(NodeTestTask.java:95)
	at java.base@11.0.19/java.util.ArrayList.forEach(ArrayList.java:1541)
	at app//org.junit.platform.engine.support.hierarchical.SameThreadHierarchicalTestExecutorService.invokeAll(SameThreadHierarchicalTestExecutorService.java:41)
	at app//org.junit.platform.engine.support.hierarchical.NodeTestTask.lambda$executeRecursively$6(NodeTestTask.java:155)
	at app//org.junit.platform.engine.support.hierarchical.ThrowableCollector.execute(ThrowableCollector.java:73)
	at app//org.junit.platform.engine.support.hierarchical.NodeTestTask.lambda$executeRecursively$8(NodeTestTask.java:141)
	at app//org.junit.platform.engine.support.hierarchical.Node.around(Node.java:137)
	at app//org.junit.platform.engine.support.hierarchical.NodeTestTask.lambda$executeRecursively$9(NodeTestTask.java:139)
	at app//org.junit.platform.engine.support.hierarchical.ThrowableCollector.execute(ThrowableCollector.java:73)
	at app//org.junit.platform.engine.support.hierarchical.NodeTestTask.executeRecursively(NodeTestTask.java:138)
	at app//org.junit.platform.engine.support.hierarchical.NodeTestTask.execute(NodeTestTask.java:95)
	at java.base@11.0.19/java.util.ArrayList.forEach(ArrayList.java:1541)
	at app//org.junit.platform.engine.support.hierarchical.SameThreadHierarchicalTestExecutorService.invokeAll(SameThreadHierarchicalTestExecutorService.java:41)
	at app//org.junit.platform.engine.support.hierarchical.NodeTestTask.lambda$executeRecursively$6(NodeTestTask.java:155)
	at app//org.junit.platform.engine.support.hierarchical.ThrowableCollector.execute(ThrowableCollector.java:73)
	at app//org.junit.platform.engine.support.hierarchical.NodeTestTask.lambda$executeRecursively$8(NodeTestTask.java:141)
	at app//org.junit.platform.engine.support.hierarchical.Node.around(Node.java:137)
	at app//org.junit.platform.engine.support.hierarchical.NodeTestTask.lambda$executeRecursively$9(NodeTestTask.java:139)
	at app//org.junit.platform.engine.support.hierarchical.ThrowableCollector.execute(ThrowableCollector.java:73)
	at app//org.junit.platform.engine.support.hierarchical.NodeTestTask.executeRecursively(NodeTestTask.java:138)
	at app//org.junit.platform.engine.support.hierarchical.NodeTestTask.execute(NodeTestTask.java:95)
	at app//org.junit.platform.engine.support.hierarchical.SameThreadHierarchicalTestExecutorService.submit(SameThreadHierarchicalTestExecutorService.java:35)
	at app//org.junit.platform.engine.support.hierarchical.HierarchicalTestExecutor.execute(HierarchicalTestExecutor.java:57)
	at app//org.junit.platform.engine.support.hierarchical.HierarchicalTestEngine.execute(HierarchicalTestEngine.java:54)
	at app//org.junit.platform.launcher.core.EngineExecutionOrchestrator.execute(EngineExecutionOrchestrator.java:107)
	at app//org.junit.platform.launcher.core.EngineExecutionOrchestrator.execute(EngineExecutionOrchestrator.java:88)
	at app//org.junit.platform.launcher.core.EngineExecutionOrchestrator.lambda$execute$0(EngineExecutionOrchestrator.java:54)
	at app//org.junit.platform.launcher.core.EngineExecutionOrchestrator.withInterceptedStreams(EngineExecutionOrchestrator.java:67)
	at app//org.junit.platform.launcher.core.EngineExecutionOrchestrator.execute(EngineExecutionOrchestrator.java:52)
	at app//org.junit.platform.launcher.core.DefaultLauncher.execute(DefaultLauncher.java:114)
	at app//org.junit.platform.launcher.core.DefaultLauncher.execute(DefaultLauncher.java:86)
	at app//org.junit.platform.launcher.core.DefaultLauncherSession$DelegatingLauncher.execute(DefaultLauncherSession.java:86)
	at org.gradle.api.internal.tasks.testing.junitplatform.JUnitPlatformTestClassProcessor$CollectAllTestClassesExecutor.processAllTestClasses(JUnitPlatformTestClassProcessor.java:110)
	at org.gradle.api.internal.tasks.testing.junitplatform.JUnitPlatformTestClassProcessor$CollectAllTestClassesExecutor.access$000(JUnitPlatformTestClassProcessor.java:90)
	at org.gradle.api.internal.tasks.testing.junitplatform.JUnitPlatformTestClassProcessor.stop(JUnitPlatformTestClassProcessor.java:85)
	at org.gradle.api.internal.tasks.testing.SuiteTestClassProcessor.stop(SuiteTestClassProcessor.java:62)
	at java.base@11.0.19/jdk.internal.reflect.NativeMethodAccessorImpl.invoke0(Native Method)
	at java.base@11.0.19/jdk.internal.reflect.NativeMethodAccessorImpl.invoke(NativeMethodAccessorImpl.java:62)
	at java.base@11.0.19/jdk.internal.reflect.DelegatingMethodAccessorImpl.invoke(DelegatingMethodAccessorImpl.java:43)
	at java.base@11.0.19/java.lang.reflect.Method.invoke(Method.java:566)
	at org.gradle.internal.dispatch.ReflectionDispatch.dispatch(ReflectionDispatch.java:36)
	at org.gradle.internal.dispatch.ReflectionDispatch.dispatch(ReflectionDispatch.java:24)
	at org.gradle.internal.dispatch.ContextClassLoaderDispatch.dispatch(ContextClassLoaderDispatch.java:33)
	at org.gradle.internal.dispatch.ProxyDispatchAdapter$DispatchingInvocationHandler.invoke(ProxyDispatchAdapter.java:94)
	at com.sun.proxy.$Proxy5.stop(Unknown Source)
	at org.gradle.api.internal.tasks.testing.worker.TestWorker$3.run(TestWorker.java:193)
	at org.gradle.api.internal.tasks.testing.worker.TestWorker.executeAndMaintainThreadName(TestWorker.java:129)
	at org.gradle.api.internal.tasks.testing.worker.TestWorker.execute(TestWorker.java:100)
	at org.gradle.api.internal.tasks.testing.worker.TestWorker.execute(TestWorker.java:60)
	at org.gradle.process.internal.worker.child.ActionExecutionWorker.execute(ActionExecutionWorker.java:56)
	at org.gradle.process.internal.worker.child.SystemApplicationClassLoaderWorker.call(SystemApplicationClassLoaderWorker.java:113)
	at org.gradle.process.internal.worker.child.SystemApplicationClassLoaderWorker.call(SystemApplicationClassLoaderWorker.java:65)
	at app//worker.org.gradle.process.internal.worker.GradleWorkerMain.run(GradleWorkerMain.java:69)
	at app//worker.org.gradle.process.internal.worker.GradleWorkerMain.main(GradleWorkerMain.java:74)
Caused by: java.lang.NullPointerException
	at de.uka.ilkd.key.nparser.builder.DefaultBuilder.visitKeyjavatype(DefaultBuilder.java:360)
	at de.uka.ilkd.key.nparser.builder.DefaultBuilder.visitKeyjavatype(DefaultBuilder.java:35)
	at de.uka.ilkd.key.nparser.KeYParser$KeyjavatypeContext.accept(KeYParser.java:1859)
	at de.uka.ilkd.key.nparser.builder.AbstractBuilder.accept(AbstractBuilder.java:48)
	... 171 more
</failure>
  </testcase>
  <testcase name="[5] true" classname="de.uka.ilkd.key.nparser.ExprTest" time="0.074">
    <failure message="null at file:/D:/a/key/key/key.core/build/resources/main/de/uka/ilkd/key/proof/rules/heap.key:46:5 (file:/D:/a/key/key/key.core/build/resources/main/de/uka/ilkd/key/proof/rules/heap.key:46:5)" type="de.uka.ilkd.key.util.parsing.BuildingException">null at file:/D:/a/key/key/key.core/build/resources/main/de/uka/ilkd/key/proof/rules/heap.key:46:5 (file:/D:/a/key/key/key.core/build/resources/main/de/uka/ilkd/key/proof/rules/heap.key:46:5)
	at app//de.uka.ilkd.key.nparser.builder.AbstractBuilder.accept(AbstractBuilder.java:54)
	at app//de.uka.ilkd.key.nparser.builder.DefaultBuilder.accept(DefaultBuilder.java:35)
	at app//de.uka.ilkd.key.nparser.builder.DeclarationBuilder.visitProg_var_decls(DeclarationBuilder.java:57)
	at app//de.uka.ilkd.key.nparser.KeYParser$Prog_var_declsContext.accept(KeYParser.java:1937)
	at app//de.uka.ilkd.key.nparser.builder.AbstractBuilder.accept(AbstractBuilder.java:48)
	at app//de.uka.ilkd.key.nparser.builder.DefaultBuilder.accept(DefaultBuilder.java:35)
	at app//de.uka.ilkd.key.nparser.builder.AbstractBuilder.lambda$mapMapOf$1(AbstractBuilder.java:141)
	at java.base@11.0.19/java.util.stream.ReferencePipeline$3$1.accept(ReferencePipeline.java:195)
	at java.base@11.0.19/java.util.ArrayList$ArrayListSpliterator.forEachRemaining(ArrayList.java:1655)
	at java.base@11.0.19/java.util.stream.AbstractPipeline.copyInto(AbstractPipeline.java:484)
	at java.base@11.0.19/java.util.stream.AbstractPipeline.wrapAndCopyInto(AbstractPipeline.java:474)
	at java.base@11.0.19/java.util.stream.ForEachOps$ForEachOp.evaluateSequential(ForEachOps.java:150)
	at java.base@11.0.19/java.util.stream.ForEachOps$ForEachOp$OfRef.evaluateSequential(ForEachOps.java:173)
	at java.base@11.0.19/java.util.stream.AbstractPipeline.evaluate(AbstractPipeline.java:234)
	at java.base@11.0.19/java.util.stream.ReferencePipeline.forEach(ReferencePipeline.java:497)
	at java.base@11.0.19/java.util.stream.ReferencePipeline$7$1.accept(ReferencePipeline.java:274)
	at java.base@11.0.19/java.util.Spliterators$ArraySpliterator.forEachRemaining(Spliterators.java:948)
	at java.base@11.0.19/java.util.stream.AbstractPipeline.copyInto(AbstractPipeline.java:484)
	at java.base@11.0.19/java.util.stream.AbstractPipeline.wrapAndCopyInto(AbstractPipeline.java:474)
	at java.base@11.0.19/java.util.stream.ReduceOps$ReduceOp.evaluateSequential(ReduceOps.java:913)
	at java.base@11.0.19/java.util.stream.AbstractPipeline.evaluate(AbstractPipeline.java:234)
	at java.base@11.0.19/java.util.stream.ReferencePipeline.collect(ReferencePipeline.java:578)
	at app//de.uka.ilkd.key.nparser.builder.AbstractBuilder.mapMapOf(AbstractBuilder.java:142)
	at app//de.uka.ilkd.key.nparser.builder.DeclarationBuilder.visitDecls(DeclarationBuilder.java:48)
	at app//de.uka.ilkd.key.nparser.KeYParser$DeclsContext.accept(KeYParser.java:515)
	at app//org.antlr.v4.runtime.tree.AbstractParseTreeVisitor.visitChildren(AbstractParseTreeVisitor.java:46)
	at app//de.uka.ilkd.key.nparser.KeYParserBaseVisitor.visitFile(KeYParserBaseVisitor.java:24)
	at app//de.uka.ilkd.key.nparser.KeYParser$FileContext.accept(KeYParser.java:313)
	at app//de.uka.ilkd.key.nparser.KeyAst.accept(KeyAst.java:43)
	at app//de.uka.ilkd.key.nparser.KeyIO$Loader.loadDeclarations(KeyIO.java:298)
	at app//de.uka.ilkd.key.nparser.ExprTest.getIo(ExprTest.java:46)
	at app//de.uka.ilkd.key.nparser.ExprTest.parseAndVisit(ExprTest.java:30)
	at java.base@11.0.19/jdk.internal.reflect.NativeMethodAccessorImpl.invoke0(Native Method)
	at java.base@11.0.19/jdk.internal.reflect.NativeMethodAccessorImpl.invoke(NativeMethodAccessorImpl.java:62)
	at java.base@11.0.19/jdk.internal.reflect.DelegatingMethodAccessorImpl.invoke(DelegatingMethodAccessorImpl.java:43)
	at java.base@11.0.19/java.lang.reflect.Method.invoke(Method.java:566)
	at app//org.junit.platform.commons.util.ReflectionUtils.invokeMethod(ReflectionUtils.java:727)
	at app//org.junit.jupiter.engine.execution.MethodInvocation.proceed(MethodInvocation.java:60)
	at app//org.junit.jupiter.engine.execution.InvocationInterceptorChain$ValidatingInvocation.proceed(InvocationInterceptorChain.java:131)
	at app//org.junit.jupiter.engine.extension.TimeoutExtension.intercept(TimeoutExtension.java:156)
	at app//org.junit.jupiter.engine.extension.TimeoutExtension.interceptTestableMethod(TimeoutExtension.java:147)
	at app//org.junit.jupiter.engine.extension.TimeoutExtension.interceptTestTemplateMethod(TimeoutExtension.java:94)
	at app//org.junit.jupiter.engine.execution.InterceptingExecutableInvoker$ReflectiveInterceptorCall.lambda$ofVoidMethod$0(InterceptingExecutableInvoker.java:103)
	at app//org.junit.jupiter.engine.execution.InterceptingExecutableInvoker.lambda$invoke$0(InterceptingExecutableInvoker.java:93)
	at app//org.junit.jupiter.engine.execution.InvocationInterceptorChain$InterceptedInvocation.proceed(InvocationInterceptorChain.java:106)
	at app//org.junit.jupiter.engine.execution.InvocationInterceptorChain.proceed(InvocationInterceptorChain.java:64)
	at app//org.junit.jupiter.engine.execution.InvocationInterceptorChain.chainAndInvoke(InvocationInterceptorChain.java:45)
	at app//org.junit.jupiter.engine.execution.InvocationInterceptorChain.invoke(InvocationInterceptorChain.java:37)
	at app//org.junit.jupiter.engine.execution.InterceptingExecutableInvoker.invoke(InterceptingExecutableInvoker.java:92)
	at app//org.junit.jupiter.engine.execution.InterceptingExecutableInvoker.invoke(InterceptingExecutableInvoker.java:86)
	at app//org.junit.jupiter.engine.descriptor.TestMethodTestDescriptor.lambda$invokeTestMethod$7(TestMethodTestDescriptor.java:217)
	at app//org.junit.platform.engine.support.hierarchical.ThrowableCollector.execute(ThrowableCollector.java:73)
	at app//org.junit.jupiter.engine.descriptor.TestMethodTestDescriptor.invokeTestMethod(TestMethodTestDescriptor.java:213)
	at app//org.junit.jupiter.engine.descriptor.TestMethodTestDescriptor.execute(TestMethodTestDescriptor.java:138)
	at app//org.junit.jupiter.engine.descriptor.TestMethodTestDescriptor.execute(TestMethodTestDescriptor.java:68)
	at app//org.junit.platform.engine.support.hierarchical.NodeTestTask.lambda$executeRecursively$6(NodeTestTask.java:151)
	at app//org.junit.platform.engine.support.hierarchical.ThrowableCollector.execute(ThrowableCollector.java:73)
	at app//org.junit.platform.engine.support.hierarchical.NodeTestTask.lambda$executeRecursively$8(NodeTestTask.java:141)
	at app//org.junit.platform.engine.support.hierarchical.Node.around(Node.java:137)
	at app//org.junit.platform.engine.support.hierarchical.NodeTestTask.lambda$executeRecursively$9(NodeTestTask.java:139)
	at app//org.junit.platform.engine.support.hierarchical.ThrowableCollector.execute(ThrowableCollector.java:73)
	at app//org.junit.platform.engine.support.hierarchical.NodeTestTask.executeRecursively(NodeTestTask.java:138)
	at app//org.junit.platform.engine.support.hierarchical.NodeTestTask.execute(NodeTestTask.java:95)
	at app//org.junit.platform.engine.support.hierarchical.SameThreadHierarchicalTestExecutorService.submit(SameThreadHierarchicalTestExecutorService.java:35)
	at app//org.junit.platform.engine.support.hierarchical.NodeTestTask$DefaultDynamicTestExecutor.execute(NodeTestTask.java:226)
	at app//org.junit.platform.engine.support.hierarchical.NodeTestTask$DefaultDynamicTestExecutor.execute(NodeTestTask.java:204)
	at app//org.junit.jupiter.engine.descriptor.TestTemplateTestDescriptor.execute(TestTemplateTestDescriptor.java:142)
	at app//org.junit.jupiter.engine.descriptor.TestTemplateTestDescriptor.lambda$execute$2(TestTemplateTestDescriptor.java:110)
	at java.base@11.0.19/java.util.stream.ForEachOps$ForEachOp$OfRef.accept(ForEachOps.java:183)
	at java.base@11.0.19/java.util.stream.ReferencePipeline$3$1.accept(ReferencePipeline.java:195)
	at java.base@11.0.19/java.util.stream.ReferencePipeline$2$1.accept(ReferencePipeline.java:177)
	at java.base@11.0.19/java.util.stream.ReferencePipeline$3$1.accept(ReferencePipeline.java:195)
	at java.base@11.0.19/java.util.stream.ForEachOps$ForEachOp$OfRef.accept(ForEachOps.java:183)
	at java.base@11.0.19/java.util.stream.ReferencePipeline$3$1.accept(ReferencePipeline.java:195)
	at java.base@11.0.19/java.util.stream.ReferencePipeline$3$1.accept(ReferencePipeline.java:195)
	at java.base@11.0.19/java.util.stream.ReferencePipeline$3$1.accept(ReferencePipeline.java:195)
	at java.base@11.0.19/java.util.stream.ForEachOps$ForEachOp$OfRef.accept(ForEachOps.java:183)
	at java.base@11.0.19/java.util.Iterator.forEachRemaining(Iterator.java:133)
	at java.base@11.0.19/java.util.Spliterators$IteratorSpliterator.forEachRemaining(Spliterators.java:1801)
	at java.base@11.0.19/java.util.stream.ReferencePipeline$Head.forEach(ReferencePipeline.java:658)
	at java.base@11.0.19/java.util.stream.ReferencePipeline$7$1.accept(ReferencePipeline.java:274)
	at java.base@11.0.19/java.util.stream.ReferencePipeline$3$1.accept(ReferencePipeline.java:195)
	at java.base@11.0.19/java.util.stream.ReferencePipeline$3$1.accept(ReferencePipeline.java:195)
	at java.base@11.0.19/java.util.ArrayList$ArrayListSpliterator.forEachRemaining(ArrayList.java:1655)
	at java.base@11.0.19/java.util.stream.AbstractPipeline.copyInto(AbstractPipeline.java:484)
	at java.base@11.0.19/java.util.stream.AbstractPipeline.wrapAndCopyInto(AbstractPipeline.java:474)
	at java.base@11.0.19/java.util.stream.ForEachOps$ForEachOp.evaluateSequential(ForEachOps.java:150)
	at java.base@11.0.19/java.util.stream.ForEachOps$ForEachOp$OfRef.evaluateSequential(ForEachOps.java:173)
	at java.base@11.0.19/java.util.stream.AbstractPipeline.evaluate(AbstractPipeline.java:234)
	at java.base@11.0.19/java.util.stream.ReferencePipeline.forEach(ReferencePipeline.java:497)
	at java.base@11.0.19/java.util.stream.ReferencePipeline$7$1.accept(ReferencePipeline.java:274)
	at java.base@11.0.19/java.util.stream.ReferencePipeline$3$1.accept(ReferencePipeline.java:195)
	at java.base@11.0.19/java.util.stream.ReferencePipeline$3$1.accept(ReferencePipeline.java:195)
	at java.base@11.0.19/java.util.stream.ReferencePipeline$3$1.accept(ReferencePipeline.java:195)
	at java.base@11.0.19/java.util.ArrayList$ArrayListSpliterator.forEachRemaining(ArrayList.java:1655)
	at java.base@11.0.19/java.util.stream.AbstractPipeline.copyInto(AbstractPipeline.java:484)
	at java.base@11.0.19/java.util.stream.AbstractPipeline.wrapAndCopyInto(AbstractPipeline.java:474)
	at java.base@11.0.19/java.util.stream.ForEachOps$ForEachOp.evaluateSequential(ForEachOps.java:150)
	at java.base@11.0.19/java.util.stream.ForEachOps$ForEachOp$OfRef.evaluateSequential(ForEachOps.java:173)
	at java.base@11.0.19/java.util.stream.AbstractPipeline.evaluate(AbstractPipeline.java:234)
	at java.base@11.0.19/java.util.stream.ReferencePipeline.forEach(ReferencePipeline.java:497)
	at java.base@11.0.19/java.util.stream.ReferencePipeline$7$1.accept(ReferencePipeline.java:274)
	at java.base@11.0.19/java.util.ArrayList$ArrayListSpliterator.forEachRemaining(ArrayList.java:1655)
	at java.base@11.0.19/java.util.stream.AbstractPipeline.copyInto(AbstractPipeline.java:484)
	at java.base@11.0.19/java.util.stream.AbstractPipeline.wrapAndCopyInto(AbstractPipeline.java:474)
	at java.base@11.0.19/java.util.stream.ForEachOps$ForEachOp.evaluateSequential(ForEachOps.java:150)
	at java.base@11.0.19/java.util.stream.ForEachOps$ForEachOp$OfRef.evaluateSequential(ForEachOps.java:173)
	at java.base@11.0.19/java.util.stream.AbstractPipeline.evaluate(AbstractPipeline.java:234)
	at java.base@11.0.19/java.util.stream.ReferencePipeline.forEach(ReferencePipeline.java:497)
	at app//org.junit.jupiter.engine.descriptor.TestTemplateTestDescriptor.execute(TestTemplateTestDescriptor.java:110)
	at app//org.junit.jupiter.engine.descriptor.TestTemplateTestDescriptor.execute(TestTemplateTestDescriptor.java:44)
	at app//org.junit.platform.engine.support.hierarchical.NodeTestTask.lambda$executeRecursively$6(NodeTestTask.java:151)
	at app//org.junit.platform.engine.support.hierarchical.ThrowableCollector.execute(ThrowableCollector.java:73)
	at app//org.junit.platform.engine.support.hierarchical.NodeTestTask.lambda$executeRecursively$8(NodeTestTask.java:141)
	at app//org.junit.platform.engine.support.hierarchical.Node.around(Node.java:137)
	at app//org.junit.platform.engine.support.hierarchical.NodeTestTask.lambda$executeRecursively$9(NodeTestTask.java:139)
	at app//org.junit.platform.engine.support.hierarchical.ThrowableCollector.execute(ThrowableCollector.java:73)
	at app//org.junit.platform.engine.support.hierarchical.NodeTestTask.executeRecursively(NodeTestTask.java:138)
	at app//org.junit.platform.engine.support.hierarchical.NodeTestTask.execute(NodeTestTask.java:95)
	at java.base@11.0.19/java.util.ArrayList.forEach(ArrayList.java:1541)
	at app//org.junit.platform.engine.support.hierarchical.SameThreadHierarchicalTestExecutorService.invokeAll(SameThreadHierarchicalTestExecutorService.java:41)
	at app//org.junit.platform.engine.support.hierarchical.NodeTestTask.lambda$executeRecursively$6(NodeTestTask.java:155)
	at app//org.junit.platform.engine.support.hierarchical.ThrowableCollector.execute(ThrowableCollector.java:73)
	at app//org.junit.platform.engine.support.hierarchical.NodeTestTask.lambda$executeRecursively$8(NodeTestTask.java:141)
	at app//org.junit.platform.engine.support.hierarchical.Node.around(Node.java:137)
	at app//org.junit.platform.engine.support.hierarchical.NodeTestTask.lambda$executeRecursively$9(NodeTestTask.java:139)
	at app//org.junit.platform.engine.support.hierarchical.ThrowableCollector.execute(ThrowableCollector.java:73)
	at app//org.junit.platform.engine.support.hierarchical.NodeTestTask.executeRecursively(NodeTestTask.java:138)
	at app//org.junit.platform.engine.support.hierarchical.NodeTestTask.execute(NodeTestTask.java:95)
	at java.base@11.0.19/java.util.ArrayList.forEach(ArrayList.java:1541)
	at app//org.junit.platform.engine.support.hierarchical.SameThreadHierarchicalTestExecutorService.invokeAll(SameThreadHierarchicalTestExecutorService.java:41)
	at app//org.junit.platform.engine.support.hierarchical.NodeTestTask.lambda$executeRecursively$6(NodeTestTask.java:155)
	at app//org.junit.platform.engine.support.hierarchical.ThrowableCollector.execute(ThrowableCollector.java:73)
	at app//org.junit.platform.engine.support.hierarchical.NodeTestTask.lambda$executeRecursively$8(NodeTestTask.java:141)
	at app//org.junit.platform.engine.support.hierarchical.Node.around(Node.java:137)
	at app//org.junit.platform.engine.support.hierarchical.NodeTestTask.lambda$executeRecursively$9(NodeTestTask.java:139)
	at app//org.junit.platform.engine.support.hierarchical.ThrowableCollector.execute(ThrowableCollector.java:73)
	at app//org.junit.platform.engine.support.hierarchical.NodeTestTask.executeRecursively(NodeTestTask.java:138)
	at app//org.junit.platform.engine.support.hierarchical.NodeTestTask.execute(NodeTestTask.java:95)
	at app//org.junit.platform.engine.support.hierarchical.SameThreadHierarchicalTestExecutorService.submit(SameThreadHierarchicalTestExecutorService.java:35)
	at app//org.junit.platform.engine.support.hierarchical.HierarchicalTestExecutor.execute(HierarchicalTestExecutor.java:57)
	at app//org.junit.platform.engine.support.hierarchical.HierarchicalTestEngine.execute(HierarchicalTestEngine.java:54)
	at app//org.junit.platform.launcher.core.EngineExecutionOrchestrator.execute(EngineExecutionOrchestrator.java:107)
	at app//org.junit.platform.launcher.core.EngineExecutionOrchestrator.execute(EngineExecutionOrchestrator.java:88)
	at app//org.junit.platform.launcher.core.EngineExecutionOrchestrator.lambda$execute$0(EngineExecutionOrchestrator.java:54)
	at app//org.junit.platform.launcher.core.EngineExecutionOrchestrator.withInterceptedStreams(EngineExecutionOrchestrator.java:67)
	at app//org.junit.platform.launcher.core.EngineExecutionOrchestrator.execute(EngineExecutionOrchestrator.java:52)
	at app//org.junit.platform.launcher.core.DefaultLauncher.execute(DefaultLauncher.java:114)
	at app//org.junit.platform.launcher.core.DefaultLauncher.execute(DefaultLauncher.java:86)
	at app//org.junit.platform.launcher.core.DefaultLauncherSession$DelegatingLauncher.execute(DefaultLauncherSession.java:86)
	at org.gradle.api.internal.tasks.testing.junitplatform.JUnitPlatformTestClassProcessor$CollectAllTestClassesExecutor.processAllTestClasses(JUnitPlatformTestClassProcessor.java:110)
	at org.gradle.api.internal.tasks.testing.junitplatform.JUnitPlatformTestClassProcessor$CollectAllTestClassesExecutor.access$000(JUnitPlatformTestClassProcessor.java:90)
	at org.gradle.api.internal.tasks.testing.junitplatform.JUnitPlatformTestClassProcessor.stop(JUnitPlatformTestClassProcessor.java:85)
	at org.gradle.api.internal.tasks.testing.SuiteTestClassProcessor.stop(SuiteTestClassProcessor.java:62)
	at java.base@11.0.19/jdk.internal.reflect.NativeMethodAccessorImpl.invoke0(Native Method)
	at java.base@11.0.19/jdk.internal.reflect.NativeMethodAccessorImpl.invoke(NativeMethodAccessorImpl.java:62)
	at java.base@11.0.19/jdk.internal.reflect.DelegatingMethodAccessorImpl.invoke(DelegatingMethodAccessorImpl.java:43)
	at java.base@11.0.19/java.lang.reflect.Method.invoke(Method.java:566)
	at org.gradle.internal.dispatch.ReflectionDispatch.dispatch(ReflectionDispatch.java:36)
	at org.gradle.internal.dispatch.ReflectionDispatch.dispatch(ReflectionDispatch.java:24)
	at org.gradle.internal.dispatch.ContextClassLoaderDispatch.dispatch(ContextClassLoaderDispatch.java:33)
	at org.gradle.internal.dispatch.ProxyDispatchAdapter$DispatchingInvocationHandler.invoke(ProxyDispatchAdapter.java:94)
	at com.sun.proxy.$Proxy5.stop(Unknown Source)
	at org.gradle.api.internal.tasks.testing.worker.TestWorker$3.run(TestWorker.java:193)
	at org.gradle.api.internal.tasks.testing.worker.TestWorker.executeAndMaintainThreadName(TestWorker.java:129)
	at org.gradle.api.internal.tasks.testing.worker.TestWorker.execute(TestWorker.java:100)
	at org.gradle.api.internal.tasks.testing.worker.TestWorker.execute(TestWorker.java:60)
	at org.gradle.process.internal.worker.child.ActionExecutionWorker.execute(ActionExecutionWorker.java:56)
	at org.gradle.process.internal.worker.child.SystemApplicationClassLoaderWorker.call(SystemApplicationClassLoaderWorker.java:113)
	at org.gradle.process.internal.worker.child.SystemApplicationClassLoaderWorker.call(SystemApplicationClassLoaderWorker.java:65)
	at app//worker.org.gradle.process.internal.worker.GradleWorkerMain.run(GradleWorkerMain.java:69)
	at app//worker.org.gradle.process.internal.worker.GradleWorkerMain.main(GradleWorkerMain.java:74)
Caused by: java.lang.NullPointerException
	at de.uka.ilkd.key.nparser.builder.DefaultBuilder.visitKeyjavatype(DefaultBuilder.java:360)
	at de.uka.ilkd.key.nparser.builder.DefaultBuilder.visitKeyjavatype(DefaultBuilder.java:35)
	at de.uka.ilkd.key.nparser.KeYParser$KeyjavatypeContext.accept(KeYParser.java:1859)
	at de.uka.ilkd.key.nparser.builder.AbstractBuilder.accept(AbstractBuilder.java:48)
	... 171 more
</failure>
  </testcase>
  <testcase name="[6] true &amp; false" classname="de.uka.ilkd.key.nparser.ExprTest" time="0.044">
    <failure message="null at file:/D:/a/key/key/key.core/build/resources/main/de/uka/ilkd/key/proof/rules/heap.key:46:5 (file:/D:/a/key/key/key.core/build/resources/main/de/uka/ilkd/key/proof/rules/heap.key:46:5)" type="de.uka.ilkd.key.util.parsing.BuildingException">null at file:/D:/a/key/key/key.core/build/resources/main/de/uka/ilkd/key/proof/rules/heap.key:46:5 (file:/D:/a/key/key/key.core/build/resources/main/de/uka/ilkd/key/proof/rules/heap.key:46:5)
	at app//de.uka.ilkd.key.nparser.builder.AbstractBuilder.accept(AbstractBuilder.java:54)
	at app//de.uka.ilkd.key.nparser.builder.DefaultBuilder.accept(DefaultBuilder.java:35)
	at app//de.uka.ilkd.key.nparser.builder.DeclarationBuilder.visitProg_var_decls(DeclarationBuilder.java:57)
	at app//de.uka.ilkd.key.nparser.KeYParser$Prog_var_declsContext.accept(KeYParser.java:1937)
	at app//de.uka.ilkd.key.nparser.builder.AbstractBuilder.accept(AbstractBuilder.java:48)
	at app//de.uka.ilkd.key.nparser.builder.DefaultBuilder.accept(DefaultBuilder.java:35)
	at app//de.uka.ilkd.key.nparser.builder.AbstractBuilder.lambda$mapMapOf$1(AbstractBuilder.java:141)
	at java.base@11.0.19/java.util.stream.ReferencePipeline$3$1.accept(ReferencePipeline.java:195)
	at java.base@11.0.19/java.util.ArrayList$ArrayListSpliterator.forEachRemaining(ArrayList.java:1655)
	at java.base@11.0.19/java.util.stream.AbstractPipeline.copyInto(AbstractPipeline.java:484)
	at java.base@11.0.19/java.util.stream.AbstractPipeline.wrapAndCopyInto(AbstractPipeline.java:474)
	at java.base@11.0.19/java.util.stream.ForEachOps$ForEachOp.evaluateSequential(ForEachOps.java:150)
	at java.base@11.0.19/java.util.stream.ForEachOps$ForEachOp$OfRef.evaluateSequential(ForEachOps.java:173)
	at java.base@11.0.19/java.util.stream.AbstractPipeline.evaluate(AbstractPipeline.java:234)
	at java.base@11.0.19/java.util.stream.ReferencePipeline.forEach(ReferencePipeline.java:497)
	at java.base@11.0.19/java.util.stream.ReferencePipeline$7$1.accept(ReferencePipeline.java:274)
	at java.base@11.0.19/java.util.Spliterators$ArraySpliterator.forEachRemaining(Spliterators.java:948)
	at java.base@11.0.19/java.util.stream.AbstractPipeline.copyInto(AbstractPipeline.java:484)
	at java.base@11.0.19/java.util.stream.AbstractPipeline.wrapAndCopyInto(AbstractPipeline.java:474)
	at java.base@11.0.19/java.util.stream.ReduceOps$ReduceOp.evaluateSequential(ReduceOps.java:913)
	at java.base@11.0.19/java.util.stream.AbstractPipeline.evaluate(AbstractPipeline.java:234)
	at java.base@11.0.19/java.util.stream.ReferencePipeline.collect(ReferencePipeline.java:578)
	at app//de.uka.ilkd.key.nparser.builder.AbstractBuilder.mapMapOf(AbstractBuilder.java:142)
	at app//de.uka.ilkd.key.nparser.builder.DeclarationBuilder.visitDecls(DeclarationBuilder.java:48)
	at app//de.uka.ilkd.key.nparser.KeYParser$DeclsContext.accept(KeYParser.java:515)
	at app//org.antlr.v4.runtime.tree.AbstractParseTreeVisitor.visitChildren(AbstractParseTreeVisitor.java:46)
	at app//de.uka.ilkd.key.nparser.KeYParserBaseVisitor.visitFile(KeYParserBaseVisitor.java:24)
	at app//de.uka.ilkd.key.nparser.KeYParser$FileContext.accept(KeYParser.java:313)
	at app//de.uka.ilkd.key.nparser.KeyAst.accept(KeyAst.java:43)
	at app//de.uka.ilkd.key.nparser.KeyIO$Loader.loadDeclarations(KeyIO.java:298)
	at app//de.uka.ilkd.key.nparser.ExprTest.getIo(ExprTest.java:46)
	at app//de.uka.ilkd.key.nparser.ExprTest.parseAndVisit(ExprTest.java:30)
	at java.base@11.0.19/jdk.internal.reflect.NativeMethodAccessorImpl.invoke0(Native Method)
	at java.base@11.0.19/jdk.internal.reflect.NativeMethodAccessorImpl.invoke(NativeMethodAccessorImpl.java:62)
	at java.base@11.0.19/jdk.internal.reflect.DelegatingMethodAccessorImpl.invoke(DelegatingMethodAccessorImpl.java:43)
	at java.base@11.0.19/java.lang.reflect.Method.invoke(Method.java:566)
	at app//org.junit.platform.commons.util.ReflectionUtils.invokeMethod(ReflectionUtils.java:727)
	at app//org.junit.jupiter.engine.execution.MethodInvocation.proceed(MethodInvocation.java:60)
	at app//org.junit.jupiter.engine.execution.InvocationInterceptorChain$ValidatingInvocation.proceed(InvocationInterceptorChain.java:131)
	at app//org.junit.jupiter.engine.extension.TimeoutExtension.intercept(TimeoutExtension.java:156)
	at app//org.junit.jupiter.engine.extension.TimeoutExtension.interceptTestableMethod(TimeoutExtension.java:147)
	at app//org.junit.jupiter.engine.extension.TimeoutExtension.interceptTestTemplateMethod(TimeoutExtension.java:94)
	at app//org.junit.jupiter.engine.execution.InterceptingExecutableInvoker$ReflectiveInterceptorCall.lambda$ofVoidMethod$0(InterceptingExecutableInvoker.java:103)
	at app//org.junit.jupiter.engine.execution.InterceptingExecutableInvoker.lambda$invoke$0(InterceptingExecutableInvoker.java:93)
	at app//org.junit.jupiter.engine.execution.InvocationInterceptorChain$InterceptedInvocation.proceed(InvocationInterceptorChain.java:106)
	at app//org.junit.jupiter.engine.execution.InvocationInterceptorChain.proceed(InvocationInterceptorChain.java:64)
	at app//org.junit.jupiter.engine.execution.InvocationInterceptorChain.chainAndInvoke(InvocationInterceptorChain.java:45)
	at app//org.junit.jupiter.engine.execution.InvocationInterceptorChain.invoke(InvocationInterceptorChain.java:37)
	at app//org.junit.jupiter.engine.execution.InterceptingExecutableInvoker.invoke(InterceptingExecutableInvoker.java:92)
	at app//org.junit.jupiter.engine.execution.InterceptingExecutableInvoker.invoke(InterceptingExecutableInvoker.java:86)
	at app//org.junit.jupiter.engine.descriptor.TestMethodTestDescriptor.lambda$invokeTestMethod$7(TestMethodTestDescriptor.java:217)
	at app//org.junit.platform.engine.support.hierarchical.ThrowableCollector.execute(ThrowableCollector.java:73)
	at app//org.junit.jupiter.engine.descriptor.TestMethodTestDescriptor.invokeTestMethod(TestMethodTestDescriptor.java:213)
	at app//org.junit.jupiter.engine.descriptor.TestMethodTestDescriptor.execute(TestMethodTestDescriptor.java:138)
	at app//org.junit.jupiter.engine.descriptor.TestMethodTestDescriptor.execute(TestMethodTestDescriptor.java:68)
	at app//org.junit.platform.engine.support.hierarchical.NodeTestTask.lambda$executeRecursively$6(NodeTestTask.java:151)
	at app//org.junit.platform.engine.support.hierarchical.ThrowableCollector.execute(ThrowableCollector.java:73)
	at app//org.junit.platform.engine.support.hierarchical.NodeTestTask.lambda$executeRecursively$8(NodeTestTask.java:141)
	at app//org.junit.platform.engine.support.hierarchical.Node.around(Node.java:137)
	at app//org.junit.platform.engine.support.hierarchical.NodeTestTask.lambda$executeRecursively$9(NodeTestTask.java:139)
	at app//org.junit.platform.engine.support.hierarchical.ThrowableCollector.execute(ThrowableCollector.java:73)
	at app//org.junit.platform.engine.support.hierarchical.NodeTestTask.executeRecursively(NodeTestTask.java:138)
	at app//org.junit.platform.engine.support.hierarchical.NodeTestTask.execute(NodeTestTask.java:95)
	at app//org.junit.platform.engine.support.hierarchical.SameThreadHierarchicalTestExecutorService.submit(SameThreadHierarchicalTestExecutorService.java:35)
	at app//org.junit.platform.engine.support.hierarchical.NodeTestTask$DefaultDynamicTestExecutor.execute(NodeTestTask.java:226)
	at app//org.junit.platform.engine.support.hierarchical.NodeTestTask$DefaultDynamicTestExecutor.execute(NodeTestTask.java:204)
	at app//org.junit.jupiter.engine.descriptor.TestTemplateTestDescriptor.execute(TestTemplateTestDescriptor.java:142)
	at app//org.junit.jupiter.engine.descriptor.TestTemplateTestDescriptor.lambda$execute$2(TestTemplateTestDescriptor.java:110)
	at java.base@11.0.19/java.util.stream.ForEachOps$ForEachOp$OfRef.accept(ForEachOps.java:183)
	at java.base@11.0.19/java.util.stream.ReferencePipeline$3$1.accept(ReferencePipeline.java:195)
	at java.base@11.0.19/java.util.stream.ReferencePipeline$2$1.accept(ReferencePipeline.java:177)
	at java.base@11.0.19/java.util.stream.ReferencePipeline$3$1.accept(ReferencePipeline.java:195)
	at java.base@11.0.19/java.util.stream.ForEachOps$ForEachOp$OfRef.accept(ForEachOps.java:183)
	at java.base@11.0.19/java.util.stream.ReferencePipeline$3$1.accept(ReferencePipeline.java:195)
	at java.base@11.0.19/java.util.stream.ReferencePipeline$3$1.accept(ReferencePipeline.java:195)
	at java.base@11.0.19/java.util.stream.ReferencePipeline$3$1.accept(ReferencePipeline.java:195)
	at java.base@11.0.19/java.util.stream.ForEachOps$ForEachOp$OfRef.accept(ForEachOps.java:183)
	at java.base@11.0.19/java.util.Iterator.forEachRemaining(Iterator.java:133)
	at java.base@11.0.19/java.util.Spliterators$IteratorSpliterator.forEachRemaining(Spliterators.java:1801)
	at java.base@11.0.19/java.util.stream.ReferencePipeline$Head.forEach(ReferencePipeline.java:658)
	at java.base@11.0.19/java.util.stream.ReferencePipeline$7$1.accept(ReferencePipeline.java:274)
	at java.base@11.0.19/java.util.stream.ReferencePipeline$3$1.accept(ReferencePipeline.java:195)
	at java.base@11.0.19/java.util.stream.ReferencePipeline$3$1.accept(ReferencePipeline.java:195)
	at java.base@11.0.19/java.util.ArrayList$ArrayListSpliterator.forEachRemaining(ArrayList.java:1655)
	at java.base@11.0.19/java.util.stream.AbstractPipeline.copyInto(AbstractPipeline.java:484)
	at java.base@11.0.19/java.util.stream.AbstractPipeline.wrapAndCopyInto(AbstractPipeline.java:474)
	at java.base@11.0.19/java.util.stream.ForEachOps$ForEachOp.evaluateSequential(ForEachOps.java:150)
	at java.base@11.0.19/java.util.stream.ForEachOps$ForEachOp$OfRef.evaluateSequential(ForEachOps.java:173)
	at java.base@11.0.19/java.util.stream.AbstractPipeline.evaluate(AbstractPipeline.java:234)
	at java.base@11.0.19/java.util.stream.ReferencePipeline.forEach(ReferencePipeline.java:497)
	at java.base@11.0.19/java.util.stream.ReferencePipeline$7$1.accept(ReferencePipeline.java:274)
	at java.base@11.0.19/java.util.stream.ReferencePipeline$3$1.accept(ReferencePipeline.java:195)
	at java.base@11.0.19/java.util.stream.ReferencePipeline$3$1.accept(ReferencePipeline.java:195)
	at java.base@11.0.19/java.util.stream.ReferencePipeline$3$1.accept(ReferencePipeline.java:195)
	at java.base@11.0.19/java.util.ArrayList$ArrayListSpliterator.forEachRemaining(ArrayList.java:1655)
	at java.base@11.0.19/java.util.stream.AbstractPipeline.copyInto(AbstractPipeline.java:484)
	at java.base@11.0.19/java.util.stream.AbstractPipeline.wrapAndCopyInto(AbstractPipeline.java:474)
	at java.base@11.0.19/java.util.stream.ForEachOps$ForEachOp.evaluateSequential(ForEachOps.java:150)
	at java.base@11.0.19/java.util.stream.ForEachOps$ForEachOp$OfRef.evaluateSequential(ForEachOps.java:173)
	at java.base@11.0.19/java.util.stream.AbstractPipeline.evaluate(AbstractPipeline.java:234)
	at java.base@11.0.19/java.util.stream.ReferencePipeline.forEach(ReferencePipeline.java:497)
	at java.base@11.0.19/java.util.stream.ReferencePipeline$7$1.accept(ReferencePipeline.java:274)
	at java.base@11.0.19/java.util.ArrayList$ArrayListSpliterator.forEachRemaining(ArrayList.java:1655)
	at java.base@11.0.19/java.util.stream.AbstractPipeline.copyInto(AbstractPipeline.java:484)
	at java.base@11.0.19/java.util.stream.AbstractPipeline.wrapAndCopyInto(AbstractPipeline.java:474)
	at java.base@11.0.19/java.util.stream.ForEachOps$ForEachOp.evaluateSequential(ForEachOps.java:150)
	at java.base@11.0.19/java.util.stream.ForEachOps$ForEachOp$OfRef.evaluateSequential(ForEachOps.java:173)
	at java.base@11.0.19/java.util.stream.AbstractPipeline.evaluate(AbstractPipeline.java:234)
	at java.base@11.0.19/java.util.stream.ReferencePipeline.forEach(ReferencePipeline.java:497)
	at app//org.junit.jupiter.engine.descriptor.TestTemplateTestDescriptor.execute(TestTemplateTestDescriptor.java:110)
	at app//org.junit.jupiter.engine.descriptor.TestTemplateTestDescriptor.execute(TestTemplateTestDescriptor.java:44)
	at app//org.junit.platform.engine.support.hierarchical.NodeTestTask.lambda$executeRecursively$6(NodeTestTask.java:151)
	at app//org.junit.platform.engine.support.hierarchical.ThrowableCollector.execute(ThrowableCollector.java:73)
	at app//org.junit.platform.engine.support.hierarchical.NodeTestTask.lambda$executeRecursively$8(NodeTestTask.java:141)
	at app//org.junit.platform.engine.support.hierarchical.Node.around(Node.java:137)
	at app//org.junit.platform.engine.support.hierarchical.NodeTestTask.lambda$executeRecursively$9(NodeTestTask.java:139)
	at app//org.junit.platform.engine.support.hierarchical.ThrowableCollector.execute(ThrowableCollector.java:73)
	at app//org.junit.platform.engine.support.hierarchical.NodeTestTask.executeRecursively(NodeTestTask.java:138)
	at app//org.junit.platform.engine.support.hierarchical.NodeTestTask.execute(NodeTestTask.java:95)
	at java.base@11.0.19/java.util.ArrayList.forEach(ArrayList.java:1541)
	at app//org.junit.platform.engine.support.hierarchical.SameThreadHierarchicalTestExecutorService.invokeAll(SameThreadHierarchicalTestExecutorService.java:41)
	at app//org.junit.platform.engine.support.hierarchical.NodeTestTask.lambda$executeRecursively$6(NodeTestTask.java:155)
	at app//org.junit.platform.engine.support.hierarchical.ThrowableCollector.execute(ThrowableCollector.java:73)
	at app//org.junit.platform.engine.support.hierarchical.NodeTestTask.lambda$executeRecursively$8(NodeTestTask.java:141)
	at app//org.junit.platform.engine.support.hierarchical.Node.around(Node.java:137)
	at app//org.junit.platform.engine.support.hierarchical.NodeTestTask.lambda$executeRecursively$9(NodeTestTask.java:139)
	at app//org.junit.platform.engine.support.hierarchical.ThrowableCollector.execute(ThrowableCollector.java:73)
	at app//org.junit.platform.engine.support.hierarchical.NodeTestTask.executeRecursively(NodeTestTask.java:138)
	at app//org.junit.platform.engine.support.hierarchical.NodeTestTask.execute(NodeTestTask.java:95)
	at java.base@11.0.19/java.util.ArrayList.forEach(ArrayList.java:1541)
	at app//org.junit.platform.engine.support.hierarchical.SameThreadHierarchicalTestExecutorService.invokeAll(SameThreadHierarchicalTestExecutorService.java:41)
	at app//org.junit.platform.engine.support.hierarchical.NodeTestTask.lambda$executeRecursively$6(NodeTestTask.java:155)
	at app//org.junit.platform.engine.support.hierarchical.ThrowableCollector.execute(ThrowableCollector.java:73)
	at app//org.junit.platform.engine.support.hierarchical.NodeTestTask.lambda$executeRecursively$8(NodeTestTask.java:141)
	at app//org.junit.platform.engine.support.hierarchical.Node.around(Node.java:137)
	at app//org.junit.platform.engine.support.hierarchical.NodeTestTask.lambda$executeRecursively$9(NodeTestTask.java:139)
	at app//org.junit.platform.engine.support.hierarchical.ThrowableCollector.execute(ThrowableCollector.java:73)
	at app//org.junit.platform.engine.support.hierarchical.NodeTestTask.executeRecursively(NodeTestTask.java:138)
	at app//org.junit.platform.engine.support.hierarchical.NodeTestTask.execute(NodeTestTask.java:95)
	at app//org.junit.platform.engine.support.hierarchical.SameThreadHierarchicalTestExecutorService.submit(SameThreadHierarchicalTestExecutorService.java:35)
	at app//org.junit.platform.engine.support.hierarchical.HierarchicalTestExecutor.execute(HierarchicalTestExecutor.java:57)
	at app//org.junit.platform.engine.support.hierarchical.HierarchicalTestEngine.execute(HierarchicalTestEngine.java:54)
	at app//org.junit.platform.launcher.core.EngineExecutionOrchestrator.execute(EngineExecutionOrchestrator.java:107)
	at app//org.junit.platform.launcher.core.EngineExecutionOrchestrator.execute(EngineExecutionOrchestrator.java:88)
	at app//org.junit.platform.launcher.core.EngineExecutionOrchestrator.lambda$execute$0(EngineExecutionOrchestrator.java:54)
	at app//org.junit.platform.launcher.core.EngineExecutionOrchestrator.withInterceptedStreams(EngineExecutionOrchestrator.java:67)
	at app//org.junit.platform.launcher.core.EngineExecutionOrchestrator.execute(EngineExecutionOrchestrator.java:52)
	at app//org.junit.platform.launcher.core.DefaultLauncher.execute(DefaultLauncher.java:114)
	at app//org.junit.platform.launcher.core.DefaultLauncher.execute(DefaultLauncher.java:86)
	at app//org.junit.platform.launcher.core.DefaultLauncherSession$DelegatingLauncher.execute(DefaultLauncherSession.java:86)
	at org.gradle.api.internal.tasks.testing.junitplatform.JUnitPlatformTestClassProcessor$CollectAllTestClassesExecutor.processAllTestClasses(JUnitPlatformTestClassProcessor.java:110)
	at org.gradle.api.internal.tasks.testing.junitplatform.JUnitPlatformTestClassProcessor$CollectAllTestClassesExecutor.access$000(JUnitPlatformTestClassProcessor.java:90)
	at org.gradle.api.internal.tasks.testing.junitplatform.JUnitPlatformTestClassProcessor.stop(JUnitPlatformTestClassProcessor.java:85)
	at org.gradle.api.internal.tasks.testing.SuiteTestClassProcessor.stop(SuiteTestClassProcessor.java:62)
	at java.base@11.0.19/jdk.internal.reflect.NativeMethodAccessorImpl.invoke0(Native Method)
	at java.base@11.0.19/jdk.internal.reflect.NativeMethodAccessorImpl.invoke(NativeMethodAccessorImpl.java:62)
	at java.base@11.0.19/jdk.internal.reflect.DelegatingMethodAccessorImpl.invoke(DelegatingMethodAccessorImpl.java:43)
	at java.base@11.0.19/java.lang.reflect.Method.invoke(Method.java:566)
	at org.gradle.internal.dispatch.ReflectionDispatch.dispatch(ReflectionDispatch.java:36)
	at org.gradle.internal.dispatch.ReflectionDispatch.dispatch(ReflectionDispatch.java:24)
	at org.gradle.internal.dispatch.ContextClassLoaderDispatch.dispatch(ContextClassLoaderDispatch.java:33)
	at org.gradle.internal.dispatch.ProxyDispatchAdapter$DispatchingInvocationHandler.invoke(ProxyDispatchAdapter.java:94)
	at com.sun.proxy.$Proxy5.stop(Unknown Source)
	at org.gradle.api.internal.tasks.testing.worker.TestWorker$3.run(TestWorker.java:193)
	at org.gradle.api.internal.tasks.testing.worker.TestWorker.executeAndMaintainThreadName(TestWorker.java:129)
	at org.gradle.api.internal.tasks.testing.worker.TestWorker.execute(TestWorker.java:100)
	at org.gradle.api.internal.tasks.testing.worker.TestWorker.execute(TestWorker.java:60)
	at org.gradle.process.internal.worker.child.ActionExecutionWorker.execute(ActionExecutionWorker.java:56)
	at org.gradle.process.internal.worker.child.SystemApplicationClassLoaderWorker.call(SystemApplicationClassLoaderWorker.java:113)
	at org.gradle.process.internal.worker.child.SystemApplicationClassLoaderWorker.call(SystemApplicationClassLoaderWorker.java:65)
	at app//worker.org.gradle.process.internal.worker.GradleWorkerMain.run(GradleWorkerMain.java:69)
	at app//worker.org.gradle.process.internal.worker.GradleWorkerMain.main(GradleWorkerMain.java:74)
Caused by: java.lang.NullPointerException
	at de.uka.ilkd.key.nparser.builder.DefaultBuilder.visitKeyjavatype(DefaultBuilder.java:360)
	at de.uka.ilkd.key.nparser.builder.DefaultBuilder.visitKeyjavatype(DefaultBuilder.java:35)
	at de.uka.ilkd.key.nparser.KeYParser$KeyjavatypeContext.accept(KeYParser.java:1859)
	at de.uka.ilkd.key.nparser.builder.AbstractBuilder.accept(AbstractBuilder.java:48)
	... 171 more
</failure>
  </testcase>
  <testcase name="[7] 0" classname="de.uka.ilkd.key.nparser.ExprTest" time="0.045">
    <failure message="null at file:/D:/a/key/key/key.core/build/resources/main/de/uka/ilkd/key/proof/rules/heap.key:46:5 (file:/D:/a/key/key/key.core/build/resources/main/de/uka/ilkd/key/proof/rules/heap.key:46:5)" type="de.uka.ilkd.key.util.parsing.BuildingException">null at file:/D:/a/key/key/key.core/build/resources/main/de/uka/ilkd/key/proof/rules/heap.key:46:5 (file:/D:/a/key/key/key.core/build/resources/main/de/uka/ilkd/key/proof/rules/heap.key:46:5)
	at app//de.uka.ilkd.key.nparser.builder.AbstractBuilder.accept(AbstractBuilder.java:54)
	at app//de.uka.ilkd.key.nparser.builder.DefaultBuilder.accept(DefaultBuilder.java:35)
	at app//de.uka.ilkd.key.nparser.builder.DeclarationBuilder.visitProg_var_decls(DeclarationBuilder.java:57)
	at app//de.uka.ilkd.key.nparser.KeYParser$Prog_var_declsContext.accept(KeYParser.java:1937)
	at app//de.uka.ilkd.key.nparser.builder.AbstractBuilder.accept(AbstractBuilder.java:48)
	at app//de.uka.ilkd.key.nparser.builder.DefaultBuilder.accept(DefaultBuilder.java:35)
	at app//de.uka.ilkd.key.nparser.builder.AbstractBuilder.lambda$mapMapOf$1(AbstractBuilder.java:141)
	at java.base@11.0.19/java.util.stream.ReferencePipeline$3$1.accept(ReferencePipeline.java:195)
	at java.base@11.0.19/java.util.ArrayList$ArrayListSpliterator.forEachRemaining(ArrayList.java:1655)
	at java.base@11.0.19/java.util.stream.AbstractPipeline.copyInto(AbstractPipeline.java:484)
	at java.base@11.0.19/java.util.stream.AbstractPipeline.wrapAndCopyInto(AbstractPipeline.java:474)
	at java.base@11.0.19/java.util.stream.ForEachOps$ForEachOp.evaluateSequential(ForEachOps.java:150)
	at java.base@11.0.19/java.util.stream.ForEachOps$ForEachOp$OfRef.evaluateSequential(ForEachOps.java:173)
	at java.base@11.0.19/java.util.stream.AbstractPipeline.evaluate(AbstractPipeline.java:234)
	at java.base@11.0.19/java.util.stream.ReferencePipeline.forEach(ReferencePipeline.java:497)
	at java.base@11.0.19/java.util.stream.ReferencePipeline$7$1.accept(ReferencePipeline.java:274)
	at java.base@11.0.19/java.util.Spliterators$ArraySpliterator.forEachRemaining(Spliterators.java:948)
	at java.base@11.0.19/java.util.stream.AbstractPipeline.copyInto(AbstractPipeline.java:484)
	at java.base@11.0.19/java.util.stream.AbstractPipeline.wrapAndCopyInto(AbstractPipeline.java:474)
	at java.base@11.0.19/java.util.stream.ReduceOps$ReduceOp.evaluateSequential(ReduceOps.java:913)
	at java.base@11.0.19/java.util.stream.AbstractPipeline.evaluate(AbstractPipeline.java:234)
	at java.base@11.0.19/java.util.stream.ReferencePipeline.collect(ReferencePipeline.java:578)
	at app//de.uka.ilkd.key.nparser.builder.AbstractBuilder.mapMapOf(AbstractBuilder.java:142)
	at app//de.uka.ilkd.key.nparser.builder.DeclarationBuilder.visitDecls(DeclarationBuilder.java:48)
	at app//de.uka.ilkd.key.nparser.KeYParser$DeclsContext.accept(KeYParser.java:515)
	at app//org.antlr.v4.runtime.tree.AbstractParseTreeVisitor.visitChildren(AbstractParseTreeVisitor.java:46)
	at app//de.uka.ilkd.key.nparser.KeYParserBaseVisitor.visitFile(KeYParserBaseVisitor.java:24)
	at app//de.uka.ilkd.key.nparser.KeYParser$FileContext.accept(KeYParser.java:313)
	at app//de.uka.ilkd.key.nparser.KeyAst.accept(KeyAst.java:43)
	at app//de.uka.ilkd.key.nparser.KeyIO$Loader.loadDeclarations(KeyIO.java:298)
	at app//de.uka.ilkd.key.nparser.ExprTest.getIo(ExprTest.java:46)
	at app//de.uka.ilkd.key.nparser.ExprTest.parseAndVisit(ExprTest.java:30)
	at java.base@11.0.19/jdk.internal.reflect.NativeMethodAccessorImpl.invoke0(Native Method)
	at java.base@11.0.19/jdk.internal.reflect.NativeMethodAccessorImpl.invoke(NativeMethodAccessorImpl.java:62)
	at java.base@11.0.19/jdk.internal.reflect.DelegatingMethodAccessorImpl.invoke(DelegatingMethodAccessorImpl.java:43)
	at java.base@11.0.19/java.lang.reflect.Method.invoke(Method.java:566)
	at app//org.junit.platform.commons.util.ReflectionUtils.invokeMethod(ReflectionUtils.java:727)
	at app//org.junit.jupiter.engine.execution.MethodInvocation.proceed(MethodInvocation.java:60)
	at app//org.junit.jupiter.engine.execution.InvocationInterceptorChain$ValidatingInvocation.proceed(InvocationInterceptorChain.java:131)
	at app//org.junit.jupiter.engine.extension.TimeoutExtension.intercept(TimeoutExtension.java:156)
	at app//org.junit.jupiter.engine.extension.TimeoutExtension.interceptTestableMethod(TimeoutExtension.java:147)
	at app//org.junit.jupiter.engine.extension.TimeoutExtension.interceptTestTemplateMethod(TimeoutExtension.java:94)
	at app//org.junit.jupiter.engine.execution.InterceptingExecutableInvoker$ReflectiveInterceptorCall.lambda$ofVoidMethod$0(InterceptingExecutableInvoker.java:103)
	at app//org.junit.jupiter.engine.execution.InterceptingExecutableInvoker.lambda$invoke$0(InterceptingExecutableInvoker.java:93)
	at app//org.junit.jupiter.engine.execution.InvocationInterceptorChain$InterceptedInvocation.proceed(InvocationInterceptorChain.java:106)
	at app//org.junit.jupiter.engine.execution.InvocationInterceptorChain.proceed(InvocationInterceptorChain.java:64)
	at app//org.junit.jupiter.engine.execution.InvocationInterceptorChain.chainAndInvoke(InvocationInterceptorChain.java:45)
	at app//org.junit.jupiter.engine.execution.InvocationInterceptorChain.invoke(InvocationInterceptorChain.java:37)
	at app//org.junit.jupiter.engine.execution.InterceptingExecutableInvoker.invoke(InterceptingExecutableInvoker.java:92)
	at app//org.junit.jupiter.engine.execution.InterceptingExecutableInvoker.invoke(InterceptingExecutableInvoker.java:86)
	at app//org.junit.jupiter.engine.descriptor.TestMethodTestDescriptor.lambda$invokeTestMethod$7(TestMethodTestDescriptor.java:217)
	at app//org.junit.platform.engine.support.hierarchical.ThrowableCollector.execute(ThrowableCollector.java:73)
	at app//org.junit.jupiter.engine.descriptor.TestMethodTestDescriptor.invokeTestMethod(TestMethodTestDescriptor.java:213)
	at app//org.junit.jupiter.engine.descriptor.TestMethodTestDescriptor.execute(TestMethodTestDescriptor.java:138)
	at app//org.junit.jupiter.engine.descriptor.TestMethodTestDescriptor.execute(TestMethodTestDescriptor.java:68)
	at app//org.junit.platform.engine.support.hierarchical.NodeTestTask.lambda$executeRecursively$6(NodeTestTask.java:151)
	at app//org.junit.platform.engine.support.hierarchical.ThrowableCollector.execute(ThrowableCollector.java:73)
	at app//org.junit.platform.engine.support.hierarchical.NodeTestTask.lambda$executeRecursively$8(NodeTestTask.java:141)
	at app//org.junit.platform.engine.support.hierarchical.Node.around(Node.java:137)
	at app//org.junit.platform.engine.support.hierarchical.NodeTestTask.lambda$executeRecursively$9(NodeTestTask.java:139)
	at app//org.junit.platform.engine.support.hierarchical.ThrowableCollector.execute(ThrowableCollector.java:73)
	at app//org.junit.platform.engine.support.hierarchical.NodeTestTask.executeRecursively(NodeTestTask.java:138)
	at app//org.junit.platform.engine.support.hierarchical.NodeTestTask.execute(NodeTestTask.java:95)
	at app//org.junit.platform.engine.support.hierarchical.SameThreadHierarchicalTestExecutorService.submit(SameThreadHierarchicalTestExecutorService.java:35)
	at app//org.junit.platform.engine.support.hierarchical.NodeTestTask$DefaultDynamicTestExecutor.execute(NodeTestTask.java:226)
	at app//org.junit.platform.engine.support.hierarchical.NodeTestTask$DefaultDynamicTestExecutor.execute(NodeTestTask.java:204)
	at app//org.junit.jupiter.engine.descriptor.TestTemplateTestDescriptor.execute(TestTemplateTestDescriptor.java:142)
	at app//org.junit.jupiter.engine.descriptor.TestTemplateTestDescriptor.lambda$execute$2(TestTemplateTestDescriptor.java:110)
	at java.base@11.0.19/java.util.stream.ForEachOps$ForEachOp$OfRef.accept(ForEachOps.java:183)
	at java.base@11.0.19/java.util.stream.ReferencePipeline$3$1.accept(ReferencePipeline.java:195)
	at java.base@11.0.19/java.util.stream.ReferencePipeline$2$1.accept(ReferencePipeline.java:177)
	at java.base@11.0.19/java.util.stream.ReferencePipeline$3$1.accept(ReferencePipeline.java:195)
	at java.base@11.0.19/java.util.stream.ForEachOps$ForEachOp$OfRef.accept(ForEachOps.java:183)
	at java.base@11.0.19/java.util.stream.ReferencePipeline$3$1.accept(ReferencePipeline.java:195)
	at java.base@11.0.19/java.util.stream.ReferencePipeline$3$1.accept(ReferencePipeline.java:195)
	at java.base@11.0.19/java.util.stream.ReferencePipeline$3$1.accept(ReferencePipeline.java:195)
	at java.base@11.0.19/java.util.stream.ForEachOps$ForEachOp$OfRef.accept(ForEachOps.java:183)
	at java.base@11.0.19/java.util.Iterator.forEachRemaining(Iterator.java:133)
	at java.base@11.0.19/java.util.Spliterators$IteratorSpliterator.forEachRemaining(Spliterators.java:1801)
	at java.base@11.0.19/java.util.stream.ReferencePipeline$Head.forEach(ReferencePipeline.java:658)
	at java.base@11.0.19/java.util.stream.ReferencePipeline$7$1.accept(ReferencePipeline.java:274)
	at java.base@11.0.19/java.util.stream.ReferencePipeline$3$1.accept(ReferencePipeline.java:195)
	at java.base@11.0.19/java.util.stream.ReferencePipeline$3$1.accept(ReferencePipeline.java:195)
	at java.base@11.0.19/java.util.ArrayList$ArrayListSpliterator.forEachRemaining(ArrayList.java:1655)
	at java.base@11.0.19/java.util.stream.AbstractPipeline.copyInto(AbstractPipeline.java:484)
	at java.base@11.0.19/java.util.stream.AbstractPipeline.wrapAndCopyInto(AbstractPipeline.java:474)
	at java.base@11.0.19/java.util.stream.ForEachOps$ForEachOp.evaluateSequential(ForEachOps.java:150)
	at java.base@11.0.19/java.util.stream.ForEachOps$ForEachOp$OfRef.evaluateSequential(ForEachOps.java:173)
	at java.base@11.0.19/java.util.stream.AbstractPipeline.evaluate(AbstractPipeline.java:234)
	at java.base@11.0.19/java.util.stream.ReferencePipeline.forEach(ReferencePipeline.java:497)
	at java.base@11.0.19/java.util.stream.ReferencePipeline$7$1.accept(ReferencePipeline.java:274)
	at java.base@11.0.19/java.util.stream.ReferencePipeline$3$1.accept(ReferencePipeline.java:195)
	at java.base@11.0.19/java.util.stream.ReferencePipeline$3$1.accept(ReferencePipeline.java:195)
	at java.base@11.0.19/java.util.stream.ReferencePipeline$3$1.accept(ReferencePipeline.java:195)
	at java.base@11.0.19/java.util.ArrayList$ArrayListSpliterator.forEachRemaining(ArrayList.java:1655)
	at java.base@11.0.19/java.util.stream.AbstractPipeline.copyInto(AbstractPipeline.java:484)
	at java.base@11.0.19/java.util.stream.AbstractPipeline.wrapAndCopyInto(AbstractPipeline.java:474)
	at java.base@11.0.19/java.util.stream.ForEachOps$ForEachOp.evaluateSequential(ForEachOps.java:150)
	at java.base@11.0.19/java.util.stream.ForEachOps$ForEachOp$OfRef.evaluateSequential(ForEachOps.java:173)
	at java.base@11.0.19/java.util.stream.AbstractPipeline.evaluate(AbstractPipeline.java:234)
	at java.base@11.0.19/java.util.stream.ReferencePipeline.forEach(ReferencePipeline.java:497)
	at java.base@11.0.19/java.util.stream.ReferencePipeline$7$1.accept(ReferencePipeline.java:274)
	at java.base@11.0.19/java.util.ArrayList$ArrayListSpliterator.forEachRemaining(ArrayList.java:1655)
	at java.base@11.0.19/java.util.stream.AbstractPipeline.copyInto(AbstractPipeline.java:484)
	at java.base@11.0.19/java.util.stream.AbstractPipeline.wrapAndCopyInto(AbstractPipeline.java:474)
	at java.base@11.0.19/java.util.stream.ForEachOps$ForEachOp.evaluateSequential(ForEachOps.java:150)
	at java.base@11.0.19/java.util.stream.ForEachOps$ForEachOp$OfRef.evaluateSequential(ForEachOps.java:173)
	at java.base@11.0.19/java.util.stream.AbstractPipeline.evaluate(AbstractPipeline.java:234)
	at java.base@11.0.19/java.util.stream.ReferencePipeline.forEach(ReferencePipeline.java:497)
	at app//org.junit.jupiter.engine.descriptor.TestTemplateTestDescriptor.execute(TestTemplateTestDescriptor.java:110)
	at app//org.junit.jupiter.engine.descriptor.TestTemplateTestDescriptor.execute(TestTemplateTestDescriptor.java:44)
	at app//org.junit.platform.engine.support.hierarchical.NodeTestTask.lambda$executeRecursively$6(NodeTestTask.java:151)
	at app//org.junit.platform.engine.support.hierarchical.ThrowableCollector.execute(ThrowableCollector.java:73)
	at app//org.junit.platform.engine.support.hierarchical.NodeTestTask.lambda$executeRecursively$8(NodeTestTask.java:141)
	at app//org.junit.platform.engine.support.hierarchical.Node.around(Node.java:137)
	at app//org.junit.platform.engine.support.hierarchical.NodeTestTask.lambda$executeRecursively$9(NodeTestTask.java:139)
	at app//org.junit.platform.engine.support.hierarchical.ThrowableCollector.execute(ThrowableCollector.java:73)
	at app//org.junit.platform.engine.support.hierarchical.NodeTestTask.executeRecursively(NodeTestTask.java:138)
	at app//org.junit.platform.engine.support.hierarchical.NodeTestTask.execute(NodeTestTask.java:95)
	at java.base@11.0.19/java.util.ArrayList.forEach(ArrayList.java:1541)
	at app//org.junit.platform.engine.support.hierarchical.SameThreadHierarchicalTestExecutorService.invokeAll(SameThreadHierarchicalTestExecutorService.java:41)
	at app//org.junit.platform.engine.support.hierarchical.NodeTestTask.lambda$executeRecursively$6(NodeTestTask.java:155)
	at app//org.junit.platform.engine.support.hierarchical.ThrowableCollector.execute(ThrowableCollector.java:73)
	at app//org.junit.platform.engine.support.hierarchical.NodeTestTask.lambda$executeRecursively$8(NodeTestTask.java:141)
	at app//org.junit.platform.engine.support.hierarchical.Node.around(Node.java:137)
	at app//org.junit.platform.engine.support.hierarchical.NodeTestTask.lambda$executeRecursively$9(NodeTestTask.java:139)
	at app//org.junit.platform.engine.support.hierarchical.ThrowableCollector.execute(ThrowableCollector.java:73)
	at app//org.junit.platform.engine.support.hierarchical.NodeTestTask.executeRecursively(NodeTestTask.java:138)
	at app//org.junit.platform.engine.support.hierarchical.NodeTestTask.execute(NodeTestTask.java:95)
	at java.base@11.0.19/java.util.ArrayList.forEach(ArrayList.java:1541)
	at app//org.junit.platform.engine.support.hierarchical.SameThreadHierarchicalTestExecutorService.invokeAll(SameThreadHierarchicalTestExecutorService.java:41)
	at app//org.junit.platform.engine.support.hierarchical.NodeTestTask.lambda$executeRecursively$6(NodeTestTask.java:155)
	at app//org.junit.platform.engine.support.hierarchical.ThrowableCollector.execute(ThrowableCollector.java:73)
	at app//org.junit.platform.engine.support.hierarchical.NodeTestTask.lambda$executeRecursively$8(NodeTestTask.java:141)
	at app//org.junit.platform.engine.support.hierarchical.Node.around(Node.java:137)
	at app//org.junit.platform.engine.support.hierarchical.NodeTestTask.lambda$executeRecursively$9(NodeTestTask.java:139)
	at app//org.junit.platform.engine.support.hierarchical.ThrowableCollector.execute(ThrowableCollector.java:73)
	at app//org.junit.platform.engine.support.hierarchical.NodeTestTask.executeRecursively(NodeTestTask.java:138)
	at app//org.junit.platform.engine.support.hierarchical.NodeTestTask.execute(NodeTestTask.java:95)
	at app//org.junit.platform.engine.support.hierarchical.SameThreadHierarchicalTestExecutorService.submit(SameThreadHierarchicalTestExecutorService.java:35)
	at app//org.junit.platform.engine.support.hierarchical.HierarchicalTestExecutor.execute(HierarchicalTestExecutor.java:57)
	at app//org.junit.platform.engine.support.hierarchical.HierarchicalTestEngine.execute(HierarchicalTestEngine.java:54)
	at app//org.junit.platform.launcher.core.EngineExecutionOrchestrator.execute(EngineExecutionOrchestrator.java:107)
	at app//org.junit.platform.launcher.core.EngineExecutionOrchestrator.execute(EngineExecutionOrchestrator.java:88)
	at app//org.junit.platform.launcher.core.EngineExecutionOrchestrator.lambda$execute$0(EngineExecutionOrchestrator.java:54)
	at app//org.junit.platform.launcher.core.EngineExecutionOrchestrator.withInterceptedStreams(EngineExecutionOrchestrator.java:67)
	at app//org.junit.platform.launcher.core.EngineExecutionOrchestrator.execute(EngineExecutionOrchestrator.java:52)
	at app//org.junit.platform.launcher.core.DefaultLauncher.execute(DefaultLauncher.java:114)
	at app//org.junit.platform.launcher.core.DefaultLauncher.execute(DefaultLauncher.java:86)
	at app//org.junit.platform.launcher.core.DefaultLauncherSession$DelegatingLauncher.execute(DefaultLauncherSession.java:86)
	at org.gradle.api.internal.tasks.testing.junitplatform.JUnitPlatformTestClassProcessor$CollectAllTestClassesExecutor.processAllTestClasses(JUnitPlatformTestClassProcessor.java:110)
	at org.gradle.api.internal.tasks.testing.junitplatform.JUnitPlatformTestClassProcessor$CollectAllTestClassesExecutor.access$000(JUnitPlatformTestClassProcessor.java:90)
	at org.gradle.api.internal.tasks.testing.junitplatform.JUnitPlatformTestClassProcessor.stop(JUnitPlatformTestClassProcessor.java:85)
	at org.gradle.api.internal.tasks.testing.SuiteTestClassProcessor.stop(SuiteTestClassProcessor.java:62)
	at java.base@11.0.19/jdk.internal.reflect.NativeMethodAccessorImpl.invoke0(Native Method)
	at java.base@11.0.19/jdk.internal.reflect.NativeMethodAccessorImpl.invoke(NativeMethodAccessorImpl.java:62)
	at java.base@11.0.19/jdk.internal.reflect.DelegatingMethodAccessorImpl.invoke(DelegatingMethodAccessorImpl.java:43)
	at java.base@11.0.19/java.lang.reflect.Method.invoke(Method.java:566)
	at org.gradle.internal.dispatch.ReflectionDispatch.dispatch(ReflectionDispatch.java:36)
	at org.gradle.internal.dispatch.ReflectionDispatch.dispatch(ReflectionDispatch.java:24)
	at org.gradle.internal.dispatch.ContextClassLoaderDispatch.dispatch(ContextClassLoaderDispatch.java:33)
	at org.gradle.internal.dispatch.ProxyDispatchAdapter$DispatchingInvocationHandler.invoke(ProxyDispatchAdapter.java:94)
	at com.sun.proxy.$Proxy5.stop(Unknown Source)
	at org.gradle.api.internal.tasks.testing.worker.TestWorker$3.run(TestWorker.java:193)
	at org.gradle.api.internal.tasks.testing.worker.TestWorker.executeAndMaintainThreadName(TestWorker.java:129)
	at org.gradle.api.internal.tasks.testing.worker.TestWorker.execute(TestWorker.java:100)
	at org.gradle.api.internal.tasks.testing.worker.TestWorker.execute(TestWorker.java:60)
	at org.gradle.process.internal.worker.child.ActionExecutionWorker.execute(ActionExecutionWorker.java:56)
	at org.gradle.process.internal.worker.child.SystemApplicationClassLoaderWorker.call(SystemApplicationClassLoaderWorker.java:113)
	at org.gradle.process.internal.worker.child.SystemApplicationClassLoaderWorker.call(SystemApplicationClassLoaderWorker.java:65)
	at app//worker.org.gradle.process.internal.worker.GradleWorkerMain.run(GradleWorkerMain.java:69)
	at app//worker.org.gradle.process.internal.worker.GradleWorkerMain.main(GradleWorkerMain.java:74)
Caused by: java.lang.NullPointerException
	at de.uka.ilkd.key.nparser.builder.DefaultBuilder.visitKeyjavatype(DefaultBuilder.java:360)
	at de.uka.ilkd.key.nparser.builder.DefaultBuilder.visitKeyjavatype(DefaultBuilder.java:35)
	at de.uka.ilkd.key.nparser.KeYParser$KeyjavatypeContext.accept(KeYParser.java:1859)
	at de.uka.ilkd.key.nparser.builder.AbstractBuilder.accept(AbstractBuilder.java:48)
	... 171 more
</failure>
  </testcase>
  <testcase name="[8] 1" classname="de.uka.ilkd.key.nparser.ExprTest" time="0.061">
    <failure message="null at file:/D:/a/key/key/key.core/build/resources/main/de/uka/ilkd/key/proof/rules/heap.key:46:5 (file:/D:/a/key/key/key.core/build/resources/main/de/uka/ilkd/key/proof/rules/heap.key:46:5)" type="de.uka.ilkd.key.util.parsing.BuildingException">null at file:/D:/a/key/key/key.core/build/resources/main/de/uka/ilkd/key/proof/rules/heap.key:46:5 (file:/D:/a/key/key/key.core/build/resources/main/de/uka/ilkd/key/proof/rules/heap.key:46:5)
	at app//de.uka.ilkd.key.nparser.builder.AbstractBuilder.accept(AbstractBuilder.java:54)
	at app//de.uka.ilkd.key.nparser.builder.DefaultBuilder.accept(DefaultBuilder.java:35)
	at app//de.uka.ilkd.key.nparser.builder.DeclarationBuilder.visitProg_var_decls(DeclarationBuilder.java:57)
	at app//de.uka.ilkd.key.nparser.KeYParser$Prog_var_declsContext.accept(KeYParser.java:1937)
	at app//de.uka.ilkd.key.nparser.builder.AbstractBuilder.accept(AbstractBuilder.java:48)
	at app//de.uka.ilkd.key.nparser.builder.DefaultBuilder.accept(DefaultBuilder.java:35)
	at app//de.uka.ilkd.key.nparser.builder.AbstractBuilder.lambda$mapMapOf$1(AbstractBuilder.java:141)
	at java.base@11.0.19/java.util.stream.ReferencePipeline$3$1.accept(ReferencePipeline.java:195)
	at java.base@11.0.19/java.util.ArrayList$ArrayListSpliterator.forEachRemaining(ArrayList.java:1655)
	at java.base@11.0.19/java.util.stream.AbstractPipeline.copyInto(AbstractPipeline.java:484)
	at java.base@11.0.19/java.util.stream.AbstractPipeline.wrapAndCopyInto(AbstractPipeline.java:474)
	at java.base@11.0.19/java.util.stream.ForEachOps$ForEachOp.evaluateSequential(ForEachOps.java:150)
	at java.base@11.0.19/java.util.stream.ForEachOps$ForEachOp$OfRef.evaluateSequential(ForEachOps.java:173)
	at java.base@11.0.19/java.util.stream.AbstractPipeline.evaluate(AbstractPipeline.java:234)
	at java.base@11.0.19/java.util.stream.ReferencePipeline.forEach(ReferencePipeline.java:497)
	at java.base@11.0.19/java.util.stream.ReferencePipeline$7$1.accept(ReferencePipeline.java:274)
	at java.base@11.0.19/java.util.Spliterators$ArraySpliterator.forEachRemaining(Spliterators.java:948)
	at java.base@11.0.19/java.util.stream.AbstractPipeline.copyInto(AbstractPipeline.java:484)
	at java.base@11.0.19/java.util.stream.AbstractPipeline.wrapAndCopyInto(AbstractPipeline.java:474)
	at java.base@11.0.19/java.util.stream.ReduceOps$ReduceOp.evaluateSequential(ReduceOps.java:913)
	at java.base@11.0.19/java.util.stream.AbstractPipeline.evaluate(AbstractPipeline.java:234)
	at java.base@11.0.19/java.util.stream.ReferencePipeline.collect(ReferencePipeline.java:578)
	at app//de.uka.ilkd.key.nparser.builder.AbstractBuilder.mapMapOf(AbstractBuilder.java:142)
	at app//de.uka.ilkd.key.nparser.builder.DeclarationBuilder.visitDecls(DeclarationBuilder.java:48)
	at app//de.uka.ilkd.key.nparser.KeYParser$DeclsContext.accept(KeYParser.java:515)
	at app//org.antlr.v4.runtime.tree.AbstractParseTreeVisitor.visitChildren(AbstractParseTreeVisitor.java:46)
	at app//de.uka.ilkd.key.nparser.KeYParserBaseVisitor.visitFile(KeYParserBaseVisitor.java:24)
	at app//de.uka.ilkd.key.nparser.KeYParser$FileContext.accept(KeYParser.java:313)
	at app//de.uka.ilkd.key.nparser.KeyAst.accept(KeyAst.java:43)
	at app//de.uka.ilkd.key.nparser.KeyIO$Loader.loadDeclarations(KeyIO.java:298)
	at app//de.uka.ilkd.key.nparser.ExprTest.getIo(ExprTest.java:46)
	at app//de.uka.ilkd.key.nparser.ExprTest.parseAndVisit(ExprTest.java:30)
	at java.base@11.0.19/jdk.internal.reflect.NativeMethodAccessorImpl.invoke0(Native Method)
	at java.base@11.0.19/jdk.internal.reflect.NativeMethodAccessorImpl.invoke(NativeMethodAccessorImpl.java:62)
	at java.base@11.0.19/jdk.internal.reflect.DelegatingMethodAccessorImpl.invoke(DelegatingMethodAccessorImpl.java:43)
	at java.base@11.0.19/java.lang.reflect.Method.invoke(Method.java:566)
	at app//org.junit.platform.commons.util.ReflectionUtils.invokeMethod(ReflectionUtils.java:727)
	at app//org.junit.jupiter.engine.execution.MethodInvocation.proceed(MethodInvocation.java:60)
	at app//org.junit.jupiter.engine.execution.InvocationInterceptorChain$ValidatingInvocation.proceed(InvocationInterceptorChain.java:131)
	at app//org.junit.jupiter.engine.extension.TimeoutExtension.intercept(TimeoutExtension.java:156)
	at app//org.junit.jupiter.engine.extension.TimeoutExtension.interceptTestableMethod(TimeoutExtension.java:147)
	at app//org.junit.jupiter.engine.extension.TimeoutExtension.interceptTestTemplateMethod(TimeoutExtension.java:94)
	at app//org.junit.jupiter.engine.execution.InterceptingExecutableInvoker$ReflectiveInterceptorCall.lambda$ofVoidMethod$0(InterceptingExecutableInvoker.java:103)
	at app//org.junit.jupiter.engine.execution.InterceptingExecutableInvoker.lambda$invoke$0(InterceptingExecutableInvoker.java:93)
	at app//org.junit.jupiter.engine.execution.InvocationInterceptorChain$InterceptedInvocation.proceed(InvocationInterceptorChain.java:106)
	at app//org.junit.jupiter.engine.execution.InvocationInterceptorChain.proceed(InvocationInterceptorChain.java:64)
	at app//org.junit.jupiter.engine.execution.InvocationInterceptorChain.chainAndInvoke(InvocationInterceptorChain.java:45)
	at app//org.junit.jupiter.engine.execution.InvocationInterceptorChain.invoke(InvocationInterceptorChain.java:37)
	at app//org.junit.jupiter.engine.execution.InterceptingExecutableInvoker.invoke(InterceptingExecutableInvoker.java:92)
	at app//org.junit.jupiter.engine.execution.InterceptingExecutableInvoker.invoke(InterceptingExecutableInvoker.java:86)
	at app//org.junit.jupiter.engine.descriptor.TestMethodTestDescriptor.lambda$invokeTestMethod$7(TestMethodTestDescriptor.java:217)
	at app//org.junit.platform.engine.support.hierarchical.ThrowableCollector.execute(ThrowableCollector.java:73)
	at app//org.junit.jupiter.engine.descriptor.TestMethodTestDescriptor.invokeTestMethod(TestMethodTestDescriptor.java:213)
	at app//org.junit.jupiter.engine.descriptor.TestMethodTestDescriptor.execute(TestMethodTestDescriptor.java:138)
	at app//org.junit.jupiter.engine.descriptor.TestMethodTestDescriptor.execute(TestMethodTestDescriptor.java:68)
	at app//org.junit.platform.engine.support.hierarchical.NodeTestTask.lambda$executeRecursively$6(NodeTestTask.java:151)
	at app//org.junit.platform.engine.support.hierarchical.ThrowableCollector.execute(ThrowableCollector.java:73)
	at app//org.junit.platform.engine.support.hierarchical.NodeTestTask.lambda$executeRecursively$8(NodeTestTask.java:141)
	at app//org.junit.platform.engine.support.hierarchical.Node.around(Node.java:137)
	at app//org.junit.platform.engine.support.hierarchical.NodeTestTask.lambda$executeRecursively$9(NodeTestTask.java:139)
	at app//org.junit.platform.engine.support.hierarchical.ThrowableCollector.execute(ThrowableCollector.java:73)
	at app//org.junit.platform.engine.support.hierarchical.NodeTestTask.executeRecursively(NodeTestTask.java:138)
	at app//org.junit.platform.engine.support.hierarchical.NodeTestTask.execute(NodeTestTask.java:95)
	at app//org.junit.platform.engine.support.hierarchical.SameThreadHierarchicalTestExecutorService.submit(SameThreadHierarchicalTestExecutorService.java:35)
	at app//org.junit.platform.engine.support.hierarchical.NodeTestTask$DefaultDynamicTestExecutor.execute(NodeTestTask.java:226)
	at app//org.junit.platform.engine.support.hierarchical.NodeTestTask$DefaultDynamicTestExecutor.execute(NodeTestTask.java:204)
	at app//org.junit.jupiter.engine.descriptor.TestTemplateTestDescriptor.execute(TestTemplateTestDescriptor.java:142)
	at app//org.junit.jupiter.engine.descriptor.TestTemplateTestDescriptor.lambda$execute$2(TestTemplateTestDescriptor.java:110)
	at java.base@11.0.19/java.util.stream.ForEachOps$ForEachOp$OfRef.accept(ForEachOps.java:183)
	at java.base@11.0.19/java.util.stream.ReferencePipeline$3$1.accept(ReferencePipeline.java:195)
	at java.base@11.0.19/java.util.stream.ReferencePipeline$2$1.accept(ReferencePipeline.java:177)
	at java.base@11.0.19/java.util.stream.ReferencePipeline$3$1.accept(ReferencePipeline.java:195)
	at java.base@11.0.19/java.util.stream.ForEachOps$ForEachOp$OfRef.accept(ForEachOps.java:183)
	at java.base@11.0.19/java.util.stream.ReferencePipeline$3$1.accept(ReferencePipeline.java:195)
	at java.base@11.0.19/java.util.stream.ReferencePipeline$3$1.accept(ReferencePipeline.java:195)
	at java.base@11.0.19/java.util.stream.ReferencePipeline$3$1.accept(ReferencePipeline.java:195)
	at java.base@11.0.19/java.util.stream.ForEachOps$ForEachOp$OfRef.accept(ForEachOps.java:183)
	at java.base@11.0.19/java.util.Iterator.forEachRemaining(Iterator.java:133)
	at java.base@11.0.19/java.util.Spliterators$IteratorSpliterator.forEachRemaining(Spliterators.java:1801)
	at java.base@11.0.19/java.util.stream.ReferencePipeline$Head.forEach(ReferencePipeline.java:658)
	at java.base@11.0.19/java.util.stream.ReferencePipeline$7$1.accept(ReferencePipeline.java:274)
	at java.base@11.0.19/java.util.stream.ReferencePipeline$3$1.accept(ReferencePipeline.java:195)
	at java.base@11.0.19/java.util.stream.ReferencePipeline$3$1.accept(ReferencePipeline.java:195)
	at java.base@11.0.19/java.util.ArrayList$ArrayListSpliterator.forEachRemaining(ArrayList.java:1655)
	at java.base@11.0.19/java.util.stream.AbstractPipeline.copyInto(AbstractPipeline.java:484)
	at java.base@11.0.19/java.util.stream.AbstractPipeline.wrapAndCopyInto(AbstractPipeline.java:474)
	at java.base@11.0.19/java.util.stream.ForEachOps$ForEachOp.evaluateSequential(ForEachOps.java:150)
	at java.base@11.0.19/java.util.stream.ForEachOps$ForEachOp$OfRef.evaluateSequential(ForEachOps.java:173)
	at java.base@11.0.19/java.util.stream.AbstractPipeline.evaluate(AbstractPipeline.java:234)
	at java.base@11.0.19/java.util.stream.ReferencePipeline.forEach(ReferencePipeline.java:497)
	at java.base@11.0.19/java.util.stream.ReferencePipeline$7$1.accept(ReferencePipeline.java:274)
	at java.base@11.0.19/java.util.stream.ReferencePipeline$3$1.accept(ReferencePipeline.java:195)
	at java.base@11.0.19/java.util.stream.ReferencePipeline$3$1.accept(ReferencePipeline.java:195)
	at java.base@11.0.19/java.util.stream.ReferencePipeline$3$1.accept(ReferencePipeline.java:195)
	at java.base@11.0.19/java.util.ArrayList$ArrayListSpliterator.forEachRemaining(ArrayList.java:1655)
	at java.base@11.0.19/java.util.stream.AbstractPipeline.copyInto(AbstractPipeline.java:484)
	at java.base@11.0.19/java.util.stream.AbstractPipeline.wrapAndCopyInto(AbstractPipeline.java:474)
	at java.base@11.0.19/java.util.stream.ForEachOps$ForEachOp.evaluateSequential(ForEachOps.java:150)
	at java.base@11.0.19/java.util.stream.ForEachOps$ForEachOp$OfRef.evaluateSequential(ForEachOps.java:173)
	at java.base@11.0.19/java.util.stream.AbstractPipeline.evaluate(AbstractPipeline.java:234)
	at java.base@11.0.19/java.util.stream.ReferencePipeline.forEach(ReferencePipeline.java:497)
	at java.base@11.0.19/java.util.stream.ReferencePipeline$7$1.accept(ReferencePipeline.java:274)
	at java.base@11.0.19/java.util.ArrayList$ArrayListSpliterator.forEachRemaining(ArrayList.java:1655)
	at java.base@11.0.19/java.util.stream.AbstractPipeline.copyInto(AbstractPipeline.java:484)
	at java.base@11.0.19/java.util.stream.AbstractPipeline.wrapAndCopyInto(AbstractPipeline.java:474)
	at java.base@11.0.19/java.util.stream.ForEachOps$ForEachOp.evaluateSequential(ForEachOps.java:150)
	at java.base@11.0.19/java.util.stream.ForEachOps$ForEachOp$OfRef.evaluateSequential(ForEachOps.java:173)
	at java.base@11.0.19/java.util.stream.AbstractPipeline.evaluate(AbstractPipeline.java:234)
	at java.base@11.0.19/java.util.stream.ReferencePipeline.forEach(ReferencePipeline.java:497)
	at app//org.junit.jupiter.engine.descriptor.TestTemplateTestDescriptor.execute(TestTemplateTestDescriptor.java:110)
	at app//org.junit.jupiter.engine.descriptor.TestTemplateTestDescriptor.execute(TestTemplateTestDescriptor.java:44)
	at app//org.junit.platform.engine.support.hierarchical.NodeTestTask.lambda$executeRecursively$6(NodeTestTask.java:151)
	at app//org.junit.platform.engine.support.hierarchical.ThrowableCollector.execute(ThrowableCollector.java:73)
	at app//org.junit.platform.engine.support.hierarchical.NodeTestTask.lambda$executeRecursively$8(NodeTestTask.java:141)
	at app//org.junit.platform.engine.support.hierarchical.Node.around(Node.java:137)
	at app//org.junit.platform.engine.support.hierarchical.NodeTestTask.lambda$executeRecursively$9(NodeTestTask.java:139)
	at app//org.junit.platform.engine.support.hierarchical.ThrowableCollector.execute(ThrowableCollector.java:73)
	at app//org.junit.platform.engine.support.hierarchical.NodeTestTask.executeRecursively(NodeTestTask.java:138)
	at app//org.junit.platform.engine.support.hierarchical.NodeTestTask.execute(NodeTestTask.java:95)
	at java.base@11.0.19/java.util.ArrayList.forEach(ArrayList.java:1541)
	at app//org.junit.platform.engine.support.hierarchical.SameThreadHierarchicalTestExecutorService.invokeAll(SameThreadHierarchicalTestExecutorService.java:41)
	at app//org.junit.platform.engine.support.hierarchical.NodeTestTask.lambda$executeRecursively$6(NodeTestTask.java:155)
	at app//org.junit.platform.engine.support.hierarchical.ThrowableCollector.execute(ThrowableCollector.java:73)
	at app//org.junit.platform.engine.support.hierarchical.NodeTestTask.lambda$executeRecursively$8(NodeTestTask.java:141)
	at app//org.junit.platform.engine.support.hierarchical.Node.around(Node.java:137)
	at app//org.junit.platform.engine.support.hierarchical.NodeTestTask.lambda$executeRecursively$9(NodeTestTask.java:139)
	at app//org.junit.platform.engine.support.hierarchical.ThrowableCollector.execute(ThrowableCollector.java:73)
	at app//org.junit.platform.engine.support.hierarchical.NodeTestTask.executeRecursively(NodeTestTask.java:138)
	at app//org.junit.platform.engine.support.hierarchical.NodeTestTask.execute(NodeTestTask.java:95)
	at java.base@11.0.19/java.util.ArrayList.forEach(ArrayList.java:1541)
	at app//org.junit.platform.engine.support.hierarchical.SameThreadHierarchicalTestExecutorService.invokeAll(SameThreadHierarchicalTestExecutorService.java:41)
	at app//org.junit.platform.engine.support.hierarchical.NodeTestTask.lambda$executeRecursively$6(NodeTestTask.java:155)
	at app//org.junit.platform.engine.support.hierarchical.ThrowableCollector.execute(ThrowableCollector.java:73)
	at app//org.junit.platform.engine.support.hierarchical.NodeTestTask.lambda$executeRecursively$8(NodeTestTask.java:141)
	at app//org.junit.platform.engine.support.hierarchical.Node.around(Node.java:137)
	at app//org.junit.platform.engine.support.hierarchical.NodeTestTask.lambda$executeRecursively$9(NodeTestTask.java:139)
	at app//org.junit.platform.engine.support.hierarchical.ThrowableCollector.execute(ThrowableCollector.java:73)
	at app//org.junit.platform.engine.support.hierarchical.NodeTestTask.executeRecursively(NodeTestTask.java:138)
	at app//org.junit.platform.engine.support.hierarchical.NodeTestTask.execute(NodeTestTask.java:95)
	at app//org.junit.platform.engine.support.hierarchical.SameThreadHierarchicalTestExecutorService.submit(SameThreadHierarchicalTestExecutorService.java:35)
	at app//org.junit.platform.engine.support.hierarchical.HierarchicalTestExecutor.execute(HierarchicalTestExecutor.java:57)
	at app//org.junit.platform.engine.support.hierarchical.HierarchicalTestEngine.execute(HierarchicalTestEngine.java:54)
	at app//org.junit.platform.launcher.core.EngineExecutionOrchestrator.execute(EngineExecutionOrchestrator.java:107)
	at app//org.junit.platform.launcher.core.EngineExecutionOrchestrator.execute(EngineExecutionOrchestrator.java:88)
	at app//org.junit.platform.launcher.core.EngineExecutionOrchestrator.lambda$execute$0(EngineExecutionOrchestrator.java:54)
	at app//org.junit.platform.launcher.core.EngineExecutionOrchestrator.withInterceptedStreams(EngineExecutionOrchestrator.java:67)
	at app//org.junit.platform.launcher.core.EngineExecutionOrchestrator.execute(EngineExecutionOrchestrator.java:52)
	at app//org.junit.platform.launcher.core.DefaultLauncher.execute(DefaultLauncher.java:114)
	at app//org.junit.platform.launcher.core.DefaultLauncher.execute(DefaultLauncher.java:86)
	at app//org.junit.platform.launcher.core.DefaultLauncherSession$DelegatingLauncher.execute(DefaultLauncherSession.java:86)
	at org.gradle.api.internal.tasks.testing.junitplatform.JUnitPlatformTestClassProcessor$CollectAllTestClassesExecutor.processAllTestClasses(JUnitPlatformTestClassProcessor.java:110)
	at org.gradle.api.internal.tasks.testing.junitplatform.JUnitPlatformTestClassProcessor$CollectAllTestClassesExecutor.access$000(JUnitPlatformTestClassProcessor.java:90)
	at org.gradle.api.internal.tasks.testing.junitplatform.JUnitPlatformTestClassProcessor.stop(JUnitPlatformTestClassProcessor.java:85)
	at org.gradle.api.internal.tasks.testing.SuiteTestClassProcessor.stop(SuiteTestClassProcessor.java:62)
	at java.base@11.0.19/jdk.internal.reflect.NativeMethodAccessorImpl.invoke0(Native Method)
	at java.base@11.0.19/jdk.internal.reflect.NativeMethodAccessorImpl.invoke(NativeMethodAccessorImpl.java:62)
	at java.base@11.0.19/jdk.internal.reflect.DelegatingMethodAccessorImpl.invoke(DelegatingMethodAccessorImpl.java:43)
	at java.base@11.0.19/java.lang.reflect.Method.invoke(Method.java:566)
	at org.gradle.internal.dispatch.ReflectionDispatch.dispatch(ReflectionDispatch.java:36)
	at org.gradle.internal.dispatch.ReflectionDispatch.dispatch(ReflectionDispatch.java:24)
	at org.gradle.internal.dispatch.ContextClassLoaderDispatch.dispatch(ContextClassLoaderDispatch.java:33)
	at org.gradle.internal.dispatch.ProxyDispatchAdapter$DispatchingInvocationHandler.invoke(ProxyDispatchAdapter.java:94)
	at com.sun.proxy.$Proxy5.stop(Unknown Source)
	at org.gradle.api.internal.tasks.testing.worker.TestWorker$3.run(TestWorker.java:193)
	at org.gradle.api.internal.tasks.testing.worker.TestWorker.executeAndMaintainThreadName(TestWorker.java:129)
	at org.gradle.api.internal.tasks.testing.worker.TestWorker.execute(TestWorker.java:100)
	at org.gradle.api.internal.tasks.testing.worker.TestWorker.execute(TestWorker.java:60)
	at org.gradle.process.internal.worker.child.ActionExecutionWorker.execute(ActionExecutionWorker.java:56)
	at org.gradle.process.internal.worker.child.SystemApplicationClassLoaderWorker.call(SystemApplicationClassLoaderWorker.java:113)
	at org.gradle.process.internal.worker.child.SystemApplicationClassLoaderWorker.call(SystemApplicationClassLoaderWorker.java:65)
	at app//worker.org.gradle.process.internal.worker.GradleWorkerMain.run(GradleWorkerMain.java:69)
	at app//worker.org.gradle.process.internal.worker.GradleWorkerMain.main(GradleWorkerMain.java:74)
Caused by: java.lang.NullPointerException
	at de.uka.ilkd.key.nparser.builder.DefaultBuilder.visitKeyjavatype(DefaultBuilder.java:360)
	at de.uka.ilkd.key.nparser.builder.DefaultBuilder.visitKeyjavatype(DefaultBuilder.java:35)
	at de.uka.ilkd.key.nparser.KeYParser$KeyjavatypeContext.accept(KeYParser.java:1859)
	at de.uka.ilkd.key.nparser.builder.AbstractBuilder.accept(AbstractBuilder.java:48)
	... 171 more
</failure>
  </testcase>
  <testcase name="[9] 42" classname="de.uka.ilkd.key.nparser.ExprTest" time="0.048">
    <failure message="null at file:/D:/a/key/key/key.core/build/resources/main/de/uka/ilkd/key/proof/rules/heap.key:46:5 (file:/D:/a/key/key/key.core/build/resources/main/de/uka/ilkd/key/proof/rules/heap.key:46:5)" type="de.uka.ilkd.key.util.parsing.BuildingException">null at file:/D:/a/key/key/key.core/build/resources/main/de/uka/ilkd/key/proof/rules/heap.key:46:5 (file:/D:/a/key/key/key.core/build/resources/main/de/uka/ilkd/key/proof/rules/heap.key:46:5)
	at app//de.uka.ilkd.key.nparser.builder.AbstractBuilder.accept(AbstractBuilder.java:54)
	at app//de.uka.ilkd.key.nparser.builder.DefaultBuilder.accept(DefaultBuilder.java:35)
	at app//de.uka.ilkd.key.nparser.builder.DeclarationBuilder.visitProg_var_decls(DeclarationBuilder.java:57)
	at app//de.uka.ilkd.key.nparser.KeYParser$Prog_var_declsContext.accept(KeYParser.java:1937)
	at app//de.uka.ilkd.key.nparser.builder.AbstractBuilder.accept(AbstractBuilder.java:48)
	at app//de.uka.ilkd.key.nparser.builder.DefaultBuilder.accept(DefaultBuilder.java:35)
	at app//de.uka.ilkd.key.nparser.builder.AbstractBuilder.lambda$mapMapOf$1(AbstractBuilder.java:141)
	at java.base@11.0.19/java.util.stream.ReferencePipeline$3$1.accept(ReferencePipeline.java:195)
	at java.base@11.0.19/java.util.ArrayList$ArrayListSpliterator.forEachRemaining(ArrayList.java:1655)
	at java.base@11.0.19/java.util.stream.AbstractPipeline.copyInto(AbstractPipeline.java:484)
	at java.base@11.0.19/java.util.stream.AbstractPipeline.wrapAndCopyInto(AbstractPipeline.java:474)
	at java.base@11.0.19/java.util.stream.ForEachOps$ForEachOp.evaluateSequential(ForEachOps.java:150)
	at java.base@11.0.19/java.util.stream.ForEachOps$ForEachOp$OfRef.evaluateSequential(ForEachOps.java:173)
	at java.base@11.0.19/java.util.stream.AbstractPipeline.evaluate(AbstractPipeline.java:234)
	at java.base@11.0.19/java.util.stream.ReferencePipeline.forEach(ReferencePipeline.java:497)
	at java.base@11.0.19/java.util.stream.ReferencePipeline$7$1.accept(ReferencePipeline.java:274)
	at java.base@11.0.19/java.util.Spliterators$ArraySpliterator.forEachRemaining(Spliterators.java:948)
	at java.base@11.0.19/java.util.stream.AbstractPipeline.copyInto(AbstractPipeline.java:484)
	at java.base@11.0.19/java.util.stream.AbstractPipeline.wrapAndCopyInto(AbstractPipeline.java:474)
	at java.base@11.0.19/java.util.stream.ReduceOps$ReduceOp.evaluateSequential(ReduceOps.java:913)
	at java.base@11.0.19/java.util.stream.AbstractPipeline.evaluate(AbstractPipeline.java:234)
	at java.base@11.0.19/java.util.stream.ReferencePipeline.collect(ReferencePipeline.java:578)
	at app//de.uka.ilkd.key.nparser.builder.AbstractBuilder.mapMapOf(AbstractBuilder.java:142)
	at app//de.uka.ilkd.key.nparser.builder.DeclarationBuilder.visitDecls(DeclarationBuilder.java:48)
	at app//de.uka.ilkd.key.nparser.KeYParser$DeclsContext.accept(KeYParser.java:515)
	at app//org.antlr.v4.runtime.tree.AbstractParseTreeVisitor.visitChildren(AbstractParseTreeVisitor.java:46)
	at app//de.uka.ilkd.key.nparser.KeYParserBaseVisitor.visitFile(KeYParserBaseVisitor.java:24)
	at app//de.uka.ilkd.key.nparser.KeYParser$FileContext.accept(KeYParser.java:313)
	at app//de.uka.ilkd.key.nparser.KeyAst.accept(KeyAst.java:43)
	at app//de.uka.ilkd.key.nparser.KeyIO$Loader.loadDeclarations(KeyIO.java:298)
	at app//de.uka.ilkd.key.nparser.ExprTest.getIo(ExprTest.java:46)
	at app//de.uka.ilkd.key.nparser.ExprTest.parseAndVisit(ExprTest.java:30)
	at java.base@11.0.19/jdk.internal.reflect.NativeMethodAccessorImpl.invoke0(Native Method)
	at java.base@11.0.19/jdk.internal.reflect.NativeMethodAccessorImpl.invoke(NativeMethodAccessorImpl.java:62)
	at java.base@11.0.19/jdk.internal.reflect.DelegatingMethodAccessorImpl.invoke(DelegatingMethodAccessorImpl.java:43)
	at java.base@11.0.19/java.lang.reflect.Method.invoke(Method.java:566)
	at app//org.junit.platform.commons.util.ReflectionUtils.invokeMethod(ReflectionUtils.java:727)
	at app//org.junit.jupiter.engine.execution.MethodInvocation.proceed(MethodInvocation.java:60)
	at app//org.junit.jupiter.engine.execution.InvocationInterceptorChain$ValidatingInvocation.proceed(InvocationInterceptorChain.java:131)
	at app//org.junit.jupiter.engine.extension.TimeoutExtension.intercept(TimeoutExtension.java:156)
	at app//org.junit.jupiter.engine.extension.TimeoutExtension.interceptTestableMethod(TimeoutExtension.java:147)
	at app//org.junit.jupiter.engine.extension.TimeoutExtension.interceptTestTemplateMethod(TimeoutExtension.java:94)
	at app//org.junit.jupiter.engine.execution.InterceptingExecutableInvoker$ReflectiveInterceptorCall.lambda$ofVoidMethod$0(InterceptingExecutableInvoker.java:103)
	at app//org.junit.jupiter.engine.execution.InterceptingExecutableInvoker.lambda$invoke$0(InterceptingExecutableInvoker.java:93)
	at app//org.junit.jupiter.engine.execution.InvocationInterceptorChain$InterceptedInvocation.proceed(InvocationInterceptorChain.java:106)
	at app//org.junit.jupiter.engine.execution.InvocationInterceptorChain.proceed(InvocationInterceptorChain.java:64)
	at app//org.junit.jupiter.engine.execution.InvocationInterceptorChain.chainAndInvoke(InvocationInterceptorChain.java:45)
	at app//org.junit.jupiter.engine.execution.InvocationInterceptorChain.invoke(InvocationInterceptorChain.java:37)
	at app//org.junit.jupiter.engine.execution.InterceptingExecutableInvoker.invoke(InterceptingExecutableInvoker.java:92)
	at app//org.junit.jupiter.engine.execution.InterceptingExecutableInvoker.invoke(InterceptingExecutableInvoker.java:86)
	at app//org.junit.jupiter.engine.descriptor.TestMethodTestDescriptor.lambda$invokeTestMethod$7(TestMethodTestDescriptor.java:217)
	at app//org.junit.platform.engine.support.hierarchical.ThrowableCollector.execute(ThrowableCollector.java:73)
	at app//org.junit.jupiter.engine.descriptor.TestMethodTestDescriptor.invokeTestMethod(TestMethodTestDescriptor.java:213)
	at app//org.junit.jupiter.engine.descriptor.TestMethodTestDescriptor.execute(TestMethodTestDescriptor.java:138)
	at app//org.junit.jupiter.engine.descriptor.TestMethodTestDescriptor.execute(TestMethodTestDescriptor.java:68)
	at app//org.junit.platform.engine.support.hierarchical.NodeTestTask.lambda$executeRecursively$6(NodeTestTask.java:151)
	at app//org.junit.platform.engine.support.hierarchical.ThrowableCollector.execute(ThrowableCollector.java:73)
	at app//org.junit.platform.engine.support.hierarchical.NodeTestTask.lambda$executeRecursively$8(NodeTestTask.java:141)
	at app//org.junit.platform.engine.support.hierarchical.Node.around(Node.java:137)
	at app//org.junit.platform.engine.support.hierarchical.NodeTestTask.lambda$executeRecursively$9(NodeTestTask.java:139)
	at app//org.junit.platform.engine.support.hierarchical.ThrowableCollector.execute(ThrowableCollector.java:73)
	at app//org.junit.platform.engine.support.hierarchical.NodeTestTask.executeRecursively(NodeTestTask.java:138)
	at app//org.junit.platform.engine.support.hierarchical.NodeTestTask.execute(NodeTestTask.java:95)
	at app//org.junit.platform.engine.support.hierarchical.SameThreadHierarchicalTestExecutorService.submit(SameThreadHierarchicalTestExecutorService.java:35)
	at app//org.junit.platform.engine.support.hierarchical.NodeTestTask$DefaultDynamicTestExecutor.execute(NodeTestTask.java:226)
	at app//org.junit.platform.engine.support.hierarchical.NodeTestTask$DefaultDynamicTestExecutor.execute(NodeTestTask.java:204)
	at app//org.junit.jupiter.engine.descriptor.TestTemplateTestDescriptor.execute(TestTemplateTestDescriptor.java:142)
	at app//org.junit.jupiter.engine.descriptor.TestTemplateTestDescriptor.lambda$execute$2(TestTemplateTestDescriptor.java:110)
	at java.base@11.0.19/java.util.stream.ForEachOps$ForEachOp$OfRef.accept(ForEachOps.java:183)
	at java.base@11.0.19/java.util.stream.ReferencePipeline$3$1.accept(ReferencePipeline.java:195)
	at java.base@11.0.19/java.util.stream.ReferencePipeline$2$1.accept(ReferencePipeline.java:177)
	at java.base@11.0.19/java.util.stream.ReferencePipeline$3$1.accept(ReferencePipeline.java:195)
	at java.base@11.0.19/java.util.stream.ForEachOps$ForEachOp$OfRef.accept(ForEachOps.java:183)
	at java.base@11.0.19/java.util.stream.ReferencePipeline$3$1.accept(ReferencePipeline.java:195)
	at java.base@11.0.19/java.util.stream.ReferencePipeline$3$1.accept(ReferencePipeline.java:195)
	at java.base@11.0.19/java.util.stream.ReferencePipeline$3$1.accept(ReferencePipeline.java:195)
	at java.base@11.0.19/java.util.stream.ForEachOps$ForEachOp$OfRef.accept(ForEachOps.java:183)
	at java.base@11.0.19/java.util.Iterator.forEachRemaining(Iterator.java:133)
	at java.base@11.0.19/java.util.Spliterators$IteratorSpliterator.forEachRemaining(Spliterators.java:1801)
	at java.base@11.0.19/java.util.stream.ReferencePipeline$Head.forEach(ReferencePipeline.java:658)
	at java.base@11.0.19/java.util.stream.ReferencePipeline$7$1.accept(ReferencePipeline.java:274)
	at java.base@11.0.19/java.util.stream.ReferencePipeline$3$1.accept(ReferencePipeline.java:195)
	at java.base@11.0.19/java.util.stream.ReferencePipeline$3$1.accept(ReferencePipeline.java:195)
	at java.base@11.0.19/java.util.ArrayList$ArrayListSpliterator.forEachRemaining(ArrayList.java:1655)
	at java.base@11.0.19/java.util.stream.AbstractPipeline.copyInto(AbstractPipeline.java:484)
	at java.base@11.0.19/java.util.stream.AbstractPipeline.wrapAndCopyInto(AbstractPipeline.java:474)
	at java.base@11.0.19/java.util.stream.ForEachOps$ForEachOp.evaluateSequential(ForEachOps.java:150)
	at java.base@11.0.19/java.util.stream.ForEachOps$ForEachOp$OfRef.evaluateSequential(ForEachOps.java:173)
	at java.base@11.0.19/java.util.stream.AbstractPipeline.evaluate(AbstractPipeline.java:234)
	at java.base@11.0.19/java.util.stream.ReferencePipeline.forEach(ReferencePipeline.java:497)
	at java.base@11.0.19/java.util.stream.ReferencePipeline$7$1.accept(ReferencePipeline.java:274)
	at java.base@11.0.19/java.util.stream.ReferencePipeline$3$1.accept(ReferencePipeline.java:195)
	at java.base@11.0.19/java.util.stream.ReferencePipeline$3$1.accept(ReferencePipeline.java:195)
	at java.base@11.0.19/java.util.stream.ReferencePipeline$3$1.accept(ReferencePipeline.java:195)
	at java.base@11.0.19/java.util.ArrayList$ArrayListSpliterator.forEachRemaining(ArrayList.java:1655)
	at java.base@11.0.19/java.util.stream.AbstractPipeline.copyInto(AbstractPipeline.java:484)
	at java.base@11.0.19/java.util.stream.AbstractPipeline.wrapAndCopyInto(AbstractPipeline.java:474)
	at java.base@11.0.19/java.util.stream.ForEachOps$ForEachOp.evaluateSequential(ForEachOps.java:150)
	at java.base@11.0.19/java.util.stream.ForEachOps$ForEachOp$OfRef.evaluateSequential(ForEachOps.java:173)
	at java.base@11.0.19/java.util.stream.AbstractPipeline.evaluate(AbstractPipeline.java:234)
	at java.base@11.0.19/java.util.stream.ReferencePipeline.forEach(ReferencePipeline.java:497)
	at java.base@11.0.19/java.util.stream.ReferencePipeline$7$1.accept(ReferencePipeline.java:274)
	at java.base@11.0.19/java.util.ArrayList$ArrayListSpliterator.forEachRemaining(ArrayList.java:1655)
	at java.base@11.0.19/java.util.stream.AbstractPipeline.copyInto(AbstractPipeline.java:484)
	at java.base@11.0.19/java.util.stream.AbstractPipeline.wrapAndCopyInto(AbstractPipeline.java:474)
	at java.base@11.0.19/java.util.stream.ForEachOps$ForEachOp.evaluateSequential(ForEachOps.java:150)
	at java.base@11.0.19/java.util.stream.ForEachOps$ForEachOp$OfRef.evaluateSequential(ForEachOps.java:173)
	at java.base@11.0.19/java.util.stream.AbstractPipeline.evaluate(AbstractPipeline.java:234)
	at java.base@11.0.19/java.util.stream.ReferencePipeline.forEach(ReferencePipeline.java:497)
	at app//org.junit.jupiter.engine.descriptor.TestTemplateTestDescriptor.execute(TestTemplateTestDescriptor.java:110)
	at app//org.junit.jupiter.engine.descriptor.TestTemplateTestDescriptor.execute(TestTemplateTestDescriptor.java:44)
	at app//org.junit.platform.engine.support.hierarchical.NodeTestTask.lambda$executeRecursively$6(NodeTestTask.java:151)
	at app//org.junit.platform.engine.support.hierarchical.ThrowableCollector.execute(ThrowableCollector.java:73)
	at app//org.junit.platform.engine.support.hierarchical.NodeTestTask.lambda$executeRecursively$8(NodeTestTask.java:141)
	at app//org.junit.platform.engine.support.hierarchical.Node.around(Node.java:137)
	at app//org.junit.platform.engine.support.hierarchical.NodeTestTask.lambda$executeRecursively$9(NodeTestTask.java:139)
	at app//org.junit.platform.engine.support.hierarchical.ThrowableCollector.execute(ThrowableCollector.java:73)
	at app//org.junit.platform.engine.support.hierarchical.NodeTestTask.executeRecursively(NodeTestTask.java:138)
	at app//org.junit.platform.engine.support.hierarchical.NodeTestTask.execute(NodeTestTask.java:95)
	at java.base@11.0.19/java.util.ArrayList.forEach(ArrayList.java:1541)
	at app//org.junit.platform.engine.support.hierarchical.SameThreadHierarchicalTestExecutorService.invokeAll(SameThreadHierarchicalTestExecutorService.java:41)
	at app//org.junit.platform.engine.support.hierarchical.NodeTestTask.lambda$executeRecursively$6(NodeTestTask.java:155)
	at app//org.junit.platform.engine.support.hierarchical.ThrowableCollector.execute(ThrowableCollector.java:73)
	at app//org.junit.platform.engine.support.hierarchical.NodeTestTask.lambda$executeRecursively$8(NodeTestTask.java:141)
	at app//org.junit.platform.engine.support.hierarchical.Node.around(Node.java:137)
	at app//org.junit.platform.engine.support.hierarchical.NodeTestTask.lambda$executeRecursively$9(NodeTestTask.java:139)
	at app//org.junit.platform.engine.support.hierarchical.ThrowableCollector.execute(ThrowableCollector.java:73)
	at app//org.junit.platform.engine.support.hierarchical.NodeTestTask.executeRecursively(NodeTestTask.java:138)
	at app//org.junit.platform.engine.support.hierarchical.NodeTestTask.execute(NodeTestTask.java:95)
	at java.base@11.0.19/java.util.ArrayList.forEach(ArrayList.java:1541)
	at app//org.junit.platform.engine.support.hierarchical.SameThreadHierarchicalTestExecutorService.invokeAll(SameThreadHierarchicalTestExecutorService.java:41)
	at app//org.junit.platform.engine.support.hierarchical.NodeTestTask.lambda$executeRecursively$6(NodeTestTask.java:155)
	at app//org.junit.platform.engine.support.hierarchical.ThrowableCollector.execute(ThrowableCollector.java:73)
	at app//org.junit.platform.engine.support.hierarchical.NodeTestTask.lambda$executeRecursively$8(NodeTestTask.java:141)
	at app//org.junit.platform.engine.support.hierarchical.Node.around(Node.java:137)
	at app//org.junit.platform.engine.support.hierarchical.NodeTestTask.lambda$executeRecursively$9(NodeTestTask.java:139)
	at app//org.junit.platform.engine.support.hierarchical.ThrowableCollector.execute(ThrowableCollector.java:73)
	at app//org.junit.platform.engine.support.hierarchical.NodeTestTask.executeRecursively(NodeTestTask.java:138)
	at app//org.junit.platform.engine.support.hierarchical.NodeTestTask.execute(NodeTestTask.java:95)
	at app//org.junit.platform.engine.support.hierarchical.SameThreadHierarchicalTestExecutorService.submit(SameThreadHierarchicalTestExecutorService.java:35)
	at app//org.junit.platform.engine.support.hierarchical.HierarchicalTestExecutor.execute(HierarchicalTestExecutor.java:57)
	at app//org.junit.platform.engine.support.hierarchical.HierarchicalTestEngine.execute(HierarchicalTestEngine.java:54)
	at app//org.junit.platform.launcher.core.EngineExecutionOrchestrator.execute(EngineExecutionOrchestrator.java:107)
	at app//org.junit.platform.launcher.core.EngineExecutionOrchestrator.execute(EngineExecutionOrchestrator.java:88)
	at app//org.junit.platform.launcher.core.EngineExecutionOrchestrator.lambda$execute$0(EngineExecutionOrchestrator.java:54)
	at app//org.junit.platform.launcher.core.EngineExecutionOrchestrator.withInterceptedStreams(EngineExecutionOrchestrator.java:67)
	at app//org.junit.platform.launcher.core.EngineExecutionOrchestrator.execute(EngineExecutionOrchestrator.java:52)
	at app//org.junit.platform.launcher.core.DefaultLauncher.execute(DefaultLauncher.java:114)
	at app//org.junit.platform.launcher.core.DefaultLauncher.execute(DefaultLauncher.java:86)
	at app//org.junit.platform.launcher.core.DefaultLauncherSession$DelegatingLauncher.execute(DefaultLauncherSession.java:86)
	at org.gradle.api.internal.tasks.testing.junitplatform.JUnitPlatformTestClassProcessor$CollectAllTestClassesExecutor.processAllTestClasses(JUnitPlatformTestClassProcessor.java:110)
	at org.gradle.api.internal.tasks.testing.junitplatform.JUnitPlatformTestClassProcessor$CollectAllTestClassesExecutor.access$000(JUnitPlatformTestClassProcessor.java:90)
	at org.gradle.api.internal.tasks.testing.junitplatform.JUnitPlatformTestClassProcessor.stop(JUnitPlatformTestClassProcessor.java:85)
	at org.gradle.api.internal.tasks.testing.SuiteTestClassProcessor.stop(SuiteTestClassProcessor.java:62)
	at java.base@11.0.19/jdk.internal.reflect.NativeMethodAccessorImpl.invoke0(Native Method)
	at java.base@11.0.19/jdk.internal.reflect.NativeMethodAccessorImpl.invoke(NativeMethodAccessorImpl.java:62)
	at java.base@11.0.19/jdk.internal.reflect.DelegatingMethodAccessorImpl.invoke(DelegatingMethodAccessorImpl.java:43)
	at java.base@11.0.19/java.lang.reflect.Method.invoke(Method.java:566)
	at org.gradle.internal.dispatch.ReflectionDispatch.dispatch(ReflectionDispatch.java:36)
	at org.gradle.internal.dispatch.ReflectionDispatch.dispatch(ReflectionDispatch.java:24)
	at org.gradle.internal.dispatch.ContextClassLoaderDispatch.dispatch(ContextClassLoaderDispatch.java:33)
	at org.gradle.internal.dispatch.ProxyDispatchAdapter$DispatchingInvocationHandler.invoke(ProxyDispatchAdapter.java:94)
	at com.sun.proxy.$Proxy5.stop(Unknown Source)
	at org.gradle.api.internal.tasks.testing.worker.TestWorker$3.run(TestWorker.java:193)
	at org.gradle.api.internal.tasks.testing.worker.TestWorker.executeAndMaintainThreadName(TestWorker.java:129)
	at org.gradle.api.internal.tasks.testing.worker.TestWorker.execute(TestWorker.java:100)
	at org.gradle.api.internal.tasks.testing.worker.TestWorker.execute(TestWorker.java:60)
	at org.gradle.process.internal.worker.child.ActionExecutionWorker.execute(ActionExecutionWorker.java:56)
	at org.gradle.process.internal.worker.child.SystemApplicationClassLoaderWorker.call(SystemApplicationClassLoaderWorker.java:113)
	at org.gradle.process.internal.worker.child.SystemApplicationClassLoaderWorker.call(SystemApplicationClassLoaderWorker.java:65)
	at app//worker.org.gradle.process.internal.worker.GradleWorkerMain.run(GradleWorkerMain.java:69)
	at app//worker.org.gradle.process.internal.worker.GradleWorkerMain.main(GradleWorkerMain.java:74)
Caused by: java.lang.NullPointerException
	at de.uka.ilkd.key.nparser.builder.DefaultBuilder.visitKeyjavatype(DefaultBuilder.java:360)
	at de.uka.ilkd.key.nparser.builder.DefaultBuilder.visitKeyjavatype(DefaultBuilder.java:35)
	at de.uka.ilkd.key.nparser.KeYParser$KeyjavatypeContext.accept(KeYParser.java:1859)
	at de.uka.ilkd.key.nparser.builder.AbstractBuilder.accept(AbstractBuilder.java:48)
	... 171 more
</failure>
  </testcase>
  <testcase name="[10] -5" classname="de.uka.ilkd.key.nparser.ExprTest" time="0.034">
    <failure message="null at file:/D:/a/key/key/key.core/build/resources/main/de/uka/ilkd/key/proof/rules/heap.key:46:5 (file:/D:/a/key/key/key.core/build/resources/main/de/uka/ilkd/key/proof/rules/heap.key:46:5)" type="de.uka.ilkd.key.util.parsing.BuildingException">null at file:/D:/a/key/key/key.core/build/resources/main/de/uka/ilkd/key/proof/rules/heap.key:46:5 (file:/D:/a/key/key/key.core/build/resources/main/de/uka/ilkd/key/proof/rules/heap.key:46:5)
	at app//de.uka.ilkd.key.nparser.builder.AbstractBuilder.accept(AbstractBuilder.java:54)
	at app//de.uka.ilkd.key.nparser.builder.DefaultBuilder.accept(DefaultBuilder.java:35)
	at app//de.uka.ilkd.key.nparser.builder.DeclarationBuilder.visitProg_var_decls(DeclarationBuilder.java:57)
	at app//de.uka.ilkd.key.nparser.KeYParser$Prog_var_declsContext.accept(KeYParser.java:1937)
	at app//de.uka.ilkd.key.nparser.builder.AbstractBuilder.accept(AbstractBuilder.java:48)
	at app//de.uka.ilkd.key.nparser.builder.DefaultBuilder.accept(DefaultBuilder.java:35)
	at app//de.uka.ilkd.key.nparser.builder.AbstractBuilder.lambda$mapMapOf$1(AbstractBuilder.java:141)
	at java.base@11.0.19/java.util.stream.ReferencePipeline$3$1.accept(ReferencePipeline.java:195)
	at java.base@11.0.19/java.util.ArrayList$ArrayListSpliterator.forEachRemaining(ArrayList.java:1655)
	at java.base@11.0.19/java.util.stream.AbstractPipeline.copyInto(AbstractPipeline.java:484)
	at java.base@11.0.19/java.util.stream.AbstractPipeline.wrapAndCopyInto(AbstractPipeline.java:474)
	at java.base@11.0.19/java.util.stream.ForEachOps$ForEachOp.evaluateSequential(ForEachOps.java:150)
	at java.base@11.0.19/java.util.stream.ForEachOps$ForEachOp$OfRef.evaluateSequential(ForEachOps.java:173)
	at java.base@11.0.19/java.util.stream.AbstractPipeline.evaluate(AbstractPipeline.java:234)
	at java.base@11.0.19/java.util.stream.ReferencePipeline.forEach(ReferencePipeline.java:497)
	at java.base@11.0.19/java.util.stream.ReferencePipeline$7$1.accept(ReferencePipeline.java:274)
	at java.base@11.0.19/java.util.Spliterators$ArraySpliterator.forEachRemaining(Spliterators.java:948)
	at java.base@11.0.19/java.util.stream.AbstractPipeline.copyInto(AbstractPipeline.java:484)
	at java.base@11.0.19/java.util.stream.AbstractPipeline.wrapAndCopyInto(AbstractPipeline.java:474)
	at java.base@11.0.19/java.util.stream.ReduceOps$ReduceOp.evaluateSequential(ReduceOps.java:913)
	at java.base@11.0.19/java.util.stream.AbstractPipeline.evaluate(AbstractPipeline.java:234)
	at java.base@11.0.19/java.util.stream.ReferencePipeline.collect(ReferencePipeline.java:578)
	at app//de.uka.ilkd.key.nparser.builder.AbstractBuilder.mapMapOf(AbstractBuilder.java:142)
	at app//de.uka.ilkd.key.nparser.builder.DeclarationBuilder.visitDecls(DeclarationBuilder.java:48)
	at app//de.uka.ilkd.key.nparser.KeYParser$DeclsContext.accept(KeYParser.java:515)
	at app//org.antlr.v4.runtime.tree.AbstractParseTreeVisitor.visitChildren(AbstractParseTreeVisitor.java:46)
	at app//de.uka.ilkd.key.nparser.KeYParserBaseVisitor.visitFile(KeYParserBaseVisitor.java:24)
	at app//de.uka.ilkd.key.nparser.KeYParser$FileContext.accept(KeYParser.java:313)
	at app//de.uka.ilkd.key.nparser.KeyAst.accept(KeyAst.java:43)
	at app//de.uka.ilkd.key.nparser.KeyIO$Loader.loadDeclarations(KeyIO.java:298)
	at app//de.uka.ilkd.key.nparser.ExprTest.getIo(ExprTest.java:46)
	at app//de.uka.ilkd.key.nparser.ExprTest.parseAndVisit(ExprTest.java:30)
	at java.base@11.0.19/jdk.internal.reflect.NativeMethodAccessorImpl.invoke0(Native Method)
	at java.base@11.0.19/jdk.internal.reflect.NativeMethodAccessorImpl.invoke(NativeMethodAccessorImpl.java:62)
	at java.base@11.0.19/jdk.internal.reflect.DelegatingMethodAccessorImpl.invoke(DelegatingMethodAccessorImpl.java:43)
	at java.base@11.0.19/java.lang.reflect.Method.invoke(Method.java:566)
	at app//org.junit.platform.commons.util.ReflectionUtils.invokeMethod(ReflectionUtils.java:727)
	at app//org.junit.jupiter.engine.execution.MethodInvocation.proceed(MethodInvocation.java:60)
	at app//org.junit.jupiter.engine.execution.InvocationInterceptorChain$ValidatingInvocation.proceed(InvocationInterceptorChain.java:131)
	at app//org.junit.jupiter.engine.extension.TimeoutExtension.intercept(TimeoutExtension.java:156)
	at app//org.junit.jupiter.engine.extension.TimeoutExtension.interceptTestableMethod(TimeoutExtension.java:147)
	at app//org.junit.jupiter.engine.extension.TimeoutExtension.interceptTestTemplateMethod(TimeoutExtension.java:94)
	at app//org.junit.jupiter.engine.execution.InterceptingExecutableInvoker$ReflectiveInterceptorCall.lambda$ofVoidMethod$0(InterceptingExecutableInvoker.java:103)
	at app//org.junit.jupiter.engine.execution.InterceptingExecutableInvoker.lambda$invoke$0(InterceptingExecutableInvoker.java:93)
	at app//org.junit.jupiter.engine.execution.InvocationInterceptorChain$InterceptedInvocation.proceed(InvocationInterceptorChain.java:106)
	at app//org.junit.jupiter.engine.execution.InvocationInterceptorChain.proceed(InvocationInterceptorChain.java:64)
	at app//org.junit.jupiter.engine.execution.InvocationInterceptorChain.chainAndInvoke(InvocationInterceptorChain.java:45)
	at app//org.junit.jupiter.engine.execution.InvocationInterceptorChain.invoke(InvocationInterceptorChain.java:37)
	at app//org.junit.jupiter.engine.execution.InterceptingExecutableInvoker.invoke(InterceptingExecutableInvoker.java:92)
	at app//org.junit.jupiter.engine.execution.InterceptingExecutableInvoker.invoke(InterceptingExecutableInvoker.java:86)
	at app//org.junit.jupiter.engine.descriptor.TestMethodTestDescriptor.lambda$invokeTestMethod$7(TestMethodTestDescriptor.java:217)
	at app//org.junit.platform.engine.support.hierarchical.ThrowableCollector.execute(ThrowableCollector.java:73)
	at app//org.junit.jupiter.engine.descriptor.TestMethodTestDescriptor.invokeTestMethod(TestMethodTestDescriptor.java:213)
	at app//org.junit.jupiter.engine.descriptor.TestMethodTestDescriptor.execute(TestMethodTestDescriptor.java:138)
	at app//org.junit.jupiter.engine.descriptor.TestMethodTestDescriptor.execute(TestMethodTestDescriptor.java:68)
	at app//org.junit.platform.engine.support.hierarchical.NodeTestTask.lambda$executeRecursively$6(NodeTestTask.java:151)
	at app//org.junit.platform.engine.support.hierarchical.ThrowableCollector.execute(ThrowableCollector.java:73)
	at app//org.junit.platform.engine.support.hierarchical.NodeTestTask.lambda$executeRecursively$8(NodeTestTask.java:141)
	at app//org.junit.platform.engine.support.hierarchical.Node.around(Node.java:137)
	at app//org.junit.platform.engine.support.hierarchical.NodeTestTask.lambda$executeRecursively$9(NodeTestTask.java:139)
	at app//org.junit.platform.engine.support.hierarchical.ThrowableCollector.execute(ThrowableCollector.java:73)
	at app//org.junit.platform.engine.support.hierarchical.NodeTestTask.executeRecursively(NodeTestTask.java:138)
	at app//org.junit.platform.engine.support.hierarchical.NodeTestTask.execute(NodeTestTask.java:95)
	at app//org.junit.platform.engine.support.hierarchical.SameThreadHierarchicalTestExecutorService.submit(SameThreadHierarchicalTestExecutorService.java:35)
	at app//org.junit.platform.engine.support.hierarchical.NodeTestTask$DefaultDynamicTestExecutor.execute(NodeTestTask.java:226)
	at app//org.junit.platform.engine.support.hierarchical.NodeTestTask$DefaultDynamicTestExecutor.execute(NodeTestTask.java:204)
	at app//org.junit.jupiter.engine.descriptor.TestTemplateTestDescriptor.execute(TestTemplateTestDescriptor.java:142)
	at app//org.junit.jupiter.engine.descriptor.TestTemplateTestDescriptor.lambda$execute$2(TestTemplateTestDescriptor.java:110)
	at java.base@11.0.19/java.util.stream.ForEachOps$ForEachOp$OfRef.accept(ForEachOps.java:183)
	at java.base@11.0.19/java.util.stream.ReferencePipeline$3$1.accept(ReferencePipeline.java:195)
	at java.base@11.0.19/java.util.stream.ReferencePipeline$2$1.accept(ReferencePipeline.java:177)
	at java.base@11.0.19/java.util.stream.ReferencePipeline$3$1.accept(ReferencePipeline.java:195)
	at java.base@11.0.19/java.util.stream.ForEachOps$ForEachOp$OfRef.accept(ForEachOps.java:183)
	at java.base@11.0.19/java.util.stream.ReferencePipeline$3$1.accept(ReferencePipeline.java:195)
	at java.base@11.0.19/java.util.stream.ReferencePipeline$3$1.accept(ReferencePipeline.java:195)
	at java.base@11.0.19/java.util.stream.ReferencePipeline$3$1.accept(ReferencePipeline.java:195)
	at java.base@11.0.19/java.util.stream.ForEachOps$ForEachOp$OfRef.accept(ForEachOps.java:183)
	at java.base@11.0.19/java.util.Iterator.forEachRemaining(Iterator.java:133)
	at java.base@11.0.19/java.util.Spliterators$IteratorSpliterator.forEachRemaining(Spliterators.java:1801)
	at java.base@11.0.19/java.util.stream.ReferencePipeline$Head.forEach(ReferencePipeline.java:658)
	at java.base@11.0.19/java.util.stream.ReferencePipeline$7$1.accept(ReferencePipeline.java:274)
	at java.base@11.0.19/java.util.stream.ReferencePipeline$3$1.accept(ReferencePipeline.java:195)
	at java.base@11.0.19/java.util.stream.ReferencePipeline$3$1.accept(ReferencePipeline.java:195)
	at java.base@11.0.19/java.util.ArrayList$ArrayListSpliterator.forEachRemaining(ArrayList.java:1655)
	at java.base@11.0.19/java.util.stream.AbstractPipeline.copyInto(AbstractPipeline.java:484)
	at java.base@11.0.19/java.util.stream.AbstractPipeline.wrapAndCopyInto(AbstractPipeline.java:474)
	at java.base@11.0.19/java.util.stream.ForEachOps$ForEachOp.evaluateSequential(ForEachOps.java:150)
	at java.base@11.0.19/java.util.stream.ForEachOps$ForEachOp$OfRef.evaluateSequential(ForEachOps.java:173)
	at java.base@11.0.19/java.util.stream.AbstractPipeline.evaluate(AbstractPipeline.java:234)
	at java.base@11.0.19/java.util.stream.ReferencePipeline.forEach(ReferencePipeline.java:497)
	at java.base@11.0.19/java.util.stream.ReferencePipeline$7$1.accept(ReferencePipeline.java:274)
	at java.base@11.0.19/java.util.stream.ReferencePipeline$3$1.accept(ReferencePipeline.java:195)
	at java.base@11.0.19/java.util.stream.ReferencePipeline$3$1.accept(ReferencePipeline.java:195)
	at java.base@11.0.19/java.util.stream.ReferencePipeline$3$1.accept(ReferencePipeline.java:195)
	at java.base@11.0.19/java.util.ArrayList$ArrayListSpliterator.forEachRemaining(ArrayList.java:1655)
	at java.base@11.0.19/java.util.stream.AbstractPipeline.copyInto(AbstractPipeline.java:484)
	at java.base@11.0.19/java.util.stream.AbstractPipeline.wrapAndCopyInto(AbstractPipeline.java:474)
	at java.base@11.0.19/java.util.stream.ForEachOps$ForEachOp.evaluateSequential(ForEachOps.java:150)
	at java.base@11.0.19/java.util.stream.ForEachOps$ForEachOp$OfRef.evaluateSequential(ForEachOps.java:173)
	at java.base@11.0.19/java.util.stream.AbstractPipeline.evaluate(AbstractPipeline.java:234)
	at java.base@11.0.19/java.util.stream.ReferencePipeline.forEach(ReferencePipeline.java:497)
	at java.base@11.0.19/java.util.stream.ReferencePipeline$7$1.accept(ReferencePipeline.java:274)
	at java.base@11.0.19/java.util.ArrayList$ArrayListSpliterator.forEachRemaining(ArrayList.java:1655)
	at java.base@11.0.19/java.util.stream.AbstractPipeline.copyInto(AbstractPipeline.java:484)
	at java.base@11.0.19/java.util.stream.AbstractPipeline.wrapAndCopyInto(AbstractPipeline.java:474)
	at java.base@11.0.19/java.util.stream.ForEachOps$ForEachOp.evaluateSequential(ForEachOps.java:150)
	at java.base@11.0.19/java.util.stream.ForEachOps$ForEachOp$OfRef.evaluateSequential(ForEachOps.java:173)
	at java.base@11.0.19/java.util.stream.AbstractPipeline.evaluate(AbstractPipeline.java:234)
	at java.base@11.0.19/java.util.stream.ReferencePipeline.forEach(ReferencePipeline.java:497)
	at app//org.junit.jupiter.engine.descriptor.TestTemplateTestDescriptor.execute(TestTemplateTestDescriptor.java:110)
	at app//org.junit.jupiter.engine.descriptor.TestTemplateTestDescriptor.execute(TestTemplateTestDescriptor.java:44)
	at app//org.junit.platform.engine.support.hierarchical.NodeTestTask.lambda$executeRecursively$6(NodeTestTask.java:151)
	at app//org.junit.platform.engine.support.hierarchical.ThrowableCollector.execute(ThrowableCollector.java:73)
	at app//org.junit.platform.engine.support.hierarchical.NodeTestTask.lambda$executeRecursively$8(NodeTestTask.java:141)
	at app//org.junit.platform.engine.support.hierarchical.Node.around(Node.java:137)
	at app//org.junit.platform.engine.support.hierarchical.NodeTestTask.lambda$executeRecursively$9(NodeTestTask.java:139)
	at app//org.junit.platform.engine.support.hierarchical.ThrowableCollector.execute(ThrowableCollector.java:73)
	at app//org.junit.platform.engine.support.hierarchical.NodeTestTask.executeRecursively(NodeTestTask.java:138)
	at app//org.junit.platform.engine.support.hierarchical.NodeTestTask.execute(NodeTestTask.java:95)
	at java.base@11.0.19/java.util.ArrayList.forEach(ArrayList.java:1541)
	at app//org.junit.platform.engine.support.hierarchical.SameThreadHierarchicalTestExecutorService.invokeAll(SameThreadHierarchicalTestExecutorService.java:41)
	at app//org.junit.platform.engine.support.hierarchical.NodeTestTask.lambda$executeRecursively$6(NodeTestTask.java:155)
	at app//org.junit.platform.engine.support.hierarchical.ThrowableCollector.execute(ThrowableCollector.java:73)
	at app//org.junit.platform.engine.support.hierarchical.NodeTestTask.lambda$executeRecursively$8(NodeTestTask.java:141)
	at app//org.junit.platform.engine.support.hierarchical.Node.around(Node.java:137)
	at app//org.junit.platform.engine.support.hierarchical.NodeTestTask.lambda$executeRecursively$9(NodeTestTask.java:139)
	at app//org.junit.platform.engine.support.hierarchical.ThrowableCollector.execute(ThrowableCollector.java:73)
	at app//org.junit.platform.engine.support.hierarchical.NodeTestTask.executeRecursively(NodeTestTask.java:138)
	at app//org.junit.platform.engine.support.hierarchical.NodeTestTask.execute(NodeTestTask.java:95)
	at java.base@11.0.19/java.util.ArrayList.forEach(ArrayList.java:1541)
	at app//org.junit.platform.engine.support.hierarchical.SameThreadHierarchicalTestExecutorService.invokeAll(SameThreadHierarchicalTestExecutorService.java:41)
	at app//org.junit.platform.engine.support.hierarchical.NodeTestTask.lambda$executeRecursively$6(NodeTestTask.java:155)
	at app//org.junit.platform.engine.support.hierarchical.ThrowableCollector.execute(ThrowableCollector.java:73)
	at app//org.junit.platform.engine.support.hierarchical.NodeTestTask.lambda$executeRecursively$8(NodeTestTask.java:141)
	at app//org.junit.platform.engine.support.hierarchical.Node.around(Node.java:137)
	at app//org.junit.platform.engine.support.hierarchical.NodeTestTask.lambda$executeRecursively$9(NodeTestTask.java:139)
	at app//org.junit.platform.engine.support.hierarchical.ThrowableCollector.execute(ThrowableCollector.java:73)
	at app//org.junit.platform.engine.support.hierarchical.NodeTestTask.executeRecursively(NodeTestTask.java:138)
	at app//org.junit.platform.engine.support.hierarchical.NodeTestTask.execute(NodeTestTask.java:95)
	at app//org.junit.platform.engine.support.hierarchical.SameThreadHierarchicalTestExecutorService.submit(SameThreadHierarchicalTestExecutorService.java:35)
	at app//org.junit.platform.engine.support.hierarchical.HierarchicalTestExecutor.execute(HierarchicalTestExecutor.java:57)
	at app//org.junit.platform.engine.support.hierarchical.HierarchicalTestEngine.execute(HierarchicalTestEngine.java:54)
	at app//org.junit.platform.launcher.core.EngineExecutionOrchestrator.execute(EngineExecutionOrchestrator.java:107)
	at app//org.junit.platform.launcher.core.EngineExecutionOrchestrator.execute(EngineExecutionOrchestrator.java:88)
	at app//org.junit.platform.launcher.core.EngineExecutionOrchestrator.lambda$execute$0(EngineExecutionOrchestrator.java:54)
	at app//org.junit.platform.launcher.core.EngineExecutionOrchestrator.withInterceptedStreams(EngineExecutionOrchestrator.java:67)
	at app//org.junit.platform.launcher.core.EngineExecutionOrchestrator.execute(EngineExecutionOrchestrator.java:52)
	at app//org.junit.platform.launcher.core.DefaultLauncher.execute(DefaultLauncher.java:114)
	at app//org.junit.platform.launcher.core.DefaultLauncher.execute(DefaultLauncher.java:86)
	at app//org.junit.platform.launcher.core.DefaultLauncherSession$DelegatingLauncher.execute(DefaultLauncherSession.java:86)
	at org.gradle.api.internal.tasks.testing.junitplatform.JUnitPlatformTestClassProcessor$CollectAllTestClassesExecutor.processAllTestClasses(JUnitPlatformTestClassProcessor.java:110)
	at org.gradle.api.internal.tasks.testing.junitplatform.JUnitPlatformTestClassProcessor$CollectAllTestClassesExecutor.access$000(JUnitPlatformTestClassProcessor.java:90)
	at org.gradle.api.internal.tasks.testing.junitplatform.JUnitPlatformTestClassProcessor.stop(JUnitPlatformTestClassProcessor.java:85)
	at org.gradle.api.internal.tasks.testing.SuiteTestClassProcessor.stop(SuiteTestClassProcessor.java:62)
	at java.base@11.0.19/jdk.internal.reflect.NativeMethodAccessorImpl.invoke0(Native Method)
	at java.base@11.0.19/jdk.internal.reflect.NativeMethodAccessorImpl.invoke(NativeMethodAccessorImpl.java:62)
	at java.base@11.0.19/jdk.internal.reflect.DelegatingMethodAccessorImpl.invoke(DelegatingMethodAccessorImpl.java:43)
	at java.base@11.0.19/java.lang.reflect.Method.invoke(Method.java:566)
	at org.gradle.internal.dispatch.ReflectionDispatch.dispatch(ReflectionDispatch.java:36)
	at org.gradle.internal.dispatch.ReflectionDispatch.dispatch(ReflectionDispatch.java:24)
	at org.gradle.internal.dispatch.ContextClassLoaderDispatch.dispatch(ContextClassLoaderDispatch.java:33)
	at org.gradle.internal.dispatch.ProxyDispatchAdapter$DispatchingInvocationHandler.invoke(ProxyDispatchAdapter.java:94)
	at com.sun.proxy.$Proxy5.stop(Unknown Source)
	at org.gradle.api.internal.tasks.testing.worker.TestWorker$3.run(TestWorker.java:193)
	at org.gradle.api.internal.tasks.testing.worker.TestWorker.executeAndMaintainThreadName(TestWorker.java:129)
	at org.gradle.api.internal.tasks.testing.worker.TestWorker.execute(TestWorker.java:100)
	at org.gradle.api.internal.tasks.testing.worker.TestWorker.execute(TestWorker.java:60)
	at org.gradle.process.internal.worker.child.ActionExecutionWorker.execute(ActionExecutionWorker.java:56)
	at org.gradle.process.internal.worker.child.SystemApplicationClassLoaderWorker.call(SystemApplicationClassLoaderWorker.java:113)
	at org.gradle.process.internal.worker.child.SystemApplicationClassLoaderWorker.call(SystemApplicationClassLoaderWorker.java:65)
	at app//worker.org.gradle.process.internal.worker.GradleWorkerMain.run(GradleWorkerMain.java:69)
	at app//worker.org.gradle.process.internal.worker.GradleWorkerMain.main(GradleWorkerMain.java:74)
Caused by: java.lang.NullPointerException
	at de.uka.ilkd.key.nparser.builder.DefaultBuilder.visitKeyjavatype(DefaultBuilder.java:360)
	at de.uka.ilkd.key.nparser.builder.DefaultBuilder.visitKeyjavatype(DefaultBuilder.java:35)
	at de.uka.ilkd.key.nparser.KeYParser$KeyjavatypeContext.accept(KeYParser.java:1859)
	at de.uka.ilkd.key.nparser.builder.AbstractBuilder.accept(AbstractBuilder.java:48)
	... 171 more
</failure>
  </testcase>
  <testcase name="[11] 1 + 1 = 2" classname="de.uka.ilkd.key.nparser.ExprTest" time="0.018">
    <failure message="null at file:/D:/a/key/key/key.core/build/resources/main/de/uka/ilkd/key/proof/rules/heap.key:46:5 (file:/D:/a/key/key/key.core/build/resources/main/de/uka/ilkd/key/proof/rules/heap.key:46:5)" type="de.uka.ilkd.key.util.parsing.BuildingException">null at file:/D:/a/key/key/key.core/build/resources/main/de/uka/ilkd/key/proof/rules/heap.key:46:5 (file:/D:/a/key/key/key.core/build/resources/main/de/uka/ilkd/key/proof/rules/heap.key:46:5)
	at app//de.uka.ilkd.key.nparser.builder.AbstractBuilder.accept(AbstractBuilder.java:54)
	at app//de.uka.ilkd.key.nparser.builder.DefaultBuilder.accept(DefaultBuilder.java:35)
	at app//de.uka.ilkd.key.nparser.builder.DeclarationBuilder.visitProg_var_decls(DeclarationBuilder.java:57)
	at app//de.uka.ilkd.key.nparser.KeYParser$Prog_var_declsContext.accept(KeYParser.java:1937)
	at app//de.uka.ilkd.key.nparser.builder.AbstractBuilder.accept(AbstractBuilder.java:48)
	at app//de.uka.ilkd.key.nparser.builder.DefaultBuilder.accept(DefaultBuilder.java:35)
	at app//de.uka.ilkd.key.nparser.builder.AbstractBuilder.lambda$mapMapOf$1(AbstractBuilder.java:141)
	at java.base@11.0.19/java.util.stream.ReferencePipeline$3$1.accept(ReferencePipeline.java:195)
	at java.base@11.0.19/java.util.ArrayList$ArrayListSpliterator.forEachRemaining(ArrayList.java:1655)
	at java.base@11.0.19/java.util.stream.AbstractPipeline.copyInto(AbstractPipeline.java:484)
	at java.base@11.0.19/java.util.stream.AbstractPipeline.wrapAndCopyInto(AbstractPipeline.java:474)
	at java.base@11.0.19/java.util.stream.ForEachOps$ForEachOp.evaluateSequential(ForEachOps.java:150)
	at java.base@11.0.19/java.util.stream.ForEachOps$ForEachOp$OfRef.evaluateSequential(ForEachOps.java:173)
	at java.base@11.0.19/java.util.stream.AbstractPipeline.evaluate(AbstractPipeline.java:234)
	at java.base@11.0.19/java.util.stream.ReferencePipeline.forEach(ReferencePipeline.java:497)
	at java.base@11.0.19/java.util.stream.ReferencePipeline$7$1.accept(ReferencePipeline.java:274)
	at java.base@11.0.19/java.util.Spliterators$ArraySpliterator.forEachRemaining(Spliterators.java:948)
	at java.base@11.0.19/java.util.stream.AbstractPipeline.copyInto(AbstractPipeline.java:484)
	at java.base@11.0.19/java.util.stream.AbstractPipeline.wrapAndCopyInto(AbstractPipeline.java:474)
	at java.base@11.0.19/java.util.stream.ReduceOps$ReduceOp.evaluateSequential(ReduceOps.java:913)
	at java.base@11.0.19/java.util.stream.AbstractPipeline.evaluate(AbstractPipeline.java:234)
	at java.base@11.0.19/java.util.stream.ReferencePipeline.collect(ReferencePipeline.java:578)
	at app//de.uka.ilkd.key.nparser.builder.AbstractBuilder.mapMapOf(AbstractBuilder.java:142)
	at app//de.uka.ilkd.key.nparser.builder.DeclarationBuilder.visitDecls(DeclarationBuilder.java:48)
	at app//de.uka.ilkd.key.nparser.KeYParser$DeclsContext.accept(KeYParser.java:515)
	at app//org.antlr.v4.runtime.tree.AbstractParseTreeVisitor.visitChildren(AbstractParseTreeVisitor.java:46)
	at app//de.uka.ilkd.key.nparser.KeYParserBaseVisitor.visitFile(KeYParserBaseVisitor.java:24)
	at app//de.uka.ilkd.key.nparser.KeYParser$FileContext.accept(KeYParser.java:313)
	at app//de.uka.ilkd.key.nparser.KeyAst.accept(KeyAst.java:43)
	at app//de.uka.ilkd.key.nparser.KeyIO$Loader.loadDeclarations(KeyIO.java:298)
	at app//de.uka.ilkd.key.nparser.ExprTest.getIo(ExprTest.java:46)
	at app//de.uka.ilkd.key.nparser.ExprTest.parseAndVisit(ExprTest.java:30)
	at java.base@11.0.19/jdk.internal.reflect.NativeMethodAccessorImpl.invoke0(Native Method)
	at java.base@11.0.19/jdk.internal.reflect.NativeMethodAccessorImpl.invoke(NativeMethodAccessorImpl.java:62)
	at java.base@11.0.19/jdk.internal.reflect.DelegatingMethodAccessorImpl.invoke(DelegatingMethodAccessorImpl.java:43)
	at java.base@11.0.19/java.lang.reflect.Method.invoke(Method.java:566)
	at app//org.junit.platform.commons.util.ReflectionUtils.invokeMethod(ReflectionUtils.java:727)
	at app//org.junit.jupiter.engine.execution.MethodInvocation.proceed(MethodInvocation.java:60)
	at app//org.junit.jupiter.engine.execution.InvocationInterceptorChain$ValidatingInvocation.proceed(InvocationInterceptorChain.java:131)
	at app//org.junit.jupiter.engine.extension.TimeoutExtension.intercept(TimeoutExtension.java:156)
	at app//org.junit.jupiter.engine.extension.TimeoutExtension.interceptTestableMethod(TimeoutExtension.java:147)
	at app//org.junit.jupiter.engine.extension.TimeoutExtension.interceptTestTemplateMethod(TimeoutExtension.java:94)
	at app//org.junit.jupiter.engine.execution.InterceptingExecutableInvoker$ReflectiveInterceptorCall.lambda$ofVoidMethod$0(InterceptingExecutableInvoker.java:103)
	at app//org.junit.jupiter.engine.execution.InterceptingExecutableInvoker.lambda$invoke$0(InterceptingExecutableInvoker.java:93)
	at app//org.junit.jupiter.engine.execution.InvocationInterceptorChain$InterceptedInvocation.proceed(InvocationInterceptorChain.java:106)
	at app//org.junit.jupiter.engine.execution.InvocationInterceptorChain.proceed(InvocationInterceptorChain.java:64)
	at app//org.junit.jupiter.engine.execution.InvocationInterceptorChain.chainAndInvoke(InvocationInterceptorChain.java:45)
	at app//org.junit.jupiter.engine.execution.InvocationInterceptorChain.invoke(InvocationInterceptorChain.java:37)
	at app//org.junit.jupiter.engine.execution.InterceptingExecutableInvoker.invoke(InterceptingExecutableInvoker.java:92)
	at app//org.junit.jupiter.engine.execution.InterceptingExecutableInvoker.invoke(InterceptingExecutableInvoker.java:86)
	at app//org.junit.jupiter.engine.descriptor.TestMethodTestDescriptor.lambda$invokeTestMethod$7(TestMethodTestDescriptor.java:217)
	at app//org.junit.platform.engine.support.hierarchical.ThrowableCollector.execute(ThrowableCollector.java:73)
	at app//org.junit.jupiter.engine.descriptor.TestMethodTestDescriptor.invokeTestMethod(TestMethodTestDescriptor.java:213)
	at app//org.junit.jupiter.engine.descriptor.TestMethodTestDescriptor.execute(TestMethodTestDescriptor.java:138)
	at app//org.junit.jupiter.engine.descriptor.TestMethodTestDescriptor.execute(TestMethodTestDescriptor.java:68)
	at app//org.junit.platform.engine.support.hierarchical.NodeTestTask.lambda$executeRecursively$6(NodeTestTask.java:151)
	at app//org.junit.platform.engine.support.hierarchical.ThrowableCollector.execute(ThrowableCollector.java:73)
	at app//org.junit.platform.engine.support.hierarchical.NodeTestTask.lambda$executeRecursively$8(NodeTestTask.java:141)
	at app//org.junit.platform.engine.support.hierarchical.Node.around(Node.java:137)
	at app//org.junit.platform.engine.support.hierarchical.NodeTestTask.lambda$executeRecursively$9(NodeTestTask.java:139)
	at app//org.junit.platform.engine.support.hierarchical.ThrowableCollector.execute(ThrowableCollector.java:73)
	at app//org.junit.platform.engine.support.hierarchical.NodeTestTask.executeRecursively(NodeTestTask.java:138)
	at app//org.junit.platform.engine.support.hierarchical.NodeTestTask.execute(NodeTestTask.java:95)
	at app//org.junit.platform.engine.support.hierarchical.SameThreadHierarchicalTestExecutorService.submit(SameThreadHierarchicalTestExecutorService.java:35)
	at app//org.junit.platform.engine.support.hierarchical.NodeTestTask$DefaultDynamicTestExecutor.execute(NodeTestTask.java:226)
	at app//org.junit.platform.engine.support.hierarchical.NodeTestTask$DefaultDynamicTestExecutor.execute(NodeTestTask.java:204)
	at app//org.junit.jupiter.engine.descriptor.TestTemplateTestDescriptor.execute(TestTemplateTestDescriptor.java:142)
	at app//org.junit.jupiter.engine.descriptor.TestTemplateTestDescriptor.lambda$execute$2(TestTemplateTestDescriptor.java:110)
	at java.base@11.0.19/java.util.stream.ForEachOps$ForEachOp$OfRef.accept(ForEachOps.java:183)
	at java.base@11.0.19/java.util.stream.ReferencePipeline$3$1.accept(ReferencePipeline.java:195)
	at java.base@11.0.19/java.util.stream.ReferencePipeline$2$1.accept(ReferencePipeline.java:177)
	at java.base@11.0.19/java.util.stream.ReferencePipeline$3$1.accept(ReferencePipeline.java:195)
	at java.base@11.0.19/java.util.stream.ForEachOps$ForEachOp$OfRef.accept(ForEachOps.java:183)
	at java.base@11.0.19/java.util.stream.ReferencePipeline$3$1.accept(ReferencePipeline.java:195)
	at java.base@11.0.19/java.util.stream.ReferencePipeline$3$1.accept(ReferencePipeline.java:195)
	at java.base@11.0.19/java.util.stream.ReferencePipeline$3$1.accept(ReferencePipeline.java:195)
	at java.base@11.0.19/java.util.stream.ForEachOps$ForEachOp$OfRef.accept(ForEachOps.java:183)
	at java.base@11.0.19/java.util.Iterator.forEachRemaining(Iterator.java:133)
	at java.base@11.0.19/java.util.Spliterators$IteratorSpliterator.forEachRemaining(Spliterators.java:1801)
	at java.base@11.0.19/java.util.stream.ReferencePipeline$Head.forEach(ReferencePipeline.java:658)
	at java.base@11.0.19/java.util.stream.ReferencePipeline$7$1.accept(ReferencePipeline.java:274)
	at java.base@11.0.19/java.util.stream.ReferencePipeline$3$1.accept(ReferencePipeline.java:195)
	at java.base@11.0.19/java.util.stream.ReferencePipeline$3$1.accept(ReferencePipeline.java:195)
	at java.base@11.0.19/java.util.ArrayList$ArrayListSpliterator.forEachRemaining(ArrayList.java:1655)
	at java.base@11.0.19/java.util.stream.AbstractPipeline.copyInto(AbstractPipeline.java:484)
	at java.base@11.0.19/java.util.stream.AbstractPipeline.wrapAndCopyInto(AbstractPipeline.java:474)
	at java.base@11.0.19/java.util.stream.ForEachOps$ForEachOp.evaluateSequential(ForEachOps.java:150)
	at java.base@11.0.19/java.util.stream.ForEachOps$ForEachOp$OfRef.evaluateSequential(ForEachOps.java:173)
	at java.base@11.0.19/java.util.stream.AbstractPipeline.evaluate(AbstractPipeline.java:234)
	at java.base@11.0.19/java.util.stream.ReferencePipeline.forEach(ReferencePipeline.java:497)
	at java.base@11.0.19/java.util.stream.ReferencePipeline$7$1.accept(ReferencePipeline.java:274)
	at java.base@11.0.19/java.util.stream.ReferencePipeline$3$1.accept(ReferencePipeline.java:195)
	at java.base@11.0.19/java.util.stream.ReferencePipeline$3$1.accept(ReferencePipeline.java:195)
	at java.base@11.0.19/java.util.stream.ReferencePipeline$3$1.accept(ReferencePipeline.java:195)
	at java.base@11.0.19/java.util.ArrayList$ArrayListSpliterator.forEachRemaining(ArrayList.java:1655)
	at java.base@11.0.19/java.util.stream.AbstractPipeline.copyInto(AbstractPipeline.java:484)
	at java.base@11.0.19/java.util.stream.AbstractPipeline.wrapAndCopyInto(AbstractPipeline.java:474)
	at java.base@11.0.19/java.util.stream.ForEachOps$ForEachOp.evaluateSequential(ForEachOps.java:150)
	at java.base@11.0.19/java.util.stream.ForEachOps$ForEachOp$OfRef.evaluateSequential(ForEachOps.java:173)
	at java.base@11.0.19/java.util.stream.AbstractPipeline.evaluate(AbstractPipeline.java:234)
	at java.base@11.0.19/java.util.stream.ReferencePipeline.forEach(ReferencePipeline.java:497)
	at java.base@11.0.19/java.util.stream.ReferencePipeline$7$1.accept(ReferencePipeline.java:274)
	at java.base@11.0.19/java.util.ArrayList$ArrayListSpliterator.forEachRemaining(ArrayList.java:1655)
	at java.base@11.0.19/java.util.stream.AbstractPipeline.copyInto(AbstractPipeline.java:484)
	at java.base@11.0.19/java.util.stream.AbstractPipeline.wrapAndCopyInto(AbstractPipeline.java:474)
	at java.base@11.0.19/java.util.stream.ForEachOps$ForEachOp.evaluateSequential(ForEachOps.java:150)
	at java.base@11.0.19/java.util.stream.ForEachOps$ForEachOp$OfRef.evaluateSequential(ForEachOps.java:173)
	at java.base@11.0.19/java.util.stream.AbstractPipeline.evaluate(AbstractPipeline.java:234)
	at java.base@11.0.19/java.util.stream.ReferencePipeline.forEach(ReferencePipeline.java:497)
	at app//org.junit.jupiter.engine.descriptor.TestTemplateTestDescriptor.execute(TestTemplateTestDescriptor.java:110)
	at app//org.junit.jupiter.engine.descriptor.TestTemplateTestDescriptor.execute(TestTemplateTestDescriptor.java:44)
	at app//org.junit.platform.engine.support.hierarchical.NodeTestTask.lambda$executeRecursively$6(NodeTestTask.java:151)
	at app//org.junit.platform.engine.support.hierarchical.ThrowableCollector.execute(ThrowableCollector.java:73)
	at app//org.junit.platform.engine.support.hierarchical.NodeTestTask.lambda$executeRecursively$8(NodeTestTask.java:141)
	at app//org.junit.platform.engine.support.hierarchical.Node.around(Node.java:137)
	at app//org.junit.platform.engine.support.hierarchical.NodeTestTask.lambda$executeRecursively$9(NodeTestTask.java:139)
	at app//org.junit.platform.engine.support.hierarchical.ThrowableCollector.execute(ThrowableCollector.java:73)
	at app//org.junit.platform.engine.support.hierarchical.NodeTestTask.executeRecursively(NodeTestTask.java:138)
	at app//org.junit.platform.engine.support.hierarchical.NodeTestTask.execute(NodeTestTask.java:95)
	at java.base@11.0.19/java.util.ArrayList.forEach(ArrayList.java:1541)
	at app//org.junit.platform.engine.support.hierarchical.SameThreadHierarchicalTestExecutorService.invokeAll(SameThreadHierarchicalTestExecutorService.java:41)
	at app//org.junit.platform.engine.support.hierarchical.NodeTestTask.lambda$executeRecursively$6(NodeTestTask.java:155)
	at app//org.junit.platform.engine.support.hierarchical.ThrowableCollector.execute(ThrowableCollector.java:73)
	at app//org.junit.platform.engine.support.hierarchical.NodeTestTask.lambda$executeRecursively$8(NodeTestTask.java:141)
	at app//org.junit.platform.engine.support.hierarchical.Node.around(Node.java:137)
	at app//org.junit.platform.engine.support.hierarchical.NodeTestTask.lambda$executeRecursively$9(NodeTestTask.java:139)
	at app//org.junit.platform.engine.support.hierarchical.ThrowableCollector.execute(ThrowableCollector.java:73)
	at app//org.junit.platform.engine.support.hierarchical.NodeTestTask.executeRecursively(NodeTestTask.java:138)
	at app//org.junit.platform.engine.support.hierarchical.NodeTestTask.execute(NodeTestTask.java:95)
	at java.base@11.0.19/java.util.ArrayList.forEach(ArrayList.java:1541)
	at app//org.junit.platform.engine.support.hierarchical.SameThreadHierarchicalTestExecutorService.invokeAll(SameThreadHierarchicalTestExecutorService.java:41)
	at app//org.junit.platform.engine.support.hierarchical.NodeTestTask.lambda$executeRecursively$6(NodeTestTask.java:155)
	at app//org.junit.platform.engine.support.hierarchical.ThrowableCollector.execute(ThrowableCollector.java:73)
	at app//org.junit.platform.engine.support.hierarchical.NodeTestTask.lambda$executeRecursively$8(NodeTestTask.java:141)
	at app//org.junit.platform.engine.support.hierarchical.Node.around(Node.java:137)
	at app//org.junit.platform.engine.support.hierarchical.NodeTestTask.lambda$executeRecursively$9(NodeTestTask.java:139)
	at app//org.junit.platform.engine.support.hierarchical.ThrowableCollector.execute(ThrowableCollector.java:73)
	at app//org.junit.platform.engine.support.hierarchical.NodeTestTask.executeRecursively(NodeTestTask.java:138)
	at app//org.junit.platform.engine.support.hierarchical.NodeTestTask.execute(NodeTestTask.java:95)
	at app//org.junit.platform.engine.support.hierarchical.SameThreadHierarchicalTestExecutorService.submit(SameThreadHierarchicalTestExecutorService.java:35)
	at app//org.junit.platform.engine.support.hierarchical.HierarchicalTestExecutor.execute(HierarchicalTestExecutor.java:57)
	at app//org.junit.platform.engine.support.hierarchical.HierarchicalTestEngine.execute(HierarchicalTestEngine.java:54)
	at app//org.junit.platform.launcher.core.EngineExecutionOrchestrator.execute(EngineExecutionOrchestrator.java:107)
	at app//org.junit.platform.launcher.core.EngineExecutionOrchestrator.execute(EngineExecutionOrchestrator.java:88)
	at app//org.junit.platform.launcher.core.EngineExecutionOrchestrator.lambda$execute$0(EngineExecutionOrchestrator.java:54)
	at app//org.junit.platform.launcher.core.EngineExecutionOrchestrator.withInterceptedStreams(EngineExecutionOrchestrator.java:67)
	at app//org.junit.platform.launcher.core.EngineExecutionOrchestrator.execute(EngineExecutionOrchestrator.java:52)
	at app//org.junit.platform.launcher.core.DefaultLauncher.execute(DefaultLauncher.java:114)
	at app//org.junit.platform.launcher.core.DefaultLauncher.execute(DefaultLauncher.java:86)
	at app//org.junit.platform.launcher.core.DefaultLauncherSession$DelegatingLauncher.execute(DefaultLauncherSession.java:86)
	at org.gradle.api.internal.tasks.testing.junitplatform.JUnitPlatformTestClassProcessor$CollectAllTestClassesExecutor.processAllTestClasses(JUnitPlatformTestClassProcessor.java:110)
	at org.gradle.api.internal.tasks.testing.junitplatform.JUnitPlatformTestClassProcessor$CollectAllTestClassesExecutor.access$000(JUnitPlatformTestClassProcessor.java:90)
	at org.gradle.api.internal.tasks.testing.junitplatform.JUnitPlatformTestClassProcessor.stop(JUnitPlatformTestClassProcessor.java:85)
	at org.gradle.api.internal.tasks.testing.SuiteTestClassProcessor.stop(SuiteTestClassProcessor.java:62)
	at java.base@11.0.19/jdk.internal.reflect.NativeMethodAccessorImpl.invoke0(Native Method)
	at java.base@11.0.19/jdk.internal.reflect.NativeMethodAccessorImpl.invoke(NativeMethodAccessorImpl.java:62)
	at java.base@11.0.19/jdk.internal.reflect.DelegatingMethodAccessorImpl.invoke(DelegatingMethodAccessorImpl.java:43)
	at java.base@11.0.19/java.lang.reflect.Method.invoke(Method.java:566)
	at org.gradle.internal.dispatch.ReflectionDispatch.dispatch(ReflectionDispatch.java:36)
	at org.gradle.internal.dispatch.ReflectionDispatch.dispatch(ReflectionDispatch.java:24)
	at org.gradle.internal.dispatch.ContextClassLoaderDispatch.dispatch(ContextClassLoaderDispatch.java:33)
	at org.gradle.internal.dispatch.ProxyDispatchAdapter$DispatchingInvocationHandler.invoke(ProxyDispatchAdapter.java:94)
	at com.sun.proxy.$Proxy5.stop(Unknown Source)
	at org.gradle.api.internal.tasks.testing.worker.TestWorker$3.run(TestWorker.java:193)
	at org.gradle.api.internal.tasks.testing.worker.TestWorker.executeAndMaintainThreadName(TestWorker.java:129)
	at org.gradle.api.internal.tasks.testing.worker.TestWorker.execute(TestWorker.java:100)
	at org.gradle.api.internal.tasks.testing.worker.TestWorker.execute(TestWorker.java:60)
	at org.gradle.process.internal.worker.child.ActionExecutionWorker.execute(ActionExecutionWorker.java:56)
	at org.gradle.process.internal.worker.child.SystemApplicationClassLoaderWorker.call(SystemApplicationClassLoaderWorker.java:113)
	at org.gradle.process.internal.worker.child.SystemApplicationClassLoaderWorker.call(SystemApplicationClassLoaderWorker.java:65)
	at app//worker.org.gradle.process.internal.worker.GradleWorkerMain.run(GradleWorkerMain.java:69)
	at app//worker.org.gradle.process.internal.worker.GradleWorkerMain.main(GradleWorkerMain.java:74)
Caused by: java.lang.NullPointerException
	at de.uka.ilkd.key.nparser.builder.DefaultBuilder.visitKeyjavatype(DefaultBuilder.java:360)
	at de.uka.ilkd.key.nparser.builder.DefaultBuilder.visitKeyjavatype(DefaultBuilder.java:35)
	at de.uka.ilkd.key.nparser.KeYParser$KeyjavatypeContext.accept(KeYParser.java:1859)
	at de.uka.ilkd.key.nparser.builder.AbstractBuilder.accept(AbstractBuilder.java:48)
	... 171 more
</failure>
  </testcase>
  <testcase name="[12] \if (3=4) \then (1) \else (2)" classname="de.uka.ilkd.key.nparser.ExprTest" time="0.015">
    <failure message="null at file:/D:/a/key/key/key.core/build/resources/main/de/uka/ilkd/key/proof/rules/heap.key:46:5 (file:/D:/a/key/key/key.core/build/resources/main/de/uka/ilkd/key/proof/rules/heap.key:46:5)" type="de.uka.ilkd.key.util.parsing.BuildingException">null at file:/D:/a/key/key/key.core/build/resources/main/de/uka/ilkd/key/proof/rules/heap.key:46:5 (file:/D:/a/key/key/key.core/build/resources/main/de/uka/ilkd/key/proof/rules/heap.key:46:5)
	at app//de.uka.ilkd.key.nparser.builder.AbstractBuilder.accept(AbstractBuilder.java:54)
	at app//de.uka.ilkd.key.nparser.builder.DefaultBuilder.accept(DefaultBuilder.java:35)
	at app//de.uka.ilkd.key.nparser.builder.DeclarationBuilder.visitProg_var_decls(DeclarationBuilder.java:57)
	at app//de.uka.ilkd.key.nparser.KeYParser$Prog_var_declsContext.accept(KeYParser.java:1937)
	at app//de.uka.ilkd.key.nparser.builder.AbstractBuilder.accept(AbstractBuilder.java:48)
	at app//de.uka.ilkd.key.nparser.builder.DefaultBuilder.accept(DefaultBuilder.java:35)
	at app//de.uka.ilkd.key.nparser.builder.AbstractBuilder.lambda$mapMapOf$1(AbstractBuilder.java:141)
	at java.base@11.0.19/java.util.stream.ReferencePipeline$3$1.accept(ReferencePipeline.java:195)
	at java.base@11.0.19/java.util.ArrayList$ArrayListSpliterator.forEachRemaining(ArrayList.java:1655)
	at java.base@11.0.19/java.util.stream.AbstractPipeline.copyInto(AbstractPipeline.java:484)
	at java.base@11.0.19/java.util.stream.AbstractPipeline.wrapAndCopyInto(AbstractPipeline.java:474)
	at java.base@11.0.19/java.util.stream.ForEachOps$ForEachOp.evaluateSequential(ForEachOps.java:150)
	at java.base@11.0.19/java.util.stream.ForEachOps$ForEachOp$OfRef.evaluateSequential(ForEachOps.java:173)
	at java.base@11.0.19/java.util.stream.AbstractPipeline.evaluate(AbstractPipeline.java:234)
	at java.base@11.0.19/java.util.stream.ReferencePipeline.forEach(ReferencePipeline.java:497)
	at java.base@11.0.19/java.util.stream.ReferencePipeline$7$1.accept(ReferencePipeline.java:274)
	at java.base@11.0.19/java.util.Spliterators$ArraySpliterator.forEachRemaining(Spliterators.java:948)
	at java.base@11.0.19/java.util.stream.AbstractPipeline.copyInto(AbstractPipeline.java:484)
	at java.base@11.0.19/java.util.stream.AbstractPipeline.wrapAndCopyInto(AbstractPipeline.java:474)
	at java.base@11.0.19/java.util.stream.ReduceOps$ReduceOp.evaluateSequential(ReduceOps.java:913)
	at java.base@11.0.19/java.util.stream.AbstractPipeline.evaluate(AbstractPipeline.java:234)
	at java.base@11.0.19/java.util.stream.ReferencePipeline.collect(ReferencePipeline.java:578)
	at app//de.uka.ilkd.key.nparser.builder.AbstractBuilder.mapMapOf(AbstractBuilder.java:142)
	at app//de.uka.ilkd.key.nparser.builder.DeclarationBuilder.visitDecls(DeclarationBuilder.java:48)
	at app//de.uka.ilkd.key.nparser.KeYParser$DeclsContext.accept(KeYParser.java:515)
	at app//org.antlr.v4.runtime.tree.AbstractParseTreeVisitor.visitChildren(AbstractParseTreeVisitor.java:46)
	at app//de.uka.ilkd.key.nparser.KeYParserBaseVisitor.visitFile(KeYParserBaseVisitor.java:24)
	at app//de.uka.ilkd.key.nparser.KeYParser$FileContext.accept(KeYParser.java:313)
	at app//de.uka.ilkd.key.nparser.KeyAst.accept(KeyAst.java:43)
	at app//de.uka.ilkd.key.nparser.KeyIO$Loader.loadDeclarations(KeyIO.java:298)
	at app//de.uka.ilkd.key.nparser.ExprTest.getIo(ExprTest.java:46)
	at app//de.uka.ilkd.key.nparser.ExprTest.parseAndVisit(ExprTest.java:30)
	at java.base@11.0.19/jdk.internal.reflect.NativeMethodAccessorImpl.invoke0(Native Method)
	at java.base@11.0.19/jdk.internal.reflect.NativeMethodAccessorImpl.invoke(NativeMethodAccessorImpl.java:62)
	at java.base@11.0.19/jdk.internal.reflect.DelegatingMethodAccessorImpl.invoke(DelegatingMethodAccessorImpl.java:43)
	at java.base@11.0.19/java.lang.reflect.Method.invoke(Method.java:566)
	at app//org.junit.platform.commons.util.ReflectionUtils.invokeMethod(ReflectionUtils.java:727)
	at app//org.junit.jupiter.engine.execution.MethodInvocation.proceed(MethodInvocation.java:60)
	at app//org.junit.jupiter.engine.execution.InvocationInterceptorChain$ValidatingInvocation.proceed(InvocationInterceptorChain.java:131)
	at app//org.junit.jupiter.engine.extension.TimeoutExtension.intercept(TimeoutExtension.java:156)
	at app//org.junit.jupiter.engine.extension.TimeoutExtension.interceptTestableMethod(TimeoutExtension.java:147)
	at app//org.junit.jupiter.engine.extension.TimeoutExtension.interceptTestTemplateMethod(TimeoutExtension.java:94)
	at app//org.junit.jupiter.engine.execution.InterceptingExecutableInvoker$ReflectiveInterceptorCall.lambda$ofVoidMethod$0(InterceptingExecutableInvoker.java:103)
	at app//org.junit.jupiter.engine.execution.InterceptingExecutableInvoker.lambda$invoke$0(InterceptingExecutableInvoker.java:93)
	at app//org.junit.jupiter.engine.execution.InvocationInterceptorChain$InterceptedInvocation.proceed(InvocationInterceptorChain.java:106)
	at app//org.junit.jupiter.engine.execution.InvocationInterceptorChain.proceed(InvocationInterceptorChain.java:64)
	at app//org.junit.jupiter.engine.execution.InvocationInterceptorChain.chainAndInvoke(InvocationInterceptorChain.java:45)
	at app//org.junit.jupiter.engine.execution.InvocationInterceptorChain.invoke(InvocationInterceptorChain.java:37)
	at app//org.junit.jupiter.engine.execution.InterceptingExecutableInvoker.invoke(InterceptingExecutableInvoker.java:92)
	at app//org.junit.jupiter.engine.execution.InterceptingExecutableInvoker.invoke(InterceptingExecutableInvoker.java:86)
	at app//org.junit.jupiter.engine.descriptor.TestMethodTestDescriptor.lambda$invokeTestMethod$7(TestMethodTestDescriptor.java:217)
	at app//org.junit.platform.engine.support.hierarchical.ThrowableCollector.execute(ThrowableCollector.java:73)
	at app//org.junit.jupiter.engine.descriptor.TestMethodTestDescriptor.invokeTestMethod(TestMethodTestDescriptor.java:213)
	at app//org.junit.jupiter.engine.descriptor.TestMethodTestDescriptor.execute(TestMethodTestDescriptor.java:138)
	at app//org.junit.jupiter.engine.descriptor.TestMethodTestDescriptor.execute(TestMethodTestDescriptor.java:68)
	at app//org.junit.platform.engine.support.hierarchical.NodeTestTask.lambda$executeRecursively$6(NodeTestTask.java:151)
	at app//org.junit.platform.engine.support.hierarchical.ThrowableCollector.execute(ThrowableCollector.java:73)
	at app//org.junit.platform.engine.support.hierarchical.NodeTestTask.lambda$executeRecursively$8(NodeTestTask.java:141)
	at app//org.junit.platform.engine.support.hierarchical.Node.around(Node.java:137)
	at app//org.junit.platform.engine.support.hierarchical.NodeTestTask.lambda$executeRecursively$9(NodeTestTask.java:139)
	at app//org.junit.platform.engine.support.hierarchical.ThrowableCollector.execute(ThrowableCollector.java:73)
	at app//org.junit.platform.engine.support.hierarchical.NodeTestTask.executeRecursively(NodeTestTask.java:138)
	at app//org.junit.platform.engine.support.hierarchical.NodeTestTask.execute(NodeTestTask.java:95)
	at app//org.junit.platform.engine.support.hierarchical.SameThreadHierarchicalTestExecutorService.submit(SameThreadHierarchicalTestExecutorService.java:35)
	at app//org.junit.platform.engine.support.hierarchical.NodeTestTask$DefaultDynamicTestExecutor.execute(NodeTestTask.java:226)
	at app//org.junit.platform.engine.support.hierarchical.NodeTestTask$DefaultDynamicTestExecutor.execute(NodeTestTask.java:204)
	at app//org.junit.jupiter.engine.descriptor.TestTemplateTestDescriptor.execute(TestTemplateTestDescriptor.java:142)
	at app//org.junit.jupiter.engine.descriptor.TestTemplateTestDescriptor.lambda$execute$2(TestTemplateTestDescriptor.java:110)
	at java.base@11.0.19/java.util.stream.ForEachOps$ForEachOp$OfRef.accept(ForEachOps.java:183)
	at java.base@11.0.19/java.util.stream.ReferencePipeline$3$1.accept(ReferencePipeline.java:195)
	at java.base@11.0.19/java.util.stream.ReferencePipeline$2$1.accept(ReferencePipeline.java:177)
	at java.base@11.0.19/java.util.stream.ReferencePipeline$3$1.accept(ReferencePipeline.java:195)
	at java.base@11.0.19/java.util.stream.ForEachOps$ForEachOp$OfRef.accept(ForEachOps.java:183)
	at java.base@11.0.19/java.util.stream.ReferencePipeline$3$1.accept(ReferencePipeline.java:195)
	at java.base@11.0.19/java.util.stream.ReferencePipeline$3$1.accept(ReferencePipeline.java:195)
	at java.base@11.0.19/java.util.stream.ReferencePipeline$3$1.accept(ReferencePipeline.java:195)
	at java.base@11.0.19/java.util.stream.ForEachOps$ForEachOp$OfRef.accept(ForEachOps.java:183)
	at java.base@11.0.19/java.util.Iterator.forEachRemaining(Iterator.java:133)
	at java.base@11.0.19/java.util.Spliterators$IteratorSpliterator.forEachRemaining(Spliterators.java:1801)
	at java.base@11.0.19/java.util.stream.ReferencePipeline$Head.forEach(ReferencePipeline.java:658)
	at java.base@11.0.19/java.util.stream.ReferencePipeline$7$1.accept(ReferencePipeline.java:274)
	at java.base@11.0.19/java.util.stream.ReferencePipeline$3$1.accept(ReferencePipeline.java:195)
	at java.base@11.0.19/java.util.stream.ReferencePipeline$3$1.accept(ReferencePipeline.java:195)
	at java.base@11.0.19/java.util.ArrayList$ArrayListSpliterator.forEachRemaining(ArrayList.java:1655)
	at java.base@11.0.19/java.util.stream.AbstractPipeline.copyInto(AbstractPipeline.java:484)
	at java.base@11.0.19/java.util.stream.AbstractPipeline.wrapAndCopyInto(AbstractPipeline.java:474)
	at java.base@11.0.19/java.util.stream.ForEachOps$ForEachOp.evaluateSequential(ForEachOps.java:150)
	at java.base@11.0.19/java.util.stream.ForEachOps$ForEachOp$OfRef.evaluateSequential(ForEachOps.java:173)
	at java.base@11.0.19/java.util.stream.AbstractPipeline.evaluate(AbstractPipeline.java:234)
	at java.base@11.0.19/java.util.stream.ReferencePipeline.forEach(ReferencePipeline.java:497)
	at java.base@11.0.19/java.util.stream.ReferencePipeline$7$1.accept(ReferencePipeline.java:274)
	at java.base@11.0.19/java.util.stream.ReferencePipeline$3$1.accept(ReferencePipeline.java:195)
	at java.base@11.0.19/java.util.stream.ReferencePipeline$3$1.accept(ReferencePipeline.java:195)
	at java.base@11.0.19/java.util.stream.ReferencePipeline$3$1.accept(ReferencePipeline.java:195)
	at java.base@11.0.19/java.util.ArrayList$ArrayListSpliterator.forEachRemaining(ArrayList.java:1655)
	at java.base@11.0.19/java.util.stream.AbstractPipeline.copyInto(AbstractPipeline.java:484)
	at java.base@11.0.19/java.util.stream.AbstractPipeline.wrapAndCopyInto(AbstractPipeline.java:474)
	at java.base@11.0.19/java.util.stream.ForEachOps$ForEachOp.evaluateSequential(ForEachOps.java:150)
	at java.base@11.0.19/java.util.stream.ForEachOps$ForEachOp$OfRef.evaluateSequential(ForEachOps.java:173)
	at java.base@11.0.19/java.util.stream.AbstractPipeline.evaluate(AbstractPipeline.java:234)
	at java.base@11.0.19/java.util.stream.ReferencePipeline.forEach(ReferencePipeline.java:497)
	at java.base@11.0.19/java.util.stream.ReferencePipeline$7$1.accept(ReferencePipeline.java:274)
	at java.base@11.0.19/java.util.ArrayList$ArrayListSpliterator.forEachRemaining(ArrayList.java:1655)
	at java.base@11.0.19/java.util.stream.AbstractPipeline.copyInto(AbstractPipeline.java:484)
	at java.base@11.0.19/java.util.stream.AbstractPipeline.wrapAndCopyInto(AbstractPipeline.java:474)
	at java.base@11.0.19/java.util.stream.ForEachOps$ForEachOp.evaluateSequential(ForEachOps.java:150)
	at java.base@11.0.19/java.util.stream.ForEachOps$ForEachOp$OfRef.evaluateSequential(ForEachOps.java:173)
	at java.base@11.0.19/java.util.stream.AbstractPipeline.evaluate(AbstractPipeline.java:234)
	at java.base@11.0.19/java.util.stream.ReferencePipeline.forEach(ReferencePipeline.java:497)
	at app//org.junit.jupiter.engine.descriptor.TestTemplateTestDescriptor.execute(TestTemplateTestDescriptor.java:110)
	at app//org.junit.jupiter.engine.descriptor.TestTemplateTestDescriptor.execute(TestTemplateTestDescriptor.java:44)
	at app//org.junit.platform.engine.support.hierarchical.NodeTestTask.lambda$executeRecursively$6(NodeTestTask.java:151)
	at app//org.junit.platform.engine.support.hierarchical.ThrowableCollector.execute(ThrowableCollector.java:73)
	at app//org.junit.platform.engine.support.hierarchical.NodeTestTask.lambda$executeRecursively$8(NodeTestTask.java:141)
	at app//org.junit.platform.engine.support.hierarchical.Node.around(Node.java:137)
	at app//org.junit.platform.engine.support.hierarchical.NodeTestTask.lambda$executeRecursively$9(NodeTestTask.java:139)
	at app//org.junit.platform.engine.support.hierarchical.ThrowableCollector.execute(ThrowableCollector.java:73)
	at app//org.junit.platform.engine.support.hierarchical.NodeTestTask.executeRecursively(NodeTestTask.java:138)
	at app//org.junit.platform.engine.support.hierarchical.NodeTestTask.execute(NodeTestTask.java:95)
	at java.base@11.0.19/java.util.ArrayList.forEach(ArrayList.java:1541)
	at app//org.junit.platform.engine.support.hierarchical.SameThreadHierarchicalTestExecutorService.invokeAll(SameThreadHierarchicalTestExecutorService.java:41)
	at app//org.junit.platform.engine.support.hierarchical.NodeTestTask.lambda$executeRecursively$6(NodeTestTask.java:155)
	at app//org.junit.platform.engine.support.hierarchical.ThrowableCollector.execute(ThrowableCollector.java:73)
	at app//org.junit.platform.engine.support.hierarchical.NodeTestTask.lambda$executeRecursively$8(NodeTestTask.java:141)
	at app//org.junit.platform.engine.support.hierarchical.Node.around(Node.java:137)
	at app//org.junit.platform.engine.support.hierarchical.NodeTestTask.lambda$executeRecursively$9(NodeTestTask.java:139)
	at app//org.junit.platform.engine.support.hierarchical.ThrowableCollector.execute(ThrowableCollector.java:73)
	at app//org.junit.platform.engine.support.hierarchical.NodeTestTask.executeRecursively(NodeTestTask.java:138)
	at app//org.junit.platform.engine.support.hierarchical.NodeTestTask.execute(NodeTestTask.java:95)
	at java.base@11.0.19/java.util.ArrayList.forEach(ArrayList.java:1541)
	at app//org.junit.platform.engine.support.hierarchical.SameThreadHierarchicalTestExecutorService.invokeAll(SameThreadHierarchicalTestExecutorService.java:41)
	at app//org.junit.platform.engine.support.hierarchical.NodeTestTask.lambda$executeRecursively$6(NodeTestTask.java:155)
	at app//org.junit.platform.engine.support.hierarchical.ThrowableCollector.execute(ThrowableCollector.java:73)
	at app//org.junit.platform.engine.support.hierarchical.NodeTestTask.lambda$executeRecursively$8(NodeTestTask.java:141)
	at app//org.junit.platform.engine.support.hierarchical.Node.around(Node.java:137)
	at app//org.junit.platform.engine.support.hierarchical.NodeTestTask.lambda$executeRecursively$9(NodeTestTask.java:139)
	at app//org.junit.platform.engine.support.hierarchical.ThrowableCollector.execute(ThrowableCollector.java:73)
	at app//org.junit.platform.engine.support.hierarchical.NodeTestTask.executeRecursively(NodeTestTask.java:138)
	at app//org.junit.platform.engine.support.hierarchical.NodeTestTask.execute(NodeTestTask.java:95)
	at app//org.junit.platform.engine.support.hierarchical.SameThreadHierarchicalTestExecutorService.submit(SameThreadHierarchicalTestExecutorService.java:35)
	at app//org.junit.platform.engine.support.hierarchical.HierarchicalTestExecutor.execute(HierarchicalTestExecutor.java:57)
	at app//org.junit.platform.engine.support.hierarchical.HierarchicalTestEngine.execute(HierarchicalTestEngine.java:54)
	at app//org.junit.platform.launcher.core.EngineExecutionOrchestrator.execute(EngineExecutionOrchestrator.java:107)
	at app//org.junit.platform.launcher.core.EngineExecutionOrchestrator.execute(EngineExecutionOrchestrator.java:88)
	at app//org.junit.platform.launcher.core.EngineExecutionOrchestrator.lambda$execute$0(EngineExecutionOrchestrator.java:54)
	at app//org.junit.platform.launcher.core.EngineExecutionOrchestrator.withInterceptedStreams(EngineExecutionOrchestrator.java:67)
	at app//org.junit.platform.launcher.core.EngineExecutionOrchestrator.execute(EngineExecutionOrchestrator.java:52)
	at app//org.junit.platform.launcher.core.DefaultLauncher.execute(DefaultLauncher.java:114)
	at app//org.junit.platform.launcher.core.DefaultLauncher.execute(DefaultLauncher.java:86)
	at app//org.junit.platform.launcher.core.DefaultLauncherSession$DelegatingLauncher.execute(DefaultLauncherSession.java:86)
	at org.gradle.api.internal.tasks.testing.junitplatform.JUnitPlatformTestClassProcessor$CollectAllTestClassesExecutor.processAllTestClasses(JUnitPlatformTestClassProcessor.java:110)
	at org.gradle.api.internal.tasks.testing.junitplatform.JUnitPlatformTestClassProcessor$CollectAllTestClassesExecutor.access$000(JUnitPlatformTestClassProcessor.java:90)
	at org.gradle.api.internal.tasks.testing.junitplatform.JUnitPlatformTestClassProcessor.stop(JUnitPlatformTestClassProcessor.java:85)
	at org.gradle.api.internal.tasks.testing.SuiteTestClassProcessor.stop(SuiteTestClassProcessor.java:62)
	at java.base@11.0.19/jdk.internal.reflect.NativeMethodAccessorImpl.invoke0(Native Method)
	at java.base@11.0.19/jdk.internal.reflect.NativeMethodAccessorImpl.invoke(NativeMethodAccessorImpl.java:62)
	at java.base@11.0.19/jdk.internal.reflect.DelegatingMethodAccessorImpl.invoke(DelegatingMethodAccessorImpl.java:43)
	at java.base@11.0.19/java.lang.reflect.Method.invoke(Method.java:566)
	at org.gradle.internal.dispatch.ReflectionDispatch.dispatch(ReflectionDispatch.java:36)
	at org.gradle.internal.dispatch.ReflectionDispatch.dispatch(ReflectionDispatch.java:24)
	at org.gradle.internal.dispatch.ContextClassLoaderDispatch.dispatch(ContextClassLoaderDispatch.java:33)
	at org.gradle.internal.dispatch.ProxyDispatchAdapter$DispatchingInvocationHandler.invoke(ProxyDispatchAdapter.java:94)
	at com.sun.proxy.$Proxy5.stop(Unknown Source)
	at org.gradle.api.internal.tasks.testing.worker.TestWorker$3.run(TestWorker.java:193)
	at org.gradle.api.internal.tasks.testing.worker.TestWorker.executeAndMaintainThreadName(TestWorker.java:129)
	at org.gradle.api.internal.tasks.testing.worker.TestWorker.execute(TestWorker.java:100)
	at org.gradle.api.internal.tasks.testing.worker.TestWorker.execute(TestWorker.java:60)
	at org.gradle.process.internal.worker.child.ActionExecutionWorker.execute(ActionExecutionWorker.java:56)
	at org.gradle.process.internal.worker.child.SystemApplicationClassLoaderWorker.call(SystemApplicationClassLoaderWorker.java:113)
	at org.gradle.process.internal.worker.child.SystemApplicationClassLoaderWorker.call(SystemApplicationClassLoaderWorker.java:65)
	at app//worker.org.gradle.process.internal.worker.GradleWorkerMain.run(GradleWorkerMain.java:69)
	at app//worker.org.gradle.process.internal.worker.GradleWorkerMain.main(GradleWorkerMain.java:74)
Caused by: java.lang.NullPointerException
	at de.uka.ilkd.key.nparser.builder.DefaultBuilder.visitKeyjavatype(DefaultBuilder.java:360)
	at de.uka.ilkd.key.nparser.builder.DefaultBuilder.visitKeyjavatype(DefaultBuilder.java:35)
	at de.uka.ilkd.key.nparser.KeYParser$KeyjavatypeContext.accept(KeYParser.java:1859)
	at de.uka.ilkd.key.nparser.builder.AbstractBuilder.accept(AbstractBuilder.java:48)
	... 171 more
</failure>
  </testcase>
  <testcase name="[13] \if (3=4 &amp; 1=1) \then (\if (3=4) \then (1) \else (2)) \else (2)" classname="de.uka.ilkd.key.nparser.ExprTest" time="0.017">
    <failure message="null at file:/D:/a/key/key/key.core/build/resources/main/de/uka/ilkd/key/proof/rules/heap.key:46:5 (file:/D:/a/key/key/key.core/build/resources/main/de/uka/ilkd/key/proof/rules/heap.key:46:5)" type="de.uka.ilkd.key.util.parsing.BuildingException">null at file:/D:/a/key/key/key.core/build/resources/main/de/uka/ilkd/key/proof/rules/heap.key:46:5 (file:/D:/a/key/key/key.core/build/resources/main/de/uka/ilkd/key/proof/rules/heap.key:46:5)
	at app//de.uka.ilkd.key.nparser.builder.AbstractBuilder.accept(AbstractBuilder.java:54)
	at app//de.uka.ilkd.key.nparser.builder.DefaultBuilder.accept(DefaultBuilder.java:35)
	at app//de.uka.ilkd.key.nparser.builder.DeclarationBuilder.visitProg_var_decls(DeclarationBuilder.java:57)
	at app//de.uka.ilkd.key.nparser.KeYParser$Prog_var_declsContext.accept(KeYParser.java:1937)
	at app//de.uka.ilkd.key.nparser.builder.AbstractBuilder.accept(AbstractBuilder.java:48)
	at app//de.uka.ilkd.key.nparser.builder.DefaultBuilder.accept(DefaultBuilder.java:35)
	at app//de.uka.ilkd.key.nparser.builder.AbstractBuilder.lambda$mapMapOf$1(AbstractBuilder.java:141)
	at java.base@11.0.19/java.util.stream.ReferencePipeline$3$1.accept(ReferencePipeline.java:195)
	at java.base@11.0.19/java.util.ArrayList$ArrayListSpliterator.forEachRemaining(ArrayList.java:1655)
	at java.base@11.0.19/java.util.stream.AbstractPipeline.copyInto(AbstractPipeline.java:484)
	at java.base@11.0.19/java.util.stream.AbstractPipeline.wrapAndCopyInto(AbstractPipeline.java:474)
	at java.base@11.0.19/java.util.stream.ForEachOps$ForEachOp.evaluateSequential(ForEachOps.java:150)
	at java.base@11.0.19/java.util.stream.ForEachOps$ForEachOp$OfRef.evaluateSequential(ForEachOps.java:173)
	at java.base@11.0.19/java.util.stream.AbstractPipeline.evaluate(AbstractPipeline.java:234)
	at java.base@11.0.19/java.util.stream.ReferencePipeline.forEach(ReferencePipeline.java:497)
	at java.base@11.0.19/java.util.stream.ReferencePipeline$7$1.accept(ReferencePipeline.java:274)
	at java.base@11.0.19/java.util.Spliterators$ArraySpliterator.forEachRemaining(Spliterators.java:948)
	at java.base@11.0.19/java.util.stream.AbstractPipeline.copyInto(AbstractPipeline.java:484)
	at java.base@11.0.19/java.util.stream.AbstractPipeline.wrapAndCopyInto(AbstractPipeline.java:474)
	at java.base@11.0.19/java.util.stream.ReduceOps$ReduceOp.evaluateSequential(ReduceOps.java:913)
	at java.base@11.0.19/java.util.stream.AbstractPipeline.evaluate(AbstractPipeline.java:234)
	at java.base@11.0.19/java.util.stream.ReferencePipeline.collect(ReferencePipeline.java:578)
	at app//de.uka.ilkd.key.nparser.builder.AbstractBuilder.mapMapOf(AbstractBuilder.java:142)
	at app//de.uka.ilkd.key.nparser.builder.DeclarationBuilder.visitDecls(DeclarationBuilder.java:48)
	at app//de.uka.ilkd.key.nparser.KeYParser$DeclsContext.accept(KeYParser.java:515)
	at app//org.antlr.v4.runtime.tree.AbstractParseTreeVisitor.visitChildren(AbstractParseTreeVisitor.java:46)
	at app//de.uka.ilkd.key.nparser.KeYParserBaseVisitor.visitFile(KeYParserBaseVisitor.java:24)
	at app//de.uka.ilkd.key.nparser.KeYParser$FileContext.accept(KeYParser.java:313)
	at app//de.uka.ilkd.key.nparser.KeyAst.accept(KeyAst.java:43)
	at app//de.uka.ilkd.key.nparser.KeyIO$Loader.loadDeclarations(KeyIO.java:298)
	at app//de.uka.ilkd.key.nparser.ExprTest.getIo(ExprTest.java:46)
	at app//de.uka.ilkd.key.nparser.ExprTest.parseAndVisit(ExprTest.java:30)
	at java.base@11.0.19/jdk.internal.reflect.NativeMethodAccessorImpl.invoke0(Native Method)
	at java.base@11.0.19/jdk.internal.reflect.NativeMethodAccessorImpl.invoke(NativeMethodAccessorImpl.java:62)
	at java.base@11.0.19/jdk.internal.reflect.DelegatingMethodAccessorImpl.invoke(DelegatingMethodAccessorImpl.java:43)
	at java.base@11.0.19/java.lang.reflect.Method.invoke(Method.java:566)
	at app//org.junit.platform.commons.util.ReflectionUtils.invokeMethod(ReflectionUtils.java:727)
	at app//org.junit.jupiter.engine.execution.MethodInvocation.proceed(MethodInvocation.java:60)
	at app//org.junit.jupiter.engine.execution.InvocationInterceptorChain$ValidatingInvocation.proceed(InvocationInterceptorChain.java:131)
	at app//org.junit.jupiter.engine.extension.TimeoutExtension.intercept(TimeoutExtension.java:156)
	at app//org.junit.jupiter.engine.extension.TimeoutExtension.interceptTestableMethod(TimeoutExtension.java:147)
	at app//org.junit.jupiter.engine.extension.TimeoutExtension.interceptTestTemplateMethod(TimeoutExtension.java:94)
	at app//org.junit.jupiter.engine.execution.InterceptingExecutableInvoker$ReflectiveInterceptorCall.lambda$ofVoidMethod$0(InterceptingExecutableInvoker.java:103)
	at app//org.junit.jupiter.engine.execution.InterceptingExecutableInvoker.lambda$invoke$0(InterceptingExecutableInvoker.java:93)
	at app//org.junit.jupiter.engine.execution.InvocationInterceptorChain$InterceptedInvocation.proceed(InvocationInterceptorChain.java:106)
	at app//org.junit.jupiter.engine.execution.InvocationInterceptorChain.proceed(InvocationInterceptorChain.java:64)
	at app//org.junit.jupiter.engine.execution.InvocationInterceptorChain.chainAndInvoke(InvocationInterceptorChain.java:45)
	at app//org.junit.jupiter.engine.execution.InvocationInterceptorChain.invoke(InvocationInterceptorChain.java:37)
	at app//org.junit.jupiter.engine.execution.InterceptingExecutableInvoker.invoke(InterceptingExecutableInvoker.java:92)
	at app//org.junit.jupiter.engine.execution.InterceptingExecutableInvoker.invoke(InterceptingExecutableInvoker.java:86)
	at app//org.junit.jupiter.engine.descriptor.TestMethodTestDescriptor.lambda$invokeTestMethod$7(TestMethodTestDescriptor.java:217)
	at app//org.junit.platform.engine.support.hierarchical.ThrowableCollector.execute(ThrowableCollector.java:73)
	at app//org.junit.jupiter.engine.descriptor.TestMethodTestDescriptor.invokeTestMethod(TestMethodTestDescriptor.java:213)
	at app//org.junit.jupiter.engine.descriptor.TestMethodTestDescriptor.execute(TestMethodTestDescriptor.java:138)
	at app//org.junit.jupiter.engine.descriptor.TestMethodTestDescriptor.execute(TestMethodTestDescriptor.java:68)
	at app//org.junit.platform.engine.support.hierarchical.NodeTestTask.lambda$executeRecursively$6(NodeTestTask.java:151)
	at app//org.junit.platform.engine.support.hierarchical.ThrowableCollector.execute(ThrowableCollector.java:73)
	at app//org.junit.platform.engine.support.hierarchical.NodeTestTask.lambda$executeRecursively$8(NodeTestTask.java:141)
	at app//org.junit.platform.engine.support.hierarchical.Node.around(Node.java:137)
	at app//org.junit.platform.engine.support.hierarchical.NodeTestTask.lambda$executeRecursively$9(NodeTestTask.java:139)
	at app//org.junit.platform.engine.support.hierarchical.ThrowableCollector.execute(ThrowableCollector.java:73)
	at app//org.junit.platform.engine.support.hierarchical.NodeTestTask.executeRecursively(NodeTestTask.java:138)
	at app//org.junit.platform.engine.support.hierarchical.NodeTestTask.execute(NodeTestTask.java:95)
	at app//org.junit.platform.engine.support.hierarchical.SameThreadHierarchicalTestExecutorService.submit(SameThreadHierarchicalTestExecutorService.java:35)
	at app//org.junit.platform.engine.support.hierarchical.NodeTestTask$DefaultDynamicTestExecutor.execute(NodeTestTask.java:226)
	at app//org.junit.platform.engine.support.hierarchical.NodeTestTask$DefaultDynamicTestExecutor.execute(NodeTestTask.java:204)
	at app//org.junit.jupiter.engine.descriptor.TestTemplateTestDescriptor.execute(TestTemplateTestDescriptor.java:142)
	at app//org.junit.jupiter.engine.descriptor.TestTemplateTestDescriptor.lambda$execute$2(TestTemplateTestDescriptor.java:110)
	at java.base@11.0.19/java.util.stream.ForEachOps$ForEachOp$OfRef.accept(ForEachOps.java:183)
	at java.base@11.0.19/java.util.stream.ReferencePipeline$3$1.accept(ReferencePipeline.java:195)
	at java.base@11.0.19/java.util.stream.ReferencePipeline$2$1.accept(ReferencePipeline.java:177)
	at java.base@11.0.19/java.util.stream.ReferencePipeline$3$1.accept(ReferencePipeline.java:195)
	at java.base@11.0.19/java.util.stream.ForEachOps$ForEachOp$OfRef.accept(ForEachOps.java:183)
	at java.base@11.0.19/java.util.stream.ReferencePipeline$3$1.accept(ReferencePipeline.java:195)
	at java.base@11.0.19/java.util.stream.ReferencePipeline$3$1.accept(ReferencePipeline.java:195)
	at java.base@11.0.19/java.util.stream.ReferencePipeline$3$1.accept(ReferencePipeline.java:195)
	at java.base@11.0.19/java.util.stream.ForEachOps$ForEachOp$OfRef.accept(ForEachOps.java:183)
	at java.base@11.0.19/java.util.Iterator.forEachRemaining(Iterator.java:133)
	at java.base@11.0.19/java.util.Spliterators$IteratorSpliterator.forEachRemaining(Spliterators.java:1801)
	at java.base@11.0.19/java.util.stream.ReferencePipeline$Head.forEach(ReferencePipeline.java:658)
	at java.base@11.0.19/java.util.stream.ReferencePipeline$7$1.accept(ReferencePipeline.java:274)
	at java.base@11.0.19/java.util.stream.ReferencePipeline$3$1.accept(ReferencePipeline.java:195)
	at java.base@11.0.19/java.util.stream.ReferencePipeline$3$1.accept(ReferencePipeline.java:195)
	at java.base@11.0.19/java.util.ArrayList$ArrayListSpliterator.forEachRemaining(ArrayList.java:1655)
	at java.base@11.0.19/java.util.stream.AbstractPipeline.copyInto(AbstractPipeline.java:484)
	at java.base@11.0.19/java.util.stream.AbstractPipeline.wrapAndCopyInto(AbstractPipeline.java:474)
	at java.base@11.0.19/java.util.stream.ForEachOps$ForEachOp.evaluateSequential(ForEachOps.java:150)
	at java.base@11.0.19/java.util.stream.ForEachOps$ForEachOp$OfRef.evaluateSequential(ForEachOps.java:173)
	at java.base@11.0.19/java.util.stream.AbstractPipeline.evaluate(AbstractPipeline.java:234)
	at java.base@11.0.19/java.util.stream.ReferencePipeline.forEach(ReferencePipeline.java:497)
	at java.base@11.0.19/java.util.stream.ReferencePipeline$7$1.accept(ReferencePipeline.java:274)
	at java.base@11.0.19/java.util.stream.ReferencePipeline$3$1.accept(ReferencePipeline.java:195)
	at java.base@11.0.19/java.util.stream.ReferencePipeline$3$1.accept(ReferencePipeline.java:195)
	at java.base@11.0.19/java.util.stream.ReferencePipeline$3$1.accept(ReferencePipeline.java:195)
	at java.base@11.0.19/java.util.ArrayList$ArrayListSpliterator.forEachRemaining(ArrayList.java:1655)
	at java.base@11.0.19/java.util.stream.AbstractPipeline.copyInto(AbstractPipeline.java:484)
	at java.base@11.0.19/java.util.stream.AbstractPipeline.wrapAndCopyInto(AbstractPipeline.java:474)
	at java.base@11.0.19/java.util.stream.ForEachOps$ForEachOp.evaluateSequential(ForEachOps.java:150)
	at java.base@11.0.19/java.util.stream.ForEachOps$ForEachOp$OfRef.evaluateSequential(ForEachOps.java:173)
	at java.base@11.0.19/java.util.stream.AbstractPipeline.evaluate(AbstractPipeline.java:234)
	at java.base@11.0.19/java.util.stream.ReferencePipeline.forEach(ReferencePipeline.java:497)
	at java.base@11.0.19/java.util.stream.ReferencePipeline$7$1.accept(ReferencePipeline.java:274)
	at java.base@11.0.19/java.util.ArrayList$ArrayListSpliterator.forEachRemaining(ArrayList.java:1655)
	at java.base@11.0.19/java.util.stream.AbstractPipeline.copyInto(AbstractPipeline.java:484)
	at java.base@11.0.19/java.util.stream.AbstractPipeline.wrapAndCopyInto(AbstractPipeline.java:474)
	at java.base@11.0.19/java.util.stream.ForEachOps$ForEachOp.evaluateSequential(ForEachOps.java:150)
	at java.base@11.0.19/java.util.stream.ForEachOps$ForEachOp$OfRef.evaluateSequential(ForEachOps.java:173)
	at java.base@11.0.19/java.util.stream.AbstractPipeline.evaluate(AbstractPipeline.java:234)
	at java.base@11.0.19/java.util.stream.ReferencePipeline.forEach(ReferencePipeline.java:497)
	at app//org.junit.jupiter.engine.descriptor.TestTemplateTestDescriptor.execute(TestTemplateTestDescriptor.java:110)
	at app//org.junit.jupiter.engine.descriptor.TestTemplateTestDescriptor.execute(TestTemplateTestDescriptor.java:44)
	at app//org.junit.platform.engine.support.hierarchical.NodeTestTask.lambda$executeRecursively$6(NodeTestTask.java:151)
	at app//org.junit.platform.engine.support.hierarchical.ThrowableCollector.execute(ThrowableCollector.java:73)
	at app//org.junit.platform.engine.support.hierarchical.NodeTestTask.lambda$executeRecursively$8(NodeTestTask.java:141)
	at app//org.junit.platform.engine.support.hierarchical.Node.around(Node.java:137)
	at app//org.junit.platform.engine.support.hierarchical.NodeTestTask.lambda$executeRecursively$9(NodeTestTask.java:139)
	at app//org.junit.platform.engine.support.hierarchical.ThrowableCollector.execute(ThrowableCollector.java:73)
	at app//org.junit.platform.engine.support.hierarchical.NodeTestTask.executeRecursively(NodeTestTask.java:138)
	at app//org.junit.platform.engine.support.hierarchical.NodeTestTask.execute(NodeTestTask.java:95)
	at java.base@11.0.19/java.util.ArrayList.forEach(ArrayList.java:1541)
	at app//org.junit.platform.engine.support.hierarchical.SameThreadHierarchicalTestExecutorService.invokeAll(SameThreadHierarchicalTestExecutorService.java:41)
	at app//org.junit.platform.engine.support.hierarchical.NodeTestTask.lambda$executeRecursively$6(NodeTestTask.java:155)
	at app//org.junit.platform.engine.support.hierarchical.ThrowableCollector.execute(ThrowableCollector.java:73)
	at app//org.junit.platform.engine.support.hierarchical.NodeTestTask.lambda$executeRecursively$8(NodeTestTask.java:141)
	at app//org.junit.platform.engine.support.hierarchical.Node.around(Node.java:137)
	at app//org.junit.platform.engine.support.hierarchical.NodeTestTask.lambda$executeRecursively$9(NodeTestTask.java:139)
	at app//org.junit.platform.engine.support.hierarchical.ThrowableCollector.execute(ThrowableCollector.java:73)
	at app//org.junit.platform.engine.support.hierarchical.NodeTestTask.executeRecursively(NodeTestTask.java:138)
	at app//org.junit.platform.engine.support.hierarchical.NodeTestTask.execute(NodeTestTask.java:95)
	at java.base@11.0.19/java.util.ArrayList.forEach(ArrayList.java:1541)
	at app//org.junit.platform.engine.support.hierarchical.SameThreadHierarchicalTestExecutorService.invokeAll(SameThreadHierarchicalTestExecutorService.java:41)
	at app//org.junit.platform.engine.support.hierarchical.NodeTestTask.lambda$executeRecursively$6(NodeTestTask.java:155)
	at app//org.junit.platform.engine.support.hierarchical.ThrowableCollector.execute(ThrowableCollector.java:73)
	at app//org.junit.platform.engine.support.hierarchical.NodeTestTask.lambda$executeRecursively$8(NodeTestTask.java:141)
	at app//org.junit.platform.engine.support.hierarchical.Node.around(Node.java:137)
	at app//org.junit.platform.engine.support.hierarchical.NodeTestTask.lambda$executeRecursively$9(NodeTestTask.java:139)
	at app//org.junit.platform.engine.support.hierarchical.ThrowableCollector.execute(ThrowableCollector.java:73)
	at app//org.junit.platform.engine.support.hierarchical.NodeTestTask.executeRecursively(NodeTestTask.java:138)
	at app//org.junit.platform.engine.support.hierarchical.NodeTestTask.execute(NodeTestTask.java:95)
	at app//org.junit.platform.engine.support.hierarchical.SameThreadHierarchicalTestExecutorService.submit(SameThreadHierarchicalTestExecutorService.java:35)
	at app//org.junit.platform.engine.support.hierarchical.HierarchicalTestExecutor.execute(HierarchicalTestExecutor.java:57)
	at app//org.junit.platform.engine.support.hierarchical.HierarchicalTestEngine.execute(HierarchicalTestEngine.java:54)
	at app//org.junit.platform.launcher.core.EngineExecutionOrchestrator.execute(EngineExecutionOrchestrator.java:107)
	at app//org.junit.platform.launcher.core.EngineExecutionOrchestrator.execute(EngineExecutionOrchestrator.java:88)
	at app//org.junit.platform.launcher.core.EngineExecutionOrchestrator.lambda$execute$0(EngineExecutionOrchestrator.java:54)
	at app//org.junit.platform.launcher.core.EngineExecutionOrchestrator.withInterceptedStreams(EngineExecutionOrchestrator.java:67)
	at app//org.junit.platform.launcher.core.EngineExecutionOrchestrator.execute(EngineExecutionOrchestrator.java:52)
	at app//org.junit.platform.launcher.core.DefaultLauncher.execute(DefaultLauncher.java:114)
	at app//org.junit.platform.launcher.core.DefaultLauncher.execute(DefaultLauncher.java:86)
	at app//org.junit.platform.launcher.core.DefaultLauncherSession$DelegatingLauncher.execute(DefaultLauncherSession.java:86)
	at org.gradle.api.internal.tasks.testing.junitplatform.JUnitPlatformTestClassProcessor$CollectAllTestClassesExecutor.processAllTestClasses(JUnitPlatformTestClassProcessor.java:110)
	at org.gradle.api.internal.tasks.testing.junitplatform.JUnitPlatformTestClassProcessor$CollectAllTestClassesExecutor.access$000(JUnitPlatformTestClassProcessor.java:90)
	at org.gradle.api.internal.tasks.testing.junitplatform.JUnitPlatformTestClassProcessor.stop(JUnitPlatformTestClassProcessor.java:85)
	at org.gradle.api.internal.tasks.testing.SuiteTestClassProcessor.stop(SuiteTestClassProcessor.java:62)
	at java.base@11.0.19/jdk.internal.reflect.NativeMethodAccessorImpl.invoke0(Native Method)
	at java.base@11.0.19/jdk.internal.reflect.NativeMethodAccessorImpl.invoke(NativeMethodAccessorImpl.java:62)
	at java.base@11.0.19/jdk.internal.reflect.DelegatingMethodAccessorImpl.invoke(DelegatingMethodAccessorImpl.java:43)
	at java.base@11.0.19/java.lang.reflect.Method.invoke(Method.java:566)
	at org.gradle.internal.dispatch.ReflectionDispatch.dispatch(ReflectionDispatch.java:36)
	at org.gradle.internal.dispatch.ReflectionDispatch.dispatch(ReflectionDispatch.java:24)
	at org.gradle.internal.dispatch.ContextClassLoaderDispatch.dispatch(ContextClassLoaderDispatch.java:33)
	at org.gradle.internal.dispatch.ProxyDispatchAdapter$DispatchingInvocationHandler.invoke(ProxyDispatchAdapter.java:94)
	at com.sun.proxy.$Proxy5.stop(Unknown Source)
	at org.gradle.api.internal.tasks.testing.worker.TestWorker$3.run(TestWorker.java:193)
	at org.gradle.api.internal.tasks.testing.worker.TestWorker.executeAndMaintainThreadName(TestWorker.java:129)
	at org.gradle.api.internal.tasks.testing.worker.TestWorker.execute(TestWorker.java:100)
	at org.gradle.api.internal.tasks.testing.worker.TestWorker.execute(TestWorker.java:60)
	at org.gradle.process.internal.worker.child.ActionExecutionWorker.execute(ActionExecutionWorker.java:56)
	at org.gradle.process.internal.worker.child.SystemApplicationClassLoaderWorker.call(SystemApplicationClassLoaderWorker.java:113)
	at org.gradle.process.internal.worker.child.SystemApplicationClassLoaderWorker.call(SystemApplicationClassLoaderWorker.java:65)
	at app//worker.org.gradle.process.internal.worker.GradleWorkerMain.run(GradleWorkerMain.java:69)
	at app//worker.org.gradle.process.internal.worker.GradleWorkerMain.main(GradleWorkerMain.java:74)
Caused by: java.lang.NullPointerException
	at de.uka.ilkd.key.nparser.builder.DefaultBuilder.visitKeyjavatype(DefaultBuilder.java:360)
	at de.uka.ilkd.key.nparser.builder.DefaultBuilder.visitKeyjavatype(DefaultBuilder.java:35)
	at de.uka.ilkd.key.nparser.KeYParser$KeyjavatypeContext.accept(KeYParser.java:1859)
	at de.uka.ilkd.key.nparser.builder.AbstractBuilder.accept(AbstractBuilder.java:48)
	... 171 more
</failure>
  </testcase>
  <testcase name="[14] aa + bb*cc" classname="de.uka.ilkd.key.nparser.ExprTest" time="0.016">
    <failure message="null at file:/D:/a/key/key/key.core/build/resources/main/de/uka/ilkd/key/proof/rules/heap.key:46:5 (file:/D:/a/key/key/key.core/build/resources/main/de/uka/ilkd/key/proof/rules/heap.key:46:5)" type="de.uka.ilkd.key.util.parsing.BuildingException">null at file:/D:/a/key/key/key.core/build/resources/main/de/uka/ilkd/key/proof/rules/heap.key:46:5 (file:/D:/a/key/key/key.core/build/resources/main/de/uka/ilkd/key/proof/rules/heap.key:46:5)
	at app//de.uka.ilkd.key.nparser.builder.AbstractBuilder.accept(AbstractBuilder.java:54)
	at app//de.uka.ilkd.key.nparser.builder.DefaultBuilder.accept(DefaultBuilder.java:35)
	at app//de.uka.ilkd.key.nparser.builder.DeclarationBuilder.visitProg_var_decls(DeclarationBuilder.java:57)
	at app//de.uka.ilkd.key.nparser.KeYParser$Prog_var_declsContext.accept(KeYParser.java:1937)
	at app//de.uka.ilkd.key.nparser.builder.AbstractBuilder.accept(AbstractBuilder.java:48)
	at app//de.uka.ilkd.key.nparser.builder.DefaultBuilder.accept(DefaultBuilder.java:35)
	at app//de.uka.ilkd.key.nparser.builder.AbstractBuilder.lambda$mapMapOf$1(AbstractBuilder.java:141)
	at java.base@11.0.19/java.util.stream.ReferencePipeline$3$1.accept(ReferencePipeline.java:195)
	at java.base@11.0.19/java.util.ArrayList$ArrayListSpliterator.forEachRemaining(ArrayList.java:1655)
	at java.base@11.0.19/java.util.stream.AbstractPipeline.copyInto(AbstractPipeline.java:484)
	at java.base@11.0.19/java.util.stream.AbstractPipeline.wrapAndCopyInto(AbstractPipeline.java:474)
	at java.base@11.0.19/java.util.stream.ForEachOps$ForEachOp.evaluateSequential(ForEachOps.java:150)
	at java.base@11.0.19/java.util.stream.ForEachOps$ForEachOp$OfRef.evaluateSequential(ForEachOps.java:173)
	at java.base@11.0.19/java.util.stream.AbstractPipeline.evaluate(AbstractPipeline.java:234)
	at java.base@11.0.19/java.util.stream.ReferencePipeline.forEach(ReferencePipeline.java:497)
	at java.base@11.0.19/java.util.stream.ReferencePipeline$7$1.accept(ReferencePipeline.java:274)
	at java.base@11.0.19/java.util.Spliterators$ArraySpliterator.forEachRemaining(Spliterators.java:948)
	at java.base@11.0.19/java.util.stream.AbstractPipeline.copyInto(AbstractPipeline.java:484)
	at java.base@11.0.19/java.util.stream.AbstractPipeline.wrapAndCopyInto(AbstractPipeline.java:474)
	at java.base@11.0.19/java.util.stream.ReduceOps$ReduceOp.evaluateSequential(ReduceOps.java:913)
	at java.base@11.0.19/java.util.stream.AbstractPipeline.evaluate(AbstractPipeline.java:234)
	at java.base@11.0.19/java.util.stream.ReferencePipeline.collect(ReferencePipeline.java:578)
	at app//de.uka.ilkd.key.nparser.builder.AbstractBuilder.mapMapOf(AbstractBuilder.java:142)
	at app//de.uka.ilkd.key.nparser.builder.DeclarationBuilder.visitDecls(DeclarationBuilder.java:48)
	at app//de.uka.ilkd.key.nparser.KeYParser$DeclsContext.accept(KeYParser.java:515)
	at app//org.antlr.v4.runtime.tree.AbstractParseTreeVisitor.visitChildren(AbstractParseTreeVisitor.java:46)
	at app//de.uka.ilkd.key.nparser.KeYParserBaseVisitor.visitFile(KeYParserBaseVisitor.java:24)
	at app//de.uka.ilkd.key.nparser.KeYParser$FileContext.accept(KeYParser.java:313)
	at app//de.uka.ilkd.key.nparser.KeyAst.accept(KeyAst.java:43)
	at app//de.uka.ilkd.key.nparser.KeyIO$Loader.loadDeclarations(KeyIO.java:298)
	at app//de.uka.ilkd.key.nparser.ExprTest.getIo(ExprTest.java:46)
	at app//de.uka.ilkd.key.nparser.ExprTest.parseAndVisit(ExprTest.java:30)
	at java.base@11.0.19/jdk.internal.reflect.NativeMethodAccessorImpl.invoke0(Native Method)
	at java.base@11.0.19/jdk.internal.reflect.NativeMethodAccessorImpl.invoke(NativeMethodAccessorImpl.java:62)
	at java.base@11.0.19/jdk.internal.reflect.DelegatingMethodAccessorImpl.invoke(DelegatingMethodAccessorImpl.java:43)
	at java.base@11.0.19/java.lang.reflect.Method.invoke(Method.java:566)
	at app//org.junit.platform.commons.util.ReflectionUtils.invokeMethod(ReflectionUtils.java:727)
	at app//org.junit.jupiter.engine.execution.MethodInvocation.proceed(MethodInvocation.java:60)
	at app//org.junit.jupiter.engine.execution.InvocationInterceptorChain$ValidatingInvocation.proceed(InvocationInterceptorChain.java:131)
	at app//org.junit.jupiter.engine.extension.TimeoutExtension.intercept(TimeoutExtension.java:156)
	at app//org.junit.jupiter.engine.extension.TimeoutExtension.interceptTestableMethod(TimeoutExtension.java:147)
	at app//org.junit.jupiter.engine.extension.TimeoutExtension.interceptTestTemplateMethod(TimeoutExtension.java:94)
	at app//org.junit.jupiter.engine.execution.InterceptingExecutableInvoker$ReflectiveInterceptorCall.lambda$ofVoidMethod$0(InterceptingExecutableInvoker.java:103)
	at app//org.junit.jupiter.engine.execution.InterceptingExecutableInvoker.lambda$invoke$0(InterceptingExecutableInvoker.java:93)
	at app//org.junit.jupiter.engine.execution.InvocationInterceptorChain$InterceptedInvocation.proceed(InvocationInterceptorChain.java:106)
	at app//org.junit.jupiter.engine.execution.InvocationInterceptorChain.proceed(InvocationInterceptorChain.java:64)
	at app//org.junit.jupiter.engine.execution.InvocationInterceptorChain.chainAndInvoke(InvocationInterceptorChain.java:45)
	at app//org.junit.jupiter.engine.execution.InvocationInterceptorChain.invoke(InvocationInterceptorChain.java:37)
	at app//org.junit.jupiter.engine.execution.InterceptingExecutableInvoker.invoke(InterceptingExecutableInvoker.java:92)
	at app//org.junit.jupiter.engine.execution.InterceptingExecutableInvoker.invoke(InterceptingExecutableInvoker.java:86)
	at app//org.junit.jupiter.engine.descriptor.TestMethodTestDescriptor.lambda$invokeTestMethod$7(TestMethodTestDescriptor.java:217)
	at app//org.junit.platform.engine.support.hierarchical.ThrowableCollector.execute(ThrowableCollector.java:73)
	at app//org.junit.jupiter.engine.descriptor.TestMethodTestDescriptor.invokeTestMethod(TestMethodTestDescriptor.java:213)
	at app//org.junit.jupiter.engine.descriptor.TestMethodTestDescriptor.execute(TestMethodTestDescriptor.java:138)
	at app//org.junit.jupiter.engine.descriptor.TestMethodTestDescriptor.execute(TestMethodTestDescriptor.java:68)
	at app//org.junit.platform.engine.support.hierarchical.NodeTestTask.lambda$executeRecursively$6(NodeTestTask.java:151)
	at app//org.junit.platform.engine.support.hierarchical.ThrowableCollector.execute(ThrowableCollector.java:73)
	at app//org.junit.platform.engine.support.hierarchical.NodeTestTask.lambda$executeRecursively$8(NodeTestTask.java:141)
	at app//org.junit.platform.engine.support.hierarchical.Node.around(Node.java:137)
	at app//org.junit.platform.engine.support.hierarchical.NodeTestTask.lambda$executeRecursively$9(NodeTestTask.java:139)
	at app//org.junit.platform.engine.support.hierarchical.ThrowableCollector.execute(ThrowableCollector.java:73)
	at app//org.junit.platform.engine.support.hierarchical.NodeTestTask.executeRecursively(NodeTestTask.java:138)
	at app//org.junit.platform.engine.support.hierarchical.NodeTestTask.execute(NodeTestTask.java:95)
	at app//org.junit.platform.engine.support.hierarchical.SameThreadHierarchicalTestExecutorService.submit(SameThreadHierarchicalTestExecutorService.java:35)
	at app//org.junit.platform.engine.support.hierarchical.NodeTestTask$DefaultDynamicTestExecutor.execute(NodeTestTask.java:226)
	at app//org.junit.platform.engine.support.hierarchical.NodeTestTask$DefaultDynamicTestExecutor.execute(NodeTestTask.java:204)
	at app//org.junit.jupiter.engine.descriptor.TestTemplateTestDescriptor.execute(TestTemplateTestDescriptor.java:142)
	at app//org.junit.jupiter.engine.descriptor.TestTemplateTestDescriptor.lambda$execute$2(TestTemplateTestDescriptor.java:110)
	at java.base@11.0.19/java.util.stream.ForEachOps$ForEachOp$OfRef.accept(ForEachOps.java:183)
	at java.base@11.0.19/java.util.stream.ReferencePipeline$3$1.accept(ReferencePipeline.java:195)
	at java.base@11.0.19/java.util.stream.ReferencePipeline$2$1.accept(ReferencePipeline.java:177)
	at java.base@11.0.19/java.util.stream.ReferencePipeline$3$1.accept(ReferencePipeline.java:195)
	at java.base@11.0.19/java.util.stream.ForEachOps$ForEachOp$OfRef.accept(ForEachOps.java:183)
	at java.base@11.0.19/java.util.stream.ReferencePipeline$3$1.accept(ReferencePipeline.java:195)
	at java.base@11.0.19/java.util.stream.ReferencePipeline$3$1.accept(ReferencePipeline.java:195)
	at java.base@11.0.19/java.util.stream.ReferencePipeline$3$1.accept(ReferencePipeline.java:195)
	at java.base@11.0.19/java.util.stream.ForEachOps$ForEachOp$OfRef.accept(ForEachOps.java:183)
	at java.base@11.0.19/java.util.Iterator.forEachRemaining(Iterator.java:133)
	at java.base@11.0.19/java.util.Spliterators$IteratorSpliterator.forEachRemaining(Spliterators.java:1801)
	at java.base@11.0.19/java.util.stream.ReferencePipeline$Head.forEach(ReferencePipeline.java:658)
	at java.base@11.0.19/java.util.stream.ReferencePipeline$7$1.accept(ReferencePipeline.java:274)
	at java.base@11.0.19/java.util.stream.ReferencePipeline$3$1.accept(ReferencePipeline.java:195)
	at java.base@11.0.19/java.util.stream.ReferencePipeline$3$1.accept(ReferencePipeline.java:195)
	at java.base@11.0.19/java.util.ArrayList$ArrayListSpliterator.forEachRemaining(ArrayList.java:1655)
	at java.base@11.0.19/java.util.stream.AbstractPipeline.copyInto(AbstractPipeline.java:484)
	at java.base@11.0.19/java.util.stream.AbstractPipeline.wrapAndCopyInto(AbstractPipeline.java:474)
	at java.base@11.0.19/java.util.stream.ForEachOps$ForEachOp.evaluateSequential(ForEachOps.java:150)
	at java.base@11.0.19/java.util.stream.ForEachOps$ForEachOp$OfRef.evaluateSequential(ForEachOps.java:173)
	at java.base@11.0.19/java.util.stream.AbstractPipeline.evaluate(AbstractPipeline.java:234)
	at java.base@11.0.19/java.util.stream.ReferencePipeline.forEach(ReferencePipeline.java:497)
	at java.base@11.0.19/java.util.stream.ReferencePipeline$7$1.accept(ReferencePipeline.java:274)
	at java.base@11.0.19/java.util.stream.ReferencePipeline$3$1.accept(ReferencePipeline.java:195)
	at java.base@11.0.19/java.util.stream.ReferencePipeline$3$1.accept(ReferencePipeline.java:195)
	at java.base@11.0.19/java.util.stream.ReferencePipeline$3$1.accept(ReferencePipeline.java:195)
	at java.base@11.0.19/java.util.ArrayList$ArrayListSpliterator.forEachRemaining(ArrayList.java:1655)
	at java.base@11.0.19/java.util.stream.AbstractPipeline.copyInto(AbstractPipeline.java:484)
	at java.base@11.0.19/java.util.stream.AbstractPipeline.wrapAndCopyInto(AbstractPipeline.java:474)
	at java.base@11.0.19/java.util.stream.ForEachOps$ForEachOp.evaluateSequential(ForEachOps.java:150)
	at java.base@11.0.19/java.util.stream.ForEachOps$ForEachOp$OfRef.evaluateSequential(ForEachOps.java:173)
	at java.base@11.0.19/java.util.stream.AbstractPipeline.evaluate(AbstractPipeline.java:234)
	at java.base@11.0.19/java.util.stream.ReferencePipeline.forEach(ReferencePipeline.java:497)
	at java.base@11.0.19/java.util.stream.ReferencePipeline$7$1.accept(ReferencePipeline.java:274)
	at java.base@11.0.19/java.util.ArrayList$ArrayListSpliterator.forEachRemaining(ArrayList.java:1655)
	at java.base@11.0.19/java.util.stream.AbstractPipeline.copyInto(AbstractPipeline.java:484)
	at java.base@11.0.19/java.util.stream.AbstractPipeline.wrapAndCopyInto(AbstractPipeline.java:474)
	at java.base@11.0.19/java.util.stream.ForEachOps$ForEachOp.evaluateSequential(ForEachOps.java:150)
	at java.base@11.0.19/java.util.stream.ForEachOps$ForEachOp$OfRef.evaluateSequential(ForEachOps.java:173)
	at java.base@11.0.19/java.util.stream.AbstractPipeline.evaluate(AbstractPipeline.java:234)
	at java.base@11.0.19/java.util.stream.ReferencePipeline.forEach(ReferencePipeline.java:497)
	at app//org.junit.jupiter.engine.descriptor.TestTemplateTestDescriptor.execute(TestTemplateTestDescriptor.java:110)
	at app//org.junit.jupiter.engine.descriptor.TestTemplateTestDescriptor.execute(TestTemplateTestDescriptor.java:44)
	at app//org.junit.platform.engine.support.hierarchical.NodeTestTask.lambda$executeRecursively$6(NodeTestTask.java:151)
	at app//org.junit.platform.engine.support.hierarchical.ThrowableCollector.execute(ThrowableCollector.java:73)
	at app//org.junit.platform.engine.support.hierarchical.NodeTestTask.lambda$executeRecursively$8(NodeTestTask.java:141)
	at app//org.junit.platform.engine.support.hierarchical.Node.around(Node.java:137)
	at app//org.junit.platform.engine.support.hierarchical.NodeTestTask.lambda$executeRecursively$9(NodeTestTask.java:139)
	at app//org.junit.platform.engine.support.hierarchical.ThrowableCollector.execute(ThrowableCollector.java:73)
	at app//org.junit.platform.engine.support.hierarchical.NodeTestTask.executeRecursively(NodeTestTask.java:138)
	at app//org.junit.platform.engine.support.hierarchical.NodeTestTask.execute(NodeTestTask.java:95)
	at java.base@11.0.19/java.util.ArrayList.forEach(ArrayList.java:1541)
	at app//org.junit.platform.engine.support.hierarchical.SameThreadHierarchicalTestExecutorService.invokeAll(SameThreadHierarchicalTestExecutorService.java:41)
	at app//org.junit.platform.engine.support.hierarchical.NodeTestTask.lambda$executeRecursively$6(NodeTestTask.java:155)
	at app//org.junit.platform.engine.support.hierarchical.ThrowableCollector.execute(ThrowableCollector.java:73)
	at app//org.junit.platform.engine.support.hierarchical.NodeTestTask.lambda$executeRecursively$8(NodeTestTask.java:141)
	at app//org.junit.platform.engine.support.hierarchical.Node.around(Node.java:137)
	at app//org.junit.platform.engine.support.hierarchical.NodeTestTask.lambda$executeRecursively$9(NodeTestTask.java:139)
	at app//org.junit.platform.engine.support.hierarchical.ThrowableCollector.execute(ThrowableCollector.java:73)
	at app//org.junit.platform.engine.support.hierarchical.NodeTestTask.executeRecursively(NodeTestTask.java:138)
	at app//org.junit.platform.engine.support.hierarchical.NodeTestTask.execute(NodeTestTask.java:95)
	at java.base@11.0.19/java.util.ArrayList.forEach(ArrayList.java:1541)
	at app//org.junit.platform.engine.support.hierarchical.SameThreadHierarchicalTestExecutorService.invokeAll(SameThreadHierarchicalTestExecutorService.java:41)
	at app//org.junit.platform.engine.support.hierarchical.NodeTestTask.lambda$executeRecursively$6(NodeTestTask.java:155)
	at app//org.junit.platform.engine.support.hierarchical.ThrowableCollector.execute(ThrowableCollector.java:73)
	at app//org.junit.platform.engine.support.hierarchical.NodeTestTask.lambda$executeRecursively$8(NodeTestTask.java:141)
	at app//org.junit.platform.engine.support.hierarchical.Node.around(Node.java:137)
	at app//org.junit.platform.engine.support.hierarchical.NodeTestTask.lambda$executeRecursively$9(NodeTestTask.java:139)
	at app//org.junit.platform.engine.support.hierarchical.ThrowableCollector.execute(ThrowableCollector.java:73)
	at app//org.junit.platform.engine.support.hierarchical.NodeTestTask.executeRecursively(NodeTestTask.java:138)
	at app//org.junit.platform.engine.support.hierarchical.NodeTestTask.execute(NodeTestTask.java:95)
	at app//org.junit.platform.engine.support.hierarchical.SameThreadHierarchicalTestExecutorService.submit(SameThreadHierarchicalTestExecutorService.java:35)
	at app//org.junit.platform.engine.support.hierarchical.HierarchicalTestExecutor.execute(HierarchicalTestExecutor.java:57)
	at app//org.junit.platform.engine.support.hierarchical.HierarchicalTestEngine.execute(HierarchicalTestEngine.java:54)
	at app//org.junit.platform.launcher.core.EngineExecutionOrchestrator.execute(EngineExecutionOrchestrator.java:107)
	at app//org.junit.platform.launcher.core.EngineExecutionOrchestrator.execute(EngineExecutionOrchestrator.java:88)
	at app//org.junit.platform.launcher.core.EngineExecutionOrchestrator.lambda$execute$0(EngineExecutionOrchestrator.java:54)
	at app//org.junit.platform.launcher.core.EngineExecutionOrchestrator.withInterceptedStreams(EngineExecutionOrchestrator.java:67)
	at app//org.junit.platform.launcher.core.EngineExecutionOrchestrator.execute(EngineExecutionOrchestrator.java:52)
	at app//org.junit.platform.launcher.core.DefaultLauncher.execute(DefaultLauncher.java:114)
	at app//org.junit.platform.launcher.core.DefaultLauncher.execute(DefaultLauncher.java:86)
	at app//org.junit.platform.launcher.core.DefaultLauncherSession$DelegatingLauncher.execute(DefaultLauncherSession.java:86)
	at org.gradle.api.internal.tasks.testing.junitplatform.JUnitPlatformTestClassProcessor$CollectAllTestClassesExecutor.processAllTestClasses(JUnitPlatformTestClassProcessor.java:110)
	at org.gradle.api.internal.tasks.testing.junitplatform.JUnitPlatformTestClassProcessor$CollectAllTestClassesExecutor.access$000(JUnitPlatformTestClassProcessor.java:90)
	at org.gradle.api.internal.tasks.testing.junitplatform.JUnitPlatformTestClassProcessor.stop(JUnitPlatformTestClassProcessor.java:85)
	at org.gradle.api.internal.tasks.testing.SuiteTestClassProcessor.stop(SuiteTestClassProcessor.java:62)
	at java.base@11.0.19/jdk.internal.reflect.NativeMethodAccessorImpl.invoke0(Native Method)
	at java.base@11.0.19/jdk.internal.reflect.NativeMethodAccessorImpl.invoke(NativeMethodAccessorImpl.java:62)
	at java.base@11.0.19/jdk.internal.reflect.DelegatingMethodAccessorImpl.invoke(DelegatingMethodAccessorImpl.java:43)
	at java.base@11.0.19/java.lang.reflect.Method.invoke(Method.java:566)
	at org.gradle.internal.dispatch.ReflectionDispatch.dispatch(ReflectionDispatch.java:36)
	at org.gradle.internal.dispatch.ReflectionDispatch.dispatch(ReflectionDispatch.java:24)
	at org.gradle.internal.dispatch.ContextClassLoaderDispatch.dispatch(ContextClassLoaderDispatch.java:33)
	at org.gradle.internal.dispatch.ProxyDispatchAdapter$DispatchingInvocationHandler.invoke(ProxyDispatchAdapter.java:94)
	at com.sun.proxy.$Proxy5.stop(Unknown Source)
	at org.gradle.api.internal.tasks.testing.worker.TestWorker$3.run(TestWorker.java:193)
	at org.gradle.api.internal.tasks.testing.worker.TestWorker.executeAndMaintainThreadName(TestWorker.java:129)
	at org.gradle.api.internal.tasks.testing.worker.TestWorker.execute(TestWorker.java:100)
	at org.gradle.api.internal.tasks.testing.worker.TestWorker.execute(TestWorker.java:60)
	at org.gradle.process.internal.worker.child.ActionExecutionWorker.execute(ActionExecutionWorker.java:56)
	at org.gradle.process.internal.worker.child.SystemApplicationClassLoaderWorker.call(SystemApplicationClassLoaderWorker.java:113)
	at org.gradle.process.internal.worker.child.SystemApplicationClassLoaderWorker.call(SystemApplicationClassLoaderWorker.java:65)
	at app//worker.org.gradle.process.internal.worker.GradleWorkerMain.run(GradleWorkerMain.java:69)
	at app//worker.org.gradle.process.internal.worker.GradleWorkerMain.main(GradleWorkerMain.java:74)
Caused by: java.lang.NullPointerException
	at de.uka.ilkd.key.nparser.builder.DefaultBuilder.visitKeyjavatype(DefaultBuilder.java:360)
	at de.uka.ilkd.key.nparser.builder.DefaultBuilder.visitKeyjavatype(DefaultBuilder.java:35)
	at de.uka.ilkd.key.nparser.KeYParser$KeyjavatypeContext.accept(KeYParser.java:1859)
	at de.uka.ilkd.key.nparser.builder.AbstractBuilder.accept(AbstractBuilder.java:48)
	... 171 more
</failure>
  </testcase>
  <testcase name="[15] aa%bb*cc &lt; -123" classname="de.uka.ilkd.key.nparser.ExprTest" time="0.019">
    <failure message="null at file:/D:/a/key/key/key.core/build/resources/main/de/uka/ilkd/key/proof/rules/heap.key:46:5 (file:/D:/a/key/key/key.core/build/resources/main/de/uka/ilkd/key/proof/rules/heap.key:46:5)" type="de.uka.ilkd.key.util.parsing.BuildingException">null at file:/D:/a/key/key/key.core/build/resources/main/de/uka/ilkd/key/proof/rules/heap.key:46:5 (file:/D:/a/key/key/key.core/build/resources/main/de/uka/ilkd/key/proof/rules/heap.key:46:5)
	at app//de.uka.ilkd.key.nparser.builder.AbstractBuilder.accept(AbstractBuilder.java:54)
	at app//de.uka.ilkd.key.nparser.builder.DefaultBuilder.accept(DefaultBuilder.java:35)
	at app//de.uka.ilkd.key.nparser.builder.DeclarationBuilder.visitProg_var_decls(DeclarationBuilder.java:57)
	at app//de.uka.ilkd.key.nparser.KeYParser$Prog_var_declsContext.accept(KeYParser.java:1937)
	at app//de.uka.ilkd.key.nparser.builder.AbstractBuilder.accept(AbstractBuilder.java:48)
	at app//de.uka.ilkd.key.nparser.builder.DefaultBuilder.accept(DefaultBuilder.java:35)
	at app//de.uka.ilkd.key.nparser.builder.AbstractBuilder.lambda$mapMapOf$1(AbstractBuilder.java:141)
	at java.base@11.0.19/java.util.stream.ReferencePipeline$3$1.accept(ReferencePipeline.java:195)
	at java.base@11.0.19/java.util.ArrayList$ArrayListSpliterator.forEachRemaining(ArrayList.java:1655)
	at java.base@11.0.19/java.util.stream.AbstractPipeline.copyInto(AbstractPipeline.java:484)
	at java.base@11.0.19/java.util.stream.AbstractPipeline.wrapAndCopyInto(AbstractPipeline.java:474)
	at java.base@11.0.19/java.util.stream.ForEachOps$ForEachOp.evaluateSequential(ForEachOps.java:150)
	at java.base@11.0.19/java.util.stream.ForEachOps$ForEachOp$OfRef.evaluateSequential(ForEachOps.java:173)
	at java.base@11.0.19/java.util.stream.AbstractPipeline.evaluate(AbstractPipeline.java:234)
	at java.base@11.0.19/java.util.stream.ReferencePipeline.forEach(ReferencePipeline.java:497)
	at java.base@11.0.19/java.util.stream.ReferencePipeline$7$1.accept(ReferencePipeline.java:274)
	at java.base@11.0.19/java.util.Spliterators$ArraySpliterator.forEachRemaining(Spliterators.java:948)
	at java.base@11.0.19/java.util.stream.AbstractPipeline.copyInto(AbstractPipeline.java:484)
	at java.base@11.0.19/java.util.stream.AbstractPipeline.wrapAndCopyInto(AbstractPipeline.java:474)
	at java.base@11.0.19/java.util.stream.ReduceOps$ReduceOp.evaluateSequential(ReduceOps.java:913)
	at java.base@11.0.19/java.util.stream.AbstractPipeline.evaluate(AbstractPipeline.java:234)
	at java.base@11.0.19/java.util.stream.ReferencePipeline.collect(ReferencePipeline.java:578)
	at app//de.uka.ilkd.key.nparser.builder.AbstractBuilder.mapMapOf(AbstractBuilder.java:142)
	at app//de.uka.ilkd.key.nparser.builder.DeclarationBuilder.visitDecls(DeclarationBuilder.java:48)
	at app//de.uka.ilkd.key.nparser.KeYParser$DeclsContext.accept(KeYParser.java:515)
	at app//org.antlr.v4.runtime.tree.AbstractParseTreeVisitor.visitChildren(AbstractParseTreeVisitor.java:46)
	at app//de.uka.ilkd.key.nparser.KeYParserBaseVisitor.visitFile(KeYParserBaseVisitor.java:24)
	at app//de.uka.ilkd.key.nparser.KeYParser$FileContext.accept(KeYParser.java:313)
	at app//de.uka.ilkd.key.nparser.KeyAst.accept(KeyAst.java:43)
	at app//de.uka.ilkd.key.nparser.KeyIO$Loader.loadDeclarations(KeyIO.java:298)
	at app//de.uka.ilkd.key.nparser.ExprTest.getIo(ExprTest.java:46)
	at app//de.uka.ilkd.key.nparser.ExprTest.parseAndVisit(ExprTest.java:30)
	at java.base@11.0.19/jdk.internal.reflect.NativeMethodAccessorImpl.invoke0(Native Method)
	at java.base@11.0.19/jdk.internal.reflect.NativeMethodAccessorImpl.invoke(NativeMethodAccessorImpl.java:62)
	at java.base@11.0.19/jdk.internal.reflect.DelegatingMethodAccessorImpl.invoke(DelegatingMethodAccessorImpl.java:43)
	at java.base@11.0.19/java.lang.reflect.Method.invoke(Method.java:566)
	at app//org.junit.platform.commons.util.ReflectionUtils.invokeMethod(ReflectionUtils.java:727)
	at app//org.junit.jupiter.engine.execution.MethodInvocation.proceed(MethodInvocation.java:60)
	at app//org.junit.jupiter.engine.execution.InvocationInterceptorChain$ValidatingInvocation.proceed(InvocationInterceptorChain.java:131)
	at app//org.junit.jupiter.engine.extension.TimeoutExtension.intercept(TimeoutExtension.java:156)
	at app//org.junit.jupiter.engine.extension.TimeoutExtension.interceptTestableMethod(TimeoutExtension.java:147)
	at app//org.junit.jupiter.engine.extension.TimeoutExtension.interceptTestTemplateMethod(TimeoutExtension.java:94)
	at app//org.junit.jupiter.engine.execution.InterceptingExecutableInvoker$ReflectiveInterceptorCall.lambda$ofVoidMethod$0(InterceptingExecutableInvoker.java:103)
	at app//org.junit.jupiter.engine.execution.InterceptingExecutableInvoker.lambda$invoke$0(InterceptingExecutableInvoker.java:93)
	at app//org.junit.jupiter.engine.execution.InvocationInterceptorChain$InterceptedInvocation.proceed(InvocationInterceptorChain.java:106)
	at app//org.junit.jupiter.engine.execution.InvocationInterceptorChain.proceed(InvocationInterceptorChain.java:64)
	at app//org.junit.jupiter.engine.execution.InvocationInterceptorChain.chainAndInvoke(InvocationInterceptorChain.java:45)
	at app//org.junit.jupiter.engine.execution.InvocationInterceptorChain.invoke(InvocationInterceptorChain.java:37)
	at app//org.junit.jupiter.engine.execution.InterceptingExecutableInvoker.invoke(InterceptingExecutableInvoker.java:92)
	at app//org.junit.jupiter.engine.execution.InterceptingExecutableInvoker.invoke(InterceptingExecutableInvoker.java:86)
	at app//org.junit.jupiter.engine.descriptor.TestMethodTestDescriptor.lambda$invokeTestMethod$7(TestMethodTestDescriptor.java:217)
	at app//org.junit.platform.engine.support.hierarchical.ThrowableCollector.execute(ThrowableCollector.java:73)
	at app//org.junit.jupiter.engine.descriptor.TestMethodTestDescriptor.invokeTestMethod(TestMethodTestDescriptor.java:213)
	at app//org.junit.jupiter.engine.descriptor.TestMethodTestDescriptor.execute(TestMethodTestDescriptor.java:138)
	at app//org.junit.jupiter.engine.descriptor.TestMethodTestDescriptor.execute(TestMethodTestDescriptor.java:68)
	at app//org.junit.platform.engine.support.hierarchical.NodeTestTask.lambda$executeRecursively$6(NodeTestTask.java:151)
	at app//org.junit.platform.engine.support.hierarchical.ThrowableCollector.execute(ThrowableCollector.java:73)
	at app//org.junit.platform.engine.support.hierarchical.NodeTestTask.lambda$executeRecursively$8(NodeTestTask.java:141)
	at app//org.junit.platform.engine.support.hierarchical.Node.around(Node.java:137)
	at app//org.junit.platform.engine.support.hierarchical.NodeTestTask.lambda$executeRecursively$9(NodeTestTask.java:139)
	at app//org.junit.platform.engine.support.hierarchical.ThrowableCollector.execute(ThrowableCollector.java:73)
	at app//org.junit.platform.engine.support.hierarchical.NodeTestTask.executeRecursively(NodeTestTask.java:138)
	at app//org.junit.platform.engine.support.hierarchical.NodeTestTask.execute(NodeTestTask.java:95)
	at app//org.junit.platform.engine.support.hierarchical.SameThreadHierarchicalTestExecutorService.submit(SameThreadHierarchicalTestExecutorService.java:35)
	at app//org.junit.platform.engine.support.hierarchical.NodeTestTask$DefaultDynamicTestExecutor.execute(NodeTestTask.java:226)
	at app//org.junit.platform.engine.support.hierarchical.NodeTestTask$DefaultDynamicTestExecutor.execute(NodeTestTask.java:204)
	at app//org.junit.jupiter.engine.descriptor.TestTemplateTestDescriptor.execute(TestTemplateTestDescriptor.java:142)
	at app//org.junit.jupiter.engine.descriptor.TestTemplateTestDescriptor.lambda$execute$2(TestTemplateTestDescriptor.java:110)
	at java.base@11.0.19/java.util.stream.ForEachOps$ForEachOp$OfRef.accept(ForEachOps.java:183)
	at java.base@11.0.19/java.util.stream.ReferencePipeline$3$1.accept(ReferencePipeline.java:195)
	at java.base@11.0.19/java.util.stream.ReferencePipeline$2$1.accept(ReferencePipeline.java:177)
	at java.base@11.0.19/java.util.stream.ReferencePipeline$3$1.accept(ReferencePipeline.java:195)
	at java.base@11.0.19/java.util.stream.ForEachOps$ForEachOp$OfRef.accept(ForEachOps.java:183)
	at java.base@11.0.19/java.util.stream.ReferencePipeline$3$1.accept(ReferencePipeline.java:195)
	at java.base@11.0.19/java.util.stream.ReferencePipeline$3$1.accept(ReferencePipeline.java:195)
	at java.base@11.0.19/java.util.stream.ReferencePipeline$3$1.accept(ReferencePipeline.java:195)
	at java.base@11.0.19/java.util.stream.ForEachOps$ForEachOp$OfRef.accept(ForEachOps.java:183)
	at java.base@11.0.19/java.util.Iterator.forEachRemaining(Iterator.java:133)
	at java.base@11.0.19/java.util.Spliterators$IteratorSpliterator.forEachRemaining(Spliterators.java:1801)
	at java.base@11.0.19/java.util.stream.ReferencePipeline$Head.forEach(ReferencePipeline.java:658)
	at java.base@11.0.19/java.util.stream.ReferencePipeline$7$1.accept(ReferencePipeline.java:274)
	at java.base@11.0.19/java.util.stream.ReferencePipeline$3$1.accept(ReferencePipeline.java:195)
	at java.base@11.0.19/java.util.stream.ReferencePipeline$3$1.accept(ReferencePipeline.java:195)
	at java.base@11.0.19/java.util.ArrayList$ArrayListSpliterator.forEachRemaining(ArrayList.java:1655)
	at java.base@11.0.19/java.util.stream.AbstractPipeline.copyInto(AbstractPipeline.java:484)
	at java.base@11.0.19/java.util.stream.AbstractPipeline.wrapAndCopyInto(AbstractPipeline.java:474)
	at java.base@11.0.19/java.util.stream.ForEachOps$ForEachOp.evaluateSequential(ForEachOps.java:150)
	at java.base@11.0.19/java.util.stream.ForEachOps$ForEachOp$OfRef.evaluateSequential(ForEachOps.java:173)
	at java.base@11.0.19/java.util.stream.AbstractPipeline.evaluate(AbstractPipeline.java:234)
	at java.base@11.0.19/java.util.stream.ReferencePipeline.forEach(ReferencePipeline.java:497)
	at java.base@11.0.19/java.util.stream.ReferencePipeline$7$1.accept(ReferencePipeline.java:274)
	at java.base@11.0.19/java.util.stream.ReferencePipeline$3$1.accept(ReferencePipeline.java:195)
	at java.base@11.0.19/java.util.stream.ReferencePipeline$3$1.accept(ReferencePipeline.java:195)
	at java.base@11.0.19/java.util.stream.ReferencePipeline$3$1.accept(ReferencePipeline.java:195)
	at java.base@11.0.19/java.util.ArrayList$ArrayListSpliterator.forEachRemaining(ArrayList.java:1655)
	at java.base@11.0.19/java.util.stream.AbstractPipeline.copyInto(AbstractPipeline.java:484)
	at java.base@11.0.19/java.util.stream.AbstractPipeline.wrapAndCopyInto(AbstractPipeline.java:474)
	at java.base@11.0.19/java.util.stream.ForEachOps$ForEachOp.evaluateSequential(ForEachOps.java:150)
	at java.base@11.0.19/java.util.stream.ForEachOps$ForEachOp$OfRef.evaluateSequential(ForEachOps.java:173)
	at java.base@11.0.19/java.util.stream.AbstractPipeline.evaluate(AbstractPipeline.java:234)
	at java.base@11.0.19/java.util.stream.ReferencePipeline.forEach(ReferencePipeline.java:497)
	at java.base@11.0.19/java.util.stream.ReferencePipeline$7$1.accept(ReferencePipeline.java:274)
	at java.base@11.0.19/java.util.ArrayList$ArrayListSpliterator.forEachRemaining(ArrayList.java:1655)
	at java.base@11.0.19/java.util.stream.AbstractPipeline.copyInto(AbstractPipeline.java:484)
	at java.base@11.0.19/java.util.stream.AbstractPipeline.wrapAndCopyInto(AbstractPipeline.java:474)
	at java.base@11.0.19/java.util.stream.ForEachOps$ForEachOp.evaluateSequential(ForEachOps.java:150)
	at java.base@11.0.19/java.util.stream.ForEachOps$ForEachOp$OfRef.evaluateSequential(ForEachOps.java:173)
	at java.base@11.0.19/java.util.stream.AbstractPipeline.evaluate(AbstractPipeline.java:234)
	at java.base@11.0.19/java.util.stream.ReferencePipeline.forEach(ReferencePipeline.java:497)
	at app//org.junit.jupiter.engine.descriptor.TestTemplateTestDescriptor.execute(TestTemplateTestDescriptor.java:110)
	at app//org.junit.jupiter.engine.descriptor.TestTemplateTestDescriptor.execute(TestTemplateTestDescriptor.java:44)
	at app//org.junit.platform.engine.support.hierarchical.NodeTestTask.lambda$executeRecursively$6(NodeTestTask.java:151)
	at app//org.junit.platform.engine.support.hierarchical.ThrowableCollector.execute(ThrowableCollector.java:73)
	at app//org.junit.platform.engine.support.hierarchical.NodeTestTask.lambda$executeRecursively$8(NodeTestTask.java:141)
	at app//org.junit.platform.engine.support.hierarchical.Node.around(Node.java:137)
	at app//org.junit.platform.engine.support.hierarchical.NodeTestTask.lambda$executeRecursively$9(NodeTestTask.java:139)
	at app//org.junit.platform.engine.support.hierarchical.ThrowableCollector.execute(ThrowableCollector.java:73)
	at app//org.junit.platform.engine.support.hierarchical.NodeTestTask.executeRecursively(NodeTestTask.java:138)
	at app//org.junit.platform.engine.support.hierarchical.NodeTestTask.execute(NodeTestTask.java:95)
	at java.base@11.0.19/java.util.ArrayList.forEach(ArrayList.java:1541)
	at app//org.junit.platform.engine.support.hierarchical.SameThreadHierarchicalTestExecutorService.invokeAll(SameThreadHierarchicalTestExecutorService.java:41)
	at app//org.junit.platform.engine.support.hierarchical.NodeTestTask.lambda$executeRecursively$6(NodeTestTask.java:155)
	at app//org.junit.platform.engine.support.hierarchical.ThrowableCollector.execute(ThrowableCollector.java:73)
	at app//org.junit.platform.engine.support.hierarchical.NodeTestTask.lambda$executeRecursively$8(NodeTestTask.java:141)
	at app//org.junit.platform.engine.support.hierarchical.Node.around(Node.java:137)
	at app//org.junit.platform.engine.support.hierarchical.NodeTestTask.lambda$executeRecursively$9(NodeTestTask.java:139)
	at app//org.junit.platform.engine.support.hierarchical.ThrowableCollector.execute(ThrowableCollector.java:73)
	at app//org.junit.platform.engine.support.hierarchical.NodeTestTask.executeRecursively(NodeTestTask.java:138)
	at app//org.junit.platform.engine.support.hierarchical.NodeTestTask.execute(NodeTestTask.java:95)
	at java.base@11.0.19/java.util.ArrayList.forEach(ArrayList.java:1541)
	at app//org.junit.platform.engine.support.hierarchical.SameThreadHierarchicalTestExecutorService.invokeAll(SameThreadHierarchicalTestExecutorService.java:41)
	at app//org.junit.platform.engine.support.hierarchical.NodeTestTask.lambda$executeRecursively$6(NodeTestTask.java:155)
	at app//org.junit.platform.engine.support.hierarchical.ThrowableCollector.execute(ThrowableCollector.java:73)
	at app//org.junit.platform.engine.support.hierarchical.NodeTestTask.lambda$executeRecursively$8(NodeTestTask.java:141)
	at app//org.junit.platform.engine.support.hierarchical.Node.around(Node.java:137)
	at app//org.junit.platform.engine.support.hierarchical.NodeTestTask.lambda$executeRecursively$9(NodeTestTask.java:139)
	at app//org.junit.platform.engine.support.hierarchical.ThrowableCollector.execute(ThrowableCollector.java:73)
	at app//org.junit.platform.engine.support.hierarchical.NodeTestTask.executeRecursively(NodeTestTask.java:138)
	at app//org.junit.platform.engine.support.hierarchical.NodeTestTask.execute(NodeTestTask.java:95)
	at app//org.junit.platform.engine.support.hierarchical.SameThreadHierarchicalTestExecutorService.submit(SameThreadHierarchicalTestExecutorService.java:35)
	at app//org.junit.platform.engine.support.hierarchical.HierarchicalTestExecutor.execute(HierarchicalTestExecutor.java:57)
	at app//org.junit.platform.engine.support.hierarchical.HierarchicalTestEngine.execute(HierarchicalTestEngine.java:54)
	at app//org.junit.platform.launcher.core.EngineExecutionOrchestrator.execute(EngineExecutionOrchestrator.java:107)
	at app//org.junit.platform.launcher.core.EngineExecutionOrchestrator.execute(EngineExecutionOrchestrator.java:88)
	at app//org.junit.platform.launcher.core.EngineExecutionOrchestrator.lambda$execute$0(EngineExecutionOrchestrator.java:54)
	at app//org.junit.platform.launcher.core.EngineExecutionOrchestrator.withInterceptedStreams(EngineExecutionOrchestrator.java:67)
	at app//org.junit.platform.launcher.core.EngineExecutionOrchestrator.execute(EngineExecutionOrchestrator.java:52)
	at app//org.junit.platform.launcher.core.DefaultLauncher.execute(DefaultLauncher.java:114)
	at app//org.junit.platform.launcher.core.DefaultLauncher.execute(DefaultLauncher.java:86)
	at app//org.junit.platform.launcher.core.DefaultLauncherSession$DelegatingLauncher.execute(DefaultLauncherSession.java:86)
	at org.gradle.api.internal.tasks.testing.junitplatform.JUnitPlatformTestClassProcessor$CollectAllTestClassesExecutor.processAllTestClasses(JUnitPlatformTestClassProcessor.java:110)
	at org.gradle.api.internal.tasks.testing.junitplatform.JUnitPlatformTestClassProcessor$CollectAllTestClassesExecutor.access$000(JUnitPlatformTestClassProcessor.java:90)
	at org.gradle.api.internal.tasks.testing.junitplatform.JUnitPlatformTestClassProcessor.stop(JUnitPlatformTestClassProcessor.java:85)
	at org.gradle.api.internal.tasks.testing.SuiteTestClassProcessor.stop(SuiteTestClassProcessor.java:62)
	at java.base@11.0.19/jdk.internal.reflect.NativeMethodAccessorImpl.invoke0(Native Method)
	at java.base@11.0.19/jdk.internal.reflect.NativeMethodAccessorImpl.invoke(NativeMethodAccessorImpl.java:62)
	at java.base@11.0.19/jdk.internal.reflect.DelegatingMethodAccessorImpl.invoke(DelegatingMethodAccessorImpl.java:43)
	at java.base@11.0.19/java.lang.reflect.Method.invoke(Method.java:566)
	at org.gradle.internal.dispatch.ReflectionDispatch.dispatch(ReflectionDispatch.java:36)
	at org.gradle.internal.dispatch.ReflectionDispatch.dispatch(ReflectionDispatch.java:24)
	at org.gradle.internal.dispatch.ContextClassLoaderDispatch.dispatch(ContextClassLoaderDispatch.java:33)
	at org.gradle.internal.dispatch.ProxyDispatchAdapter$DispatchingInvocationHandler.invoke(ProxyDispatchAdapter.java:94)
	at com.sun.proxy.$Proxy5.stop(Unknown Source)
	at org.gradle.api.internal.tasks.testing.worker.TestWorker$3.run(TestWorker.java:193)
	at org.gradle.api.internal.tasks.testing.worker.TestWorker.executeAndMaintainThreadName(TestWorker.java:129)
	at org.gradle.api.internal.tasks.testing.worker.TestWorker.execute(TestWorker.java:100)
	at org.gradle.api.internal.tasks.testing.worker.TestWorker.execute(TestWorker.java:60)
	at org.gradle.process.internal.worker.child.ActionExecutionWorker.execute(ActionExecutionWorker.java:56)
	at org.gradle.process.internal.worker.child.SystemApplicationClassLoaderWorker.call(SystemApplicationClassLoaderWorker.java:113)
	at org.gradle.process.internal.worker.child.SystemApplicationClassLoaderWorker.call(SystemApplicationClassLoaderWorker.java:65)
	at app//worker.org.gradle.process.internal.worker.GradleWorkerMain.run(GradleWorkerMain.java:69)
	at app//worker.org.gradle.process.internal.worker.GradleWorkerMain.main(GradleWorkerMain.java:74)
Caused by: java.lang.NullPointerException
	at de.uka.ilkd.key.nparser.builder.DefaultBuilder.visitKeyjavatype(DefaultBuilder.java:360)
	at de.uka.ilkd.key.nparser.builder.DefaultBuilder.visitKeyjavatype(DefaultBuilder.java:35)
	at de.uka.ilkd.key.nparser.KeYParser$KeyjavatypeContext.accept(KeYParser.java:1859)
	at de.uka.ilkd.key.nparser.builder.AbstractBuilder.accept(AbstractBuilder.java:48)
	... 171 more
</failure>
  </testcase>
  <testcase name="[16] \forall int x; true" classname="de.uka.ilkd.key.nparser.ExprTest" time="0.021">
    <failure message="null at file:/D:/a/key/key/key.core/build/resources/main/de/uka/ilkd/key/proof/rules/heap.key:46:5 (file:/D:/a/key/key/key.core/build/resources/main/de/uka/ilkd/key/proof/rules/heap.key:46:5)" type="de.uka.ilkd.key.util.parsing.BuildingException">null at file:/D:/a/key/key/key.core/build/resources/main/de/uka/ilkd/key/proof/rules/heap.key:46:5 (file:/D:/a/key/key/key.core/build/resources/main/de/uka/ilkd/key/proof/rules/heap.key:46:5)
	at app//de.uka.ilkd.key.nparser.builder.AbstractBuilder.accept(AbstractBuilder.java:54)
	at app//de.uka.ilkd.key.nparser.builder.DefaultBuilder.accept(DefaultBuilder.java:35)
	at app//de.uka.ilkd.key.nparser.builder.DeclarationBuilder.visitProg_var_decls(DeclarationBuilder.java:57)
	at app//de.uka.ilkd.key.nparser.KeYParser$Prog_var_declsContext.accept(KeYParser.java:1937)
	at app//de.uka.ilkd.key.nparser.builder.AbstractBuilder.accept(AbstractBuilder.java:48)
	at app//de.uka.ilkd.key.nparser.builder.DefaultBuilder.accept(DefaultBuilder.java:35)
	at app//de.uka.ilkd.key.nparser.builder.AbstractBuilder.lambda$mapMapOf$1(AbstractBuilder.java:141)
	at java.base@11.0.19/java.util.stream.ReferencePipeline$3$1.accept(ReferencePipeline.java:195)
	at java.base@11.0.19/java.util.ArrayList$ArrayListSpliterator.forEachRemaining(ArrayList.java:1655)
	at java.base@11.0.19/java.util.stream.AbstractPipeline.copyInto(AbstractPipeline.java:484)
	at java.base@11.0.19/java.util.stream.AbstractPipeline.wrapAndCopyInto(AbstractPipeline.java:474)
	at java.base@11.0.19/java.util.stream.ForEachOps$ForEachOp.evaluateSequential(ForEachOps.java:150)
	at java.base@11.0.19/java.util.stream.ForEachOps$ForEachOp$OfRef.evaluateSequential(ForEachOps.java:173)
	at java.base@11.0.19/java.util.stream.AbstractPipeline.evaluate(AbstractPipeline.java:234)
	at java.base@11.0.19/java.util.stream.ReferencePipeline.forEach(ReferencePipeline.java:497)
	at java.base@11.0.19/java.util.stream.ReferencePipeline$7$1.accept(ReferencePipeline.java:274)
	at java.base@11.0.19/java.util.Spliterators$ArraySpliterator.forEachRemaining(Spliterators.java:948)
	at java.base@11.0.19/java.util.stream.AbstractPipeline.copyInto(AbstractPipeline.java:484)
	at java.base@11.0.19/java.util.stream.AbstractPipeline.wrapAndCopyInto(AbstractPipeline.java:474)
	at java.base@11.0.19/java.util.stream.ReduceOps$ReduceOp.evaluateSequential(ReduceOps.java:913)
	at java.base@11.0.19/java.util.stream.AbstractPipeline.evaluate(AbstractPipeline.java:234)
	at java.base@11.0.19/java.util.stream.ReferencePipeline.collect(ReferencePipeline.java:578)
	at app//de.uka.ilkd.key.nparser.builder.AbstractBuilder.mapMapOf(AbstractBuilder.java:142)
	at app//de.uka.ilkd.key.nparser.builder.DeclarationBuilder.visitDecls(DeclarationBuilder.java:48)
	at app//de.uka.ilkd.key.nparser.KeYParser$DeclsContext.accept(KeYParser.java:515)
	at app//org.antlr.v4.runtime.tree.AbstractParseTreeVisitor.visitChildren(AbstractParseTreeVisitor.java:46)
	at app//de.uka.ilkd.key.nparser.KeYParserBaseVisitor.visitFile(KeYParserBaseVisitor.java:24)
	at app//de.uka.ilkd.key.nparser.KeYParser$FileContext.accept(KeYParser.java:313)
	at app//de.uka.ilkd.key.nparser.KeyAst.accept(KeyAst.java:43)
	at app//de.uka.ilkd.key.nparser.KeyIO$Loader.loadDeclarations(KeyIO.java:298)
	at app//de.uka.ilkd.key.nparser.ExprTest.getIo(ExprTest.java:46)
	at app//de.uka.ilkd.key.nparser.ExprTest.parseAndVisit(ExprTest.java:30)
	at java.base@11.0.19/jdk.internal.reflect.NativeMethodAccessorImpl.invoke0(Native Method)
	at java.base@11.0.19/jdk.internal.reflect.NativeMethodAccessorImpl.invoke(NativeMethodAccessorImpl.java:62)
	at java.base@11.0.19/jdk.internal.reflect.DelegatingMethodAccessorImpl.invoke(DelegatingMethodAccessorImpl.java:43)
	at java.base@11.0.19/java.lang.reflect.Method.invoke(Method.java:566)
	at app//org.junit.platform.commons.util.ReflectionUtils.invokeMethod(ReflectionUtils.java:727)
	at app//org.junit.jupiter.engine.execution.MethodInvocation.proceed(MethodInvocation.java:60)
	at app//org.junit.jupiter.engine.execution.InvocationInterceptorChain$ValidatingInvocation.proceed(InvocationInterceptorChain.java:131)
	at app//org.junit.jupiter.engine.extension.TimeoutExtension.intercept(TimeoutExtension.java:156)
	at app//org.junit.jupiter.engine.extension.TimeoutExtension.interceptTestableMethod(TimeoutExtension.java:147)
	at app//org.junit.jupiter.engine.extension.TimeoutExtension.interceptTestTemplateMethod(TimeoutExtension.java:94)
	at app//org.junit.jupiter.engine.execution.InterceptingExecutableInvoker$ReflectiveInterceptorCall.lambda$ofVoidMethod$0(InterceptingExecutableInvoker.java:103)
	at app//org.junit.jupiter.engine.execution.InterceptingExecutableInvoker.lambda$invoke$0(InterceptingExecutableInvoker.java:93)
	at app//org.junit.jupiter.engine.execution.InvocationInterceptorChain$InterceptedInvocation.proceed(InvocationInterceptorChain.java:106)
	at app//org.junit.jupiter.engine.execution.InvocationInterceptorChain.proceed(InvocationInterceptorChain.java:64)
	at app//org.junit.jupiter.engine.execution.InvocationInterceptorChain.chainAndInvoke(InvocationInterceptorChain.java:45)
	at app//org.junit.jupiter.engine.execution.InvocationInterceptorChain.invoke(InvocationInterceptorChain.java:37)
	at app//org.junit.jupiter.engine.execution.InterceptingExecutableInvoker.invoke(InterceptingExecutableInvoker.java:92)
	at app//org.junit.jupiter.engine.execution.InterceptingExecutableInvoker.invoke(InterceptingExecutableInvoker.java:86)
	at app//org.junit.jupiter.engine.descriptor.TestMethodTestDescriptor.lambda$invokeTestMethod$7(TestMethodTestDescriptor.java:217)
	at app//org.junit.platform.engine.support.hierarchical.ThrowableCollector.execute(ThrowableCollector.java:73)
	at app//org.junit.jupiter.engine.descriptor.TestMethodTestDescriptor.invokeTestMethod(TestMethodTestDescriptor.java:213)
	at app//org.junit.jupiter.engine.descriptor.TestMethodTestDescriptor.execute(TestMethodTestDescriptor.java:138)
	at app//org.junit.jupiter.engine.descriptor.TestMethodTestDescriptor.execute(TestMethodTestDescriptor.java:68)
	at app//org.junit.platform.engine.support.hierarchical.NodeTestTask.lambda$executeRecursively$6(NodeTestTask.java:151)
	at app//org.junit.platform.engine.support.hierarchical.ThrowableCollector.execute(ThrowableCollector.java:73)
	at app//org.junit.platform.engine.support.hierarchical.NodeTestTask.lambda$executeRecursively$8(NodeTestTask.java:141)
	at app//org.junit.platform.engine.support.hierarchical.Node.around(Node.java:137)
	at app//org.junit.platform.engine.support.hierarchical.NodeTestTask.lambda$executeRecursively$9(NodeTestTask.java:139)
	at app//org.junit.platform.engine.support.hierarchical.ThrowableCollector.execute(ThrowableCollector.java:73)
	at app//org.junit.platform.engine.support.hierarchical.NodeTestTask.executeRecursively(NodeTestTask.java:138)
	at app//org.junit.platform.engine.support.hierarchical.NodeTestTask.execute(NodeTestTask.java:95)
	at app//org.junit.platform.engine.support.hierarchical.SameThreadHierarchicalTestExecutorService.submit(SameThreadHierarchicalTestExecutorService.java:35)
	at app//org.junit.platform.engine.support.hierarchical.NodeTestTask$DefaultDynamicTestExecutor.execute(NodeTestTask.java:226)
	at app//org.junit.platform.engine.support.hierarchical.NodeTestTask$DefaultDynamicTestExecutor.execute(NodeTestTask.java:204)
	at app//org.junit.jupiter.engine.descriptor.TestTemplateTestDescriptor.execute(TestTemplateTestDescriptor.java:142)
	at app//org.junit.jupiter.engine.descriptor.TestTemplateTestDescriptor.lambda$execute$2(TestTemplateTestDescriptor.java:110)
	at java.base@11.0.19/java.util.stream.ForEachOps$ForEachOp$OfRef.accept(ForEachOps.java:183)
	at java.base@11.0.19/java.util.stream.ReferencePipeline$3$1.accept(ReferencePipeline.java:195)
	at java.base@11.0.19/java.util.stream.ReferencePipeline$2$1.accept(ReferencePipeline.java:177)
	at java.base@11.0.19/java.util.stream.ReferencePipeline$3$1.accept(ReferencePipeline.java:195)
	at java.base@11.0.19/java.util.stream.ForEachOps$ForEachOp$OfRef.accept(ForEachOps.java:183)
	at java.base@11.0.19/java.util.stream.ReferencePipeline$3$1.accept(ReferencePipeline.java:195)
	at java.base@11.0.19/java.util.stream.ReferencePipeline$3$1.accept(ReferencePipeline.java:195)
	at java.base@11.0.19/java.util.stream.ReferencePipeline$3$1.accept(ReferencePipeline.java:195)
	at java.base@11.0.19/java.util.stream.ForEachOps$ForEachOp$OfRef.accept(ForEachOps.java:183)
	at java.base@11.0.19/java.util.Iterator.forEachRemaining(Iterator.java:133)
	at java.base@11.0.19/java.util.Spliterators$IteratorSpliterator.forEachRemaining(Spliterators.java:1801)
	at java.base@11.0.19/java.util.stream.ReferencePipeline$Head.forEach(ReferencePipeline.java:658)
	at java.base@11.0.19/java.util.stream.ReferencePipeline$7$1.accept(ReferencePipeline.java:274)
	at java.base@11.0.19/java.util.stream.ReferencePipeline$3$1.accept(ReferencePipeline.java:195)
	at java.base@11.0.19/java.util.stream.ReferencePipeline$3$1.accept(ReferencePipeline.java:195)
	at java.base@11.0.19/java.util.ArrayList$ArrayListSpliterator.forEachRemaining(ArrayList.java:1655)
	at java.base@11.0.19/java.util.stream.AbstractPipeline.copyInto(AbstractPipeline.java:484)
	at java.base@11.0.19/java.util.stream.AbstractPipeline.wrapAndCopyInto(AbstractPipeline.java:474)
	at java.base@11.0.19/java.util.stream.ForEachOps$ForEachOp.evaluateSequential(ForEachOps.java:150)
	at java.base@11.0.19/java.util.stream.ForEachOps$ForEachOp$OfRef.evaluateSequential(ForEachOps.java:173)
	at java.base@11.0.19/java.util.stream.AbstractPipeline.evaluate(AbstractPipeline.java:234)
	at java.base@11.0.19/java.util.stream.ReferencePipeline.forEach(ReferencePipeline.java:497)
	at java.base@11.0.19/java.util.stream.ReferencePipeline$7$1.accept(ReferencePipeline.java:274)
	at java.base@11.0.19/java.util.stream.ReferencePipeline$3$1.accept(ReferencePipeline.java:195)
	at java.base@11.0.19/java.util.stream.ReferencePipeline$3$1.accept(ReferencePipeline.java:195)
	at java.base@11.0.19/java.util.stream.ReferencePipeline$3$1.accept(ReferencePipeline.java:195)
	at java.base@11.0.19/java.util.ArrayList$ArrayListSpliterator.forEachRemaining(ArrayList.java:1655)
	at java.base@11.0.19/java.util.stream.AbstractPipeline.copyInto(AbstractPipeline.java:484)
	at java.base@11.0.19/java.util.stream.AbstractPipeline.wrapAndCopyInto(AbstractPipeline.java:474)
	at java.base@11.0.19/java.util.stream.ForEachOps$ForEachOp.evaluateSequential(ForEachOps.java:150)
	at java.base@11.0.19/java.util.stream.ForEachOps$ForEachOp$OfRef.evaluateSequential(ForEachOps.java:173)
	at java.base@11.0.19/java.util.stream.AbstractPipeline.evaluate(AbstractPipeline.java:234)
	at java.base@11.0.19/java.util.stream.ReferencePipeline.forEach(ReferencePipeline.java:497)
	at java.base@11.0.19/java.util.stream.ReferencePipeline$7$1.accept(ReferencePipeline.java:274)
	at java.base@11.0.19/java.util.ArrayList$ArrayListSpliterator.forEachRemaining(ArrayList.java:1655)
	at java.base@11.0.19/java.util.stream.AbstractPipeline.copyInto(AbstractPipeline.java:484)
	at java.base@11.0.19/java.util.stream.AbstractPipeline.wrapAndCopyInto(AbstractPipeline.java:474)
	at java.base@11.0.19/java.util.stream.ForEachOps$ForEachOp.evaluateSequential(ForEachOps.java:150)
	at java.base@11.0.19/java.util.stream.ForEachOps$ForEachOp$OfRef.evaluateSequential(ForEachOps.java:173)
	at java.base@11.0.19/java.util.stream.AbstractPipeline.evaluate(AbstractPipeline.java:234)
	at java.base@11.0.19/java.util.stream.ReferencePipeline.forEach(ReferencePipeline.java:497)
	at app//org.junit.jupiter.engine.descriptor.TestTemplateTestDescriptor.execute(TestTemplateTestDescriptor.java:110)
	at app//org.junit.jupiter.engine.descriptor.TestTemplateTestDescriptor.execute(TestTemplateTestDescriptor.java:44)
	at app//org.junit.platform.engine.support.hierarchical.NodeTestTask.lambda$executeRecursively$6(NodeTestTask.java:151)
	at app//org.junit.platform.engine.support.hierarchical.ThrowableCollector.execute(ThrowableCollector.java:73)
	at app//org.junit.platform.engine.support.hierarchical.NodeTestTask.lambda$executeRecursively$8(NodeTestTask.java:141)
	at app//org.junit.platform.engine.support.hierarchical.Node.around(Node.java:137)
	at app//org.junit.platform.engine.support.hierarchical.NodeTestTask.lambda$executeRecursively$9(NodeTestTask.java:139)
	at app//org.junit.platform.engine.support.hierarchical.ThrowableCollector.execute(ThrowableCollector.java:73)
	at app//org.junit.platform.engine.support.hierarchical.NodeTestTask.executeRecursively(NodeTestTask.java:138)
	at app//org.junit.platform.engine.support.hierarchical.NodeTestTask.execute(NodeTestTask.java:95)
	at java.base@11.0.19/java.util.ArrayList.forEach(ArrayList.java:1541)
	at app//org.junit.platform.engine.support.hierarchical.SameThreadHierarchicalTestExecutorService.invokeAll(SameThreadHierarchicalTestExecutorService.java:41)
	at app//org.junit.platform.engine.support.hierarchical.NodeTestTask.lambda$executeRecursively$6(NodeTestTask.java:155)
	at app//org.junit.platform.engine.support.hierarchical.ThrowableCollector.execute(ThrowableCollector.java:73)
	at app//org.junit.platform.engine.support.hierarchical.NodeTestTask.lambda$executeRecursively$8(NodeTestTask.java:141)
	at app//org.junit.platform.engine.support.hierarchical.Node.around(Node.java:137)
	at app//org.junit.platform.engine.support.hierarchical.NodeTestTask.lambda$executeRecursively$9(NodeTestTask.java:139)
	at app//org.junit.platform.engine.support.hierarchical.ThrowableCollector.execute(ThrowableCollector.java:73)
	at app//org.junit.platform.engine.support.hierarchical.NodeTestTask.executeRecursively(NodeTestTask.java:138)
	at app//org.junit.platform.engine.support.hierarchical.NodeTestTask.execute(NodeTestTask.java:95)
	at java.base@11.0.19/java.util.ArrayList.forEach(ArrayList.java:1541)
	at app//org.junit.platform.engine.support.hierarchical.SameThreadHierarchicalTestExecutorService.invokeAll(SameThreadHierarchicalTestExecutorService.java:41)
	at app//org.junit.platform.engine.support.hierarchical.NodeTestTask.lambda$executeRecursively$6(NodeTestTask.java:155)
	at app//org.junit.platform.engine.support.hierarchical.ThrowableCollector.execute(ThrowableCollector.java:73)
	at app//org.junit.platform.engine.support.hierarchical.NodeTestTask.lambda$executeRecursively$8(NodeTestTask.java:141)
	at app//org.junit.platform.engine.support.hierarchical.Node.around(Node.java:137)
	at app//org.junit.platform.engine.support.hierarchical.NodeTestTask.lambda$executeRecursively$9(NodeTestTask.java:139)
	at app//org.junit.platform.engine.support.hierarchical.ThrowableCollector.execute(ThrowableCollector.java:73)
	at app//org.junit.platform.engine.support.hierarchical.NodeTestTask.executeRecursively(NodeTestTask.java:138)
	at app//org.junit.platform.engine.support.hierarchical.NodeTestTask.execute(NodeTestTask.java:95)
	at app//org.junit.platform.engine.support.hierarchical.SameThreadHierarchicalTestExecutorService.submit(SameThreadHierarchicalTestExecutorService.java:35)
	at app//org.junit.platform.engine.support.hierarchical.HierarchicalTestExecutor.execute(HierarchicalTestExecutor.java:57)
	at app//org.junit.platform.engine.support.hierarchical.HierarchicalTestEngine.execute(HierarchicalTestEngine.java:54)
	at app//org.junit.platform.launcher.core.EngineExecutionOrchestrator.execute(EngineExecutionOrchestrator.java:107)
	at app//org.junit.platform.launcher.core.EngineExecutionOrchestrator.execute(EngineExecutionOrchestrator.java:88)
	at app//org.junit.platform.launcher.core.EngineExecutionOrchestrator.lambda$execute$0(EngineExecutionOrchestrator.java:54)
	at app//org.junit.platform.launcher.core.EngineExecutionOrchestrator.withInterceptedStreams(EngineExecutionOrchestrator.java:67)
	at app//org.junit.platform.launcher.core.EngineExecutionOrchestrator.execute(EngineExecutionOrchestrator.java:52)
	at app//org.junit.platform.launcher.core.DefaultLauncher.execute(DefaultLauncher.java:114)
	at app//org.junit.platform.launcher.core.DefaultLauncher.execute(DefaultLauncher.java:86)
	at app//org.junit.platform.launcher.core.DefaultLauncherSession$DelegatingLauncher.execute(DefaultLauncherSession.java:86)
	at org.gradle.api.internal.tasks.testing.junitplatform.JUnitPlatformTestClassProcessor$CollectAllTestClassesExecutor.processAllTestClasses(JUnitPlatformTestClassProcessor.java:110)
	at org.gradle.api.internal.tasks.testing.junitplatform.JUnitPlatformTestClassProcessor$CollectAllTestClassesExecutor.access$000(JUnitPlatformTestClassProcessor.java:90)
	at org.gradle.api.internal.tasks.testing.junitplatform.JUnitPlatformTestClassProcessor.stop(JUnitPlatformTestClassProcessor.java:85)
	at org.gradle.api.internal.tasks.testing.SuiteTestClassProcessor.stop(SuiteTestClassProcessor.java:62)
	at java.base@11.0.19/jdk.internal.reflect.NativeMethodAccessorImpl.invoke0(Native Method)
	at java.base@11.0.19/jdk.internal.reflect.NativeMethodAccessorImpl.invoke(NativeMethodAccessorImpl.java:62)
	at java.base@11.0.19/jdk.internal.reflect.DelegatingMethodAccessorImpl.invoke(DelegatingMethodAccessorImpl.java:43)
	at java.base@11.0.19/java.lang.reflect.Method.invoke(Method.java:566)
	at org.gradle.internal.dispatch.ReflectionDispatch.dispatch(ReflectionDispatch.java:36)
	at org.gradle.internal.dispatch.ReflectionDispatch.dispatch(ReflectionDispatch.java:24)
	at org.gradle.internal.dispatch.ContextClassLoaderDispatch.dispatch(ContextClassLoaderDispatch.java:33)
	at org.gradle.internal.dispatch.ProxyDispatchAdapter$DispatchingInvocationHandler.invoke(ProxyDispatchAdapter.java:94)
	at com.sun.proxy.$Proxy5.stop(Unknown Source)
	at org.gradle.api.internal.tasks.testing.worker.TestWorker$3.run(TestWorker.java:193)
	at org.gradle.api.internal.tasks.testing.worker.TestWorker.executeAndMaintainThreadName(TestWorker.java:129)
	at org.gradle.api.internal.tasks.testing.worker.TestWorker.execute(TestWorker.java:100)
	at org.gradle.api.internal.tasks.testing.worker.TestWorker.execute(TestWorker.java:60)
	at org.gradle.process.internal.worker.child.ActionExecutionWorker.execute(ActionExecutionWorker.java:56)
	at org.gradle.process.internal.worker.child.SystemApplicationClassLoaderWorker.call(SystemApplicationClassLoaderWorker.java:113)
	at org.gradle.process.internal.worker.child.SystemApplicationClassLoaderWorker.call(SystemApplicationClassLoaderWorker.java:65)
	at app//worker.org.gradle.process.internal.worker.GradleWorkerMain.run(GradleWorkerMain.java:69)
	at app//worker.org.gradle.process.internal.worker.GradleWorkerMain.main(GradleWorkerMain.java:74)
Caused by: java.lang.NullPointerException
	at de.uka.ilkd.key.nparser.builder.DefaultBuilder.visitKeyjavatype(DefaultBuilder.java:360)
	at de.uka.ilkd.key.nparser.builder.DefaultBuilder.visitKeyjavatype(DefaultBuilder.java:35)
	at de.uka.ilkd.key.nparser.KeYParser$KeyjavatypeContext.accept(KeYParser.java:1859)
	at de.uka.ilkd.key.nparser.builder.AbstractBuilder.accept(AbstractBuilder.java:48)
	... 171 more
</failure>
  </testcase>
  <testcase name="[17] \forall numbers x; x = x" classname="de.uka.ilkd.key.nparser.ExprTest" time="0.017">
    <failure message="null at file:/D:/a/key/key/key.core/build/resources/main/de/uka/ilkd/key/proof/rules/heap.key:46:5 (file:/D:/a/key/key/key.core/build/resources/main/de/uka/ilkd/key/proof/rules/heap.key:46:5)" type="de.uka.ilkd.key.util.parsing.BuildingException">null at file:/D:/a/key/key/key.core/build/resources/main/de/uka/ilkd/key/proof/rules/heap.key:46:5 (file:/D:/a/key/key/key.core/build/resources/main/de/uka/ilkd/key/proof/rules/heap.key:46:5)
	at app//de.uka.ilkd.key.nparser.builder.AbstractBuilder.accept(AbstractBuilder.java:54)
	at app//de.uka.ilkd.key.nparser.builder.DefaultBuilder.accept(DefaultBuilder.java:35)
	at app//de.uka.ilkd.key.nparser.builder.DeclarationBuilder.visitProg_var_decls(DeclarationBuilder.java:57)
	at app//de.uka.ilkd.key.nparser.KeYParser$Prog_var_declsContext.accept(KeYParser.java:1937)
	at app//de.uka.ilkd.key.nparser.builder.AbstractBuilder.accept(AbstractBuilder.java:48)
	at app//de.uka.ilkd.key.nparser.builder.DefaultBuilder.accept(DefaultBuilder.java:35)
	at app//de.uka.ilkd.key.nparser.builder.AbstractBuilder.lambda$mapMapOf$1(AbstractBuilder.java:141)
	at java.base@11.0.19/java.util.stream.ReferencePipeline$3$1.accept(ReferencePipeline.java:195)
	at java.base@11.0.19/java.util.ArrayList$ArrayListSpliterator.forEachRemaining(ArrayList.java:1655)
	at java.base@11.0.19/java.util.stream.AbstractPipeline.copyInto(AbstractPipeline.java:484)
	at java.base@11.0.19/java.util.stream.AbstractPipeline.wrapAndCopyInto(AbstractPipeline.java:474)
	at java.base@11.0.19/java.util.stream.ForEachOps$ForEachOp.evaluateSequential(ForEachOps.java:150)
	at java.base@11.0.19/java.util.stream.ForEachOps$ForEachOp$OfRef.evaluateSequential(ForEachOps.java:173)
	at java.base@11.0.19/java.util.stream.AbstractPipeline.evaluate(AbstractPipeline.java:234)
	at java.base@11.0.19/java.util.stream.ReferencePipeline.forEach(ReferencePipeline.java:497)
	at java.base@11.0.19/java.util.stream.ReferencePipeline$7$1.accept(ReferencePipeline.java:274)
	at java.base@11.0.19/java.util.Spliterators$ArraySpliterator.forEachRemaining(Spliterators.java:948)
	at java.base@11.0.19/java.util.stream.AbstractPipeline.copyInto(AbstractPipeline.java:484)
	at java.base@11.0.19/java.util.stream.AbstractPipeline.wrapAndCopyInto(AbstractPipeline.java:474)
	at java.base@11.0.19/java.util.stream.ReduceOps$ReduceOp.evaluateSequential(ReduceOps.java:913)
	at java.base@11.0.19/java.util.stream.AbstractPipeline.evaluate(AbstractPipeline.java:234)
	at java.base@11.0.19/java.util.stream.ReferencePipeline.collect(ReferencePipeline.java:578)
	at app//de.uka.ilkd.key.nparser.builder.AbstractBuilder.mapMapOf(AbstractBuilder.java:142)
	at app//de.uka.ilkd.key.nparser.builder.DeclarationBuilder.visitDecls(DeclarationBuilder.java:48)
	at app//de.uka.ilkd.key.nparser.KeYParser$DeclsContext.accept(KeYParser.java:515)
	at app//org.antlr.v4.runtime.tree.AbstractParseTreeVisitor.visitChildren(AbstractParseTreeVisitor.java:46)
	at app//de.uka.ilkd.key.nparser.KeYParserBaseVisitor.visitFile(KeYParserBaseVisitor.java:24)
	at app//de.uka.ilkd.key.nparser.KeYParser$FileContext.accept(KeYParser.java:313)
	at app//de.uka.ilkd.key.nparser.KeyAst.accept(KeyAst.java:43)
	at app//de.uka.ilkd.key.nparser.KeyIO$Loader.loadDeclarations(KeyIO.java:298)
	at app//de.uka.ilkd.key.nparser.ExprTest.getIo(ExprTest.java:46)
	at app//de.uka.ilkd.key.nparser.ExprTest.parseAndVisit(ExprTest.java:30)
	at jdk.internal.reflect.GeneratedMethodAccessor9.invoke(Unknown Source)
	at java.base@11.0.19/jdk.internal.reflect.DelegatingMethodAccessorImpl.invoke(DelegatingMethodAccessorImpl.java:43)
	at java.base@11.0.19/java.lang.reflect.Method.invoke(Method.java:566)
	at app//org.junit.platform.commons.util.ReflectionUtils.invokeMethod(ReflectionUtils.java:727)
	at app//org.junit.jupiter.engine.execution.MethodInvocation.proceed(MethodInvocation.java:60)
	at app//org.junit.jupiter.engine.execution.InvocationInterceptorChain$ValidatingInvocation.proceed(InvocationInterceptorChain.java:131)
	at app//org.junit.jupiter.engine.extension.TimeoutExtension.intercept(TimeoutExtension.java:156)
	at app//org.junit.jupiter.engine.extension.TimeoutExtension.interceptTestableMethod(TimeoutExtension.java:147)
	at app//org.junit.jupiter.engine.extension.TimeoutExtension.interceptTestTemplateMethod(TimeoutExtension.java:94)
	at app//org.junit.jupiter.engine.execution.InterceptingExecutableInvoker$ReflectiveInterceptorCall.lambda$ofVoidMethod$0(InterceptingExecutableInvoker.java:103)
	at app//org.junit.jupiter.engine.execution.InterceptingExecutableInvoker.lambda$invoke$0(InterceptingExecutableInvoker.java:93)
	at app//org.junit.jupiter.engine.execution.InvocationInterceptorChain$InterceptedInvocation.proceed(InvocationInterceptorChain.java:106)
	at app//org.junit.jupiter.engine.execution.InvocationInterceptorChain.proceed(InvocationInterceptorChain.java:64)
	at app//org.junit.jupiter.engine.execution.InvocationInterceptorChain.chainAndInvoke(InvocationInterceptorChain.java:45)
	at app//org.junit.jupiter.engine.execution.InvocationInterceptorChain.invoke(InvocationInterceptorChain.java:37)
	at app//org.junit.jupiter.engine.execution.InterceptingExecutableInvoker.invoke(InterceptingExecutableInvoker.java:92)
	at app//org.junit.jupiter.engine.execution.InterceptingExecutableInvoker.invoke(InterceptingExecutableInvoker.java:86)
	at app//org.junit.jupiter.engine.descriptor.TestMethodTestDescriptor.lambda$invokeTestMethod$7(TestMethodTestDescriptor.java:217)
	at app//org.junit.platform.engine.support.hierarchical.ThrowableCollector.execute(ThrowableCollector.java:73)
	at app//org.junit.jupiter.engine.descriptor.TestMethodTestDescriptor.invokeTestMethod(TestMethodTestDescriptor.java:213)
	at app//org.junit.jupiter.engine.descriptor.TestMethodTestDescriptor.execute(TestMethodTestDescriptor.java:138)
	at app//org.junit.jupiter.engine.descriptor.TestMethodTestDescriptor.execute(TestMethodTestDescriptor.java:68)
	at app//org.junit.platform.engine.support.hierarchical.NodeTestTask.lambda$executeRecursively$6(NodeTestTask.java:151)
	at app//org.junit.platform.engine.support.hierarchical.ThrowableCollector.execute(ThrowableCollector.java:73)
	at app//org.junit.platform.engine.support.hierarchical.NodeTestTask.lambda$executeRecursively$8(NodeTestTask.java:141)
	at app//org.junit.platform.engine.support.hierarchical.Node.around(Node.java:137)
	at app//org.junit.platform.engine.support.hierarchical.NodeTestTask.lambda$executeRecursively$9(NodeTestTask.java:139)
	at app//org.junit.platform.engine.support.hierarchical.ThrowableCollector.execute(ThrowableCollector.java:73)
	at app//org.junit.platform.engine.support.hierarchical.NodeTestTask.executeRecursively(NodeTestTask.java:138)
	at app//org.junit.platform.engine.support.hierarchical.NodeTestTask.execute(NodeTestTask.java:95)
	at app//org.junit.platform.engine.support.hierarchical.SameThreadHierarchicalTestExecutorService.submit(SameThreadHierarchicalTestExecutorService.java:35)
	at app//org.junit.platform.engine.support.hierarchical.NodeTestTask$DefaultDynamicTestExecutor.execute(NodeTestTask.java:226)
	at app//org.junit.platform.engine.support.hierarchical.NodeTestTask$DefaultDynamicTestExecutor.execute(NodeTestTask.java:204)
	at app//org.junit.jupiter.engine.descriptor.TestTemplateTestDescriptor.execute(TestTemplateTestDescriptor.java:142)
	at app//org.junit.jupiter.engine.descriptor.TestTemplateTestDescriptor.lambda$execute$2(TestTemplateTestDescriptor.java:110)
	at java.base@11.0.19/java.util.stream.ForEachOps$ForEachOp$OfRef.accept(ForEachOps.java:183)
	at java.base@11.0.19/java.util.stream.ReferencePipeline$3$1.accept(ReferencePipeline.java:195)
	at java.base@11.0.19/java.util.stream.ReferencePipeline$2$1.accept(ReferencePipeline.java:177)
	at java.base@11.0.19/java.util.stream.ReferencePipeline$3$1.accept(ReferencePipeline.java:195)
	at java.base@11.0.19/java.util.stream.ForEachOps$ForEachOp$OfRef.accept(ForEachOps.java:183)
	at java.base@11.0.19/java.util.stream.ReferencePipeline$3$1.accept(ReferencePipeline.java:195)
	at java.base@11.0.19/java.util.stream.ReferencePipeline$3$1.accept(ReferencePipeline.java:195)
	at java.base@11.0.19/java.util.stream.ReferencePipeline$3$1.accept(ReferencePipeline.java:195)
	at java.base@11.0.19/java.util.stream.ForEachOps$ForEachOp$OfRef.accept(ForEachOps.java:183)
	at java.base@11.0.19/java.util.Iterator.forEachRemaining(Iterator.java:133)
	at java.base@11.0.19/java.util.Spliterators$IteratorSpliterator.forEachRemaining(Spliterators.java:1801)
	at java.base@11.0.19/java.util.stream.ReferencePipeline$Head.forEach(ReferencePipeline.java:658)
	at java.base@11.0.19/java.util.stream.ReferencePipeline$7$1.accept(ReferencePipeline.java:274)
	at java.base@11.0.19/java.util.stream.ReferencePipeline$3$1.accept(ReferencePipeline.java:195)
	at java.base@11.0.19/java.util.stream.ReferencePipeline$3$1.accept(ReferencePipeline.java:195)
	at java.base@11.0.19/java.util.ArrayList$ArrayListSpliterator.forEachRemaining(ArrayList.java:1655)
	at java.base@11.0.19/java.util.stream.AbstractPipeline.copyInto(AbstractPipeline.java:484)
	at java.base@11.0.19/java.util.stream.AbstractPipeline.wrapAndCopyInto(AbstractPipeline.java:474)
	at java.base@11.0.19/java.util.stream.ForEachOps$ForEachOp.evaluateSequential(ForEachOps.java:150)
	at java.base@11.0.19/java.util.stream.ForEachOps$ForEachOp$OfRef.evaluateSequential(ForEachOps.java:173)
	at java.base@11.0.19/java.util.stream.AbstractPipeline.evaluate(AbstractPipeline.java:234)
	at java.base@11.0.19/java.util.stream.ReferencePipeline.forEach(ReferencePipeline.java:497)
	at java.base@11.0.19/java.util.stream.ReferencePipeline$7$1.accept(ReferencePipeline.java:274)
	at java.base@11.0.19/java.util.stream.ReferencePipeline$3$1.accept(ReferencePipeline.java:195)
	at java.base@11.0.19/java.util.stream.ReferencePipeline$3$1.accept(ReferencePipeline.java:195)
	at java.base@11.0.19/java.util.stream.ReferencePipeline$3$1.accept(ReferencePipeline.java:195)
	at java.base@11.0.19/java.util.ArrayList$ArrayListSpliterator.forEachRemaining(ArrayList.java:1655)
	at java.base@11.0.19/java.util.stream.AbstractPipeline.copyInto(AbstractPipeline.java:484)
	at java.base@11.0.19/java.util.stream.AbstractPipeline.wrapAndCopyInto(AbstractPipeline.java:474)
	at java.base@11.0.19/java.util.stream.ForEachOps$ForEachOp.evaluateSequential(ForEachOps.java:150)
	at java.base@11.0.19/java.util.stream.ForEachOps$ForEachOp$OfRef.evaluateSequential(ForEachOps.java:173)
	at java.base@11.0.19/java.util.stream.AbstractPipeline.evaluate(AbstractPipeline.java:234)
	at java.base@11.0.19/java.util.stream.ReferencePipeline.forEach(ReferencePipeline.java:497)
	at java.base@11.0.19/java.util.stream.ReferencePipeline$7$1.accept(ReferencePipeline.java:274)
	at java.base@11.0.19/java.util.ArrayList$ArrayListSpliterator.forEachRemaining(ArrayList.java:1655)
	at java.base@11.0.19/java.util.stream.AbstractPipeline.copyInto(AbstractPipeline.java:484)
	at java.base@11.0.19/java.util.stream.AbstractPipeline.wrapAndCopyInto(AbstractPipeline.java:474)
	at java.base@11.0.19/java.util.stream.ForEachOps$ForEachOp.evaluateSequential(ForEachOps.java:150)
	at java.base@11.0.19/java.util.stream.ForEachOps$ForEachOp$OfRef.evaluateSequential(ForEachOps.java:173)
	at java.base@11.0.19/java.util.stream.AbstractPipeline.evaluate(AbstractPipeline.java:234)
	at java.base@11.0.19/java.util.stream.ReferencePipeline.forEach(ReferencePipeline.java:497)
	at app//org.junit.jupiter.engine.descriptor.TestTemplateTestDescriptor.execute(TestTemplateTestDescriptor.java:110)
	at app//org.junit.jupiter.engine.descriptor.TestTemplateTestDescriptor.execute(TestTemplateTestDescriptor.java:44)
	at app//org.junit.platform.engine.support.hierarchical.NodeTestTask.lambda$executeRecursively$6(NodeTestTask.java:151)
	at app//org.junit.platform.engine.support.hierarchical.ThrowableCollector.execute(ThrowableCollector.java:73)
	at app//org.junit.platform.engine.support.hierarchical.NodeTestTask.lambda$executeRecursively$8(NodeTestTask.java:141)
	at app//org.junit.platform.engine.support.hierarchical.Node.around(Node.java:137)
	at app//org.junit.platform.engine.support.hierarchical.NodeTestTask.lambda$executeRecursively$9(NodeTestTask.java:139)
	at app//org.junit.platform.engine.support.hierarchical.ThrowableCollector.execute(ThrowableCollector.java:73)
	at app//org.junit.platform.engine.support.hierarchical.NodeTestTask.executeRecursively(NodeTestTask.java:138)
	at app//org.junit.platform.engine.support.hierarchical.NodeTestTask.execute(NodeTestTask.java:95)
	at java.base@11.0.19/java.util.ArrayList.forEach(ArrayList.java:1541)
	at app//org.junit.platform.engine.support.hierarchical.SameThreadHierarchicalTestExecutorService.invokeAll(SameThreadHierarchicalTestExecutorService.java:41)
	at app//org.junit.platform.engine.support.hierarchical.NodeTestTask.lambda$executeRecursively$6(NodeTestTask.java:155)
	at app//org.junit.platform.engine.support.hierarchical.ThrowableCollector.execute(ThrowableCollector.java:73)
	at app//org.junit.platform.engine.support.hierarchical.NodeTestTask.lambda$executeRecursively$8(NodeTestTask.java:141)
	at app//org.junit.platform.engine.support.hierarchical.Node.around(Node.java:137)
	at app//org.junit.platform.engine.support.hierarchical.NodeTestTask.lambda$executeRecursively$9(NodeTestTask.java:139)
	at app//org.junit.platform.engine.support.hierarchical.ThrowableCollector.execute(ThrowableCollector.java:73)
	at app//org.junit.platform.engine.support.hierarchical.NodeTestTask.executeRecursively(NodeTestTask.java:138)
	at app//org.junit.platform.engine.support.hierarchical.NodeTestTask.execute(NodeTestTask.java:95)
	at java.base@11.0.19/java.util.ArrayList.forEach(ArrayList.java:1541)
	at app//org.junit.platform.engine.support.hierarchical.SameThreadHierarchicalTestExecutorService.invokeAll(SameThreadHierarchicalTestExecutorService.java:41)
	at app//org.junit.platform.engine.support.hierarchical.NodeTestTask.lambda$executeRecursively$6(NodeTestTask.java:155)
	at app//org.junit.platform.engine.support.hierarchical.ThrowableCollector.execute(ThrowableCollector.java:73)
	at app//org.junit.platform.engine.support.hierarchical.NodeTestTask.lambda$executeRecursively$8(NodeTestTask.java:141)
	at app//org.junit.platform.engine.support.hierarchical.Node.around(Node.java:137)
	at app//org.junit.platform.engine.support.hierarchical.NodeTestTask.lambda$executeRecursively$9(NodeTestTask.java:139)
	at app//org.junit.platform.engine.support.hierarchical.ThrowableCollector.execute(ThrowableCollector.java:73)
	at app//org.junit.platform.engine.support.hierarchical.NodeTestTask.executeRecursively(NodeTestTask.java:138)
	at app//org.junit.platform.engine.support.hierarchical.NodeTestTask.execute(NodeTestTask.java:95)
	at app//org.junit.platform.engine.support.hierarchical.SameThreadHierarchicalTestExecutorService.submit(SameThreadHierarchicalTestExecutorService.java:35)
	at app//org.junit.platform.engine.support.hierarchical.HierarchicalTestExecutor.execute(HierarchicalTestExecutor.java:57)
	at app//org.junit.platform.engine.support.hierarchical.HierarchicalTestEngine.execute(HierarchicalTestEngine.java:54)
	at app//org.junit.platform.launcher.core.EngineExecutionOrchestrator.execute(EngineExecutionOrchestrator.java:107)
	at app//org.junit.platform.launcher.core.EngineExecutionOrchestrator.execute(EngineExecutionOrchestrator.java:88)
	at app//org.junit.platform.launcher.core.EngineExecutionOrchestrator.lambda$execute$0(EngineExecutionOrchestrator.java:54)
	at app//org.junit.platform.launcher.core.EngineExecutionOrchestrator.withInterceptedStreams(EngineExecutionOrchestrator.java:67)
	at app//org.junit.platform.launcher.core.EngineExecutionOrchestrator.execute(EngineExecutionOrchestrator.java:52)
	at app//org.junit.platform.launcher.core.DefaultLauncher.execute(DefaultLauncher.java:114)
	at app//org.junit.platform.launcher.core.DefaultLauncher.execute(DefaultLauncher.java:86)
	at app//org.junit.platform.launcher.core.DefaultLauncherSession$DelegatingLauncher.execute(DefaultLauncherSession.java:86)
	at org.gradle.api.internal.tasks.testing.junitplatform.JUnitPlatformTestClassProcessor$CollectAllTestClassesExecutor.processAllTestClasses(JUnitPlatformTestClassProcessor.java:110)
	at org.gradle.api.internal.tasks.testing.junitplatform.JUnitPlatformTestClassProcessor$CollectAllTestClassesExecutor.access$000(JUnitPlatformTestClassProcessor.java:90)
	at org.gradle.api.internal.tasks.testing.junitplatform.JUnitPlatformTestClassProcessor.stop(JUnitPlatformTestClassProcessor.java:85)
	at org.gradle.api.internal.tasks.testing.SuiteTestClassProcessor.stop(SuiteTestClassProcessor.java:62)
	at java.base@11.0.19/jdk.internal.reflect.NativeMethodAccessorImpl.invoke0(Native Method)
	at java.base@11.0.19/jdk.internal.reflect.NativeMethodAccessorImpl.invoke(NativeMethodAccessorImpl.java:62)
	at java.base@11.0.19/jdk.internal.reflect.DelegatingMethodAccessorImpl.invoke(DelegatingMethodAccessorImpl.java:43)
	at java.base@11.0.19/java.lang.reflect.Method.invoke(Method.java:566)
	at org.gradle.internal.dispatch.ReflectionDispatch.dispatch(ReflectionDispatch.java:36)
	at org.gradle.internal.dispatch.ReflectionDispatch.dispatch(ReflectionDispatch.java:24)
	at org.gradle.internal.dispatch.ContextClassLoaderDispatch.dispatch(ContextClassLoaderDispatch.java:33)
	at org.gradle.internal.dispatch.ProxyDispatchAdapter$DispatchingInvocationHandler.invoke(ProxyDispatchAdapter.java:94)
	at com.sun.proxy.$Proxy5.stop(Unknown Source)
	at org.gradle.api.internal.tasks.testing.worker.TestWorker$3.run(TestWorker.java:193)
	at org.gradle.api.internal.tasks.testing.worker.TestWorker.executeAndMaintainThreadName(TestWorker.java:129)
	at org.gradle.api.internal.tasks.testing.worker.TestWorker.execute(TestWorker.java:100)
	at org.gradle.api.internal.tasks.testing.worker.TestWorker.execute(TestWorker.java:60)
	at org.gradle.process.internal.worker.child.ActionExecutionWorker.execute(ActionExecutionWorker.java:56)
	at org.gradle.process.internal.worker.child.SystemApplicationClassLoaderWorker.call(SystemApplicationClassLoaderWorker.java:113)
	at org.gradle.process.internal.worker.child.SystemApplicationClassLoaderWorker.call(SystemApplicationClassLoaderWorker.java:65)
	at app//worker.org.gradle.process.internal.worker.GradleWorkerMain.run(GradleWorkerMain.java:69)
	at app//worker.org.gradle.process.internal.worker.GradleWorkerMain.main(GradleWorkerMain.java:74)
Caused by: java.lang.NullPointerException
	at de.uka.ilkd.key.nparser.builder.DefaultBuilder.visitKeyjavatype(DefaultBuilder.java:360)
	at de.uka.ilkd.key.nparser.builder.DefaultBuilder.visitKeyjavatype(DefaultBuilder.java:35)
	at de.uka.ilkd.key.nparser.KeYParser$KeyjavatypeContext.accept(KeYParser.java:1859)
	at de.uka.ilkd.key.nparser.builder.AbstractBuilder.accept(AbstractBuilder.java:48)
	... 170 more
</failure>
  </testcase>
  <testcase name="[18] (int)3+2" classname="de.uka.ilkd.key.nparser.ExprTest" time="0.016">
    <failure message="null at file:/D:/a/key/key/key.core/build/resources/main/de/uka/ilkd/key/proof/rules/heap.key:46:5 (file:/D:/a/key/key/key.core/build/resources/main/de/uka/ilkd/key/proof/rules/heap.key:46:5)" type="de.uka.ilkd.key.util.parsing.BuildingException">null at file:/D:/a/key/key/key.core/build/resources/main/de/uka/ilkd/key/proof/rules/heap.key:46:5 (file:/D:/a/key/key/key.core/build/resources/main/de/uka/ilkd/key/proof/rules/heap.key:46:5)
	at app//de.uka.ilkd.key.nparser.builder.AbstractBuilder.accept(AbstractBuilder.java:54)
	at app//de.uka.ilkd.key.nparser.builder.DefaultBuilder.accept(DefaultBuilder.java:35)
	at app//de.uka.ilkd.key.nparser.builder.DeclarationBuilder.visitProg_var_decls(DeclarationBuilder.java:57)
	at app//de.uka.ilkd.key.nparser.KeYParser$Prog_var_declsContext.accept(KeYParser.java:1937)
	at app//de.uka.ilkd.key.nparser.builder.AbstractBuilder.accept(AbstractBuilder.java:48)
	at app//de.uka.ilkd.key.nparser.builder.DefaultBuilder.accept(DefaultBuilder.java:35)
	at app//de.uka.ilkd.key.nparser.builder.AbstractBuilder.lambda$mapMapOf$1(AbstractBuilder.java:141)
	at java.base@11.0.19/java.util.stream.ReferencePipeline$3$1.accept(ReferencePipeline.java:195)
	at java.base@11.0.19/java.util.ArrayList$ArrayListSpliterator.forEachRemaining(ArrayList.java:1655)
	at java.base@11.0.19/java.util.stream.AbstractPipeline.copyInto(AbstractPipeline.java:484)
	at java.base@11.0.19/java.util.stream.AbstractPipeline.wrapAndCopyInto(AbstractPipeline.java:474)
	at java.base@11.0.19/java.util.stream.ForEachOps$ForEachOp.evaluateSequential(ForEachOps.java:150)
	at java.base@11.0.19/java.util.stream.ForEachOps$ForEachOp$OfRef.evaluateSequential(ForEachOps.java:173)
	at java.base@11.0.19/java.util.stream.AbstractPipeline.evaluate(AbstractPipeline.java:234)
	at java.base@11.0.19/java.util.stream.ReferencePipeline.forEach(ReferencePipeline.java:497)
	at java.base@11.0.19/java.util.stream.ReferencePipeline$7$1.accept(ReferencePipeline.java:274)
	at java.base@11.0.19/java.util.Spliterators$ArraySpliterator.forEachRemaining(Spliterators.java:948)
	at java.base@11.0.19/java.util.stream.AbstractPipeline.copyInto(AbstractPipeline.java:484)
	at java.base@11.0.19/java.util.stream.AbstractPipeline.wrapAndCopyInto(AbstractPipeline.java:474)
	at java.base@11.0.19/java.util.stream.ReduceOps$ReduceOp.evaluateSequential(ReduceOps.java:913)
	at java.base@11.0.19/java.util.stream.AbstractPipeline.evaluate(AbstractPipeline.java:234)
	at java.base@11.0.19/java.util.stream.ReferencePipeline.collect(ReferencePipeline.java:578)
	at app//de.uka.ilkd.key.nparser.builder.AbstractBuilder.mapMapOf(AbstractBuilder.java:142)
	at app//de.uka.ilkd.key.nparser.builder.DeclarationBuilder.visitDecls(DeclarationBuilder.java:48)
	at app//de.uka.ilkd.key.nparser.KeYParser$DeclsContext.accept(KeYParser.java:515)
	at app//org.antlr.v4.runtime.tree.AbstractParseTreeVisitor.visitChildren(AbstractParseTreeVisitor.java:46)
	at app//de.uka.ilkd.key.nparser.KeYParserBaseVisitor.visitFile(KeYParserBaseVisitor.java:24)
	at app//de.uka.ilkd.key.nparser.KeYParser$FileContext.accept(KeYParser.java:313)
	at app//de.uka.ilkd.key.nparser.KeyAst.accept(KeyAst.java:43)
	at app//de.uka.ilkd.key.nparser.KeyIO$Loader.loadDeclarations(KeyIO.java:298)
	at app//de.uka.ilkd.key.nparser.ExprTest.getIo(ExprTest.java:46)
	at app//de.uka.ilkd.key.nparser.ExprTest.parseAndVisit(ExprTest.java:30)
	at jdk.internal.reflect.GeneratedMethodAccessor9.invoke(Unknown Source)
	at java.base@11.0.19/jdk.internal.reflect.DelegatingMethodAccessorImpl.invoke(DelegatingMethodAccessorImpl.java:43)
	at java.base@11.0.19/java.lang.reflect.Method.invoke(Method.java:566)
	at app//org.junit.platform.commons.util.ReflectionUtils.invokeMethod(ReflectionUtils.java:727)
	at app//org.junit.jupiter.engine.execution.MethodInvocation.proceed(MethodInvocation.java:60)
	at app//org.junit.jupiter.engine.execution.InvocationInterceptorChain$ValidatingInvocation.proceed(InvocationInterceptorChain.java:131)
	at app//org.junit.jupiter.engine.extension.TimeoutExtension.intercept(TimeoutExtension.java:156)
	at app//org.junit.jupiter.engine.extension.TimeoutExtension.interceptTestableMethod(TimeoutExtension.java:147)
	at app//org.junit.jupiter.engine.extension.TimeoutExtension.interceptTestTemplateMethod(TimeoutExtension.java:94)
	at app//org.junit.jupiter.engine.execution.InterceptingExecutableInvoker$ReflectiveInterceptorCall.lambda$ofVoidMethod$0(InterceptingExecutableInvoker.java:103)
	at app//org.junit.jupiter.engine.execution.InterceptingExecutableInvoker.lambda$invoke$0(InterceptingExecutableInvoker.java:93)
	at app//org.junit.jupiter.engine.execution.InvocationInterceptorChain$InterceptedInvocation.proceed(InvocationInterceptorChain.java:106)
	at app//org.junit.jupiter.engine.execution.InvocationInterceptorChain.proceed(InvocationInterceptorChain.java:64)
	at app//org.junit.jupiter.engine.execution.InvocationInterceptorChain.chainAndInvoke(InvocationInterceptorChain.java:45)
	at app//org.junit.jupiter.engine.execution.InvocationInterceptorChain.invoke(InvocationInterceptorChain.java:37)
	at app//org.junit.jupiter.engine.execution.InterceptingExecutableInvoker.invoke(InterceptingExecutableInvoker.java:92)
	at app//org.junit.jupiter.engine.execution.InterceptingExecutableInvoker.invoke(InterceptingExecutableInvoker.java:86)
	at app//org.junit.jupiter.engine.descriptor.TestMethodTestDescriptor.lambda$invokeTestMethod$7(TestMethodTestDescriptor.java:217)
	at app//org.junit.platform.engine.support.hierarchical.ThrowableCollector.execute(ThrowableCollector.java:73)
	at app//org.junit.jupiter.engine.descriptor.TestMethodTestDescriptor.invokeTestMethod(TestMethodTestDescriptor.java:213)
	at app//org.junit.jupiter.engine.descriptor.TestMethodTestDescriptor.execute(TestMethodTestDescriptor.java:138)
	at app//org.junit.jupiter.engine.descriptor.TestMethodTestDescriptor.execute(TestMethodTestDescriptor.java:68)
	at app//org.junit.platform.engine.support.hierarchical.NodeTestTask.lambda$executeRecursively$6(NodeTestTask.java:151)
	at app//org.junit.platform.engine.support.hierarchical.ThrowableCollector.execute(ThrowableCollector.java:73)
	at app//org.junit.platform.engine.support.hierarchical.NodeTestTask.lambda$executeRecursively$8(NodeTestTask.java:141)
	at app//org.junit.platform.engine.support.hierarchical.Node.around(Node.java:137)
	at app//org.junit.platform.engine.support.hierarchical.NodeTestTask.lambda$executeRecursively$9(NodeTestTask.java:139)
	at app//org.junit.platform.engine.support.hierarchical.ThrowableCollector.execute(ThrowableCollector.java:73)
	at app//org.junit.platform.engine.support.hierarchical.NodeTestTask.executeRecursively(NodeTestTask.java:138)
	at app//org.junit.platform.engine.support.hierarchical.NodeTestTask.execute(NodeTestTask.java:95)
	at app//org.junit.platform.engine.support.hierarchical.SameThreadHierarchicalTestExecutorService.submit(SameThreadHierarchicalTestExecutorService.java:35)
	at app//org.junit.platform.engine.support.hierarchical.NodeTestTask$DefaultDynamicTestExecutor.execute(NodeTestTask.java:226)
	at app//org.junit.platform.engine.support.hierarchical.NodeTestTask$DefaultDynamicTestExecutor.execute(NodeTestTask.java:204)
	at app//org.junit.jupiter.engine.descriptor.TestTemplateTestDescriptor.execute(TestTemplateTestDescriptor.java:142)
	at app//org.junit.jupiter.engine.descriptor.TestTemplateTestDescriptor.lambda$execute$2(TestTemplateTestDescriptor.java:110)
	at java.base@11.0.19/java.util.stream.ForEachOps$ForEachOp$OfRef.accept(ForEachOps.java:183)
	at java.base@11.0.19/java.util.stream.ReferencePipeline$3$1.accept(ReferencePipeline.java:195)
	at java.base@11.0.19/java.util.stream.ReferencePipeline$2$1.accept(ReferencePipeline.java:177)
	at java.base@11.0.19/java.util.stream.ReferencePipeline$3$1.accept(ReferencePipeline.java:195)
	at java.base@11.0.19/java.util.stream.ForEachOps$ForEachOp$OfRef.accept(ForEachOps.java:183)
	at java.base@11.0.19/java.util.stream.ReferencePipeline$3$1.accept(ReferencePipeline.java:195)
	at java.base@11.0.19/java.util.stream.ReferencePipeline$3$1.accept(ReferencePipeline.java:195)
	at java.base@11.0.19/java.util.stream.ReferencePipeline$3$1.accept(ReferencePipeline.java:195)
	at java.base@11.0.19/java.util.stream.ForEachOps$ForEachOp$OfRef.accept(ForEachOps.java:183)
	at java.base@11.0.19/java.util.Iterator.forEachRemaining(Iterator.java:133)
	at java.base@11.0.19/java.util.Spliterators$IteratorSpliterator.forEachRemaining(Spliterators.java:1801)
	at java.base@11.0.19/java.util.stream.ReferencePipeline$Head.forEach(ReferencePipeline.java:658)
	at java.base@11.0.19/java.util.stream.ReferencePipeline$7$1.accept(ReferencePipeline.java:274)
	at java.base@11.0.19/java.util.stream.ReferencePipeline$3$1.accept(ReferencePipeline.java:195)
	at java.base@11.0.19/java.util.stream.ReferencePipeline$3$1.accept(ReferencePipeline.java:195)
	at java.base@11.0.19/java.util.ArrayList$ArrayListSpliterator.forEachRemaining(ArrayList.java:1655)
	at java.base@11.0.19/java.util.stream.AbstractPipeline.copyInto(AbstractPipeline.java:484)
	at java.base@11.0.19/java.util.stream.AbstractPipeline.wrapAndCopyInto(AbstractPipeline.java:474)
	at java.base@11.0.19/java.util.stream.ForEachOps$ForEachOp.evaluateSequential(ForEachOps.java:150)
	at java.base@11.0.19/java.util.stream.ForEachOps$ForEachOp$OfRef.evaluateSequential(ForEachOps.java:173)
	at java.base@11.0.19/java.util.stream.AbstractPipeline.evaluate(AbstractPipeline.java:234)
	at java.base@11.0.19/java.util.stream.ReferencePipeline.forEach(ReferencePipeline.java:497)
	at java.base@11.0.19/java.util.stream.ReferencePipeline$7$1.accept(ReferencePipeline.java:274)
	at java.base@11.0.19/java.util.stream.ReferencePipeline$3$1.accept(ReferencePipeline.java:195)
	at java.base@11.0.19/java.util.stream.ReferencePipeline$3$1.accept(ReferencePipeline.java:195)
	at java.base@11.0.19/java.util.stream.ReferencePipeline$3$1.accept(ReferencePipeline.java:195)
	at java.base@11.0.19/java.util.ArrayList$ArrayListSpliterator.forEachRemaining(ArrayList.java:1655)
	at java.base@11.0.19/java.util.stream.AbstractPipeline.copyInto(AbstractPipeline.java:484)
	at java.base@11.0.19/java.util.stream.AbstractPipeline.wrapAndCopyInto(AbstractPipeline.java:474)
	at java.base@11.0.19/java.util.stream.ForEachOps$ForEachOp.evaluateSequential(ForEachOps.java:150)
	at java.base@11.0.19/java.util.stream.ForEachOps$ForEachOp$OfRef.evaluateSequential(ForEachOps.java:173)
	at java.base@11.0.19/java.util.stream.AbstractPipeline.evaluate(AbstractPipeline.java:234)
	at java.base@11.0.19/java.util.stream.ReferencePipeline.forEach(ReferencePipeline.java:497)
	at java.base@11.0.19/java.util.stream.ReferencePipeline$7$1.accept(ReferencePipeline.java:274)
	at java.base@11.0.19/java.util.ArrayList$ArrayListSpliterator.forEachRemaining(ArrayList.java:1655)
	at java.base@11.0.19/java.util.stream.AbstractPipeline.copyInto(AbstractPipeline.java:484)
	at java.base@11.0.19/java.util.stream.AbstractPipeline.wrapAndCopyInto(AbstractPipeline.java:474)
	at java.base@11.0.19/java.util.stream.ForEachOps$ForEachOp.evaluateSequential(ForEachOps.java:150)
	at java.base@11.0.19/java.util.stream.ForEachOps$ForEachOp$OfRef.evaluateSequential(ForEachOps.java:173)
	at java.base@11.0.19/java.util.stream.AbstractPipeline.evaluate(AbstractPipeline.java:234)
	at java.base@11.0.19/java.util.stream.ReferencePipeline.forEach(ReferencePipeline.java:497)
	at app//org.junit.jupiter.engine.descriptor.TestTemplateTestDescriptor.execute(TestTemplateTestDescriptor.java:110)
	at app//org.junit.jupiter.engine.descriptor.TestTemplateTestDescriptor.execute(TestTemplateTestDescriptor.java:44)
	at app//org.junit.platform.engine.support.hierarchical.NodeTestTask.lambda$executeRecursively$6(NodeTestTask.java:151)
	at app//org.junit.platform.engine.support.hierarchical.ThrowableCollector.execute(ThrowableCollector.java:73)
	at app//org.junit.platform.engine.support.hierarchical.NodeTestTask.lambda$executeRecursively$8(NodeTestTask.java:141)
	at app//org.junit.platform.engine.support.hierarchical.Node.around(Node.java:137)
	at app//org.junit.platform.engine.support.hierarchical.NodeTestTask.lambda$executeRecursively$9(NodeTestTask.java:139)
	at app//org.junit.platform.engine.support.hierarchical.ThrowableCollector.execute(ThrowableCollector.java:73)
	at app//org.junit.platform.engine.support.hierarchical.NodeTestTask.executeRecursively(NodeTestTask.java:138)
	at app//org.junit.platform.engine.support.hierarchical.NodeTestTask.execute(NodeTestTask.java:95)
	at java.base@11.0.19/java.util.ArrayList.forEach(ArrayList.java:1541)
	at app//org.junit.platform.engine.support.hierarchical.SameThreadHierarchicalTestExecutorService.invokeAll(SameThreadHierarchicalTestExecutorService.java:41)
	at app//org.junit.platform.engine.support.hierarchical.NodeTestTask.lambda$executeRecursively$6(NodeTestTask.java:155)
	at app//org.junit.platform.engine.support.hierarchical.ThrowableCollector.execute(ThrowableCollector.java:73)
	at app//org.junit.platform.engine.support.hierarchical.NodeTestTask.lambda$executeRecursively$8(NodeTestTask.java:141)
	at app//org.junit.platform.engine.support.hierarchical.Node.around(Node.java:137)
	at app//org.junit.platform.engine.support.hierarchical.NodeTestTask.lambda$executeRecursively$9(NodeTestTask.java:139)
	at app//org.junit.platform.engine.support.hierarchical.ThrowableCollector.execute(ThrowableCollector.java:73)
	at app//org.junit.platform.engine.support.hierarchical.NodeTestTask.executeRecursively(NodeTestTask.java:138)
	at app//org.junit.platform.engine.support.hierarchical.NodeTestTask.execute(NodeTestTask.java:95)
	at java.base@11.0.19/java.util.ArrayList.forEach(ArrayList.java:1541)
	at app//org.junit.platform.engine.support.hierarchical.SameThreadHierarchicalTestExecutorService.invokeAll(SameThreadHierarchicalTestExecutorService.java:41)
	at app//org.junit.platform.engine.support.hierarchical.NodeTestTask.lambda$executeRecursively$6(NodeTestTask.java:155)
	at app//org.junit.platform.engine.support.hierarchical.ThrowableCollector.execute(ThrowableCollector.java:73)
	at app//org.junit.platform.engine.support.hierarchical.NodeTestTask.lambda$executeRecursively$8(NodeTestTask.java:141)
	at app//org.junit.platform.engine.support.hierarchical.Node.around(Node.java:137)
	at app//org.junit.platform.engine.support.hierarchical.NodeTestTask.lambda$executeRecursively$9(NodeTestTask.java:139)
	at app//org.junit.platform.engine.support.hierarchical.ThrowableCollector.execute(ThrowableCollector.java:73)
	at app//org.junit.platform.engine.support.hierarchical.NodeTestTask.executeRecursively(NodeTestTask.java:138)
	at app//org.junit.platform.engine.support.hierarchical.NodeTestTask.execute(NodeTestTask.java:95)
	at app//org.junit.platform.engine.support.hierarchical.SameThreadHierarchicalTestExecutorService.submit(SameThreadHierarchicalTestExecutorService.java:35)
	at app//org.junit.platform.engine.support.hierarchical.HierarchicalTestExecutor.execute(HierarchicalTestExecutor.java:57)
	at app//org.junit.platform.engine.support.hierarchical.HierarchicalTestEngine.execute(HierarchicalTestEngine.java:54)
	at app//org.junit.platform.launcher.core.EngineExecutionOrchestrator.execute(EngineExecutionOrchestrator.java:107)
	at app//org.junit.platform.launcher.core.EngineExecutionOrchestrator.execute(EngineExecutionOrchestrator.java:88)
	at app//org.junit.platform.launcher.core.EngineExecutionOrchestrator.lambda$execute$0(EngineExecutionOrchestrator.java:54)
	at app//org.junit.platform.launcher.core.EngineExecutionOrchestrator.withInterceptedStreams(EngineExecutionOrchestrator.java:67)
	at app//org.junit.platform.launcher.core.EngineExecutionOrchestrator.execute(EngineExecutionOrchestrator.java:52)
	at app//org.junit.platform.launcher.core.DefaultLauncher.execute(DefaultLauncher.java:114)
	at app//org.junit.platform.launcher.core.DefaultLauncher.execute(DefaultLauncher.java:86)
	at app//org.junit.platform.launcher.core.DefaultLauncherSession$DelegatingLauncher.execute(DefaultLauncherSession.java:86)
	at org.gradle.api.internal.tasks.testing.junitplatform.JUnitPlatformTestClassProcessor$CollectAllTestClassesExecutor.processAllTestClasses(JUnitPlatformTestClassProcessor.java:110)
	at org.gradle.api.internal.tasks.testing.junitplatform.JUnitPlatformTestClassProcessor$CollectAllTestClassesExecutor.access$000(JUnitPlatformTestClassProcessor.java:90)
	at org.gradle.api.internal.tasks.testing.junitplatform.JUnitPlatformTestClassProcessor.stop(JUnitPlatformTestClassProcessor.java:85)
	at org.gradle.api.internal.tasks.testing.SuiteTestClassProcessor.stop(SuiteTestClassProcessor.java:62)
	at java.base@11.0.19/jdk.internal.reflect.NativeMethodAccessorImpl.invoke0(Native Method)
	at java.base@11.0.19/jdk.internal.reflect.NativeMethodAccessorImpl.invoke(NativeMethodAccessorImpl.java:62)
	at java.base@11.0.19/jdk.internal.reflect.DelegatingMethodAccessorImpl.invoke(DelegatingMethodAccessorImpl.java:43)
	at java.base@11.0.19/java.lang.reflect.Method.invoke(Method.java:566)
	at org.gradle.internal.dispatch.ReflectionDispatch.dispatch(ReflectionDispatch.java:36)
	at org.gradle.internal.dispatch.ReflectionDispatch.dispatch(ReflectionDispatch.java:24)
	at org.gradle.internal.dispatch.ContextClassLoaderDispatch.dispatch(ContextClassLoaderDispatch.java:33)
	at org.gradle.internal.dispatch.ProxyDispatchAdapter$DispatchingInvocationHandler.invoke(ProxyDispatchAdapter.java:94)
	at com.sun.proxy.$Proxy5.stop(Unknown Source)
	at org.gradle.api.internal.tasks.testing.worker.TestWorker$3.run(TestWorker.java:193)
	at org.gradle.api.internal.tasks.testing.worker.TestWorker.executeAndMaintainThreadName(TestWorker.java:129)
	at org.gradle.api.internal.tasks.testing.worker.TestWorker.execute(TestWorker.java:100)
	at org.gradle.api.internal.tasks.testing.worker.TestWorker.execute(TestWorker.java:60)
	at org.gradle.process.internal.worker.child.ActionExecutionWorker.execute(ActionExecutionWorker.java:56)
	at org.gradle.process.internal.worker.child.SystemApplicationClassLoaderWorker.call(SystemApplicationClassLoaderWorker.java:113)
	at org.gradle.process.internal.worker.child.SystemApplicationClassLoaderWorker.call(SystemApplicationClassLoaderWorker.java:65)
	at app//worker.org.gradle.process.internal.worker.GradleWorkerMain.run(GradleWorkerMain.java:69)
	at app//worker.org.gradle.process.internal.worker.GradleWorkerMain.main(GradleWorkerMain.java:74)
Caused by: java.lang.NullPointerException
	at de.uka.ilkd.key.nparser.builder.DefaultBuilder.visitKeyjavatype(DefaultBuilder.java:360)
	at de.uka.ilkd.key.nparser.builder.DefaultBuilder.visitKeyjavatype(DefaultBuilder.java:35)
	at de.uka.ilkd.key.nparser.KeYParser$KeyjavatypeContext.accept(KeYParser.java:1859)
	at de.uka.ilkd.key.nparser.builder.AbstractBuilder.accept(AbstractBuilder.java:48)
	... 170 more
</failure>
  </testcase>
  <testcase name="[19] 1.f + 1f = 20e-1f * (2f-1f)" classname="de.uka.ilkd.key.nparser.ExprTest" time="0.118">
    <failure message="null at file:/D:/a/key/key/key.core/build/resources/main/de/uka/ilkd/key/proof/rules/heap.key:46:5 (file:/D:/a/key/key/key.core/build/resources/main/de/uka/ilkd/key/proof/rules/heap.key:46:5)" type="de.uka.ilkd.key.util.parsing.BuildingException">null at file:/D:/a/key/key/key.core/build/resources/main/de/uka/ilkd/key/proof/rules/heap.key:46:5 (file:/D:/a/key/key/key.core/build/resources/main/de/uka/ilkd/key/proof/rules/heap.key:46:5)
	at app//de.uka.ilkd.key.nparser.builder.AbstractBuilder.accept(AbstractBuilder.java:54)
	at app//de.uka.ilkd.key.nparser.builder.DefaultBuilder.accept(DefaultBuilder.java:35)
	at app//de.uka.ilkd.key.nparser.builder.DeclarationBuilder.visitProg_var_decls(DeclarationBuilder.java:57)
	at app//de.uka.ilkd.key.nparser.KeYParser$Prog_var_declsContext.accept(KeYParser.java:1937)
	at app//de.uka.ilkd.key.nparser.builder.AbstractBuilder.accept(AbstractBuilder.java:48)
	at app//de.uka.ilkd.key.nparser.builder.DefaultBuilder.accept(DefaultBuilder.java:35)
	at app//de.uka.ilkd.key.nparser.builder.AbstractBuilder.lambda$mapMapOf$1(AbstractBuilder.java:141)
	at java.base@11.0.19/java.util.stream.ReferencePipeline$3$1.accept(ReferencePipeline.java:195)
	at java.base@11.0.19/java.util.ArrayList$ArrayListSpliterator.forEachRemaining(ArrayList.java:1655)
	at java.base@11.0.19/java.util.stream.AbstractPipeline.copyInto(AbstractPipeline.java:484)
	at java.base@11.0.19/java.util.stream.AbstractPipeline.wrapAndCopyInto(AbstractPipeline.java:474)
	at java.base@11.0.19/java.util.stream.ForEachOps$ForEachOp.evaluateSequential(ForEachOps.java:150)
	at java.base@11.0.19/java.util.stream.ForEachOps$ForEachOp$OfRef.evaluateSequential(ForEachOps.java:173)
	at java.base@11.0.19/java.util.stream.AbstractPipeline.evaluate(AbstractPipeline.java:234)
	at java.base@11.0.19/java.util.stream.ReferencePipeline.forEach(ReferencePipeline.java:497)
	at java.base@11.0.19/java.util.stream.ReferencePipeline$7$1.accept(ReferencePipeline.java:274)
	at java.base@11.0.19/java.util.Spliterators$ArraySpliterator.forEachRemaining(Spliterators.java:948)
	at java.base@11.0.19/java.util.stream.AbstractPipeline.copyInto(AbstractPipeline.java:484)
	at java.base@11.0.19/java.util.stream.AbstractPipeline.wrapAndCopyInto(AbstractPipeline.java:474)
	at java.base@11.0.19/java.util.stream.ReduceOps$ReduceOp.evaluateSequential(ReduceOps.java:913)
	at java.base@11.0.19/java.util.stream.AbstractPipeline.evaluate(AbstractPipeline.java:234)
	at java.base@11.0.19/java.util.stream.ReferencePipeline.collect(ReferencePipeline.java:578)
	at app//de.uka.ilkd.key.nparser.builder.AbstractBuilder.mapMapOf(AbstractBuilder.java:142)
	at app//de.uka.ilkd.key.nparser.builder.DeclarationBuilder.visitDecls(DeclarationBuilder.java:48)
	at app//de.uka.ilkd.key.nparser.KeYParser$DeclsContext.accept(KeYParser.java:515)
	at app//org.antlr.v4.runtime.tree.AbstractParseTreeVisitor.visitChildren(AbstractParseTreeVisitor.java:46)
	at app//de.uka.ilkd.key.nparser.KeYParserBaseVisitor.visitFile(KeYParserBaseVisitor.java:24)
	at app//de.uka.ilkd.key.nparser.KeYParser$FileContext.accept(KeYParser.java:313)
	at app//de.uka.ilkd.key.nparser.KeyAst.accept(KeyAst.java:43)
	at app//de.uka.ilkd.key.nparser.KeyIO$Loader.loadDeclarations(KeyIO.java:298)
	at app//de.uka.ilkd.key.nparser.ExprTest.getIo(ExprTest.java:46)
	at app//de.uka.ilkd.key.nparser.ExprTest.parseAndVisit(ExprTest.java:30)
	at jdk.internal.reflect.GeneratedMethodAccessor9.invoke(Unknown Source)
	at java.base@11.0.19/jdk.internal.reflect.DelegatingMethodAccessorImpl.invoke(DelegatingMethodAccessorImpl.java:43)
	at java.base@11.0.19/java.lang.reflect.Method.invoke(Method.java:566)
	at app//org.junit.platform.commons.util.ReflectionUtils.invokeMethod(ReflectionUtils.java:727)
	at app//org.junit.jupiter.engine.execution.MethodInvocation.proceed(MethodInvocation.java:60)
	at app//org.junit.jupiter.engine.execution.InvocationInterceptorChain$ValidatingInvocation.proceed(InvocationInterceptorChain.java:131)
	at app//org.junit.jupiter.engine.extension.TimeoutExtension.intercept(TimeoutExtension.java:156)
	at app//org.junit.jupiter.engine.extension.TimeoutExtension.interceptTestableMethod(TimeoutExtension.java:147)
	at app//org.junit.jupiter.engine.extension.TimeoutExtension.interceptTestTemplateMethod(TimeoutExtension.java:94)
	at app//org.junit.jupiter.engine.execution.InterceptingExecutableInvoker$ReflectiveInterceptorCall.lambda$ofVoidMethod$0(InterceptingExecutableInvoker.java:103)
	at app//org.junit.jupiter.engine.execution.InterceptingExecutableInvoker.lambda$invoke$0(InterceptingExecutableInvoker.java:93)
	at app//org.junit.jupiter.engine.execution.InvocationInterceptorChain$InterceptedInvocation.proceed(InvocationInterceptorChain.java:106)
	at app//org.junit.jupiter.engine.execution.InvocationInterceptorChain.proceed(InvocationInterceptorChain.java:64)
	at app//org.junit.jupiter.engine.execution.InvocationInterceptorChain.chainAndInvoke(InvocationInterceptorChain.java:45)
	at app//org.junit.jupiter.engine.execution.InvocationInterceptorChain.invoke(InvocationInterceptorChain.java:37)
	at app//org.junit.jupiter.engine.execution.InterceptingExecutableInvoker.invoke(InterceptingExecutableInvoker.java:92)
	at app//org.junit.jupiter.engine.execution.InterceptingExecutableInvoker.invoke(InterceptingExecutableInvoker.java:86)
	at app//org.junit.jupiter.engine.descriptor.TestMethodTestDescriptor.lambda$invokeTestMethod$7(TestMethodTestDescriptor.java:217)
	at app//org.junit.platform.engine.support.hierarchical.ThrowableCollector.execute(ThrowableCollector.java:73)
	at app//org.junit.jupiter.engine.descriptor.TestMethodTestDescriptor.invokeTestMethod(TestMethodTestDescriptor.java:213)
	at app//org.junit.jupiter.engine.descriptor.TestMethodTestDescriptor.execute(TestMethodTestDescriptor.java:138)
	at app//org.junit.jupiter.engine.descriptor.TestMethodTestDescriptor.execute(TestMethodTestDescriptor.java:68)
	at app//org.junit.platform.engine.support.hierarchical.NodeTestTask.lambda$executeRecursively$6(NodeTestTask.java:151)
	at app//org.junit.platform.engine.support.hierarchical.ThrowableCollector.execute(ThrowableCollector.java:73)
	at app//org.junit.platform.engine.support.hierarchical.NodeTestTask.lambda$executeRecursively$8(NodeTestTask.java:141)
	at app//org.junit.platform.engine.support.hierarchical.Node.around(Node.java:137)
	at app//org.junit.platform.engine.support.hierarchical.NodeTestTask.lambda$executeRecursively$9(NodeTestTask.java:139)
	at app//org.junit.platform.engine.support.hierarchical.ThrowableCollector.execute(ThrowableCollector.java:73)
	at app//org.junit.platform.engine.support.hierarchical.NodeTestTask.executeRecursively(NodeTestTask.java:138)
	at app//org.junit.platform.engine.support.hierarchical.NodeTestTask.execute(NodeTestTask.java:95)
	at app//org.junit.platform.engine.support.hierarchical.SameThreadHierarchicalTestExecutorService.submit(SameThreadHierarchicalTestExecutorService.java:35)
	at app//org.junit.platform.engine.support.hierarchical.NodeTestTask$DefaultDynamicTestExecutor.execute(NodeTestTask.java:226)
	at app//org.junit.platform.engine.support.hierarchical.NodeTestTask$DefaultDynamicTestExecutor.execute(NodeTestTask.java:204)
	at app//org.junit.jupiter.engine.descriptor.TestTemplateTestDescriptor.execute(TestTemplateTestDescriptor.java:142)
	at app//org.junit.jupiter.engine.descriptor.TestTemplateTestDescriptor.lambda$execute$2(TestTemplateTestDescriptor.java:110)
	at java.base@11.0.19/java.util.stream.ForEachOps$ForEachOp$OfRef.accept(ForEachOps.java:183)
	at java.base@11.0.19/java.util.stream.ReferencePipeline$3$1.accept(ReferencePipeline.java:195)
	at java.base@11.0.19/java.util.stream.ReferencePipeline$2$1.accept(ReferencePipeline.java:177)
	at java.base@11.0.19/java.util.stream.ReferencePipeline$3$1.accept(ReferencePipeline.java:195)
	at java.base@11.0.19/java.util.stream.ForEachOps$ForEachOp$OfRef.accept(ForEachOps.java:183)
	at java.base@11.0.19/java.util.stream.ReferencePipeline$3$1.accept(ReferencePipeline.java:195)
	at java.base@11.0.19/java.util.stream.ReferencePipeline$3$1.accept(ReferencePipeline.java:195)
	at java.base@11.0.19/java.util.stream.ReferencePipeline$3$1.accept(ReferencePipeline.java:195)
	at java.base@11.0.19/java.util.stream.ForEachOps$ForEachOp$OfRef.accept(ForEachOps.java:183)
	at java.base@11.0.19/java.util.Iterator.forEachRemaining(Iterator.java:133)
	at java.base@11.0.19/java.util.Spliterators$IteratorSpliterator.forEachRemaining(Spliterators.java:1801)
	at java.base@11.0.19/java.util.stream.ReferencePipeline$Head.forEach(ReferencePipeline.java:658)
	at java.base@11.0.19/java.util.stream.ReferencePipeline$7$1.accept(ReferencePipeline.java:274)
	at java.base@11.0.19/java.util.stream.ReferencePipeline$3$1.accept(ReferencePipeline.java:195)
	at java.base@11.0.19/java.util.stream.ReferencePipeline$3$1.accept(ReferencePipeline.java:195)
	at java.base@11.0.19/java.util.ArrayList$ArrayListSpliterator.forEachRemaining(ArrayList.java:1655)
	at java.base@11.0.19/java.util.stream.AbstractPipeline.copyInto(AbstractPipeline.java:484)
	at java.base@11.0.19/java.util.stream.AbstractPipeline.wrapAndCopyInto(AbstractPipeline.java:474)
	at java.base@11.0.19/java.util.stream.ForEachOps$ForEachOp.evaluateSequential(ForEachOps.java:150)
	at java.base@11.0.19/java.util.stream.ForEachOps$ForEachOp$OfRef.evaluateSequential(ForEachOps.java:173)
	at java.base@11.0.19/java.util.stream.AbstractPipeline.evaluate(AbstractPipeline.java:234)
	at java.base@11.0.19/java.util.stream.ReferencePipeline.forEach(ReferencePipeline.java:497)
	at java.base@11.0.19/java.util.stream.ReferencePipeline$7$1.accept(ReferencePipeline.java:274)
	at java.base@11.0.19/java.util.stream.ReferencePipeline$3$1.accept(ReferencePipeline.java:195)
	at java.base@11.0.19/java.util.stream.ReferencePipeline$3$1.accept(ReferencePipeline.java:195)
	at java.base@11.0.19/java.util.stream.ReferencePipeline$3$1.accept(ReferencePipeline.java:195)
	at java.base@11.0.19/java.util.ArrayList$ArrayListSpliterator.forEachRemaining(ArrayList.java:1655)
	at java.base@11.0.19/java.util.stream.AbstractPipeline.copyInto(AbstractPipeline.java:484)
	at java.base@11.0.19/java.util.stream.AbstractPipeline.wrapAndCopyInto(AbstractPipeline.java:474)
	at java.base@11.0.19/java.util.stream.ForEachOps$ForEachOp.evaluateSequential(ForEachOps.java:150)
	at java.base@11.0.19/java.util.stream.ForEachOps$ForEachOp$OfRef.evaluateSequential(ForEachOps.java:173)
	at java.base@11.0.19/java.util.stream.AbstractPipeline.evaluate(AbstractPipeline.java:234)
	at java.base@11.0.19/java.util.stream.ReferencePipeline.forEach(ReferencePipeline.java:497)
	at java.base@11.0.19/java.util.stream.ReferencePipeline$7$1.accept(ReferencePipeline.java:274)
	at java.base@11.0.19/java.util.ArrayList$ArrayListSpliterator.forEachRemaining(ArrayList.java:1655)
	at java.base@11.0.19/java.util.stream.AbstractPipeline.copyInto(AbstractPipeline.java:484)
	at java.base@11.0.19/java.util.stream.AbstractPipeline.wrapAndCopyInto(AbstractPipeline.java:474)
	at java.base@11.0.19/java.util.stream.ForEachOps$ForEachOp.evaluateSequential(ForEachOps.java:150)
	at java.base@11.0.19/java.util.stream.ForEachOps$ForEachOp$OfRef.evaluateSequential(ForEachOps.java:173)
	at java.base@11.0.19/java.util.stream.AbstractPipeline.evaluate(AbstractPipeline.java:234)
	at java.base@11.0.19/java.util.stream.ReferencePipeline.forEach(ReferencePipeline.java:497)
	at app//org.junit.jupiter.engine.descriptor.TestTemplateTestDescriptor.execute(TestTemplateTestDescriptor.java:110)
	at app//org.junit.jupiter.engine.descriptor.TestTemplateTestDescriptor.execute(TestTemplateTestDescriptor.java:44)
	at app//org.junit.platform.engine.support.hierarchical.NodeTestTask.lambda$executeRecursively$6(NodeTestTask.java:151)
	at app//org.junit.platform.engine.support.hierarchical.ThrowableCollector.execute(ThrowableCollector.java:73)
	at app//org.junit.platform.engine.support.hierarchical.NodeTestTask.lambda$executeRecursively$8(NodeTestTask.java:141)
	at app//org.junit.platform.engine.support.hierarchical.Node.around(Node.java:137)
	at app//org.junit.platform.engine.support.hierarchical.NodeTestTask.lambda$executeRecursively$9(NodeTestTask.java:139)
	at app//org.junit.platform.engine.support.hierarchical.ThrowableCollector.execute(ThrowableCollector.java:73)
	at app//org.junit.platform.engine.support.hierarchical.NodeTestTask.executeRecursively(NodeTestTask.java:138)
	at app//org.junit.platform.engine.support.hierarchical.NodeTestTask.execute(NodeTestTask.java:95)
	at java.base@11.0.19/java.util.ArrayList.forEach(ArrayList.java:1541)
	at app//org.junit.platform.engine.support.hierarchical.SameThreadHierarchicalTestExecutorService.invokeAll(SameThreadHierarchicalTestExecutorService.java:41)
	at app//org.junit.platform.engine.support.hierarchical.NodeTestTask.lambda$executeRecursively$6(NodeTestTask.java:155)
	at app//org.junit.platform.engine.support.hierarchical.ThrowableCollector.execute(ThrowableCollector.java:73)
	at app//org.junit.platform.engine.support.hierarchical.NodeTestTask.lambda$executeRecursively$8(NodeTestTask.java:141)
	at app//org.junit.platform.engine.support.hierarchical.Node.around(Node.java:137)
	at app//org.junit.platform.engine.support.hierarchical.NodeTestTask.lambda$executeRecursively$9(NodeTestTask.java:139)
	at app//org.junit.platform.engine.support.hierarchical.ThrowableCollector.execute(ThrowableCollector.java:73)
	at app//org.junit.platform.engine.support.hierarchical.NodeTestTask.executeRecursively(NodeTestTask.java:138)
	at app//org.junit.platform.engine.support.hierarchical.NodeTestTask.execute(NodeTestTask.java:95)
	at java.base@11.0.19/java.util.ArrayList.forEach(ArrayList.java:1541)
	at app//org.junit.platform.engine.support.hierarchical.SameThreadHierarchicalTestExecutorService.invokeAll(SameThreadHierarchicalTestExecutorService.java:41)
	at app//org.junit.platform.engine.support.hierarchical.NodeTestTask.lambda$executeRecursively$6(NodeTestTask.java:155)
	at app//org.junit.platform.engine.support.hierarchical.ThrowableCollector.execute(ThrowableCollector.java:73)
	at app//org.junit.platform.engine.support.hierarchical.NodeTestTask.lambda$executeRecursively$8(NodeTestTask.java:141)
	at app//org.junit.platform.engine.support.hierarchical.Node.around(Node.java:137)
	at app//org.junit.platform.engine.support.hierarchical.NodeTestTask.lambda$executeRecursively$9(NodeTestTask.java:139)
	at app//org.junit.platform.engine.support.hierarchical.ThrowableCollector.execute(ThrowableCollector.java:73)
	at app//org.junit.platform.engine.support.hierarchical.NodeTestTask.executeRecursively(NodeTestTask.java:138)
	at app//org.junit.platform.engine.support.hierarchical.NodeTestTask.execute(NodeTestTask.java:95)
	at app//org.junit.platform.engine.support.hierarchical.SameThreadHierarchicalTestExecutorService.submit(SameThreadHierarchicalTestExecutorService.java:35)
	at app//org.junit.platform.engine.support.hierarchical.HierarchicalTestExecutor.execute(HierarchicalTestExecutor.java:57)
	at app//org.junit.platform.engine.support.hierarchical.HierarchicalTestEngine.execute(HierarchicalTestEngine.java:54)
	at app//org.junit.platform.launcher.core.EngineExecutionOrchestrator.execute(EngineExecutionOrchestrator.java:107)
	at app//org.junit.platform.launcher.core.EngineExecutionOrchestrator.execute(EngineExecutionOrchestrator.java:88)
	at app//org.junit.platform.launcher.core.EngineExecutionOrchestrator.lambda$execute$0(EngineExecutionOrchestrator.java:54)
	at app//org.junit.platform.launcher.core.EngineExecutionOrchestrator.withInterceptedStreams(EngineExecutionOrchestrator.java:67)
	at app//org.junit.platform.launcher.core.EngineExecutionOrchestrator.execute(EngineExecutionOrchestrator.java:52)
	at app//org.junit.platform.launcher.core.DefaultLauncher.execute(DefaultLauncher.java:114)
	at app//org.junit.platform.launcher.core.DefaultLauncher.execute(DefaultLauncher.java:86)
	at app//org.junit.platform.launcher.core.DefaultLauncherSession$DelegatingLauncher.execute(DefaultLauncherSession.java:86)
	at org.gradle.api.internal.tasks.testing.junitplatform.JUnitPlatformTestClassProcessor$CollectAllTestClassesExecutor.processAllTestClasses(JUnitPlatformTestClassProcessor.java:110)
	at org.gradle.api.internal.tasks.testing.junitplatform.JUnitPlatformTestClassProcessor$CollectAllTestClassesExecutor.access$000(JUnitPlatformTestClassProcessor.java:90)
	at org.gradle.api.internal.tasks.testing.junitplatform.JUnitPlatformTestClassProcessor.stop(JUnitPlatformTestClassProcessor.java:85)
	at org.gradle.api.internal.tasks.testing.SuiteTestClassProcessor.stop(SuiteTestClassProcessor.java:62)
	at java.base@11.0.19/jdk.internal.reflect.NativeMethodAccessorImpl.invoke0(Native Method)
	at java.base@11.0.19/jdk.internal.reflect.NativeMethodAccessorImpl.invoke(NativeMethodAccessorImpl.java:62)
	at java.base@11.0.19/jdk.internal.reflect.DelegatingMethodAccessorImpl.invoke(DelegatingMethodAccessorImpl.java:43)
	at java.base@11.0.19/java.lang.reflect.Method.invoke(Method.java:566)
	at org.gradle.internal.dispatch.ReflectionDispatch.dispatch(ReflectionDispatch.java:36)
	at org.gradle.internal.dispatch.ReflectionDispatch.dispatch(ReflectionDispatch.java:24)
	at org.gradle.internal.dispatch.ContextClassLoaderDispatch.dispatch(ContextClassLoaderDispatch.java:33)
	at org.gradle.internal.dispatch.ProxyDispatchAdapter$DispatchingInvocationHandler.invoke(ProxyDispatchAdapter.java:94)
	at com.sun.proxy.$Proxy5.stop(Unknown Source)
	at org.gradle.api.internal.tasks.testing.worker.TestWorker$3.run(TestWorker.java:193)
	at org.gradle.api.internal.tasks.testing.worker.TestWorker.executeAndMaintainThreadName(TestWorker.java:129)
	at org.gradle.api.internal.tasks.testing.worker.TestWorker.execute(TestWorker.java:100)
	at org.gradle.api.internal.tasks.testing.worker.TestWorker.execute(TestWorker.java:60)
	at org.gradle.process.internal.worker.child.ActionExecutionWorker.execute(ActionExecutionWorker.java:56)
	at org.gradle.process.internal.worker.child.SystemApplicationClassLoaderWorker.call(SystemApplicationClassLoaderWorker.java:113)
	at org.gradle.process.internal.worker.child.SystemApplicationClassLoaderWorker.call(SystemApplicationClassLoaderWorker.java:65)
	at app//worker.org.gradle.process.internal.worker.GradleWorkerMain.run(GradleWorkerMain.java:69)
	at app//worker.org.gradle.process.internal.worker.GradleWorkerMain.main(GradleWorkerMain.java:74)
Caused by: java.lang.NullPointerException
	at de.uka.ilkd.key.nparser.builder.DefaultBuilder.visitKeyjavatype(DefaultBuilder.java:360)
	at de.uka.ilkd.key.nparser.builder.DefaultBuilder.visitKeyjavatype(DefaultBuilder.java:35)
	at de.uka.ilkd.key.nparser.KeYParser$KeyjavatypeContext.accept(KeYParser.java:1859)
	at de.uka.ilkd.key.nparser.builder.AbstractBuilder.accept(AbstractBuilder.java:48)
	... 170 more
</failure>
  </testcase>
  <testcase name="[20] 1.d + 1d &lt;= 20e+1d * .01d" classname="de.uka.ilkd.key.nparser.ExprTest" time="0.025">
    <failure message="null at file:/D:/a/key/key/key.core/build/resources/main/de/uka/ilkd/key/proof/rules/heap.key:46:5 (file:/D:/a/key/key/key.core/build/resources/main/de/uka/ilkd/key/proof/rules/heap.key:46:5)" type="de.uka.ilkd.key.util.parsing.BuildingException">null at file:/D:/a/key/key/key.core/build/resources/main/de/uka/ilkd/key/proof/rules/heap.key:46:5 (file:/D:/a/key/key/key.core/build/resources/main/de/uka/ilkd/key/proof/rules/heap.key:46:5)
	at app//de.uka.ilkd.key.nparser.builder.AbstractBuilder.accept(AbstractBuilder.java:54)
	at app//de.uka.ilkd.key.nparser.builder.DefaultBuilder.accept(DefaultBuilder.java:35)
	at app//de.uka.ilkd.key.nparser.builder.DeclarationBuilder.visitProg_var_decls(DeclarationBuilder.java:57)
	at app//de.uka.ilkd.key.nparser.KeYParser$Prog_var_declsContext.accept(KeYParser.java:1937)
	at app//de.uka.ilkd.key.nparser.builder.AbstractBuilder.accept(AbstractBuilder.java:48)
	at app//de.uka.ilkd.key.nparser.builder.DefaultBuilder.accept(DefaultBuilder.java:35)
	at app//de.uka.ilkd.key.nparser.builder.AbstractBuilder.lambda$mapMapOf$1(AbstractBuilder.java:141)
	at java.base@11.0.19/java.util.stream.ReferencePipeline$3$1.accept(ReferencePipeline.java:195)
	at java.base@11.0.19/java.util.ArrayList$ArrayListSpliterator.forEachRemaining(ArrayList.java:1655)
	at java.base@11.0.19/java.util.stream.AbstractPipeline.copyInto(AbstractPipeline.java:484)
	at java.base@11.0.19/java.util.stream.AbstractPipeline.wrapAndCopyInto(AbstractPipeline.java:474)
	at java.base@11.0.19/java.util.stream.ForEachOps$ForEachOp.evaluateSequential(ForEachOps.java:150)
	at java.base@11.0.19/java.util.stream.ForEachOps$ForEachOp$OfRef.evaluateSequential(ForEachOps.java:173)
	at java.base@11.0.19/java.util.stream.AbstractPipeline.evaluate(AbstractPipeline.java:234)
	at java.base@11.0.19/java.util.stream.ReferencePipeline.forEach(ReferencePipeline.java:497)
	at java.base@11.0.19/java.util.stream.ReferencePipeline$7$1.accept(ReferencePipeline.java:274)
	at java.base@11.0.19/java.util.Spliterators$ArraySpliterator.forEachRemaining(Spliterators.java:948)
	at java.base@11.0.19/java.util.stream.AbstractPipeline.copyInto(AbstractPipeline.java:484)
	at java.base@11.0.19/java.util.stream.AbstractPipeline.wrapAndCopyInto(AbstractPipeline.java:474)
	at java.base@11.0.19/java.util.stream.ReduceOps$ReduceOp.evaluateSequential(ReduceOps.java:913)
	at java.base@11.0.19/java.util.stream.AbstractPipeline.evaluate(AbstractPipeline.java:234)
	at java.base@11.0.19/java.util.stream.ReferencePipeline.collect(ReferencePipeline.java:578)
	at app//de.uka.ilkd.key.nparser.builder.AbstractBuilder.mapMapOf(AbstractBuilder.java:142)
	at app//de.uka.ilkd.key.nparser.builder.DeclarationBuilder.visitDecls(DeclarationBuilder.java:48)
	at app//de.uka.ilkd.key.nparser.KeYParser$DeclsContext.accept(KeYParser.java:515)
	at app//org.antlr.v4.runtime.tree.AbstractParseTreeVisitor.visitChildren(AbstractParseTreeVisitor.java:46)
	at app//de.uka.ilkd.key.nparser.KeYParserBaseVisitor.visitFile(KeYParserBaseVisitor.java:24)
	at app//de.uka.ilkd.key.nparser.KeYParser$FileContext.accept(KeYParser.java:313)
	at app//de.uka.ilkd.key.nparser.KeyAst.accept(KeyAst.java:43)
	at app//de.uka.ilkd.key.nparser.KeyIO$Loader.loadDeclarations(KeyIO.java:298)
	at app//de.uka.ilkd.key.nparser.ExprTest.getIo(ExprTest.java:46)
	at app//de.uka.ilkd.key.nparser.ExprTest.parseAndVisit(ExprTest.java:30)
	at jdk.internal.reflect.GeneratedMethodAccessor9.invoke(Unknown Source)
	at java.base@11.0.19/jdk.internal.reflect.DelegatingMethodAccessorImpl.invoke(DelegatingMethodAccessorImpl.java:43)
	at java.base@11.0.19/java.lang.reflect.Method.invoke(Method.java:566)
	at app//org.junit.platform.commons.util.ReflectionUtils.invokeMethod(ReflectionUtils.java:727)
	at app//org.junit.jupiter.engine.execution.MethodInvocation.proceed(MethodInvocation.java:60)
	at app//org.junit.jupiter.engine.execution.InvocationInterceptorChain$ValidatingInvocation.proceed(InvocationInterceptorChain.java:131)
	at app//org.junit.jupiter.engine.extension.TimeoutExtension.intercept(TimeoutExtension.java:156)
	at app//org.junit.jupiter.engine.extension.TimeoutExtension.interceptTestableMethod(TimeoutExtension.java:147)
	at app//org.junit.jupiter.engine.extension.TimeoutExtension.interceptTestTemplateMethod(TimeoutExtension.java:94)
	at app//org.junit.jupiter.engine.execution.InterceptingExecutableInvoker$ReflectiveInterceptorCall.lambda$ofVoidMethod$0(InterceptingExecutableInvoker.java:103)
	at app//org.junit.jupiter.engine.execution.InterceptingExecutableInvoker.lambda$invoke$0(InterceptingExecutableInvoker.java:93)
	at app//org.junit.jupiter.engine.execution.InvocationInterceptorChain$InterceptedInvocation.proceed(InvocationInterceptorChain.java:106)
	at app//org.junit.jupiter.engine.execution.InvocationInterceptorChain.proceed(InvocationInterceptorChain.java:64)
	at app//org.junit.jupiter.engine.execution.InvocationInterceptorChain.chainAndInvoke(InvocationInterceptorChain.java:45)
	at app//org.junit.jupiter.engine.execution.InvocationInterceptorChain.invoke(InvocationInterceptorChain.java:37)
	at app//org.junit.jupiter.engine.execution.InterceptingExecutableInvoker.invoke(InterceptingExecutableInvoker.java:92)
	at app//org.junit.jupiter.engine.execution.InterceptingExecutableInvoker.invoke(InterceptingExecutableInvoker.java:86)
	at app//org.junit.jupiter.engine.descriptor.TestMethodTestDescriptor.lambda$invokeTestMethod$7(TestMethodTestDescriptor.java:217)
	at app//org.junit.platform.engine.support.hierarchical.ThrowableCollector.execute(ThrowableCollector.java:73)
	at app//org.junit.jupiter.engine.descriptor.TestMethodTestDescriptor.invokeTestMethod(TestMethodTestDescriptor.java:213)
	at app//org.junit.jupiter.engine.descriptor.TestMethodTestDescriptor.execute(TestMethodTestDescriptor.java:138)
	at app//org.junit.jupiter.engine.descriptor.TestMethodTestDescriptor.execute(TestMethodTestDescriptor.java:68)
	at app//org.junit.platform.engine.support.hierarchical.NodeTestTask.lambda$executeRecursively$6(NodeTestTask.java:151)
	at app//org.junit.platform.engine.support.hierarchical.ThrowableCollector.execute(ThrowableCollector.java:73)
	at app//org.junit.platform.engine.support.hierarchical.NodeTestTask.lambda$executeRecursively$8(NodeTestTask.java:141)
	at app//org.junit.platform.engine.support.hierarchical.Node.around(Node.java:137)
	at app//org.junit.platform.engine.support.hierarchical.NodeTestTask.lambda$executeRecursively$9(NodeTestTask.java:139)
	at app//org.junit.platform.engine.support.hierarchical.ThrowableCollector.execute(ThrowableCollector.java:73)
	at app//org.junit.platform.engine.support.hierarchical.NodeTestTask.executeRecursively(NodeTestTask.java:138)
	at app//org.junit.platform.engine.support.hierarchical.NodeTestTask.execute(NodeTestTask.java:95)
	at app//org.junit.platform.engine.support.hierarchical.SameThreadHierarchicalTestExecutorService.submit(SameThreadHierarchicalTestExecutorService.java:35)
	at app//org.junit.platform.engine.support.hierarchical.NodeTestTask$DefaultDynamicTestExecutor.execute(NodeTestTask.java:226)
	at app//org.junit.platform.engine.support.hierarchical.NodeTestTask$DefaultDynamicTestExecutor.execute(NodeTestTask.java:204)
	at app//org.junit.jupiter.engine.descriptor.TestTemplateTestDescriptor.execute(TestTemplateTestDescriptor.java:142)
	at app//org.junit.jupiter.engine.descriptor.TestTemplateTestDescriptor.lambda$execute$2(TestTemplateTestDescriptor.java:110)
	at java.base@11.0.19/java.util.stream.ForEachOps$ForEachOp$OfRef.accept(ForEachOps.java:183)
	at java.base@11.0.19/java.util.stream.ReferencePipeline$3$1.accept(ReferencePipeline.java:195)
	at java.base@11.0.19/java.util.stream.ReferencePipeline$2$1.accept(ReferencePipeline.java:177)
	at java.base@11.0.19/java.util.stream.ReferencePipeline$3$1.accept(ReferencePipeline.java:195)
	at java.base@11.0.19/java.util.stream.ForEachOps$ForEachOp$OfRef.accept(ForEachOps.java:183)
	at java.base@11.0.19/java.util.stream.ReferencePipeline$3$1.accept(ReferencePipeline.java:195)
	at java.base@11.0.19/java.util.stream.ReferencePipeline$3$1.accept(ReferencePipeline.java:195)
	at java.base@11.0.19/java.util.stream.ReferencePipeline$3$1.accept(ReferencePipeline.java:195)
	at java.base@11.0.19/java.util.stream.ForEachOps$ForEachOp$OfRef.accept(ForEachOps.java:183)
	at java.base@11.0.19/java.util.Iterator.forEachRemaining(Iterator.java:133)
	at java.base@11.0.19/java.util.Spliterators$IteratorSpliterator.forEachRemaining(Spliterators.java:1801)
	at java.base@11.0.19/java.util.stream.ReferencePipeline$Head.forEach(ReferencePipeline.java:658)
	at java.base@11.0.19/java.util.stream.ReferencePipeline$7$1.accept(ReferencePipeline.java:274)
	at java.base@11.0.19/java.util.stream.ReferencePipeline$3$1.accept(ReferencePipeline.java:195)
	at java.base@11.0.19/java.util.stream.ReferencePipeline$3$1.accept(ReferencePipeline.java:195)
	at java.base@11.0.19/java.util.ArrayList$ArrayListSpliterator.forEachRemaining(ArrayList.java:1655)
	at java.base@11.0.19/java.util.stream.AbstractPipeline.copyInto(AbstractPipeline.java:484)
	at java.base@11.0.19/java.util.stream.AbstractPipeline.wrapAndCopyInto(AbstractPipeline.java:474)
	at java.base@11.0.19/java.util.stream.ForEachOps$ForEachOp.evaluateSequential(ForEachOps.java:150)
	at java.base@11.0.19/java.util.stream.ForEachOps$ForEachOp$OfRef.evaluateSequential(ForEachOps.java:173)
	at java.base@11.0.19/java.util.stream.AbstractPipeline.evaluate(AbstractPipeline.java:234)
	at java.base@11.0.19/java.util.stream.ReferencePipeline.forEach(ReferencePipeline.java:497)
	at java.base@11.0.19/java.util.stream.ReferencePipeline$7$1.accept(ReferencePipeline.java:274)
	at java.base@11.0.19/java.util.stream.ReferencePipeline$3$1.accept(ReferencePipeline.java:195)
	at java.base@11.0.19/java.util.stream.ReferencePipeline$3$1.accept(ReferencePipeline.java:195)
	at java.base@11.0.19/java.util.stream.ReferencePipeline$3$1.accept(ReferencePipeline.java:195)
	at java.base@11.0.19/java.util.ArrayList$ArrayListSpliterator.forEachRemaining(ArrayList.java:1655)
	at java.base@11.0.19/java.util.stream.AbstractPipeline.copyInto(AbstractPipeline.java:484)
	at java.base@11.0.19/java.util.stream.AbstractPipeline.wrapAndCopyInto(AbstractPipeline.java:474)
	at java.base@11.0.19/java.util.stream.ForEachOps$ForEachOp.evaluateSequential(ForEachOps.java:150)
	at java.base@11.0.19/java.util.stream.ForEachOps$ForEachOp$OfRef.evaluateSequential(ForEachOps.java:173)
	at java.base@11.0.19/java.util.stream.AbstractPipeline.evaluate(AbstractPipeline.java:234)
	at java.base@11.0.19/java.util.stream.ReferencePipeline.forEach(ReferencePipeline.java:497)
	at java.base@11.0.19/java.util.stream.ReferencePipeline$7$1.accept(ReferencePipeline.java:274)
	at java.base@11.0.19/java.util.ArrayList$ArrayListSpliterator.forEachRemaining(ArrayList.java:1655)
	at java.base@11.0.19/java.util.stream.AbstractPipeline.copyInto(AbstractPipeline.java:484)
	at java.base@11.0.19/java.util.stream.AbstractPipeline.wrapAndCopyInto(AbstractPipeline.java:474)
	at java.base@11.0.19/java.util.stream.ForEachOps$ForEachOp.evaluateSequential(ForEachOps.java:150)
	at java.base@11.0.19/java.util.stream.ForEachOps$ForEachOp$OfRef.evaluateSequential(ForEachOps.java:173)
	at java.base@11.0.19/java.util.stream.AbstractPipeline.evaluate(AbstractPipeline.java:234)
	at java.base@11.0.19/java.util.stream.ReferencePipeline.forEach(ReferencePipeline.java:497)
	at app//org.junit.jupiter.engine.descriptor.TestTemplateTestDescriptor.execute(TestTemplateTestDescriptor.java:110)
	at app//org.junit.jupiter.engine.descriptor.TestTemplateTestDescriptor.execute(TestTemplateTestDescriptor.java:44)
	at app//org.junit.platform.engine.support.hierarchical.NodeTestTask.lambda$executeRecursively$6(NodeTestTask.java:151)
	at app//org.junit.platform.engine.support.hierarchical.ThrowableCollector.execute(ThrowableCollector.java:73)
	at app//org.junit.platform.engine.support.hierarchical.NodeTestTask.lambda$executeRecursively$8(NodeTestTask.java:141)
	at app//org.junit.platform.engine.support.hierarchical.Node.around(Node.java:137)
	at app//org.junit.platform.engine.support.hierarchical.NodeTestTask.lambda$executeRecursively$9(NodeTestTask.java:139)
	at app//org.junit.platform.engine.support.hierarchical.ThrowableCollector.execute(ThrowableCollector.java:73)
	at app//org.junit.platform.engine.support.hierarchical.NodeTestTask.executeRecursively(NodeTestTask.java:138)
	at app//org.junit.platform.engine.support.hierarchical.NodeTestTask.execute(NodeTestTask.java:95)
	at java.base@11.0.19/java.util.ArrayList.forEach(ArrayList.java:1541)
	at app//org.junit.platform.engine.support.hierarchical.SameThreadHierarchicalTestExecutorService.invokeAll(SameThreadHierarchicalTestExecutorService.java:41)
	at app//org.junit.platform.engine.support.hierarchical.NodeTestTask.lambda$executeRecursively$6(NodeTestTask.java:155)
	at app//org.junit.platform.engine.support.hierarchical.ThrowableCollector.execute(ThrowableCollector.java:73)
	at app//org.junit.platform.engine.support.hierarchical.NodeTestTask.lambda$executeRecursively$8(NodeTestTask.java:141)
	at app//org.junit.platform.engine.support.hierarchical.Node.around(Node.java:137)
	at app//org.junit.platform.engine.support.hierarchical.NodeTestTask.lambda$executeRecursively$9(NodeTestTask.java:139)
	at app//org.junit.platform.engine.support.hierarchical.ThrowableCollector.execute(ThrowableCollector.java:73)
	at app//org.junit.platform.engine.support.hierarchical.NodeTestTask.executeRecursively(NodeTestTask.java:138)
	at app//org.junit.platform.engine.support.hierarchical.NodeTestTask.execute(NodeTestTask.java:95)
	at java.base@11.0.19/java.util.ArrayList.forEach(ArrayList.java:1541)
	at app//org.junit.platform.engine.support.hierarchical.SameThreadHierarchicalTestExecutorService.invokeAll(SameThreadHierarchicalTestExecutorService.java:41)
	at app//org.junit.platform.engine.support.hierarchical.NodeTestTask.lambda$executeRecursively$6(NodeTestTask.java:155)
	at app//org.junit.platform.engine.support.hierarchical.ThrowableCollector.execute(ThrowableCollector.java:73)
	at app//org.junit.platform.engine.support.hierarchical.NodeTestTask.lambda$executeRecursively$8(NodeTestTask.java:141)
	at app//org.junit.platform.engine.support.hierarchical.Node.around(Node.java:137)
	at app//org.junit.platform.engine.support.hierarchical.NodeTestTask.lambda$executeRecursively$9(NodeTestTask.java:139)
	at app//org.junit.platform.engine.support.hierarchical.ThrowableCollector.execute(ThrowableCollector.java:73)
	at app//org.junit.platform.engine.support.hierarchical.NodeTestTask.executeRecursively(NodeTestTask.java:138)
	at app//org.junit.platform.engine.support.hierarchical.NodeTestTask.execute(NodeTestTask.java:95)
	at app//org.junit.platform.engine.support.hierarchical.SameThreadHierarchicalTestExecutorService.submit(SameThreadHierarchicalTestExecutorService.java:35)
	at app//org.junit.platform.engine.support.hierarchical.HierarchicalTestExecutor.execute(HierarchicalTestExecutor.java:57)
	at app//org.junit.platform.engine.support.hierarchical.HierarchicalTestEngine.execute(HierarchicalTestEngine.java:54)
	at app//org.junit.platform.launcher.core.EngineExecutionOrchestrator.execute(EngineExecutionOrchestrator.java:107)
	at app//org.junit.platform.launcher.core.EngineExecutionOrchestrator.execute(EngineExecutionOrchestrator.java:88)
	at app//org.junit.platform.launcher.core.EngineExecutionOrchestrator.lambda$execute$0(EngineExecutionOrchestrator.java:54)
	at app//org.junit.platform.launcher.core.EngineExecutionOrchestrator.withInterceptedStreams(EngineExecutionOrchestrator.java:67)
	at app//org.junit.platform.launcher.core.EngineExecutionOrchestrator.execute(EngineExecutionOrchestrator.java:52)
	at app//org.junit.platform.launcher.core.DefaultLauncher.execute(DefaultLauncher.java:114)
	at app//org.junit.platform.launcher.core.DefaultLauncher.execute(DefaultLauncher.java:86)
	at app//org.junit.platform.launcher.core.DefaultLauncherSession$DelegatingLauncher.execute(DefaultLauncherSession.java:86)
	at org.gradle.api.internal.tasks.testing.junitplatform.JUnitPlatformTestClassProcessor$CollectAllTestClassesExecutor.processAllTestClasses(JUnitPlatformTestClassProcessor.java:110)
	at org.gradle.api.internal.tasks.testing.junitplatform.JUnitPlatformTestClassProcessor$CollectAllTestClassesExecutor.access$000(JUnitPlatformTestClassProcessor.java:90)
	at org.gradle.api.internal.tasks.testing.junitplatform.JUnitPlatformTestClassProcessor.stop(JUnitPlatformTestClassProcessor.java:85)
	at org.gradle.api.internal.tasks.testing.SuiteTestClassProcessor.stop(SuiteTestClassProcessor.java:62)
	at java.base@11.0.19/jdk.internal.reflect.NativeMethodAccessorImpl.invoke0(Native Method)
	at java.base@11.0.19/jdk.internal.reflect.NativeMethodAccessorImpl.invoke(NativeMethodAccessorImpl.java:62)
	at java.base@11.0.19/jdk.internal.reflect.DelegatingMethodAccessorImpl.invoke(DelegatingMethodAccessorImpl.java:43)
	at java.base@11.0.19/java.lang.reflect.Method.invoke(Method.java:566)
	at org.gradle.internal.dispatch.ReflectionDispatch.dispatch(ReflectionDispatch.java:36)
	at org.gradle.internal.dispatch.ReflectionDispatch.dispatch(ReflectionDispatch.java:24)
	at org.gradle.internal.dispatch.ContextClassLoaderDispatch.dispatch(ContextClassLoaderDispatch.java:33)
	at org.gradle.internal.dispatch.ProxyDispatchAdapter$DispatchingInvocationHandler.invoke(ProxyDispatchAdapter.java:94)
	at com.sun.proxy.$Proxy5.stop(Unknown Source)
	at org.gradle.api.internal.tasks.testing.worker.TestWorker$3.run(TestWorker.java:193)
	at org.gradle.api.internal.tasks.testing.worker.TestWorker.executeAndMaintainThreadName(TestWorker.java:129)
	at org.gradle.api.internal.tasks.testing.worker.TestWorker.execute(TestWorker.java:100)
	at org.gradle.api.internal.tasks.testing.worker.TestWorker.execute(TestWorker.java:60)
	at org.gradle.process.internal.worker.child.ActionExecutionWorker.execute(ActionExecutionWorker.java:56)
	at org.gradle.process.internal.worker.child.SystemApplicationClassLoaderWorker.call(SystemApplicationClassLoaderWorker.java:113)
	at org.gradle.process.internal.worker.child.SystemApplicationClassLoaderWorker.call(SystemApplicationClassLoaderWorker.java:65)
	at app//worker.org.gradle.process.internal.worker.GradleWorkerMain.run(GradleWorkerMain.java:69)
	at app//worker.org.gradle.process.internal.worker.GradleWorkerMain.main(GradleWorkerMain.java:74)
Caused by: java.lang.NullPointerException
	at de.uka.ilkd.key.nparser.builder.DefaultBuilder.visitKeyjavatype(DefaultBuilder.java:360)
	at de.uka.ilkd.key.nparser.builder.DefaultBuilder.visitKeyjavatype(DefaultBuilder.java:35)
	at de.uka.ilkd.key.nparser.KeYParser$KeyjavatypeContext.accept(KeYParser.java:1859)
	at de.uka.ilkd.key.nparser.builder.AbstractBuilder.accept(AbstractBuilder.java:48)
	... 170 more
</failure>
  </testcase>
  <testcase name="[21] 1f &lt;= 2f" classname="de.uka.ilkd.key.nparser.ExprTest" time="0.021">
    <failure message="null at file:/D:/a/key/key/key.core/build/resources/main/de/uka/ilkd/key/proof/rules/heap.key:46:5 (file:/D:/a/key/key/key.core/build/resources/main/de/uka/ilkd/key/proof/rules/heap.key:46:5)" type="de.uka.ilkd.key.util.parsing.BuildingException">null at file:/D:/a/key/key/key.core/build/resources/main/de/uka/ilkd/key/proof/rules/heap.key:46:5 (file:/D:/a/key/key/key.core/build/resources/main/de/uka/ilkd/key/proof/rules/heap.key:46:5)
	at app//de.uka.ilkd.key.nparser.builder.AbstractBuilder.accept(AbstractBuilder.java:54)
	at app//de.uka.ilkd.key.nparser.builder.DefaultBuilder.accept(DefaultBuilder.java:35)
	at app//de.uka.ilkd.key.nparser.builder.DeclarationBuilder.visitProg_var_decls(DeclarationBuilder.java:57)
	at app//de.uka.ilkd.key.nparser.KeYParser$Prog_var_declsContext.accept(KeYParser.java:1937)
	at app//de.uka.ilkd.key.nparser.builder.AbstractBuilder.accept(AbstractBuilder.java:48)
	at app//de.uka.ilkd.key.nparser.builder.DefaultBuilder.accept(DefaultBuilder.java:35)
	at app//de.uka.ilkd.key.nparser.builder.AbstractBuilder.lambda$mapMapOf$1(AbstractBuilder.java:141)
	at java.base@11.0.19/java.util.stream.ReferencePipeline$3$1.accept(ReferencePipeline.java:195)
	at java.base@11.0.19/java.util.ArrayList$ArrayListSpliterator.forEachRemaining(ArrayList.java:1655)
	at java.base@11.0.19/java.util.stream.AbstractPipeline.copyInto(AbstractPipeline.java:484)
	at java.base@11.0.19/java.util.stream.AbstractPipeline.wrapAndCopyInto(AbstractPipeline.java:474)
	at java.base@11.0.19/java.util.stream.ForEachOps$ForEachOp.evaluateSequential(ForEachOps.java:150)
	at java.base@11.0.19/java.util.stream.ForEachOps$ForEachOp$OfRef.evaluateSequential(ForEachOps.java:173)
	at java.base@11.0.19/java.util.stream.AbstractPipeline.evaluate(AbstractPipeline.java:234)
	at java.base@11.0.19/java.util.stream.ReferencePipeline.forEach(ReferencePipeline.java:497)
	at java.base@11.0.19/java.util.stream.ReferencePipeline$7$1.accept(ReferencePipeline.java:274)
	at java.base@11.0.19/java.util.Spliterators$ArraySpliterator.forEachRemaining(Spliterators.java:948)
	at java.base@11.0.19/java.util.stream.AbstractPipeline.copyInto(AbstractPipeline.java:484)
	at java.base@11.0.19/java.util.stream.AbstractPipeline.wrapAndCopyInto(AbstractPipeline.java:474)
	at java.base@11.0.19/java.util.stream.ReduceOps$ReduceOp.evaluateSequential(ReduceOps.java:913)
	at java.base@11.0.19/java.util.stream.AbstractPipeline.evaluate(AbstractPipeline.java:234)
	at java.base@11.0.19/java.util.stream.ReferencePipeline.collect(ReferencePipeline.java:578)
	at app//de.uka.ilkd.key.nparser.builder.AbstractBuilder.mapMapOf(AbstractBuilder.java:142)
	at app//de.uka.ilkd.key.nparser.builder.DeclarationBuilder.visitDecls(DeclarationBuilder.java:48)
	at app//de.uka.ilkd.key.nparser.KeYParser$DeclsContext.accept(KeYParser.java:515)
	at app//org.antlr.v4.runtime.tree.AbstractParseTreeVisitor.visitChildren(AbstractParseTreeVisitor.java:46)
	at app//de.uka.ilkd.key.nparser.KeYParserBaseVisitor.visitFile(KeYParserBaseVisitor.java:24)
	at app//de.uka.ilkd.key.nparser.KeYParser$FileContext.accept(KeYParser.java:313)
	at app//de.uka.ilkd.key.nparser.KeyAst.accept(KeyAst.java:43)
	at app//de.uka.ilkd.key.nparser.KeyIO$Loader.loadDeclarations(KeyIO.java:298)
	at app//de.uka.ilkd.key.nparser.ExprTest.getIo(ExprTest.java:46)
	at app//de.uka.ilkd.key.nparser.ExprTest.parseAndVisit(ExprTest.java:30)
	at jdk.internal.reflect.GeneratedMethodAccessor9.invoke(Unknown Source)
	at java.base@11.0.19/jdk.internal.reflect.DelegatingMethodAccessorImpl.invoke(DelegatingMethodAccessorImpl.java:43)
	at java.base@11.0.19/java.lang.reflect.Method.invoke(Method.java:566)
	at app//org.junit.platform.commons.util.ReflectionUtils.invokeMethod(ReflectionUtils.java:727)
	at app//org.junit.jupiter.engine.execution.MethodInvocation.proceed(MethodInvocation.java:60)
	at app//org.junit.jupiter.engine.execution.InvocationInterceptorChain$ValidatingInvocation.proceed(InvocationInterceptorChain.java:131)
	at app//org.junit.jupiter.engine.extension.TimeoutExtension.intercept(TimeoutExtension.java:156)
	at app//org.junit.jupiter.engine.extension.TimeoutExtension.interceptTestableMethod(TimeoutExtension.java:147)
	at app//org.junit.jupiter.engine.extension.TimeoutExtension.interceptTestTemplateMethod(TimeoutExtension.java:94)
	at app//org.junit.jupiter.engine.execution.InterceptingExecutableInvoker$ReflectiveInterceptorCall.lambda$ofVoidMethod$0(InterceptingExecutableInvoker.java:103)
	at app//org.junit.jupiter.engine.execution.InterceptingExecutableInvoker.lambda$invoke$0(InterceptingExecutableInvoker.java:93)
	at app//org.junit.jupiter.engine.execution.InvocationInterceptorChain$InterceptedInvocation.proceed(InvocationInterceptorChain.java:106)
	at app//org.junit.jupiter.engine.execution.InvocationInterceptorChain.proceed(InvocationInterceptorChain.java:64)
	at app//org.junit.jupiter.engine.execution.InvocationInterceptorChain.chainAndInvoke(InvocationInterceptorChain.java:45)
	at app//org.junit.jupiter.engine.execution.InvocationInterceptorChain.invoke(InvocationInterceptorChain.java:37)
	at app//org.junit.jupiter.engine.execution.InterceptingExecutableInvoker.invoke(InterceptingExecutableInvoker.java:92)
	at app//org.junit.jupiter.engine.execution.InterceptingExecutableInvoker.invoke(InterceptingExecutableInvoker.java:86)
	at app//org.junit.jupiter.engine.descriptor.TestMethodTestDescriptor.lambda$invokeTestMethod$7(TestMethodTestDescriptor.java:217)
	at app//org.junit.platform.engine.support.hierarchical.ThrowableCollector.execute(ThrowableCollector.java:73)
	at app//org.junit.jupiter.engine.descriptor.TestMethodTestDescriptor.invokeTestMethod(TestMethodTestDescriptor.java:213)
	at app//org.junit.jupiter.engine.descriptor.TestMethodTestDescriptor.execute(TestMethodTestDescriptor.java:138)
	at app//org.junit.jupiter.engine.descriptor.TestMethodTestDescriptor.execute(TestMethodTestDescriptor.java:68)
	at app//org.junit.platform.engine.support.hierarchical.NodeTestTask.lambda$executeRecursively$6(NodeTestTask.java:151)
	at app//org.junit.platform.engine.support.hierarchical.ThrowableCollector.execute(ThrowableCollector.java:73)
	at app//org.junit.platform.engine.support.hierarchical.NodeTestTask.lambda$executeRecursively$8(NodeTestTask.java:141)
	at app//org.junit.platform.engine.support.hierarchical.Node.around(Node.java:137)
	at app//org.junit.platform.engine.support.hierarchical.NodeTestTask.lambda$executeRecursively$9(NodeTestTask.java:139)
	at app//org.junit.platform.engine.support.hierarchical.ThrowableCollector.execute(ThrowableCollector.java:73)
	at app//org.junit.platform.engine.support.hierarchical.NodeTestTask.executeRecursively(NodeTestTask.java:138)
	at app//org.junit.platform.engine.support.hierarchical.NodeTestTask.execute(NodeTestTask.java:95)
	at app//org.junit.platform.engine.support.hierarchical.SameThreadHierarchicalTestExecutorService.submit(SameThreadHierarchicalTestExecutorService.java:35)
	at app//org.junit.platform.engine.support.hierarchical.NodeTestTask$DefaultDynamicTestExecutor.execute(NodeTestTask.java:226)
	at app//org.junit.platform.engine.support.hierarchical.NodeTestTask$DefaultDynamicTestExecutor.execute(NodeTestTask.java:204)
	at app//org.junit.jupiter.engine.descriptor.TestTemplateTestDescriptor.execute(TestTemplateTestDescriptor.java:142)
	at app//org.junit.jupiter.engine.descriptor.TestTemplateTestDescriptor.lambda$execute$2(TestTemplateTestDescriptor.java:110)
	at java.base@11.0.19/java.util.stream.ForEachOps$ForEachOp$OfRef.accept(ForEachOps.java:183)
	at java.base@11.0.19/java.util.stream.ReferencePipeline$3$1.accept(ReferencePipeline.java:195)
	at java.base@11.0.19/java.util.stream.ReferencePipeline$2$1.accept(ReferencePipeline.java:177)
	at java.base@11.0.19/java.util.stream.ReferencePipeline$3$1.accept(ReferencePipeline.java:195)
	at java.base@11.0.19/java.util.stream.ForEachOps$ForEachOp$OfRef.accept(ForEachOps.java:183)
	at java.base@11.0.19/java.util.stream.ReferencePipeline$3$1.accept(ReferencePipeline.java:195)
	at java.base@11.0.19/java.util.stream.ReferencePipeline$3$1.accept(ReferencePipeline.java:195)
	at java.base@11.0.19/java.util.stream.ReferencePipeline$3$1.accept(ReferencePipeline.java:195)
	at java.base@11.0.19/java.util.stream.ForEachOps$ForEachOp$OfRef.accept(ForEachOps.java:183)
	at java.base@11.0.19/java.util.Iterator.forEachRemaining(Iterator.java:133)
	at java.base@11.0.19/java.util.Spliterators$IteratorSpliterator.forEachRemaining(Spliterators.java:1801)
	at java.base@11.0.19/java.util.stream.ReferencePipeline$Head.forEach(ReferencePipeline.java:658)
	at java.base@11.0.19/java.util.stream.ReferencePipeline$7$1.accept(ReferencePipeline.java:274)
	at java.base@11.0.19/java.util.stream.ReferencePipeline$3$1.accept(ReferencePipeline.java:195)
	at java.base@11.0.19/java.util.stream.ReferencePipeline$3$1.accept(ReferencePipeline.java:195)
	at java.base@11.0.19/java.util.ArrayList$ArrayListSpliterator.forEachRemaining(ArrayList.java:1655)
	at java.base@11.0.19/java.util.stream.AbstractPipeline.copyInto(AbstractPipeline.java:484)
	at java.base@11.0.19/java.util.stream.AbstractPipeline.wrapAndCopyInto(AbstractPipeline.java:474)
	at java.base@11.0.19/java.util.stream.ForEachOps$ForEachOp.evaluateSequential(ForEachOps.java:150)
	at java.base@11.0.19/java.util.stream.ForEachOps$ForEachOp$OfRef.evaluateSequential(ForEachOps.java:173)
	at java.base@11.0.19/java.util.stream.AbstractPipeline.evaluate(AbstractPipeline.java:234)
	at java.base@11.0.19/java.util.stream.ReferencePipeline.forEach(ReferencePipeline.java:497)
	at java.base@11.0.19/java.util.stream.ReferencePipeline$7$1.accept(ReferencePipeline.java:274)
	at java.base@11.0.19/java.util.stream.ReferencePipeline$3$1.accept(ReferencePipeline.java:195)
	at java.base@11.0.19/java.util.stream.ReferencePipeline$3$1.accept(ReferencePipeline.java:195)
	at java.base@11.0.19/java.util.stream.ReferencePipeline$3$1.accept(ReferencePipeline.java:195)
	at java.base@11.0.19/java.util.ArrayList$ArrayListSpliterator.forEachRemaining(ArrayList.java:1655)
	at java.base@11.0.19/java.util.stream.AbstractPipeline.copyInto(AbstractPipeline.java:484)
	at java.base@11.0.19/java.util.stream.AbstractPipeline.wrapAndCopyInto(AbstractPipeline.java:474)
	at java.base@11.0.19/java.util.stream.ForEachOps$ForEachOp.evaluateSequential(ForEachOps.java:150)
	at java.base@11.0.19/java.util.stream.ForEachOps$ForEachOp$OfRef.evaluateSequential(ForEachOps.java:173)
	at java.base@11.0.19/java.util.stream.AbstractPipeline.evaluate(AbstractPipeline.java:234)
	at java.base@11.0.19/java.util.stream.ReferencePipeline.forEach(ReferencePipeline.java:497)
	at java.base@11.0.19/java.util.stream.ReferencePipeline$7$1.accept(ReferencePipeline.java:274)
	at java.base@11.0.19/java.util.ArrayList$ArrayListSpliterator.forEachRemaining(ArrayList.java:1655)
	at java.base@11.0.19/java.util.stream.AbstractPipeline.copyInto(AbstractPipeline.java:484)
	at java.base@11.0.19/java.util.stream.AbstractPipeline.wrapAndCopyInto(AbstractPipeline.java:474)
	at java.base@11.0.19/java.util.stream.ForEachOps$ForEachOp.evaluateSequential(ForEachOps.java:150)
	at java.base@11.0.19/java.util.stream.ForEachOps$ForEachOp$OfRef.evaluateSequential(ForEachOps.java:173)
	at java.base@11.0.19/java.util.stream.AbstractPipeline.evaluate(AbstractPipeline.java:234)
	at java.base@11.0.19/java.util.stream.ReferencePipeline.forEach(ReferencePipeline.java:497)
	at app//org.junit.jupiter.engine.descriptor.TestTemplateTestDescriptor.execute(TestTemplateTestDescriptor.java:110)
	at app//org.junit.jupiter.engine.descriptor.TestTemplateTestDescriptor.execute(TestTemplateTestDescriptor.java:44)
	at app//org.junit.platform.engine.support.hierarchical.NodeTestTask.lambda$executeRecursively$6(NodeTestTask.java:151)
	at app//org.junit.platform.engine.support.hierarchical.ThrowableCollector.execute(ThrowableCollector.java:73)
	at app//org.junit.platform.engine.support.hierarchical.NodeTestTask.lambda$executeRecursively$8(NodeTestTask.java:141)
	at app//org.junit.platform.engine.support.hierarchical.Node.around(Node.java:137)
	at app//org.junit.platform.engine.support.hierarchical.NodeTestTask.lambda$executeRecursively$9(NodeTestTask.java:139)
	at app//org.junit.platform.engine.support.hierarchical.ThrowableCollector.execute(ThrowableCollector.java:73)
	at app//org.junit.platform.engine.support.hierarchical.NodeTestTask.executeRecursively(NodeTestTask.java:138)
	at app//org.junit.platform.engine.support.hierarchical.NodeTestTask.execute(NodeTestTask.java:95)
	at java.base@11.0.19/java.util.ArrayList.forEach(ArrayList.java:1541)
	at app//org.junit.platform.engine.support.hierarchical.SameThreadHierarchicalTestExecutorService.invokeAll(SameThreadHierarchicalTestExecutorService.java:41)
	at app//org.junit.platform.engine.support.hierarchical.NodeTestTask.lambda$executeRecursively$6(NodeTestTask.java:155)
	at app//org.junit.platform.engine.support.hierarchical.ThrowableCollector.execute(ThrowableCollector.java:73)
	at app//org.junit.platform.engine.support.hierarchical.NodeTestTask.lambda$executeRecursively$8(NodeTestTask.java:141)
	at app//org.junit.platform.engine.support.hierarchical.Node.around(Node.java:137)
	at app//org.junit.platform.engine.support.hierarchical.NodeTestTask.lambda$executeRecursively$9(NodeTestTask.java:139)
	at app//org.junit.platform.engine.support.hierarchical.ThrowableCollector.execute(ThrowableCollector.java:73)
	at app//org.junit.platform.engine.support.hierarchical.NodeTestTask.executeRecursively(NodeTestTask.java:138)
	at app//org.junit.platform.engine.support.hierarchical.NodeTestTask.execute(NodeTestTask.java:95)
	at java.base@11.0.19/java.util.ArrayList.forEach(ArrayList.java:1541)
	at app//org.junit.platform.engine.support.hierarchical.SameThreadHierarchicalTestExecutorService.invokeAll(SameThreadHierarchicalTestExecutorService.java:41)
	at app//org.junit.platform.engine.support.hierarchical.NodeTestTask.lambda$executeRecursively$6(NodeTestTask.java:155)
	at app//org.junit.platform.engine.support.hierarchical.ThrowableCollector.execute(ThrowableCollector.java:73)
	at app//org.junit.platform.engine.support.hierarchical.NodeTestTask.lambda$executeRecursively$8(NodeTestTask.java:141)
	at app//org.junit.platform.engine.support.hierarchical.Node.around(Node.java:137)
	at app//org.junit.platform.engine.support.hierarchical.NodeTestTask.lambda$executeRecursively$9(NodeTestTask.java:139)
	at app//org.junit.platform.engine.support.hierarchical.ThrowableCollector.execute(ThrowableCollector.java:73)
	at app//org.junit.platform.engine.support.hierarchical.NodeTestTask.executeRecursively(NodeTestTask.java:138)
	at app//org.junit.platform.engine.support.hierarchical.NodeTestTask.execute(NodeTestTask.java:95)
	at app//org.junit.platform.engine.support.hierarchical.SameThreadHierarchicalTestExecutorService.submit(SameThreadHierarchicalTestExecutorService.java:35)
	at app//org.junit.platform.engine.support.hierarchical.HierarchicalTestExecutor.execute(HierarchicalTestExecutor.java:57)
	at app//org.junit.platform.engine.support.hierarchical.HierarchicalTestEngine.execute(HierarchicalTestEngine.java:54)
	at app//org.junit.platform.launcher.core.EngineExecutionOrchestrator.execute(EngineExecutionOrchestrator.java:107)
	at app//org.junit.platform.launcher.core.EngineExecutionOrchestrator.execute(EngineExecutionOrchestrator.java:88)
	at app//org.junit.platform.launcher.core.EngineExecutionOrchestrator.lambda$execute$0(EngineExecutionOrchestrator.java:54)
	at app//org.junit.platform.launcher.core.EngineExecutionOrchestrator.withInterceptedStreams(EngineExecutionOrchestrator.java:67)
	at app//org.junit.platform.launcher.core.EngineExecutionOrchestrator.execute(EngineExecutionOrchestrator.java:52)
	at app//org.junit.platform.launcher.core.DefaultLauncher.execute(DefaultLauncher.java:114)
	at app//org.junit.platform.launcher.core.DefaultLauncher.execute(DefaultLauncher.java:86)
	at app//org.junit.platform.launcher.core.DefaultLauncherSession$DelegatingLauncher.execute(DefaultLauncherSession.java:86)
	at org.gradle.api.internal.tasks.testing.junitplatform.JUnitPlatformTestClassProcessor$CollectAllTestClassesExecutor.processAllTestClasses(JUnitPlatformTestClassProcessor.java:110)
	at org.gradle.api.internal.tasks.testing.junitplatform.JUnitPlatformTestClassProcessor$CollectAllTestClassesExecutor.access$000(JUnitPlatformTestClassProcessor.java:90)
	at org.gradle.api.internal.tasks.testing.junitplatform.JUnitPlatformTestClassProcessor.stop(JUnitPlatformTestClassProcessor.java:85)
	at org.gradle.api.internal.tasks.testing.SuiteTestClassProcessor.stop(SuiteTestClassProcessor.java:62)
	at java.base@11.0.19/jdk.internal.reflect.NativeMethodAccessorImpl.invoke0(Native Method)
	at java.base@11.0.19/jdk.internal.reflect.NativeMethodAccessorImpl.invoke(NativeMethodAccessorImpl.java:62)
	at java.base@11.0.19/jdk.internal.reflect.DelegatingMethodAccessorImpl.invoke(DelegatingMethodAccessorImpl.java:43)
	at java.base@11.0.19/java.lang.reflect.Method.invoke(Method.java:566)
	at org.gradle.internal.dispatch.ReflectionDispatch.dispatch(ReflectionDispatch.java:36)
	at org.gradle.internal.dispatch.ReflectionDispatch.dispatch(ReflectionDispatch.java:24)
	at org.gradle.internal.dispatch.ContextClassLoaderDispatch.dispatch(ContextClassLoaderDispatch.java:33)
	at org.gradle.internal.dispatch.ProxyDispatchAdapter$DispatchingInvocationHandler.invoke(ProxyDispatchAdapter.java:94)
	at com.sun.proxy.$Proxy5.stop(Unknown Source)
	at org.gradle.api.internal.tasks.testing.worker.TestWorker$3.run(TestWorker.java:193)
	at org.gradle.api.internal.tasks.testing.worker.TestWorker.executeAndMaintainThreadName(TestWorker.java:129)
	at org.gradle.api.internal.tasks.testing.worker.TestWorker.execute(TestWorker.java:100)
	at org.gradle.api.internal.tasks.testing.worker.TestWorker.execute(TestWorker.java:60)
	at org.gradle.process.internal.worker.child.ActionExecutionWorker.execute(ActionExecutionWorker.java:56)
	at org.gradle.process.internal.worker.child.SystemApplicationClassLoaderWorker.call(SystemApplicationClassLoaderWorker.java:113)
	at org.gradle.process.internal.worker.child.SystemApplicationClassLoaderWorker.call(SystemApplicationClassLoaderWorker.java:65)
	at app//worker.org.gradle.process.internal.worker.GradleWorkerMain.run(GradleWorkerMain.java:69)
	at app//worker.org.gradle.process.internal.worker.GradleWorkerMain.main(GradleWorkerMain.java:74)
Caused by: java.lang.NullPointerException
	at de.uka.ilkd.key.nparser.builder.DefaultBuilder.visitKeyjavatype(DefaultBuilder.java:360)
	at de.uka.ilkd.key.nparser.builder.DefaultBuilder.visitKeyjavatype(DefaultBuilder.java:35)
	at de.uka.ilkd.key.nparser.KeYParser$KeyjavatypeContext.accept(KeYParser.java:1859)
	at de.uka.ilkd.key.nparser.builder.AbstractBuilder.accept(AbstractBuilder.java:48)
	... 170 more
</failure>
  </testcase>
  <testcase name="[22] 2d &gt; 1d" classname="de.uka.ilkd.key.nparser.ExprTest" time="0.02">
    <failure message="null at file:/D:/a/key/key/key.core/build/resources/main/de/uka/ilkd/key/proof/rules/heap.key:46:5 (file:/D:/a/key/key/key.core/build/resources/main/de/uka/ilkd/key/proof/rules/heap.key:46:5)" type="de.uka.ilkd.key.util.parsing.BuildingException">null at file:/D:/a/key/key/key.core/build/resources/main/de/uka/ilkd/key/proof/rules/heap.key:46:5 (file:/D:/a/key/key/key.core/build/resources/main/de/uka/ilkd/key/proof/rules/heap.key:46:5)
	at app//de.uka.ilkd.key.nparser.builder.AbstractBuilder.accept(AbstractBuilder.java:54)
	at app//de.uka.ilkd.key.nparser.builder.DefaultBuilder.accept(DefaultBuilder.java:35)
	at app//de.uka.ilkd.key.nparser.builder.DeclarationBuilder.visitProg_var_decls(DeclarationBuilder.java:57)
	at app//de.uka.ilkd.key.nparser.KeYParser$Prog_var_declsContext.accept(KeYParser.java:1937)
	at app//de.uka.ilkd.key.nparser.builder.AbstractBuilder.accept(AbstractBuilder.java:48)
	at app//de.uka.ilkd.key.nparser.builder.DefaultBuilder.accept(DefaultBuilder.java:35)
	at app//de.uka.ilkd.key.nparser.builder.AbstractBuilder.lambda$mapMapOf$1(AbstractBuilder.java:141)
	at java.base@11.0.19/java.util.stream.ReferencePipeline$3$1.accept(ReferencePipeline.java:195)
	at java.base@11.0.19/java.util.ArrayList$ArrayListSpliterator.forEachRemaining(ArrayList.java:1655)
	at java.base@11.0.19/java.util.stream.AbstractPipeline.copyInto(AbstractPipeline.java:484)
	at java.base@11.0.19/java.util.stream.AbstractPipeline.wrapAndCopyInto(AbstractPipeline.java:474)
	at java.base@11.0.19/java.util.stream.ForEachOps$ForEachOp.evaluateSequential(ForEachOps.java:150)
	at java.base@11.0.19/java.util.stream.ForEachOps$ForEachOp$OfRef.evaluateSequential(ForEachOps.java:173)
	at java.base@11.0.19/java.util.stream.AbstractPipeline.evaluate(AbstractPipeline.java:234)
	at java.base@11.0.19/java.util.stream.ReferencePipeline.forEach(ReferencePipeline.java:497)
	at java.base@11.0.19/java.util.stream.ReferencePipeline$7$1.accept(ReferencePipeline.java:274)
	at java.base@11.0.19/java.util.Spliterators$ArraySpliterator.forEachRemaining(Spliterators.java:948)
	at java.base@11.0.19/java.util.stream.AbstractPipeline.copyInto(AbstractPipeline.java:484)
	at java.base@11.0.19/java.util.stream.AbstractPipeline.wrapAndCopyInto(AbstractPipeline.java:474)
	at java.base@11.0.19/java.util.stream.ReduceOps$ReduceOp.evaluateSequential(ReduceOps.java:913)
	at java.base@11.0.19/java.util.stream.AbstractPipeline.evaluate(AbstractPipeline.java:234)
	at java.base@11.0.19/java.util.stream.ReferencePipeline.collect(ReferencePipeline.java:578)
	at app//de.uka.ilkd.key.nparser.builder.AbstractBuilder.mapMapOf(AbstractBuilder.java:142)
	at app//de.uka.ilkd.key.nparser.builder.DeclarationBuilder.visitDecls(DeclarationBuilder.java:48)
	at app//de.uka.ilkd.key.nparser.KeYParser$DeclsContext.accept(KeYParser.java:515)
	at app//org.antlr.v4.runtime.tree.AbstractParseTreeVisitor.visitChildren(AbstractParseTreeVisitor.java:46)
	at app//de.uka.ilkd.key.nparser.KeYParserBaseVisitor.visitFile(KeYParserBaseVisitor.java:24)
	at app//de.uka.ilkd.key.nparser.KeYParser$FileContext.accept(KeYParser.java:313)
	at app//de.uka.ilkd.key.nparser.KeyAst.accept(KeyAst.java:43)
	at app//de.uka.ilkd.key.nparser.KeyIO$Loader.loadDeclarations(KeyIO.java:298)
	at app//de.uka.ilkd.key.nparser.ExprTest.getIo(ExprTest.java:46)
	at app//de.uka.ilkd.key.nparser.ExprTest.parseAndVisit(ExprTest.java:30)
	at jdk.internal.reflect.GeneratedMethodAccessor9.invoke(Unknown Source)
	at java.base@11.0.19/jdk.internal.reflect.DelegatingMethodAccessorImpl.invoke(DelegatingMethodAccessorImpl.java:43)
	at java.base@11.0.19/java.lang.reflect.Method.invoke(Method.java:566)
	at app//org.junit.platform.commons.util.ReflectionUtils.invokeMethod(ReflectionUtils.java:727)
	at app//org.junit.jupiter.engine.execution.MethodInvocation.proceed(MethodInvocation.java:60)
	at app//org.junit.jupiter.engine.execution.InvocationInterceptorChain$ValidatingInvocation.proceed(InvocationInterceptorChain.java:131)
	at app//org.junit.jupiter.engine.extension.TimeoutExtension.intercept(TimeoutExtension.java:156)
	at app//org.junit.jupiter.engine.extension.TimeoutExtension.interceptTestableMethod(TimeoutExtension.java:147)
	at app//org.junit.jupiter.engine.extension.TimeoutExtension.interceptTestTemplateMethod(TimeoutExtension.java:94)
	at app//org.junit.jupiter.engine.execution.InterceptingExecutableInvoker$ReflectiveInterceptorCall.lambda$ofVoidMethod$0(InterceptingExecutableInvoker.java:103)
	at app//org.junit.jupiter.engine.execution.InterceptingExecutableInvoker.lambda$invoke$0(InterceptingExecutableInvoker.java:93)
	at app//org.junit.jupiter.engine.execution.InvocationInterceptorChain$InterceptedInvocation.proceed(InvocationInterceptorChain.java:106)
	at app//org.junit.jupiter.engine.execution.InvocationInterceptorChain.proceed(InvocationInterceptorChain.java:64)
	at app//org.junit.jupiter.engine.execution.InvocationInterceptorChain.chainAndInvoke(InvocationInterceptorChain.java:45)
	at app//org.junit.jupiter.engine.execution.InvocationInterceptorChain.invoke(InvocationInterceptorChain.java:37)
	at app//org.junit.jupiter.engine.execution.InterceptingExecutableInvoker.invoke(InterceptingExecutableInvoker.java:92)
	at app//org.junit.jupiter.engine.execution.InterceptingExecutableInvoker.invoke(InterceptingExecutableInvoker.java:86)
	at app//org.junit.jupiter.engine.descriptor.TestMethodTestDescriptor.lambda$invokeTestMethod$7(TestMethodTestDescriptor.java:217)
	at app//org.junit.platform.engine.support.hierarchical.ThrowableCollector.execute(ThrowableCollector.java:73)
	at app//org.junit.jupiter.engine.descriptor.TestMethodTestDescriptor.invokeTestMethod(TestMethodTestDescriptor.java:213)
	at app//org.junit.jupiter.engine.descriptor.TestMethodTestDescriptor.execute(TestMethodTestDescriptor.java:138)
	at app//org.junit.jupiter.engine.descriptor.TestMethodTestDescriptor.execute(TestMethodTestDescriptor.java:68)
	at app//org.junit.platform.engine.support.hierarchical.NodeTestTask.lambda$executeRecursively$6(NodeTestTask.java:151)
	at app//org.junit.platform.engine.support.hierarchical.ThrowableCollector.execute(ThrowableCollector.java:73)
	at app//org.junit.platform.engine.support.hierarchical.NodeTestTask.lambda$executeRecursively$8(NodeTestTask.java:141)
	at app//org.junit.platform.engine.support.hierarchical.Node.around(Node.java:137)
	at app//org.junit.platform.engine.support.hierarchical.NodeTestTask.lambda$executeRecursively$9(NodeTestTask.java:139)
	at app//org.junit.platform.engine.support.hierarchical.ThrowableCollector.execute(ThrowableCollector.java:73)
	at app//org.junit.platform.engine.support.hierarchical.NodeTestTask.executeRecursively(NodeTestTask.java:138)
	at app//org.junit.platform.engine.support.hierarchical.NodeTestTask.execute(NodeTestTask.java:95)
	at app//org.junit.platform.engine.support.hierarchical.SameThreadHierarchicalTestExecutorService.submit(SameThreadHierarchicalTestExecutorService.java:35)
	at app//org.junit.platform.engine.support.hierarchical.NodeTestTask$DefaultDynamicTestExecutor.execute(NodeTestTask.java:226)
	at app//org.junit.platform.engine.support.hierarchical.NodeTestTask$DefaultDynamicTestExecutor.execute(NodeTestTask.java:204)
	at app//org.junit.jupiter.engine.descriptor.TestTemplateTestDescriptor.execute(TestTemplateTestDescriptor.java:142)
	at app//org.junit.jupiter.engine.descriptor.TestTemplateTestDescriptor.lambda$execute$2(TestTemplateTestDescriptor.java:110)
	at java.base@11.0.19/java.util.stream.ForEachOps$ForEachOp$OfRef.accept(ForEachOps.java:183)
	at java.base@11.0.19/java.util.stream.ReferencePipeline$3$1.accept(ReferencePipeline.java:195)
	at java.base@11.0.19/java.util.stream.ReferencePipeline$2$1.accept(ReferencePipeline.java:177)
	at java.base@11.0.19/java.util.stream.ReferencePipeline$3$1.accept(ReferencePipeline.java:195)
	at java.base@11.0.19/java.util.stream.ForEachOps$ForEachOp$OfRef.accept(ForEachOps.java:183)
	at java.base@11.0.19/java.util.stream.ReferencePipeline$3$1.accept(ReferencePipeline.java:195)
	at java.base@11.0.19/java.util.stream.ReferencePipeline$3$1.accept(ReferencePipeline.java:195)
	at java.base@11.0.19/java.util.stream.ReferencePipeline$3$1.accept(ReferencePipeline.java:195)
	at java.base@11.0.19/java.util.stream.ForEachOps$ForEachOp$OfRef.accept(ForEachOps.java:183)
	at java.base@11.0.19/java.util.Iterator.forEachRemaining(Iterator.java:133)
	at java.base@11.0.19/java.util.Spliterators$IteratorSpliterator.forEachRemaining(Spliterators.java:1801)
	at java.base@11.0.19/java.util.stream.ReferencePipeline$Head.forEach(ReferencePipeline.java:658)
	at java.base@11.0.19/java.util.stream.ReferencePipeline$7$1.accept(ReferencePipeline.java:274)
	at java.base@11.0.19/java.util.stream.ReferencePipeline$3$1.accept(ReferencePipeline.java:195)
	at java.base@11.0.19/java.util.stream.ReferencePipeline$3$1.accept(ReferencePipeline.java:195)
	at java.base@11.0.19/java.util.ArrayList$ArrayListSpliterator.forEachRemaining(ArrayList.java:1655)
	at java.base@11.0.19/java.util.stream.AbstractPipeline.copyInto(AbstractPipeline.java:484)
	at java.base@11.0.19/java.util.stream.AbstractPipeline.wrapAndCopyInto(AbstractPipeline.java:474)
	at java.base@11.0.19/java.util.stream.ForEachOps$ForEachOp.evaluateSequential(ForEachOps.java:150)
	at java.base@11.0.19/java.util.stream.ForEachOps$ForEachOp$OfRef.evaluateSequential(ForEachOps.java:173)
	at java.base@11.0.19/java.util.stream.AbstractPipeline.evaluate(AbstractPipeline.java:234)
	at java.base@11.0.19/java.util.stream.ReferencePipeline.forEach(ReferencePipeline.java:497)
	at java.base@11.0.19/java.util.stream.ReferencePipeline$7$1.accept(ReferencePipeline.java:274)
	at java.base@11.0.19/java.util.stream.ReferencePipeline$3$1.accept(ReferencePipeline.java:195)
	at java.base@11.0.19/java.util.stream.ReferencePipeline$3$1.accept(ReferencePipeline.java:195)
	at java.base@11.0.19/java.util.stream.ReferencePipeline$3$1.accept(ReferencePipeline.java:195)
	at java.base@11.0.19/java.util.ArrayList$ArrayListSpliterator.forEachRemaining(ArrayList.java:1655)
	at java.base@11.0.19/java.util.stream.AbstractPipeline.copyInto(AbstractPipeline.java:484)
	at java.base@11.0.19/java.util.stream.AbstractPipeline.wrapAndCopyInto(AbstractPipeline.java:474)
	at java.base@11.0.19/java.util.stream.ForEachOps$ForEachOp.evaluateSequential(ForEachOps.java:150)
	at java.base@11.0.19/java.util.stream.ForEachOps$ForEachOp$OfRef.evaluateSequential(ForEachOps.java:173)
	at java.base@11.0.19/java.util.stream.AbstractPipeline.evaluate(AbstractPipeline.java:234)
	at java.base@11.0.19/java.util.stream.ReferencePipeline.forEach(ReferencePipeline.java:497)
	at java.base@11.0.19/java.util.stream.ReferencePipeline$7$1.accept(ReferencePipeline.java:274)
	at java.base@11.0.19/java.util.ArrayList$ArrayListSpliterator.forEachRemaining(ArrayList.java:1655)
	at java.base@11.0.19/java.util.stream.AbstractPipeline.copyInto(AbstractPipeline.java:484)
	at java.base@11.0.19/java.util.stream.AbstractPipeline.wrapAndCopyInto(AbstractPipeline.java:474)
	at java.base@11.0.19/java.util.stream.ForEachOps$ForEachOp.evaluateSequential(ForEachOps.java:150)
	at java.base@11.0.19/java.util.stream.ForEachOps$ForEachOp$OfRef.evaluateSequential(ForEachOps.java:173)
	at java.base@11.0.19/java.util.stream.AbstractPipeline.evaluate(AbstractPipeline.java:234)
	at java.base@11.0.19/java.util.stream.ReferencePipeline.forEach(ReferencePipeline.java:497)
	at app//org.junit.jupiter.engine.descriptor.TestTemplateTestDescriptor.execute(TestTemplateTestDescriptor.java:110)
	at app//org.junit.jupiter.engine.descriptor.TestTemplateTestDescriptor.execute(TestTemplateTestDescriptor.java:44)
	at app//org.junit.platform.engine.support.hierarchical.NodeTestTask.lambda$executeRecursively$6(NodeTestTask.java:151)
	at app//org.junit.platform.engine.support.hierarchical.ThrowableCollector.execute(ThrowableCollector.java:73)
	at app//org.junit.platform.engine.support.hierarchical.NodeTestTask.lambda$executeRecursively$8(NodeTestTask.java:141)
	at app//org.junit.platform.engine.support.hierarchical.Node.around(Node.java:137)
	at app//org.junit.platform.engine.support.hierarchical.NodeTestTask.lambda$executeRecursively$9(NodeTestTask.java:139)
	at app//org.junit.platform.engine.support.hierarchical.ThrowableCollector.execute(ThrowableCollector.java:73)
	at app//org.junit.platform.engine.support.hierarchical.NodeTestTask.executeRecursively(NodeTestTask.java:138)
	at app//org.junit.platform.engine.support.hierarchical.NodeTestTask.execute(NodeTestTask.java:95)
	at java.base@11.0.19/java.util.ArrayList.forEach(ArrayList.java:1541)
	at app//org.junit.platform.engine.support.hierarchical.SameThreadHierarchicalTestExecutorService.invokeAll(SameThreadHierarchicalTestExecutorService.java:41)
	at app//org.junit.platform.engine.support.hierarchical.NodeTestTask.lambda$executeRecursively$6(NodeTestTask.java:155)
	at app//org.junit.platform.engine.support.hierarchical.ThrowableCollector.execute(ThrowableCollector.java:73)
	at app//org.junit.platform.engine.support.hierarchical.NodeTestTask.lambda$executeRecursively$8(NodeTestTask.java:141)
	at app//org.junit.platform.engine.support.hierarchical.Node.around(Node.java:137)
	at app//org.junit.platform.engine.support.hierarchical.NodeTestTask.lambda$executeRecursively$9(NodeTestTask.java:139)
	at app//org.junit.platform.engine.support.hierarchical.ThrowableCollector.execute(ThrowableCollector.java:73)
	at app//org.junit.platform.engine.support.hierarchical.NodeTestTask.executeRecursively(NodeTestTask.java:138)
	at app//org.junit.platform.engine.support.hierarchical.NodeTestTask.execute(NodeTestTask.java:95)
	at java.base@11.0.19/java.util.ArrayList.forEach(ArrayList.java:1541)
	at app//org.junit.platform.engine.support.hierarchical.SameThreadHierarchicalTestExecutorService.invokeAll(SameThreadHierarchicalTestExecutorService.java:41)
	at app//org.junit.platform.engine.support.hierarchical.NodeTestTask.lambda$executeRecursively$6(NodeTestTask.java:155)
	at app//org.junit.platform.engine.support.hierarchical.ThrowableCollector.execute(ThrowableCollector.java:73)
	at app//org.junit.platform.engine.support.hierarchical.NodeTestTask.lambda$executeRecursively$8(NodeTestTask.java:141)
	at app//org.junit.platform.engine.support.hierarchical.Node.around(Node.java:137)
	at app//org.junit.platform.engine.support.hierarchical.NodeTestTask.lambda$executeRecursively$9(NodeTestTask.java:139)
	at app//org.junit.platform.engine.support.hierarchical.ThrowableCollector.execute(ThrowableCollector.java:73)
	at app//org.junit.platform.engine.support.hierarchical.NodeTestTask.executeRecursively(NodeTestTask.java:138)
	at app//org.junit.platform.engine.support.hierarchical.NodeTestTask.execute(NodeTestTask.java:95)
	at app//org.junit.platform.engine.support.hierarchical.SameThreadHierarchicalTestExecutorService.submit(SameThreadHierarchicalTestExecutorService.java:35)
	at app//org.junit.platform.engine.support.hierarchical.HierarchicalTestExecutor.execute(HierarchicalTestExecutor.java:57)
	at app//org.junit.platform.engine.support.hierarchical.HierarchicalTestEngine.execute(HierarchicalTestEngine.java:54)
	at app//org.junit.platform.launcher.core.EngineExecutionOrchestrator.execute(EngineExecutionOrchestrator.java:107)
	at app//org.junit.platform.launcher.core.EngineExecutionOrchestrator.execute(EngineExecutionOrchestrator.java:88)
	at app//org.junit.platform.launcher.core.EngineExecutionOrchestrator.lambda$execute$0(EngineExecutionOrchestrator.java:54)
	at app//org.junit.platform.launcher.core.EngineExecutionOrchestrator.withInterceptedStreams(EngineExecutionOrchestrator.java:67)
	at app//org.junit.platform.launcher.core.EngineExecutionOrchestrator.execute(EngineExecutionOrchestrator.java:52)
	at app//org.junit.platform.launcher.core.DefaultLauncher.execute(DefaultLauncher.java:114)
	at app//org.junit.platform.launcher.core.DefaultLauncher.execute(DefaultLauncher.java:86)
	at app//org.junit.platform.launcher.core.DefaultLauncherSession$DelegatingLauncher.execute(DefaultLauncherSession.java:86)
	at org.gradle.api.internal.tasks.testing.junitplatform.JUnitPlatformTestClassProcessor$CollectAllTestClassesExecutor.processAllTestClasses(JUnitPlatformTestClassProcessor.java:110)
	at org.gradle.api.internal.tasks.testing.junitplatform.JUnitPlatformTestClassProcessor$CollectAllTestClassesExecutor.access$000(JUnitPlatformTestClassProcessor.java:90)
	at org.gradle.api.internal.tasks.testing.junitplatform.JUnitPlatformTestClassProcessor.stop(JUnitPlatformTestClassProcessor.java:85)
	at org.gradle.api.internal.tasks.testing.SuiteTestClassProcessor.stop(SuiteTestClassProcessor.java:62)
	at java.base@11.0.19/jdk.internal.reflect.NativeMethodAccessorImpl.invoke0(Native Method)
	at java.base@11.0.19/jdk.internal.reflect.NativeMethodAccessorImpl.invoke(NativeMethodAccessorImpl.java:62)
	at java.base@11.0.19/jdk.internal.reflect.DelegatingMethodAccessorImpl.invoke(DelegatingMethodAccessorImpl.java:43)
	at java.base@11.0.19/java.lang.reflect.Method.invoke(Method.java:566)
	at org.gradle.internal.dispatch.ReflectionDispatch.dispatch(ReflectionDispatch.java:36)
	at org.gradle.internal.dispatch.ReflectionDispatch.dispatch(ReflectionDispatch.java:24)
	at org.gradle.internal.dispatch.ContextClassLoaderDispatch.dispatch(ContextClassLoaderDispatch.java:33)
	at org.gradle.internal.dispatch.ProxyDispatchAdapter$DispatchingInvocationHandler.invoke(ProxyDispatchAdapter.java:94)
	at com.sun.proxy.$Proxy5.stop(Unknown Source)
	at org.gradle.api.internal.tasks.testing.worker.TestWorker$3.run(TestWorker.java:193)
	at org.gradle.api.internal.tasks.testing.worker.TestWorker.executeAndMaintainThreadName(TestWorker.java:129)
	at org.gradle.api.internal.tasks.testing.worker.TestWorker.execute(TestWorker.java:100)
	at org.gradle.api.internal.tasks.testing.worker.TestWorker.execute(TestWorker.java:60)
	at org.gradle.process.internal.worker.child.ActionExecutionWorker.execute(ActionExecutionWorker.java:56)
	at org.gradle.process.internal.worker.child.SystemApplicationClassLoaderWorker.call(SystemApplicationClassLoaderWorker.java:113)
	at org.gradle.process.internal.worker.child.SystemApplicationClassLoaderWorker.call(SystemApplicationClassLoaderWorker.java:65)
	at app//worker.org.gradle.process.internal.worker.GradleWorkerMain.run(GradleWorkerMain.java:69)
	at app//worker.org.gradle.process.internal.worker.GradleWorkerMain.main(GradleWorkerMain.java:74)
Caused by: java.lang.NullPointerException
	at de.uka.ilkd.key.nparser.builder.DefaultBuilder.visitKeyjavatype(DefaultBuilder.java:360)
	at de.uka.ilkd.key.nparser.builder.DefaultBuilder.visitKeyjavatype(DefaultBuilder.java:35)
	at de.uka.ilkd.key.nparser.KeYParser$KeyjavatypeContext.accept(KeYParser.java:1859)
	at de.uka.ilkd.key.nparser.builder.AbstractBuilder.accept(AbstractBuilder.java:48)
	... 170 more
</failure>
  </testcase>
  <testcase name="[23] seqEmpty + seqEmpty" classname="de.uka.ilkd.key.nparser.ExprTest" time="0.03">
    <failure message="null at file:/D:/a/key/key/key.core/build/resources/main/de/uka/ilkd/key/proof/rules/heap.key:46:5 (file:/D:/a/key/key/key.core/build/resources/main/de/uka/ilkd/key/proof/rules/heap.key:46:5)" type="de.uka.ilkd.key.util.parsing.BuildingException">null at file:/D:/a/key/key/key.core/build/resources/main/de/uka/ilkd/key/proof/rules/heap.key:46:5 (file:/D:/a/key/key/key.core/build/resources/main/de/uka/ilkd/key/proof/rules/heap.key:46:5)
	at app//de.uka.ilkd.key.nparser.builder.AbstractBuilder.accept(AbstractBuilder.java:54)
	at app//de.uka.ilkd.key.nparser.builder.DefaultBuilder.accept(DefaultBuilder.java:35)
	at app//de.uka.ilkd.key.nparser.builder.DeclarationBuilder.visitProg_var_decls(DeclarationBuilder.java:57)
	at app//de.uka.ilkd.key.nparser.KeYParser$Prog_var_declsContext.accept(KeYParser.java:1937)
	at app//de.uka.ilkd.key.nparser.builder.AbstractBuilder.accept(AbstractBuilder.java:48)
	at app//de.uka.ilkd.key.nparser.builder.DefaultBuilder.accept(DefaultBuilder.java:35)
	at app//de.uka.ilkd.key.nparser.builder.AbstractBuilder.lambda$mapMapOf$1(AbstractBuilder.java:141)
	at java.base@11.0.19/java.util.stream.ReferencePipeline$3$1.accept(ReferencePipeline.java:195)
	at java.base@11.0.19/java.util.ArrayList$ArrayListSpliterator.forEachRemaining(ArrayList.java:1655)
	at java.base@11.0.19/java.util.stream.AbstractPipeline.copyInto(AbstractPipeline.java:484)
	at java.base@11.0.19/java.util.stream.AbstractPipeline.wrapAndCopyInto(AbstractPipeline.java:474)
	at java.base@11.0.19/java.util.stream.ForEachOps$ForEachOp.evaluateSequential(ForEachOps.java:150)
	at java.base@11.0.19/java.util.stream.ForEachOps$ForEachOp$OfRef.evaluateSequential(ForEachOps.java:173)
	at java.base@11.0.19/java.util.stream.AbstractPipeline.evaluate(AbstractPipeline.java:234)
	at java.base@11.0.19/java.util.stream.ReferencePipeline.forEach(ReferencePipeline.java:497)
	at java.base@11.0.19/java.util.stream.ReferencePipeline$7$1.accept(ReferencePipeline.java:274)
	at java.base@11.0.19/java.util.Spliterators$ArraySpliterator.forEachRemaining(Spliterators.java:948)
	at java.base@11.0.19/java.util.stream.AbstractPipeline.copyInto(AbstractPipeline.java:484)
	at java.base@11.0.19/java.util.stream.AbstractPipeline.wrapAndCopyInto(AbstractPipeline.java:474)
	at java.base@11.0.19/java.util.stream.ReduceOps$ReduceOp.evaluateSequential(ReduceOps.java:913)
	at java.base@11.0.19/java.util.stream.AbstractPipeline.evaluate(AbstractPipeline.java:234)
	at java.base@11.0.19/java.util.stream.ReferencePipeline.collect(ReferencePipeline.java:578)
	at app//de.uka.ilkd.key.nparser.builder.AbstractBuilder.mapMapOf(AbstractBuilder.java:142)
	at app//de.uka.ilkd.key.nparser.builder.DeclarationBuilder.visitDecls(DeclarationBuilder.java:48)
	at app//de.uka.ilkd.key.nparser.KeYParser$DeclsContext.accept(KeYParser.java:515)
	at app//org.antlr.v4.runtime.tree.AbstractParseTreeVisitor.visitChildren(AbstractParseTreeVisitor.java:46)
	at app//de.uka.ilkd.key.nparser.KeYParserBaseVisitor.visitFile(KeYParserBaseVisitor.java:24)
	at app//de.uka.ilkd.key.nparser.KeYParser$FileContext.accept(KeYParser.java:313)
	at app//de.uka.ilkd.key.nparser.KeyAst.accept(KeyAst.java:43)
	at app//de.uka.ilkd.key.nparser.KeyIO$Loader.loadDeclarations(KeyIO.java:298)
	at app//de.uka.ilkd.key.nparser.ExprTest.getIo(ExprTest.java:46)
	at app//de.uka.ilkd.key.nparser.ExprTest.parseAndVisit(ExprTest.java:30)
	at jdk.internal.reflect.GeneratedMethodAccessor9.invoke(Unknown Source)
	at java.base@11.0.19/jdk.internal.reflect.DelegatingMethodAccessorImpl.invoke(DelegatingMethodAccessorImpl.java:43)
	at java.base@11.0.19/java.lang.reflect.Method.invoke(Method.java:566)
	at app//org.junit.platform.commons.util.ReflectionUtils.invokeMethod(ReflectionUtils.java:727)
	at app//org.junit.jupiter.engine.execution.MethodInvocation.proceed(MethodInvocation.java:60)
	at app//org.junit.jupiter.engine.execution.InvocationInterceptorChain$ValidatingInvocation.proceed(InvocationInterceptorChain.java:131)
	at app//org.junit.jupiter.engine.extension.TimeoutExtension.intercept(TimeoutExtension.java:156)
	at app//org.junit.jupiter.engine.extension.TimeoutExtension.interceptTestableMethod(TimeoutExtension.java:147)
	at app//org.junit.jupiter.engine.extension.TimeoutExtension.interceptTestTemplateMethod(TimeoutExtension.java:94)
	at app//org.junit.jupiter.engine.execution.InterceptingExecutableInvoker$ReflectiveInterceptorCall.lambda$ofVoidMethod$0(InterceptingExecutableInvoker.java:103)
	at app//org.junit.jupiter.engine.execution.InterceptingExecutableInvoker.lambda$invoke$0(InterceptingExecutableInvoker.java:93)
	at app//org.junit.jupiter.engine.execution.InvocationInterceptorChain$InterceptedInvocation.proceed(InvocationInterceptorChain.java:106)
	at app//org.junit.jupiter.engine.execution.InvocationInterceptorChain.proceed(InvocationInterceptorChain.java:64)
	at app//org.junit.jupiter.engine.execution.InvocationInterceptorChain.chainAndInvoke(InvocationInterceptorChain.java:45)
	at app//org.junit.jupiter.engine.execution.InvocationInterceptorChain.invoke(InvocationInterceptorChain.java:37)
	at app//org.junit.jupiter.engine.execution.InterceptingExecutableInvoker.invoke(InterceptingExecutableInvoker.java:92)
	at app//org.junit.jupiter.engine.execution.InterceptingExecutableInvoker.invoke(InterceptingExecutableInvoker.java:86)
	at app//org.junit.jupiter.engine.descriptor.TestMethodTestDescriptor.lambda$invokeTestMethod$7(TestMethodTestDescriptor.java:217)
	at app//org.junit.platform.engine.support.hierarchical.ThrowableCollector.execute(ThrowableCollector.java:73)
	at app//org.junit.jupiter.engine.descriptor.TestMethodTestDescriptor.invokeTestMethod(TestMethodTestDescriptor.java:213)
	at app//org.junit.jupiter.engine.descriptor.TestMethodTestDescriptor.execute(TestMethodTestDescriptor.java:138)
	at app//org.junit.jupiter.engine.descriptor.TestMethodTestDescriptor.execute(TestMethodTestDescriptor.java:68)
	at app//org.junit.platform.engine.support.hierarchical.NodeTestTask.lambda$executeRecursively$6(NodeTestTask.java:151)
	at app//org.junit.platform.engine.support.hierarchical.ThrowableCollector.execute(ThrowableCollector.java:73)
	at app//org.junit.platform.engine.support.hierarchical.NodeTestTask.lambda$executeRecursively$8(NodeTestTask.java:141)
	at app//org.junit.platform.engine.support.hierarchical.Node.around(Node.java:137)
	at app//org.junit.platform.engine.support.hierarchical.NodeTestTask.lambda$executeRecursively$9(NodeTestTask.java:139)
	at app//org.junit.platform.engine.support.hierarchical.ThrowableCollector.execute(ThrowableCollector.java:73)
	at app//org.junit.platform.engine.support.hierarchical.NodeTestTask.executeRecursively(NodeTestTask.java:138)
	at app//org.junit.platform.engine.support.hierarchical.NodeTestTask.execute(NodeTestTask.java:95)
	at app//org.junit.platform.engine.support.hierarchical.SameThreadHierarchicalTestExecutorService.submit(SameThreadHierarchicalTestExecutorService.java:35)
	at app//org.junit.platform.engine.support.hierarchical.NodeTestTask$DefaultDynamicTestExecutor.execute(NodeTestTask.java:226)
	at app//org.junit.platform.engine.support.hierarchical.NodeTestTask$DefaultDynamicTestExecutor.execute(NodeTestTask.java:204)
	at app//org.junit.jupiter.engine.descriptor.TestTemplateTestDescriptor.execute(TestTemplateTestDescriptor.java:142)
	at app//org.junit.jupiter.engine.descriptor.TestTemplateTestDescriptor.lambda$execute$2(TestTemplateTestDescriptor.java:110)
	at java.base@11.0.19/java.util.stream.ForEachOps$ForEachOp$OfRef.accept(ForEachOps.java:183)
	at java.base@11.0.19/java.util.stream.ReferencePipeline$3$1.accept(ReferencePipeline.java:195)
	at java.base@11.0.19/java.util.stream.ReferencePipeline$2$1.accept(ReferencePipeline.java:177)
	at java.base@11.0.19/java.util.stream.ReferencePipeline$3$1.accept(ReferencePipeline.java:195)
	at java.base@11.0.19/java.util.stream.ForEachOps$ForEachOp$OfRef.accept(ForEachOps.java:183)
	at java.base@11.0.19/java.util.stream.ReferencePipeline$3$1.accept(ReferencePipeline.java:195)
	at java.base@11.0.19/java.util.stream.ReferencePipeline$3$1.accept(ReferencePipeline.java:195)
	at java.base@11.0.19/java.util.stream.ReferencePipeline$3$1.accept(ReferencePipeline.java:195)
	at java.base@11.0.19/java.util.stream.ForEachOps$ForEachOp$OfRef.accept(ForEachOps.java:183)
	at java.base@11.0.19/java.util.Iterator.forEachRemaining(Iterator.java:133)
	at java.base@11.0.19/java.util.Spliterators$IteratorSpliterator.forEachRemaining(Spliterators.java:1801)
	at java.base@11.0.19/java.util.stream.ReferencePipeline$Head.forEach(ReferencePipeline.java:658)
	at java.base@11.0.19/java.util.stream.ReferencePipeline$7$1.accept(ReferencePipeline.java:274)
	at java.base@11.0.19/java.util.stream.ReferencePipeline$3$1.accept(ReferencePipeline.java:195)
	at java.base@11.0.19/java.util.stream.ReferencePipeline$3$1.accept(ReferencePipeline.java:195)
	at java.base@11.0.19/java.util.ArrayList$ArrayListSpliterator.forEachRemaining(ArrayList.java:1655)
	at java.base@11.0.19/java.util.stream.AbstractPipeline.copyInto(AbstractPipeline.java:484)
	at java.base@11.0.19/java.util.stream.AbstractPipeline.wrapAndCopyInto(AbstractPipeline.java:474)
	at java.base@11.0.19/java.util.stream.ForEachOps$ForEachOp.evaluateSequential(ForEachOps.java:150)
	at java.base@11.0.19/java.util.stream.ForEachOps$ForEachOp$OfRef.evaluateSequential(ForEachOps.java:173)
	at java.base@11.0.19/java.util.stream.AbstractPipeline.evaluate(AbstractPipeline.java:234)
	at java.base@11.0.19/java.util.stream.ReferencePipeline.forEach(ReferencePipeline.java:497)
	at java.base@11.0.19/java.util.stream.ReferencePipeline$7$1.accept(ReferencePipeline.java:274)
	at java.base@11.0.19/java.util.stream.ReferencePipeline$3$1.accept(ReferencePipeline.java:195)
	at java.base@11.0.19/java.util.stream.ReferencePipeline$3$1.accept(ReferencePipeline.java:195)
	at java.base@11.0.19/java.util.stream.ReferencePipeline$3$1.accept(ReferencePipeline.java:195)
	at java.base@11.0.19/java.util.ArrayList$ArrayListSpliterator.forEachRemaining(ArrayList.java:1655)
	at java.base@11.0.19/java.util.stream.AbstractPipeline.copyInto(AbstractPipeline.java:484)
	at java.base@11.0.19/java.util.stream.AbstractPipeline.wrapAndCopyInto(AbstractPipeline.java:474)
	at java.base@11.0.19/java.util.stream.ForEachOps$ForEachOp.evaluateSequential(ForEachOps.java:150)
	at java.base@11.0.19/java.util.stream.ForEachOps$ForEachOp$OfRef.evaluateSequential(ForEachOps.java:173)
	at java.base@11.0.19/java.util.stream.AbstractPipeline.evaluate(AbstractPipeline.java:234)
	at java.base@11.0.19/java.util.stream.ReferencePipeline.forEach(ReferencePipeline.java:497)
	at java.base@11.0.19/java.util.stream.ReferencePipeline$7$1.accept(ReferencePipeline.java:274)
	at java.base@11.0.19/java.util.ArrayList$ArrayListSpliterator.forEachRemaining(ArrayList.java:1655)
	at java.base@11.0.19/java.util.stream.AbstractPipeline.copyInto(AbstractPipeline.java:484)
	at java.base@11.0.19/java.util.stream.AbstractPipeline.wrapAndCopyInto(AbstractPipeline.java:474)
	at java.base@11.0.19/java.util.stream.ForEachOps$ForEachOp.evaluateSequential(ForEachOps.java:150)
	at java.base@11.0.19/java.util.stream.ForEachOps$ForEachOp$OfRef.evaluateSequential(ForEachOps.java:173)
	at java.base@11.0.19/java.util.stream.AbstractPipeline.evaluate(AbstractPipeline.java:234)
	at java.base@11.0.19/java.util.stream.ReferencePipeline.forEach(ReferencePipeline.java:497)
	at app//org.junit.jupiter.engine.descriptor.TestTemplateTestDescriptor.execute(TestTemplateTestDescriptor.java:110)
	at app//org.junit.jupiter.engine.descriptor.TestTemplateTestDescriptor.execute(TestTemplateTestDescriptor.java:44)
	at app//org.junit.platform.engine.support.hierarchical.NodeTestTask.lambda$executeRecursively$6(NodeTestTask.java:151)
	at app//org.junit.platform.engine.support.hierarchical.ThrowableCollector.execute(ThrowableCollector.java:73)
	at app//org.junit.platform.engine.support.hierarchical.NodeTestTask.lambda$executeRecursively$8(NodeTestTask.java:141)
	at app//org.junit.platform.engine.support.hierarchical.Node.around(Node.java:137)
	at app//org.junit.platform.engine.support.hierarchical.NodeTestTask.lambda$executeRecursively$9(NodeTestTask.java:139)
	at app//org.junit.platform.engine.support.hierarchical.ThrowableCollector.execute(ThrowableCollector.java:73)
	at app//org.junit.platform.engine.support.hierarchical.NodeTestTask.executeRecursively(NodeTestTask.java:138)
	at app//org.junit.platform.engine.support.hierarchical.NodeTestTask.execute(NodeTestTask.java:95)
	at java.base@11.0.19/java.util.ArrayList.forEach(ArrayList.java:1541)
	at app//org.junit.platform.engine.support.hierarchical.SameThreadHierarchicalTestExecutorService.invokeAll(SameThreadHierarchicalTestExecutorService.java:41)
	at app//org.junit.platform.engine.support.hierarchical.NodeTestTask.lambda$executeRecursively$6(NodeTestTask.java:155)
	at app//org.junit.platform.engine.support.hierarchical.ThrowableCollector.execute(ThrowableCollector.java:73)
	at app//org.junit.platform.engine.support.hierarchical.NodeTestTask.lambda$executeRecursively$8(NodeTestTask.java:141)
	at app//org.junit.platform.engine.support.hierarchical.Node.around(Node.java:137)
	at app//org.junit.platform.engine.support.hierarchical.NodeTestTask.lambda$executeRecursively$9(NodeTestTask.java:139)
	at app//org.junit.platform.engine.support.hierarchical.ThrowableCollector.execute(ThrowableCollector.java:73)
	at app//org.junit.platform.engine.support.hierarchical.NodeTestTask.executeRecursively(NodeTestTask.java:138)
	at app//org.junit.platform.engine.support.hierarchical.NodeTestTask.execute(NodeTestTask.java:95)
	at java.base@11.0.19/java.util.ArrayList.forEach(ArrayList.java:1541)
	at app//org.junit.platform.engine.support.hierarchical.SameThreadHierarchicalTestExecutorService.invokeAll(SameThreadHierarchicalTestExecutorService.java:41)
	at app//org.junit.platform.engine.support.hierarchical.NodeTestTask.lambda$executeRecursively$6(NodeTestTask.java:155)
	at app//org.junit.platform.engine.support.hierarchical.ThrowableCollector.execute(ThrowableCollector.java:73)
	at app//org.junit.platform.engine.support.hierarchical.NodeTestTask.lambda$executeRecursively$8(NodeTestTask.java:141)
	at app//org.junit.platform.engine.support.hierarchical.Node.around(Node.java:137)
	at app//org.junit.platform.engine.support.hierarchical.NodeTestTask.lambda$executeRecursively$9(NodeTestTask.java:139)
	at app//org.junit.platform.engine.support.hierarchical.ThrowableCollector.execute(ThrowableCollector.java:73)
	at app//org.junit.platform.engine.support.hierarchical.NodeTestTask.executeRecursively(NodeTestTask.java:138)
	at app//org.junit.platform.engine.support.hierarchical.NodeTestTask.execute(NodeTestTask.java:95)
	at app//org.junit.platform.engine.support.hierarchical.SameThreadHierarchicalTestExecutorService.submit(SameThreadHierarchicalTestExecutorService.java:35)
	at app//org.junit.platform.engine.support.hierarchical.HierarchicalTestExecutor.execute(HierarchicalTestExecutor.java:57)
	at app//org.junit.platform.engine.support.hierarchical.HierarchicalTestEngine.execute(HierarchicalTestEngine.java:54)
	at app//org.junit.platform.launcher.core.EngineExecutionOrchestrator.execute(EngineExecutionOrchestrator.java:107)
	at app//org.junit.platform.launcher.core.EngineExecutionOrchestrator.execute(EngineExecutionOrchestrator.java:88)
	at app//org.junit.platform.launcher.core.EngineExecutionOrchestrator.lambda$execute$0(EngineExecutionOrchestrator.java:54)
	at app//org.junit.platform.launcher.core.EngineExecutionOrchestrator.withInterceptedStreams(EngineExecutionOrchestrator.java:67)
	at app//org.junit.platform.launcher.core.EngineExecutionOrchestrator.execute(EngineExecutionOrchestrator.java:52)
	at app//org.junit.platform.launcher.core.DefaultLauncher.execute(DefaultLauncher.java:114)
	at app//org.junit.platform.launcher.core.DefaultLauncher.execute(DefaultLauncher.java:86)
	at app//org.junit.platform.launcher.core.DefaultLauncherSession$DelegatingLauncher.execute(DefaultLauncherSession.java:86)
	at org.gradle.api.internal.tasks.testing.junitplatform.JUnitPlatformTestClassProcessor$CollectAllTestClassesExecutor.processAllTestClasses(JUnitPlatformTestClassProcessor.java:110)
	at org.gradle.api.internal.tasks.testing.junitplatform.JUnitPlatformTestClassProcessor$CollectAllTestClassesExecutor.access$000(JUnitPlatformTestClassProcessor.java:90)
	at org.gradle.api.internal.tasks.testing.junitplatform.JUnitPlatformTestClassProcessor.stop(JUnitPlatformTestClassProcessor.java:85)
	at org.gradle.api.internal.tasks.testing.SuiteTestClassProcessor.stop(SuiteTestClassProcessor.java:62)
	at java.base@11.0.19/jdk.internal.reflect.NativeMethodAccessorImpl.invoke0(Native Method)
	at java.base@11.0.19/jdk.internal.reflect.NativeMethodAccessorImpl.invoke(NativeMethodAccessorImpl.java:62)
	at java.base@11.0.19/jdk.internal.reflect.DelegatingMethodAccessorImpl.invoke(DelegatingMethodAccessorImpl.java:43)
	at java.base@11.0.19/java.lang.reflect.Method.invoke(Method.java:566)
	at org.gradle.internal.dispatch.ReflectionDispatch.dispatch(ReflectionDispatch.java:36)
	at org.gradle.internal.dispatch.ReflectionDispatch.dispatch(ReflectionDispatch.java:24)
	at org.gradle.internal.dispatch.ContextClassLoaderDispatch.dispatch(ContextClassLoaderDispatch.java:33)
	at org.gradle.internal.dispatch.ProxyDispatchAdapter$DispatchingInvocationHandler.invoke(ProxyDispatchAdapter.java:94)
	at com.sun.proxy.$Proxy5.stop(Unknown Source)
	at org.gradle.api.internal.tasks.testing.worker.TestWorker$3.run(TestWorker.java:193)
	at org.gradle.api.internal.tasks.testing.worker.TestWorker.executeAndMaintainThreadName(TestWorker.java:129)
	at org.gradle.api.internal.tasks.testing.worker.TestWorker.execute(TestWorker.java:100)
	at org.gradle.api.internal.tasks.testing.worker.TestWorker.execute(TestWorker.java:60)
	at org.gradle.process.internal.worker.child.ActionExecutionWorker.execute(ActionExecutionWorker.java:56)
	at org.gradle.process.internal.worker.child.SystemApplicationClassLoaderWorker.call(SystemApplicationClassLoaderWorker.java:113)
	at org.gradle.process.internal.worker.child.SystemApplicationClassLoaderWorker.call(SystemApplicationClassLoaderWorker.java:65)
	at app//worker.org.gradle.process.internal.worker.GradleWorkerMain.run(GradleWorkerMain.java:69)
	at app//worker.org.gradle.process.internal.worker.GradleWorkerMain.main(GradleWorkerMain.java:74)
Caused by: java.lang.NullPointerException
	at de.uka.ilkd.key.nparser.builder.DefaultBuilder.visitKeyjavatype(DefaultBuilder.java:360)
	at de.uka.ilkd.key.nparser.builder.DefaultBuilder.visitKeyjavatype(DefaultBuilder.java:35)
	at de.uka.ilkd.key.nparser.KeYParser$KeyjavatypeContext.accept(KeYParser.java:1859)
	at de.uka.ilkd.key.nparser.builder.AbstractBuilder.accept(AbstractBuilder.java:48)
	... 170 more
</failure>
  </testcase>
  <system-out><![CDATA[]]></system-out>
  <system-err><![CDATA[28219      DEBUG Test worker     d.u.i.k.n.ParsingFacade   PARSING file:/D:/a/key/key/key.core/build/resources/main/de/uka/ilkd/key/proof/rules/ldt.key took 0 ms 
28235      DEBUG Test worker     d.u.i.k.n.ParsingFacade   PARSING file:/D:/a/key/key/key.core/build/resources/main/de/uka/ilkd/key/proof/rules/charListHeader.key took 0 ms 
28235      DEBUG Test worker     d.u.i.k.n.ParsingFacade   PARSING file:/D:/a/key/key/key.core/build/resources/main/de/uka/ilkd/key/proof/rules/wellfound.key took 0 ms 
28235      DEBUG Test worker     d.u.i.k.n.ParsingFacade   PARSING file:/D:/a/key/key/key.core/build/resources/main/de/uka/ilkd/key/proof/rules/freeADT.key took 0 ms 
28235      DEBUG Test worker     d.u.i.k.n.ParsingFacade   PARSING file:/D:/a/key/key/key.core/build/resources/main/de/uka/ilkd/key/proof/rules/map.key took 0 ms 
28235      DEBUG Test worker     d.u.i.k.n.ParsingFacade   PARSING file:/D:/a/key/key/key.core/build/resources/main/de/uka/ilkd/key/proof/rules/seq.key took 0 ms 
28235      DEBUG Test worker     d.u.i.k.n.ParsingFacade   PARSING file:/D:/a/key/key/key.core/build/resources/main/de/uka/ilkd/key/proof/rules/reach.key took 0 ms 
28250      DEBUG Test worker     d.u.i.k.n.ParsingFacade   PARSING file:/D:/a/key/key/key.core/build/resources/main/de/uka/ilkd/key/proof/rules/permission.key took 15 ms 
28250      DEBUG Test worker     d.u.i.k.n.ParsingFacade   PARSING file:/D:/a/key/key/key.core/build/resources/main/de/uka/ilkd/key/proof/rules/locSets.key took 0 ms 
28250      DEBUG Test worker     d.u.i.k.n.ParsingFacade   PARSING file:/D:/a/key/key/key.core/build/resources/main/de/uka/ilkd/key/proof/rules/heap.key took 0 ms 
28250      DEBUG Test worker     d.u.i.k.n.ParsingFacade   PARSING file:/D:/a/key/key/key.core/build/resources/main/de/uka/ilkd/key/proof/rules/floatHeader.key took 0 ms 
28250      DEBUG Test worker     d.u.i.k.n.ParsingFacade   PARSING file:/D:/a/key/key/key.core/build/resources/main/de/uka/ilkd/key/proof/rules/integerHeader.key took 0 ms 
28266      DEBUG Test worker     d.u.i.k.n.ParsingFacade   PARSING file:/D:/a/key/key/key.core/build/resources/main/de/uka/ilkd/key/proof/rules/ruleSetsDeclarations.key took 16 ms 
28266      DEBUG Test worker     d.u.i.k.n.ParsingFacade   PARSING file:/D:/a/key/key/key.core/build/resources/main/de/uka/ilkd/key/proof/rules/boolean.key took 0 ms 
28266      INFO  Test worker     d.u.i.k.n.KeyIO           Parsing took 47 ms 
28266      DEBUG Test worker     d.u.i.k.n.KeyIO           Load declarations of de.uka.ilkd.key.nparser.KeyAst$File:  file:/D:/a/key/key/key.core/build/resources/main/de/uka/ilkd/key/proof/rules/boolean.key:1#1 
28266      DEBUG Test worker     d.u.i.k.n.KeyIO           Load declarations of de.uka.ilkd.key.nparser.KeyAst$File:  file:/D:/a/key/key/key.core/build/resources/main/de/uka/ilkd/key/proof/rules/ruleSetsDeclarations.key:5#1 
28266      DEBUG Test worker     d.u.i.k.n.KeyIO           Load declarations of de.uka.ilkd.key.nparser.KeyAst$File:  file:/D:/a/key/key/key.core/build/resources/main/de/uka/ilkd/key/proof/rules/integerHeader.key:1#1 
28266      DEBUG Test worker     d.u.i.k.n.KeyIO           Load declarations of de.uka.ilkd.key.nparser.KeyAst$File:  file:/D:/a/key/key/key.core/build/resources/main/de/uka/ilkd/key/proof/rules/floatHeader.key:14#1 
28266      DEBUG Test worker     d.u.i.k.n.KeyIO           Load declarations of de.uka.ilkd.key.nparser.KeyAst$File:  file:/D:/a/key/key/key.core/build/resources/main/de/uka/ilkd/key/proof/rules/heap.key:4#1 
28266      ERROR Test worker     d.u.i.k.n.b.AbstractBuilder  java.lang.NullPointerException: null
	at de.uka.ilkd.key.nparser.builder.DefaultBuilder.visitKeyjavatype(DefaultBuilder.java:360)

28266      DEBUG Test worker     d.u.i.k.n.ParsingFacade   PARSING file:/D:/a/key/key/key.core/build/resources/main/de/uka/ilkd/key/proof/rules/ldt.key took 0 ms 
28282      DEBUG Test worker     d.u.i.k.n.ParsingFacade   PARSING file:/D:/a/key/key/key.core/build/resources/main/de/uka/ilkd/key/proof/rules/charListHeader.key took 16 ms 
28282      DEBUG Test worker     d.u.i.k.n.ParsingFacade   PARSING file:/D:/a/key/key/key.core/build/resources/main/de/uka/ilkd/key/proof/rules/wellfound.key took 0 ms 
28282      DEBUG Test worker     d.u.i.k.n.ParsingFacade   PARSING file:/D:/a/key/key/key.core/build/resources/main/de/uka/ilkd/key/proof/rules/freeADT.key took 0 ms 
28282      DEBUG Test worker     d.u.i.k.n.ParsingFacade   PARSING file:/D:/a/key/key/key.core/build/resources/main/de/uka/ilkd/key/proof/rules/map.key took 0 ms 
28282      DEBUG Test worker     d.u.i.k.n.ParsingFacade   PARSING file:/D:/a/key/key/key.core/build/resources/main/de/uka/ilkd/key/proof/rules/seq.key took 0 ms 
28282      DEBUG Test worker     d.u.i.k.n.ParsingFacade   PARSING file:/D:/a/key/key/key.core/build/resources/main/de/uka/ilkd/key/proof/rules/reach.key took 0 ms 
28282      DEBUG Test worker     d.u.i.k.n.ParsingFacade   PARSING file:/D:/a/key/key/key.core/build/resources/main/de/uka/ilkd/key/proof/rules/permission.key took 0 ms 
28282      DEBUG Test worker     d.u.i.k.n.ParsingFacade   PARSING file:/D:/a/key/key/key.core/build/resources/main/de/uka/ilkd/key/proof/rules/locSets.key took 0 ms 
28297      DEBUG Test worker     d.u.i.k.n.ParsingFacade   PARSING file:/D:/a/key/key/key.core/build/resources/main/de/uka/ilkd/key/proof/rules/heap.key took 15 ms 
28297      DEBUG Test worker     d.u.i.k.n.ParsingFacade   PARSING file:/D:/a/key/key/key.core/build/resources/main/de/uka/ilkd/key/proof/rules/floatHeader.key took 0 ms 
28297      DEBUG Test worker     d.u.i.k.n.ParsingFacade   PARSING file:/D:/a/key/key/key.core/build/resources/main/de/uka/ilkd/key/proof/rules/integerHeader.key took 0 ms 
28313      DEBUG Test worker     d.u.i.k.n.ParsingFacade   PARSING file:/D:/a/key/key/key.core/build/resources/main/de/uka/ilkd/key/proof/rules/ruleSetsDeclarations.key took 16 ms 
28313      DEBUG Test worker     d.u.i.k.n.ParsingFacade   PARSING file:/D:/a/key/key/key.core/build/resources/main/de/uka/ilkd/key/proof/rules/boolean.key took 0 ms 
28313      INFO  Test worker     d.u.i.k.n.KeyIO           Parsing took 47 ms 
28313      DEBUG Test worker     d.u.i.k.n.KeyIO           Load declarations of de.uka.ilkd.key.nparser.KeyAst$File:  file:/D:/a/key/key/key.core/build/resources/main/de/uka/ilkd/key/proof/rules/boolean.key:1#1 
28313      DEBUG Test worker     d.u.i.k.n.KeyIO           Load declarations of de.uka.ilkd.key.nparser.KeyAst$File:  file:/D:/a/key/key/key.core/build/resources/main/de/uka/ilkd/key/proof/rules/ruleSetsDeclarations.key:5#1 
28313      DEBUG Test worker     d.u.i.k.n.KeyIO           Load declarations of de.uka.ilkd.key.nparser.KeyAst$File:  file:/D:/a/key/key/key.core/build/resources/main/de/uka/ilkd/key/proof/rules/integerHeader.key:1#1 
28313      DEBUG Test worker     d.u.i.k.n.KeyIO           Load declarations of de.uka.ilkd.key.nparser.KeyAst$File:  file:/D:/a/key/key/key.core/build/resources/main/de/uka/ilkd/key/proof/rules/floatHeader.key:14#1 
28313      DEBUG Test worker     d.u.i.k.n.KeyIO           Load declarations of de.uka.ilkd.key.nparser.KeyAst$File:  file:/D:/a/key/key/key.core/build/resources/main/de/uka/ilkd/key/proof/rules/heap.key:4#1 
28313      ERROR Test worker     d.u.i.k.n.b.AbstractBuilder  java.lang.NullPointerException: null
	at de.uka.ilkd.key.nparser.builder.DefaultBuilder.visitKeyjavatype(DefaultBuilder.java:360)

28329      DEBUG Test worker     d.u.i.k.n.ParsingFacade   PARSING file:/D:/a/key/key/key.core/build/resources/main/de/uka/ilkd/key/proof/rules/ldt.key took 0 ms 
28329      DEBUG Test worker     d.u.i.k.n.ParsingFacade   PARSING file:/D:/a/key/key/key.core/build/resources/main/de/uka/ilkd/key/proof/rules/charListHeader.key took 0 ms 
28329      DEBUG Test worker     d.u.i.k.n.ParsingFacade   PARSING file:/D:/a/key/key/key.core/build/resources/main/de/uka/ilkd/key/proof/rules/wellfound.key took 0 ms 
28329      DEBUG Test worker     d.u.i.k.n.ParsingFacade   PARSING file:/D:/a/key/key/key.core/build/resources/main/de/uka/ilkd/key/proof/rules/freeADT.key took 0 ms 
28329      DEBUG Test worker     d.u.i.k.n.ParsingFacade   PARSING file:/D:/a/key/key/key.core/build/resources/main/de/uka/ilkd/key/proof/rules/map.key took 0 ms 
28344      DEBUG Test worker     d.u.i.k.n.ParsingFacade   PARSING file:/D:/a/key/key/key.core/build/resources/main/de/uka/ilkd/key/proof/rules/seq.key took 15 ms 
28344      DEBUG Test worker     d.u.i.k.n.ParsingFacade   PARSING file:/D:/a/key/key/key.core/build/resources/main/de/uka/ilkd/key/proof/rules/reach.key took 0 ms 
28344      DEBUG Test worker     d.u.i.k.n.ParsingFacade   PARSING file:/D:/a/key/key/key.core/build/resources/main/de/uka/ilkd/key/proof/rules/permission.key took 0 ms 
28344      DEBUG Test worker     d.u.i.k.n.ParsingFacade   PARSING file:/D:/a/key/key/key.core/build/resources/main/de/uka/ilkd/key/proof/rules/locSets.key took 0 ms 
28344      DEBUG Test worker     d.u.i.k.n.ParsingFacade   PARSING file:/D:/a/key/key/key.core/build/resources/main/de/uka/ilkd/key/proof/rules/heap.key took 0 ms 
28344      DEBUG Test worker     d.u.i.k.n.ParsingFacade   PARSING file:/D:/a/key/key/key.core/build/resources/main/de/uka/ilkd/key/proof/rules/floatHeader.key took 0 ms 
28344      DEBUG Test worker     d.u.i.k.n.ParsingFacade   PARSING file:/D:/a/key/key/key.core/build/resources/main/de/uka/ilkd/key/proof/rules/integerHeader.key took 0 ms 
28360      DEBUG Test worker     d.u.i.k.n.ParsingFacade   PARSING file:/D:/a/key/key/key.core/build/resources/main/de/uka/ilkd/key/proof/rules/ruleSetsDeclarations.key took 16 ms 
28360      DEBUG Test worker     d.u.i.k.n.ParsingFacade   PARSING file:/D:/a/key/key/key.core/build/resources/main/de/uka/ilkd/key/proof/rules/boolean.key took 0 ms 
28360      INFO  Test worker     d.u.i.k.n.KeyIO           Parsing took 31 ms 
28360      DEBUG Test worker     d.u.i.k.n.KeyIO           Load declarations of de.uka.ilkd.key.nparser.KeyAst$File:  file:/D:/a/key/key/key.core/build/resources/main/de/uka/ilkd/key/proof/rules/boolean.key:1#1 
28360      DEBUG Test worker     d.u.i.k.n.KeyIO           Load declarations of de.uka.ilkd.key.nparser.KeyAst$File:  file:/D:/a/key/key/key.core/build/resources/main/de/uka/ilkd/key/proof/rules/ruleSetsDeclarations.key:5#1 
28360      DEBUG Test worker     d.u.i.k.n.KeyIO           Load declarations of de.uka.ilkd.key.nparser.KeyAst$File:  file:/D:/a/key/key/key.core/build/resources/main/de/uka/ilkd/key/proof/rules/integerHeader.key:1#1 
28360      DEBUG Test worker     d.u.i.k.n.KeyIO           Load declarations of de.uka.ilkd.key.nparser.KeyAst$File:  file:/D:/a/key/key/key.core/build/resources/main/de/uka/ilkd/key/proof/rules/floatHeader.key:14#1 
28360      DEBUG Test worker     d.u.i.k.n.KeyIO           Load declarations of de.uka.ilkd.key.nparser.KeyAst$File:  file:/D:/a/key/key/key.core/build/resources/main/de/uka/ilkd/key/proof/rules/heap.key:4#1 
28375      ERROR Test worker     d.u.i.k.n.b.AbstractBuilder  java.lang.NullPointerException: null
	at de.uka.ilkd.key.nparser.builder.DefaultBuilder.visitKeyjavatype(DefaultBuilder.java:360)

28375      DEBUG Test worker     d.u.i.k.n.ParsingFacade   PARSING file:/D:/a/key/key/key.core/build/resources/main/de/uka/ilkd/key/proof/rules/ldt.key took 0 ms 
28375      DEBUG Test worker     d.u.i.k.n.ParsingFacade   PARSING file:/D:/a/key/key/key.core/build/resources/main/de/uka/ilkd/key/proof/rules/charListHeader.key took 0 ms 
28375      DEBUG Test worker     d.u.i.k.n.ParsingFacade   PARSING file:/D:/a/key/key/key.core/build/resources/main/de/uka/ilkd/key/proof/rules/wellfound.key took 0 ms 
28375      DEBUG Test worker     d.u.i.k.n.ParsingFacade   PARSING file:/D:/a/key/key/key.core/build/resources/main/de/uka/ilkd/key/proof/rules/freeADT.key took 0 ms 
28391      DEBUG Test worker     d.u.i.k.n.ParsingFacade   PARSING file:/D:/a/key/key/key.core/build/resources/main/de/uka/ilkd/key/proof/rules/map.key took 16 ms 
28391      DEBUG Test worker     d.u.i.k.n.ParsingFacade   PARSING file:/D:/a/key/key/key.core/build/resources/main/de/uka/ilkd/key/proof/rules/seq.key took 0 ms 
28391      DEBUG Test worker     d.u.i.k.n.ParsingFacade   PARSING file:/D:/a/key/key/key.core/build/resources/main/de/uka/ilkd/key/proof/rules/reach.key took 0 ms 
28391      DEBUG Test worker     d.u.i.k.n.ParsingFacade   PARSING file:/D:/a/key/key/key.core/build/resources/main/de/uka/ilkd/key/proof/rules/permission.key took 0 ms 
28391      DEBUG Test worker     d.u.i.k.n.ParsingFacade   PARSING file:/D:/a/key/key/key.core/build/resources/main/de/uka/ilkd/key/proof/rules/locSets.key took 0 ms 
28391      DEBUG Test worker     d.u.i.k.n.ParsingFacade   PARSING file:/D:/a/key/key/key.core/build/resources/main/de/uka/ilkd/key/proof/rules/heap.key took 0 ms 
28391      DEBUG Test worker     d.u.i.k.n.ParsingFacade   PARSING file:/D:/a/key/key/key.core/build/resources/main/de/uka/ilkd/key/proof/rules/floatHeader.key took 0 ms 
28391      DEBUG Test worker     d.u.i.k.n.ParsingFacade   PARSING file:/D:/a/key/key/key.core/build/resources/main/de/uka/ilkd/key/proof/rules/integerHeader.key took 0 ms 
28407      DEBUG Test worker     d.u.i.k.n.ParsingFacade   PARSING file:/D:/a/key/key/key.core/build/resources/main/de/uka/ilkd/key/proof/rules/ruleSetsDeclarations.key took 16 ms 
28407      DEBUG Test worker     d.u.i.k.n.ParsingFacade   PARSING file:/D:/a/key/key/key.core/build/resources/main/de/uka/ilkd/key/proof/rules/boolean.key took 0 ms 
28407      INFO  Test worker     d.u.i.k.n.KeyIO           Parsing took 32 ms 
28407      DEBUG Test worker     d.u.i.k.n.KeyIO           Load declarations of de.uka.ilkd.key.nparser.KeyAst$File:  file:/D:/a/key/key/key.core/build/resources/main/de/uka/ilkd/key/proof/rules/boolean.key:1#1 
28407      DEBUG Test worker     d.u.i.k.n.KeyIO           Load declarations of de.uka.ilkd.key.nparser.KeyAst$File:  file:/D:/a/key/key/key.core/build/resources/main/de/uka/ilkd/key/proof/rules/ruleSetsDeclarations.key:5#1 
28407      DEBUG Test worker     d.u.i.k.n.KeyIO           Load declarations of de.uka.ilkd.key.nparser.KeyAst$File:  file:/D:/a/key/key/key.core/build/resources/main/de/uka/ilkd/key/proof/rules/integerHeader.key:1#1 
28407      DEBUG Test worker     d.u.i.k.n.KeyIO           Load declarations of de.uka.ilkd.key.nparser.KeyAst$File:  file:/D:/a/key/key/key.core/build/resources/main/de/uka/ilkd/key/proof/rules/floatHeader.key:14#1 
28407      DEBUG Test worker     d.u.i.k.n.KeyIO           Load declarations of de.uka.ilkd.key.nparser.KeyAst$File:  file:/D:/a/key/key/key.core/build/resources/main/de/uka/ilkd/key/proof/rules/heap.key:4#1 
28407      ERROR Test worker     d.u.i.k.n.b.AbstractBuilder  java.lang.NullPointerException: null
	at de.uka.ilkd.key.nparser.builder.DefaultBuilder.visitKeyjavatype(DefaultBuilder.java:360)

28422      DEBUG Test worker     d.u.i.k.n.ParsingFacade   PARSING file:/D:/a/key/key/key.core/build/resources/main/de/uka/ilkd/key/proof/rules/ldt.key took 0 ms 
28422      DEBUG Test worker     d.u.i.k.n.ParsingFacade   PARSING file:/D:/a/key/key/key.core/build/resources/main/de/uka/ilkd/key/proof/rules/charListHeader.key took 0 ms 
28422      DEBUG Test worker     d.u.i.k.n.ParsingFacade   PARSING file:/D:/a/key/key/key.core/build/resources/main/de/uka/ilkd/key/proof/rules/wellfound.key took 0 ms 
28422      DEBUG Test worker     d.u.i.k.n.ParsingFacade   PARSING file:/D:/a/key/key/key.core/build/resources/main/de/uka/ilkd/key/proof/rules/freeADT.key took 0 ms 
28438      DEBUG Test worker     d.u.i.k.n.ParsingFacade   PARSING file:/D:/a/key/key/key.core/build/resources/main/de/uka/ilkd/key/proof/rules/map.key took 16 ms 
28438      DEBUG Test worker     d.u.i.k.n.ParsingFacade   PARSING file:/D:/a/key/key/key.core/build/resources/main/de/uka/ilkd/key/proof/rules/seq.key took 0 ms 
28438      DEBUG Test worker     d.u.i.k.n.ParsingFacade   PARSING file:/D:/a/key/key/key.core/build/resources/main/de/uka/ilkd/key/proof/rules/reach.key took 0 ms 
28438      DEBUG Test worker     d.u.i.k.n.ParsingFacade   PARSING file:/D:/a/key/key/key.core/build/resources/main/de/uka/ilkd/key/proof/rules/permission.key took 0 ms 
28438      DEBUG Test worker     d.u.i.k.n.ParsingFacade   PARSING file:/D:/a/key/key/key.core/build/resources/main/de/uka/ilkd/key/proof/rules/locSets.key took 0 ms 
28438      DEBUG Test worker     d.u.i.k.n.ParsingFacade   PARSING file:/D:/a/key/key/key.core/build/resources/main/de/uka/ilkd/key/proof/rules/heap.key took 0 ms 
28438      DEBUG Test worker     d.u.i.k.n.ParsingFacade   PARSING file:/D:/a/key/key/key.core/build/resources/main/de/uka/ilkd/key/proof/rules/floatHeader.key took 0 ms 
28438      DEBUG Test worker     d.u.i.k.n.ParsingFacade   PARSING file:/D:/a/key/key/key.core/build/resources/main/de/uka/ilkd/key/proof/rules/integerHeader.key took 0 ms 
28454      DEBUG Test worker     d.u.i.k.n.ParsingFacade   PARSING file:/D:/a/key/key/key.core/build/resources/main/de/uka/ilkd/key/proof/rules/ruleSetsDeclarations.key took 16 ms 
28454      DEBUG Test worker     d.u.i.k.n.ParsingFacade   PARSING file:/D:/a/key/key/key.core/build/resources/main/de/uka/ilkd/key/proof/rules/boolean.key took 0 ms 
28454      INFO  Test worker     d.u.i.k.n.KeyIO           Parsing took 32 ms 
28469      DEBUG Test worker     d.u.i.k.n.KeyIO           Load declarations of de.uka.ilkd.key.nparser.KeyAst$File:  file:/D:/a/key/key/key.core/build/resources/main/de/uka/ilkd/key/proof/rules/boolean.key:1#1 
28469      DEBUG Test worker     d.u.i.k.n.KeyIO           Load declarations of de.uka.ilkd.key.nparser.KeyAst$File:  file:/D:/a/key/key/key.core/build/resources/main/de/uka/ilkd/key/proof/rules/ruleSetsDeclarations.key:5#1 
28469      DEBUG Test worker     d.u.i.k.n.KeyIO           Load declarations of de.uka.ilkd.key.nparser.KeyAst$File:  file:/D:/a/key/key/key.core/build/resources/main/de/uka/ilkd/key/proof/rules/integerHeader.key:1#1 
28469      DEBUG Test worker     d.u.i.k.n.KeyIO           Load declarations of de.uka.ilkd.key.nparser.KeyAst$File:  file:/D:/a/key/key/key.core/build/resources/main/de/uka/ilkd/key/proof/rules/floatHeader.key:14#1 
28469      DEBUG Test worker     d.u.i.k.n.KeyIO           Load declarations of de.uka.ilkd.key.nparser.KeyAst$File:  file:/D:/a/key/key/key.core/build/resources/main/de/uka/ilkd/key/proof/rules/heap.key:4#1 
28469      ERROR Test worker     d.u.i.k.n.b.AbstractBuilder  java.lang.NullPointerException: null
	at de.uka.ilkd.key.nparser.builder.DefaultBuilder.visitKeyjavatype(DefaultBuilder.java:360)

28485      DEBUG Test worker     d.u.i.k.n.ParsingFacade   PARSING file:/D:/a/key/key/key.core/build/resources/main/de/uka/ilkd/key/proof/rules/ldt.key took 0 ms 
28500      DEBUG Test worker     d.u.i.k.n.ParsingFacade   PARSING file:/D:/a/key/key/key.core/build/resources/main/de/uka/ilkd/key/proof/rules/charListHeader.key took 0 ms 
28500      DEBUG Test worker     d.u.i.k.n.ParsingFacade   PARSING file:/D:/a/key/key/key.core/build/resources/main/de/uka/ilkd/key/proof/rules/wellfound.key took 0 ms 
28500      DEBUG Test worker     d.u.i.k.n.ParsingFacade   PARSING file:/D:/a/key/key/key.core/build/resources/main/de/uka/ilkd/key/proof/rules/freeADT.key took 0 ms 
28500      DEBUG Test worker     d.u.i.k.n.ParsingFacade   PARSING file:/D:/a/key/key/key.core/build/resources/main/de/uka/ilkd/key/proof/rules/map.key took 0 ms 
28500      DEBUG Test worker     d.u.i.k.n.ParsingFacade   PARSING file:/D:/a/key/key/key.core/build/resources/main/de/uka/ilkd/key/proof/rules/seq.key took 0 ms 
28500      DEBUG Test worker     d.u.i.k.n.ParsingFacade   PARSING file:/D:/a/key/key/key.core/build/resources/main/de/uka/ilkd/key/proof/rules/reach.key took 0 ms 
28516      DEBUG Test worker     d.u.i.k.n.ParsingFacade   PARSING file:/D:/a/key/key/key.core/build/resources/main/de/uka/ilkd/key/proof/rules/permission.key took 16 ms 
28516      DEBUG Test worker     d.u.i.k.n.ParsingFacade   PARSING file:/D:/a/key/key/key.core/build/resources/main/de/uka/ilkd/key/proof/rules/locSets.key took 0 ms 
28516      DEBUG Test worker     d.u.i.k.n.ParsingFacade   PARSING file:/D:/a/key/key/key.core/build/resources/main/de/uka/ilkd/key/proof/rules/heap.key took 0 ms 
28516      DEBUG Test worker     d.u.i.k.n.ParsingFacade   PARSING file:/D:/a/key/key/key.core/build/resources/main/de/uka/ilkd/key/proof/rules/floatHeader.key took 0 ms 
28516      DEBUG Test worker     d.u.i.k.n.ParsingFacade   PARSING file:/D:/a/key/key/key.core/build/resources/main/de/uka/ilkd/key/proof/rules/integerHeader.key took 0 ms 
28532      DEBUG Test worker     d.u.i.k.n.ParsingFacade   PARSING file:/D:/a/key/key/key.core/build/resources/main/de/uka/ilkd/key/proof/rules/ruleSetsDeclarations.key took 16 ms 
28532      DEBUG Test worker     d.u.i.k.n.ParsingFacade   PARSING file:/D:/a/key/key/key.core/build/resources/main/de/uka/ilkd/key/proof/rules/boolean.key took 0 ms 
28532      INFO  Test worker     d.u.i.k.n.KeyIO           Parsing took 47 ms 
28532      DEBUG Test worker     d.u.i.k.n.KeyIO           Load declarations of de.uka.ilkd.key.nparser.KeyAst$File:  file:/D:/a/key/key/key.core/build/resources/main/de/uka/ilkd/key/proof/rules/boolean.key:1#1 
28532      DEBUG Test worker     d.u.i.k.n.KeyIO           Load declarations of de.uka.ilkd.key.nparser.KeyAst$File:  file:/D:/a/key/key/key.core/build/resources/main/de/uka/ilkd/key/proof/rules/ruleSetsDeclarations.key:5#1 
28532      DEBUG Test worker     d.u.i.k.n.KeyIO           Load declarations of de.uka.ilkd.key.nparser.KeyAst$File:  file:/D:/a/key/key/key.core/build/resources/main/de/uka/ilkd/key/proof/rules/integerHeader.key:1#1 
28532      DEBUG Test worker     d.u.i.k.n.KeyIO           Load declarations of de.uka.ilkd.key.nparser.KeyAst$File:  file:/D:/a/key/key/key.core/build/resources/main/de/uka/ilkd/key/proof/rules/floatHeader.key:14#1 
28532      DEBUG Test worker     d.u.i.k.n.KeyIO           Load declarations of de.uka.ilkd.key.nparser.KeyAst$File:  file:/D:/a/key/key/key.core/build/resources/main/de/uka/ilkd/key/proof/rules/heap.key:4#1 
28532      ERROR Test worker     d.u.i.k.n.b.AbstractBuilder  java.lang.NullPointerException: null
	at de.uka.ilkd.key.nparser.builder.DefaultBuilder.visitKeyjavatype(DefaultBuilder.java:360)

28532      DEBUG Test worker     d.u.i.k.n.ParsingFacade   PARSING file:/D:/a/key/key/key.core/build/resources/main/de/uka/ilkd/key/proof/rules/ldt.key took 0 ms 
28547      DEBUG Test worker     d.u.i.k.n.ParsingFacade   PARSING file:/D:/a/key/key/key.core/build/resources/main/de/uka/ilkd/key/proof/rules/charListHeader.key took 0 ms 
28547      DEBUG Test worker     d.u.i.k.n.ParsingFacade   PARSING file:/D:/a/key/key/key.core/build/resources/main/de/uka/ilkd/key/proof/rules/wellfound.key took 0 ms 
28547      DEBUG Test worker     d.u.i.k.n.ParsingFacade   PARSING file:/D:/a/key/key/key.core/build/resources/main/de/uka/ilkd/key/proof/rules/freeADT.key took 0 ms 
28547      DEBUG Test worker     d.u.i.k.n.ParsingFacade   PARSING file:/D:/a/key/key/key.core/build/resources/main/de/uka/ilkd/key/proof/rules/map.key took 0 ms 
28547      DEBUG Test worker     d.u.i.k.n.ParsingFacade   PARSING file:/D:/a/key/key/key.core/build/resources/main/de/uka/ilkd/key/proof/rules/seq.key took 0 ms 
28547      DEBUG Test worker     d.u.i.k.n.ParsingFacade   PARSING file:/D:/a/key/key/key.core/build/resources/main/de/uka/ilkd/key/proof/rules/reach.key took 0 ms 
28547      DEBUG Test worker     d.u.i.k.n.ParsingFacade   PARSING file:/D:/a/key/key/key.core/build/resources/main/de/uka/ilkd/key/proof/rules/permission.key took 0 ms 
28563      DEBUG Test worker     d.u.i.k.n.ParsingFacade   PARSING file:/D:/a/key/key/key.core/build/resources/main/de/uka/ilkd/key/proof/rules/locSets.key took 16 ms 
28563      DEBUG Test worker     d.u.i.k.n.ParsingFacade   PARSING file:/D:/a/key/key/key.core/build/resources/main/de/uka/ilkd/key/proof/rules/heap.key took 0 ms 
28563      DEBUG Test worker     d.u.i.k.n.ParsingFacade   PARSING file:/D:/a/key/key/key.core/build/resources/main/de/uka/ilkd/key/proof/rules/floatHeader.key took 0 ms 
28563      DEBUG Test worker     d.u.i.k.n.ParsingFacade   PARSING file:/D:/a/key/key/key.core/build/resources/main/de/uka/ilkd/key/proof/rules/integerHeader.key took 0 ms 
28579      DEBUG Test worker     d.u.i.k.n.ParsingFacade   PARSING file:/D:/a/key/key/key.core/build/resources/main/de/uka/ilkd/key/proof/rules/ruleSetsDeclarations.key took 16 ms 
28579      DEBUG Test worker     d.u.i.k.n.ParsingFacade   PARSING file:/D:/a/key/key/key.core/build/resources/main/de/uka/ilkd/key/proof/rules/boolean.key took 0 ms 
28579      INFO  Test worker     d.u.i.k.n.KeyIO           Parsing took 47 ms 
28579      DEBUG Test worker     d.u.i.k.n.KeyIO           Load declarations of de.uka.ilkd.key.nparser.KeyAst$File:  file:/D:/a/key/key/key.core/build/resources/main/de/uka/ilkd/key/proof/rules/boolean.key:1#1 
28579      DEBUG Test worker     d.u.i.k.n.KeyIO           Load declarations of de.uka.ilkd.key.nparser.KeyAst$File:  file:/D:/a/key/key/key.core/build/resources/main/de/uka/ilkd/key/proof/rules/ruleSetsDeclarations.key:5#1 
28579      DEBUG Test worker     d.u.i.k.n.KeyIO           Load declarations of de.uka.ilkd.key.nparser.KeyAst$File:  file:/D:/a/key/key/key.core/build/resources/main/de/uka/ilkd/key/proof/rules/integerHeader.key:1#1 
28579      DEBUG Test worker     d.u.i.k.n.KeyIO           Load declarations of de.uka.ilkd.key.nparser.KeyAst$File:  file:/D:/a/key/key/key.core/build/resources/main/de/uka/ilkd/key/proof/rules/floatHeader.key:14#1 
28579      DEBUG Test worker     d.u.i.k.n.KeyIO           Load declarations of de.uka.ilkd.key.nparser.KeyAst$File:  file:/D:/a/key/key/key.core/build/resources/main/de/uka/ilkd/key/proof/rules/heap.key:4#1 
28579      ERROR Test worker     d.u.i.k.n.b.AbstractBuilder  java.lang.NullPointerException: null
	at de.uka.ilkd.key.nparser.builder.DefaultBuilder.visitKeyjavatype(DefaultBuilder.java:360)

28594      DEBUG Test worker     d.u.i.k.n.ParsingFacade   PARSING file:/D:/a/key/key/key.core/build/resources/main/de/uka/ilkd/key/proof/rules/ldt.key took 15 ms 
28594      DEBUG Test worker     d.u.i.k.n.ParsingFacade   PARSING file:/D:/a/key/key/key.core/build/resources/main/de/uka/ilkd/key/proof/rules/charListHeader.key took 0 ms 
28594      DEBUG Test worker     d.u.i.k.n.ParsingFacade   PARSING file:/D:/a/key/key/key.core/build/resources/main/de/uka/ilkd/key/proof/rules/wellfound.key took 0 ms 
28594      DEBUG Test worker     d.u.i.k.n.ParsingFacade   PARSING file:/D:/a/key/key/key.core/build/resources/main/de/uka/ilkd/key/proof/rules/freeADT.key took 0 ms 
28610      DEBUG Test worker     d.u.i.k.n.ParsingFacade   PARSING file:/D:/a/key/key/key.core/build/resources/main/de/uka/ilkd/key/proof/rules/map.key took 16 ms 
28610      DEBUG Test worker     d.u.i.k.n.ParsingFacade   PARSING file:/D:/a/key/key/key.core/build/resources/main/de/uka/ilkd/key/proof/rules/seq.key took 0 ms 
28610      DEBUG Test worker     d.u.i.k.n.ParsingFacade   PARSING file:/D:/a/key/key/key.core/build/resources/main/de/uka/ilkd/key/proof/rules/reach.key took 0 ms 
28610      DEBUG Test worker     d.u.i.k.n.ParsingFacade   PARSING file:/D:/a/key/key/key.core/build/resources/main/de/uka/ilkd/key/proof/rules/permission.key took 0 ms 
28610      DEBUG Test worker     d.u.i.k.n.ParsingFacade   PARSING file:/D:/a/key/key/key.core/build/resources/main/de/uka/ilkd/key/proof/rules/locSets.key took 0 ms 
28610      DEBUG Test worker     d.u.i.k.n.ParsingFacade   PARSING file:/D:/a/key/key/key.core/build/resources/main/de/uka/ilkd/key/proof/rules/heap.key took 0 ms 
28625      DEBUG Test worker     d.u.i.k.n.ParsingFacade   PARSING file:/D:/a/key/key/key.core/build/resources/main/de/uka/ilkd/key/proof/rules/floatHeader.key took 15 ms 
28625      DEBUG Test worker     d.u.i.k.n.ParsingFacade   PARSING file:/D:/a/key/key/key.core/build/resources/main/de/uka/ilkd/key/proof/rules/integerHeader.key took 0 ms 
28641      DEBUG Test worker     d.u.i.k.n.ParsingFacade   PARSING file:/D:/a/key/key/key.core/build/resources/main/de/uka/ilkd/key/proof/rules/ruleSetsDeclarations.key took 16 ms 
28641      DEBUG Test worker     d.u.i.k.n.ParsingFacade   PARSING file:/D:/a/key/key/key.core/build/resources/main/de/uka/ilkd/key/proof/rules/boolean.key took 0 ms 
28641      INFO  Test worker     d.u.i.k.n.KeyIO           Parsing took 62 ms 
28641      DEBUG Test worker     d.u.i.k.n.KeyIO           Load declarations of de.uka.ilkd.key.nparser.KeyAst$File:  file:/D:/a/key/key/key.core/build/resources/main/de/uka/ilkd/key/proof/rules/boolean.key:1#1 
28641      DEBUG Test worker     d.u.i.k.n.KeyIO           Load declarations of de.uka.ilkd.key.nparser.KeyAst$File:  file:/D:/a/key/key/key.core/build/resources/main/de/uka/ilkd/key/proof/rules/ruleSetsDeclarations.key:5#1 
28641      DEBUG Test worker     d.u.i.k.n.KeyIO           Load declarations of de.uka.ilkd.key.nparser.KeyAst$File:  file:/D:/a/key/key/key.core/build/resources/main/de/uka/ilkd/key/proof/rules/integerHeader.key:1#1 
28641      DEBUG Test worker     d.u.i.k.n.KeyIO           Load declarations of de.uka.ilkd.key.nparser.KeyAst$File:  file:/D:/a/key/key/key.core/build/resources/main/de/uka/ilkd/key/proof/rules/floatHeader.key:14#1 
28641      DEBUG Test worker     d.u.i.k.n.KeyIO           Load declarations of de.uka.ilkd.key.nparser.KeyAst$File:  file:/D:/a/key/key/key.core/build/resources/main/de/uka/ilkd/key/proof/rules/heap.key:4#1 
28641      ERROR Test worker     d.u.i.k.n.b.AbstractBuilder  java.lang.NullPointerException: null
	at de.uka.ilkd.key.nparser.builder.DefaultBuilder.visitKeyjavatype(DefaultBuilder.java:360)

28641      DEBUG Test worker     d.u.i.k.n.ParsingFacade   PARSING file:/D:/a/key/key/key.core/build/resources/main/de/uka/ilkd/key/proof/rules/ldt.key took 0 ms 
28672      DEBUG Test worker     d.u.i.k.n.ParsingFacade   PARSING file:/D:/a/key/key/key.core/build/resources/main/de/uka/ilkd/key/proof/rules/charListHeader.key took 31 ms 
28672      DEBUG Test worker     d.u.i.k.n.ParsingFacade   PARSING file:/D:/a/key/key/key.core/build/resources/main/de/uka/ilkd/key/proof/rules/wellfound.key took 0 ms 
28672      DEBUG Test worker     d.u.i.k.n.ParsingFacade   PARSING file:/D:/a/key/key/key.core/build/resources/main/de/uka/ilkd/key/proof/rules/freeADT.key took 0 ms 
28688      DEBUG Test worker     d.u.i.k.n.ParsingFacade   PARSING file:/D:/a/key/key/key.core/build/resources/main/de/uka/ilkd/key/proof/rules/map.key took 16 ms 
28688      DEBUG Test worker     d.u.i.k.n.ParsingFacade   PARSING file:/D:/a/key/key/key.core/build/resources/main/de/uka/ilkd/key/proof/rules/seq.key took 0 ms 
28688      DEBUG Test worker     d.u.i.k.n.ParsingFacade   PARSING file:/D:/a/key/key/key.core/build/resources/main/de/uka/ilkd/key/proof/rules/reach.key took 0 ms 
28688      DEBUG Test worker     d.u.i.k.n.ParsingFacade   PARSING file:/D:/a/key/key/key.core/build/resources/main/de/uka/ilkd/key/proof/rules/permission.key took 0 ms 
28688      DEBUG Test worker     d.u.i.k.n.ParsingFacade   PARSING file:/D:/a/key/key/key.core/build/resources/main/de/uka/ilkd/key/proof/rules/locSets.key took 0 ms 
28688      DEBUG Test worker     d.u.i.k.n.ParsingFacade   PARSING file:/D:/a/key/key/key.core/build/resources/main/de/uka/ilkd/key/proof/rules/heap.key took 0 ms 
28688      DEBUG Test worker     d.u.i.k.n.ParsingFacade   PARSING file:/D:/a/key/key/key.core/build/resources/main/de/uka/ilkd/key/proof/rules/floatHeader.key took 0 ms 
28688      DEBUG Test worker     d.u.i.k.n.ParsingFacade   PARSING file:/D:/a/key/key/key.core/build/resources/main/de/uka/ilkd/key/proof/rules/integerHeader.key took 0 ms 
28688      DEBUG Test worker     d.u.i.k.n.ParsingFacade   PARSING file:/D:/a/key/key/key.core/build/resources/main/de/uka/ilkd/key/proof/rules/ruleSetsDeclarations.key took 0 ms 
28688      DEBUG Test worker     d.u.i.k.n.ParsingFacade   PARSING file:/D:/a/key/key/key.core/build/resources/main/de/uka/ilkd/key/proof/rules/boolean.key took 0 ms 
28688      INFO  Test worker     d.u.i.k.n.KeyIO           Parsing took 47 ms 
28688      DEBUG Test worker     d.u.i.k.n.KeyIO           Load declarations of de.uka.ilkd.key.nparser.KeyAst$File:  file:/D:/a/key/key/key.core/build/resources/main/de/uka/ilkd/key/proof/rules/boolean.key:1#1 
28688      DEBUG Test worker     d.u.i.k.n.KeyIO           Load declarations of de.uka.ilkd.key.nparser.KeyAst$File:  file:/D:/a/key/key/key.core/build/resources/main/de/uka/ilkd/key/proof/rules/ruleSetsDeclarations.key:5#1 
28688      DEBUG Test worker     d.u.i.k.n.KeyIO           Load declarations of de.uka.ilkd.key.nparser.KeyAst$File:  file:/D:/a/key/key/key.core/build/resources/main/de/uka/ilkd/key/proof/rules/integerHeader.key:1#1 
28688      DEBUG Test worker     d.u.i.k.n.KeyIO           Load declarations of de.uka.ilkd.key.nparser.KeyAst$File:  file:/D:/a/key/key/key.core/build/resources/main/de/uka/ilkd/key/proof/rules/floatHeader.key:14#1 
28688      DEBUG Test worker     d.u.i.k.n.KeyIO           Load declarations of de.uka.ilkd.key.nparser.KeyAst$File:  file:/D:/a/key/key/key.core/build/resources/main/de/uka/ilkd/key/proof/rules/heap.key:4#1 
28688      ERROR Test worker     d.u.i.k.n.b.AbstractBuilder  java.lang.NullPointerException: null
	at de.uka.ilkd.key.nparser.builder.DefaultBuilder.visitKeyjavatype(DefaultBuilder.java:360)

28688      DEBUG Test worker     d.u.i.k.n.ParsingFacade   PARSING file:/D:/a/key/key/key.core/build/resources/main/de/uka/ilkd/key/proof/rules/ldt.key took 0 ms 
28688      DEBUG Test worker     d.u.i.k.n.ParsingFacade   PARSING file:/D:/a/key/key/key.core/build/resources/main/de/uka/ilkd/key/proof/rules/charListHeader.key took 0 ms 
28704      DEBUG Test worker     d.u.i.k.n.ParsingFacade   PARSING file:/D:/a/key/key/key.core/build/resources/main/de/uka/ilkd/key/proof/rules/wellfound.key took 16 ms 
28704      DEBUG Test worker     d.u.i.k.n.ParsingFacade   PARSING file:/D:/a/key/key/key.core/build/resources/main/de/uka/ilkd/key/proof/rules/freeADT.key took 0 ms 
28704      DEBUG Test worker     d.u.i.k.n.ParsingFacade   PARSING file:/D:/a/key/key/key.core/build/resources/main/de/uka/ilkd/key/proof/rules/map.key took 0 ms 
28704      DEBUG Test worker     d.u.i.k.n.ParsingFacade   PARSING file:/D:/a/key/key/key.core/build/resources/main/de/uka/ilkd/key/proof/rules/seq.key took 0 ms 
28704      DEBUG Test worker     d.u.i.k.n.ParsingFacade   PARSING file:/D:/a/key/key/key.core/build/resources/main/de/uka/ilkd/key/proof/rules/reach.key took 0 ms 
28704      DEBUG Test worker     d.u.i.k.n.ParsingFacade   PARSING file:/D:/a/key/key/key.core/build/resources/main/de/uka/ilkd/key/proof/rules/permission.key took 0 ms 
28704      DEBUG Test worker     d.u.i.k.n.ParsingFacade   PARSING file:/D:/a/key/key/key.core/build/resources/main/de/uka/ilkd/key/proof/rules/locSets.key took 0 ms 
28704      DEBUG Test worker     d.u.i.k.n.ParsingFacade   PARSING file:/D:/a/key/key/key.core/build/resources/main/de/uka/ilkd/key/proof/rules/heap.key took 0 ms 
28704      DEBUG Test worker     d.u.i.k.n.ParsingFacade   PARSING file:/D:/a/key/key/key.core/build/resources/main/de/uka/ilkd/key/proof/rules/floatHeader.key took 0 ms 
28704      DEBUG Test worker     d.u.i.k.n.ParsingFacade   PARSING file:/D:/a/key/key/key.core/build/resources/main/de/uka/ilkd/key/proof/rules/integerHeader.key took 0 ms 
28704      DEBUG Test worker     d.u.i.k.n.ParsingFacade   PARSING file:/D:/a/key/key/key.core/build/resources/main/de/uka/ilkd/key/proof/rules/ruleSetsDeclarations.key took 0 ms 
28704      DEBUG Test worker     d.u.i.k.n.ParsingFacade   PARSING file:/D:/a/key/key/key.core/build/resources/main/de/uka/ilkd/key/proof/rules/boolean.key took 0 ms 
28704      INFO  Test worker     d.u.i.k.n.KeyIO           Parsing took 16 ms 
28704      DEBUG Test worker     d.u.i.k.n.KeyIO           Load declarations of de.uka.ilkd.key.nparser.KeyAst$File:  file:/D:/a/key/key/key.core/build/resources/main/de/uka/ilkd/key/proof/rules/boolean.key:1#1 
28704      DEBUG Test worker     d.u.i.k.n.KeyIO           Load declarations of de.uka.ilkd.key.nparser.KeyAst$File:  file:/D:/a/key/key/key.core/build/resources/main/de/uka/ilkd/key/proof/rules/ruleSetsDeclarations.key:5#1 
28704      DEBUG Test worker     d.u.i.k.n.KeyIO           Load declarations of de.uka.ilkd.key.nparser.KeyAst$File:  file:/D:/a/key/key/key.core/build/resources/main/de/uka/ilkd/key/proof/rules/integerHeader.key:1#1 
28704      DEBUG Test worker     d.u.i.k.n.KeyIO           Load declarations of de.uka.ilkd.key.nparser.KeyAst$File:  file:/D:/a/key/key/key.core/build/resources/main/de/uka/ilkd/key/proof/rules/floatHeader.key:14#1 
28704      DEBUG Test worker     d.u.i.k.n.KeyIO           Load declarations of de.uka.ilkd.key.nparser.KeyAst$File:  file:/D:/a/key/key/key.core/build/resources/main/de/uka/ilkd/key/proof/rules/heap.key:4#1 
28704      ERROR Test worker     d.u.i.k.n.b.AbstractBuilder  java.lang.NullPointerException: null
	at de.uka.ilkd.key.nparser.builder.DefaultBuilder.visitKeyjavatype(DefaultBuilder.java:360)

28719      DEBUG Test worker     d.u.i.k.n.ParsingFacade   PARSING file:/D:/a/key/key/key.core/build/resources/main/de/uka/ilkd/key/proof/rules/ldt.key took 0 ms 
28719      DEBUG Test worker     d.u.i.k.n.ParsingFacade   PARSING file:/D:/a/key/key/key.core/build/resources/main/de/uka/ilkd/key/proof/rules/charListHeader.key took 0 ms 
28719      DEBUG Test worker     d.u.i.k.n.ParsingFacade   PARSING file:/D:/a/key/key/key.core/build/resources/main/de/uka/ilkd/key/proof/rules/wellfound.key took 0 ms 
28719      DEBUG Test worker     d.u.i.k.n.ParsingFacade   PARSING file:/D:/a/key/key/key.core/build/resources/main/de/uka/ilkd/key/proof/rules/freeADT.key took 0 ms 
28719      DEBUG Test worker     d.u.i.k.n.ParsingFacade   PARSING file:/D:/a/key/key/key.core/build/resources/main/de/uka/ilkd/key/proof/rules/map.key took 0 ms 
28719      DEBUG Test worker     d.u.i.k.n.ParsingFacade   PARSING file:/D:/a/key/key/key.core/build/resources/main/de/uka/ilkd/key/proof/rules/seq.key took 0 ms 
28719      DEBUG Test worker     d.u.i.k.n.ParsingFacade   PARSING file:/D:/a/key/key/key.core/build/resources/main/de/uka/ilkd/key/proof/rules/reach.key took 0 ms 
28719      DEBUG Test worker     d.u.i.k.n.ParsingFacade   PARSING file:/D:/a/key/key/key.core/build/resources/main/de/uka/ilkd/key/proof/rules/permission.key took 0 ms 
28719      DEBUG Test worker     d.u.i.k.n.ParsingFacade   PARSING file:/D:/a/key/key/key.core/build/resources/main/de/uka/ilkd/key/proof/rules/locSets.key took 0 ms 
28719      DEBUG Test worker     d.u.i.k.n.ParsingFacade   PARSING file:/D:/a/key/key/key.core/build/resources/main/de/uka/ilkd/key/proof/rules/heap.key took 0 ms 
28719      DEBUG Test worker     d.u.i.k.n.ParsingFacade   PARSING file:/D:/a/key/key/key.core/build/resources/main/de/uka/ilkd/key/proof/rules/floatHeader.key took 0 ms 
28719      DEBUG Test worker     d.u.i.k.n.ParsingFacade   PARSING file:/D:/a/key/key/key.core/build/resources/main/de/uka/ilkd/key/proof/rules/integerHeader.key took 0 ms 
28735      DEBUG Test worker     d.u.i.k.n.ParsingFacade   PARSING file:/D:/a/key/key/key.core/build/resources/main/de/uka/ilkd/key/proof/rules/ruleSetsDeclarations.key took 16 ms 
28735      DEBUG Test worker     d.u.i.k.n.ParsingFacade   PARSING file:/D:/a/key/key/key.core/build/resources/main/de/uka/ilkd/key/proof/rules/boolean.key took 0 ms 
28735      INFO  Test worker     d.u.i.k.n.KeyIO           Parsing took 16 ms 
28735      DEBUG Test worker     d.u.i.k.n.KeyIO           Load declarations of de.uka.ilkd.key.nparser.KeyAst$File:  file:/D:/a/key/key/key.core/build/resources/main/de/uka/ilkd/key/proof/rules/boolean.key:1#1 
28735      DEBUG Test worker     d.u.i.k.n.KeyIO           Load declarations of de.uka.ilkd.key.nparser.KeyAst$File:  file:/D:/a/key/key/key.core/build/resources/main/de/uka/ilkd/key/proof/rules/ruleSetsDeclarations.key:5#1 
28735      DEBUG Test worker     d.u.i.k.n.KeyIO           Load declarations of de.uka.ilkd.key.nparser.KeyAst$File:  file:/D:/a/key/key/key.core/build/resources/main/de/uka/ilkd/key/proof/rules/integerHeader.key:1#1 
28735      DEBUG Test worker     d.u.i.k.n.KeyIO           Load declarations of de.uka.ilkd.key.nparser.KeyAst$File:  file:/D:/a/key/key/key.core/build/resources/main/de/uka/ilkd/key/proof/rules/floatHeader.key:14#1 
28735      DEBUG Test worker     d.u.i.k.n.KeyIO           Load declarations of de.uka.ilkd.key.nparser.KeyAst$File:  file:/D:/a/key/key/key.core/build/resources/main/de/uka/ilkd/key/proof/rules/heap.key:4#1 
28735      ERROR Test worker     d.u.i.k.n.b.AbstractBuilder  java.lang.NullPointerException: null
	at de.uka.ilkd.key.nparser.builder.DefaultBuilder.visitKeyjavatype(DefaultBuilder.java:360)

28735      DEBUG Test worker     d.u.i.k.n.ParsingFacade   PARSING file:/D:/a/key/key/key.core/build/resources/main/de/uka/ilkd/key/proof/rules/ldt.key took 0 ms 
28735      DEBUG Test worker     d.u.i.k.n.ParsingFacade   PARSING file:/D:/a/key/key/key.core/build/resources/main/de/uka/ilkd/key/proof/rules/charListHeader.key took 0 ms 
28735      DEBUG Test worker     d.u.i.k.n.ParsingFacade   PARSING file:/D:/a/key/key/key.core/build/resources/main/de/uka/ilkd/key/proof/rules/wellfound.key took 0 ms 
28735      DEBUG Test worker     d.u.i.k.n.ParsingFacade   PARSING file:/D:/a/key/key/key.core/build/resources/main/de/uka/ilkd/key/proof/rules/freeADT.key took 0 ms 
28735      DEBUG Test worker     d.u.i.k.n.ParsingFacade   PARSING file:/D:/a/key/key/key.core/build/resources/main/de/uka/ilkd/key/proof/rules/map.key took 0 ms 
28735      DEBUG Test worker     d.u.i.k.n.ParsingFacade   PARSING file:/D:/a/key/key/key.core/build/resources/main/de/uka/ilkd/key/proof/rules/seq.key took 0 ms 
28735      DEBUG Test worker     d.u.i.k.n.ParsingFacade   PARSING file:/D:/a/key/key/key.core/build/resources/main/de/uka/ilkd/key/proof/rules/reach.key took 0 ms 
28735      DEBUG Test worker     d.u.i.k.n.ParsingFacade   PARSING file:/D:/a/key/key/key.core/build/resources/main/de/uka/ilkd/key/proof/rules/permission.key took 0 ms 
28735      DEBUG Test worker     d.u.i.k.n.ParsingFacade   PARSING file:/D:/a/key/key/key.core/build/resources/main/de/uka/ilkd/key/proof/rules/locSets.key took 0 ms 
28735      DEBUG Test worker     d.u.i.k.n.ParsingFacade   PARSING file:/D:/a/key/key/key.core/build/resources/main/de/uka/ilkd/key/proof/rules/heap.key took 0 ms 
28735      DEBUG Test worker     d.u.i.k.n.ParsingFacade   PARSING file:/D:/a/key/key/key.core/build/resources/main/de/uka/ilkd/key/proof/rules/floatHeader.key took 0 ms 
28750      DEBUG Test worker     d.u.i.k.n.ParsingFacade   PARSING file:/D:/a/key/key/key.core/build/resources/main/de/uka/ilkd/key/proof/rules/integerHeader.key took 15 ms 
28750      DEBUG Test worker     d.u.i.k.n.ParsingFacade   PARSING file:/D:/a/key/key/key.core/build/resources/main/de/uka/ilkd/key/proof/rules/ruleSetsDeclarations.key took 0 ms 
28750      DEBUG Test worker     d.u.i.k.n.ParsingFacade   PARSING file:/D:/a/key/key/key.core/build/resources/main/de/uka/ilkd/key/proof/rules/boolean.key took 0 ms 
28750      INFO  Test worker     d.u.i.k.n.KeyIO           Parsing took 15 ms 
28750      DEBUG Test worker     d.u.i.k.n.KeyIO           Load declarations of de.uka.ilkd.key.nparser.KeyAst$File:  file:/D:/a/key/key/key.core/build/resources/main/de/uka/ilkd/key/proof/rules/boolean.key:1#1 
28750      DEBUG Test worker     d.u.i.k.n.KeyIO           Load declarations of de.uka.ilkd.key.nparser.KeyAst$File:  file:/D:/a/key/key/key.core/build/resources/main/de/uka/ilkd/key/proof/rules/ruleSetsDeclarations.key:5#1 
28750      DEBUG Test worker     d.u.i.k.n.KeyIO           Load declarations of de.uka.ilkd.key.nparser.KeyAst$File:  file:/D:/a/key/key/key.core/build/resources/main/de/uka/ilkd/key/proof/rules/integerHeader.key:1#1 
28750      DEBUG Test worker     d.u.i.k.n.KeyIO           Load declarations of de.uka.ilkd.key.nparser.KeyAst$File:  file:/D:/a/key/key/key.core/build/resources/main/de/uka/ilkd/key/proof/rules/floatHeader.key:14#1 
28750      DEBUG Test worker     d.u.i.k.n.KeyIO           Load declarations of de.uka.ilkd.key.nparser.KeyAst$File:  file:/D:/a/key/key/key.core/build/resources/main/de/uka/ilkd/key/proof/rules/heap.key:4#1 
28750      ERROR Test worker     d.u.i.k.n.b.AbstractBuilder  java.lang.NullPointerException: null
	at de.uka.ilkd.key.nparser.builder.DefaultBuilder.visitKeyjavatype(DefaultBuilder.java:360)

28750      DEBUG Test worker     d.u.i.k.n.ParsingFacade   PARSING file:/D:/a/key/key/key.core/build/resources/main/de/uka/ilkd/key/proof/rules/ldt.key took 0 ms 
28750      DEBUG Test worker     d.u.i.k.n.ParsingFacade   PARSING file:/D:/a/key/key/key.core/build/resources/main/de/uka/ilkd/key/proof/rules/charListHeader.key took 0 ms 
28750      DEBUG Test worker     d.u.i.k.n.ParsingFacade   PARSING file:/D:/a/key/key/key.core/build/resources/main/de/uka/ilkd/key/proof/rules/wellfound.key took 0 ms 
28750      DEBUG Test worker     d.u.i.k.n.ParsingFacade   PARSING file:/D:/a/key/key/key.core/build/resources/main/de/uka/ilkd/key/proof/rules/freeADT.key took 0 ms 
28750      DEBUG Test worker     d.u.i.k.n.ParsingFacade   PARSING file:/D:/a/key/key/key.core/build/resources/main/de/uka/ilkd/key/proof/rules/map.key took 0 ms 
28750      DEBUG Test worker     d.u.i.k.n.ParsingFacade   PARSING file:/D:/a/key/key/key.core/build/resources/main/de/uka/ilkd/key/proof/rules/seq.key took 0 ms 
28750      DEBUG Test worker     d.u.i.k.n.ParsingFacade   PARSING file:/D:/a/key/key/key.core/build/resources/main/de/uka/ilkd/key/proof/rules/reach.key took 0 ms 
28750      DEBUG Test worker     d.u.i.k.n.ParsingFacade   PARSING file:/D:/a/key/key/key.core/build/resources/main/de/uka/ilkd/key/proof/rules/permission.key took 0 ms 
28750      DEBUG Test worker     d.u.i.k.n.ParsingFacade   PARSING file:/D:/a/key/key/key.core/build/resources/main/de/uka/ilkd/key/proof/rules/locSets.key took 0 ms 
28750      DEBUG Test worker     d.u.i.k.n.ParsingFacade   PARSING file:/D:/a/key/key/key.core/build/resources/main/de/uka/ilkd/key/proof/rules/heap.key took 0 ms 
28750      DEBUG Test worker     d.u.i.k.n.ParsingFacade   PARSING file:/D:/a/key/key/key.core/build/resources/main/de/uka/ilkd/key/proof/rules/floatHeader.key took 0 ms 
28766      DEBUG Test worker     d.u.i.k.n.ParsingFacade   PARSING file:/D:/a/key/key/key.core/build/resources/main/de/uka/ilkd/key/proof/rules/integerHeader.key took 16 ms 
28766      DEBUG Test worker     d.u.i.k.n.ParsingFacade   PARSING file:/D:/a/key/key/key.core/build/resources/main/de/uka/ilkd/key/proof/rules/ruleSetsDeclarations.key took 0 ms 
28766      DEBUG Test worker     d.u.i.k.n.ParsingFacade   PARSING file:/D:/a/key/key/key.core/build/resources/main/de/uka/ilkd/key/proof/rules/boolean.key took 0 ms 
28766      INFO  Test worker     d.u.i.k.n.KeyIO           Parsing took 16 ms 
28766      DEBUG Test worker     d.u.i.k.n.KeyIO           Load declarations of de.uka.ilkd.key.nparser.KeyAst$File:  file:/D:/a/key/key/key.core/build/resources/main/de/uka/ilkd/key/proof/rules/boolean.key:1#1 
28766      DEBUG Test worker     d.u.i.k.n.KeyIO           Load declarations of de.uka.ilkd.key.nparser.KeyAst$File:  file:/D:/a/key/key/key.core/build/resources/main/de/uka/ilkd/key/proof/rules/ruleSetsDeclarations.key:5#1 
28766      DEBUG Test worker     d.u.i.k.n.KeyIO           Load declarations of de.uka.ilkd.key.nparser.KeyAst$File:  file:/D:/a/key/key/key.core/build/resources/main/de/uka/ilkd/key/proof/rules/integerHeader.key:1#1 
28766      DEBUG Test worker     d.u.i.k.n.KeyIO           Load declarations of de.uka.ilkd.key.nparser.KeyAst$File:  file:/D:/a/key/key/key.core/build/resources/main/de/uka/ilkd/key/proof/rules/floatHeader.key:14#1 
28766      DEBUG Test worker     d.u.i.k.n.KeyIO           Load declarations of de.uka.ilkd.key.nparser.KeyAst$File:  file:/D:/a/key/key/key.core/build/resources/main/de/uka/ilkd/key/proof/rules/heap.key:4#1 
28766      ERROR Test worker     d.u.i.k.n.b.AbstractBuilder  java.lang.NullPointerException: null
	at de.uka.ilkd.key.nparser.builder.DefaultBuilder.visitKeyjavatype(DefaultBuilder.java:360)

28766      DEBUG Test worker     d.u.i.k.n.ParsingFacade   PARSING file:/D:/a/key/key/key.core/build/resources/main/de/uka/ilkd/key/proof/rules/ldt.key took 0 ms 
28766      DEBUG Test worker     d.u.i.k.n.ParsingFacade   PARSING file:/D:/a/key/key/key.core/build/resources/main/de/uka/ilkd/key/proof/rules/charListHeader.key took 0 ms 
28766      DEBUG Test worker     d.u.i.k.n.ParsingFacade   PARSING file:/D:/a/key/key/key.core/build/resources/main/de/uka/ilkd/key/proof/rules/wellfound.key took 0 ms 
28766      DEBUG Test worker     d.u.i.k.n.ParsingFacade   PARSING file:/D:/a/key/key/key.core/build/resources/main/de/uka/ilkd/key/proof/rules/freeADT.key took 0 ms 
28766      DEBUG Test worker     d.u.i.k.n.ParsingFacade   PARSING file:/D:/a/key/key/key.core/build/resources/main/de/uka/ilkd/key/proof/rules/map.key took 0 ms 
28782      DEBUG Test worker     d.u.i.k.n.ParsingFacade   PARSING file:/D:/a/key/key/key.core/build/resources/main/de/uka/ilkd/key/proof/rules/seq.key took 0 ms 
28782      DEBUG Test worker     d.u.i.k.n.ParsingFacade   PARSING file:/D:/a/key/key/key.core/build/resources/main/de/uka/ilkd/key/proof/rules/reach.key took 0 ms 
28782      DEBUG Test worker     d.u.i.k.n.ParsingFacade   PARSING file:/D:/a/key/key/key.core/build/resources/main/de/uka/ilkd/key/proof/rules/permission.key took 0 ms 
28782      DEBUG Test worker     d.u.i.k.n.ParsingFacade   PARSING file:/D:/a/key/key/key.core/build/resources/main/de/uka/ilkd/key/proof/rules/locSets.key took 0 ms 
28782      DEBUG Test worker     d.u.i.k.n.ParsingFacade   PARSING file:/D:/a/key/key/key.core/build/resources/main/de/uka/ilkd/key/proof/rules/heap.key took 0 ms 
28782      DEBUG Test worker     d.u.i.k.n.ParsingFacade   PARSING file:/D:/a/key/key/key.core/build/resources/main/de/uka/ilkd/key/proof/rules/floatHeader.key took 0 ms 
28782      DEBUG Test worker     d.u.i.k.n.ParsingFacade   PARSING file:/D:/a/key/key/key.core/build/resources/main/de/uka/ilkd/key/proof/rules/integerHeader.key took 0 ms 
28782      DEBUG Test worker     d.u.i.k.n.ParsingFacade   PARSING file:/D:/a/key/key/key.core/build/resources/main/de/uka/ilkd/key/proof/rules/ruleSetsDeclarations.key took 0 ms 
28782      DEBUG Test worker     d.u.i.k.n.ParsingFacade   PARSING file:/D:/a/key/key/key.core/build/resources/main/de/uka/ilkd/key/proof/rules/boolean.key took 0 ms 
28782      INFO  Test worker     d.u.i.k.n.KeyIO           Parsing took 16 ms 
28782      DEBUG Test worker     d.u.i.k.n.KeyIO           Load declarations of de.uka.ilkd.key.nparser.KeyAst$File:  file:/D:/a/key/key/key.core/build/resources/main/de/uka/ilkd/key/proof/rules/boolean.key:1#1 
28782      DEBUG Test worker     d.u.i.k.n.KeyIO           Load declarations of de.uka.ilkd.key.nparser.KeyAst$File:  file:/D:/a/key/key/key.core/build/resources/main/de/uka/ilkd/key/proof/rules/ruleSetsDeclarations.key:5#1 
28782      DEBUG Test worker     d.u.i.k.n.KeyIO           Load declarations of de.uka.ilkd.key.nparser.KeyAst$File:  file:/D:/a/key/key/key.core/build/resources/main/de/uka/ilkd/key/proof/rules/integerHeader.key:1#1 
28782      DEBUG Test worker     d.u.i.k.n.KeyIO           Load declarations of de.uka.ilkd.key.nparser.KeyAst$File:  file:/D:/a/key/key/key.core/build/resources/main/de/uka/ilkd/key/proof/rules/floatHeader.key:14#1 
28782      DEBUG Test worker     d.u.i.k.n.KeyIO           Load declarations of de.uka.ilkd.key.nparser.KeyAst$File:  file:/D:/a/key/key/key.core/build/resources/main/de/uka/ilkd/key/proof/rules/heap.key:4#1 
28782      ERROR Test worker     d.u.i.k.n.b.AbstractBuilder  java.lang.NullPointerException: null
	at de.uka.ilkd.key.nparser.builder.DefaultBuilder.visitKeyjavatype(DefaultBuilder.java:360)

28782      DEBUG Test worker     d.u.i.k.n.ParsingFacade   PARSING file:/D:/a/key/key/key.core/build/resources/main/de/uka/ilkd/key/proof/rules/ldt.key took 0 ms 
28782      DEBUG Test worker     d.u.i.k.n.ParsingFacade   PARSING file:/D:/a/key/key/key.core/build/resources/main/de/uka/ilkd/key/proof/rules/charListHeader.key took 0 ms 
28782      DEBUG Test worker     d.u.i.k.n.ParsingFacade   PARSING file:/D:/a/key/key/key.core/build/resources/main/de/uka/ilkd/key/proof/rules/wellfound.key took 0 ms 
28782      DEBUG Test worker     d.u.i.k.n.ParsingFacade   PARSING file:/D:/a/key/key/key.core/build/resources/main/de/uka/ilkd/key/proof/rules/freeADT.key took 0 ms 
28797      DEBUG Test worker     d.u.i.k.n.ParsingFacade   PARSING file:/D:/a/key/key/key.core/build/resources/main/de/uka/ilkd/key/proof/rules/map.key took 15 ms 
28797      DEBUG Test worker     d.u.i.k.n.ParsingFacade   PARSING file:/D:/a/key/key/key.core/build/resources/main/de/uka/ilkd/key/proof/rules/seq.key took 0 ms 
28797      DEBUG Test worker     d.u.i.k.n.ParsingFacade   PARSING file:/D:/a/key/key/key.core/build/resources/main/de/uka/ilkd/key/proof/rules/reach.key took 0 ms 
28797      DEBUG Test worker     d.u.i.k.n.ParsingFacade   PARSING file:/D:/a/key/key/key.core/build/resources/main/de/uka/ilkd/key/proof/rules/permission.key took 0 ms 
28797      DEBUG Test worker     d.u.i.k.n.ParsingFacade   PARSING file:/D:/a/key/key/key.core/build/resources/main/de/uka/ilkd/key/proof/rules/locSets.key took 0 ms 
28797      DEBUG Test worker     d.u.i.k.n.ParsingFacade   PARSING file:/D:/a/key/key/key.core/build/resources/main/de/uka/ilkd/key/proof/rules/heap.key took 0 ms 
28797      DEBUG Test worker     d.u.i.k.n.ParsingFacade   PARSING file:/D:/a/key/key/key.core/build/resources/main/de/uka/ilkd/key/proof/rules/floatHeader.key took 0 ms 
28797      DEBUG Test worker     d.u.i.k.n.ParsingFacade   PARSING file:/D:/a/key/key/key.core/build/resources/main/de/uka/ilkd/key/proof/rules/integerHeader.key took 0 ms 
28797      DEBUG Test worker     d.u.i.k.n.ParsingFacade   PARSING file:/D:/a/key/key/key.core/build/resources/main/de/uka/ilkd/key/proof/rules/ruleSetsDeclarations.key took 0 ms 
28797      DEBUG Test worker     d.u.i.k.n.ParsingFacade   PARSING file:/D:/a/key/key/key.core/build/resources/main/de/uka/ilkd/key/proof/rules/boolean.key took 0 ms 
28797      INFO  Test worker     d.u.i.k.n.KeyIO           Parsing took 15 ms 
28797      DEBUG Test worker     d.u.i.k.n.KeyIO           Load declarations of de.uka.ilkd.key.nparser.KeyAst$File:  file:/D:/a/key/key/key.core/build/resources/main/de/uka/ilkd/key/proof/rules/boolean.key:1#1 
28797      DEBUG Test worker     d.u.i.k.n.KeyIO           Load declarations of de.uka.ilkd.key.nparser.KeyAst$File:  file:/D:/a/key/key/key.core/build/resources/main/de/uka/ilkd/key/proof/rules/ruleSetsDeclarations.key:5#1 
28797      DEBUG Test worker     d.u.i.k.n.KeyIO           Load declarations of de.uka.ilkd.key.nparser.KeyAst$File:  file:/D:/a/key/key/key.core/build/resources/main/de/uka/ilkd/key/proof/rules/integerHeader.key:1#1 
28797      DEBUG Test worker     d.u.i.k.n.KeyIO           Load declarations of de.uka.ilkd.key.nparser.KeyAst$File:  file:/D:/a/key/key/key.core/build/resources/main/de/uka/ilkd/key/proof/rules/floatHeader.key:14#1 
28797      DEBUG Test worker     d.u.i.k.n.KeyIO           Load declarations of de.uka.ilkd.key.nparser.KeyAst$File:  file:/D:/a/key/key/key.core/build/resources/main/de/uka/ilkd/key/proof/rules/heap.key:4#1 
28797      ERROR Test worker     d.u.i.k.n.b.AbstractBuilder  java.lang.NullPointerException: null
	at de.uka.ilkd.key.nparser.builder.DefaultBuilder.visitKeyjavatype(DefaultBuilder.java:360)

28813      DEBUG Test worker     d.u.i.k.n.ParsingFacade   PARSING file:/D:/a/key/key/key.core/build/resources/main/de/uka/ilkd/key/proof/rules/ldt.key took 0 ms 
28813      DEBUG Test worker     d.u.i.k.n.ParsingFacade   PARSING file:/D:/a/key/key/key.core/build/resources/main/de/uka/ilkd/key/proof/rules/charListHeader.key took 0 ms 
28813      DEBUG Test worker     d.u.i.k.n.ParsingFacade   PARSING file:/D:/a/key/key/key.core/build/resources/main/de/uka/ilkd/key/proof/rules/wellfound.key took 0 ms 
28813      DEBUG Test worker     d.u.i.k.n.ParsingFacade   PARSING file:/D:/a/key/key/key.core/build/resources/main/de/uka/ilkd/key/proof/rules/freeADT.key took 0 ms 
28813      DEBUG Test worker     d.u.i.k.n.ParsingFacade   PARSING file:/D:/a/key/key/key.core/build/resources/main/de/uka/ilkd/key/proof/rules/map.key took 0 ms 
28813      DEBUG Test worker     d.u.i.k.n.ParsingFacade   PARSING file:/D:/a/key/key/key.core/build/resources/main/de/uka/ilkd/key/proof/rules/seq.key took 0 ms 
28813      DEBUG Test worker     d.u.i.k.n.ParsingFacade   PARSING file:/D:/a/key/key/key.core/build/resources/main/de/uka/ilkd/key/proof/rules/reach.key took 0 ms 
28813      DEBUG Test worker     d.u.i.k.n.ParsingFacade   PARSING file:/D:/a/key/key/key.core/build/resources/main/de/uka/ilkd/key/proof/rules/permission.key took 0 ms 
28813      DEBUG Test worker     d.u.i.k.n.ParsingFacade   PARSING file:/D:/a/key/key/key.core/build/resources/main/de/uka/ilkd/key/proof/rules/locSets.key took 0 ms 
28813      DEBUG Test worker     d.u.i.k.n.ParsingFacade   PARSING file:/D:/a/key/key/key.core/build/resources/main/de/uka/ilkd/key/proof/rules/heap.key took 0 ms 
28813      DEBUG Test worker     d.u.i.k.n.ParsingFacade   PARSING file:/D:/a/key/key/key.core/build/resources/main/de/uka/ilkd/key/proof/rules/floatHeader.key took 0 ms 
28813      DEBUG Test worker     d.u.i.k.n.ParsingFacade   PARSING file:/D:/a/key/key/key.core/build/resources/main/de/uka/ilkd/key/proof/rules/integerHeader.key took 0 ms 
28829      DEBUG Test worker     d.u.i.k.n.ParsingFacade   PARSING file:/D:/a/key/key/key.core/build/resources/main/de/uka/ilkd/key/proof/rules/ruleSetsDeclarations.key took 16 ms 
28829      DEBUG Test worker     d.u.i.k.n.ParsingFacade   PARSING file:/D:/a/key/key/key.core/build/resources/main/de/uka/ilkd/key/proof/rules/boolean.key took 0 ms 
28829      INFO  Test worker     d.u.i.k.n.KeyIO           Parsing took 16 ms 
28829      DEBUG Test worker     d.u.i.k.n.KeyIO           Load declarations of de.uka.ilkd.key.nparser.KeyAst$File:  file:/D:/a/key/key/key.core/build/resources/main/de/uka/ilkd/key/proof/rules/boolean.key:1#1 
28829      DEBUG Test worker     d.u.i.k.n.KeyIO           Load declarations of de.uka.ilkd.key.nparser.KeyAst$File:  file:/D:/a/key/key/key.core/build/resources/main/de/uka/ilkd/key/proof/rules/ruleSetsDeclarations.key:5#1 
28829      DEBUG Test worker     d.u.i.k.n.KeyIO           Load declarations of de.uka.ilkd.key.nparser.KeyAst$File:  file:/D:/a/key/key/key.core/build/resources/main/de/uka/ilkd/key/proof/rules/integerHeader.key:1#1 
28829      DEBUG Test worker     d.u.i.k.n.KeyIO           Load declarations of de.uka.ilkd.key.nparser.KeyAst$File:  file:/D:/a/key/key/key.core/build/resources/main/de/uka/ilkd/key/proof/rules/floatHeader.key:14#1 
28829      DEBUG Test worker     d.u.i.k.n.KeyIO           Load declarations of de.uka.ilkd.key.nparser.KeyAst$File:  file:/D:/a/key/key/key.core/build/resources/main/de/uka/ilkd/key/proof/rules/heap.key:4#1 
28829      ERROR Test worker     d.u.i.k.n.b.AbstractBuilder  java.lang.NullPointerException: null
	at de.uka.ilkd.key.nparser.builder.DefaultBuilder.visitKeyjavatype(DefaultBuilder.java:360)

28829      DEBUG Test worker     d.u.i.k.n.ParsingFacade   PARSING file:/D:/a/key/key/key.core/build/resources/main/de/uka/ilkd/key/proof/rules/ldt.key took 0 ms 
28829      DEBUG Test worker     d.u.i.k.n.ParsingFacade   PARSING file:/D:/a/key/key/key.core/build/resources/main/de/uka/ilkd/key/proof/rules/charListHeader.key took 0 ms 
28829      DEBUG Test worker     d.u.i.k.n.ParsingFacade   PARSING file:/D:/a/key/key/key.core/build/resources/main/de/uka/ilkd/key/proof/rules/wellfound.key took 0 ms 
28829      DEBUG Test worker     d.u.i.k.n.ParsingFacade   PARSING file:/D:/a/key/key/key.core/build/resources/main/de/uka/ilkd/key/proof/rules/freeADT.key took 0 ms 
28829      DEBUG Test worker     d.u.i.k.n.ParsingFacade   PARSING file:/D:/a/key/key/key.core/build/resources/main/de/uka/ilkd/key/proof/rules/map.key took 0 ms 
28829      DEBUG Test worker     d.u.i.k.n.ParsingFacade   PARSING file:/D:/a/key/key/key.core/build/resources/main/de/uka/ilkd/key/proof/rules/seq.key took 0 ms 
28829      DEBUG Test worker     d.u.i.k.n.ParsingFacade   PARSING file:/D:/a/key/key/key.core/build/resources/main/de/uka/ilkd/key/proof/rules/reach.key took 0 ms 
28829      DEBUG Test worker     d.u.i.k.n.ParsingFacade   PARSING file:/D:/a/key/key/key.core/build/resources/main/de/uka/ilkd/key/proof/rules/permission.key took 0 ms 
28829      DEBUG Test worker     d.u.i.k.n.ParsingFacade   PARSING file:/D:/a/key/key/key.core/build/resources/main/de/uka/ilkd/key/proof/rules/locSets.key took 0 ms 
28829      DEBUG Test worker     d.u.i.k.n.ParsingFacade   PARSING file:/D:/a/key/key/key.core/build/resources/main/de/uka/ilkd/key/proof/rules/heap.key took 0 ms 
28829      DEBUG Test worker     d.u.i.k.n.ParsingFacade   PARSING file:/D:/a/key/key/key.core/build/resources/main/de/uka/ilkd/key/proof/rules/floatHeader.key took 0 ms 
28844      DEBUG Test worker     d.u.i.k.n.ParsingFacade   PARSING file:/D:/a/key/key/key.core/build/resources/main/de/uka/ilkd/key/proof/rules/integerHeader.key took 15 ms 
28844      DEBUG Test worker     d.u.i.k.n.ParsingFacade   PARSING file:/D:/a/key/key/key.core/build/resources/main/de/uka/ilkd/key/proof/rules/ruleSetsDeclarations.key took 0 ms 
28844      DEBUG Test worker     d.u.i.k.n.ParsingFacade   PARSING file:/D:/a/key/key/key.core/build/resources/main/de/uka/ilkd/key/proof/rules/boolean.key took 0 ms 
28844      INFO  Test worker     d.u.i.k.n.KeyIO           Parsing took 15 ms 
28844      DEBUG Test worker     d.u.i.k.n.KeyIO           Load declarations of de.uka.ilkd.key.nparser.KeyAst$File:  file:/D:/a/key/key/key.core/build/resources/main/de/uka/ilkd/key/proof/rules/boolean.key:1#1 
28844      DEBUG Test worker     d.u.i.k.n.KeyIO           Load declarations of de.uka.ilkd.key.nparser.KeyAst$File:  file:/D:/a/key/key/key.core/build/resources/main/de/uka/ilkd/key/proof/rules/ruleSetsDeclarations.key:5#1 
28844      DEBUG Test worker     d.u.i.k.n.KeyIO           Load declarations of de.uka.ilkd.key.nparser.KeyAst$File:  file:/D:/a/key/key/key.core/build/resources/main/de/uka/ilkd/key/proof/rules/integerHeader.key:1#1 
28844      DEBUG Test worker     d.u.i.k.n.KeyIO           Load declarations of de.uka.ilkd.key.nparser.KeyAst$File:  file:/D:/a/key/key/key.core/build/resources/main/de/uka/ilkd/key/proof/rules/floatHeader.key:14#1 
28844      DEBUG Test worker     d.u.i.k.n.KeyIO           Load declarations of de.uka.ilkd.key.nparser.KeyAst$File:  file:/D:/a/key/key/key.core/build/resources/main/de/uka/ilkd/key/proof/rules/heap.key:4#1 
28844      ERROR Test worker     d.u.i.k.n.b.AbstractBuilder  java.lang.NullPointerException: null
	at de.uka.ilkd.key.nparser.builder.DefaultBuilder.visitKeyjavatype(DefaultBuilder.java:360)

28844      DEBUG Test worker     d.u.i.k.n.ParsingFacade   PARSING file:/D:/a/key/key/key.core/build/resources/main/de/uka/ilkd/key/proof/rules/ldt.key took 0 ms 
28844      DEBUG Test worker     d.u.i.k.n.ParsingFacade   PARSING file:/D:/a/key/key/key.core/build/resources/main/de/uka/ilkd/key/proof/rules/charListHeader.key took 0 ms 
28844      DEBUG Test worker     d.u.i.k.n.ParsingFacade   PARSING file:/D:/a/key/key/key.core/build/resources/main/de/uka/ilkd/key/proof/rules/wellfound.key took 0 ms 
28844      DEBUG Test worker     d.u.i.k.n.ParsingFacade   PARSING file:/D:/a/key/key/key.core/build/resources/main/de/uka/ilkd/key/proof/rules/freeADT.key took 0 ms 
28844      DEBUG Test worker     d.u.i.k.n.ParsingFacade   PARSING file:/D:/a/key/key/key.core/build/resources/main/de/uka/ilkd/key/proof/rules/map.key took 0 ms 
28844      DEBUG Test worker     d.u.i.k.n.ParsingFacade   PARSING file:/D:/a/key/key/key.core/build/resources/main/de/uka/ilkd/key/proof/rules/seq.key took 0 ms 
28844      DEBUG Test worker     d.u.i.k.n.ParsingFacade   PARSING file:/D:/a/key/key/key.core/build/resources/main/de/uka/ilkd/key/proof/rules/reach.key took 0 ms 
28844      DEBUG Test worker     d.u.i.k.n.ParsingFacade   PARSING file:/D:/a/key/key/key.core/build/resources/main/de/uka/ilkd/key/proof/rules/permission.key took 0 ms 
28844      DEBUG Test worker     d.u.i.k.n.ParsingFacade   PARSING file:/D:/a/key/key/key.core/build/resources/main/de/uka/ilkd/key/proof/rules/locSets.key took 0 ms 
28860      DEBUG Test worker     d.u.i.k.n.ParsingFacade   PARSING file:/D:/a/key/key/key.core/build/resources/main/de/uka/ilkd/key/proof/rules/heap.key took 16 ms 
28860      DEBUG Test worker     d.u.i.k.n.ParsingFacade   PARSING file:/D:/a/key/key/key.core/build/resources/main/de/uka/ilkd/key/proof/rules/floatHeader.key took 0 ms 
28860      DEBUG Test worker     d.u.i.k.n.ParsingFacade   PARSING file:/D:/a/key/key/key.core/build/resources/main/de/uka/ilkd/key/proof/rules/integerHeader.key took 0 ms 
28860      DEBUG Test worker     d.u.i.k.n.ParsingFacade   PARSING file:/D:/a/key/key/key.core/build/resources/main/de/uka/ilkd/key/proof/rules/ruleSetsDeclarations.key took 0 ms 
28860      DEBUG Test worker     d.u.i.k.n.ParsingFacade   PARSING file:/D:/a/key/key/key.core/build/resources/main/de/uka/ilkd/key/proof/rules/boolean.key took 0 ms 
28860      INFO  Test worker     d.u.i.k.n.KeyIO           Parsing took 16 ms 
28860      DEBUG Test worker     d.u.i.k.n.KeyIO           Load declarations of de.uka.ilkd.key.nparser.KeyAst$File:  file:/D:/a/key/key/key.core/build/resources/main/de/uka/ilkd/key/proof/rules/boolean.key:1#1 
28860      DEBUG Test worker     d.u.i.k.n.KeyIO           Load declarations of de.uka.ilkd.key.nparser.KeyAst$File:  file:/D:/a/key/key/key.core/build/resources/main/de/uka/ilkd/key/proof/rules/ruleSetsDeclarations.key:5#1 
28860      DEBUG Test worker     d.u.i.k.n.KeyIO           Load declarations of de.uka.ilkd.key.nparser.KeyAst$File:  file:/D:/a/key/key/key.core/build/resources/main/de/uka/ilkd/key/proof/rules/integerHeader.key:1#1 
28860      DEBUG Test worker     d.u.i.k.n.KeyIO           Load declarations of de.uka.ilkd.key.nparser.KeyAst$File:  file:/D:/a/key/key/key.core/build/resources/main/de/uka/ilkd/key/proof/rules/floatHeader.key:14#1 
28860      DEBUG Test worker     d.u.i.k.n.KeyIO           Load declarations of de.uka.ilkd.key.nparser.KeyAst$File:  file:/D:/a/key/key/key.core/build/resources/main/de/uka/ilkd/key/proof/rules/heap.key:4#1 
28860      ERROR Test worker     d.u.i.k.n.b.AbstractBuilder  java.lang.NullPointerException: null
	at de.uka.ilkd.key.nparser.builder.DefaultBuilder.visitKeyjavatype(DefaultBuilder.java:360)

28860      DEBUG Test worker     d.u.i.k.n.ParsingFacade   PARSING file:/D:/a/key/key/key.core/build/resources/main/de/uka/ilkd/key/proof/rules/ldt.key took 0 ms 
28860      DEBUG Test worker     d.u.i.k.n.ParsingFacade   PARSING file:/D:/a/key/key/key.core/build/resources/main/de/uka/ilkd/key/proof/rules/charListHeader.key took 0 ms 
28860      DEBUG Test worker     d.u.i.k.n.ParsingFacade   PARSING file:/D:/a/key/key/key.core/build/resources/main/de/uka/ilkd/key/proof/rules/wellfound.key took 0 ms 
28860      DEBUG Test worker     d.u.i.k.n.ParsingFacade   PARSING file:/D:/a/key/key/key.core/build/resources/main/de/uka/ilkd/key/proof/rules/freeADT.key took 0 ms 
28875      DEBUG Test worker     d.u.i.k.n.ParsingFacade   PARSING file:/D:/a/key/key/key.core/build/resources/main/de/uka/ilkd/key/proof/rules/map.key took 15 ms 
28875      DEBUG Test worker     d.u.i.k.n.ParsingFacade   PARSING file:/D:/a/key/key/key.core/build/resources/main/de/uka/ilkd/key/proof/rules/seq.key took 0 ms 
28875      DEBUG Test worker     d.u.i.k.n.ParsingFacade   PARSING file:/D:/a/key/key/key.core/build/resources/main/de/uka/ilkd/key/proof/rules/reach.key took 0 ms 
28875      DEBUG Test worker     d.u.i.k.n.ParsingFacade   PARSING file:/D:/a/key/key/key.core/build/resources/main/de/uka/ilkd/key/proof/rules/permission.key took 0 ms 
28875      DEBUG Test worker     d.u.i.k.n.ParsingFacade   PARSING file:/D:/a/key/key/key.core/build/resources/main/de/uka/ilkd/key/proof/rules/locSets.key took 0 ms 
28875      DEBUG Test worker     d.u.i.k.n.ParsingFacade   PARSING file:/D:/a/key/key/key.core/build/resources/main/de/uka/ilkd/key/proof/rules/heap.key took 0 ms 
28875      DEBUG Test worker     d.u.i.k.n.ParsingFacade   PARSING file:/D:/a/key/key/key.core/build/resources/main/de/uka/ilkd/key/proof/rules/floatHeader.key took 0 ms 
28875      DEBUG Test worker     d.u.i.k.n.ParsingFacade   PARSING file:/D:/a/key/key/key.core/build/resources/main/de/uka/ilkd/key/proof/rules/integerHeader.key took 0 ms 
28875      DEBUG Test worker     d.u.i.k.n.ParsingFacade   PARSING file:/D:/a/key/key/key.core/build/resources/main/de/uka/ilkd/key/proof/rules/ruleSetsDeclarations.key took 0 ms 
28875      DEBUG Test worker     d.u.i.k.n.ParsingFacade   PARSING file:/D:/a/key/key/key.core/build/resources/main/de/uka/ilkd/key/proof/rules/boolean.key took 0 ms 
28875      INFO  Test worker     d.u.i.k.n.KeyIO           Parsing took 15 ms 
28875      DEBUG Test worker     d.u.i.k.n.KeyIO           Load declarations of de.uka.ilkd.key.nparser.KeyAst$File:  file:/D:/a/key/key/key.core/build/resources/main/de/uka/ilkd/key/proof/rules/boolean.key:1#1 
28875      DEBUG Test worker     d.u.i.k.n.KeyIO           Load declarations of de.uka.ilkd.key.nparser.KeyAst$File:  file:/D:/a/key/key/key.core/build/resources/main/de/uka/ilkd/key/proof/rules/ruleSetsDeclarations.key:5#1 
28875      DEBUG Test worker     d.u.i.k.n.KeyIO           Load declarations of de.uka.ilkd.key.nparser.KeyAst$File:  file:/D:/a/key/key/key.core/build/resources/main/de/uka/ilkd/key/proof/rules/integerHeader.key:1#1 
28875      DEBUG Test worker     d.u.i.k.n.KeyIO           Load declarations of de.uka.ilkd.key.nparser.KeyAst$File:  file:/D:/a/key/key/key.core/build/resources/main/de/uka/ilkd/key/proof/rules/floatHeader.key:14#1 
28875      DEBUG Test worker     d.u.i.k.n.KeyIO           Load declarations of de.uka.ilkd.key.nparser.KeyAst$File:  file:/D:/a/key/key/key.core/build/resources/main/de/uka/ilkd/key/proof/rules/heap.key:4#1 
28875      ERROR Test worker     d.u.i.k.n.b.AbstractBuilder  java.lang.NullPointerException: null
	at de.uka.ilkd.key.nparser.builder.DefaultBuilder.visitKeyjavatype(DefaultBuilder.java:360)

28985      DEBUG Test worker     d.u.i.k.n.ParsingFacade   PARSING file:/D:/a/key/key/key.core/build/resources/main/de/uka/ilkd/key/proof/rules/ldt.key took 0 ms 
28985      DEBUG Test worker     d.u.i.k.n.ParsingFacade   PARSING file:/D:/a/key/key/key.core/build/resources/main/de/uka/ilkd/key/proof/rules/charListHeader.key took 0 ms 
28985      DEBUG Test worker     d.u.i.k.n.ParsingFacade   PARSING file:/D:/a/key/key/key.core/build/resources/main/de/uka/ilkd/key/proof/rules/wellfound.key took 0 ms 
28985      DEBUG Test worker     d.u.i.k.n.ParsingFacade   PARSING file:/D:/a/key/key/key.core/build/resources/main/de/uka/ilkd/key/proof/rules/freeADT.key took 0 ms 
28985      DEBUG Test worker     d.u.i.k.n.ParsingFacade   PARSING file:/D:/a/key/key/key.core/build/resources/main/de/uka/ilkd/key/proof/rules/map.key took 0 ms 
28985      DEBUG Test worker     d.u.i.k.n.ParsingFacade   PARSING file:/D:/a/key/key/key.core/build/resources/main/de/uka/ilkd/key/proof/rules/seq.key took 0 ms 
28985      DEBUG Test worker     d.u.i.k.n.ParsingFacade   PARSING file:/D:/a/key/key/key.core/build/resources/main/de/uka/ilkd/key/proof/rules/reach.key took 0 ms 
28985      DEBUG Test worker     d.u.i.k.n.ParsingFacade   PARSING file:/D:/a/key/key/key.core/build/resources/main/de/uka/ilkd/key/proof/rules/permission.key took 0 ms 
28985      DEBUG Test worker     d.u.i.k.n.ParsingFacade   PARSING file:/D:/a/key/key/key.core/build/resources/main/de/uka/ilkd/key/proof/rules/locSets.key took 0 ms 
29001      DEBUG Test worker     d.u.i.k.n.ParsingFacade   PARSING file:/D:/a/key/key/key.core/build/resources/main/de/uka/ilkd/key/proof/rules/heap.key took 16 ms 
29001      DEBUG Test worker     d.u.i.k.n.ParsingFacade   PARSING file:/D:/a/key/key/key.core/build/resources/main/de/uka/ilkd/key/proof/rules/floatHeader.key took 0 ms 
29001      DEBUG Test worker     d.u.i.k.n.ParsingFacade   PARSING file:/D:/a/key/key/key.core/build/resources/main/de/uka/ilkd/key/proof/rules/integerHeader.key took 0 ms 
29001      DEBUG Test worker     d.u.i.k.n.ParsingFacade   PARSING file:/D:/a/key/key/key.core/build/resources/main/de/uka/ilkd/key/proof/rules/ruleSetsDeclarations.key took 0 ms 
29001      DEBUG Test worker     d.u.i.k.n.ParsingFacade   PARSING file:/D:/a/key/key/key.core/build/resources/main/de/uka/ilkd/key/proof/rules/boolean.key took 0 ms 
29001      INFO  Test worker     d.u.i.k.n.KeyIO           Parsing took 16 ms 
29001      DEBUG Test worker     d.u.i.k.n.KeyIO           Load declarations of de.uka.ilkd.key.nparser.KeyAst$File:  file:/D:/a/key/key/key.core/build/resources/main/de/uka/ilkd/key/proof/rules/boolean.key:1#1 
29001      DEBUG Test worker     d.u.i.k.n.KeyIO           Load declarations of de.uka.ilkd.key.nparser.KeyAst$File:  file:/D:/a/key/key/key.core/build/resources/main/de/uka/ilkd/key/proof/rules/ruleSetsDeclarations.key:5#1 
29001      DEBUG Test worker     d.u.i.k.n.KeyIO           Load declarations of de.uka.ilkd.key.nparser.KeyAst$File:  file:/D:/a/key/key/key.core/build/resources/main/de/uka/ilkd/key/proof/rules/integerHeader.key:1#1 
29001      DEBUG Test worker     d.u.i.k.n.KeyIO           Load declarations of de.uka.ilkd.key.nparser.KeyAst$File:  file:/D:/a/key/key/key.core/build/resources/main/de/uka/ilkd/key/proof/rules/floatHeader.key:14#1 
29001      DEBUG Test worker     d.u.i.k.n.KeyIO           Load declarations of de.uka.ilkd.key.nparser.KeyAst$File:  file:/D:/a/key/key/key.core/build/resources/main/de/uka/ilkd/key/proof/rules/heap.key:4#1 
29001      ERROR Test worker     d.u.i.k.n.b.AbstractBuilder  java.lang.NullPointerException: null
	at de.uka.ilkd.key.nparser.builder.DefaultBuilder.visitKeyjavatype(DefaultBuilder.java:360)

29001      DEBUG Test worker     d.u.i.k.n.ParsingFacade   PARSING file:/D:/a/key/key/key.core/build/resources/main/de/uka/ilkd/key/proof/rules/ldt.key took 0 ms 
29001      DEBUG Test worker     d.u.i.k.n.ParsingFacade   PARSING file:/D:/a/key/key/key.core/build/resources/main/de/uka/ilkd/key/proof/rules/charListHeader.key took 0 ms 
29001      DEBUG Test worker     d.u.i.k.n.ParsingFacade   PARSING file:/D:/a/key/key/key.core/build/resources/main/de/uka/ilkd/key/proof/rules/wellfound.key took 0 ms 
29001      DEBUG Test worker     d.u.i.k.n.ParsingFacade   PARSING file:/D:/a/key/key/key.core/build/resources/main/de/uka/ilkd/key/proof/rules/freeADT.key took 0 ms 
29017      DEBUG Test worker     d.u.i.k.n.ParsingFacade   PARSING file:/D:/a/key/key/key.core/build/resources/main/de/uka/ilkd/key/proof/rules/map.key took 16 ms 
29017      DEBUG Test worker     d.u.i.k.n.ParsingFacade   PARSING file:/D:/a/key/key/key.core/build/resources/main/de/uka/ilkd/key/proof/rules/seq.key took 0 ms 
29017      DEBUG Test worker     d.u.i.k.n.ParsingFacade   PARSING file:/D:/a/key/key/key.core/build/resources/main/de/uka/ilkd/key/proof/rules/reach.key took 0 ms 
29017      DEBUG Test worker     d.u.i.k.n.ParsingFacade   PARSING file:/D:/a/key/key/key.core/build/resources/main/de/uka/ilkd/key/proof/rules/permission.key took 0 ms 
29017      DEBUG Test worker     d.u.i.k.n.ParsingFacade   PARSING file:/D:/a/key/key/key.core/build/resources/main/de/uka/ilkd/key/proof/rules/locSets.key took 0 ms 
29017      DEBUG Test worker     d.u.i.k.n.ParsingFacade   PARSING file:/D:/a/key/key/key.core/build/resources/main/de/uka/ilkd/key/proof/rules/heap.key took 0 ms 
29017      DEBUG Test worker     d.u.i.k.n.ParsingFacade   PARSING file:/D:/a/key/key/key.core/build/resources/main/de/uka/ilkd/key/proof/rules/floatHeader.key took 0 ms 
29017      DEBUG Test worker     d.u.i.k.n.ParsingFacade   PARSING file:/D:/a/key/key/key.core/build/resources/main/de/uka/ilkd/key/proof/rules/integerHeader.key took 0 ms 
29017      DEBUG Test worker     d.u.i.k.n.ParsingFacade   PARSING file:/D:/a/key/key/key.core/build/resources/main/de/uka/ilkd/key/proof/rules/ruleSetsDeclarations.key took 0 ms 
29017      DEBUG Test worker     d.u.i.k.n.ParsingFacade   PARSING file:/D:/a/key/key/key.core/build/resources/main/de/uka/ilkd/key/proof/rules/boolean.key took 0 ms 
29017      INFO  Test worker     d.u.i.k.n.KeyIO           Parsing took 16 ms 
29017      DEBUG Test worker     d.u.i.k.n.KeyIO           Load declarations of de.uka.ilkd.key.nparser.KeyAst$File:  file:/D:/a/key/key/key.core/build/resources/main/de/uka/ilkd/key/proof/rules/boolean.key:1#1 
29017      DEBUG Test worker     d.u.i.k.n.KeyIO           Load declarations of de.uka.ilkd.key.nparser.KeyAst$File:  file:/D:/a/key/key/key.core/build/resources/main/de/uka/ilkd/key/proof/rules/ruleSetsDeclarations.key:5#1 
29032      DEBUG Test worker     d.u.i.k.n.KeyIO           Load declarations of de.uka.ilkd.key.nparser.KeyAst$File:  file:/D:/a/key/key/key.core/build/resources/main/de/uka/ilkd/key/proof/rules/integerHeader.key:1#1 
29032      DEBUG Test worker     d.u.i.k.n.KeyIO           Load declarations of de.uka.ilkd.key.nparser.KeyAst$File:  file:/D:/a/key/key/key.core/build/resources/main/de/uka/ilkd/key/proof/rules/floatHeader.key:14#1 
29032      DEBUG Test worker     d.u.i.k.n.KeyIO           Load declarations of de.uka.ilkd.key.nparser.KeyAst$File:  file:/D:/a/key/key/key.core/build/resources/main/de/uka/ilkd/key/proof/rules/heap.key:4#1 
29032      ERROR Test worker     d.u.i.k.n.b.AbstractBuilder  java.lang.NullPointerException: null
	at de.uka.ilkd.key.nparser.builder.DefaultBuilder.visitKeyjavatype(DefaultBuilder.java:360)

29032      DEBUG Test worker     d.u.i.k.n.ParsingFacade   PARSING file:/D:/a/key/key/key.core/build/resources/main/de/uka/ilkd/key/proof/rules/ldt.key took 0 ms 
29032      DEBUG Test worker     d.u.i.k.n.ParsingFacade   PARSING file:/D:/a/key/key/key.core/build/resources/main/de/uka/ilkd/key/proof/rules/charListHeader.key took 0 ms 
29032      DEBUG Test worker     d.u.i.k.n.ParsingFacade   PARSING file:/D:/a/key/key/key.core/build/resources/main/de/uka/ilkd/key/proof/rules/wellfound.key took 0 ms 
29032      DEBUG Test worker     d.u.i.k.n.ParsingFacade   PARSING file:/D:/a/key/key/key.core/build/resources/main/de/uka/ilkd/key/proof/rules/freeADT.key took 0 ms 
29032      DEBUG Test worker     d.u.i.k.n.ParsingFacade   PARSING file:/D:/a/key/key/key.core/build/resources/main/de/uka/ilkd/key/proof/rules/map.key took 0 ms 
29032      DEBUG Test worker     d.u.i.k.n.ParsingFacade   PARSING file:/D:/a/key/key/key.core/build/resources/main/de/uka/ilkd/key/proof/rules/seq.key took 0 ms 
29048      DEBUG Test worker     d.u.i.k.n.ParsingFacade   PARSING file:/D:/a/key/key/key.core/build/resources/main/de/uka/ilkd/key/proof/rules/reach.key took 0 ms 
29048      DEBUG Test worker     d.u.i.k.n.ParsingFacade   PARSING file:/D:/a/key/key/key.core/build/resources/main/de/uka/ilkd/key/proof/rules/permission.key took 0 ms 
29048      DEBUG Test worker     d.u.i.k.n.ParsingFacade   PARSING file:/D:/a/key/key/key.core/build/resources/main/de/uka/ilkd/key/proof/rules/locSets.key took 0 ms 
29048      DEBUG Test worker     d.u.i.k.n.ParsingFacade   PARSING file:/D:/a/key/key/key.core/build/resources/main/de/uka/ilkd/key/proof/rules/heap.key took 0 ms 
29048      DEBUG Test worker     d.u.i.k.n.ParsingFacade   PARSING file:/D:/a/key/key/key.core/build/resources/main/de/uka/ilkd/key/proof/rules/floatHeader.key took 0 ms 
29048      DEBUG Test worker     d.u.i.k.n.ParsingFacade   PARSING file:/D:/a/key/key/key.core/build/resources/main/de/uka/ilkd/key/proof/rules/integerHeader.key took 0 ms 
29048      DEBUG Test worker     d.u.i.k.n.ParsingFacade   PARSING file:/D:/a/key/key/key.core/build/resources/main/de/uka/ilkd/key/proof/rules/ruleSetsDeclarations.key took 0 ms 
29048      DEBUG Test worker     d.u.i.k.n.ParsingFacade   PARSING file:/D:/a/key/key/key.core/build/resources/main/de/uka/ilkd/key/proof/rules/boolean.key took 0 ms 
29048      INFO  Test worker     d.u.i.k.n.KeyIO           Parsing took 16 ms 
29048      DEBUG Test worker     d.u.i.k.n.KeyIO           Load declarations of de.uka.ilkd.key.nparser.KeyAst$File:  file:/D:/a/key/key/key.core/build/resources/main/de/uka/ilkd/key/proof/rules/boolean.key:1#1 
29048      DEBUG Test worker     d.u.i.k.n.KeyIO           Load declarations of de.uka.ilkd.key.nparser.KeyAst$File:  file:/D:/a/key/key/key.core/build/resources/main/de/uka/ilkd/key/proof/rules/ruleSetsDeclarations.key:5#1 
29048      DEBUG Test worker     d.u.i.k.n.KeyIO           Load declarations of de.uka.ilkd.key.nparser.KeyAst$File:  file:/D:/a/key/key/key.core/build/resources/main/de/uka/ilkd/key/proof/rules/integerHeader.key:1#1 
29048      DEBUG Test worker     d.u.i.k.n.KeyIO           Load declarations of de.uka.ilkd.key.nparser.KeyAst$File:  file:/D:/a/key/key/key.core/build/resources/main/de/uka/ilkd/key/proof/rules/floatHeader.key:14#1 
29048      DEBUG Test worker     d.u.i.k.n.KeyIO           Load declarations of de.uka.ilkd.key.nparser.KeyAst$File:  file:/D:/a/key/key/key.core/build/resources/main/de/uka/ilkd/key/proof/rules/heap.key:4#1 
29048      ERROR Test worker     d.u.i.k.n.b.AbstractBuilder  java.lang.NullPointerException: null
	at de.uka.ilkd.key.nparser.builder.DefaultBuilder.visitKeyjavatype(DefaultBuilder.java:360)

29063      DEBUG Test worker     d.u.i.k.n.ParsingFacade   PARSING file:/D:/a/key/key/key.core/build/resources/main/de/uka/ilkd/key/proof/rules/ldt.key took 0 ms 
29063      DEBUG Test worker     d.u.i.k.n.ParsingFacade   PARSING file:/D:/a/key/key/key.core/build/resources/main/de/uka/ilkd/key/proof/rules/charListHeader.key took 0 ms 
29063      DEBUG Test worker     d.u.i.k.n.ParsingFacade   PARSING file:/D:/a/key/key/key.core/build/resources/main/de/uka/ilkd/key/proof/rules/wellfound.key took 0 ms 
29063      DEBUG Test worker     d.u.i.k.n.ParsingFacade   PARSING file:/D:/a/key/key/key.core/build/resources/main/de/uka/ilkd/key/proof/rules/freeADT.key took 0 ms 
29063      DEBUG Test worker     d.u.i.k.n.ParsingFacade   PARSING file:/D:/a/key/key/key.core/build/resources/main/de/uka/ilkd/key/proof/rules/map.key took 0 ms 
29063      DEBUG Test worker     d.u.i.k.n.ParsingFacade   PARSING file:/D:/a/key/key/key.core/build/resources/main/de/uka/ilkd/key/proof/rules/seq.key took 0 ms 
29063      DEBUG Test worker     d.u.i.k.n.ParsingFacade   PARSING file:/D:/a/key/key/key.core/build/resources/main/de/uka/ilkd/key/proof/rules/reach.key took 0 ms 
29063      DEBUG Test worker     d.u.i.k.n.ParsingFacade   PARSING file:/D:/a/key/key/key.core/build/resources/main/de/uka/ilkd/key/proof/rules/permission.key took 0 ms 
29063      DEBUG Test worker     d.u.i.k.n.ParsingFacade   PARSING file:/D:/a/key/key/key.core/build/resources/main/de/uka/ilkd/key/proof/rules/locSets.key took 0 ms 
29063      DEBUG Test worker     d.u.i.k.n.ParsingFacade   PARSING file:/D:/a/key/key/key.core/build/resources/main/de/uka/ilkd/key/proof/rules/heap.key took 0 ms 
29079      DEBUG Test worker     d.u.i.k.n.ParsingFacade   PARSING file:/D:/a/key/key/key.core/build/resources/main/de/uka/ilkd/key/proof/rules/floatHeader.key took 16 ms 
29079      DEBUG Test worker     d.u.i.k.n.ParsingFacade   PARSING file:/D:/a/key/key/key.core/build/resources/main/de/uka/ilkd/key/proof/rules/integerHeader.key took 0 ms 
29079      DEBUG Test worker     d.u.i.k.n.ParsingFacade   PARSING file:/D:/a/key/key/key.core/build/resources/main/de/uka/ilkd/key/proof/rules/ruleSetsDeclarations.key took 0 ms 
29079      DEBUG Test worker     d.u.i.k.n.ParsingFacade   PARSING file:/D:/a/key/key/key.core/build/resources/main/de/uka/ilkd/key/proof/rules/boolean.key took 0 ms 
29079      INFO  Test worker     d.u.i.k.n.KeyIO           Parsing took 16 ms 
29079      DEBUG Test worker     d.u.i.k.n.KeyIO           Load declarations of de.uka.ilkd.key.nparser.KeyAst$File:  file:/D:/a/key/key/key.core/build/resources/main/de/uka/ilkd/key/proof/rules/boolean.key:1#1 
29079      DEBUG Test worker     d.u.i.k.n.KeyIO           Load declarations of de.uka.ilkd.key.nparser.KeyAst$File:  file:/D:/a/key/key/key.core/build/resources/main/de/uka/ilkd/key/proof/rules/ruleSetsDeclarations.key:5#1 
29079      DEBUG Test worker     d.u.i.k.n.KeyIO           Load declarations of de.uka.ilkd.key.nparser.KeyAst$File:  file:/D:/a/key/key/key.core/build/resources/main/de/uka/ilkd/key/proof/rules/integerHeader.key:1#1 
29079      DEBUG Test worker     d.u.i.k.n.KeyIO           Load declarations of de.uka.ilkd.key.nparser.KeyAst$File:  file:/D:/a/key/key/key.core/build/resources/main/de/uka/ilkd/key/proof/rules/floatHeader.key:14#1 
29079      DEBUG Test worker     d.u.i.k.n.KeyIO           Load declarations of de.uka.ilkd.key.nparser.KeyAst$File:  file:/D:/a/key/key/key.core/build/resources/main/de/uka/ilkd/key/proof/rules/heap.key:4#1 
29079      ERROR Test worker     d.u.i.k.n.b.AbstractBuilder  java.lang.NullPointerException: null
	at de.uka.ilkd.key.nparser.builder.DefaultBuilder.visitKeyjavatype(DefaultBuilder.java:360)

]]></system-err>
</testsuite>
