<?xml version="1.0" encoding="UTF-8"?>
<testsuite name="de.uka.ilkd.key.smt.newsmt2.ProveSMTLemmasTest" tests="25" skipped="0" failures="25" errors="0" timestamp="2023-06-03T16:35:41" hostname="fv-az269-965" time="4.876">
  <properties/>
  <testcase name="[1] jmod.dl, &#10;\forall int divNum; \forall int divDenom;&#10;  jmod(divNum,divDenom) =&#10;    divNum + jdiv(divNum,divDenom)*(-1)*divDenom&#10;" classname="de.uka.ilkd.key.smt.newsmt2.ProveSMTLemmasTest" time="0.259">
    <failure message="A reference was unexpectedly null. (file: D:\a\key\key\key.core\build\resources\test\de\uka\ilkd\key\smt\newsmt2\SMT_lemma_jmod.dl.proof; caused by: java.lang.AssertionError: A reference was unexpectedly null.)" type="de.uka.ilkd.key.proof.io.ProblemLoaderException">A reference was unexpectedly null. (file: D:\a\key\key\key.core\build\resources\test\de\uka\ilkd\key\smt\newsmt2\SMT_lemma_jmod.dl.proof; caused by: java.lang.AssertionError: A reference was unexpectedly null.)
	at app//de.uka.ilkd.key.control.AbstractUserInterfaceControl.load(AbstractUserInterfaceControl.java:225)
	at app//de.uka.ilkd.key.control.KeYEnvironment.load(KeYEnvironment.java:282)
	at app//de.uka.ilkd.key.control.KeYEnvironment.load(KeYEnvironment.java:251)
	at app//de.uka.ilkd.key.control.KeYEnvironment.load(KeYEnvironment.java:225)
	at app//de.uka.ilkd.key.control.KeYEnvironment.load(KeYEnvironment.java:185)
	at app//de.uka.ilkd.key.control.KeYEnvironment.load(KeYEnvironment.java:292)
	at app//de.uka.ilkd.key.smt.newsmt2.ProveSMTLemmasTest.testSMTLemmaSoundness(ProveSMTLemmasTest.java:72)
	at java.base@11.0.19/jdk.internal.reflect.NativeMethodAccessorImpl.invoke0(Native Method)
	at java.base@11.0.19/jdk.internal.reflect.NativeMethodAccessorImpl.invoke(NativeMethodAccessorImpl.java:62)
	at java.base@11.0.19/jdk.internal.reflect.DelegatingMethodAccessorImpl.invoke(DelegatingMethodAccessorImpl.java:43)
	at java.base@11.0.19/java.lang.reflect.Method.invoke(Method.java:566)
	at app//org.junit.platform.commons.util.ReflectionUtils.invokeMethod(ReflectionUtils.java:727)
	at app//org.junit.jupiter.engine.execution.MethodInvocation.proceed(MethodInvocation.java:60)
	at app//org.junit.jupiter.engine.execution.InvocationInterceptorChain$ValidatingInvocation.proceed(InvocationInterceptorChain.java:131)
	at app//org.junit.jupiter.engine.extension.TimeoutExtension.intercept(TimeoutExtension.java:156)
	at app//org.junit.jupiter.engine.extension.TimeoutExtension.interceptTestableMethod(TimeoutExtension.java:147)
	at app//org.junit.jupiter.engine.extension.TimeoutExtension.interceptTestTemplateMethod(TimeoutExtension.java:94)
	at app//org.junit.jupiter.engine.execution.InterceptingExecutableInvoker$ReflectiveInterceptorCall.lambda$ofVoidMethod$0(InterceptingExecutableInvoker.java:103)
	at app//org.junit.jupiter.engine.execution.InterceptingExecutableInvoker.lambda$invoke$0(InterceptingExecutableInvoker.java:93)
	at app//org.junit.jupiter.engine.execution.InvocationInterceptorChain$InterceptedInvocation.proceed(InvocationInterceptorChain.java:106)
	at app//org.junit.jupiter.engine.execution.InvocationInterceptorChain.proceed(InvocationInterceptorChain.java:64)
	at app//org.junit.jupiter.engine.execution.InvocationInterceptorChain.chainAndInvoke(InvocationInterceptorChain.java:45)
	at app//org.junit.jupiter.engine.execution.InvocationInterceptorChain.invoke(InvocationInterceptorChain.java:37)
	at app//org.junit.jupiter.engine.execution.InterceptingExecutableInvoker.invoke(InterceptingExecutableInvoker.java:92)
	at app//org.junit.jupiter.engine.execution.InterceptingExecutableInvoker.invoke(InterceptingExecutableInvoker.java:86)
	at app//org.junit.jupiter.engine.descriptor.TestMethodTestDescriptor.lambda$invokeTestMethod$7(TestMethodTestDescriptor.java:217)
	at app//org.junit.platform.engine.support.hierarchical.ThrowableCollector.execute(ThrowableCollector.java:73)
	at app//org.junit.jupiter.engine.descriptor.TestMethodTestDescriptor.invokeTestMethod(TestMethodTestDescriptor.java:213)
	at app//org.junit.jupiter.engine.descriptor.TestMethodTestDescriptor.execute(TestMethodTestDescriptor.java:138)
	at app//org.junit.jupiter.engine.descriptor.TestMethodTestDescriptor.execute(TestMethodTestDescriptor.java:68)
	at app//org.junit.platform.engine.support.hierarchical.NodeTestTask.lambda$executeRecursively$6(NodeTestTask.java:151)
	at app//org.junit.platform.engine.support.hierarchical.ThrowableCollector.execute(ThrowableCollector.java:73)
	at app//org.junit.platform.engine.support.hierarchical.NodeTestTask.lambda$executeRecursively$8(NodeTestTask.java:141)
	at app//org.junit.platform.engine.support.hierarchical.Node.around(Node.java:137)
	at app//org.junit.platform.engine.support.hierarchical.NodeTestTask.lambda$executeRecursively$9(NodeTestTask.java:139)
	at app//org.junit.platform.engine.support.hierarchical.ThrowableCollector.execute(ThrowableCollector.java:73)
	at app//org.junit.platform.engine.support.hierarchical.NodeTestTask.executeRecursively(NodeTestTask.java:138)
	at app//org.junit.platform.engine.support.hierarchical.NodeTestTask.execute(NodeTestTask.java:95)
	at app//org.junit.platform.engine.support.hierarchical.SameThreadHierarchicalTestExecutorService.submit(SameThreadHierarchicalTestExecutorService.java:35)
	at app//org.junit.platform.engine.support.hierarchical.NodeTestTask$DefaultDynamicTestExecutor.execute(NodeTestTask.java:226)
	at app//org.junit.platform.engine.support.hierarchical.NodeTestTask$DefaultDynamicTestExecutor.execute(NodeTestTask.java:204)
	at app//org.junit.jupiter.engine.descriptor.TestTemplateTestDescriptor.execute(TestTemplateTestDescriptor.java:142)
	at app//org.junit.jupiter.engine.descriptor.TestTemplateTestDescriptor.lambda$execute$2(TestTemplateTestDescriptor.java:110)
	at java.base@11.0.19/java.util.stream.ForEachOps$ForEachOp$OfRef.accept(ForEachOps.java:183)
	at java.base@11.0.19/java.util.stream.ReferencePipeline$3$1.accept(ReferencePipeline.java:195)
	at java.base@11.0.19/java.util.stream.ReferencePipeline$2$1.accept(ReferencePipeline.java:177)
	at java.base@11.0.19/java.util.stream.ReferencePipeline$3$1.accept(ReferencePipeline.java:195)
	at java.base@11.0.19/java.util.stream.ForEachOps$ForEachOp$OfRef.accept(ForEachOps.java:183)
	at java.base@11.0.19/java.util.stream.ReferencePipeline$3$1.accept(ReferencePipeline.java:195)
	at java.base@11.0.19/java.util.stream.ReferencePipeline$3$1.accept(ReferencePipeline.java:195)
	at java.base@11.0.19/java.util.stream.ReferencePipeline$3$1.accept(ReferencePipeline.java:195)
	at java.base@11.0.19/java.util.stream.ForEachOps$ForEachOp$OfRef.accept(ForEachOps.java:183)
	at java.base@11.0.19/java.util.stream.ReferencePipeline$3$1.accept(ReferencePipeline.java:195)
	at java.base@11.0.19/java.util.ArrayList$ArrayListSpliterator.forEachRemaining(ArrayList.java:1655)
	at java.base@11.0.19/java.util.stream.ReferencePipeline$Head.forEach(ReferencePipeline.java:658)
	at java.base@11.0.19/java.util.stream.ReferencePipeline$7$1.accept(ReferencePipeline.java:274)
	at java.base@11.0.19/java.util.stream.ReferencePipeline$3$1.accept(ReferencePipeline.java:195)
	at java.base@11.0.19/java.util.stream.ReferencePipeline$3$1.accept(ReferencePipeline.java:195)
	at java.base@11.0.19/java.util.Spliterators$ArraySpliterator.forEachRemaining(Spliterators.java:948)
	at java.base@11.0.19/java.util.stream.AbstractPipeline.copyInto(AbstractPipeline.java:484)
	at java.base@11.0.19/java.util.stream.AbstractPipeline.wrapAndCopyInto(AbstractPipeline.java:474)
	at java.base@11.0.19/java.util.stream.ForEachOps$ForEachOp.evaluateSequential(ForEachOps.java:150)
	at java.base@11.0.19/java.util.stream.ForEachOps$ForEachOp$OfRef.evaluateSequential(ForEachOps.java:173)
	at java.base@11.0.19/java.util.stream.AbstractPipeline.evaluate(AbstractPipeline.java:234)
	at java.base@11.0.19/java.util.stream.ReferencePipeline.forEach(ReferencePipeline.java:497)
	at java.base@11.0.19/java.util.stream.ReferencePipeline$7$1.accept(ReferencePipeline.java:274)
	at java.base@11.0.19/java.util.stream.ReferencePipeline$3$1.accept(ReferencePipeline.java:195)
	at java.base@11.0.19/java.util.stream.ReferencePipeline$3$1.accept(ReferencePipeline.java:195)
	at java.base@11.0.19/java.util.stream.ReferencePipeline$3$1.accept(ReferencePipeline.java:195)
	at java.base@11.0.19/java.util.ArrayList$ArrayListSpliterator.forEachRemaining(ArrayList.java:1655)
	at java.base@11.0.19/java.util.stream.AbstractPipeline.copyInto(AbstractPipeline.java:484)
	at java.base@11.0.19/java.util.stream.AbstractPipeline.wrapAndCopyInto(AbstractPipeline.java:474)
	at java.base@11.0.19/java.util.stream.ForEachOps$ForEachOp.evaluateSequential(ForEachOps.java:150)
	at java.base@11.0.19/java.util.stream.ForEachOps$ForEachOp$OfRef.evaluateSequential(ForEachOps.java:173)
	at java.base@11.0.19/java.util.stream.AbstractPipeline.evaluate(AbstractPipeline.java:234)
	at java.base@11.0.19/java.util.stream.ReferencePipeline.forEach(ReferencePipeline.java:497)
	at java.base@11.0.19/java.util.stream.ReferencePipeline$7$1.accept(ReferencePipeline.java:274)
	at java.base@11.0.19/java.util.ArrayList$ArrayListSpliterator.forEachRemaining(ArrayList.java:1655)
	at java.base@11.0.19/java.util.stream.AbstractPipeline.copyInto(AbstractPipeline.java:484)
	at java.base@11.0.19/java.util.stream.AbstractPipeline.wrapAndCopyInto(AbstractPipeline.java:474)
	at java.base@11.0.19/java.util.stream.ForEachOps$ForEachOp.evaluateSequential(ForEachOps.java:150)
	at java.base@11.0.19/java.util.stream.ForEachOps$ForEachOp$OfRef.evaluateSequential(ForEachOps.java:173)
	at java.base@11.0.19/java.util.stream.AbstractPipeline.evaluate(AbstractPipeline.java:234)
	at java.base@11.0.19/java.util.stream.ReferencePipeline.forEach(ReferencePipeline.java:497)
	at app//org.junit.jupiter.engine.descriptor.TestTemplateTestDescriptor.execute(TestTemplateTestDescriptor.java:110)
	at app//org.junit.jupiter.engine.descriptor.TestTemplateTestDescriptor.execute(TestTemplateTestDescriptor.java:44)
	at app//org.junit.platform.engine.support.hierarchical.NodeTestTask.lambda$executeRecursively$6(NodeTestTask.java:151)
	at app//org.junit.platform.engine.support.hierarchical.ThrowableCollector.execute(ThrowableCollector.java:73)
	at app//org.junit.platform.engine.support.hierarchical.NodeTestTask.lambda$executeRecursively$8(NodeTestTask.java:141)
	at app//org.junit.platform.engine.support.hierarchical.Node.around(Node.java:137)
	at app//org.junit.platform.engine.support.hierarchical.NodeTestTask.lambda$executeRecursively$9(NodeTestTask.java:139)
	at app//org.junit.platform.engine.support.hierarchical.ThrowableCollector.execute(ThrowableCollector.java:73)
	at app//org.junit.platform.engine.support.hierarchical.NodeTestTask.executeRecursively(NodeTestTask.java:138)
	at app//org.junit.platform.engine.support.hierarchical.NodeTestTask.execute(NodeTestTask.java:95)
	at java.base@11.0.19/java.util.ArrayList.forEach(ArrayList.java:1541)
	at app//org.junit.platform.engine.support.hierarchical.SameThreadHierarchicalTestExecutorService.invokeAll(SameThreadHierarchicalTestExecutorService.java:41)
	at app//org.junit.platform.engine.support.hierarchical.NodeTestTask.lambda$executeRecursively$6(NodeTestTask.java:155)
	at app//org.junit.platform.engine.support.hierarchical.ThrowableCollector.execute(ThrowableCollector.java:73)
	at app//org.junit.platform.engine.support.hierarchical.NodeTestTask.lambda$executeRecursively$8(NodeTestTask.java:141)
	at app//org.junit.platform.engine.support.hierarchical.Node.around(Node.java:137)
	at app//org.junit.platform.engine.support.hierarchical.NodeTestTask.lambda$executeRecursively$9(NodeTestTask.java:139)
	at app//org.junit.platform.engine.support.hierarchical.ThrowableCollector.execute(ThrowableCollector.java:73)
	at app//org.junit.platform.engine.support.hierarchical.NodeTestTask.executeRecursively(NodeTestTask.java:138)
	at app//org.junit.platform.engine.support.hierarchical.NodeTestTask.execute(NodeTestTask.java:95)
	at java.base@11.0.19/java.util.ArrayList.forEach(ArrayList.java:1541)
	at app//org.junit.platform.engine.support.hierarchical.SameThreadHierarchicalTestExecutorService.invokeAll(SameThreadHierarchicalTestExecutorService.java:41)
	at app//org.junit.platform.engine.support.hierarchical.NodeTestTask.lambda$executeRecursively$6(NodeTestTask.java:155)
	at app//org.junit.platform.engine.support.hierarchical.ThrowableCollector.execute(ThrowableCollector.java:73)
	at app//org.junit.platform.engine.support.hierarchical.NodeTestTask.lambda$executeRecursively$8(NodeTestTask.java:141)
	at app//org.junit.platform.engine.support.hierarchical.Node.around(Node.java:137)
	at app//org.junit.platform.engine.support.hierarchical.NodeTestTask.lambda$executeRecursively$9(NodeTestTask.java:139)
	at app//org.junit.platform.engine.support.hierarchical.ThrowableCollector.execute(ThrowableCollector.java:73)
	at app//org.junit.platform.engine.support.hierarchical.NodeTestTask.executeRecursively(NodeTestTask.java:138)
	at app//org.junit.platform.engine.support.hierarchical.NodeTestTask.execute(NodeTestTask.java:95)
	at app//org.junit.platform.engine.support.hierarchical.SameThreadHierarchicalTestExecutorService.submit(SameThreadHierarchicalTestExecutorService.java:35)
	at app//org.junit.platform.engine.support.hierarchical.HierarchicalTestExecutor.execute(HierarchicalTestExecutor.java:57)
	at app//org.junit.platform.engine.support.hierarchical.HierarchicalTestEngine.execute(HierarchicalTestEngine.java:54)
	at app//org.junit.platform.launcher.core.EngineExecutionOrchestrator.execute(EngineExecutionOrchestrator.java:107)
	at app//org.junit.platform.launcher.core.EngineExecutionOrchestrator.execute(EngineExecutionOrchestrator.java:88)
	at app//org.junit.platform.launcher.core.EngineExecutionOrchestrator.lambda$execute$0(EngineExecutionOrchestrator.java:54)
	at app//org.junit.platform.launcher.core.EngineExecutionOrchestrator.withInterceptedStreams(EngineExecutionOrchestrator.java:67)
	at app//org.junit.platform.launcher.core.EngineExecutionOrchestrator.execute(EngineExecutionOrchestrator.java:52)
	at app//org.junit.platform.launcher.core.DefaultLauncher.execute(DefaultLauncher.java:114)
	at app//org.junit.platform.launcher.core.DefaultLauncher.execute(DefaultLauncher.java:86)
	at app//org.junit.platform.launcher.core.DefaultLauncherSession$DelegatingLauncher.execute(DefaultLauncherSession.java:86)
	at org.gradle.api.internal.tasks.testing.junitplatform.JUnitPlatformTestClassProcessor$CollectAllTestClassesExecutor.processAllTestClasses(JUnitPlatformTestClassProcessor.java:110)
	at org.gradle.api.internal.tasks.testing.junitplatform.JUnitPlatformTestClassProcessor$CollectAllTestClassesExecutor.access$000(JUnitPlatformTestClassProcessor.java:90)
	at org.gradle.api.internal.tasks.testing.junitplatform.JUnitPlatformTestClassProcessor.stop(JUnitPlatformTestClassProcessor.java:85)
	at org.gradle.api.internal.tasks.testing.SuiteTestClassProcessor.stop(SuiteTestClassProcessor.java:62)
	at java.base@11.0.19/jdk.internal.reflect.NativeMethodAccessorImpl.invoke0(Native Method)
	at java.base@11.0.19/jdk.internal.reflect.NativeMethodAccessorImpl.invoke(NativeMethodAccessorImpl.java:62)
	at java.base@11.0.19/jdk.internal.reflect.DelegatingMethodAccessorImpl.invoke(DelegatingMethodAccessorImpl.java:43)
	at java.base@11.0.19/java.lang.reflect.Method.invoke(Method.java:566)
	at org.gradle.internal.dispatch.ReflectionDispatch.dispatch(ReflectionDispatch.java:36)
	at org.gradle.internal.dispatch.ReflectionDispatch.dispatch(ReflectionDispatch.java:24)
	at org.gradle.internal.dispatch.ContextClassLoaderDispatch.dispatch(ContextClassLoaderDispatch.java:33)
	at org.gradle.internal.dispatch.ProxyDispatchAdapter$DispatchingInvocationHandler.invoke(ProxyDispatchAdapter.java:94)
	at com.sun.proxy.$Proxy5.stop(Unknown Source)
	at org.gradle.api.internal.tasks.testing.worker.TestWorker$3.run(TestWorker.java:193)
	at org.gradle.api.internal.tasks.testing.worker.TestWorker.executeAndMaintainThreadName(TestWorker.java:129)
	at org.gradle.api.internal.tasks.testing.worker.TestWorker.execute(TestWorker.java:100)
	at org.gradle.api.internal.tasks.testing.worker.TestWorker.execute(TestWorker.java:60)
	at org.gradle.process.internal.worker.child.ActionExecutionWorker.execute(ActionExecutionWorker.java:56)
	at org.gradle.process.internal.worker.child.SystemApplicationClassLoaderWorker.call(SystemApplicationClassLoaderWorker.java:113)
	at org.gradle.process.internal.worker.child.SystemApplicationClassLoaderWorker.call(SystemApplicationClassLoaderWorker.java:65)
	at app//worker.org.gradle.process.internal.worker.GradleWorkerMain.run(GradleWorkerMain.java:69)
	at app//worker.org.gradle.process.internal.worker.GradleWorkerMain.main(GradleWorkerMain.java:74)
Caused by: java.lang.AssertionError: A reference was unexpectedly null.
	at com.github.javaparser.utils.Utils.assertNotNull(Utils.java:60)
	at com.github.javaparser.ast.expr.AssignExpr.setValue(AssignExpr.java:186)
	at com.github.javaparser.ast.expr.AssignExpr.&lt;init&gt;(AssignExpr.java:127)
	at com.github.javaparser.ast.expr.AssignExpr.&lt;init&gt;(AssignExpr.java:117)
	at de.uka.ilkd.key.java.transformations.AstFactory.assign(AstFactory.java:106)
	at de.uka.ilkd.key.java.transformations.pipeline.PrepareObjectBuilder.defaultSettings(PrepareObjectBuilder.java:80)
	at de.uka.ilkd.key.java.transformations.pipeline.PrepareObjectBuilder.createPrepareBody(PrepareObjectBuilder.java:100)
	at de.uka.ilkd.key.java.transformations.pipeline.PrepareObjectBuilder.createMethod(PrepareObjectBuilder.java:119)
	at de.uka.ilkd.key.java.transformations.pipeline.PrepareObjectBuilder.apply(PrepareObjectBuilder.java:148)
	at de.uka.ilkd.key.java.transformations.KeYJavaPipeline.apply(KeYJavaPipeline.java:61)
	at de.uka.ilkd.key.java.transformations.KeYJavaPipeline.apply(KeYJavaPipeline.java:54)
	at de.uka.ilkd.key.java.JavaService.transformModel(JavaService.java:582)
	at de.uka.ilkd.key.java.JavaService.parseLibraryClasses0(JavaService.java:528)
	at de.uka.ilkd.key.java.JavaService.parseSpecialClasses(JavaService.java:511)
	at de.uka.ilkd.key.proof.init.ProblemInitializer.readJava(ProblemInitializer.java:280)
	at de.uka.ilkd.key.proof.init.ProblemInitializer.prepare(ProblemInitializer.java:529)
	at de.uka.ilkd.key.proof.init.ProblemInitializer.prepare(ProblemInitializer.java:471)
	at de.uka.ilkd.key.proof.io.AbstractProblemLoader.createInitConfig(AbstractProblemLoader.java:558)
	at de.uka.ilkd.key.proof.io.AbstractProblemLoader.loadEnvironment(AbstractProblemLoader.java:318)
	at de.uka.ilkd.key.proof.io.AbstractProblemLoader.load(AbstractProblemLoader.java:276)
	at de.uka.ilkd.key.proof.io.AbstractProblemLoader.load(AbstractProblemLoader.java:258)
	at de.uka.ilkd.key.control.AbstractUserInterfaceControl.load(AbstractUserInterfaceControl.java:212)
	... 146 more
</failure>
  </testcase>
  <testcase name="[2] seqSub.dl, &#13;&#10;    \forall Seq seq;&#13;&#10;    \forall int from;&#13;&#10;    \forall int to;&#13;&#10;    \forall int idx;&#13;&#10;        any::seqGet(seqSub(seq, from, to)&lt;&lt;Trigger&gt;&gt;, idx)&#13;&#10;      = \if(0 &lt;= idx &amp; idx &lt; (to - from))&#13;&#10;        \then(any::seqGet(seq, idx + from))&#13;&#10;        \else(seqGetOutside)&#13;&#10;" classname="de.uka.ilkd.key.smt.newsmt2.ProveSMTLemmasTest" time="0.139">
    <failure message="A reference was unexpectedly null. (file: C:\Users\RUNNER~1\AppData\Local\Temp\SMT_lemma_seqSub.dl_15900438433735271036.key; caused by: java.lang.AssertionError: A reference was unexpectedly null.)" type="de.uka.ilkd.key.proof.io.ProblemLoaderException">A reference was unexpectedly null. (file: C:\Users\RUNNER~1\AppData\Local\Temp\SMT_lemma_seqSub.dl_15900438433735271036.key; caused by: java.lang.AssertionError: A reference was unexpectedly null.)
	at app//de.uka.ilkd.key.control.AbstractUserInterfaceControl.load(AbstractUserInterfaceControl.java:225)
	at app//de.uka.ilkd.key.control.KeYEnvironment.load(KeYEnvironment.java:282)
	at app//de.uka.ilkd.key.control.KeYEnvironment.load(KeYEnvironment.java:251)
	at app//de.uka.ilkd.key.control.KeYEnvironment.load(KeYEnvironment.java:225)
	at app//de.uka.ilkd.key.control.KeYEnvironment.load(KeYEnvironment.java:185)
	at app//de.uka.ilkd.key.control.KeYEnvironment.load(KeYEnvironment.java:292)
	at app//de.uka.ilkd.key.smt.newsmt2.ProveSMTLemmasTest.testSMTLemmaSoundness(ProveSMTLemmasTest.java:72)
	at java.base@11.0.19/jdk.internal.reflect.NativeMethodAccessorImpl.invoke0(Native Method)
	at java.base@11.0.19/jdk.internal.reflect.NativeMethodAccessorImpl.invoke(NativeMethodAccessorImpl.java:62)
	at java.base@11.0.19/jdk.internal.reflect.DelegatingMethodAccessorImpl.invoke(DelegatingMethodAccessorImpl.java:43)
	at java.base@11.0.19/java.lang.reflect.Method.invoke(Method.java:566)
	at app//org.junit.platform.commons.util.ReflectionUtils.invokeMethod(ReflectionUtils.java:727)
	at app//org.junit.jupiter.engine.execution.MethodInvocation.proceed(MethodInvocation.java:60)
	at app//org.junit.jupiter.engine.execution.InvocationInterceptorChain$ValidatingInvocation.proceed(InvocationInterceptorChain.java:131)
	at app//org.junit.jupiter.engine.extension.TimeoutExtension.intercept(TimeoutExtension.java:156)
	at app//org.junit.jupiter.engine.extension.TimeoutExtension.interceptTestableMethod(TimeoutExtension.java:147)
	at app//org.junit.jupiter.engine.extension.TimeoutExtension.interceptTestTemplateMethod(TimeoutExtension.java:94)
	at app//org.junit.jupiter.engine.execution.InterceptingExecutableInvoker$ReflectiveInterceptorCall.lambda$ofVoidMethod$0(InterceptingExecutableInvoker.java:103)
	at app//org.junit.jupiter.engine.execution.InterceptingExecutableInvoker.lambda$invoke$0(InterceptingExecutableInvoker.java:93)
	at app//org.junit.jupiter.engine.execution.InvocationInterceptorChain$InterceptedInvocation.proceed(InvocationInterceptorChain.java:106)
	at app//org.junit.jupiter.engine.execution.InvocationInterceptorChain.proceed(InvocationInterceptorChain.java:64)
	at app//org.junit.jupiter.engine.execution.InvocationInterceptorChain.chainAndInvoke(InvocationInterceptorChain.java:45)
	at app//org.junit.jupiter.engine.execution.InvocationInterceptorChain.invoke(InvocationInterceptorChain.java:37)
	at app//org.junit.jupiter.engine.execution.InterceptingExecutableInvoker.invoke(InterceptingExecutableInvoker.java:92)
	at app//org.junit.jupiter.engine.execution.InterceptingExecutableInvoker.invoke(InterceptingExecutableInvoker.java:86)
	at app//org.junit.jupiter.engine.descriptor.TestMethodTestDescriptor.lambda$invokeTestMethod$7(TestMethodTestDescriptor.java:217)
	at app//org.junit.platform.engine.support.hierarchical.ThrowableCollector.execute(ThrowableCollector.java:73)
	at app//org.junit.jupiter.engine.descriptor.TestMethodTestDescriptor.invokeTestMethod(TestMethodTestDescriptor.java:213)
	at app//org.junit.jupiter.engine.descriptor.TestMethodTestDescriptor.execute(TestMethodTestDescriptor.java:138)
	at app//org.junit.jupiter.engine.descriptor.TestMethodTestDescriptor.execute(TestMethodTestDescriptor.java:68)
	at app//org.junit.platform.engine.support.hierarchical.NodeTestTask.lambda$executeRecursively$6(NodeTestTask.java:151)
	at app//org.junit.platform.engine.support.hierarchical.ThrowableCollector.execute(ThrowableCollector.java:73)
	at app//org.junit.platform.engine.support.hierarchical.NodeTestTask.lambda$executeRecursively$8(NodeTestTask.java:141)
	at app//org.junit.platform.engine.support.hierarchical.Node.around(Node.java:137)
	at app//org.junit.platform.engine.support.hierarchical.NodeTestTask.lambda$executeRecursively$9(NodeTestTask.java:139)
	at app//org.junit.platform.engine.support.hierarchical.ThrowableCollector.execute(ThrowableCollector.java:73)
	at app//org.junit.platform.engine.support.hierarchical.NodeTestTask.executeRecursively(NodeTestTask.java:138)
	at app//org.junit.platform.engine.support.hierarchical.NodeTestTask.execute(NodeTestTask.java:95)
	at app//org.junit.platform.engine.support.hierarchical.SameThreadHierarchicalTestExecutorService.submit(SameThreadHierarchicalTestExecutorService.java:35)
	at app//org.junit.platform.engine.support.hierarchical.NodeTestTask$DefaultDynamicTestExecutor.execute(NodeTestTask.java:226)
	at app//org.junit.platform.engine.support.hierarchical.NodeTestTask$DefaultDynamicTestExecutor.execute(NodeTestTask.java:204)
	at app//org.junit.jupiter.engine.descriptor.TestTemplateTestDescriptor.execute(TestTemplateTestDescriptor.java:142)
	at app//org.junit.jupiter.engine.descriptor.TestTemplateTestDescriptor.lambda$execute$2(TestTemplateTestDescriptor.java:110)
	at java.base@11.0.19/java.util.stream.ForEachOps$ForEachOp$OfRef.accept(ForEachOps.java:183)
	at java.base@11.0.19/java.util.stream.ReferencePipeline$3$1.accept(ReferencePipeline.java:195)
	at java.base@11.0.19/java.util.stream.ReferencePipeline$2$1.accept(ReferencePipeline.java:177)
	at java.base@11.0.19/java.util.stream.ReferencePipeline$3$1.accept(ReferencePipeline.java:195)
	at java.base@11.0.19/java.util.stream.ForEachOps$ForEachOp$OfRef.accept(ForEachOps.java:183)
	at java.base@11.0.19/java.util.stream.ReferencePipeline$3$1.accept(ReferencePipeline.java:195)
	at java.base@11.0.19/java.util.stream.ReferencePipeline$3$1.accept(ReferencePipeline.java:195)
	at java.base@11.0.19/java.util.stream.ReferencePipeline$3$1.accept(ReferencePipeline.java:195)
	at java.base@11.0.19/java.util.stream.ForEachOps$ForEachOp$OfRef.accept(ForEachOps.java:183)
	at java.base@11.0.19/java.util.stream.ReferencePipeline$3$1.accept(ReferencePipeline.java:195)
	at java.base@11.0.19/java.util.ArrayList$ArrayListSpliterator.forEachRemaining(ArrayList.java:1655)
	at java.base@11.0.19/java.util.stream.ReferencePipeline$Head.forEach(ReferencePipeline.java:658)
	at java.base@11.0.19/java.util.stream.ReferencePipeline$7$1.accept(ReferencePipeline.java:274)
	at java.base@11.0.19/java.util.stream.ReferencePipeline$3$1.accept(ReferencePipeline.java:195)
	at java.base@11.0.19/java.util.stream.ReferencePipeline$3$1.accept(ReferencePipeline.java:195)
	at java.base@11.0.19/java.util.Spliterators$ArraySpliterator.forEachRemaining(Spliterators.java:948)
	at java.base@11.0.19/java.util.stream.AbstractPipeline.copyInto(AbstractPipeline.java:484)
	at java.base@11.0.19/java.util.stream.AbstractPipeline.wrapAndCopyInto(AbstractPipeline.java:474)
	at java.base@11.0.19/java.util.stream.ForEachOps$ForEachOp.evaluateSequential(ForEachOps.java:150)
	at java.base@11.0.19/java.util.stream.ForEachOps$ForEachOp$OfRef.evaluateSequential(ForEachOps.java:173)
	at java.base@11.0.19/java.util.stream.AbstractPipeline.evaluate(AbstractPipeline.java:234)
	at java.base@11.0.19/java.util.stream.ReferencePipeline.forEach(ReferencePipeline.java:497)
	at java.base@11.0.19/java.util.stream.ReferencePipeline$7$1.accept(ReferencePipeline.java:274)
	at java.base@11.0.19/java.util.stream.ReferencePipeline$3$1.accept(ReferencePipeline.java:195)
	at java.base@11.0.19/java.util.stream.ReferencePipeline$3$1.accept(ReferencePipeline.java:195)
	at java.base@11.0.19/java.util.stream.ReferencePipeline$3$1.accept(ReferencePipeline.java:195)
	at java.base@11.0.19/java.util.ArrayList$ArrayListSpliterator.forEachRemaining(ArrayList.java:1655)
	at java.base@11.0.19/java.util.stream.AbstractPipeline.copyInto(AbstractPipeline.java:484)
	at java.base@11.0.19/java.util.stream.AbstractPipeline.wrapAndCopyInto(AbstractPipeline.java:474)
	at java.base@11.0.19/java.util.stream.ForEachOps$ForEachOp.evaluateSequential(ForEachOps.java:150)
	at java.base@11.0.19/java.util.stream.ForEachOps$ForEachOp$OfRef.evaluateSequential(ForEachOps.java:173)
	at java.base@11.0.19/java.util.stream.AbstractPipeline.evaluate(AbstractPipeline.java:234)
	at java.base@11.0.19/java.util.stream.ReferencePipeline.forEach(ReferencePipeline.java:497)
	at java.base@11.0.19/java.util.stream.ReferencePipeline$7$1.accept(ReferencePipeline.java:274)
	at java.base@11.0.19/java.util.ArrayList$ArrayListSpliterator.forEachRemaining(ArrayList.java:1655)
	at java.base@11.0.19/java.util.stream.AbstractPipeline.copyInto(AbstractPipeline.java:484)
	at java.base@11.0.19/java.util.stream.AbstractPipeline.wrapAndCopyInto(AbstractPipeline.java:474)
	at java.base@11.0.19/java.util.stream.ForEachOps$ForEachOp.evaluateSequential(ForEachOps.java:150)
	at java.base@11.0.19/java.util.stream.ForEachOps$ForEachOp$OfRef.evaluateSequential(ForEachOps.java:173)
	at java.base@11.0.19/java.util.stream.AbstractPipeline.evaluate(AbstractPipeline.java:234)
	at java.base@11.0.19/java.util.stream.ReferencePipeline.forEach(ReferencePipeline.java:497)
	at app//org.junit.jupiter.engine.descriptor.TestTemplateTestDescriptor.execute(TestTemplateTestDescriptor.java:110)
	at app//org.junit.jupiter.engine.descriptor.TestTemplateTestDescriptor.execute(TestTemplateTestDescriptor.java:44)
	at app//org.junit.platform.engine.support.hierarchical.NodeTestTask.lambda$executeRecursively$6(NodeTestTask.java:151)
	at app//org.junit.platform.engine.support.hierarchical.ThrowableCollector.execute(ThrowableCollector.java:73)
	at app//org.junit.platform.engine.support.hierarchical.NodeTestTask.lambda$executeRecursively$8(NodeTestTask.java:141)
	at app//org.junit.platform.engine.support.hierarchical.Node.around(Node.java:137)
	at app//org.junit.platform.engine.support.hierarchical.NodeTestTask.lambda$executeRecursively$9(NodeTestTask.java:139)
	at app//org.junit.platform.engine.support.hierarchical.ThrowableCollector.execute(ThrowableCollector.java:73)
	at app//org.junit.platform.engine.support.hierarchical.NodeTestTask.executeRecursively(NodeTestTask.java:138)
	at app//org.junit.platform.engine.support.hierarchical.NodeTestTask.execute(NodeTestTask.java:95)
	at java.base@11.0.19/java.util.ArrayList.forEach(ArrayList.java:1541)
	at app//org.junit.platform.engine.support.hierarchical.SameThreadHierarchicalTestExecutorService.invokeAll(SameThreadHierarchicalTestExecutorService.java:41)
	at app//org.junit.platform.engine.support.hierarchical.NodeTestTask.lambda$executeRecursively$6(NodeTestTask.java:155)
	at app//org.junit.platform.engine.support.hierarchical.ThrowableCollector.execute(ThrowableCollector.java:73)
	at app//org.junit.platform.engine.support.hierarchical.NodeTestTask.lambda$executeRecursively$8(NodeTestTask.java:141)
	at app//org.junit.platform.engine.support.hierarchical.Node.around(Node.java:137)
	at app//org.junit.platform.engine.support.hierarchical.NodeTestTask.lambda$executeRecursively$9(NodeTestTask.java:139)
	at app//org.junit.platform.engine.support.hierarchical.ThrowableCollector.execute(ThrowableCollector.java:73)
	at app//org.junit.platform.engine.support.hierarchical.NodeTestTask.executeRecursively(NodeTestTask.java:138)
	at app//org.junit.platform.engine.support.hierarchical.NodeTestTask.execute(NodeTestTask.java:95)
	at java.base@11.0.19/java.util.ArrayList.forEach(ArrayList.java:1541)
	at app//org.junit.platform.engine.support.hierarchical.SameThreadHierarchicalTestExecutorService.invokeAll(SameThreadHierarchicalTestExecutorService.java:41)
	at app//org.junit.platform.engine.support.hierarchical.NodeTestTask.lambda$executeRecursively$6(NodeTestTask.java:155)
	at app//org.junit.platform.engine.support.hierarchical.ThrowableCollector.execute(ThrowableCollector.java:73)
	at app//org.junit.platform.engine.support.hierarchical.NodeTestTask.lambda$executeRecursively$8(NodeTestTask.java:141)
	at app//org.junit.platform.engine.support.hierarchical.Node.around(Node.java:137)
	at app//org.junit.platform.engine.support.hierarchical.NodeTestTask.lambda$executeRecursively$9(NodeTestTask.java:139)
	at app//org.junit.platform.engine.support.hierarchical.ThrowableCollector.execute(ThrowableCollector.java:73)
	at app//org.junit.platform.engine.support.hierarchical.NodeTestTask.executeRecursively(NodeTestTask.java:138)
	at app//org.junit.platform.engine.support.hierarchical.NodeTestTask.execute(NodeTestTask.java:95)
	at app//org.junit.platform.engine.support.hierarchical.SameThreadHierarchicalTestExecutorService.submit(SameThreadHierarchicalTestExecutorService.java:35)
	at app//org.junit.platform.engine.support.hierarchical.HierarchicalTestExecutor.execute(HierarchicalTestExecutor.java:57)
	at app//org.junit.platform.engine.support.hierarchical.HierarchicalTestEngine.execute(HierarchicalTestEngine.java:54)
	at app//org.junit.platform.launcher.core.EngineExecutionOrchestrator.execute(EngineExecutionOrchestrator.java:107)
	at app//org.junit.platform.launcher.core.EngineExecutionOrchestrator.execute(EngineExecutionOrchestrator.java:88)
	at app//org.junit.platform.launcher.core.EngineExecutionOrchestrator.lambda$execute$0(EngineExecutionOrchestrator.java:54)
	at app//org.junit.platform.launcher.core.EngineExecutionOrchestrator.withInterceptedStreams(EngineExecutionOrchestrator.java:67)
	at app//org.junit.platform.launcher.core.EngineExecutionOrchestrator.execute(EngineExecutionOrchestrator.java:52)
	at app//org.junit.platform.launcher.core.DefaultLauncher.execute(DefaultLauncher.java:114)
	at app//org.junit.platform.launcher.core.DefaultLauncher.execute(DefaultLauncher.java:86)
	at app//org.junit.platform.launcher.core.DefaultLauncherSession$DelegatingLauncher.execute(DefaultLauncherSession.java:86)
	at org.gradle.api.internal.tasks.testing.junitplatform.JUnitPlatformTestClassProcessor$CollectAllTestClassesExecutor.processAllTestClasses(JUnitPlatformTestClassProcessor.java:110)
	at org.gradle.api.internal.tasks.testing.junitplatform.JUnitPlatformTestClassProcessor$CollectAllTestClassesExecutor.access$000(JUnitPlatformTestClassProcessor.java:90)
	at org.gradle.api.internal.tasks.testing.junitplatform.JUnitPlatformTestClassProcessor.stop(JUnitPlatformTestClassProcessor.java:85)
	at org.gradle.api.internal.tasks.testing.SuiteTestClassProcessor.stop(SuiteTestClassProcessor.java:62)
	at java.base@11.0.19/jdk.internal.reflect.NativeMethodAccessorImpl.invoke0(Native Method)
	at java.base@11.0.19/jdk.internal.reflect.NativeMethodAccessorImpl.invoke(NativeMethodAccessorImpl.java:62)
	at java.base@11.0.19/jdk.internal.reflect.DelegatingMethodAccessorImpl.invoke(DelegatingMethodAccessorImpl.java:43)
	at java.base@11.0.19/java.lang.reflect.Method.invoke(Method.java:566)
	at org.gradle.internal.dispatch.ReflectionDispatch.dispatch(ReflectionDispatch.java:36)
	at org.gradle.internal.dispatch.ReflectionDispatch.dispatch(ReflectionDispatch.java:24)
	at org.gradle.internal.dispatch.ContextClassLoaderDispatch.dispatch(ContextClassLoaderDispatch.java:33)
	at org.gradle.internal.dispatch.ProxyDispatchAdapter$DispatchingInvocationHandler.invoke(ProxyDispatchAdapter.java:94)
	at com.sun.proxy.$Proxy5.stop(Unknown Source)
	at org.gradle.api.internal.tasks.testing.worker.TestWorker$3.run(TestWorker.java:193)
	at org.gradle.api.internal.tasks.testing.worker.TestWorker.executeAndMaintainThreadName(TestWorker.java:129)
	at org.gradle.api.internal.tasks.testing.worker.TestWorker.execute(TestWorker.java:100)
	at org.gradle.api.internal.tasks.testing.worker.TestWorker.execute(TestWorker.java:60)
	at org.gradle.process.internal.worker.child.ActionExecutionWorker.execute(ActionExecutionWorker.java:56)
	at org.gradle.process.internal.worker.child.SystemApplicationClassLoaderWorker.call(SystemApplicationClassLoaderWorker.java:113)
	at org.gradle.process.internal.worker.child.SystemApplicationClassLoaderWorker.call(SystemApplicationClassLoaderWorker.java:65)
	at app//worker.org.gradle.process.internal.worker.GradleWorkerMain.run(GradleWorkerMain.java:69)
	at app//worker.org.gradle.process.internal.worker.GradleWorkerMain.main(GradleWorkerMain.java:74)
Caused by: java.lang.AssertionError: A reference was unexpectedly null.
	at com.github.javaparser.utils.Utils.assertNotNull(Utils.java:60)
	at com.github.javaparser.ast.expr.AssignExpr.setValue(AssignExpr.java:186)
	at com.github.javaparser.ast.expr.AssignExpr.&lt;init&gt;(AssignExpr.java:127)
	at com.github.javaparser.ast.expr.AssignExpr.&lt;init&gt;(AssignExpr.java:117)
	at de.uka.ilkd.key.java.transformations.AstFactory.assign(AstFactory.java:106)
	at de.uka.ilkd.key.java.transformations.pipeline.PrepareObjectBuilder.defaultSettings(PrepareObjectBuilder.java:80)
	at de.uka.ilkd.key.java.transformations.pipeline.PrepareObjectBuilder.createPrepareBody(PrepareObjectBuilder.java:100)
	at de.uka.ilkd.key.java.transformations.pipeline.PrepareObjectBuilder.createMethod(PrepareObjectBuilder.java:119)
	at de.uka.ilkd.key.java.transformations.pipeline.PrepareObjectBuilder.apply(PrepareObjectBuilder.java:148)
	at de.uka.ilkd.key.java.transformations.KeYJavaPipeline.apply(KeYJavaPipeline.java:61)
	at de.uka.ilkd.key.java.transformations.KeYJavaPipeline.apply(KeYJavaPipeline.java:54)
	at de.uka.ilkd.key.java.JavaService.transformModel(JavaService.java:582)
	at de.uka.ilkd.key.java.JavaService.parseLibraryClasses0(JavaService.java:528)
	at de.uka.ilkd.key.java.JavaService.parseSpecialClasses(JavaService.java:511)
	at de.uka.ilkd.key.proof.init.ProblemInitializer.readJava(ProblemInitializer.java:280)
	at de.uka.ilkd.key.proof.init.ProblemInitializer.prepare(ProblemInitializer.java:529)
	at de.uka.ilkd.key.proof.init.ProblemInitializer.prepare(ProblemInitializer.java:471)
	at de.uka.ilkd.key.proof.io.AbstractProblemLoader.createInitConfig(AbstractProblemLoader.java:558)
	at de.uka.ilkd.key.proof.io.AbstractProblemLoader.loadEnvironment(AbstractProblemLoader.java:318)
	at de.uka.ilkd.key.proof.io.AbstractProblemLoader.load(AbstractProblemLoader.java:276)
	at de.uka.ilkd.key.proof.io.AbstractProblemLoader.load(AbstractProblemLoader.java:258)
	at de.uka.ilkd.key.control.AbstractUserInterfaceControl.load(AbstractUserInterfaceControl.java:212)
	... 146 more
</failure>
  </testcase>
  <testcase name="[3] seqGetOutside.dl, &#13;&#10;    \forall int i; \forall Seq s; ( i &lt; 0 | i &gt;= seqLen(s) -&gt; any::seqGet(s, i)&lt;&lt;Trigger&gt;&gt; = seqGetOutside )&#13;&#10;" classname="de.uka.ilkd.key.smt.newsmt2.ProveSMTLemmasTest" time="0.275">
    <failure message="A reference was unexpectedly null. (file: D:\a\key\key\key.core\build\resources\test\de\uka\ilkd\key\smt\newsmt2\SMT_lemma_seqGetOutside.dl.proof; caused by: java.lang.AssertionError: A reference was unexpectedly null.)" type="de.uka.ilkd.key.proof.io.ProblemLoaderException">A reference was unexpectedly null. (file: D:\a\key\key\key.core\build\resources\test\de\uka\ilkd\key\smt\newsmt2\SMT_lemma_seqGetOutside.dl.proof; caused by: java.lang.AssertionError: A reference was unexpectedly null.)
	at app//de.uka.ilkd.key.control.AbstractUserInterfaceControl.load(AbstractUserInterfaceControl.java:225)
	at app//de.uka.ilkd.key.control.KeYEnvironment.load(KeYEnvironment.java:282)
	at app//de.uka.ilkd.key.control.KeYEnvironment.load(KeYEnvironment.java:251)
	at app//de.uka.ilkd.key.control.KeYEnvironment.load(KeYEnvironment.java:225)
	at app//de.uka.ilkd.key.control.KeYEnvironment.load(KeYEnvironment.java:185)
	at app//de.uka.ilkd.key.control.KeYEnvironment.load(KeYEnvironment.java:292)
	at app//de.uka.ilkd.key.smt.newsmt2.ProveSMTLemmasTest.testSMTLemmaSoundness(ProveSMTLemmasTest.java:72)
	at java.base@11.0.19/jdk.internal.reflect.NativeMethodAccessorImpl.invoke0(Native Method)
	at java.base@11.0.19/jdk.internal.reflect.NativeMethodAccessorImpl.invoke(NativeMethodAccessorImpl.java:62)
	at java.base@11.0.19/jdk.internal.reflect.DelegatingMethodAccessorImpl.invoke(DelegatingMethodAccessorImpl.java:43)
	at java.base@11.0.19/java.lang.reflect.Method.invoke(Method.java:566)
	at app//org.junit.platform.commons.util.ReflectionUtils.invokeMethod(ReflectionUtils.java:727)
	at app//org.junit.jupiter.engine.execution.MethodInvocation.proceed(MethodInvocation.java:60)
	at app//org.junit.jupiter.engine.execution.InvocationInterceptorChain$ValidatingInvocation.proceed(InvocationInterceptorChain.java:131)
	at app//org.junit.jupiter.engine.extension.TimeoutExtension.intercept(TimeoutExtension.java:156)
	at app//org.junit.jupiter.engine.extension.TimeoutExtension.interceptTestableMethod(TimeoutExtension.java:147)
	at app//org.junit.jupiter.engine.extension.TimeoutExtension.interceptTestTemplateMethod(TimeoutExtension.java:94)
	at app//org.junit.jupiter.engine.execution.InterceptingExecutableInvoker$ReflectiveInterceptorCall.lambda$ofVoidMethod$0(InterceptingExecutableInvoker.java:103)
	at app//org.junit.jupiter.engine.execution.InterceptingExecutableInvoker.lambda$invoke$0(InterceptingExecutableInvoker.java:93)
	at app//org.junit.jupiter.engine.execution.InvocationInterceptorChain$InterceptedInvocation.proceed(InvocationInterceptorChain.java:106)
	at app//org.junit.jupiter.engine.execution.InvocationInterceptorChain.proceed(InvocationInterceptorChain.java:64)
	at app//org.junit.jupiter.engine.execution.InvocationInterceptorChain.chainAndInvoke(InvocationInterceptorChain.java:45)
	at app//org.junit.jupiter.engine.execution.InvocationInterceptorChain.invoke(InvocationInterceptorChain.java:37)
	at app//org.junit.jupiter.engine.execution.InterceptingExecutableInvoker.invoke(InterceptingExecutableInvoker.java:92)
	at app//org.junit.jupiter.engine.execution.InterceptingExecutableInvoker.invoke(InterceptingExecutableInvoker.java:86)
	at app//org.junit.jupiter.engine.descriptor.TestMethodTestDescriptor.lambda$invokeTestMethod$7(TestMethodTestDescriptor.java:217)
	at app//org.junit.platform.engine.support.hierarchical.ThrowableCollector.execute(ThrowableCollector.java:73)
	at app//org.junit.jupiter.engine.descriptor.TestMethodTestDescriptor.invokeTestMethod(TestMethodTestDescriptor.java:213)
	at app//org.junit.jupiter.engine.descriptor.TestMethodTestDescriptor.execute(TestMethodTestDescriptor.java:138)
	at app//org.junit.jupiter.engine.descriptor.TestMethodTestDescriptor.execute(TestMethodTestDescriptor.java:68)
	at app//org.junit.platform.engine.support.hierarchical.NodeTestTask.lambda$executeRecursively$6(NodeTestTask.java:151)
	at app//org.junit.platform.engine.support.hierarchical.ThrowableCollector.execute(ThrowableCollector.java:73)
	at app//org.junit.platform.engine.support.hierarchical.NodeTestTask.lambda$executeRecursively$8(NodeTestTask.java:141)
	at app//org.junit.platform.engine.support.hierarchical.Node.around(Node.java:137)
	at app//org.junit.platform.engine.support.hierarchical.NodeTestTask.lambda$executeRecursively$9(NodeTestTask.java:139)
	at app//org.junit.platform.engine.support.hierarchical.ThrowableCollector.execute(ThrowableCollector.java:73)
	at app//org.junit.platform.engine.support.hierarchical.NodeTestTask.executeRecursively(NodeTestTask.java:138)
	at app//org.junit.platform.engine.support.hierarchical.NodeTestTask.execute(NodeTestTask.java:95)
	at app//org.junit.platform.engine.support.hierarchical.SameThreadHierarchicalTestExecutorService.submit(SameThreadHierarchicalTestExecutorService.java:35)
	at app//org.junit.platform.engine.support.hierarchical.NodeTestTask$DefaultDynamicTestExecutor.execute(NodeTestTask.java:226)
	at app//org.junit.platform.engine.support.hierarchical.NodeTestTask$DefaultDynamicTestExecutor.execute(NodeTestTask.java:204)
	at app//org.junit.jupiter.engine.descriptor.TestTemplateTestDescriptor.execute(TestTemplateTestDescriptor.java:142)
	at app//org.junit.jupiter.engine.descriptor.TestTemplateTestDescriptor.lambda$execute$2(TestTemplateTestDescriptor.java:110)
	at java.base@11.0.19/java.util.stream.ForEachOps$ForEachOp$OfRef.accept(ForEachOps.java:183)
	at java.base@11.0.19/java.util.stream.ReferencePipeline$3$1.accept(ReferencePipeline.java:195)
	at java.base@11.0.19/java.util.stream.ReferencePipeline$2$1.accept(ReferencePipeline.java:177)
	at java.base@11.0.19/java.util.stream.ReferencePipeline$3$1.accept(ReferencePipeline.java:195)
	at java.base@11.0.19/java.util.stream.ForEachOps$ForEachOp$OfRef.accept(ForEachOps.java:183)
	at java.base@11.0.19/java.util.stream.ReferencePipeline$3$1.accept(ReferencePipeline.java:195)
	at java.base@11.0.19/java.util.stream.ReferencePipeline$3$1.accept(ReferencePipeline.java:195)
	at java.base@11.0.19/java.util.stream.ReferencePipeline$3$1.accept(ReferencePipeline.java:195)
	at java.base@11.0.19/java.util.stream.ForEachOps$ForEachOp$OfRef.accept(ForEachOps.java:183)
	at java.base@11.0.19/java.util.stream.ReferencePipeline$3$1.accept(ReferencePipeline.java:195)
	at java.base@11.0.19/java.util.ArrayList$ArrayListSpliterator.forEachRemaining(ArrayList.java:1655)
	at java.base@11.0.19/java.util.stream.ReferencePipeline$Head.forEach(ReferencePipeline.java:658)
	at java.base@11.0.19/java.util.stream.ReferencePipeline$7$1.accept(ReferencePipeline.java:274)
	at java.base@11.0.19/java.util.stream.ReferencePipeline$3$1.accept(ReferencePipeline.java:195)
	at java.base@11.0.19/java.util.stream.ReferencePipeline$3$1.accept(ReferencePipeline.java:195)
	at java.base@11.0.19/java.util.Spliterators$ArraySpliterator.forEachRemaining(Spliterators.java:948)
	at java.base@11.0.19/java.util.stream.AbstractPipeline.copyInto(AbstractPipeline.java:484)
	at java.base@11.0.19/java.util.stream.AbstractPipeline.wrapAndCopyInto(AbstractPipeline.java:474)
	at java.base@11.0.19/java.util.stream.ForEachOps$ForEachOp.evaluateSequential(ForEachOps.java:150)
	at java.base@11.0.19/java.util.stream.ForEachOps$ForEachOp$OfRef.evaluateSequential(ForEachOps.java:173)
	at java.base@11.0.19/java.util.stream.AbstractPipeline.evaluate(AbstractPipeline.java:234)
	at java.base@11.0.19/java.util.stream.ReferencePipeline.forEach(ReferencePipeline.java:497)
	at java.base@11.0.19/java.util.stream.ReferencePipeline$7$1.accept(ReferencePipeline.java:274)
	at java.base@11.0.19/java.util.stream.ReferencePipeline$3$1.accept(ReferencePipeline.java:195)
	at java.base@11.0.19/java.util.stream.ReferencePipeline$3$1.accept(ReferencePipeline.java:195)
	at java.base@11.0.19/java.util.stream.ReferencePipeline$3$1.accept(ReferencePipeline.java:195)
	at java.base@11.0.19/java.util.ArrayList$ArrayListSpliterator.forEachRemaining(ArrayList.java:1655)
	at java.base@11.0.19/java.util.stream.AbstractPipeline.copyInto(AbstractPipeline.java:484)
	at java.base@11.0.19/java.util.stream.AbstractPipeline.wrapAndCopyInto(AbstractPipeline.java:474)
	at java.base@11.0.19/java.util.stream.ForEachOps$ForEachOp.evaluateSequential(ForEachOps.java:150)
	at java.base@11.0.19/java.util.stream.ForEachOps$ForEachOp$OfRef.evaluateSequential(ForEachOps.java:173)
	at java.base@11.0.19/java.util.stream.AbstractPipeline.evaluate(AbstractPipeline.java:234)
	at java.base@11.0.19/java.util.stream.ReferencePipeline.forEach(ReferencePipeline.java:497)
	at java.base@11.0.19/java.util.stream.ReferencePipeline$7$1.accept(ReferencePipeline.java:274)
	at java.base@11.0.19/java.util.ArrayList$ArrayListSpliterator.forEachRemaining(ArrayList.java:1655)
	at java.base@11.0.19/java.util.stream.AbstractPipeline.copyInto(AbstractPipeline.java:484)
	at java.base@11.0.19/java.util.stream.AbstractPipeline.wrapAndCopyInto(AbstractPipeline.java:474)
	at java.base@11.0.19/java.util.stream.ForEachOps$ForEachOp.evaluateSequential(ForEachOps.java:150)
	at java.base@11.0.19/java.util.stream.ForEachOps$ForEachOp$OfRef.evaluateSequential(ForEachOps.java:173)
	at java.base@11.0.19/java.util.stream.AbstractPipeline.evaluate(AbstractPipeline.java:234)
	at java.base@11.0.19/java.util.stream.ReferencePipeline.forEach(ReferencePipeline.java:497)
	at app//org.junit.jupiter.engine.descriptor.TestTemplateTestDescriptor.execute(TestTemplateTestDescriptor.java:110)
	at app//org.junit.jupiter.engine.descriptor.TestTemplateTestDescriptor.execute(TestTemplateTestDescriptor.java:44)
	at app//org.junit.platform.engine.support.hierarchical.NodeTestTask.lambda$executeRecursively$6(NodeTestTask.java:151)
	at app//org.junit.platform.engine.support.hierarchical.ThrowableCollector.execute(ThrowableCollector.java:73)
	at app//org.junit.platform.engine.support.hierarchical.NodeTestTask.lambda$executeRecursively$8(NodeTestTask.java:141)
	at app//org.junit.platform.engine.support.hierarchical.Node.around(Node.java:137)
	at app//org.junit.platform.engine.support.hierarchical.NodeTestTask.lambda$executeRecursively$9(NodeTestTask.java:139)
	at app//org.junit.platform.engine.support.hierarchical.ThrowableCollector.execute(ThrowableCollector.java:73)
	at app//org.junit.platform.engine.support.hierarchical.NodeTestTask.executeRecursively(NodeTestTask.java:138)
	at app//org.junit.platform.engine.support.hierarchical.NodeTestTask.execute(NodeTestTask.java:95)
	at java.base@11.0.19/java.util.ArrayList.forEach(ArrayList.java:1541)
	at app//org.junit.platform.engine.support.hierarchical.SameThreadHierarchicalTestExecutorService.invokeAll(SameThreadHierarchicalTestExecutorService.java:41)
	at app//org.junit.platform.engine.support.hierarchical.NodeTestTask.lambda$executeRecursively$6(NodeTestTask.java:155)
	at app//org.junit.platform.engine.support.hierarchical.ThrowableCollector.execute(ThrowableCollector.java:73)
	at app//org.junit.platform.engine.support.hierarchical.NodeTestTask.lambda$executeRecursively$8(NodeTestTask.java:141)
	at app//org.junit.platform.engine.support.hierarchical.Node.around(Node.java:137)
	at app//org.junit.platform.engine.support.hierarchical.NodeTestTask.lambda$executeRecursively$9(NodeTestTask.java:139)
	at app//org.junit.platform.engine.support.hierarchical.ThrowableCollector.execute(ThrowableCollector.java:73)
	at app//org.junit.platform.engine.support.hierarchical.NodeTestTask.executeRecursively(NodeTestTask.java:138)
	at app//org.junit.platform.engine.support.hierarchical.NodeTestTask.execute(NodeTestTask.java:95)
	at java.base@11.0.19/java.util.ArrayList.forEach(ArrayList.java:1541)
	at app//org.junit.platform.engine.support.hierarchical.SameThreadHierarchicalTestExecutorService.invokeAll(SameThreadHierarchicalTestExecutorService.java:41)
	at app//org.junit.platform.engine.support.hierarchical.NodeTestTask.lambda$executeRecursively$6(NodeTestTask.java:155)
	at app//org.junit.platform.engine.support.hierarchical.ThrowableCollector.execute(ThrowableCollector.java:73)
	at app//org.junit.platform.engine.support.hierarchical.NodeTestTask.lambda$executeRecursively$8(NodeTestTask.java:141)
	at app//org.junit.platform.engine.support.hierarchical.Node.around(Node.java:137)
	at app//org.junit.platform.engine.support.hierarchical.NodeTestTask.lambda$executeRecursively$9(NodeTestTask.java:139)
	at app//org.junit.platform.engine.support.hierarchical.ThrowableCollector.execute(ThrowableCollector.java:73)
	at app//org.junit.platform.engine.support.hierarchical.NodeTestTask.executeRecursively(NodeTestTask.java:138)
	at app//org.junit.platform.engine.support.hierarchical.NodeTestTask.execute(NodeTestTask.java:95)
	at app//org.junit.platform.engine.support.hierarchical.SameThreadHierarchicalTestExecutorService.submit(SameThreadHierarchicalTestExecutorService.java:35)
	at app//org.junit.platform.engine.support.hierarchical.HierarchicalTestExecutor.execute(HierarchicalTestExecutor.java:57)
	at app//org.junit.platform.engine.support.hierarchical.HierarchicalTestEngine.execute(HierarchicalTestEngine.java:54)
	at app//org.junit.platform.launcher.core.EngineExecutionOrchestrator.execute(EngineExecutionOrchestrator.java:107)
	at app//org.junit.platform.launcher.core.EngineExecutionOrchestrator.execute(EngineExecutionOrchestrator.java:88)
	at app//org.junit.platform.launcher.core.EngineExecutionOrchestrator.lambda$execute$0(EngineExecutionOrchestrator.java:54)
	at app//org.junit.platform.launcher.core.EngineExecutionOrchestrator.withInterceptedStreams(EngineExecutionOrchestrator.java:67)
	at app//org.junit.platform.launcher.core.EngineExecutionOrchestrator.execute(EngineExecutionOrchestrator.java:52)
	at app//org.junit.platform.launcher.core.DefaultLauncher.execute(DefaultLauncher.java:114)
	at app//org.junit.platform.launcher.core.DefaultLauncher.execute(DefaultLauncher.java:86)
	at app//org.junit.platform.launcher.core.DefaultLauncherSession$DelegatingLauncher.execute(DefaultLauncherSession.java:86)
	at org.gradle.api.internal.tasks.testing.junitplatform.JUnitPlatformTestClassProcessor$CollectAllTestClassesExecutor.processAllTestClasses(JUnitPlatformTestClassProcessor.java:110)
	at org.gradle.api.internal.tasks.testing.junitplatform.JUnitPlatformTestClassProcessor$CollectAllTestClassesExecutor.access$000(JUnitPlatformTestClassProcessor.java:90)
	at org.gradle.api.internal.tasks.testing.junitplatform.JUnitPlatformTestClassProcessor.stop(JUnitPlatformTestClassProcessor.java:85)
	at org.gradle.api.internal.tasks.testing.SuiteTestClassProcessor.stop(SuiteTestClassProcessor.java:62)
	at java.base@11.0.19/jdk.internal.reflect.NativeMethodAccessorImpl.invoke0(Native Method)
	at java.base@11.0.19/jdk.internal.reflect.NativeMethodAccessorImpl.invoke(NativeMethodAccessorImpl.java:62)
	at java.base@11.0.19/jdk.internal.reflect.DelegatingMethodAccessorImpl.invoke(DelegatingMethodAccessorImpl.java:43)
	at java.base@11.0.19/java.lang.reflect.Method.invoke(Method.java:566)
	at org.gradle.internal.dispatch.ReflectionDispatch.dispatch(ReflectionDispatch.java:36)
	at org.gradle.internal.dispatch.ReflectionDispatch.dispatch(ReflectionDispatch.java:24)
	at org.gradle.internal.dispatch.ContextClassLoaderDispatch.dispatch(ContextClassLoaderDispatch.java:33)
	at org.gradle.internal.dispatch.ProxyDispatchAdapter$DispatchingInvocationHandler.invoke(ProxyDispatchAdapter.java:94)
	at com.sun.proxy.$Proxy5.stop(Unknown Source)
	at org.gradle.api.internal.tasks.testing.worker.TestWorker$3.run(TestWorker.java:193)
	at org.gradle.api.internal.tasks.testing.worker.TestWorker.executeAndMaintainThreadName(TestWorker.java:129)
	at org.gradle.api.internal.tasks.testing.worker.TestWorker.execute(TestWorker.java:100)
	at org.gradle.api.internal.tasks.testing.worker.TestWorker.execute(TestWorker.java:60)
	at org.gradle.process.internal.worker.child.ActionExecutionWorker.execute(ActionExecutionWorker.java:56)
	at org.gradle.process.internal.worker.child.SystemApplicationClassLoaderWorker.call(SystemApplicationClassLoaderWorker.java:113)
	at org.gradle.process.internal.worker.child.SystemApplicationClassLoaderWorker.call(SystemApplicationClassLoaderWorker.java:65)
	at app//worker.org.gradle.process.internal.worker.GradleWorkerMain.run(GradleWorkerMain.java:69)
	at app//worker.org.gradle.process.internal.worker.GradleWorkerMain.main(GradleWorkerMain.java:74)
Caused by: java.lang.AssertionError: A reference was unexpectedly null.
	at com.github.javaparser.utils.Utils.assertNotNull(Utils.java:60)
	at com.github.javaparser.ast.expr.AssignExpr.setValue(AssignExpr.java:186)
	at com.github.javaparser.ast.expr.AssignExpr.&lt;init&gt;(AssignExpr.java:127)
	at com.github.javaparser.ast.expr.AssignExpr.&lt;init&gt;(AssignExpr.java:117)
	at de.uka.ilkd.key.java.transformations.AstFactory.assign(AstFactory.java:106)
	at de.uka.ilkd.key.java.transformations.pipeline.PrepareObjectBuilder.defaultSettings(PrepareObjectBuilder.java:80)
	at de.uka.ilkd.key.java.transformations.pipeline.PrepareObjectBuilder.createPrepareBody(PrepareObjectBuilder.java:100)
	at de.uka.ilkd.key.java.transformations.pipeline.PrepareObjectBuilder.createMethod(PrepareObjectBuilder.java:119)
	at de.uka.ilkd.key.java.transformations.pipeline.PrepareObjectBuilder.apply(PrepareObjectBuilder.java:148)
	at de.uka.ilkd.key.java.transformations.KeYJavaPipeline.apply(KeYJavaPipeline.java:61)
	at de.uka.ilkd.key.java.transformations.KeYJavaPipeline.apply(KeYJavaPipeline.java:54)
	at de.uka.ilkd.key.java.JavaService.transformModel(JavaService.java:582)
	at de.uka.ilkd.key.java.JavaService.parseLibraryClasses0(JavaService.java:528)
	at de.uka.ilkd.key.java.JavaService.parseSpecialClasses(JavaService.java:511)
	at de.uka.ilkd.key.proof.init.ProblemInitializer.readJava(ProblemInitializer.java:280)
	at de.uka.ilkd.key.proof.init.ProblemInitializer.prepare(ProblemInitializer.java:529)
	at de.uka.ilkd.key.proof.init.ProblemInitializer.prepare(ProblemInitializer.java:471)
	at de.uka.ilkd.key.proof.io.AbstractProblemLoader.createInitConfig(AbstractProblemLoader.java:558)
	at de.uka.ilkd.key.proof.io.AbstractProblemLoader.loadEnvironment(AbstractProblemLoader.java:318)
	at de.uka.ilkd.key.proof.io.AbstractProblemLoader.load(AbstractProblemLoader.java:276)
	at de.uka.ilkd.key.proof.io.AbstractProblemLoader.load(AbstractProblemLoader.java:258)
	at de.uka.ilkd.key.control.AbstractUserInterfaceControl.load(AbstractUserInterfaceControl.java:212)
	... 146 more
</failure>
  </testcase>
  <testcase name="[4] singleton.dl, &#10;  \forall Object o; \forall Field f; \forall Object o2; \forall Field f2;&#10;    ( elementOf(o,f, singleton(o2,f2))&lt;&lt;Trigger&gt;&gt; &lt;-&gt;&#10;      o = o2 &amp; f = f2 )&#10;" classname="de.uka.ilkd.key.smt.newsmt2.ProveSMTLemmasTest" time="0.124">
    <failure message="A reference was unexpectedly null. (file: C:\Users\RUNNER~1\AppData\Local\Temp\SMT_lemma_singleton.dl_2525185646120436024.key; caused by: java.lang.AssertionError: A reference was unexpectedly null.)" type="de.uka.ilkd.key.proof.io.ProblemLoaderException">A reference was unexpectedly null. (file: C:\Users\RUNNER~1\AppData\Local\Temp\SMT_lemma_singleton.dl_2525185646120436024.key; caused by: java.lang.AssertionError: A reference was unexpectedly null.)
	at app//de.uka.ilkd.key.control.AbstractUserInterfaceControl.load(AbstractUserInterfaceControl.java:225)
	at app//de.uka.ilkd.key.control.KeYEnvironment.load(KeYEnvironment.java:282)
	at app//de.uka.ilkd.key.control.KeYEnvironment.load(KeYEnvironment.java:251)
	at app//de.uka.ilkd.key.control.KeYEnvironment.load(KeYEnvironment.java:225)
	at app//de.uka.ilkd.key.control.KeYEnvironment.load(KeYEnvironment.java:185)
	at app//de.uka.ilkd.key.control.KeYEnvironment.load(KeYEnvironment.java:292)
	at app//de.uka.ilkd.key.smt.newsmt2.ProveSMTLemmasTest.testSMTLemmaSoundness(ProveSMTLemmasTest.java:72)
	at java.base@11.0.19/jdk.internal.reflect.NativeMethodAccessorImpl.invoke0(Native Method)
	at java.base@11.0.19/jdk.internal.reflect.NativeMethodAccessorImpl.invoke(NativeMethodAccessorImpl.java:62)
	at java.base@11.0.19/jdk.internal.reflect.DelegatingMethodAccessorImpl.invoke(DelegatingMethodAccessorImpl.java:43)
	at java.base@11.0.19/java.lang.reflect.Method.invoke(Method.java:566)
	at app//org.junit.platform.commons.util.ReflectionUtils.invokeMethod(ReflectionUtils.java:727)
	at app//org.junit.jupiter.engine.execution.MethodInvocation.proceed(MethodInvocation.java:60)
	at app//org.junit.jupiter.engine.execution.InvocationInterceptorChain$ValidatingInvocation.proceed(InvocationInterceptorChain.java:131)
	at app//org.junit.jupiter.engine.extension.TimeoutExtension.intercept(TimeoutExtension.java:156)
	at app//org.junit.jupiter.engine.extension.TimeoutExtension.interceptTestableMethod(TimeoutExtension.java:147)
	at app//org.junit.jupiter.engine.extension.TimeoutExtension.interceptTestTemplateMethod(TimeoutExtension.java:94)
	at app//org.junit.jupiter.engine.execution.InterceptingExecutableInvoker$ReflectiveInterceptorCall.lambda$ofVoidMethod$0(InterceptingExecutableInvoker.java:103)
	at app//org.junit.jupiter.engine.execution.InterceptingExecutableInvoker.lambda$invoke$0(InterceptingExecutableInvoker.java:93)
	at app//org.junit.jupiter.engine.execution.InvocationInterceptorChain$InterceptedInvocation.proceed(InvocationInterceptorChain.java:106)
	at app//org.junit.jupiter.engine.execution.InvocationInterceptorChain.proceed(InvocationInterceptorChain.java:64)
	at app//org.junit.jupiter.engine.execution.InvocationInterceptorChain.chainAndInvoke(InvocationInterceptorChain.java:45)
	at app//org.junit.jupiter.engine.execution.InvocationInterceptorChain.invoke(InvocationInterceptorChain.java:37)
	at app//org.junit.jupiter.engine.execution.InterceptingExecutableInvoker.invoke(InterceptingExecutableInvoker.java:92)
	at app//org.junit.jupiter.engine.execution.InterceptingExecutableInvoker.invoke(InterceptingExecutableInvoker.java:86)
	at app//org.junit.jupiter.engine.descriptor.TestMethodTestDescriptor.lambda$invokeTestMethod$7(TestMethodTestDescriptor.java:217)
	at app//org.junit.platform.engine.support.hierarchical.ThrowableCollector.execute(ThrowableCollector.java:73)
	at app//org.junit.jupiter.engine.descriptor.TestMethodTestDescriptor.invokeTestMethod(TestMethodTestDescriptor.java:213)
	at app//org.junit.jupiter.engine.descriptor.TestMethodTestDescriptor.execute(TestMethodTestDescriptor.java:138)
	at app//org.junit.jupiter.engine.descriptor.TestMethodTestDescriptor.execute(TestMethodTestDescriptor.java:68)
	at app//org.junit.platform.engine.support.hierarchical.NodeTestTask.lambda$executeRecursively$6(NodeTestTask.java:151)
	at app//org.junit.platform.engine.support.hierarchical.ThrowableCollector.execute(ThrowableCollector.java:73)
	at app//org.junit.platform.engine.support.hierarchical.NodeTestTask.lambda$executeRecursively$8(NodeTestTask.java:141)
	at app//org.junit.platform.engine.support.hierarchical.Node.around(Node.java:137)
	at app//org.junit.platform.engine.support.hierarchical.NodeTestTask.lambda$executeRecursively$9(NodeTestTask.java:139)
	at app//org.junit.platform.engine.support.hierarchical.ThrowableCollector.execute(ThrowableCollector.java:73)
	at app//org.junit.platform.engine.support.hierarchical.NodeTestTask.executeRecursively(NodeTestTask.java:138)
	at app//org.junit.platform.engine.support.hierarchical.NodeTestTask.execute(NodeTestTask.java:95)
	at app//org.junit.platform.engine.support.hierarchical.SameThreadHierarchicalTestExecutorService.submit(SameThreadHierarchicalTestExecutorService.java:35)
	at app//org.junit.platform.engine.support.hierarchical.NodeTestTask$DefaultDynamicTestExecutor.execute(NodeTestTask.java:226)
	at app//org.junit.platform.engine.support.hierarchical.NodeTestTask$DefaultDynamicTestExecutor.execute(NodeTestTask.java:204)
	at app//org.junit.jupiter.engine.descriptor.TestTemplateTestDescriptor.execute(TestTemplateTestDescriptor.java:142)
	at app//org.junit.jupiter.engine.descriptor.TestTemplateTestDescriptor.lambda$execute$2(TestTemplateTestDescriptor.java:110)
	at java.base@11.0.19/java.util.stream.ForEachOps$ForEachOp$OfRef.accept(ForEachOps.java:183)
	at java.base@11.0.19/java.util.stream.ReferencePipeline$3$1.accept(ReferencePipeline.java:195)
	at java.base@11.0.19/java.util.stream.ReferencePipeline$2$1.accept(ReferencePipeline.java:177)
	at java.base@11.0.19/java.util.stream.ReferencePipeline$3$1.accept(ReferencePipeline.java:195)
	at java.base@11.0.19/java.util.stream.ForEachOps$ForEachOp$OfRef.accept(ForEachOps.java:183)
	at java.base@11.0.19/java.util.stream.ReferencePipeline$3$1.accept(ReferencePipeline.java:195)
	at java.base@11.0.19/java.util.stream.ReferencePipeline$3$1.accept(ReferencePipeline.java:195)
	at java.base@11.0.19/java.util.stream.ReferencePipeline$3$1.accept(ReferencePipeline.java:195)
	at java.base@11.0.19/java.util.stream.ForEachOps$ForEachOp$OfRef.accept(ForEachOps.java:183)
	at java.base@11.0.19/java.util.stream.ReferencePipeline$3$1.accept(ReferencePipeline.java:195)
	at java.base@11.0.19/java.util.ArrayList$ArrayListSpliterator.forEachRemaining(ArrayList.java:1655)
	at java.base@11.0.19/java.util.stream.ReferencePipeline$Head.forEach(ReferencePipeline.java:658)
	at java.base@11.0.19/java.util.stream.ReferencePipeline$7$1.accept(ReferencePipeline.java:274)
	at java.base@11.0.19/java.util.stream.ReferencePipeline$3$1.accept(ReferencePipeline.java:195)
	at java.base@11.0.19/java.util.stream.ReferencePipeline$3$1.accept(ReferencePipeline.java:195)
	at java.base@11.0.19/java.util.Spliterators$ArraySpliterator.forEachRemaining(Spliterators.java:948)
	at java.base@11.0.19/java.util.stream.AbstractPipeline.copyInto(AbstractPipeline.java:484)
	at java.base@11.0.19/java.util.stream.AbstractPipeline.wrapAndCopyInto(AbstractPipeline.java:474)
	at java.base@11.0.19/java.util.stream.ForEachOps$ForEachOp.evaluateSequential(ForEachOps.java:150)
	at java.base@11.0.19/java.util.stream.ForEachOps$ForEachOp$OfRef.evaluateSequential(ForEachOps.java:173)
	at java.base@11.0.19/java.util.stream.AbstractPipeline.evaluate(AbstractPipeline.java:234)
	at java.base@11.0.19/java.util.stream.ReferencePipeline.forEach(ReferencePipeline.java:497)
	at java.base@11.0.19/java.util.stream.ReferencePipeline$7$1.accept(ReferencePipeline.java:274)
	at java.base@11.0.19/java.util.stream.ReferencePipeline$3$1.accept(ReferencePipeline.java:195)
	at java.base@11.0.19/java.util.stream.ReferencePipeline$3$1.accept(ReferencePipeline.java:195)
	at java.base@11.0.19/java.util.stream.ReferencePipeline$3$1.accept(ReferencePipeline.java:195)
	at java.base@11.0.19/java.util.ArrayList$ArrayListSpliterator.forEachRemaining(ArrayList.java:1655)
	at java.base@11.0.19/java.util.stream.AbstractPipeline.copyInto(AbstractPipeline.java:484)
	at java.base@11.0.19/java.util.stream.AbstractPipeline.wrapAndCopyInto(AbstractPipeline.java:474)
	at java.base@11.0.19/java.util.stream.ForEachOps$ForEachOp.evaluateSequential(ForEachOps.java:150)
	at java.base@11.0.19/java.util.stream.ForEachOps$ForEachOp$OfRef.evaluateSequential(ForEachOps.java:173)
	at java.base@11.0.19/java.util.stream.AbstractPipeline.evaluate(AbstractPipeline.java:234)
	at java.base@11.0.19/java.util.stream.ReferencePipeline.forEach(ReferencePipeline.java:497)
	at java.base@11.0.19/java.util.stream.ReferencePipeline$7$1.accept(ReferencePipeline.java:274)
	at java.base@11.0.19/java.util.ArrayList$ArrayListSpliterator.forEachRemaining(ArrayList.java:1655)
	at java.base@11.0.19/java.util.stream.AbstractPipeline.copyInto(AbstractPipeline.java:484)
	at java.base@11.0.19/java.util.stream.AbstractPipeline.wrapAndCopyInto(AbstractPipeline.java:474)
	at java.base@11.0.19/java.util.stream.ForEachOps$ForEachOp.evaluateSequential(ForEachOps.java:150)
	at java.base@11.0.19/java.util.stream.ForEachOps$ForEachOp$OfRef.evaluateSequential(ForEachOps.java:173)
	at java.base@11.0.19/java.util.stream.AbstractPipeline.evaluate(AbstractPipeline.java:234)
	at java.base@11.0.19/java.util.stream.ReferencePipeline.forEach(ReferencePipeline.java:497)
	at app//org.junit.jupiter.engine.descriptor.TestTemplateTestDescriptor.execute(TestTemplateTestDescriptor.java:110)
	at app//org.junit.jupiter.engine.descriptor.TestTemplateTestDescriptor.execute(TestTemplateTestDescriptor.java:44)
	at app//org.junit.platform.engine.support.hierarchical.NodeTestTask.lambda$executeRecursively$6(NodeTestTask.java:151)
	at app//org.junit.platform.engine.support.hierarchical.ThrowableCollector.execute(ThrowableCollector.java:73)
	at app//org.junit.platform.engine.support.hierarchical.NodeTestTask.lambda$executeRecursively$8(NodeTestTask.java:141)
	at app//org.junit.platform.engine.support.hierarchical.Node.around(Node.java:137)
	at app//org.junit.platform.engine.support.hierarchical.NodeTestTask.lambda$executeRecursively$9(NodeTestTask.java:139)
	at app//org.junit.platform.engine.support.hierarchical.ThrowableCollector.execute(ThrowableCollector.java:73)
	at app//org.junit.platform.engine.support.hierarchical.NodeTestTask.executeRecursively(NodeTestTask.java:138)
	at app//org.junit.platform.engine.support.hierarchical.NodeTestTask.execute(NodeTestTask.java:95)
	at java.base@11.0.19/java.util.ArrayList.forEach(ArrayList.java:1541)
	at app//org.junit.platform.engine.support.hierarchical.SameThreadHierarchicalTestExecutorService.invokeAll(SameThreadHierarchicalTestExecutorService.java:41)
	at app//org.junit.platform.engine.support.hierarchical.NodeTestTask.lambda$executeRecursively$6(NodeTestTask.java:155)
	at app//org.junit.platform.engine.support.hierarchical.ThrowableCollector.execute(ThrowableCollector.java:73)
	at app//org.junit.platform.engine.support.hierarchical.NodeTestTask.lambda$executeRecursively$8(NodeTestTask.java:141)
	at app//org.junit.platform.engine.support.hierarchical.Node.around(Node.java:137)
	at app//org.junit.platform.engine.support.hierarchical.NodeTestTask.lambda$executeRecursively$9(NodeTestTask.java:139)
	at app//org.junit.platform.engine.support.hierarchical.ThrowableCollector.execute(ThrowableCollector.java:73)
	at app//org.junit.platform.engine.support.hierarchical.NodeTestTask.executeRecursively(NodeTestTask.java:138)
	at app//org.junit.platform.engine.support.hierarchical.NodeTestTask.execute(NodeTestTask.java:95)
	at java.base@11.0.19/java.util.ArrayList.forEach(ArrayList.java:1541)
	at app//org.junit.platform.engine.support.hierarchical.SameThreadHierarchicalTestExecutorService.invokeAll(SameThreadHierarchicalTestExecutorService.java:41)
	at app//org.junit.platform.engine.support.hierarchical.NodeTestTask.lambda$executeRecursively$6(NodeTestTask.java:155)
	at app//org.junit.platform.engine.support.hierarchical.ThrowableCollector.execute(ThrowableCollector.java:73)
	at app//org.junit.platform.engine.support.hierarchical.NodeTestTask.lambda$executeRecursively$8(NodeTestTask.java:141)
	at app//org.junit.platform.engine.support.hierarchical.Node.around(Node.java:137)
	at app//org.junit.platform.engine.support.hierarchical.NodeTestTask.lambda$executeRecursively$9(NodeTestTask.java:139)
	at app//org.junit.platform.engine.support.hierarchical.ThrowableCollector.execute(ThrowableCollector.java:73)
	at app//org.junit.platform.engine.support.hierarchical.NodeTestTask.executeRecursively(NodeTestTask.java:138)
	at app//org.junit.platform.engine.support.hierarchical.NodeTestTask.execute(NodeTestTask.java:95)
	at app//org.junit.platform.engine.support.hierarchical.SameThreadHierarchicalTestExecutorService.submit(SameThreadHierarchicalTestExecutorService.java:35)
	at app//org.junit.platform.engine.support.hierarchical.HierarchicalTestExecutor.execute(HierarchicalTestExecutor.java:57)
	at app//org.junit.platform.engine.support.hierarchical.HierarchicalTestEngine.execute(HierarchicalTestEngine.java:54)
	at app//org.junit.platform.launcher.core.EngineExecutionOrchestrator.execute(EngineExecutionOrchestrator.java:107)
	at app//org.junit.platform.launcher.core.EngineExecutionOrchestrator.execute(EngineExecutionOrchestrator.java:88)
	at app//org.junit.platform.launcher.core.EngineExecutionOrchestrator.lambda$execute$0(EngineExecutionOrchestrator.java:54)
	at app//org.junit.platform.launcher.core.EngineExecutionOrchestrator.withInterceptedStreams(EngineExecutionOrchestrator.java:67)
	at app//org.junit.platform.launcher.core.EngineExecutionOrchestrator.execute(EngineExecutionOrchestrator.java:52)
	at app//org.junit.platform.launcher.core.DefaultLauncher.execute(DefaultLauncher.java:114)
	at app//org.junit.platform.launcher.core.DefaultLauncher.execute(DefaultLauncher.java:86)
	at app//org.junit.platform.launcher.core.DefaultLauncherSession$DelegatingLauncher.execute(DefaultLauncherSession.java:86)
	at org.gradle.api.internal.tasks.testing.junitplatform.JUnitPlatformTestClassProcessor$CollectAllTestClassesExecutor.processAllTestClasses(JUnitPlatformTestClassProcessor.java:110)
	at org.gradle.api.internal.tasks.testing.junitplatform.JUnitPlatformTestClassProcessor$CollectAllTestClassesExecutor.access$000(JUnitPlatformTestClassProcessor.java:90)
	at org.gradle.api.internal.tasks.testing.junitplatform.JUnitPlatformTestClassProcessor.stop(JUnitPlatformTestClassProcessor.java:85)
	at org.gradle.api.internal.tasks.testing.SuiteTestClassProcessor.stop(SuiteTestClassProcessor.java:62)
	at java.base@11.0.19/jdk.internal.reflect.NativeMethodAccessorImpl.invoke0(Native Method)
	at java.base@11.0.19/jdk.internal.reflect.NativeMethodAccessorImpl.invoke(NativeMethodAccessorImpl.java:62)
	at java.base@11.0.19/jdk.internal.reflect.DelegatingMethodAccessorImpl.invoke(DelegatingMethodAccessorImpl.java:43)
	at java.base@11.0.19/java.lang.reflect.Method.invoke(Method.java:566)
	at org.gradle.internal.dispatch.ReflectionDispatch.dispatch(ReflectionDispatch.java:36)
	at org.gradle.internal.dispatch.ReflectionDispatch.dispatch(ReflectionDispatch.java:24)
	at org.gradle.internal.dispatch.ContextClassLoaderDispatch.dispatch(ContextClassLoaderDispatch.java:33)
	at org.gradle.internal.dispatch.ProxyDispatchAdapter$DispatchingInvocationHandler.invoke(ProxyDispatchAdapter.java:94)
	at com.sun.proxy.$Proxy5.stop(Unknown Source)
	at org.gradle.api.internal.tasks.testing.worker.TestWorker$3.run(TestWorker.java:193)
	at org.gradle.api.internal.tasks.testing.worker.TestWorker.executeAndMaintainThreadName(TestWorker.java:129)
	at org.gradle.api.internal.tasks.testing.worker.TestWorker.execute(TestWorker.java:100)
	at org.gradle.api.internal.tasks.testing.worker.TestWorker.execute(TestWorker.java:60)
	at org.gradle.process.internal.worker.child.ActionExecutionWorker.execute(ActionExecutionWorker.java:56)
	at org.gradle.process.internal.worker.child.SystemApplicationClassLoaderWorker.call(SystemApplicationClassLoaderWorker.java:113)
	at org.gradle.process.internal.worker.child.SystemApplicationClassLoaderWorker.call(SystemApplicationClassLoaderWorker.java:65)
	at app//worker.org.gradle.process.internal.worker.GradleWorkerMain.run(GradleWorkerMain.java:69)
	at app//worker.org.gradle.process.internal.worker.GradleWorkerMain.main(GradleWorkerMain.java:74)
Caused by: java.lang.AssertionError: A reference was unexpectedly null.
	at com.github.javaparser.utils.Utils.assertNotNull(Utils.java:60)
	at com.github.javaparser.ast.expr.AssignExpr.setValue(AssignExpr.java:186)
	at com.github.javaparser.ast.expr.AssignExpr.&lt;init&gt;(AssignExpr.java:127)
	at com.github.javaparser.ast.expr.AssignExpr.&lt;init&gt;(AssignExpr.java:117)
	at de.uka.ilkd.key.java.transformations.AstFactory.assign(AstFactory.java:106)
	at de.uka.ilkd.key.java.transformations.pipeline.PrepareObjectBuilder.defaultSettings(PrepareObjectBuilder.java:80)
	at de.uka.ilkd.key.java.transformations.pipeline.PrepareObjectBuilder.createPrepareBody(PrepareObjectBuilder.java:100)
	at de.uka.ilkd.key.java.transformations.pipeline.PrepareObjectBuilder.createMethod(PrepareObjectBuilder.java:119)
	at de.uka.ilkd.key.java.transformations.pipeline.PrepareObjectBuilder.apply(PrepareObjectBuilder.java:148)
	at de.uka.ilkd.key.java.transformations.KeYJavaPipeline.apply(KeYJavaPipeline.java:61)
	at de.uka.ilkd.key.java.transformations.KeYJavaPipeline.apply(KeYJavaPipeline.java:54)
	at de.uka.ilkd.key.java.JavaService.transformModel(JavaService.java:582)
	at de.uka.ilkd.key.java.JavaService.parseLibraryClasses0(JavaService.java:528)
	at de.uka.ilkd.key.java.JavaService.parseSpecialClasses(JavaService.java:511)
	at de.uka.ilkd.key.proof.init.ProblemInitializer.readJava(ProblemInitializer.java:280)
	at de.uka.ilkd.key.proof.init.ProblemInitializer.prepare(ProblemInitializer.java:529)
	at de.uka.ilkd.key.proof.init.ProblemInitializer.prepare(ProblemInitializer.java:471)
	at de.uka.ilkd.key.proof.io.AbstractProblemLoader.createInitConfig(AbstractProblemLoader.java:558)
	at de.uka.ilkd.key.proof.io.AbstractProblemLoader.loadEnvironment(AbstractProblemLoader.java:318)
	at de.uka.ilkd.key.proof.io.AbstractProblemLoader.load(AbstractProblemLoader.java:276)
	at de.uka.ilkd.key.proof.io.AbstractProblemLoader.load(AbstractProblemLoader.java:258)
	at de.uka.ilkd.key.control.AbstractUserInterfaceControl.load(AbstractUserInterfaceControl.java:212)
	... 146 more
</failure>
  </testcase>
  <testcase name="[5] create.dl, &#13;&#10;  \forall Heap h; \forall Object o; \forall Object o2; \forall Field f;&#13;&#10;      any::select(create(h, o), o2, f)&lt;&lt;Trigger&gt;&gt; =&#13;&#10;         \if(o = o2 &amp; o != null &amp; f = java.lang.Object::&lt;created&gt;)&#13;&#10;         \then(TRUE)&#13;&#10;         \else(any::select(h, o2, f))&#13;&#10;" classname="de.uka.ilkd.key.smt.newsmt2.ProveSMTLemmasTest" time="0.141">
    <failure message="A reference was unexpectedly null. (file: C:\Users\RUNNER~1\AppData\Local\Temp\SMT_lemma_create.dl_877929480113031657.key; caused by: java.lang.AssertionError: A reference was unexpectedly null.)" type="de.uka.ilkd.key.proof.io.ProblemLoaderException">A reference was unexpectedly null. (file: C:\Users\RUNNER~1\AppData\Local\Temp\SMT_lemma_create.dl_877929480113031657.key; caused by: java.lang.AssertionError: A reference was unexpectedly null.)
	at app//de.uka.ilkd.key.control.AbstractUserInterfaceControl.load(AbstractUserInterfaceControl.java:225)
	at app//de.uka.ilkd.key.control.KeYEnvironment.load(KeYEnvironment.java:282)
	at app//de.uka.ilkd.key.control.KeYEnvironment.load(KeYEnvironment.java:251)
	at app//de.uka.ilkd.key.control.KeYEnvironment.load(KeYEnvironment.java:225)
	at app//de.uka.ilkd.key.control.KeYEnvironment.load(KeYEnvironment.java:185)
	at app//de.uka.ilkd.key.control.KeYEnvironment.load(KeYEnvironment.java:292)
	at app//de.uka.ilkd.key.smt.newsmt2.ProveSMTLemmasTest.testSMTLemmaSoundness(ProveSMTLemmasTest.java:72)
	at java.base@11.0.19/jdk.internal.reflect.NativeMethodAccessorImpl.invoke0(Native Method)
	at java.base@11.0.19/jdk.internal.reflect.NativeMethodAccessorImpl.invoke(NativeMethodAccessorImpl.java:62)
	at java.base@11.0.19/jdk.internal.reflect.DelegatingMethodAccessorImpl.invoke(DelegatingMethodAccessorImpl.java:43)
	at java.base@11.0.19/java.lang.reflect.Method.invoke(Method.java:566)
	at app//org.junit.platform.commons.util.ReflectionUtils.invokeMethod(ReflectionUtils.java:727)
	at app//org.junit.jupiter.engine.execution.MethodInvocation.proceed(MethodInvocation.java:60)
	at app//org.junit.jupiter.engine.execution.InvocationInterceptorChain$ValidatingInvocation.proceed(InvocationInterceptorChain.java:131)
	at app//org.junit.jupiter.engine.extension.TimeoutExtension.intercept(TimeoutExtension.java:156)
	at app//org.junit.jupiter.engine.extension.TimeoutExtension.interceptTestableMethod(TimeoutExtension.java:147)
	at app//org.junit.jupiter.engine.extension.TimeoutExtension.interceptTestTemplateMethod(TimeoutExtension.java:94)
	at app//org.junit.jupiter.engine.execution.InterceptingExecutableInvoker$ReflectiveInterceptorCall.lambda$ofVoidMethod$0(InterceptingExecutableInvoker.java:103)
	at app//org.junit.jupiter.engine.execution.InterceptingExecutableInvoker.lambda$invoke$0(InterceptingExecutableInvoker.java:93)
	at app//org.junit.jupiter.engine.execution.InvocationInterceptorChain$InterceptedInvocation.proceed(InvocationInterceptorChain.java:106)
	at app//org.junit.jupiter.engine.execution.InvocationInterceptorChain.proceed(InvocationInterceptorChain.java:64)
	at app//org.junit.jupiter.engine.execution.InvocationInterceptorChain.chainAndInvoke(InvocationInterceptorChain.java:45)
	at app//org.junit.jupiter.engine.execution.InvocationInterceptorChain.invoke(InvocationInterceptorChain.java:37)
	at app//org.junit.jupiter.engine.execution.InterceptingExecutableInvoker.invoke(InterceptingExecutableInvoker.java:92)
	at app//org.junit.jupiter.engine.execution.InterceptingExecutableInvoker.invoke(InterceptingExecutableInvoker.java:86)
	at app//org.junit.jupiter.engine.descriptor.TestMethodTestDescriptor.lambda$invokeTestMethod$7(TestMethodTestDescriptor.java:217)
	at app//org.junit.platform.engine.support.hierarchical.ThrowableCollector.execute(ThrowableCollector.java:73)
	at app//org.junit.jupiter.engine.descriptor.TestMethodTestDescriptor.invokeTestMethod(TestMethodTestDescriptor.java:213)
	at app//org.junit.jupiter.engine.descriptor.TestMethodTestDescriptor.execute(TestMethodTestDescriptor.java:138)
	at app//org.junit.jupiter.engine.descriptor.TestMethodTestDescriptor.execute(TestMethodTestDescriptor.java:68)
	at app//org.junit.platform.engine.support.hierarchical.NodeTestTask.lambda$executeRecursively$6(NodeTestTask.java:151)
	at app//org.junit.platform.engine.support.hierarchical.ThrowableCollector.execute(ThrowableCollector.java:73)
	at app//org.junit.platform.engine.support.hierarchical.NodeTestTask.lambda$executeRecursively$8(NodeTestTask.java:141)
	at app//org.junit.platform.engine.support.hierarchical.Node.around(Node.java:137)
	at app//org.junit.platform.engine.support.hierarchical.NodeTestTask.lambda$executeRecursively$9(NodeTestTask.java:139)
	at app//org.junit.platform.engine.support.hierarchical.ThrowableCollector.execute(ThrowableCollector.java:73)
	at app//org.junit.platform.engine.support.hierarchical.NodeTestTask.executeRecursively(NodeTestTask.java:138)
	at app//org.junit.platform.engine.support.hierarchical.NodeTestTask.execute(NodeTestTask.java:95)
	at app//org.junit.platform.engine.support.hierarchical.SameThreadHierarchicalTestExecutorService.submit(SameThreadHierarchicalTestExecutorService.java:35)
	at app//org.junit.platform.engine.support.hierarchical.NodeTestTask$DefaultDynamicTestExecutor.execute(NodeTestTask.java:226)
	at app//org.junit.platform.engine.support.hierarchical.NodeTestTask$DefaultDynamicTestExecutor.execute(NodeTestTask.java:204)
	at app//org.junit.jupiter.engine.descriptor.TestTemplateTestDescriptor.execute(TestTemplateTestDescriptor.java:142)
	at app//org.junit.jupiter.engine.descriptor.TestTemplateTestDescriptor.lambda$execute$2(TestTemplateTestDescriptor.java:110)
	at java.base@11.0.19/java.util.stream.ForEachOps$ForEachOp$OfRef.accept(ForEachOps.java:183)
	at java.base@11.0.19/java.util.stream.ReferencePipeline$3$1.accept(ReferencePipeline.java:195)
	at java.base@11.0.19/java.util.stream.ReferencePipeline$2$1.accept(ReferencePipeline.java:177)
	at java.base@11.0.19/java.util.stream.ReferencePipeline$3$1.accept(ReferencePipeline.java:195)
	at java.base@11.0.19/java.util.stream.ForEachOps$ForEachOp$OfRef.accept(ForEachOps.java:183)
	at java.base@11.0.19/java.util.stream.ReferencePipeline$3$1.accept(ReferencePipeline.java:195)
	at java.base@11.0.19/java.util.stream.ReferencePipeline$3$1.accept(ReferencePipeline.java:195)
	at java.base@11.0.19/java.util.stream.ReferencePipeline$3$1.accept(ReferencePipeline.java:195)
	at java.base@11.0.19/java.util.stream.ForEachOps$ForEachOp$OfRef.accept(ForEachOps.java:183)
	at java.base@11.0.19/java.util.stream.ReferencePipeline$3$1.accept(ReferencePipeline.java:195)
	at java.base@11.0.19/java.util.ArrayList$ArrayListSpliterator.forEachRemaining(ArrayList.java:1655)
	at java.base@11.0.19/java.util.stream.ReferencePipeline$Head.forEach(ReferencePipeline.java:658)
	at java.base@11.0.19/java.util.stream.ReferencePipeline$7$1.accept(ReferencePipeline.java:274)
	at java.base@11.0.19/java.util.stream.ReferencePipeline$3$1.accept(ReferencePipeline.java:195)
	at java.base@11.0.19/java.util.stream.ReferencePipeline$3$1.accept(ReferencePipeline.java:195)
	at java.base@11.0.19/java.util.Spliterators$ArraySpliterator.forEachRemaining(Spliterators.java:948)
	at java.base@11.0.19/java.util.stream.AbstractPipeline.copyInto(AbstractPipeline.java:484)
	at java.base@11.0.19/java.util.stream.AbstractPipeline.wrapAndCopyInto(AbstractPipeline.java:474)
	at java.base@11.0.19/java.util.stream.ForEachOps$ForEachOp.evaluateSequential(ForEachOps.java:150)
	at java.base@11.0.19/java.util.stream.ForEachOps$ForEachOp$OfRef.evaluateSequential(ForEachOps.java:173)
	at java.base@11.0.19/java.util.stream.AbstractPipeline.evaluate(AbstractPipeline.java:234)
	at java.base@11.0.19/java.util.stream.ReferencePipeline.forEach(ReferencePipeline.java:497)
	at java.base@11.0.19/java.util.stream.ReferencePipeline$7$1.accept(ReferencePipeline.java:274)
	at java.base@11.0.19/java.util.stream.ReferencePipeline$3$1.accept(ReferencePipeline.java:195)
	at java.base@11.0.19/java.util.stream.ReferencePipeline$3$1.accept(ReferencePipeline.java:195)
	at java.base@11.0.19/java.util.stream.ReferencePipeline$3$1.accept(ReferencePipeline.java:195)
	at java.base@11.0.19/java.util.ArrayList$ArrayListSpliterator.forEachRemaining(ArrayList.java:1655)
	at java.base@11.0.19/java.util.stream.AbstractPipeline.copyInto(AbstractPipeline.java:484)
	at java.base@11.0.19/java.util.stream.AbstractPipeline.wrapAndCopyInto(AbstractPipeline.java:474)
	at java.base@11.0.19/java.util.stream.ForEachOps$ForEachOp.evaluateSequential(ForEachOps.java:150)
	at java.base@11.0.19/java.util.stream.ForEachOps$ForEachOp$OfRef.evaluateSequential(ForEachOps.java:173)
	at java.base@11.0.19/java.util.stream.AbstractPipeline.evaluate(AbstractPipeline.java:234)
	at java.base@11.0.19/java.util.stream.ReferencePipeline.forEach(ReferencePipeline.java:497)
	at java.base@11.0.19/java.util.stream.ReferencePipeline$7$1.accept(ReferencePipeline.java:274)
	at java.base@11.0.19/java.util.ArrayList$ArrayListSpliterator.forEachRemaining(ArrayList.java:1655)
	at java.base@11.0.19/java.util.stream.AbstractPipeline.copyInto(AbstractPipeline.java:484)
	at java.base@11.0.19/java.util.stream.AbstractPipeline.wrapAndCopyInto(AbstractPipeline.java:474)
	at java.base@11.0.19/java.util.stream.ForEachOps$ForEachOp.evaluateSequential(ForEachOps.java:150)
	at java.base@11.0.19/java.util.stream.ForEachOps$ForEachOp$OfRef.evaluateSequential(ForEachOps.java:173)
	at java.base@11.0.19/java.util.stream.AbstractPipeline.evaluate(AbstractPipeline.java:234)
	at java.base@11.0.19/java.util.stream.ReferencePipeline.forEach(ReferencePipeline.java:497)
	at app//org.junit.jupiter.engine.descriptor.TestTemplateTestDescriptor.execute(TestTemplateTestDescriptor.java:110)
	at app//org.junit.jupiter.engine.descriptor.TestTemplateTestDescriptor.execute(TestTemplateTestDescriptor.java:44)
	at app//org.junit.platform.engine.support.hierarchical.NodeTestTask.lambda$executeRecursively$6(NodeTestTask.java:151)
	at app//org.junit.platform.engine.support.hierarchical.ThrowableCollector.execute(ThrowableCollector.java:73)
	at app//org.junit.platform.engine.support.hierarchical.NodeTestTask.lambda$executeRecursively$8(NodeTestTask.java:141)
	at app//org.junit.platform.engine.support.hierarchical.Node.around(Node.java:137)
	at app//org.junit.platform.engine.support.hierarchical.NodeTestTask.lambda$executeRecursively$9(NodeTestTask.java:139)
	at app//org.junit.platform.engine.support.hierarchical.ThrowableCollector.execute(ThrowableCollector.java:73)
	at app//org.junit.platform.engine.support.hierarchical.NodeTestTask.executeRecursively(NodeTestTask.java:138)
	at app//org.junit.platform.engine.support.hierarchical.NodeTestTask.execute(NodeTestTask.java:95)
	at java.base@11.0.19/java.util.ArrayList.forEach(ArrayList.java:1541)
	at app//org.junit.platform.engine.support.hierarchical.SameThreadHierarchicalTestExecutorService.invokeAll(SameThreadHierarchicalTestExecutorService.java:41)
	at app//org.junit.platform.engine.support.hierarchical.NodeTestTask.lambda$executeRecursively$6(NodeTestTask.java:155)
	at app//org.junit.platform.engine.support.hierarchical.ThrowableCollector.execute(ThrowableCollector.java:73)
	at app//org.junit.platform.engine.support.hierarchical.NodeTestTask.lambda$executeRecursively$8(NodeTestTask.java:141)
	at app//org.junit.platform.engine.support.hierarchical.Node.around(Node.java:137)
	at app//org.junit.platform.engine.support.hierarchical.NodeTestTask.lambda$executeRecursively$9(NodeTestTask.java:139)
	at app//org.junit.platform.engine.support.hierarchical.ThrowableCollector.execute(ThrowableCollector.java:73)
	at app//org.junit.platform.engine.support.hierarchical.NodeTestTask.executeRecursively(NodeTestTask.java:138)
	at app//org.junit.platform.engine.support.hierarchical.NodeTestTask.execute(NodeTestTask.java:95)
	at java.base@11.0.19/java.util.ArrayList.forEach(ArrayList.java:1541)
	at app//org.junit.platform.engine.support.hierarchical.SameThreadHierarchicalTestExecutorService.invokeAll(SameThreadHierarchicalTestExecutorService.java:41)
	at app//org.junit.platform.engine.support.hierarchical.NodeTestTask.lambda$executeRecursively$6(NodeTestTask.java:155)
	at app//org.junit.platform.engine.support.hierarchical.ThrowableCollector.execute(ThrowableCollector.java:73)
	at app//org.junit.platform.engine.support.hierarchical.NodeTestTask.lambda$executeRecursively$8(NodeTestTask.java:141)
	at app//org.junit.platform.engine.support.hierarchical.Node.around(Node.java:137)
	at app//org.junit.platform.engine.support.hierarchical.NodeTestTask.lambda$executeRecursively$9(NodeTestTask.java:139)
	at app//org.junit.platform.engine.support.hierarchical.ThrowableCollector.execute(ThrowableCollector.java:73)
	at app//org.junit.platform.engine.support.hierarchical.NodeTestTask.executeRecursively(NodeTestTask.java:138)
	at app//org.junit.platform.engine.support.hierarchical.NodeTestTask.execute(NodeTestTask.java:95)
	at app//org.junit.platform.engine.support.hierarchical.SameThreadHierarchicalTestExecutorService.submit(SameThreadHierarchicalTestExecutorService.java:35)
	at app//org.junit.platform.engine.support.hierarchical.HierarchicalTestExecutor.execute(HierarchicalTestExecutor.java:57)
	at app//org.junit.platform.engine.support.hierarchical.HierarchicalTestEngine.execute(HierarchicalTestEngine.java:54)
	at app//org.junit.platform.launcher.core.EngineExecutionOrchestrator.execute(EngineExecutionOrchestrator.java:107)
	at app//org.junit.platform.launcher.core.EngineExecutionOrchestrator.execute(EngineExecutionOrchestrator.java:88)
	at app//org.junit.platform.launcher.core.EngineExecutionOrchestrator.lambda$execute$0(EngineExecutionOrchestrator.java:54)
	at app//org.junit.platform.launcher.core.EngineExecutionOrchestrator.withInterceptedStreams(EngineExecutionOrchestrator.java:67)
	at app//org.junit.platform.launcher.core.EngineExecutionOrchestrator.execute(EngineExecutionOrchestrator.java:52)
	at app//org.junit.platform.launcher.core.DefaultLauncher.execute(DefaultLauncher.java:114)
	at app//org.junit.platform.launcher.core.DefaultLauncher.execute(DefaultLauncher.java:86)
	at app//org.junit.platform.launcher.core.DefaultLauncherSession$DelegatingLauncher.execute(DefaultLauncherSession.java:86)
	at org.gradle.api.internal.tasks.testing.junitplatform.JUnitPlatformTestClassProcessor$CollectAllTestClassesExecutor.processAllTestClasses(JUnitPlatformTestClassProcessor.java:110)
	at org.gradle.api.internal.tasks.testing.junitplatform.JUnitPlatformTestClassProcessor$CollectAllTestClassesExecutor.access$000(JUnitPlatformTestClassProcessor.java:90)
	at org.gradle.api.internal.tasks.testing.junitplatform.JUnitPlatformTestClassProcessor.stop(JUnitPlatformTestClassProcessor.java:85)
	at org.gradle.api.internal.tasks.testing.SuiteTestClassProcessor.stop(SuiteTestClassProcessor.java:62)
	at java.base@11.0.19/jdk.internal.reflect.NativeMethodAccessorImpl.invoke0(Native Method)
	at java.base@11.0.19/jdk.internal.reflect.NativeMethodAccessorImpl.invoke(NativeMethodAccessorImpl.java:62)
	at java.base@11.0.19/jdk.internal.reflect.DelegatingMethodAccessorImpl.invoke(DelegatingMethodAccessorImpl.java:43)
	at java.base@11.0.19/java.lang.reflect.Method.invoke(Method.java:566)
	at org.gradle.internal.dispatch.ReflectionDispatch.dispatch(ReflectionDispatch.java:36)
	at org.gradle.internal.dispatch.ReflectionDispatch.dispatch(ReflectionDispatch.java:24)
	at org.gradle.internal.dispatch.ContextClassLoaderDispatch.dispatch(ContextClassLoaderDispatch.java:33)
	at org.gradle.internal.dispatch.ProxyDispatchAdapter$DispatchingInvocationHandler.invoke(ProxyDispatchAdapter.java:94)
	at com.sun.proxy.$Proxy5.stop(Unknown Source)
	at org.gradle.api.internal.tasks.testing.worker.TestWorker$3.run(TestWorker.java:193)
	at org.gradle.api.internal.tasks.testing.worker.TestWorker.executeAndMaintainThreadName(TestWorker.java:129)
	at org.gradle.api.internal.tasks.testing.worker.TestWorker.execute(TestWorker.java:100)
	at org.gradle.api.internal.tasks.testing.worker.TestWorker.execute(TestWorker.java:60)
	at org.gradle.process.internal.worker.child.ActionExecutionWorker.execute(ActionExecutionWorker.java:56)
	at org.gradle.process.internal.worker.child.SystemApplicationClassLoaderWorker.call(SystemApplicationClassLoaderWorker.java:113)
	at org.gradle.process.internal.worker.child.SystemApplicationClassLoaderWorker.call(SystemApplicationClassLoaderWorker.java:65)
	at app//worker.org.gradle.process.internal.worker.GradleWorkerMain.run(GradleWorkerMain.java:69)
	at app//worker.org.gradle.process.internal.worker.GradleWorkerMain.main(GradleWorkerMain.java:74)
Caused by: java.lang.AssertionError: A reference was unexpectedly null.
	at com.github.javaparser.utils.Utils.assertNotNull(Utils.java:60)
	at com.github.javaparser.ast.expr.AssignExpr.setValue(AssignExpr.java:186)
	at com.github.javaparser.ast.expr.AssignExpr.&lt;init&gt;(AssignExpr.java:127)
	at com.github.javaparser.ast.expr.AssignExpr.&lt;init&gt;(AssignExpr.java:117)
	at de.uka.ilkd.key.java.transformations.AstFactory.assign(AstFactory.java:106)
	at de.uka.ilkd.key.java.transformations.pipeline.PrepareObjectBuilder.defaultSettings(PrepareObjectBuilder.java:80)
	at de.uka.ilkd.key.java.transformations.pipeline.PrepareObjectBuilder.createPrepareBody(PrepareObjectBuilder.java:100)
	at de.uka.ilkd.key.java.transformations.pipeline.PrepareObjectBuilder.createMethod(PrepareObjectBuilder.java:119)
	at de.uka.ilkd.key.java.transformations.pipeline.PrepareObjectBuilder.apply(PrepareObjectBuilder.java:148)
	at de.uka.ilkd.key.java.transformations.KeYJavaPipeline.apply(KeYJavaPipeline.java:61)
	at de.uka.ilkd.key.java.transformations.KeYJavaPipeline.apply(KeYJavaPipeline.java:54)
	at de.uka.ilkd.key.java.JavaService.transformModel(JavaService.java:582)
	at de.uka.ilkd.key.java.JavaService.parseLibraryClasses0(JavaService.java:528)
	at de.uka.ilkd.key.java.JavaService.parseSpecialClasses(JavaService.java:511)
	at de.uka.ilkd.key.proof.init.ProblemInitializer.readJava(ProblemInitializer.java:280)
	at de.uka.ilkd.key.proof.init.ProblemInitializer.prepare(ProblemInitializer.java:529)
	at de.uka.ilkd.key.proof.init.ProblemInitializer.prepare(ProblemInitializer.java:471)
	at de.uka.ilkd.key.proof.io.AbstractProblemLoader.createInitConfig(AbstractProblemLoader.java:558)
	at de.uka.ilkd.key.proof.io.AbstractProblemLoader.loadEnvironment(AbstractProblemLoader.java:318)
	at de.uka.ilkd.key.proof.io.AbstractProblemLoader.load(AbstractProblemLoader.java:276)
	at de.uka.ilkd.key.proof.io.AbstractProblemLoader.load(AbstractProblemLoader.java:258)
	at de.uka.ilkd.key.control.AbstractUserInterfaceControl.load(AbstractUserInterfaceControl.java:212)
	... 146 more
</failure>
  </testcase>
  <testcase name="[6] allFields.dl, &#13;&#10;  \forall Object o; \forall Field f; \forall Object o2;&#13;&#10;    ( elementOf(o,f, allFields(o2))&lt;&lt;Trigger&gt;&gt; &lt;-&gt;&#13;&#10;       o = o2 )&#13;&#10;" classname="de.uka.ilkd.key.smt.newsmt2.ProveSMTLemmasTest" time="0.186">
    <failure message="A reference was unexpectedly null. (file: C:\Users\RUNNER~1\AppData\Local\Temp\SMT_lemma_allFields.dl_4962959214262053405.key; caused by: java.lang.AssertionError: A reference was unexpectedly null.)" type="de.uka.ilkd.key.proof.io.ProblemLoaderException">A reference was unexpectedly null. (file: C:\Users\RUNNER~1\AppData\Local\Temp\SMT_lemma_allFields.dl_4962959214262053405.key; caused by: java.lang.AssertionError: A reference was unexpectedly null.)
	at app//de.uka.ilkd.key.control.AbstractUserInterfaceControl.load(AbstractUserInterfaceControl.java:225)
	at app//de.uka.ilkd.key.control.KeYEnvironment.load(KeYEnvironment.java:282)
	at app//de.uka.ilkd.key.control.KeYEnvironment.load(KeYEnvironment.java:251)
	at app//de.uka.ilkd.key.control.KeYEnvironment.load(KeYEnvironment.java:225)
	at app//de.uka.ilkd.key.control.KeYEnvironment.load(KeYEnvironment.java:185)
	at app//de.uka.ilkd.key.control.KeYEnvironment.load(KeYEnvironment.java:292)
	at app//de.uka.ilkd.key.smt.newsmt2.ProveSMTLemmasTest.testSMTLemmaSoundness(ProveSMTLemmasTest.java:72)
	at java.base@11.0.19/jdk.internal.reflect.NativeMethodAccessorImpl.invoke0(Native Method)
	at java.base@11.0.19/jdk.internal.reflect.NativeMethodAccessorImpl.invoke(NativeMethodAccessorImpl.java:62)
	at java.base@11.0.19/jdk.internal.reflect.DelegatingMethodAccessorImpl.invoke(DelegatingMethodAccessorImpl.java:43)
	at java.base@11.0.19/java.lang.reflect.Method.invoke(Method.java:566)
	at app//org.junit.platform.commons.util.ReflectionUtils.invokeMethod(ReflectionUtils.java:727)
	at app//org.junit.jupiter.engine.execution.MethodInvocation.proceed(MethodInvocation.java:60)
	at app//org.junit.jupiter.engine.execution.InvocationInterceptorChain$ValidatingInvocation.proceed(InvocationInterceptorChain.java:131)
	at app//org.junit.jupiter.engine.extension.TimeoutExtension.intercept(TimeoutExtension.java:156)
	at app//org.junit.jupiter.engine.extension.TimeoutExtension.interceptTestableMethod(TimeoutExtension.java:147)
	at app//org.junit.jupiter.engine.extension.TimeoutExtension.interceptTestTemplateMethod(TimeoutExtension.java:94)
	at app//org.junit.jupiter.engine.execution.InterceptingExecutableInvoker$ReflectiveInterceptorCall.lambda$ofVoidMethod$0(InterceptingExecutableInvoker.java:103)
	at app//org.junit.jupiter.engine.execution.InterceptingExecutableInvoker.lambda$invoke$0(InterceptingExecutableInvoker.java:93)
	at app//org.junit.jupiter.engine.execution.InvocationInterceptorChain$InterceptedInvocation.proceed(InvocationInterceptorChain.java:106)
	at app//org.junit.jupiter.engine.execution.InvocationInterceptorChain.proceed(InvocationInterceptorChain.java:64)
	at app//org.junit.jupiter.engine.execution.InvocationInterceptorChain.chainAndInvoke(InvocationInterceptorChain.java:45)
	at app//org.junit.jupiter.engine.execution.InvocationInterceptorChain.invoke(InvocationInterceptorChain.java:37)
	at app//org.junit.jupiter.engine.execution.InterceptingExecutableInvoker.invoke(InterceptingExecutableInvoker.java:92)
	at app//org.junit.jupiter.engine.execution.InterceptingExecutableInvoker.invoke(InterceptingExecutableInvoker.java:86)
	at app//org.junit.jupiter.engine.descriptor.TestMethodTestDescriptor.lambda$invokeTestMethod$7(TestMethodTestDescriptor.java:217)
	at app//org.junit.platform.engine.support.hierarchical.ThrowableCollector.execute(ThrowableCollector.java:73)
	at app//org.junit.jupiter.engine.descriptor.TestMethodTestDescriptor.invokeTestMethod(TestMethodTestDescriptor.java:213)
	at app//org.junit.jupiter.engine.descriptor.TestMethodTestDescriptor.execute(TestMethodTestDescriptor.java:138)
	at app//org.junit.jupiter.engine.descriptor.TestMethodTestDescriptor.execute(TestMethodTestDescriptor.java:68)
	at app//org.junit.platform.engine.support.hierarchical.NodeTestTask.lambda$executeRecursively$6(NodeTestTask.java:151)
	at app//org.junit.platform.engine.support.hierarchical.ThrowableCollector.execute(ThrowableCollector.java:73)
	at app//org.junit.platform.engine.support.hierarchical.NodeTestTask.lambda$executeRecursively$8(NodeTestTask.java:141)
	at app//org.junit.platform.engine.support.hierarchical.Node.around(Node.java:137)
	at app//org.junit.platform.engine.support.hierarchical.NodeTestTask.lambda$executeRecursively$9(NodeTestTask.java:139)
	at app//org.junit.platform.engine.support.hierarchical.ThrowableCollector.execute(ThrowableCollector.java:73)
	at app//org.junit.platform.engine.support.hierarchical.NodeTestTask.executeRecursively(NodeTestTask.java:138)
	at app//org.junit.platform.engine.support.hierarchical.NodeTestTask.execute(NodeTestTask.java:95)
	at app//org.junit.platform.engine.support.hierarchical.SameThreadHierarchicalTestExecutorService.submit(SameThreadHierarchicalTestExecutorService.java:35)
	at app//org.junit.platform.engine.support.hierarchical.NodeTestTask$DefaultDynamicTestExecutor.execute(NodeTestTask.java:226)
	at app//org.junit.platform.engine.support.hierarchical.NodeTestTask$DefaultDynamicTestExecutor.execute(NodeTestTask.java:204)
	at app//org.junit.jupiter.engine.descriptor.TestTemplateTestDescriptor.execute(TestTemplateTestDescriptor.java:142)
	at app//org.junit.jupiter.engine.descriptor.TestTemplateTestDescriptor.lambda$execute$2(TestTemplateTestDescriptor.java:110)
	at java.base@11.0.19/java.util.stream.ForEachOps$ForEachOp$OfRef.accept(ForEachOps.java:183)
	at java.base@11.0.19/java.util.stream.ReferencePipeline$3$1.accept(ReferencePipeline.java:195)
	at java.base@11.0.19/java.util.stream.ReferencePipeline$2$1.accept(ReferencePipeline.java:177)
	at java.base@11.0.19/java.util.stream.ReferencePipeline$3$1.accept(ReferencePipeline.java:195)
	at java.base@11.0.19/java.util.stream.ForEachOps$ForEachOp$OfRef.accept(ForEachOps.java:183)
	at java.base@11.0.19/java.util.stream.ReferencePipeline$3$1.accept(ReferencePipeline.java:195)
	at java.base@11.0.19/java.util.stream.ReferencePipeline$3$1.accept(ReferencePipeline.java:195)
	at java.base@11.0.19/java.util.stream.ReferencePipeline$3$1.accept(ReferencePipeline.java:195)
	at java.base@11.0.19/java.util.stream.ForEachOps$ForEachOp$OfRef.accept(ForEachOps.java:183)
	at java.base@11.0.19/java.util.stream.ReferencePipeline$3$1.accept(ReferencePipeline.java:195)
	at java.base@11.0.19/java.util.ArrayList$ArrayListSpliterator.forEachRemaining(ArrayList.java:1655)
	at java.base@11.0.19/java.util.stream.ReferencePipeline$Head.forEach(ReferencePipeline.java:658)
	at java.base@11.0.19/java.util.stream.ReferencePipeline$7$1.accept(ReferencePipeline.java:274)
	at java.base@11.0.19/java.util.stream.ReferencePipeline$3$1.accept(ReferencePipeline.java:195)
	at java.base@11.0.19/java.util.stream.ReferencePipeline$3$1.accept(ReferencePipeline.java:195)
	at java.base@11.0.19/java.util.Spliterators$ArraySpliterator.forEachRemaining(Spliterators.java:948)
	at java.base@11.0.19/java.util.stream.AbstractPipeline.copyInto(AbstractPipeline.java:484)
	at java.base@11.0.19/java.util.stream.AbstractPipeline.wrapAndCopyInto(AbstractPipeline.java:474)
	at java.base@11.0.19/java.util.stream.ForEachOps$ForEachOp.evaluateSequential(ForEachOps.java:150)
	at java.base@11.0.19/java.util.stream.ForEachOps$ForEachOp$OfRef.evaluateSequential(ForEachOps.java:173)
	at java.base@11.0.19/java.util.stream.AbstractPipeline.evaluate(AbstractPipeline.java:234)
	at java.base@11.0.19/java.util.stream.ReferencePipeline.forEach(ReferencePipeline.java:497)
	at java.base@11.0.19/java.util.stream.ReferencePipeline$7$1.accept(ReferencePipeline.java:274)
	at java.base@11.0.19/java.util.stream.ReferencePipeline$3$1.accept(ReferencePipeline.java:195)
	at java.base@11.0.19/java.util.stream.ReferencePipeline$3$1.accept(ReferencePipeline.java:195)
	at java.base@11.0.19/java.util.stream.ReferencePipeline$3$1.accept(ReferencePipeline.java:195)
	at java.base@11.0.19/java.util.ArrayList$ArrayListSpliterator.forEachRemaining(ArrayList.java:1655)
	at java.base@11.0.19/java.util.stream.AbstractPipeline.copyInto(AbstractPipeline.java:484)
	at java.base@11.0.19/java.util.stream.AbstractPipeline.wrapAndCopyInto(AbstractPipeline.java:474)
	at java.base@11.0.19/java.util.stream.ForEachOps$ForEachOp.evaluateSequential(ForEachOps.java:150)
	at java.base@11.0.19/java.util.stream.ForEachOps$ForEachOp$OfRef.evaluateSequential(ForEachOps.java:173)
	at java.base@11.0.19/java.util.stream.AbstractPipeline.evaluate(AbstractPipeline.java:234)
	at java.base@11.0.19/java.util.stream.ReferencePipeline.forEach(ReferencePipeline.java:497)
	at java.base@11.0.19/java.util.stream.ReferencePipeline$7$1.accept(ReferencePipeline.java:274)
	at java.base@11.0.19/java.util.ArrayList$ArrayListSpliterator.forEachRemaining(ArrayList.java:1655)
	at java.base@11.0.19/java.util.stream.AbstractPipeline.copyInto(AbstractPipeline.java:484)
	at java.base@11.0.19/java.util.stream.AbstractPipeline.wrapAndCopyInto(AbstractPipeline.java:474)
	at java.base@11.0.19/java.util.stream.ForEachOps$ForEachOp.evaluateSequential(ForEachOps.java:150)
	at java.base@11.0.19/java.util.stream.ForEachOps$ForEachOp$OfRef.evaluateSequential(ForEachOps.java:173)
	at java.base@11.0.19/java.util.stream.AbstractPipeline.evaluate(AbstractPipeline.java:234)
	at java.base@11.0.19/java.util.stream.ReferencePipeline.forEach(ReferencePipeline.java:497)
	at app//org.junit.jupiter.engine.descriptor.TestTemplateTestDescriptor.execute(TestTemplateTestDescriptor.java:110)
	at app//org.junit.jupiter.engine.descriptor.TestTemplateTestDescriptor.execute(TestTemplateTestDescriptor.java:44)
	at app//org.junit.platform.engine.support.hierarchical.NodeTestTask.lambda$executeRecursively$6(NodeTestTask.java:151)
	at app//org.junit.platform.engine.support.hierarchical.ThrowableCollector.execute(ThrowableCollector.java:73)
	at app//org.junit.platform.engine.support.hierarchical.NodeTestTask.lambda$executeRecursively$8(NodeTestTask.java:141)
	at app//org.junit.platform.engine.support.hierarchical.Node.around(Node.java:137)
	at app//org.junit.platform.engine.support.hierarchical.NodeTestTask.lambda$executeRecursively$9(NodeTestTask.java:139)
	at app//org.junit.platform.engine.support.hierarchical.ThrowableCollector.execute(ThrowableCollector.java:73)
	at app//org.junit.platform.engine.support.hierarchical.NodeTestTask.executeRecursively(NodeTestTask.java:138)
	at app//org.junit.platform.engine.support.hierarchical.NodeTestTask.execute(NodeTestTask.java:95)
	at java.base@11.0.19/java.util.ArrayList.forEach(ArrayList.java:1541)
	at app//org.junit.platform.engine.support.hierarchical.SameThreadHierarchicalTestExecutorService.invokeAll(SameThreadHierarchicalTestExecutorService.java:41)
	at app//org.junit.platform.engine.support.hierarchical.NodeTestTask.lambda$executeRecursively$6(NodeTestTask.java:155)
	at app//org.junit.platform.engine.support.hierarchical.ThrowableCollector.execute(ThrowableCollector.java:73)
	at app//org.junit.platform.engine.support.hierarchical.NodeTestTask.lambda$executeRecursively$8(NodeTestTask.java:141)
	at app//org.junit.platform.engine.support.hierarchical.Node.around(Node.java:137)
	at app//org.junit.platform.engine.support.hierarchical.NodeTestTask.lambda$executeRecursively$9(NodeTestTask.java:139)
	at app//org.junit.platform.engine.support.hierarchical.ThrowableCollector.execute(ThrowableCollector.java:73)
	at app//org.junit.platform.engine.support.hierarchical.NodeTestTask.executeRecursively(NodeTestTask.java:138)
	at app//org.junit.platform.engine.support.hierarchical.NodeTestTask.execute(NodeTestTask.java:95)
	at java.base@11.0.19/java.util.ArrayList.forEach(ArrayList.java:1541)
	at app//org.junit.platform.engine.support.hierarchical.SameThreadHierarchicalTestExecutorService.invokeAll(SameThreadHierarchicalTestExecutorService.java:41)
	at app//org.junit.platform.engine.support.hierarchical.NodeTestTask.lambda$executeRecursively$6(NodeTestTask.java:155)
	at app//org.junit.platform.engine.support.hierarchical.ThrowableCollector.execute(ThrowableCollector.java:73)
	at app//org.junit.platform.engine.support.hierarchical.NodeTestTask.lambda$executeRecursively$8(NodeTestTask.java:141)
	at app//org.junit.platform.engine.support.hierarchical.Node.around(Node.java:137)
	at app//org.junit.platform.engine.support.hierarchical.NodeTestTask.lambda$executeRecursively$9(NodeTestTask.java:139)
	at app//org.junit.platform.engine.support.hierarchical.ThrowableCollector.execute(ThrowableCollector.java:73)
	at app//org.junit.platform.engine.support.hierarchical.NodeTestTask.executeRecursively(NodeTestTask.java:138)
	at app//org.junit.platform.engine.support.hierarchical.NodeTestTask.execute(NodeTestTask.java:95)
	at app//org.junit.platform.engine.support.hierarchical.SameThreadHierarchicalTestExecutorService.submit(SameThreadHierarchicalTestExecutorService.java:35)
	at app//org.junit.platform.engine.support.hierarchical.HierarchicalTestExecutor.execute(HierarchicalTestExecutor.java:57)
	at app//org.junit.platform.engine.support.hierarchical.HierarchicalTestEngine.execute(HierarchicalTestEngine.java:54)
	at app//org.junit.platform.launcher.core.EngineExecutionOrchestrator.execute(EngineExecutionOrchestrator.java:107)
	at app//org.junit.platform.launcher.core.EngineExecutionOrchestrator.execute(EngineExecutionOrchestrator.java:88)
	at app//org.junit.platform.launcher.core.EngineExecutionOrchestrator.lambda$execute$0(EngineExecutionOrchestrator.java:54)
	at app//org.junit.platform.launcher.core.EngineExecutionOrchestrator.withInterceptedStreams(EngineExecutionOrchestrator.java:67)
	at app//org.junit.platform.launcher.core.EngineExecutionOrchestrator.execute(EngineExecutionOrchestrator.java:52)
	at app//org.junit.platform.launcher.core.DefaultLauncher.execute(DefaultLauncher.java:114)
	at app//org.junit.platform.launcher.core.DefaultLauncher.execute(DefaultLauncher.java:86)
	at app//org.junit.platform.launcher.core.DefaultLauncherSession$DelegatingLauncher.execute(DefaultLauncherSession.java:86)
	at org.gradle.api.internal.tasks.testing.junitplatform.JUnitPlatformTestClassProcessor$CollectAllTestClassesExecutor.processAllTestClasses(JUnitPlatformTestClassProcessor.java:110)
	at org.gradle.api.internal.tasks.testing.junitplatform.JUnitPlatformTestClassProcessor$CollectAllTestClassesExecutor.access$000(JUnitPlatformTestClassProcessor.java:90)
	at org.gradle.api.internal.tasks.testing.junitplatform.JUnitPlatformTestClassProcessor.stop(JUnitPlatformTestClassProcessor.java:85)
	at org.gradle.api.internal.tasks.testing.SuiteTestClassProcessor.stop(SuiteTestClassProcessor.java:62)
	at java.base@11.0.19/jdk.internal.reflect.NativeMethodAccessorImpl.invoke0(Native Method)
	at java.base@11.0.19/jdk.internal.reflect.NativeMethodAccessorImpl.invoke(NativeMethodAccessorImpl.java:62)
	at java.base@11.0.19/jdk.internal.reflect.DelegatingMethodAccessorImpl.invoke(DelegatingMethodAccessorImpl.java:43)
	at java.base@11.0.19/java.lang.reflect.Method.invoke(Method.java:566)
	at org.gradle.internal.dispatch.ReflectionDispatch.dispatch(ReflectionDispatch.java:36)
	at org.gradle.internal.dispatch.ReflectionDispatch.dispatch(ReflectionDispatch.java:24)
	at org.gradle.internal.dispatch.ContextClassLoaderDispatch.dispatch(ContextClassLoaderDispatch.java:33)
	at org.gradle.internal.dispatch.ProxyDispatchAdapter$DispatchingInvocationHandler.invoke(ProxyDispatchAdapter.java:94)
	at com.sun.proxy.$Proxy5.stop(Unknown Source)
	at org.gradle.api.internal.tasks.testing.worker.TestWorker$3.run(TestWorker.java:193)
	at org.gradle.api.internal.tasks.testing.worker.TestWorker.executeAndMaintainThreadName(TestWorker.java:129)
	at org.gradle.api.internal.tasks.testing.worker.TestWorker.execute(TestWorker.java:100)
	at org.gradle.api.internal.tasks.testing.worker.TestWorker.execute(TestWorker.java:60)
	at org.gradle.process.internal.worker.child.ActionExecutionWorker.execute(ActionExecutionWorker.java:56)
	at org.gradle.process.internal.worker.child.SystemApplicationClassLoaderWorker.call(SystemApplicationClassLoaderWorker.java:113)
	at org.gradle.process.internal.worker.child.SystemApplicationClassLoaderWorker.call(SystemApplicationClassLoaderWorker.java:65)
	at app//worker.org.gradle.process.internal.worker.GradleWorkerMain.run(GradleWorkerMain.java:69)
	at app//worker.org.gradle.process.internal.worker.GradleWorkerMain.main(GradleWorkerMain.java:74)
Caused by: java.lang.AssertionError: A reference was unexpectedly null.
	at com.github.javaparser.utils.Utils.assertNotNull(Utils.java:60)
	at com.github.javaparser.ast.expr.AssignExpr.setValue(AssignExpr.java:186)
	at com.github.javaparser.ast.expr.AssignExpr.&lt;init&gt;(AssignExpr.java:127)
	at com.github.javaparser.ast.expr.AssignExpr.&lt;init&gt;(AssignExpr.java:117)
	at de.uka.ilkd.key.java.transformations.AstFactory.assign(AstFactory.java:106)
	at de.uka.ilkd.key.java.transformations.pipeline.PrepareObjectBuilder.defaultSettings(PrepareObjectBuilder.java:80)
	at de.uka.ilkd.key.java.transformations.pipeline.PrepareObjectBuilder.createPrepareBody(PrepareObjectBuilder.java:100)
	at de.uka.ilkd.key.java.transformations.pipeline.PrepareObjectBuilder.createMethod(PrepareObjectBuilder.java:119)
	at de.uka.ilkd.key.java.transformations.pipeline.PrepareObjectBuilder.apply(PrepareObjectBuilder.java:148)
	at de.uka.ilkd.key.java.transformations.KeYJavaPipeline.apply(KeYJavaPipeline.java:61)
	at de.uka.ilkd.key.java.transformations.KeYJavaPipeline.apply(KeYJavaPipeline.java:54)
	at de.uka.ilkd.key.java.JavaService.transformModel(JavaService.java:582)
	at de.uka.ilkd.key.java.JavaService.parseLibraryClasses0(JavaService.java:528)
	at de.uka.ilkd.key.java.JavaService.parseSpecialClasses(JavaService.java:511)
	at de.uka.ilkd.key.proof.init.ProblemInitializer.readJava(ProblemInitializer.java:280)
	at de.uka.ilkd.key.proof.init.ProblemInitializer.prepare(ProblemInitializer.java:529)
	at de.uka.ilkd.key.proof.init.ProblemInitializer.prepare(ProblemInitializer.java:471)
	at de.uka.ilkd.key.proof.io.AbstractProblemLoader.createInitConfig(AbstractProblemLoader.java:558)
	at de.uka.ilkd.key.proof.io.AbstractProblemLoader.loadEnvironment(AbstractProblemLoader.java:318)
	at de.uka.ilkd.key.proof.io.AbstractProblemLoader.load(AbstractProblemLoader.java:276)
	at de.uka.ilkd.key.proof.io.AbstractProblemLoader.load(AbstractProblemLoader.java:258)
	at de.uka.ilkd.key.control.AbstractUserInterfaceControl.load(AbstractUserInterfaceControl.java:212)
	... 146 more
</failure>
  </testcase>
  <testcase name="[7] seqEmpty.dl, &#13;&#10;    seqLen(seqEmpty) = 0&#13;&#10;&#10;" classname="de.uka.ilkd.key.smt.newsmt2.ProveSMTLemmasTest" time="0.144">
    <failure message="A reference was unexpectedly null. (file: C:\Users\RUNNER~1\AppData\Local\Temp\SMT_lemma_seqEmpty.dl_16308893251917387819.key; caused by: java.lang.AssertionError: A reference was unexpectedly null.)" type="de.uka.ilkd.key.proof.io.ProblemLoaderException">A reference was unexpectedly null. (file: C:\Users\RUNNER~1\AppData\Local\Temp\SMT_lemma_seqEmpty.dl_16308893251917387819.key; caused by: java.lang.AssertionError: A reference was unexpectedly null.)
	at app//de.uka.ilkd.key.control.AbstractUserInterfaceControl.load(AbstractUserInterfaceControl.java:225)
	at app//de.uka.ilkd.key.control.KeYEnvironment.load(KeYEnvironment.java:282)
	at app//de.uka.ilkd.key.control.KeYEnvironment.load(KeYEnvironment.java:251)
	at app//de.uka.ilkd.key.control.KeYEnvironment.load(KeYEnvironment.java:225)
	at app//de.uka.ilkd.key.control.KeYEnvironment.load(KeYEnvironment.java:185)
	at app//de.uka.ilkd.key.control.KeYEnvironment.load(KeYEnvironment.java:292)
	at app//de.uka.ilkd.key.smt.newsmt2.ProveSMTLemmasTest.testSMTLemmaSoundness(ProveSMTLemmasTest.java:72)
	at java.base@11.0.19/jdk.internal.reflect.NativeMethodAccessorImpl.invoke0(Native Method)
	at java.base@11.0.19/jdk.internal.reflect.NativeMethodAccessorImpl.invoke(NativeMethodAccessorImpl.java:62)
	at java.base@11.0.19/jdk.internal.reflect.DelegatingMethodAccessorImpl.invoke(DelegatingMethodAccessorImpl.java:43)
	at java.base@11.0.19/java.lang.reflect.Method.invoke(Method.java:566)
	at app//org.junit.platform.commons.util.ReflectionUtils.invokeMethod(ReflectionUtils.java:727)
	at app//org.junit.jupiter.engine.execution.MethodInvocation.proceed(MethodInvocation.java:60)
	at app//org.junit.jupiter.engine.execution.InvocationInterceptorChain$ValidatingInvocation.proceed(InvocationInterceptorChain.java:131)
	at app//org.junit.jupiter.engine.extension.TimeoutExtension.intercept(TimeoutExtension.java:156)
	at app//org.junit.jupiter.engine.extension.TimeoutExtension.interceptTestableMethod(TimeoutExtension.java:147)
	at app//org.junit.jupiter.engine.extension.TimeoutExtension.interceptTestTemplateMethod(TimeoutExtension.java:94)
	at app//org.junit.jupiter.engine.execution.InterceptingExecutableInvoker$ReflectiveInterceptorCall.lambda$ofVoidMethod$0(InterceptingExecutableInvoker.java:103)
	at app//org.junit.jupiter.engine.execution.InterceptingExecutableInvoker.lambda$invoke$0(InterceptingExecutableInvoker.java:93)
	at app//org.junit.jupiter.engine.execution.InvocationInterceptorChain$InterceptedInvocation.proceed(InvocationInterceptorChain.java:106)
	at app//org.junit.jupiter.engine.execution.InvocationInterceptorChain.proceed(InvocationInterceptorChain.java:64)
	at app//org.junit.jupiter.engine.execution.InvocationInterceptorChain.chainAndInvoke(InvocationInterceptorChain.java:45)
	at app//org.junit.jupiter.engine.execution.InvocationInterceptorChain.invoke(InvocationInterceptorChain.java:37)
	at app//org.junit.jupiter.engine.execution.InterceptingExecutableInvoker.invoke(InterceptingExecutableInvoker.java:92)
	at app//org.junit.jupiter.engine.execution.InterceptingExecutableInvoker.invoke(InterceptingExecutableInvoker.java:86)
	at app//org.junit.jupiter.engine.descriptor.TestMethodTestDescriptor.lambda$invokeTestMethod$7(TestMethodTestDescriptor.java:217)
	at app//org.junit.platform.engine.support.hierarchical.ThrowableCollector.execute(ThrowableCollector.java:73)
	at app//org.junit.jupiter.engine.descriptor.TestMethodTestDescriptor.invokeTestMethod(TestMethodTestDescriptor.java:213)
	at app//org.junit.jupiter.engine.descriptor.TestMethodTestDescriptor.execute(TestMethodTestDescriptor.java:138)
	at app//org.junit.jupiter.engine.descriptor.TestMethodTestDescriptor.execute(TestMethodTestDescriptor.java:68)
	at app//org.junit.platform.engine.support.hierarchical.NodeTestTask.lambda$executeRecursively$6(NodeTestTask.java:151)
	at app//org.junit.platform.engine.support.hierarchical.ThrowableCollector.execute(ThrowableCollector.java:73)
	at app//org.junit.platform.engine.support.hierarchical.NodeTestTask.lambda$executeRecursively$8(NodeTestTask.java:141)
	at app//org.junit.platform.engine.support.hierarchical.Node.around(Node.java:137)
	at app//org.junit.platform.engine.support.hierarchical.NodeTestTask.lambda$executeRecursively$9(NodeTestTask.java:139)
	at app//org.junit.platform.engine.support.hierarchical.ThrowableCollector.execute(ThrowableCollector.java:73)
	at app//org.junit.platform.engine.support.hierarchical.NodeTestTask.executeRecursively(NodeTestTask.java:138)
	at app//org.junit.platform.engine.support.hierarchical.NodeTestTask.execute(NodeTestTask.java:95)
	at app//org.junit.platform.engine.support.hierarchical.SameThreadHierarchicalTestExecutorService.submit(SameThreadHierarchicalTestExecutorService.java:35)
	at app//org.junit.platform.engine.support.hierarchical.NodeTestTask$DefaultDynamicTestExecutor.execute(NodeTestTask.java:226)
	at app//org.junit.platform.engine.support.hierarchical.NodeTestTask$DefaultDynamicTestExecutor.execute(NodeTestTask.java:204)
	at app//org.junit.jupiter.engine.descriptor.TestTemplateTestDescriptor.execute(TestTemplateTestDescriptor.java:142)
	at app//org.junit.jupiter.engine.descriptor.TestTemplateTestDescriptor.lambda$execute$2(TestTemplateTestDescriptor.java:110)
	at java.base@11.0.19/java.util.stream.ForEachOps$ForEachOp$OfRef.accept(ForEachOps.java:183)
	at java.base@11.0.19/java.util.stream.ReferencePipeline$3$1.accept(ReferencePipeline.java:195)
	at java.base@11.0.19/java.util.stream.ReferencePipeline$2$1.accept(ReferencePipeline.java:177)
	at java.base@11.0.19/java.util.stream.ReferencePipeline$3$1.accept(ReferencePipeline.java:195)
	at java.base@11.0.19/java.util.stream.ForEachOps$ForEachOp$OfRef.accept(ForEachOps.java:183)
	at java.base@11.0.19/java.util.stream.ReferencePipeline$3$1.accept(ReferencePipeline.java:195)
	at java.base@11.0.19/java.util.stream.ReferencePipeline$3$1.accept(ReferencePipeline.java:195)
	at java.base@11.0.19/java.util.stream.ReferencePipeline$3$1.accept(ReferencePipeline.java:195)
	at java.base@11.0.19/java.util.stream.ForEachOps$ForEachOp$OfRef.accept(ForEachOps.java:183)
	at java.base@11.0.19/java.util.stream.ReferencePipeline$3$1.accept(ReferencePipeline.java:195)
	at java.base@11.0.19/java.util.ArrayList$ArrayListSpliterator.forEachRemaining(ArrayList.java:1655)
	at java.base@11.0.19/java.util.stream.ReferencePipeline$Head.forEach(ReferencePipeline.java:658)
	at java.base@11.0.19/java.util.stream.ReferencePipeline$7$1.accept(ReferencePipeline.java:274)
	at java.base@11.0.19/java.util.stream.ReferencePipeline$3$1.accept(ReferencePipeline.java:195)
	at java.base@11.0.19/java.util.stream.ReferencePipeline$3$1.accept(ReferencePipeline.java:195)
	at java.base@11.0.19/java.util.Spliterators$ArraySpliterator.forEachRemaining(Spliterators.java:948)
	at java.base@11.0.19/java.util.stream.AbstractPipeline.copyInto(AbstractPipeline.java:484)
	at java.base@11.0.19/java.util.stream.AbstractPipeline.wrapAndCopyInto(AbstractPipeline.java:474)
	at java.base@11.0.19/java.util.stream.ForEachOps$ForEachOp.evaluateSequential(ForEachOps.java:150)
	at java.base@11.0.19/java.util.stream.ForEachOps$ForEachOp$OfRef.evaluateSequential(ForEachOps.java:173)
	at java.base@11.0.19/java.util.stream.AbstractPipeline.evaluate(AbstractPipeline.java:234)
	at java.base@11.0.19/java.util.stream.ReferencePipeline.forEach(ReferencePipeline.java:497)
	at java.base@11.0.19/java.util.stream.ReferencePipeline$7$1.accept(ReferencePipeline.java:274)
	at java.base@11.0.19/java.util.stream.ReferencePipeline$3$1.accept(ReferencePipeline.java:195)
	at java.base@11.0.19/java.util.stream.ReferencePipeline$3$1.accept(ReferencePipeline.java:195)
	at java.base@11.0.19/java.util.stream.ReferencePipeline$3$1.accept(ReferencePipeline.java:195)
	at java.base@11.0.19/java.util.ArrayList$ArrayListSpliterator.forEachRemaining(ArrayList.java:1655)
	at java.base@11.0.19/java.util.stream.AbstractPipeline.copyInto(AbstractPipeline.java:484)
	at java.base@11.0.19/java.util.stream.AbstractPipeline.wrapAndCopyInto(AbstractPipeline.java:474)
	at java.base@11.0.19/java.util.stream.ForEachOps$ForEachOp.evaluateSequential(ForEachOps.java:150)
	at java.base@11.0.19/java.util.stream.ForEachOps$ForEachOp$OfRef.evaluateSequential(ForEachOps.java:173)
	at java.base@11.0.19/java.util.stream.AbstractPipeline.evaluate(AbstractPipeline.java:234)
	at java.base@11.0.19/java.util.stream.ReferencePipeline.forEach(ReferencePipeline.java:497)
	at java.base@11.0.19/java.util.stream.ReferencePipeline$7$1.accept(ReferencePipeline.java:274)
	at java.base@11.0.19/java.util.ArrayList$ArrayListSpliterator.forEachRemaining(ArrayList.java:1655)
	at java.base@11.0.19/java.util.stream.AbstractPipeline.copyInto(AbstractPipeline.java:484)
	at java.base@11.0.19/java.util.stream.AbstractPipeline.wrapAndCopyInto(AbstractPipeline.java:474)
	at java.base@11.0.19/java.util.stream.ForEachOps$ForEachOp.evaluateSequential(ForEachOps.java:150)
	at java.base@11.0.19/java.util.stream.ForEachOps$ForEachOp$OfRef.evaluateSequential(ForEachOps.java:173)
	at java.base@11.0.19/java.util.stream.AbstractPipeline.evaluate(AbstractPipeline.java:234)
	at java.base@11.0.19/java.util.stream.ReferencePipeline.forEach(ReferencePipeline.java:497)
	at app//org.junit.jupiter.engine.descriptor.TestTemplateTestDescriptor.execute(TestTemplateTestDescriptor.java:110)
	at app//org.junit.jupiter.engine.descriptor.TestTemplateTestDescriptor.execute(TestTemplateTestDescriptor.java:44)
	at app//org.junit.platform.engine.support.hierarchical.NodeTestTask.lambda$executeRecursively$6(NodeTestTask.java:151)
	at app//org.junit.platform.engine.support.hierarchical.ThrowableCollector.execute(ThrowableCollector.java:73)
	at app//org.junit.platform.engine.support.hierarchical.NodeTestTask.lambda$executeRecursively$8(NodeTestTask.java:141)
	at app//org.junit.platform.engine.support.hierarchical.Node.around(Node.java:137)
	at app//org.junit.platform.engine.support.hierarchical.NodeTestTask.lambda$executeRecursively$9(NodeTestTask.java:139)
	at app//org.junit.platform.engine.support.hierarchical.ThrowableCollector.execute(ThrowableCollector.java:73)
	at app//org.junit.platform.engine.support.hierarchical.NodeTestTask.executeRecursively(NodeTestTask.java:138)
	at app//org.junit.platform.engine.support.hierarchical.NodeTestTask.execute(NodeTestTask.java:95)
	at java.base@11.0.19/java.util.ArrayList.forEach(ArrayList.java:1541)
	at app//org.junit.platform.engine.support.hierarchical.SameThreadHierarchicalTestExecutorService.invokeAll(SameThreadHierarchicalTestExecutorService.java:41)
	at app//org.junit.platform.engine.support.hierarchical.NodeTestTask.lambda$executeRecursively$6(NodeTestTask.java:155)
	at app//org.junit.platform.engine.support.hierarchical.ThrowableCollector.execute(ThrowableCollector.java:73)
	at app//org.junit.platform.engine.support.hierarchical.NodeTestTask.lambda$executeRecursively$8(NodeTestTask.java:141)
	at app//org.junit.platform.engine.support.hierarchical.Node.around(Node.java:137)
	at app//org.junit.platform.engine.support.hierarchical.NodeTestTask.lambda$executeRecursively$9(NodeTestTask.java:139)
	at app//org.junit.platform.engine.support.hierarchical.ThrowableCollector.execute(ThrowableCollector.java:73)
	at app//org.junit.platform.engine.support.hierarchical.NodeTestTask.executeRecursively(NodeTestTask.java:138)
	at app//org.junit.platform.engine.support.hierarchical.NodeTestTask.execute(NodeTestTask.java:95)
	at java.base@11.0.19/java.util.ArrayList.forEach(ArrayList.java:1541)
	at app//org.junit.platform.engine.support.hierarchical.SameThreadHierarchicalTestExecutorService.invokeAll(SameThreadHierarchicalTestExecutorService.java:41)
	at app//org.junit.platform.engine.support.hierarchical.NodeTestTask.lambda$executeRecursively$6(NodeTestTask.java:155)
	at app//org.junit.platform.engine.support.hierarchical.ThrowableCollector.execute(ThrowableCollector.java:73)
	at app//org.junit.platform.engine.support.hierarchical.NodeTestTask.lambda$executeRecursively$8(NodeTestTask.java:141)
	at app//org.junit.platform.engine.support.hierarchical.Node.around(Node.java:137)
	at app//org.junit.platform.engine.support.hierarchical.NodeTestTask.lambda$executeRecursively$9(NodeTestTask.java:139)
	at app//org.junit.platform.engine.support.hierarchical.ThrowableCollector.execute(ThrowableCollector.java:73)
	at app//org.junit.platform.engine.support.hierarchical.NodeTestTask.executeRecursively(NodeTestTask.java:138)
	at app//org.junit.platform.engine.support.hierarchical.NodeTestTask.execute(NodeTestTask.java:95)
	at app//org.junit.platform.engine.support.hierarchical.SameThreadHierarchicalTestExecutorService.submit(SameThreadHierarchicalTestExecutorService.java:35)
	at app//org.junit.platform.engine.support.hierarchical.HierarchicalTestExecutor.execute(HierarchicalTestExecutor.java:57)
	at app//org.junit.platform.engine.support.hierarchical.HierarchicalTestEngine.execute(HierarchicalTestEngine.java:54)
	at app//org.junit.platform.launcher.core.EngineExecutionOrchestrator.execute(EngineExecutionOrchestrator.java:107)
	at app//org.junit.platform.launcher.core.EngineExecutionOrchestrator.execute(EngineExecutionOrchestrator.java:88)
	at app//org.junit.platform.launcher.core.EngineExecutionOrchestrator.lambda$execute$0(EngineExecutionOrchestrator.java:54)
	at app//org.junit.platform.launcher.core.EngineExecutionOrchestrator.withInterceptedStreams(EngineExecutionOrchestrator.java:67)
	at app//org.junit.platform.launcher.core.EngineExecutionOrchestrator.execute(EngineExecutionOrchestrator.java:52)
	at app//org.junit.platform.launcher.core.DefaultLauncher.execute(DefaultLauncher.java:114)
	at app//org.junit.platform.launcher.core.DefaultLauncher.execute(DefaultLauncher.java:86)
	at app//org.junit.platform.launcher.core.DefaultLauncherSession$DelegatingLauncher.execute(DefaultLauncherSession.java:86)
	at org.gradle.api.internal.tasks.testing.junitplatform.JUnitPlatformTestClassProcessor$CollectAllTestClassesExecutor.processAllTestClasses(JUnitPlatformTestClassProcessor.java:110)
	at org.gradle.api.internal.tasks.testing.junitplatform.JUnitPlatformTestClassProcessor$CollectAllTestClassesExecutor.access$000(JUnitPlatformTestClassProcessor.java:90)
	at org.gradle.api.internal.tasks.testing.junitplatform.JUnitPlatformTestClassProcessor.stop(JUnitPlatformTestClassProcessor.java:85)
	at org.gradle.api.internal.tasks.testing.SuiteTestClassProcessor.stop(SuiteTestClassProcessor.java:62)
	at java.base@11.0.19/jdk.internal.reflect.NativeMethodAccessorImpl.invoke0(Native Method)
	at java.base@11.0.19/jdk.internal.reflect.NativeMethodAccessorImpl.invoke(NativeMethodAccessorImpl.java:62)
	at java.base@11.0.19/jdk.internal.reflect.DelegatingMethodAccessorImpl.invoke(DelegatingMethodAccessorImpl.java:43)
	at java.base@11.0.19/java.lang.reflect.Method.invoke(Method.java:566)
	at org.gradle.internal.dispatch.ReflectionDispatch.dispatch(ReflectionDispatch.java:36)
	at org.gradle.internal.dispatch.ReflectionDispatch.dispatch(ReflectionDispatch.java:24)
	at org.gradle.internal.dispatch.ContextClassLoaderDispatch.dispatch(ContextClassLoaderDispatch.java:33)
	at org.gradle.internal.dispatch.ProxyDispatchAdapter$DispatchingInvocationHandler.invoke(ProxyDispatchAdapter.java:94)
	at com.sun.proxy.$Proxy5.stop(Unknown Source)
	at org.gradle.api.internal.tasks.testing.worker.TestWorker$3.run(TestWorker.java:193)
	at org.gradle.api.internal.tasks.testing.worker.TestWorker.executeAndMaintainThreadName(TestWorker.java:129)
	at org.gradle.api.internal.tasks.testing.worker.TestWorker.execute(TestWorker.java:100)
	at org.gradle.api.internal.tasks.testing.worker.TestWorker.execute(TestWorker.java:60)
	at org.gradle.process.internal.worker.child.ActionExecutionWorker.execute(ActionExecutionWorker.java:56)
	at org.gradle.process.internal.worker.child.SystemApplicationClassLoaderWorker.call(SystemApplicationClassLoaderWorker.java:113)
	at org.gradle.process.internal.worker.child.SystemApplicationClassLoaderWorker.call(SystemApplicationClassLoaderWorker.java:65)
	at app//worker.org.gradle.process.internal.worker.GradleWorkerMain.run(GradleWorkerMain.java:69)
	at app//worker.org.gradle.process.internal.worker.GradleWorkerMain.main(GradleWorkerMain.java:74)
Caused by: java.lang.AssertionError: A reference was unexpectedly null.
	at com.github.javaparser.utils.Utils.assertNotNull(Utils.java:60)
	at com.github.javaparser.ast.expr.AssignExpr.setValue(AssignExpr.java:186)
	at com.github.javaparser.ast.expr.AssignExpr.&lt;init&gt;(AssignExpr.java:127)
	at com.github.javaparser.ast.expr.AssignExpr.&lt;init&gt;(AssignExpr.java:117)
	at de.uka.ilkd.key.java.transformations.AstFactory.assign(AstFactory.java:106)
	at de.uka.ilkd.key.java.transformations.pipeline.PrepareObjectBuilder.defaultSettings(PrepareObjectBuilder.java:80)
	at de.uka.ilkd.key.java.transformations.pipeline.PrepareObjectBuilder.createPrepareBody(PrepareObjectBuilder.java:100)
	at de.uka.ilkd.key.java.transformations.pipeline.PrepareObjectBuilder.createMethod(PrepareObjectBuilder.java:119)
	at de.uka.ilkd.key.java.transformations.pipeline.PrepareObjectBuilder.apply(PrepareObjectBuilder.java:148)
	at de.uka.ilkd.key.java.transformations.KeYJavaPipeline.apply(KeYJavaPipeline.java:61)
	at de.uka.ilkd.key.java.transformations.KeYJavaPipeline.apply(KeYJavaPipeline.java:54)
	at de.uka.ilkd.key.java.JavaService.transformModel(JavaService.java:582)
	at de.uka.ilkd.key.java.JavaService.parseLibraryClasses0(JavaService.java:528)
	at de.uka.ilkd.key.java.JavaService.parseSpecialClasses(JavaService.java:511)
	at de.uka.ilkd.key.proof.init.ProblemInitializer.readJava(ProblemInitializer.java:280)
	at de.uka.ilkd.key.proof.init.ProblemInitializer.prepare(ProblemInitializer.java:529)
	at de.uka.ilkd.key.proof.init.ProblemInitializer.prepare(ProblemInitializer.java:471)
	at de.uka.ilkd.key.proof.io.AbstractProblemLoader.createInitConfig(AbstractProblemLoader.java:558)
	at de.uka.ilkd.key.proof.io.AbstractProblemLoader.loadEnvironment(AbstractProblemLoader.java:318)
	at de.uka.ilkd.key.proof.io.AbstractProblemLoader.load(AbstractProblemLoader.java:276)
	at de.uka.ilkd.key.proof.io.AbstractProblemLoader.load(AbstractProblemLoader.java:258)
	at de.uka.ilkd.key.control.AbstractUserInterfaceControl.load(AbstractUserInterfaceControl.java:212)
	... 146 more
</failure>
  </testcase>
  <testcase name="[8] union.dl, &#10;  \forall Object o; \forall Field f; \forall LocSet l1; \forall LocSet l2;&#10;     ( elementOf(o, f, union(l1, l2))&lt;&lt;Trigger&gt;&gt; &lt;-&gt; elementOf(o,f,l1) | elementOf(o,f,l2) )&#10;" classname="de.uka.ilkd.key.smt.newsmt2.ProveSMTLemmasTest" time="0.154">
    <failure message="A reference was unexpectedly null. (file: C:\Users\RUNNER~1\AppData\Local\Temp\SMT_lemma_union.dl_6798717288505711351.key; caused by: java.lang.AssertionError: A reference was unexpectedly null.)" type="de.uka.ilkd.key.proof.io.ProblemLoaderException">A reference was unexpectedly null. (file: C:\Users\RUNNER~1\AppData\Local\Temp\SMT_lemma_union.dl_6798717288505711351.key; caused by: java.lang.AssertionError: A reference was unexpectedly null.)
	at app//de.uka.ilkd.key.control.AbstractUserInterfaceControl.load(AbstractUserInterfaceControl.java:225)
	at app//de.uka.ilkd.key.control.KeYEnvironment.load(KeYEnvironment.java:282)
	at app//de.uka.ilkd.key.control.KeYEnvironment.load(KeYEnvironment.java:251)
	at app//de.uka.ilkd.key.control.KeYEnvironment.load(KeYEnvironment.java:225)
	at app//de.uka.ilkd.key.control.KeYEnvironment.load(KeYEnvironment.java:185)
	at app//de.uka.ilkd.key.control.KeYEnvironment.load(KeYEnvironment.java:292)
	at app//de.uka.ilkd.key.smt.newsmt2.ProveSMTLemmasTest.testSMTLemmaSoundness(ProveSMTLemmasTest.java:72)
	at java.base@11.0.19/jdk.internal.reflect.NativeMethodAccessorImpl.invoke0(Native Method)
	at java.base@11.0.19/jdk.internal.reflect.NativeMethodAccessorImpl.invoke(NativeMethodAccessorImpl.java:62)
	at java.base@11.0.19/jdk.internal.reflect.DelegatingMethodAccessorImpl.invoke(DelegatingMethodAccessorImpl.java:43)
	at java.base@11.0.19/java.lang.reflect.Method.invoke(Method.java:566)
	at app//org.junit.platform.commons.util.ReflectionUtils.invokeMethod(ReflectionUtils.java:727)
	at app//org.junit.jupiter.engine.execution.MethodInvocation.proceed(MethodInvocation.java:60)
	at app//org.junit.jupiter.engine.execution.InvocationInterceptorChain$ValidatingInvocation.proceed(InvocationInterceptorChain.java:131)
	at app//org.junit.jupiter.engine.extension.TimeoutExtension.intercept(TimeoutExtension.java:156)
	at app//org.junit.jupiter.engine.extension.TimeoutExtension.interceptTestableMethod(TimeoutExtension.java:147)
	at app//org.junit.jupiter.engine.extension.TimeoutExtension.interceptTestTemplateMethod(TimeoutExtension.java:94)
	at app//org.junit.jupiter.engine.execution.InterceptingExecutableInvoker$ReflectiveInterceptorCall.lambda$ofVoidMethod$0(InterceptingExecutableInvoker.java:103)
	at app//org.junit.jupiter.engine.execution.InterceptingExecutableInvoker.lambda$invoke$0(InterceptingExecutableInvoker.java:93)
	at app//org.junit.jupiter.engine.execution.InvocationInterceptorChain$InterceptedInvocation.proceed(InvocationInterceptorChain.java:106)
	at app//org.junit.jupiter.engine.execution.InvocationInterceptorChain.proceed(InvocationInterceptorChain.java:64)
	at app//org.junit.jupiter.engine.execution.InvocationInterceptorChain.chainAndInvoke(InvocationInterceptorChain.java:45)
	at app//org.junit.jupiter.engine.execution.InvocationInterceptorChain.invoke(InvocationInterceptorChain.java:37)
	at app//org.junit.jupiter.engine.execution.InterceptingExecutableInvoker.invoke(InterceptingExecutableInvoker.java:92)
	at app//org.junit.jupiter.engine.execution.InterceptingExecutableInvoker.invoke(InterceptingExecutableInvoker.java:86)
	at app//org.junit.jupiter.engine.descriptor.TestMethodTestDescriptor.lambda$invokeTestMethod$7(TestMethodTestDescriptor.java:217)
	at app//org.junit.platform.engine.support.hierarchical.ThrowableCollector.execute(ThrowableCollector.java:73)
	at app//org.junit.jupiter.engine.descriptor.TestMethodTestDescriptor.invokeTestMethod(TestMethodTestDescriptor.java:213)
	at app//org.junit.jupiter.engine.descriptor.TestMethodTestDescriptor.execute(TestMethodTestDescriptor.java:138)
	at app//org.junit.jupiter.engine.descriptor.TestMethodTestDescriptor.execute(TestMethodTestDescriptor.java:68)
	at app//org.junit.platform.engine.support.hierarchical.NodeTestTask.lambda$executeRecursively$6(NodeTestTask.java:151)
	at app//org.junit.platform.engine.support.hierarchical.ThrowableCollector.execute(ThrowableCollector.java:73)
	at app//org.junit.platform.engine.support.hierarchical.NodeTestTask.lambda$executeRecursively$8(NodeTestTask.java:141)
	at app//org.junit.platform.engine.support.hierarchical.Node.around(Node.java:137)
	at app//org.junit.platform.engine.support.hierarchical.NodeTestTask.lambda$executeRecursively$9(NodeTestTask.java:139)
	at app//org.junit.platform.engine.support.hierarchical.ThrowableCollector.execute(ThrowableCollector.java:73)
	at app//org.junit.platform.engine.support.hierarchical.NodeTestTask.executeRecursively(NodeTestTask.java:138)
	at app//org.junit.platform.engine.support.hierarchical.NodeTestTask.execute(NodeTestTask.java:95)
	at app//org.junit.platform.engine.support.hierarchical.SameThreadHierarchicalTestExecutorService.submit(SameThreadHierarchicalTestExecutorService.java:35)
	at app//org.junit.platform.engine.support.hierarchical.NodeTestTask$DefaultDynamicTestExecutor.execute(NodeTestTask.java:226)
	at app//org.junit.platform.engine.support.hierarchical.NodeTestTask$DefaultDynamicTestExecutor.execute(NodeTestTask.java:204)
	at app//org.junit.jupiter.engine.descriptor.TestTemplateTestDescriptor.execute(TestTemplateTestDescriptor.java:142)
	at app//org.junit.jupiter.engine.descriptor.TestTemplateTestDescriptor.lambda$execute$2(TestTemplateTestDescriptor.java:110)
	at java.base@11.0.19/java.util.stream.ForEachOps$ForEachOp$OfRef.accept(ForEachOps.java:183)
	at java.base@11.0.19/java.util.stream.ReferencePipeline$3$1.accept(ReferencePipeline.java:195)
	at java.base@11.0.19/java.util.stream.ReferencePipeline$2$1.accept(ReferencePipeline.java:177)
	at java.base@11.0.19/java.util.stream.ReferencePipeline$3$1.accept(ReferencePipeline.java:195)
	at java.base@11.0.19/java.util.stream.ForEachOps$ForEachOp$OfRef.accept(ForEachOps.java:183)
	at java.base@11.0.19/java.util.stream.ReferencePipeline$3$1.accept(ReferencePipeline.java:195)
	at java.base@11.0.19/java.util.stream.ReferencePipeline$3$1.accept(ReferencePipeline.java:195)
	at java.base@11.0.19/java.util.stream.ReferencePipeline$3$1.accept(ReferencePipeline.java:195)
	at java.base@11.0.19/java.util.stream.ForEachOps$ForEachOp$OfRef.accept(ForEachOps.java:183)
	at java.base@11.0.19/java.util.stream.ReferencePipeline$3$1.accept(ReferencePipeline.java:195)
	at java.base@11.0.19/java.util.ArrayList$ArrayListSpliterator.forEachRemaining(ArrayList.java:1655)
	at java.base@11.0.19/java.util.stream.ReferencePipeline$Head.forEach(ReferencePipeline.java:658)
	at java.base@11.0.19/java.util.stream.ReferencePipeline$7$1.accept(ReferencePipeline.java:274)
	at java.base@11.0.19/java.util.stream.ReferencePipeline$3$1.accept(ReferencePipeline.java:195)
	at java.base@11.0.19/java.util.stream.ReferencePipeline$3$1.accept(ReferencePipeline.java:195)
	at java.base@11.0.19/java.util.Spliterators$ArraySpliterator.forEachRemaining(Spliterators.java:948)
	at java.base@11.0.19/java.util.stream.AbstractPipeline.copyInto(AbstractPipeline.java:484)
	at java.base@11.0.19/java.util.stream.AbstractPipeline.wrapAndCopyInto(AbstractPipeline.java:474)
	at java.base@11.0.19/java.util.stream.ForEachOps$ForEachOp.evaluateSequential(ForEachOps.java:150)
	at java.base@11.0.19/java.util.stream.ForEachOps$ForEachOp$OfRef.evaluateSequential(ForEachOps.java:173)
	at java.base@11.0.19/java.util.stream.AbstractPipeline.evaluate(AbstractPipeline.java:234)
	at java.base@11.0.19/java.util.stream.ReferencePipeline.forEach(ReferencePipeline.java:497)
	at java.base@11.0.19/java.util.stream.ReferencePipeline$7$1.accept(ReferencePipeline.java:274)
	at java.base@11.0.19/java.util.stream.ReferencePipeline$3$1.accept(ReferencePipeline.java:195)
	at java.base@11.0.19/java.util.stream.ReferencePipeline$3$1.accept(ReferencePipeline.java:195)
	at java.base@11.0.19/java.util.stream.ReferencePipeline$3$1.accept(ReferencePipeline.java:195)
	at java.base@11.0.19/java.util.ArrayList$ArrayListSpliterator.forEachRemaining(ArrayList.java:1655)
	at java.base@11.0.19/java.util.stream.AbstractPipeline.copyInto(AbstractPipeline.java:484)
	at java.base@11.0.19/java.util.stream.AbstractPipeline.wrapAndCopyInto(AbstractPipeline.java:474)
	at java.base@11.0.19/java.util.stream.ForEachOps$ForEachOp.evaluateSequential(ForEachOps.java:150)
	at java.base@11.0.19/java.util.stream.ForEachOps$ForEachOp$OfRef.evaluateSequential(ForEachOps.java:173)
	at java.base@11.0.19/java.util.stream.AbstractPipeline.evaluate(AbstractPipeline.java:234)
	at java.base@11.0.19/java.util.stream.ReferencePipeline.forEach(ReferencePipeline.java:497)
	at java.base@11.0.19/java.util.stream.ReferencePipeline$7$1.accept(ReferencePipeline.java:274)
	at java.base@11.0.19/java.util.ArrayList$ArrayListSpliterator.forEachRemaining(ArrayList.java:1655)
	at java.base@11.0.19/java.util.stream.AbstractPipeline.copyInto(AbstractPipeline.java:484)
	at java.base@11.0.19/java.util.stream.AbstractPipeline.wrapAndCopyInto(AbstractPipeline.java:474)
	at java.base@11.0.19/java.util.stream.ForEachOps$ForEachOp.evaluateSequential(ForEachOps.java:150)
	at java.base@11.0.19/java.util.stream.ForEachOps$ForEachOp$OfRef.evaluateSequential(ForEachOps.java:173)
	at java.base@11.0.19/java.util.stream.AbstractPipeline.evaluate(AbstractPipeline.java:234)
	at java.base@11.0.19/java.util.stream.ReferencePipeline.forEach(ReferencePipeline.java:497)
	at app//org.junit.jupiter.engine.descriptor.TestTemplateTestDescriptor.execute(TestTemplateTestDescriptor.java:110)
	at app//org.junit.jupiter.engine.descriptor.TestTemplateTestDescriptor.execute(TestTemplateTestDescriptor.java:44)
	at app//org.junit.platform.engine.support.hierarchical.NodeTestTask.lambda$executeRecursively$6(NodeTestTask.java:151)
	at app//org.junit.platform.engine.support.hierarchical.ThrowableCollector.execute(ThrowableCollector.java:73)
	at app//org.junit.platform.engine.support.hierarchical.NodeTestTask.lambda$executeRecursively$8(NodeTestTask.java:141)
	at app//org.junit.platform.engine.support.hierarchical.Node.around(Node.java:137)
	at app//org.junit.platform.engine.support.hierarchical.NodeTestTask.lambda$executeRecursively$9(NodeTestTask.java:139)
	at app//org.junit.platform.engine.support.hierarchical.ThrowableCollector.execute(ThrowableCollector.java:73)
	at app//org.junit.platform.engine.support.hierarchical.NodeTestTask.executeRecursively(NodeTestTask.java:138)
	at app//org.junit.platform.engine.support.hierarchical.NodeTestTask.execute(NodeTestTask.java:95)
	at java.base@11.0.19/java.util.ArrayList.forEach(ArrayList.java:1541)
	at app//org.junit.platform.engine.support.hierarchical.SameThreadHierarchicalTestExecutorService.invokeAll(SameThreadHierarchicalTestExecutorService.java:41)
	at app//org.junit.platform.engine.support.hierarchical.NodeTestTask.lambda$executeRecursively$6(NodeTestTask.java:155)
	at app//org.junit.platform.engine.support.hierarchical.ThrowableCollector.execute(ThrowableCollector.java:73)
	at app//org.junit.platform.engine.support.hierarchical.NodeTestTask.lambda$executeRecursively$8(NodeTestTask.java:141)
	at app//org.junit.platform.engine.support.hierarchical.Node.around(Node.java:137)
	at app//org.junit.platform.engine.support.hierarchical.NodeTestTask.lambda$executeRecursively$9(NodeTestTask.java:139)
	at app//org.junit.platform.engine.support.hierarchical.ThrowableCollector.execute(ThrowableCollector.java:73)
	at app//org.junit.platform.engine.support.hierarchical.NodeTestTask.executeRecursively(NodeTestTask.java:138)
	at app//org.junit.platform.engine.support.hierarchical.NodeTestTask.execute(NodeTestTask.java:95)
	at java.base@11.0.19/java.util.ArrayList.forEach(ArrayList.java:1541)
	at app//org.junit.platform.engine.support.hierarchical.SameThreadHierarchicalTestExecutorService.invokeAll(SameThreadHierarchicalTestExecutorService.java:41)
	at app//org.junit.platform.engine.support.hierarchical.NodeTestTask.lambda$executeRecursively$6(NodeTestTask.java:155)
	at app//org.junit.platform.engine.support.hierarchical.ThrowableCollector.execute(ThrowableCollector.java:73)
	at app//org.junit.platform.engine.support.hierarchical.NodeTestTask.lambda$executeRecursively$8(NodeTestTask.java:141)
	at app//org.junit.platform.engine.support.hierarchical.Node.around(Node.java:137)
	at app//org.junit.platform.engine.support.hierarchical.NodeTestTask.lambda$executeRecursively$9(NodeTestTask.java:139)
	at app//org.junit.platform.engine.support.hierarchical.ThrowableCollector.execute(ThrowableCollector.java:73)
	at app//org.junit.platform.engine.support.hierarchical.NodeTestTask.executeRecursively(NodeTestTask.java:138)
	at app//org.junit.platform.engine.support.hierarchical.NodeTestTask.execute(NodeTestTask.java:95)
	at app//org.junit.platform.engine.support.hierarchical.SameThreadHierarchicalTestExecutorService.submit(SameThreadHierarchicalTestExecutorService.java:35)
	at app//org.junit.platform.engine.support.hierarchical.HierarchicalTestExecutor.execute(HierarchicalTestExecutor.java:57)
	at app//org.junit.platform.engine.support.hierarchical.HierarchicalTestEngine.execute(HierarchicalTestEngine.java:54)
	at app//org.junit.platform.launcher.core.EngineExecutionOrchestrator.execute(EngineExecutionOrchestrator.java:107)
	at app//org.junit.platform.launcher.core.EngineExecutionOrchestrator.execute(EngineExecutionOrchestrator.java:88)
	at app//org.junit.platform.launcher.core.EngineExecutionOrchestrator.lambda$execute$0(EngineExecutionOrchestrator.java:54)
	at app//org.junit.platform.launcher.core.EngineExecutionOrchestrator.withInterceptedStreams(EngineExecutionOrchestrator.java:67)
	at app//org.junit.platform.launcher.core.EngineExecutionOrchestrator.execute(EngineExecutionOrchestrator.java:52)
	at app//org.junit.platform.launcher.core.DefaultLauncher.execute(DefaultLauncher.java:114)
	at app//org.junit.platform.launcher.core.DefaultLauncher.execute(DefaultLauncher.java:86)
	at app//org.junit.platform.launcher.core.DefaultLauncherSession$DelegatingLauncher.execute(DefaultLauncherSession.java:86)
	at org.gradle.api.internal.tasks.testing.junitplatform.JUnitPlatformTestClassProcessor$CollectAllTestClassesExecutor.processAllTestClasses(JUnitPlatformTestClassProcessor.java:110)
	at org.gradle.api.internal.tasks.testing.junitplatform.JUnitPlatformTestClassProcessor$CollectAllTestClassesExecutor.access$000(JUnitPlatformTestClassProcessor.java:90)
	at org.gradle.api.internal.tasks.testing.junitplatform.JUnitPlatformTestClassProcessor.stop(JUnitPlatformTestClassProcessor.java:85)
	at org.gradle.api.internal.tasks.testing.SuiteTestClassProcessor.stop(SuiteTestClassProcessor.java:62)
	at java.base@11.0.19/jdk.internal.reflect.NativeMethodAccessorImpl.invoke0(Native Method)
	at java.base@11.0.19/jdk.internal.reflect.NativeMethodAccessorImpl.invoke(NativeMethodAccessorImpl.java:62)
	at java.base@11.0.19/jdk.internal.reflect.DelegatingMethodAccessorImpl.invoke(DelegatingMethodAccessorImpl.java:43)
	at java.base@11.0.19/java.lang.reflect.Method.invoke(Method.java:566)
	at org.gradle.internal.dispatch.ReflectionDispatch.dispatch(ReflectionDispatch.java:36)
	at org.gradle.internal.dispatch.ReflectionDispatch.dispatch(ReflectionDispatch.java:24)
	at org.gradle.internal.dispatch.ContextClassLoaderDispatch.dispatch(ContextClassLoaderDispatch.java:33)
	at org.gradle.internal.dispatch.ProxyDispatchAdapter$DispatchingInvocationHandler.invoke(ProxyDispatchAdapter.java:94)
	at com.sun.proxy.$Proxy5.stop(Unknown Source)
	at org.gradle.api.internal.tasks.testing.worker.TestWorker$3.run(TestWorker.java:193)
	at org.gradle.api.internal.tasks.testing.worker.TestWorker.executeAndMaintainThreadName(TestWorker.java:129)
	at org.gradle.api.internal.tasks.testing.worker.TestWorker.execute(TestWorker.java:100)
	at org.gradle.api.internal.tasks.testing.worker.TestWorker.execute(TestWorker.java:60)
	at org.gradle.process.internal.worker.child.ActionExecutionWorker.execute(ActionExecutionWorker.java:56)
	at org.gradle.process.internal.worker.child.SystemApplicationClassLoaderWorker.call(SystemApplicationClassLoaderWorker.java:113)
	at org.gradle.process.internal.worker.child.SystemApplicationClassLoaderWorker.call(SystemApplicationClassLoaderWorker.java:65)
	at app//worker.org.gradle.process.internal.worker.GradleWorkerMain.run(GradleWorkerMain.java:69)
	at app//worker.org.gradle.process.internal.worker.GradleWorkerMain.main(GradleWorkerMain.java:74)
Caused by: java.lang.AssertionError: A reference was unexpectedly null.
	at com.github.javaparser.utils.Utils.assertNotNull(Utils.java:60)
	at com.github.javaparser.ast.expr.AssignExpr.setValue(AssignExpr.java:186)
	at com.github.javaparser.ast.expr.AssignExpr.&lt;init&gt;(AssignExpr.java:127)
	at com.github.javaparser.ast.expr.AssignExpr.&lt;init&gt;(AssignExpr.java:117)
	at de.uka.ilkd.key.java.transformations.AstFactory.assign(AstFactory.java:106)
	at de.uka.ilkd.key.java.transformations.pipeline.PrepareObjectBuilder.defaultSettings(PrepareObjectBuilder.java:80)
	at de.uka.ilkd.key.java.transformations.pipeline.PrepareObjectBuilder.createPrepareBody(PrepareObjectBuilder.java:100)
	at de.uka.ilkd.key.java.transformations.pipeline.PrepareObjectBuilder.createMethod(PrepareObjectBuilder.java:119)
	at de.uka.ilkd.key.java.transformations.pipeline.PrepareObjectBuilder.apply(PrepareObjectBuilder.java:148)
	at de.uka.ilkd.key.java.transformations.KeYJavaPipeline.apply(KeYJavaPipeline.java:61)
	at de.uka.ilkd.key.java.transformations.KeYJavaPipeline.apply(KeYJavaPipeline.java:54)
	at de.uka.ilkd.key.java.JavaService.transformModel(JavaService.java:582)
	at de.uka.ilkd.key.java.JavaService.parseLibraryClasses0(JavaService.java:528)
	at de.uka.ilkd.key.java.JavaService.parseSpecialClasses(JavaService.java:511)
	at de.uka.ilkd.key.proof.init.ProblemInitializer.readJava(ProblemInitializer.java:280)
	at de.uka.ilkd.key.proof.init.ProblemInitializer.prepare(ProblemInitializer.java:529)
	at de.uka.ilkd.key.proof.init.ProblemInitializer.prepare(ProblemInitializer.java:471)
	at de.uka.ilkd.key.proof.io.AbstractProblemLoader.createInitConfig(AbstractProblemLoader.java:558)
	at de.uka.ilkd.key.proof.io.AbstractProblemLoader.loadEnvironment(AbstractProblemLoader.java:318)
	at de.uka.ilkd.key.proof.io.AbstractProblemLoader.load(AbstractProblemLoader.java:276)
	at de.uka.ilkd.key.proof.io.AbstractProblemLoader.load(AbstractProblemLoader.java:258)
	at de.uka.ilkd.key.control.AbstractUserInterfaceControl.load(AbstractUserInterfaceControl.java:212)
	... 146 more
</failure>
  </testcase>
  <testcase name="[9] seqConcat.dl.2, &#13;&#10;    \forall Seq s1; \forall Seq s2; seqLen(seqConcat(s1,s2)&lt;&lt;Trigger&gt;&gt;) = seqLen(s1) + seqLen(s2)&#13;&#10;&#10;" classname="de.uka.ilkd.key.smt.newsmt2.ProveSMTLemmasTest" time="0.146">
    <failure message="A reference was unexpectedly null. (file: C:\Users\RUNNER~1\AppData\Local\Temp\SMT_lemma_seqConcat.dl.2_60406087052968951.key; caused by: java.lang.AssertionError: A reference was unexpectedly null.)" type="de.uka.ilkd.key.proof.io.ProblemLoaderException">A reference was unexpectedly null. (file: C:\Users\RUNNER~1\AppData\Local\Temp\SMT_lemma_seqConcat.dl.2_60406087052968951.key; caused by: java.lang.AssertionError: A reference was unexpectedly null.)
	at app//de.uka.ilkd.key.control.AbstractUserInterfaceControl.load(AbstractUserInterfaceControl.java:225)
	at app//de.uka.ilkd.key.control.KeYEnvironment.load(KeYEnvironment.java:282)
	at app//de.uka.ilkd.key.control.KeYEnvironment.load(KeYEnvironment.java:251)
	at app//de.uka.ilkd.key.control.KeYEnvironment.load(KeYEnvironment.java:225)
	at app//de.uka.ilkd.key.control.KeYEnvironment.load(KeYEnvironment.java:185)
	at app//de.uka.ilkd.key.control.KeYEnvironment.load(KeYEnvironment.java:292)
	at app//de.uka.ilkd.key.smt.newsmt2.ProveSMTLemmasTest.testSMTLemmaSoundness(ProveSMTLemmasTest.java:72)
	at java.base@11.0.19/jdk.internal.reflect.NativeMethodAccessorImpl.invoke0(Native Method)
	at java.base@11.0.19/jdk.internal.reflect.NativeMethodAccessorImpl.invoke(NativeMethodAccessorImpl.java:62)
	at java.base@11.0.19/jdk.internal.reflect.DelegatingMethodAccessorImpl.invoke(DelegatingMethodAccessorImpl.java:43)
	at java.base@11.0.19/java.lang.reflect.Method.invoke(Method.java:566)
	at app//org.junit.platform.commons.util.ReflectionUtils.invokeMethod(ReflectionUtils.java:727)
	at app//org.junit.jupiter.engine.execution.MethodInvocation.proceed(MethodInvocation.java:60)
	at app//org.junit.jupiter.engine.execution.InvocationInterceptorChain$ValidatingInvocation.proceed(InvocationInterceptorChain.java:131)
	at app//org.junit.jupiter.engine.extension.TimeoutExtension.intercept(TimeoutExtension.java:156)
	at app//org.junit.jupiter.engine.extension.TimeoutExtension.interceptTestableMethod(TimeoutExtension.java:147)
	at app//org.junit.jupiter.engine.extension.TimeoutExtension.interceptTestTemplateMethod(TimeoutExtension.java:94)
	at app//org.junit.jupiter.engine.execution.InterceptingExecutableInvoker$ReflectiveInterceptorCall.lambda$ofVoidMethod$0(InterceptingExecutableInvoker.java:103)
	at app//org.junit.jupiter.engine.execution.InterceptingExecutableInvoker.lambda$invoke$0(InterceptingExecutableInvoker.java:93)
	at app//org.junit.jupiter.engine.execution.InvocationInterceptorChain$InterceptedInvocation.proceed(InvocationInterceptorChain.java:106)
	at app//org.junit.jupiter.engine.execution.InvocationInterceptorChain.proceed(InvocationInterceptorChain.java:64)
	at app//org.junit.jupiter.engine.execution.InvocationInterceptorChain.chainAndInvoke(InvocationInterceptorChain.java:45)
	at app//org.junit.jupiter.engine.execution.InvocationInterceptorChain.invoke(InvocationInterceptorChain.java:37)
	at app//org.junit.jupiter.engine.execution.InterceptingExecutableInvoker.invoke(InterceptingExecutableInvoker.java:92)
	at app//org.junit.jupiter.engine.execution.InterceptingExecutableInvoker.invoke(InterceptingExecutableInvoker.java:86)
	at app//org.junit.jupiter.engine.descriptor.TestMethodTestDescriptor.lambda$invokeTestMethod$7(TestMethodTestDescriptor.java:217)
	at app//org.junit.platform.engine.support.hierarchical.ThrowableCollector.execute(ThrowableCollector.java:73)
	at app//org.junit.jupiter.engine.descriptor.TestMethodTestDescriptor.invokeTestMethod(TestMethodTestDescriptor.java:213)
	at app//org.junit.jupiter.engine.descriptor.TestMethodTestDescriptor.execute(TestMethodTestDescriptor.java:138)
	at app//org.junit.jupiter.engine.descriptor.TestMethodTestDescriptor.execute(TestMethodTestDescriptor.java:68)
	at app//org.junit.platform.engine.support.hierarchical.NodeTestTask.lambda$executeRecursively$6(NodeTestTask.java:151)
	at app//org.junit.platform.engine.support.hierarchical.ThrowableCollector.execute(ThrowableCollector.java:73)
	at app//org.junit.platform.engine.support.hierarchical.NodeTestTask.lambda$executeRecursively$8(NodeTestTask.java:141)
	at app//org.junit.platform.engine.support.hierarchical.Node.around(Node.java:137)
	at app//org.junit.platform.engine.support.hierarchical.NodeTestTask.lambda$executeRecursively$9(NodeTestTask.java:139)
	at app//org.junit.platform.engine.support.hierarchical.ThrowableCollector.execute(ThrowableCollector.java:73)
	at app//org.junit.platform.engine.support.hierarchical.NodeTestTask.executeRecursively(NodeTestTask.java:138)
	at app//org.junit.platform.engine.support.hierarchical.NodeTestTask.execute(NodeTestTask.java:95)
	at app//org.junit.platform.engine.support.hierarchical.SameThreadHierarchicalTestExecutorService.submit(SameThreadHierarchicalTestExecutorService.java:35)
	at app//org.junit.platform.engine.support.hierarchical.NodeTestTask$DefaultDynamicTestExecutor.execute(NodeTestTask.java:226)
	at app//org.junit.platform.engine.support.hierarchical.NodeTestTask$DefaultDynamicTestExecutor.execute(NodeTestTask.java:204)
	at app//org.junit.jupiter.engine.descriptor.TestTemplateTestDescriptor.execute(TestTemplateTestDescriptor.java:142)
	at app//org.junit.jupiter.engine.descriptor.TestTemplateTestDescriptor.lambda$execute$2(TestTemplateTestDescriptor.java:110)
	at java.base@11.0.19/java.util.stream.ForEachOps$ForEachOp$OfRef.accept(ForEachOps.java:183)
	at java.base@11.0.19/java.util.stream.ReferencePipeline$3$1.accept(ReferencePipeline.java:195)
	at java.base@11.0.19/java.util.stream.ReferencePipeline$2$1.accept(ReferencePipeline.java:177)
	at java.base@11.0.19/java.util.stream.ReferencePipeline$3$1.accept(ReferencePipeline.java:195)
	at java.base@11.0.19/java.util.stream.ForEachOps$ForEachOp$OfRef.accept(ForEachOps.java:183)
	at java.base@11.0.19/java.util.stream.ReferencePipeline$3$1.accept(ReferencePipeline.java:195)
	at java.base@11.0.19/java.util.stream.ReferencePipeline$3$1.accept(ReferencePipeline.java:195)
	at java.base@11.0.19/java.util.stream.ReferencePipeline$3$1.accept(ReferencePipeline.java:195)
	at java.base@11.0.19/java.util.stream.ForEachOps$ForEachOp$OfRef.accept(ForEachOps.java:183)
	at java.base@11.0.19/java.util.stream.ReferencePipeline$3$1.accept(ReferencePipeline.java:195)
	at java.base@11.0.19/java.util.ArrayList$ArrayListSpliterator.forEachRemaining(ArrayList.java:1655)
	at java.base@11.0.19/java.util.stream.ReferencePipeline$Head.forEach(ReferencePipeline.java:658)
	at java.base@11.0.19/java.util.stream.ReferencePipeline$7$1.accept(ReferencePipeline.java:274)
	at java.base@11.0.19/java.util.stream.ReferencePipeline$3$1.accept(ReferencePipeline.java:195)
	at java.base@11.0.19/java.util.stream.ReferencePipeline$3$1.accept(ReferencePipeline.java:195)
	at java.base@11.0.19/java.util.Spliterators$ArraySpliterator.forEachRemaining(Spliterators.java:948)
	at java.base@11.0.19/java.util.stream.AbstractPipeline.copyInto(AbstractPipeline.java:484)
	at java.base@11.0.19/java.util.stream.AbstractPipeline.wrapAndCopyInto(AbstractPipeline.java:474)
	at java.base@11.0.19/java.util.stream.ForEachOps$ForEachOp.evaluateSequential(ForEachOps.java:150)
	at java.base@11.0.19/java.util.stream.ForEachOps$ForEachOp$OfRef.evaluateSequential(ForEachOps.java:173)
	at java.base@11.0.19/java.util.stream.AbstractPipeline.evaluate(AbstractPipeline.java:234)
	at java.base@11.0.19/java.util.stream.ReferencePipeline.forEach(ReferencePipeline.java:497)
	at java.base@11.0.19/java.util.stream.ReferencePipeline$7$1.accept(ReferencePipeline.java:274)
	at java.base@11.0.19/java.util.stream.ReferencePipeline$3$1.accept(ReferencePipeline.java:195)
	at java.base@11.0.19/java.util.stream.ReferencePipeline$3$1.accept(ReferencePipeline.java:195)
	at java.base@11.0.19/java.util.stream.ReferencePipeline$3$1.accept(ReferencePipeline.java:195)
	at java.base@11.0.19/java.util.ArrayList$ArrayListSpliterator.forEachRemaining(ArrayList.java:1655)
	at java.base@11.0.19/java.util.stream.AbstractPipeline.copyInto(AbstractPipeline.java:484)
	at java.base@11.0.19/java.util.stream.AbstractPipeline.wrapAndCopyInto(AbstractPipeline.java:474)
	at java.base@11.0.19/java.util.stream.ForEachOps$ForEachOp.evaluateSequential(ForEachOps.java:150)
	at java.base@11.0.19/java.util.stream.ForEachOps$ForEachOp$OfRef.evaluateSequential(ForEachOps.java:173)
	at java.base@11.0.19/java.util.stream.AbstractPipeline.evaluate(AbstractPipeline.java:234)
	at java.base@11.0.19/java.util.stream.ReferencePipeline.forEach(ReferencePipeline.java:497)
	at java.base@11.0.19/java.util.stream.ReferencePipeline$7$1.accept(ReferencePipeline.java:274)
	at java.base@11.0.19/java.util.ArrayList$ArrayListSpliterator.forEachRemaining(ArrayList.java:1655)
	at java.base@11.0.19/java.util.stream.AbstractPipeline.copyInto(AbstractPipeline.java:484)
	at java.base@11.0.19/java.util.stream.AbstractPipeline.wrapAndCopyInto(AbstractPipeline.java:474)
	at java.base@11.0.19/java.util.stream.ForEachOps$ForEachOp.evaluateSequential(ForEachOps.java:150)
	at java.base@11.0.19/java.util.stream.ForEachOps$ForEachOp$OfRef.evaluateSequential(ForEachOps.java:173)
	at java.base@11.0.19/java.util.stream.AbstractPipeline.evaluate(AbstractPipeline.java:234)
	at java.base@11.0.19/java.util.stream.ReferencePipeline.forEach(ReferencePipeline.java:497)
	at app//org.junit.jupiter.engine.descriptor.TestTemplateTestDescriptor.execute(TestTemplateTestDescriptor.java:110)
	at app//org.junit.jupiter.engine.descriptor.TestTemplateTestDescriptor.execute(TestTemplateTestDescriptor.java:44)
	at app//org.junit.platform.engine.support.hierarchical.NodeTestTask.lambda$executeRecursively$6(NodeTestTask.java:151)
	at app//org.junit.platform.engine.support.hierarchical.ThrowableCollector.execute(ThrowableCollector.java:73)
	at app//org.junit.platform.engine.support.hierarchical.NodeTestTask.lambda$executeRecursively$8(NodeTestTask.java:141)
	at app//org.junit.platform.engine.support.hierarchical.Node.around(Node.java:137)
	at app//org.junit.platform.engine.support.hierarchical.NodeTestTask.lambda$executeRecursively$9(NodeTestTask.java:139)
	at app//org.junit.platform.engine.support.hierarchical.ThrowableCollector.execute(ThrowableCollector.java:73)
	at app//org.junit.platform.engine.support.hierarchical.NodeTestTask.executeRecursively(NodeTestTask.java:138)
	at app//org.junit.platform.engine.support.hierarchical.NodeTestTask.execute(NodeTestTask.java:95)
	at java.base@11.0.19/java.util.ArrayList.forEach(ArrayList.java:1541)
	at app//org.junit.platform.engine.support.hierarchical.SameThreadHierarchicalTestExecutorService.invokeAll(SameThreadHierarchicalTestExecutorService.java:41)
	at app//org.junit.platform.engine.support.hierarchical.NodeTestTask.lambda$executeRecursively$6(NodeTestTask.java:155)
	at app//org.junit.platform.engine.support.hierarchical.ThrowableCollector.execute(ThrowableCollector.java:73)
	at app//org.junit.platform.engine.support.hierarchical.NodeTestTask.lambda$executeRecursively$8(NodeTestTask.java:141)
	at app//org.junit.platform.engine.support.hierarchical.Node.around(Node.java:137)
	at app//org.junit.platform.engine.support.hierarchical.NodeTestTask.lambda$executeRecursively$9(NodeTestTask.java:139)
	at app//org.junit.platform.engine.support.hierarchical.ThrowableCollector.execute(ThrowableCollector.java:73)
	at app//org.junit.platform.engine.support.hierarchical.NodeTestTask.executeRecursively(NodeTestTask.java:138)
	at app//org.junit.platform.engine.support.hierarchical.NodeTestTask.execute(NodeTestTask.java:95)
	at java.base@11.0.19/java.util.ArrayList.forEach(ArrayList.java:1541)
	at app//org.junit.platform.engine.support.hierarchical.SameThreadHierarchicalTestExecutorService.invokeAll(SameThreadHierarchicalTestExecutorService.java:41)
	at app//org.junit.platform.engine.support.hierarchical.NodeTestTask.lambda$executeRecursively$6(NodeTestTask.java:155)
	at app//org.junit.platform.engine.support.hierarchical.ThrowableCollector.execute(ThrowableCollector.java:73)
	at app//org.junit.platform.engine.support.hierarchical.NodeTestTask.lambda$executeRecursively$8(NodeTestTask.java:141)
	at app//org.junit.platform.engine.support.hierarchical.Node.around(Node.java:137)
	at app//org.junit.platform.engine.support.hierarchical.NodeTestTask.lambda$executeRecursively$9(NodeTestTask.java:139)
	at app//org.junit.platform.engine.support.hierarchical.ThrowableCollector.execute(ThrowableCollector.java:73)
	at app//org.junit.platform.engine.support.hierarchical.NodeTestTask.executeRecursively(NodeTestTask.java:138)
	at app//org.junit.platform.engine.support.hierarchical.NodeTestTask.execute(NodeTestTask.java:95)
	at app//org.junit.platform.engine.support.hierarchical.SameThreadHierarchicalTestExecutorService.submit(SameThreadHierarchicalTestExecutorService.java:35)
	at app//org.junit.platform.engine.support.hierarchical.HierarchicalTestExecutor.execute(HierarchicalTestExecutor.java:57)
	at app//org.junit.platform.engine.support.hierarchical.HierarchicalTestEngine.execute(HierarchicalTestEngine.java:54)
	at app//org.junit.platform.launcher.core.EngineExecutionOrchestrator.execute(EngineExecutionOrchestrator.java:107)
	at app//org.junit.platform.launcher.core.EngineExecutionOrchestrator.execute(EngineExecutionOrchestrator.java:88)
	at app//org.junit.platform.launcher.core.EngineExecutionOrchestrator.lambda$execute$0(EngineExecutionOrchestrator.java:54)
	at app//org.junit.platform.launcher.core.EngineExecutionOrchestrator.withInterceptedStreams(EngineExecutionOrchestrator.java:67)
	at app//org.junit.platform.launcher.core.EngineExecutionOrchestrator.execute(EngineExecutionOrchestrator.java:52)
	at app//org.junit.platform.launcher.core.DefaultLauncher.execute(DefaultLauncher.java:114)
	at app//org.junit.platform.launcher.core.DefaultLauncher.execute(DefaultLauncher.java:86)
	at app//org.junit.platform.launcher.core.DefaultLauncherSession$DelegatingLauncher.execute(DefaultLauncherSession.java:86)
	at org.gradle.api.internal.tasks.testing.junitplatform.JUnitPlatformTestClassProcessor$CollectAllTestClassesExecutor.processAllTestClasses(JUnitPlatformTestClassProcessor.java:110)
	at org.gradle.api.internal.tasks.testing.junitplatform.JUnitPlatformTestClassProcessor$CollectAllTestClassesExecutor.access$000(JUnitPlatformTestClassProcessor.java:90)
	at org.gradle.api.internal.tasks.testing.junitplatform.JUnitPlatformTestClassProcessor.stop(JUnitPlatformTestClassProcessor.java:85)
	at org.gradle.api.internal.tasks.testing.SuiteTestClassProcessor.stop(SuiteTestClassProcessor.java:62)
	at java.base@11.0.19/jdk.internal.reflect.NativeMethodAccessorImpl.invoke0(Native Method)
	at java.base@11.0.19/jdk.internal.reflect.NativeMethodAccessorImpl.invoke(NativeMethodAccessorImpl.java:62)
	at java.base@11.0.19/jdk.internal.reflect.DelegatingMethodAccessorImpl.invoke(DelegatingMethodAccessorImpl.java:43)
	at java.base@11.0.19/java.lang.reflect.Method.invoke(Method.java:566)
	at org.gradle.internal.dispatch.ReflectionDispatch.dispatch(ReflectionDispatch.java:36)
	at org.gradle.internal.dispatch.ReflectionDispatch.dispatch(ReflectionDispatch.java:24)
	at org.gradle.internal.dispatch.ContextClassLoaderDispatch.dispatch(ContextClassLoaderDispatch.java:33)
	at org.gradle.internal.dispatch.ProxyDispatchAdapter$DispatchingInvocationHandler.invoke(ProxyDispatchAdapter.java:94)
	at com.sun.proxy.$Proxy5.stop(Unknown Source)
	at org.gradle.api.internal.tasks.testing.worker.TestWorker$3.run(TestWorker.java:193)
	at org.gradle.api.internal.tasks.testing.worker.TestWorker.executeAndMaintainThreadName(TestWorker.java:129)
	at org.gradle.api.internal.tasks.testing.worker.TestWorker.execute(TestWorker.java:100)
	at org.gradle.api.internal.tasks.testing.worker.TestWorker.execute(TestWorker.java:60)
	at org.gradle.process.internal.worker.child.ActionExecutionWorker.execute(ActionExecutionWorker.java:56)
	at org.gradle.process.internal.worker.child.SystemApplicationClassLoaderWorker.call(SystemApplicationClassLoaderWorker.java:113)
	at org.gradle.process.internal.worker.child.SystemApplicationClassLoaderWorker.call(SystemApplicationClassLoaderWorker.java:65)
	at app//worker.org.gradle.process.internal.worker.GradleWorkerMain.run(GradleWorkerMain.java:69)
	at app//worker.org.gradle.process.internal.worker.GradleWorkerMain.main(GradleWorkerMain.java:74)
Caused by: java.lang.AssertionError: A reference was unexpectedly null.
	at com.github.javaparser.utils.Utils.assertNotNull(Utils.java:60)
	at com.github.javaparser.ast.expr.AssignExpr.setValue(AssignExpr.java:186)
	at com.github.javaparser.ast.expr.AssignExpr.&lt;init&gt;(AssignExpr.java:127)
	at com.github.javaparser.ast.expr.AssignExpr.&lt;init&gt;(AssignExpr.java:117)
	at de.uka.ilkd.key.java.transformations.AstFactory.assign(AstFactory.java:106)
	at de.uka.ilkd.key.java.transformations.pipeline.PrepareObjectBuilder.defaultSettings(PrepareObjectBuilder.java:80)
	at de.uka.ilkd.key.java.transformations.pipeline.PrepareObjectBuilder.createPrepareBody(PrepareObjectBuilder.java:100)
	at de.uka.ilkd.key.java.transformations.pipeline.PrepareObjectBuilder.createMethod(PrepareObjectBuilder.java:119)
	at de.uka.ilkd.key.java.transformations.pipeline.PrepareObjectBuilder.apply(PrepareObjectBuilder.java:148)
	at de.uka.ilkd.key.java.transformations.KeYJavaPipeline.apply(KeYJavaPipeline.java:61)
	at de.uka.ilkd.key.java.transformations.KeYJavaPipeline.apply(KeYJavaPipeline.java:54)
	at de.uka.ilkd.key.java.JavaService.transformModel(JavaService.java:582)
	at de.uka.ilkd.key.java.JavaService.parseLibraryClasses0(JavaService.java:528)
	at de.uka.ilkd.key.java.JavaService.parseSpecialClasses(JavaService.java:511)
	at de.uka.ilkd.key.proof.init.ProblemInitializer.readJava(ProblemInitializer.java:280)
	at de.uka.ilkd.key.proof.init.ProblemInitializer.prepare(ProblemInitializer.java:529)
	at de.uka.ilkd.key.proof.init.ProblemInitializer.prepare(ProblemInitializer.java:471)
	at de.uka.ilkd.key.proof.io.AbstractProblemLoader.createInitConfig(AbstractProblemLoader.java:558)
	at de.uka.ilkd.key.proof.io.AbstractProblemLoader.loadEnvironment(AbstractProblemLoader.java:318)
	at de.uka.ilkd.key.proof.io.AbstractProblemLoader.load(AbstractProblemLoader.java:276)
	at de.uka.ilkd.key.proof.io.AbstractProblemLoader.load(AbstractProblemLoader.java:258)
	at de.uka.ilkd.key.control.AbstractUserInterfaceControl.load(AbstractUserInterfaceControl.java:212)
	... 146 more
</failure>
  </testcase>
  <testcase name="[10] wellFormed.dl, &#13;&#10;  \forall Heap h; \forall Object o; \forall Field f; (wellFormed(h) -&gt;&#13;&#10;      boolean::select(h, (java.lang.Object::select(h, o, f))&lt;&lt;Trigger&gt;&gt;, java.lang.Object::&lt;created&gt;) = TRUE&#13;&#10;    | (java.lang.Object::select(h, o, f)) = null)&#13;&#10;" classname="de.uka.ilkd.key.smt.newsmt2.ProveSMTLemmasTest" time="0.247">
    <failure message="A reference was unexpectedly null. (file: C:\Users\RUNNER~1\AppData\Local\Temp\SMT_lemma_wellFormed.dl_13899070983179311031.key; caused by: java.lang.AssertionError: A reference was unexpectedly null.)" type="de.uka.ilkd.key.proof.io.ProblemLoaderException">A reference was unexpectedly null. (file: C:\Users\RUNNER~1\AppData\Local\Temp\SMT_lemma_wellFormed.dl_13899070983179311031.key; caused by: java.lang.AssertionError: A reference was unexpectedly null.)
	at app//de.uka.ilkd.key.control.AbstractUserInterfaceControl.load(AbstractUserInterfaceControl.java:225)
	at app//de.uka.ilkd.key.control.KeYEnvironment.load(KeYEnvironment.java:282)
	at app//de.uka.ilkd.key.control.KeYEnvironment.load(KeYEnvironment.java:251)
	at app//de.uka.ilkd.key.control.KeYEnvironment.load(KeYEnvironment.java:225)
	at app//de.uka.ilkd.key.control.KeYEnvironment.load(KeYEnvironment.java:185)
	at app//de.uka.ilkd.key.control.KeYEnvironment.load(KeYEnvironment.java:292)
	at app//de.uka.ilkd.key.smt.newsmt2.ProveSMTLemmasTest.testSMTLemmaSoundness(ProveSMTLemmasTest.java:72)
	at java.base@11.0.19/jdk.internal.reflect.NativeMethodAccessorImpl.invoke0(Native Method)
	at java.base@11.0.19/jdk.internal.reflect.NativeMethodAccessorImpl.invoke(NativeMethodAccessorImpl.java:62)
	at java.base@11.0.19/jdk.internal.reflect.DelegatingMethodAccessorImpl.invoke(DelegatingMethodAccessorImpl.java:43)
	at java.base@11.0.19/java.lang.reflect.Method.invoke(Method.java:566)
	at app//org.junit.platform.commons.util.ReflectionUtils.invokeMethod(ReflectionUtils.java:727)
	at app//org.junit.jupiter.engine.execution.MethodInvocation.proceed(MethodInvocation.java:60)
	at app//org.junit.jupiter.engine.execution.InvocationInterceptorChain$ValidatingInvocation.proceed(InvocationInterceptorChain.java:131)
	at app//org.junit.jupiter.engine.extension.TimeoutExtension.intercept(TimeoutExtension.java:156)
	at app//org.junit.jupiter.engine.extension.TimeoutExtension.interceptTestableMethod(TimeoutExtension.java:147)
	at app//org.junit.jupiter.engine.extension.TimeoutExtension.interceptTestTemplateMethod(TimeoutExtension.java:94)
	at app//org.junit.jupiter.engine.execution.InterceptingExecutableInvoker$ReflectiveInterceptorCall.lambda$ofVoidMethod$0(InterceptingExecutableInvoker.java:103)
	at app//org.junit.jupiter.engine.execution.InterceptingExecutableInvoker.lambda$invoke$0(InterceptingExecutableInvoker.java:93)
	at app//org.junit.jupiter.engine.execution.InvocationInterceptorChain$InterceptedInvocation.proceed(InvocationInterceptorChain.java:106)
	at app//org.junit.jupiter.engine.execution.InvocationInterceptorChain.proceed(InvocationInterceptorChain.java:64)
	at app//org.junit.jupiter.engine.execution.InvocationInterceptorChain.chainAndInvoke(InvocationInterceptorChain.java:45)
	at app//org.junit.jupiter.engine.execution.InvocationInterceptorChain.invoke(InvocationInterceptorChain.java:37)
	at app//org.junit.jupiter.engine.execution.InterceptingExecutableInvoker.invoke(InterceptingExecutableInvoker.java:92)
	at app//org.junit.jupiter.engine.execution.InterceptingExecutableInvoker.invoke(InterceptingExecutableInvoker.java:86)
	at app//org.junit.jupiter.engine.descriptor.TestMethodTestDescriptor.lambda$invokeTestMethod$7(TestMethodTestDescriptor.java:217)
	at app//org.junit.platform.engine.support.hierarchical.ThrowableCollector.execute(ThrowableCollector.java:73)
	at app//org.junit.jupiter.engine.descriptor.TestMethodTestDescriptor.invokeTestMethod(TestMethodTestDescriptor.java:213)
	at app//org.junit.jupiter.engine.descriptor.TestMethodTestDescriptor.execute(TestMethodTestDescriptor.java:138)
	at app//org.junit.jupiter.engine.descriptor.TestMethodTestDescriptor.execute(TestMethodTestDescriptor.java:68)
	at app//org.junit.platform.engine.support.hierarchical.NodeTestTask.lambda$executeRecursively$6(NodeTestTask.java:151)
	at app//org.junit.platform.engine.support.hierarchical.ThrowableCollector.execute(ThrowableCollector.java:73)
	at app//org.junit.platform.engine.support.hierarchical.NodeTestTask.lambda$executeRecursively$8(NodeTestTask.java:141)
	at app//org.junit.platform.engine.support.hierarchical.Node.around(Node.java:137)
	at app//org.junit.platform.engine.support.hierarchical.NodeTestTask.lambda$executeRecursively$9(NodeTestTask.java:139)
	at app//org.junit.platform.engine.support.hierarchical.ThrowableCollector.execute(ThrowableCollector.java:73)
	at app//org.junit.platform.engine.support.hierarchical.NodeTestTask.executeRecursively(NodeTestTask.java:138)
	at app//org.junit.platform.engine.support.hierarchical.NodeTestTask.execute(NodeTestTask.java:95)
	at app//org.junit.platform.engine.support.hierarchical.SameThreadHierarchicalTestExecutorService.submit(SameThreadHierarchicalTestExecutorService.java:35)
	at app//org.junit.platform.engine.support.hierarchical.NodeTestTask$DefaultDynamicTestExecutor.execute(NodeTestTask.java:226)
	at app//org.junit.platform.engine.support.hierarchical.NodeTestTask$DefaultDynamicTestExecutor.execute(NodeTestTask.java:204)
	at app//org.junit.jupiter.engine.descriptor.TestTemplateTestDescriptor.execute(TestTemplateTestDescriptor.java:142)
	at app//org.junit.jupiter.engine.descriptor.TestTemplateTestDescriptor.lambda$execute$2(TestTemplateTestDescriptor.java:110)
	at java.base@11.0.19/java.util.stream.ForEachOps$ForEachOp$OfRef.accept(ForEachOps.java:183)
	at java.base@11.0.19/java.util.stream.ReferencePipeline$3$1.accept(ReferencePipeline.java:195)
	at java.base@11.0.19/java.util.stream.ReferencePipeline$2$1.accept(ReferencePipeline.java:177)
	at java.base@11.0.19/java.util.stream.ReferencePipeline$3$1.accept(ReferencePipeline.java:195)
	at java.base@11.0.19/java.util.stream.ForEachOps$ForEachOp$OfRef.accept(ForEachOps.java:183)
	at java.base@11.0.19/java.util.stream.ReferencePipeline$3$1.accept(ReferencePipeline.java:195)
	at java.base@11.0.19/java.util.stream.ReferencePipeline$3$1.accept(ReferencePipeline.java:195)
	at java.base@11.0.19/java.util.stream.ReferencePipeline$3$1.accept(ReferencePipeline.java:195)
	at java.base@11.0.19/java.util.stream.ForEachOps$ForEachOp$OfRef.accept(ForEachOps.java:183)
	at java.base@11.0.19/java.util.stream.ReferencePipeline$3$1.accept(ReferencePipeline.java:195)
	at java.base@11.0.19/java.util.ArrayList$ArrayListSpliterator.forEachRemaining(ArrayList.java:1655)
	at java.base@11.0.19/java.util.stream.ReferencePipeline$Head.forEach(ReferencePipeline.java:658)
	at java.base@11.0.19/java.util.stream.ReferencePipeline$7$1.accept(ReferencePipeline.java:274)
	at java.base@11.0.19/java.util.stream.ReferencePipeline$3$1.accept(ReferencePipeline.java:195)
	at java.base@11.0.19/java.util.stream.ReferencePipeline$3$1.accept(ReferencePipeline.java:195)
	at java.base@11.0.19/java.util.Spliterators$ArraySpliterator.forEachRemaining(Spliterators.java:948)
	at java.base@11.0.19/java.util.stream.AbstractPipeline.copyInto(AbstractPipeline.java:484)
	at java.base@11.0.19/java.util.stream.AbstractPipeline.wrapAndCopyInto(AbstractPipeline.java:474)
	at java.base@11.0.19/java.util.stream.ForEachOps$ForEachOp.evaluateSequential(ForEachOps.java:150)
	at java.base@11.0.19/java.util.stream.ForEachOps$ForEachOp$OfRef.evaluateSequential(ForEachOps.java:173)
	at java.base@11.0.19/java.util.stream.AbstractPipeline.evaluate(AbstractPipeline.java:234)
	at java.base@11.0.19/java.util.stream.ReferencePipeline.forEach(ReferencePipeline.java:497)
	at java.base@11.0.19/java.util.stream.ReferencePipeline$7$1.accept(ReferencePipeline.java:274)
	at java.base@11.0.19/java.util.stream.ReferencePipeline$3$1.accept(ReferencePipeline.java:195)
	at java.base@11.0.19/java.util.stream.ReferencePipeline$3$1.accept(ReferencePipeline.java:195)
	at java.base@11.0.19/java.util.stream.ReferencePipeline$3$1.accept(ReferencePipeline.java:195)
	at java.base@11.0.19/java.util.ArrayList$ArrayListSpliterator.forEachRemaining(ArrayList.java:1655)
	at java.base@11.0.19/java.util.stream.AbstractPipeline.copyInto(AbstractPipeline.java:484)
	at java.base@11.0.19/java.util.stream.AbstractPipeline.wrapAndCopyInto(AbstractPipeline.java:474)
	at java.base@11.0.19/java.util.stream.ForEachOps$ForEachOp.evaluateSequential(ForEachOps.java:150)
	at java.base@11.0.19/java.util.stream.ForEachOps$ForEachOp$OfRef.evaluateSequential(ForEachOps.java:173)
	at java.base@11.0.19/java.util.stream.AbstractPipeline.evaluate(AbstractPipeline.java:234)
	at java.base@11.0.19/java.util.stream.ReferencePipeline.forEach(ReferencePipeline.java:497)
	at java.base@11.0.19/java.util.stream.ReferencePipeline$7$1.accept(ReferencePipeline.java:274)
	at java.base@11.0.19/java.util.ArrayList$ArrayListSpliterator.forEachRemaining(ArrayList.java:1655)
	at java.base@11.0.19/java.util.stream.AbstractPipeline.copyInto(AbstractPipeline.java:484)
	at java.base@11.0.19/java.util.stream.AbstractPipeline.wrapAndCopyInto(AbstractPipeline.java:474)
	at java.base@11.0.19/java.util.stream.ForEachOps$ForEachOp.evaluateSequential(ForEachOps.java:150)
	at java.base@11.0.19/java.util.stream.ForEachOps$ForEachOp$OfRef.evaluateSequential(ForEachOps.java:173)
	at java.base@11.0.19/java.util.stream.AbstractPipeline.evaluate(AbstractPipeline.java:234)
	at java.base@11.0.19/java.util.stream.ReferencePipeline.forEach(ReferencePipeline.java:497)
	at app//org.junit.jupiter.engine.descriptor.TestTemplateTestDescriptor.execute(TestTemplateTestDescriptor.java:110)
	at app//org.junit.jupiter.engine.descriptor.TestTemplateTestDescriptor.execute(TestTemplateTestDescriptor.java:44)
	at app//org.junit.platform.engine.support.hierarchical.NodeTestTask.lambda$executeRecursively$6(NodeTestTask.java:151)
	at app//org.junit.platform.engine.support.hierarchical.ThrowableCollector.execute(ThrowableCollector.java:73)
	at app//org.junit.platform.engine.support.hierarchical.NodeTestTask.lambda$executeRecursively$8(NodeTestTask.java:141)
	at app//org.junit.platform.engine.support.hierarchical.Node.around(Node.java:137)
	at app//org.junit.platform.engine.support.hierarchical.NodeTestTask.lambda$executeRecursively$9(NodeTestTask.java:139)
	at app//org.junit.platform.engine.support.hierarchical.ThrowableCollector.execute(ThrowableCollector.java:73)
	at app//org.junit.platform.engine.support.hierarchical.NodeTestTask.executeRecursively(NodeTestTask.java:138)
	at app//org.junit.platform.engine.support.hierarchical.NodeTestTask.execute(NodeTestTask.java:95)
	at java.base@11.0.19/java.util.ArrayList.forEach(ArrayList.java:1541)
	at app//org.junit.platform.engine.support.hierarchical.SameThreadHierarchicalTestExecutorService.invokeAll(SameThreadHierarchicalTestExecutorService.java:41)
	at app//org.junit.platform.engine.support.hierarchical.NodeTestTask.lambda$executeRecursively$6(NodeTestTask.java:155)
	at app//org.junit.platform.engine.support.hierarchical.ThrowableCollector.execute(ThrowableCollector.java:73)
	at app//org.junit.platform.engine.support.hierarchical.NodeTestTask.lambda$executeRecursively$8(NodeTestTask.java:141)
	at app//org.junit.platform.engine.support.hierarchical.Node.around(Node.java:137)
	at app//org.junit.platform.engine.support.hierarchical.NodeTestTask.lambda$executeRecursively$9(NodeTestTask.java:139)
	at app//org.junit.platform.engine.support.hierarchical.ThrowableCollector.execute(ThrowableCollector.java:73)
	at app//org.junit.platform.engine.support.hierarchical.NodeTestTask.executeRecursively(NodeTestTask.java:138)
	at app//org.junit.platform.engine.support.hierarchical.NodeTestTask.execute(NodeTestTask.java:95)
	at java.base@11.0.19/java.util.ArrayList.forEach(ArrayList.java:1541)
	at app//org.junit.platform.engine.support.hierarchical.SameThreadHierarchicalTestExecutorService.invokeAll(SameThreadHierarchicalTestExecutorService.java:41)
	at app//org.junit.platform.engine.support.hierarchical.NodeTestTask.lambda$executeRecursively$6(NodeTestTask.java:155)
	at app//org.junit.platform.engine.support.hierarchical.ThrowableCollector.execute(ThrowableCollector.java:73)
	at app//org.junit.platform.engine.support.hierarchical.NodeTestTask.lambda$executeRecursively$8(NodeTestTask.java:141)
	at app//org.junit.platform.engine.support.hierarchical.Node.around(Node.java:137)
	at app//org.junit.platform.engine.support.hierarchical.NodeTestTask.lambda$executeRecursively$9(NodeTestTask.java:139)
	at app//org.junit.platform.engine.support.hierarchical.ThrowableCollector.execute(ThrowableCollector.java:73)
	at app//org.junit.platform.engine.support.hierarchical.NodeTestTask.executeRecursively(NodeTestTask.java:138)
	at app//org.junit.platform.engine.support.hierarchical.NodeTestTask.execute(NodeTestTask.java:95)
	at app//org.junit.platform.engine.support.hierarchical.SameThreadHierarchicalTestExecutorService.submit(SameThreadHierarchicalTestExecutorService.java:35)
	at app//org.junit.platform.engine.support.hierarchical.HierarchicalTestExecutor.execute(HierarchicalTestExecutor.java:57)
	at app//org.junit.platform.engine.support.hierarchical.HierarchicalTestEngine.execute(HierarchicalTestEngine.java:54)
	at app//org.junit.platform.launcher.core.EngineExecutionOrchestrator.execute(EngineExecutionOrchestrator.java:107)
	at app//org.junit.platform.launcher.core.EngineExecutionOrchestrator.execute(EngineExecutionOrchestrator.java:88)
	at app//org.junit.platform.launcher.core.EngineExecutionOrchestrator.lambda$execute$0(EngineExecutionOrchestrator.java:54)
	at app//org.junit.platform.launcher.core.EngineExecutionOrchestrator.withInterceptedStreams(EngineExecutionOrchestrator.java:67)
	at app//org.junit.platform.launcher.core.EngineExecutionOrchestrator.execute(EngineExecutionOrchestrator.java:52)
	at app//org.junit.platform.launcher.core.DefaultLauncher.execute(DefaultLauncher.java:114)
	at app//org.junit.platform.launcher.core.DefaultLauncher.execute(DefaultLauncher.java:86)
	at app//org.junit.platform.launcher.core.DefaultLauncherSession$DelegatingLauncher.execute(DefaultLauncherSession.java:86)
	at org.gradle.api.internal.tasks.testing.junitplatform.JUnitPlatformTestClassProcessor$CollectAllTestClassesExecutor.processAllTestClasses(JUnitPlatformTestClassProcessor.java:110)
	at org.gradle.api.internal.tasks.testing.junitplatform.JUnitPlatformTestClassProcessor$CollectAllTestClassesExecutor.access$000(JUnitPlatformTestClassProcessor.java:90)
	at org.gradle.api.internal.tasks.testing.junitplatform.JUnitPlatformTestClassProcessor.stop(JUnitPlatformTestClassProcessor.java:85)
	at org.gradle.api.internal.tasks.testing.SuiteTestClassProcessor.stop(SuiteTestClassProcessor.java:62)
	at java.base@11.0.19/jdk.internal.reflect.NativeMethodAccessorImpl.invoke0(Native Method)
	at java.base@11.0.19/jdk.internal.reflect.NativeMethodAccessorImpl.invoke(NativeMethodAccessorImpl.java:62)
	at java.base@11.0.19/jdk.internal.reflect.DelegatingMethodAccessorImpl.invoke(DelegatingMethodAccessorImpl.java:43)
	at java.base@11.0.19/java.lang.reflect.Method.invoke(Method.java:566)
	at org.gradle.internal.dispatch.ReflectionDispatch.dispatch(ReflectionDispatch.java:36)
	at org.gradle.internal.dispatch.ReflectionDispatch.dispatch(ReflectionDispatch.java:24)
	at org.gradle.internal.dispatch.ContextClassLoaderDispatch.dispatch(ContextClassLoaderDispatch.java:33)
	at org.gradle.internal.dispatch.ProxyDispatchAdapter$DispatchingInvocationHandler.invoke(ProxyDispatchAdapter.java:94)
	at com.sun.proxy.$Proxy5.stop(Unknown Source)
	at org.gradle.api.internal.tasks.testing.worker.TestWorker$3.run(TestWorker.java:193)
	at org.gradle.api.internal.tasks.testing.worker.TestWorker.executeAndMaintainThreadName(TestWorker.java:129)
	at org.gradle.api.internal.tasks.testing.worker.TestWorker.execute(TestWorker.java:100)
	at org.gradle.api.internal.tasks.testing.worker.TestWorker.execute(TestWorker.java:60)
	at org.gradle.process.internal.worker.child.ActionExecutionWorker.execute(ActionExecutionWorker.java:56)
	at org.gradle.process.internal.worker.child.SystemApplicationClassLoaderWorker.call(SystemApplicationClassLoaderWorker.java:113)
	at org.gradle.process.internal.worker.child.SystemApplicationClassLoaderWorker.call(SystemApplicationClassLoaderWorker.java:65)
	at app//worker.org.gradle.process.internal.worker.GradleWorkerMain.run(GradleWorkerMain.java:69)
	at app//worker.org.gradle.process.internal.worker.GradleWorkerMain.main(GradleWorkerMain.java:74)
Caused by: java.lang.AssertionError: A reference was unexpectedly null.
	at com.github.javaparser.utils.Utils.assertNotNull(Utils.java:60)
	at com.github.javaparser.ast.expr.AssignExpr.setValue(AssignExpr.java:186)
	at com.github.javaparser.ast.expr.AssignExpr.&lt;init&gt;(AssignExpr.java:127)
	at com.github.javaparser.ast.expr.AssignExpr.&lt;init&gt;(AssignExpr.java:117)
	at de.uka.ilkd.key.java.transformations.AstFactory.assign(AstFactory.java:106)
	at de.uka.ilkd.key.java.transformations.pipeline.PrepareObjectBuilder.defaultSettings(PrepareObjectBuilder.java:80)
	at de.uka.ilkd.key.java.transformations.pipeline.PrepareObjectBuilder.createPrepareBody(PrepareObjectBuilder.java:100)
	at de.uka.ilkd.key.java.transformations.pipeline.PrepareObjectBuilder.createMethod(PrepareObjectBuilder.java:119)
	at de.uka.ilkd.key.java.transformations.pipeline.PrepareObjectBuilder.apply(PrepareObjectBuilder.java:148)
	at de.uka.ilkd.key.java.transformations.KeYJavaPipeline.apply(KeYJavaPipeline.java:61)
	at de.uka.ilkd.key.java.transformations.KeYJavaPipeline.apply(KeYJavaPipeline.java:54)
	at de.uka.ilkd.key.java.JavaService.transformModel(JavaService.java:582)
	at de.uka.ilkd.key.java.JavaService.parseLibraryClasses0(JavaService.java:528)
	at de.uka.ilkd.key.java.JavaService.parseSpecialClasses(JavaService.java:511)
	at de.uka.ilkd.key.proof.init.ProblemInitializer.readJava(ProblemInitializer.java:280)
	at de.uka.ilkd.key.proof.init.ProblemInitializer.prepare(ProblemInitializer.java:529)
	at de.uka.ilkd.key.proof.init.ProblemInitializer.prepare(ProblemInitializer.java:471)
	at de.uka.ilkd.key.proof.io.AbstractProblemLoader.createInitConfig(AbstractProblemLoader.java:558)
	at de.uka.ilkd.key.proof.io.AbstractProblemLoader.loadEnvironment(AbstractProblemLoader.java:318)
	at de.uka.ilkd.key.proof.io.AbstractProblemLoader.load(AbstractProblemLoader.java:276)
	at de.uka.ilkd.key.proof.io.AbstractProblemLoader.load(AbstractProblemLoader.java:258)
	at de.uka.ilkd.key.control.AbstractUserInterfaceControl.load(AbstractUserInterfaceControl.java:212)
	... 146 more
</failure>
  </testcase>
  <testcase name="[11] jdiv.dl, &#10;\forall int divNum; \forall int divDenom;&#10;  jdiv(divNum,divDenom) =&#10;         \if (divNum &gt;= 0)&#10;         \then (div(divNum,divDenom))&#10;         \else (div(divNum*(-1),divDenom)*(-1))&#10;" classname="de.uka.ilkd.key.smt.newsmt2.ProveSMTLemmasTest" time="0.269">
    <failure message="A reference was unexpectedly null. (file: D:\a\key\key\key.core\build\resources\test\de\uka\ilkd\key\smt\newsmt2\SMT_lemma_jdiv.dl.proof; caused by: java.lang.AssertionError: A reference was unexpectedly null.)" type="de.uka.ilkd.key.proof.io.ProblemLoaderException">A reference was unexpectedly null. (file: D:\a\key\key\key.core\build\resources\test\de\uka\ilkd\key\smt\newsmt2\SMT_lemma_jdiv.dl.proof; caused by: java.lang.AssertionError: A reference was unexpectedly null.)
	at app//de.uka.ilkd.key.control.AbstractUserInterfaceControl.load(AbstractUserInterfaceControl.java:225)
	at app//de.uka.ilkd.key.control.KeYEnvironment.load(KeYEnvironment.java:282)
	at app//de.uka.ilkd.key.control.KeYEnvironment.load(KeYEnvironment.java:251)
	at app//de.uka.ilkd.key.control.KeYEnvironment.load(KeYEnvironment.java:225)
	at app//de.uka.ilkd.key.control.KeYEnvironment.load(KeYEnvironment.java:185)
	at app//de.uka.ilkd.key.control.KeYEnvironment.load(KeYEnvironment.java:292)
	at app//de.uka.ilkd.key.smt.newsmt2.ProveSMTLemmasTest.testSMTLemmaSoundness(ProveSMTLemmasTest.java:72)
	at java.base@11.0.19/jdk.internal.reflect.NativeMethodAccessorImpl.invoke0(Native Method)
	at java.base@11.0.19/jdk.internal.reflect.NativeMethodAccessorImpl.invoke(NativeMethodAccessorImpl.java:62)
	at java.base@11.0.19/jdk.internal.reflect.DelegatingMethodAccessorImpl.invoke(DelegatingMethodAccessorImpl.java:43)
	at java.base@11.0.19/java.lang.reflect.Method.invoke(Method.java:566)
	at app//org.junit.platform.commons.util.ReflectionUtils.invokeMethod(ReflectionUtils.java:727)
	at app//org.junit.jupiter.engine.execution.MethodInvocation.proceed(MethodInvocation.java:60)
	at app//org.junit.jupiter.engine.execution.InvocationInterceptorChain$ValidatingInvocation.proceed(InvocationInterceptorChain.java:131)
	at app//org.junit.jupiter.engine.extension.TimeoutExtension.intercept(TimeoutExtension.java:156)
	at app//org.junit.jupiter.engine.extension.TimeoutExtension.interceptTestableMethod(TimeoutExtension.java:147)
	at app//org.junit.jupiter.engine.extension.TimeoutExtension.interceptTestTemplateMethod(TimeoutExtension.java:94)
	at app//org.junit.jupiter.engine.execution.InterceptingExecutableInvoker$ReflectiveInterceptorCall.lambda$ofVoidMethod$0(InterceptingExecutableInvoker.java:103)
	at app//org.junit.jupiter.engine.execution.InterceptingExecutableInvoker.lambda$invoke$0(InterceptingExecutableInvoker.java:93)
	at app//org.junit.jupiter.engine.execution.InvocationInterceptorChain$InterceptedInvocation.proceed(InvocationInterceptorChain.java:106)
	at app//org.junit.jupiter.engine.execution.InvocationInterceptorChain.proceed(InvocationInterceptorChain.java:64)
	at app//org.junit.jupiter.engine.execution.InvocationInterceptorChain.chainAndInvoke(InvocationInterceptorChain.java:45)
	at app//org.junit.jupiter.engine.execution.InvocationInterceptorChain.invoke(InvocationInterceptorChain.java:37)
	at app//org.junit.jupiter.engine.execution.InterceptingExecutableInvoker.invoke(InterceptingExecutableInvoker.java:92)
	at app//org.junit.jupiter.engine.execution.InterceptingExecutableInvoker.invoke(InterceptingExecutableInvoker.java:86)
	at app//org.junit.jupiter.engine.descriptor.TestMethodTestDescriptor.lambda$invokeTestMethod$7(TestMethodTestDescriptor.java:217)
	at app//org.junit.platform.engine.support.hierarchical.ThrowableCollector.execute(ThrowableCollector.java:73)
	at app//org.junit.jupiter.engine.descriptor.TestMethodTestDescriptor.invokeTestMethod(TestMethodTestDescriptor.java:213)
	at app//org.junit.jupiter.engine.descriptor.TestMethodTestDescriptor.execute(TestMethodTestDescriptor.java:138)
	at app//org.junit.jupiter.engine.descriptor.TestMethodTestDescriptor.execute(TestMethodTestDescriptor.java:68)
	at app//org.junit.platform.engine.support.hierarchical.NodeTestTask.lambda$executeRecursively$6(NodeTestTask.java:151)
	at app//org.junit.platform.engine.support.hierarchical.ThrowableCollector.execute(ThrowableCollector.java:73)
	at app//org.junit.platform.engine.support.hierarchical.NodeTestTask.lambda$executeRecursively$8(NodeTestTask.java:141)
	at app//org.junit.platform.engine.support.hierarchical.Node.around(Node.java:137)
	at app//org.junit.platform.engine.support.hierarchical.NodeTestTask.lambda$executeRecursively$9(NodeTestTask.java:139)
	at app//org.junit.platform.engine.support.hierarchical.ThrowableCollector.execute(ThrowableCollector.java:73)
	at app//org.junit.platform.engine.support.hierarchical.NodeTestTask.executeRecursively(NodeTestTask.java:138)
	at app//org.junit.platform.engine.support.hierarchical.NodeTestTask.execute(NodeTestTask.java:95)
	at app//org.junit.platform.engine.support.hierarchical.SameThreadHierarchicalTestExecutorService.submit(SameThreadHierarchicalTestExecutorService.java:35)
	at app//org.junit.platform.engine.support.hierarchical.NodeTestTask$DefaultDynamicTestExecutor.execute(NodeTestTask.java:226)
	at app//org.junit.platform.engine.support.hierarchical.NodeTestTask$DefaultDynamicTestExecutor.execute(NodeTestTask.java:204)
	at app//org.junit.jupiter.engine.descriptor.TestTemplateTestDescriptor.execute(TestTemplateTestDescriptor.java:142)
	at app//org.junit.jupiter.engine.descriptor.TestTemplateTestDescriptor.lambda$execute$2(TestTemplateTestDescriptor.java:110)
	at java.base@11.0.19/java.util.stream.ForEachOps$ForEachOp$OfRef.accept(ForEachOps.java:183)
	at java.base@11.0.19/java.util.stream.ReferencePipeline$3$1.accept(ReferencePipeline.java:195)
	at java.base@11.0.19/java.util.stream.ReferencePipeline$2$1.accept(ReferencePipeline.java:177)
	at java.base@11.0.19/java.util.stream.ReferencePipeline$3$1.accept(ReferencePipeline.java:195)
	at java.base@11.0.19/java.util.stream.ForEachOps$ForEachOp$OfRef.accept(ForEachOps.java:183)
	at java.base@11.0.19/java.util.stream.ReferencePipeline$3$1.accept(ReferencePipeline.java:195)
	at java.base@11.0.19/java.util.stream.ReferencePipeline$3$1.accept(ReferencePipeline.java:195)
	at java.base@11.0.19/java.util.stream.ReferencePipeline$3$1.accept(ReferencePipeline.java:195)
	at java.base@11.0.19/java.util.stream.ForEachOps$ForEachOp$OfRef.accept(ForEachOps.java:183)
	at java.base@11.0.19/java.util.stream.ReferencePipeline$3$1.accept(ReferencePipeline.java:195)
	at java.base@11.0.19/java.util.ArrayList$ArrayListSpliterator.forEachRemaining(ArrayList.java:1655)
	at java.base@11.0.19/java.util.stream.ReferencePipeline$Head.forEach(ReferencePipeline.java:658)
	at java.base@11.0.19/java.util.stream.ReferencePipeline$7$1.accept(ReferencePipeline.java:274)
	at java.base@11.0.19/java.util.stream.ReferencePipeline$3$1.accept(ReferencePipeline.java:195)
	at java.base@11.0.19/java.util.stream.ReferencePipeline$3$1.accept(ReferencePipeline.java:195)
	at java.base@11.0.19/java.util.Spliterators$ArraySpliterator.forEachRemaining(Spliterators.java:948)
	at java.base@11.0.19/java.util.stream.AbstractPipeline.copyInto(AbstractPipeline.java:484)
	at java.base@11.0.19/java.util.stream.AbstractPipeline.wrapAndCopyInto(AbstractPipeline.java:474)
	at java.base@11.0.19/java.util.stream.ForEachOps$ForEachOp.evaluateSequential(ForEachOps.java:150)
	at java.base@11.0.19/java.util.stream.ForEachOps$ForEachOp$OfRef.evaluateSequential(ForEachOps.java:173)
	at java.base@11.0.19/java.util.stream.AbstractPipeline.evaluate(AbstractPipeline.java:234)
	at java.base@11.0.19/java.util.stream.ReferencePipeline.forEach(ReferencePipeline.java:497)
	at java.base@11.0.19/java.util.stream.ReferencePipeline$7$1.accept(ReferencePipeline.java:274)
	at java.base@11.0.19/java.util.stream.ReferencePipeline$3$1.accept(ReferencePipeline.java:195)
	at java.base@11.0.19/java.util.stream.ReferencePipeline$3$1.accept(ReferencePipeline.java:195)
	at java.base@11.0.19/java.util.stream.ReferencePipeline$3$1.accept(ReferencePipeline.java:195)
	at java.base@11.0.19/java.util.ArrayList$ArrayListSpliterator.forEachRemaining(ArrayList.java:1655)
	at java.base@11.0.19/java.util.stream.AbstractPipeline.copyInto(AbstractPipeline.java:484)
	at java.base@11.0.19/java.util.stream.AbstractPipeline.wrapAndCopyInto(AbstractPipeline.java:474)
	at java.base@11.0.19/java.util.stream.ForEachOps$ForEachOp.evaluateSequential(ForEachOps.java:150)
	at java.base@11.0.19/java.util.stream.ForEachOps$ForEachOp$OfRef.evaluateSequential(ForEachOps.java:173)
	at java.base@11.0.19/java.util.stream.AbstractPipeline.evaluate(AbstractPipeline.java:234)
	at java.base@11.0.19/java.util.stream.ReferencePipeline.forEach(ReferencePipeline.java:497)
	at java.base@11.0.19/java.util.stream.ReferencePipeline$7$1.accept(ReferencePipeline.java:274)
	at java.base@11.0.19/java.util.ArrayList$ArrayListSpliterator.forEachRemaining(ArrayList.java:1655)
	at java.base@11.0.19/java.util.stream.AbstractPipeline.copyInto(AbstractPipeline.java:484)
	at java.base@11.0.19/java.util.stream.AbstractPipeline.wrapAndCopyInto(AbstractPipeline.java:474)
	at java.base@11.0.19/java.util.stream.ForEachOps$ForEachOp.evaluateSequential(ForEachOps.java:150)
	at java.base@11.0.19/java.util.stream.ForEachOps$ForEachOp$OfRef.evaluateSequential(ForEachOps.java:173)
	at java.base@11.0.19/java.util.stream.AbstractPipeline.evaluate(AbstractPipeline.java:234)
	at java.base@11.0.19/java.util.stream.ReferencePipeline.forEach(ReferencePipeline.java:497)
	at app//org.junit.jupiter.engine.descriptor.TestTemplateTestDescriptor.execute(TestTemplateTestDescriptor.java:110)
	at app//org.junit.jupiter.engine.descriptor.TestTemplateTestDescriptor.execute(TestTemplateTestDescriptor.java:44)
	at app//org.junit.platform.engine.support.hierarchical.NodeTestTask.lambda$executeRecursively$6(NodeTestTask.java:151)
	at app//org.junit.platform.engine.support.hierarchical.ThrowableCollector.execute(ThrowableCollector.java:73)
	at app//org.junit.platform.engine.support.hierarchical.NodeTestTask.lambda$executeRecursively$8(NodeTestTask.java:141)
	at app//org.junit.platform.engine.support.hierarchical.Node.around(Node.java:137)
	at app//org.junit.platform.engine.support.hierarchical.NodeTestTask.lambda$executeRecursively$9(NodeTestTask.java:139)
	at app//org.junit.platform.engine.support.hierarchical.ThrowableCollector.execute(ThrowableCollector.java:73)
	at app//org.junit.platform.engine.support.hierarchical.NodeTestTask.executeRecursively(NodeTestTask.java:138)
	at app//org.junit.platform.engine.support.hierarchical.NodeTestTask.execute(NodeTestTask.java:95)
	at java.base@11.0.19/java.util.ArrayList.forEach(ArrayList.java:1541)
	at app//org.junit.platform.engine.support.hierarchical.SameThreadHierarchicalTestExecutorService.invokeAll(SameThreadHierarchicalTestExecutorService.java:41)
	at app//org.junit.platform.engine.support.hierarchical.NodeTestTask.lambda$executeRecursively$6(NodeTestTask.java:155)
	at app//org.junit.platform.engine.support.hierarchical.ThrowableCollector.execute(ThrowableCollector.java:73)
	at app//org.junit.platform.engine.support.hierarchical.NodeTestTask.lambda$executeRecursively$8(NodeTestTask.java:141)
	at app//org.junit.platform.engine.support.hierarchical.Node.around(Node.java:137)
	at app//org.junit.platform.engine.support.hierarchical.NodeTestTask.lambda$executeRecursively$9(NodeTestTask.java:139)
	at app//org.junit.platform.engine.support.hierarchical.ThrowableCollector.execute(ThrowableCollector.java:73)
	at app//org.junit.platform.engine.support.hierarchical.NodeTestTask.executeRecursively(NodeTestTask.java:138)
	at app//org.junit.platform.engine.support.hierarchical.NodeTestTask.execute(NodeTestTask.java:95)
	at java.base@11.0.19/java.util.ArrayList.forEach(ArrayList.java:1541)
	at app//org.junit.platform.engine.support.hierarchical.SameThreadHierarchicalTestExecutorService.invokeAll(SameThreadHierarchicalTestExecutorService.java:41)
	at app//org.junit.platform.engine.support.hierarchical.NodeTestTask.lambda$executeRecursively$6(NodeTestTask.java:155)
	at app//org.junit.platform.engine.support.hierarchical.ThrowableCollector.execute(ThrowableCollector.java:73)
	at app//org.junit.platform.engine.support.hierarchical.NodeTestTask.lambda$executeRecursively$8(NodeTestTask.java:141)
	at app//org.junit.platform.engine.support.hierarchical.Node.around(Node.java:137)
	at app//org.junit.platform.engine.support.hierarchical.NodeTestTask.lambda$executeRecursively$9(NodeTestTask.java:139)
	at app//org.junit.platform.engine.support.hierarchical.ThrowableCollector.execute(ThrowableCollector.java:73)
	at app//org.junit.platform.engine.support.hierarchical.NodeTestTask.executeRecursively(NodeTestTask.java:138)
	at app//org.junit.platform.engine.support.hierarchical.NodeTestTask.execute(NodeTestTask.java:95)
	at app//org.junit.platform.engine.support.hierarchical.SameThreadHierarchicalTestExecutorService.submit(SameThreadHierarchicalTestExecutorService.java:35)
	at app//org.junit.platform.engine.support.hierarchical.HierarchicalTestExecutor.execute(HierarchicalTestExecutor.java:57)
	at app//org.junit.platform.engine.support.hierarchical.HierarchicalTestEngine.execute(HierarchicalTestEngine.java:54)
	at app//org.junit.platform.launcher.core.EngineExecutionOrchestrator.execute(EngineExecutionOrchestrator.java:107)
	at app//org.junit.platform.launcher.core.EngineExecutionOrchestrator.execute(EngineExecutionOrchestrator.java:88)
	at app//org.junit.platform.launcher.core.EngineExecutionOrchestrator.lambda$execute$0(EngineExecutionOrchestrator.java:54)
	at app//org.junit.platform.launcher.core.EngineExecutionOrchestrator.withInterceptedStreams(EngineExecutionOrchestrator.java:67)
	at app//org.junit.platform.launcher.core.EngineExecutionOrchestrator.execute(EngineExecutionOrchestrator.java:52)
	at app//org.junit.platform.launcher.core.DefaultLauncher.execute(DefaultLauncher.java:114)
	at app//org.junit.platform.launcher.core.DefaultLauncher.execute(DefaultLauncher.java:86)
	at app//org.junit.platform.launcher.core.DefaultLauncherSession$DelegatingLauncher.execute(DefaultLauncherSession.java:86)
	at org.gradle.api.internal.tasks.testing.junitplatform.JUnitPlatformTestClassProcessor$CollectAllTestClassesExecutor.processAllTestClasses(JUnitPlatformTestClassProcessor.java:110)
	at org.gradle.api.internal.tasks.testing.junitplatform.JUnitPlatformTestClassProcessor$CollectAllTestClassesExecutor.access$000(JUnitPlatformTestClassProcessor.java:90)
	at org.gradle.api.internal.tasks.testing.junitplatform.JUnitPlatformTestClassProcessor.stop(JUnitPlatformTestClassProcessor.java:85)
	at org.gradle.api.internal.tasks.testing.SuiteTestClassProcessor.stop(SuiteTestClassProcessor.java:62)
	at java.base@11.0.19/jdk.internal.reflect.NativeMethodAccessorImpl.invoke0(Native Method)
	at java.base@11.0.19/jdk.internal.reflect.NativeMethodAccessorImpl.invoke(NativeMethodAccessorImpl.java:62)
	at java.base@11.0.19/jdk.internal.reflect.DelegatingMethodAccessorImpl.invoke(DelegatingMethodAccessorImpl.java:43)
	at java.base@11.0.19/java.lang.reflect.Method.invoke(Method.java:566)
	at org.gradle.internal.dispatch.ReflectionDispatch.dispatch(ReflectionDispatch.java:36)
	at org.gradle.internal.dispatch.ReflectionDispatch.dispatch(ReflectionDispatch.java:24)
	at org.gradle.internal.dispatch.ContextClassLoaderDispatch.dispatch(ContextClassLoaderDispatch.java:33)
	at org.gradle.internal.dispatch.ProxyDispatchAdapter$DispatchingInvocationHandler.invoke(ProxyDispatchAdapter.java:94)
	at com.sun.proxy.$Proxy5.stop(Unknown Source)
	at org.gradle.api.internal.tasks.testing.worker.TestWorker$3.run(TestWorker.java:193)
	at org.gradle.api.internal.tasks.testing.worker.TestWorker.executeAndMaintainThreadName(TestWorker.java:129)
	at org.gradle.api.internal.tasks.testing.worker.TestWorker.execute(TestWorker.java:100)
	at org.gradle.api.internal.tasks.testing.worker.TestWorker.execute(TestWorker.java:60)
	at org.gradle.process.internal.worker.child.ActionExecutionWorker.execute(ActionExecutionWorker.java:56)
	at org.gradle.process.internal.worker.child.SystemApplicationClassLoaderWorker.call(SystemApplicationClassLoaderWorker.java:113)
	at org.gradle.process.internal.worker.child.SystemApplicationClassLoaderWorker.call(SystemApplicationClassLoaderWorker.java:65)
	at app//worker.org.gradle.process.internal.worker.GradleWorkerMain.run(GradleWorkerMain.java:69)
	at app//worker.org.gradle.process.internal.worker.GradleWorkerMain.main(GradleWorkerMain.java:74)
Caused by: java.lang.AssertionError: A reference was unexpectedly null.
	at com.github.javaparser.utils.Utils.assertNotNull(Utils.java:60)
	at com.github.javaparser.ast.expr.AssignExpr.setValue(AssignExpr.java:186)
	at com.github.javaparser.ast.expr.AssignExpr.&lt;init&gt;(AssignExpr.java:127)
	at com.github.javaparser.ast.expr.AssignExpr.&lt;init&gt;(AssignExpr.java:117)
	at de.uka.ilkd.key.java.transformations.AstFactory.assign(AstFactory.java:106)
	at de.uka.ilkd.key.java.transformations.pipeline.PrepareObjectBuilder.defaultSettings(PrepareObjectBuilder.java:80)
	at de.uka.ilkd.key.java.transformations.pipeline.PrepareObjectBuilder.createPrepareBody(PrepareObjectBuilder.java:100)
	at de.uka.ilkd.key.java.transformations.pipeline.PrepareObjectBuilder.createMethod(PrepareObjectBuilder.java:119)
	at de.uka.ilkd.key.java.transformations.pipeline.PrepareObjectBuilder.apply(PrepareObjectBuilder.java:148)
	at de.uka.ilkd.key.java.transformations.KeYJavaPipeline.apply(KeYJavaPipeline.java:61)
	at de.uka.ilkd.key.java.transformations.KeYJavaPipeline.apply(KeYJavaPipeline.java:54)
	at de.uka.ilkd.key.java.JavaService.transformModel(JavaService.java:582)
	at de.uka.ilkd.key.java.JavaService.parseLibraryClasses0(JavaService.java:528)
	at de.uka.ilkd.key.java.JavaService.parseSpecialClasses(JavaService.java:511)
	at de.uka.ilkd.key.proof.init.ProblemInitializer.readJava(ProblemInitializer.java:280)
	at de.uka.ilkd.key.proof.init.ProblemInitializer.prepare(ProblemInitializer.java:529)
	at de.uka.ilkd.key.proof.init.ProblemInitializer.prepare(ProblemInitializer.java:471)
	at de.uka.ilkd.key.proof.io.AbstractProblemLoader.createInitConfig(AbstractProblemLoader.java:558)
	at de.uka.ilkd.key.proof.io.AbstractProblemLoader.loadEnvironment(AbstractProblemLoader.java:318)
	at de.uka.ilkd.key.proof.io.AbstractProblemLoader.load(AbstractProblemLoader.java:276)
	at de.uka.ilkd.key.proof.io.AbstractProblemLoader.load(AbstractProblemLoader.java:258)
	at de.uka.ilkd.key.control.AbstractUserInterfaceControl.load(AbstractUserInterfaceControl.java:212)
	... 146 more
</failure>
  </testcase>
  <testcase name="[12] empty.dl, &#10;  \forall Object o; \forall Field f; ( elementOf(o,f,empty)&lt;&lt;Trigger&gt;&gt; &lt;-&gt; false )&#10;" classname="de.uka.ilkd.key.smt.newsmt2.ProveSMTLemmasTest" time="0.296">
    <failure message="A reference was unexpectedly null. (file: C:\Users\RUNNER~1\AppData\Local\Temp\SMT_lemma_empty.dl_16315004662454650102.key; caused by: java.lang.AssertionError: A reference was unexpectedly null.)" type="de.uka.ilkd.key.proof.io.ProblemLoaderException">A reference was unexpectedly null. (file: C:\Users\RUNNER~1\AppData\Local\Temp\SMT_lemma_empty.dl_16315004662454650102.key; caused by: java.lang.AssertionError: A reference was unexpectedly null.)
	at app//de.uka.ilkd.key.control.AbstractUserInterfaceControl.load(AbstractUserInterfaceControl.java:225)
	at app//de.uka.ilkd.key.control.KeYEnvironment.load(KeYEnvironment.java:282)
	at app//de.uka.ilkd.key.control.KeYEnvironment.load(KeYEnvironment.java:251)
	at app//de.uka.ilkd.key.control.KeYEnvironment.load(KeYEnvironment.java:225)
	at app//de.uka.ilkd.key.control.KeYEnvironment.load(KeYEnvironment.java:185)
	at app//de.uka.ilkd.key.control.KeYEnvironment.load(KeYEnvironment.java:292)
	at app//de.uka.ilkd.key.smt.newsmt2.ProveSMTLemmasTest.testSMTLemmaSoundness(ProveSMTLemmasTest.java:72)
	at java.base@11.0.19/jdk.internal.reflect.NativeMethodAccessorImpl.invoke0(Native Method)
	at java.base@11.0.19/jdk.internal.reflect.NativeMethodAccessorImpl.invoke(NativeMethodAccessorImpl.java:62)
	at java.base@11.0.19/jdk.internal.reflect.DelegatingMethodAccessorImpl.invoke(DelegatingMethodAccessorImpl.java:43)
	at java.base@11.0.19/java.lang.reflect.Method.invoke(Method.java:566)
	at app//org.junit.platform.commons.util.ReflectionUtils.invokeMethod(ReflectionUtils.java:727)
	at app//org.junit.jupiter.engine.execution.MethodInvocation.proceed(MethodInvocation.java:60)
	at app//org.junit.jupiter.engine.execution.InvocationInterceptorChain$ValidatingInvocation.proceed(InvocationInterceptorChain.java:131)
	at app//org.junit.jupiter.engine.extension.TimeoutExtension.intercept(TimeoutExtension.java:156)
	at app//org.junit.jupiter.engine.extension.TimeoutExtension.interceptTestableMethod(TimeoutExtension.java:147)
	at app//org.junit.jupiter.engine.extension.TimeoutExtension.interceptTestTemplateMethod(TimeoutExtension.java:94)
	at app//org.junit.jupiter.engine.execution.InterceptingExecutableInvoker$ReflectiveInterceptorCall.lambda$ofVoidMethod$0(InterceptingExecutableInvoker.java:103)
	at app//org.junit.jupiter.engine.execution.InterceptingExecutableInvoker.lambda$invoke$0(InterceptingExecutableInvoker.java:93)
	at app//org.junit.jupiter.engine.execution.InvocationInterceptorChain$InterceptedInvocation.proceed(InvocationInterceptorChain.java:106)
	at app//org.junit.jupiter.engine.execution.InvocationInterceptorChain.proceed(InvocationInterceptorChain.java:64)
	at app//org.junit.jupiter.engine.execution.InvocationInterceptorChain.chainAndInvoke(InvocationInterceptorChain.java:45)
	at app//org.junit.jupiter.engine.execution.InvocationInterceptorChain.invoke(InvocationInterceptorChain.java:37)
	at app//org.junit.jupiter.engine.execution.InterceptingExecutableInvoker.invoke(InterceptingExecutableInvoker.java:92)
	at app//org.junit.jupiter.engine.execution.InterceptingExecutableInvoker.invoke(InterceptingExecutableInvoker.java:86)
	at app//org.junit.jupiter.engine.descriptor.TestMethodTestDescriptor.lambda$invokeTestMethod$7(TestMethodTestDescriptor.java:217)
	at app//org.junit.platform.engine.support.hierarchical.ThrowableCollector.execute(ThrowableCollector.java:73)
	at app//org.junit.jupiter.engine.descriptor.TestMethodTestDescriptor.invokeTestMethod(TestMethodTestDescriptor.java:213)
	at app//org.junit.jupiter.engine.descriptor.TestMethodTestDescriptor.execute(TestMethodTestDescriptor.java:138)
	at app//org.junit.jupiter.engine.descriptor.TestMethodTestDescriptor.execute(TestMethodTestDescriptor.java:68)
	at app//org.junit.platform.engine.support.hierarchical.NodeTestTask.lambda$executeRecursively$6(NodeTestTask.java:151)
	at app//org.junit.platform.engine.support.hierarchical.ThrowableCollector.execute(ThrowableCollector.java:73)
	at app//org.junit.platform.engine.support.hierarchical.NodeTestTask.lambda$executeRecursively$8(NodeTestTask.java:141)
	at app//org.junit.platform.engine.support.hierarchical.Node.around(Node.java:137)
	at app//org.junit.platform.engine.support.hierarchical.NodeTestTask.lambda$executeRecursively$9(NodeTestTask.java:139)
	at app//org.junit.platform.engine.support.hierarchical.ThrowableCollector.execute(ThrowableCollector.java:73)
	at app//org.junit.platform.engine.support.hierarchical.NodeTestTask.executeRecursively(NodeTestTask.java:138)
	at app//org.junit.platform.engine.support.hierarchical.NodeTestTask.execute(NodeTestTask.java:95)
	at app//org.junit.platform.engine.support.hierarchical.SameThreadHierarchicalTestExecutorService.submit(SameThreadHierarchicalTestExecutorService.java:35)
	at app//org.junit.platform.engine.support.hierarchical.NodeTestTask$DefaultDynamicTestExecutor.execute(NodeTestTask.java:226)
	at app//org.junit.platform.engine.support.hierarchical.NodeTestTask$DefaultDynamicTestExecutor.execute(NodeTestTask.java:204)
	at app//org.junit.jupiter.engine.descriptor.TestTemplateTestDescriptor.execute(TestTemplateTestDescriptor.java:142)
	at app//org.junit.jupiter.engine.descriptor.TestTemplateTestDescriptor.lambda$execute$2(TestTemplateTestDescriptor.java:110)
	at java.base@11.0.19/java.util.stream.ForEachOps$ForEachOp$OfRef.accept(ForEachOps.java:183)
	at java.base@11.0.19/java.util.stream.ReferencePipeline$3$1.accept(ReferencePipeline.java:195)
	at java.base@11.0.19/java.util.stream.ReferencePipeline$2$1.accept(ReferencePipeline.java:177)
	at java.base@11.0.19/java.util.stream.ReferencePipeline$3$1.accept(ReferencePipeline.java:195)
	at java.base@11.0.19/java.util.stream.ForEachOps$ForEachOp$OfRef.accept(ForEachOps.java:183)
	at java.base@11.0.19/java.util.stream.ReferencePipeline$3$1.accept(ReferencePipeline.java:195)
	at java.base@11.0.19/java.util.stream.ReferencePipeline$3$1.accept(ReferencePipeline.java:195)
	at java.base@11.0.19/java.util.stream.ReferencePipeline$3$1.accept(ReferencePipeline.java:195)
	at java.base@11.0.19/java.util.stream.ForEachOps$ForEachOp$OfRef.accept(ForEachOps.java:183)
	at java.base@11.0.19/java.util.stream.ReferencePipeline$3$1.accept(ReferencePipeline.java:195)
	at java.base@11.0.19/java.util.ArrayList$ArrayListSpliterator.forEachRemaining(ArrayList.java:1655)
	at java.base@11.0.19/java.util.stream.ReferencePipeline$Head.forEach(ReferencePipeline.java:658)
	at java.base@11.0.19/java.util.stream.ReferencePipeline$7$1.accept(ReferencePipeline.java:274)
	at java.base@11.0.19/java.util.stream.ReferencePipeline$3$1.accept(ReferencePipeline.java:195)
	at java.base@11.0.19/java.util.stream.ReferencePipeline$3$1.accept(ReferencePipeline.java:195)
	at java.base@11.0.19/java.util.Spliterators$ArraySpliterator.forEachRemaining(Spliterators.java:948)
	at java.base@11.0.19/java.util.stream.AbstractPipeline.copyInto(AbstractPipeline.java:484)
	at java.base@11.0.19/java.util.stream.AbstractPipeline.wrapAndCopyInto(AbstractPipeline.java:474)
	at java.base@11.0.19/java.util.stream.ForEachOps$ForEachOp.evaluateSequential(ForEachOps.java:150)
	at java.base@11.0.19/java.util.stream.ForEachOps$ForEachOp$OfRef.evaluateSequential(ForEachOps.java:173)
	at java.base@11.0.19/java.util.stream.AbstractPipeline.evaluate(AbstractPipeline.java:234)
	at java.base@11.0.19/java.util.stream.ReferencePipeline.forEach(ReferencePipeline.java:497)
	at java.base@11.0.19/java.util.stream.ReferencePipeline$7$1.accept(ReferencePipeline.java:274)
	at java.base@11.0.19/java.util.stream.ReferencePipeline$3$1.accept(ReferencePipeline.java:195)
	at java.base@11.0.19/java.util.stream.ReferencePipeline$3$1.accept(ReferencePipeline.java:195)
	at java.base@11.0.19/java.util.stream.ReferencePipeline$3$1.accept(ReferencePipeline.java:195)
	at java.base@11.0.19/java.util.ArrayList$ArrayListSpliterator.forEachRemaining(ArrayList.java:1655)
	at java.base@11.0.19/java.util.stream.AbstractPipeline.copyInto(AbstractPipeline.java:484)
	at java.base@11.0.19/java.util.stream.AbstractPipeline.wrapAndCopyInto(AbstractPipeline.java:474)
	at java.base@11.0.19/java.util.stream.ForEachOps$ForEachOp.evaluateSequential(ForEachOps.java:150)
	at java.base@11.0.19/java.util.stream.ForEachOps$ForEachOp$OfRef.evaluateSequential(ForEachOps.java:173)
	at java.base@11.0.19/java.util.stream.AbstractPipeline.evaluate(AbstractPipeline.java:234)
	at java.base@11.0.19/java.util.stream.ReferencePipeline.forEach(ReferencePipeline.java:497)
	at java.base@11.0.19/java.util.stream.ReferencePipeline$7$1.accept(ReferencePipeline.java:274)
	at java.base@11.0.19/java.util.ArrayList$ArrayListSpliterator.forEachRemaining(ArrayList.java:1655)
	at java.base@11.0.19/java.util.stream.AbstractPipeline.copyInto(AbstractPipeline.java:484)
	at java.base@11.0.19/java.util.stream.AbstractPipeline.wrapAndCopyInto(AbstractPipeline.java:474)
	at java.base@11.0.19/java.util.stream.ForEachOps$ForEachOp.evaluateSequential(ForEachOps.java:150)
	at java.base@11.0.19/java.util.stream.ForEachOps$ForEachOp$OfRef.evaluateSequential(ForEachOps.java:173)
	at java.base@11.0.19/java.util.stream.AbstractPipeline.evaluate(AbstractPipeline.java:234)
	at java.base@11.0.19/java.util.stream.ReferencePipeline.forEach(ReferencePipeline.java:497)
	at app//org.junit.jupiter.engine.descriptor.TestTemplateTestDescriptor.execute(TestTemplateTestDescriptor.java:110)
	at app//org.junit.jupiter.engine.descriptor.TestTemplateTestDescriptor.execute(TestTemplateTestDescriptor.java:44)
	at app//org.junit.platform.engine.support.hierarchical.NodeTestTask.lambda$executeRecursively$6(NodeTestTask.java:151)
	at app//org.junit.platform.engine.support.hierarchical.ThrowableCollector.execute(ThrowableCollector.java:73)
	at app//org.junit.platform.engine.support.hierarchical.NodeTestTask.lambda$executeRecursively$8(NodeTestTask.java:141)
	at app//org.junit.platform.engine.support.hierarchical.Node.around(Node.java:137)
	at app//org.junit.platform.engine.support.hierarchical.NodeTestTask.lambda$executeRecursively$9(NodeTestTask.java:139)
	at app//org.junit.platform.engine.support.hierarchical.ThrowableCollector.execute(ThrowableCollector.java:73)
	at app//org.junit.platform.engine.support.hierarchical.NodeTestTask.executeRecursively(NodeTestTask.java:138)
	at app//org.junit.platform.engine.support.hierarchical.NodeTestTask.execute(NodeTestTask.java:95)
	at java.base@11.0.19/java.util.ArrayList.forEach(ArrayList.java:1541)
	at app//org.junit.platform.engine.support.hierarchical.SameThreadHierarchicalTestExecutorService.invokeAll(SameThreadHierarchicalTestExecutorService.java:41)
	at app//org.junit.platform.engine.support.hierarchical.NodeTestTask.lambda$executeRecursively$6(NodeTestTask.java:155)
	at app//org.junit.platform.engine.support.hierarchical.ThrowableCollector.execute(ThrowableCollector.java:73)
	at app//org.junit.platform.engine.support.hierarchical.NodeTestTask.lambda$executeRecursively$8(NodeTestTask.java:141)
	at app//org.junit.platform.engine.support.hierarchical.Node.around(Node.java:137)
	at app//org.junit.platform.engine.support.hierarchical.NodeTestTask.lambda$executeRecursively$9(NodeTestTask.java:139)
	at app//org.junit.platform.engine.support.hierarchical.ThrowableCollector.execute(ThrowableCollector.java:73)
	at app//org.junit.platform.engine.support.hierarchical.NodeTestTask.executeRecursively(NodeTestTask.java:138)
	at app//org.junit.platform.engine.support.hierarchical.NodeTestTask.execute(NodeTestTask.java:95)
	at java.base@11.0.19/java.util.ArrayList.forEach(ArrayList.java:1541)
	at app//org.junit.platform.engine.support.hierarchical.SameThreadHierarchicalTestExecutorService.invokeAll(SameThreadHierarchicalTestExecutorService.java:41)
	at app//org.junit.platform.engine.support.hierarchical.NodeTestTask.lambda$executeRecursively$6(NodeTestTask.java:155)
	at app//org.junit.platform.engine.support.hierarchical.ThrowableCollector.execute(ThrowableCollector.java:73)
	at app//org.junit.platform.engine.support.hierarchical.NodeTestTask.lambda$executeRecursively$8(NodeTestTask.java:141)
	at app//org.junit.platform.engine.support.hierarchical.Node.around(Node.java:137)
	at app//org.junit.platform.engine.support.hierarchical.NodeTestTask.lambda$executeRecursively$9(NodeTestTask.java:139)
	at app//org.junit.platform.engine.support.hierarchical.ThrowableCollector.execute(ThrowableCollector.java:73)
	at app//org.junit.platform.engine.support.hierarchical.NodeTestTask.executeRecursively(NodeTestTask.java:138)
	at app//org.junit.platform.engine.support.hierarchical.NodeTestTask.execute(NodeTestTask.java:95)
	at app//org.junit.platform.engine.support.hierarchical.SameThreadHierarchicalTestExecutorService.submit(SameThreadHierarchicalTestExecutorService.java:35)
	at app//org.junit.platform.engine.support.hierarchical.HierarchicalTestExecutor.execute(HierarchicalTestExecutor.java:57)
	at app//org.junit.platform.engine.support.hierarchical.HierarchicalTestEngine.execute(HierarchicalTestEngine.java:54)
	at app//org.junit.platform.launcher.core.EngineExecutionOrchestrator.execute(EngineExecutionOrchestrator.java:107)
	at app//org.junit.platform.launcher.core.EngineExecutionOrchestrator.execute(EngineExecutionOrchestrator.java:88)
	at app//org.junit.platform.launcher.core.EngineExecutionOrchestrator.lambda$execute$0(EngineExecutionOrchestrator.java:54)
	at app//org.junit.platform.launcher.core.EngineExecutionOrchestrator.withInterceptedStreams(EngineExecutionOrchestrator.java:67)
	at app//org.junit.platform.launcher.core.EngineExecutionOrchestrator.execute(EngineExecutionOrchestrator.java:52)
	at app//org.junit.platform.launcher.core.DefaultLauncher.execute(DefaultLauncher.java:114)
	at app//org.junit.platform.launcher.core.DefaultLauncher.execute(DefaultLauncher.java:86)
	at app//org.junit.platform.launcher.core.DefaultLauncherSession$DelegatingLauncher.execute(DefaultLauncherSession.java:86)
	at org.gradle.api.internal.tasks.testing.junitplatform.JUnitPlatformTestClassProcessor$CollectAllTestClassesExecutor.processAllTestClasses(JUnitPlatformTestClassProcessor.java:110)
	at org.gradle.api.internal.tasks.testing.junitplatform.JUnitPlatformTestClassProcessor$CollectAllTestClassesExecutor.access$000(JUnitPlatformTestClassProcessor.java:90)
	at org.gradle.api.internal.tasks.testing.junitplatform.JUnitPlatformTestClassProcessor.stop(JUnitPlatformTestClassProcessor.java:85)
	at org.gradle.api.internal.tasks.testing.SuiteTestClassProcessor.stop(SuiteTestClassProcessor.java:62)
	at java.base@11.0.19/jdk.internal.reflect.NativeMethodAccessorImpl.invoke0(Native Method)
	at java.base@11.0.19/jdk.internal.reflect.NativeMethodAccessorImpl.invoke(NativeMethodAccessorImpl.java:62)
	at java.base@11.0.19/jdk.internal.reflect.DelegatingMethodAccessorImpl.invoke(DelegatingMethodAccessorImpl.java:43)
	at java.base@11.0.19/java.lang.reflect.Method.invoke(Method.java:566)
	at org.gradle.internal.dispatch.ReflectionDispatch.dispatch(ReflectionDispatch.java:36)
	at org.gradle.internal.dispatch.ReflectionDispatch.dispatch(ReflectionDispatch.java:24)
	at org.gradle.internal.dispatch.ContextClassLoaderDispatch.dispatch(ContextClassLoaderDispatch.java:33)
	at org.gradle.internal.dispatch.ProxyDispatchAdapter$DispatchingInvocationHandler.invoke(ProxyDispatchAdapter.java:94)
	at com.sun.proxy.$Proxy5.stop(Unknown Source)
	at org.gradle.api.internal.tasks.testing.worker.TestWorker$3.run(TestWorker.java:193)
	at org.gradle.api.internal.tasks.testing.worker.TestWorker.executeAndMaintainThreadName(TestWorker.java:129)
	at org.gradle.api.internal.tasks.testing.worker.TestWorker.execute(TestWorker.java:100)
	at org.gradle.api.internal.tasks.testing.worker.TestWorker.execute(TestWorker.java:60)
	at org.gradle.process.internal.worker.child.ActionExecutionWorker.execute(ActionExecutionWorker.java:56)
	at org.gradle.process.internal.worker.child.SystemApplicationClassLoaderWorker.call(SystemApplicationClassLoaderWorker.java:113)
	at org.gradle.process.internal.worker.child.SystemApplicationClassLoaderWorker.call(SystemApplicationClassLoaderWorker.java:65)
	at app//worker.org.gradle.process.internal.worker.GradleWorkerMain.run(GradleWorkerMain.java:69)
	at app//worker.org.gradle.process.internal.worker.GradleWorkerMain.main(GradleWorkerMain.java:74)
Caused by: java.lang.AssertionError: A reference was unexpectedly null.
	at com.github.javaparser.utils.Utils.assertNotNull(Utils.java:60)
	at com.github.javaparser.ast.expr.AssignExpr.setValue(AssignExpr.java:186)
	at com.github.javaparser.ast.expr.AssignExpr.&lt;init&gt;(AssignExpr.java:127)
	at com.github.javaparser.ast.expr.AssignExpr.&lt;init&gt;(AssignExpr.java:117)
	at de.uka.ilkd.key.java.transformations.AstFactory.assign(AstFactory.java:106)
	at de.uka.ilkd.key.java.transformations.pipeline.PrepareObjectBuilder.defaultSettings(PrepareObjectBuilder.java:80)
	at de.uka.ilkd.key.java.transformations.pipeline.PrepareObjectBuilder.createPrepareBody(PrepareObjectBuilder.java:100)
	at de.uka.ilkd.key.java.transformations.pipeline.PrepareObjectBuilder.createMethod(PrepareObjectBuilder.java:119)
	at de.uka.ilkd.key.java.transformations.pipeline.PrepareObjectBuilder.apply(PrepareObjectBuilder.java:148)
	at de.uka.ilkd.key.java.transformations.KeYJavaPipeline.apply(KeYJavaPipeline.java:61)
	at de.uka.ilkd.key.java.transformations.KeYJavaPipeline.apply(KeYJavaPipeline.java:54)
	at de.uka.ilkd.key.java.JavaService.transformModel(JavaService.java:582)
	at de.uka.ilkd.key.java.JavaService.parseLibraryClasses0(JavaService.java:528)
	at de.uka.ilkd.key.java.JavaService.parseSpecialClasses(JavaService.java:511)
	at de.uka.ilkd.key.proof.init.ProblemInitializer.readJava(ProblemInitializer.java:280)
	at de.uka.ilkd.key.proof.init.ProblemInitializer.prepare(ProblemInitializer.java:529)
	at de.uka.ilkd.key.proof.init.ProblemInitializer.prepare(ProblemInitializer.java:471)
	at de.uka.ilkd.key.proof.io.AbstractProblemLoader.createInitConfig(AbstractProblemLoader.java:558)
	at de.uka.ilkd.key.proof.io.AbstractProblemLoader.loadEnvironment(AbstractProblemLoader.java:318)
	at de.uka.ilkd.key.proof.io.AbstractProblemLoader.load(AbstractProblemLoader.java:276)
	at de.uka.ilkd.key.proof.io.AbstractProblemLoader.load(AbstractProblemLoader.java:258)
	at de.uka.ilkd.key.control.AbstractUserInterfaceControl.load(AbstractUserInterfaceControl.java:212)
	... 146 more
</failure>
  </testcase>
  <testcase name="[13] allLocs.dl, &#10;  \forall Object o; \forall Field f; ( elementOf(o,f,allLocs)&lt;&lt;Trigger&gt;&gt; &lt;-&gt; true )&#10;" classname="de.uka.ilkd.key.smt.newsmt2.ProveSMTLemmasTest" time="0.165">
    <failure message="A reference was unexpectedly null. (file: C:\Users\RUNNER~1\AppData\Local\Temp\SMT_lemma_allLocs.dl_4468722242942041162.key; caused by: java.lang.AssertionError: A reference was unexpectedly null.)" type="de.uka.ilkd.key.proof.io.ProblemLoaderException">A reference was unexpectedly null. (file: C:\Users\RUNNER~1\AppData\Local\Temp\SMT_lemma_allLocs.dl_4468722242942041162.key; caused by: java.lang.AssertionError: A reference was unexpectedly null.)
	at app//de.uka.ilkd.key.control.AbstractUserInterfaceControl.load(AbstractUserInterfaceControl.java:225)
	at app//de.uka.ilkd.key.control.KeYEnvironment.load(KeYEnvironment.java:282)
	at app//de.uka.ilkd.key.control.KeYEnvironment.load(KeYEnvironment.java:251)
	at app//de.uka.ilkd.key.control.KeYEnvironment.load(KeYEnvironment.java:225)
	at app//de.uka.ilkd.key.control.KeYEnvironment.load(KeYEnvironment.java:185)
	at app//de.uka.ilkd.key.control.KeYEnvironment.load(KeYEnvironment.java:292)
	at app//de.uka.ilkd.key.smt.newsmt2.ProveSMTLemmasTest.testSMTLemmaSoundness(ProveSMTLemmasTest.java:72)
	at java.base@11.0.19/jdk.internal.reflect.NativeMethodAccessorImpl.invoke0(Native Method)
	at java.base@11.0.19/jdk.internal.reflect.NativeMethodAccessorImpl.invoke(NativeMethodAccessorImpl.java:62)
	at java.base@11.0.19/jdk.internal.reflect.DelegatingMethodAccessorImpl.invoke(DelegatingMethodAccessorImpl.java:43)
	at java.base@11.0.19/java.lang.reflect.Method.invoke(Method.java:566)
	at app//org.junit.platform.commons.util.ReflectionUtils.invokeMethod(ReflectionUtils.java:727)
	at app//org.junit.jupiter.engine.execution.MethodInvocation.proceed(MethodInvocation.java:60)
	at app//org.junit.jupiter.engine.execution.InvocationInterceptorChain$ValidatingInvocation.proceed(InvocationInterceptorChain.java:131)
	at app//org.junit.jupiter.engine.extension.TimeoutExtension.intercept(TimeoutExtension.java:156)
	at app//org.junit.jupiter.engine.extension.TimeoutExtension.interceptTestableMethod(TimeoutExtension.java:147)
	at app//org.junit.jupiter.engine.extension.TimeoutExtension.interceptTestTemplateMethod(TimeoutExtension.java:94)
	at app//org.junit.jupiter.engine.execution.InterceptingExecutableInvoker$ReflectiveInterceptorCall.lambda$ofVoidMethod$0(InterceptingExecutableInvoker.java:103)
	at app//org.junit.jupiter.engine.execution.InterceptingExecutableInvoker.lambda$invoke$0(InterceptingExecutableInvoker.java:93)
	at app//org.junit.jupiter.engine.execution.InvocationInterceptorChain$InterceptedInvocation.proceed(InvocationInterceptorChain.java:106)
	at app//org.junit.jupiter.engine.execution.InvocationInterceptorChain.proceed(InvocationInterceptorChain.java:64)
	at app//org.junit.jupiter.engine.execution.InvocationInterceptorChain.chainAndInvoke(InvocationInterceptorChain.java:45)
	at app//org.junit.jupiter.engine.execution.InvocationInterceptorChain.invoke(InvocationInterceptorChain.java:37)
	at app//org.junit.jupiter.engine.execution.InterceptingExecutableInvoker.invoke(InterceptingExecutableInvoker.java:92)
	at app//org.junit.jupiter.engine.execution.InterceptingExecutableInvoker.invoke(InterceptingExecutableInvoker.java:86)
	at app//org.junit.jupiter.engine.descriptor.TestMethodTestDescriptor.lambda$invokeTestMethod$7(TestMethodTestDescriptor.java:217)
	at app//org.junit.platform.engine.support.hierarchical.ThrowableCollector.execute(ThrowableCollector.java:73)
	at app//org.junit.jupiter.engine.descriptor.TestMethodTestDescriptor.invokeTestMethod(TestMethodTestDescriptor.java:213)
	at app//org.junit.jupiter.engine.descriptor.TestMethodTestDescriptor.execute(TestMethodTestDescriptor.java:138)
	at app//org.junit.jupiter.engine.descriptor.TestMethodTestDescriptor.execute(TestMethodTestDescriptor.java:68)
	at app//org.junit.platform.engine.support.hierarchical.NodeTestTask.lambda$executeRecursively$6(NodeTestTask.java:151)
	at app//org.junit.platform.engine.support.hierarchical.ThrowableCollector.execute(ThrowableCollector.java:73)
	at app//org.junit.platform.engine.support.hierarchical.NodeTestTask.lambda$executeRecursively$8(NodeTestTask.java:141)
	at app//org.junit.platform.engine.support.hierarchical.Node.around(Node.java:137)
	at app//org.junit.platform.engine.support.hierarchical.NodeTestTask.lambda$executeRecursively$9(NodeTestTask.java:139)
	at app//org.junit.platform.engine.support.hierarchical.ThrowableCollector.execute(ThrowableCollector.java:73)
	at app//org.junit.platform.engine.support.hierarchical.NodeTestTask.executeRecursively(NodeTestTask.java:138)
	at app//org.junit.platform.engine.support.hierarchical.NodeTestTask.execute(NodeTestTask.java:95)
	at app//org.junit.platform.engine.support.hierarchical.SameThreadHierarchicalTestExecutorService.submit(SameThreadHierarchicalTestExecutorService.java:35)
	at app//org.junit.platform.engine.support.hierarchical.NodeTestTask$DefaultDynamicTestExecutor.execute(NodeTestTask.java:226)
	at app//org.junit.platform.engine.support.hierarchical.NodeTestTask$DefaultDynamicTestExecutor.execute(NodeTestTask.java:204)
	at app//org.junit.jupiter.engine.descriptor.TestTemplateTestDescriptor.execute(TestTemplateTestDescriptor.java:142)
	at app//org.junit.jupiter.engine.descriptor.TestTemplateTestDescriptor.lambda$execute$2(TestTemplateTestDescriptor.java:110)
	at java.base@11.0.19/java.util.stream.ForEachOps$ForEachOp$OfRef.accept(ForEachOps.java:183)
	at java.base@11.0.19/java.util.stream.ReferencePipeline$3$1.accept(ReferencePipeline.java:195)
	at java.base@11.0.19/java.util.stream.ReferencePipeline$2$1.accept(ReferencePipeline.java:177)
	at java.base@11.0.19/java.util.stream.ReferencePipeline$3$1.accept(ReferencePipeline.java:195)
	at java.base@11.0.19/java.util.stream.ForEachOps$ForEachOp$OfRef.accept(ForEachOps.java:183)
	at java.base@11.0.19/java.util.stream.ReferencePipeline$3$1.accept(ReferencePipeline.java:195)
	at java.base@11.0.19/java.util.stream.ReferencePipeline$3$1.accept(ReferencePipeline.java:195)
	at java.base@11.0.19/java.util.stream.ReferencePipeline$3$1.accept(ReferencePipeline.java:195)
	at java.base@11.0.19/java.util.stream.ForEachOps$ForEachOp$OfRef.accept(ForEachOps.java:183)
	at java.base@11.0.19/java.util.stream.ReferencePipeline$3$1.accept(ReferencePipeline.java:195)
	at java.base@11.0.19/java.util.ArrayList$ArrayListSpliterator.forEachRemaining(ArrayList.java:1655)
	at java.base@11.0.19/java.util.stream.ReferencePipeline$Head.forEach(ReferencePipeline.java:658)
	at java.base@11.0.19/java.util.stream.ReferencePipeline$7$1.accept(ReferencePipeline.java:274)
	at java.base@11.0.19/java.util.stream.ReferencePipeline$3$1.accept(ReferencePipeline.java:195)
	at java.base@11.0.19/java.util.stream.ReferencePipeline$3$1.accept(ReferencePipeline.java:195)
	at java.base@11.0.19/java.util.Spliterators$ArraySpliterator.forEachRemaining(Spliterators.java:948)
	at java.base@11.0.19/java.util.stream.AbstractPipeline.copyInto(AbstractPipeline.java:484)
	at java.base@11.0.19/java.util.stream.AbstractPipeline.wrapAndCopyInto(AbstractPipeline.java:474)
	at java.base@11.0.19/java.util.stream.ForEachOps$ForEachOp.evaluateSequential(ForEachOps.java:150)
	at java.base@11.0.19/java.util.stream.ForEachOps$ForEachOp$OfRef.evaluateSequential(ForEachOps.java:173)
	at java.base@11.0.19/java.util.stream.AbstractPipeline.evaluate(AbstractPipeline.java:234)
	at java.base@11.0.19/java.util.stream.ReferencePipeline.forEach(ReferencePipeline.java:497)
	at java.base@11.0.19/java.util.stream.ReferencePipeline$7$1.accept(ReferencePipeline.java:274)
	at java.base@11.0.19/java.util.stream.ReferencePipeline$3$1.accept(ReferencePipeline.java:195)
	at java.base@11.0.19/java.util.stream.ReferencePipeline$3$1.accept(ReferencePipeline.java:195)
	at java.base@11.0.19/java.util.stream.ReferencePipeline$3$1.accept(ReferencePipeline.java:195)
	at java.base@11.0.19/java.util.ArrayList$ArrayListSpliterator.forEachRemaining(ArrayList.java:1655)
	at java.base@11.0.19/java.util.stream.AbstractPipeline.copyInto(AbstractPipeline.java:484)
	at java.base@11.0.19/java.util.stream.AbstractPipeline.wrapAndCopyInto(AbstractPipeline.java:474)
	at java.base@11.0.19/java.util.stream.ForEachOps$ForEachOp.evaluateSequential(ForEachOps.java:150)
	at java.base@11.0.19/java.util.stream.ForEachOps$ForEachOp$OfRef.evaluateSequential(ForEachOps.java:173)
	at java.base@11.0.19/java.util.stream.AbstractPipeline.evaluate(AbstractPipeline.java:234)
	at java.base@11.0.19/java.util.stream.ReferencePipeline.forEach(ReferencePipeline.java:497)
	at java.base@11.0.19/java.util.stream.ReferencePipeline$7$1.accept(ReferencePipeline.java:274)
	at java.base@11.0.19/java.util.ArrayList$ArrayListSpliterator.forEachRemaining(ArrayList.java:1655)
	at java.base@11.0.19/java.util.stream.AbstractPipeline.copyInto(AbstractPipeline.java:484)
	at java.base@11.0.19/java.util.stream.AbstractPipeline.wrapAndCopyInto(AbstractPipeline.java:474)
	at java.base@11.0.19/java.util.stream.ForEachOps$ForEachOp.evaluateSequential(ForEachOps.java:150)
	at java.base@11.0.19/java.util.stream.ForEachOps$ForEachOp$OfRef.evaluateSequential(ForEachOps.java:173)
	at java.base@11.0.19/java.util.stream.AbstractPipeline.evaluate(AbstractPipeline.java:234)
	at java.base@11.0.19/java.util.stream.ReferencePipeline.forEach(ReferencePipeline.java:497)
	at app//org.junit.jupiter.engine.descriptor.TestTemplateTestDescriptor.execute(TestTemplateTestDescriptor.java:110)
	at app//org.junit.jupiter.engine.descriptor.TestTemplateTestDescriptor.execute(TestTemplateTestDescriptor.java:44)
	at app//org.junit.platform.engine.support.hierarchical.NodeTestTask.lambda$executeRecursively$6(NodeTestTask.java:151)
	at app//org.junit.platform.engine.support.hierarchical.ThrowableCollector.execute(ThrowableCollector.java:73)
	at app//org.junit.platform.engine.support.hierarchical.NodeTestTask.lambda$executeRecursively$8(NodeTestTask.java:141)
	at app//org.junit.platform.engine.support.hierarchical.Node.around(Node.java:137)
	at app//org.junit.platform.engine.support.hierarchical.NodeTestTask.lambda$executeRecursively$9(NodeTestTask.java:139)
	at app//org.junit.platform.engine.support.hierarchical.ThrowableCollector.execute(ThrowableCollector.java:73)
	at app//org.junit.platform.engine.support.hierarchical.NodeTestTask.executeRecursively(NodeTestTask.java:138)
	at app//org.junit.platform.engine.support.hierarchical.NodeTestTask.execute(NodeTestTask.java:95)
	at java.base@11.0.19/java.util.ArrayList.forEach(ArrayList.java:1541)
	at app//org.junit.platform.engine.support.hierarchical.SameThreadHierarchicalTestExecutorService.invokeAll(SameThreadHierarchicalTestExecutorService.java:41)
	at app//org.junit.platform.engine.support.hierarchical.NodeTestTask.lambda$executeRecursively$6(NodeTestTask.java:155)
	at app//org.junit.platform.engine.support.hierarchical.ThrowableCollector.execute(ThrowableCollector.java:73)
	at app//org.junit.platform.engine.support.hierarchical.NodeTestTask.lambda$executeRecursively$8(NodeTestTask.java:141)
	at app//org.junit.platform.engine.support.hierarchical.Node.around(Node.java:137)
	at app//org.junit.platform.engine.support.hierarchical.NodeTestTask.lambda$executeRecursively$9(NodeTestTask.java:139)
	at app//org.junit.platform.engine.support.hierarchical.ThrowableCollector.execute(ThrowableCollector.java:73)
	at app//org.junit.platform.engine.support.hierarchical.NodeTestTask.executeRecursively(NodeTestTask.java:138)
	at app//org.junit.platform.engine.support.hierarchical.NodeTestTask.execute(NodeTestTask.java:95)
	at java.base@11.0.19/java.util.ArrayList.forEach(ArrayList.java:1541)
	at app//org.junit.platform.engine.support.hierarchical.SameThreadHierarchicalTestExecutorService.invokeAll(SameThreadHierarchicalTestExecutorService.java:41)
	at app//org.junit.platform.engine.support.hierarchical.NodeTestTask.lambda$executeRecursively$6(NodeTestTask.java:155)
	at app//org.junit.platform.engine.support.hierarchical.ThrowableCollector.execute(ThrowableCollector.java:73)
	at app//org.junit.platform.engine.support.hierarchical.NodeTestTask.lambda$executeRecursively$8(NodeTestTask.java:141)
	at app//org.junit.platform.engine.support.hierarchical.Node.around(Node.java:137)
	at app//org.junit.platform.engine.support.hierarchical.NodeTestTask.lambda$executeRecursively$9(NodeTestTask.java:139)
	at app//org.junit.platform.engine.support.hierarchical.ThrowableCollector.execute(ThrowableCollector.java:73)
	at app//org.junit.platform.engine.support.hierarchical.NodeTestTask.executeRecursively(NodeTestTask.java:138)
	at app//org.junit.platform.engine.support.hierarchical.NodeTestTask.execute(NodeTestTask.java:95)
	at app//org.junit.platform.engine.support.hierarchical.SameThreadHierarchicalTestExecutorService.submit(SameThreadHierarchicalTestExecutorService.java:35)
	at app//org.junit.platform.engine.support.hierarchical.HierarchicalTestExecutor.execute(HierarchicalTestExecutor.java:57)
	at app//org.junit.platform.engine.support.hierarchical.HierarchicalTestEngine.execute(HierarchicalTestEngine.java:54)
	at app//org.junit.platform.launcher.core.EngineExecutionOrchestrator.execute(EngineExecutionOrchestrator.java:107)
	at app//org.junit.platform.launcher.core.EngineExecutionOrchestrator.execute(EngineExecutionOrchestrator.java:88)
	at app//org.junit.platform.launcher.core.EngineExecutionOrchestrator.lambda$execute$0(EngineExecutionOrchestrator.java:54)
	at app//org.junit.platform.launcher.core.EngineExecutionOrchestrator.withInterceptedStreams(EngineExecutionOrchestrator.java:67)
	at app//org.junit.platform.launcher.core.EngineExecutionOrchestrator.execute(EngineExecutionOrchestrator.java:52)
	at app//org.junit.platform.launcher.core.DefaultLauncher.execute(DefaultLauncher.java:114)
	at app//org.junit.platform.launcher.core.DefaultLauncher.execute(DefaultLauncher.java:86)
	at app//org.junit.platform.launcher.core.DefaultLauncherSession$DelegatingLauncher.execute(DefaultLauncherSession.java:86)
	at org.gradle.api.internal.tasks.testing.junitplatform.JUnitPlatformTestClassProcessor$CollectAllTestClassesExecutor.processAllTestClasses(JUnitPlatformTestClassProcessor.java:110)
	at org.gradle.api.internal.tasks.testing.junitplatform.JUnitPlatformTestClassProcessor$CollectAllTestClassesExecutor.access$000(JUnitPlatformTestClassProcessor.java:90)
	at org.gradle.api.internal.tasks.testing.junitplatform.JUnitPlatformTestClassProcessor.stop(JUnitPlatformTestClassProcessor.java:85)
	at org.gradle.api.internal.tasks.testing.SuiteTestClassProcessor.stop(SuiteTestClassProcessor.java:62)
	at java.base@11.0.19/jdk.internal.reflect.NativeMethodAccessorImpl.invoke0(Native Method)
	at java.base@11.0.19/jdk.internal.reflect.NativeMethodAccessorImpl.invoke(NativeMethodAccessorImpl.java:62)
	at java.base@11.0.19/jdk.internal.reflect.DelegatingMethodAccessorImpl.invoke(DelegatingMethodAccessorImpl.java:43)
	at java.base@11.0.19/java.lang.reflect.Method.invoke(Method.java:566)
	at org.gradle.internal.dispatch.ReflectionDispatch.dispatch(ReflectionDispatch.java:36)
	at org.gradle.internal.dispatch.ReflectionDispatch.dispatch(ReflectionDispatch.java:24)
	at org.gradle.internal.dispatch.ContextClassLoaderDispatch.dispatch(ContextClassLoaderDispatch.java:33)
	at org.gradle.internal.dispatch.ProxyDispatchAdapter$DispatchingInvocationHandler.invoke(ProxyDispatchAdapter.java:94)
	at com.sun.proxy.$Proxy5.stop(Unknown Source)
	at org.gradle.api.internal.tasks.testing.worker.TestWorker$3.run(TestWorker.java:193)
	at org.gradle.api.internal.tasks.testing.worker.TestWorker.executeAndMaintainThreadName(TestWorker.java:129)
	at org.gradle.api.internal.tasks.testing.worker.TestWorker.execute(TestWorker.java:100)
	at org.gradle.api.internal.tasks.testing.worker.TestWorker.execute(TestWorker.java:60)
	at org.gradle.process.internal.worker.child.ActionExecutionWorker.execute(ActionExecutionWorker.java:56)
	at org.gradle.process.internal.worker.child.SystemApplicationClassLoaderWorker.call(SystemApplicationClassLoaderWorker.java:113)
	at org.gradle.process.internal.worker.child.SystemApplicationClassLoaderWorker.call(SystemApplicationClassLoaderWorker.java:65)
	at app//worker.org.gradle.process.internal.worker.GradleWorkerMain.run(GradleWorkerMain.java:69)
	at app//worker.org.gradle.process.internal.worker.GradleWorkerMain.main(GradleWorkerMain.java:74)
Caused by: java.lang.AssertionError: A reference was unexpectedly null.
	at com.github.javaparser.utils.Utils.assertNotNull(Utils.java:60)
	at com.github.javaparser.ast.expr.AssignExpr.setValue(AssignExpr.java:186)
	at com.github.javaparser.ast.expr.AssignExpr.&lt;init&gt;(AssignExpr.java:127)
	at com.github.javaparser.ast.expr.AssignExpr.&lt;init&gt;(AssignExpr.java:117)
	at de.uka.ilkd.key.java.transformations.AstFactory.assign(AstFactory.java:106)
	at de.uka.ilkd.key.java.transformations.pipeline.PrepareObjectBuilder.defaultSettings(PrepareObjectBuilder.java:80)
	at de.uka.ilkd.key.java.transformations.pipeline.PrepareObjectBuilder.createPrepareBody(PrepareObjectBuilder.java:100)
	at de.uka.ilkd.key.java.transformations.pipeline.PrepareObjectBuilder.createMethod(PrepareObjectBuilder.java:119)
	at de.uka.ilkd.key.java.transformations.pipeline.PrepareObjectBuilder.apply(PrepareObjectBuilder.java:148)
	at de.uka.ilkd.key.java.transformations.KeYJavaPipeline.apply(KeYJavaPipeline.java:61)
	at de.uka.ilkd.key.java.transformations.KeYJavaPipeline.apply(KeYJavaPipeline.java:54)
	at de.uka.ilkd.key.java.JavaService.transformModel(JavaService.java:582)
	at de.uka.ilkd.key.java.JavaService.parseLibraryClasses0(JavaService.java:528)
	at de.uka.ilkd.key.java.JavaService.parseSpecialClasses(JavaService.java:511)
	at de.uka.ilkd.key.proof.init.ProblemInitializer.readJava(ProblemInitializer.java:280)
	at de.uka.ilkd.key.proof.init.ProblemInitializer.prepare(ProblemInitializer.java:529)
	at de.uka.ilkd.key.proof.init.ProblemInitializer.prepare(ProblemInitializer.java:471)
	at de.uka.ilkd.key.proof.io.AbstractProblemLoader.createInitConfig(AbstractProblemLoader.java:558)
	at de.uka.ilkd.key.proof.io.AbstractProblemLoader.loadEnvironment(AbstractProblemLoader.java:318)
	at de.uka.ilkd.key.proof.io.AbstractProblemLoader.load(AbstractProblemLoader.java:276)
	at de.uka.ilkd.key.proof.io.AbstractProblemLoader.load(AbstractProblemLoader.java:258)
	at de.uka.ilkd.key.control.AbstractUserInterfaceControl.load(AbstractUserInterfaceControl.java:212)
	... 146 more
</failure>
  </testcase>
  <testcase name="[14] arrayRange.dl, &#13;&#10;  \forall Object o; \forall Object o2; \forall Field f; \forall int lo; \forall int hi;&#13;&#10;    (elementOf(o,f, arrayRange(o2, lo, hi))&lt;&lt;Trigger&gt;&gt; &lt;-&gt;&#13;&#10;      o = o2 &amp; \exists int iv; (f = arr(iv) &amp; lo &lt;= iv &amp; iv &lt;= hi))&#13;&#10;" classname="de.uka.ilkd.key.smt.newsmt2.ProveSMTLemmasTest" time="0.218">
    <failure message="A reference was unexpectedly null. (file: C:\Users\RUNNER~1\AppData\Local\Temp\SMT_lemma_arrayRange.dl_1066349483524996255.key; caused by: java.lang.AssertionError: A reference was unexpectedly null.)" type="de.uka.ilkd.key.proof.io.ProblemLoaderException">A reference was unexpectedly null. (file: C:\Users\RUNNER~1\AppData\Local\Temp\SMT_lemma_arrayRange.dl_1066349483524996255.key; caused by: java.lang.AssertionError: A reference was unexpectedly null.)
	at app//de.uka.ilkd.key.control.AbstractUserInterfaceControl.load(AbstractUserInterfaceControl.java:225)
	at app//de.uka.ilkd.key.control.KeYEnvironment.load(KeYEnvironment.java:282)
	at app//de.uka.ilkd.key.control.KeYEnvironment.load(KeYEnvironment.java:251)
	at app//de.uka.ilkd.key.control.KeYEnvironment.load(KeYEnvironment.java:225)
	at app//de.uka.ilkd.key.control.KeYEnvironment.load(KeYEnvironment.java:185)
	at app//de.uka.ilkd.key.control.KeYEnvironment.load(KeYEnvironment.java:292)
	at app//de.uka.ilkd.key.smt.newsmt2.ProveSMTLemmasTest.testSMTLemmaSoundness(ProveSMTLemmasTest.java:72)
	at java.base@11.0.19/jdk.internal.reflect.NativeMethodAccessorImpl.invoke0(Native Method)
	at java.base@11.0.19/jdk.internal.reflect.NativeMethodAccessorImpl.invoke(NativeMethodAccessorImpl.java:62)
	at java.base@11.0.19/jdk.internal.reflect.DelegatingMethodAccessorImpl.invoke(DelegatingMethodAccessorImpl.java:43)
	at java.base@11.0.19/java.lang.reflect.Method.invoke(Method.java:566)
	at app//org.junit.platform.commons.util.ReflectionUtils.invokeMethod(ReflectionUtils.java:727)
	at app//org.junit.jupiter.engine.execution.MethodInvocation.proceed(MethodInvocation.java:60)
	at app//org.junit.jupiter.engine.execution.InvocationInterceptorChain$ValidatingInvocation.proceed(InvocationInterceptorChain.java:131)
	at app//org.junit.jupiter.engine.extension.TimeoutExtension.intercept(TimeoutExtension.java:156)
	at app//org.junit.jupiter.engine.extension.TimeoutExtension.interceptTestableMethod(TimeoutExtension.java:147)
	at app//org.junit.jupiter.engine.extension.TimeoutExtension.interceptTestTemplateMethod(TimeoutExtension.java:94)
	at app//org.junit.jupiter.engine.execution.InterceptingExecutableInvoker$ReflectiveInterceptorCall.lambda$ofVoidMethod$0(InterceptingExecutableInvoker.java:103)
	at app//org.junit.jupiter.engine.execution.InterceptingExecutableInvoker.lambda$invoke$0(InterceptingExecutableInvoker.java:93)
	at app//org.junit.jupiter.engine.execution.InvocationInterceptorChain$InterceptedInvocation.proceed(InvocationInterceptorChain.java:106)
	at app//org.junit.jupiter.engine.execution.InvocationInterceptorChain.proceed(InvocationInterceptorChain.java:64)
	at app//org.junit.jupiter.engine.execution.InvocationInterceptorChain.chainAndInvoke(InvocationInterceptorChain.java:45)
	at app//org.junit.jupiter.engine.execution.InvocationInterceptorChain.invoke(InvocationInterceptorChain.java:37)
	at app//org.junit.jupiter.engine.execution.InterceptingExecutableInvoker.invoke(InterceptingExecutableInvoker.java:92)
	at app//org.junit.jupiter.engine.execution.InterceptingExecutableInvoker.invoke(InterceptingExecutableInvoker.java:86)
	at app//org.junit.jupiter.engine.descriptor.TestMethodTestDescriptor.lambda$invokeTestMethod$7(TestMethodTestDescriptor.java:217)
	at app//org.junit.platform.engine.support.hierarchical.ThrowableCollector.execute(ThrowableCollector.java:73)
	at app//org.junit.jupiter.engine.descriptor.TestMethodTestDescriptor.invokeTestMethod(TestMethodTestDescriptor.java:213)
	at app//org.junit.jupiter.engine.descriptor.TestMethodTestDescriptor.execute(TestMethodTestDescriptor.java:138)
	at app//org.junit.jupiter.engine.descriptor.TestMethodTestDescriptor.execute(TestMethodTestDescriptor.java:68)
	at app//org.junit.platform.engine.support.hierarchical.NodeTestTask.lambda$executeRecursively$6(NodeTestTask.java:151)
	at app//org.junit.platform.engine.support.hierarchical.ThrowableCollector.execute(ThrowableCollector.java:73)
	at app//org.junit.platform.engine.support.hierarchical.NodeTestTask.lambda$executeRecursively$8(NodeTestTask.java:141)
	at app//org.junit.platform.engine.support.hierarchical.Node.around(Node.java:137)
	at app//org.junit.platform.engine.support.hierarchical.NodeTestTask.lambda$executeRecursively$9(NodeTestTask.java:139)
	at app//org.junit.platform.engine.support.hierarchical.ThrowableCollector.execute(ThrowableCollector.java:73)
	at app//org.junit.platform.engine.support.hierarchical.NodeTestTask.executeRecursively(NodeTestTask.java:138)
	at app//org.junit.platform.engine.support.hierarchical.NodeTestTask.execute(NodeTestTask.java:95)
	at app//org.junit.platform.engine.support.hierarchical.SameThreadHierarchicalTestExecutorService.submit(SameThreadHierarchicalTestExecutorService.java:35)
	at app//org.junit.platform.engine.support.hierarchical.NodeTestTask$DefaultDynamicTestExecutor.execute(NodeTestTask.java:226)
	at app//org.junit.platform.engine.support.hierarchical.NodeTestTask$DefaultDynamicTestExecutor.execute(NodeTestTask.java:204)
	at app//org.junit.jupiter.engine.descriptor.TestTemplateTestDescriptor.execute(TestTemplateTestDescriptor.java:142)
	at app//org.junit.jupiter.engine.descriptor.TestTemplateTestDescriptor.lambda$execute$2(TestTemplateTestDescriptor.java:110)
	at java.base@11.0.19/java.util.stream.ForEachOps$ForEachOp$OfRef.accept(ForEachOps.java:183)
	at java.base@11.0.19/java.util.stream.ReferencePipeline$3$1.accept(ReferencePipeline.java:195)
	at java.base@11.0.19/java.util.stream.ReferencePipeline$2$1.accept(ReferencePipeline.java:177)
	at java.base@11.0.19/java.util.stream.ReferencePipeline$3$1.accept(ReferencePipeline.java:195)
	at java.base@11.0.19/java.util.stream.ForEachOps$ForEachOp$OfRef.accept(ForEachOps.java:183)
	at java.base@11.0.19/java.util.stream.ReferencePipeline$3$1.accept(ReferencePipeline.java:195)
	at java.base@11.0.19/java.util.stream.ReferencePipeline$3$1.accept(ReferencePipeline.java:195)
	at java.base@11.0.19/java.util.stream.ReferencePipeline$3$1.accept(ReferencePipeline.java:195)
	at java.base@11.0.19/java.util.stream.ForEachOps$ForEachOp$OfRef.accept(ForEachOps.java:183)
	at java.base@11.0.19/java.util.stream.ReferencePipeline$3$1.accept(ReferencePipeline.java:195)
	at java.base@11.0.19/java.util.ArrayList$ArrayListSpliterator.forEachRemaining(ArrayList.java:1655)
	at java.base@11.0.19/java.util.stream.ReferencePipeline$Head.forEach(ReferencePipeline.java:658)
	at java.base@11.0.19/java.util.stream.ReferencePipeline$7$1.accept(ReferencePipeline.java:274)
	at java.base@11.0.19/java.util.stream.ReferencePipeline$3$1.accept(ReferencePipeline.java:195)
	at java.base@11.0.19/java.util.stream.ReferencePipeline$3$1.accept(ReferencePipeline.java:195)
	at java.base@11.0.19/java.util.Spliterators$ArraySpliterator.forEachRemaining(Spliterators.java:948)
	at java.base@11.0.19/java.util.stream.AbstractPipeline.copyInto(AbstractPipeline.java:484)
	at java.base@11.0.19/java.util.stream.AbstractPipeline.wrapAndCopyInto(AbstractPipeline.java:474)
	at java.base@11.0.19/java.util.stream.ForEachOps$ForEachOp.evaluateSequential(ForEachOps.java:150)
	at java.base@11.0.19/java.util.stream.ForEachOps$ForEachOp$OfRef.evaluateSequential(ForEachOps.java:173)
	at java.base@11.0.19/java.util.stream.AbstractPipeline.evaluate(AbstractPipeline.java:234)
	at java.base@11.0.19/java.util.stream.ReferencePipeline.forEach(ReferencePipeline.java:497)
	at java.base@11.0.19/java.util.stream.ReferencePipeline$7$1.accept(ReferencePipeline.java:274)
	at java.base@11.0.19/java.util.stream.ReferencePipeline$3$1.accept(ReferencePipeline.java:195)
	at java.base@11.0.19/java.util.stream.ReferencePipeline$3$1.accept(ReferencePipeline.java:195)
	at java.base@11.0.19/java.util.stream.ReferencePipeline$3$1.accept(ReferencePipeline.java:195)
	at java.base@11.0.19/java.util.ArrayList$ArrayListSpliterator.forEachRemaining(ArrayList.java:1655)
	at java.base@11.0.19/java.util.stream.AbstractPipeline.copyInto(AbstractPipeline.java:484)
	at java.base@11.0.19/java.util.stream.AbstractPipeline.wrapAndCopyInto(AbstractPipeline.java:474)
	at java.base@11.0.19/java.util.stream.ForEachOps$ForEachOp.evaluateSequential(ForEachOps.java:150)
	at java.base@11.0.19/java.util.stream.ForEachOps$ForEachOp$OfRef.evaluateSequential(ForEachOps.java:173)
	at java.base@11.0.19/java.util.stream.AbstractPipeline.evaluate(AbstractPipeline.java:234)
	at java.base@11.0.19/java.util.stream.ReferencePipeline.forEach(ReferencePipeline.java:497)
	at java.base@11.0.19/java.util.stream.ReferencePipeline$7$1.accept(ReferencePipeline.java:274)
	at java.base@11.0.19/java.util.ArrayList$ArrayListSpliterator.forEachRemaining(ArrayList.java:1655)
	at java.base@11.0.19/java.util.stream.AbstractPipeline.copyInto(AbstractPipeline.java:484)
	at java.base@11.0.19/java.util.stream.AbstractPipeline.wrapAndCopyInto(AbstractPipeline.java:474)
	at java.base@11.0.19/java.util.stream.ForEachOps$ForEachOp.evaluateSequential(ForEachOps.java:150)
	at java.base@11.0.19/java.util.stream.ForEachOps$ForEachOp$OfRef.evaluateSequential(ForEachOps.java:173)
	at java.base@11.0.19/java.util.stream.AbstractPipeline.evaluate(AbstractPipeline.java:234)
	at java.base@11.0.19/java.util.stream.ReferencePipeline.forEach(ReferencePipeline.java:497)
	at app//org.junit.jupiter.engine.descriptor.TestTemplateTestDescriptor.execute(TestTemplateTestDescriptor.java:110)
	at app//org.junit.jupiter.engine.descriptor.TestTemplateTestDescriptor.execute(TestTemplateTestDescriptor.java:44)
	at app//org.junit.platform.engine.support.hierarchical.NodeTestTask.lambda$executeRecursively$6(NodeTestTask.java:151)
	at app//org.junit.platform.engine.support.hierarchical.ThrowableCollector.execute(ThrowableCollector.java:73)
	at app//org.junit.platform.engine.support.hierarchical.NodeTestTask.lambda$executeRecursively$8(NodeTestTask.java:141)
	at app//org.junit.platform.engine.support.hierarchical.Node.around(Node.java:137)
	at app//org.junit.platform.engine.support.hierarchical.NodeTestTask.lambda$executeRecursively$9(NodeTestTask.java:139)
	at app//org.junit.platform.engine.support.hierarchical.ThrowableCollector.execute(ThrowableCollector.java:73)
	at app//org.junit.platform.engine.support.hierarchical.NodeTestTask.executeRecursively(NodeTestTask.java:138)
	at app//org.junit.platform.engine.support.hierarchical.NodeTestTask.execute(NodeTestTask.java:95)
	at java.base@11.0.19/java.util.ArrayList.forEach(ArrayList.java:1541)
	at app//org.junit.platform.engine.support.hierarchical.SameThreadHierarchicalTestExecutorService.invokeAll(SameThreadHierarchicalTestExecutorService.java:41)
	at app//org.junit.platform.engine.support.hierarchical.NodeTestTask.lambda$executeRecursively$6(NodeTestTask.java:155)
	at app//org.junit.platform.engine.support.hierarchical.ThrowableCollector.execute(ThrowableCollector.java:73)
	at app//org.junit.platform.engine.support.hierarchical.NodeTestTask.lambda$executeRecursively$8(NodeTestTask.java:141)
	at app//org.junit.platform.engine.support.hierarchical.Node.around(Node.java:137)
	at app//org.junit.platform.engine.support.hierarchical.NodeTestTask.lambda$executeRecursively$9(NodeTestTask.java:139)
	at app//org.junit.platform.engine.support.hierarchical.ThrowableCollector.execute(ThrowableCollector.java:73)
	at app//org.junit.platform.engine.support.hierarchical.NodeTestTask.executeRecursively(NodeTestTask.java:138)
	at app//org.junit.platform.engine.support.hierarchical.NodeTestTask.execute(NodeTestTask.java:95)
	at java.base@11.0.19/java.util.ArrayList.forEach(ArrayList.java:1541)
	at app//org.junit.platform.engine.support.hierarchical.SameThreadHierarchicalTestExecutorService.invokeAll(SameThreadHierarchicalTestExecutorService.java:41)
	at app//org.junit.platform.engine.support.hierarchical.NodeTestTask.lambda$executeRecursively$6(NodeTestTask.java:155)
	at app//org.junit.platform.engine.support.hierarchical.ThrowableCollector.execute(ThrowableCollector.java:73)
	at app//org.junit.platform.engine.support.hierarchical.NodeTestTask.lambda$executeRecursively$8(NodeTestTask.java:141)
	at app//org.junit.platform.engine.support.hierarchical.Node.around(Node.java:137)
	at app//org.junit.platform.engine.support.hierarchical.NodeTestTask.lambda$executeRecursively$9(NodeTestTask.java:139)
	at app//org.junit.platform.engine.support.hierarchical.ThrowableCollector.execute(ThrowableCollector.java:73)
	at app//org.junit.platform.engine.support.hierarchical.NodeTestTask.executeRecursively(NodeTestTask.java:138)
	at app//org.junit.platform.engine.support.hierarchical.NodeTestTask.execute(NodeTestTask.java:95)
	at app//org.junit.platform.engine.support.hierarchical.SameThreadHierarchicalTestExecutorService.submit(SameThreadHierarchicalTestExecutorService.java:35)
	at app//org.junit.platform.engine.support.hierarchical.HierarchicalTestExecutor.execute(HierarchicalTestExecutor.java:57)
	at app//org.junit.platform.engine.support.hierarchical.HierarchicalTestEngine.execute(HierarchicalTestEngine.java:54)
	at app//org.junit.platform.launcher.core.EngineExecutionOrchestrator.execute(EngineExecutionOrchestrator.java:107)
	at app//org.junit.platform.launcher.core.EngineExecutionOrchestrator.execute(EngineExecutionOrchestrator.java:88)
	at app//org.junit.platform.launcher.core.EngineExecutionOrchestrator.lambda$execute$0(EngineExecutionOrchestrator.java:54)
	at app//org.junit.platform.launcher.core.EngineExecutionOrchestrator.withInterceptedStreams(EngineExecutionOrchestrator.java:67)
	at app//org.junit.platform.launcher.core.EngineExecutionOrchestrator.execute(EngineExecutionOrchestrator.java:52)
	at app//org.junit.platform.launcher.core.DefaultLauncher.execute(DefaultLauncher.java:114)
	at app//org.junit.platform.launcher.core.DefaultLauncher.execute(DefaultLauncher.java:86)
	at app//org.junit.platform.launcher.core.DefaultLauncherSession$DelegatingLauncher.execute(DefaultLauncherSession.java:86)
	at org.gradle.api.internal.tasks.testing.junitplatform.JUnitPlatformTestClassProcessor$CollectAllTestClassesExecutor.processAllTestClasses(JUnitPlatformTestClassProcessor.java:110)
	at org.gradle.api.internal.tasks.testing.junitplatform.JUnitPlatformTestClassProcessor$CollectAllTestClassesExecutor.access$000(JUnitPlatformTestClassProcessor.java:90)
	at org.gradle.api.internal.tasks.testing.junitplatform.JUnitPlatformTestClassProcessor.stop(JUnitPlatformTestClassProcessor.java:85)
	at org.gradle.api.internal.tasks.testing.SuiteTestClassProcessor.stop(SuiteTestClassProcessor.java:62)
	at java.base@11.0.19/jdk.internal.reflect.NativeMethodAccessorImpl.invoke0(Native Method)
	at java.base@11.0.19/jdk.internal.reflect.NativeMethodAccessorImpl.invoke(NativeMethodAccessorImpl.java:62)
	at java.base@11.0.19/jdk.internal.reflect.DelegatingMethodAccessorImpl.invoke(DelegatingMethodAccessorImpl.java:43)
	at java.base@11.0.19/java.lang.reflect.Method.invoke(Method.java:566)
	at org.gradle.internal.dispatch.ReflectionDispatch.dispatch(ReflectionDispatch.java:36)
	at org.gradle.internal.dispatch.ReflectionDispatch.dispatch(ReflectionDispatch.java:24)
	at org.gradle.internal.dispatch.ContextClassLoaderDispatch.dispatch(ContextClassLoaderDispatch.java:33)
	at org.gradle.internal.dispatch.ProxyDispatchAdapter$DispatchingInvocationHandler.invoke(ProxyDispatchAdapter.java:94)
	at com.sun.proxy.$Proxy5.stop(Unknown Source)
	at org.gradle.api.internal.tasks.testing.worker.TestWorker$3.run(TestWorker.java:193)
	at org.gradle.api.internal.tasks.testing.worker.TestWorker.executeAndMaintainThreadName(TestWorker.java:129)
	at org.gradle.api.internal.tasks.testing.worker.TestWorker.execute(TestWorker.java:100)
	at org.gradle.api.internal.tasks.testing.worker.TestWorker.execute(TestWorker.java:60)
	at org.gradle.process.internal.worker.child.ActionExecutionWorker.execute(ActionExecutionWorker.java:56)
	at org.gradle.process.internal.worker.child.SystemApplicationClassLoaderWorker.call(SystemApplicationClassLoaderWorker.java:113)
	at org.gradle.process.internal.worker.child.SystemApplicationClassLoaderWorker.call(SystemApplicationClassLoaderWorker.java:65)
	at app//worker.org.gradle.process.internal.worker.GradleWorkerMain.run(GradleWorkerMain.java:69)
	at app//worker.org.gradle.process.internal.worker.GradleWorkerMain.main(GradleWorkerMain.java:74)
Caused by: java.lang.AssertionError: A reference was unexpectedly null.
	at com.github.javaparser.utils.Utils.assertNotNull(Utils.java:60)
	at com.github.javaparser.ast.expr.AssignExpr.setValue(AssignExpr.java:186)
	at com.github.javaparser.ast.expr.AssignExpr.&lt;init&gt;(AssignExpr.java:127)
	at com.github.javaparser.ast.expr.AssignExpr.&lt;init&gt;(AssignExpr.java:117)
	at de.uka.ilkd.key.java.transformations.AstFactory.assign(AstFactory.java:106)
	at de.uka.ilkd.key.java.transformations.pipeline.PrepareObjectBuilder.defaultSettings(PrepareObjectBuilder.java:80)
	at de.uka.ilkd.key.java.transformations.pipeline.PrepareObjectBuilder.createPrepareBody(PrepareObjectBuilder.java:100)
	at de.uka.ilkd.key.java.transformations.pipeline.PrepareObjectBuilder.createMethod(PrepareObjectBuilder.java:119)
	at de.uka.ilkd.key.java.transformations.pipeline.PrepareObjectBuilder.apply(PrepareObjectBuilder.java:148)
	at de.uka.ilkd.key.java.transformations.KeYJavaPipeline.apply(KeYJavaPipeline.java:61)
	at de.uka.ilkd.key.java.transformations.KeYJavaPipeline.apply(KeYJavaPipeline.java:54)
	at de.uka.ilkd.key.java.JavaService.transformModel(JavaService.java:582)
	at de.uka.ilkd.key.java.JavaService.parseLibraryClasses0(JavaService.java:528)
	at de.uka.ilkd.key.java.JavaService.parseSpecialClasses(JavaService.java:511)
	at de.uka.ilkd.key.proof.init.ProblemInitializer.readJava(ProblemInitializer.java:280)
	at de.uka.ilkd.key.proof.init.ProblemInitializer.prepare(ProblemInitializer.java:529)
	at de.uka.ilkd.key.proof.init.ProblemInitializer.prepare(ProblemInitializer.java:471)
	at de.uka.ilkd.key.proof.io.AbstractProblemLoader.createInitConfig(AbstractProblemLoader.java:558)
	at de.uka.ilkd.key.proof.io.AbstractProblemLoader.loadEnvironment(AbstractProblemLoader.java:318)
	at de.uka.ilkd.key.proof.io.AbstractProblemLoader.load(AbstractProblemLoader.java:276)
	at de.uka.ilkd.key.proof.io.AbstractProblemLoader.load(AbstractProblemLoader.java:258)
	at de.uka.ilkd.key.control.AbstractUserInterfaceControl.load(AbstractUserInterfaceControl.java:212)
	... 146 more
</failure>
  </testcase>
  <testcase name="[15] seqConcat.dl, &#13;&#10;    \forall int i; \forall Seq s1; \forall Seq s2; ( 0 &lt;= i &amp; i &lt; seqLen(s1) + seqLen(s2) -&gt;&#13;&#10;        any::seqGet(seqConcat(s1, s2), i) =&#13;&#10;            \if (i &lt; seqLen(s1)) \then (any::seqGet(s1, i)) \else (any::seqGet(s2, i-seqLen(s1))))&#13;&#10;&#10;" classname="de.uka.ilkd.key.smt.newsmt2.ProveSMTLemmasTest" time="0.218">
    <failure message="A reference was unexpectedly null. (file: C:\Users\RUNNER~1\AppData\Local\Temp\SMT_lemma_seqConcat.dl_3703900451055019792.key; caused by: java.lang.AssertionError: A reference was unexpectedly null.)" type="de.uka.ilkd.key.proof.io.ProblemLoaderException">A reference was unexpectedly null. (file: C:\Users\RUNNER~1\AppData\Local\Temp\SMT_lemma_seqConcat.dl_3703900451055019792.key; caused by: java.lang.AssertionError: A reference was unexpectedly null.)
	at app//de.uka.ilkd.key.control.AbstractUserInterfaceControl.load(AbstractUserInterfaceControl.java:225)
	at app//de.uka.ilkd.key.control.KeYEnvironment.load(KeYEnvironment.java:282)
	at app//de.uka.ilkd.key.control.KeYEnvironment.load(KeYEnvironment.java:251)
	at app//de.uka.ilkd.key.control.KeYEnvironment.load(KeYEnvironment.java:225)
	at app//de.uka.ilkd.key.control.KeYEnvironment.load(KeYEnvironment.java:185)
	at app//de.uka.ilkd.key.control.KeYEnvironment.load(KeYEnvironment.java:292)
	at app//de.uka.ilkd.key.smt.newsmt2.ProveSMTLemmasTest.testSMTLemmaSoundness(ProveSMTLemmasTest.java:72)
	at java.base@11.0.19/jdk.internal.reflect.NativeMethodAccessorImpl.invoke0(Native Method)
	at java.base@11.0.19/jdk.internal.reflect.NativeMethodAccessorImpl.invoke(NativeMethodAccessorImpl.java:62)
	at java.base@11.0.19/jdk.internal.reflect.DelegatingMethodAccessorImpl.invoke(DelegatingMethodAccessorImpl.java:43)
	at java.base@11.0.19/java.lang.reflect.Method.invoke(Method.java:566)
	at app//org.junit.platform.commons.util.ReflectionUtils.invokeMethod(ReflectionUtils.java:727)
	at app//org.junit.jupiter.engine.execution.MethodInvocation.proceed(MethodInvocation.java:60)
	at app//org.junit.jupiter.engine.execution.InvocationInterceptorChain$ValidatingInvocation.proceed(InvocationInterceptorChain.java:131)
	at app//org.junit.jupiter.engine.extension.TimeoutExtension.intercept(TimeoutExtension.java:156)
	at app//org.junit.jupiter.engine.extension.TimeoutExtension.interceptTestableMethod(TimeoutExtension.java:147)
	at app//org.junit.jupiter.engine.extension.TimeoutExtension.interceptTestTemplateMethod(TimeoutExtension.java:94)
	at app//org.junit.jupiter.engine.execution.InterceptingExecutableInvoker$ReflectiveInterceptorCall.lambda$ofVoidMethod$0(InterceptingExecutableInvoker.java:103)
	at app//org.junit.jupiter.engine.execution.InterceptingExecutableInvoker.lambda$invoke$0(InterceptingExecutableInvoker.java:93)
	at app//org.junit.jupiter.engine.execution.InvocationInterceptorChain$InterceptedInvocation.proceed(InvocationInterceptorChain.java:106)
	at app//org.junit.jupiter.engine.execution.InvocationInterceptorChain.proceed(InvocationInterceptorChain.java:64)
	at app//org.junit.jupiter.engine.execution.InvocationInterceptorChain.chainAndInvoke(InvocationInterceptorChain.java:45)
	at app//org.junit.jupiter.engine.execution.InvocationInterceptorChain.invoke(InvocationInterceptorChain.java:37)
	at app//org.junit.jupiter.engine.execution.InterceptingExecutableInvoker.invoke(InterceptingExecutableInvoker.java:92)
	at app//org.junit.jupiter.engine.execution.InterceptingExecutableInvoker.invoke(InterceptingExecutableInvoker.java:86)
	at app//org.junit.jupiter.engine.descriptor.TestMethodTestDescriptor.lambda$invokeTestMethod$7(TestMethodTestDescriptor.java:217)
	at app//org.junit.platform.engine.support.hierarchical.ThrowableCollector.execute(ThrowableCollector.java:73)
	at app//org.junit.jupiter.engine.descriptor.TestMethodTestDescriptor.invokeTestMethod(TestMethodTestDescriptor.java:213)
	at app//org.junit.jupiter.engine.descriptor.TestMethodTestDescriptor.execute(TestMethodTestDescriptor.java:138)
	at app//org.junit.jupiter.engine.descriptor.TestMethodTestDescriptor.execute(TestMethodTestDescriptor.java:68)
	at app//org.junit.platform.engine.support.hierarchical.NodeTestTask.lambda$executeRecursively$6(NodeTestTask.java:151)
	at app//org.junit.platform.engine.support.hierarchical.ThrowableCollector.execute(ThrowableCollector.java:73)
	at app//org.junit.platform.engine.support.hierarchical.NodeTestTask.lambda$executeRecursively$8(NodeTestTask.java:141)
	at app//org.junit.platform.engine.support.hierarchical.Node.around(Node.java:137)
	at app//org.junit.platform.engine.support.hierarchical.NodeTestTask.lambda$executeRecursively$9(NodeTestTask.java:139)
	at app//org.junit.platform.engine.support.hierarchical.ThrowableCollector.execute(ThrowableCollector.java:73)
	at app//org.junit.platform.engine.support.hierarchical.NodeTestTask.executeRecursively(NodeTestTask.java:138)
	at app//org.junit.platform.engine.support.hierarchical.NodeTestTask.execute(NodeTestTask.java:95)
	at app//org.junit.platform.engine.support.hierarchical.SameThreadHierarchicalTestExecutorService.submit(SameThreadHierarchicalTestExecutorService.java:35)
	at app//org.junit.platform.engine.support.hierarchical.NodeTestTask$DefaultDynamicTestExecutor.execute(NodeTestTask.java:226)
	at app//org.junit.platform.engine.support.hierarchical.NodeTestTask$DefaultDynamicTestExecutor.execute(NodeTestTask.java:204)
	at app//org.junit.jupiter.engine.descriptor.TestTemplateTestDescriptor.execute(TestTemplateTestDescriptor.java:142)
	at app//org.junit.jupiter.engine.descriptor.TestTemplateTestDescriptor.lambda$execute$2(TestTemplateTestDescriptor.java:110)
	at java.base@11.0.19/java.util.stream.ForEachOps$ForEachOp$OfRef.accept(ForEachOps.java:183)
	at java.base@11.0.19/java.util.stream.ReferencePipeline$3$1.accept(ReferencePipeline.java:195)
	at java.base@11.0.19/java.util.stream.ReferencePipeline$2$1.accept(ReferencePipeline.java:177)
	at java.base@11.0.19/java.util.stream.ReferencePipeline$3$1.accept(ReferencePipeline.java:195)
	at java.base@11.0.19/java.util.stream.ForEachOps$ForEachOp$OfRef.accept(ForEachOps.java:183)
	at java.base@11.0.19/java.util.stream.ReferencePipeline$3$1.accept(ReferencePipeline.java:195)
	at java.base@11.0.19/java.util.stream.ReferencePipeline$3$1.accept(ReferencePipeline.java:195)
	at java.base@11.0.19/java.util.stream.ReferencePipeline$3$1.accept(ReferencePipeline.java:195)
	at java.base@11.0.19/java.util.stream.ForEachOps$ForEachOp$OfRef.accept(ForEachOps.java:183)
	at java.base@11.0.19/java.util.stream.ReferencePipeline$3$1.accept(ReferencePipeline.java:195)
	at java.base@11.0.19/java.util.ArrayList$ArrayListSpliterator.forEachRemaining(ArrayList.java:1655)
	at java.base@11.0.19/java.util.stream.ReferencePipeline$Head.forEach(ReferencePipeline.java:658)
	at java.base@11.0.19/java.util.stream.ReferencePipeline$7$1.accept(ReferencePipeline.java:274)
	at java.base@11.0.19/java.util.stream.ReferencePipeline$3$1.accept(ReferencePipeline.java:195)
	at java.base@11.0.19/java.util.stream.ReferencePipeline$3$1.accept(ReferencePipeline.java:195)
	at java.base@11.0.19/java.util.Spliterators$ArraySpliterator.forEachRemaining(Spliterators.java:948)
	at java.base@11.0.19/java.util.stream.AbstractPipeline.copyInto(AbstractPipeline.java:484)
	at java.base@11.0.19/java.util.stream.AbstractPipeline.wrapAndCopyInto(AbstractPipeline.java:474)
	at java.base@11.0.19/java.util.stream.ForEachOps$ForEachOp.evaluateSequential(ForEachOps.java:150)
	at java.base@11.0.19/java.util.stream.ForEachOps$ForEachOp$OfRef.evaluateSequential(ForEachOps.java:173)
	at java.base@11.0.19/java.util.stream.AbstractPipeline.evaluate(AbstractPipeline.java:234)
	at java.base@11.0.19/java.util.stream.ReferencePipeline.forEach(ReferencePipeline.java:497)
	at java.base@11.0.19/java.util.stream.ReferencePipeline$7$1.accept(ReferencePipeline.java:274)
	at java.base@11.0.19/java.util.stream.ReferencePipeline$3$1.accept(ReferencePipeline.java:195)
	at java.base@11.0.19/java.util.stream.ReferencePipeline$3$1.accept(ReferencePipeline.java:195)
	at java.base@11.0.19/java.util.stream.ReferencePipeline$3$1.accept(ReferencePipeline.java:195)
	at java.base@11.0.19/java.util.ArrayList$ArrayListSpliterator.forEachRemaining(ArrayList.java:1655)
	at java.base@11.0.19/java.util.stream.AbstractPipeline.copyInto(AbstractPipeline.java:484)
	at java.base@11.0.19/java.util.stream.AbstractPipeline.wrapAndCopyInto(AbstractPipeline.java:474)
	at java.base@11.0.19/java.util.stream.ForEachOps$ForEachOp.evaluateSequential(ForEachOps.java:150)
	at java.base@11.0.19/java.util.stream.ForEachOps$ForEachOp$OfRef.evaluateSequential(ForEachOps.java:173)
	at java.base@11.0.19/java.util.stream.AbstractPipeline.evaluate(AbstractPipeline.java:234)
	at java.base@11.0.19/java.util.stream.ReferencePipeline.forEach(ReferencePipeline.java:497)
	at java.base@11.0.19/java.util.stream.ReferencePipeline$7$1.accept(ReferencePipeline.java:274)
	at java.base@11.0.19/java.util.ArrayList$ArrayListSpliterator.forEachRemaining(ArrayList.java:1655)
	at java.base@11.0.19/java.util.stream.AbstractPipeline.copyInto(AbstractPipeline.java:484)
	at java.base@11.0.19/java.util.stream.AbstractPipeline.wrapAndCopyInto(AbstractPipeline.java:474)
	at java.base@11.0.19/java.util.stream.ForEachOps$ForEachOp.evaluateSequential(ForEachOps.java:150)
	at java.base@11.0.19/java.util.stream.ForEachOps$ForEachOp$OfRef.evaluateSequential(ForEachOps.java:173)
	at java.base@11.0.19/java.util.stream.AbstractPipeline.evaluate(AbstractPipeline.java:234)
	at java.base@11.0.19/java.util.stream.ReferencePipeline.forEach(ReferencePipeline.java:497)
	at app//org.junit.jupiter.engine.descriptor.TestTemplateTestDescriptor.execute(TestTemplateTestDescriptor.java:110)
	at app//org.junit.jupiter.engine.descriptor.TestTemplateTestDescriptor.execute(TestTemplateTestDescriptor.java:44)
	at app//org.junit.platform.engine.support.hierarchical.NodeTestTask.lambda$executeRecursively$6(NodeTestTask.java:151)
	at app//org.junit.platform.engine.support.hierarchical.ThrowableCollector.execute(ThrowableCollector.java:73)
	at app//org.junit.platform.engine.support.hierarchical.NodeTestTask.lambda$executeRecursively$8(NodeTestTask.java:141)
	at app//org.junit.platform.engine.support.hierarchical.Node.around(Node.java:137)
	at app//org.junit.platform.engine.support.hierarchical.NodeTestTask.lambda$executeRecursively$9(NodeTestTask.java:139)
	at app//org.junit.platform.engine.support.hierarchical.ThrowableCollector.execute(ThrowableCollector.java:73)
	at app//org.junit.platform.engine.support.hierarchical.NodeTestTask.executeRecursively(NodeTestTask.java:138)
	at app//org.junit.platform.engine.support.hierarchical.NodeTestTask.execute(NodeTestTask.java:95)
	at java.base@11.0.19/java.util.ArrayList.forEach(ArrayList.java:1541)
	at app//org.junit.platform.engine.support.hierarchical.SameThreadHierarchicalTestExecutorService.invokeAll(SameThreadHierarchicalTestExecutorService.java:41)
	at app//org.junit.platform.engine.support.hierarchical.NodeTestTask.lambda$executeRecursively$6(NodeTestTask.java:155)
	at app//org.junit.platform.engine.support.hierarchical.ThrowableCollector.execute(ThrowableCollector.java:73)
	at app//org.junit.platform.engine.support.hierarchical.NodeTestTask.lambda$executeRecursively$8(NodeTestTask.java:141)
	at app//org.junit.platform.engine.support.hierarchical.Node.around(Node.java:137)
	at app//org.junit.platform.engine.support.hierarchical.NodeTestTask.lambda$executeRecursively$9(NodeTestTask.java:139)
	at app//org.junit.platform.engine.support.hierarchical.ThrowableCollector.execute(ThrowableCollector.java:73)
	at app//org.junit.platform.engine.support.hierarchical.NodeTestTask.executeRecursively(NodeTestTask.java:138)
	at app//org.junit.platform.engine.support.hierarchical.NodeTestTask.execute(NodeTestTask.java:95)
	at java.base@11.0.19/java.util.ArrayList.forEach(ArrayList.java:1541)
	at app//org.junit.platform.engine.support.hierarchical.SameThreadHierarchicalTestExecutorService.invokeAll(SameThreadHierarchicalTestExecutorService.java:41)
	at app//org.junit.platform.engine.support.hierarchical.NodeTestTask.lambda$executeRecursively$6(NodeTestTask.java:155)
	at app//org.junit.platform.engine.support.hierarchical.ThrowableCollector.execute(ThrowableCollector.java:73)
	at app//org.junit.platform.engine.support.hierarchical.NodeTestTask.lambda$executeRecursively$8(NodeTestTask.java:141)
	at app//org.junit.platform.engine.support.hierarchical.Node.around(Node.java:137)
	at app//org.junit.platform.engine.support.hierarchical.NodeTestTask.lambda$executeRecursively$9(NodeTestTask.java:139)
	at app//org.junit.platform.engine.support.hierarchical.ThrowableCollector.execute(ThrowableCollector.java:73)
	at app//org.junit.platform.engine.support.hierarchical.NodeTestTask.executeRecursively(NodeTestTask.java:138)
	at app//org.junit.platform.engine.support.hierarchical.NodeTestTask.execute(NodeTestTask.java:95)
	at app//org.junit.platform.engine.support.hierarchical.SameThreadHierarchicalTestExecutorService.submit(SameThreadHierarchicalTestExecutorService.java:35)
	at app//org.junit.platform.engine.support.hierarchical.HierarchicalTestExecutor.execute(HierarchicalTestExecutor.java:57)
	at app//org.junit.platform.engine.support.hierarchical.HierarchicalTestEngine.execute(HierarchicalTestEngine.java:54)
	at app//org.junit.platform.launcher.core.EngineExecutionOrchestrator.execute(EngineExecutionOrchestrator.java:107)
	at app//org.junit.platform.launcher.core.EngineExecutionOrchestrator.execute(EngineExecutionOrchestrator.java:88)
	at app//org.junit.platform.launcher.core.EngineExecutionOrchestrator.lambda$execute$0(EngineExecutionOrchestrator.java:54)
	at app//org.junit.platform.launcher.core.EngineExecutionOrchestrator.withInterceptedStreams(EngineExecutionOrchestrator.java:67)
	at app//org.junit.platform.launcher.core.EngineExecutionOrchestrator.execute(EngineExecutionOrchestrator.java:52)
	at app//org.junit.platform.launcher.core.DefaultLauncher.execute(DefaultLauncher.java:114)
	at app//org.junit.platform.launcher.core.DefaultLauncher.execute(DefaultLauncher.java:86)
	at app//org.junit.platform.launcher.core.DefaultLauncherSession$DelegatingLauncher.execute(DefaultLauncherSession.java:86)
	at org.gradle.api.internal.tasks.testing.junitplatform.JUnitPlatformTestClassProcessor$CollectAllTestClassesExecutor.processAllTestClasses(JUnitPlatformTestClassProcessor.java:110)
	at org.gradle.api.internal.tasks.testing.junitplatform.JUnitPlatformTestClassProcessor$CollectAllTestClassesExecutor.access$000(JUnitPlatformTestClassProcessor.java:90)
	at org.gradle.api.internal.tasks.testing.junitplatform.JUnitPlatformTestClassProcessor.stop(JUnitPlatformTestClassProcessor.java:85)
	at org.gradle.api.internal.tasks.testing.SuiteTestClassProcessor.stop(SuiteTestClassProcessor.java:62)
	at java.base@11.0.19/jdk.internal.reflect.NativeMethodAccessorImpl.invoke0(Native Method)
	at java.base@11.0.19/jdk.internal.reflect.NativeMethodAccessorImpl.invoke(NativeMethodAccessorImpl.java:62)
	at java.base@11.0.19/jdk.internal.reflect.DelegatingMethodAccessorImpl.invoke(DelegatingMethodAccessorImpl.java:43)
	at java.base@11.0.19/java.lang.reflect.Method.invoke(Method.java:566)
	at org.gradle.internal.dispatch.ReflectionDispatch.dispatch(ReflectionDispatch.java:36)
	at org.gradle.internal.dispatch.ReflectionDispatch.dispatch(ReflectionDispatch.java:24)
	at org.gradle.internal.dispatch.ContextClassLoaderDispatch.dispatch(ContextClassLoaderDispatch.java:33)
	at org.gradle.internal.dispatch.ProxyDispatchAdapter$DispatchingInvocationHandler.invoke(ProxyDispatchAdapter.java:94)
	at com.sun.proxy.$Proxy5.stop(Unknown Source)
	at org.gradle.api.internal.tasks.testing.worker.TestWorker$3.run(TestWorker.java:193)
	at org.gradle.api.internal.tasks.testing.worker.TestWorker.executeAndMaintainThreadName(TestWorker.java:129)
	at org.gradle.api.internal.tasks.testing.worker.TestWorker.execute(TestWorker.java:100)
	at org.gradle.api.internal.tasks.testing.worker.TestWorker.execute(TestWorker.java:60)
	at org.gradle.process.internal.worker.child.ActionExecutionWorker.execute(ActionExecutionWorker.java:56)
	at org.gradle.process.internal.worker.child.SystemApplicationClassLoaderWorker.call(SystemApplicationClassLoaderWorker.java:113)
	at org.gradle.process.internal.worker.child.SystemApplicationClassLoaderWorker.call(SystemApplicationClassLoaderWorker.java:65)
	at app//worker.org.gradle.process.internal.worker.GradleWorkerMain.run(GradleWorkerMain.java:69)
	at app//worker.org.gradle.process.internal.worker.GradleWorkerMain.main(GradleWorkerMain.java:74)
Caused by: java.lang.AssertionError: A reference was unexpectedly null.
	at com.github.javaparser.utils.Utils.assertNotNull(Utils.java:60)
	at com.github.javaparser.ast.expr.AssignExpr.setValue(AssignExpr.java:186)
	at com.github.javaparser.ast.expr.AssignExpr.&lt;init&gt;(AssignExpr.java:127)
	at com.github.javaparser.ast.expr.AssignExpr.&lt;init&gt;(AssignExpr.java:117)
	at de.uka.ilkd.key.java.transformations.AstFactory.assign(AstFactory.java:106)
	at de.uka.ilkd.key.java.transformations.pipeline.PrepareObjectBuilder.defaultSettings(PrepareObjectBuilder.java:80)
	at de.uka.ilkd.key.java.transformations.pipeline.PrepareObjectBuilder.createPrepareBody(PrepareObjectBuilder.java:100)
	at de.uka.ilkd.key.java.transformations.pipeline.PrepareObjectBuilder.createMethod(PrepareObjectBuilder.java:119)
	at de.uka.ilkd.key.java.transformations.pipeline.PrepareObjectBuilder.apply(PrepareObjectBuilder.java:148)
	at de.uka.ilkd.key.java.transformations.KeYJavaPipeline.apply(KeYJavaPipeline.java:61)
	at de.uka.ilkd.key.java.transformations.KeYJavaPipeline.apply(KeYJavaPipeline.java:54)
	at de.uka.ilkd.key.java.JavaService.transformModel(JavaService.java:582)
	at de.uka.ilkd.key.java.JavaService.parseLibraryClasses0(JavaService.java:528)
	at de.uka.ilkd.key.java.JavaService.parseSpecialClasses(JavaService.java:511)
	at de.uka.ilkd.key.proof.init.ProblemInitializer.readJava(ProblemInitializer.java:280)
	at de.uka.ilkd.key.proof.init.ProblemInitializer.prepare(ProblemInitializer.java:529)
	at de.uka.ilkd.key.proof.init.ProblemInitializer.prepare(ProblemInitializer.java:471)
	at de.uka.ilkd.key.proof.io.AbstractProblemLoader.createInitConfig(AbstractProblemLoader.java:558)
	at de.uka.ilkd.key.proof.io.AbstractProblemLoader.loadEnvironment(AbstractProblemLoader.java:318)
	at de.uka.ilkd.key.proof.io.AbstractProblemLoader.load(AbstractProblemLoader.java:276)
	at de.uka.ilkd.key.proof.io.AbstractProblemLoader.load(AbstractProblemLoader.java:258)
	at de.uka.ilkd.key.control.AbstractUserInterfaceControl.load(AbstractUserInterfaceControl.java:212)
	... 146 more
</failure>
  </testcase>
  <testcase name="[16] seqLen.dl, &#13;&#10;    \forall Seq s; seqLen(s)&lt;&lt;Trigger&gt;&gt; &gt;= 0&#13;&#10;" classname="de.uka.ilkd.key.smt.newsmt2.ProveSMTLemmasTest" time="0.183">
    <failure message="A reference was unexpectedly null. (file: C:\Users\RUNNER~1\AppData\Local\Temp\SMT_lemma_seqLen.dl_13413823257244020306.key; caused by: java.lang.AssertionError: A reference was unexpectedly null.)" type="de.uka.ilkd.key.proof.io.ProblemLoaderException">A reference was unexpectedly null. (file: C:\Users\RUNNER~1\AppData\Local\Temp\SMT_lemma_seqLen.dl_13413823257244020306.key; caused by: java.lang.AssertionError: A reference was unexpectedly null.)
	at app//de.uka.ilkd.key.control.AbstractUserInterfaceControl.load(AbstractUserInterfaceControl.java:225)
	at app//de.uka.ilkd.key.control.KeYEnvironment.load(KeYEnvironment.java:282)
	at app//de.uka.ilkd.key.control.KeYEnvironment.load(KeYEnvironment.java:251)
	at app//de.uka.ilkd.key.control.KeYEnvironment.load(KeYEnvironment.java:225)
	at app//de.uka.ilkd.key.control.KeYEnvironment.load(KeYEnvironment.java:185)
	at app//de.uka.ilkd.key.control.KeYEnvironment.load(KeYEnvironment.java:292)
	at app//de.uka.ilkd.key.smt.newsmt2.ProveSMTLemmasTest.testSMTLemmaSoundness(ProveSMTLemmasTest.java:72)
	at java.base@11.0.19/jdk.internal.reflect.NativeMethodAccessorImpl.invoke0(Native Method)
	at java.base@11.0.19/jdk.internal.reflect.NativeMethodAccessorImpl.invoke(NativeMethodAccessorImpl.java:62)
	at java.base@11.0.19/jdk.internal.reflect.DelegatingMethodAccessorImpl.invoke(DelegatingMethodAccessorImpl.java:43)
	at java.base@11.0.19/java.lang.reflect.Method.invoke(Method.java:566)
	at app//org.junit.platform.commons.util.ReflectionUtils.invokeMethod(ReflectionUtils.java:727)
	at app//org.junit.jupiter.engine.execution.MethodInvocation.proceed(MethodInvocation.java:60)
	at app//org.junit.jupiter.engine.execution.InvocationInterceptorChain$ValidatingInvocation.proceed(InvocationInterceptorChain.java:131)
	at app//org.junit.jupiter.engine.extension.TimeoutExtension.intercept(TimeoutExtension.java:156)
	at app//org.junit.jupiter.engine.extension.TimeoutExtension.interceptTestableMethod(TimeoutExtension.java:147)
	at app//org.junit.jupiter.engine.extension.TimeoutExtension.interceptTestTemplateMethod(TimeoutExtension.java:94)
	at app//org.junit.jupiter.engine.execution.InterceptingExecutableInvoker$ReflectiveInterceptorCall.lambda$ofVoidMethod$0(InterceptingExecutableInvoker.java:103)
	at app//org.junit.jupiter.engine.execution.InterceptingExecutableInvoker.lambda$invoke$0(InterceptingExecutableInvoker.java:93)
	at app//org.junit.jupiter.engine.execution.InvocationInterceptorChain$InterceptedInvocation.proceed(InvocationInterceptorChain.java:106)
	at app//org.junit.jupiter.engine.execution.InvocationInterceptorChain.proceed(InvocationInterceptorChain.java:64)
	at app//org.junit.jupiter.engine.execution.InvocationInterceptorChain.chainAndInvoke(InvocationInterceptorChain.java:45)
	at app//org.junit.jupiter.engine.execution.InvocationInterceptorChain.invoke(InvocationInterceptorChain.java:37)
	at app//org.junit.jupiter.engine.execution.InterceptingExecutableInvoker.invoke(InterceptingExecutableInvoker.java:92)
	at app//org.junit.jupiter.engine.execution.InterceptingExecutableInvoker.invoke(InterceptingExecutableInvoker.java:86)
	at app//org.junit.jupiter.engine.descriptor.TestMethodTestDescriptor.lambda$invokeTestMethod$7(TestMethodTestDescriptor.java:217)
	at app//org.junit.platform.engine.support.hierarchical.ThrowableCollector.execute(ThrowableCollector.java:73)
	at app//org.junit.jupiter.engine.descriptor.TestMethodTestDescriptor.invokeTestMethod(TestMethodTestDescriptor.java:213)
	at app//org.junit.jupiter.engine.descriptor.TestMethodTestDescriptor.execute(TestMethodTestDescriptor.java:138)
	at app//org.junit.jupiter.engine.descriptor.TestMethodTestDescriptor.execute(TestMethodTestDescriptor.java:68)
	at app//org.junit.platform.engine.support.hierarchical.NodeTestTask.lambda$executeRecursively$6(NodeTestTask.java:151)
	at app//org.junit.platform.engine.support.hierarchical.ThrowableCollector.execute(ThrowableCollector.java:73)
	at app//org.junit.platform.engine.support.hierarchical.NodeTestTask.lambda$executeRecursively$8(NodeTestTask.java:141)
	at app//org.junit.platform.engine.support.hierarchical.Node.around(Node.java:137)
	at app//org.junit.platform.engine.support.hierarchical.NodeTestTask.lambda$executeRecursively$9(NodeTestTask.java:139)
	at app//org.junit.platform.engine.support.hierarchical.ThrowableCollector.execute(ThrowableCollector.java:73)
	at app//org.junit.platform.engine.support.hierarchical.NodeTestTask.executeRecursively(NodeTestTask.java:138)
	at app//org.junit.platform.engine.support.hierarchical.NodeTestTask.execute(NodeTestTask.java:95)
	at app//org.junit.platform.engine.support.hierarchical.SameThreadHierarchicalTestExecutorService.submit(SameThreadHierarchicalTestExecutorService.java:35)
	at app//org.junit.platform.engine.support.hierarchical.NodeTestTask$DefaultDynamicTestExecutor.execute(NodeTestTask.java:226)
	at app//org.junit.platform.engine.support.hierarchical.NodeTestTask$DefaultDynamicTestExecutor.execute(NodeTestTask.java:204)
	at app//org.junit.jupiter.engine.descriptor.TestTemplateTestDescriptor.execute(TestTemplateTestDescriptor.java:142)
	at app//org.junit.jupiter.engine.descriptor.TestTemplateTestDescriptor.lambda$execute$2(TestTemplateTestDescriptor.java:110)
	at java.base@11.0.19/java.util.stream.ForEachOps$ForEachOp$OfRef.accept(ForEachOps.java:183)
	at java.base@11.0.19/java.util.stream.ReferencePipeline$3$1.accept(ReferencePipeline.java:195)
	at java.base@11.0.19/java.util.stream.ReferencePipeline$2$1.accept(ReferencePipeline.java:177)
	at java.base@11.0.19/java.util.stream.ReferencePipeline$3$1.accept(ReferencePipeline.java:195)
	at java.base@11.0.19/java.util.stream.ForEachOps$ForEachOp$OfRef.accept(ForEachOps.java:183)
	at java.base@11.0.19/java.util.stream.ReferencePipeline$3$1.accept(ReferencePipeline.java:195)
	at java.base@11.0.19/java.util.stream.ReferencePipeline$3$1.accept(ReferencePipeline.java:195)
	at java.base@11.0.19/java.util.stream.ReferencePipeline$3$1.accept(ReferencePipeline.java:195)
	at java.base@11.0.19/java.util.stream.ForEachOps$ForEachOp$OfRef.accept(ForEachOps.java:183)
	at java.base@11.0.19/java.util.stream.ReferencePipeline$3$1.accept(ReferencePipeline.java:195)
	at java.base@11.0.19/java.util.ArrayList$ArrayListSpliterator.forEachRemaining(ArrayList.java:1655)
	at java.base@11.0.19/java.util.stream.ReferencePipeline$Head.forEach(ReferencePipeline.java:658)
	at java.base@11.0.19/java.util.stream.ReferencePipeline$7$1.accept(ReferencePipeline.java:274)
	at java.base@11.0.19/java.util.stream.ReferencePipeline$3$1.accept(ReferencePipeline.java:195)
	at java.base@11.0.19/java.util.stream.ReferencePipeline$3$1.accept(ReferencePipeline.java:195)
	at java.base@11.0.19/java.util.Spliterators$ArraySpliterator.forEachRemaining(Spliterators.java:948)
	at java.base@11.0.19/java.util.stream.AbstractPipeline.copyInto(AbstractPipeline.java:484)
	at java.base@11.0.19/java.util.stream.AbstractPipeline.wrapAndCopyInto(AbstractPipeline.java:474)
	at java.base@11.0.19/java.util.stream.ForEachOps$ForEachOp.evaluateSequential(ForEachOps.java:150)
	at java.base@11.0.19/java.util.stream.ForEachOps$ForEachOp$OfRef.evaluateSequential(ForEachOps.java:173)
	at java.base@11.0.19/java.util.stream.AbstractPipeline.evaluate(AbstractPipeline.java:234)
	at java.base@11.0.19/java.util.stream.ReferencePipeline.forEach(ReferencePipeline.java:497)
	at java.base@11.0.19/java.util.stream.ReferencePipeline$7$1.accept(ReferencePipeline.java:274)
	at java.base@11.0.19/java.util.stream.ReferencePipeline$3$1.accept(ReferencePipeline.java:195)
	at java.base@11.0.19/java.util.stream.ReferencePipeline$3$1.accept(ReferencePipeline.java:195)
	at java.base@11.0.19/java.util.stream.ReferencePipeline$3$1.accept(ReferencePipeline.java:195)
	at java.base@11.0.19/java.util.ArrayList$ArrayListSpliterator.forEachRemaining(ArrayList.java:1655)
	at java.base@11.0.19/java.util.stream.AbstractPipeline.copyInto(AbstractPipeline.java:484)
	at java.base@11.0.19/java.util.stream.AbstractPipeline.wrapAndCopyInto(AbstractPipeline.java:474)
	at java.base@11.0.19/java.util.stream.ForEachOps$ForEachOp.evaluateSequential(ForEachOps.java:150)
	at java.base@11.0.19/java.util.stream.ForEachOps$ForEachOp$OfRef.evaluateSequential(ForEachOps.java:173)
	at java.base@11.0.19/java.util.stream.AbstractPipeline.evaluate(AbstractPipeline.java:234)
	at java.base@11.0.19/java.util.stream.ReferencePipeline.forEach(ReferencePipeline.java:497)
	at java.base@11.0.19/java.util.stream.ReferencePipeline$7$1.accept(ReferencePipeline.java:274)
	at java.base@11.0.19/java.util.ArrayList$ArrayListSpliterator.forEachRemaining(ArrayList.java:1655)
	at java.base@11.0.19/java.util.stream.AbstractPipeline.copyInto(AbstractPipeline.java:484)
	at java.base@11.0.19/java.util.stream.AbstractPipeline.wrapAndCopyInto(AbstractPipeline.java:474)
	at java.base@11.0.19/java.util.stream.ForEachOps$ForEachOp.evaluateSequential(ForEachOps.java:150)
	at java.base@11.0.19/java.util.stream.ForEachOps$ForEachOp$OfRef.evaluateSequential(ForEachOps.java:173)
	at java.base@11.0.19/java.util.stream.AbstractPipeline.evaluate(AbstractPipeline.java:234)
	at java.base@11.0.19/java.util.stream.ReferencePipeline.forEach(ReferencePipeline.java:497)
	at app//org.junit.jupiter.engine.descriptor.TestTemplateTestDescriptor.execute(TestTemplateTestDescriptor.java:110)
	at app//org.junit.jupiter.engine.descriptor.TestTemplateTestDescriptor.execute(TestTemplateTestDescriptor.java:44)
	at app//org.junit.platform.engine.support.hierarchical.NodeTestTask.lambda$executeRecursively$6(NodeTestTask.java:151)
	at app//org.junit.platform.engine.support.hierarchical.ThrowableCollector.execute(ThrowableCollector.java:73)
	at app//org.junit.platform.engine.support.hierarchical.NodeTestTask.lambda$executeRecursively$8(NodeTestTask.java:141)
	at app//org.junit.platform.engine.support.hierarchical.Node.around(Node.java:137)
	at app//org.junit.platform.engine.support.hierarchical.NodeTestTask.lambda$executeRecursively$9(NodeTestTask.java:139)
	at app//org.junit.platform.engine.support.hierarchical.ThrowableCollector.execute(ThrowableCollector.java:73)
	at app//org.junit.platform.engine.support.hierarchical.NodeTestTask.executeRecursively(NodeTestTask.java:138)
	at app//org.junit.platform.engine.support.hierarchical.NodeTestTask.execute(NodeTestTask.java:95)
	at java.base@11.0.19/java.util.ArrayList.forEach(ArrayList.java:1541)
	at app//org.junit.platform.engine.support.hierarchical.SameThreadHierarchicalTestExecutorService.invokeAll(SameThreadHierarchicalTestExecutorService.java:41)
	at app//org.junit.platform.engine.support.hierarchical.NodeTestTask.lambda$executeRecursively$6(NodeTestTask.java:155)
	at app//org.junit.platform.engine.support.hierarchical.ThrowableCollector.execute(ThrowableCollector.java:73)
	at app//org.junit.platform.engine.support.hierarchical.NodeTestTask.lambda$executeRecursively$8(NodeTestTask.java:141)
	at app//org.junit.platform.engine.support.hierarchical.Node.around(Node.java:137)
	at app//org.junit.platform.engine.support.hierarchical.NodeTestTask.lambda$executeRecursively$9(NodeTestTask.java:139)
	at app//org.junit.platform.engine.support.hierarchical.ThrowableCollector.execute(ThrowableCollector.java:73)
	at app//org.junit.platform.engine.support.hierarchical.NodeTestTask.executeRecursively(NodeTestTask.java:138)
	at app//org.junit.platform.engine.support.hierarchical.NodeTestTask.execute(NodeTestTask.java:95)
	at java.base@11.0.19/java.util.ArrayList.forEach(ArrayList.java:1541)
	at app//org.junit.platform.engine.support.hierarchical.SameThreadHierarchicalTestExecutorService.invokeAll(SameThreadHierarchicalTestExecutorService.java:41)
	at app//org.junit.platform.engine.support.hierarchical.NodeTestTask.lambda$executeRecursively$6(NodeTestTask.java:155)
	at app//org.junit.platform.engine.support.hierarchical.ThrowableCollector.execute(ThrowableCollector.java:73)
	at app//org.junit.platform.engine.support.hierarchical.NodeTestTask.lambda$executeRecursively$8(NodeTestTask.java:141)
	at app//org.junit.platform.engine.support.hierarchical.Node.around(Node.java:137)
	at app//org.junit.platform.engine.support.hierarchical.NodeTestTask.lambda$executeRecursively$9(NodeTestTask.java:139)
	at app//org.junit.platform.engine.support.hierarchical.ThrowableCollector.execute(ThrowableCollector.java:73)
	at app//org.junit.platform.engine.support.hierarchical.NodeTestTask.executeRecursively(NodeTestTask.java:138)
	at app//org.junit.platform.engine.support.hierarchical.NodeTestTask.execute(NodeTestTask.java:95)
	at app//org.junit.platform.engine.support.hierarchical.SameThreadHierarchicalTestExecutorService.submit(SameThreadHierarchicalTestExecutorService.java:35)
	at app//org.junit.platform.engine.support.hierarchical.HierarchicalTestExecutor.execute(HierarchicalTestExecutor.java:57)
	at app//org.junit.platform.engine.support.hierarchical.HierarchicalTestEngine.execute(HierarchicalTestEngine.java:54)
	at app//org.junit.platform.launcher.core.EngineExecutionOrchestrator.execute(EngineExecutionOrchestrator.java:107)
	at app//org.junit.platform.launcher.core.EngineExecutionOrchestrator.execute(EngineExecutionOrchestrator.java:88)
	at app//org.junit.platform.launcher.core.EngineExecutionOrchestrator.lambda$execute$0(EngineExecutionOrchestrator.java:54)
	at app//org.junit.platform.launcher.core.EngineExecutionOrchestrator.withInterceptedStreams(EngineExecutionOrchestrator.java:67)
	at app//org.junit.platform.launcher.core.EngineExecutionOrchestrator.execute(EngineExecutionOrchestrator.java:52)
	at app//org.junit.platform.launcher.core.DefaultLauncher.execute(DefaultLauncher.java:114)
	at app//org.junit.platform.launcher.core.DefaultLauncher.execute(DefaultLauncher.java:86)
	at app//org.junit.platform.launcher.core.DefaultLauncherSession$DelegatingLauncher.execute(DefaultLauncherSession.java:86)
	at org.gradle.api.internal.tasks.testing.junitplatform.JUnitPlatformTestClassProcessor$CollectAllTestClassesExecutor.processAllTestClasses(JUnitPlatformTestClassProcessor.java:110)
	at org.gradle.api.internal.tasks.testing.junitplatform.JUnitPlatformTestClassProcessor$CollectAllTestClassesExecutor.access$000(JUnitPlatformTestClassProcessor.java:90)
	at org.gradle.api.internal.tasks.testing.junitplatform.JUnitPlatformTestClassProcessor.stop(JUnitPlatformTestClassProcessor.java:85)
	at org.gradle.api.internal.tasks.testing.SuiteTestClassProcessor.stop(SuiteTestClassProcessor.java:62)
	at java.base@11.0.19/jdk.internal.reflect.NativeMethodAccessorImpl.invoke0(Native Method)
	at java.base@11.0.19/jdk.internal.reflect.NativeMethodAccessorImpl.invoke(NativeMethodAccessorImpl.java:62)
	at java.base@11.0.19/jdk.internal.reflect.DelegatingMethodAccessorImpl.invoke(DelegatingMethodAccessorImpl.java:43)
	at java.base@11.0.19/java.lang.reflect.Method.invoke(Method.java:566)
	at org.gradle.internal.dispatch.ReflectionDispatch.dispatch(ReflectionDispatch.java:36)
	at org.gradle.internal.dispatch.ReflectionDispatch.dispatch(ReflectionDispatch.java:24)
	at org.gradle.internal.dispatch.ContextClassLoaderDispatch.dispatch(ContextClassLoaderDispatch.java:33)
	at org.gradle.internal.dispatch.ProxyDispatchAdapter$DispatchingInvocationHandler.invoke(ProxyDispatchAdapter.java:94)
	at com.sun.proxy.$Proxy5.stop(Unknown Source)
	at org.gradle.api.internal.tasks.testing.worker.TestWorker$3.run(TestWorker.java:193)
	at org.gradle.api.internal.tasks.testing.worker.TestWorker.executeAndMaintainThreadName(TestWorker.java:129)
	at org.gradle.api.internal.tasks.testing.worker.TestWorker.execute(TestWorker.java:100)
	at org.gradle.api.internal.tasks.testing.worker.TestWorker.execute(TestWorker.java:60)
	at org.gradle.process.internal.worker.child.ActionExecutionWorker.execute(ActionExecutionWorker.java:56)
	at org.gradle.process.internal.worker.child.SystemApplicationClassLoaderWorker.call(SystemApplicationClassLoaderWorker.java:113)
	at org.gradle.process.internal.worker.child.SystemApplicationClassLoaderWorker.call(SystemApplicationClassLoaderWorker.java:65)
	at app//worker.org.gradle.process.internal.worker.GradleWorkerMain.run(GradleWorkerMain.java:69)
	at app//worker.org.gradle.process.internal.worker.GradleWorkerMain.main(GradleWorkerMain.java:74)
Caused by: java.lang.AssertionError: A reference was unexpectedly null.
	at com.github.javaparser.utils.Utils.assertNotNull(Utils.java:60)
	at com.github.javaparser.ast.expr.AssignExpr.setValue(AssignExpr.java:186)
	at com.github.javaparser.ast.expr.AssignExpr.&lt;init&gt;(AssignExpr.java:127)
	at com.github.javaparser.ast.expr.AssignExpr.&lt;init&gt;(AssignExpr.java:117)
	at de.uka.ilkd.key.java.transformations.AstFactory.assign(AstFactory.java:106)
	at de.uka.ilkd.key.java.transformations.pipeline.PrepareObjectBuilder.defaultSettings(PrepareObjectBuilder.java:80)
	at de.uka.ilkd.key.java.transformations.pipeline.PrepareObjectBuilder.createPrepareBody(PrepareObjectBuilder.java:100)
	at de.uka.ilkd.key.java.transformations.pipeline.PrepareObjectBuilder.createMethod(PrepareObjectBuilder.java:119)
	at de.uka.ilkd.key.java.transformations.pipeline.PrepareObjectBuilder.apply(PrepareObjectBuilder.java:148)
	at de.uka.ilkd.key.java.transformations.KeYJavaPipeline.apply(KeYJavaPipeline.java:61)
	at de.uka.ilkd.key.java.transformations.KeYJavaPipeline.apply(KeYJavaPipeline.java:54)
	at de.uka.ilkd.key.java.JavaService.transformModel(JavaService.java:582)
	at de.uka.ilkd.key.java.JavaService.parseLibraryClasses0(JavaService.java:528)
	at de.uka.ilkd.key.java.JavaService.parseSpecialClasses(JavaService.java:511)
	at de.uka.ilkd.key.proof.init.ProblemInitializer.readJava(ProblemInitializer.java:280)
	at de.uka.ilkd.key.proof.init.ProblemInitializer.prepare(ProblemInitializer.java:529)
	at de.uka.ilkd.key.proof.init.ProblemInitializer.prepare(ProblemInitializer.java:471)
	at de.uka.ilkd.key.proof.io.AbstractProblemLoader.createInitConfig(AbstractProblemLoader.java:558)
	at de.uka.ilkd.key.proof.io.AbstractProblemLoader.loadEnvironment(AbstractProblemLoader.java:318)
	at de.uka.ilkd.key.proof.io.AbstractProblemLoader.load(AbstractProblemLoader.java:276)
	at de.uka.ilkd.key.proof.io.AbstractProblemLoader.load(AbstractProblemLoader.java:258)
	at de.uka.ilkd.key.control.AbstractUserInterfaceControl.load(AbstractUserInterfaceControl.java:212)
	... 146 more
</failure>
  </testcase>
  <testcase name="[17] length.dl, &#13;&#10;    \forall Object o; length(o) &gt;= 0&#13;&#10;" classname="de.uka.ilkd.key.smt.newsmt2.ProveSMTLemmasTest" time="0.214">
    <failure message="A reference was unexpectedly null. (file: C:\Users\RUNNER~1\AppData\Local\Temp\SMT_lemma_length.dl_11871947203592291450.key; caused by: java.lang.AssertionError: A reference was unexpectedly null.)" type="de.uka.ilkd.key.proof.io.ProblemLoaderException">A reference was unexpectedly null. (file: C:\Users\RUNNER~1\AppData\Local\Temp\SMT_lemma_length.dl_11871947203592291450.key; caused by: java.lang.AssertionError: A reference was unexpectedly null.)
	at app//de.uka.ilkd.key.control.AbstractUserInterfaceControl.load(AbstractUserInterfaceControl.java:225)
	at app//de.uka.ilkd.key.control.KeYEnvironment.load(KeYEnvironment.java:282)
	at app//de.uka.ilkd.key.control.KeYEnvironment.load(KeYEnvironment.java:251)
	at app//de.uka.ilkd.key.control.KeYEnvironment.load(KeYEnvironment.java:225)
	at app//de.uka.ilkd.key.control.KeYEnvironment.load(KeYEnvironment.java:185)
	at app//de.uka.ilkd.key.control.KeYEnvironment.load(KeYEnvironment.java:292)
	at app//de.uka.ilkd.key.smt.newsmt2.ProveSMTLemmasTest.testSMTLemmaSoundness(ProveSMTLemmasTest.java:72)
	at jdk.internal.reflect.GeneratedMethodAccessor17.invoke(Unknown Source)
	at java.base@11.0.19/jdk.internal.reflect.DelegatingMethodAccessorImpl.invoke(DelegatingMethodAccessorImpl.java:43)
	at java.base@11.0.19/java.lang.reflect.Method.invoke(Method.java:566)
	at app//org.junit.platform.commons.util.ReflectionUtils.invokeMethod(ReflectionUtils.java:727)
	at app//org.junit.jupiter.engine.execution.MethodInvocation.proceed(MethodInvocation.java:60)
	at app//org.junit.jupiter.engine.execution.InvocationInterceptorChain$ValidatingInvocation.proceed(InvocationInterceptorChain.java:131)
	at app//org.junit.jupiter.engine.extension.TimeoutExtension.intercept(TimeoutExtension.java:156)
	at app//org.junit.jupiter.engine.extension.TimeoutExtension.interceptTestableMethod(TimeoutExtension.java:147)
	at app//org.junit.jupiter.engine.extension.TimeoutExtension.interceptTestTemplateMethod(TimeoutExtension.java:94)
	at app//org.junit.jupiter.engine.execution.InterceptingExecutableInvoker$ReflectiveInterceptorCall.lambda$ofVoidMethod$0(InterceptingExecutableInvoker.java:103)
	at app//org.junit.jupiter.engine.execution.InterceptingExecutableInvoker.lambda$invoke$0(InterceptingExecutableInvoker.java:93)
	at app//org.junit.jupiter.engine.execution.InvocationInterceptorChain$InterceptedInvocation.proceed(InvocationInterceptorChain.java:106)
	at app//org.junit.jupiter.engine.execution.InvocationInterceptorChain.proceed(InvocationInterceptorChain.java:64)
	at app//org.junit.jupiter.engine.execution.InvocationInterceptorChain.chainAndInvoke(InvocationInterceptorChain.java:45)
	at app//org.junit.jupiter.engine.execution.InvocationInterceptorChain.invoke(InvocationInterceptorChain.java:37)
	at app//org.junit.jupiter.engine.execution.InterceptingExecutableInvoker.invoke(InterceptingExecutableInvoker.java:92)
	at app//org.junit.jupiter.engine.execution.InterceptingExecutableInvoker.invoke(InterceptingExecutableInvoker.java:86)
	at app//org.junit.jupiter.engine.descriptor.TestMethodTestDescriptor.lambda$invokeTestMethod$7(TestMethodTestDescriptor.java:217)
	at app//org.junit.platform.engine.support.hierarchical.ThrowableCollector.execute(ThrowableCollector.java:73)
	at app//org.junit.jupiter.engine.descriptor.TestMethodTestDescriptor.invokeTestMethod(TestMethodTestDescriptor.java:213)
	at app//org.junit.jupiter.engine.descriptor.TestMethodTestDescriptor.execute(TestMethodTestDescriptor.java:138)
	at app//org.junit.jupiter.engine.descriptor.TestMethodTestDescriptor.execute(TestMethodTestDescriptor.java:68)
	at app//org.junit.platform.engine.support.hierarchical.NodeTestTask.lambda$executeRecursively$6(NodeTestTask.java:151)
	at app//org.junit.platform.engine.support.hierarchical.ThrowableCollector.execute(ThrowableCollector.java:73)
	at app//org.junit.platform.engine.support.hierarchical.NodeTestTask.lambda$executeRecursively$8(NodeTestTask.java:141)
	at app//org.junit.platform.engine.support.hierarchical.Node.around(Node.java:137)
	at app//org.junit.platform.engine.support.hierarchical.NodeTestTask.lambda$executeRecursively$9(NodeTestTask.java:139)
	at app//org.junit.platform.engine.support.hierarchical.ThrowableCollector.execute(ThrowableCollector.java:73)
	at app//org.junit.platform.engine.support.hierarchical.NodeTestTask.executeRecursively(NodeTestTask.java:138)
	at app//org.junit.platform.engine.support.hierarchical.NodeTestTask.execute(NodeTestTask.java:95)
	at app//org.junit.platform.engine.support.hierarchical.SameThreadHierarchicalTestExecutorService.submit(SameThreadHierarchicalTestExecutorService.java:35)
	at app//org.junit.platform.engine.support.hierarchical.NodeTestTask$DefaultDynamicTestExecutor.execute(NodeTestTask.java:226)
	at app//org.junit.platform.engine.support.hierarchical.NodeTestTask$DefaultDynamicTestExecutor.execute(NodeTestTask.java:204)
	at app//org.junit.jupiter.engine.descriptor.TestTemplateTestDescriptor.execute(TestTemplateTestDescriptor.java:142)
	at app//org.junit.jupiter.engine.descriptor.TestTemplateTestDescriptor.lambda$execute$2(TestTemplateTestDescriptor.java:110)
	at java.base@11.0.19/java.util.stream.ForEachOps$ForEachOp$OfRef.accept(ForEachOps.java:183)
	at java.base@11.0.19/java.util.stream.ReferencePipeline$3$1.accept(ReferencePipeline.java:195)
	at java.base@11.0.19/java.util.stream.ReferencePipeline$2$1.accept(ReferencePipeline.java:177)
	at java.base@11.0.19/java.util.stream.ReferencePipeline$3$1.accept(ReferencePipeline.java:195)
	at java.base@11.0.19/java.util.stream.ForEachOps$ForEachOp$OfRef.accept(ForEachOps.java:183)
	at java.base@11.0.19/java.util.stream.ReferencePipeline$3$1.accept(ReferencePipeline.java:195)
	at java.base@11.0.19/java.util.stream.ReferencePipeline$3$1.accept(ReferencePipeline.java:195)
	at java.base@11.0.19/java.util.stream.ReferencePipeline$3$1.accept(ReferencePipeline.java:195)
	at java.base@11.0.19/java.util.stream.ForEachOps$ForEachOp$OfRef.accept(ForEachOps.java:183)
	at java.base@11.0.19/java.util.stream.ReferencePipeline$3$1.accept(ReferencePipeline.java:195)
	at java.base@11.0.19/java.util.ArrayList$ArrayListSpliterator.forEachRemaining(ArrayList.java:1655)
	at java.base@11.0.19/java.util.stream.ReferencePipeline$Head.forEach(ReferencePipeline.java:658)
	at java.base@11.0.19/java.util.stream.ReferencePipeline$7$1.accept(ReferencePipeline.java:274)
	at java.base@11.0.19/java.util.stream.ReferencePipeline$3$1.accept(ReferencePipeline.java:195)
	at java.base@11.0.19/java.util.stream.ReferencePipeline$3$1.accept(ReferencePipeline.java:195)
	at java.base@11.0.19/java.util.Spliterators$ArraySpliterator.forEachRemaining(Spliterators.java:948)
	at java.base@11.0.19/java.util.stream.AbstractPipeline.copyInto(AbstractPipeline.java:484)
	at java.base@11.0.19/java.util.stream.AbstractPipeline.wrapAndCopyInto(AbstractPipeline.java:474)
	at java.base@11.0.19/java.util.stream.ForEachOps$ForEachOp.evaluateSequential(ForEachOps.java:150)
	at java.base@11.0.19/java.util.stream.ForEachOps$ForEachOp$OfRef.evaluateSequential(ForEachOps.java:173)
	at java.base@11.0.19/java.util.stream.AbstractPipeline.evaluate(AbstractPipeline.java:234)
	at java.base@11.0.19/java.util.stream.ReferencePipeline.forEach(ReferencePipeline.java:497)
	at java.base@11.0.19/java.util.stream.ReferencePipeline$7$1.accept(ReferencePipeline.java:274)
	at java.base@11.0.19/java.util.stream.ReferencePipeline$3$1.accept(ReferencePipeline.java:195)
	at java.base@11.0.19/java.util.stream.ReferencePipeline$3$1.accept(ReferencePipeline.java:195)
	at java.base@11.0.19/java.util.stream.ReferencePipeline$3$1.accept(ReferencePipeline.java:195)
	at java.base@11.0.19/java.util.ArrayList$ArrayListSpliterator.forEachRemaining(ArrayList.java:1655)
	at java.base@11.0.19/java.util.stream.AbstractPipeline.copyInto(AbstractPipeline.java:484)
	at java.base@11.0.19/java.util.stream.AbstractPipeline.wrapAndCopyInto(AbstractPipeline.java:474)
	at java.base@11.0.19/java.util.stream.ForEachOps$ForEachOp.evaluateSequential(ForEachOps.java:150)
	at java.base@11.0.19/java.util.stream.ForEachOps$ForEachOp$OfRef.evaluateSequential(ForEachOps.java:173)
	at java.base@11.0.19/java.util.stream.AbstractPipeline.evaluate(AbstractPipeline.java:234)
	at java.base@11.0.19/java.util.stream.ReferencePipeline.forEach(ReferencePipeline.java:497)
	at java.base@11.0.19/java.util.stream.ReferencePipeline$7$1.accept(ReferencePipeline.java:274)
	at java.base@11.0.19/java.util.ArrayList$ArrayListSpliterator.forEachRemaining(ArrayList.java:1655)
	at java.base@11.0.19/java.util.stream.AbstractPipeline.copyInto(AbstractPipeline.java:484)
	at java.base@11.0.19/java.util.stream.AbstractPipeline.wrapAndCopyInto(AbstractPipeline.java:474)
	at java.base@11.0.19/java.util.stream.ForEachOps$ForEachOp.evaluateSequential(ForEachOps.java:150)
	at java.base@11.0.19/java.util.stream.ForEachOps$ForEachOp$OfRef.evaluateSequential(ForEachOps.java:173)
	at java.base@11.0.19/java.util.stream.AbstractPipeline.evaluate(AbstractPipeline.java:234)
	at java.base@11.0.19/java.util.stream.ReferencePipeline.forEach(ReferencePipeline.java:497)
	at app//org.junit.jupiter.engine.descriptor.TestTemplateTestDescriptor.execute(TestTemplateTestDescriptor.java:110)
	at app//org.junit.jupiter.engine.descriptor.TestTemplateTestDescriptor.execute(TestTemplateTestDescriptor.java:44)
	at app//org.junit.platform.engine.support.hierarchical.NodeTestTask.lambda$executeRecursively$6(NodeTestTask.java:151)
	at app//org.junit.platform.engine.support.hierarchical.ThrowableCollector.execute(ThrowableCollector.java:73)
	at app//org.junit.platform.engine.support.hierarchical.NodeTestTask.lambda$executeRecursively$8(NodeTestTask.java:141)
	at app//org.junit.platform.engine.support.hierarchical.Node.around(Node.java:137)
	at app//org.junit.platform.engine.support.hierarchical.NodeTestTask.lambda$executeRecursively$9(NodeTestTask.java:139)
	at app//org.junit.platform.engine.support.hierarchical.ThrowableCollector.execute(ThrowableCollector.java:73)
	at app//org.junit.platform.engine.support.hierarchical.NodeTestTask.executeRecursively(NodeTestTask.java:138)
	at app//org.junit.platform.engine.support.hierarchical.NodeTestTask.execute(NodeTestTask.java:95)
	at java.base@11.0.19/java.util.ArrayList.forEach(ArrayList.java:1541)
	at app//org.junit.platform.engine.support.hierarchical.SameThreadHierarchicalTestExecutorService.invokeAll(SameThreadHierarchicalTestExecutorService.java:41)
	at app//org.junit.platform.engine.support.hierarchical.NodeTestTask.lambda$executeRecursively$6(NodeTestTask.java:155)
	at app//org.junit.platform.engine.support.hierarchical.ThrowableCollector.execute(ThrowableCollector.java:73)
	at app//org.junit.platform.engine.support.hierarchical.NodeTestTask.lambda$executeRecursively$8(NodeTestTask.java:141)
	at app//org.junit.platform.engine.support.hierarchical.Node.around(Node.java:137)
	at app//org.junit.platform.engine.support.hierarchical.NodeTestTask.lambda$executeRecursively$9(NodeTestTask.java:139)
	at app//org.junit.platform.engine.support.hierarchical.ThrowableCollector.execute(ThrowableCollector.java:73)
	at app//org.junit.platform.engine.support.hierarchical.NodeTestTask.executeRecursively(NodeTestTask.java:138)
	at app//org.junit.platform.engine.support.hierarchical.NodeTestTask.execute(NodeTestTask.java:95)
	at java.base@11.0.19/java.util.ArrayList.forEach(ArrayList.java:1541)
	at app//org.junit.platform.engine.support.hierarchical.SameThreadHierarchicalTestExecutorService.invokeAll(SameThreadHierarchicalTestExecutorService.java:41)
	at app//org.junit.platform.engine.support.hierarchical.NodeTestTask.lambda$executeRecursively$6(NodeTestTask.java:155)
	at app//org.junit.platform.engine.support.hierarchical.ThrowableCollector.execute(ThrowableCollector.java:73)
	at app//org.junit.platform.engine.support.hierarchical.NodeTestTask.lambda$executeRecursively$8(NodeTestTask.java:141)
	at app//org.junit.platform.engine.support.hierarchical.Node.around(Node.java:137)
	at app//org.junit.platform.engine.support.hierarchical.NodeTestTask.lambda$executeRecursively$9(NodeTestTask.java:139)
	at app//org.junit.platform.engine.support.hierarchical.ThrowableCollector.execute(ThrowableCollector.java:73)
	at app//org.junit.platform.engine.support.hierarchical.NodeTestTask.executeRecursively(NodeTestTask.java:138)
	at app//org.junit.platform.engine.support.hierarchical.NodeTestTask.execute(NodeTestTask.java:95)
	at app//org.junit.platform.engine.support.hierarchical.SameThreadHierarchicalTestExecutorService.submit(SameThreadHierarchicalTestExecutorService.java:35)
	at app//org.junit.platform.engine.support.hierarchical.HierarchicalTestExecutor.execute(HierarchicalTestExecutor.java:57)
	at app//org.junit.platform.engine.support.hierarchical.HierarchicalTestEngine.execute(HierarchicalTestEngine.java:54)
	at app//org.junit.platform.launcher.core.EngineExecutionOrchestrator.execute(EngineExecutionOrchestrator.java:107)
	at app//org.junit.platform.launcher.core.EngineExecutionOrchestrator.execute(EngineExecutionOrchestrator.java:88)
	at app//org.junit.platform.launcher.core.EngineExecutionOrchestrator.lambda$execute$0(EngineExecutionOrchestrator.java:54)
	at app//org.junit.platform.launcher.core.EngineExecutionOrchestrator.withInterceptedStreams(EngineExecutionOrchestrator.java:67)
	at app//org.junit.platform.launcher.core.EngineExecutionOrchestrator.execute(EngineExecutionOrchestrator.java:52)
	at app//org.junit.platform.launcher.core.DefaultLauncher.execute(DefaultLauncher.java:114)
	at app//org.junit.platform.launcher.core.DefaultLauncher.execute(DefaultLauncher.java:86)
	at app//org.junit.platform.launcher.core.DefaultLauncherSession$DelegatingLauncher.execute(DefaultLauncherSession.java:86)
	at org.gradle.api.internal.tasks.testing.junitplatform.JUnitPlatformTestClassProcessor$CollectAllTestClassesExecutor.processAllTestClasses(JUnitPlatformTestClassProcessor.java:110)
	at org.gradle.api.internal.tasks.testing.junitplatform.JUnitPlatformTestClassProcessor$CollectAllTestClassesExecutor.access$000(JUnitPlatformTestClassProcessor.java:90)
	at org.gradle.api.internal.tasks.testing.junitplatform.JUnitPlatformTestClassProcessor.stop(JUnitPlatformTestClassProcessor.java:85)
	at org.gradle.api.internal.tasks.testing.SuiteTestClassProcessor.stop(SuiteTestClassProcessor.java:62)
	at java.base@11.0.19/jdk.internal.reflect.NativeMethodAccessorImpl.invoke0(Native Method)
	at java.base@11.0.19/jdk.internal.reflect.NativeMethodAccessorImpl.invoke(NativeMethodAccessorImpl.java:62)
	at java.base@11.0.19/jdk.internal.reflect.DelegatingMethodAccessorImpl.invoke(DelegatingMethodAccessorImpl.java:43)
	at java.base@11.0.19/java.lang.reflect.Method.invoke(Method.java:566)
	at org.gradle.internal.dispatch.ReflectionDispatch.dispatch(ReflectionDispatch.java:36)
	at org.gradle.internal.dispatch.ReflectionDispatch.dispatch(ReflectionDispatch.java:24)
	at org.gradle.internal.dispatch.ContextClassLoaderDispatch.dispatch(ContextClassLoaderDispatch.java:33)
	at org.gradle.internal.dispatch.ProxyDispatchAdapter$DispatchingInvocationHandler.invoke(ProxyDispatchAdapter.java:94)
	at com.sun.proxy.$Proxy5.stop(Unknown Source)
	at org.gradle.api.internal.tasks.testing.worker.TestWorker$3.run(TestWorker.java:193)
	at org.gradle.api.internal.tasks.testing.worker.TestWorker.executeAndMaintainThreadName(TestWorker.java:129)
	at org.gradle.api.internal.tasks.testing.worker.TestWorker.execute(TestWorker.java:100)
	at org.gradle.api.internal.tasks.testing.worker.TestWorker.execute(TestWorker.java:60)
	at org.gradle.process.internal.worker.child.ActionExecutionWorker.execute(ActionExecutionWorker.java:56)
	at org.gradle.process.internal.worker.child.SystemApplicationClassLoaderWorker.call(SystemApplicationClassLoaderWorker.java:113)
	at org.gradle.process.internal.worker.child.SystemApplicationClassLoaderWorker.call(SystemApplicationClassLoaderWorker.java:65)
	at app//worker.org.gradle.process.internal.worker.GradleWorkerMain.run(GradleWorkerMain.java:69)
	at app//worker.org.gradle.process.internal.worker.GradleWorkerMain.main(GradleWorkerMain.java:74)
Caused by: java.lang.AssertionError: A reference was unexpectedly null.
	at com.github.javaparser.utils.Utils.assertNotNull(Utils.java:60)
	at com.github.javaparser.ast.expr.AssignExpr.setValue(AssignExpr.java:186)
	at com.github.javaparser.ast.expr.AssignExpr.&lt;init&gt;(AssignExpr.java:127)
	at com.github.javaparser.ast.expr.AssignExpr.&lt;init&gt;(AssignExpr.java:117)
	at de.uka.ilkd.key.java.transformations.AstFactory.assign(AstFactory.java:106)
	at de.uka.ilkd.key.java.transformations.pipeline.PrepareObjectBuilder.defaultSettings(PrepareObjectBuilder.java:80)
	at de.uka.ilkd.key.java.transformations.pipeline.PrepareObjectBuilder.createPrepareBody(PrepareObjectBuilder.java:100)
	at de.uka.ilkd.key.java.transformations.pipeline.PrepareObjectBuilder.createMethod(PrepareObjectBuilder.java:119)
	at de.uka.ilkd.key.java.transformations.pipeline.PrepareObjectBuilder.apply(PrepareObjectBuilder.java:148)
	at de.uka.ilkd.key.java.transformations.KeYJavaPipeline.apply(KeYJavaPipeline.java:61)
	at de.uka.ilkd.key.java.transformations.KeYJavaPipeline.apply(KeYJavaPipeline.java:54)
	at de.uka.ilkd.key.java.JavaService.transformModel(JavaService.java:582)
	at de.uka.ilkd.key.java.JavaService.parseLibraryClasses0(JavaService.java:528)
	at de.uka.ilkd.key.java.JavaService.parseSpecialClasses(JavaService.java:511)
	at de.uka.ilkd.key.proof.init.ProblemInitializer.readJava(ProblemInitializer.java:280)
	at de.uka.ilkd.key.proof.init.ProblemInitializer.prepare(ProblemInitializer.java:529)
	at de.uka.ilkd.key.proof.init.ProblemInitializer.prepare(ProblemInitializer.java:471)
	at de.uka.ilkd.key.proof.io.AbstractProblemLoader.createInitConfig(AbstractProblemLoader.java:558)
	at de.uka.ilkd.key.proof.io.AbstractProblemLoader.loadEnvironment(AbstractProblemLoader.java:318)
	at de.uka.ilkd.key.proof.io.AbstractProblemLoader.load(AbstractProblemLoader.java:276)
	at de.uka.ilkd.key.proof.io.AbstractProblemLoader.load(AbstractProblemLoader.java:258)
	at de.uka.ilkd.key.control.AbstractUserInterfaceControl.load(AbstractUserInterfaceControl.java:212)
	... 145 more
</failure>
  </testcase>
  <testcase name="[18] freshLocs.dl, &#10;  \forall Heap h; \forall Object o; \forall Field f;&#10;     ( elementOf(o,f,freshLocs(h))&lt;&lt;Trigger&gt;&gt; &lt;-&gt;&#10;        o != null &amp; !boolean::select(h,o,java.lang.Object::&lt;created&gt;)=TRUE )&#10;" classname="de.uka.ilkd.key.smt.newsmt2.ProveSMTLemmasTest" time="0.145">
    <failure message="A reference was unexpectedly null. (file: C:\Users\RUNNER~1\AppData\Local\Temp\SMT_lemma_freshLocs.dl_11349647181460305992.key; caused by: java.lang.AssertionError: A reference was unexpectedly null.)" type="de.uka.ilkd.key.proof.io.ProblemLoaderException">A reference was unexpectedly null. (file: C:\Users\RUNNER~1\AppData\Local\Temp\SMT_lemma_freshLocs.dl_11349647181460305992.key; caused by: java.lang.AssertionError: A reference was unexpectedly null.)
	at app//de.uka.ilkd.key.control.AbstractUserInterfaceControl.load(AbstractUserInterfaceControl.java:225)
	at app//de.uka.ilkd.key.control.KeYEnvironment.load(KeYEnvironment.java:282)
	at app//de.uka.ilkd.key.control.KeYEnvironment.load(KeYEnvironment.java:251)
	at app//de.uka.ilkd.key.control.KeYEnvironment.load(KeYEnvironment.java:225)
	at app//de.uka.ilkd.key.control.KeYEnvironment.load(KeYEnvironment.java:185)
	at app//de.uka.ilkd.key.control.KeYEnvironment.load(KeYEnvironment.java:292)
	at app//de.uka.ilkd.key.smt.newsmt2.ProveSMTLemmasTest.testSMTLemmaSoundness(ProveSMTLemmasTest.java:72)
	at jdk.internal.reflect.GeneratedMethodAccessor17.invoke(Unknown Source)
	at java.base@11.0.19/jdk.internal.reflect.DelegatingMethodAccessorImpl.invoke(DelegatingMethodAccessorImpl.java:43)
	at java.base@11.0.19/java.lang.reflect.Method.invoke(Method.java:566)
	at app//org.junit.platform.commons.util.ReflectionUtils.invokeMethod(ReflectionUtils.java:727)
	at app//org.junit.jupiter.engine.execution.MethodInvocation.proceed(MethodInvocation.java:60)
	at app//org.junit.jupiter.engine.execution.InvocationInterceptorChain$ValidatingInvocation.proceed(InvocationInterceptorChain.java:131)
	at app//org.junit.jupiter.engine.extension.TimeoutExtension.intercept(TimeoutExtension.java:156)
	at app//org.junit.jupiter.engine.extension.TimeoutExtension.interceptTestableMethod(TimeoutExtension.java:147)
	at app//org.junit.jupiter.engine.extension.TimeoutExtension.interceptTestTemplateMethod(TimeoutExtension.java:94)
	at app//org.junit.jupiter.engine.execution.InterceptingExecutableInvoker$ReflectiveInterceptorCall.lambda$ofVoidMethod$0(InterceptingExecutableInvoker.java:103)
	at app//org.junit.jupiter.engine.execution.InterceptingExecutableInvoker.lambda$invoke$0(InterceptingExecutableInvoker.java:93)
	at app//org.junit.jupiter.engine.execution.InvocationInterceptorChain$InterceptedInvocation.proceed(InvocationInterceptorChain.java:106)
	at app//org.junit.jupiter.engine.execution.InvocationInterceptorChain.proceed(InvocationInterceptorChain.java:64)
	at app//org.junit.jupiter.engine.execution.InvocationInterceptorChain.chainAndInvoke(InvocationInterceptorChain.java:45)
	at app//org.junit.jupiter.engine.execution.InvocationInterceptorChain.invoke(InvocationInterceptorChain.java:37)
	at app//org.junit.jupiter.engine.execution.InterceptingExecutableInvoker.invoke(InterceptingExecutableInvoker.java:92)
	at app//org.junit.jupiter.engine.execution.InterceptingExecutableInvoker.invoke(InterceptingExecutableInvoker.java:86)
	at app//org.junit.jupiter.engine.descriptor.TestMethodTestDescriptor.lambda$invokeTestMethod$7(TestMethodTestDescriptor.java:217)
	at app//org.junit.platform.engine.support.hierarchical.ThrowableCollector.execute(ThrowableCollector.java:73)
	at app//org.junit.jupiter.engine.descriptor.TestMethodTestDescriptor.invokeTestMethod(TestMethodTestDescriptor.java:213)
	at app//org.junit.jupiter.engine.descriptor.TestMethodTestDescriptor.execute(TestMethodTestDescriptor.java:138)
	at app//org.junit.jupiter.engine.descriptor.TestMethodTestDescriptor.execute(TestMethodTestDescriptor.java:68)
	at app//org.junit.platform.engine.support.hierarchical.NodeTestTask.lambda$executeRecursively$6(NodeTestTask.java:151)
	at app//org.junit.platform.engine.support.hierarchical.ThrowableCollector.execute(ThrowableCollector.java:73)
	at app//org.junit.platform.engine.support.hierarchical.NodeTestTask.lambda$executeRecursively$8(NodeTestTask.java:141)
	at app//org.junit.platform.engine.support.hierarchical.Node.around(Node.java:137)
	at app//org.junit.platform.engine.support.hierarchical.NodeTestTask.lambda$executeRecursively$9(NodeTestTask.java:139)
	at app//org.junit.platform.engine.support.hierarchical.ThrowableCollector.execute(ThrowableCollector.java:73)
	at app//org.junit.platform.engine.support.hierarchical.NodeTestTask.executeRecursively(NodeTestTask.java:138)
	at app//org.junit.platform.engine.support.hierarchical.NodeTestTask.execute(NodeTestTask.java:95)
	at app//org.junit.platform.engine.support.hierarchical.SameThreadHierarchicalTestExecutorService.submit(SameThreadHierarchicalTestExecutorService.java:35)
	at app//org.junit.platform.engine.support.hierarchical.NodeTestTask$DefaultDynamicTestExecutor.execute(NodeTestTask.java:226)
	at app//org.junit.platform.engine.support.hierarchical.NodeTestTask$DefaultDynamicTestExecutor.execute(NodeTestTask.java:204)
	at app//org.junit.jupiter.engine.descriptor.TestTemplateTestDescriptor.execute(TestTemplateTestDescriptor.java:142)
	at app//org.junit.jupiter.engine.descriptor.TestTemplateTestDescriptor.lambda$execute$2(TestTemplateTestDescriptor.java:110)
	at java.base@11.0.19/java.util.stream.ForEachOps$ForEachOp$OfRef.accept(ForEachOps.java:183)
	at java.base@11.0.19/java.util.stream.ReferencePipeline$3$1.accept(ReferencePipeline.java:195)
	at java.base@11.0.19/java.util.stream.ReferencePipeline$2$1.accept(ReferencePipeline.java:177)
	at java.base@11.0.19/java.util.stream.ReferencePipeline$3$1.accept(ReferencePipeline.java:195)
	at java.base@11.0.19/java.util.stream.ForEachOps$ForEachOp$OfRef.accept(ForEachOps.java:183)
	at java.base@11.0.19/java.util.stream.ReferencePipeline$3$1.accept(ReferencePipeline.java:195)
	at java.base@11.0.19/java.util.stream.ReferencePipeline$3$1.accept(ReferencePipeline.java:195)
	at java.base@11.0.19/java.util.stream.ReferencePipeline$3$1.accept(ReferencePipeline.java:195)
	at java.base@11.0.19/java.util.stream.ForEachOps$ForEachOp$OfRef.accept(ForEachOps.java:183)
	at java.base@11.0.19/java.util.stream.ReferencePipeline$3$1.accept(ReferencePipeline.java:195)
	at java.base@11.0.19/java.util.ArrayList$ArrayListSpliterator.forEachRemaining(ArrayList.java:1655)
	at java.base@11.0.19/java.util.stream.ReferencePipeline$Head.forEach(ReferencePipeline.java:658)
	at java.base@11.0.19/java.util.stream.ReferencePipeline$7$1.accept(ReferencePipeline.java:274)
	at java.base@11.0.19/java.util.stream.ReferencePipeline$3$1.accept(ReferencePipeline.java:195)
	at java.base@11.0.19/java.util.stream.ReferencePipeline$3$1.accept(ReferencePipeline.java:195)
	at java.base@11.0.19/java.util.Spliterators$ArraySpliterator.forEachRemaining(Spliterators.java:948)
	at java.base@11.0.19/java.util.stream.AbstractPipeline.copyInto(AbstractPipeline.java:484)
	at java.base@11.0.19/java.util.stream.AbstractPipeline.wrapAndCopyInto(AbstractPipeline.java:474)
	at java.base@11.0.19/java.util.stream.ForEachOps$ForEachOp.evaluateSequential(ForEachOps.java:150)
	at java.base@11.0.19/java.util.stream.ForEachOps$ForEachOp$OfRef.evaluateSequential(ForEachOps.java:173)
	at java.base@11.0.19/java.util.stream.AbstractPipeline.evaluate(AbstractPipeline.java:234)
	at java.base@11.0.19/java.util.stream.ReferencePipeline.forEach(ReferencePipeline.java:497)
	at java.base@11.0.19/java.util.stream.ReferencePipeline$7$1.accept(ReferencePipeline.java:274)
	at java.base@11.0.19/java.util.stream.ReferencePipeline$3$1.accept(ReferencePipeline.java:195)
	at java.base@11.0.19/java.util.stream.ReferencePipeline$3$1.accept(ReferencePipeline.java:195)
	at java.base@11.0.19/java.util.stream.ReferencePipeline$3$1.accept(ReferencePipeline.java:195)
	at java.base@11.0.19/java.util.ArrayList$ArrayListSpliterator.forEachRemaining(ArrayList.java:1655)
	at java.base@11.0.19/java.util.stream.AbstractPipeline.copyInto(AbstractPipeline.java:484)
	at java.base@11.0.19/java.util.stream.AbstractPipeline.wrapAndCopyInto(AbstractPipeline.java:474)
	at java.base@11.0.19/java.util.stream.ForEachOps$ForEachOp.evaluateSequential(ForEachOps.java:150)
	at java.base@11.0.19/java.util.stream.ForEachOps$ForEachOp$OfRef.evaluateSequential(ForEachOps.java:173)
	at java.base@11.0.19/java.util.stream.AbstractPipeline.evaluate(AbstractPipeline.java:234)
	at java.base@11.0.19/java.util.stream.ReferencePipeline.forEach(ReferencePipeline.java:497)
	at java.base@11.0.19/java.util.stream.ReferencePipeline$7$1.accept(ReferencePipeline.java:274)
	at java.base@11.0.19/java.util.ArrayList$ArrayListSpliterator.forEachRemaining(ArrayList.java:1655)
	at java.base@11.0.19/java.util.stream.AbstractPipeline.copyInto(AbstractPipeline.java:484)
	at java.base@11.0.19/java.util.stream.AbstractPipeline.wrapAndCopyInto(AbstractPipeline.java:474)
	at java.base@11.0.19/java.util.stream.ForEachOps$ForEachOp.evaluateSequential(ForEachOps.java:150)
	at java.base@11.0.19/java.util.stream.ForEachOps$ForEachOp$OfRef.evaluateSequential(ForEachOps.java:173)
	at java.base@11.0.19/java.util.stream.AbstractPipeline.evaluate(AbstractPipeline.java:234)
	at java.base@11.0.19/java.util.stream.ReferencePipeline.forEach(ReferencePipeline.java:497)
	at app//org.junit.jupiter.engine.descriptor.TestTemplateTestDescriptor.execute(TestTemplateTestDescriptor.java:110)
	at app//org.junit.jupiter.engine.descriptor.TestTemplateTestDescriptor.execute(TestTemplateTestDescriptor.java:44)
	at app//org.junit.platform.engine.support.hierarchical.NodeTestTask.lambda$executeRecursively$6(NodeTestTask.java:151)
	at app//org.junit.platform.engine.support.hierarchical.ThrowableCollector.execute(ThrowableCollector.java:73)
	at app//org.junit.platform.engine.support.hierarchical.NodeTestTask.lambda$executeRecursively$8(NodeTestTask.java:141)
	at app//org.junit.platform.engine.support.hierarchical.Node.around(Node.java:137)
	at app//org.junit.platform.engine.support.hierarchical.NodeTestTask.lambda$executeRecursively$9(NodeTestTask.java:139)
	at app//org.junit.platform.engine.support.hierarchical.ThrowableCollector.execute(ThrowableCollector.java:73)
	at app//org.junit.platform.engine.support.hierarchical.NodeTestTask.executeRecursively(NodeTestTask.java:138)
	at app//org.junit.platform.engine.support.hierarchical.NodeTestTask.execute(NodeTestTask.java:95)
	at java.base@11.0.19/java.util.ArrayList.forEach(ArrayList.java:1541)
	at app//org.junit.platform.engine.support.hierarchical.SameThreadHierarchicalTestExecutorService.invokeAll(SameThreadHierarchicalTestExecutorService.java:41)
	at app//org.junit.platform.engine.support.hierarchical.NodeTestTask.lambda$executeRecursively$6(NodeTestTask.java:155)
	at app//org.junit.platform.engine.support.hierarchical.ThrowableCollector.execute(ThrowableCollector.java:73)
	at app//org.junit.platform.engine.support.hierarchical.NodeTestTask.lambda$executeRecursively$8(NodeTestTask.java:141)
	at app//org.junit.platform.engine.support.hierarchical.Node.around(Node.java:137)
	at app//org.junit.platform.engine.support.hierarchical.NodeTestTask.lambda$executeRecursively$9(NodeTestTask.java:139)
	at app//org.junit.platform.engine.support.hierarchical.ThrowableCollector.execute(ThrowableCollector.java:73)
	at app//org.junit.platform.engine.support.hierarchical.NodeTestTask.executeRecursively(NodeTestTask.java:138)
	at app//org.junit.platform.engine.support.hierarchical.NodeTestTask.execute(NodeTestTask.java:95)
	at java.base@11.0.19/java.util.ArrayList.forEach(ArrayList.java:1541)
	at app//org.junit.platform.engine.support.hierarchical.SameThreadHierarchicalTestExecutorService.invokeAll(SameThreadHierarchicalTestExecutorService.java:41)
	at app//org.junit.platform.engine.support.hierarchical.NodeTestTask.lambda$executeRecursively$6(NodeTestTask.java:155)
	at app//org.junit.platform.engine.support.hierarchical.ThrowableCollector.execute(ThrowableCollector.java:73)
	at app//org.junit.platform.engine.support.hierarchical.NodeTestTask.lambda$executeRecursively$8(NodeTestTask.java:141)
	at app//org.junit.platform.engine.support.hierarchical.Node.around(Node.java:137)
	at app//org.junit.platform.engine.support.hierarchical.NodeTestTask.lambda$executeRecursively$9(NodeTestTask.java:139)
	at app//org.junit.platform.engine.support.hierarchical.ThrowableCollector.execute(ThrowableCollector.java:73)
	at app//org.junit.platform.engine.support.hierarchical.NodeTestTask.executeRecursively(NodeTestTask.java:138)
	at app//org.junit.platform.engine.support.hierarchical.NodeTestTask.execute(NodeTestTask.java:95)
	at app//org.junit.platform.engine.support.hierarchical.SameThreadHierarchicalTestExecutorService.submit(SameThreadHierarchicalTestExecutorService.java:35)
	at app//org.junit.platform.engine.support.hierarchical.HierarchicalTestExecutor.execute(HierarchicalTestExecutor.java:57)
	at app//org.junit.platform.engine.support.hierarchical.HierarchicalTestEngine.execute(HierarchicalTestEngine.java:54)
	at app//org.junit.platform.launcher.core.EngineExecutionOrchestrator.execute(EngineExecutionOrchestrator.java:107)
	at app//org.junit.platform.launcher.core.EngineExecutionOrchestrator.execute(EngineExecutionOrchestrator.java:88)
	at app//org.junit.platform.launcher.core.EngineExecutionOrchestrator.lambda$execute$0(EngineExecutionOrchestrator.java:54)
	at app//org.junit.platform.launcher.core.EngineExecutionOrchestrator.withInterceptedStreams(EngineExecutionOrchestrator.java:67)
	at app//org.junit.platform.launcher.core.EngineExecutionOrchestrator.execute(EngineExecutionOrchestrator.java:52)
	at app//org.junit.platform.launcher.core.DefaultLauncher.execute(DefaultLauncher.java:114)
	at app//org.junit.platform.launcher.core.DefaultLauncher.execute(DefaultLauncher.java:86)
	at app//org.junit.platform.launcher.core.DefaultLauncherSession$DelegatingLauncher.execute(DefaultLauncherSession.java:86)
	at org.gradle.api.internal.tasks.testing.junitplatform.JUnitPlatformTestClassProcessor$CollectAllTestClassesExecutor.processAllTestClasses(JUnitPlatformTestClassProcessor.java:110)
	at org.gradle.api.internal.tasks.testing.junitplatform.JUnitPlatformTestClassProcessor$CollectAllTestClassesExecutor.access$000(JUnitPlatformTestClassProcessor.java:90)
	at org.gradle.api.internal.tasks.testing.junitplatform.JUnitPlatformTestClassProcessor.stop(JUnitPlatformTestClassProcessor.java:85)
	at org.gradle.api.internal.tasks.testing.SuiteTestClassProcessor.stop(SuiteTestClassProcessor.java:62)
	at java.base@11.0.19/jdk.internal.reflect.NativeMethodAccessorImpl.invoke0(Native Method)
	at java.base@11.0.19/jdk.internal.reflect.NativeMethodAccessorImpl.invoke(NativeMethodAccessorImpl.java:62)
	at java.base@11.0.19/jdk.internal.reflect.DelegatingMethodAccessorImpl.invoke(DelegatingMethodAccessorImpl.java:43)
	at java.base@11.0.19/java.lang.reflect.Method.invoke(Method.java:566)
	at org.gradle.internal.dispatch.ReflectionDispatch.dispatch(ReflectionDispatch.java:36)
	at org.gradle.internal.dispatch.ReflectionDispatch.dispatch(ReflectionDispatch.java:24)
	at org.gradle.internal.dispatch.ContextClassLoaderDispatch.dispatch(ContextClassLoaderDispatch.java:33)
	at org.gradle.internal.dispatch.ProxyDispatchAdapter$DispatchingInvocationHandler.invoke(ProxyDispatchAdapter.java:94)
	at com.sun.proxy.$Proxy5.stop(Unknown Source)
	at org.gradle.api.internal.tasks.testing.worker.TestWorker$3.run(TestWorker.java:193)
	at org.gradle.api.internal.tasks.testing.worker.TestWorker.executeAndMaintainThreadName(TestWorker.java:129)
	at org.gradle.api.internal.tasks.testing.worker.TestWorker.execute(TestWorker.java:100)
	at org.gradle.api.internal.tasks.testing.worker.TestWorker.execute(TestWorker.java:60)
	at org.gradle.process.internal.worker.child.ActionExecutionWorker.execute(ActionExecutionWorker.java:56)
	at org.gradle.process.internal.worker.child.SystemApplicationClassLoaderWorker.call(SystemApplicationClassLoaderWorker.java:113)
	at org.gradle.process.internal.worker.child.SystemApplicationClassLoaderWorker.call(SystemApplicationClassLoaderWorker.java:65)
	at app//worker.org.gradle.process.internal.worker.GradleWorkerMain.run(GradleWorkerMain.java:69)
	at app//worker.org.gradle.process.internal.worker.GradleWorkerMain.main(GradleWorkerMain.java:74)
Caused by: java.lang.AssertionError: A reference was unexpectedly null.
	at com.github.javaparser.utils.Utils.assertNotNull(Utils.java:60)
	at com.github.javaparser.ast.expr.AssignExpr.setValue(AssignExpr.java:186)
	at com.github.javaparser.ast.expr.AssignExpr.&lt;init&gt;(AssignExpr.java:127)
	at com.github.javaparser.ast.expr.AssignExpr.&lt;init&gt;(AssignExpr.java:117)
	at de.uka.ilkd.key.java.transformations.AstFactory.assign(AstFactory.java:106)
	at de.uka.ilkd.key.java.transformations.pipeline.PrepareObjectBuilder.defaultSettings(PrepareObjectBuilder.java:80)
	at de.uka.ilkd.key.java.transformations.pipeline.PrepareObjectBuilder.createPrepareBody(PrepareObjectBuilder.java:100)
	at de.uka.ilkd.key.java.transformations.pipeline.PrepareObjectBuilder.createMethod(PrepareObjectBuilder.java:119)
	at de.uka.ilkd.key.java.transformations.pipeline.PrepareObjectBuilder.apply(PrepareObjectBuilder.java:148)
	at de.uka.ilkd.key.java.transformations.KeYJavaPipeline.apply(KeYJavaPipeline.java:61)
	at de.uka.ilkd.key.java.transformations.KeYJavaPipeline.apply(KeYJavaPipeline.java:54)
	at de.uka.ilkd.key.java.JavaService.transformModel(JavaService.java:582)
	at de.uka.ilkd.key.java.JavaService.parseLibraryClasses0(JavaService.java:528)
	at de.uka.ilkd.key.java.JavaService.parseSpecialClasses(JavaService.java:511)
	at de.uka.ilkd.key.proof.init.ProblemInitializer.readJava(ProblemInitializer.java:280)
	at de.uka.ilkd.key.proof.init.ProblemInitializer.prepare(ProblemInitializer.java:529)
	at de.uka.ilkd.key.proof.init.ProblemInitializer.prepare(ProblemInitializer.java:471)
	at de.uka.ilkd.key.proof.io.AbstractProblemLoader.createInitConfig(AbstractProblemLoader.java:558)
	at de.uka.ilkd.key.proof.io.AbstractProblemLoader.loadEnvironment(AbstractProblemLoader.java:318)
	at de.uka.ilkd.key.proof.io.AbstractProblemLoader.load(AbstractProblemLoader.java:276)
	at de.uka.ilkd.key.proof.io.AbstractProblemLoader.load(AbstractProblemLoader.java:258)
	at de.uka.ilkd.key.control.AbstractUserInterfaceControl.load(AbstractUserInterfaceControl.java:212)
	... 145 more
</failure>
  </testcase>
  <testcase name="[19] anon.dl, &#13;&#10;    \forall Heap h; \forall Object o; \forall Field f; \forall Heap h2; \forall LocSet ls;&#13;&#10;      any::select(anon(h, ls, h2), o, f)&lt;&lt;Trigger&gt;&gt; =&#13;&#10;         \if(elementOf(o, f, ls) &amp; f != java.lang.Object::&lt;created&gt;&#13;&#10;           | elementOf(o, f, freshLocs(h)))&#13;&#10;         \then(any::select(h2, o, f))&#13;&#10;         \else(any::select(h, o, f))&#13;&#10;" classname="de.uka.ilkd.key.smt.newsmt2.ProveSMTLemmasTest" time="0.219">
    <failure message="A reference was unexpectedly null. (file: C:\Users\RUNNER~1\AppData\Local\Temp\SMT_lemma_anon.dl_3611214592433915745.key; caused by: java.lang.AssertionError: A reference was unexpectedly null.)" type="de.uka.ilkd.key.proof.io.ProblemLoaderException">A reference was unexpectedly null. (file: C:\Users\RUNNER~1\AppData\Local\Temp\SMT_lemma_anon.dl_3611214592433915745.key; caused by: java.lang.AssertionError: A reference was unexpectedly null.)
	at app//de.uka.ilkd.key.control.AbstractUserInterfaceControl.load(AbstractUserInterfaceControl.java:225)
	at app//de.uka.ilkd.key.control.KeYEnvironment.load(KeYEnvironment.java:282)
	at app//de.uka.ilkd.key.control.KeYEnvironment.load(KeYEnvironment.java:251)
	at app//de.uka.ilkd.key.control.KeYEnvironment.load(KeYEnvironment.java:225)
	at app//de.uka.ilkd.key.control.KeYEnvironment.load(KeYEnvironment.java:185)
	at app//de.uka.ilkd.key.control.KeYEnvironment.load(KeYEnvironment.java:292)
	at app//de.uka.ilkd.key.smt.newsmt2.ProveSMTLemmasTest.testSMTLemmaSoundness(ProveSMTLemmasTest.java:72)
	at jdk.internal.reflect.GeneratedMethodAccessor17.invoke(Unknown Source)
	at java.base@11.0.19/jdk.internal.reflect.DelegatingMethodAccessorImpl.invoke(DelegatingMethodAccessorImpl.java:43)
	at java.base@11.0.19/java.lang.reflect.Method.invoke(Method.java:566)
	at app//org.junit.platform.commons.util.ReflectionUtils.invokeMethod(ReflectionUtils.java:727)
	at app//org.junit.jupiter.engine.execution.MethodInvocation.proceed(MethodInvocation.java:60)
	at app//org.junit.jupiter.engine.execution.InvocationInterceptorChain$ValidatingInvocation.proceed(InvocationInterceptorChain.java:131)
	at app//org.junit.jupiter.engine.extension.TimeoutExtension.intercept(TimeoutExtension.java:156)
	at app//org.junit.jupiter.engine.extension.TimeoutExtension.interceptTestableMethod(TimeoutExtension.java:147)
	at app//org.junit.jupiter.engine.extension.TimeoutExtension.interceptTestTemplateMethod(TimeoutExtension.java:94)
	at app//org.junit.jupiter.engine.execution.InterceptingExecutableInvoker$ReflectiveInterceptorCall.lambda$ofVoidMethod$0(InterceptingExecutableInvoker.java:103)
	at app//org.junit.jupiter.engine.execution.InterceptingExecutableInvoker.lambda$invoke$0(InterceptingExecutableInvoker.java:93)
	at app//org.junit.jupiter.engine.execution.InvocationInterceptorChain$InterceptedInvocation.proceed(InvocationInterceptorChain.java:106)
	at app//org.junit.jupiter.engine.execution.InvocationInterceptorChain.proceed(InvocationInterceptorChain.java:64)
	at app//org.junit.jupiter.engine.execution.InvocationInterceptorChain.chainAndInvoke(InvocationInterceptorChain.java:45)
	at app//org.junit.jupiter.engine.execution.InvocationInterceptorChain.invoke(InvocationInterceptorChain.java:37)
	at app//org.junit.jupiter.engine.execution.InterceptingExecutableInvoker.invoke(InterceptingExecutableInvoker.java:92)
	at app//org.junit.jupiter.engine.execution.InterceptingExecutableInvoker.invoke(InterceptingExecutableInvoker.java:86)
	at app//org.junit.jupiter.engine.descriptor.TestMethodTestDescriptor.lambda$invokeTestMethod$7(TestMethodTestDescriptor.java:217)
	at app//org.junit.platform.engine.support.hierarchical.ThrowableCollector.execute(ThrowableCollector.java:73)
	at app//org.junit.jupiter.engine.descriptor.TestMethodTestDescriptor.invokeTestMethod(TestMethodTestDescriptor.java:213)
	at app//org.junit.jupiter.engine.descriptor.TestMethodTestDescriptor.execute(TestMethodTestDescriptor.java:138)
	at app//org.junit.jupiter.engine.descriptor.TestMethodTestDescriptor.execute(TestMethodTestDescriptor.java:68)
	at app//org.junit.platform.engine.support.hierarchical.NodeTestTask.lambda$executeRecursively$6(NodeTestTask.java:151)
	at app//org.junit.platform.engine.support.hierarchical.ThrowableCollector.execute(ThrowableCollector.java:73)
	at app//org.junit.platform.engine.support.hierarchical.NodeTestTask.lambda$executeRecursively$8(NodeTestTask.java:141)
	at app//org.junit.platform.engine.support.hierarchical.Node.around(Node.java:137)
	at app//org.junit.platform.engine.support.hierarchical.NodeTestTask.lambda$executeRecursively$9(NodeTestTask.java:139)
	at app//org.junit.platform.engine.support.hierarchical.ThrowableCollector.execute(ThrowableCollector.java:73)
	at app//org.junit.platform.engine.support.hierarchical.NodeTestTask.executeRecursively(NodeTestTask.java:138)
	at app//org.junit.platform.engine.support.hierarchical.NodeTestTask.execute(NodeTestTask.java:95)
	at app//org.junit.platform.engine.support.hierarchical.SameThreadHierarchicalTestExecutorService.submit(SameThreadHierarchicalTestExecutorService.java:35)
	at app//org.junit.platform.engine.support.hierarchical.NodeTestTask$DefaultDynamicTestExecutor.execute(NodeTestTask.java:226)
	at app//org.junit.platform.engine.support.hierarchical.NodeTestTask$DefaultDynamicTestExecutor.execute(NodeTestTask.java:204)
	at app//org.junit.jupiter.engine.descriptor.TestTemplateTestDescriptor.execute(TestTemplateTestDescriptor.java:142)
	at app//org.junit.jupiter.engine.descriptor.TestTemplateTestDescriptor.lambda$execute$2(TestTemplateTestDescriptor.java:110)
	at java.base@11.0.19/java.util.stream.ForEachOps$ForEachOp$OfRef.accept(ForEachOps.java:183)
	at java.base@11.0.19/java.util.stream.ReferencePipeline$3$1.accept(ReferencePipeline.java:195)
	at java.base@11.0.19/java.util.stream.ReferencePipeline$2$1.accept(ReferencePipeline.java:177)
	at java.base@11.0.19/java.util.stream.ReferencePipeline$3$1.accept(ReferencePipeline.java:195)
	at java.base@11.0.19/java.util.stream.ForEachOps$ForEachOp$OfRef.accept(ForEachOps.java:183)
	at java.base@11.0.19/java.util.stream.ReferencePipeline$3$1.accept(ReferencePipeline.java:195)
	at java.base@11.0.19/java.util.stream.ReferencePipeline$3$1.accept(ReferencePipeline.java:195)
	at java.base@11.0.19/java.util.stream.ReferencePipeline$3$1.accept(ReferencePipeline.java:195)
	at java.base@11.0.19/java.util.stream.ForEachOps$ForEachOp$OfRef.accept(ForEachOps.java:183)
	at java.base@11.0.19/java.util.stream.ReferencePipeline$3$1.accept(ReferencePipeline.java:195)
	at java.base@11.0.19/java.util.ArrayList$ArrayListSpliterator.forEachRemaining(ArrayList.java:1655)
	at java.base@11.0.19/java.util.stream.ReferencePipeline$Head.forEach(ReferencePipeline.java:658)
	at java.base@11.0.19/java.util.stream.ReferencePipeline$7$1.accept(ReferencePipeline.java:274)
	at java.base@11.0.19/java.util.stream.ReferencePipeline$3$1.accept(ReferencePipeline.java:195)
	at java.base@11.0.19/java.util.stream.ReferencePipeline$3$1.accept(ReferencePipeline.java:195)
	at java.base@11.0.19/java.util.Spliterators$ArraySpliterator.forEachRemaining(Spliterators.java:948)
	at java.base@11.0.19/java.util.stream.AbstractPipeline.copyInto(AbstractPipeline.java:484)
	at java.base@11.0.19/java.util.stream.AbstractPipeline.wrapAndCopyInto(AbstractPipeline.java:474)
	at java.base@11.0.19/java.util.stream.ForEachOps$ForEachOp.evaluateSequential(ForEachOps.java:150)
	at java.base@11.0.19/java.util.stream.ForEachOps$ForEachOp$OfRef.evaluateSequential(ForEachOps.java:173)
	at java.base@11.0.19/java.util.stream.AbstractPipeline.evaluate(AbstractPipeline.java:234)
	at java.base@11.0.19/java.util.stream.ReferencePipeline.forEach(ReferencePipeline.java:497)
	at java.base@11.0.19/java.util.stream.ReferencePipeline$7$1.accept(ReferencePipeline.java:274)
	at java.base@11.0.19/java.util.stream.ReferencePipeline$3$1.accept(ReferencePipeline.java:195)
	at java.base@11.0.19/java.util.stream.ReferencePipeline$3$1.accept(ReferencePipeline.java:195)
	at java.base@11.0.19/java.util.stream.ReferencePipeline$3$1.accept(ReferencePipeline.java:195)
	at java.base@11.0.19/java.util.ArrayList$ArrayListSpliterator.forEachRemaining(ArrayList.java:1655)
	at java.base@11.0.19/java.util.stream.AbstractPipeline.copyInto(AbstractPipeline.java:484)
	at java.base@11.0.19/java.util.stream.AbstractPipeline.wrapAndCopyInto(AbstractPipeline.java:474)
	at java.base@11.0.19/java.util.stream.ForEachOps$ForEachOp.evaluateSequential(ForEachOps.java:150)
	at java.base@11.0.19/java.util.stream.ForEachOps$ForEachOp$OfRef.evaluateSequential(ForEachOps.java:173)
	at java.base@11.0.19/java.util.stream.AbstractPipeline.evaluate(AbstractPipeline.java:234)
	at java.base@11.0.19/java.util.stream.ReferencePipeline.forEach(ReferencePipeline.java:497)
	at java.base@11.0.19/java.util.stream.ReferencePipeline$7$1.accept(ReferencePipeline.java:274)
	at java.base@11.0.19/java.util.ArrayList$ArrayListSpliterator.forEachRemaining(ArrayList.java:1655)
	at java.base@11.0.19/java.util.stream.AbstractPipeline.copyInto(AbstractPipeline.java:484)
	at java.base@11.0.19/java.util.stream.AbstractPipeline.wrapAndCopyInto(AbstractPipeline.java:474)
	at java.base@11.0.19/java.util.stream.ForEachOps$ForEachOp.evaluateSequential(ForEachOps.java:150)
	at java.base@11.0.19/java.util.stream.ForEachOps$ForEachOp$OfRef.evaluateSequential(ForEachOps.java:173)
	at java.base@11.0.19/java.util.stream.AbstractPipeline.evaluate(AbstractPipeline.java:234)
	at java.base@11.0.19/java.util.stream.ReferencePipeline.forEach(ReferencePipeline.java:497)
	at app//org.junit.jupiter.engine.descriptor.TestTemplateTestDescriptor.execute(TestTemplateTestDescriptor.java:110)
	at app//org.junit.jupiter.engine.descriptor.TestTemplateTestDescriptor.execute(TestTemplateTestDescriptor.java:44)
	at app//org.junit.platform.engine.support.hierarchical.NodeTestTask.lambda$executeRecursively$6(NodeTestTask.java:151)
	at app//org.junit.platform.engine.support.hierarchical.ThrowableCollector.execute(ThrowableCollector.java:73)
	at app//org.junit.platform.engine.support.hierarchical.NodeTestTask.lambda$executeRecursively$8(NodeTestTask.java:141)
	at app//org.junit.platform.engine.support.hierarchical.Node.around(Node.java:137)
	at app//org.junit.platform.engine.support.hierarchical.NodeTestTask.lambda$executeRecursively$9(NodeTestTask.java:139)
	at app//org.junit.platform.engine.support.hierarchical.ThrowableCollector.execute(ThrowableCollector.java:73)
	at app//org.junit.platform.engine.support.hierarchical.NodeTestTask.executeRecursively(NodeTestTask.java:138)
	at app//org.junit.platform.engine.support.hierarchical.NodeTestTask.execute(NodeTestTask.java:95)
	at java.base@11.0.19/java.util.ArrayList.forEach(ArrayList.java:1541)
	at app//org.junit.platform.engine.support.hierarchical.SameThreadHierarchicalTestExecutorService.invokeAll(SameThreadHierarchicalTestExecutorService.java:41)
	at app//org.junit.platform.engine.support.hierarchical.NodeTestTask.lambda$executeRecursively$6(NodeTestTask.java:155)
	at app//org.junit.platform.engine.support.hierarchical.ThrowableCollector.execute(ThrowableCollector.java:73)
	at app//org.junit.platform.engine.support.hierarchical.NodeTestTask.lambda$executeRecursively$8(NodeTestTask.java:141)
	at app//org.junit.platform.engine.support.hierarchical.Node.around(Node.java:137)
	at app//org.junit.platform.engine.support.hierarchical.NodeTestTask.lambda$executeRecursively$9(NodeTestTask.java:139)
	at app//org.junit.platform.engine.support.hierarchical.ThrowableCollector.execute(ThrowableCollector.java:73)
	at app//org.junit.platform.engine.support.hierarchical.NodeTestTask.executeRecursively(NodeTestTask.java:138)
	at app//org.junit.platform.engine.support.hierarchical.NodeTestTask.execute(NodeTestTask.java:95)
	at java.base@11.0.19/java.util.ArrayList.forEach(ArrayList.java:1541)
	at app//org.junit.platform.engine.support.hierarchical.SameThreadHierarchicalTestExecutorService.invokeAll(SameThreadHierarchicalTestExecutorService.java:41)
	at app//org.junit.platform.engine.support.hierarchical.NodeTestTask.lambda$executeRecursively$6(NodeTestTask.java:155)
	at app//org.junit.platform.engine.support.hierarchical.ThrowableCollector.execute(ThrowableCollector.java:73)
	at app//org.junit.platform.engine.support.hierarchical.NodeTestTask.lambda$executeRecursively$8(NodeTestTask.java:141)
	at app//org.junit.platform.engine.support.hierarchical.Node.around(Node.java:137)
	at app//org.junit.platform.engine.support.hierarchical.NodeTestTask.lambda$executeRecursively$9(NodeTestTask.java:139)
	at app//org.junit.platform.engine.support.hierarchical.ThrowableCollector.execute(ThrowableCollector.java:73)
	at app//org.junit.platform.engine.support.hierarchical.NodeTestTask.executeRecursively(NodeTestTask.java:138)
	at app//org.junit.platform.engine.support.hierarchical.NodeTestTask.execute(NodeTestTask.java:95)
	at app//org.junit.platform.engine.support.hierarchical.SameThreadHierarchicalTestExecutorService.submit(SameThreadHierarchicalTestExecutorService.java:35)
	at app//org.junit.platform.engine.support.hierarchical.HierarchicalTestExecutor.execute(HierarchicalTestExecutor.java:57)
	at app//org.junit.platform.engine.support.hierarchical.HierarchicalTestEngine.execute(HierarchicalTestEngine.java:54)
	at app//org.junit.platform.launcher.core.EngineExecutionOrchestrator.execute(EngineExecutionOrchestrator.java:107)
	at app//org.junit.platform.launcher.core.EngineExecutionOrchestrator.execute(EngineExecutionOrchestrator.java:88)
	at app//org.junit.platform.launcher.core.EngineExecutionOrchestrator.lambda$execute$0(EngineExecutionOrchestrator.java:54)
	at app//org.junit.platform.launcher.core.EngineExecutionOrchestrator.withInterceptedStreams(EngineExecutionOrchestrator.java:67)
	at app//org.junit.platform.launcher.core.EngineExecutionOrchestrator.execute(EngineExecutionOrchestrator.java:52)
	at app//org.junit.platform.launcher.core.DefaultLauncher.execute(DefaultLauncher.java:114)
	at app//org.junit.platform.launcher.core.DefaultLauncher.execute(DefaultLauncher.java:86)
	at app//org.junit.platform.launcher.core.DefaultLauncherSession$DelegatingLauncher.execute(DefaultLauncherSession.java:86)
	at org.gradle.api.internal.tasks.testing.junitplatform.JUnitPlatformTestClassProcessor$CollectAllTestClassesExecutor.processAllTestClasses(JUnitPlatformTestClassProcessor.java:110)
	at org.gradle.api.internal.tasks.testing.junitplatform.JUnitPlatformTestClassProcessor$CollectAllTestClassesExecutor.access$000(JUnitPlatformTestClassProcessor.java:90)
	at org.gradle.api.internal.tasks.testing.junitplatform.JUnitPlatformTestClassProcessor.stop(JUnitPlatformTestClassProcessor.java:85)
	at org.gradle.api.internal.tasks.testing.SuiteTestClassProcessor.stop(SuiteTestClassProcessor.java:62)
	at java.base@11.0.19/jdk.internal.reflect.NativeMethodAccessorImpl.invoke0(Native Method)
	at java.base@11.0.19/jdk.internal.reflect.NativeMethodAccessorImpl.invoke(NativeMethodAccessorImpl.java:62)
	at java.base@11.0.19/jdk.internal.reflect.DelegatingMethodAccessorImpl.invoke(DelegatingMethodAccessorImpl.java:43)
	at java.base@11.0.19/java.lang.reflect.Method.invoke(Method.java:566)
	at org.gradle.internal.dispatch.ReflectionDispatch.dispatch(ReflectionDispatch.java:36)
	at org.gradle.internal.dispatch.ReflectionDispatch.dispatch(ReflectionDispatch.java:24)
	at org.gradle.internal.dispatch.ContextClassLoaderDispatch.dispatch(ContextClassLoaderDispatch.java:33)
	at org.gradle.internal.dispatch.ProxyDispatchAdapter$DispatchingInvocationHandler.invoke(ProxyDispatchAdapter.java:94)
	at com.sun.proxy.$Proxy5.stop(Unknown Source)
	at org.gradle.api.internal.tasks.testing.worker.TestWorker$3.run(TestWorker.java:193)
	at org.gradle.api.internal.tasks.testing.worker.TestWorker.executeAndMaintainThreadName(TestWorker.java:129)
	at org.gradle.api.internal.tasks.testing.worker.TestWorker.execute(TestWorker.java:100)
	at org.gradle.api.internal.tasks.testing.worker.TestWorker.execute(TestWorker.java:60)
	at org.gradle.process.internal.worker.child.ActionExecutionWorker.execute(ActionExecutionWorker.java:56)
	at org.gradle.process.internal.worker.child.SystemApplicationClassLoaderWorker.call(SystemApplicationClassLoaderWorker.java:113)
	at org.gradle.process.internal.worker.child.SystemApplicationClassLoaderWorker.call(SystemApplicationClassLoaderWorker.java:65)
	at app//worker.org.gradle.process.internal.worker.GradleWorkerMain.run(GradleWorkerMain.java:69)
	at app//worker.org.gradle.process.internal.worker.GradleWorkerMain.main(GradleWorkerMain.java:74)
Caused by: java.lang.AssertionError: A reference was unexpectedly null.
	at com.github.javaparser.utils.Utils.assertNotNull(Utils.java:60)
	at com.github.javaparser.ast.expr.AssignExpr.setValue(AssignExpr.java:186)
	at com.github.javaparser.ast.expr.AssignExpr.&lt;init&gt;(AssignExpr.java:127)
	at com.github.javaparser.ast.expr.AssignExpr.&lt;init&gt;(AssignExpr.java:117)
	at de.uka.ilkd.key.java.transformations.AstFactory.assign(AstFactory.java:106)
	at de.uka.ilkd.key.java.transformations.pipeline.PrepareObjectBuilder.defaultSettings(PrepareObjectBuilder.java:80)
	at de.uka.ilkd.key.java.transformations.pipeline.PrepareObjectBuilder.createPrepareBody(PrepareObjectBuilder.java:100)
	at de.uka.ilkd.key.java.transformations.pipeline.PrepareObjectBuilder.createMethod(PrepareObjectBuilder.java:119)
	at de.uka.ilkd.key.java.transformations.pipeline.PrepareObjectBuilder.apply(PrepareObjectBuilder.java:148)
	at de.uka.ilkd.key.java.transformations.KeYJavaPipeline.apply(KeYJavaPipeline.java:61)
	at de.uka.ilkd.key.java.transformations.KeYJavaPipeline.apply(KeYJavaPipeline.java:54)
	at de.uka.ilkd.key.java.JavaService.transformModel(JavaService.java:582)
	at de.uka.ilkd.key.java.JavaService.parseLibraryClasses0(JavaService.java:528)
	at de.uka.ilkd.key.java.JavaService.parseSpecialClasses(JavaService.java:511)
	at de.uka.ilkd.key.proof.init.ProblemInitializer.readJava(ProblemInitializer.java:280)
	at de.uka.ilkd.key.proof.init.ProblemInitializer.prepare(ProblemInitializer.java:529)
	at de.uka.ilkd.key.proof.init.ProblemInitializer.prepare(ProblemInitializer.java:471)
	at de.uka.ilkd.key.proof.io.AbstractProblemLoader.createInitConfig(AbstractProblemLoader.java:558)
	at de.uka.ilkd.key.proof.io.AbstractProblemLoader.loadEnvironment(AbstractProblemLoader.java:318)
	at de.uka.ilkd.key.proof.io.AbstractProblemLoader.load(AbstractProblemLoader.java:276)
	at de.uka.ilkd.key.proof.io.AbstractProblemLoader.load(AbstractProblemLoader.java:258)
	at de.uka.ilkd.key.control.AbstractUserInterfaceControl.load(AbstractUserInterfaceControl.java:212)
	... 145 more
</failure>
  </testcase>
  <testcase name="[20] memset.dl, &#13;&#10;    \forall Heap h; \forall LocSet s; \forall any x; \forall Object o; \forall Field f;&#13;&#10;      any::select(memset(h, s, x), o, f)&lt;&lt;Trigger&gt;&gt; =&#13;&#10;         \if(elementOf(o, f, s) &amp; f != java.lang.Object::&lt;created&gt;)&#13;&#10;         \then(x)&#13;&#10;         \else(any::select(h, o, f))&#13;&#10;" classname="de.uka.ilkd.key.smt.newsmt2.ProveSMTLemmasTest" time="0.176">
    <failure message="A reference was unexpectedly null. (file: C:\Users\RUNNER~1\AppData\Local\Temp\SMT_lemma_memset.dl_9715134455689639664.key; caused by: java.lang.AssertionError: A reference was unexpectedly null.)" type="de.uka.ilkd.key.proof.io.ProblemLoaderException">A reference was unexpectedly null. (file: C:\Users\RUNNER~1\AppData\Local\Temp\SMT_lemma_memset.dl_9715134455689639664.key; caused by: java.lang.AssertionError: A reference was unexpectedly null.)
	at app//de.uka.ilkd.key.control.AbstractUserInterfaceControl.load(AbstractUserInterfaceControl.java:225)
	at app//de.uka.ilkd.key.control.KeYEnvironment.load(KeYEnvironment.java:282)
	at app//de.uka.ilkd.key.control.KeYEnvironment.load(KeYEnvironment.java:251)
	at app//de.uka.ilkd.key.control.KeYEnvironment.load(KeYEnvironment.java:225)
	at app//de.uka.ilkd.key.control.KeYEnvironment.load(KeYEnvironment.java:185)
	at app//de.uka.ilkd.key.control.KeYEnvironment.load(KeYEnvironment.java:292)
	at app//de.uka.ilkd.key.smt.newsmt2.ProveSMTLemmasTest.testSMTLemmaSoundness(ProveSMTLemmasTest.java:72)
	at jdk.internal.reflect.GeneratedMethodAccessor17.invoke(Unknown Source)
	at java.base@11.0.19/jdk.internal.reflect.DelegatingMethodAccessorImpl.invoke(DelegatingMethodAccessorImpl.java:43)
	at java.base@11.0.19/java.lang.reflect.Method.invoke(Method.java:566)
	at app//org.junit.platform.commons.util.ReflectionUtils.invokeMethod(ReflectionUtils.java:727)
	at app//org.junit.jupiter.engine.execution.MethodInvocation.proceed(MethodInvocation.java:60)
	at app//org.junit.jupiter.engine.execution.InvocationInterceptorChain$ValidatingInvocation.proceed(InvocationInterceptorChain.java:131)
	at app//org.junit.jupiter.engine.extension.TimeoutExtension.intercept(TimeoutExtension.java:156)
	at app//org.junit.jupiter.engine.extension.TimeoutExtension.interceptTestableMethod(TimeoutExtension.java:147)
	at app//org.junit.jupiter.engine.extension.TimeoutExtension.interceptTestTemplateMethod(TimeoutExtension.java:94)
	at app//org.junit.jupiter.engine.execution.InterceptingExecutableInvoker$ReflectiveInterceptorCall.lambda$ofVoidMethod$0(InterceptingExecutableInvoker.java:103)
	at app//org.junit.jupiter.engine.execution.InterceptingExecutableInvoker.lambda$invoke$0(InterceptingExecutableInvoker.java:93)
	at app//org.junit.jupiter.engine.execution.InvocationInterceptorChain$InterceptedInvocation.proceed(InvocationInterceptorChain.java:106)
	at app//org.junit.jupiter.engine.execution.InvocationInterceptorChain.proceed(InvocationInterceptorChain.java:64)
	at app//org.junit.jupiter.engine.execution.InvocationInterceptorChain.chainAndInvoke(InvocationInterceptorChain.java:45)
	at app//org.junit.jupiter.engine.execution.InvocationInterceptorChain.invoke(InvocationInterceptorChain.java:37)
	at app//org.junit.jupiter.engine.execution.InterceptingExecutableInvoker.invoke(InterceptingExecutableInvoker.java:92)
	at app//org.junit.jupiter.engine.execution.InterceptingExecutableInvoker.invoke(InterceptingExecutableInvoker.java:86)
	at app//org.junit.jupiter.engine.descriptor.TestMethodTestDescriptor.lambda$invokeTestMethod$7(TestMethodTestDescriptor.java:217)
	at app//org.junit.platform.engine.support.hierarchical.ThrowableCollector.execute(ThrowableCollector.java:73)
	at app//org.junit.jupiter.engine.descriptor.TestMethodTestDescriptor.invokeTestMethod(TestMethodTestDescriptor.java:213)
	at app//org.junit.jupiter.engine.descriptor.TestMethodTestDescriptor.execute(TestMethodTestDescriptor.java:138)
	at app//org.junit.jupiter.engine.descriptor.TestMethodTestDescriptor.execute(TestMethodTestDescriptor.java:68)
	at app//org.junit.platform.engine.support.hierarchical.NodeTestTask.lambda$executeRecursively$6(NodeTestTask.java:151)
	at app//org.junit.platform.engine.support.hierarchical.ThrowableCollector.execute(ThrowableCollector.java:73)
	at app//org.junit.platform.engine.support.hierarchical.NodeTestTask.lambda$executeRecursively$8(NodeTestTask.java:141)
	at app//org.junit.platform.engine.support.hierarchical.Node.around(Node.java:137)
	at app//org.junit.platform.engine.support.hierarchical.NodeTestTask.lambda$executeRecursively$9(NodeTestTask.java:139)
	at app//org.junit.platform.engine.support.hierarchical.ThrowableCollector.execute(ThrowableCollector.java:73)
	at app//org.junit.platform.engine.support.hierarchical.NodeTestTask.executeRecursively(NodeTestTask.java:138)
	at app//org.junit.platform.engine.support.hierarchical.NodeTestTask.execute(NodeTestTask.java:95)
	at app//org.junit.platform.engine.support.hierarchical.SameThreadHierarchicalTestExecutorService.submit(SameThreadHierarchicalTestExecutorService.java:35)
	at app//org.junit.platform.engine.support.hierarchical.NodeTestTask$DefaultDynamicTestExecutor.execute(NodeTestTask.java:226)
	at app//org.junit.platform.engine.support.hierarchical.NodeTestTask$DefaultDynamicTestExecutor.execute(NodeTestTask.java:204)
	at app//org.junit.jupiter.engine.descriptor.TestTemplateTestDescriptor.execute(TestTemplateTestDescriptor.java:142)
	at app//org.junit.jupiter.engine.descriptor.TestTemplateTestDescriptor.lambda$execute$2(TestTemplateTestDescriptor.java:110)
	at java.base@11.0.19/java.util.stream.ForEachOps$ForEachOp$OfRef.accept(ForEachOps.java:183)
	at java.base@11.0.19/java.util.stream.ReferencePipeline$3$1.accept(ReferencePipeline.java:195)
	at java.base@11.0.19/java.util.stream.ReferencePipeline$2$1.accept(ReferencePipeline.java:177)
	at java.base@11.0.19/java.util.stream.ReferencePipeline$3$1.accept(ReferencePipeline.java:195)
	at java.base@11.0.19/java.util.stream.ForEachOps$ForEachOp$OfRef.accept(ForEachOps.java:183)
	at java.base@11.0.19/java.util.stream.ReferencePipeline$3$1.accept(ReferencePipeline.java:195)
	at java.base@11.0.19/java.util.stream.ReferencePipeline$3$1.accept(ReferencePipeline.java:195)
	at java.base@11.0.19/java.util.stream.ReferencePipeline$3$1.accept(ReferencePipeline.java:195)
	at java.base@11.0.19/java.util.stream.ForEachOps$ForEachOp$OfRef.accept(ForEachOps.java:183)
	at java.base@11.0.19/java.util.stream.ReferencePipeline$3$1.accept(ReferencePipeline.java:195)
	at java.base@11.0.19/java.util.ArrayList$ArrayListSpliterator.forEachRemaining(ArrayList.java:1655)
	at java.base@11.0.19/java.util.stream.ReferencePipeline$Head.forEach(ReferencePipeline.java:658)
	at java.base@11.0.19/java.util.stream.ReferencePipeline$7$1.accept(ReferencePipeline.java:274)
	at java.base@11.0.19/java.util.stream.ReferencePipeline$3$1.accept(ReferencePipeline.java:195)
	at java.base@11.0.19/java.util.stream.ReferencePipeline$3$1.accept(ReferencePipeline.java:195)
	at java.base@11.0.19/java.util.Spliterators$ArraySpliterator.forEachRemaining(Spliterators.java:948)
	at java.base@11.0.19/java.util.stream.AbstractPipeline.copyInto(AbstractPipeline.java:484)
	at java.base@11.0.19/java.util.stream.AbstractPipeline.wrapAndCopyInto(AbstractPipeline.java:474)
	at java.base@11.0.19/java.util.stream.ForEachOps$ForEachOp.evaluateSequential(ForEachOps.java:150)
	at java.base@11.0.19/java.util.stream.ForEachOps$ForEachOp$OfRef.evaluateSequential(ForEachOps.java:173)
	at java.base@11.0.19/java.util.stream.AbstractPipeline.evaluate(AbstractPipeline.java:234)
	at java.base@11.0.19/java.util.stream.ReferencePipeline.forEach(ReferencePipeline.java:497)
	at java.base@11.0.19/java.util.stream.ReferencePipeline$7$1.accept(ReferencePipeline.java:274)
	at java.base@11.0.19/java.util.stream.ReferencePipeline$3$1.accept(ReferencePipeline.java:195)
	at java.base@11.0.19/java.util.stream.ReferencePipeline$3$1.accept(ReferencePipeline.java:195)
	at java.base@11.0.19/java.util.stream.ReferencePipeline$3$1.accept(ReferencePipeline.java:195)
	at java.base@11.0.19/java.util.ArrayList$ArrayListSpliterator.forEachRemaining(ArrayList.java:1655)
	at java.base@11.0.19/java.util.stream.AbstractPipeline.copyInto(AbstractPipeline.java:484)
	at java.base@11.0.19/java.util.stream.AbstractPipeline.wrapAndCopyInto(AbstractPipeline.java:474)
	at java.base@11.0.19/java.util.stream.ForEachOps$ForEachOp.evaluateSequential(ForEachOps.java:150)
	at java.base@11.0.19/java.util.stream.ForEachOps$ForEachOp$OfRef.evaluateSequential(ForEachOps.java:173)
	at java.base@11.0.19/java.util.stream.AbstractPipeline.evaluate(AbstractPipeline.java:234)
	at java.base@11.0.19/java.util.stream.ReferencePipeline.forEach(ReferencePipeline.java:497)
	at java.base@11.0.19/java.util.stream.ReferencePipeline$7$1.accept(ReferencePipeline.java:274)
	at java.base@11.0.19/java.util.ArrayList$ArrayListSpliterator.forEachRemaining(ArrayList.java:1655)
	at java.base@11.0.19/java.util.stream.AbstractPipeline.copyInto(AbstractPipeline.java:484)
	at java.base@11.0.19/java.util.stream.AbstractPipeline.wrapAndCopyInto(AbstractPipeline.java:474)
	at java.base@11.0.19/java.util.stream.ForEachOps$ForEachOp.evaluateSequential(ForEachOps.java:150)
	at java.base@11.0.19/java.util.stream.ForEachOps$ForEachOp$OfRef.evaluateSequential(ForEachOps.java:173)
	at java.base@11.0.19/java.util.stream.AbstractPipeline.evaluate(AbstractPipeline.java:234)
	at java.base@11.0.19/java.util.stream.ReferencePipeline.forEach(ReferencePipeline.java:497)
	at app//org.junit.jupiter.engine.descriptor.TestTemplateTestDescriptor.execute(TestTemplateTestDescriptor.java:110)
	at app//org.junit.jupiter.engine.descriptor.TestTemplateTestDescriptor.execute(TestTemplateTestDescriptor.java:44)
	at app//org.junit.platform.engine.support.hierarchical.NodeTestTask.lambda$executeRecursively$6(NodeTestTask.java:151)
	at app//org.junit.platform.engine.support.hierarchical.ThrowableCollector.execute(ThrowableCollector.java:73)
	at app//org.junit.platform.engine.support.hierarchical.NodeTestTask.lambda$executeRecursively$8(NodeTestTask.java:141)
	at app//org.junit.platform.engine.support.hierarchical.Node.around(Node.java:137)
	at app//org.junit.platform.engine.support.hierarchical.NodeTestTask.lambda$executeRecursively$9(NodeTestTask.java:139)
	at app//org.junit.platform.engine.support.hierarchical.ThrowableCollector.execute(ThrowableCollector.java:73)
	at app//org.junit.platform.engine.support.hierarchical.NodeTestTask.executeRecursively(NodeTestTask.java:138)
	at app//org.junit.platform.engine.support.hierarchical.NodeTestTask.execute(NodeTestTask.java:95)
	at java.base@11.0.19/java.util.ArrayList.forEach(ArrayList.java:1541)
	at app//org.junit.platform.engine.support.hierarchical.SameThreadHierarchicalTestExecutorService.invokeAll(SameThreadHierarchicalTestExecutorService.java:41)
	at app//org.junit.platform.engine.support.hierarchical.NodeTestTask.lambda$executeRecursively$6(NodeTestTask.java:155)
	at app//org.junit.platform.engine.support.hierarchical.ThrowableCollector.execute(ThrowableCollector.java:73)
	at app//org.junit.platform.engine.support.hierarchical.NodeTestTask.lambda$executeRecursively$8(NodeTestTask.java:141)
	at app//org.junit.platform.engine.support.hierarchical.Node.around(Node.java:137)
	at app//org.junit.platform.engine.support.hierarchical.NodeTestTask.lambda$executeRecursively$9(NodeTestTask.java:139)
	at app//org.junit.platform.engine.support.hierarchical.ThrowableCollector.execute(ThrowableCollector.java:73)
	at app//org.junit.platform.engine.support.hierarchical.NodeTestTask.executeRecursively(NodeTestTask.java:138)
	at app//org.junit.platform.engine.support.hierarchical.NodeTestTask.execute(NodeTestTask.java:95)
	at java.base@11.0.19/java.util.ArrayList.forEach(ArrayList.java:1541)
	at app//org.junit.platform.engine.support.hierarchical.SameThreadHierarchicalTestExecutorService.invokeAll(SameThreadHierarchicalTestExecutorService.java:41)
	at app//org.junit.platform.engine.support.hierarchical.NodeTestTask.lambda$executeRecursively$6(NodeTestTask.java:155)
	at app//org.junit.platform.engine.support.hierarchical.ThrowableCollector.execute(ThrowableCollector.java:73)
	at app//org.junit.platform.engine.support.hierarchical.NodeTestTask.lambda$executeRecursively$8(NodeTestTask.java:141)
	at app//org.junit.platform.engine.support.hierarchical.Node.around(Node.java:137)
	at app//org.junit.platform.engine.support.hierarchical.NodeTestTask.lambda$executeRecursively$9(NodeTestTask.java:139)
	at app//org.junit.platform.engine.support.hierarchical.ThrowableCollector.execute(ThrowableCollector.java:73)
	at app//org.junit.platform.engine.support.hierarchical.NodeTestTask.executeRecursively(NodeTestTask.java:138)
	at app//org.junit.platform.engine.support.hierarchical.NodeTestTask.execute(NodeTestTask.java:95)
	at app//org.junit.platform.engine.support.hierarchical.SameThreadHierarchicalTestExecutorService.submit(SameThreadHierarchicalTestExecutorService.java:35)
	at app//org.junit.platform.engine.support.hierarchical.HierarchicalTestExecutor.execute(HierarchicalTestExecutor.java:57)
	at app//org.junit.platform.engine.support.hierarchical.HierarchicalTestEngine.execute(HierarchicalTestEngine.java:54)
	at app//org.junit.platform.launcher.core.EngineExecutionOrchestrator.execute(EngineExecutionOrchestrator.java:107)
	at app//org.junit.platform.launcher.core.EngineExecutionOrchestrator.execute(EngineExecutionOrchestrator.java:88)
	at app//org.junit.platform.launcher.core.EngineExecutionOrchestrator.lambda$execute$0(EngineExecutionOrchestrator.java:54)
	at app//org.junit.platform.launcher.core.EngineExecutionOrchestrator.withInterceptedStreams(EngineExecutionOrchestrator.java:67)
	at app//org.junit.platform.launcher.core.EngineExecutionOrchestrator.execute(EngineExecutionOrchestrator.java:52)
	at app//org.junit.platform.launcher.core.DefaultLauncher.execute(DefaultLauncher.java:114)
	at app//org.junit.platform.launcher.core.DefaultLauncher.execute(DefaultLauncher.java:86)
	at app//org.junit.platform.launcher.core.DefaultLauncherSession$DelegatingLauncher.execute(DefaultLauncherSession.java:86)
	at org.gradle.api.internal.tasks.testing.junitplatform.JUnitPlatformTestClassProcessor$CollectAllTestClassesExecutor.processAllTestClasses(JUnitPlatformTestClassProcessor.java:110)
	at org.gradle.api.internal.tasks.testing.junitplatform.JUnitPlatformTestClassProcessor$CollectAllTestClassesExecutor.access$000(JUnitPlatformTestClassProcessor.java:90)
	at org.gradle.api.internal.tasks.testing.junitplatform.JUnitPlatformTestClassProcessor.stop(JUnitPlatformTestClassProcessor.java:85)
	at org.gradle.api.internal.tasks.testing.SuiteTestClassProcessor.stop(SuiteTestClassProcessor.java:62)
	at java.base@11.0.19/jdk.internal.reflect.NativeMethodAccessorImpl.invoke0(Native Method)
	at java.base@11.0.19/jdk.internal.reflect.NativeMethodAccessorImpl.invoke(NativeMethodAccessorImpl.java:62)
	at java.base@11.0.19/jdk.internal.reflect.DelegatingMethodAccessorImpl.invoke(DelegatingMethodAccessorImpl.java:43)
	at java.base@11.0.19/java.lang.reflect.Method.invoke(Method.java:566)
	at org.gradle.internal.dispatch.ReflectionDispatch.dispatch(ReflectionDispatch.java:36)
	at org.gradle.internal.dispatch.ReflectionDispatch.dispatch(ReflectionDispatch.java:24)
	at org.gradle.internal.dispatch.ContextClassLoaderDispatch.dispatch(ContextClassLoaderDispatch.java:33)
	at org.gradle.internal.dispatch.ProxyDispatchAdapter$DispatchingInvocationHandler.invoke(ProxyDispatchAdapter.java:94)
	at com.sun.proxy.$Proxy5.stop(Unknown Source)
	at org.gradle.api.internal.tasks.testing.worker.TestWorker$3.run(TestWorker.java:193)
	at org.gradle.api.internal.tasks.testing.worker.TestWorker.executeAndMaintainThreadName(TestWorker.java:129)
	at org.gradle.api.internal.tasks.testing.worker.TestWorker.execute(TestWorker.java:100)
	at org.gradle.api.internal.tasks.testing.worker.TestWorker.execute(TestWorker.java:60)
	at org.gradle.process.internal.worker.child.ActionExecutionWorker.execute(ActionExecutionWorker.java:56)
	at org.gradle.process.internal.worker.child.SystemApplicationClassLoaderWorker.call(SystemApplicationClassLoaderWorker.java:113)
	at org.gradle.process.internal.worker.child.SystemApplicationClassLoaderWorker.call(SystemApplicationClassLoaderWorker.java:65)
	at app//worker.org.gradle.process.internal.worker.GradleWorkerMain.run(GradleWorkerMain.java:69)
	at app//worker.org.gradle.process.internal.worker.GradleWorkerMain.main(GradleWorkerMain.java:74)
Caused by: java.lang.AssertionError: A reference was unexpectedly null.
	at com.github.javaparser.utils.Utils.assertNotNull(Utils.java:60)
	at com.github.javaparser.ast.expr.AssignExpr.setValue(AssignExpr.java:186)
	at com.github.javaparser.ast.expr.AssignExpr.&lt;init&gt;(AssignExpr.java:127)
	at com.github.javaparser.ast.expr.AssignExpr.&lt;init&gt;(AssignExpr.java:117)
	at de.uka.ilkd.key.java.transformations.AstFactory.assign(AstFactory.java:106)
	at de.uka.ilkd.key.java.transformations.pipeline.PrepareObjectBuilder.defaultSettings(PrepareObjectBuilder.java:80)
	at de.uka.ilkd.key.java.transformations.pipeline.PrepareObjectBuilder.createPrepareBody(PrepareObjectBuilder.java:100)
	at de.uka.ilkd.key.java.transformations.pipeline.PrepareObjectBuilder.createMethod(PrepareObjectBuilder.java:119)
	at de.uka.ilkd.key.java.transformations.pipeline.PrepareObjectBuilder.apply(PrepareObjectBuilder.java:148)
	at de.uka.ilkd.key.java.transformations.KeYJavaPipeline.apply(KeYJavaPipeline.java:61)
	at de.uka.ilkd.key.java.transformations.KeYJavaPipeline.apply(KeYJavaPipeline.java:54)
	at de.uka.ilkd.key.java.JavaService.transformModel(JavaService.java:582)
	at de.uka.ilkd.key.java.JavaService.parseLibraryClasses0(JavaService.java:528)
	at de.uka.ilkd.key.java.JavaService.parseSpecialClasses(JavaService.java:511)
	at de.uka.ilkd.key.proof.init.ProblemInitializer.readJava(ProblemInitializer.java:280)
	at de.uka.ilkd.key.proof.init.ProblemInitializer.prepare(ProblemInitializer.java:529)
	at de.uka.ilkd.key.proof.init.ProblemInitializer.prepare(ProblemInitializer.java:471)
	at de.uka.ilkd.key.proof.io.AbstractProblemLoader.createInitConfig(AbstractProblemLoader.java:558)
	at de.uka.ilkd.key.proof.io.AbstractProblemLoader.loadEnvironment(AbstractProblemLoader.java:318)
	at de.uka.ilkd.key.proof.io.AbstractProblemLoader.load(AbstractProblemLoader.java:276)
	at de.uka.ilkd.key.proof.io.AbstractProblemLoader.load(AbstractProblemLoader.java:258)
	at de.uka.ilkd.key.control.AbstractUserInterfaceControl.load(AbstractUserInterfaceControl.java:212)
	... 145 more
</failure>
  </testcase>
  <testcase name="[21] store.dl, &#13;&#10;    \forall Heap h; \forall Object o; \forall Field f; \forall Object o2; \forall Field f2; \forall any v;&#13;&#10;      any::select(store(h,o,f,v), o2, f2)&lt;&lt;Trigger&gt;&gt; =&#13;&#10;         \if(o = o2 &amp; f = f2 &amp; f != java.lang.Object::&lt;created&gt;)&#13;&#10;         \then(v)&#13;&#10;         \else(any::select(h, o2, f2))&#13;&#10;" classname="de.uka.ilkd.key.smt.newsmt2.ProveSMTLemmasTest" time="0.185">
    <failure message="A reference was unexpectedly null. (file: C:\Users\RUNNER~1\AppData\Local\Temp\SMT_lemma_store.dl_629337771989876844.key; caused by: java.lang.AssertionError: A reference was unexpectedly null.)" type="de.uka.ilkd.key.proof.io.ProblemLoaderException">A reference was unexpectedly null. (file: C:\Users\RUNNER~1\AppData\Local\Temp\SMT_lemma_store.dl_629337771989876844.key; caused by: java.lang.AssertionError: A reference was unexpectedly null.)
	at app//de.uka.ilkd.key.control.AbstractUserInterfaceControl.load(AbstractUserInterfaceControl.java:225)
	at app//de.uka.ilkd.key.control.KeYEnvironment.load(KeYEnvironment.java:282)
	at app//de.uka.ilkd.key.control.KeYEnvironment.load(KeYEnvironment.java:251)
	at app//de.uka.ilkd.key.control.KeYEnvironment.load(KeYEnvironment.java:225)
	at app//de.uka.ilkd.key.control.KeYEnvironment.load(KeYEnvironment.java:185)
	at app//de.uka.ilkd.key.control.KeYEnvironment.load(KeYEnvironment.java:292)
	at app//de.uka.ilkd.key.smt.newsmt2.ProveSMTLemmasTest.testSMTLemmaSoundness(ProveSMTLemmasTest.java:72)
	at jdk.internal.reflect.GeneratedMethodAccessor17.invoke(Unknown Source)
	at java.base@11.0.19/jdk.internal.reflect.DelegatingMethodAccessorImpl.invoke(DelegatingMethodAccessorImpl.java:43)
	at java.base@11.0.19/java.lang.reflect.Method.invoke(Method.java:566)
	at app//org.junit.platform.commons.util.ReflectionUtils.invokeMethod(ReflectionUtils.java:727)
	at app//org.junit.jupiter.engine.execution.MethodInvocation.proceed(MethodInvocation.java:60)
	at app//org.junit.jupiter.engine.execution.InvocationInterceptorChain$ValidatingInvocation.proceed(InvocationInterceptorChain.java:131)
	at app//org.junit.jupiter.engine.extension.TimeoutExtension.intercept(TimeoutExtension.java:156)
	at app//org.junit.jupiter.engine.extension.TimeoutExtension.interceptTestableMethod(TimeoutExtension.java:147)
	at app//org.junit.jupiter.engine.extension.TimeoutExtension.interceptTestTemplateMethod(TimeoutExtension.java:94)
	at app//org.junit.jupiter.engine.execution.InterceptingExecutableInvoker$ReflectiveInterceptorCall.lambda$ofVoidMethod$0(InterceptingExecutableInvoker.java:103)
	at app//org.junit.jupiter.engine.execution.InterceptingExecutableInvoker.lambda$invoke$0(InterceptingExecutableInvoker.java:93)
	at app//org.junit.jupiter.engine.execution.InvocationInterceptorChain$InterceptedInvocation.proceed(InvocationInterceptorChain.java:106)
	at app//org.junit.jupiter.engine.execution.InvocationInterceptorChain.proceed(InvocationInterceptorChain.java:64)
	at app//org.junit.jupiter.engine.execution.InvocationInterceptorChain.chainAndInvoke(InvocationInterceptorChain.java:45)
	at app//org.junit.jupiter.engine.execution.InvocationInterceptorChain.invoke(InvocationInterceptorChain.java:37)
	at app//org.junit.jupiter.engine.execution.InterceptingExecutableInvoker.invoke(InterceptingExecutableInvoker.java:92)
	at app//org.junit.jupiter.engine.execution.InterceptingExecutableInvoker.invoke(InterceptingExecutableInvoker.java:86)
	at app//org.junit.jupiter.engine.descriptor.TestMethodTestDescriptor.lambda$invokeTestMethod$7(TestMethodTestDescriptor.java:217)
	at app//org.junit.platform.engine.support.hierarchical.ThrowableCollector.execute(ThrowableCollector.java:73)
	at app//org.junit.jupiter.engine.descriptor.TestMethodTestDescriptor.invokeTestMethod(TestMethodTestDescriptor.java:213)
	at app//org.junit.jupiter.engine.descriptor.TestMethodTestDescriptor.execute(TestMethodTestDescriptor.java:138)
	at app//org.junit.jupiter.engine.descriptor.TestMethodTestDescriptor.execute(TestMethodTestDescriptor.java:68)
	at app//org.junit.platform.engine.support.hierarchical.NodeTestTask.lambda$executeRecursively$6(NodeTestTask.java:151)
	at app//org.junit.platform.engine.support.hierarchical.ThrowableCollector.execute(ThrowableCollector.java:73)
	at app//org.junit.platform.engine.support.hierarchical.NodeTestTask.lambda$executeRecursively$8(NodeTestTask.java:141)
	at app//org.junit.platform.engine.support.hierarchical.Node.around(Node.java:137)
	at app//org.junit.platform.engine.support.hierarchical.NodeTestTask.lambda$executeRecursively$9(NodeTestTask.java:139)
	at app//org.junit.platform.engine.support.hierarchical.ThrowableCollector.execute(ThrowableCollector.java:73)
	at app//org.junit.platform.engine.support.hierarchical.NodeTestTask.executeRecursively(NodeTestTask.java:138)
	at app//org.junit.platform.engine.support.hierarchical.NodeTestTask.execute(NodeTestTask.java:95)
	at app//org.junit.platform.engine.support.hierarchical.SameThreadHierarchicalTestExecutorService.submit(SameThreadHierarchicalTestExecutorService.java:35)
	at app//org.junit.platform.engine.support.hierarchical.NodeTestTask$DefaultDynamicTestExecutor.execute(NodeTestTask.java:226)
	at app//org.junit.platform.engine.support.hierarchical.NodeTestTask$DefaultDynamicTestExecutor.execute(NodeTestTask.java:204)
	at app//org.junit.jupiter.engine.descriptor.TestTemplateTestDescriptor.execute(TestTemplateTestDescriptor.java:142)
	at app//org.junit.jupiter.engine.descriptor.TestTemplateTestDescriptor.lambda$execute$2(TestTemplateTestDescriptor.java:110)
	at java.base@11.0.19/java.util.stream.ForEachOps$ForEachOp$OfRef.accept(ForEachOps.java:183)
	at java.base@11.0.19/java.util.stream.ReferencePipeline$3$1.accept(ReferencePipeline.java:195)
	at java.base@11.0.19/java.util.stream.ReferencePipeline$2$1.accept(ReferencePipeline.java:177)
	at java.base@11.0.19/java.util.stream.ReferencePipeline$3$1.accept(ReferencePipeline.java:195)
	at java.base@11.0.19/java.util.stream.ForEachOps$ForEachOp$OfRef.accept(ForEachOps.java:183)
	at java.base@11.0.19/java.util.stream.ReferencePipeline$3$1.accept(ReferencePipeline.java:195)
	at java.base@11.0.19/java.util.stream.ReferencePipeline$3$1.accept(ReferencePipeline.java:195)
	at java.base@11.0.19/java.util.stream.ReferencePipeline$3$1.accept(ReferencePipeline.java:195)
	at java.base@11.0.19/java.util.stream.ForEachOps$ForEachOp$OfRef.accept(ForEachOps.java:183)
	at java.base@11.0.19/java.util.stream.ReferencePipeline$3$1.accept(ReferencePipeline.java:195)
	at java.base@11.0.19/java.util.ArrayList$ArrayListSpliterator.forEachRemaining(ArrayList.java:1655)
	at java.base@11.0.19/java.util.stream.ReferencePipeline$Head.forEach(ReferencePipeline.java:658)
	at java.base@11.0.19/java.util.stream.ReferencePipeline$7$1.accept(ReferencePipeline.java:274)
	at java.base@11.0.19/java.util.stream.ReferencePipeline$3$1.accept(ReferencePipeline.java:195)
	at java.base@11.0.19/java.util.stream.ReferencePipeline$3$1.accept(ReferencePipeline.java:195)
	at java.base@11.0.19/java.util.Spliterators$ArraySpliterator.forEachRemaining(Spliterators.java:948)
	at java.base@11.0.19/java.util.stream.AbstractPipeline.copyInto(AbstractPipeline.java:484)
	at java.base@11.0.19/java.util.stream.AbstractPipeline.wrapAndCopyInto(AbstractPipeline.java:474)
	at java.base@11.0.19/java.util.stream.ForEachOps$ForEachOp.evaluateSequential(ForEachOps.java:150)
	at java.base@11.0.19/java.util.stream.ForEachOps$ForEachOp$OfRef.evaluateSequential(ForEachOps.java:173)
	at java.base@11.0.19/java.util.stream.AbstractPipeline.evaluate(AbstractPipeline.java:234)
	at java.base@11.0.19/java.util.stream.ReferencePipeline.forEach(ReferencePipeline.java:497)
	at java.base@11.0.19/java.util.stream.ReferencePipeline$7$1.accept(ReferencePipeline.java:274)
	at java.base@11.0.19/java.util.stream.ReferencePipeline$3$1.accept(ReferencePipeline.java:195)
	at java.base@11.0.19/java.util.stream.ReferencePipeline$3$1.accept(ReferencePipeline.java:195)
	at java.base@11.0.19/java.util.stream.ReferencePipeline$3$1.accept(ReferencePipeline.java:195)
	at java.base@11.0.19/java.util.ArrayList$ArrayListSpliterator.forEachRemaining(ArrayList.java:1655)
	at java.base@11.0.19/java.util.stream.AbstractPipeline.copyInto(AbstractPipeline.java:484)
	at java.base@11.0.19/java.util.stream.AbstractPipeline.wrapAndCopyInto(AbstractPipeline.java:474)
	at java.base@11.0.19/java.util.stream.ForEachOps$ForEachOp.evaluateSequential(ForEachOps.java:150)
	at java.base@11.0.19/java.util.stream.ForEachOps$ForEachOp$OfRef.evaluateSequential(ForEachOps.java:173)
	at java.base@11.0.19/java.util.stream.AbstractPipeline.evaluate(AbstractPipeline.java:234)
	at java.base@11.0.19/java.util.stream.ReferencePipeline.forEach(ReferencePipeline.java:497)
	at java.base@11.0.19/java.util.stream.ReferencePipeline$7$1.accept(ReferencePipeline.java:274)
	at java.base@11.0.19/java.util.ArrayList$ArrayListSpliterator.forEachRemaining(ArrayList.java:1655)
	at java.base@11.0.19/java.util.stream.AbstractPipeline.copyInto(AbstractPipeline.java:484)
	at java.base@11.0.19/java.util.stream.AbstractPipeline.wrapAndCopyInto(AbstractPipeline.java:474)
	at java.base@11.0.19/java.util.stream.ForEachOps$ForEachOp.evaluateSequential(ForEachOps.java:150)
	at java.base@11.0.19/java.util.stream.ForEachOps$ForEachOp$OfRef.evaluateSequential(ForEachOps.java:173)
	at java.base@11.0.19/java.util.stream.AbstractPipeline.evaluate(AbstractPipeline.java:234)
	at java.base@11.0.19/java.util.stream.ReferencePipeline.forEach(ReferencePipeline.java:497)
	at app//org.junit.jupiter.engine.descriptor.TestTemplateTestDescriptor.execute(TestTemplateTestDescriptor.java:110)
	at app//org.junit.jupiter.engine.descriptor.TestTemplateTestDescriptor.execute(TestTemplateTestDescriptor.java:44)
	at app//org.junit.platform.engine.support.hierarchical.NodeTestTask.lambda$executeRecursively$6(NodeTestTask.java:151)
	at app//org.junit.platform.engine.support.hierarchical.ThrowableCollector.execute(ThrowableCollector.java:73)
	at app//org.junit.platform.engine.support.hierarchical.NodeTestTask.lambda$executeRecursively$8(NodeTestTask.java:141)
	at app//org.junit.platform.engine.support.hierarchical.Node.around(Node.java:137)
	at app//org.junit.platform.engine.support.hierarchical.NodeTestTask.lambda$executeRecursively$9(NodeTestTask.java:139)
	at app//org.junit.platform.engine.support.hierarchical.ThrowableCollector.execute(ThrowableCollector.java:73)
	at app//org.junit.platform.engine.support.hierarchical.NodeTestTask.executeRecursively(NodeTestTask.java:138)
	at app//org.junit.platform.engine.support.hierarchical.NodeTestTask.execute(NodeTestTask.java:95)
	at java.base@11.0.19/java.util.ArrayList.forEach(ArrayList.java:1541)
	at app//org.junit.platform.engine.support.hierarchical.SameThreadHierarchicalTestExecutorService.invokeAll(SameThreadHierarchicalTestExecutorService.java:41)
	at app//org.junit.platform.engine.support.hierarchical.NodeTestTask.lambda$executeRecursively$6(NodeTestTask.java:155)
	at app//org.junit.platform.engine.support.hierarchical.ThrowableCollector.execute(ThrowableCollector.java:73)
	at app//org.junit.platform.engine.support.hierarchical.NodeTestTask.lambda$executeRecursively$8(NodeTestTask.java:141)
	at app//org.junit.platform.engine.support.hierarchical.Node.around(Node.java:137)
	at app//org.junit.platform.engine.support.hierarchical.NodeTestTask.lambda$executeRecursively$9(NodeTestTask.java:139)
	at app//org.junit.platform.engine.support.hierarchical.ThrowableCollector.execute(ThrowableCollector.java:73)
	at app//org.junit.platform.engine.support.hierarchical.NodeTestTask.executeRecursively(NodeTestTask.java:138)
	at app//org.junit.platform.engine.support.hierarchical.NodeTestTask.execute(NodeTestTask.java:95)
	at java.base@11.0.19/java.util.ArrayList.forEach(ArrayList.java:1541)
	at app//org.junit.platform.engine.support.hierarchical.SameThreadHierarchicalTestExecutorService.invokeAll(SameThreadHierarchicalTestExecutorService.java:41)
	at app//org.junit.platform.engine.support.hierarchical.NodeTestTask.lambda$executeRecursively$6(NodeTestTask.java:155)
	at app//org.junit.platform.engine.support.hierarchical.ThrowableCollector.execute(ThrowableCollector.java:73)
	at app//org.junit.platform.engine.support.hierarchical.NodeTestTask.lambda$executeRecursively$8(NodeTestTask.java:141)
	at app//org.junit.platform.engine.support.hierarchical.Node.around(Node.java:137)
	at app//org.junit.platform.engine.support.hierarchical.NodeTestTask.lambda$executeRecursively$9(NodeTestTask.java:139)
	at app//org.junit.platform.engine.support.hierarchical.ThrowableCollector.execute(ThrowableCollector.java:73)
	at app//org.junit.platform.engine.support.hierarchical.NodeTestTask.executeRecursively(NodeTestTask.java:138)
	at app//org.junit.platform.engine.support.hierarchical.NodeTestTask.execute(NodeTestTask.java:95)
	at app//org.junit.platform.engine.support.hierarchical.SameThreadHierarchicalTestExecutorService.submit(SameThreadHierarchicalTestExecutorService.java:35)
	at app//org.junit.platform.engine.support.hierarchical.HierarchicalTestExecutor.execute(HierarchicalTestExecutor.java:57)
	at app//org.junit.platform.engine.support.hierarchical.HierarchicalTestEngine.execute(HierarchicalTestEngine.java:54)
	at app//org.junit.platform.launcher.core.EngineExecutionOrchestrator.execute(EngineExecutionOrchestrator.java:107)
	at app//org.junit.platform.launcher.core.EngineExecutionOrchestrator.execute(EngineExecutionOrchestrator.java:88)
	at app//org.junit.platform.launcher.core.EngineExecutionOrchestrator.lambda$execute$0(EngineExecutionOrchestrator.java:54)
	at app//org.junit.platform.launcher.core.EngineExecutionOrchestrator.withInterceptedStreams(EngineExecutionOrchestrator.java:67)
	at app//org.junit.platform.launcher.core.EngineExecutionOrchestrator.execute(EngineExecutionOrchestrator.java:52)
	at app//org.junit.platform.launcher.core.DefaultLauncher.execute(DefaultLauncher.java:114)
	at app//org.junit.platform.launcher.core.DefaultLauncher.execute(DefaultLauncher.java:86)
	at app//org.junit.platform.launcher.core.DefaultLauncherSession$DelegatingLauncher.execute(DefaultLauncherSession.java:86)
	at org.gradle.api.internal.tasks.testing.junitplatform.JUnitPlatformTestClassProcessor$CollectAllTestClassesExecutor.processAllTestClasses(JUnitPlatformTestClassProcessor.java:110)
	at org.gradle.api.internal.tasks.testing.junitplatform.JUnitPlatformTestClassProcessor$CollectAllTestClassesExecutor.access$000(JUnitPlatformTestClassProcessor.java:90)
	at org.gradle.api.internal.tasks.testing.junitplatform.JUnitPlatformTestClassProcessor.stop(JUnitPlatformTestClassProcessor.java:85)
	at org.gradle.api.internal.tasks.testing.SuiteTestClassProcessor.stop(SuiteTestClassProcessor.java:62)
	at java.base@11.0.19/jdk.internal.reflect.NativeMethodAccessorImpl.invoke0(Native Method)
	at java.base@11.0.19/jdk.internal.reflect.NativeMethodAccessorImpl.invoke(NativeMethodAccessorImpl.java:62)
	at java.base@11.0.19/jdk.internal.reflect.DelegatingMethodAccessorImpl.invoke(DelegatingMethodAccessorImpl.java:43)
	at java.base@11.0.19/java.lang.reflect.Method.invoke(Method.java:566)
	at org.gradle.internal.dispatch.ReflectionDispatch.dispatch(ReflectionDispatch.java:36)
	at org.gradle.internal.dispatch.ReflectionDispatch.dispatch(ReflectionDispatch.java:24)
	at org.gradle.internal.dispatch.ContextClassLoaderDispatch.dispatch(ContextClassLoaderDispatch.java:33)
	at org.gradle.internal.dispatch.ProxyDispatchAdapter$DispatchingInvocationHandler.invoke(ProxyDispatchAdapter.java:94)
	at com.sun.proxy.$Proxy5.stop(Unknown Source)
	at org.gradle.api.internal.tasks.testing.worker.TestWorker$3.run(TestWorker.java:193)
	at org.gradle.api.internal.tasks.testing.worker.TestWorker.executeAndMaintainThreadName(TestWorker.java:129)
	at org.gradle.api.internal.tasks.testing.worker.TestWorker.execute(TestWorker.java:100)
	at org.gradle.api.internal.tasks.testing.worker.TestWorker.execute(TestWorker.java:60)
	at org.gradle.process.internal.worker.child.ActionExecutionWorker.execute(ActionExecutionWorker.java:56)
	at org.gradle.process.internal.worker.child.SystemApplicationClassLoaderWorker.call(SystemApplicationClassLoaderWorker.java:113)
	at org.gradle.process.internal.worker.child.SystemApplicationClassLoaderWorker.call(SystemApplicationClassLoaderWorker.java:65)
	at app//worker.org.gradle.process.internal.worker.GradleWorkerMain.run(GradleWorkerMain.java:69)
	at app//worker.org.gradle.process.internal.worker.GradleWorkerMain.main(GradleWorkerMain.java:74)
Caused by: java.lang.AssertionError: A reference was unexpectedly null.
	at com.github.javaparser.utils.Utils.assertNotNull(Utils.java:60)
	at com.github.javaparser.ast.expr.AssignExpr.setValue(AssignExpr.java:186)
	at com.github.javaparser.ast.expr.AssignExpr.&lt;init&gt;(AssignExpr.java:127)
	at com.github.javaparser.ast.expr.AssignExpr.&lt;init&gt;(AssignExpr.java:117)
	at de.uka.ilkd.key.java.transformations.AstFactory.assign(AstFactory.java:106)
	at de.uka.ilkd.key.java.transformations.pipeline.PrepareObjectBuilder.defaultSettings(PrepareObjectBuilder.java:80)
	at de.uka.ilkd.key.java.transformations.pipeline.PrepareObjectBuilder.createPrepareBody(PrepareObjectBuilder.java:100)
	at de.uka.ilkd.key.java.transformations.pipeline.PrepareObjectBuilder.createMethod(PrepareObjectBuilder.java:119)
	at de.uka.ilkd.key.java.transformations.pipeline.PrepareObjectBuilder.apply(PrepareObjectBuilder.java:148)
	at de.uka.ilkd.key.java.transformations.KeYJavaPipeline.apply(KeYJavaPipeline.java:61)
	at de.uka.ilkd.key.java.transformations.KeYJavaPipeline.apply(KeYJavaPipeline.java:54)
	at de.uka.ilkd.key.java.JavaService.transformModel(JavaService.java:582)
	at de.uka.ilkd.key.java.JavaService.parseLibraryClasses0(JavaService.java:528)
	at de.uka.ilkd.key.java.JavaService.parseSpecialClasses(JavaService.java:511)
	at de.uka.ilkd.key.proof.init.ProblemInitializer.readJava(ProblemInitializer.java:280)
	at de.uka.ilkd.key.proof.init.ProblemInitializer.prepare(ProblemInitializer.java:529)
	at de.uka.ilkd.key.proof.init.ProblemInitializer.prepare(ProblemInitializer.java:471)
	at de.uka.ilkd.key.proof.io.AbstractProblemLoader.createInitConfig(AbstractProblemLoader.java:558)
	at de.uka.ilkd.key.proof.io.AbstractProblemLoader.loadEnvironment(AbstractProblemLoader.java:318)
	at de.uka.ilkd.key.proof.io.AbstractProblemLoader.load(AbstractProblemLoader.java:276)
	at de.uka.ilkd.key.proof.io.AbstractProblemLoader.load(AbstractProblemLoader.java:258)
	at de.uka.ilkd.key.control.AbstractUserInterfaceControl.load(AbstractUserInterfaceControl.java:212)
	... 145 more
</failure>
  </testcase>
  <testcase name="[22] seqSub.dl.2, &#13;&#10;    \forall Seq seq;&#13;&#10;    \forall int from;&#13;&#10;    \forall int to;&#13;&#10;        seqLen(seqSub(seq, from, to)&lt;&lt;Trigger&gt;&gt;)&#13;&#10;      = \if(from &lt; to)\then(to - from)\else(0)&#13;&#10;" classname="de.uka.ilkd.key.smt.newsmt2.ProveSMTLemmasTest" time="0.163">
    <failure message="A reference was unexpectedly null. (file: C:\Users\RUNNER~1\AppData\Local\Temp\SMT_lemma_seqSub.dl.2_14875707365291244186.key; caused by: java.lang.AssertionError: A reference was unexpectedly null.)" type="de.uka.ilkd.key.proof.io.ProblemLoaderException">A reference was unexpectedly null. (file: C:\Users\RUNNER~1\AppData\Local\Temp\SMT_lemma_seqSub.dl.2_14875707365291244186.key; caused by: java.lang.AssertionError: A reference was unexpectedly null.)
	at app//de.uka.ilkd.key.control.AbstractUserInterfaceControl.load(AbstractUserInterfaceControl.java:225)
	at app//de.uka.ilkd.key.control.KeYEnvironment.load(KeYEnvironment.java:282)
	at app//de.uka.ilkd.key.control.KeYEnvironment.load(KeYEnvironment.java:251)
	at app//de.uka.ilkd.key.control.KeYEnvironment.load(KeYEnvironment.java:225)
	at app//de.uka.ilkd.key.control.KeYEnvironment.load(KeYEnvironment.java:185)
	at app//de.uka.ilkd.key.control.KeYEnvironment.load(KeYEnvironment.java:292)
	at app//de.uka.ilkd.key.smt.newsmt2.ProveSMTLemmasTest.testSMTLemmaSoundness(ProveSMTLemmasTest.java:72)
	at jdk.internal.reflect.GeneratedMethodAccessor17.invoke(Unknown Source)
	at java.base@11.0.19/jdk.internal.reflect.DelegatingMethodAccessorImpl.invoke(DelegatingMethodAccessorImpl.java:43)
	at java.base@11.0.19/java.lang.reflect.Method.invoke(Method.java:566)
	at app//org.junit.platform.commons.util.ReflectionUtils.invokeMethod(ReflectionUtils.java:727)
	at app//org.junit.jupiter.engine.execution.MethodInvocation.proceed(MethodInvocation.java:60)
	at app//org.junit.jupiter.engine.execution.InvocationInterceptorChain$ValidatingInvocation.proceed(InvocationInterceptorChain.java:131)
	at app//org.junit.jupiter.engine.extension.TimeoutExtension.intercept(TimeoutExtension.java:156)
	at app//org.junit.jupiter.engine.extension.TimeoutExtension.interceptTestableMethod(TimeoutExtension.java:147)
	at app//org.junit.jupiter.engine.extension.TimeoutExtension.interceptTestTemplateMethod(TimeoutExtension.java:94)
	at app//org.junit.jupiter.engine.execution.InterceptingExecutableInvoker$ReflectiveInterceptorCall.lambda$ofVoidMethod$0(InterceptingExecutableInvoker.java:103)
	at app//org.junit.jupiter.engine.execution.InterceptingExecutableInvoker.lambda$invoke$0(InterceptingExecutableInvoker.java:93)
	at app//org.junit.jupiter.engine.execution.InvocationInterceptorChain$InterceptedInvocation.proceed(InvocationInterceptorChain.java:106)
	at app//org.junit.jupiter.engine.execution.InvocationInterceptorChain.proceed(InvocationInterceptorChain.java:64)
	at app//org.junit.jupiter.engine.execution.InvocationInterceptorChain.chainAndInvoke(InvocationInterceptorChain.java:45)
	at app//org.junit.jupiter.engine.execution.InvocationInterceptorChain.invoke(InvocationInterceptorChain.java:37)
	at app//org.junit.jupiter.engine.execution.InterceptingExecutableInvoker.invoke(InterceptingExecutableInvoker.java:92)
	at app//org.junit.jupiter.engine.execution.InterceptingExecutableInvoker.invoke(InterceptingExecutableInvoker.java:86)
	at app//org.junit.jupiter.engine.descriptor.TestMethodTestDescriptor.lambda$invokeTestMethod$7(TestMethodTestDescriptor.java:217)
	at app//org.junit.platform.engine.support.hierarchical.ThrowableCollector.execute(ThrowableCollector.java:73)
	at app//org.junit.jupiter.engine.descriptor.TestMethodTestDescriptor.invokeTestMethod(TestMethodTestDescriptor.java:213)
	at app//org.junit.jupiter.engine.descriptor.TestMethodTestDescriptor.execute(TestMethodTestDescriptor.java:138)
	at app//org.junit.jupiter.engine.descriptor.TestMethodTestDescriptor.execute(TestMethodTestDescriptor.java:68)
	at app//org.junit.platform.engine.support.hierarchical.NodeTestTask.lambda$executeRecursively$6(NodeTestTask.java:151)
	at app//org.junit.platform.engine.support.hierarchical.ThrowableCollector.execute(ThrowableCollector.java:73)
	at app//org.junit.platform.engine.support.hierarchical.NodeTestTask.lambda$executeRecursively$8(NodeTestTask.java:141)
	at app//org.junit.platform.engine.support.hierarchical.Node.around(Node.java:137)
	at app//org.junit.platform.engine.support.hierarchical.NodeTestTask.lambda$executeRecursively$9(NodeTestTask.java:139)
	at app//org.junit.platform.engine.support.hierarchical.ThrowableCollector.execute(ThrowableCollector.java:73)
	at app//org.junit.platform.engine.support.hierarchical.NodeTestTask.executeRecursively(NodeTestTask.java:138)
	at app//org.junit.platform.engine.support.hierarchical.NodeTestTask.execute(NodeTestTask.java:95)
	at app//org.junit.platform.engine.support.hierarchical.SameThreadHierarchicalTestExecutorService.submit(SameThreadHierarchicalTestExecutorService.java:35)
	at app//org.junit.platform.engine.support.hierarchical.NodeTestTask$DefaultDynamicTestExecutor.execute(NodeTestTask.java:226)
	at app//org.junit.platform.engine.support.hierarchical.NodeTestTask$DefaultDynamicTestExecutor.execute(NodeTestTask.java:204)
	at app//org.junit.jupiter.engine.descriptor.TestTemplateTestDescriptor.execute(TestTemplateTestDescriptor.java:142)
	at app//org.junit.jupiter.engine.descriptor.TestTemplateTestDescriptor.lambda$execute$2(TestTemplateTestDescriptor.java:110)
	at java.base@11.0.19/java.util.stream.ForEachOps$ForEachOp$OfRef.accept(ForEachOps.java:183)
	at java.base@11.0.19/java.util.stream.ReferencePipeline$3$1.accept(ReferencePipeline.java:195)
	at java.base@11.0.19/java.util.stream.ReferencePipeline$2$1.accept(ReferencePipeline.java:177)
	at java.base@11.0.19/java.util.stream.ReferencePipeline$3$1.accept(ReferencePipeline.java:195)
	at java.base@11.0.19/java.util.stream.ForEachOps$ForEachOp$OfRef.accept(ForEachOps.java:183)
	at java.base@11.0.19/java.util.stream.ReferencePipeline$3$1.accept(ReferencePipeline.java:195)
	at java.base@11.0.19/java.util.stream.ReferencePipeline$3$1.accept(ReferencePipeline.java:195)
	at java.base@11.0.19/java.util.stream.ReferencePipeline$3$1.accept(ReferencePipeline.java:195)
	at java.base@11.0.19/java.util.stream.ForEachOps$ForEachOp$OfRef.accept(ForEachOps.java:183)
	at java.base@11.0.19/java.util.stream.ReferencePipeline$3$1.accept(ReferencePipeline.java:195)
	at java.base@11.0.19/java.util.ArrayList$ArrayListSpliterator.forEachRemaining(ArrayList.java:1655)
	at java.base@11.0.19/java.util.stream.ReferencePipeline$Head.forEach(ReferencePipeline.java:658)
	at java.base@11.0.19/java.util.stream.ReferencePipeline$7$1.accept(ReferencePipeline.java:274)
	at java.base@11.0.19/java.util.stream.ReferencePipeline$3$1.accept(ReferencePipeline.java:195)
	at java.base@11.0.19/java.util.stream.ReferencePipeline$3$1.accept(ReferencePipeline.java:195)
	at java.base@11.0.19/java.util.Spliterators$ArraySpliterator.forEachRemaining(Spliterators.java:948)
	at java.base@11.0.19/java.util.stream.AbstractPipeline.copyInto(AbstractPipeline.java:484)
	at java.base@11.0.19/java.util.stream.AbstractPipeline.wrapAndCopyInto(AbstractPipeline.java:474)
	at java.base@11.0.19/java.util.stream.ForEachOps$ForEachOp.evaluateSequential(ForEachOps.java:150)
	at java.base@11.0.19/java.util.stream.ForEachOps$ForEachOp$OfRef.evaluateSequential(ForEachOps.java:173)
	at java.base@11.0.19/java.util.stream.AbstractPipeline.evaluate(AbstractPipeline.java:234)
	at java.base@11.0.19/java.util.stream.ReferencePipeline.forEach(ReferencePipeline.java:497)
	at java.base@11.0.19/java.util.stream.ReferencePipeline$7$1.accept(ReferencePipeline.java:274)
	at java.base@11.0.19/java.util.stream.ReferencePipeline$3$1.accept(ReferencePipeline.java:195)
	at java.base@11.0.19/java.util.stream.ReferencePipeline$3$1.accept(ReferencePipeline.java:195)
	at java.base@11.0.19/java.util.stream.ReferencePipeline$3$1.accept(ReferencePipeline.java:195)
	at java.base@11.0.19/java.util.ArrayList$ArrayListSpliterator.forEachRemaining(ArrayList.java:1655)
	at java.base@11.0.19/java.util.stream.AbstractPipeline.copyInto(AbstractPipeline.java:484)
	at java.base@11.0.19/java.util.stream.AbstractPipeline.wrapAndCopyInto(AbstractPipeline.java:474)
	at java.base@11.0.19/java.util.stream.ForEachOps$ForEachOp.evaluateSequential(ForEachOps.java:150)
	at java.base@11.0.19/java.util.stream.ForEachOps$ForEachOp$OfRef.evaluateSequential(ForEachOps.java:173)
	at java.base@11.0.19/java.util.stream.AbstractPipeline.evaluate(AbstractPipeline.java:234)
	at java.base@11.0.19/java.util.stream.ReferencePipeline.forEach(ReferencePipeline.java:497)
	at java.base@11.0.19/java.util.stream.ReferencePipeline$7$1.accept(ReferencePipeline.java:274)
	at java.base@11.0.19/java.util.ArrayList$ArrayListSpliterator.forEachRemaining(ArrayList.java:1655)
	at java.base@11.0.19/java.util.stream.AbstractPipeline.copyInto(AbstractPipeline.java:484)
	at java.base@11.0.19/java.util.stream.AbstractPipeline.wrapAndCopyInto(AbstractPipeline.java:474)
	at java.base@11.0.19/java.util.stream.ForEachOps$ForEachOp.evaluateSequential(ForEachOps.java:150)
	at java.base@11.0.19/java.util.stream.ForEachOps$ForEachOp$OfRef.evaluateSequential(ForEachOps.java:173)
	at java.base@11.0.19/java.util.stream.AbstractPipeline.evaluate(AbstractPipeline.java:234)
	at java.base@11.0.19/java.util.stream.ReferencePipeline.forEach(ReferencePipeline.java:497)
	at app//org.junit.jupiter.engine.descriptor.TestTemplateTestDescriptor.execute(TestTemplateTestDescriptor.java:110)
	at app//org.junit.jupiter.engine.descriptor.TestTemplateTestDescriptor.execute(TestTemplateTestDescriptor.java:44)
	at app//org.junit.platform.engine.support.hierarchical.NodeTestTask.lambda$executeRecursively$6(NodeTestTask.java:151)
	at app//org.junit.platform.engine.support.hierarchical.ThrowableCollector.execute(ThrowableCollector.java:73)
	at app//org.junit.platform.engine.support.hierarchical.NodeTestTask.lambda$executeRecursively$8(NodeTestTask.java:141)
	at app//org.junit.platform.engine.support.hierarchical.Node.around(Node.java:137)
	at app//org.junit.platform.engine.support.hierarchical.NodeTestTask.lambda$executeRecursively$9(NodeTestTask.java:139)
	at app//org.junit.platform.engine.support.hierarchical.ThrowableCollector.execute(ThrowableCollector.java:73)
	at app//org.junit.platform.engine.support.hierarchical.NodeTestTask.executeRecursively(NodeTestTask.java:138)
	at app//org.junit.platform.engine.support.hierarchical.NodeTestTask.execute(NodeTestTask.java:95)
	at java.base@11.0.19/java.util.ArrayList.forEach(ArrayList.java:1541)
	at app//org.junit.platform.engine.support.hierarchical.SameThreadHierarchicalTestExecutorService.invokeAll(SameThreadHierarchicalTestExecutorService.java:41)
	at app//org.junit.platform.engine.support.hierarchical.NodeTestTask.lambda$executeRecursively$6(NodeTestTask.java:155)
	at app//org.junit.platform.engine.support.hierarchical.ThrowableCollector.execute(ThrowableCollector.java:73)
	at app//org.junit.platform.engine.support.hierarchical.NodeTestTask.lambda$executeRecursively$8(NodeTestTask.java:141)
	at app//org.junit.platform.engine.support.hierarchical.Node.around(Node.java:137)
	at app//org.junit.platform.engine.support.hierarchical.NodeTestTask.lambda$executeRecursively$9(NodeTestTask.java:139)
	at app//org.junit.platform.engine.support.hierarchical.ThrowableCollector.execute(ThrowableCollector.java:73)
	at app//org.junit.platform.engine.support.hierarchical.NodeTestTask.executeRecursively(NodeTestTask.java:138)
	at app//org.junit.platform.engine.support.hierarchical.NodeTestTask.execute(NodeTestTask.java:95)
	at java.base@11.0.19/java.util.ArrayList.forEach(ArrayList.java:1541)
	at app//org.junit.platform.engine.support.hierarchical.SameThreadHierarchicalTestExecutorService.invokeAll(SameThreadHierarchicalTestExecutorService.java:41)
	at app//org.junit.platform.engine.support.hierarchical.NodeTestTask.lambda$executeRecursively$6(NodeTestTask.java:155)
	at app//org.junit.platform.engine.support.hierarchical.ThrowableCollector.execute(ThrowableCollector.java:73)
	at app//org.junit.platform.engine.support.hierarchical.NodeTestTask.lambda$executeRecursively$8(NodeTestTask.java:141)
	at app//org.junit.platform.engine.support.hierarchical.Node.around(Node.java:137)
	at app//org.junit.platform.engine.support.hierarchical.NodeTestTask.lambda$executeRecursively$9(NodeTestTask.java:139)
	at app//org.junit.platform.engine.support.hierarchical.ThrowableCollector.execute(ThrowableCollector.java:73)
	at app//org.junit.platform.engine.support.hierarchical.NodeTestTask.executeRecursively(NodeTestTask.java:138)
	at app//org.junit.platform.engine.support.hierarchical.NodeTestTask.execute(NodeTestTask.java:95)
	at app//org.junit.platform.engine.support.hierarchical.SameThreadHierarchicalTestExecutorService.submit(SameThreadHierarchicalTestExecutorService.java:35)
	at app//org.junit.platform.engine.support.hierarchical.HierarchicalTestExecutor.execute(HierarchicalTestExecutor.java:57)
	at app//org.junit.platform.engine.support.hierarchical.HierarchicalTestEngine.execute(HierarchicalTestEngine.java:54)
	at app//org.junit.platform.launcher.core.EngineExecutionOrchestrator.execute(EngineExecutionOrchestrator.java:107)
	at app//org.junit.platform.launcher.core.EngineExecutionOrchestrator.execute(EngineExecutionOrchestrator.java:88)
	at app//org.junit.platform.launcher.core.EngineExecutionOrchestrator.lambda$execute$0(EngineExecutionOrchestrator.java:54)
	at app//org.junit.platform.launcher.core.EngineExecutionOrchestrator.withInterceptedStreams(EngineExecutionOrchestrator.java:67)
	at app//org.junit.platform.launcher.core.EngineExecutionOrchestrator.execute(EngineExecutionOrchestrator.java:52)
	at app//org.junit.platform.launcher.core.DefaultLauncher.execute(DefaultLauncher.java:114)
	at app//org.junit.platform.launcher.core.DefaultLauncher.execute(DefaultLauncher.java:86)
	at app//org.junit.platform.launcher.core.DefaultLauncherSession$DelegatingLauncher.execute(DefaultLauncherSession.java:86)
	at org.gradle.api.internal.tasks.testing.junitplatform.JUnitPlatformTestClassProcessor$CollectAllTestClassesExecutor.processAllTestClasses(JUnitPlatformTestClassProcessor.java:110)
	at org.gradle.api.internal.tasks.testing.junitplatform.JUnitPlatformTestClassProcessor$CollectAllTestClassesExecutor.access$000(JUnitPlatformTestClassProcessor.java:90)
	at org.gradle.api.internal.tasks.testing.junitplatform.JUnitPlatformTestClassProcessor.stop(JUnitPlatformTestClassProcessor.java:85)
	at org.gradle.api.internal.tasks.testing.SuiteTestClassProcessor.stop(SuiteTestClassProcessor.java:62)
	at java.base@11.0.19/jdk.internal.reflect.NativeMethodAccessorImpl.invoke0(Native Method)
	at java.base@11.0.19/jdk.internal.reflect.NativeMethodAccessorImpl.invoke(NativeMethodAccessorImpl.java:62)
	at java.base@11.0.19/jdk.internal.reflect.DelegatingMethodAccessorImpl.invoke(DelegatingMethodAccessorImpl.java:43)
	at java.base@11.0.19/java.lang.reflect.Method.invoke(Method.java:566)
	at org.gradle.internal.dispatch.ReflectionDispatch.dispatch(ReflectionDispatch.java:36)
	at org.gradle.internal.dispatch.ReflectionDispatch.dispatch(ReflectionDispatch.java:24)
	at org.gradle.internal.dispatch.ContextClassLoaderDispatch.dispatch(ContextClassLoaderDispatch.java:33)
	at org.gradle.internal.dispatch.ProxyDispatchAdapter$DispatchingInvocationHandler.invoke(ProxyDispatchAdapter.java:94)
	at com.sun.proxy.$Proxy5.stop(Unknown Source)
	at org.gradle.api.internal.tasks.testing.worker.TestWorker$3.run(TestWorker.java:193)
	at org.gradle.api.internal.tasks.testing.worker.TestWorker.executeAndMaintainThreadName(TestWorker.java:129)
	at org.gradle.api.internal.tasks.testing.worker.TestWorker.execute(TestWorker.java:100)
	at org.gradle.api.internal.tasks.testing.worker.TestWorker.execute(TestWorker.java:60)
	at org.gradle.process.internal.worker.child.ActionExecutionWorker.execute(ActionExecutionWorker.java:56)
	at org.gradle.process.internal.worker.child.SystemApplicationClassLoaderWorker.call(SystemApplicationClassLoaderWorker.java:113)
	at org.gradle.process.internal.worker.child.SystemApplicationClassLoaderWorker.call(SystemApplicationClassLoaderWorker.java:65)
	at app//worker.org.gradle.process.internal.worker.GradleWorkerMain.run(GradleWorkerMain.java:69)
	at app//worker.org.gradle.process.internal.worker.GradleWorkerMain.main(GradleWorkerMain.java:74)
Caused by: java.lang.AssertionError: A reference was unexpectedly null.
	at com.github.javaparser.utils.Utils.assertNotNull(Utils.java:60)
	at com.github.javaparser.ast.expr.AssignExpr.setValue(AssignExpr.java:186)
	at com.github.javaparser.ast.expr.AssignExpr.&lt;init&gt;(AssignExpr.java:127)
	at com.github.javaparser.ast.expr.AssignExpr.&lt;init&gt;(AssignExpr.java:117)
	at de.uka.ilkd.key.java.transformations.AstFactory.assign(AstFactory.java:106)
	at de.uka.ilkd.key.java.transformations.pipeline.PrepareObjectBuilder.defaultSettings(PrepareObjectBuilder.java:80)
	at de.uka.ilkd.key.java.transformations.pipeline.PrepareObjectBuilder.createPrepareBody(PrepareObjectBuilder.java:100)
	at de.uka.ilkd.key.java.transformations.pipeline.PrepareObjectBuilder.createMethod(PrepareObjectBuilder.java:119)
	at de.uka.ilkd.key.java.transformations.pipeline.PrepareObjectBuilder.apply(PrepareObjectBuilder.java:148)
	at de.uka.ilkd.key.java.transformations.KeYJavaPipeline.apply(KeYJavaPipeline.java:61)
	at de.uka.ilkd.key.java.transformations.KeYJavaPipeline.apply(KeYJavaPipeline.java:54)
	at de.uka.ilkd.key.java.JavaService.transformModel(JavaService.java:582)
	at de.uka.ilkd.key.java.JavaService.parseLibraryClasses0(JavaService.java:528)
	at de.uka.ilkd.key.java.JavaService.parseSpecialClasses(JavaService.java:511)
	at de.uka.ilkd.key.proof.init.ProblemInitializer.readJava(ProblemInitializer.java:280)
	at de.uka.ilkd.key.proof.init.ProblemInitializer.prepare(ProblemInitializer.java:529)
	at de.uka.ilkd.key.proof.init.ProblemInitializer.prepare(ProblemInitializer.java:471)
	at de.uka.ilkd.key.proof.io.AbstractProblemLoader.createInitConfig(AbstractProblemLoader.java:558)
	at de.uka.ilkd.key.proof.io.AbstractProblemLoader.loadEnvironment(AbstractProblemLoader.java:318)
	at de.uka.ilkd.key.proof.io.AbstractProblemLoader.load(AbstractProblemLoader.java:276)
	at de.uka.ilkd.key.proof.io.AbstractProblemLoader.load(AbstractProblemLoader.java:258)
	at de.uka.ilkd.key.control.AbstractUserInterfaceControl.load(AbstractUserInterfaceControl.java:212)
	... 145 more
</failure>
  </testcase>
  <testcase name="[23] seqSingleton.dl, &#13;&#10;    \forall any x; any::seqGet(seqSingleton(x)&lt;&lt;Trigger&gt;&gt;, 0) = x&#13;&#10;&#10;" classname="de.uka.ilkd.key.smt.newsmt2.ProveSMTLemmasTest" time="0.21">
    <failure message="A reference was unexpectedly null. (file: C:\Users\RUNNER~1\AppData\Local\Temp\SMT_lemma_seqSingleton.dl_15169196352734976338.key; caused by: java.lang.AssertionError: A reference was unexpectedly null.)" type="de.uka.ilkd.key.proof.io.ProblemLoaderException">A reference was unexpectedly null. (file: C:\Users\RUNNER~1\AppData\Local\Temp\SMT_lemma_seqSingleton.dl_15169196352734976338.key; caused by: java.lang.AssertionError: A reference was unexpectedly null.)
	at app//de.uka.ilkd.key.control.AbstractUserInterfaceControl.load(AbstractUserInterfaceControl.java:225)
	at app//de.uka.ilkd.key.control.KeYEnvironment.load(KeYEnvironment.java:282)
	at app//de.uka.ilkd.key.control.KeYEnvironment.load(KeYEnvironment.java:251)
	at app//de.uka.ilkd.key.control.KeYEnvironment.load(KeYEnvironment.java:225)
	at app//de.uka.ilkd.key.control.KeYEnvironment.load(KeYEnvironment.java:185)
	at app//de.uka.ilkd.key.control.KeYEnvironment.load(KeYEnvironment.java:292)
	at app//de.uka.ilkd.key.smt.newsmt2.ProveSMTLemmasTest.testSMTLemmaSoundness(ProveSMTLemmasTest.java:72)
	at jdk.internal.reflect.GeneratedMethodAccessor17.invoke(Unknown Source)
	at java.base@11.0.19/jdk.internal.reflect.DelegatingMethodAccessorImpl.invoke(DelegatingMethodAccessorImpl.java:43)
	at java.base@11.0.19/java.lang.reflect.Method.invoke(Method.java:566)
	at app//org.junit.platform.commons.util.ReflectionUtils.invokeMethod(ReflectionUtils.java:727)
	at app//org.junit.jupiter.engine.execution.MethodInvocation.proceed(MethodInvocation.java:60)
	at app//org.junit.jupiter.engine.execution.InvocationInterceptorChain$ValidatingInvocation.proceed(InvocationInterceptorChain.java:131)
	at app//org.junit.jupiter.engine.extension.TimeoutExtension.intercept(TimeoutExtension.java:156)
	at app//org.junit.jupiter.engine.extension.TimeoutExtension.interceptTestableMethod(TimeoutExtension.java:147)
	at app//org.junit.jupiter.engine.extension.TimeoutExtension.interceptTestTemplateMethod(TimeoutExtension.java:94)
	at app//org.junit.jupiter.engine.execution.InterceptingExecutableInvoker$ReflectiveInterceptorCall.lambda$ofVoidMethod$0(InterceptingExecutableInvoker.java:103)
	at app//org.junit.jupiter.engine.execution.InterceptingExecutableInvoker.lambda$invoke$0(InterceptingExecutableInvoker.java:93)
	at app//org.junit.jupiter.engine.execution.InvocationInterceptorChain$InterceptedInvocation.proceed(InvocationInterceptorChain.java:106)
	at app//org.junit.jupiter.engine.execution.InvocationInterceptorChain.proceed(InvocationInterceptorChain.java:64)
	at app//org.junit.jupiter.engine.execution.InvocationInterceptorChain.chainAndInvoke(InvocationInterceptorChain.java:45)
	at app//org.junit.jupiter.engine.execution.InvocationInterceptorChain.invoke(InvocationInterceptorChain.java:37)
	at app//org.junit.jupiter.engine.execution.InterceptingExecutableInvoker.invoke(InterceptingExecutableInvoker.java:92)
	at app//org.junit.jupiter.engine.execution.InterceptingExecutableInvoker.invoke(InterceptingExecutableInvoker.java:86)
	at app//org.junit.jupiter.engine.descriptor.TestMethodTestDescriptor.lambda$invokeTestMethod$7(TestMethodTestDescriptor.java:217)
	at app//org.junit.platform.engine.support.hierarchical.ThrowableCollector.execute(ThrowableCollector.java:73)
	at app//org.junit.jupiter.engine.descriptor.TestMethodTestDescriptor.invokeTestMethod(TestMethodTestDescriptor.java:213)
	at app//org.junit.jupiter.engine.descriptor.TestMethodTestDescriptor.execute(TestMethodTestDescriptor.java:138)
	at app//org.junit.jupiter.engine.descriptor.TestMethodTestDescriptor.execute(TestMethodTestDescriptor.java:68)
	at app//org.junit.platform.engine.support.hierarchical.NodeTestTask.lambda$executeRecursively$6(NodeTestTask.java:151)
	at app//org.junit.platform.engine.support.hierarchical.ThrowableCollector.execute(ThrowableCollector.java:73)
	at app//org.junit.platform.engine.support.hierarchical.NodeTestTask.lambda$executeRecursively$8(NodeTestTask.java:141)
	at app//org.junit.platform.engine.support.hierarchical.Node.around(Node.java:137)
	at app//org.junit.platform.engine.support.hierarchical.NodeTestTask.lambda$executeRecursively$9(NodeTestTask.java:139)
	at app//org.junit.platform.engine.support.hierarchical.ThrowableCollector.execute(ThrowableCollector.java:73)
	at app//org.junit.platform.engine.support.hierarchical.NodeTestTask.executeRecursively(NodeTestTask.java:138)
	at app//org.junit.platform.engine.support.hierarchical.NodeTestTask.execute(NodeTestTask.java:95)
	at app//org.junit.platform.engine.support.hierarchical.SameThreadHierarchicalTestExecutorService.submit(SameThreadHierarchicalTestExecutorService.java:35)
	at app//org.junit.platform.engine.support.hierarchical.NodeTestTask$DefaultDynamicTestExecutor.execute(NodeTestTask.java:226)
	at app//org.junit.platform.engine.support.hierarchical.NodeTestTask$DefaultDynamicTestExecutor.execute(NodeTestTask.java:204)
	at app//org.junit.jupiter.engine.descriptor.TestTemplateTestDescriptor.execute(TestTemplateTestDescriptor.java:142)
	at app//org.junit.jupiter.engine.descriptor.TestTemplateTestDescriptor.lambda$execute$2(TestTemplateTestDescriptor.java:110)
	at java.base@11.0.19/java.util.stream.ForEachOps$ForEachOp$OfRef.accept(ForEachOps.java:183)
	at java.base@11.0.19/java.util.stream.ReferencePipeline$3$1.accept(ReferencePipeline.java:195)
	at java.base@11.0.19/java.util.stream.ReferencePipeline$2$1.accept(ReferencePipeline.java:177)
	at java.base@11.0.19/java.util.stream.ReferencePipeline$3$1.accept(ReferencePipeline.java:195)
	at java.base@11.0.19/java.util.stream.ForEachOps$ForEachOp$OfRef.accept(ForEachOps.java:183)
	at java.base@11.0.19/java.util.stream.ReferencePipeline$3$1.accept(ReferencePipeline.java:195)
	at java.base@11.0.19/java.util.stream.ReferencePipeline$3$1.accept(ReferencePipeline.java:195)
	at java.base@11.0.19/java.util.stream.ReferencePipeline$3$1.accept(ReferencePipeline.java:195)
	at java.base@11.0.19/java.util.stream.ForEachOps$ForEachOp$OfRef.accept(ForEachOps.java:183)
	at java.base@11.0.19/java.util.stream.ReferencePipeline$3$1.accept(ReferencePipeline.java:195)
	at java.base@11.0.19/java.util.ArrayList$ArrayListSpliterator.forEachRemaining(ArrayList.java:1655)
	at java.base@11.0.19/java.util.stream.ReferencePipeline$Head.forEach(ReferencePipeline.java:658)
	at java.base@11.0.19/java.util.stream.ReferencePipeline$7$1.accept(ReferencePipeline.java:274)
	at java.base@11.0.19/java.util.stream.ReferencePipeline$3$1.accept(ReferencePipeline.java:195)
	at java.base@11.0.19/java.util.stream.ReferencePipeline$3$1.accept(ReferencePipeline.java:195)
	at java.base@11.0.19/java.util.Spliterators$ArraySpliterator.forEachRemaining(Spliterators.java:948)
	at java.base@11.0.19/java.util.stream.AbstractPipeline.copyInto(AbstractPipeline.java:484)
	at java.base@11.0.19/java.util.stream.AbstractPipeline.wrapAndCopyInto(AbstractPipeline.java:474)
	at java.base@11.0.19/java.util.stream.ForEachOps$ForEachOp.evaluateSequential(ForEachOps.java:150)
	at java.base@11.0.19/java.util.stream.ForEachOps$ForEachOp$OfRef.evaluateSequential(ForEachOps.java:173)
	at java.base@11.0.19/java.util.stream.AbstractPipeline.evaluate(AbstractPipeline.java:234)
	at java.base@11.0.19/java.util.stream.ReferencePipeline.forEach(ReferencePipeline.java:497)
	at java.base@11.0.19/java.util.stream.ReferencePipeline$7$1.accept(ReferencePipeline.java:274)
	at java.base@11.0.19/java.util.stream.ReferencePipeline$3$1.accept(ReferencePipeline.java:195)
	at java.base@11.0.19/java.util.stream.ReferencePipeline$3$1.accept(ReferencePipeline.java:195)
	at java.base@11.0.19/java.util.stream.ReferencePipeline$3$1.accept(ReferencePipeline.java:195)
	at java.base@11.0.19/java.util.ArrayList$ArrayListSpliterator.forEachRemaining(ArrayList.java:1655)
	at java.base@11.0.19/java.util.stream.AbstractPipeline.copyInto(AbstractPipeline.java:484)
	at java.base@11.0.19/java.util.stream.AbstractPipeline.wrapAndCopyInto(AbstractPipeline.java:474)
	at java.base@11.0.19/java.util.stream.ForEachOps$ForEachOp.evaluateSequential(ForEachOps.java:150)
	at java.base@11.0.19/java.util.stream.ForEachOps$ForEachOp$OfRef.evaluateSequential(ForEachOps.java:173)
	at java.base@11.0.19/java.util.stream.AbstractPipeline.evaluate(AbstractPipeline.java:234)
	at java.base@11.0.19/java.util.stream.ReferencePipeline.forEach(ReferencePipeline.java:497)
	at java.base@11.0.19/java.util.stream.ReferencePipeline$7$1.accept(ReferencePipeline.java:274)
	at java.base@11.0.19/java.util.ArrayList$ArrayListSpliterator.forEachRemaining(ArrayList.java:1655)
	at java.base@11.0.19/java.util.stream.AbstractPipeline.copyInto(AbstractPipeline.java:484)
	at java.base@11.0.19/java.util.stream.AbstractPipeline.wrapAndCopyInto(AbstractPipeline.java:474)
	at java.base@11.0.19/java.util.stream.ForEachOps$ForEachOp.evaluateSequential(ForEachOps.java:150)
	at java.base@11.0.19/java.util.stream.ForEachOps$ForEachOp$OfRef.evaluateSequential(ForEachOps.java:173)
	at java.base@11.0.19/java.util.stream.AbstractPipeline.evaluate(AbstractPipeline.java:234)
	at java.base@11.0.19/java.util.stream.ReferencePipeline.forEach(ReferencePipeline.java:497)
	at app//org.junit.jupiter.engine.descriptor.TestTemplateTestDescriptor.execute(TestTemplateTestDescriptor.java:110)
	at app//org.junit.jupiter.engine.descriptor.TestTemplateTestDescriptor.execute(TestTemplateTestDescriptor.java:44)
	at app//org.junit.platform.engine.support.hierarchical.NodeTestTask.lambda$executeRecursively$6(NodeTestTask.java:151)
	at app//org.junit.platform.engine.support.hierarchical.ThrowableCollector.execute(ThrowableCollector.java:73)
	at app//org.junit.platform.engine.support.hierarchical.NodeTestTask.lambda$executeRecursively$8(NodeTestTask.java:141)
	at app//org.junit.platform.engine.support.hierarchical.Node.around(Node.java:137)
	at app//org.junit.platform.engine.support.hierarchical.NodeTestTask.lambda$executeRecursively$9(NodeTestTask.java:139)
	at app//org.junit.platform.engine.support.hierarchical.ThrowableCollector.execute(ThrowableCollector.java:73)
	at app//org.junit.platform.engine.support.hierarchical.NodeTestTask.executeRecursively(NodeTestTask.java:138)
	at app//org.junit.platform.engine.support.hierarchical.NodeTestTask.execute(NodeTestTask.java:95)
	at java.base@11.0.19/java.util.ArrayList.forEach(ArrayList.java:1541)
	at app//org.junit.platform.engine.support.hierarchical.SameThreadHierarchicalTestExecutorService.invokeAll(SameThreadHierarchicalTestExecutorService.java:41)
	at app//org.junit.platform.engine.support.hierarchical.NodeTestTask.lambda$executeRecursively$6(NodeTestTask.java:155)
	at app//org.junit.platform.engine.support.hierarchical.ThrowableCollector.execute(ThrowableCollector.java:73)
	at app//org.junit.platform.engine.support.hierarchical.NodeTestTask.lambda$executeRecursively$8(NodeTestTask.java:141)
	at app//org.junit.platform.engine.support.hierarchical.Node.around(Node.java:137)
	at app//org.junit.platform.engine.support.hierarchical.NodeTestTask.lambda$executeRecursively$9(NodeTestTask.java:139)
	at app//org.junit.platform.engine.support.hierarchical.ThrowableCollector.execute(ThrowableCollector.java:73)
	at app//org.junit.platform.engine.support.hierarchical.NodeTestTask.executeRecursively(NodeTestTask.java:138)
	at app//org.junit.platform.engine.support.hierarchical.NodeTestTask.execute(NodeTestTask.java:95)
	at java.base@11.0.19/java.util.ArrayList.forEach(ArrayList.java:1541)
	at app//org.junit.platform.engine.support.hierarchical.SameThreadHierarchicalTestExecutorService.invokeAll(SameThreadHierarchicalTestExecutorService.java:41)
	at app//org.junit.platform.engine.support.hierarchical.NodeTestTask.lambda$executeRecursively$6(NodeTestTask.java:155)
	at app//org.junit.platform.engine.support.hierarchical.ThrowableCollector.execute(ThrowableCollector.java:73)
	at app//org.junit.platform.engine.support.hierarchical.NodeTestTask.lambda$executeRecursively$8(NodeTestTask.java:141)
	at app//org.junit.platform.engine.support.hierarchical.Node.around(Node.java:137)
	at app//org.junit.platform.engine.support.hierarchical.NodeTestTask.lambda$executeRecursively$9(NodeTestTask.java:139)
	at app//org.junit.platform.engine.support.hierarchical.ThrowableCollector.execute(ThrowableCollector.java:73)
	at app//org.junit.platform.engine.support.hierarchical.NodeTestTask.executeRecursively(NodeTestTask.java:138)
	at app//org.junit.platform.engine.support.hierarchical.NodeTestTask.execute(NodeTestTask.java:95)
	at app//org.junit.platform.engine.support.hierarchical.SameThreadHierarchicalTestExecutorService.submit(SameThreadHierarchicalTestExecutorService.java:35)
	at app//org.junit.platform.engine.support.hierarchical.HierarchicalTestExecutor.execute(HierarchicalTestExecutor.java:57)
	at app//org.junit.platform.engine.support.hierarchical.HierarchicalTestEngine.execute(HierarchicalTestEngine.java:54)
	at app//org.junit.platform.launcher.core.EngineExecutionOrchestrator.execute(EngineExecutionOrchestrator.java:107)
	at app//org.junit.platform.launcher.core.EngineExecutionOrchestrator.execute(EngineExecutionOrchestrator.java:88)
	at app//org.junit.platform.launcher.core.EngineExecutionOrchestrator.lambda$execute$0(EngineExecutionOrchestrator.java:54)
	at app//org.junit.platform.launcher.core.EngineExecutionOrchestrator.withInterceptedStreams(EngineExecutionOrchestrator.java:67)
	at app//org.junit.platform.launcher.core.EngineExecutionOrchestrator.execute(EngineExecutionOrchestrator.java:52)
	at app//org.junit.platform.launcher.core.DefaultLauncher.execute(DefaultLauncher.java:114)
	at app//org.junit.platform.launcher.core.DefaultLauncher.execute(DefaultLauncher.java:86)
	at app//org.junit.platform.launcher.core.DefaultLauncherSession$DelegatingLauncher.execute(DefaultLauncherSession.java:86)
	at org.gradle.api.internal.tasks.testing.junitplatform.JUnitPlatformTestClassProcessor$CollectAllTestClassesExecutor.processAllTestClasses(JUnitPlatformTestClassProcessor.java:110)
	at org.gradle.api.internal.tasks.testing.junitplatform.JUnitPlatformTestClassProcessor$CollectAllTestClassesExecutor.access$000(JUnitPlatformTestClassProcessor.java:90)
	at org.gradle.api.internal.tasks.testing.junitplatform.JUnitPlatformTestClassProcessor.stop(JUnitPlatformTestClassProcessor.java:85)
	at org.gradle.api.internal.tasks.testing.SuiteTestClassProcessor.stop(SuiteTestClassProcessor.java:62)
	at java.base@11.0.19/jdk.internal.reflect.NativeMethodAccessorImpl.invoke0(Native Method)
	at java.base@11.0.19/jdk.internal.reflect.NativeMethodAccessorImpl.invoke(NativeMethodAccessorImpl.java:62)
	at java.base@11.0.19/jdk.internal.reflect.DelegatingMethodAccessorImpl.invoke(DelegatingMethodAccessorImpl.java:43)
	at java.base@11.0.19/java.lang.reflect.Method.invoke(Method.java:566)
	at org.gradle.internal.dispatch.ReflectionDispatch.dispatch(ReflectionDispatch.java:36)
	at org.gradle.internal.dispatch.ReflectionDispatch.dispatch(ReflectionDispatch.java:24)
	at org.gradle.internal.dispatch.ContextClassLoaderDispatch.dispatch(ContextClassLoaderDispatch.java:33)
	at org.gradle.internal.dispatch.ProxyDispatchAdapter$DispatchingInvocationHandler.invoke(ProxyDispatchAdapter.java:94)
	at com.sun.proxy.$Proxy5.stop(Unknown Source)
	at org.gradle.api.internal.tasks.testing.worker.TestWorker$3.run(TestWorker.java:193)
	at org.gradle.api.internal.tasks.testing.worker.TestWorker.executeAndMaintainThreadName(TestWorker.java:129)
	at org.gradle.api.internal.tasks.testing.worker.TestWorker.execute(TestWorker.java:100)
	at org.gradle.api.internal.tasks.testing.worker.TestWorker.execute(TestWorker.java:60)
	at org.gradle.process.internal.worker.child.ActionExecutionWorker.execute(ActionExecutionWorker.java:56)
	at org.gradle.process.internal.worker.child.SystemApplicationClassLoaderWorker.call(SystemApplicationClassLoaderWorker.java:113)
	at org.gradle.process.internal.worker.child.SystemApplicationClassLoaderWorker.call(SystemApplicationClassLoaderWorker.java:65)
	at app//worker.org.gradle.process.internal.worker.GradleWorkerMain.run(GradleWorkerMain.java:69)
	at app//worker.org.gradle.process.internal.worker.GradleWorkerMain.main(GradleWorkerMain.java:74)
Caused by: java.lang.AssertionError: A reference was unexpectedly null.
	at com.github.javaparser.utils.Utils.assertNotNull(Utils.java:60)
	at com.github.javaparser.ast.expr.AssignExpr.setValue(AssignExpr.java:186)
	at com.github.javaparser.ast.expr.AssignExpr.&lt;init&gt;(AssignExpr.java:127)
	at com.github.javaparser.ast.expr.AssignExpr.&lt;init&gt;(AssignExpr.java:117)
	at de.uka.ilkd.key.java.transformations.AstFactory.assign(AstFactory.java:106)
	at de.uka.ilkd.key.java.transformations.pipeline.PrepareObjectBuilder.defaultSettings(PrepareObjectBuilder.java:80)
	at de.uka.ilkd.key.java.transformations.pipeline.PrepareObjectBuilder.createPrepareBody(PrepareObjectBuilder.java:100)
	at de.uka.ilkd.key.java.transformations.pipeline.PrepareObjectBuilder.createMethod(PrepareObjectBuilder.java:119)
	at de.uka.ilkd.key.java.transformations.pipeline.PrepareObjectBuilder.apply(PrepareObjectBuilder.java:148)
	at de.uka.ilkd.key.java.transformations.KeYJavaPipeline.apply(KeYJavaPipeline.java:61)
	at de.uka.ilkd.key.java.transformations.KeYJavaPipeline.apply(KeYJavaPipeline.java:54)
	at de.uka.ilkd.key.java.JavaService.transformModel(JavaService.java:582)
	at de.uka.ilkd.key.java.JavaService.parseLibraryClasses0(JavaService.java:528)
	at de.uka.ilkd.key.java.JavaService.parseSpecialClasses(JavaService.java:511)
	at de.uka.ilkd.key.proof.init.ProblemInitializer.readJava(ProblemInitializer.java:280)
	at de.uka.ilkd.key.proof.init.ProblemInitializer.prepare(ProblemInitializer.java:529)
	at de.uka.ilkd.key.proof.init.ProblemInitializer.prepare(ProblemInitializer.java:471)
	at de.uka.ilkd.key.proof.io.AbstractProblemLoader.createInitConfig(AbstractProblemLoader.java:558)
	at de.uka.ilkd.key.proof.io.AbstractProblemLoader.loadEnvironment(AbstractProblemLoader.java:318)
	at de.uka.ilkd.key.proof.io.AbstractProblemLoader.load(AbstractProblemLoader.java:276)
	at de.uka.ilkd.key.proof.io.AbstractProblemLoader.load(AbstractProblemLoader.java:258)
	at de.uka.ilkd.key.control.AbstractUserInterfaceControl.load(AbstractUserInterfaceControl.java:212)
	... 145 more
</failure>
  </testcase>
  <testcase name="[24] seqSingleton.dl.2, &#13;&#10;    \forall any x; seqLen(seqSingleton(x)&lt;&lt;Trigger&gt;&gt;) = 1&#13;&#10;&#10;" classname="de.uka.ilkd.key.smt.newsmt2.ProveSMTLemmasTest" time="0.161">
    <failure message="A reference was unexpectedly null. (file: C:\Users\RUNNER~1\AppData\Local\Temp\SMT_lemma_seqSingleton.dl.2_12704763222321718375.key; caused by: java.lang.AssertionError: A reference was unexpectedly null.)" type="de.uka.ilkd.key.proof.io.ProblemLoaderException">A reference was unexpectedly null. (file: C:\Users\RUNNER~1\AppData\Local\Temp\SMT_lemma_seqSingleton.dl.2_12704763222321718375.key; caused by: java.lang.AssertionError: A reference was unexpectedly null.)
	at app//de.uka.ilkd.key.control.AbstractUserInterfaceControl.load(AbstractUserInterfaceControl.java:225)
	at app//de.uka.ilkd.key.control.KeYEnvironment.load(KeYEnvironment.java:282)
	at app//de.uka.ilkd.key.control.KeYEnvironment.load(KeYEnvironment.java:251)
	at app//de.uka.ilkd.key.control.KeYEnvironment.load(KeYEnvironment.java:225)
	at app//de.uka.ilkd.key.control.KeYEnvironment.load(KeYEnvironment.java:185)
	at app//de.uka.ilkd.key.control.KeYEnvironment.load(KeYEnvironment.java:292)
	at app//de.uka.ilkd.key.smt.newsmt2.ProveSMTLemmasTest.testSMTLemmaSoundness(ProveSMTLemmasTest.java:72)
	at jdk.internal.reflect.GeneratedMethodAccessor17.invoke(Unknown Source)
	at java.base@11.0.19/jdk.internal.reflect.DelegatingMethodAccessorImpl.invoke(DelegatingMethodAccessorImpl.java:43)
	at java.base@11.0.19/java.lang.reflect.Method.invoke(Method.java:566)
	at app//org.junit.platform.commons.util.ReflectionUtils.invokeMethod(ReflectionUtils.java:727)
	at app//org.junit.jupiter.engine.execution.MethodInvocation.proceed(MethodInvocation.java:60)
	at app//org.junit.jupiter.engine.execution.InvocationInterceptorChain$ValidatingInvocation.proceed(InvocationInterceptorChain.java:131)
	at app//org.junit.jupiter.engine.extension.TimeoutExtension.intercept(TimeoutExtension.java:156)
	at app//org.junit.jupiter.engine.extension.TimeoutExtension.interceptTestableMethod(TimeoutExtension.java:147)
	at app//org.junit.jupiter.engine.extension.TimeoutExtension.interceptTestTemplateMethod(TimeoutExtension.java:94)
	at app//org.junit.jupiter.engine.execution.InterceptingExecutableInvoker$ReflectiveInterceptorCall.lambda$ofVoidMethod$0(InterceptingExecutableInvoker.java:103)
	at app//org.junit.jupiter.engine.execution.InterceptingExecutableInvoker.lambda$invoke$0(InterceptingExecutableInvoker.java:93)
	at app//org.junit.jupiter.engine.execution.InvocationInterceptorChain$InterceptedInvocation.proceed(InvocationInterceptorChain.java:106)
	at app//org.junit.jupiter.engine.execution.InvocationInterceptorChain.proceed(InvocationInterceptorChain.java:64)
	at app//org.junit.jupiter.engine.execution.InvocationInterceptorChain.chainAndInvoke(InvocationInterceptorChain.java:45)
	at app//org.junit.jupiter.engine.execution.InvocationInterceptorChain.invoke(InvocationInterceptorChain.java:37)
	at app//org.junit.jupiter.engine.execution.InterceptingExecutableInvoker.invoke(InterceptingExecutableInvoker.java:92)
	at app//org.junit.jupiter.engine.execution.InterceptingExecutableInvoker.invoke(InterceptingExecutableInvoker.java:86)
	at app//org.junit.jupiter.engine.descriptor.TestMethodTestDescriptor.lambda$invokeTestMethod$7(TestMethodTestDescriptor.java:217)
	at app//org.junit.platform.engine.support.hierarchical.ThrowableCollector.execute(ThrowableCollector.java:73)
	at app//org.junit.jupiter.engine.descriptor.TestMethodTestDescriptor.invokeTestMethod(TestMethodTestDescriptor.java:213)
	at app//org.junit.jupiter.engine.descriptor.TestMethodTestDescriptor.execute(TestMethodTestDescriptor.java:138)
	at app//org.junit.jupiter.engine.descriptor.TestMethodTestDescriptor.execute(TestMethodTestDescriptor.java:68)
	at app//org.junit.platform.engine.support.hierarchical.NodeTestTask.lambda$executeRecursively$6(NodeTestTask.java:151)
	at app//org.junit.platform.engine.support.hierarchical.ThrowableCollector.execute(ThrowableCollector.java:73)
	at app//org.junit.platform.engine.support.hierarchical.NodeTestTask.lambda$executeRecursively$8(NodeTestTask.java:141)
	at app//org.junit.platform.engine.support.hierarchical.Node.around(Node.java:137)
	at app//org.junit.platform.engine.support.hierarchical.NodeTestTask.lambda$executeRecursively$9(NodeTestTask.java:139)
	at app//org.junit.platform.engine.support.hierarchical.ThrowableCollector.execute(ThrowableCollector.java:73)
	at app//org.junit.platform.engine.support.hierarchical.NodeTestTask.executeRecursively(NodeTestTask.java:138)
	at app//org.junit.platform.engine.support.hierarchical.NodeTestTask.execute(NodeTestTask.java:95)
	at app//org.junit.platform.engine.support.hierarchical.SameThreadHierarchicalTestExecutorService.submit(SameThreadHierarchicalTestExecutorService.java:35)
	at app//org.junit.platform.engine.support.hierarchical.NodeTestTask$DefaultDynamicTestExecutor.execute(NodeTestTask.java:226)
	at app//org.junit.platform.engine.support.hierarchical.NodeTestTask$DefaultDynamicTestExecutor.execute(NodeTestTask.java:204)
	at app//org.junit.jupiter.engine.descriptor.TestTemplateTestDescriptor.execute(TestTemplateTestDescriptor.java:142)
	at app//org.junit.jupiter.engine.descriptor.TestTemplateTestDescriptor.lambda$execute$2(TestTemplateTestDescriptor.java:110)
	at java.base@11.0.19/java.util.stream.ForEachOps$ForEachOp$OfRef.accept(ForEachOps.java:183)
	at java.base@11.0.19/java.util.stream.ReferencePipeline$3$1.accept(ReferencePipeline.java:195)
	at java.base@11.0.19/java.util.stream.ReferencePipeline$2$1.accept(ReferencePipeline.java:177)
	at java.base@11.0.19/java.util.stream.ReferencePipeline$3$1.accept(ReferencePipeline.java:195)
	at java.base@11.0.19/java.util.stream.ForEachOps$ForEachOp$OfRef.accept(ForEachOps.java:183)
	at java.base@11.0.19/java.util.stream.ReferencePipeline$3$1.accept(ReferencePipeline.java:195)
	at java.base@11.0.19/java.util.stream.ReferencePipeline$3$1.accept(ReferencePipeline.java:195)
	at java.base@11.0.19/java.util.stream.ReferencePipeline$3$1.accept(ReferencePipeline.java:195)
	at java.base@11.0.19/java.util.stream.ForEachOps$ForEachOp$OfRef.accept(ForEachOps.java:183)
	at java.base@11.0.19/java.util.stream.ReferencePipeline$3$1.accept(ReferencePipeline.java:195)
	at java.base@11.0.19/java.util.ArrayList$ArrayListSpliterator.forEachRemaining(ArrayList.java:1655)
	at java.base@11.0.19/java.util.stream.ReferencePipeline$Head.forEach(ReferencePipeline.java:658)
	at java.base@11.0.19/java.util.stream.ReferencePipeline$7$1.accept(ReferencePipeline.java:274)
	at java.base@11.0.19/java.util.stream.ReferencePipeline$3$1.accept(ReferencePipeline.java:195)
	at java.base@11.0.19/java.util.stream.ReferencePipeline$3$1.accept(ReferencePipeline.java:195)
	at java.base@11.0.19/java.util.Spliterators$ArraySpliterator.forEachRemaining(Spliterators.java:948)
	at java.base@11.0.19/java.util.stream.AbstractPipeline.copyInto(AbstractPipeline.java:484)
	at java.base@11.0.19/java.util.stream.AbstractPipeline.wrapAndCopyInto(AbstractPipeline.java:474)
	at java.base@11.0.19/java.util.stream.ForEachOps$ForEachOp.evaluateSequential(ForEachOps.java:150)
	at java.base@11.0.19/java.util.stream.ForEachOps$ForEachOp$OfRef.evaluateSequential(ForEachOps.java:173)
	at java.base@11.0.19/java.util.stream.AbstractPipeline.evaluate(AbstractPipeline.java:234)
	at java.base@11.0.19/java.util.stream.ReferencePipeline.forEach(ReferencePipeline.java:497)
	at java.base@11.0.19/java.util.stream.ReferencePipeline$7$1.accept(ReferencePipeline.java:274)
	at java.base@11.0.19/java.util.stream.ReferencePipeline$3$1.accept(ReferencePipeline.java:195)
	at java.base@11.0.19/java.util.stream.ReferencePipeline$3$1.accept(ReferencePipeline.java:195)
	at java.base@11.0.19/java.util.stream.ReferencePipeline$3$1.accept(ReferencePipeline.java:195)
	at java.base@11.0.19/java.util.ArrayList$ArrayListSpliterator.forEachRemaining(ArrayList.java:1655)
	at java.base@11.0.19/java.util.stream.AbstractPipeline.copyInto(AbstractPipeline.java:484)
	at java.base@11.0.19/java.util.stream.AbstractPipeline.wrapAndCopyInto(AbstractPipeline.java:474)
	at java.base@11.0.19/java.util.stream.ForEachOps$ForEachOp.evaluateSequential(ForEachOps.java:150)
	at java.base@11.0.19/java.util.stream.ForEachOps$ForEachOp$OfRef.evaluateSequential(ForEachOps.java:173)
	at java.base@11.0.19/java.util.stream.AbstractPipeline.evaluate(AbstractPipeline.java:234)
	at java.base@11.0.19/java.util.stream.ReferencePipeline.forEach(ReferencePipeline.java:497)
	at java.base@11.0.19/java.util.stream.ReferencePipeline$7$1.accept(ReferencePipeline.java:274)
	at java.base@11.0.19/java.util.ArrayList$ArrayListSpliterator.forEachRemaining(ArrayList.java:1655)
	at java.base@11.0.19/java.util.stream.AbstractPipeline.copyInto(AbstractPipeline.java:484)
	at java.base@11.0.19/java.util.stream.AbstractPipeline.wrapAndCopyInto(AbstractPipeline.java:474)
	at java.base@11.0.19/java.util.stream.ForEachOps$ForEachOp.evaluateSequential(ForEachOps.java:150)
	at java.base@11.0.19/java.util.stream.ForEachOps$ForEachOp$OfRef.evaluateSequential(ForEachOps.java:173)
	at java.base@11.0.19/java.util.stream.AbstractPipeline.evaluate(AbstractPipeline.java:234)
	at java.base@11.0.19/java.util.stream.ReferencePipeline.forEach(ReferencePipeline.java:497)
	at app//org.junit.jupiter.engine.descriptor.TestTemplateTestDescriptor.execute(TestTemplateTestDescriptor.java:110)
	at app//org.junit.jupiter.engine.descriptor.TestTemplateTestDescriptor.execute(TestTemplateTestDescriptor.java:44)
	at app//org.junit.platform.engine.support.hierarchical.NodeTestTask.lambda$executeRecursively$6(NodeTestTask.java:151)
	at app//org.junit.platform.engine.support.hierarchical.ThrowableCollector.execute(ThrowableCollector.java:73)
	at app//org.junit.platform.engine.support.hierarchical.NodeTestTask.lambda$executeRecursively$8(NodeTestTask.java:141)
	at app//org.junit.platform.engine.support.hierarchical.Node.around(Node.java:137)
	at app//org.junit.platform.engine.support.hierarchical.NodeTestTask.lambda$executeRecursively$9(NodeTestTask.java:139)
	at app//org.junit.platform.engine.support.hierarchical.ThrowableCollector.execute(ThrowableCollector.java:73)
	at app//org.junit.platform.engine.support.hierarchical.NodeTestTask.executeRecursively(NodeTestTask.java:138)
	at app//org.junit.platform.engine.support.hierarchical.NodeTestTask.execute(NodeTestTask.java:95)
	at java.base@11.0.19/java.util.ArrayList.forEach(ArrayList.java:1541)
	at app//org.junit.platform.engine.support.hierarchical.SameThreadHierarchicalTestExecutorService.invokeAll(SameThreadHierarchicalTestExecutorService.java:41)
	at app//org.junit.platform.engine.support.hierarchical.NodeTestTask.lambda$executeRecursively$6(NodeTestTask.java:155)
	at app//org.junit.platform.engine.support.hierarchical.ThrowableCollector.execute(ThrowableCollector.java:73)
	at app//org.junit.platform.engine.support.hierarchical.NodeTestTask.lambda$executeRecursively$8(NodeTestTask.java:141)
	at app//org.junit.platform.engine.support.hierarchical.Node.around(Node.java:137)
	at app//org.junit.platform.engine.support.hierarchical.NodeTestTask.lambda$executeRecursively$9(NodeTestTask.java:139)
	at app//org.junit.platform.engine.support.hierarchical.ThrowableCollector.execute(ThrowableCollector.java:73)
	at app//org.junit.platform.engine.support.hierarchical.NodeTestTask.executeRecursively(NodeTestTask.java:138)
	at app//org.junit.platform.engine.support.hierarchical.NodeTestTask.execute(NodeTestTask.java:95)
	at java.base@11.0.19/java.util.ArrayList.forEach(ArrayList.java:1541)
	at app//org.junit.platform.engine.support.hierarchical.SameThreadHierarchicalTestExecutorService.invokeAll(SameThreadHierarchicalTestExecutorService.java:41)
	at app//org.junit.platform.engine.support.hierarchical.NodeTestTask.lambda$executeRecursively$6(NodeTestTask.java:155)
	at app//org.junit.platform.engine.support.hierarchical.ThrowableCollector.execute(ThrowableCollector.java:73)
	at app//org.junit.platform.engine.support.hierarchical.NodeTestTask.lambda$executeRecursively$8(NodeTestTask.java:141)
	at app//org.junit.platform.engine.support.hierarchical.Node.around(Node.java:137)
	at app//org.junit.platform.engine.support.hierarchical.NodeTestTask.lambda$executeRecursively$9(NodeTestTask.java:139)
	at app//org.junit.platform.engine.support.hierarchical.ThrowableCollector.execute(ThrowableCollector.java:73)
	at app//org.junit.platform.engine.support.hierarchical.NodeTestTask.executeRecursively(NodeTestTask.java:138)
	at app//org.junit.platform.engine.support.hierarchical.NodeTestTask.execute(NodeTestTask.java:95)
	at app//org.junit.platform.engine.support.hierarchical.SameThreadHierarchicalTestExecutorService.submit(SameThreadHierarchicalTestExecutorService.java:35)
	at app//org.junit.platform.engine.support.hierarchical.HierarchicalTestExecutor.execute(HierarchicalTestExecutor.java:57)
	at app//org.junit.platform.engine.support.hierarchical.HierarchicalTestEngine.execute(HierarchicalTestEngine.java:54)
	at app//org.junit.platform.launcher.core.EngineExecutionOrchestrator.execute(EngineExecutionOrchestrator.java:107)
	at app//org.junit.platform.launcher.core.EngineExecutionOrchestrator.execute(EngineExecutionOrchestrator.java:88)
	at app//org.junit.platform.launcher.core.EngineExecutionOrchestrator.lambda$execute$0(EngineExecutionOrchestrator.java:54)
	at app//org.junit.platform.launcher.core.EngineExecutionOrchestrator.withInterceptedStreams(EngineExecutionOrchestrator.java:67)
	at app//org.junit.platform.launcher.core.EngineExecutionOrchestrator.execute(EngineExecutionOrchestrator.java:52)
	at app//org.junit.platform.launcher.core.DefaultLauncher.execute(DefaultLauncher.java:114)
	at app//org.junit.platform.launcher.core.DefaultLauncher.execute(DefaultLauncher.java:86)
	at app//org.junit.platform.launcher.core.DefaultLauncherSession$DelegatingLauncher.execute(DefaultLauncherSession.java:86)
	at org.gradle.api.internal.tasks.testing.junitplatform.JUnitPlatformTestClassProcessor$CollectAllTestClassesExecutor.processAllTestClasses(JUnitPlatformTestClassProcessor.java:110)
	at org.gradle.api.internal.tasks.testing.junitplatform.JUnitPlatformTestClassProcessor$CollectAllTestClassesExecutor.access$000(JUnitPlatformTestClassProcessor.java:90)
	at org.gradle.api.internal.tasks.testing.junitplatform.JUnitPlatformTestClassProcessor.stop(JUnitPlatformTestClassProcessor.java:85)
	at org.gradle.api.internal.tasks.testing.SuiteTestClassProcessor.stop(SuiteTestClassProcessor.java:62)
	at java.base@11.0.19/jdk.internal.reflect.NativeMethodAccessorImpl.invoke0(Native Method)
	at java.base@11.0.19/jdk.internal.reflect.NativeMethodAccessorImpl.invoke(NativeMethodAccessorImpl.java:62)
	at java.base@11.0.19/jdk.internal.reflect.DelegatingMethodAccessorImpl.invoke(DelegatingMethodAccessorImpl.java:43)
	at java.base@11.0.19/java.lang.reflect.Method.invoke(Method.java:566)
	at org.gradle.internal.dispatch.ReflectionDispatch.dispatch(ReflectionDispatch.java:36)
	at org.gradle.internal.dispatch.ReflectionDispatch.dispatch(ReflectionDispatch.java:24)
	at org.gradle.internal.dispatch.ContextClassLoaderDispatch.dispatch(ContextClassLoaderDispatch.java:33)
	at org.gradle.internal.dispatch.ProxyDispatchAdapter$DispatchingInvocationHandler.invoke(ProxyDispatchAdapter.java:94)
	at com.sun.proxy.$Proxy5.stop(Unknown Source)
	at org.gradle.api.internal.tasks.testing.worker.TestWorker$3.run(TestWorker.java:193)
	at org.gradle.api.internal.tasks.testing.worker.TestWorker.executeAndMaintainThreadName(TestWorker.java:129)
	at org.gradle.api.internal.tasks.testing.worker.TestWorker.execute(TestWorker.java:100)
	at org.gradle.api.internal.tasks.testing.worker.TestWorker.execute(TestWorker.java:60)
	at org.gradle.process.internal.worker.child.ActionExecutionWorker.execute(ActionExecutionWorker.java:56)
	at org.gradle.process.internal.worker.child.SystemApplicationClassLoaderWorker.call(SystemApplicationClassLoaderWorker.java:113)
	at org.gradle.process.internal.worker.child.SystemApplicationClassLoaderWorker.call(SystemApplicationClassLoaderWorker.java:65)
	at app//worker.org.gradle.process.internal.worker.GradleWorkerMain.run(GradleWorkerMain.java:69)
	at app//worker.org.gradle.process.internal.worker.GradleWorkerMain.main(GradleWorkerMain.java:74)
Caused by: java.lang.AssertionError: A reference was unexpectedly null.
	at com.github.javaparser.utils.Utils.assertNotNull(Utils.java:60)
	at com.github.javaparser.ast.expr.AssignExpr.setValue(AssignExpr.java:186)
	at com.github.javaparser.ast.expr.AssignExpr.&lt;init&gt;(AssignExpr.java:127)
	at com.github.javaparser.ast.expr.AssignExpr.&lt;init&gt;(AssignExpr.java:117)
	at de.uka.ilkd.key.java.transformations.AstFactory.assign(AstFactory.java:106)
	at de.uka.ilkd.key.java.transformations.pipeline.PrepareObjectBuilder.defaultSettings(PrepareObjectBuilder.java:80)
	at de.uka.ilkd.key.java.transformations.pipeline.PrepareObjectBuilder.createPrepareBody(PrepareObjectBuilder.java:100)
	at de.uka.ilkd.key.java.transformations.pipeline.PrepareObjectBuilder.createMethod(PrepareObjectBuilder.java:119)
	at de.uka.ilkd.key.java.transformations.pipeline.PrepareObjectBuilder.apply(PrepareObjectBuilder.java:148)
	at de.uka.ilkd.key.java.transformations.KeYJavaPipeline.apply(KeYJavaPipeline.java:61)
	at de.uka.ilkd.key.java.transformations.KeYJavaPipeline.apply(KeYJavaPipeline.java:54)
	at de.uka.ilkd.key.java.JavaService.transformModel(JavaService.java:582)
	at de.uka.ilkd.key.java.JavaService.parseLibraryClasses0(JavaService.java:528)
	at de.uka.ilkd.key.java.JavaService.parseSpecialClasses(JavaService.java:511)
	at de.uka.ilkd.key.proof.init.ProblemInitializer.readJava(ProblemInitializer.java:280)
	at de.uka.ilkd.key.proof.init.ProblemInitializer.prepare(ProblemInitializer.java:529)
	at de.uka.ilkd.key.proof.init.ProblemInitializer.prepare(ProblemInitializer.java:471)
	at de.uka.ilkd.key.proof.io.AbstractProblemLoader.createInitConfig(AbstractProblemLoader.java:558)
	at de.uka.ilkd.key.proof.io.AbstractProblemLoader.loadEnvironment(AbstractProblemLoader.java:318)
	at de.uka.ilkd.key.proof.io.AbstractProblemLoader.load(AbstractProblemLoader.java:276)
	at de.uka.ilkd.key.proof.io.AbstractProblemLoader.load(AbstractProblemLoader.java:258)
	at de.uka.ilkd.key.control.AbstractUserInterfaceControl.load(AbstractUserInterfaceControl.java:212)
	... 145 more
</failure>
  </testcase>
  <testcase name="[25] null.dl, &#10;     \forall any x; ((Null::instance(x))&lt;&lt;Trigger&gt;&gt; = TRUE -&gt; x = null) &#10;" classname="de.uka.ilkd.key.smt.newsmt2.ProveSMTLemmasTest" time="0.148">
    <failure message="A reference was unexpectedly null. (file: C:\Users\RUNNER~1\AppData\Local\Temp\SMT_lemma_null.dl_4634528695009872991.key; caused by: java.lang.AssertionError: A reference was unexpectedly null.)" type="de.uka.ilkd.key.proof.io.ProblemLoaderException">A reference was unexpectedly null. (file: C:\Users\RUNNER~1\AppData\Local\Temp\SMT_lemma_null.dl_4634528695009872991.key; caused by: java.lang.AssertionError: A reference was unexpectedly null.)
	at app//de.uka.ilkd.key.control.AbstractUserInterfaceControl.load(AbstractUserInterfaceControl.java:225)
	at app//de.uka.ilkd.key.control.KeYEnvironment.load(KeYEnvironment.java:282)
	at app//de.uka.ilkd.key.control.KeYEnvironment.load(KeYEnvironment.java:251)
	at app//de.uka.ilkd.key.control.KeYEnvironment.load(KeYEnvironment.java:225)
	at app//de.uka.ilkd.key.control.KeYEnvironment.load(KeYEnvironment.java:185)
	at app//de.uka.ilkd.key.control.KeYEnvironment.load(KeYEnvironment.java:292)
	at app//de.uka.ilkd.key.smt.newsmt2.ProveSMTLemmasTest.testSMTLemmaSoundness(ProveSMTLemmasTest.java:72)
	at jdk.internal.reflect.GeneratedMethodAccessor17.invoke(Unknown Source)
	at java.base@11.0.19/jdk.internal.reflect.DelegatingMethodAccessorImpl.invoke(DelegatingMethodAccessorImpl.java:43)
	at java.base@11.0.19/java.lang.reflect.Method.invoke(Method.java:566)
	at app//org.junit.platform.commons.util.ReflectionUtils.invokeMethod(ReflectionUtils.java:727)
	at app//org.junit.jupiter.engine.execution.MethodInvocation.proceed(MethodInvocation.java:60)
	at app//org.junit.jupiter.engine.execution.InvocationInterceptorChain$ValidatingInvocation.proceed(InvocationInterceptorChain.java:131)
	at app//org.junit.jupiter.engine.extension.TimeoutExtension.intercept(TimeoutExtension.java:156)
	at app//org.junit.jupiter.engine.extension.TimeoutExtension.interceptTestableMethod(TimeoutExtension.java:147)
	at app//org.junit.jupiter.engine.extension.TimeoutExtension.interceptTestTemplateMethod(TimeoutExtension.java:94)
	at app//org.junit.jupiter.engine.execution.InterceptingExecutableInvoker$ReflectiveInterceptorCall.lambda$ofVoidMethod$0(InterceptingExecutableInvoker.java:103)
	at app//org.junit.jupiter.engine.execution.InterceptingExecutableInvoker.lambda$invoke$0(InterceptingExecutableInvoker.java:93)
	at app//org.junit.jupiter.engine.execution.InvocationInterceptorChain$InterceptedInvocation.proceed(InvocationInterceptorChain.java:106)
	at app//org.junit.jupiter.engine.execution.InvocationInterceptorChain.proceed(InvocationInterceptorChain.java:64)
	at app//org.junit.jupiter.engine.execution.InvocationInterceptorChain.chainAndInvoke(InvocationInterceptorChain.java:45)
	at app//org.junit.jupiter.engine.execution.InvocationInterceptorChain.invoke(InvocationInterceptorChain.java:37)
	at app//org.junit.jupiter.engine.execution.InterceptingExecutableInvoker.invoke(InterceptingExecutableInvoker.java:92)
	at app//org.junit.jupiter.engine.execution.InterceptingExecutableInvoker.invoke(InterceptingExecutableInvoker.java:86)
	at app//org.junit.jupiter.engine.descriptor.TestMethodTestDescriptor.lambda$invokeTestMethod$7(TestMethodTestDescriptor.java:217)
	at app//org.junit.platform.engine.support.hierarchical.ThrowableCollector.execute(ThrowableCollector.java:73)
	at app//org.junit.jupiter.engine.descriptor.TestMethodTestDescriptor.invokeTestMethod(TestMethodTestDescriptor.java:213)
	at app//org.junit.jupiter.engine.descriptor.TestMethodTestDescriptor.execute(TestMethodTestDescriptor.java:138)
	at app//org.junit.jupiter.engine.descriptor.TestMethodTestDescriptor.execute(TestMethodTestDescriptor.java:68)
	at app//org.junit.platform.engine.support.hierarchical.NodeTestTask.lambda$executeRecursively$6(NodeTestTask.java:151)
	at app//org.junit.platform.engine.support.hierarchical.ThrowableCollector.execute(ThrowableCollector.java:73)
	at app//org.junit.platform.engine.support.hierarchical.NodeTestTask.lambda$executeRecursively$8(NodeTestTask.java:141)
	at app//org.junit.platform.engine.support.hierarchical.Node.around(Node.java:137)
	at app//org.junit.platform.engine.support.hierarchical.NodeTestTask.lambda$executeRecursively$9(NodeTestTask.java:139)
	at app//org.junit.platform.engine.support.hierarchical.ThrowableCollector.execute(ThrowableCollector.java:73)
	at app//org.junit.platform.engine.support.hierarchical.NodeTestTask.executeRecursively(NodeTestTask.java:138)
	at app//org.junit.platform.engine.support.hierarchical.NodeTestTask.execute(NodeTestTask.java:95)
	at app//org.junit.platform.engine.support.hierarchical.SameThreadHierarchicalTestExecutorService.submit(SameThreadHierarchicalTestExecutorService.java:35)
	at app//org.junit.platform.engine.support.hierarchical.NodeTestTask$DefaultDynamicTestExecutor.execute(NodeTestTask.java:226)
	at app//org.junit.platform.engine.support.hierarchical.NodeTestTask$DefaultDynamicTestExecutor.execute(NodeTestTask.java:204)
	at app//org.junit.jupiter.engine.descriptor.TestTemplateTestDescriptor.execute(TestTemplateTestDescriptor.java:142)
	at app//org.junit.jupiter.engine.descriptor.TestTemplateTestDescriptor.lambda$execute$2(TestTemplateTestDescriptor.java:110)
	at java.base@11.0.19/java.util.stream.ForEachOps$ForEachOp$OfRef.accept(ForEachOps.java:183)
	at java.base@11.0.19/java.util.stream.ReferencePipeline$3$1.accept(ReferencePipeline.java:195)
	at java.base@11.0.19/java.util.stream.ReferencePipeline$2$1.accept(ReferencePipeline.java:177)
	at java.base@11.0.19/java.util.stream.ReferencePipeline$3$1.accept(ReferencePipeline.java:195)
	at java.base@11.0.19/java.util.stream.ForEachOps$ForEachOp$OfRef.accept(ForEachOps.java:183)
	at java.base@11.0.19/java.util.stream.ReferencePipeline$3$1.accept(ReferencePipeline.java:195)
	at java.base@11.0.19/java.util.stream.ReferencePipeline$3$1.accept(ReferencePipeline.java:195)
	at java.base@11.0.19/java.util.stream.ReferencePipeline$3$1.accept(ReferencePipeline.java:195)
	at java.base@11.0.19/java.util.stream.ForEachOps$ForEachOp$OfRef.accept(ForEachOps.java:183)
	at java.base@11.0.19/java.util.stream.ReferencePipeline$3$1.accept(ReferencePipeline.java:195)
	at java.base@11.0.19/java.util.ArrayList$ArrayListSpliterator.forEachRemaining(ArrayList.java:1655)
	at java.base@11.0.19/java.util.stream.ReferencePipeline$Head.forEach(ReferencePipeline.java:658)
	at java.base@11.0.19/java.util.stream.ReferencePipeline$7$1.accept(ReferencePipeline.java:274)
	at java.base@11.0.19/java.util.stream.ReferencePipeline$3$1.accept(ReferencePipeline.java:195)
	at java.base@11.0.19/java.util.stream.ReferencePipeline$3$1.accept(ReferencePipeline.java:195)
	at java.base@11.0.19/java.util.Spliterators$ArraySpliterator.forEachRemaining(Spliterators.java:948)
	at java.base@11.0.19/java.util.stream.AbstractPipeline.copyInto(AbstractPipeline.java:484)
	at java.base@11.0.19/java.util.stream.AbstractPipeline.wrapAndCopyInto(AbstractPipeline.java:474)
	at java.base@11.0.19/java.util.stream.ForEachOps$ForEachOp.evaluateSequential(ForEachOps.java:150)
	at java.base@11.0.19/java.util.stream.ForEachOps$ForEachOp$OfRef.evaluateSequential(ForEachOps.java:173)
	at java.base@11.0.19/java.util.stream.AbstractPipeline.evaluate(AbstractPipeline.java:234)
	at java.base@11.0.19/java.util.stream.ReferencePipeline.forEach(ReferencePipeline.java:497)
	at java.base@11.0.19/java.util.stream.ReferencePipeline$7$1.accept(ReferencePipeline.java:274)
	at java.base@11.0.19/java.util.stream.ReferencePipeline$3$1.accept(ReferencePipeline.java:195)
	at java.base@11.0.19/java.util.stream.ReferencePipeline$3$1.accept(ReferencePipeline.java:195)
	at java.base@11.0.19/java.util.stream.ReferencePipeline$3$1.accept(ReferencePipeline.java:195)
	at java.base@11.0.19/java.util.ArrayList$ArrayListSpliterator.forEachRemaining(ArrayList.java:1655)
	at java.base@11.0.19/java.util.stream.AbstractPipeline.copyInto(AbstractPipeline.java:484)
	at java.base@11.0.19/java.util.stream.AbstractPipeline.wrapAndCopyInto(AbstractPipeline.java:474)
	at java.base@11.0.19/java.util.stream.ForEachOps$ForEachOp.evaluateSequential(ForEachOps.java:150)
	at java.base@11.0.19/java.util.stream.ForEachOps$ForEachOp$OfRef.evaluateSequential(ForEachOps.java:173)
	at java.base@11.0.19/java.util.stream.AbstractPipeline.evaluate(AbstractPipeline.java:234)
	at java.base@11.0.19/java.util.stream.ReferencePipeline.forEach(ReferencePipeline.java:497)
	at java.base@11.0.19/java.util.stream.ReferencePipeline$7$1.accept(ReferencePipeline.java:274)
	at java.base@11.0.19/java.util.ArrayList$ArrayListSpliterator.forEachRemaining(ArrayList.java:1655)
	at java.base@11.0.19/java.util.stream.AbstractPipeline.copyInto(AbstractPipeline.java:484)
	at java.base@11.0.19/java.util.stream.AbstractPipeline.wrapAndCopyInto(AbstractPipeline.java:474)
	at java.base@11.0.19/java.util.stream.ForEachOps$ForEachOp.evaluateSequential(ForEachOps.java:150)
	at java.base@11.0.19/java.util.stream.ForEachOps$ForEachOp$OfRef.evaluateSequential(ForEachOps.java:173)
	at java.base@11.0.19/java.util.stream.AbstractPipeline.evaluate(AbstractPipeline.java:234)
	at java.base@11.0.19/java.util.stream.ReferencePipeline.forEach(ReferencePipeline.java:497)
	at app//org.junit.jupiter.engine.descriptor.TestTemplateTestDescriptor.execute(TestTemplateTestDescriptor.java:110)
	at app//org.junit.jupiter.engine.descriptor.TestTemplateTestDescriptor.execute(TestTemplateTestDescriptor.java:44)
	at app//org.junit.platform.engine.support.hierarchical.NodeTestTask.lambda$executeRecursively$6(NodeTestTask.java:151)
	at app//org.junit.platform.engine.support.hierarchical.ThrowableCollector.execute(ThrowableCollector.java:73)
	at app//org.junit.platform.engine.support.hierarchical.NodeTestTask.lambda$executeRecursively$8(NodeTestTask.java:141)
	at app//org.junit.platform.engine.support.hierarchical.Node.around(Node.java:137)
	at app//org.junit.platform.engine.support.hierarchical.NodeTestTask.lambda$executeRecursively$9(NodeTestTask.java:139)
	at app//org.junit.platform.engine.support.hierarchical.ThrowableCollector.execute(ThrowableCollector.java:73)
	at app//org.junit.platform.engine.support.hierarchical.NodeTestTask.executeRecursively(NodeTestTask.java:138)
	at app//org.junit.platform.engine.support.hierarchical.NodeTestTask.execute(NodeTestTask.java:95)
	at java.base@11.0.19/java.util.ArrayList.forEach(ArrayList.java:1541)
	at app//org.junit.platform.engine.support.hierarchical.SameThreadHierarchicalTestExecutorService.invokeAll(SameThreadHierarchicalTestExecutorService.java:41)
	at app//org.junit.platform.engine.support.hierarchical.NodeTestTask.lambda$executeRecursively$6(NodeTestTask.java:155)
	at app//org.junit.platform.engine.support.hierarchical.ThrowableCollector.execute(ThrowableCollector.java:73)
	at app//org.junit.platform.engine.support.hierarchical.NodeTestTask.lambda$executeRecursively$8(NodeTestTask.java:141)
	at app//org.junit.platform.engine.support.hierarchical.Node.around(Node.java:137)
	at app//org.junit.platform.engine.support.hierarchical.NodeTestTask.lambda$executeRecursively$9(NodeTestTask.java:139)
	at app//org.junit.platform.engine.support.hierarchical.ThrowableCollector.execute(ThrowableCollector.java:73)
	at app//org.junit.platform.engine.support.hierarchical.NodeTestTask.executeRecursively(NodeTestTask.java:138)
	at app//org.junit.platform.engine.support.hierarchical.NodeTestTask.execute(NodeTestTask.java:95)
	at java.base@11.0.19/java.util.ArrayList.forEach(ArrayList.java:1541)
	at app//org.junit.platform.engine.support.hierarchical.SameThreadHierarchicalTestExecutorService.invokeAll(SameThreadHierarchicalTestExecutorService.java:41)
	at app//org.junit.platform.engine.support.hierarchical.NodeTestTask.lambda$executeRecursively$6(NodeTestTask.java:155)
	at app//org.junit.platform.engine.support.hierarchical.ThrowableCollector.execute(ThrowableCollector.java:73)
	at app//org.junit.platform.engine.support.hierarchical.NodeTestTask.lambda$executeRecursively$8(NodeTestTask.java:141)
	at app//org.junit.platform.engine.support.hierarchical.Node.around(Node.java:137)
	at app//org.junit.platform.engine.support.hierarchical.NodeTestTask.lambda$executeRecursively$9(NodeTestTask.java:139)
	at app//org.junit.platform.engine.support.hierarchical.ThrowableCollector.execute(ThrowableCollector.java:73)
	at app//org.junit.platform.engine.support.hierarchical.NodeTestTask.executeRecursively(NodeTestTask.java:138)
	at app//org.junit.platform.engine.support.hierarchical.NodeTestTask.execute(NodeTestTask.java:95)
	at app//org.junit.platform.engine.support.hierarchical.SameThreadHierarchicalTestExecutorService.submit(SameThreadHierarchicalTestExecutorService.java:35)
	at app//org.junit.platform.engine.support.hierarchical.HierarchicalTestExecutor.execute(HierarchicalTestExecutor.java:57)
	at app//org.junit.platform.engine.support.hierarchical.HierarchicalTestEngine.execute(HierarchicalTestEngine.java:54)
	at app//org.junit.platform.launcher.core.EngineExecutionOrchestrator.execute(EngineExecutionOrchestrator.java:107)
	at app//org.junit.platform.launcher.core.EngineExecutionOrchestrator.execute(EngineExecutionOrchestrator.java:88)
	at app//org.junit.platform.launcher.core.EngineExecutionOrchestrator.lambda$execute$0(EngineExecutionOrchestrator.java:54)
	at app//org.junit.platform.launcher.core.EngineExecutionOrchestrator.withInterceptedStreams(EngineExecutionOrchestrator.java:67)
	at app//org.junit.platform.launcher.core.EngineExecutionOrchestrator.execute(EngineExecutionOrchestrator.java:52)
	at app//org.junit.platform.launcher.core.DefaultLauncher.execute(DefaultLauncher.java:114)
	at app//org.junit.platform.launcher.core.DefaultLauncher.execute(DefaultLauncher.java:86)
	at app//org.junit.platform.launcher.core.DefaultLauncherSession$DelegatingLauncher.execute(DefaultLauncherSession.java:86)
	at org.gradle.api.internal.tasks.testing.junitplatform.JUnitPlatformTestClassProcessor$CollectAllTestClassesExecutor.processAllTestClasses(JUnitPlatformTestClassProcessor.java:110)
	at org.gradle.api.internal.tasks.testing.junitplatform.JUnitPlatformTestClassProcessor$CollectAllTestClassesExecutor.access$000(JUnitPlatformTestClassProcessor.java:90)
	at org.gradle.api.internal.tasks.testing.junitplatform.JUnitPlatformTestClassProcessor.stop(JUnitPlatformTestClassProcessor.java:85)
	at org.gradle.api.internal.tasks.testing.SuiteTestClassProcessor.stop(SuiteTestClassProcessor.java:62)
	at java.base@11.0.19/jdk.internal.reflect.NativeMethodAccessorImpl.invoke0(Native Method)
	at java.base@11.0.19/jdk.internal.reflect.NativeMethodAccessorImpl.invoke(NativeMethodAccessorImpl.java:62)
	at java.base@11.0.19/jdk.internal.reflect.DelegatingMethodAccessorImpl.invoke(DelegatingMethodAccessorImpl.java:43)
	at java.base@11.0.19/java.lang.reflect.Method.invoke(Method.java:566)
	at org.gradle.internal.dispatch.ReflectionDispatch.dispatch(ReflectionDispatch.java:36)
	at org.gradle.internal.dispatch.ReflectionDispatch.dispatch(ReflectionDispatch.java:24)
	at org.gradle.internal.dispatch.ContextClassLoaderDispatch.dispatch(ContextClassLoaderDispatch.java:33)
	at org.gradle.internal.dispatch.ProxyDispatchAdapter$DispatchingInvocationHandler.invoke(ProxyDispatchAdapter.java:94)
	at com.sun.proxy.$Proxy5.stop(Unknown Source)
	at org.gradle.api.internal.tasks.testing.worker.TestWorker$3.run(TestWorker.java:193)
	at org.gradle.api.internal.tasks.testing.worker.TestWorker.executeAndMaintainThreadName(TestWorker.java:129)
	at org.gradle.api.internal.tasks.testing.worker.TestWorker.execute(TestWorker.java:100)
	at org.gradle.api.internal.tasks.testing.worker.TestWorker.execute(TestWorker.java:60)
	at org.gradle.process.internal.worker.child.ActionExecutionWorker.execute(ActionExecutionWorker.java:56)
	at org.gradle.process.internal.worker.child.SystemApplicationClassLoaderWorker.call(SystemApplicationClassLoaderWorker.java:113)
	at org.gradle.process.internal.worker.child.SystemApplicationClassLoaderWorker.call(SystemApplicationClassLoaderWorker.java:65)
	at app//worker.org.gradle.process.internal.worker.GradleWorkerMain.run(GradleWorkerMain.java:69)
	at app//worker.org.gradle.process.internal.worker.GradleWorkerMain.main(GradleWorkerMain.java:74)
Caused by: java.lang.AssertionError: A reference was unexpectedly null.
	at com.github.javaparser.utils.Utils.assertNotNull(Utils.java:60)
	at com.github.javaparser.ast.expr.AssignExpr.setValue(AssignExpr.java:186)
	at com.github.javaparser.ast.expr.AssignExpr.&lt;init&gt;(AssignExpr.java:127)
	at com.github.javaparser.ast.expr.AssignExpr.&lt;init&gt;(AssignExpr.java:117)
	at de.uka.ilkd.key.java.transformations.AstFactory.assign(AstFactory.java:106)
	at de.uka.ilkd.key.java.transformations.pipeline.PrepareObjectBuilder.defaultSettings(PrepareObjectBuilder.java:80)
	at de.uka.ilkd.key.java.transformations.pipeline.PrepareObjectBuilder.createPrepareBody(PrepareObjectBuilder.java:100)
	at de.uka.ilkd.key.java.transformations.pipeline.PrepareObjectBuilder.createMethod(PrepareObjectBuilder.java:119)
	at de.uka.ilkd.key.java.transformations.pipeline.PrepareObjectBuilder.apply(PrepareObjectBuilder.java:148)
	at de.uka.ilkd.key.java.transformations.KeYJavaPipeline.apply(KeYJavaPipeline.java:61)
	at de.uka.ilkd.key.java.transformations.KeYJavaPipeline.apply(KeYJavaPipeline.java:54)
	at de.uka.ilkd.key.java.JavaService.transformModel(JavaService.java:582)
	at de.uka.ilkd.key.java.JavaService.parseLibraryClasses0(JavaService.java:528)
	at de.uka.ilkd.key.java.JavaService.parseSpecialClasses(JavaService.java:511)
	at de.uka.ilkd.key.proof.init.ProblemInitializer.readJava(ProblemInitializer.java:280)
	at de.uka.ilkd.key.proof.init.ProblemInitializer.prepare(ProblemInitializer.java:529)
	at de.uka.ilkd.key.proof.init.ProblemInitializer.prepare(ProblemInitializer.java:471)
	at de.uka.ilkd.key.proof.io.AbstractProblemLoader.createInitConfig(AbstractProblemLoader.java:558)
	at de.uka.ilkd.key.proof.io.AbstractProblemLoader.loadEnvironment(AbstractProblemLoader.java:318)
	at de.uka.ilkd.key.proof.io.AbstractProblemLoader.load(AbstractProblemLoader.java:276)
	at de.uka.ilkd.key.proof.io.AbstractProblemLoader.load(AbstractProblemLoader.java:258)
	at de.uka.ilkd.key.control.AbstractUserInterfaceControl.load(AbstractUserInterfaceControl.java:212)
	... 145 more
</failure>
  </testcase>
  <system-out><![CDATA[]]></system-out>
  <system-err><![CDATA[95818      INFO  Test worker     d.u.i.k.s.n.ProveSMTLemmasTest Now processing file D:\a\key\key\key.core\build\resources\test\de\uka\ilkd\key\smt\newsmt2\SMT_lemma_jmod.dl.proof 
95818      INFO  Test worker     d.u.i.k.p.i.AbstractProblemLoader Loading environment from D:\a\key\key\key.core\build\resources\test\de\uka\ilkd\key\smt\newsmt2\SMT_lemma_jmod.dl.proof 
95818      DEBUG Test worker     d.u.i.k.p.i.AbstractProblemLoader Environment load took 109.4ns 
95818      INFO  Test worker     d.u.i.k.p.i.AbstractProblemLoader Creating init config 
96021      INFO  Test worker     d.u.i.k.s.n.ProveSMTLemmasTest Now processing file C:\Users\RUNNER~1\AppData\Local\Temp\SMT_lemma_seqSub.dl_15900438433735271036.key 
96021      INFO  Test worker     d.u.i.k.p.i.AbstractProblemLoader Loading environment from C:\Users\RUNNER~1\AppData\Local\Temp\SMT_lemma_seqSub.dl_15900438433735271036.key 
96021      DEBUG Test worker     d.u.i.k.p.i.AbstractProblemLoader Environment load took 311.1ns 
96021      INFO  Test worker     d.u.i.k.p.i.AbstractProblemLoader Creating init config 
96161      INFO  Test worker     d.u.i.k.s.n.ProveSMTLemmasTest Now processing file D:\a\key\key\key.core\build\resources\test\de\uka\ilkd\key\smt\newsmt2\SMT_lemma_seqGetOutside.dl.proof 
96240      INFO  Test worker     d.u.i.k.p.i.AbstractProblemLoader Loading environment from D:\a\key\key\key.core\build\resources\test\de\uka\ilkd\key\smt\newsmt2\SMT_lemma_seqGetOutside.dl.proof 
96240      DEBUG Test worker     d.u.i.k.p.i.AbstractProblemLoader Environment load took 444.8ns 
96255      INFO  Test worker     d.u.i.k.p.i.AbstractProblemLoader Creating init config 
96443      INFO  Test worker     d.u.i.k.s.n.ProveSMTLemmasTest Now processing file C:\Users\RUNNER~1\AppData\Local\Temp\SMT_lemma_singleton.dl_2525185646120436024.key 
96443      INFO  Test worker     d.u.i.k.p.i.AbstractProblemLoader Loading environment from C:\Users\RUNNER~1\AppData\Local\Temp\SMT_lemma_singleton.dl_2525185646120436024.key 
96443      DEBUG Test worker     d.u.i.k.p.i.AbstractProblemLoader Environment load took 121.4ns 
96443      INFO  Test worker     d.u.i.k.p.i.AbstractProblemLoader Creating init config 
96568      INFO  Test worker     d.u.i.k.s.n.ProveSMTLemmasTest Now processing file C:\Users\RUNNER~1\AppData\Local\Temp\SMT_lemma_create.dl_877929480113031657.key 
96568      INFO  Test worker     d.u.i.k.p.i.AbstractProblemLoader Loading environment from C:\Users\RUNNER~1\AppData\Local\Temp\SMT_lemma_create.dl_877929480113031657.key 
96568      DEBUG Test worker     d.u.i.k.p.i.AbstractProblemLoader Environment load took 209.2ns 
96568      INFO  Test worker     d.u.i.k.p.i.AbstractProblemLoader Creating init config 
96708      INFO  Test worker     d.u.i.k.s.n.ProveSMTLemmasTest Now processing file C:\Users\RUNNER~1\AppData\Local\Temp\SMT_lemma_allFields.dl_4962959214262053405.key 
96708      INFO  Test worker     d.u.i.k.p.i.AbstractProblemLoader Loading environment from C:\Users\RUNNER~1\AppData\Local\Temp\SMT_lemma_allFields.dl_4962959214262053405.key 
96708      DEBUG Test worker     d.u.i.k.p.i.AbstractProblemLoader Environment load took 125.4ns 
96708      INFO  Test worker     d.u.i.k.p.i.AbstractProblemLoader Creating init config 
96896      INFO  Test worker     d.u.i.k.s.n.ProveSMTLemmasTest Now processing file C:\Users\RUNNER~1\AppData\Local\Temp\SMT_lemma_seqEmpty.dl_16308893251917387819.key 
96896      INFO  Test worker     d.u.i.k.p.i.AbstractProblemLoader Loading environment from C:\Users\RUNNER~1\AppData\Local\Temp\SMT_lemma_seqEmpty.dl_16308893251917387819.key 
96896      DEBUG Test worker     d.u.i.k.p.i.AbstractProblemLoader Environment load took 128.2ns 
96896      INFO  Test worker     d.u.i.k.p.i.AbstractProblemLoader Creating init config 
97037      INFO  Test worker     d.u.i.k.s.n.ProveSMTLemmasTest Now processing file C:\Users\RUNNER~1\AppData\Local\Temp\SMT_lemma_union.dl_6798717288505711351.key 
97037      INFO  Test worker     d.u.i.k.p.i.AbstractProblemLoader Loading environment from C:\Users\RUNNER~1\AppData\Local\Temp\SMT_lemma_union.dl_6798717288505711351.key 
97037      DEBUG Test worker     d.u.i.k.p.i.AbstractProblemLoader Environment load took 134.5ns 
97037      INFO  Test worker     d.u.i.k.p.i.AbstractProblemLoader Creating init config 
97193      INFO  Test worker     d.u.i.k.s.n.ProveSMTLemmasTest Now processing file C:\Users\RUNNER~1\AppData\Local\Temp\SMT_lemma_seqConcat.dl.2_60406087052968951.key 
97193      INFO  Test worker     d.u.i.k.p.i.AbstractProblemLoader Loading environment from C:\Users\RUNNER~1\AppData\Local\Temp\SMT_lemma_seqConcat.dl.2_60406087052968951.key 
97193      DEBUG Test worker     d.u.i.k.p.i.AbstractProblemLoader Environment load took 293.4ns 
97193      INFO  Test worker     d.u.i.k.p.i.AbstractProblemLoader Creating init config 
97349      INFO  Test worker     d.u.i.k.s.n.ProveSMTLemmasTest Now processing file C:\Users\RUNNER~1\AppData\Local\Temp\SMT_lemma_wellFormed.dl_13899070983179311031.key 
97349      INFO  Test worker     d.u.i.k.p.i.AbstractProblemLoader Loading environment from C:\Users\RUNNER~1\AppData\Local\Temp\SMT_lemma_wellFormed.dl_13899070983179311031.key 
97349      DEBUG Test worker     d.u.i.k.p.i.AbstractProblemLoader Environment load took 286ns 
97349      INFO  Test worker     d.u.i.k.p.i.AbstractProblemLoader Creating init config 
97584      INFO  Test worker     d.u.i.k.s.n.ProveSMTLemmasTest Now processing file D:\a\key\key\key.core\build\resources\test\de\uka\ilkd\key\smt\newsmt2\SMT_lemma_jdiv.dl.proof 
97584      INFO  Test worker     d.u.i.k.p.i.AbstractProblemLoader Loading environment from D:\a\key\key\key.core\build\resources\test\de\uka\ilkd\key\smt\newsmt2\SMT_lemma_jdiv.dl.proof 
97584      DEBUG Test worker     d.u.i.k.p.i.AbstractProblemLoader Environment load took 113ns 
97662      INFO  Test worker     d.u.i.k.p.i.AbstractProblemLoader Creating init config 
97865      INFO  Test worker     d.u.i.k.s.n.ProveSMTLemmasTest Now processing file C:\Users\RUNNER~1\AppData\Local\Temp\SMT_lemma_empty.dl_16315004662454650102.key 
97865      INFO  Test worker     d.u.i.k.p.i.AbstractProblemLoader Loading environment from C:\Users\RUNNER~1\AppData\Local\Temp\SMT_lemma_empty.dl_16315004662454650102.key 
97865      DEBUG Test worker     d.u.i.k.p.i.AbstractProblemLoader Environment load took 316.7ns 
97865      INFO  Test worker     d.u.i.k.p.i.AbstractProblemLoader Creating init config 
98162      INFO  Test worker     d.u.i.k.s.n.ProveSMTLemmasTest Now processing file C:\Users\RUNNER~1\AppData\Local\Temp\SMT_lemma_allLocs.dl_4468722242942041162.key 
98162      INFO  Test worker     d.u.i.k.p.i.AbstractProblemLoader Loading environment from C:\Users\RUNNER~1\AppData\Local\Temp\SMT_lemma_allLocs.dl_4468722242942041162.key 
98162      DEBUG Test worker     d.u.i.k.p.i.AbstractProblemLoader Environment load took 335.7ns 
98162      INFO  Test worker     d.u.i.k.p.i.AbstractProblemLoader Creating init config 
98318      INFO  Test worker     d.u.i.k.s.n.ProveSMTLemmasTest Now processing file C:\Users\RUNNER~1\AppData\Local\Temp\SMT_lemma_arrayRange.dl_1066349483524996255.key 
98318      INFO  Test worker     d.u.i.k.p.i.AbstractProblemLoader Loading environment from C:\Users\RUNNER~1\AppData\Local\Temp\SMT_lemma_arrayRange.dl_1066349483524996255.key 
98318      DEBUG Test worker     d.u.i.k.p.i.AbstractProblemLoader Environment load took 300.4ns 
98318      INFO  Test worker     d.u.i.k.p.i.AbstractProblemLoader Creating init config 
98538      INFO  Test worker     d.u.i.k.s.n.ProveSMTLemmasTest Now processing file C:\Users\RUNNER~1\AppData\Local\Temp\SMT_lemma_seqConcat.dl_3703900451055019792.key 
98538      INFO  Test worker     d.u.i.k.p.i.AbstractProblemLoader Loading environment from C:\Users\RUNNER~1\AppData\Local\Temp\SMT_lemma_seqConcat.dl_3703900451055019792.key 
98538      DEBUG Test worker     d.u.i.k.p.i.AbstractProblemLoader Environment load took 130.8ns 
98538      INFO  Test worker     d.u.i.k.p.i.AbstractProblemLoader Creating init config 
98757      INFO  Test worker     d.u.i.k.s.n.ProveSMTLemmasTest Now processing file C:\Users\RUNNER~1\AppData\Local\Temp\SMT_lemma_seqLen.dl_13413823257244020306.key 
98757      INFO  Test worker     d.u.i.k.p.i.AbstractProblemLoader Loading environment from C:\Users\RUNNER~1\AppData\Local\Temp\SMT_lemma_seqLen.dl_13413823257244020306.key 
98788      DEBUG Test worker     d.u.i.k.p.i.AbstractProblemLoader Environment load took 20.38ms 
98788      INFO  Test worker     d.u.i.k.p.i.AbstractProblemLoader Creating init config 
98944      INFO  Test worker     d.u.i.k.s.n.ProveSMTLemmasTest Now processing file C:\Users\RUNNER~1\AppData\Local\Temp\SMT_lemma_length.dl_11871947203592291450.key 
98944      INFO  Test worker     d.u.i.k.p.i.AbstractProblemLoader Loading environment from C:\Users\RUNNER~1\AppData\Local\Temp\SMT_lemma_length.dl_11871947203592291450.key 
98944      DEBUG Test worker     d.u.i.k.p.i.AbstractProblemLoader Environment load took 147.6ns 
98944      INFO  Test worker     d.u.i.k.p.i.AbstractProblemLoader Creating init config 
99163      INFO  Test worker     d.u.i.k.s.n.ProveSMTLemmasTest Now processing file C:\Users\RUNNER~1\AppData\Local\Temp\SMT_lemma_freshLocs.dl_11349647181460305992.key 
99163      INFO  Test worker     d.u.i.k.p.i.AbstractProblemLoader Loading environment from C:\Users\RUNNER~1\AppData\Local\Temp\SMT_lemma_freshLocs.dl_11349647181460305992.key 
99163      DEBUG Test worker     d.u.i.k.p.i.AbstractProblemLoader Environment load took 307.9ns 
99163      INFO  Test worker     d.u.i.k.p.i.AbstractProblemLoader Creating init config 
99304      INFO  Test worker     d.u.i.k.s.n.ProveSMTLemmasTest Now processing file C:\Users\RUNNER~1\AppData\Local\Temp\SMT_lemma_anon.dl_3611214592433915745.key 
99304      INFO  Test worker     d.u.i.k.p.i.AbstractProblemLoader Loading environment from C:\Users\RUNNER~1\AppData\Local\Temp\SMT_lemma_anon.dl_3611214592433915745.key 
99304      DEBUG Test worker     d.u.i.k.p.i.AbstractProblemLoader Environment load took 300.6ns 
99304      INFO  Test worker     d.u.i.k.p.i.AbstractProblemLoader Creating init config 
99522      INFO  Test worker     d.u.i.k.s.n.ProveSMTLemmasTest Now processing file C:\Users\RUNNER~1\AppData\Local\Temp\SMT_lemma_memset.dl_9715134455689639664.key 
99522      INFO  Test worker     d.u.i.k.p.i.AbstractProblemLoader Loading environment from C:\Users\RUNNER~1\AppData\Local\Temp\SMT_lemma_memset.dl_9715134455689639664.key 
99522      DEBUG Test worker     d.u.i.k.p.i.AbstractProblemLoader Environment load took 126.1ns 
99522      INFO  Test worker     d.u.i.k.p.i.AbstractProblemLoader Creating init config 
99694      INFO  Test worker     d.u.i.k.s.n.ProveSMTLemmasTest Now processing file C:\Users\RUNNER~1\AppData\Local\Temp\SMT_lemma_store.dl_629337771989876844.key 
99694      INFO  Test worker     d.u.i.k.p.i.AbstractProblemLoader Loading environment from C:\Users\RUNNER~1\AppData\Local\Temp\SMT_lemma_store.dl_629337771989876844.key 
99694      DEBUG Test worker     d.u.i.k.p.i.AbstractProblemLoader Environment load took 131.6ns 
99710      INFO  Test worker     d.u.i.k.p.i.AbstractProblemLoader Creating init config 
99898      INFO  Test worker     d.u.i.k.s.n.ProveSMTLemmasTest Now processing file C:\Users\RUNNER~1\AppData\Local\Temp\SMT_lemma_seqSub.dl.2_14875707365291244186.key 
99898      INFO  Test worker     d.u.i.k.p.i.AbstractProblemLoader Loading environment from C:\Users\RUNNER~1\AppData\Local\Temp\SMT_lemma_seqSub.dl.2_14875707365291244186.key 
99898      DEBUG Test worker     d.u.i.k.p.i.AbstractProblemLoader Environment load took 615.5ns 
99898      INFO  Test worker     d.u.i.k.p.i.AbstractProblemLoader Creating init config 
100069     INFO  Test worker     d.u.i.k.s.n.ProveSMTLemmasTest Now processing file C:\Users\RUNNER~1\AppData\Local\Temp\SMT_lemma_seqSingleton.dl_15169196352734976338.key 
100069     INFO  Test worker     d.u.i.k.p.i.AbstractProblemLoader Loading environment from C:\Users\RUNNER~1\AppData\Local\Temp\SMT_lemma_seqSingleton.dl_15169196352734976338.key 
100069     DEBUG Test worker     d.u.i.k.p.i.AbstractProblemLoader Environment load took 279.5ns 
100069     INFO  Test worker     d.u.i.k.p.i.AbstractProblemLoader Creating init config 
100273     INFO  Test worker     d.u.i.k.s.n.ProveSMTLemmasTest Now processing file C:\Users\RUNNER~1\AppData\Local\Temp\SMT_lemma_seqSingleton.dl.2_12704763222321718375.key 
100273     INFO  Test worker     d.u.i.k.p.i.AbstractProblemLoader Loading environment from C:\Users\RUNNER~1\AppData\Local\Temp\SMT_lemma_seqSingleton.dl.2_12704763222321718375.key 
100273     DEBUG Test worker     d.u.i.k.p.i.AbstractProblemLoader Environment load took 129.1ns 
100273     INFO  Test worker     d.u.i.k.p.i.AbstractProblemLoader Creating init config 
100445     INFO  Test worker     d.u.i.k.s.n.ProveSMTLemmasTest Now processing file C:\Users\RUNNER~1\AppData\Local\Temp\SMT_lemma_null.dl_4634528695009872991.key 
100445     INFO  Test worker     d.u.i.k.p.i.AbstractProblemLoader Loading environment from C:\Users\RUNNER~1\AppData\Local\Temp\SMT_lemma_null.dl_4634528695009872991.key 
100445     DEBUG Test worker     d.u.i.k.p.i.AbstractProblemLoader Environment load took 286.9ns 
100445     INFO  Test worker     d.u.i.k.p.i.AbstractProblemLoader Creating init config 
]]></system-err>
</testsuite>
