<?xml version="1.0" encoding="UTF-8"?>
<testsuite name="de.uka.ilkd.key.util.TestNodePreorderIterator" tests="4" skipped="0" failures="0" errors="0" timestamp="2023-06-03T16:36:18" hostname="fv-az269-965" time="0.063">
  <properties/>
  <testcase name="testNodesThreeLevel()" classname="de.uka.ilkd.key.util.TestNodePreorderIterator" time="0.006"/>
  <testcase name="testEmptyRoot()" classname="de.uka.ilkd.key.util.TestNodePreorderIterator" time="0.003"/>
  <testcase name="testNodesTwoLevel()" classname="de.uka.ilkd.key.util.TestNodePreorderIterator" time="0.027"/>
  <testcase name="testNodesOneLevel()" classname="de.uka.ilkd.key.util.TestNodePreorderIterator" time="0.026"/>
  <system-out><![CDATA[]]></system-out>
  <system-err><![CDATA[]]></system-err>
</testsuite>
