<?xml version="1.0" encoding="UTF-8"?>
<testsuite name="de.uka.ilkd.key.parser.TestParser" tests="5" skipped="1" failures="3" errors="0" timestamp="2023-06-03T16:34:37" hostname="fv-az269-965" time="6.179">
  <properties/>
  <testcase name="testConstantEvaluationError()" classname="de.uka.ilkd.key.parser.TestParser" time="3.655">
    <failure message="java.lang.ClassCastException: class java.lang.NullPointerException cannot be cast to class de.uka.ilkd.key.java.PosConvertException (java.lang.NullPointerException is in module java.base of loader 'bootstrap'; de.uka.ilkd.key.java.PosConvertException is in unnamed module of loader 'app')" type="java.lang.ClassCastException">java.lang.ClassCastException: class java.lang.NullPointerException cannot be cast to class de.uka.ilkd.key.java.PosConvertException (java.lang.NullPointerException is in module java.base of loader 'bootstrap'; de.uka.ilkd.key.java.PosConvertException is in unnamed module of loader 'app')
	at de.uka.ilkd.key.parser.TestParser.testConstantEvaluationError(TestParser.java:94)
	at java.base/jdk.internal.reflect.NativeMethodAccessorImpl.invoke0(Native Method)
	at java.base/jdk.internal.reflect.NativeMethodAccessorImpl.invoke(NativeMethodAccessorImpl.java:62)
	at java.base/jdk.internal.reflect.DelegatingMethodAccessorImpl.invoke(DelegatingMethodAccessorImpl.java:43)
	at java.base/java.lang.reflect.Method.invoke(Method.java:566)
	at org.junit.platform.commons.util.ReflectionUtils.invokeMethod(ReflectionUtils.java:727)
	at org.junit.jupiter.engine.execution.MethodInvocation.proceed(MethodInvocation.java:60)
	at org.junit.jupiter.engine.execution.InvocationInterceptorChain$ValidatingInvocation.proceed(InvocationInterceptorChain.java:131)
	at org.junit.jupiter.engine.extension.TimeoutExtension.intercept(TimeoutExtension.java:156)
	at org.junit.jupiter.engine.extension.TimeoutExtension.interceptTestableMethod(TimeoutExtension.java:147)
	at org.junit.jupiter.engine.extension.TimeoutExtension.interceptTestMethod(TimeoutExtension.java:86)
	at org.junit.jupiter.engine.execution.InterceptingExecutableInvoker$ReflectiveInterceptorCall.lambda$ofVoidMethod$0(InterceptingExecutableInvoker.java:103)
	at org.junit.jupiter.engine.execution.InterceptingExecutableInvoker.lambda$invoke$0(InterceptingExecutableInvoker.java:93)
	at org.junit.jupiter.engine.execution.InvocationInterceptorChain$InterceptedInvocation.proceed(InvocationInterceptorChain.java:106)
	at org.junit.jupiter.engine.execution.InvocationInterceptorChain.proceed(InvocationInterceptorChain.java:64)
	at org.junit.jupiter.engine.execution.InvocationInterceptorChain.chainAndInvoke(InvocationInterceptorChain.java:45)
	at org.junit.jupiter.engine.execution.InvocationInterceptorChain.invoke(InvocationInterceptorChain.java:37)
	at org.junit.jupiter.engine.execution.InterceptingExecutableInvoker.invoke(InterceptingExecutableInvoker.java:92)
	at org.junit.jupiter.engine.execution.InterceptingExecutableInvoker.invoke(InterceptingExecutableInvoker.java:86)
	at org.junit.jupiter.engine.descriptor.TestMethodTestDescriptor.lambda$invokeTestMethod$7(TestMethodTestDescriptor.java:217)
	at org.junit.platform.engine.support.hierarchical.ThrowableCollector.execute(ThrowableCollector.java:73)
	at org.junit.jupiter.engine.descriptor.TestMethodTestDescriptor.invokeTestMethod(TestMethodTestDescriptor.java:213)
	at org.junit.jupiter.engine.descriptor.TestMethodTestDescriptor.execute(TestMethodTestDescriptor.java:138)
	at org.junit.jupiter.engine.descriptor.TestMethodTestDescriptor.execute(TestMethodTestDescriptor.java:68)
	at org.junit.platform.engine.support.hierarchical.NodeTestTask.lambda$executeRecursively$6(NodeTestTask.java:151)
	at org.junit.platform.engine.support.hierarchical.ThrowableCollector.execute(ThrowableCollector.java:73)
	at org.junit.platform.engine.support.hierarchical.NodeTestTask.lambda$executeRecursively$8(NodeTestTask.java:141)
	at org.junit.platform.engine.support.hierarchical.Node.around(Node.java:137)
	at org.junit.platform.engine.support.hierarchical.NodeTestTask.lambda$executeRecursively$9(NodeTestTask.java:139)
	at org.junit.platform.engine.support.hierarchical.ThrowableCollector.execute(ThrowableCollector.java:73)
	at org.junit.platform.engine.support.hierarchical.NodeTestTask.executeRecursively(NodeTestTask.java:138)
	at org.junit.platform.engine.support.hierarchical.NodeTestTask.execute(NodeTestTask.java:95)
	at java.base/java.util.ArrayList.forEach(ArrayList.java:1541)
	at org.junit.platform.engine.support.hierarchical.SameThreadHierarchicalTestExecutorService.invokeAll(SameThreadHierarchicalTestExecutorService.java:41)
	at org.junit.platform.engine.support.hierarchical.NodeTestTask.lambda$executeRecursively$6(NodeTestTask.java:155)
	at org.junit.platform.engine.support.hierarchical.ThrowableCollector.execute(ThrowableCollector.java:73)
	at org.junit.platform.engine.support.hierarchical.NodeTestTask.lambda$executeRecursively$8(NodeTestTask.java:141)
	at org.junit.platform.engine.support.hierarchical.Node.around(Node.java:137)
	at org.junit.platform.engine.support.hierarchical.NodeTestTask.lambda$executeRecursively$9(NodeTestTask.java:139)
	at org.junit.platform.engine.support.hierarchical.ThrowableCollector.execute(ThrowableCollector.java:73)
	at org.junit.platform.engine.support.hierarchical.NodeTestTask.executeRecursively(NodeTestTask.java:138)
	at org.junit.platform.engine.support.hierarchical.NodeTestTask.execute(NodeTestTask.java:95)
	at java.base/java.util.ArrayList.forEach(ArrayList.java:1541)
	at org.junit.platform.engine.support.hierarchical.SameThreadHierarchicalTestExecutorService.invokeAll(SameThreadHierarchicalTestExecutorService.java:41)
	at org.junit.platform.engine.support.hierarchical.NodeTestTask.lambda$executeRecursively$6(NodeTestTask.java:155)
	at org.junit.platform.engine.support.hierarchical.ThrowableCollector.execute(ThrowableCollector.java:73)
	at org.junit.platform.engine.support.hierarchical.NodeTestTask.lambda$executeRecursively$8(NodeTestTask.java:141)
	at org.junit.platform.engine.support.hierarchical.Node.around(Node.java:137)
	at org.junit.platform.engine.support.hierarchical.NodeTestTask.lambda$executeRecursively$9(NodeTestTask.java:139)
	at org.junit.platform.engine.support.hierarchical.ThrowableCollector.execute(ThrowableCollector.java:73)
	at org.junit.platform.engine.support.hierarchical.NodeTestTask.executeRecursively(NodeTestTask.java:138)
	at org.junit.platform.engine.support.hierarchical.NodeTestTask.execute(NodeTestTask.java:95)
	at org.junit.platform.engine.support.hierarchical.SameThreadHierarchicalTestExecutorService.submit(SameThreadHierarchicalTestExecutorService.java:35)
	at org.junit.platform.engine.support.hierarchical.HierarchicalTestExecutor.execute(HierarchicalTestExecutor.java:57)
	at org.junit.platform.engine.support.hierarchical.HierarchicalTestEngine.execute(HierarchicalTestEngine.java:54)
	at org.junit.platform.launcher.core.EngineExecutionOrchestrator.execute(EngineExecutionOrchestrator.java:107)
	at org.junit.platform.launcher.core.EngineExecutionOrchestrator.execute(EngineExecutionOrchestrator.java:88)
	at org.junit.platform.launcher.core.EngineExecutionOrchestrator.lambda$execute$0(EngineExecutionOrchestrator.java:54)
	at org.junit.platform.launcher.core.EngineExecutionOrchestrator.withInterceptedStreams(EngineExecutionOrchestrator.java:67)
	at org.junit.platform.launcher.core.EngineExecutionOrchestrator.execute(EngineExecutionOrchestrator.java:52)
	at org.junit.platform.launcher.core.DefaultLauncher.execute(DefaultLauncher.java:114)
	at org.junit.platform.launcher.core.DefaultLauncher.execute(DefaultLauncher.java:86)
	at org.junit.platform.launcher.core.DefaultLauncherSession$DelegatingLauncher.execute(DefaultLauncherSession.java:86)
	at org.gradle.api.internal.tasks.testing.junitplatform.JUnitPlatformTestClassProcessor$CollectAllTestClassesExecutor.processAllTestClasses(JUnitPlatformTestClassProcessor.java:110)
	at org.gradle.api.internal.tasks.testing.junitplatform.JUnitPlatformTestClassProcessor$CollectAllTestClassesExecutor.access$000(JUnitPlatformTestClassProcessor.java:90)
	at org.gradle.api.internal.tasks.testing.junitplatform.JUnitPlatformTestClassProcessor.stop(JUnitPlatformTestClassProcessor.java:85)
	at org.gradle.api.internal.tasks.testing.SuiteTestClassProcessor.stop(SuiteTestClassProcessor.java:62)
	at java.base/jdk.internal.reflect.NativeMethodAccessorImpl.invoke0(Native Method)
	at java.base/jdk.internal.reflect.NativeMethodAccessorImpl.invoke(NativeMethodAccessorImpl.java:62)
	at java.base/jdk.internal.reflect.DelegatingMethodAccessorImpl.invoke(DelegatingMethodAccessorImpl.java:43)
	at java.base/java.lang.reflect.Method.invoke(Method.java:566)
	at org.gradle.internal.dispatch.ReflectionDispatch.dispatch(ReflectionDispatch.java:36)
	at org.gradle.internal.dispatch.ReflectionDispatch.dispatch(ReflectionDispatch.java:24)
	at org.gradle.internal.dispatch.ContextClassLoaderDispatch.dispatch(ContextClassLoaderDispatch.java:33)
	at org.gradle.internal.dispatch.ProxyDispatchAdapter$DispatchingInvocationHandler.invoke(ProxyDispatchAdapter.java:94)
	at com.sun.proxy.$Proxy5.stop(Unknown Source)
	at org.gradle.api.internal.tasks.testing.worker.TestWorker$3.run(TestWorker.java:193)
	at org.gradle.api.internal.tasks.testing.worker.TestWorker.executeAndMaintainThreadName(TestWorker.java:129)
	at org.gradle.api.internal.tasks.testing.worker.TestWorker.execute(TestWorker.java:100)
	at org.gradle.api.internal.tasks.testing.worker.TestWorker.execute(TestWorker.java:60)
	at org.gradle.process.internal.worker.child.ActionExecutionWorker.execute(ActionExecutionWorker.java:56)
	at org.gradle.process.internal.worker.child.SystemApplicationClassLoaderWorker.call(SystemApplicationClassLoaderWorker.java:113)
	at org.gradle.process.internal.worker.child.SystemApplicationClassLoaderWorker.call(SystemApplicationClassLoaderWorker.java:65)
	at worker.org.gradle.process.internal.worker.GradleWorkerMain.run(GradleWorkerMain.java:69)
	at worker.org.gradle.process.internal.worker.GradleWorkerMain.main(GradleWorkerMain.java:74)
</failure>
  </testcase>
  <testcase name="testGenericSort()" classname="de.uka.ilkd.key.parser.TestParser" time="0.155">
    <failure message="java.lang.AssertionError: A reference was unexpectedly null." type="java.lang.AssertionError">java.lang.AssertionError: A reference was unexpectedly null.
	at com.github.javaparser.utils.Utils.assertNotNull(Utils.java:60)
	at com.github.javaparser.ast.expr.AssignExpr.setValue(AssignExpr.java:186)
	at com.github.javaparser.ast.expr.AssignExpr.&lt;init&gt;(AssignExpr.java:127)
	at com.github.javaparser.ast.expr.AssignExpr.&lt;init&gt;(AssignExpr.java:117)
	at de.uka.ilkd.key.java.transformations.AstFactory.assign(AstFactory.java:106)
	at de.uka.ilkd.key.java.transformations.pipeline.PrepareObjectBuilder.defaultSettings(PrepareObjectBuilder.java:80)
	at de.uka.ilkd.key.java.transformations.pipeline.PrepareObjectBuilder.createPrepareBody(PrepareObjectBuilder.java:100)
	at de.uka.ilkd.key.java.transformations.pipeline.PrepareObjectBuilder.createMethod(PrepareObjectBuilder.java:119)
	at de.uka.ilkd.key.java.transformations.pipeline.PrepareObjectBuilder.apply(PrepareObjectBuilder.java:148)
	at de.uka.ilkd.key.java.transformations.KeYJavaPipeline.apply(KeYJavaPipeline.java:61)
	at de.uka.ilkd.key.java.transformations.KeYJavaPipeline.apply(KeYJavaPipeline.java:54)
	at de.uka.ilkd.key.java.JavaService.transformModel(JavaService.java:582)
	at de.uka.ilkd.key.java.JavaService.parseLibraryClasses0(JavaService.java:528)
	at de.uka.ilkd.key.java.JavaService.parseSpecialClasses(JavaService.java:511)
	at de.uka.ilkd.key.proof.init.ProblemInitializer.readJava(ProblemInitializer.java:280)
	at de.uka.ilkd.key.proof.init.ProblemInitializer.prepare(ProblemInitializer.java:529)
	at de.uka.ilkd.key.proof.init.ProblemInitializer.prepare(ProblemInitializer.java:471)
	at de.uka.ilkd.key.rule.TacletForTests.parse(TacletForTests.java:80)
	at de.uka.ilkd.key.rule.TacletForTests.parse(TacletForTests.java:125)
	at de.uka.ilkd.key.rule.TacletForTests.parse(TacletForTests.java:129)
	at de.uka.ilkd.key.rule.TacletForTests.services(TacletForTests.java:102)
	at de.uka.ilkd.key.parser.TestParser.testGenericSort(TestParser.java:62)
	at java.base/jdk.internal.reflect.NativeMethodAccessorImpl.invoke0(Native Method)
	at java.base/jdk.internal.reflect.NativeMethodAccessorImpl.invoke(NativeMethodAccessorImpl.java:62)
	at java.base/jdk.internal.reflect.DelegatingMethodAccessorImpl.invoke(DelegatingMethodAccessorImpl.java:43)
	at java.base/java.lang.reflect.Method.invoke(Method.java:566)
	at org.junit.platform.commons.util.ReflectionUtils.invokeMethod(ReflectionUtils.java:727)
	at org.junit.jupiter.engine.execution.MethodInvocation.proceed(MethodInvocation.java:60)
	at org.junit.jupiter.engine.execution.InvocationInterceptorChain$ValidatingInvocation.proceed(InvocationInterceptorChain.java:131)
	at org.junit.jupiter.engine.extension.TimeoutExtension.intercept(TimeoutExtension.java:156)
	at org.junit.jupiter.engine.extension.TimeoutExtension.interceptTestableMethod(TimeoutExtension.java:147)
	at org.junit.jupiter.engine.extension.TimeoutExtension.interceptTestMethod(TimeoutExtension.java:86)
	at org.junit.jupiter.engine.execution.InterceptingExecutableInvoker$ReflectiveInterceptorCall.lambda$ofVoidMethod$0(InterceptingExecutableInvoker.java:103)
	at org.junit.jupiter.engine.execution.InterceptingExecutableInvoker.lambda$invoke$0(InterceptingExecutableInvoker.java:93)
	at org.junit.jupiter.engine.execution.InvocationInterceptorChain$InterceptedInvocation.proceed(InvocationInterceptorChain.java:106)
	at org.junit.jupiter.engine.execution.InvocationInterceptorChain.proceed(InvocationInterceptorChain.java:64)
	at org.junit.jupiter.engine.execution.InvocationInterceptorChain.chainAndInvoke(InvocationInterceptorChain.java:45)
	at org.junit.jupiter.engine.execution.InvocationInterceptorChain.invoke(InvocationInterceptorChain.java:37)
	at org.junit.jupiter.engine.execution.InterceptingExecutableInvoker.invoke(InterceptingExecutableInvoker.java:92)
	at org.junit.jupiter.engine.execution.InterceptingExecutableInvoker.invoke(InterceptingExecutableInvoker.java:86)
	at org.junit.jupiter.engine.descriptor.TestMethodTestDescriptor.lambda$invokeTestMethod$7(TestMethodTestDescriptor.java:217)
	at org.junit.platform.engine.support.hierarchical.ThrowableCollector.execute(ThrowableCollector.java:73)
	at org.junit.jupiter.engine.descriptor.TestMethodTestDescriptor.invokeTestMethod(TestMethodTestDescriptor.java:213)
	at org.junit.jupiter.engine.descriptor.TestMethodTestDescriptor.execute(TestMethodTestDescriptor.java:138)
	at org.junit.jupiter.engine.descriptor.TestMethodTestDescriptor.execute(TestMethodTestDescriptor.java:68)
	at org.junit.platform.engine.support.hierarchical.NodeTestTask.lambda$executeRecursively$6(NodeTestTask.java:151)
	at org.junit.platform.engine.support.hierarchical.ThrowableCollector.execute(ThrowableCollector.java:73)
	at org.junit.platform.engine.support.hierarchical.NodeTestTask.lambda$executeRecursively$8(NodeTestTask.java:141)
	at org.junit.platform.engine.support.hierarchical.Node.around(Node.java:137)
	at org.junit.platform.engine.support.hierarchical.NodeTestTask.lambda$executeRecursively$9(NodeTestTask.java:139)
	at org.junit.platform.engine.support.hierarchical.ThrowableCollector.execute(ThrowableCollector.java:73)
	at org.junit.platform.engine.support.hierarchical.NodeTestTask.executeRecursively(NodeTestTask.java:138)
	at org.junit.platform.engine.support.hierarchical.NodeTestTask.execute(NodeTestTask.java:95)
	at java.base/java.util.ArrayList.forEach(ArrayList.java:1541)
	at org.junit.platform.engine.support.hierarchical.SameThreadHierarchicalTestExecutorService.invokeAll(SameThreadHierarchicalTestExecutorService.java:41)
	at org.junit.platform.engine.support.hierarchical.NodeTestTask.lambda$executeRecursively$6(NodeTestTask.java:155)
	at org.junit.platform.engine.support.hierarchical.ThrowableCollector.execute(ThrowableCollector.java:73)
	at org.junit.platform.engine.support.hierarchical.NodeTestTask.lambda$executeRecursively$8(NodeTestTask.java:141)
	at org.junit.platform.engine.support.hierarchical.Node.around(Node.java:137)
	at org.junit.platform.engine.support.hierarchical.NodeTestTask.lambda$executeRecursively$9(NodeTestTask.java:139)
	at org.junit.platform.engine.support.hierarchical.ThrowableCollector.execute(ThrowableCollector.java:73)
	at org.junit.platform.engine.support.hierarchical.NodeTestTask.executeRecursively(NodeTestTask.java:138)
	at org.junit.platform.engine.support.hierarchical.NodeTestTask.execute(NodeTestTask.java:95)
	at java.base/java.util.ArrayList.forEach(ArrayList.java:1541)
	at org.junit.platform.engine.support.hierarchical.SameThreadHierarchicalTestExecutorService.invokeAll(SameThreadHierarchicalTestExecutorService.java:41)
	at org.junit.platform.engine.support.hierarchical.NodeTestTask.lambda$executeRecursively$6(NodeTestTask.java:155)
	at org.junit.platform.engine.support.hierarchical.ThrowableCollector.execute(ThrowableCollector.java:73)
	at org.junit.platform.engine.support.hierarchical.NodeTestTask.lambda$executeRecursively$8(NodeTestTask.java:141)
	at org.junit.platform.engine.support.hierarchical.Node.around(Node.java:137)
	at org.junit.platform.engine.support.hierarchical.NodeTestTask.lambda$executeRecursively$9(NodeTestTask.java:139)
	at org.junit.platform.engine.support.hierarchical.ThrowableCollector.execute(ThrowableCollector.java:73)
	at org.junit.platform.engine.support.hierarchical.NodeTestTask.executeRecursively(NodeTestTask.java:138)
	at org.junit.platform.engine.support.hierarchical.NodeTestTask.execute(NodeTestTask.java:95)
	at org.junit.platform.engine.support.hierarchical.SameThreadHierarchicalTestExecutorService.submit(SameThreadHierarchicalTestExecutorService.java:35)
	at org.junit.platform.engine.support.hierarchical.HierarchicalTestExecutor.execute(HierarchicalTestExecutor.java:57)
	at org.junit.platform.engine.support.hierarchical.HierarchicalTestEngine.execute(HierarchicalTestEngine.java:54)
	at org.junit.platform.launcher.core.EngineExecutionOrchestrator.execute(EngineExecutionOrchestrator.java:107)
	at org.junit.platform.launcher.core.EngineExecutionOrchestrator.execute(EngineExecutionOrchestrator.java:88)
	at org.junit.platform.launcher.core.EngineExecutionOrchestrator.lambda$execute$0(EngineExecutionOrchestrator.java:54)
	at org.junit.platform.launcher.core.EngineExecutionOrchestrator.withInterceptedStreams(EngineExecutionOrchestrator.java:67)
	at org.junit.platform.launcher.core.EngineExecutionOrchestrator.execute(EngineExecutionOrchestrator.java:52)
	at org.junit.platform.launcher.core.DefaultLauncher.execute(DefaultLauncher.java:114)
	at org.junit.platform.launcher.core.DefaultLauncher.execute(DefaultLauncher.java:86)
	at org.junit.platform.launcher.core.DefaultLauncherSession$DelegatingLauncher.execute(DefaultLauncherSession.java:86)
	at org.gradle.api.internal.tasks.testing.junitplatform.JUnitPlatformTestClassProcessor$CollectAllTestClassesExecutor.processAllTestClasses(JUnitPlatformTestClassProcessor.java:110)
	at org.gradle.api.internal.tasks.testing.junitplatform.JUnitPlatformTestClassProcessor$CollectAllTestClassesExecutor.access$000(JUnitPlatformTestClassProcessor.java:90)
	at org.gradle.api.internal.tasks.testing.junitplatform.JUnitPlatformTestClassProcessor.stop(JUnitPlatformTestClassProcessor.java:85)
	at org.gradle.api.internal.tasks.testing.SuiteTestClassProcessor.stop(SuiteTestClassProcessor.java:62)
	at java.base/jdk.internal.reflect.NativeMethodAccessorImpl.invoke0(Native Method)
	at java.base/jdk.internal.reflect.NativeMethodAccessorImpl.invoke(NativeMethodAccessorImpl.java:62)
	at java.base/jdk.internal.reflect.DelegatingMethodAccessorImpl.invoke(DelegatingMethodAccessorImpl.java:43)
	at java.base/java.lang.reflect.Method.invoke(Method.java:566)
	at org.gradle.internal.dispatch.ReflectionDispatch.dispatch(ReflectionDispatch.java:36)
	at org.gradle.internal.dispatch.ReflectionDispatch.dispatch(ReflectionDispatch.java:24)
	at org.gradle.internal.dispatch.ContextClassLoaderDispatch.dispatch(ContextClassLoaderDispatch.java:33)
	at org.gradle.internal.dispatch.ProxyDispatchAdapter$DispatchingInvocationHandler.invoke(ProxyDispatchAdapter.java:94)
	at com.sun.proxy.$Proxy5.stop(Unknown Source)
	at org.gradle.api.internal.tasks.testing.worker.TestWorker$3.run(TestWorker.java:193)
	at org.gradle.api.internal.tasks.testing.worker.TestWorker.executeAndMaintainThreadName(TestWorker.java:129)
	at org.gradle.api.internal.tasks.testing.worker.TestWorker.execute(TestWorker.java:100)
	at org.gradle.api.internal.tasks.testing.worker.TestWorker.execute(TestWorker.java:60)
	at org.gradle.process.internal.worker.child.ActionExecutionWorker.execute(ActionExecutionWorker.java:56)
	at org.gradle.process.internal.worker.child.SystemApplicationClassLoaderWorker.call(SystemApplicationClassLoaderWorker.java:113)
	at org.gradle.process.internal.worker.child.SystemApplicationClassLoaderWorker.call(SystemApplicationClassLoaderWorker.java:65)
	at worker.org.gradle.process.internal.worker.GradleWorkerMain.run(GradleWorkerMain.java:69)
	at worker.org.gradle.process.internal.worker.GradleWorkerMain.main(GradleWorkerMain.java:74)
</failure>
  </testcase>
  <testcase name="testIssue1566()" classname="de.uka.ilkd.key.parser.TestParser" time="2.361">
    <failure message="A reference was unexpectedly null. (file: src\test\resources\testcase\issues\1566\a.key; caused by: java.lang.AssertionError: A reference was unexpectedly null.)" type="de.uka.ilkd.key.proof.io.ProblemLoaderException">A reference was unexpectedly null. (file: src\test\resources\testcase\issues\1566\a.key; caused by: java.lang.AssertionError: A reference was unexpectedly null.)
	at app//de.uka.ilkd.key.control.AbstractUserInterfaceControl.load(AbstractUserInterfaceControl.java:225)
	at app//de.uka.ilkd.key.control.KeYEnvironment.load(KeYEnvironment.java:282)
	at app//de.uka.ilkd.key.control.KeYEnvironment.load(KeYEnvironment.java:251)
	at app//de.uka.ilkd.key.control.KeYEnvironment.load(KeYEnvironment.java:225)
	at app//de.uka.ilkd.key.control.KeYEnvironment.load(KeYEnvironment.java:185)
	at app//de.uka.ilkd.key.control.KeYEnvironment.load(KeYEnvironment.java:292)
	at app//de.uka.ilkd.key.parser.TestParser.testIssue1566(TestParser.java:73)
	at java.base@11.0.19/jdk.internal.reflect.NativeMethodAccessorImpl.invoke0(Native Method)
	at java.base@11.0.19/jdk.internal.reflect.NativeMethodAccessorImpl.invoke(NativeMethodAccessorImpl.java:62)
	at java.base@11.0.19/jdk.internal.reflect.DelegatingMethodAccessorImpl.invoke(DelegatingMethodAccessorImpl.java:43)
	at java.base@11.0.19/java.lang.reflect.Method.invoke(Method.java:566)
	at app//org.junit.platform.commons.util.ReflectionUtils.invokeMethod(ReflectionUtils.java:727)
	at app//org.junit.jupiter.engine.execution.MethodInvocation.proceed(MethodInvocation.java:60)
	at app//org.junit.jupiter.engine.execution.InvocationInterceptorChain$ValidatingInvocation.proceed(InvocationInterceptorChain.java:131)
	at app//org.junit.jupiter.engine.extension.TimeoutExtension.intercept(TimeoutExtension.java:156)
	at app//org.junit.jupiter.engine.extension.TimeoutExtension.interceptTestableMethod(TimeoutExtension.java:147)
	at app//org.junit.jupiter.engine.extension.TimeoutExtension.interceptTestMethod(TimeoutExtension.java:86)
	at app//org.junit.jupiter.engine.execution.InterceptingExecutableInvoker$ReflectiveInterceptorCall.lambda$ofVoidMethod$0(InterceptingExecutableInvoker.java:103)
	at app//org.junit.jupiter.engine.execution.InterceptingExecutableInvoker.lambda$invoke$0(InterceptingExecutableInvoker.java:93)
	at app//org.junit.jupiter.engine.execution.InvocationInterceptorChain$InterceptedInvocation.proceed(InvocationInterceptorChain.java:106)
	at app//org.junit.jupiter.engine.execution.InvocationInterceptorChain.proceed(InvocationInterceptorChain.java:64)
	at app//org.junit.jupiter.engine.execution.InvocationInterceptorChain.chainAndInvoke(InvocationInterceptorChain.java:45)
	at app//org.junit.jupiter.engine.execution.InvocationInterceptorChain.invoke(InvocationInterceptorChain.java:37)
	at app//org.junit.jupiter.engine.execution.InterceptingExecutableInvoker.invoke(InterceptingExecutableInvoker.java:92)
	at app//org.junit.jupiter.engine.execution.InterceptingExecutableInvoker.invoke(InterceptingExecutableInvoker.java:86)
	at app//org.junit.jupiter.engine.descriptor.TestMethodTestDescriptor.lambda$invokeTestMethod$7(TestMethodTestDescriptor.java:217)
	at app//org.junit.platform.engine.support.hierarchical.ThrowableCollector.execute(ThrowableCollector.java:73)
	at app//org.junit.jupiter.engine.descriptor.TestMethodTestDescriptor.invokeTestMethod(TestMethodTestDescriptor.java:213)
	at app//org.junit.jupiter.engine.descriptor.TestMethodTestDescriptor.execute(TestMethodTestDescriptor.java:138)
	at app//org.junit.jupiter.engine.descriptor.TestMethodTestDescriptor.execute(TestMethodTestDescriptor.java:68)
	at app//org.junit.platform.engine.support.hierarchical.NodeTestTask.lambda$executeRecursively$6(NodeTestTask.java:151)
	at app//org.junit.platform.engine.support.hierarchical.ThrowableCollector.execute(ThrowableCollector.java:73)
	at app//org.junit.platform.engine.support.hierarchical.NodeTestTask.lambda$executeRecursively$8(NodeTestTask.java:141)
	at app//org.junit.platform.engine.support.hierarchical.Node.around(Node.java:137)
	at app//org.junit.platform.engine.support.hierarchical.NodeTestTask.lambda$executeRecursively$9(NodeTestTask.java:139)
	at app//org.junit.platform.engine.support.hierarchical.ThrowableCollector.execute(ThrowableCollector.java:73)
	at app//org.junit.platform.engine.support.hierarchical.NodeTestTask.executeRecursively(NodeTestTask.java:138)
	at app//org.junit.platform.engine.support.hierarchical.NodeTestTask.execute(NodeTestTask.java:95)
	at java.base@11.0.19/java.util.ArrayList.forEach(ArrayList.java:1541)
	at app//org.junit.platform.engine.support.hierarchical.SameThreadHierarchicalTestExecutorService.invokeAll(SameThreadHierarchicalTestExecutorService.java:41)
	at app//org.junit.platform.engine.support.hierarchical.NodeTestTask.lambda$executeRecursively$6(NodeTestTask.java:155)
	at app//org.junit.platform.engine.support.hierarchical.ThrowableCollector.execute(ThrowableCollector.java:73)
	at app//org.junit.platform.engine.support.hierarchical.NodeTestTask.lambda$executeRecursively$8(NodeTestTask.java:141)
	at app//org.junit.platform.engine.support.hierarchical.Node.around(Node.java:137)
	at app//org.junit.platform.engine.support.hierarchical.NodeTestTask.lambda$executeRecursively$9(NodeTestTask.java:139)
	at app//org.junit.platform.engine.support.hierarchical.ThrowableCollector.execute(ThrowableCollector.java:73)
	at app//org.junit.platform.engine.support.hierarchical.NodeTestTask.executeRecursively(NodeTestTask.java:138)
	at app//org.junit.platform.engine.support.hierarchical.NodeTestTask.execute(NodeTestTask.java:95)
	at java.base@11.0.19/java.util.ArrayList.forEach(ArrayList.java:1541)
	at app//org.junit.platform.engine.support.hierarchical.SameThreadHierarchicalTestExecutorService.invokeAll(SameThreadHierarchicalTestExecutorService.java:41)
	at app//org.junit.platform.engine.support.hierarchical.NodeTestTask.lambda$executeRecursively$6(NodeTestTask.java:155)
	at app//org.junit.platform.engine.support.hierarchical.ThrowableCollector.execute(ThrowableCollector.java:73)
	at app//org.junit.platform.engine.support.hierarchical.NodeTestTask.lambda$executeRecursively$8(NodeTestTask.java:141)
	at app//org.junit.platform.engine.support.hierarchical.Node.around(Node.java:137)
	at app//org.junit.platform.engine.support.hierarchical.NodeTestTask.lambda$executeRecursively$9(NodeTestTask.java:139)
	at app//org.junit.platform.engine.support.hierarchical.ThrowableCollector.execute(ThrowableCollector.java:73)
	at app//org.junit.platform.engine.support.hierarchical.NodeTestTask.executeRecursively(NodeTestTask.java:138)
	at app//org.junit.platform.engine.support.hierarchical.NodeTestTask.execute(NodeTestTask.java:95)
	at app//org.junit.platform.engine.support.hierarchical.SameThreadHierarchicalTestExecutorService.submit(SameThreadHierarchicalTestExecutorService.java:35)
	at app//org.junit.platform.engine.support.hierarchical.HierarchicalTestExecutor.execute(HierarchicalTestExecutor.java:57)
	at app//org.junit.platform.engine.support.hierarchical.HierarchicalTestEngine.execute(HierarchicalTestEngine.java:54)
	at app//org.junit.platform.launcher.core.EngineExecutionOrchestrator.execute(EngineExecutionOrchestrator.java:107)
	at app//org.junit.platform.launcher.core.EngineExecutionOrchestrator.execute(EngineExecutionOrchestrator.java:88)
	at app//org.junit.platform.launcher.core.EngineExecutionOrchestrator.lambda$execute$0(EngineExecutionOrchestrator.java:54)
	at app//org.junit.platform.launcher.core.EngineExecutionOrchestrator.withInterceptedStreams(EngineExecutionOrchestrator.java:67)
	at app//org.junit.platform.launcher.core.EngineExecutionOrchestrator.execute(EngineExecutionOrchestrator.java:52)
	at app//org.junit.platform.launcher.core.DefaultLauncher.execute(DefaultLauncher.java:114)
	at app//org.junit.platform.launcher.core.DefaultLauncher.execute(DefaultLauncher.java:86)
	at app//org.junit.platform.launcher.core.DefaultLauncherSession$DelegatingLauncher.execute(DefaultLauncherSession.java:86)
	at org.gradle.api.internal.tasks.testing.junitplatform.JUnitPlatformTestClassProcessor$CollectAllTestClassesExecutor.processAllTestClasses(JUnitPlatformTestClassProcessor.java:110)
	at org.gradle.api.internal.tasks.testing.junitplatform.JUnitPlatformTestClassProcessor$CollectAllTestClassesExecutor.access$000(JUnitPlatformTestClassProcessor.java:90)
	at org.gradle.api.internal.tasks.testing.junitplatform.JUnitPlatformTestClassProcessor.stop(JUnitPlatformTestClassProcessor.java:85)
	at org.gradle.api.internal.tasks.testing.SuiteTestClassProcessor.stop(SuiteTestClassProcessor.java:62)
	at java.base@11.0.19/jdk.internal.reflect.NativeMethodAccessorImpl.invoke0(Native Method)
	at java.base@11.0.19/jdk.internal.reflect.NativeMethodAccessorImpl.invoke(NativeMethodAccessorImpl.java:62)
	at java.base@11.0.19/jdk.internal.reflect.DelegatingMethodAccessorImpl.invoke(DelegatingMethodAccessorImpl.java:43)
	at java.base@11.0.19/java.lang.reflect.Method.invoke(Method.java:566)
	at org.gradle.internal.dispatch.ReflectionDispatch.dispatch(ReflectionDispatch.java:36)
	at org.gradle.internal.dispatch.ReflectionDispatch.dispatch(ReflectionDispatch.java:24)
	at org.gradle.internal.dispatch.ContextClassLoaderDispatch.dispatch(ContextClassLoaderDispatch.java:33)
	at org.gradle.internal.dispatch.ProxyDispatchAdapter$DispatchingInvocationHandler.invoke(ProxyDispatchAdapter.java:94)
	at com.sun.proxy.$Proxy5.stop(Unknown Source)
	at org.gradle.api.internal.tasks.testing.worker.TestWorker$3.run(TestWorker.java:193)
	at org.gradle.api.internal.tasks.testing.worker.TestWorker.executeAndMaintainThreadName(TestWorker.java:129)
	at org.gradle.api.internal.tasks.testing.worker.TestWorker.execute(TestWorker.java:100)
	at org.gradle.api.internal.tasks.testing.worker.TestWorker.execute(TestWorker.java:60)
	at org.gradle.process.internal.worker.child.ActionExecutionWorker.execute(ActionExecutionWorker.java:56)
	at org.gradle.process.internal.worker.child.SystemApplicationClassLoaderWorker.call(SystemApplicationClassLoaderWorker.java:113)
	at org.gradle.process.internal.worker.child.SystemApplicationClassLoaderWorker.call(SystemApplicationClassLoaderWorker.java:65)
	at app//worker.org.gradle.process.internal.worker.GradleWorkerMain.run(GradleWorkerMain.java:69)
	at app//worker.org.gradle.process.internal.worker.GradleWorkerMain.main(GradleWorkerMain.java:74)
Caused by: java.lang.AssertionError: A reference was unexpectedly null.
	at com.github.javaparser.utils.Utils.assertNotNull(Utils.java:60)
	at com.github.javaparser.ast.expr.AssignExpr.setValue(AssignExpr.java:186)
	at com.github.javaparser.ast.expr.AssignExpr.&lt;init&gt;(AssignExpr.java:127)
	at com.github.javaparser.ast.expr.AssignExpr.&lt;init&gt;(AssignExpr.java:117)
	at de.uka.ilkd.key.java.transformations.AstFactory.assign(AstFactory.java:106)
	at de.uka.ilkd.key.java.transformations.pipeline.PrepareObjectBuilder.defaultSettings(PrepareObjectBuilder.java:80)
	at de.uka.ilkd.key.java.transformations.pipeline.PrepareObjectBuilder.createPrepareBody(PrepareObjectBuilder.java:100)
	at de.uka.ilkd.key.java.transformations.pipeline.PrepareObjectBuilder.createMethod(PrepareObjectBuilder.java:119)
	at de.uka.ilkd.key.java.transformations.pipeline.PrepareObjectBuilder.apply(PrepareObjectBuilder.java:148)
	at de.uka.ilkd.key.java.transformations.KeYJavaPipeline.apply(KeYJavaPipeline.java:61)
	at de.uka.ilkd.key.java.transformations.KeYJavaPipeline.apply(KeYJavaPipeline.java:54)
	at de.uka.ilkd.key.java.JavaService.transformModel(JavaService.java:582)
	at de.uka.ilkd.key.java.JavaService.parseLibraryClasses0(JavaService.java:528)
	at de.uka.ilkd.key.java.JavaService.parseSpecialClasses(JavaService.java:511)
	at de.uka.ilkd.key.java.JavaService.recoderCompilationUnitsAsFiles(JavaService.java:174)
	at de.uka.ilkd.key.java.JavaService.readCompilationUnitsAsFiles(JavaService.java:150)
	at de.uka.ilkd.key.proof.init.ProblemInitializer.readJava(ProblemInitializer.java:277)
	at de.uka.ilkd.key.proof.init.ProblemInitializer.prepare(ProblemInitializer.java:529)
	at de.uka.ilkd.key.proof.init.ProblemInitializer.prepare(ProblemInitializer.java:471)
	at de.uka.ilkd.key.proof.io.AbstractProblemLoader.createInitConfig(AbstractProblemLoader.java:558)
	at de.uka.ilkd.key.proof.io.AbstractProblemLoader.loadEnvironment(AbstractProblemLoader.java:318)
	at de.uka.ilkd.key.proof.io.AbstractProblemLoader.load(AbstractProblemLoader.java:276)
	at de.uka.ilkd.key.proof.io.AbstractProblemLoader.load(AbstractProblemLoader.java:258)
	at de.uka.ilkd.key.control.AbstractUserInterfaceControl.load(AbstractUserInterfaceControl.java:212)
	... 90 more
</failure>
  </testcase>
  <testcase name="testIssue39()" classname="de.uka.ilkd.key.parser.TestParser" time="0.004"/>
  <testcase name="testRelativeInclude()" classname="de.uka.ilkd.key.parser.TestParser" time="0.001">
    <skipped/>
  </testcase>
  <system-out><![CDATA[]]></system-out>
  <system-err><![CDATA[31346      INFO  Test worker     d.u.i.k.p.i.AbstractProblemLoader Loading environment from src\test\resources\testcase\parserErrorTest\AssignToArray.java 
31346      DEBUG Test worker     d.u.i.k.p.i.AbstractProblemLoader Environment load took 158.7ns 
31346      INFO  Test worker     d.u.i.k.p.i.AbstractProblemLoader Creating init config 
31502      ERROR Test worker     d.u.i.k.n.b.AbstractBuilder  com.github.javaparser.resolution.UnsolvedSymbolException: Unsolved symbol in de.uka.ilkd.key.java.JavaParserFactory$DynamicTypeSolver@725185cc : java.lang.Object
	at com.github.javaparser.resolution.TypeSolver.solveType(TypeSolver.java:71)

31502      ERROR Test worker     d.u.i.k.n.b.TacletPBuilder Error in parsing taclet. de.uka.ilkd.key.util.parsing.BuildingException: Unsolved symbol in de.uka.ilkd.key.java.JavaParserFactory$DynamicTypeSolver@725185cc : java.lang.Object at file:/D:/a/key/key/key.core/build/resources/main/de/uka/ilkd/key/proof/rules/integerRulesCommon.key:37:15
	at de.uka.ilkd.key.nparser.builder.AbstractBuilder.accept(AbstractBuilder.java:54)
Caused by: com.github.javaparser.resolution.UnsolvedSymbolException: Unsolved symbol in de.uka.ilkd.key.java.JavaParserFactory$DynamicTypeSolver@725185cc : java.lang.Object
	at com.github.javaparser.resolution.TypeSolver.solveType(TypeSolver.java:71)

31502      ERROR Test worker     d.u.i.k.n.b.AbstractBuilder  com.github.javaparser.resolution.UnsolvedSymbolException: Unsolved symbol in de.uka.ilkd.key.java.JavaParserFactory$DynamicTypeSolver@725185cc : java.lang.Object
	at com.github.javaparser.resolution.TypeSolver.solveType(TypeSolver.java:71)

31502      ERROR Test worker     d.u.i.k.n.b.TacletPBuilder Error in parsing taclet. de.uka.ilkd.key.util.parsing.BuildingException: Unsolved symbol in de.uka.ilkd.key.java.JavaParserFactory$DynamicTypeSolver@725185cc : java.lang.Object at file:/D:/a/key/key/key.core/build/resources/main/de/uka/ilkd/key/proof/rules/integerRulesCommon.key:43:15
	at de.uka.ilkd.key.nparser.builder.AbstractBuilder.accept(AbstractBuilder.java:54)
Caused by: com.github.javaparser.resolution.UnsolvedSymbolException: Unsolved symbol in de.uka.ilkd.key.java.JavaParserFactory$DynamicTypeSolver@725185cc : java.lang.Object
	at com.github.javaparser.resolution.TypeSolver.solveType(TypeSolver.java:71)

31502      ERROR Test worker     d.u.i.k.n.b.AbstractBuilder  com.github.javaparser.resolution.UnsolvedSymbolException: Unsolved symbol in de.uka.ilkd.key.java.JavaParserFactory$DynamicTypeSolver@725185cc : java.lang.Object
	at com.github.javaparser.resolution.TypeSolver.solveType(TypeSolver.java:71)

31502      ERROR Test worker     d.u.i.k.n.b.TacletPBuilder Error in parsing taclet. de.uka.ilkd.key.util.parsing.BuildingException: Unsolved symbol in de.uka.ilkd.key.java.JavaParserFactory$DynamicTypeSolver@725185cc : java.lang.Object at file:/D:/a/key/key/key.core/build/resources/main/de/uka/ilkd/key/proof/rules/integerRulesCommon.key:52:15
	at de.uka.ilkd.key.nparser.builder.AbstractBuilder.accept(AbstractBuilder.java:54)
Caused by: com.github.javaparser.resolution.UnsolvedSymbolException: Unsolved symbol in de.uka.ilkd.key.java.JavaParserFactory$DynamicTypeSolver@725185cc : java.lang.Object
	at com.github.javaparser.resolution.TypeSolver.solveType(TypeSolver.java:71)

31502      ERROR Test worker     d.u.i.k.n.b.AbstractBuilder  com.github.javaparser.resolution.UnsolvedSymbolException: Unsolved symbol in de.uka.ilkd.key.java.JavaParserFactory$DynamicTypeSolver@725185cc : java.lang.Object
	at com.github.javaparser.resolution.TypeSolver.solveType(TypeSolver.java:71)

31502      ERROR Test worker     d.u.i.k.n.b.TacletPBuilder Error in parsing taclet. de.uka.ilkd.key.util.parsing.BuildingException: Unsolved symbol in de.uka.ilkd.key.java.JavaParserFactory$DynamicTypeSolver@725185cc : java.lang.Object at file:/D:/a/key/key/key.core/build/resources/main/de/uka/ilkd/key/proof/rules/integerRulesCommon.key:65:15
	at de.uka.ilkd.key.nparser.builder.AbstractBuilder.accept(AbstractBuilder.java:54)
Caused by: com.github.javaparser.resolution.UnsolvedSymbolException: Unsolved symbol in de.uka.ilkd.key.java.JavaParserFactory$DynamicTypeSolver@725185cc : java.lang.Object
	at com.github.javaparser.resolution.TypeSolver.solveType(TypeSolver.java:71)

31518      ERROR Test worker     d.u.i.k.n.b.AbstractBuilder  com.github.javaparser.resolution.UnsolvedSymbolException: Unsolved symbol in de.uka.ilkd.key.java.JavaParserFactory$DynamicTypeSolver@725185cc : java.lang.Object
	at com.github.javaparser.resolution.TypeSolver.solveType(TypeSolver.java:71)

31518      ERROR Test worker     d.u.i.k.n.b.TacletPBuilder Error in parsing taclet. de.uka.ilkd.key.util.parsing.BuildingException: Unsolved symbol in de.uka.ilkd.key.java.JavaParserFactory$DynamicTypeSolver@725185cc : java.lang.Object at file:/D:/a/key/key/key.core/build/resources/main/de/uka/ilkd/key/proof/rules/integerRulesCommon.key:73:15
	at de.uka.ilkd.key.nparser.builder.AbstractBuilder.accept(AbstractBuilder.java:54)
Caused by: com.github.javaparser.resolution.UnsolvedSymbolException: Unsolved symbol in de.uka.ilkd.key.java.JavaParserFactory$DynamicTypeSolver@725185cc : java.lang.Object
	at com.github.javaparser.resolution.TypeSolver.solveType(TypeSolver.java:71)

31518      ERROR Test worker     d.u.i.k.n.b.AbstractBuilder  com.github.javaparser.resolution.UnsolvedSymbolException: Unsolved symbol in de.uka.ilkd.key.java.JavaParserFactory$DynamicTypeSolver@725185cc : java.lang.Object
	at com.github.javaparser.resolution.TypeSolver.solveType(TypeSolver.java:71)

31518      ERROR Test worker     d.u.i.k.n.b.TacletPBuilder Error in parsing taclet. de.uka.ilkd.key.util.parsing.BuildingException: Unsolved symbol in de.uka.ilkd.key.java.JavaParserFactory$DynamicTypeSolver@725185cc : java.lang.Object at file:/D:/a/key/key/key.core/build/resources/main/de/uka/ilkd/key/proof/rules/integerRulesCommon.key:81:15
	at de.uka.ilkd.key.nparser.builder.AbstractBuilder.accept(AbstractBuilder.java:54)
Caused by: com.github.javaparser.resolution.UnsolvedSymbolException: Unsolved symbol in de.uka.ilkd.key.java.JavaParserFactory$DynamicTypeSolver@725185cc : java.lang.Object
	at com.github.javaparser.resolution.TypeSolver.solveType(TypeSolver.java:71)

31518      ERROR Test worker     d.u.i.k.n.b.AbstractBuilder  com.github.javaparser.resolution.UnsolvedSymbolException: Unsolved symbol in de.uka.ilkd.key.java.JavaParserFactory$DynamicTypeSolver@725185cc : java.lang.Object
	at com.github.javaparser.resolution.TypeSolver.solveType(TypeSolver.java:71)

31518      ERROR Test worker     d.u.i.k.n.b.TacletPBuilder Error in parsing taclet. de.uka.ilkd.key.util.parsing.BuildingException: Unsolved symbol in de.uka.ilkd.key.java.JavaParserFactory$DynamicTypeSolver@725185cc : java.lang.Object at file:/D:/a/key/key/key.core/build/resources/main/de/uka/ilkd/key/proof/rules/integerRulesCommon.key:89:15
	at de.uka.ilkd.key.nparser.builder.AbstractBuilder.accept(AbstractBuilder.java:54)
Caused by: com.github.javaparser.resolution.UnsolvedSymbolException: Unsolved symbol in de.uka.ilkd.key.java.JavaParserFactory$DynamicTypeSolver@725185cc : java.lang.Object
	at com.github.javaparser.resolution.TypeSolver.solveType(TypeSolver.java:71)

31518      ERROR Test worker     d.u.i.k.n.b.AbstractBuilder  com.github.javaparser.resolution.UnsolvedSymbolException: Unsolved symbol in de.uka.ilkd.key.java.JavaParserFactory$DynamicTypeSolver@725185cc : java.lang.Object
	at com.github.javaparser.resolution.TypeSolver.solveType(TypeSolver.java:71)

31518      ERROR Test worker     d.u.i.k.n.b.TacletPBuilder Error in parsing taclet. de.uka.ilkd.key.util.parsing.BuildingException: Unsolved symbol in de.uka.ilkd.key.java.JavaParserFactory$DynamicTypeSolver@725185cc : java.lang.Object at file:/D:/a/key/key/key.core/build/resources/main/de/uka/ilkd/key/proof/rules/integerRulesCommon.key:97:15
	at de.uka.ilkd.key.nparser.builder.AbstractBuilder.accept(AbstractBuilder.java:54)
Caused by: com.github.javaparser.resolution.UnsolvedSymbolException: Unsolved symbol in de.uka.ilkd.key.java.JavaParserFactory$DynamicTypeSolver@725185cc : java.lang.Object
	at com.github.javaparser.resolution.TypeSolver.solveType(TypeSolver.java:71)

31518      ERROR Test worker     d.u.i.k.n.b.AbstractBuilder  com.github.javaparser.resolution.UnsolvedSymbolException: Unsolved symbol in de.uka.ilkd.key.java.JavaParserFactory$DynamicTypeSolver@725185cc : java.lang.Object
	at com.github.javaparser.resolution.TypeSolver.solveType(TypeSolver.java:71)

31518      ERROR Test worker     d.u.i.k.n.b.TacletPBuilder Error in parsing taclet. de.uka.ilkd.key.util.parsing.BuildingException: Unsolved symbol in de.uka.ilkd.key.java.JavaParserFactory$DynamicTypeSolver@725185cc : java.lang.Object at file:/D:/a/key/key/key.core/build/resources/main/de/uka/ilkd/key/proof/rules/integerRulesCommon.key:105:15
	at de.uka.ilkd.key.nparser.builder.AbstractBuilder.accept(AbstractBuilder.java:54)
Caused by: com.github.javaparser.resolution.UnsolvedSymbolException: Unsolved symbol in de.uka.ilkd.key.java.JavaParserFactory$DynamicTypeSolver@725185cc : java.lang.Object
	at com.github.javaparser.resolution.TypeSolver.solveType(TypeSolver.java:71)

31518      ERROR Test worker     d.u.i.k.n.b.AbstractBuilder  com.github.javaparser.resolution.UnsolvedSymbolException: Unsolved symbol in de.uka.ilkd.key.java.JavaParserFactory$DynamicTypeSolver@725185cc : java.lang.Object
	at com.github.javaparser.resolution.TypeSolver.solveType(TypeSolver.java:71)

31518      ERROR Test worker     d.u.i.k.n.b.TacletPBuilder Error in parsing taclet. de.uka.ilkd.key.util.parsing.BuildingException: Unsolved symbol in de.uka.ilkd.key.java.JavaParserFactory$DynamicTypeSolver@725185cc : java.lang.Object at file:/D:/a/key/key/key.core/build/resources/main/de/uka/ilkd/key/proof/rules/integerRulesCommon.key:113:15
	at de.uka.ilkd.key.nparser.builder.AbstractBuilder.accept(AbstractBuilder.java:54)
Caused by: com.github.javaparser.resolution.UnsolvedSymbolException: Unsolved symbol in de.uka.ilkd.key.java.JavaParserFactory$DynamicTypeSolver@725185cc : java.lang.Object
	at com.github.javaparser.resolution.TypeSolver.solveType(TypeSolver.java:71)

31518      ERROR Test worker     d.u.i.k.n.b.AbstractBuilder  com.github.javaparser.resolution.UnsolvedSymbolException: Unsolved symbol in de.uka.ilkd.key.java.JavaParserFactory$DynamicTypeSolver@725185cc : java.lang.Object
	at com.github.javaparser.resolution.TypeSolver.solveType(TypeSolver.java:71)

31518      ERROR Test worker     d.u.i.k.n.b.TacletPBuilder Error in parsing taclet. de.uka.ilkd.key.util.parsing.BuildingException: Unsolved symbol in de.uka.ilkd.key.java.JavaParserFactory$DynamicTypeSolver@725185cc : java.lang.Object at file:/D:/a/key/key/key.core/build/resources/main/de/uka/ilkd/key/proof/rules/integerRulesCommon.key:120:15
	at de.uka.ilkd.key.nparser.builder.AbstractBuilder.accept(AbstractBuilder.java:54)
Caused by: com.github.javaparser.resolution.UnsolvedSymbolException: Unsolved symbol in de.uka.ilkd.key.java.JavaParserFactory$DynamicTypeSolver@725185cc : java.lang.Object
	at com.github.javaparser.resolution.TypeSolver.solveType(TypeSolver.java:71)

31518      ERROR Test worker     d.u.i.k.n.b.AbstractBuilder  com.github.javaparser.resolution.UnsolvedSymbolException: Unsolved symbol in de.uka.ilkd.key.java.JavaParserFactory$DynamicTypeSolver@725185cc : java.lang.Object
	at com.github.javaparser.resolution.TypeSolver.solveType(TypeSolver.java:71)

31518      ERROR Test worker     d.u.i.k.n.b.TacletPBuilder Error in parsing taclet. de.uka.ilkd.key.util.parsing.BuildingException: Unsolved symbol in de.uka.ilkd.key.java.JavaParserFactory$DynamicTypeSolver@725185cc : java.lang.Object at file:/D:/a/key/key/key.core/build/resources/main/de/uka/ilkd/key/proof/rules/integerRulesCommon.key:127:15
	at de.uka.ilkd.key.nparser.builder.AbstractBuilder.accept(AbstractBuilder.java:54)
Caused by: com.github.javaparser.resolution.UnsolvedSymbolException: Unsolved symbol in de.uka.ilkd.key.java.JavaParserFactory$DynamicTypeSolver@725185cc : java.lang.Object
	at com.github.javaparser.resolution.TypeSolver.solveType(TypeSolver.java:71)

31752      DEBUG Test worker     d.u.i.k.j.TypeConverter   No LDT found for Meta 
31752      DEBUG Test worker     d.u.i.k.j.TypeConverter   No LDT found for Meta 
31752      DEBUG Test worker     d.u.i.k.j.TypeConverter   No LDT found for Meta 
31752      DEBUG Test worker     d.u.i.k.j.TypeConverter   No LDT found for Meta 
32065      ERROR Test worker     d.u.i.k.n.b.AbstractBuilder  com.github.javaparser.resolution.UnsolvedSymbolException: Unsolved symbol in de.uka.ilkd.key.java.JavaParserFactory$DynamicTypeSolver@725185cc : java.lang.Object
	at com.github.javaparser.resolution.TypeSolver.solveType(TypeSolver.java:71)

32065      ERROR Test worker     d.u.i.k.n.b.TacletPBuilder Error in parsing taclet. de.uka.ilkd.key.util.parsing.BuildingException: Unsolved symbol in de.uka.ilkd.key.java.JavaParserFactory$DynamicTypeSolver@725185cc : java.lang.Object at file:/D:/a/key/key/key.core/build/resources/main/de/uka/ilkd/key/proof/rules/floatRulesAssumeStrictfp.key:77:15
	at de.uka.ilkd.key.nparser.builder.AbstractBuilder.accept(AbstractBuilder.java:54)
Caused by: com.github.javaparser.resolution.UnsolvedSymbolException: Unsolved symbol in de.uka.ilkd.key.java.JavaParserFactory$DynamicTypeSolver@725185cc : java.lang.Object
	at com.github.javaparser.resolution.TypeSolver.solveType(TypeSolver.java:71)

32065      ERROR Test worker     d.u.i.k.n.b.TacletPBuilder Override: #loc (program Variable) #loc (program Variable) 
32065      ERROR Test worker     d.u.i.k.n.b.TacletPBuilder Override: #se (program SimpleExpression) #se (program SimpleExpression) 
32065      ERROR Test worker     d.u.i.k.n.b.TacletPBuilder Override: post (formula) post (formula) 
32065      ERROR Test worker     d.u.i.k.n.b.AbstractBuilder  com.github.javaparser.resolution.UnsolvedSymbolException: Unsolved symbol in de.uka.ilkd.key.java.JavaParserFactory$DynamicTypeSolver@725185cc : java.lang.Object
	at com.github.javaparser.resolution.TypeSolver.solveType(TypeSolver.java:71)

32065      ERROR Test worker     d.u.i.k.n.b.TacletPBuilder Error in parsing taclet. de.uka.ilkd.key.util.parsing.BuildingException: Unsolved symbol in de.uka.ilkd.key.java.JavaParserFactory$DynamicTypeSolver@725185cc : java.lang.Object at file:/D:/a/key/key/key.core/build/resources/main/de/uka/ilkd/key/proof/rules/floatRulesAssumeStrictfp.key:87:15
	at de.uka.ilkd.key.nparser.builder.AbstractBuilder.accept(AbstractBuilder.java:54)
Caused by: com.github.javaparser.resolution.UnsolvedSymbolException: Unsolved symbol in de.uka.ilkd.key.java.JavaParserFactory$DynamicTypeSolver@725185cc : java.lang.Object
	at com.github.javaparser.resolution.TypeSolver.solveType(TypeSolver.java:71)

32065      ERROR Test worker     d.u.i.k.n.b.TacletPBuilder Override: #loc (program Variable) #loc (program Variable) 
32065      ERROR Test worker     d.u.i.k.n.b.TacletPBuilder Override: #se (program SimpleExpression) #se (program SimpleExpression) 
32065      ERROR Test worker     d.u.i.k.n.b.TacletPBuilder Override: post (formula) post (formula) 
32065      ERROR Test worker     d.u.i.k.n.b.AbstractBuilder  com.github.javaparser.resolution.UnsolvedSymbolException: Unsolved symbol in de.uka.ilkd.key.java.JavaParserFactory$DynamicTypeSolver@725185cc : java.lang.Object
	at com.github.javaparser.resolution.TypeSolver.solveType(TypeSolver.java:71)

32065      ERROR Test worker     d.u.i.k.n.b.TacletPBuilder Error in parsing taclet. de.uka.ilkd.key.util.parsing.BuildingException: Unsolved symbol in de.uka.ilkd.key.java.JavaParserFactory$DynamicTypeSolver@725185cc : java.lang.Object at file:/D:/a/key/key/key.core/build/resources/main/de/uka/ilkd/key/proof/rules/floatRulesAssumeStrictfp.key:97:15
	at de.uka.ilkd.key.nparser.builder.AbstractBuilder.accept(AbstractBuilder.java:54)
Caused by: com.github.javaparser.resolution.UnsolvedSymbolException: Unsolved symbol in de.uka.ilkd.key.java.JavaParserFactory$DynamicTypeSolver@725185cc : java.lang.Object
	at com.github.javaparser.resolution.TypeSolver.solveType(TypeSolver.java:71)

32065      ERROR Test worker     d.u.i.k.n.b.TacletPBuilder Override: #loc (program Variable) #loc (program Variable) 
32065      ERROR Test worker     d.u.i.k.n.b.TacletPBuilder Override: #se (program SimpleExpression) #se (program SimpleExpression) 
32065      ERROR Test worker     d.u.i.k.n.b.TacletPBuilder Override: post (formula) post (formula) 
32065      ERROR Test worker     d.u.i.k.n.b.AbstractBuilder  com.github.javaparser.resolution.UnsolvedSymbolException: Unsolved symbol in de.uka.ilkd.key.java.JavaParserFactory$DynamicTypeSolver@725185cc : java.lang.Object
	at com.github.javaparser.resolution.TypeSolver.solveType(TypeSolver.java:71)

32065      ERROR Test worker     d.u.i.k.n.b.TacletPBuilder Error in parsing taclet. de.uka.ilkd.key.util.parsing.BuildingException: Unsolved symbol in de.uka.ilkd.key.java.JavaParserFactory$DynamicTypeSolver@725185cc : java.lang.Object at file:/D:/a/key/key/key.core/build/resources/main/de/uka/ilkd/key/proof/rules/floatRulesAssumeStrictfp.key:107:15
	at de.uka.ilkd.key.nparser.builder.AbstractBuilder.accept(AbstractBuilder.java:54)
Caused by: com.github.javaparser.resolution.UnsolvedSymbolException: Unsolved symbol in de.uka.ilkd.key.java.JavaParserFactory$DynamicTypeSolver@725185cc : java.lang.Object
	at com.github.javaparser.resolution.TypeSolver.solveType(TypeSolver.java:71)

32065      ERROR Test worker     d.u.i.k.n.b.TacletPBuilder Override: #loc (program Variable) #loc (program Variable) 
32065      ERROR Test worker     d.u.i.k.n.b.TacletPBuilder Override: #se (program SimpleExpression) #se (program SimpleExpression) 
32065      ERROR Test worker     d.u.i.k.n.b.TacletPBuilder Override: post (formula) post (formula) 
32080      ERROR Test worker     d.u.i.k.n.b.AbstractBuilder  com.github.javaparser.resolution.UnsolvedSymbolException: Unsolved symbol in de.uka.ilkd.key.java.JavaParserFactory$DynamicTypeSolver@725185cc : java.lang.Object
	at com.github.javaparser.resolution.TypeSolver.solveType(TypeSolver.java:71)

32080      ERROR Test worker     d.u.i.k.n.b.TacletPBuilder Error in parsing taclet. de.uka.ilkd.key.util.parsing.BuildingException: Unsolved symbol in de.uka.ilkd.key.java.JavaParserFactory$DynamicTypeSolver@725185cc : java.lang.Object at file:/D:/a/key/key/key.core/build/resources/main/de/uka/ilkd/key/proof/rules/floatRulesAssumeStrictfp.key:117:15
	at de.uka.ilkd.key.nparser.builder.AbstractBuilder.accept(AbstractBuilder.java:54)
Caused by: com.github.javaparser.resolution.UnsolvedSymbolException: Unsolved symbol in de.uka.ilkd.key.java.JavaParserFactory$DynamicTypeSolver@725185cc : java.lang.Object
	at com.github.javaparser.resolution.TypeSolver.solveType(TypeSolver.java:71)

32080      ERROR Test worker     d.u.i.k.n.b.TacletPBuilder Override: #loc (program Variable) #loc (program Variable) 
32080      ERROR Test worker     d.u.i.k.n.b.TacletPBuilder Override: post (formula) post (formula) 
32080      ERROR Test worker     d.u.i.k.n.b.AbstractBuilder  com.github.javaparser.resolution.UnsolvedSymbolException: Unsolved symbol in de.uka.ilkd.key.java.JavaParserFactory$DynamicTypeSolver@725185cc : java.lang.Object
	at com.github.javaparser.resolution.TypeSolver.solveType(TypeSolver.java:71)

32080      ERROR Test worker     d.u.i.k.n.b.TacletPBuilder Error in parsing taclet. de.uka.ilkd.key.util.parsing.BuildingException: Unsolved symbol in de.uka.ilkd.key.java.JavaParserFactory$DynamicTypeSolver@725185cc : java.lang.Object at file:/D:/a/key/key/key.core/build/resources/main/de/uka/ilkd/key/proof/rules/floatRulesAssumeStrictfp.key:128:15
	at de.uka.ilkd.key.nparser.builder.AbstractBuilder.accept(AbstractBuilder.java:54)
Caused by: com.github.javaparser.resolution.UnsolvedSymbolException: Unsolved symbol in de.uka.ilkd.key.java.JavaParserFactory$DynamicTypeSolver@725185cc : java.lang.Object
	at com.github.javaparser.resolution.TypeSolver.solveType(TypeSolver.java:71)

32080      ERROR Test worker     d.u.i.k.n.b.TacletPBuilder Override: #loc (program Variable) #loc (program Variable) 
32080      ERROR Test worker     d.u.i.k.n.b.TacletPBuilder Override: #se (program SimpleExpression) #se (program SimpleExpression) 
32080      ERROR Test worker     d.u.i.k.n.b.TacletPBuilder Override: post (formula) post (formula) 
32080      ERROR Test worker     d.u.i.k.n.b.AbstractBuilder  com.github.javaparser.resolution.UnsolvedSymbolException: Unsolved symbol in de.uka.ilkd.key.java.JavaParserFactory$DynamicTypeSolver@725185cc : java.lang.Object
	at com.github.javaparser.resolution.TypeSolver.solveType(TypeSolver.java:71)

32080      ERROR Test worker     d.u.i.k.n.b.TacletPBuilder Error in parsing taclet. de.uka.ilkd.key.util.parsing.BuildingException: Unsolved symbol in de.uka.ilkd.key.java.JavaParserFactory$DynamicTypeSolver@725185cc : java.lang.Object at file:/D:/a/key/key/key.core/build/resources/main/de/uka/ilkd/key/proof/rules/floatRulesAssumeStrictfp.key:138:15
	at de.uka.ilkd.key.nparser.builder.AbstractBuilder.accept(AbstractBuilder.java:54)
Caused by: com.github.javaparser.resolution.UnsolvedSymbolException: Unsolved symbol in de.uka.ilkd.key.java.JavaParserFactory$DynamicTypeSolver@725185cc : java.lang.Object
	at com.github.javaparser.resolution.TypeSolver.solveType(TypeSolver.java:71)

32080      ERROR Test worker     d.u.i.k.n.b.TacletPBuilder Override: #loc (program Variable) #loc (program Variable) 
32080      ERROR Test worker     d.u.i.k.n.b.TacletPBuilder Override: #se1 (program SimpleExpression) #se1 (program SimpleExpression) 
32080      ERROR Test worker     d.u.i.k.n.b.TacletPBuilder Override: #se2 (program SimpleExpression) #se2 (program SimpleExpression) 
32080      ERROR Test worker     d.u.i.k.n.b.TacletPBuilder Override: post (formula) post (formula) 
32080      ERROR Test worker     d.u.i.k.n.b.AbstractBuilder  com.github.javaparser.resolution.UnsolvedSymbolException: Unsolved symbol in de.uka.ilkd.key.java.JavaParserFactory$DynamicTypeSolver@725185cc : java.lang.Object
	at com.github.javaparser.resolution.TypeSolver.solveType(TypeSolver.java:71)

32080      ERROR Test worker     d.u.i.k.n.b.TacletPBuilder Error in parsing taclet. de.uka.ilkd.key.util.parsing.BuildingException: Unsolved symbol in de.uka.ilkd.key.java.JavaParserFactory$DynamicTypeSolver@725185cc : java.lang.Object at file:/D:/a/key/key/key.core/build/resources/main/de/uka/ilkd/key/proof/rules/floatRulesAssumeStrictfp.key:149:15
	at de.uka.ilkd.key.nparser.builder.AbstractBuilder.accept(AbstractBuilder.java:54)
Caused by: com.github.javaparser.resolution.UnsolvedSymbolException: Unsolved symbol in de.uka.ilkd.key.java.JavaParserFactory$DynamicTypeSolver@725185cc : java.lang.Object
	at com.github.javaparser.resolution.TypeSolver.solveType(TypeSolver.java:71)

32080      ERROR Test worker     d.u.i.k.n.b.TacletPBuilder Override: #loc (program Variable) #loc (program Variable) 
32080      ERROR Test worker     d.u.i.k.n.b.TacletPBuilder Override: #se (program SimpleExpression) #se (program SimpleExpression) 
32080      ERROR Test worker     d.u.i.k.n.b.TacletPBuilder Override: post (formula) post (formula) 
32080      ERROR Test worker     d.u.i.k.n.b.AbstractBuilder  com.github.javaparser.resolution.UnsolvedSymbolException: Unsolved symbol in de.uka.ilkd.key.java.JavaParserFactory$DynamicTypeSolver@725185cc : java.lang.Object
	at com.github.javaparser.resolution.TypeSolver.solveType(TypeSolver.java:71)

32080      ERROR Test worker     d.u.i.k.n.b.TacletPBuilder Error in parsing taclet. de.uka.ilkd.key.util.parsing.BuildingException: Unsolved symbol in de.uka.ilkd.key.java.JavaParserFactory$DynamicTypeSolver@725185cc : java.lang.Object at file:/D:/a/key/key/key.core/build/resources/main/de/uka/ilkd/key/proof/rules/floatRulesAssumeStrictfp.key:159:15
	at de.uka.ilkd.key.nparser.builder.AbstractBuilder.accept(AbstractBuilder.java:54)
Caused by: com.github.javaparser.resolution.UnsolvedSymbolException: Unsolved symbol in de.uka.ilkd.key.java.JavaParserFactory$DynamicTypeSolver@725185cc : java.lang.Object
	at com.github.javaparser.resolution.TypeSolver.solveType(TypeSolver.java:71)

32080      ERROR Test worker     d.u.i.k.n.b.TacletPBuilder Override: #loc (program Variable) #loc (program Variable) 
32080      ERROR Test worker     d.u.i.k.n.b.TacletPBuilder Override: #se (program SimpleExpression) #se (program SimpleExpression) 
32080      ERROR Test worker     d.u.i.k.n.b.TacletPBuilder Override: post (formula) post (formula) 
32080      ERROR Test worker     d.u.i.k.n.b.AbstractBuilder  com.github.javaparser.resolution.UnsolvedSymbolException: Unsolved symbol in de.uka.ilkd.key.java.JavaParserFactory$DynamicTypeSolver@725185cc : java.lang.Object
	at com.github.javaparser.resolution.TypeSolver.solveType(TypeSolver.java:71)

32080      ERROR Test worker     d.u.i.k.n.b.TacletPBuilder Error in parsing taclet. de.uka.ilkd.key.util.parsing.BuildingException: Unsolved symbol in de.uka.ilkd.key.java.JavaParserFactory$DynamicTypeSolver@725185cc : java.lang.Object at file:/D:/a/key/key/key.core/build/resources/main/de/uka/ilkd/key/proof/rules/floatRulesAssumeStrictfp.key:169:15
	at de.uka.ilkd.key.nparser.builder.AbstractBuilder.accept(AbstractBuilder.java:54)
Caused by: com.github.javaparser.resolution.UnsolvedSymbolException: Unsolved symbol in de.uka.ilkd.key.java.JavaParserFactory$DynamicTypeSolver@725185cc : java.lang.Object
	at com.github.javaparser.resolution.TypeSolver.solveType(TypeSolver.java:71)

32628      ERROR Test worker     d.u.i.k.n.b.AbstractBuilder  com.github.javaparser.resolution.UnsolvedSymbolException: Unsolved symbol in de.uka.ilkd.key.java.JavaParserFactory$DynamicTypeSolver@725185cc : java.lang.Object
	at com.github.javaparser.resolution.TypeSolver.solveType(TypeSolver.java:71)

32628      ERROR Test worker     d.u.i.k.n.b.TacletPBuilder Error in parsing taclet. de.uka.ilkd.key.util.parsing.BuildingException: Unsolved symbol in de.uka.ilkd.key.java.JavaParserFactory$DynamicTypeSolver@725185cc : java.lang.Object at file:/D:/a/key/key/key.core/build/resources/main/de/uka/ilkd/key/proof/rules/assertions.key:16:15
	at de.uka.ilkd.key.nparser.builder.AbstractBuilder.accept(AbstractBuilder.java:54)
Caused by: com.github.javaparser.resolution.UnsolvedSymbolException: Unsolved symbol in de.uka.ilkd.key.java.JavaParserFactory$DynamicTypeSolver@725185cc : java.lang.Object
	at com.github.javaparser.resolution.TypeSolver.solveType(TypeSolver.java:71)

32628      ERROR Test worker     d.u.i.k.n.b.AbstractBuilder  com.github.javaparser.resolution.UnsolvedSymbolException: Unsolved symbol in de.uka.ilkd.key.java.JavaParserFactory$DynamicTypeSolver@725185cc : java.lang.Object
	at com.github.javaparser.resolution.TypeSolver.solveType(TypeSolver.java:71)

32628      ERROR Test worker     d.u.i.k.n.b.TacletPBuilder Error in parsing taclet. de.uka.ilkd.key.util.parsing.BuildingException: Unsolved symbol in de.uka.ilkd.key.java.JavaParserFactory$DynamicTypeSolver@725185cc : java.lang.Object at file:/D:/a/key/key/key.core/build/resources/main/de/uka/ilkd/key/proof/rules/assertions.key:25:15
	at de.uka.ilkd.key.nparser.builder.AbstractBuilder.accept(AbstractBuilder.java:54)
Caused by: com.github.javaparser.resolution.UnsolvedSymbolException: Unsolved symbol in de.uka.ilkd.key.java.JavaParserFactory$DynamicTypeSolver@725185cc : java.lang.Object
	at com.github.javaparser.resolution.TypeSolver.solveType(TypeSolver.java:71)

32628      ERROR Test worker     d.u.i.k.n.b.AbstractBuilder  com.github.javaparser.resolution.UnsolvedSymbolException: Unsolved symbol in de.uka.ilkd.key.java.JavaParserFactory$DynamicTypeSolver@725185cc : java.lang.Object
	at com.github.javaparser.resolution.TypeSolver.solveType(TypeSolver.java:71)

32628      ERROR Test worker     d.u.i.k.n.b.TacletPBuilder Error in parsing taclet. de.uka.ilkd.key.util.parsing.BuildingException: Unsolved symbol in de.uka.ilkd.key.java.JavaParserFactory$DynamicTypeSolver@725185cc : java.lang.Object at file:/D:/a/key/key/key.core/build/resources/main/de/uka/ilkd/key/proof/rules/assertions.key:34:15
	at de.uka.ilkd.key.nparser.builder.AbstractBuilder.accept(AbstractBuilder.java:54)
Caused by: com.github.javaparser.resolution.UnsolvedSymbolException: Unsolved symbol in de.uka.ilkd.key.java.JavaParserFactory$DynamicTypeSolver@725185cc : java.lang.Object
	at com.github.javaparser.resolution.TypeSolver.solveType(TypeSolver.java:71)

32628      ERROR Test worker     d.u.i.k.n.b.AbstractBuilder  com.github.javaparser.resolution.UnsolvedSymbolException: Unsolved symbol in de.uka.ilkd.key.java.JavaParserFactory$DynamicTypeSolver@725185cc : java.lang.Object
	at com.github.javaparser.resolution.TypeSolver.solveType(TypeSolver.java:71)

32628      ERROR Test worker     d.u.i.k.n.b.TacletPBuilder Error in parsing taclet. de.uka.ilkd.key.util.parsing.BuildingException: Unsolved symbol in de.uka.ilkd.key.java.JavaParserFactory$DynamicTypeSolver@725185cc : java.lang.Object at file:/D:/a/key/key/key.core/build/resources/main/de/uka/ilkd/key/proof/rules/assertions.key:43:15
	at de.uka.ilkd.key.nparser.builder.AbstractBuilder.accept(AbstractBuilder.java:54)
Caused by: com.github.javaparser.resolution.UnsolvedSymbolException: Unsolved symbol in de.uka.ilkd.key.java.JavaParserFactory$DynamicTypeSolver@725185cc : java.lang.Object
	at com.github.javaparser.resolution.TypeSolver.solveType(TypeSolver.java:71)

32628      ERROR Test worker     d.u.i.k.n.b.AbstractBuilder  com.github.javaparser.resolution.UnsolvedSymbolException: Unsolved symbol in de.uka.ilkd.key.java.JavaParserFactory$DynamicTypeSolver@725185cc : java.lang.Object
	at com.github.javaparser.resolution.TypeSolver.solveType(TypeSolver.java:71)

32628      ERROR Test worker     d.u.i.k.n.b.TacletPBuilder Error in parsing taclet. de.uka.ilkd.key.util.parsing.BuildingException: Unsolved symbol in de.uka.ilkd.key.java.JavaParserFactory$DynamicTypeSolver@725185cc : java.lang.Object at file:/D:/a/key/key/key.core/build/resources/main/de/uka/ilkd/key/proof/rules/assertions.key:54:15
	at de.uka.ilkd.key.nparser.builder.AbstractBuilder.accept(AbstractBuilder.java:54)
Caused by: com.github.javaparser.resolution.UnsolvedSymbolException: Unsolved symbol in de.uka.ilkd.key.java.JavaParserFactory$DynamicTypeSolver@725185cc : java.lang.Object
	at com.github.javaparser.resolution.TypeSolver.solveType(TypeSolver.java:71)

32628      ERROR Test worker     d.u.i.k.n.b.AbstractBuilder  com.github.javaparser.resolution.UnsolvedSymbolException: Unsolved symbol in de.uka.ilkd.key.java.JavaParserFactory$DynamicTypeSolver@725185cc : java.lang.Object
	at com.github.javaparser.resolution.TypeSolver.solveType(TypeSolver.java:71)

32628      ERROR Test worker     d.u.i.k.n.b.TacletPBuilder Error in parsing taclet. de.uka.ilkd.key.util.parsing.BuildingException: Unsolved symbol in de.uka.ilkd.key.java.JavaParserFactory$DynamicTypeSolver@725185cc : java.lang.Object at file:/D:/a/key/key/key.core/build/resources/main/de/uka/ilkd/key/proof/rules/assertions.key:66:15
	at de.uka.ilkd.key.nparser.builder.AbstractBuilder.accept(AbstractBuilder.java:54)
Caused by: com.github.javaparser.resolution.UnsolvedSymbolException: Unsolved symbol in de.uka.ilkd.key.java.JavaParserFactory$DynamicTypeSolver@725185cc : java.lang.Object
	at com.github.javaparser.resolution.TypeSolver.solveType(TypeSolver.java:71)

32628      ERROR Test worker     d.u.i.k.n.b.AbstractBuilder  com.github.javaparser.resolution.UnsolvedSymbolException: Unsolved symbol in de.uka.ilkd.key.java.JavaParserFactory$DynamicTypeSolver@725185cc : java.lang.Object
	at com.github.javaparser.resolution.TypeSolver.solveType(TypeSolver.java:71)

32628      ERROR Test worker     d.u.i.k.n.b.TacletPBuilder Error in parsing taclet. de.uka.ilkd.key.util.parsing.BuildingException: Unsolved symbol in de.uka.ilkd.key.java.JavaParserFactory$DynamicTypeSolver@725185cc : java.lang.Object at file:/D:/a/key/key/key.core/build/resources/main/de/uka/ilkd/key/proof/rules/assertions.key:78:15
	at de.uka.ilkd.key.nparser.builder.AbstractBuilder.accept(AbstractBuilder.java:54)
Caused by: com.github.javaparser.resolution.UnsolvedSymbolException: Unsolved symbol in de.uka.ilkd.key.java.JavaParserFactory$DynamicTypeSolver@725185cc : java.lang.Object
	at com.github.javaparser.resolution.TypeSolver.solveType(TypeSolver.java:71)

32643      ERROR Test worker     d.u.i.k.n.b.AbstractBuilder  com.github.javaparser.resolution.UnsolvedSymbolException: Unsolved symbol in de.uka.ilkd.key.java.JavaParserFactory$DynamicTypeSolver@725185cc : java.lang.Object
	at com.github.javaparser.resolution.TypeSolver.solveType(TypeSolver.java:71)

32643      ERROR Test worker     d.u.i.k.n.b.TacletPBuilder Error in parsing taclet. de.uka.ilkd.key.util.parsing.BuildingException: Unsolved symbol in de.uka.ilkd.key.java.JavaParserFactory$DynamicTypeSolver@725185cc : java.lang.Object at file:/D:/a/key/key/key.core/build/resources/main/de/uka/ilkd/key/proof/rules/assertions.key:93:15
	at de.uka.ilkd.key.nparser.builder.AbstractBuilder.accept(AbstractBuilder.java:54)
Caused by: com.github.javaparser.resolution.UnsolvedSymbolException: Unsolved symbol in de.uka.ilkd.key.java.JavaParserFactory$DynamicTypeSolver@725185cc : java.lang.Object
	at com.github.javaparser.resolution.TypeSolver.solveType(TypeSolver.java:71)

32643      ERROR Test worker     d.u.i.k.n.b.AbstractBuilder  com.github.javaparser.resolution.UnsolvedSymbolException: Unsolved symbol in de.uka.ilkd.key.java.JavaParserFactory$DynamicTypeSolver@725185cc : java.lang.Object
	at com.github.javaparser.resolution.TypeSolver.solveType(TypeSolver.java:71)

32643      ERROR Test worker     d.u.i.k.n.b.TacletPBuilder Error in parsing taclet. de.uka.ilkd.key.util.parsing.BuildingException: Unsolved symbol in de.uka.ilkd.key.java.JavaParserFactory$DynamicTypeSolver@725185cc : java.lang.Object at file:/D:/a/key/key/key.core/build/resources/main/de/uka/ilkd/key/proof/rules/assertions.key:100:15
	at de.uka.ilkd.key.nparser.builder.AbstractBuilder.accept(AbstractBuilder.java:54)
Caused by: com.github.javaparser.resolution.UnsolvedSymbolException: Unsolved symbol in de.uka.ilkd.key.java.JavaParserFactory$DynamicTypeSolver@725185cc : java.lang.Object
	at com.github.javaparser.resolution.TypeSolver.solveType(TypeSolver.java:71)

32643      ERROR Test worker     d.u.i.k.n.b.AbstractBuilder  com.github.javaparser.resolution.UnsolvedSymbolException: Unsolved symbol in de.uka.ilkd.key.java.JavaParserFactory$DynamicTypeSolver@725185cc : java.lang.Object
	at com.github.javaparser.resolution.TypeSolver.solveType(TypeSolver.java:71)

32643      ERROR Test worker     d.u.i.k.n.b.TacletPBuilder Error in parsing taclet. de.uka.ilkd.key.util.parsing.BuildingException: Unsolved symbol in de.uka.ilkd.key.java.JavaParserFactory$DynamicTypeSolver@725185cc : java.lang.Object at file:/D:/a/key/key/key.core/build/resources/main/de/uka/ilkd/key/proof/rules/assertions.key:115:20
	at de.uka.ilkd.key.nparser.builder.AbstractBuilder.accept(AbstractBuilder.java:54)
Caused by: com.github.javaparser.resolution.UnsolvedSymbolException: Unsolved symbol in de.uka.ilkd.key.java.JavaParserFactory$DynamicTypeSolver@725185cc : java.lang.Object
	at com.github.javaparser.resolution.TypeSolver.solveType(TypeSolver.java:71)

32643      ERROR Test worker     d.u.i.k.n.b.TacletPBuilder Override: f (variable) f (variable) 
32643      ERROR Test worker     d.u.i.k.n.b.TacletPBuilder Override: o (variable) o (variable) 
32643      ERROR Test worker     d.u.i.k.n.b.TacletPBuilder Override: oldHeap (Heap skolem term) oldHeap (Heap skolem term) 
32643      ERROR Test worker     d.u.i.k.n.b.AbstractBuilder  com.github.javaparser.resolution.UnsolvedSymbolException: Unsolved symbol in de.uka.ilkd.key.java.JavaParserFactory$DynamicTypeSolver@725185cc : java.lang.Object
	at com.github.javaparser.resolution.TypeSolver.solveType(TypeSolver.java:71)

32643      ERROR Test worker     d.u.i.k.n.b.TacletPBuilder Error in parsing taclet. de.uka.ilkd.key.util.parsing.BuildingException: Unsolved symbol in de.uka.ilkd.key.java.JavaParserFactory$DynamicTypeSolver@725185cc : java.lang.Object at file:/D:/a/key/key/key.core/build/resources/main/de/uka/ilkd/key/proof/rules/assertions.key:136:20
	at de.uka.ilkd.key.nparser.builder.AbstractBuilder.accept(AbstractBuilder.java:54)
Caused by: com.github.javaparser.resolution.UnsolvedSymbolException: Unsolved symbol in de.uka.ilkd.key.java.JavaParserFactory$DynamicTypeSolver@725185cc : java.lang.Object
	at com.github.javaparser.resolution.TypeSolver.solveType(TypeSolver.java:71)

32643      ERROR Test worker     d.u.i.k.n.b.AbstractBuilder  com.github.javaparser.resolution.UnsolvedSymbolException: Unsolved symbol in de.uka.ilkd.key.java.JavaParserFactory$DynamicTypeSolver@725185cc : java.lang.Object
	at com.github.javaparser.resolution.TypeSolver.solveType(TypeSolver.java:71)

32643      ERROR Test worker     d.u.i.k.n.b.TacletPBuilder Error in parsing taclet. de.uka.ilkd.key.util.parsing.BuildingException: Unsolved symbol in de.uka.ilkd.key.java.JavaParserFactory$DynamicTypeSolver@725185cc : java.lang.Object at file:/D:/a/key/key/key.core/build/resources/main/de/uka/ilkd/key/proof/rules/javaRules.key:106:13
	at de.uka.ilkd.key.nparser.builder.AbstractBuilder.accept(AbstractBuilder.java:54)
Caused by: com.github.javaparser.resolution.UnsolvedSymbolException: Unsolved symbol in de.uka.ilkd.key.java.JavaParserFactory$DynamicTypeSolver@725185cc : java.lang.Object
	at com.github.javaparser.resolution.TypeSolver.solveType(TypeSolver.java:71)

32643      ERROR Test worker     d.u.i.k.n.b.AbstractBuilder  com.github.javaparser.resolution.UnsolvedSymbolException: Unsolved symbol in de.uka.ilkd.key.java.JavaParserFactory$DynamicTypeSolver@725185cc : java.lang.Object
	at com.github.javaparser.resolution.TypeSolver.solveType(TypeSolver.java:71)

32643      ERROR Test worker     d.u.i.k.n.b.TacletPBuilder Error in parsing taclet. de.uka.ilkd.key.util.parsing.BuildingException: Unsolved symbol in de.uka.ilkd.key.java.JavaParserFactory$DynamicTypeSolver@725185cc : java.lang.Object at file:/D:/a/key/key/key.core/build/resources/main/de/uka/ilkd/key/proof/rules/javaRules.key:121:13
	at de.uka.ilkd.key.nparser.builder.AbstractBuilder.accept(AbstractBuilder.java:54)
Caused by: com.github.javaparser.resolution.UnsolvedSymbolException: Unsolved symbol in de.uka.ilkd.key.java.JavaParserFactory$DynamicTypeSolver@725185cc : java.lang.Object
	at com.github.javaparser.resolution.TypeSolver.solveType(TypeSolver.java:71)

32643      ERROR Test worker     d.u.i.k.n.b.AbstractBuilder  com.github.javaparser.resolution.UnsolvedSymbolException: Unsolved symbol in de.uka.ilkd.key.java.JavaParserFactory$DynamicTypeSolver@725185cc : java.lang.Object
	at com.github.javaparser.resolution.TypeSolver.solveType(TypeSolver.java:71)

32643      ERROR Test worker     d.u.i.k.n.b.TacletPBuilder Error in parsing taclet. de.uka.ilkd.key.util.parsing.BuildingException: Unsolved symbol in de.uka.ilkd.key.java.JavaParserFactory$DynamicTypeSolver@725185cc : java.lang.Object at file:/D:/a/key/key/key.core/build/resources/main/de/uka/ilkd/key/proof/rules/javaRules.key:135:13
	at de.uka.ilkd.key.nparser.builder.AbstractBuilder.accept(AbstractBuilder.java:54)
Caused by: com.github.javaparser.resolution.UnsolvedSymbolException: Unsolved symbol in de.uka.ilkd.key.java.JavaParserFactory$DynamicTypeSolver@725185cc : java.lang.Object
	at com.github.javaparser.resolution.TypeSolver.solveType(TypeSolver.java:71)

32659      ERROR Test worker     d.u.i.k.n.b.AbstractBuilder  com.github.javaparser.resolution.UnsolvedSymbolException: Unsolved symbol in de.uka.ilkd.key.java.JavaParserFactory$DynamicTypeSolver@725185cc : java.lang.Object
	at com.github.javaparser.resolution.TypeSolver.solveType(TypeSolver.java:71)

32659      ERROR Test worker     d.u.i.k.n.b.TacletPBuilder Error in parsing taclet. de.uka.ilkd.key.util.parsing.BuildingException: Unsolved symbol in de.uka.ilkd.key.java.JavaParserFactory$DynamicTypeSolver@725185cc : java.lang.Object at file:/D:/a/key/key/key.core/build/resources/main/de/uka/ilkd/key/proof/rules/javaRules.key:145:13
	at de.uka.ilkd.key.nparser.builder.AbstractBuilder.accept(AbstractBuilder.java:54)
Caused by: com.github.javaparser.resolution.UnsolvedSymbolException: Unsolved symbol in de.uka.ilkd.key.java.JavaParserFactory$DynamicTypeSolver@725185cc : java.lang.Object
	at com.github.javaparser.resolution.TypeSolver.solveType(TypeSolver.java:71)

32659      ERROR Test worker     d.u.i.k.n.b.AbstractBuilder  com.github.javaparser.resolution.UnsolvedSymbolException: Unsolved symbol in de.uka.ilkd.key.java.JavaParserFactory$DynamicTypeSolver@725185cc : java.lang.Object
	at com.github.javaparser.resolution.TypeSolver.solveType(TypeSolver.java:71)

32659      ERROR Test worker     d.u.i.k.n.b.TacletPBuilder Error in parsing taclet. de.uka.ilkd.key.util.parsing.BuildingException: Unsolved symbol in de.uka.ilkd.key.java.JavaParserFactory$DynamicTypeSolver@725185cc : java.lang.Object at file:/D:/a/key/key/key.core/build/resources/main/de/uka/ilkd/key/proof/rules/javaRules.key:155:13
	at de.uka.ilkd.key.nparser.builder.AbstractBuilder.accept(AbstractBuilder.java:54)
Caused by: com.github.javaparser.resolution.UnsolvedSymbolException: Unsolved symbol in de.uka.ilkd.key.java.JavaParserFactory$DynamicTypeSolver@725185cc : java.lang.Object
	at com.github.javaparser.resolution.TypeSolver.solveType(TypeSolver.java:71)

32659      ERROR Test worker     d.u.i.k.n.b.AbstractBuilder  com.github.javaparser.resolution.UnsolvedSymbolException: Unsolved symbol in de.uka.ilkd.key.java.JavaParserFactory$DynamicTypeSolver@725185cc : java.lang.Object
	at com.github.javaparser.resolution.TypeSolver.solveType(TypeSolver.java:71)

32659      ERROR Test worker     d.u.i.k.n.b.TacletPBuilder Error in parsing taclet. de.uka.ilkd.key.util.parsing.BuildingException: Unsolved symbol in de.uka.ilkd.key.java.JavaParserFactory$DynamicTypeSolver@725185cc : java.lang.Object at file:/D:/a/key/key/key.core/build/resources/main/de/uka/ilkd/key/proof/rules/javaRules.key:165:13
	at de.uka.ilkd.key.nparser.builder.AbstractBuilder.accept(AbstractBuilder.java:54)
Caused by: com.github.javaparser.resolution.UnsolvedSymbolException: Unsolved symbol in de.uka.ilkd.key.java.JavaParserFactory$DynamicTypeSolver@725185cc : java.lang.Object
	at com.github.javaparser.resolution.TypeSolver.solveType(TypeSolver.java:71)

32659      ERROR Test worker     d.u.i.k.n.b.AbstractBuilder  com.github.javaparser.resolution.UnsolvedSymbolException: Unsolved symbol in de.uka.ilkd.key.java.JavaParserFactory$DynamicTypeSolver@725185cc : java.lang.Object
	at com.github.javaparser.resolution.TypeSolver.solveType(TypeSolver.java:71)

32659      ERROR Test worker     d.u.i.k.n.b.TacletPBuilder Error in parsing taclet. de.uka.ilkd.key.util.parsing.BuildingException: Unsolved symbol in de.uka.ilkd.key.java.JavaParserFactory$DynamicTypeSolver@725185cc : java.lang.Object at file:/D:/a/key/key/key.core/build/resources/main/de/uka/ilkd/key/proof/rules/javaRules.key:176:13
	at de.uka.ilkd.key.nparser.builder.AbstractBuilder.accept(AbstractBuilder.java:54)
Caused by: com.github.javaparser.resolution.UnsolvedSymbolException: Unsolved symbol in de.uka.ilkd.key.java.JavaParserFactory$DynamicTypeSolver@725185cc : java.lang.Object
	at com.github.javaparser.resolution.TypeSolver.solveType(TypeSolver.java:71)

32659      ERROR Test worker     d.u.i.k.n.b.AbstractBuilder  com.github.javaparser.resolution.UnsolvedSymbolException: Unsolved symbol in de.uka.ilkd.key.java.JavaParserFactory$DynamicTypeSolver@725185cc : java.lang.Object
	at com.github.javaparser.resolution.TypeSolver.solveType(TypeSolver.java:71)

32659      ERROR Test worker     d.u.i.k.n.b.TacletPBuilder Error in parsing taclet. de.uka.ilkd.key.util.parsing.BuildingException: Unsolved symbol in de.uka.ilkd.key.java.JavaParserFactory$DynamicTypeSolver@725185cc : java.lang.Object at file:/D:/a/key/key/key.core/build/resources/main/de/uka/ilkd/key/proof/rules/javaRules.key:187:13
	at de.uka.ilkd.key.nparser.builder.AbstractBuilder.accept(AbstractBuilder.java:54)
Caused by: com.github.javaparser.resolution.UnsolvedSymbolException: Unsolved symbol in de.uka.ilkd.key.java.JavaParserFactory$DynamicTypeSolver@725185cc : java.lang.Object
	at com.github.javaparser.resolution.TypeSolver.solveType(TypeSolver.java:71)

32659      ERROR Test worker     d.u.i.k.n.b.AbstractBuilder  com.github.javaparser.resolution.UnsolvedSymbolException: Unsolved symbol in de.uka.ilkd.key.java.JavaParserFactory$DynamicTypeSolver@725185cc : java.lang.Object
	at com.github.javaparser.resolution.TypeSolver.solveType(TypeSolver.java:71)

32659      ERROR Test worker     d.u.i.k.n.b.TacletPBuilder Error in parsing taclet. de.uka.ilkd.key.util.parsing.BuildingException: Unsolved symbol in de.uka.ilkd.key.java.JavaParserFactory$DynamicTypeSolver@725185cc : java.lang.Object at file:/D:/a/key/key/key.core/build/resources/main/de/uka/ilkd/key/proof/rules/javaRules.key:198:13
	at de.uka.ilkd.key.nparser.builder.AbstractBuilder.accept(AbstractBuilder.java:54)
Caused by: com.github.javaparser.resolution.UnsolvedSymbolException: Unsolved symbol in de.uka.ilkd.key.java.JavaParserFactory$DynamicTypeSolver@725185cc : java.lang.Object
	at com.github.javaparser.resolution.TypeSolver.solveType(TypeSolver.java:71)

32659      ERROR Test worker     d.u.i.k.n.b.AbstractBuilder  com.github.javaparser.resolution.UnsolvedSymbolException: Unsolved symbol in de.uka.ilkd.key.java.JavaParserFactory$DynamicTypeSolver@725185cc : java.lang.Object
	at com.github.javaparser.resolution.TypeSolver.solveType(TypeSolver.java:71)

32659      ERROR Test worker     d.u.i.k.n.b.TacletPBuilder Error in parsing taclet. de.uka.ilkd.key.util.parsing.BuildingException: Unsolved symbol in de.uka.ilkd.key.java.JavaParserFactory$DynamicTypeSolver@725185cc : java.lang.Object at file:/D:/a/key/key/key.core/build/resources/main/de/uka/ilkd/key/proof/rules/javaRules.key:209:13
	at de.uka.ilkd.key.nparser.builder.AbstractBuilder.accept(AbstractBuilder.java:54)
Caused by: com.github.javaparser.resolution.UnsolvedSymbolException: Unsolved symbol in de.uka.ilkd.key.java.JavaParserFactory$DynamicTypeSolver@725185cc : java.lang.Object
	at com.github.javaparser.resolution.TypeSolver.solveType(TypeSolver.java:71)

32659      ERROR Test worker     d.u.i.k.n.b.AbstractBuilder  com.github.javaparser.resolution.UnsolvedSymbolException: Unsolved symbol in de.uka.ilkd.key.java.JavaParserFactory$DynamicTypeSolver@725185cc : java.lang.Object
	at com.github.javaparser.resolution.TypeSolver.solveType(TypeSolver.java:71)

32674      ERROR Test worker     d.u.i.k.n.b.TacletPBuilder Error in parsing taclet. de.uka.ilkd.key.util.parsing.BuildingException: Unsolved symbol in de.uka.ilkd.key.java.JavaParserFactory$DynamicTypeSolver@725185cc : java.lang.Object at file:/D:/a/key/key/key.core/build/resources/main/de/uka/ilkd/key/proof/rules/javaRules.key:220:13
	at de.uka.ilkd.key.nparser.builder.AbstractBuilder.accept(AbstractBuilder.java:54)
Caused by: com.github.javaparser.resolution.UnsolvedSymbolException: Unsolved symbol in de.uka.ilkd.key.java.JavaParserFactory$DynamicTypeSolver@725185cc : java.lang.Object
	at com.github.javaparser.resolution.TypeSolver.solveType(TypeSolver.java:71)

32674      ERROR Test worker     d.u.i.k.n.b.AbstractBuilder  com.github.javaparser.resolution.UnsolvedSymbolException: Unsolved symbol in de.uka.ilkd.key.java.JavaParserFactory$DynamicTypeSolver@725185cc : java.lang.Object
	at com.github.javaparser.resolution.TypeSolver.solveType(TypeSolver.java:71)

32674      ERROR Test worker     d.u.i.k.n.b.TacletPBuilder Error in parsing taclet. de.uka.ilkd.key.util.parsing.BuildingException: Unsolved symbol in de.uka.ilkd.key.java.JavaParserFactory$DynamicTypeSolver@725185cc : java.lang.Object at file:/D:/a/key/key/key.core/build/resources/main/de/uka/ilkd/key/proof/rules/javaRules.key:231:13
	at de.uka.ilkd.key.nparser.builder.AbstractBuilder.accept(AbstractBuilder.java:54)
Caused by: com.github.javaparser.resolution.UnsolvedSymbolException: Unsolved symbol in de.uka.ilkd.key.java.JavaParserFactory$DynamicTypeSolver@725185cc : java.lang.Object
	at com.github.javaparser.resolution.TypeSolver.solveType(TypeSolver.java:71)

32674      ERROR Test worker     d.u.i.k.n.b.AbstractBuilder  com.github.javaparser.resolution.UnsolvedSymbolException: Unsolved symbol in de.uka.ilkd.key.java.JavaParserFactory$DynamicTypeSolver@725185cc : java.lang.Object
	at com.github.javaparser.resolution.TypeSolver.solveType(TypeSolver.java:71)

32674      ERROR Test worker     d.u.i.k.n.b.TacletPBuilder Error in parsing taclet. de.uka.ilkd.key.util.parsing.BuildingException: Unsolved symbol in de.uka.ilkd.key.java.JavaParserFactory$DynamicTypeSolver@725185cc : java.lang.Object at file:/D:/a/key/key/key.core/build/resources/main/de/uka/ilkd/key/proof/rules/javaRules.key:242:13
	at de.uka.ilkd.key.nparser.builder.AbstractBuilder.accept(AbstractBuilder.java:54)
Caused by: com.github.javaparser.resolution.UnsolvedSymbolException: Unsolved symbol in de.uka.ilkd.key.java.JavaParserFactory$DynamicTypeSolver@725185cc : java.lang.Object
	at com.github.javaparser.resolution.TypeSolver.solveType(TypeSolver.java:71)

32674      ERROR Test worker     d.u.i.k.n.b.AbstractBuilder  com.github.javaparser.resolution.UnsolvedSymbolException: Unsolved symbol in de.uka.ilkd.key.java.JavaParserFactory$DynamicTypeSolver@725185cc : java.lang.Object
	at com.github.javaparser.resolution.TypeSolver.solveType(TypeSolver.java:71)

32674      ERROR Test worker     d.u.i.k.n.b.TacletPBuilder Error in parsing taclet. de.uka.ilkd.key.util.parsing.BuildingException: Unsolved symbol in de.uka.ilkd.key.java.JavaParserFactory$DynamicTypeSolver@725185cc : java.lang.Object at file:/D:/a/key/key/key.core/build/resources/main/de/uka/ilkd/key/proof/rules/javaRules.key:257:15
	at de.uka.ilkd.key.nparser.builder.AbstractBuilder.accept(AbstractBuilder.java:54)
Caused by: com.github.javaparser.resolution.UnsolvedSymbolException: Unsolved symbol in de.uka.ilkd.key.java.JavaParserFactory$DynamicTypeSolver@725185cc : java.lang.Object
	at com.github.javaparser.resolution.TypeSolver.solveType(TypeSolver.java:71)

32674      ERROR Test worker     d.u.i.k.n.b.AbstractBuilder  com.github.javaparser.resolution.UnsolvedSymbolException: Unsolved symbol in de.uka.ilkd.key.java.JavaParserFactory$DynamicTypeSolver@725185cc : java.lang.Object
	at com.github.javaparser.resolution.TypeSolver.solveType(TypeSolver.java:71)

32674      ERROR Test worker     d.u.i.k.n.b.TacletPBuilder Error in parsing taclet. de.uka.ilkd.key.util.parsing.BuildingException: Unsolved symbol in de.uka.ilkd.key.java.JavaParserFactory$DynamicTypeSolver@725185cc : java.lang.Object at file:/D:/a/key/key/key.core/build/resources/main/de/uka/ilkd/key/proof/rules/javaRules.key:263:15
	at de.uka.ilkd.key.nparser.builder.AbstractBuilder.accept(AbstractBuilder.java:54)
Caused by: com.github.javaparser.resolution.UnsolvedSymbolException: Unsolved symbol in de.uka.ilkd.key.java.JavaParserFactory$DynamicTypeSolver@725185cc : java.lang.Object
	at com.github.javaparser.resolution.TypeSolver.solveType(TypeSolver.java:71)

32674      ERROR Test worker     d.u.i.k.n.b.AbstractBuilder  com.github.javaparser.resolution.UnsolvedSymbolException: Unsolved symbol in de.uka.ilkd.key.java.JavaParserFactory$DynamicTypeSolver@725185cc : java.lang.Object
	at com.github.javaparser.resolution.TypeSolver.solveType(TypeSolver.java:71)

32674      ERROR Test worker     d.u.i.k.n.b.TacletPBuilder Error in parsing taclet. de.uka.ilkd.key.util.parsing.BuildingException: Unsolved symbol in de.uka.ilkd.key.java.JavaParserFactory$DynamicTypeSolver@725185cc : java.lang.Object at file:/D:/a/key/key/key.core/build/resources/main/de/uka/ilkd/key/proof/rules/javaRules.key:271:15
	at de.uka.ilkd.key.nparser.builder.AbstractBuilder.accept(AbstractBuilder.java:54)
Caused by: com.github.javaparser.resolution.UnsolvedSymbolException: Unsolved symbol in de.uka.ilkd.key.java.JavaParserFactory$DynamicTypeSolver@725185cc : java.lang.Object
	at com.github.javaparser.resolution.TypeSolver.solveType(TypeSolver.java:71)

32674      ERROR Test worker     d.u.i.k.n.b.AbstractBuilder  com.github.javaparser.resolution.UnsolvedSymbolException: Unsolved symbol in de.uka.ilkd.key.java.JavaParserFactory$DynamicTypeSolver@725185cc : java.lang.Object
	at com.github.javaparser.resolution.TypeSolver.solveType(TypeSolver.java:71)

32674      ERROR Test worker     d.u.i.k.n.b.TacletPBuilder Error in parsing taclet. de.uka.ilkd.key.util.parsing.BuildingException: Unsolved symbol in de.uka.ilkd.key.java.JavaParserFactory$DynamicTypeSolver@725185cc : java.lang.Object at file:/D:/a/key/key/key.core/build/resources/main/de/uka/ilkd/key/proof/rules/javaRules.key:279:15
	at de.uka.ilkd.key.nparser.builder.AbstractBuilder.accept(AbstractBuilder.java:54)
Caused by: com.github.javaparser.resolution.UnsolvedSymbolException: Unsolved symbol in de.uka.ilkd.key.java.JavaParserFactory$DynamicTypeSolver@725185cc : java.lang.Object
	at com.github.javaparser.resolution.TypeSolver.solveType(TypeSolver.java:71)

32674      ERROR Test worker     d.u.i.k.n.b.AbstractBuilder  com.github.javaparser.resolution.UnsolvedSymbolException: Unsolved symbol in de.uka.ilkd.key.java.JavaParserFactory$DynamicTypeSolver@725185cc : java.lang.Object
	at com.github.javaparser.resolution.TypeSolver.solveType(TypeSolver.java:71)

32674      ERROR Test worker     d.u.i.k.n.b.TacletPBuilder Error in parsing taclet. de.uka.ilkd.key.util.parsing.BuildingException: Unsolved symbol in de.uka.ilkd.key.java.JavaParserFactory$DynamicTypeSolver@725185cc : java.lang.Object at file:/D:/a/key/key/key.core/build/resources/main/de/uka/ilkd/key/proof/rules/javaRules.key:287:15
	at de.uka.ilkd.key.nparser.builder.AbstractBuilder.accept(AbstractBuilder.java:54)
Caused by: com.github.javaparser.resolution.UnsolvedSymbolException: Unsolved symbol in de.uka.ilkd.key.java.JavaParserFactory$DynamicTypeSolver@725185cc : java.lang.Object
	at com.github.javaparser.resolution.TypeSolver.solveType(TypeSolver.java:71)

32690      ERROR Test worker     d.u.i.k.n.b.AbstractBuilder  com.github.javaparser.resolution.UnsolvedSymbolException: Unsolved symbol in de.uka.ilkd.key.java.JavaParserFactory$DynamicTypeSolver@725185cc : java.lang.Object
	at com.github.javaparser.resolution.TypeSolver.solveType(TypeSolver.java:71)

32690      ERROR Test worker     d.u.i.k.n.b.TacletPBuilder Error in parsing taclet. de.uka.ilkd.key.util.parsing.BuildingException: Unsolved symbol in de.uka.ilkd.key.java.JavaParserFactory$DynamicTypeSolver@725185cc : java.lang.Object at file:/D:/a/key/key/key.core/build/resources/main/de/uka/ilkd/key/proof/rules/javaRules.key:297:15
	at de.uka.ilkd.key.nparser.builder.AbstractBuilder.accept(AbstractBuilder.java:54)
Caused by: com.github.javaparser.resolution.UnsolvedSymbolException: Unsolved symbol in de.uka.ilkd.key.java.JavaParserFactory$DynamicTypeSolver@725185cc : java.lang.Object
	at com.github.javaparser.resolution.TypeSolver.solveType(TypeSolver.java:71)

32690      ERROR Test worker     d.u.i.k.n.b.AbstractBuilder  com.github.javaparser.resolution.UnsolvedSymbolException: Unsolved symbol in de.uka.ilkd.key.java.JavaParserFactory$DynamicTypeSolver@725185cc : java.lang.Object
	at com.github.javaparser.resolution.TypeSolver.solveType(TypeSolver.java:71)

32690      ERROR Test worker     d.u.i.k.n.b.TacletPBuilder Error in parsing taclet. de.uka.ilkd.key.util.parsing.BuildingException: Unsolved symbol in de.uka.ilkd.key.java.JavaParserFactory$DynamicTypeSolver@725185cc : java.lang.Object at file:/D:/a/key/key/key.core/build/resources/main/de/uka/ilkd/key/proof/rules/javaRules.key:307:15
	at de.uka.ilkd.key.nparser.builder.AbstractBuilder.accept(AbstractBuilder.java:54)
Caused by: com.github.javaparser.resolution.UnsolvedSymbolException: Unsolved symbol in de.uka.ilkd.key.java.JavaParserFactory$DynamicTypeSolver@725185cc : java.lang.Object
	at com.github.javaparser.resolution.TypeSolver.solveType(TypeSolver.java:71)

32690      ERROR Test worker     d.u.i.k.n.b.AbstractBuilder  com.github.javaparser.resolution.UnsolvedSymbolException: Unsolved symbol in de.uka.ilkd.key.java.JavaParserFactory$DynamicTypeSolver@725185cc : java.lang.Object
	at com.github.javaparser.resolution.TypeSolver.solveType(TypeSolver.java:71)

32690      ERROR Test worker     d.u.i.k.n.b.TacletPBuilder Error in parsing taclet. de.uka.ilkd.key.util.parsing.BuildingException: Unsolved symbol in de.uka.ilkd.key.java.JavaParserFactory$DynamicTypeSolver@725185cc : java.lang.Object at file:/D:/a/key/key/key.core/build/resources/main/de/uka/ilkd/key/proof/rules/javaRules.key:317:15
	at de.uka.ilkd.key.nparser.builder.AbstractBuilder.accept(AbstractBuilder.java:54)
Caused by: com.github.javaparser.resolution.UnsolvedSymbolException: Unsolved symbol in de.uka.ilkd.key.java.JavaParserFactory$DynamicTypeSolver@725185cc : java.lang.Object
	at com.github.javaparser.resolution.TypeSolver.solveType(TypeSolver.java:71)

32690      ERROR Test worker     d.u.i.k.n.b.AbstractBuilder  com.github.javaparser.resolution.UnsolvedSymbolException: Unsolved symbol in de.uka.ilkd.key.java.JavaParserFactory$DynamicTypeSolver@725185cc : java.lang.Object
	at com.github.javaparser.resolution.TypeSolver.solveType(TypeSolver.java:71)

32690      ERROR Test worker     d.u.i.k.n.b.TacletPBuilder Error in parsing taclet. de.uka.ilkd.key.util.parsing.BuildingException: Unsolved symbol in de.uka.ilkd.key.java.JavaParserFactory$DynamicTypeSolver@725185cc : java.lang.Object at file:/D:/a/key/key/key.core/build/resources/main/de/uka/ilkd/key/proof/rules/javaRules.key:329:15
	at de.uka.ilkd.key.nparser.builder.AbstractBuilder.accept(AbstractBuilder.java:54)
Caused by: com.github.javaparser.resolution.UnsolvedSymbolException: Unsolved symbol in de.uka.ilkd.key.java.JavaParserFactory$DynamicTypeSolver@725185cc : java.lang.Object
	at com.github.javaparser.resolution.TypeSolver.solveType(TypeSolver.java:71)

32690      ERROR Test worker     d.u.i.k.n.b.AbstractBuilder  com.github.javaparser.resolution.UnsolvedSymbolException: Unsolved symbol in de.uka.ilkd.key.java.JavaParserFactory$DynamicTypeSolver@725185cc : java.lang.Object
	at com.github.javaparser.resolution.TypeSolver.solveType(TypeSolver.java:71)

32690      ERROR Test worker     d.u.i.k.n.b.TacletPBuilder Error in parsing taclet. de.uka.ilkd.key.util.parsing.BuildingException: Unsolved symbol in de.uka.ilkd.key.java.JavaParserFactory$DynamicTypeSolver@725185cc : java.lang.Object at file:/D:/a/key/key/key.core/build/resources/main/de/uka/ilkd/key/proof/rules/javaRules.key:403:15
	at de.uka.ilkd.key.nparser.builder.AbstractBuilder.accept(AbstractBuilder.java:54)
Caused by: com.github.javaparser.resolution.UnsolvedSymbolException: Unsolved symbol in de.uka.ilkd.key.java.JavaParserFactory$DynamicTypeSolver@725185cc : java.lang.Object
	at com.github.javaparser.resolution.TypeSolver.solveType(TypeSolver.java:71)

32737      ERROR Test worker     d.u.i.k.n.b.AbstractBuilder  com.github.javaparser.resolution.UnsolvedSymbolException: Unsolved symbol in de.uka.ilkd.key.java.JavaParserFactory$DynamicTypeSolver@725185cc : java.lang.Object
	at com.github.javaparser.resolution.TypeSolver.solveType(TypeSolver.java:71)

32737      ERROR Test worker     d.u.i.k.n.b.TacletPBuilder Error in parsing taclet. de.uka.ilkd.key.util.parsing.BuildingException: Unsolved symbol in de.uka.ilkd.key.java.JavaParserFactory$DynamicTypeSolver@725185cc : java.lang.Object at file:/D:/a/key/key/key.core/build/resources/main/de/uka/ilkd/key/proof/rules/javaRules.key:411:15
	at de.uka.ilkd.key.nparser.builder.AbstractBuilder.accept(AbstractBuilder.java:54)
Caused by: com.github.javaparser.resolution.UnsolvedSymbolException: Unsolved symbol in de.uka.ilkd.key.java.JavaParserFactory$DynamicTypeSolver@725185cc : java.lang.Object
	at com.github.javaparser.resolution.TypeSolver.solveType(TypeSolver.java:71)

32737      ERROR Test worker     d.u.i.k.n.b.AbstractBuilder  com.github.javaparser.resolution.UnsolvedSymbolException: Unsolved symbol in de.uka.ilkd.key.java.JavaParserFactory$DynamicTypeSolver@725185cc : java.lang.Object
	at com.github.javaparser.resolution.TypeSolver.solveType(TypeSolver.java:71)

32737      ERROR Test worker     d.u.i.k.n.b.TacletPBuilder Error in parsing taclet. de.uka.ilkd.key.util.parsing.BuildingException: Unsolved symbol in de.uka.ilkd.key.java.JavaParserFactory$DynamicTypeSolver@725185cc : java.lang.Object at file:/D:/a/key/key/key.core/build/resources/main/de/uka/ilkd/key/proof/rules/javaRules.key:419:15
	at de.uka.ilkd.key.nparser.builder.AbstractBuilder.accept(AbstractBuilder.java:54)
Caused by: com.github.javaparser.resolution.UnsolvedSymbolException: Unsolved symbol in de.uka.ilkd.key.java.JavaParserFactory$DynamicTypeSolver@725185cc : java.lang.Object
	at com.github.javaparser.resolution.TypeSolver.solveType(TypeSolver.java:71)

32753      ERROR Test worker     d.u.i.k.n.b.AbstractBuilder  com.github.javaparser.resolution.UnsolvedSymbolException: Unsolved symbol in de.uka.ilkd.key.java.JavaParserFactory$DynamicTypeSolver@725185cc : java.lang.Object
	at com.github.javaparser.resolution.TypeSolver.solveType(TypeSolver.java:71)

32753      ERROR Test worker     d.u.i.k.n.b.TacletPBuilder Error in parsing taclet. de.uka.ilkd.key.util.parsing.BuildingException: Unsolved symbol in de.uka.ilkd.key.java.JavaParserFactory$DynamicTypeSolver@725185cc : java.lang.Object at file:/D:/a/key/key/key.core/build/resources/main/de/uka/ilkd/key/proof/rules/javaRules.key:427:15
	at de.uka.ilkd.key.nparser.builder.AbstractBuilder.accept(AbstractBuilder.java:54)
Caused by: com.github.javaparser.resolution.UnsolvedSymbolException: Unsolved symbol in de.uka.ilkd.key.java.JavaParserFactory$DynamicTypeSolver@725185cc : java.lang.Object
	at com.github.javaparser.resolution.TypeSolver.solveType(TypeSolver.java:71)

32753      ERROR Test worker     d.u.i.k.n.b.AbstractBuilder  com.github.javaparser.resolution.UnsolvedSymbolException: Unsolved symbol in de.uka.ilkd.key.java.JavaParserFactory$DynamicTypeSolver@725185cc : java.lang.Object
	at com.github.javaparser.resolution.TypeSolver.solveType(TypeSolver.java:71)

32753      ERROR Test worker     d.u.i.k.n.b.TacletPBuilder Error in parsing taclet. de.uka.ilkd.key.util.parsing.BuildingException: Unsolved symbol in de.uka.ilkd.key.java.JavaParserFactory$DynamicTypeSolver@725185cc : java.lang.Object at file:/D:/a/key/key/key.core/build/resources/main/de/uka/ilkd/key/proof/rules/javaRules.key:434:15
	at de.uka.ilkd.key.nparser.builder.AbstractBuilder.accept(AbstractBuilder.java:54)
Caused by: com.github.javaparser.resolution.UnsolvedSymbolException: Unsolved symbol in de.uka.ilkd.key.java.JavaParserFactory$DynamicTypeSolver@725185cc : java.lang.Object
	at com.github.javaparser.resolution.TypeSolver.solveType(TypeSolver.java:71)

32753      ERROR Test worker     d.u.i.k.n.b.AbstractBuilder  com.github.javaparser.resolution.UnsolvedSymbolException: Unsolved symbol in de.uka.ilkd.key.java.JavaParserFactory$DynamicTypeSolver@725185cc : java.lang.Object
	at com.github.javaparser.resolution.TypeSolver.solveType(TypeSolver.java:71)

32753      ERROR Test worker     d.u.i.k.n.b.TacletPBuilder Error in parsing taclet. de.uka.ilkd.key.util.parsing.BuildingException: Unsolved symbol in de.uka.ilkd.key.java.JavaParserFactory$DynamicTypeSolver@725185cc : java.lang.Object at file:/D:/a/key/key/key.core/build/resources/main/de/uka/ilkd/key/proof/rules/javaRules.key:441:15
	at de.uka.ilkd.key.nparser.builder.AbstractBuilder.accept(AbstractBuilder.java:54)
Caused by: com.github.javaparser.resolution.UnsolvedSymbolException: Unsolved symbol in de.uka.ilkd.key.java.JavaParserFactory$DynamicTypeSolver@725185cc : java.lang.Object
	at com.github.javaparser.resolution.TypeSolver.solveType(TypeSolver.java:71)

32753      ERROR Test worker     d.u.i.k.n.b.AbstractBuilder  com.github.javaparser.resolution.UnsolvedSymbolException: Unsolved symbol in de.uka.ilkd.key.java.JavaParserFactory$DynamicTypeSolver@725185cc : java.lang.Object
	at com.github.javaparser.resolution.TypeSolver.solveType(TypeSolver.java:71)

32753      ERROR Test worker     d.u.i.k.n.b.TacletPBuilder Error in parsing taclet. de.uka.ilkd.key.util.parsing.BuildingException: Unsolved symbol in de.uka.ilkd.key.java.JavaParserFactory$DynamicTypeSolver@725185cc : java.lang.Object at file:/D:/a/key/key/key.core/build/resources/main/de/uka/ilkd/key/proof/rules/javaRules.key:448:15
	at de.uka.ilkd.key.nparser.builder.AbstractBuilder.accept(AbstractBuilder.java:54)
Caused by: com.github.javaparser.resolution.UnsolvedSymbolException: Unsolved symbol in de.uka.ilkd.key.java.JavaParserFactory$DynamicTypeSolver@725185cc : java.lang.Object
	at com.github.javaparser.resolution.TypeSolver.solveType(TypeSolver.java:71)

32753      ERROR Test worker     d.u.i.k.n.b.AbstractBuilder  com.github.javaparser.resolution.UnsolvedSymbolException: Unsolved symbol in de.uka.ilkd.key.java.JavaParserFactory$DynamicTypeSolver@725185cc : java.lang.Object
	at com.github.javaparser.resolution.TypeSolver.solveType(TypeSolver.java:71)

32753      ERROR Test worker     d.u.i.k.n.b.TacletPBuilder Error in parsing taclet. de.uka.ilkd.key.util.parsing.BuildingException: Unsolved symbol in de.uka.ilkd.key.java.JavaParserFactory$DynamicTypeSolver@725185cc : java.lang.Object at file:/D:/a/key/key/key.core/build/resources/main/de/uka/ilkd/key/proof/rules/javaRules.key:455:15
	at de.uka.ilkd.key.nparser.builder.AbstractBuilder.accept(AbstractBuilder.java:54)
Caused by: com.github.javaparser.resolution.UnsolvedSymbolException: Unsolved symbol in de.uka.ilkd.key.java.JavaParserFactory$DynamicTypeSolver@725185cc : java.lang.Object
	at com.github.javaparser.resolution.TypeSolver.solveType(TypeSolver.java:71)

32753      ERROR Test worker     d.u.i.k.n.b.AbstractBuilder  com.github.javaparser.resolution.UnsolvedSymbolException: Unsolved symbol in de.uka.ilkd.key.java.JavaParserFactory$DynamicTypeSolver@725185cc : java.lang.Object
	at com.github.javaparser.resolution.TypeSolver.solveType(TypeSolver.java:71)

32753      ERROR Test worker     d.u.i.k.n.b.TacletPBuilder Error in parsing taclet. de.uka.ilkd.key.util.parsing.BuildingException: Unsolved symbol in de.uka.ilkd.key.java.JavaParserFactory$DynamicTypeSolver@725185cc : java.lang.Object at file:/D:/a/key/key/key.core/build/resources/main/de/uka/ilkd/key/proof/rules/javaRules.key:466:15
	at de.uka.ilkd.key.nparser.builder.AbstractBuilder.accept(AbstractBuilder.java:54)
Caused by: com.github.javaparser.resolution.UnsolvedSymbolException: Unsolved symbol in de.uka.ilkd.key.java.JavaParserFactory$DynamicTypeSolver@725185cc : java.lang.Object
	at com.github.javaparser.resolution.TypeSolver.solveType(TypeSolver.java:71)

32753      ERROR Test worker     d.u.i.k.n.b.AbstractBuilder  com.github.javaparser.resolution.UnsolvedSymbolException: Unsolved symbol in de.uka.ilkd.key.java.JavaParserFactory$DynamicTypeSolver@725185cc : java.lang.Object
	at com.github.javaparser.resolution.TypeSolver.solveType(TypeSolver.java:71)

32753      ERROR Test worker     d.u.i.k.n.b.TacletPBuilder Error in parsing taclet. de.uka.ilkd.key.util.parsing.BuildingException: Unsolved symbol in de.uka.ilkd.key.java.JavaParserFactory$DynamicTypeSolver@725185cc : java.lang.Object at file:/D:/a/key/key/key.core/build/resources/main/de/uka/ilkd/key/proof/rules/javaRules.key:472:15
	at de.uka.ilkd.key.nparser.builder.AbstractBuilder.accept(AbstractBuilder.java:54)
Caused by: com.github.javaparser.resolution.UnsolvedSymbolException: Unsolved symbol in de.uka.ilkd.key.java.JavaParserFactory$DynamicTypeSolver@725185cc : java.lang.Object
	at com.github.javaparser.resolution.TypeSolver.solveType(TypeSolver.java:71)

32753      ERROR Test worker     d.u.i.k.n.b.AbstractBuilder  com.github.javaparser.resolution.UnsolvedSymbolException: Unsolved symbol in de.uka.ilkd.key.java.JavaParserFactory$DynamicTypeSolver@725185cc : java.lang.Object
	at com.github.javaparser.resolution.TypeSolver.solveType(TypeSolver.java:71)

32753      ERROR Test worker     d.u.i.k.n.b.TacletPBuilder Error in parsing taclet. de.uka.ilkd.key.util.parsing.BuildingException: Unsolved symbol in de.uka.ilkd.key.java.JavaParserFactory$DynamicTypeSolver@725185cc : java.lang.Object at file:/D:/a/key/key/key.core/build/resources/main/de/uka/ilkd/key/proof/rules/javaRules.key:482:15
	at de.uka.ilkd.key.nparser.builder.AbstractBuilder.accept(AbstractBuilder.java:54)
Caused by: com.github.javaparser.resolution.UnsolvedSymbolException: Unsolved symbol in de.uka.ilkd.key.java.JavaParserFactory$DynamicTypeSolver@725185cc : java.lang.Object
	at com.github.javaparser.resolution.TypeSolver.solveType(TypeSolver.java:71)

32768      ERROR Test worker     d.u.i.k.n.b.AbstractBuilder  com.github.javaparser.resolution.UnsolvedSymbolException: Unsolved symbol in de.uka.ilkd.key.java.JavaParserFactory$DynamicTypeSolver@725185cc : java.lang.Object
	at com.github.javaparser.resolution.TypeSolver.solveType(TypeSolver.java:71)

32768      ERROR Test worker     d.u.i.k.n.b.TacletPBuilder Error in parsing taclet. de.uka.ilkd.key.util.parsing.BuildingException: Unsolved symbol in de.uka.ilkd.key.java.JavaParserFactory$DynamicTypeSolver@725185cc : java.lang.Object at file:/D:/a/key/key/key.core/build/resources/main/de/uka/ilkd/key/proof/rules/javaRules.key:488:15
	at de.uka.ilkd.key.nparser.builder.AbstractBuilder.accept(AbstractBuilder.java:54)
Caused by: com.github.javaparser.resolution.UnsolvedSymbolException: Unsolved symbol in de.uka.ilkd.key.java.JavaParserFactory$DynamicTypeSolver@725185cc : java.lang.Object
	at com.github.javaparser.resolution.TypeSolver.solveType(TypeSolver.java:71)

32768      ERROR Test worker     d.u.i.k.n.b.AbstractBuilder  com.github.javaparser.resolution.UnsolvedSymbolException: Unsolved symbol in de.uka.ilkd.key.java.JavaParserFactory$DynamicTypeSolver@725185cc : java.lang.Object
	at com.github.javaparser.resolution.TypeSolver.solveType(TypeSolver.java:71)

32768      ERROR Test worker     d.u.i.k.n.b.TacletPBuilder Error in parsing taclet. de.uka.ilkd.key.util.parsing.BuildingException: Unsolved symbol in de.uka.ilkd.key.java.JavaParserFactory$DynamicTypeSolver@725185cc : java.lang.Object at file:/D:/a/key/key/key.core/build/resources/main/de/uka/ilkd/key/proof/rules/javaRules.key:494:15
	at de.uka.ilkd.key.nparser.builder.AbstractBuilder.accept(AbstractBuilder.java:54)
Caused by: com.github.javaparser.resolution.UnsolvedSymbolException: Unsolved symbol in de.uka.ilkd.key.java.JavaParserFactory$DynamicTypeSolver@725185cc : java.lang.Object
	at com.github.javaparser.resolution.TypeSolver.solveType(TypeSolver.java:71)

32768      ERROR Test worker     d.u.i.k.n.b.AbstractBuilder  com.github.javaparser.resolution.UnsolvedSymbolException: Unsolved symbol in de.uka.ilkd.key.java.JavaParserFactory$DynamicTypeSolver@725185cc : java.lang.Object
	at com.github.javaparser.resolution.TypeSolver.solveType(TypeSolver.java:71)

32768      ERROR Test worker     d.u.i.k.n.b.TacletPBuilder Error in parsing taclet. de.uka.ilkd.key.util.parsing.BuildingException: Unsolved symbol in de.uka.ilkd.key.java.JavaParserFactory$DynamicTypeSolver@725185cc : java.lang.Object at file:/D:/a/key/key/key.core/build/resources/main/de/uka/ilkd/key/proof/rules/javaRules.key:500:15
	at de.uka.ilkd.key.nparser.builder.AbstractBuilder.accept(AbstractBuilder.java:54)
Caused by: com.github.javaparser.resolution.UnsolvedSymbolException: Unsolved symbol in de.uka.ilkd.key.java.JavaParserFactory$DynamicTypeSolver@725185cc : java.lang.Object
	at com.github.javaparser.resolution.TypeSolver.solveType(TypeSolver.java:71)

32768      ERROR Test worker     d.u.i.k.n.b.AbstractBuilder  com.github.javaparser.resolution.UnsolvedSymbolException: Unsolved symbol in de.uka.ilkd.key.java.JavaParserFactory$DynamicTypeSolver@725185cc : java.lang.Object
	at com.github.javaparser.resolution.TypeSolver.solveType(TypeSolver.java:71)

32768      ERROR Test worker     d.u.i.k.n.b.TacletPBuilder Error in parsing taclet. de.uka.ilkd.key.util.parsing.BuildingException: Unsolved symbol in de.uka.ilkd.key.java.JavaParserFactory$DynamicTypeSolver@725185cc : java.lang.Object at file:/D:/a/key/key/key.core/build/resources/main/de/uka/ilkd/key/proof/rules/javaRules.key:506:15
	at de.uka.ilkd.key.nparser.builder.AbstractBuilder.accept(AbstractBuilder.java:54)
Caused by: com.github.javaparser.resolution.UnsolvedSymbolException: Unsolved symbol in de.uka.ilkd.key.java.JavaParserFactory$DynamicTypeSolver@725185cc : java.lang.Object
	at com.github.javaparser.resolution.TypeSolver.solveType(TypeSolver.java:71)

32768      ERROR Test worker     d.u.i.k.n.b.AbstractBuilder  com.github.javaparser.resolution.UnsolvedSymbolException: Unsolved symbol in de.uka.ilkd.key.java.JavaParserFactory$DynamicTypeSolver@725185cc : java.lang.Object
	at com.github.javaparser.resolution.TypeSolver.solveType(TypeSolver.java:71)

32768      ERROR Test worker     d.u.i.k.n.b.TacletPBuilder Error in parsing taclet. de.uka.ilkd.key.util.parsing.BuildingException: Unsolved symbol in de.uka.ilkd.key.java.JavaParserFactory$DynamicTypeSolver@725185cc : java.lang.Object at file:/D:/a/key/key/key.core/build/resources/main/de/uka/ilkd/key/proof/rules/javaRules.key:523:15
	at de.uka.ilkd.key.nparser.builder.AbstractBuilder.accept(AbstractBuilder.java:54)
Caused by: com.github.javaparser.resolution.UnsolvedSymbolException: Unsolved symbol in de.uka.ilkd.key.java.JavaParserFactory$DynamicTypeSolver@725185cc : java.lang.Object
	at com.github.javaparser.resolution.TypeSolver.solveType(TypeSolver.java:71)

32768      ERROR Test worker     d.u.i.k.n.b.AbstractBuilder  com.github.javaparser.resolution.UnsolvedSymbolException: Unsolved symbol in de.uka.ilkd.key.java.JavaParserFactory$DynamicTypeSolver@725185cc : java.lang.Object
	at com.github.javaparser.resolution.TypeSolver.solveType(TypeSolver.java:71)

32768      ERROR Test worker     d.u.i.k.n.b.TacletPBuilder Error in parsing taclet. de.uka.ilkd.key.util.parsing.BuildingException: Unsolved symbol in de.uka.ilkd.key.java.JavaParserFactory$DynamicTypeSolver@725185cc : java.lang.Object at file:/D:/a/key/key/key.core/build/resources/main/de/uka/ilkd/key/proof/rules/javaRules.key:546:15
	at de.uka.ilkd.key.nparser.builder.AbstractBuilder.accept(AbstractBuilder.java:54)
Caused by: com.github.javaparser.resolution.UnsolvedSymbolException: Unsolved symbol in de.uka.ilkd.key.java.JavaParserFactory$DynamicTypeSolver@725185cc : java.lang.Object
	at com.github.javaparser.resolution.TypeSolver.solveType(TypeSolver.java:71)

32768      ERROR Test worker     d.u.i.k.n.b.AbstractBuilder  com.github.javaparser.resolution.UnsolvedSymbolException: Unsolved symbol in de.uka.ilkd.key.java.JavaParserFactory$DynamicTypeSolver@725185cc : java.lang.Object
	at com.github.javaparser.resolution.TypeSolver.solveType(TypeSolver.java:71)

32768      ERROR Test worker     d.u.i.k.n.b.TacletPBuilder Error in parsing taclet. de.uka.ilkd.key.util.parsing.BuildingException: Unsolved symbol in de.uka.ilkd.key.java.JavaParserFactory$DynamicTypeSolver@725185cc : java.lang.Object at file:/D:/a/key/key/key.core/build/resources/main/de/uka/ilkd/key/proof/rules/javaRules.key:574:15
	at de.uka.ilkd.key.nparser.builder.AbstractBuilder.accept(AbstractBuilder.java:54)
Caused by: com.github.javaparser.resolution.UnsolvedSymbolException: Unsolved symbol in de.uka.ilkd.key.java.JavaParserFactory$DynamicTypeSolver@725185cc : java.lang.Object
	at com.github.javaparser.resolution.TypeSolver.solveType(TypeSolver.java:71)

32784      ERROR Test worker     d.u.i.k.n.b.AbstractBuilder  com.github.javaparser.resolution.UnsolvedSymbolException: Unsolved symbol in de.uka.ilkd.key.java.JavaParserFactory$DynamicTypeSolver@725185cc : java.lang.Object
	at com.github.javaparser.resolution.TypeSolver.solveType(TypeSolver.java:71)

32784      ERROR Test worker     d.u.i.k.n.b.TacletPBuilder Error in parsing taclet. de.uka.ilkd.key.util.parsing.BuildingException: Unsolved symbol in de.uka.ilkd.key.java.JavaParserFactory$DynamicTypeSolver@725185cc : java.lang.Object at file:/D:/a/key/key/key.core/build/resources/main/de/uka/ilkd/key/proof/rules/javaRules.key:590:15
	at de.uka.ilkd.key.nparser.builder.AbstractBuilder.accept(AbstractBuilder.java:54)
Caused by: com.github.javaparser.resolution.UnsolvedSymbolException: Unsolved symbol in de.uka.ilkd.key.java.JavaParserFactory$DynamicTypeSolver@725185cc : java.lang.Object
	at com.github.javaparser.resolution.TypeSolver.solveType(TypeSolver.java:71)

32784      ERROR Test worker     d.u.i.k.n.b.AbstractBuilder  com.github.javaparser.resolution.UnsolvedSymbolException: Unsolved symbol in de.uka.ilkd.key.java.JavaParserFactory$DynamicTypeSolver@725185cc : java.lang.Object
	at com.github.javaparser.resolution.TypeSolver.solveType(TypeSolver.java:71)

32784      ERROR Test worker     d.u.i.k.n.b.TacletPBuilder Error in parsing taclet. de.uka.ilkd.key.util.parsing.BuildingException: Unsolved symbol in de.uka.ilkd.key.java.JavaParserFactory$DynamicTypeSolver@725185cc : java.lang.Object at file:/D:/a/key/key/key.core/build/resources/main/de/uka/ilkd/key/proof/rules/javaRules.key:596:15
	at de.uka.ilkd.key.nparser.builder.AbstractBuilder.accept(AbstractBuilder.java:54)
Caused by: com.github.javaparser.resolution.UnsolvedSymbolException: Unsolved symbol in de.uka.ilkd.key.java.JavaParserFactory$DynamicTypeSolver@725185cc : java.lang.Object
	at com.github.javaparser.resolution.TypeSolver.solveType(TypeSolver.java:71)

32784      ERROR Test worker     d.u.i.k.n.b.AbstractBuilder  com.github.javaparser.resolution.UnsolvedSymbolException: Unsolved symbol in de.uka.ilkd.key.java.JavaParserFactory$DynamicTypeSolver@725185cc : java.lang.Object
	at com.github.javaparser.resolution.TypeSolver.solveType(TypeSolver.java:71)

32784      ERROR Test worker     d.u.i.k.n.b.TacletPBuilder Error in parsing taclet. de.uka.ilkd.key.util.parsing.BuildingException: Unsolved symbol in de.uka.ilkd.key.java.JavaParserFactory$DynamicTypeSolver@725185cc : java.lang.Object at file:/D:/a/key/key/key.core/build/resources/main/de/uka/ilkd/key/proof/rules/javaRules.key:605:15
	at de.uka.ilkd.key.nparser.builder.AbstractBuilder.accept(AbstractBuilder.java:54)
Caused by: com.github.javaparser.resolution.UnsolvedSymbolException: Unsolved symbol in de.uka.ilkd.key.java.JavaParserFactory$DynamicTypeSolver@725185cc : java.lang.Object
	at com.github.javaparser.resolution.TypeSolver.solveType(TypeSolver.java:71)

32784      ERROR Test worker     d.u.i.k.n.b.AbstractBuilder  com.github.javaparser.resolution.UnsolvedSymbolException: Unsolved symbol in de.uka.ilkd.key.java.JavaParserFactory$DynamicTypeSolver@725185cc : java.lang.Object
	at com.github.javaparser.resolution.TypeSolver.solveType(TypeSolver.java:71)

32784      ERROR Test worker     d.u.i.k.n.b.TacletPBuilder Error in parsing taclet. de.uka.ilkd.key.util.parsing.BuildingException: Unsolved symbol in de.uka.ilkd.key.java.JavaParserFactory$DynamicTypeSolver@725185cc : java.lang.Object at file:/D:/a/key/key/key.core/build/resources/main/de/uka/ilkd/key/proof/rules/javaRules.key:613:15
	at de.uka.ilkd.key.nparser.builder.AbstractBuilder.accept(AbstractBuilder.java:54)
Caused by: com.github.javaparser.resolution.UnsolvedSymbolException: Unsolved symbol in de.uka.ilkd.key.java.JavaParserFactory$DynamicTypeSolver@725185cc : java.lang.Object
	at com.github.javaparser.resolution.TypeSolver.solveType(TypeSolver.java:71)

32784      ERROR Test worker     d.u.i.k.n.b.AbstractBuilder  com.github.javaparser.resolution.UnsolvedSymbolException: Unsolved symbol in de.uka.ilkd.key.java.JavaParserFactory$DynamicTypeSolver@725185cc : java.lang.Object
	at com.github.javaparser.resolution.TypeSolver.solveType(TypeSolver.java:71)

32784      ERROR Test worker     d.u.i.k.n.b.TacletPBuilder Error in parsing taclet. de.uka.ilkd.key.util.parsing.BuildingException: Unsolved symbol in de.uka.ilkd.key.java.JavaParserFactory$DynamicTypeSolver@725185cc : java.lang.Object at file:/D:/a/key/key/key.core/build/resources/main/de/uka/ilkd/key/proof/rules/javaRules.key:622:15
	at de.uka.ilkd.key.nparser.builder.AbstractBuilder.accept(AbstractBuilder.java:54)
Caused by: com.github.javaparser.resolution.UnsolvedSymbolException: Unsolved symbol in de.uka.ilkd.key.java.JavaParserFactory$DynamicTypeSolver@725185cc : java.lang.Object
	at com.github.javaparser.resolution.TypeSolver.solveType(TypeSolver.java:71)

32784      ERROR Test worker     d.u.i.k.n.b.AbstractBuilder  com.github.javaparser.resolution.UnsolvedSymbolException: Unsolved symbol in de.uka.ilkd.key.java.JavaParserFactory$DynamicTypeSolver@725185cc : java.lang.Object
	at com.github.javaparser.resolution.TypeSolver.solveType(TypeSolver.java:71)

32784      ERROR Test worker     d.u.i.k.n.b.TacletPBuilder Error in parsing taclet. de.uka.ilkd.key.util.parsing.BuildingException: Unsolved symbol in de.uka.ilkd.key.java.JavaParserFactory$DynamicTypeSolver@725185cc : java.lang.Object at file:/D:/a/key/key/key.core/build/resources/main/de/uka/ilkd/key/proof/rules/javaRules.key:630:15
	at de.uka.ilkd.key.nparser.builder.AbstractBuilder.accept(AbstractBuilder.java:54)
Caused by: com.github.javaparser.resolution.UnsolvedSymbolException: Unsolved symbol in de.uka.ilkd.key.java.JavaParserFactory$DynamicTypeSolver@725185cc : java.lang.Object
	at com.github.javaparser.resolution.TypeSolver.solveType(TypeSolver.java:71)

32784      ERROR Test worker     d.u.i.k.n.b.AbstractBuilder  com.github.javaparser.resolution.UnsolvedSymbolException: Unsolved symbol in de.uka.ilkd.key.java.JavaParserFactory$DynamicTypeSolver@725185cc : java.lang.Object
	at com.github.javaparser.resolution.TypeSolver.solveType(TypeSolver.java:71)

32784      ERROR Test worker     d.u.i.k.n.b.TacletPBuilder Error in parsing taclet. de.uka.ilkd.key.util.parsing.BuildingException: Unsolved symbol in de.uka.ilkd.key.java.JavaParserFactory$DynamicTypeSolver@725185cc : java.lang.Object at file:/D:/a/key/key/key.core/build/resources/main/de/uka/ilkd/key/proof/rules/javaRules.key:639:15
	at de.uka.ilkd.key.nparser.builder.AbstractBuilder.accept(AbstractBuilder.java:54)
Caused by: com.github.javaparser.resolution.UnsolvedSymbolException: Unsolved symbol in de.uka.ilkd.key.java.JavaParserFactory$DynamicTypeSolver@725185cc : java.lang.Object
	at com.github.javaparser.resolution.TypeSolver.solveType(TypeSolver.java:71)

32799      ERROR Test worker     d.u.i.k.n.b.AbstractBuilder  com.github.javaparser.resolution.UnsolvedSymbolException: Unsolved symbol in de.uka.ilkd.key.java.JavaParserFactory$DynamicTypeSolver@725185cc : java.lang.Object
	at com.github.javaparser.resolution.TypeSolver.solveType(TypeSolver.java:71)

32799      ERROR Test worker     d.u.i.k.n.b.TacletPBuilder Error in parsing taclet. de.uka.ilkd.key.util.parsing.BuildingException: Unsolved symbol in de.uka.ilkd.key.java.JavaParserFactory$DynamicTypeSolver@725185cc : java.lang.Object at file:/D:/a/key/key/key.core/build/resources/main/de/uka/ilkd/key/proof/rules/javaRules.key:647:15
	at de.uka.ilkd.key.nparser.builder.AbstractBuilder.accept(AbstractBuilder.java:54)
Caused by: com.github.javaparser.resolution.UnsolvedSymbolException: Unsolved symbol in de.uka.ilkd.key.java.JavaParserFactory$DynamicTypeSolver@725185cc : java.lang.Object
	at com.github.javaparser.resolution.TypeSolver.solveType(TypeSolver.java:71)

32799      ERROR Test worker     d.u.i.k.n.b.AbstractBuilder  com.github.javaparser.resolution.UnsolvedSymbolException: Unsolved symbol in de.uka.ilkd.key.java.JavaParserFactory$DynamicTypeSolver@725185cc : java.lang.Object
	at com.github.javaparser.resolution.TypeSolver.solveType(TypeSolver.java:71)

32799      ERROR Test worker     d.u.i.k.n.b.TacletPBuilder Error in parsing taclet. de.uka.ilkd.key.util.parsing.BuildingException: Unsolved symbol in de.uka.ilkd.key.java.JavaParserFactory$DynamicTypeSolver@725185cc : java.lang.Object at file:/D:/a/key/key/key.core/build/resources/main/de/uka/ilkd/key/proof/rules/javaRules.key:656:15
	at de.uka.ilkd.key.nparser.builder.AbstractBuilder.accept(AbstractBuilder.java:54)
Caused by: com.github.javaparser.resolution.UnsolvedSymbolException: Unsolved symbol in de.uka.ilkd.key.java.JavaParserFactory$DynamicTypeSolver@725185cc : java.lang.Object
	at com.github.javaparser.resolution.TypeSolver.solveType(TypeSolver.java:71)

32799      ERROR Test worker     d.u.i.k.n.b.AbstractBuilder  com.github.javaparser.resolution.UnsolvedSymbolException: Unsolved symbol in de.uka.ilkd.key.java.JavaParserFactory$DynamicTypeSolver@725185cc : java.lang.Object
	at com.github.javaparser.resolution.TypeSolver.solveType(TypeSolver.java:71)

32799      ERROR Test worker     d.u.i.k.n.b.TacletPBuilder Error in parsing taclet. de.uka.ilkd.key.util.parsing.BuildingException: Unsolved symbol in de.uka.ilkd.key.java.JavaParserFactory$DynamicTypeSolver@725185cc : java.lang.Object at file:/D:/a/key/key/key.core/build/resources/main/de/uka/ilkd/key/proof/rules/javaRules.key:664:15
	at de.uka.ilkd.key.nparser.builder.AbstractBuilder.accept(AbstractBuilder.java:54)
Caused by: com.github.javaparser.resolution.UnsolvedSymbolException: Unsolved symbol in de.uka.ilkd.key.java.JavaParserFactory$DynamicTypeSolver@725185cc : java.lang.Object
	at com.github.javaparser.resolution.TypeSolver.solveType(TypeSolver.java:71)

32799      ERROR Test worker     d.u.i.k.n.b.AbstractBuilder  com.github.javaparser.resolution.UnsolvedSymbolException: Unsolved symbol in de.uka.ilkd.key.java.JavaParserFactory$DynamicTypeSolver@725185cc : java.lang.Object
	at com.github.javaparser.resolution.TypeSolver.solveType(TypeSolver.java:71)

32799      ERROR Test worker     d.u.i.k.n.b.TacletPBuilder Error in parsing taclet. de.uka.ilkd.key.util.parsing.BuildingException: Unsolved symbol in de.uka.ilkd.key.java.JavaParserFactory$DynamicTypeSolver@725185cc : java.lang.Object at file:/D:/a/key/key/key.core/build/resources/main/de/uka/ilkd/key/proof/rules/javaRules.key:673:15
	at de.uka.ilkd.key.nparser.builder.AbstractBuilder.accept(AbstractBuilder.java:54)
Caused by: com.github.javaparser.resolution.UnsolvedSymbolException: Unsolved symbol in de.uka.ilkd.key.java.JavaParserFactory$DynamicTypeSolver@725185cc : java.lang.Object
	at com.github.javaparser.resolution.TypeSolver.solveType(TypeSolver.java:71)

32799      ERROR Test worker     d.u.i.k.n.b.AbstractBuilder  com.github.javaparser.resolution.UnsolvedSymbolException: Unsolved symbol in de.uka.ilkd.key.java.JavaParserFactory$DynamicTypeSolver@725185cc : java.lang.Object
	at com.github.javaparser.resolution.TypeSolver.solveType(TypeSolver.java:71)

32799      ERROR Test worker     d.u.i.k.n.b.TacletPBuilder Error in parsing taclet. de.uka.ilkd.key.util.parsing.BuildingException: Unsolved symbol in de.uka.ilkd.key.java.JavaParserFactory$DynamicTypeSolver@725185cc : java.lang.Object at file:/D:/a/key/key/key.core/build/resources/main/de/uka/ilkd/key/proof/rules/javaRules.key:681:15
	at de.uka.ilkd.key.nparser.builder.AbstractBuilder.accept(AbstractBuilder.java:54)
Caused by: com.github.javaparser.resolution.UnsolvedSymbolException: Unsolved symbol in de.uka.ilkd.key.java.JavaParserFactory$DynamicTypeSolver@725185cc : java.lang.Object
	at com.github.javaparser.resolution.TypeSolver.solveType(TypeSolver.java:71)

32799      ERROR Test worker     d.u.i.k.n.b.AbstractBuilder  com.github.javaparser.resolution.UnsolvedSymbolException: Unsolved symbol in de.uka.ilkd.key.java.JavaParserFactory$DynamicTypeSolver@725185cc : java.lang.Object
	at com.github.javaparser.resolution.TypeSolver.solveType(TypeSolver.java:71)

32799      ERROR Test worker     d.u.i.k.n.b.TacletPBuilder Error in parsing taclet. de.uka.ilkd.key.util.parsing.BuildingException: Unsolved symbol in de.uka.ilkd.key.java.JavaParserFactory$DynamicTypeSolver@725185cc : java.lang.Object at file:/D:/a/key/key/key.core/build/resources/main/de/uka/ilkd/key/proof/rules/javaRules.key:693:15
	at de.uka.ilkd.key.nparser.builder.AbstractBuilder.accept(AbstractBuilder.java:54)
Caused by: com.github.javaparser.resolution.UnsolvedSymbolException: Unsolved symbol in de.uka.ilkd.key.java.JavaParserFactory$DynamicTypeSolver@725185cc : java.lang.Object
	at com.github.javaparser.resolution.TypeSolver.solveType(TypeSolver.java:71)

32799      ERROR Test worker     d.u.i.k.n.b.AbstractBuilder  com.github.javaparser.resolution.UnsolvedSymbolException: Unsolved symbol in de.uka.ilkd.key.java.JavaParserFactory$DynamicTypeSolver@725185cc : java.lang.Object
	at com.github.javaparser.resolution.TypeSolver.solveType(TypeSolver.java:71)

32799      ERROR Test worker     d.u.i.k.n.b.TacletPBuilder Error in parsing taclet. de.uka.ilkd.key.util.parsing.BuildingException: Unsolved symbol in de.uka.ilkd.key.java.JavaParserFactory$DynamicTypeSolver@725185cc : java.lang.Object at file:/D:/a/key/key/key.core/build/resources/main/de/uka/ilkd/key/proof/rules/javaRules.key:701:15
	at de.uka.ilkd.key.nparser.builder.AbstractBuilder.accept(AbstractBuilder.java:54)
Caused by: com.github.javaparser.resolution.UnsolvedSymbolException: Unsolved symbol in de.uka.ilkd.key.java.JavaParserFactory$DynamicTypeSolver@725185cc : java.lang.Object
	at com.github.javaparser.resolution.TypeSolver.solveType(TypeSolver.java:71)

32799      ERROR Test worker     d.u.i.k.n.b.AbstractBuilder  com.github.javaparser.resolution.UnsolvedSymbolException: Unsolved symbol in de.uka.ilkd.key.java.JavaParserFactory$DynamicTypeSolver@725185cc : java.lang.Object
	at com.github.javaparser.resolution.TypeSolver.solveType(TypeSolver.java:71)

32799      ERROR Test worker     d.u.i.k.n.b.TacletPBuilder Error in parsing taclet. de.uka.ilkd.key.util.parsing.BuildingException: Unsolved symbol in de.uka.ilkd.key.java.JavaParserFactory$DynamicTypeSolver@725185cc : java.lang.Object at file:/D:/a/key/key/key.core/build/resources/main/de/uka/ilkd/key/proof/rules/javaRules.key:715:15
	at de.uka.ilkd.key.nparser.builder.AbstractBuilder.accept(AbstractBuilder.java:54)
Caused by: com.github.javaparser.resolution.UnsolvedSymbolException: Unsolved symbol in de.uka.ilkd.key.java.JavaParserFactory$DynamicTypeSolver@725185cc : java.lang.Object
	at com.github.javaparser.resolution.TypeSolver.solveType(TypeSolver.java:71)

32815      ERROR Test worker     d.u.i.k.n.b.AbstractBuilder  com.github.javaparser.resolution.UnsolvedSymbolException: Unsolved symbol in de.uka.ilkd.key.java.JavaParserFactory$DynamicTypeSolver@725185cc : java.lang.Object
	at com.github.javaparser.resolution.TypeSolver.solveType(TypeSolver.java:71)

32815      ERROR Test worker     d.u.i.k.n.b.TacletPBuilder Error in parsing taclet. de.uka.ilkd.key.util.parsing.BuildingException: Unsolved symbol in de.uka.ilkd.key.java.JavaParserFactory$DynamicTypeSolver@725185cc : java.lang.Object at file:/D:/a/key/key/key.core/build/resources/main/de/uka/ilkd/key/proof/rules/javaRules.key:722:15
	at de.uka.ilkd.key.nparser.builder.AbstractBuilder.accept(AbstractBuilder.java:54)
Caused by: com.github.javaparser.resolution.UnsolvedSymbolException: Unsolved symbol in de.uka.ilkd.key.java.JavaParserFactory$DynamicTypeSolver@725185cc : java.lang.Object
	at com.github.javaparser.resolution.TypeSolver.solveType(TypeSolver.java:71)

32815      ERROR Test worker     d.u.i.k.n.b.AbstractBuilder  com.github.javaparser.resolution.UnsolvedSymbolException: Unsolved symbol in de.uka.ilkd.key.java.JavaParserFactory$DynamicTypeSolver@725185cc : java.lang.Object
	at com.github.javaparser.resolution.TypeSolver.solveType(TypeSolver.java:71)

32815      ERROR Test worker     d.u.i.k.n.b.TacletPBuilder Error in parsing taclet. de.uka.ilkd.key.util.parsing.BuildingException: Unsolved symbol in de.uka.ilkd.key.java.JavaParserFactory$DynamicTypeSolver@725185cc : java.lang.Object at file:/D:/a/key/key/key.core/build/resources/main/de/uka/ilkd/key/proof/rules/javaRules.key:730:15
	at de.uka.ilkd.key.nparser.builder.AbstractBuilder.accept(AbstractBuilder.java:54)
Caused by: com.github.javaparser.resolution.UnsolvedSymbolException: Unsolved symbol in de.uka.ilkd.key.java.JavaParserFactory$DynamicTypeSolver@725185cc : java.lang.Object
	at com.github.javaparser.resolution.TypeSolver.solveType(TypeSolver.java:71)

32815      ERROR Test worker     d.u.i.k.n.b.AbstractBuilder  com.github.javaparser.resolution.UnsolvedSymbolException: Unsolved symbol in de.uka.ilkd.key.java.JavaParserFactory$DynamicTypeSolver@725185cc : java.lang.Object
	at com.github.javaparser.resolution.TypeSolver.solveType(TypeSolver.java:71)

32815      ERROR Test worker     d.u.i.k.n.b.TacletPBuilder Error in parsing taclet. de.uka.ilkd.key.util.parsing.BuildingException: Unsolved symbol in de.uka.ilkd.key.java.JavaParserFactory$DynamicTypeSolver@725185cc : java.lang.Object at file:/D:/a/key/key/key.core/build/resources/main/de/uka/ilkd/key/proof/rules/javaRules.key:739:15
	at de.uka.ilkd.key.nparser.builder.AbstractBuilder.accept(AbstractBuilder.java:54)
Caused by: com.github.javaparser.resolution.UnsolvedSymbolException: Unsolved symbol in de.uka.ilkd.key.java.JavaParserFactory$DynamicTypeSolver@725185cc : java.lang.Object
	at com.github.javaparser.resolution.TypeSolver.solveType(TypeSolver.java:71)

32815      ERROR Test worker     d.u.i.k.n.b.AbstractBuilder  com.github.javaparser.resolution.UnsolvedSymbolException: Unsolved symbol in de.uka.ilkd.key.java.JavaParserFactory$DynamicTypeSolver@725185cc : java.lang.Object
	at com.github.javaparser.resolution.TypeSolver.solveType(TypeSolver.java:71)

32815      ERROR Test worker     d.u.i.k.n.b.TacletPBuilder Error in parsing taclet. de.uka.ilkd.key.util.parsing.BuildingException: Unsolved symbol in de.uka.ilkd.key.java.JavaParserFactory$DynamicTypeSolver@725185cc : java.lang.Object at file:/D:/a/key/key/key.core/build/resources/main/de/uka/ilkd/key/proof/rules/javaRules.key:746:15
	at de.uka.ilkd.key.nparser.builder.AbstractBuilder.accept(AbstractBuilder.java:54)
Caused by: com.github.javaparser.resolution.UnsolvedSymbolException: Unsolved symbol in de.uka.ilkd.key.java.JavaParserFactory$DynamicTypeSolver@725185cc : java.lang.Object
	at com.github.javaparser.resolution.TypeSolver.solveType(TypeSolver.java:71)

32815      ERROR Test worker     d.u.i.k.n.b.AbstractBuilder  com.github.javaparser.resolution.UnsolvedSymbolException: Unsolved symbol in de.uka.ilkd.key.java.JavaParserFactory$DynamicTypeSolver@725185cc : java.lang.Object
	at com.github.javaparser.resolution.TypeSolver.solveType(TypeSolver.java:71)

32815      ERROR Test worker     d.u.i.k.n.b.TacletPBuilder Error in parsing taclet. de.uka.ilkd.key.util.parsing.BuildingException: Unsolved symbol in de.uka.ilkd.key.java.JavaParserFactory$DynamicTypeSolver@725185cc : java.lang.Object at file:/D:/a/key/key/key.core/build/resources/main/de/uka/ilkd/key/proof/rules/javaRules.key:754:15
	at de.uka.ilkd.key.nparser.builder.AbstractBuilder.accept(AbstractBuilder.java:54)
Caused by: com.github.javaparser.resolution.UnsolvedSymbolException: Unsolved symbol in de.uka.ilkd.key.java.JavaParserFactory$DynamicTypeSolver@725185cc : java.lang.Object
	at com.github.javaparser.resolution.TypeSolver.solveType(TypeSolver.java:71)

32815      ERROR Test worker     d.u.i.k.n.b.AbstractBuilder  com.github.javaparser.resolution.UnsolvedSymbolException: Unsolved symbol in de.uka.ilkd.key.java.JavaParserFactory$DynamicTypeSolver@725185cc : java.lang.Object
	at com.github.javaparser.resolution.TypeSolver.solveType(TypeSolver.java:71)

32815      ERROR Test worker     d.u.i.k.n.b.TacletPBuilder Error in parsing taclet. de.uka.ilkd.key.util.parsing.BuildingException: Unsolved symbol in de.uka.ilkd.key.java.JavaParserFactory$DynamicTypeSolver@725185cc : java.lang.Object at file:/D:/a/key/key/key.core/build/resources/main/de/uka/ilkd/key/proof/rules/javaRules.key:763:15
	at de.uka.ilkd.key.nparser.builder.AbstractBuilder.accept(AbstractBuilder.java:54)
Caused by: com.github.javaparser.resolution.UnsolvedSymbolException: Unsolved symbol in de.uka.ilkd.key.java.JavaParserFactory$DynamicTypeSolver@725185cc : java.lang.Object
	at com.github.javaparser.resolution.TypeSolver.solveType(TypeSolver.java:71)

32815      ERROR Test worker     d.u.i.k.n.b.AbstractBuilder  com.github.javaparser.resolution.UnsolvedSymbolException: Unsolved symbol in de.uka.ilkd.key.java.JavaParserFactory$DynamicTypeSolver@725185cc : java.lang.Object
	at com.github.javaparser.resolution.TypeSolver.solveType(TypeSolver.java:71)

32815      ERROR Test worker     d.u.i.k.n.b.TacletPBuilder Error in parsing taclet. de.uka.ilkd.key.util.parsing.BuildingException: Unsolved symbol in de.uka.ilkd.key.java.JavaParserFactory$DynamicTypeSolver@725185cc : java.lang.Object at file:/D:/a/key/key/key.core/build/resources/main/de/uka/ilkd/key/proof/rules/javaRules.key:770:15
	at de.uka.ilkd.key.nparser.builder.AbstractBuilder.accept(AbstractBuilder.java:54)
Caused by: com.github.javaparser.resolution.UnsolvedSymbolException: Unsolved symbol in de.uka.ilkd.key.java.JavaParserFactory$DynamicTypeSolver@725185cc : java.lang.Object
	at com.github.javaparser.resolution.TypeSolver.solveType(TypeSolver.java:71)

32815      ERROR Test worker     d.u.i.k.n.b.AbstractBuilder  com.github.javaparser.resolution.UnsolvedSymbolException: Unsolved symbol in de.uka.ilkd.key.java.JavaParserFactory$DynamicTypeSolver@725185cc : java.lang.Object
	at com.github.javaparser.resolution.TypeSolver.solveType(TypeSolver.java:71)

32815      ERROR Test worker     d.u.i.k.n.b.TacletPBuilder Error in parsing taclet. de.uka.ilkd.key.util.parsing.BuildingException: Unsolved symbol in de.uka.ilkd.key.java.JavaParserFactory$DynamicTypeSolver@725185cc : java.lang.Object at file:/D:/a/key/key/key.core/build/resources/main/de/uka/ilkd/key/proof/rules/javaRules.key:778:15
	at de.uka.ilkd.key.nparser.builder.AbstractBuilder.accept(AbstractBuilder.java:54)
Caused by: com.github.javaparser.resolution.UnsolvedSymbolException: Unsolved symbol in de.uka.ilkd.key.java.JavaParserFactory$DynamicTypeSolver@725185cc : java.lang.Object
	at com.github.javaparser.resolution.TypeSolver.solveType(TypeSolver.java:71)

32831      ERROR Test worker     d.u.i.k.n.b.AbstractBuilder  com.github.javaparser.resolution.UnsolvedSymbolException: Unsolved symbol in de.uka.ilkd.key.java.JavaParserFactory$DynamicTypeSolver@725185cc : java.lang.Object
	at com.github.javaparser.resolution.TypeSolver.solveType(TypeSolver.java:71)

32831      ERROR Test worker     d.u.i.k.n.b.TacletPBuilder Error in parsing taclet. de.uka.ilkd.key.util.parsing.BuildingException: Unsolved symbol in de.uka.ilkd.key.java.JavaParserFactory$DynamicTypeSolver@725185cc : java.lang.Object at file:/D:/a/key/key/key.core/build/resources/main/de/uka/ilkd/key/proof/rules/javaRules.key:787:15
	at de.uka.ilkd.key.nparser.builder.AbstractBuilder.accept(AbstractBuilder.java:54)
Caused by: com.github.javaparser.resolution.UnsolvedSymbolException: Unsolved symbol in de.uka.ilkd.key.java.JavaParserFactory$DynamicTypeSolver@725185cc : java.lang.Object
	at com.github.javaparser.resolution.TypeSolver.solveType(TypeSolver.java:71)

32831      ERROR Test worker     d.u.i.k.n.b.AbstractBuilder  com.github.javaparser.resolution.UnsolvedSymbolException: Unsolved symbol in de.uka.ilkd.key.java.JavaParserFactory$DynamicTypeSolver@725185cc : java.lang.Object
	at com.github.javaparser.resolution.TypeSolver.solveType(TypeSolver.java:71)

32831      ERROR Test worker     d.u.i.k.n.b.TacletPBuilder Error in parsing taclet. de.uka.ilkd.key.util.parsing.BuildingException: Unsolved symbol in de.uka.ilkd.key.java.JavaParserFactory$DynamicTypeSolver@725185cc : java.lang.Object at file:/D:/a/key/key/key.core/build/resources/main/de/uka/ilkd/key/proof/rules/javaRules.key:794:15
	at de.uka.ilkd.key.nparser.builder.AbstractBuilder.accept(AbstractBuilder.java:54)
Caused by: com.github.javaparser.resolution.UnsolvedSymbolException: Unsolved symbol in de.uka.ilkd.key.java.JavaParserFactory$DynamicTypeSolver@725185cc : java.lang.Object
	at com.github.javaparser.resolution.TypeSolver.solveType(TypeSolver.java:71)

32831      ERROR Test worker     d.u.i.k.n.b.AbstractBuilder  com.github.javaparser.resolution.UnsolvedSymbolException: Unsolved symbol in de.uka.ilkd.key.java.JavaParserFactory$DynamicTypeSolver@725185cc : java.lang.Object
	at com.github.javaparser.resolution.TypeSolver.solveType(TypeSolver.java:71)

32831      ERROR Test worker     d.u.i.k.n.b.TacletPBuilder Error in parsing taclet. de.uka.ilkd.key.util.parsing.BuildingException: Unsolved symbol in de.uka.ilkd.key.java.JavaParserFactory$DynamicTypeSolver@725185cc : java.lang.Object at file:/D:/a/key/key/key.core/build/resources/main/de/uka/ilkd/key/proof/rules/javaRules.key:802:15
	at de.uka.ilkd.key.nparser.builder.AbstractBuilder.accept(AbstractBuilder.java:54)
Caused by: com.github.javaparser.resolution.UnsolvedSymbolException: Unsolved symbol in de.uka.ilkd.key.java.JavaParserFactory$DynamicTypeSolver@725185cc : java.lang.Object
	at com.github.javaparser.resolution.TypeSolver.solveType(TypeSolver.java:71)

32831      ERROR Test worker     d.u.i.k.n.b.AbstractBuilder  com.github.javaparser.resolution.UnsolvedSymbolException: Unsolved symbol in de.uka.ilkd.key.java.JavaParserFactory$DynamicTypeSolver@725185cc : java.lang.Object
	at com.github.javaparser.resolution.TypeSolver.solveType(TypeSolver.java:71)

32831      ERROR Test worker     d.u.i.k.n.b.TacletPBuilder Error in parsing taclet. de.uka.ilkd.key.util.parsing.BuildingException: Unsolved symbol in de.uka.ilkd.key.java.JavaParserFactory$DynamicTypeSolver@725185cc : java.lang.Object at file:/D:/a/key/key/key.core/build/resources/main/de/uka/ilkd/key/proof/rules/javaRules.key:811:15
	at de.uka.ilkd.key.nparser.builder.AbstractBuilder.accept(AbstractBuilder.java:54)
Caused by: com.github.javaparser.resolution.UnsolvedSymbolException: Unsolved symbol in de.uka.ilkd.key.java.JavaParserFactory$DynamicTypeSolver@725185cc : java.lang.Object
	at com.github.javaparser.resolution.TypeSolver.solveType(TypeSolver.java:71)

32831      ERROR Test worker     d.u.i.k.n.b.AbstractBuilder  com.github.javaparser.resolution.UnsolvedSymbolException: Unsolved symbol in de.uka.ilkd.key.java.JavaParserFactory$DynamicTypeSolver@725185cc : java.lang.Object
	at com.github.javaparser.resolution.TypeSolver.solveType(TypeSolver.java:71)

32831      ERROR Test worker     d.u.i.k.n.b.TacletPBuilder Error in parsing taclet. de.uka.ilkd.key.util.parsing.BuildingException: Unsolved symbol in de.uka.ilkd.key.java.JavaParserFactory$DynamicTypeSolver@725185cc : java.lang.Object at file:/D:/a/key/key/key.core/build/resources/main/de/uka/ilkd/key/proof/rules/javaRules.key:819:15
	at de.uka.ilkd.key.nparser.builder.AbstractBuilder.accept(AbstractBuilder.java:54)
Caused by: com.github.javaparser.resolution.UnsolvedSymbolException: Unsolved symbol in de.uka.ilkd.key.java.JavaParserFactory$DynamicTypeSolver@725185cc : java.lang.Object
	at com.github.javaparser.resolution.TypeSolver.solveType(TypeSolver.java:71)

32831      ERROR Test worker     d.u.i.k.n.b.AbstractBuilder  com.github.javaparser.resolution.UnsolvedSymbolException: Unsolved symbol in de.uka.ilkd.key.java.JavaParserFactory$DynamicTypeSolver@725185cc : java.lang.Object
	at com.github.javaparser.resolution.TypeSolver.solveType(TypeSolver.java:71)

32831      ERROR Test worker     d.u.i.k.n.b.TacletPBuilder Error in parsing taclet. de.uka.ilkd.key.util.parsing.BuildingException: Unsolved symbol in de.uka.ilkd.key.java.JavaParserFactory$DynamicTypeSolver@725185cc : java.lang.Object at file:/D:/a/key/key/key.core/build/resources/main/de/uka/ilkd/key/proof/rules/javaRules.key:827:15
	at de.uka.ilkd.key.nparser.builder.AbstractBuilder.accept(AbstractBuilder.java:54)
Caused by: com.github.javaparser.resolution.UnsolvedSymbolException: Unsolved symbol in de.uka.ilkd.key.java.JavaParserFactory$DynamicTypeSolver@725185cc : java.lang.Object
	at com.github.javaparser.resolution.TypeSolver.solveType(TypeSolver.java:71)

32831      ERROR Test worker     d.u.i.k.n.b.AbstractBuilder  com.github.javaparser.resolution.UnsolvedSymbolException: Unsolved symbol in de.uka.ilkd.key.java.JavaParserFactory$DynamicTypeSolver@725185cc : java.lang.Object
	at com.github.javaparser.resolution.TypeSolver.solveType(TypeSolver.java:71)

32831      ERROR Test worker     d.u.i.k.n.b.TacletPBuilder Error in parsing taclet. de.uka.ilkd.key.util.parsing.BuildingException: Unsolved symbol in de.uka.ilkd.key.java.JavaParserFactory$DynamicTypeSolver@725185cc : java.lang.Object at file:/D:/a/key/key/key.core/build/resources/main/de/uka/ilkd/key/proof/rules/javaRules.key:836:15
	at de.uka.ilkd.key.nparser.builder.AbstractBuilder.accept(AbstractBuilder.java:54)
Caused by: com.github.javaparser.resolution.UnsolvedSymbolException: Unsolved symbol in de.uka.ilkd.key.java.JavaParserFactory$DynamicTypeSolver@725185cc : java.lang.Object
	at com.github.javaparser.resolution.TypeSolver.solveType(TypeSolver.java:71)

32831      ERROR Test worker     d.u.i.k.n.b.AbstractBuilder  com.github.javaparser.resolution.UnsolvedSymbolException: Unsolved symbol in de.uka.ilkd.key.java.JavaParserFactory$DynamicTypeSolver@725185cc : java.lang.Object
	at com.github.javaparser.resolution.TypeSolver.solveType(TypeSolver.java:71)

32831      ERROR Test worker     d.u.i.k.n.b.TacletPBuilder Error in parsing taclet. de.uka.ilkd.key.util.parsing.BuildingException: Unsolved symbol in de.uka.ilkd.key.java.JavaParserFactory$DynamicTypeSolver@725185cc : java.lang.Object at file:/D:/a/key/key/key.core/build/resources/main/de/uka/ilkd/key/proof/rules/javaRules.key:843:15
	at de.uka.ilkd.key.nparser.builder.AbstractBuilder.accept(AbstractBuilder.java:54)
Caused by: com.github.javaparser.resolution.UnsolvedSymbolException: Unsolved symbol in de.uka.ilkd.key.java.JavaParserFactory$DynamicTypeSolver@725185cc : java.lang.Object
	at com.github.javaparser.resolution.TypeSolver.solveType(TypeSolver.java:71)

32831      ERROR Test worker     d.u.i.k.n.b.AbstractBuilder  com.github.javaparser.resolution.UnsolvedSymbolException: Unsolved symbol in de.uka.ilkd.key.java.JavaParserFactory$DynamicTypeSolver@725185cc : java.lang.Object
	at com.github.javaparser.resolution.TypeSolver.solveType(TypeSolver.java:71)

32831      ERROR Test worker     d.u.i.k.n.b.TacletPBuilder Error in parsing taclet. de.uka.ilkd.key.util.parsing.BuildingException: Unsolved symbol in de.uka.ilkd.key.java.JavaParserFactory$DynamicTypeSolver@725185cc : java.lang.Object at file:/D:/a/key/key/key.core/build/resources/main/de/uka/ilkd/key/proof/rules/javaRules.key:851:15
	at de.uka.ilkd.key.nparser.builder.AbstractBuilder.accept(AbstractBuilder.java:54)
Caused by: com.github.javaparser.resolution.UnsolvedSymbolException: Unsolved symbol in de.uka.ilkd.key.java.JavaParserFactory$DynamicTypeSolver@725185cc : java.lang.Object
	at com.github.javaparser.resolution.TypeSolver.solveType(TypeSolver.java:71)

32846      ERROR Test worker     d.u.i.k.n.b.AbstractBuilder  com.github.javaparser.resolution.UnsolvedSymbolException: Unsolved symbol in de.uka.ilkd.key.java.JavaParserFactory$DynamicTypeSolver@725185cc : java.lang.Object
	at com.github.javaparser.resolution.TypeSolver.solveType(TypeSolver.java:71)

32846      ERROR Test worker     d.u.i.k.n.b.TacletPBuilder Error in parsing taclet. de.uka.ilkd.key.util.parsing.BuildingException: Unsolved symbol in de.uka.ilkd.key.java.JavaParserFactory$DynamicTypeSolver@725185cc : java.lang.Object at file:/D:/a/key/key/key.core/build/resources/main/de/uka/ilkd/key/proof/rules/javaRules.key:860:15
	at de.uka.ilkd.key.nparser.builder.AbstractBuilder.accept(AbstractBuilder.java:54)
Caused by: com.github.javaparser.resolution.UnsolvedSymbolException: Unsolved symbol in de.uka.ilkd.key.java.JavaParserFactory$DynamicTypeSolver@725185cc : java.lang.Object
	at com.github.javaparser.resolution.TypeSolver.solveType(TypeSolver.java:71)

32846      ERROR Test worker     d.u.i.k.n.b.AbstractBuilder  com.github.javaparser.resolution.UnsolvedSymbolException: Unsolved symbol in de.uka.ilkd.key.java.JavaParserFactory$DynamicTypeSolver@725185cc : java.lang.Object
	at com.github.javaparser.resolution.TypeSolver.solveType(TypeSolver.java:71)

32846      ERROR Test worker     d.u.i.k.n.b.TacletPBuilder Error in parsing taclet. de.uka.ilkd.key.util.parsing.BuildingException: Unsolved symbol in de.uka.ilkd.key.java.JavaParserFactory$DynamicTypeSolver@725185cc : java.lang.Object at file:/D:/a/key/key/key.core/build/resources/main/de/uka/ilkd/key/proof/rules/javaRules.key:867:15
	at de.uka.ilkd.key.nparser.builder.AbstractBuilder.accept(AbstractBuilder.java:54)
Caused by: com.github.javaparser.resolution.UnsolvedSymbolException: Unsolved symbol in de.uka.ilkd.key.java.JavaParserFactory$DynamicTypeSolver@725185cc : java.lang.Object
	at com.github.javaparser.resolution.TypeSolver.solveType(TypeSolver.java:71)

32846      ERROR Test worker     d.u.i.k.n.b.AbstractBuilder  com.github.javaparser.resolution.UnsolvedSymbolException: Unsolved symbol in de.uka.ilkd.key.java.JavaParserFactory$DynamicTypeSolver@725185cc : java.lang.Object
	at com.github.javaparser.resolution.TypeSolver.solveType(TypeSolver.java:71)

32846      ERROR Test worker     d.u.i.k.n.b.TacletPBuilder Error in parsing taclet. de.uka.ilkd.key.util.parsing.BuildingException: Unsolved symbol in de.uka.ilkd.key.java.JavaParserFactory$DynamicTypeSolver@725185cc : java.lang.Object at file:/D:/a/key/key/key.core/build/resources/main/de/uka/ilkd/key/proof/rules/javaRules.key:875:15
	at de.uka.ilkd.key.nparser.builder.AbstractBuilder.accept(AbstractBuilder.java:54)
Caused by: com.github.javaparser.resolution.UnsolvedSymbolException: Unsolved symbol in de.uka.ilkd.key.java.JavaParserFactory$DynamicTypeSolver@725185cc : java.lang.Object
	at com.github.javaparser.resolution.TypeSolver.solveType(TypeSolver.java:71)

32846      ERROR Test worker     d.u.i.k.n.b.AbstractBuilder  com.github.javaparser.resolution.UnsolvedSymbolException: Unsolved symbol in de.uka.ilkd.key.java.JavaParserFactory$DynamicTypeSolver@725185cc : java.lang.Object
	at com.github.javaparser.resolution.TypeSolver.solveType(TypeSolver.java:71)

32846      ERROR Test worker     d.u.i.k.n.b.TacletPBuilder Error in parsing taclet. de.uka.ilkd.key.util.parsing.BuildingException: Unsolved symbol in de.uka.ilkd.key.java.JavaParserFactory$DynamicTypeSolver@725185cc : java.lang.Object at file:/D:/a/key/key/key.core/build/resources/main/de/uka/ilkd/key/proof/rules/javaRules.key:884:15
	at de.uka.ilkd.key.nparser.builder.AbstractBuilder.accept(AbstractBuilder.java:54)
Caused by: com.github.javaparser.resolution.UnsolvedSymbolException: Unsolved symbol in de.uka.ilkd.key.java.JavaParserFactory$DynamicTypeSolver@725185cc : java.lang.Object
	at com.github.javaparser.resolution.TypeSolver.solveType(TypeSolver.java:71)

32846      ERROR Test worker     d.u.i.k.n.b.AbstractBuilder  com.github.javaparser.resolution.UnsolvedSymbolException: Unsolved symbol in de.uka.ilkd.key.java.JavaParserFactory$DynamicTypeSolver@725185cc : java.lang.Object
	at com.github.javaparser.resolution.TypeSolver.solveType(TypeSolver.java:71)

32846      ERROR Test worker     d.u.i.k.n.b.TacletPBuilder Error in parsing taclet. de.uka.ilkd.key.util.parsing.BuildingException: Unsolved symbol in de.uka.ilkd.key.java.JavaParserFactory$DynamicTypeSolver@725185cc : java.lang.Object at file:/D:/a/key/key/key.core/build/resources/main/de/uka/ilkd/key/proof/rules/javaRules.key:892:15
	at de.uka.ilkd.key.nparser.builder.AbstractBuilder.accept(AbstractBuilder.java:54)
Caused by: com.github.javaparser.resolution.UnsolvedSymbolException: Unsolved symbol in de.uka.ilkd.key.java.JavaParserFactory$DynamicTypeSolver@725185cc : java.lang.Object
	at com.github.javaparser.resolution.TypeSolver.solveType(TypeSolver.java:71)

32862      ERROR Test worker     d.u.i.k.n.b.AbstractBuilder  com.github.javaparser.resolution.UnsolvedSymbolException: Unsolved symbol in de.uka.ilkd.key.java.JavaParserFactory$DynamicTypeSolver@725185cc : java.lang.Object
	at com.github.javaparser.resolution.TypeSolver.solveType(TypeSolver.java:71)

32862      ERROR Test worker     d.u.i.k.n.b.TacletPBuilder Error in parsing taclet. de.uka.ilkd.key.util.parsing.BuildingException: Unsolved symbol in de.uka.ilkd.key.java.JavaParserFactory$DynamicTypeSolver@725185cc : java.lang.Object at file:/D:/a/key/key/key.core/build/resources/main/de/uka/ilkd/key/proof/rules/javaRules.key:900:15
	at de.uka.ilkd.key.nparser.builder.AbstractBuilder.accept(AbstractBuilder.java:54)
Caused by: com.github.javaparser.resolution.UnsolvedSymbolException: Unsolved symbol in de.uka.ilkd.key.java.JavaParserFactory$DynamicTypeSolver@725185cc : java.lang.Object
	at com.github.javaparser.resolution.TypeSolver.solveType(TypeSolver.java:71)

32862      ERROR Test worker     d.u.i.k.n.b.AbstractBuilder  com.github.javaparser.resolution.UnsolvedSymbolException: Unsolved symbol in de.uka.ilkd.key.java.JavaParserFactory$DynamicTypeSolver@725185cc : java.lang.Object
	at com.github.javaparser.resolution.TypeSolver.solveType(TypeSolver.java:71)

32862      ERROR Test worker     d.u.i.k.n.b.TacletPBuilder Error in parsing taclet. de.uka.ilkd.key.util.parsing.BuildingException: Unsolved symbol in de.uka.ilkd.key.java.JavaParserFactory$DynamicTypeSolver@725185cc : java.lang.Object at file:/D:/a/key/key/key.core/build/resources/main/de/uka/ilkd/key/proof/rules/javaRules.key:909:15
	at de.uka.ilkd.key.nparser.builder.AbstractBuilder.accept(AbstractBuilder.java:54)
Caused by: com.github.javaparser.resolution.UnsolvedSymbolException: Unsolved symbol in de.uka.ilkd.key.java.JavaParserFactory$DynamicTypeSolver@725185cc : java.lang.Object
	at com.github.javaparser.resolution.TypeSolver.solveType(TypeSolver.java:71)

32878      ERROR Test worker     d.u.i.k.n.b.AbstractBuilder  com.github.javaparser.resolution.UnsolvedSymbolException: Unsolved symbol in de.uka.ilkd.key.java.JavaParserFactory$DynamicTypeSolver@725185cc : java.lang.Object
	at com.github.javaparser.resolution.TypeSolver.solveType(TypeSolver.java:71)

32878      ERROR Test worker     d.u.i.k.n.b.TacletPBuilder Error in parsing taclet. de.uka.ilkd.key.util.parsing.BuildingException: Unsolved symbol in de.uka.ilkd.key.java.JavaParserFactory$DynamicTypeSolver@725185cc : java.lang.Object at file:/D:/a/key/key/key.core/build/resources/main/de/uka/ilkd/key/proof/rules/javaRules.key:925:15
	at de.uka.ilkd.key.nparser.builder.AbstractBuilder.accept(AbstractBuilder.java:54)
Caused by: com.github.javaparser.resolution.UnsolvedSymbolException: Unsolved symbol in de.uka.ilkd.key.java.JavaParserFactory$DynamicTypeSolver@725185cc : java.lang.Object
	at com.github.javaparser.resolution.TypeSolver.solveType(TypeSolver.java:71)

32878      ERROR Test worker     d.u.i.k.n.b.AbstractBuilder  com.github.javaparser.resolution.UnsolvedSymbolException: Unsolved symbol in de.uka.ilkd.key.java.JavaParserFactory$DynamicTypeSolver@725185cc : java.lang.Object
	at com.github.javaparser.resolution.TypeSolver.solveType(TypeSolver.java:71)

32878      ERROR Test worker     d.u.i.k.n.b.TacletPBuilder Error in parsing taclet. de.uka.ilkd.key.util.parsing.BuildingException: Unsolved symbol in de.uka.ilkd.key.java.JavaParserFactory$DynamicTypeSolver@725185cc : java.lang.Object at file:/D:/a/key/key/key.core/build/resources/main/de/uka/ilkd/key/proof/rules/javaRules.key:935:15
	at de.uka.ilkd.key.nparser.builder.AbstractBuilder.accept(AbstractBuilder.java:54)
Caused by: com.github.javaparser.resolution.UnsolvedSymbolException: Unsolved symbol in de.uka.ilkd.key.java.JavaParserFactory$DynamicTypeSolver@725185cc : java.lang.Object
	at com.github.javaparser.resolution.TypeSolver.solveType(TypeSolver.java:71)

32878      ERROR Test worker     d.u.i.k.n.b.AbstractBuilder  com.github.javaparser.resolution.UnsolvedSymbolException: Unsolved symbol in de.uka.ilkd.key.java.JavaParserFactory$DynamicTypeSolver@725185cc : java.lang.Object
	at com.github.javaparser.resolution.TypeSolver.solveType(TypeSolver.java:71)

32878      ERROR Test worker     d.u.i.k.n.b.TacletPBuilder Error in parsing taclet. de.uka.ilkd.key.util.parsing.BuildingException: Unsolved symbol in de.uka.ilkd.key.java.JavaParserFactory$DynamicTypeSolver@725185cc : java.lang.Object at file:/D:/a/key/key/key.core/build/resources/main/de/uka/ilkd/key/proof/rules/javaRules.key:945:15
	at de.uka.ilkd.key.nparser.builder.AbstractBuilder.accept(AbstractBuilder.java:54)
Caused by: com.github.javaparser.resolution.UnsolvedSymbolException: Unsolved symbol in de.uka.ilkd.key.java.JavaParserFactory$DynamicTypeSolver@725185cc : java.lang.Object
	at com.github.javaparser.resolution.TypeSolver.solveType(TypeSolver.java:71)

32878      ERROR Test worker     d.u.i.k.n.b.AbstractBuilder  com.github.javaparser.resolution.UnsolvedSymbolException: Unsolved symbol in de.uka.ilkd.key.java.JavaParserFactory$DynamicTypeSolver@725185cc : java.lang.Object
	at com.github.javaparser.resolution.TypeSolver.solveType(TypeSolver.java:71)

32878      ERROR Test worker     d.u.i.k.n.b.TacletPBuilder Error in parsing taclet. de.uka.ilkd.key.util.parsing.BuildingException: Unsolved symbol in de.uka.ilkd.key.java.JavaParserFactory$DynamicTypeSolver@725185cc : java.lang.Object at file:/D:/a/key/key/key.core/build/resources/main/de/uka/ilkd/key/proof/rules/javaRules.key:959:15
	at de.uka.ilkd.key.nparser.builder.AbstractBuilder.accept(AbstractBuilder.java:54)
Caused by: com.github.javaparser.resolution.UnsolvedSymbolException: Unsolved symbol in de.uka.ilkd.key.java.JavaParserFactory$DynamicTypeSolver@725185cc : java.lang.Object
	at com.github.javaparser.resolution.TypeSolver.solveType(TypeSolver.java:71)

32878      ERROR Test worker     d.u.i.k.n.b.AbstractBuilder  com.github.javaparser.resolution.UnsolvedSymbolException: Unsolved symbol in de.uka.ilkd.key.java.JavaParserFactory$DynamicTypeSolver@725185cc : java.lang.Object
	at com.github.javaparser.resolution.TypeSolver.solveType(TypeSolver.java:71)

32878      ERROR Test worker     d.u.i.k.n.b.TacletPBuilder Error in parsing taclet. de.uka.ilkd.key.util.parsing.BuildingException: Unsolved symbol in de.uka.ilkd.key.java.JavaParserFactory$DynamicTypeSolver@725185cc : java.lang.Object at file:/D:/a/key/key/key.core/build/resources/main/de/uka/ilkd/key/proof/rules/javaRules.key:975:20
	at de.uka.ilkd.key.nparser.builder.AbstractBuilder.accept(AbstractBuilder.java:54)
Caused by: com.github.javaparser.resolution.UnsolvedSymbolException: Unsolved symbol in de.uka.ilkd.key.java.JavaParserFactory$DynamicTypeSolver@725185cc : java.lang.Object
	at com.github.javaparser.resolution.TypeSolver.solveType(TypeSolver.java:71)

32878      ERROR Test worker     d.u.i.k.n.b.AbstractBuilder  com.github.javaparser.resolution.UnsolvedSymbolException: Unsolved symbol in de.uka.ilkd.key.java.JavaParserFactory$DynamicTypeSolver@725185cc : java.lang.Object
	at com.github.javaparser.resolution.TypeSolver.solveType(TypeSolver.java:71)

32878      ERROR Test worker     d.u.i.k.n.b.TacletPBuilder Error in parsing taclet. de.uka.ilkd.key.util.parsing.BuildingException: Unsolved symbol in de.uka.ilkd.key.java.JavaParserFactory$DynamicTypeSolver@725185cc : java.lang.Object at file:/D:/a/key/key/key.core/build/resources/main/de/uka/ilkd/key/proof/rules/javaRules.key:990:15
	at de.uka.ilkd.key.nparser.builder.AbstractBuilder.accept(AbstractBuilder.java:54)
Caused by: com.github.javaparser.resolution.UnsolvedSymbolException: Unsolved symbol in de.uka.ilkd.key.java.JavaParserFactory$DynamicTypeSolver@725185cc : java.lang.Object
	at com.github.javaparser.resolution.TypeSolver.solveType(TypeSolver.java:71)

32878      ERROR Test worker     d.u.i.k.n.b.AbstractBuilder  com.github.javaparser.resolution.UnsolvedSymbolException: Unsolved symbol in de.uka.ilkd.key.java.JavaParserFactory$DynamicTypeSolver@725185cc : java.lang.Object
	at com.github.javaparser.resolution.TypeSolver.solveType(TypeSolver.java:71)

32878      ERROR Test worker     d.u.i.k.n.b.TacletPBuilder Error in parsing taclet. de.uka.ilkd.key.util.parsing.BuildingException: Unsolved symbol in de.uka.ilkd.key.java.JavaParserFactory$DynamicTypeSolver@725185cc : java.lang.Object at file:/D:/a/key/key/key.core/build/resources/main/de/uka/ilkd/key/proof/rules/javaRules.key:1001:15
	at de.uka.ilkd.key.nparser.builder.AbstractBuilder.accept(AbstractBuilder.java:54)
Caused by: com.github.javaparser.resolution.UnsolvedSymbolException: Unsolved symbol in de.uka.ilkd.key.java.JavaParserFactory$DynamicTypeSolver@725185cc : java.lang.Object
	at com.github.javaparser.resolution.TypeSolver.solveType(TypeSolver.java:71)

32893      ERROR Test worker     d.u.i.k.n.b.AbstractBuilder  com.github.javaparser.resolution.UnsolvedSymbolException: Unsolved symbol in de.uka.ilkd.key.java.JavaParserFactory$DynamicTypeSolver@725185cc : java.lang.Object
	at com.github.javaparser.resolution.TypeSolver.solveType(TypeSolver.java:71)

32893      ERROR Test worker     d.u.i.k.n.b.TacletPBuilder Error in parsing taclet. de.uka.ilkd.key.util.parsing.BuildingException: Unsolved symbol in de.uka.ilkd.key.java.JavaParserFactory$DynamicTypeSolver@725185cc : java.lang.Object at file:/D:/a/key/key/key.core/build/resources/main/de/uka/ilkd/key/proof/rules/javaRules.key:1018:20
	at de.uka.ilkd.key.nparser.builder.AbstractBuilder.accept(AbstractBuilder.java:54)
Caused by: com.github.javaparser.resolution.UnsolvedSymbolException: Unsolved symbol in de.uka.ilkd.key.java.JavaParserFactory$DynamicTypeSolver@725185cc : java.lang.Object
	at com.github.javaparser.resolution.TypeSolver.solveType(TypeSolver.java:71)

32893      ERROR Test worker     d.u.i.k.n.b.AbstractBuilder  com.github.javaparser.resolution.UnsolvedSymbolException: Unsolved symbol in de.uka.ilkd.key.java.JavaParserFactory$DynamicTypeSolver@725185cc : java.lang.Object
	at com.github.javaparser.resolution.TypeSolver.solveType(TypeSolver.java:71)

32893      ERROR Test worker     d.u.i.k.n.b.TacletPBuilder Error in parsing taclet. de.uka.ilkd.key.util.parsing.BuildingException: Unsolved symbol in de.uka.ilkd.key.java.JavaParserFactory$DynamicTypeSolver@725185cc : java.lang.Object at file:/D:/a/key/key/key.core/build/resources/main/de/uka/ilkd/key/proof/rules/javaRules.key:1034:15
	at de.uka.ilkd.key.nparser.builder.AbstractBuilder.accept(AbstractBuilder.java:54)
Caused by: com.github.javaparser.resolution.UnsolvedSymbolException: Unsolved symbol in de.uka.ilkd.key.java.JavaParserFactory$DynamicTypeSolver@725185cc : java.lang.Object
	at com.github.javaparser.resolution.TypeSolver.solveType(TypeSolver.java:71)

32893      ERROR Test worker     d.u.i.k.n.b.AbstractBuilder  com.github.javaparser.resolution.UnsolvedSymbolException: Unsolved symbol in de.uka.ilkd.key.java.JavaParserFactory$DynamicTypeSolver@725185cc : java.lang.Object
	at com.github.javaparser.resolution.TypeSolver.solveType(TypeSolver.java:71)

32893      ERROR Test worker     d.u.i.k.n.b.TacletPBuilder Error in parsing taclet. de.uka.ilkd.key.util.parsing.BuildingException: Unsolved symbol in de.uka.ilkd.key.java.JavaParserFactory$DynamicTypeSolver@725185cc : java.lang.Object at file:/D:/a/key/key/key.core/build/resources/main/de/uka/ilkd/key/proof/rules/javaRules.key:1044:15
	at de.uka.ilkd.key.nparser.builder.AbstractBuilder.accept(AbstractBuilder.java:54)
Caused by: com.github.javaparser.resolution.UnsolvedSymbolException: Unsolved symbol in de.uka.ilkd.key.java.JavaParserFactory$DynamicTypeSolver@725185cc : java.lang.Object
	at com.github.javaparser.resolution.TypeSolver.solveType(TypeSolver.java:71)

32893      ERROR Test worker     d.u.i.k.n.b.AbstractBuilder  com.github.javaparser.resolution.UnsolvedSymbolException: Unsolved symbol in de.uka.ilkd.key.java.JavaParserFactory$DynamicTypeSolver@725185cc : java.lang.Object
	at com.github.javaparser.resolution.TypeSolver.solveType(TypeSolver.java:71)

32893      ERROR Test worker     d.u.i.k.n.b.TacletPBuilder Error in parsing taclet. de.uka.ilkd.key.util.parsing.BuildingException: Unsolved symbol in de.uka.ilkd.key.java.JavaParserFactory$DynamicTypeSolver@725185cc : java.lang.Object at file:/D:/a/key/key/key.core/build/resources/main/de/uka/ilkd/key/proof/rules/javaRules.key:1063:20
	at de.uka.ilkd.key.nparser.builder.AbstractBuilder.accept(AbstractBuilder.java:54)
Caused by: com.github.javaparser.resolution.UnsolvedSymbolException: Unsolved symbol in de.uka.ilkd.key.java.JavaParserFactory$DynamicTypeSolver@725185cc : java.lang.Object
	at com.github.javaparser.resolution.TypeSolver.solveType(TypeSolver.java:71)

32893      ERROR Test worker     d.u.i.k.n.b.AbstractBuilder  com.github.javaparser.resolution.UnsolvedSymbolException: Unsolved symbol in de.uka.ilkd.key.java.JavaParserFactory$DynamicTypeSolver@725185cc : java.lang.Object
	at com.github.javaparser.resolution.TypeSolver.solveType(TypeSolver.java:71)

32893      ERROR Test worker     d.u.i.k.n.b.TacletPBuilder Error in parsing taclet. de.uka.ilkd.key.util.parsing.BuildingException: Unsolved symbol in de.uka.ilkd.key.java.JavaParserFactory$DynamicTypeSolver@725185cc : java.lang.Object at file:/D:/a/key/key/key.core/build/resources/main/de/uka/ilkd/key/proof/rules/javaRules.key:1081:15
	at de.uka.ilkd.key.nparser.builder.AbstractBuilder.accept(AbstractBuilder.java:54)
Caused by: com.github.javaparser.resolution.UnsolvedSymbolException: Unsolved symbol in de.uka.ilkd.key.java.JavaParserFactory$DynamicTypeSolver@725185cc : java.lang.Object
	at com.github.javaparser.resolution.TypeSolver.solveType(TypeSolver.java:71)

32893      ERROR Test worker     d.u.i.k.n.b.AbstractBuilder  com.github.javaparser.resolution.UnsolvedSymbolException: Unsolved symbol in de.uka.ilkd.key.java.JavaParserFactory$DynamicTypeSolver@725185cc : java.lang.Object
	at com.github.javaparser.resolution.TypeSolver.solveType(TypeSolver.java:71)

32893      ERROR Test worker     d.u.i.k.n.b.TacletPBuilder Error in parsing taclet. de.uka.ilkd.key.util.parsing.BuildingException: Unsolved symbol in de.uka.ilkd.key.java.JavaParserFactory$DynamicTypeSolver@725185cc : java.lang.Object at file:/D:/a/key/key/key.core/build/resources/main/de/uka/ilkd/key/proof/rules/javaRules.key:1094:15
	at de.uka.ilkd.key.nparser.builder.AbstractBuilder.accept(AbstractBuilder.java:54)
Caused by: com.github.javaparser.resolution.UnsolvedSymbolException: Unsolved symbol in de.uka.ilkd.key.java.JavaParserFactory$DynamicTypeSolver@725185cc : java.lang.Object
	at com.github.javaparser.resolution.TypeSolver.solveType(TypeSolver.java:71)

32893      ERROR Test worker     d.u.i.k.n.b.AbstractBuilder  com.github.javaparser.resolution.UnsolvedSymbolException: Unsolved symbol in de.uka.ilkd.key.java.JavaParserFactory$DynamicTypeSolver@725185cc : java.lang.Object
	at com.github.javaparser.resolution.TypeSolver.solveType(TypeSolver.java:71)

32893      ERROR Test worker     d.u.i.k.n.b.TacletPBuilder Error in parsing taclet. de.uka.ilkd.key.util.parsing.BuildingException: Unsolved symbol in de.uka.ilkd.key.java.JavaParserFactory$DynamicTypeSolver@725185cc : java.lang.Object at file:/D:/a/key/key/key.core/build/resources/main/de/uka/ilkd/key/proof/rules/javaRules.key:1100:15
	at de.uka.ilkd.key.nparser.builder.AbstractBuilder.accept(AbstractBuilder.java:54)
Caused by: com.github.javaparser.resolution.UnsolvedSymbolException: Unsolved symbol in de.uka.ilkd.key.java.JavaParserFactory$DynamicTypeSolver@725185cc : java.lang.Object
	at com.github.javaparser.resolution.TypeSolver.solveType(TypeSolver.java:71)

32893      ERROR Test worker     d.u.i.k.n.b.AbstractBuilder  com.github.javaparser.resolution.UnsolvedSymbolException: Unsolved symbol in de.uka.ilkd.key.java.JavaParserFactory$DynamicTypeSolver@725185cc : java.lang.Object
	at com.github.javaparser.resolution.TypeSolver.solveType(TypeSolver.java:71)

32893      ERROR Test worker     d.u.i.k.n.b.TacletPBuilder Error in parsing taclet. de.uka.ilkd.key.util.parsing.BuildingException: Unsolved symbol in de.uka.ilkd.key.java.JavaParserFactory$DynamicTypeSolver@725185cc : java.lang.Object at file:/D:/a/key/key/key.core/build/resources/main/de/uka/ilkd/key/proof/rules/javaRules.key:1114:15
	at de.uka.ilkd.key.nparser.builder.AbstractBuilder.accept(AbstractBuilder.java:54)
Caused by: com.github.javaparser.resolution.UnsolvedSymbolException: Unsolved symbol in de.uka.ilkd.key.java.JavaParserFactory$DynamicTypeSolver@725185cc : java.lang.Object
	at com.github.javaparser.resolution.TypeSolver.solveType(TypeSolver.java:71)

32893      ERROR Test worker     d.u.i.k.n.b.AbstractBuilder  com.github.javaparser.resolution.UnsolvedSymbolException: Unsolved symbol in de.uka.ilkd.key.java.JavaParserFactory$DynamicTypeSolver@725185cc : java.lang.Object
	at com.github.javaparser.resolution.TypeSolver.solveType(TypeSolver.java:71)

32893      ERROR Test worker     d.u.i.k.n.b.TacletPBuilder Error in parsing taclet. de.uka.ilkd.key.util.parsing.BuildingException: Unsolved symbol in de.uka.ilkd.key.java.JavaParserFactory$DynamicTypeSolver@725185cc : java.lang.Object at file:/D:/a/key/key/key.core/build/resources/main/de/uka/ilkd/key/proof/rules/javaRules.key:1124:15
	at de.uka.ilkd.key.nparser.builder.AbstractBuilder.accept(AbstractBuilder.java:54)
Caused by: com.github.javaparser.resolution.UnsolvedSymbolException: Unsolved symbol in de.uka.ilkd.key.java.JavaParserFactory$DynamicTypeSolver@725185cc : java.lang.Object
	at com.github.javaparser.resolution.TypeSolver.solveType(TypeSolver.java:71)

32924      ERROR Test worker     d.u.i.k.n.b.AbstractBuilder  com.github.javaparser.resolution.UnsolvedSymbolException: Unsolved symbol in de.uka.ilkd.key.java.JavaParserFactory$DynamicTypeSolver@725185cc : java.lang.Object
	at com.github.javaparser.resolution.TypeSolver.solveType(TypeSolver.java:71)

32924      ERROR Test worker     d.u.i.k.n.b.TacletPBuilder Error in parsing taclet. de.uka.ilkd.key.util.parsing.BuildingException: Unsolved symbol in de.uka.ilkd.key.java.JavaParserFactory$DynamicTypeSolver@725185cc : java.lang.Object at file:/D:/a/key/key/key.core/build/resources/main/de/uka/ilkd/key/proof/rules/javaRules.key:1135:15
	at de.uka.ilkd.key.nparser.builder.AbstractBuilder.accept(AbstractBuilder.java:54)
Caused by: com.github.javaparser.resolution.UnsolvedSymbolException: Unsolved symbol in de.uka.ilkd.key.java.JavaParserFactory$DynamicTypeSolver@725185cc : java.lang.Object
	at com.github.javaparser.resolution.TypeSolver.solveType(TypeSolver.java:71)

32924      ERROR Test worker     d.u.i.k.n.b.AbstractBuilder  com.github.javaparser.resolution.UnsolvedSymbolException: Unsolved symbol in de.uka.ilkd.key.java.JavaParserFactory$DynamicTypeSolver@725185cc : java.lang.Object
	at com.github.javaparser.resolution.TypeSolver.solveType(TypeSolver.java:71)

32924      ERROR Test worker     d.u.i.k.n.b.TacletPBuilder Error in parsing taclet. de.uka.ilkd.key.util.parsing.BuildingException: Unsolved symbol in de.uka.ilkd.key.java.JavaParserFactory$DynamicTypeSolver@725185cc : java.lang.Object at file:/D:/a/key/key/key.core/build/resources/main/de/uka/ilkd/key/proof/rules/javaRules.key:1142:15
	at de.uka.ilkd.key.nparser.builder.AbstractBuilder.accept(AbstractBuilder.java:54)
Caused by: com.github.javaparser.resolution.UnsolvedSymbolException: Unsolved symbol in de.uka.ilkd.key.java.JavaParserFactory$DynamicTypeSolver@725185cc : java.lang.Object
	at com.github.javaparser.resolution.TypeSolver.solveType(TypeSolver.java:71)

32997      ERROR Test worker     d.u.i.k.n.b.AbstractBuilder  com.github.javaparser.resolution.UnsolvedSymbolException: Unsolved symbol in de.uka.ilkd.key.java.JavaParserFactory$DynamicTypeSolver@725185cc : java.lang.Object
	at com.github.javaparser.resolution.TypeSolver.solveType(TypeSolver.java:71)

32997      ERROR Test worker     d.u.i.k.n.b.TacletPBuilder Error in parsing taclet. de.uka.ilkd.key.util.parsing.BuildingException: Unsolved symbol in de.uka.ilkd.key.java.JavaParserFactory$DynamicTypeSolver@725185cc : java.lang.Object at file:/D:/a/key/key/key.core/build/resources/main/de/uka/ilkd/key/proof/rules/javaRules.key:1151:15
	at de.uka.ilkd.key.nparser.builder.AbstractBuilder.accept(AbstractBuilder.java:54)
Caused by: com.github.javaparser.resolution.UnsolvedSymbolException: Unsolved symbol in de.uka.ilkd.key.java.JavaParserFactory$DynamicTypeSolver@725185cc : java.lang.Object
	at com.github.javaparser.resolution.TypeSolver.solveType(TypeSolver.java:71)

32997      ERROR Test worker     d.u.i.k.n.b.AbstractBuilder  com.github.javaparser.resolution.UnsolvedSymbolException: Unsolved symbol in de.uka.ilkd.key.java.JavaParserFactory$DynamicTypeSolver@725185cc : java.lang.Object
	at com.github.javaparser.resolution.TypeSolver.solveType(TypeSolver.java:71)

32997      ERROR Test worker     d.u.i.k.n.b.TacletPBuilder Error in parsing taclet. de.uka.ilkd.key.util.parsing.BuildingException: Unsolved symbol in de.uka.ilkd.key.java.JavaParserFactory$DynamicTypeSolver@725185cc : java.lang.Object at file:/D:/a/key/key/key.core/build/resources/main/de/uka/ilkd/key/proof/rules/javaRules.key:1157:15
	at de.uka.ilkd.key.nparser.builder.AbstractBuilder.accept(AbstractBuilder.java:54)
Caused by: com.github.javaparser.resolution.UnsolvedSymbolException: Unsolved symbol in de.uka.ilkd.key.java.JavaParserFactory$DynamicTypeSolver@725185cc : java.lang.Object
	at com.github.javaparser.resolution.TypeSolver.solveType(TypeSolver.java:71)

32997      ERROR Test worker     d.u.i.k.n.b.AbstractBuilder  com.github.javaparser.resolution.UnsolvedSymbolException: Unsolved symbol in de.uka.ilkd.key.java.JavaParserFactory$DynamicTypeSolver@725185cc : java.lang.Object
	at com.github.javaparser.resolution.TypeSolver.solveType(TypeSolver.java:71)

32997      ERROR Test worker     d.u.i.k.n.b.TacletPBuilder Error in parsing taclet. de.uka.ilkd.key.util.parsing.BuildingException: Unsolved symbol in de.uka.ilkd.key.java.JavaParserFactory$DynamicTypeSolver@725185cc : java.lang.Object at file:/D:/a/key/key/key.core/build/resources/main/de/uka/ilkd/key/proof/rules/javaRules.key:1164:15
	at de.uka.ilkd.key.nparser.builder.AbstractBuilder.accept(AbstractBuilder.java:54)
Caused by: com.github.javaparser.resolution.UnsolvedSymbolException: Unsolved symbol in de.uka.ilkd.key.java.JavaParserFactory$DynamicTypeSolver@725185cc : java.lang.Object
	at com.github.javaparser.resolution.TypeSolver.solveType(TypeSolver.java:71)

33003      ERROR Test worker     d.u.i.k.n.b.AbstractBuilder  com.github.javaparser.resolution.UnsolvedSymbolException: Unsolved symbol in de.uka.ilkd.key.java.JavaParserFactory$DynamicTypeSolver@725185cc : java.lang.Object
	at com.github.javaparser.resolution.TypeSolver.solveType(TypeSolver.java:71)

33003      ERROR Test worker     d.u.i.k.n.b.TacletPBuilder Error in parsing taclet. de.uka.ilkd.key.util.parsing.BuildingException: Unsolved symbol in de.uka.ilkd.key.java.JavaParserFactory$DynamicTypeSolver@725185cc : java.lang.Object at file:/D:/a/key/key/key.core/build/resources/main/de/uka/ilkd/key/proof/rules/javaRules.key:1171:15
	at de.uka.ilkd.key.nparser.builder.AbstractBuilder.accept(AbstractBuilder.java:54)
Caused by: com.github.javaparser.resolution.UnsolvedSymbolException: Unsolved symbol in de.uka.ilkd.key.java.JavaParserFactory$DynamicTypeSolver@725185cc : java.lang.Object
	at com.github.javaparser.resolution.TypeSolver.solveType(TypeSolver.java:71)

33003      ERROR Test worker     d.u.i.k.n.b.AbstractBuilder  com.github.javaparser.resolution.UnsolvedSymbolException: Unsolved symbol in de.uka.ilkd.key.java.JavaParserFactory$DynamicTypeSolver@725185cc : java.lang.Object
	at com.github.javaparser.resolution.TypeSolver.solveType(TypeSolver.java:71)

33003      ERROR Test worker     d.u.i.k.n.b.TacletPBuilder Error in parsing taclet. de.uka.ilkd.key.util.parsing.BuildingException: Unsolved symbol in de.uka.ilkd.key.java.JavaParserFactory$DynamicTypeSolver@725185cc : java.lang.Object at file:/D:/a/key/key/key.core/build/resources/main/de/uka/ilkd/key/proof/rules/javaRules.key:1178:15
	at de.uka.ilkd.key.nparser.builder.AbstractBuilder.accept(AbstractBuilder.java:54)
Caused by: com.github.javaparser.resolution.UnsolvedSymbolException: Unsolved symbol in de.uka.ilkd.key.java.JavaParserFactory$DynamicTypeSolver@725185cc : java.lang.Object
	at com.github.javaparser.resolution.TypeSolver.solveType(TypeSolver.java:71)

33003      ERROR Test worker     d.u.i.k.n.b.AbstractBuilder  com.github.javaparser.resolution.UnsolvedSymbolException: Unsolved symbol in de.uka.ilkd.key.java.JavaParserFactory$DynamicTypeSolver@725185cc : java.lang.Object
	at com.github.javaparser.resolution.TypeSolver.solveType(TypeSolver.java:71)

33003      ERROR Test worker     d.u.i.k.n.b.TacletPBuilder Error in parsing taclet. de.uka.ilkd.key.util.parsing.BuildingException: Unsolved symbol in de.uka.ilkd.key.java.JavaParserFactory$DynamicTypeSolver@725185cc : java.lang.Object at file:/D:/a/key/key/key.core/build/resources/main/de/uka/ilkd/key/proof/rules/javaRules.key:1184:15
	at de.uka.ilkd.key.nparser.builder.AbstractBuilder.accept(AbstractBuilder.java:54)
Caused by: com.github.javaparser.resolution.UnsolvedSymbolException: Unsolved symbol in de.uka.ilkd.key.java.JavaParserFactory$DynamicTypeSolver@725185cc : java.lang.Object
	at com.github.javaparser.resolution.TypeSolver.solveType(TypeSolver.java:71)

33003      ERROR Test worker     d.u.i.k.n.b.AbstractBuilder  com.github.javaparser.resolution.UnsolvedSymbolException: Unsolved symbol in de.uka.ilkd.key.java.JavaParserFactory$DynamicTypeSolver@725185cc : java.lang.Object
	at com.github.javaparser.resolution.TypeSolver.solveType(TypeSolver.java:71)

33003      ERROR Test worker     d.u.i.k.n.b.TacletPBuilder Error in parsing taclet. de.uka.ilkd.key.util.parsing.BuildingException: Unsolved symbol in de.uka.ilkd.key.java.JavaParserFactory$DynamicTypeSolver@725185cc : java.lang.Object at file:/D:/a/key/key/key.core/build/resources/main/de/uka/ilkd/key/proof/rules/javaRules.key:1191:15
	at de.uka.ilkd.key.nparser.builder.AbstractBuilder.accept(AbstractBuilder.java:54)
Caused by: com.github.javaparser.resolution.UnsolvedSymbolException: Unsolved symbol in de.uka.ilkd.key.java.JavaParserFactory$DynamicTypeSolver@725185cc : java.lang.Object
	at com.github.javaparser.resolution.TypeSolver.solveType(TypeSolver.java:71)

33003      ERROR Test worker     d.u.i.k.n.b.AbstractBuilder  com.github.javaparser.resolution.UnsolvedSymbolException: Unsolved symbol in de.uka.ilkd.key.java.JavaParserFactory$DynamicTypeSolver@725185cc : java.lang.Object
	at com.github.javaparser.resolution.TypeSolver.solveType(TypeSolver.java:71)

33003      ERROR Test worker     d.u.i.k.n.b.TacletPBuilder Error in parsing taclet. de.uka.ilkd.key.util.parsing.BuildingException: Unsolved symbol in de.uka.ilkd.key.java.JavaParserFactory$DynamicTypeSolver@725185cc : java.lang.Object at file:/D:/a/key/key/key.core/build/resources/main/de/uka/ilkd/key/proof/rules/javaRules.key:1198:15
	at de.uka.ilkd.key.nparser.builder.AbstractBuilder.accept(AbstractBuilder.java:54)
Caused by: com.github.javaparser.resolution.UnsolvedSymbolException: Unsolved symbol in de.uka.ilkd.key.java.JavaParserFactory$DynamicTypeSolver@725185cc : java.lang.Object
	at com.github.javaparser.resolution.TypeSolver.solveType(TypeSolver.java:71)

33003      ERROR Test worker     d.u.i.k.n.b.AbstractBuilder  com.github.javaparser.resolution.UnsolvedSymbolException: Unsolved symbol in de.uka.ilkd.key.java.JavaParserFactory$DynamicTypeSolver@725185cc : java.lang.Object
	at com.github.javaparser.resolution.TypeSolver.solveType(TypeSolver.java:71)

33003      ERROR Test worker     d.u.i.k.n.b.TacletPBuilder Error in parsing taclet. de.uka.ilkd.key.util.parsing.BuildingException: Unsolved symbol in de.uka.ilkd.key.java.JavaParserFactory$DynamicTypeSolver@725185cc : java.lang.Object at file:/D:/a/key/key/key.core/build/resources/main/de/uka/ilkd/key/proof/rules/javaRules.key:1205:15
	at de.uka.ilkd.key.nparser.builder.AbstractBuilder.accept(AbstractBuilder.java:54)
Caused by: com.github.javaparser.resolution.UnsolvedSymbolException: Unsolved symbol in de.uka.ilkd.key.java.JavaParserFactory$DynamicTypeSolver@725185cc : java.lang.Object
	at com.github.javaparser.resolution.TypeSolver.solveType(TypeSolver.java:71)

33003      ERROR Test worker     d.u.i.k.n.b.AbstractBuilder  com.github.javaparser.resolution.UnsolvedSymbolException: Unsolved symbol in de.uka.ilkd.key.java.JavaParserFactory$DynamicTypeSolver@725185cc : java.lang.Object
	at com.github.javaparser.resolution.TypeSolver.solveType(TypeSolver.java:71)

33003      ERROR Test worker     d.u.i.k.n.b.TacletPBuilder Error in parsing taclet. de.uka.ilkd.key.util.parsing.BuildingException: Unsolved symbol in de.uka.ilkd.key.java.JavaParserFactory$DynamicTypeSolver@725185cc : java.lang.Object at file:/D:/a/key/key/key.core/build/resources/main/de/uka/ilkd/key/proof/rules/javaRules.key:1212:15
	at de.uka.ilkd.key.nparser.builder.AbstractBuilder.accept(AbstractBuilder.java:54)
Caused by: com.github.javaparser.resolution.UnsolvedSymbolException: Unsolved symbol in de.uka.ilkd.key.java.JavaParserFactory$DynamicTypeSolver@725185cc : java.lang.Object
	at com.github.javaparser.resolution.TypeSolver.solveType(TypeSolver.java:71)

33003      ERROR Test worker     d.u.i.k.n.b.AbstractBuilder  com.github.javaparser.resolution.UnsolvedSymbolException: Unsolved symbol in de.uka.ilkd.key.java.JavaParserFactory$DynamicTypeSolver@725185cc : java.lang.Object
	at com.github.javaparser.resolution.TypeSolver.solveType(TypeSolver.java:71)

33003      ERROR Test worker     d.u.i.k.n.b.TacletPBuilder Error in parsing taclet. de.uka.ilkd.key.util.parsing.BuildingException: Unsolved symbol in de.uka.ilkd.key.java.JavaParserFactory$DynamicTypeSolver@725185cc : java.lang.Object at file:/D:/a/key/key/key.core/build/resources/main/de/uka/ilkd/key/proof/rules/javaRules.key:1220:15
	at de.uka.ilkd.key.nparser.builder.AbstractBuilder.accept(AbstractBuilder.java:54)
Caused by: com.github.javaparser.resolution.UnsolvedSymbolException: Unsolved symbol in de.uka.ilkd.key.java.JavaParserFactory$DynamicTypeSolver@725185cc : java.lang.Object
	at com.github.javaparser.resolution.TypeSolver.solveType(TypeSolver.java:71)

33003      ERROR Test worker     d.u.i.k.n.b.AbstractBuilder  com.github.javaparser.resolution.UnsolvedSymbolException: Unsolved symbol in de.uka.ilkd.key.java.JavaParserFactory$DynamicTypeSolver@725185cc : java.lang.Object
	at com.github.javaparser.resolution.TypeSolver.solveType(TypeSolver.java:71)

33003      ERROR Test worker     d.u.i.k.n.b.TacletPBuilder Error in parsing taclet. de.uka.ilkd.key.util.parsing.BuildingException: Unsolved symbol in de.uka.ilkd.key.java.JavaParserFactory$DynamicTypeSolver@725185cc : java.lang.Object at file:/D:/a/key/key/key.core/build/resources/main/de/uka/ilkd/key/proof/rules/javaRules.key:1230:15
	at de.uka.ilkd.key.nparser.builder.AbstractBuilder.accept(AbstractBuilder.java:54)
Caused by: com.github.javaparser.resolution.UnsolvedSymbolException: Unsolved symbol in de.uka.ilkd.key.java.JavaParserFactory$DynamicTypeSolver@725185cc : java.lang.Object
	at com.github.javaparser.resolution.TypeSolver.solveType(TypeSolver.java:71)

33018      ERROR Test worker     d.u.i.k.n.b.AbstractBuilder  com.github.javaparser.resolution.UnsolvedSymbolException: Unsolved symbol in de.uka.ilkd.key.java.JavaParserFactory$DynamicTypeSolver@725185cc : java.lang.Object
	at com.github.javaparser.resolution.TypeSolver.solveType(TypeSolver.java:71)

33018      ERROR Test worker     d.u.i.k.n.b.TacletPBuilder Error in parsing taclet. de.uka.ilkd.key.util.parsing.BuildingException: Unsolved symbol in de.uka.ilkd.key.java.JavaParserFactory$DynamicTypeSolver@725185cc : java.lang.Object at file:/D:/a/key/key/key.core/build/resources/main/de/uka/ilkd/key/proof/rules/javaRules.key:1238:15
	at de.uka.ilkd.key.nparser.builder.AbstractBuilder.accept(AbstractBuilder.java:54)
Caused by: com.github.javaparser.resolution.UnsolvedSymbolException: Unsolved symbol in de.uka.ilkd.key.java.JavaParserFactory$DynamicTypeSolver@725185cc : java.lang.Object
	at com.github.javaparser.resolution.TypeSolver.solveType(TypeSolver.java:71)

33018      ERROR Test worker     d.u.i.k.n.b.AbstractBuilder  com.github.javaparser.resolution.UnsolvedSymbolException: Unsolved symbol in de.uka.ilkd.key.java.JavaParserFactory$DynamicTypeSolver@725185cc : java.lang.Object
	at com.github.javaparser.resolution.TypeSolver.solveType(TypeSolver.java:71)

33018      ERROR Test worker     d.u.i.k.n.b.TacletPBuilder Error in parsing taclet. de.uka.ilkd.key.util.parsing.BuildingException: Unsolved symbol in de.uka.ilkd.key.java.JavaParserFactory$DynamicTypeSolver@725185cc : java.lang.Object at file:/D:/a/key/key/key.core/build/resources/main/de/uka/ilkd/key/proof/rules/javaRules.key:1245:15
	at de.uka.ilkd.key.nparser.builder.AbstractBuilder.accept(AbstractBuilder.java:54)
Caused by: com.github.javaparser.resolution.UnsolvedSymbolException: Unsolved symbol in de.uka.ilkd.key.java.JavaParserFactory$DynamicTypeSolver@725185cc : java.lang.Object
	at com.github.javaparser.resolution.TypeSolver.solveType(TypeSolver.java:71)

33018      ERROR Test worker     d.u.i.k.n.b.AbstractBuilder  com.github.javaparser.resolution.UnsolvedSymbolException: Unsolved symbol in de.uka.ilkd.key.java.JavaParserFactory$DynamicTypeSolver@725185cc : java.lang.Object
	at com.github.javaparser.resolution.TypeSolver.solveType(TypeSolver.java:71)

33018      ERROR Test worker     d.u.i.k.n.b.TacletPBuilder Error in parsing taclet. de.uka.ilkd.key.util.parsing.BuildingException: Unsolved symbol in de.uka.ilkd.key.java.JavaParserFactory$DynamicTypeSolver@725185cc : java.lang.Object at file:/D:/a/key/key/key.core/build/resources/main/de/uka/ilkd/key/proof/rules/javaRules.key:1254:15
	at de.uka.ilkd.key.nparser.builder.AbstractBuilder.accept(AbstractBuilder.java:54)
Caused by: com.github.javaparser.resolution.UnsolvedSymbolException: Unsolved symbol in de.uka.ilkd.key.java.JavaParserFactory$DynamicTypeSolver@725185cc : java.lang.Object
	at com.github.javaparser.resolution.TypeSolver.solveType(TypeSolver.java:71)

33018      ERROR Test worker     d.u.i.k.n.b.AbstractBuilder  com.github.javaparser.resolution.UnsolvedSymbolException: Unsolved symbol in de.uka.ilkd.key.java.JavaParserFactory$DynamicTypeSolver@725185cc : java.lang.Object
	at com.github.javaparser.resolution.TypeSolver.solveType(TypeSolver.java:71)

33018      ERROR Test worker     d.u.i.k.n.b.TacletPBuilder Error in parsing taclet. de.uka.ilkd.key.util.parsing.BuildingException: Unsolved symbol in de.uka.ilkd.key.java.JavaParserFactory$DynamicTypeSolver@725185cc : java.lang.Object at file:/D:/a/key/key/key.core/build/resources/main/de/uka/ilkd/key/proof/rules/javaRules.key:1262:15
	at de.uka.ilkd.key.nparser.builder.AbstractBuilder.accept(AbstractBuilder.java:54)
Caused by: com.github.javaparser.resolution.UnsolvedSymbolException: Unsolved symbol in de.uka.ilkd.key.java.JavaParserFactory$DynamicTypeSolver@725185cc : java.lang.Object
	at com.github.javaparser.resolution.TypeSolver.solveType(TypeSolver.java:71)

33018      ERROR Test worker     d.u.i.k.n.b.AbstractBuilder  com.github.javaparser.resolution.UnsolvedSymbolException: Unsolved symbol in de.uka.ilkd.key.java.JavaParserFactory$DynamicTypeSolver@725185cc : java.lang.Object
	at com.github.javaparser.resolution.TypeSolver.solveType(TypeSolver.java:71)

33018      ERROR Test worker     d.u.i.k.n.b.TacletPBuilder Error in parsing taclet. de.uka.ilkd.key.util.parsing.BuildingException: Unsolved symbol in de.uka.ilkd.key.java.JavaParserFactory$DynamicTypeSolver@725185cc : java.lang.Object at file:/D:/a/key/key/key.core/build/resources/main/de/uka/ilkd/key/proof/rules/javaRules.key:1271:15
	at de.uka.ilkd.key.nparser.builder.AbstractBuilder.accept(AbstractBuilder.java:54)
Caused by: com.github.javaparser.resolution.UnsolvedSymbolException: Unsolved symbol in de.uka.ilkd.key.java.JavaParserFactory$DynamicTypeSolver@725185cc : java.lang.Object
	at com.github.javaparser.resolution.TypeSolver.solveType(TypeSolver.java:71)

33018      ERROR Test worker     d.u.i.k.n.b.AbstractBuilder  com.github.javaparser.resolution.UnsolvedSymbolException: Unsolved symbol in de.uka.ilkd.key.java.JavaParserFactory$DynamicTypeSolver@725185cc : java.lang.Object
	at com.github.javaparser.resolution.TypeSolver.solveType(TypeSolver.java:71)

33018      ERROR Test worker     d.u.i.k.n.b.TacletPBuilder Error in parsing taclet. de.uka.ilkd.key.util.parsing.BuildingException: Unsolved symbol in de.uka.ilkd.key.java.JavaParserFactory$DynamicTypeSolver@725185cc : java.lang.Object at file:/D:/a/key/key/key.core/build/resources/main/de/uka/ilkd/key/proof/rules/javaRules.key:1279:15
	at de.uka.ilkd.key.nparser.builder.AbstractBuilder.accept(AbstractBuilder.java:54)
Caused by: com.github.javaparser.resolution.UnsolvedSymbolException: Unsolved symbol in de.uka.ilkd.key.java.JavaParserFactory$DynamicTypeSolver@725185cc : java.lang.Object
	at com.github.javaparser.resolution.TypeSolver.solveType(TypeSolver.java:71)

33018      ERROR Test worker     d.u.i.k.n.b.AbstractBuilder  com.github.javaparser.resolution.UnsolvedSymbolException: Unsolved symbol in de.uka.ilkd.key.java.JavaParserFactory$DynamicTypeSolver@725185cc : java.lang.Object
	at com.github.javaparser.resolution.TypeSolver.solveType(TypeSolver.java:71)

33018      ERROR Test worker     d.u.i.k.n.b.TacletPBuilder Error in parsing taclet. de.uka.ilkd.key.util.parsing.BuildingException: Unsolved symbol in de.uka.ilkd.key.java.JavaParserFactory$DynamicTypeSolver@725185cc : java.lang.Object at file:/D:/a/key/key/key.core/build/resources/main/de/uka/ilkd/key/proof/rules/javaRules.key:1287:20
	at de.uka.ilkd.key.nparser.builder.AbstractBuilder.accept(AbstractBuilder.java:54)
Caused by: com.github.javaparser.resolution.UnsolvedSymbolException: Unsolved symbol in de.uka.ilkd.key.java.JavaParserFactory$DynamicTypeSolver@725185cc : java.lang.Object
	at com.github.javaparser.resolution.TypeSolver.solveType(TypeSolver.java:71)

33018      ERROR Test worker     d.u.i.k.n.b.AbstractBuilder  com.github.javaparser.resolution.UnsolvedSymbolException: Unsolved symbol in de.uka.ilkd.key.java.JavaParserFactory$DynamicTypeSolver@725185cc : java.lang.Object
	at com.github.javaparser.resolution.TypeSolver.solveType(TypeSolver.java:71)

33018      ERROR Test worker     d.u.i.k.n.b.TacletPBuilder Error in parsing taclet. de.uka.ilkd.key.util.parsing.BuildingException: Unsolved symbol in de.uka.ilkd.key.java.JavaParserFactory$DynamicTypeSolver@725185cc : java.lang.Object at file:/D:/a/key/key/key.core/build/resources/main/de/uka/ilkd/key/proof/rules/javaRules.key:1297:20
	at de.uka.ilkd.key.nparser.builder.AbstractBuilder.accept(AbstractBuilder.java:54)
Caused by: com.github.javaparser.resolution.UnsolvedSymbolException: Unsolved symbol in de.uka.ilkd.key.java.JavaParserFactory$DynamicTypeSolver@725185cc : java.lang.Object
	at com.github.javaparser.resolution.TypeSolver.solveType(TypeSolver.java:71)

33018      ERROR Test worker     d.u.i.k.n.b.AbstractBuilder  com.github.javaparser.resolution.UnsolvedSymbolException: Unsolved symbol in de.uka.ilkd.key.java.JavaParserFactory$DynamicTypeSolver@725185cc : java.lang.Object
	at com.github.javaparser.resolution.TypeSolver.solveType(TypeSolver.java:71)

33018      ERROR Test worker     d.u.i.k.n.b.TacletPBuilder Error in parsing taclet. de.uka.ilkd.key.util.parsing.BuildingException: Unsolved symbol in de.uka.ilkd.key.java.JavaParserFactory$DynamicTypeSolver@725185cc : java.lang.Object at file:/D:/a/key/key/key.core/build/resources/main/de/uka/ilkd/key/proof/rules/javaRules.key:1307:15
	at de.uka.ilkd.key.nparser.builder.AbstractBuilder.accept(AbstractBuilder.java:54)
Caused by: com.github.javaparser.resolution.UnsolvedSymbolException: Unsolved symbol in de.uka.ilkd.key.java.JavaParserFactory$DynamicTypeSolver@725185cc : java.lang.Object
	at com.github.javaparser.resolution.TypeSolver.solveType(TypeSolver.java:71)

33034      ERROR Test worker     d.u.i.k.n.b.AbstractBuilder  com.github.javaparser.resolution.UnsolvedSymbolException: Unsolved symbol in de.uka.ilkd.key.java.JavaParserFactory$DynamicTypeSolver@725185cc : java.lang.Object
	at com.github.javaparser.resolution.TypeSolver.solveType(TypeSolver.java:71)

33034      ERROR Test worker     d.u.i.k.n.b.TacletPBuilder Error in parsing taclet. de.uka.ilkd.key.util.parsing.BuildingException: Unsolved symbol in de.uka.ilkd.key.java.JavaParserFactory$DynamicTypeSolver@725185cc : java.lang.Object at file:/D:/a/key/key/key.core/build/resources/main/de/uka/ilkd/key/proof/rules/javaRules.key:1313:15
	at de.uka.ilkd.key.nparser.builder.AbstractBuilder.accept(AbstractBuilder.java:54)
Caused by: com.github.javaparser.resolution.UnsolvedSymbolException: Unsolved symbol in de.uka.ilkd.key.java.JavaParserFactory$DynamicTypeSolver@725185cc : java.lang.Object
	at com.github.javaparser.resolution.TypeSolver.solveType(TypeSolver.java:71)

33034      ERROR Test worker     d.u.i.k.n.b.AbstractBuilder  com.github.javaparser.resolution.UnsolvedSymbolException: Unsolved symbol in de.uka.ilkd.key.java.JavaParserFactory$DynamicTypeSolver@725185cc : java.lang.Object
	at com.github.javaparser.resolution.TypeSolver.solveType(TypeSolver.java:71)

33034      ERROR Test worker     d.u.i.k.n.b.TacletPBuilder Error in parsing taclet. de.uka.ilkd.key.util.parsing.BuildingException: Unsolved symbol in de.uka.ilkd.key.java.JavaParserFactory$DynamicTypeSolver@725185cc : java.lang.Object at file:/D:/a/key/key/key.core/build/resources/main/de/uka/ilkd/key/proof/rules/javaRules.key:1320:20
	at de.uka.ilkd.key.nparser.builder.AbstractBuilder.accept(AbstractBuilder.java:54)
Caused by: com.github.javaparser.resolution.UnsolvedSymbolException: Unsolved symbol in de.uka.ilkd.key.java.JavaParserFactory$DynamicTypeSolver@725185cc : java.lang.Object
	at com.github.javaparser.resolution.TypeSolver.solveType(TypeSolver.java:71)

33034      ERROR Test worker     d.u.i.k.n.b.AbstractBuilder  com.github.javaparser.resolution.UnsolvedSymbolException: Unsolved symbol in de.uka.ilkd.key.java.JavaParserFactory$DynamicTypeSolver@725185cc : java.lang.Object
	at com.github.javaparser.resolution.TypeSolver.solveType(TypeSolver.java:71)

33034      ERROR Test worker     d.u.i.k.n.b.TacletPBuilder Error in parsing taclet. de.uka.ilkd.key.util.parsing.BuildingException: Unsolved symbol in de.uka.ilkd.key.java.JavaParserFactory$DynamicTypeSolver@725185cc : java.lang.Object at file:/D:/a/key/key/key.core/build/resources/main/de/uka/ilkd/key/proof/rules/javaRules.key:1327:20
	at de.uka.ilkd.key.nparser.builder.AbstractBuilder.accept(AbstractBuilder.java:54)
Caused by: com.github.javaparser.resolution.UnsolvedSymbolException: Unsolved symbol in de.uka.ilkd.key.java.JavaParserFactory$DynamicTypeSolver@725185cc : java.lang.Object
	at com.github.javaparser.resolution.TypeSolver.solveType(TypeSolver.java:71)

33034      ERROR Test worker     d.u.i.k.n.b.AbstractBuilder  com.github.javaparser.resolution.UnsolvedSymbolException: Unsolved symbol in de.uka.ilkd.key.java.JavaParserFactory$DynamicTypeSolver@725185cc : java.lang.Object
	at com.github.javaparser.resolution.TypeSolver.solveType(TypeSolver.java:71)

33034      ERROR Test worker     d.u.i.k.n.b.TacletPBuilder Error in parsing taclet. de.uka.ilkd.key.util.parsing.BuildingException: Unsolved symbol in de.uka.ilkd.key.java.JavaParserFactory$DynamicTypeSolver@725185cc : java.lang.Object at file:/D:/a/key/key/key.core/build/resources/main/de/uka/ilkd/key/proof/rules/javaRules.key:1334:20
	at de.uka.ilkd.key.nparser.builder.AbstractBuilder.accept(AbstractBuilder.java:54)
Caused by: com.github.javaparser.resolution.UnsolvedSymbolException: Unsolved symbol in de.uka.ilkd.key.java.JavaParserFactory$DynamicTypeSolver@725185cc : java.lang.Object
	at com.github.javaparser.resolution.TypeSolver.solveType(TypeSolver.java:71)

33034      ERROR Test worker     d.u.i.k.n.b.AbstractBuilder  com.github.javaparser.resolution.UnsolvedSymbolException: Unsolved symbol in de.uka.ilkd.key.java.JavaParserFactory$DynamicTypeSolver@725185cc : java.lang.Object
	at com.github.javaparser.resolution.TypeSolver.solveType(TypeSolver.java:71)

33034      ERROR Test worker     d.u.i.k.n.b.TacletPBuilder Error in parsing taclet. de.uka.ilkd.key.util.parsing.BuildingException: Unsolved symbol in de.uka.ilkd.key.java.JavaParserFactory$DynamicTypeSolver@725185cc : java.lang.Object at file:/D:/a/key/key/key.core/build/resources/main/de/uka/ilkd/key/proof/rules/javaRules.key:1341:20
	at de.uka.ilkd.key.nparser.builder.AbstractBuilder.accept(AbstractBuilder.java:54)
Caused by: com.github.javaparser.resolution.UnsolvedSymbolException: Unsolved symbol in de.uka.ilkd.key.java.JavaParserFactory$DynamicTypeSolver@725185cc : java.lang.Object
	at com.github.javaparser.resolution.TypeSolver.solveType(TypeSolver.java:71)

33034      ERROR Test worker     d.u.i.k.n.b.AbstractBuilder  com.github.javaparser.resolution.UnsolvedSymbolException: Unsolved symbol in de.uka.ilkd.key.java.JavaParserFactory$DynamicTypeSolver@725185cc : java.lang.Object
	at com.github.javaparser.resolution.TypeSolver.solveType(TypeSolver.java:71)

33034      ERROR Test worker     d.u.i.k.n.b.TacletPBuilder Error in parsing taclet. de.uka.ilkd.key.util.parsing.BuildingException: Unsolved symbol in de.uka.ilkd.key.java.JavaParserFactory$DynamicTypeSolver@725185cc : java.lang.Object at file:/D:/a/key/key/key.core/build/resources/main/de/uka/ilkd/key/proof/rules/javaRules.key:1347:15
	at de.uka.ilkd.key.nparser.builder.AbstractBuilder.accept(AbstractBuilder.java:54)
Caused by: com.github.javaparser.resolution.UnsolvedSymbolException: Unsolved symbol in de.uka.ilkd.key.java.JavaParserFactory$DynamicTypeSolver@725185cc : java.lang.Object
	at com.github.javaparser.resolution.TypeSolver.solveType(TypeSolver.java:71)

33034      ERROR Test worker     d.u.i.k.n.b.AbstractBuilder  com.github.javaparser.resolution.UnsolvedSymbolException: Unsolved symbol in de.uka.ilkd.key.java.JavaParserFactory$DynamicTypeSolver@725185cc : java.lang.Object
	at com.github.javaparser.resolution.TypeSolver.solveType(TypeSolver.java:71)

33034      ERROR Test worker     d.u.i.k.n.b.TacletPBuilder Error in parsing taclet. de.uka.ilkd.key.util.parsing.BuildingException: Unsolved symbol in de.uka.ilkd.key.java.JavaParserFactory$DynamicTypeSolver@725185cc : java.lang.Object at file:/D:/a/key/key/key.core/build/resources/main/de/uka/ilkd/key/proof/rules/javaRules.key:1353:15
	at de.uka.ilkd.key.nparser.builder.AbstractBuilder.accept(AbstractBuilder.java:54)
Caused by: com.github.javaparser.resolution.UnsolvedSymbolException: Unsolved symbol in de.uka.ilkd.key.java.JavaParserFactory$DynamicTypeSolver@725185cc : java.lang.Object
	at com.github.javaparser.resolution.TypeSolver.solveType(TypeSolver.java:71)

33034      ERROR Test worker     d.u.i.k.n.b.AbstractBuilder  com.github.javaparser.resolution.UnsolvedSymbolException: Unsolved symbol in de.uka.ilkd.key.java.JavaParserFactory$DynamicTypeSolver@725185cc : java.lang.Object
	at com.github.javaparser.resolution.TypeSolver.solveType(TypeSolver.java:71)

33034      ERROR Test worker     d.u.i.k.n.b.TacletPBuilder Error in parsing taclet. de.uka.ilkd.key.util.parsing.BuildingException: Unsolved symbol in de.uka.ilkd.key.java.JavaParserFactory$DynamicTypeSolver@725185cc : java.lang.Object at file:/D:/a/key/key/key.core/build/resources/main/de/uka/ilkd/key/proof/rules/javaRules.key:1359:15
	at de.uka.ilkd.key.nparser.builder.AbstractBuilder.accept(AbstractBuilder.java:54)
Caused by: com.github.javaparser.resolution.UnsolvedSymbolException: Unsolved symbol in de.uka.ilkd.key.java.JavaParserFactory$DynamicTypeSolver@725185cc : java.lang.Object
	at com.github.javaparser.resolution.TypeSolver.solveType(TypeSolver.java:71)

33050      ERROR Test worker     d.u.i.k.n.b.AbstractBuilder  com.github.javaparser.resolution.UnsolvedSymbolException: Unsolved symbol in de.uka.ilkd.key.java.JavaParserFactory$DynamicTypeSolver@725185cc : java.lang.Object
	at com.github.javaparser.resolution.TypeSolver.solveType(TypeSolver.java:71)

33050      ERROR Test worker     d.u.i.k.n.b.TacletPBuilder Error in parsing taclet. de.uka.ilkd.key.util.parsing.BuildingException: Unsolved symbol in de.uka.ilkd.key.java.JavaParserFactory$DynamicTypeSolver@725185cc : java.lang.Object at file:/D:/a/key/key/key.core/build/resources/main/de/uka/ilkd/key/proof/rules/javaRules.key:1365:15
	at de.uka.ilkd.key.nparser.builder.AbstractBuilder.accept(AbstractBuilder.java:54)
Caused by: com.github.javaparser.resolution.UnsolvedSymbolException: Unsolved symbol in de.uka.ilkd.key.java.JavaParserFactory$DynamicTypeSolver@725185cc : java.lang.Object
	at com.github.javaparser.resolution.TypeSolver.solveType(TypeSolver.java:71)

33050      ERROR Test worker     d.u.i.k.n.b.AbstractBuilder  com.github.javaparser.resolution.UnsolvedSymbolException: Unsolved symbol in de.uka.ilkd.key.java.JavaParserFactory$DynamicTypeSolver@725185cc : java.lang.Object
	at com.github.javaparser.resolution.TypeSolver.solveType(TypeSolver.java:71)

33050      ERROR Test worker     d.u.i.k.n.b.TacletPBuilder Error in parsing taclet. de.uka.ilkd.key.util.parsing.BuildingException: Unsolved symbol in de.uka.ilkd.key.java.JavaParserFactory$DynamicTypeSolver@725185cc : java.lang.Object at file:/D:/a/key/key/key.core/build/resources/main/de/uka/ilkd/key/proof/rules/javaRules.key:1371:15
	at de.uka.ilkd.key.nparser.builder.AbstractBuilder.accept(AbstractBuilder.java:54)
Caused by: com.github.javaparser.resolution.UnsolvedSymbolException: Unsolved symbol in de.uka.ilkd.key.java.JavaParserFactory$DynamicTypeSolver@725185cc : java.lang.Object
	at com.github.javaparser.resolution.TypeSolver.solveType(TypeSolver.java:71)

33050      ERROR Test worker     d.u.i.k.n.b.AbstractBuilder  com.github.javaparser.resolution.UnsolvedSymbolException: Unsolved symbol in de.uka.ilkd.key.java.JavaParserFactory$DynamicTypeSolver@725185cc : java.lang.Object
	at com.github.javaparser.resolution.TypeSolver.solveType(TypeSolver.java:71)

33050      ERROR Test worker     d.u.i.k.n.b.TacletPBuilder Error in parsing taclet. de.uka.ilkd.key.util.parsing.BuildingException: Unsolved symbol in de.uka.ilkd.key.java.JavaParserFactory$DynamicTypeSolver@725185cc : java.lang.Object at file:/D:/a/key/key/key.core/build/resources/main/de/uka/ilkd/key/proof/rules/javaRules.key:1378:15
	at de.uka.ilkd.key.nparser.builder.AbstractBuilder.accept(AbstractBuilder.java:54)
Caused by: com.github.javaparser.resolution.UnsolvedSymbolException: Unsolved symbol in de.uka.ilkd.key.java.JavaParserFactory$DynamicTypeSolver@725185cc : java.lang.Object
	at com.github.javaparser.resolution.TypeSolver.solveType(TypeSolver.java:71)

33050      ERROR Test worker     d.u.i.k.n.b.AbstractBuilder  com.github.javaparser.resolution.UnsolvedSymbolException: Unsolved symbol in de.uka.ilkd.key.java.JavaParserFactory$DynamicTypeSolver@725185cc : java.lang.Object
	at com.github.javaparser.resolution.TypeSolver.solveType(TypeSolver.java:71)

33050      ERROR Test worker     d.u.i.k.n.b.TacletPBuilder Error in parsing taclet. de.uka.ilkd.key.util.parsing.BuildingException: Unsolved symbol in de.uka.ilkd.key.java.JavaParserFactory$DynamicTypeSolver@725185cc : java.lang.Object at file:/D:/a/key/key/key.core/build/resources/main/de/uka/ilkd/key/proof/rules/javaRules.key:1385:15
	at de.uka.ilkd.key.nparser.builder.AbstractBuilder.accept(AbstractBuilder.java:54)
Caused by: com.github.javaparser.resolution.UnsolvedSymbolException: Unsolved symbol in de.uka.ilkd.key.java.JavaParserFactory$DynamicTypeSolver@725185cc : java.lang.Object
	at com.github.javaparser.resolution.TypeSolver.solveType(TypeSolver.java:71)

33050      ERROR Test worker     d.u.i.k.n.b.AbstractBuilder  com.github.javaparser.resolution.UnsolvedSymbolException: Unsolved symbol in de.uka.ilkd.key.java.JavaParserFactory$DynamicTypeSolver@725185cc : java.lang.Object
	at com.github.javaparser.resolution.TypeSolver.solveType(TypeSolver.java:71)

33050      ERROR Test worker     d.u.i.k.n.b.TacletPBuilder Error in parsing taclet. de.uka.ilkd.key.util.parsing.BuildingException: Unsolved symbol in de.uka.ilkd.key.java.JavaParserFactory$DynamicTypeSolver@725185cc : java.lang.Object at file:/D:/a/key/key/key.core/build/resources/main/de/uka/ilkd/key/proof/rules/javaRules.key:1392:15
	at de.uka.ilkd.key.nparser.builder.AbstractBuilder.accept(AbstractBuilder.java:54)
Caused by: com.github.javaparser.resolution.UnsolvedSymbolException: Unsolved symbol in de.uka.ilkd.key.java.JavaParserFactory$DynamicTypeSolver@725185cc : java.lang.Object
	at com.github.javaparser.resolution.TypeSolver.solveType(TypeSolver.java:71)

33050      ERROR Test worker     d.u.i.k.n.b.AbstractBuilder  com.github.javaparser.resolution.UnsolvedSymbolException: Unsolved symbol in de.uka.ilkd.key.java.JavaParserFactory$DynamicTypeSolver@725185cc : java.lang.Object
	at com.github.javaparser.resolution.TypeSolver.solveType(TypeSolver.java:71)

33050      ERROR Test worker     d.u.i.k.n.b.TacletPBuilder Error in parsing taclet. de.uka.ilkd.key.util.parsing.BuildingException: Unsolved symbol in de.uka.ilkd.key.java.JavaParserFactory$DynamicTypeSolver@725185cc : java.lang.Object at file:/D:/a/key/key/key.core/build/resources/main/de/uka/ilkd/key/proof/rules/javaRules.key:1402:15
	at de.uka.ilkd.key.nparser.builder.AbstractBuilder.accept(AbstractBuilder.java:54)
Caused by: com.github.javaparser.resolution.UnsolvedSymbolException: Unsolved symbol in de.uka.ilkd.key.java.JavaParserFactory$DynamicTypeSolver@725185cc : java.lang.Object
	at com.github.javaparser.resolution.TypeSolver.solveType(TypeSolver.java:71)

33050      ERROR Test worker     d.u.i.k.n.b.AbstractBuilder  com.github.javaparser.resolution.UnsolvedSymbolException: Unsolved symbol in de.uka.ilkd.key.java.JavaParserFactory$DynamicTypeSolver@725185cc : java.lang.Object
	at com.github.javaparser.resolution.TypeSolver.solveType(TypeSolver.java:71)

33050      ERROR Test worker     d.u.i.k.n.b.TacletPBuilder Error in parsing taclet. de.uka.ilkd.key.util.parsing.BuildingException: Unsolved symbol in de.uka.ilkd.key.java.JavaParserFactory$DynamicTypeSolver@725185cc : java.lang.Object at file:/D:/a/key/key/key.core/build/resources/main/de/uka/ilkd/key/proof/rules/javaRules.key:1411:15
	at de.uka.ilkd.key.nparser.builder.AbstractBuilder.accept(AbstractBuilder.java:54)
Caused by: com.github.javaparser.resolution.UnsolvedSymbolException: Unsolved symbol in de.uka.ilkd.key.java.JavaParserFactory$DynamicTypeSolver@725185cc : java.lang.Object
	at com.github.javaparser.resolution.TypeSolver.solveType(TypeSolver.java:71)

33050      ERROR Test worker     d.u.i.k.n.b.AbstractBuilder  com.github.javaparser.resolution.UnsolvedSymbolException: Unsolved symbol in de.uka.ilkd.key.java.JavaParserFactory$DynamicTypeSolver@725185cc : java.lang.Object
	at com.github.javaparser.resolution.TypeSolver.solveType(TypeSolver.java:71)

33050      ERROR Test worker     d.u.i.k.n.b.TacletPBuilder Error in parsing taclet. de.uka.ilkd.key.util.parsing.BuildingException: Unsolved symbol in de.uka.ilkd.key.java.JavaParserFactory$DynamicTypeSolver@725185cc : java.lang.Object at file:/D:/a/key/key/key.core/build/resources/main/de/uka/ilkd/key/proof/rules/javaRules.key:1417:15
	at de.uka.ilkd.key.nparser.builder.AbstractBuilder.accept(AbstractBuilder.java:54)
Caused by: com.github.javaparser.resolution.UnsolvedSymbolException: Unsolved symbol in de.uka.ilkd.key.java.JavaParserFactory$DynamicTypeSolver@725185cc : java.lang.Object
	at com.github.javaparser.resolution.TypeSolver.solveType(TypeSolver.java:71)

33050      ERROR Test worker     d.u.i.k.n.b.AbstractBuilder  com.github.javaparser.resolution.UnsolvedSymbolException: Unsolved symbol in de.uka.ilkd.key.java.JavaParserFactory$DynamicTypeSolver@725185cc : java.lang.Object
	at com.github.javaparser.resolution.TypeSolver.solveType(TypeSolver.java:71)

33050      ERROR Test worker     d.u.i.k.n.b.TacletPBuilder Error in parsing taclet. de.uka.ilkd.key.util.parsing.BuildingException: Unsolved symbol in de.uka.ilkd.key.java.JavaParserFactory$DynamicTypeSolver@725185cc : java.lang.Object at file:/D:/a/key/key/key.core/build/resources/main/de/uka/ilkd/key/proof/rules/javaRules.key:1424:15
	at de.uka.ilkd.key.nparser.builder.AbstractBuilder.accept(AbstractBuilder.java:54)
Caused by: com.github.javaparser.resolution.UnsolvedSymbolException: Unsolved symbol in de.uka.ilkd.key.java.JavaParserFactory$DynamicTypeSolver@725185cc : java.lang.Object
	at com.github.javaparser.resolution.TypeSolver.solveType(TypeSolver.java:71)

33050      ERROR Test worker     d.u.i.k.n.b.AbstractBuilder  com.github.javaparser.resolution.UnsolvedSymbolException: Unsolved symbol in de.uka.ilkd.key.java.JavaParserFactory$DynamicTypeSolver@725185cc : java.lang.Object
	at com.github.javaparser.resolution.TypeSolver.solveType(TypeSolver.java:71)

33050      ERROR Test worker     d.u.i.k.n.b.TacletPBuilder Error in parsing taclet. de.uka.ilkd.key.util.parsing.BuildingException: Unsolved symbol in de.uka.ilkd.key.java.JavaParserFactory$DynamicTypeSolver@725185cc : java.lang.Object at file:/D:/a/key/key/key.core/build/resources/main/de/uka/ilkd/key/proof/rules/javaRules.key:1430:15
	at de.uka.ilkd.key.nparser.builder.AbstractBuilder.accept(AbstractBuilder.java:54)
Caused by: com.github.javaparser.resolution.UnsolvedSymbolException: Unsolved symbol in de.uka.ilkd.key.java.JavaParserFactory$DynamicTypeSolver@725185cc : java.lang.Object
	at com.github.javaparser.resolution.TypeSolver.solveType(TypeSolver.java:71)

33065      ERROR Test worker     d.u.i.k.n.b.AbstractBuilder  com.github.javaparser.resolution.UnsolvedSymbolException: Unsolved symbol in de.uka.ilkd.key.java.JavaParserFactory$DynamicTypeSolver@725185cc : java.lang.Object
	at com.github.javaparser.resolution.TypeSolver.solveType(TypeSolver.java:71)

33081      ERROR Test worker     d.u.i.k.n.b.TacletPBuilder Error in parsing taclet. de.uka.ilkd.key.util.parsing.BuildingException: Unsolved symbol in de.uka.ilkd.key.java.JavaParserFactory$DynamicTypeSolver@725185cc : java.lang.Object at file:/D:/a/key/key/key.core/build/resources/main/de/uka/ilkd/key/proof/rules/javaRules.key:1437:15
	at de.uka.ilkd.key.nparser.builder.AbstractBuilder.accept(AbstractBuilder.java:54)
Caused by: com.github.javaparser.resolution.UnsolvedSymbolException: Unsolved symbol in de.uka.ilkd.key.java.JavaParserFactory$DynamicTypeSolver@725185cc : java.lang.Object
	at com.github.javaparser.resolution.TypeSolver.solveType(TypeSolver.java:71)

33081      ERROR Test worker     d.u.i.k.n.b.AbstractBuilder  com.github.javaparser.resolution.UnsolvedSymbolException: Unsolved symbol in de.uka.ilkd.key.java.JavaParserFactory$DynamicTypeSolver@725185cc : java.lang.Object
	at com.github.javaparser.resolution.TypeSolver.solveType(TypeSolver.java:71)

33081      ERROR Test worker     d.u.i.k.n.b.TacletPBuilder Error in parsing taclet. de.uka.ilkd.key.util.parsing.BuildingException: Unsolved symbol in de.uka.ilkd.key.java.JavaParserFactory$DynamicTypeSolver@725185cc : java.lang.Object at file:/D:/a/key/key/key.core/build/resources/main/de/uka/ilkd/key/proof/rules/javaRules.key:1443:15
	at de.uka.ilkd.key.nparser.builder.AbstractBuilder.accept(AbstractBuilder.java:54)
Caused by: com.github.javaparser.resolution.UnsolvedSymbolException: Unsolved symbol in de.uka.ilkd.key.java.JavaParserFactory$DynamicTypeSolver@725185cc : java.lang.Object
	at com.github.javaparser.resolution.TypeSolver.solveType(TypeSolver.java:71)

33081      ERROR Test worker     d.u.i.k.n.b.AbstractBuilder  com.github.javaparser.resolution.UnsolvedSymbolException: Unsolved symbol in de.uka.ilkd.key.java.JavaParserFactory$DynamicTypeSolver@725185cc : java.lang.Object
	at com.github.javaparser.resolution.TypeSolver.solveType(TypeSolver.java:71)

33081      ERROR Test worker     d.u.i.k.n.b.TacletPBuilder Error in parsing taclet. de.uka.ilkd.key.util.parsing.BuildingException: Unsolved symbol in de.uka.ilkd.key.java.JavaParserFactory$DynamicTypeSolver@725185cc : java.lang.Object at file:/D:/a/key/key/key.core/build/resources/main/de/uka/ilkd/key/proof/rules/javaRules.key:1450:15
	at de.uka.ilkd.key.nparser.builder.AbstractBuilder.accept(AbstractBuilder.java:54)
Caused by: com.github.javaparser.resolution.UnsolvedSymbolException: Unsolved symbol in de.uka.ilkd.key.java.JavaParserFactory$DynamicTypeSolver@725185cc : java.lang.Object
	at com.github.javaparser.resolution.TypeSolver.solveType(TypeSolver.java:71)

33081      ERROR Test worker     d.u.i.k.n.b.AbstractBuilder  com.github.javaparser.resolution.UnsolvedSymbolException: Unsolved symbol in de.uka.ilkd.key.java.JavaParserFactory$DynamicTypeSolver@725185cc : java.lang.Object
	at com.github.javaparser.resolution.TypeSolver.solveType(TypeSolver.java:71)

33081      ERROR Test worker     d.u.i.k.n.b.TacletPBuilder Error in parsing taclet. de.uka.ilkd.key.util.parsing.BuildingException: Unsolved symbol in de.uka.ilkd.key.java.JavaParserFactory$DynamicTypeSolver@725185cc : java.lang.Object at file:/D:/a/key/key/key.core/build/resources/main/de/uka/ilkd/key/proof/rules/javaRules.key:1456:15
	at de.uka.ilkd.key.nparser.builder.AbstractBuilder.accept(AbstractBuilder.java:54)
Caused by: com.github.javaparser.resolution.UnsolvedSymbolException: Unsolved symbol in de.uka.ilkd.key.java.JavaParserFactory$DynamicTypeSolver@725185cc : java.lang.Object
	at com.github.javaparser.resolution.TypeSolver.solveType(TypeSolver.java:71)

33081      ERROR Test worker     d.u.i.k.n.b.AbstractBuilder  com.github.javaparser.resolution.UnsolvedSymbolException: Unsolved symbol in de.uka.ilkd.key.java.JavaParserFactory$DynamicTypeSolver@725185cc : java.lang.Object
	at com.github.javaparser.resolution.TypeSolver.solveType(TypeSolver.java:71)

33081      ERROR Test worker     d.u.i.k.n.b.TacletPBuilder Error in parsing taclet. de.uka.ilkd.key.util.parsing.BuildingException: Unsolved symbol in de.uka.ilkd.key.java.JavaParserFactory$DynamicTypeSolver@725185cc : java.lang.Object at file:/D:/a/key/key/key.core/build/resources/main/de/uka/ilkd/key/proof/rules/javaRules.key:1467:20
	at de.uka.ilkd.key.nparser.builder.AbstractBuilder.accept(AbstractBuilder.java:54)
Caused by: com.github.javaparser.resolution.UnsolvedSymbolException: Unsolved symbol in de.uka.ilkd.key.java.JavaParserFactory$DynamicTypeSolver@725185cc : java.lang.Object
	at com.github.javaparser.resolution.TypeSolver.solveType(TypeSolver.java:71)

33081      ERROR Test worker     d.u.i.k.n.b.AbstractBuilder  com.github.javaparser.resolution.UnsolvedSymbolException: Unsolved symbol in de.uka.ilkd.key.java.JavaParserFactory$DynamicTypeSolver@725185cc : java.lang.Object
	at com.github.javaparser.resolution.TypeSolver.solveType(TypeSolver.java:71)

33081      ERROR Test worker     d.u.i.k.n.b.TacletPBuilder Error in parsing taclet. de.uka.ilkd.key.util.parsing.BuildingException: Unsolved symbol in de.uka.ilkd.key.java.JavaParserFactory$DynamicTypeSolver@725185cc : java.lang.Object at file:/D:/a/key/key/key.core/build/resources/main/de/uka/ilkd/key/proof/rules/javaRules.key:1481:20
	at de.uka.ilkd.key.nparser.builder.AbstractBuilder.accept(AbstractBuilder.java:54)
Caused by: com.github.javaparser.resolution.UnsolvedSymbolException: Unsolved symbol in de.uka.ilkd.key.java.JavaParserFactory$DynamicTypeSolver@725185cc : java.lang.Object
	at com.github.javaparser.resolution.TypeSolver.solveType(TypeSolver.java:71)

33097      ERROR Test worker     d.u.i.k.n.b.AbstractBuilder  com.github.javaparser.resolution.UnsolvedSymbolException: Unsolved symbol in de.uka.ilkd.key.java.JavaParserFactory$DynamicTypeSolver@725185cc : java.lang.Object
	at com.github.javaparser.resolution.TypeSolver.solveType(TypeSolver.java:71)

33097      ERROR Test worker     d.u.i.k.n.b.TacletPBuilder Error in parsing taclet. de.uka.ilkd.key.util.parsing.BuildingException: Unsolved symbol in de.uka.ilkd.key.java.JavaParserFactory$DynamicTypeSolver@725185cc : java.lang.Object at file:/D:/a/key/key/key.core/build/resources/main/de/uka/ilkd/key/proof/rules/javaRules.key:1493:20
	at de.uka.ilkd.key.nparser.builder.AbstractBuilder.accept(AbstractBuilder.java:54)
Caused by: com.github.javaparser.resolution.UnsolvedSymbolException: Unsolved symbol in de.uka.ilkd.key.java.JavaParserFactory$DynamicTypeSolver@725185cc : java.lang.Object
	at com.github.javaparser.resolution.TypeSolver.solveType(TypeSolver.java:71)

33097      ERROR Test worker     d.u.i.k.n.b.AbstractBuilder  com.github.javaparser.resolution.UnsolvedSymbolException: Unsolved symbol in de.uka.ilkd.key.java.JavaParserFactory$DynamicTypeSolver@725185cc : java.lang.Object
	at com.github.javaparser.resolution.TypeSolver.solveType(TypeSolver.java:71)

33097      ERROR Test worker     d.u.i.k.n.b.TacletPBuilder Error in parsing taclet. de.uka.ilkd.key.util.parsing.BuildingException: Unsolved symbol in de.uka.ilkd.key.java.JavaParserFactory$DynamicTypeSolver@725185cc : java.lang.Object at file:/D:/a/key/key/key.core/build/resources/main/de/uka/ilkd/key/proof/rules/javaRules.key:1505:15
	at de.uka.ilkd.key.nparser.builder.AbstractBuilder.accept(AbstractBuilder.java:54)
Caused by: com.github.javaparser.resolution.UnsolvedSymbolException: Unsolved symbol in de.uka.ilkd.key.java.JavaParserFactory$DynamicTypeSolver@725185cc : java.lang.Object
	at com.github.javaparser.resolution.TypeSolver.solveType(TypeSolver.java:71)

33097      ERROR Test worker     d.u.i.k.n.b.AbstractBuilder  com.github.javaparser.resolution.UnsolvedSymbolException: Unsolved symbol in de.uka.ilkd.key.java.JavaParserFactory$DynamicTypeSolver@725185cc : java.lang.Object
	at com.github.javaparser.resolution.TypeSolver.solveType(TypeSolver.java:71)

33097      ERROR Test worker     d.u.i.k.n.b.TacletPBuilder Error in parsing taclet. de.uka.ilkd.key.util.parsing.BuildingException: Unsolved symbol in de.uka.ilkd.key.java.JavaParserFactory$DynamicTypeSolver@725185cc : java.lang.Object at file:/D:/a/key/key/key.core/build/resources/main/de/uka/ilkd/key/proof/rules/javaRules.key:1516:15
	at de.uka.ilkd.key.nparser.builder.AbstractBuilder.accept(AbstractBuilder.java:54)
Caused by: com.github.javaparser.resolution.UnsolvedSymbolException: Unsolved symbol in de.uka.ilkd.key.java.JavaParserFactory$DynamicTypeSolver@725185cc : java.lang.Object
	at com.github.javaparser.resolution.TypeSolver.solveType(TypeSolver.java:71)

33097      ERROR Test worker     d.u.i.k.n.b.AbstractBuilder  com.github.javaparser.resolution.UnsolvedSymbolException: Unsolved symbol in de.uka.ilkd.key.java.JavaParserFactory$DynamicTypeSolver@725185cc : java.lang.Object
	at com.github.javaparser.resolution.TypeSolver.solveType(TypeSolver.java:71)

33097      ERROR Test worker     d.u.i.k.n.b.TacletPBuilder Error in parsing taclet. de.uka.ilkd.key.util.parsing.BuildingException: Unsolved symbol in de.uka.ilkd.key.java.JavaParserFactory$DynamicTypeSolver@725185cc : java.lang.Object at file:/D:/a/key/key/key.core/build/resources/main/de/uka/ilkd/key/proof/rules/javaRules.key:1539:15
	at de.uka.ilkd.key.nparser.builder.AbstractBuilder.accept(AbstractBuilder.java:54)
Caused by: com.github.javaparser.resolution.UnsolvedSymbolException: Unsolved symbol in de.uka.ilkd.key.java.JavaParserFactory$DynamicTypeSolver@725185cc : java.lang.Object
	at com.github.javaparser.resolution.TypeSolver.solveType(TypeSolver.java:71)

33097      ERROR Test worker     d.u.i.k.n.b.AbstractBuilder  com.github.javaparser.resolution.UnsolvedSymbolException: Unsolved symbol in de.uka.ilkd.key.java.JavaParserFactory$DynamicTypeSolver@725185cc : java.lang.Object
	at com.github.javaparser.resolution.TypeSolver.solveType(TypeSolver.java:71)

33097      ERROR Test worker     d.u.i.k.n.b.TacletPBuilder Error in parsing taclet. de.uka.ilkd.key.util.parsing.BuildingException: Unsolved symbol in de.uka.ilkd.key.java.JavaParserFactory$DynamicTypeSolver@725185cc : java.lang.Object at file:/D:/a/key/key/key.core/build/resources/main/de/uka/ilkd/key/proof/rules/javaRules.key:1546:15
	at de.uka.ilkd.key.nparser.builder.AbstractBuilder.accept(AbstractBuilder.java:54)
Caused by: com.github.javaparser.resolution.UnsolvedSymbolException: Unsolved symbol in de.uka.ilkd.key.java.JavaParserFactory$DynamicTypeSolver@725185cc : java.lang.Object
	at com.github.javaparser.resolution.TypeSolver.solveType(TypeSolver.java:71)

33097      ERROR Test worker     d.u.i.k.n.b.AbstractBuilder  com.github.javaparser.resolution.UnsolvedSymbolException: Unsolved symbol in de.uka.ilkd.key.java.JavaParserFactory$DynamicTypeSolver@725185cc : java.lang.Object
	at com.github.javaparser.resolution.TypeSolver.solveType(TypeSolver.java:71)

33097      ERROR Test worker     d.u.i.k.n.b.TacletPBuilder Error in parsing taclet. de.uka.ilkd.key.util.parsing.BuildingException: Unsolved symbol in de.uka.ilkd.key.java.JavaParserFactory$DynamicTypeSolver@725185cc : java.lang.Object at file:/D:/a/key/key/key.core/build/resources/main/de/uka/ilkd/key/proof/rules/javaRules.key:1554:15
	at de.uka.ilkd.key.nparser.builder.AbstractBuilder.accept(AbstractBuilder.java:54)
Caused by: com.github.javaparser.resolution.UnsolvedSymbolException: Unsolved symbol in de.uka.ilkd.key.java.JavaParserFactory$DynamicTypeSolver@725185cc : java.lang.Object
	at com.github.javaparser.resolution.TypeSolver.solveType(TypeSolver.java:71)

33097      ERROR Test worker     d.u.i.k.n.b.AbstractBuilder  com.github.javaparser.resolution.UnsolvedSymbolException: Unsolved symbol in de.uka.ilkd.key.java.JavaParserFactory$DynamicTypeSolver@725185cc : java.lang.Object
	at com.github.javaparser.resolution.TypeSolver.solveType(TypeSolver.java:71)

33097      ERROR Test worker     d.u.i.k.n.b.TacletPBuilder Error in parsing taclet. de.uka.ilkd.key.util.parsing.BuildingException: Unsolved symbol in de.uka.ilkd.key.java.JavaParserFactory$DynamicTypeSolver@725185cc : java.lang.Object at file:/D:/a/key/key/key.core/build/resources/main/de/uka/ilkd/key/proof/rules/javaRules.key:1566:15
	at de.uka.ilkd.key.nparser.builder.AbstractBuilder.accept(AbstractBuilder.java:54)
Caused by: com.github.javaparser.resolution.UnsolvedSymbolException: Unsolved symbol in de.uka.ilkd.key.java.JavaParserFactory$DynamicTypeSolver@725185cc : java.lang.Object
	at com.github.javaparser.resolution.TypeSolver.solveType(TypeSolver.java:71)

33097      ERROR Test worker     d.u.i.k.n.b.AbstractBuilder  com.github.javaparser.resolution.UnsolvedSymbolException: Unsolved symbol in de.uka.ilkd.key.java.JavaParserFactory$DynamicTypeSolver@725185cc : java.lang.Object
	at com.github.javaparser.resolution.TypeSolver.solveType(TypeSolver.java:71)

33097      ERROR Test worker     d.u.i.k.n.b.TacletPBuilder Error in parsing taclet. de.uka.ilkd.key.util.parsing.BuildingException: Unsolved symbol in de.uka.ilkd.key.java.JavaParserFactory$DynamicTypeSolver@725185cc : java.lang.Object at file:/D:/a/key/key/key.core/build/resources/main/de/uka/ilkd/key/proof/rules/javaRules.key:1575:15
	at de.uka.ilkd.key.nparser.builder.AbstractBuilder.accept(AbstractBuilder.java:54)
Caused by: com.github.javaparser.resolution.UnsolvedSymbolException: Unsolved symbol in de.uka.ilkd.key.java.JavaParserFactory$DynamicTypeSolver@725185cc : java.lang.Object
	at com.github.javaparser.resolution.TypeSolver.solveType(TypeSolver.java:71)

33112      ERROR Test worker     d.u.i.k.n.b.AbstractBuilder  com.github.javaparser.resolution.UnsolvedSymbolException: Unsolved symbol in de.uka.ilkd.key.java.JavaParserFactory$DynamicTypeSolver@725185cc : java.lang.Object
	at com.github.javaparser.resolution.TypeSolver.solveType(TypeSolver.java:71)

33112      ERROR Test worker     d.u.i.k.n.b.TacletPBuilder Error in parsing taclet. de.uka.ilkd.key.util.parsing.BuildingException: Unsolved symbol in de.uka.ilkd.key.java.JavaParserFactory$DynamicTypeSolver@725185cc : java.lang.Object at file:/D:/a/key/key/key.core/build/resources/main/de/uka/ilkd/key/proof/rules/javaRules.key:1583:15
	at de.uka.ilkd.key.nparser.builder.AbstractBuilder.accept(AbstractBuilder.java:54)
Caused by: com.github.javaparser.resolution.UnsolvedSymbolException: Unsolved symbol in de.uka.ilkd.key.java.JavaParserFactory$DynamicTypeSolver@725185cc : java.lang.Object
	at com.github.javaparser.resolution.TypeSolver.solveType(TypeSolver.java:71)

33112      ERROR Test worker     d.u.i.k.n.b.AbstractBuilder  com.github.javaparser.resolution.UnsolvedSymbolException: Unsolved symbol in de.uka.ilkd.key.java.JavaParserFactory$DynamicTypeSolver@725185cc : java.lang.Object
	at com.github.javaparser.resolution.TypeSolver.solveType(TypeSolver.java:71)

33112      ERROR Test worker     d.u.i.k.n.b.TacletPBuilder Error in parsing taclet. de.uka.ilkd.key.util.parsing.BuildingException: Unsolved symbol in de.uka.ilkd.key.java.JavaParserFactory$DynamicTypeSolver@725185cc : java.lang.Object at file:/D:/a/key/key/key.core/build/resources/main/de/uka/ilkd/key/proof/rules/javaRules.key:1591:15
	at de.uka.ilkd.key.nparser.builder.AbstractBuilder.accept(AbstractBuilder.java:54)
Caused by: com.github.javaparser.resolution.UnsolvedSymbolException: Unsolved symbol in de.uka.ilkd.key.java.JavaParserFactory$DynamicTypeSolver@725185cc : java.lang.Object
	at com.github.javaparser.resolution.TypeSolver.solveType(TypeSolver.java:71)

33112      ERROR Test worker     d.u.i.k.n.b.AbstractBuilder  com.github.javaparser.resolution.UnsolvedSymbolException: Unsolved symbol in de.uka.ilkd.key.java.JavaParserFactory$DynamicTypeSolver@725185cc : java.lang.Object
	at com.github.javaparser.resolution.TypeSolver.solveType(TypeSolver.java:71)

33112      ERROR Test worker     d.u.i.k.n.b.TacletPBuilder Error in parsing taclet. de.uka.ilkd.key.util.parsing.BuildingException: Unsolved symbol in de.uka.ilkd.key.java.JavaParserFactory$DynamicTypeSolver@725185cc : java.lang.Object at file:/D:/a/key/key/key.core/build/resources/main/de/uka/ilkd/key/proof/rules/javaRules.key:1599:15
	at de.uka.ilkd.key.nparser.builder.AbstractBuilder.accept(AbstractBuilder.java:54)
Caused by: com.github.javaparser.resolution.UnsolvedSymbolException: Unsolved symbol in de.uka.ilkd.key.java.JavaParserFactory$DynamicTypeSolver@725185cc : java.lang.Object
	at com.github.javaparser.resolution.TypeSolver.solveType(TypeSolver.java:71)

33112      ERROR Test worker     d.u.i.k.n.b.AbstractBuilder  com.github.javaparser.resolution.UnsolvedSymbolException: Unsolved symbol in de.uka.ilkd.key.java.JavaParserFactory$DynamicTypeSolver@725185cc : java.lang.Object
	at com.github.javaparser.resolution.TypeSolver.solveType(TypeSolver.java:71)

33112      ERROR Test worker     d.u.i.k.n.b.TacletPBuilder Error in parsing taclet. de.uka.ilkd.key.util.parsing.BuildingException: Unsolved symbol in de.uka.ilkd.key.java.JavaParserFactory$DynamicTypeSolver@725185cc : java.lang.Object at file:/D:/a/key/key/key.core/build/resources/main/de/uka/ilkd/key/proof/rules/javaRules.key:1607:15
	at de.uka.ilkd.key.nparser.builder.AbstractBuilder.accept(AbstractBuilder.java:54)
Caused by: com.github.javaparser.resolution.UnsolvedSymbolException: Unsolved symbol in de.uka.ilkd.key.java.JavaParserFactory$DynamicTypeSolver@725185cc : java.lang.Object
	at com.github.javaparser.resolution.TypeSolver.solveType(TypeSolver.java:71)

33112      ERROR Test worker     d.u.i.k.n.b.AbstractBuilder  com.github.javaparser.resolution.UnsolvedSymbolException: Unsolved symbol in de.uka.ilkd.key.java.JavaParserFactory$DynamicTypeSolver@725185cc : java.lang.Object
	at com.github.javaparser.resolution.TypeSolver.solveType(TypeSolver.java:71)

33112      ERROR Test worker     d.u.i.k.n.b.TacletPBuilder Error in parsing taclet. de.uka.ilkd.key.util.parsing.BuildingException: Unsolved symbol in de.uka.ilkd.key.java.JavaParserFactory$DynamicTypeSolver@725185cc : java.lang.Object at file:/D:/a/key/key/key.core/build/resources/main/de/uka/ilkd/key/proof/rules/javaRules.key:1615:15
	at de.uka.ilkd.key.nparser.builder.AbstractBuilder.accept(AbstractBuilder.java:54)
Caused by: com.github.javaparser.resolution.UnsolvedSymbolException: Unsolved symbol in de.uka.ilkd.key.java.JavaParserFactory$DynamicTypeSolver@725185cc : java.lang.Object
	at com.github.javaparser.resolution.TypeSolver.solveType(TypeSolver.java:71)

33112      ERROR Test worker     d.u.i.k.n.b.AbstractBuilder  com.github.javaparser.resolution.UnsolvedSymbolException: Unsolved symbol in de.uka.ilkd.key.java.JavaParserFactory$DynamicTypeSolver@725185cc : java.lang.Object
	at com.github.javaparser.resolution.TypeSolver.solveType(TypeSolver.java:71)

33112      ERROR Test worker     d.u.i.k.n.b.TacletPBuilder Error in parsing taclet. de.uka.ilkd.key.util.parsing.BuildingException: Unsolved symbol in de.uka.ilkd.key.java.JavaParserFactory$DynamicTypeSolver@725185cc : java.lang.Object at file:/D:/a/key/key/key.core/build/resources/main/de/uka/ilkd/key/proof/rules/javaRules.key:1623:15
	at de.uka.ilkd.key.nparser.builder.AbstractBuilder.accept(AbstractBuilder.java:54)
Caused by: com.github.javaparser.resolution.UnsolvedSymbolException: Unsolved symbol in de.uka.ilkd.key.java.JavaParserFactory$DynamicTypeSolver@725185cc : java.lang.Object
	at com.github.javaparser.resolution.TypeSolver.solveType(TypeSolver.java:71)

33112      ERROR Test worker     d.u.i.k.n.b.AbstractBuilder  com.github.javaparser.resolution.UnsolvedSymbolException: Unsolved symbol in de.uka.ilkd.key.java.JavaParserFactory$DynamicTypeSolver@725185cc : java.lang.Object
	at com.github.javaparser.resolution.TypeSolver.solveType(TypeSolver.java:71)

33112      ERROR Test worker     d.u.i.k.n.b.TacletPBuilder Error in parsing taclet. de.uka.ilkd.key.util.parsing.BuildingException: Unsolved symbol in de.uka.ilkd.key.java.JavaParserFactory$DynamicTypeSolver@725185cc : java.lang.Object at file:/D:/a/key/key/key.core/build/resources/main/de/uka/ilkd/key/proof/rules/javaRules.key:1631:15
	at de.uka.ilkd.key.nparser.builder.AbstractBuilder.accept(AbstractBuilder.java:54)
Caused by: com.github.javaparser.resolution.UnsolvedSymbolException: Unsolved symbol in de.uka.ilkd.key.java.JavaParserFactory$DynamicTypeSolver@725185cc : java.lang.Object
	at com.github.javaparser.resolution.TypeSolver.solveType(TypeSolver.java:71)

33112      ERROR Test worker     d.u.i.k.n.b.AbstractBuilder  com.github.javaparser.resolution.UnsolvedSymbolException: Unsolved symbol in de.uka.ilkd.key.java.JavaParserFactory$DynamicTypeSolver@725185cc : java.lang.Object
	at com.github.javaparser.resolution.TypeSolver.solveType(TypeSolver.java:71)

33112      ERROR Test worker     d.u.i.k.n.b.TacletPBuilder Error in parsing taclet. de.uka.ilkd.key.util.parsing.BuildingException: Unsolved symbol in de.uka.ilkd.key.java.JavaParserFactory$DynamicTypeSolver@725185cc : java.lang.Object at file:/D:/a/key/key/key.core/build/resources/main/de/uka/ilkd/key/proof/rules/javaRules.key:1639:15
	at de.uka.ilkd.key.nparser.builder.AbstractBuilder.accept(AbstractBuilder.java:54)
Caused by: com.github.javaparser.resolution.UnsolvedSymbolException: Unsolved symbol in de.uka.ilkd.key.java.JavaParserFactory$DynamicTypeSolver@725185cc : java.lang.Object
	at com.github.javaparser.resolution.TypeSolver.solveType(TypeSolver.java:71)

33128      ERROR Test worker     d.u.i.k.n.b.AbstractBuilder  com.github.javaparser.resolution.UnsolvedSymbolException: Unsolved symbol in de.uka.ilkd.key.java.JavaParserFactory$DynamicTypeSolver@725185cc : java.lang.Object
	at com.github.javaparser.resolution.TypeSolver.solveType(TypeSolver.java:71)

33128      ERROR Test worker     d.u.i.k.n.b.TacletPBuilder Error in parsing taclet. de.uka.ilkd.key.util.parsing.BuildingException: Unsolved symbol in de.uka.ilkd.key.java.JavaParserFactory$DynamicTypeSolver@725185cc : java.lang.Object at file:/D:/a/key/key/key.core/build/resources/main/de/uka/ilkd/key/proof/rules/javaRules.key:1647:15
	at de.uka.ilkd.key.nparser.builder.AbstractBuilder.accept(AbstractBuilder.java:54)
Caused by: com.github.javaparser.resolution.UnsolvedSymbolException: Unsolved symbol in de.uka.ilkd.key.java.JavaParserFactory$DynamicTypeSolver@725185cc : java.lang.Object
	at com.github.javaparser.resolution.TypeSolver.solveType(TypeSolver.java:71)

33128      ERROR Test worker     d.u.i.k.n.b.AbstractBuilder  com.github.javaparser.resolution.UnsolvedSymbolException: Unsolved symbol in de.uka.ilkd.key.java.JavaParserFactory$DynamicTypeSolver@725185cc : java.lang.Object
	at com.github.javaparser.resolution.TypeSolver.solveType(TypeSolver.java:71)

33128      ERROR Test worker     d.u.i.k.n.b.TacletPBuilder Error in parsing taclet. de.uka.ilkd.key.util.parsing.BuildingException: Unsolved symbol in de.uka.ilkd.key.java.JavaParserFactory$DynamicTypeSolver@725185cc : java.lang.Object at file:/D:/a/key/key/key.core/build/resources/main/de/uka/ilkd/key/proof/rules/javaRules.key:1655:15
	at de.uka.ilkd.key.nparser.builder.AbstractBuilder.accept(AbstractBuilder.java:54)
Caused by: com.github.javaparser.resolution.UnsolvedSymbolException: Unsolved symbol in de.uka.ilkd.key.java.JavaParserFactory$DynamicTypeSolver@725185cc : java.lang.Object
	at com.github.javaparser.resolution.TypeSolver.solveType(TypeSolver.java:71)

33128      ERROR Test worker     d.u.i.k.n.b.AbstractBuilder  com.github.javaparser.resolution.UnsolvedSymbolException: Unsolved symbol in de.uka.ilkd.key.java.JavaParserFactory$DynamicTypeSolver@725185cc : java.lang.Object
	at com.github.javaparser.resolution.TypeSolver.solveType(TypeSolver.java:71)

33128      ERROR Test worker     d.u.i.k.n.b.TacletPBuilder Error in parsing taclet. de.uka.ilkd.key.util.parsing.BuildingException: Unsolved symbol in de.uka.ilkd.key.java.JavaParserFactory$DynamicTypeSolver@725185cc : java.lang.Object at file:/D:/a/key/key/key.core/build/resources/main/de/uka/ilkd/key/proof/rules/javaRules.key:1667:15
	at de.uka.ilkd.key.nparser.builder.AbstractBuilder.accept(AbstractBuilder.java:54)
Caused by: com.github.javaparser.resolution.UnsolvedSymbolException: Unsolved symbol in de.uka.ilkd.key.java.JavaParserFactory$DynamicTypeSolver@725185cc : java.lang.Object
	at com.github.javaparser.resolution.TypeSolver.solveType(TypeSolver.java:71)

33128      ERROR Test worker     d.u.i.k.n.b.AbstractBuilder  com.github.javaparser.resolution.UnsolvedSymbolException: Unsolved symbol in de.uka.ilkd.key.java.JavaParserFactory$DynamicTypeSolver@725185cc : java.lang.Object
	at com.github.javaparser.resolution.TypeSolver.solveType(TypeSolver.java:71)

33128      ERROR Test worker     d.u.i.k.n.b.TacletPBuilder Error in parsing taclet. de.uka.ilkd.key.util.parsing.BuildingException: Unsolved symbol in de.uka.ilkd.key.java.JavaParserFactory$DynamicTypeSolver@725185cc : java.lang.Object at file:/D:/a/key/key/key.core/build/resources/main/de/uka/ilkd/key/proof/rules/javaRules.key:1675:15
	at de.uka.ilkd.key.nparser.builder.AbstractBuilder.accept(AbstractBuilder.java:54)
Caused by: com.github.javaparser.resolution.UnsolvedSymbolException: Unsolved symbol in de.uka.ilkd.key.java.JavaParserFactory$DynamicTypeSolver@725185cc : java.lang.Object
	at com.github.javaparser.resolution.TypeSolver.solveType(TypeSolver.java:71)

33128      ERROR Test worker     d.u.i.k.n.b.AbstractBuilder  com.github.javaparser.resolution.UnsolvedSymbolException: Unsolved symbol in de.uka.ilkd.key.java.JavaParserFactory$DynamicTypeSolver@725185cc : java.lang.Object
	at com.github.javaparser.resolution.TypeSolver.solveType(TypeSolver.java:71)

33128      ERROR Test worker     d.u.i.k.n.b.TacletPBuilder Error in parsing taclet. de.uka.ilkd.key.util.parsing.BuildingException: Unsolved symbol in de.uka.ilkd.key.java.JavaParserFactory$DynamicTypeSolver@725185cc : java.lang.Object at file:/D:/a/key/key/key.core/build/resources/main/de/uka/ilkd/key/proof/rules/javaRules.key:1683:15
	at de.uka.ilkd.key.nparser.builder.AbstractBuilder.accept(AbstractBuilder.java:54)
Caused by: com.github.javaparser.resolution.UnsolvedSymbolException: Unsolved symbol in de.uka.ilkd.key.java.JavaParserFactory$DynamicTypeSolver@725185cc : java.lang.Object
	at com.github.javaparser.resolution.TypeSolver.solveType(TypeSolver.java:71)

33128      ERROR Test worker     d.u.i.k.n.b.AbstractBuilder  com.github.javaparser.resolution.UnsolvedSymbolException: Unsolved symbol in de.uka.ilkd.key.java.JavaParserFactory$DynamicTypeSolver@725185cc : java.lang.Object
	at com.github.javaparser.resolution.TypeSolver.solveType(TypeSolver.java:71)

33128      ERROR Test worker     d.u.i.k.n.b.TacletPBuilder Error in parsing taclet. de.uka.ilkd.key.util.parsing.BuildingException: Unsolved symbol in de.uka.ilkd.key.java.JavaParserFactory$DynamicTypeSolver@725185cc : java.lang.Object at file:/D:/a/key/key/key.core/build/resources/main/de/uka/ilkd/key/proof/rules/javaRules.key:1691:15
	at de.uka.ilkd.key.nparser.builder.AbstractBuilder.accept(AbstractBuilder.java:54)
Caused by: com.github.javaparser.resolution.UnsolvedSymbolException: Unsolved symbol in de.uka.ilkd.key.java.JavaParserFactory$DynamicTypeSolver@725185cc : java.lang.Object
	at com.github.javaparser.resolution.TypeSolver.solveType(TypeSolver.java:71)

33128      ERROR Test worker     d.u.i.k.n.b.AbstractBuilder  com.github.javaparser.resolution.UnsolvedSymbolException: Unsolved symbol in de.uka.ilkd.key.java.JavaParserFactory$DynamicTypeSolver@725185cc : java.lang.Object
	at com.github.javaparser.resolution.TypeSolver.solveType(TypeSolver.java:71)

33128      ERROR Test worker     d.u.i.k.n.b.TacletPBuilder Error in parsing taclet. de.uka.ilkd.key.util.parsing.BuildingException: Unsolved symbol in de.uka.ilkd.key.java.JavaParserFactory$DynamicTypeSolver@725185cc : java.lang.Object at file:/D:/a/key/key/key.core/build/resources/main/de/uka/ilkd/key/proof/rules/javaRules.key:1703:15
	at de.uka.ilkd.key.nparser.builder.AbstractBuilder.accept(AbstractBuilder.java:54)
Caused by: com.github.javaparser.resolution.UnsolvedSymbolException: Unsolved symbol in de.uka.ilkd.key.java.JavaParserFactory$DynamicTypeSolver@725185cc : java.lang.Object
	at com.github.javaparser.resolution.TypeSolver.solveType(TypeSolver.java:71)

33128      ERROR Test worker     d.u.i.k.n.b.AbstractBuilder  com.github.javaparser.resolution.UnsolvedSymbolException: Unsolved symbol in de.uka.ilkd.key.java.JavaParserFactory$DynamicTypeSolver@725185cc : java.lang.Object
	at com.github.javaparser.resolution.TypeSolver.solveType(TypeSolver.java:71)

33128      ERROR Test worker     d.u.i.k.n.b.TacletPBuilder Error in parsing taclet. de.uka.ilkd.key.util.parsing.BuildingException: Unsolved symbol in de.uka.ilkd.key.java.JavaParserFactory$DynamicTypeSolver@725185cc : java.lang.Object at file:/D:/a/key/key/key.core/build/resources/main/de/uka/ilkd/key/proof/rules/javaRules.key:1710:15
	at de.uka.ilkd.key.nparser.builder.AbstractBuilder.accept(AbstractBuilder.java:54)
Caused by: com.github.javaparser.resolution.UnsolvedSymbolException: Unsolved symbol in de.uka.ilkd.key.java.JavaParserFactory$DynamicTypeSolver@725185cc : java.lang.Object
	at com.github.javaparser.resolution.TypeSolver.solveType(TypeSolver.java:71)

33128      ERROR Test worker     d.u.i.k.n.b.AbstractBuilder  com.github.javaparser.resolution.UnsolvedSymbolException: Unsolved symbol in de.uka.ilkd.key.java.JavaParserFactory$DynamicTypeSolver@725185cc : java.lang.Object
	at com.github.javaparser.resolution.TypeSolver.solveType(TypeSolver.java:71)

33128      ERROR Test worker     d.u.i.k.n.b.TacletPBuilder Error in parsing taclet. de.uka.ilkd.key.util.parsing.BuildingException: Unsolved symbol in de.uka.ilkd.key.java.JavaParserFactory$DynamicTypeSolver@725185cc : java.lang.Object at file:/D:/a/key/key/key.core/build/resources/main/de/uka/ilkd/key/proof/rules/javaRules.key:1718:15
	at de.uka.ilkd.key.nparser.builder.AbstractBuilder.accept(AbstractBuilder.java:54)
Caused by: com.github.javaparser.resolution.UnsolvedSymbolException: Unsolved symbol in de.uka.ilkd.key.java.JavaParserFactory$DynamicTypeSolver@725185cc : java.lang.Object
	at com.github.javaparser.resolution.TypeSolver.solveType(TypeSolver.java:71)

33143      ERROR Test worker     d.u.i.k.n.b.AbstractBuilder  com.github.javaparser.resolution.UnsolvedSymbolException: Unsolved symbol in de.uka.ilkd.key.java.JavaParserFactory$DynamicTypeSolver@725185cc : java.lang.Object
	at com.github.javaparser.resolution.TypeSolver.solveType(TypeSolver.java:71)

33143      ERROR Test worker     d.u.i.k.n.b.TacletPBuilder Error in parsing taclet. de.uka.ilkd.key.util.parsing.BuildingException: Unsolved symbol in de.uka.ilkd.key.java.JavaParserFactory$DynamicTypeSolver@725185cc : java.lang.Object at file:/D:/a/key/key/key.core/build/resources/main/de/uka/ilkd/key/proof/rules/javaRules.key:1724:15
	at de.uka.ilkd.key.nparser.builder.AbstractBuilder.accept(AbstractBuilder.java:54)
Caused by: com.github.javaparser.resolution.UnsolvedSymbolException: Unsolved symbol in de.uka.ilkd.key.java.JavaParserFactory$DynamicTypeSolver@725185cc : java.lang.Object
	at com.github.javaparser.resolution.TypeSolver.solveType(TypeSolver.java:71)

33143      ERROR Test worker     d.u.i.k.n.b.AbstractBuilder  com.github.javaparser.resolution.UnsolvedSymbolException: Unsolved symbol in de.uka.ilkd.key.java.JavaParserFactory$DynamicTypeSolver@725185cc : java.lang.Object
	at com.github.javaparser.resolution.TypeSolver.solveType(TypeSolver.java:71)

33143      ERROR Test worker     d.u.i.k.n.b.TacletPBuilder Error in parsing taclet. de.uka.ilkd.key.util.parsing.BuildingException: Unsolved symbol in de.uka.ilkd.key.java.JavaParserFactory$DynamicTypeSolver@725185cc : java.lang.Object at file:/D:/a/key/key/key.core/build/resources/main/de/uka/ilkd/key/proof/rules/javaRules.key:1731:15
	at de.uka.ilkd.key.nparser.builder.AbstractBuilder.accept(AbstractBuilder.java:54)
Caused by: com.github.javaparser.resolution.UnsolvedSymbolException: Unsolved symbol in de.uka.ilkd.key.java.JavaParserFactory$DynamicTypeSolver@725185cc : java.lang.Object
	at com.github.javaparser.resolution.TypeSolver.solveType(TypeSolver.java:71)

33143      ERROR Test worker     d.u.i.k.n.b.AbstractBuilder  com.github.javaparser.resolution.UnsolvedSymbolException: Unsolved symbol in de.uka.ilkd.key.java.JavaParserFactory$DynamicTypeSolver@725185cc : java.lang.Object
	at com.github.javaparser.resolution.TypeSolver.solveType(TypeSolver.java:71)

33143      ERROR Test worker     d.u.i.k.n.b.TacletPBuilder Error in parsing taclet. de.uka.ilkd.key.util.parsing.BuildingException: Unsolved symbol in de.uka.ilkd.key.java.JavaParserFactory$DynamicTypeSolver@725185cc : java.lang.Object at file:/D:/a/key/key/key.core/build/resources/main/de/uka/ilkd/key/proof/rules/javaRules.key:1738:15
	at de.uka.ilkd.key.nparser.builder.AbstractBuilder.accept(AbstractBuilder.java:54)
Caused by: com.github.javaparser.resolution.UnsolvedSymbolException: Unsolved symbol in de.uka.ilkd.key.java.JavaParserFactory$DynamicTypeSolver@725185cc : java.lang.Object
	at com.github.javaparser.resolution.TypeSolver.solveType(TypeSolver.java:71)

33143      ERROR Test worker     d.u.i.k.n.b.AbstractBuilder  com.github.javaparser.resolution.UnsolvedSymbolException: Unsolved symbol in de.uka.ilkd.key.java.JavaParserFactory$DynamicTypeSolver@725185cc : java.lang.Object
	at com.github.javaparser.resolution.TypeSolver.solveType(TypeSolver.java:71)

33143      ERROR Test worker     d.u.i.k.n.b.TacletPBuilder Error in parsing taclet. de.uka.ilkd.key.util.parsing.BuildingException: Unsolved symbol in de.uka.ilkd.key.java.JavaParserFactory$DynamicTypeSolver@725185cc : java.lang.Object at file:/D:/a/key/key/key.core/build/resources/main/de/uka/ilkd/key/proof/rules/javaRules.key:1744:15
	at de.uka.ilkd.key.nparser.builder.AbstractBuilder.accept(AbstractBuilder.java:54)
Caused by: com.github.javaparser.resolution.UnsolvedSymbolException: Unsolved symbol in de.uka.ilkd.key.java.JavaParserFactory$DynamicTypeSolver@725185cc : java.lang.Object
	at com.github.javaparser.resolution.TypeSolver.solveType(TypeSolver.java:71)

33143      ERROR Test worker     d.u.i.k.n.b.AbstractBuilder  com.github.javaparser.resolution.UnsolvedSymbolException: Unsolved symbol in de.uka.ilkd.key.java.JavaParserFactory$DynamicTypeSolver@725185cc : java.lang.Object
	at com.github.javaparser.resolution.TypeSolver.solveType(TypeSolver.java:71)

33143      ERROR Test worker     d.u.i.k.n.b.TacletPBuilder Error in parsing taclet. de.uka.ilkd.key.util.parsing.BuildingException: Unsolved symbol in de.uka.ilkd.key.java.JavaParserFactory$DynamicTypeSolver@725185cc : java.lang.Object at file:/D:/a/key/key/key.core/build/resources/main/de/uka/ilkd/key/proof/rules/javaRules.key:1751:15
	at de.uka.ilkd.key.nparser.builder.AbstractBuilder.accept(AbstractBuilder.java:54)
Caused by: com.github.javaparser.resolution.UnsolvedSymbolException: Unsolved symbol in de.uka.ilkd.key.java.JavaParserFactory$DynamicTypeSolver@725185cc : java.lang.Object
	at com.github.javaparser.resolution.TypeSolver.solveType(TypeSolver.java:71)

33143      ERROR Test worker     d.u.i.k.n.b.AbstractBuilder  com.github.javaparser.resolution.UnsolvedSymbolException: Unsolved symbol in de.uka.ilkd.key.java.JavaParserFactory$DynamicTypeSolver@725185cc : java.lang.Object
	at com.github.javaparser.resolution.TypeSolver.solveType(TypeSolver.java:71)

33143      ERROR Test worker     d.u.i.k.n.b.TacletPBuilder Error in parsing taclet. de.uka.ilkd.key.util.parsing.BuildingException: Unsolved symbol in de.uka.ilkd.key.java.JavaParserFactory$DynamicTypeSolver@725185cc : java.lang.Object at file:/D:/a/key/key/key.core/build/resources/main/de/uka/ilkd/key/proof/rules/javaRules.key:1759:15
	at de.uka.ilkd.key.nparser.builder.AbstractBuilder.accept(AbstractBuilder.java:54)
Caused by: com.github.javaparser.resolution.UnsolvedSymbolException: Unsolved symbol in de.uka.ilkd.key.java.JavaParserFactory$DynamicTypeSolver@725185cc : java.lang.Object
	at com.github.javaparser.resolution.TypeSolver.solveType(TypeSolver.java:71)

33143      ERROR Test worker     d.u.i.k.n.b.AbstractBuilder  com.github.javaparser.resolution.UnsolvedSymbolException: Unsolved symbol in de.uka.ilkd.key.java.JavaParserFactory$DynamicTypeSolver@725185cc : java.lang.Object
	at com.github.javaparser.resolution.TypeSolver.solveType(TypeSolver.java:71)

33143      ERROR Test worker     d.u.i.k.n.b.TacletPBuilder Error in parsing taclet. de.uka.ilkd.key.util.parsing.BuildingException: Unsolved symbol in de.uka.ilkd.key.java.JavaParserFactory$DynamicTypeSolver@725185cc : java.lang.Object at file:/D:/a/key/key/key.core/build/resources/main/de/uka/ilkd/key/proof/rules/javaRules.key:1765:15
	at de.uka.ilkd.key.nparser.builder.AbstractBuilder.accept(AbstractBuilder.java:54)
Caused by: com.github.javaparser.resolution.UnsolvedSymbolException: Unsolved symbol in de.uka.ilkd.key.java.JavaParserFactory$DynamicTypeSolver@725185cc : java.lang.Object
	at com.github.javaparser.resolution.TypeSolver.solveType(TypeSolver.java:71)

33143      ERROR Test worker     d.u.i.k.n.b.AbstractBuilder  com.github.javaparser.resolution.UnsolvedSymbolException: Unsolved symbol in de.uka.ilkd.key.java.JavaParserFactory$DynamicTypeSolver@725185cc : java.lang.Object
	at com.github.javaparser.resolution.TypeSolver.solveType(TypeSolver.java:71)

33143      ERROR Test worker     d.u.i.k.n.b.TacletPBuilder Error in parsing taclet. de.uka.ilkd.key.util.parsing.BuildingException: Unsolved symbol in de.uka.ilkd.key.java.JavaParserFactory$DynamicTypeSolver@725185cc : java.lang.Object at file:/D:/a/key/key/key.core/build/resources/main/de/uka/ilkd/key/proof/rules/javaRules.key:1772:15
	at de.uka.ilkd.key.nparser.builder.AbstractBuilder.accept(AbstractBuilder.java:54)
Caused by: com.github.javaparser.resolution.UnsolvedSymbolException: Unsolved symbol in de.uka.ilkd.key.java.JavaParserFactory$DynamicTypeSolver@725185cc : java.lang.Object
	at com.github.javaparser.resolution.TypeSolver.solveType(TypeSolver.java:71)

33159      ERROR Test worker     d.u.i.k.n.b.AbstractBuilder  com.github.javaparser.resolution.UnsolvedSymbolException: Unsolved symbol in de.uka.ilkd.key.java.JavaParserFactory$DynamicTypeSolver@725185cc : java.lang.Object
	at com.github.javaparser.resolution.TypeSolver.solveType(TypeSolver.java:71)

33159      ERROR Test worker     d.u.i.k.n.b.TacletPBuilder Error in parsing taclet. de.uka.ilkd.key.util.parsing.BuildingException: Unsolved symbol in de.uka.ilkd.key.java.JavaParserFactory$DynamicTypeSolver@725185cc : java.lang.Object at file:/D:/a/key/key/key.core/build/resources/main/de/uka/ilkd/key/proof/rules/javaRules.key:1780:15
	at de.uka.ilkd.key.nparser.builder.AbstractBuilder.accept(AbstractBuilder.java:54)
Caused by: com.github.javaparser.resolution.UnsolvedSymbolException: Unsolved symbol in de.uka.ilkd.key.java.JavaParserFactory$DynamicTypeSolver@725185cc : java.lang.Object
	at com.github.javaparser.resolution.TypeSolver.solveType(TypeSolver.java:71)

33159      ERROR Test worker     d.u.i.k.n.b.AbstractBuilder  com.github.javaparser.resolution.UnsolvedSymbolException: Unsolved symbol in de.uka.ilkd.key.java.JavaParserFactory$DynamicTypeSolver@725185cc : java.lang.Object
	at com.github.javaparser.resolution.TypeSolver.solveType(TypeSolver.java:71)

33159      ERROR Test worker     d.u.i.k.n.b.TacletPBuilder Error in parsing taclet. de.uka.ilkd.key.util.parsing.BuildingException: Unsolved symbol in de.uka.ilkd.key.java.JavaParserFactory$DynamicTypeSolver@725185cc : java.lang.Object at file:/D:/a/key/key/key.core/build/resources/main/de/uka/ilkd/key/proof/rules/javaRules.key:1786:15
	at de.uka.ilkd.key.nparser.builder.AbstractBuilder.accept(AbstractBuilder.java:54)
Caused by: com.github.javaparser.resolution.UnsolvedSymbolException: Unsolved symbol in de.uka.ilkd.key.java.JavaParserFactory$DynamicTypeSolver@725185cc : java.lang.Object
	at com.github.javaparser.resolution.TypeSolver.solveType(TypeSolver.java:71)

33159      ERROR Test worker     d.u.i.k.n.b.AbstractBuilder  com.github.javaparser.resolution.UnsolvedSymbolException: Unsolved symbol in de.uka.ilkd.key.java.JavaParserFactory$DynamicTypeSolver@725185cc : java.lang.Object
	at com.github.javaparser.resolution.TypeSolver.solveType(TypeSolver.java:71)

33159      ERROR Test worker     d.u.i.k.n.b.TacletPBuilder Error in parsing taclet. de.uka.ilkd.key.util.parsing.BuildingException: Unsolved symbol in de.uka.ilkd.key.java.JavaParserFactory$DynamicTypeSolver@725185cc : java.lang.Object at file:/D:/a/key/key/key.core/build/resources/main/de/uka/ilkd/key/proof/rules/javaRules.key:1793:15
	at de.uka.ilkd.key.nparser.builder.AbstractBuilder.accept(AbstractBuilder.java:54)
Caused by: com.github.javaparser.resolution.UnsolvedSymbolException: Unsolved symbol in de.uka.ilkd.key.java.JavaParserFactory$DynamicTypeSolver@725185cc : java.lang.Object
	at com.github.javaparser.resolution.TypeSolver.solveType(TypeSolver.java:71)

33159      ERROR Test worker     d.u.i.k.n.b.AbstractBuilder  com.github.javaparser.resolution.UnsolvedSymbolException: Unsolved symbol in de.uka.ilkd.key.java.JavaParserFactory$DynamicTypeSolver@725185cc : java.lang.Object
	at com.github.javaparser.resolution.TypeSolver.solveType(TypeSolver.java:71)

33159      ERROR Test worker     d.u.i.k.n.b.TacletPBuilder Error in parsing taclet. de.uka.ilkd.key.util.parsing.BuildingException: Unsolved symbol in de.uka.ilkd.key.java.JavaParserFactory$DynamicTypeSolver@725185cc : java.lang.Object at file:/D:/a/key/key/key.core/build/resources/main/de/uka/ilkd/key/proof/rules/javaRules.key:1801:15
	at de.uka.ilkd.key.nparser.builder.AbstractBuilder.accept(AbstractBuilder.java:54)
Caused by: com.github.javaparser.resolution.UnsolvedSymbolException: Unsolved symbol in de.uka.ilkd.key.java.JavaParserFactory$DynamicTypeSolver@725185cc : java.lang.Object
	at com.github.javaparser.resolution.TypeSolver.solveType(TypeSolver.java:71)

33159      ERROR Test worker     d.u.i.k.n.b.AbstractBuilder  com.github.javaparser.resolution.UnsolvedSymbolException: Unsolved symbol in de.uka.ilkd.key.java.JavaParserFactory$DynamicTypeSolver@725185cc : java.lang.Object
	at com.github.javaparser.resolution.TypeSolver.solveType(TypeSolver.java:71)

33159      ERROR Test worker     d.u.i.k.n.b.TacletPBuilder Error in parsing taclet. de.uka.ilkd.key.util.parsing.BuildingException: Unsolved symbol in de.uka.ilkd.key.java.JavaParserFactory$DynamicTypeSolver@725185cc : java.lang.Object at file:/D:/a/key/key/key.core/build/resources/main/de/uka/ilkd/key/proof/rules/javaRules.key:1807:15
	at de.uka.ilkd.key.nparser.builder.AbstractBuilder.accept(AbstractBuilder.java:54)
Caused by: com.github.javaparser.resolution.UnsolvedSymbolException: Unsolved symbol in de.uka.ilkd.key.java.JavaParserFactory$DynamicTypeSolver@725185cc : java.lang.Object
	at com.github.javaparser.resolution.TypeSolver.solveType(TypeSolver.java:71)

33159      ERROR Test worker     d.u.i.k.n.b.AbstractBuilder  com.github.javaparser.resolution.UnsolvedSymbolException: Unsolved symbol in de.uka.ilkd.key.java.JavaParserFactory$DynamicTypeSolver@725185cc : java.lang.Object
	at com.github.javaparser.resolution.TypeSolver.solveType(TypeSolver.java:71)

33159      ERROR Test worker     d.u.i.k.n.b.TacletPBuilder Error in parsing taclet. de.uka.ilkd.key.util.parsing.BuildingException: Unsolved symbol in de.uka.ilkd.key.java.JavaParserFactory$DynamicTypeSolver@725185cc : java.lang.Object at file:/D:/a/key/key/key.core/build/resources/main/de/uka/ilkd/key/proof/rules/javaRules.key:1814:15
	at de.uka.ilkd.key.nparser.builder.AbstractBuilder.accept(AbstractBuilder.java:54)
Caused by: com.github.javaparser.resolution.UnsolvedSymbolException: Unsolved symbol in de.uka.ilkd.key.java.JavaParserFactory$DynamicTypeSolver@725185cc : java.lang.Object
	at com.github.javaparser.resolution.TypeSolver.solveType(TypeSolver.java:71)

33159      ERROR Test worker     d.u.i.k.n.b.AbstractBuilder  com.github.javaparser.resolution.UnsolvedSymbolException: Unsolved symbol in de.uka.ilkd.key.java.JavaParserFactory$DynamicTypeSolver@725185cc : java.lang.Object
	at com.github.javaparser.resolution.TypeSolver.solveType(TypeSolver.java:71)

33159      ERROR Test worker     d.u.i.k.n.b.TacletPBuilder Error in parsing taclet. de.uka.ilkd.key.util.parsing.BuildingException: Unsolved symbol in de.uka.ilkd.key.java.JavaParserFactory$DynamicTypeSolver@725185cc : java.lang.Object at file:/D:/a/key/key/key.core/build/resources/main/de/uka/ilkd/key/proof/rules/javaRules.key:1822:15
	at de.uka.ilkd.key.nparser.builder.AbstractBuilder.accept(AbstractBuilder.java:54)
Caused by: com.github.javaparser.resolution.UnsolvedSymbolException: Unsolved symbol in de.uka.ilkd.key.java.JavaParserFactory$DynamicTypeSolver@725185cc : java.lang.Object
	at com.github.javaparser.resolution.TypeSolver.solveType(TypeSolver.java:71)

33159      ERROR Test worker     d.u.i.k.n.b.AbstractBuilder  com.github.javaparser.resolution.UnsolvedSymbolException: Unsolved symbol in de.uka.ilkd.key.java.JavaParserFactory$DynamicTypeSolver@725185cc : java.lang.Object
	at com.github.javaparser.resolution.TypeSolver.solveType(TypeSolver.java:71)

33159      ERROR Test worker     d.u.i.k.n.b.TacletPBuilder Error in parsing taclet. de.uka.ilkd.key.util.parsing.BuildingException: Unsolved symbol in de.uka.ilkd.key.java.JavaParserFactory$DynamicTypeSolver@725185cc : java.lang.Object at file:/D:/a/key/key/key.core/build/resources/main/de/uka/ilkd/key/proof/rules/javaRules.key:1828:15
	at de.uka.ilkd.key.nparser.builder.AbstractBuilder.accept(AbstractBuilder.java:54)
Caused by: com.github.javaparser.resolution.UnsolvedSymbolException: Unsolved symbol in de.uka.ilkd.key.java.JavaParserFactory$DynamicTypeSolver@725185cc : java.lang.Object
	at com.github.javaparser.resolution.TypeSolver.solveType(TypeSolver.java:71)

33159      ERROR Test worker     d.u.i.k.n.b.AbstractBuilder  com.github.javaparser.resolution.UnsolvedSymbolException: Unsolved symbol in de.uka.ilkd.key.java.JavaParserFactory$DynamicTypeSolver@725185cc : java.lang.Object
	at com.github.javaparser.resolution.TypeSolver.solveType(TypeSolver.java:71)

33159      ERROR Test worker     d.u.i.k.n.b.TacletPBuilder Error in parsing taclet. de.uka.ilkd.key.util.parsing.BuildingException: Unsolved symbol in de.uka.ilkd.key.java.JavaParserFactory$DynamicTypeSolver@725185cc : java.lang.Object at file:/D:/a/key/key/key.core/build/resources/main/de/uka/ilkd/key/proof/rules/javaRules.key:1835:15
	at de.uka.ilkd.key.nparser.builder.AbstractBuilder.accept(AbstractBuilder.java:54)
Caused by: com.github.javaparser.resolution.UnsolvedSymbolException: Unsolved symbol in de.uka.ilkd.key.java.JavaParserFactory$DynamicTypeSolver@725185cc : java.lang.Object
	at com.github.javaparser.resolution.TypeSolver.solveType(TypeSolver.java:71)

33175      ERROR Test worker     d.u.i.k.n.b.AbstractBuilder  com.github.javaparser.resolution.UnsolvedSymbolException: Unsolved symbol in de.uka.ilkd.key.java.JavaParserFactory$DynamicTypeSolver@725185cc : java.lang.Object
	at com.github.javaparser.resolution.TypeSolver.solveType(TypeSolver.java:71)

33175      ERROR Test worker     d.u.i.k.n.b.TacletPBuilder Error in parsing taclet. de.uka.ilkd.key.util.parsing.BuildingException: Unsolved symbol in de.uka.ilkd.key.java.JavaParserFactory$DynamicTypeSolver@725185cc : java.lang.Object at file:/D:/a/key/key/key.core/build/resources/main/de/uka/ilkd/key/proof/rules/javaRules.key:1843:15
	at de.uka.ilkd.key.nparser.builder.AbstractBuilder.accept(AbstractBuilder.java:54)
Caused by: com.github.javaparser.resolution.UnsolvedSymbolException: Unsolved symbol in de.uka.ilkd.key.java.JavaParserFactory$DynamicTypeSolver@725185cc : java.lang.Object
	at com.github.javaparser.resolution.TypeSolver.solveType(TypeSolver.java:71)

33175      ERROR Test worker     d.u.i.k.n.b.AbstractBuilder  com.github.javaparser.resolution.UnsolvedSymbolException: Unsolved symbol in de.uka.ilkd.key.java.JavaParserFactory$DynamicTypeSolver@725185cc : java.lang.Object
	at com.github.javaparser.resolution.TypeSolver.solveType(TypeSolver.java:71)

33175      ERROR Test worker     d.u.i.k.n.b.TacletPBuilder Error in parsing taclet. de.uka.ilkd.key.util.parsing.BuildingException: Unsolved symbol in de.uka.ilkd.key.java.JavaParserFactory$DynamicTypeSolver@725185cc : java.lang.Object at file:/D:/a/key/key/key.core/build/resources/main/de/uka/ilkd/key/proof/rules/javaRules.key:1849:15
	at de.uka.ilkd.key.nparser.builder.AbstractBuilder.accept(AbstractBuilder.java:54)
Caused by: com.github.javaparser.resolution.UnsolvedSymbolException: Unsolved symbol in de.uka.ilkd.key.java.JavaParserFactory$DynamicTypeSolver@725185cc : java.lang.Object
	at com.github.javaparser.resolution.TypeSolver.solveType(TypeSolver.java:71)

33175      ERROR Test worker     d.u.i.k.n.b.AbstractBuilder  com.github.javaparser.resolution.UnsolvedSymbolException: Unsolved symbol in de.uka.ilkd.key.java.JavaParserFactory$DynamicTypeSolver@725185cc : java.lang.Object
	at com.github.javaparser.resolution.TypeSolver.solveType(TypeSolver.java:71)

33175      ERROR Test worker     d.u.i.k.n.b.TacletPBuilder Error in parsing taclet. de.uka.ilkd.key.util.parsing.BuildingException: Unsolved symbol in de.uka.ilkd.key.java.JavaParserFactory$DynamicTypeSolver@725185cc : java.lang.Object at file:/D:/a/key/key/key.core/build/resources/main/de/uka/ilkd/key/proof/rules/javaRules.key:1856:15
	at de.uka.ilkd.key.nparser.builder.AbstractBuilder.accept(AbstractBuilder.java:54)
Caused by: com.github.javaparser.resolution.UnsolvedSymbolException: Unsolved symbol in de.uka.ilkd.key.java.JavaParserFactory$DynamicTypeSolver@725185cc : java.lang.Object
	at com.github.javaparser.resolution.TypeSolver.solveType(TypeSolver.java:71)

33175      ERROR Test worker     d.u.i.k.n.b.AbstractBuilder  com.github.javaparser.resolution.UnsolvedSymbolException: Unsolved symbol in de.uka.ilkd.key.java.JavaParserFactory$DynamicTypeSolver@725185cc : java.lang.Object
	at com.github.javaparser.resolution.TypeSolver.solveType(TypeSolver.java:71)

33175      ERROR Test worker     d.u.i.k.n.b.TacletPBuilder Error in parsing taclet. de.uka.ilkd.key.util.parsing.BuildingException: Unsolved symbol in de.uka.ilkd.key.java.JavaParserFactory$DynamicTypeSolver@725185cc : java.lang.Object at file:/D:/a/key/key/key.core/build/resources/main/de/uka/ilkd/key/proof/rules/javaRules.key:1864:15
	at de.uka.ilkd.key.nparser.builder.AbstractBuilder.accept(AbstractBuilder.java:54)
Caused by: com.github.javaparser.resolution.UnsolvedSymbolException: Unsolved symbol in de.uka.ilkd.key.java.JavaParserFactory$DynamicTypeSolver@725185cc : java.lang.Object
	at com.github.javaparser.resolution.TypeSolver.solveType(TypeSolver.java:71)

33175      ERROR Test worker     d.u.i.k.n.b.AbstractBuilder  com.github.javaparser.resolution.UnsolvedSymbolException: Unsolved symbol in de.uka.ilkd.key.java.JavaParserFactory$DynamicTypeSolver@725185cc : java.lang.Object
	at com.github.javaparser.resolution.TypeSolver.solveType(TypeSolver.java:71)

33175      ERROR Test worker     d.u.i.k.n.b.TacletPBuilder Error in parsing taclet. de.uka.ilkd.key.util.parsing.BuildingException: Unsolved symbol in de.uka.ilkd.key.java.JavaParserFactory$DynamicTypeSolver@725185cc : java.lang.Object at file:/D:/a/key/key/key.core/build/resources/main/de/uka/ilkd/key/proof/rules/javaRules.key:1870:15
	at de.uka.ilkd.key.nparser.builder.AbstractBuilder.accept(AbstractBuilder.java:54)
Caused by: com.github.javaparser.resolution.UnsolvedSymbolException: Unsolved symbol in de.uka.ilkd.key.java.JavaParserFactory$DynamicTypeSolver@725185cc : java.lang.Object
	at com.github.javaparser.resolution.TypeSolver.solveType(TypeSolver.java:71)

33175      ERROR Test worker     d.u.i.k.n.b.AbstractBuilder  com.github.javaparser.resolution.UnsolvedSymbolException: Unsolved symbol in de.uka.ilkd.key.java.JavaParserFactory$DynamicTypeSolver@725185cc : java.lang.Object
	at com.github.javaparser.resolution.TypeSolver.solveType(TypeSolver.java:71)

33175      ERROR Test worker     d.u.i.k.n.b.TacletPBuilder Error in parsing taclet. de.uka.ilkd.key.util.parsing.BuildingException: Unsolved symbol in de.uka.ilkd.key.java.JavaParserFactory$DynamicTypeSolver@725185cc : java.lang.Object at file:/D:/a/key/key/key.core/build/resources/main/de/uka/ilkd/key/proof/rules/javaRules.key:1877:15
	at de.uka.ilkd.key.nparser.builder.AbstractBuilder.accept(AbstractBuilder.java:54)
Caused by: com.github.javaparser.resolution.UnsolvedSymbolException: Unsolved symbol in de.uka.ilkd.key.java.JavaParserFactory$DynamicTypeSolver@725185cc : java.lang.Object
	at com.github.javaparser.resolution.TypeSolver.solveType(TypeSolver.java:71)

33175      ERROR Test worker     d.u.i.k.n.b.AbstractBuilder  com.github.javaparser.resolution.UnsolvedSymbolException: Unsolved symbol in de.uka.ilkd.key.java.JavaParserFactory$DynamicTypeSolver@725185cc : java.lang.Object
	at com.github.javaparser.resolution.TypeSolver.solveType(TypeSolver.java:71)

33175      ERROR Test worker     d.u.i.k.n.b.TacletPBuilder Error in parsing taclet. de.uka.ilkd.key.util.parsing.BuildingException: Unsolved symbol in de.uka.ilkd.key.java.JavaParserFactory$DynamicTypeSolver@725185cc : java.lang.Object at file:/D:/a/key/key/key.core/build/resources/main/de/uka/ilkd/key/proof/rules/javaRules.key:1885:15
	at de.uka.ilkd.key.nparser.builder.AbstractBuilder.accept(AbstractBuilder.java:54)
Caused by: com.github.javaparser.resolution.UnsolvedSymbolException: Unsolved symbol in de.uka.ilkd.key.java.JavaParserFactory$DynamicTypeSolver@725185cc : java.lang.Object
	at com.github.javaparser.resolution.TypeSolver.solveType(TypeSolver.java:71)

33175      ERROR Test worker     d.u.i.k.n.b.AbstractBuilder  com.github.javaparser.resolution.UnsolvedSymbolException: Unsolved symbol in de.uka.ilkd.key.java.JavaParserFactory$DynamicTypeSolver@725185cc : java.lang.Object
	at com.github.javaparser.resolution.TypeSolver.solveType(TypeSolver.java:71)

33175      ERROR Test worker     d.u.i.k.n.b.TacletPBuilder Error in parsing taclet. de.uka.ilkd.key.util.parsing.BuildingException: Unsolved symbol in de.uka.ilkd.key.java.JavaParserFactory$DynamicTypeSolver@725185cc : java.lang.Object at file:/D:/a/key/key/key.core/build/resources/main/de/uka/ilkd/key/proof/rules/javaRules.key:1891:15
	at de.uka.ilkd.key.nparser.builder.AbstractBuilder.accept(AbstractBuilder.java:54)
Caused by: com.github.javaparser.resolution.UnsolvedSymbolException: Unsolved symbol in de.uka.ilkd.key.java.JavaParserFactory$DynamicTypeSolver@725185cc : java.lang.Object
	at com.github.javaparser.resolution.TypeSolver.solveType(TypeSolver.java:71)

33175      ERROR Test worker     d.u.i.k.n.b.AbstractBuilder  com.github.javaparser.resolution.UnsolvedSymbolException: Unsolved symbol in de.uka.ilkd.key.java.JavaParserFactory$DynamicTypeSolver@725185cc : java.lang.Object
	at com.github.javaparser.resolution.TypeSolver.solveType(TypeSolver.java:71)

33190      ERROR Test worker     d.u.i.k.n.b.TacletPBuilder Error in parsing taclet. de.uka.ilkd.key.util.parsing.BuildingException: Unsolved symbol in de.uka.ilkd.key.java.JavaParserFactory$DynamicTypeSolver@725185cc : java.lang.Object at file:/D:/a/key/key/key.core/build/resources/main/de/uka/ilkd/key/proof/rules/javaRules.key:1898:15
	at de.uka.ilkd.key.nparser.builder.AbstractBuilder.accept(AbstractBuilder.java:54)
Caused by: com.github.javaparser.resolution.UnsolvedSymbolException: Unsolved symbol in de.uka.ilkd.key.java.JavaParserFactory$DynamicTypeSolver@725185cc : java.lang.Object
	at com.github.javaparser.resolution.TypeSolver.solveType(TypeSolver.java:71)

33190      ERROR Test worker     d.u.i.k.n.b.AbstractBuilder  com.github.javaparser.resolution.UnsolvedSymbolException: Unsolved symbol in de.uka.ilkd.key.java.JavaParserFactory$DynamicTypeSolver@725185cc : java.lang.Object
	at com.github.javaparser.resolution.TypeSolver.solveType(TypeSolver.java:71)

33190      ERROR Test worker     d.u.i.k.n.b.TacletPBuilder Error in parsing taclet. de.uka.ilkd.key.util.parsing.BuildingException: Unsolved symbol in de.uka.ilkd.key.java.JavaParserFactory$DynamicTypeSolver@725185cc : java.lang.Object at file:/D:/a/key/key/key.core/build/resources/main/de/uka/ilkd/key/proof/rules/javaRules.key:1906:15
	at de.uka.ilkd.key.nparser.builder.AbstractBuilder.accept(AbstractBuilder.java:54)
Caused by: com.github.javaparser.resolution.UnsolvedSymbolException: Unsolved symbol in de.uka.ilkd.key.java.JavaParserFactory$DynamicTypeSolver@725185cc : java.lang.Object
	at com.github.javaparser.resolution.TypeSolver.solveType(TypeSolver.java:71)

33190      ERROR Test worker     d.u.i.k.n.b.AbstractBuilder  com.github.javaparser.resolution.UnsolvedSymbolException: Unsolved symbol in de.uka.ilkd.key.java.JavaParserFactory$DynamicTypeSolver@725185cc : java.lang.Object
	at com.github.javaparser.resolution.TypeSolver.solveType(TypeSolver.java:71)

33190      ERROR Test worker     d.u.i.k.n.b.TacletPBuilder Error in parsing taclet. de.uka.ilkd.key.util.parsing.BuildingException: Unsolved symbol in de.uka.ilkd.key.java.JavaParserFactory$DynamicTypeSolver@725185cc : java.lang.Object at file:/D:/a/key/key/key.core/build/resources/main/de/uka/ilkd/key/proof/rules/javaRules.key:1912:15
	at de.uka.ilkd.key.nparser.builder.AbstractBuilder.accept(AbstractBuilder.java:54)
Caused by: com.github.javaparser.resolution.UnsolvedSymbolException: Unsolved symbol in de.uka.ilkd.key.java.JavaParserFactory$DynamicTypeSolver@725185cc : java.lang.Object
	at com.github.javaparser.resolution.TypeSolver.solveType(TypeSolver.java:71)

33190      ERROR Test worker     d.u.i.k.n.b.AbstractBuilder  com.github.javaparser.resolution.UnsolvedSymbolException: Unsolved symbol in de.uka.ilkd.key.java.JavaParserFactory$DynamicTypeSolver@725185cc : java.lang.Object
	at com.github.javaparser.resolution.TypeSolver.solveType(TypeSolver.java:71)

33190      ERROR Test worker     d.u.i.k.n.b.TacletPBuilder Error in parsing taclet. de.uka.ilkd.key.util.parsing.BuildingException: Unsolved symbol in de.uka.ilkd.key.java.JavaParserFactory$DynamicTypeSolver@725185cc : java.lang.Object at file:/D:/a/key/key/key.core/build/resources/main/de/uka/ilkd/key/proof/rules/javaRules.key:1919:15
	at de.uka.ilkd.key.nparser.builder.AbstractBuilder.accept(AbstractBuilder.java:54)
Caused by: com.github.javaparser.resolution.UnsolvedSymbolException: Unsolved symbol in de.uka.ilkd.key.java.JavaParserFactory$DynamicTypeSolver@725185cc : java.lang.Object
	at com.github.javaparser.resolution.TypeSolver.solveType(TypeSolver.java:71)

33378      ERROR Test worker     d.u.i.k.n.b.AbstractBuilder  com.github.javaparser.resolution.UnsolvedSymbolException: Unsolved symbol in de.uka.ilkd.key.java.JavaParserFactory$DynamicTypeSolver@725185cc : java.lang.Object
	at com.github.javaparser.resolution.TypeSolver.solveType(TypeSolver.java:71)

33378      ERROR Test worker     d.u.i.k.n.b.TacletPBuilder Error in parsing taclet. de.uka.ilkd.key.util.parsing.BuildingException: Unsolved symbol in de.uka.ilkd.key.java.JavaParserFactory$DynamicTypeSolver@725185cc : java.lang.Object at file:/D:/a/key/key/key.core/build/resources/main/de/uka/ilkd/key/proof/rules/javaRules.key:1927:15
	at de.uka.ilkd.key.nparser.builder.AbstractBuilder.accept(AbstractBuilder.java:54)
Caused by: com.github.javaparser.resolution.UnsolvedSymbolException: Unsolved symbol in de.uka.ilkd.key.java.JavaParserFactory$DynamicTypeSolver@725185cc : java.lang.Object
	at com.github.javaparser.resolution.TypeSolver.solveType(TypeSolver.java:71)

33378      ERROR Test worker     d.u.i.k.n.b.AbstractBuilder  com.github.javaparser.resolution.UnsolvedSymbolException: Unsolved symbol in de.uka.ilkd.key.java.JavaParserFactory$DynamicTypeSolver@725185cc : java.lang.Object
	at com.github.javaparser.resolution.TypeSolver.solveType(TypeSolver.java:71)

33378      ERROR Test worker     d.u.i.k.n.b.TacletPBuilder Error in parsing taclet. de.uka.ilkd.key.util.parsing.BuildingException: Unsolved symbol in de.uka.ilkd.key.java.JavaParserFactory$DynamicTypeSolver@725185cc : java.lang.Object at file:/D:/a/key/key/key.core/build/resources/main/de/uka/ilkd/key/proof/rules/javaRules.key:1937:15
	at de.uka.ilkd.key.nparser.builder.AbstractBuilder.accept(AbstractBuilder.java:54)
Caused by: com.github.javaparser.resolution.UnsolvedSymbolException: Unsolved symbol in de.uka.ilkd.key.java.JavaParserFactory$DynamicTypeSolver@725185cc : java.lang.Object
	at com.github.javaparser.resolution.TypeSolver.solveType(TypeSolver.java:71)

33378      ERROR Test worker     d.u.i.k.n.b.AbstractBuilder  com.github.javaparser.resolution.UnsolvedSymbolException: Unsolved symbol in de.uka.ilkd.key.java.JavaParserFactory$DynamicTypeSolver@725185cc : java.lang.Object
	at com.github.javaparser.resolution.TypeSolver.solveType(TypeSolver.java:71)

33378      ERROR Test worker     d.u.i.k.n.b.TacletPBuilder Error in parsing taclet. de.uka.ilkd.key.util.parsing.BuildingException: Unsolved symbol in de.uka.ilkd.key.java.JavaParserFactory$DynamicTypeSolver@725185cc : java.lang.Object at file:/D:/a/key/key/key.core/build/resources/main/de/uka/ilkd/key/proof/rules/javaRules.key:1949:15
	at de.uka.ilkd.key.nparser.builder.AbstractBuilder.accept(AbstractBuilder.java:54)
Caused by: com.github.javaparser.resolution.UnsolvedSymbolException: Unsolved symbol in de.uka.ilkd.key.java.JavaParserFactory$DynamicTypeSolver@725185cc : java.lang.Object
	at com.github.javaparser.resolution.TypeSolver.solveType(TypeSolver.java:71)

33378      ERROR Test worker     d.u.i.k.n.b.AbstractBuilder  com.github.javaparser.resolution.UnsolvedSymbolException: Unsolved symbol in de.uka.ilkd.key.java.JavaParserFactory$DynamicTypeSolver@725185cc : java.lang.Object
	at com.github.javaparser.resolution.TypeSolver.solveType(TypeSolver.java:71)

33378      ERROR Test worker     d.u.i.k.n.b.TacletPBuilder Error in parsing taclet. de.uka.ilkd.key.util.parsing.BuildingException: Unsolved symbol in de.uka.ilkd.key.java.JavaParserFactory$DynamicTypeSolver@725185cc : java.lang.Object at file:/D:/a/key/key/key.core/build/resources/main/de/uka/ilkd/key/proof/rules/javaRules.key:1959:15
	at de.uka.ilkd.key.nparser.builder.AbstractBuilder.accept(AbstractBuilder.java:54)
Caused by: com.github.javaparser.resolution.UnsolvedSymbolException: Unsolved symbol in de.uka.ilkd.key.java.JavaParserFactory$DynamicTypeSolver@725185cc : java.lang.Object
	at com.github.javaparser.resolution.TypeSolver.solveType(TypeSolver.java:71)

33378      ERROR Test worker     d.u.i.k.n.b.AbstractBuilder  com.github.javaparser.resolution.UnsolvedSymbolException: Unsolved symbol in de.uka.ilkd.key.java.JavaParserFactory$DynamicTypeSolver@725185cc : java.lang.Object
	at com.github.javaparser.resolution.TypeSolver.solveType(TypeSolver.java:71)

33378      ERROR Test worker     d.u.i.k.n.b.TacletPBuilder Error in parsing taclet. de.uka.ilkd.key.util.parsing.BuildingException: Unsolved symbol in de.uka.ilkd.key.java.JavaParserFactory$DynamicTypeSolver@725185cc : java.lang.Object at file:/D:/a/key/key/key.core/build/resources/main/de/uka/ilkd/key/proof/rules/javaRules.key:1966:15
	at de.uka.ilkd.key.nparser.builder.AbstractBuilder.accept(AbstractBuilder.java:54)
Caused by: com.github.javaparser.resolution.UnsolvedSymbolException: Unsolved symbol in de.uka.ilkd.key.java.JavaParserFactory$DynamicTypeSolver@725185cc : java.lang.Object
	at com.github.javaparser.resolution.TypeSolver.solveType(TypeSolver.java:71)

33378      ERROR Test worker     d.u.i.k.n.b.AbstractBuilder  com.github.javaparser.resolution.UnsolvedSymbolException: Unsolved symbol in de.uka.ilkd.key.java.JavaParserFactory$DynamicTypeSolver@725185cc : java.lang.Object
	at com.github.javaparser.resolution.TypeSolver.solveType(TypeSolver.java:71)

33378      ERROR Test worker     d.u.i.k.n.b.TacletPBuilder Error in parsing taclet. de.uka.ilkd.key.util.parsing.BuildingException: Unsolved symbol in de.uka.ilkd.key.java.JavaParserFactory$DynamicTypeSolver@725185cc : java.lang.Object at file:/D:/a/key/key/key.core/build/resources/main/de/uka/ilkd/key/proof/rules/javaRules.key:1978:15
	at de.uka.ilkd.key.nparser.builder.AbstractBuilder.accept(AbstractBuilder.java:54)
Caused by: com.github.javaparser.resolution.UnsolvedSymbolException: Unsolved symbol in de.uka.ilkd.key.java.JavaParserFactory$DynamicTypeSolver@725185cc : java.lang.Object
	at com.github.javaparser.resolution.TypeSolver.solveType(TypeSolver.java:71)

33378      ERROR Test worker     d.u.i.k.n.b.AbstractBuilder  com.github.javaparser.resolution.UnsolvedSymbolException: Unsolved symbol in de.uka.ilkd.key.java.JavaParserFactory$DynamicTypeSolver@725185cc : java.lang.Object
	at com.github.javaparser.resolution.TypeSolver.solveType(TypeSolver.java:71)

33378      ERROR Test worker     d.u.i.k.n.b.TacletPBuilder Error in parsing taclet. de.uka.ilkd.key.util.parsing.BuildingException: Unsolved symbol in de.uka.ilkd.key.java.JavaParserFactory$DynamicTypeSolver@725185cc : java.lang.Object at file:/D:/a/key/key/key.core/build/resources/main/de/uka/ilkd/key/proof/rules/javaRules.key:1988:15
	at de.uka.ilkd.key.nparser.builder.AbstractBuilder.accept(AbstractBuilder.java:54)
Caused by: com.github.javaparser.resolution.UnsolvedSymbolException: Unsolved symbol in de.uka.ilkd.key.java.JavaParserFactory$DynamicTypeSolver@725185cc : java.lang.Object
	at com.github.javaparser.resolution.TypeSolver.solveType(TypeSolver.java:71)

33393      ERROR Test worker     d.u.i.k.n.b.AbstractBuilder  com.github.javaparser.resolution.UnsolvedSymbolException: Unsolved symbol in de.uka.ilkd.key.java.JavaParserFactory$DynamicTypeSolver@725185cc : java.lang.Object
	at com.github.javaparser.resolution.TypeSolver.solveType(TypeSolver.java:71)

33393      ERROR Test worker     d.u.i.k.n.b.TacletPBuilder Error in parsing taclet. de.uka.ilkd.key.util.parsing.BuildingException: Unsolved symbol in de.uka.ilkd.key.java.JavaParserFactory$DynamicTypeSolver@725185cc : java.lang.Object at file:/D:/a/key/key/key.core/build/resources/main/de/uka/ilkd/key/proof/rules/javaRules.key:1995:15
	at de.uka.ilkd.key.nparser.builder.AbstractBuilder.accept(AbstractBuilder.java:54)
Caused by: com.github.javaparser.resolution.UnsolvedSymbolException: Unsolved symbol in de.uka.ilkd.key.java.JavaParserFactory$DynamicTypeSolver@725185cc : java.lang.Object
	at com.github.javaparser.resolution.TypeSolver.solveType(TypeSolver.java:71)

33393      ERROR Test worker     d.u.i.k.n.b.AbstractBuilder  com.github.javaparser.resolution.UnsolvedSymbolException: Unsolved symbol in de.uka.ilkd.key.java.JavaParserFactory$DynamicTypeSolver@725185cc : java.lang.Object
	at com.github.javaparser.resolution.TypeSolver.solveType(TypeSolver.java:71)

33393      ERROR Test worker     d.u.i.k.n.b.TacletPBuilder Error in parsing taclet. de.uka.ilkd.key.util.parsing.BuildingException: Unsolved symbol in de.uka.ilkd.key.java.JavaParserFactory$DynamicTypeSolver@725185cc : java.lang.Object at file:/D:/a/key/key/key.core/build/resources/main/de/uka/ilkd/key/proof/rules/javaRules.key:2007:15
	at de.uka.ilkd.key.nparser.builder.AbstractBuilder.accept(AbstractBuilder.java:54)
Caused by: com.github.javaparser.resolution.UnsolvedSymbolException: Unsolved symbol in de.uka.ilkd.key.java.JavaParserFactory$DynamicTypeSolver@725185cc : java.lang.Object
	at com.github.javaparser.resolution.TypeSolver.solveType(TypeSolver.java:71)

33393      ERROR Test worker     d.u.i.k.n.b.AbstractBuilder  com.github.javaparser.resolution.UnsolvedSymbolException: Unsolved symbol in de.uka.ilkd.key.java.JavaParserFactory$DynamicTypeSolver@725185cc : java.lang.Object
	at com.github.javaparser.resolution.TypeSolver.solveType(TypeSolver.java:71)

33393      ERROR Test worker     d.u.i.k.n.b.TacletPBuilder Error in parsing taclet. de.uka.ilkd.key.util.parsing.BuildingException: Unsolved symbol in de.uka.ilkd.key.java.JavaParserFactory$DynamicTypeSolver@725185cc : java.lang.Object at file:/D:/a/key/key/key.core/build/resources/main/de/uka/ilkd/key/proof/rules/javaRules.key:2017:15
	at de.uka.ilkd.key.nparser.builder.AbstractBuilder.accept(AbstractBuilder.java:54)
Caused by: com.github.javaparser.resolution.UnsolvedSymbolException: Unsolved symbol in de.uka.ilkd.key.java.JavaParserFactory$DynamicTypeSolver@725185cc : java.lang.Object
	at com.github.javaparser.resolution.TypeSolver.solveType(TypeSolver.java:71)

33393      ERROR Test worker     d.u.i.k.n.b.AbstractBuilder  com.github.javaparser.resolution.UnsolvedSymbolException: Unsolved symbol in de.uka.ilkd.key.java.JavaParserFactory$DynamicTypeSolver@725185cc : java.lang.Object
	at com.github.javaparser.resolution.TypeSolver.solveType(TypeSolver.java:71)

33393      ERROR Test worker     d.u.i.k.n.b.TacletPBuilder Error in parsing taclet. de.uka.ilkd.key.util.parsing.BuildingException: Unsolved symbol in de.uka.ilkd.key.java.JavaParserFactory$DynamicTypeSolver@725185cc : java.lang.Object at file:/D:/a/key/key/key.core/build/resources/main/de/uka/ilkd/key/proof/rules/javaRules.key:2024:15
	at de.uka.ilkd.key.nparser.builder.AbstractBuilder.accept(AbstractBuilder.java:54)
Caused by: com.github.javaparser.resolution.UnsolvedSymbolException: Unsolved symbol in de.uka.ilkd.key.java.JavaParserFactory$DynamicTypeSolver@725185cc : java.lang.Object
	at com.github.javaparser.resolution.TypeSolver.solveType(TypeSolver.java:71)

33393      ERROR Test worker     d.u.i.k.n.b.AbstractBuilder  com.github.javaparser.resolution.UnsolvedSymbolException: Unsolved symbol in de.uka.ilkd.key.java.JavaParserFactory$DynamicTypeSolver@725185cc : java.lang.Object
	at com.github.javaparser.resolution.TypeSolver.solveType(TypeSolver.java:71)

33393      ERROR Test worker     d.u.i.k.n.b.TacletPBuilder Error in parsing taclet. de.uka.ilkd.key.util.parsing.BuildingException: Unsolved symbol in de.uka.ilkd.key.java.JavaParserFactory$DynamicTypeSolver@725185cc : java.lang.Object at file:/D:/a/key/key/key.core/build/resources/main/de/uka/ilkd/key/proof/rules/javaRules.key:2036:15
	at de.uka.ilkd.key.nparser.builder.AbstractBuilder.accept(AbstractBuilder.java:54)
Caused by: com.github.javaparser.resolution.UnsolvedSymbolException: Unsolved symbol in de.uka.ilkd.key.java.JavaParserFactory$DynamicTypeSolver@725185cc : java.lang.Object
	at com.github.javaparser.resolution.TypeSolver.solveType(TypeSolver.java:71)

33393      ERROR Test worker     d.u.i.k.n.b.AbstractBuilder  com.github.javaparser.resolution.UnsolvedSymbolException: Unsolved symbol in de.uka.ilkd.key.java.JavaParserFactory$DynamicTypeSolver@725185cc : java.lang.Object
	at com.github.javaparser.resolution.TypeSolver.solveType(TypeSolver.java:71)

33393      ERROR Test worker     d.u.i.k.n.b.TacletPBuilder Error in parsing taclet. de.uka.ilkd.key.util.parsing.BuildingException: Unsolved symbol in de.uka.ilkd.key.java.JavaParserFactory$DynamicTypeSolver@725185cc : java.lang.Object at file:/D:/a/key/key/key.core/build/resources/main/de/uka/ilkd/key/proof/rules/javaRules.key:2046:15
	at de.uka.ilkd.key.nparser.builder.AbstractBuilder.accept(AbstractBuilder.java:54)
Caused by: com.github.javaparser.resolution.UnsolvedSymbolException: Unsolved symbol in de.uka.ilkd.key.java.JavaParserFactory$DynamicTypeSolver@725185cc : java.lang.Object
	at com.github.javaparser.resolution.TypeSolver.solveType(TypeSolver.java:71)

33393      ERROR Test worker     d.u.i.k.n.b.AbstractBuilder  com.github.javaparser.resolution.UnsolvedSymbolException: Unsolved symbol in de.uka.ilkd.key.java.JavaParserFactory$DynamicTypeSolver@725185cc : java.lang.Object
	at com.github.javaparser.resolution.TypeSolver.solveType(TypeSolver.java:71)

33393      ERROR Test worker     d.u.i.k.n.b.TacletPBuilder Error in parsing taclet. de.uka.ilkd.key.util.parsing.BuildingException: Unsolved symbol in de.uka.ilkd.key.java.JavaParserFactory$DynamicTypeSolver@725185cc : java.lang.Object at file:/D:/a/key/key/key.core/build/resources/main/de/uka/ilkd/key/proof/rules/javaRules.key:2053:15
	at de.uka.ilkd.key.nparser.builder.AbstractBuilder.accept(AbstractBuilder.java:54)
Caused by: com.github.javaparser.resolution.UnsolvedSymbolException: Unsolved symbol in de.uka.ilkd.key.java.JavaParserFactory$DynamicTypeSolver@725185cc : java.lang.Object
	at com.github.javaparser.resolution.TypeSolver.solveType(TypeSolver.java:71)

33409      ERROR Test worker     d.u.i.k.n.b.AbstractBuilder  com.github.javaparser.resolution.UnsolvedSymbolException: Unsolved symbol in de.uka.ilkd.key.java.JavaParserFactory$DynamicTypeSolver@725185cc : java.lang.Object
	at com.github.javaparser.resolution.TypeSolver.solveType(TypeSolver.java:71)

33409      ERROR Test worker     d.u.i.k.n.b.TacletPBuilder Error in parsing taclet. de.uka.ilkd.key.util.parsing.BuildingException: Unsolved symbol in de.uka.ilkd.key.java.JavaParserFactory$DynamicTypeSolver@725185cc : java.lang.Object at file:/D:/a/key/key/key.core/build/resources/main/de/uka/ilkd/key/proof/rules/javaRules.key:2065:15
	at de.uka.ilkd.key.nparser.builder.AbstractBuilder.accept(AbstractBuilder.java:54)
Caused by: com.github.javaparser.resolution.UnsolvedSymbolException: Unsolved symbol in de.uka.ilkd.key.java.JavaParserFactory$DynamicTypeSolver@725185cc : java.lang.Object
	at com.github.javaparser.resolution.TypeSolver.solveType(TypeSolver.java:71)

33409      ERROR Test worker     d.u.i.k.n.b.AbstractBuilder  com.github.javaparser.resolution.UnsolvedSymbolException: Unsolved symbol in de.uka.ilkd.key.java.JavaParserFactory$DynamicTypeSolver@725185cc : java.lang.Object
	at com.github.javaparser.resolution.TypeSolver.solveType(TypeSolver.java:71)

33409      ERROR Test worker     d.u.i.k.n.b.TacletPBuilder Error in parsing taclet. de.uka.ilkd.key.util.parsing.BuildingException: Unsolved symbol in de.uka.ilkd.key.java.JavaParserFactory$DynamicTypeSolver@725185cc : java.lang.Object at file:/D:/a/key/key/key.core/build/resources/main/de/uka/ilkd/key/proof/rules/javaRules.key:2075:15
	at de.uka.ilkd.key.nparser.builder.AbstractBuilder.accept(AbstractBuilder.java:54)
Caused by: com.github.javaparser.resolution.UnsolvedSymbolException: Unsolved symbol in de.uka.ilkd.key.java.JavaParserFactory$DynamicTypeSolver@725185cc : java.lang.Object
	at com.github.javaparser.resolution.TypeSolver.solveType(TypeSolver.java:71)

33409      ERROR Test worker     d.u.i.k.n.b.AbstractBuilder  com.github.javaparser.resolution.UnsolvedSymbolException: Unsolved symbol in de.uka.ilkd.key.java.JavaParserFactory$DynamicTypeSolver@725185cc : java.lang.Object
	at com.github.javaparser.resolution.TypeSolver.solveType(TypeSolver.java:71)

33409      ERROR Test worker     d.u.i.k.n.b.TacletPBuilder Error in parsing taclet. de.uka.ilkd.key.util.parsing.BuildingException: Unsolved symbol in de.uka.ilkd.key.java.JavaParserFactory$DynamicTypeSolver@725185cc : java.lang.Object at file:/D:/a/key/key/key.core/build/resources/main/de/uka/ilkd/key/proof/rules/javaRules.key:2082:15
	at de.uka.ilkd.key.nparser.builder.AbstractBuilder.accept(AbstractBuilder.java:54)
Caused by: com.github.javaparser.resolution.UnsolvedSymbolException: Unsolved symbol in de.uka.ilkd.key.java.JavaParserFactory$DynamicTypeSolver@725185cc : java.lang.Object
	at com.github.javaparser.resolution.TypeSolver.solveType(TypeSolver.java:71)

33425      ERROR Test worker     d.u.i.k.n.b.AbstractBuilder  com.github.javaparser.resolution.UnsolvedSymbolException: Unsolved symbol in de.uka.ilkd.key.java.JavaParserFactory$DynamicTypeSolver@725185cc : java.lang.Object
	at com.github.javaparser.resolution.TypeSolver.solveType(TypeSolver.java:71)

33425      ERROR Test worker     d.u.i.k.n.b.TacletPBuilder Error in parsing taclet. de.uka.ilkd.key.util.parsing.BuildingException: Unsolved symbol in de.uka.ilkd.key.java.JavaParserFactory$DynamicTypeSolver@725185cc : java.lang.Object at file:/D:/a/key/key/key.core/build/resources/main/de/uka/ilkd/key/proof/rules/javaRules.key:2094:15
	at de.uka.ilkd.key.nparser.builder.AbstractBuilder.accept(AbstractBuilder.java:54)
Caused by: com.github.javaparser.resolution.UnsolvedSymbolException: Unsolved symbol in de.uka.ilkd.key.java.JavaParserFactory$DynamicTypeSolver@725185cc : java.lang.Object
	at com.github.javaparser.resolution.TypeSolver.solveType(TypeSolver.java:71)

33425      ERROR Test worker     d.u.i.k.n.b.AbstractBuilder  com.github.javaparser.resolution.UnsolvedSymbolException: Unsolved symbol in de.uka.ilkd.key.java.JavaParserFactory$DynamicTypeSolver@725185cc : java.lang.Object
	at com.github.javaparser.resolution.TypeSolver.solveType(TypeSolver.java:71)

33425      ERROR Test worker     d.u.i.k.n.b.TacletPBuilder Error in parsing taclet. de.uka.ilkd.key.util.parsing.BuildingException: Unsolved symbol in de.uka.ilkd.key.java.JavaParserFactory$DynamicTypeSolver@725185cc : java.lang.Object at file:/D:/a/key/key/key.core/build/resources/main/de/uka/ilkd/key/proof/rules/javaRules.key:2104:15
	at de.uka.ilkd.key.nparser.builder.AbstractBuilder.accept(AbstractBuilder.java:54)
Caused by: com.github.javaparser.resolution.UnsolvedSymbolException: Unsolved symbol in de.uka.ilkd.key.java.JavaParserFactory$DynamicTypeSolver@725185cc : java.lang.Object
	at com.github.javaparser.resolution.TypeSolver.solveType(TypeSolver.java:71)

33425      ERROR Test worker     d.u.i.k.n.b.AbstractBuilder  com.github.javaparser.resolution.UnsolvedSymbolException: Unsolved symbol in de.uka.ilkd.key.java.JavaParserFactory$DynamicTypeSolver@725185cc : java.lang.Object
	at com.github.javaparser.resolution.TypeSolver.solveType(TypeSolver.java:71)

33425      ERROR Test worker     d.u.i.k.n.b.TacletPBuilder Error in parsing taclet. de.uka.ilkd.key.util.parsing.BuildingException: Unsolved symbol in de.uka.ilkd.key.java.JavaParserFactory$DynamicTypeSolver@725185cc : java.lang.Object at file:/D:/a/key/key/key.core/build/resources/main/de/uka/ilkd/key/proof/rules/javaRules.key:2111:15
	at de.uka.ilkd.key.nparser.builder.AbstractBuilder.accept(AbstractBuilder.java:54)
Caused by: com.github.javaparser.resolution.UnsolvedSymbolException: Unsolved symbol in de.uka.ilkd.key.java.JavaParserFactory$DynamicTypeSolver@725185cc : java.lang.Object
	at com.github.javaparser.resolution.TypeSolver.solveType(TypeSolver.java:71)

33425      ERROR Test worker     d.u.i.k.n.b.AbstractBuilder  com.github.javaparser.resolution.UnsolvedSymbolException: Unsolved symbol in de.uka.ilkd.key.java.JavaParserFactory$DynamicTypeSolver@725185cc : java.lang.Object
	at com.github.javaparser.resolution.TypeSolver.solveType(TypeSolver.java:71)

33425      ERROR Test worker     d.u.i.k.n.b.TacletPBuilder Error in parsing taclet. de.uka.ilkd.key.util.parsing.BuildingException: Unsolved symbol in de.uka.ilkd.key.java.JavaParserFactory$DynamicTypeSolver@725185cc : java.lang.Object at file:/D:/a/key/key/key.core/build/resources/main/de/uka/ilkd/key/proof/rules/javaRules.key:2123:15
	at de.uka.ilkd.key.nparser.builder.AbstractBuilder.accept(AbstractBuilder.java:54)
Caused by: com.github.javaparser.resolution.UnsolvedSymbolException: Unsolved symbol in de.uka.ilkd.key.java.JavaParserFactory$DynamicTypeSolver@725185cc : java.lang.Object
	at com.github.javaparser.resolution.TypeSolver.solveType(TypeSolver.java:71)

33425      ERROR Test worker     d.u.i.k.n.b.AbstractBuilder  com.github.javaparser.resolution.UnsolvedSymbolException: Unsolved symbol in de.uka.ilkd.key.java.JavaParserFactory$DynamicTypeSolver@725185cc : java.lang.Object
	at com.github.javaparser.resolution.TypeSolver.solveType(TypeSolver.java:71)

33425      ERROR Test worker     d.u.i.k.n.b.TacletPBuilder Error in parsing taclet. de.uka.ilkd.key.util.parsing.BuildingException: Unsolved symbol in de.uka.ilkd.key.java.JavaParserFactory$DynamicTypeSolver@725185cc : java.lang.Object at file:/D:/a/key/key/key.core/build/resources/main/de/uka/ilkd/key/proof/rules/javaRules.key:2133:15
	at de.uka.ilkd.key.nparser.builder.AbstractBuilder.accept(AbstractBuilder.java:54)
Caused by: com.github.javaparser.resolution.UnsolvedSymbolException: Unsolved symbol in de.uka.ilkd.key.java.JavaParserFactory$DynamicTypeSolver@725185cc : java.lang.Object
	at com.github.javaparser.resolution.TypeSolver.solveType(TypeSolver.java:71)

33425      ERROR Test worker     d.u.i.k.n.b.AbstractBuilder  com.github.javaparser.resolution.UnsolvedSymbolException: Unsolved symbol in de.uka.ilkd.key.java.JavaParserFactory$DynamicTypeSolver@725185cc : java.lang.Object
	at com.github.javaparser.resolution.TypeSolver.solveType(TypeSolver.java:71)

33425      ERROR Test worker     d.u.i.k.n.b.TacletPBuilder Error in parsing taclet. de.uka.ilkd.key.util.parsing.BuildingException: Unsolved symbol in de.uka.ilkd.key.java.JavaParserFactory$DynamicTypeSolver@725185cc : java.lang.Object at file:/D:/a/key/key/key.core/build/resources/main/de/uka/ilkd/key/proof/rules/javaRules.key:2140:15
	at de.uka.ilkd.key.nparser.builder.AbstractBuilder.accept(AbstractBuilder.java:54)
Caused by: com.github.javaparser.resolution.UnsolvedSymbolException: Unsolved symbol in de.uka.ilkd.key.java.JavaParserFactory$DynamicTypeSolver@725185cc : java.lang.Object
	at com.github.javaparser.resolution.TypeSolver.solveType(TypeSolver.java:71)

33425      ERROR Test worker     d.u.i.k.n.b.AbstractBuilder  com.github.javaparser.resolution.UnsolvedSymbolException: Unsolved symbol in de.uka.ilkd.key.java.JavaParserFactory$DynamicTypeSolver@725185cc : java.lang.Object
	at com.github.javaparser.resolution.TypeSolver.solveType(TypeSolver.java:71)

33440      ERROR Test worker     d.u.i.k.n.b.TacletPBuilder Error in parsing taclet. de.uka.ilkd.key.util.parsing.BuildingException: Unsolved symbol in de.uka.ilkd.key.java.JavaParserFactory$DynamicTypeSolver@725185cc : java.lang.Object at file:/D:/a/key/key/key.core/build/resources/main/de/uka/ilkd/key/proof/rules/javaRules.key:2152:15
	at de.uka.ilkd.key.nparser.builder.AbstractBuilder.accept(AbstractBuilder.java:54)
Caused by: com.github.javaparser.resolution.UnsolvedSymbolException: Unsolved symbol in de.uka.ilkd.key.java.JavaParserFactory$DynamicTypeSolver@725185cc : java.lang.Object
	at com.github.javaparser.resolution.TypeSolver.solveType(TypeSolver.java:71)

33441      ERROR Test worker     d.u.i.k.n.b.AbstractBuilder  com.github.javaparser.resolution.UnsolvedSymbolException: Unsolved symbol in de.uka.ilkd.key.java.JavaParserFactory$DynamicTypeSolver@725185cc : java.lang.Object
	at com.github.javaparser.resolution.TypeSolver.solveType(TypeSolver.java:71)

33441      ERROR Test worker     d.u.i.k.n.b.TacletPBuilder Error in parsing taclet. de.uka.ilkd.key.util.parsing.BuildingException: Unsolved symbol in de.uka.ilkd.key.java.JavaParserFactory$DynamicTypeSolver@725185cc : java.lang.Object at file:/D:/a/key/key/key.core/build/resources/main/de/uka/ilkd/key/proof/rules/javaRules.key:2162:15
	at de.uka.ilkd.key.nparser.builder.AbstractBuilder.accept(AbstractBuilder.java:54)
Caused by: com.github.javaparser.resolution.UnsolvedSymbolException: Unsolved symbol in de.uka.ilkd.key.java.JavaParserFactory$DynamicTypeSolver@725185cc : java.lang.Object
	at com.github.javaparser.resolution.TypeSolver.solveType(TypeSolver.java:71)

33441      ERROR Test worker     d.u.i.k.n.b.AbstractBuilder  com.github.javaparser.resolution.UnsolvedSymbolException: Unsolved symbol in de.uka.ilkd.key.java.JavaParserFactory$DynamicTypeSolver@725185cc : java.lang.Object
	at com.github.javaparser.resolution.TypeSolver.solveType(TypeSolver.java:71)

33441      ERROR Test worker     d.u.i.k.n.b.TacletPBuilder Error in parsing taclet. de.uka.ilkd.key.util.parsing.BuildingException: Unsolved symbol in de.uka.ilkd.key.java.JavaParserFactory$DynamicTypeSolver@725185cc : java.lang.Object at file:/D:/a/key/key/key.core/build/resources/main/de/uka/ilkd/key/proof/rules/javaRules.key:2169:15
	at de.uka.ilkd.key.nparser.builder.AbstractBuilder.accept(AbstractBuilder.java:54)
Caused by: com.github.javaparser.resolution.UnsolvedSymbolException: Unsolved symbol in de.uka.ilkd.key.java.JavaParserFactory$DynamicTypeSolver@725185cc : java.lang.Object
	at com.github.javaparser.resolution.TypeSolver.solveType(TypeSolver.java:71)

33441      ERROR Test worker     d.u.i.k.n.b.AbstractBuilder  com.github.javaparser.resolution.UnsolvedSymbolException: Unsolved symbol in de.uka.ilkd.key.java.JavaParserFactory$DynamicTypeSolver@725185cc : java.lang.Object
	at com.github.javaparser.resolution.TypeSolver.solveType(TypeSolver.java:71)

33441      ERROR Test worker     d.u.i.k.n.b.TacletPBuilder Error in parsing taclet. de.uka.ilkd.key.util.parsing.BuildingException: Unsolved symbol in de.uka.ilkd.key.java.JavaParserFactory$DynamicTypeSolver@725185cc : java.lang.Object at file:/D:/a/key/key/key.core/build/resources/main/de/uka/ilkd/key/proof/rules/javaRules.key:2181:15
	at de.uka.ilkd.key.nparser.builder.AbstractBuilder.accept(AbstractBuilder.java:54)
Caused by: com.github.javaparser.resolution.UnsolvedSymbolException: Unsolved symbol in de.uka.ilkd.key.java.JavaParserFactory$DynamicTypeSolver@725185cc : java.lang.Object
	at com.github.javaparser.resolution.TypeSolver.solveType(TypeSolver.java:71)

33441      ERROR Test worker     d.u.i.k.n.b.AbstractBuilder  com.github.javaparser.resolution.UnsolvedSymbolException: Unsolved symbol in de.uka.ilkd.key.java.JavaParserFactory$DynamicTypeSolver@725185cc : java.lang.Object
	at com.github.javaparser.resolution.TypeSolver.solveType(TypeSolver.java:71)

33441      ERROR Test worker     d.u.i.k.n.b.TacletPBuilder Error in parsing taclet. de.uka.ilkd.key.util.parsing.BuildingException: Unsolved symbol in de.uka.ilkd.key.java.JavaParserFactory$DynamicTypeSolver@725185cc : java.lang.Object at file:/D:/a/key/key/key.core/build/resources/main/de/uka/ilkd/key/proof/rules/javaRules.key:2191:15
	at de.uka.ilkd.key.nparser.builder.AbstractBuilder.accept(AbstractBuilder.java:54)
Caused by: com.github.javaparser.resolution.UnsolvedSymbolException: Unsolved symbol in de.uka.ilkd.key.java.JavaParserFactory$DynamicTypeSolver@725185cc : java.lang.Object
	at com.github.javaparser.resolution.TypeSolver.solveType(TypeSolver.java:71)

33441      ERROR Test worker     d.u.i.k.n.b.AbstractBuilder  com.github.javaparser.resolution.UnsolvedSymbolException: Unsolved symbol in de.uka.ilkd.key.java.JavaParserFactory$DynamicTypeSolver@725185cc : java.lang.Object
	at com.github.javaparser.resolution.TypeSolver.solveType(TypeSolver.java:71)

33441      ERROR Test worker     d.u.i.k.n.b.TacletPBuilder Error in parsing taclet. de.uka.ilkd.key.util.parsing.BuildingException: Unsolved symbol in de.uka.ilkd.key.java.JavaParserFactory$DynamicTypeSolver@725185cc : java.lang.Object at file:/D:/a/key/key/key.core/build/resources/main/de/uka/ilkd/key/proof/rules/javaRules.key:2198:15
	at de.uka.ilkd.key.nparser.builder.AbstractBuilder.accept(AbstractBuilder.java:54)
Caused by: com.github.javaparser.resolution.UnsolvedSymbolException: Unsolved symbol in de.uka.ilkd.key.java.JavaParserFactory$DynamicTypeSolver@725185cc : java.lang.Object
	at com.github.javaparser.resolution.TypeSolver.solveType(TypeSolver.java:71)

33441      ERROR Test worker     d.u.i.k.n.b.AbstractBuilder  com.github.javaparser.resolution.UnsolvedSymbolException: Unsolved symbol in de.uka.ilkd.key.java.JavaParserFactory$DynamicTypeSolver@725185cc : java.lang.Object
	at com.github.javaparser.resolution.TypeSolver.solveType(TypeSolver.java:71)

33441      ERROR Test worker     d.u.i.k.n.b.TacletPBuilder Error in parsing taclet. de.uka.ilkd.key.util.parsing.BuildingException: Unsolved symbol in de.uka.ilkd.key.java.JavaParserFactory$DynamicTypeSolver@725185cc : java.lang.Object at file:/D:/a/key/key/key.core/build/resources/main/de/uka/ilkd/key/proof/rules/javaRules.key:2210:15
	at de.uka.ilkd.key.nparser.builder.AbstractBuilder.accept(AbstractBuilder.java:54)
Caused by: com.github.javaparser.resolution.UnsolvedSymbolException: Unsolved symbol in de.uka.ilkd.key.java.JavaParserFactory$DynamicTypeSolver@725185cc : java.lang.Object
	at com.github.javaparser.resolution.TypeSolver.solveType(TypeSolver.java:71)

33441      ERROR Test worker     d.u.i.k.n.b.AbstractBuilder  com.github.javaparser.resolution.UnsolvedSymbolException: Unsolved symbol in de.uka.ilkd.key.java.JavaParserFactory$DynamicTypeSolver@725185cc : java.lang.Object
	at com.github.javaparser.resolution.TypeSolver.solveType(TypeSolver.java:71)

33441      ERROR Test worker     d.u.i.k.n.b.TacletPBuilder Error in parsing taclet. de.uka.ilkd.key.util.parsing.BuildingException: Unsolved symbol in de.uka.ilkd.key.java.JavaParserFactory$DynamicTypeSolver@725185cc : java.lang.Object at file:/D:/a/key/key/key.core/build/resources/main/de/uka/ilkd/key/proof/rules/javaRules.key:2220:15
	at de.uka.ilkd.key.nparser.builder.AbstractBuilder.accept(AbstractBuilder.java:54)
Caused by: com.github.javaparser.resolution.UnsolvedSymbolException: Unsolved symbol in de.uka.ilkd.key.java.JavaParserFactory$DynamicTypeSolver@725185cc : java.lang.Object
	at com.github.javaparser.resolution.TypeSolver.solveType(TypeSolver.java:71)

33472      ERROR Test worker     d.u.i.k.n.b.AbstractBuilder  com.github.javaparser.resolution.UnsolvedSymbolException: Unsolved symbol in de.uka.ilkd.key.java.JavaParserFactory$DynamicTypeSolver@725185cc : java.lang.Object
	at com.github.javaparser.resolution.TypeSolver.solveType(TypeSolver.java:71)

33472      ERROR Test worker     d.u.i.k.n.b.TacletPBuilder Error in parsing taclet. de.uka.ilkd.key.util.parsing.BuildingException: Unsolved symbol in de.uka.ilkd.key.java.JavaParserFactory$DynamicTypeSolver@725185cc : java.lang.Object at file:/D:/a/key/key/key.core/build/resources/main/de/uka/ilkd/key/proof/rules/javaRules.key:2227:15
	at de.uka.ilkd.key.nparser.builder.AbstractBuilder.accept(AbstractBuilder.java:54)
Caused by: com.github.javaparser.resolution.UnsolvedSymbolException: Unsolved symbol in de.uka.ilkd.key.java.JavaParserFactory$DynamicTypeSolver@725185cc : java.lang.Object
	at com.github.javaparser.resolution.TypeSolver.solveType(TypeSolver.java:71)

33472      ERROR Test worker     d.u.i.k.n.b.AbstractBuilder  com.github.javaparser.resolution.UnsolvedSymbolException: Unsolved symbol in de.uka.ilkd.key.java.JavaParserFactory$DynamicTypeSolver@725185cc : java.lang.Object
	at com.github.javaparser.resolution.TypeSolver.solveType(TypeSolver.java:71)

33472      ERROR Test worker     d.u.i.k.n.b.TacletPBuilder Error in parsing taclet. de.uka.ilkd.key.util.parsing.BuildingException: Unsolved symbol in de.uka.ilkd.key.java.JavaParserFactory$DynamicTypeSolver@725185cc : java.lang.Object at file:/D:/a/key/key/key.core/build/resources/main/de/uka/ilkd/key/proof/rules/javaRules.key:2239:15
	at de.uka.ilkd.key.nparser.builder.AbstractBuilder.accept(AbstractBuilder.java:54)
Caused by: com.github.javaparser.resolution.UnsolvedSymbolException: Unsolved symbol in de.uka.ilkd.key.java.JavaParserFactory$DynamicTypeSolver@725185cc : java.lang.Object
	at com.github.javaparser.resolution.TypeSolver.solveType(TypeSolver.java:71)

33472      ERROR Test worker     d.u.i.k.n.b.AbstractBuilder  com.github.javaparser.resolution.UnsolvedSymbolException: Unsolved symbol in de.uka.ilkd.key.java.JavaParserFactory$DynamicTypeSolver@725185cc : java.lang.Object
	at com.github.javaparser.resolution.TypeSolver.solveType(TypeSolver.java:71)

33472      ERROR Test worker     d.u.i.k.n.b.TacletPBuilder Error in parsing taclet. de.uka.ilkd.key.util.parsing.BuildingException: Unsolved symbol in de.uka.ilkd.key.java.JavaParserFactory$DynamicTypeSolver@725185cc : java.lang.Object at file:/D:/a/key/key/key.core/build/resources/main/de/uka/ilkd/key/proof/rules/javaRules.key:2249:15
	at de.uka.ilkd.key.nparser.builder.AbstractBuilder.accept(AbstractBuilder.java:54)
Caused by: com.github.javaparser.resolution.UnsolvedSymbolException: Unsolved symbol in de.uka.ilkd.key.java.JavaParserFactory$DynamicTypeSolver@725185cc : java.lang.Object
	at com.github.javaparser.resolution.TypeSolver.solveType(TypeSolver.java:71)

33472      ERROR Test worker     d.u.i.k.n.b.AbstractBuilder  com.github.javaparser.resolution.UnsolvedSymbolException: Unsolved symbol in de.uka.ilkd.key.java.JavaParserFactory$DynamicTypeSolver@725185cc : java.lang.Object
	at com.github.javaparser.resolution.TypeSolver.solveType(TypeSolver.java:71)

33472      ERROR Test worker     d.u.i.k.n.b.TacletPBuilder Error in parsing taclet. de.uka.ilkd.key.util.parsing.BuildingException: Unsolved symbol in de.uka.ilkd.key.java.JavaParserFactory$DynamicTypeSolver@725185cc : java.lang.Object at file:/D:/a/key/key/key.core/build/resources/main/de/uka/ilkd/key/proof/rules/javaRules.key:2256:15
	at de.uka.ilkd.key.nparser.builder.AbstractBuilder.accept(AbstractBuilder.java:54)
Caused by: com.github.javaparser.resolution.UnsolvedSymbolException: Unsolved symbol in de.uka.ilkd.key.java.JavaParserFactory$DynamicTypeSolver@725185cc : java.lang.Object
	at com.github.javaparser.resolution.TypeSolver.solveType(TypeSolver.java:71)

33472      ERROR Test worker     d.u.i.k.n.b.AbstractBuilder  com.github.javaparser.resolution.UnsolvedSymbolException: Unsolved symbol in de.uka.ilkd.key.java.JavaParserFactory$DynamicTypeSolver@725185cc : java.lang.Object
	at com.github.javaparser.resolution.TypeSolver.solveType(TypeSolver.java:71)

33472      ERROR Test worker     d.u.i.k.n.b.TacletPBuilder Error in parsing taclet. de.uka.ilkd.key.util.parsing.BuildingException: Unsolved symbol in de.uka.ilkd.key.java.JavaParserFactory$DynamicTypeSolver@725185cc : java.lang.Object at file:/D:/a/key/key/key.core/build/resources/main/de/uka/ilkd/key/proof/rules/javaRules.key:2268:15
	at de.uka.ilkd.key.nparser.builder.AbstractBuilder.accept(AbstractBuilder.java:54)
Caused by: com.github.javaparser.resolution.UnsolvedSymbolException: Unsolved symbol in de.uka.ilkd.key.java.JavaParserFactory$DynamicTypeSolver@725185cc : java.lang.Object
	at com.github.javaparser.resolution.TypeSolver.solveType(TypeSolver.java:71)

33472      ERROR Test worker     d.u.i.k.n.b.AbstractBuilder  com.github.javaparser.resolution.UnsolvedSymbolException: Unsolved symbol in de.uka.ilkd.key.java.JavaParserFactory$DynamicTypeSolver@725185cc : java.lang.Object
	at com.github.javaparser.resolution.TypeSolver.solveType(TypeSolver.java:71)

33487      ERROR Test worker     d.u.i.k.n.b.TacletPBuilder Error in parsing taclet. de.uka.ilkd.key.util.parsing.BuildingException: Unsolved symbol in de.uka.ilkd.key.java.JavaParserFactory$DynamicTypeSolver@725185cc : java.lang.Object at file:/D:/a/key/key/key.core/build/resources/main/de/uka/ilkd/key/proof/rules/javaRules.key:2278:15
	at de.uka.ilkd.key.nparser.builder.AbstractBuilder.accept(AbstractBuilder.java:54)
Caused by: com.github.javaparser.resolution.UnsolvedSymbolException: Unsolved symbol in de.uka.ilkd.key.java.JavaParserFactory$DynamicTypeSolver@725185cc : java.lang.Object
	at com.github.javaparser.resolution.TypeSolver.solveType(TypeSolver.java:71)

33487      ERROR Test worker     d.u.i.k.n.b.AbstractBuilder  com.github.javaparser.resolution.UnsolvedSymbolException: Unsolved symbol in de.uka.ilkd.key.java.JavaParserFactory$DynamicTypeSolver@725185cc : java.lang.Object
	at com.github.javaparser.resolution.TypeSolver.solveType(TypeSolver.java:71)

33487      ERROR Test worker     d.u.i.k.n.b.TacletPBuilder Error in parsing taclet. de.uka.ilkd.key.util.parsing.BuildingException: Unsolved symbol in de.uka.ilkd.key.java.JavaParserFactory$DynamicTypeSolver@725185cc : java.lang.Object at file:/D:/a/key/key/key.core/build/resources/main/de/uka/ilkd/key/proof/rules/javaRules.key:2289:15
	at de.uka.ilkd.key.nparser.builder.AbstractBuilder.accept(AbstractBuilder.java:54)
Caused by: com.github.javaparser.resolution.UnsolvedSymbolException: Unsolved symbol in de.uka.ilkd.key.java.JavaParserFactory$DynamicTypeSolver@725185cc : java.lang.Object
	at com.github.javaparser.resolution.TypeSolver.solveType(TypeSolver.java:71)

33487      ERROR Test worker     d.u.i.k.n.b.AbstractBuilder  com.github.javaparser.resolution.UnsolvedSymbolException: Unsolved symbol in de.uka.ilkd.key.java.JavaParserFactory$DynamicTypeSolver@725185cc : java.lang.Object
	at com.github.javaparser.resolution.TypeSolver.solveType(TypeSolver.java:71)

33487      ERROR Test worker     d.u.i.k.n.b.TacletPBuilder Error in parsing taclet. de.uka.ilkd.key.util.parsing.BuildingException: Unsolved symbol in de.uka.ilkd.key.java.JavaParserFactory$DynamicTypeSolver@725185cc : java.lang.Object at file:/D:/a/key/key/key.core/build/resources/main/de/uka/ilkd/key/proof/rules/javaRules.key:2295:15
	at de.uka.ilkd.key.nparser.builder.AbstractBuilder.accept(AbstractBuilder.java:54)
Caused by: com.github.javaparser.resolution.UnsolvedSymbolException: Unsolved symbol in de.uka.ilkd.key.java.JavaParserFactory$DynamicTypeSolver@725185cc : java.lang.Object
	at com.github.javaparser.resolution.TypeSolver.solveType(TypeSolver.java:71)

33487      ERROR Test worker     d.u.i.k.n.b.AbstractBuilder  com.github.javaparser.resolution.UnsolvedSymbolException: Unsolved symbol in de.uka.ilkd.key.java.JavaParserFactory$DynamicTypeSolver@725185cc : java.lang.Object
	at com.github.javaparser.resolution.TypeSolver.solveType(TypeSolver.java:71)

33487      ERROR Test worker     d.u.i.k.n.b.TacletPBuilder Error in parsing taclet. de.uka.ilkd.key.util.parsing.BuildingException: Unsolved symbol in de.uka.ilkd.key.java.JavaParserFactory$DynamicTypeSolver@725185cc : java.lang.Object at file:/D:/a/key/key/key.core/build/resources/main/de/uka/ilkd/key/proof/rules/javaRules.key:2302:15
	at de.uka.ilkd.key.nparser.builder.AbstractBuilder.accept(AbstractBuilder.java:54)
Caused by: com.github.javaparser.resolution.UnsolvedSymbolException: Unsolved symbol in de.uka.ilkd.key.java.JavaParserFactory$DynamicTypeSolver@725185cc : java.lang.Object
	at com.github.javaparser.resolution.TypeSolver.solveType(TypeSolver.java:71)

33487      ERROR Test worker     d.u.i.k.n.b.AbstractBuilder  com.github.javaparser.resolution.UnsolvedSymbolException: Unsolved symbol in de.uka.ilkd.key.java.JavaParserFactory$DynamicTypeSolver@725185cc : java.lang.Object
	at com.github.javaparser.resolution.TypeSolver.solveType(TypeSolver.java:71)

33487      ERROR Test worker     d.u.i.k.n.b.TacletPBuilder Error in parsing taclet. de.uka.ilkd.key.util.parsing.BuildingException: Unsolved symbol in de.uka.ilkd.key.java.JavaParserFactory$DynamicTypeSolver@725185cc : java.lang.Object at file:/D:/a/key/key/key.core/build/resources/main/de/uka/ilkd/key/proof/rules/javaRules.key:2309:15
	at de.uka.ilkd.key.nparser.builder.AbstractBuilder.accept(AbstractBuilder.java:54)
Caused by: com.github.javaparser.resolution.UnsolvedSymbolException: Unsolved symbol in de.uka.ilkd.key.java.JavaParserFactory$DynamicTypeSolver@725185cc : java.lang.Object
	at com.github.javaparser.resolution.TypeSolver.solveType(TypeSolver.java:71)

33487      ERROR Test worker     d.u.i.k.n.b.AbstractBuilder  com.github.javaparser.resolution.UnsolvedSymbolException: Unsolved symbol in de.uka.ilkd.key.java.JavaParserFactory$DynamicTypeSolver@725185cc : java.lang.Object
	at com.github.javaparser.resolution.TypeSolver.solveType(TypeSolver.java:71)

33487      ERROR Test worker     d.u.i.k.n.b.TacletPBuilder Error in parsing taclet. de.uka.ilkd.key.util.parsing.BuildingException: Unsolved symbol in de.uka.ilkd.key.java.JavaParserFactory$DynamicTypeSolver@725185cc : java.lang.Object at file:/D:/a/key/key/key.core/build/resources/main/de/uka/ilkd/key/proof/rules/javaRules.key:2316:15
	at de.uka.ilkd.key.nparser.builder.AbstractBuilder.accept(AbstractBuilder.java:54)
Caused by: com.github.javaparser.resolution.UnsolvedSymbolException: Unsolved symbol in de.uka.ilkd.key.java.JavaParserFactory$DynamicTypeSolver@725185cc : java.lang.Object
	at com.github.javaparser.resolution.TypeSolver.solveType(TypeSolver.java:71)

33972      ERROR Test worker     d.u.i.k.n.b.AbstractBuilder  com.github.javaparser.resolution.UnsolvedSymbolException: Unsolved symbol in de.uka.ilkd.key.java.JavaParserFactory$DynamicTypeSolver@725185cc : java.lang.Object
	at com.github.javaparser.resolution.TypeSolver.solveType(TypeSolver.java:71)

33972      ERROR Test worker     d.u.i.k.n.b.TacletPBuilder Error in parsing taclet. de.uka.ilkd.key.util.parsing.BuildingException: Unsolved symbol in de.uka.ilkd.key.java.JavaParserFactory$DynamicTypeSolver@725185cc : java.lang.Object at file:/D:/a/key/key/key.core/build/resources/main/de/uka/ilkd/key/proof/rules/javaRules.key:2323:15
	at de.uka.ilkd.key.nparser.builder.AbstractBuilder.accept(AbstractBuilder.java:54)
Caused by: com.github.javaparser.resolution.UnsolvedSymbolException: Unsolved symbol in de.uka.ilkd.key.java.JavaParserFactory$DynamicTypeSolver@725185cc : java.lang.Object
	at com.github.javaparser.resolution.TypeSolver.solveType(TypeSolver.java:71)

33972      ERROR Test worker     d.u.i.k.n.b.AbstractBuilder  com.github.javaparser.resolution.UnsolvedSymbolException: Unsolved symbol in de.uka.ilkd.key.java.JavaParserFactory$DynamicTypeSolver@725185cc : java.lang.Object
	at com.github.javaparser.resolution.TypeSolver.solveType(TypeSolver.java:71)

33972      ERROR Test worker     d.u.i.k.n.b.TacletPBuilder Error in parsing taclet. de.uka.ilkd.key.util.parsing.BuildingException: Unsolved symbol in de.uka.ilkd.key.java.JavaParserFactory$DynamicTypeSolver@725185cc : java.lang.Object at file:/D:/a/key/key/key.core/build/resources/main/de/uka/ilkd/key/proof/rules/javaRules.key:2330:15
	at de.uka.ilkd.key.nparser.builder.AbstractBuilder.accept(AbstractBuilder.java:54)
Caused by: com.github.javaparser.resolution.UnsolvedSymbolException: Unsolved symbol in de.uka.ilkd.key.java.JavaParserFactory$DynamicTypeSolver@725185cc : java.lang.Object
	at com.github.javaparser.resolution.TypeSolver.solveType(TypeSolver.java:71)

33972      ERROR Test worker     d.u.i.k.n.b.AbstractBuilder  com.github.javaparser.resolution.UnsolvedSymbolException: Unsolved symbol in de.uka.ilkd.key.java.JavaParserFactory$DynamicTypeSolver@725185cc : java.lang.Object
	at com.github.javaparser.resolution.TypeSolver.solveType(TypeSolver.java:71)

33972      ERROR Test worker     d.u.i.k.n.b.TacletPBuilder Error in parsing taclet. de.uka.ilkd.key.util.parsing.BuildingException: Unsolved symbol in de.uka.ilkd.key.java.JavaParserFactory$DynamicTypeSolver@725185cc : java.lang.Object at file:/D:/a/key/key/key.core/build/resources/main/de/uka/ilkd/key/proof/rules/javaRules.key:2337:15
	at de.uka.ilkd.key.nparser.builder.AbstractBuilder.accept(AbstractBuilder.java:54)
Caused by: com.github.javaparser.resolution.UnsolvedSymbolException: Unsolved symbol in de.uka.ilkd.key.java.JavaParserFactory$DynamicTypeSolver@725185cc : java.lang.Object
	at com.github.javaparser.resolution.TypeSolver.solveType(TypeSolver.java:71)

33987      ERROR Test worker     d.u.i.k.n.b.AbstractBuilder  com.github.javaparser.resolution.UnsolvedSymbolException: Unsolved symbol in de.uka.ilkd.key.java.JavaParserFactory$DynamicTypeSolver@725185cc : java.lang.Object
	at com.github.javaparser.resolution.TypeSolver.solveType(TypeSolver.java:71)

33987      ERROR Test worker     d.u.i.k.n.b.TacletPBuilder Error in parsing taclet. de.uka.ilkd.key.util.parsing.BuildingException: Unsolved symbol in de.uka.ilkd.key.java.JavaParserFactory$DynamicTypeSolver@725185cc : java.lang.Object at file:/D:/a/key/key/key.core/build/resources/main/de/uka/ilkd/key/proof/rules/javaRules.key:2344:15
	at de.uka.ilkd.key.nparser.builder.AbstractBuilder.accept(AbstractBuilder.java:54)
Caused by: com.github.javaparser.resolution.UnsolvedSymbolException: Unsolved symbol in de.uka.ilkd.key.java.JavaParserFactory$DynamicTypeSolver@725185cc : java.lang.Object
	at com.github.javaparser.resolution.TypeSolver.solveType(TypeSolver.java:71)

33987      ERROR Test worker     d.u.i.k.n.b.AbstractBuilder  com.github.javaparser.resolution.UnsolvedSymbolException: Unsolved symbol in de.uka.ilkd.key.java.JavaParserFactory$DynamicTypeSolver@725185cc : java.lang.Object
	at com.github.javaparser.resolution.TypeSolver.solveType(TypeSolver.java:71)

33987      ERROR Test worker     d.u.i.k.n.b.TacletPBuilder Error in parsing taclet. de.uka.ilkd.key.util.parsing.BuildingException: Unsolved symbol in de.uka.ilkd.key.java.JavaParserFactory$DynamicTypeSolver@725185cc : java.lang.Object at file:/D:/a/key/key/key.core/build/resources/main/de/uka/ilkd/key/proof/rules/javaRules.key:2355:15
	at de.uka.ilkd.key.nparser.builder.AbstractBuilder.accept(AbstractBuilder.java:54)
Caused by: com.github.javaparser.resolution.UnsolvedSymbolException: Unsolved symbol in de.uka.ilkd.key.java.JavaParserFactory$DynamicTypeSolver@725185cc : java.lang.Object
	at com.github.javaparser.resolution.TypeSolver.solveType(TypeSolver.java:71)

33987      ERROR Test worker     d.u.i.k.n.b.AbstractBuilder  com.github.javaparser.resolution.UnsolvedSymbolException: Unsolved symbol in de.uka.ilkd.key.java.JavaParserFactory$DynamicTypeSolver@725185cc : java.lang.Object
	at com.github.javaparser.resolution.TypeSolver.solveType(TypeSolver.java:71)

33987      ERROR Test worker     d.u.i.k.n.b.TacletPBuilder Error in parsing taclet. de.uka.ilkd.key.util.parsing.BuildingException: Unsolved symbol in de.uka.ilkd.key.java.JavaParserFactory$DynamicTypeSolver@725185cc : java.lang.Object at file:/D:/a/key/key/key.core/build/resources/main/de/uka/ilkd/key/proof/rules/javaRules.key:2360:15
	at de.uka.ilkd.key.nparser.builder.AbstractBuilder.accept(AbstractBuilder.java:54)
Caused by: com.github.javaparser.resolution.UnsolvedSymbolException: Unsolved symbol in de.uka.ilkd.key.java.JavaParserFactory$DynamicTypeSolver@725185cc : java.lang.Object
	at com.github.javaparser.resolution.TypeSolver.solveType(TypeSolver.java:71)

33999      ERROR Test worker     d.u.i.k.n.b.AbstractBuilder  com.github.javaparser.resolution.UnsolvedSymbolException: Unsolved symbol in de.uka.ilkd.key.java.JavaParserFactory$DynamicTypeSolver@725185cc : java.lang.Object
	at com.github.javaparser.resolution.TypeSolver.solveType(TypeSolver.java:71)

33999      ERROR Test worker     d.u.i.k.n.b.TacletPBuilder Error in parsing taclet. de.uka.ilkd.key.util.parsing.BuildingException: Unsolved symbol in de.uka.ilkd.key.java.JavaParserFactory$DynamicTypeSolver@725185cc : java.lang.Object at file:/D:/a/key/key/key.core/build/resources/main/de/uka/ilkd/key/proof/rules/javaRules.key:2366:15
	at de.uka.ilkd.key.nparser.builder.AbstractBuilder.accept(AbstractBuilder.java:54)
Caused by: com.github.javaparser.resolution.UnsolvedSymbolException: Unsolved symbol in de.uka.ilkd.key.java.JavaParserFactory$DynamicTypeSolver@725185cc : java.lang.Object
	at com.github.javaparser.resolution.TypeSolver.solveType(TypeSolver.java:71)

33999      ERROR Test worker     d.u.i.k.n.b.AbstractBuilder  com.github.javaparser.resolution.UnsolvedSymbolException: Unsolved symbol in de.uka.ilkd.key.java.JavaParserFactory$DynamicTypeSolver@725185cc : java.lang.Object
	at com.github.javaparser.resolution.TypeSolver.solveType(TypeSolver.java:71)

34003      ERROR Test worker     d.u.i.k.n.b.TacletPBuilder Error in parsing taclet. de.uka.ilkd.key.util.parsing.BuildingException: Unsolved symbol in de.uka.ilkd.key.java.JavaParserFactory$DynamicTypeSolver@725185cc : java.lang.Object at file:/D:/a/key/key/key.core/build/resources/main/de/uka/ilkd/key/proof/rules/javaRules.key:2376:15
	at de.uka.ilkd.key.nparser.builder.AbstractBuilder.accept(AbstractBuilder.java:54)
Caused by: com.github.javaparser.resolution.UnsolvedSymbolException: Unsolved symbol in de.uka.ilkd.key.java.JavaParserFactory$DynamicTypeSolver@725185cc : java.lang.Object
	at com.github.javaparser.resolution.TypeSolver.solveType(TypeSolver.java:71)

34003      ERROR Test worker     d.u.i.k.n.b.AbstractBuilder  com.github.javaparser.resolution.UnsolvedSymbolException: Unsolved symbol in de.uka.ilkd.key.java.JavaParserFactory$DynamicTypeSolver@725185cc : java.lang.Object
	at com.github.javaparser.resolution.TypeSolver.solveType(TypeSolver.java:71)

34003      ERROR Test worker     d.u.i.k.n.b.TacletPBuilder Error in parsing taclet. de.uka.ilkd.key.util.parsing.BuildingException: Unsolved symbol in de.uka.ilkd.key.java.JavaParserFactory$DynamicTypeSolver@725185cc : java.lang.Object at file:/D:/a/key/key/key.core/build/resources/main/de/uka/ilkd/key/proof/rules/javaRules.key:2384:15
	at de.uka.ilkd.key.nparser.builder.AbstractBuilder.accept(AbstractBuilder.java:54)
Caused by: com.github.javaparser.resolution.UnsolvedSymbolException: Unsolved symbol in de.uka.ilkd.key.java.JavaParserFactory$DynamicTypeSolver@725185cc : java.lang.Object
	at com.github.javaparser.resolution.TypeSolver.solveType(TypeSolver.java:71)

34003      ERROR Test worker     d.u.i.k.n.b.AbstractBuilder  com.github.javaparser.resolution.UnsolvedSymbolException: Unsolved symbol in de.uka.ilkd.key.java.JavaParserFactory$DynamicTypeSolver@725185cc : java.lang.Object
	at com.github.javaparser.resolution.TypeSolver.solveType(TypeSolver.java:71)

34003      ERROR Test worker     d.u.i.k.n.b.TacletPBuilder Error in parsing taclet. de.uka.ilkd.key.util.parsing.BuildingException: Unsolved symbol in de.uka.ilkd.key.java.JavaParserFactory$DynamicTypeSolver@725185cc : java.lang.Object at file:/D:/a/key/key/key.core/build/resources/main/de/uka/ilkd/key/proof/rules/javaRules.key:2392:15
	at de.uka.ilkd.key.nparser.builder.AbstractBuilder.accept(AbstractBuilder.java:54)
Caused by: com.github.javaparser.resolution.UnsolvedSymbolException: Unsolved symbol in de.uka.ilkd.key.java.JavaParserFactory$DynamicTypeSolver@725185cc : java.lang.Object
	at com.github.javaparser.resolution.TypeSolver.solveType(TypeSolver.java:71)

34003      ERROR Test worker     d.u.i.k.n.b.AbstractBuilder  com.github.javaparser.resolution.UnsolvedSymbolException: Unsolved symbol in de.uka.ilkd.key.java.JavaParserFactory$DynamicTypeSolver@725185cc : java.lang.Object
	at com.github.javaparser.resolution.TypeSolver.solveType(TypeSolver.java:71)

34003      ERROR Test worker     d.u.i.k.n.b.TacletPBuilder Error in parsing taclet. de.uka.ilkd.key.util.parsing.BuildingException: Unsolved symbol in de.uka.ilkd.key.java.JavaParserFactory$DynamicTypeSolver@725185cc : java.lang.Object at file:/D:/a/key/key/key.core/build/resources/main/de/uka/ilkd/key/proof/rules/javaRules.key:2400:15
	at de.uka.ilkd.key.nparser.builder.AbstractBuilder.accept(AbstractBuilder.java:54)
Caused by: com.github.javaparser.resolution.UnsolvedSymbolException: Unsolved symbol in de.uka.ilkd.key.java.JavaParserFactory$DynamicTypeSolver@725185cc : java.lang.Object
	at com.github.javaparser.resolution.TypeSolver.solveType(TypeSolver.java:71)

34003      ERROR Test worker     d.u.i.k.n.b.AbstractBuilder  com.github.javaparser.resolution.UnsolvedSymbolException: Unsolved symbol in de.uka.ilkd.key.java.JavaParserFactory$DynamicTypeSolver@725185cc : java.lang.Object
	at com.github.javaparser.resolution.TypeSolver.solveType(TypeSolver.java:71)

34003      ERROR Test worker     d.u.i.k.n.b.TacletPBuilder Error in parsing taclet. de.uka.ilkd.key.util.parsing.BuildingException: Unsolved symbol in de.uka.ilkd.key.java.JavaParserFactory$DynamicTypeSolver@725185cc : java.lang.Object at file:/D:/a/key/key/key.core/build/resources/main/de/uka/ilkd/key/proof/rules/javaRules.key:2408:15
	at de.uka.ilkd.key.nparser.builder.AbstractBuilder.accept(AbstractBuilder.java:54)
Caused by: com.github.javaparser.resolution.UnsolvedSymbolException: Unsolved symbol in de.uka.ilkd.key.java.JavaParserFactory$DynamicTypeSolver@725185cc : java.lang.Object
	at com.github.javaparser.resolution.TypeSolver.solveType(TypeSolver.java:71)

34003      ERROR Test worker     d.u.i.k.n.b.AbstractBuilder  com.github.javaparser.resolution.UnsolvedSymbolException: Unsolved symbol in de.uka.ilkd.key.java.JavaParserFactory$DynamicTypeSolver@725185cc : java.lang.Object
	at com.github.javaparser.resolution.TypeSolver.solveType(TypeSolver.java:71)

34003      ERROR Test worker     d.u.i.k.n.b.TacletPBuilder Error in parsing taclet. de.uka.ilkd.key.util.parsing.BuildingException: Unsolved symbol in de.uka.ilkd.key.java.JavaParserFactory$DynamicTypeSolver@725185cc : java.lang.Object at file:/D:/a/key/key/key.core/build/resources/main/de/uka/ilkd/key/proof/rules/javaRules.key:2416:15
	at de.uka.ilkd.key.nparser.builder.AbstractBuilder.accept(AbstractBuilder.java:54)
Caused by: com.github.javaparser.resolution.UnsolvedSymbolException: Unsolved symbol in de.uka.ilkd.key.java.JavaParserFactory$DynamicTypeSolver@725185cc : java.lang.Object
	at com.github.javaparser.resolution.TypeSolver.solveType(TypeSolver.java:71)

34003      ERROR Test worker     d.u.i.k.n.b.AbstractBuilder  com.github.javaparser.resolution.UnsolvedSymbolException: Unsolved symbol in de.uka.ilkd.key.java.JavaParserFactory$DynamicTypeSolver@725185cc : java.lang.Object
	at com.github.javaparser.resolution.TypeSolver.solveType(TypeSolver.java:71)

34003      ERROR Test worker     d.u.i.k.n.b.TacletPBuilder Error in parsing taclet. de.uka.ilkd.key.util.parsing.BuildingException: Unsolved symbol in de.uka.ilkd.key.java.JavaParserFactory$DynamicTypeSolver@725185cc : java.lang.Object at file:/D:/a/key/key/key.core/build/resources/main/de/uka/ilkd/key/proof/rules/javaRules.key:2424:15
	at de.uka.ilkd.key.nparser.builder.AbstractBuilder.accept(AbstractBuilder.java:54)
Caused by: com.github.javaparser.resolution.UnsolvedSymbolException: Unsolved symbol in de.uka.ilkd.key.java.JavaParserFactory$DynamicTypeSolver@725185cc : java.lang.Object
	at com.github.javaparser.resolution.TypeSolver.solveType(TypeSolver.java:71)

34003      ERROR Test worker     d.u.i.k.n.b.AbstractBuilder  com.github.javaparser.resolution.UnsolvedSymbolException: Unsolved symbol in de.uka.ilkd.key.java.JavaParserFactory$DynamicTypeSolver@725185cc : java.lang.Object
	at com.github.javaparser.resolution.TypeSolver.solveType(TypeSolver.java:71)

34003      ERROR Test worker     d.u.i.k.n.b.TacletPBuilder Error in parsing taclet. de.uka.ilkd.key.util.parsing.BuildingException: Unsolved symbol in de.uka.ilkd.key.java.JavaParserFactory$DynamicTypeSolver@725185cc : java.lang.Object at file:/D:/a/key/key/key.core/build/resources/main/de/uka/ilkd/key/proof/rules/javaRules.key:2432:15
	at de.uka.ilkd.key.nparser.builder.AbstractBuilder.accept(AbstractBuilder.java:54)
Caused by: com.github.javaparser.resolution.UnsolvedSymbolException: Unsolved symbol in de.uka.ilkd.key.java.JavaParserFactory$DynamicTypeSolver@725185cc : java.lang.Object
	at com.github.javaparser.resolution.TypeSolver.solveType(TypeSolver.java:71)

34003      ERROR Test worker     d.u.i.k.n.b.AbstractBuilder  com.github.javaparser.resolution.UnsolvedSymbolException: Unsolved symbol in de.uka.ilkd.key.java.JavaParserFactory$DynamicTypeSolver@725185cc : java.lang.Object
	at com.github.javaparser.resolution.TypeSolver.solveType(TypeSolver.java:71)

34003      ERROR Test worker     d.u.i.k.n.b.TacletPBuilder Error in parsing taclet. de.uka.ilkd.key.util.parsing.BuildingException: Unsolved symbol in de.uka.ilkd.key.java.JavaParserFactory$DynamicTypeSolver@725185cc : java.lang.Object at file:/D:/a/key/key/key.core/build/resources/main/de/uka/ilkd/key/proof/rules/javaRules.key:2440:15
	at de.uka.ilkd.key.nparser.builder.AbstractBuilder.accept(AbstractBuilder.java:54)
Caused by: com.github.javaparser.resolution.UnsolvedSymbolException: Unsolved symbol in de.uka.ilkd.key.java.JavaParserFactory$DynamicTypeSolver@725185cc : java.lang.Object
	at com.github.javaparser.resolution.TypeSolver.solveType(TypeSolver.java:71)

34019      ERROR Test worker     d.u.i.k.n.b.AbstractBuilder  com.github.javaparser.resolution.UnsolvedSymbolException: Unsolved symbol in de.uka.ilkd.key.java.JavaParserFactory$DynamicTypeSolver@725185cc : java.lang.Object
	at com.github.javaparser.resolution.TypeSolver.solveType(TypeSolver.java:71)

34019      ERROR Test worker     d.u.i.k.n.b.TacletPBuilder Error in parsing taclet. de.uka.ilkd.key.util.parsing.BuildingException: Unsolved symbol in de.uka.ilkd.key.java.JavaParserFactory$DynamicTypeSolver@725185cc : java.lang.Object at file:/D:/a/key/key/key.core/build/resources/main/de/uka/ilkd/key/proof/rules/javaRules.key:2448:15
	at de.uka.ilkd.key.nparser.builder.AbstractBuilder.accept(AbstractBuilder.java:54)
Caused by: com.github.javaparser.resolution.UnsolvedSymbolException: Unsolved symbol in de.uka.ilkd.key.java.JavaParserFactory$DynamicTypeSolver@725185cc : java.lang.Object
	at com.github.javaparser.resolution.TypeSolver.solveType(TypeSolver.java:71)

34019      ERROR Test worker     d.u.i.k.n.b.AbstractBuilder  com.github.javaparser.resolution.UnsolvedSymbolException: Unsolved symbol in de.uka.ilkd.key.java.JavaParserFactory$DynamicTypeSolver@725185cc : java.lang.Object
	at com.github.javaparser.resolution.TypeSolver.solveType(TypeSolver.java:71)

34019      ERROR Test worker     d.u.i.k.n.b.TacletPBuilder Error in parsing taclet. de.uka.ilkd.key.util.parsing.BuildingException: Unsolved symbol in de.uka.ilkd.key.java.JavaParserFactory$DynamicTypeSolver@725185cc : java.lang.Object at file:/D:/a/key/key/key.core/build/resources/main/de/uka/ilkd/key/proof/rules/javaRules.key:2456:15
	at de.uka.ilkd.key.nparser.builder.AbstractBuilder.accept(AbstractBuilder.java:54)
Caused by: com.github.javaparser.resolution.UnsolvedSymbolException: Unsolved symbol in de.uka.ilkd.key.java.JavaParserFactory$DynamicTypeSolver@725185cc : java.lang.Object
	at com.github.javaparser.resolution.TypeSolver.solveType(TypeSolver.java:71)

34019      ERROR Test worker     d.u.i.k.n.b.AbstractBuilder  com.github.javaparser.resolution.UnsolvedSymbolException: Unsolved symbol in de.uka.ilkd.key.java.JavaParserFactory$DynamicTypeSolver@725185cc : java.lang.Object
	at com.github.javaparser.resolution.TypeSolver.solveType(TypeSolver.java:71)

34019      ERROR Test worker     d.u.i.k.n.b.TacletPBuilder Error in parsing taclet. de.uka.ilkd.key.util.parsing.BuildingException: Unsolved symbol in de.uka.ilkd.key.java.JavaParserFactory$DynamicTypeSolver@725185cc : java.lang.Object at file:/D:/a/key/key/key.core/build/resources/main/de/uka/ilkd/key/proof/rules/javaRules.key:2464:15
	at de.uka.ilkd.key.nparser.builder.AbstractBuilder.accept(AbstractBuilder.java:54)
Caused by: com.github.javaparser.resolution.UnsolvedSymbolException: Unsolved symbol in de.uka.ilkd.key.java.JavaParserFactory$DynamicTypeSolver@725185cc : java.lang.Object
	at com.github.javaparser.resolution.TypeSolver.solveType(TypeSolver.java:71)

34019      ERROR Test worker     d.u.i.k.n.b.AbstractBuilder  com.github.javaparser.resolution.UnsolvedSymbolException: Unsolved symbol in de.uka.ilkd.key.java.JavaParserFactory$DynamicTypeSolver@725185cc : java.lang.Object
	at com.github.javaparser.resolution.TypeSolver.solveType(TypeSolver.java:71)

34019      ERROR Test worker     d.u.i.k.n.b.TacletPBuilder Error in parsing taclet. de.uka.ilkd.key.util.parsing.BuildingException: Unsolved symbol in de.uka.ilkd.key.java.JavaParserFactory$DynamicTypeSolver@725185cc : java.lang.Object at file:/D:/a/key/key/key.core/build/resources/main/de/uka/ilkd/key/proof/rules/javaRules.key:2472:15
	at de.uka.ilkd.key.nparser.builder.AbstractBuilder.accept(AbstractBuilder.java:54)
Caused by: com.github.javaparser.resolution.UnsolvedSymbolException: Unsolved symbol in de.uka.ilkd.key.java.JavaParserFactory$DynamicTypeSolver@725185cc : java.lang.Object
	at com.github.javaparser.resolution.TypeSolver.solveType(TypeSolver.java:71)

34019      ERROR Test worker     d.u.i.k.n.b.AbstractBuilder  com.github.javaparser.resolution.UnsolvedSymbolException: Unsolved symbol in de.uka.ilkd.key.java.JavaParserFactory$DynamicTypeSolver@725185cc : java.lang.Object
	at com.github.javaparser.resolution.TypeSolver.solveType(TypeSolver.java:71)

34019      ERROR Test worker     d.u.i.k.n.b.TacletPBuilder Error in parsing taclet. de.uka.ilkd.key.util.parsing.BuildingException: Unsolved symbol in de.uka.ilkd.key.java.JavaParserFactory$DynamicTypeSolver@725185cc : java.lang.Object at file:/D:/a/key/key/key.core/build/resources/main/de/uka/ilkd/key/proof/rules/javaRules.key:2480:15
	at de.uka.ilkd.key.nparser.builder.AbstractBuilder.accept(AbstractBuilder.java:54)
Caused by: com.github.javaparser.resolution.UnsolvedSymbolException: Unsolved symbol in de.uka.ilkd.key.java.JavaParserFactory$DynamicTypeSolver@725185cc : java.lang.Object
	at com.github.javaparser.resolution.TypeSolver.solveType(TypeSolver.java:71)

34019      ERROR Test worker     d.u.i.k.n.b.AbstractBuilder  com.github.javaparser.resolution.UnsolvedSymbolException: Unsolved symbol in de.uka.ilkd.key.java.JavaParserFactory$DynamicTypeSolver@725185cc : java.lang.Object
	at com.github.javaparser.resolution.TypeSolver.solveType(TypeSolver.java:71)

34019      ERROR Test worker     d.u.i.k.n.b.TacletPBuilder Error in parsing taclet. de.uka.ilkd.key.util.parsing.BuildingException: Unsolved symbol in de.uka.ilkd.key.java.JavaParserFactory$DynamicTypeSolver@725185cc : java.lang.Object at file:/D:/a/key/key/key.core/build/resources/main/de/uka/ilkd/key/proof/rules/javaRules.key:2488:15
	at de.uka.ilkd.key.nparser.builder.AbstractBuilder.accept(AbstractBuilder.java:54)
Caused by: com.github.javaparser.resolution.UnsolvedSymbolException: Unsolved symbol in de.uka.ilkd.key.java.JavaParserFactory$DynamicTypeSolver@725185cc : java.lang.Object
	at com.github.javaparser.resolution.TypeSolver.solveType(TypeSolver.java:71)

34019      ERROR Test worker     d.u.i.k.n.b.AbstractBuilder  com.github.javaparser.resolution.UnsolvedSymbolException: Unsolved symbol in de.uka.ilkd.key.java.JavaParserFactory$DynamicTypeSolver@725185cc : java.lang.Object
	at com.github.javaparser.resolution.TypeSolver.solveType(TypeSolver.java:71)

34019      ERROR Test worker     d.u.i.k.n.b.TacletPBuilder Error in parsing taclet. de.uka.ilkd.key.util.parsing.BuildingException: Unsolved symbol in de.uka.ilkd.key.java.JavaParserFactory$DynamicTypeSolver@725185cc : java.lang.Object at file:/D:/a/key/key/key.core/build/resources/main/de/uka/ilkd/key/proof/rules/javaRules.key:2496:15
	at de.uka.ilkd.key.nparser.builder.AbstractBuilder.accept(AbstractBuilder.java:54)
Caused by: com.github.javaparser.resolution.UnsolvedSymbolException: Unsolved symbol in de.uka.ilkd.key.java.JavaParserFactory$DynamicTypeSolver@725185cc : java.lang.Object
	at com.github.javaparser.resolution.TypeSolver.solveType(TypeSolver.java:71)

34019      ERROR Test worker     d.u.i.k.n.b.AbstractBuilder  com.github.javaparser.resolution.UnsolvedSymbolException: Unsolved symbol in de.uka.ilkd.key.java.JavaParserFactory$DynamicTypeSolver@725185cc : java.lang.Object
	at com.github.javaparser.resolution.TypeSolver.solveType(TypeSolver.java:71)

34019      ERROR Test worker     d.u.i.k.n.b.TacletPBuilder Error in parsing taclet. de.uka.ilkd.key.util.parsing.BuildingException: Unsolved symbol in de.uka.ilkd.key.java.JavaParserFactory$DynamicTypeSolver@725185cc : java.lang.Object at file:/D:/a/key/key/key.core/build/resources/main/de/uka/ilkd/key/proof/rules/javaRules.key:2504:15
	at de.uka.ilkd.key.nparser.builder.AbstractBuilder.accept(AbstractBuilder.java:54)
Caused by: com.github.javaparser.resolution.UnsolvedSymbolException: Unsolved symbol in de.uka.ilkd.key.java.JavaParserFactory$DynamicTypeSolver@725185cc : java.lang.Object
	at com.github.javaparser.resolution.TypeSolver.solveType(TypeSolver.java:71)

34019      ERROR Test worker     d.u.i.k.n.b.AbstractBuilder  com.github.javaparser.resolution.UnsolvedSymbolException: Unsolved symbol in de.uka.ilkd.key.java.JavaParserFactory$DynamicTypeSolver@725185cc : java.lang.Object
	at com.github.javaparser.resolution.TypeSolver.solveType(TypeSolver.java:71)

34019      ERROR Test worker     d.u.i.k.n.b.TacletPBuilder Error in parsing taclet. de.uka.ilkd.key.util.parsing.BuildingException: Unsolved symbol in de.uka.ilkd.key.java.JavaParserFactory$DynamicTypeSolver@725185cc : java.lang.Object at file:/D:/a/key/key/key.core/build/resources/main/de/uka/ilkd/key/proof/rules/javaRules.key:2512:15
	at de.uka.ilkd.key.nparser.builder.AbstractBuilder.accept(AbstractBuilder.java:54)
Caused by: com.github.javaparser.resolution.UnsolvedSymbolException: Unsolved symbol in de.uka.ilkd.key.java.JavaParserFactory$DynamicTypeSolver@725185cc : java.lang.Object
	at com.github.javaparser.resolution.TypeSolver.solveType(TypeSolver.java:71)

34034      ERROR Test worker     d.u.i.k.n.b.AbstractBuilder  com.github.javaparser.resolution.UnsolvedSymbolException: Unsolved symbol in de.uka.ilkd.key.java.JavaParserFactory$DynamicTypeSolver@725185cc : java.lang.Object
	at com.github.javaparser.resolution.TypeSolver.solveType(TypeSolver.java:71)

34034      ERROR Test worker     d.u.i.k.n.b.TacletPBuilder Error in parsing taclet. de.uka.ilkd.key.util.parsing.BuildingException: Unsolved symbol in de.uka.ilkd.key.java.JavaParserFactory$DynamicTypeSolver@725185cc : java.lang.Object at file:/D:/a/key/key/key.core/build/resources/main/de/uka/ilkd/key/proof/rules/javaRules.key:2520:15
	at de.uka.ilkd.key.nparser.builder.AbstractBuilder.accept(AbstractBuilder.java:54)
Caused by: com.github.javaparser.resolution.UnsolvedSymbolException: Unsolved symbol in de.uka.ilkd.key.java.JavaParserFactory$DynamicTypeSolver@725185cc : java.lang.Object
	at com.github.javaparser.resolution.TypeSolver.solveType(TypeSolver.java:71)

34034      ERROR Test worker     d.u.i.k.n.b.AbstractBuilder  com.github.javaparser.resolution.UnsolvedSymbolException: Unsolved symbol in de.uka.ilkd.key.java.JavaParserFactory$DynamicTypeSolver@725185cc : java.lang.Object
	at com.github.javaparser.resolution.TypeSolver.solveType(TypeSolver.java:71)

34034      ERROR Test worker     d.u.i.k.n.b.TacletPBuilder Error in parsing taclet. de.uka.ilkd.key.util.parsing.BuildingException: Unsolved symbol in de.uka.ilkd.key.java.JavaParserFactory$DynamicTypeSolver@725185cc : java.lang.Object at file:/D:/a/key/key/key.core/build/resources/main/de/uka/ilkd/key/proof/rules/javaRules.key:2528:15
	at de.uka.ilkd.key.nparser.builder.AbstractBuilder.accept(AbstractBuilder.java:54)
Caused by: com.github.javaparser.resolution.UnsolvedSymbolException: Unsolved symbol in de.uka.ilkd.key.java.JavaParserFactory$DynamicTypeSolver@725185cc : java.lang.Object
	at com.github.javaparser.resolution.TypeSolver.solveType(TypeSolver.java:71)

34034      ERROR Test worker     d.u.i.k.n.b.AbstractBuilder  com.github.javaparser.resolution.UnsolvedSymbolException: Unsolved symbol in de.uka.ilkd.key.java.JavaParserFactory$DynamicTypeSolver@725185cc : java.lang.Object
	at com.github.javaparser.resolution.TypeSolver.solveType(TypeSolver.java:71)

34034      ERROR Test worker     d.u.i.k.n.b.TacletPBuilder Error in parsing taclet. de.uka.ilkd.key.util.parsing.BuildingException: Unsolved symbol in de.uka.ilkd.key.java.JavaParserFactory$DynamicTypeSolver@725185cc : java.lang.Object at file:/D:/a/key/key/key.core/build/resources/main/de/uka/ilkd/key/proof/rules/javaRules.key:2536:15
	at de.uka.ilkd.key.nparser.builder.AbstractBuilder.accept(AbstractBuilder.java:54)
Caused by: com.github.javaparser.resolution.UnsolvedSymbolException: Unsolved symbol in de.uka.ilkd.key.java.JavaParserFactory$DynamicTypeSolver@725185cc : java.lang.Object
	at com.github.javaparser.resolution.TypeSolver.solveType(TypeSolver.java:71)

34034      ERROR Test worker     d.u.i.k.n.b.AbstractBuilder  com.github.javaparser.resolution.UnsolvedSymbolException: Unsolved symbol in de.uka.ilkd.key.java.JavaParserFactory$DynamicTypeSolver@725185cc : java.lang.Object
	at com.github.javaparser.resolution.TypeSolver.solveType(TypeSolver.java:71)

34034      ERROR Test worker     d.u.i.k.n.b.TacletPBuilder Error in parsing taclet. de.uka.ilkd.key.util.parsing.BuildingException: Unsolved symbol in de.uka.ilkd.key.java.JavaParserFactory$DynamicTypeSolver@725185cc : java.lang.Object at file:/D:/a/key/key/key.core/build/resources/main/de/uka/ilkd/key/proof/rules/javaRules.key:2544:15
	at de.uka.ilkd.key.nparser.builder.AbstractBuilder.accept(AbstractBuilder.java:54)
Caused by: com.github.javaparser.resolution.UnsolvedSymbolException: Unsolved symbol in de.uka.ilkd.key.java.JavaParserFactory$DynamicTypeSolver@725185cc : java.lang.Object
	at com.github.javaparser.resolution.TypeSolver.solveType(TypeSolver.java:71)

34034      ERROR Test worker     d.u.i.k.n.b.AbstractBuilder  com.github.javaparser.resolution.UnsolvedSymbolException: Unsolved symbol in de.uka.ilkd.key.java.JavaParserFactory$DynamicTypeSolver@725185cc : java.lang.Object
	at com.github.javaparser.resolution.TypeSolver.solveType(TypeSolver.java:71)

34034      ERROR Test worker     d.u.i.k.n.b.TacletPBuilder Error in parsing taclet. de.uka.ilkd.key.util.parsing.BuildingException: Unsolved symbol in de.uka.ilkd.key.java.JavaParserFactory$DynamicTypeSolver@725185cc : java.lang.Object at file:/D:/a/key/key/key.core/build/resources/main/de/uka/ilkd/key/proof/rules/javaRules.key:2552:15
	at de.uka.ilkd.key.nparser.builder.AbstractBuilder.accept(AbstractBuilder.java:54)
Caused by: com.github.javaparser.resolution.UnsolvedSymbolException: Unsolved symbol in de.uka.ilkd.key.java.JavaParserFactory$DynamicTypeSolver@725185cc : java.lang.Object
	at com.github.javaparser.resolution.TypeSolver.solveType(TypeSolver.java:71)

34034      ERROR Test worker     d.u.i.k.n.b.AbstractBuilder  com.github.javaparser.resolution.UnsolvedSymbolException: Unsolved symbol in de.uka.ilkd.key.java.JavaParserFactory$DynamicTypeSolver@725185cc : java.lang.Object
	at com.github.javaparser.resolution.TypeSolver.solveType(TypeSolver.java:71)

34034      ERROR Test worker     d.u.i.k.n.b.TacletPBuilder Error in parsing taclet. de.uka.ilkd.key.util.parsing.BuildingException: Unsolved symbol in de.uka.ilkd.key.java.JavaParserFactory$DynamicTypeSolver@725185cc : java.lang.Object at file:/D:/a/key/key/key.core/build/resources/main/de/uka/ilkd/key/proof/rules/javaRules.key:2560:15
	at de.uka.ilkd.key.nparser.builder.AbstractBuilder.accept(AbstractBuilder.java:54)
Caused by: com.github.javaparser.resolution.UnsolvedSymbolException: Unsolved symbol in de.uka.ilkd.key.java.JavaParserFactory$DynamicTypeSolver@725185cc : java.lang.Object
	at com.github.javaparser.resolution.TypeSolver.solveType(TypeSolver.java:71)

34034      ERROR Test worker     d.u.i.k.n.b.AbstractBuilder  com.github.javaparser.resolution.UnsolvedSymbolException: Unsolved symbol in de.uka.ilkd.key.java.JavaParserFactory$DynamicTypeSolver@725185cc : java.lang.Object
	at com.github.javaparser.resolution.TypeSolver.solveType(TypeSolver.java:71)

34034      ERROR Test worker     d.u.i.k.n.b.TacletPBuilder Error in parsing taclet. de.uka.ilkd.key.util.parsing.BuildingException: Unsolved symbol in de.uka.ilkd.key.java.JavaParserFactory$DynamicTypeSolver@725185cc : java.lang.Object at file:/D:/a/key/key/key.core/build/resources/main/de/uka/ilkd/key/proof/rules/javaRules.key:2568:15
	at de.uka.ilkd.key.nparser.builder.AbstractBuilder.accept(AbstractBuilder.java:54)
Caused by: com.github.javaparser.resolution.UnsolvedSymbolException: Unsolved symbol in de.uka.ilkd.key.java.JavaParserFactory$DynamicTypeSolver@725185cc : java.lang.Object
	at com.github.javaparser.resolution.TypeSolver.solveType(TypeSolver.java:71)

34034      ERROR Test worker     d.u.i.k.n.b.AbstractBuilder  com.github.javaparser.resolution.UnsolvedSymbolException: Unsolved symbol in de.uka.ilkd.key.java.JavaParserFactory$DynamicTypeSolver@725185cc : java.lang.Object
	at com.github.javaparser.resolution.TypeSolver.solveType(TypeSolver.java:71)

34034      ERROR Test worker     d.u.i.k.n.b.TacletPBuilder Error in parsing taclet. de.uka.ilkd.key.util.parsing.BuildingException: Unsolved symbol in de.uka.ilkd.key.java.JavaParserFactory$DynamicTypeSolver@725185cc : java.lang.Object at file:/D:/a/key/key/key.core/build/resources/main/de/uka/ilkd/key/proof/rules/javaRules.key:2576:15
	at de.uka.ilkd.key.nparser.builder.AbstractBuilder.accept(AbstractBuilder.java:54)
Caused by: com.github.javaparser.resolution.UnsolvedSymbolException: Unsolved symbol in de.uka.ilkd.key.java.JavaParserFactory$DynamicTypeSolver@725185cc : java.lang.Object
	at com.github.javaparser.resolution.TypeSolver.solveType(TypeSolver.java:71)

34050      ERROR Test worker     d.u.i.k.n.b.AbstractBuilder  com.github.javaparser.resolution.UnsolvedSymbolException: Unsolved symbol in de.uka.ilkd.key.java.JavaParserFactory$DynamicTypeSolver@725185cc : java.lang.Object
	at com.github.javaparser.resolution.TypeSolver.solveType(TypeSolver.java:71)

34050      ERROR Test worker     d.u.i.k.n.b.TacletPBuilder Error in parsing taclet. de.uka.ilkd.key.util.parsing.BuildingException: Unsolved symbol in de.uka.ilkd.key.java.JavaParserFactory$DynamicTypeSolver@725185cc : java.lang.Object at file:/D:/a/key/key/key.core/build/resources/main/de/uka/ilkd/key/proof/rules/javaRules.key:2584:15
	at de.uka.ilkd.key.nparser.builder.AbstractBuilder.accept(AbstractBuilder.java:54)
Caused by: com.github.javaparser.resolution.UnsolvedSymbolException: Unsolved symbol in de.uka.ilkd.key.java.JavaParserFactory$DynamicTypeSolver@725185cc : java.lang.Object
	at com.github.javaparser.resolution.TypeSolver.solveType(TypeSolver.java:71)

34050      ERROR Test worker     d.u.i.k.n.b.AbstractBuilder  com.github.javaparser.resolution.UnsolvedSymbolException: Unsolved symbol in de.uka.ilkd.key.java.JavaParserFactory$DynamicTypeSolver@725185cc : java.lang.Object
	at com.github.javaparser.resolution.TypeSolver.solveType(TypeSolver.java:71)

34050      ERROR Test worker     d.u.i.k.n.b.TacletPBuilder Error in parsing taclet. de.uka.ilkd.key.util.parsing.BuildingException: Unsolved symbol in de.uka.ilkd.key.java.JavaParserFactory$DynamicTypeSolver@725185cc : java.lang.Object at file:/D:/a/key/key/key.core/build/resources/main/de/uka/ilkd/key/proof/rules/javaRules.key:2592:15
	at de.uka.ilkd.key.nparser.builder.AbstractBuilder.accept(AbstractBuilder.java:54)
Caused by: com.github.javaparser.resolution.UnsolvedSymbolException: Unsolved symbol in de.uka.ilkd.key.java.JavaParserFactory$DynamicTypeSolver@725185cc : java.lang.Object
	at com.github.javaparser.resolution.TypeSolver.solveType(TypeSolver.java:71)

34050      ERROR Test worker     d.u.i.k.n.b.AbstractBuilder  com.github.javaparser.resolution.UnsolvedSymbolException: Unsolved symbol in de.uka.ilkd.key.java.JavaParserFactory$DynamicTypeSolver@725185cc : java.lang.Object
	at com.github.javaparser.resolution.TypeSolver.solveType(TypeSolver.java:71)

34050      ERROR Test worker     d.u.i.k.n.b.TacletPBuilder Error in parsing taclet. de.uka.ilkd.key.util.parsing.BuildingException: Unsolved symbol in de.uka.ilkd.key.java.JavaParserFactory$DynamicTypeSolver@725185cc : java.lang.Object at file:/D:/a/key/key/key.core/build/resources/main/de/uka/ilkd/key/proof/rules/javaRules.key:2600:15
	at de.uka.ilkd.key.nparser.builder.AbstractBuilder.accept(AbstractBuilder.java:54)
Caused by: com.github.javaparser.resolution.UnsolvedSymbolException: Unsolved symbol in de.uka.ilkd.key.java.JavaParserFactory$DynamicTypeSolver@725185cc : java.lang.Object
	at com.github.javaparser.resolution.TypeSolver.solveType(TypeSolver.java:71)

34050      ERROR Test worker     d.u.i.k.n.b.AbstractBuilder  com.github.javaparser.resolution.UnsolvedSymbolException: Unsolved symbol in de.uka.ilkd.key.java.JavaParserFactory$DynamicTypeSolver@725185cc : java.lang.Object
	at com.github.javaparser.resolution.TypeSolver.solveType(TypeSolver.java:71)

34050      ERROR Test worker     d.u.i.k.n.b.TacletPBuilder Error in parsing taclet. de.uka.ilkd.key.util.parsing.BuildingException: Unsolved symbol in de.uka.ilkd.key.java.JavaParserFactory$DynamicTypeSolver@725185cc : java.lang.Object at file:/D:/a/key/key/key.core/build/resources/main/de/uka/ilkd/key/proof/rules/javaRules.key:2608:15
	at de.uka.ilkd.key.nparser.builder.AbstractBuilder.accept(AbstractBuilder.java:54)
Caused by: com.github.javaparser.resolution.UnsolvedSymbolException: Unsolved symbol in de.uka.ilkd.key.java.JavaParserFactory$DynamicTypeSolver@725185cc : java.lang.Object
	at com.github.javaparser.resolution.TypeSolver.solveType(TypeSolver.java:71)

34050      ERROR Test worker     d.u.i.k.n.b.AbstractBuilder  com.github.javaparser.resolution.UnsolvedSymbolException: Unsolved symbol in de.uka.ilkd.key.java.JavaParserFactory$DynamicTypeSolver@725185cc : java.lang.Object
	at com.github.javaparser.resolution.TypeSolver.solveType(TypeSolver.java:71)

34050      ERROR Test worker     d.u.i.k.n.b.TacletPBuilder Error in parsing taclet. de.uka.ilkd.key.util.parsing.BuildingException: Unsolved symbol in de.uka.ilkd.key.java.JavaParserFactory$DynamicTypeSolver@725185cc : java.lang.Object at file:/D:/a/key/key/key.core/build/resources/main/de/uka/ilkd/key/proof/rules/javaRules.key:2616:15
	at de.uka.ilkd.key.nparser.builder.AbstractBuilder.accept(AbstractBuilder.java:54)
Caused by: com.github.javaparser.resolution.UnsolvedSymbolException: Unsolved symbol in de.uka.ilkd.key.java.JavaParserFactory$DynamicTypeSolver@725185cc : java.lang.Object
	at com.github.javaparser.resolution.TypeSolver.solveType(TypeSolver.java:71)

34050      ERROR Test worker     d.u.i.k.n.b.AbstractBuilder  com.github.javaparser.resolution.UnsolvedSymbolException: Unsolved symbol in de.uka.ilkd.key.java.JavaParserFactory$DynamicTypeSolver@725185cc : java.lang.Object
	at com.github.javaparser.resolution.TypeSolver.solveType(TypeSolver.java:71)

34050      ERROR Test worker     d.u.i.k.n.b.TacletPBuilder Error in parsing taclet. de.uka.ilkd.key.util.parsing.BuildingException: Unsolved symbol in de.uka.ilkd.key.java.JavaParserFactory$DynamicTypeSolver@725185cc : java.lang.Object at file:/D:/a/key/key/key.core/build/resources/main/de/uka/ilkd/key/proof/rules/javaRules.key:2624:15
	at de.uka.ilkd.key.nparser.builder.AbstractBuilder.accept(AbstractBuilder.java:54)
Caused by: com.github.javaparser.resolution.UnsolvedSymbolException: Unsolved symbol in de.uka.ilkd.key.java.JavaParserFactory$DynamicTypeSolver@725185cc : java.lang.Object
	at com.github.javaparser.resolution.TypeSolver.solveType(TypeSolver.java:71)

34050      ERROR Test worker     d.u.i.k.n.b.AbstractBuilder  com.github.javaparser.resolution.UnsolvedSymbolException: Unsolved symbol in de.uka.ilkd.key.java.JavaParserFactory$DynamicTypeSolver@725185cc : java.lang.Object
	at com.github.javaparser.resolution.TypeSolver.solveType(TypeSolver.java:71)

34050      ERROR Test worker     d.u.i.k.n.b.TacletPBuilder Error in parsing taclet. de.uka.ilkd.key.util.parsing.BuildingException: Unsolved symbol in de.uka.ilkd.key.java.JavaParserFactory$DynamicTypeSolver@725185cc : java.lang.Object at file:/D:/a/key/key/key.core/build/resources/main/de/uka/ilkd/key/proof/rules/javaRules.key:2632:15
	at de.uka.ilkd.key.nparser.builder.AbstractBuilder.accept(AbstractBuilder.java:54)
Caused by: com.github.javaparser.resolution.UnsolvedSymbolException: Unsolved symbol in de.uka.ilkd.key.java.JavaParserFactory$DynamicTypeSolver@725185cc : java.lang.Object
	at com.github.javaparser.resolution.TypeSolver.solveType(TypeSolver.java:71)

34050      ERROR Test worker     d.u.i.k.n.b.AbstractBuilder  com.github.javaparser.resolution.UnsolvedSymbolException: Unsolved symbol in de.uka.ilkd.key.java.JavaParserFactory$DynamicTypeSolver@725185cc : java.lang.Object
	at com.github.javaparser.resolution.TypeSolver.solveType(TypeSolver.java:71)

34050      ERROR Test worker     d.u.i.k.n.b.TacletPBuilder Error in parsing taclet. de.uka.ilkd.key.util.parsing.BuildingException: Unsolved symbol in de.uka.ilkd.key.java.JavaParserFactory$DynamicTypeSolver@725185cc : java.lang.Object at file:/D:/a/key/key/key.core/build/resources/main/de/uka/ilkd/key/proof/rules/javaRules.key:2640:15
	at de.uka.ilkd.key.nparser.builder.AbstractBuilder.accept(AbstractBuilder.java:54)
Caused by: com.github.javaparser.resolution.UnsolvedSymbolException: Unsolved symbol in de.uka.ilkd.key.java.JavaParserFactory$DynamicTypeSolver@725185cc : java.lang.Object
	at com.github.javaparser.resolution.TypeSolver.solveType(TypeSolver.java:71)

34050      ERROR Test worker     d.u.i.k.n.b.AbstractBuilder  com.github.javaparser.resolution.UnsolvedSymbolException: Unsolved symbol in de.uka.ilkd.key.java.JavaParserFactory$DynamicTypeSolver@725185cc : java.lang.Object
	at com.github.javaparser.resolution.TypeSolver.solveType(TypeSolver.java:71)

34050      ERROR Test worker     d.u.i.k.n.b.TacletPBuilder Error in parsing taclet. de.uka.ilkd.key.util.parsing.BuildingException: Unsolved symbol in de.uka.ilkd.key.java.JavaParserFactory$DynamicTypeSolver@725185cc : java.lang.Object at file:/D:/a/key/key/key.core/build/resources/main/de/uka/ilkd/key/proof/rules/javaRules.key:2648:15
	at de.uka.ilkd.key.nparser.builder.AbstractBuilder.accept(AbstractBuilder.java:54)
Caused by: com.github.javaparser.resolution.UnsolvedSymbolException: Unsolved symbol in de.uka.ilkd.key.java.JavaParserFactory$DynamicTypeSolver@725185cc : java.lang.Object
	at com.github.javaparser.resolution.TypeSolver.solveType(TypeSolver.java:71)

34066      ERROR Test worker     d.u.i.k.n.b.AbstractBuilder  com.github.javaparser.resolution.UnsolvedSymbolException: Unsolved symbol in de.uka.ilkd.key.java.JavaParserFactory$DynamicTypeSolver@725185cc : java.lang.Object
	at com.github.javaparser.resolution.TypeSolver.solveType(TypeSolver.java:71)

34066      ERROR Test worker     d.u.i.k.n.b.TacletPBuilder Error in parsing taclet. de.uka.ilkd.key.util.parsing.BuildingException: Unsolved symbol in de.uka.ilkd.key.java.JavaParserFactory$DynamicTypeSolver@725185cc : java.lang.Object at file:/D:/a/key/key/key.core/build/resources/main/de/uka/ilkd/key/proof/rules/javaRules.key:2663:15
	at de.uka.ilkd.key.nparser.builder.AbstractBuilder.accept(AbstractBuilder.java:54)
Caused by: com.github.javaparser.resolution.UnsolvedSymbolException: Unsolved symbol in de.uka.ilkd.key.java.JavaParserFactory$DynamicTypeSolver@725185cc : java.lang.Object
	at com.github.javaparser.resolution.TypeSolver.solveType(TypeSolver.java:71)

34066      ERROR Test worker     d.u.i.k.n.b.AbstractBuilder  com.github.javaparser.resolution.UnsolvedSymbolException: Unsolved symbol in de.uka.ilkd.key.java.JavaParserFactory$DynamicTypeSolver@725185cc : java.lang.Object
	at com.github.javaparser.resolution.TypeSolver.solveType(TypeSolver.java:71)

34066      ERROR Test worker     d.u.i.k.n.b.TacletPBuilder Error in parsing taclet. de.uka.ilkd.key.util.parsing.BuildingException: Unsolved symbol in de.uka.ilkd.key.java.JavaParserFactory$DynamicTypeSolver@725185cc : java.lang.Object at file:/D:/a/key/key/key.core/build/resources/main/de/uka/ilkd/key/proof/rules/javaRules.key:2670:15
	at de.uka.ilkd.key.nparser.builder.AbstractBuilder.accept(AbstractBuilder.java:54)
Caused by: com.github.javaparser.resolution.UnsolvedSymbolException: Unsolved symbol in de.uka.ilkd.key.java.JavaParserFactory$DynamicTypeSolver@725185cc : java.lang.Object
	at com.github.javaparser.resolution.TypeSolver.solveType(TypeSolver.java:71)

34066      ERROR Test worker     d.u.i.k.n.b.AbstractBuilder  com.github.javaparser.resolution.UnsolvedSymbolException: Unsolved symbol in de.uka.ilkd.key.java.JavaParserFactory$DynamicTypeSolver@725185cc : java.lang.Object
	at com.github.javaparser.resolution.TypeSolver.solveType(TypeSolver.java:71)

34066      ERROR Test worker     d.u.i.k.n.b.TacletPBuilder Error in parsing taclet. de.uka.ilkd.key.util.parsing.BuildingException: Unsolved symbol in de.uka.ilkd.key.java.JavaParserFactory$DynamicTypeSolver@725185cc : java.lang.Object at file:/D:/a/key/key/key.core/build/resources/main/de/uka/ilkd/key/proof/rules/javaRules.key:2678:15
	at de.uka.ilkd.key.nparser.builder.AbstractBuilder.accept(AbstractBuilder.java:54)
Caused by: com.github.javaparser.resolution.UnsolvedSymbolException: Unsolved symbol in de.uka.ilkd.key.java.JavaParserFactory$DynamicTypeSolver@725185cc : java.lang.Object
	at com.github.javaparser.resolution.TypeSolver.solveType(TypeSolver.java:71)

34066      ERROR Test worker     d.u.i.k.n.b.AbstractBuilder  com.github.javaparser.resolution.UnsolvedSymbolException: Unsolved symbol in de.uka.ilkd.key.java.JavaParserFactory$DynamicTypeSolver@725185cc : java.lang.Object
	at com.github.javaparser.resolution.TypeSolver.solveType(TypeSolver.java:71)

34066      ERROR Test worker     d.u.i.k.n.b.TacletPBuilder Error in parsing taclet. de.uka.ilkd.key.util.parsing.BuildingException: Unsolved symbol in de.uka.ilkd.key.java.JavaParserFactory$DynamicTypeSolver@725185cc : java.lang.Object at file:/D:/a/key/key/key.core/build/resources/main/de/uka/ilkd/key/proof/rules/javaRules.key:2685:15
	at de.uka.ilkd.key.nparser.builder.AbstractBuilder.accept(AbstractBuilder.java:54)
Caused by: com.github.javaparser.resolution.UnsolvedSymbolException: Unsolved symbol in de.uka.ilkd.key.java.JavaParserFactory$DynamicTypeSolver@725185cc : java.lang.Object
	at com.github.javaparser.resolution.TypeSolver.solveType(TypeSolver.java:71)

34066      ERROR Test worker     d.u.i.k.n.b.AbstractBuilder  com.github.javaparser.resolution.UnsolvedSymbolException: Unsolved symbol in de.uka.ilkd.key.java.JavaParserFactory$DynamicTypeSolver@725185cc : java.lang.Object
	at com.github.javaparser.resolution.TypeSolver.solveType(TypeSolver.java:71)

34066      ERROR Test worker     d.u.i.k.n.b.TacletPBuilder Error in parsing taclet. de.uka.ilkd.key.util.parsing.BuildingException: Unsolved symbol in de.uka.ilkd.key.java.JavaParserFactory$DynamicTypeSolver@725185cc : java.lang.Object at file:/D:/a/key/key/key.core/build/resources/main/de/uka/ilkd/key/proof/rules/javaRules.key:2693:15
	at de.uka.ilkd.key.nparser.builder.AbstractBuilder.accept(AbstractBuilder.java:54)
Caused by: com.github.javaparser.resolution.UnsolvedSymbolException: Unsolved symbol in de.uka.ilkd.key.java.JavaParserFactory$DynamicTypeSolver@725185cc : java.lang.Object
	at com.github.javaparser.resolution.TypeSolver.solveType(TypeSolver.java:71)

34066      ERROR Test worker     d.u.i.k.n.b.AbstractBuilder  com.github.javaparser.resolution.UnsolvedSymbolException: Unsolved symbol in de.uka.ilkd.key.java.JavaParserFactory$DynamicTypeSolver@725185cc : java.lang.Object
	at com.github.javaparser.resolution.TypeSolver.solveType(TypeSolver.java:71)

34066      ERROR Test worker     d.u.i.k.n.b.TacletPBuilder Error in parsing taclet. de.uka.ilkd.key.util.parsing.BuildingException: Unsolved symbol in de.uka.ilkd.key.java.JavaParserFactory$DynamicTypeSolver@725185cc : java.lang.Object at file:/D:/a/key/key/key.core/build/resources/main/de/uka/ilkd/key/proof/rules/javaRules.key:2701:15
	at de.uka.ilkd.key.nparser.builder.AbstractBuilder.accept(AbstractBuilder.java:54)
Caused by: com.github.javaparser.resolution.UnsolvedSymbolException: Unsolved symbol in de.uka.ilkd.key.java.JavaParserFactory$DynamicTypeSolver@725185cc : java.lang.Object
	at com.github.javaparser.resolution.TypeSolver.solveType(TypeSolver.java:71)

34066      ERROR Test worker     d.u.i.k.n.b.AbstractBuilder  com.github.javaparser.resolution.UnsolvedSymbolException: Unsolved symbol in de.uka.ilkd.key.java.JavaParserFactory$DynamicTypeSolver@725185cc : java.lang.Object
	at com.github.javaparser.resolution.TypeSolver.solveType(TypeSolver.java:71)

34066      ERROR Test worker     d.u.i.k.n.b.TacletPBuilder Error in parsing taclet. de.uka.ilkd.key.util.parsing.BuildingException: Unsolved symbol in de.uka.ilkd.key.java.JavaParserFactory$DynamicTypeSolver@725185cc : java.lang.Object at file:/D:/a/key/key/key.core/build/resources/main/de/uka/ilkd/key/proof/rules/javaRules.key:2710:15
	at de.uka.ilkd.key.nparser.builder.AbstractBuilder.accept(AbstractBuilder.java:54)
Caused by: com.github.javaparser.resolution.UnsolvedSymbolException: Unsolved symbol in de.uka.ilkd.key.java.JavaParserFactory$DynamicTypeSolver@725185cc : java.lang.Object
	at com.github.javaparser.resolution.TypeSolver.solveType(TypeSolver.java:71)

34066      ERROR Test worker     d.u.i.k.n.b.AbstractBuilder  com.github.javaparser.resolution.UnsolvedSymbolException: Unsolved symbol in de.uka.ilkd.key.java.JavaParserFactory$DynamicTypeSolver@725185cc : java.lang.Object
	at com.github.javaparser.resolution.TypeSolver.solveType(TypeSolver.java:71)

34066      ERROR Test worker     d.u.i.k.n.b.TacletPBuilder Error in parsing taclet. de.uka.ilkd.key.util.parsing.BuildingException: Unsolved symbol in de.uka.ilkd.key.java.JavaParserFactory$DynamicTypeSolver@725185cc : java.lang.Object at file:/D:/a/key/key/key.core/build/resources/main/de/uka/ilkd/key/proof/rules/javaRules.key:2718:15
	at de.uka.ilkd.key.nparser.builder.AbstractBuilder.accept(AbstractBuilder.java:54)
Caused by: com.github.javaparser.resolution.UnsolvedSymbolException: Unsolved symbol in de.uka.ilkd.key.java.JavaParserFactory$DynamicTypeSolver@725185cc : java.lang.Object
	at com.github.javaparser.resolution.TypeSolver.solveType(TypeSolver.java:71)

34066      ERROR Test worker     d.u.i.k.n.b.AbstractBuilder  com.github.javaparser.resolution.UnsolvedSymbolException: Unsolved symbol in de.uka.ilkd.key.java.JavaParserFactory$DynamicTypeSolver@725185cc : java.lang.Object
	at com.github.javaparser.resolution.TypeSolver.solveType(TypeSolver.java:71)

34066      ERROR Test worker     d.u.i.k.n.b.TacletPBuilder Error in parsing taclet. de.uka.ilkd.key.util.parsing.BuildingException: Unsolved symbol in de.uka.ilkd.key.java.JavaParserFactory$DynamicTypeSolver@725185cc : java.lang.Object at file:/D:/a/key/key/key.core/build/resources/main/de/uka/ilkd/key/proof/rules/javaRules.key:2725:15
	at de.uka.ilkd.key.nparser.builder.AbstractBuilder.accept(AbstractBuilder.java:54)
Caused by: com.github.javaparser.resolution.UnsolvedSymbolException: Unsolved symbol in de.uka.ilkd.key.java.JavaParserFactory$DynamicTypeSolver@725185cc : java.lang.Object
	at com.github.javaparser.resolution.TypeSolver.solveType(TypeSolver.java:71)

34081      ERROR Test worker     d.u.i.k.n.b.AbstractBuilder  com.github.javaparser.resolution.UnsolvedSymbolException: Unsolved symbol in de.uka.ilkd.key.java.JavaParserFactory$DynamicTypeSolver@725185cc : java.lang.Object
	at com.github.javaparser.resolution.TypeSolver.solveType(TypeSolver.java:71)

34081      ERROR Test worker     d.u.i.k.n.b.TacletPBuilder Error in parsing taclet. de.uka.ilkd.key.util.parsing.BuildingException: Unsolved symbol in de.uka.ilkd.key.java.JavaParserFactory$DynamicTypeSolver@725185cc : java.lang.Object at file:/D:/a/key/key/key.core/build/resources/main/de/uka/ilkd/key/proof/rules/javaRules.key:2733:15
	at de.uka.ilkd.key.nparser.builder.AbstractBuilder.accept(AbstractBuilder.java:54)
Caused by: com.github.javaparser.resolution.UnsolvedSymbolException: Unsolved symbol in de.uka.ilkd.key.java.JavaParserFactory$DynamicTypeSolver@725185cc : java.lang.Object
	at com.github.javaparser.resolution.TypeSolver.solveType(TypeSolver.java:71)

34081      ERROR Test worker     d.u.i.k.n.b.AbstractBuilder  com.github.javaparser.resolution.UnsolvedSymbolException: Unsolved symbol in de.uka.ilkd.key.java.JavaParserFactory$DynamicTypeSolver@725185cc : java.lang.Object
	at com.github.javaparser.resolution.TypeSolver.solveType(TypeSolver.java:71)

34081      ERROR Test worker     d.u.i.k.n.b.TacletPBuilder Error in parsing taclet. de.uka.ilkd.key.util.parsing.BuildingException: Unsolved symbol in de.uka.ilkd.key.java.JavaParserFactory$DynamicTypeSolver@725185cc : java.lang.Object at file:/D:/a/key/key/key.core/build/resources/main/de/uka/ilkd/key/proof/rules/javaRules.key:2741:15
	at de.uka.ilkd.key.nparser.builder.AbstractBuilder.accept(AbstractBuilder.java:54)
Caused by: com.github.javaparser.resolution.UnsolvedSymbolException: Unsolved symbol in de.uka.ilkd.key.java.JavaParserFactory$DynamicTypeSolver@725185cc : java.lang.Object
	at com.github.javaparser.resolution.TypeSolver.solveType(TypeSolver.java:71)

34081      ERROR Test worker     d.u.i.k.n.b.AbstractBuilder  com.github.javaparser.resolution.UnsolvedSymbolException: Unsolved symbol in de.uka.ilkd.key.java.JavaParserFactory$DynamicTypeSolver@725185cc : java.lang.Object
	at com.github.javaparser.resolution.TypeSolver.solveType(TypeSolver.java:71)

34081      ERROR Test worker     d.u.i.k.n.b.TacletPBuilder Error in parsing taclet. de.uka.ilkd.key.util.parsing.BuildingException: Unsolved symbol in de.uka.ilkd.key.java.JavaParserFactory$DynamicTypeSolver@725185cc : java.lang.Object at file:/D:/a/key/key/key.core/build/resources/main/de/uka/ilkd/key/proof/rules/javaRules.key:2750:15
	at de.uka.ilkd.key.nparser.builder.AbstractBuilder.accept(AbstractBuilder.java:54)
Caused by: com.github.javaparser.resolution.UnsolvedSymbolException: Unsolved symbol in de.uka.ilkd.key.java.JavaParserFactory$DynamicTypeSolver@725185cc : java.lang.Object
	at com.github.javaparser.resolution.TypeSolver.solveType(TypeSolver.java:71)

34081      ERROR Test worker     d.u.i.k.n.b.AbstractBuilder  com.github.javaparser.resolution.UnsolvedSymbolException: Unsolved symbol in de.uka.ilkd.key.java.JavaParserFactory$DynamicTypeSolver@725185cc : java.lang.Object
	at com.github.javaparser.resolution.TypeSolver.solveType(TypeSolver.java:71)

34081      ERROR Test worker     d.u.i.k.n.b.TacletPBuilder Error in parsing taclet. de.uka.ilkd.key.util.parsing.BuildingException: Unsolved symbol in de.uka.ilkd.key.java.JavaParserFactory$DynamicTypeSolver@725185cc : java.lang.Object at file:/D:/a/key/key/key.core/build/resources/main/de/uka/ilkd/key/proof/rules/javaRules.key:2758:15
	at de.uka.ilkd.key.nparser.builder.AbstractBuilder.accept(AbstractBuilder.java:54)
Caused by: com.github.javaparser.resolution.UnsolvedSymbolException: Unsolved symbol in de.uka.ilkd.key.java.JavaParserFactory$DynamicTypeSolver@725185cc : java.lang.Object
	at com.github.javaparser.resolution.TypeSolver.solveType(TypeSolver.java:71)

34081      ERROR Test worker     d.u.i.k.n.b.AbstractBuilder  com.github.javaparser.resolution.UnsolvedSymbolException: Unsolved symbol in de.uka.ilkd.key.java.JavaParserFactory$DynamicTypeSolver@725185cc : java.lang.Object
	at com.github.javaparser.resolution.TypeSolver.solveType(TypeSolver.java:71)

34081      ERROR Test worker     d.u.i.k.n.b.TacletPBuilder Error in parsing taclet. de.uka.ilkd.key.util.parsing.BuildingException: Unsolved symbol in de.uka.ilkd.key.java.JavaParserFactory$DynamicTypeSolver@725185cc : java.lang.Object at file:/D:/a/key/key/key.core/build/resources/main/de/uka/ilkd/key/proof/rules/javaRules.key:2767:15
	at de.uka.ilkd.key.nparser.builder.AbstractBuilder.accept(AbstractBuilder.java:54)
Caused by: com.github.javaparser.resolution.UnsolvedSymbolException: Unsolved symbol in de.uka.ilkd.key.java.JavaParserFactory$DynamicTypeSolver@725185cc : java.lang.Object
	at com.github.javaparser.resolution.TypeSolver.solveType(TypeSolver.java:71)

34081      ERROR Test worker     d.u.i.k.n.b.AbstractBuilder  com.github.javaparser.resolution.UnsolvedSymbolException: Unsolved symbol in de.uka.ilkd.key.java.JavaParserFactory$DynamicTypeSolver@725185cc : java.lang.Object
	at com.github.javaparser.resolution.TypeSolver.solveType(TypeSolver.java:71)

34081      ERROR Test worker     d.u.i.k.n.b.TacletPBuilder Error in parsing taclet. de.uka.ilkd.key.util.parsing.BuildingException: Unsolved symbol in de.uka.ilkd.key.java.JavaParserFactory$DynamicTypeSolver@725185cc : java.lang.Object at file:/D:/a/key/key/key.core/build/resources/main/de/uka/ilkd/key/proof/rules/javaRules.key:2779:15
	at de.uka.ilkd.key.nparser.builder.AbstractBuilder.accept(AbstractBuilder.java:54)
Caused by: com.github.javaparser.resolution.UnsolvedSymbolException: Unsolved symbol in de.uka.ilkd.key.java.JavaParserFactory$DynamicTypeSolver@725185cc : java.lang.Object
	at com.github.javaparser.resolution.TypeSolver.solveType(TypeSolver.java:71)

34081      ERROR Test worker     d.u.i.k.n.b.AbstractBuilder  com.github.javaparser.resolution.UnsolvedSymbolException: Unsolved symbol in de.uka.ilkd.key.java.JavaParserFactory$DynamicTypeSolver@725185cc : java.lang.Object
	at com.github.javaparser.resolution.TypeSolver.solveType(TypeSolver.java:71)

34081      ERROR Test worker     d.u.i.k.n.b.TacletPBuilder Error in parsing taclet. de.uka.ilkd.key.util.parsing.BuildingException: Unsolved symbol in de.uka.ilkd.key.java.JavaParserFactory$DynamicTypeSolver@725185cc : java.lang.Object at file:/D:/a/key/key/key.core/build/resources/main/de/uka/ilkd/key/proof/rules/javaRules.key:2789:15
	at de.uka.ilkd.key.nparser.builder.AbstractBuilder.accept(AbstractBuilder.java:54)
Caused by: com.github.javaparser.resolution.UnsolvedSymbolException: Unsolved symbol in de.uka.ilkd.key.java.JavaParserFactory$DynamicTypeSolver@725185cc : java.lang.Object
	at com.github.javaparser.resolution.TypeSolver.solveType(TypeSolver.java:71)

34081      ERROR Test worker     d.u.i.k.n.b.AbstractBuilder  com.github.javaparser.resolution.UnsolvedSymbolException: Unsolved symbol in de.uka.ilkd.key.java.JavaParserFactory$DynamicTypeSolver@725185cc : java.lang.Object
	at com.github.javaparser.resolution.TypeSolver.solveType(TypeSolver.java:71)

34081      ERROR Test worker     d.u.i.k.n.b.TacletPBuilder Error in parsing taclet. de.uka.ilkd.key.util.parsing.BuildingException: Unsolved symbol in de.uka.ilkd.key.java.JavaParserFactory$DynamicTypeSolver@725185cc : java.lang.Object at file:/D:/a/key/key/key.core/build/resources/main/de/uka/ilkd/key/proof/rules/javaRules.key:2802:15
	at de.uka.ilkd.key.nparser.builder.AbstractBuilder.accept(AbstractBuilder.java:54)
Caused by: com.github.javaparser.resolution.UnsolvedSymbolException: Unsolved symbol in de.uka.ilkd.key.java.JavaParserFactory$DynamicTypeSolver@725185cc : java.lang.Object
	at com.github.javaparser.resolution.TypeSolver.solveType(TypeSolver.java:71)

34081      ERROR Test worker     d.u.i.k.n.b.AbstractBuilder  com.github.javaparser.resolution.UnsolvedSymbolException: Unsolved symbol in de.uka.ilkd.key.java.JavaParserFactory$DynamicTypeSolver@725185cc : java.lang.Object
	at com.github.javaparser.resolution.TypeSolver.solveType(TypeSolver.java:71)

34081      ERROR Test worker     d.u.i.k.n.b.TacletPBuilder Error in parsing taclet. de.uka.ilkd.key.util.parsing.BuildingException: Unsolved symbol in de.uka.ilkd.key.java.JavaParserFactory$DynamicTypeSolver@725185cc : java.lang.Object at file:/D:/a/key/key/key.core/build/resources/main/de/uka/ilkd/key/proof/rules/javaRules.key:2816:15
	at de.uka.ilkd.key.nparser.builder.AbstractBuilder.accept(AbstractBuilder.java:54)
Caused by: com.github.javaparser.resolution.UnsolvedSymbolException: Unsolved symbol in de.uka.ilkd.key.java.JavaParserFactory$DynamicTypeSolver@725185cc : java.lang.Object
	at com.github.javaparser.resolution.TypeSolver.solveType(TypeSolver.java:71)

34097      ERROR Test worker     d.u.i.k.n.b.AbstractBuilder  com.github.javaparser.resolution.UnsolvedSymbolException: Unsolved symbol in de.uka.ilkd.key.java.JavaParserFactory$DynamicTypeSolver@725185cc : java.lang.Object
	at com.github.javaparser.resolution.TypeSolver.solveType(TypeSolver.java:71)

34097      ERROR Test worker     d.u.i.k.n.b.TacletPBuilder Error in parsing taclet. de.uka.ilkd.key.util.parsing.BuildingException: Unsolved symbol in de.uka.ilkd.key.java.JavaParserFactory$DynamicTypeSolver@725185cc : java.lang.Object at file:/D:/a/key/key/key.core/build/resources/main/de/uka/ilkd/key/proof/rules/javaRules.key:2828:15
	at de.uka.ilkd.key.nparser.builder.AbstractBuilder.accept(AbstractBuilder.java:54)
Caused by: com.github.javaparser.resolution.UnsolvedSymbolException: Unsolved symbol in de.uka.ilkd.key.java.JavaParserFactory$DynamicTypeSolver@725185cc : java.lang.Object
	at com.github.javaparser.resolution.TypeSolver.solveType(TypeSolver.java:71)

34097      ERROR Test worker     d.u.i.k.n.b.AbstractBuilder  com.github.javaparser.resolution.UnsolvedSymbolException: Unsolved symbol in de.uka.ilkd.key.java.JavaParserFactory$DynamicTypeSolver@725185cc : java.lang.Object
	at com.github.javaparser.resolution.TypeSolver.solveType(TypeSolver.java:71)

34097      ERROR Test worker     d.u.i.k.n.b.TacletPBuilder Error in parsing taclet. de.uka.ilkd.key.util.parsing.BuildingException: Unsolved symbol in de.uka.ilkd.key.java.JavaParserFactory$DynamicTypeSolver@725185cc : java.lang.Object at file:/D:/a/key/key/key.core/build/resources/main/de/uka/ilkd/key/proof/rules/javaRules.key:2838:15
	at de.uka.ilkd.key.nparser.builder.AbstractBuilder.accept(AbstractBuilder.java:54)
Caused by: com.github.javaparser.resolution.UnsolvedSymbolException: Unsolved symbol in de.uka.ilkd.key.java.JavaParserFactory$DynamicTypeSolver@725185cc : java.lang.Object
	at com.github.javaparser.resolution.TypeSolver.solveType(TypeSolver.java:71)

34097      ERROR Test worker     d.u.i.k.n.b.AbstractBuilder  com.github.javaparser.resolution.UnsolvedSymbolException: Unsolved symbol in de.uka.ilkd.key.java.JavaParserFactory$DynamicTypeSolver@725185cc : java.lang.Object
	at com.github.javaparser.resolution.TypeSolver.solveType(TypeSolver.java:71)

34097      ERROR Test worker     d.u.i.k.n.b.TacletPBuilder Error in parsing taclet. de.uka.ilkd.key.util.parsing.BuildingException: Unsolved symbol in de.uka.ilkd.key.java.JavaParserFactory$DynamicTypeSolver@725185cc : java.lang.Object at file:/D:/a/key/key/key.core/build/resources/main/de/uka/ilkd/key/proof/rules/javaRules.key:2849:15
	at de.uka.ilkd.key.nparser.builder.AbstractBuilder.accept(AbstractBuilder.java:54)
Caused by: com.github.javaparser.resolution.UnsolvedSymbolException: Unsolved symbol in de.uka.ilkd.key.java.JavaParserFactory$DynamicTypeSolver@725185cc : java.lang.Object
	at com.github.javaparser.resolution.TypeSolver.solveType(TypeSolver.java:71)

34097      ERROR Test worker     d.u.i.k.n.b.AbstractBuilder  com.github.javaparser.resolution.UnsolvedSymbolException: Unsolved symbol in de.uka.ilkd.key.java.JavaParserFactory$DynamicTypeSolver@725185cc : java.lang.Object
	at com.github.javaparser.resolution.TypeSolver.solveType(TypeSolver.java:71)

34097      ERROR Test worker     d.u.i.k.n.b.TacletPBuilder Error in parsing taclet. de.uka.ilkd.key.util.parsing.BuildingException: Unsolved symbol in de.uka.ilkd.key.java.JavaParserFactory$DynamicTypeSolver@725185cc : java.lang.Object at file:/D:/a/key/key/key.core/build/resources/main/de/uka/ilkd/key/proof/rules/javaRules.key:2860:15
	at de.uka.ilkd.key.nparser.builder.AbstractBuilder.accept(AbstractBuilder.java:54)
Caused by: com.github.javaparser.resolution.UnsolvedSymbolException: Unsolved symbol in de.uka.ilkd.key.java.JavaParserFactory$DynamicTypeSolver@725185cc : java.lang.Object
	at com.github.javaparser.resolution.TypeSolver.solveType(TypeSolver.java:71)

34097      ERROR Test worker     d.u.i.k.n.b.AbstractBuilder  com.github.javaparser.resolution.UnsolvedSymbolException: Unsolved symbol in de.uka.ilkd.key.java.JavaParserFactory$DynamicTypeSolver@725185cc : java.lang.Object
	at com.github.javaparser.resolution.TypeSolver.solveType(TypeSolver.java:71)

34097      ERROR Test worker     d.u.i.k.n.b.TacletPBuilder Error in parsing taclet. de.uka.ilkd.key.util.parsing.BuildingException: Unsolved symbol in de.uka.ilkd.key.java.JavaParserFactory$DynamicTypeSolver@725185cc : java.lang.Object at file:/D:/a/key/key/key.core/build/resources/main/de/uka/ilkd/key/proof/rules/javaRules.key:2868:15
	at de.uka.ilkd.key.nparser.builder.AbstractBuilder.accept(AbstractBuilder.java:54)
Caused by: com.github.javaparser.resolution.UnsolvedSymbolException: Unsolved symbol in de.uka.ilkd.key.java.JavaParserFactory$DynamicTypeSolver@725185cc : java.lang.Object
	at com.github.javaparser.resolution.TypeSolver.solveType(TypeSolver.java:71)

34113      ERROR Test worker     d.u.i.k.n.b.AbstractBuilder  com.github.javaparser.resolution.UnsolvedSymbolException: Unsolved symbol in de.uka.ilkd.key.java.JavaParserFactory$DynamicTypeSolver@725185cc : java.lang.Object
	at com.github.javaparser.resolution.TypeSolver.solveType(TypeSolver.java:71)

34113      ERROR Test worker     d.u.i.k.n.b.TacletPBuilder Error in parsing taclet. de.uka.ilkd.key.util.parsing.BuildingException: Unsolved symbol in de.uka.ilkd.key.java.JavaParserFactory$DynamicTypeSolver@725185cc : java.lang.Object at file:/D:/a/key/key/key.core/build/resources/main/de/uka/ilkd/key/proof/rules/javaRules.key:2876:15
	at de.uka.ilkd.key.nparser.builder.AbstractBuilder.accept(AbstractBuilder.java:54)
Caused by: com.github.javaparser.resolution.UnsolvedSymbolException: Unsolved symbol in de.uka.ilkd.key.java.JavaParserFactory$DynamicTypeSolver@725185cc : java.lang.Object
	at com.github.javaparser.resolution.TypeSolver.solveType(TypeSolver.java:71)

34113      ERROR Test worker     d.u.i.k.n.b.AbstractBuilder  com.github.javaparser.resolution.UnsolvedSymbolException: Unsolved symbol in de.uka.ilkd.key.java.JavaParserFactory$DynamicTypeSolver@725185cc : java.lang.Object
	at com.github.javaparser.resolution.TypeSolver.solveType(TypeSolver.java:71)

34113      ERROR Test worker     d.u.i.k.n.b.TacletPBuilder Error in parsing taclet. de.uka.ilkd.key.util.parsing.BuildingException: Unsolved symbol in de.uka.ilkd.key.java.JavaParserFactory$DynamicTypeSolver@725185cc : java.lang.Object at file:/D:/a/key/key/key.core/build/resources/main/de/uka/ilkd/key/proof/rules/javaRules.key:2888:15
	at de.uka.ilkd.key.nparser.builder.AbstractBuilder.accept(AbstractBuilder.java:54)
Caused by: com.github.javaparser.resolution.UnsolvedSymbolException: Unsolved symbol in de.uka.ilkd.key.java.JavaParserFactory$DynamicTypeSolver@725185cc : java.lang.Object
	at com.github.javaparser.resolution.TypeSolver.solveType(TypeSolver.java:71)

34113      ERROR Test worker     d.u.i.k.n.b.AbstractBuilder  com.github.javaparser.resolution.UnsolvedSymbolException: Unsolved symbol in de.uka.ilkd.key.java.JavaParserFactory$DynamicTypeSolver@725185cc : java.lang.Object
	at com.github.javaparser.resolution.TypeSolver.solveType(TypeSolver.java:71)

34113      ERROR Test worker     d.u.i.k.n.b.TacletPBuilder Error in parsing taclet. de.uka.ilkd.key.util.parsing.BuildingException: Unsolved symbol in de.uka.ilkd.key.java.JavaParserFactory$DynamicTypeSolver@725185cc : java.lang.Object at file:/D:/a/key/key/key.core/build/resources/main/de/uka/ilkd/key/proof/rules/javaRules.key:2904:15
	at de.uka.ilkd.key.nparser.builder.AbstractBuilder.accept(AbstractBuilder.java:54)
Caused by: com.github.javaparser.resolution.UnsolvedSymbolException: Unsolved symbol in de.uka.ilkd.key.java.JavaParserFactory$DynamicTypeSolver@725185cc : java.lang.Object
	at com.github.javaparser.resolution.TypeSolver.solveType(TypeSolver.java:71)

34113      ERROR Test worker     d.u.i.k.n.b.AbstractBuilder  com.github.javaparser.resolution.UnsolvedSymbolException: Unsolved symbol in de.uka.ilkd.key.java.JavaParserFactory$DynamicTypeSolver@725185cc : java.lang.Object
	at com.github.javaparser.resolution.TypeSolver.solveType(TypeSolver.java:71)

34113      ERROR Test worker     d.u.i.k.n.b.TacletPBuilder Error in parsing taclet. de.uka.ilkd.key.util.parsing.BuildingException: Unsolved symbol in de.uka.ilkd.key.java.JavaParserFactory$DynamicTypeSolver@725185cc : java.lang.Object at file:/D:/a/key/key/key.core/build/resources/main/de/uka/ilkd/key/proof/rules/javaRules.key:2932:15
	at de.uka.ilkd.key.nparser.builder.AbstractBuilder.accept(AbstractBuilder.java:54)
Caused by: com.github.javaparser.resolution.UnsolvedSymbolException: Unsolved symbol in de.uka.ilkd.key.java.JavaParserFactory$DynamicTypeSolver@725185cc : java.lang.Object
	at com.github.javaparser.resolution.TypeSolver.solveType(TypeSolver.java:71)

34113      ERROR Test worker     d.u.i.k.n.b.AbstractBuilder  com.github.javaparser.resolution.UnsolvedSymbolException: Unsolved symbol in de.uka.ilkd.key.java.JavaParserFactory$DynamicTypeSolver@725185cc : java.lang.Object
	at com.github.javaparser.resolution.TypeSolver.solveType(TypeSolver.java:71)

34113      ERROR Test worker     d.u.i.k.n.b.TacletPBuilder Error in parsing taclet. de.uka.ilkd.key.util.parsing.BuildingException: Unsolved symbol in de.uka.ilkd.key.java.JavaParserFactory$DynamicTypeSolver@725185cc : java.lang.Object at file:/D:/a/key/key/key.core/build/resources/main/de/uka/ilkd/key/proof/rules/javaRules.key:2963:20
	at de.uka.ilkd.key.nparser.builder.AbstractBuilder.accept(AbstractBuilder.java:54)
Caused by: com.github.javaparser.resolution.UnsolvedSymbolException: Unsolved symbol in de.uka.ilkd.key.java.JavaParserFactory$DynamicTypeSolver@725185cc : java.lang.Object
	at com.github.javaparser.resolution.TypeSolver.solveType(TypeSolver.java:71)

34113      ERROR Test worker     d.u.i.k.n.b.AbstractBuilder  com.github.javaparser.resolution.UnsolvedSymbolException: Unsolved symbol in de.uka.ilkd.key.java.JavaParserFactory$DynamicTypeSolver@725185cc : java.lang.Object
	at com.github.javaparser.resolution.TypeSolver.solveType(TypeSolver.java:71)

34113      ERROR Test worker     d.u.i.k.n.b.TacletPBuilder Error in parsing taclet. de.uka.ilkd.key.util.parsing.BuildingException: Unsolved symbol in de.uka.ilkd.key.java.JavaParserFactory$DynamicTypeSolver@725185cc : java.lang.Object at file:/D:/a/key/key/key.core/build/resources/main/de/uka/ilkd/key/proof/rules/javaRules.key:2989:15
	at de.uka.ilkd.key.nparser.builder.AbstractBuilder.accept(AbstractBuilder.java:54)
Caused by: com.github.javaparser.resolution.UnsolvedSymbolException: Unsolved symbol in de.uka.ilkd.key.java.JavaParserFactory$DynamicTypeSolver@725185cc : java.lang.Object
	at com.github.javaparser.resolution.TypeSolver.solveType(TypeSolver.java:71)

34113      ERROR Test worker     d.u.i.k.n.b.AbstractBuilder  com.github.javaparser.resolution.UnsolvedSymbolException: Unsolved symbol in de.uka.ilkd.key.java.JavaParserFactory$DynamicTypeSolver@725185cc : java.lang.Object
	at com.github.javaparser.resolution.TypeSolver.solveType(TypeSolver.java:71)

34113      ERROR Test worker     d.u.i.k.n.b.TacletPBuilder Error in parsing taclet. de.uka.ilkd.key.util.parsing.BuildingException: Unsolved symbol in de.uka.ilkd.key.java.JavaParserFactory$DynamicTypeSolver@725185cc : java.lang.Object at file:/D:/a/key/key/key.core/build/resources/main/de/uka/ilkd/key/proof/rules/javaRules.key:2999:20
	at de.uka.ilkd.key.nparser.builder.AbstractBuilder.accept(AbstractBuilder.java:54)
Caused by: com.github.javaparser.resolution.UnsolvedSymbolException: Unsolved symbol in de.uka.ilkd.key.java.JavaParserFactory$DynamicTypeSolver@725185cc : java.lang.Object
	at com.github.javaparser.resolution.TypeSolver.solveType(TypeSolver.java:71)

34113      ERROR Test worker     d.u.i.k.n.b.AbstractBuilder  com.github.javaparser.resolution.UnsolvedSymbolException: Unsolved symbol in de.uka.ilkd.key.java.JavaParserFactory$DynamicTypeSolver@725185cc : java.lang.Object
	at com.github.javaparser.resolution.TypeSolver.solveType(TypeSolver.java:71)

34113      ERROR Test worker     d.u.i.k.n.b.TacletPBuilder Error in parsing taclet. de.uka.ilkd.key.util.parsing.BuildingException: Unsolved symbol in de.uka.ilkd.key.java.JavaParserFactory$DynamicTypeSolver@725185cc : java.lang.Object at file:/D:/a/key/key/key.core/build/resources/main/de/uka/ilkd/key/proof/rules/javaRules.key:3030:15
	at de.uka.ilkd.key.nparser.builder.AbstractBuilder.accept(AbstractBuilder.java:54)
Caused by: com.github.javaparser.resolution.UnsolvedSymbolException: Unsolved symbol in de.uka.ilkd.key.java.JavaParserFactory$DynamicTypeSolver@725185cc : java.lang.Object
	at com.github.javaparser.resolution.TypeSolver.solveType(TypeSolver.java:71)

34113      ERROR Test worker     d.u.i.k.n.b.AbstractBuilder  com.github.javaparser.resolution.UnsolvedSymbolException: Unsolved symbol in de.uka.ilkd.key.java.JavaParserFactory$DynamicTypeSolver@725185cc : java.lang.Object
	at com.github.javaparser.resolution.TypeSolver.solveType(TypeSolver.java:71)

34128      ERROR Test worker     d.u.i.k.n.b.TacletPBuilder Error in parsing taclet. de.uka.ilkd.key.util.parsing.BuildingException: Unsolved symbol in de.uka.ilkd.key.java.JavaParserFactory$DynamicTypeSolver@725185cc : java.lang.Object at file:/D:/a/key/key/key.core/build/resources/main/de/uka/ilkd/key/proof/rules/javaRules.key:3049:15
	at de.uka.ilkd.key.nparser.builder.AbstractBuilder.accept(AbstractBuilder.java:54)
Caused by: com.github.javaparser.resolution.UnsolvedSymbolException: Unsolved symbol in de.uka.ilkd.key.java.JavaParserFactory$DynamicTypeSolver@725185cc : java.lang.Object
	at com.github.javaparser.resolution.TypeSolver.solveType(TypeSolver.java:71)

34128      ERROR Test worker     d.u.i.k.n.b.AbstractBuilder  com.github.javaparser.resolution.UnsolvedSymbolException: Unsolved symbol in de.uka.ilkd.key.java.JavaParserFactory$DynamicTypeSolver@725185cc : java.lang.Object
	at com.github.javaparser.resolution.TypeSolver.solveType(TypeSolver.java:71)

34128      ERROR Test worker     d.u.i.k.n.b.TacletPBuilder Error in parsing taclet. de.uka.ilkd.key.util.parsing.BuildingException: Unsolved symbol in de.uka.ilkd.key.java.JavaParserFactory$DynamicTypeSolver@725185cc : java.lang.Object at file:/D:/a/key/key/key.core/build/resources/main/de/uka/ilkd/key/proof/rules/javaRules.key:3075:15
	at de.uka.ilkd.key.nparser.builder.AbstractBuilder.accept(AbstractBuilder.java:54)
Caused by: com.github.javaparser.resolution.UnsolvedSymbolException: Unsolved symbol in de.uka.ilkd.key.java.JavaParserFactory$DynamicTypeSolver@725185cc : java.lang.Object
	at com.github.javaparser.resolution.TypeSolver.solveType(TypeSolver.java:71)

34128      ERROR Test worker     d.u.i.k.n.b.AbstractBuilder  com.github.javaparser.resolution.UnsolvedSymbolException: Unsolved symbol in de.uka.ilkd.key.java.JavaParserFactory$DynamicTypeSolver@725185cc : java.lang.Object
	at com.github.javaparser.resolution.TypeSolver.solveType(TypeSolver.java:71)

34128      ERROR Test worker     d.u.i.k.n.b.TacletPBuilder Error in parsing taclet. de.uka.ilkd.key.util.parsing.BuildingException: Unsolved symbol in de.uka.ilkd.key.java.JavaParserFactory$DynamicTypeSolver@725185cc : java.lang.Object at file:/D:/a/key/key/key.core/build/resources/main/de/uka/ilkd/key/proof/rules/javaRules.key:3105:20
	at de.uka.ilkd.key.nparser.builder.AbstractBuilder.accept(AbstractBuilder.java:54)
Caused by: com.github.javaparser.resolution.UnsolvedSymbolException: Unsolved symbol in de.uka.ilkd.key.java.JavaParserFactory$DynamicTypeSolver@725185cc : java.lang.Object
	at com.github.javaparser.resolution.TypeSolver.solveType(TypeSolver.java:71)

34128      ERROR Test worker     d.u.i.k.n.b.AbstractBuilder  com.github.javaparser.resolution.UnsolvedSymbolException: Unsolved symbol in de.uka.ilkd.key.java.JavaParserFactory$DynamicTypeSolver@725185cc : java.lang.Object
	at com.github.javaparser.resolution.TypeSolver.solveType(TypeSolver.java:71)

34128      ERROR Test worker     d.u.i.k.n.b.TacletPBuilder Error in parsing taclet. de.uka.ilkd.key.util.parsing.BuildingException: Unsolved symbol in de.uka.ilkd.key.java.JavaParserFactory$DynamicTypeSolver@725185cc : java.lang.Object at file:/D:/a/key/key/key.core/build/resources/main/de/uka/ilkd/key/proof/rules/javaRules.key:3128:15
	at de.uka.ilkd.key.nparser.builder.AbstractBuilder.accept(AbstractBuilder.java:54)
Caused by: com.github.javaparser.resolution.UnsolvedSymbolException: Unsolved symbol in de.uka.ilkd.key.java.JavaParserFactory$DynamicTypeSolver@725185cc : java.lang.Object
	at com.github.javaparser.resolution.TypeSolver.solveType(TypeSolver.java:71)

34128      ERROR Test worker     d.u.i.k.n.b.AbstractBuilder  com.github.javaparser.resolution.UnsolvedSymbolException: Unsolved symbol in de.uka.ilkd.key.java.JavaParserFactory$DynamicTypeSolver@725185cc : java.lang.Object
	at com.github.javaparser.resolution.TypeSolver.solveType(TypeSolver.java:71)

34128      ERROR Test worker     d.u.i.k.n.b.TacletPBuilder Error in parsing taclet. de.uka.ilkd.key.util.parsing.BuildingException: Unsolved symbol in de.uka.ilkd.key.java.JavaParserFactory$DynamicTypeSolver@725185cc : java.lang.Object at file:/D:/a/key/key/key.core/build/resources/main/de/uka/ilkd/key/proof/rules/javaRules.key:3138:20
	at de.uka.ilkd.key.nparser.builder.AbstractBuilder.accept(AbstractBuilder.java:54)
Caused by: com.github.javaparser.resolution.UnsolvedSymbolException: Unsolved symbol in de.uka.ilkd.key.java.JavaParserFactory$DynamicTypeSolver@725185cc : java.lang.Object
	at com.github.javaparser.resolution.TypeSolver.solveType(TypeSolver.java:71)

34128      ERROR Test worker     d.u.i.k.n.b.AbstractBuilder  com.github.javaparser.resolution.UnsolvedSymbolException: Unsolved symbol in de.uka.ilkd.key.java.JavaParserFactory$DynamicTypeSolver@725185cc : java.lang.Object
	at com.github.javaparser.resolution.TypeSolver.solveType(TypeSolver.java:71)

34128      ERROR Test worker     d.u.i.k.n.b.TacletPBuilder Error in parsing taclet. de.uka.ilkd.key.util.parsing.BuildingException: Unsolved symbol in de.uka.ilkd.key.java.JavaParserFactory$DynamicTypeSolver@725185cc : java.lang.Object at file:/D:/a/key/key/key.core/build/resources/main/de/uka/ilkd/key/proof/rules/javaRules.key:3167:15
	at de.uka.ilkd.key.nparser.builder.AbstractBuilder.accept(AbstractBuilder.java:54)
Caused by: com.github.javaparser.resolution.UnsolvedSymbolException: Unsolved symbol in de.uka.ilkd.key.java.JavaParserFactory$DynamicTypeSolver@725185cc : java.lang.Object
	at com.github.javaparser.resolution.TypeSolver.solveType(TypeSolver.java:71)

34128      ERROR Test worker     d.u.i.k.n.b.AbstractBuilder  com.github.javaparser.resolution.UnsolvedSymbolException: Unsolved symbol in de.uka.ilkd.key.java.JavaParserFactory$DynamicTypeSolver@725185cc : java.lang.Object
	at com.github.javaparser.resolution.TypeSolver.solveType(TypeSolver.java:71)

34128      ERROR Test worker     d.u.i.k.n.b.TacletPBuilder Error in parsing taclet. de.uka.ilkd.key.util.parsing.BuildingException: Unsolved symbol in de.uka.ilkd.key.java.JavaParserFactory$DynamicTypeSolver@725185cc : java.lang.Object at file:/D:/a/key/key/key.core/build/resources/main/de/uka/ilkd/key/proof/rules/javaRules.key:3186:15
	at de.uka.ilkd.key.nparser.builder.AbstractBuilder.accept(AbstractBuilder.java:54)
Caused by: com.github.javaparser.resolution.UnsolvedSymbolException: Unsolved symbol in de.uka.ilkd.key.java.JavaParserFactory$DynamicTypeSolver@725185cc : java.lang.Object
	at com.github.javaparser.resolution.TypeSolver.solveType(TypeSolver.java:71)

34128      ERROR Test worker     d.u.i.k.n.b.AbstractBuilder  com.github.javaparser.resolution.UnsolvedSymbolException: Unsolved symbol in de.uka.ilkd.key.java.JavaParserFactory$DynamicTypeSolver@725185cc : java.lang.Object
	at com.github.javaparser.resolution.TypeSolver.solveType(TypeSolver.java:71)

34128      ERROR Test worker     d.u.i.k.n.b.TacletPBuilder Error in parsing taclet. de.uka.ilkd.key.util.parsing.BuildingException: Unsolved symbol in de.uka.ilkd.key.java.JavaParserFactory$DynamicTypeSolver@725185cc : java.lang.Object at file:/D:/a/key/key/key.core/build/resources/main/de/uka/ilkd/key/proof/rules/javaRules.key:3213:20
	at de.uka.ilkd.key.nparser.builder.AbstractBuilder.accept(AbstractBuilder.java:54)
Caused by: com.github.javaparser.resolution.UnsolvedSymbolException: Unsolved symbol in de.uka.ilkd.key.java.JavaParserFactory$DynamicTypeSolver@725185cc : java.lang.Object
	at com.github.javaparser.resolution.TypeSolver.solveType(TypeSolver.java:71)

34128      ERROR Test worker     d.u.i.k.n.b.AbstractBuilder  com.github.javaparser.resolution.UnsolvedSymbolException: Unsolved symbol in de.uka.ilkd.key.java.JavaParserFactory$DynamicTypeSolver@725185cc : java.lang.Object
	at com.github.javaparser.resolution.TypeSolver.solveType(TypeSolver.java:71)

34128      ERROR Test worker     d.u.i.k.n.b.TacletPBuilder Error in parsing taclet. de.uka.ilkd.key.util.parsing.BuildingException: Unsolved symbol in de.uka.ilkd.key.java.JavaParserFactory$DynamicTypeSolver@725185cc : java.lang.Object at file:/D:/a/key/key/key.core/build/resources/main/de/uka/ilkd/key/proof/rules/javaRules.key:3235:15
	at de.uka.ilkd.key.nparser.builder.AbstractBuilder.accept(AbstractBuilder.java:54)
Caused by: com.github.javaparser.resolution.UnsolvedSymbolException: Unsolved symbol in de.uka.ilkd.key.java.JavaParserFactory$DynamicTypeSolver@725185cc : java.lang.Object
	at com.github.javaparser.resolution.TypeSolver.solveType(TypeSolver.java:71)

34144      ERROR Test worker     d.u.i.k.n.b.AbstractBuilder  com.github.javaparser.resolution.UnsolvedSymbolException: Unsolved symbol in de.uka.ilkd.key.java.JavaParserFactory$DynamicTypeSolver@725185cc : java.lang.Object
	at com.github.javaparser.resolution.TypeSolver.solveType(TypeSolver.java:71)

34144      ERROR Test worker     d.u.i.k.n.b.TacletPBuilder Error in parsing taclet. de.uka.ilkd.key.util.parsing.BuildingException: Unsolved symbol in de.uka.ilkd.key.java.JavaParserFactory$DynamicTypeSolver@725185cc : java.lang.Object at file:/D:/a/key/key/key.core/build/resources/main/de/uka/ilkd/key/proof/rules/javaRules.key:3244:15
	at de.uka.ilkd.key.nparser.builder.AbstractBuilder.accept(AbstractBuilder.java:54)
Caused by: com.github.javaparser.resolution.UnsolvedSymbolException: Unsolved symbol in de.uka.ilkd.key.java.JavaParserFactory$DynamicTypeSolver@725185cc : java.lang.Object
	at com.github.javaparser.resolution.TypeSolver.solveType(TypeSolver.java:71)

34144      ERROR Test worker     d.u.i.k.n.b.AbstractBuilder  com.github.javaparser.resolution.UnsolvedSymbolException: Unsolved symbol in de.uka.ilkd.key.java.JavaParserFactory$DynamicTypeSolver@725185cc : java.lang.Object
	at com.github.javaparser.resolution.TypeSolver.solveType(TypeSolver.java:71)

34144      ERROR Test worker     d.u.i.k.n.b.TacletPBuilder Error in parsing taclet. de.uka.ilkd.key.util.parsing.BuildingException: Unsolved symbol in de.uka.ilkd.key.java.JavaParserFactory$DynamicTypeSolver@725185cc : java.lang.Object at file:/D:/a/key/key/key.core/build/resources/main/de/uka/ilkd/key/proof/rules/javaRules.key:3266:15
	at de.uka.ilkd.key.nparser.builder.AbstractBuilder.accept(AbstractBuilder.java:54)
Caused by: com.github.javaparser.resolution.UnsolvedSymbolException: Unsolved symbol in de.uka.ilkd.key.java.JavaParserFactory$DynamicTypeSolver@725185cc : java.lang.Object
	at com.github.javaparser.resolution.TypeSolver.solveType(TypeSolver.java:71)

34144      ERROR Test worker     d.u.i.k.n.b.AbstractBuilder  com.github.javaparser.resolution.UnsolvedSymbolException: Unsolved symbol in de.uka.ilkd.key.java.JavaParserFactory$DynamicTypeSolver@725185cc : java.lang.Object
	at com.github.javaparser.resolution.TypeSolver.solveType(TypeSolver.java:71)

34144      ERROR Test worker     d.u.i.k.n.b.TacletPBuilder Error in parsing taclet. de.uka.ilkd.key.util.parsing.BuildingException: Unsolved symbol in de.uka.ilkd.key.java.JavaParserFactory$DynamicTypeSolver@725185cc : java.lang.Object at file:/D:/a/key/key/key.core/build/resources/main/de/uka/ilkd/key/proof/rules/javaRules.key:3285:15
	at de.uka.ilkd.key.nparser.builder.AbstractBuilder.accept(AbstractBuilder.java:54)
Caused by: com.github.javaparser.resolution.UnsolvedSymbolException: Unsolved symbol in de.uka.ilkd.key.java.JavaParserFactory$DynamicTypeSolver@725185cc : java.lang.Object
	at com.github.javaparser.resolution.TypeSolver.solveType(TypeSolver.java:71)

34144      ERROR Test worker     d.u.i.k.n.b.AbstractBuilder  com.github.javaparser.resolution.UnsolvedSymbolException: Unsolved symbol in de.uka.ilkd.key.java.JavaParserFactory$DynamicTypeSolver@725185cc : java.lang.Object
	at com.github.javaparser.resolution.TypeSolver.solveType(TypeSolver.java:71)

34144      ERROR Test worker     d.u.i.k.n.b.TacletPBuilder Error in parsing taclet. de.uka.ilkd.key.util.parsing.BuildingException: Unsolved symbol in de.uka.ilkd.key.java.JavaParserFactory$DynamicTypeSolver@725185cc : java.lang.Object at file:/D:/a/key/key/key.core/build/resources/main/de/uka/ilkd/key/proof/rules/javaRules.key:3301:15
	at de.uka.ilkd.key.nparser.builder.AbstractBuilder.accept(AbstractBuilder.java:54)
Caused by: com.github.javaparser.resolution.UnsolvedSymbolException: Unsolved symbol in de.uka.ilkd.key.java.JavaParserFactory$DynamicTypeSolver@725185cc : java.lang.Object
	at com.github.javaparser.resolution.TypeSolver.solveType(TypeSolver.java:71)

34144      ERROR Test worker     d.u.i.k.n.b.AbstractBuilder  com.github.javaparser.resolution.UnsolvedSymbolException: Unsolved symbol in de.uka.ilkd.key.java.JavaParserFactory$DynamicTypeSolver@725185cc : java.lang.Object
	at com.github.javaparser.resolution.TypeSolver.solveType(TypeSolver.java:71)

34144      ERROR Test worker     d.u.i.k.n.b.TacletPBuilder Error in parsing taclet. de.uka.ilkd.key.util.parsing.BuildingException: Unsolved symbol in de.uka.ilkd.key.java.JavaParserFactory$DynamicTypeSolver@725185cc : java.lang.Object at file:/D:/a/key/key/key.core/build/resources/main/de/uka/ilkd/key/proof/rules/javaRules.key:3312:20
	at de.uka.ilkd.key.nparser.builder.AbstractBuilder.accept(AbstractBuilder.java:54)
Caused by: com.github.javaparser.resolution.UnsolvedSymbolException: Unsolved symbol in de.uka.ilkd.key.java.JavaParserFactory$DynamicTypeSolver@725185cc : java.lang.Object
	at com.github.javaparser.resolution.TypeSolver.solveType(TypeSolver.java:71)

34144      ERROR Test worker     d.u.i.k.n.b.AbstractBuilder  com.github.javaparser.resolution.UnsolvedSymbolException: Unsolved symbol in de.uka.ilkd.key.java.JavaParserFactory$DynamicTypeSolver@725185cc : java.lang.Object
	at com.github.javaparser.resolution.TypeSolver.solveType(TypeSolver.java:71)

34144      ERROR Test worker     d.u.i.k.n.b.TacletPBuilder Error in parsing taclet. de.uka.ilkd.key.util.parsing.BuildingException: Unsolved symbol in de.uka.ilkd.key.java.JavaParserFactory$DynamicTypeSolver@725185cc : java.lang.Object at file:/D:/a/key/key/key.core/build/resources/main/de/uka/ilkd/key/proof/rules/javaRules.key:3333:20
	at de.uka.ilkd.key.nparser.builder.AbstractBuilder.accept(AbstractBuilder.java:54)
Caused by: com.github.javaparser.resolution.UnsolvedSymbolException: Unsolved symbol in de.uka.ilkd.key.java.JavaParserFactory$DynamicTypeSolver@725185cc : java.lang.Object
	at com.github.javaparser.resolution.TypeSolver.solveType(TypeSolver.java:71)

34144      ERROR Test worker     d.u.i.k.n.b.AbstractBuilder  com.github.javaparser.resolution.UnsolvedSymbolException: Unsolved symbol in de.uka.ilkd.key.java.JavaParserFactory$DynamicTypeSolver@725185cc : java.lang.Object
	at com.github.javaparser.resolution.TypeSolver.solveType(TypeSolver.java:71)

34144      ERROR Test worker     d.u.i.k.n.b.TacletPBuilder Error in parsing taclet. de.uka.ilkd.key.util.parsing.BuildingException: Unsolved symbol in de.uka.ilkd.key.java.JavaParserFactory$DynamicTypeSolver@725185cc : java.lang.Object at file:/D:/a/key/key/key.core/build/resources/main/de/uka/ilkd/key/proof/rules/javaRules.key:3350:20
	at de.uka.ilkd.key.nparser.builder.AbstractBuilder.accept(AbstractBuilder.java:54)
Caused by: com.github.javaparser.resolution.UnsolvedSymbolException: Unsolved symbol in de.uka.ilkd.key.java.JavaParserFactory$DynamicTypeSolver@725185cc : java.lang.Object
	at com.github.javaparser.resolution.TypeSolver.solveType(TypeSolver.java:71)

34144      ERROR Test worker     d.u.i.k.n.b.AbstractBuilder  com.github.javaparser.resolution.UnsolvedSymbolException: Unsolved symbol in de.uka.ilkd.key.java.JavaParserFactory$DynamicTypeSolver@725185cc : java.lang.Object
	at com.github.javaparser.resolution.TypeSolver.solveType(TypeSolver.java:71)

34144      ERROR Test worker     d.u.i.k.n.b.TacletPBuilder Error in parsing taclet. de.uka.ilkd.key.util.parsing.BuildingException: Unsolved symbol in de.uka.ilkd.key.java.JavaParserFactory$DynamicTypeSolver@725185cc : java.lang.Object at file:/D:/a/key/key/key.core/build/resources/main/de/uka/ilkd/key/proof/rules/javaRules.key:3366:15
	at de.uka.ilkd.key.nparser.builder.AbstractBuilder.accept(AbstractBuilder.java:54)
Caused by: com.github.javaparser.resolution.UnsolvedSymbolException: Unsolved symbol in de.uka.ilkd.key.java.JavaParserFactory$DynamicTypeSolver@725185cc : java.lang.Object
	at com.github.javaparser.resolution.TypeSolver.solveType(TypeSolver.java:71)

34144      ERROR Test worker     d.u.i.k.n.b.AbstractBuilder  com.github.javaparser.resolution.UnsolvedSymbolException: Unsolved symbol in de.uka.ilkd.key.java.JavaParserFactory$DynamicTypeSolver@725185cc : java.lang.Object
	at com.github.javaparser.resolution.TypeSolver.solveType(TypeSolver.java:71)

34144      ERROR Test worker     d.u.i.k.n.b.TacletPBuilder Error in parsing taclet. de.uka.ilkd.key.util.parsing.BuildingException: Unsolved symbol in de.uka.ilkd.key.java.JavaParserFactory$DynamicTypeSolver@725185cc : java.lang.Object at file:/D:/a/key/key/key.core/build/resources/main/de/uka/ilkd/key/proof/rules/javaRules.key:3377:15
	at de.uka.ilkd.key.nparser.builder.AbstractBuilder.accept(AbstractBuilder.java:54)
Caused by: com.github.javaparser.resolution.UnsolvedSymbolException: Unsolved symbol in de.uka.ilkd.key.java.JavaParserFactory$DynamicTypeSolver@725185cc : java.lang.Object
	at com.github.javaparser.resolution.TypeSolver.solveType(TypeSolver.java:71)

34159      ERROR Test worker     d.u.i.k.n.b.AbstractBuilder  com.github.javaparser.resolution.UnsolvedSymbolException: Unsolved symbol in de.uka.ilkd.key.java.JavaParserFactory$DynamicTypeSolver@725185cc : java.lang.Object
	at com.github.javaparser.resolution.TypeSolver.solveType(TypeSolver.java:71)

34159      ERROR Test worker     d.u.i.k.n.b.TacletPBuilder Error in parsing taclet. de.uka.ilkd.key.util.parsing.BuildingException: Unsolved symbol in de.uka.ilkd.key.java.JavaParserFactory$DynamicTypeSolver@725185cc : java.lang.Object at file:/D:/a/key/key/key.core/build/resources/main/de/uka/ilkd/key/proof/rules/javaRules.key:3388:15
	at de.uka.ilkd.key.nparser.builder.AbstractBuilder.accept(AbstractBuilder.java:54)
Caused by: com.github.javaparser.resolution.UnsolvedSymbolException: Unsolved symbol in de.uka.ilkd.key.java.JavaParserFactory$DynamicTypeSolver@725185cc : java.lang.Object
	at com.github.javaparser.resolution.TypeSolver.solveType(TypeSolver.java:71)

34159      ERROR Test worker     d.u.i.k.n.b.AbstractBuilder  com.github.javaparser.resolution.UnsolvedSymbolException: Unsolved symbol in de.uka.ilkd.key.java.JavaParserFactory$DynamicTypeSolver@725185cc : java.lang.Object
	at com.github.javaparser.resolution.TypeSolver.solveType(TypeSolver.java:71)

34159      ERROR Test worker     d.u.i.k.n.b.TacletPBuilder Error in parsing taclet. de.uka.ilkd.key.util.parsing.BuildingException: Unsolved symbol in de.uka.ilkd.key.java.JavaParserFactory$DynamicTypeSolver@725185cc : java.lang.Object at file:/D:/a/key/key/key.core/build/resources/main/de/uka/ilkd/key/proof/rules/javaRules.key:3398:15
	at de.uka.ilkd.key.nparser.builder.AbstractBuilder.accept(AbstractBuilder.java:54)
Caused by: com.github.javaparser.resolution.UnsolvedSymbolException: Unsolved symbol in de.uka.ilkd.key.java.JavaParserFactory$DynamicTypeSolver@725185cc : java.lang.Object
	at com.github.javaparser.resolution.TypeSolver.solveType(TypeSolver.java:71)

34159      ERROR Test worker     d.u.i.k.n.b.AbstractBuilder  com.github.javaparser.resolution.UnsolvedSymbolException: Unsolved symbol in de.uka.ilkd.key.java.JavaParserFactory$DynamicTypeSolver@725185cc : java.lang.Object
	at com.github.javaparser.resolution.TypeSolver.solveType(TypeSolver.java:71)

34159      ERROR Test worker     d.u.i.k.n.b.TacletPBuilder Error in parsing taclet. de.uka.ilkd.key.util.parsing.BuildingException: Unsolved symbol in de.uka.ilkd.key.java.JavaParserFactory$DynamicTypeSolver@725185cc : java.lang.Object at file:/D:/a/key/key/key.core/build/resources/main/de/uka/ilkd/key/proof/rules/javaRules.key:3417:15
	at de.uka.ilkd.key.nparser.builder.AbstractBuilder.accept(AbstractBuilder.java:54)
Caused by: com.github.javaparser.resolution.UnsolvedSymbolException: Unsolved symbol in de.uka.ilkd.key.java.JavaParserFactory$DynamicTypeSolver@725185cc : java.lang.Object
	at com.github.javaparser.resolution.TypeSolver.solveType(TypeSolver.java:71)

34159      ERROR Test worker     d.u.i.k.n.b.AbstractBuilder  com.github.javaparser.resolution.UnsolvedSymbolException: Unsolved symbol in de.uka.ilkd.key.java.JavaParserFactory$DynamicTypeSolver@725185cc : java.lang.Object
	at com.github.javaparser.resolution.TypeSolver.solveType(TypeSolver.java:71)

34159      ERROR Test worker     d.u.i.k.n.b.TacletPBuilder Error in parsing taclet. de.uka.ilkd.key.util.parsing.BuildingException: Unsolved symbol in de.uka.ilkd.key.java.JavaParserFactory$DynamicTypeSolver@725185cc : java.lang.Object at file:/D:/a/key/key/key.core/build/resources/main/de/uka/ilkd/key/proof/rules/javaRules.key:3437:20
	at de.uka.ilkd.key.nparser.builder.AbstractBuilder.accept(AbstractBuilder.java:54)
Caused by: com.github.javaparser.resolution.UnsolvedSymbolException: Unsolved symbol in de.uka.ilkd.key.java.JavaParserFactory$DynamicTypeSolver@725185cc : java.lang.Object
	at com.github.javaparser.resolution.TypeSolver.solveType(TypeSolver.java:71)

34159      ERROR Test worker     d.u.i.k.n.b.AbstractBuilder  com.github.javaparser.resolution.UnsolvedSymbolException: Unsolved symbol in de.uka.ilkd.key.java.JavaParserFactory$DynamicTypeSolver@725185cc : java.lang.Object
	at com.github.javaparser.resolution.TypeSolver.solveType(TypeSolver.java:71)

34159      ERROR Test worker     d.u.i.k.n.b.TacletPBuilder Error in parsing taclet. de.uka.ilkd.key.util.parsing.BuildingException: Unsolved symbol in de.uka.ilkd.key.java.JavaParserFactory$DynamicTypeSolver@725185cc : java.lang.Object at file:/D:/a/key/key/key.core/build/resources/main/de/uka/ilkd/key/proof/rules/javaRules.key:3455:20
	at de.uka.ilkd.key.nparser.builder.AbstractBuilder.accept(AbstractBuilder.java:54)
Caused by: com.github.javaparser.resolution.UnsolvedSymbolException: Unsolved symbol in de.uka.ilkd.key.java.JavaParserFactory$DynamicTypeSolver@725185cc : java.lang.Object
	at com.github.javaparser.resolution.TypeSolver.solveType(TypeSolver.java:71)

34159      ERROR Test worker     d.u.i.k.n.b.AbstractBuilder  com.github.javaparser.resolution.UnsolvedSymbolException: Unsolved symbol in de.uka.ilkd.key.java.JavaParserFactory$DynamicTypeSolver@725185cc : java.lang.Object
	at com.github.javaparser.resolution.TypeSolver.solveType(TypeSolver.java:71)

34159      ERROR Test worker     d.u.i.k.n.b.TacletPBuilder Error in parsing taclet. de.uka.ilkd.key.util.parsing.BuildingException: Unsolved symbol in de.uka.ilkd.key.java.JavaParserFactory$DynamicTypeSolver@725185cc : java.lang.Object at file:/D:/a/key/key/key.core/build/resources/main/de/uka/ilkd/key/proof/rules/javaRules.key:3473:15
	at de.uka.ilkd.key.nparser.builder.AbstractBuilder.accept(AbstractBuilder.java:54)
Caused by: com.github.javaparser.resolution.UnsolvedSymbolException: Unsolved symbol in de.uka.ilkd.key.java.JavaParserFactory$DynamicTypeSolver@725185cc : java.lang.Object
	at com.github.javaparser.resolution.TypeSolver.solveType(TypeSolver.java:71)

34159      ERROR Test worker     d.u.i.k.n.b.AbstractBuilder  com.github.javaparser.resolution.UnsolvedSymbolException: Unsolved symbol in de.uka.ilkd.key.java.JavaParserFactory$DynamicTypeSolver@725185cc : java.lang.Object
	at com.github.javaparser.resolution.TypeSolver.solveType(TypeSolver.java:71)

34159      ERROR Test worker     d.u.i.k.n.b.TacletPBuilder Error in parsing taclet. de.uka.ilkd.key.util.parsing.BuildingException: Unsolved symbol in de.uka.ilkd.key.java.JavaParserFactory$DynamicTypeSolver@725185cc : java.lang.Object at file:/D:/a/key/key/key.core/build/resources/main/de/uka/ilkd/key/proof/rules/javaRules.key:3489:15
	at de.uka.ilkd.key.nparser.builder.AbstractBuilder.accept(AbstractBuilder.java:54)
Caused by: com.github.javaparser.resolution.UnsolvedSymbolException: Unsolved symbol in de.uka.ilkd.key.java.JavaParserFactory$DynamicTypeSolver@725185cc : java.lang.Object
	at com.github.javaparser.resolution.TypeSolver.solveType(TypeSolver.java:71)

34159      ERROR Test worker     d.u.i.k.n.b.AbstractBuilder  com.github.javaparser.resolution.UnsolvedSymbolException: Unsolved symbol in de.uka.ilkd.key.java.JavaParserFactory$DynamicTypeSolver@725185cc : java.lang.Object
	at com.github.javaparser.resolution.TypeSolver.solveType(TypeSolver.java:71)

34159      ERROR Test worker     d.u.i.k.n.b.TacletPBuilder Error in parsing taclet. de.uka.ilkd.key.util.parsing.BuildingException: Unsolved symbol in de.uka.ilkd.key.java.JavaParserFactory$DynamicTypeSolver@725185cc : java.lang.Object at file:/D:/a/key/key/key.core/build/resources/main/de/uka/ilkd/key/proof/rules/javaRules.key:3495:15
	at de.uka.ilkd.key.nparser.builder.AbstractBuilder.accept(AbstractBuilder.java:54)
Caused by: com.github.javaparser.resolution.UnsolvedSymbolException: Unsolved symbol in de.uka.ilkd.key.java.JavaParserFactory$DynamicTypeSolver@725185cc : java.lang.Object
	at com.github.javaparser.resolution.TypeSolver.solveType(TypeSolver.java:71)

34159      ERROR Test worker     d.u.i.k.n.b.AbstractBuilder  com.github.javaparser.resolution.UnsolvedSymbolException: Unsolved symbol in de.uka.ilkd.key.java.JavaParserFactory$DynamicTypeSolver@725185cc : java.lang.Object
	at com.github.javaparser.resolution.TypeSolver.solveType(TypeSolver.java:71)

34159      ERROR Test worker     d.u.i.k.n.b.TacletPBuilder Error in parsing taclet. de.uka.ilkd.key.util.parsing.BuildingException: Unsolved symbol in de.uka.ilkd.key.java.JavaParserFactory$DynamicTypeSolver@725185cc : java.lang.Object at file:/D:/a/key/key/key.core/build/resources/main/de/uka/ilkd/key/proof/rules/javaRules.key:3501:15
	at de.uka.ilkd.key.nparser.builder.AbstractBuilder.accept(AbstractBuilder.java:54)
Caused by: com.github.javaparser.resolution.UnsolvedSymbolException: Unsolved symbol in de.uka.ilkd.key.java.JavaParserFactory$DynamicTypeSolver@725185cc : java.lang.Object
	at com.github.javaparser.resolution.TypeSolver.solveType(TypeSolver.java:71)

34159      ERROR Test worker     d.u.i.k.n.b.AbstractBuilder  com.github.javaparser.resolution.UnsolvedSymbolException: Unsolved symbol in de.uka.ilkd.key.java.JavaParserFactory$DynamicTypeSolver@725185cc : java.lang.Object
	at com.github.javaparser.resolution.TypeSolver.solveType(TypeSolver.java:71)

34159      ERROR Test worker     d.u.i.k.n.b.TacletPBuilder Error in parsing taclet. de.uka.ilkd.key.util.parsing.BuildingException: Unsolved symbol in de.uka.ilkd.key.java.JavaParserFactory$DynamicTypeSolver@725185cc : java.lang.Object at file:/D:/a/key/key/key.core/build/resources/main/de/uka/ilkd/key/proof/rules/javaRules.key:3506:15
	at de.uka.ilkd.key.nparser.builder.AbstractBuilder.accept(AbstractBuilder.java:54)
Caused by: com.github.javaparser.resolution.UnsolvedSymbolException: Unsolved symbol in de.uka.ilkd.key.java.JavaParserFactory$DynamicTypeSolver@725185cc : java.lang.Object
	at com.github.javaparser.resolution.TypeSolver.solveType(TypeSolver.java:71)

34175      ERROR Test worker     d.u.i.k.n.b.AbstractBuilder  com.github.javaparser.resolution.UnsolvedSymbolException: Unsolved symbol in de.uka.ilkd.key.java.JavaParserFactory$DynamicTypeSolver@725185cc : java.lang.Object
	at com.github.javaparser.resolution.TypeSolver.solveType(TypeSolver.java:71)

34175      ERROR Test worker     d.u.i.k.n.b.TacletPBuilder Error in parsing taclet. de.uka.ilkd.key.util.parsing.BuildingException: Unsolved symbol in de.uka.ilkd.key.java.JavaParserFactory$DynamicTypeSolver@725185cc : java.lang.Object at file:/D:/a/key/key/key.core/build/resources/main/de/uka/ilkd/key/proof/rules/javaRules.key:3511:20
	at de.uka.ilkd.key.nparser.builder.AbstractBuilder.accept(AbstractBuilder.java:54)
Caused by: com.github.javaparser.resolution.UnsolvedSymbolException: Unsolved symbol in de.uka.ilkd.key.java.JavaParserFactory$DynamicTypeSolver@725185cc : java.lang.Object
	at com.github.javaparser.resolution.TypeSolver.solveType(TypeSolver.java:71)

34175      ERROR Test worker     d.u.i.k.n.b.AbstractBuilder  com.github.javaparser.resolution.UnsolvedSymbolException: Unsolved symbol in de.uka.ilkd.key.java.JavaParserFactory$DynamicTypeSolver@725185cc : java.lang.Object
	at com.github.javaparser.resolution.TypeSolver.solveType(TypeSolver.java:71)

34175      ERROR Test worker     d.u.i.k.n.b.TacletPBuilder Error in parsing taclet. de.uka.ilkd.key.util.parsing.BuildingException: Unsolved symbol in de.uka.ilkd.key.java.JavaParserFactory$DynamicTypeSolver@725185cc : java.lang.Object at file:/D:/a/key/key/key.core/build/resources/main/de/uka/ilkd/key/proof/rules/javaRules.key:3517:20
	at de.uka.ilkd.key.nparser.builder.AbstractBuilder.accept(AbstractBuilder.java:54)
Caused by: com.github.javaparser.resolution.UnsolvedSymbolException: Unsolved symbol in de.uka.ilkd.key.java.JavaParserFactory$DynamicTypeSolver@725185cc : java.lang.Object
	at com.github.javaparser.resolution.TypeSolver.solveType(TypeSolver.java:71)

34175      ERROR Test worker     d.u.i.k.n.b.AbstractBuilder  com.github.javaparser.resolution.UnsolvedSymbolException: Unsolved symbol in de.uka.ilkd.key.java.JavaParserFactory$DynamicTypeSolver@725185cc : java.lang.Object
	at com.github.javaparser.resolution.TypeSolver.solveType(TypeSolver.java:71)

34175      ERROR Test worker     d.u.i.k.n.b.TacletPBuilder Error in parsing taclet. de.uka.ilkd.key.util.parsing.BuildingException: Unsolved symbol in de.uka.ilkd.key.java.JavaParserFactory$DynamicTypeSolver@725185cc : java.lang.Object at file:/D:/a/key/key/key.core/build/resources/main/de/uka/ilkd/key/proof/rules/javaRules.key:3523:20
	at de.uka.ilkd.key.nparser.builder.AbstractBuilder.accept(AbstractBuilder.java:54)
Caused by: com.github.javaparser.resolution.UnsolvedSymbolException: Unsolved symbol in de.uka.ilkd.key.java.JavaParserFactory$DynamicTypeSolver@725185cc : java.lang.Object
	at com.github.javaparser.resolution.TypeSolver.solveType(TypeSolver.java:71)

34175      ERROR Test worker     d.u.i.k.n.b.AbstractBuilder  com.github.javaparser.resolution.UnsolvedSymbolException: Unsolved symbol in de.uka.ilkd.key.java.JavaParserFactory$DynamicTypeSolver@725185cc : java.lang.Object
	at com.github.javaparser.resolution.TypeSolver.solveType(TypeSolver.java:71)

34175      ERROR Test worker     d.u.i.k.n.b.TacletPBuilder Error in parsing taclet. de.uka.ilkd.key.util.parsing.BuildingException: Unsolved symbol in de.uka.ilkd.key.java.JavaParserFactory$DynamicTypeSolver@725185cc : java.lang.Object at file:/D:/a/key/key/key.core/build/resources/main/de/uka/ilkd/key/proof/rules/javaRules.key:3528:20
	at de.uka.ilkd.key.nparser.builder.AbstractBuilder.accept(AbstractBuilder.java:54)
Caused by: com.github.javaparser.resolution.UnsolvedSymbolException: Unsolved symbol in de.uka.ilkd.key.java.JavaParserFactory$DynamicTypeSolver@725185cc : java.lang.Object
	at com.github.javaparser.resolution.TypeSolver.solveType(TypeSolver.java:71)

34175      ERROR Test worker     d.u.i.k.n.b.AbstractBuilder  com.github.javaparser.resolution.UnsolvedSymbolException: Unsolved symbol in de.uka.ilkd.key.java.JavaParserFactory$DynamicTypeSolver@725185cc : java.lang.Object
	at com.github.javaparser.resolution.TypeSolver.solveType(TypeSolver.java:71)

34175      ERROR Test worker     d.u.i.k.n.b.TacletPBuilder Error in parsing taclet. de.uka.ilkd.key.util.parsing.BuildingException: Unsolved symbol in de.uka.ilkd.key.java.JavaParserFactory$DynamicTypeSolver@725185cc : java.lang.Object at file:/D:/a/key/key/key.core/build/resources/main/de/uka/ilkd/key/proof/rules/javaRules.key:3533:15
	at de.uka.ilkd.key.nparser.builder.AbstractBuilder.accept(AbstractBuilder.java:54)
Caused by: com.github.javaparser.resolution.UnsolvedSymbolException: Unsolved symbol in de.uka.ilkd.key.java.JavaParserFactory$DynamicTypeSolver@725185cc : java.lang.Object
	at com.github.javaparser.resolution.TypeSolver.solveType(TypeSolver.java:71)

34175      ERROR Test worker     d.u.i.k.n.b.AbstractBuilder  com.github.javaparser.resolution.UnsolvedSymbolException: Unsolved symbol in de.uka.ilkd.key.java.JavaParserFactory$DynamicTypeSolver@725185cc : java.lang.Object
	at com.github.javaparser.resolution.TypeSolver.solveType(TypeSolver.java:71)

34175      ERROR Test worker     d.u.i.k.n.b.TacletPBuilder Error in parsing taclet. de.uka.ilkd.key.util.parsing.BuildingException: Unsolved symbol in de.uka.ilkd.key.java.JavaParserFactory$DynamicTypeSolver@725185cc : java.lang.Object at file:/D:/a/key/key/key.core/build/resources/main/de/uka/ilkd/key/proof/rules/javaRules.key:3538:15
	at de.uka.ilkd.key.nparser.builder.AbstractBuilder.accept(AbstractBuilder.java:54)
Caused by: com.github.javaparser.resolution.UnsolvedSymbolException: Unsolved symbol in de.uka.ilkd.key.java.JavaParserFactory$DynamicTypeSolver@725185cc : java.lang.Object
	at com.github.javaparser.resolution.TypeSolver.solveType(TypeSolver.java:71)

34175      ERROR Test worker     d.u.i.k.n.b.AbstractBuilder  com.github.javaparser.resolution.UnsolvedSymbolException: Unsolved symbol in de.uka.ilkd.key.java.JavaParserFactory$DynamicTypeSolver@725185cc : java.lang.Object
	at com.github.javaparser.resolution.TypeSolver.solveType(TypeSolver.java:71)

34175      ERROR Test worker     d.u.i.k.n.b.TacletPBuilder Error in parsing taclet. de.uka.ilkd.key.util.parsing.BuildingException: Unsolved symbol in de.uka.ilkd.key.java.JavaParserFactory$DynamicTypeSolver@725185cc : java.lang.Object at file:/D:/a/key/key/key.core/build/resources/main/de/uka/ilkd/key/proof/rules/javaRules.key:3545:23
	at de.uka.ilkd.key.nparser.builder.AbstractBuilder.accept(AbstractBuilder.java:54)
Caused by: com.github.javaparser.resolution.UnsolvedSymbolException: Unsolved symbol in de.uka.ilkd.key.java.JavaParserFactory$DynamicTypeSolver@725185cc : java.lang.Object
	at com.github.javaparser.resolution.TypeSolver.solveType(TypeSolver.java:71)

34175      ERROR Test worker     d.u.i.k.n.b.AbstractBuilder  com.github.javaparser.resolution.UnsolvedSymbolException: Unsolved symbol in de.uka.ilkd.key.java.JavaParserFactory$DynamicTypeSolver@725185cc : java.lang.Object
	at com.github.javaparser.resolution.TypeSolver.solveType(TypeSolver.java:71)

34175      ERROR Test worker     d.u.i.k.n.b.TacletPBuilder Error in parsing taclet. de.uka.ilkd.key.util.parsing.BuildingException: Unsolved symbol in de.uka.ilkd.key.java.JavaParserFactory$DynamicTypeSolver@725185cc : java.lang.Object at file:/D:/a/key/key/key.core/build/resources/main/de/uka/ilkd/key/proof/rules/javaRules.key:3551:18
	at de.uka.ilkd.key.nparser.builder.AbstractBuilder.accept(AbstractBuilder.java:54)
Caused by: com.github.javaparser.resolution.UnsolvedSymbolException: Unsolved symbol in de.uka.ilkd.key.java.JavaParserFactory$DynamicTypeSolver@725185cc : java.lang.Object
	at com.github.javaparser.resolution.TypeSolver.solveType(TypeSolver.java:71)

34175      ERROR Test worker     d.u.i.k.n.b.AbstractBuilder  com.github.javaparser.resolution.UnsolvedSymbolException: Unsolved symbol in de.uka.ilkd.key.java.JavaParserFactory$DynamicTypeSolver@725185cc : java.lang.Object
	at com.github.javaparser.resolution.TypeSolver.solveType(TypeSolver.java:71)

34175      ERROR Test worker     d.u.i.k.n.b.TacletPBuilder Error in parsing taclet. de.uka.ilkd.key.util.parsing.BuildingException: Unsolved symbol in de.uka.ilkd.key.java.JavaParserFactory$DynamicTypeSolver@725185cc : java.lang.Object at file:/D:/a/key/key/key.core/build/resources/main/de/uka/ilkd/key/proof/rules/javaRules.key:3557:23
	at de.uka.ilkd.key.nparser.builder.AbstractBuilder.accept(AbstractBuilder.java:54)
Caused by: com.github.javaparser.resolution.UnsolvedSymbolException: Unsolved symbol in de.uka.ilkd.key.java.JavaParserFactory$DynamicTypeSolver@725185cc : java.lang.Object
	at com.github.javaparser.resolution.TypeSolver.solveType(TypeSolver.java:71)

34191      ERROR Test worker     d.u.i.k.n.b.AbstractBuilder  com.github.javaparser.resolution.UnsolvedSymbolException: Unsolved symbol in de.uka.ilkd.key.java.JavaParserFactory$DynamicTypeSolver@725185cc : java.lang.Object
	at com.github.javaparser.resolution.TypeSolver.solveType(TypeSolver.java:71)

34191      ERROR Test worker     d.u.i.k.n.b.TacletPBuilder Error in parsing taclet. de.uka.ilkd.key.util.parsing.BuildingException: Unsolved symbol in de.uka.ilkd.key.java.JavaParserFactory$DynamicTypeSolver@725185cc : java.lang.Object at file:/D:/a/key/key/key.core/build/resources/main/de/uka/ilkd/key/proof/rules/javaRules.key:3563:18
	at de.uka.ilkd.key.nparser.builder.AbstractBuilder.accept(AbstractBuilder.java:54)
Caused by: com.github.javaparser.resolution.UnsolvedSymbolException: Unsolved symbol in de.uka.ilkd.key.java.JavaParserFactory$DynamicTypeSolver@725185cc : java.lang.Object
	at com.github.javaparser.resolution.TypeSolver.solveType(TypeSolver.java:71)

34191      ERROR Test worker     d.u.i.k.n.b.AbstractBuilder  com.github.javaparser.resolution.UnsolvedSymbolException: Unsolved symbol in de.uka.ilkd.key.java.JavaParserFactory$DynamicTypeSolver@725185cc : java.lang.Object
	at com.github.javaparser.resolution.TypeSolver.solveType(TypeSolver.java:71)

34191      ERROR Test worker     d.u.i.k.n.b.TacletPBuilder Error in parsing taclet. de.uka.ilkd.key.util.parsing.BuildingException: Unsolved symbol in de.uka.ilkd.key.java.JavaParserFactory$DynamicTypeSolver@725185cc : java.lang.Object at file:/D:/a/key/key/key.core/build/resources/main/de/uka/ilkd/key/proof/rules/javaRules.key:3569:15
	at de.uka.ilkd.key.nparser.builder.AbstractBuilder.accept(AbstractBuilder.java:54)
Caused by: com.github.javaparser.resolution.UnsolvedSymbolException: Unsolved symbol in de.uka.ilkd.key.java.JavaParserFactory$DynamicTypeSolver@725185cc : java.lang.Object
	at com.github.javaparser.resolution.TypeSolver.solveType(TypeSolver.java:71)

34191      ERROR Test worker     d.u.i.k.n.b.AbstractBuilder  com.github.javaparser.resolution.UnsolvedSymbolException: Unsolved symbol in de.uka.ilkd.key.java.JavaParserFactory$DynamicTypeSolver@725185cc : java.lang.Object
	at com.github.javaparser.resolution.TypeSolver.solveType(TypeSolver.java:71)

34191      ERROR Test worker     d.u.i.k.n.b.TacletPBuilder Error in parsing taclet. de.uka.ilkd.key.util.parsing.BuildingException: Unsolved symbol in de.uka.ilkd.key.java.JavaParserFactory$DynamicTypeSolver@725185cc : java.lang.Object at file:/D:/a/key/key/key.core/build/resources/main/de/uka/ilkd/key/proof/rules/javaRules.key:3576:15
	at de.uka.ilkd.key.nparser.builder.AbstractBuilder.accept(AbstractBuilder.java:54)
Caused by: com.github.javaparser.resolution.UnsolvedSymbolException: Unsolved symbol in de.uka.ilkd.key.java.JavaParserFactory$DynamicTypeSolver@725185cc : java.lang.Object
	at com.github.javaparser.resolution.TypeSolver.solveType(TypeSolver.java:71)

34191      ERROR Test worker     d.u.i.k.n.b.AbstractBuilder  com.github.javaparser.resolution.UnsolvedSymbolException: Unsolved symbol in de.uka.ilkd.key.java.JavaParserFactory$DynamicTypeSolver@725185cc : java.lang.Object
	at com.github.javaparser.resolution.TypeSolver.solveType(TypeSolver.java:71)

34191      ERROR Test worker     d.u.i.k.n.b.TacletPBuilder Error in parsing taclet. de.uka.ilkd.key.util.parsing.BuildingException: Unsolved symbol in de.uka.ilkd.key.java.JavaParserFactory$DynamicTypeSolver@725185cc : java.lang.Object at file:/D:/a/key/key/key.core/build/resources/main/de/uka/ilkd/key/proof/rules/javaRules.key:3583:15
	at de.uka.ilkd.key.nparser.builder.AbstractBuilder.accept(AbstractBuilder.java:54)
Caused by: com.github.javaparser.resolution.UnsolvedSymbolException: Unsolved symbol in de.uka.ilkd.key.java.JavaParserFactory$DynamicTypeSolver@725185cc : java.lang.Object
	at com.github.javaparser.resolution.TypeSolver.solveType(TypeSolver.java:71)

34191      ERROR Test worker     d.u.i.k.n.b.AbstractBuilder  com.github.javaparser.resolution.UnsolvedSymbolException: Unsolved symbol in de.uka.ilkd.key.java.JavaParserFactory$DynamicTypeSolver@725185cc : java.lang.Object
	at com.github.javaparser.resolution.TypeSolver.solveType(TypeSolver.java:71)

34191      ERROR Test worker     d.u.i.k.n.b.TacletPBuilder Error in parsing taclet. de.uka.ilkd.key.util.parsing.BuildingException: Unsolved symbol in de.uka.ilkd.key.java.JavaParserFactory$DynamicTypeSolver@725185cc : java.lang.Object at file:/D:/a/key/key/key.core/build/resources/main/de/uka/ilkd/key/proof/rules/javaRules.key:3589:15
	at de.uka.ilkd.key.nparser.builder.AbstractBuilder.accept(AbstractBuilder.java:54)
Caused by: com.github.javaparser.resolution.UnsolvedSymbolException: Unsolved symbol in de.uka.ilkd.key.java.JavaParserFactory$DynamicTypeSolver@725185cc : java.lang.Object
	at com.github.javaparser.resolution.TypeSolver.solveType(TypeSolver.java:71)

34191      ERROR Test worker     d.u.i.k.n.b.AbstractBuilder  com.github.javaparser.resolution.UnsolvedSymbolException: Unsolved symbol in de.uka.ilkd.key.java.JavaParserFactory$DynamicTypeSolver@725185cc : java.lang.Object
	at com.github.javaparser.resolution.TypeSolver.solveType(TypeSolver.java:71)

34191      ERROR Test worker     d.u.i.k.n.b.TacletPBuilder Error in parsing taclet. de.uka.ilkd.key.util.parsing.BuildingException: Unsolved symbol in de.uka.ilkd.key.java.JavaParserFactory$DynamicTypeSolver@725185cc : java.lang.Object at file:/D:/a/key/key/key.core/build/resources/main/de/uka/ilkd/key/proof/rules/javaRules.key:3596:15
	at de.uka.ilkd.key.nparser.builder.AbstractBuilder.accept(AbstractBuilder.java:54)
Caused by: com.github.javaparser.resolution.UnsolvedSymbolException: Unsolved symbol in de.uka.ilkd.key.java.JavaParserFactory$DynamicTypeSolver@725185cc : java.lang.Object
	at com.github.javaparser.resolution.TypeSolver.solveType(TypeSolver.java:71)

34191      ERROR Test worker     d.u.i.k.n.b.AbstractBuilder  com.github.javaparser.resolution.UnsolvedSymbolException: Unsolved symbol in de.uka.ilkd.key.java.JavaParserFactory$DynamicTypeSolver@725185cc : java.lang.Object
	at com.github.javaparser.resolution.TypeSolver.solveType(TypeSolver.java:71)

34191      ERROR Test worker     d.u.i.k.n.b.TacletPBuilder Error in parsing taclet. de.uka.ilkd.key.util.parsing.BuildingException: Unsolved symbol in de.uka.ilkd.key.java.JavaParserFactory$DynamicTypeSolver@725185cc : java.lang.Object at file:/D:/a/key/key/key.core/build/resources/main/de/uka/ilkd/key/proof/rules/javaRules.key:3608:15
	at de.uka.ilkd.key.nparser.builder.AbstractBuilder.accept(AbstractBuilder.java:54)
Caused by: com.github.javaparser.resolution.UnsolvedSymbolException: Unsolved symbol in de.uka.ilkd.key.java.JavaParserFactory$DynamicTypeSolver@725185cc : java.lang.Object
	at com.github.javaparser.resolution.TypeSolver.solveType(TypeSolver.java:71)

34191      ERROR Test worker     d.u.i.k.n.b.AbstractBuilder  com.github.javaparser.resolution.UnsolvedSymbolException: Unsolved symbol in de.uka.ilkd.key.java.JavaParserFactory$DynamicTypeSolver@725185cc : java.lang.Object
	at com.github.javaparser.resolution.TypeSolver.solveType(TypeSolver.java:71)

34191      ERROR Test worker     d.u.i.k.n.b.TacletPBuilder Error in parsing taclet. de.uka.ilkd.key.util.parsing.BuildingException: Unsolved symbol in de.uka.ilkd.key.java.JavaParserFactory$DynamicTypeSolver@725185cc : java.lang.Object at file:/D:/a/key/key/key.core/build/resources/main/de/uka/ilkd/key/proof/rules/javaRules.key:3622:15
	at de.uka.ilkd.key.nparser.builder.AbstractBuilder.accept(AbstractBuilder.java:54)
Caused by: com.github.javaparser.resolution.UnsolvedSymbolException: Unsolved symbol in de.uka.ilkd.key.java.JavaParserFactory$DynamicTypeSolver@725185cc : java.lang.Object
	at com.github.javaparser.resolution.TypeSolver.solveType(TypeSolver.java:71)

34191      ERROR Test worker     d.u.i.k.n.b.AbstractBuilder  com.github.javaparser.resolution.UnsolvedSymbolException: Unsolved symbol in de.uka.ilkd.key.java.JavaParserFactory$DynamicTypeSolver@725185cc : java.lang.Object
	at com.github.javaparser.resolution.TypeSolver.solveType(TypeSolver.java:71)

34191      ERROR Test worker     d.u.i.k.n.b.TacletPBuilder Error in parsing taclet. de.uka.ilkd.key.util.parsing.BuildingException: Unsolved symbol in de.uka.ilkd.key.java.JavaParserFactory$DynamicTypeSolver@725185cc : java.lang.Object at file:/D:/a/key/key/key.core/build/resources/main/de/uka/ilkd/key/proof/rules/javaRules.key:3635:15
	at de.uka.ilkd.key.nparser.builder.AbstractBuilder.accept(AbstractBuilder.java:54)
Caused by: com.github.javaparser.resolution.UnsolvedSymbolException: Unsolved symbol in de.uka.ilkd.key.java.JavaParserFactory$DynamicTypeSolver@725185cc : java.lang.Object
	at com.github.javaparser.resolution.TypeSolver.solveType(TypeSolver.java:71)

34206      ERROR Test worker     d.u.i.k.n.b.AbstractBuilder  com.github.javaparser.resolution.UnsolvedSymbolException: Unsolved symbol in de.uka.ilkd.key.java.JavaParserFactory$DynamicTypeSolver@725185cc : java.lang.Object
	at com.github.javaparser.resolution.TypeSolver.solveType(TypeSolver.java:71)

34206      ERROR Test worker     d.u.i.k.n.b.TacletPBuilder Error in parsing taclet. de.uka.ilkd.key.util.parsing.BuildingException: Unsolved symbol in de.uka.ilkd.key.java.JavaParserFactory$DynamicTypeSolver@725185cc : java.lang.Object at file:/D:/a/key/key/key.core/build/resources/main/de/uka/ilkd/key/proof/rules/javaRules.key:3650:15
	at de.uka.ilkd.key.nparser.builder.AbstractBuilder.accept(AbstractBuilder.java:54)
Caused by: com.github.javaparser.resolution.UnsolvedSymbolException: Unsolved symbol in de.uka.ilkd.key.java.JavaParserFactory$DynamicTypeSolver@725185cc : java.lang.Object
	at com.github.javaparser.resolution.TypeSolver.solveType(TypeSolver.java:71)

34206      ERROR Test worker     d.u.i.k.n.b.AbstractBuilder  com.github.javaparser.resolution.UnsolvedSymbolException: Unsolved symbol in de.uka.ilkd.key.java.JavaParserFactory$DynamicTypeSolver@725185cc : java.lang.Object
	at com.github.javaparser.resolution.TypeSolver.solveType(TypeSolver.java:71)

34206      ERROR Test worker     d.u.i.k.n.b.TacletPBuilder Error in parsing taclet. de.uka.ilkd.key.util.parsing.BuildingException: Unsolved symbol in de.uka.ilkd.key.java.JavaParserFactory$DynamicTypeSolver@725185cc : java.lang.Object at file:/D:/a/key/key/key.core/build/resources/main/de/uka/ilkd/key/proof/rules/javaRules.key:3671:15
	at de.uka.ilkd.key.nparser.builder.AbstractBuilder.accept(AbstractBuilder.java:54)
Caused by: com.github.javaparser.resolution.UnsolvedSymbolException: Unsolved symbol in de.uka.ilkd.key.java.JavaParserFactory$DynamicTypeSolver@725185cc : java.lang.Object
	at com.github.javaparser.resolution.TypeSolver.solveType(TypeSolver.java:71)

34206      ERROR Test worker     d.u.i.k.n.b.AbstractBuilder  com.github.javaparser.resolution.UnsolvedSymbolException: Unsolved symbol in de.uka.ilkd.key.java.JavaParserFactory$DynamicTypeSolver@725185cc : java.lang.Object
	at com.github.javaparser.resolution.TypeSolver.solveType(TypeSolver.java:71)

34206      ERROR Test worker     d.u.i.k.n.b.TacletPBuilder Error in parsing taclet. de.uka.ilkd.key.util.parsing.BuildingException: Unsolved symbol in de.uka.ilkd.key.java.JavaParserFactory$DynamicTypeSolver@725185cc : java.lang.Object at file:/D:/a/key/key/key.core/build/resources/main/de/uka/ilkd/key/proof/rules/javaRules.key:3682:15
	at de.uka.ilkd.key.nparser.builder.AbstractBuilder.accept(AbstractBuilder.java:54)
Caused by: com.github.javaparser.resolution.UnsolvedSymbolException: Unsolved symbol in de.uka.ilkd.key.java.JavaParserFactory$DynamicTypeSolver@725185cc : java.lang.Object
	at com.github.javaparser.resolution.TypeSolver.solveType(TypeSolver.java:71)

34206      ERROR Test worker     d.u.i.k.n.b.AbstractBuilder  com.github.javaparser.resolution.UnsolvedSymbolException: Unsolved symbol in de.uka.ilkd.key.java.JavaParserFactory$DynamicTypeSolver@725185cc : java.lang.Object
	at com.github.javaparser.resolution.TypeSolver.solveType(TypeSolver.java:71)

34206      ERROR Test worker     d.u.i.k.n.b.TacletPBuilder Error in parsing taclet. de.uka.ilkd.key.util.parsing.BuildingException: Unsolved symbol in de.uka.ilkd.key.java.JavaParserFactory$DynamicTypeSolver@725185cc : java.lang.Object at file:/D:/a/key/key/key.core/build/resources/main/de/uka/ilkd/key/proof/rules/javaRules.key:3695:15
	at de.uka.ilkd.key.nparser.builder.AbstractBuilder.accept(AbstractBuilder.java:54)
Caused by: com.github.javaparser.resolution.UnsolvedSymbolException: Unsolved symbol in de.uka.ilkd.key.java.JavaParserFactory$DynamicTypeSolver@725185cc : java.lang.Object
	at com.github.javaparser.resolution.TypeSolver.solveType(TypeSolver.java:71)

34206      ERROR Test worker     d.u.i.k.n.b.AbstractBuilder  com.github.javaparser.resolution.UnsolvedSymbolException: Unsolved symbol in de.uka.ilkd.key.java.JavaParserFactory$DynamicTypeSolver@725185cc : java.lang.Object
	at com.github.javaparser.resolution.TypeSolver.solveType(TypeSolver.java:71)

34206      ERROR Test worker     d.u.i.k.n.b.TacletPBuilder Error in parsing taclet. de.uka.ilkd.key.util.parsing.BuildingException: Unsolved symbol in de.uka.ilkd.key.java.JavaParserFactory$DynamicTypeSolver@725185cc : java.lang.Object at file:/D:/a/key/key/key.core/build/resources/main/de/uka/ilkd/key/proof/rules/javaRules.key:3702:15
	at de.uka.ilkd.key.nparser.builder.AbstractBuilder.accept(AbstractBuilder.java:54)
Caused by: com.github.javaparser.resolution.UnsolvedSymbolException: Unsolved symbol in de.uka.ilkd.key.java.JavaParserFactory$DynamicTypeSolver@725185cc : java.lang.Object
	at com.github.javaparser.resolution.TypeSolver.solveType(TypeSolver.java:71)

34222      ERROR Test worker     d.u.i.k.n.b.AbstractBuilder  com.github.javaparser.resolution.UnsolvedSymbolException: Unsolved symbol in de.uka.ilkd.key.java.JavaParserFactory$DynamicTypeSolver@725185cc : java.lang.Object
	at com.github.javaparser.resolution.TypeSolver.solveType(TypeSolver.java:71)

34222      ERROR Test worker     d.u.i.k.n.b.TacletPBuilder Error in parsing taclet. de.uka.ilkd.key.util.parsing.BuildingException: Unsolved symbol in de.uka.ilkd.key.java.JavaParserFactory$DynamicTypeSolver@725185cc : java.lang.Object at file:/D:/a/key/key/key.core/build/resources/main/de/uka/ilkd/key/proof/rules/javaRules.key:3712:15
	at de.uka.ilkd.key.nparser.builder.AbstractBuilder.accept(AbstractBuilder.java:54)
Caused by: com.github.javaparser.resolution.UnsolvedSymbolException: Unsolved symbol in de.uka.ilkd.key.java.JavaParserFactory$DynamicTypeSolver@725185cc : java.lang.Object
	at com.github.javaparser.resolution.TypeSolver.solveType(TypeSolver.java:71)

34222      ERROR Test worker     d.u.i.k.n.b.AbstractBuilder  com.github.javaparser.resolution.UnsolvedSymbolException: Unsolved symbol in de.uka.ilkd.key.java.JavaParserFactory$DynamicTypeSolver@725185cc : java.lang.Object
	at com.github.javaparser.resolution.TypeSolver.solveType(TypeSolver.java:71)

34222      ERROR Test worker     d.u.i.k.n.b.TacletPBuilder Error in parsing taclet. de.uka.ilkd.key.util.parsing.BuildingException: Unsolved symbol in de.uka.ilkd.key.java.JavaParserFactory$DynamicTypeSolver@725185cc : java.lang.Object at file:/D:/a/key/key/key.core/build/resources/main/de/uka/ilkd/key/proof/rules/javaRules.key:3723:15
	at de.uka.ilkd.key.nparser.builder.AbstractBuilder.accept(AbstractBuilder.java:54)
Caused by: com.github.javaparser.resolution.UnsolvedSymbolException: Unsolved symbol in de.uka.ilkd.key.java.JavaParserFactory$DynamicTypeSolver@725185cc : java.lang.Object
	at com.github.javaparser.resolution.TypeSolver.solveType(TypeSolver.java:71)

34222      ERROR Test worker     d.u.i.k.n.b.AbstractBuilder  com.github.javaparser.resolution.UnsolvedSymbolException: Unsolved symbol in de.uka.ilkd.key.java.JavaParserFactory$DynamicTypeSolver@725185cc : java.lang.Object
	at com.github.javaparser.resolution.TypeSolver.solveType(TypeSolver.java:71)

34222      ERROR Test worker     d.u.i.k.n.b.TacletPBuilder Error in parsing taclet. de.uka.ilkd.key.util.parsing.BuildingException: Unsolved symbol in de.uka.ilkd.key.java.JavaParserFactory$DynamicTypeSolver@725185cc : java.lang.Object at file:/D:/a/key/key/key.core/build/resources/main/de/uka/ilkd/key/proof/rules/javaRules.key:3735:15
	at de.uka.ilkd.key.nparser.builder.AbstractBuilder.accept(AbstractBuilder.java:54)
Caused by: com.github.javaparser.resolution.UnsolvedSymbolException: Unsolved symbol in de.uka.ilkd.key.java.JavaParserFactory$DynamicTypeSolver@725185cc : java.lang.Object
	at com.github.javaparser.resolution.TypeSolver.solveType(TypeSolver.java:71)

34222      ERROR Test worker     d.u.i.k.n.b.AbstractBuilder  com.github.javaparser.resolution.UnsolvedSymbolException: Unsolved symbol in de.uka.ilkd.key.java.JavaParserFactory$DynamicTypeSolver@725185cc : java.lang.Object
	at com.github.javaparser.resolution.TypeSolver.solveType(TypeSolver.java:71)

34222      ERROR Test worker     d.u.i.k.n.b.TacletPBuilder Error in parsing taclet. de.uka.ilkd.key.util.parsing.BuildingException: Unsolved symbol in de.uka.ilkd.key.java.JavaParserFactory$DynamicTypeSolver@725185cc : java.lang.Object at file:/D:/a/key/key/key.core/build/resources/main/de/uka/ilkd/key/proof/rules/javaRules.key:3747:15
	at de.uka.ilkd.key.nparser.builder.AbstractBuilder.accept(AbstractBuilder.java:54)
Caused by: com.github.javaparser.resolution.UnsolvedSymbolException: Unsolved symbol in de.uka.ilkd.key.java.JavaParserFactory$DynamicTypeSolver@725185cc : java.lang.Object
	at com.github.javaparser.resolution.TypeSolver.solveType(TypeSolver.java:71)

34222      ERROR Test worker     d.u.i.k.n.b.AbstractBuilder  com.github.javaparser.resolution.UnsolvedSymbolException: Unsolved symbol in de.uka.ilkd.key.java.JavaParserFactory$DynamicTypeSolver@725185cc : java.lang.Object
	at com.github.javaparser.resolution.TypeSolver.solveType(TypeSolver.java:71)

34222      ERROR Test worker     d.u.i.k.n.b.TacletPBuilder Error in parsing taclet. de.uka.ilkd.key.util.parsing.BuildingException: Unsolved symbol in de.uka.ilkd.key.java.JavaParserFactory$DynamicTypeSolver@725185cc : java.lang.Object at file:/D:/a/key/key/key.core/build/resources/main/de/uka/ilkd/key/proof/rules/javaRules.key:3761:15
	at de.uka.ilkd.key.nparser.builder.AbstractBuilder.accept(AbstractBuilder.java:54)
Caused by: com.github.javaparser.resolution.UnsolvedSymbolException: Unsolved symbol in de.uka.ilkd.key.java.JavaParserFactory$DynamicTypeSolver@725185cc : java.lang.Object
	at com.github.javaparser.resolution.TypeSolver.solveType(TypeSolver.java:71)

34222      ERROR Test worker     d.u.i.k.n.b.AbstractBuilder  com.github.javaparser.resolution.UnsolvedSymbolException: Unsolved symbol in de.uka.ilkd.key.java.JavaParserFactory$DynamicTypeSolver@725185cc : java.lang.Object
	at com.github.javaparser.resolution.TypeSolver.solveType(TypeSolver.java:71)

34222      ERROR Test worker     d.u.i.k.n.b.TacletPBuilder Error in parsing taclet. de.uka.ilkd.key.util.parsing.BuildingException: Unsolved symbol in de.uka.ilkd.key.java.JavaParserFactory$DynamicTypeSolver@725185cc : java.lang.Object at file:/D:/a/key/key/key.core/build/resources/main/de/uka/ilkd/key/proof/rules/javaRules.key:3769:15
	at de.uka.ilkd.key.nparser.builder.AbstractBuilder.accept(AbstractBuilder.java:54)
Caused by: com.github.javaparser.resolution.UnsolvedSymbolException: Unsolved symbol in de.uka.ilkd.key.java.JavaParserFactory$DynamicTypeSolver@725185cc : java.lang.Object
	at com.github.javaparser.resolution.TypeSolver.solveType(TypeSolver.java:71)

34222      ERROR Test worker     d.u.i.k.n.b.AbstractBuilder  com.github.javaparser.resolution.UnsolvedSymbolException: Unsolved symbol in de.uka.ilkd.key.java.JavaParserFactory$DynamicTypeSolver@725185cc : java.lang.Object
	at com.github.javaparser.resolution.TypeSolver.solveType(TypeSolver.java:71)

34222      ERROR Test worker     d.u.i.k.n.b.TacletPBuilder Error in parsing taclet. de.uka.ilkd.key.util.parsing.BuildingException: Unsolved symbol in de.uka.ilkd.key.java.JavaParserFactory$DynamicTypeSolver@725185cc : java.lang.Object at file:/D:/a/key/key/key.core/build/resources/main/de/uka/ilkd/key/proof/rules/javaRules.key:3780:15
	at de.uka.ilkd.key.nparser.builder.AbstractBuilder.accept(AbstractBuilder.java:54)
Caused by: com.github.javaparser.resolution.UnsolvedSymbolException: Unsolved symbol in de.uka.ilkd.key.java.JavaParserFactory$DynamicTypeSolver@725185cc : java.lang.Object
	at com.github.javaparser.resolution.TypeSolver.solveType(TypeSolver.java:71)

34222      ERROR Test worker     d.u.i.k.n.b.AbstractBuilder  com.github.javaparser.resolution.UnsolvedSymbolException: Unsolved symbol in de.uka.ilkd.key.java.JavaParserFactory$DynamicTypeSolver@725185cc : java.lang.Object
	at com.github.javaparser.resolution.TypeSolver.solveType(TypeSolver.java:71)

34222      ERROR Test worker     d.u.i.k.n.b.TacletPBuilder Error in parsing taclet. de.uka.ilkd.key.util.parsing.BuildingException: Unsolved symbol in de.uka.ilkd.key.java.JavaParserFactory$DynamicTypeSolver@725185cc : java.lang.Object at file:/D:/a/key/key/key.core/build/resources/main/de/uka/ilkd/key/proof/rules/javaRules.key:3792:15
	at de.uka.ilkd.key.nparser.builder.AbstractBuilder.accept(AbstractBuilder.java:54)
Caused by: com.github.javaparser.resolution.UnsolvedSymbolException: Unsolved symbol in de.uka.ilkd.key.java.JavaParserFactory$DynamicTypeSolver@725185cc : java.lang.Object
	at com.github.javaparser.resolution.TypeSolver.solveType(TypeSolver.java:71)

34238      ERROR Test worker     d.u.i.k.n.b.AbstractBuilder  com.github.javaparser.resolution.UnsolvedSymbolException: Unsolved symbol in de.uka.ilkd.key.java.JavaParserFactory$DynamicTypeSolver@725185cc : java.lang.Object
	at com.github.javaparser.resolution.TypeSolver.solveType(TypeSolver.java:71)

34238      ERROR Test worker     d.u.i.k.n.b.TacletPBuilder Error in parsing taclet. de.uka.ilkd.key.util.parsing.BuildingException: Unsolved symbol in de.uka.ilkd.key.java.JavaParserFactory$DynamicTypeSolver@725185cc : java.lang.Object at file:/D:/a/key/key/key.core/build/resources/main/de/uka/ilkd/key/proof/rules/javaRules.key:3803:15
	at de.uka.ilkd.key.nparser.builder.AbstractBuilder.accept(AbstractBuilder.java:54)
Caused by: com.github.javaparser.resolution.UnsolvedSymbolException: Unsolved symbol in de.uka.ilkd.key.java.JavaParserFactory$DynamicTypeSolver@725185cc : java.lang.Object
	at com.github.javaparser.resolution.TypeSolver.solveType(TypeSolver.java:71)

34238      ERROR Test worker     d.u.i.k.n.b.AbstractBuilder  com.github.javaparser.resolution.UnsolvedSymbolException: Unsolved symbol in de.uka.ilkd.key.java.JavaParserFactory$DynamicTypeSolver@725185cc : java.lang.Object
	at com.github.javaparser.resolution.TypeSolver.solveType(TypeSolver.java:71)

34238      ERROR Test worker     d.u.i.k.n.b.TacletPBuilder Error in parsing taclet. de.uka.ilkd.key.util.parsing.BuildingException: Unsolved symbol in de.uka.ilkd.key.java.JavaParserFactory$DynamicTypeSolver@725185cc : java.lang.Object at file:/D:/a/key/key/key.core/build/resources/main/de/uka/ilkd/key/proof/rules/javaRules.key:3810:15
	at de.uka.ilkd.key.nparser.builder.AbstractBuilder.accept(AbstractBuilder.java:54)
Caused by: com.github.javaparser.resolution.UnsolvedSymbolException: Unsolved symbol in de.uka.ilkd.key.java.JavaParserFactory$DynamicTypeSolver@725185cc : java.lang.Object
	at com.github.javaparser.resolution.TypeSolver.solveType(TypeSolver.java:71)

34238      ERROR Test worker     d.u.i.k.n.b.AbstractBuilder  com.github.javaparser.resolution.UnsolvedSymbolException: Unsolved symbol in de.uka.ilkd.key.java.JavaParserFactory$DynamicTypeSolver@725185cc : java.lang.Object
	at com.github.javaparser.resolution.TypeSolver.solveType(TypeSolver.java:71)

34238      ERROR Test worker     d.u.i.k.n.b.TacletPBuilder Error in parsing taclet. de.uka.ilkd.key.util.parsing.BuildingException: Unsolved symbol in de.uka.ilkd.key.java.JavaParserFactory$DynamicTypeSolver@725185cc : java.lang.Object at file:/D:/a/key/key/key.core/build/resources/main/de/uka/ilkd/key/proof/rules/javaRules.key:3817:15
	at de.uka.ilkd.key.nparser.builder.AbstractBuilder.accept(AbstractBuilder.java:54)
Caused by: com.github.javaparser.resolution.UnsolvedSymbolException: Unsolved symbol in de.uka.ilkd.key.java.JavaParserFactory$DynamicTypeSolver@725185cc : java.lang.Object
	at com.github.javaparser.resolution.TypeSolver.solveType(TypeSolver.java:71)

34238      ERROR Test worker     d.u.i.k.n.b.AbstractBuilder  com.github.javaparser.resolution.UnsolvedSymbolException: Unsolved symbol in de.uka.ilkd.key.java.JavaParserFactory$DynamicTypeSolver@725185cc : java.lang.Object
	at com.github.javaparser.resolution.TypeSolver.solveType(TypeSolver.java:71)

34238      ERROR Test worker     d.u.i.k.n.b.TacletPBuilder Error in parsing taclet. de.uka.ilkd.key.util.parsing.BuildingException: Unsolved symbol in de.uka.ilkd.key.java.JavaParserFactory$DynamicTypeSolver@725185cc : java.lang.Object at file:/D:/a/key/key/key.core/build/resources/main/de/uka/ilkd/key/proof/rules/javaRules.key:3828:15
	at de.uka.ilkd.key.nparser.builder.AbstractBuilder.accept(AbstractBuilder.java:54)
Caused by: com.github.javaparser.resolution.UnsolvedSymbolException: Unsolved symbol in de.uka.ilkd.key.java.JavaParserFactory$DynamicTypeSolver@725185cc : java.lang.Object
	at com.github.javaparser.resolution.TypeSolver.solveType(TypeSolver.java:71)

34253      ERROR Test worker     d.u.i.k.n.b.AbstractBuilder  com.github.javaparser.resolution.UnsolvedSymbolException: Unsolved symbol in de.uka.ilkd.key.java.JavaParserFactory$DynamicTypeSolver@725185cc : java.lang.Object
	at com.github.javaparser.resolution.TypeSolver.solveType(TypeSolver.java:71)

34253      ERROR Test worker     d.u.i.k.n.b.TacletPBuilder Error in parsing taclet. de.uka.ilkd.key.util.parsing.BuildingException: Unsolved symbol in de.uka.ilkd.key.java.JavaParserFactory$DynamicTypeSolver@725185cc : java.lang.Object at file:/D:/a/key/key/key.core/build/resources/main/de/uka/ilkd/key/proof/rules/loopRules.key:26:15
	at de.uka.ilkd.key.nparser.builder.AbstractBuilder.accept(AbstractBuilder.java:54)
Caused by: com.github.javaparser.resolution.UnsolvedSymbolException: Unsolved symbol in de.uka.ilkd.key.java.JavaParserFactory$DynamicTypeSolver@725185cc : java.lang.Object
	at com.github.javaparser.resolution.TypeSolver.solveType(TypeSolver.java:71)

34253      ERROR Test worker     d.u.i.k.n.b.AbstractBuilder  com.github.javaparser.resolution.UnsolvedSymbolException: Unsolved symbol in de.uka.ilkd.key.java.JavaParserFactory$DynamicTypeSolver@725185cc : java.lang.Object
	at com.github.javaparser.resolution.TypeSolver.solveType(TypeSolver.java:71)

34253      ERROR Test worker     d.u.i.k.n.b.TacletPBuilder Error in parsing taclet. de.uka.ilkd.key.util.parsing.BuildingException: Unsolved symbol in de.uka.ilkd.key.java.JavaParserFactory$DynamicTypeSolver@725185cc : java.lang.Object at file:/D:/a/key/key/key.core/build/resources/main/de/uka/ilkd/key/proof/rules/loopRules.key:34:15
	at de.uka.ilkd.key.nparser.builder.AbstractBuilder.accept(AbstractBuilder.java:54)
Caused by: com.github.javaparser.resolution.UnsolvedSymbolException: Unsolved symbol in de.uka.ilkd.key.java.JavaParserFactory$DynamicTypeSolver@725185cc : java.lang.Object
	at com.github.javaparser.resolution.TypeSolver.solveType(TypeSolver.java:71)

34253      ERROR Test worker     d.u.i.k.n.b.AbstractBuilder  com.github.javaparser.resolution.UnsolvedSymbolException: Unsolved symbol in de.uka.ilkd.key.java.JavaParserFactory$DynamicTypeSolver@725185cc : java.lang.Object
	at com.github.javaparser.resolution.TypeSolver.solveType(TypeSolver.java:71)

34253      ERROR Test worker     d.u.i.k.n.b.TacletPBuilder Error in parsing taclet. de.uka.ilkd.key.util.parsing.BuildingException: Unsolved symbol in de.uka.ilkd.key.java.JavaParserFactory$DynamicTypeSolver@725185cc : java.lang.Object at file:/D:/a/key/key/key.core/build/resources/main/de/uka/ilkd/key/proof/rules/loopRules.key:45:15
	at de.uka.ilkd.key.nparser.builder.AbstractBuilder.accept(AbstractBuilder.java:54)
Caused by: com.github.javaparser.resolution.UnsolvedSymbolException: Unsolved symbol in de.uka.ilkd.key.java.JavaParserFactory$DynamicTypeSolver@725185cc : java.lang.Object
	at com.github.javaparser.resolution.TypeSolver.solveType(TypeSolver.java:71)

34269      ERROR Test worker     d.u.i.k.n.b.AbstractBuilder  com.github.javaparser.resolution.UnsolvedSymbolException: Unsolved symbol in de.uka.ilkd.key.java.JavaParserFactory$DynamicTypeSolver@725185cc : java.lang.Object
	at com.github.javaparser.resolution.TypeSolver.solveType(TypeSolver.java:71)

34269      ERROR Test worker     d.u.i.k.n.b.TacletPBuilder Error in parsing taclet. de.uka.ilkd.key.util.parsing.BuildingException: Unsolved symbol in de.uka.ilkd.key.java.JavaParserFactory$DynamicTypeSolver@725185cc : java.lang.Object at file:/D:/a/key/key/key.core/build/resources/main/de/uka/ilkd/key/proof/rules/loopRules.key:52:15
	at de.uka.ilkd.key.nparser.builder.AbstractBuilder.accept(AbstractBuilder.java:54)
Caused by: com.github.javaparser.resolution.UnsolvedSymbolException: Unsolved symbol in de.uka.ilkd.key.java.JavaParserFactory$DynamicTypeSolver@725185cc : java.lang.Object
	at com.github.javaparser.resolution.TypeSolver.solveType(TypeSolver.java:71)

34284      ERROR Test worker     d.u.i.k.n.b.AbstractBuilder  com.github.javaparser.resolution.UnsolvedSymbolException: Unsolved symbol in de.uka.ilkd.key.java.JavaParserFactory$DynamicTypeSolver@725185cc : java.lang.Object
	at com.github.javaparser.resolution.TypeSolver.solveType(TypeSolver.java:71)

34284      ERROR Test worker     d.u.i.k.n.b.TacletPBuilder Error in parsing taclet. de.uka.ilkd.key.util.parsing.BuildingException: Unsolved symbol in de.uka.ilkd.key.java.JavaParserFactory$DynamicTypeSolver@725185cc : java.lang.Object at file:/D:/a/key/key/key.core/build/resources/main/de/uka/ilkd/key/proof/rules/activeUse.key:25:15
	at de.uka.ilkd.key.nparser.builder.AbstractBuilder.accept(AbstractBuilder.java:54)
Caused by: com.github.javaparser.resolution.UnsolvedSymbolException: Unsolved symbol in de.uka.ilkd.key.java.JavaParserFactory$DynamicTypeSolver@725185cc : java.lang.Object
	at com.github.javaparser.resolution.TypeSolver.solveType(TypeSolver.java:71)

34284      ERROR Test worker     d.u.i.k.n.b.AbstractBuilder  com.github.javaparser.resolution.UnsolvedSymbolException: Unsolved symbol in de.uka.ilkd.key.java.JavaParserFactory$DynamicTypeSolver@725185cc : java.lang.Object
	at com.github.javaparser.resolution.TypeSolver.solveType(TypeSolver.java:71)

34284      ERROR Test worker     d.u.i.k.n.b.TacletPBuilder Error in parsing taclet. de.uka.ilkd.key.util.parsing.BuildingException: Unsolved symbol in de.uka.ilkd.key.java.JavaParserFactory$DynamicTypeSolver@725185cc : java.lang.Object at file:/D:/a/key/key/key.core/build/resources/main/de/uka/ilkd/key/proof/rules/activeUse.key:38:15
	at de.uka.ilkd.key.nparser.builder.AbstractBuilder.accept(AbstractBuilder.java:54)
Caused by: com.github.javaparser.resolution.UnsolvedSymbolException: Unsolved symbol in de.uka.ilkd.key.java.JavaParserFactory$DynamicTypeSolver@725185cc : java.lang.Object
	at com.github.javaparser.resolution.TypeSolver.solveType(TypeSolver.java:71)

34284      ERROR Test worker     d.u.i.k.n.b.AbstractBuilder  com.github.javaparser.resolution.UnsolvedSymbolException: Unsolved symbol in de.uka.ilkd.key.java.JavaParserFactory$DynamicTypeSolver@725185cc : java.lang.Object
	at com.github.javaparser.resolution.TypeSolver.solveType(TypeSolver.java:71)

34284      ERROR Test worker     d.u.i.k.n.b.TacletPBuilder Error in parsing taclet. de.uka.ilkd.key.util.parsing.BuildingException: Unsolved symbol in de.uka.ilkd.key.java.JavaParserFactory$DynamicTypeSolver@725185cc : java.lang.Object at file:/D:/a/key/key/key.core/build/resources/main/de/uka/ilkd/key/proof/rules/activeUse.key:52:15
	at de.uka.ilkd.key.nparser.builder.AbstractBuilder.accept(AbstractBuilder.java:54)
Caused by: com.github.javaparser.resolution.UnsolvedSymbolException: Unsolved symbol in de.uka.ilkd.key.java.JavaParserFactory$DynamicTypeSolver@725185cc : java.lang.Object
	at com.github.javaparser.resolution.TypeSolver.solveType(TypeSolver.java:71)

34284      ERROR Test worker     d.u.i.k.n.b.TacletPBuilder Override: #arr (program Expression) #arr (program Expression) 
34284      ERROR Test worker     d.u.i.k.n.b.TacletPBuilder Override: #idx (program Expression) #idx (program Expression) 
34284      ERROR Test worker     d.u.i.k.n.b.AbstractBuilder  com.github.javaparser.resolution.UnsolvedSymbolException: Unsolved symbol in de.uka.ilkd.key.java.JavaParserFactory$DynamicTypeSolver@725185cc : java.lang.Object
	at com.github.javaparser.resolution.TypeSolver.solveType(TypeSolver.java:71)

34284      ERROR Test worker     d.u.i.k.n.b.TacletPBuilder Error in parsing taclet. de.uka.ilkd.key.util.parsing.BuildingException: Unsolved symbol in de.uka.ilkd.key.java.JavaParserFactory$DynamicTypeSolver@725185cc : java.lang.Object at file:/D:/a/key/key/key.core/build/resources/main/de/uka/ilkd/key/proof/rules/activeUse.key:66:15
	at de.uka.ilkd.key.nparser.builder.AbstractBuilder.accept(AbstractBuilder.java:54)
Caused by: com.github.javaparser.resolution.UnsolvedSymbolException: Unsolved symbol in de.uka.ilkd.key.java.JavaParserFactory$DynamicTypeSolver@725185cc : java.lang.Object
	at com.github.javaparser.resolution.TypeSolver.solveType(TypeSolver.java:71)

34284      ERROR Test worker     d.u.i.k.n.b.AbstractBuilder  com.github.javaparser.resolution.UnsolvedSymbolException: Unsolved symbol in de.uka.ilkd.key.java.JavaParserFactory$DynamicTypeSolver@725185cc : java.lang.Object
	at com.github.javaparser.resolution.TypeSolver.solveType(TypeSolver.java:71)

34284      ERROR Test worker     d.u.i.k.n.b.TacletPBuilder Error in parsing taclet. de.uka.ilkd.key.util.parsing.BuildingException: Unsolved symbol in de.uka.ilkd.key.java.JavaParserFactory$DynamicTypeSolver@725185cc : java.lang.Object at file:/D:/a/key/key/key.core/build/resources/main/de/uka/ilkd/key/proof/rules/activeUse.key:79:15
	at de.uka.ilkd.key.nparser.builder.AbstractBuilder.accept(AbstractBuilder.java:54)
Caused by: com.github.javaparser.resolution.UnsolvedSymbolException: Unsolved symbol in de.uka.ilkd.key.java.JavaParserFactory$DynamicTypeSolver@725185cc : java.lang.Object
	at com.github.javaparser.resolution.TypeSolver.solveType(TypeSolver.java:71)

34284      ERROR Test worker     d.u.i.k.n.b.AbstractBuilder  com.github.javaparser.resolution.UnsolvedSymbolException: Unsolved symbol in de.uka.ilkd.key.java.JavaParserFactory$DynamicTypeSolver@725185cc : java.lang.Object
	at com.github.javaparser.resolution.TypeSolver.solveType(TypeSolver.java:71)

34284      ERROR Test worker     d.u.i.k.n.b.TacletPBuilder Error in parsing taclet. de.uka.ilkd.key.util.parsing.BuildingException: Unsolved symbol in de.uka.ilkd.key.java.JavaParserFactory$DynamicTypeSolver@725185cc : java.lang.Object at file:/D:/a/key/key/key.core/build/resources/main/de/uka/ilkd/key/proof/rules/activeUse.key:92:15
	at de.uka.ilkd.key.nparser.builder.AbstractBuilder.accept(AbstractBuilder.java:54)
Caused by: com.github.javaparser.resolution.UnsolvedSymbolException: Unsolved symbol in de.uka.ilkd.key.java.JavaParserFactory$DynamicTypeSolver@725185cc : java.lang.Object
	at com.github.javaparser.resolution.TypeSolver.solveType(TypeSolver.java:71)

34284      ERROR Test worker     d.u.i.k.n.b.AbstractBuilder  com.github.javaparser.resolution.UnsolvedSymbolException: Unsolved symbol in de.uka.ilkd.key.java.JavaParserFactory$DynamicTypeSolver@725185cc : java.lang.Object
	at com.github.javaparser.resolution.TypeSolver.solveType(TypeSolver.java:71)

34284      ERROR Test worker     d.u.i.k.n.b.TacletPBuilder Error in parsing taclet. de.uka.ilkd.key.util.parsing.BuildingException: Unsolved symbol in de.uka.ilkd.key.java.JavaParserFactory$DynamicTypeSolver@725185cc : java.lang.Object at file:/D:/a/key/key/key.core/build/resources/main/de/uka/ilkd/key/proof/rules/activeUse.key:105:15
	at de.uka.ilkd.key.nparser.builder.AbstractBuilder.accept(AbstractBuilder.java:54)
Caused by: com.github.javaparser.resolution.UnsolvedSymbolException: Unsolved symbol in de.uka.ilkd.key.java.JavaParserFactory$DynamicTypeSolver@725185cc : java.lang.Object
	at com.github.javaparser.resolution.TypeSolver.solveType(TypeSolver.java:71)

34284      ERROR Test worker     d.u.i.k.n.b.AbstractBuilder  com.github.javaparser.resolution.UnsolvedSymbolException: Unsolved symbol in de.uka.ilkd.key.java.JavaParserFactory$DynamicTypeSolver@725185cc : java.lang.Object
	at com.github.javaparser.resolution.TypeSolver.solveType(TypeSolver.java:71)

34284      ERROR Test worker     d.u.i.k.n.b.TacletPBuilder Error in parsing taclet. de.uka.ilkd.key.util.parsing.BuildingException: Unsolved symbol in de.uka.ilkd.key.java.JavaParserFactory$DynamicTypeSolver@725185cc : java.lang.Object at file:/D:/a/key/key/key.core/build/resources/main/de/uka/ilkd/key/proof/rules/activeUse.key:115:15
	at de.uka.ilkd.key.nparser.builder.AbstractBuilder.accept(AbstractBuilder.java:54)
Caused by: com.github.javaparser.resolution.UnsolvedSymbolException: Unsolved symbol in de.uka.ilkd.key.java.JavaParserFactory$DynamicTypeSolver@725185cc : java.lang.Object
	at com.github.javaparser.resolution.TypeSolver.solveType(TypeSolver.java:71)

34300      ERROR Test worker     d.u.i.k.n.b.AbstractBuilder  com.github.javaparser.resolution.UnsolvedSymbolException: Unsolved symbol in de.uka.ilkd.key.java.JavaParserFactory$DynamicTypeSolver@725185cc : java.lang.Object
	at com.github.javaparser.resolution.TypeSolver.solveType(TypeSolver.java:71)

34300      ERROR Test worker     d.u.i.k.n.b.TacletPBuilder Error in parsing taclet. de.uka.ilkd.key.util.parsing.BuildingException: Unsolved symbol in de.uka.ilkd.key.java.JavaParserFactory$DynamicTypeSolver@725185cc : java.lang.Object at file:/D:/a/key/key/key.core/build/resources/main/de/uka/ilkd/key/proof/rules/activeUse.key:129:15
	at de.uka.ilkd.key.nparser.builder.AbstractBuilder.accept(AbstractBuilder.java:54)
Caused by: com.github.javaparser.resolution.UnsolvedSymbolException: Unsolved symbol in de.uka.ilkd.key.java.JavaParserFactory$DynamicTypeSolver@725185cc : java.lang.Object
	at com.github.javaparser.resolution.TypeSolver.solveType(TypeSolver.java:71)

34300      ERROR Test worker     d.u.i.k.n.b.AbstractBuilder  com.github.javaparser.resolution.UnsolvedSymbolException: Unsolved symbol in de.uka.ilkd.key.java.JavaParserFactory$DynamicTypeSolver@725185cc : java.lang.Object
	at com.github.javaparser.resolution.TypeSolver.solveType(TypeSolver.java:71)

34300      ERROR Test worker     d.u.i.k.n.b.TacletPBuilder Error in parsing taclet. de.uka.ilkd.key.util.parsing.BuildingException: Unsolved symbol in de.uka.ilkd.key.java.JavaParserFactory$DynamicTypeSolver@725185cc : java.lang.Object at file:/D:/a/key/key/key.core/build/resources/main/de/uka/ilkd/key/proof/rules/activeUse.key:141:15
	at de.uka.ilkd.key.nparser.builder.AbstractBuilder.accept(AbstractBuilder.java:54)
Caused by: com.github.javaparser.resolution.UnsolvedSymbolException: Unsolved symbol in de.uka.ilkd.key.java.JavaParserFactory$DynamicTypeSolver@725185cc : java.lang.Object
	at com.github.javaparser.resolution.TypeSolver.solveType(TypeSolver.java:71)

34300      ERROR Test worker     d.u.i.k.n.b.TacletPBuilder Override: #arr (program Expression) #arr (program Expression) 
34300      ERROR Test worker     d.u.i.k.n.b.TacletPBuilder Override: #idx (program Expression) #idx (program Expression) 
34300      ERROR Test worker     d.u.i.k.n.b.AbstractBuilder  com.github.javaparser.resolution.UnsolvedSymbolException: Unsolved symbol in de.uka.ilkd.key.java.JavaParserFactory$DynamicTypeSolver@725185cc : java.lang.Object
	at com.github.javaparser.resolution.TypeSolver.solveType(TypeSolver.java:71)

34300      ERROR Test worker     d.u.i.k.n.b.TacletPBuilder Error in parsing taclet. de.uka.ilkd.key.util.parsing.BuildingException: Unsolved symbol in de.uka.ilkd.key.java.JavaParserFactory$DynamicTypeSolver@725185cc : java.lang.Object at file:/D:/a/key/key/key.core/build/resources/main/de/uka/ilkd/key/proof/rules/activeUse.key:154:15
	at de.uka.ilkd.key.nparser.builder.AbstractBuilder.accept(AbstractBuilder.java:54)
Caused by: com.github.javaparser.resolution.UnsolvedSymbolException: Unsolved symbol in de.uka.ilkd.key.java.JavaParserFactory$DynamicTypeSolver@725185cc : java.lang.Object
	at com.github.javaparser.resolution.TypeSolver.solveType(TypeSolver.java:71)

34300      ERROR Test worker     d.u.i.k.n.b.TacletPBuilder Override: #arr (program Expression) #arr (program Expression) 
34300      ERROR Test worker     d.u.i.k.n.b.TacletPBuilder Override: #idx (program Expression) #idx (program Expression) 
34300      ERROR Test worker     d.u.i.k.n.b.AbstractBuilder  com.github.javaparser.resolution.UnsolvedSymbolException: Unsolved symbol in de.uka.ilkd.key.java.JavaParserFactory$DynamicTypeSolver@725185cc : java.lang.Object
	at com.github.javaparser.resolution.TypeSolver.solveType(TypeSolver.java:71)

34300      ERROR Test worker     d.u.i.k.n.b.TacletPBuilder Error in parsing taclet. de.uka.ilkd.key.util.parsing.BuildingException: Unsolved symbol in de.uka.ilkd.key.java.JavaParserFactory$DynamicTypeSolver@725185cc : java.lang.Object at file:/D:/a/key/key/key.core/build/resources/main/de/uka/ilkd/key/proof/rules/activeUse.key:167:15
	at de.uka.ilkd.key.nparser.builder.AbstractBuilder.accept(AbstractBuilder.java:54)
Caused by: com.github.javaparser.resolution.UnsolvedSymbolException: Unsolved symbol in de.uka.ilkd.key.java.JavaParserFactory$DynamicTypeSolver@725185cc : java.lang.Object
	at com.github.javaparser.resolution.TypeSolver.solveType(TypeSolver.java:71)

34300      ERROR Test worker     d.u.i.k.n.b.AbstractBuilder  com.github.javaparser.resolution.UnsolvedSymbolException: Unsolved symbol in de.uka.ilkd.key.java.JavaParserFactory$DynamicTypeSolver@725185cc : java.lang.Object
	at com.github.javaparser.resolution.TypeSolver.solveType(TypeSolver.java:71)

34300      ERROR Test worker     d.u.i.k.n.b.TacletPBuilder Error in parsing taclet. de.uka.ilkd.key.util.parsing.BuildingException: Unsolved symbol in de.uka.ilkd.key.java.JavaParserFactory$DynamicTypeSolver@725185cc : java.lang.Object at file:/D:/a/key/key/key.core/build/resources/main/de/uka/ilkd/key/proof/rules/activeUse.key:179:15
	at de.uka.ilkd.key.nparser.builder.AbstractBuilder.accept(AbstractBuilder.java:54)
Caused by: com.github.javaparser.resolution.UnsolvedSymbolException: Unsolved symbol in de.uka.ilkd.key.java.JavaParserFactory$DynamicTypeSolver@725185cc : java.lang.Object
	at com.github.javaparser.resolution.TypeSolver.solveType(TypeSolver.java:71)

34300      ERROR Test worker     d.u.i.k.n.b.AbstractBuilder  com.github.javaparser.resolution.UnsolvedSymbolException: Unsolved symbol in de.uka.ilkd.key.java.JavaParserFactory$DynamicTypeSolver@725185cc : java.lang.Object
	at com.github.javaparser.resolution.TypeSolver.solveType(TypeSolver.java:71)

34300      ERROR Test worker     d.u.i.k.n.b.TacletPBuilder Error in parsing taclet. de.uka.ilkd.key.util.parsing.BuildingException: Unsolved symbol in de.uka.ilkd.key.java.JavaParserFactory$DynamicTypeSolver@725185cc : java.lang.Object at file:/D:/a/key/key/key.core/build/resources/main/de/uka/ilkd/key/proof/rules/activeUse.key:191:15
	at de.uka.ilkd.key.nparser.builder.AbstractBuilder.accept(AbstractBuilder.java:54)
Caused by: com.github.javaparser.resolution.UnsolvedSymbolException: Unsolved symbol in de.uka.ilkd.key.java.JavaParserFactory$DynamicTypeSolver@725185cc : java.lang.Object
	at com.github.javaparser.resolution.TypeSolver.solveType(TypeSolver.java:71)

34316      ERROR Test worker     d.u.i.k.n.b.AbstractBuilder  com.github.javaparser.resolution.UnsolvedSymbolException: Unsolved symbol in de.uka.ilkd.key.java.JavaParserFactory$DynamicTypeSolver@725185cc : java.lang.Object
	at com.github.javaparser.resolution.TypeSolver.solveType(TypeSolver.java:71)

34316      ERROR Test worker     d.u.i.k.n.b.TacletPBuilder Error in parsing taclet. de.uka.ilkd.key.util.parsing.BuildingException: Unsolved symbol in de.uka.ilkd.key.java.JavaParserFactory$DynamicTypeSolver@725185cc : java.lang.Object at file:/D:/a/key/key/key.core/build/resources/main/de/uka/ilkd/key/proof/rules/activeUse.key:203:15
	at de.uka.ilkd.key.nparser.builder.AbstractBuilder.accept(AbstractBuilder.java:54)
Caused by: com.github.javaparser.resolution.UnsolvedSymbolException: Unsolved symbol in de.uka.ilkd.key.java.JavaParserFactory$DynamicTypeSolver@725185cc : java.lang.Object
	at com.github.javaparser.resolution.TypeSolver.solveType(TypeSolver.java:71)

34316      ERROR Test worker     d.u.i.k.n.b.AbstractBuilder  com.github.javaparser.resolution.UnsolvedSymbolException: Unsolved symbol in de.uka.ilkd.key.java.JavaParserFactory$DynamicTypeSolver@725185cc : java.lang.Object
	at com.github.javaparser.resolution.TypeSolver.solveType(TypeSolver.java:71)

34316      ERROR Test worker     d.u.i.k.n.b.TacletPBuilder Error in parsing taclet. de.uka.ilkd.key.util.parsing.BuildingException: Unsolved symbol in de.uka.ilkd.key.java.JavaParserFactory$DynamicTypeSolver@725185cc : java.lang.Object at file:/D:/a/key/key/key.core/build/resources/main/de/uka/ilkd/key/proof/rules/activeUse.key:212:15
	at de.uka.ilkd.key.nparser.builder.AbstractBuilder.accept(AbstractBuilder.java:54)
Caused by: com.github.javaparser.resolution.UnsolvedSymbolException: Unsolved symbol in de.uka.ilkd.key.java.JavaParserFactory$DynamicTypeSolver@725185cc : java.lang.Object
	at com.github.javaparser.resolution.TypeSolver.solveType(TypeSolver.java:71)

34316      ERROR Test worker     d.u.i.k.n.b.AbstractBuilder  com.github.javaparser.resolution.UnsolvedSymbolException: Unsolved symbol in de.uka.ilkd.key.java.JavaParserFactory$DynamicTypeSolver@725185cc : java.lang.Object
	at com.github.javaparser.resolution.TypeSolver.solveType(TypeSolver.java:71)

34316      ERROR Test worker     d.u.i.k.n.b.TacletPBuilder Error in parsing taclet. de.uka.ilkd.key.util.parsing.BuildingException: Unsolved symbol in de.uka.ilkd.key.java.JavaParserFactory$DynamicTypeSolver@725185cc : java.lang.Object at file:/D:/a/key/key/key.core/build/resources/main/de/uka/ilkd/key/proof/rules/activeUse.key:224:15
	at de.uka.ilkd.key.nparser.builder.AbstractBuilder.accept(AbstractBuilder.java:54)
Caused by: com.github.javaparser.resolution.UnsolvedSymbolException: Unsolved symbol in de.uka.ilkd.key.java.JavaParserFactory$DynamicTypeSolver@725185cc : java.lang.Object
	at com.github.javaparser.resolution.TypeSolver.solveType(TypeSolver.java:71)

34316      ERROR Test worker     d.u.i.k.n.b.AbstractBuilder  com.github.javaparser.resolution.UnsolvedSymbolException: Unsolved symbol in de.uka.ilkd.key.java.JavaParserFactory$DynamicTypeSolver@725185cc : java.lang.Object
	at com.github.javaparser.resolution.TypeSolver.solveType(TypeSolver.java:71)

34316      ERROR Test worker     d.u.i.k.n.b.TacletPBuilder Error in parsing taclet. de.uka.ilkd.key.util.parsing.BuildingException: Unsolved symbol in de.uka.ilkd.key.java.JavaParserFactory$DynamicTypeSolver@725185cc : java.lang.Object at file:/D:/a/key/key/key.core/build/resources/main/de/uka/ilkd/key/proof/rules/activeUse.key:240:15
	at de.uka.ilkd.key.nparser.builder.AbstractBuilder.accept(AbstractBuilder.java:54)
Caused by: com.github.javaparser.resolution.UnsolvedSymbolException: Unsolved symbol in de.uka.ilkd.key.java.JavaParserFactory$DynamicTypeSolver@725185cc : java.lang.Object
	at com.github.javaparser.resolution.TypeSolver.solveType(TypeSolver.java:71)

34316      ERROR Test worker     d.u.i.k.n.b.AbstractBuilder  com.github.javaparser.resolution.UnsolvedSymbolException: Unsolved symbol in de.uka.ilkd.key.java.JavaParserFactory$DynamicTypeSolver@725185cc : java.lang.Object
	at com.github.javaparser.resolution.TypeSolver.solveType(TypeSolver.java:71)

34316      ERROR Test worker     d.u.i.k.n.b.TacletPBuilder Error in parsing taclet. de.uka.ilkd.key.util.parsing.BuildingException: Unsolved symbol in de.uka.ilkd.key.java.JavaParserFactory$DynamicTypeSolver@725185cc : java.lang.Object at file:/D:/a/key/key/key.core/build/resources/main/de/uka/ilkd/key/proof/rules/activeUse.key:254:15
	at de.uka.ilkd.key.nparser.builder.AbstractBuilder.accept(AbstractBuilder.java:54)
Caused by: com.github.javaparser.resolution.UnsolvedSymbolException: Unsolved symbol in de.uka.ilkd.key.java.JavaParserFactory$DynamicTypeSolver@725185cc : java.lang.Object
	at com.github.javaparser.resolution.TypeSolver.solveType(TypeSolver.java:71)

34316      ERROR Test worker     d.u.i.k.n.b.AbstractBuilder  com.github.javaparser.resolution.UnsolvedSymbolException: Unsolved symbol in de.uka.ilkd.key.java.JavaParserFactory$DynamicTypeSolver@725185cc : java.lang.Object
	at com.github.javaparser.resolution.TypeSolver.solveType(TypeSolver.java:71)

34316      ERROR Test worker     d.u.i.k.n.b.TacletPBuilder Error in parsing taclet. de.uka.ilkd.key.util.parsing.BuildingException: Unsolved symbol in de.uka.ilkd.key.java.JavaParserFactory$DynamicTypeSolver@725185cc : java.lang.Object at file:/D:/a/key/key/key.core/build/resources/main/de/uka/ilkd/key/proof/rules/activeUse.key:268:15
	at de.uka.ilkd.key.nparser.builder.AbstractBuilder.accept(AbstractBuilder.java:54)
Caused by: com.github.javaparser.resolution.UnsolvedSymbolException: Unsolved symbol in de.uka.ilkd.key.java.JavaParserFactory$DynamicTypeSolver@725185cc : java.lang.Object
	at com.github.javaparser.resolution.TypeSolver.solveType(TypeSolver.java:71)

34316      ERROR Test worker     d.u.i.k.n.b.AbstractBuilder  com.github.javaparser.resolution.UnsolvedSymbolException: Unsolved symbol in de.uka.ilkd.key.java.JavaParserFactory$DynamicTypeSolver@725185cc : java.lang.Object
	at com.github.javaparser.resolution.TypeSolver.solveType(TypeSolver.java:71)

34316      ERROR Test worker     d.u.i.k.n.b.TacletPBuilder Error in parsing taclet. de.uka.ilkd.key.util.parsing.BuildingException: Unsolved symbol in de.uka.ilkd.key.java.JavaParserFactory$DynamicTypeSolver@725185cc : java.lang.Object at file:/D:/a/key/key/key.core/build/resources/main/de/uka/ilkd/key/proof/rules/activeUse.key:282:15
	at de.uka.ilkd.key.nparser.builder.AbstractBuilder.accept(AbstractBuilder.java:54)
Caused by: com.github.javaparser.resolution.UnsolvedSymbolException: Unsolved symbol in de.uka.ilkd.key.java.JavaParserFactory$DynamicTypeSolver@725185cc : java.lang.Object
	at com.github.javaparser.resolution.TypeSolver.solveType(TypeSolver.java:71)

34316      ERROR Test worker     d.u.i.k.n.b.AbstractBuilder  com.github.javaparser.resolution.UnsolvedSymbolException: Unsolved symbol in de.uka.ilkd.key.java.JavaParserFactory$DynamicTypeSolver@725185cc : java.lang.Object
	at com.github.javaparser.resolution.TypeSolver.solveType(TypeSolver.java:71)

34316      ERROR Test worker     d.u.i.k.n.b.TacletPBuilder Error in parsing taclet. de.uka.ilkd.key.util.parsing.BuildingException: Unsolved symbol in de.uka.ilkd.key.java.JavaParserFactory$DynamicTypeSolver@725185cc : java.lang.Object at file:/D:/a/key/key/key.core/build/resources/main/de/uka/ilkd/key/proof/rules/activeUse.key:296:15
	at de.uka.ilkd.key.nparser.builder.AbstractBuilder.accept(AbstractBuilder.java:54)
Caused by: com.github.javaparser.resolution.UnsolvedSymbolException: Unsolved symbol in de.uka.ilkd.key.java.JavaParserFactory$DynamicTypeSolver@725185cc : java.lang.Object
	at com.github.javaparser.resolution.TypeSolver.solveType(TypeSolver.java:71)

34331      ERROR Test worker     d.u.i.k.n.b.AbstractBuilder  com.github.javaparser.resolution.UnsolvedSymbolException: Unsolved symbol in de.uka.ilkd.key.java.JavaParserFactory$DynamicTypeSolver@725185cc : java.lang.Object
	at com.github.javaparser.resolution.TypeSolver.solveType(TypeSolver.java:71)

34331      ERROR Test worker     d.u.i.k.n.b.TacletPBuilder Error in parsing taclet. de.uka.ilkd.key.util.parsing.BuildingException: Unsolved symbol in de.uka.ilkd.key.java.JavaParserFactory$DynamicTypeSolver@725185cc : java.lang.Object at file:/D:/a/key/key/key.core/build/resources/main/de/uka/ilkd/key/proof/rules/activeUse.key:310:15
	at de.uka.ilkd.key.nparser.builder.AbstractBuilder.accept(AbstractBuilder.java:54)
Caused by: com.github.javaparser.resolution.UnsolvedSymbolException: Unsolved symbol in de.uka.ilkd.key.java.JavaParserFactory$DynamicTypeSolver@725185cc : java.lang.Object
	at com.github.javaparser.resolution.TypeSolver.solveType(TypeSolver.java:71)

34331      ERROR Test worker     d.u.i.k.n.b.AbstractBuilder  com.github.javaparser.resolution.UnsolvedSymbolException: Unsolved symbol in de.uka.ilkd.key.java.JavaParserFactory$DynamicTypeSolver@725185cc : java.lang.Object
	at com.github.javaparser.resolution.TypeSolver.solveType(TypeSolver.java:71)

34331      ERROR Test worker     d.u.i.k.n.b.TacletPBuilder Error in parsing taclet. de.uka.ilkd.key.util.parsing.BuildingException: Unsolved symbol in de.uka.ilkd.key.java.JavaParserFactory$DynamicTypeSolver@725185cc : java.lang.Object at file:/D:/a/key/key/key.core/build/resources/main/de/uka/ilkd/key/proof/rules/activeUse.key:324:15
	at de.uka.ilkd.key.nparser.builder.AbstractBuilder.accept(AbstractBuilder.java:54)
Caused by: com.github.javaparser.resolution.UnsolvedSymbolException: Unsolved symbol in de.uka.ilkd.key.java.JavaParserFactory$DynamicTypeSolver@725185cc : java.lang.Object
	at com.github.javaparser.resolution.TypeSolver.solveType(TypeSolver.java:71)

34331      ERROR Test worker     d.u.i.k.n.b.AbstractBuilder  com.github.javaparser.resolution.UnsolvedSymbolException: Unsolved symbol in de.uka.ilkd.key.java.JavaParserFactory$DynamicTypeSolver@725185cc : java.lang.Object
	at com.github.javaparser.resolution.TypeSolver.solveType(TypeSolver.java:71)

34331      ERROR Test worker     d.u.i.k.n.b.TacletPBuilder Error in parsing taclet. de.uka.ilkd.key.util.parsing.BuildingException: Unsolved symbol in de.uka.ilkd.key.java.JavaParserFactory$DynamicTypeSolver@725185cc : java.lang.Object at file:/D:/a/key/key/key.core/build/resources/main/de/uka/ilkd/key/proof/rules/activeUse.key:338:15
	at de.uka.ilkd.key.nparser.builder.AbstractBuilder.accept(AbstractBuilder.java:54)
Caused by: com.github.javaparser.resolution.UnsolvedSymbolException: Unsolved symbol in de.uka.ilkd.key.java.JavaParserFactory$DynamicTypeSolver@725185cc : java.lang.Object
	at com.github.javaparser.resolution.TypeSolver.solveType(TypeSolver.java:71)

34331      ERROR Test worker     d.u.i.k.n.b.AbstractBuilder  com.github.javaparser.resolution.UnsolvedSymbolException: Unsolved symbol in de.uka.ilkd.key.java.JavaParserFactory$DynamicTypeSolver@725185cc : java.lang.Object
	at com.github.javaparser.resolution.TypeSolver.solveType(TypeSolver.java:71)

34331      ERROR Test worker     d.u.i.k.n.b.TacletPBuilder Error in parsing taclet. de.uka.ilkd.key.util.parsing.BuildingException: Unsolved symbol in de.uka.ilkd.key.java.JavaParserFactory$DynamicTypeSolver@725185cc : java.lang.Object at file:/D:/a/key/key/key.core/build/resources/main/de/uka/ilkd/key/proof/rules/activeUse.key:352:15
	at de.uka.ilkd.key.nparser.builder.AbstractBuilder.accept(AbstractBuilder.java:54)
Caused by: com.github.javaparser.resolution.UnsolvedSymbolException: Unsolved symbol in de.uka.ilkd.key.java.JavaParserFactory$DynamicTypeSolver@725185cc : java.lang.Object
	at com.github.javaparser.resolution.TypeSolver.solveType(TypeSolver.java:71)

34331      ERROR Test worker     d.u.i.k.n.b.AbstractBuilder  com.github.javaparser.resolution.UnsolvedSymbolException: Unsolved symbol in de.uka.ilkd.key.java.JavaParserFactory$DynamicTypeSolver@725185cc : java.lang.Object
	at com.github.javaparser.resolution.TypeSolver.solveType(TypeSolver.java:71)

34331      ERROR Test worker     d.u.i.k.n.b.TacletPBuilder Error in parsing taclet. de.uka.ilkd.key.util.parsing.BuildingException: Unsolved symbol in de.uka.ilkd.key.java.JavaParserFactory$DynamicTypeSolver@725185cc : java.lang.Object at file:/D:/a/key/key/key.core/build/resources/main/de/uka/ilkd/key/proof/rules/activeUse.key:366:15
	at de.uka.ilkd.key.nparser.builder.AbstractBuilder.accept(AbstractBuilder.java:54)
Caused by: com.github.javaparser.resolution.UnsolvedSymbolException: Unsolved symbol in de.uka.ilkd.key.java.JavaParserFactory$DynamicTypeSolver@725185cc : java.lang.Object
	at com.github.javaparser.resolution.TypeSolver.solveType(TypeSolver.java:71)

34331      ERROR Test worker     d.u.i.k.n.b.AbstractBuilder  com.github.javaparser.resolution.UnsolvedSymbolException: Unsolved symbol in de.uka.ilkd.key.java.JavaParserFactory$DynamicTypeSolver@725185cc : java.lang.Object
	at com.github.javaparser.resolution.TypeSolver.solveType(TypeSolver.java:71)

34331      ERROR Test worker     d.u.i.k.n.b.TacletPBuilder Error in parsing taclet. de.uka.ilkd.key.util.parsing.BuildingException: Unsolved symbol in de.uka.ilkd.key.java.JavaParserFactory$DynamicTypeSolver@725185cc : java.lang.Object at file:/D:/a/key/key/key.core/build/resources/main/de/uka/ilkd/key/proof/rules/activeUse.key:380:15
	at de.uka.ilkd.key.nparser.builder.AbstractBuilder.accept(AbstractBuilder.java:54)
Caused by: com.github.javaparser.resolution.UnsolvedSymbolException: Unsolved symbol in de.uka.ilkd.key.java.JavaParserFactory$DynamicTypeSolver@725185cc : java.lang.Object
	at com.github.javaparser.resolution.TypeSolver.solveType(TypeSolver.java:71)

34331      ERROR Test worker     d.u.i.k.n.b.AbstractBuilder  com.github.javaparser.resolution.UnsolvedSymbolException: Unsolved symbol in de.uka.ilkd.key.java.JavaParserFactory$DynamicTypeSolver@725185cc : java.lang.Object
	at com.github.javaparser.resolution.TypeSolver.solveType(TypeSolver.java:71)

34331      ERROR Test worker     d.u.i.k.n.b.TacletPBuilder Error in parsing taclet. de.uka.ilkd.key.util.parsing.BuildingException: Unsolved symbol in de.uka.ilkd.key.java.JavaParserFactory$DynamicTypeSolver@725185cc : java.lang.Object at file:/D:/a/key/key/key.core/build/resources/main/de/uka/ilkd/key/proof/rules/activeUse.key:394:15
	at de.uka.ilkd.key.nparser.builder.AbstractBuilder.accept(AbstractBuilder.java:54)
Caused by: com.github.javaparser.resolution.UnsolvedSymbolException: Unsolved symbol in de.uka.ilkd.key.java.JavaParserFactory$DynamicTypeSolver@725185cc : java.lang.Object
	at com.github.javaparser.resolution.TypeSolver.solveType(TypeSolver.java:71)

34331      ERROR Test worker     d.u.i.k.n.b.AbstractBuilder  com.github.javaparser.resolution.UnsolvedSymbolException: Unsolved symbol in de.uka.ilkd.key.java.JavaParserFactory$DynamicTypeSolver@725185cc : java.lang.Object
	at com.github.javaparser.resolution.TypeSolver.solveType(TypeSolver.java:71)

34331      ERROR Test worker     d.u.i.k.n.b.TacletPBuilder Error in parsing taclet. de.uka.ilkd.key.util.parsing.BuildingException: Unsolved symbol in de.uka.ilkd.key.java.JavaParserFactory$DynamicTypeSolver@725185cc : java.lang.Object at file:/D:/a/key/key/key.core/build/resources/main/de/uka/ilkd/key/proof/rules/activeUse.key:408:15
	at de.uka.ilkd.key.nparser.builder.AbstractBuilder.accept(AbstractBuilder.java:54)
Caused by: com.github.javaparser.resolution.UnsolvedSymbolException: Unsolved symbol in de.uka.ilkd.key.java.JavaParserFactory$DynamicTypeSolver@725185cc : java.lang.Object
	at com.github.javaparser.resolution.TypeSolver.solveType(TypeSolver.java:71)

34331      ERROR Test worker     d.u.i.k.n.b.AbstractBuilder  com.github.javaparser.resolution.UnsolvedSymbolException: Unsolved symbol in de.uka.ilkd.key.java.JavaParserFactory$DynamicTypeSolver@725185cc : java.lang.Object
	at com.github.javaparser.resolution.TypeSolver.solveType(TypeSolver.java:71)

34331      ERROR Test worker     d.u.i.k.n.b.TacletPBuilder Error in parsing taclet. de.uka.ilkd.key.util.parsing.BuildingException: Unsolved symbol in de.uka.ilkd.key.java.JavaParserFactory$DynamicTypeSolver@725185cc : java.lang.Object at file:/D:/a/key/key/key.core/build/resources/main/de/uka/ilkd/key/proof/rules/activeUse.key:422:15
	at de.uka.ilkd.key.nparser.builder.AbstractBuilder.accept(AbstractBuilder.java:54)
Caused by: com.github.javaparser.resolution.UnsolvedSymbolException: Unsolved symbol in de.uka.ilkd.key.java.JavaParserFactory$DynamicTypeSolver@725185cc : java.lang.Object
	at com.github.javaparser.resolution.TypeSolver.solveType(TypeSolver.java:71)

34347      ERROR Test worker     d.u.i.k.n.b.AbstractBuilder  com.github.javaparser.resolution.UnsolvedSymbolException: Unsolved symbol in de.uka.ilkd.key.java.JavaParserFactory$DynamicTypeSolver@725185cc : java.lang.Object
	at com.github.javaparser.resolution.TypeSolver.solveType(TypeSolver.java:71)

34347      ERROR Test worker     d.u.i.k.n.b.TacletPBuilder Error in parsing taclet. de.uka.ilkd.key.util.parsing.BuildingException: Unsolved symbol in de.uka.ilkd.key.java.JavaParserFactory$DynamicTypeSolver@725185cc : java.lang.Object at file:/D:/a/key/key/key.core/build/resources/main/de/uka/ilkd/key/proof/rules/activeUse.key:436:15
	at de.uka.ilkd.key.nparser.builder.AbstractBuilder.accept(AbstractBuilder.java:54)
Caused by: com.github.javaparser.resolution.UnsolvedSymbolException: Unsolved symbol in de.uka.ilkd.key.java.JavaParserFactory$DynamicTypeSolver@725185cc : java.lang.Object
	at com.github.javaparser.resolution.TypeSolver.solveType(TypeSolver.java:71)

34347      ERROR Test worker     d.u.i.k.n.b.AbstractBuilder  com.github.javaparser.resolution.UnsolvedSymbolException: Unsolved symbol in de.uka.ilkd.key.java.JavaParserFactory$DynamicTypeSolver@725185cc : java.lang.Object
	at com.github.javaparser.resolution.TypeSolver.solveType(TypeSolver.java:71)

34347      ERROR Test worker     d.u.i.k.n.b.TacletPBuilder Error in parsing taclet. de.uka.ilkd.key.util.parsing.BuildingException: Unsolved symbol in de.uka.ilkd.key.java.JavaParserFactory$DynamicTypeSolver@725185cc : java.lang.Object at file:/D:/a/key/key/key.core/build/resources/main/de/uka/ilkd/key/proof/rules/activeUse.key:450:15
	at de.uka.ilkd.key.nparser.builder.AbstractBuilder.accept(AbstractBuilder.java:54)
Caused by: com.github.javaparser.resolution.UnsolvedSymbolException: Unsolved symbol in de.uka.ilkd.key.java.JavaParserFactory$DynamicTypeSolver@725185cc : java.lang.Object
	at com.github.javaparser.resolution.TypeSolver.solveType(TypeSolver.java:71)

34347      ERROR Test worker     d.u.i.k.n.b.AbstractBuilder  com.github.javaparser.resolution.UnsolvedSymbolException: Unsolved symbol in de.uka.ilkd.key.java.JavaParserFactory$DynamicTypeSolver@725185cc : java.lang.Object
	at com.github.javaparser.resolution.TypeSolver.solveType(TypeSolver.java:71)

34347      ERROR Test worker     d.u.i.k.n.b.TacletPBuilder Error in parsing taclet. de.uka.ilkd.key.util.parsing.BuildingException: Unsolved symbol in de.uka.ilkd.key.java.JavaParserFactory$DynamicTypeSolver@725185cc : java.lang.Object at file:/D:/a/key/key/key.core/build/resources/main/de/uka/ilkd/key/proof/rules/activeUse.key:468:15
	at de.uka.ilkd.key.nparser.builder.AbstractBuilder.accept(AbstractBuilder.java:54)
Caused by: com.github.javaparser.resolution.UnsolvedSymbolException: Unsolved symbol in de.uka.ilkd.key.java.JavaParserFactory$DynamicTypeSolver@725185cc : java.lang.Object
	at com.github.javaparser.resolution.TypeSolver.solveType(TypeSolver.java:71)

34347      ERROR Test worker     d.u.i.k.n.b.AbstractBuilder  com.github.javaparser.resolution.UnsolvedSymbolException: Unsolved symbol in de.uka.ilkd.key.java.JavaParserFactory$DynamicTypeSolver@725185cc : java.lang.Object
	at com.github.javaparser.resolution.TypeSolver.solveType(TypeSolver.java:71)

34347      ERROR Test worker     d.u.i.k.n.b.TacletPBuilder Error in parsing taclet. de.uka.ilkd.key.util.parsing.BuildingException: Unsolved symbol in de.uka.ilkd.key.java.JavaParserFactory$DynamicTypeSolver@725185cc : java.lang.Object at file:/D:/a/key/key/key.core/build/resources/main/de/uka/ilkd/key/proof/rules/activeUse.key:483:15
	at de.uka.ilkd.key.nparser.builder.AbstractBuilder.accept(AbstractBuilder.java:54)
Caused by: com.github.javaparser.resolution.UnsolvedSymbolException: Unsolved symbol in de.uka.ilkd.key.java.JavaParserFactory$DynamicTypeSolver@725185cc : java.lang.Object
	at com.github.javaparser.resolution.TypeSolver.solveType(TypeSolver.java:71)

34347      ERROR Test worker     d.u.i.k.n.b.AbstractBuilder  com.github.javaparser.resolution.UnsolvedSymbolException: Unsolved symbol in de.uka.ilkd.key.java.JavaParserFactory$DynamicTypeSolver@725185cc : java.lang.Object
	at com.github.javaparser.resolution.TypeSolver.solveType(TypeSolver.java:71)

34347      ERROR Test worker     d.u.i.k.n.b.TacletPBuilder Error in parsing taclet. de.uka.ilkd.key.util.parsing.BuildingException: Unsolved symbol in de.uka.ilkd.key.java.JavaParserFactory$DynamicTypeSolver@725185cc : java.lang.Object at file:/D:/a/key/key/key.core/build/resources/main/de/uka/ilkd/key/proof/rules/activeUse.key:496:15
	at de.uka.ilkd.key.nparser.builder.AbstractBuilder.accept(AbstractBuilder.java:54)
Caused by: com.github.javaparser.resolution.UnsolvedSymbolException: Unsolved symbol in de.uka.ilkd.key.java.JavaParserFactory$DynamicTypeSolver@725185cc : java.lang.Object
	at com.github.javaparser.resolution.TypeSolver.solveType(TypeSolver.java:71)

34347      ERROR Test worker     d.u.i.k.n.b.AbstractBuilder  com.github.javaparser.resolution.UnsolvedSymbolException: Unsolved symbol in de.uka.ilkd.key.java.JavaParserFactory$DynamicTypeSolver@725185cc : java.lang.Object
	at com.github.javaparser.resolution.TypeSolver.solveType(TypeSolver.java:71)

34347      ERROR Test worker     d.u.i.k.n.b.TacletPBuilder Error in parsing taclet. de.uka.ilkd.key.util.parsing.BuildingException: Unsolved symbol in de.uka.ilkd.key.java.JavaParserFactory$DynamicTypeSolver@725185cc : java.lang.Object at file:/D:/a/key/key/key.core/build/resources/main/de/uka/ilkd/key/proof/rules/activeUse.key:509:15
	at de.uka.ilkd.key.nparser.builder.AbstractBuilder.accept(AbstractBuilder.java:54)
Caused by: com.github.javaparser.resolution.UnsolvedSymbolException: Unsolved symbol in de.uka.ilkd.key.java.JavaParserFactory$DynamicTypeSolver@725185cc : java.lang.Object
	at com.github.javaparser.resolution.TypeSolver.solveType(TypeSolver.java:71)

34347      ERROR Test worker     d.u.i.k.n.b.AbstractBuilder  com.github.javaparser.resolution.UnsolvedSymbolException: Unsolved symbol in de.uka.ilkd.key.java.JavaParserFactory$DynamicTypeSolver@725185cc : java.lang.Object
	at com.github.javaparser.resolution.TypeSolver.solveType(TypeSolver.java:71)

34347      ERROR Test worker     d.u.i.k.n.b.TacletPBuilder Error in parsing taclet. de.uka.ilkd.key.util.parsing.BuildingException: Unsolved symbol in de.uka.ilkd.key.java.JavaParserFactory$DynamicTypeSolver@725185cc : java.lang.Object at file:/D:/a/key/key/key.core/build/resources/main/de/uka/ilkd/key/proof/rules/activeUse.key:522:15
	at de.uka.ilkd.key.nparser.builder.AbstractBuilder.accept(AbstractBuilder.java:54)
Caused by: com.github.javaparser.resolution.UnsolvedSymbolException: Unsolved symbol in de.uka.ilkd.key.java.JavaParserFactory$DynamicTypeSolver@725185cc : java.lang.Object
	at com.github.javaparser.resolution.TypeSolver.solveType(TypeSolver.java:71)

34347      ERROR Test worker     d.u.i.k.n.b.AbstractBuilder  com.github.javaparser.resolution.UnsolvedSymbolException: Unsolved symbol in de.uka.ilkd.key.java.JavaParserFactory$DynamicTypeSolver@725185cc : java.lang.Object
	at com.github.javaparser.resolution.TypeSolver.solveType(TypeSolver.java:71)

34347      ERROR Test worker     d.u.i.k.n.b.TacletPBuilder Error in parsing taclet. de.uka.ilkd.key.util.parsing.BuildingException: Unsolved symbol in de.uka.ilkd.key.java.JavaParserFactory$DynamicTypeSolver@725185cc : java.lang.Object at file:/D:/a/key/key/key.core/build/resources/main/de/uka/ilkd/key/proof/rules/activeUse.key:535:15
	at de.uka.ilkd.key.nparser.builder.AbstractBuilder.accept(AbstractBuilder.java:54)
Caused by: com.github.javaparser.resolution.UnsolvedSymbolException: Unsolved symbol in de.uka.ilkd.key.java.JavaParserFactory$DynamicTypeSolver@725185cc : java.lang.Object
	at com.github.javaparser.resolution.TypeSolver.solveType(TypeSolver.java:71)

34363      ERROR Test worker     d.u.i.k.n.b.AbstractBuilder  com.github.javaparser.resolution.UnsolvedSymbolException: Unsolved symbol in de.uka.ilkd.key.java.JavaParserFactory$DynamicTypeSolver@725185cc : java.lang.Object
	at com.github.javaparser.resolution.TypeSolver.solveType(TypeSolver.java:71)

34363      ERROR Test worker     d.u.i.k.n.b.TacletPBuilder Error in parsing taclet. de.uka.ilkd.key.util.parsing.BuildingException: Unsolved symbol in de.uka.ilkd.key.java.JavaParserFactory$DynamicTypeSolver@725185cc : java.lang.Object at file:/D:/a/key/key/key.core/build/resources/main/de/uka/ilkd/key/proof/rules/activeUse.key:548:15
	at de.uka.ilkd.key.nparser.builder.AbstractBuilder.accept(AbstractBuilder.java:54)
Caused by: com.github.javaparser.resolution.UnsolvedSymbolException: Unsolved symbol in de.uka.ilkd.key.java.JavaParserFactory$DynamicTypeSolver@725185cc : java.lang.Object
	at com.github.javaparser.resolution.TypeSolver.solveType(TypeSolver.java:71)

34363      ERROR Test worker     d.u.i.k.n.b.AbstractBuilder  com.github.javaparser.resolution.UnsolvedSymbolException: Unsolved symbol in de.uka.ilkd.key.java.JavaParserFactory$DynamicTypeSolver@725185cc : java.lang.Object
	at com.github.javaparser.resolution.TypeSolver.solveType(TypeSolver.java:71)

34363      ERROR Test worker     d.u.i.k.n.b.TacletPBuilder Error in parsing taclet. de.uka.ilkd.key.util.parsing.BuildingException: Unsolved symbol in de.uka.ilkd.key.java.JavaParserFactory$DynamicTypeSolver@725185cc : java.lang.Object at file:/D:/a/key/key/key.core/build/resources/main/de/uka/ilkd/key/proof/rules/activeUse.key:561:15
	at de.uka.ilkd.key.nparser.builder.AbstractBuilder.accept(AbstractBuilder.java:54)
Caused by: com.github.javaparser.resolution.UnsolvedSymbolException: Unsolved symbol in de.uka.ilkd.key.java.JavaParserFactory$DynamicTypeSolver@725185cc : java.lang.Object
	at com.github.javaparser.resolution.TypeSolver.solveType(TypeSolver.java:71)

34363      ERROR Test worker     d.u.i.k.n.b.AbstractBuilder  com.github.javaparser.resolution.UnsolvedSymbolException: Unsolved symbol in de.uka.ilkd.key.java.JavaParserFactory$DynamicTypeSolver@725185cc : java.lang.Object
	at com.github.javaparser.resolution.TypeSolver.solveType(TypeSolver.java:71)

34363      ERROR Test worker     d.u.i.k.n.b.TacletPBuilder Error in parsing taclet. de.uka.ilkd.key.util.parsing.BuildingException: Unsolved symbol in de.uka.ilkd.key.java.JavaParserFactory$DynamicTypeSolver@725185cc : java.lang.Object at file:/D:/a/key/key/key.core/build/resources/main/de/uka/ilkd/key/proof/rules/activeUse.key:574:15
	at de.uka.ilkd.key.nparser.builder.AbstractBuilder.accept(AbstractBuilder.java:54)
Caused by: com.github.javaparser.resolution.UnsolvedSymbolException: Unsolved symbol in de.uka.ilkd.key.java.JavaParserFactory$DynamicTypeSolver@725185cc : java.lang.Object
	at com.github.javaparser.resolution.TypeSolver.solveType(TypeSolver.java:71)

34363      ERROR Test worker     d.u.i.k.n.b.AbstractBuilder  com.github.javaparser.resolution.UnsolvedSymbolException: Unsolved symbol in de.uka.ilkd.key.java.JavaParserFactory$DynamicTypeSolver@725185cc : java.lang.Object
	at com.github.javaparser.resolution.TypeSolver.solveType(TypeSolver.java:71)

34363      ERROR Test worker     d.u.i.k.n.b.TacletPBuilder Error in parsing taclet. de.uka.ilkd.key.util.parsing.BuildingException: Unsolved symbol in de.uka.ilkd.key.java.JavaParserFactory$DynamicTypeSolver@725185cc : java.lang.Object at file:/D:/a/key/key/key.core/build/resources/main/de/uka/ilkd/key/proof/rules/activeUse.key:587:15
	at de.uka.ilkd.key.nparser.builder.AbstractBuilder.accept(AbstractBuilder.java:54)
Caused by: com.github.javaparser.resolution.UnsolvedSymbolException: Unsolved symbol in de.uka.ilkd.key.java.JavaParserFactory$DynamicTypeSolver@725185cc : java.lang.Object
	at com.github.javaparser.resolution.TypeSolver.solveType(TypeSolver.java:71)

34363      ERROR Test worker     d.u.i.k.n.b.AbstractBuilder  com.github.javaparser.resolution.UnsolvedSymbolException: Unsolved symbol in de.uka.ilkd.key.java.JavaParserFactory$DynamicTypeSolver@725185cc : java.lang.Object
	at com.github.javaparser.resolution.TypeSolver.solveType(TypeSolver.java:71)

34363      ERROR Test worker     d.u.i.k.n.b.TacletPBuilder Error in parsing taclet. de.uka.ilkd.key.util.parsing.BuildingException: Unsolved symbol in de.uka.ilkd.key.java.JavaParserFactory$DynamicTypeSolver@725185cc : java.lang.Object at file:/D:/a/key/key/key.core/build/resources/main/de/uka/ilkd/key/proof/rules/activeUse.key:600:15
	at de.uka.ilkd.key.nparser.builder.AbstractBuilder.accept(AbstractBuilder.java:54)
Caused by: com.github.javaparser.resolution.UnsolvedSymbolException: Unsolved symbol in de.uka.ilkd.key.java.JavaParserFactory$DynamicTypeSolver@725185cc : java.lang.Object
	at com.github.javaparser.resolution.TypeSolver.solveType(TypeSolver.java:71)

34363      ERROR Test worker     d.u.i.k.n.b.AbstractBuilder  com.github.javaparser.resolution.UnsolvedSymbolException: Unsolved symbol in de.uka.ilkd.key.java.JavaParserFactory$DynamicTypeSolver@725185cc : java.lang.Object
	at com.github.javaparser.resolution.TypeSolver.solveType(TypeSolver.java:71)

34363      ERROR Test worker     d.u.i.k.n.b.TacletPBuilder Error in parsing taclet. de.uka.ilkd.key.util.parsing.BuildingException: Unsolved symbol in de.uka.ilkd.key.java.JavaParserFactory$DynamicTypeSolver@725185cc : java.lang.Object at file:/D:/a/key/key/key.core/build/resources/main/de/uka/ilkd/key/proof/rules/activeUse.key:613:15
	at de.uka.ilkd.key.nparser.builder.AbstractBuilder.accept(AbstractBuilder.java:54)
Caused by: com.github.javaparser.resolution.UnsolvedSymbolException: Unsolved symbol in de.uka.ilkd.key.java.JavaParserFactory$DynamicTypeSolver@725185cc : java.lang.Object
	at com.github.javaparser.resolution.TypeSolver.solveType(TypeSolver.java:71)

34363      ERROR Test worker     d.u.i.k.n.b.AbstractBuilder  com.github.javaparser.resolution.UnsolvedSymbolException: Unsolved symbol in de.uka.ilkd.key.java.JavaParserFactory$DynamicTypeSolver@725185cc : java.lang.Object
	at com.github.javaparser.resolution.TypeSolver.solveType(TypeSolver.java:71)

34363      ERROR Test worker     d.u.i.k.n.b.TacletPBuilder Error in parsing taclet. de.uka.ilkd.key.util.parsing.BuildingException: Unsolved symbol in de.uka.ilkd.key.java.JavaParserFactory$DynamicTypeSolver@725185cc : java.lang.Object at file:/D:/a/key/key/key.core/build/resources/main/de/uka/ilkd/key/proof/rules/activeUse.key:626:15
	at de.uka.ilkd.key.nparser.builder.AbstractBuilder.accept(AbstractBuilder.java:54)
Caused by: com.github.javaparser.resolution.UnsolvedSymbolException: Unsolved symbol in de.uka.ilkd.key.java.JavaParserFactory$DynamicTypeSolver@725185cc : java.lang.Object
	at com.github.javaparser.resolution.TypeSolver.solveType(TypeSolver.java:71)

34363      ERROR Test worker     d.u.i.k.n.b.AbstractBuilder  com.github.javaparser.resolution.UnsolvedSymbolException: Unsolved symbol in de.uka.ilkd.key.java.JavaParserFactory$DynamicTypeSolver@725185cc : java.lang.Object
	at com.github.javaparser.resolution.TypeSolver.solveType(TypeSolver.java:71)

34363      ERROR Test worker     d.u.i.k.n.b.TacletPBuilder Error in parsing taclet. de.uka.ilkd.key.util.parsing.BuildingException: Unsolved symbol in de.uka.ilkd.key.java.JavaParserFactory$DynamicTypeSolver@725185cc : java.lang.Object at file:/D:/a/key/key/key.core/build/resources/main/de/uka/ilkd/key/proof/rules/activeUse.key:639:15
	at de.uka.ilkd.key.nparser.builder.AbstractBuilder.accept(AbstractBuilder.java:54)
Caused by: com.github.javaparser.resolution.UnsolvedSymbolException: Unsolved symbol in de.uka.ilkd.key.java.JavaParserFactory$DynamicTypeSolver@725185cc : java.lang.Object
	at com.github.javaparser.resolution.TypeSolver.solveType(TypeSolver.java:71)

34363      ERROR Test worker     d.u.i.k.n.b.AbstractBuilder  com.github.javaparser.resolution.UnsolvedSymbolException: Unsolved symbol in de.uka.ilkd.key.java.JavaParserFactory$DynamicTypeSolver@725185cc : java.lang.Object
	at com.github.javaparser.resolution.TypeSolver.solveType(TypeSolver.java:71)

34363      ERROR Test worker     d.u.i.k.n.b.TacletPBuilder Error in parsing taclet. de.uka.ilkd.key.util.parsing.BuildingException: Unsolved symbol in de.uka.ilkd.key.java.JavaParserFactory$DynamicTypeSolver@725185cc : java.lang.Object at file:/D:/a/key/key/key.core/build/resources/main/de/uka/ilkd/key/proof/rules/activeUse.key:652:15
	at de.uka.ilkd.key.nparser.builder.AbstractBuilder.accept(AbstractBuilder.java:54)
Caused by: com.github.javaparser.resolution.UnsolvedSymbolException: Unsolved symbol in de.uka.ilkd.key.java.JavaParserFactory$DynamicTypeSolver@725185cc : java.lang.Object
	at com.github.javaparser.resolution.TypeSolver.solveType(TypeSolver.java:71)

34378      ERROR Test worker     d.u.i.k.n.b.AbstractBuilder  com.github.javaparser.resolution.UnsolvedSymbolException: Unsolved symbol in de.uka.ilkd.key.java.JavaParserFactory$DynamicTypeSolver@725185cc : java.lang.Object
	at com.github.javaparser.resolution.TypeSolver.solveType(TypeSolver.java:71)

34378      ERROR Test worker     d.u.i.k.n.b.TacletPBuilder Error in parsing taclet. de.uka.ilkd.key.util.parsing.BuildingException: Unsolved symbol in de.uka.ilkd.key.java.JavaParserFactory$DynamicTypeSolver@725185cc : java.lang.Object at file:/D:/a/key/key/key.core/build/resources/main/de/uka/ilkd/key/proof/rules/activeUse.key:665:15
	at de.uka.ilkd.key.nparser.builder.AbstractBuilder.accept(AbstractBuilder.java:54)
Caused by: com.github.javaparser.resolution.UnsolvedSymbolException: Unsolved symbol in de.uka.ilkd.key.java.JavaParserFactory$DynamicTypeSolver@725185cc : java.lang.Object
	at com.github.javaparser.resolution.TypeSolver.solveType(TypeSolver.java:71)

34378      ERROR Test worker     d.u.i.k.n.b.AbstractBuilder  com.github.javaparser.resolution.UnsolvedSymbolException: Unsolved symbol in de.uka.ilkd.key.java.JavaParserFactory$DynamicTypeSolver@725185cc : java.lang.Object
	at com.github.javaparser.resolution.TypeSolver.solveType(TypeSolver.java:71)

34378      ERROR Test worker     d.u.i.k.n.b.TacletPBuilder Error in parsing taclet. de.uka.ilkd.key.util.parsing.BuildingException: Unsolved symbol in de.uka.ilkd.key.java.JavaParserFactory$DynamicTypeSolver@725185cc : java.lang.Object at file:/D:/a/key/key/key.core/build/resources/main/de/uka/ilkd/key/proof/rules/activeUse.key:678:15
	at de.uka.ilkd.key.nparser.builder.AbstractBuilder.accept(AbstractBuilder.java:54)
Caused by: com.github.javaparser.resolution.UnsolvedSymbolException: Unsolved symbol in de.uka.ilkd.key.java.JavaParserFactory$DynamicTypeSolver@725185cc : java.lang.Object
	at com.github.javaparser.resolution.TypeSolver.solveType(TypeSolver.java:71)

34378      ERROR Test worker     d.u.i.k.n.b.AbstractBuilder  com.github.javaparser.resolution.UnsolvedSymbolException: Unsolved symbol in de.uka.ilkd.key.java.JavaParserFactory$DynamicTypeSolver@725185cc : java.lang.Object
	at com.github.javaparser.resolution.TypeSolver.solveType(TypeSolver.java:71)

34378      ERROR Test worker     d.u.i.k.n.b.TacletPBuilder Error in parsing taclet. de.uka.ilkd.key.util.parsing.BuildingException: Unsolved symbol in de.uka.ilkd.key.java.JavaParserFactory$DynamicTypeSolver@725185cc : java.lang.Object at file:/D:/a/key/key/key.core/build/resources/main/de/uka/ilkd/key/proof/rules/instanceAllocation.key:59:15
	at de.uka.ilkd.key.nparser.builder.AbstractBuilder.accept(AbstractBuilder.java:54)
Caused by: com.github.javaparser.resolution.UnsolvedSymbolException: Unsolved symbol in de.uka.ilkd.key.java.JavaParserFactory$DynamicTypeSolver@725185cc : java.lang.Object
	at com.github.javaparser.resolution.TypeSolver.solveType(TypeSolver.java:71)

34378      ERROR Test worker     d.u.i.k.n.b.AbstractBuilder  com.github.javaparser.resolution.UnsolvedSymbolException: Unsolved symbol in de.uka.ilkd.key.java.JavaParserFactory$DynamicTypeSolver@725185cc : java.lang.Object
	at com.github.javaparser.resolution.TypeSolver.solveType(TypeSolver.java:71)

34378      ERROR Test worker     d.u.i.k.n.b.TacletPBuilder Error in parsing taclet. de.uka.ilkd.key.util.parsing.BuildingException: Unsolved symbol in de.uka.ilkd.key.java.JavaParserFactory$DynamicTypeSolver@725185cc : java.lang.Object at file:/D:/a/key/key/key.core/build/resources/main/de/uka/ilkd/key/proof/rules/instanceAllocation.key:65:15
	at de.uka.ilkd.key.nparser.builder.AbstractBuilder.accept(AbstractBuilder.java:54)
Caused by: com.github.javaparser.resolution.UnsolvedSymbolException: Unsolved symbol in de.uka.ilkd.key.java.JavaParserFactory$DynamicTypeSolver@725185cc : java.lang.Object
	at com.github.javaparser.resolution.TypeSolver.solveType(TypeSolver.java:71)

34378      ERROR Test worker     d.u.i.k.n.b.AbstractBuilder  com.github.javaparser.resolution.UnsolvedSymbolException: Unsolved symbol in de.uka.ilkd.key.java.JavaParserFactory$DynamicTypeSolver@725185cc : java.lang.Object
	at com.github.javaparser.resolution.TypeSolver.solveType(TypeSolver.java:71)

34378      ERROR Test worker     d.u.i.k.n.b.TacletPBuilder Error in parsing taclet. de.uka.ilkd.key.util.parsing.BuildingException: Unsolved symbol in de.uka.ilkd.key.java.JavaParserFactory$DynamicTypeSolver@725185cc : java.lang.Object at file:/D:/a/key/key/key.core/build/resources/main/de/uka/ilkd/key/proof/rules/instanceAllocation.key:71:15
	at de.uka.ilkd.key.nparser.builder.AbstractBuilder.accept(AbstractBuilder.java:54)
Caused by: com.github.javaparser.resolution.UnsolvedSymbolException: Unsolved symbol in de.uka.ilkd.key.java.JavaParserFactory$DynamicTypeSolver@725185cc : java.lang.Object
	at com.github.javaparser.resolution.TypeSolver.solveType(TypeSolver.java:71)

34394      ERROR Test worker     d.u.i.k.n.b.AbstractBuilder  com.github.javaparser.resolution.UnsolvedSymbolException: Unsolved symbol in de.uka.ilkd.key.java.JavaParserFactory$DynamicTypeSolver@725185cc : java.lang.Object
	at com.github.javaparser.resolution.TypeSolver.solveType(TypeSolver.java:71)

34394      ERROR Test worker     d.u.i.k.n.b.TacletPBuilder Error in parsing taclet. de.uka.ilkd.key.util.parsing.BuildingException: Unsolved symbol in de.uka.ilkd.key.java.JavaParserFactory$DynamicTypeSolver@725185cc : java.lang.Object at file:/D:/a/key/key/key.core/build/resources/main/de/uka/ilkd/key/proof/rules/instanceAllocation.key:81:15
	at de.uka.ilkd.key.nparser.builder.AbstractBuilder.accept(AbstractBuilder.java:54)
Caused by: com.github.javaparser.resolution.UnsolvedSymbolException: Unsolved symbol in de.uka.ilkd.key.java.JavaParserFactory$DynamicTypeSolver@725185cc : java.lang.Object
	at com.github.javaparser.resolution.TypeSolver.solveType(TypeSolver.java:71)

34394      ERROR Test worker     d.u.i.k.n.b.AbstractBuilder  com.github.javaparser.resolution.UnsolvedSymbolException: Unsolved symbol in de.uka.ilkd.key.java.JavaParserFactory$DynamicTypeSolver@725185cc : java.lang.Object
	at com.github.javaparser.resolution.TypeSolver.solveType(TypeSolver.java:71)

34394      ERROR Test worker     d.u.i.k.n.b.TacletPBuilder Error in parsing taclet. de.uka.ilkd.key.util.parsing.BuildingException: Unsolved symbol in de.uka.ilkd.key.java.JavaParserFactory$DynamicTypeSolver@725185cc : java.lang.Object at file:/D:/a/key/key/key.core/build/resources/main/de/uka/ilkd/key/proof/rules/instanceAllocation.key:95:20
	at de.uka.ilkd.key.nparser.builder.AbstractBuilder.accept(AbstractBuilder.java:54)
Caused by: com.github.javaparser.resolution.UnsolvedSymbolException: Unsolved symbol in de.uka.ilkd.key.java.JavaParserFactory$DynamicTypeSolver@725185cc : java.lang.Object
	at com.github.javaparser.resolution.TypeSolver.solveType(TypeSolver.java:71)

34394      ERROR Test worker     d.u.i.k.n.b.AbstractBuilder  com.github.javaparser.resolution.UnsolvedSymbolException: Unsolved symbol in de.uka.ilkd.key.java.JavaParserFactory$DynamicTypeSolver@725185cc : java.lang.Object
	at com.github.javaparser.resolution.TypeSolver.solveType(TypeSolver.java:71)

34394      ERROR Test worker     d.u.i.k.n.b.TacletPBuilder Error in parsing taclet. de.uka.ilkd.key.util.parsing.BuildingException: Unsolved symbol in de.uka.ilkd.key.java.JavaParserFactory$DynamicTypeSolver@725185cc : java.lang.Object at file:/D:/a/key/key/key.core/build/resources/main/de/uka/ilkd/key/proof/rules/instanceAllocation.key:112:20
	at de.uka.ilkd.key.nparser.builder.AbstractBuilder.accept(AbstractBuilder.java:54)
Caused by: com.github.javaparser.resolution.UnsolvedSymbolException: Unsolved symbol in de.uka.ilkd.key.java.JavaParserFactory$DynamicTypeSolver@725185cc : java.lang.Object
	at com.github.javaparser.resolution.TypeSolver.solveType(TypeSolver.java:71)

34394      ERROR Test worker     d.u.i.k.n.b.AbstractBuilder  com.github.javaparser.resolution.UnsolvedSymbolException: Unsolved symbol in de.uka.ilkd.key.java.JavaParserFactory$DynamicTypeSolver@725185cc : java.lang.Object
	at com.github.javaparser.resolution.TypeSolver.solveType(TypeSolver.java:71)

34394      ERROR Test worker     d.u.i.k.n.b.TacletPBuilder Error in parsing taclet. de.uka.ilkd.key.util.parsing.BuildingException: Unsolved symbol in de.uka.ilkd.key.java.JavaParserFactory$DynamicTypeSolver@725185cc : java.lang.Object at file:/D:/a/key/key/key.core/build/resources/main/de/uka/ilkd/key/proof/rules/instanceAllocation.key:135:20
	at de.uka.ilkd.key.nparser.builder.AbstractBuilder.accept(AbstractBuilder.java:54)
Caused by: com.github.javaparser.resolution.UnsolvedSymbolException: Unsolved symbol in de.uka.ilkd.key.java.JavaParserFactory$DynamicTypeSolver@725185cc : java.lang.Object
	at com.github.javaparser.resolution.TypeSolver.solveType(TypeSolver.java:71)

34394      ERROR Test worker     d.u.i.k.n.b.AbstractBuilder  com.github.javaparser.resolution.UnsolvedSymbolException: Unsolved symbol in de.uka.ilkd.key.java.JavaParserFactory$DynamicTypeSolver@725185cc : java.lang.Object
	at com.github.javaparser.resolution.TypeSolver.solveType(TypeSolver.java:71)

34394      ERROR Test worker     d.u.i.k.n.b.TacletPBuilder Error in parsing taclet. de.uka.ilkd.key.util.parsing.BuildingException: Unsolved symbol in de.uka.ilkd.key.java.JavaParserFactory$DynamicTypeSolver@725185cc : java.lang.Object at file:/D:/a/key/key/key.core/build/resources/main/de/uka/ilkd/key/proof/rules/instanceAllocation.key:147:20
	at de.uka.ilkd.key.nparser.builder.AbstractBuilder.accept(AbstractBuilder.java:54)
Caused by: com.github.javaparser.resolution.UnsolvedSymbolException: Unsolved symbol in de.uka.ilkd.key.java.JavaParserFactory$DynamicTypeSolver@725185cc : java.lang.Object
	at com.github.javaparser.resolution.TypeSolver.solveType(TypeSolver.java:71)

34394      ERROR Test worker     d.u.i.k.n.b.AbstractBuilder  com.github.javaparser.resolution.UnsolvedSymbolException: Unsolved symbol in de.uka.ilkd.key.java.JavaParserFactory$DynamicTypeSolver@725185cc : java.lang.Object
	at com.github.javaparser.resolution.TypeSolver.solveType(TypeSolver.java:71)

34394      ERROR Test worker     d.u.i.k.n.b.TacletPBuilder Error in parsing taclet. de.uka.ilkd.key.util.parsing.BuildingException: Unsolved symbol in de.uka.ilkd.key.java.JavaParserFactory$DynamicTypeSolver@725185cc : java.lang.Object at file:/D:/a/key/key/key.core/build/resources/main/de/uka/ilkd/key/proof/rules/instanceAllocation.key:168:15
	at de.uka.ilkd.key.nparser.builder.AbstractBuilder.accept(AbstractBuilder.java:54)
Caused by: com.github.javaparser.resolution.UnsolvedSymbolException: Unsolved symbol in de.uka.ilkd.key.java.JavaParserFactory$DynamicTypeSolver@725185cc : java.lang.Object
	at com.github.javaparser.resolution.TypeSolver.solveType(TypeSolver.java:71)

34394      ERROR Test worker     d.u.i.k.n.b.AbstractBuilder  com.github.javaparser.resolution.UnsolvedSymbolException: Unsolved symbol in de.uka.ilkd.key.java.JavaParserFactory$DynamicTypeSolver@725185cc : java.lang.Object
	at com.github.javaparser.resolution.TypeSolver.solveType(TypeSolver.java:71)

34394      ERROR Test worker     d.u.i.k.n.b.TacletPBuilder Error in parsing taclet. de.uka.ilkd.key.util.parsing.BuildingException: Unsolved symbol in de.uka.ilkd.key.java.JavaParserFactory$DynamicTypeSolver@725185cc : java.lang.Object at file:/D:/a/key/key/key.core/build/resources/main/de/uka/ilkd/key/proof/rules/instanceAllocation.key:180:15
	at de.uka.ilkd.key.nparser.builder.AbstractBuilder.accept(AbstractBuilder.java:54)
Caused by: com.github.javaparser.resolution.UnsolvedSymbolException: Unsolved symbol in de.uka.ilkd.key.java.JavaParserFactory$DynamicTypeSolver@725185cc : java.lang.Object
	at com.github.javaparser.resolution.TypeSolver.solveType(TypeSolver.java:71)

34394      ERROR Test worker     d.u.i.k.n.b.AbstractBuilder  com.github.javaparser.resolution.UnsolvedSymbolException: Unsolved symbol in de.uka.ilkd.key.java.JavaParserFactory$DynamicTypeSolver@725185cc : java.lang.Object
	at com.github.javaparser.resolution.TypeSolver.solveType(TypeSolver.java:71)

34409      ERROR Test worker     d.u.i.k.n.b.TacletPBuilder Error in parsing taclet. de.uka.ilkd.key.util.parsing.BuildingException: Unsolved symbol in de.uka.ilkd.key.java.JavaParserFactory$DynamicTypeSolver@725185cc : java.lang.Object at file:/D:/a/key/key/key.core/build/resources/main/de/uka/ilkd/key/proof/rules/instanceAllocation.key:190:15
	at de.uka.ilkd.key.nparser.builder.AbstractBuilder.accept(AbstractBuilder.java:54)
Caused by: com.github.javaparser.resolution.UnsolvedSymbolException: Unsolved symbol in de.uka.ilkd.key.java.JavaParserFactory$DynamicTypeSolver@725185cc : java.lang.Object
	at com.github.javaparser.resolution.TypeSolver.solveType(TypeSolver.java:71)

34409      ERROR Test worker     d.u.i.k.n.b.AbstractBuilder  com.github.javaparser.resolution.UnsolvedSymbolException: Unsolved symbol in de.uka.ilkd.key.java.JavaParserFactory$DynamicTypeSolver@725185cc : java.lang.Object
	at com.github.javaparser.resolution.TypeSolver.solveType(TypeSolver.java:71)

34409      ERROR Test worker     d.u.i.k.n.b.TacletPBuilder Error in parsing taclet. de.uka.ilkd.key.util.parsing.BuildingException: Unsolved symbol in de.uka.ilkd.key.java.JavaParserFactory$DynamicTypeSolver@725185cc : java.lang.Object at file:/D:/a/key/key/key.core/build/resources/main/de/uka/ilkd/key/proof/rules/java5.key:49:15
	at de.uka.ilkd.key.nparser.builder.AbstractBuilder.accept(AbstractBuilder.java:54)
Caused by: com.github.javaparser.resolution.UnsolvedSymbolException: Unsolved symbol in de.uka.ilkd.key.java.JavaParserFactory$DynamicTypeSolver@725185cc : java.lang.Object
	at com.github.javaparser.resolution.TypeSolver.solveType(TypeSolver.java:71)

34409      ERROR Test worker     d.u.i.k.n.b.AbstractBuilder  com.github.javaparser.resolution.UnsolvedSymbolException: Unsolved symbol in de.uka.ilkd.key.java.JavaParserFactory$DynamicTypeSolver@725185cc : java.lang.Object
	at com.github.javaparser.resolution.TypeSolver.solveType(TypeSolver.java:71)

34409      ERROR Test worker     d.u.i.k.n.b.TacletPBuilder Error in parsing taclet. de.uka.ilkd.key.util.parsing.BuildingException: Unsolved symbol in de.uka.ilkd.key.java.JavaParserFactory$DynamicTypeSolver@725185cc : java.lang.Object at file:/D:/a/key/key/key.core/build/resources/main/de/uka/ilkd/key/proof/rules/integerAssignment2UpdateRules.key:38:15
	at de.uka.ilkd.key.nparser.builder.AbstractBuilder.accept(AbstractBuilder.java:54)
Caused by: com.github.javaparser.resolution.UnsolvedSymbolException: Unsolved symbol in de.uka.ilkd.key.java.JavaParserFactory$DynamicTypeSolver@725185cc : java.lang.Object
	at com.github.javaparser.resolution.TypeSolver.solveType(TypeSolver.java:71)

34425      ERROR Test worker     d.u.i.k.n.b.AbstractBuilder  com.github.javaparser.resolution.UnsolvedSymbolException: Unsolved symbol in de.uka.ilkd.key.java.JavaParserFactory$DynamicTypeSolver@725185cc : java.lang.Object
	at com.github.javaparser.resolution.TypeSolver.solveType(TypeSolver.java:71)

34425      ERROR Test worker     d.u.i.k.n.b.TacletPBuilder Error in parsing taclet. de.uka.ilkd.key.util.parsing.BuildingException: Unsolved symbol in de.uka.ilkd.key.java.JavaParserFactory$DynamicTypeSolver@725185cc : java.lang.Object at file:/D:/a/key/key/key.core/build/resources/main/de/uka/ilkd/key/proof/rules/integerAssignment2UpdateRules.key:52:15
	at de.uka.ilkd.key.nparser.builder.AbstractBuilder.accept(AbstractBuilder.java:54)
Caused by: com.github.javaparser.resolution.UnsolvedSymbolException: Unsolved symbol in de.uka.ilkd.key.java.JavaParserFactory$DynamicTypeSolver@725185cc : java.lang.Object
	at com.github.javaparser.resolution.TypeSolver.solveType(TypeSolver.java:71)

34425      ERROR Test worker     d.u.i.k.n.b.AbstractBuilder  com.github.javaparser.resolution.UnsolvedSymbolException: Unsolved symbol in de.uka.ilkd.key.java.JavaParserFactory$DynamicTypeSolver@725185cc : java.lang.Object
	at com.github.javaparser.resolution.TypeSolver.solveType(TypeSolver.java:71)

34425      ERROR Test worker     d.u.i.k.n.b.TacletPBuilder Error in parsing taclet. de.uka.ilkd.key.util.parsing.BuildingException: Unsolved symbol in de.uka.ilkd.key.java.JavaParserFactory$DynamicTypeSolver@725185cc : java.lang.Object at file:/D:/a/key/key/key.core/build/resources/main/de/uka/ilkd/key/proof/rules/integerAssignment2UpdateRules.key:66:15
	at de.uka.ilkd.key.nparser.builder.AbstractBuilder.accept(AbstractBuilder.java:54)
Caused by: com.github.javaparser.resolution.UnsolvedSymbolException: Unsolved symbol in de.uka.ilkd.key.java.JavaParserFactory$DynamicTypeSolver@725185cc : java.lang.Object
	at com.github.javaparser.resolution.TypeSolver.solveType(TypeSolver.java:71)

34425      ERROR Test worker     d.u.i.k.n.b.AbstractBuilder  com.github.javaparser.resolution.UnsolvedSymbolException: Unsolved symbol in de.uka.ilkd.key.java.JavaParserFactory$DynamicTypeSolver@725185cc : java.lang.Object
	at com.github.javaparser.resolution.TypeSolver.solveType(TypeSolver.java:71)

34425      ERROR Test worker     d.u.i.k.n.b.TacletPBuilder Error in parsing taclet. de.uka.ilkd.key.util.parsing.BuildingException: Unsolved symbol in de.uka.ilkd.key.java.JavaParserFactory$DynamicTypeSolver@725185cc : java.lang.Object at file:/D:/a/key/key/key.core/build/resources/main/de/uka/ilkd/key/proof/rules/integerAssignment2UpdateRules.key:80:15
	at de.uka.ilkd.key.nparser.builder.AbstractBuilder.accept(AbstractBuilder.java:54)
Caused by: com.github.javaparser.resolution.UnsolvedSymbolException: Unsolved symbol in de.uka.ilkd.key.java.JavaParserFactory$DynamicTypeSolver@725185cc : java.lang.Object
	at com.github.javaparser.resolution.TypeSolver.solveType(TypeSolver.java:71)

34425      ERROR Test worker     d.u.i.k.n.b.AbstractBuilder  com.github.javaparser.resolution.UnsolvedSymbolException: Unsolved symbol in de.uka.ilkd.key.java.JavaParserFactory$DynamicTypeSolver@725185cc : java.lang.Object
	at com.github.javaparser.resolution.TypeSolver.solveType(TypeSolver.java:71)

34425      ERROR Test worker     d.u.i.k.n.b.TacletPBuilder Error in parsing taclet. de.uka.ilkd.key.util.parsing.BuildingException: Unsolved symbol in de.uka.ilkd.key.java.JavaParserFactory$DynamicTypeSolver@725185cc : java.lang.Object at file:/D:/a/key/key/key.core/build/resources/main/de/uka/ilkd/key/proof/rules/integerAssignment2UpdateRules.key:100:20
	at de.uka.ilkd.key.nparser.builder.AbstractBuilder.accept(AbstractBuilder.java:54)
Caused by: com.github.javaparser.resolution.UnsolvedSymbolException: Unsolved symbol in de.uka.ilkd.key.java.JavaParserFactory$DynamicTypeSolver@725185cc : java.lang.Object
	at com.github.javaparser.resolution.TypeSolver.solveType(TypeSolver.java:71)

34425      ERROR Test worker     d.u.i.k.n.b.AbstractBuilder  com.github.javaparser.resolution.UnsolvedSymbolException: Unsolved symbol in de.uka.ilkd.key.java.JavaParserFactory$DynamicTypeSolver@725185cc : java.lang.Object
	at com.github.javaparser.resolution.TypeSolver.solveType(TypeSolver.java:71)

34425      ERROR Test worker     d.u.i.k.n.b.TacletPBuilder Error in parsing taclet. de.uka.ilkd.key.util.parsing.BuildingException: Unsolved symbol in de.uka.ilkd.key.java.JavaParserFactory$DynamicTypeSolver@725185cc : java.lang.Object at file:/D:/a/key/key/key.core/build/resources/main/de/uka/ilkd/key/proof/rules/integerAssignment2UpdateRules.key:112:20
	at de.uka.ilkd.key.nparser.builder.AbstractBuilder.accept(AbstractBuilder.java:54)
Caused by: com.github.javaparser.resolution.UnsolvedSymbolException: Unsolved symbol in de.uka.ilkd.key.java.JavaParserFactory$DynamicTypeSolver@725185cc : java.lang.Object
	at com.github.javaparser.resolution.TypeSolver.solveType(TypeSolver.java:71)

34425      ERROR Test worker     d.u.i.k.n.b.AbstractBuilder  com.github.javaparser.resolution.UnsolvedSymbolException: Unsolved symbol in de.uka.ilkd.key.java.JavaParserFactory$DynamicTypeSolver@725185cc : java.lang.Object
	at com.github.javaparser.resolution.TypeSolver.solveType(TypeSolver.java:71)

34425      ERROR Test worker     d.u.i.k.n.b.TacletPBuilder Error in parsing taclet. de.uka.ilkd.key.util.parsing.BuildingException: Unsolved symbol in de.uka.ilkd.key.java.JavaParserFactory$DynamicTypeSolver@725185cc : java.lang.Object at file:/D:/a/key/key/key.core/build/resources/main/de/uka/ilkd/key/proof/rules/integerAssignment2UpdateRules.key:124:20
	at de.uka.ilkd.key.nparser.builder.AbstractBuilder.accept(AbstractBuilder.java:54)
Caused by: com.github.javaparser.resolution.UnsolvedSymbolException: Unsolved symbol in de.uka.ilkd.key.java.JavaParserFactory$DynamicTypeSolver@725185cc : java.lang.Object
	at com.github.javaparser.resolution.TypeSolver.solveType(TypeSolver.java:71)

34425      ERROR Test worker     d.u.i.k.n.b.AbstractBuilder  com.github.javaparser.resolution.UnsolvedSymbolException: Unsolved symbol in de.uka.ilkd.key.java.JavaParserFactory$DynamicTypeSolver@725185cc : java.lang.Object
	at com.github.javaparser.resolution.TypeSolver.solveType(TypeSolver.java:71)

34425      ERROR Test worker     d.u.i.k.n.b.TacletPBuilder Error in parsing taclet. de.uka.ilkd.key.util.parsing.BuildingException: Unsolved symbol in de.uka.ilkd.key.java.JavaParserFactory$DynamicTypeSolver@725185cc : java.lang.Object at file:/D:/a/key/key/key.core/build/resources/main/de/uka/ilkd/key/proof/rules/integerAssignment2UpdateRules.key:140:20
	at de.uka.ilkd.key.nparser.builder.AbstractBuilder.accept(AbstractBuilder.java:54)
Caused by: com.github.javaparser.resolution.UnsolvedSymbolException: Unsolved symbol in de.uka.ilkd.key.java.JavaParserFactory$DynamicTypeSolver@725185cc : java.lang.Object
	at com.github.javaparser.resolution.TypeSolver.solveType(TypeSolver.java:71)

34425      ERROR Test worker     d.u.i.k.n.b.AbstractBuilder  com.github.javaparser.resolution.UnsolvedSymbolException: Unsolved symbol in de.uka.ilkd.key.java.JavaParserFactory$DynamicTypeSolver@725185cc : java.lang.Object
	at com.github.javaparser.resolution.TypeSolver.solveType(TypeSolver.java:71)

34425      ERROR Test worker     d.u.i.k.n.b.TacletPBuilder Error in parsing taclet. de.uka.ilkd.key.util.parsing.BuildingException: Unsolved symbol in de.uka.ilkd.key.java.JavaParserFactory$DynamicTypeSolver@725185cc : java.lang.Object at file:/D:/a/key/key/key.core/build/resources/main/de/uka/ilkd/key/proof/rules/integerAssignment2UpdateRules.key:157:15
	at de.uka.ilkd.key.nparser.builder.AbstractBuilder.accept(AbstractBuilder.java:54)
Caused by: com.github.javaparser.resolution.UnsolvedSymbolException: Unsolved symbol in de.uka.ilkd.key.java.JavaParserFactory$DynamicTypeSolver@725185cc : java.lang.Object
	at com.github.javaparser.resolution.TypeSolver.solveType(TypeSolver.java:71)

34425      ERROR Test worker     d.u.i.k.n.b.AbstractBuilder  com.github.javaparser.resolution.UnsolvedSymbolException: Unsolved symbol in de.uka.ilkd.key.java.JavaParserFactory$DynamicTypeSolver@725185cc : java.lang.Object
	at com.github.javaparser.resolution.TypeSolver.solveType(TypeSolver.java:71)

34425      ERROR Test worker     d.u.i.k.n.b.TacletPBuilder Error in parsing taclet. de.uka.ilkd.key.util.parsing.BuildingException: Unsolved symbol in de.uka.ilkd.key.java.JavaParserFactory$DynamicTypeSolver@725185cc : java.lang.Object at file:/D:/a/key/key/key.core/build/resources/main/de/uka/ilkd/key/proof/rules/integerAssignment2UpdateRules.key:168:15
	at de.uka.ilkd.key.nparser.builder.AbstractBuilder.accept(AbstractBuilder.java:54)
Caused by: com.github.javaparser.resolution.UnsolvedSymbolException: Unsolved symbol in de.uka.ilkd.key.java.JavaParserFactory$DynamicTypeSolver@725185cc : java.lang.Object
	at com.github.javaparser.resolution.TypeSolver.solveType(TypeSolver.java:71)

34441      ERROR Test worker     d.u.i.k.n.b.AbstractBuilder  com.github.javaparser.resolution.UnsolvedSymbolException: Unsolved symbol in de.uka.ilkd.key.java.JavaParserFactory$DynamicTypeSolver@725185cc : java.lang.Object
	at com.github.javaparser.resolution.TypeSolver.solveType(TypeSolver.java:71)

34441      ERROR Test worker     d.u.i.k.n.b.TacletPBuilder Error in parsing taclet. de.uka.ilkd.key.util.parsing.BuildingException: Unsolved symbol in de.uka.ilkd.key.java.JavaParserFactory$DynamicTypeSolver@725185cc : java.lang.Object at file:/D:/a/key/key/key.core/build/resources/main/de/uka/ilkd/key/proof/rules/integerAssignment2UpdateRules.key:179:15
	at de.uka.ilkd.key.nparser.builder.AbstractBuilder.accept(AbstractBuilder.java:54)
Caused by: com.github.javaparser.resolution.UnsolvedSymbolException: Unsolved symbol in de.uka.ilkd.key.java.JavaParserFactory$DynamicTypeSolver@725185cc : java.lang.Object
	at com.github.javaparser.resolution.TypeSolver.solveType(TypeSolver.java:71)

34441      ERROR Test worker     d.u.i.k.n.b.AbstractBuilder  com.github.javaparser.resolution.UnsolvedSymbolException: Unsolved symbol in de.uka.ilkd.key.java.JavaParserFactory$DynamicTypeSolver@725185cc : java.lang.Object
	at com.github.javaparser.resolution.TypeSolver.solveType(TypeSolver.java:71)

34441      ERROR Test worker     d.u.i.k.n.b.TacletPBuilder Error in parsing taclet. de.uka.ilkd.key.util.parsing.BuildingException: Unsolved symbol in de.uka.ilkd.key.java.JavaParserFactory$DynamicTypeSolver@725185cc : java.lang.Object at file:/D:/a/key/key/key.core/build/resources/main/de/uka/ilkd/key/proof/rules/integerAssignment2UpdateRules.key:194:15
	at de.uka.ilkd.key.nparser.builder.AbstractBuilder.accept(AbstractBuilder.java:54)
Caused by: com.github.javaparser.resolution.UnsolvedSymbolException: Unsolved symbol in de.uka.ilkd.key.java.JavaParserFactory$DynamicTypeSolver@725185cc : java.lang.Object
	at com.github.javaparser.resolution.TypeSolver.solveType(TypeSolver.java:71)

34441      ERROR Test worker     d.u.i.k.n.b.AbstractBuilder  com.github.javaparser.resolution.UnsolvedSymbolException: Unsolved symbol in de.uka.ilkd.key.java.JavaParserFactory$DynamicTypeSolver@725185cc : java.lang.Object
	at com.github.javaparser.resolution.TypeSolver.solveType(TypeSolver.java:71)

34441      ERROR Test worker     d.u.i.k.n.b.TacletPBuilder Error in parsing taclet. de.uka.ilkd.key.util.parsing.BuildingException: Unsolved symbol in de.uka.ilkd.key.java.JavaParserFactory$DynamicTypeSolver@725185cc : java.lang.Object at file:/D:/a/key/key/key.core/build/resources/main/de/uka/ilkd/key/proof/rules/integerAssignment2UpdateRules.key:210:15
	at de.uka.ilkd.key.nparser.builder.AbstractBuilder.accept(AbstractBuilder.java:54)
Caused by: com.github.javaparser.resolution.UnsolvedSymbolException: Unsolved symbol in de.uka.ilkd.key.java.JavaParserFactory$DynamicTypeSolver@725185cc : java.lang.Object
	at com.github.javaparser.resolution.TypeSolver.solveType(TypeSolver.java:71)

34441      ERROR Test worker     d.u.i.k.n.b.AbstractBuilder  com.github.javaparser.resolution.UnsolvedSymbolException: Unsolved symbol in de.uka.ilkd.key.java.JavaParserFactory$DynamicTypeSolver@725185cc : java.lang.Object
	at com.github.javaparser.resolution.TypeSolver.solveType(TypeSolver.java:71)

34441      ERROR Test worker     d.u.i.k.n.b.TacletPBuilder Error in parsing taclet. de.uka.ilkd.key.util.parsing.BuildingException: Unsolved symbol in de.uka.ilkd.key.java.JavaParserFactory$DynamicTypeSolver@725185cc : java.lang.Object at file:/D:/a/key/key/key.core/build/resources/main/de/uka/ilkd/key/proof/rules/integerAssignment2UpdateRules.key:224:15
	at de.uka.ilkd.key.nparser.builder.AbstractBuilder.accept(AbstractBuilder.java:54)
Caused by: com.github.javaparser.resolution.UnsolvedSymbolException: Unsolved symbol in de.uka.ilkd.key.java.JavaParserFactory$DynamicTypeSolver@725185cc : java.lang.Object
	at com.github.javaparser.resolution.TypeSolver.solveType(TypeSolver.java:71)

34441      ERROR Test worker     d.u.i.k.n.b.AbstractBuilder  com.github.javaparser.resolution.UnsolvedSymbolException: Unsolved symbol in de.uka.ilkd.key.java.JavaParserFactory$DynamicTypeSolver@725185cc : java.lang.Object
	at com.github.javaparser.resolution.TypeSolver.solveType(TypeSolver.java:71)

34441      ERROR Test worker     d.u.i.k.n.b.TacletPBuilder Error in parsing taclet. de.uka.ilkd.key.util.parsing.BuildingException: Unsolved symbol in de.uka.ilkd.key.java.JavaParserFactory$DynamicTypeSolver@725185cc : java.lang.Object at file:/D:/a/key/key/key.core/build/resources/main/de/uka/ilkd/key/proof/rules/integerAssignment2UpdateRules.key:238:15
	at de.uka.ilkd.key.nparser.builder.AbstractBuilder.accept(AbstractBuilder.java:54)
Caused by: com.github.javaparser.resolution.UnsolvedSymbolException: Unsolved symbol in de.uka.ilkd.key.java.JavaParserFactory$DynamicTypeSolver@725185cc : java.lang.Object
	at com.github.javaparser.resolution.TypeSolver.solveType(TypeSolver.java:71)

34441      ERROR Test worker     d.u.i.k.n.b.AbstractBuilder  com.github.javaparser.resolution.UnsolvedSymbolException: Unsolved symbol in de.uka.ilkd.key.java.JavaParserFactory$DynamicTypeSolver@725185cc : java.lang.Object
	at com.github.javaparser.resolution.TypeSolver.solveType(TypeSolver.java:71)

34441      ERROR Test worker     d.u.i.k.n.b.TacletPBuilder Error in parsing taclet. de.uka.ilkd.key.util.parsing.BuildingException: Unsolved symbol in de.uka.ilkd.key.java.JavaParserFactory$DynamicTypeSolver@725185cc : java.lang.Object at file:/D:/a/key/key/key.core/build/resources/main/de/uka/ilkd/key/proof/rules/integerAssignment2UpdateRules.key:256:15
	at de.uka.ilkd.key.nparser.builder.AbstractBuilder.accept(AbstractBuilder.java:54)
Caused by: com.github.javaparser.resolution.UnsolvedSymbolException: Unsolved symbol in de.uka.ilkd.key.java.JavaParserFactory$DynamicTypeSolver@725185cc : java.lang.Object
	at com.github.javaparser.resolution.TypeSolver.solveType(TypeSolver.java:71)

34441      ERROR Test worker     d.u.i.k.n.b.AbstractBuilder  com.github.javaparser.resolution.UnsolvedSymbolException: Unsolved symbol in de.uka.ilkd.key.java.JavaParserFactory$DynamicTypeSolver@725185cc : java.lang.Object
	at com.github.javaparser.resolution.TypeSolver.solveType(TypeSolver.java:71)

34441      ERROR Test worker     d.u.i.k.n.b.TacletPBuilder Error in parsing taclet. de.uka.ilkd.key.util.parsing.BuildingException: Unsolved symbol in de.uka.ilkd.key.java.JavaParserFactory$DynamicTypeSolver@725185cc : java.lang.Object at file:/D:/a/key/key/key.core/build/resources/main/de/uka/ilkd/key/proof/rules/integerAssignment2UpdateRules.key:276:15
	at de.uka.ilkd.key.nparser.builder.AbstractBuilder.accept(AbstractBuilder.java:54)
Caused by: com.github.javaparser.resolution.UnsolvedSymbolException: Unsolved symbol in de.uka.ilkd.key.java.JavaParserFactory$DynamicTypeSolver@725185cc : java.lang.Object
	at com.github.javaparser.resolution.TypeSolver.solveType(TypeSolver.java:71)

34441      ERROR Test worker     d.u.i.k.n.b.AbstractBuilder  com.github.javaparser.resolution.UnsolvedSymbolException: Unsolved symbol in de.uka.ilkd.key.java.JavaParserFactory$DynamicTypeSolver@725185cc : java.lang.Object
	at com.github.javaparser.resolution.TypeSolver.solveType(TypeSolver.java:71)

34441      ERROR Test worker     d.u.i.k.n.b.TacletPBuilder Error in parsing taclet. de.uka.ilkd.key.util.parsing.BuildingException: Unsolved symbol in de.uka.ilkd.key.java.JavaParserFactory$DynamicTypeSolver@725185cc : java.lang.Object at file:/D:/a/key/key/key.core/build/resources/main/de/uka/ilkd/key/proof/rules/integerAssignment2UpdateRules.key:290:15
	at de.uka.ilkd.key.nparser.builder.AbstractBuilder.accept(AbstractBuilder.java:54)
Caused by: com.github.javaparser.resolution.UnsolvedSymbolException: Unsolved symbol in de.uka.ilkd.key.java.JavaParserFactory$DynamicTypeSolver@725185cc : java.lang.Object
	at com.github.javaparser.resolution.TypeSolver.solveType(TypeSolver.java:71)

34441      ERROR Test worker     d.u.i.k.n.b.AbstractBuilder  com.github.javaparser.resolution.UnsolvedSymbolException: Unsolved symbol in de.uka.ilkd.key.java.JavaParserFactory$DynamicTypeSolver@725185cc : java.lang.Object
	at com.github.javaparser.resolution.TypeSolver.solveType(TypeSolver.java:71)

34441      ERROR Test worker     d.u.i.k.n.b.TacletPBuilder Error in parsing taclet. de.uka.ilkd.key.util.parsing.BuildingException: Unsolved symbol in de.uka.ilkd.key.java.JavaParserFactory$DynamicTypeSolver@725185cc : java.lang.Object at file:/D:/a/key/key/key.core/build/resources/main/de/uka/ilkd/key/proof/rules/integerAssignment2UpdateRules.key:304:15
	at de.uka.ilkd.key.nparser.builder.AbstractBuilder.accept(AbstractBuilder.java:54)
Caused by: com.github.javaparser.resolution.UnsolvedSymbolException: Unsolved symbol in de.uka.ilkd.key.java.JavaParserFactory$DynamicTypeSolver@725185cc : java.lang.Object
	at com.github.javaparser.resolution.TypeSolver.solveType(TypeSolver.java:71)

34456      ERROR Test worker     d.u.i.k.n.b.AbstractBuilder  com.github.javaparser.resolution.UnsolvedSymbolException: Unsolved symbol in de.uka.ilkd.key.java.JavaParserFactory$DynamicTypeSolver@725185cc : java.lang.Object
	at com.github.javaparser.resolution.TypeSolver.solveType(TypeSolver.java:71)

34456      ERROR Test worker     d.u.i.k.n.b.TacletPBuilder Error in parsing taclet. de.uka.ilkd.key.util.parsing.BuildingException: Unsolved symbol in de.uka.ilkd.key.java.JavaParserFactory$DynamicTypeSolver@725185cc : java.lang.Object at file:/D:/a/key/key/key.core/build/resources/main/de/uka/ilkd/key/proof/rules/integerAssignment2UpdateRules.key:319:15
	at de.uka.ilkd.key.nparser.builder.AbstractBuilder.accept(AbstractBuilder.java:54)
Caused by: com.github.javaparser.resolution.UnsolvedSymbolException: Unsolved symbol in de.uka.ilkd.key.java.JavaParserFactory$DynamicTypeSolver@725185cc : java.lang.Object
	at com.github.javaparser.resolution.TypeSolver.solveType(TypeSolver.java:71)

34456      ERROR Test worker     d.u.i.k.n.b.AbstractBuilder  com.github.javaparser.resolution.UnsolvedSymbolException: Unsolved symbol in de.uka.ilkd.key.java.JavaParserFactory$DynamicTypeSolver@725185cc : java.lang.Object
	at com.github.javaparser.resolution.TypeSolver.solveType(TypeSolver.java:71)

34456      ERROR Test worker     d.u.i.k.n.b.TacletPBuilder Error in parsing taclet. de.uka.ilkd.key.util.parsing.BuildingException: Unsolved symbol in de.uka.ilkd.key.java.JavaParserFactory$DynamicTypeSolver@725185cc : java.lang.Object at file:/D:/a/key/key/key.core/build/resources/main/de/uka/ilkd/key/proof/rules/integerAssignment2UpdateRules.key:335:15
	at de.uka.ilkd.key.nparser.builder.AbstractBuilder.accept(AbstractBuilder.java:54)
Caused by: com.github.javaparser.resolution.UnsolvedSymbolException: Unsolved symbol in de.uka.ilkd.key.java.JavaParserFactory$DynamicTypeSolver@725185cc : java.lang.Object
	at com.github.javaparser.resolution.TypeSolver.solveType(TypeSolver.java:71)

34456      ERROR Test worker     d.u.i.k.n.b.AbstractBuilder  com.github.javaparser.resolution.UnsolvedSymbolException: Unsolved symbol in de.uka.ilkd.key.java.JavaParserFactory$DynamicTypeSolver@725185cc : java.lang.Object
	at com.github.javaparser.resolution.TypeSolver.solveType(TypeSolver.java:71)

34456      ERROR Test worker     d.u.i.k.n.b.TacletPBuilder Error in parsing taclet. de.uka.ilkd.key.util.parsing.BuildingException: Unsolved symbol in de.uka.ilkd.key.java.JavaParserFactory$DynamicTypeSolver@725185cc : java.lang.Object at file:/D:/a/key/key/key.core/build/resources/main/de/uka/ilkd/key/proof/rules/integerAssignment2UpdateRules.key:350:15
	at de.uka.ilkd.key.nparser.builder.AbstractBuilder.accept(AbstractBuilder.java:54)
Caused by: com.github.javaparser.resolution.UnsolvedSymbolException: Unsolved symbol in de.uka.ilkd.key.java.JavaParserFactory$DynamicTypeSolver@725185cc : java.lang.Object
	at com.github.javaparser.resolution.TypeSolver.solveType(TypeSolver.java:71)

34456      ERROR Test worker     d.u.i.k.n.b.AbstractBuilder  com.github.javaparser.resolution.UnsolvedSymbolException: Unsolved symbol in de.uka.ilkd.key.java.JavaParserFactory$DynamicTypeSolver@725185cc : java.lang.Object
	at com.github.javaparser.resolution.TypeSolver.solveType(TypeSolver.java:71)

34456      ERROR Test worker     d.u.i.k.n.b.TacletPBuilder Error in parsing taclet. de.uka.ilkd.key.util.parsing.BuildingException: Unsolved symbol in de.uka.ilkd.key.java.JavaParserFactory$DynamicTypeSolver@725185cc : java.lang.Object at file:/D:/a/key/key/key.core/build/resources/main/de/uka/ilkd/key/proof/rules/integerAssignment2UpdateRules.key:365:15
	at de.uka.ilkd.key.nparser.builder.AbstractBuilder.accept(AbstractBuilder.java:54)
Caused by: com.github.javaparser.resolution.UnsolvedSymbolException: Unsolved symbol in de.uka.ilkd.key.java.JavaParserFactory$DynamicTypeSolver@725185cc : java.lang.Object
	at com.github.javaparser.resolution.TypeSolver.solveType(TypeSolver.java:71)

34456      ERROR Test worker     d.u.i.k.n.b.AbstractBuilder  com.github.javaparser.resolution.UnsolvedSymbolException: Unsolved symbol in de.uka.ilkd.key.java.JavaParserFactory$DynamicTypeSolver@725185cc : java.lang.Object
	at com.github.javaparser.resolution.TypeSolver.solveType(TypeSolver.java:71)

34456      ERROR Test worker     d.u.i.k.n.b.TacletPBuilder Error in parsing taclet. de.uka.ilkd.key.util.parsing.BuildingException: Unsolved symbol in de.uka.ilkd.key.java.JavaParserFactory$DynamicTypeSolver@725185cc : java.lang.Object at file:/D:/a/key/key/key.core/build/resources/main/de/uka/ilkd/key/proof/rules/integerAssignment2UpdateRules.key:380:15
	at de.uka.ilkd.key.nparser.builder.AbstractBuilder.accept(AbstractBuilder.java:54)
Caused by: com.github.javaparser.resolution.UnsolvedSymbolException: Unsolved symbol in de.uka.ilkd.key.java.JavaParserFactory$DynamicTypeSolver@725185cc : java.lang.Object
	at com.github.javaparser.resolution.TypeSolver.solveType(TypeSolver.java:71)

34456      ERROR Test worker     d.u.i.k.n.b.AbstractBuilder  com.github.javaparser.resolution.UnsolvedSymbolException: Unsolved symbol in de.uka.ilkd.key.java.JavaParserFactory$DynamicTypeSolver@725185cc : java.lang.Object
	at com.github.javaparser.resolution.TypeSolver.solveType(TypeSolver.java:71)

34456      ERROR Test worker     d.u.i.k.n.b.TacletPBuilder Error in parsing taclet. de.uka.ilkd.key.util.parsing.BuildingException: Unsolved symbol in de.uka.ilkd.key.java.JavaParserFactory$DynamicTypeSolver@725185cc : java.lang.Object at file:/D:/a/key/key/key.core/build/resources/main/de/uka/ilkd/key/proof/rules/integerAssignment2UpdateRules.key:397:15
	at de.uka.ilkd.key.nparser.builder.AbstractBuilder.accept(AbstractBuilder.java:54)
Caused by: com.github.javaparser.resolution.UnsolvedSymbolException: Unsolved symbol in de.uka.ilkd.key.java.JavaParserFactory$DynamicTypeSolver@725185cc : java.lang.Object
	at com.github.javaparser.resolution.TypeSolver.solveType(TypeSolver.java:71)

34456      ERROR Test worker     d.u.i.k.n.b.AbstractBuilder  com.github.javaparser.resolution.UnsolvedSymbolException: Unsolved symbol in de.uka.ilkd.key.java.JavaParserFactory$DynamicTypeSolver@725185cc : java.lang.Object
	at com.github.javaparser.resolution.TypeSolver.solveType(TypeSolver.java:71)

34456      ERROR Test worker     d.u.i.k.n.b.TacletPBuilder Error in parsing taclet. de.uka.ilkd.key.util.parsing.BuildingException: Unsolved symbol in de.uka.ilkd.key.java.JavaParserFactory$DynamicTypeSolver@725185cc : java.lang.Object at file:/D:/a/key/key/key.core/build/resources/main/de/uka/ilkd/key/proof/rules/integerAssignment2UpdateRules.key:408:15
	at de.uka.ilkd.key.nparser.builder.AbstractBuilder.accept(AbstractBuilder.java:54)
Caused by: com.github.javaparser.resolution.UnsolvedSymbolException: Unsolved symbol in de.uka.ilkd.key.java.JavaParserFactory$DynamicTypeSolver@725185cc : java.lang.Object
	at com.github.javaparser.resolution.TypeSolver.solveType(TypeSolver.java:71)

34456      ERROR Test worker     d.u.i.k.n.b.AbstractBuilder  com.github.javaparser.resolution.UnsolvedSymbolException: Unsolved symbol in de.uka.ilkd.key.java.JavaParserFactory$DynamicTypeSolver@725185cc : java.lang.Object
	at com.github.javaparser.resolution.TypeSolver.solveType(TypeSolver.java:71)

34456      ERROR Test worker     d.u.i.k.n.b.TacletPBuilder Error in parsing taclet. de.uka.ilkd.key.util.parsing.BuildingException: Unsolved symbol in de.uka.ilkd.key.java.JavaParserFactory$DynamicTypeSolver@725185cc : java.lang.Object at file:/D:/a/key/key/key.core/build/resources/main/de/uka/ilkd/key/proof/rules/integerAssignment2UpdateRules.key:419:15
	at de.uka.ilkd.key.nparser.builder.AbstractBuilder.accept(AbstractBuilder.java:54)
Caused by: com.github.javaparser.resolution.UnsolvedSymbolException: Unsolved symbol in de.uka.ilkd.key.java.JavaParserFactory$DynamicTypeSolver@725185cc : java.lang.Object
	at com.github.javaparser.resolution.TypeSolver.solveType(TypeSolver.java:71)

34456      ERROR Test worker     d.u.i.k.n.b.AbstractBuilder  com.github.javaparser.resolution.UnsolvedSymbolException: Unsolved symbol in de.uka.ilkd.key.java.JavaParserFactory$DynamicTypeSolver@725185cc : java.lang.Object
	at com.github.javaparser.resolution.TypeSolver.solveType(TypeSolver.java:71)

34456      ERROR Test worker     d.u.i.k.n.b.TacletPBuilder Error in parsing taclet. de.uka.ilkd.key.util.parsing.BuildingException: Unsolved symbol in de.uka.ilkd.key.java.JavaParserFactory$DynamicTypeSolver@725185cc : java.lang.Object at file:/D:/a/key/key/key.core/build/resources/main/de/uka/ilkd/key/proof/rules/integerAssignment2UpdateRules.key:430:15
	at de.uka.ilkd.key.nparser.builder.AbstractBuilder.accept(AbstractBuilder.java:54)
Caused by: com.github.javaparser.resolution.UnsolvedSymbolException: Unsolved symbol in de.uka.ilkd.key.java.JavaParserFactory$DynamicTypeSolver@725185cc : java.lang.Object
	at com.github.javaparser.resolution.TypeSolver.solveType(TypeSolver.java:71)

34472      ERROR Test worker     d.u.i.k.n.b.AbstractBuilder  com.github.javaparser.resolution.UnsolvedSymbolException: Unsolved symbol in de.uka.ilkd.key.java.JavaParserFactory$DynamicTypeSolver@725185cc : java.lang.Object
	at com.github.javaparser.resolution.TypeSolver.solveType(TypeSolver.java:71)

34472      ERROR Test worker     d.u.i.k.n.b.TacletPBuilder Error in parsing taclet. de.uka.ilkd.key.util.parsing.BuildingException: Unsolved symbol in de.uka.ilkd.key.java.JavaParserFactory$DynamicTypeSolver@725185cc : java.lang.Object at file:/D:/a/key/key/key.core/build/resources/main/de/uka/ilkd/key/proof/rules/integerAssignment2UpdateRules.key:443:15
	at de.uka.ilkd.key.nparser.builder.AbstractBuilder.accept(AbstractBuilder.java:54)
Caused by: com.github.javaparser.resolution.UnsolvedSymbolException: Unsolved symbol in de.uka.ilkd.key.java.JavaParserFactory$DynamicTypeSolver@725185cc : java.lang.Object
	at com.github.javaparser.resolution.TypeSolver.solveType(TypeSolver.java:71)

34472      ERROR Test worker     d.u.i.k.n.b.AbstractBuilder  com.github.javaparser.resolution.UnsolvedSymbolException: Unsolved symbol in de.uka.ilkd.key.java.JavaParserFactory$DynamicTypeSolver@725185cc : java.lang.Object
	at com.github.javaparser.resolution.TypeSolver.solveType(TypeSolver.java:71)

34472      ERROR Test worker     d.u.i.k.n.b.TacletPBuilder Error in parsing taclet. de.uka.ilkd.key.util.parsing.BuildingException: Unsolved symbol in de.uka.ilkd.key.java.JavaParserFactory$DynamicTypeSolver@725185cc : java.lang.Object at file:/D:/a/key/key/key.core/build/resources/main/de/uka/ilkd/key/proof/rules/integerAssignment2UpdateRules.key:454:15
	at de.uka.ilkd.key.nparser.builder.AbstractBuilder.accept(AbstractBuilder.java:54)
Caused by: com.github.javaparser.resolution.UnsolvedSymbolException: Unsolved symbol in de.uka.ilkd.key.java.JavaParserFactory$DynamicTypeSolver@725185cc : java.lang.Object
	at com.github.javaparser.resolution.TypeSolver.solveType(TypeSolver.java:71)

34472      ERROR Test worker     d.u.i.k.n.b.AbstractBuilder  com.github.javaparser.resolution.UnsolvedSymbolException: Unsolved symbol in de.uka.ilkd.key.java.JavaParserFactory$DynamicTypeSolver@725185cc : java.lang.Object
	at com.github.javaparser.resolution.TypeSolver.solveType(TypeSolver.java:71)

34472      ERROR Test worker     d.u.i.k.n.b.TacletPBuilder Error in parsing taclet. de.uka.ilkd.key.util.parsing.BuildingException: Unsolved symbol in de.uka.ilkd.key.java.JavaParserFactory$DynamicTypeSolver@725185cc : java.lang.Object at file:/D:/a/key/key/key.core/build/resources/main/de/uka/ilkd/key/proof/rules/integerAssignment2UpdateRules.key:466:15
	at de.uka.ilkd.key.nparser.builder.AbstractBuilder.accept(AbstractBuilder.java:54)
Caused by: com.github.javaparser.resolution.UnsolvedSymbolException: Unsolved symbol in de.uka.ilkd.key.java.JavaParserFactory$DynamicTypeSolver@725185cc : java.lang.Object
	at com.github.javaparser.resolution.TypeSolver.solveType(TypeSolver.java:71)

34472      ERROR Test worker     d.u.i.k.n.b.AbstractBuilder  com.github.javaparser.resolution.UnsolvedSymbolException: Unsolved symbol in de.uka.ilkd.key.java.JavaParserFactory$DynamicTypeSolver@725185cc : java.lang.Object
	at com.github.javaparser.resolution.TypeSolver.solveType(TypeSolver.java:71)

34472      ERROR Test worker     d.u.i.k.n.b.TacletPBuilder Error in parsing taclet. de.uka.ilkd.key.util.parsing.BuildingException: Unsolved symbol in de.uka.ilkd.key.java.JavaParserFactory$DynamicTypeSolver@725185cc : java.lang.Object at file:/D:/a/key/key/key.core/build/resources/main/de/uka/ilkd/key/proof/rules/integerAssignment2UpdateRules.key:478:15
	at de.uka.ilkd.key.nparser.builder.AbstractBuilder.accept(AbstractBuilder.java:54)
Caused by: com.github.javaparser.resolution.UnsolvedSymbolException: Unsolved symbol in de.uka.ilkd.key.java.JavaParserFactory$DynamicTypeSolver@725185cc : java.lang.Object
	at com.github.javaparser.resolution.TypeSolver.solveType(TypeSolver.java:71)

34472      ERROR Test worker     d.u.i.k.n.b.AbstractBuilder  com.github.javaparser.resolution.UnsolvedSymbolException: Unsolved symbol in de.uka.ilkd.key.java.JavaParserFactory$DynamicTypeSolver@725185cc : java.lang.Object
	at com.github.javaparser.resolution.TypeSolver.solveType(TypeSolver.java:71)

34472      ERROR Test worker     d.u.i.k.n.b.TacletPBuilder Error in parsing taclet. de.uka.ilkd.key.util.parsing.BuildingException: Unsolved symbol in de.uka.ilkd.key.java.JavaParserFactory$DynamicTypeSolver@725185cc : java.lang.Object at file:/D:/a/key/key/key.core/build/resources/main/de/uka/ilkd/key/proof/rules/integerAssignment2UpdateRules.key:491:15
	at de.uka.ilkd.key.nparser.builder.AbstractBuilder.accept(AbstractBuilder.java:54)
Caused by: com.github.javaparser.resolution.UnsolvedSymbolException: Unsolved symbol in de.uka.ilkd.key.java.JavaParserFactory$DynamicTypeSolver@725185cc : java.lang.Object
	at com.github.javaparser.resolution.TypeSolver.solveType(TypeSolver.java:71)

34472      ERROR Test worker     d.u.i.k.n.b.AbstractBuilder  com.github.javaparser.resolution.UnsolvedSymbolException: Unsolved symbol in de.uka.ilkd.key.java.JavaParserFactory$DynamicTypeSolver@725185cc : java.lang.Object
	at com.github.javaparser.resolution.TypeSolver.solveType(TypeSolver.java:71)

34472      ERROR Test worker     d.u.i.k.n.b.TacletPBuilder Error in parsing taclet. de.uka.ilkd.key.util.parsing.BuildingException: Unsolved symbol in de.uka.ilkd.key.java.JavaParserFactory$DynamicTypeSolver@725185cc : java.lang.Object at file:/D:/a/key/key/key.core/build/resources/main/de/uka/ilkd/key/proof/rules/integerAssignment2UpdateRules.key:502:15
	at de.uka.ilkd.key.nparser.builder.AbstractBuilder.accept(AbstractBuilder.java:54)
Caused by: com.github.javaparser.resolution.UnsolvedSymbolException: Unsolved symbol in de.uka.ilkd.key.java.JavaParserFactory$DynamicTypeSolver@725185cc : java.lang.Object
	at com.github.javaparser.resolution.TypeSolver.solveType(TypeSolver.java:71)

34472      ERROR Test worker     d.u.i.k.n.b.AbstractBuilder  com.github.javaparser.resolution.UnsolvedSymbolException: Unsolved symbol in de.uka.ilkd.key.java.JavaParserFactory$DynamicTypeSolver@725185cc : java.lang.Object
	at com.github.javaparser.resolution.TypeSolver.solveType(TypeSolver.java:71)

34472      ERROR Test worker     d.u.i.k.n.b.TacletPBuilder Error in parsing taclet. de.uka.ilkd.key.util.parsing.BuildingException: Unsolved symbol in de.uka.ilkd.key.java.JavaParserFactory$DynamicTypeSolver@725185cc : java.lang.Object at file:/D:/a/key/key/key.core/build/resources/main/de/uka/ilkd/key/proof/rules/integerAssignment2UpdateRules.key:513:15
	at de.uka.ilkd.key.nparser.builder.AbstractBuilder.accept(AbstractBuilder.java:54)
Caused by: com.github.javaparser.resolution.UnsolvedSymbolException: Unsolved symbol in de.uka.ilkd.key.java.JavaParserFactory$DynamicTypeSolver@725185cc : java.lang.Object
	at com.github.javaparser.resolution.TypeSolver.solveType(TypeSolver.java:71)

34472      ERROR Test worker     d.u.i.k.n.b.AbstractBuilder  com.github.javaparser.resolution.UnsolvedSymbolException: Unsolved symbol in de.uka.ilkd.key.java.JavaParserFactory$DynamicTypeSolver@725185cc : java.lang.Object
	at com.github.javaparser.resolution.TypeSolver.solveType(TypeSolver.java:71)

34472      ERROR Test worker     d.u.i.k.n.b.TacletPBuilder Error in parsing taclet. de.uka.ilkd.key.util.parsing.BuildingException: Unsolved symbol in de.uka.ilkd.key.java.JavaParserFactory$DynamicTypeSolver@725185cc : java.lang.Object at file:/D:/a/key/key/key.core/build/resources/main/de/uka/ilkd/key/proof/rules/integerAssignment2UpdateRules.key:524:15
	at de.uka.ilkd.key.nparser.builder.AbstractBuilder.accept(AbstractBuilder.java:54)
Caused by: com.github.javaparser.resolution.UnsolvedSymbolException: Unsolved symbol in de.uka.ilkd.key.java.JavaParserFactory$DynamicTypeSolver@725185cc : java.lang.Object
	at com.github.javaparser.resolution.TypeSolver.solveType(TypeSolver.java:71)

34472      ERROR Test worker     d.u.i.k.n.b.AbstractBuilder  com.github.javaparser.resolution.UnsolvedSymbolException: Unsolved symbol in de.uka.ilkd.key.java.JavaParserFactory$DynamicTypeSolver@725185cc : java.lang.Object
	at com.github.javaparser.resolution.TypeSolver.solveType(TypeSolver.java:71)

34472      ERROR Test worker     d.u.i.k.n.b.TacletPBuilder Error in parsing taclet. de.uka.ilkd.key.util.parsing.BuildingException: Unsolved symbol in de.uka.ilkd.key.java.JavaParserFactory$DynamicTypeSolver@725185cc : java.lang.Object at file:/D:/a/key/key/key.core/build/resources/main/de/uka/ilkd/key/proof/rules/integerAssignment2UpdateRules.key:537:15
	at de.uka.ilkd.key.nparser.builder.AbstractBuilder.accept(AbstractBuilder.java:54)
Caused by: com.github.javaparser.resolution.UnsolvedSymbolException: Unsolved symbol in de.uka.ilkd.key.java.JavaParserFactory$DynamicTypeSolver@725185cc : java.lang.Object
	at com.github.javaparser.resolution.TypeSolver.solveType(TypeSolver.java:71)

34488      ERROR Test worker     d.u.i.k.n.b.AbstractBuilder  com.github.javaparser.resolution.UnsolvedSymbolException: Unsolved symbol in de.uka.ilkd.key.java.JavaParserFactory$DynamicTypeSolver@725185cc : java.lang.Object
	at com.github.javaparser.resolution.TypeSolver.solveType(TypeSolver.java:71)

34488      ERROR Test worker     d.u.i.k.n.b.TacletPBuilder Error in parsing taclet. de.uka.ilkd.key.util.parsing.BuildingException: Unsolved symbol in de.uka.ilkd.key.java.JavaParserFactory$DynamicTypeSolver@725185cc : java.lang.Object at file:/D:/a/key/key/key.core/build/resources/main/de/uka/ilkd/key/proof/rules/integerAssignment2UpdateRules.key:552:15
	at de.uka.ilkd.key.nparser.builder.AbstractBuilder.accept(AbstractBuilder.java:54)
Caused by: com.github.javaparser.resolution.UnsolvedSymbolException: Unsolved symbol in de.uka.ilkd.key.java.JavaParserFactory$DynamicTypeSolver@725185cc : java.lang.Object
	at com.github.javaparser.resolution.TypeSolver.solveType(TypeSolver.java:71)

34488      ERROR Test worker     d.u.i.k.n.b.AbstractBuilder  com.github.javaparser.resolution.UnsolvedSymbolException: Unsolved symbol in de.uka.ilkd.key.java.JavaParserFactory$DynamicTypeSolver@725185cc : java.lang.Object
	at com.github.javaparser.resolution.TypeSolver.solveType(TypeSolver.java:71)

34488      ERROR Test worker     d.u.i.k.n.b.TacletPBuilder Error in parsing taclet. de.uka.ilkd.key.util.parsing.BuildingException: Unsolved symbol in de.uka.ilkd.key.java.JavaParserFactory$DynamicTypeSolver@725185cc : java.lang.Object at file:/D:/a/key/key/key.core/build/resources/main/de/uka/ilkd/key/proof/rules/integerAssignment2UpdateRules.key:569:15
	at de.uka.ilkd.key.nparser.builder.AbstractBuilder.accept(AbstractBuilder.java:54)
Caused by: com.github.javaparser.resolution.UnsolvedSymbolException: Unsolved symbol in de.uka.ilkd.key.java.JavaParserFactory$DynamicTypeSolver@725185cc : java.lang.Object
	at com.github.javaparser.resolution.TypeSolver.solveType(TypeSolver.java:71)

34488      ERROR Test worker     d.u.i.k.n.b.AbstractBuilder  com.github.javaparser.resolution.UnsolvedSymbolException: Unsolved symbol in de.uka.ilkd.key.java.JavaParserFactory$DynamicTypeSolver@725185cc : java.lang.Object
	at com.github.javaparser.resolution.TypeSolver.solveType(TypeSolver.java:71)

34488      ERROR Test worker     d.u.i.k.n.b.TacletPBuilder Error in parsing taclet. de.uka.ilkd.key.util.parsing.BuildingException: Unsolved symbol in de.uka.ilkd.key.java.JavaParserFactory$DynamicTypeSolver@725185cc : java.lang.Object at file:/D:/a/key/key/key.core/build/resources/main/de/uka/ilkd/key/proof/rules/integerAssignment2UpdateRules.key:584:15
	at de.uka.ilkd.key.nparser.builder.AbstractBuilder.accept(AbstractBuilder.java:54)
Caused by: com.github.javaparser.resolution.UnsolvedSymbolException: Unsolved symbol in de.uka.ilkd.key.java.JavaParserFactory$DynamicTypeSolver@725185cc : java.lang.Object
	at com.github.javaparser.resolution.TypeSolver.solveType(TypeSolver.java:71)

34488      ERROR Test worker     d.u.i.k.n.b.AbstractBuilder  com.github.javaparser.resolution.UnsolvedSymbolException: Unsolved symbol in de.uka.ilkd.key.java.JavaParserFactory$DynamicTypeSolver@725185cc : java.lang.Object
	at com.github.javaparser.resolution.TypeSolver.solveType(TypeSolver.java:71)

34488      ERROR Test worker     d.u.i.k.n.b.TacletPBuilder Error in parsing taclet. de.uka.ilkd.key.util.parsing.BuildingException: Unsolved symbol in de.uka.ilkd.key.java.JavaParserFactory$DynamicTypeSolver@725185cc : java.lang.Object at file:/D:/a/key/key/key.core/build/resources/main/de/uka/ilkd/key/proof/rules/integerAssignment2UpdateRules.key:601:15
	at de.uka.ilkd.key.nparser.builder.AbstractBuilder.accept(AbstractBuilder.java:54)
Caused by: com.github.javaparser.resolution.UnsolvedSymbolException: Unsolved symbol in de.uka.ilkd.key.java.JavaParserFactory$DynamicTypeSolver@725185cc : java.lang.Object
	at com.github.javaparser.resolution.TypeSolver.solveType(TypeSolver.java:71)

34488      ERROR Test worker     d.u.i.k.n.b.AbstractBuilder  com.github.javaparser.resolution.UnsolvedSymbolException: Unsolved symbol in de.uka.ilkd.key.java.JavaParserFactory$DynamicTypeSolver@725185cc : java.lang.Object
	at com.github.javaparser.resolution.TypeSolver.solveType(TypeSolver.java:71)

34488      ERROR Test worker     d.u.i.k.n.b.TacletPBuilder Error in parsing taclet. de.uka.ilkd.key.util.parsing.BuildingException: Unsolved symbol in de.uka.ilkd.key.java.JavaParserFactory$DynamicTypeSolver@725185cc : java.lang.Object at file:/D:/a/key/key/key.core/build/resources/main/de/uka/ilkd/key/proof/rules/integerAssignment2UpdateRules.key:616:15
	at de.uka.ilkd.key.nparser.builder.AbstractBuilder.accept(AbstractBuilder.java:54)
Caused by: com.github.javaparser.resolution.UnsolvedSymbolException: Unsolved symbol in de.uka.ilkd.key.java.JavaParserFactory$DynamicTypeSolver@725185cc : java.lang.Object
	at com.github.javaparser.resolution.TypeSolver.solveType(TypeSolver.java:71)

34488      ERROR Test worker     d.u.i.k.n.b.AbstractBuilder  com.github.javaparser.resolution.UnsolvedSymbolException: Unsolved symbol in de.uka.ilkd.key.java.JavaParserFactory$DynamicTypeSolver@725185cc : java.lang.Object
	at com.github.javaparser.resolution.TypeSolver.solveType(TypeSolver.java:71)

34488      ERROR Test worker     d.u.i.k.n.b.TacletPBuilder Error in parsing taclet. de.uka.ilkd.key.util.parsing.BuildingException: Unsolved symbol in de.uka.ilkd.key.java.JavaParserFactory$DynamicTypeSolver@725185cc : java.lang.Object at file:/D:/a/key/key/key.core/build/resources/main/de/uka/ilkd/key/proof/rules/integerAssignment2UpdateRules.key:634:15
	at de.uka.ilkd.key.nparser.builder.AbstractBuilder.accept(AbstractBuilder.java:54)
Caused by: com.github.javaparser.resolution.UnsolvedSymbolException: Unsolved symbol in de.uka.ilkd.key.java.JavaParserFactory$DynamicTypeSolver@725185cc : java.lang.Object
	at com.github.javaparser.resolution.TypeSolver.solveType(TypeSolver.java:71)

34488      ERROR Test worker     d.u.i.k.n.b.AbstractBuilder  com.github.javaparser.resolution.UnsolvedSymbolException: Unsolved symbol in de.uka.ilkd.key.java.JavaParserFactory$DynamicTypeSolver@725185cc : java.lang.Object
	at com.github.javaparser.resolution.TypeSolver.solveType(TypeSolver.java:71)

34488      ERROR Test worker     d.u.i.k.n.b.TacletPBuilder Error in parsing taclet. de.uka.ilkd.key.util.parsing.BuildingException: Unsolved symbol in de.uka.ilkd.key.java.JavaParserFactory$DynamicTypeSolver@725185cc : java.lang.Object at file:/D:/a/key/key/key.core/build/resources/main/de/uka/ilkd/key/proof/rules/integerAssignment2UpdateRules.key:648:15
	at de.uka.ilkd.key.nparser.builder.AbstractBuilder.accept(AbstractBuilder.java:54)
Caused by: com.github.javaparser.resolution.UnsolvedSymbolException: Unsolved symbol in de.uka.ilkd.key.java.JavaParserFactory$DynamicTypeSolver@725185cc : java.lang.Object
	at com.github.javaparser.resolution.TypeSolver.solveType(TypeSolver.java:71)

34488      ERROR Test worker     d.u.i.k.n.b.AbstractBuilder  com.github.javaparser.resolution.UnsolvedSymbolException: Unsolved symbol in de.uka.ilkd.key.java.JavaParserFactory$DynamicTypeSolver@725185cc : java.lang.Object
	at com.github.javaparser.resolution.TypeSolver.solveType(TypeSolver.java:71)

34488      ERROR Test worker     d.u.i.k.n.b.TacletPBuilder Error in parsing taclet. de.uka.ilkd.key.util.parsing.BuildingException: Unsolved symbol in de.uka.ilkd.key.java.JavaParserFactory$DynamicTypeSolver@725185cc : java.lang.Object at file:/D:/a/key/key/key.core/build/resources/main/de/uka/ilkd/key/proof/rules/integerAssignment2UpdateRules.key:662:15
	at de.uka.ilkd.key.nparser.builder.AbstractBuilder.accept(AbstractBuilder.java:54)
Caused by: com.github.javaparser.resolution.UnsolvedSymbolException: Unsolved symbol in de.uka.ilkd.key.java.JavaParserFactory$DynamicTypeSolver@725185cc : java.lang.Object
	at com.github.javaparser.resolution.TypeSolver.solveType(TypeSolver.java:71)

34488      ERROR Test worker     d.u.i.k.n.b.AbstractBuilder  com.github.javaparser.resolution.UnsolvedSymbolException: Unsolved symbol in de.uka.ilkd.key.java.JavaParserFactory$DynamicTypeSolver@725185cc : java.lang.Object
	at com.github.javaparser.resolution.TypeSolver.solveType(TypeSolver.java:71)

34488      ERROR Test worker     d.u.i.k.n.b.TacletPBuilder Error in parsing taclet. de.uka.ilkd.key.util.parsing.BuildingException: Unsolved symbol in de.uka.ilkd.key.java.JavaParserFactory$DynamicTypeSolver@725185cc : java.lang.Object at file:/D:/a/key/key/key.core/build/resources/main/de/uka/ilkd/key/proof/rules/integerAssignment2UpdateRules.key:670:15
	at de.uka.ilkd.key.nparser.builder.AbstractBuilder.accept(AbstractBuilder.java:54)
Caused by: com.github.javaparser.resolution.UnsolvedSymbolException: Unsolved symbol in de.uka.ilkd.key.java.JavaParserFactory$DynamicTypeSolver@725185cc : java.lang.Object
	at com.github.javaparser.resolution.TypeSolver.solveType(TypeSolver.java:71)

34488      ERROR Test worker     d.u.i.k.n.b.AbstractBuilder  com.github.javaparser.resolution.UnsolvedSymbolException: Unsolved symbol in de.uka.ilkd.key.java.JavaParserFactory$DynamicTypeSolver@725185cc : java.lang.Object
	at com.github.javaparser.resolution.TypeSolver.solveType(TypeSolver.java:71)

34488      ERROR Test worker     d.u.i.k.n.b.TacletPBuilder Error in parsing taclet. de.uka.ilkd.key.util.parsing.BuildingException: Unsolved symbol in de.uka.ilkd.key.java.JavaParserFactory$DynamicTypeSolver@725185cc : java.lang.Object at file:/D:/a/key/key/key.core/build/resources/main/de/uka/ilkd/key/proof/rules/integerAssignment2UpdateRules.key:682:15
	at de.uka.ilkd.key.nparser.builder.AbstractBuilder.accept(AbstractBuilder.java:54)
Caused by: com.github.javaparser.resolution.UnsolvedSymbolException: Unsolved symbol in de.uka.ilkd.key.java.JavaParserFactory$DynamicTypeSolver@725185cc : java.lang.Object
	at com.github.javaparser.resolution.TypeSolver.solveType(TypeSolver.java:71)

34503      ERROR Test worker     d.u.i.k.n.b.AbstractBuilder  com.github.javaparser.resolution.UnsolvedSymbolException: Unsolved symbol in de.uka.ilkd.key.java.JavaParserFactory$DynamicTypeSolver@725185cc : java.lang.Object
	at com.github.javaparser.resolution.TypeSolver.solveType(TypeSolver.java:71)

34503      ERROR Test worker     d.u.i.k.n.b.TacletPBuilder Error in parsing taclet. de.uka.ilkd.key.util.parsing.BuildingException: Unsolved symbol in de.uka.ilkd.key.java.JavaParserFactory$DynamicTypeSolver@725185cc : java.lang.Object at file:/D:/a/key/key/key.core/build/resources/main/de/uka/ilkd/key/proof/rules/integerAssignment2UpdateRules.key:696:15
	at de.uka.ilkd.key.nparser.builder.AbstractBuilder.accept(AbstractBuilder.java:54)
Caused by: com.github.javaparser.resolution.UnsolvedSymbolException: Unsolved symbol in de.uka.ilkd.key.java.JavaParserFactory$DynamicTypeSolver@725185cc : java.lang.Object
	at com.github.javaparser.resolution.TypeSolver.solveType(TypeSolver.java:71)

34503      ERROR Test worker     d.u.i.k.n.b.AbstractBuilder  com.github.javaparser.resolution.UnsolvedSymbolException: Unsolved symbol in de.uka.ilkd.key.java.JavaParserFactory$DynamicTypeSolver@725185cc : java.lang.Object
	at com.github.javaparser.resolution.TypeSolver.solveType(TypeSolver.java:71)

34503      ERROR Test worker     d.u.i.k.n.b.TacletPBuilder Error in parsing taclet. de.uka.ilkd.key.util.parsing.BuildingException: Unsolved symbol in de.uka.ilkd.key.java.JavaParserFactory$DynamicTypeSolver@725185cc : java.lang.Object at file:/D:/a/key/key/key.core/build/resources/main/de/uka/ilkd/key/proof/rules/integerAssignment2UpdateRules.key:710:15
	at de.uka.ilkd.key.nparser.builder.AbstractBuilder.accept(AbstractBuilder.java:54)
Caused by: com.github.javaparser.resolution.UnsolvedSymbolException: Unsolved symbol in de.uka.ilkd.key.java.JavaParserFactory$DynamicTypeSolver@725185cc : java.lang.Object
	at com.github.javaparser.resolution.TypeSolver.solveType(TypeSolver.java:71)

34503      ERROR Test worker     d.u.i.k.n.b.AbstractBuilder  com.github.javaparser.resolution.UnsolvedSymbolException: Unsolved symbol in de.uka.ilkd.key.java.JavaParserFactory$DynamicTypeSolver@725185cc : java.lang.Object
	at com.github.javaparser.resolution.TypeSolver.solveType(TypeSolver.java:71)

34503      ERROR Test worker     d.u.i.k.n.b.TacletPBuilder Error in parsing taclet. de.uka.ilkd.key.util.parsing.BuildingException: Unsolved symbol in de.uka.ilkd.key.java.JavaParserFactory$DynamicTypeSolver@725185cc : java.lang.Object at file:/D:/a/key/key/key.core/build/resources/main/de/uka/ilkd/key/proof/rules/integerAssignment2UpdateRules.key:724:15
	at de.uka.ilkd.key.nparser.builder.AbstractBuilder.accept(AbstractBuilder.java:54)
Caused by: com.github.javaparser.resolution.UnsolvedSymbolException: Unsolved symbol in de.uka.ilkd.key.java.JavaParserFactory$DynamicTypeSolver@725185cc : java.lang.Object
	at com.github.javaparser.resolution.TypeSolver.solveType(TypeSolver.java:71)

34503      ERROR Test worker     d.u.i.k.n.b.AbstractBuilder  com.github.javaparser.resolution.UnsolvedSymbolException: Unsolved symbol in de.uka.ilkd.key.java.JavaParserFactory$DynamicTypeSolver@725185cc : java.lang.Object
	at com.github.javaparser.resolution.TypeSolver.solveType(TypeSolver.java:71)

34503      ERROR Test worker     d.u.i.k.n.b.TacletPBuilder Error in parsing taclet. de.uka.ilkd.key.util.parsing.BuildingException: Unsolved symbol in de.uka.ilkd.key.java.JavaParserFactory$DynamicTypeSolver@725185cc : java.lang.Object at file:/D:/a/key/key/key.core/build/resources/main/de/uka/ilkd/key/proof/rules/integerAssignment2UpdateRules.key:738:15
	at de.uka.ilkd.key.nparser.builder.AbstractBuilder.accept(AbstractBuilder.java:54)
Caused by: com.github.javaparser.resolution.UnsolvedSymbolException: Unsolved symbol in de.uka.ilkd.key.java.JavaParserFactory$DynamicTypeSolver@725185cc : java.lang.Object
	at com.github.javaparser.resolution.TypeSolver.solveType(TypeSolver.java:71)

34503      ERROR Test worker     d.u.i.k.n.b.AbstractBuilder  com.github.javaparser.resolution.UnsolvedSymbolException: Unsolved symbol in de.uka.ilkd.key.java.JavaParserFactory$DynamicTypeSolver@725185cc : java.lang.Object
	at com.github.javaparser.resolution.TypeSolver.solveType(TypeSolver.java:71)

34503      ERROR Test worker     d.u.i.k.n.b.TacletPBuilder Error in parsing taclet. de.uka.ilkd.key.util.parsing.BuildingException: Unsolved symbol in de.uka.ilkd.key.java.JavaParserFactory$DynamicTypeSolver@725185cc : java.lang.Object at file:/D:/a/key/key/key.core/build/resources/main/de/uka/ilkd/key/proof/rules/integerAssignment2UpdateRules.key:752:15
	at de.uka.ilkd.key.nparser.builder.AbstractBuilder.accept(AbstractBuilder.java:54)
Caused by: com.github.javaparser.resolution.UnsolvedSymbolException: Unsolved symbol in de.uka.ilkd.key.java.JavaParserFactory$DynamicTypeSolver@725185cc : java.lang.Object
	at com.github.javaparser.resolution.TypeSolver.solveType(TypeSolver.java:71)

34503      ERROR Test worker     d.u.i.k.n.b.AbstractBuilder  com.github.javaparser.resolution.UnsolvedSymbolException: Unsolved symbol in de.uka.ilkd.key.java.JavaParserFactory$DynamicTypeSolver@725185cc : java.lang.Object
	at com.github.javaparser.resolution.TypeSolver.solveType(TypeSolver.java:71)

34503      ERROR Test worker     d.u.i.k.n.b.TacletPBuilder Error in parsing taclet. de.uka.ilkd.key.util.parsing.BuildingException: Unsolved symbol in de.uka.ilkd.key.java.JavaParserFactory$DynamicTypeSolver@725185cc : java.lang.Object at file:/D:/a/key/key/key.core/build/resources/main/de/uka/ilkd/key/proof/rules/integerAssignment2UpdateRules.key:764:15
	at de.uka.ilkd.key.nparser.builder.AbstractBuilder.accept(AbstractBuilder.java:54)
Caused by: com.github.javaparser.resolution.UnsolvedSymbolException: Unsolved symbol in de.uka.ilkd.key.java.JavaParserFactory$DynamicTypeSolver@725185cc : java.lang.Object
	at com.github.javaparser.resolution.TypeSolver.solveType(TypeSolver.java:71)

34503      ERROR Test worker     d.u.i.k.n.b.AbstractBuilder  com.github.javaparser.resolution.UnsolvedSymbolException: Unsolved symbol in de.uka.ilkd.key.java.JavaParserFactory$DynamicTypeSolver@725185cc : java.lang.Object
	at com.github.javaparser.resolution.TypeSolver.solveType(TypeSolver.java:71)

34503      ERROR Test worker     d.u.i.k.n.b.TacletPBuilder Error in parsing taclet. de.uka.ilkd.key.util.parsing.BuildingException: Unsolved symbol in de.uka.ilkd.key.java.JavaParserFactory$DynamicTypeSolver@725185cc : java.lang.Object at file:/D:/a/key/key/key.core/build/resources/main/de/uka/ilkd/key/proof/rules/integerAssignment2UpdateRules.key:779:15
	at de.uka.ilkd.key.nparser.builder.AbstractBuilder.accept(AbstractBuilder.java:54)
Caused by: com.github.javaparser.resolution.UnsolvedSymbolException: Unsolved symbol in de.uka.ilkd.key.java.JavaParserFactory$DynamicTypeSolver@725185cc : java.lang.Object
	at com.github.javaparser.resolution.TypeSolver.solveType(TypeSolver.java:71)

34503      ERROR Test worker     d.u.i.k.n.b.AbstractBuilder  com.github.javaparser.resolution.UnsolvedSymbolException: Unsolved symbol in de.uka.ilkd.key.java.JavaParserFactory$DynamicTypeSolver@725185cc : java.lang.Object
	at com.github.javaparser.resolution.TypeSolver.solveType(TypeSolver.java:71)

34503      ERROR Test worker     d.u.i.k.n.b.TacletPBuilder Error in parsing taclet. de.uka.ilkd.key.util.parsing.BuildingException: Unsolved symbol in de.uka.ilkd.key.java.JavaParserFactory$DynamicTypeSolver@725185cc : java.lang.Object at file:/D:/a/key/key/key.core/build/resources/main/de/uka/ilkd/key/proof/rules/integerAssignment2UpdateRules.key:794:15
	at de.uka.ilkd.key.nparser.builder.AbstractBuilder.accept(AbstractBuilder.java:54)
Caused by: com.github.javaparser.resolution.UnsolvedSymbolException: Unsolved symbol in de.uka.ilkd.key.java.JavaParserFactory$DynamicTypeSolver@725185cc : java.lang.Object
	at com.github.javaparser.resolution.TypeSolver.solveType(TypeSolver.java:71)

34503      ERROR Test worker     d.u.i.k.n.b.AbstractBuilder  com.github.javaparser.resolution.UnsolvedSymbolException: Unsolved symbol in de.uka.ilkd.key.java.JavaParserFactory$DynamicTypeSolver@725185cc : java.lang.Object
	at com.github.javaparser.resolution.TypeSolver.solveType(TypeSolver.java:71)

34503      ERROR Test worker     d.u.i.k.n.b.TacletPBuilder Error in parsing taclet. de.uka.ilkd.key.util.parsing.BuildingException: Unsolved symbol in de.uka.ilkd.key.java.JavaParserFactory$DynamicTypeSolver@725185cc : java.lang.Object at file:/D:/a/key/key/key.core/build/resources/main/de/uka/ilkd/key/proof/rules/integerAssignment2UpdateRules.key:808:15
	at de.uka.ilkd.key.nparser.builder.AbstractBuilder.accept(AbstractBuilder.java:54)
Caused by: com.github.javaparser.resolution.UnsolvedSymbolException: Unsolved symbol in de.uka.ilkd.key.java.JavaParserFactory$DynamicTypeSolver@725185cc : java.lang.Object
	at com.github.javaparser.resolution.TypeSolver.solveType(TypeSolver.java:71)

34519      ERROR Test worker     d.u.i.k.n.b.AbstractBuilder  com.github.javaparser.resolution.UnsolvedSymbolException: Unsolved symbol in de.uka.ilkd.key.java.JavaParserFactory$DynamicTypeSolver@725185cc : java.lang.Object
	at com.github.javaparser.resolution.TypeSolver.solveType(TypeSolver.java:71)

34519      ERROR Test worker     d.u.i.k.n.b.TacletPBuilder Error in parsing taclet. de.uka.ilkd.key.util.parsing.BuildingException: Unsolved symbol in de.uka.ilkd.key.java.JavaParserFactory$DynamicTypeSolver@725185cc : java.lang.Object at file:/D:/a/key/key/key.core/build/resources/main/de/uka/ilkd/key/proof/rules/floatAssignment2UpdateRules.key:42:15
	at de.uka.ilkd.key.nparser.builder.AbstractBuilder.accept(AbstractBuilder.java:54)
Caused by: com.github.javaparser.resolution.UnsolvedSymbolException: Unsolved symbol in de.uka.ilkd.key.java.JavaParserFactory$DynamicTypeSolver@725185cc : java.lang.Object
	at com.github.javaparser.resolution.TypeSolver.solveType(TypeSolver.java:71)

34519      ERROR Test worker     d.u.i.k.n.b.AbstractBuilder  com.github.javaparser.resolution.UnsolvedSymbolException: Unsolved symbol in de.uka.ilkd.key.java.JavaParserFactory$DynamicTypeSolver@725185cc : java.lang.Object
	at com.github.javaparser.resolution.TypeSolver.solveType(TypeSolver.java:71)

34519      ERROR Test worker     d.u.i.k.n.b.TacletPBuilder Error in parsing taclet. de.uka.ilkd.key.util.parsing.BuildingException: Unsolved symbol in de.uka.ilkd.key.java.JavaParserFactory$DynamicTypeSolver@725185cc : java.lang.Object at file:/D:/a/key/key/key.core/build/resources/main/de/uka/ilkd/key/proof/rules/floatAssignment2UpdateRules.key:50:15
	at de.uka.ilkd.key.nparser.builder.AbstractBuilder.accept(AbstractBuilder.java:54)
Caused by: com.github.javaparser.resolution.UnsolvedSymbolException: Unsolved symbol in de.uka.ilkd.key.java.JavaParserFactory$DynamicTypeSolver@725185cc : java.lang.Object
	at com.github.javaparser.resolution.TypeSolver.solveType(TypeSolver.java:71)

34519      ERROR Test worker     d.u.i.k.n.b.AbstractBuilder  com.github.javaparser.resolution.UnsolvedSymbolException: Unsolved symbol in de.uka.ilkd.key.java.JavaParserFactory$DynamicTypeSolver@725185cc : java.lang.Object
	at com.github.javaparser.resolution.TypeSolver.solveType(TypeSolver.java:71)

34519      ERROR Test worker     d.u.i.k.n.b.TacletPBuilder Error in parsing taclet. de.uka.ilkd.key.util.parsing.BuildingException: Unsolved symbol in de.uka.ilkd.key.java.JavaParserFactory$DynamicTypeSolver@725185cc : java.lang.Object at file:/D:/a/key/key/key.core/build/resources/main/de/uka/ilkd/key/proof/rules/floatAssignment2UpdateRules.key:58:15
	at de.uka.ilkd.key.nparser.builder.AbstractBuilder.accept(AbstractBuilder.java:54)
Caused by: com.github.javaparser.resolution.UnsolvedSymbolException: Unsolved symbol in de.uka.ilkd.key.java.JavaParserFactory$DynamicTypeSolver@725185cc : java.lang.Object
	at com.github.javaparser.resolution.TypeSolver.solveType(TypeSolver.java:71)

34519      ERROR Test worker     d.u.i.k.n.b.AbstractBuilder  com.github.javaparser.resolution.UnsolvedSymbolException: Unsolved symbol in de.uka.ilkd.key.java.JavaParserFactory$DynamicTypeSolver@725185cc : java.lang.Object
	at com.github.javaparser.resolution.TypeSolver.solveType(TypeSolver.java:71)

34519      ERROR Test worker     d.u.i.k.n.b.TacletPBuilder Error in parsing taclet. de.uka.ilkd.key.util.parsing.BuildingException: Unsolved symbol in de.uka.ilkd.key.java.JavaParserFactory$DynamicTypeSolver@725185cc : java.lang.Object at file:/D:/a/key/key/key.core/build/resources/main/de/uka/ilkd/key/proof/rules/floatAssignment2UpdateRules.key:66:15
	at de.uka.ilkd.key.nparser.builder.AbstractBuilder.accept(AbstractBuilder.java:54)
Caused by: com.github.javaparser.resolution.UnsolvedSymbolException: Unsolved symbol in de.uka.ilkd.key.java.JavaParserFactory$DynamicTypeSolver@725185cc : java.lang.Object
	at com.github.javaparser.resolution.TypeSolver.solveType(TypeSolver.java:71)

34519      ERROR Test worker     d.u.i.k.n.b.AbstractBuilder  com.github.javaparser.resolution.UnsolvedSymbolException: Unsolved symbol in de.uka.ilkd.key.java.JavaParserFactory$DynamicTypeSolver@725185cc : java.lang.Object
	at com.github.javaparser.resolution.TypeSolver.solveType(TypeSolver.java:71)

34519      ERROR Test worker     d.u.i.k.n.b.TacletPBuilder Error in parsing taclet. de.uka.ilkd.key.util.parsing.BuildingException: Unsolved symbol in de.uka.ilkd.key.java.JavaParserFactory$DynamicTypeSolver@725185cc : java.lang.Object at file:/D:/a/key/key/key.core/build/resources/main/de/uka/ilkd/key/proof/rules/floatAssignment2UpdateRules.key:74:15
	at de.uka.ilkd.key.nparser.builder.AbstractBuilder.accept(AbstractBuilder.java:54)
Caused by: com.github.javaparser.resolution.UnsolvedSymbolException: Unsolved symbol in de.uka.ilkd.key.java.JavaParserFactory$DynamicTypeSolver@725185cc : java.lang.Object
	at com.github.javaparser.resolution.TypeSolver.solveType(TypeSolver.java:71)

34534      ERROR Test worker     d.u.i.k.n.b.AbstractBuilder  com.github.javaparser.resolution.UnsolvedSymbolException: Unsolved symbol in de.uka.ilkd.key.java.JavaParserFactory$DynamicTypeSolver@725185cc : java.lang.Object
	at com.github.javaparser.resolution.TypeSolver.solveType(TypeSolver.java:71)

34534      ERROR Test worker     d.u.i.k.n.b.TacletPBuilder Error in parsing taclet. de.uka.ilkd.key.util.parsing.BuildingException: Unsolved symbol in de.uka.ilkd.key.java.JavaParserFactory$DynamicTypeSolver@725185cc : java.lang.Object at file:/D:/a/key/key/key.core/build/resources/main/de/uka/ilkd/key/proof/rules/floatAssignment2UpdateRules.key:82:15
	at de.uka.ilkd.key.nparser.builder.AbstractBuilder.accept(AbstractBuilder.java:54)
Caused by: com.github.javaparser.resolution.UnsolvedSymbolException: Unsolved symbol in de.uka.ilkd.key.java.JavaParserFactory$DynamicTypeSolver@725185cc : java.lang.Object
	at com.github.javaparser.resolution.TypeSolver.solveType(TypeSolver.java:71)

34534      ERROR Test worker     d.u.i.k.n.b.AbstractBuilder  com.github.javaparser.resolution.UnsolvedSymbolException: Unsolved symbol in de.uka.ilkd.key.java.JavaParserFactory$DynamicTypeSolver@725185cc : java.lang.Object
	at com.github.javaparser.resolution.TypeSolver.solveType(TypeSolver.java:71)

34534      ERROR Test worker     d.u.i.k.n.b.TacletPBuilder Error in parsing taclet. de.uka.ilkd.key.util.parsing.BuildingException: Unsolved symbol in de.uka.ilkd.key.java.JavaParserFactory$DynamicTypeSolver@725185cc : java.lang.Object at file:/D:/a/key/key/key.core/build/resources/main/de/uka/ilkd/key/proof/rules/floatAssignment2UpdateRules.key:93:15
	at de.uka.ilkd.key.nparser.builder.AbstractBuilder.accept(AbstractBuilder.java:54)
Caused by: com.github.javaparser.resolution.UnsolvedSymbolException: Unsolved symbol in de.uka.ilkd.key.java.JavaParserFactory$DynamicTypeSolver@725185cc : java.lang.Object
	at com.github.javaparser.resolution.TypeSolver.solveType(TypeSolver.java:71)

34534      ERROR Test worker     d.u.i.k.n.b.AbstractBuilder  com.github.javaparser.resolution.UnsolvedSymbolException: Unsolved symbol in de.uka.ilkd.key.java.JavaParserFactory$DynamicTypeSolver@725185cc : java.lang.Object
	at com.github.javaparser.resolution.TypeSolver.solveType(TypeSolver.java:71)

34534      ERROR Test worker     d.u.i.k.n.b.TacletPBuilder Error in parsing taclet. de.uka.ilkd.key.util.parsing.BuildingException: Unsolved symbol in de.uka.ilkd.key.java.JavaParserFactory$DynamicTypeSolver@725185cc : java.lang.Object at file:/D:/a/key/key/key.core/build/resources/main/de/uka/ilkd/key/proof/rules/floatAssignment2UpdateRules.key:101:15
	at de.uka.ilkd.key.nparser.builder.AbstractBuilder.accept(AbstractBuilder.java:54)
Caused by: com.github.javaparser.resolution.UnsolvedSymbolException: Unsolved symbol in de.uka.ilkd.key.java.JavaParserFactory$DynamicTypeSolver@725185cc : java.lang.Object
	at com.github.javaparser.resolution.TypeSolver.solveType(TypeSolver.java:71)

34534      ERROR Test worker     d.u.i.k.n.b.AbstractBuilder  com.github.javaparser.resolution.UnsolvedSymbolException: Unsolved symbol in de.uka.ilkd.key.java.JavaParserFactory$DynamicTypeSolver@725185cc : java.lang.Object
	at com.github.javaparser.resolution.TypeSolver.solveType(TypeSolver.java:71)

34534      ERROR Test worker     d.u.i.k.n.b.TacletPBuilder Error in parsing taclet. de.uka.ilkd.key.util.parsing.BuildingException: Unsolved symbol in de.uka.ilkd.key.java.JavaParserFactory$DynamicTypeSolver@725185cc : java.lang.Object at file:/D:/a/key/key/key.core/build/resources/main/de/uka/ilkd/key/proof/rules/floatAssignment2UpdateRules.key:109:15
	at de.uka.ilkd.key.nparser.builder.AbstractBuilder.accept(AbstractBuilder.java:54)
Caused by: com.github.javaparser.resolution.UnsolvedSymbolException: Unsolved symbol in de.uka.ilkd.key.java.JavaParserFactory$DynamicTypeSolver@725185cc : java.lang.Object
	at com.github.javaparser.resolution.TypeSolver.solveType(TypeSolver.java:71)

34534      ERROR Test worker     d.u.i.k.n.b.AbstractBuilder  com.github.javaparser.resolution.UnsolvedSymbolException: Unsolved symbol in de.uka.ilkd.key.java.JavaParserFactory$DynamicTypeSolver@725185cc : java.lang.Object
	at com.github.javaparser.resolution.TypeSolver.solveType(TypeSolver.java:71)

34534      ERROR Test worker     d.u.i.k.n.b.TacletPBuilder Error in parsing taclet. de.uka.ilkd.key.util.parsing.BuildingException: Unsolved symbol in de.uka.ilkd.key.java.JavaParserFactory$DynamicTypeSolver@725185cc : java.lang.Object at file:/D:/a/key/key/key.core/build/resources/main/de/uka/ilkd/key/proof/rules/floatAssignment2UpdateRules.key:117:15
	at de.uka.ilkd.key.nparser.builder.AbstractBuilder.accept(AbstractBuilder.java:54)
Caused by: com.github.javaparser.resolution.UnsolvedSymbolException: Unsolved symbol in de.uka.ilkd.key.java.JavaParserFactory$DynamicTypeSolver@725185cc : java.lang.Object
	at com.github.javaparser.resolution.TypeSolver.solveType(TypeSolver.java:71)

34534      ERROR Test worker     d.u.i.k.n.b.AbstractBuilder  com.github.javaparser.resolution.UnsolvedSymbolException: Unsolved symbol in de.uka.ilkd.key.java.JavaParserFactory$DynamicTypeSolver@725185cc : java.lang.Object
	at com.github.javaparser.resolution.TypeSolver.solveType(TypeSolver.java:71)

34534      ERROR Test worker     d.u.i.k.n.b.TacletPBuilder Error in parsing taclet. de.uka.ilkd.key.util.parsing.BuildingException: Unsolved symbol in de.uka.ilkd.key.java.JavaParserFactory$DynamicTypeSolver@725185cc : java.lang.Object at file:/D:/a/key/key/key.core/build/resources/main/de/uka/ilkd/key/proof/rules/floatAssignment2UpdateRules.key:125:15
	at de.uka.ilkd.key.nparser.builder.AbstractBuilder.accept(AbstractBuilder.java:54)
Caused by: com.github.javaparser.resolution.UnsolvedSymbolException: Unsolved symbol in de.uka.ilkd.key.java.JavaParserFactory$DynamicTypeSolver@725185cc : java.lang.Object
	at com.github.javaparser.resolution.TypeSolver.solveType(TypeSolver.java:71)

34534      ERROR Test worker     d.u.i.k.n.b.AbstractBuilder  com.github.javaparser.resolution.UnsolvedSymbolException: Unsolved symbol in de.uka.ilkd.key.java.JavaParserFactory$DynamicTypeSolver@725185cc : java.lang.Object
	at com.github.javaparser.resolution.TypeSolver.solveType(TypeSolver.java:71)

34534      ERROR Test worker     d.u.i.k.n.b.TacletPBuilder Error in parsing taclet. de.uka.ilkd.key.util.parsing.BuildingException: Unsolved symbol in de.uka.ilkd.key.java.JavaParserFactory$DynamicTypeSolver@725185cc : java.lang.Object at file:/D:/a/key/key/key.core/build/resources/main/de/uka/ilkd/key/proof/rules/floatAssignment2UpdateRules.key:133:15
	at de.uka.ilkd.key.nparser.builder.AbstractBuilder.accept(AbstractBuilder.java:54)
Caused by: com.github.javaparser.resolution.UnsolvedSymbolException: Unsolved symbol in de.uka.ilkd.key.java.JavaParserFactory$DynamicTypeSolver@725185cc : java.lang.Object
	at com.github.javaparser.resolution.TypeSolver.solveType(TypeSolver.java:71)

34534      ERROR Test worker     d.u.i.k.n.b.AbstractBuilder  com.github.javaparser.resolution.UnsolvedSymbolException: Unsolved symbol in de.uka.ilkd.key.java.JavaParserFactory$DynamicTypeSolver@725185cc : java.lang.Object
	at com.github.javaparser.resolution.TypeSolver.solveType(TypeSolver.java:71)

34534      ERROR Test worker     d.u.i.k.n.b.TacletPBuilder Error in parsing taclet. de.uka.ilkd.key.util.parsing.BuildingException: Unsolved symbol in de.uka.ilkd.key.java.JavaParserFactory$DynamicTypeSolver@725185cc : java.lang.Object at file:/D:/a/key/key/key.core/build/resources/main/de/uka/ilkd/key/proof/rules/floatAssignment2UpdateRules.key:143:15
	at de.uka.ilkd.key.nparser.builder.AbstractBuilder.accept(AbstractBuilder.java:54)
Caused by: com.github.javaparser.resolution.UnsolvedSymbolException: Unsolved symbol in de.uka.ilkd.key.java.JavaParserFactory$DynamicTypeSolver@725185cc : java.lang.Object
	at com.github.javaparser.resolution.TypeSolver.solveType(TypeSolver.java:71)

34534      ERROR Test worker     d.u.i.k.n.b.AbstractBuilder  com.github.javaparser.resolution.UnsolvedSymbolException: Unsolved symbol in de.uka.ilkd.key.java.JavaParserFactory$DynamicTypeSolver@725185cc : java.lang.Object
	at com.github.javaparser.resolution.TypeSolver.solveType(TypeSolver.java:71)

34534      ERROR Test worker     d.u.i.k.n.b.TacletPBuilder Error in parsing taclet. de.uka.ilkd.key.util.parsing.BuildingException: Unsolved symbol in de.uka.ilkd.key.java.JavaParserFactory$DynamicTypeSolver@725185cc : java.lang.Object at file:/D:/a/key/key/key.core/build/resources/main/de/uka/ilkd/key/proof/rules/floatAssignment2UpdateRules.key:153:15
	at de.uka.ilkd.key.nparser.builder.AbstractBuilder.accept(AbstractBuilder.java:54)
Caused by: com.github.javaparser.resolution.UnsolvedSymbolException: Unsolved symbol in de.uka.ilkd.key.java.JavaParserFactory$DynamicTypeSolver@725185cc : java.lang.Object
	at com.github.javaparser.resolution.TypeSolver.solveType(TypeSolver.java:71)

34550      ERROR Test worker     d.u.i.k.n.b.AbstractBuilder  com.github.javaparser.resolution.UnsolvedSymbolException: Unsolved symbol in de.uka.ilkd.key.java.JavaParserFactory$DynamicTypeSolver@725185cc : java.lang.Object
	at com.github.javaparser.resolution.TypeSolver.solveType(TypeSolver.java:71)

34550      ERROR Test worker     d.u.i.k.n.b.TacletPBuilder Error in parsing taclet. de.uka.ilkd.key.util.parsing.BuildingException: Unsolved symbol in de.uka.ilkd.key.java.JavaParserFactory$DynamicTypeSolver@725185cc : java.lang.Object at file:/D:/a/key/key/key.core/build/resources/main/de/uka/ilkd/key/proof/rules/floatAssignment2UpdateRules.key:165:15
	at de.uka.ilkd.key.nparser.builder.AbstractBuilder.accept(AbstractBuilder.java:54)
Caused by: com.github.javaparser.resolution.UnsolvedSymbolException: Unsolved symbol in de.uka.ilkd.key.java.JavaParserFactory$DynamicTypeSolver@725185cc : java.lang.Object
	at com.github.javaparser.resolution.TypeSolver.solveType(TypeSolver.java:71)

34550      ERROR Test worker     d.u.i.k.n.b.AbstractBuilder  com.github.javaparser.resolution.UnsolvedSymbolException: Unsolved symbol in de.uka.ilkd.key.java.JavaParserFactory$DynamicTypeSolver@725185cc : java.lang.Object
	at com.github.javaparser.resolution.TypeSolver.solveType(TypeSolver.java:71)

34550      ERROR Test worker     d.u.i.k.n.b.TacletPBuilder Error in parsing taclet. de.uka.ilkd.key.util.parsing.BuildingException: Unsolved symbol in de.uka.ilkd.key.java.JavaParserFactory$DynamicTypeSolver@725185cc : java.lang.Object at file:/D:/a/key/key/key.core/build/resources/main/de/uka/ilkd/key/proof/rules/floatAssignment2UpdateRules.key:177:15
	at de.uka.ilkd.key.nparser.builder.AbstractBuilder.accept(AbstractBuilder.java:54)
Caused by: com.github.javaparser.resolution.UnsolvedSymbolException: Unsolved symbol in de.uka.ilkd.key.java.JavaParserFactory$DynamicTypeSolver@725185cc : java.lang.Object
	at com.github.javaparser.resolution.TypeSolver.solveType(TypeSolver.java:71)

34550      ERROR Test worker     d.u.i.k.n.b.AbstractBuilder  com.github.javaparser.resolution.UnsolvedSymbolException: Unsolved symbol in de.uka.ilkd.key.java.JavaParserFactory$DynamicTypeSolver@725185cc : java.lang.Object
	at com.github.javaparser.resolution.TypeSolver.solveType(TypeSolver.java:71)

34550      ERROR Test worker     d.u.i.k.n.b.TacletPBuilder Error in parsing taclet. de.uka.ilkd.key.util.parsing.BuildingException: Unsolved symbol in de.uka.ilkd.key.java.JavaParserFactory$DynamicTypeSolver@725185cc : java.lang.Object at file:/D:/a/key/key/key.core/build/resources/main/de/uka/ilkd/key/proof/rules/floatAssignment2UpdateRules.key:189:15
	at de.uka.ilkd.key.nparser.builder.AbstractBuilder.accept(AbstractBuilder.java:54)
Caused by: com.github.javaparser.resolution.UnsolvedSymbolException: Unsolved symbol in de.uka.ilkd.key.java.JavaParserFactory$DynamicTypeSolver@725185cc : java.lang.Object
	at com.github.javaparser.resolution.TypeSolver.solveType(TypeSolver.java:71)

34550      ERROR Test worker     d.u.i.k.n.b.AbstractBuilder  com.github.javaparser.resolution.UnsolvedSymbolException: Unsolved symbol in de.uka.ilkd.key.java.JavaParserFactory$DynamicTypeSolver@725185cc : java.lang.Object
	at com.github.javaparser.resolution.TypeSolver.solveType(TypeSolver.java:71)

34550      ERROR Test worker     d.u.i.k.n.b.TacletPBuilder Error in parsing taclet. de.uka.ilkd.key.util.parsing.BuildingException: Unsolved symbol in de.uka.ilkd.key.java.JavaParserFactory$DynamicTypeSolver@725185cc : java.lang.Object at file:/D:/a/key/key/key.core/build/resources/main/de/uka/ilkd/key/proof/rules/floatAssignment2UpdateRules.key:201:15
	at de.uka.ilkd.key.nparser.builder.AbstractBuilder.accept(AbstractBuilder.java:54)
Caused by: com.github.javaparser.resolution.UnsolvedSymbolException: Unsolved symbol in de.uka.ilkd.key.java.JavaParserFactory$DynamicTypeSolver@725185cc : java.lang.Object
	at com.github.javaparser.resolution.TypeSolver.solveType(TypeSolver.java:71)

34550      ERROR Test worker     d.u.i.k.n.b.AbstractBuilder  com.github.javaparser.resolution.UnsolvedSymbolException: Unsolved symbol in de.uka.ilkd.key.java.JavaParserFactory$DynamicTypeSolver@725185cc : java.lang.Object
	at com.github.javaparser.resolution.TypeSolver.solveType(TypeSolver.java:71)

34550      ERROR Test worker     d.u.i.k.n.b.TacletPBuilder Error in parsing taclet. de.uka.ilkd.key.util.parsing.BuildingException: Unsolved symbol in de.uka.ilkd.key.java.JavaParserFactory$DynamicTypeSolver@725185cc : java.lang.Object at file:/D:/a/key/key/key.core/build/resources/main/de/uka/ilkd/key/proof/rules/floatAssignment2UpdateRules.key:214:15
	at de.uka.ilkd.key.nparser.builder.AbstractBuilder.accept(AbstractBuilder.java:54)
Caused by: com.github.javaparser.resolution.UnsolvedSymbolException: Unsolved symbol in de.uka.ilkd.key.java.JavaParserFactory$DynamicTypeSolver@725185cc : java.lang.Object
	at com.github.javaparser.resolution.TypeSolver.solveType(TypeSolver.java:71)

34550      ERROR Test worker     d.u.i.k.n.b.AbstractBuilder  com.github.javaparser.resolution.UnsolvedSymbolException: Unsolved symbol in de.uka.ilkd.key.java.JavaParserFactory$DynamicTypeSolver@725185cc : java.lang.Object
	at com.github.javaparser.resolution.TypeSolver.solveType(TypeSolver.java:71)

34550      ERROR Test worker     d.u.i.k.n.b.TacletPBuilder Error in parsing taclet. de.uka.ilkd.key.util.parsing.BuildingException: Unsolved symbol in de.uka.ilkd.key.java.JavaParserFactory$DynamicTypeSolver@725185cc : java.lang.Object at file:/D:/a/key/key/key.core/build/resources/main/de/uka/ilkd/key/proof/rules/floatAssignment2UpdateRules.key:226:15
	at de.uka.ilkd.key.nparser.builder.AbstractBuilder.accept(AbstractBuilder.java:54)
Caused by: com.github.javaparser.resolution.UnsolvedSymbolException: Unsolved symbol in de.uka.ilkd.key.java.JavaParserFactory$DynamicTypeSolver@725185cc : java.lang.Object
	at com.github.javaparser.resolution.TypeSolver.solveType(TypeSolver.java:71)

34550      ERROR Test worker     d.u.i.k.n.b.AbstractBuilder  com.github.javaparser.resolution.UnsolvedSymbolException: Unsolved symbol in de.uka.ilkd.key.java.JavaParserFactory$DynamicTypeSolver@725185cc : java.lang.Object
	at com.github.javaparser.resolution.TypeSolver.solveType(TypeSolver.java:71)

34550      ERROR Test worker     d.u.i.k.n.b.TacletPBuilder Error in parsing taclet. de.uka.ilkd.key.util.parsing.BuildingException: Unsolved symbol in de.uka.ilkd.key.java.JavaParserFactory$DynamicTypeSolver@725185cc : java.lang.Object at file:/D:/a/key/key/key.core/build/resources/main/de/uka/ilkd/key/proof/rules/floatAssignment2UpdateRules.key:238:15
	at de.uka.ilkd.key.nparser.builder.AbstractBuilder.accept(AbstractBuilder.java:54)
Caused by: com.github.javaparser.resolution.UnsolvedSymbolException: Unsolved symbol in de.uka.ilkd.key.java.JavaParserFactory$DynamicTypeSolver@725185cc : java.lang.Object
	at com.github.javaparser.resolution.TypeSolver.solveType(TypeSolver.java:71)

34550      ERROR Test worker     d.u.i.k.n.b.AbstractBuilder  com.github.javaparser.resolution.UnsolvedSymbolException: Unsolved symbol in de.uka.ilkd.key.java.JavaParserFactory$DynamicTypeSolver@725185cc : java.lang.Object
	at com.github.javaparser.resolution.TypeSolver.solveType(TypeSolver.java:71)

34550      ERROR Test worker     d.u.i.k.n.b.TacletPBuilder Error in parsing taclet. de.uka.ilkd.key.util.parsing.BuildingException: Unsolved symbol in de.uka.ilkd.key.java.JavaParserFactory$DynamicTypeSolver@725185cc : java.lang.Object at file:/D:/a/key/key/key.core/build/resources/main/de/uka/ilkd/key/proof/rules/floatAssignment2UpdateRules.key:250:15
	at de.uka.ilkd.key.nparser.builder.AbstractBuilder.accept(AbstractBuilder.java:54)
Caused by: com.github.javaparser.resolution.UnsolvedSymbolException: Unsolved symbol in de.uka.ilkd.key.java.JavaParserFactory$DynamicTypeSolver@725185cc : java.lang.Object
	at com.github.javaparser.resolution.TypeSolver.solveType(TypeSolver.java:71)

34550      ERROR Test worker     d.u.i.k.n.b.AbstractBuilder  com.github.javaparser.resolution.UnsolvedSymbolException: Unsolved symbol in de.uka.ilkd.key.java.JavaParserFactory$DynamicTypeSolver@725185cc : java.lang.Object
	at com.github.javaparser.resolution.TypeSolver.solveType(TypeSolver.java:71)

34550      ERROR Test worker     d.u.i.k.n.b.TacletPBuilder Error in parsing taclet. de.uka.ilkd.key.util.parsing.BuildingException: Unsolved symbol in de.uka.ilkd.key.java.JavaParserFactory$DynamicTypeSolver@725185cc : java.lang.Object at file:/D:/a/key/key/key.core/build/resources/main/de/uka/ilkd/key/proof/rules/floatAssignment2UpdateRules.key:264:15
	at de.uka.ilkd.key.nparser.builder.AbstractBuilder.accept(AbstractBuilder.java:54)
Caused by: com.github.javaparser.resolution.UnsolvedSymbolException: Unsolved symbol in de.uka.ilkd.key.java.JavaParserFactory$DynamicTypeSolver@725185cc : java.lang.Object
	at com.github.javaparser.resolution.TypeSolver.solveType(TypeSolver.java:71)

34566      ERROR Test worker     d.u.i.k.n.b.AbstractBuilder  com.github.javaparser.resolution.UnsolvedSymbolException: Unsolved symbol in de.uka.ilkd.key.java.JavaParserFactory$DynamicTypeSolver@725185cc : java.lang.Object
	at com.github.javaparser.resolution.TypeSolver.solveType(TypeSolver.java:71)

34566      ERROR Test worker     d.u.i.k.n.b.TacletPBuilder Error in parsing taclet. de.uka.ilkd.key.util.parsing.BuildingException: Unsolved symbol in de.uka.ilkd.key.java.JavaParserFactory$DynamicTypeSolver@725185cc : java.lang.Object at file:/D:/a/key/key/key.core/build/resources/main/de/uka/ilkd/key/proof/rules/floatAssignment2UpdateRules.key:276:15
	at de.uka.ilkd.key.nparser.builder.AbstractBuilder.accept(AbstractBuilder.java:54)
Caused by: com.github.javaparser.resolution.UnsolvedSymbolException: Unsolved symbol in de.uka.ilkd.key.java.JavaParserFactory$DynamicTypeSolver@725185cc : java.lang.Object
	at com.github.javaparser.resolution.TypeSolver.solveType(TypeSolver.java:71)

34566      ERROR Test worker     d.u.i.k.n.b.AbstractBuilder  com.github.javaparser.resolution.UnsolvedSymbolException: Unsolved symbol in de.uka.ilkd.key.java.JavaParserFactory$DynamicTypeSolver@725185cc : java.lang.Object
	at com.github.javaparser.resolution.TypeSolver.solveType(TypeSolver.java:71)

34566      ERROR Test worker     d.u.i.k.n.b.TacletPBuilder Error in parsing taclet. de.uka.ilkd.key.util.parsing.BuildingException: Unsolved symbol in de.uka.ilkd.key.java.JavaParserFactory$DynamicTypeSolver@725185cc : java.lang.Object at file:/D:/a/key/key/key.core/build/resources/main/de/uka/ilkd/key/proof/rules/floatAssignment2UpdateRules.key:288:15
	at de.uka.ilkd.key.nparser.builder.AbstractBuilder.accept(AbstractBuilder.java:54)
Caused by: com.github.javaparser.resolution.UnsolvedSymbolException: Unsolved symbol in de.uka.ilkd.key.java.JavaParserFactory$DynamicTypeSolver@725185cc : java.lang.Object
	at com.github.javaparser.resolution.TypeSolver.solveType(TypeSolver.java:71)

34566      ERROR Test worker     d.u.i.k.n.b.AbstractBuilder  com.github.javaparser.resolution.UnsolvedSymbolException: Unsolved symbol in de.uka.ilkd.key.java.JavaParserFactory$DynamicTypeSolver@725185cc : java.lang.Object
	at com.github.javaparser.resolution.TypeSolver.solveType(TypeSolver.java:71)

34566      ERROR Test worker     d.u.i.k.n.b.TacletPBuilder Error in parsing taclet. de.uka.ilkd.key.util.parsing.BuildingException: Unsolved symbol in de.uka.ilkd.key.java.JavaParserFactory$DynamicTypeSolver@725185cc : java.lang.Object at file:/D:/a/key/key/key.core/build/resources/main/de/uka/ilkd/key/proof/rules/floatAssignment2UpdateRules.key:300:15
	at de.uka.ilkd.key.nparser.builder.AbstractBuilder.accept(AbstractBuilder.java:54)
Caused by: com.github.javaparser.resolution.UnsolvedSymbolException: Unsolved symbol in de.uka.ilkd.key.java.JavaParserFactory$DynamicTypeSolver@725185cc : java.lang.Object
	at com.github.javaparser.resolution.TypeSolver.solveType(TypeSolver.java:71)

34566      ERROR Test worker     d.u.i.k.n.b.AbstractBuilder  com.github.javaparser.resolution.UnsolvedSymbolException: Unsolved symbol in de.uka.ilkd.key.java.JavaParserFactory$DynamicTypeSolver@725185cc : java.lang.Object
	at com.github.javaparser.resolution.TypeSolver.solveType(TypeSolver.java:71)

34566      ERROR Test worker     d.u.i.k.n.b.TacletPBuilder Error in parsing taclet. de.uka.ilkd.key.util.parsing.BuildingException: Unsolved symbol in de.uka.ilkd.key.java.JavaParserFactory$DynamicTypeSolver@725185cc : java.lang.Object at file:/D:/a/key/key/key.core/build/resources/main/de/uka/ilkd/key/proof/rules/floatAssignment2UpdateRules.key:312:15
	at de.uka.ilkd.key.nparser.builder.AbstractBuilder.accept(AbstractBuilder.java:54)
Caused by: com.github.javaparser.resolution.UnsolvedSymbolException: Unsolved symbol in de.uka.ilkd.key.java.JavaParserFactory$DynamicTypeSolver@725185cc : java.lang.Object
	at com.github.javaparser.resolution.TypeSolver.solveType(TypeSolver.java:71)

34566      ERROR Test worker     d.u.i.k.n.b.AbstractBuilder  com.github.javaparser.resolution.UnsolvedSymbolException: Unsolved symbol in de.uka.ilkd.key.java.JavaParserFactory$DynamicTypeSolver@725185cc : java.lang.Object
	at com.github.javaparser.resolution.TypeSolver.solveType(TypeSolver.java:71)

34566      ERROR Test worker     d.u.i.k.n.b.TacletPBuilder Error in parsing taclet. de.uka.ilkd.key.util.parsing.BuildingException: Unsolved symbol in de.uka.ilkd.key.java.JavaParserFactory$DynamicTypeSolver@725185cc : java.lang.Object at file:/D:/a/key/key/key.core/build/resources/main/de/uka/ilkd/key/proof/rules/floatAssignment2UpdateRules.key:324:15
	at de.uka.ilkd.key.nparser.builder.AbstractBuilder.accept(AbstractBuilder.java:54)
Caused by: com.github.javaparser.resolution.UnsolvedSymbolException: Unsolved symbol in de.uka.ilkd.key.java.JavaParserFactory$DynamicTypeSolver@725185cc : java.lang.Object
	at com.github.javaparser.resolution.TypeSolver.solveType(TypeSolver.java:71)

34566      ERROR Test worker     d.u.i.k.n.b.AbstractBuilder  com.github.javaparser.resolution.UnsolvedSymbolException: Unsolved symbol in de.uka.ilkd.key.java.JavaParserFactory$DynamicTypeSolver@725185cc : java.lang.Object
	at com.github.javaparser.resolution.TypeSolver.solveType(TypeSolver.java:71)

34566      ERROR Test worker     d.u.i.k.n.b.TacletPBuilder Error in parsing taclet. de.uka.ilkd.key.util.parsing.BuildingException: Unsolved symbol in de.uka.ilkd.key.java.JavaParserFactory$DynamicTypeSolver@725185cc : java.lang.Object at file:/D:/a/key/key/key.core/build/resources/main/de/uka/ilkd/key/proof/rules/floatAssignment2UpdateRules.key:336:15
	at de.uka.ilkd.key.nparser.builder.AbstractBuilder.accept(AbstractBuilder.java:54)
Caused by: com.github.javaparser.resolution.UnsolvedSymbolException: Unsolved symbol in de.uka.ilkd.key.java.JavaParserFactory$DynamicTypeSolver@725185cc : java.lang.Object
	at com.github.javaparser.resolution.TypeSolver.solveType(TypeSolver.java:71)

34566      ERROR Test worker     d.u.i.k.n.b.AbstractBuilder  com.github.javaparser.resolution.UnsolvedSymbolException: Unsolved symbol in de.uka.ilkd.key.java.JavaParserFactory$DynamicTypeSolver@725185cc : java.lang.Object
	at com.github.javaparser.resolution.TypeSolver.solveType(TypeSolver.java:71)

34566      ERROR Test worker     d.u.i.k.n.b.TacletPBuilder Error in parsing taclet. de.uka.ilkd.key.util.parsing.BuildingException: Unsolved symbol in de.uka.ilkd.key.java.JavaParserFactory$DynamicTypeSolver@725185cc : java.lang.Object at file:/D:/a/key/key/key.core/build/resources/main/de/uka/ilkd/key/proof/rules/floatAssignment2UpdateRules.key:348:15
	at de.uka.ilkd.key.nparser.builder.AbstractBuilder.accept(AbstractBuilder.java:54)
Caused by: com.github.javaparser.resolution.UnsolvedSymbolException: Unsolved symbol in de.uka.ilkd.key.java.JavaParserFactory$DynamicTypeSolver@725185cc : java.lang.Object
	at com.github.javaparser.resolution.TypeSolver.solveType(TypeSolver.java:71)

34566      ERROR Test worker     d.u.i.k.n.b.AbstractBuilder  com.github.javaparser.resolution.UnsolvedSymbolException: Unsolved symbol in de.uka.ilkd.key.java.JavaParserFactory$DynamicTypeSolver@725185cc : java.lang.Object
	at com.github.javaparser.resolution.TypeSolver.solveType(TypeSolver.java:71)

34566      ERROR Test worker     d.u.i.k.n.b.TacletPBuilder Error in parsing taclet. de.uka.ilkd.key.util.parsing.BuildingException: Unsolved symbol in de.uka.ilkd.key.java.JavaParserFactory$DynamicTypeSolver@725185cc : java.lang.Object at file:/D:/a/key/key/key.core/build/resources/main/de/uka/ilkd/key/proof/rules/floatAssignment2UpdateRules.key:361:15
	at de.uka.ilkd.key.nparser.builder.AbstractBuilder.accept(AbstractBuilder.java:54)
Caused by: com.github.javaparser.resolution.UnsolvedSymbolException: Unsolved symbol in de.uka.ilkd.key.java.JavaParserFactory$DynamicTypeSolver@725185cc : java.lang.Object
	at com.github.javaparser.resolution.TypeSolver.solveType(TypeSolver.java:71)

34566      ERROR Test worker     d.u.i.k.n.b.AbstractBuilder  com.github.javaparser.resolution.UnsolvedSymbolException: Unsolved symbol in de.uka.ilkd.key.java.JavaParserFactory$DynamicTypeSolver@725185cc : java.lang.Object
	at com.github.javaparser.resolution.TypeSolver.solveType(TypeSolver.java:71)

34566      ERROR Test worker     d.u.i.k.n.b.TacletPBuilder Error in parsing taclet. de.uka.ilkd.key.util.parsing.BuildingException: Unsolved symbol in de.uka.ilkd.key.java.JavaParserFactory$DynamicTypeSolver@725185cc : java.lang.Object at file:/D:/a/key/key/key.core/build/resources/main/de/uka/ilkd/key/proof/rules/floatAssignment2UpdateRules.key:372:15
	at de.uka.ilkd.key.nparser.builder.AbstractBuilder.accept(AbstractBuilder.java:54)
Caused by: com.github.javaparser.resolution.UnsolvedSymbolException: Unsolved symbol in de.uka.ilkd.key.java.JavaParserFactory$DynamicTypeSolver@725185cc : java.lang.Object
	at com.github.javaparser.resolution.TypeSolver.solveType(TypeSolver.java:71)

34581      ERROR Test worker     d.u.i.k.n.b.AbstractBuilder  com.github.javaparser.resolution.UnsolvedSymbolException: Unsolved symbol in de.uka.ilkd.key.java.JavaParserFactory$DynamicTypeSolver@725185cc : java.lang.Object
	at com.github.javaparser.resolution.TypeSolver.solveType(TypeSolver.java:71)

34581      ERROR Test worker     d.u.i.k.n.b.TacletPBuilder Error in parsing taclet. de.uka.ilkd.key.util.parsing.BuildingException: Unsolved symbol in de.uka.ilkd.key.java.JavaParserFactory$DynamicTypeSolver@725185cc : java.lang.Object at file:/D:/a/key/key/key.core/build/resources/main/de/uka/ilkd/key/proof/rules/floatAssignment2UpdateRules.key:385:15
	at de.uka.ilkd.key.nparser.builder.AbstractBuilder.accept(AbstractBuilder.java:54)
Caused by: com.github.javaparser.resolution.UnsolvedSymbolException: Unsolved symbol in de.uka.ilkd.key.java.JavaParserFactory$DynamicTypeSolver@725185cc : java.lang.Object
	at com.github.javaparser.resolution.TypeSolver.solveType(TypeSolver.java:71)

34581      ERROR Test worker     d.u.i.k.n.b.AbstractBuilder  com.github.javaparser.resolution.UnsolvedSymbolException: Unsolved symbol in de.uka.ilkd.key.java.JavaParserFactory$DynamicTypeSolver@725185cc : java.lang.Object
	at com.github.javaparser.resolution.TypeSolver.solveType(TypeSolver.java:71)

34581      ERROR Test worker     d.u.i.k.n.b.TacletPBuilder Error in parsing taclet. de.uka.ilkd.key.util.parsing.BuildingException: Unsolved symbol in de.uka.ilkd.key.java.JavaParserFactory$DynamicTypeSolver@725185cc : java.lang.Object at file:/D:/a/key/key/key.core/build/resources/main/de/uka/ilkd/key/proof/rules/floatAssignment2UpdateRules.key:397:15
	at de.uka.ilkd.key.nparser.builder.AbstractBuilder.accept(AbstractBuilder.java:54)
Caused by: com.github.javaparser.resolution.UnsolvedSymbolException: Unsolved symbol in de.uka.ilkd.key.java.JavaParserFactory$DynamicTypeSolver@725185cc : java.lang.Object
	at com.github.javaparser.resolution.TypeSolver.solveType(TypeSolver.java:71)

34581      ERROR Test worker     d.u.i.k.n.b.AbstractBuilder  com.github.javaparser.resolution.UnsolvedSymbolException: Unsolved symbol in de.uka.ilkd.key.java.JavaParserFactory$DynamicTypeSolver@725185cc : java.lang.Object
	at com.github.javaparser.resolution.TypeSolver.solveType(TypeSolver.java:71)

34581      ERROR Test worker     d.u.i.k.n.b.TacletPBuilder Error in parsing taclet. de.uka.ilkd.key.util.parsing.BuildingException: Unsolved symbol in de.uka.ilkd.key.java.JavaParserFactory$DynamicTypeSolver@725185cc : java.lang.Object at file:/D:/a/key/key/key.core/build/resources/main/de/uka/ilkd/key/proof/rules/floatAssignment2UpdateRules.key:407:15
	at de.uka.ilkd.key.nparser.builder.AbstractBuilder.accept(AbstractBuilder.java:54)
Caused by: com.github.javaparser.resolution.UnsolvedSymbolException: Unsolved symbol in de.uka.ilkd.key.java.JavaParserFactory$DynamicTypeSolver@725185cc : java.lang.Object
	at com.github.javaparser.resolution.TypeSolver.solveType(TypeSolver.java:71)

34581      ERROR Test worker     d.u.i.k.n.b.AbstractBuilder  com.github.javaparser.resolution.UnsolvedSymbolException: Unsolved symbol in de.uka.ilkd.key.java.JavaParserFactory$DynamicTypeSolver@725185cc : java.lang.Object
	at com.github.javaparser.resolution.TypeSolver.solveType(TypeSolver.java:71)

34581      ERROR Test worker     d.u.i.k.n.b.TacletPBuilder Error in parsing taclet. de.uka.ilkd.key.util.parsing.BuildingException: Unsolved symbol in de.uka.ilkd.key.java.JavaParserFactory$DynamicTypeSolver@725185cc : java.lang.Object at file:/D:/a/key/key/key.core/build/resources/main/de/uka/ilkd/key/proof/rules/floatAssignment2UpdateRules.key:421:15
	at de.uka.ilkd.key.nparser.builder.AbstractBuilder.accept(AbstractBuilder.java:54)
Caused by: com.github.javaparser.resolution.UnsolvedSymbolException: Unsolved symbol in de.uka.ilkd.key.java.JavaParserFactory$DynamicTypeSolver@725185cc : java.lang.Object
	at com.github.javaparser.resolution.TypeSolver.solveType(TypeSolver.java:71)

34581      ERROR Test worker     d.u.i.k.n.b.AbstractBuilder  com.github.javaparser.resolution.UnsolvedSymbolException: Unsolved symbol in de.uka.ilkd.key.java.JavaParserFactory$DynamicTypeSolver@725185cc : java.lang.Object
	at com.github.javaparser.resolution.TypeSolver.solveType(TypeSolver.java:71)

34581      ERROR Test worker     d.u.i.k.n.b.TacletPBuilder Error in parsing taclet. de.uka.ilkd.key.util.parsing.BuildingException: Unsolved symbol in de.uka.ilkd.key.java.JavaParserFactory$DynamicTypeSolver@725185cc : java.lang.Object at file:/D:/a/key/key/key.core/build/resources/main/de/uka/ilkd/key/proof/rules/floatAssignment2UpdateRules.key:431:15
	at de.uka.ilkd.key.nparser.builder.AbstractBuilder.accept(AbstractBuilder.java:54)
Caused by: com.github.javaparser.resolution.UnsolvedSymbolException: Unsolved symbol in de.uka.ilkd.key.java.JavaParserFactory$DynamicTypeSolver@725185cc : java.lang.Object
	at com.github.javaparser.resolution.TypeSolver.solveType(TypeSolver.java:71)

34581      ERROR Test worker     d.u.i.k.n.b.AbstractBuilder  com.github.javaparser.resolution.UnsolvedSymbolException: Unsolved symbol in de.uka.ilkd.key.java.JavaParserFactory$DynamicTypeSolver@725185cc : java.lang.Object
	at com.github.javaparser.resolution.TypeSolver.solveType(TypeSolver.java:71)

34581      ERROR Test worker     d.u.i.k.n.b.TacletPBuilder Error in parsing taclet. de.uka.ilkd.key.util.parsing.BuildingException: Unsolved symbol in de.uka.ilkd.key.java.JavaParserFactory$DynamicTypeSolver@725185cc : java.lang.Object at file:/D:/a/key/key/key.core/build/resources/main/de/uka/ilkd/key/proof/rules/floatAssignment2UpdateRules.key:441:15
	at de.uka.ilkd.key.nparser.builder.AbstractBuilder.accept(AbstractBuilder.java:54)
Caused by: com.github.javaparser.resolution.UnsolvedSymbolException: Unsolved symbol in de.uka.ilkd.key.java.JavaParserFactory$DynamicTypeSolver@725185cc : java.lang.Object
	at com.github.javaparser.resolution.TypeSolver.solveType(TypeSolver.java:71)

34581      ERROR Test worker     d.u.i.k.n.b.AbstractBuilder  com.github.javaparser.resolution.UnsolvedSymbolException: Unsolved symbol in de.uka.ilkd.key.java.JavaParserFactory$DynamicTypeSolver@725185cc : java.lang.Object
	at com.github.javaparser.resolution.TypeSolver.solveType(TypeSolver.java:71)

34581      ERROR Test worker     d.u.i.k.n.b.TacletPBuilder Error in parsing taclet. de.uka.ilkd.key.util.parsing.BuildingException: Unsolved symbol in de.uka.ilkd.key.java.JavaParserFactory$DynamicTypeSolver@725185cc : java.lang.Object at file:/D:/a/key/key/key.core/build/resources/main/de/uka/ilkd/key/proof/rules/floatAssignment2UpdateRules.key:452:15
	at de.uka.ilkd.key.nparser.builder.AbstractBuilder.accept(AbstractBuilder.java:54)
Caused by: com.github.javaparser.resolution.UnsolvedSymbolException: Unsolved symbol in de.uka.ilkd.key.java.JavaParserFactory$DynamicTypeSolver@725185cc : java.lang.Object
	at com.github.javaparser.resolution.TypeSolver.solveType(TypeSolver.java:71)

34581      ERROR Test worker     d.u.i.k.n.b.AbstractBuilder  com.github.javaparser.resolution.UnsolvedSymbolException: Unsolved symbol in de.uka.ilkd.key.java.JavaParserFactory$DynamicTypeSolver@725185cc : java.lang.Object
	at com.github.javaparser.resolution.TypeSolver.solveType(TypeSolver.java:71)

34581      ERROR Test worker     d.u.i.k.n.b.TacletPBuilder Error in parsing taclet. de.uka.ilkd.key.util.parsing.BuildingException: Unsolved symbol in de.uka.ilkd.key.java.JavaParserFactory$DynamicTypeSolver@725185cc : java.lang.Object at file:/D:/a/key/key/key.core/build/resources/main/de/uka/ilkd/key/proof/rules/floatAssignment2UpdateRules.key:463:15
	at de.uka.ilkd.key.nparser.builder.AbstractBuilder.accept(AbstractBuilder.java:54)
Caused by: com.github.javaparser.resolution.UnsolvedSymbolException: Unsolved symbol in de.uka.ilkd.key.java.JavaParserFactory$DynamicTypeSolver@725185cc : java.lang.Object
	at com.github.javaparser.resolution.TypeSolver.solveType(TypeSolver.java:71)

34581      ERROR Test worker     d.u.i.k.n.b.AbstractBuilder  com.github.javaparser.resolution.UnsolvedSymbolException: Unsolved symbol in de.uka.ilkd.key.java.JavaParserFactory$DynamicTypeSolver@725185cc : java.lang.Object
	at com.github.javaparser.resolution.TypeSolver.solveType(TypeSolver.java:71)

34581      ERROR Test worker     d.u.i.k.n.b.TacletPBuilder Error in parsing taclet. de.uka.ilkd.key.util.parsing.BuildingException: Unsolved symbol in de.uka.ilkd.key.java.JavaParserFactory$DynamicTypeSolver@725185cc : java.lang.Object at file:/D:/a/key/key/key.core/build/resources/main/de/uka/ilkd/key/proof/rules/floatAssignment2UpdateRules.key:473:15
	at de.uka.ilkd.key.nparser.builder.AbstractBuilder.accept(AbstractBuilder.java:54)
Caused by: com.github.javaparser.resolution.UnsolvedSymbolException: Unsolved symbol in de.uka.ilkd.key.java.JavaParserFactory$DynamicTypeSolver@725185cc : java.lang.Object
	at com.github.javaparser.resolution.TypeSolver.solveType(TypeSolver.java:71)

34597      ERROR Test worker     d.u.i.k.n.b.AbstractBuilder  com.github.javaparser.resolution.UnsolvedSymbolException: Unsolved symbol in de.uka.ilkd.key.java.JavaParserFactory$DynamicTypeSolver@725185cc : java.lang.Object
	at com.github.javaparser.resolution.TypeSolver.solveType(TypeSolver.java:71)

34597      ERROR Test worker     d.u.i.k.n.b.TacletPBuilder Error in parsing taclet. de.uka.ilkd.key.util.parsing.BuildingException: Unsolved symbol in de.uka.ilkd.key.java.JavaParserFactory$DynamicTypeSolver@725185cc : java.lang.Object at file:/D:/a/key/key/key.core/build/resources/main/de/uka/ilkd/key/proof/rules/floatAssignment2UpdateRules.key:485:15
	at de.uka.ilkd.key.nparser.builder.AbstractBuilder.accept(AbstractBuilder.java:54)
Caused by: com.github.javaparser.resolution.UnsolvedSymbolException: Unsolved symbol in de.uka.ilkd.key.java.JavaParserFactory$DynamicTypeSolver@725185cc : java.lang.Object
	at com.github.javaparser.resolution.TypeSolver.solveType(TypeSolver.java:71)

34597      ERROR Test worker     d.u.i.k.n.b.AbstractBuilder  com.github.javaparser.resolution.UnsolvedSymbolException: Unsolved symbol in de.uka.ilkd.key.java.JavaParserFactory$DynamicTypeSolver@725185cc : java.lang.Object
	at com.github.javaparser.resolution.TypeSolver.solveType(TypeSolver.java:71)

34597      ERROR Test worker     d.u.i.k.n.b.TacletPBuilder Error in parsing taclet. de.uka.ilkd.key.util.parsing.BuildingException: Unsolved symbol in de.uka.ilkd.key.java.JavaParserFactory$DynamicTypeSolver@725185cc : java.lang.Object at file:/D:/a/key/key/key.core/build/resources/main/de/uka/ilkd/key/proof/rules/floatAssignment2UpdateRules.key:493:15
	at de.uka.ilkd.key.nparser.builder.AbstractBuilder.accept(AbstractBuilder.java:54)
Caused by: com.github.javaparser.resolution.UnsolvedSymbolException: Unsolved symbol in de.uka.ilkd.key.java.JavaParserFactory$DynamicTypeSolver@725185cc : java.lang.Object
	at com.github.javaparser.resolution.TypeSolver.solveType(TypeSolver.java:71)

34597      ERROR Test worker     d.u.i.k.n.b.AbstractBuilder  com.github.javaparser.resolution.UnsolvedSymbolException: Unsolved symbol in de.uka.ilkd.key.java.JavaParserFactory$DynamicTypeSolver@725185cc : java.lang.Object
	at com.github.javaparser.resolution.TypeSolver.solveType(TypeSolver.java:71)

34597      ERROR Test worker     d.u.i.k.n.b.TacletPBuilder Error in parsing taclet. de.uka.ilkd.key.util.parsing.BuildingException: Unsolved symbol in de.uka.ilkd.key.java.JavaParserFactory$DynamicTypeSolver@725185cc : java.lang.Object at file:/D:/a/key/key/key.core/build/resources/main/de/uka/ilkd/key/proof/rules/bigint.key:22:15
	at de.uka.ilkd.key.nparser.builder.AbstractBuilder.accept(AbstractBuilder.java:54)
Caused by: com.github.javaparser.resolution.UnsolvedSymbolException: Unsolved symbol in de.uka.ilkd.key.java.JavaParserFactory$DynamicTypeSolver@725185cc : java.lang.Object
	at com.github.javaparser.resolution.TypeSolver.solveType(TypeSolver.java:71)

34597      ERROR Test worker     d.u.i.k.n.b.AbstractBuilder  com.github.javaparser.resolution.UnsolvedSymbolException: Unsolved symbol in de.uka.ilkd.key.java.JavaParserFactory$DynamicTypeSolver@725185cc : java.lang.Object
	at com.github.javaparser.resolution.TypeSolver.solveType(TypeSolver.java:71)

34597      ERROR Test worker     d.u.i.k.n.b.TacletPBuilder Error in parsing taclet. de.uka.ilkd.key.util.parsing.BuildingException: Unsolved symbol in de.uka.ilkd.key.java.JavaParserFactory$DynamicTypeSolver@725185cc : java.lang.Object at file:/D:/a/key/key/key.core/build/resources/main/de/uka/ilkd/key/proof/rules/bigint.key:31:15
	at de.uka.ilkd.key.nparser.builder.AbstractBuilder.accept(AbstractBuilder.java:54)
Caused by: com.github.javaparser.resolution.UnsolvedSymbolException: Unsolved symbol in de.uka.ilkd.key.java.JavaParserFactory$DynamicTypeSolver@725185cc : java.lang.Object
	at com.github.javaparser.resolution.TypeSolver.solveType(TypeSolver.java:71)

34597      ERROR Test worker     d.u.i.k.n.b.AbstractBuilder  com.github.javaparser.resolution.UnsolvedSymbolException: Unsolved symbol in de.uka.ilkd.key.java.JavaParserFactory$DynamicTypeSolver@725185cc : java.lang.Object
	at com.github.javaparser.resolution.TypeSolver.solveType(TypeSolver.java:71)

34597      ERROR Test worker     d.u.i.k.n.b.TacletPBuilder Error in parsing taclet. de.uka.ilkd.key.util.parsing.BuildingException: Unsolved symbol in de.uka.ilkd.key.java.JavaParserFactory$DynamicTypeSolver@725185cc : java.lang.Object at file:/D:/a/key/key/key.core/build/resources/main/de/uka/ilkd/key/proof/rules/bigint.key:42:15
	at de.uka.ilkd.key.nparser.builder.AbstractBuilder.accept(AbstractBuilder.java:54)
Caused by: com.github.javaparser.resolution.UnsolvedSymbolException: Unsolved symbol in de.uka.ilkd.key.java.JavaParserFactory$DynamicTypeSolver@725185cc : java.lang.Object
	at com.github.javaparser.resolution.TypeSolver.solveType(TypeSolver.java:71)

34597      ERROR Test worker     d.u.i.k.n.b.AbstractBuilder  com.github.javaparser.resolution.UnsolvedSymbolException: Unsolved symbol in de.uka.ilkd.key.java.JavaParserFactory$DynamicTypeSolver@725185cc : java.lang.Object
	at com.github.javaparser.resolution.TypeSolver.solveType(TypeSolver.java:71)

34597      ERROR Test worker     d.u.i.k.n.b.TacletPBuilder Error in parsing taclet. de.uka.ilkd.key.util.parsing.BuildingException: Unsolved symbol in de.uka.ilkd.key.java.JavaParserFactory$DynamicTypeSolver@725185cc : java.lang.Object at file:/D:/a/key/key/key.core/build/resources/main/de/uka/ilkd/key/proof/rules/bigint.key:53:15
	at de.uka.ilkd.key.nparser.builder.AbstractBuilder.accept(AbstractBuilder.java:54)
Caused by: com.github.javaparser.resolution.UnsolvedSymbolException: Unsolved symbol in de.uka.ilkd.key.java.JavaParserFactory$DynamicTypeSolver@725185cc : java.lang.Object
	at com.github.javaparser.resolution.TypeSolver.solveType(TypeSolver.java:71)

34597      ERROR Test worker     d.u.i.k.n.b.AbstractBuilder  com.github.javaparser.resolution.UnsolvedSymbolException: Unsolved symbol in de.uka.ilkd.key.java.JavaParserFactory$DynamicTypeSolver@725185cc : java.lang.Object
	at com.github.javaparser.resolution.TypeSolver.solveType(TypeSolver.java:71)

34597      ERROR Test worker     d.u.i.k.n.b.TacletPBuilder Error in parsing taclet. de.uka.ilkd.key.util.parsing.BuildingException: Unsolved symbol in de.uka.ilkd.key.java.JavaParserFactory$DynamicTypeSolver@725185cc : java.lang.Object at file:/D:/a/key/key/key.core/build/resources/main/de/uka/ilkd/key/proof/rules/bigint.key:63:15
	at de.uka.ilkd.key.nparser.builder.AbstractBuilder.accept(AbstractBuilder.java:54)
Caused by: com.github.javaparser.resolution.UnsolvedSymbolException: Unsolved symbol in de.uka.ilkd.key.java.JavaParserFactory$DynamicTypeSolver@725185cc : java.lang.Object
	at com.github.javaparser.resolution.TypeSolver.solveType(TypeSolver.java:71)

34613      ERROR Test worker     d.u.i.k.n.b.AbstractBuilder  com.github.javaparser.resolution.UnsolvedSymbolException: Unsolved symbol in de.uka.ilkd.key.java.JavaParserFactory$DynamicTypeSolver@725185cc : java.lang.Object
	at com.github.javaparser.resolution.TypeSolver.solveType(TypeSolver.java:71)

34613      ERROR Test worker     d.u.i.k.n.b.TacletPBuilder Error in parsing taclet. de.uka.ilkd.key.util.parsing.BuildingException: Unsolved symbol in de.uka.ilkd.key.java.JavaParserFactory$DynamicTypeSolver@725185cc : java.lang.Object at file:/D:/a/key/key/key.core/build/resources/main/de/uka/ilkd/key/proof/rules/bigint.key:76:20
	at de.uka.ilkd.key.nparser.builder.AbstractBuilder.accept(AbstractBuilder.java:54)
Caused by: com.github.javaparser.resolution.UnsolvedSymbolException: Unsolved symbol in de.uka.ilkd.key.java.JavaParserFactory$DynamicTypeSolver@725185cc : java.lang.Object
	at com.github.javaparser.resolution.TypeSolver.solveType(TypeSolver.java:71)

34613      ERROR Test worker     d.u.i.k.n.b.AbstractBuilder  com.github.javaparser.resolution.UnsolvedSymbolException: Unsolved symbol in de.uka.ilkd.key.java.JavaParserFactory$DynamicTypeSolver@725185cc : java.lang.Object
	at com.github.javaparser.resolution.TypeSolver.solveType(TypeSolver.java:71)

34613      ERROR Test worker     d.u.i.k.n.b.TacletPBuilder Error in parsing taclet. de.uka.ilkd.key.util.parsing.BuildingException: Unsolved symbol in de.uka.ilkd.key.java.JavaParserFactory$DynamicTypeSolver@725185cc : java.lang.Object at file:/D:/a/key/key/key.core/build/resources/main/de/uka/ilkd/key/proof/rules/bigint.key:88:20
	at de.uka.ilkd.key.nparser.builder.AbstractBuilder.accept(AbstractBuilder.java:54)
Caused by: com.github.javaparser.resolution.UnsolvedSymbolException: Unsolved symbol in de.uka.ilkd.key.java.JavaParserFactory$DynamicTypeSolver@725185cc : java.lang.Object
	at com.github.javaparser.resolution.TypeSolver.solveType(TypeSolver.java:71)

34613      ERROR Test worker     d.u.i.k.n.b.AbstractBuilder  com.github.javaparser.resolution.UnsolvedSymbolException: Unsolved symbol in de.uka.ilkd.key.java.JavaParserFactory$DynamicTypeSolver@725185cc : java.lang.Object
	at com.github.javaparser.resolution.TypeSolver.solveType(TypeSolver.java:71)

34613      ERROR Test worker     d.u.i.k.n.b.TacletPBuilder Error in parsing taclet. de.uka.ilkd.key.util.parsing.BuildingException: Unsolved symbol in de.uka.ilkd.key.java.JavaParserFactory$DynamicTypeSolver@725185cc : java.lang.Object at file:/D:/a/key/key/key.core/build/resources/main/de/uka/ilkd/key/proof/rules/bigint.key:100:20
	at de.uka.ilkd.key.nparser.builder.AbstractBuilder.accept(AbstractBuilder.java:54)
Caused by: com.github.javaparser.resolution.UnsolvedSymbolException: Unsolved symbol in de.uka.ilkd.key.java.JavaParserFactory$DynamicTypeSolver@725185cc : java.lang.Object
	at com.github.javaparser.resolution.TypeSolver.solveType(TypeSolver.java:71)

34613      ERROR Test worker     d.u.i.k.n.b.AbstractBuilder  com.github.javaparser.resolution.UnsolvedSymbolException: Unsolved symbol in de.uka.ilkd.key.java.JavaParserFactory$DynamicTypeSolver@725185cc : java.lang.Object
	at com.github.javaparser.resolution.TypeSolver.solveType(TypeSolver.java:71)

34613      ERROR Test worker     d.u.i.k.n.b.TacletPBuilder Error in parsing taclet. de.uka.ilkd.key.util.parsing.BuildingException: Unsolved symbol in de.uka.ilkd.key.java.JavaParserFactory$DynamicTypeSolver@725185cc : java.lang.Object at file:/D:/a/key/key/key.core/build/resources/main/de/uka/ilkd/key/proof/rules/bigint.key:112:20
	at de.uka.ilkd.key.nparser.builder.AbstractBuilder.accept(AbstractBuilder.java:54)
Caused by: com.github.javaparser.resolution.UnsolvedSymbolException: Unsolved symbol in de.uka.ilkd.key.java.JavaParserFactory$DynamicTypeSolver@725185cc : java.lang.Object
	at com.github.javaparser.resolution.TypeSolver.solveType(TypeSolver.java:71)

34613      ERROR Test worker     d.u.i.k.n.b.AbstractBuilder  com.github.javaparser.resolution.UnsolvedSymbolException: Unsolved symbol in de.uka.ilkd.key.java.JavaParserFactory$DynamicTypeSolver@725185cc : java.lang.Object
	at com.github.javaparser.resolution.TypeSolver.solveType(TypeSolver.java:71)

34613      ERROR Test worker     d.u.i.k.n.b.TacletPBuilder Error in parsing taclet. de.uka.ilkd.key.util.parsing.BuildingException: Unsolved symbol in de.uka.ilkd.key.java.JavaParserFactory$DynamicTypeSolver@725185cc : java.lang.Object at file:/D:/a/key/key/key.core/build/resources/main/de/uka/ilkd/key/proof/rules/bigint.key:128:15
	at de.uka.ilkd.key.nparser.builder.AbstractBuilder.accept(AbstractBuilder.java:54)
Caused by: com.github.javaparser.resolution.UnsolvedSymbolException: Unsolved symbol in de.uka.ilkd.key.java.JavaParserFactory$DynamicTypeSolver@725185cc : java.lang.Object
	at com.github.javaparser.resolution.TypeSolver.solveType(TypeSolver.java:71)

34613      ERROR Test worker     d.u.i.k.n.b.AbstractBuilder  com.github.javaparser.resolution.UnsolvedSymbolException: Unsolved symbol in de.uka.ilkd.key.java.JavaParserFactory$DynamicTypeSolver@725185cc : java.lang.Object
	at com.github.javaparser.resolution.TypeSolver.solveType(TypeSolver.java:71)

34613      ERROR Test worker     d.u.i.k.n.b.TacletPBuilder Error in parsing taclet. de.uka.ilkd.key.util.parsing.BuildingException: Unsolved symbol in de.uka.ilkd.key.java.JavaParserFactory$DynamicTypeSolver@725185cc : java.lang.Object at file:/D:/a/key/key/key.core/build/resources/main/de/uka/ilkd/key/proof/rules/bigint.key:139:15
	at de.uka.ilkd.key.nparser.builder.AbstractBuilder.accept(AbstractBuilder.java:54)
Caused by: com.github.javaparser.resolution.UnsolvedSymbolException: Unsolved symbol in de.uka.ilkd.key.java.JavaParserFactory$DynamicTypeSolver@725185cc : java.lang.Object
	at com.github.javaparser.resolution.TypeSolver.solveType(TypeSolver.java:71)

34613      ERROR Test worker     d.u.i.k.n.b.AbstractBuilder  com.github.javaparser.resolution.UnsolvedSymbolException: Unsolved symbol in de.uka.ilkd.key.java.JavaParserFactory$DynamicTypeSolver@725185cc : java.lang.Object
	at com.github.javaparser.resolution.TypeSolver.solveType(TypeSolver.java:71)

34613      ERROR Test worker     d.u.i.k.n.b.TacletPBuilder Error in parsing taclet. de.uka.ilkd.key.util.parsing.BuildingException: Unsolved symbol in de.uka.ilkd.key.java.JavaParserFactory$DynamicTypeSolver@725185cc : java.lang.Object at file:/D:/a/key/key/key.core/build/resources/main/de/uka/ilkd/key/proof/rules/bigint.key:150:15
	at de.uka.ilkd.key.nparser.builder.AbstractBuilder.accept(AbstractBuilder.java:54)
Caused by: com.github.javaparser.resolution.UnsolvedSymbolException: Unsolved symbol in de.uka.ilkd.key.java.JavaParserFactory$DynamicTypeSolver@725185cc : java.lang.Object
	at com.github.javaparser.resolution.TypeSolver.solveType(TypeSolver.java:71)

34613      ERROR Test worker     d.u.i.k.n.b.AbstractBuilder  com.github.javaparser.resolution.UnsolvedSymbolException: Unsolved symbol in de.uka.ilkd.key.java.JavaParserFactory$DynamicTypeSolver@725185cc : java.lang.Object
	at com.github.javaparser.resolution.TypeSolver.solveType(TypeSolver.java:71)

34628      ERROR Test worker     d.u.i.k.n.b.TacletPBuilder Error in parsing taclet. de.uka.ilkd.key.util.parsing.BuildingException: Unsolved symbol in de.uka.ilkd.key.java.JavaParserFactory$DynamicTypeSolver@725185cc : java.lang.Object at file:/D:/a/key/key/key.core/build/resources/main/de/uka/ilkd/key/proof/rules/bigint.key:161:15
	at de.uka.ilkd.key.nparser.builder.AbstractBuilder.accept(AbstractBuilder.java:54)
Caused by: com.github.javaparser.resolution.UnsolvedSymbolException: Unsolved symbol in de.uka.ilkd.key.java.JavaParserFactory$DynamicTypeSolver@725185cc : java.lang.Object
	at com.github.javaparser.resolution.TypeSolver.solveType(TypeSolver.java:71)

34628      ERROR Test worker     d.u.i.k.n.b.AbstractBuilder  com.github.javaparser.resolution.UnsolvedSymbolException: Unsolved symbol in de.uka.ilkd.key.java.JavaParserFactory$DynamicTypeSolver@725185cc : java.lang.Object
	at com.github.javaparser.resolution.TypeSolver.solveType(TypeSolver.java:71)

34628      ERROR Test worker     d.u.i.k.n.b.TacletPBuilder Error in parsing taclet. de.uka.ilkd.key.util.parsing.BuildingException: Unsolved symbol in de.uka.ilkd.key.java.JavaParserFactory$DynamicTypeSolver@725185cc : java.lang.Object at file:/D:/a/key/key/key.core/build/resources/main/de/uka/ilkd/key/proof/rules/bigint.key:176:15
	at de.uka.ilkd.key.nparser.builder.AbstractBuilder.accept(AbstractBuilder.java:54)
Caused by: com.github.javaparser.resolution.UnsolvedSymbolException: Unsolved symbol in de.uka.ilkd.key.java.JavaParserFactory$DynamicTypeSolver@725185cc : java.lang.Object
	at com.github.javaparser.resolution.TypeSolver.solveType(TypeSolver.java:71)

34628      ERROR Test worker     d.u.i.k.n.b.AbstractBuilder  com.github.javaparser.resolution.UnsolvedSymbolException: Unsolved symbol in de.uka.ilkd.key.java.JavaParserFactory$DynamicTypeSolver@725185cc : java.lang.Object
	at com.github.javaparser.resolution.TypeSolver.solveType(TypeSolver.java:71)

34628      ERROR Test worker     d.u.i.k.n.b.TacletPBuilder Error in parsing taclet. de.uka.ilkd.key.util.parsing.BuildingException: Unsolved symbol in de.uka.ilkd.key.java.JavaParserFactory$DynamicTypeSolver@725185cc : java.lang.Object at file:/D:/a/key/key/key.core/build/resources/main/de/uka/ilkd/key/proof/rules/bigint.key:190:15
	at de.uka.ilkd.key.nparser.builder.AbstractBuilder.accept(AbstractBuilder.java:54)
Caused by: com.github.javaparser.resolution.UnsolvedSymbolException: Unsolved symbol in de.uka.ilkd.key.java.JavaParserFactory$DynamicTypeSolver@725185cc : java.lang.Object
	at com.github.javaparser.resolution.TypeSolver.solveType(TypeSolver.java:71)

34628      ERROR Test worker     d.u.i.k.n.b.AbstractBuilder  com.github.javaparser.resolution.UnsolvedSymbolException: Unsolved symbol in de.uka.ilkd.key.java.JavaParserFactory$DynamicTypeSolver@725185cc : java.lang.Object
	at com.github.javaparser.resolution.TypeSolver.solveType(TypeSolver.java:71)

34628      ERROR Test worker     d.u.i.k.n.b.TacletPBuilder Error in parsing taclet. de.uka.ilkd.key.util.parsing.BuildingException: Unsolved symbol in de.uka.ilkd.key.java.JavaParserFactory$DynamicTypeSolver@725185cc : java.lang.Object at file:/D:/a/key/key/key.core/build/resources/main/de/uka/ilkd/key/proof/rules/bigint.key:204:15
	at de.uka.ilkd.key.nparser.builder.AbstractBuilder.accept(AbstractBuilder.java:54)
Caused by: com.github.javaparser.resolution.UnsolvedSymbolException: Unsolved symbol in de.uka.ilkd.key.java.JavaParserFactory$DynamicTypeSolver@725185cc : java.lang.Object
	at com.github.javaparser.resolution.TypeSolver.solveType(TypeSolver.java:71)

34628      ERROR Test worker     d.u.i.k.n.b.AbstractBuilder  com.github.javaparser.resolution.UnsolvedSymbolException: Unsolved symbol in de.uka.ilkd.key.java.JavaParserFactory$DynamicTypeSolver@725185cc : java.lang.Object
	at com.github.javaparser.resolution.TypeSolver.solveType(TypeSolver.java:71)

34628      ERROR Test worker     d.u.i.k.n.b.TacletPBuilder Error in parsing taclet. de.uka.ilkd.key.util.parsing.BuildingException: Unsolved symbol in de.uka.ilkd.key.java.JavaParserFactory$DynamicTypeSolver@725185cc : java.lang.Object at file:/D:/a/key/key/key.core/build/resources/main/de/uka/ilkd/key/proof/rules/bigint.key:218:15
	at de.uka.ilkd.key.nparser.builder.AbstractBuilder.accept(AbstractBuilder.java:54)
Caused by: com.github.javaparser.resolution.UnsolvedSymbolException: Unsolved symbol in de.uka.ilkd.key.java.JavaParserFactory$DynamicTypeSolver@725185cc : java.lang.Object
	at com.github.javaparser.resolution.TypeSolver.solveType(TypeSolver.java:71)

34628      ERROR Test worker     d.u.i.k.n.b.AbstractBuilder  com.github.javaparser.resolution.UnsolvedSymbolException: Unsolved symbol in de.uka.ilkd.key.java.JavaParserFactory$DynamicTypeSolver@725185cc : java.lang.Object
	at com.github.javaparser.resolution.TypeSolver.solveType(TypeSolver.java:71)

34628      ERROR Test worker     d.u.i.k.n.b.TacletPBuilder Error in parsing taclet. de.uka.ilkd.key.util.parsing.BuildingException: Unsolved symbol in de.uka.ilkd.key.java.JavaParserFactory$DynamicTypeSolver@725185cc : java.lang.Object at file:/D:/a/key/key/key.core/build/resources/main/de/uka/ilkd/key/proof/rules/bigint.key:236:15
	at de.uka.ilkd.key.nparser.builder.AbstractBuilder.accept(AbstractBuilder.java:54)
Caused by: com.github.javaparser.resolution.UnsolvedSymbolException: Unsolved symbol in de.uka.ilkd.key.java.JavaParserFactory$DynamicTypeSolver@725185cc : java.lang.Object
	at com.github.javaparser.resolution.TypeSolver.solveType(TypeSolver.java:71)

34628      ERROR Test worker     d.u.i.k.n.b.AbstractBuilder  com.github.javaparser.resolution.UnsolvedSymbolException: Unsolved symbol in de.uka.ilkd.key.java.JavaParserFactory$DynamicTypeSolver@725185cc : java.lang.Object
	at com.github.javaparser.resolution.TypeSolver.solveType(TypeSolver.java:71)

34628      ERROR Test worker     d.u.i.k.n.b.TacletPBuilder Error in parsing taclet. de.uka.ilkd.key.util.parsing.BuildingException: Unsolved symbol in de.uka.ilkd.key.java.JavaParserFactory$DynamicTypeSolver@725185cc : java.lang.Object at file:/D:/a/key/key/key.core/build/resources/main/de/uka/ilkd/key/proof/rules/bigint.key:246:15
	at de.uka.ilkd.key.nparser.builder.AbstractBuilder.accept(AbstractBuilder.java:54)
Caused by: com.github.javaparser.resolution.UnsolvedSymbolException: Unsolved symbol in de.uka.ilkd.key.java.JavaParserFactory$DynamicTypeSolver@725185cc : java.lang.Object
	at com.github.javaparser.resolution.TypeSolver.solveType(TypeSolver.java:71)

34644      ERROR Test worker     d.u.i.k.n.b.AbstractBuilder  com.github.javaparser.resolution.UnsolvedSymbolException: Unsolved symbol in de.uka.ilkd.key.java.JavaParserFactory$DynamicTypeSolver@725185cc : java.lang.Object
	at com.github.javaparser.resolution.TypeSolver.solveType(TypeSolver.java:71)

34644      ERROR Test worker     d.u.i.k.n.b.TacletPBuilder Error in parsing taclet. de.uka.ilkd.key.util.parsing.BuildingException: Unsolved symbol in de.uka.ilkd.key.java.JavaParserFactory$DynamicTypeSolver@725185cc : java.lang.Object at file:/D:/a/key/key/key.core/build/resources/main/de/uka/ilkd/key/proof/rules/bigint.key:256:15
	at de.uka.ilkd.key.nparser.builder.AbstractBuilder.accept(AbstractBuilder.java:54)
Caused by: com.github.javaparser.resolution.UnsolvedSymbolException: Unsolved symbol in de.uka.ilkd.key.java.JavaParserFactory$DynamicTypeSolver@725185cc : java.lang.Object
	at com.github.javaparser.resolution.TypeSolver.solveType(TypeSolver.java:71)

34644      ERROR Test worker     d.u.i.k.n.b.AbstractBuilder  com.github.javaparser.resolution.UnsolvedSymbolException: Unsolved symbol in de.uka.ilkd.key.java.JavaParserFactory$DynamicTypeSolver@725185cc : java.lang.Object
	at com.github.javaparser.resolution.TypeSolver.solveType(TypeSolver.java:71)

34644      ERROR Test worker     d.u.i.k.n.b.TacletPBuilder Error in parsing taclet. de.uka.ilkd.key.util.parsing.BuildingException: Unsolved symbol in de.uka.ilkd.key.java.JavaParserFactory$DynamicTypeSolver@725185cc : java.lang.Object at file:/D:/a/key/key/key.core/build/resources/main/de/uka/ilkd/key/proof/rules/bigint.key:271:15
	at de.uka.ilkd.key.nparser.builder.AbstractBuilder.accept(AbstractBuilder.java:54)
Caused by: com.github.javaparser.resolution.UnsolvedSymbolException: Unsolved symbol in de.uka.ilkd.key.java.JavaParserFactory$DynamicTypeSolver@725185cc : java.lang.Object
	at com.github.javaparser.resolution.TypeSolver.solveType(TypeSolver.java:71)

34644      ERROR Test worker     d.u.i.k.n.b.AbstractBuilder  com.github.javaparser.resolution.UnsolvedSymbolException: Unsolved symbol in de.uka.ilkd.key.java.JavaParserFactory$DynamicTypeSolver@725185cc : java.lang.Object
	at com.github.javaparser.resolution.TypeSolver.solveType(TypeSolver.java:71)

34644      ERROR Test worker     d.u.i.k.n.b.TacletPBuilder Error in parsing taclet. de.uka.ilkd.key.util.parsing.BuildingException: Unsolved symbol in de.uka.ilkd.key.java.JavaParserFactory$DynamicTypeSolver@725185cc : java.lang.Object at file:/D:/a/key/key/key.core/build/resources/main/de/uka/ilkd/key/proof/rules/bigint.key:281:15
	at de.uka.ilkd.key.nparser.builder.AbstractBuilder.accept(AbstractBuilder.java:54)
Caused by: com.github.javaparser.resolution.UnsolvedSymbolException: Unsolved symbol in de.uka.ilkd.key.java.JavaParserFactory$DynamicTypeSolver@725185cc : java.lang.Object
	at com.github.javaparser.resolution.TypeSolver.solveType(TypeSolver.java:71)

34644      ERROR Test worker     d.u.i.k.n.b.AbstractBuilder  com.github.javaparser.resolution.UnsolvedSymbolException: Unsolved symbol in de.uka.ilkd.key.java.JavaParserFactory$DynamicTypeSolver@725185cc : java.lang.Object
	at com.github.javaparser.resolution.TypeSolver.solveType(TypeSolver.java:71)

34644      ERROR Test worker     d.u.i.k.n.b.TacletPBuilder Error in parsing taclet. de.uka.ilkd.key.util.parsing.BuildingException: Unsolved symbol in de.uka.ilkd.key.java.JavaParserFactory$DynamicTypeSolver@725185cc : java.lang.Object at file:/D:/a/key/key/key.core/build/resources/main/de/uka/ilkd/key/proof/rules/bigint.key:289:15
	at de.uka.ilkd.key.nparser.builder.AbstractBuilder.accept(AbstractBuilder.java:54)
Caused by: com.github.javaparser.resolution.UnsolvedSymbolException: Unsolved symbol in de.uka.ilkd.key.java.JavaParserFactory$DynamicTypeSolver@725185cc : java.lang.Object
	at com.github.javaparser.resolution.TypeSolver.solveType(TypeSolver.java:71)

34644      ERROR Test worker     d.u.i.k.n.b.AbstractBuilder  com.github.javaparser.resolution.UnsolvedSymbolException: Unsolved symbol in de.uka.ilkd.key.java.JavaParserFactory$DynamicTypeSolver@725185cc : java.lang.Object
	at com.github.javaparser.resolution.TypeSolver.solveType(TypeSolver.java:71)

34644      ERROR Test worker     d.u.i.k.n.b.TacletPBuilder Error in parsing taclet. de.uka.ilkd.key.util.parsing.BuildingException: Unsolved symbol in de.uka.ilkd.key.java.JavaParserFactory$DynamicTypeSolver@725185cc : java.lang.Object at file:/D:/a/key/key/key.core/build/resources/main/de/uka/ilkd/key/proof/rules/bigint.key:297:15
	at de.uka.ilkd.key.nparser.builder.AbstractBuilder.accept(AbstractBuilder.java:54)
Caused by: com.github.javaparser.resolution.UnsolvedSymbolException: Unsolved symbol in de.uka.ilkd.key.java.JavaParserFactory$DynamicTypeSolver@725185cc : java.lang.Object
	at com.github.javaparser.resolution.TypeSolver.solveType(TypeSolver.java:71)

34644      ERROR Test worker     d.u.i.k.n.b.AbstractBuilder  com.github.javaparser.resolution.UnsolvedSymbolException: Unsolved symbol in de.uka.ilkd.key.java.JavaParserFactory$DynamicTypeSolver@725185cc : java.lang.Object
	at com.github.javaparser.resolution.TypeSolver.solveType(TypeSolver.java:71)

34644      ERROR Test worker     d.u.i.k.n.b.TacletPBuilder Error in parsing taclet. de.uka.ilkd.key.util.parsing.BuildingException: Unsolved symbol in de.uka.ilkd.key.java.JavaParserFactory$DynamicTypeSolver@725185cc : java.lang.Object at file:/D:/a/key/key/key.core/build/resources/main/de/uka/ilkd/key/proof/rules/bigint.key:308:15
	at de.uka.ilkd.key.nparser.builder.AbstractBuilder.accept(AbstractBuilder.java:54)
Caused by: com.github.javaparser.resolution.UnsolvedSymbolException: Unsolved symbol in de.uka.ilkd.key.java.JavaParserFactory$DynamicTypeSolver@725185cc : java.lang.Object
	at com.github.javaparser.resolution.TypeSolver.solveType(TypeSolver.java:71)

34659      ERROR Test worker     d.u.i.k.n.b.AbstractBuilder  com.github.javaparser.resolution.UnsolvedSymbolException: Unsolved symbol in de.uka.ilkd.key.java.JavaParserFactory$DynamicTypeSolver@725185cc : java.lang.Object
	at com.github.javaparser.resolution.TypeSolver.solveType(TypeSolver.java:71)

34659      ERROR Test worker     d.u.i.k.n.b.TacletPBuilder Error in parsing taclet. de.uka.ilkd.key.util.parsing.BuildingException: Unsolved symbol in de.uka.ilkd.key.java.JavaParserFactory$DynamicTypeSolver@725185cc : java.lang.Object at file:/D:/a/key/key/key.core/build/resources/main/de/uka/ilkd/key/proof/rules/adtProgramDecompositionRules.key:17:15
	at de.uka.ilkd.key.nparser.builder.AbstractBuilder.accept(AbstractBuilder.java:54)
Caused by: com.github.javaparser.resolution.UnsolvedSymbolException: Unsolved symbol in de.uka.ilkd.key.java.JavaParserFactory$DynamicTypeSolver@725185cc : java.lang.Object
	at com.github.javaparser.resolution.TypeSolver.solveType(TypeSolver.java:71)

34659      ERROR Test worker     d.u.i.k.n.b.TacletPBuilder Override: #v (program Variable) #v (program Variable) 
34659      ERROR Test worker     d.u.i.k.n.b.TacletPBuilder Override: post (formula) post (formula) 
34659      ERROR Test worker     d.u.i.k.n.b.AbstractBuilder  com.github.javaparser.resolution.UnsolvedSymbolException: Unsolved symbol in de.uka.ilkd.key.java.JavaParserFactory$DynamicTypeSolver@725185cc : java.lang.Object
	at com.github.javaparser.resolution.TypeSolver.solveType(TypeSolver.java:71)

34659      ERROR Test worker     d.u.i.k.n.b.TacletPBuilder Error in parsing taclet. de.uka.ilkd.key.util.parsing.BuildingException: Unsolved symbol in de.uka.ilkd.key.java.JavaParserFactory$DynamicTypeSolver@725185cc : java.lang.Object at file:/D:/a/key/key/key.core/build/resources/main/de/uka/ilkd/key/proof/rules/adtProgramDecompositionRules.key:30:15
	at de.uka.ilkd.key.nparser.builder.AbstractBuilder.accept(AbstractBuilder.java:54)
Caused by: com.github.javaparser.resolution.UnsolvedSymbolException: Unsolved symbol in de.uka.ilkd.key.java.JavaParserFactory$DynamicTypeSolver@725185cc : java.lang.Object
	at com.github.javaparser.resolution.TypeSolver.solveType(TypeSolver.java:71)

34659      ERROR Test worker     d.u.i.k.n.b.TacletPBuilder Override: #v (program Variable) #v (program Variable) 
34659      ERROR Test worker     d.u.i.k.n.b.TacletPBuilder Override: #vLeftNew (program Variable) #vLeftNew (program Variable) 
34659      ERROR Test worker     d.u.i.k.n.b.TacletPBuilder Override: #nseLeft (program NonSimpleExpression) #nseLeft (program NonSimpleExpression) 
34659      ERROR Test worker     d.u.i.k.n.b.TacletPBuilder Override: #eRight (program Expression) #eRight (program Expression) 
34659      ERROR Test worker     d.u.i.k.n.b.TacletPBuilder Override: post (formula) post (formula) 
34659      ERROR Test worker     d.u.i.k.n.b.AbstractBuilder  com.github.javaparser.resolution.UnsolvedSymbolException: Unsolved symbol in de.uka.ilkd.key.java.JavaParserFactory$DynamicTypeSolver@725185cc : java.lang.Object
	at com.github.javaparser.resolution.TypeSolver.solveType(TypeSolver.java:71)

34659      ERROR Test worker     d.u.i.k.n.b.TacletPBuilder Error in parsing taclet. de.uka.ilkd.key.util.parsing.BuildingException: Unsolved symbol in de.uka.ilkd.key.java.JavaParserFactory$DynamicTypeSolver@725185cc : java.lang.Object at file:/D:/a/key/key/key.core/build/resources/main/de/uka/ilkd/key/proof/rules/adtProgramDecompositionRules.key:43:15
	at de.uka.ilkd.key.nparser.builder.AbstractBuilder.accept(AbstractBuilder.java:54)
Caused by: com.github.javaparser.resolution.UnsolvedSymbolException: Unsolved symbol in de.uka.ilkd.key.java.JavaParserFactory$DynamicTypeSolver@725185cc : java.lang.Object
	at com.github.javaparser.resolution.TypeSolver.solveType(TypeSolver.java:71)

34659      ERROR Test worker     d.u.i.k.n.b.TacletPBuilder Override: #v (program Variable) #v (program Variable) 
34659      ERROR Test worker     d.u.i.k.n.b.TacletPBuilder Override: #vRightNew (program Variable) #vRightNew (program Variable) 
34659      ERROR Test worker     d.u.i.k.n.b.TacletPBuilder Override: #seLeft (program SimpleExpression) #seLeft (program SimpleExpression) 
34659      ERROR Test worker     d.u.i.k.n.b.TacletPBuilder Override: #nseRight (program NonSimpleExpression) #nseRight (program NonSimpleExpression) 
34659      ERROR Test worker     d.u.i.k.n.b.TacletPBuilder Override: post (formula) post (formula) 
34659      ERROR Test worker     d.u.i.k.n.b.AbstractBuilder  com.github.javaparser.resolution.UnsolvedSymbolException: Unsolved symbol in de.uka.ilkd.key.java.JavaParserFactory$DynamicTypeSolver@725185cc : java.lang.Object
	at com.github.javaparser.resolution.TypeSolver.solveType(TypeSolver.java:71)

34659      ERROR Test worker     d.u.i.k.n.b.TacletPBuilder Error in parsing taclet. de.uka.ilkd.key.util.parsing.BuildingException: Unsolved symbol in de.uka.ilkd.key.java.JavaParserFactory$DynamicTypeSolver@725185cc : java.lang.Object at file:/D:/a/key/key/key.core/build/resources/main/de/uka/ilkd/key/proof/rules/adtProgramDecompositionRules.key:56:15
	at de.uka.ilkd.key.nparser.builder.AbstractBuilder.accept(AbstractBuilder.java:54)
Caused by: com.github.javaparser.resolution.UnsolvedSymbolException: Unsolved symbol in de.uka.ilkd.key.java.JavaParserFactory$DynamicTypeSolver@725185cc : java.lang.Object
	at com.github.javaparser.resolution.TypeSolver.solveType(TypeSolver.java:71)

34659      ERROR Test worker     d.u.i.k.n.b.TacletPBuilder Override: #v (program Variable) #v (program Variable) 
34659      ERROR Test worker     d.u.i.k.n.b.TacletPBuilder Override: #vLeftNew (program Variable) #vLeftNew (program Variable) 
34659      ERROR Test worker     d.u.i.k.n.b.TacletPBuilder Override: #nseLeft (program NonSimpleExpression) #nseLeft (program NonSimpleExpression) 
34659      ERROR Test worker     d.u.i.k.n.b.TacletPBuilder Override: #eRight (program Expression) #eRight (program Expression) 
34659      ERROR Test worker     d.u.i.k.n.b.TacletPBuilder Override: post (formula) post (formula) 
34659      ERROR Test worker     d.u.i.k.n.b.AbstractBuilder  com.github.javaparser.resolution.UnsolvedSymbolException: Unsolved symbol in de.uka.ilkd.key.java.JavaParserFactory$DynamicTypeSolver@725185cc : java.lang.Object
	at com.github.javaparser.resolution.TypeSolver.solveType(TypeSolver.java:71)

34659      ERROR Test worker     d.u.i.k.n.b.TacletPBuilder Error in parsing taclet. de.uka.ilkd.key.util.parsing.BuildingException: Unsolved symbol in de.uka.ilkd.key.java.JavaParserFactory$DynamicTypeSolver@725185cc : java.lang.Object at file:/D:/a/key/key/key.core/build/resources/main/de/uka/ilkd/key/proof/rules/adtProgramDecompositionRules.key:69:15
	at de.uka.ilkd.key.nparser.builder.AbstractBuilder.accept(AbstractBuilder.java:54)
Caused by: com.github.javaparser.resolution.UnsolvedSymbolException: Unsolved symbol in de.uka.ilkd.key.java.JavaParserFactory$DynamicTypeSolver@725185cc : java.lang.Object
	at com.github.javaparser.resolution.TypeSolver.solveType(TypeSolver.java:71)

34659      ERROR Test worker     d.u.i.k.n.b.TacletPBuilder Override: #v (program Variable) #v (program Variable) 
34659      ERROR Test worker     d.u.i.k.n.b.TacletPBuilder Override: #vRightNew (program Variable) #vRightNew (program Variable) 
34659      ERROR Test worker     d.u.i.k.n.b.TacletPBuilder Override: #seLeft (program SimpleExpression) #seLeft (program SimpleExpression) 
34659      ERROR Test worker     d.u.i.k.n.b.TacletPBuilder Override: #nseRight (program NonSimpleExpression) #nseRight (program NonSimpleExpression) 
34659      ERROR Test worker     d.u.i.k.n.b.TacletPBuilder Override: post (formula) post (formula) 
34659      ERROR Test worker     d.u.i.k.n.b.AbstractBuilder  com.github.javaparser.resolution.UnsolvedSymbolException: Unsolved symbol in de.uka.ilkd.key.java.JavaParserFactory$DynamicTypeSolver@725185cc : java.lang.Object
	at com.github.javaparser.resolution.TypeSolver.solveType(TypeSolver.java:71)

34659      ERROR Test worker     d.u.i.k.n.b.TacletPBuilder Error in parsing taclet. de.uka.ilkd.key.util.parsing.BuildingException: Unsolved symbol in de.uka.ilkd.key.java.JavaParserFactory$DynamicTypeSolver@725185cc : java.lang.Object at file:/D:/a/key/key/key.core/build/resources/main/de/uka/ilkd/key/proof/rules/adtProgramDecompositionRules.key:82:15
	at de.uka.ilkd.key.nparser.builder.AbstractBuilder.accept(AbstractBuilder.java:54)
Caused by: com.github.javaparser.resolution.UnsolvedSymbolException: Unsolved symbol in de.uka.ilkd.key.java.JavaParserFactory$DynamicTypeSolver@725185cc : java.lang.Object
	at com.github.javaparser.resolution.TypeSolver.solveType(TypeSolver.java:71)

34659      ERROR Test worker     d.u.i.k.n.b.TacletPBuilder Override: #v (program Variable) #v (program Variable) 
34659      ERROR Test worker     d.u.i.k.n.b.TacletPBuilder Override: post (formula) post (formula) 
34659      ERROR Test worker     d.u.i.k.n.b.AbstractBuilder  com.github.javaparser.resolution.UnsolvedSymbolException: Unsolved symbol in de.uka.ilkd.key.java.JavaParserFactory$DynamicTypeSolver@725185cc : java.lang.Object
	at com.github.javaparser.resolution.TypeSolver.solveType(TypeSolver.java:71)

34659      ERROR Test worker     d.u.i.k.n.b.TacletPBuilder Error in parsing taclet. de.uka.ilkd.key.util.parsing.BuildingException: Unsolved symbol in de.uka.ilkd.key.java.JavaParserFactory$DynamicTypeSolver@725185cc : java.lang.Object at file:/D:/a/key/key/key.core/build/resources/main/de/uka/ilkd/key/proof/rules/adtProgramDecompositionRules.key:94:15
	at de.uka.ilkd.key.nparser.builder.AbstractBuilder.accept(AbstractBuilder.java:54)
Caused by: com.github.javaparser.resolution.UnsolvedSymbolException: Unsolved symbol in de.uka.ilkd.key.java.JavaParserFactory$DynamicTypeSolver@725185cc : java.lang.Object
	at com.github.javaparser.resolution.TypeSolver.solveType(TypeSolver.java:71)

34659      ERROR Test worker     d.u.i.k.n.b.TacletPBuilder Override: #v (program Variable) #v (program Variable) 
34659      ERROR Test worker     d.u.i.k.n.b.TacletPBuilder Override: #a (program Variable) #a (program Variable) 
34659      ERROR Test worker     d.u.i.k.n.b.TacletPBuilder Override: post (formula) post (formula) 
34675      ERROR Test worker     d.u.i.k.n.b.AbstractBuilder  com.github.javaparser.resolution.UnsolvedSymbolException: Unsolved symbol in de.uka.ilkd.key.java.JavaParserFactory$DynamicTypeSolver@725185cc : java.lang.Object
	at com.github.javaparser.resolution.TypeSolver.solveType(TypeSolver.java:71)

34675      ERROR Test worker     d.u.i.k.n.b.TacletPBuilder Error in parsing taclet. de.uka.ilkd.key.util.parsing.BuildingException: Unsolved symbol in de.uka.ilkd.key.java.JavaParserFactory$DynamicTypeSolver@725185cc : java.lang.Object at file:/D:/a/key/key/key.core/build/resources/main/de/uka/ilkd/key/proof/rules/adtProgramDecompositionRules.key:107:15
	at de.uka.ilkd.key.nparser.builder.AbstractBuilder.accept(AbstractBuilder.java:54)
Caused by: com.github.javaparser.resolution.UnsolvedSymbolException: Unsolved symbol in de.uka.ilkd.key.java.JavaParserFactory$DynamicTypeSolver@725185cc : java.lang.Object
	at com.github.javaparser.resolution.TypeSolver.solveType(TypeSolver.java:71)

34675      ERROR Test worker     d.u.i.k.n.b.TacletPBuilder Override: #v (program Variable) #v (program Variable) 
34675      ERROR Test worker     d.u.i.k.n.b.TacletPBuilder Override: #a (program Variable) #a (program Variable) 
34675      ERROR Test worker     d.u.i.k.n.b.TacletPBuilder Override: post (formula) post (formula) 
34675      ERROR Test worker     d.u.i.k.n.b.AbstractBuilder  com.github.javaparser.resolution.UnsolvedSymbolException: Unsolved symbol in de.uka.ilkd.key.java.JavaParserFactory$DynamicTypeSolver@725185cc : java.lang.Object
	at com.github.javaparser.resolution.TypeSolver.solveType(TypeSolver.java:71)

34675      ERROR Test worker     d.u.i.k.n.b.TacletPBuilder Error in parsing taclet. de.uka.ilkd.key.util.parsing.BuildingException: Unsolved symbol in de.uka.ilkd.key.java.JavaParserFactory$DynamicTypeSolver@725185cc : java.lang.Object at file:/D:/a/key/key/key.core/build/resources/main/de/uka/ilkd/key/proof/rules/adtProgramDecompositionRules.key:119:15
	at de.uka.ilkd.key.nparser.builder.AbstractBuilder.accept(AbstractBuilder.java:54)
Caused by: com.github.javaparser.resolution.UnsolvedSymbolException: Unsolved symbol in de.uka.ilkd.key.java.JavaParserFactory$DynamicTypeSolver@725185cc : java.lang.Object
	at com.github.javaparser.resolution.TypeSolver.solveType(TypeSolver.java:71)

34675      ERROR Test worker     d.u.i.k.n.b.TacletPBuilder Override: #v (program Variable) #v (program Variable) 
34675      ERROR Test worker     d.u.i.k.n.b.TacletPBuilder Override: #vObjNew (program Variable) #vObjNew (program Variable) 
34675      ERROR Test worker     d.u.i.k.n.b.TacletPBuilder Override: #nseObj (program NonSimpleExpression) #nseObj (program NonSimpleExpression) 
34675      ERROR Test worker     d.u.i.k.n.b.TacletPBuilder Override: post (formula) post (formula) 
34675      ERROR Test worker     d.u.i.k.n.b.AbstractBuilder  com.github.javaparser.resolution.UnsolvedSymbolException: Unsolved symbol in de.uka.ilkd.key.java.JavaParserFactory$DynamicTypeSolver@725185cc : java.lang.Object
	at com.github.javaparser.resolution.TypeSolver.solveType(TypeSolver.java:71)

34675      ERROR Test worker     d.u.i.k.n.b.TacletPBuilder Error in parsing taclet. de.uka.ilkd.key.util.parsing.BuildingException: Unsolved symbol in de.uka.ilkd.key.java.JavaParserFactory$DynamicTypeSolver@725185cc : java.lang.Object at file:/D:/a/key/key/key.core/build/resources/main/de/uka/ilkd/key/proof/rules/adtProgramDecompositionRules.key:131:15
	at de.uka.ilkd.key.nparser.builder.AbstractBuilder.accept(AbstractBuilder.java:54)
Caused by: com.github.javaparser.resolution.UnsolvedSymbolException: Unsolved symbol in de.uka.ilkd.key.java.JavaParserFactory$DynamicTypeSolver@725185cc : java.lang.Object
	at com.github.javaparser.resolution.TypeSolver.solveType(TypeSolver.java:71)

34675      ERROR Test worker     d.u.i.k.n.b.TacletPBuilder Override: #v (program Variable) #v (program Variable) 
34675      ERROR Test worker     d.u.i.k.n.b.TacletPBuilder Override: #vLeftNew (program Variable) #vLeftNew (program Variable) 
34675      ERROR Test worker     d.u.i.k.n.b.TacletPBuilder Override: #nseLeft (program NonSimpleExpression) #nseLeft (program NonSimpleExpression) 
34675      ERROR Test worker     d.u.i.k.n.b.TacletPBuilder Override: #eRight (program Expression) #eRight (program Expression) 
34675      ERROR Test worker     d.u.i.k.n.b.TacletPBuilder Override: post (formula) post (formula) 
34675      ERROR Test worker     d.u.i.k.n.b.AbstractBuilder  com.github.javaparser.resolution.UnsolvedSymbolException: Unsolved symbol in de.uka.ilkd.key.java.JavaParserFactory$DynamicTypeSolver@725185cc : java.lang.Object
	at com.github.javaparser.resolution.TypeSolver.solveType(TypeSolver.java:71)

34675      ERROR Test worker     d.u.i.k.n.b.TacletPBuilder Error in parsing taclet. de.uka.ilkd.key.util.parsing.BuildingException: Unsolved symbol in de.uka.ilkd.key.java.JavaParserFactory$DynamicTypeSolver@725185cc : java.lang.Object at file:/D:/a/key/key/key.core/build/resources/main/de/uka/ilkd/key/proof/rules/adtProgramDecompositionRules.key:150:15
	at de.uka.ilkd.key.nparser.builder.AbstractBuilder.accept(AbstractBuilder.java:54)
Caused by: com.github.javaparser.resolution.UnsolvedSymbolException: Unsolved symbol in de.uka.ilkd.key.java.JavaParserFactory$DynamicTypeSolver@725185cc : java.lang.Object
	at com.github.javaparser.resolution.TypeSolver.solveType(TypeSolver.java:71)

34675      ERROR Test worker     d.u.i.k.n.b.TacletPBuilder Override: #v (program Variable) #v (program Variable) 
34675      ERROR Test worker     d.u.i.k.n.b.TacletPBuilder Override: #vRightNew (program Variable) #vRightNew (program Variable) 
34675      ERROR Test worker     d.u.i.k.n.b.TacletPBuilder Override: #seLeft (program SimpleExpression) #seLeft (program SimpleExpression) 
34675      ERROR Test worker     d.u.i.k.n.b.TacletPBuilder Override: #nseRight (program NonSimpleExpression) #nseRight (program NonSimpleExpression) 
34675      ERROR Test worker     d.u.i.k.n.b.TacletPBuilder Override: post (formula) post (formula) 
34675      ERROR Test worker     d.u.i.k.n.b.AbstractBuilder  com.github.javaparser.resolution.UnsolvedSymbolException: Unsolved symbol in de.uka.ilkd.key.java.JavaParserFactory$DynamicTypeSolver@725185cc : java.lang.Object
	at com.github.javaparser.resolution.TypeSolver.solveType(TypeSolver.java:71)

34675      ERROR Test worker     d.u.i.k.n.b.TacletPBuilder Error in parsing taclet. de.uka.ilkd.key.util.parsing.BuildingException: Unsolved symbol in de.uka.ilkd.key.java.JavaParserFactory$DynamicTypeSolver@725185cc : java.lang.Object at file:/D:/a/key/key/key.core/build/resources/main/de/uka/ilkd/key/proof/rules/adtProgramDecompositionRules.key:163:15
	at de.uka.ilkd.key.nparser.builder.AbstractBuilder.accept(AbstractBuilder.java:54)
Caused by: com.github.javaparser.resolution.UnsolvedSymbolException: Unsolved symbol in de.uka.ilkd.key.java.JavaParserFactory$DynamicTypeSolver@725185cc : java.lang.Object
	at com.github.javaparser.resolution.TypeSolver.solveType(TypeSolver.java:71)

34675      ERROR Test worker     d.u.i.k.n.b.TacletPBuilder Override: #v (program Variable) #v (program Variable) 
34675      ERROR Test worker     d.u.i.k.n.b.TacletPBuilder Override: #vLeftNew (program Variable) #vLeftNew (program Variable) 
34675      ERROR Test worker     d.u.i.k.n.b.TacletPBuilder Override: #nseLeft (program NonSimpleExpression) #nseLeft (program NonSimpleExpression) 
34675      ERROR Test worker     d.u.i.k.n.b.TacletPBuilder Override: #eRight (program Expression) #eRight (program Expression) 
34675      ERROR Test worker     d.u.i.k.n.b.TacletPBuilder Override: post (formula) post (formula) 
34675      ERROR Test worker     d.u.i.k.n.b.AbstractBuilder  com.github.javaparser.resolution.UnsolvedSymbolException: Unsolved symbol in de.uka.ilkd.key.java.JavaParserFactory$DynamicTypeSolver@725185cc : java.lang.Object
	at com.github.javaparser.resolution.TypeSolver.solveType(TypeSolver.java:71)

34675      ERROR Test worker     d.u.i.k.n.b.TacletPBuilder Error in parsing taclet. de.uka.ilkd.key.util.parsing.BuildingException: Unsolved symbol in de.uka.ilkd.key.java.JavaParserFactory$DynamicTypeSolver@725185cc : java.lang.Object at file:/D:/a/key/key/key.core/build/resources/main/de/uka/ilkd/key/proof/rules/adtProgramDecompositionRules.key:176:15
	at de.uka.ilkd.key.nparser.builder.AbstractBuilder.accept(AbstractBuilder.java:54)
Caused by: com.github.javaparser.resolution.UnsolvedSymbolException: Unsolved symbol in de.uka.ilkd.key.java.JavaParserFactory$DynamicTypeSolver@725185cc : java.lang.Object
	at com.github.javaparser.resolution.TypeSolver.solveType(TypeSolver.java:71)

34675      ERROR Test worker     d.u.i.k.n.b.TacletPBuilder Override: #v (program Variable) #v (program Variable) 
34675      ERROR Test worker     d.u.i.k.n.b.TacletPBuilder Override: #vRightNew (program Variable) #vRightNew (program Variable) 
34675      ERROR Test worker     d.u.i.k.n.b.TacletPBuilder Override: #seLeft (program SimpleExpression) #seLeft (program SimpleExpression) 
34675      ERROR Test worker     d.u.i.k.n.b.TacletPBuilder Override: #nseRight (program NonSimpleExpression) #nseRight (program NonSimpleExpression) 
34675      ERROR Test worker     d.u.i.k.n.b.TacletPBuilder Override: post (formula) post (formula) 
34675      ERROR Test worker     d.u.i.k.n.b.AbstractBuilder  com.github.javaparser.resolution.UnsolvedSymbolException: Unsolved symbol in de.uka.ilkd.key.java.JavaParserFactory$DynamicTypeSolver@725185cc : java.lang.Object
	at com.github.javaparser.resolution.TypeSolver.solveType(TypeSolver.java:71)

34675      ERROR Test worker     d.u.i.k.n.b.TacletPBuilder Error in parsing taclet. de.uka.ilkd.key.util.parsing.BuildingException: Unsolved symbol in de.uka.ilkd.key.java.JavaParserFactory$DynamicTypeSolver@725185cc : java.lang.Object at file:/D:/a/key/key/key.core/build/resources/main/de/uka/ilkd/key/proof/rules/adtProgramDecompositionRules.key:189:15
	at de.uka.ilkd.key.nparser.builder.AbstractBuilder.accept(AbstractBuilder.java:54)
Caused by: com.github.javaparser.resolution.UnsolvedSymbolException: Unsolved symbol in de.uka.ilkd.key.java.JavaParserFactory$DynamicTypeSolver@725185cc : java.lang.Object
	at com.github.javaparser.resolution.TypeSolver.solveType(TypeSolver.java:71)

34675      ERROR Test worker     d.u.i.k.n.b.TacletPBuilder Override: #v (program Variable) #v (program Variable) 
34675      ERROR Test worker     d.u.i.k.n.b.TacletPBuilder Override: #vLeftNew (program Variable) #vLeftNew (program Variable) 
34675      ERROR Test worker     d.u.i.k.n.b.TacletPBuilder Override: #nseLeft (program NonSimpleExpression) #nseLeft (program NonSimpleExpression) 
34675      ERROR Test worker     d.u.i.k.n.b.TacletPBuilder Override: #eRight (program Expression) #eRight (program Expression) 
34675      ERROR Test worker     d.u.i.k.n.b.TacletPBuilder Override: post (formula) post (formula) 
34691      ERROR Test worker     d.u.i.k.n.b.AbstractBuilder  com.github.javaparser.resolution.UnsolvedSymbolException: Unsolved symbol in de.uka.ilkd.key.java.JavaParserFactory$DynamicTypeSolver@725185cc : java.lang.Object
	at com.github.javaparser.resolution.TypeSolver.solveType(TypeSolver.java:71)

34691      ERROR Test worker     d.u.i.k.n.b.TacletPBuilder Error in parsing taclet. de.uka.ilkd.key.util.parsing.BuildingException: Unsolved symbol in de.uka.ilkd.key.java.JavaParserFactory$DynamicTypeSolver@725185cc : java.lang.Object at file:/D:/a/key/key/key.core/build/resources/main/de/uka/ilkd/key/proof/rules/adtProgramDecompositionRules.key:202:15
	at de.uka.ilkd.key.nparser.builder.AbstractBuilder.accept(AbstractBuilder.java:54)
Caused by: com.github.javaparser.resolution.UnsolvedSymbolException: Unsolved symbol in de.uka.ilkd.key.java.JavaParserFactory$DynamicTypeSolver@725185cc : java.lang.Object
	at com.github.javaparser.resolution.TypeSolver.solveType(TypeSolver.java:71)

34691      ERROR Test worker     d.u.i.k.n.b.TacletPBuilder Override: #v (program Variable) #v (program Variable) 
34691      ERROR Test worker     d.u.i.k.n.b.TacletPBuilder Override: #vRightNew (program Variable) #vRightNew (program Variable) 
34691      ERROR Test worker     d.u.i.k.n.b.TacletPBuilder Override: #seLeft (program SimpleExpression) #seLeft (program SimpleExpression) 
34691      ERROR Test worker     d.u.i.k.n.b.TacletPBuilder Override: #nseRight (program NonSimpleExpression) #nseRight (program NonSimpleExpression) 
34691      ERROR Test worker     d.u.i.k.n.b.TacletPBuilder Override: post (formula) post (formula) 
34691      ERROR Test worker     d.u.i.k.n.b.AbstractBuilder  com.github.javaparser.resolution.UnsolvedSymbolException: Unsolved symbol in de.uka.ilkd.key.java.JavaParserFactory$DynamicTypeSolver@725185cc : java.lang.Object
	at com.github.javaparser.resolution.TypeSolver.solveType(TypeSolver.java:71)

34691      ERROR Test worker     d.u.i.k.n.b.TacletPBuilder Error in parsing taclet. de.uka.ilkd.key.util.parsing.BuildingException: Unsolved symbol in de.uka.ilkd.key.java.JavaParserFactory$DynamicTypeSolver@725185cc : java.lang.Object at file:/D:/a/key/key/key.core/build/resources/main/de/uka/ilkd/key/proof/rules/adtProgramDecompositionRules.key:215:15
	at de.uka.ilkd.key.nparser.builder.AbstractBuilder.accept(AbstractBuilder.java:54)
Caused by: com.github.javaparser.resolution.UnsolvedSymbolException: Unsolved symbol in de.uka.ilkd.key.java.JavaParserFactory$DynamicTypeSolver@725185cc : java.lang.Object
	at com.github.javaparser.resolution.TypeSolver.solveType(TypeSolver.java:71)

34691      ERROR Test worker     d.u.i.k.n.b.TacletPBuilder Override: #v (program Variable) #v (program Variable) 
34691      ERROR Test worker     d.u.i.k.n.b.TacletPBuilder Override: #vLeftNew (program Variable) #vLeftNew (program Variable) 
34691      ERROR Test worker     d.u.i.k.n.b.TacletPBuilder Override: #nseLeft (program NonSimpleExpression) #nseLeft (program NonSimpleExpression) 
34691      ERROR Test worker     d.u.i.k.n.b.TacletPBuilder Override: #eRight (program Expression) #eRight (program Expression) 
34691      ERROR Test worker     d.u.i.k.n.b.TacletPBuilder Override: post (formula) post (formula) 
34691      ERROR Test worker     d.u.i.k.n.b.AbstractBuilder  com.github.javaparser.resolution.UnsolvedSymbolException: Unsolved symbol in de.uka.ilkd.key.java.JavaParserFactory$DynamicTypeSolver@725185cc : java.lang.Object
	at com.github.javaparser.resolution.TypeSolver.solveType(TypeSolver.java:71)

34691      ERROR Test worker     d.u.i.k.n.b.TacletPBuilder Error in parsing taclet. de.uka.ilkd.key.util.parsing.BuildingException: Unsolved symbol in de.uka.ilkd.key.java.JavaParserFactory$DynamicTypeSolver@725185cc : java.lang.Object at file:/D:/a/key/key/key.core/build/resources/main/de/uka/ilkd/key/proof/rules/adtProgramDecompositionRules.key:228:15
	at de.uka.ilkd.key.nparser.builder.AbstractBuilder.accept(AbstractBuilder.java:54)
Caused by: com.github.javaparser.resolution.UnsolvedSymbolException: Unsolved symbol in de.uka.ilkd.key.java.JavaParserFactory$DynamicTypeSolver@725185cc : java.lang.Object
	at com.github.javaparser.resolution.TypeSolver.solveType(TypeSolver.java:71)

34691      ERROR Test worker     d.u.i.k.n.b.TacletPBuilder Override: #v (program Variable) #v (program Variable) 
34691      ERROR Test worker     d.u.i.k.n.b.TacletPBuilder Override: #seLeft (program SimpleExpression) #seLeft (program SimpleExpression) 
34691      ERROR Test worker     d.u.i.k.n.b.TacletPBuilder Override: #eRight (program Expression) #eRight (program Expression) 
34691      ERROR Test worker     d.u.i.k.n.b.TacletPBuilder Override: post (formula) post (formula) 
34691      ERROR Test worker     d.u.i.k.n.b.AbstractBuilder  com.github.javaparser.resolution.UnsolvedSymbolException: Unsolved symbol in de.uka.ilkd.key.java.JavaParserFactory$DynamicTypeSolver@725185cc : java.lang.Object
	at com.github.javaparser.resolution.TypeSolver.solveType(TypeSolver.java:71)

34691      ERROR Test worker     d.u.i.k.n.b.TacletPBuilder Error in parsing taclet. de.uka.ilkd.key.util.parsing.BuildingException: Unsolved symbol in de.uka.ilkd.key.java.JavaParserFactory$DynamicTypeSolver@725185cc : java.lang.Object at file:/D:/a/key/key/key.core/build/resources/main/de/uka/ilkd/key/proof/rules/adtProgramDecompositionRules.key:243:15
	at de.uka.ilkd.key.nparser.builder.AbstractBuilder.accept(AbstractBuilder.java:54)
Caused by: com.github.javaparser.resolution.UnsolvedSymbolException: Unsolved symbol in de.uka.ilkd.key.java.JavaParserFactory$DynamicTypeSolver@725185cc : java.lang.Object
	at com.github.javaparser.resolution.TypeSolver.solveType(TypeSolver.java:71)

34691      ERROR Test worker     d.u.i.k.n.b.TacletPBuilder Override: #v (program Variable) #v (program Variable) 
34691      ERROR Test worker     d.u.i.k.n.b.TacletPBuilder Override: #vRightNew (program Variable) #vRightNew (program Variable) 
34691      ERROR Test worker     d.u.i.k.n.b.TacletPBuilder Override: #seLeft (program SimpleExpression) #seLeft (program SimpleExpression) 
34691      ERROR Test worker     d.u.i.k.n.b.TacletPBuilder Override: #nseRight (program NonSimpleExpression) #nseRight (program NonSimpleExpression) 
34691      ERROR Test worker     d.u.i.k.n.b.TacletPBuilder Override: post (formula) post (formula) 
34691      ERROR Test worker     d.u.i.k.n.b.AbstractBuilder  com.github.javaparser.resolution.UnsolvedSymbolException: Unsolved symbol in de.uka.ilkd.key.java.JavaParserFactory$DynamicTypeSolver@725185cc : java.lang.Object
	at com.github.javaparser.resolution.TypeSolver.solveType(TypeSolver.java:71)

34691      ERROR Test worker     d.u.i.k.n.b.TacletPBuilder Error in parsing taclet. de.uka.ilkd.key.util.parsing.BuildingException: Unsolved symbol in de.uka.ilkd.key.java.JavaParserFactory$DynamicTypeSolver@725185cc : java.lang.Object at file:/D:/a/key/key/key.core/build/resources/main/de/uka/ilkd/key/proof/rules/adtProgramDecompositionRules.key:256:15
	at de.uka.ilkd.key.nparser.builder.AbstractBuilder.accept(AbstractBuilder.java:54)
Caused by: com.github.javaparser.resolution.UnsolvedSymbolException: Unsolved symbol in de.uka.ilkd.key.java.JavaParserFactory$DynamicTypeSolver@725185cc : java.lang.Object
	at com.github.javaparser.resolution.TypeSolver.solveType(TypeSolver.java:71)

34691      ERROR Test worker     d.u.i.k.n.b.TacletPBuilder Override: #v (program Variable) #v (program Variable) 
34691      ERROR Test worker     d.u.i.k.n.b.TacletPBuilder Override: post (formula) post (formula) 
34691      ERROR Test worker     d.u.i.k.n.b.AbstractBuilder  com.github.javaparser.resolution.UnsolvedSymbolException: Unsolved symbol in de.uka.ilkd.key.java.JavaParserFactory$DynamicTypeSolver@725185cc : java.lang.Object
	at com.github.javaparser.resolution.TypeSolver.solveType(TypeSolver.java:71)

34691      ERROR Test worker     d.u.i.k.n.b.TacletPBuilder Error in parsing taclet. de.uka.ilkd.key.util.parsing.BuildingException: Unsolved symbol in de.uka.ilkd.key.java.JavaParserFactory$DynamicTypeSolver@725185cc : java.lang.Object at file:/D:/a/key/key/key.core/build/resources/main/de/uka/ilkd/key/proof/rules/adtProgramDecompositionRules.key:268:15
	at de.uka.ilkd.key.nparser.builder.AbstractBuilder.accept(AbstractBuilder.java:54)
Caused by: com.github.javaparser.resolution.UnsolvedSymbolException: Unsolved symbol in de.uka.ilkd.key.java.JavaParserFactory$DynamicTypeSolver@725185cc : java.lang.Object
	at com.github.javaparser.resolution.TypeSolver.solveType(TypeSolver.java:71)

34691      ERROR Test worker     d.u.i.k.n.b.TacletPBuilder Override: #v (program Variable) #v (program Variable) 
34691      ERROR Test worker     d.u.i.k.n.b.TacletPBuilder Override: #vNew (program Variable) #vNew (program Variable) 
34691      ERROR Test worker     d.u.i.k.n.b.TacletPBuilder Override: #nse (program NonSimpleExpression) #nse (program NonSimpleExpression) 
34691      ERROR Test worker     d.u.i.k.n.b.TacletPBuilder Override: post (formula) post (formula) 
34691      ERROR Test worker     d.u.i.k.n.b.AbstractBuilder  com.github.javaparser.resolution.UnsolvedSymbolException: Unsolved symbol in de.uka.ilkd.key.java.JavaParserFactory$DynamicTypeSolver@725185cc : java.lang.Object
	at com.github.javaparser.resolution.TypeSolver.solveType(TypeSolver.java:71)

34691      ERROR Test worker     d.u.i.k.n.b.TacletPBuilder Error in parsing taclet. de.uka.ilkd.key.util.parsing.BuildingException: Unsolved symbol in de.uka.ilkd.key.java.JavaParserFactory$DynamicTypeSolver@725185cc : java.lang.Object at file:/D:/a/key/key/key.core/build/resources/main/de/uka/ilkd/key/proof/rules/adtProgramDecompositionRules.key:281:15
	at de.uka.ilkd.key.nparser.builder.AbstractBuilder.accept(AbstractBuilder.java:54)
Caused by: com.github.javaparser.resolution.UnsolvedSymbolException: Unsolved symbol in de.uka.ilkd.key.java.JavaParserFactory$DynamicTypeSolver@725185cc : java.lang.Object
	at com.github.javaparser.resolution.TypeSolver.solveType(TypeSolver.java:71)

34691      ERROR Test worker     d.u.i.k.n.b.TacletPBuilder Override: #v (program Variable) #v (program Variable) 
34691      ERROR Test worker     d.u.i.k.n.b.TacletPBuilder Override: #vNew (program Variable) #vNew (program Variable) 
34691      ERROR Test worker     d.u.i.k.n.b.TacletPBuilder Override: #nse (program NonSimpleExpression) #nse (program NonSimpleExpression) 
34691      ERROR Test worker     d.u.i.k.n.b.TacletPBuilder Override: post (formula) post (formula) 
34706      ERROR Test worker     d.u.i.k.n.b.AbstractBuilder  com.github.javaparser.resolution.UnsolvedSymbolException: Unsolved symbol in de.uka.ilkd.key.java.JavaParserFactory$DynamicTypeSolver@725185cc : java.lang.Object
	at com.github.javaparser.resolution.TypeSolver.solveType(TypeSolver.java:71)

34706      ERROR Test worker     d.u.i.k.n.b.TacletPBuilder Error in parsing taclet. de.uka.ilkd.key.util.parsing.BuildingException: Unsolved symbol in de.uka.ilkd.key.java.JavaParserFactory$DynamicTypeSolver@725185cc : java.lang.Object at file:/D:/a/key/key/key.core/build/resources/main/de/uka/ilkd/key/proof/rules/adtProgramDecompositionRules.key:294:15
	at de.uka.ilkd.key.nparser.builder.AbstractBuilder.accept(AbstractBuilder.java:54)
Caused by: com.github.javaparser.resolution.UnsolvedSymbolException: Unsolved symbol in de.uka.ilkd.key.java.JavaParserFactory$DynamicTypeSolver@725185cc : java.lang.Object
	at com.github.javaparser.resolution.TypeSolver.solveType(TypeSolver.java:71)

34816      ERROR Test worker     d.u.i.k.n.b.AbstractBuilder  com.github.javaparser.resolution.UnsolvedSymbolException: Unsolved symbol in de.uka.ilkd.key.java.JavaParserFactory$DynamicTypeSolver@725185cc : java.lang.Object
	at com.github.javaparser.resolution.TypeSolver.solveType(TypeSolver.java:71)

34816      ERROR Test worker     d.u.i.k.n.b.TacletPBuilder Error in parsing taclet. de.uka.ilkd.key.util.parsing.BuildingException: Unsolved symbol in de.uka.ilkd.key.java.JavaParserFactory$DynamicTypeSolver@725185cc : java.lang.Object at file:/D:/a/key/key/key.core/build/resources/main/de/uka/ilkd/key/proof/rules/forLoopRules.key:12:15
	at de.uka.ilkd.key.nparser.builder.AbstractBuilder.accept(AbstractBuilder.java:54)
Caused by: com.github.javaparser.resolution.UnsolvedSymbolException: Unsolved symbol in de.uka.ilkd.key.java.JavaParserFactory$DynamicTypeSolver@725185cc : java.lang.Object
	at com.github.javaparser.resolution.TypeSolver.solveType(TypeSolver.java:71)

34816      ERROR Test worker     d.u.i.k.n.b.AbstractBuilder  com.github.javaparser.resolution.UnsolvedSymbolException: Unsolved symbol in de.uka.ilkd.key.java.JavaParserFactory$DynamicTypeSolver@725185cc : java.lang.Object
	at com.github.javaparser.resolution.TypeSolver.solveType(TypeSolver.java:71)

34816      ERROR Test worker     d.u.i.k.n.b.TacletPBuilder Error in parsing taclet. de.uka.ilkd.key.util.parsing.BuildingException: Unsolved symbol in de.uka.ilkd.key.java.JavaParserFactory$DynamicTypeSolver@725185cc : java.lang.Object at file:/D:/a/key/key/key.core/build/resources/main/de/uka/ilkd/key/proof/rules/execRules.key:26:13
	at de.uka.ilkd.key.nparser.builder.AbstractBuilder.accept(AbstractBuilder.java:54)
Caused by: com.github.javaparser.resolution.UnsolvedSymbolException: Unsolved symbol in de.uka.ilkd.key.java.JavaParserFactory$DynamicTypeSolver@725185cc : java.lang.Object
	at com.github.javaparser.resolution.TypeSolver.solveType(TypeSolver.java:71)

34816      ERROR Test worker     d.u.i.k.n.b.AbstractBuilder  com.github.javaparser.resolution.UnsolvedSymbolException: Unsolved symbol in de.uka.ilkd.key.java.JavaParserFactory$DynamicTypeSolver@725185cc : java.lang.Object
	at com.github.javaparser.resolution.TypeSolver.solveType(TypeSolver.java:71)

34831      ERROR Test worker     d.u.i.k.n.b.TacletPBuilder Error in parsing taclet. de.uka.ilkd.key.util.parsing.BuildingException: Unsolved symbol in de.uka.ilkd.key.java.JavaParserFactory$DynamicTypeSolver@725185cc : java.lang.Object at file:/D:/a/key/key/key.core/build/resources/main/de/uka/ilkd/key/proof/rules/execRules.key:37:13
	at de.uka.ilkd.key.nparser.builder.AbstractBuilder.accept(AbstractBuilder.java:54)
Caused by: com.github.javaparser.resolution.UnsolvedSymbolException: Unsolved symbol in de.uka.ilkd.key.java.JavaParserFactory$DynamicTypeSolver@725185cc : java.lang.Object
	at com.github.javaparser.resolution.TypeSolver.solveType(TypeSolver.java:71)

34831      ERROR Test worker     d.u.i.k.n.b.AbstractBuilder  com.github.javaparser.resolution.UnsolvedSymbolException: Unsolved symbol in de.uka.ilkd.key.java.JavaParserFactory$DynamicTypeSolver@725185cc : java.lang.Object
	at com.github.javaparser.resolution.TypeSolver.solveType(TypeSolver.java:71)

34831      ERROR Test worker     d.u.i.k.n.b.TacletPBuilder Error in parsing taclet. de.uka.ilkd.key.util.parsing.BuildingException: Unsolved symbol in de.uka.ilkd.key.java.JavaParserFactory$DynamicTypeSolver@725185cc : java.lang.Object at file:/D:/a/key/key/key.core/build/resources/main/de/uka/ilkd/key/proof/rules/execRules.key:50:13
	at de.uka.ilkd.key.nparser.builder.AbstractBuilder.accept(AbstractBuilder.java:54)
Caused by: com.github.javaparser.resolution.UnsolvedSymbolException: Unsolved symbol in de.uka.ilkd.key.java.JavaParserFactory$DynamicTypeSolver@725185cc : java.lang.Object
	at com.github.javaparser.resolution.TypeSolver.solveType(TypeSolver.java:71)

34831      ERROR Test worker     d.u.i.k.n.b.AbstractBuilder  com.github.javaparser.resolution.UnsolvedSymbolException: Unsolved symbol in de.uka.ilkd.key.java.JavaParserFactory$DynamicTypeSolver@725185cc : java.lang.Object
	at com.github.javaparser.resolution.TypeSolver.solveType(TypeSolver.java:71)

34831      ERROR Test worker     d.u.i.k.n.b.TacletPBuilder Error in parsing taclet. de.uka.ilkd.key.util.parsing.BuildingException: Unsolved symbol in de.uka.ilkd.key.java.JavaParserFactory$DynamicTypeSolver@725185cc : java.lang.Object at file:/D:/a/key/key/key.core/build/resources/main/de/uka/ilkd/key/proof/rules/execRules.key:64:13
	at de.uka.ilkd.key.nparser.builder.AbstractBuilder.accept(AbstractBuilder.java:54)
Caused by: com.github.javaparser.resolution.UnsolvedSymbolException: Unsolved symbol in de.uka.ilkd.key.java.JavaParserFactory$DynamicTypeSolver@725185cc : java.lang.Object
	at com.github.javaparser.resolution.TypeSolver.solveType(TypeSolver.java:71)

34831      ERROR Test worker     d.u.i.k.n.b.AbstractBuilder  com.github.javaparser.resolution.UnsolvedSymbolException: Unsolved symbol in de.uka.ilkd.key.java.JavaParserFactory$DynamicTypeSolver@725185cc : java.lang.Object
	at com.github.javaparser.resolution.TypeSolver.solveType(TypeSolver.java:71)

34831      ERROR Test worker     d.u.i.k.n.b.TacletPBuilder Error in parsing taclet. de.uka.ilkd.key.util.parsing.BuildingException: Unsolved symbol in de.uka.ilkd.key.java.JavaParserFactory$DynamicTypeSolver@725185cc : java.lang.Object at file:/D:/a/key/key/key.core/build/resources/main/de/uka/ilkd/key/proof/rules/execRules.key:83:13
	at de.uka.ilkd.key.nparser.builder.AbstractBuilder.accept(AbstractBuilder.java:54)
Caused by: com.github.javaparser.resolution.UnsolvedSymbolException: Unsolved symbol in de.uka.ilkd.key.java.JavaParserFactory$DynamicTypeSolver@725185cc : java.lang.Object
	at com.github.javaparser.resolution.TypeSolver.solveType(TypeSolver.java:71)

34831      ERROR Test worker     d.u.i.k.n.b.AbstractBuilder  com.github.javaparser.resolution.UnsolvedSymbolException: Unsolved symbol in de.uka.ilkd.key.java.JavaParserFactory$DynamicTypeSolver@725185cc : java.lang.Object
	at com.github.javaparser.resolution.TypeSolver.solveType(TypeSolver.java:71)

34831      ERROR Test worker     d.u.i.k.n.b.TacletPBuilder Error in parsing taclet. de.uka.ilkd.key.util.parsing.BuildingException: Unsolved symbol in de.uka.ilkd.key.java.JavaParserFactory$DynamicTypeSolver@725185cc : java.lang.Object at file:/D:/a/key/key/key.core/build/resources/main/de/uka/ilkd/key/proof/rules/execRules.key:97:13
	at de.uka.ilkd.key.nparser.builder.AbstractBuilder.accept(AbstractBuilder.java:54)
Caused by: com.github.javaparser.resolution.UnsolvedSymbolException: Unsolved symbol in de.uka.ilkd.key.java.JavaParserFactory$DynamicTypeSolver@725185cc : java.lang.Object
	at com.github.javaparser.resolution.TypeSolver.solveType(TypeSolver.java:71)

34831      ERROR Test worker     d.u.i.k.n.b.AbstractBuilder  com.github.javaparser.resolution.UnsolvedSymbolException: Unsolved symbol in de.uka.ilkd.key.java.JavaParserFactory$DynamicTypeSolver@725185cc : java.lang.Object
	at com.github.javaparser.resolution.TypeSolver.solveType(TypeSolver.java:71)

34831      ERROR Test worker     d.u.i.k.n.b.TacletPBuilder Error in parsing taclet. de.uka.ilkd.key.util.parsing.BuildingException: Unsolved symbol in de.uka.ilkd.key.java.JavaParserFactory$DynamicTypeSolver@725185cc : java.lang.Object at file:/D:/a/key/key/key.core/build/resources/main/de/uka/ilkd/key/proof/rules/execRules.key:111:13
	at de.uka.ilkd.key.nparser.builder.AbstractBuilder.accept(AbstractBuilder.java:54)
Caused by: com.github.javaparser.resolution.UnsolvedSymbolException: Unsolved symbol in de.uka.ilkd.key.java.JavaParserFactory$DynamicTypeSolver@725185cc : java.lang.Object
	at com.github.javaparser.resolution.TypeSolver.solveType(TypeSolver.java:71)

34831      ERROR Test worker     d.u.i.k.n.b.AbstractBuilder  com.github.javaparser.resolution.UnsolvedSymbolException: Unsolved symbol in de.uka.ilkd.key.java.JavaParserFactory$DynamicTypeSolver@725185cc : java.lang.Object
	at com.github.javaparser.resolution.TypeSolver.solveType(TypeSolver.java:71)

34831      ERROR Test worker     d.u.i.k.n.b.TacletPBuilder Error in parsing taclet. de.uka.ilkd.key.util.parsing.BuildingException: Unsolved symbol in de.uka.ilkd.key.java.JavaParserFactory$DynamicTypeSolver@725185cc : java.lang.Object at file:/D:/a/key/key/key.core/build/resources/main/de/uka/ilkd/key/proof/rules/execRules.key:125:13
	at de.uka.ilkd.key.nparser.builder.AbstractBuilder.accept(AbstractBuilder.java:54)
Caused by: com.github.javaparser.resolution.UnsolvedSymbolException: Unsolved symbol in de.uka.ilkd.key.java.JavaParserFactory$DynamicTypeSolver@725185cc : java.lang.Object
	at com.github.javaparser.resolution.TypeSolver.solveType(TypeSolver.java:71)

34831      ERROR Test worker     d.u.i.k.n.b.AbstractBuilder  com.github.javaparser.resolution.UnsolvedSymbolException: Unsolved symbol in de.uka.ilkd.key.java.JavaParserFactory$DynamicTypeSolver@725185cc : java.lang.Object
	at com.github.javaparser.resolution.TypeSolver.solveType(TypeSolver.java:71)

34831      ERROR Test worker     d.u.i.k.n.b.TacletPBuilder Error in parsing taclet. de.uka.ilkd.key.util.parsing.BuildingException: Unsolved symbol in de.uka.ilkd.key.java.JavaParserFactory$DynamicTypeSolver@725185cc : java.lang.Object at file:/D:/a/key/key/key.core/build/resources/main/de/uka/ilkd/key/proof/rules/execRules.key:139:13
	at de.uka.ilkd.key.nparser.builder.AbstractBuilder.accept(AbstractBuilder.java:54)
Caused by: com.github.javaparser.resolution.UnsolvedSymbolException: Unsolved symbol in de.uka.ilkd.key.java.JavaParserFactory$DynamicTypeSolver@725185cc : java.lang.Object
	at com.github.javaparser.resolution.TypeSolver.solveType(TypeSolver.java:71)

34831      ERROR Test worker     d.u.i.k.n.b.AbstractBuilder  com.github.javaparser.resolution.UnsolvedSymbolException: Unsolved symbol in de.uka.ilkd.key.java.JavaParserFactory$DynamicTypeSolver@725185cc : java.lang.Object
	at com.github.javaparser.resolution.TypeSolver.solveType(TypeSolver.java:71)

34831      ERROR Test worker     d.u.i.k.n.b.TacletPBuilder Error in parsing taclet. de.uka.ilkd.key.util.parsing.BuildingException: Unsolved symbol in de.uka.ilkd.key.java.JavaParserFactory$DynamicTypeSolver@725185cc : java.lang.Object at file:/D:/a/key/key/key.core/build/resources/main/de/uka/ilkd/key/proof/rules/execRules.key:153:13
	at de.uka.ilkd.key.nparser.builder.AbstractBuilder.accept(AbstractBuilder.java:54)
Caused by: com.github.javaparser.resolution.UnsolvedSymbolException: Unsolved symbol in de.uka.ilkd.key.java.JavaParserFactory$DynamicTypeSolver@725185cc : java.lang.Object
	at com.github.javaparser.resolution.TypeSolver.solveType(TypeSolver.java:71)

34831      ERROR Test worker     d.u.i.k.n.b.AbstractBuilder  com.github.javaparser.resolution.UnsolvedSymbolException: Unsolved symbol in de.uka.ilkd.key.java.JavaParserFactory$DynamicTypeSolver@725185cc : java.lang.Object
	at com.github.javaparser.resolution.TypeSolver.solveType(TypeSolver.java:71)

34831      ERROR Test worker     d.u.i.k.n.b.TacletPBuilder Error in parsing taclet. de.uka.ilkd.key.util.parsing.BuildingException: Unsolved symbol in de.uka.ilkd.key.java.JavaParserFactory$DynamicTypeSolver@725185cc : java.lang.Object at file:/D:/a/key/key/key.core/build/resources/main/de/uka/ilkd/key/proof/rules/execRules.key:170:15
	at de.uka.ilkd.key.nparser.builder.AbstractBuilder.accept(AbstractBuilder.java:54)
Caused by: com.github.javaparser.resolution.UnsolvedSymbolException: Unsolved symbol in de.uka.ilkd.key.java.JavaParserFactory$DynamicTypeSolver@725185cc : java.lang.Object
	at com.github.javaparser.resolution.TypeSolver.solveType(TypeSolver.java:71)

34847      ERROR Test worker     d.u.i.k.n.b.AbstractBuilder  com.github.javaparser.resolution.UnsolvedSymbolException: Unsolved symbol in de.uka.ilkd.key.java.JavaParserFactory$DynamicTypeSolver@725185cc : java.lang.Object
	at com.github.javaparser.resolution.TypeSolver.solveType(TypeSolver.java:71)

34847      ERROR Test worker     d.u.i.k.n.b.TacletPBuilder Error in parsing taclet. de.uka.ilkd.key.util.parsing.BuildingException: Unsolved symbol in de.uka.ilkd.key.java.JavaParserFactory$DynamicTypeSolver@725185cc : java.lang.Object at file:/D:/a/key/key/key.core/build/resources/main/de/uka/ilkd/key/proof/rules/execRules.key:187:15
	at de.uka.ilkd.key.nparser.builder.AbstractBuilder.accept(AbstractBuilder.java:54)
Caused by: com.github.javaparser.resolution.UnsolvedSymbolException: Unsolved symbol in de.uka.ilkd.key.java.JavaParserFactory$DynamicTypeSolver@725185cc : java.lang.Object
	at com.github.javaparser.resolution.TypeSolver.solveType(TypeSolver.java:71)

34847      ERROR Test worker     d.u.i.k.n.b.AbstractBuilder  com.github.javaparser.resolution.UnsolvedSymbolException: Unsolved symbol in de.uka.ilkd.key.java.JavaParserFactory$DynamicTypeSolver@725185cc : java.lang.Object
	at com.github.javaparser.resolution.TypeSolver.solveType(TypeSolver.java:71)

34847      ERROR Test worker     d.u.i.k.n.b.TacletPBuilder Error in parsing taclet. de.uka.ilkd.key.util.parsing.BuildingException: Unsolved symbol in de.uka.ilkd.key.java.JavaParserFactory$DynamicTypeSolver@725185cc : java.lang.Object at file:/D:/a/key/key/key.core/build/resources/main/de/uka/ilkd/key/proof/rules/execRules.key:218:15
	at de.uka.ilkd.key.nparser.builder.AbstractBuilder.accept(AbstractBuilder.java:54)
Caused by: com.github.javaparser.resolution.UnsolvedSymbolException: Unsolved symbol in de.uka.ilkd.key.java.JavaParserFactory$DynamicTypeSolver@725185cc : java.lang.Object
	at com.github.javaparser.resolution.TypeSolver.solveType(TypeSolver.java:71)

34847      ERROR Test worker     d.u.i.k.n.b.AbstractBuilder  com.github.javaparser.resolution.UnsolvedSymbolException: Unsolved symbol in de.uka.ilkd.key.java.JavaParserFactory$DynamicTypeSolver@725185cc : java.lang.Object
	at com.github.javaparser.resolution.TypeSolver.solveType(TypeSolver.java:71)

34847      ERROR Test worker     d.u.i.k.n.b.TacletPBuilder Error in parsing taclet. de.uka.ilkd.key.util.parsing.BuildingException: Unsolved symbol in de.uka.ilkd.key.java.JavaParserFactory$DynamicTypeSolver@725185cc : java.lang.Object at file:/D:/a/key/key/key.core/build/resources/main/de/uka/ilkd/key/proof/rules/execRules.key:235:15
	at de.uka.ilkd.key.nparser.builder.AbstractBuilder.accept(AbstractBuilder.java:54)
Caused by: com.github.javaparser.resolution.UnsolvedSymbolException: Unsolved symbol in de.uka.ilkd.key.java.JavaParserFactory$DynamicTypeSolver@725185cc : java.lang.Object
	at com.github.javaparser.resolution.TypeSolver.solveType(TypeSolver.java:71)

34847      ERROR Test worker     d.u.i.k.n.b.AbstractBuilder  com.github.javaparser.resolution.UnsolvedSymbolException: Unsolved symbol in de.uka.ilkd.key.java.JavaParserFactory$DynamicTypeSolver@725185cc : java.lang.Object
	at com.github.javaparser.resolution.TypeSolver.solveType(TypeSolver.java:71)

34847      ERROR Test worker     d.u.i.k.n.b.TacletPBuilder Error in parsing taclet. de.uka.ilkd.key.util.parsing.BuildingException: Unsolved symbol in de.uka.ilkd.key.java.JavaParserFactory$DynamicTypeSolver@725185cc : java.lang.Object at file:/D:/a/key/key/key.core/build/resources/main/de/uka/ilkd/key/proof/rules/execRules.key:252:15
	at de.uka.ilkd.key.nparser.builder.AbstractBuilder.accept(AbstractBuilder.java:54)
Caused by: com.github.javaparser.resolution.UnsolvedSymbolException: Unsolved symbol in de.uka.ilkd.key.java.JavaParserFactory$DynamicTypeSolver@725185cc : java.lang.Object
	at com.github.javaparser.resolution.TypeSolver.solveType(TypeSolver.java:71)

34847      ERROR Test worker     d.u.i.k.n.b.AbstractBuilder  com.github.javaparser.resolution.UnsolvedSymbolException: Unsolved symbol in de.uka.ilkd.key.java.JavaParserFactory$DynamicTypeSolver@725185cc : java.lang.Object
	at com.github.javaparser.resolution.TypeSolver.solveType(TypeSolver.java:71)

34863      ERROR Test worker     d.u.i.k.n.b.TacletPBuilder Error in parsing taclet. de.uka.ilkd.key.util.parsing.BuildingException: Unsolved symbol in de.uka.ilkd.key.java.JavaParserFactory$DynamicTypeSolver@725185cc : java.lang.Object at file:/D:/a/key/key/key.core/build/resources/main/de/uka/ilkd/key/proof/rules/execRules.key:269:15
	at de.uka.ilkd.key.nparser.builder.AbstractBuilder.accept(AbstractBuilder.java:54)
Caused by: com.github.javaparser.resolution.UnsolvedSymbolException: Unsolved symbol in de.uka.ilkd.key.java.JavaParserFactory$DynamicTypeSolver@725185cc : java.lang.Object
	at com.github.javaparser.resolution.TypeSolver.solveType(TypeSolver.java:71)

34863      ERROR Test worker     d.u.i.k.n.b.AbstractBuilder  com.github.javaparser.resolution.UnsolvedSymbolException: Unsolved symbol in de.uka.ilkd.key.java.JavaParserFactory$DynamicTypeSolver@725185cc : java.lang.Object
	at com.github.javaparser.resolution.TypeSolver.solveType(TypeSolver.java:71)

34863      ERROR Test worker     d.u.i.k.n.b.TacletPBuilder Error in parsing taclet. de.uka.ilkd.key.util.parsing.BuildingException: Unsolved symbol in de.uka.ilkd.key.java.JavaParserFactory$DynamicTypeSolver@725185cc : java.lang.Object at file:/D:/a/key/key/key.core/build/resources/main/de/uka/ilkd/key/proof/rules/execRules.key:286:15
	at de.uka.ilkd.key.nparser.builder.AbstractBuilder.accept(AbstractBuilder.java:54)
Caused by: com.github.javaparser.resolution.UnsolvedSymbolException: Unsolved symbol in de.uka.ilkd.key.java.JavaParserFactory$DynamicTypeSolver@725185cc : java.lang.Object
	at com.github.javaparser.resolution.TypeSolver.solveType(TypeSolver.java:71)

34863      ERROR Test worker     d.u.i.k.n.b.AbstractBuilder  com.github.javaparser.resolution.UnsolvedSymbolException: Unsolved symbol in de.uka.ilkd.key.java.JavaParserFactory$DynamicTypeSolver@725185cc : java.lang.Object
	at com.github.javaparser.resolution.TypeSolver.solveType(TypeSolver.java:71)

34863      ERROR Test worker     d.u.i.k.n.b.TacletPBuilder Error in parsing taclet. de.uka.ilkd.key.util.parsing.BuildingException: Unsolved symbol in de.uka.ilkd.key.java.JavaParserFactory$DynamicTypeSolver@725185cc : java.lang.Object at file:/D:/a/key/key/key.core/build/resources/main/de/uka/ilkd/key/proof/rules/execRules.key:303:15
	at de.uka.ilkd.key.nparser.builder.AbstractBuilder.accept(AbstractBuilder.java:54)
Caused by: com.github.javaparser.resolution.UnsolvedSymbolException: Unsolved symbol in de.uka.ilkd.key.java.JavaParserFactory$DynamicTypeSolver@725185cc : java.lang.Object
	at com.github.javaparser.resolution.TypeSolver.solveType(TypeSolver.java:71)

34863      ERROR Test worker     d.u.i.k.n.b.AbstractBuilder  com.github.javaparser.resolution.UnsolvedSymbolException: Unsolved symbol in de.uka.ilkd.key.java.JavaParserFactory$DynamicTypeSolver@725185cc : java.lang.Object
	at com.github.javaparser.resolution.TypeSolver.solveType(TypeSolver.java:71)

34863      ERROR Test worker     d.u.i.k.n.b.TacletPBuilder Error in parsing taclet. de.uka.ilkd.key.util.parsing.BuildingException: Unsolved symbol in de.uka.ilkd.key.java.JavaParserFactory$DynamicTypeSolver@725185cc : java.lang.Object at file:/D:/a/key/key/key.core/build/resources/main/de/uka/ilkd/key/proof/rules/execRules.key:320:15
	at de.uka.ilkd.key.nparser.builder.AbstractBuilder.accept(AbstractBuilder.java:54)
Caused by: com.github.javaparser.resolution.UnsolvedSymbolException: Unsolved symbol in de.uka.ilkd.key.java.JavaParserFactory$DynamicTypeSolver@725185cc : java.lang.Object
	at com.github.javaparser.resolution.TypeSolver.solveType(TypeSolver.java:71)

34863      ERROR Test worker     d.u.i.k.n.b.AbstractBuilder  com.github.javaparser.resolution.UnsolvedSymbolException: Unsolved symbol in de.uka.ilkd.key.java.JavaParserFactory$DynamicTypeSolver@725185cc : java.lang.Object
	at com.github.javaparser.resolution.TypeSolver.solveType(TypeSolver.java:71)

34863      ERROR Test worker     d.u.i.k.n.b.TacletPBuilder Error in parsing taclet. de.uka.ilkd.key.util.parsing.BuildingException: Unsolved symbol in de.uka.ilkd.key.java.JavaParserFactory$DynamicTypeSolver@725185cc : java.lang.Object at file:/D:/a/key/key/key.core/build/resources/main/de/uka/ilkd/key/proof/rules/execRules.key:337:15
	at de.uka.ilkd.key.nparser.builder.AbstractBuilder.accept(AbstractBuilder.java:54)
Caused by: com.github.javaparser.resolution.UnsolvedSymbolException: Unsolved symbol in de.uka.ilkd.key.java.JavaParserFactory$DynamicTypeSolver@725185cc : java.lang.Object
	at com.github.javaparser.resolution.TypeSolver.solveType(TypeSolver.java:71)

34863      ERROR Test worker     d.u.i.k.n.b.AbstractBuilder  com.github.javaparser.resolution.UnsolvedSymbolException: Unsolved symbol in de.uka.ilkd.key.java.JavaParserFactory$DynamicTypeSolver@725185cc : java.lang.Object
	at com.github.javaparser.resolution.TypeSolver.solveType(TypeSolver.java:71)

34863      ERROR Test worker     d.u.i.k.n.b.TacletPBuilder Error in parsing taclet. de.uka.ilkd.key.util.parsing.BuildingException: Unsolved symbol in de.uka.ilkd.key.java.JavaParserFactory$DynamicTypeSolver@725185cc : java.lang.Object at file:/D:/a/key/key/key.core/build/resources/main/de/uka/ilkd/key/proof/rules/execRules.key:355:13
	at de.uka.ilkd.key.nparser.builder.AbstractBuilder.accept(AbstractBuilder.java:54)
Caused by: com.github.javaparser.resolution.UnsolvedSymbolException: Unsolved symbol in de.uka.ilkd.key.java.JavaParserFactory$DynamicTypeSolver@725185cc : java.lang.Object
	at com.github.javaparser.resolution.TypeSolver.solveType(TypeSolver.java:71)

34863      ERROR Test worker     d.u.i.k.n.b.AbstractBuilder  com.github.javaparser.resolution.UnsolvedSymbolException: Unsolved symbol in de.uka.ilkd.key.java.JavaParserFactory$DynamicTypeSolver@725185cc : java.lang.Object
	at com.github.javaparser.resolution.TypeSolver.solveType(TypeSolver.java:71)

34863      ERROR Test worker     d.u.i.k.n.b.TacletPBuilder Error in parsing taclet. de.uka.ilkd.key.util.parsing.BuildingException: Unsolved symbol in de.uka.ilkd.key.java.JavaParserFactory$DynamicTypeSolver@725185cc : java.lang.Object at file:/D:/a/key/key/key.core/build/resources/main/de/uka/ilkd/key/proof/rules/execRules.key:370:15
	at de.uka.ilkd.key.nparser.builder.AbstractBuilder.accept(AbstractBuilder.java:54)
Caused by: com.github.javaparser.resolution.UnsolvedSymbolException: Unsolved symbol in de.uka.ilkd.key.java.JavaParserFactory$DynamicTypeSolver@725185cc : java.lang.Object
	at com.github.javaparser.resolution.TypeSolver.solveType(TypeSolver.java:71)

34878      ERROR Test worker     d.u.i.k.n.b.AbstractBuilder  com.github.javaparser.resolution.UnsolvedSymbolException: Unsolved symbol in de.uka.ilkd.key.java.JavaParserFactory$DynamicTypeSolver@725185cc : java.lang.Object
	at com.github.javaparser.resolution.TypeSolver.solveType(TypeSolver.java:71)

34878      ERROR Test worker     d.u.i.k.n.b.TacletPBuilder Error in parsing taclet. de.uka.ilkd.key.util.parsing.BuildingException: Unsolved symbol in de.uka.ilkd.key.java.JavaParserFactory$DynamicTypeSolver@725185cc : java.lang.Object at file:/D:/a/key/key/key.core/build/resources/main/de/uka/ilkd/key/proof/rules/execRules.key:388:15
	at de.uka.ilkd.key.nparser.builder.AbstractBuilder.accept(AbstractBuilder.java:54)
Caused by: com.github.javaparser.resolution.UnsolvedSymbolException: Unsolved symbol in de.uka.ilkd.key.java.JavaParserFactory$DynamicTypeSolver@725185cc : java.lang.Object
	at com.github.javaparser.resolution.TypeSolver.solveType(TypeSolver.java:71)

34878      ERROR Test worker     d.u.i.k.n.b.AbstractBuilder  com.github.javaparser.resolution.UnsolvedSymbolException: Unsolved symbol in de.uka.ilkd.key.java.JavaParserFactory$DynamicTypeSolver@725185cc : java.lang.Object
	at com.github.javaparser.resolution.TypeSolver.solveType(TypeSolver.java:71)

34878      ERROR Test worker     d.u.i.k.n.b.TacletPBuilder Error in parsing taclet. de.uka.ilkd.key.util.parsing.BuildingException: Unsolved symbol in de.uka.ilkd.key.java.JavaParserFactory$DynamicTypeSolver@725185cc : java.lang.Object at file:/D:/a/key/key/key.core/build/resources/main/de/uka/ilkd/key/proof/rules/execRules.key:405:15
	at de.uka.ilkd.key.nparser.builder.AbstractBuilder.accept(AbstractBuilder.java:54)
Caused by: com.github.javaparser.resolution.UnsolvedSymbolException: Unsolved symbol in de.uka.ilkd.key.java.JavaParserFactory$DynamicTypeSolver@725185cc : java.lang.Object
	at com.github.javaparser.resolution.TypeSolver.solveType(TypeSolver.java:71)

34878      ERROR Test worker     d.u.i.k.n.b.AbstractBuilder  com.github.javaparser.resolution.UnsolvedSymbolException: Unsolved symbol in de.uka.ilkd.key.java.JavaParserFactory$DynamicTypeSolver@725185cc : java.lang.Object
	at com.github.javaparser.resolution.TypeSolver.solveType(TypeSolver.java:71)

34878      ERROR Test worker     d.u.i.k.n.b.TacletPBuilder Error in parsing taclet. de.uka.ilkd.key.util.parsing.BuildingException: Unsolved symbol in de.uka.ilkd.key.java.JavaParserFactory$DynamicTypeSolver@725185cc : java.lang.Object at file:/D:/a/key/key/key.core/build/resources/main/de/uka/ilkd/key/proof/rules/execRules.key:422:15
	at de.uka.ilkd.key.nparser.builder.AbstractBuilder.accept(AbstractBuilder.java:54)
Caused by: com.github.javaparser.resolution.UnsolvedSymbolException: Unsolved symbol in de.uka.ilkd.key.java.JavaParserFactory$DynamicTypeSolver@725185cc : java.lang.Object
	at com.github.javaparser.resolution.TypeSolver.solveType(TypeSolver.java:71)

34878      ERROR Test worker     d.u.i.k.n.b.AbstractBuilder  com.github.javaparser.resolution.UnsolvedSymbolException: Unsolved symbol in de.uka.ilkd.key.java.JavaParserFactory$DynamicTypeSolver@725185cc : java.lang.Object
	at com.github.javaparser.resolution.TypeSolver.solveType(TypeSolver.java:71)

34878      ERROR Test worker     d.u.i.k.n.b.TacletPBuilder Error in parsing taclet. de.uka.ilkd.key.util.parsing.BuildingException: Unsolved symbol in de.uka.ilkd.key.java.JavaParserFactory$DynamicTypeSolver@725185cc : java.lang.Object at file:/D:/a/key/key/key.core/build/resources/main/de/uka/ilkd/key/proof/rules/execRules.key:439:15
	at de.uka.ilkd.key.nparser.builder.AbstractBuilder.accept(AbstractBuilder.java:54)
Caused by: com.github.javaparser.resolution.UnsolvedSymbolException: Unsolved symbol in de.uka.ilkd.key.java.JavaParserFactory$DynamicTypeSolver@725185cc : java.lang.Object
	at com.github.javaparser.resolution.TypeSolver.solveType(TypeSolver.java:71)

34878      ERROR Test worker     d.u.i.k.n.b.AbstractBuilder  com.github.javaparser.resolution.UnsolvedSymbolException: Unsolved symbol in de.uka.ilkd.key.java.JavaParserFactory$DynamicTypeSolver@725185cc : java.lang.Object
	at com.github.javaparser.resolution.TypeSolver.solveType(TypeSolver.java:71)

34878      ERROR Test worker     d.u.i.k.n.b.TacletPBuilder Error in parsing taclet. de.uka.ilkd.key.util.parsing.BuildingException: Unsolved symbol in de.uka.ilkd.key.java.JavaParserFactory$DynamicTypeSolver@725185cc : java.lang.Object at file:/D:/a/key/key/key.core/build/resources/main/de/uka/ilkd/key/proof/rules/execRules.key:456:15
	at de.uka.ilkd.key.nparser.builder.AbstractBuilder.accept(AbstractBuilder.java:54)
Caused by: com.github.javaparser.resolution.UnsolvedSymbolException: Unsolved symbol in de.uka.ilkd.key.java.JavaParserFactory$DynamicTypeSolver@725185cc : java.lang.Object
	at com.github.javaparser.resolution.TypeSolver.solveType(TypeSolver.java:71)

34878      ERROR Test worker     d.u.i.k.n.b.AbstractBuilder  com.github.javaparser.resolution.UnsolvedSymbolException: Unsolved symbol in de.uka.ilkd.key.java.JavaParserFactory$DynamicTypeSolver@725185cc : java.lang.Object
	at com.github.javaparser.resolution.TypeSolver.solveType(TypeSolver.java:71)

34878      ERROR Test worker     d.u.i.k.n.b.TacletPBuilder Error in parsing taclet. de.uka.ilkd.key.util.parsing.BuildingException: Unsolved symbol in de.uka.ilkd.key.java.JavaParserFactory$DynamicTypeSolver@725185cc : java.lang.Object at file:/D:/a/key/key/key.core/build/resources/main/de/uka/ilkd/key/proof/rules/execRules.key:473:15
	at de.uka.ilkd.key.nparser.builder.AbstractBuilder.accept(AbstractBuilder.java:54)
Caused by: com.github.javaparser.resolution.UnsolvedSymbolException: Unsolved symbol in de.uka.ilkd.key.java.JavaParserFactory$DynamicTypeSolver@725185cc : java.lang.Object
	at com.github.javaparser.resolution.TypeSolver.solveType(TypeSolver.java:71)

34878      ERROR Test worker     d.u.i.k.n.b.AbstractBuilder  com.github.javaparser.resolution.UnsolvedSymbolException: Unsolved symbol in de.uka.ilkd.key.java.JavaParserFactory$DynamicTypeSolver@725185cc : java.lang.Object
	at com.github.javaparser.resolution.TypeSolver.solveType(TypeSolver.java:71)

34878      ERROR Test worker     d.u.i.k.n.b.TacletPBuilder Error in parsing taclet. de.uka.ilkd.key.util.parsing.BuildingException: Unsolved symbol in de.uka.ilkd.key.java.JavaParserFactory$DynamicTypeSolver@725185cc : java.lang.Object at file:/D:/a/key/key/key.core/build/resources/main/de/uka/ilkd/key/proof/rules/execRules.key:490:15
	at de.uka.ilkd.key.nparser.builder.AbstractBuilder.accept(AbstractBuilder.java:54)
Caused by: com.github.javaparser.resolution.UnsolvedSymbolException: Unsolved symbol in de.uka.ilkd.key.java.JavaParserFactory$DynamicTypeSolver@725185cc : java.lang.Object
	at com.github.javaparser.resolution.TypeSolver.solveType(TypeSolver.java:71)

34878      ERROR Test worker     d.u.i.k.n.b.AbstractBuilder  com.github.javaparser.resolution.UnsolvedSymbolException: Unsolved symbol in de.uka.ilkd.key.java.JavaParserFactory$DynamicTypeSolver@725185cc : java.lang.Object
	at com.github.javaparser.resolution.TypeSolver.solveType(TypeSolver.java:71)

34878      ERROR Test worker     d.u.i.k.n.b.TacletPBuilder Error in parsing taclet. de.uka.ilkd.key.util.parsing.BuildingException: Unsolved symbol in de.uka.ilkd.key.java.JavaParserFactory$DynamicTypeSolver@725185cc : java.lang.Object at file:/D:/a/key/key/key.core/build/resources/main/de/uka/ilkd/key/proof/rules/execRules.key:507:15
	at de.uka.ilkd.key.nparser.builder.AbstractBuilder.accept(AbstractBuilder.java:54)
Caused by: com.github.javaparser.resolution.UnsolvedSymbolException: Unsolved symbol in de.uka.ilkd.key.java.JavaParserFactory$DynamicTypeSolver@725185cc : java.lang.Object
	at com.github.javaparser.resolution.TypeSolver.solveType(TypeSolver.java:71)

34894      ERROR Test worker     d.u.i.k.n.b.AbstractBuilder  com.github.javaparser.resolution.UnsolvedSymbolException: Unsolved symbol in de.uka.ilkd.key.java.JavaParserFactory$DynamicTypeSolver@725185cc : java.lang.Object
	at com.github.javaparser.resolution.TypeSolver.solveType(TypeSolver.java:71)

34894      ERROR Test worker     d.u.i.k.n.b.TacletPBuilder Error in parsing taclet. de.uka.ilkd.key.util.parsing.BuildingException: Unsolved symbol in de.uka.ilkd.key.java.JavaParserFactory$DynamicTypeSolver@725185cc : java.lang.Object at file:/D:/a/key/key/key.core/build/resources/main/de/uka/ilkd/key/proof/rules/execRules.key:523:15
	at de.uka.ilkd.key.nparser.builder.AbstractBuilder.accept(AbstractBuilder.java:54)
Caused by: com.github.javaparser.resolution.UnsolvedSymbolException: Unsolved symbol in de.uka.ilkd.key.java.JavaParserFactory$DynamicTypeSolver@725185cc : java.lang.Object
	at com.github.javaparser.resolution.TypeSolver.solveType(TypeSolver.java:71)

34894      ERROR Test worker     d.u.i.k.n.b.AbstractBuilder  com.github.javaparser.resolution.UnsolvedSymbolException: Unsolved symbol in de.uka.ilkd.key.java.JavaParserFactory$DynamicTypeSolver@725185cc : java.lang.Object
	at com.github.javaparser.resolution.TypeSolver.solveType(TypeSolver.java:71)

34894      ERROR Test worker     d.u.i.k.n.b.TacletPBuilder Error in parsing taclet. de.uka.ilkd.key.util.parsing.BuildingException: Unsolved symbol in de.uka.ilkd.key.java.JavaParserFactory$DynamicTypeSolver@725185cc : java.lang.Object at file:/D:/a/key/key/key.core/build/resources/main/de/uka/ilkd/key/proof/rules/execRules.key:541:15
	at de.uka.ilkd.key.nparser.builder.AbstractBuilder.accept(AbstractBuilder.java:54)
Caused by: com.github.javaparser.resolution.UnsolvedSymbolException: Unsolved symbol in de.uka.ilkd.key.java.JavaParserFactory$DynamicTypeSolver@725185cc : java.lang.Object
	at com.github.javaparser.resolution.TypeSolver.solveType(TypeSolver.java:71)

34894      ERROR Test worker     d.u.i.k.n.b.AbstractBuilder  com.github.javaparser.resolution.UnsolvedSymbolException: Unsolved symbol in de.uka.ilkd.key.java.JavaParserFactory$DynamicTypeSolver@725185cc : java.lang.Object
	at com.github.javaparser.resolution.TypeSolver.solveType(TypeSolver.java:71)

34894      ERROR Test worker     d.u.i.k.n.b.TacletPBuilder Error in parsing taclet. de.uka.ilkd.key.util.parsing.BuildingException: Unsolved symbol in de.uka.ilkd.key.java.JavaParserFactory$DynamicTypeSolver@725185cc : java.lang.Object at file:/D:/a/key/key/key.core/build/resources/main/de/uka/ilkd/key/proof/rules/execRules.key:558:15
	at de.uka.ilkd.key.nparser.builder.AbstractBuilder.accept(AbstractBuilder.java:54)
Caused by: com.github.javaparser.resolution.UnsolvedSymbolException: Unsolved symbol in de.uka.ilkd.key.java.JavaParserFactory$DynamicTypeSolver@725185cc : java.lang.Object
	at com.github.javaparser.resolution.TypeSolver.solveType(TypeSolver.java:71)

34894      ERROR Test worker     d.u.i.k.n.b.AbstractBuilder  com.github.javaparser.resolution.UnsolvedSymbolException: Unsolved symbol in de.uka.ilkd.key.java.JavaParserFactory$DynamicTypeSolver@725185cc : java.lang.Object
	at com.github.javaparser.resolution.TypeSolver.solveType(TypeSolver.java:71)

34894      ERROR Test worker     d.u.i.k.n.b.TacletPBuilder Error in parsing taclet. de.uka.ilkd.key.util.parsing.BuildingException: Unsolved symbol in de.uka.ilkd.key.java.JavaParserFactory$DynamicTypeSolver@725185cc : java.lang.Object at file:/D:/a/key/key/key.core/build/resources/main/de/uka/ilkd/key/proof/rules/execRules.key:575:15
	at de.uka.ilkd.key.nparser.builder.AbstractBuilder.accept(AbstractBuilder.java:54)
Caused by: com.github.javaparser.resolution.UnsolvedSymbolException: Unsolved symbol in de.uka.ilkd.key.java.JavaParserFactory$DynamicTypeSolver@725185cc : java.lang.Object
	at com.github.javaparser.resolution.TypeSolver.solveType(TypeSolver.java:71)

34894      ERROR Test worker     d.u.i.k.n.b.AbstractBuilder  com.github.javaparser.resolution.UnsolvedSymbolException: Unsolved symbol in de.uka.ilkd.key.java.JavaParserFactory$DynamicTypeSolver@725185cc : java.lang.Object
	at com.github.javaparser.resolution.TypeSolver.solveType(TypeSolver.java:71)

34894      ERROR Test worker     d.u.i.k.n.b.TacletPBuilder Error in parsing taclet. de.uka.ilkd.key.util.parsing.BuildingException: Unsolved symbol in de.uka.ilkd.key.java.JavaParserFactory$DynamicTypeSolver@725185cc : java.lang.Object at file:/D:/a/key/key/key.core/build/resources/main/de/uka/ilkd/key/proof/rules/execRules.key:592:15
	at de.uka.ilkd.key.nparser.builder.AbstractBuilder.accept(AbstractBuilder.java:54)
Caused by: com.github.javaparser.resolution.UnsolvedSymbolException: Unsolved symbol in de.uka.ilkd.key.java.JavaParserFactory$DynamicTypeSolver@725185cc : java.lang.Object
	at com.github.javaparser.resolution.TypeSolver.solveType(TypeSolver.java:71)

34894      ERROR Test worker     d.u.i.k.n.b.AbstractBuilder  com.github.javaparser.resolution.UnsolvedSymbolException: Unsolved symbol in de.uka.ilkd.key.java.JavaParserFactory$DynamicTypeSolver@725185cc : java.lang.Object
	at com.github.javaparser.resolution.TypeSolver.solveType(TypeSolver.java:71)

34894      ERROR Test worker     d.u.i.k.n.b.TacletPBuilder Error in parsing taclet. de.uka.ilkd.key.util.parsing.BuildingException: Unsolved symbol in de.uka.ilkd.key.java.JavaParserFactory$DynamicTypeSolver@725185cc : java.lang.Object at file:/D:/a/key/key/key.core/build/resources/main/de/uka/ilkd/key/proof/rules/execRules.key:609:15
	at de.uka.ilkd.key.nparser.builder.AbstractBuilder.accept(AbstractBuilder.java:54)
Caused by: com.github.javaparser.resolution.UnsolvedSymbolException: Unsolved symbol in de.uka.ilkd.key.java.JavaParserFactory$DynamicTypeSolver@725185cc : java.lang.Object
	at com.github.javaparser.resolution.TypeSolver.solveType(TypeSolver.java:71)

34894      ERROR Test worker     d.u.i.k.n.b.AbstractBuilder  com.github.javaparser.resolution.UnsolvedSymbolException: Unsolved symbol in de.uka.ilkd.key.java.JavaParserFactory$DynamicTypeSolver@725185cc : java.lang.Object
	at com.github.javaparser.resolution.TypeSolver.solveType(TypeSolver.java:71)

34894      ERROR Test worker     d.u.i.k.n.b.TacletPBuilder Error in parsing taclet. de.uka.ilkd.key.util.parsing.BuildingException: Unsolved symbol in de.uka.ilkd.key.java.JavaParserFactory$DynamicTypeSolver@725185cc : java.lang.Object at file:/D:/a/key/key/key.core/build/resources/main/de/uka/ilkd/key/proof/rules/execRules.key:626:15
	at de.uka.ilkd.key.nparser.builder.AbstractBuilder.accept(AbstractBuilder.java:54)
Caused by: com.github.javaparser.resolution.UnsolvedSymbolException: Unsolved symbol in de.uka.ilkd.key.java.JavaParserFactory$DynamicTypeSolver@725185cc : java.lang.Object
	at com.github.javaparser.resolution.TypeSolver.solveType(TypeSolver.java:71)

34894      ERROR Test worker     d.u.i.k.n.b.AbstractBuilder  com.github.javaparser.resolution.UnsolvedSymbolException: Unsolved symbol in de.uka.ilkd.key.java.JavaParserFactory$DynamicTypeSolver@725185cc : java.lang.Object
	at com.github.javaparser.resolution.TypeSolver.solveType(TypeSolver.java:71)

34894      ERROR Test worker     d.u.i.k.n.b.TacletPBuilder Error in parsing taclet. de.uka.ilkd.key.util.parsing.BuildingException: Unsolved symbol in de.uka.ilkd.key.java.JavaParserFactory$DynamicTypeSolver@725185cc : java.lang.Object at file:/D:/a/key/key/key.core/build/resources/main/de/uka/ilkd/key/proof/rules/execRules.key:643:15
	at de.uka.ilkd.key.nparser.builder.AbstractBuilder.accept(AbstractBuilder.java:54)
Caused by: com.github.javaparser.resolution.UnsolvedSymbolException: Unsolved symbol in de.uka.ilkd.key.java.JavaParserFactory$DynamicTypeSolver@725185cc : java.lang.Object
	at com.github.javaparser.resolution.TypeSolver.solveType(TypeSolver.java:71)

34894      ERROR Test worker     d.u.i.k.n.b.AbstractBuilder  com.github.javaparser.resolution.UnsolvedSymbolException: Unsolved symbol in de.uka.ilkd.key.java.JavaParserFactory$DynamicTypeSolver@725185cc : java.lang.Object
	at com.github.javaparser.resolution.TypeSolver.solveType(TypeSolver.java:71)

34894      ERROR Test worker     d.u.i.k.n.b.TacletPBuilder Error in parsing taclet. de.uka.ilkd.key.util.parsing.BuildingException: Unsolved symbol in de.uka.ilkd.key.java.JavaParserFactory$DynamicTypeSolver@725185cc : java.lang.Object at file:/D:/a/key/key/key.core/build/resources/main/de/uka/ilkd/key/proof/rules/execRules.key:659:15
	at de.uka.ilkd.key.nparser.builder.AbstractBuilder.accept(AbstractBuilder.java:54)
Caused by: com.github.javaparser.resolution.UnsolvedSymbolException: Unsolved symbol in de.uka.ilkd.key.java.JavaParserFactory$DynamicTypeSolver@725185cc : java.lang.Object
	at com.github.javaparser.resolution.TypeSolver.solveType(TypeSolver.java:71)

34909      ERROR Test worker     d.u.i.k.n.b.AbstractBuilder  com.github.javaparser.resolution.UnsolvedSymbolException: Unsolved symbol in de.uka.ilkd.key.java.JavaParserFactory$DynamicTypeSolver@725185cc : java.lang.Object
	at com.github.javaparser.resolution.TypeSolver.solveType(TypeSolver.java:71)

34909      ERROR Test worker     d.u.i.k.n.b.TacletPBuilder Error in parsing taclet. de.uka.ilkd.key.util.parsing.BuildingException: Unsolved symbol in de.uka.ilkd.key.java.JavaParserFactory$DynamicTypeSolver@725185cc : java.lang.Object at file:/D:/a/key/key/key.core/build/resources/main/de/uka/ilkd/key/proof/rules/execRules.key:675:15
	at de.uka.ilkd.key.nparser.builder.AbstractBuilder.accept(AbstractBuilder.java:54)
Caused by: com.github.javaparser.resolution.UnsolvedSymbolException: Unsolved symbol in de.uka.ilkd.key.java.JavaParserFactory$DynamicTypeSolver@725185cc : java.lang.Object
	at com.github.javaparser.resolution.TypeSolver.solveType(TypeSolver.java:71)

34909      ERROR Test worker     d.u.i.k.n.b.AbstractBuilder  com.github.javaparser.resolution.UnsolvedSymbolException: Unsolved symbol in de.uka.ilkd.key.java.JavaParserFactory$DynamicTypeSolver@725185cc : java.lang.Object
	at com.github.javaparser.resolution.TypeSolver.solveType(TypeSolver.java:71)

34909      ERROR Test worker     d.u.i.k.n.b.TacletPBuilder Error in parsing taclet. de.uka.ilkd.key.util.parsing.BuildingException: Unsolved symbol in de.uka.ilkd.key.java.JavaParserFactory$DynamicTypeSolver@725185cc : java.lang.Object at file:/D:/a/key/key/key.core/build/resources/main/de/uka/ilkd/key/proof/rules/execRules.key:691:15
	at de.uka.ilkd.key.nparser.builder.AbstractBuilder.accept(AbstractBuilder.java:54)
Caused by: com.github.javaparser.resolution.UnsolvedSymbolException: Unsolved symbol in de.uka.ilkd.key.java.JavaParserFactory$DynamicTypeSolver@725185cc : java.lang.Object
	at com.github.javaparser.resolution.TypeSolver.solveType(TypeSolver.java:71)

34909      ERROR Test worker     d.u.i.k.n.b.AbstractBuilder  com.github.javaparser.resolution.UnsolvedSymbolException: Unsolved symbol in de.uka.ilkd.key.java.JavaParserFactory$DynamicTypeSolver@725185cc : java.lang.Object
	at com.github.javaparser.resolution.TypeSolver.solveType(TypeSolver.java:71)

34909      ERROR Test worker     d.u.i.k.n.b.TacletPBuilder Error in parsing taclet. de.uka.ilkd.key.util.parsing.BuildingException: Unsolved symbol in de.uka.ilkd.key.java.JavaParserFactory$DynamicTypeSolver@725185cc : java.lang.Object at file:/D:/a/key/key/key.core/build/resources/main/de/uka/ilkd/key/proof/rules/execRules.key:711:15
	at de.uka.ilkd.key.nparser.builder.AbstractBuilder.accept(AbstractBuilder.java:54)
Caused by: com.github.javaparser.resolution.UnsolvedSymbolException: Unsolved symbol in de.uka.ilkd.key.java.JavaParserFactory$DynamicTypeSolver@725185cc : java.lang.Object
	at com.github.javaparser.resolution.TypeSolver.solveType(TypeSolver.java:71)

34909      ERROR Test worker     d.u.i.k.n.b.AbstractBuilder  com.github.javaparser.resolution.UnsolvedSymbolException: Unsolved symbol in de.uka.ilkd.key.java.JavaParserFactory$DynamicTypeSolver@725185cc : java.lang.Object
	at com.github.javaparser.resolution.TypeSolver.solveType(TypeSolver.java:71)

34909      ERROR Test worker     d.u.i.k.n.b.TacletPBuilder Error in parsing taclet. de.uka.ilkd.key.util.parsing.BuildingException: Unsolved symbol in de.uka.ilkd.key.java.JavaParserFactory$DynamicTypeSolver@725185cc : java.lang.Object at file:/D:/a/key/key/key.core/build/resources/main/de/uka/ilkd/key/proof/rules/execRules.key:728:15
	at de.uka.ilkd.key.nparser.builder.AbstractBuilder.accept(AbstractBuilder.java:54)
Caused by: com.github.javaparser.resolution.UnsolvedSymbolException: Unsolved symbol in de.uka.ilkd.key.java.JavaParserFactory$DynamicTypeSolver@725185cc : java.lang.Object
	at com.github.javaparser.resolution.TypeSolver.solveType(TypeSolver.java:71)

34909      ERROR Test worker     d.u.i.k.n.b.AbstractBuilder  com.github.javaparser.resolution.UnsolvedSymbolException: Unsolved symbol in de.uka.ilkd.key.java.JavaParserFactory$DynamicTypeSolver@725185cc : java.lang.Object
	at com.github.javaparser.resolution.TypeSolver.solveType(TypeSolver.java:71)

34909      ERROR Test worker     d.u.i.k.n.b.TacletPBuilder Error in parsing taclet. de.uka.ilkd.key.util.parsing.BuildingException: Unsolved symbol in de.uka.ilkd.key.java.JavaParserFactory$DynamicTypeSolver@725185cc : java.lang.Object at file:/D:/a/key/key/key.core/build/resources/main/de/uka/ilkd/key/proof/rules/execRules.key:745:15
	at de.uka.ilkd.key.nparser.builder.AbstractBuilder.accept(AbstractBuilder.java:54)
Caused by: com.github.javaparser.resolution.UnsolvedSymbolException: Unsolved symbol in de.uka.ilkd.key.java.JavaParserFactory$DynamicTypeSolver@725185cc : java.lang.Object
	at com.github.javaparser.resolution.TypeSolver.solveType(TypeSolver.java:71)

34909      ERROR Test worker     d.u.i.k.n.b.AbstractBuilder  com.github.javaparser.resolution.UnsolvedSymbolException: Unsolved symbol in de.uka.ilkd.key.java.JavaParserFactory$DynamicTypeSolver@725185cc : java.lang.Object
	at com.github.javaparser.resolution.TypeSolver.solveType(TypeSolver.java:71)

34909      ERROR Test worker     d.u.i.k.n.b.TacletPBuilder Error in parsing taclet. de.uka.ilkd.key.util.parsing.BuildingException: Unsolved symbol in de.uka.ilkd.key.java.JavaParserFactory$DynamicTypeSolver@725185cc : java.lang.Object at file:/D:/a/key/key/key.core/build/resources/main/de/uka/ilkd/key/proof/rules/execRules.key:762:15
	at de.uka.ilkd.key.nparser.builder.AbstractBuilder.accept(AbstractBuilder.java:54)
Caused by: com.github.javaparser.resolution.UnsolvedSymbolException: Unsolved symbol in de.uka.ilkd.key.java.JavaParserFactory$DynamicTypeSolver@725185cc : java.lang.Object
	at com.github.javaparser.resolution.TypeSolver.solveType(TypeSolver.java:71)

34909      ERROR Test worker     d.u.i.k.n.b.AbstractBuilder  com.github.javaparser.resolution.UnsolvedSymbolException: Unsolved symbol in de.uka.ilkd.key.java.JavaParserFactory$DynamicTypeSolver@725185cc : java.lang.Object
	at com.github.javaparser.resolution.TypeSolver.solveType(TypeSolver.java:71)

34909      ERROR Test worker     d.u.i.k.n.b.TacletPBuilder Error in parsing taclet. de.uka.ilkd.key.util.parsing.BuildingException: Unsolved symbol in de.uka.ilkd.key.java.JavaParserFactory$DynamicTypeSolver@725185cc : java.lang.Object at file:/D:/a/key/key/key.core/build/resources/main/de/uka/ilkd/key/proof/rules/execRules.key:779:15
	at de.uka.ilkd.key.nparser.builder.AbstractBuilder.accept(AbstractBuilder.java:54)
Caused by: com.github.javaparser.resolution.UnsolvedSymbolException: Unsolved symbol in de.uka.ilkd.key.java.JavaParserFactory$DynamicTypeSolver@725185cc : java.lang.Object
	at com.github.javaparser.resolution.TypeSolver.solveType(TypeSolver.java:71)

34909      ERROR Test worker     d.u.i.k.n.b.AbstractBuilder  com.github.javaparser.resolution.UnsolvedSymbolException: Unsolved symbol in de.uka.ilkd.key.java.JavaParserFactory$DynamicTypeSolver@725185cc : java.lang.Object
	at com.github.javaparser.resolution.TypeSolver.solveType(TypeSolver.java:71)

34909      ERROR Test worker     d.u.i.k.n.b.TacletPBuilder Error in parsing taclet. de.uka.ilkd.key.util.parsing.BuildingException: Unsolved symbol in de.uka.ilkd.key.java.JavaParserFactory$DynamicTypeSolver@725185cc : java.lang.Object at file:/D:/a/key/key/key.core/build/resources/main/de/uka/ilkd/key/proof/rules/execRules.key:795:15
	at de.uka.ilkd.key.nparser.builder.AbstractBuilder.accept(AbstractBuilder.java:54)
Caused by: com.github.javaparser.resolution.UnsolvedSymbolException: Unsolved symbol in de.uka.ilkd.key.java.JavaParserFactory$DynamicTypeSolver@725185cc : java.lang.Object
	at com.github.javaparser.resolution.TypeSolver.solveType(TypeSolver.java:71)

34909      ERROR Test worker     d.u.i.k.n.b.AbstractBuilder  com.github.javaparser.resolution.UnsolvedSymbolException: Unsolved symbol in de.uka.ilkd.key.java.JavaParserFactory$DynamicTypeSolver@725185cc : java.lang.Object
	at com.github.javaparser.resolution.TypeSolver.solveType(TypeSolver.java:71)

34909      ERROR Test worker     d.u.i.k.n.b.TacletPBuilder Error in parsing taclet. de.uka.ilkd.key.util.parsing.BuildingException: Unsolved symbol in de.uka.ilkd.key.java.JavaParserFactory$DynamicTypeSolver@725185cc : java.lang.Object at file:/D:/a/key/key/key.core/build/resources/main/de/uka/ilkd/key/proof/rules/execRules.key:811:15
	at de.uka.ilkd.key.nparser.builder.AbstractBuilder.accept(AbstractBuilder.java:54)
Caused by: com.github.javaparser.resolution.UnsolvedSymbolException: Unsolved symbol in de.uka.ilkd.key.java.JavaParserFactory$DynamicTypeSolver@725185cc : java.lang.Object
	at com.github.javaparser.resolution.TypeSolver.solveType(TypeSolver.java:71)

34925      ERROR Test worker     d.u.i.k.n.b.AbstractBuilder  com.github.javaparser.resolution.UnsolvedSymbolException: Unsolved symbol in de.uka.ilkd.key.java.JavaParserFactory$DynamicTypeSolver@725185cc : java.lang.Object
	at com.github.javaparser.resolution.TypeSolver.solveType(TypeSolver.java:71)

34925      ERROR Test worker     d.u.i.k.n.b.TacletPBuilder Error in parsing taclet. de.uka.ilkd.key.util.parsing.BuildingException: Unsolved symbol in de.uka.ilkd.key.java.JavaParserFactory$DynamicTypeSolver@725185cc : java.lang.Object at file:/D:/a/key/key/key.core/build/resources/main/de/uka/ilkd/key/proof/rules/execRules.key:827:15
	at de.uka.ilkd.key.nparser.builder.AbstractBuilder.accept(AbstractBuilder.java:54)
Caused by: com.github.javaparser.resolution.UnsolvedSymbolException: Unsolved symbol in de.uka.ilkd.key.java.JavaParserFactory$DynamicTypeSolver@725185cc : java.lang.Object
	at com.github.javaparser.resolution.TypeSolver.solveType(TypeSolver.java:71)

34925      ERROR Test worker     d.u.i.k.n.b.AbstractBuilder  com.github.javaparser.resolution.UnsolvedSymbolException: Unsolved symbol in de.uka.ilkd.key.java.JavaParserFactory$DynamicTypeSolver@725185cc : java.lang.Object
	at com.github.javaparser.resolution.TypeSolver.solveType(TypeSolver.java:71)

34925      ERROR Test worker     d.u.i.k.n.b.TacletPBuilder Error in parsing taclet. de.uka.ilkd.key.util.parsing.BuildingException: Unsolved symbol in de.uka.ilkd.key.java.JavaParserFactory$DynamicTypeSolver@725185cc : java.lang.Object at file:/D:/a/key/key/key.core/build/resources/main/de/uka/ilkd/key/proof/rules/execRules.key:843:15
	at de.uka.ilkd.key.nparser.builder.AbstractBuilder.accept(AbstractBuilder.java:54)
Caused by: com.github.javaparser.resolution.UnsolvedSymbolException: Unsolved symbol in de.uka.ilkd.key.java.JavaParserFactory$DynamicTypeSolver@725185cc : java.lang.Object
	at com.github.javaparser.resolution.TypeSolver.solveType(TypeSolver.java:71)

34925      ERROR Test worker     d.u.i.k.n.b.AbstractBuilder  com.github.javaparser.resolution.UnsolvedSymbolException: Unsolved symbol in de.uka.ilkd.key.java.JavaParserFactory$DynamicTypeSolver@725185cc : java.lang.Object
	at com.github.javaparser.resolution.TypeSolver.solveType(TypeSolver.java:71)

34925      ERROR Test worker     d.u.i.k.n.b.TacletPBuilder Error in parsing taclet. de.uka.ilkd.key.util.parsing.BuildingException: Unsolved symbol in de.uka.ilkd.key.java.JavaParserFactory$DynamicTypeSolver@725185cc : java.lang.Object at file:/D:/a/key/key/key.core/build/resources/main/de/uka/ilkd/key/proof/rules/execRules.key:861:15
	at de.uka.ilkd.key.nparser.builder.AbstractBuilder.accept(AbstractBuilder.java:54)
Caused by: com.github.javaparser.resolution.UnsolvedSymbolException: Unsolved symbol in de.uka.ilkd.key.java.JavaParserFactory$DynamicTypeSolver@725185cc : java.lang.Object
	at com.github.javaparser.resolution.TypeSolver.solveType(TypeSolver.java:71)

34925      ERROR Test worker     d.u.i.k.n.b.AbstractBuilder  com.github.javaparser.resolution.UnsolvedSymbolException: Unsolved symbol in de.uka.ilkd.key.java.JavaParserFactory$DynamicTypeSolver@725185cc : java.lang.Object
	at com.github.javaparser.resolution.TypeSolver.solveType(TypeSolver.java:71)

34925      ERROR Test worker     d.u.i.k.n.b.TacletPBuilder Error in parsing taclet. de.uka.ilkd.key.util.parsing.BuildingException: Unsolved symbol in de.uka.ilkd.key.java.JavaParserFactory$DynamicTypeSolver@725185cc : java.lang.Object at file:/D:/a/key/key/key.core/build/resources/main/de/uka/ilkd/key/proof/rules/execRules.key:878:15
	at de.uka.ilkd.key.nparser.builder.AbstractBuilder.accept(AbstractBuilder.java:54)
Caused by: com.github.javaparser.resolution.UnsolvedSymbolException: Unsolved symbol in de.uka.ilkd.key.java.JavaParserFactory$DynamicTypeSolver@725185cc : java.lang.Object
	at com.github.javaparser.resolution.TypeSolver.solveType(TypeSolver.java:71)

34925      ERROR Test worker     d.u.i.k.n.b.AbstractBuilder  com.github.javaparser.resolution.UnsolvedSymbolException: Unsolved symbol in de.uka.ilkd.key.java.JavaParserFactory$DynamicTypeSolver@725185cc : java.lang.Object
	at com.github.javaparser.resolution.TypeSolver.solveType(TypeSolver.java:71)

34925      ERROR Test worker     d.u.i.k.n.b.TacletPBuilder Error in parsing taclet. de.uka.ilkd.key.util.parsing.BuildingException: Unsolved symbol in de.uka.ilkd.key.java.JavaParserFactory$DynamicTypeSolver@725185cc : java.lang.Object at file:/D:/a/key/key/key.core/build/resources/main/de/uka/ilkd/key/proof/rules/execRules.key:894:15
	at de.uka.ilkd.key.nparser.builder.AbstractBuilder.accept(AbstractBuilder.java:54)
Caused by: com.github.javaparser.resolution.UnsolvedSymbolException: Unsolved symbol in de.uka.ilkd.key.java.JavaParserFactory$DynamicTypeSolver@725185cc : java.lang.Object
	at com.github.javaparser.resolution.TypeSolver.solveType(TypeSolver.java:71)

34925      ERROR Test worker     d.u.i.k.n.b.AbstractBuilder  com.github.javaparser.resolution.UnsolvedSymbolException: Unsolved symbol in de.uka.ilkd.key.java.JavaParserFactory$DynamicTypeSolver@725185cc : java.lang.Object
	at com.github.javaparser.resolution.TypeSolver.solveType(TypeSolver.java:71)

34925      ERROR Test worker     d.u.i.k.n.b.TacletPBuilder Error in parsing taclet. de.uka.ilkd.key.util.parsing.BuildingException: Unsolved symbol in de.uka.ilkd.key.java.JavaParserFactory$DynamicTypeSolver@725185cc : java.lang.Object at file:/D:/a/key/key/key.core/build/resources/main/de/uka/ilkd/key/proof/rules/execRules.key:910:15
	at de.uka.ilkd.key.nparser.builder.AbstractBuilder.accept(AbstractBuilder.java:54)
Caused by: com.github.javaparser.resolution.UnsolvedSymbolException: Unsolved symbol in de.uka.ilkd.key.java.JavaParserFactory$DynamicTypeSolver@725185cc : java.lang.Object
	at com.github.javaparser.resolution.TypeSolver.solveType(TypeSolver.java:71)

34925      ERROR Test worker     d.u.i.k.n.b.AbstractBuilder  com.github.javaparser.resolution.UnsolvedSymbolException: Unsolved symbol in de.uka.ilkd.key.java.JavaParserFactory$DynamicTypeSolver@725185cc : java.lang.Object
	at com.github.javaparser.resolution.TypeSolver.solveType(TypeSolver.java:71)

34925      ERROR Test worker     d.u.i.k.n.b.TacletPBuilder Error in parsing taclet. de.uka.ilkd.key.util.parsing.BuildingException: Unsolved symbol in de.uka.ilkd.key.java.JavaParserFactory$DynamicTypeSolver@725185cc : java.lang.Object at file:/D:/a/key/key/key.core/build/resources/main/de/uka/ilkd/key/proof/rules/execRules.key:926:15
	at de.uka.ilkd.key.nparser.builder.AbstractBuilder.accept(AbstractBuilder.java:54)
Caused by: com.github.javaparser.resolution.UnsolvedSymbolException: Unsolved symbol in de.uka.ilkd.key.java.JavaParserFactory$DynamicTypeSolver@725185cc : java.lang.Object
	at com.github.javaparser.resolution.TypeSolver.solveType(TypeSolver.java:71)

34925      ERROR Test worker     d.u.i.k.n.b.AbstractBuilder  com.github.javaparser.resolution.UnsolvedSymbolException: Unsolved symbol in de.uka.ilkd.key.java.JavaParserFactory$DynamicTypeSolver@725185cc : java.lang.Object
	at com.github.javaparser.resolution.TypeSolver.solveType(TypeSolver.java:71)

34925      ERROR Test worker     d.u.i.k.n.b.TacletPBuilder Error in parsing taclet. de.uka.ilkd.key.util.parsing.BuildingException: Unsolved symbol in de.uka.ilkd.key.java.JavaParserFactory$DynamicTypeSolver@725185cc : java.lang.Object at file:/D:/a/key/key/key.core/build/resources/main/de/uka/ilkd/key/proof/rules/execRules.key:942:15
	at de.uka.ilkd.key.nparser.builder.AbstractBuilder.accept(AbstractBuilder.java:54)
Caused by: com.github.javaparser.resolution.UnsolvedSymbolException: Unsolved symbol in de.uka.ilkd.key.java.JavaParserFactory$DynamicTypeSolver@725185cc : java.lang.Object
	at com.github.javaparser.resolution.TypeSolver.solveType(TypeSolver.java:71)

34925      ERROR Test worker     d.u.i.k.n.b.AbstractBuilder  com.github.javaparser.resolution.UnsolvedSymbolException: Unsolved symbol in de.uka.ilkd.key.java.JavaParserFactory$DynamicTypeSolver@725185cc : java.lang.Object
	at com.github.javaparser.resolution.TypeSolver.solveType(TypeSolver.java:71)

34925      ERROR Test worker     d.u.i.k.n.b.TacletPBuilder Error in parsing taclet. de.uka.ilkd.key.util.parsing.BuildingException: Unsolved symbol in de.uka.ilkd.key.java.JavaParserFactory$DynamicTypeSolver@725185cc : java.lang.Object at file:/D:/a/key/key/key.core/build/resources/main/de/uka/ilkd/key/proof/rules/execRules.key:958:15
	at de.uka.ilkd.key.nparser.builder.AbstractBuilder.accept(AbstractBuilder.java:54)
Caused by: com.github.javaparser.resolution.UnsolvedSymbolException: Unsolved symbol in de.uka.ilkd.key.java.JavaParserFactory$DynamicTypeSolver@725185cc : java.lang.Object
	at com.github.javaparser.resolution.TypeSolver.solveType(TypeSolver.java:71)

34925      ERROR Test worker     d.u.i.k.n.b.AbstractBuilder  com.github.javaparser.resolution.UnsolvedSymbolException: Unsolved symbol in de.uka.ilkd.key.java.JavaParserFactory$DynamicTypeSolver@725185cc : java.lang.Object
	at com.github.javaparser.resolution.TypeSolver.solveType(TypeSolver.java:71)

34925      ERROR Test worker     d.u.i.k.n.b.TacletPBuilder Error in parsing taclet. de.uka.ilkd.key.util.parsing.BuildingException: Unsolved symbol in de.uka.ilkd.key.java.JavaParserFactory$DynamicTypeSolver@725185cc : java.lang.Object at file:/D:/a/key/key/key.core/build/resources/main/de/uka/ilkd/key/proof/rules/execRules.key:974:15
	at de.uka.ilkd.key.nparser.builder.AbstractBuilder.accept(AbstractBuilder.java:54)
Caused by: com.github.javaparser.resolution.UnsolvedSymbolException: Unsolved symbol in de.uka.ilkd.key.java.JavaParserFactory$DynamicTypeSolver@725185cc : java.lang.Object
	at com.github.javaparser.resolution.TypeSolver.solveType(TypeSolver.java:71)

34941      ERROR Test worker     d.u.i.k.n.b.AbstractBuilder  com.github.javaparser.resolution.UnsolvedSymbolException: Unsolved symbol in de.uka.ilkd.key.java.JavaParserFactory$DynamicTypeSolver@725185cc : java.lang.Object
	at com.github.javaparser.resolution.TypeSolver.solveType(TypeSolver.java:71)

34941      ERROR Test worker     d.u.i.k.n.b.TacletPBuilder Error in parsing taclet. de.uka.ilkd.key.util.parsing.BuildingException: Unsolved symbol in de.uka.ilkd.key.java.JavaParserFactory$DynamicTypeSolver@725185cc : java.lang.Object at file:/D:/a/key/key/key.core/build/resources/main/de/uka/ilkd/key/proof/rules/execRules.key:994:15
	at de.uka.ilkd.key.nparser.builder.AbstractBuilder.accept(AbstractBuilder.java:54)
Caused by: com.github.javaparser.resolution.UnsolvedSymbolException: Unsolved symbol in de.uka.ilkd.key.java.JavaParserFactory$DynamicTypeSolver@725185cc : java.lang.Object
	at com.github.javaparser.resolution.TypeSolver.solveType(TypeSolver.java:71)

34941      ERROR Test worker     d.u.i.k.n.b.AbstractBuilder  com.github.javaparser.resolution.UnsolvedSymbolException: Unsolved symbol in de.uka.ilkd.key.java.JavaParserFactory$DynamicTypeSolver@725185cc : java.lang.Object
	at com.github.javaparser.resolution.TypeSolver.solveType(TypeSolver.java:71)

34941      ERROR Test worker     d.u.i.k.n.b.TacletPBuilder Error in parsing taclet. de.uka.ilkd.key.util.parsing.BuildingException: Unsolved symbol in de.uka.ilkd.key.java.JavaParserFactory$DynamicTypeSolver@725185cc : java.lang.Object at file:/D:/a/key/key/key.core/build/resources/main/de/uka/ilkd/key/proof/rules/execRules.key:1011:15
	at de.uka.ilkd.key.nparser.builder.AbstractBuilder.accept(AbstractBuilder.java:54)
Caused by: com.github.javaparser.resolution.UnsolvedSymbolException: Unsolved symbol in de.uka.ilkd.key.java.JavaParserFactory$DynamicTypeSolver@725185cc : java.lang.Object
	at com.github.javaparser.resolution.TypeSolver.solveType(TypeSolver.java:71)

34941      ERROR Test worker     d.u.i.k.n.b.AbstractBuilder  com.github.javaparser.resolution.UnsolvedSymbolException: Unsolved symbol in de.uka.ilkd.key.java.JavaParserFactory$DynamicTypeSolver@725185cc : java.lang.Object
	at com.github.javaparser.resolution.TypeSolver.solveType(TypeSolver.java:71)

34941      ERROR Test worker     d.u.i.k.n.b.TacletPBuilder Error in parsing taclet. de.uka.ilkd.key.util.parsing.BuildingException: Unsolved symbol in de.uka.ilkd.key.java.JavaParserFactory$DynamicTypeSolver@725185cc : java.lang.Object at file:/D:/a/key/key/key.core/build/resources/main/de/uka/ilkd/key/proof/rules/execRules.key:1027:15
	at de.uka.ilkd.key.nparser.builder.AbstractBuilder.accept(AbstractBuilder.java:54)
Caused by: com.github.javaparser.resolution.UnsolvedSymbolException: Unsolved symbol in de.uka.ilkd.key.java.JavaParserFactory$DynamicTypeSolver@725185cc : java.lang.Object
	at com.github.javaparser.resolution.TypeSolver.solveType(TypeSolver.java:71)

34941      ERROR Test worker     d.u.i.k.n.b.AbstractBuilder  com.github.javaparser.resolution.UnsolvedSymbolException: Unsolved symbol in de.uka.ilkd.key.java.JavaParserFactory$DynamicTypeSolver@725185cc : java.lang.Object
	at com.github.javaparser.resolution.TypeSolver.solveType(TypeSolver.java:71)

34941      ERROR Test worker     d.u.i.k.n.b.TacletPBuilder Error in parsing taclet. de.uka.ilkd.key.util.parsing.BuildingException: Unsolved symbol in de.uka.ilkd.key.java.JavaParserFactory$DynamicTypeSolver@725185cc : java.lang.Object at file:/D:/a/key/key/key.core/build/resources/main/de/uka/ilkd/key/proof/rules/execRules.key:1043:15
	at de.uka.ilkd.key.nparser.builder.AbstractBuilder.accept(AbstractBuilder.java:54)
Caused by: com.github.javaparser.resolution.UnsolvedSymbolException: Unsolved symbol in de.uka.ilkd.key.java.JavaParserFactory$DynamicTypeSolver@725185cc : java.lang.Object
	at com.github.javaparser.resolution.TypeSolver.solveType(TypeSolver.java:71)

34941      ERROR Test worker     d.u.i.k.n.b.AbstractBuilder  com.github.javaparser.resolution.UnsolvedSymbolException: Unsolved symbol in de.uka.ilkd.key.java.JavaParserFactory$DynamicTypeSolver@725185cc : java.lang.Object
	at com.github.javaparser.resolution.TypeSolver.solveType(TypeSolver.java:71)

34941      ERROR Test worker     d.u.i.k.n.b.TacletPBuilder Error in parsing taclet. de.uka.ilkd.key.util.parsing.BuildingException: Unsolved symbol in de.uka.ilkd.key.java.JavaParserFactory$DynamicTypeSolver@725185cc : java.lang.Object at file:/D:/a/key/key/key.core/build/resources/main/de/uka/ilkd/key/proof/rules/execRules.key:1059:15
	at de.uka.ilkd.key.nparser.builder.AbstractBuilder.accept(AbstractBuilder.java:54)
Caused by: com.github.javaparser.resolution.UnsolvedSymbolException: Unsolved symbol in de.uka.ilkd.key.java.JavaParserFactory$DynamicTypeSolver@725185cc : java.lang.Object
	at com.github.javaparser.resolution.TypeSolver.solveType(TypeSolver.java:71)

34941      ERROR Test worker     d.u.i.k.n.b.AbstractBuilder  com.github.javaparser.resolution.UnsolvedSymbolException: Unsolved symbol in de.uka.ilkd.key.java.JavaParserFactory$DynamicTypeSolver@725185cc : java.lang.Object
	at com.github.javaparser.resolution.TypeSolver.solveType(TypeSolver.java:71)

34941      ERROR Test worker     d.u.i.k.n.b.TacletPBuilder Error in parsing taclet. de.uka.ilkd.key.util.parsing.BuildingException: Unsolved symbol in de.uka.ilkd.key.java.JavaParserFactory$DynamicTypeSolver@725185cc : java.lang.Object at file:/D:/a/key/key/key.core/build/resources/main/de/uka/ilkd/key/proof/rules/execRules.key:1075:15
	at de.uka.ilkd.key.nparser.builder.AbstractBuilder.accept(AbstractBuilder.java:54)
Caused by: com.github.javaparser.resolution.UnsolvedSymbolException: Unsolved symbol in de.uka.ilkd.key.java.JavaParserFactory$DynamicTypeSolver@725185cc : java.lang.Object
	at com.github.javaparser.resolution.TypeSolver.solveType(TypeSolver.java:71)

34941      ERROR Test worker     d.u.i.k.n.b.AbstractBuilder  com.github.javaparser.resolution.UnsolvedSymbolException: Unsolved symbol in de.uka.ilkd.key.java.JavaParserFactory$DynamicTypeSolver@725185cc : java.lang.Object
	at com.github.javaparser.resolution.TypeSolver.solveType(TypeSolver.java:71)

34941      ERROR Test worker     d.u.i.k.n.b.TacletPBuilder Error in parsing taclet. de.uka.ilkd.key.util.parsing.BuildingException: Unsolved symbol in de.uka.ilkd.key.java.JavaParserFactory$DynamicTypeSolver@725185cc : java.lang.Object at file:/D:/a/key/key/key.core/build/resources/main/de/uka/ilkd/key/proof/rules/execRules.key:1091:15
	at de.uka.ilkd.key.nparser.builder.AbstractBuilder.accept(AbstractBuilder.java:54)
Caused by: com.github.javaparser.resolution.UnsolvedSymbolException: Unsolved symbol in de.uka.ilkd.key.java.JavaParserFactory$DynamicTypeSolver@725185cc : java.lang.Object
	at com.github.javaparser.resolution.TypeSolver.solveType(TypeSolver.java:71)

34941      ERROR Test worker     d.u.i.k.n.b.AbstractBuilder  com.github.javaparser.resolution.UnsolvedSymbolException: Unsolved symbol in de.uka.ilkd.key.java.JavaParserFactory$DynamicTypeSolver@725185cc : java.lang.Object
	at com.github.javaparser.resolution.TypeSolver.solveType(TypeSolver.java:71)

34941      ERROR Test worker     d.u.i.k.n.b.TacletPBuilder Error in parsing taclet. de.uka.ilkd.key.util.parsing.BuildingException: Unsolved symbol in de.uka.ilkd.key.java.JavaParserFactory$DynamicTypeSolver@725185cc : java.lang.Object at file:/D:/a/key/key/key.core/build/resources/main/de/uka/ilkd/key/proof/rules/execRules.key:1107:15
	at de.uka.ilkd.key.nparser.builder.AbstractBuilder.accept(AbstractBuilder.java:54)
Caused by: com.github.javaparser.resolution.UnsolvedSymbolException: Unsolved symbol in de.uka.ilkd.key.java.JavaParserFactory$DynamicTypeSolver@725185cc : java.lang.Object
	at com.github.javaparser.resolution.TypeSolver.solveType(TypeSolver.java:71)

34941      ERROR Test worker     d.u.i.k.n.b.AbstractBuilder  com.github.javaparser.resolution.UnsolvedSymbolException: Unsolved symbol in de.uka.ilkd.key.java.JavaParserFactory$DynamicTypeSolver@725185cc : java.lang.Object
	at com.github.javaparser.resolution.TypeSolver.solveType(TypeSolver.java:71)

34941      ERROR Test worker     d.u.i.k.n.b.TacletPBuilder Error in parsing taclet. de.uka.ilkd.key.util.parsing.BuildingException: Unsolved symbol in de.uka.ilkd.key.java.JavaParserFactory$DynamicTypeSolver@725185cc : java.lang.Object at file:/D:/a/key/key/key.core/build/resources/main/de/uka/ilkd/key/proof/rules/execRules.key:1123:15
	at de.uka.ilkd.key.nparser.builder.AbstractBuilder.accept(AbstractBuilder.java:54)
Caused by: com.github.javaparser.resolution.UnsolvedSymbolException: Unsolved symbol in de.uka.ilkd.key.java.JavaParserFactory$DynamicTypeSolver@725185cc : java.lang.Object
	at com.github.javaparser.resolution.TypeSolver.solveType(TypeSolver.java:71)

34956      ERROR Test worker     d.u.i.k.n.b.AbstractBuilder  com.github.javaparser.resolution.UnsolvedSymbolException: Unsolved symbol in de.uka.ilkd.key.java.JavaParserFactory$DynamicTypeSolver@725185cc : java.lang.Object
	at com.github.javaparser.resolution.TypeSolver.solveType(TypeSolver.java:71)

34956      ERROR Test worker     d.u.i.k.n.b.TacletPBuilder Error in parsing taclet. de.uka.ilkd.key.util.parsing.BuildingException: Unsolved symbol in de.uka.ilkd.key.java.JavaParserFactory$DynamicTypeSolver@725185cc : java.lang.Object at file:/D:/a/key/key/key.core/build/resources/main/de/uka/ilkd/key/proof/rules/loopScopeRules.key:38:16
	at de.uka.ilkd.key.nparser.builder.AbstractBuilder.accept(AbstractBuilder.java:54)
Caused by: com.github.javaparser.resolution.UnsolvedSymbolException: Unsolved symbol in de.uka.ilkd.key.java.JavaParserFactory$DynamicTypeSolver@725185cc : java.lang.Object
	at com.github.javaparser.resolution.TypeSolver.solveType(TypeSolver.java:71)

34956      ERROR Test worker     d.u.i.k.n.b.TacletPBuilder Override: inv (formula) inv (formula) 
34956      ERROR Test worker     d.u.i.k.n.b.TacletPBuilder Override: freeInv (formula) freeInv (formula) 
34956      ERROR Test worker     d.u.i.k.n.b.TacletPBuilder Override: loopFormula (formula) loopFormula (formula) 
34956      ERROR Test worker     d.u.i.k.n.b.TacletPBuilder Override: #loopStmt (program Statement) #loopStmt (program Statement) 
34956      ERROR Test worker     d.u.i.k.n.b.TacletPBuilder Override: anon_heap_LOOP (Heap skolem term) anon_heap_LOOP (Heap skolem term) 
34956      ERROR Test worker     d.u.i.k.n.b.TacletPBuilder Override: anon_savedHeap_LOOP (Heap skolem term) anon_savedHeap_LOOP (Heap skolem term) 
34956      ERROR Test worker     d.u.i.k.n.b.TacletPBuilder Override: anon_permissions_LOOP (Heap skolem term) anon_permissions_LOOP (Heap skolem term) 
34956      ERROR Test worker     d.u.i.k.n.b.TacletPBuilder Override: #heapBefore_LOOP (program Variable) #heapBefore_LOOP (program Variable) 
34956      ERROR Test worker     d.u.i.k.n.b.TacletPBuilder Override: #savedHeapBefore_LOOP (program Variable) #savedHeapBefore_LOOP (program Variable) 
34956      ERROR Test worker     d.u.i.k.n.b.TacletPBuilder Override: #permissionsBefore_LOOP (program Variable) #permissionsBefore_LOOP (program Variable) 
34956      ERROR Test worker     d.u.i.k.n.b.AbstractBuilder  com.github.javaparser.resolution.UnsolvedSymbolException: Unsolved symbol in de.uka.ilkd.key.java.JavaParserFactory$DynamicTypeSolver@725185cc : java.lang.Object
	at com.github.javaparser.resolution.TypeSolver.solveType(TypeSolver.java:71)

34956      ERROR Test worker     d.u.i.k.n.b.TacletPBuilder Error in parsing taclet. de.uka.ilkd.key.util.parsing.BuildingException: Unsolved symbol in de.uka.ilkd.key.java.JavaParserFactory$DynamicTypeSolver@725185cc : java.lang.Object at file:/D:/a/key/key/key.core/build/resources/main/de/uka/ilkd/key/proof/rules/loopScopeRules.key:110:16
	at de.uka.ilkd.key.nparser.builder.AbstractBuilder.accept(AbstractBuilder.java:54)
Caused by: com.github.javaparser.resolution.UnsolvedSymbolException: Unsolved symbol in de.uka.ilkd.key.java.JavaParserFactory$DynamicTypeSolver@725185cc : java.lang.Object
	at com.github.javaparser.resolution.TypeSolver.solveType(TypeSolver.java:71)

34972      ERROR Test worker     d.u.i.k.n.b.AbstractBuilder  com.github.javaparser.resolution.UnsolvedSymbolException: Unsolved symbol in de.uka.ilkd.key.java.JavaParserFactory$DynamicTypeSolver@725185cc : java.lang.Object
	at com.github.javaparser.resolution.TypeSolver.solveType(TypeSolver.java:71)

34972      ERROR Test worker     d.u.i.k.n.b.TacletPBuilder Error in parsing taclet. de.uka.ilkd.key.util.parsing.BuildingException: Unsolved symbol in de.uka.ilkd.key.java.JavaParserFactory$DynamicTypeSolver@725185cc : java.lang.Object at file:/D:/a/key/key/key.core/build/resources/main/de/uka/ilkd/key/proof/rules/loopScopeRules.key:160:16
	at de.uka.ilkd.key.nparser.builder.AbstractBuilder.accept(AbstractBuilder.java:54)
Caused by: com.github.javaparser.resolution.UnsolvedSymbolException: Unsolved symbol in de.uka.ilkd.key.java.JavaParserFactory$DynamicTypeSolver@725185cc : java.lang.Object
	at com.github.javaparser.resolution.TypeSolver.solveType(TypeSolver.java:71)

34972      ERROR Test worker     d.u.i.k.n.b.TacletPBuilder Override: inv (formula) inv (formula) 
34972      ERROR Test worker     d.u.i.k.n.b.TacletPBuilder Override: freeInv (formula) freeInv (formula) 
34972      ERROR Test worker     d.u.i.k.n.b.TacletPBuilder Override: variantTerm (any term) variantTerm (any term) 
34972      ERROR Test worker     d.u.i.k.n.b.TacletPBuilder Override: loopFormula (formula) loopFormula (formula) 
34972      ERROR Test worker     d.u.i.k.n.b.TacletPBuilder Override: #loopStmt (program Statement) #loopStmt (program Statement) 
34972      ERROR Test worker     d.u.i.k.n.b.TacletPBuilder Override: #variant (program Variable) #variant (program Variable) 
34972      ERROR Test worker     d.u.i.k.n.b.TacletPBuilder Override: anon_heap_LOOP (Heap skolem term) anon_heap_LOOP (Heap skolem term) 
34972      ERROR Test worker     d.u.i.k.n.b.TacletPBuilder Override: anon_savedHeap_LOOP (Heap skolem term) anon_savedHeap_LOOP (Heap skolem term) 
34972      ERROR Test worker     d.u.i.k.n.b.TacletPBuilder Override: anon_permissions_LOOP (Heap skolem term) anon_permissions_LOOP (Heap skolem term) 
34972      ERROR Test worker     d.u.i.k.n.b.TacletPBuilder Override: #heapBefore_LOOP (program Variable) #heapBefore_LOOP (program Variable) 
34972      ERROR Test worker     d.u.i.k.n.b.TacletPBuilder Override: #savedHeapBefore_LOOP (program Variable) #savedHeapBefore_LOOP (program Variable) 
34972      ERROR Test worker     d.u.i.k.n.b.TacletPBuilder Override: #permissionsBefore_LOOP (program Variable) #permissionsBefore_LOOP (program Variable) 
34972      ERROR Test worker     d.u.i.k.n.b.AbstractBuilder  com.github.javaparser.resolution.UnsolvedSymbolException: Unsolved symbol in de.uka.ilkd.key.java.JavaParserFactory$DynamicTypeSolver@725185cc : java.lang.Object
	at com.github.javaparser.resolution.TypeSolver.solveType(TypeSolver.java:71)

34972      ERROR Test worker     d.u.i.k.n.b.TacletPBuilder Error in parsing taclet. de.uka.ilkd.key.util.parsing.BuildingException: Unsolved symbol in de.uka.ilkd.key.java.JavaParserFactory$DynamicTypeSolver@725185cc : java.lang.Object at file:/D:/a/key/key/key.core/build/resources/main/de/uka/ilkd/key/proof/rules/loopScopeRules.key:207:16
	at de.uka.ilkd.key.nparser.builder.AbstractBuilder.accept(AbstractBuilder.java:54)
Caused by: com.github.javaparser.resolution.UnsolvedSymbolException: Unsolved symbol in de.uka.ilkd.key.java.JavaParserFactory$DynamicTypeSolver@725185cc : java.lang.Object
	at com.github.javaparser.resolution.TypeSolver.solveType(TypeSolver.java:71)

34972      ERROR Test worker     d.u.i.k.n.b.TacletPBuilder Override: inv (formula) inv (formula) 
34972      ERROR Test worker     d.u.i.k.n.b.TacletPBuilder Override: freeInv (formula) freeInv (formula) 
34972      ERROR Test worker     d.u.i.k.n.b.TacletPBuilder Override: loopFormula (formula) loopFormula (formula) 
34972      ERROR Test worker     d.u.i.k.n.b.TacletPBuilder Override: #loopStmt (program Statement) #loopStmt (program Statement) 
34972      ERROR Test worker     d.u.i.k.n.b.TacletPBuilder Override: anon_heap_LOOP (Heap skolem term) anon_heap_LOOP (Heap skolem term) 
34972      ERROR Test worker     d.u.i.k.n.b.TacletPBuilder Override: anon_savedHeap_LOOP (Heap skolem term) anon_savedHeap_LOOP (Heap skolem term) 
34972      ERROR Test worker     d.u.i.k.n.b.TacletPBuilder Override: anon_permissions_LOOP (Heap skolem term) anon_permissions_LOOP (Heap skolem term) 
34972      ERROR Test worker     d.u.i.k.n.b.TacletPBuilder Override: #heapBefore_LOOP (program Variable) #heapBefore_LOOP (program Variable) 
34972      ERROR Test worker     d.u.i.k.n.b.TacletPBuilder Override: #savedHeapBefore_LOOP (program Variable) #savedHeapBefore_LOOP (program Variable) 
34972      ERROR Test worker     d.u.i.k.n.b.TacletPBuilder Override: #permissionsBefore_LOOP (program Variable) #permissionsBefore_LOOP (program Variable) 
34972      ERROR Test worker     d.u.i.k.n.b.AbstractBuilder  com.github.javaparser.resolution.UnsolvedSymbolException: Unsolved symbol in de.uka.ilkd.key.java.JavaParserFactory$DynamicTypeSolver@725185cc : java.lang.Object
	at com.github.javaparser.resolution.TypeSolver.solveType(TypeSolver.java:71)

34972      ERROR Test worker     d.u.i.k.n.b.TacletPBuilder Error in parsing taclet. de.uka.ilkd.key.util.parsing.BuildingException: Unsolved symbol in de.uka.ilkd.key.java.JavaParserFactory$DynamicTypeSolver@725185cc : java.lang.Object at file:/D:/a/key/key/key.core/build/resources/main/de/uka/ilkd/key/proof/rules/loopScopeRules.key:297:16
	at de.uka.ilkd.key.nparser.builder.AbstractBuilder.accept(AbstractBuilder.java:54)
Caused by: com.github.javaparser.resolution.UnsolvedSymbolException: Unsolved symbol in de.uka.ilkd.key.java.JavaParserFactory$DynamicTypeSolver@725185cc : java.lang.Object
	at com.github.javaparser.resolution.TypeSolver.solveType(TypeSolver.java:71)

34972      ERROR Test worker     d.u.i.k.n.b.AbstractBuilder  com.github.javaparser.resolution.UnsolvedSymbolException: Unsolved symbol in de.uka.ilkd.key.java.JavaParserFactory$DynamicTypeSolver@725185cc : java.lang.Object
	at com.github.javaparser.resolution.TypeSolver.solveType(TypeSolver.java:71)

34972      ERROR Test worker     d.u.i.k.n.b.TacletPBuilder Error in parsing taclet. de.uka.ilkd.key.util.parsing.BuildingException: Unsolved symbol in de.uka.ilkd.key.java.JavaParserFactory$DynamicTypeSolver@725185cc : java.lang.Object at file:/D:/a/key/key/key.core/build/resources/main/de/uka/ilkd/key/proof/rules/loopScopeRules.key:375:15
	at de.uka.ilkd.key.nparser.builder.AbstractBuilder.accept(AbstractBuilder.java:54)
Caused by: com.github.javaparser.resolution.UnsolvedSymbolException: Unsolved symbol in de.uka.ilkd.key.java.JavaParserFactory$DynamicTypeSolver@725185cc : java.lang.Object
	at com.github.javaparser.resolution.TypeSolver.solveType(TypeSolver.java:71)

34972      ERROR Test worker     d.u.i.k.n.b.AbstractBuilder  com.github.javaparser.resolution.UnsolvedSymbolException: Unsolved symbol in de.uka.ilkd.key.java.JavaParserFactory$DynamicTypeSolver@725185cc : java.lang.Object
	at com.github.javaparser.resolution.TypeSolver.solveType(TypeSolver.java:71)

34972      ERROR Test worker     d.u.i.k.n.b.TacletPBuilder Error in parsing taclet. de.uka.ilkd.key.util.parsing.BuildingException: Unsolved symbol in de.uka.ilkd.key.java.JavaParserFactory$DynamicTypeSolver@725185cc : java.lang.Object at file:/D:/a/key/key/key.core/build/resources/main/de/uka/ilkd/key/proof/rules/loopScopeRules.key:381:15
	at de.uka.ilkd.key.nparser.builder.AbstractBuilder.accept(AbstractBuilder.java:54)
Caused by: com.github.javaparser.resolution.UnsolvedSymbolException: Unsolved symbol in de.uka.ilkd.key.java.JavaParserFactory$DynamicTypeSolver@725185cc : java.lang.Object
	at com.github.javaparser.resolution.TypeSolver.solveType(TypeSolver.java:71)

34972      ERROR Test worker     d.u.i.k.n.b.AbstractBuilder  com.github.javaparser.resolution.UnsolvedSymbolException: Unsolved symbol in de.uka.ilkd.key.java.JavaParserFactory$DynamicTypeSolver@725185cc : java.lang.Object
	at com.github.javaparser.resolution.TypeSolver.solveType(TypeSolver.java:71)

34972      ERROR Test worker     d.u.i.k.n.b.TacletPBuilder Error in parsing taclet. de.uka.ilkd.key.util.parsing.BuildingException: Unsolved symbol in de.uka.ilkd.key.java.JavaParserFactory$DynamicTypeSolver@725185cc : java.lang.Object at file:/D:/a/key/key/key.core/build/resources/main/de/uka/ilkd/key/proof/rules/loopScopeRules.key:387:15
	at de.uka.ilkd.key.nparser.builder.AbstractBuilder.accept(AbstractBuilder.java:54)
Caused by: com.github.javaparser.resolution.UnsolvedSymbolException: Unsolved symbol in de.uka.ilkd.key.java.JavaParserFactory$DynamicTypeSolver@725185cc : java.lang.Object
	at com.github.javaparser.resolution.TypeSolver.solveType(TypeSolver.java:71)

34988      ERROR Test worker     d.u.i.k.n.b.AbstractBuilder  com.github.javaparser.resolution.UnsolvedSymbolException: Unsolved symbol in de.uka.ilkd.key.java.JavaParserFactory$DynamicTypeSolver@725185cc : java.lang.Object
	at com.github.javaparser.resolution.TypeSolver.solveType(TypeSolver.java:71)

34988      ERROR Test worker     d.u.i.k.n.b.TacletPBuilder Error in parsing taclet. de.uka.ilkd.key.util.parsing.BuildingException: Unsolved symbol in de.uka.ilkd.key.java.JavaParserFactory$DynamicTypeSolver@725185cc : java.lang.Object at file:/D:/a/key/key/key.core/build/resources/main/de/uka/ilkd/key/proof/rules/loopScopeRules.key:395:15
	at de.uka.ilkd.key.nparser.builder.AbstractBuilder.accept(AbstractBuilder.java:54)
Caused by: com.github.javaparser.resolution.UnsolvedSymbolException: Unsolved symbol in de.uka.ilkd.key.java.JavaParserFactory$DynamicTypeSolver@725185cc : java.lang.Object
	at com.github.javaparser.resolution.TypeSolver.solveType(TypeSolver.java:71)

34988      ERROR Test worker     d.u.i.k.n.b.TacletPBuilder Override: #lsStmt (program Statement) #lsStmt (program Statement) 
34988      ERROR Test worker     d.u.i.k.n.b.AbstractBuilder  com.github.javaparser.resolution.UnsolvedSymbolException: Unsolved symbol in de.uka.ilkd.key.java.JavaParserFactory$DynamicTypeSolver@725185cc : java.lang.Object
	at com.github.javaparser.resolution.TypeSolver.solveType(TypeSolver.java:71)

34988      ERROR Test worker     d.u.i.k.n.b.TacletPBuilder Error in parsing taclet. de.uka.ilkd.key.util.parsing.BuildingException: Unsolved symbol in de.uka.ilkd.key.java.JavaParserFactory$DynamicTypeSolver@725185cc : java.lang.Object at file:/D:/a/key/key/key.core/build/resources/main/de/uka/ilkd/key/proof/rules/loopScopeRules.key:410:15
	at de.uka.ilkd.key.nparser.builder.AbstractBuilder.accept(AbstractBuilder.java:54)
Caused by: com.github.javaparser.resolution.UnsolvedSymbolException: Unsolved symbol in de.uka.ilkd.key.java.JavaParserFactory$DynamicTypeSolver@725185cc : java.lang.Object
	at com.github.javaparser.resolution.TypeSolver.solveType(TypeSolver.java:71)

34988      ERROR Test worker     d.u.i.k.n.b.AbstractBuilder  com.github.javaparser.resolution.UnsolvedSymbolException: Unsolved symbol in de.uka.ilkd.key.java.JavaParserFactory$DynamicTypeSolver@725185cc : java.lang.Object
	at com.github.javaparser.resolution.TypeSolver.solveType(TypeSolver.java:71)

34988      ERROR Test worker     d.u.i.k.n.b.TacletPBuilder Error in parsing taclet. de.uka.ilkd.key.util.parsing.BuildingException: Unsolved symbol in de.uka.ilkd.key.java.JavaParserFactory$DynamicTypeSolver@725185cc : java.lang.Object at file:/D:/a/key/key/key.core/build/resources/main/de/uka/ilkd/key/proof/rules/loopScopeRules.key:418:15
	at de.uka.ilkd.key.nparser.builder.AbstractBuilder.accept(AbstractBuilder.java:54)
Caused by: com.github.javaparser.resolution.UnsolvedSymbolException: Unsolved symbol in de.uka.ilkd.key.java.JavaParserFactory$DynamicTypeSolver@725185cc : java.lang.Object
	at com.github.javaparser.resolution.TypeSolver.solveType(TypeSolver.java:71)

34988      ERROR Test worker     d.u.i.k.n.b.AbstractBuilder  com.github.javaparser.resolution.UnsolvedSymbolException: Unsolved symbol in de.uka.ilkd.key.java.JavaParserFactory$DynamicTypeSolver@725185cc : java.lang.Object
	at com.github.javaparser.resolution.TypeSolver.solveType(TypeSolver.java:71)

34988      ERROR Test worker     d.u.i.k.n.b.TacletPBuilder Error in parsing taclet. de.uka.ilkd.key.util.parsing.BuildingException: Unsolved symbol in de.uka.ilkd.key.java.JavaParserFactory$DynamicTypeSolver@725185cc : java.lang.Object at file:/D:/a/key/key/key.core/build/resources/main/de/uka/ilkd/key/proof/rules/loopScopeRules.key:424:15
	at de.uka.ilkd.key.nparser.builder.AbstractBuilder.accept(AbstractBuilder.java:54)
Caused by: com.github.javaparser.resolution.UnsolvedSymbolException: Unsolved symbol in de.uka.ilkd.key.java.JavaParserFactory$DynamicTypeSolver@725185cc : java.lang.Object
	at com.github.javaparser.resolution.TypeSolver.solveType(TypeSolver.java:71)

34988      ERROR Test worker     d.u.i.k.n.b.AbstractBuilder  com.github.javaparser.resolution.UnsolvedSymbolException: Unsolved symbol in de.uka.ilkd.key.java.JavaParserFactory$DynamicTypeSolver@725185cc : java.lang.Object
	at com.github.javaparser.resolution.TypeSolver.solveType(TypeSolver.java:71)

34988      ERROR Test worker     d.u.i.k.n.b.TacletPBuilder Error in parsing taclet. de.uka.ilkd.key.util.parsing.BuildingException: Unsolved symbol in de.uka.ilkd.key.java.JavaParserFactory$DynamicTypeSolver@725185cc : java.lang.Object at file:/D:/a/key/key/key.core/build/resources/main/de/uka/ilkd/key/proof/rules/loopScopeRules.key:430:15
	at de.uka.ilkd.key.nparser.builder.AbstractBuilder.accept(AbstractBuilder.java:54)
Caused by: com.github.javaparser.resolution.UnsolvedSymbolException: Unsolved symbol in de.uka.ilkd.key.java.JavaParserFactory$DynamicTypeSolver@725185cc : java.lang.Object
	at com.github.javaparser.resolution.TypeSolver.solveType(TypeSolver.java:71)

34988      ERROR Test worker     d.u.i.k.n.b.AbstractBuilder  com.github.javaparser.resolution.UnsolvedSymbolException: Unsolved symbol in de.uka.ilkd.key.java.JavaParserFactory$DynamicTypeSolver@725185cc : java.lang.Object
	at com.github.javaparser.resolution.TypeSolver.solveType(TypeSolver.java:71)

34988      ERROR Test worker     d.u.i.k.n.b.TacletPBuilder Error in parsing taclet. de.uka.ilkd.key.util.parsing.BuildingException: Unsolved symbol in de.uka.ilkd.key.java.JavaParserFactory$DynamicTypeSolver@725185cc : java.lang.Object at file:/D:/a/key/key/key.core/build/resources/main/de/uka/ilkd/key/proof/rules/loopScopeRules.key:436:15
	at de.uka.ilkd.key.nparser.builder.AbstractBuilder.accept(AbstractBuilder.java:54)
Caused by: com.github.javaparser.resolution.UnsolvedSymbolException: Unsolved symbol in de.uka.ilkd.key.java.JavaParserFactory$DynamicTypeSolver@725185cc : java.lang.Object
	at com.github.javaparser.resolution.TypeSolver.solveType(TypeSolver.java:71)

34988      ERROR Test worker     d.u.i.k.n.b.AbstractBuilder  com.github.javaparser.resolution.UnsolvedSymbolException: Unsolved symbol in de.uka.ilkd.key.java.JavaParserFactory$DynamicTypeSolver@725185cc : java.lang.Object
	at com.github.javaparser.resolution.TypeSolver.solveType(TypeSolver.java:71)

34988      ERROR Test worker     d.u.i.k.n.b.TacletPBuilder Error in parsing taclet. de.uka.ilkd.key.util.parsing.BuildingException: Unsolved symbol in de.uka.ilkd.key.java.JavaParserFactory$DynamicTypeSolver@725185cc : java.lang.Object at file:/D:/a/key/key/key.core/build/resources/main/de/uka/ilkd/key/proof/rules/loopScopeRules.key:446:15
	at de.uka.ilkd.key.nparser.builder.AbstractBuilder.accept(AbstractBuilder.java:54)
Caused by: com.github.javaparser.resolution.UnsolvedSymbolException: Unsolved symbol in de.uka.ilkd.key.java.JavaParserFactory$DynamicTypeSolver@725185cc : java.lang.Object
	at com.github.javaparser.resolution.TypeSolver.solveType(TypeSolver.java:71)

34988      ERROR Test worker     d.u.i.k.n.b.AbstractBuilder  com.github.javaparser.resolution.UnsolvedSymbolException: Unsolved symbol in de.uka.ilkd.key.java.JavaParserFactory$DynamicTypeSolver@725185cc : java.lang.Object
	at com.github.javaparser.resolution.TypeSolver.solveType(TypeSolver.java:71)

35003      ERROR Test worker     d.u.i.k.n.b.TacletPBuilder Error in parsing taclet. de.uka.ilkd.key.util.parsing.BuildingException: Unsolved symbol in de.uka.ilkd.key.java.JavaParserFactory$DynamicTypeSolver@725185cc : java.lang.Object at file:/D:/a/key/key/key.core/build/resources/main/de/uka/ilkd/key/proof/rules/loopScopeRules.key:452:15
	at de.uka.ilkd.key.nparser.builder.AbstractBuilder.accept(AbstractBuilder.java:54)
Caused by: com.github.javaparser.resolution.UnsolvedSymbolException: Unsolved symbol in de.uka.ilkd.key.java.JavaParserFactory$DynamicTypeSolver@725185cc : java.lang.Object
	at com.github.javaparser.resolution.TypeSolver.solveType(TypeSolver.java:71)

35003      ERROR Test worker     d.u.i.k.n.b.AbstractBuilder  com.github.javaparser.resolution.UnsolvedSymbolException: Unsolved symbol in de.uka.ilkd.key.java.JavaParserFactory$DynamicTypeSolver@725185cc : java.lang.Object
	at com.github.javaparser.resolution.TypeSolver.solveType(TypeSolver.java:71)

35003      ERROR Test worker     d.u.i.k.n.b.TacletPBuilder Error in parsing taclet. de.uka.ilkd.key.util.parsing.BuildingException: Unsolved symbol in de.uka.ilkd.key.java.JavaParserFactory$DynamicTypeSolver@725185cc : java.lang.Object at file:/D:/a/key/key/key.core/build/resources/main/de/uka/ilkd/key/proof/rules/loopScopeRules.key:458:15
	at de.uka.ilkd.key.nparser.builder.AbstractBuilder.accept(AbstractBuilder.java:54)
Caused by: com.github.javaparser.resolution.UnsolvedSymbolException: Unsolved symbol in de.uka.ilkd.key.java.JavaParserFactory$DynamicTypeSolver@725185cc : java.lang.Object
	at com.github.javaparser.resolution.TypeSolver.solveType(TypeSolver.java:71)

35003      ERROR Test worker     d.u.i.k.n.b.AbstractBuilder  com.github.javaparser.resolution.UnsolvedSymbolException: Unsolved symbol in de.uka.ilkd.key.java.JavaParserFactory$DynamicTypeSolver@725185cc : java.lang.Object
	at com.github.javaparser.resolution.TypeSolver.solveType(TypeSolver.java:71)

35003      ERROR Test worker     d.u.i.k.n.b.TacletPBuilder Error in parsing taclet. de.uka.ilkd.key.util.parsing.BuildingException: Unsolved symbol in de.uka.ilkd.key.java.JavaParserFactory$DynamicTypeSolver@725185cc : java.lang.Object at file:/D:/a/key/key/key.core/build/resources/main/de/uka/ilkd/key/proof/rules/loopScopeRules.key:464:15
	at de.uka.ilkd.key.nparser.builder.AbstractBuilder.accept(AbstractBuilder.java:54)
Caused by: com.github.javaparser.resolution.UnsolvedSymbolException: Unsolved symbol in de.uka.ilkd.key.java.JavaParserFactory$DynamicTypeSolver@725185cc : java.lang.Object
	at com.github.javaparser.resolution.TypeSolver.solveType(TypeSolver.java:71)

35160      INFO  Test worker     d.u.i.k.p.i.AbstractProblemLoader Loading environment from src\test\resources\testcase\issues\1566\a.key 
35160      DEBUG Test worker     d.u.i.k.p.i.AbstractProblemLoader Environment load took 183.9ns 
35160      INFO  Test worker     d.u.i.k.p.i.AbstractProblemLoader Creating init config 
35253      ERROR Test worker     d.u.i.k.n.b.AbstractBuilder  com.github.javaparser.resolution.UnsolvedSymbolException: Unsolved symbol in de.uka.ilkd.key.java.JavaParserFactory$DynamicTypeSolver@1c7f791e : java.lang.Object
	at com.github.javaparser.resolution.TypeSolver.solveType(TypeSolver.java:71)

35253      ERROR Test worker     d.u.i.k.n.b.TacletPBuilder Error in parsing taclet. de.uka.ilkd.key.util.parsing.BuildingException: Unsolved symbol in de.uka.ilkd.key.java.JavaParserFactory$DynamicTypeSolver@1c7f791e : java.lang.Object at file:/D:/a/key/key/key.core/build/resources/main/de/uka/ilkd/key/proof/rules/integerRulesCommon.key:37:15
	at de.uka.ilkd.key.nparser.builder.AbstractBuilder.accept(AbstractBuilder.java:54)
Caused by: com.github.javaparser.resolution.UnsolvedSymbolException: Unsolved symbol in de.uka.ilkd.key.java.JavaParserFactory$DynamicTypeSolver@1c7f791e : java.lang.Object
	at com.github.javaparser.resolution.TypeSolver.solveType(TypeSolver.java:71)

35253      ERROR Test worker     d.u.i.k.n.b.AbstractBuilder  com.github.javaparser.resolution.UnsolvedSymbolException: Unsolved symbol in de.uka.ilkd.key.java.JavaParserFactory$DynamicTypeSolver@1c7f791e : java.lang.Object
	at com.github.javaparser.resolution.TypeSolver.solveType(TypeSolver.java:71)

35253      ERROR Test worker     d.u.i.k.n.b.TacletPBuilder Error in parsing taclet. de.uka.ilkd.key.util.parsing.BuildingException: Unsolved symbol in de.uka.ilkd.key.java.JavaParserFactory$DynamicTypeSolver@1c7f791e : java.lang.Object at file:/D:/a/key/key/key.core/build/resources/main/de/uka/ilkd/key/proof/rules/integerRulesCommon.key:43:15
	at de.uka.ilkd.key.nparser.builder.AbstractBuilder.accept(AbstractBuilder.java:54)
Caused by: com.github.javaparser.resolution.UnsolvedSymbolException: Unsolved symbol in de.uka.ilkd.key.java.JavaParserFactory$DynamicTypeSolver@1c7f791e : java.lang.Object
	at com.github.javaparser.resolution.TypeSolver.solveType(TypeSolver.java:71)

35253      ERROR Test worker     d.u.i.k.n.b.AbstractBuilder  com.github.javaparser.resolution.UnsolvedSymbolException: Unsolved symbol in de.uka.ilkd.key.java.JavaParserFactory$DynamicTypeSolver@1c7f791e : java.lang.Object
	at com.github.javaparser.resolution.TypeSolver.solveType(TypeSolver.java:71)

35253      ERROR Test worker     d.u.i.k.n.b.TacletPBuilder Error in parsing taclet. de.uka.ilkd.key.util.parsing.BuildingException: Unsolved symbol in de.uka.ilkd.key.java.JavaParserFactory$DynamicTypeSolver@1c7f791e : java.lang.Object at file:/D:/a/key/key/key.core/build/resources/main/de/uka/ilkd/key/proof/rules/integerRulesCommon.key:52:15
	at de.uka.ilkd.key.nparser.builder.AbstractBuilder.accept(AbstractBuilder.java:54)
Caused by: com.github.javaparser.resolution.UnsolvedSymbolException: Unsolved symbol in de.uka.ilkd.key.java.JavaParserFactory$DynamicTypeSolver@1c7f791e : java.lang.Object
	at com.github.javaparser.resolution.TypeSolver.solveType(TypeSolver.java:71)

35253      ERROR Test worker     d.u.i.k.n.b.AbstractBuilder  com.github.javaparser.resolution.UnsolvedSymbolException: Unsolved symbol in de.uka.ilkd.key.java.JavaParserFactory$DynamicTypeSolver@1c7f791e : java.lang.Object
	at com.github.javaparser.resolution.TypeSolver.solveType(TypeSolver.java:71)

35253      ERROR Test worker     d.u.i.k.n.b.TacletPBuilder Error in parsing taclet. de.uka.ilkd.key.util.parsing.BuildingException: Unsolved symbol in de.uka.ilkd.key.java.JavaParserFactory$DynamicTypeSolver@1c7f791e : java.lang.Object at file:/D:/a/key/key/key.core/build/resources/main/de/uka/ilkd/key/proof/rules/integerRulesCommon.key:65:15
	at de.uka.ilkd.key.nparser.builder.AbstractBuilder.accept(AbstractBuilder.java:54)
Caused by: com.github.javaparser.resolution.UnsolvedSymbolException: Unsolved symbol in de.uka.ilkd.key.java.JavaParserFactory$DynamicTypeSolver@1c7f791e : java.lang.Object
	at com.github.javaparser.resolution.TypeSolver.solveType(TypeSolver.java:71)

35253      ERROR Test worker     d.u.i.k.n.b.AbstractBuilder  com.github.javaparser.resolution.UnsolvedSymbolException: Unsolved symbol in de.uka.ilkd.key.java.JavaParserFactory$DynamicTypeSolver@1c7f791e : java.lang.Object
	at com.github.javaparser.resolution.TypeSolver.solveType(TypeSolver.java:71)

35253      ERROR Test worker     d.u.i.k.n.b.TacletPBuilder Error in parsing taclet. de.uka.ilkd.key.util.parsing.BuildingException: Unsolved symbol in de.uka.ilkd.key.java.JavaParserFactory$DynamicTypeSolver@1c7f791e : java.lang.Object at file:/D:/a/key/key/key.core/build/resources/main/de/uka/ilkd/key/proof/rules/integerRulesCommon.key:73:15
	at de.uka.ilkd.key.nparser.builder.AbstractBuilder.accept(AbstractBuilder.java:54)
Caused by: com.github.javaparser.resolution.UnsolvedSymbolException: Unsolved symbol in de.uka.ilkd.key.java.JavaParserFactory$DynamicTypeSolver@1c7f791e : java.lang.Object
	at com.github.javaparser.resolution.TypeSolver.solveType(TypeSolver.java:71)

35253      ERROR Test worker     d.u.i.k.n.b.AbstractBuilder  com.github.javaparser.resolution.UnsolvedSymbolException: Unsolved symbol in de.uka.ilkd.key.java.JavaParserFactory$DynamicTypeSolver@1c7f791e : java.lang.Object
	at com.github.javaparser.resolution.TypeSolver.solveType(TypeSolver.java:71)

35253      ERROR Test worker     d.u.i.k.n.b.TacletPBuilder Error in parsing taclet. de.uka.ilkd.key.util.parsing.BuildingException: Unsolved symbol in de.uka.ilkd.key.java.JavaParserFactory$DynamicTypeSolver@1c7f791e : java.lang.Object at file:/D:/a/key/key/key.core/build/resources/main/de/uka/ilkd/key/proof/rules/integerRulesCommon.key:81:15
	at de.uka.ilkd.key.nparser.builder.AbstractBuilder.accept(AbstractBuilder.java:54)
Caused by: com.github.javaparser.resolution.UnsolvedSymbolException: Unsolved symbol in de.uka.ilkd.key.java.JavaParserFactory$DynamicTypeSolver@1c7f791e : java.lang.Object
	at com.github.javaparser.resolution.TypeSolver.solveType(TypeSolver.java:71)

35253      ERROR Test worker     d.u.i.k.n.b.AbstractBuilder  com.github.javaparser.resolution.UnsolvedSymbolException: Unsolved symbol in de.uka.ilkd.key.java.JavaParserFactory$DynamicTypeSolver@1c7f791e : java.lang.Object
	at com.github.javaparser.resolution.TypeSolver.solveType(TypeSolver.java:71)

35253      ERROR Test worker     d.u.i.k.n.b.TacletPBuilder Error in parsing taclet. de.uka.ilkd.key.util.parsing.BuildingException: Unsolved symbol in de.uka.ilkd.key.java.JavaParserFactory$DynamicTypeSolver@1c7f791e : java.lang.Object at file:/D:/a/key/key/key.core/build/resources/main/de/uka/ilkd/key/proof/rules/integerRulesCommon.key:89:15
	at de.uka.ilkd.key.nparser.builder.AbstractBuilder.accept(AbstractBuilder.java:54)
Caused by: com.github.javaparser.resolution.UnsolvedSymbolException: Unsolved symbol in de.uka.ilkd.key.java.JavaParserFactory$DynamicTypeSolver@1c7f791e : java.lang.Object
	at com.github.javaparser.resolution.TypeSolver.solveType(TypeSolver.java:71)

35253      ERROR Test worker     d.u.i.k.n.b.AbstractBuilder  com.github.javaparser.resolution.UnsolvedSymbolException: Unsolved symbol in de.uka.ilkd.key.java.JavaParserFactory$DynamicTypeSolver@1c7f791e : java.lang.Object
	at com.github.javaparser.resolution.TypeSolver.solveType(TypeSolver.java:71)

35253      ERROR Test worker     d.u.i.k.n.b.TacletPBuilder Error in parsing taclet. de.uka.ilkd.key.util.parsing.BuildingException: Unsolved symbol in de.uka.ilkd.key.java.JavaParserFactory$DynamicTypeSolver@1c7f791e : java.lang.Object at file:/D:/a/key/key/key.core/build/resources/main/de/uka/ilkd/key/proof/rules/integerRulesCommon.key:97:15
	at de.uka.ilkd.key.nparser.builder.AbstractBuilder.accept(AbstractBuilder.java:54)
Caused by: com.github.javaparser.resolution.UnsolvedSymbolException: Unsolved symbol in de.uka.ilkd.key.java.JavaParserFactory$DynamicTypeSolver@1c7f791e : java.lang.Object
	at com.github.javaparser.resolution.TypeSolver.solveType(TypeSolver.java:71)

35269      ERROR Test worker     d.u.i.k.n.b.AbstractBuilder  com.github.javaparser.resolution.UnsolvedSymbolException: Unsolved symbol in de.uka.ilkd.key.java.JavaParserFactory$DynamicTypeSolver@1c7f791e : java.lang.Object
	at com.github.javaparser.resolution.TypeSolver.solveType(TypeSolver.java:71)

35269      ERROR Test worker     d.u.i.k.n.b.TacletPBuilder Error in parsing taclet. de.uka.ilkd.key.util.parsing.BuildingException: Unsolved symbol in de.uka.ilkd.key.java.JavaParserFactory$DynamicTypeSolver@1c7f791e : java.lang.Object at file:/D:/a/key/key/key.core/build/resources/main/de/uka/ilkd/key/proof/rules/integerRulesCommon.key:105:15
	at de.uka.ilkd.key.nparser.builder.AbstractBuilder.accept(AbstractBuilder.java:54)
Caused by: com.github.javaparser.resolution.UnsolvedSymbolException: Unsolved symbol in de.uka.ilkd.key.java.JavaParserFactory$DynamicTypeSolver@1c7f791e : java.lang.Object
	at com.github.javaparser.resolution.TypeSolver.solveType(TypeSolver.java:71)

35269      ERROR Test worker     d.u.i.k.n.b.AbstractBuilder  com.github.javaparser.resolution.UnsolvedSymbolException: Unsolved symbol in de.uka.ilkd.key.java.JavaParserFactory$DynamicTypeSolver@1c7f791e : java.lang.Object
	at com.github.javaparser.resolution.TypeSolver.solveType(TypeSolver.java:71)

35269      ERROR Test worker     d.u.i.k.n.b.TacletPBuilder Error in parsing taclet. de.uka.ilkd.key.util.parsing.BuildingException: Unsolved symbol in de.uka.ilkd.key.java.JavaParserFactory$DynamicTypeSolver@1c7f791e : java.lang.Object at file:/D:/a/key/key/key.core/build/resources/main/de/uka/ilkd/key/proof/rules/integerRulesCommon.key:113:15
	at de.uka.ilkd.key.nparser.builder.AbstractBuilder.accept(AbstractBuilder.java:54)
Caused by: com.github.javaparser.resolution.UnsolvedSymbolException: Unsolved symbol in de.uka.ilkd.key.java.JavaParserFactory$DynamicTypeSolver@1c7f791e : java.lang.Object
	at com.github.javaparser.resolution.TypeSolver.solveType(TypeSolver.java:71)

35269      ERROR Test worker     d.u.i.k.n.b.AbstractBuilder  com.github.javaparser.resolution.UnsolvedSymbolException: Unsolved symbol in de.uka.ilkd.key.java.JavaParserFactory$DynamicTypeSolver@1c7f791e : java.lang.Object
	at com.github.javaparser.resolution.TypeSolver.solveType(TypeSolver.java:71)

35269      ERROR Test worker     d.u.i.k.n.b.TacletPBuilder Error in parsing taclet. de.uka.ilkd.key.util.parsing.BuildingException: Unsolved symbol in de.uka.ilkd.key.java.JavaParserFactory$DynamicTypeSolver@1c7f791e : java.lang.Object at file:/D:/a/key/key/key.core/build/resources/main/de/uka/ilkd/key/proof/rules/integerRulesCommon.key:120:15
	at de.uka.ilkd.key.nparser.builder.AbstractBuilder.accept(AbstractBuilder.java:54)
Caused by: com.github.javaparser.resolution.UnsolvedSymbolException: Unsolved symbol in de.uka.ilkd.key.java.JavaParserFactory$DynamicTypeSolver@1c7f791e : java.lang.Object
	at com.github.javaparser.resolution.TypeSolver.solveType(TypeSolver.java:71)

35269      ERROR Test worker     d.u.i.k.n.b.AbstractBuilder  com.github.javaparser.resolution.UnsolvedSymbolException: Unsolved symbol in de.uka.ilkd.key.java.JavaParserFactory$DynamicTypeSolver@1c7f791e : java.lang.Object
	at com.github.javaparser.resolution.TypeSolver.solveType(TypeSolver.java:71)

35269      ERROR Test worker     d.u.i.k.n.b.TacletPBuilder Error in parsing taclet. de.uka.ilkd.key.util.parsing.BuildingException: Unsolved symbol in de.uka.ilkd.key.java.JavaParserFactory$DynamicTypeSolver@1c7f791e : java.lang.Object at file:/D:/a/key/key/key.core/build/resources/main/de/uka/ilkd/key/proof/rules/integerRulesCommon.key:127:15
	at de.uka.ilkd.key.nparser.builder.AbstractBuilder.accept(AbstractBuilder.java:54)
Caused by: com.github.javaparser.resolution.UnsolvedSymbolException: Unsolved symbol in de.uka.ilkd.key.java.JavaParserFactory$DynamicTypeSolver@1c7f791e : java.lang.Object
	at com.github.javaparser.resolution.TypeSolver.solveType(TypeSolver.java:71)

35363      DEBUG Test worker     d.u.i.k.j.TypeConverter   No LDT found for Meta 
35363      DEBUG Test worker     d.u.i.k.j.TypeConverter   No LDT found for Meta 
35363      DEBUG Test worker     d.u.i.k.j.TypeConverter   No LDT found for Meta 
35363      DEBUG Test worker     d.u.i.k.j.TypeConverter   No LDT found for Meta 
35566      ERROR Test worker     d.u.i.k.n.b.AbstractBuilder  com.github.javaparser.resolution.UnsolvedSymbolException: Unsolved symbol in de.uka.ilkd.key.java.JavaParserFactory$DynamicTypeSolver@1c7f791e : java.lang.Object
	at com.github.javaparser.resolution.TypeSolver.solveType(TypeSolver.java:71)

35566      ERROR Test worker     d.u.i.k.n.b.TacletPBuilder Error in parsing taclet. de.uka.ilkd.key.util.parsing.BuildingException: Unsolved symbol in de.uka.ilkd.key.java.JavaParserFactory$DynamicTypeSolver@1c7f791e : java.lang.Object at file:/D:/a/key/key/key.core/build/resources/main/de/uka/ilkd/key/proof/rules/floatRulesAssumeStrictfp.key:77:15
	at de.uka.ilkd.key.nparser.builder.AbstractBuilder.accept(AbstractBuilder.java:54)
Caused by: com.github.javaparser.resolution.UnsolvedSymbolException: Unsolved symbol in de.uka.ilkd.key.java.JavaParserFactory$DynamicTypeSolver@1c7f791e : java.lang.Object
	at com.github.javaparser.resolution.TypeSolver.solveType(TypeSolver.java:71)

35566      ERROR Test worker     d.u.i.k.n.b.TacletPBuilder Override: #loc (program Variable) #loc (program Variable) 
35566      ERROR Test worker     d.u.i.k.n.b.TacletPBuilder Override: #se (program SimpleExpression) #se (program SimpleExpression) 
35566      ERROR Test worker     d.u.i.k.n.b.TacletPBuilder Override: post (formula) post (formula) 
35566      ERROR Test worker     d.u.i.k.n.b.AbstractBuilder  com.github.javaparser.resolution.UnsolvedSymbolException: Unsolved symbol in de.uka.ilkd.key.java.JavaParserFactory$DynamicTypeSolver@1c7f791e : java.lang.Object
	at com.github.javaparser.resolution.TypeSolver.solveType(TypeSolver.java:71)

35566      ERROR Test worker     d.u.i.k.n.b.TacletPBuilder Error in parsing taclet. de.uka.ilkd.key.util.parsing.BuildingException: Unsolved symbol in de.uka.ilkd.key.java.JavaParserFactory$DynamicTypeSolver@1c7f791e : java.lang.Object at file:/D:/a/key/key/key.core/build/resources/main/de/uka/ilkd/key/proof/rules/floatRulesAssumeStrictfp.key:87:15
	at de.uka.ilkd.key.nparser.builder.AbstractBuilder.accept(AbstractBuilder.java:54)
Caused by: com.github.javaparser.resolution.UnsolvedSymbolException: Unsolved symbol in de.uka.ilkd.key.java.JavaParserFactory$DynamicTypeSolver@1c7f791e : java.lang.Object
	at com.github.javaparser.resolution.TypeSolver.solveType(TypeSolver.java:71)

35566      ERROR Test worker     d.u.i.k.n.b.TacletPBuilder Override: #loc (program Variable) #loc (program Variable) 
35566      ERROR Test worker     d.u.i.k.n.b.TacletPBuilder Override: #se (program SimpleExpression) #se (program SimpleExpression) 
35566      ERROR Test worker     d.u.i.k.n.b.TacletPBuilder Override: post (formula) post (formula) 
35566      ERROR Test worker     d.u.i.k.n.b.AbstractBuilder  com.github.javaparser.resolution.UnsolvedSymbolException: Unsolved symbol in de.uka.ilkd.key.java.JavaParserFactory$DynamicTypeSolver@1c7f791e : java.lang.Object
	at com.github.javaparser.resolution.TypeSolver.solveType(TypeSolver.java:71)

35566      ERROR Test worker     d.u.i.k.n.b.TacletPBuilder Error in parsing taclet. de.uka.ilkd.key.util.parsing.BuildingException: Unsolved symbol in de.uka.ilkd.key.java.JavaParserFactory$DynamicTypeSolver@1c7f791e : java.lang.Object at file:/D:/a/key/key/key.core/build/resources/main/de/uka/ilkd/key/proof/rules/floatRulesAssumeStrictfp.key:97:15
	at de.uka.ilkd.key.nparser.builder.AbstractBuilder.accept(AbstractBuilder.java:54)
Caused by: com.github.javaparser.resolution.UnsolvedSymbolException: Unsolved symbol in de.uka.ilkd.key.java.JavaParserFactory$DynamicTypeSolver@1c7f791e : java.lang.Object
	at com.github.javaparser.resolution.TypeSolver.solveType(TypeSolver.java:71)

35566      ERROR Test worker     d.u.i.k.n.b.TacletPBuilder Override: #loc (program Variable) #loc (program Variable) 
35566      ERROR Test worker     d.u.i.k.n.b.TacletPBuilder Override: #se (program SimpleExpression) #se (program SimpleExpression) 
35566      ERROR Test worker     d.u.i.k.n.b.TacletPBuilder Override: post (formula) post (formula) 
35566      ERROR Test worker     d.u.i.k.n.b.AbstractBuilder  com.github.javaparser.resolution.UnsolvedSymbolException: Unsolved symbol in de.uka.ilkd.key.java.JavaParserFactory$DynamicTypeSolver@1c7f791e : java.lang.Object
	at com.github.javaparser.resolution.TypeSolver.solveType(TypeSolver.java:71)

35566      ERROR Test worker     d.u.i.k.n.b.TacletPBuilder Error in parsing taclet. de.uka.ilkd.key.util.parsing.BuildingException: Unsolved symbol in de.uka.ilkd.key.java.JavaParserFactory$DynamicTypeSolver@1c7f791e : java.lang.Object at file:/D:/a/key/key/key.core/build/resources/main/de/uka/ilkd/key/proof/rules/floatRulesAssumeStrictfp.key:107:15
	at de.uka.ilkd.key.nparser.builder.AbstractBuilder.accept(AbstractBuilder.java:54)
Caused by: com.github.javaparser.resolution.UnsolvedSymbolException: Unsolved symbol in de.uka.ilkd.key.java.JavaParserFactory$DynamicTypeSolver@1c7f791e : java.lang.Object
	at com.github.javaparser.resolution.TypeSolver.solveType(TypeSolver.java:71)

35566      ERROR Test worker     d.u.i.k.n.b.TacletPBuilder Override: #loc (program Variable) #loc (program Variable) 
35566      ERROR Test worker     d.u.i.k.n.b.TacletPBuilder Override: #se (program SimpleExpression) #se (program SimpleExpression) 
35566      ERROR Test worker     d.u.i.k.n.b.TacletPBuilder Override: post (formula) post (formula) 
35582      ERROR Test worker     d.u.i.k.n.b.AbstractBuilder  com.github.javaparser.resolution.UnsolvedSymbolException: Unsolved symbol in de.uka.ilkd.key.java.JavaParserFactory$DynamicTypeSolver@1c7f791e : java.lang.Object
	at com.github.javaparser.resolution.TypeSolver.solveType(TypeSolver.java:71)

35582      ERROR Test worker     d.u.i.k.n.b.TacletPBuilder Error in parsing taclet. de.uka.ilkd.key.util.parsing.BuildingException: Unsolved symbol in de.uka.ilkd.key.java.JavaParserFactory$DynamicTypeSolver@1c7f791e : java.lang.Object at file:/D:/a/key/key/key.core/build/resources/main/de/uka/ilkd/key/proof/rules/floatRulesAssumeStrictfp.key:117:15
	at de.uka.ilkd.key.nparser.builder.AbstractBuilder.accept(AbstractBuilder.java:54)
Caused by: com.github.javaparser.resolution.UnsolvedSymbolException: Unsolved symbol in de.uka.ilkd.key.java.JavaParserFactory$DynamicTypeSolver@1c7f791e : java.lang.Object
	at com.github.javaparser.resolution.TypeSolver.solveType(TypeSolver.java:71)

35582      ERROR Test worker     d.u.i.k.n.b.TacletPBuilder Override: #loc (program Variable) #loc (program Variable) 
35582      ERROR Test worker     d.u.i.k.n.b.TacletPBuilder Override: post (formula) post (formula) 
35582      ERROR Test worker     d.u.i.k.n.b.AbstractBuilder  com.github.javaparser.resolution.UnsolvedSymbolException: Unsolved symbol in de.uka.ilkd.key.java.JavaParserFactory$DynamicTypeSolver@1c7f791e : java.lang.Object
	at com.github.javaparser.resolution.TypeSolver.solveType(TypeSolver.java:71)

35582      ERROR Test worker     d.u.i.k.n.b.TacletPBuilder Error in parsing taclet. de.uka.ilkd.key.util.parsing.BuildingException: Unsolved symbol in de.uka.ilkd.key.java.JavaParserFactory$DynamicTypeSolver@1c7f791e : java.lang.Object at file:/D:/a/key/key/key.core/build/resources/main/de/uka/ilkd/key/proof/rules/floatRulesAssumeStrictfp.key:128:15
	at de.uka.ilkd.key.nparser.builder.AbstractBuilder.accept(AbstractBuilder.java:54)
Caused by: com.github.javaparser.resolution.UnsolvedSymbolException: Unsolved symbol in de.uka.ilkd.key.java.JavaParserFactory$DynamicTypeSolver@1c7f791e : java.lang.Object
	at com.github.javaparser.resolution.TypeSolver.solveType(TypeSolver.java:71)

35582      ERROR Test worker     d.u.i.k.n.b.TacletPBuilder Override: #loc (program Variable) #loc (program Variable) 
35582      ERROR Test worker     d.u.i.k.n.b.TacletPBuilder Override: #se (program SimpleExpression) #se (program SimpleExpression) 
35582      ERROR Test worker     d.u.i.k.n.b.TacletPBuilder Override: post (formula) post (formula) 
35582      ERROR Test worker     d.u.i.k.n.b.AbstractBuilder  com.github.javaparser.resolution.UnsolvedSymbolException: Unsolved symbol in de.uka.ilkd.key.java.JavaParserFactory$DynamicTypeSolver@1c7f791e : java.lang.Object
	at com.github.javaparser.resolution.TypeSolver.solveType(TypeSolver.java:71)

35582      ERROR Test worker     d.u.i.k.n.b.TacletPBuilder Error in parsing taclet. de.uka.ilkd.key.util.parsing.BuildingException: Unsolved symbol in de.uka.ilkd.key.java.JavaParserFactory$DynamicTypeSolver@1c7f791e : java.lang.Object at file:/D:/a/key/key/key.core/build/resources/main/de/uka/ilkd/key/proof/rules/floatRulesAssumeStrictfp.key:138:15
	at de.uka.ilkd.key.nparser.builder.AbstractBuilder.accept(AbstractBuilder.java:54)
Caused by: com.github.javaparser.resolution.UnsolvedSymbolException: Unsolved symbol in de.uka.ilkd.key.java.JavaParserFactory$DynamicTypeSolver@1c7f791e : java.lang.Object
	at com.github.javaparser.resolution.TypeSolver.solveType(TypeSolver.java:71)

35582      ERROR Test worker     d.u.i.k.n.b.TacletPBuilder Override: #loc (program Variable) #loc (program Variable) 
35582      ERROR Test worker     d.u.i.k.n.b.TacletPBuilder Override: #se1 (program SimpleExpression) #se1 (program SimpleExpression) 
35582      ERROR Test worker     d.u.i.k.n.b.TacletPBuilder Override: #se2 (program SimpleExpression) #se2 (program SimpleExpression) 
35582      ERROR Test worker     d.u.i.k.n.b.TacletPBuilder Override: post (formula) post (formula) 
35582      ERROR Test worker     d.u.i.k.n.b.AbstractBuilder  com.github.javaparser.resolution.UnsolvedSymbolException: Unsolved symbol in de.uka.ilkd.key.java.JavaParserFactory$DynamicTypeSolver@1c7f791e : java.lang.Object
	at com.github.javaparser.resolution.TypeSolver.solveType(TypeSolver.java:71)

35582      ERROR Test worker     d.u.i.k.n.b.TacletPBuilder Error in parsing taclet. de.uka.ilkd.key.util.parsing.BuildingException: Unsolved symbol in de.uka.ilkd.key.java.JavaParserFactory$DynamicTypeSolver@1c7f791e : java.lang.Object at file:/D:/a/key/key/key.core/build/resources/main/de/uka/ilkd/key/proof/rules/floatRulesAssumeStrictfp.key:149:15
	at de.uka.ilkd.key.nparser.builder.AbstractBuilder.accept(AbstractBuilder.java:54)
Caused by: com.github.javaparser.resolution.UnsolvedSymbolException: Unsolved symbol in de.uka.ilkd.key.java.JavaParserFactory$DynamicTypeSolver@1c7f791e : java.lang.Object
	at com.github.javaparser.resolution.TypeSolver.solveType(TypeSolver.java:71)

35582      ERROR Test worker     d.u.i.k.n.b.TacletPBuilder Override: #loc (program Variable) #loc (program Variable) 
35582      ERROR Test worker     d.u.i.k.n.b.TacletPBuilder Override: #se (program SimpleExpression) #se (program SimpleExpression) 
35582      ERROR Test worker     d.u.i.k.n.b.TacletPBuilder Override: post (formula) post (formula) 
35582      ERROR Test worker     d.u.i.k.n.b.AbstractBuilder  com.github.javaparser.resolution.UnsolvedSymbolException: Unsolved symbol in de.uka.ilkd.key.java.JavaParserFactory$DynamicTypeSolver@1c7f791e : java.lang.Object
	at com.github.javaparser.resolution.TypeSolver.solveType(TypeSolver.java:71)

35582      ERROR Test worker     d.u.i.k.n.b.TacletPBuilder Error in parsing taclet. de.uka.ilkd.key.util.parsing.BuildingException: Unsolved symbol in de.uka.ilkd.key.java.JavaParserFactory$DynamicTypeSolver@1c7f791e : java.lang.Object at file:/D:/a/key/key/key.core/build/resources/main/de/uka/ilkd/key/proof/rules/floatRulesAssumeStrictfp.key:159:15
	at de.uka.ilkd.key.nparser.builder.AbstractBuilder.accept(AbstractBuilder.java:54)
Caused by: com.github.javaparser.resolution.UnsolvedSymbolException: Unsolved symbol in de.uka.ilkd.key.java.JavaParserFactory$DynamicTypeSolver@1c7f791e : java.lang.Object
	at com.github.javaparser.resolution.TypeSolver.solveType(TypeSolver.java:71)

35582      ERROR Test worker     d.u.i.k.n.b.TacletPBuilder Override: #loc (program Variable) #loc (program Variable) 
35582      ERROR Test worker     d.u.i.k.n.b.TacletPBuilder Override: #se (program SimpleExpression) #se (program SimpleExpression) 
35582      ERROR Test worker     d.u.i.k.n.b.TacletPBuilder Override: post (formula) post (formula) 
35582      ERROR Test worker     d.u.i.k.n.b.AbstractBuilder  com.github.javaparser.resolution.UnsolvedSymbolException: Unsolved symbol in de.uka.ilkd.key.java.JavaParserFactory$DynamicTypeSolver@1c7f791e : java.lang.Object
	at com.github.javaparser.resolution.TypeSolver.solveType(TypeSolver.java:71)

35582      ERROR Test worker     d.u.i.k.n.b.TacletPBuilder Error in parsing taclet. de.uka.ilkd.key.util.parsing.BuildingException: Unsolved symbol in de.uka.ilkd.key.java.JavaParserFactory$DynamicTypeSolver@1c7f791e : java.lang.Object at file:/D:/a/key/key/key.core/build/resources/main/de/uka/ilkd/key/proof/rules/floatRulesAssumeStrictfp.key:169:15
	at de.uka.ilkd.key.nparser.builder.AbstractBuilder.accept(AbstractBuilder.java:54)
Caused by: com.github.javaparser.resolution.UnsolvedSymbolException: Unsolved symbol in de.uka.ilkd.key.java.JavaParserFactory$DynamicTypeSolver@1c7f791e : java.lang.Object
	at com.github.javaparser.resolution.TypeSolver.solveType(TypeSolver.java:71)

35832      ERROR Test worker     d.u.i.k.n.b.AbstractBuilder  com.github.javaparser.resolution.UnsolvedSymbolException: Unsolved symbol in de.uka.ilkd.key.java.JavaParserFactory$DynamicTypeSolver@1c7f791e : java.lang.Object
	at com.github.javaparser.resolution.TypeSolver.solveType(TypeSolver.java:71)

35832      ERROR Test worker     d.u.i.k.n.b.TacletPBuilder Error in parsing taclet. de.uka.ilkd.key.util.parsing.BuildingException: Unsolved symbol in de.uka.ilkd.key.java.JavaParserFactory$DynamicTypeSolver@1c7f791e : java.lang.Object at file:/D:/a/key/key/key.core/build/resources/main/de/uka/ilkd/key/proof/rules/assertions.key:16:15
	at de.uka.ilkd.key.nparser.builder.AbstractBuilder.accept(AbstractBuilder.java:54)
Caused by: com.github.javaparser.resolution.UnsolvedSymbolException: Unsolved symbol in de.uka.ilkd.key.java.JavaParserFactory$DynamicTypeSolver@1c7f791e : java.lang.Object
	at com.github.javaparser.resolution.TypeSolver.solveType(TypeSolver.java:71)

35832      ERROR Test worker     d.u.i.k.n.b.AbstractBuilder  com.github.javaparser.resolution.UnsolvedSymbolException: Unsolved symbol in de.uka.ilkd.key.java.JavaParserFactory$DynamicTypeSolver@1c7f791e : java.lang.Object
	at com.github.javaparser.resolution.TypeSolver.solveType(TypeSolver.java:71)

35832      ERROR Test worker     d.u.i.k.n.b.TacletPBuilder Error in parsing taclet. de.uka.ilkd.key.util.parsing.BuildingException: Unsolved symbol in de.uka.ilkd.key.java.JavaParserFactory$DynamicTypeSolver@1c7f791e : java.lang.Object at file:/D:/a/key/key/key.core/build/resources/main/de/uka/ilkd/key/proof/rules/assertions.key:25:15
	at de.uka.ilkd.key.nparser.builder.AbstractBuilder.accept(AbstractBuilder.java:54)
Caused by: com.github.javaparser.resolution.UnsolvedSymbolException: Unsolved symbol in de.uka.ilkd.key.java.JavaParserFactory$DynamicTypeSolver@1c7f791e : java.lang.Object
	at com.github.javaparser.resolution.TypeSolver.solveType(TypeSolver.java:71)

35832      ERROR Test worker     d.u.i.k.n.b.AbstractBuilder  com.github.javaparser.resolution.UnsolvedSymbolException: Unsolved symbol in de.uka.ilkd.key.java.JavaParserFactory$DynamicTypeSolver@1c7f791e : java.lang.Object
	at com.github.javaparser.resolution.TypeSolver.solveType(TypeSolver.java:71)

35832      ERROR Test worker     d.u.i.k.n.b.TacletPBuilder Error in parsing taclet. de.uka.ilkd.key.util.parsing.BuildingException: Unsolved symbol in de.uka.ilkd.key.java.JavaParserFactory$DynamicTypeSolver@1c7f791e : java.lang.Object at file:/D:/a/key/key/key.core/build/resources/main/de/uka/ilkd/key/proof/rules/assertions.key:34:15
	at de.uka.ilkd.key.nparser.builder.AbstractBuilder.accept(AbstractBuilder.java:54)
Caused by: com.github.javaparser.resolution.UnsolvedSymbolException: Unsolved symbol in de.uka.ilkd.key.java.JavaParserFactory$DynamicTypeSolver@1c7f791e : java.lang.Object
	at com.github.javaparser.resolution.TypeSolver.solveType(TypeSolver.java:71)

35832      ERROR Test worker     d.u.i.k.n.b.AbstractBuilder  com.github.javaparser.resolution.UnsolvedSymbolException: Unsolved symbol in de.uka.ilkd.key.java.JavaParserFactory$DynamicTypeSolver@1c7f791e : java.lang.Object
	at com.github.javaparser.resolution.TypeSolver.solveType(TypeSolver.java:71)

35832      ERROR Test worker     d.u.i.k.n.b.TacletPBuilder Error in parsing taclet. de.uka.ilkd.key.util.parsing.BuildingException: Unsolved symbol in de.uka.ilkd.key.java.JavaParserFactory$DynamicTypeSolver@1c7f791e : java.lang.Object at file:/D:/a/key/key/key.core/build/resources/main/de/uka/ilkd/key/proof/rules/assertions.key:43:15
	at de.uka.ilkd.key.nparser.builder.AbstractBuilder.accept(AbstractBuilder.java:54)
Caused by: com.github.javaparser.resolution.UnsolvedSymbolException: Unsolved symbol in de.uka.ilkd.key.java.JavaParserFactory$DynamicTypeSolver@1c7f791e : java.lang.Object
	at com.github.javaparser.resolution.TypeSolver.solveType(TypeSolver.java:71)

35832      ERROR Test worker     d.u.i.k.n.b.AbstractBuilder  com.github.javaparser.resolution.UnsolvedSymbolException: Unsolved symbol in de.uka.ilkd.key.java.JavaParserFactory$DynamicTypeSolver@1c7f791e : java.lang.Object
	at com.github.javaparser.resolution.TypeSolver.solveType(TypeSolver.java:71)

35832      ERROR Test worker     d.u.i.k.n.b.TacletPBuilder Error in parsing taclet. de.uka.ilkd.key.util.parsing.BuildingException: Unsolved symbol in de.uka.ilkd.key.java.JavaParserFactory$DynamicTypeSolver@1c7f791e : java.lang.Object at file:/D:/a/key/key/key.core/build/resources/main/de/uka/ilkd/key/proof/rules/assertions.key:54:15
	at de.uka.ilkd.key.nparser.builder.AbstractBuilder.accept(AbstractBuilder.java:54)
Caused by: com.github.javaparser.resolution.UnsolvedSymbolException: Unsolved symbol in de.uka.ilkd.key.java.JavaParserFactory$DynamicTypeSolver@1c7f791e : java.lang.Object
	at com.github.javaparser.resolution.TypeSolver.solveType(TypeSolver.java:71)

35847      ERROR Test worker     d.u.i.k.n.b.AbstractBuilder  com.github.javaparser.resolution.UnsolvedSymbolException: Unsolved symbol in de.uka.ilkd.key.java.JavaParserFactory$DynamicTypeSolver@1c7f791e : java.lang.Object
	at com.github.javaparser.resolution.TypeSolver.solveType(TypeSolver.java:71)

35847      ERROR Test worker     d.u.i.k.n.b.TacletPBuilder Error in parsing taclet. de.uka.ilkd.key.util.parsing.BuildingException: Unsolved symbol in de.uka.ilkd.key.java.JavaParserFactory$DynamicTypeSolver@1c7f791e : java.lang.Object at file:/D:/a/key/key/key.core/build/resources/main/de/uka/ilkd/key/proof/rules/assertions.key:66:15
	at de.uka.ilkd.key.nparser.builder.AbstractBuilder.accept(AbstractBuilder.java:54)
Caused by: com.github.javaparser.resolution.UnsolvedSymbolException: Unsolved symbol in de.uka.ilkd.key.java.JavaParserFactory$DynamicTypeSolver@1c7f791e : java.lang.Object
	at com.github.javaparser.resolution.TypeSolver.solveType(TypeSolver.java:71)

35847      ERROR Test worker     d.u.i.k.n.b.AbstractBuilder  com.github.javaparser.resolution.UnsolvedSymbolException: Unsolved symbol in de.uka.ilkd.key.java.JavaParserFactory$DynamicTypeSolver@1c7f791e : java.lang.Object
	at com.github.javaparser.resolution.TypeSolver.solveType(TypeSolver.java:71)

35847      ERROR Test worker     d.u.i.k.n.b.TacletPBuilder Error in parsing taclet. de.uka.ilkd.key.util.parsing.BuildingException: Unsolved symbol in de.uka.ilkd.key.java.JavaParserFactory$DynamicTypeSolver@1c7f791e : java.lang.Object at file:/D:/a/key/key/key.core/build/resources/main/de/uka/ilkd/key/proof/rules/assertions.key:78:15
	at de.uka.ilkd.key.nparser.builder.AbstractBuilder.accept(AbstractBuilder.java:54)
Caused by: com.github.javaparser.resolution.UnsolvedSymbolException: Unsolved symbol in de.uka.ilkd.key.java.JavaParserFactory$DynamicTypeSolver@1c7f791e : java.lang.Object
	at com.github.javaparser.resolution.TypeSolver.solveType(TypeSolver.java:71)

35847      ERROR Test worker     d.u.i.k.n.b.AbstractBuilder  com.github.javaparser.resolution.UnsolvedSymbolException: Unsolved symbol in de.uka.ilkd.key.java.JavaParserFactory$DynamicTypeSolver@1c7f791e : java.lang.Object
	at com.github.javaparser.resolution.TypeSolver.solveType(TypeSolver.java:71)

35847      ERROR Test worker     d.u.i.k.n.b.TacletPBuilder Error in parsing taclet. de.uka.ilkd.key.util.parsing.BuildingException: Unsolved symbol in de.uka.ilkd.key.java.JavaParserFactory$DynamicTypeSolver@1c7f791e : java.lang.Object at file:/D:/a/key/key/key.core/build/resources/main/de/uka/ilkd/key/proof/rules/assertions.key:93:15
	at de.uka.ilkd.key.nparser.builder.AbstractBuilder.accept(AbstractBuilder.java:54)
Caused by: com.github.javaparser.resolution.UnsolvedSymbolException: Unsolved symbol in de.uka.ilkd.key.java.JavaParserFactory$DynamicTypeSolver@1c7f791e : java.lang.Object
	at com.github.javaparser.resolution.TypeSolver.solveType(TypeSolver.java:71)

35847      ERROR Test worker     d.u.i.k.n.b.AbstractBuilder  com.github.javaparser.resolution.UnsolvedSymbolException: Unsolved symbol in de.uka.ilkd.key.java.JavaParserFactory$DynamicTypeSolver@1c7f791e : java.lang.Object
	at com.github.javaparser.resolution.TypeSolver.solveType(TypeSolver.java:71)

35847      ERROR Test worker     d.u.i.k.n.b.TacletPBuilder Error in parsing taclet. de.uka.ilkd.key.util.parsing.BuildingException: Unsolved symbol in de.uka.ilkd.key.java.JavaParserFactory$DynamicTypeSolver@1c7f791e : java.lang.Object at file:/D:/a/key/key/key.core/build/resources/main/de/uka/ilkd/key/proof/rules/assertions.key:100:15
	at de.uka.ilkd.key.nparser.builder.AbstractBuilder.accept(AbstractBuilder.java:54)
Caused by: com.github.javaparser.resolution.UnsolvedSymbolException: Unsolved symbol in de.uka.ilkd.key.java.JavaParserFactory$DynamicTypeSolver@1c7f791e : java.lang.Object
	at com.github.javaparser.resolution.TypeSolver.solveType(TypeSolver.java:71)

35847      ERROR Test worker     d.u.i.k.n.b.AbstractBuilder  com.github.javaparser.resolution.UnsolvedSymbolException: Unsolved symbol in de.uka.ilkd.key.java.JavaParserFactory$DynamicTypeSolver@1c7f791e : java.lang.Object
	at com.github.javaparser.resolution.TypeSolver.solveType(TypeSolver.java:71)

35847      ERROR Test worker     d.u.i.k.n.b.TacletPBuilder Error in parsing taclet. de.uka.ilkd.key.util.parsing.BuildingException: Unsolved symbol in de.uka.ilkd.key.java.JavaParserFactory$DynamicTypeSolver@1c7f791e : java.lang.Object at file:/D:/a/key/key/key.core/build/resources/main/de/uka/ilkd/key/proof/rules/assertions.key:115:20
	at de.uka.ilkd.key.nparser.builder.AbstractBuilder.accept(AbstractBuilder.java:54)
Caused by: com.github.javaparser.resolution.UnsolvedSymbolException: Unsolved symbol in de.uka.ilkd.key.java.JavaParserFactory$DynamicTypeSolver@1c7f791e : java.lang.Object
	at com.github.javaparser.resolution.TypeSolver.solveType(TypeSolver.java:71)

35847      ERROR Test worker     d.u.i.k.n.b.TacletPBuilder Override: f (variable) f (variable) 
35847      ERROR Test worker     d.u.i.k.n.b.TacletPBuilder Override: o (variable) o (variable) 
35847      ERROR Test worker     d.u.i.k.n.b.TacletPBuilder Override: oldHeap (Heap skolem term) oldHeap (Heap skolem term) 
35847      ERROR Test worker     d.u.i.k.n.b.AbstractBuilder  com.github.javaparser.resolution.UnsolvedSymbolException: Unsolved symbol in de.uka.ilkd.key.java.JavaParserFactory$DynamicTypeSolver@1c7f791e : java.lang.Object
	at com.github.javaparser.resolution.TypeSolver.solveType(TypeSolver.java:71)

35847      ERROR Test worker     d.u.i.k.n.b.TacletPBuilder Error in parsing taclet. de.uka.ilkd.key.util.parsing.BuildingException: Unsolved symbol in de.uka.ilkd.key.java.JavaParserFactory$DynamicTypeSolver@1c7f791e : java.lang.Object at file:/D:/a/key/key/key.core/build/resources/main/de/uka/ilkd/key/proof/rules/assertions.key:136:20
	at de.uka.ilkd.key.nparser.builder.AbstractBuilder.accept(AbstractBuilder.java:54)
Caused by: com.github.javaparser.resolution.UnsolvedSymbolException: Unsolved symbol in de.uka.ilkd.key.java.JavaParserFactory$DynamicTypeSolver@1c7f791e : java.lang.Object
	at com.github.javaparser.resolution.TypeSolver.solveType(TypeSolver.java:71)

35847      ERROR Test worker     d.u.i.k.n.b.AbstractBuilder  com.github.javaparser.resolution.UnsolvedSymbolException: Unsolved symbol in de.uka.ilkd.key.java.JavaParserFactory$DynamicTypeSolver@1c7f791e : java.lang.Object
	at com.github.javaparser.resolution.TypeSolver.solveType(TypeSolver.java:71)

35847      ERROR Test worker     d.u.i.k.n.b.TacletPBuilder Error in parsing taclet. de.uka.ilkd.key.util.parsing.BuildingException: Unsolved symbol in de.uka.ilkd.key.java.JavaParserFactory$DynamicTypeSolver@1c7f791e : java.lang.Object at file:/D:/a/key/key/key.core/build/resources/main/de/uka/ilkd/key/proof/rules/javaRules.key:106:13
	at de.uka.ilkd.key.nparser.builder.AbstractBuilder.accept(AbstractBuilder.java:54)
Caused by: com.github.javaparser.resolution.UnsolvedSymbolException: Unsolved symbol in de.uka.ilkd.key.java.JavaParserFactory$DynamicTypeSolver@1c7f791e : java.lang.Object
	at com.github.javaparser.resolution.TypeSolver.solveType(TypeSolver.java:71)

35847      ERROR Test worker     d.u.i.k.n.b.AbstractBuilder  com.github.javaparser.resolution.UnsolvedSymbolException: Unsolved symbol in de.uka.ilkd.key.java.JavaParserFactory$DynamicTypeSolver@1c7f791e : java.lang.Object
	at com.github.javaparser.resolution.TypeSolver.solveType(TypeSolver.java:71)

35847      ERROR Test worker     d.u.i.k.n.b.TacletPBuilder Error in parsing taclet. de.uka.ilkd.key.util.parsing.BuildingException: Unsolved symbol in de.uka.ilkd.key.java.JavaParserFactory$DynamicTypeSolver@1c7f791e : java.lang.Object at file:/D:/a/key/key/key.core/build/resources/main/de/uka/ilkd/key/proof/rules/javaRules.key:121:13
	at de.uka.ilkd.key.nparser.builder.AbstractBuilder.accept(AbstractBuilder.java:54)
Caused by: com.github.javaparser.resolution.UnsolvedSymbolException: Unsolved symbol in de.uka.ilkd.key.java.JavaParserFactory$DynamicTypeSolver@1c7f791e : java.lang.Object
	at com.github.javaparser.resolution.TypeSolver.solveType(TypeSolver.java:71)

35847      ERROR Test worker     d.u.i.k.n.b.AbstractBuilder  com.github.javaparser.resolution.UnsolvedSymbolException: Unsolved symbol in de.uka.ilkd.key.java.JavaParserFactory$DynamicTypeSolver@1c7f791e : java.lang.Object
	at com.github.javaparser.resolution.TypeSolver.solveType(TypeSolver.java:71)

35847      ERROR Test worker     d.u.i.k.n.b.TacletPBuilder Error in parsing taclet. de.uka.ilkd.key.util.parsing.BuildingException: Unsolved symbol in de.uka.ilkd.key.java.JavaParserFactory$DynamicTypeSolver@1c7f791e : java.lang.Object at file:/D:/a/key/key/key.core/build/resources/main/de/uka/ilkd/key/proof/rules/javaRules.key:135:13
	at de.uka.ilkd.key.nparser.builder.AbstractBuilder.accept(AbstractBuilder.java:54)
Caused by: com.github.javaparser.resolution.UnsolvedSymbolException: Unsolved symbol in de.uka.ilkd.key.java.JavaParserFactory$DynamicTypeSolver@1c7f791e : java.lang.Object
	at com.github.javaparser.resolution.TypeSolver.solveType(TypeSolver.java:71)

35863      ERROR Test worker     d.u.i.k.n.b.AbstractBuilder  com.github.javaparser.resolution.UnsolvedSymbolException: Unsolved symbol in de.uka.ilkd.key.java.JavaParserFactory$DynamicTypeSolver@1c7f791e : java.lang.Object
	at com.github.javaparser.resolution.TypeSolver.solveType(TypeSolver.java:71)

35863      ERROR Test worker     d.u.i.k.n.b.TacletPBuilder Error in parsing taclet. de.uka.ilkd.key.util.parsing.BuildingException: Unsolved symbol in de.uka.ilkd.key.java.JavaParserFactory$DynamicTypeSolver@1c7f791e : java.lang.Object at file:/D:/a/key/key/key.core/build/resources/main/de/uka/ilkd/key/proof/rules/javaRules.key:145:13
	at de.uka.ilkd.key.nparser.builder.AbstractBuilder.accept(AbstractBuilder.java:54)
Caused by: com.github.javaparser.resolution.UnsolvedSymbolException: Unsolved symbol in de.uka.ilkd.key.java.JavaParserFactory$DynamicTypeSolver@1c7f791e : java.lang.Object
	at com.github.javaparser.resolution.TypeSolver.solveType(TypeSolver.java:71)

35863      ERROR Test worker     d.u.i.k.n.b.AbstractBuilder  com.github.javaparser.resolution.UnsolvedSymbolException: Unsolved symbol in de.uka.ilkd.key.java.JavaParserFactory$DynamicTypeSolver@1c7f791e : java.lang.Object
	at com.github.javaparser.resolution.TypeSolver.solveType(TypeSolver.java:71)

35863      ERROR Test worker     d.u.i.k.n.b.TacletPBuilder Error in parsing taclet. de.uka.ilkd.key.util.parsing.BuildingException: Unsolved symbol in de.uka.ilkd.key.java.JavaParserFactory$DynamicTypeSolver@1c7f791e : java.lang.Object at file:/D:/a/key/key/key.core/build/resources/main/de/uka/ilkd/key/proof/rules/javaRules.key:155:13
	at de.uka.ilkd.key.nparser.builder.AbstractBuilder.accept(AbstractBuilder.java:54)
Caused by: com.github.javaparser.resolution.UnsolvedSymbolException: Unsolved symbol in de.uka.ilkd.key.java.JavaParserFactory$DynamicTypeSolver@1c7f791e : java.lang.Object
	at com.github.javaparser.resolution.TypeSolver.solveType(TypeSolver.java:71)

35863      ERROR Test worker     d.u.i.k.n.b.AbstractBuilder  com.github.javaparser.resolution.UnsolvedSymbolException: Unsolved symbol in de.uka.ilkd.key.java.JavaParserFactory$DynamicTypeSolver@1c7f791e : java.lang.Object
	at com.github.javaparser.resolution.TypeSolver.solveType(TypeSolver.java:71)

35863      ERROR Test worker     d.u.i.k.n.b.TacletPBuilder Error in parsing taclet. de.uka.ilkd.key.util.parsing.BuildingException: Unsolved symbol in de.uka.ilkd.key.java.JavaParserFactory$DynamicTypeSolver@1c7f791e : java.lang.Object at file:/D:/a/key/key/key.core/build/resources/main/de/uka/ilkd/key/proof/rules/javaRules.key:165:13
	at de.uka.ilkd.key.nparser.builder.AbstractBuilder.accept(AbstractBuilder.java:54)
Caused by: com.github.javaparser.resolution.UnsolvedSymbolException: Unsolved symbol in de.uka.ilkd.key.java.JavaParserFactory$DynamicTypeSolver@1c7f791e : java.lang.Object
	at com.github.javaparser.resolution.TypeSolver.solveType(TypeSolver.java:71)

35863      ERROR Test worker     d.u.i.k.n.b.AbstractBuilder  com.github.javaparser.resolution.UnsolvedSymbolException: Unsolved symbol in de.uka.ilkd.key.java.JavaParserFactory$DynamicTypeSolver@1c7f791e : java.lang.Object
	at com.github.javaparser.resolution.TypeSolver.solveType(TypeSolver.java:71)

35863      ERROR Test worker     d.u.i.k.n.b.TacletPBuilder Error in parsing taclet. de.uka.ilkd.key.util.parsing.BuildingException: Unsolved symbol in de.uka.ilkd.key.java.JavaParserFactory$DynamicTypeSolver@1c7f791e : java.lang.Object at file:/D:/a/key/key/key.core/build/resources/main/de/uka/ilkd/key/proof/rules/javaRules.key:176:13
	at de.uka.ilkd.key.nparser.builder.AbstractBuilder.accept(AbstractBuilder.java:54)
Caused by: com.github.javaparser.resolution.UnsolvedSymbolException: Unsolved symbol in de.uka.ilkd.key.java.JavaParserFactory$DynamicTypeSolver@1c7f791e : java.lang.Object
	at com.github.javaparser.resolution.TypeSolver.solveType(TypeSolver.java:71)

35863      ERROR Test worker     d.u.i.k.n.b.AbstractBuilder  com.github.javaparser.resolution.UnsolvedSymbolException: Unsolved symbol in de.uka.ilkd.key.java.JavaParserFactory$DynamicTypeSolver@1c7f791e : java.lang.Object
	at com.github.javaparser.resolution.TypeSolver.solveType(TypeSolver.java:71)

35863      ERROR Test worker     d.u.i.k.n.b.TacletPBuilder Error in parsing taclet. de.uka.ilkd.key.util.parsing.BuildingException: Unsolved symbol in de.uka.ilkd.key.java.JavaParserFactory$DynamicTypeSolver@1c7f791e : java.lang.Object at file:/D:/a/key/key/key.core/build/resources/main/de/uka/ilkd/key/proof/rules/javaRules.key:187:13
	at de.uka.ilkd.key.nparser.builder.AbstractBuilder.accept(AbstractBuilder.java:54)
Caused by: com.github.javaparser.resolution.UnsolvedSymbolException: Unsolved symbol in de.uka.ilkd.key.java.JavaParserFactory$DynamicTypeSolver@1c7f791e : java.lang.Object
	at com.github.javaparser.resolution.TypeSolver.solveType(TypeSolver.java:71)

35863      ERROR Test worker     d.u.i.k.n.b.AbstractBuilder  com.github.javaparser.resolution.UnsolvedSymbolException: Unsolved symbol in de.uka.ilkd.key.java.JavaParserFactory$DynamicTypeSolver@1c7f791e : java.lang.Object
	at com.github.javaparser.resolution.TypeSolver.solveType(TypeSolver.java:71)

35863      ERROR Test worker     d.u.i.k.n.b.TacletPBuilder Error in parsing taclet. de.uka.ilkd.key.util.parsing.BuildingException: Unsolved symbol in de.uka.ilkd.key.java.JavaParserFactory$DynamicTypeSolver@1c7f791e : java.lang.Object at file:/D:/a/key/key/key.core/build/resources/main/de/uka/ilkd/key/proof/rules/javaRules.key:198:13
	at de.uka.ilkd.key.nparser.builder.AbstractBuilder.accept(AbstractBuilder.java:54)
Caused by: com.github.javaparser.resolution.UnsolvedSymbolException: Unsolved symbol in de.uka.ilkd.key.java.JavaParserFactory$DynamicTypeSolver@1c7f791e : java.lang.Object
	at com.github.javaparser.resolution.TypeSolver.solveType(TypeSolver.java:71)

35863      ERROR Test worker     d.u.i.k.n.b.AbstractBuilder  com.github.javaparser.resolution.UnsolvedSymbolException: Unsolved symbol in de.uka.ilkd.key.java.JavaParserFactory$DynamicTypeSolver@1c7f791e : java.lang.Object
	at com.github.javaparser.resolution.TypeSolver.solveType(TypeSolver.java:71)

35863      ERROR Test worker     d.u.i.k.n.b.TacletPBuilder Error in parsing taclet. de.uka.ilkd.key.util.parsing.BuildingException: Unsolved symbol in de.uka.ilkd.key.java.JavaParserFactory$DynamicTypeSolver@1c7f791e : java.lang.Object at file:/D:/a/key/key/key.core/build/resources/main/de/uka/ilkd/key/proof/rules/javaRules.key:209:13
	at de.uka.ilkd.key.nparser.builder.AbstractBuilder.accept(AbstractBuilder.java:54)
Caused by: com.github.javaparser.resolution.UnsolvedSymbolException: Unsolved symbol in de.uka.ilkd.key.java.JavaParserFactory$DynamicTypeSolver@1c7f791e : java.lang.Object
	at com.github.javaparser.resolution.TypeSolver.solveType(TypeSolver.java:71)

35863      ERROR Test worker     d.u.i.k.n.b.AbstractBuilder  com.github.javaparser.resolution.UnsolvedSymbolException: Unsolved symbol in de.uka.ilkd.key.java.JavaParserFactory$DynamicTypeSolver@1c7f791e : java.lang.Object
	at com.github.javaparser.resolution.TypeSolver.solveType(TypeSolver.java:71)

35863      ERROR Test worker     d.u.i.k.n.b.TacletPBuilder Error in parsing taclet. de.uka.ilkd.key.util.parsing.BuildingException: Unsolved symbol in de.uka.ilkd.key.java.JavaParserFactory$DynamicTypeSolver@1c7f791e : java.lang.Object at file:/D:/a/key/key/key.core/build/resources/main/de/uka/ilkd/key/proof/rules/javaRules.key:220:13
	at de.uka.ilkd.key.nparser.builder.AbstractBuilder.accept(AbstractBuilder.java:54)
Caused by: com.github.javaparser.resolution.UnsolvedSymbolException: Unsolved symbol in de.uka.ilkd.key.java.JavaParserFactory$DynamicTypeSolver@1c7f791e : java.lang.Object
	at com.github.javaparser.resolution.TypeSolver.solveType(TypeSolver.java:71)

35863      ERROR Test worker     d.u.i.k.n.b.AbstractBuilder  com.github.javaparser.resolution.UnsolvedSymbolException: Unsolved symbol in de.uka.ilkd.key.java.JavaParserFactory$DynamicTypeSolver@1c7f791e : java.lang.Object
	at com.github.javaparser.resolution.TypeSolver.solveType(TypeSolver.java:71)

35863      ERROR Test worker     d.u.i.k.n.b.TacletPBuilder Error in parsing taclet. de.uka.ilkd.key.util.parsing.BuildingException: Unsolved symbol in de.uka.ilkd.key.java.JavaParserFactory$DynamicTypeSolver@1c7f791e : java.lang.Object at file:/D:/a/key/key/key.core/build/resources/main/de/uka/ilkd/key/proof/rules/javaRules.key:231:13
	at de.uka.ilkd.key.nparser.builder.AbstractBuilder.accept(AbstractBuilder.java:54)
Caused by: com.github.javaparser.resolution.UnsolvedSymbolException: Unsolved symbol in de.uka.ilkd.key.java.JavaParserFactory$DynamicTypeSolver@1c7f791e : java.lang.Object
	at com.github.javaparser.resolution.TypeSolver.solveType(TypeSolver.java:71)

35878      ERROR Test worker     d.u.i.k.n.b.AbstractBuilder  com.github.javaparser.resolution.UnsolvedSymbolException: Unsolved symbol in de.uka.ilkd.key.java.JavaParserFactory$DynamicTypeSolver@1c7f791e : java.lang.Object
	at com.github.javaparser.resolution.TypeSolver.solveType(TypeSolver.java:71)

35878      ERROR Test worker     d.u.i.k.n.b.TacletPBuilder Error in parsing taclet. de.uka.ilkd.key.util.parsing.BuildingException: Unsolved symbol in de.uka.ilkd.key.java.JavaParserFactory$DynamicTypeSolver@1c7f791e : java.lang.Object at file:/D:/a/key/key/key.core/build/resources/main/de/uka/ilkd/key/proof/rules/javaRules.key:242:13
	at de.uka.ilkd.key.nparser.builder.AbstractBuilder.accept(AbstractBuilder.java:54)
Caused by: com.github.javaparser.resolution.UnsolvedSymbolException: Unsolved symbol in de.uka.ilkd.key.java.JavaParserFactory$DynamicTypeSolver@1c7f791e : java.lang.Object
	at com.github.javaparser.resolution.TypeSolver.solveType(TypeSolver.java:71)

35878      ERROR Test worker     d.u.i.k.n.b.AbstractBuilder  com.github.javaparser.resolution.UnsolvedSymbolException: Unsolved symbol in de.uka.ilkd.key.java.JavaParserFactory$DynamicTypeSolver@1c7f791e : java.lang.Object
	at com.github.javaparser.resolution.TypeSolver.solveType(TypeSolver.java:71)

35878      ERROR Test worker     d.u.i.k.n.b.TacletPBuilder Error in parsing taclet. de.uka.ilkd.key.util.parsing.BuildingException: Unsolved symbol in de.uka.ilkd.key.java.JavaParserFactory$DynamicTypeSolver@1c7f791e : java.lang.Object at file:/D:/a/key/key/key.core/build/resources/main/de/uka/ilkd/key/proof/rules/javaRules.key:257:15
	at de.uka.ilkd.key.nparser.builder.AbstractBuilder.accept(AbstractBuilder.java:54)
Caused by: com.github.javaparser.resolution.UnsolvedSymbolException: Unsolved symbol in de.uka.ilkd.key.java.JavaParserFactory$DynamicTypeSolver@1c7f791e : java.lang.Object
	at com.github.javaparser.resolution.TypeSolver.solveType(TypeSolver.java:71)

35878      ERROR Test worker     d.u.i.k.n.b.AbstractBuilder  com.github.javaparser.resolution.UnsolvedSymbolException: Unsolved symbol in de.uka.ilkd.key.java.JavaParserFactory$DynamicTypeSolver@1c7f791e : java.lang.Object
	at com.github.javaparser.resolution.TypeSolver.solveType(TypeSolver.java:71)

35878      ERROR Test worker     d.u.i.k.n.b.TacletPBuilder Error in parsing taclet. de.uka.ilkd.key.util.parsing.BuildingException: Unsolved symbol in de.uka.ilkd.key.java.JavaParserFactory$DynamicTypeSolver@1c7f791e : java.lang.Object at file:/D:/a/key/key/key.core/build/resources/main/de/uka/ilkd/key/proof/rules/javaRules.key:263:15
	at de.uka.ilkd.key.nparser.builder.AbstractBuilder.accept(AbstractBuilder.java:54)
Caused by: com.github.javaparser.resolution.UnsolvedSymbolException: Unsolved symbol in de.uka.ilkd.key.java.JavaParserFactory$DynamicTypeSolver@1c7f791e : java.lang.Object
	at com.github.javaparser.resolution.TypeSolver.solveType(TypeSolver.java:71)

35878      ERROR Test worker     d.u.i.k.n.b.AbstractBuilder  com.github.javaparser.resolution.UnsolvedSymbolException: Unsolved symbol in de.uka.ilkd.key.java.JavaParserFactory$DynamicTypeSolver@1c7f791e : java.lang.Object
	at com.github.javaparser.resolution.TypeSolver.solveType(TypeSolver.java:71)

35878      ERROR Test worker     d.u.i.k.n.b.TacletPBuilder Error in parsing taclet. de.uka.ilkd.key.util.parsing.BuildingException: Unsolved symbol in de.uka.ilkd.key.java.JavaParserFactory$DynamicTypeSolver@1c7f791e : java.lang.Object at file:/D:/a/key/key/key.core/build/resources/main/de/uka/ilkd/key/proof/rules/javaRules.key:271:15
	at de.uka.ilkd.key.nparser.builder.AbstractBuilder.accept(AbstractBuilder.java:54)
Caused by: com.github.javaparser.resolution.UnsolvedSymbolException: Unsolved symbol in de.uka.ilkd.key.java.JavaParserFactory$DynamicTypeSolver@1c7f791e : java.lang.Object
	at com.github.javaparser.resolution.TypeSolver.solveType(TypeSolver.java:71)

35878      ERROR Test worker     d.u.i.k.n.b.AbstractBuilder  com.github.javaparser.resolution.UnsolvedSymbolException: Unsolved symbol in de.uka.ilkd.key.java.JavaParserFactory$DynamicTypeSolver@1c7f791e : java.lang.Object
	at com.github.javaparser.resolution.TypeSolver.solveType(TypeSolver.java:71)

35878      ERROR Test worker     d.u.i.k.n.b.TacletPBuilder Error in parsing taclet. de.uka.ilkd.key.util.parsing.BuildingException: Unsolved symbol in de.uka.ilkd.key.java.JavaParserFactory$DynamicTypeSolver@1c7f791e : java.lang.Object at file:/D:/a/key/key/key.core/build/resources/main/de/uka/ilkd/key/proof/rules/javaRules.key:279:15
	at de.uka.ilkd.key.nparser.builder.AbstractBuilder.accept(AbstractBuilder.java:54)
Caused by: com.github.javaparser.resolution.UnsolvedSymbolException: Unsolved symbol in de.uka.ilkd.key.java.JavaParserFactory$DynamicTypeSolver@1c7f791e : java.lang.Object
	at com.github.javaparser.resolution.TypeSolver.solveType(TypeSolver.java:71)

35878      ERROR Test worker     d.u.i.k.n.b.AbstractBuilder  com.github.javaparser.resolution.UnsolvedSymbolException: Unsolved symbol in de.uka.ilkd.key.java.JavaParserFactory$DynamicTypeSolver@1c7f791e : java.lang.Object
	at com.github.javaparser.resolution.TypeSolver.solveType(TypeSolver.java:71)

35878      ERROR Test worker     d.u.i.k.n.b.TacletPBuilder Error in parsing taclet. de.uka.ilkd.key.util.parsing.BuildingException: Unsolved symbol in de.uka.ilkd.key.java.JavaParserFactory$DynamicTypeSolver@1c7f791e : java.lang.Object at file:/D:/a/key/key/key.core/build/resources/main/de/uka/ilkd/key/proof/rules/javaRules.key:287:15
	at de.uka.ilkd.key.nparser.builder.AbstractBuilder.accept(AbstractBuilder.java:54)
Caused by: com.github.javaparser.resolution.UnsolvedSymbolException: Unsolved symbol in de.uka.ilkd.key.java.JavaParserFactory$DynamicTypeSolver@1c7f791e : java.lang.Object
	at com.github.javaparser.resolution.TypeSolver.solveType(TypeSolver.java:71)

35878      ERROR Test worker     d.u.i.k.n.b.AbstractBuilder  com.github.javaparser.resolution.UnsolvedSymbolException: Unsolved symbol in de.uka.ilkd.key.java.JavaParserFactory$DynamicTypeSolver@1c7f791e : java.lang.Object
	at com.github.javaparser.resolution.TypeSolver.solveType(TypeSolver.java:71)

35878      ERROR Test worker     d.u.i.k.n.b.TacletPBuilder Error in parsing taclet. de.uka.ilkd.key.util.parsing.BuildingException: Unsolved symbol in de.uka.ilkd.key.java.JavaParserFactory$DynamicTypeSolver@1c7f791e : java.lang.Object at file:/D:/a/key/key/key.core/build/resources/main/de/uka/ilkd/key/proof/rules/javaRules.key:297:15
	at de.uka.ilkd.key.nparser.builder.AbstractBuilder.accept(AbstractBuilder.java:54)
Caused by: com.github.javaparser.resolution.UnsolvedSymbolException: Unsolved symbol in de.uka.ilkd.key.java.JavaParserFactory$DynamicTypeSolver@1c7f791e : java.lang.Object
	at com.github.javaparser.resolution.TypeSolver.solveType(TypeSolver.java:71)

35878      ERROR Test worker     d.u.i.k.n.b.AbstractBuilder  com.github.javaparser.resolution.UnsolvedSymbolException: Unsolved symbol in de.uka.ilkd.key.java.JavaParserFactory$DynamicTypeSolver@1c7f791e : java.lang.Object
	at com.github.javaparser.resolution.TypeSolver.solveType(TypeSolver.java:71)

35878      ERROR Test worker     d.u.i.k.n.b.TacletPBuilder Error in parsing taclet. de.uka.ilkd.key.util.parsing.BuildingException: Unsolved symbol in de.uka.ilkd.key.java.JavaParserFactory$DynamicTypeSolver@1c7f791e : java.lang.Object at file:/D:/a/key/key/key.core/build/resources/main/de/uka/ilkd/key/proof/rules/javaRules.key:307:15
	at de.uka.ilkd.key.nparser.builder.AbstractBuilder.accept(AbstractBuilder.java:54)
Caused by: com.github.javaparser.resolution.UnsolvedSymbolException: Unsolved symbol in de.uka.ilkd.key.java.JavaParserFactory$DynamicTypeSolver@1c7f791e : java.lang.Object
	at com.github.javaparser.resolution.TypeSolver.solveType(TypeSolver.java:71)

35878      ERROR Test worker     d.u.i.k.n.b.AbstractBuilder  com.github.javaparser.resolution.UnsolvedSymbolException: Unsolved symbol in de.uka.ilkd.key.java.JavaParserFactory$DynamicTypeSolver@1c7f791e : java.lang.Object
	at com.github.javaparser.resolution.TypeSolver.solveType(TypeSolver.java:71)

35878      ERROR Test worker     d.u.i.k.n.b.TacletPBuilder Error in parsing taclet. de.uka.ilkd.key.util.parsing.BuildingException: Unsolved symbol in de.uka.ilkd.key.java.JavaParserFactory$DynamicTypeSolver@1c7f791e : java.lang.Object at file:/D:/a/key/key/key.core/build/resources/main/de/uka/ilkd/key/proof/rules/javaRules.key:317:15
	at de.uka.ilkd.key.nparser.builder.AbstractBuilder.accept(AbstractBuilder.java:54)
Caused by: com.github.javaparser.resolution.UnsolvedSymbolException: Unsolved symbol in de.uka.ilkd.key.java.JavaParserFactory$DynamicTypeSolver@1c7f791e : java.lang.Object
	at com.github.javaparser.resolution.TypeSolver.solveType(TypeSolver.java:71)

35894      ERROR Test worker     d.u.i.k.n.b.AbstractBuilder  com.github.javaparser.resolution.UnsolvedSymbolException: Unsolved symbol in de.uka.ilkd.key.java.JavaParserFactory$DynamicTypeSolver@1c7f791e : java.lang.Object
	at com.github.javaparser.resolution.TypeSolver.solveType(TypeSolver.java:71)

35894      ERROR Test worker     d.u.i.k.n.b.TacletPBuilder Error in parsing taclet. de.uka.ilkd.key.util.parsing.BuildingException: Unsolved symbol in de.uka.ilkd.key.java.JavaParserFactory$DynamicTypeSolver@1c7f791e : java.lang.Object at file:/D:/a/key/key/key.core/build/resources/main/de/uka/ilkd/key/proof/rules/javaRules.key:329:15
	at de.uka.ilkd.key.nparser.builder.AbstractBuilder.accept(AbstractBuilder.java:54)
Caused by: com.github.javaparser.resolution.UnsolvedSymbolException: Unsolved symbol in de.uka.ilkd.key.java.JavaParserFactory$DynamicTypeSolver@1c7f791e : java.lang.Object
	at com.github.javaparser.resolution.TypeSolver.solveType(TypeSolver.java:71)

35894      ERROR Test worker     d.u.i.k.n.b.AbstractBuilder  com.github.javaparser.resolution.UnsolvedSymbolException: Unsolved symbol in de.uka.ilkd.key.java.JavaParserFactory$DynamicTypeSolver@1c7f791e : java.lang.Object
	at com.github.javaparser.resolution.TypeSolver.solveType(TypeSolver.java:71)

35894      ERROR Test worker     d.u.i.k.n.b.TacletPBuilder Error in parsing taclet. de.uka.ilkd.key.util.parsing.BuildingException: Unsolved symbol in de.uka.ilkd.key.java.JavaParserFactory$DynamicTypeSolver@1c7f791e : java.lang.Object at file:/D:/a/key/key/key.core/build/resources/main/de/uka/ilkd/key/proof/rules/javaRules.key:403:15
	at de.uka.ilkd.key.nparser.builder.AbstractBuilder.accept(AbstractBuilder.java:54)
Caused by: com.github.javaparser.resolution.UnsolvedSymbolException: Unsolved symbol in de.uka.ilkd.key.java.JavaParserFactory$DynamicTypeSolver@1c7f791e : java.lang.Object
	at com.github.javaparser.resolution.TypeSolver.solveType(TypeSolver.java:71)

35894      ERROR Test worker     d.u.i.k.n.b.AbstractBuilder  com.github.javaparser.resolution.UnsolvedSymbolException: Unsolved symbol in de.uka.ilkd.key.java.JavaParserFactory$DynamicTypeSolver@1c7f791e : java.lang.Object
	at com.github.javaparser.resolution.TypeSolver.solveType(TypeSolver.java:71)

35894      ERROR Test worker     d.u.i.k.n.b.TacletPBuilder Error in parsing taclet. de.uka.ilkd.key.util.parsing.BuildingException: Unsolved symbol in de.uka.ilkd.key.java.JavaParserFactory$DynamicTypeSolver@1c7f791e : java.lang.Object at file:/D:/a/key/key/key.core/build/resources/main/de/uka/ilkd/key/proof/rules/javaRules.key:411:15
	at de.uka.ilkd.key.nparser.builder.AbstractBuilder.accept(AbstractBuilder.java:54)
Caused by: com.github.javaparser.resolution.UnsolvedSymbolException: Unsolved symbol in de.uka.ilkd.key.java.JavaParserFactory$DynamicTypeSolver@1c7f791e : java.lang.Object
	at com.github.javaparser.resolution.TypeSolver.solveType(TypeSolver.java:71)

35894      ERROR Test worker     d.u.i.k.n.b.AbstractBuilder  com.github.javaparser.resolution.UnsolvedSymbolException: Unsolved symbol in de.uka.ilkd.key.java.JavaParserFactory$DynamicTypeSolver@1c7f791e : java.lang.Object
	at com.github.javaparser.resolution.TypeSolver.solveType(TypeSolver.java:71)

35894      ERROR Test worker     d.u.i.k.n.b.TacletPBuilder Error in parsing taclet. de.uka.ilkd.key.util.parsing.BuildingException: Unsolved symbol in de.uka.ilkd.key.java.JavaParserFactory$DynamicTypeSolver@1c7f791e : java.lang.Object at file:/D:/a/key/key/key.core/build/resources/main/de/uka/ilkd/key/proof/rules/javaRules.key:419:15
	at de.uka.ilkd.key.nparser.builder.AbstractBuilder.accept(AbstractBuilder.java:54)
Caused by: com.github.javaparser.resolution.UnsolvedSymbolException: Unsolved symbol in de.uka.ilkd.key.java.JavaParserFactory$DynamicTypeSolver@1c7f791e : java.lang.Object
	at com.github.javaparser.resolution.TypeSolver.solveType(TypeSolver.java:71)

35894      ERROR Test worker     d.u.i.k.n.b.AbstractBuilder  com.github.javaparser.resolution.UnsolvedSymbolException: Unsolved symbol in de.uka.ilkd.key.java.JavaParserFactory$DynamicTypeSolver@1c7f791e : java.lang.Object
	at com.github.javaparser.resolution.TypeSolver.solveType(TypeSolver.java:71)

35894      ERROR Test worker     d.u.i.k.n.b.TacletPBuilder Error in parsing taclet. de.uka.ilkd.key.util.parsing.BuildingException: Unsolved symbol in de.uka.ilkd.key.java.JavaParserFactory$DynamicTypeSolver@1c7f791e : java.lang.Object at file:/D:/a/key/key/key.core/build/resources/main/de/uka/ilkd/key/proof/rules/javaRules.key:427:15
	at de.uka.ilkd.key.nparser.builder.AbstractBuilder.accept(AbstractBuilder.java:54)
Caused by: com.github.javaparser.resolution.UnsolvedSymbolException: Unsolved symbol in de.uka.ilkd.key.java.JavaParserFactory$DynamicTypeSolver@1c7f791e : java.lang.Object
	at com.github.javaparser.resolution.TypeSolver.solveType(TypeSolver.java:71)

35894      ERROR Test worker     d.u.i.k.n.b.AbstractBuilder  com.github.javaparser.resolution.UnsolvedSymbolException: Unsolved symbol in de.uka.ilkd.key.java.JavaParserFactory$DynamicTypeSolver@1c7f791e : java.lang.Object
	at com.github.javaparser.resolution.TypeSolver.solveType(TypeSolver.java:71)

35894      ERROR Test worker     d.u.i.k.n.b.TacletPBuilder Error in parsing taclet. de.uka.ilkd.key.util.parsing.BuildingException: Unsolved symbol in de.uka.ilkd.key.java.JavaParserFactory$DynamicTypeSolver@1c7f791e : java.lang.Object at file:/D:/a/key/key/key.core/build/resources/main/de/uka/ilkd/key/proof/rules/javaRules.key:434:15
	at de.uka.ilkd.key.nparser.builder.AbstractBuilder.accept(AbstractBuilder.java:54)
Caused by: com.github.javaparser.resolution.UnsolvedSymbolException: Unsolved symbol in de.uka.ilkd.key.java.JavaParserFactory$DynamicTypeSolver@1c7f791e : java.lang.Object
	at com.github.javaparser.resolution.TypeSolver.solveType(TypeSolver.java:71)

35910      ERROR Test worker     d.u.i.k.n.b.AbstractBuilder  com.github.javaparser.resolution.UnsolvedSymbolException: Unsolved symbol in de.uka.ilkd.key.java.JavaParserFactory$DynamicTypeSolver@1c7f791e : java.lang.Object
	at com.github.javaparser.resolution.TypeSolver.solveType(TypeSolver.java:71)

35910      ERROR Test worker     d.u.i.k.n.b.TacletPBuilder Error in parsing taclet. de.uka.ilkd.key.util.parsing.BuildingException: Unsolved symbol in de.uka.ilkd.key.java.JavaParserFactory$DynamicTypeSolver@1c7f791e : java.lang.Object at file:/D:/a/key/key/key.core/build/resources/main/de/uka/ilkd/key/proof/rules/javaRules.key:441:15
	at de.uka.ilkd.key.nparser.builder.AbstractBuilder.accept(AbstractBuilder.java:54)
Caused by: com.github.javaparser.resolution.UnsolvedSymbolException: Unsolved symbol in de.uka.ilkd.key.java.JavaParserFactory$DynamicTypeSolver@1c7f791e : java.lang.Object
	at com.github.javaparser.resolution.TypeSolver.solveType(TypeSolver.java:71)

35910      ERROR Test worker     d.u.i.k.n.b.AbstractBuilder  com.github.javaparser.resolution.UnsolvedSymbolException: Unsolved symbol in de.uka.ilkd.key.java.JavaParserFactory$DynamicTypeSolver@1c7f791e : java.lang.Object
	at com.github.javaparser.resolution.TypeSolver.solveType(TypeSolver.java:71)

35910      ERROR Test worker     d.u.i.k.n.b.TacletPBuilder Error in parsing taclet. de.uka.ilkd.key.util.parsing.BuildingException: Unsolved symbol in de.uka.ilkd.key.java.JavaParserFactory$DynamicTypeSolver@1c7f791e : java.lang.Object at file:/D:/a/key/key/key.core/build/resources/main/de/uka/ilkd/key/proof/rules/javaRules.key:448:15
	at de.uka.ilkd.key.nparser.builder.AbstractBuilder.accept(AbstractBuilder.java:54)
Caused by: com.github.javaparser.resolution.UnsolvedSymbolException: Unsolved symbol in de.uka.ilkd.key.java.JavaParserFactory$DynamicTypeSolver@1c7f791e : java.lang.Object
	at com.github.javaparser.resolution.TypeSolver.solveType(TypeSolver.java:71)

35910      ERROR Test worker     d.u.i.k.n.b.AbstractBuilder  com.github.javaparser.resolution.UnsolvedSymbolException: Unsolved symbol in de.uka.ilkd.key.java.JavaParserFactory$DynamicTypeSolver@1c7f791e : java.lang.Object
	at com.github.javaparser.resolution.TypeSolver.solveType(TypeSolver.java:71)

35910      ERROR Test worker     d.u.i.k.n.b.TacletPBuilder Error in parsing taclet. de.uka.ilkd.key.util.parsing.BuildingException: Unsolved symbol in de.uka.ilkd.key.java.JavaParserFactory$DynamicTypeSolver@1c7f791e : java.lang.Object at file:/D:/a/key/key/key.core/build/resources/main/de/uka/ilkd/key/proof/rules/javaRules.key:455:15
	at de.uka.ilkd.key.nparser.builder.AbstractBuilder.accept(AbstractBuilder.java:54)
Caused by: com.github.javaparser.resolution.UnsolvedSymbolException: Unsolved symbol in de.uka.ilkd.key.java.JavaParserFactory$DynamicTypeSolver@1c7f791e : java.lang.Object
	at com.github.javaparser.resolution.TypeSolver.solveType(TypeSolver.java:71)

35910      ERROR Test worker     d.u.i.k.n.b.AbstractBuilder  com.github.javaparser.resolution.UnsolvedSymbolException: Unsolved symbol in de.uka.ilkd.key.java.JavaParserFactory$DynamicTypeSolver@1c7f791e : java.lang.Object
	at com.github.javaparser.resolution.TypeSolver.solveType(TypeSolver.java:71)

35910      ERROR Test worker     d.u.i.k.n.b.TacletPBuilder Error in parsing taclet. de.uka.ilkd.key.util.parsing.BuildingException: Unsolved symbol in de.uka.ilkd.key.java.JavaParserFactory$DynamicTypeSolver@1c7f791e : java.lang.Object at file:/D:/a/key/key/key.core/build/resources/main/de/uka/ilkd/key/proof/rules/javaRules.key:466:15
	at de.uka.ilkd.key.nparser.builder.AbstractBuilder.accept(AbstractBuilder.java:54)
Caused by: com.github.javaparser.resolution.UnsolvedSymbolException: Unsolved symbol in de.uka.ilkd.key.java.JavaParserFactory$DynamicTypeSolver@1c7f791e : java.lang.Object
	at com.github.javaparser.resolution.TypeSolver.solveType(TypeSolver.java:71)

35910      ERROR Test worker     d.u.i.k.n.b.AbstractBuilder  com.github.javaparser.resolution.UnsolvedSymbolException: Unsolved symbol in de.uka.ilkd.key.java.JavaParserFactory$DynamicTypeSolver@1c7f791e : java.lang.Object
	at com.github.javaparser.resolution.TypeSolver.solveType(TypeSolver.java:71)

35910      ERROR Test worker     d.u.i.k.n.b.TacletPBuilder Error in parsing taclet. de.uka.ilkd.key.util.parsing.BuildingException: Unsolved symbol in de.uka.ilkd.key.java.JavaParserFactory$DynamicTypeSolver@1c7f791e : java.lang.Object at file:/D:/a/key/key/key.core/build/resources/main/de/uka/ilkd/key/proof/rules/javaRules.key:472:15
	at de.uka.ilkd.key.nparser.builder.AbstractBuilder.accept(AbstractBuilder.java:54)
Caused by: com.github.javaparser.resolution.UnsolvedSymbolException: Unsolved symbol in de.uka.ilkd.key.java.JavaParserFactory$DynamicTypeSolver@1c7f791e : java.lang.Object
	at com.github.javaparser.resolution.TypeSolver.solveType(TypeSolver.java:71)

35910      ERROR Test worker     d.u.i.k.n.b.AbstractBuilder  com.github.javaparser.resolution.UnsolvedSymbolException: Unsolved symbol in de.uka.ilkd.key.java.JavaParserFactory$DynamicTypeSolver@1c7f791e : java.lang.Object
	at com.github.javaparser.resolution.TypeSolver.solveType(TypeSolver.java:71)

35910      ERROR Test worker     d.u.i.k.n.b.TacletPBuilder Error in parsing taclet. de.uka.ilkd.key.util.parsing.BuildingException: Unsolved symbol in de.uka.ilkd.key.java.JavaParserFactory$DynamicTypeSolver@1c7f791e : java.lang.Object at file:/D:/a/key/key/key.core/build/resources/main/de/uka/ilkd/key/proof/rules/javaRules.key:482:15
	at de.uka.ilkd.key.nparser.builder.AbstractBuilder.accept(AbstractBuilder.java:54)
Caused by: com.github.javaparser.resolution.UnsolvedSymbolException: Unsolved symbol in de.uka.ilkd.key.java.JavaParserFactory$DynamicTypeSolver@1c7f791e : java.lang.Object
	at com.github.javaparser.resolution.TypeSolver.solveType(TypeSolver.java:71)

35910      ERROR Test worker     d.u.i.k.n.b.AbstractBuilder  com.github.javaparser.resolution.UnsolvedSymbolException: Unsolved symbol in de.uka.ilkd.key.java.JavaParserFactory$DynamicTypeSolver@1c7f791e : java.lang.Object
	at com.github.javaparser.resolution.TypeSolver.solveType(TypeSolver.java:71)

35910      ERROR Test worker     d.u.i.k.n.b.TacletPBuilder Error in parsing taclet. de.uka.ilkd.key.util.parsing.BuildingException: Unsolved symbol in de.uka.ilkd.key.java.JavaParserFactory$DynamicTypeSolver@1c7f791e : java.lang.Object at file:/D:/a/key/key/key.core/build/resources/main/de/uka/ilkd/key/proof/rules/javaRules.key:488:15
	at de.uka.ilkd.key.nparser.builder.AbstractBuilder.accept(AbstractBuilder.java:54)
Caused by: com.github.javaparser.resolution.UnsolvedSymbolException: Unsolved symbol in de.uka.ilkd.key.java.JavaParserFactory$DynamicTypeSolver@1c7f791e : java.lang.Object
	at com.github.javaparser.resolution.TypeSolver.solveType(TypeSolver.java:71)

35925      ERROR Test worker     d.u.i.k.n.b.AbstractBuilder  com.github.javaparser.resolution.UnsolvedSymbolException: Unsolved symbol in de.uka.ilkd.key.java.JavaParserFactory$DynamicTypeSolver@1c7f791e : java.lang.Object
	at com.github.javaparser.resolution.TypeSolver.solveType(TypeSolver.java:71)

35925      ERROR Test worker     d.u.i.k.n.b.TacletPBuilder Error in parsing taclet. de.uka.ilkd.key.util.parsing.BuildingException: Unsolved symbol in de.uka.ilkd.key.java.JavaParserFactory$DynamicTypeSolver@1c7f791e : java.lang.Object at file:/D:/a/key/key/key.core/build/resources/main/de/uka/ilkd/key/proof/rules/javaRules.key:494:15
	at de.uka.ilkd.key.nparser.builder.AbstractBuilder.accept(AbstractBuilder.java:54)
Caused by: com.github.javaparser.resolution.UnsolvedSymbolException: Unsolved symbol in de.uka.ilkd.key.java.JavaParserFactory$DynamicTypeSolver@1c7f791e : java.lang.Object
	at com.github.javaparser.resolution.TypeSolver.solveType(TypeSolver.java:71)

35925      ERROR Test worker     d.u.i.k.n.b.AbstractBuilder  com.github.javaparser.resolution.UnsolvedSymbolException: Unsolved symbol in de.uka.ilkd.key.java.JavaParserFactory$DynamicTypeSolver@1c7f791e : java.lang.Object
	at com.github.javaparser.resolution.TypeSolver.solveType(TypeSolver.java:71)

35925      ERROR Test worker     d.u.i.k.n.b.TacletPBuilder Error in parsing taclet. de.uka.ilkd.key.util.parsing.BuildingException: Unsolved symbol in de.uka.ilkd.key.java.JavaParserFactory$DynamicTypeSolver@1c7f791e : java.lang.Object at file:/D:/a/key/key/key.core/build/resources/main/de/uka/ilkd/key/proof/rules/javaRules.key:500:15
	at de.uka.ilkd.key.nparser.builder.AbstractBuilder.accept(AbstractBuilder.java:54)
Caused by: com.github.javaparser.resolution.UnsolvedSymbolException: Unsolved symbol in de.uka.ilkd.key.java.JavaParserFactory$DynamicTypeSolver@1c7f791e : java.lang.Object
	at com.github.javaparser.resolution.TypeSolver.solveType(TypeSolver.java:71)

35925      ERROR Test worker     d.u.i.k.n.b.AbstractBuilder  com.github.javaparser.resolution.UnsolvedSymbolException: Unsolved symbol in de.uka.ilkd.key.java.JavaParserFactory$DynamicTypeSolver@1c7f791e : java.lang.Object
	at com.github.javaparser.resolution.TypeSolver.solveType(TypeSolver.java:71)

35925      ERROR Test worker     d.u.i.k.n.b.TacletPBuilder Error in parsing taclet. de.uka.ilkd.key.util.parsing.BuildingException: Unsolved symbol in de.uka.ilkd.key.java.JavaParserFactory$DynamicTypeSolver@1c7f791e : java.lang.Object at file:/D:/a/key/key/key.core/build/resources/main/de/uka/ilkd/key/proof/rules/javaRules.key:506:15
	at de.uka.ilkd.key.nparser.builder.AbstractBuilder.accept(AbstractBuilder.java:54)
Caused by: com.github.javaparser.resolution.UnsolvedSymbolException: Unsolved symbol in de.uka.ilkd.key.java.JavaParserFactory$DynamicTypeSolver@1c7f791e : java.lang.Object
	at com.github.javaparser.resolution.TypeSolver.solveType(TypeSolver.java:71)

35925      ERROR Test worker     d.u.i.k.n.b.AbstractBuilder  com.github.javaparser.resolution.UnsolvedSymbolException: Unsolved symbol in de.uka.ilkd.key.java.JavaParserFactory$DynamicTypeSolver@1c7f791e : java.lang.Object
	at com.github.javaparser.resolution.TypeSolver.solveType(TypeSolver.java:71)

35925      ERROR Test worker     d.u.i.k.n.b.TacletPBuilder Error in parsing taclet. de.uka.ilkd.key.util.parsing.BuildingException: Unsolved symbol in de.uka.ilkd.key.java.JavaParserFactory$DynamicTypeSolver@1c7f791e : java.lang.Object at file:/D:/a/key/key/key.core/build/resources/main/de/uka/ilkd/key/proof/rules/javaRules.key:523:15
	at de.uka.ilkd.key.nparser.builder.AbstractBuilder.accept(AbstractBuilder.java:54)
Caused by: com.github.javaparser.resolution.UnsolvedSymbolException: Unsolved symbol in de.uka.ilkd.key.java.JavaParserFactory$DynamicTypeSolver@1c7f791e : java.lang.Object
	at com.github.javaparser.resolution.TypeSolver.solveType(TypeSolver.java:71)

35925      ERROR Test worker     d.u.i.k.n.b.AbstractBuilder  com.github.javaparser.resolution.UnsolvedSymbolException: Unsolved symbol in de.uka.ilkd.key.java.JavaParserFactory$DynamicTypeSolver@1c7f791e : java.lang.Object
	at com.github.javaparser.resolution.TypeSolver.solveType(TypeSolver.java:71)

35925      ERROR Test worker     d.u.i.k.n.b.TacletPBuilder Error in parsing taclet. de.uka.ilkd.key.util.parsing.BuildingException: Unsolved symbol in de.uka.ilkd.key.java.JavaParserFactory$DynamicTypeSolver@1c7f791e : java.lang.Object at file:/D:/a/key/key/key.core/build/resources/main/de/uka/ilkd/key/proof/rules/javaRules.key:546:15
	at de.uka.ilkd.key.nparser.builder.AbstractBuilder.accept(AbstractBuilder.java:54)
Caused by: com.github.javaparser.resolution.UnsolvedSymbolException: Unsolved symbol in de.uka.ilkd.key.java.JavaParserFactory$DynamicTypeSolver@1c7f791e : java.lang.Object
	at com.github.javaparser.resolution.TypeSolver.solveType(TypeSolver.java:71)

35925      ERROR Test worker     d.u.i.k.n.b.AbstractBuilder  com.github.javaparser.resolution.UnsolvedSymbolException: Unsolved symbol in de.uka.ilkd.key.java.JavaParserFactory$DynamicTypeSolver@1c7f791e : java.lang.Object
	at com.github.javaparser.resolution.TypeSolver.solveType(TypeSolver.java:71)

35925      ERROR Test worker     d.u.i.k.n.b.TacletPBuilder Error in parsing taclet. de.uka.ilkd.key.util.parsing.BuildingException: Unsolved symbol in de.uka.ilkd.key.java.JavaParserFactory$DynamicTypeSolver@1c7f791e : java.lang.Object at file:/D:/a/key/key/key.core/build/resources/main/de/uka/ilkd/key/proof/rules/javaRules.key:574:15
	at de.uka.ilkd.key.nparser.builder.AbstractBuilder.accept(AbstractBuilder.java:54)
Caused by: com.github.javaparser.resolution.UnsolvedSymbolException: Unsolved symbol in de.uka.ilkd.key.java.JavaParserFactory$DynamicTypeSolver@1c7f791e : java.lang.Object
	at com.github.javaparser.resolution.TypeSolver.solveType(TypeSolver.java:71)

35925      ERROR Test worker     d.u.i.k.n.b.AbstractBuilder  com.github.javaparser.resolution.UnsolvedSymbolException: Unsolved symbol in de.uka.ilkd.key.java.JavaParserFactory$DynamicTypeSolver@1c7f791e : java.lang.Object
	at com.github.javaparser.resolution.TypeSolver.solveType(TypeSolver.java:71)

35925      ERROR Test worker     d.u.i.k.n.b.TacletPBuilder Error in parsing taclet. de.uka.ilkd.key.util.parsing.BuildingException: Unsolved symbol in de.uka.ilkd.key.java.JavaParserFactory$DynamicTypeSolver@1c7f791e : java.lang.Object at file:/D:/a/key/key/key.core/build/resources/main/de/uka/ilkd/key/proof/rules/javaRules.key:590:15
	at de.uka.ilkd.key.nparser.builder.AbstractBuilder.accept(AbstractBuilder.java:54)
Caused by: com.github.javaparser.resolution.UnsolvedSymbolException: Unsolved symbol in de.uka.ilkd.key.java.JavaParserFactory$DynamicTypeSolver@1c7f791e : java.lang.Object
	at com.github.javaparser.resolution.TypeSolver.solveType(TypeSolver.java:71)

35925      ERROR Test worker     d.u.i.k.n.b.AbstractBuilder  com.github.javaparser.resolution.UnsolvedSymbolException: Unsolved symbol in de.uka.ilkd.key.java.JavaParserFactory$DynamicTypeSolver@1c7f791e : java.lang.Object
	at com.github.javaparser.resolution.TypeSolver.solveType(TypeSolver.java:71)

35925      ERROR Test worker     d.u.i.k.n.b.TacletPBuilder Error in parsing taclet. de.uka.ilkd.key.util.parsing.BuildingException: Unsolved symbol in de.uka.ilkd.key.java.JavaParserFactory$DynamicTypeSolver@1c7f791e : java.lang.Object at file:/D:/a/key/key/key.core/build/resources/main/de/uka/ilkd/key/proof/rules/javaRules.key:596:15
	at de.uka.ilkd.key.nparser.builder.AbstractBuilder.accept(AbstractBuilder.java:54)
Caused by: com.github.javaparser.resolution.UnsolvedSymbolException: Unsolved symbol in de.uka.ilkd.key.java.JavaParserFactory$DynamicTypeSolver@1c7f791e : java.lang.Object
	at com.github.javaparser.resolution.TypeSolver.solveType(TypeSolver.java:71)

35925      ERROR Test worker     d.u.i.k.n.b.AbstractBuilder  com.github.javaparser.resolution.UnsolvedSymbolException: Unsolved symbol in de.uka.ilkd.key.java.JavaParserFactory$DynamicTypeSolver@1c7f791e : java.lang.Object
	at com.github.javaparser.resolution.TypeSolver.solveType(TypeSolver.java:71)

35925      ERROR Test worker     d.u.i.k.n.b.TacletPBuilder Error in parsing taclet. de.uka.ilkd.key.util.parsing.BuildingException: Unsolved symbol in de.uka.ilkd.key.java.JavaParserFactory$DynamicTypeSolver@1c7f791e : java.lang.Object at file:/D:/a/key/key/key.core/build/resources/main/de/uka/ilkd/key/proof/rules/javaRules.key:605:15
	at de.uka.ilkd.key.nparser.builder.AbstractBuilder.accept(AbstractBuilder.java:54)
Caused by: com.github.javaparser.resolution.UnsolvedSymbolException: Unsolved symbol in de.uka.ilkd.key.java.JavaParserFactory$DynamicTypeSolver@1c7f791e : java.lang.Object
	at com.github.javaparser.resolution.TypeSolver.solveType(TypeSolver.java:71)

35941      ERROR Test worker     d.u.i.k.n.b.AbstractBuilder  com.github.javaparser.resolution.UnsolvedSymbolException: Unsolved symbol in de.uka.ilkd.key.java.JavaParserFactory$DynamicTypeSolver@1c7f791e : java.lang.Object
	at com.github.javaparser.resolution.TypeSolver.solveType(TypeSolver.java:71)

35941      ERROR Test worker     d.u.i.k.n.b.TacletPBuilder Error in parsing taclet. de.uka.ilkd.key.util.parsing.BuildingException: Unsolved symbol in de.uka.ilkd.key.java.JavaParserFactory$DynamicTypeSolver@1c7f791e : java.lang.Object at file:/D:/a/key/key/key.core/build/resources/main/de/uka/ilkd/key/proof/rules/javaRules.key:613:15
	at de.uka.ilkd.key.nparser.builder.AbstractBuilder.accept(AbstractBuilder.java:54)
Caused by: com.github.javaparser.resolution.UnsolvedSymbolException: Unsolved symbol in de.uka.ilkd.key.java.JavaParserFactory$DynamicTypeSolver@1c7f791e : java.lang.Object
	at com.github.javaparser.resolution.TypeSolver.solveType(TypeSolver.java:71)

35941      ERROR Test worker     d.u.i.k.n.b.AbstractBuilder  com.github.javaparser.resolution.UnsolvedSymbolException: Unsolved symbol in de.uka.ilkd.key.java.JavaParserFactory$DynamicTypeSolver@1c7f791e : java.lang.Object
	at com.github.javaparser.resolution.TypeSolver.solveType(TypeSolver.java:71)

35941      ERROR Test worker     d.u.i.k.n.b.TacletPBuilder Error in parsing taclet. de.uka.ilkd.key.util.parsing.BuildingException: Unsolved symbol in de.uka.ilkd.key.java.JavaParserFactory$DynamicTypeSolver@1c7f791e : java.lang.Object at file:/D:/a/key/key/key.core/build/resources/main/de/uka/ilkd/key/proof/rules/javaRules.key:622:15
	at de.uka.ilkd.key.nparser.builder.AbstractBuilder.accept(AbstractBuilder.java:54)
Caused by: com.github.javaparser.resolution.UnsolvedSymbolException: Unsolved symbol in de.uka.ilkd.key.java.JavaParserFactory$DynamicTypeSolver@1c7f791e : java.lang.Object
	at com.github.javaparser.resolution.TypeSolver.solveType(TypeSolver.java:71)

35941      ERROR Test worker     d.u.i.k.n.b.AbstractBuilder  com.github.javaparser.resolution.UnsolvedSymbolException: Unsolved symbol in de.uka.ilkd.key.java.JavaParserFactory$DynamicTypeSolver@1c7f791e : java.lang.Object
	at com.github.javaparser.resolution.TypeSolver.solveType(TypeSolver.java:71)

35941      ERROR Test worker     d.u.i.k.n.b.TacletPBuilder Error in parsing taclet. de.uka.ilkd.key.util.parsing.BuildingException: Unsolved symbol in de.uka.ilkd.key.java.JavaParserFactory$DynamicTypeSolver@1c7f791e : java.lang.Object at file:/D:/a/key/key/key.core/build/resources/main/de/uka/ilkd/key/proof/rules/javaRules.key:630:15
	at de.uka.ilkd.key.nparser.builder.AbstractBuilder.accept(AbstractBuilder.java:54)
Caused by: com.github.javaparser.resolution.UnsolvedSymbolException: Unsolved symbol in de.uka.ilkd.key.java.JavaParserFactory$DynamicTypeSolver@1c7f791e : java.lang.Object
	at com.github.javaparser.resolution.TypeSolver.solveType(TypeSolver.java:71)

35941      ERROR Test worker     d.u.i.k.n.b.AbstractBuilder  com.github.javaparser.resolution.UnsolvedSymbolException: Unsolved symbol in de.uka.ilkd.key.java.JavaParserFactory$DynamicTypeSolver@1c7f791e : java.lang.Object
	at com.github.javaparser.resolution.TypeSolver.solveType(TypeSolver.java:71)

35941      ERROR Test worker     d.u.i.k.n.b.TacletPBuilder Error in parsing taclet. de.uka.ilkd.key.util.parsing.BuildingException: Unsolved symbol in de.uka.ilkd.key.java.JavaParserFactory$DynamicTypeSolver@1c7f791e : java.lang.Object at file:/D:/a/key/key/key.core/build/resources/main/de/uka/ilkd/key/proof/rules/javaRules.key:639:15
	at de.uka.ilkd.key.nparser.builder.AbstractBuilder.accept(AbstractBuilder.java:54)
Caused by: com.github.javaparser.resolution.UnsolvedSymbolException: Unsolved symbol in de.uka.ilkd.key.java.JavaParserFactory$DynamicTypeSolver@1c7f791e : java.lang.Object
	at com.github.javaparser.resolution.TypeSolver.solveType(TypeSolver.java:71)

35941      ERROR Test worker     d.u.i.k.n.b.AbstractBuilder  com.github.javaparser.resolution.UnsolvedSymbolException: Unsolved symbol in de.uka.ilkd.key.java.JavaParserFactory$DynamicTypeSolver@1c7f791e : java.lang.Object
	at com.github.javaparser.resolution.TypeSolver.solveType(TypeSolver.java:71)

35941      ERROR Test worker     d.u.i.k.n.b.TacletPBuilder Error in parsing taclet. de.uka.ilkd.key.util.parsing.BuildingException: Unsolved symbol in de.uka.ilkd.key.java.JavaParserFactory$DynamicTypeSolver@1c7f791e : java.lang.Object at file:/D:/a/key/key/key.core/build/resources/main/de/uka/ilkd/key/proof/rules/javaRules.key:647:15
	at de.uka.ilkd.key.nparser.builder.AbstractBuilder.accept(AbstractBuilder.java:54)
Caused by: com.github.javaparser.resolution.UnsolvedSymbolException: Unsolved symbol in de.uka.ilkd.key.java.JavaParserFactory$DynamicTypeSolver@1c7f791e : java.lang.Object
	at com.github.javaparser.resolution.TypeSolver.solveType(TypeSolver.java:71)

35941      ERROR Test worker     d.u.i.k.n.b.AbstractBuilder  com.github.javaparser.resolution.UnsolvedSymbolException: Unsolved symbol in de.uka.ilkd.key.java.JavaParserFactory$DynamicTypeSolver@1c7f791e : java.lang.Object
	at com.github.javaparser.resolution.TypeSolver.solveType(TypeSolver.java:71)

35941      ERROR Test worker     d.u.i.k.n.b.TacletPBuilder Error in parsing taclet. de.uka.ilkd.key.util.parsing.BuildingException: Unsolved symbol in de.uka.ilkd.key.java.JavaParserFactory$DynamicTypeSolver@1c7f791e : java.lang.Object at file:/D:/a/key/key/key.core/build/resources/main/de/uka/ilkd/key/proof/rules/javaRules.key:656:15
	at de.uka.ilkd.key.nparser.builder.AbstractBuilder.accept(AbstractBuilder.java:54)
Caused by: com.github.javaparser.resolution.UnsolvedSymbolException: Unsolved symbol in de.uka.ilkd.key.java.JavaParserFactory$DynamicTypeSolver@1c7f791e : java.lang.Object
	at com.github.javaparser.resolution.TypeSolver.solveType(TypeSolver.java:71)

35941      ERROR Test worker     d.u.i.k.n.b.AbstractBuilder  com.github.javaparser.resolution.UnsolvedSymbolException: Unsolved symbol in de.uka.ilkd.key.java.JavaParserFactory$DynamicTypeSolver@1c7f791e : java.lang.Object
	at com.github.javaparser.resolution.TypeSolver.solveType(TypeSolver.java:71)

35941      ERROR Test worker     d.u.i.k.n.b.TacletPBuilder Error in parsing taclet. de.uka.ilkd.key.util.parsing.BuildingException: Unsolved symbol in de.uka.ilkd.key.java.JavaParserFactory$DynamicTypeSolver@1c7f791e : java.lang.Object at file:/D:/a/key/key/key.core/build/resources/main/de/uka/ilkd/key/proof/rules/javaRules.key:664:15
	at de.uka.ilkd.key.nparser.builder.AbstractBuilder.accept(AbstractBuilder.java:54)
Caused by: com.github.javaparser.resolution.UnsolvedSymbolException: Unsolved symbol in de.uka.ilkd.key.java.JavaParserFactory$DynamicTypeSolver@1c7f791e : java.lang.Object
	at com.github.javaparser.resolution.TypeSolver.solveType(TypeSolver.java:71)

35941      ERROR Test worker     d.u.i.k.n.b.AbstractBuilder  com.github.javaparser.resolution.UnsolvedSymbolException: Unsolved symbol in de.uka.ilkd.key.java.JavaParserFactory$DynamicTypeSolver@1c7f791e : java.lang.Object
	at com.github.javaparser.resolution.TypeSolver.solveType(TypeSolver.java:71)

35941      ERROR Test worker     d.u.i.k.n.b.TacletPBuilder Error in parsing taclet. de.uka.ilkd.key.util.parsing.BuildingException: Unsolved symbol in de.uka.ilkd.key.java.JavaParserFactory$DynamicTypeSolver@1c7f791e : java.lang.Object at file:/D:/a/key/key/key.core/build/resources/main/de/uka/ilkd/key/proof/rules/javaRules.key:673:15
	at de.uka.ilkd.key.nparser.builder.AbstractBuilder.accept(AbstractBuilder.java:54)
Caused by: com.github.javaparser.resolution.UnsolvedSymbolException: Unsolved symbol in de.uka.ilkd.key.java.JavaParserFactory$DynamicTypeSolver@1c7f791e : java.lang.Object
	at com.github.javaparser.resolution.TypeSolver.solveType(TypeSolver.java:71)

35941      ERROR Test worker     d.u.i.k.n.b.AbstractBuilder  com.github.javaparser.resolution.UnsolvedSymbolException: Unsolved symbol in de.uka.ilkd.key.java.JavaParserFactory$DynamicTypeSolver@1c7f791e : java.lang.Object
	at com.github.javaparser.resolution.TypeSolver.solveType(TypeSolver.java:71)

35941      ERROR Test worker     d.u.i.k.n.b.TacletPBuilder Error in parsing taclet. de.uka.ilkd.key.util.parsing.BuildingException: Unsolved symbol in de.uka.ilkd.key.java.JavaParserFactory$DynamicTypeSolver@1c7f791e : java.lang.Object at file:/D:/a/key/key/key.core/build/resources/main/de/uka/ilkd/key/proof/rules/javaRules.key:681:15
	at de.uka.ilkd.key.nparser.builder.AbstractBuilder.accept(AbstractBuilder.java:54)
Caused by: com.github.javaparser.resolution.UnsolvedSymbolException: Unsolved symbol in de.uka.ilkd.key.java.JavaParserFactory$DynamicTypeSolver@1c7f791e : java.lang.Object
	at com.github.javaparser.resolution.TypeSolver.solveType(TypeSolver.java:71)

35957      ERROR Test worker     d.u.i.k.n.b.AbstractBuilder  com.github.javaparser.resolution.UnsolvedSymbolException: Unsolved symbol in de.uka.ilkd.key.java.JavaParserFactory$DynamicTypeSolver@1c7f791e : java.lang.Object
	at com.github.javaparser.resolution.TypeSolver.solveType(TypeSolver.java:71)

35957      ERROR Test worker     d.u.i.k.n.b.TacletPBuilder Error in parsing taclet. de.uka.ilkd.key.util.parsing.BuildingException: Unsolved symbol in de.uka.ilkd.key.java.JavaParserFactory$DynamicTypeSolver@1c7f791e : java.lang.Object at file:/D:/a/key/key/key.core/build/resources/main/de/uka/ilkd/key/proof/rules/javaRules.key:693:15
	at de.uka.ilkd.key.nparser.builder.AbstractBuilder.accept(AbstractBuilder.java:54)
Caused by: com.github.javaparser.resolution.UnsolvedSymbolException: Unsolved symbol in de.uka.ilkd.key.java.JavaParserFactory$DynamicTypeSolver@1c7f791e : java.lang.Object
	at com.github.javaparser.resolution.TypeSolver.solveType(TypeSolver.java:71)

35957      ERROR Test worker     d.u.i.k.n.b.AbstractBuilder  com.github.javaparser.resolution.UnsolvedSymbolException: Unsolved symbol in de.uka.ilkd.key.java.JavaParserFactory$DynamicTypeSolver@1c7f791e : java.lang.Object
	at com.github.javaparser.resolution.TypeSolver.solveType(TypeSolver.java:71)

35957      ERROR Test worker     d.u.i.k.n.b.TacletPBuilder Error in parsing taclet. de.uka.ilkd.key.util.parsing.BuildingException: Unsolved symbol in de.uka.ilkd.key.java.JavaParserFactory$DynamicTypeSolver@1c7f791e : java.lang.Object at file:/D:/a/key/key/key.core/build/resources/main/de/uka/ilkd/key/proof/rules/javaRules.key:701:15
	at de.uka.ilkd.key.nparser.builder.AbstractBuilder.accept(AbstractBuilder.java:54)
Caused by: com.github.javaparser.resolution.UnsolvedSymbolException: Unsolved symbol in de.uka.ilkd.key.java.JavaParserFactory$DynamicTypeSolver@1c7f791e : java.lang.Object
	at com.github.javaparser.resolution.TypeSolver.solveType(TypeSolver.java:71)

35957      ERROR Test worker     d.u.i.k.n.b.AbstractBuilder  com.github.javaparser.resolution.UnsolvedSymbolException: Unsolved symbol in de.uka.ilkd.key.java.JavaParserFactory$DynamicTypeSolver@1c7f791e : java.lang.Object
	at com.github.javaparser.resolution.TypeSolver.solveType(TypeSolver.java:71)

35957      ERROR Test worker     d.u.i.k.n.b.TacletPBuilder Error in parsing taclet. de.uka.ilkd.key.util.parsing.BuildingException: Unsolved symbol in de.uka.ilkd.key.java.JavaParserFactory$DynamicTypeSolver@1c7f791e : java.lang.Object at file:/D:/a/key/key/key.core/build/resources/main/de/uka/ilkd/key/proof/rules/javaRules.key:715:15
	at de.uka.ilkd.key.nparser.builder.AbstractBuilder.accept(AbstractBuilder.java:54)
Caused by: com.github.javaparser.resolution.UnsolvedSymbolException: Unsolved symbol in de.uka.ilkd.key.java.JavaParserFactory$DynamicTypeSolver@1c7f791e : java.lang.Object
	at com.github.javaparser.resolution.TypeSolver.solveType(TypeSolver.java:71)

35957      ERROR Test worker     d.u.i.k.n.b.AbstractBuilder  com.github.javaparser.resolution.UnsolvedSymbolException: Unsolved symbol in de.uka.ilkd.key.java.JavaParserFactory$DynamicTypeSolver@1c7f791e : java.lang.Object
	at com.github.javaparser.resolution.TypeSolver.solveType(TypeSolver.java:71)

35957      ERROR Test worker     d.u.i.k.n.b.TacletPBuilder Error in parsing taclet. de.uka.ilkd.key.util.parsing.BuildingException: Unsolved symbol in de.uka.ilkd.key.java.JavaParserFactory$DynamicTypeSolver@1c7f791e : java.lang.Object at file:/D:/a/key/key/key.core/build/resources/main/de/uka/ilkd/key/proof/rules/javaRules.key:722:15
	at de.uka.ilkd.key.nparser.builder.AbstractBuilder.accept(AbstractBuilder.java:54)
Caused by: com.github.javaparser.resolution.UnsolvedSymbolException: Unsolved symbol in de.uka.ilkd.key.java.JavaParserFactory$DynamicTypeSolver@1c7f791e : java.lang.Object
	at com.github.javaparser.resolution.TypeSolver.solveType(TypeSolver.java:71)

35972      ERROR Test worker     d.u.i.k.n.b.AbstractBuilder  com.github.javaparser.resolution.UnsolvedSymbolException: Unsolved symbol in de.uka.ilkd.key.java.JavaParserFactory$DynamicTypeSolver@1c7f791e : java.lang.Object
	at com.github.javaparser.resolution.TypeSolver.solveType(TypeSolver.java:71)

35972      ERROR Test worker     d.u.i.k.n.b.TacletPBuilder Error in parsing taclet. de.uka.ilkd.key.util.parsing.BuildingException: Unsolved symbol in de.uka.ilkd.key.java.JavaParserFactory$DynamicTypeSolver@1c7f791e : java.lang.Object at file:/D:/a/key/key/key.core/build/resources/main/de/uka/ilkd/key/proof/rules/javaRules.key:730:15
	at de.uka.ilkd.key.nparser.builder.AbstractBuilder.accept(AbstractBuilder.java:54)
Caused by: com.github.javaparser.resolution.UnsolvedSymbolException: Unsolved symbol in de.uka.ilkd.key.java.JavaParserFactory$DynamicTypeSolver@1c7f791e : java.lang.Object
	at com.github.javaparser.resolution.TypeSolver.solveType(TypeSolver.java:71)

35972      ERROR Test worker     d.u.i.k.n.b.AbstractBuilder  com.github.javaparser.resolution.UnsolvedSymbolException: Unsolved symbol in de.uka.ilkd.key.java.JavaParserFactory$DynamicTypeSolver@1c7f791e : java.lang.Object
	at com.github.javaparser.resolution.TypeSolver.solveType(TypeSolver.java:71)

35972      ERROR Test worker     d.u.i.k.n.b.TacletPBuilder Error in parsing taclet. de.uka.ilkd.key.util.parsing.BuildingException: Unsolved symbol in de.uka.ilkd.key.java.JavaParserFactory$DynamicTypeSolver@1c7f791e : java.lang.Object at file:/D:/a/key/key/key.core/build/resources/main/de/uka/ilkd/key/proof/rules/javaRules.key:739:15
	at de.uka.ilkd.key.nparser.builder.AbstractBuilder.accept(AbstractBuilder.java:54)
Caused by: com.github.javaparser.resolution.UnsolvedSymbolException: Unsolved symbol in de.uka.ilkd.key.java.JavaParserFactory$DynamicTypeSolver@1c7f791e : java.lang.Object
	at com.github.javaparser.resolution.TypeSolver.solveType(TypeSolver.java:71)

35972      ERROR Test worker     d.u.i.k.n.b.AbstractBuilder  com.github.javaparser.resolution.UnsolvedSymbolException: Unsolved symbol in de.uka.ilkd.key.java.JavaParserFactory$DynamicTypeSolver@1c7f791e : java.lang.Object
	at com.github.javaparser.resolution.TypeSolver.solveType(TypeSolver.java:71)

35972      ERROR Test worker     d.u.i.k.n.b.TacletPBuilder Error in parsing taclet. de.uka.ilkd.key.util.parsing.BuildingException: Unsolved symbol in de.uka.ilkd.key.java.JavaParserFactory$DynamicTypeSolver@1c7f791e : java.lang.Object at file:/D:/a/key/key/key.core/build/resources/main/de/uka/ilkd/key/proof/rules/javaRules.key:746:15
	at de.uka.ilkd.key.nparser.builder.AbstractBuilder.accept(AbstractBuilder.java:54)
Caused by: com.github.javaparser.resolution.UnsolvedSymbolException: Unsolved symbol in de.uka.ilkd.key.java.JavaParserFactory$DynamicTypeSolver@1c7f791e : java.lang.Object
	at com.github.javaparser.resolution.TypeSolver.solveType(TypeSolver.java:71)

35972      ERROR Test worker     d.u.i.k.n.b.AbstractBuilder  com.github.javaparser.resolution.UnsolvedSymbolException: Unsolved symbol in de.uka.ilkd.key.java.JavaParserFactory$DynamicTypeSolver@1c7f791e : java.lang.Object
	at com.github.javaparser.resolution.TypeSolver.solveType(TypeSolver.java:71)

35972      ERROR Test worker     d.u.i.k.n.b.TacletPBuilder Error in parsing taclet. de.uka.ilkd.key.util.parsing.BuildingException: Unsolved symbol in de.uka.ilkd.key.java.JavaParserFactory$DynamicTypeSolver@1c7f791e : java.lang.Object at file:/D:/a/key/key/key.core/build/resources/main/de/uka/ilkd/key/proof/rules/javaRules.key:754:15
	at de.uka.ilkd.key.nparser.builder.AbstractBuilder.accept(AbstractBuilder.java:54)
Caused by: com.github.javaparser.resolution.UnsolvedSymbolException: Unsolved symbol in de.uka.ilkd.key.java.JavaParserFactory$DynamicTypeSolver@1c7f791e : java.lang.Object
	at com.github.javaparser.resolution.TypeSolver.solveType(TypeSolver.java:71)

35972      ERROR Test worker     d.u.i.k.n.b.AbstractBuilder  com.github.javaparser.resolution.UnsolvedSymbolException: Unsolved symbol in de.uka.ilkd.key.java.JavaParserFactory$DynamicTypeSolver@1c7f791e : java.lang.Object
	at com.github.javaparser.resolution.TypeSolver.solveType(TypeSolver.java:71)

35988      ERROR Test worker     d.u.i.k.n.b.TacletPBuilder Error in parsing taclet. de.uka.ilkd.key.util.parsing.BuildingException: Unsolved symbol in de.uka.ilkd.key.java.JavaParserFactory$DynamicTypeSolver@1c7f791e : java.lang.Object at file:/D:/a/key/key/key.core/build/resources/main/de/uka/ilkd/key/proof/rules/javaRules.key:763:15
	at de.uka.ilkd.key.nparser.builder.AbstractBuilder.accept(AbstractBuilder.java:54)
Caused by: com.github.javaparser.resolution.UnsolvedSymbolException: Unsolved symbol in de.uka.ilkd.key.java.JavaParserFactory$DynamicTypeSolver@1c7f791e : java.lang.Object
	at com.github.javaparser.resolution.TypeSolver.solveType(TypeSolver.java:71)

35988      ERROR Test worker     d.u.i.k.n.b.AbstractBuilder  com.github.javaparser.resolution.UnsolvedSymbolException: Unsolved symbol in de.uka.ilkd.key.java.JavaParserFactory$DynamicTypeSolver@1c7f791e : java.lang.Object
	at com.github.javaparser.resolution.TypeSolver.solveType(TypeSolver.java:71)

35988      ERROR Test worker     d.u.i.k.n.b.TacletPBuilder Error in parsing taclet. de.uka.ilkd.key.util.parsing.BuildingException: Unsolved symbol in de.uka.ilkd.key.java.JavaParserFactory$DynamicTypeSolver@1c7f791e : java.lang.Object at file:/D:/a/key/key/key.core/build/resources/main/de/uka/ilkd/key/proof/rules/javaRules.key:770:15
	at de.uka.ilkd.key.nparser.builder.AbstractBuilder.accept(AbstractBuilder.java:54)
Caused by: com.github.javaparser.resolution.UnsolvedSymbolException: Unsolved symbol in de.uka.ilkd.key.java.JavaParserFactory$DynamicTypeSolver@1c7f791e : java.lang.Object
	at com.github.javaparser.resolution.TypeSolver.solveType(TypeSolver.java:71)

35988      ERROR Test worker     d.u.i.k.n.b.AbstractBuilder  com.github.javaparser.resolution.UnsolvedSymbolException: Unsolved symbol in de.uka.ilkd.key.java.JavaParserFactory$DynamicTypeSolver@1c7f791e : java.lang.Object
	at com.github.javaparser.resolution.TypeSolver.solveType(TypeSolver.java:71)

35988      ERROR Test worker     d.u.i.k.n.b.TacletPBuilder Error in parsing taclet. de.uka.ilkd.key.util.parsing.BuildingException: Unsolved symbol in de.uka.ilkd.key.java.JavaParserFactory$DynamicTypeSolver@1c7f791e : java.lang.Object at file:/D:/a/key/key/key.core/build/resources/main/de/uka/ilkd/key/proof/rules/javaRules.key:778:15
	at de.uka.ilkd.key.nparser.builder.AbstractBuilder.accept(AbstractBuilder.java:54)
Caused by: com.github.javaparser.resolution.UnsolvedSymbolException: Unsolved symbol in de.uka.ilkd.key.java.JavaParserFactory$DynamicTypeSolver@1c7f791e : java.lang.Object
	at com.github.javaparser.resolution.TypeSolver.solveType(TypeSolver.java:71)

35988      ERROR Test worker     d.u.i.k.n.b.AbstractBuilder  com.github.javaparser.resolution.UnsolvedSymbolException: Unsolved symbol in de.uka.ilkd.key.java.JavaParserFactory$DynamicTypeSolver@1c7f791e : java.lang.Object
	at com.github.javaparser.resolution.TypeSolver.solveType(TypeSolver.java:71)

35988      ERROR Test worker     d.u.i.k.n.b.TacletPBuilder Error in parsing taclet. de.uka.ilkd.key.util.parsing.BuildingException: Unsolved symbol in de.uka.ilkd.key.java.JavaParserFactory$DynamicTypeSolver@1c7f791e : java.lang.Object at file:/D:/a/key/key/key.core/build/resources/main/de/uka/ilkd/key/proof/rules/javaRules.key:787:15
	at de.uka.ilkd.key.nparser.builder.AbstractBuilder.accept(AbstractBuilder.java:54)
Caused by: com.github.javaparser.resolution.UnsolvedSymbolException: Unsolved symbol in de.uka.ilkd.key.java.JavaParserFactory$DynamicTypeSolver@1c7f791e : java.lang.Object
	at com.github.javaparser.resolution.TypeSolver.solveType(TypeSolver.java:71)

35988      ERROR Test worker     d.u.i.k.n.b.AbstractBuilder  com.github.javaparser.resolution.UnsolvedSymbolException: Unsolved symbol in de.uka.ilkd.key.java.JavaParserFactory$DynamicTypeSolver@1c7f791e : java.lang.Object
	at com.github.javaparser.resolution.TypeSolver.solveType(TypeSolver.java:71)

35988      ERROR Test worker     d.u.i.k.n.b.TacletPBuilder Error in parsing taclet. de.uka.ilkd.key.util.parsing.BuildingException: Unsolved symbol in de.uka.ilkd.key.java.JavaParserFactory$DynamicTypeSolver@1c7f791e : java.lang.Object at file:/D:/a/key/key/key.core/build/resources/main/de/uka/ilkd/key/proof/rules/javaRules.key:794:15
	at de.uka.ilkd.key.nparser.builder.AbstractBuilder.accept(AbstractBuilder.java:54)
Caused by: com.github.javaparser.resolution.UnsolvedSymbolException: Unsolved symbol in de.uka.ilkd.key.java.JavaParserFactory$DynamicTypeSolver@1c7f791e : java.lang.Object
	at com.github.javaparser.resolution.TypeSolver.solveType(TypeSolver.java:71)

35988      ERROR Test worker     d.u.i.k.n.b.AbstractBuilder  com.github.javaparser.resolution.UnsolvedSymbolException: Unsolved symbol in de.uka.ilkd.key.java.JavaParserFactory$DynamicTypeSolver@1c7f791e : java.lang.Object
	at com.github.javaparser.resolution.TypeSolver.solveType(TypeSolver.java:71)

35988      ERROR Test worker     d.u.i.k.n.b.TacletPBuilder Error in parsing taclet. de.uka.ilkd.key.util.parsing.BuildingException: Unsolved symbol in de.uka.ilkd.key.java.JavaParserFactory$DynamicTypeSolver@1c7f791e : java.lang.Object at file:/D:/a/key/key/key.core/build/resources/main/de/uka/ilkd/key/proof/rules/javaRules.key:802:15
	at de.uka.ilkd.key.nparser.builder.AbstractBuilder.accept(AbstractBuilder.java:54)
Caused by: com.github.javaparser.resolution.UnsolvedSymbolException: Unsolved symbol in de.uka.ilkd.key.java.JavaParserFactory$DynamicTypeSolver@1c7f791e : java.lang.Object
	at com.github.javaparser.resolution.TypeSolver.solveType(TypeSolver.java:71)

35988      ERROR Test worker     d.u.i.k.n.b.AbstractBuilder  com.github.javaparser.resolution.UnsolvedSymbolException: Unsolved symbol in de.uka.ilkd.key.java.JavaParserFactory$DynamicTypeSolver@1c7f791e : java.lang.Object
	at com.github.javaparser.resolution.TypeSolver.solveType(TypeSolver.java:71)

35988      ERROR Test worker     d.u.i.k.n.b.TacletPBuilder Error in parsing taclet. de.uka.ilkd.key.util.parsing.BuildingException: Unsolved symbol in de.uka.ilkd.key.java.JavaParserFactory$DynamicTypeSolver@1c7f791e : java.lang.Object at file:/D:/a/key/key/key.core/build/resources/main/de/uka/ilkd/key/proof/rules/javaRules.key:811:15
	at de.uka.ilkd.key.nparser.builder.AbstractBuilder.accept(AbstractBuilder.java:54)
Caused by: com.github.javaparser.resolution.UnsolvedSymbolException: Unsolved symbol in de.uka.ilkd.key.java.JavaParserFactory$DynamicTypeSolver@1c7f791e : java.lang.Object
	at com.github.javaparser.resolution.TypeSolver.solveType(TypeSolver.java:71)

35988      ERROR Test worker     d.u.i.k.n.b.AbstractBuilder  com.github.javaparser.resolution.UnsolvedSymbolException: Unsolved symbol in de.uka.ilkd.key.java.JavaParserFactory$DynamicTypeSolver@1c7f791e : java.lang.Object
	at com.github.javaparser.resolution.TypeSolver.solveType(TypeSolver.java:71)

35988      ERROR Test worker     d.u.i.k.n.b.TacletPBuilder Error in parsing taclet. de.uka.ilkd.key.util.parsing.BuildingException: Unsolved symbol in de.uka.ilkd.key.java.JavaParserFactory$DynamicTypeSolver@1c7f791e : java.lang.Object at file:/D:/a/key/key/key.core/build/resources/main/de/uka/ilkd/key/proof/rules/javaRules.key:819:15
	at de.uka.ilkd.key.nparser.builder.AbstractBuilder.accept(AbstractBuilder.java:54)
Caused by: com.github.javaparser.resolution.UnsolvedSymbolException: Unsolved symbol in de.uka.ilkd.key.java.JavaParserFactory$DynamicTypeSolver@1c7f791e : java.lang.Object
	at com.github.javaparser.resolution.TypeSolver.solveType(TypeSolver.java:71)

35988      ERROR Test worker     d.u.i.k.n.b.AbstractBuilder  com.github.javaparser.resolution.UnsolvedSymbolException: Unsolved symbol in de.uka.ilkd.key.java.JavaParserFactory$DynamicTypeSolver@1c7f791e : java.lang.Object
	at com.github.javaparser.resolution.TypeSolver.solveType(TypeSolver.java:71)

35988      ERROR Test worker     d.u.i.k.n.b.TacletPBuilder Error in parsing taclet. de.uka.ilkd.key.util.parsing.BuildingException: Unsolved symbol in de.uka.ilkd.key.java.JavaParserFactory$DynamicTypeSolver@1c7f791e : java.lang.Object at file:/D:/a/key/key/key.core/build/resources/main/de/uka/ilkd/key/proof/rules/javaRules.key:827:15
	at de.uka.ilkd.key.nparser.builder.AbstractBuilder.accept(AbstractBuilder.java:54)
Caused by: com.github.javaparser.resolution.UnsolvedSymbolException: Unsolved symbol in de.uka.ilkd.key.java.JavaParserFactory$DynamicTypeSolver@1c7f791e : java.lang.Object
	at com.github.javaparser.resolution.TypeSolver.solveType(TypeSolver.java:71)

35988      ERROR Test worker     d.u.i.k.n.b.AbstractBuilder  com.github.javaparser.resolution.UnsolvedSymbolException: Unsolved symbol in de.uka.ilkd.key.java.JavaParserFactory$DynamicTypeSolver@1c7f791e : java.lang.Object
	at com.github.javaparser.resolution.TypeSolver.solveType(TypeSolver.java:71)

36003      ERROR Test worker     d.u.i.k.n.b.TacletPBuilder Error in parsing taclet. de.uka.ilkd.key.util.parsing.BuildingException: Unsolved symbol in de.uka.ilkd.key.java.JavaParserFactory$DynamicTypeSolver@1c7f791e : java.lang.Object at file:/D:/a/key/key/key.core/build/resources/main/de/uka/ilkd/key/proof/rules/javaRules.key:836:15
	at de.uka.ilkd.key.nparser.builder.AbstractBuilder.accept(AbstractBuilder.java:54)
Caused by: com.github.javaparser.resolution.UnsolvedSymbolException: Unsolved symbol in de.uka.ilkd.key.java.JavaParserFactory$DynamicTypeSolver@1c7f791e : java.lang.Object
	at com.github.javaparser.resolution.TypeSolver.solveType(TypeSolver.java:71)

36003      ERROR Test worker     d.u.i.k.n.b.AbstractBuilder  com.github.javaparser.resolution.UnsolvedSymbolException: Unsolved symbol in de.uka.ilkd.key.java.JavaParserFactory$DynamicTypeSolver@1c7f791e : java.lang.Object
	at com.github.javaparser.resolution.TypeSolver.solveType(TypeSolver.java:71)

36003      ERROR Test worker     d.u.i.k.n.b.TacletPBuilder Error in parsing taclet. de.uka.ilkd.key.util.parsing.BuildingException: Unsolved symbol in de.uka.ilkd.key.java.JavaParserFactory$DynamicTypeSolver@1c7f791e : java.lang.Object at file:/D:/a/key/key/key.core/build/resources/main/de/uka/ilkd/key/proof/rules/javaRules.key:843:15
	at de.uka.ilkd.key.nparser.builder.AbstractBuilder.accept(AbstractBuilder.java:54)
Caused by: com.github.javaparser.resolution.UnsolvedSymbolException: Unsolved symbol in de.uka.ilkd.key.java.JavaParserFactory$DynamicTypeSolver@1c7f791e : java.lang.Object
	at com.github.javaparser.resolution.TypeSolver.solveType(TypeSolver.java:71)

36003      ERROR Test worker     d.u.i.k.n.b.AbstractBuilder  com.github.javaparser.resolution.UnsolvedSymbolException: Unsolved symbol in de.uka.ilkd.key.java.JavaParserFactory$DynamicTypeSolver@1c7f791e : java.lang.Object
	at com.github.javaparser.resolution.TypeSolver.solveType(TypeSolver.java:71)

36003      ERROR Test worker     d.u.i.k.n.b.TacletPBuilder Error in parsing taclet. de.uka.ilkd.key.util.parsing.BuildingException: Unsolved symbol in de.uka.ilkd.key.java.JavaParserFactory$DynamicTypeSolver@1c7f791e : java.lang.Object at file:/D:/a/key/key/key.core/build/resources/main/de/uka/ilkd/key/proof/rules/javaRules.key:851:15
	at de.uka.ilkd.key.nparser.builder.AbstractBuilder.accept(AbstractBuilder.java:54)
Caused by: com.github.javaparser.resolution.UnsolvedSymbolException: Unsolved symbol in de.uka.ilkd.key.java.JavaParserFactory$DynamicTypeSolver@1c7f791e : java.lang.Object
	at com.github.javaparser.resolution.TypeSolver.solveType(TypeSolver.java:71)

36003      ERROR Test worker     d.u.i.k.n.b.AbstractBuilder  com.github.javaparser.resolution.UnsolvedSymbolException: Unsolved symbol in de.uka.ilkd.key.java.JavaParserFactory$DynamicTypeSolver@1c7f791e : java.lang.Object
	at com.github.javaparser.resolution.TypeSolver.solveType(TypeSolver.java:71)

36003      ERROR Test worker     d.u.i.k.n.b.TacletPBuilder Error in parsing taclet. de.uka.ilkd.key.util.parsing.BuildingException: Unsolved symbol in de.uka.ilkd.key.java.JavaParserFactory$DynamicTypeSolver@1c7f791e : java.lang.Object at file:/D:/a/key/key/key.core/build/resources/main/de/uka/ilkd/key/proof/rules/javaRules.key:860:15
	at de.uka.ilkd.key.nparser.builder.AbstractBuilder.accept(AbstractBuilder.java:54)
Caused by: com.github.javaparser.resolution.UnsolvedSymbolException: Unsolved symbol in de.uka.ilkd.key.java.JavaParserFactory$DynamicTypeSolver@1c7f791e : java.lang.Object
	at com.github.javaparser.resolution.TypeSolver.solveType(TypeSolver.java:71)

36003      ERROR Test worker     d.u.i.k.n.b.AbstractBuilder  com.github.javaparser.resolution.UnsolvedSymbolException: Unsolved symbol in de.uka.ilkd.key.java.JavaParserFactory$DynamicTypeSolver@1c7f791e : java.lang.Object
	at com.github.javaparser.resolution.TypeSolver.solveType(TypeSolver.java:71)

36003      ERROR Test worker     d.u.i.k.n.b.TacletPBuilder Error in parsing taclet. de.uka.ilkd.key.util.parsing.BuildingException: Unsolved symbol in de.uka.ilkd.key.java.JavaParserFactory$DynamicTypeSolver@1c7f791e : java.lang.Object at file:/D:/a/key/key/key.core/build/resources/main/de/uka/ilkd/key/proof/rules/javaRules.key:867:15
	at de.uka.ilkd.key.nparser.builder.AbstractBuilder.accept(AbstractBuilder.java:54)
Caused by: com.github.javaparser.resolution.UnsolvedSymbolException: Unsolved symbol in de.uka.ilkd.key.java.JavaParserFactory$DynamicTypeSolver@1c7f791e : java.lang.Object
	at com.github.javaparser.resolution.TypeSolver.solveType(TypeSolver.java:71)

36003      ERROR Test worker     d.u.i.k.n.b.AbstractBuilder  com.github.javaparser.resolution.UnsolvedSymbolException: Unsolved symbol in de.uka.ilkd.key.java.JavaParserFactory$DynamicTypeSolver@1c7f791e : java.lang.Object
	at com.github.javaparser.resolution.TypeSolver.solveType(TypeSolver.java:71)

36003      ERROR Test worker     d.u.i.k.n.b.TacletPBuilder Error in parsing taclet. de.uka.ilkd.key.util.parsing.BuildingException: Unsolved symbol in de.uka.ilkd.key.java.JavaParserFactory$DynamicTypeSolver@1c7f791e : java.lang.Object at file:/D:/a/key/key/key.core/build/resources/main/de/uka/ilkd/key/proof/rules/javaRules.key:875:15
	at de.uka.ilkd.key.nparser.builder.AbstractBuilder.accept(AbstractBuilder.java:54)
Caused by: com.github.javaparser.resolution.UnsolvedSymbolException: Unsolved symbol in de.uka.ilkd.key.java.JavaParserFactory$DynamicTypeSolver@1c7f791e : java.lang.Object
	at com.github.javaparser.resolution.TypeSolver.solveType(TypeSolver.java:71)

36003      ERROR Test worker     d.u.i.k.n.b.AbstractBuilder  com.github.javaparser.resolution.UnsolvedSymbolException: Unsolved symbol in de.uka.ilkd.key.java.JavaParserFactory$DynamicTypeSolver@1c7f791e : java.lang.Object
	at com.github.javaparser.resolution.TypeSolver.solveType(TypeSolver.java:71)

36003      ERROR Test worker     d.u.i.k.n.b.TacletPBuilder Error in parsing taclet. de.uka.ilkd.key.util.parsing.BuildingException: Unsolved symbol in de.uka.ilkd.key.java.JavaParserFactory$DynamicTypeSolver@1c7f791e : java.lang.Object at file:/D:/a/key/key/key.core/build/resources/main/de/uka/ilkd/key/proof/rules/javaRules.key:884:15
	at de.uka.ilkd.key.nparser.builder.AbstractBuilder.accept(AbstractBuilder.java:54)
Caused by: com.github.javaparser.resolution.UnsolvedSymbolException: Unsolved symbol in de.uka.ilkd.key.java.JavaParserFactory$DynamicTypeSolver@1c7f791e : java.lang.Object
	at com.github.javaparser.resolution.TypeSolver.solveType(TypeSolver.java:71)

36003      ERROR Test worker     d.u.i.k.n.b.AbstractBuilder  com.github.javaparser.resolution.UnsolvedSymbolException: Unsolved symbol in de.uka.ilkd.key.java.JavaParserFactory$DynamicTypeSolver@1c7f791e : java.lang.Object
	at com.github.javaparser.resolution.TypeSolver.solveType(TypeSolver.java:71)

36003      ERROR Test worker     d.u.i.k.n.b.TacletPBuilder Error in parsing taclet. de.uka.ilkd.key.util.parsing.BuildingException: Unsolved symbol in de.uka.ilkd.key.java.JavaParserFactory$DynamicTypeSolver@1c7f791e : java.lang.Object at file:/D:/a/key/key/key.core/build/resources/main/de/uka/ilkd/key/proof/rules/javaRules.key:892:15
	at de.uka.ilkd.key.nparser.builder.AbstractBuilder.accept(AbstractBuilder.java:54)
Caused by: com.github.javaparser.resolution.UnsolvedSymbolException: Unsolved symbol in de.uka.ilkd.key.java.JavaParserFactory$DynamicTypeSolver@1c7f791e : java.lang.Object
	at com.github.javaparser.resolution.TypeSolver.solveType(TypeSolver.java:71)

36019      ERROR Test worker     d.u.i.k.n.b.AbstractBuilder  com.github.javaparser.resolution.UnsolvedSymbolException: Unsolved symbol in de.uka.ilkd.key.java.JavaParserFactory$DynamicTypeSolver@1c7f791e : java.lang.Object
	at com.github.javaparser.resolution.TypeSolver.solveType(TypeSolver.java:71)

36019      ERROR Test worker     d.u.i.k.n.b.TacletPBuilder Error in parsing taclet. de.uka.ilkd.key.util.parsing.BuildingException: Unsolved symbol in de.uka.ilkd.key.java.JavaParserFactory$DynamicTypeSolver@1c7f791e : java.lang.Object at file:/D:/a/key/key/key.core/build/resources/main/de/uka/ilkd/key/proof/rules/javaRules.key:900:15
	at de.uka.ilkd.key.nparser.builder.AbstractBuilder.accept(AbstractBuilder.java:54)
Caused by: com.github.javaparser.resolution.UnsolvedSymbolException: Unsolved symbol in de.uka.ilkd.key.java.JavaParserFactory$DynamicTypeSolver@1c7f791e : java.lang.Object
	at com.github.javaparser.resolution.TypeSolver.solveType(TypeSolver.java:71)

36019      ERROR Test worker     d.u.i.k.n.b.AbstractBuilder  com.github.javaparser.resolution.UnsolvedSymbolException: Unsolved symbol in de.uka.ilkd.key.java.JavaParserFactory$DynamicTypeSolver@1c7f791e : java.lang.Object
	at com.github.javaparser.resolution.TypeSolver.solveType(TypeSolver.java:71)

36019      ERROR Test worker     d.u.i.k.n.b.TacletPBuilder Error in parsing taclet. de.uka.ilkd.key.util.parsing.BuildingException: Unsolved symbol in de.uka.ilkd.key.java.JavaParserFactory$DynamicTypeSolver@1c7f791e : java.lang.Object at file:/D:/a/key/key/key.core/build/resources/main/de/uka/ilkd/key/proof/rules/javaRules.key:909:15
	at de.uka.ilkd.key.nparser.builder.AbstractBuilder.accept(AbstractBuilder.java:54)
Caused by: com.github.javaparser.resolution.UnsolvedSymbolException: Unsolved symbol in de.uka.ilkd.key.java.JavaParserFactory$DynamicTypeSolver@1c7f791e : java.lang.Object
	at com.github.javaparser.resolution.TypeSolver.solveType(TypeSolver.java:71)

36019      ERROR Test worker     d.u.i.k.n.b.AbstractBuilder  com.github.javaparser.resolution.UnsolvedSymbolException: Unsolved symbol in de.uka.ilkd.key.java.JavaParserFactory$DynamicTypeSolver@1c7f791e : java.lang.Object
	at com.github.javaparser.resolution.TypeSolver.solveType(TypeSolver.java:71)

36019      ERROR Test worker     d.u.i.k.n.b.TacletPBuilder Error in parsing taclet. de.uka.ilkd.key.util.parsing.BuildingException: Unsolved symbol in de.uka.ilkd.key.java.JavaParserFactory$DynamicTypeSolver@1c7f791e : java.lang.Object at file:/D:/a/key/key/key.core/build/resources/main/de/uka/ilkd/key/proof/rules/javaRules.key:925:15
	at de.uka.ilkd.key.nparser.builder.AbstractBuilder.accept(AbstractBuilder.java:54)
Caused by: com.github.javaparser.resolution.UnsolvedSymbolException: Unsolved symbol in de.uka.ilkd.key.java.JavaParserFactory$DynamicTypeSolver@1c7f791e : java.lang.Object
	at com.github.javaparser.resolution.TypeSolver.solveType(TypeSolver.java:71)

36019      ERROR Test worker     d.u.i.k.n.b.AbstractBuilder  com.github.javaparser.resolution.UnsolvedSymbolException: Unsolved symbol in de.uka.ilkd.key.java.JavaParserFactory$DynamicTypeSolver@1c7f791e : java.lang.Object
	at com.github.javaparser.resolution.TypeSolver.solveType(TypeSolver.java:71)

36019      ERROR Test worker     d.u.i.k.n.b.TacletPBuilder Error in parsing taclet. de.uka.ilkd.key.util.parsing.BuildingException: Unsolved symbol in de.uka.ilkd.key.java.JavaParserFactory$DynamicTypeSolver@1c7f791e : java.lang.Object at file:/D:/a/key/key/key.core/build/resources/main/de/uka/ilkd/key/proof/rules/javaRules.key:935:15
	at de.uka.ilkd.key.nparser.builder.AbstractBuilder.accept(AbstractBuilder.java:54)
Caused by: com.github.javaparser.resolution.UnsolvedSymbolException: Unsolved symbol in de.uka.ilkd.key.java.JavaParserFactory$DynamicTypeSolver@1c7f791e : java.lang.Object
	at com.github.javaparser.resolution.TypeSolver.solveType(TypeSolver.java:71)

36019      ERROR Test worker     d.u.i.k.n.b.AbstractBuilder  com.github.javaparser.resolution.UnsolvedSymbolException: Unsolved symbol in de.uka.ilkd.key.java.JavaParserFactory$DynamicTypeSolver@1c7f791e : java.lang.Object
	at com.github.javaparser.resolution.TypeSolver.solveType(TypeSolver.java:71)

36019      ERROR Test worker     d.u.i.k.n.b.TacletPBuilder Error in parsing taclet. de.uka.ilkd.key.util.parsing.BuildingException: Unsolved symbol in de.uka.ilkd.key.java.JavaParserFactory$DynamicTypeSolver@1c7f791e : java.lang.Object at file:/D:/a/key/key/key.core/build/resources/main/de/uka/ilkd/key/proof/rules/javaRules.key:945:15
	at de.uka.ilkd.key.nparser.builder.AbstractBuilder.accept(AbstractBuilder.java:54)
Caused by: com.github.javaparser.resolution.UnsolvedSymbolException: Unsolved symbol in de.uka.ilkd.key.java.JavaParserFactory$DynamicTypeSolver@1c7f791e : java.lang.Object
	at com.github.javaparser.resolution.TypeSolver.solveType(TypeSolver.java:71)

36019      ERROR Test worker     d.u.i.k.n.b.AbstractBuilder  com.github.javaparser.resolution.UnsolvedSymbolException: Unsolved symbol in de.uka.ilkd.key.java.JavaParserFactory$DynamicTypeSolver@1c7f791e : java.lang.Object
	at com.github.javaparser.resolution.TypeSolver.solveType(TypeSolver.java:71)

36019      ERROR Test worker     d.u.i.k.n.b.TacletPBuilder Error in parsing taclet. de.uka.ilkd.key.util.parsing.BuildingException: Unsolved symbol in de.uka.ilkd.key.java.JavaParserFactory$DynamicTypeSolver@1c7f791e : java.lang.Object at file:/D:/a/key/key/key.core/build/resources/main/de/uka/ilkd/key/proof/rules/javaRules.key:959:15
	at de.uka.ilkd.key.nparser.builder.AbstractBuilder.accept(AbstractBuilder.java:54)
Caused by: com.github.javaparser.resolution.UnsolvedSymbolException: Unsolved symbol in de.uka.ilkd.key.java.JavaParserFactory$DynamicTypeSolver@1c7f791e : java.lang.Object
	at com.github.javaparser.resolution.TypeSolver.solveType(TypeSolver.java:71)

36019      ERROR Test worker     d.u.i.k.n.b.AbstractBuilder  com.github.javaparser.resolution.UnsolvedSymbolException: Unsolved symbol in de.uka.ilkd.key.java.JavaParserFactory$DynamicTypeSolver@1c7f791e : java.lang.Object
	at com.github.javaparser.resolution.TypeSolver.solveType(TypeSolver.java:71)

36019      ERROR Test worker     d.u.i.k.n.b.TacletPBuilder Error in parsing taclet. de.uka.ilkd.key.util.parsing.BuildingException: Unsolved symbol in de.uka.ilkd.key.java.JavaParserFactory$DynamicTypeSolver@1c7f791e : java.lang.Object at file:/D:/a/key/key/key.core/build/resources/main/de/uka/ilkd/key/proof/rules/javaRules.key:975:20
	at de.uka.ilkd.key.nparser.builder.AbstractBuilder.accept(AbstractBuilder.java:54)
Caused by: com.github.javaparser.resolution.UnsolvedSymbolException: Unsolved symbol in de.uka.ilkd.key.java.JavaParserFactory$DynamicTypeSolver@1c7f791e : java.lang.Object
	at com.github.javaparser.resolution.TypeSolver.solveType(TypeSolver.java:71)

36035      ERROR Test worker     d.u.i.k.n.b.AbstractBuilder  com.github.javaparser.resolution.UnsolvedSymbolException: Unsolved symbol in de.uka.ilkd.key.java.JavaParserFactory$DynamicTypeSolver@1c7f791e : java.lang.Object
	at com.github.javaparser.resolution.TypeSolver.solveType(TypeSolver.java:71)

36035      ERROR Test worker     d.u.i.k.n.b.TacletPBuilder Error in parsing taclet. de.uka.ilkd.key.util.parsing.BuildingException: Unsolved symbol in de.uka.ilkd.key.java.JavaParserFactory$DynamicTypeSolver@1c7f791e : java.lang.Object at file:/D:/a/key/key/key.core/build/resources/main/de/uka/ilkd/key/proof/rules/javaRules.key:990:15
	at de.uka.ilkd.key.nparser.builder.AbstractBuilder.accept(AbstractBuilder.java:54)
Caused by: com.github.javaparser.resolution.UnsolvedSymbolException: Unsolved symbol in de.uka.ilkd.key.java.JavaParserFactory$DynamicTypeSolver@1c7f791e : java.lang.Object
	at com.github.javaparser.resolution.TypeSolver.solveType(TypeSolver.java:71)

36035      ERROR Test worker     d.u.i.k.n.b.AbstractBuilder  com.github.javaparser.resolution.UnsolvedSymbolException: Unsolved symbol in de.uka.ilkd.key.java.JavaParserFactory$DynamicTypeSolver@1c7f791e : java.lang.Object
	at com.github.javaparser.resolution.TypeSolver.solveType(TypeSolver.java:71)

36035      ERROR Test worker     d.u.i.k.n.b.TacletPBuilder Error in parsing taclet. de.uka.ilkd.key.util.parsing.BuildingException: Unsolved symbol in de.uka.ilkd.key.java.JavaParserFactory$DynamicTypeSolver@1c7f791e : java.lang.Object at file:/D:/a/key/key/key.core/build/resources/main/de/uka/ilkd/key/proof/rules/javaRules.key:1001:15
	at de.uka.ilkd.key.nparser.builder.AbstractBuilder.accept(AbstractBuilder.java:54)
Caused by: com.github.javaparser.resolution.UnsolvedSymbolException: Unsolved symbol in de.uka.ilkd.key.java.JavaParserFactory$DynamicTypeSolver@1c7f791e : java.lang.Object
	at com.github.javaparser.resolution.TypeSolver.solveType(TypeSolver.java:71)

36035      ERROR Test worker     d.u.i.k.n.b.AbstractBuilder  com.github.javaparser.resolution.UnsolvedSymbolException: Unsolved symbol in de.uka.ilkd.key.java.JavaParserFactory$DynamicTypeSolver@1c7f791e : java.lang.Object
	at com.github.javaparser.resolution.TypeSolver.solveType(TypeSolver.java:71)

36035      ERROR Test worker     d.u.i.k.n.b.TacletPBuilder Error in parsing taclet. de.uka.ilkd.key.util.parsing.BuildingException: Unsolved symbol in de.uka.ilkd.key.java.JavaParserFactory$DynamicTypeSolver@1c7f791e : java.lang.Object at file:/D:/a/key/key/key.core/build/resources/main/de/uka/ilkd/key/proof/rules/javaRules.key:1018:20
	at de.uka.ilkd.key.nparser.builder.AbstractBuilder.accept(AbstractBuilder.java:54)
Caused by: com.github.javaparser.resolution.UnsolvedSymbolException: Unsolved symbol in de.uka.ilkd.key.java.JavaParserFactory$DynamicTypeSolver@1c7f791e : java.lang.Object
	at com.github.javaparser.resolution.TypeSolver.solveType(TypeSolver.java:71)

36035      ERROR Test worker     d.u.i.k.n.b.AbstractBuilder  com.github.javaparser.resolution.UnsolvedSymbolException: Unsolved symbol in de.uka.ilkd.key.java.JavaParserFactory$DynamicTypeSolver@1c7f791e : java.lang.Object
	at com.github.javaparser.resolution.TypeSolver.solveType(TypeSolver.java:71)

36035      ERROR Test worker     d.u.i.k.n.b.TacletPBuilder Error in parsing taclet. de.uka.ilkd.key.util.parsing.BuildingException: Unsolved symbol in de.uka.ilkd.key.java.JavaParserFactory$DynamicTypeSolver@1c7f791e : java.lang.Object at file:/D:/a/key/key/key.core/build/resources/main/de/uka/ilkd/key/proof/rules/javaRules.key:1034:15
	at de.uka.ilkd.key.nparser.builder.AbstractBuilder.accept(AbstractBuilder.java:54)
Caused by: com.github.javaparser.resolution.UnsolvedSymbolException: Unsolved symbol in de.uka.ilkd.key.java.JavaParserFactory$DynamicTypeSolver@1c7f791e : java.lang.Object
	at com.github.javaparser.resolution.TypeSolver.solveType(TypeSolver.java:71)

36035      ERROR Test worker     d.u.i.k.n.b.AbstractBuilder  com.github.javaparser.resolution.UnsolvedSymbolException: Unsolved symbol in de.uka.ilkd.key.java.JavaParserFactory$DynamicTypeSolver@1c7f791e : java.lang.Object
	at com.github.javaparser.resolution.TypeSolver.solveType(TypeSolver.java:71)

36035      ERROR Test worker     d.u.i.k.n.b.TacletPBuilder Error in parsing taclet. de.uka.ilkd.key.util.parsing.BuildingException: Unsolved symbol in de.uka.ilkd.key.java.JavaParserFactory$DynamicTypeSolver@1c7f791e : java.lang.Object at file:/D:/a/key/key/key.core/build/resources/main/de/uka/ilkd/key/proof/rules/javaRules.key:1044:15
	at de.uka.ilkd.key.nparser.builder.AbstractBuilder.accept(AbstractBuilder.java:54)
Caused by: com.github.javaparser.resolution.UnsolvedSymbolException: Unsolved symbol in de.uka.ilkd.key.java.JavaParserFactory$DynamicTypeSolver@1c7f791e : java.lang.Object
	at com.github.javaparser.resolution.TypeSolver.solveType(TypeSolver.java:71)

36035      ERROR Test worker     d.u.i.k.n.b.AbstractBuilder  com.github.javaparser.resolution.UnsolvedSymbolException: Unsolved symbol in de.uka.ilkd.key.java.JavaParserFactory$DynamicTypeSolver@1c7f791e : java.lang.Object
	at com.github.javaparser.resolution.TypeSolver.solveType(TypeSolver.java:71)

36035      ERROR Test worker     d.u.i.k.n.b.TacletPBuilder Error in parsing taclet. de.uka.ilkd.key.util.parsing.BuildingException: Unsolved symbol in de.uka.ilkd.key.java.JavaParserFactory$DynamicTypeSolver@1c7f791e : java.lang.Object at file:/D:/a/key/key/key.core/build/resources/main/de/uka/ilkd/key/proof/rules/javaRules.key:1063:20
	at de.uka.ilkd.key.nparser.builder.AbstractBuilder.accept(AbstractBuilder.java:54)
Caused by: com.github.javaparser.resolution.UnsolvedSymbolException: Unsolved symbol in de.uka.ilkd.key.java.JavaParserFactory$DynamicTypeSolver@1c7f791e : java.lang.Object
	at com.github.javaparser.resolution.TypeSolver.solveType(TypeSolver.java:71)

36050      ERROR Test worker     d.u.i.k.n.b.AbstractBuilder  com.github.javaparser.resolution.UnsolvedSymbolException: Unsolved symbol in de.uka.ilkd.key.java.JavaParserFactory$DynamicTypeSolver@1c7f791e : java.lang.Object
	at com.github.javaparser.resolution.TypeSolver.solveType(TypeSolver.java:71)

36050      ERROR Test worker     d.u.i.k.n.b.TacletPBuilder Error in parsing taclet. de.uka.ilkd.key.util.parsing.BuildingException: Unsolved symbol in de.uka.ilkd.key.java.JavaParserFactory$DynamicTypeSolver@1c7f791e : java.lang.Object at file:/D:/a/key/key/key.core/build/resources/main/de/uka/ilkd/key/proof/rules/javaRules.key:1081:15
	at de.uka.ilkd.key.nparser.builder.AbstractBuilder.accept(AbstractBuilder.java:54)
Caused by: com.github.javaparser.resolution.UnsolvedSymbolException: Unsolved symbol in de.uka.ilkd.key.java.JavaParserFactory$DynamicTypeSolver@1c7f791e : java.lang.Object
	at com.github.javaparser.resolution.TypeSolver.solveType(TypeSolver.java:71)

36050      ERROR Test worker     d.u.i.k.n.b.AbstractBuilder  com.github.javaparser.resolution.UnsolvedSymbolException: Unsolved symbol in de.uka.ilkd.key.java.JavaParserFactory$DynamicTypeSolver@1c7f791e : java.lang.Object
	at com.github.javaparser.resolution.TypeSolver.solveType(TypeSolver.java:71)

36050      ERROR Test worker     d.u.i.k.n.b.TacletPBuilder Error in parsing taclet. de.uka.ilkd.key.util.parsing.BuildingException: Unsolved symbol in de.uka.ilkd.key.java.JavaParserFactory$DynamicTypeSolver@1c7f791e : java.lang.Object at file:/D:/a/key/key/key.core/build/resources/main/de/uka/ilkd/key/proof/rules/javaRules.key:1094:15
	at de.uka.ilkd.key.nparser.builder.AbstractBuilder.accept(AbstractBuilder.java:54)
Caused by: com.github.javaparser.resolution.UnsolvedSymbolException: Unsolved symbol in de.uka.ilkd.key.java.JavaParserFactory$DynamicTypeSolver@1c7f791e : java.lang.Object
	at com.github.javaparser.resolution.TypeSolver.solveType(TypeSolver.java:71)

36050      ERROR Test worker     d.u.i.k.n.b.AbstractBuilder  com.github.javaparser.resolution.UnsolvedSymbolException: Unsolved symbol in de.uka.ilkd.key.java.JavaParserFactory$DynamicTypeSolver@1c7f791e : java.lang.Object
	at com.github.javaparser.resolution.TypeSolver.solveType(TypeSolver.java:71)

36050      ERROR Test worker     d.u.i.k.n.b.TacletPBuilder Error in parsing taclet. de.uka.ilkd.key.util.parsing.BuildingException: Unsolved symbol in de.uka.ilkd.key.java.JavaParserFactory$DynamicTypeSolver@1c7f791e : java.lang.Object at file:/D:/a/key/key/key.core/build/resources/main/de/uka/ilkd/key/proof/rules/javaRules.key:1100:15
	at de.uka.ilkd.key.nparser.builder.AbstractBuilder.accept(AbstractBuilder.java:54)
Caused by: com.github.javaparser.resolution.UnsolvedSymbolException: Unsolved symbol in de.uka.ilkd.key.java.JavaParserFactory$DynamicTypeSolver@1c7f791e : java.lang.Object
	at com.github.javaparser.resolution.TypeSolver.solveType(TypeSolver.java:71)

36050      ERROR Test worker     d.u.i.k.n.b.AbstractBuilder  com.github.javaparser.resolution.UnsolvedSymbolException: Unsolved symbol in de.uka.ilkd.key.java.JavaParserFactory$DynamicTypeSolver@1c7f791e : java.lang.Object
	at com.github.javaparser.resolution.TypeSolver.solveType(TypeSolver.java:71)

36050      ERROR Test worker     d.u.i.k.n.b.TacletPBuilder Error in parsing taclet. de.uka.ilkd.key.util.parsing.BuildingException: Unsolved symbol in de.uka.ilkd.key.java.JavaParserFactory$DynamicTypeSolver@1c7f791e : java.lang.Object at file:/D:/a/key/key/key.core/build/resources/main/de/uka/ilkd/key/proof/rules/javaRules.key:1114:15
	at de.uka.ilkd.key.nparser.builder.AbstractBuilder.accept(AbstractBuilder.java:54)
Caused by: com.github.javaparser.resolution.UnsolvedSymbolException: Unsolved symbol in de.uka.ilkd.key.java.JavaParserFactory$DynamicTypeSolver@1c7f791e : java.lang.Object
	at com.github.javaparser.resolution.TypeSolver.solveType(TypeSolver.java:71)

36050      ERROR Test worker     d.u.i.k.n.b.AbstractBuilder  com.github.javaparser.resolution.UnsolvedSymbolException: Unsolved symbol in de.uka.ilkd.key.java.JavaParserFactory$DynamicTypeSolver@1c7f791e : java.lang.Object
	at com.github.javaparser.resolution.TypeSolver.solveType(TypeSolver.java:71)

36050      ERROR Test worker     d.u.i.k.n.b.TacletPBuilder Error in parsing taclet. de.uka.ilkd.key.util.parsing.BuildingException: Unsolved symbol in de.uka.ilkd.key.java.JavaParserFactory$DynamicTypeSolver@1c7f791e : java.lang.Object at file:/D:/a/key/key/key.core/build/resources/main/de/uka/ilkd/key/proof/rules/javaRules.key:1124:15
	at de.uka.ilkd.key.nparser.builder.AbstractBuilder.accept(AbstractBuilder.java:54)
Caused by: com.github.javaparser.resolution.UnsolvedSymbolException: Unsolved symbol in de.uka.ilkd.key.java.JavaParserFactory$DynamicTypeSolver@1c7f791e : java.lang.Object
	at com.github.javaparser.resolution.TypeSolver.solveType(TypeSolver.java:71)

36050      ERROR Test worker     d.u.i.k.n.b.AbstractBuilder  com.github.javaparser.resolution.UnsolvedSymbolException: Unsolved symbol in de.uka.ilkd.key.java.JavaParserFactory$DynamicTypeSolver@1c7f791e : java.lang.Object
	at com.github.javaparser.resolution.TypeSolver.solveType(TypeSolver.java:71)

36050      ERROR Test worker     d.u.i.k.n.b.TacletPBuilder Error in parsing taclet. de.uka.ilkd.key.util.parsing.BuildingException: Unsolved symbol in de.uka.ilkd.key.java.JavaParserFactory$DynamicTypeSolver@1c7f791e : java.lang.Object at file:/D:/a/key/key/key.core/build/resources/main/de/uka/ilkd/key/proof/rules/javaRules.key:1135:15
	at de.uka.ilkd.key.nparser.builder.AbstractBuilder.accept(AbstractBuilder.java:54)
Caused by: com.github.javaparser.resolution.UnsolvedSymbolException: Unsolved symbol in de.uka.ilkd.key.java.JavaParserFactory$DynamicTypeSolver@1c7f791e : java.lang.Object
	at com.github.javaparser.resolution.TypeSolver.solveType(TypeSolver.java:71)

36050      ERROR Test worker     d.u.i.k.n.b.AbstractBuilder  com.github.javaparser.resolution.UnsolvedSymbolException: Unsolved symbol in de.uka.ilkd.key.java.JavaParserFactory$DynamicTypeSolver@1c7f791e : java.lang.Object
	at com.github.javaparser.resolution.TypeSolver.solveType(TypeSolver.java:71)

36050      ERROR Test worker     d.u.i.k.n.b.TacletPBuilder Error in parsing taclet. de.uka.ilkd.key.util.parsing.BuildingException: Unsolved symbol in de.uka.ilkd.key.java.JavaParserFactory$DynamicTypeSolver@1c7f791e : java.lang.Object at file:/D:/a/key/key/key.core/build/resources/main/de/uka/ilkd/key/proof/rules/javaRules.key:1142:15
	at de.uka.ilkd.key.nparser.builder.AbstractBuilder.accept(AbstractBuilder.java:54)
Caused by: com.github.javaparser.resolution.UnsolvedSymbolException: Unsolved symbol in de.uka.ilkd.key.java.JavaParserFactory$DynamicTypeSolver@1c7f791e : java.lang.Object
	at com.github.javaparser.resolution.TypeSolver.solveType(TypeSolver.java:71)

36050      ERROR Test worker     d.u.i.k.n.b.AbstractBuilder  com.github.javaparser.resolution.UnsolvedSymbolException: Unsolved symbol in de.uka.ilkd.key.java.JavaParserFactory$DynamicTypeSolver@1c7f791e : java.lang.Object
	at com.github.javaparser.resolution.TypeSolver.solveType(TypeSolver.java:71)

36050      ERROR Test worker     d.u.i.k.n.b.TacletPBuilder Error in parsing taclet. de.uka.ilkd.key.util.parsing.BuildingException: Unsolved symbol in de.uka.ilkd.key.java.JavaParserFactory$DynamicTypeSolver@1c7f791e : java.lang.Object at file:/D:/a/key/key/key.core/build/resources/main/de/uka/ilkd/key/proof/rules/javaRules.key:1151:15
	at de.uka.ilkd.key.nparser.builder.AbstractBuilder.accept(AbstractBuilder.java:54)
Caused by: com.github.javaparser.resolution.UnsolvedSymbolException: Unsolved symbol in de.uka.ilkd.key.java.JavaParserFactory$DynamicTypeSolver@1c7f791e : java.lang.Object
	at com.github.javaparser.resolution.TypeSolver.solveType(TypeSolver.java:71)

36066      ERROR Test worker     d.u.i.k.n.b.AbstractBuilder  com.github.javaparser.resolution.UnsolvedSymbolException: Unsolved symbol in de.uka.ilkd.key.java.JavaParserFactory$DynamicTypeSolver@1c7f791e : java.lang.Object
	at com.github.javaparser.resolution.TypeSolver.solveType(TypeSolver.java:71)

36066      ERROR Test worker     d.u.i.k.n.b.TacletPBuilder Error in parsing taclet. de.uka.ilkd.key.util.parsing.BuildingException: Unsolved symbol in de.uka.ilkd.key.java.JavaParserFactory$DynamicTypeSolver@1c7f791e : java.lang.Object at file:/D:/a/key/key/key.core/build/resources/main/de/uka/ilkd/key/proof/rules/javaRules.key:1157:15
	at de.uka.ilkd.key.nparser.builder.AbstractBuilder.accept(AbstractBuilder.java:54)
Caused by: com.github.javaparser.resolution.UnsolvedSymbolException: Unsolved symbol in de.uka.ilkd.key.java.JavaParserFactory$DynamicTypeSolver@1c7f791e : java.lang.Object
	at com.github.javaparser.resolution.TypeSolver.solveType(TypeSolver.java:71)

36066      ERROR Test worker     d.u.i.k.n.b.AbstractBuilder  com.github.javaparser.resolution.UnsolvedSymbolException: Unsolved symbol in de.uka.ilkd.key.java.JavaParserFactory$DynamicTypeSolver@1c7f791e : java.lang.Object
	at com.github.javaparser.resolution.TypeSolver.solveType(TypeSolver.java:71)

36066      ERROR Test worker     d.u.i.k.n.b.TacletPBuilder Error in parsing taclet. de.uka.ilkd.key.util.parsing.BuildingException: Unsolved symbol in de.uka.ilkd.key.java.JavaParserFactory$DynamicTypeSolver@1c7f791e : java.lang.Object at file:/D:/a/key/key/key.core/build/resources/main/de/uka/ilkd/key/proof/rules/javaRules.key:1164:15
	at de.uka.ilkd.key.nparser.builder.AbstractBuilder.accept(AbstractBuilder.java:54)
Caused by: com.github.javaparser.resolution.UnsolvedSymbolException: Unsolved symbol in de.uka.ilkd.key.java.JavaParserFactory$DynamicTypeSolver@1c7f791e : java.lang.Object
	at com.github.javaparser.resolution.TypeSolver.solveType(TypeSolver.java:71)

36066      ERROR Test worker     d.u.i.k.n.b.AbstractBuilder  com.github.javaparser.resolution.UnsolvedSymbolException: Unsolved symbol in de.uka.ilkd.key.java.JavaParserFactory$DynamicTypeSolver@1c7f791e : java.lang.Object
	at com.github.javaparser.resolution.TypeSolver.solveType(TypeSolver.java:71)

36066      ERROR Test worker     d.u.i.k.n.b.TacletPBuilder Error in parsing taclet. de.uka.ilkd.key.util.parsing.BuildingException: Unsolved symbol in de.uka.ilkd.key.java.JavaParserFactory$DynamicTypeSolver@1c7f791e : java.lang.Object at file:/D:/a/key/key/key.core/build/resources/main/de/uka/ilkd/key/proof/rules/javaRules.key:1171:15
	at de.uka.ilkd.key.nparser.builder.AbstractBuilder.accept(AbstractBuilder.java:54)
Caused by: com.github.javaparser.resolution.UnsolvedSymbolException: Unsolved symbol in de.uka.ilkd.key.java.JavaParserFactory$DynamicTypeSolver@1c7f791e : java.lang.Object
	at com.github.javaparser.resolution.TypeSolver.solveType(TypeSolver.java:71)

36066      ERROR Test worker     d.u.i.k.n.b.AbstractBuilder  com.github.javaparser.resolution.UnsolvedSymbolException: Unsolved symbol in de.uka.ilkd.key.java.JavaParserFactory$DynamicTypeSolver@1c7f791e : java.lang.Object
	at com.github.javaparser.resolution.TypeSolver.solveType(TypeSolver.java:71)

36066      ERROR Test worker     d.u.i.k.n.b.TacletPBuilder Error in parsing taclet. de.uka.ilkd.key.util.parsing.BuildingException: Unsolved symbol in de.uka.ilkd.key.java.JavaParserFactory$DynamicTypeSolver@1c7f791e : java.lang.Object at file:/D:/a/key/key/key.core/build/resources/main/de/uka/ilkd/key/proof/rules/javaRules.key:1178:15
	at de.uka.ilkd.key.nparser.builder.AbstractBuilder.accept(AbstractBuilder.java:54)
Caused by: com.github.javaparser.resolution.UnsolvedSymbolException: Unsolved symbol in de.uka.ilkd.key.java.JavaParserFactory$DynamicTypeSolver@1c7f791e : java.lang.Object
	at com.github.javaparser.resolution.TypeSolver.solveType(TypeSolver.java:71)

36066      ERROR Test worker     d.u.i.k.n.b.AbstractBuilder  com.github.javaparser.resolution.UnsolvedSymbolException: Unsolved symbol in de.uka.ilkd.key.java.JavaParserFactory$DynamicTypeSolver@1c7f791e : java.lang.Object
	at com.github.javaparser.resolution.TypeSolver.solveType(TypeSolver.java:71)

36066      ERROR Test worker     d.u.i.k.n.b.TacletPBuilder Error in parsing taclet. de.uka.ilkd.key.util.parsing.BuildingException: Unsolved symbol in de.uka.ilkd.key.java.JavaParserFactory$DynamicTypeSolver@1c7f791e : java.lang.Object at file:/D:/a/key/key/key.core/build/resources/main/de/uka/ilkd/key/proof/rules/javaRules.key:1184:15
	at de.uka.ilkd.key.nparser.builder.AbstractBuilder.accept(AbstractBuilder.java:54)
Caused by: com.github.javaparser.resolution.UnsolvedSymbolException: Unsolved symbol in de.uka.ilkd.key.java.JavaParserFactory$DynamicTypeSolver@1c7f791e : java.lang.Object
	at com.github.javaparser.resolution.TypeSolver.solveType(TypeSolver.java:71)

36066      ERROR Test worker     d.u.i.k.n.b.AbstractBuilder  com.github.javaparser.resolution.UnsolvedSymbolException: Unsolved symbol in de.uka.ilkd.key.java.JavaParserFactory$DynamicTypeSolver@1c7f791e : java.lang.Object
	at com.github.javaparser.resolution.TypeSolver.solveType(TypeSolver.java:71)

36066      ERROR Test worker     d.u.i.k.n.b.TacletPBuilder Error in parsing taclet. de.uka.ilkd.key.util.parsing.BuildingException: Unsolved symbol in de.uka.ilkd.key.java.JavaParserFactory$DynamicTypeSolver@1c7f791e : java.lang.Object at file:/D:/a/key/key/key.core/build/resources/main/de/uka/ilkd/key/proof/rules/javaRules.key:1191:15
	at de.uka.ilkd.key.nparser.builder.AbstractBuilder.accept(AbstractBuilder.java:54)
Caused by: com.github.javaparser.resolution.UnsolvedSymbolException: Unsolved symbol in de.uka.ilkd.key.java.JavaParserFactory$DynamicTypeSolver@1c7f791e : java.lang.Object
	at com.github.javaparser.resolution.TypeSolver.solveType(TypeSolver.java:71)

36066      ERROR Test worker     d.u.i.k.n.b.AbstractBuilder  com.github.javaparser.resolution.UnsolvedSymbolException: Unsolved symbol in de.uka.ilkd.key.java.JavaParserFactory$DynamicTypeSolver@1c7f791e : java.lang.Object
	at com.github.javaparser.resolution.TypeSolver.solveType(TypeSolver.java:71)

36066      ERROR Test worker     d.u.i.k.n.b.TacletPBuilder Error in parsing taclet. de.uka.ilkd.key.util.parsing.BuildingException: Unsolved symbol in de.uka.ilkd.key.java.JavaParserFactory$DynamicTypeSolver@1c7f791e : java.lang.Object at file:/D:/a/key/key/key.core/build/resources/main/de/uka/ilkd/key/proof/rules/javaRules.key:1198:15
	at de.uka.ilkd.key.nparser.builder.AbstractBuilder.accept(AbstractBuilder.java:54)
Caused by: com.github.javaparser.resolution.UnsolvedSymbolException: Unsolved symbol in de.uka.ilkd.key.java.JavaParserFactory$DynamicTypeSolver@1c7f791e : java.lang.Object
	at com.github.javaparser.resolution.TypeSolver.solveType(TypeSolver.java:71)

36066      ERROR Test worker     d.u.i.k.n.b.AbstractBuilder  com.github.javaparser.resolution.UnsolvedSymbolException: Unsolved symbol in de.uka.ilkd.key.java.JavaParserFactory$DynamicTypeSolver@1c7f791e : java.lang.Object
	at com.github.javaparser.resolution.TypeSolver.solveType(TypeSolver.java:71)

36066      ERROR Test worker     d.u.i.k.n.b.TacletPBuilder Error in parsing taclet. de.uka.ilkd.key.util.parsing.BuildingException: Unsolved symbol in de.uka.ilkd.key.java.JavaParserFactory$DynamicTypeSolver@1c7f791e : java.lang.Object at file:/D:/a/key/key/key.core/build/resources/main/de/uka/ilkd/key/proof/rules/javaRules.key:1205:15
	at de.uka.ilkd.key.nparser.builder.AbstractBuilder.accept(AbstractBuilder.java:54)
Caused by: com.github.javaparser.resolution.UnsolvedSymbolException: Unsolved symbol in de.uka.ilkd.key.java.JavaParserFactory$DynamicTypeSolver@1c7f791e : java.lang.Object
	at com.github.javaparser.resolution.TypeSolver.solveType(TypeSolver.java:71)

36066      ERROR Test worker     d.u.i.k.n.b.AbstractBuilder  com.github.javaparser.resolution.UnsolvedSymbolException: Unsolved symbol in de.uka.ilkd.key.java.JavaParserFactory$DynamicTypeSolver@1c7f791e : java.lang.Object
	at com.github.javaparser.resolution.TypeSolver.solveType(TypeSolver.java:71)

36066      ERROR Test worker     d.u.i.k.n.b.TacletPBuilder Error in parsing taclet. de.uka.ilkd.key.util.parsing.BuildingException: Unsolved symbol in de.uka.ilkd.key.java.JavaParserFactory$DynamicTypeSolver@1c7f791e : java.lang.Object at file:/D:/a/key/key/key.core/build/resources/main/de/uka/ilkd/key/proof/rules/javaRules.key:1212:15
	at de.uka.ilkd.key.nparser.builder.AbstractBuilder.accept(AbstractBuilder.java:54)
Caused by: com.github.javaparser.resolution.UnsolvedSymbolException: Unsolved symbol in de.uka.ilkd.key.java.JavaParserFactory$DynamicTypeSolver@1c7f791e : java.lang.Object
	at com.github.javaparser.resolution.TypeSolver.solveType(TypeSolver.java:71)

36066      ERROR Test worker     d.u.i.k.n.b.AbstractBuilder  com.github.javaparser.resolution.UnsolvedSymbolException: Unsolved symbol in de.uka.ilkd.key.java.JavaParserFactory$DynamicTypeSolver@1c7f791e : java.lang.Object
	at com.github.javaparser.resolution.TypeSolver.solveType(TypeSolver.java:71)

36066      ERROR Test worker     d.u.i.k.n.b.TacletPBuilder Error in parsing taclet. de.uka.ilkd.key.util.parsing.BuildingException: Unsolved symbol in de.uka.ilkd.key.java.JavaParserFactory$DynamicTypeSolver@1c7f791e : java.lang.Object at file:/D:/a/key/key/key.core/build/resources/main/de/uka/ilkd/key/proof/rules/javaRules.key:1220:15
	at de.uka.ilkd.key.nparser.builder.AbstractBuilder.accept(AbstractBuilder.java:54)
Caused by: com.github.javaparser.resolution.UnsolvedSymbolException: Unsolved symbol in de.uka.ilkd.key.java.JavaParserFactory$DynamicTypeSolver@1c7f791e : java.lang.Object
	at com.github.javaparser.resolution.TypeSolver.solveType(TypeSolver.java:71)

36082      ERROR Test worker     d.u.i.k.n.b.AbstractBuilder  com.github.javaparser.resolution.UnsolvedSymbolException: Unsolved symbol in de.uka.ilkd.key.java.JavaParserFactory$DynamicTypeSolver@1c7f791e : java.lang.Object
	at com.github.javaparser.resolution.TypeSolver.solveType(TypeSolver.java:71)

36082      ERROR Test worker     d.u.i.k.n.b.TacletPBuilder Error in parsing taclet. de.uka.ilkd.key.util.parsing.BuildingException: Unsolved symbol in de.uka.ilkd.key.java.JavaParserFactory$DynamicTypeSolver@1c7f791e : java.lang.Object at file:/D:/a/key/key/key.core/build/resources/main/de/uka/ilkd/key/proof/rules/javaRules.key:1230:15
	at de.uka.ilkd.key.nparser.builder.AbstractBuilder.accept(AbstractBuilder.java:54)
Caused by: com.github.javaparser.resolution.UnsolvedSymbolException: Unsolved symbol in de.uka.ilkd.key.java.JavaParserFactory$DynamicTypeSolver@1c7f791e : java.lang.Object
	at com.github.javaparser.resolution.TypeSolver.solveType(TypeSolver.java:71)

36082      ERROR Test worker     d.u.i.k.n.b.AbstractBuilder  com.github.javaparser.resolution.UnsolvedSymbolException: Unsolved symbol in de.uka.ilkd.key.java.JavaParserFactory$DynamicTypeSolver@1c7f791e : java.lang.Object
	at com.github.javaparser.resolution.TypeSolver.solveType(TypeSolver.java:71)

36082      ERROR Test worker     d.u.i.k.n.b.TacletPBuilder Error in parsing taclet. de.uka.ilkd.key.util.parsing.BuildingException: Unsolved symbol in de.uka.ilkd.key.java.JavaParserFactory$DynamicTypeSolver@1c7f791e : java.lang.Object at file:/D:/a/key/key/key.core/build/resources/main/de/uka/ilkd/key/proof/rules/javaRules.key:1238:15
	at de.uka.ilkd.key.nparser.builder.AbstractBuilder.accept(AbstractBuilder.java:54)
Caused by: com.github.javaparser.resolution.UnsolvedSymbolException: Unsolved symbol in de.uka.ilkd.key.java.JavaParserFactory$DynamicTypeSolver@1c7f791e : java.lang.Object
	at com.github.javaparser.resolution.TypeSolver.solveType(TypeSolver.java:71)

36082      ERROR Test worker     d.u.i.k.n.b.AbstractBuilder  com.github.javaparser.resolution.UnsolvedSymbolException: Unsolved symbol in de.uka.ilkd.key.java.JavaParserFactory$DynamicTypeSolver@1c7f791e : java.lang.Object
	at com.github.javaparser.resolution.TypeSolver.solveType(TypeSolver.java:71)

36082      ERROR Test worker     d.u.i.k.n.b.TacletPBuilder Error in parsing taclet. de.uka.ilkd.key.util.parsing.BuildingException: Unsolved symbol in de.uka.ilkd.key.java.JavaParserFactory$DynamicTypeSolver@1c7f791e : java.lang.Object at file:/D:/a/key/key/key.core/build/resources/main/de/uka/ilkd/key/proof/rules/javaRules.key:1245:15
	at de.uka.ilkd.key.nparser.builder.AbstractBuilder.accept(AbstractBuilder.java:54)
Caused by: com.github.javaparser.resolution.UnsolvedSymbolException: Unsolved symbol in de.uka.ilkd.key.java.JavaParserFactory$DynamicTypeSolver@1c7f791e : java.lang.Object
	at com.github.javaparser.resolution.TypeSolver.solveType(TypeSolver.java:71)

36082      ERROR Test worker     d.u.i.k.n.b.AbstractBuilder  com.github.javaparser.resolution.UnsolvedSymbolException: Unsolved symbol in de.uka.ilkd.key.java.JavaParserFactory$DynamicTypeSolver@1c7f791e : java.lang.Object
	at com.github.javaparser.resolution.TypeSolver.solveType(TypeSolver.java:71)

36082      ERROR Test worker     d.u.i.k.n.b.TacletPBuilder Error in parsing taclet. de.uka.ilkd.key.util.parsing.BuildingException: Unsolved symbol in de.uka.ilkd.key.java.JavaParserFactory$DynamicTypeSolver@1c7f791e : java.lang.Object at file:/D:/a/key/key/key.core/build/resources/main/de/uka/ilkd/key/proof/rules/javaRules.key:1254:15
	at de.uka.ilkd.key.nparser.builder.AbstractBuilder.accept(AbstractBuilder.java:54)
Caused by: com.github.javaparser.resolution.UnsolvedSymbolException: Unsolved symbol in de.uka.ilkd.key.java.JavaParserFactory$DynamicTypeSolver@1c7f791e : java.lang.Object
	at com.github.javaparser.resolution.TypeSolver.solveType(TypeSolver.java:71)

36082      ERROR Test worker     d.u.i.k.n.b.AbstractBuilder  com.github.javaparser.resolution.UnsolvedSymbolException: Unsolved symbol in de.uka.ilkd.key.java.JavaParserFactory$DynamicTypeSolver@1c7f791e : java.lang.Object
	at com.github.javaparser.resolution.TypeSolver.solveType(TypeSolver.java:71)

36082      ERROR Test worker     d.u.i.k.n.b.TacletPBuilder Error in parsing taclet. de.uka.ilkd.key.util.parsing.BuildingException: Unsolved symbol in de.uka.ilkd.key.java.JavaParserFactory$DynamicTypeSolver@1c7f791e : java.lang.Object at file:/D:/a/key/key/key.core/build/resources/main/de/uka/ilkd/key/proof/rules/javaRules.key:1262:15
	at de.uka.ilkd.key.nparser.builder.AbstractBuilder.accept(AbstractBuilder.java:54)
Caused by: com.github.javaparser.resolution.UnsolvedSymbolException: Unsolved symbol in de.uka.ilkd.key.java.JavaParserFactory$DynamicTypeSolver@1c7f791e : java.lang.Object
	at com.github.javaparser.resolution.TypeSolver.solveType(TypeSolver.java:71)

36082      ERROR Test worker     d.u.i.k.n.b.AbstractBuilder  com.github.javaparser.resolution.UnsolvedSymbolException: Unsolved symbol in de.uka.ilkd.key.java.JavaParserFactory$DynamicTypeSolver@1c7f791e : java.lang.Object
	at com.github.javaparser.resolution.TypeSolver.solveType(TypeSolver.java:71)

36082      ERROR Test worker     d.u.i.k.n.b.TacletPBuilder Error in parsing taclet. de.uka.ilkd.key.util.parsing.BuildingException: Unsolved symbol in de.uka.ilkd.key.java.JavaParserFactory$DynamicTypeSolver@1c7f791e : java.lang.Object at file:/D:/a/key/key/key.core/build/resources/main/de/uka/ilkd/key/proof/rules/javaRules.key:1271:15
	at de.uka.ilkd.key.nparser.builder.AbstractBuilder.accept(AbstractBuilder.java:54)
Caused by: com.github.javaparser.resolution.UnsolvedSymbolException: Unsolved symbol in de.uka.ilkd.key.java.JavaParserFactory$DynamicTypeSolver@1c7f791e : java.lang.Object
	at com.github.javaparser.resolution.TypeSolver.solveType(TypeSolver.java:71)

36082      ERROR Test worker     d.u.i.k.n.b.AbstractBuilder  com.github.javaparser.resolution.UnsolvedSymbolException: Unsolved symbol in de.uka.ilkd.key.java.JavaParserFactory$DynamicTypeSolver@1c7f791e : java.lang.Object
	at com.github.javaparser.resolution.TypeSolver.solveType(TypeSolver.java:71)

36082      ERROR Test worker     d.u.i.k.n.b.TacletPBuilder Error in parsing taclet. de.uka.ilkd.key.util.parsing.BuildingException: Unsolved symbol in de.uka.ilkd.key.java.JavaParserFactory$DynamicTypeSolver@1c7f791e : java.lang.Object at file:/D:/a/key/key/key.core/build/resources/main/de/uka/ilkd/key/proof/rules/javaRules.key:1279:15
	at de.uka.ilkd.key.nparser.builder.AbstractBuilder.accept(AbstractBuilder.java:54)
Caused by: com.github.javaparser.resolution.UnsolvedSymbolException: Unsolved symbol in de.uka.ilkd.key.java.JavaParserFactory$DynamicTypeSolver@1c7f791e : java.lang.Object
	at com.github.javaparser.resolution.TypeSolver.solveType(TypeSolver.java:71)

36082      ERROR Test worker     d.u.i.k.n.b.AbstractBuilder  com.github.javaparser.resolution.UnsolvedSymbolException: Unsolved symbol in de.uka.ilkd.key.java.JavaParserFactory$DynamicTypeSolver@1c7f791e : java.lang.Object
	at com.github.javaparser.resolution.TypeSolver.solveType(TypeSolver.java:71)

36082      ERROR Test worker     d.u.i.k.n.b.TacletPBuilder Error in parsing taclet. de.uka.ilkd.key.util.parsing.BuildingException: Unsolved symbol in de.uka.ilkd.key.java.JavaParserFactory$DynamicTypeSolver@1c7f791e : java.lang.Object at file:/D:/a/key/key/key.core/build/resources/main/de/uka/ilkd/key/proof/rules/javaRules.key:1287:20
	at de.uka.ilkd.key.nparser.builder.AbstractBuilder.accept(AbstractBuilder.java:54)
Caused by: com.github.javaparser.resolution.UnsolvedSymbolException: Unsolved symbol in de.uka.ilkd.key.java.JavaParserFactory$DynamicTypeSolver@1c7f791e : java.lang.Object
	at com.github.javaparser.resolution.TypeSolver.solveType(TypeSolver.java:71)

36082      ERROR Test worker     d.u.i.k.n.b.AbstractBuilder  com.github.javaparser.resolution.UnsolvedSymbolException: Unsolved symbol in de.uka.ilkd.key.java.JavaParserFactory$DynamicTypeSolver@1c7f791e : java.lang.Object
	at com.github.javaparser.resolution.TypeSolver.solveType(TypeSolver.java:71)

36082      ERROR Test worker     d.u.i.k.n.b.TacletPBuilder Error in parsing taclet. de.uka.ilkd.key.util.parsing.BuildingException: Unsolved symbol in de.uka.ilkd.key.java.JavaParserFactory$DynamicTypeSolver@1c7f791e : java.lang.Object at file:/D:/a/key/key/key.core/build/resources/main/de/uka/ilkd/key/proof/rules/javaRules.key:1297:20
	at de.uka.ilkd.key.nparser.builder.AbstractBuilder.accept(AbstractBuilder.java:54)
Caused by: com.github.javaparser.resolution.UnsolvedSymbolException: Unsolved symbol in de.uka.ilkd.key.java.JavaParserFactory$DynamicTypeSolver@1c7f791e : java.lang.Object
	at com.github.javaparser.resolution.TypeSolver.solveType(TypeSolver.java:71)

36097      ERROR Test worker     d.u.i.k.n.b.AbstractBuilder  com.github.javaparser.resolution.UnsolvedSymbolException: Unsolved symbol in de.uka.ilkd.key.java.JavaParserFactory$DynamicTypeSolver@1c7f791e : java.lang.Object
	at com.github.javaparser.resolution.TypeSolver.solveType(TypeSolver.java:71)

36097      ERROR Test worker     d.u.i.k.n.b.TacletPBuilder Error in parsing taclet. de.uka.ilkd.key.util.parsing.BuildingException: Unsolved symbol in de.uka.ilkd.key.java.JavaParserFactory$DynamicTypeSolver@1c7f791e : java.lang.Object at file:/D:/a/key/key/key.core/build/resources/main/de/uka/ilkd/key/proof/rules/javaRules.key:1307:15
	at de.uka.ilkd.key.nparser.builder.AbstractBuilder.accept(AbstractBuilder.java:54)
Caused by: com.github.javaparser.resolution.UnsolvedSymbolException: Unsolved symbol in de.uka.ilkd.key.java.JavaParserFactory$DynamicTypeSolver@1c7f791e : java.lang.Object
	at com.github.javaparser.resolution.TypeSolver.solveType(TypeSolver.java:71)

36099      ERROR Test worker     d.u.i.k.n.b.AbstractBuilder  com.github.javaparser.resolution.UnsolvedSymbolException: Unsolved symbol in de.uka.ilkd.key.java.JavaParserFactory$DynamicTypeSolver@1c7f791e : java.lang.Object
	at com.github.javaparser.resolution.TypeSolver.solveType(TypeSolver.java:71)

36099      ERROR Test worker     d.u.i.k.n.b.TacletPBuilder Error in parsing taclet. de.uka.ilkd.key.util.parsing.BuildingException: Unsolved symbol in de.uka.ilkd.key.java.JavaParserFactory$DynamicTypeSolver@1c7f791e : java.lang.Object at file:/D:/a/key/key/key.core/build/resources/main/de/uka/ilkd/key/proof/rules/javaRules.key:1313:15
	at de.uka.ilkd.key.nparser.builder.AbstractBuilder.accept(AbstractBuilder.java:54)
Caused by: com.github.javaparser.resolution.UnsolvedSymbolException: Unsolved symbol in de.uka.ilkd.key.java.JavaParserFactory$DynamicTypeSolver@1c7f791e : java.lang.Object
	at com.github.javaparser.resolution.TypeSolver.solveType(TypeSolver.java:71)

36099      ERROR Test worker     d.u.i.k.n.b.AbstractBuilder  com.github.javaparser.resolution.UnsolvedSymbolException: Unsolved symbol in de.uka.ilkd.key.java.JavaParserFactory$DynamicTypeSolver@1c7f791e : java.lang.Object
	at com.github.javaparser.resolution.TypeSolver.solveType(TypeSolver.java:71)

36099      ERROR Test worker     d.u.i.k.n.b.TacletPBuilder Error in parsing taclet. de.uka.ilkd.key.util.parsing.BuildingException: Unsolved symbol in de.uka.ilkd.key.java.JavaParserFactory$DynamicTypeSolver@1c7f791e : java.lang.Object at file:/D:/a/key/key/key.core/build/resources/main/de/uka/ilkd/key/proof/rules/javaRules.key:1320:20
	at de.uka.ilkd.key.nparser.builder.AbstractBuilder.accept(AbstractBuilder.java:54)
Caused by: com.github.javaparser.resolution.UnsolvedSymbolException: Unsolved symbol in de.uka.ilkd.key.java.JavaParserFactory$DynamicTypeSolver@1c7f791e : java.lang.Object
	at com.github.javaparser.resolution.TypeSolver.solveType(TypeSolver.java:71)

36099      ERROR Test worker     d.u.i.k.n.b.AbstractBuilder  com.github.javaparser.resolution.UnsolvedSymbolException: Unsolved symbol in de.uka.ilkd.key.java.JavaParserFactory$DynamicTypeSolver@1c7f791e : java.lang.Object
	at com.github.javaparser.resolution.TypeSolver.solveType(TypeSolver.java:71)

36099      ERROR Test worker     d.u.i.k.n.b.TacletPBuilder Error in parsing taclet. de.uka.ilkd.key.util.parsing.BuildingException: Unsolved symbol in de.uka.ilkd.key.java.JavaParserFactory$DynamicTypeSolver@1c7f791e : java.lang.Object at file:/D:/a/key/key/key.core/build/resources/main/de/uka/ilkd/key/proof/rules/javaRules.key:1327:20
	at de.uka.ilkd.key.nparser.builder.AbstractBuilder.accept(AbstractBuilder.java:54)
Caused by: com.github.javaparser.resolution.UnsolvedSymbolException: Unsolved symbol in de.uka.ilkd.key.java.JavaParserFactory$DynamicTypeSolver@1c7f791e : java.lang.Object
	at com.github.javaparser.resolution.TypeSolver.solveType(TypeSolver.java:71)

36099      ERROR Test worker     d.u.i.k.n.b.AbstractBuilder  com.github.javaparser.resolution.UnsolvedSymbolException: Unsolved symbol in de.uka.ilkd.key.java.JavaParserFactory$DynamicTypeSolver@1c7f791e : java.lang.Object
	at com.github.javaparser.resolution.TypeSolver.solveType(TypeSolver.java:71)

36099      ERROR Test worker     d.u.i.k.n.b.TacletPBuilder Error in parsing taclet. de.uka.ilkd.key.util.parsing.BuildingException: Unsolved symbol in de.uka.ilkd.key.java.JavaParserFactory$DynamicTypeSolver@1c7f791e : java.lang.Object at file:/D:/a/key/key/key.core/build/resources/main/de/uka/ilkd/key/proof/rules/javaRules.key:1334:20
	at de.uka.ilkd.key.nparser.builder.AbstractBuilder.accept(AbstractBuilder.java:54)
Caused by: com.github.javaparser.resolution.UnsolvedSymbolException: Unsolved symbol in de.uka.ilkd.key.java.JavaParserFactory$DynamicTypeSolver@1c7f791e : java.lang.Object
	at com.github.javaparser.resolution.TypeSolver.solveType(TypeSolver.java:71)

36099      ERROR Test worker     d.u.i.k.n.b.AbstractBuilder  com.github.javaparser.resolution.UnsolvedSymbolException: Unsolved symbol in de.uka.ilkd.key.java.JavaParserFactory$DynamicTypeSolver@1c7f791e : java.lang.Object
	at com.github.javaparser.resolution.TypeSolver.solveType(TypeSolver.java:71)

36099      ERROR Test worker     d.u.i.k.n.b.TacletPBuilder Error in parsing taclet. de.uka.ilkd.key.util.parsing.BuildingException: Unsolved symbol in de.uka.ilkd.key.java.JavaParserFactory$DynamicTypeSolver@1c7f791e : java.lang.Object at file:/D:/a/key/key/key.core/build/resources/main/de/uka/ilkd/key/proof/rules/javaRules.key:1341:20
	at de.uka.ilkd.key.nparser.builder.AbstractBuilder.accept(AbstractBuilder.java:54)
Caused by: com.github.javaparser.resolution.UnsolvedSymbolException: Unsolved symbol in de.uka.ilkd.key.java.JavaParserFactory$DynamicTypeSolver@1c7f791e : java.lang.Object
	at com.github.javaparser.resolution.TypeSolver.solveType(TypeSolver.java:71)

36099      ERROR Test worker     d.u.i.k.n.b.AbstractBuilder  com.github.javaparser.resolution.UnsolvedSymbolException: Unsolved symbol in de.uka.ilkd.key.java.JavaParserFactory$DynamicTypeSolver@1c7f791e : java.lang.Object
	at com.github.javaparser.resolution.TypeSolver.solveType(TypeSolver.java:71)

36099      ERROR Test worker     d.u.i.k.n.b.TacletPBuilder Error in parsing taclet. de.uka.ilkd.key.util.parsing.BuildingException: Unsolved symbol in de.uka.ilkd.key.java.JavaParserFactory$DynamicTypeSolver@1c7f791e : java.lang.Object at file:/D:/a/key/key/key.core/build/resources/main/de/uka/ilkd/key/proof/rules/javaRules.key:1347:15
	at de.uka.ilkd.key.nparser.builder.AbstractBuilder.accept(AbstractBuilder.java:54)
Caused by: com.github.javaparser.resolution.UnsolvedSymbolException: Unsolved symbol in de.uka.ilkd.key.java.JavaParserFactory$DynamicTypeSolver@1c7f791e : java.lang.Object
	at com.github.javaparser.resolution.TypeSolver.solveType(TypeSolver.java:71)

36099      ERROR Test worker     d.u.i.k.n.b.AbstractBuilder  com.github.javaparser.resolution.UnsolvedSymbolException: Unsolved symbol in de.uka.ilkd.key.java.JavaParserFactory$DynamicTypeSolver@1c7f791e : java.lang.Object
	at com.github.javaparser.resolution.TypeSolver.solveType(TypeSolver.java:71)

36099      ERROR Test worker     d.u.i.k.n.b.TacletPBuilder Error in parsing taclet. de.uka.ilkd.key.util.parsing.BuildingException: Unsolved symbol in de.uka.ilkd.key.java.JavaParserFactory$DynamicTypeSolver@1c7f791e : java.lang.Object at file:/D:/a/key/key/key.core/build/resources/main/de/uka/ilkd/key/proof/rules/javaRules.key:1353:15
	at de.uka.ilkd.key.nparser.builder.AbstractBuilder.accept(AbstractBuilder.java:54)
Caused by: com.github.javaparser.resolution.UnsolvedSymbolException: Unsolved symbol in de.uka.ilkd.key.java.JavaParserFactory$DynamicTypeSolver@1c7f791e : java.lang.Object
	at com.github.javaparser.resolution.TypeSolver.solveType(TypeSolver.java:71)

36099      ERROR Test worker     d.u.i.k.n.b.AbstractBuilder  com.github.javaparser.resolution.UnsolvedSymbolException: Unsolved symbol in de.uka.ilkd.key.java.JavaParserFactory$DynamicTypeSolver@1c7f791e : java.lang.Object
	at com.github.javaparser.resolution.TypeSolver.solveType(TypeSolver.java:71)

36099      ERROR Test worker     d.u.i.k.n.b.TacletPBuilder Error in parsing taclet. de.uka.ilkd.key.util.parsing.BuildingException: Unsolved symbol in de.uka.ilkd.key.java.JavaParserFactory$DynamicTypeSolver@1c7f791e : java.lang.Object at file:/D:/a/key/key/key.core/build/resources/main/de/uka/ilkd/key/proof/rules/javaRules.key:1359:15
	at de.uka.ilkd.key.nparser.builder.AbstractBuilder.accept(AbstractBuilder.java:54)
Caused by: com.github.javaparser.resolution.UnsolvedSymbolException: Unsolved symbol in de.uka.ilkd.key.java.JavaParserFactory$DynamicTypeSolver@1c7f791e : java.lang.Object
	at com.github.javaparser.resolution.TypeSolver.solveType(TypeSolver.java:71)

36113      ERROR Test worker     d.u.i.k.n.b.AbstractBuilder  com.github.javaparser.resolution.UnsolvedSymbolException: Unsolved symbol in de.uka.ilkd.key.java.JavaParserFactory$DynamicTypeSolver@1c7f791e : java.lang.Object
	at com.github.javaparser.resolution.TypeSolver.solveType(TypeSolver.java:71)

36113      ERROR Test worker     d.u.i.k.n.b.TacletPBuilder Error in parsing taclet. de.uka.ilkd.key.util.parsing.BuildingException: Unsolved symbol in de.uka.ilkd.key.java.JavaParserFactory$DynamicTypeSolver@1c7f791e : java.lang.Object at file:/D:/a/key/key/key.core/build/resources/main/de/uka/ilkd/key/proof/rules/javaRules.key:1365:15
	at de.uka.ilkd.key.nparser.builder.AbstractBuilder.accept(AbstractBuilder.java:54)
Caused by: com.github.javaparser.resolution.UnsolvedSymbolException: Unsolved symbol in de.uka.ilkd.key.java.JavaParserFactory$DynamicTypeSolver@1c7f791e : java.lang.Object
	at com.github.javaparser.resolution.TypeSolver.solveType(TypeSolver.java:71)

36113      ERROR Test worker     d.u.i.k.n.b.AbstractBuilder  com.github.javaparser.resolution.UnsolvedSymbolException: Unsolved symbol in de.uka.ilkd.key.java.JavaParserFactory$DynamicTypeSolver@1c7f791e : java.lang.Object
	at com.github.javaparser.resolution.TypeSolver.solveType(TypeSolver.java:71)

36113      ERROR Test worker     d.u.i.k.n.b.TacletPBuilder Error in parsing taclet. de.uka.ilkd.key.util.parsing.BuildingException: Unsolved symbol in de.uka.ilkd.key.java.JavaParserFactory$DynamicTypeSolver@1c7f791e : java.lang.Object at file:/D:/a/key/key/key.core/build/resources/main/de/uka/ilkd/key/proof/rules/javaRules.key:1371:15
	at de.uka.ilkd.key.nparser.builder.AbstractBuilder.accept(AbstractBuilder.java:54)
Caused by: com.github.javaparser.resolution.UnsolvedSymbolException: Unsolved symbol in de.uka.ilkd.key.java.JavaParserFactory$DynamicTypeSolver@1c7f791e : java.lang.Object
	at com.github.javaparser.resolution.TypeSolver.solveType(TypeSolver.java:71)

36113      ERROR Test worker     d.u.i.k.n.b.AbstractBuilder  com.github.javaparser.resolution.UnsolvedSymbolException: Unsolved symbol in de.uka.ilkd.key.java.JavaParserFactory$DynamicTypeSolver@1c7f791e : java.lang.Object
	at com.github.javaparser.resolution.TypeSolver.solveType(TypeSolver.java:71)

36113      ERROR Test worker     d.u.i.k.n.b.TacletPBuilder Error in parsing taclet. de.uka.ilkd.key.util.parsing.BuildingException: Unsolved symbol in de.uka.ilkd.key.java.JavaParserFactory$DynamicTypeSolver@1c7f791e : java.lang.Object at file:/D:/a/key/key/key.core/build/resources/main/de/uka/ilkd/key/proof/rules/javaRules.key:1378:15
	at de.uka.ilkd.key.nparser.builder.AbstractBuilder.accept(AbstractBuilder.java:54)
Caused by: com.github.javaparser.resolution.UnsolvedSymbolException: Unsolved symbol in de.uka.ilkd.key.java.JavaParserFactory$DynamicTypeSolver@1c7f791e : java.lang.Object
	at com.github.javaparser.resolution.TypeSolver.solveType(TypeSolver.java:71)

36113      ERROR Test worker     d.u.i.k.n.b.AbstractBuilder  com.github.javaparser.resolution.UnsolvedSymbolException: Unsolved symbol in de.uka.ilkd.key.java.JavaParserFactory$DynamicTypeSolver@1c7f791e : java.lang.Object
	at com.github.javaparser.resolution.TypeSolver.solveType(TypeSolver.java:71)

36113      ERROR Test worker     d.u.i.k.n.b.TacletPBuilder Error in parsing taclet. de.uka.ilkd.key.util.parsing.BuildingException: Unsolved symbol in de.uka.ilkd.key.java.JavaParserFactory$DynamicTypeSolver@1c7f791e : java.lang.Object at file:/D:/a/key/key/key.core/build/resources/main/de/uka/ilkd/key/proof/rules/javaRules.key:1385:15
	at de.uka.ilkd.key.nparser.builder.AbstractBuilder.accept(AbstractBuilder.java:54)
Caused by: com.github.javaparser.resolution.UnsolvedSymbolException: Unsolved symbol in de.uka.ilkd.key.java.JavaParserFactory$DynamicTypeSolver@1c7f791e : java.lang.Object
	at com.github.javaparser.resolution.TypeSolver.solveType(TypeSolver.java:71)

36113      ERROR Test worker     d.u.i.k.n.b.AbstractBuilder  com.github.javaparser.resolution.UnsolvedSymbolException: Unsolved symbol in de.uka.ilkd.key.java.JavaParserFactory$DynamicTypeSolver@1c7f791e : java.lang.Object
	at com.github.javaparser.resolution.TypeSolver.solveType(TypeSolver.java:71)

36113      ERROR Test worker     d.u.i.k.n.b.TacletPBuilder Error in parsing taclet. de.uka.ilkd.key.util.parsing.BuildingException: Unsolved symbol in de.uka.ilkd.key.java.JavaParserFactory$DynamicTypeSolver@1c7f791e : java.lang.Object at file:/D:/a/key/key/key.core/build/resources/main/de/uka/ilkd/key/proof/rules/javaRules.key:1392:15
	at de.uka.ilkd.key.nparser.builder.AbstractBuilder.accept(AbstractBuilder.java:54)
Caused by: com.github.javaparser.resolution.UnsolvedSymbolException: Unsolved symbol in de.uka.ilkd.key.java.JavaParserFactory$DynamicTypeSolver@1c7f791e : java.lang.Object
	at com.github.javaparser.resolution.TypeSolver.solveType(TypeSolver.java:71)

36113      ERROR Test worker     d.u.i.k.n.b.AbstractBuilder  com.github.javaparser.resolution.UnsolvedSymbolException: Unsolved symbol in de.uka.ilkd.key.java.JavaParserFactory$DynamicTypeSolver@1c7f791e : java.lang.Object
	at com.github.javaparser.resolution.TypeSolver.solveType(TypeSolver.java:71)

36113      ERROR Test worker     d.u.i.k.n.b.TacletPBuilder Error in parsing taclet. de.uka.ilkd.key.util.parsing.BuildingException: Unsolved symbol in de.uka.ilkd.key.java.JavaParserFactory$DynamicTypeSolver@1c7f791e : java.lang.Object at file:/D:/a/key/key/key.core/build/resources/main/de/uka/ilkd/key/proof/rules/javaRules.key:1402:15
	at de.uka.ilkd.key.nparser.builder.AbstractBuilder.accept(AbstractBuilder.java:54)
Caused by: com.github.javaparser.resolution.UnsolvedSymbolException: Unsolved symbol in de.uka.ilkd.key.java.JavaParserFactory$DynamicTypeSolver@1c7f791e : java.lang.Object
	at com.github.javaparser.resolution.TypeSolver.solveType(TypeSolver.java:71)

36113      ERROR Test worker     d.u.i.k.n.b.AbstractBuilder  com.github.javaparser.resolution.UnsolvedSymbolException: Unsolved symbol in de.uka.ilkd.key.java.JavaParserFactory$DynamicTypeSolver@1c7f791e : java.lang.Object
	at com.github.javaparser.resolution.TypeSolver.solveType(TypeSolver.java:71)

36113      ERROR Test worker     d.u.i.k.n.b.TacletPBuilder Error in parsing taclet. de.uka.ilkd.key.util.parsing.BuildingException: Unsolved symbol in de.uka.ilkd.key.java.JavaParserFactory$DynamicTypeSolver@1c7f791e : java.lang.Object at file:/D:/a/key/key/key.core/build/resources/main/de/uka/ilkd/key/proof/rules/javaRules.key:1411:15
	at de.uka.ilkd.key.nparser.builder.AbstractBuilder.accept(AbstractBuilder.java:54)
Caused by: com.github.javaparser.resolution.UnsolvedSymbolException: Unsolved symbol in de.uka.ilkd.key.java.JavaParserFactory$DynamicTypeSolver@1c7f791e : java.lang.Object
	at com.github.javaparser.resolution.TypeSolver.solveType(TypeSolver.java:71)

36113      ERROR Test worker     d.u.i.k.n.b.AbstractBuilder  com.github.javaparser.resolution.UnsolvedSymbolException: Unsolved symbol in de.uka.ilkd.key.java.JavaParserFactory$DynamicTypeSolver@1c7f791e : java.lang.Object
	at com.github.javaparser.resolution.TypeSolver.solveType(TypeSolver.java:71)

36113      ERROR Test worker     d.u.i.k.n.b.TacletPBuilder Error in parsing taclet. de.uka.ilkd.key.util.parsing.BuildingException: Unsolved symbol in de.uka.ilkd.key.java.JavaParserFactory$DynamicTypeSolver@1c7f791e : java.lang.Object at file:/D:/a/key/key/key.core/build/resources/main/de/uka/ilkd/key/proof/rules/javaRules.key:1417:15
	at de.uka.ilkd.key.nparser.builder.AbstractBuilder.accept(AbstractBuilder.java:54)
Caused by: com.github.javaparser.resolution.UnsolvedSymbolException: Unsolved symbol in de.uka.ilkd.key.java.JavaParserFactory$DynamicTypeSolver@1c7f791e : java.lang.Object
	at com.github.javaparser.resolution.TypeSolver.solveType(TypeSolver.java:71)

36113      ERROR Test worker     d.u.i.k.n.b.AbstractBuilder  com.github.javaparser.resolution.UnsolvedSymbolException: Unsolved symbol in de.uka.ilkd.key.java.JavaParserFactory$DynamicTypeSolver@1c7f791e : java.lang.Object
	at com.github.javaparser.resolution.TypeSolver.solveType(TypeSolver.java:71)

36113      ERROR Test worker     d.u.i.k.n.b.TacletPBuilder Error in parsing taclet. de.uka.ilkd.key.util.parsing.BuildingException: Unsolved symbol in de.uka.ilkd.key.java.JavaParserFactory$DynamicTypeSolver@1c7f791e : java.lang.Object at file:/D:/a/key/key/key.core/build/resources/main/de/uka/ilkd/key/proof/rules/javaRules.key:1424:15
	at de.uka.ilkd.key.nparser.builder.AbstractBuilder.accept(AbstractBuilder.java:54)
Caused by: com.github.javaparser.resolution.UnsolvedSymbolException: Unsolved symbol in de.uka.ilkd.key.java.JavaParserFactory$DynamicTypeSolver@1c7f791e : java.lang.Object
	at com.github.javaparser.resolution.TypeSolver.solveType(TypeSolver.java:71)

36129      ERROR Test worker     d.u.i.k.n.b.AbstractBuilder  com.github.javaparser.resolution.UnsolvedSymbolException: Unsolved symbol in de.uka.ilkd.key.java.JavaParserFactory$DynamicTypeSolver@1c7f791e : java.lang.Object
	at com.github.javaparser.resolution.TypeSolver.solveType(TypeSolver.java:71)

36129      ERROR Test worker     d.u.i.k.n.b.TacletPBuilder Error in parsing taclet. de.uka.ilkd.key.util.parsing.BuildingException: Unsolved symbol in de.uka.ilkd.key.java.JavaParserFactory$DynamicTypeSolver@1c7f791e : java.lang.Object at file:/D:/a/key/key/key.core/build/resources/main/de/uka/ilkd/key/proof/rules/javaRules.key:1430:15
	at de.uka.ilkd.key.nparser.builder.AbstractBuilder.accept(AbstractBuilder.java:54)
Caused by: com.github.javaparser.resolution.UnsolvedSymbolException: Unsolved symbol in de.uka.ilkd.key.java.JavaParserFactory$DynamicTypeSolver@1c7f791e : java.lang.Object
	at com.github.javaparser.resolution.TypeSolver.solveType(TypeSolver.java:71)

36129      ERROR Test worker     d.u.i.k.n.b.AbstractBuilder  com.github.javaparser.resolution.UnsolvedSymbolException: Unsolved symbol in de.uka.ilkd.key.java.JavaParserFactory$DynamicTypeSolver@1c7f791e : java.lang.Object
	at com.github.javaparser.resolution.TypeSolver.solveType(TypeSolver.java:71)

36129      ERROR Test worker     d.u.i.k.n.b.TacletPBuilder Error in parsing taclet. de.uka.ilkd.key.util.parsing.BuildingException: Unsolved symbol in de.uka.ilkd.key.java.JavaParserFactory$DynamicTypeSolver@1c7f791e : java.lang.Object at file:/D:/a/key/key/key.core/build/resources/main/de/uka/ilkd/key/proof/rules/javaRules.key:1437:15
	at de.uka.ilkd.key.nparser.builder.AbstractBuilder.accept(AbstractBuilder.java:54)
Caused by: com.github.javaparser.resolution.UnsolvedSymbolException: Unsolved symbol in de.uka.ilkd.key.java.JavaParserFactory$DynamicTypeSolver@1c7f791e : java.lang.Object
	at com.github.javaparser.resolution.TypeSolver.solveType(TypeSolver.java:71)

36129      ERROR Test worker     d.u.i.k.n.b.AbstractBuilder  com.github.javaparser.resolution.UnsolvedSymbolException: Unsolved symbol in de.uka.ilkd.key.java.JavaParserFactory$DynamicTypeSolver@1c7f791e : java.lang.Object
	at com.github.javaparser.resolution.TypeSolver.solveType(TypeSolver.java:71)

36129      ERROR Test worker     d.u.i.k.n.b.TacletPBuilder Error in parsing taclet. de.uka.ilkd.key.util.parsing.BuildingException: Unsolved symbol in de.uka.ilkd.key.java.JavaParserFactory$DynamicTypeSolver@1c7f791e : java.lang.Object at file:/D:/a/key/key/key.core/build/resources/main/de/uka/ilkd/key/proof/rules/javaRules.key:1443:15
	at de.uka.ilkd.key.nparser.builder.AbstractBuilder.accept(AbstractBuilder.java:54)
Caused by: com.github.javaparser.resolution.UnsolvedSymbolException: Unsolved symbol in de.uka.ilkd.key.java.JavaParserFactory$DynamicTypeSolver@1c7f791e : java.lang.Object
	at com.github.javaparser.resolution.TypeSolver.solveType(TypeSolver.java:71)

36129      ERROR Test worker     d.u.i.k.n.b.AbstractBuilder  com.github.javaparser.resolution.UnsolvedSymbolException: Unsolved symbol in de.uka.ilkd.key.java.JavaParserFactory$DynamicTypeSolver@1c7f791e : java.lang.Object
	at com.github.javaparser.resolution.TypeSolver.solveType(TypeSolver.java:71)

36129      ERROR Test worker     d.u.i.k.n.b.TacletPBuilder Error in parsing taclet. de.uka.ilkd.key.util.parsing.BuildingException: Unsolved symbol in de.uka.ilkd.key.java.JavaParserFactory$DynamicTypeSolver@1c7f791e : java.lang.Object at file:/D:/a/key/key/key.core/build/resources/main/de/uka/ilkd/key/proof/rules/javaRules.key:1450:15
	at de.uka.ilkd.key.nparser.builder.AbstractBuilder.accept(AbstractBuilder.java:54)
Caused by: com.github.javaparser.resolution.UnsolvedSymbolException: Unsolved symbol in de.uka.ilkd.key.java.JavaParserFactory$DynamicTypeSolver@1c7f791e : java.lang.Object
	at com.github.javaparser.resolution.TypeSolver.solveType(TypeSolver.java:71)

36129      ERROR Test worker     d.u.i.k.n.b.AbstractBuilder  com.github.javaparser.resolution.UnsolvedSymbolException: Unsolved symbol in de.uka.ilkd.key.java.JavaParserFactory$DynamicTypeSolver@1c7f791e : java.lang.Object
	at com.github.javaparser.resolution.TypeSolver.solveType(TypeSolver.java:71)

36129      ERROR Test worker     d.u.i.k.n.b.TacletPBuilder Error in parsing taclet. de.uka.ilkd.key.util.parsing.BuildingException: Unsolved symbol in de.uka.ilkd.key.java.JavaParserFactory$DynamicTypeSolver@1c7f791e : java.lang.Object at file:/D:/a/key/key/key.core/build/resources/main/de/uka/ilkd/key/proof/rules/javaRules.key:1456:15
	at de.uka.ilkd.key.nparser.builder.AbstractBuilder.accept(AbstractBuilder.java:54)
Caused by: com.github.javaparser.resolution.UnsolvedSymbolException: Unsolved symbol in de.uka.ilkd.key.java.JavaParserFactory$DynamicTypeSolver@1c7f791e : java.lang.Object
	at com.github.javaparser.resolution.TypeSolver.solveType(TypeSolver.java:71)

36129      ERROR Test worker     d.u.i.k.n.b.AbstractBuilder  com.github.javaparser.resolution.UnsolvedSymbolException: Unsolved symbol in de.uka.ilkd.key.java.JavaParserFactory$DynamicTypeSolver@1c7f791e : java.lang.Object
	at com.github.javaparser.resolution.TypeSolver.solveType(TypeSolver.java:71)

36129      ERROR Test worker     d.u.i.k.n.b.TacletPBuilder Error in parsing taclet. de.uka.ilkd.key.util.parsing.BuildingException: Unsolved symbol in de.uka.ilkd.key.java.JavaParserFactory$DynamicTypeSolver@1c7f791e : java.lang.Object at file:/D:/a/key/key/key.core/build/resources/main/de/uka/ilkd/key/proof/rules/javaRules.key:1467:20
	at de.uka.ilkd.key.nparser.builder.AbstractBuilder.accept(AbstractBuilder.java:54)
Caused by: com.github.javaparser.resolution.UnsolvedSymbolException: Unsolved symbol in de.uka.ilkd.key.java.JavaParserFactory$DynamicTypeSolver@1c7f791e : java.lang.Object
	at com.github.javaparser.resolution.TypeSolver.solveType(TypeSolver.java:71)

36129      ERROR Test worker     d.u.i.k.n.b.AbstractBuilder  com.github.javaparser.resolution.UnsolvedSymbolException: Unsolved symbol in de.uka.ilkd.key.java.JavaParserFactory$DynamicTypeSolver@1c7f791e : java.lang.Object
	at com.github.javaparser.resolution.TypeSolver.solveType(TypeSolver.java:71)

36129      ERROR Test worker     d.u.i.k.n.b.TacletPBuilder Error in parsing taclet. de.uka.ilkd.key.util.parsing.BuildingException: Unsolved symbol in de.uka.ilkd.key.java.JavaParserFactory$DynamicTypeSolver@1c7f791e : java.lang.Object at file:/D:/a/key/key/key.core/build/resources/main/de/uka/ilkd/key/proof/rules/javaRules.key:1481:20
	at de.uka.ilkd.key.nparser.builder.AbstractBuilder.accept(AbstractBuilder.java:54)
Caused by: com.github.javaparser.resolution.UnsolvedSymbolException: Unsolved symbol in de.uka.ilkd.key.java.JavaParserFactory$DynamicTypeSolver@1c7f791e : java.lang.Object
	at com.github.javaparser.resolution.TypeSolver.solveType(TypeSolver.java:71)

36129      ERROR Test worker     d.u.i.k.n.b.AbstractBuilder  com.github.javaparser.resolution.UnsolvedSymbolException: Unsolved symbol in de.uka.ilkd.key.java.JavaParserFactory$DynamicTypeSolver@1c7f791e : java.lang.Object
	at com.github.javaparser.resolution.TypeSolver.solveType(TypeSolver.java:71)

36129      ERROR Test worker     d.u.i.k.n.b.TacletPBuilder Error in parsing taclet. de.uka.ilkd.key.util.parsing.BuildingException: Unsolved symbol in de.uka.ilkd.key.java.JavaParserFactory$DynamicTypeSolver@1c7f791e : java.lang.Object at file:/D:/a/key/key/key.core/build/resources/main/de/uka/ilkd/key/proof/rules/javaRules.key:1493:20
	at de.uka.ilkd.key.nparser.builder.AbstractBuilder.accept(AbstractBuilder.java:54)
Caused by: com.github.javaparser.resolution.UnsolvedSymbolException: Unsolved symbol in de.uka.ilkd.key.java.JavaParserFactory$DynamicTypeSolver@1c7f791e : java.lang.Object
	at com.github.javaparser.resolution.TypeSolver.solveType(TypeSolver.java:71)

36144      ERROR Test worker     d.u.i.k.n.b.AbstractBuilder  com.github.javaparser.resolution.UnsolvedSymbolException: Unsolved symbol in de.uka.ilkd.key.java.JavaParserFactory$DynamicTypeSolver@1c7f791e : java.lang.Object
	at com.github.javaparser.resolution.TypeSolver.solveType(TypeSolver.java:71)

36144      ERROR Test worker     d.u.i.k.n.b.TacletPBuilder Error in parsing taclet. de.uka.ilkd.key.util.parsing.BuildingException: Unsolved symbol in de.uka.ilkd.key.java.JavaParserFactory$DynamicTypeSolver@1c7f791e : java.lang.Object at file:/D:/a/key/key/key.core/build/resources/main/de/uka/ilkd/key/proof/rules/javaRules.key:1505:15
	at de.uka.ilkd.key.nparser.builder.AbstractBuilder.accept(AbstractBuilder.java:54)
Caused by: com.github.javaparser.resolution.UnsolvedSymbolException: Unsolved symbol in de.uka.ilkd.key.java.JavaParserFactory$DynamicTypeSolver@1c7f791e : java.lang.Object
	at com.github.javaparser.resolution.TypeSolver.solveType(TypeSolver.java:71)

36144      ERROR Test worker     d.u.i.k.n.b.AbstractBuilder  com.github.javaparser.resolution.UnsolvedSymbolException: Unsolved symbol in de.uka.ilkd.key.java.JavaParserFactory$DynamicTypeSolver@1c7f791e : java.lang.Object
	at com.github.javaparser.resolution.TypeSolver.solveType(TypeSolver.java:71)

36144      ERROR Test worker     d.u.i.k.n.b.TacletPBuilder Error in parsing taclet. de.uka.ilkd.key.util.parsing.BuildingException: Unsolved symbol in de.uka.ilkd.key.java.JavaParserFactory$DynamicTypeSolver@1c7f791e : java.lang.Object at file:/D:/a/key/key/key.core/build/resources/main/de/uka/ilkd/key/proof/rules/javaRules.key:1516:15
	at de.uka.ilkd.key.nparser.builder.AbstractBuilder.accept(AbstractBuilder.java:54)
Caused by: com.github.javaparser.resolution.UnsolvedSymbolException: Unsolved symbol in de.uka.ilkd.key.java.JavaParserFactory$DynamicTypeSolver@1c7f791e : java.lang.Object
	at com.github.javaparser.resolution.TypeSolver.solveType(TypeSolver.java:71)

36144      ERROR Test worker     d.u.i.k.n.b.AbstractBuilder  com.github.javaparser.resolution.UnsolvedSymbolException: Unsolved symbol in de.uka.ilkd.key.java.JavaParserFactory$DynamicTypeSolver@1c7f791e : java.lang.Object
	at com.github.javaparser.resolution.TypeSolver.solveType(TypeSolver.java:71)

36144      ERROR Test worker     d.u.i.k.n.b.TacletPBuilder Error in parsing taclet. de.uka.ilkd.key.util.parsing.BuildingException: Unsolved symbol in de.uka.ilkd.key.java.JavaParserFactory$DynamicTypeSolver@1c7f791e : java.lang.Object at file:/D:/a/key/key/key.core/build/resources/main/de/uka/ilkd/key/proof/rules/javaRules.key:1539:15
	at de.uka.ilkd.key.nparser.builder.AbstractBuilder.accept(AbstractBuilder.java:54)
Caused by: com.github.javaparser.resolution.UnsolvedSymbolException: Unsolved symbol in de.uka.ilkd.key.java.JavaParserFactory$DynamicTypeSolver@1c7f791e : java.lang.Object
	at com.github.javaparser.resolution.TypeSolver.solveType(TypeSolver.java:71)

36144      ERROR Test worker     d.u.i.k.n.b.AbstractBuilder  com.github.javaparser.resolution.UnsolvedSymbolException: Unsolved symbol in de.uka.ilkd.key.java.JavaParserFactory$DynamicTypeSolver@1c7f791e : java.lang.Object
	at com.github.javaparser.resolution.TypeSolver.solveType(TypeSolver.java:71)

36144      ERROR Test worker     d.u.i.k.n.b.TacletPBuilder Error in parsing taclet. de.uka.ilkd.key.util.parsing.BuildingException: Unsolved symbol in de.uka.ilkd.key.java.JavaParserFactory$DynamicTypeSolver@1c7f791e : java.lang.Object at file:/D:/a/key/key/key.core/build/resources/main/de/uka/ilkd/key/proof/rules/javaRules.key:1546:15
	at de.uka.ilkd.key.nparser.builder.AbstractBuilder.accept(AbstractBuilder.java:54)
Caused by: com.github.javaparser.resolution.UnsolvedSymbolException: Unsolved symbol in de.uka.ilkd.key.java.JavaParserFactory$DynamicTypeSolver@1c7f791e : java.lang.Object
	at com.github.javaparser.resolution.TypeSolver.solveType(TypeSolver.java:71)

36144      ERROR Test worker     d.u.i.k.n.b.AbstractBuilder  com.github.javaparser.resolution.UnsolvedSymbolException: Unsolved symbol in de.uka.ilkd.key.java.JavaParserFactory$DynamicTypeSolver@1c7f791e : java.lang.Object
	at com.github.javaparser.resolution.TypeSolver.solveType(TypeSolver.java:71)

36144      ERROR Test worker     d.u.i.k.n.b.TacletPBuilder Error in parsing taclet. de.uka.ilkd.key.util.parsing.BuildingException: Unsolved symbol in de.uka.ilkd.key.java.JavaParserFactory$DynamicTypeSolver@1c7f791e : java.lang.Object at file:/D:/a/key/key/key.core/build/resources/main/de/uka/ilkd/key/proof/rules/javaRules.key:1554:15
	at de.uka.ilkd.key.nparser.builder.AbstractBuilder.accept(AbstractBuilder.java:54)
Caused by: com.github.javaparser.resolution.UnsolvedSymbolException: Unsolved symbol in de.uka.ilkd.key.java.JavaParserFactory$DynamicTypeSolver@1c7f791e : java.lang.Object
	at com.github.javaparser.resolution.TypeSolver.solveType(TypeSolver.java:71)

36144      ERROR Test worker     d.u.i.k.n.b.AbstractBuilder  com.github.javaparser.resolution.UnsolvedSymbolException: Unsolved symbol in de.uka.ilkd.key.java.JavaParserFactory$DynamicTypeSolver@1c7f791e : java.lang.Object
	at com.github.javaparser.resolution.TypeSolver.solveType(TypeSolver.java:71)

36144      ERROR Test worker     d.u.i.k.n.b.TacletPBuilder Error in parsing taclet. de.uka.ilkd.key.util.parsing.BuildingException: Unsolved symbol in de.uka.ilkd.key.java.JavaParserFactory$DynamicTypeSolver@1c7f791e : java.lang.Object at file:/D:/a/key/key/key.core/build/resources/main/de/uka/ilkd/key/proof/rules/javaRules.key:1566:15
	at de.uka.ilkd.key.nparser.builder.AbstractBuilder.accept(AbstractBuilder.java:54)
Caused by: com.github.javaparser.resolution.UnsolvedSymbolException: Unsolved symbol in de.uka.ilkd.key.java.JavaParserFactory$DynamicTypeSolver@1c7f791e : java.lang.Object
	at com.github.javaparser.resolution.TypeSolver.solveType(TypeSolver.java:71)

36144      ERROR Test worker     d.u.i.k.n.b.AbstractBuilder  com.github.javaparser.resolution.UnsolvedSymbolException: Unsolved symbol in de.uka.ilkd.key.java.JavaParserFactory$DynamicTypeSolver@1c7f791e : java.lang.Object
	at com.github.javaparser.resolution.TypeSolver.solveType(TypeSolver.java:71)

36144      ERROR Test worker     d.u.i.k.n.b.TacletPBuilder Error in parsing taclet. de.uka.ilkd.key.util.parsing.BuildingException: Unsolved symbol in de.uka.ilkd.key.java.JavaParserFactory$DynamicTypeSolver@1c7f791e : java.lang.Object at file:/D:/a/key/key/key.core/build/resources/main/de/uka/ilkd/key/proof/rules/javaRules.key:1575:15
	at de.uka.ilkd.key.nparser.builder.AbstractBuilder.accept(AbstractBuilder.java:54)
Caused by: com.github.javaparser.resolution.UnsolvedSymbolException: Unsolved symbol in de.uka.ilkd.key.java.JavaParserFactory$DynamicTypeSolver@1c7f791e : java.lang.Object
	at com.github.javaparser.resolution.TypeSolver.solveType(TypeSolver.java:71)

36144      ERROR Test worker     d.u.i.k.n.b.AbstractBuilder  com.github.javaparser.resolution.UnsolvedSymbolException: Unsolved symbol in de.uka.ilkd.key.java.JavaParserFactory$DynamicTypeSolver@1c7f791e : java.lang.Object
	at com.github.javaparser.resolution.TypeSolver.solveType(TypeSolver.java:71)

36144      ERROR Test worker     d.u.i.k.n.b.TacletPBuilder Error in parsing taclet. de.uka.ilkd.key.util.parsing.BuildingException: Unsolved symbol in de.uka.ilkd.key.java.JavaParserFactory$DynamicTypeSolver@1c7f791e : java.lang.Object at file:/D:/a/key/key/key.core/build/resources/main/de/uka/ilkd/key/proof/rules/javaRules.key:1583:15
	at de.uka.ilkd.key.nparser.builder.AbstractBuilder.accept(AbstractBuilder.java:54)
Caused by: com.github.javaparser.resolution.UnsolvedSymbolException: Unsolved symbol in de.uka.ilkd.key.java.JavaParserFactory$DynamicTypeSolver@1c7f791e : java.lang.Object
	at com.github.javaparser.resolution.TypeSolver.solveType(TypeSolver.java:71)

36144      ERROR Test worker     d.u.i.k.n.b.AbstractBuilder  com.github.javaparser.resolution.UnsolvedSymbolException: Unsolved symbol in de.uka.ilkd.key.java.JavaParserFactory$DynamicTypeSolver@1c7f791e : java.lang.Object
	at com.github.javaparser.resolution.TypeSolver.solveType(TypeSolver.java:71)

36144      ERROR Test worker     d.u.i.k.n.b.TacletPBuilder Error in parsing taclet. de.uka.ilkd.key.util.parsing.BuildingException: Unsolved symbol in de.uka.ilkd.key.java.JavaParserFactory$DynamicTypeSolver@1c7f791e : java.lang.Object at file:/D:/a/key/key/key.core/build/resources/main/de/uka/ilkd/key/proof/rules/javaRules.key:1591:15
	at de.uka.ilkd.key.nparser.builder.AbstractBuilder.accept(AbstractBuilder.java:54)
Caused by: com.github.javaparser.resolution.UnsolvedSymbolException: Unsolved symbol in de.uka.ilkd.key.java.JavaParserFactory$DynamicTypeSolver@1c7f791e : java.lang.Object
	at com.github.javaparser.resolution.TypeSolver.solveType(TypeSolver.java:71)

36160      ERROR Test worker     d.u.i.k.n.b.AbstractBuilder  com.github.javaparser.resolution.UnsolvedSymbolException: Unsolved symbol in de.uka.ilkd.key.java.JavaParserFactory$DynamicTypeSolver@1c7f791e : java.lang.Object
	at com.github.javaparser.resolution.TypeSolver.solveType(TypeSolver.java:71)

36160      ERROR Test worker     d.u.i.k.n.b.TacletPBuilder Error in parsing taclet. de.uka.ilkd.key.util.parsing.BuildingException: Unsolved symbol in de.uka.ilkd.key.java.JavaParserFactory$DynamicTypeSolver@1c7f791e : java.lang.Object at file:/D:/a/key/key/key.core/build/resources/main/de/uka/ilkd/key/proof/rules/javaRules.key:1599:15
	at de.uka.ilkd.key.nparser.builder.AbstractBuilder.accept(AbstractBuilder.java:54)
Caused by: com.github.javaparser.resolution.UnsolvedSymbolException: Unsolved symbol in de.uka.ilkd.key.java.JavaParserFactory$DynamicTypeSolver@1c7f791e : java.lang.Object
	at com.github.javaparser.resolution.TypeSolver.solveType(TypeSolver.java:71)

36160      ERROR Test worker     d.u.i.k.n.b.AbstractBuilder  com.github.javaparser.resolution.UnsolvedSymbolException: Unsolved symbol in de.uka.ilkd.key.java.JavaParserFactory$DynamicTypeSolver@1c7f791e : java.lang.Object
	at com.github.javaparser.resolution.TypeSolver.solveType(TypeSolver.java:71)

36160      ERROR Test worker     d.u.i.k.n.b.TacletPBuilder Error in parsing taclet. de.uka.ilkd.key.util.parsing.BuildingException: Unsolved symbol in de.uka.ilkd.key.java.JavaParserFactory$DynamicTypeSolver@1c7f791e : java.lang.Object at file:/D:/a/key/key/key.core/build/resources/main/de/uka/ilkd/key/proof/rules/javaRules.key:1607:15
	at de.uka.ilkd.key.nparser.builder.AbstractBuilder.accept(AbstractBuilder.java:54)
Caused by: com.github.javaparser.resolution.UnsolvedSymbolException: Unsolved symbol in de.uka.ilkd.key.java.JavaParserFactory$DynamicTypeSolver@1c7f791e : java.lang.Object
	at com.github.javaparser.resolution.TypeSolver.solveType(TypeSolver.java:71)

36160      ERROR Test worker     d.u.i.k.n.b.AbstractBuilder  com.github.javaparser.resolution.UnsolvedSymbolException: Unsolved symbol in de.uka.ilkd.key.java.JavaParserFactory$DynamicTypeSolver@1c7f791e : java.lang.Object
	at com.github.javaparser.resolution.TypeSolver.solveType(TypeSolver.java:71)

36160      ERROR Test worker     d.u.i.k.n.b.TacletPBuilder Error in parsing taclet. de.uka.ilkd.key.util.parsing.BuildingException: Unsolved symbol in de.uka.ilkd.key.java.JavaParserFactory$DynamicTypeSolver@1c7f791e : java.lang.Object at file:/D:/a/key/key/key.core/build/resources/main/de/uka/ilkd/key/proof/rules/javaRules.key:1615:15
	at de.uka.ilkd.key.nparser.builder.AbstractBuilder.accept(AbstractBuilder.java:54)
Caused by: com.github.javaparser.resolution.UnsolvedSymbolException: Unsolved symbol in de.uka.ilkd.key.java.JavaParserFactory$DynamicTypeSolver@1c7f791e : java.lang.Object
	at com.github.javaparser.resolution.TypeSolver.solveType(TypeSolver.java:71)

36160      ERROR Test worker     d.u.i.k.n.b.AbstractBuilder  com.github.javaparser.resolution.UnsolvedSymbolException: Unsolved symbol in de.uka.ilkd.key.java.JavaParserFactory$DynamicTypeSolver@1c7f791e : java.lang.Object
	at com.github.javaparser.resolution.TypeSolver.solveType(TypeSolver.java:71)

36160      ERROR Test worker     d.u.i.k.n.b.TacletPBuilder Error in parsing taclet. de.uka.ilkd.key.util.parsing.BuildingException: Unsolved symbol in de.uka.ilkd.key.java.JavaParserFactory$DynamicTypeSolver@1c7f791e : java.lang.Object at file:/D:/a/key/key/key.core/build/resources/main/de/uka/ilkd/key/proof/rules/javaRules.key:1623:15
	at de.uka.ilkd.key.nparser.builder.AbstractBuilder.accept(AbstractBuilder.java:54)
Caused by: com.github.javaparser.resolution.UnsolvedSymbolException: Unsolved symbol in de.uka.ilkd.key.java.JavaParserFactory$DynamicTypeSolver@1c7f791e : java.lang.Object
	at com.github.javaparser.resolution.TypeSolver.solveType(TypeSolver.java:71)

36160      ERROR Test worker     d.u.i.k.n.b.AbstractBuilder  com.github.javaparser.resolution.UnsolvedSymbolException: Unsolved symbol in de.uka.ilkd.key.java.JavaParserFactory$DynamicTypeSolver@1c7f791e : java.lang.Object
	at com.github.javaparser.resolution.TypeSolver.solveType(TypeSolver.java:71)

36160      ERROR Test worker     d.u.i.k.n.b.TacletPBuilder Error in parsing taclet. de.uka.ilkd.key.util.parsing.BuildingException: Unsolved symbol in de.uka.ilkd.key.java.JavaParserFactory$DynamicTypeSolver@1c7f791e : java.lang.Object at file:/D:/a/key/key/key.core/build/resources/main/de/uka/ilkd/key/proof/rules/javaRules.key:1631:15
	at de.uka.ilkd.key.nparser.builder.AbstractBuilder.accept(AbstractBuilder.java:54)
Caused by: com.github.javaparser.resolution.UnsolvedSymbolException: Unsolved symbol in de.uka.ilkd.key.java.JavaParserFactory$DynamicTypeSolver@1c7f791e : java.lang.Object
	at com.github.javaparser.resolution.TypeSolver.solveType(TypeSolver.java:71)

36160      ERROR Test worker     d.u.i.k.n.b.AbstractBuilder  com.github.javaparser.resolution.UnsolvedSymbolException: Unsolved symbol in de.uka.ilkd.key.java.JavaParserFactory$DynamicTypeSolver@1c7f791e : java.lang.Object
	at com.github.javaparser.resolution.TypeSolver.solveType(TypeSolver.java:71)

36160      ERROR Test worker     d.u.i.k.n.b.TacletPBuilder Error in parsing taclet. de.uka.ilkd.key.util.parsing.BuildingException: Unsolved symbol in de.uka.ilkd.key.java.JavaParserFactory$DynamicTypeSolver@1c7f791e : java.lang.Object at file:/D:/a/key/key/key.core/build/resources/main/de/uka/ilkd/key/proof/rules/javaRules.key:1639:15
	at de.uka.ilkd.key.nparser.builder.AbstractBuilder.accept(AbstractBuilder.java:54)
Caused by: com.github.javaparser.resolution.UnsolvedSymbolException: Unsolved symbol in de.uka.ilkd.key.java.JavaParserFactory$DynamicTypeSolver@1c7f791e : java.lang.Object
	at com.github.javaparser.resolution.TypeSolver.solveType(TypeSolver.java:71)

36160      ERROR Test worker     d.u.i.k.n.b.AbstractBuilder  com.github.javaparser.resolution.UnsolvedSymbolException: Unsolved symbol in de.uka.ilkd.key.java.JavaParserFactory$DynamicTypeSolver@1c7f791e : java.lang.Object
	at com.github.javaparser.resolution.TypeSolver.solveType(TypeSolver.java:71)

36160      ERROR Test worker     d.u.i.k.n.b.TacletPBuilder Error in parsing taclet. de.uka.ilkd.key.util.parsing.BuildingException: Unsolved symbol in de.uka.ilkd.key.java.JavaParserFactory$DynamicTypeSolver@1c7f791e : java.lang.Object at file:/D:/a/key/key/key.core/build/resources/main/de/uka/ilkd/key/proof/rules/javaRules.key:1647:15
	at de.uka.ilkd.key.nparser.builder.AbstractBuilder.accept(AbstractBuilder.java:54)
Caused by: com.github.javaparser.resolution.UnsolvedSymbolException: Unsolved symbol in de.uka.ilkd.key.java.JavaParserFactory$DynamicTypeSolver@1c7f791e : java.lang.Object
	at com.github.javaparser.resolution.TypeSolver.solveType(TypeSolver.java:71)

36160      ERROR Test worker     d.u.i.k.n.b.AbstractBuilder  com.github.javaparser.resolution.UnsolvedSymbolException: Unsolved symbol in de.uka.ilkd.key.java.JavaParserFactory$DynamicTypeSolver@1c7f791e : java.lang.Object
	at com.github.javaparser.resolution.TypeSolver.solveType(TypeSolver.java:71)

36160      ERROR Test worker     d.u.i.k.n.b.TacletPBuilder Error in parsing taclet. de.uka.ilkd.key.util.parsing.BuildingException: Unsolved symbol in de.uka.ilkd.key.java.JavaParserFactory$DynamicTypeSolver@1c7f791e : java.lang.Object at file:/D:/a/key/key/key.core/build/resources/main/de/uka/ilkd/key/proof/rules/javaRules.key:1655:15
	at de.uka.ilkd.key.nparser.builder.AbstractBuilder.accept(AbstractBuilder.java:54)
Caused by: com.github.javaparser.resolution.UnsolvedSymbolException: Unsolved symbol in de.uka.ilkd.key.java.JavaParserFactory$DynamicTypeSolver@1c7f791e : java.lang.Object
	at com.github.javaparser.resolution.TypeSolver.solveType(TypeSolver.java:71)

36160      ERROR Test worker     d.u.i.k.n.b.AbstractBuilder  com.github.javaparser.resolution.UnsolvedSymbolException: Unsolved symbol in de.uka.ilkd.key.java.JavaParserFactory$DynamicTypeSolver@1c7f791e : java.lang.Object
	at com.github.javaparser.resolution.TypeSolver.solveType(TypeSolver.java:71)

36160      ERROR Test worker     d.u.i.k.n.b.TacletPBuilder Error in parsing taclet. de.uka.ilkd.key.util.parsing.BuildingException: Unsolved symbol in de.uka.ilkd.key.java.JavaParserFactory$DynamicTypeSolver@1c7f791e : java.lang.Object at file:/D:/a/key/key/key.core/build/resources/main/de/uka/ilkd/key/proof/rules/javaRules.key:1667:15
	at de.uka.ilkd.key.nparser.builder.AbstractBuilder.accept(AbstractBuilder.java:54)
Caused by: com.github.javaparser.resolution.UnsolvedSymbolException: Unsolved symbol in de.uka.ilkd.key.java.JavaParserFactory$DynamicTypeSolver@1c7f791e : java.lang.Object
	at com.github.javaparser.resolution.TypeSolver.solveType(TypeSolver.java:71)

36176      ERROR Test worker     d.u.i.k.n.b.AbstractBuilder  com.github.javaparser.resolution.UnsolvedSymbolException: Unsolved symbol in de.uka.ilkd.key.java.JavaParserFactory$DynamicTypeSolver@1c7f791e : java.lang.Object
	at com.github.javaparser.resolution.TypeSolver.solveType(TypeSolver.java:71)

36176      ERROR Test worker     d.u.i.k.n.b.TacletPBuilder Error in parsing taclet. de.uka.ilkd.key.util.parsing.BuildingException: Unsolved symbol in de.uka.ilkd.key.java.JavaParserFactory$DynamicTypeSolver@1c7f791e : java.lang.Object at file:/D:/a/key/key/key.core/build/resources/main/de/uka/ilkd/key/proof/rules/javaRules.key:1675:15
	at de.uka.ilkd.key.nparser.builder.AbstractBuilder.accept(AbstractBuilder.java:54)
Caused by: com.github.javaparser.resolution.UnsolvedSymbolException: Unsolved symbol in de.uka.ilkd.key.java.JavaParserFactory$DynamicTypeSolver@1c7f791e : java.lang.Object
	at com.github.javaparser.resolution.TypeSolver.solveType(TypeSolver.java:71)

36176      ERROR Test worker     d.u.i.k.n.b.AbstractBuilder  com.github.javaparser.resolution.UnsolvedSymbolException: Unsolved symbol in de.uka.ilkd.key.java.JavaParserFactory$DynamicTypeSolver@1c7f791e : java.lang.Object
	at com.github.javaparser.resolution.TypeSolver.solveType(TypeSolver.java:71)

36176      ERROR Test worker     d.u.i.k.n.b.TacletPBuilder Error in parsing taclet. de.uka.ilkd.key.util.parsing.BuildingException: Unsolved symbol in de.uka.ilkd.key.java.JavaParserFactory$DynamicTypeSolver@1c7f791e : java.lang.Object at file:/D:/a/key/key/key.core/build/resources/main/de/uka/ilkd/key/proof/rules/javaRules.key:1683:15
	at de.uka.ilkd.key.nparser.builder.AbstractBuilder.accept(AbstractBuilder.java:54)
Caused by: com.github.javaparser.resolution.UnsolvedSymbolException: Unsolved symbol in de.uka.ilkd.key.java.JavaParserFactory$DynamicTypeSolver@1c7f791e : java.lang.Object
	at com.github.javaparser.resolution.TypeSolver.solveType(TypeSolver.java:71)

36176      ERROR Test worker     d.u.i.k.n.b.AbstractBuilder  com.github.javaparser.resolution.UnsolvedSymbolException: Unsolved symbol in de.uka.ilkd.key.java.JavaParserFactory$DynamicTypeSolver@1c7f791e : java.lang.Object
	at com.github.javaparser.resolution.TypeSolver.solveType(TypeSolver.java:71)

36176      ERROR Test worker     d.u.i.k.n.b.TacletPBuilder Error in parsing taclet. de.uka.ilkd.key.util.parsing.BuildingException: Unsolved symbol in de.uka.ilkd.key.java.JavaParserFactory$DynamicTypeSolver@1c7f791e : java.lang.Object at file:/D:/a/key/key/key.core/build/resources/main/de/uka/ilkd/key/proof/rules/javaRules.key:1691:15
	at de.uka.ilkd.key.nparser.builder.AbstractBuilder.accept(AbstractBuilder.java:54)
Caused by: com.github.javaparser.resolution.UnsolvedSymbolException: Unsolved symbol in de.uka.ilkd.key.java.JavaParserFactory$DynamicTypeSolver@1c7f791e : java.lang.Object
	at com.github.javaparser.resolution.TypeSolver.solveType(TypeSolver.java:71)

36176      ERROR Test worker     d.u.i.k.n.b.AbstractBuilder  com.github.javaparser.resolution.UnsolvedSymbolException: Unsolved symbol in de.uka.ilkd.key.java.JavaParserFactory$DynamicTypeSolver@1c7f791e : java.lang.Object
	at com.github.javaparser.resolution.TypeSolver.solveType(TypeSolver.java:71)

36176      ERROR Test worker     d.u.i.k.n.b.TacletPBuilder Error in parsing taclet. de.uka.ilkd.key.util.parsing.BuildingException: Unsolved symbol in de.uka.ilkd.key.java.JavaParserFactory$DynamicTypeSolver@1c7f791e : java.lang.Object at file:/D:/a/key/key/key.core/build/resources/main/de/uka/ilkd/key/proof/rules/javaRules.key:1703:15
	at de.uka.ilkd.key.nparser.builder.AbstractBuilder.accept(AbstractBuilder.java:54)
Caused by: com.github.javaparser.resolution.UnsolvedSymbolException: Unsolved symbol in de.uka.ilkd.key.java.JavaParserFactory$DynamicTypeSolver@1c7f791e : java.lang.Object
	at com.github.javaparser.resolution.TypeSolver.solveType(TypeSolver.java:71)

36176      ERROR Test worker     d.u.i.k.n.b.AbstractBuilder  com.github.javaparser.resolution.UnsolvedSymbolException: Unsolved symbol in de.uka.ilkd.key.java.JavaParserFactory$DynamicTypeSolver@1c7f791e : java.lang.Object
	at com.github.javaparser.resolution.TypeSolver.solveType(TypeSolver.java:71)

36176      ERROR Test worker     d.u.i.k.n.b.TacletPBuilder Error in parsing taclet. de.uka.ilkd.key.util.parsing.BuildingException: Unsolved symbol in de.uka.ilkd.key.java.JavaParserFactory$DynamicTypeSolver@1c7f791e : java.lang.Object at file:/D:/a/key/key/key.core/build/resources/main/de/uka/ilkd/key/proof/rules/javaRules.key:1710:15
	at de.uka.ilkd.key.nparser.builder.AbstractBuilder.accept(AbstractBuilder.java:54)
Caused by: com.github.javaparser.resolution.UnsolvedSymbolException: Unsolved symbol in de.uka.ilkd.key.java.JavaParserFactory$DynamicTypeSolver@1c7f791e : java.lang.Object
	at com.github.javaparser.resolution.TypeSolver.solveType(TypeSolver.java:71)

36176      ERROR Test worker     d.u.i.k.n.b.AbstractBuilder  com.github.javaparser.resolution.UnsolvedSymbolException: Unsolved symbol in de.uka.ilkd.key.java.JavaParserFactory$DynamicTypeSolver@1c7f791e : java.lang.Object
	at com.github.javaparser.resolution.TypeSolver.solveType(TypeSolver.java:71)

36176      ERROR Test worker     d.u.i.k.n.b.TacletPBuilder Error in parsing taclet. de.uka.ilkd.key.util.parsing.BuildingException: Unsolved symbol in de.uka.ilkd.key.java.JavaParserFactory$DynamicTypeSolver@1c7f791e : java.lang.Object at file:/D:/a/key/key/key.core/build/resources/main/de/uka/ilkd/key/proof/rules/javaRules.key:1718:15
	at de.uka.ilkd.key.nparser.builder.AbstractBuilder.accept(AbstractBuilder.java:54)
Caused by: com.github.javaparser.resolution.UnsolvedSymbolException: Unsolved symbol in de.uka.ilkd.key.java.JavaParserFactory$DynamicTypeSolver@1c7f791e : java.lang.Object
	at com.github.javaparser.resolution.TypeSolver.solveType(TypeSolver.java:71)

36176      ERROR Test worker     d.u.i.k.n.b.AbstractBuilder  com.github.javaparser.resolution.UnsolvedSymbolException: Unsolved symbol in de.uka.ilkd.key.java.JavaParserFactory$DynamicTypeSolver@1c7f791e : java.lang.Object
	at com.github.javaparser.resolution.TypeSolver.solveType(TypeSolver.java:71)

36176      ERROR Test worker     d.u.i.k.n.b.TacletPBuilder Error in parsing taclet. de.uka.ilkd.key.util.parsing.BuildingException: Unsolved symbol in de.uka.ilkd.key.java.JavaParserFactory$DynamicTypeSolver@1c7f791e : java.lang.Object at file:/D:/a/key/key/key.core/build/resources/main/de/uka/ilkd/key/proof/rules/javaRules.key:1724:15
	at de.uka.ilkd.key.nparser.builder.AbstractBuilder.accept(AbstractBuilder.java:54)
Caused by: com.github.javaparser.resolution.UnsolvedSymbolException: Unsolved symbol in de.uka.ilkd.key.java.JavaParserFactory$DynamicTypeSolver@1c7f791e : java.lang.Object
	at com.github.javaparser.resolution.TypeSolver.solveType(TypeSolver.java:71)

36176      ERROR Test worker     d.u.i.k.n.b.AbstractBuilder  com.github.javaparser.resolution.UnsolvedSymbolException: Unsolved symbol in de.uka.ilkd.key.java.JavaParserFactory$DynamicTypeSolver@1c7f791e : java.lang.Object
	at com.github.javaparser.resolution.TypeSolver.solveType(TypeSolver.java:71)

36176      ERROR Test worker     d.u.i.k.n.b.TacletPBuilder Error in parsing taclet. de.uka.ilkd.key.util.parsing.BuildingException: Unsolved symbol in de.uka.ilkd.key.java.JavaParserFactory$DynamicTypeSolver@1c7f791e : java.lang.Object at file:/D:/a/key/key/key.core/build/resources/main/de/uka/ilkd/key/proof/rules/javaRules.key:1731:15
	at de.uka.ilkd.key.nparser.builder.AbstractBuilder.accept(AbstractBuilder.java:54)
Caused by: com.github.javaparser.resolution.UnsolvedSymbolException: Unsolved symbol in de.uka.ilkd.key.java.JavaParserFactory$DynamicTypeSolver@1c7f791e : java.lang.Object
	at com.github.javaparser.resolution.TypeSolver.solveType(TypeSolver.java:71)

36191      ERROR Test worker     d.u.i.k.n.b.AbstractBuilder  com.github.javaparser.resolution.UnsolvedSymbolException: Unsolved symbol in de.uka.ilkd.key.java.JavaParserFactory$DynamicTypeSolver@1c7f791e : java.lang.Object
	at com.github.javaparser.resolution.TypeSolver.solveType(TypeSolver.java:71)

36191      ERROR Test worker     d.u.i.k.n.b.TacletPBuilder Error in parsing taclet. de.uka.ilkd.key.util.parsing.BuildingException: Unsolved symbol in de.uka.ilkd.key.java.JavaParserFactory$DynamicTypeSolver@1c7f791e : java.lang.Object at file:/D:/a/key/key/key.core/build/resources/main/de/uka/ilkd/key/proof/rules/javaRules.key:1738:15
	at de.uka.ilkd.key.nparser.builder.AbstractBuilder.accept(AbstractBuilder.java:54)
Caused by: com.github.javaparser.resolution.UnsolvedSymbolException: Unsolved symbol in de.uka.ilkd.key.java.JavaParserFactory$DynamicTypeSolver@1c7f791e : java.lang.Object
	at com.github.javaparser.resolution.TypeSolver.solveType(TypeSolver.java:71)

36191      ERROR Test worker     d.u.i.k.n.b.AbstractBuilder  com.github.javaparser.resolution.UnsolvedSymbolException: Unsolved symbol in de.uka.ilkd.key.java.JavaParserFactory$DynamicTypeSolver@1c7f791e : java.lang.Object
	at com.github.javaparser.resolution.TypeSolver.solveType(TypeSolver.java:71)

36191      ERROR Test worker     d.u.i.k.n.b.TacletPBuilder Error in parsing taclet. de.uka.ilkd.key.util.parsing.BuildingException: Unsolved symbol in de.uka.ilkd.key.java.JavaParserFactory$DynamicTypeSolver@1c7f791e : java.lang.Object at file:/D:/a/key/key/key.core/build/resources/main/de/uka/ilkd/key/proof/rules/javaRules.key:1744:15
	at de.uka.ilkd.key.nparser.builder.AbstractBuilder.accept(AbstractBuilder.java:54)
Caused by: com.github.javaparser.resolution.UnsolvedSymbolException: Unsolved symbol in de.uka.ilkd.key.java.JavaParserFactory$DynamicTypeSolver@1c7f791e : java.lang.Object
	at com.github.javaparser.resolution.TypeSolver.solveType(TypeSolver.java:71)

36191      ERROR Test worker     d.u.i.k.n.b.AbstractBuilder  com.github.javaparser.resolution.UnsolvedSymbolException: Unsolved symbol in de.uka.ilkd.key.java.JavaParserFactory$DynamicTypeSolver@1c7f791e : java.lang.Object
	at com.github.javaparser.resolution.TypeSolver.solveType(TypeSolver.java:71)

36191      ERROR Test worker     d.u.i.k.n.b.TacletPBuilder Error in parsing taclet. de.uka.ilkd.key.util.parsing.BuildingException: Unsolved symbol in de.uka.ilkd.key.java.JavaParserFactory$DynamicTypeSolver@1c7f791e : java.lang.Object at file:/D:/a/key/key/key.core/build/resources/main/de/uka/ilkd/key/proof/rules/javaRules.key:1751:15
	at de.uka.ilkd.key.nparser.builder.AbstractBuilder.accept(AbstractBuilder.java:54)
Caused by: com.github.javaparser.resolution.UnsolvedSymbolException: Unsolved symbol in de.uka.ilkd.key.java.JavaParserFactory$DynamicTypeSolver@1c7f791e : java.lang.Object
	at com.github.javaparser.resolution.TypeSolver.solveType(TypeSolver.java:71)

36191      ERROR Test worker     d.u.i.k.n.b.AbstractBuilder  com.github.javaparser.resolution.UnsolvedSymbolException: Unsolved symbol in de.uka.ilkd.key.java.JavaParserFactory$DynamicTypeSolver@1c7f791e : java.lang.Object
	at com.github.javaparser.resolution.TypeSolver.solveType(TypeSolver.java:71)

36191      ERROR Test worker     d.u.i.k.n.b.TacletPBuilder Error in parsing taclet. de.uka.ilkd.key.util.parsing.BuildingException: Unsolved symbol in de.uka.ilkd.key.java.JavaParserFactory$DynamicTypeSolver@1c7f791e : java.lang.Object at file:/D:/a/key/key/key.core/build/resources/main/de/uka/ilkd/key/proof/rules/javaRules.key:1759:15
	at de.uka.ilkd.key.nparser.builder.AbstractBuilder.accept(AbstractBuilder.java:54)
Caused by: com.github.javaparser.resolution.UnsolvedSymbolException: Unsolved symbol in de.uka.ilkd.key.java.JavaParserFactory$DynamicTypeSolver@1c7f791e : java.lang.Object
	at com.github.javaparser.resolution.TypeSolver.solveType(TypeSolver.java:71)

36191      ERROR Test worker     d.u.i.k.n.b.AbstractBuilder  com.github.javaparser.resolution.UnsolvedSymbolException: Unsolved symbol in de.uka.ilkd.key.java.JavaParserFactory$DynamicTypeSolver@1c7f791e : java.lang.Object
	at com.github.javaparser.resolution.TypeSolver.solveType(TypeSolver.java:71)

36191      ERROR Test worker     d.u.i.k.n.b.TacletPBuilder Error in parsing taclet. de.uka.ilkd.key.util.parsing.BuildingException: Unsolved symbol in de.uka.ilkd.key.java.JavaParserFactory$DynamicTypeSolver@1c7f791e : java.lang.Object at file:/D:/a/key/key/key.core/build/resources/main/de/uka/ilkd/key/proof/rules/javaRules.key:1765:15
	at de.uka.ilkd.key.nparser.builder.AbstractBuilder.accept(AbstractBuilder.java:54)
Caused by: com.github.javaparser.resolution.UnsolvedSymbolException: Unsolved symbol in de.uka.ilkd.key.java.JavaParserFactory$DynamicTypeSolver@1c7f791e : java.lang.Object
	at com.github.javaparser.resolution.TypeSolver.solveType(TypeSolver.java:71)

36191      ERROR Test worker     d.u.i.k.n.b.AbstractBuilder  com.github.javaparser.resolution.UnsolvedSymbolException: Unsolved symbol in de.uka.ilkd.key.java.JavaParserFactory$DynamicTypeSolver@1c7f791e : java.lang.Object
	at com.github.javaparser.resolution.TypeSolver.solveType(TypeSolver.java:71)

36191      ERROR Test worker     d.u.i.k.n.b.TacletPBuilder Error in parsing taclet. de.uka.ilkd.key.util.parsing.BuildingException: Unsolved symbol in de.uka.ilkd.key.java.JavaParserFactory$DynamicTypeSolver@1c7f791e : java.lang.Object at file:/D:/a/key/key/key.core/build/resources/main/de/uka/ilkd/key/proof/rules/javaRules.key:1772:15
	at de.uka.ilkd.key.nparser.builder.AbstractBuilder.accept(AbstractBuilder.java:54)
Caused by: com.github.javaparser.resolution.UnsolvedSymbolException: Unsolved symbol in de.uka.ilkd.key.java.JavaParserFactory$DynamicTypeSolver@1c7f791e : java.lang.Object
	at com.github.javaparser.resolution.TypeSolver.solveType(TypeSolver.java:71)

36191      ERROR Test worker     d.u.i.k.n.b.AbstractBuilder  com.github.javaparser.resolution.UnsolvedSymbolException: Unsolved symbol in de.uka.ilkd.key.java.JavaParserFactory$DynamicTypeSolver@1c7f791e : java.lang.Object
	at com.github.javaparser.resolution.TypeSolver.solveType(TypeSolver.java:71)

36191      ERROR Test worker     d.u.i.k.n.b.TacletPBuilder Error in parsing taclet. de.uka.ilkd.key.util.parsing.BuildingException: Unsolved symbol in de.uka.ilkd.key.java.JavaParserFactory$DynamicTypeSolver@1c7f791e : java.lang.Object at file:/D:/a/key/key/key.core/build/resources/main/de/uka/ilkd/key/proof/rules/javaRules.key:1780:15
	at de.uka.ilkd.key.nparser.builder.AbstractBuilder.accept(AbstractBuilder.java:54)
Caused by: com.github.javaparser.resolution.UnsolvedSymbolException: Unsolved symbol in de.uka.ilkd.key.java.JavaParserFactory$DynamicTypeSolver@1c7f791e : java.lang.Object
	at com.github.javaparser.resolution.TypeSolver.solveType(TypeSolver.java:71)

36191      ERROR Test worker     d.u.i.k.n.b.AbstractBuilder  com.github.javaparser.resolution.UnsolvedSymbolException: Unsolved symbol in de.uka.ilkd.key.java.JavaParserFactory$DynamicTypeSolver@1c7f791e : java.lang.Object
	at com.github.javaparser.resolution.TypeSolver.solveType(TypeSolver.java:71)

36191      ERROR Test worker     d.u.i.k.n.b.TacletPBuilder Error in parsing taclet. de.uka.ilkd.key.util.parsing.BuildingException: Unsolved symbol in de.uka.ilkd.key.java.JavaParserFactory$DynamicTypeSolver@1c7f791e : java.lang.Object at file:/D:/a/key/key/key.core/build/resources/main/de/uka/ilkd/key/proof/rules/javaRules.key:1786:15
	at de.uka.ilkd.key.nparser.builder.AbstractBuilder.accept(AbstractBuilder.java:54)
Caused by: com.github.javaparser.resolution.UnsolvedSymbolException: Unsolved symbol in de.uka.ilkd.key.java.JavaParserFactory$DynamicTypeSolver@1c7f791e : java.lang.Object
	at com.github.javaparser.resolution.TypeSolver.solveType(TypeSolver.java:71)

36207      ERROR Test worker     d.u.i.k.n.b.AbstractBuilder  com.github.javaparser.resolution.UnsolvedSymbolException: Unsolved symbol in de.uka.ilkd.key.java.JavaParserFactory$DynamicTypeSolver@1c7f791e : java.lang.Object
	at com.github.javaparser.resolution.TypeSolver.solveType(TypeSolver.java:71)

36207      ERROR Test worker     d.u.i.k.n.b.TacletPBuilder Error in parsing taclet. de.uka.ilkd.key.util.parsing.BuildingException: Unsolved symbol in de.uka.ilkd.key.java.JavaParserFactory$DynamicTypeSolver@1c7f791e : java.lang.Object at file:/D:/a/key/key/key.core/build/resources/main/de/uka/ilkd/key/proof/rules/javaRules.key:1793:15
	at de.uka.ilkd.key.nparser.builder.AbstractBuilder.accept(AbstractBuilder.java:54)
Caused by: com.github.javaparser.resolution.UnsolvedSymbolException: Unsolved symbol in de.uka.ilkd.key.java.JavaParserFactory$DynamicTypeSolver@1c7f791e : java.lang.Object
	at com.github.javaparser.resolution.TypeSolver.solveType(TypeSolver.java:71)

36207      ERROR Test worker     d.u.i.k.n.b.AbstractBuilder  com.github.javaparser.resolution.UnsolvedSymbolException: Unsolved symbol in de.uka.ilkd.key.java.JavaParserFactory$DynamicTypeSolver@1c7f791e : java.lang.Object
	at com.github.javaparser.resolution.TypeSolver.solveType(TypeSolver.java:71)

36207      ERROR Test worker     d.u.i.k.n.b.TacletPBuilder Error in parsing taclet. de.uka.ilkd.key.util.parsing.BuildingException: Unsolved symbol in de.uka.ilkd.key.java.JavaParserFactory$DynamicTypeSolver@1c7f791e : java.lang.Object at file:/D:/a/key/key/key.core/build/resources/main/de/uka/ilkd/key/proof/rules/javaRules.key:1801:15
	at de.uka.ilkd.key.nparser.builder.AbstractBuilder.accept(AbstractBuilder.java:54)
Caused by: com.github.javaparser.resolution.UnsolvedSymbolException: Unsolved symbol in de.uka.ilkd.key.java.JavaParserFactory$DynamicTypeSolver@1c7f791e : java.lang.Object
	at com.github.javaparser.resolution.TypeSolver.solveType(TypeSolver.java:71)

36207      ERROR Test worker     d.u.i.k.n.b.AbstractBuilder  com.github.javaparser.resolution.UnsolvedSymbolException: Unsolved symbol in de.uka.ilkd.key.java.JavaParserFactory$DynamicTypeSolver@1c7f791e : java.lang.Object
	at com.github.javaparser.resolution.TypeSolver.solveType(TypeSolver.java:71)

36207      ERROR Test worker     d.u.i.k.n.b.TacletPBuilder Error in parsing taclet. de.uka.ilkd.key.util.parsing.BuildingException: Unsolved symbol in de.uka.ilkd.key.java.JavaParserFactory$DynamicTypeSolver@1c7f791e : java.lang.Object at file:/D:/a/key/key/key.core/build/resources/main/de/uka/ilkd/key/proof/rules/javaRules.key:1807:15
	at de.uka.ilkd.key.nparser.builder.AbstractBuilder.accept(AbstractBuilder.java:54)
Caused by: com.github.javaparser.resolution.UnsolvedSymbolException: Unsolved symbol in de.uka.ilkd.key.java.JavaParserFactory$DynamicTypeSolver@1c7f791e : java.lang.Object
	at com.github.javaparser.resolution.TypeSolver.solveType(TypeSolver.java:71)

36207      ERROR Test worker     d.u.i.k.n.b.AbstractBuilder  com.github.javaparser.resolution.UnsolvedSymbolException: Unsolved symbol in de.uka.ilkd.key.java.JavaParserFactory$DynamicTypeSolver@1c7f791e : java.lang.Object
	at com.github.javaparser.resolution.TypeSolver.solveType(TypeSolver.java:71)

36207      ERROR Test worker     d.u.i.k.n.b.TacletPBuilder Error in parsing taclet. de.uka.ilkd.key.util.parsing.BuildingException: Unsolved symbol in de.uka.ilkd.key.java.JavaParserFactory$DynamicTypeSolver@1c7f791e : java.lang.Object at file:/D:/a/key/key/key.core/build/resources/main/de/uka/ilkd/key/proof/rules/javaRules.key:1814:15
	at de.uka.ilkd.key.nparser.builder.AbstractBuilder.accept(AbstractBuilder.java:54)
Caused by: com.github.javaparser.resolution.UnsolvedSymbolException: Unsolved symbol in de.uka.ilkd.key.java.JavaParserFactory$DynamicTypeSolver@1c7f791e : java.lang.Object
	at com.github.javaparser.resolution.TypeSolver.solveType(TypeSolver.java:71)

36207      ERROR Test worker     d.u.i.k.n.b.AbstractBuilder  com.github.javaparser.resolution.UnsolvedSymbolException: Unsolved symbol in de.uka.ilkd.key.java.JavaParserFactory$DynamicTypeSolver@1c7f791e : java.lang.Object
	at com.github.javaparser.resolution.TypeSolver.solveType(TypeSolver.java:71)

36207      ERROR Test worker     d.u.i.k.n.b.TacletPBuilder Error in parsing taclet. de.uka.ilkd.key.util.parsing.BuildingException: Unsolved symbol in de.uka.ilkd.key.java.JavaParserFactory$DynamicTypeSolver@1c7f791e : java.lang.Object at file:/D:/a/key/key/key.core/build/resources/main/de/uka/ilkd/key/proof/rules/javaRules.key:1822:15
	at de.uka.ilkd.key.nparser.builder.AbstractBuilder.accept(AbstractBuilder.java:54)
Caused by: com.github.javaparser.resolution.UnsolvedSymbolException: Unsolved symbol in de.uka.ilkd.key.java.JavaParserFactory$DynamicTypeSolver@1c7f791e : java.lang.Object
	at com.github.javaparser.resolution.TypeSolver.solveType(TypeSolver.java:71)

36207      ERROR Test worker     d.u.i.k.n.b.AbstractBuilder  com.github.javaparser.resolution.UnsolvedSymbolException: Unsolved symbol in de.uka.ilkd.key.java.JavaParserFactory$DynamicTypeSolver@1c7f791e : java.lang.Object
	at com.github.javaparser.resolution.TypeSolver.solveType(TypeSolver.java:71)

36207      ERROR Test worker     d.u.i.k.n.b.TacletPBuilder Error in parsing taclet. de.uka.ilkd.key.util.parsing.BuildingException: Unsolved symbol in de.uka.ilkd.key.java.JavaParserFactory$DynamicTypeSolver@1c7f791e : java.lang.Object at file:/D:/a/key/key/key.core/build/resources/main/de/uka/ilkd/key/proof/rules/javaRules.key:1828:15
	at de.uka.ilkd.key.nparser.builder.AbstractBuilder.accept(AbstractBuilder.java:54)
Caused by: com.github.javaparser.resolution.UnsolvedSymbolException: Unsolved symbol in de.uka.ilkd.key.java.JavaParserFactory$DynamicTypeSolver@1c7f791e : java.lang.Object
	at com.github.javaparser.resolution.TypeSolver.solveType(TypeSolver.java:71)

36207      ERROR Test worker     d.u.i.k.n.b.AbstractBuilder  com.github.javaparser.resolution.UnsolvedSymbolException: Unsolved symbol in de.uka.ilkd.key.java.JavaParserFactory$DynamicTypeSolver@1c7f791e : java.lang.Object
	at com.github.javaparser.resolution.TypeSolver.solveType(TypeSolver.java:71)

36207      ERROR Test worker     d.u.i.k.n.b.TacletPBuilder Error in parsing taclet. de.uka.ilkd.key.util.parsing.BuildingException: Unsolved symbol in de.uka.ilkd.key.java.JavaParserFactory$DynamicTypeSolver@1c7f791e : java.lang.Object at file:/D:/a/key/key/key.core/build/resources/main/de/uka/ilkd/key/proof/rules/javaRules.key:1835:15
	at de.uka.ilkd.key.nparser.builder.AbstractBuilder.accept(AbstractBuilder.java:54)
Caused by: com.github.javaparser.resolution.UnsolvedSymbolException: Unsolved symbol in de.uka.ilkd.key.java.JavaParserFactory$DynamicTypeSolver@1c7f791e : java.lang.Object
	at com.github.javaparser.resolution.TypeSolver.solveType(TypeSolver.java:71)

36207      ERROR Test worker     d.u.i.k.n.b.AbstractBuilder  com.github.javaparser.resolution.UnsolvedSymbolException: Unsolved symbol in de.uka.ilkd.key.java.JavaParserFactory$DynamicTypeSolver@1c7f791e : java.lang.Object
	at com.github.javaparser.resolution.TypeSolver.solveType(TypeSolver.java:71)

36207      ERROR Test worker     d.u.i.k.n.b.TacletPBuilder Error in parsing taclet. de.uka.ilkd.key.util.parsing.BuildingException: Unsolved symbol in de.uka.ilkd.key.java.JavaParserFactory$DynamicTypeSolver@1c7f791e : java.lang.Object at file:/D:/a/key/key/key.core/build/resources/main/de/uka/ilkd/key/proof/rules/javaRules.key:1843:15
	at de.uka.ilkd.key.nparser.builder.AbstractBuilder.accept(AbstractBuilder.java:54)
Caused by: com.github.javaparser.resolution.UnsolvedSymbolException: Unsolved symbol in de.uka.ilkd.key.java.JavaParserFactory$DynamicTypeSolver@1c7f791e : java.lang.Object
	at com.github.javaparser.resolution.TypeSolver.solveType(TypeSolver.java:71)

36223      ERROR Test worker     d.u.i.k.n.b.AbstractBuilder  com.github.javaparser.resolution.UnsolvedSymbolException: Unsolved symbol in de.uka.ilkd.key.java.JavaParserFactory$DynamicTypeSolver@1c7f791e : java.lang.Object
	at com.github.javaparser.resolution.TypeSolver.solveType(TypeSolver.java:71)

36223      ERROR Test worker     d.u.i.k.n.b.TacletPBuilder Error in parsing taclet. de.uka.ilkd.key.util.parsing.BuildingException: Unsolved symbol in de.uka.ilkd.key.java.JavaParserFactory$DynamicTypeSolver@1c7f791e : java.lang.Object at file:/D:/a/key/key/key.core/build/resources/main/de/uka/ilkd/key/proof/rules/javaRules.key:1849:15
	at de.uka.ilkd.key.nparser.builder.AbstractBuilder.accept(AbstractBuilder.java:54)
Caused by: com.github.javaparser.resolution.UnsolvedSymbolException: Unsolved symbol in de.uka.ilkd.key.java.JavaParserFactory$DynamicTypeSolver@1c7f791e : java.lang.Object
	at com.github.javaparser.resolution.TypeSolver.solveType(TypeSolver.java:71)

36223      ERROR Test worker     d.u.i.k.n.b.AbstractBuilder  com.github.javaparser.resolution.UnsolvedSymbolException: Unsolved symbol in de.uka.ilkd.key.java.JavaParserFactory$DynamicTypeSolver@1c7f791e : java.lang.Object
	at com.github.javaparser.resolution.TypeSolver.solveType(TypeSolver.java:71)

36223      ERROR Test worker     d.u.i.k.n.b.TacletPBuilder Error in parsing taclet. de.uka.ilkd.key.util.parsing.BuildingException: Unsolved symbol in de.uka.ilkd.key.java.JavaParserFactory$DynamicTypeSolver@1c7f791e : java.lang.Object at file:/D:/a/key/key/key.core/build/resources/main/de/uka/ilkd/key/proof/rules/javaRules.key:1856:15
	at de.uka.ilkd.key.nparser.builder.AbstractBuilder.accept(AbstractBuilder.java:54)
Caused by: com.github.javaparser.resolution.UnsolvedSymbolException: Unsolved symbol in de.uka.ilkd.key.java.JavaParserFactory$DynamicTypeSolver@1c7f791e : java.lang.Object
	at com.github.javaparser.resolution.TypeSolver.solveType(TypeSolver.java:71)

36223      ERROR Test worker     d.u.i.k.n.b.AbstractBuilder  com.github.javaparser.resolution.UnsolvedSymbolException: Unsolved symbol in de.uka.ilkd.key.java.JavaParserFactory$DynamicTypeSolver@1c7f791e : java.lang.Object
	at com.github.javaparser.resolution.TypeSolver.solveType(TypeSolver.java:71)

36223      ERROR Test worker     d.u.i.k.n.b.TacletPBuilder Error in parsing taclet. de.uka.ilkd.key.util.parsing.BuildingException: Unsolved symbol in de.uka.ilkd.key.java.JavaParserFactory$DynamicTypeSolver@1c7f791e : java.lang.Object at file:/D:/a/key/key/key.core/build/resources/main/de/uka/ilkd/key/proof/rules/javaRules.key:1864:15
	at de.uka.ilkd.key.nparser.builder.AbstractBuilder.accept(AbstractBuilder.java:54)
Caused by: com.github.javaparser.resolution.UnsolvedSymbolException: Unsolved symbol in de.uka.ilkd.key.java.JavaParserFactory$DynamicTypeSolver@1c7f791e : java.lang.Object
	at com.github.javaparser.resolution.TypeSolver.solveType(TypeSolver.java:71)

36223      ERROR Test worker     d.u.i.k.n.b.AbstractBuilder  com.github.javaparser.resolution.UnsolvedSymbolException: Unsolved symbol in de.uka.ilkd.key.java.JavaParserFactory$DynamicTypeSolver@1c7f791e : java.lang.Object
	at com.github.javaparser.resolution.TypeSolver.solveType(TypeSolver.java:71)

36223      ERROR Test worker     d.u.i.k.n.b.TacletPBuilder Error in parsing taclet. de.uka.ilkd.key.util.parsing.BuildingException: Unsolved symbol in de.uka.ilkd.key.java.JavaParserFactory$DynamicTypeSolver@1c7f791e : java.lang.Object at file:/D:/a/key/key/key.core/build/resources/main/de/uka/ilkd/key/proof/rules/javaRules.key:1870:15
	at de.uka.ilkd.key.nparser.builder.AbstractBuilder.accept(AbstractBuilder.java:54)
Caused by: com.github.javaparser.resolution.UnsolvedSymbolException: Unsolved symbol in de.uka.ilkd.key.java.JavaParserFactory$DynamicTypeSolver@1c7f791e : java.lang.Object
	at com.github.javaparser.resolution.TypeSolver.solveType(TypeSolver.java:71)

36223      ERROR Test worker     d.u.i.k.n.b.AbstractBuilder  com.github.javaparser.resolution.UnsolvedSymbolException: Unsolved symbol in de.uka.ilkd.key.java.JavaParserFactory$DynamicTypeSolver@1c7f791e : java.lang.Object
	at com.github.javaparser.resolution.TypeSolver.solveType(TypeSolver.java:71)

36223      ERROR Test worker     d.u.i.k.n.b.TacletPBuilder Error in parsing taclet. de.uka.ilkd.key.util.parsing.BuildingException: Unsolved symbol in de.uka.ilkd.key.java.JavaParserFactory$DynamicTypeSolver@1c7f791e : java.lang.Object at file:/D:/a/key/key/key.core/build/resources/main/de/uka/ilkd/key/proof/rules/javaRules.key:1877:15
	at de.uka.ilkd.key.nparser.builder.AbstractBuilder.accept(AbstractBuilder.java:54)
Caused by: com.github.javaparser.resolution.UnsolvedSymbolException: Unsolved symbol in de.uka.ilkd.key.java.JavaParserFactory$DynamicTypeSolver@1c7f791e : java.lang.Object
	at com.github.javaparser.resolution.TypeSolver.solveType(TypeSolver.java:71)

36223      ERROR Test worker     d.u.i.k.n.b.AbstractBuilder  com.github.javaparser.resolution.UnsolvedSymbolException: Unsolved symbol in de.uka.ilkd.key.java.JavaParserFactory$DynamicTypeSolver@1c7f791e : java.lang.Object
	at com.github.javaparser.resolution.TypeSolver.solveType(TypeSolver.java:71)

36223      ERROR Test worker     d.u.i.k.n.b.TacletPBuilder Error in parsing taclet. de.uka.ilkd.key.util.parsing.BuildingException: Unsolved symbol in de.uka.ilkd.key.java.JavaParserFactory$DynamicTypeSolver@1c7f791e : java.lang.Object at file:/D:/a/key/key/key.core/build/resources/main/de/uka/ilkd/key/proof/rules/javaRules.key:1885:15
	at de.uka.ilkd.key.nparser.builder.AbstractBuilder.accept(AbstractBuilder.java:54)
Caused by: com.github.javaparser.resolution.UnsolvedSymbolException: Unsolved symbol in de.uka.ilkd.key.java.JavaParserFactory$DynamicTypeSolver@1c7f791e : java.lang.Object
	at com.github.javaparser.resolution.TypeSolver.solveType(TypeSolver.java:71)

36223      ERROR Test worker     d.u.i.k.n.b.AbstractBuilder  com.github.javaparser.resolution.UnsolvedSymbolException: Unsolved symbol in de.uka.ilkd.key.java.JavaParserFactory$DynamicTypeSolver@1c7f791e : java.lang.Object
	at com.github.javaparser.resolution.TypeSolver.solveType(TypeSolver.java:71)

36223      ERROR Test worker     d.u.i.k.n.b.TacletPBuilder Error in parsing taclet. de.uka.ilkd.key.util.parsing.BuildingException: Unsolved symbol in de.uka.ilkd.key.java.JavaParserFactory$DynamicTypeSolver@1c7f791e : java.lang.Object at file:/D:/a/key/key/key.core/build/resources/main/de/uka/ilkd/key/proof/rules/javaRules.key:1891:15
	at de.uka.ilkd.key.nparser.builder.AbstractBuilder.accept(AbstractBuilder.java:54)
Caused by: com.github.javaparser.resolution.UnsolvedSymbolException: Unsolved symbol in de.uka.ilkd.key.java.JavaParserFactory$DynamicTypeSolver@1c7f791e : java.lang.Object
	at com.github.javaparser.resolution.TypeSolver.solveType(TypeSolver.java:71)

36223      ERROR Test worker     d.u.i.k.n.b.AbstractBuilder  com.github.javaparser.resolution.UnsolvedSymbolException: Unsolved symbol in de.uka.ilkd.key.java.JavaParserFactory$DynamicTypeSolver@1c7f791e : java.lang.Object
	at com.github.javaparser.resolution.TypeSolver.solveType(TypeSolver.java:71)

36223      ERROR Test worker     d.u.i.k.n.b.TacletPBuilder Error in parsing taclet. de.uka.ilkd.key.util.parsing.BuildingException: Unsolved symbol in de.uka.ilkd.key.java.JavaParserFactory$DynamicTypeSolver@1c7f791e : java.lang.Object at file:/D:/a/key/key/key.core/build/resources/main/de/uka/ilkd/key/proof/rules/javaRules.key:1898:15
	at de.uka.ilkd.key.nparser.builder.AbstractBuilder.accept(AbstractBuilder.java:54)
Caused by: com.github.javaparser.resolution.UnsolvedSymbolException: Unsolved symbol in de.uka.ilkd.key.java.JavaParserFactory$DynamicTypeSolver@1c7f791e : java.lang.Object
	at com.github.javaparser.resolution.TypeSolver.solveType(TypeSolver.java:71)

36223      ERROR Test worker     d.u.i.k.n.b.AbstractBuilder  com.github.javaparser.resolution.UnsolvedSymbolException: Unsolved symbol in de.uka.ilkd.key.java.JavaParserFactory$DynamicTypeSolver@1c7f791e : java.lang.Object
	at com.github.javaparser.resolution.TypeSolver.solveType(TypeSolver.java:71)

36223      ERROR Test worker     d.u.i.k.n.b.TacletPBuilder Error in parsing taclet. de.uka.ilkd.key.util.parsing.BuildingException: Unsolved symbol in de.uka.ilkd.key.java.JavaParserFactory$DynamicTypeSolver@1c7f791e : java.lang.Object at file:/D:/a/key/key/key.core/build/resources/main/de/uka/ilkd/key/proof/rules/javaRules.key:1906:15
	at de.uka.ilkd.key.nparser.builder.AbstractBuilder.accept(AbstractBuilder.java:54)
Caused by: com.github.javaparser.resolution.UnsolvedSymbolException: Unsolved symbol in de.uka.ilkd.key.java.JavaParserFactory$DynamicTypeSolver@1c7f791e : java.lang.Object
	at com.github.javaparser.resolution.TypeSolver.solveType(TypeSolver.java:71)

36223      ERROR Test worker     d.u.i.k.n.b.AbstractBuilder  com.github.javaparser.resolution.UnsolvedSymbolException: Unsolved symbol in de.uka.ilkd.key.java.JavaParserFactory$DynamicTypeSolver@1c7f791e : java.lang.Object
	at com.github.javaparser.resolution.TypeSolver.solveType(TypeSolver.java:71)

36223      ERROR Test worker     d.u.i.k.n.b.TacletPBuilder Error in parsing taclet. de.uka.ilkd.key.util.parsing.BuildingException: Unsolved symbol in de.uka.ilkd.key.java.JavaParserFactory$DynamicTypeSolver@1c7f791e : java.lang.Object at file:/D:/a/key/key/key.core/build/resources/main/de/uka/ilkd/key/proof/rules/javaRules.key:1912:15
	at de.uka.ilkd.key.nparser.builder.AbstractBuilder.accept(AbstractBuilder.java:54)
Caused by: com.github.javaparser.resolution.UnsolvedSymbolException: Unsolved symbol in de.uka.ilkd.key.java.JavaParserFactory$DynamicTypeSolver@1c7f791e : java.lang.Object
	at com.github.javaparser.resolution.TypeSolver.solveType(TypeSolver.java:71)

36238      ERROR Test worker     d.u.i.k.n.b.AbstractBuilder  com.github.javaparser.resolution.UnsolvedSymbolException: Unsolved symbol in de.uka.ilkd.key.java.JavaParserFactory$DynamicTypeSolver@1c7f791e : java.lang.Object
	at com.github.javaparser.resolution.TypeSolver.solveType(TypeSolver.java:71)

36238      ERROR Test worker     d.u.i.k.n.b.TacletPBuilder Error in parsing taclet. de.uka.ilkd.key.util.parsing.BuildingException: Unsolved symbol in de.uka.ilkd.key.java.JavaParserFactory$DynamicTypeSolver@1c7f791e : java.lang.Object at file:/D:/a/key/key/key.core/build/resources/main/de/uka/ilkd/key/proof/rules/javaRules.key:1919:15
	at de.uka.ilkd.key.nparser.builder.AbstractBuilder.accept(AbstractBuilder.java:54)
Caused by: com.github.javaparser.resolution.UnsolvedSymbolException: Unsolved symbol in de.uka.ilkd.key.java.JavaParserFactory$DynamicTypeSolver@1c7f791e : java.lang.Object
	at com.github.javaparser.resolution.TypeSolver.solveType(TypeSolver.java:71)

36238      ERROR Test worker     d.u.i.k.n.b.AbstractBuilder  com.github.javaparser.resolution.UnsolvedSymbolException: Unsolved symbol in de.uka.ilkd.key.java.JavaParserFactory$DynamicTypeSolver@1c7f791e : java.lang.Object
	at com.github.javaparser.resolution.TypeSolver.solveType(TypeSolver.java:71)

36238      ERROR Test worker     d.u.i.k.n.b.TacletPBuilder Error in parsing taclet. de.uka.ilkd.key.util.parsing.BuildingException: Unsolved symbol in de.uka.ilkd.key.java.JavaParserFactory$DynamicTypeSolver@1c7f791e : java.lang.Object at file:/D:/a/key/key/key.core/build/resources/main/de/uka/ilkd/key/proof/rules/javaRules.key:1927:15
	at de.uka.ilkd.key.nparser.builder.AbstractBuilder.accept(AbstractBuilder.java:54)
Caused by: com.github.javaparser.resolution.UnsolvedSymbolException: Unsolved symbol in de.uka.ilkd.key.java.JavaParserFactory$DynamicTypeSolver@1c7f791e : java.lang.Object
	at com.github.javaparser.resolution.TypeSolver.solveType(TypeSolver.java:71)

36238      ERROR Test worker     d.u.i.k.n.b.AbstractBuilder  com.github.javaparser.resolution.UnsolvedSymbolException: Unsolved symbol in de.uka.ilkd.key.java.JavaParserFactory$DynamicTypeSolver@1c7f791e : java.lang.Object
	at com.github.javaparser.resolution.TypeSolver.solveType(TypeSolver.java:71)

36238      ERROR Test worker     d.u.i.k.n.b.TacletPBuilder Error in parsing taclet. de.uka.ilkd.key.util.parsing.BuildingException: Unsolved symbol in de.uka.ilkd.key.java.JavaParserFactory$DynamicTypeSolver@1c7f791e : java.lang.Object at file:/D:/a/key/key/key.core/build/resources/main/de/uka/ilkd/key/proof/rules/javaRules.key:1937:15
	at de.uka.ilkd.key.nparser.builder.AbstractBuilder.accept(AbstractBuilder.java:54)
Caused by: com.github.javaparser.resolution.UnsolvedSymbolException: Unsolved symbol in de.uka.ilkd.key.java.JavaParserFactory$DynamicTypeSolver@1c7f791e : java.lang.Object
	at com.github.javaparser.resolution.TypeSolver.solveType(TypeSolver.java:71)

36238      ERROR Test worker     d.u.i.k.n.b.AbstractBuilder  com.github.javaparser.resolution.UnsolvedSymbolException: Unsolved symbol in de.uka.ilkd.key.java.JavaParserFactory$DynamicTypeSolver@1c7f791e : java.lang.Object
	at com.github.javaparser.resolution.TypeSolver.solveType(TypeSolver.java:71)

36238      ERROR Test worker     d.u.i.k.n.b.TacletPBuilder Error in parsing taclet. de.uka.ilkd.key.util.parsing.BuildingException: Unsolved symbol in de.uka.ilkd.key.java.JavaParserFactory$DynamicTypeSolver@1c7f791e : java.lang.Object at file:/D:/a/key/key/key.core/build/resources/main/de/uka/ilkd/key/proof/rules/javaRules.key:1949:15
	at de.uka.ilkd.key.nparser.builder.AbstractBuilder.accept(AbstractBuilder.java:54)
Caused by: com.github.javaparser.resolution.UnsolvedSymbolException: Unsolved symbol in de.uka.ilkd.key.java.JavaParserFactory$DynamicTypeSolver@1c7f791e : java.lang.Object
	at com.github.javaparser.resolution.TypeSolver.solveType(TypeSolver.java:71)

36238      ERROR Test worker     d.u.i.k.n.b.AbstractBuilder  com.github.javaparser.resolution.UnsolvedSymbolException: Unsolved symbol in de.uka.ilkd.key.java.JavaParserFactory$DynamicTypeSolver@1c7f791e : java.lang.Object
	at com.github.javaparser.resolution.TypeSolver.solveType(TypeSolver.java:71)

36238      ERROR Test worker     d.u.i.k.n.b.TacletPBuilder Error in parsing taclet. de.uka.ilkd.key.util.parsing.BuildingException: Unsolved symbol in de.uka.ilkd.key.java.JavaParserFactory$DynamicTypeSolver@1c7f791e : java.lang.Object at file:/D:/a/key/key/key.core/build/resources/main/de/uka/ilkd/key/proof/rules/javaRules.key:1959:15
	at de.uka.ilkd.key.nparser.builder.AbstractBuilder.accept(AbstractBuilder.java:54)
Caused by: com.github.javaparser.resolution.UnsolvedSymbolException: Unsolved symbol in de.uka.ilkd.key.java.JavaParserFactory$DynamicTypeSolver@1c7f791e : java.lang.Object
	at com.github.javaparser.resolution.TypeSolver.solveType(TypeSolver.java:71)

36238      ERROR Test worker     d.u.i.k.n.b.AbstractBuilder  com.github.javaparser.resolution.UnsolvedSymbolException: Unsolved symbol in de.uka.ilkd.key.java.JavaParserFactory$DynamicTypeSolver@1c7f791e : java.lang.Object
	at com.github.javaparser.resolution.TypeSolver.solveType(TypeSolver.java:71)

36238      ERROR Test worker     d.u.i.k.n.b.TacletPBuilder Error in parsing taclet. de.uka.ilkd.key.util.parsing.BuildingException: Unsolved symbol in de.uka.ilkd.key.java.JavaParserFactory$DynamicTypeSolver@1c7f791e : java.lang.Object at file:/D:/a/key/key/key.core/build/resources/main/de/uka/ilkd/key/proof/rules/javaRules.key:1966:15
	at de.uka.ilkd.key.nparser.builder.AbstractBuilder.accept(AbstractBuilder.java:54)
Caused by: com.github.javaparser.resolution.UnsolvedSymbolException: Unsolved symbol in de.uka.ilkd.key.java.JavaParserFactory$DynamicTypeSolver@1c7f791e : java.lang.Object
	at com.github.javaparser.resolution.TypeSolver.solveType(TypeSolver.java:71)

36238      ERROR Test worker     d.u.i.k.n.b.AbstractBuilder  com.github.javaparser.resolution.UnsolvedSymbolException: Unsolved symbol in de.uka.ilkd.key.java.JavaParserFactory$DynamicTypeSolver@1c7f791e : java.lang.Object
	at com.github.javaparser.resolution.TypeSolver.solveType(TypeSolver.java:71)

36238      ERROR Test worker     d.u.i.k.n.b.TacletPBuilder Error in parsing taclet. de.uka.ilkd.key.util.parsing.BuildingException: Unsolved symbol in de.uka.ilkd.key.java.JavaParserFactory$DynamicTypeSolver@1c7f791e : java.lang.Object at file:/D:/a/key/key/key.core/build/resources/main/de/uka/ilkd/key/proof/rules/javaRules.key:1978:15
	at de.uka.ilkd.key.nparser.builder.AbstractBuilder.accept(AbstractBuilder.java:54)
Caused by: com.github.javaparser.resolution.UnsolvedSymbolException: Unsolved symbol in de.uka.ilkd.key.java.JavaParserFactory$DynamicTypeSolver@1c7f791e : java.lang.Object
	at com.github.javaparser.resolution.TypeSolver.solveType(TypeSolver.java:71)

36238      ERROR Test worker     d.u.i.k.n.b.AbstractBuilder  com.github.javaparser.resolution.UnsolvedSymbolException: Unsolved symbol in de.uka.ilkd.key.java.JavaParserFactory$DynamicTypeSolver@1c7f791e : java.lang.Object
	at com.github.javaparser.resolution.TypeSolver.solveType(TypeSolver.java:71)

36238      ERROR Test worker     d.u.i.k.n.b.TacletPBuilder Error in parsing taclet. de.uka.ilkd.key.util.parsing.BuildingException: Unsolved symbol in de.uka.ilkd.key.java.JavaParserFactory$DynamicTypeSolver@1c7f791e : java.lang.Object at file:/D:/a/key/key/key.core/build/resources/main/de/uka/ilkd/key/proof/rules/javaRules.key:1988:15
	at de.uka.ilkd.key.nparser.builder.AbstractBuilder.accept(AbstractBuilder.java:54)
Caused by: com.github.javaparser.resolution.UnsolvedSymbolException: Unsolved symbol in de.uka.ilkd.key.java.JavaParserFactory$DynamicTypeSolver@1c7f791e : java.lang.Object
	at com.github.javaparser.resolution.TypeSolver.solveType(TypeSolver.java:71)

36238      ERROR Test worker     d.u.i.k.n.b.AbstractBuilder  com.github.javaparser.resolution.UnsolvedSymbolException: Unsolved symbol in de.uka.ilkd.key.java.JavaParserFactory$DynamicTypeSolver@1c7f791e : java.lang.Object
	at com.github.javaparser.resolution.TypeSolver.solveType(TypeSolver.java:71)

36238      ERROR Test worker     d.u.i.k.n.b.TacletPBuilder Error in parsing taclet. de.uka.ilkd.key.util.parsing.BuildingException: Unsolved symbol in de.uka.ilkd.key.java.JavaParserFactory$DynamicTypeSolver@1c7f791e : java.lang.Object at file:/D:/a/key/key/key.core/build/resources/main/de/uka/ilkd/key/proof/rules/javaRules.key:1995:15
	at de.uka.ilkd.key.nparser.builder.AbstractBuilder.accept(AbstractBuilder.java:54)
Caused by: com.github.javaparser.resolution.UnsolvedSymbolException: Unsolved symbol in de.uka.ilkd.key.java.JavaParserFactory$DynamicTypeSolver@1c7f791e : java.lang.Object
	at com.github.javaparser.resolution.TypeSolver.solveType(TypeSolver.java:71)

36254      ERROR Test worker     d.u.i.k.n.b.AbstractBuilder  com.github.javaparser.resolution.UnsolvedSymbolException: Unsolved symbol in de.uka.ilkd.key.java.JavaParserFactory$DynamicTypeSolver@1c7f791e : java.lang.Object
	at com.github.javaparser.resolution.TypeSolver.solveType(TypeSolver.java:71)

36254      ERROR Test worker     d.u.i.k.n.b.TacletPBuilder Error in parsing taclet. de.uka.ilkd.key.util.parsing.BuildingException: Unsolved symbol in de.uka.ilkd.key.java.JavaParserFactory$DynamicTypeSolver@1c7f791e : java.lang.Object at file:/D:/a/key/key/key.core/build/resources/main/de/uka/ilkd/key/proof/rules/javaRules.key:2007:15
	at de.uka.ilkd.key.nparser.builder.AbstractBuilder.accept(AbstractBuilder.java:54)
Caused by: com.github.javaparser.resolution.UnsolvedSymbolException: Unsolved symbol in de.uka.ilkd.key.java.JavaParserFactory$DynamicTypeSolver@1c7f791e : java.lang.Object
	at com.github.javaparser.resolution.TypeSolver.solveType(TypeSolver.java:71)

36254      ERROR Test worker     d.u.i.k.n.b.AbstractBuilder  com.github.javaparser.resolution.UnsolvedSymbolException: Unsolved symbol in de.uka.ilkd.key.java.JavaParserFactory$DynamicTypeSolver@1c7f791e : java.lang.Object
	at com.github.javaparser.resolution.TypeSolver.solveType(TypeSolver.java:71)

36254      ERROR Test worker     d.u.i.k.n.b.TacletPBuilder Error in parsing taclet. de.uka.ilkd.key.util.parsing.BuildingException: Unsolved symbol in de.uka.ilkd.key.java.JavaParserFactory$DynamicTypeSolver@1c7f791e : java.lang.Object at file:/D:/a/key/key/key.core/build/resources/main/de/uka/ilkd/key/proof/rules/javaRules.key:2017:15
	at de.uka.ilkd.key.nparser.builder.AbstractBuilder.accept(AbstractBuilder.java:54)
Caused by: com.github.javaparser.resolution.UnsolvedSymbolException: Unsolved symbol in de.uka.ilkd.key.java.JavaParserFactory$DynamicTypeSolver@1c7f791e : java.lang.Object
	at com.github.javaparser.resolution.TypeSolver.solveType(TypeSolver.java:71)

36254      ERROR Test worker     d.u.i.k.n.b.AbstractBuilder  com.github.javaparser.resolution.UnsolvedSymbolException: Unsolved symbol in de.uka.ilkd.key.java.JavaParserFactory$DynamicTypeSolver@1c7f791e : java.lang.Object
	at com.github.javaparser.resolution.TypeSolver.solveType(TypeSolver.java:71)

36254      ERROR Test worker     d.u.i.k.n.b.TacletPBuilder Error in parsing taclet. de.uka.ilkd.key.util.parsing.BuildingException: Unsolved symbol in de.uka.ilkd.key.java.JavaParserFactory$DynamicTypeSolver@1c7f791e : java.lang.Object at file:/D:/a/key/key/key.core/build/resources/main/de/uka/ilkd/key/proof/rules/javaRules.key:2024:15
	at de.uka.ilkd.key.nparser.builder.AbstractBuilder.accept(AbstractBuilder.java:54)
Caused by: com.github.javaparser.resolution.UnsolvedSymbolException: Unsolved symbol in de.uka.ilkd.key.java.JavaParserFactory$DynamicTypeSolver@1c7f791e : java.lang.Object
	at com.github.javaparser.resolution.TypeSolver.solveType(TypeSolver.java:71)

36254      ERROR Test worker     d.u.i.k.n.b.AbstractBuilder  com.github.javaparser.resolution.UnsolvedSymbolException: Unsolved symbol in de.uka.ilkd.key.java.JavaParserFactory$DynamicTypeSolver@1c7f791e : java.lang.Object
	at com.github.javaparser.resolution.TypeSolver.solveType(TypeSolver.java:71)

36254      ERROR Test worker     d.u.i.k.n.b.TacletPBuilder Error in parsing taclet. de.uka.ilkd.key.util.parsing.BuildingException: Unsolved symbol in de.uka.ilkd.key.java.JavaParserFactory$DynamicTypeSolver@1c7f791e : java.lang.Object at file:/D:/a/key/key/key.core/build/resources/main/de/uka/ilkd/key/proof/rules/javaRules.key:2036:15
	at de.uka.ilkd.key.nparser.builder.AbstractBuilder.accept(AbstractBuilder.java:54)
Caused by: com.github.javaparser.resolution.UnsolvedSymbolException: Unsolved symbol in de.uka.ilkd.key.java.JavaParserFactory$DynamicTypeSolver@1c7f791e : java.lang.Object
	at com.github.javaparser.resolution.TypeSolver.solveType(TypeSolver.java:71)

36254      ERROR Test worker     d.u.i.k.n.b.AbstractBuilder  com.github.javaparser.resolution.UnsolvedSymbolException: Unsolved symbol in de.uka.ilkd.key.java.JavaParserFactory$DynamicTypeSolver@1c7f791e : java.lang.Object
	at com.github.javaparser.resolution.TypeSolver.solveType(TypeSolver.java:71)

36254      ERROR Test worker     d.u.i.k.n.b.TacletPBuilder Error in parsing taclet. de.uka.ilkd.key.util.parsing.BuildingException: Unsolved symbol in de.uka.ilkd.key.java.JavaParserFactory$DynamicTypeSolver@1c7f791e : java.lang.Object at file:/D:/a/key/key/key.core/build/resources/main/de/uka/ilkd/key/proof/rules/javaRules.key:2046:15
	at de.uka.ilkd.key.nparser.builder.AbstractBuilder.accept(AbstractBuilder.java:54)
Caused by: com.github.javaparser.resolution.UnsolvedSymbolException: Unsolved symbol in de.uka.ilkd.key.java.JavaParserFactory$DynamicTypeSolver@1c7f791e : java.lang.Object
	at com.github.javaparser.resolution.TypeSolver.solveType(TypeSolver.java:71)

36269      ERROR Test worker     d.u.i.k.n.b.AbstractBuilder  com.github.javaparser.resolution.UnsolvedSymbolException: Unsolved symbol in de.uka.ilkd.key.java.JavaParserFactory$DynamicTypeSolver@1c7f791e : java.lang.Object
	at com.github.javaparser.resolution.TypeSolver.solveType(TypeSolver.java:71)

36269      ERROR Test worker     d.u.i.k.n.b.TacletPBuilder Error in parsing taclet. de.uka.ilkd.key.util.parsing.BuildingException: Unsolved symbol in de.uka.ilkd.key.java.JavaParserFactory$DynamicTypeSolver@1c7f791e : java.lang.Object at file:/D:/a/key/key/key.core/build/resources/main/de/uka/ilkd/key/proof/rules/javaRules.key:2053:15
	at de.uka.ilkd.key.nparser.builder.AbstractBuilder.accept(AbstractBuilder.java:54)
Caused by: com.github.javaparser.resolution.UnsolvedSymbolException: Unsolved symbol in de.uka.ilkd.key.java.JavaParserFactory$DynamicTypeSolver@1c7f791e : java.lang.Object
	at com.github.javaparser.resolution.TypeSolver.solveType(TypeSolver.java:71)

36269      ERROR Test worker     d.u.i.k.n.b.AbstractBuilder  com.github.javaparser.resolution.UnsolvedSymbolException: Unsolved symbol in de.uka.ilkd.key.java.JavaParserFactory$DynamicTypeSolver@1c7f791e : java.lang.Object
	at com.github.javaparser.resolution.TypeSolver.solveType(TypeSolver.java:71)

36269      ERROR Test worker     d.u.i.k.n.b.TacletPBuilder Error in parsing taclet. de.uka.ilkd.key.util.parsing.BuildingException: Unsolved symbol in de.uka.ilkd.key.java.JavaParserFactory$DynamicTypeSolver@1c7f791e : java.lang.Object at file:/D:/a/key/key/key.core/build/resources/main/de/uka/ilkd/key/proof/rules/javaRules.key:2065:15
	at de.uka.ilkd.key.nparser.builder.AbstractBuilder.accept(AbstractBuilder.java:54)
Caused by: com.github.javaparser.resolution.UnsolvedSymbolException: Unsolved symbol in de.uka.ilkd.key.java.JavaParserFactory$DynamicTypeSolver@1c7f791e : java.lang.Object
	at com.github.javaparser.resolution.TypeSolver.solveType(TypeSolver.java:71)

36269      ERROR Test worker     d.u.i.k.n.b.AbstractBuilder  com.github.javaparser.resolution.UnsolvedSymbolException: Unsolved symbol in de.uka.ilkd.key.java.JavaParserFactory$DynamicTypeSolver@1c7f791e : java.lang.Object
	at com.github.javaparser.resolution.TypeSolver.solveType(TypeSolver.java:71)

36269      ERROR Test worker     d.u.i.k.n.b.TacletPBuilder Error in parsing taclet. de.uka.ilkd.key.util.parsing.BuildingException: Unsolved symbol in de.uka.ilkd.key.java.JavaParserFactory$DynamicTypeSolver@1c7f791e : java.lang.Object at file:/D:/a/key/key/key.core/build/resources/main/de/uka/ilkd/key/proof/rules/javaRules.key:2075:15
	at de.uka.ilkd.key.nparser.builder.AbstractBuilder.accept(AbstractBuilder.java:54)
Caused by: com.github.javaparser.resolution.UnsolvedSymbolException: Unsolved symbol in de.uka.ilkd.key.java.JavaParserFactory$DynamicTypeSolver@1c7f791e : java.lang.Object
	at com.github.javaparser.resolution.TypeSolver.solveType(TypeSolver.java:71)

36269      ERROR Test worker     d.u.i.k.n.b.AbstractBuilder  com.github.javaparser.resolution.UnsolvedSymbolException: Unsolved symbol in de.uka.ilkd.key.java.JavaParserFactory$DynamicTypeSolver@1c7f791e : java.lang.Object
	at com.github.javaparser.resolution.TypeSolver.solveType(TypeSolver.java:71)

36269      ERROR Test worker     d.u.i.k.n.b.TacletPBuilder Error in parsing taclet. de.uka.ilkd.key.util.parsing.BuildingException: Unsolved symbol in de.uka.ilkd.key.java.JavaParserFactory$DynamicTypeSolver@1c7f791e : java.lang.Object at file:/D:/a/key/key/key.core/build/resources/main/de/uka/ilkd/key/proof/rules/javaRules.key:2082:15
	at de.uka.ilkd.key.nparser.builder.AbstractBuilder.accept(AbstractBuilder.java:54)
Caused by: com.github.javaparser.resolution.UnsolvedSymbolException: Unsolved symbol in de.uka.ilkd.key.java.JavaParserFactory$DynamicTypeSolver@1c7f791e : java.lang.Object
	at com.github.javaparser.resolution.TypeSolver.solveType(TypeSolver.java:71)

36269      ERROR Test worker     d.u.i.k.n.b.AbstractBuilder  com.github.javaparser.resolution.UnsolvedSymbolException: Unsolved symbol in de.uka.ilkd.key.java.JavaParserFactory$DynamicTypeSolver@1c7f791e : java.lang.Object
	at com.github.javaparser.resolution.TypeSolver.solveType(TypeSolver.java:71)

36269      ERROR Test worker     d.u.i.k.n.b.TacletPBuilder Error in parsing taclet. de.uka.ilkd.key.util.parsing.BuildingException: Unsolved symbol in de.uka.ilkd.key.java.JavaParserFactory$DynamicTypeSolver@1c7f791e : java.lang.Object at file:/D:/a/key/key/key.core/build/resources/main/de/uka/ilkd/key/proof/rules/javaRules.key:2094:15
	at de.uka.ilkd.key.nparser.builder.AbstractBuilder.accept(AbstractBuilder.java:54)
Caused by: com.github.javaparser.resolution.UnsolvedSymbolException: Unsolved symbol in de.uka.ilkd.key.java.JavaParserFactory$DynamicTypeSolver@1c7f791e : java.lang.Object
	at com.github.javaparser.resolution.TypeSolver.solveType(TypeSolver.java:71)

36269      ERROR Test worker     d.u.i.k.n.b.AbstractBuilder  com.github.javaparser.resolution.UnsolvedSymbolException: Unsolved symbol in de.uka.ilkd.key.java.JavaParserFactory$DynamicTypeSolver@1c7f791e : java.lang.Object
	at com.github.javaparser.resolution.TypeSolver.solveType(TypeSolver.java:71)

36269      ERROR Test worker     d.u.i.k.n.b.TacletPBuilder Error in parsing taclet. de.uka.ilkd.key.util.parsing.BuildingException: Unsolved symbol in de.uka.ilkd.key.java.JavaParserFactory$DynamicTypeSolver@1c7f791e : java.lang.Object at file:/D:/a/key/key/key.core/build/resources/main/de/uka/ilkd/key/proof/rules/javaRules.key:2104:15
	at de.uka.ilkd.key.nparser.builder.AbstractBuilder.accept(AbstractBuilder.java:54)
Caused by: com.github.javaparser.resolution.UnsolvedSymbolException: Unsolved symbol in de.uka.ilkd.key.java.JavaParserFactory$DynamicTypeSolver@1c7f791e : java.lang.Object
	at com.github.javaparser.resolution.TypeSolver.solveType(TypeSolver.java:71)

36269      ERROR Test worker     d.u.i.k.n.b.AbstractBuilder  com.github.javaparser.resolution.UnsolvedSymbolException: Unsolved symbol in de.uka.ilkd.key.java.JavaParserFactory$DynamicTypeSolver@1c7f791e : java.lang.Object
	at com.github.javaparser.resolution.TypeSolver.solveType(TypeSolver.java:71)

36269      ERROR Test worker     d.u.i.k.n.b.TacletPBuilder Error in parsing taclet. de.uka.ilkd.key.util.parsing.BuildingException: Unsolved symbol in de.uka.ilkd.key.java.JavaParserFactory$DynamicTypeSolver@1c7f791e : java.lang.Object at file:/D:/a/key/key/key.core/build/resources/main/de/uka/ilkd/key/proof/rules/javaRules.key:2111:15
	at de.uka.ilkd.key.nparser.builder.AbstractBuilder.accept(AbstractBuilder.java:54)
Caused by: com.github.javaparser.resolution.UnsolvedSymbolException: Unsolved symbol in de.uka.ilkd.key.java.JavaParserFactory$DynamicTypeSolver@1c7f791e : java.lang.Object
	at com.github.javaparser.resolution.TypeSolver.solveType(TypeSolver.java:71)

36269      ERROR Test worker     d.u.i.k.n.b.AbstractBuilder  com.github.javaparser.resolution.UnsolvedSymbolException: Unsolved symbol in de.uka.ilkd.key.java.JavaParserFactory$DynamicTypeSolver@1c7f791e : java.lang.Object
	at com.github.javaparser.resolution.TypeSolver.solveType(TypeSolver.java:71)

36269      ERROR Test worker     d.u.i.k.n.b.TacletPBuilder Error in parsing taclet. de.uka.ilkd.key.util.parsing.BuildingException: Unsolved symbol in de.uka.ilkd.key.java.JavaParserFactory$DynamicTypeSolver@1c7f791e : java.lang.Object at file:/D:/a/key/key/key.core/build/resources/main/de/uka/ilkd/key/proof/rules/javaRules.key:2123:15
	at de.uka.ilkd.key.nparser.builder.AbstractBuilder.accept(AbstractBuilder.java:54)
Caused by: com.github.javaparser.resolution.UnsolvedSymbolException: Unsolved symbol in de.uka.ilkd.key.java.JavaParserFactory$DynamicTypeSolver@1c7f791e : java.lang.Object
	at com.github.javaparser.resolution.TypeSolver.solveType(TypeSolver.java:71)

36285      ERROR Test worker     d.u.i.k.n.b.AbstractBuilder  com.github.javaparser.resolution.UnsolvedSymbolException: Unsolved symbol in de.uka.ilkd.key.java.JavaParserFactory$DynamicTypeSolver@1c7f791e : java.lang.Object
	at com.github.javaparser.resolution.TypeSolver.solveType(TypeSolver.java:71)

36285      ERROR Test worker     d.u.i.k.n.b.TacletPBuilder Error in parsing taclet. de.uka.ilkd.key.util.parsing.BuildingException: Unsolved symbol in de.uka.ilkd.key.java.JavaParserFactory$DynamicTypeSolver@1c7f791e : java.lang.Object at file:/D:/a/key/key/key.core/build/resources/main/de/uka/ilkd/key/proof/rules/javaRules.key:2133:15
	at de.uka.ilkd.key.nparser.builder.AbstractBuilder.accept(AbstractBuilder.java:54)
Caused by: com.github.javaparser.resolution.UnsolvedSymbolException: Unsolved symbol in de.uka.ilkd.key.java.JavaParserFactory$DynamicTypeSolver@1c7f791e : java.lang.Object
	at com.github.javaparser.resolution.TypeSolver.solveType(TypeSolver.java:71)

36285      ERROR Test worker     d.u.i.k.n.b.AbstractBuilder  com.github.javaparser.resolution.UnsolvedSymbolException: Unsolved symbol in de.uka.ilkd.key.java.JavaParserFactory$DynamicTypeSolver@1c7f791e : java.lang.Object
	at com.github.javaparser.resolution.TypeSolver.solveType(TypeSolver.java:71)

36285      ERROR Test worker     d.u.i.k.n.b.TacletPBuilder Error in parsing taclet. de.uka.ilkd.key.util.parsing.BuildingException: Unsolved symbol in de.uka.ilkd.key.java.JavaParserFactory$DynamicTypeSolver@1c7f791e : java.lang.Object at file:/D:/a/key/key/key.core/build/resources/main/de/uka/ilkd/key/proof/rules/javaRules.key:2140:15
	at de.uka.ilkd.key.nparser.builder.AbstractBuilder.accept(AbstractBuilder.java:54)
Caused by: com.github.javaparser.resolution.UnsolvedSymbolException: Unsolved symbol in de.uka.ilkd.key.java.JavaParserFactory$DynamicTypeSolver@1c7f791e : java.lang.Object
	at com.github.javaparser.resolution.TypeSolver.solveType(TypeSolver.java:71)

36285      ERROR Test worker     d.u.i.k.n.b.AbstractBuilder  com.github.javaparser.resolution.UnsolvedSymbolException: Unsolved symbol in de.uka.ilkd.key.java.JavaParserFactory$DynamicTypeSolver@1c7f791e : java.lang.Object
	at com.github.javaparser.resolution.TypeSolver.solveType(TypeSolver.java:71)

36285      ERROR Test worker     d.u.i.k.n.b.TacletPBuilder Error in parsing taclet. de.uka.ilkd.key.util.parsing.BuildingException: Unsolved symbol in de.uka.ilkd.key.java.JavaParserFactory$DynamicTypeSolver@1c7f791e : java.lang.Object at file:/D:/a/key/key/key.core/build/resources/main/de/uka/ilkd/key/proof/rules/javaRules.key:2152:15
	at de.uka.ilkd.key.nparser.builder.AbstractBuilder.accept(AbstractBuilder.java:54)
Caused by: com.github.javaparser.resolution.UnsolvedSymbolException: Unsolved symbol in de.uka.ilkd.key.java.JavaParserFactory$DynamicTypeSolver@1c7f791e : java.lang.Object
	at com.github.javaparser.resolution.TypeSolver.solveType(TypeSolver.java:71)

36285      ERROR Test worker     d.u.i.k.n.b.AbstractBuilder  com.github.javaparser.resolution.UnsolvedSymbolException: Unsolved symbol in de.uka.ilkd.key.java.JavaParserFactory$DynamicTypeSolver@1c7f791e : java.lang.Object
	at com.github.javaparser.resolution.TypeSolver.solveType(TypeSolver.java:71)

36285      ERROR Test worker     d.u.i.k.n.b.TacletPBuilder Error in parsing taclet. de.uka.ilkd.key.util.parsing.BuildingException: Unsolved symbol in de.uka.ilkd.key.java.JavaParserFactory$DynamicTypeSolver@1c7f791e : java.lang.Object at file:/D:/a/key/key/key.core/build/resources/main/de/uka/ilkd/key/proof/rules/javaRules.key:2162:15
	at de.uka.ilkd.key.nparser.builder.AbstractBuilder.accept(AbstractBuilder.java:54)
Caused by: com.github.javaparser.resolution.UnsolvedSymbolException: Unsolved symbol in de.uka.ilkd.key.java.JavaParserFactory$DynamicTypeSolver@1c7f791e : java.lang.Object
	at com.github.javaparser.resolution.TypeSolver.solveType(TypeSolver.java:71)

36285      ERROR Test worker     d.u.i.k.n.b.AbstractBuilder  com.github.javaparser.resolution.UnsolvedSymbolException: Unsolved symbol in de.uka.ilkd.key.java.JavaParserFactory$DynamicTypeSolver@1c7f791e : java.lang.Object
	at com.github.javaparser.resolution.TypeSolver.solveType(TypeSolver.java:71)

36285      ERROR Test worker     d.u.i.k.n.b.TacletPBuilder Error in parsing taclet. de.uka.ilkd.key.util.parsing.BuildingException: Unsolved symbol in de.uka.ilkd.key.java.JavaParserFactory$DynamicTypeSolver@1c7f791e : java.lang.Object at file:/D:/a/key/key/key.core/build/resources/main/de/uka/ilkd/key/proof/rules/javaRules.key:2169:15
	at de.uka.ilkd.key.nparser.builder.AbstractBuilder.accept(AbstractBuilder.java:54)
Caused by: com.github.javaparser.resolution.UnsolvedSymbolException: Unsolved symbol in de.uka.ilkd.key.java.JavaParserFactory$DynamicTypeSolver@1c7f791e : java.lang.Object
	at com.github.javaparser.resolution.TypeSolver.solveType(TypeSolver.java:71)

36285      ERROR Test worker     d.u.i.k.n.b.AbstractBuilder  com.github.javaparser.resolution.UnsolvedSymbolException: Unsolved symbol in de.uka.ilkd.key.java.JavaParserFactory$DynamicTypeSolver@1c7f791e : java.lang.Object
	at com.github.javaparser.resolution.TypeSolver.solveType(TypeSolver.java:71)

36285      ERROR Test worker     d.u.i.k.n.b.TacletPBuilder Error in parsing taclet. de.uka.ilkd.key.util.parsing.BuildingException: Unsolved symbol in de.uka.ilkd.key.java.JavaParserFactory$DynamicTypeSolver@1c7f791e : java.lang.Object at file:/D:/a/key/key/key.core/build/resources/main/de/uka/ilkd/key/proof/rules/javaRules.key:2181:15
	at de.uka.ilkd.key.nparser.builder.AbstractBuilder.accept(AbstractBuilder.java:54)
Caused by: com.github.javaparser.resolution.UnsolvedSymbolException: Unsolved symbol in de.uka.ilkd.key.java.JavaParserFactory$DynamicTypeSolver@1c7f791e : java.lang.Object
	at com.github.javaparser.resolution.TypeSolver.solveType(TypeSolver.java:71)

36285      ERROR Test worker     d.u.i.k.n.b.AbstractBuilder  com.github.javaparser.resolution.UnsolvedSymbolException: Unsolved symbol in de.uka.ilkd.key.java.JavaParserFactory$DynamicTypeSolver@1c7f791e : java.lang.Object
	at com.github.javaparser.resolution.TypeSolver.solveType(TypeSolver.java:71)

36285      ERROR Test worker     d.u.i.k.n.b.TacletPBuilder Error in parsing taclet. de.uka.ilkd.key.util.parsing.BuildingException: Unsolved symbol in de.uka.ilkd.key.java.JavaParserFactory$DynamicTypeSolver@1c7f791e : java.lang.Object at file:/D:/a/key/key/key.core/build/resources/main/de/uka/ilkd/key/proof/rules/javaRules.key:2191:15
	at de.uka.ilkd.key.nparser.builder.AbstractBuilder.accept(AbstractBuilder.java:54)
Caused by: com.github.javaparser.resolution.UnsolvedSymbolException: Unsolved symbol in de.uka.ilkd.key.java.JavaParserFactory$DynamicTypeSolver@1c7f791e : java.lang.Object
	at com.github.javaparser.resolution.TypeSolver.solveType(TypeSolver.java:71)

36285      ERROR Test worker     d.u.i.k.n.b.AbstractBuilder  com.github.javaparser.resolution.UnsolvedSymbolException: Unsolved symbol in de.uka.ilkd.key.java.JavaParserFactory$DynamicTypeSolver@1c7f791e : java.lang.Object
	at com.github.javaparser.resolution.TypeSolver.solveType(TypeSolver.java:71)

36285      ERROR Test worker     d.u.i.k.n.b.TacletPBuilder Error in parsing taclet. de.uka.ilkd.key.util.parsing.BuildingException: Unsolved symbol in de.uka.ilkd.key.java.JavaParserFactory$DynamicTypeSolver@1c7f791e : java.lang.Object at file:/D:/a/key/key/key.core/build/resources/main/de/uka/ilkd/key/proof/rules/javaRules.key:2198:15
	at de.uka.ilkd.key.nparser.builder.AbstractBuilder.accept(AbstractBuilder.java:54)
Caused by: com.github.javaparser.resolution.UnsolvedSymbolException: Unsolved symbol in de.uka.ilkd.key.java.JavaParserFactory$DynamicTypeSolver@1c7f791e : java.lang.Object
	at com.github.javaparser.resolution.TypeSolver.solveType(TypeSolver.java:71)

36285      ERROR Test worker     d.u.i.k.n.b.AbstractBuilder  com.github.javaparser.resolution.UnsolvedSymbolException: Unsolved symbol in de.uka.ilkd.key.java.JavaParserFactory$DynamicTypeSolver@1c7f791e : java.lang.Object
	at com.github.javaparser.resolution.TypeSolver.solveType(TypeSolver.java:71)

36285      ERROR Test worker     d.u.i.k.n.b.TacletPBuilder Error in parsing taclet. de.uka.ilkd.key.util.parsing.BuildingException: Unsolved symbol in de.uka.ilkd.key.java.JavaParserFactory$DynamicTypeSolver@1c7f791e : java.lang.Object at file:/D:/a/key/key/key.core/build/resources/main/de/uka/ilkd/key/proof/rules/javaRules.key:2210:15
	at de.uka.ilkd.key.nparser.builder.AbstractBuilder.accept(AbstractBuilder.java:54)
Caused by: com.github.javaparser.resolution.UnsolvedSymbolException: Unsolved symbol in de.uka.ilkd.key.java.JavaParserFactory$DynamicTypeSolver@1c7f791e : java.lang.Object
	at com.github.javaparser.resolution.TypeSolver.solveType(TypeSolver.java:71)

36301      ERROR Test worker     d.u.i.k.n.b.AbstractBuilder  com.github.javaparser.resolution.UnsolvedSymbolException: Unsolved symbol in de.uka.ilkd.key.java.JavaParserFactory$DynamicTypeSolver@1c7f791e : java.lang.Object
	at com.github.javaparser.resolution.TypeSolver.solveType(TypeSolver.java:71)

36301      ERROR Test worker     d.u.i.k.n.b.TacletPBuilder Error in parsing taclet. de.uka.ilkd.key.util.parsing.BuildingException: Unsolved symbol in de.uka.ilkd.key.java.JavaParserFactory$DynamicTypeSolver@1c7f791e : java.lang.Object at file:/D:/a/key/key/key.core/build/resources/main/de/uka/ilkd/key/proof/rules/javaRules.key:2220:15
	at de.uka.ilkd.key.nparser.builder.AbstractBuilder.accept(AbstractBuilder.java:54)
Caused by: com.github.javaparser.resolution.UnsolvedSymbolException: Unsolved symbol in de.uka.ilkd.key.java.JavaParserFactory$DynamicTypeSolver@1c7f791e : java.lang.Object
	at com.github.javaparser.resolution.TypeSolver.solveType(TypeSolver.java:71)

36301      ERROR Test worker     d.u.i.k.n.b.AbstractBuilder  com.github.javaparser.resolution.UnsolvedSymbolException: Unsolved symbol in de.uka.ilkd.key.java.JavaParserFactory$DynamicTypeSolver@1c7f791e : java.lang.Object
	at com.github.javaparser.resolution.TypeSolver.solveType(TypeSolver.java:71)

36301      ERROR Test worker     d.u.i.k.n.b.TacletPBuilder Error in parsing taclet. de.uka.ilkd.key.util.parsing.BuildingException: Unsolved symbol in de.uka.ilkd.key.java.JavaParserFactory$DynamicTypeSolver@1c7f791e : java.lang.Object at file:/D:/a/key/key/key.core/build/resources/main/de/uka/ilkd/key/proof/rules/javaRules.key:2227:15
	at de.uka.ilkd.key.nparser.builder.AbstractBuilder.accept(AbstractBuilder.java:54)
Caused by: com.github.javaparser.resolution.UnsolvedSymbolException: Unsolved symbol in de.uka.ilkd.key.java.JavaParserFactory$DynamicTypeSolver@1c7f791e : java.lang.Object
	at com.github.javaparser.resolution.TypeSolver.solveType(TypeSolver.java:71)

36301      ERROR Test worker     d.u.i.k.n.b.AbstractBuilder  com.github.javaparser.resolution.UnsolvedSymbolException: Unsolved symbol in de.uka.ilkd.key.java.JavaParserFactory$DynamicTypeSolver@1c7f791e : java.lang.Object
	at com.github.javaparser.resolution.TypeSolver.solveType(TypeSolver.java:71)

36301      ERROR Test worker     d.u.i.k.n.b.TacletPBuilder Error in parsing taclet. de.uka.ilkd.key.util.parsing.BuildingException: Unsolved symbol in de.uka.ilkd.key.java.JavaParserFactory$DynamicTypeSolver@1c7f791e : java.lang.Object at file:/D:/a/key/key/key.core/build/resources/main/de/uka/ilkd/key/proof/rules/javaRules.key:2239:15
	at de.uka.ilkd.key.nparser.builder.AbstractBuilder.accept(AbstractBuilder.java:54)
Caused by: com.github.javaparser.resolution.UnsolvedSymbolException: Unsolved symbol in de.uka.ilkd.key.java.JavaParserFactory$DynamicTypeSolver@1c7f791e : java.lang.Object
	at com.github.javaparser.resolution.TypeSolver.solveType(TypeSolver.java:71)

36301      ERROR Test worker     d.u.i.k.n.b.AbstractBuilder  com.github.javaparser.resolution.UnsolvedSymbolException: Unsolved symbol in de.uka.ilkd.key.java.JavaParserFactory$DynamicTypeSolver@1c7f791e : java.lang.Object
	at com.github.javaparser.resolution.TypeSolver.solveType(TypeSolver.java:71)

36301      ERROR Test worker     d.u.i.k.n.b.TacletPBuilder Error in parsing taclet. de.uka.ilkd.key.util.parsing.BuildingException: Unsolved symbol in de.uka.ilkd.key.java.JavaParserFactory$DynamicTypeSolver@1c7f791e : java.lang.Object at file:/D:/a/key/key/key.core/build/resources/main/de/uka/ilkd/key/proof/rules/javaRules.key:2249:15
	at de.uka.ilkd.key.nparser.builder.AbstractBuilder.accept(AbstractBuilder.java:54)
Caused by: com.github.javaparser.resolution.UnsolvedSymbolException: Unsolved symbol in de.uka.ilkd.key.java.JavaParserFactory$DynamicTypeSolver@1c7f791e : java.lang.Object
	at com.github.javaparser.resolution.TypeSolver.solveType(TypeSolver.java:71)

36301      ERROR Test worker     d.u.i.k.n.b.AbstractBuilder  com.github.javaparser.resolution.UnsolvedSymbolException: Unsolved symbol in de.uka.ilkd.key.java.JavaParserFactory$DynamicTypeSolver@1c7f791e : java.lang.Object
	at com.github.javaparser.resolution.TypeSolver.solveType(TypeSolver.java:71)

36301      ERROR Test worker     d.u.i.k.n.b.TacletPBuilder Error in parsing taclet. de.uka.ilkd.key.util.parsing.BuildingException: Unsolved symbol in de.uka.ilkd.key.java.JavaParserFactory$DynamicTypeSolver@1c7f791e : java.lang.Object at file:/D:/a/key/key/key.core/build/resources/main/de/uka/ilkd/key/proof/rules/javaRules.key:2256:15
	at de.uka.ilkd.key.nparser.builder.AbstractBuilder.accept(AbstractBuilder.java:54)
Caused by: com.github.javaparser.resolution.UnsolvedSymbolException: Unsolved symbol in de.uka.ilkd.key.java.JavaParserFactory$DynamicTypeSolver@1c7f791e : java.lang.Object
	at com.github.javaparser.resolution.TypeSolver.solveType(TypeSolver.java:71)

36301      ERROR Test worker     d.u.i.k.n.b.AbstractBuilder  com.github.javaparser.resolution.UnsolvedSymbolException: Unsolved symbol in de.uka.ilkd.key.java.JavaParserFactory$DynamicTypeSolver@1c7f791e : java.lang.Object
	at com.github.javaparser.resolution.TypeSolver.solveType(TypeSolver.java:71)

36301      ERROR Test worker     d.u.i.k.n.b.TacletPBuilder Error in parsing taclet. de.uka.ilkd.key.util.parsing.BuildingException: Unsolved symbol in de.uka.ilkd.key.java.JavaParserFactory$DynamicTypeSolver@1c7f791e : java.lang.Object at file:/D:/a/key/key/key.core/build/resources/main/de/uka/ilkd/key/proof/rules/javaRules.key:2268:15
	at de.uka.ilkd.key.nparser.builder.AbstractBuilder.accept(AbstractBuilder.java:54)
Caused by: com.github.javaparser.resolution.UnsolvedSymbolException: Unsolved symbol in de.uka.ilkd.key.java.JavaParserFactory$DynamicTypeSolver@1c7f791e : java.lang.Object
	at com.github.javaparser.resolution.TypeSolver.solveType(TypeSolver.java:71)

36301      ERROR Test worker     d.u.i.k.n.b.AbstractBuilder  com.github.javaparser.resolution.UnsolvedSymbolException: Unsolved symbol in de.uka.ilkd.key.java.JavaParserFactory$DynamicTypeSolver@1c7f791e : java.lang.Object
	at com.github.javaparser.resolution.TypeSolver.solveType(TypeSolver.java:71)

36301      ERROR Test worker     d.u.i.k.n.b.TacletPBuilder Error in parsing taclet. de.uka.ilkd.key.util.parsing.BuildingException: Unsolved symbol in de.uka.ilkd.key.java.JavaParserFactory$DynamicTypeSolver@1c7f791e : java.lang.Object at file:/D:/a/key/key/key.core/build/resources/main/de/uka/ilkd/key/proof/rules/javaRules.key:2278:15
	at de.uka.ilkd.key.nparser.builder.AbstractBuilder.accept(AbstractBuilder.java:54)
Caused by: com.github.javaparser.resolution.UnsolvedSymbolException: Unsolved symbol in de.uka.ilkd.key.java.JavaParserFactory$DynamicTypeSolver@1c7f791e : java.lang.Object
	at com.github.javaparser.resolution.TypeSolver.solveType(TypeSolver.java:71)

36301      ERROR Test worker     d.u.i.k.n.b.AbstractBuilder  com.github.javaparser.resolution.UnsolvedSymbolException: Unsolved symbol in de.uka.ilkd.key.java.JavaParserFactory$DynamicTypeSolver@1c7f791e : java.lang.Object
	at com.github.javaparser.resolution.TypeSolver.solveType(TypeSolver.java:71)

36301      ERROR Test worker     d.u.i.k.n.b.TacletPBuilder Error in parsing taclet. de.uka.ilkd.key.util.parsing.BuildingException: Unsolved symbol in de.uka.ilkd.key.java.JavaParserFactory$DynamicTypeSolver@1c7f791e : java.lang.Object at file:/D:/a/key/key/key.core/build/resources/main/de/uka/ilkd/key/proof/rules/javaRules.key:2289:15
	at de.uka.ilkd.key.nparser.builder.AbstractBuilder.accept(AbstractBuilder.java:54)
Caused by: com.github.javaparser.resolution.UnsolvedSymbolException: Unsolved symbol in de.uka.ilkd.key.java.JavaParserFactory$DynamicTypeSolver@1c7f791e : java.lang.Object
	at com.github.javaparser.resolution.TypeSolver.solveType(TypeSolver.java:71)

36301      ERROR Test worker     d.u.i.k.n.b.AbstractBuilder  com.github.javaparser.resolution.UnsolvedSymbolException: Unsolved symbol in de.uka.ilkd.key.java.JavaParserFactory$DynamicTypeSolver@1c7f791e : java.lang.Object
	at com.github.javaparser.resolution.TypeSolver.solveType(TypeSolver.java:71)

36301      ERROR Test worker     d.u.i.k.n.b.TacletPBuilder Error in parsing taclet. de.uka.ilkd.key.util.parsing.BuildingException: Unsolved symbol in de.uka.ilkd.key.java.JavaParserFactory$DynamicTypeSolver@1c7f791e : java.lang.Object at file:/D:/a/key/key/key.core/build/resources/main/de/uka/ilkd/key/proof/rules/javaRules.key:2295:15
	at de.uka.ilkd.key.nparser.builder.AbstractBuilder.accept(AbstractBuilder.java:54)
Caused by: com.github.javaparser.resolution.UnsolvedSymbolException: Unsolved symbol in de.uka.ilkd.key.java.JavaParserFactory$DynamicTypeSolver@1c7f791e : java.lang.Object
	at com.github.javaparser.resolution.TypeSolver.solveType(TypeSolver.java:71)

36301      ERROR Test worker     d.u.i.k.n.b.AbstractBuilder  com.github.javaparser.resolution.UnsolvedSymbolException: Unsolved symbol in de.uka.ilkd.key.java.JavaParserFactory$DynamicTypeSolver@1c7f791e : java.lang.Object
	at com.github.javaparser.resolution.TypeSolver.solveType(TypeSolver.java:71)

36301      ERROR Test worker     d.u.i.k.n.b.TacletPBuilder Error in parsing taclet. de.uka.ilkd.key.util.parsing.BuildingException: Unsolved symbol in de.uka.ilkd.key.java.JavaParserFactory$DynamicTypeSolver@1c7f791e : java.lang.Object at file:/D:/a/key/key/key.core/build/resources/main/de/uka/ilkd/key/proof/rules/javaRules.key:2302:15
	at de.uka.ilkd.key.nparser.builder.AbstractBuilder.accept(AbstractBuilder.java:54)
Caused by: com.github.javaparser.resolution.UnsolvedSymbolException: Unsolved symbol in de.uka.ilkd.key.java.JavaParserFactory$DynamicTypeSolver@1c7f791e : java.lang.Object
	at com.github.javaparser.resolution.TypeSolver.solveType(TypeSolver.java:71)

36316      ERROR Test worker     d.u.i.k.n.b.AbstractBuilder  com.github.javaparser.resolution.UnsolvedSymbolException: Unsolved symbol in de.uka.ilkd.key.java.JavaParserFactory$DynamicTypeSolver@1c7f791e : java.lang.Object
	at com.github.javaparser.resolution.TypeSolver.solveType(TypeSolver.java:71)

36316      ERROR Test worker     d.u.i.k.n.b.TacletPBuilder Error in parsing taclet. de.uka.ilkd.key.util.parsing.BuildingException: Unsolved symbol in de.uka.ilkd.key.java.JavaParserFactory$DynamicTypeSolver@1c7f791e : java.lang.Object at file:/D:/a/key/key/key.core/build/resources/main/de/uka/ilkd/key/proof/rules/javaRules.key:2309:15
	at de.uka.ilkd.key.nparser.builder.AbstractBuilder.accept(AbstractBuilder.java:54)
Caused by: com.github.javaparser.resolution.UnsolvedSymbolException: Unsolved symbol in de.uka.ilkd.key.java.JavaParserFactory$DynamicTypeSolver@1c7f791e : java.lang.Object
	at com.github.javaparser.resolution.TypeSolver.solveType(TypeSolver.java:71)

36316      ERROR Test worker     d.u.i.k.n.b.AbstractBuilder  com.github.javaparser.resolution.UnsolvedSymbolException: Unsolved symbol in de.uka.ilkd.key.java.JavaParserFactory$DynamicTypeSolver@1c7f791e : java.lang.Object
	at com.github.javaparser.resolution.TypeSolver.solveType(TypeSolver.java:71)

36316      ERROR Test worker     d.u.i.k.n.b.TacletPBuilder Error in parsing taclet. de.uka.ilkd.key.util.parsing.BuildingException: Unsolved symbol in de.uka.ilkd.key.java.JavaParserFactory$DynamicTypeSolver@1c7f791e : java.lang.Object at file:/D:/a/key/key/key.core/build/resources/main/de/uka/ilkd/key/proof/rules/javaRules.key:2316:15
	at de.uka.ilkd.key.nparser.builder.AbstractBuilder.accept(AbstractBuilder.java:54)
Caused by: com.github.javaparser.resolution.UnsolvedSymbolException: Unsolved symbol in de.uka.ilkd.key.java.JavaParserFactory$DynamicTypeSolver@1c7f791e : java.lang.Object
	at com.github.javaparser.resolution.TypeSolver.solveType(TypeSolver.java:71)

36316      ERROR Test worker     d.u.i.k.n.b.AbstractBuilder  com.github.javaparser.resolution.UnsolvedSymbolException: Unsolved symbol in de.uka.ilkd.key.java.JavaParserFactory$DynamicTypeSolver@1c7f791e : java.lang.Object
	at com.github.javaparser.resolution.TypeSolver.solveType(TypeSolver.java:71)

36316      ERROR Test worker     d.u.i.k.n.b.TacletPBuilder Error in parsing taclet. de.uka.ilkd.key.util.parsing.BuildingException: Unsolved symbol in de.uka.ilkd.key.java.JavaParserFactory$DynamicTypeSolver@1c7f791e : java.lang.Object at file:/D:/a/key/key/key.core/build/resources/main/de/uka/ilkd/key/proof/rules/javaRules.key:2323:15
	at de.uka.ilkd.key.nparser.builder.AbstractBuilder.accept(AbstractBuilder.java:54)
Caused by: com.github.javaparser.resolution.UnsolvedSymbolException: Unsolved symbol in de.uka.ilkd.key.java.JavaParserFactory$DynamicTypeSolver@1c7f791e : java.lang.Object
	at com.github.javaparser.resolution.TypeSolver.solveType(TypeSolver.java:71)

36316      ERROR Test worker     d.u.i.k.n.b.AbstractBuilder  com.github.javaparser.resolution.UnsolvedSymbolException: Unsolved symbol in de.uka.ilkd.key.java.JavaParserFactory$DynamicTypeSolver@1c7f791e : java.lang.Object
	at com.github.javaparser.resolution.TypeSolver.solveType(TypeSolver.java:71)

36316      ERROR Test worker     d.u.i.k.n.b.TacletPBuilder Error in parsing taclet. de.uka.ilkd.key.util.parsing.BuildingException: Unsolved symbol in de.uka.ilkd.key.java.JavaParserFactory$DynamicTypeSolver@1c7f791e : java.lang.Object at file:/D:/a/key/key/key.core/build/resources/main/de/uka/ilkd/key/proof/rules/javaRules.key:2330:15
	at de.uka.ilkd.key.nparser.builder.AbstractBuilder.accept(AbstractBuilder.java:54)
Caused by: com.github.javaparser.resolution.UnsolvedSymbolException: Unsolved symbol in de.uka.ilkd.key.java.JavaParserFactory$DynamicTypeSolver@1c7f791e : java.lang.Object
	at com.github.javaparser.resolution.TypeSolver.solveType(TypeSolver.java:71)

36316      ERROR Test worker     d.u.i.k.n.b.AbstractBuilder  com.github.javaparser.resolution.UnsolvedSymbolException: Unsolved symbol in de.uka.ilkd.key.java.JavaParserFactory$DynamicTypeSolver@1c7f791e : java.lang.Object
	at com.github.javaparser.resolution.TypeSolver.solveType(TypeSolver.java:71)

36316      ERROR Test worker     d.u.i.k.n.b.TacletPBuilder Error in parsing taclet. de.uka.ilkd.key.util.parsing.BuildingException: Unsolved symbol in de.uka.ilkd.key.java.JavaParserFactory$DynamicTypeSolver@1c7f791e : java.lang.Object at file:/D:/a/key/key/key.core/build/resources/main/de/uka/ilkd/key/proof/rules/javaRules.key:2337:15
	at de.uka.ilkd.key.nparser.builder.AbstractBuilder.accept(AbstractBuilder.java:54)
Caused by: com.github.javaparser.resolution.UnsolvedSymbolException: Unsolved symbol in de.uka.ilkd.key.java.JavaParserFactory$DynamicTypeSolver@1c7f791e : java.lang.Object
	at com.github.javaparser.resolution.TypeSolver.solveType(TypeSolver.java:71)

36316      ERROR Test worker     d.u.i.k.n.b.AbstractBuilder  com.github.javaparser.resolution.UnsolvedSymbolException: Unsolved symbol in de.uka.ilkd.key.java.JavaParserFactory$DynamicTypeSolver@1c7f791e : java.lang.Object
	at com.github.javaparser.resolution.TypeSolver.solveType(TypeSolver.java:71)

36316      ERROR Test worker     d.u.i.k.n.b.TacletPBuilder Error in parsing taclet. de.uka.ilkd.key.util.parsing.BuildingException: Unsolved symbol in de.uka.ilkd.key.java.JavaParserFactory$DynamicTypeSolver@1c7f791e : java.lang.Object at file:/D:/a/key/key/key.core/build/resources/main/de/uka/ilkd/key/proof/rules/javaRules.key:2344:15
	at de.uka.ilkd.key.nparser.builder.AbstractBuilder.accept(AbstractBuilder.java:54)
Caused by: com.github.javaparser.resolution.UnsolvedSymbolException: Unsolved symbol in de.uka.ilkd.key.java.JavaParserFactory$DynamicTypeSolver@1c7f791e : java.lang.Object
	at com.github.javaparser.resolution.TypeSolver.solveType(TypeSolver.java:71)

36316      ERROR Test worker     d.u.i.k.n.b.AbstractBuilder  com.github.javaparser.resolution.UnsolvedSymbolException: Unsolved symbol in de.uka.ilkd.key.java.JavaParserFactory$DynamicTypeSolver@1c7f791e : java.lang.Object
	at com.github.javaparser.resolution.TypeSolver.solveType(TypeSolver.java:71)

36316      ERROR Test worker     d.u.i.k.n.b.TacletPBuilder Error in parsing taclet. de.uka.ilkd.key.util.parsing.BuildingException: Unsolved symbol in de.uka.ilkd.key.java.JavaParserFactory$DynamicTypeSolver@1c7f791e : java.lang.Object at file:/D:/a/key/key/key.core/build/resources/main/de/uka/ilkd/key/proof/rules/javaRules.key:2355:15
	at de.uka.ilkd.key.nparser.builder.AbstractBuilder.accept(AbstractBuilder.java:54)
Caused by: com.github.javaparser.resolution.UnsolvedSymbolException: Unsolved symbol in de.uka.ilkd.key.java.JavaParserFactory$DynamicTypeSolver@1c7f791e : java.lang.Object
	at com.github.javaparser.resolution.TypeSolver.solveType(TypeSolver.java:71)

36316      ERROR Test worker     d.u.i.k.n.b.AbstractBuilder  com.github.javaparser.resolution.UnsolvedSymbolException: Unsolved symbol in de.uka.ilkd.key.java.JavaParserFactory$DynamicTypeSolver@1c7f791e : java.lang.Object
	at com.github.javaparser.resolution.TypeSolver.solveType(TypeSolver.java:71)

36316      ERROR Test worker     d.u.i.k.n.b.TacletPBuilder Error in parsing taclet. de.uka.ilkd.key.util.parsing.BuildingException: Unsolved symbol in de.uka.ilkd.key.java.JavaParserFactory$DynamicTypeSolver@1c7f791e : java.lang.Object at file:/D:/a/key/key/key.core/build/resources/main/de/uka/ilkd/key/proof/rules/javaRules.key:2360:15
	at de.uka.ilkd.key.nparser.builder.AbstractBuilder.accept(AbstractBuilder.java:54)
Caused by: com.github.javaparser.resolution.UnsolvedSymbolException: Unsolved symbol in de.uka.ilkd.key.java.JavaParserFactory$DynamicTypeSolver@1c7f791e : java.lang.Object
	at com.github.javaparser.resolution.TypeSolver.solveType(TypeSolver.java:71)

36316      ERROR Test worker     d.u.i.k.n.b.AbstractBuilder  com.github.javaparser.resolution.UnsolvedSymbolException: Unsolved symbol in de.uka.ilkd.key.java.JavaParserFactory$DynamicTypeSolver@1c7f791e : java.lang.Object
	at com.github.javaparser.resolution.TypeSolver.solveType(TypeSolver.java:71)

36316      ERROR Test worker     d.u.i.k.n.b.TacletPBuilder Error in parsing taclet. de.uka.ilkd.key.util.parsing.BuildingException: Unsolved symbol in de.uka.ilkd.key.java.JavaParserFactory$DynamicTypeSolver@1c7f791e : java.lang.Object at file:/D:/a/key/key/key.core/build/resources/main/de/uka/ilkd/key/proof/rules/javaRules.key:2366:15
	at de.uka.ilkd.key.nparser.builder.AbstractBuilder.accept(AbstractBuilder.java:54)
Caused by: com.github.javaparser.resolution.UnsolvedSymbolException: Unsolved symbol in de.uka.ilkd.key.java.JavaParserFactory$DynamicTypeSolver@1c7f791e : java.lang.Object
	at com.github.javaparser.resolution.TypeSolver.solveType(TypeSolver.java:71)

36316      ERROR Test worker     d.u.i.k.n.b.AbstractBuilder  com.github.javaparser.resolution.UnsolvedSymbolException: Unsolved symbol in de.uka.ilkd.key.java.JavaParserFactory$DynamicTypeSolver@1c7f791e : java.lang.Object
	at com.github.javaparser.resolution.TypeSolver.solveType(TypeSolver.java:71)

36332      ERROR Test worker     d.u.i.k.n.b.TacletPBuilder Error in parsing taclet. de.uka.ilkd.key.util.parsing.BuildingException: Unsolved symbol in de.uka.ilkd.key.java.JavaParserFactory$DynamicTypeSolver@1c7f791e : java.lang.Object at file:/D:/a/key/key/key.core/build/resources/main/de/uka/ilkd/key/proof/rules/javaRules.key:2376:15
	at de.uka.ilkd.key.nparser.builder.AbstractBuilder.accept(AbstractBuilder.java:54)
Caused by: com.github.javaparser.resolution.UnsolvedSymbolException: Unsolved symbol in de.uka.ilkd.key.java.JavaParserFactory$DynamicTypeSolver@1c7f791e : java.lang.Object
	at com.github.javaparser.resolution.TypeSolver.solveType(TypeSolver.java:71)

36332      ERROR Test worker     d.u.i.k.n.b.AbstractBuilder  com.github.javaparser.resolution.UnsolvedSymbolException: Unsolved symbol in de.uka.ilkd.key.java.JavaParserFactory$DynamicTypeSolver@1c7f791e : java.lang.Object
	at com.github.javaparser.resolution.TypeSolver.solveType(TypeSolver.java:71)

36332      ERROR Test worker     d.u.i.k.n.b.TacletPBuilder Error in parsing taclet. de.uka.ilkd.key.util.parsing.BuildingException: Unsolved symbol in de.uka.ilkd.key.java.JavaParserFactory$DynamicTypeSolver@1c7f791e : java.lang.Object at file:/D:/a/key/key/key.core/build/resources/main/de/uka/ilkd/key/proof/rules/javaRules.key:2384:15
	at de.uka.ilkd.key.nparser.builder.AbstractBuilder.accept(AbstractBuilder.java:54)
Caused by: com.github.javaparser.resolution.UnsolvedSymbolException: Unsolved symbol in de.uka.ilkd.key.java.JavaParserFactory$DynamicTypeSolver@1c7f791e : java.lang.Object
	at com.github.javaparser.resolution.TypeSolver.solveType(TypeSolver.java:71)

36332      ERROR Test worker     d.u.i.k.n.b.AbstractBuilder  com.github.javaparser.resolution.UnsolvedSymbolException: Unsolved symbol in de.uka.ilkd.key.java.JavaParserFactory$DynamicTypeSolver@1c7f791e : java.lang.Object
	at com.github.javaparser.resolution.TypeSolver.solveType(TypeSolver.java:71)

36332      ERROR Test worker     d.u.i.k.n.b.TacletPBuilder Error in parsing taclet. de.uka.ilkd.key.util.parsing.BuildingException: Unsolved symbol in de.uka.ilkd.key.java.JavaParserFactory$DynamicTypeSolver@1c7f791e : java.lang.Object at file:/D:/a/key/key/key.core/build/resources/main/de/uka/ilkd/key/proof/rules/javaRules.key:2392:15
	at de.uka.ilkd.key.nparser.builder.AbstractBuilder.accept(AbstractBuilder.java:54)
Caused by: com.github.javaparser.resolution.UnsolvedSymbolException: Unsolved symbol in de.uka.ilkd.key.java.JavaParserFactory$DynamicTypeSolver@1c7f791e : java.lang.Object
	at com.github.javaparser.resolution.TypeSolver.solveType(TypeSolver.java:71)

36332      ERROR Test worker     d.u.i.k.n.b.AbstractBuilder  com.github.javaparser.resolution.UnsolvedSymbolException: Unsolved symbol in de.uka.ilkd.key.java.JavaParserFactory$DynamicTypeSolver@1c7f791e : java.lang.Object
	at com.github.javaparser.resolution.TypeSolver.solveType(TypeSolver.java:71)

36332      ERROR Test worker     d.u.i.k.n.b.TacletPBuilder Error in parsing taclet. de.uka.ilkd.key.util.parsing.BuildingException: Unsolved symbol in de.uka.ilkd.key.java.JavaParserFactory$DynamicTypeSolver@1c7f791e : java.lang.Object at file:/D:/a/key/key/key.core/build/resources/main/de/uka/ilkd/key/proof/rules/javaRules.key:2400:15
	at de.uka.ilkd.key.nparser.builder.AbstractBuilder.accept(AbstractBuilder.java:54)
Caused by: com.github.javaparser.resolution.UnsolvedSymbolException: Unsolved symbol in de.uka.ilkd.key.java.JavaParserFactory$DynamicTypeSolver@1c7f791e : java.lang.Object
	at com.github.javaparser.resolution.TypeSolver.solveType(TypeSolver.java:71)

36332      ERROR Test worker     d.u.i.k.n.b.AbstractBuilder  com.github.javaparser.resolution.UnsolvedSymbolException: Unsolved symbol in de.uka.ilkd.key.java.JavaParserFactory$DynamicTypeSolver@1c7f791e : java.lang.Object
	at com.github.javaparser.resolution.TypeSolver.solveType(TypeSolver.java:71)

36332      ERROR Test worker     d.u.i.k.n.b.TacletPBuilder Error in parsing taclet. de.uka.ilkd.key.util.parsing.BuildingException: Unsolved symbol in de.uka.ilkd.key.java.JavaParserFactory$DynamicTypeSolver@1c7f791e : java.lang.Object at file:/D:/a/key/key/key.core/build/resources/main/de/uka/ilkd/key/proof/rules/javaRules.key:2408:15
	at de.uka.ilkd.key.nparser.builder.AbstractBuilder.accept(AbstractBuilder.java:54)
Caused by: com.github.javaparser.resolution.UnsolvedSymbolException: Unsolved symbol in de.uka.ilkd.key.java.JavaParserFactory$DynamicTypeSolver@1c7f791e : java.lang.Object
	at com.github.javaparser.resolution.TypeSolver.solveType(TypeSolver.java:71)

36332      ERROR Test worker     d.u.i.k.n.b.AbstractBuilder  com.github.javaparser.resolution.UnsolvedSymbolException: Unsolved symbol in de.uka.ilkd.key.java.JavaParserFactory$DynamicTypeSolver@1c7f791e : java.lang.Object
	at com.github.javaparser.resolution.TypeSolver.solveType(TypeSolver.java:71)

36332      ERROR Test worker     d.u.i.k.n.b.TacletPBuilder Error in parsing taclet. de.uka.ilkd.key.util.parsing.BuildingException: Unsolved symbol in de.uka.ilkd.key.java.JavaParserFactory$DynamicTypeSolver@1c7f791e : java.lang.Object at file:/D:/a/key/key/key.core/build/resources/main/de/uka/ilkd/key/proof/rules/javaRules.key:2416:15
	at de.uka.ilkd.key.nparser.builder.AbstractBuilder.accept(AbstractBuilder.java:54)
Caused by: com.github.javaparser.resolution.UnsolvedSymbolException: Unsolved symbol in de.uka.ilkd.key.java.JavaParserFactory$DynamicTypeSolver@1c7f791e : java.lang.Object
	at com.github.javaparser.resolution.TypeSolver.solveType(TypeSolver.java:71)

36332      ERROR Test worker     d.u.i.k.n.b.AbstractBuilder  com.github.javaparser.resolution.UnsolvedSymbolException: Unsolved symbol in de.uka.ilkd.key.java.JavaParserFactory$DynamicTypeSolver@1c7f791e : java.lang.Object
	at com.github.javaparser.resolution.TypeSolver.solveType(TypeSolver.java:71)

36363      ERROR Test worker     d.u.i.k.n.b.TacletPBuilder Error in parsing taclet. de.uka.ilkd.key.util.parsing.BuildingException: Unsolved symbol in de.uka.ilkd.key.java.JavaParserFactory$DynamicTypeSolver@1c7f791e : java.lang.Object at file:/D:/a/key/key/key.core/build/resources/main/de/uka/ilkd/key/proof/rules/javaRules.key:2424:15
	at de.uka.ilkd.key.nparser.builder.AbstractBuilder.accept(AbstractBuilder.java:54)
Caused by: com.github.javaparser.resolution.UnsolvedSymbolException: Unsolved symbol in de.uka.ilkd.key.java.JavaParserFactory$DynamicTypeSolver@1c7f791e : java.lang.Object
	at com.github.javaparser.resolution.TypeSolver.solveType(TypeSolver.java:71)

36363      ERROR Test worker     d.u.i.k.n.b.AbstractBuilder  com.github.javaparser.resolution.UnsolvedSymbolException: Unsolved symbol in de.uka.ilkd.key.java.JavaParserFactory$DynamicTypeSolver@1c7f791e : java.lang.Object
	at com.github.javaparser.resolution.TypeSolver.solveType(TypeSolver.java:71)

36363      ERROR Test worker     d.u.i.k.n.b.TacletPBuilder Error in parsing taclet. de.uka.ilkd.key.util.parsing.BuildingException: Unsolved symbol in de.uka.ilkd.key.java.JavaParserFactory$DynamicTypeSolver@1c7f791e : java.lang.Object at file:/D:/a/key/key/key.core/build/resources/main/de/uka/ilkd/key/proof/rules/javaRules.key:2432:15
	at de.uka.ilkd.key.nparser.builder.AbstractBuilder.accept(AbstractBuilder.java:54)
Caused by: com.github.javaparser.resolution.UnsolvedSymbolException: Unsolved symbol in de.uka.ilkd.key.java.JavaParserFactory$DynamicTypeSolver@1c7f791e : java.lang.Object
	at com.github.javaparser.resolution.TypeSolver.solveType(TypeSolver.java:71)

36363      ERROR Test worker     d.u.i.k.n.b.AbstractBuilder  com.github.javaparser.resolution.UnsolvedSymbolException: Unsolved symbol in de.uka.ilkd.key.java.JavaParserFactory$DynamicTypeSolver@1c7f791e : java.lang.Object
	at com.github.javaparser.resolution.TypeSolver.solveType(TypeSolver.java:71)

36363      ERROR Test worker     d.u.i.k.n.b.TacletPBuilder Error in parsing taclet. de.uka.ilkd.key.util.parsing.BuildingException: Unsolved symbol in de.uka.ilkd.key.java.JavaParserFactory$DynamicTypeSolver@1c7f791e : java.lang.Object at file:/D:/a/key/key/key.core/build/resources/main/de/uka/ilkd/key/proof/rules/javaRules.key:2440:15
	at de.uka.ilkd.key.nparser.builder.AbstractBuilder.accept(AbstractBuilder.java:54)
Caused by: com.github.javaparser.resolution.UnsolvedSymbolException: Unsolved symbol in de.uka.ilkd.key.java.JavaParserFactory$DynamicTypeSolver@1c7f791e : java.lang.Object
	at com.github.javaparser.resolution.TypeSolver.solveType(TypeSolver.java:71)

36363      ERROR Test worker     d.u.i.k.n.b.AbstractBuilder  com.github.javaparser.resolution.UnsolvedSymbolException: Unsolved symbol in de.uka.ilkd.key.java.JavaParserFactory$DynamicTypeSolver@1c7f791e : java.lang.Object
	at com.github.javaparser.resolution.TypeSolver.solveType(TypeSolver.java:71)

36363      ERROR Test worker     d.u.i.k.n.b.TacletPBuilder Error in parsing taclet. de.uka.ilkd.key.util.parsing.BuildingException: Unsolved symbol in de.uka.ilkd.key.java.JavaParserFactory$DynamicTypeSolver@1c7f791e : java.lang.Object at file:/D:/a/key/key/key.core/build/resources/main/de/uka/ilkd/key/proof/rules/javaRules.key:2448:15
	at de.uka.ilkd.key.nparser.builder.AbstractBuilder.accept(AbstractBuilder.java:54)
Caused by: com.github.javaparser.resolution.UnsolvedSymbolException: Unsolved symbol in de.uka.ilkd.key.java.JavaParserFactory$DynamicTypeSolver@1c7f791e : java.lang.Object
	at com.github.javaparser.resolution.TypeSolver.solveType(TypeSolver.java:71)

36363      ERROR Test worker     d.u.i.k.n.b.AbstractBuilder  com.github.javaparser.resolution.UnsolvedSymbolException: Unsolved symbol in de.uka.ilkd.key.java.JavaParserFactory$DynamicTypeSolver@1c7f791e : java.lang.Object
	at com.github.javaparser.resolution.TypeSolver.solveType(TypeSolver.java:71)

36363      ERROR Test worker     d.u.i.k.n.b.TacletPBuilder Error in parsing taclet. de.uka.ilkd.key.util.parsing.BuildingException: Unsolved symbol in de.uka.ilkd.key.java.JavaParserFactory$DynamicTypeSolver@1c7f791e : java.lang.Object at file:/D:/a/key/key/key.core/build/resources/main/de/uka/ilkd/key/proof/rules/javaRules.key:2456:15
	at de.uka.ilkd.key.nparser.builder.AbstractBuilder.accept(AbstractBuilder.java:54)
Caused by: com.github.javaparser.resolution.UnsolvedSymbolException: Unsolved symbol in de.uka.ilkd.key.java.JavaParserFactory$DynamicTypeSolver@1c7f791e : java.lang.Object
	at com.github.javaparser.resolution.TypeSolver.solveType(TypeSolver.java:71)

36379      ERROR Test worker     d.u.i.k.n.b.AbstractBuilder  com.github.javaparser.resolution.UnsolvedSymbolException: Unsolved symbol in de.uka.ilkd.key.java.JavaParserFactory$DynamicTypeSolver@1c7f791e : java.lang.Object
	at com.github.javaparser.resolution.TypeSolver.solveType(TypeSolver.java:71)

36379      ERROR Test worker     d.u.i.k.n.b.TacletPBuilder Error in parsing taclet. de.uka.ilkd.key.util.parsing.BuildingException: Unsolved symbol in de.uka.ilkd.key.java.JavaParserFactory$DynamicTypeSolver@1c7f791e : java.lang.Object at file:/D:/a/key/key/key.core/build/resources/main/de/uka/ilkd/key/proof/rules/javaRules.key:2464:15
	at de.uka.ilkd.key.nparser.builder.AbstractBuilder.accept(AbstractBuilder.java:54)
Caused by: com.github.javaparser.resolution.UnsolvedSymbolException: Unsolved symbol in de.uka.ilkd.key.java.JavaParserFactory$DynamicTypeSolver@1c7f791e : java.lang.Object
	at com.github.javaparser.resolution.TypeSolver.solveType(TypeSolver.java:71)

36379      ERROR Test worker     d.u.i.k.n.b.AbstractBuilder  com.github.javaparser.resolution.UnsolvedSymbolException: Unsolved symbol in de.uka.ilkd.key.java.JavaParserFactory$DynamicTypeSolver@1c7f791e : java.lang.Object
	at com.github.javaparser.resolution.TypeSolver.solveType(TypeSolver.java:71)

36379      ERROR Test worker     d.u.i.k.n.b.TacletPBuilder Error in parsing taclet. de.uka.ilkd.key.util.parsing.BuildingException: Unsolved symbol in de.uka.ilkd.key.java.JavaParserFactory$DynamicTypeSolver@1c7f791e : java.lang.Object at file:/D:/a/key/key/key.core/build/resources/main/de/uka/ilkd/key/proof/rules/javaRules.key:2472:15
	at de.uka.ilkd.key.nparser.builder.AbstractBuilder.accept(AbstractBuilder.java:54)
Caused by: com.github.javaparser.resolution.UnsolvedSymbolException: Unsolved symbol in de.uka.ilkd.key.java.JavaParserFactory$DynamicTypeSolver@1c7f791e : java.lang.Object
	at com.github.javaparser.resolution.TypeSolver.solveType(TypeSolver.java:71)

36379      ERROR Test worker     d.u.i.k.n.b.AbstractBuilder  com.github.javaparser.resolution.UnsolvedSymbolException: Unsolved symbol in de.uka.ilkd.key.java.JavaParserFactory$DynamicTypeSolver@1c7f791e : java.lang.Object
	at com.github.javaparser.resolution.TypeSolver.solveType(TypeSolver.java:71)

36379      ERROR Test worker     d.u.i.k.n.b.TacletPBuilder Error in parsing taclet. de.uka.ilkd.key.util.parsing.BuildingException: Unsolved symbol in de.uka.ilkd.key.java.JavaParserFactory$DynamicTypeSolver@1c7f791e : java.lang.Object at file:/D:/a/key/key/key.core/build/resources/main/de/uka/ilkd/key/proof/rules/javaRules.key:2480:15
	at de.uka.ilkd.key.nparser.builder.AbstractBuilder.accept(AbstractBuilder.java:54)
Caused by: com.github.javaparser.resolution.UnsolvedSymbolException: Unsolved symbol in de.uka.ilkd.key.java.JavaParserFactory$DynamicTypeSolver@1c7f791e : java.lang.Object
	at com.github.javaparser.resolution.TypeSolver.solveType(TypeSolver.java:71)

36379      ERROR Test worker     d.u.i.k.n.b.AbstractBuilder  com.github.javaparser.resolution.UnsolvedSymbolException: Unsolved symbol in de.uka.ilkd.key.java.JavaParserFactory$DynamicTypeSolver@1c7f791e : java.lang.Object
	at com.github.javaparser.resolution.TypeSolver.solveType(TypeSolver.java:71)

36379      ERROR Test worker     d.u.i.k.n.b.TacletPBuilder Error in parsing taclet. de.uka.ilkd.key.util.parsing.BuildingException: Unsolved symbol in de.uka.ilkd.key.java.JavaParserFactory$DynamicTypeSolver@1c7f791e : java.lang.Object at file:/D:/a/key/key/key.core/build/resources/main/de/uka/ilkd/key/proof/rules/javaRules.key:2488:15
	at de.uka.ilkd.key.nparser.builder.AbstractBuilder.accept(AbstractBuilder.java:54)
Caused by: com.github.javaparser.resolution.UnsolvedSymbolException: Unsolved symbol in de.uka.ilkd.key.java.JavaParserFactory$DynamicTypeSolver@1c7f791e : java.lang.Object
	at com.github.javaparser.resolution.TypeSolver.solveType(TypeSolver.java:71)

36379      ERROR Test worker     d.u.i.k.n.b.AbstractBuilder  com.github.javaparser.resolution.UnsolvedSymbolException: Unsolved symbol in de.uka.ilkd.key.java.JavaParserFactory$DynamicTypeSolver@1c7f791e : java.lang.Object
	at com.github.javaparser.resolution.TypeSolver.solveType(TypeSolver.java:71)

36379      ERROR Test worker     d.u.i.k.n.b.TacletPBuilder Error in parsing taclet. de.uka.ilkd.key.util.parsing.BuildingException: Unsolved symbol in de.uka.ilkd.key.java.JavaParserFactory$DynamicTypeSolver@1c7f791e : java.lang.Object at file:/D:/a/key/key/key.core/build/resources/main/de/uka/ilkd/key/proof/rules/javaRules.key:2496:15
	at de.uka.ilkd.key.nparser.builder.AbstractBuilder.accept(AbstractBuilder.java:54)
Caused by: com.github.javaparser.resolution.UnsolvedSymbolException: Unsolved symbol in de.uka.ilkd.key.java.JavaParserFactory$DynamicTypeSolver@1c7f791e : java.lang.Object
	at com.github.javaparser.resolution.TypeSolver.solveType(TypeSolver.java:71)

36379      ERROR Test worker     d.u.i.k.n.b.AbstractBuilder  com.github.javaparser.resolution.UnsolvedSymbolException: Unsolved symbol in de.uka.ilkd.key.java.JavaParserFactory$DynamicTypeSolver@1c7f791e : java.lang.Object
	at com.github.javaparser.resolution.TypeSolver.solveType(TypeSolver.java:71)

36379      ERROR Test worker     d.u.i.k.n.b.TacletPBuilder Error in parsing taclet. de.uka.ilkd.key.util.parsing.BuildingException: Unsolved symbol in de.uka.ilkd.key.java.JavaParserFactory$DynamicTypeSolver@1c7f791e : java.lang.Object at file:/D:/a/key/key/key.core/build/resources/main/de/uka/ilkd/key/proof/rules/javaRules.key:2504:15
	at de.uka.ilkd.key.nparser.builder.AbstractBuilder.accept(AbstractBuilder.java:54)
Caused by: com.github.javaparser.resolution.UnsolvedSymbolException: Unsolved symbol in de.uka.ilkd.key.java.JavaParserFactory$DynamicTypeSolver@1c7f791e : java.lang.Object
	at com.github.javaparser.resolution.TypeSolver.solveType(TypeSolver.java:71)

36379      ERROR Test worker     d.u.i.k.n.b.AbstractBuilder  com.github.javaparser.resolution.UnsolvedSymbolException: Unsolved symbol in de.uka.ilkd.key.java.JavaParserFactory$DynamicTypeSolver@1c7f791e : java.lang.Object
	at com.github.javaparser.resolution.TypeSolver.solveType(TypeSolver.java:71)

36379      ERROR Test worker     d.u.i.k.n.b.TacletPBuilder Error in parsing taclet. de.uka.ilkd.key.util.parsing.BuildingException: Unsolved symbol in de.uka.ilkd.key.java.JavaParserFactory$DynamicTypeSolver@1c7f791e : java.lang.Object at file:/D:/a/key/key/key.core/build/resources/main/de/uka/ilkd/key/proof/rules/javaRules.key:2512:15
	at de.uka.ilkd.key.nparser.builder.AbstractBuilder.accept(AbstractBuilder.java:54)
Caused by: com.github.javaparser.resolution.UnsolvedSymbolException: Unsolved symbol in de.uka.ilkd.key.java.JavaParserFactory$DynamicTypeSolver@1c7f791e : java.lang.Object
	at com.github.javaparser.resolution.TypeSolver.solveType(TypeSolver.java:71)

36379      ERROR Test worker     d.u.i.k.n.b.AbstractBuilder  com.github.javaparser.resolution.UnsolvedSymbolException: Unsolved symbol in de.uka.ilkd.key.java.JavaParserFactory$DynamicTypeSolver@1c7f791e : java.lang.Object
	at com.github.javaparser.resolution.TypeSolver.solveType(TypeSolver.java:71)

36379      ERROR Test worker     d.u.i.k.n.b.TacletPBuilder Error in parsing taclet. de.uka.ilkd.key.util.parsing.BuildingException: Unsolved symbol in de.uka.ilkd.key.java.JavaParserFactory$DynamicTypeSolver@1c7f791e : java.lang.Object at file:/D:/a/key/key/key.core/build/resources/main/de/uka/ilkd/key/proof/rules/javaRules.key:2520:15
	at de.uka.ilkd.key.nparser.builder.AbstractBuilder.accept(AbstractBuilder.java:54)
Caused by: com.github.javaparser.resolution.UnsolvedSymbolException: Unsolved symbol in de.uka.ilkd.key.java.JavaParserFactory$DynamicTypeSolver@1c7f791e : java.lang.Object
	at com.github.javaparser.resolution.TypeSolver.solveType(TypeSolver.java:71)

36394      ERROR Test worker     d.u.i.k.n.b.AbstractBuilder  com.github.javaparser.resolution.UnsolvedSymbolException: Unsolved symbol in de.uka.ilkd.key.java.JavaParserFactory$DynamicTypeSolver@1c7f791e : java.lang.Object
	at com.github.javaparser.resolution.TypeSolver.solveType(TypeSolver.java:71)

36394      ERROR Test worker     d.u.i.k.n.b.TacletPBuilder Error in parsing taclet. de.uka.ilkd.key.util.parsing.BuildingException: Unsolved symbol in de.uka.ilkd.key.java.JavaParserFactory$DynamicTypeSolver@1c7f791e : java.lang.Object at file:/D:/a/key/key/key.core/build/resources/main/de/uka/ilkd/key/proof/rules/javaRules.key:2528:15
	at de.uka.ilkd.key.nparser.builder.AbstractBuilder.accept(AbstractBuilder.java:54)
Caused by: com.github.javaparser.resolution.UnsolvedSymbolException: Unsolved symbol in de.uka.ilkd.key.java.JavaParserFactory$DynamicTypeSolver@1c7f791e : java.lang.Object
	at com.github.javaparser.resolution.TypeSolver.solveType(TypeSolver.java:71)

36394      ERROR Test worker     d.u.i.k.n.b.AbstractBuilder  com.github.javaparser.resolution.UnsolvedSymbolException: Unsolved symbol in de.uka.ilkd.key.java.JavaParserFactory$DynamicTypeSolver@1c7f791e : java.lang.Object
	at com.github.javaparser.resolution.TypeSolver.solveType(TypeSolver.java:71)

36394      ERROR Test worker     d.u.i.k.n.b.TacletPBuilder Error in parsing taclet. de.uka.ilkd.key.util.parsing.BuildingException: Unsolved symbol in de.uka.ilkd.key.java.JavaParserFactory$DynamicTypeSolver@1c7f791e : java.lang.Object at file:/D:/a/key/key/key.core/build/resources/main/de/uka/ilkd/key/proof/rules/javaRules.key:2536:15
	at de.uka.ilkd.key.nparser.builder.AbstractBuilder.accept(AbstractBuilder.java:54)
Caused by: com.github.javaparser.resolution.UnsolvedSymbolException: Unsolved symbol in de.uka.ilkd.key.java.JavaParserFactory$DynamicTypeSolver@1c7f791e : java.lang.Object
	at com.github.javaparser.resolution.TypeSolver.solveType(TypeSolver.java:71)

36394      ERROR Test worker     d.u.i.k.n.b.AbstractBuilder  com.github.javaparser.resolution.UnsolvedSymbolException: Unsolved symbol in de.uka.ilkd.key.java.JavaParserFactory$DynamicTypeSolver@1c7f791e : java.lang.Object
	at com.github.javaparser.resolution.TypeSolver.solveType(TypeSolver.java:71)

36394      ERROR Test worker     d.u.i.k.n.b.TacletPBuilder Error in parsing taclet. de.uka.ilkd.key.util.parsing.BuildingException: Unsolved symbol in de.uka.ilkd.key.java.JavaParserFactory$DynamicTypeSolver@1c7f791e : java.lang.Object at file:/D:/a/key/key/key.core/build/resources/main/de/uka/ilkd/key/proof/rules/javaRules.key:2544:15
	at de.uka.ilkd.key.nparser.builder.AbstractBuilder.accept(AbstractBuilder.java:54)
Caused by: com.github.javaparser.resolution.UnsolvedSymbolException: Unsolved symbol in de.uka.ilkd.key.java.JavaParserFactory$DynamicTypeSolver@1c7f791e : java.lang.Object
	at com.github.javaparser.resolution.TypeSolver.solveType(TypeSolver.java:71)

36394      ERROR Test worker     d.u.i.k.n.b.AbstractBuilder  com.github.javaparser.resolution.UnsolvedSymbolException: Unsolved symbol in de.uka.ilkd.key.java.JavaParserFactory$DynamicTypeSolver@1c7f791e : java.lang.Object
	at com.github.javaparser.resolution.TypeSolver.solveType(TypeSolver.java:71)

36394      ERROR Test worker     d.u.i.k.n.b.TacletPBuilder Error in parsing taclet. de.uka.ilkd.key.util.parsing.BuildingException: Unsolved symbol in de.uka.ilkd.key.java.JavaParserFactory$DynamicTypeSolver@1c7f791e : java.lang.Object at file:/D:/a/key/key/key.core/build/resources/main/de/uka/ilkd/key/proof/rules/javaRules.key:2552:15
	at de.uka.ilkd.key.nparser.builder.AbstractBuilder.accept(AbstractBuilder.java:54)
Caused by: com.github.javaparser.resolution.UnsolvedSymbolException: Unsolved symbol in de.uka.ilkd.key.java.JavaParserFactory$DynamicTypeSolver@1c7f791e : java.lang.Object
	at com.github.javaparser.resolution.TypeSolver.solveType(TypeSolver.java:71)

36394      ERROR Test worker     d.u.i.k.n.b.AbstractBuilder  com.github.javaparser.resolution.UnsolvedSymbolException: Unsolved symbol in de.uka.ilkd.key.java.JavaParserFactory$DynamicTypeSolver@1c7f791e : java.lang.Object
	at com.github.javaparser.resolution.TypeSolver.solveType(TypeSolver.java:71)

36394      ERROR Test worker     d.u.i.k.n.b.TacletPBuilder Error in parsing taclet. de.uka.ilkd.key.util.parsing.BuildingException: Unsolved symbol in de.uka.ilkd.key.java.JavaParserFactory$DynamicTypeSolver@1c7f791e : java.lang.Object at file:/D:/a/key/key/key.core/build/resources/main/de/uka/ilkd/key/proof/rules/javaRules.key:2560:15
	at de.uka.ilkd.key.nparser.builder.AbstractBuilder.accept(AbstractBuilder.java:54)
Caused by: com.github.javaparser.resolution.UnsolvedSymbolException: Unsolved symbol in de.uka.ilkd.key.java.JavaParserFactory$DynamicTypeSolver@1c7f791e : java.lang.Object
	at com.github.javaparser.resolution.TypeSolver.solveType(TypeSolver.java:71)

36394      ERROR Test worker     d.u.i.k.n.b.AbstractBuilder  com.github.javaparser.resolution.UnsolvedSymbolException: Unsolved symbol in de.uka.ilkd.key.java.JavaParserFactory$DynamicTypeSolver@1c7f791e : java.lang.Object
	at com.github.javaparser.resolution.TypeSolver.solveType(TypeSolver.java:71)

36394      ERROR Test worker     d.u.i.k.n.b.TacletPBuilder Error in parsing taclet. de.uka.ilkd.key.util.parsing.BuildingException: Unsolved symbol in de.uka.ilkd.key.java.JavaParserFactory$DynamicTypeSolver@1c7f791e : java.lang.Object at file:/D:/a/key/key/key.core/build/resources/main/de/uka/ilkd/key/proof/rules/javaRules.key:2568:15
	at de.uka.ilkd.key.nparser.builder.AbstractBuilder.accept(AbstractBuilder.java:54)
Caused by: com.github.javaparser.resolution.UnsolvedSymbolException: Unsolved symbol in de.uka.ilkd.key.java.JavaParserFactory$DynamicTypeSolver@1c7f791e : java.lang.Object
	at com.github.javaparser.resolution.TypeSolver.solveType(TypeSolver.java:71)

36394      ERROR Test worker     d.u.i.k.n.b.AbstractBuilder  com.github.javaparser.resolution.UnsolvedSymbolException: Unsolved symbol in de.uka.ilkd.key.java.JavaParserFactory$DynamicTypeSolver@1c7f791e : java.lang.Object
	at com.github.javaparser.resolution.TypeSolver.solveType(TypeSolver.java:71)

36394      ERROR Test worker     d.u.i.k.n.b.TacletPBuilder Error in parsing taclet. de.uka.ilkd.key.util.parsing.BuildingException: Unsolved symbol in de.uka.ilkd.key.java.JavaParserFactory$DynamicTypeSolver@1c7f791e : java.lang.Object at file:/D:/a/key/key/key.core/build/resources/main/de/uka/ilkd/key/proof/rules/javaRules.key:2576:15
	at de.uka.ilkd.key.nparser.builder.AbstractBuilder.accept(AbstractBuilder.java:54)
Caused by: com.github.javaparser.resolution.UnsolvedSymbolException: Unsolved symbol in de.uka.ilkd.key.java.JavaParserFactory$DynamicTypeSolver@1c7f791e : java.lang.Object
	at com.github.javaparser.resolution.TypeSolver.solveType(TypeSolver.java:71)

36394      ERROR Test worker     d.u.i.k.n.b.AbstractBuilder  com.github.javaparser.resolution.UnsolvedSymbolException: Unsolved symbol in de.uka.ilkd.key.java.JavaParserFactory$DynamicTypeSolver@1c7f791e : java.lang.Object
	at com.github.javaparser.resolution.TypeSolver.solveType(TypeSolver.java:71)

36394      ERROR Test worker     d.u.i.k.n.b.TacletPBuilder Error in parsing taclet. de.uka.ilkd.key.util.parsing.BuildingException: Unsolved symbol in de.uka.ilkd.key.java.JavaParserFactory$DynamicTypeSolver@1c7f791e : java.lang.Object at file:/D:/a/key/key/key.core/build/resources/main/de/uka/ilkd/key/proof/rules/javaRules.key:2584:15
	at de.uka.ilkd.key.nparser.builder.AbstractBuilder.accept(AbstractBuilder.java:54)
Caused by: com.github.javaparser.resolution.UnsolvedSymbolException: Unsolved symbol in de.uka.ilkd.key.java.JavaParserFactory$DynamicTypeSolver@1c7f791e : java.lang.Object
	at com.github.javaparser.resolution.TypeSolver.solveType(TypeSolver.java:71)

36394      ERROR Test worker     d.u.i.k.n.b.AbstractBuilder  com.github.javaparser.resolution.UnsolvedSymbolException: Unsolved symbol in de.uka.ilkd.key.java.JavaParserFactory$DynamicTypeSolver@1c7f791e : java.lang.Object
	at com.github.javaparser.resolution.TypeSolver.solveType(TypeSolver.java:71)

36394      ERROR Test worker     d.u.i.k.n.b.TacletPBuilder Error in parsing taclet. de.uka.ilkd.key.util.parsing.BuildingException: Unsolved symbol in de.uka.ilkd.key.java.JavaParserFactory$DynamicTypeSolver@1c7f791e : java.lang.Object at file:/D:/a/key/key/key.core/build/resources/main/de/uka/ilkd/key/proof/rules/javaRules.key:2592:15
	at de.uka.ilkd.key.nparser.builder.AbstractBuilder.accept(AbstractBuilder.java:54)
Caused by: com.github.javaparser.resolution.UnsolvedSymbolException: Unsolved symbol in de.uka.ilkd.key.java.JavaParserFactory$DynamicTypeSolver@1c7f791e : java.lang.Object
	at com.github.javaparser.resolution.TypeSolver.solveType(TypeSolver.java:71)

36410      ERROR Test worker     d.u.i.k.n.b.AbstractBuilder  com.github.javaparser.resolution.UnsolvedSymbolException: Unsolved symbol in de.uka.ilkd.key.java.JavaParserFactory$DynamicTypeSolver@1c7f791e : java.lang.Object
	at com.github.javaparser.resolution.TypeSolver.solveType(TypeSolver.java:71)

36410      ERROR Test worker     d.u.i.k.n.b.TacletPBuilder Error in parsing taclet. de.uka.ilkd.key.util.parsing.BuildingException: Unsolved symbol in de.uka.ilkd.key.java.JavaParserFactory$DynamicTypeSolver@1c7f791e : java.lang.Object at file:/D:/a/key/key/key.core/build/resources/main/de/uka/ilkd/key/proof/rules/javaRules.key:2600:15
	at de.uka.ilkd.key.nparser.builder.AbstractBuilder.accept(AbstractBuilder.java:54)
Caused by: com.github.javaparser.resolution.UnsolvedSymbolException: Unsolved symbol in de.uka.ilkd.key.java.JavaParserFactory$DynamicTypeSolver@1c7f791e : java.lang.Object
	at com.github.javaparser.resolution.TypeSolver.solveType(TypeSolver.java:71)

36410      ERROR Test worker     d.u.i.k.n.b.AbstractBuilder  com.github.javaparser.resolution.UnsolvedSymbolException: Unsolved symbol in de.uka.ilkd.key.java.JavaParserFactory$DynamicTypeSolver@1c7f791e : java.lang.Object
	at com.github.javaparser.resolution.TypeSolver.solveType(TypeSolver.java:71)

36410      ERROR Test worker     d.u.i.k.n.b.TacletPBuilder Error in parsing taclet. de.uka.ilkd.key.util.parsing.BuildingException: Unsolved symbol in de.uka.ilkd.key.java.JavaParserFactory$DynamicTypeSolver@1c7f791e : java.lang.Object at file:/D:/a/key/key/key.core/build/resources/main/de/uka/ilkd/key/proof/rules/javaRules.key:2608:15
	at de.uka.ilkd.key.nparser.builder.AbstractBuilder.accept(AbstractBuilder.java:54)
Caused by: com.github.javaparser.resolution.UnsolvedSymbolException: Unsolved symbol in de.uka.ilkd.key.java.JavaParserFactory$DynamicTypeSolver@1c7f791e : java.lang.Object
	at com.github.javaparser.resolution.TypeSolver.solveType(TypeSolver.java:71)

36410      ERROR Test worker     d.u.i.k.n.b.AbstractBuilder  com.github.javaparser.resolution.UnsolvedSymbolException: Unsolved symbol in de.uka.ilkd.key.java.JavaParserFactory$DynamicTypeSolver@1c7f791e : java.lang.Object
	at com.github.javaparser.resolution.TypeSolver.solveType(TypeSolver.java:71)

36410      ERROR Test worker     d.u.i.k.n.b.TacletPBuilder Error in parsing taclet. de.uka.ilkd.key.util.parsing.BuildingException: Unsolved symbol in de.uka.ilkd.key.java.JavaParserFactory$DynamicTypeSolver@1c7f791e : java.lang.Object at file:/D:/a/key/key/key.core/build/resources/main/de/uka/ilkd/key/proof/rules/javaRules.key:2616:15
	at de.uka.ilkd.key.nparser.builder.AbstractBuilder.accept(AbstractBuilder.java:54)
Caused by: com.github.javaparser.resolution.UnsolvedSymbolException: Unsolved symbol in de.uka.ilkd.key.java.JavaParserFactory$DynamicTypeSolver@1c7f791e : java.lang.Object
	at com.github.javaparser.resolution.TypeSolver.solveType(TypeSolver.java:71)

36410      ERROR Test worker     d.u.i.k.n.b.AbstractBuilder  com.github.javaparser.resolution.UnsolvedSymbolException: Unsolved symbol in de.uka.ilkd.key.java.JavaParserFactory$DynamicTypeSolver@1c7f791e : java.lang.Object
	at com.github.javaparser.resolution.TypeSolver.solveType(TypeSolver.java:71)

36410      ERROR Test worker     d.u.i.k.n.b.TacletPBuilder Error in parsing taclet. de.uka.ilkd.key.util.parsing.BuildingException: Unsolved symbol in de.uka.ilkd.key.java.JavaParserFactory$DynamicTypeSolver@1c7f791e : java.lang.Object at file:/D:/a/key/key/key.core/build/resources/main/de/uka/ilkd/key/proof/rules/javaRules.key:2624:15
	at de.uka.ilkd.key.nparser.builder.AbstractBuilder.accept(AbstractBuilder.java:54)
Caused by: com.github.javaparser.resolution.UnsolvedSymbolException: Unsolved symbol in de.uka.ilkd.key.java.JavaParserFactory$DynamicTypeSolver@1c7f791e : java.lang.Object
	at com.github.javaparser.resolution.TypeSolver.solveType(TypeSolver.java:71)

36410      ERROR Test worker     d.u.i.k.n.b.AbstractBuilder  com.github.javaparser.resolution.UnsolvedSymbolException: Unsolved symbol in de.uka.ilkd.key.java.JavaParserFactory$DynamicTypeSolver@1c7f791e : java.lang.Object
	at com.github.javaparser.resolution.TypeSolver.solveType(TypeSolver.java:71)

36410      ERROR Test worker     d.u.i.k.n.b.TacletPBuilder Error in parsing taclet. de.uka.ilkd.key.util.parsing.BuildingException: Unsolved symbol in de.uka.ilkd.key.java.JavaParserFactory$DynamicTypeSolver@1c7f791e : java.lang.Object at file:/D:/a/key/key/key.core/build/resources/main/de/uka/ilkd/key/proof/rules/javaRules.key:2632:15
	at de.uka.ilkd.key.nparser.builder.AbstractBuilder.accept(AbstractBuilder.java:54)
Caused by: com.github.javaparser.resolution.UnsolvedSymbolException: Unsolved symbol in de.uka.ilkd.key.java.JavaParserFactory$DynamicTypeSolver@1c7f791e : java.lang.Object
	at com.github.javaparser.resolution.TypeSolver.solveType(TypeSolver.java:71)

36410      ERROR Test worker     d.u.i.k.n.b.AbstractBuilder  com.github.javaparser.resolution.UnsolvedSymbolException: Unsolved symbol in de.uka.ilkd.key.java.JavaParserFactory$DynamicTypeSolver@1c7f791e : java.lang.Object
	at com.github.javaparser.resolution.TypeSolver.solveType(TypeSolver.java:71)

36410      ERROR Test worker     d.u.i.k.n.b.TacletPBuilder Error in parsing taclet. de.uka.ilkd.key.util.parsing.BuildingException: Unsolved symbol in de.uka.ilkd.key.java.JavaParserFactory$DynamicTypeSolver@1c7f791e : java.lang.Object at file:/D:/a/key/key/key.core/build/resources/main/de/uka/ilkd/key/proof/rules/javaRules.key:2640:15
	at de.uka.ilkd.key.nparser.builder.AbstractBuilder.accept(AbstractBuilder.java:54)
Caused by: com.github.javaparser.resolution.UnsolvedSymbolException: Unsolved symbol in de.uka.ilkd.key.java.JavaParserFactory$DynamicTypeSolver@1c7f791e : java.lang.Object
	at com.github.javaparser.resolution.TypeSolver.solveType(TypeSolver.java:71)

36410      ERROR Test worker     d.u.i.k.n.b.AbstractBuilder  com.github.javaparser.resolution.UnsolvedSymbolException: Unsolved symbol in de.uka.ilkd.key.java.JavaParserFactory$DynamicTypeSolver@1c7f791e : java.lang.Object
	at com.github.javaparser.resolution.TypeSolver.solveType(TypeSolver.java:71)

36410      ERROR Test worker     d.u.i.k.n.b.TacletPBuilder Error in parsing taclet. de.uka.ilkd.key.util.parsing.BuildingException: Unsolved symbol in de.uka.ilkd.key.java.JavaParserFactory$DynamicTypeSolver@1c7f791e : java.lang.Object at file:/D:/a/key/key/key.core/build/resources/main/de/uka/ilkd/key/proof/rules/javaRules.key:2648:15
	at de.uka.ilkd.key.nparser.builder.AbstractBuilder.accept(AbstractBuilder.java:54)
Caused by: com.github.javaparser.resolution.UnsolvedSymbolException: Unsolved symbol in de.uka.ilkd.key.java.JavaParserFactory$DynamicTypeSolver@1c7f791e : java.lang.Object
	at com.github.javaparser.resolution.TypeSolver.solveType(TypeSolver.java:71)

36426      ERROR Test worker     d.u.i.k.n.b.AbstractBuilder  com.github.javaparser.resolution.UnsolvedSymbolException: Unsolved symbol in de.uka.ilkd.key.java.JavaParserFactory$DynamicTypeSolver@1c7f791e : java.lang.Object
	at com.github.javaparser.resolution.TypeSolver.solveType(TypeSolver.java:71)

36426      ERROR Test worker     d.u.i.k.n.b.TacletPBuilder Error in parsing taclet. de.uka.ilkd.key.util.parsing.BuildingException: Unsolved symbol in de.uka.ilkd.key.java.JavaParserFactory$DynamicTypeSolver@1c7f791e : java.lang.Object at file:/D:/a/key/key/key.core/build/resources/main/de/uka/ilkd/key/proof/rules/javaRules.key:2663:15
	at de.uka.ilkd.key.nparser.builder.AbstractBuilder.accept(AbstractBuilder.java:54)
Caused by: com.github.javaparser.resolution.UnsolvedSymbolException: Unsolved symbol in de.uka.ilkd.key.java.JavaParserFactory$DynamicTypeSolver@1c7f791e : java.lang.Object
	at com.github.javaparser.resolution.TypeSolver.solveType(TypeSolver.java:71)

36426      ERROR Test worker     d.u.i.k.n.b.AbstractBuilder  com.github.javaparser.resolution.UnsolvedSymbolException: Unsolved symbol in de.uka.ilkd.key.java.JavaParserFactory$DynamicTypeSolver@1c7f791e : java.lang.Object
	at com.github.javaparser.resolution.TypeSolver.solveType(TypeSolver.java:71)

36426      ERROR Test worker     d.u.i.k.n.b.TacletPBuilder Error in parsing taclet. de.uka.ilkd.key.util.parsing.BuildingException: Unsolved symbol in de.uka.ilkd.key.java.JavaParserFactory$DynamicTypeSolver@1c7f791e : java.lang.Object at file:/D:/a/key/key/key.core/build/resources/main/de/uka/ilkd/key/proof/rules/javaRules.key:2670:15
	at de.uka.ilkd.key.nparser.builder.AbstractBuilder.accept(AbstractBuilder.java:54)
Caused by: com.github.javaparser.resolution.UnsolvedSymbolException: Unsolved symbol in de.uka.ilkd.key.java.JavaParserFactory$DynamicTypeSolver@1c7f791e : java.lang.Object
	at com.github.javaparser.resolution.TypeSolver.solveType(TypeSolver.java:71)

36426      ERROR Test worker     d.u.i.k.n.b.AbstractBuilder  com.github.javaparser.resolution.UnsolvedSymbolException: Unsolved symbol in de.uka.ilkd.key.java.JavaParserFactory$DynamicTypeSolver@1c7f791e : java.lang.Object
	at com.github.javaparser.resolution.TypeSolver.solveType(TypeSolver.java:71)

36426      ERROR Test worker     d.u.i.k.n.b.TacletPBuilder Error in parsing taclet. de.uka.ilkd.key.util.parsing.BuildingException: Unsolved symbol in de.uka.ilkd.key.java.JavaParserFactory$DynamicTypeSolver@1c7f791e : java.lang.Object at file:/D:/a/key/key/key.core/build/resources/main/de/uka/ilkd/key/proof/rules/javaRules.key:2678:15
	at de.uka.ilkd.key.nparser.builder.AbstractBuilder.accept(AbstractBuilder.java:54)
Caused by: com.github.javaparser.resolution.UnsolvedSymbolException: Unsolved symbol in de.uka.ilkd.key.java.JavaParserFactory$DynamicTypeSolver@1c7f791e : java.lang.Object
	at com.github.javaparser.resolution.TypeSolver.solveType(TypeSolver.java:71)

36426      ERROR Test worker     d.u.i.k.n.b.AbstractBuilder  com.github.javaparser.resolution.UnsolvedSymbolException: Unsolved symbol in de.uka.ilkd.key.java.JavaParserFactory$DynamicTypeSolver@1c7f791e : java.lang.Object
	at com.github.javaparser.resolution.TypeSolver.solveType(TypeSolver.java:71)

36426      ERROR Test worker     d.u.i.k.n.b.TacletPBuilder Error in parsing taclet. de.uka.ilkd.key.util.parsing.BuildingException: Unsolved symbol in de.uka.ilkd.key.java.JavaParserFactory$DynamicTypeSolver@1c7f791e : java.lang.Object at file:/D:/a/key/key/key.core/build/resources/main/de/uka/ilkd/key/proof/rules/javaRules.key:2685:15
	at de.uka.ilkd.key.nparser.builder.AbstractBuilder.accept(AbstractBuilder.java:54)
Caused by: com.github.javaparser.resolution.UnsolvedSymbolException: Unsolved symbol in de.uka.ilkd.key.java.JavaParserFactory$DynamicTypeSolver@1c7f791e : java.lang.Object
	at com.github.javaparser.resolution.TypeSolver.solveType(TypeSolver.java:71)

36426      ERROR Test worker     d.u.i.k.n.b.AbstractBuilder  com.github.javaparser.resolution.UnsolvedSymbolException: Unsolved symbol in de.uka.ilkd.key.java.JavaParserFactory$DynamicTypeSolver@1c7f791e : java.lang.Object
	at com.github.javaparser.resolution.TypeSolver.solveType(TypeSolver.java:71)

36426      ERROR Test worker     d.u.i.k.n.b.TacletPBuilder Error in parsing taclet. de.uka.ilkd.key.util.parsing.BuildingException: Unsolved symbol in de.uka.ilkd.key.java.JavaParserFactory$DynamicTypeSolver@1c7f791e : java.lang.Object at file:/D:/a/key/key/key.core/build/resources/main/de/uka/ilkd/key/proof/rules/javaRules.key:2693:15
	at de.uka.ilkd.key.nparser.builder.AbstractBuilder.accept(AbstractBuilder.java:54)
Caused by: com.github.javaparser.resolution.UnsolvedSymbolException: Unsolved symbol in de.uka.ilkd.key.java.JavaParserFactory$DynamicTypeSolver@1c7f791e : java.lang.Object
	at com.github.javaparser.resolution.TypeSolver.solveType(TypeSolver.java:71)

36426      ERROR Test worker     d.u.i.k.n.b.AbstractBuilder  com.github.javaparser.resolution.UnsolvedSymbolException: Unsolved symbol in de.uka.ilkd.key.java.JavaParserFactory$DynamicTypeSolver@1c7f791e : java.lang.Object
	at com.github.javaparser.resolution.TypeSolver.solveType(TypeSolver.java:71)

36426      ERROR Test worker     d.u.i.k.n.b.TacletPBuilder Error in parsing taclet. de.uka.ilkd.key.util.parsing.BuildingException: Unsolved symbol in de.uka.ilkd.key.java.JavaParserFactory$DynamicTypeSolver@1c7f791e : java.lang.Object at file:/D:/a/key/key/key.core/build/resources/main/de/uka/ilkd/key/proof/rules/javaRules.key:2701:15
	at de.uka.ilkd.key.nparser.builder.AbstractBuilder.accept(AbstractBuilder.java:54)
Caused by: com.github.javaparser.resolution.UnsolvedSymbolException: Unsolved symbol in de.uka.ilkd.key.java.JavaParserFactory$DynamicTypeSolver@1c7f791e : java.lang.Object
	at com.github.javaparser.resolution.TypeSolver.solveType(TypeSolver.java:71)

36426      ERROR Test worker     d.u.i.k.n.b.AbstractBuilder  com.github.javaparser.resolution.UnsolvedSymbolException: Unsolved symbol in de.uka.ilkd.key.java.JavaParserFactory$DynamicTypeSolver@1c7f791e : java.lang.Object
	at com.github.javaparser.resolution.TypeSolver.solveType(TypeSolver.java:71)

36426      ERROR Test worker     d.u.i.k.n.b.TacletPBuilder Error in parsing taclet. de.uka.ilkd.key.util.parsing.BuildingException: Unsolved symbol in de.uka.ilkd.key.java.JavaParserFactory$DynamicTypeSolver@1c7f791e : java.lang.Object at file:/D:/a/key/key/key.core/build/resources/main/de/uka/ilkd/key/proof/rules/javaRules.key:2710:15
	at de.uka.ilkd.key.nparser.builder.AbstractBuilder.accept(AbstractBuilder.java:54)
Caused by: com.github.javaparser.resolution.UnsolvedSymbolException: Unsolved symbol in de.uka.ilkd.key.java.JavaParserFactory$DynamicTypeSolver@1c7f791e : java.lang.Object
	at com.github.javaparser.resolution.TypeSolver.solveType(TypeSolver.java:71)

36426      ERROR Test worker     d.u.i.k.n.b.AbstractBuilder  com.github.javaparser.resolution.UnsolvedSymbolException: Unsolved symbol in de.uka.ilkd.key.java.JavaParserFactory$DynamicTypeSolver@1c7f791e : java.lang.Object
	at com.github.javaparser.resolution.TypeSolver.solveType(TypeSolver.java:71)

36426      ERROR Test worker     d.u.i.k.n.b.TacletPBuilder Error in parsing taclet. de.uka.ilkd.key.util.parsing.BuildingException: Unsolved symbol in de.uka.ilkd.key.java.JavaParserFactory$DynamicTypeSolver@1c7f791e : java.lang.Object at file:/D:/a/key/key/key.core/build/resources/main/de/uka/ilkd/key/proof/rules/javaRules.key:2718:15
	at de.uka.ilkd.key.nparser.builder.AbstractBuilder.accept(AbstractBuilder.java:54)
Caused by: com.github.javaparser.resolution.UnsolvedSymbolException: Unsolved symbol in de.uka.ilkd.key.java.JavaParserFactory$DynamicTypeSolver@1c7f791e : java.lang.Object
	at com.github.javaparser.resolution.TypeSolver.solveType(TypeSolver.java:71)

36426      ERROR Test worker     d.u.i.k.n.b.AbstractBuilder  com.github.javaparser.resolution.UnsolvedSymbolException: Unsolved symbol in de.uka.ilkd.key.java.JavaParserFactory$DynamicTypeSolver@1c7f791e : java.lang.Object
	at com.github.javaparser.resolution.TypeSolver.solveType(TypeSolver.java:71)

36426      ERROR Test worker     d.u.i.k.n.b.TacletPBuilder Error in parsing taclet. de.uka.ilkd.key.util.parsing.BuildingException: Unsolved symbol in de.uka.ilkd.key.java.JavaParserFactory$DynamicTypeSolver@1c7f791e : java.lang.Object at file:/D:/a/key/key/key.core/build/resources/main/de/uka/ilkd/key/proof/rules/javaRules.key:2725:15
	at de.uka.ilkd.key.nparser.builder.AbstractBuilder.accept(AbstractBuilder.java:54)
Caused by: com.github.javaparser.resolution.UnsolvedSymbolException: Unsolved symbol in de.uka.ilkd.key.java.JavaParserFactory$DynamicTypeSolver@1c7f791e : java.lang.Object
	at com.github.javaparser.resolution.TypeSolver.solveType(TypeSolver.java:71)

36441      ERROR Test worker     d.u.i.k.n.b.AbstractBuilder  com.github.javaparser.resolution.UnsolvedSymbolException: Unsolved symbol in de.uka.ilkd.key.java.JavaParserFactory$DynamicTypeSolver@1c7f791e : java.lang.Object
	at com.github.javaparser.resolution.TypeSolver.solveType(TypeSolver.java:71)

36441      ERROR Test worker     d.u.i.k.n.b.TacletPBuilder Error in parsing taclet. de.uka.ilkd.key.util.parsing.BuildingException: Unsolved symbol in de.uka.ilkd.key.java.JavaParserFactory$DynamicTypeSolver@1c7f791e : java.lang.Object at file:/D:/a/key/key/key.core/build/resources/main/de/uka/ilkd/key/proof/rules/javaRules.key:2733:15
	at de.uka.ilkd.key.nparser.builder.AbstractBuilder.accept(AbstractBuilder.java:54)
Caused by: com.github.javaparser.resolution.UnsolvedSymbolException: Unsolved symbol in de.uka.ilkd.key.java.JavaParserFactory$DynamicTypeSolver@1c7f791e : java.lang.Object
	at com.github.javaparser.resolution.TypeSolver.solveType(TypeSolver.java:71)

36441      ERROR Test worker     d.u.i.k.n.b.AbstractBuilder  com.github.javaparser.resolution.UnsolvedSymbolException: Unsolved symbol in de.uka.ilkd.key.java.JavaParserFactory$DynamicTypeSolver@1c7f791e : java.lang.Object
	at com.github.javaparser.resolution.TypeSolver.solveType(TypeSolver.java:71)

36441      ERROR Test worker     d.u.i.k.n.b.TacletPBuilder Error in parsing taclet. de.uka.ilkd.key.util.parsing.BuildingException: Unsolved symbol in de.uka.ilkd.key.java.JavaParserFactory$DynamicTypeSolver@1c7f791e : java.lang.Object at file:/D:/a/key/key/key.core/build/resources/main/de/uka/ilkd/key/proof/rules/javaRules.key:2741:15
	at de.uka.ilkd.key.nparser.builder.AbstractBuilder.accept(AbstractBuilder.java:54)
Caused by: com.github.javaparser.resolution.UnsolvedSymbolException: Unsolved symbol in de.uka.ilkd.key.java.JavaParserFactory$DynamicTypeSolver@1c7f791e : java.lang.Object
	at com.github.javaparser.resolution.TypeSolver.solveType(TypeSolver.java:71)

36441      ERROR Test worker     d.u.i.k.n.b.AbstractBuilder  com.github.javaparser.resolution.UnsolvedSymbolException: Unsolved symbol in de.uka.ilkd.key.java.JavaParserFactory$DynamicTypeSolver@1c7f791e : java.lang.Object
	at com.github.javaparser.resolution.TypeSolver.solveType(TypeSolver.java:71)

36441      ERROR Test worker     d.u.i.k.n.b.TacletPBuilder Error in parsing taclet. de.uka.ilkd.key.util.parsing.BuildingException: Unsolved symbol in de.uka.ilkd.key.java.JavaParserFactory$DynamicTypeSolver@1c7f791e : java.lang.Object at file:/D:/a/key/key/key.core/build/resources/main/de/uka/ilkd/key/proof/rules/javaRules.key:2750:15
	at de.uka.ilkd.key.nparser.builder.AbstractBuilder.accept(AbstractBuilder.java:54)
Caused by: com.github.javaparser.resolution.UnsolvedSymbolException: Unsolved symbol in de.uka.ilkd.key.java.JavaParserFactory$DynamicTypeSolver@1c7f791e : java.lang.Object
	at com.github.javaparser.resolution.TypeSolver.solveType(TypeSolver.java:71)

36441      ERROR Test worker     d.u.i.k.n.b.AbstractBuilder  com.github.javaparser.resolution.UnsolvedSymbolException: Unsolved symbol in de.uka.ilkd.key.java.JavaParserFactory$DynamicTypeSolver@1c7f791e : java.lang.Object
	at com.github.javaparser.resolution.TypeSolver.solveType(TypeSolver.java:71)

36441      ERROR Test worker     d.u.i.k.n.b.TacletPBuilder Error in parsing taclet. de.uka.ilkd.key.util.parsing.BuildingException: Unsolved symbol in de.uka.ilkd.key.java.JavaParserFactory$DynamicTypeSolver@1c7f791e : java.lang.Object at file:/D:/a/key/key/key.core/build/resources/main/de/uka/ilkd/key/proof/rules/javaRules.key:2758:15
	at de.uka.ilkd.key.nparser.builder.AbstractBuilder.accept(AbstractBuilder.java:54)
Caused by: com.github.javaparser.resolution.UnsolvedSymbolException: Unsolved symbol in de.uka.ilkd.key.java.JavaParserFactory$DynamicTypeSolver@1c7f791e : java.lang.Object
	at com.github.javaparser.resolution.TypeSolver.solveType(TypeSolver.java:71)

36441      ERROR Test worker     d.u.i.k.n.b.AbstractBuilder  com.github.javaparser.resolution.UnsolvedSymbolException: Unsolved symbol in de.uka.ilkd.key.java.JavaParserFactory$DynamicTypeSolver@1c7f791e : java.lang.Object
	at com.github.javaparser.resolution.TypeSolver.solveType(TypeSolver.java:71)

36441      ERROR Test worker     d.u.i.k.n.b.TacletPBuilder Error in parsing taclet. de.uka.ilkd.key.util.parsing.BuildingException: Unsolved symbol in de.uka.ilkd.key.java.JavaParserFactory$DynamicTypeSolver@1c7f791e : java.lang.Object at file:/D:/a/key/key/key.core/build/resources/main/de/uka/ilkd/key/proof/rules/javaRules.key:2767:15
	at de.uka.ilkd.key.nparser.builder.AbstractBuilder.accept(AbstractBuilder.java:54)
Caused by: com.github.javaparser.resolution.UnsolvedSymbolException: Unsolved symbol in de.uka.ilkd.key.java.JavaParserFactory$DynamicTypeSolver@1c7f791e : java.lang.Object
	at com.github.javaparser.resolution.TypeSolver.solveType(TypeSolver.java:71)

36441      ERROR Test worker     d.u.i.k.n.b.AbstractBuilder  com.github.javaparser.resolution.UnsolvedSymbolException: Unsolved symbol in de.uka.ilkd.key.java.JavaParserFactory$DynamicTypeSolver@1c7f791e : java.lang.Object
	at com.github.javaparser.resolution.TypeSolver.solveType(TypeSolver.java:71)

36441      ERROR Test worker     d.u.i.k.n.b.TacletPBuilder Error in parsing taclet. de.uka.ilkd.key.util.parsing.BuildingException: Unsolved symbol in de.uka.ilkd.key.java.JavaParserFactory$DynamicTypeSolver@1c7f791e : java.lang.Object at file:/D:/a/key/key/key.core/build/resources/main/de/uka/ilkd/key/proof/rules/javaRules.key:2779:15
	at de.uka.ilkd.key.nparser.builder.AbstractBuilder.accept(AbstractBuilder.java:54)
Caused by: com.github.javaparser.resolution.UnsolvedSymbolException: Unsolved symbol in de.uka.ilkd.key.java.JavaParserFactory$DynamicTypeSolver@1c7f791e : java.lang.Object
	at com.github.javaparser.resolution.TypeSolver.solveType(TypeSolver.java:71)

36441      ERROR Test worker     d.u.i.k.n.b.AbstractBuilder  com.github.javaparser.resolution.UnsolvedSymbolException: Unsolved symbol in de.uka.ilkd.key.java.JavaParserFactory$DynamicTypeSolver@1c7f791e : java.lang.Object
	at com.github.javaparser.resolution.TypeSolver.solveType(TypeSolver.java:71)

36441      ERROR Test worker     d.u.i.k.n.b.TacletPBuilder Error in parsing taclet. de.uka.ilkd.key.util.parsing.BuildingException: Unsolved symbol in de.uka.ilkd.key.java.JavaParserFactory$DynamicTypeSolver@1c7f791e : java.lang.Object at file:/D:/a/key/key/key.core/build/resources/main/de/uka/ilkd/key/proof/rules/javaRules.key:2789:15
	at de.uka.ilkd.key.nparser.builder.AbstractBuilder.accept(AbstractBuilder.java:54)
Caused by: com.github.javaparser.resolution.UnsolvedSymbolException: Unsolved symbol in de.uka.ilkd.key.java.JavaParserFactory$DynamicTypeSolver@1c7f791e : java.lang.Object
	at com.github.javaparser.resolution.TypeSolver.solveType(TypeSolver.java:71)

36441      ERROR Test worker     d.u.i.k.n.b.AbstractBuilder  com.github.javaparser.resolution.UnsolvedSymbolException: Unsolved symbol in de.uka.ilkd.key.java.JavaParserFactory$DynamicTypeSolver@1c7f791e : java.lang.Object
	at com.github.javaparser.resolution.TypeSolver.solveType(TypeSolver.java:71)

36441      ERROR Test worker     d.u.i.k.n.b.TacletPBuilder Error in parsing taclet. de.uka.ilkd.key.util.parsing.BuildingException: Unsolved symbol in de.uka.ilkd.key.java.JavaParserFactory$DynamicTypeSolver@1c7f791e : java.lang.Object at file:/D:/a/key/key/key.core/build/resources/main/de/uka/ilkd/key/proof/rules/javaRules.key:2802:15
	at de.uka.ilkd.key.nparser.builder.AbstractBuilder.accept(AbstractBuilder.java:54)
Caused by: com.github.javaparser.resolution.UnsolvedSymbolException: Unsolved symbol in de.uka.ilkd.key.java.JavaParserFactory$DynamicTypeSolver@1c7f791e : java.lang.Object
	at com.github.javaparser.resolution.TypeSolver.solveType(TypeSolver.java:71)

36441      ERROR Test worker     d.u.i.k.n.b.AbstractBuilder  com.github.javaparser.resolution.UnsolvedSymbolException: Unsolved symbol in de.uka.ilkd.key.java.JavaParserFactory$DynamicTypeSolver@1c7f791e : java.lang.Object
	at com.github.javaparser.resolution.TypeSolver.solveType(TypeSolver.java:71)

36441      ERROR Test worker     d.u.i.k.n.b.TacletPBuilder Error in parsing taclet. de.uka.ilkd.key.util.parsing.BuildingException: Unsolved symbol in de.uka.ilkd.key.java.JavaParserFactory$DynamicTypeSolver@1c7f791e : java.lang.Object at file:/D:/a/key/key/key.core/build/resources/main/de/uka/ilkd/key/proof/rules/javaRules.key:2816:15
	at de.uka.ilkd.key.nparser.builder.AbstractBuilder.accept(AbstractBuilder.java:54)
Caused by: com.github.javaparser.resolution.UnsolvedSymbolException: Unsolved symbol in de.uka.ilkd.key.java.JavaParserFactory$DynamicTypeSolver@1c7f791e : java.lang.Object
	at com.github.javaparser.resolution.TypeSolver.solveType(TypeSolver.java:71)

36457      ERROR Test worker     d.u.i.k.n.b.AbstractBuilder  com.github.javaparser.resolution.UnsolvedSymbolException: Unsolved symbol in de.uka.ilkd.key.java.JavaParserFactory$DynamicTypeSolver@1c7f791e : java.lang.Object
	at com.github.javaparser.resolution.TypeSolver.solveType(TypeSolver.java:71)

36457      ERROR Test worker     d.u.i.k.n.b.TacletPBuilder Error in parsing taclet. de.uka.ilkd.key.util.parsing.BuildingException: Unsolved symbol in de.uka.ilkd.key.java.JavaParserFactory$DynamicTypeSolver@1c7f791e : java.lang.Object at file:/D:/a/key/key/key.core/build/resources/main/de/uka/ilkd/key/proof/rules/javaRules.key:2828:15
	at de.uka.ilkd.key.nparser.builder.AbstractBuilder.accept(AbstractBuilder.java:54)
Caused by: com.github.javaparser.resolution.UnsolvedSymbolException: Unsolved symbol in de.uka.ilkd.key.java.JavaParserFactory$DynamicTypeSolver@1c7f791e : java.lang.Object
	at com.github.javaparser.resolution.TypeSolver.solveType(TypeSolver.java:71)

36457      ERROR Test worker     d.u.i.k.n.b.AbstractBuilder  com.github.javaparser.resolution.UnsolvedSymbolException: Unsolved symbol in de.uka.ilkd.key.java.JavaParserFactory$DynamicTypeSolver@1c7f791e : java.lang.Object
	at com.github.javaparser.resolution.TypeSolver.solveType(TypeSolver.java:71)

36457      ERROR Test worker     d.u.i.k.n.b.TacletPBuilder Error in parsing taclet. de.uka.ilkd.key.util.parsing.BuildingException: Unsolved symbol in de.uka.ilkd.key.java.JavaParserFactory$DynamicTypeSolver@1c7f791e : java.lang.Object at file:/D:/a/key/key/key.core/build/resources/main/de/uka/ilkd/key/proof/rules/javaRules.key:2838:15
	at de.uka.ilkd.key.nparser.builder.AbstractBuilder.accept(AbstractBuilder.java:54)
Caused by: com.github.javaparser.resolution.UnsolvedSymbolException: Unsolved symbol in de.uka.ilkd.key.java.JavaParserFactory$DynamicTypeSolver@1c7f791e : java.lang.Object
	at com.github.javaparser.resolution.TypeSolver.solveType(TypeSolver.java:71)

36457      ERROR Test worker     d.u.i.k.n.b.AbstractBuilder  com.github.javaparser.resolution.UnsolvedSymbolException: Unsolved symbol in de.uka.ilkd.key.java.JavaParserFactory$DynamicTypeSolver@1c7f791e : java.lang.Object
	at com.github.javaparser.resolution.TypeSolver.solveType(TypeSolver.java:71)

36457      ERROR Test worker     d.u.i.k.n.b.TacletPBuilder Error in parsing taclet. de.uka.ilkd.key.util.parsing.BuildingException: Unsolved symbol in de.uka.ilkd.key.java.JavaParserFactory$DynamicTypeSolver@1c7f791e : java.lang.Object at file:/D:/a/key/key/key.core/build/resources/main/de/uka/ilkd/key/proof/rules/javaRules.key:2849:15
	at de.uka.ilkd.key.nparser.builder.AbstractBuilder.accept(AbstractBuilder.java:54)
Caused by: com.github.javaparser.resolution.UnsolvedSymbolException: Unsolved symbol in de.uka.ilkd.key.java.JavaParserFactory$DynamicTypeSolver@1c7f791e : java.lang.Object
	at com.github.javaparser.resolution.TypeSolver.solveType(TypeSolver.java:71)

36457      ERROR Test worker     d.u.i.k.n.b.AbstractBuilder  com.github.javaparser.resolution.UnsolvedSymbolException: Unsolved symbol in de.uka.ilkd.key.java.JavaParserFactory$DynamicTypeSolver@1c7f791e : java.lang.Object
	at com.github.javaparser.resolution.TypeSolver.solveType(TypeSolver.java:71)

36457      ERROR Test worker     d.u.i.k.n.b.TacletPBuilder Error in parsing taclet. de.uka.ilkd.key.util.parsing.BuildingException: Unsolved symbol in de.uka.ilkd.key.java.JavaParserFactory$DynamicTypeSolver@1c7f791e : java.lang.Object at file:/D:/a/key/key/key.core/build/resources/main/de/uka/ilkd/key/proof/rules/javaRules.key:2860:15
	at de.uka.ilkd.key.nparser.builder.AbstractBuilder.accept(AbstractBuilder.java:54)
Caused by: com.github.javaparser.resolution.UnsolvedSymbolException: Unsolved symbol in de.uka.ilkd.key.java.JavaParserFactory$DynamicTypeSolver@1c7f791e : java.lang.Object
	at com.github.javaparser.resolution.TypeSolver.solveType(TypeSolver.java:71)

36457      ERROR Test worker     d.u.i.k.n.b.AbstractBuilder  com.github.javaparser.resolution.UnsolvedSymbolException: Unsolved symbol in de.uka.ilkd.key.java.JavaParserFactory$DynamicTypeSolver@1c7f791e : java.lang.Object
	at com.github.javaparser.resolution.TypeSolver.solveType(TypeSolver.java:71)

36457      ERROR Test worker     d.u.i.k.n.b.TacletPBuilder Error in parsing taclet. de.uka.ilkd.key.util.parsing.BuildingException: Unsolved symbol in de.uka.ilkd.key.java.JavaParserFactory$DynamicTypeSolver@1c7f791e : java.lang.Object at file:/D:/a/key/key/key.core/build/resources/main/de/uka/ilkd/key/proof/rules/javaRules.key:2868:15
	at de.uka.ilkd.key.nparser.builder.AbstractBuilder.accept(AbstractBuilder.java:54)
Caused by: com.github.javaparser.resolution.UnsolvedSymbolException: Unsolved symbol in de.uka.ilkd.key.java.JavaParserFactory$DynamicTypeSolver@1c7f791e : java.lang.Object
	at com.github.javaparser.resolution.TypeSolver.solveType(TypeSolver.java:71)

36457      ERROR Test worker     d.u.i.k.n.b.AbstractBuilder  com.github.javaparser.resolution.UnsolvedSymbolException: Unsolved symbol in de.uka.ilkd.key.java.JavaParserFactory$DynamicTypeSolver@1c7f791e : java.lang.Object
	at com.github.javaparser.resolution.TypeSolver.solveType(TypeSolver.java:71)

36457      ERROR Test worker     d.u.i.k.n.b.TacletPBuilder Error in parsing taclet. de.uka.ilkd.key.util.parsing.BuildingException: Unsolved symbol in de.uka.ilkd.key.java.JavaParserFactory$DynamicTypeSolver@1c7f791e : java.lang.Object at file:/D:/a/key/key/key.core/build/resources/main/de/uka/ilkd/key/proof/rules/javaRules.key:2876:15
	at de.uka.ilkd.key.nparser.builder.AbstractBuilder.accept(AbstractBuilder.java:54)
Caused by: com.github.javaparser.resolution.UnsolvedSymbolException: Unsolved symbol in de.uka.ilkd.key.java.JavaParserFactory$DynamicTypeSolver@1c7f791e : java.lang.Object
	at com.github.javaparser.resolution.TypeSolver.solveType(TypeSolver.java:71)

36457      ERROR Test worker     d.u.i.k.n.b.AbstractBuilder  com.github.javaparser.resolution.UnsolvedSymbolException: Unsolved symbol in de.uka.ilkd.key.java.JavaParserFactory$DynamicTypeSolver@1c7f791e : java.lang.Object
	at com.github.javaparser.resolution.TypeSolver.solveType(TypeSolver.java:71)

36457      ERROR Test worker     d.u.i.k.n.b.TacletPBuilder Error in parsing taclet. de.uka.ilkd.key.util.parsing.BuildingException: Unsolved symbol in de.uka.ilkd.key.java.JavaParserFactory$DynamicTypeSolver@1c7f791e : java.lang.Object at file:/D:/a/key/key/key.core/build/resources/main/de/uka/ilkd/key/proof/rules/javaRules.key:2888:15
	at de.uka.ilkd.key.nparser.builder.AbstractBuilder.accept(AbstractBuilder.java:54)
Caused by: com.github.javaparser.resolution.UnsolvedSymbolException: Unsolved symbol in de.uka.ilkd.key.java.JavaParserFactory$DynamicTypeSolver@1c7f791e : java.lang.Object
	at com.github.javaparser.resolution.TypeSolver.solveType(TypeSolver.java:71)

36457      ERROR Test worker     d.u.i.k.n.b.AbstractBuilder  com.github.javaparser.resolution.UnsolvedSymbolException: Unsolved symbol in de.uka.ilkd.key.java.JavaParserFactory$DynamicTypeSolver@1c7f791e : java.lang.Object
	at com.github.javaparser.resolution.TypeSolver.solveType(TypeSolver.java:71)

36457      ERROR Test worker     d.u.i.k.n.b.TacletPBuilder Error in parsing taclet. de.uka.ilkd.key.util.parsing.BuildingException: Unsolved symbol in de.uka.ilkd.key.java.JavaParserFactory$DynamicTypeSolver@1c7f791e : java.lang.Object at file:/D:/a/key/key/key.core/build/resources/main/de/uka/ilkd/key/proof/rules/javaRules.key:2904:15
	at de.uka.ilkd.key.nparser.builder.AbstractBuilder.accept(AbstractBuilder.java:54)
Caused by: com.github.javaparser.resolution.UnsolvedSymbolException: Unsolved symbol in de.uka.ilkd.key.java.JavaParserFactory$DynamicTypeSolver@1c7f791e : java.lang.Object
	at com.github.javaparser.resolution.TypeSolver.solveType(TypeSolver.java:71)

36457      ERROR Test worker     d.u.i.k.n.b.AbstractBuilder  com.github.javaparser.resolution.UnsolvedSymbolException: Unsolved symbol in de.uka.ilkd.key.java.JavaParserFactory$DynamicTypeSolver@1c7f791e : java.lang.Object
	at com.github.javaparser.resolution.TypeSolver.solveType(TypeSolver.java:71)

36457      ERROR Test worker     d.u.i.k.n.b.TacletPBuilder Error in parsing taclet. de.uka.ilkd.key.util.parsing.BuildingException: Unsolved symbol in de.uka.ilkd.key.java.JavaParserFactory$DynamicTypeSolver@1c7f791e : java.lang.Object at file:/D:/a/key/key/key.core/build/resources/main/de/uka/ilkd/key/proof/rules/javaRules.key:2932:15
	at de.uka.ilkd.key.nparser.builder.AbstractBuilder.accept(AbstractBuilder.java:54)
Caused by: com.github.javaparser.resolution.UnsolvedSymbolException: Unsolved symbol in de.uka.ilkd.key.java.JavaParserFactory$DynamicTypeSolver@1c7f791e : java.lang.Object
	at com.github.javaparser.resolution.TypeSolver.solveType(TypeSolver.java:71)

36473      ERROR Test worker     d.u.i.k.n.b.AbstractBuilder  com.github.javaparser.resolution.UnsolvedSymbolException: Unsolved symbol in de.uka.ilkd.key.java.JavaParserFactory$DynamicTypeSolver@1c7f791e : java.lang.Object
	at com.github.javaparser.resolution.TypeSolver.solveType(TypeSolver.java:71)

36473      ERROR Test worker     d.u.i.k.n.b.TacletPBuilder Error in parsing taclet. de.uka.ilkd.key.util.parsing.BuildingException: Unsolved symbol in de.uka.ilkd.key.java.JavaParserFactory$DynamicTypeSolver@1c7f791e : java.lang.Object at file:/D:/a/key/key/key.core/build/resources/main/de/uka/ilkd/key/proof/rules/javaRules.key:2963:20
	at de.uka.ilkd.key.nparser.builder.AbstractBuilder.accept(AbstractBuilder.java:54)
Caused by: com.github.javaparser.resolution.UnsolvedSymbolException: Unsolved symbol in de.uka.ilkd.key.java.JavaParserFactory$DynamicTypeSolver@1c7f791e : java.lang.Object
	at com.github.javaparser.resolution.TypeSolver.solveType(TypeSolver.java:71)

36473      ERROR Test worker     d.u.i.k.n.b.AbstractBuilder  com.github.javaparser.resolution.UnsolvedSymbolException: Unsolved symbol in de.uka.ilkd.key.java.JavaParserFactory$DynamicTypeSolver@1c7f791e : java.lang.Object
	at com.github.javaparser.resolution.TypeSolver.solveType(TypeSolver.java:71)

36473      ERROR Test worker     d.u.i.k.n.b.TacletPBuilder Error in parsing taclet. de.uka.ilkd.key.util.parsing.BuildingException: Unsolved symbol in de.uka.ilkd.key.java.JavaParserFactory$DynamicTypeSolver@1c7f791e : java.lang.Object at file:/D:/a/key/key/key.core/build/resources/main/de/uka/ilkd/key/proof/rules/javaRules.key:2989:15
	at de.uka.ilkd.key.nparser.builder.AbstractBuilder.accept(AbstractBuilder.java:54)
Caused by: com.github.javaparser.resolution.UnsolvedSymbolException: Unsolved symbol in de.uka.ilkd.key.java.JavaParserFactory$DynamicTypeSolver@1c7f791e : java.lang.Object
	at com.github.javaparser.resolution.TypeSolver.solveType(TypeSolver.java:71)

36473      ERROR Test worker     d.u.i.k.n.b.AbstractBuilder  com.github.javaparser.resolution.UnsolvedSymbolException: Unsolved symbol in de.uka.ilkd.key.java.JavaParserFactory$DynamicTypeSolver@1c7f791e : java.lang.Object
	at com.github.javaparser.resolution.TypeSolver.solveType(TypeSolver.java:71)

36473      ERROR Test worker     d.u.i.k.n.b.TacletPBuilder Error in parsing taclet. de.uka.ilkd.key.util.parsing.BuildingException: Unsolved symbol in de.uka.ilkd.key.java.JavaParserFactory$DynamicTypeSolver@1c7f791e : java.lang.Object at file:/D:/a/key/key/key.core/build/resources/main/de/uka/ilkd/key/proof/rules/javaRules.key:2999:20
	at de.uka.ilkd.key.nparser.builder.AbstractBuilder.accept(AbstractBuilder.java:54)
Caused by: com.github.javaparser.resolution.UnsolvedSymbolException: Unsolved symbol in de.uka.ilkd.key.java.JavaParserFactory$DynamicTypeSolver@1c7f791e : java.lang.Object
	at com.github.javaparser.resolution.TypeSolver.solveType(TypeSolver.java:71)

36473      ERROR Test worker     d.u.i.k.n.b.AbstractBuilder  com.github.javaparser.resolution.UnsolvedSymbolException: Unsolved symbol in de.uka.ilkd.key.java.JavaParserFactory$DynamicTypeSolver@1c7f791e : java.lang.Object
	at com.github.javaparser.resolution.TypeSolver.solveType(TypeSolver.java:71)

36473      ERROR Test worker     d.u.i.k.n.b.TacletPBuilder Error in parsing taclet. de.uka.ilkd.key.util.parsing.BuildingException: Unsolved symbol in de.uka.ilkd.key.java.JavaParserFactory$DynamicTypeSolver@1c7f791e : java.lang.Object at file:/D:/a/key/key/key.core/build/resources/main/de/uka/ilkd/key/proof/rules/javaRules.key:3030:15
	at de.uka.ilkd.key.nparser.builder.AbstractBuilder.accept(AbstractBuilder.java:54)
Caused by: com.github.javaparser.resolution.UnsolvedSymbolException: Unsolved symbol in de.uka.ilkd.key.java.JavaParserFactory$DynamicTypeSolver@1c7f791e : java.lang.Object
	at com.github.javaparser.resolution.TypeSolver.solveType(TypeSolver.java:71)

36473      ERROR Test worker     d.u.i.k.n.b.AbstractBuilder  com.github.javaparser.resolution.UnsolvedSymbolException: Unsolved symbol in de.uka.ilkd.key.java.JavaParserFactory$DynamicTypeSolver@1c7f791e : java.lang.Object
	at com.github.javaparser.resolution.TypeSolver.solveType(TypeSolver.java:71)

36473      ERROR Test worker     d.u.i.k.n.b.TacletPBuilder Error in parsing taclet. de.uka.ilkd.key.util.parsing.BuildingException: Unsolved symbol in de.uka.ilkd.key.java.JavaParserFactory$DynamicTypeSolver@1c7f791e : java.lang.Object at file:/D:/a/key/key/key.core/build/resources/main/de/uka/ilkd/key/proof/rules/javaRules.key:3049:15
	at de.uka.ilkd.key.nparser.builder.AbstractBuilder.accept(AbstractBuilder.java:54)
Caused by: com.github.javaparser.resolution.UnsolvedSymbolException: Unsolved symbol in de.uka.ilkd.key.java.JavaParserFactory$DynamicTypeSolver@1c7f791e : java.lang.Object
	at com.github.javaparser.resolution.TypeSolver.solveType(TypeSolver.java:71)

36473      ERROR Test worker     d.u.i.k.n.b.AbstractBuilder  com.github.javaparser.resolution.UnsolvedSymbolException: Unsolved symbol in de.uka.ilkd.key.java.JavaParserFactory$DynamicTypeSolver@1c7f791e : java.lang.Object
	at com.github.javaparser.resolution.TypeSolver.solveType(TypeSolver.java:71)

36473      ERROR Test worker     d.u.i.k.n.b.TacletPBuilder Error in parsing taclet. de.uka.ilkd.key.util.parsing.BuildingException: Unsolved symbol in de.uka.ilkd.key.java.JavaParserFactory$DynamicTypeSolver@1c7f791e : java.lang.Object at file:/D:/a/key/key/key.core/build/resources/main/de/uka/ilkd/key/proof/rules/javaRules.key:3075:15
	at de.uka.ilkd.key.nparser.builder.AbstractBuilder.accept(AbstractBuilder.java:54)
Caused by: com.github.javaparser.resolution.UnsolvedSymbolException: Unsolved symbol in de.uka.ilkd.key.java.JavaParserFactory$DynamicTypeSolver@1c7f791e : java.lang.Object
	at com.github.javaparser.resolution.TypeSolver.solveType(TypeSolver.java:71)

36473      ERROR Test worker     d.u.i.k.n.b.AbstractBuilder  com.github.javaparser.resolution.UnsolvedSymbolException: Unsolved symbol in de.uka.ilkd.key.java.JavaParserFactory$DynamicTypeSolver@1c7f791e : java.lang.Object
	at com.github.javaparser.resolution.TypeSolver.solveType(TypeSolver.java:71)

36473      ERROR Test worker     d.u.i.k.n.b.TacletPBuilder Error in parsing taclet. de.uka.ilkd.key.util.parsing.BuildingException: Unsolved symbol in de.uka.ilkd.key.java.JavaParserFactory$DynamicTypeSolver@1c7f791e : java.lang.Object at file:/D:/a/key/key/key.core/build/resources/main/de/uka/ilkd/key/proof/rules/javaRules.key:3105:20
	at de.uka.ilkd.key.nparser.builder.AbstractBuilder.accept(AbstractBuilder.java:54)
Caused by: com.github.javaparser.resolution.UnsolvedSymbolException: Unsolved symbol in de.uka.ilkd.key.java.JavaParserFactory$DynamicTypeSolver@1c7f791e : java.lang.Object
	at com.github.javaparser.resolution.TypeSolver.solveType(TypeSolver.java:71)

36473      ERROR Test worker     d.u.i.k.n.b.AbstractBuilder  com.github.javaparser.resolution.UnsolvedSymbolException: Unsolved symbol in de.uka.ilkd.key.java.JavaParserFactory$DynamicTypeSolver@1c7f791e : java.lang.Object
	at com.github.javaparser.resolution.TypeSolver.solveType(TypeSolver.java:71)

36473      ERROR Test worker     d.u.i.k.n.b.TacletPBuilder Error in parsing taclet. de.uka.ilkd.key.util.parsing.BuildingException: Unsolved symbol in de.uka.ilkd.key.java.JavaParserFactory$DynamicTypeSolver@1c7f791e : java.lang.Object at file:/D:/a/key/key/key.core/build/resources/main/de/uka/ilkd/key/proof/rules/javaRules.key:3128:15
	at de.uka.ilkd.key.nparser.builder.AbstractBuilder.accept(AbstractBuilder.java:54)
Caused by: com.github.javaparser.resolution.UnsolvedSymbolException: Unsolved symbol in de.uka.ilkd.key.java.JavaParserFactory$DynamicTypeSolver@1c7f791e : java.lang.Object
	at com.github.javaparser.resolution.TypeSolver.solveType(TypeSolver.java:71)

36488      ERROR Test worker     d.u.i.k.n.b.AbstractBuilder  com.github.javaparser.resolution.UnsolvedSymbolException: Unsolved symbol in de.uka.ilkd.key.java.JavaParserFactory$DynamicTypeSolver@1c7f791e : java.lang.Object
	at com.github.javaparser.resolution.TypeSolver.solveType(TypeSolver.java:71)

36488      ERROR Test worker     d.u.i.k.n.b.TacletPBuilder Error in parsing taclet. de.uka.ilkd.key.util.parsing.BuildingException: Unsolved symbol in de.uka.ilkd.key.java.JavaParserFactory$DynamicTypeSolver@1c7f791e : java.lang.Object at file:/D:/a/key/key/key.core/build/resources/main/de/uka/ilkd/key/proof/rules/javaRules.key:3138:20
	at de.uka.ilkd.key.nparser.builder.AbstractBuilder.accept(AbstractBuilder.java:54)
Caused by: com.github.javaparser.resolution.UnsolvedSymbolException: Unsolved symbol in de.uka.ilkd.key.java.JavaParserFactory$DynamicTypeSolver@1c7f791e : java.lang.Object
	at com.github.javaparser.resolution.TypeSolver.solveType(TypeSolver.java:71)

36488      ERROR Test worker     d.u.i.k.n.b.AbstractBuilder  com.github.javaparser.resolution.UnsolvedSymbolException: Unsolved symbol in de.uka.ilkd.key.java.JavaParserFactory$DynamicTypeSolver@1c7f791e : java.lang.Object
	at com.github.javaparser.resolution.TypeSolver.solveType(TypeSolver.java:71)

36488      ERROR Test worker     d.u.i.k.n.b.TacletPBuilder Error in parsing taclet. de.uka.ilkd.key.util.parsing.BuildingException: Unsolved symbol in de.uka.ilkd.key.java.JavaParserFactory$DynamicTypeSolver@1c7f791e : java.lang.Object at file:/D:/a/key/key/key.core/build/resources/main/de/uka/ilkd/key/proof/rules/javaRules.key:3167:15
	at de.uka.ilkd.key.nparser.builder.AbstractBuilder.accept(AbstractBuilder.java:54)
Caused by: com.github.javaparser.resolution.UnsolvedSymbolException: Unsolved symbol in de.uka.ilkd.key.java.JavaParserFactory$DynamicTypeSolver@1c7f791e : java.lang.Object
	at com.github.javaparser.resolution.TypeSolver.solveType(TypeSolver.java:71)

36488      ERROR Test worker     d.u.i.k.n.b.AbstractBuilder  com.github.javaparser.resolution.UnsolvedSymbolException: Unsolved symbol in de.uka.ilkd.key.java.JavaParserFactory$DynamicTypeSolver@1c7f791e : java.lang.Object
	at com.github.javaparser.resolution.TypeSolver.solveType(TypeSolver.java:71)

36488      ERROR Test worker     d.u.i.k.n.b.TacletPBuilder Error in parsing taclet. de.uka.ilkd.key.util.parsing.BuildingException: Unsolved symbol in de.uka.ilkd.key.java.JavaParserFactory$DynamicTypeSolver@1c7f791e : java.lang.Object at file:/D:/a/key/key/key.core/build/resources/main/de/uka/ilkd/key/proof/rules/javaRules.key:3186:15
	at de.uka.ilkd.key.nparser.builder.AbstractBuilder.accept(AbstractBuilder.java:54)
Caused by: com.github.javaparser.resolution.UnsolvedSymbolException: Unsolved symbol in de.uka.ilkd.key.java.JavaParserFactory$DynamicTypeSolver@1c7f791e : java.lang.Object
	at com.github.javaparser.resolution.TypeSolver.solveType(TypeSolver.java:71)

36488      ERROR Test worker     d.u.i.k.n.b.AbstractBuilder  com.github.javaparser.resolution.UnsolvedSymbolException: Unsolved symbol in de.uka.ilkd.key.java.JavaParserFactory$DynamicTypeSolver@1c7f791e : java.lang.Object
	at com.github.javaparser.resolution.TypeSolver.solveType(TypeSolver.java:71)

36488      ERROR Test worker     d.u.i.k.n.b.TacletPBuilder Error in parsing taclet. de.uka.ilkd.key.util.parsing.BuildingException: Unsolved symbol in de.uka.ilkd.key.java.JavaParserFactory$DynamicTypeSolver@1c7f791e : java.lang.Object at file:/D:/a/key/key/key.core/build/resources/main/de/uka/ilkd/key/proof/rules/javaRules.key:3213:20
	at de.uka.ilkd.key.nparser.builder.AbstractBuilder.accept(AbstractBuilder.java:54)
Caused by: com.github.javaparser.resolution.UnsolvedSymbolException: Unsolved symbol in de.uka.ilkd.key.java.JavaParserFactory$DynamicTypeSolver@1c7f791e : java.lang.Object
	at com.github.javaparser.resolution.TypeSolver.solveType(TypeSolver.java:71)

36488      ERROR Test worker     d.u.i.k.n.b.AbstractBuilder  com.github.javaparser.resolution.UnsolvedSymbolException: Unsolved symbol in de.uka.ilkd.key.java.JavaParserFactory$DynamicTypeSolver@1c7f791e : java.lang.Object
	at com.github.javaparser.resolution.TypeSolver.solveType(TypeSolver.java:71)

36488      ERROR Test worker     d.u.i.k.n.b.TacletPBuilder Error in parsing taclet. de.uka.ilkd.key.util.parsing.BuildingException: Unsolved symbol in de.uka.ilkd.key.java.JavaParserFactory$DynamicTypeSolver@1c7f791e : java.lang.Object at file:/D:/a/key/key/key.core/build/resources/main/de/uka/ilkd/key/proof/rules/javaRules.key:3235:15
	at de.uka.ilkd.key.nparser.builder.AbstractBuilder.accept(AbstractBuilder.java:54)
Caused by: com.github.javaparser.resolution.UnsolvedSymbolException: Unsolved symbol in de.uka.ilkd.key.java.JavaParserFactory$DynamicTypeSolver@1c7f791e : java.lang.Object
	at com.github.javaparser.resolution.TypeSolver.solveType(TypeSolver.java:71)

36488      ERROR Test worker     d.u.i.k.n.b.AbstractBuilder  com.github.javaparser.resolution.UnsolvedSymbolException: Unsolved symbol in de.uka.ilkd.key.java.JavaParserFactory$DynamicTypeSolver@1c7f791e : java.lang.Object
	at com.github.javaparser.resolution.TypeSolver.solveType(TypeSolver.java:71)

36488      ERROR Test worker     d.u.i.k.n.b.TacletPBuilder Error in parsing taclet. de.uka.ilkd.key.util.parsing.BuildingException: Unsolved symbol in de.uka.ilkd.key.java.JavaParserFactory$DynamicTypeSolver@1c7f791e : java.lang.Object at file:/D:/a/key/key/key.core/build/resources/main/de/uka/ilkd/key/proof/rules/javaRules.key:3244:15
	at de.uka.ilkd.key.nparser.builder.AbstractBuilder.accept(AbstractBuilder.java:54)
Caused by: com.github.javaparser.resolution.UnsolvedSymbolException: Unsolved symbol in de.uka.ilkd.key.java.JavaParserFactory$DynamicTypeSolver@1c7f791e : java.lang.Object
	at com.github.javaparser.resolution.TypeSolver.solveType(TypeSolver.java:71)

36504      ERROR Test worker     d.u.i.k.n.b.AbstractBuilder  com.github.javaparser.resolution.UnsolvedSymbolException: Unsolved symbol in de.uka.ilkd.key.java.JavaParserFactory$DynamicTypeSolver@1c7f791e : java.lang.Object
	at com.github.javaparser.resolution.TypeSolver.solveType(TypeSolver.java:71)

36504      ERROR Test worker     d.u.i.k.n.b.TacletPBuilder Error in parsing taclet. de.uka.ilkd.key.util.parsing.BuildingException: Unsolved symbol in de.uka.ilkd.key.java.JavaParserFactory$DynamicTypeSolver@1c7f791e : java.lang.Object at file:/D:/a/key/key/key.core/build/resources/main/de/uka/ilkd/key/proof/rules/javaRules.key:3266:15
	at de.uka.ilkd.key.nparser.builder.AbstractBuilder.accept(AbstractBuilder.java:54)
Caused by: com.github.javaparser.resolution.UnsolvedSymbolException: Unsolved symbol in de.uka.ilkd.key.java.JavaParserFactory$DynamicTypeSolver@1c7f791e : java.lang.Object
	at com.github.javaparser.resolution.TypeSolver.solveType(TypeSolver.java:71)

36504      ERROR Test worker     d.u.i.k.n.b.AbstractBuilder  com.github.javaparser.resolution.UnsolvedSymbolException: Unsolved symbol in de.uka.ilkd.key.java.JavaParserFactory$DynamicTypeSolver@1c7f791e : java.lang.Object
	at com.github.javaparser.resolution.TypeSolver.solveType(TypeSolver.java:71)

36504      ERROR Test worker     d.u.i.k.n.b.TacletPBuilder Error in parsing taclet. de.uka.ilkd.key.util.parsing.BuildingException: Unsolved symbol in de.uka.ilkd.key.java.JavaParserFactory$DynamicTypeSolver@1c7f791e : java.lang.Object at file:/D:/a/key/key/key.core/build/resources/main/de/uka/ilkd/key/proof/rules/javaRules.key:3285:15
	at de.uka.ilkd.key.nparser.builder.AbstractBuilder.accept(AbstractBuilder.java:54)
Caused by: com.github.javaparser.resolution.UnsolvedSymbolException: Unsolved symbol in de.uka.ilkd.key.java.JavaParserFactory$DynamicTypeSolver@1c7f791e : java.lang.Object
	at com.github.javaparser.resolution.TypeSolver.solveType(TypeSolver.java:71)

36504      ERROR Test worker     d.u.i.k.n.b.AbstractBuilder  com.github.javaparser.resolution.UnsolvedSymbolException: Unsolved symbol in de.uka.ilkd.key.java.JavaParserFactory$DynamicTypeSolver@1c7f791e : java.lang.Object
	at com.github.javaparser.resolution.TypeSolver.solveType(TypeSolver.java:71)

36504      ERROR Test worker     d.u.i.k.n.b.TacletPBuilder Error in parsing taclet. de.uka.ilkd.key.util.parsing.BuildingException: Unsolved symbol in de.uka.ilkd.key.java.JavaParserFactory$DynamicTypeSolver@1c7f791e : java.lang.Object at file:/D:/a/key/key/key.core/build/resources/main/de/uka/ilkd/key/proof/rules/javaRules.key:3301:15
	at de.uka.ilkd.key.nparser.builder.AbstractBuilder.accept(AbstractBuilder.java:54)
Caused by: com.github.javaparser.resolution.UnsolvedSymbolException: Unsolved symbol in de.uka.ilkd.key.java.JavaParserFactory$DynamicTypeSolver@1c7f791e : java.lang.Object
	at com.github.javaparser.resolution.TypeSolver.solveType(TypeSolver.java:71)

36504      ERROR Test worker     d.u.i.k.n.b.AbstractBuilder  com.github.javaparser.resolution.UnsolvedSymbolException: Unsolved symbol in de.uka.ilkd.key.java.JavaParserFactory$DynamicTypeSolver@1c7f791e : java.lang.Object
	at com.github.javaparser.resolution.TypeSolver.solveType(TypeSolver.java:71)

36504      ERROR Test worker     d.u.i.k.n.b.TacletPBuilder Error in parsing taclet. de.uka.ilkd.key.util.parsing.BuildingException: Unsolved symbol in de.uka.ilkd.key.java.JavaParserFactory$DynamicTypeSolver@1c7f791e : java.lang.Object at file:/D:/a/key/key/key.core/build/resources/main/de/uka/ilkd/key/proof/rules/javaRules.key:3312:20
	at de.uka.ilkd.key.nparser.builder.AbstractBuilder.accept(AbstractBuilder.java:54)
Caused by: com.github.javaparser.resolution.UnsolvedSymbolException: Unsolved symbol in de.uka.ilkd.key.java.JavaParserFactory$DynamicTypeSolver@1c7f791e : java.lang.Object
	at com.github.javaparser.resolution.TypeSolver.solveType(TypeSolver.java:71)

36504      ERROR Test worker     d.u.i.k.n.b.AbstractBuilder  com.github.javaparser.resolution.UnsolvedSymbolException: Unsolved symbol in de.uka.ilkd.key.java.JavaParserFactory$DynamicTypeSolver@1c7f791e : java.lang.Object
	at com.github.javaparser.resolution.TypeSolver.solveType(TypeSolver.java:71)

36504      ERROR Test worker     d.u.i.k.n.b.TacletPBuilder Error in parsing taclet. de.uka.ilkd.key.util.parsing.BuildingException: Unsolved symbol in de.uka.ilkd.key.java.JavaParserFactory$DynamicTypeSolver@1c7f791e : java.lang.Object at file:/D:/a/key/key/key.core/build/resources/main/de/uka/ilkd/key/proof/rules/javaRules.key:3333:20
	at de.uka.ilkd.key.nparser.builder.AbstractBuilder.accept(AbstractBuilder.java:54)
Caused by: com.github.javaparser.resolution.UnsolvedSymbolException: Unsolved symbol in de.uka.ilkd.key.java.JavaParserFactory$DynamicTypeSolver@1c7f791e : java.lang.Object
	at com.github.javaparser.resolution.TypeSolver.solveType(TypeSolver.java:71)

36504      ERROR Test worker     d.u.i.k.n.b.AbstractBuilder  com.github.javaparser.resolution.UnsolvedSymbolException: Unsolved symbol in de.uka.ilkd.key.java.JavaParserFactory$DynamicTypeSolver@1c7f791e : java.lang.Object
	at com.github.javaparser.resolution.TypeSolver.solveType(TypeSolver.java:71)

36504      ERROR Test worker     d.u.i.k.n.b.TacletPBuilder Error in parsing taclet. de.uka.ilkd.key.util.parsing.BuildingException: Unsolved symbol in de.uka.ilkd.key.java.JavaParserFactory$DynamicTypeSolver@1c7f791e : java.lang.Object at file:/D:/a/key/key/key.core/build/resources/main/de/uka/ilkd/key/proof/rules/javaRules.key:3350:20
	at de.uka.ilkd.key.nparser.builder.AbstractBuilder.accept(AbstractBuilder.java:54)
Caused by: com.github.javaparser.resolution.UnsolvedSymbolException: Unsolved symbol in de.uka.ilkd.key.java.JavaParserFactory$DynamicTypeSolver@1c7f791e : java.lang.Object
	at com.github.javaparser.resolution.TypeSolver.solveType(TypeSolver.java:71)

36504      ERROR Test worker     d.u.i.k.n.b.AbstractBuilder  com.github.javaparser.resolution.UnsolvedSymbolException: Unsolved symbol in de.uka.ilkd.key.java.JavaParserFactory$DynamicTypeSolver@1c7f791e : java.lang.Object
	at com.github.javaparser.resolution.TypeSolver.solveType(TypeSolver.java:71)

36504      ERROR Test worker     d.u.i.k.n.b.TacletPBuilder Error in parsing taclet. de.uka.ilkd.key.util.parsing.BuildingException: Unsolved symbol in de.uka.ilkd.key.java.JavaParserFactory$DynamicTypeSolver@1c7f791e : java.lang.Object at file:/D:/a/key/key/key.core/build/resources/main/de/uka/ilkd/key/proof/rules/javaRules.key:3366:15
	at de.uka.ilkd.key.nparser.builder.AbstractBuilder.accept(AbstractBuilder.java:54)
Caused by: com.github.javaparser.resolution.UnsolvedSymbolException: Unsolved symbol in de.uka.ilkd.key.java.JavaParserFactory$DynamicTypeSolver@1c7f791e : java.lang.Object
	at com.github.javaparser.resolution.TypeSolver.solveType(TypeSolver.java:71)

36504      ERROR Test worker     d.u.i.k.n.b.AbstractBuilder  com.github.javaparser.resolution.UnsolvedSymbolException: Unsolved symbol in de.uka.ilkd.key.java.JavaParserFactory$DynamicTypeSolver@1c7f791e : java.lang.Object
	at com.github.javaparser.resolution.TypeSolver.solveType(TypeSolver.java:71)

36504      ERROR Test worker     d.u.i.k.n.b.TacletPBuilder Error in parsing taclet. de.uka.ilkd.key.util.parsing.BuildingException: Unsolved symbol in de.uka.ilkd.key.java.JavaParserFactory$DynamicTypeSolver@1c7f791e : java.lang.Object at file:/D:/a/key/key/key.core/build/resources/main/de/uka/ilkd/key/proof/rules/javaRules.key:3377:15
	at de.uka.ilkd.key.nparser.builder.AbstractBuilder.accept(AbstractBuilder.java:54)
Caused by: com.github.javaparser.resolution.UnsolvedSymbolException: Unsolved symbol in de.uka.ilkd.key.java.JavaParserFactory$DynamicTypeSolver@1c7f791e : java.lang.Object
	at com.github.javaparser.resolution.TypeSolver.solveType(TypeSolver.java:71)

36504      ERROR Test worker     d.u.i.k.n.b.AbstractBuilder  com.github.javaparser.resolution.UnsolvedSymbolException: Unsolved symbol in de.uka.ilkd.key.java.JavaParserFactory$DynamicTypeSolver@1c7f791e : java.lang.Object
	at com.github.javaparser.resolution.TypeSolver.solveType(TypeSolver.java:71)

36504      ERROR Test worker     d.u.i.k.n.b.TacletPBuilder Error in parsing taclet. de.uka.ilkd.key.util.parsing.BuildingException: Unsolved symbol in de.uka.ilkd.key.java.JavaParserFactory$DynamicTypeSolver@1c7f791e : java.lang.Object at file:/D:/a/key/key/key.core/build/resources/main/de/uka/ilkd/key/proof/rules/javaRules.key:3388:15
	at de.uka.ilkd.key.nparser.builder.AbstractBuilder.accept(AbstractBuilder.java:54)
Caused by: com.github.javaparser.resolution.UnsolvedSymbolException: Unsolved symbol in de.uka.ilkd.key.java.JavaParserFactory$DynamicTypeSolver@1c7f791e : java.lang.Object
	at com.github.javaparser.resolution.TypeSolver.solveType(TypeSolver.java:71)

36519      ERROR Test worker     d.u.i.k.n.b.AbstractBuilder  com.github.javaparser.resolution.UnsolvedSymbolException: Unsolved symbol in de.uka.ilkd.key.java.JavaParserFactory$DynamicTypeSolver@1c7f791e : java.lang.Object
	at com.github.javaparser.resolution.TypeSolver.solveType(TypeSolver.java:71)

36519      ERROR Test worker     d.u.i.k.n.b.TacletPBuilder Error in parsing taclet. de.uka.ilkd.key.util.parsing.BuildingException: Unsolved symbol in de.uka.ilkd.key.java.JavaParserFactory$DynamicTypeSolver@1c7f791e : java.lang.Object at file:/D:/a/key/key/key.core/build/resources/main/de/uka/ilkd/key/proof/rules/javaRules.key:3398:15
	at de.uka.ilkd.key.nparser.builder.AbstractBuilder.accept(AbstractBuilder.java:54)
Caused by: com.github.javaparser.resolution.UnsolvedSymbolException: Unsolved symbol in de.uka.ilkd.key.java.JavaParserFactory$DynamicTypeSolver@1c7f791e : java.lang.Object
	at com.github.javaparser.resolution.TypeSolver.solveType(TypeSolver.java:71)

36519      ERROR Test worker     d.u.i.k.n.b.AbstractBuilder  com.github.javaparser.resolution.UnsolvedSymbolException: Unsolved symbol in de.uka.ilkd.key.java.JavaParserFactory$DynamicTypeSolver@1c7f791e : java.lang.Object
	at com.github.javaparser.resolution.TypeSolver.solveType(TypeSolver.java:71)

36519      ERROR Test worker     d.u.i.k.n.b.TacletPBuilder Error in parsing taclet. de.uka.ilkd.key.util.parsing.BuildingException: Unsolved symbol in de.uka.ilkd.key.java.JavaParserFactory$DynamicTypeSolver@1c7f791e : java.lang.Object at file:/D:/a/key/key/key.core/build/resources/main/de/uka/ilkd/key/proof/rules/javaRules.key:3417:15
	at de.uka.ilkd.key.nparser.builder.AbstractBuilder.accept(AbstractBuilder.java:54)
Caused by: com.github.javaparser.resolution.UnsolvedSymbolException: Unsolved symbol in de.uka.ilkd.key.java.JavaParserFactory$DynamicTypeSolver@1c7f791e : java.lang.Object
	at com.github.javaparser.resolution.TypeSolver.solveType(TypeSolver.java:71)

36519      ERROR Test worker     d.u.i.k.n.b.AbstractBuilder  com.github.javaparser.resolution.UnsolvedSymbolException: Unsolved symbol in de.uka.ilkd.key.java.JavaParserFactory$DynamicTypeSolver@1c7f791e : java.lang.Object
	at com.github.javaparser.resolution.TypeSolver.solveType(TypeSolver.java:71)

36519      ERROR Test worker     d.u.i.k.n.b.TacletPBuilder Error in parsing taclet. de.uka.ilkd.key.util.parsing.BuildingException: Unsolved symbol in de.uka.ilkd.key.java.JavaParserFactory$DynamicTypeSolver@1c7f791e : java.lang.Object at file:/D:/a/key/key/key.core/build/resources/main/de/uka/ilkd/key/proof/rules/javaRules.key:3437:20
	at de.uka.ilkd.key.nparser.builder.AbstractBuilder.accept(AbstractBuilder.java:54)
Caused by: com.github.javaparser.resolution.UnsolvedSymbolException: Unsolved symbol in de.uka.ilkd.key.java.JavaParserFactory$DynamicTypeSolver@1c7f791e : java.lang.Object
	at com.github.javaparser.resolution.TypeSolver.solveType(TypeSolver.java:71)

36519      ERROR Test worker     d.u.i.k.n.b.AbstractBuilder  com.github.javaparser.resolution.UnsolvedSymbolException: Unsolved symbol in de.uka.ilkd.key.java.JavaParserFactory$DynamicTypeSolver@1c7f791e : java.lang.Object
	at com.github.javaparser.resolution.TypeSolver.solveType(TypeSolver.java:71)

36519      ERROR Test worker     d.u.i.k.n.b.TacletPBuilder Error in parsing taclet. de.uka.ilkd.key.util.parsing.BuildingException: Unsolved symbol in de.uka.ilkd.key.java.JavaParserFactory$DynamicTypeSolver@1c7f791e : java.lang.Object at file:/D:/a/key/key/key.core/build/resources/main/de/uka/ilkd/key/proof/rules/javaRules.key:3455:20
	at de.uka.ilkd.key.nparser.builder.AbstractBuilder.accept(AbstractBuilder.java:54)
Caused by: com.github.javaparser.resolution.UnsolvedSymbolException: Unsolved symbol in de.uka.ilkd.key.java.JavaParserFactory$DynamicTypeSolver@1c7f791e : java.lang.Object
	at com.github.javaparser.resolution.TypeSolver.solveType(TypeSolver.java:71)

36519      ERROR Test worker     d.u.i.k.n.b.AbstractBuilder  com.github.javaparser.resolution.UnsolvedSymbolException: Unsolved symbol in de.uka.ilkd.key.java.JavaParserFactory$DynamicTypeSolver@1c7f791e : java.lang.Object
	at com.github.javaparser.resolution.TypeSolver.solveType(TypeSolver.java:71)

36519      ERROR Test worker     d.u.i.k.n.b.TacletPBuilder Error in parsing taclet. de.uka.ilkd.key.util.parsing.BuildingException: Unsolved symbol in de.uka.ilkd.key.java.JavaParserFactory$DynamicTypeSolver@1c7f791e : java.lang.Object at file:/D:/a/key/key/key.core/build/resources/main/de/uka/ilkd/key/proof/rules/javaRules.key:3473:15
	at de.uka.ilkd.key.nparser.builder.AbstractBuilder.accept(AbstractBuilder.java:54)
Caused by: com.github.javaparser.resolution.UnsolvedSymbolException: Unsolved symbol in de.uka.ilkd.key.java.JavaParserFactory$DynamicTypeSolver@1c7f791e : java.lang.Object
	at com.github.javaparser.resolution.TypeSolver.solveType(TypeSolver.java:71)

36519      ERROR Test worker     d.u.i.k.n.b.AbstractBuilder  com.github.javaparser.resolution.UnsolvedSymbolException: Unsolved symbol in de.uka.ilkd.key.java.JavaParserFactory$DynamicTypeSolver@1c7f791e : java.lang.Object
	at com.github.javaparser.resolution.TypeSolver.solveType(TypeSolver.java:71)

36519      ERROR Test worker     d.u.i.k.n.b.TacletPBuilder Error in parsing taclet. de.uka.ilkd.key.util.parsing.BuildingException: Unsolved symbol in de.uka.ilkd.key.java.JavaParserFactory$DynamicTypeSolver@1c7f791e : java.lang.Object at file:/D:/a/key/key/key.core/build/resources/main/de/uka/ilkd/key/proof/rules/javaRules.key:3489:15
	at de.uka.ilkd.key.nparser.builder.AbstractBuilder.accept(AbstractBuilder.java:54)
Caused by: com.github.javaparser.resolution.UnsolvedSymbolException: Unsolved symbol in de.uka.ilkd.key.java.JavaParserFactory$DynamicTypeSolver@1c7f791e : java.lang.Object
	at com.github.javaparser.resolution.TypeSolver.solveType(TypeSolver.java:71)

36519      ERROR Test worker     d.u.i.k.n.b.AbstractBuilder  com.github.javaparser.resolution.UnsolvedSymbolException: Unsolved symbol in de.uka.ilkd.key.java.JavaParserFactory$DynamicTypeSolver@1c7f791e : java.lang.Object
	at com.github.javaparser.resolution.TypeSolver.solveType(TypeSolver.java:71)

36519      ERROR Test worker     d.u.i.k.n.b.TacletPBuilder Error in parsing taclet. de.uka.ilkd.key.util.parsing.BuildingException: Unsolved symbol in de.uka.ilkd.key.java.JavaParserFactory$DynamicTypeSolver@1c7f791e : java.lang.Object at file:/D:/a/key/key/key.core/build/resources/main/de/uka/ilkd/key/proof/rules/javaRules.key:3495:15
	at de.uka.ilkd.key.nparser.builder.AbstractBuilder.accept(AbstractBuilder.java:54)
Caused by: com.github.javaparser.resolution.UnsolvedSymbolException: Unsolved symbol in de.uka.ilkd.key.java.JavaParserFactory$DynamicTypeSolver@1c7f791e : java.lang.Object
	at com.github.javaparser.resolution.TypeSolver.solveType(TypeSolver.java:71)

36519      ERROR Test worker     d.u.i.k.n.b.AbstractBuilder  com.github.javaparser.resolution.UnsolvedSymbolException: Unsolved symbol in de.uka.ilkd.key.java.JavaParserFactory$DynamicTypeSolver@1c7f791e : java.lang.Object
	at com.github.javaparser.resolution.TypeSolver.solveType(TypeSolver.java:71)

36519      ERROR Test worker     d.u.i.k.n.b.TacletPBuilder Error in parsing taclet. de.uka.ilkd.key.util.parsing.BuildingException: Unsolved symbol in de.uka.ilkd.key.java.JavaParserFactory$DynamicTypeSolver@1c7f791e : java.lang.Object at file:/D:/a/key/key/key.core/build/resources/main/de/uka/ilkd/key/proof/rules/javaRules.key:3501:15
	at de.uka.ilkd.key.nparser.builder.AbstractBuilder.accept(AbstractBuilder.java:54)
Caused by: com.github.javaparser.resolution.UnsolvedSymbolException: Unsolved symbol in de.uka.ilkd.key.java.JavaParserFactory$DynamicTypeSolver@1c7f791e : java.lang.Object
	at com.github.javaparser.resolution.TypeSolver.solveType(TypeSolver.java:71)

36519      ERROR Test worker     d.u.i.k.n.b.AbstractBuilder  com.github.javaparser.resolution.UnsolvedSymbolException: Unsolved symbol in de.uka.ilkd.key.java.JavaParserFactory$DynamicTypeSolver@1c7f791e : java.lang.Object
	at com.github.javaparser.resolution.TypeSolver.solveType(TypeSolver.java:71)

36519      ERROR Test worker     d.u.i.k.n.b.TacletPBuilder Error in parsing taclet. de.uka.ilkd.key.util.parsing.BuildingException: Unsolved symbol in de.uka.ilkd.key.java.JavaParserFactory$DynamicTypeSolver@1c7f791e : java.lang.Object at file:/D:/a/key/key/key.core/build/resources/main/de/uka/ilkd/key/proof/rules/javaRules.key:3506:15
	at de.uka.ilkd.key.nparser.builder.AbstractBuilder.accept(AbstractBuilder.java:54)
Caused by: com.github.javaparser.resolution.UnsolvedSymbolException: Unsolved symbol in de.uka.ilkd.key.java.JavaParserFactory$DynamicTypeSolver@1c7f791e : java.lang.Object
	at com.github.javaparser.resolution.TypeSolver.solveType(TypeSolver.java:71)

36535      ERROR Test worker     d.u.i.k.n.b.AbstractBuilder  com.github.javaparser.resolution.UnsolvedSymbolException: Unsolved symbol in de.uka.ilkd.key.java.JavaParserFactory$DynamicTypeSolver@1c7f791e : java.lang.Object
	at com.github.javaparser.resolution.TypeSolver.solveType(TypeSolver.java:71)

36535      ERROR Test worker     d.u.i.k.n.b.TacletPBuilder Error in parsing taclet. de.uka.ilkd.key.util.parsing.BuildingException: Unsolved symbol in de.uka.ilkd.key.java.JavaParserFactory$DynamicTypeSolver@1c7f791e : java.lang.Object at file:/D:/a/key/key/key.core/build/resources/main/de/uka/ilkd/key/proof/rules/javaRules.key:3511:20
	at de.uka.ilkd.key.nparser.builder.AbstractBuilder.accept(AbstractBuilder.java:54)
Caused by: com.github.javaparser.resolution.UnsolvedSymbolException: Unsolved symbol in de.uka.ilkd.key.java.JavaParserFactory$DynamicTypeSolver@1c7f791e : java.lang.Object
	at com.github.javaparser.resolution.TypeSolver.solveType(TypeSolver.java:71)

36535      ERROR Test worker     d.u.i.k.n.b.AbstractBuilder  com.github.javaparser.resolution.UnsolvedSymbolException: Unsolved symbol in de.uka.ilkd.key.java.JavaParserFactory$DynamicTypeSolver@1c7f791e : java.lang.Object
	at com.github.javaparser.resolution.TypeSolver.solveType(TypeSolver.java:71)

36535      ERROR Test worker     d.u.i.k.n.b.TacletPBuilder Error in parsing taclet. de.uka.ilkd.key.util.parsing.BuildingException: Unsolved symbol in de.uka.ilkd.key.java.JavaParserFactory$DynamicTypeSolver@1c7f791e : java.lang.Object at file:/D:/a/key/key/key.core/build/resources/main/de/uka/ilkd/key/proof/rules/javaRules.key:3517:20
	at de.uka.ilkd.key.nparser.builder.AbstractBuilder.accept(AbstractBuilder.java:54)
Caused by: com.github.javaparser.resolution.UnsolvedSymbolException: Unsolved symbol in de.uka.ilkd.key.java.JavaParserFactory$DynamicTypeSolver@1c7f791e : java.lang.Object
	at com.github.javaparser.resolution.TypeSolver.solveType(TypeSolver.java:71)

36535      ERROR Test worker     d.u.i.k.n.b.AbstractBuilder  com.github.javaparser.resolution.UnsolvedSymbolException: Unsolved symbol in de.uka.ilkd.key.java.JavaParserFactory$DynamicTypeSolver@1c7f791e : java.lang.Object
	at com.github.javaparser.resolution.TypeSolver.solveType(TypeSolver.java:71)

36535      ERROR Test worker     d.u.i.k.n.b.TacletPBuilder Error in parsing taclet. de.uka.ilkd.key.util.parsing.BuildingException: Unsolved symbol in de.uka.ilkd.key.java.JavaParserFactory$DynamicTypeSolver@1c7f791e : java.lang.Object at file:/D:/a/key/key/key.core/build/resources/main/de/uka/ilkd/key/proof/rules/javaRules.key:3523:20
	at de.uka.ilkd.key.nparser.builder.AbstractBuilder.accept(AbstractBuilder.java:54)
Caused by: com.github.javaparser.resolution.UnsolvedSymbolException: Unsolved symbol in de.uka.ilkd.key.java.JavaParserFactory$DynamicTypeSolver@1c7f791e : java.lang.Object
	at com.github.javaparser.resolution.TypeSolver.solveType(TypeSolver.java:71)

36535      ERROR Test worker     d.u.i.k.n.b.AbstractBuilder  com.github.javaparser.resolution.UnsolvedSymbolException: Unsolved symbol in de.uka.ilkd.key.java.JavaParserFactory$DynamicTypeSolver@1c7f791e : java.lang.Object
	at com.github.javaparser.resolution.TypeSolver.solveType(TypeSolver.java:71)

36535      ERROR Test worker     d.u.i.k.n.b.TacletPBuilder Error in parsing taclet. de.uka.ilkd.key.util.parsing.BuildingException: Unsolved symbol in de.uka.ilkd.key.java.JavaParserFactory$DynamicTypeSolver@1c7f791e : java.lang.Object at file:/D:/a/key/key/key.core/build/resources/main/de/uka/ilkd/key/proof/rules/javaRules.key:3528:20
	at de.uka.ilkd.key.nparser.builder.AbstractBuilder.accept(AbstractBuilder.java:54)
Caused by: com.github.javaparser.resolution.UnsolvedSymbolException: Unsolved symbol in de.uka.ilkd.key.java.JavaParserFactory$DynamicTypeSolver@1c7f791e : java.lang.Object
	at com.github.javaparser.resolution.TypeSolver.solveType(TypeSolver.java:71)

36535      ERROR Test worker     d.u.i.k.n.b.AbstractBuilder  com.github.javaparser.resolution.UnsolvedSymbolException: Unsolved symbol in de.uka.ilkd.key.java.JavaParserFactory$DynamicTypeSolver@1c7f791e : java.lang.Object
	at com.github.javaparser.resolution.TypeSolver.solveType(TypeSolver.java:71)

36535      ERROR Test worker     d.u.i.k.n.b.TacletPBuilder Error in parsing taclet. de.uka.ilkd.key.util.parsing.BuildingException: Unsolved symbol in de.uka.ilkd.key.java.JavaParserFactory$DynamicTypeSolver@1c7f791e : java.lang.Object at file:/D:/a/key/key/key.core/build/resources/main/de/uka/ilkd/key/proof/rules/javaRules.key:3533:15
	at de.uka.ilkd.key.nparser.builder.AbstractBuilder.accept(AbstractBuilder.java:54)
Caused by: com.github.javaparser.resolution.UnsolvedSymbolException: Unsolved symbol in de.uka.ilkd.key.java.JavaParserFactory$DynamicTypeSolver@1c7f791e : java.lang.Object
	at com.github.javaparser.resolution.TypeSolver.solveType(TypeSolver.java:71)

36535      ERROR Test worker     d.u.i.k.n.b.AbstractBuilder  com.github.javaparser.resolution.UnsolvedSymbolException: Unsolved symbol in de.uka.ilkd.key.java.JavaParserFactory$DynamicTypeSolver@1c7f791e : java.lang.Object
	at com.github.javaparser.resolution.TypeSolver.solveType(TypeSolver.java:71)

36535      ERROR Test worker     d.u.i.k.n.b.TacletPBuilder Error in parsing taclet. de.uka.ilkd.key.util.parsing.BuildingException: Unsolved symbol in de.uka.ilkd.key.java.JavaParserFactory$DynamicTypeSolver@1c7f791e : java.lang.Object at file:/D:/a/key/key/key.core/build/resources/main/de/uka/ilkd/key/proof/rules/javaRules.key:3538:15
	at de.uka.ilkd.key.nparser.builder.AbstractBuilder.accept(AbstractBuilder.java:54)
Caused by: com.github.javaparser.resolution.UnsolvedSymbolException: Unsolved symbol in de.uka.ilkd.key.java.JavaParserFactory$DynamicTypeSolver@1c7f791e : java.lang.Object
	at com.github.javaparser.resolution.TypeSolver.solveType(TypeSolver.java:71)

36535      ERROR Test worker     d.u.i.k.n.b.AbstractBuilder  com.github.javaparser.resolution.UnsolvedSymbolException: Unsolved symbol in de.uka.ilkd.key.java.JavaParserFactory$DynamicTypeSolver@1c7f791e : java.lang.Object
	at com.github.javaparser.resolution.TypeSolver.solveType(TypeSolver.java:71)

36535      ERROR Test worker     d.u.i.k.n.b.TacletPBuilder Error in parsing taclet. de.uka.ilkd.key.util.parsing.BuildingException: Unsolved symbol in de.uka.ilkd.key.java.JavaParserFactory$DynamicTypeSolver@1c7f791e : java.lang.Object at file:/D:/a/key/key/key.core/build/resources/main/de/uka/ilkd/key/proof/rules/javaRules.key:3545:23
	at de.uka.ilkd.key.nparser.builder.AbstractBuilder.accept(AbstractBuilder.java:54)
Caused by: com.github.javaparser.resolution.UnsolvedSymbolException: Unsolved symbol in de.uka.ilkd.key.java.JavaParserFactory$DynamicTypeSolver@1c7f791e : java.lang.Object
	at com.github.javaparser.resolution.TypeSolver.solveType(TypeSolver.java:71)

36551      ERROR Test worker     d.u.i.k.n.b.AbstractBuilder  com.github.javaparser.resolution.UnsolvedSymbolException: Unsolved symbol in de.uka.ilkd.key.java.JavaParserFactory$DynamicTypeSolver@1c7f791e : java.lang.Object
	at com.github.javaparser.resolution.TypeSolver.solveType(TypeSolver.java:71)

36551      ERROR Test worker     d.u.i.k.n.b.TacletPBuilder Error in parsing taclet. de.uka.ilkd.key.util.parsing.BuildingException: Unsolved symbol in de.uka.ilkd.key.java.JavaParserFactory$DynamicTypeSolver@1c7f791e : java.lang.Object at file:/D:/a/key/key/key.core/build/resources/main/de/uka/ilkd/key/proof/rules/javaRules.key:3551:18
	at de.uka.ilkd.key.nparser.builder.AbstractBuilder.accept(AbstractBuilder.java:54)
Caused by: com.github.javaparser.resolution.UnsolvedSymbolException: Unsolved symbol in de.uka.ilkd.key.java.JavaParserFactory$DynamicTypeSolver@1c7f791e : java.lang.Object
	at com.github.javaparser.resolution.TypeSolver.solveType(TypeSolver.java:71)

36551      ERROR Test worker     d.u.i.k.n.b.AbstractBuilder  com.github.javaparser.resolution.UnsolvedSymbolException: Unsolved symbol in de.uka.ilkd.key.java.JavaParserFactory$DynamicTypeSolver@1c7f791e : java.lang.Object
	at com.github.javaparser.resolution.TypeSolver.solveType(TypeSolver.java:71)

36551      ERROR Test worker     d.u.i.k.n.b.TacletPBuilder Error in parsing taclet. de.uka.ilkd.key.util.parsing.BuildingException: Unsolved symbol in de.uka.ilkd.key.java.JavaParserFactory$DynamicTypeSolver@1c7f791e : java.lang.Object at file:/D:/a/key/key/key.core/build/resources/main/de/uka/ilkd/key/proof/rules/javaRules.key:3557:23
	at de.uka.ilkd.key.nparser.builder.AbstractBuilder.accept(AbstractBuilder.java:54)
Caused by: com.github.javaparser.resolution.UnsolvedSymbolException: Unsolved symbol in de.uka.ilkd.key.java.JavaParserFactory$DynamicTypeSolver@1c7f791e : java.lang.Object
	at com.github.javaparser.resolution.TypeSolver.solveType(TypeSolver.java:71)

36551      ERROR Test worker     d.u.i.k.n.b.AbstractBuilder  com.github.javaparser.resolution.UnsolvedSymbolException: Unsolved symbol in de.uka.ilkd.key.java.JavaParserFactory$DynamicTypeSolver@1c7f791e : java.lang.Object
	at com.github.javaparser.resolution.TypeSolver.solveType(TypeSolver.java:71)

36551      ERROR Test worker     d.u.i.k.n.b.TacletPBuilder Error in parsing taclet. de.uka.ilkd.key.util.parsing.BuildingException: Unsolved symbol in de.uka.ilkd.key.java.JavaParserFactory$DynamicTypeSolver@1c7f791e : java.lang.Object at file:/D:/a/key/key/key.core/build/resources/main/de/uka/ilkd/key/proof/rules/javaRules.key:3563:18
	at de.uka.ilkd.key.nparser.builder.AbstractBuilder.accept(AbstractBuilder.java:54)
Caused by: com.github.javaparser.resolution.UnsolvedSymbolException: Unsolved symbol in de.uka.ilkd.key.java.JavaParserFactory$DynamicTypeSolver@1c7f791e : java.lang.Object
	at com.github.javaparser.resolution.TypeSolver.solveType(TypeSolver.java:71)

36551      ERROR Test worker     d.u.i.k.n.b.AbstractBuilder  com.github.javaparser.resolution.UnsolvedSymbolException: Unsolved symbol in de.uka.ilkd.key.java.JavaParserFactory$DynamicTypeSolver@1c7f791e : java.lang.Object
	at com.github.javaparser.resolution.TypeSolver.solveType(TypeSolver.java:71)

36551      ERROR Test worker     d.u.i.k.n.b.TacletPBuilder Error in parsing taclet. de.uka.ilkd.key.util.parsing.BuildingException: Unsolved symbol in de.uka.ilkd.key.java.JavaParserFactory$DynamicTypeSolver@1c7f791e : java.lang.Object at file:/D:/a/key/key/key.core/build/resources/main/de/uka/ilkd/key/proof/rules/javaRules.key:3569:15
	at de.uka.ilkd.key.nparser.builder.AbstractBuilder.accept(AbstractBuilder.java:54)
Caused by: com.github.javaparser.resolution.UnsolvedSymbolException: Unsolved symbol in de.uka.ilkd.key.java.JavaParserFactory$DynamicTypeSolver@1c7f791e : java.lang.Object
	at com.github.javaparser.resolution.TypeSolver.solveType(TypeSolver.java:71)

36551      ERROR Test worker     d.u.i.k.n.b.AbstractBuilder  com.github.javaparser.resolution.UnsolvedSymbolException: Unsolved symbol in de.uka.ilkd.key.java.JavaParserFactory$DynamicTypeSolver@1c7f791e : java.lang.Object
	at com.github.javaparser.resolution.TypeSolver.solveType(TypeSolver.java:71)

36551      ERROR Test worker     d.u.i.k.n.b.TacletPBuilder Error in parsing taclet. de.uka.ilkd.key.util.parsing.BuildingException: Unsolved symbol in de.uka.ilkd.key.java.JavaParserFactory$DynamicTypeSolver@1c7f791e : java.lang.Object at file:/D:/a/key/key/key.core/build/resources/main/de/uka/ilkd/key/proof/rules/javaRules.key:3576:15
	at de.uka.ilkd.key.nparser.builder.AbstractBuilder.accept(AbstractBuilder.java:54)
Caused by: com.github.javaparser.resolution.UnsolvedSymbolException: Unsolved symbol in de.uka.ilkd.key.java.JavaParserFactory$DynamicTypeSolver@1c7f791e : java.lang.Object
	at com.github.javaparser.resolution.TypeSolver.solveType(TypeSolver.java:71)

36551      ERROR Test worker     d.u.i.k.n.b.AbstractBuilder  com.github.javaparser.resolution.UnsolvedSymbolException: Unsolved symbol in de.uka.ilkd.key.java.JavaParserFactory$DynamicTypeSolver@1c7f791e : java.lang.Object
	at com.github.javaparser.resolution.TypeSolver.solveType(TypeSolver.java:71)

36551      ERROR Test worker     d.u.i.k.n.b.TacletPBuilder Error in parsing taclet. de.uka.ilkd.key.util.parsing.BuildingException: Unsolved symbol in de.uka.ilkd.key.java.JavaParserFactory$DynamicTypeSolver@1c7f791e : java.lang.Object at file:/D:/a/key/key/key.core/build/resources/main/de/uka/ilkd/key/proof/rules/javaRules.key:3583:15
	at de.uka.ilkd.key.nparser.builder.AbstractBuilder.accept(AbstractBuilder.java:54)
Caused by: com.github.javaparser.resolution.UnsolvedSymbolException: Unsolved symbol in de.uka.ilkd.key.java.JavaParserFactory$DynamicTypeSolver@1c7f791e : java.lang.Object
	at com.github.javaparser.resolution.TypeSolver.solveType(TypeSolver.java:71)

36551      ERROR Test worker     d.u.i.k.n.b.AbstractBuilder  com.github.javaparser.resolution.UnsolvedSymbolException: Unsolved symbol in de.uka.ilkd.key.java.JavaParserFactory$DynamicTypeSolver@1c7f791e : java.lang.Object
	at com.github.javaparser.resolution.TypeSolver.solveType(TypeSolver.java:71)

36551      ERROR Test worker     d.u.i.k.n.b.TacletPBuilder Error in parsing taclet. de.uka.ilkd.key.util.parsing.BuildingException: Unsolved symbol in de.uka.ilkd.key.java.JavaParserFactory$DynamicTypeSolver@1c7f791e : java.lang.Object at file:/D:/a/key/key/key.core/build/resources/main/de/uka/ilkd/key/proof/rules/javaRules.key:3589:15
	at de.uka.ilkd.key.nparser.builder.AbstractBuilder.accept(AbstractBuilder.java:54)
Caused by: com.github.javaparser.resolution.UnsolvedSymbolException: Unsolved symbol in de.uka.ilkd.key.java.JavaParserFactory$DynamicTypeSolver@1c7f791e : java.lang.Object
	at com.github.javaparser.resolution.TypeSolver.solveType(TypeSolver.java:71)

36551      ERROR Test worker     d.u.i.k.n.b.AbstractBuilder  com.github.javaparser.resolution.UnsolvedSymbolException: Unsolved symbol in de.uka.ilkd.key.java.JavaParserFactory$DynamicTypeSolver@1c7f791e : java.lang.Object
	at com.github.javaparser.resolution.TypeSolver.solveType(TypeSolver.java:71)

36551      ERROR Test worker     d.u.i.k.n.b.TacletPBuilder Error in parsing taclet. de.uka.ilkd.key.util.parsing.BuildingException: Unsolved symbol in de.uka.ilkd.key.java.JavaParserFactory$DynamicTypeSolver@1c7f791e : java.lang.Object at file:/D:/a/key/key/key.core/build/resources/main/de/uka/ilkd/key/proof/rules/javaRules.key:3596:15
	at de.uka.ilkd.key.nparser.builder.AbstractBuilder.accept(AbstractBuilder.java:54)
Caused by: com.github.javaparser.resolution.UnsolvedSymbolException: Unsolved symbol in de.uka.ilkd.key.java.JavaParserFactory$DynamicTypeSolver@1c7f791e : java.lang.Object
	at com.github.javaparser.resolution.TypeSolver.solveType(TypeSolver.java:71)

36551      ERROR Test worker     d.u.i.k.n.b.AbstractBuilder  com.github.javaparser.resolution.UnsolvedSymbolException: Unsolved symbol in de.uka.ilkd.key.java.JavaParserFactory$DynamicTypeSolver@1c7f791e : java.lang.Object
	at com.github.javaparser.resolution.TypeSolver.solveType(TypeSolver.java:71)

36551      ERROR Test worker     d.u.i.k.n.b.TacletPBuilder Error in parsing taclet. de.uka.ilkd.key.util.parsing.BuildingException: Unsolved symbol in de.uka.ilkd.key.java.JavaParserFactory$DynamicTypeSolver@1c7f791e : java.lang.Object at file:/D:/a/key/key/key.core/build/resources/main/de/uka/ilkd/key/proof/rules/javaRules.key:3608:15
	at de.uka.ilkd.key.nparser.builder.AbstractBuilder.accept(AbstractBuilder.java:54)
Caused by: com.github.javaparser.resolution.UnsolvedSymbolException: Unsolved symbol in de.uka.ilkd.key.java.JavaParserFactory$DynamicTypeSolver@1c7f791e : java.lang.Object
	at com.github.javaparser.resolution.TypeSolver.solveType(TypeSolver.java:71)

36566      ERROR Test worker     d.u.i.k.n.b.AbstractBuilder  com.github.javaparser.resolution.UnsolvedSymbolException: Unsolved symbol in de.uka.ilkd.key.java.JavaParserFactory$DynamicTypeSolver@1c7f791e : java.lang.Object
	at com.github.javaparser.resolution.TypeSolver.solveType(TypeSolver.java:71)

36566      ERROR Test worker     d.u.i.k.n.b.TacletPBuilder Error in parsing taclet. de.uka.ilkd.key.util.parsing.BuildingException: Unsolved symbol in de.uka.ilkd.key.java.JavaParserFactory$DynamicTypeSolver@1c7f791e : java.lang.Object at file:/D:/a/key/key/key.core/build/resources/main/de/uka/ilkd/key/proof/rules/javaRules.key:3622:15
	at de.uka.ilkd.key.nparser.builder.AbstractBuilder.accept(AbstractBuilder.java:54)
Caused by: com.github.javaparser.resolution.UnsolvedSymbolException: Unsolved symbol in de.uka.ilkd.key.java.JavaParserFactory$DynamicTypeSolver@1c7f791e : java.lang.Object
	at com.github.javaparser.resolution.TypeSolver.solveType(TypeSolver.java:71)

36566      ERROR Test worker     d.u.i.k.n.b.AbstractBuilder  com.github.javaparser.resolution.UnsolvedSymbolException: Unsolved symbol in de.uka.ilkd.key.java.JavaParserFactory$DynamicTypeSolver@1c7f791e : java.lang.Object
	at com.github.javaparser.resolution.TypeSolver.solveType(TypeSolver.java:71)

36566      ERROR Test worker     d.u.i.k.n.b.TacletPBuilder Error in parsing taclet. de.uka.ilkd.key.util.parsing.BuildingException: Unsolved symbol in de.uka.ilkd.key.java.JavaParserFactory$DynamicTypeSolver@1c7f791e : java.lang.Object at file:/D:/a/key/key/key.core/build/resources/main/de/uka/ilkd/key/proof/rules/javaRules.key:3635:15
	at de.uka.ilkd.key.nparser.builder.AbstractBuilder.accept(AbstractBuilder.java:54)
Caused by: com.github.javaparser.resolution.UnsolvedSymbolException: Unsolved symbol in de.uka.ilkd.key.java.JavaParserFactory$DynamicTypeSolver@1c7f791e : java.lang.Object
	at com.github.javaparser.resolution.TypeSolver.solveType(TypeSolver.java:71)

36566      ERROR Test worker     d.u.i.k.n.b.AbstractBuilder  com.github.javaparser.resolution.UnsolvedSymbolException: Unsolved symbol in de.uka.ilkd.key.java.JavaParserFactory$DynamicTypeSolver@1c7f791e : java.lang.Object
	at com.github.javaparser.resolution.TypeSolver.solveType(TypeSolver.java:71)

36566      ERROR Test worker     d.u.i.k.n.b.TacletPBuilder Error in parsing taclet. de.uka.ilkd.key.util.parsing.BuildingException: Unsolved symbol in de.uka.ilkd.key.java.JavaParserFactory$DynamicTypeSolver@1c7f791e : java.lang.Object at file:/D:/a/key/key/key.core/build/resources/main/de/uka/ilkd/key/proof/rules/javaRules.key:3650:15
	at de.uka.ilkd.key.nparser.builder.AbstractBuilder.accept(AbstractBuilder.java:54)
Caused by: com.github.javaparser.resolution.UnsolvedSymbolException: Unsolved symbol in de.uka.ilkd.key.java.JavaParserFactory$DynamicTypeSolver@1c7f791e : java.lang.Object
	at com.github.javaparser.resolution.TypeSolver.solveType(TypeSolver.java:71)

36566      ERROR Test worker     d.u.i.k.n.b.AbstractBuilder  com.github.javaparser.resolution.UnsolvedSymbolException: Unsolved symbol in de.uka.ilkd.key.java.JavaParserFactory$DynamicTypeSolver@1c7f791e : java.lang.Object
	at com.github.javaparser.resolution.TypeSolver.solveType(TypeSolver.java:71)

36566      ERROR Test worker     d.u.i.k.n.b.TacletPBuilder Error in parsing taclet. de.uka.ilkd.key.util.parsing.BuildingException: Unsolved symbol in de.uka.ilkd.key.java.JavaParserFactory$DynamicTypeSolver@1c7f791e : java.lang.Object at file:/D:/a/key/key/key.core/build/resources/main/de/uka/ilkd/key/proof/rules/javaRules.key:3671:15
	at de.uka.ilkd.key.nparser.builder.AbstractBuilder.accept(AbstractBuilder.java:54)
Caused by: com.github.javaparser.resolution.UnsolvedSymbolException: Unsolved symbol in de.uka.ilkd.key.java.JavaParserFactory$DynamicTypeSolver@1c7f791e : java.lang.Object
	at com.github.javaparser.resolution.TypeSolver.solveType(TypeSolver.java:71)

36566      ERROR Test worker     d.u.i.k.n.b.AbstractBuilder  com.github.javaparser.resolution.UnsolvedSymbolException: Unsolved symbol in de.uka.ilkd.key.java.JavaParserFactory$DynamicTypeSolver@1c7f791e : java.lang.Object
	at com.github.javaparser.resolution.TypeSolver.solveType(TypeSolver.java:71)

36566      ERROR Test worker     d.u.i.k.n.b.TacletPBuilder Error in parsing taclet. de.uka.ilkd.key.util.parsing.BuildingException: Unsolved symbol in de.uka.ilkd.key.java.JavaParserFactory$DynamicTypeSolver@1c7f791e : java.lang.Object at file:/D:/a/key/key/key.core/build/resources/main/de/uka/ilkd/key/proof/rules/javaRules.key:3682:15
	at de.uka.ilkd.key.nparser.builder.AbstractBuilder.accept(AbstractBuilder.java:54)
Caused by: com.github.javaparser.resolution.UnsolvedSymbolException: Unsolved symbol in de.uka.ilkd.key.java.JavaParserFactory$DynamicTypeSolver@1c7f791e : java.lang.Object
	at com.github.javaparser.resolution.TypeSolver.solveType(TypeSolver.java:71)

36566      ERROR Test worker     d.u.i.k.n.b.AbstractBuilder  com.github.javaparser.resolution.UnsolvedSymbolException: Unsolved symbol in de.uka.ilkd.key.java.JavaParserFactory$DynamicTypeSolver@1c7f791e : java.lang.Object
	at com.github.javaparser.resolution.TypeSolver.solveType(TypeSolver.java:71)

36566      ERROR Test worker     d.u.i.k.n.b.TacletPBuilder Error in parsing taclet. de.uka.ilkd.key.util.parsing.BuildingException: Unsolved symbol in de.uka.ilkd.key.java.JavaParserFactory$DynamicTypeSolver@1c7f791e : java.lang.Object at file:/D:/a/key/key/key.core/build/resources/main/de/uka/ilkd/key/proof/rules/javaRules.key:3695:15
	at de.uka.ilkd.key.nparser.builder.AbstractBuilder.accept(AbstractBuilder.java:54)
Caused by: com.github.javaparser.resolution.UnsolvedSymbolException: Unsolved symbol in de.uka.ilkd.key.java.JavaParserFactory$DynamicTypeSolver@1c7f791e : java.lang.Object
	at com.github.javaparser.resolution.TypeSolver.solveType(TypeSolver.java:71)

36566      ERROR Test worker     d.u.i.k.n.b.AbstractBuilder  com.github.javaparser.resolution.UnsolvedSymbolException: Unsolved symbol in de.uka.ilkd.key.java.JavaParserFactory$DynamicTypeSolver@1c7f791e : java.lang.Object
	at com.github.javaparser.resolution.TypeSolver.solveType(TypeSolver.java:71)

36566      ERROR Test worker     d.u.i.k.n.b.TacletPBuilder Error in parsing taclet. de.uka.ilkd.key.util.parsing.BuildingException: Unsolved symbol in de.uka.ilkd.key.java.JavaParserFactory$DynamicTypeSolver@1c7f791e : java.lang.Object at file:/D:/a/key/key/key.core/build/resources/main/de/uka/ilkd/key/proof/rules/javaRules.key:3702:15
	at de.uka.ilkd.key.nparser.builder.AbstractBuilder.accept(AbstractBuilder.java:54)
Caused by: com.github.javaparser.resolution.UnsolvedSymbolException: Unsolved symbol in de.uka.ilkd.key.java.JavaParserFactory$DynamicTypeSolver@1c7f791e : java.lang.Object
	at com.github.javaparser.resolution.TypeSolver.solveType(TypeSolver.java:71)

36566      ERROR Test worker     d.u.i.k.n.b.AbstractBuilder  com.github.javaparser.resolution.UnsolvedSymbolException: Unsolved symbol in de.uka.ilkd.key.java.JavaParserFactory$DynamicTypeSolver@1c7f791e : java.lang.Object
	at com.github.javaparser.resolution.TypeSolver.solveType(TypeSolver.java:71)

36566      ERROR Test worker     d.u.i.k.n.b.TacletPBuilder Error in parsing taclet. de.uka.ilkd.key.util.parsing.BuildingException: Unsolved symbol in de.uka.ilkd.key.java.JavaParserFactory$DynamicTypeSolver@1c7f791e : java.lang.Object at file:/D:/a/key/key/key.core/build/resources/main/de/uka/ilkd/key/proof/rules/javaRules.key:3712:15
	at de.uka.ilkd.key.nparser.builder.AbstractBuilder.accept(AbstractBuilder.java:54)
Caused by: com.github.javaparser.resolution.UnsolvedSymbolException: Unsolved symbol in de.uka.ilkd.key.java.JavaParserFactory$DynamicTypeSolver@1c7f791e : java.lang.Object
	at com.github.javaparser.resolution.TypeSolver.solveType(TypeSolver.java:71)

36566      ERROR Test worker     d.u.i.k.n.b.AbstractBuilder  com.github.javaparser.resolution.UnsolvedSymbolException: Unsolved symbol in de.uka.ilkd.key.java.JavaParserFactory$DynamicTypeSolver@1c7f791e : java.lang.Object
	at com.github.javaparser.resolution.TypeSolver.solveType(TypeSolver.java:71)

36566      ERROR Test worker     d.u.i.k.n.b.TacletPBuilder Error in parsing taclet. de.uka.ilkd.key.util.parsing.BuildingException: Unsolved symbol in de.uka.ilkd.key.java.JavaParserFactory$DynamicTypeSolver@1c7f791e : java.lang.Object at file:/D:/a/key/key/key.core/build/resources/main/de/uka/ilkd/key/proof/rules/javaRules.key:3723:15
	at de.uka.ilkd.key.nparser.builder.AbstractBuilder.accept(AbstractBuilder.java:54)
Caused by: com.github.javaparser.resolution.UnsolvedSymbolException: Unsolved symbol in de.uka.ilkd.key.java.JavaParserFactory$DynamicTypeSolver@1c7f791e : java.lang.Object
	at com.github.javaparser.resolution.TypeSolver.solveType(TypeSolver.java:71)

36582      ERROR Test worker     d.u.i.k.n.b.AbstractBuilder  com.github.javaparser.resolution.UnsolvedSymbolException: Unsolved symbol in de.uka.ilkd.key.java.JavaParserFactory$DynamicTypeSolver@1c7f791e : java.lang.Object
	at com.github.javaparser.resolution.TypeSolver.solveType(TypeSolver.java:71)

36582      ERROR Test worker     d.u.i.k.n.b.TacletPBuilder Error in parsing taclet. de.uka.ilkd.key.util.parsing.BuildingException: Unsolved symbol in de.uka.ilkd.key.java.JavaParserFactory$DynamicTypeSolver@1c7f791e : java.lang.Object at file:/D:/a/key/key/key.core/build/resources/main/de/uka/ilkd/key/proof/rules/javaRules.key:3735:15
	at de.uka.ilkd.key.nparser.builder.AbstractBuilder.accept(AbstractBuilder.java:54)
Caused by: com.github.javaparser.resolution.UnsolvedSymbolException: Unsolved symbol in de.uka.ilkd.key.java.JavaParserFactory$DynamicTypeSolver@1c7f791e : java.lang.Object
	at com.github.javaparser.resolution.TypeSolver.solveType(TypeSolver.java:71)

36582      ERROR Test worker     d.u.i.k.n.b.AbstractBuilder  com.github.javaparser.resolution.UnsolvedSymbolException: Unsolved symbol in de.uka.ilkd.key.java.JavaParserFactory$DynamicTypeSolver@1c7f791e : java.lang.Object
	at com.github.javaparser.resolution.TypeSolver.solveType(TypeSolver.java:71)

36582      ERROR Test worker     d.u.i.k.n.b.TacletPBuilder Error in parsing taclet. de.uka.ilkd.key.util.parsing.BuildingException: Unsolved symbol in de.uka.ilkd.key.java.JavaParserFactory$DynamicTypeSolver@1c7f791e : java.lang.Object at file:/D:/a/key/key/key.core/build/resources/main/de/uka/ilkd/key/proof/rules/javaRules.key:3747:15
	at de.uka.ilkd.key.nparser.builder.AbstractBuilder.accept(AbstractBuilder.java:54)
Caused by: com.github.javaparser.resolution.UnsolvedSymbolException: Unsolved symbol in de.uka.ilkd.key.java.JavaParserFactory$DynamicTypeSolver@1c7f791e : java.lang.Object
	at com.github.javaparser.resolution.TypeSolver.solveType(TypeSolver.java:71)

36582      ERROR Test worker     d.u.i.k.n.b.AbstractBuilder  com.github.javaparser.resolution.UnsolvedSymbolException: Unsolved symbol in de.uka.ilkd.key.java.JavaParserFactory$DynamicTypeSolver@1c7f791e : java.lang.Object
	at com.github.javaparser.resolution.TypeSolver.solveType(TypeSolver.java:71)

36582      ERROR Test worker     d.u.i.k.n.b.TacletPBuilder Error in parsing taclet. de.uka.ilkd.key.util.parsing.BuildingException: Unsolved symbol in de.uka.ilkd.key.java.JavaParserFactory$DynamicTypeSolver@1c7f791e : java.lang.Object at file:/D:/a/key/key/key.core/build/resources/main/de/uka/ilkd/key/proof/rules/javaRules.key:3761:15
	at de.uka.ilkd.key.nparser.builder.AbstractBuilder.accept(AbstractBuilder.java:54)
Caused by: com.github.javaparser.resolution.UnsolvedSymbolException: Unsolved symbol in de.uka.ilkd.key.java.JavaParserFactory$DynamicTypeSolver@1c7f791e : java.lang.Object
	at com.github.javaparser.resolution.TypeSolver.solveType(TypeSolver.java:71)

36582      ERROR Test worker     d.u.i.k.n.b.AbstractBuilder  com.github.javaparser.resolution.UnsolvedSymbolException: Unsolved symbol in de.uka.ilkd.key.java.JavaParserFactory$DynamicTypeSolver@1c7f791e : java.lang.Object
	at com.github.javaparser.resolution.TypeSolver.solveType(TypeSolver.java:71)

36582      ERROR Test worker     d.u.i.k.n.b.TacletPBuilder Error in parsing taclet. de.uka.ilkd.key.util.parsing.BuildingException: Unsolved symbol in de.uka.ilkd.key.java.JavaParserFactory$DynamicTypeSolver@1c7f791e : java.lang.Object at file:/D:/a/key/key/key.core/build/resources/main/de/uka/ilkd/key/proof/rules/javaRules.key:3769:15
	at de.uka.ilkd.key.nparser.builder.AbstractBuilder.accept(AbstractBuilder.java:54)
Caused by: com.github.javaparser.resolution.UnsolvedSymbolException: Unsolved symbol in de.uka.ilkd.key.java.JavaParserFactory$DynamicTypeSolver@1c7f791e : java.lang.Object
	at com.github.javaparser.resolution.TypeSolver.solveType(TypeSolver.java:71)

36582      ERROR Test worker     d.u.i.k.n.b.AbstractBuilder  com.github.javaparser.resolution.UnsolvedSymbolException: Unsolved symbol in de.uka.ilkd.key.java.JavaParserFactory$DynamicTypeSolver@1c7f791e : java.lang.Object
	at com.github.javaparser.resolution.TypeSolver.solveType(TypeSolver.java:71)

36582      ERROR Test worker     d.u.i.k.n.b.TacletPBuilder Error in parsing taclet. de.uka.ilkd.key.util.parsing.BuildingException: Unsolved symbol in de.uka.ilkd.key.java.JavaParserFactory$DynamicTypeSolver@1c7f791e : java.lang.Object at file:/D:/a/key/key/key.core/build/resources/main/de/uka/ilkd/key/proof/rules/javaRules.key:3780:15
	at de.uka.ilkd.key.nparser.builder.AbstractBuilder.accept(AbstractBuilder.java:54)
Caused by: com.github.javaparser.resolution.UnsolvedSymbolException: Unsolved symbol in de.uka.ilkd.key.java.JavaParserFactory$DynamicTypeSolver@1c7f791e : java.lang.Object
	at com.github.javaparser.resolution.TypeSolver.solveType(TypeSolver.java:71)

36582      ERROR Test worker     d.u.i.k.n.b.AbstractBuilder  com.github.javaparser.resolution.UnsolvedSymbolException: Unsolved symbol in de.uka.ilkd.key.java.JavaParserFactory$DynamicTypeSolver@1c7f791e : java.lang.Object
	at com.github.javaparser.resolution.TypeSolver.solveType(TypeSolver.java:71)

36582      ERROR Test worker     d.u.i.k.n.b.TacletPBuilder Error in parsing taclet. de.uka.ilkd.key.util.parsing.BuildingException: Unsolved symbol in de.uka.ilkd.key.java.JavaParserFactory$DynamicTypeSolver@1c7f791e : java.lang.Object at file:/D:/a/key/key/key.core/build/resources/main/de/uka/ilkd/key/proof/rules/javaRules.key:3792:15
	at de.uka.ilkd.key.nparser.builder.AbstractBuilder.accept(AbstractBuilder.java:54)
Caused by: com.github.javaparser.resolution.UnsolvedSymbolException: Unsolved symbol in de.uka.ilkd.key.java.JavaParserFactory$DynamicTypeSolver@1c7f791e : java.lang.Object
	at com.github.javaparser.resolution.TypeSolver.solveType(TypeSolver.java:71)

36582      ERROR Test worker     d.u.i.k.n.b.AbstractBuilder  com.github.javaparser.resolution.UnsolvedSymbolException: Unsolved symbol in de.uka.ilkd.key.java.JavaParserFactory$DynamicTypeSolver@1c7f791e : java.lang.Object
	at com.github.javaparser.resolution.TypeSolver.solveType(TypeSolver.java:71)

36582      ERROR Test worker     d.u.i.k.n.b.TacletPBuilder Error in parsing taclet. de.uka.ilkd.key.util.parsing.BuildingException: Unsolved symbol in de.uka.ilkd.key.java.JavaParserFactory$DynamicTypeSolver@1c7f791e : java.lang.Object at file:/D:/a/key/key/key.core/build/resources/main/de/uka/ilkd/key/proof/rules/javaRules.key:3803:15
	at de.uka.ilkd.key.nparser.builder.AbstractBuilder.accept(AbstractBuilder.java:54)
Caused by: com.github.javaparser.resolution.UnsolvedSymbolException: Unsolved symbol in de.uka.ilkd.key.java.JavaParserFactory$DynamicTypeSolver@1c7f791e : java.lang.Object
	at com.github.javaparser.resolution.TypeSolver.solveType(TypeSolver.java:71)

36582      ERROR Test worker     d.u.i.k.n.b.AbstractBuilder  com.github.javaparser.resolution.UnsolvedSymbolException: Unsolved symbol in de.uka.ilkd.key.java.JavaParserFactory$DynamicTypeSolver@1c7f791e : java.lang.Object
	at com.github.javaparser.resolution.TypeSolver.solveType(TypeSolver.java:71)

36582      ERROR Test worker     d.u.i.k.n.b.TacletPBuilder Error in parsing taclet. de.uka.ilkd.key.util.parsing.BuildingException: Unsolved symbol in de.uka.ilkd.key.java.JavaParserFactory$DynamicTypeSolver@1c7f791e : java.lang.Object at file:/D:/a/key/key/key.core/build/resources/main/de/uka/ilkd/key/proof/rules/javaRules.key:3810:15
	at de.uka.ilkd.key.nparser.builder.AbstractBuilder.accept(AbstractBuilder.java:54)
Caused by: com.github.javaparser.resolution.UnsolvedSymbolException: Unsolved symbol in de.uka.ilkd.key.java.JavaParserFactory$DynamicTypeSolver@1c7f791e : java.lang.Object
	at com.github.javaparser.resolution.TypeSolver.solveType(TypeSolver.java:71)

36582      ERROR Test worker     d.u.i.k.n.b.AbstractBuilder  com.github.javaparser.resolution.UnsolvedSymbolException: Unsolved symbol in de.uka.ilkd.key.java.JavaParserFactory$DynamicTypeSolver@1c7f791e : java.lang.Object
	at com.github.javaparser.resolution.TypeSolver.solveType(TypeSolver.java:71)

36582      ERROR Test worker     d.u.i.k.n.b.TacletPBuilder Error in parsing taclet. de.uka.ilkd.key.util.parsing.BuildingException: Unsolved symbol in de.uka.ilkd.key.java.JavaParserFactory$DynamicTypeSolver@1c7f791e : java.lang.Object at file:/D:/a/key/key/key.core/build/resources/main/de/uka/ilkd/key/proof/rules/javaRules.key:3817:15
	at de.uka.ilkd.key.nparser.builder.AbstractBuilder.accept(AbstractBuilder.java:54)
Caused by: com.github.javaparser.resolution.UnsolvedSymbolException: Unsolved symbol in de.uka.ilkd.key.java.JavaParserFactory$DynamicTypeSolver@1c7f791e : java.lang.Object
	at com.github.javaparser.resolution.TypeSolver.solveType(TypeSolver.java:71)

36598      ERROR Test worker     d.u.i.k.n.b.AbstractBuilder  com.github.javaparser.resolution.UnsolvedSymbolException: Unsolved symbol in de.uka.ilkd.key.java.JavaParserFactory$DynamicTypeSolver@1c7f791e : java.lang.Object
	at com.github.javaparser.resolution.TypeSolver.solveType(TypeSolver.java:71)

36598      ERROR Test worker     d.u.i.k.n.b.TacletPBuilder Error in parsing taclet. de.uka.ilkd.key.util.parsing.BuildingException: Unsolved symbol in de.uka.ilkd.key.java.JavaParserFactory$DynamicTypeSolver@1c7f791e : java.lang.Object at file:/D:/a/key/key/key.core/build/resources/main/de/uka/ilkd/key/proof/rules/javaRules.key:3828:15
	at de.uka.ilkd.key.nparser.builder.AbstractBuilder.accept(AbstractBuilder.java:54)
Caused by: com.github.javaparser.resolution.UnsolvedSymbolException: Unsolved symbol in de.uka.ilkd.key.java.JavaParserFactory$DynamicTypeSolver@1c7f791e : java.lang.Object
	at com.github.javaparser.resolution.TypeSolver.solveType(TypeSolver.java:71)

36613      ERROR Test worker     d.u.i.k.n.b.AbstractBuilder  com.github.javaparser.resolution.UnsolvedSymbolException: Unsolved symbol in de.uka.ilkd.key.java.JavaParserFactory$DynamicTypeSolver@1c7f791e : java.lang.Object
	at com.github.javaparser.resolution.TypeSolver.solveType(TypeSolver.java:71)

36613      ERROR Test worker     d.u.i.k.n.b.TacletPBuilder Error in parsing taclet. de.uka.ilkd.key.util.parsing.BuildingException: Unsolved symbol in de.uka.ilkd.key.java.JavaParserFactory$DynamicTypeSolver@1c7f791e : java.lang.Object at file:/D:/a/key/key/key.core/build/resources/main/de/uka/ilkd/key/proof/rules/loopRules.key:26:15
	at de.uka.ilkd.key.nparser.builder.AbstractBuilder.accept(AbstractBuilder.java:54)
Caused by: com.github.javaparser.resolution.UnsolvedSymbolException: Unsolved symbol in de.uka.ilkd.key.java.JavaParserFactory$DynamicTypeSolver@1c7f791e : java.lang.Object
	at com.github.javaparser.resolution.TypeSolver.solveType(TypeSolver.java:71)

36613      ERROR Test worker     d.u.i.k.n.b.AbstractBuilder  com.github.javaparser.resolution.UnsolvedSymbolException: Unsolved symbol in de.uka.ilkd.key.java.JavaParserFactory$DynamicTypeSolver@1c7f791e : java.lang.Object
	at com.github.javaparser.resolution.TypeSolver.solveType(TypeSolver.java:71)

36613      ERROR Test worker     d.u.i.k.n.b.TacletPBuilder Error in parsing taclet. de.uka.ilkd.key.util.parsing.BuildingException: Unsolved symbol in de.uka.ilkd.key.java.JavaParserFactory$DynamicTypeSolver@1c7f791e : java.lang.Object at file:/D:/a/key/key/key.core/build/resources/main/de/uka/ilkd/key/proof/rules/loopRules.key:34:15
	at de.uka.ilkd.key.nparser.builder.AbstractBuilder.accept(AbstractBuilder.java:54)
Caused by: com.github.javaparser.resolution.UnsolvedSymbolException: Unsolved symbol in de.uka.ilkd.key.java.JavaParserFactory$DynamicTypeSolver@1c7f791e : java.lang.Object
	at com.github.javaparser.resolution.TypeSolver.solveType(TypeSolver.java:71)

36613      ERROR Test worker     d.u.i.k.n.b.AbstractBuilder  com.github.javaparser.resolution.UnsolvedSymbolException: Unsolved symbol in de.uka.ilkd.key.java.JavaParserFactory$DynamicTypeSolver@1c7f791e : java.lang.Object
	at com.github.javaparser.resolution.TypeSolver.solveType(TypeSolver.java:71)

36613      ERROR Test worker     d.u.i.k.n.b.TacletPBuilder Error in parsing taclet. de.uka.ilkd.key.util.parsing.BuildingException: Unsolved symbol in de.uka.ilkd.key.java.JavaParserFactory$DynamicTypeSolver@1c7f791e : java.lang.Object at file:/D:/a/key/key/key.core/build/resources/main/de/uka/ilkd/key/proof/rules/loopRules.key:45:15
	at de.uka.ilkd.key.nparser.builder.AbstractBuilder.accept(AbstractBuilder.java:54)
Caused by: com.github.javaparser.resolution.UnsolvedSymbolException: Unsolved symbol in de.uka.ilkd.key.java.JavaParserFactory$DynamicTypeSolver@1c7f791e : java.lang.Object
	at com.github.javaparser.resolution.TypeSolver.solveType(TypeSolver.java:71)

36613      ERROR Test worker     d.u.i.k.n.b.AbstractBuilder  com.github.javaparser.resolution.UnsolvedSymbolException: Unsolved symbol in de.uka.ilkd.key.java.JavaParserFactory$DynamicTypeSolver@1c7f791e : java.lang.Object
	at com.github.javaparser.resolution.TypeSolver.solveType(TypeSolver.java:71)

36613      ERROR Test worker     d.u.i.k.n.b.TacletPBuilder Error in parsing taclet. de.uka.ilkd.key.util.parsing.BuildingException: Unsolved symbol in de.uka.ilkd.key.java.JavaParserFactory$DynamicTypeSolver@1c7f791e : java.lang.Object at file:/D:/a/key/key/key.core/build/resources/main/de/uka/ilkd/key/proof/rules/loopRules.key:52:15
	at de.uka.ilkd.key.nparser.builder.AbstractBuilder.accept(AbstractBuilder.java:54)
Caused by: com.github.javaparser.resolution.UnsolvedSymbolException: Unsolved symbol in de.uka.ilkd.key.java.JavaParserFactory$DynamicTypeSolver@1c7f791e : java.lang.Object
	at com.github.javaparser.resolution.TypeSolver.solveType(TypeSolver.java:71)

36629      ERROR Test worker     d.u.i.k.n.b.AbstractBuilder  com.github.javaparser.resolution.UnsolvedSymbolException: Unsolved symbol in de.uka.ilkd.key.java.JavaParserFactory$DynamicTypeSolver@1c7f791e : java.lang.Object
	at com.github.javaparser.resolution.TypeSolver.solveType(TypeSolver.java:71)

36629      ERROR Test worker     d.u.i.k.n.b.TacletPBuilder Error in parsing taclet. de.uka.ilkd.key.util.parsing.BuildingException: Unsolved symbol in de.uka.ilkd.key.java.JavaParserFactory$DynamicTypeSolver@1c7f791e : java.lang.Object at file:/D:/a/key/key/key.core/build/resources/main/de/uka/ilkd/key/proof/rules/activeUse.key:25:15
	at de.uka.ilkd.key.nparser.builder.AbstractBuilder.accept(AbstractBuilder.java:54)
Caused by: com.github.javaparser.resolution.UnsolvedSymbolException: Unsolved symbol in de.uka.ilkd.key.java.JavaParserFactory$DynamicTypeSolver@1c7f791e : java.lang.Object
	at com.github.javaparser.resolution.TypeSolver.solveType(TypeSolver.java:71)

36629      ERROR Test worker     d.u.i.k.n.b.AbstractBuilder  com.github.javaparser.resolution.UnsolvedSymbolException: Unsolved symbol in de.uka.ilkd.key.java.JavaParserFactory$DynamicTypeSolver@1c7f791e : java.lang.Object
	at com.github.javaparser.resolution.TypeSolver.solveType(TypeSolver.java:71)

36629      ERROR Test worker     d.u.i.k.n.b.TacletPBuilder Error in parsing taclet. de.uka.ilkd.key.util.parsing.BuildingException: Unsolved symbol in de.uka.ilkd.key.java.JavaParserFactory$DynamicTypeSolver@1c7f791e : java.lang.Object at file:/D:/a/key/key/key.core/build/resources/main/de/uka/ilkd/key/proof/rules/activeUse.key:38:15
	at de.uka.ilkd.key.nparser.builder.AbstractBuilder.accept(AbstractBuilder.java:54)
Caused by: com.github.javaparser.resolution.UnsolvedSymbolException: Unsolved symbol in de.uka.ilkd.key.java.JavaParserFactory$DynamicTypeSolver@1c7f791e : java.lang.Object
	at com.github.javaparser.resolution.TypeSolver.solveType(TypeSolver.java:71)

36629      ERROR Test worker     d.u.i.k.n.b.AbstractBuilder  com.github.javaparser.resolution.UnsolvedSymbolException: Unsolved symbol in de.uka.ilkd.key.java.JavaParserFactory$DynamicTypeSolver@1c7f791e : java.lang.Object
	at com.github.javaparser.resolution.TypeSolver.solveType(TypeSolver.java:71)

36629      ERROR Test worker     d.u.i.k.n.b.TacletPBuilder Error in parsing taclet. de.uka.ilkd.key.util.parsing.BuildingException: Unsolved symbol in de.uka.ilkd.key.java.JavaParserFactory$DynamicTypeSolver@1c7f791e : java.lang.Object at file:/D:/a/key/key/key.core/build/resources/main/de/uka/ilkd/key/proof/rules/activeUse.key:52:15
	at de.uka.ilkd.key.nparser.builder.AbstractBuilder.accept(AbstractBuilder.java:54)
Caused by: com.github.javaparser.resolution.UnsolvedSymbolException: Unsolved symbol in de.uka.ilkd.key.java.JavaParserFactory$DynamicTypeSolver@1c7f791e : java.lang.Object
	at com.github.javaparser.resolution.TypeSolver.solveType(TypeSolver.java:71)

36629      ERROR Test worker     d.u.i.k.n.b.TacletPBuilder Override: #arr (program Expression) #arr (program Expression) 
36629      ERROR Test worker     d.u.i.k.n.b.TacletPBuilder Override: #idx (program Expression) #idx (program Expression) 
36629      ERROR Test worker     d.u.i.k.n.b.AbstractBuilder  com.github.javaparser.resolution.UnsolvedSymbolException: Unsolved symbol in de.uka.ilkd.key.java.JavaParserFactory$DynamicTypeSolver@1c7f791e : java.lang.Object
	at com.github.javaparser.resolution.TypeSolver.solveType(TypeSolver.java:71)

36629      ERROR Test worker     d.u.i.k.n.b.TacletPBuilder Error in parsing taclet. de.uka.ilkd.key.util.parsing.BuildingException: Unsolved symbol in de.uka.ilkd.key.java.JavaParserFactory$DynamicTypeSolver@1c7f791e : java.lang.Object at file:/D:/a/key/key/key.core/build/resources/main/de/uka/ilkd/key/proof/rules/activeUse.key:66:15
	at de.uka.ilkd.key.nparser.builder.AbstractBuilder.accept(AbstractBuilder.java:54)
Caused by: com.github.javaparser.resolution.UnsolvedSymbolException: Unsolved symbol in de.uka.ilkd.key.java.JavaParserFactory$DynamicTypeSolver@1c7f791e : java.lang.Object
	at com.github.javaparser.resolution.TypeSolver.solveType(TypeSolver.java:71)

36629      ERROR Test worker     d.u.i.k.n.b.AbstractBuilder  com.github.javaparser.resolution.UnsolvedSymbolException: Unsolved symbol in de.uka.ilkd.key.java.JavaParserFactory$DynamicTypeSolver@1c7f791e : java.lang.Object
	at com.github.javaparser.resolution.TypeSolver.solveType(TypeSolver.java:71)

36629      ERROR Test worker     d.u.i.k.n.b.TacletPBuilder Error in parsing taclet. de.uka.ilkd.key.util.parsing.BuildingException: Unsolved symbol in de.uka.ilkd.key.java.JavaParserFactory$DynamicTypeSolver@1c7f791e : java.lang.Object at file:/D:/a/key/key/key.core/build/resources/main/de/uka/ilkd/key/proof/rules/activeUse.key:79:15
	at de.uka.ilkd.key.nparser.builder.AbstractBuilder.accept(AbstractBuilder.java:54)
Caused by: com.github.javaparser.resolution.UnsolvedSymbolException: Unsolved symbol in de.uka.ilkd.key.java.JavaParserFactory$DynamicTypeSolver@1c7f791e : java.lang.Object
	at com.github.javaparser.resolution.TypeSolver.solveType(TypeSolver.java:71)

36629      ERROR Test worker     d.u.i.k.n.b.AbstractBuilder  com.github.javaparser.resolution.UnsolvedSymbolException: Unsolved symbol in de.uka.ilkd.key.java.JavaParserFactory$DynamicTypeSolver@1c7f791e : java.lang.Object
	at com.github.javaparser.resolution.TypeSolver.solveType(TypeSolver.java:71)

36629      ERROR Test worker     d.u.i.k.n.b.TacletPBuilder Error in parsing taclet. de.uka.ilkd.key.util.parsing.BuildingException: Unsolved symbol in de.uka.ilkd.key.java.JavaParserFactory$DynamicTypeSolver@1c7f791e : java.lang.Object at file:/D:/a/key/key/key.core/build/resources/main/de/uka/ilkd/key/proof/rules/activeUse.key:92:15
	at de.uka.ilkd.key.nparser.builder.AbstractBuilder.accept(AbstractBuilder.java:54)
Caused by: com.github.javaparser.resolution.UnsolvedSymbolException: Unsolved symbol in de.uka.ilkd.key.java.JavaParserFactory$DynamicTypeSolver@1c7f791e : java.lang.Object
	at com.github.javaparser.resolution.TypeSolver.solveType(TypeSolver.java:71)

36629      ERROR Test worker     d.u.i.k.n.b.AbstractBuilder  com.github.javaparser.resolution.UnsolvedSymbolException: Unsolved symbol in de.uka.ilkd.key.java.JavaParserFactory$DynamicTypeSolver@1c7f791e : java.lang.Object
	at com.github.javaparser.resolution.TypeSolver.solveType(TypeSolver.java:71)

36629      ERROR Test worker     d.u.i.k.n.b.TacletPBuilder Error in parsing taclet. de.uka.ilkd.key.util.parsing.BuildingException: Unsolved symbol in de.uka.ilkd.key.java.JavaParserFactory$DynamicTypeSolver@1c7f791e : java.lang.Object at file:/D:/a/key/key/key.core/build/resources/main/de/uka/ilkd/key/proof/rules/activeUse.key:105:15
	at de.uka.ilkd.key.nparser.builder.AbstractBuilder.accept(AbstractBuilder.java:54)
Caused by: com.github.javaparser.resolution.UnsolvedSymbolException: Unsolved symbol in de.uka.ilkd.key.java.JavaParserFactory$DynamicTypeSolver@1c7f791e : java.lang.Object
	at com.github.javaparser.resolution.TypeSolver.solveType(TypeSolver.java:71)

36629      ERROR Test worker     d.u.i.k.n.b.AbstractBuilder  com.github.javaparser.resolution.UnsolvedSymbolException: Unsolved symbol in de.uka.ilkd.key.java.JavaParserFactory$DynamicTypeSolver@1c7f791e : java.lang.Object
	at com.github.javaparser.resolution.TypeSolver.solveType(TypeSolver.java:71)

36629      ERROR Test worker     d.u.i.k.n.b.TacletPBuilder Error in parsing taclet. de.uka.ilkd.key.util.parsing.BuildingException: Unsolved symbol in de.uka.ilkd.key.java.JavaParserFactory$DynamicTypeSolver@1c7f791e : java.lang.Object at file:/D:/a/key/key/key.core/build/resources/main/de/uka/ilkd/key/proof/rules/activeUse.key:115:15
	at de.uka.ilkd.key.nparser.builder.AbstractBuilder.accept(AbstractBuilder.java:54)
Caused by: com.github.javaparser.resolution.UnsolvedSymbolException: Unsolved symbol in de.uka.ilkd.key.java.JavaParserFactory$DynamicTypeSolver@1c7f791e : java.lang.Object
	at com.github.javaparser.resolution.TypeSolver.solveType(TypeSolver.java:71)

36629      ERROR Test worker     d.u.i.k.n.b.AbstractBuilder  com.github.javaparser.resolution.UnsolvedSymbolException: Unsolved symbol in de.uka.ilkd.key.java.JavaParserFactory$DynamicTypeSolver@1c7f791e : java.lang.Object
	at com.github.javaparser.resolution.TypeSolver.solveType(TypeSolver.java:71)

36629      ERROR Test worker     d.u.i.k.n.b.TacletPBuilder Error in parsing taclet. de.uka.ilkd.key.util.parsing.BuildingException: Unsolved symbol in de.uka.ilkd.key.java.JavaParserFactory$DynamicTypeSolver@1c7f791e : java.lang.Object at file:/D:/a/key/key/key.core/build/resources/main/de/uka/ilkd/key/proof/rules/activeUse.key:129:15
	at de.uka.ilkd.key.nparser.builder.AbstractBuilder.accept(AbstractBuilder.java:54)
Caused by: com.github.javaparser.resolution.UnsolvedSymbolException: Unsolved symbol in de.uka.ilkd.key.java.JavaParserFactory$DynamicTypeSolver@1c7f791e : java.lang.Object
	at com.github.javaparser.resolution.TypeSolver.solveType(TypeSolver.java:71)

36644      ERROR Test worker     d.u.i.k.n.b.AbstractBuilder  com.github.javaparser.resolution.UnsolvedSymbolException: Unsolved symbol in de.uka.ilkd.key.java.JavaParserFactory$DynamicTypeSolver@1c7f791e : java.lang.Object
	at com.github.javaparser.resolution.TypeSolver.solveType(TypeSolver.java:71)

36644      ERROR Test worker     d.u.i.k.n.b.TacletPBuilder Error in parsing taclet. de.uka.ilkd.key.util.parsing.BuildingException: Unsolved symbol in de.uka.ilkd.key.java.JavaParserFactory$DynamicTypeSolver@1c7f791e : java.lang.Object at file:/D:/a/key/key/key.core/build/resources/main/de/uka/ilkd/key/proof/rules/activeUse.key:141:15
	at de.uka.ilkd.key.nparser.builder.AbstractBuilder.accept(AbstractBuilder.java:54)
Caused by: com.github.javaparser.resolution.UnsolvedSymbolException: Unsolved symbol in de.uka.ilkd.key.java.JavaParserFactory$DynamicTypeSolver@1c7f791e : java.lang.Object
	at com.github.javaparser.resolution.TypeSolver.solveType(TypeSolver.java:71)

36644      ERROR Test worker     d.u.i.k.n.b.TacletPBuilder Override: #arr (program Expression) #arr (program Expression) 
36644      ERROR Test worker     d.u.i.k.n.b.TacletPBuilder Override: #idx (program Expression) #idx (program Expression) 
36644      ERROR Test worker     d.u.i.k.n.b.AbstractBuilder  com.github.javaparser.resolution.UnsolvedSymbolException: Unsolved symbol in de.uka.ilkd.key.java.JavaParserFactory$DynamicTypeSolver@1c7f791e : java.lang.Object
	at com.github.javaparser.resolution.TypeSolver.solveType(TypeSolver.java:71)

36644      ERROR Test worker     d.u.i.k.n.b.TacletPBuilder Error in parsing taclet. de.uka.ilkd.key.util.parsing.BuildingException: Unsolved symbol in de.uka.ilkd.key.java.JavaParserFactory$DynamicTypeSolver@1c7f791e : java.lang.Object at file:/D:/a/key/key/key.core/build/resources/main/de/uka/ilkd/key/proof/rules/activeUse.key:154:15
	at de.uka.ilkd.key.nparser.builder.AbstractBuilder.accept(AbstractBuilder.java:54)
Caused by: com.github.javaparser.resolution.UnsolvedSymbolException: Unsolved symbol in de.uka.ilkd.key.java.JavaParserFactory$DynamicTypeSolver@1c7f791e : java.lang.Object
	at com.github.javaparser.resolution.TypeSolver.solveType(TypeSolver.java:71)

36644      ERROR Test worker     d.u.i.k.n.b.TacletPBuilder Override: #arr (program Expression) #arr (program Expression) 
36644      ERROR Test worker     d.u.i.k.n.b.TacletPBuilder Override: #idx (program Expression) #idx (program Expression) 
36644      ERROR Test worker     d.u.i.k.n.b.AbstractBuilder  com.github.javaparser.resolution.UnsolvedSymbolException: Unsolved symbol in de.uka.ilkd.key.java.JavaParserFactory$DynamicTypeSolver@1c7f791e : java.lang.Object
	at com.github.javaparser.resolution.TypeSolver.solveType(TypeSolver.java:71)

36644      ERROR Test worker     d.u.i.k.n.b.TacletPBuilder Error in parsing taclet. de.uka.ilkd.key.util.parsing.BuildingException: Unsolved symbol in de.uka.ilkd.key.java.JavaParserFactory$DynamicTypeSolver@1c7f791e : java.lang.Object at file:/D:/a/key/key/key.core/build/resources/main/de/uka/ilkd/key/proof/rules/activeUse.key:167:15
	at de.uka.ilkd.key.nparser.builder.AbstractBuilder.accept(AbstractBuilder.java:54)
Caused by: com.github.javaparser.resolution.UnsolvedSymbolException: Unsolved symbol in de.uka.ilkd.key.java.JavaParserFactory$DynamicTypeSolver@1c7f791e : java.lang.Object
	at com.github.javaparser.resolution.TypeSolver.solveType(TypeSolver.java:71)

36644      ERROR Test worker     d.u.i.k.n.b.AbstractBuilder  com.github.javaparser.resolution.UnsolvedSymbolException: Unsolved symbol in de.uka.ilkd.key.java.JavaParserFactory$DynamicTypeSolver@1c7f791e : java.lang.Object
	at com.github.javaparser.resolution.TypeSolver.solveType(TypeSolver.java:71)

36644      ERROR Test worker     d.u.i.k.n.b.TacletPBuilder Error in parsing taclet. de.uka.ilkd.key.util.parsing.BuildingException: Unsolved symbol in de.uka.ilkd.key.java.JavaParserFactory$DynamicTypeSolver@1c7f791e : java.lang.Object at file:/D:/a/key/key/key.core/build/resources/main/de/uka/ilkd/key/proof/rules/activeUse.key:179:15
	at de.uka.ilkd.key.nparser.builder.AbstractBuilder.accept(AbstractBuilder.java:54)
Caused by: com.github.javaparser.resolution.UnsolvedSymbolException: Unsolved symbol in de.uka.ilkd.key.java.JavaParserFactory$DynamicTypeSolver@1c7f791e : java.lang.Object
	at com.github.javaparser.resolution.TypeSolver.solveType(TypeSolver.java:71)

36644      ERROR Test worker     d.u.i.k.n.b.AbstractBuilder  com.github.javaparser.resolution.UnsolvedSymbolException: Unsolved symbol in de.uka.ilkd.key.java.JavaParserFactory$DynamicTypeSolver@1c7f791e : java.lang.Object
	at com.github.javaparser.resolution.TypeSolver.solveType(TypeSolver.java:71)

36644      ERROR Test worker     d.u.i.k.n.b.TacletPBuilder Error in parsing taclet. de.uka.ilkd.key.util.parsing.BuildingException: Unsolved symbol in de.uka.ilkd.key.java.JavaParserFactory$DynamicTypeSolver@1c7f791e : java.lang.Object at file:/D:/a/key/key/key.core/build/resources/main/de/uka/ilkd/key/proof/rules/activeUse.key:191:15
	at de.uka.ilkd.key.nparser.builder.AbstractBuilder.accept(AbstractBuilder.java:54)
Caused by: com.github.javaparser.resolution.UnsolvedSymbolException: Unsolved symbol in de.uka.ilkd.key.java.JavaParserFactory$DynamicTypeSolver@1c7f791e : java.lang.Object
	at com.github.javaparser.resolution.TypeSolver.solveType(TypeSolver.java:71)

36644      ERROR Test worker     d.u.i.k.n.b.AbstractBuilder  com.github.javaparser.resolution.UnsolvedSymbolException: Unsolved symbol in de.uka.ilkd.key.java.JavaParserFactory$DynamicTypeSolver@1c7f791e : java.lang.Object
	at com.github.javaparser.resolution.TypeSolver.solveType(TypeSolver.java:71)

36644      ERROR Test worker     d.u.i.k.n.b.TacletPBuilder Error in parsing taclet. de.uka.ilkd.key.util.parsing.BuildingException: Unsolved symbol in de.uka.ilkd.key.java.JavaParserFactory$DynamicTypeSolver@1c7f791e : java.lang.Object at file:/D:/a/key/key/key.core/build/resources/main/de/uka/ilkd/key/proof/rules/activeUse.key:203:15
	at de.uka.ilkd.key.nparser.builder.AbstractBuilder.accept(AbstractBuilder.java:54)
Caused by: com.github.javaparser.resolution.UnsolvedSymbolException: Unsolved symbol in de.uka.ilkd.key.java.JavaParserFactory$DynamicTypeSolver@1c7f791e : java.lang.Object
	at com.github.javaparser.resolution.TypeSolver.solveType(TypeSolver.java:71)

36644      ERROR Test worker     d.u.i.k.n.b.AbstractBuilder  com.github.javaparser.resolution.UnsolvedSymbolException: Unsolved symbol in de.uka.ilkd.key.java.JavaParserFactory$DynamicTypeSolver@1c7f791e : java.lang.Object
	at com.github.javaparser.resolution.TypeSolver.solveType(TypeSolver.java:71)

36644      ERROR Test worker     d.u.i.k.n.b.TacletPBuilder Error in parsing taclet. de.uka.ilkd.key.util.parsing.BuildingException: Unsolved symbol in de.uka.ilkd.key.java.JavaParserFactory$DynamicTypeSolver@1c7f791e : java.lang.Object at file:/D:/a/key/key/key.core/build/resources/main/de/uka/ilkd/key/proof/rules/activeUse.key:212:15
	at de.uka.ilkd.key.nparser.builder.AbstractBuilder.accept(AbstractBuilder.java:54)
Caused by: com.github.javaparser.resolution.UnsolvedSymbolException: Unsolved symbol in de.uka.ilkd.key.java.JavaParserFactory$DynamicTypeSolver@1c7f791e : java.lang.Object
	at com.github.javaparser.resolution.TypeSolver.solveType(TypeSolver.java:71)

36644      ERROR Test worker     d.u.i.k.n.b.AbstractBuilder  com.github.javaparser.resolution.UnsolvedSymbolException: Unsolved symbol in de.uka.ilkd.key.java.JavaParserFactory$DynamicTypeSolver@1c7f791e : java.lang.Object
	at com.github.javaparser.resolution.TypeSolver.solveType(TypeSolver.java:71)

36644      ERROR Test worker     d.u.i.k.n.b.TacletPBuilder Error in parsing taclet. de.uka.ilkd.key.util.parsing.BuildingException: Unsolved symbol in de.uka.ilkd.key.java.JavaParserFactory$DynamicTypeSolver@1c7f791e : java.lang.Object at file:/D:/a/key/key/key.core/build/resources/main/de/uka/ilkd/key/proof/rules/activeUse.key:224:15
	at de.uka.ilkd.key.nparser.builder.AbstractBuilder.accept(AbstractBuilder.java:54)
Caused by: com.github.javaparser.resolution.UnsolvedSymbolException: Unsolved symbol in de.uka.ilkd.key.java.JavaParserFactory$DynamicTypeSolver@1c7f791e : java.lang.Object
	at com.github.javaparser.resolution.TypeSolver.solveType(TypeSolver.java:71)

36660      ERROR Test worker     d.u.i.k.n.b.AbstractBuilder  com.github.javaparser.resolution.UnsolvedSymbolException: Unsolved symbol in de.uka.ilkd.key.java.JavaParserFactory$DynamicTypeSolver@1c7f791e : java.lang.Object
	at com.github.javaparser.resolution.TypeSolver.solveType(TypeSolver.java:71)

36660      ERROR Test worker     d.u.i.k.n.b.TacletPBuilder Error in parsing taclet. de.uka.ilkd.key.util.parsing.BuildingException: Unsolved symbol in de.uka.ilkd.key.java.JavaParserFactory$DynamicTypeSolver@1c7f791e : java.lang.Object at file:/D:/a/key/key/key.core/build/resources/main/de/uka/ilkd/key/proof/rules/activeUse.key:240:15
	at de.uka.ilkd.key.nparser.builder.AbstractBuilder.accept(AbstractBuilder.java:54)
Caused by: com.github.javaparser.resolution.UnsolvedSymbolException: Unsolved symbol in de.uka.ilkd.key.java.JavaParserFactory$DynamicTypeSolver@1c7f791e : java.lang.Object
	at com.github.javaparser.resolution.TypeSolver.solveType(TypeSolver.java:71)

36660      ERROR Test worker     d.u.i.k.n.b.AbstractBuilder  com.github.javaparser.resolution.UnsolvedSymbolException: Unsolved symbol in de.uka.ilkd.key.java.JavaParserFactory$DynamicTypeSolver@1c7f791e : java.lang.Object
	at com.github.javaparser.resolution.TypeSolver.solveType(TypeSolver.java:71)

36660      ERROR Test worker     d.u.i.k.n.b.TacletPBuilder Error in parsing taclet. de.uka.ilkd.key.util.parsing.BuildingException: Unsolved symbol in de.uka.ilkd.key.java.JavaParserFactory$DynamicTypeSolver@1c7f791e : java.lang.Object at file:/D:/a/key/key/key.core/build/resources/main/de/uka/ilkd/key/proof/rules/activeUse.key:254:15
	at de.uka.ilkd.key.nparser.builder.AbstractBuilder.accept(AbstractBuilder.java:54)
Caused by: com.github.javaparser.resolution.UnsolvedSymbolException: Unsolved symbol in de.uka.ilkd.key.java.JavaParserFactory$DynamicTypeSolver@1c7f791e : java.lang.Object
	at com.github.javaparser.resolution.TypeSolver.solveType(TypeSolver.java:71)

36660      ERROR Test worker     d.u.i.k.n.b.AbstractBuilder  com.github.javaparser.resolution.UnsolvedSymbolException: Unsolved symbol in de.uka.ilkd.key.java.JavaParserFactory$DynamicTypeSolver@1c7f791e : java.lang.Object
	at com.github.javaparser.resolution.TypeSolver.solveType(TypeSolver.java:71)

36660      ERROR Test worker     d.u.i.k.n.b.TacletPBuilder Error in parsing taclet. de.uka.ilkd.key.util.parsing.BuildingException: Unsolved symbol in de.uka.ilkd.key.java.JavaParserFactory$DynamicTypeSolver@1c7f791e : java.lang.Object at file:/D:/a/key/key/key.core/build/resources/main/de/uka/ilkd/key/proof/rules/activeUse.key:268:15
	at de.uka.ilkd.key.nparser.builder.AbstractBuilder.accept(AbstractBuilder.java:54)
Caused by: com.github.javaparser.resolution.UnsolvedSymbolException: Unsolved symbol in de.uka.ilkd.key.java.JavaParserFactory$DynamicTypeSolver@1c7f791e : java.lang.Object
	at com.github.javaparser.resolution.TypeSolver.solveType(TypeSolver.java:71)

36660      ERROR Test worker     d.u.i.k.n.b.AbstractBuilder  com.github.javaparser.resolution.UnsolvedSymbolException: Unsolved symbol in de.uka.ilkd.key.java.JavaParserFactory$DynamicTypeSolver@1c7f791e : java.lang.Object
	at com.github.javaparser.resolution.TypeSolver.solveType(TypeSolver.java:71)

36660      ERROR Test worker     d.u.i.k.n.b.TacletPBuilder Error in parsing taclet. de.uka.ilkd.key.util.parsing.BuildingException: Unsolved symbol in de.uka.ilkd.key.java.JavaParserFactory$DynamicTypeSolver@1c7f791e : java.lang.Object at file:/D:/a/key/key/key.core/build/resources/main/de/uka/ilkd/key/proof/rules/activeUse.key:282:15
	at de.uka.ilkd.key.nparser.builder.AbstractBuilder.accept(AbstractBuilder.java:54)
Caused by: com.github.javaparser.resolution.UnsolvedSymbolException: Unsolved symbol in de.uka.ilkd.key.java.JavaParserFactory$DynamicTypeSolver@1c7f791e : java.lang.Object
	at com.github.javaparser.resolution.TypeSolver.solveType(TypeSolver.java:71)

36660      ERROR Test worker     d.u.i.k.n.b.AbstractBuilder  com.github.javaparser.resolution.UnsolvedSymbolException: Unsolved symbol in de.uka.ilkd.key.java.JavaParserFactory$DynamicTypeSolver@1c7f791e : java.lang.Object
	at com.github.javaparser.resolution.TypeSolver.solveType(TypeSolver.java:71)

36660      ERROR Test worker     d.u.i.k.n.b.TacletPBuilder Error in parsing taclet. de.uka.ilkd.key.util.parsing.BuildingException: Unsolved symbol in de.uka.ilkd.key.java.JavaParserFactory$DynamicTypeSolver@1c7f791e : java.lang.Object at file:/D:/a/key/key/key.core/build/resources/main/de/uka/ilkd/key/proof/rules/activeUse.key:296:15
	at de.uka.ilkd.key.nparser.builder.AbstractBuilder.accept(AbstractBuilder.java:54)
Caused by: com.github.javaparser.resolution.UnsolvedSymbolException: Unsolved symbol in de.uka.ilkd.key.java.JavaParserFactory$DynamicTypeSolver@1c7f791e : java.lang.Object
	at com.github.javaparser.resolution.TypeSolver.solveType(TypeSolver.java:71)

36660      ERROR Test worker     d.u.i.k.n.b.AbstractBuilder  com.github.javaparser.resolution.UnsolvedSymbolException: Unsolved symbol in de.uka.ilkd.key.java.JavaParserFactory$DynamicTypeSolver@1c7f791e : java.lang.Object
	at com.github.javaparser.resolution.TypeSolver.solveType(TypeSolver.java:71)

36660      ERROR Test worker     d.u.i.k.n.b.TacletPBuilder Error in parsing taclet. de.uka.ilkd.key.util.parsing.BuildingException: Unsolved symbol in de.uka.ilkd.key.java.JavaParserFactory$DynamicTypeSolver@1c7f791e : java.lang.Object at file:/D:/a/key/key/key.core/build/resources/main/de/uka/ilkd/key/proof/rules/activeUse.key:310:15
	at de.uka.ilkd.key.nparser.builder.AbstractBuilder.accept(AbstractBuilder.java:54)
Caused by: com.github.javaparser.resolution.UnsolvedSymbolException: Unsolved symbol in de.uka.ilkd.key.java.JavaParserFactory$DynamicTypeSolver@1c7f791e : java.lang.Object
	at com.github.javaparser.resolution.TypeSolver.solveType(TypeSolver.java:71)

36660      ERROR Test worker     d.u.i.k.n.b.AbstractBuilder  com.github.javaparser.resolution.UnsolvedSymbolException: Unsolved symbol in de.uka.ilkd.key.java.JavaParserFactory$DynamicTypeSolver@1c7f791e : java.lang.Object
	at com.github.javaparser.resolution.TypeSolver.solveType(TypeSolver.java:71)

36660      ERROR Test worker     d.u.i.k.n.b.TacletPBuilder Error in parsing taclet. de.uka.ilkd.key.util.parsing.BuildingException: Unsolved symbol in de.uka.ilkd.key.java.JavaParserFactory$DynamicTypeSolver@1c7f791e : java.lang.Object at file:/D:/a/key/key/key.core/build/resources/main/de/uka/ilkd/key/proof/rules/activeUse.key:324:15
	at de.uka.ilkd.key.nparser.builder.AbstractBuilder.accept(AbstractBuilder.java:54)
Caused by: com.github.javaparser.resolution.UnsolvedSymbolException: Unsolved symbol in de.uka.ilkd.key.java.JavaParserFactory$DynamicTypeSolver@1c7f791e : java.lang.Object
	at com.github.javaparser.resolution.TypeSolver.solveType(TypeSolver.java:71)

36676      ERROR Test worker     d.u.i.k.n.b.AbstractBuilder  com.github.javaparser.resolution.UnsolvedSymbolException: Unsolved symbol in de.uka.ilkd.key.java.JavaParserFactory$DynamicTypeSolver@1c7f791e : java.lang.Object
	at com.github.javaparser.resolution.TypeSolver.solveType(TypeSolver.java:71)

36676      ERROR Test worker     d.u.i.k.n.b.TacletPBuilder Error in parsing taclet. de.uka.ilkd.key.util.parsing.BuildingException: Unsolved symbol in de.uka.ilkd.key.java.JavaParserFactory$DynamicTypeSolver@1c7f791e : java.lang.Object at file:/D:/a/key/key/key.core/build/resources/main/de/uka/ilkd/key/proof/rules/activeUse.key:338:15
	at de.uka.ilkd.key.nparser.builder.AbstractBuilder.accept(AbstractBuilder.java:54)
Caused by: com.github.javaparser.resolution.UnsolvedSymbolException: Unsolved symbol in de.uka.ilkd.key.java.JavaParserFactory$DynamicTypeSolver@1c7f791e : java.lang.Object
	at com.github.javaparser.resolution.TypeSolver.solveType(TypeSolver.java:71)

36676      ERROR Test worker     d.u.i.k.n.b.AbstractBuilder  com.github.javaparser.resolution.UnsolvedSymbolException: Unsolved symbol in de.uka.ilkd.key.java.JavaParserFactory$DynamicTypeSolver@1c7f791e : java.lang.Object
	at com.github.javaparser.resolution.TypeSolver.solveType(TypeSolver.java:71)

36676      ERROR Test worker     d.u.i.k.n.b.TacletPBuilder Error in parsing taclet. de.uka.ilkd.key.util.parsing.BuildingException: Unsolved symbol in de.uka.ilkd.key.java.JavaParserFactory$DynamicTypeSolver@1c7f791e : java.lang.Object at file:/D:/a/key/key/key.core/build/resources/main/de/uka/ilkd/key/proof/rules/activeUse.key:352:15
	at de.uka.ilkd.key.nparser.builder.AbstractBuilder.accept(AbstractBuilder.java:54)
Caused by: com.github.javaparser.resolution.UnsolvedSymbolException: Unsolved symbol in de.uka.ilkd.key.java.JavaParserFactory$DynamicTypeSolver@1c7f791e : java.lang.Object
	at com.github.javaparser.resolution.TypeSolver.solveType(TypeSolver.java:71)

36676      ERROR Test worker     d.u.i.k.n.b.AbstractBuilder  com.github.javaparser.resolution.UnsolvedSymbolException: Unsolved symbol in de.uka.ilkd.key.java.JavaParserFactory$DynamicTypeSolver@1c7f791e : java.lang.Object
	at com.github.javaparser.resolution.TypeSolver.solveType(TypeSolver.java:71)

36676      ERROR Test worker     d.u.i.k.n.b.TacletPBuilder Error in parsing taclet. de.uka.ilkd.key.util.parsing.BuildingException: Unsolved symbol in de.uka.ilkd.key.java.JavaParserFactory$DynamicTypeSolver@1c7f791e : java.lang.Object at file:/D:/a/key/key/key.core/build/resources/main/de/uka/ilkd/key/proof/rules/activeUse.key:366:15
	at de.uka.ilkd.key.nparser.builder.AbstractBuilder.accept(AbstractBuilder.java:54)
Caused by: com.github.javaparser.resolution.UnsolvedSymbolException: Unsolved symbol in de.uka.ilkd.key.java.JavaParserFactory$DynamicTypeSolver@1c7f791e : java.lang.Object
	at com.github.javaparser.resolution.TypeSolver.solveType(TypeSolver.java:71)

36676      ERROR Test worker     d.u.i.k.n.b.AbstractBuilder  com.github.javaparser.resolution.UnsolvedSymbolException: Unsolved symbol in de.uka.ilkd.key.java.JavaParserFactory$DynamicTypeSolver@1c7f791e : java.lang.Object
	at com.github.javaparser.resolution.TypeSolver.solveType(TypeSolver.java:71)

36676      ERROR Test worker     d.u.i.k.n.b.TacletPBuilder Error in parsing taclet. de.uka.ilkd.key.util.parsing.BuildingException: Unsolved symbol in de.uka.ilkd.key.java.JavaParserFactory$DynamicTypeSolver@1c7f791e : java.lang.Object at file:/D:/a/key/key/key.core/build/resources/main/de/uka/ilkd/key/proof/rules/activeUse.key:380:15
	at de.uka.ilkd.key.nparser.builder.AbstractBuilder.accept(AbstractBuilder.java:54)
Caused by: com.github.javaparser.resolution.UnsolvedSymbolException: Unsolved symbol in de.uka.ilkd.key.java.JavaParserFactory$DynamicTypeSolver@1c7f791e : java.lang.Object
	at com.github.javaparser.resolution.TypeSolver.solveType(TypeSolver.java:71)

36676      ERROR Test worker     d.u.i.k.n.b.AbstractBuilder  com.github.javaparser.resolution.UnsolvedSymbolException: Unsolved symbol in de.uka.ilkd.key.java.JavaParserFactory$DynamicTypeSolver@1c7f791e : java.lang.Object
	at com.github.javaparser.resolution.TypeSolver.solveType(TypeSolver.java:71)

36676      ERROR Test worker     d.u.i.k.n.b.TacletPBuilder Error in parsing taclet. de.uka.ilkd.key.util.parsing.BuildingException: Unsolved symbol in de.uka.ilkd.key.java.JavaParserFactory$DynamicTypeSolver@1c7f791e : java.lang.Object at file:/D:/a/key/key/key.core/build/resources/main/de/uka/ilkd/key/proof/rules/activeUse.key:394:15
	at de.uka.ilkd.key.nparser.builder.AbstractBuilder.accept(AbstractBuilder.java:54)
Caused by: com.github.javaparser.resolution.UnsolvedSymbolException: Unsolved symbol in de.uka.ilkd.key.java.JavaParserFactory$DynamicTypeSolver@1c7f791e : java.lang.Object
	at com.github.javaparser.resolution.TypeSolver.solveType(TypeSolver.java:71)

36676      ERROR Test worker     d.u.i.k.n.b.AbstractBuilder  com.github.javaparser.resolution.UnsolvedSymbolException: Unsolved symbol in de.uka.ilkd.key.java.JavaParserFactory$DynamicTypeSolver@1c7f791e : java.lang.Object
	at com.github.javaparser.resolution.TypeSolver.solveType(TypeSolver.java:71)

36676      ERROR Test worker     d.u.i.k.n.b.TacletPBuilder Error in parsing taclet. de.uka.ilkd.key.util.parsing.BuildingException: Unsolved symbol in de.uka.ilkd.key.java.JavaParserFactory$DynamicTypeSolver@1c7f791e : java.lang.Object at file:/D:/a/key/key/key.core/build/resources/main/de/uka/ilkd/key/proof/rules/activeUse.key:408:15
	at de.uka.ilkd.key.nparser.builder.AbstractBuilder.accept(AbstractBuilder.java:54)
Caused by: com.github.javaparser.resolution.UnsolvedSymbolException: Unsolved symbol in de.uka.ilkd.key.java.JavaParserFactory$DynamicTypeSolver@1c7f791e : java.lang.Object
	at com.github.javaparser.resolution.TypeSolver.solveType(TypeSolver.java:71)

36676      ERROR Test worker     d.u.i.k.n.b.AbstractBuilder  com.github.javaparser.resolution.UnsolvedSymbolException: Unsolved symbol in de.uka.ilkd.key.java.JavaParserFactory$DynamicTypeSolver@1c7f791e : java.lang.Object
	at com.github.javaparser.resolution.TypeSolver.solveType(TypeSolver.java:71)

36676      ERROR Test worker     d.u.i.k.n.b.TacletPBuilder Error in parsing taclet. de.uka.ilkd.key.util.parsing.BuildingException: Unsolved symbol in de.uka.ilkd.key.java.JavaParserFactory$DynamicTypeSolver@1c7f791e : java.lang.Object at file:/D:/a/key/key/key.core/build/resources/main/de/uka/ilkd/key/proof/rules/activeUse.key:422:15
	at de.uka.ilkd.key.nparser.builder.AbstractBuilder.accept(AbstractBuilder.java:54)
Caused by: com.github.javaparser.resolution.UnsolvedSymbolException: Unsolved symbol in de.uka.ilkd.key.java.JavaParserFactory$DynamicTypeSolver@1c7f791e : java.lang.Object
	at com.github.javaparser.resolution.TypeSolver.solveType(TypeSolver.java:71)

36676      ERROR Test worker     d.u.i.k.n.b.AbstractBuilder  com.github.javaparser.resolution.UnsolvedSymbolException: Unsolved symbol in de.uka.ilkd.key.java.JavaParserFactory$DynamicTypeSolver@1c7f791e : java.lang.Object
	at com.github.javaparser.resolution.TypeSolver.solveType(TypeSolver.java:71)

36676      ERROR Test worker     d.u.i.k.n.b.TacletPBuilder Error in parsing taclet. de.uka.ilkd.key.util.parsing.BuildingException: Unsolved symbol in de.uka.ilkd.key.java.JavaParserFactory$DynamicTypeSolver@1c7f791e : java.lang.Object at file:/D:/a/key/key/key.core/build/resources/main/de/uka/ilkd/key/proof/rules/activeUse.key:436:15
	at de.uka.ilkd.key.nparser.builder.AbstractBuilder.accept(AbstractBuilder.java:54)
Caused by: com.github.javaparser.resolution.UnsolvedSymbolException: Unsolved symbol in de.uka.ilkd.key.java.JavaParserFactory$DynamicTypeSolver@1c7f791e : java.lang.Object
	at com.github.javaparser.resolution.TypeSolver.solveType(TypeSolver.java:71)

36676      ERROR Test worker     d.u.i.k.n.b.AbstractBuilder  com.github.javaparser.resolution.UnsolvedSymbolException: Unsolved symbol in de.uka.ilkd.key.java.JavaParserFactory$DynamicTypeSolver@1c7f791e : java.lang.Object
	at com.github.javaparser.resolution.TypeSolver.solveType(TypeSolver.java:71)

36691      ERROR Test worker     d.u.i.k.n.b.TacletPBuilder Error in parsing taclet. de.uka.ilkd.key.util.parsing.BuildingException: Unsolved symbol in de.uka.ilkd.key.java.JavaParserFactory$DynamicTypeSolver@1c7f791e : java.lang.Object at file:/D:/a/key/key/key.core/build/resources/main/de/uka/ilkd/key/proof/rules/activeUse.key:450:15
	at de.uka.ilkd.key.nparser.builder.AbstractBuilder.accept(AbstractBuilder.java:54)
Caused by: com.github.javaparser.resolution.UnsolvedSymbolException: Unsolved symbol in de.uka.ilkd.key.java.JavaParserFactory$DynamicTypeSolver@1c7f791e : java.lang.Object
	at com.github.javaparser.resolution.TypeSolver.solveType(TypeSolver.java:71)

36691      ERROR Test worker     d.u.i.k.n.b.AbstractBuilder  com.github.javaparser.resolution.UnsolvedSymbolException: Unsolved symbol in de.uka.ilkd.key.java.JavaParserFactory$DynamicTypeSolver@1c7f791e : java.lang.Object
	at com.github.javaparser.resolution.TypeSolver.solveType(TypeSolver.java:71)

36691      ERROR Test worker     d.u.i.k.n.b.TacletPBuilder Error in parsing taclet. de.uka.ilkd.key.util.parsing.BuildingException: Unsolved symbol in de.uka.ilkd.key.java.JavaParserFactory$DynamicTypeSolver@1c7f791e : java.lang.Object at file:/D:/a/key/key/key.core/build/resources/main/de/uka/ilkd/key/proof/rules/activeUse.key:468:15
	at de.uka.ilkd.key.nparser.builder.AbstractBuilder.accept(AbstractBuilder.java:54)
Caused by: com.github.javaparser.resolution.UnsolvedSymbolException: Unsolved symbol in de.uka.ilkd.key.java.JavaParserFactory$DynamicTypeSolver@1c7f791e : java.lang.Object
	at com.github.javaparser.resolution.TypeSolver.solveType(TypeSolver.java:71)

36691      ERROR Test worker     d.u.i.k.n.b.AbstractBuilder  com.github.javaparser.resolution.UnsolvedSymbolException: Unsolved symbol in de.uka.ilkd.key.java.JavaParserFactory$DynamicTypeSolver@1c7f791e : java.lang.Object
	at com.github.javaparser.resolution.TypeSolver.solveType(TypeSolver.java:71)

36691      ERROR Test worker     d.u.i.k.n.b.TacletPBuilder Error in parsing taclet. de.uka.ilkd.key.util.parsing.BuildingException: Unsolved symbol in de.uka.ilkd.key.java.JavaParserFactory$DynamicTypeSolver@1c7f791e : java.lang.Object at file:/D:/a/key/key/key.core/build/resources/main/de/uka/ilkd/key/proof/rules/activeUse.key:483:15
	at de.uka.ilkd.key.nparser.builder.AbstractBuilder.accept(AbstractBuilder.java:54)
Caused by: com.github.javaparser.resolution.UnsolvedSymbolException: Unsolved symbol in de.uka.ilkd.key.java.JavaParserFactory$DynamicTypeSolver@1c7f791e : java.lang.Object
	at com.github.javaparser.resolution.TypeSolver.solveType(TypeSolver.java:71)

36691      ERROR Test worker     d.u.i.k.n.b.AbstractBuilder  com.github.javaparser.resolution.UnsolvedSymbolException: Unsolved symbol in de.uka.ilkd.key.java.JavaParserFactory$DynamicTypeSolver@1c7f791e : java.lang.Object
	at com.github.javaparser.resolution.TypeSolver.solveType(TypeSolver.java:71)

36691      ERROR Test worker     d.u.i.k.n.b.TacletPBuilder Error in parsing taclet. de.uka.ilkd.key.util.parsing.BuildingException: Unsolved symbol in de.uka.ilkd.key.java.JavaParserFactory$DynamicTypeSolver@1c7f791e : java.lang.Object at file:/D:/a/key/key/key.core/build/resources/main/de/uka/ilkd/key/proof/rules/activeUse.key:496:15
	at de.uka.ilkd.key.nparser.builder.AbstractBuilder.accept(AbstractBuilder.java:54)
Caused by: com.github.javaparser.resolution.UnsolvedSymbolException: Unsolved symbol in de.uka.ilkd.key.java.JavaParserFactory$DynamicTypeSolver@1c7f791e : java.lang.Object
	at com.github.javaparser.resolution.TypeSolver.solveType(TypeSolver.java:71)

36691      ERROR Test worker     d.u.i.k.n.b.AbstractBuilder  com.github.javaparser.resolution.UnsolvedSymbolException: Unsolved symbol in de.uka.ilkd.key.java.JavaParserFactory$DynamicTypeSolver@1c7f791e : java.lang.Object
	at com.github.javaparser.resolution.TypeSolver.solveType(TypeSolver.java:71)

36691      ERROR Test worker     d.u.i.k.n.b.TacletPBuilder Error in parsing taclet. de.uka.ilkd.key.util.parsing.BuildingException: Unsolved symbol in de.uka.ilkd.key.java.JavaParserFactory$DynamicTypeSolver@1c7f791e : java.lang.Object at file:/D:/a/key/key/key.core/build/resources/main/de/uka/ilkd/key/proof/rules/activeUse.key:509:15
	at de.uka.ilkd.key.nparser.builder.AbstractBuilder.accept(AbstractBuilder.java:54)
Caused by: com.github.javaparser.resolution.UnsolvedSymbolException: Unsolved symbol in de.uka.ilkd.key.java.JavaParserFactory$DynamicTypeSolver@1c7f791e : java.lang.Object
	at com.github.javaparser.resolution.TypeSolver.solveType(TypeSolver.java:71)

36691      ERROR Test worker     d.u.i.k.n.b.AbstractBuilder  com.github.javaparser.resolution.UnsolvedSymbolException: Unsolved symbol in de.uka.ilkd.key.java.JavaParserFactory$DynamicTypeSolver@1c7f791e : java.lang.Object
	at com.github.javaparser.resolution.TypeSolver.solveType(TypeSolver.java:71)

36691      ERROR Test worker     d.u.i.k.n.b.TacletPBuilder Error in parsing taclet. de.uka.ilkd.key.util.parsing.BuildingException: Unsolved symbol in de.uka.ilkd.key.java.JavaParserFactory$DynamicTypeSolver@1c7f791e : java.lang.Object at file:/D:/a/key/key/key.core/build/resources/main/de/uka/ilkd/key/proof/rules/activeUse.key:522:15
	at de.uka.ilkd.key.nparser.builder.AbstractBuilder.accept(AbstractBuilder.java:54)
Caused by: com.github.javaparser.resolution.UnsolvedSymbolException: Unsolved symbol in de.uka.ilkd.key.java.JavaParserFactory$DynamicTypeSolver@1c7f791e : java.lang.Object
	at com.github.javaparser.resolution.TypeSolver.solveType(TypeSolver.java:71)

36691      ERROR Test worker     d.u.i.k.n.b.AbstractBuilder  com.github.javaparser.resolution.UnsolvedSymbolException: Unsolved symbol in de.uka.ilkd.key.java.JavaParserFactory$DynamicTypeSolver@1c7f791e : java.lang.Object
	at com.github.javaparser.resolution.TypeSolver.solveType(TypeSolver.java:71)

36691      ERROR Test worker     d.u.i.k.n.b.TacletPBuilder Error in parsing taclet. de.uka.ilkd.key.util.parsing.BuildingException: Unsolved symbol in de.uka.ilkd.key.java.JavaParserFactory$DynamicTypeSolver@1c7f791e : java.lang.Object at file:/D:/a/key/key/key.core/build/resources/main/de/uka/ilkd/key/proof/rules/activeUse.key:535:15
	at de.uka.ilkd.key.nparser.builder.AbstractBuilder.accept(AbstractBuilder.java:54)
Caused by: com.github.javaparser.resolution.UnsolvedSymbolException: Unsolved symbol in de.uka.ilkd.key.java.JavaParserFactory$DynamicTypeSolver@1c7f791e : java.lang.Object
	at com.github.javaparser.resolution.TypeSolver.solveType(TypeSolver.java:71)

36691      ERROR Test worker     d.u.i.k.n.b.AbstractBuilder  com.github.javaparser.resolution.UnsolvedSymbolException: Unsolved symbol in de.uka.ilkd.key.java.JavaParserFactory$DynamicTypeSolver@1c7f791e : java.lang.Object
	at com.github.javaparser.resolution.TypeSolver.solveType(TypeSolver.java:71)

36691      ERROR Test worker     d.u.i.k.n.b.TacletPBuilder Error in parsing taclet. de.uka.ilkd.key.util.parsing.BuildingException: Unsolved symbol in de.uka.ilkd.key.java.JavaParserFactory$DynamicTypeSolver@1c7f791e : java.lang.Object at file:/D:/a/key/key/key.core/build/resources/main/de/uka/ilkd/key/proof/rules/activeUse.key:548:15
	at de.uka.ilkd.key.nparser.builder.AbstractBuilder.accept(AbstractBuilder.java:54)
Caused by: com.github.javaparser.resolution.UnsolvedSymbolException: Unsolved symbol in de.uka.ilkd.key.java.JavaParserFactory$DynamicTypeSolver@1c7f791e : java.lang.Object
	at com.github.javaparser.resolution.TypeSolver.solveType(TypeSolver.java:71)

36691      ERROR Test worker     d.u.i.k.n.b.AbstractBuilder  com.github.javaparser.resolution.UnsolvedSymbolException: Unsolved symbol in de.uka.ilkd.key.java.JavaParserFactory$DynamicTypeSolver@1c7f791e : java.lang.Object
	at com.github.javaparser.resolution.TypeSolver.solveType(TypeSolver.java:71)

36691      ERROR Test worker     d.u.i.k.n.b.TacletPBuilder Error in parsing taclet. de.uka.ilkd.key.util.parsing.BuildingException: Unsolved symbol in de.uka.ilkd.key.java.JavaParserFactory$DynamicTypeSolver@1c7f791e : java.lang.Object at file:/D:/a/key/key/key.core/build/resources/main/de/uka/ilkd/key/proof/rules/activeUse.key:561:15
	at de.uka.ilkd.key.nparser.builder.AbstractBuilder.accept(AbstractBuilder.java:54)
Caused by: com.github.javaparser.resolution.UnsolvedSymbolException: Unsolved symbol in de.uka.ilkd.key.java.JavaParserFactory$DynamicTypeSolver@1c7f791e : java.lang.Object
	at com.github.javaparser.resolution.TypeSolver.solveType(TypeSolver.java:71)

36691      ERROR Test worker     d.u.i.k.n.b.AbstractBuilder  com.github.javaparser.resolution.UnsolvedSymbolException: Unsolved symbol in de.uka.ilkd.key.java.JavaParserFactory$DynamicTypeSolver@1c7f791e : java.lang.Object
	at com.github.javaparser.resolution.TypeSolver.solveType(TypeSolver.java:71)

36691      ERROR Test worker     d.u.i.k.n.b.TacletPBuilder Error in parsing taclet. de.uka.ilkd.key.util.parsing.BuildingException: Unsolved symbol in de.uka.ilkd.key.java.JavaParserFactory$DynamicTypeSolver@1c7f791e : java.lang.Object at file:/D:/a/key/key/key.core/build/resources/main/de/uka/ilkd/key/proof/rules/activeUse.key:574:15
	at de.uka.ilkd.key.nparser.builder.AbstractBuilder.accept(AbstractBuilder.java:54)
Caused by: com.github.javaparser.resolution.UnsolvedSymbolException: Unsolved symbol in de.uka.ilkd.key.java.JavaParserFactory$DynamicTypeSolver@1c7f791e : java.lang.Object
	at com.github.javaparser.resolution.TypeSolver.solveType(TypeSolver.java:71)

36707      ERROR Test worker     d.u.i.k.n.b.AbstractBuilder  com.github.javaparser.resolution.UnsolvedSymbolException: Unsolved symbol in de.uka.ilkd.key.java.JavaParserFactory$DynamicTypeSolver@1c7f791e : java.lang.Object
	at com.github.javaparser.resolution.TypeSolver.solveType(TypeSolver.java:71)

36707      ERROR Test worker     d.u.i.k.n.b.TacletPBuilder Error in parsing taclet. de.uka.ilkd.key.util.parsing.BuildingException: Unsolved symbol in de.uka.ilkd.key.java.JavaParserFactory$DynamicTypeSolver@1c7f791e : java.lang.Object at file:/D:/a/key/key/key.core/build/resources/main/de/uka/ilkd/key/proof/rules/activeUse.key:587:15
	at de.uka.ilkd.key.nparser.builder.AbstractBuilder.accept(AbstractBuilder.java:54)
Caused by: com.github.javaparser.resolution.UnsolvedSymbolException: Unsolved symbol in de.uka.ilkd.key.java.JavaParserFactory$DynamicTypeSolver@1c7f791e : java.lang.Object
	at com.github.javaparser.resolution.TypeSolver.solveType(TypeSolver.java:71)

36707      ERROR Test worker     d.u.i.k.n.b.AbstractBuilder  com.github.javaparser.resolution.UnsolvedSymbolException: Unsolved symbol in de.uka.ilkd.key.java.JavaParserFactory$DynamicTypeSolver@1c7f791e : java.lang.Object
	at com.github.javaparser.resolution.TypeSolver.solveType(TypeSolver.java:71)

36707      ERROR Test worker     d.u.i.k.n.b.TacletPBuilder Error in parsing taclet. de.uka.ilkd.key.util.parsing.BuildingException: Unsolved symbol in de.uka.ilkd.key.java.JavaParserFactory$DynamicTypeSolver@1c7f791e : java.lang.Object at file:/D:/a/key/key/key.core/build/resources/main/de/uka/ilkd/key/proof/rules/activeUse.key:600:15
	at de.uka.ilkd.key.nparser.builder.AbstractBuilder.accept(AbstractBuilder.java:54)
Caused by: com.github.javaparser.resolution.UnsolvedSymbolException: Unsolved symbol in de.uka.ilkd.key.java.JavaParserFactory$DynamicTypeSolver@1c7f791e : java.lang.Object
	at com.github.javaparser.resolution.TypeSolver.solveType(TypeSolver.java:71)

36707      ERROR Test worker     d.u.i.k.n.b.AbstractBuilder  com.github.javaparser.resolution.UnsolvedSymbolException: Unsolved symbol in de.uka.ilkd.key.java.JavaParserFactory$DynamicTypeSolver@1c7f791e : java.lang.Object
	at com.github.javaparser.resolution.TypeSolver.solveType(TypeSolver.java:71)

36707      ERROR Test worker     d.u.i.k.n.b.TacletPBuilder Error in parsing taclet. de.uka.ilkd.key.util.parsing.BuildingException: Unsolved symbol in de.uka.ilkd.key.java.JavaParserFactory$DynamicTypeSolver@1c7f791e : java.lang.Object at file:/D:/a/key/key/key.core/build/resources/main/de/uka/ilkd/key/proof/rules/activeUse.key:613:15
	at de.uka.ilkd.key.nparser.builder.AbstractBuilder.accept(AbstractBuilder.java:54)
Caused by: com.github.javaparser.resolution.UnsolvedSymbolException: Unsolved symbol in de.uka.ilkd.key.java.JavaParserFactory$DynamicTypeSolver@1c7f791e : java.lang.Object
	at com.github.javaparser.resolution.TypeSolver.solveType(TypeSolver.java:71)

36707      ERROR Test worker     d.u.i.k.n.b.AbstractBuilder  com.github.javaparser.resolution.UnsolvedSymbolException: Unsolved symbol in de.uka.ilkd.key.java.JavaParserFactory$DynamicTypeSolver@1c7f791e : java.lang.Object
	at com.github.javaparser.resolution.TypeSolver.solveType(TypeSolver.java:71)

36707      ERROR Test worker     d.u.i.k.n.b.TacletPBuilder Error in parsing taclet. de.uka.ilkd.key.util.parsing.BuildingException: Unsolved symbol in de.uka.ilkd.key.java.JavaParserFactory$DynamicTypeSolver@1c7f791e : java.lang.Object at file:/D:/a/key/key/key.core/build/resources/main/de/uka/ilkd/key/proof/rules/activeUse.key:626:15
	at de.uka.ilkd.key.nparser.builder.AbstractBuilder.accept(AbstractBuilder.java:54)
Caused by: com.github.javaparser.resolution.UnsolvedSymbolException: Unsolved symbol in de.uka.ilkd.key.java.JavaParserFactory$DynamicTypeSolver@1c7f791e : java.lang.Object
	at com.github.javaparser.resolution.TypeSolver.solveType(TypeSolver.java:71)

36707      ERROR Test worker     d.u.i.k.n.b.AbstractBuilder  com.github.javaparser.resolution.UnsolvedSymbolException: Unsolved symbol in de.uka.ilkd.key.java.JavaParserFactory$DynamicTypeSolver@1c7f791e : java.lang.Object
	at com.github.javaparser.resolution.TypeSolver.solveType(TypeSolver.java:71)

36707      ERROR Test worker     d.u.i.k.n.b.TacletPBuilder Error in parsing taclet. de.uka.ilkd.key.util.parsing.BuildingException: Unsolved symbol in de.uka.ilkd.key.java.JavaParserFactory$DynamicTypeSolver@1c7f791e : java.lang.Object at file:/D:/a/key/key/key.core/build/resources/main/de/uka/ilkd/key/proof/rules/activeUse.key:639:15
	at de.uka.ilkd.key.nparser.builder.AbstractBuilder.accept(AbstractBuilder.java:54)
Caused by: com.github.javaparser.resolution.UnsolvedSymbolException: Unsolved symbol in de.uka.ilkd.key.java.JavaParserFactory$DynamicTypeSolver@1c7f791e : java.lang.Object
	at com.github.javaparser.resolution.TypeSolver.solveType(TypeSolver.java:71)

36707      ERROR Test worker     d.u.i.k.n.b.AbstractBuilder  com.github.javaparser.resolution.UnsolvedSymbolException: Unsolved symbol in de.uka.ilkd.key.java.JavaParserFactory$DynamicTypeSolver@1c7f791e : java.lang.Object
	at com.github.javaparser.resolution.TypeSolver.solveType(TypeSolver.java:71)

36707      ERROR Test worker     d.u.i.k.n.b.TacletPBuilder Error in parsing taclet. de.uka.ilkd.key.util.parsing.BuildingException: Unsolved symbol in de.uka.ilkd.key.java.JavaParserFactory$DynamicTypeSolver@1c7f791e : java.lang.Object at file:/D:/a/key/key/key.core/build/resources/main/de/uka/ilkd/key/proof/rules/activeUse.key:652:15
	at de.uka.ilkd.key.nparser.builder.AbstractBuilder.accept(AbstractBuilder.java:54)
Caused by: com.github.javaparser.resolution.UnsolvedSymbolException: Unsolved symbol in de.uka.ilkd.key.java.JavaParserFactory$DynamicTypeSolver@1c7f791e : java.lang.Object
	at com.github.javaparser.resolution.TypeSolver.solveType(TypeSolver.java:71)

36707      ERROR Test worker     d.u.i.k.n.b.AbstractBuilder  com.github.javaparser.resolution.UnsolvedSymbolException: Unsolved symbol in de.uka.ilkd.key.java.JavaParserFactory$DynamicTypeSolver@1c7f791e : java.lang.Object
	at com.github.javaparser.resolution.TypeSolver.solveType(TypeSolver.java:71)

36707      ERROR Test worker     d.u.i.k.n.b.TacletPBuilder Error in parsing taclet. de.uka.ilkd.key.util.parsing.BuildingException: Unsolved symbol in de.uka.ilkd.key.java.JavaParserFactory$DynamicTypeSolver@1c7f791e : java.lang.Object at file:/D:/a/key/key/key.core/build/resources/main/de/uka/ilkd/key/proof/rules/activeUse.key:665:15
	at de.uka.ilkd.key.nparser.builder.AbstractBuilder.accept(AbstractBuilder.java:54)
Caused by: com.github.javaparser.resolution.UnsolvedSymbolException: Unsolved symbol in de.uka.ilkd.key.java.JavaParserFactory$DynamicTypeSolver@1c7f791e : java.lang.Object
	at com.github.javaparser.resolution.TypeSolver.solveType(TypeSolver.java:71)

36723      ERROR Test worker     d.u.i.k.n.b.AbstractBuilder  com.github.javaparser.resolution.UnsolvedSymbolException: Unsolved symbol in de.uka.ilkd.key.java.JavaParserFactory$DynamicTypeSolver@1c7f791e : java.lang.Object
	at com.github.javaparser.resolution.TypeSolver.solveType(TypeSolver.java:71)

36723      ERROR Test worker     d.u.i.k.n.b.TacletPBuilder Error in parsing taclet. de.uka.ilkd.key.util.parsing.BuildingException: Unsolved symbol in de.uka.ilkd.key.java.JavaParserFactory$DynamicTypeSolver@1c7f791e : java.lang.Object at file:/D:/a/key/key/key.core/build/resources/main/de/uka/ilkd/key/proof/rules/activeUse.key:678:15
	at de.uka.ilkd.key.nparser.builder.AbstractBuilder.accept(AbstractBuilder.java:54)
Caused by: com.github.javaparser.resolution.UnsolvedSymbolException: Unsolved symbol in de.uka.ilkd.key.java.JavaParserFactory$DynamicTypeSolver@1c7f791e : java.lang.Object
	at com.github.javaparser.resolution.TypeSolver.solveType(TypeSolver.java:71)

36723      ERROR Test worker     d.u.i.k.n.b.AbstractBuilder  com.github.javaparser.resolution.UnsolvedSymbolException: Unsolved symbol in de.uka.ilkd.key.java.JavaParserFactory$DynamicTypeSolver@1c7f791e : java.lang.Object
	at com.github.javaparser.resolution.TypeSolver.solveType(TypeSolver.java:71)

36723      ERROR Test worker     d.u.i.k.n.b.TacletPBuilder Error in parsing taclet. de.uka.ilkd.key.util.parsing.BuildingException: Unsolved symbol in de.uka.ilkd.key.java.JavaParserFactory$DynamicTypeSolver@1c7f791e : java.lang.Object at file:/D:/a/key/key/key.core/build/resources/main/de/uka/ilkd/key/proof/rules/instanceAllocation.key:59:15
	at de.uka.ilkd.key.nparser.builder.AbstractBuilder.accept(AbstractBuilder.java:54)
Caused by: com.github.javaparser.resolution.UnsolvedSymbolException: Unsolved symbol in de.uka.ilkd.key.java.JavaParserFactory$DynamicTypeSolver@1c7f791e : java.lang.Object
	at com.github.javaparser.resolution.TypeSolver.solveType(TypeSolver.java:71)

36723      ERROR Test worker     d.u.i.k.n.b.AbstractBuilder  com.github.javaparser.resolution.UnsolvedSymbolException: Unsolved symbol in de.uka.ilkd.key.java.JavaParserFactory$DynamicTypeSolver@1c7f791e : java.lang.Object
	at com.github.javaparser.resolution.TypeSolver.solveType(TypeSolver.java:71)

36723      ERROR Test worker     d.u.i.k.n.b.TacletPBuilder Error in parsing taclet. de.uka.ilkd.key.util.parsing.BuildingException: Unsolved symbol in de.uka.ilkd.key.java.JavaParserFactory$DynamicTypeSolver@1c7f791e : java.lang.Object at file:/D:/a/key/key/key.core/build/resources/main/de/uka/ilkd/key/proof/rules/instanceAllocation.key:65:15
	at de.uka.ilkd.key.nparser.builder.AbstractBuilder.accept(AbstractBuilder.java:54)
Caused by: com.github.javaparser.resolution.UnsolvedSymbolException: Unsolved symbol in de.uka.ilkd.key.java.JavaParserFactory$DynamicTypeSolver@1c7f791e : java.lang.Object
	at com.github.javaparser.resolution.TypeSolver.solveType(TypeSolver.java:71)

36723      ERROR Test worker     d.u.i.k.n.b.AbstractBuilder  com.github.javaparser.resolution.UnsolvedSymbolException: Unsolved symbol in de.uka.ilkd.key.java.JavaParserFactory$DynamicTypeSolver@1c7f791e : java.lang.Object
	at com.github.javaparser.resolution.TypeSolver.solveType(TypeSolver.java:71)

36723      ERROR Test worker     d.u.i.k.n.b.TacletPBuilder Error in parsing taclet. de.uka.ilkd.key.util.parsing.BuildingException: Unsolved symbol in de.uka.ilkd.key.java.JavaParserFactory$DynamicTypeSolver@1c7f791e : java.lang.Object at file:/D:/a/key/key/key.core/build/resources/main/de/uka/ilkd/key/proof/rules/instanceAllocation.key:71:15
	at de.uka.ilkd.key.nparser.builder.AbstractBuilder.accept(AbstractBuilder.java:54)
Caused by: com.github.javaparser.resolution.UnsolvedSymbolException: Unsolved symbol in de.uka.ilkd.key.java.JavaParserFactory$DynamicTypeSolver@1c7f791e : java.lang.Object
	at com.github.javaparser.resolution.TypeSolver.solveType(TypeSolver.java:71)

36738      ERROR Test worker     d.u.i.k.n.b.AbstractBuilder  com.github.javaparser.resolution.UnsolvedSymbolException: Unsolved symbol in de.uka.ilkd.key.java.JavaParserFactory$DynamicTypeSolver@1c7f791e : java.lang.Object
	at com.github.javaparser.resolution.TypeSolver.solveType(TypeSolver.java:71)

36738      ERROR Test worker     d.u.i.k.n.b.TacletPBuilder Error in parsing taclet. de.uka.ilkd.key.util.parsing.BuildingException: Unsolved symbol in de.uka.ilkd.key.java.JavaParserFactory$DynamicTypeSolver@1c7f791e : java.lang.Object at file:/D:/a/key/key/key.core/build/resources/main/de/uka/ilkd/key/proof/rules/instanceAllocation.key:81:15
	at de.uka.ilkd.key.nparser.builder.AbstractBuilder.accept(AbstractBuilder.java:54)
Caused by: com.github.javaparser.resolution.UnsolvedSymbolException: Unsolved symbol in de.uka.ilkd.key.java.JavaParserFactory$DynamicTypeSolver@1c7f791e : java.lang.Object
	at com.github.javaparser.resolution.TypeSolver.solveType(TypeSolver.java:71)

36738      ERROR Test worker     d.u.i.k.n.b.AbstractBuilder  com.github.javaparser.resolution.UnsolvedSymbolException: Unsolved symbol in de.uka.ilkd.key.java.JavaParserFactory$DynamicTypeSolver@1c7f791e : java.lang.Object
	at com.github.javaparser.resolution.TypeSolver.solveType(TypeSolver.java:71)

36738      ERROR Test worker     d.u.i.k.n.b.TacletPBuilder Error in parsing taclet. de.uka.ilkd.key.util.parsing.BuildingException: Unsolved symbol in de.uka.ilkd.key.java.JavaParserFactory$DynamicTypeSolver@1c7f791e : java.lang.Object at file:/D:/a/key/key/key.core/build/resources/main/de/uka/ilkd/key/proof/rules/instanceAllocation.key:95:20
	at de.uka.ilkd.key.nparser.builder.AbstractBuilder.accept(AbstractBuilder.java:54)
Caused by: com.github.javaparser.resolution.UnsolvedSymbolException: Unsolved symbol in de.uka.ilkd.key.java.JavaParserFactory$DynamicTypeSolver@1c7f791e : java.lang.Object
	at com.github.javaparser.resolution.TypeSolver.solveType(TypeSolver.java:71)

36738      ERROR Test worker     d.u.i.k.n.b.AbstractBuilder  com.github.javaparser.resolution.UnsolvedSymbolException: Unsolved symbol in de.uka.ilkd.key.java.JavaParserFactory$DynamicTypeSolver@1c7f791e : java.lang.Object
	at com.github.javaparser.resolution.TypeSolver.solveType(TypeSolver.java:71)

36738      ERROR Test worker     d.u.i.k.n.b.TacletPBuilder Error in parsing taclet. de.uka.ilkd.key.util.parsing.BuildingException: Unsolved symbol in de.uka.ilkd.key.java.JavaParserFactory$DynamicTypeSolver@1c7f791e : java.lang.Object at file:/D:/a/key/key/key.core/build/resources/main/de/uka/ilkd/key/proof/rules/instanceAllocation.key:112:20
	at de.uka.ilkd.key.nparser.builder.AbstractBuilder.accept(AbstractBuilder.java:54)
Caused by: com.github.javaparser.resolution.UnsolvedSymbolException: Unsolved symbol in de.uka.ilkd.key.java.JavaParserFactory$DynamicTypeSolver@1c7f791e : java.lang.Object
	at com.github.javaparser.resolution.TypeSolver.solveType(TypeSolver.java:71)

36738      ERROR Test worker     d.u.i.k.n.b.AbstractBuilder  com.github.javaparser.resolution.UnsolvedSymbolException: Unsolved symbol in de.uka.ilkd.key.java.JavaParserFactory$DynamicTypeSolver@1c7f791e : java.lang.Object
	at com.github.javaparser.resolution.TypeSolver.solveType(TypeSolver.java:71)

36738      ERROR Test worker     d.u.i.k.n.b.TacletPBuilder Error in parsing taclet. de.uka.ilkd.key.util.parsing.BuildingException: Unsolved symbol in de.uka.ilkd.key.java.JavaParserFactory$DynamicTypeSolver@1c7f791e : java.lang.Object at file:/D:/a/key/key/key.core/build/resources/main/de/uka/ilkd/key/proof/rules/instanceAllocation.key:135:20
	at de.uka.ilkd.key.nparser.builder.AbstractBuilder.accept(AbstractBuilder.java:54)
Caused by: com.github.javaparser.resolution.UnsolvedSymbolException: Unsolved symbol in de.uka.ilkd.key.java.JavaParserFactory$DynamicTypeSolver@1c7f791e : java.lang.Object
	at com.github.javaparser.resolution.TypeSolver.solveType(TypeSolver.java:71)

36738      ERROR Test worker     d.u.i.k.n.b.AbstractBuilder  com.github.javaparser.resolution.UnsolvedSymbolException: Unsolved symbol in de.uka.ilkd.key.java.JavaParserFactory$DynamicTypeSolver@1c7f791e : java.lang.Object
	at com.github.javaparser.resolution.TypeSolver.solveType(TypeSolver.java:71)

36738      ERROR Test worker     d.u.i.k.n.b.TacletPBuilder Error in parsing taclet. de.uka.ilkd.key.util.parsing.BuildingException: Unsolved symbol in de.uka.ilkd.key.java.JavaParserFactory$DynamicTypeSolver@1c7f791e : java.lang.Object at file:/D:/a/key/key/key.core/build/resources/main/de/uka/ilkd/key/proof/rules/instanceAllocation.key:147:20
	at de.uka.ilkd.key.nparser.builder.AbstractBuilder.accept(AbstractBuilder.java:54)
Caused by: com.github.javaparser.resolution.UnsolvedSymbolException: Unsolved symbol in de.uka.ilkd.key.java.JavaParserFactory$DynamicTypeSolver@1c7f791e : java.lang.Object
	at com.github.javaparser.resolution.TypeSolver.solveType(TypeSolver.java:71)

36738      ERROR Test worker     d.u.i.k.n.b.AbstractBuilder  com.github.javaparser.resolution.UnsolvedSymbolException: Unsolved symbol in de.uka.ilkd.key.java.JavaParserFactory$DynamicTypeSolver@1c7f791e : java.lang.Object
	at com.github.javaparser.resolution.TypeSolver.solveType(TypeSolver.java:71)

36738      ERROR Test worker     d.u.i.k.n.b.TacletPBuilder Error in parsing taclet. de.uka.ilkd.key.util.parsing.BuildingException: Unsolved symbol in de.uka.ilkd.key.java.JavaParserFactory$DynamicTypeSolver@1c7f791e : java.lang.Object at file:/D:/a/key/key/key.core/build/resources/main/de/uka/ilkd/key/proof/rules/instanceAllocation.key:168:15
	at de.uka.ilkd.key.nparser.builder.AbstractBuilder.accept(AbstractBuilder.java:54)
Caused by: com.github.javaparser.resolution.UnsolvedSymbolException: Unsolved symbol in de.uka.ilkd.key.java.JavaParserFactory$DynamicTypeSolver@1c7f791e : java.lang.Object
	at com.github.javaparser.resolution.TypeSolver.solveType(TypeSolver.java:71)

36738      ERROR Test worker     d.u.i.k.n.b.AbstractBuilder  com.github.javaparser.resolution.UnsolvedSymbolException: Unsolved symbol in de.uka.ilkd.key.java.JavaParserFactory$DynamicTypeSolver@1c7f791e : java.lang.Object
	at com.github.javaparser.resolution.TypeSolver.solveType(TypeSolver.java:71)

36738      ERROR Test worker     d.u.i.k.n.b.TacletPBuilder Error in parsing taclet. de.uka.ilkd.key.util.parsing.BuildingException: Unsolved symbol in de.uka.ilkd.key.java.JavaParserFactory$DynamicTypeSolver@1c7f791e : java.lang.Object at file:/D:/a/key/key/key.core/build/resources/main/de/uka/ilkd/key/proof/rules/instanceAllocation.key:180:15
	at de.uka.ilkd.key.nparser.builder.AbstractBuilder.accept(AbstractBuilder.java:54)
Caused by: com.github.javaparser.resolution.UnsolvedSymbolException: Unsolved symbol in de.uka.ilkd.key.java.JavaParserFactory$DynamicTypeSolver@1c7f791e : java.lang.Object
	at com.github.javaparser.resolution.TypeSolver.solveType(TypeSolver.java:71)

36738      ERROR Test worker     d.u.i.k.n.b.AbstractBuilder  com.github.javaparser.resolution.UnsolvedSymbolException: Unsolved symbol in de.uka.ilkd.key.java.JavaParserFactory$DynamicTypeSolver@1c7f791e : java.lang.Object
	at com.github.javaparser.resolution.TypeSolver.solveType(TypeSolver.java:71)

36738      ERROR Test worker     d.u.i.k.n.b.TacletPBuilder Error in parsing taclet. de.uka.ilkd.key.util.parsing.BuildingException: Unsolved symbol in de.uka.ilkd.key.java.JavaParserFactory$DynamicTypeSolver@1c7f791e : java.lang.Object at file:/D:/a/key/key/key.core/build/resources/main/de/uka/ilkd/key/proof/rules/instanceAllocation.key:190:15
	at de.uka.ilkd.key.nparser.builder.AbstractBuilder.accept(AbstractBuilder.java:54)
Caused by: com.github.javaparser.resolution.UnsolvedSymbolException: Unsolved symbol in de.uka.ilkd.key.java.JavaParserFactory$DynamicTypeSolver@1c7f791e : java.lang.Object
	at com.github.javaparser.resolution.TypeSolver.solveType(TypeSolver.java:71)

36754      ERROR Test worker     d.u.i.k.n.b.AbstractBuilder  com.github.javaparser.resolution.UnsolvedSymbolException: Unsolved symbol in de.uka.ilkd.key.java.JavaParserFactory$DynamicTypeSolver@1c7f791e : java.lang.Object
	at com.github.javaparser.resolution.TypeSolver.solveType(TypeSolver.java:71)

36754      ERROR Test worker     d.u.i.k.n.b.TacletPBuilder Error in parsing taclet. de.uka.ilkd.key.util.parsing.BuildingException: Unsolved symbol in de.uka.ilkd.key.java.JavaParserFactory$DynamicTypeSolver@1c7f791e : java.lang.Object at file:/D:/a/key/key/key.core/build/resources/main/de/uka/ilkd/key/proof/rules/java5.key:49:15
	at de.uka.ilkd.key.nparser.builder.AbstractBuilder.accept(AbstractBuilder.java:54)
Caused by: com.github.javaparser.resolution.UnsolvedSymbolException: Unsolved symbol in de.uka.ilkd.key.java.JavaParserFactory$DynamicTypeSolver@1c7f791e : java.lang.Object
	at com.github.javaparser.resolution.TypeSolver.solveType(TypeSolver.java:71)

36754      ERROR Test worker     d.u.i.k.n.b.AbstractBuilder  com.github.javaparser.resolution.UnsolvedSymbolException: Unsolved symbol in de.uka.ilkd.key.java.JavaParserFactory$DynamicTypeSolver@1c7f791e : java.lang.Object
	at com.github.javaparser.resolution.TypeSolver.solveType(TypeSolver.java:71)

36754      ERROR Test worker     d.u.i.k.n.b.TacletPBuilder Error in parsing taclet. de.uka.ilkd.key.util.parsing.BuildingException: Unsolved symbol in de.uka.ilkd.key.java.JavaParserFactory$DynamicTypeSolver@1c7f791e : java.lang.Object at file:/D:/a/key/key/key.core/build/resources/main/de/uka/ilkd/key/proof/rules/integerAssignment2UpdateRules.key:38:15
	at de.uka.ilkd.key.nparser.builder.AbstractBuilder.accept(AbstractBuilder.java:54)
Caused by: com.github.javaparser.resolution.UnsolvedSymbolException: Unsolved symbol in de.uka.ilkd.key.java.JavaParserFactory$DynamicTypeSolver@1c7f791e : java.lang.Object
	at com.github.javaparser.resolution.TypeSolver.solveType(TypeSolver.java:71)

36754      ERROR Test worker     d.u.i.k.n.b.AbstractBuilder  com.github.javaparser.resolution.UnsolvedSymbolException: Unsolved symbol in de.uka.ilkd.key.java.JavaParserFactory$DynamicTypeSolver@1c7f791e : java.lang.Object
	at com.github.javaparser.resolution.TypeSolver.solveType(TypeSolver.java:71)

36754      ERROR Test worker     d.u.i.k.n.b.TacletPBuilder Error in parsing taclet. de.uka.ilkd.key.util.parsing.BuildingException: Unsolved symbol in de.uka.ilkd.key.java.JavaParserFactory$DynamicTypeSolver@1c7f791e : java.lang.Object at file:/D:/a/key/key/key.core/build/resources/main/de/uka/ilkd/key/proof/rules/integerAssignment2UpdateRules.key:52:15
	at de.uka.ilkd.key.nparser.builder.AbstractBuilder.accept(AbstractBuilder.java:54)
Caused by: com.github.javaparser.resolution.UnsolvedSymbolException: Unsolved symbol in de.uka.ilkd.key.java.JavaParserFactory$DynamicTypeSolver@1c7f791e : java.lang.Object
	at com.github.javaparser.resolution.TypeSolver.solveType(TypeSolver.java:71)

36769      ERROR Test worker     d.u.i.k.n.b.AbstractBuilder  com.github.javaparser.resolution.UnsolvedSymbolException: Unsolved symbol in de.uka.ilkd.key.java.JavaParserFactory$DynamicTypeSolver@1c7f791e : java.lang.Object
	at com.github.javaparser.resolution.TypeSolver.solveType(TypeSolver.java:71)

36769      ERROR Test worker     d.u.i.k.n.b.TacletPBuilder Error in parsing taclet. de.uka.ilkd.key.util.parsing.BuildingException: Unsolved symbol in de.uka.ilkd.key.java.JavaParserFactory$DynamicTypeSolver@1c7f791e : java.lang.Object at file:/D:/a/key/key/key.core/build/resources/main/de/uka/ilkd/key/proof/rules/integerAssignment2UpdateRules.key:66:15
	at de.uka.ilkd.key.nparser.builder.AbstractBuilder.accept(AbstractBuilder.java:54)
Caused by: com.github.javaparser.resolution.UnsolvedSymbolException: Unsolved symbol in de.uka.ilkd.key.java.JavaParserFactory$DynamicTypeSolver@1c7f791e : java.lang.Object
	at com.github.javaparser.resolution.TypeSolver.solveType(TypeSolver.java:71)

36769      ERROR Test worker     d.u.i.k.n.b.AbstractBuilder  com.github.javaparser.resolution.UnsolvedSymbolException: Unsolved symbol in de.uka.ilkd.key.java.JavaParserFactory$DynamicTypeSolver@1c7f791e : java.lang.Object
	at com.github.javaparser.resolution.TypeSolver.solveType(TypeSolver.java:71)

36769      ERROR Test worker     d.u.i.k.n.b.TacletPBuilder Error in parsing taclet. de.uka.ilkd.key.util.parsing.BuildingException: Unsolved symbol in de.uka.ilkd.key.java.JavaParserFactory$DynamicTypeSolver@1c7f791e : java.lang.Object at file:/D:/a/key/key/key.core/build/resources/main/de/uka/ilkd/key/proof/rules/integerAssignment2UpdateRules.key:80:15
	at de.uka.ilkd.key.nparser.builder.AbstractBuilder.accept(AbstractBuilder.java:54)
Caused by: com.github.javaparser.resolution.UnsolvedSymbolException: Unsolved symbol in de.uka.ilkd.key.java.JavaParserFactory$DynamicTypeSolver@1c7f791e : java.lang.Object
	at com.github.javaparser.resolution.TypeSolver.solveType(TypeSolver.java:71)

36769      ERROR Test worker     d.u.i.k.n.b.AbstractBuilder  com.github.javaparser.resolution.UnsolvedSymbolException: Unsolved symbol in de.uka.ilkd.key.java.JavaParserFactory$DynamicTypeSolver@1c7f791e : java.lang.Object
	at com.github.javaparser.resolution.TypeSolver.solveType(TypeSolver.java:71)

36769      ERROR Test worker     d.u.i.k.n.b.TacletPBuilder Error in parsing taclet. de.uka.ilkd.key.util.parsing.BuildingException: Unsolved symbol in de.uka.ilkd.key.java.JavaParserFactory$DynamicTypeSolver@1c7f791e : java.lang.Object at file:/D:/a/key/key/key.core/build/resources/main/de/uka/ilkd/key/proof/rules/integerAssignment2UpdateRules.key:100:20
	at de.uka.ilkd.key.nparser.builder.AbstractBuilder.accept(AbstractBuilder.java:54)
Caused by: com.github.javaparser.resolution.UnsolvedSymbolException: Unsolved symbol in de.uka.ilkd.key.java.JavaParserFactory$DynamicTypeSolver@1c7f791e : java.lang.Object
	at com.github.javaparser.resolution.TypeSolver.solveType(TypeSolver.java:71)

36769      ERROR Test worker     d.u.i.k.n.b.AbstractBuilder  com.github.javaparser.resolution.UnsolvedSymbolException: Unsolved symbol in de.uka.ilkd.key.java.JavaParserFactory$DynamicTypeSolver@1c7f791e : java.lang.Object
	at com.github.javaparser.resolution.TypeSolver.solveType(TypeSolver.java:71)

36769      ERROR Test worker     d.u.i.k.n.b.TacletPBuilder Error in parsing taclet. de.uka.ilkd.key.util.parsing.BuildingException: Unsolved symbol in de.uka.ilkd.key.java.JavaParserFactory$DynamicTypeSolver@1c7f791e : java.lang.Object at file:/D:/a/key/key/key.core/build/resources/main/de/uka/ilkd/key/proof/rules/integerAssignment2UpdateRules.key:112:20
	at de.uka.ilkd.key.nparser.builder.AbstractBuilder.accept(AbstractBuilder.java:54)
Caused by: com.github.javaparser.resolution.UnsolvedSymbolException: Unsolved symbol in de.uka.ilkd.key.java.JavaParserFactory$DynamicTypeSolver@1c7f791e : java.lang.Object
	at com.github.javaparser.resolution.TypeSolver.solveType(TypeSolver.java:71)

36769      ERROR Test worker     d.u.i.k.n.b.AbstractBuilder  com.github.javaparser.resolution.UnsolvedSymbolException: Unsolved symbol in de.uka.ilkd.key.java.JavaParserFactory$DynamicTypeSolver@1c7f791e : java.lang.Object
	at com.github.javaparser.resolution.TypeSolver.solveType(TypeSolver.java:71)

36769      ERROR Test worker     d.u.i.k.n.b.TacletPBuilder Error in parsing taclet. de.uka.ilkd.key.util.parsing.BuildingException: Unsolved symbol in de.uka.ilkd.key.java.JavaParserFactory$DynamicTypeSolver@1c7f791e : java.lang.Object at file:/D:/a/key/key/key.core/build/resources/main/de/uka/ilkd/key/proof/rules/integerAssignment2UpdateRules.key:124:20
	at de.uka.ilkd.key.nparser.builder.AbstractBuilder.accept(AbstractBuilder.java:54)
Caused by: com.github.javaparser.resolution.UnsolvedSymbolException: Unsolved symbol in de.uka.ilkd.key.java.JavaParserFactory$DynamicTypeSolver@1c7f791e : java.lang.Object
	at com.github.javaparser.resolution.TypeSolver.solveType(TypeSolver.java:71)

36785      ERROR Test worker     d.u.i.k.n.b.AbstractBuilder  com.github.javaparser.resolution.UnsolvedSymbolException: Unsolved symbol in de.uka.ilkd.key.java.JavaParserFactory$DynamicTypeSolver@1c7f791e : java.lang.Object
	at com.github.javaparser.resolution.TypeSolver.solveType(TypeSolver.java:71)

36785      ERROR Test worker     d.u.i.k.n.b.TacletPBuilder Error in parsing taclet. de.uka.ilkd.key.util.parsing.BuildingException: Unsolved symbol in de.uka.ilkd.key.java.JavaParserFactory$DynamicTypeSolver@1c7f791e : java.lang.Object at file:/D:/a/key/key/key.core/build/resources/main/de/uka/ilkd/key/proof/rules/integerAssignment2UpdateRules.key:140:20
	at de.uka.ilkd.key.nparser.builder.AbstractBuilder.accept(AbstractBuilder.java:54)
Caused by: com.github.javaparser.resolution.UnsolvedSymbolException: Unsolved symbol in de.uka.ilkd.key.java.JavaParserFactory$DynamicTypeSolver@1c7f791e : java.lang.Object
	at com.github.javaparser.resolution.TypeSolver.solveType(TypeSolver.java:71)

36785      ERROR Test worker     d.u.i.k.n.b.AbstractBuilder  com.github.javaparser.resolution.UnsolvedSymbolException: Unsolved symbol in de.uka.ilkd.key.java.JavaParserFactory$DynamicTypeSolver@1c7f791e : java.lang.Object
	at com.github.javaparser.resolution.TypeSolver.solveType(TypeSolver.java:71)

36785      ERROR Test worker     d.u.i.k.n.b.TacletPBuilder Error in parsing taclet. de.uka.ilkd.key.util.parsing.BuildingException: Unsolved symbol in de.uka.ilkd.key.java.JavaParserFactory$DynamicTypeSolver@1c7f791e : java.lang.Object at file:/D:/a/key/key/key.core/build/resources/main/de/uka/ilkd/key/proof/rules/integerAssignment2UpdateRules.key:157:15
	at de.uka.ilkd.key.nparser.builder.AbstractBuilder.accept(AbstractBuilder.java:54)
Caused by: com.github.javaparser.resolution.UnsolvedSymbolException: Unsolved symbol in de.uka.ilkd.key.java.JavaParserFactory$DynamicTypeSolver@1c7f791e : java.lang.Object
	at com.github.javaparser.resolution.TypeSolver.solveType(TypeSolver.java:71)

36785      ERROR Test worker     d.u.i.k.n.b.AbstractBuilder  com.github.javaparser.resolution.UnsolvedSymbolException: Unsolved symbol in de.uka.ilkd.key.java.JavaParserFactory$DynamicTypeSolver@1c7f791e : java.lang.Object
	at com.github.javaparser.resolution.TypeSolver.solveType(TypeSolver.java:71)

36785      ERROR Test worker     d.u.i.k.n.b.TacletPBuilder Error in parsing taclet. de.uka.ilkd.key.util.parsing.BuildingException: Unsolved symbol in de.uka.ilkd.key.java.JavaParserFactory$DynamicTypeSolver@1c7f791e : java.lang.Object at file:/D:/a/key/key/key.core/build/resources/main/de/uka/ilkd/key/proof/rules/integerAssignment2UpdateRules.key:168:15
	at de.uka.ilkd.key.nparser.builder.AbstractBuilder.accept(AbstractBuilder.java:54)
Caused by: com.github.javaparser.resolution.UnsolvedSymbolException: Unsolved symbol in de.uka.ilkd.key.java.JavaParserFactory$DynamicTypeSolver@1c7f791e : java.lang.Object
	at com.github.javaparser.resolution.TypeSolver.solveType(TypeSolver.java:71)

36785      ERROR Test worker     d.u.i.k.n.b.AbstractBuilder  com.github.javaparser.resolution.UnsolvedSymbolException: Unsolved symbol in de.uka.ilkd.key.java.JavaParserFactory$DynamicTypeSolver@1c7f791e : java.lang.Object
	at com.github.javaparser.resolution.TypeSolver.solveType(TypeSolver.java:71)

36785      ERROR Test worker     d.u.i.k.n.b.TacletPBuilder Error in parsing taclet. de.uka.ilkd.key.util.parsing.BuildingException: Unsolved symbol in de.uka.ilkd.key.java.JavaParserFactory$DynamicTypeSolver@1c7f791e : java.lang.Object at file:/D:/a/key/key/key.core/build/resources/main/de/uka/ilkd/key/proof/rules/integerAssignment2UpdateRules.key:179:15
	at de.uka.ilkd.key.nparser.builder.AbstractBuilder.accept(AbstractBuilder.java:54)
Caused by: com.github.javaparser.resolution.UnsolvedSymbolException: Unsolved symbol in de.uka.ilkd.key.java.JavaParserFactory$DynamicTypeSolver@1c7f791e : java.lang.Object
	at com.github.javaparser.resolution.TypeSolver.solveType(TypeSolver.java:71)

36785      ERROR Test worker     d.u.i.k.n.b.AbstractBuilder  com.github.javaparser.resolution.UnsolvedSymbolException: Unsolved symbol in de.uka.ilkd.key.java.JavaParserFactory$DynamicTypeSolver@1c7f791e : java.lang.Object
	at com.github.javaparser.resolution.TypeSolver.solveType(TypeSolver.java:71)

36785      ERROR Test worker     d.u.i.k.n.b.TacletPBuilder Error in parsing taclet. de.uka.ilkd.key.util.parsing.BuildingException: Unsolved symbol in de.uka.ilkd.key.java.JavaParserFactory$DynamicTypeSolver@1c7f791e : java.lang.Object at file:/D:/a/key/key/key.core/build/resources/main/de/uka/ilkd/key/proof/rules/integerAssignment2UpdateRules.key:194:15
	at de.uka.ilkd.key.nparser.builder.AbstractBuilder.accept(AbstractBuilder.java:54)
Caused by: com.github.javaparser.resolution.UnsolvedSymbolException: Unsolved symbol in de.uka.ilkd.key.java.JavaParserFactory$DynamicTypeSolver@1c7f791e : java.lang.Object
	at com.github.javaparser.resolution.TypeSolver.solveType(TypeSolver.java:71)

36785      ERROR Test worker     d.u.i.k.n.b.AbstractBuilder  com.github.javaparser.resolution.UnsolvedSymbolException: Unsolved symbol in de.uka.ilkd.key.java.JavaParserFactory$DynamicTypeSolver@1c7f791e : java.lang.Object
	at com.github.javaparser.resolution.TypeSolver.solveType(TypeSolver.java:71)

36785      ERROR Test worker     d.u.i.k.n.b.TacletPBuilder Error in parsing taclet. de.uka.ilkd.key.util.parsing.BuildingException: Unsolved symbol in de.uka.ilkd.key.java.JavaParserFactory$DynamicTypeSolver@1c7f791e : java.lang.Object at file:/D:/a/key/key/key.core/build/resources/main/de/uka/ilkd/key/proof/rules/integerAssignment2UpdateRules.key:210:15
	at de.uka.ilkd.key.nparser.builder.AbstractBuilder.accept(AbstractBuilder.java:54)
Caused by: com.github.javaparser.resolution.UnsolvedSymbolException: Unsolved symbol in de.uka.ilkd.key.java.JavaParserFactory$DynamicTypeSolver@1c7f791e : java.lang.Object
	at com.github.javaparser.resolution.TypeSolver.solveType(TypeSolver.java:71)

36785      ERROR Test worker     d.u.i.k.n.b.AbstractBuilder  com.github.javaparser.resolution.UnsolvedSymbolException: Unsolved symbol in de.uka.ilkd.key.java.JavaParserFactory$DynamicTypeSolver@1c7f791e : java.lang.Object
	at com.github.javaparser.resolution.TypeSolver.solveType(TypeSolver.java:71)

36785      ERROR Test worker     d.u.i.k.n.b.TacletPBuilder Error in parsing taclet. de.uka.ilkd.key.util.parsing.BuildingException: Unsolved symbol in de.uka.ilkd.key.java.JavaParserFactory$DynamicTypeSolver@1c7f791e : java.lang.Object at file:/D:/a/key/key/key.core/build/resources/main/de/uka/ilkd/key/proof/rules/integerAssignment2UpdateRules.key:224:15
	at de.uka.ilkd.key.nparser.builder.AbstractBuilder.accept(AbstractBuilder.java:54)
Caused by: com.github.javaparser.resolution.UnsolvedSymbolException: Unsolved symbol in de.uka.ilkd.key.java.JavaParserFactory$DynamicTypeSolver@1c7f791e : java.lang.Object
	at com.github.javaparser.resolution.TypeSolver.solveType(TypeSolver.java:71)

36801      ERROR Test worker     d.u.i.k.n.b.AbstractBuilder  com.github.javaparser.resolution.UnsolvedSymbolException: Unsolved symbol in de.uka.ilkd.key.java.JavaParserFactory$DynamicTypeSolver@1c7f791e : java.lang.Object
	at com.github.javaparser.resolution.TypeSolver.solveType(TypeSolver.java:71)

36801      ERROR Test worker     d.u.i.k.n.b.TacletPBuilder Error in parsing taclet. de.uka.ilkd.key.util.parsing.BuildingException: Unsolved symbol in de.uka.ilkd.key.java.JavaParserFactory$DynamicTypeSolver@1c7f791e : java.lang.Object at file:/D:/a/key/key/key.core/build/resources/main/de/uka/ilkd/key/proof/rules/integerAssignment2UpdateRules.key:238:15
	at de.uka.ilkd.key.nparser.builder.AbstractBuilder.accept(AbstractBuilder.java:54)
Caused by: com.github.javaparser.resolution.UnsolvedSymbolException: Unsolved symbol in de.uka.ilkd.key.java.JavaParserFactory$DynamicTypeSolver@1c7f791e : java.lang.Object
	at com.github.javaparser.resolution.TypeSolver.solveType(TypeSolver.java:71)

36801      ERROR Test worker     d.u.i.k.n.b.AbstractBuilder  com.github.javaparser.resolution.UnsolvedSymbolException: Unsolved symbol in de.uka.ilkd.key.java.JavaParserFactory$DynamicTypeSolver@1c7f791e : java.lang.Object
	at com.github.javaparser.resolution.TypeSolver.solveType(TypeSolver.java:71)

36801      ERROR Test worker     d.u.i.k.n.b.TacletPBuilder Error in parsing taclet. de.uka.ilkd.key.util.parsing.BuildingException: Unsolved symbol in de.uka.ilkd.key.java.JavaParserFactory$DynamicTypeSolver@1c7f791e : java.lang.Object at file:/D:/a/key/key/key.core/build/resources/main/de/uka/ilkd/key/proof/rules/integerAssignment2UpdateRules.key:256:15
	at de.uka.ilkd.key.nparser.builder.AbstractBuilder.accept(AbstractBuilder.java:54)
Caused by: com.github.javaparser.resolution.UnsolvedSymbolException: Unsolved symbol in de.uka.ilkd.key.java.JavaParserFactory$DynamicTypeSolver@1c7f791e : java.lang.Object
	at com.github.javaparser.resolution.TypeSolver.solveType(TypeSolver.java:71)

36801      ERROR Test worker     d.u.i.k.n.b.AbstractBuilder  com.github.javaparser.resolution.UnsolvedSymbolException: Unsolved symbol in de.uka.ilkd.key.java.JavaParserFactory$DynamicTypeSolver@1c7f791e : java.lang.Object
	at com.github.javaparser.resolution.TypeSolver.solveType(TypeSolver.java:71)

36801      ERROR Test worker     d.u.i.k.n.b.TacletPBuilder Error in parsing taclet. de.uka.ilkd.key.util.parsing.BuildingException: Unsolved symbol in de.uka.ilkd.key.java.JavaParserFactory$DynamicTypeSolver@1c7f791e : java.lang.Object at file:/D:/a/key/key/key.core/build/resources/main/de/uka/ilkd/key/proof/rules/integerAssignment2UpdateRules.key:276:15
	at de.uka.ilkd.key.nparser.builder.AbstractBuilder.accept(AbstractBuilder.java:54)
Caused by: com.github.javaparser.resolution.UnsolvedSymbolException: Unsolved symbol in de.uka.ilkd.key.java.JavaParserFactory$DynamicTypeSolver@1c7f791e : java.lang.Object
	at com.github.javaparser.resolution.TypeSolver.solveType(TypeSolver.java:71)

36801      ERROR Test worker     d.u.i.k.n.b.AbstractBuilder  com.github.javaparser.resolution.UnsolvedSymbolException: Unsolved symbol in de.uka.ilkd.key.java.JavaParserFactory$DynamicTypeSolver@1c7f791e : java.lang.Object
	at com.github.javaparser.resolution.TypeSolver.solveType(TypeSolver.java:71)

36801      ERROR Test worker     d.u.i.k.n.b.TacletPBuilder Error in parsing taclet. de.uka.ilkd.key.util.parsing.BuildingException: Unsolved symbol in de.uka.ilkd.key.java.JavaParserFactory$DynamicTypeSolver@1c7f791e : java.lang.Object at file:/D:/a/key/key/key.core/build/resources/main/de/uka/ilkd/key/proof/rules/integerAssignment2UpdateRules.key:290:15
	at de.uka.ilkd.key.nparser.builder.AbstractBuilder.accept(AbstractBuilder.java:54)
Caused by: com.github.javaparser.resolution.UnsolvedSymbolException: Unsolved symbol in de.uka.ilkd.key.java.JavaParserFactory$DynamicTypeSolver@1c7f791e : java.lang.Object
	at com.github.javaparser.resolution.TypeSolver.solveType(TypeSolver.java:71)

36801      ERROR Test worker     d.u.i.k.n.b.AbstractBuilder  com.github.javaparser.resolution.UnsolvedSymbolException: Unsolved symbol in de.uka.ilkd.key.java.JavaParserFactory$DynamicTypeSolver@1c7f791e : java.lang.Object
	at com.github.javaparser.resolution.TypeSolver.solveType(TypeSolver.java:71)

36801      ERROR Test worker     d.u.i.k.n.b.TacletPBuilder Error in parsing taclet. de.uka.ilkd.key.util.parsing.BuildingException: Unsolved symbol in de.uka.ilkd.key.java.JavaParserFactory$DynamicTypeSolver@1c7f791e : java.lang.Object at file:/D:/a/key/key/key.core/build/resources/main/de/uka/ilkd/key/proof/rules/integerAssignment2UpdateRules.key:304:15
	at de.uka.ilkd.key.nparser.builder.AbstractBuilder.accept(AbstractBuilder.java:54)
Caused by: com.github.javaparser.resolution.UnsolvedSymbolException: Unsolved symbol in de.uka.ilkd.key.java.JavaParserFactory$DynamicTypeSolver@1c7f791e : java.lang.Object
	at com.github.javaparser.resolution.TypeSolver.solveType(TypeSolver.java:71)

36801      ERROR Test worker     d.u.i.k.n.b.AbstractBuilder  com.github.javaparser.resolution.UnsolvedSymbolException: Unsolved symbol in de.uka.ilkd.key.java.JavaParserFactory$DynamicTypeSolver@1c7f791e : java.lang.Object
	at com.github.javaparser.resolution.TypeSolver.solveType(TypeSolver.java:71)

36801      ERROR Test worker     d.u.i.k.n.b.TacletPBuilder Error in parsing taclet. de.uka.ilkd.key.util.parsing.BuildingException: Unsolved symbol in de.uka.ilkd.key.java.JavaParserFactory$DynamicTypeSolver@1c7f791e : java.lang.Object at file:/D:/a/key/key/key.core/build/resources/main/de/uka/ilkd/key/proof/rules/integerAssignment2UpdateRules.key:319:15
	at de.uka.ilkd.key.nparser.builder.AbstractBuilder.accept(AbstractBuilder.java:54)
Caused by: com.github.javaparser.resolution.UnsolvedSymbolException: Unsolved symbol in de.uka.ilkd.key.java.JavaParserFactory$DynamicTypeSolver@1c7f791e : java.lang.Object
	at com.github.javaparser.resolution.TypeSolver.solveType(TypeSolver.java:71)

36801      ERROR Test worker     d.u.i.k.n.b.AbstractBuilder  com.github.javaparser.resolution.UnsolvedSymbolException: Unsolved symbol in de.uka.ilkd.key.java.JavaParserFactory$DynamicTypeSolver@1c7f791e : java.lang.Object
	at com.github.javaparser.resolution.TypeSolver.solveType(TypeSolver.java:71)

36801      ERROR Test worker     d.u.i.k.n.b.TacletPBuilder Error in parsing taclet. de.uka.ilkd.key.util.parsing.BuildingException: Unsolved symbol in de.uka.ilkd.key.java.JavaParserFactory$DynamicTypeSolver@1c7f791e : java.lang.Object at file:/D:/a/key/key/key.core/build/resources/main/de/uka/ilkd/key/proof/rules/integerAssignment2UpdateRules.key:335:15
	at de.uka.ilkd.key.nparser.builder.AbstractBuilder.accept(AbstractBuilder.java:54)
Caused by: com.github.javaparser.resolution.UnsolvedSymbolException: Unsolved symbol in de.uka.ilkd.key.java.JavaParserFactory$DynamicTypeSolver@1c7f791e : java.lang.Object
	at com.github.javaparser.resolution.TypeSolver.solveType(TypeSolver.java:71)

36801      ERROR Test worker     d.u.i.k.n.b.AbstractBuilder  com.github.javaparser.resolution.UnsolvedSymbolException: Unsolved symbol in de.uka.ilkd.key.java.JavaParserFactory$DynamicTypeSolver@1c7f791e : java.lang.Object
	at com.github.javaparser.resolution.TypeSolver.solveType(TypeSolver.java:71)

36801      ERROR Test worker     d.u.i.k.n.b.TacletPBuilder Error in parsing taclet. de.uka.ilkd.key.util.parsing.BuildingException: Unsolved symbol in de.uka.ilkd.key.java.JavaParserFactory$DynamicTypeSolver@1c7f791e : java.lang.Object at file:/D:/a/key/key/key.core/build/resources/main/de/uka/ilkd/key/proof/rules/integerAssignment2UpdateRules.key:350:15
	at de.uka.ilkd.key.nparser.builder.AbstractBuilder.accept(AbstractBuilder.java:54)
Caused by: com.github.javaparser.resolution.UnsolvedSymbolException: Unsolved symbol in de.uka.ilkd.key.java.JavaParserFactory$DynamicTypeSolver@1c7f791e : java.lang.Object
	at com.github.javaparser.resolution.TypeSolver.solveType(TypeSolver.java:71)

36801      ERROR Test worker     d.u.i.k.n.b.AbstractBuilder  com.github.javaparser.resolution.UnsolvedSymbolException: Unsolved symbol in de.uka.ilkd.key.java.JavaParserFactory$DynamicTypeSolver@1c7f791e : java.lang.Object
	at com.github.javaparser.resolution.TypeSolver.solveType(TypeSolver.java:71)

36801      ERROR Test worker     d.u.i.k.n.b.TacletPBuilder Error in parsing taclet. de.uka.ilkd.key.util.parsing.BuildingException: Unsolved symbol in de.uka.ilkd.key.java.JavaParserFactory$DynamicTypeSolver@1c7f791e : java.lang.Object at file:/D:/a/key/key/key.core/build/resources/main/de/uka/ilkd/key/proof/rules/integerAssignment2UpdateRules.key:365:15
	at de.uka.ilkd.key.nparser.builder.AbstractBuilder.accept(AbstractBuilder.java:54)
Caused by: com.github.javaparser.resolution.UnsolvedSymbolException: Unsolved symbol in de.uka.ilkd.key.java.JavaParserFactory$DynamicTypeSolver@1c7f791e : java.lang.Object
	at com.github.javaparser.resolution.TypeSolver.solveType(TypeSolver.java:71)

36816      ERROR Test worker     d.u.i.k.n.b.AbstractBuilder  com.github.javaparser.resolution.UnsolvedSymbolException: Unsolved symbol in de.uka.ilkd.key.java.JavaParserFactory$DynamicTypeSolver@1c7f791e : java.lang.Object
	at com.github.javaparser.resolution.TypeSolver.solveType(TypeSolver.java:71)

36816      ERROR Test worker     d.u.i.k.n.b.TacletPBuilder Error in parsing taclet. de.uka.ilkd.key.util.parsing.BuildingException: Unsolved symbol in de.uka.ilkd.key.java.JavaParserFactory$DynamicTypeSolver@1c7f791e : java.lang.Object at file:/D:/a/key/key/key.core/build/resources/main/de/uka/ilkd/key/proof/rules/integerAssignment2UpdateRules.key:380:15
	at de.uka.ilkd.key.nparser.builder.AbstractBuilder.accept(AbstractBuilder.java:54)
Caused by: com.github.javaparser.resolution.UnsolvedSymbolException: Unsolved symbol in de.uka.ilkd.key.java.JavaParserFactory$DynamicTypeSolver@1c7f791e : java.lang.Object
	at com.github.javaparser.resolution.TypeSolver.solveType(TypeSolver.java:71)

36816      ERROR Test worker     d.u.i.k.n.b.AbstractBuilder  com.github.javaparser.resolution.UnsolvedSymbolException: Unsolved symbol in de.uka.ilkd.key.java.JavaParserFactory$DynamicTypeSolver@1c7f791e : java.lang.Object
	at com.github.javaparser.resolution.TypeSolver.solveType(TypeSolver.java:71)

36816      ERROR Test worker     d.u.i.k.n.b.TacletPBuilder Error in parsing taclet. de.uka.ilkd.key.util.parsing.BuildingException: Unsolved symbol in de.uka.ilkd.key.java.JavaParserFactory$DynamicTypeSolver@1c7f791e : java.lang.Object at file:/D:/a/key/key/key.core/build/resources/main/de/uka/ilkd/key/proof/rules/integerAssignment2UpdateRules.key:397:15
	at de.uka.ilkd.key.nparser.builder.AbstractBuilder.accept(AbstractBuilder.java:54)
Caused by: com.github.javaparser.resolution.UnsolvedSymbolException: Unsolved symbol in de.uka.ilkd.key.java.JavaParserFactory$DynamicTypeSolver@1c7f791e : java.lang.Object
	at com.github.javaparser.resolution.TypeSolver.solveType(TypeSolver.java:71)

36816      ERROR Test worker     d.u.i.k.n.b.AbstractBuilder  com.github.javaparser.resolution.UnsolvedSymbolException: Unsolved symbol in de.uka.ilkd.key.java.JavaParserFactory$DynamicTypeSolver@1c7f791e : java.lang.Object
	at com.github.javaparser.resolution.TypeSolver.solveType(TypeSolver.java:71)

36816      ERROR Test worker     d.u.i.k.n.b.TacletPBuilder Error in parsing taclet. de.uka.ilkd.key.util.parsing.BuildingException: Unsolved symbol in de.uka.ilkd.key.java.JavaParserFactory$DynamicTypeSolver@1c7f791e : java.lang.Object at file:/D:/a/key/key/key.core/build/resources/main/de/uka/ilkd/key/proof/rules/integerAssignment2UpdateRules.key:408:15
	at de.uka.ilkd.key.nparser.builder.AbstractBuilder.accept(AbstractBuilder.java:54)
Caused by: com.github.javaparser.resolution.UnsolvedSymbolException: Unsolved symbol in de.uka.ilkd.key.java.JavaParserFactory$DynamicTypeSolver@1c7f791e : java.lang.Object
	at com.github.javaparser.resolution.TypeSolver.solveType(TypeSolver.java:71)

36816      ERROR Test worker     d.u.i.k.n.b.AbstractBuilder  com.github.javaparser.resolution.UnsolvedSymbolException: Unsolved symbol in de.uka.ilkd.key.java.JavaParserFactory$DynamicTypeSolver@1c7f791e : java.lang.Object
	at com.github.javaparser.resolution.TypeSolver.solveType(TypeSolver.java:71)

36816      ERROR Test worker     d.u.i.k.n.b.TacletPBuilder Error in parsing taclet. de.uka.ilkd.key.util.parsing.BuildingException: Unsolved symbol in de.uka.ilkd.key.java.JavaParserFactory$DynamicTypeSolver@1c7f791e : java.lang.Object at file:/D:/a/key/key/key.core/build/resources/main/de/uka/ilkd/key/proof/rules/integerAssignment2UpdateRules.key:419:15
	at de.uka.ilkd.key.nparser.builder.AbstractBuilder.accept(AbstractBuilder.java:54)
Caused by: com.github.javaparser.resolution.UnsolvedSymbolException: Unsolved symbol in de.uka.ilkd.key.java.JavaParserFactory$DynamicTypeSolver@1c7f791e : java.lang.Object
	at com.github.javaparser.resolution.TypeSolver.solveType(TypeSolver.java:71)

36816      ERROR Test worker     d.u.i.k.n.b.AbstractBuilder  com.github.javaparser.resolution.UnsolvedSymbolException: Unsolved symbol in de.uka.ilkd.key.java.JavaParserFactory$DynamicTypeSolver@1c7f791e : java.lang.Object
	at com.github.javaparser.resolution.TypeSolver.solveType(TypeSolver.java:71)

36816      ERROR Test worker     d.u.i.k.n.b.TacletPBuilder Error in parsing taclet. de.uka.ilkd.key.util.parsing.BuildingException: Unsolved symbol in de.uka.ilkd.key.java.JavaParserFactory$DynamicTypeSolver@1c7f791e : java.lang.Object at file:/D:/a/key/key/key.core/build/resources/main/de/uka/ilkd/key/proof/rules/integerAssignment2UpdateRules.key:430:15
	at de.uka.ilkd.key.nparser.builder.AbstractBuilder.accept(AbstractBuilder.java:54)
Caused by: com.github.javaparser.resolution.UnsolvedSymbolException: Unsolved symbol in de.uka.ilkd.key.java.JavaParserFactory$DynamicTypeSolver@1c7f791e : java.lang.Object
	at com.github.javaparser.resolution.TypeSolver.solveType(TypeSolver.java:71)

36816      ERROR Test worker     d.u.i.k.n.b.AbstractBuilder  com.github.javaparser.resolution.UnsolvedSymbolException: Unsolved symbol in de.uka.ilkd.key.java.JavaParserFactory$DynamicTypeSolver@1c7f791e : java.lang.Object
	at com.github.javaparser.resolution.TypeSolver.solveType(TypeSolver.java:71)

36816      ERROR Test worker     d.u.i.k.n.b.TacletPBuilder Error in parsing taclet. de.uka.ilkd.key.util.parsing.BuildingException: Unsolved symbol in de.uka.ilkd.key.java.JavaParserFactory$DynamicTypeSolver@1c7f791e : java.lang.Object at file:/D:/a/key/key/key.core/build/resources/main/de/uka/ilkd/key/proof/rules/integerAssignment2UpdateRules.key:443:15
	at de.uka.ilkd.key.nparser.builder.AbstractBuilder.accept(AbstractBuilder.java:54)
Caused by: com.github.javaparser.resolution.UnsolvedSymbolException: Unsolved symbol in de.uka.ilkd.key.java.JavaParserFactory$DynamicTypeSolver@1c7f791e : java.lang.Object
	at com.github.javaparser.resolution.TypeSolver.solveType(TypeSolver.java:71)

36816      ERROR Test worker     d.u.i.k.n.b.AbstractBuilder  com.github.javaparser.resolution.UnsolvedSymbolException: Unsolved symbol in de.uka.ilkd.key.java.JavaParserFactory$DynamicTypeSolver@1c7f791e : java.lang.Object
	at com.github.javaparser.resolution.TypeSolver.solveType(TypeSolver.java:71)

36816      ERROR Test worker     d.u.i.k.n.b.TacletPBuilder Error in parsing taclet. de.uka.ilkd.key.util.parsing.BuildingException: Unsolved symbol in de.uka.ilkd.key.java.JavaParserFactory$DynamicTypeSolver@1c7f791e : java.lang.Object at file:/D:/a/key/key/key.core/build/resources/main/de/uka/ilkd/key/proof/rules/integerAssignment2UpdateRules.key:454:15
	at de.uka.ilkd.key.nparser.builder.AbstractBuilder.accept(AbstractBuilder.java:54)
Caused by: com.github.javaparser.resolution.UnsolvedSymbolException: Unsolved symbol in de.uka.ilkd.key.java.JavaParserFactory$DynamicTypeSolver@1c7f791e : java.lang.Object
	at com.github.javaparser.resolution.TypeSolver.solveType(TypeSolver.java:71)

36816      ERROR Test worker     d.u.i.k.n.b.AbstractBuilder  com.github.javaparser.resolution.UnsolvedSymbolException: Unsolved symbol in de.uka.ilkd.key.java.JavaParserFactory$DynamicTypeSolver@1c7f791e : java.lang.Object
	at com.github.javaparser.resolution.TypeSolver.solveType(TypeSolver.java:71)

36816      ERROR Test worker     d.u.i.k.n.b.TacletPBuilder Error in parsing taclet. de.uka.ilkd.key.util.parsing.BuildingException: Unsolved symbol in de.uka.ilkd.key.java.JavaParserFactory$DynamicTypeSolver@1c7f791e : java.lang.Object at file:/D:/a/key/key/key.core/build/resources/main/de/uka/ilkd/key/proof/rules/integerAssignment2UpdateRules.key:466:15
	at de.uka.ilkd.key.nparser.builder.AbstractBuilder.accept(AbstractBuilder.java:54)
Caused by: com.github.javaparser.resolution.UnsolvedSymbolException: Unsolved symbol in de.uka.ilkd.key.java.JavaParserFactory$DynamicTypeSolver@1c7f791e : java.lang.Object
	at com.github.javaparser.resolution.TypeSolver.solveType(TypeSolver.java:71)

36832      ERROR Test worker     d.u.i.k.n.b.AbstractBuilder  com.github.javaparser.resolution.UnsolvedSymbolException: Unsolved symbol in de.uka.ilkd.key.java.JavaParserFactory$DynamicTypeSolver@1c7f791e : java.lang.Object
	at com.github.javaparser.resolution.TypeSolver.solveType(TypeSolver.java:71)

36832      ERROR Test worker     d.u.i.k.n.b.TacletPBuilder Error in parsing taclet. de.uka.ilkd.key.util.parsing.BuildingException: Unsolved symbol in de.uka.ilkd.key.java.JavaParserFactory$DynamicTypeSolver@1c7f791e : java.lang.Object at file:/D:/a/key/key/key.core/build/resources/main/de/uka/ilkd/key/proof/rules/integerAssignment2UpdateRules.key:478:15
	at de.uka.ilkd.key.nparser.builder.AbstractBuilder.accept(AbstractBuilder.java:54)
Caused by: com.github.javaparser.resolution.UnsolvedSymbolException: Unsolved symbol in de.uka.ilkd.key.java.JavaParserFactory$DynamicTypeSolver@1c7f791e : java.lang.Object
	at com.github.javaparser.resolution.TypeSolver.solveType(TypeSolver.java:71)

36832      ERROR Test worker     d.u.i.k.n.b.AbstractBuilder  com.github.javaparser.resolution.UnsolvedSymbolException: Unsolved symbol in de.uka.ilkd.key.java.JavaParserFactory$DynamicTypeSolver@1c7f791e : java.lang.Object
	at com.github.javaparser.resolution.TypeSolver.solveType(TypeSolver.java:71)

36832      ERROR Test worker     d.u.i.k.n.b.TacletPBuilder Error in parsing taclet. de.uka.ilkd.key.util.parsing.BuildingException: Unsolved symbol in de.uka.ilkd.key.java.JavaParserFactory$DynamicTypeSolver@1c7f791e : java.lang.Object at file:/D:/a/key/key/key.core/build/resources/main/de/uka/ilkd/key/proof/rules/integerAssignment2UpdateRules.key:491:15
	at de.uka.ilkd.key.nparser.builder.AbstractBuilder.accept(AbstractBuilder.java:54)
Caused by: com.github.javaparser.resolution.UnsolvedSymbolException: Unsolved symbol in de.uka.ilkd.key.java.JavaParserFactory$DynamicTypeSolver@1c7f791e : java.lang.Object
	at com.github.javaparser.resolution.TypeSolver.solveType(TypeSolver.java:71)

36832      ERROR Test worker     d.u.i.k.n.b.AbstractBuilder  com.github.javaparser.resolution.UnsolvedSymbolException: Unsolved symbol in de.uka.ilkd.key.java.JavaParserFactory$DynamicTypeSolver@1c7f791e : java.lang.Object
	at com.github.javaparser.resolution.TypeSolver.solveType(TypeSolver.java:71)

36832      ERROR Test worker     d.u.i.k.n.b.TacletPBuilder Error in parsing taclet. de.uka.ilkd.key.util.parsing.BuildingException: Unsolved symbol in de.uka.ilkd.key.java.JavaParserFactory$DynamicTypeSolver@1c7f791e : java.lang.Object at file:/D:/a/key/key/key.core/build/resources/main/de/uka/ilkd/key/proof/rules/integerAssignment2UpdateRules.key:502:15
	at de.uka.ilkd.key.nparser.builder.AbstractBuilder.accept(AbstractBuilder.java:54)
Caused by: com.github.javaparser.resolution.UnsolvedSymbolException: Unsolved symbol in de.uka.ilkd.key.java.JavaParserFactory$DynamicTypeSolver@1c7f791e : java.lang.Object
	at com.github.javaparser.resolution.TypeSolver.solveType(TypeSolver.java:71)

36832      ERROR Test worker     d.u.i.k.n.b.AbstractBuilder  com.github.javaparser.resolution.UnsolvedSymbolException: Unsolved symbol in de.uka.ilkd.key.java.JavaParserFactory$DynamicTypeSolver@1c7f791e : java.lang.Object
	at com.github.javaparser.resolution.TypeSolver.solveType(TypeSolver.java:71)

36832      ERROR Test worker     d.u.i.k.n.b.TacletPBuilder Error in parsing taclet. de.uka.ilkd.key.util.parsing.BuildingException: Unsolved symbol in de.uka.ilkd.key.java.JavaParserFactory$DynamicTypeSolver@1c7f791e : java.lang.Object at file:/D:/a/key/key/key.core/build/resources/main/de/uka/ilkd/key/proof/rules/integerAssignment2UpdateRules.key:513:15
	at de.uka.ilkd.key.nparser.builder.AbstractBuilder.accept(AbstractBuilder.java:54)
Caused by: com.github.javaparser.resolution.UnsolvedSymbolException: Unsolved symbol in de.uka.ilkd.key.java.JavaParserFactory$DynamicTypeSolver@1c7f791e : java.lang.Object
	at com.github.javaparser.resolution.TypeSolver.solveType(TypeSolver.java:71)

36832      ERROR Test worker     d.u.i.k.n.b.AbstractBuilder  com.github.javaparser.resolution.UnsolvedSymbolException: Unsolved symbol in de.uka.ilkd.key.java.JavaParserFactory$DynamicTypeSolver@1c7f791e : java.lang.Object
	at com.github.javaparser.resolution.TypeSolver.solveType(TypeSolver.java:71)

36832      ERROR Test worker     d.u.i.k.n.b.TacletPBuilder Error in parsing taclet. de.uka.ilkd.key.util.parsing.BuildingException: Unsolved symbol in de.uka.ilkd.key.java.JavaParserFactory$DynamicTypeSolver@1c7f791e : java.lang.Object at file:/D:/a/key/key/key.core/build/resources/main/de/uka/ilkd/key/proof/rules/integerAssignment2UpdateRules.key:524:15
	at de.uka.ilkd.key.nparser.builder.AbstractBuilder.accept(AbstractBuilder.java:54)
Caused by: com.github.javaparser.resolution.UnsolvedSymbolException: Unsolved symbol in de.uka.ilkd.key.java.JavaParserFactory$DynamicTypeSolver@1c7f791e : java.lang.Object
	at com.github.javaparser.resolution.TypeSolver.solveType(TypeSolver.java:71)

36832      ERROR Test worker     d.u.i.k.n.b.AbstractBuilder  com.github.javaparser.resolution.UnsolvedSymbolException: Unsolved symbol in de.uka.ilkd.key.java.JavaParserFactory$DynamicTypeSolver@1c7f791e : java.lang.Object
	at com.github.javaparser.resolution.TypeSolver.solveType(TypeSolver.java:71)

36832      ERROR Test worker     d.u.i.k.n.b.TacletPBuilder Error in parsing taclet. de.uka.ilkd.key.util.parsing.BuildingException: Unsolved symbol in de.uka.ilkd.key.java.JavaParserFactory$DynamicTypeSolver@1c7f791e : java.lang.Object at file:/D:/a/key/key/key.core/build/resources/main/de/uka/ilkd/key/proof/rules/integerAssignment2UpdateRules.key:537:15
	at de.uka.ilkd.key.nparser.builder.AbstractBuilder.accept(AbstractBuilder.java:54)
Caused by: com.github.javaparser.resolution.UnsolvedSymbolException: Unsolved symbol in de.uka.ilkd.key.java.JavaParserFactory$DynamicTypeSolver@1c7f791e : java.lang.Object
	at com.github.javaparser.resolution.TypeSolver.solveType(TypeSolver.java:71)

36832      ERROR Test worker     d.u.i.k.n.b.AbstractBuilder  com.github.javaparser.resolution.UnsolvedSymbolException: Unsolved symbol in de.uka.ilkd.key.java.JavaParserFactory$DynamicTypeSolver@1c7f791e : java.lang.Object
	at com.github.javaparser.resolution.TypeSolver.solveType(TypeSolver.java:71)

36832      ERROR Test worker     d.u.i.k.n.b.TacletPBuilder Error in parsing taclet. de.uka.ilkd.key.util.parsing.BuildingException: Unsolved symbol in de.uka.ilkd.key.java.JavaParserFactory$DynamicTypeSolver@1c7f791e : java.lang.Object at file:/D:/a/key/key/key.core/build/resources/main/de/uka/ilkd/key/proof/rules/integerAssignment2UpdateRules.key:552:15
	at de.uka.ilkd.key.nparser.builder.AbstractBuilder.accept(AbstractBuilder.java:54)
Caused by: com.github.javaparser.resolution.UnsolvedSymbolException: Unsolved symbol in de.uka.ilkd.key.java.JavaParserFactory$DynamicTypeSolver@1c7f791e : java.lang.Object
	at com.github.javaparser.resolution.TypeSolver.solveType(TypeSolver.java:71)

36832      ERROR Test worker     d.u.i.k.n.b.AbstractBuilder  com.github.javaparser.resolution.UnsolvedSymbolException: Unsolved symbol in de.uka.ilkd.key.java.JavaParserFactory$DynamicTypeSolver@1c7f791e : java.lang.Object
	at com.github.javaparser.resolution.TypeSolver.solveType(TypeSolver.java:71)

36832      ERROR Test worker     d.u.i.k.n.b.TacletPBuilder Error in parsing taclet. de.uka.ilkd.key.util.parsing.BuildingException: Unsolved symbol in de.uka.ilkd.key.java.JavaParserFactory$DynamicTypeSolver@1c7f791e : java.lang.Object at file:/D:/a/key/key/key.core/build/resources/main/de/uka/ilkd/key/proof/rules/integerAssignment2UpdateRules.key:569:15
	at de.uka.ilkd.key.nparser.builder.AbstractBuilder.accept(AbstractBuilder.java:54)
Caused by: com.github.javaparser.resolution.UnsolvedSymbolException: Unsolved symbol in de.uka.ilkd.key.java.JavaParserFactory$DynamicTypeSolver@1c7f791e : java.lang.Object
	at com.github.javaparser.resolution.TypeSolver.solveType(TypeSolver.java:71)

36832      ERROR Test worker     d.u.i.k.n.b.AbstractBuilder  com.github.javaparser.resolution.UnsolvedSymbolException: Unsolved symbol in de.uka.ilkd.key.java.JavaParserFactory$DynamicTypeSolver@1c7f791e : java.lang.Object
	at com.github.javaparser.resolution.TypeSolver.solveType(TypeSolver.java:71)

36832      ERROR Test worker     d.u.i.k.n.b.TacletPBuilder Error in parsing taclet. de.uka.ilkd.key.util.parsing.BuildingException: Unsolved symbol in de.uka.ilkd.key.java.JavaParserFactory$DynamicTypeSolver@1c7f791e : java.lang.Object at file:/D:/a/key/key/key.core/build/resources/main/de/uka/ilkd/key/proof/rules/integerAssignment2UpdateRules.key:584:15
	at de.uka.ilkd.key.nparser.builder.AbstractBuilder.accept(AbstractBuilder.java:54)
Caused by: com.github.javaparser.resolution.UnsolvedSymbolException: Unsolved symbol in de.uka.ilkd.key.java.JavaParserFactory$DynamicTypeSolver@1c7f791e : java.lang.Object
	at com.github.javaparser.resolution.TypeSolver.solveType(TypeSolver.java:71)

36832      ERROR Test worker     d.u.i.k.n.b.AbstractBuilder  com.github.javaparser.resolution.UnsolvedSymbolException: Unsolved symbol in de.uka.ilkd.key.java.JavaParserFactory$DynamicTypeSolver@1c7f791e : java.lang.Object
	at com.github.javaparser.resolution.TypeSolver.solveType(TypeSolver.java:71)

36832      ERROR Test worker     d.u.i.k.n.b.TacletPBuilder Error in parsing taclet. de.uka.ilkd.key.util.parsing.BuildingException: Unsolved symbol in de.uka.ilkd.key.java.JavaParserFactory$DynamicTypeSolver@1c7f791e : java.lang.Object at file:/D:/a/key/key/key.core/build/resources/main/de/uka/ilkd/key/proof/rules/integerAssignment2UpdateRules.key:601:15
	at de.uka.ilkd.key.nparser.builder.AbstractBuilder.accept(AbstractBuilder.java:54)
Caused by: com.github.javaparser.resolution.UnsolvedSymbolException: Unsolved symbol in de.uka.ilkd.key.java.JavaParserFactory$DynamicTypeSolver@1c7f791e : java.lang.Object
	at com.github.javaparser.resolution.TypeSolver.solveType(TypeSolver.java:71)

36848      ERROR Test worker     d.u.i.k.n.b.AbstractBuilder  com.github.javaparser.resolution.UnsolvedSymbolException: Unsolved symbol in de.uka.ilkd.key.java.JavaParserFactory$DynamicTypeSolver@1c7f791e : java.lang.Object
	at com.github.javaparser.resolution.TypeSolver.solveType(TypeSolver.java:71)

36848      ERROR Test worker     d.u.i.k.n.b.TacletPBuilder Error in parsing taclet. de.uka.ilkd.key.util.parsing.BuildingException: Unsolved symbol in de.uka.ilkd.key.java.JavaParserFactory$DynamicTypeSolver@1c7f791e : java.lang.Object at file:/D:/a/key/key/key.core/build/resources/main/de/uka/ilkd/key/proof/rules/integerAssignment2UpdateRules.key:616:15
	at de.uka.ilkd.key.nparser.builder.AbstractBuilder.accept(AbstractBuilder.java:54)
Caused by: com.github.javaparser.resolution.UnsolvedSymbolException: Unsolved symbol in de.uka.ilkd.key.java.JavaParserFactory$DynamicTypeSolver@1c7f791e : java.lang.Object
	at com.github.javaparser.resolution.TypeSolver.solveType(TypeSolver.java:71)

36848      ERROR Test worker     d.u.i.k.n.b.AbstractBuilder  com.github.javaparser.resolution.UnsolvedSymbolException: Unsolved symbol in de.uka.ilkd.key.java.JavaParserFactory$DynamicTypeSolver@1c7f791e : java.lang.Object
	at com.github.javaparser.resolution.TypeSolver.solveType(TypeSolver.java:71)

36848      ERROR Test worker     d.u.i.k.n.b.TacletPBuilder Error in parsing taclet. de.uka.ilkd.key.util.parsing.BuildingException: Unsolved symbol in de.uka.ilkd.key.java.JavaParserFactory$DynamicTypeSolver@1c7f791e : java.lang.Object at file:/D:/a/key/key/key.core/build/resources/main/de/uka/ilkd/key/proof/rules/integerAssignment2UpdateRules.key:634:15
	at de.uka.ilkd.key.nparser.builder.AbstractBuilder.accept(AbstractBuilder.java:54)
Caused by: com.github.javaparser.resolution.UnsolvedSymbolException: Unsolved symbol in de.uka.ilkd.key.java.JavaParserFactory$DynamicTypeSolver@1c7f791e : java.lang.Object
	at com.github.javaparser.resolution.TypeSolver.solveType(TypeSolver.java:71)

36848      ERROR Test worker     d.u.i.k.n.b.AbstractBuilder  com.github.javaparser.resolution.UnsolvedSymbolException: Unsolved symbol in de.uka.ilkd.key.java.JavaParserFactory$DynamicTypeSolver@1c7f791e : java.lang.Object
	at com.github.javaparser.resolution.TypeSolver.solveType(TypeSolver.java:71)

36848      ERROR Test worker     d.u.i.k.n.b.TacletPBuilder Error in parsing taclet. de.uka.ilkd.key.util.parsing.BuildingException: Unsolved symbol in de.uka.ilkd.key.java.JavaParserFactory$DynamicTypeSolver@1c7f791e : java.lang.Object at file:/D:/a/key/key/key.core/build/resources/main/de/uka/ilkd/key/proof/rules/integerAssignment2UpdateRules.key:648:15
	at de.uka.ilkd.key.nparser.builder.AbstractBuilder.accept(AbstractBuilder.java:54)
Caused by: com.github.javaparser.resolution.UnsolvedSymbolException: Unsolved symbol in de.uka.ilkd.key.java.JavaParserFactory$DynamicTypeSolver@1c7f791e : java.lang.Object
	at com.github.javaparser.resolution.TypeSolver.solveType(TypeSolver.java:71)

36848      ERROR Test worker     d.u.i.k.n.b.AbstractBuilder  com.github.javaparser.resolution.UnsolvedSymbolException: Unsolved symbol in de.uka.ilkd.key.java.JavaParserFactory$DynamicTypeSolver@1c7f791e : java.lang.Object
	at com.github.javaparser.resolution.TypeSolver.solveType(TypeSolver.java:71)

36848      ERROR Test worker     d.u.i.k.n.b.TacletPBuilder Error in parsing taclet. de.uka.ilkd.key.util.parsing.BuildingException: Unsolved symbol in de.uka.ilkd.key.java.JavaParserFactory$DynamicTypeSolver@1c7f791e : java.lang.Object at file:/D:/a/key/key/key.core/build/resources/main/de/uka/ilkd/key/proof/rules/integerAssignment2UpdateRules.key:662:15
	at de.uka.ilkd.key.nparser.builder.AbstractBuilder.accept(AbstractBuilder.java:54)
Caused by: com.github.javaparser.resolution.UnsolvedSymbolException: Unsolved symbol in de.uka.ilkd.key.java.JavaParserFactory$DynamicTypeSolver@1c7f791e : java.lang.Object
	at com.github.javaparser.resolution.TypeSolver.solveType(TypeSolver.java:71)

36848      ERROR Test worker     d.u.i.k.n.b.AbstractBuilder  com.github.javaparser.resolution.UnsolvedSymbolException: Unsolved symbol in de.uka.ilkd.key.java.JavaParserFactory$DynamicTypeSolver@1c7f791e : java.lang.Object
	at com.github.javaparser.resolution.TypeSolver.solveType(TypeSolver.java:71)

36848      ERROR Test worker     d.u.i.k.n.b.TacletPBuilder Error in parsing taclet. de.uka.ilkd.key.util.parsing.BuildingException: Unsolved symbol in de.uka.ilkd.key.java.JavaParserFactory$DynamicTypeSolver@1c7f791e : java.lang.Object at file:/D:/a/key/key/key.core/build/resources/main/de/uka/ilkd/key/proof/rules/integerAssignment2UpdateRules.key:670:15
	at de.uka.ilkd.key.nparser.builder.AbstractBuilder.accept(AbstractBuilder.java:54)
Caused by: com.github.javaparser.resolution.UnsolvedSymbolException: Unsolved symbol in de.uka.ilkd.key.java.JavaParserFactory$DynamicTypeSolver@1c7f791e : java.lang.Object
	at com.github.javaparser.resolution.TypeSolver.solveType(TypeSolver.java:71)

36856      ERROR Test worker     d.u.i.k.n.b.AbstractBuilder  com.github.javaparser.resolution.UnsolvedSymbolException: Unsolved symbol in de.uka.ilkd.key.java.JavaParserFactory$DynamicTypeSolver@1c7f791e : java.lang.Object
	at com.github.javaparser.resolution.TypeSolver.solveType(TypeSolver.java:71)

36856      ERROR Test worker     d.u.i.k.n.b.TacletPBuilder Error in parsing taclet. de.uka.ilkd.key.util.parsing.BuildingException: Unsolved symbol in de.uka.ilkd.key.java.JavaParserFactory$DynamicTypeSolver@1c7f791e : java.lang.Object at file:/D:/a/key/key/key.core/build/resources/main/de/uka/ilkd/key/proof/rules/integerAssignment2UpdateRules.key:682:15
	at de.uka.ilkd.key.nparser.builder.AbstractBuilder.accept(AbstractBuilder.java:54)
Caused by: com.github.javaparser.resolution.UnsolvedSymbolException: Unsolved symbol in de.uka.ilkd.key.java.JavaParserFactory$DynamicTypeSolver@1c7f791e : java.lang.Object
	at com.github.javaparser.resolution.TypeSolver.solveType(TypeSolver.java:71)

36856      ERROR Test worker     d.u.i.k.n.b.AbstractBuilder  com.github.javaparser.resolution.UnsolvedSymbolException: Unsolved symbol in de.uka.ilkd.key.java.JavaParserFactory$DynamicTypeSolver@1c7f791e : java.lang.Object
	at com.github.javaparser.resolution.TypeSolver.solveType(TypeSolver.java:71)

36856      ERROR Test worker     d.u.i.k.n.b.TacletPBuilder Error in parsing taclet. de.uka.ilkd.key.util.parsing.BuildingException: Unsolved symbol in de.uka.ilkd.key.java.JavaParserFactory$DynamicTypeSolver@1c7f791e : java.lang.Object at file:/D:/a/key/key/key.core/build/resources/main/de/uka/ilkd/key/proof/rules/integerAssignment2UpdateRules.key:696:15
	at de.uka.ilkd.key.nparser.builder.AbstractBuilder.accept(AbstractBuilder.java:54)
Caused by: com.github.javaparser.resolution.UnsolvedSymbolException: Unsolved symbol in de.uka.ilkd.key.java.JavaParserFactory$DynamicTypeSolver@1c7f791e : java.lang.Object
	at com.github.javaparser.resolution.TypeSolver.solveType(TypeSolver.java:71)

36856      ERROR Test worker     d.u.i.k.n.b.AbstractBuilder  com.github.javaparser.resolution.UnsolvedSymbolException: Unsolved symbol in de.uka.ilkd.key.java.JavaParserFactory$DynamicTypeSolver@1c7f791e : java.lang.Object
	at com.github.javaparser.resolution.TypeSolver.solveType(TypeSolver.java:71)

36856      ERROR Test worker     d.u.i.k.n.b.TacletPBuilder Error in parsing taclet. de.uka.ilkd.key.util.parsing.BuildingException: Unsolved symbol in de.uka.ilkd.key.java.JavaParserFactory$DynamicTypeSolver@1c7f791e : java.lang.Object at file:/D:/a/key/key/key.core/build/resources/main/de/uka/ilkd/key/proof/rules/integerAssignment2UpdateRules.key:710:15
	at de.uka.ilkd.key.nparser.builder.AbstractBuilder.accept(AbstractBuilder.java:54)
Caused by: com.github.javaparser.resolution.UnsolvedSymbolException: Unsolved symbol in de.uka.ilkd.key.java.JavaParserFactory$DynamicTypeSolver@1c7f791e : java.lang.Object
	at com.github.javaparser.resolution.TypeSolver.solveType(TypeSolver.java:71)

36856      ERROR Test worker     d.u.i.k.n.b.AbstractBuilder  com.github.javaparser.resolution.UnsolvedSymbolException: Unsolved symbol in de.uka.ilkd.key.java.JavaParserFactory$DynamicTypeSolver@1c7f791e : java.lang.Object
	at com.github.javaparser.resolution.TypeSolver.solveType(TypeSolver.java:71)

36856      ERROR Test worker     d.u.i.k.n.b.TacletPBuilder Error in parsing taclet. de.uka.ilkd.key.util.parsing.BuildingException: Unsolved symbol in de.uka.ilkd.key.java.JavaParserFactory$DynamicTypeSolver@1c7f791e : java.lang.Object at file:/D:/a/key/key/key.core/build/resources/main/de/uka/ilkd/key/proof/rules/integerAssignment2UpdateRules.key:724:15
	at de.uka.ilkd.key.nparser.builder.AbstractBuilder.accept(AbstractBuilder.java:54)
Caused by: com.github.javaparser.resolution.UnsolvedSymbolException: Unsolved symbol in de.uka.ilkd.key.java.JavaParserFactory$DynamicTypeSolver@1c7f791e : java.lang.Object
	at com.github.javaparser.resolution.TypeSolver.solveType(TypeSolver.java:71)

36856      ERROR Test worker     d.u.i.k.n.b.AbstractBuilder  com.github.javaparser.resolution.UnsolvedSymbolException: Unsolved symbol in de.uka.ilkd.key.java.JavaParserFactory$DynamicTypeSolver@1c7f791e : java.lang.Object
	at com.github.javaparser.resolution.TypeSolver.solveType(TypeSolver.java:71)

36856      ERROR Test worker     d.u.i.k.n.b.TacletPBuilder Error in parsing taclet. de.uka.ilkd.key.util.parsing.BuildingException: Unsolved symbol in de.uka.ilkd.key.java.JavaParserFactory$DynamicTypeSolver@1c7f791e : java.lang.Object at file:/D:/a/key/key/key.core/build/resources/main/de/uka/ilkd/key/proof/rules/integerAssignment2UpdateRules.key:738:15
	at de.uka.ilkd.key.nparser.builder.AbstractBuilder.accept(AbstractBuilder.java:54)
Caused by: com.github.javaparser.resolution.UnsolvedSymbolException: Unsolved symbol in de.uka.ilkd.key.java.JavaParserFactory$DynamicTypeSolver@1c7f791e : java.lang.Object
	at com.github.javaparser.resolution.TypeSolver.solveType(TypeSolver.java:71)

36863      ERROR Test worker     d.u.i.k.n.b.AbstractBuilder  com.github.javaparser.resolution.UnsolvedSymbolException: Unsolved symbol in de.uka.ilkd.key.java.JavaParserFactory$DynamicTypeSolver@1c7f791e : java.lang.Object
	at com.github.javaparser.resolution.TypeSolver.solveType(TypeSolver.java:71)

36863      ERROR Test worker     d.u.i.k.n.b.TacletPBuilder Error in parsing taclet. de.uka.ilkd.key.util.parsing.BuildingException: Unsolved symbol in de.uka.ilkd.key.java.JavaParserFactory$DynamicTypeSolver@1c7f791e : java.lang.Object at file:/D:/a/key/key/key.core/build/resources/main/de/uka/ilkd/key/proof/rules/integerAssignment2UpdateRules.key:752:15
	at de.uka.ilkd.key.nparser.builder.AbstractBuilder.accept(AbstractBuilder.java:54)
Caused by: com.github.javaparser.resolution.UnsolvedSymbolException: Unsolved symbol in de.uka.ilkd.key.java.JavaParserFactory$DynamicTypeSolver@1c7f791e : java.lang.Object
	at com.github.javaparser.resolution.TypeSolver.solveType(TypeSolver.java:71)

36863      ERROR Test worker     d.u.i.k.n.b.AbstractBuilder  com.github.javaparser.resolution.UnsolvedSymbolException: Unsolved symbol in de.uka.ilkd.key.java.JavaParserFactory$DynamicTypeSolver@1c7f791e : java.lang.Object
	at com.github.javaparser.resolution.TypeSolver.solveType(TypeSolver.java:71)

36863      ERROR Test worker     d.u.i.k.n.b.TacletPBuilder Error in parsing taclet. de.uka.ilkd.key.util.parsing.BuildingException: Unsolved symbol in de.uka.ilkd.key.java.JavaParserFactory$DynamicTypeSolver@1c7f791e : java.lang.Object at file:/D:/a/key/key/key.core/build/resources/main/de/uka/ilkd/key/proof/rules/integerAssignment2UpdateRules.key:764:15
	at de.uka.ilkd.key.nparser.builder.AbstractBuilder.accept(AbstractBuilder.java:54)
Caused by: com.github.javaparser.resolution.UnsolvedSymbolException: Unsolved symbol in de.uka.ilkd.key.java.JavaParserFactory$DynamicTypeSolver@1c7f791e : java.lang.Object
	at com.github.javaparser.resolution.TypeSolver.solveType(TypeSolver.java:71)

36863      ERROR Test worker     d.u.i.k.n.b.AbstractBuilder  com.github.javaparser.resolution.UnsolvedSymbolException: Unsolved symbol in de.uka.ilkd.key.java.JavaParserFactory$DynamicTypeSolver@1c7f791e : java.lang.Object
	at com.github.javaparser.resolution.TypeSolver.solveType(TypeSolver.java:71)

36863      ERROR Test worker     d.u.i.k.n.b.TacletPBuilder Error in parsing taclet. de.uka.ilkd.key.util.parsing.BuildingException: Unsolved symbol in de.uka.ilkd.key.java.JavaParserFactory$DynamicTypeSolver@1c7f791e : java.lang.Object at file:/D:/a/key/key/key.core/build/resources/main/de/uka/ilkd/key/proof/rules/integerAssignment2UpdateRules.key:779:15
	at de.uka.ilkd.key.nparser.builder.AbstractBuilder.accept(AbstractBuilder.java:54)
Caused by: com.github.javaparser.resolution.UnsolvedSymbolException: Unsolved symbol in de.uka.ilkd.key.java.JavaParserFactory$DynamicTypeSolver@1c7f791e : java.lang.Object
	at com.github.javaparser.resolution.TypeSolver.solveType(TypeSolver.java:71)

36863      ERROR Test worker     d.u.i.k.n.b.AbstractBuilder  com.github.javaparser.resolution.UnsolvedSymbolException: Unsolved symbol in de.uka.ilkd.key.java.JavaParserFactory$DynamicTypeSolver@1c7f791e : java.lang.Object
	at com.github.javaparser.resolution.TypeSolver.solveType(TypeSolver.java:71)

36863      ERROR Test worker     d.u.i.k.n.b.TacletPBuilder Error in parsing taclet. de.uka.ilkd.key.util.parsing.BuildingException: Unsolved symbol in de.uka.ilkd.key.java.JavaParserFactory$DynamicTypeSolver@1c7f791e : java.lang.Object at file:/D:/a/key/key/key.core/build/resources/main/de/uka/ilkd/key/proof/rules/integerAssignment2UpdateRules.key:794:15
	at de.uka.ilkd.key.nparser.builder.AbstractBuilder.accept(AbstractBuilder.java:54)
Caused by: com.github.javaparser.resolution.UnsolvedSymbolException: Unsolved symbol in de.uka.ilkd.key.java.JavaParserFactory$DynamicTypeSolver@1c7f791e : java.lang.Object
	at com.github.javaparser.resolution.TypeSolver.solveType(TypeSolver.java:71)

36863      ERROR Test worker     d.u.i.k.n.b.AbstractBuilder  com.github.javaparser.resolution.UnsolvedSymbolException: Unsolved symbol in de.uka.ilkd.key.java.JavaParserFactory$DynamicTypeSolver@1c7f791e : java.lang.Object
	at com.github.javaparser.resolution.TypeSolver.solveType(TypeSolver.java:71)

36863      ERROR Test worker     d.u.i.k.n.b.TacletPBuilder Error in parsing taclet. de.uka.ilkd.key.util.parsing.BuildingException: Unsolved symbol in de.uka.ilkd.key.java.JavaParserFactory$DynamicTypeSolver@1c7f791e : java.lang.Object at file:/D:/a/key/key/key.core/build/resources/main/de/uka/ilkd/key/proof/rules/integerAssignment2UpdateRules.key:808:15
	at de.uka.ilkd.key.nparser.builder.AbstractBuilder.accept(AbstractBuilder.java:54)
Caused by: com.github.javaparser.resolution.UnsolvedSymbolException: Unsolved symbol in de.uka.ilkd.key.java.JavaParserFactory$DynamicTypeSolver@1c7f791e : java.lang.Object
	at com.github.javaparser.resolution.TypeSolver.solveType(TypeSolver.java:71)

36879      ERROR Test worker     d.u.i.k.n.b.AbstractBuilder  com.github.javaparser.resolution.UnsolvedSymbolException: Unsolved symbol in de.uka.ilkd.key.java.JavaParserFactory$DynamicTypeSolver@1c7f791e : java.lang.Object
	at com.github.javaparser.resolution.TypeSolver.solveType(TypeSolver.java:71)

36879      ERROR Test worker     d.u.i.k.n.b.TacletPBuilder Error in parsing taclet. de.uka.ilkd.key.util.parsing.BuildingException: Unsolved symbol in de.uka.ilkd.key.java.JavaParserFactory$DynamicTypeSolver@1c7f791e : java.lang.Object at file:/D:/a/key/key/key.core/build/resources/main/de/uka/ilkd/key/proof/rules/floatAssignment2UpdateRules.key:42:15
	at de.uka.ilkd.key.nparser.builder.AbstractBuilder.accept(AbstractBuilder.java:54)
Caused by: com.github.javaparser.resolution.UnsolvedSymbolException: Unsolved symbol in de.uka.ilkd.key.java.JavaParserFactory$DynamicTypeSolver@1c7f791e : java.lang.Object
	at com.github.javaparser.resolution.TypeSolver.solveType(TypeSolver.java:71)

36879      ERROR Test worker     d.u.i.k.n.b.AbstractBuilder  com.github.javaparser.resolution.UnsolvedSymbolException: Unsolved symbol in de.uka.ilkd.key.java.JavaParserFactory$DynamicTypeSolver@1c7f791e : java.lang.Object
	at com.github.javaparser.resolution.TypeSolver.solveType(TypeSolver.java:71)

36879      ERROR Test worker     d.u.i.k.n.b.TacletPBuilder Error in parsing taclet. de.uka.ilkd.key.util.parsing.BuildingException: Unsolved symbol in de.uka.ilkd.key.java.JavaParserFactory$DynamicTypeSolver@1c7f791e : java.lang.Object at file:/D:/a/key/key/key.core/build/resources/main/de/uka/ilkd/key/proof/rules/floatAssignment2UpdateRules.key:50:15
	at de.uka.ilkd.key.nparser.builder.AbstractBuilder.accept(AbstractBuilder.java:54)
Caused by: com.github.javaparser.resolution.UnsolvedSymbolException: Unsolved symbol in de.uka.ilkd.key.java.JavaParserFactory$DynamicTypeSolver@1c7f791e : java.lang.Object
	at com.github.javaparser.resolution.TypeSolver.solveType(TypeSolver.java:71)

36879      ERROR Test worker     d.u.i.k.n.b.AbstractBuilder  com.github.javaparser.resolution.UnsolvedSymbolException: Unsolved symbol in de.uka.ilkd.key.java.JavaParserFactory$DynamicTypeSolver@1c7f791e : java.lang.Object
	at com.github.javaparser.resolution.TypeSolver.solveType(TypeSolver.java:71)

36879      ERROR Test worker     d.u.i.k.n.b.TacletPBuilder Error in parsing taclet. de.uka.ilkd.key.util.parsing.BuildingException: Unsolved symbol in de.uka.ilkd.key.java.JavaParserFactory$DynamicTypeSolver@1c7f791e : java.lang.Object at file:/D:/a/key/key/key.core/build/resources/main/de/uka/ilkd/key/proof/rules/floatAssignment2UpdateRules.key:58:15
	at de.uka.ilkd.key.nparser.builder.AbstractBuilder.accept(AbstractBuilder.java:54)
Caused by: com.github.javaparser.resolution.UnsolvedSymbolException: Unsolved symbol in de.uka.ilkd.key.java.JavaParserFactory$DynamicTypeSolver@1c7f791e : java.lang.Object
	at com.github.javaparser.resolution.TypeSolver.solveType(TypeSolver.java:71)

36879      ERROR Test worker     d.u.i.k.n.b.AbstractBuilder  com.github.javaparser.resolution.UnsolvedSymbolException: Unsolved symbol in de.uka.ilkd.key.java.JavaParserFactory$DynamicTypeSolver@1c7f791e : java.lang.Object
	at com.github.javaparser.resolution.TypeSolver.solveType(TypeSolver.java:71)

36879      ERROR Test worker     d.u.i.k.n.b.TacletPBuilder Error in parsing taclet. de.uka.ilkd.key.util.parsing.BuildingException: Unsolved symbol in de.uka.ilkd.key.java.JavaParserFactory$DynamicTypeSolver@1c7f791e : java.lang.Object at file:/D:/a/key/key/key.core/build/resources/main/de/uka/ilkd/key/proof/rules/floatAssignment2UpdateRules.key:66:15
	at de.uka.ilkd.key.nparser.builder.AbstractBuilder.accept(AbstractBuilder.java:54)
Caused by: com.github.javaparser.resolution.UnsolvedSymbolException: Unsolved symbol in de.uka.ilkd.key.java.JavaParserFactory$DynamicTypeSolver@1c7f791e : java.lang.Object
	at com.github.javaparser.resolution.TypeSolver.solveType(TypeSolver.java:71)

36879      ERROR Test worker     d.u.i.k.n.b.AbstractBuilder  com.github.javaparser.resolution.UnsolvedSymbolException: Unsolved symbol in de.uka.ilkd.key.java.JavaParserFactory$DynamicTypeSolver@1c7f791e : java.lang.Object
	at com.github.javaparser.resolution.TypeSolver.solveType(TypeSolver.java:71)

36879      ERROR Test worker     d.u.i.k.n.b.TacletPBuilder Error in parsing taclet. de.uka.ilkd.key.util.parsing.BuildingException: Unsolved symbol in de.uka.ilkd.key.java.JavaParserFactory$DynamicTypeSolver@1c7f791e : java.lang.Object at file:/D:/a/key/key/key.core/build/resources/main/de/uka/ilkd/key/proof/rules/floatAssignment2UpdateRules.key:74:15
	at de.uka.ilkd.key.nparser.builder.AbstractBuilder.accept(AbstractBuilder.java:54)
Caused by: com.github.javaparser.resolution.UnsolvedSymbolException: Unsolved symbol in de.uka.ilkd.key.java.JavaParserFactory$DynamicTypeSolver@1c7f791e : java.lang.Object
	at com.github.javaparser.resolution.TypeSolver.solveType(TypeSolver.java:71)

36879      ERROR Test worker     d.u.i.k.n.b.AbstractBuilder  com.github.javaparser.resolution.UnsolvedSymbolException: Unsolved symbol in de.uka.ilkd.key.java.JavaParserFactory$DynamicTypeSolver@1c7f791e : java.lang.Object
	at com.github.javaparser.resolution.TypeSolver.solveType(TypeSolver.java:71)

36879      ERROR Test worker     d.u.i.k.n.b.TacletPBuilder Error in parsing taclet. de.uka.ilkd.key.util.parsing.BuildingException: Unsolved symbol in de.uka.ilkd.key.java.JavaParserFactory$DynamicTypeSolver@1c7f791e : java.lang.Object at file:/D:/a/key/key/key.core/build/resources/main/de/uka/ilkd/key/proof/rules/floatAssignment2UpdateRules.key:82:15
	at de.uka.ilkd.key.nparser.builder.AbstractBuilder.accept(AbstractBuilder.java:54)
Caused by: com.github.javaparser.resolution.UnsolvedSymbolException: Unsolved symbol in de.uka.ilkd.key.java.JavaParserFactory$DynamicTypeSolver@1c7f791e : java.lang.Object
	at com.github.javaparser.resolution.TypeSolver.solveType(TypeSolver.java:71)

36879      ERROR Test worker     d.u.i.k.n.b.AbstractBuilder  com.github.javaparser.resolution.UnsolvedSymbolException: Unsolved symbol in de.uka.ilkd.key.java.JavaParserFactory$DynamicTypeSolver@1c7f791e : java.lang.Object
	at com.github.javaparser.resolution.TypeSolver.solveType(TypeSolver.java:71)

36879      ERROR Test worker     d.u.i.k.n.b.TacletPBuilder Error in parsing taclet. de.uka.ilkd.key.util.parsing.BuildingException: Unsolved symbol in de.uka.ilkd.key.java.JavaParserFactory$DynamicTypeSolver@1c7f791e : java.lang.Object at file:/D:/a/key/key/key.core/build/resources/main/de/uka/ilkd/key/proof/rules/floatAssignment2UpdateRules.key:93:15
	at de.uka.ilkd.key.nparser.builder.AbstractBuilder.accept(AbstractBuilder.java:54)
Caused by: com.github.javaparser.resolution.UnsolvedSymbolException: Unsolved symbol in de.uka.ilkd.key.java.JavaParserFactory$DynamicTypeSolver@1c7f791e : java.lang.Object
	at com.github.javaparser.resolution.TypeSolver.solveType(TypeSolver.java:71)

36879      ERROR Test worker     d.u.i.k.n.b.AbstractBuilder  com.github.javaparser.resolution.UnsolvedSymbolException: Unsolved symbol in de.uka.ilkd.key.java.JavaParserFactory$DynamicTypeSolver@1c7f791e : java.lang.Object
	at com.github.javaparser.resolution.TypeSolver.solveType(TypeSolver.java:71)

36879      ERROR Test worker     d.u.i.k.n.b.TacletPBuilder Error in parsing taclet. de.uka.ilkd.key.util.parsing.BuildingException: Unsolved symbol in de.uka.ilkd.key.java.JavaParserFactory$DynamicTypeSolver@1c7f791e : java.lang.Object at file:/D:/a/key/key/key.core/build/resources/main/de/uka/ilkd/key/proof/rules/floatAssignment2UpdateRules.key:101:15
	at de.uka.ilkd.key.nparser.builder.AbstractBuilder.accept(AbstractBuilder.java:54)
Caused by: com.github.javaparser.resolution.UnsolvedSymbolException: Unsolved symbol in de.uka.ilkd.key.java.JavaParserFactory$DynamicTypeSolver@1c7f791e : java.lang.Object
	at com.github.javaparser.resolution.TypeSolver.solveType(TypeSolver.java:71)

36895      ERROR Test worker     d.u.i.k.n.b.AbstractBuilder  com.github.javaparser.resolution.UnsolvedSymbolException: Unsolved symbol in de.uka.ilkd.key.java.JavaParserFactory$DynamicTypeSolver@1c7f791e : java.lang.Object
	at com.github.javaparser.resolution.TypeSolver.solveType(TypeSolver.java:71)

36895      ERROR Test worker     d.u.i.k.n.b.TacletPBuilder Error in parsing taclet. de.uka.ilkd.key.util.parsing.BuildingException: Unsolved symbol in de.uka.ilkd.key.java.JavaParserFactory$DynamicTypeSolver@1c7f791e : java.lang.Object at file:/D:/a/key/key/key.core/build/resources/main/de/uka/ilkd/key/proof/rules/floatAssignment2UpdateRules.key:109:15
	at de.uka.ilkd.key.nparser.builder.AbstractBuilder.accept(AbstractBuilder.java:54)
Caused by: com.github.javaparser.resolution.UnsolvedSymbolException: Unsolved symbol in de.uka.ilkd.key.java.JavaParserFactory$DynamicTypeSolver@1c7f791e : java.lang.Object
	at com.github.javaparser.resolution.TypeSolver.solveType(TypeSolver.java:71)

36895      ERROR Test worker     d.u.i.k.n.b.AbstractBuilder  com.github.javaparser.resolution.UnsolvedSymbolException: Unsolved symbol in de.uka.ilkd.key.java.JavaParserFactory$DynamicTypeSolver@1c7f791e : java.lang.Object
	at com.github.javaparser.resolution.TypeSolver.solveType(TypeSolver.java:71)

36895      ERROR Test worker     d.u.i.k.n.b.TacletPBuilder Error in parsing taclet. de.uka.ilkd.key.util.parsing.BuildingException: Unsolved symbol in de.uka.ilkd.key.java.JavaParserFactory$DynamicTypeSolver@1c7f791e : java.lang.Object at file:/D:/a/key/key/key.core/build/resources/main/de/uka/ilkd/key/proof/rules/floatAssignment2UpdateRules.key:117:15
	at de.uka.ilkd.key.nparser.builder.AbstractBuilder.accept(AbstractBuilder.java:54)
Caused by: com.github.javaparser.resolution.UnsolvedSymbolException: Unsolved symbol in de.uka.ilkd.key.java.JavaParserFactory$DynamicTypeSolver@1c7f791e : java.lang.Object
	at com.github.javaparser.resolution.TypeSolver.solveType(TypeSolver.java:71)

36895      ERROR Test worker     d.u.i.k.n.b.AbstractBuilder  com.github.javaparser.resolution.UnsolvedSymbolException: Unsolved symbol in de.uka.ilkd.key.java.JavaParserFactory$DynamicTypeSolver@1c7f791e : java.lang.Object
	at com.github.javaparser.resolution.TypeSolver.solveType(TypeSolver.java:71)

36895      ERROR Test worker     d.u.i.k.n.b.TacletPBuilder Error in parsing taclet. de.uka.ilkd.key.util.parsing.BuildingException: Unsolved symbol in de.uka.ilkd.key.java.JavaParserFactory$DynamicTypeSolver@1c7f791e : java.lang.Object at file:/D:/a/key/key/key.core/build/resources/main/de/uka/ilkd/key/proof/rules/floatAssignment2UpdateRules.key:125:15
	at de.uka.ilkd.key.nparser.builder.AbstractBuilder.accept(AbstractBuilder.java:54)
Caused by: com.github.javaparser.resolution.UnsolvedSymbolException: Unsolved symbol in de.uka.ilkd.key.java.JavaParserFactory$DynamicTypeSolver@1c7f791e : java.lang.Object
	at com.github.javaparser.resolution.TypeSolver.solveType(TypeSolver.java:71)

36895      ERROR Test worker     d.u.i.k.n.b.AbstractBuilder  com.github.javaparser.resolution.UnsolvedSymbolException: Unsolved symbol in de.uka.ilkd.key.java.JavaParserFactory$DynamicTypeSolver@1c7f791e : java.lang.Object
	at com.github.javaparser.resolution.TypeSolver.solveType(TypeSolver.java:71)

36895      ERROR Test worker     d.u.i.k.n.b.TacletPBuilder Error in parsing taclet. de.uka.ilkd.key.util.parsing.BuildingException: Unsolved symbol in de.uka.ilkd.key.java.JavaParserFactory$DynamicTypeSolver@1c7f791e : java.lang.Object at file:/D:/a/key/key/key.core/build/resources/main/de/uka/ilkd/key/proof/rules/floatAssignment2UpdateRules.key:133:15
	at de.uka.ilkd.key.nparser.builder.AbstractBuilder.accept(AbstractBuilder.java:54)
Caused by: com.github.javaparser.resolution.UnsolvedSymbolException: Unsolved symbol in de.uka.ilkd.key.java.JavaParserFactory$DynamicTypeSolver@1c7f791e : java.lang.Object
	at com.github.javaparser.resolution.TypeSolver.solveType(TypeSolver.java:71)

36895      ERROR Test worker     d.u.i.k.n.b.AbstractBuilder  com.github.javaparser.resolution.UnsolvedSymbolException: Unsolved symbol in de.uka.ilkd.key.java.JavaParserFactory$DynamicTypeSolver@1c7f791e : java.lang.Object
	at com.github.javaparser.resolution.TypeSolver.solveType(TypeSolver.java:71)

36895      ERROR Test worker     d.u.i.k.n.b.TacletPBuilder Error in parsing taclet. de.uka.ilkd.key.util.parsing.BuildingException: Unsolved symbol in de.uka.ilkd.key.java.JavaParserFactory$DynamicTypeSolver@1c7f791e : java.lang.Object at file:/D:/a/key/key/key.core/build/resources/main/de/uka/ilkd/key/proof/rules/floatAssignment2UpdateRules.key:143:15
	at de.uka.ilkd.key.nparser.builder.AbstractBuilder.accept(AbstractBuilder.java:54)
Caused by: com.github.javaparser.resolution.UnsolvedSymbolException: Unsolved symbol in de.uka.ilkd.key.java.JavaParserFactory$DynamicTypeSolver@1c7f791e : java.lang.Object
	at com.github.javaparser.resolution.TypeSolver.solveType(TypeSolver.java:71)

36895      ERROR Test worker     d.u.i.k.n.b.AbstractBuilder  com.github.javaparser.resolution.UnsolvedSymbolException: Unsolved symbol in de.uka.ilkd.key.java.JavaParserFactory$DynamicTypeSolver@1c7f791e : java.lang.Object
	at com.github.javaparser.resolution.TypeSolver.solveType(TypeSolver.java:71)

36895      ERROR Test worker     d.u.i.k.n.b.TacletPBuilder Error in parsing taclet. de.uka.ilkd.key.util.parsing.BuildingException: Unsolved symbol in de.uka.ilkd.key.java.JavaParserFactory$DynamicTypeSolver@1c7f791e : java.lang.Object at file:/D:/a/key/key/key.core/build/resources/main/de/uka/ilkd/key/proof/rules/floatAssignment2UpdateRules.key:153:15
	at de.uka.ilkd.key.nparser.builder.AbstractBuilder.accept(AbstractBuilder.java:54)
Caused by: com.github.javaparser.resolution.UnsolvedSymbolException: Unsolved symbol in de.uka.ilkd.key.java.JavaParserFactory$DynamicTypeSolver@1c7f791e : java.lang.Object
	at com.github.javaparser.resolution.TypeSolver.solveType(TypeSolver.java:71)

36895      ERROR Test worker     d.u.i.k.n.b.AbstractBuilder  com.github.javaparser.resolution.UnsolvedSymbolException: Unsolved symbol in de.uka.ilkd.key.java.JavaParserFactory$DynamicTypeSolver@1c7f791e : java.lang.Object
	at com.github.javaparser.resolution.TypeSolver.solveType(TypeSolver.java:71)

36895      ERROR Test worker     d.u.i.k.n.b.TacletPBuilder Error in parsing taclet. de.uka.ilkd.key.util.parsing.BuildingException: Unsolved symbol in de.uka.ilkd.key.java.JavaParserFactory$DynamicTypeSolver@1c7f791e : java.lang.Object at file:/D:/a/key/key/key.core/build/resources/main/de/uka/ilkd/key/proof/rules/floatAssignment2UpdateRules.key:165:15
	at de.uka.ilkd.key.nparser.builder.AbstractBuilder.accept(AbstractBuilder.java:54)
Caused by: com.github.javaparser.resolution.UnsolvedSymbolException: Unsolved symbol in de.uka.ilkd.key.java.JavaParserFactory$DynamicTypeSolver@1c7f791e : java.lang.Object
	at com.github.javaparser.resolution.TypeSolver.solveType(TypeSolver.java:71)

36895      ERROR Test worker     d.u.i.k.n.b.AbstractBuilder  com.github.javaparser.resolution.UnsolvedSymbolException: Unsolved symbol in de.uka.ilkd.key.java.JavaParserFactory$DynamicTypeSolver@1c7f791e : java.lang.Object
	at com.github.javaparser.resolution.TypeSolver.solveType(TypeSolver.java:71)

36895      ERROR Test worker     d.u.i.k.n.b.TacletPBuilder Error in parsing taclet. de.uka.ilkd.key.util.parsing.BuildingException: Unsolved symbol in de.uka.ilkd.key.java.JavaParserFactory$DynamicTypeSolver@1c7f791e : java.lang.Object at file:/D:/a/key/key/key.core/build/resources/main/de/uka/ilkd/key/proof/rules/floatAssignment2UpdateRules.key:177:15
	at de.uka.ilkd.key.nparser.builder.AbstractBuilder.accept(AbstractBuilder.java:54)
Caused by: com.github.javaparser.resolution.UnsolvedSymbolException: Unsolved symbol in de.uka.ilkd.key.java.JavaParserFactory$DynamicTypeSolver@1c7f791e : java.lang.Object
	at com.github.javaparser.resolution.TypeSolver.solveType(TypeSolver.java:71)

36895      ERROR Test worker     d.u.i.k.n.b.AbstractBuilder  com.github.javaparser.resolution.UnsolvedSymbolException: Unsolved symbol in de.uka.ilkd.key.java.JavaParserFactory$DynamicTypeSolver@1c7f791e : java.lang.Object
	at com.github.javaparser.resolution.TypeSolver.solveType(TypeSolver.java:71)

36895      ERROR Test worker     d.u.i.k.n.b.TacletPBuilder Error in parsing taclet. de.uka.ilkd.key.util.parsing.BuildingException: Unsolved symbol in de.uka.ilkd.key.java.JavaParserFactory$DynamicTypeSolver@1c7f791e : java.lang.Object at file:/D:/a/key/key/key.core/build/resources/main/de/uka/ilkd/key/proof/rules/floatAssignment2UpdateRules.key:189:15
	at de.uka.ilkd.key.nparser.builder.AbstractBuilder.accept(AbstractBuilder.java:54)
Caused by: com.github.javaparser.resolution.UnsolvedSymbolException: Unsolved symbol in de.uka.ilkd.key.java.JavaParserFactory$DynamicTypeSolver@1c7f791e : java.lang.Object
	at com.github.javaparser.resolution.TypeSolver.solveType(TypeSolver.java:71)

36895      ERROR Test worker     d.u.i.k.n.b.AbstractBuilder  com.github.javaparser.resolution.UnsolvedSymbolException: Unsolved symbol in de.uka.ilkd.key.java.JavaParserFactory$DynamicTypeSolver@1c7f791e : java.lang.Object
	at com.github.javaparser.resolution.TypeSolver.solveType(TypeSolver.java:71)

36910      ERROR Test worker     d.u.i.k.n.b.TacletPBuilder Error in parsing taclet. de.uka.ilkd.key.util.parsing.BuildingException: Unsolved symbol in de.uka.ilkd.key.java.JavaParserFactory$DynamicTypeSolver@1c7f791e : java.lang.Object at file:/D:/a/key/key/key.core/build/resources/main/de/uka/ilkd/key/proof/rules/floatAssignment2UpdateRules.key:201:15
	at de.uka.ilkd.key.nparser.builder.AbstractBuilder.accept(AbstractBuilder.java:54)
Caused by: com.github.javaparser.resolution.UnsolvedSymbolException: Unsolved symbol in de.uka.ilkd.key.java.JavaParserFactory$DynamicTypeSolver@1c7f791e : java.lang.Object
	at com.github.javaparser.resolution.TypeSolver.solveType(TypeSolver.java:71)

36910      ERROR Test worker     d.u.i.k.n.b.AbstractBuilder  com.github.javaparser.resolution.UnsolvedSymbolException: Unsolved symbol in de.uka.ilkd.key.java.JavaParserFactory$DynamicTypeSolver@1c7f791e : java.lang.Object
	at com.github.javaparser.resolution.TypeSolver.solveType(TypeSolver.java:71)

36910      ERROR Test worker     d.u.i.k.n.b.TacletPBuilder Error in parsing taclet. de.uka.ilkd.key.util.parsing.BuildingException: Unsolved symbol in de.uka.ilkd.key.java.JavaParserFactory$DynamicTypeSolver@1c7f791e : java.lang.Object at file:/D:/a/key/key/key.core/build/resources/main/de/uka/ilkd/key/proof/rules/floatAssignment2UpdateRules.key:214:15
	at de.uka.ilkd.key.nparser.builder.AbstractBuilder.accept(AbstractBuilder.java:54)
Caused by: com.github.javaparser.resolution.UnsolvedSymbolException: Unsolved symbol in de.uka.ilkd.key.java.JavaParserFactory$DynamicTypeSolver@1c7f791e : java.lang.Object
	at com.github.javaparser.resolution.TypeSolver.solveType(TypeSolver.java:71)

36910      ERROR Test worker     d.u.i.k.n.b.AbstractBuilder  com.github.javaparser.resolution.UnsolvedSymbolException: Unsolved symbol in de.uka.ilkd.key.java.JavaParserFactory$DynamicTypeSolver@1c7f791e : java.lang.Object
	at com.github.javaparser.resolution.TypeSolver.solveType(TypeSolver.java:71)

36910      ERROR Test worker     d.u.i.k.n.b.TacletPBuilder Error in parsing taclet. de.uka.ilkd.key.util.parsing.BuildingException: Unsolved symbol in de.uka.ilkd.key.java.JavaParserFactory$DynamicTypeSolver@1c7f791e : java.lang.Object at file:/D:/a/key/key/key.core/build/resources/main/de/uka/ilkd/key/proof/rules/floatAssignment2UpdateRules.key:226:15
	at de.uka.ilkd.key.nparser.builder.AbstractBuilder.accept(AbstractBuilder.java:54)
Caused by: com.github.javaparser.resolution.UnsolvedSymbolException: Unsolved symbol in de.uka.ilkd.key.java.JavaParserFactory$DynamicTypeSolver@1c7f791e : java.lang.Object
	at com.github.javaparser.resolution.TypeSolver.solveType(TypeSolver.java:71)

36910      ERROR Test worker     d.u.i.k.n.b.AbstractBuilder  com.github.javaparser.resolution.UnsolvedSymbolException: Unsolved symbol in de.uka.ilkd.key.java.JavaParserFactory$DynamicTypeSolver@1c7f791e : java.lang.Object
	at com.github.javaparser.resolution.TypeSolver.solveType(TypeSolver.java:71)

36910      ERROR Test worker     d.u.i.k.n.b.TacletPBuilder Error in parsing taclet. de.uka.ilkd.key.util.parsing.BuildingException: Unsolved symbol in de.uka.ilkd.key.java.JavaParserFactory$DynamicTypeSolver@1c7f791e : java.lang.Object at file:/D:/a/key/key/key.core/build/resources/main/de/uka/ilkd/key/proof/rules/floatAssignment2UpdateRules.key:238:15
	at de.uka.ilkd.key.nparser.builder.AbstractBuilder.accept(AbstractBuilder.java:54)
Caused by: com.github.javaparser.resolution.UnsolvedSymbolException: Unsolved symbol in de.uka.ilkd.key.java.JavaParserFactory$DynamicTypeSolver@1c7f791e : java.lang.Object
	at com.github.javaparser.resolution.TypeSolver.solveType(TypeSolver.java:71)

36910      ERROR Test worker     d.u.i.k.n.b.AbstractBuilder  com.github.javaparser.resolution.UnsolvedSymbolException: Unsolved symbol in de.uka.ilkd.key.java.JavaParserFactory$DynamicTypeSolver@1c7f791e : java.lang.Object
	at com.github.javaparser.resolution.TypeSolver.solveType(TypeSolver.java:71)

36910      ERROR Test worker     d.u.i.k.n.b.TacletPBuilder Error in parsing taclet. de.uka.ilkd.key.util.parsing.BuildingException: Unsolved symbol in de.uka.ilkd.key.java.JavaParserFactory$DynamicTypeSolver@1c7f791e : java.lang.Object at file:/D:/a/key/key/key.core/build/resources/main/de/uka/ilkd/key/proof/rules/floatAssignment2UpdateRules.key:250:15
	at de.uka.ilkd.key.nparser.builder.AbstractBuilder.accept(AbstractBuilder.java:54)
Caused by: com.github.javaparser.resolution.UnsolvedSymbolException: Unsolved symbol in de.uka.ilkd.key.java.JavaParserFactory$DynamicTypeSolver@1c7f791e : java.lang.Object
	at com.github.javaparser.resolution.TypeSolver.solveType(TypeSolver.java:71)

36910      ERROR Test worker     d.u.i.k.n.b.AbstractBuilder  com.github.javaparser.resolution.UnsolvedSymbolException: Unsolved symbol in de.uka.ilkd.key.java.JavaParserFactory$DynamicTypeSolver@1c7f791e : java.lang.Object
	at com.github.javaparser.resolution.TypeSolver.solveType(TypeSolver.java:71)

36910      ERROR Test worker     d.u.i.k.n.b.TacletPBuilder Error in parsing taclet. de.uka.ilkd.key.util.parsing.BuildingException: Unsolved symbol in de.uka.ilkd.key.java.JavaParserFactory$DynamicTypeSolver@1c7f791e : java.lang.Object at file:/D:/a/key/key/key.core/build/resources/main/de/uka/ilkd/key/proof/rules/floatAssignment2UpdateRules.key:264:15
	at de.uka.ilkd.key.nparser.builder.AbstractBuilder.accept(AbstractBuilder.java:54)
Caused by: com.github.javaparser.resolution.UnsolvedSymbolException: Unsolved symbol in de.uka.ilkd.key.java.JavaParserFactory$DynamicTypeSolver@1c7f791e : java.lang.Object
	at com.github.javaparser.resolution.TypeSolver.solveType(TypeSolver.java:71)

36910      ERROR Test worker     d.u.i.k.n.b.AbstractBuilder  com.github.javaparser.resolution.UnsolvedSymbolException: Unsolved symbol in de.uka.ilkd.key.java.JavaParserFactory$DynamicTypeSolver@1c7f791e : java.lang.Object
	at com.github.javaparser.resolution.TypeSolver.solveType(TypeSolver.java:71)

36910      ERROR Test worker     d.u.i.k.n.b.TacletPBuilder Error in parsing taclet. de.uka.ilkd.key.util.parsing.BuildingException: Unsolved symbol in de.uka.ilkd.key.java.JavaParserFactory$DynamicTypeSolver@1c7f791e : java.lang.Object at file:/D:/a/key/key/key.core/build/resources/main/de/uka/ilkd/key/proof/rules/floatAssignment2UpdateRules.key:276:15
	at de.uka.ilkd.key.nparser.builder.AbstractBuilder.accept(AbstractBuilder.java:54)
Caused by: com.github.javaparser.resolution.UnsolvedSymbolException: Unsolved symbol in de.uka.ilkd.key.java.JavaParserFactory$DynamicTypeSolver@1c7f791e : java.lang.Object
	at com.github.javaparser.resolution.TypeSolver.solveType(TypeSolver.java:71)

36910      ERROR Test worker     d.u.i.k.n.b.AbstractBuilder  com.github.javaparser.resolution.UnsolvedSymbolException: Unsolved symbol in de.uka.ilkd.key.java.JavaParserFactory$DynamicTypeSolver@1c7f791e : java.lang.Object
	at com.github.javaparser.resolution.TypeSolver.solveType(TypeSolver.java:71)

36910      ERROR Test worker     d.u.i.k.n.b.TacletPBuilder Error in parsing taclet. de.uka.ilkd.key.util.parsing.BuildingException: Unsolved symbol in de.uka.ilkd.key.java.JavaParserFactory$DynamicTypeSolver@1c7f791e : java.lang.Object at file:/D:/a/key/key/key.core/build/resources/main/de/uka/ilkd/key/proof/rules/floatAssignment2UpdateRules.key:288:15
	at de.uka.ilkd.key.nparser.builder.AbstractBuilder.accept(AbstractBuilder.java:54)
Caused by: com.github.javaparser.resolution.UnsolvedSymbolException: Unsolved symbol in de.uka.ilkd.key.java.JavaParserFactory$DynamicTypeSolver@1c7f791e : java.lang.Object
	at com.github.javaparser.resolution.TypeSolver.solveType(TypeSolver.java:71)

36926      ERROR Test worker     d.u.i.k.n.b.AbstractBuilder  com.github.javaparser.resolution.UnsolvedSymbolException: Unsolved symbol in de.uka.ilkd.key.java.JavaParserFactory$DynamicTypeSolver@1c7f791e : java.lang.Object
	at com.github.javaparser.resolution.TypeSolver.solveType(TypeSolver.java:71)

36926      ERROR Test worker     d.u.i.k.n.b.TacletPBuilder Error in parsing taclet. de.uka.ilkd.key.util.parsing.BuildingException: Unsolved symbol in de.uka.ilkd.key.java.JavaParserFactory$DynamicTypeSolver@1c7f791e : java.lang.Object at file:/D:/a/key/key/key.core/build/resources/main/de/uka/ilkd/key/proof/rules/floatAssignment2UpdateRules.key:300:15
	at de.uka.ilkd.key.nparser.builder.AbstractBuilder.accept(AbstractBuilder.java:54)
Caused by: com.github.javaparser.resolution.UnsolvedSymbolException: Unsolved symbol in de.uka.ilkd.key.java.JavaParserFactory$DynamicTypeSolver@1c7f791e : java.lang.Object
	at com.github.javaparser.resolution.TypeSolver.solveType(TypeSolver.java:71)

36926      ERROR Test worker     d.u.i.k.n.b.AbstractBuilder  com.github.javaparser.resolution.UnsolvedSymbolException: Unsolved symbol in de.uka.ilkd.key.java.JavaParserFactory$DynamicTypeSolver@1c7f791e : java.lang.Object
	at com.github.javaparser.resolution.TypeSolver.solveType(TypeSolver.java:71)

36926      ERROR Test worker     d.u.i.k.n.b.TacletPBuilder Error in parsing taclet. de.uka.ilkd.key.util.parsing.BuildingException: Unsolved symbol in de.uka.ilkd.key.java.JavaParserFactory$DynamicTypeSolver@1c7f791e : java.lang.Object at file:/D:/a/key/key/key.core/build/resources/main/de/uka/ilkd/key/proof/rules/floatAssignment2UpdateRules.key:312:15
	at de.uka.ilkd.key.nparser.builder.AbstractBuilder.accept(AbstractBuilder.java:54)
Caused by: com.github.javaparser.resolution.UnsolvedSymbolException: Unsolved symbol in de.uka.ilkd.key.java.JavaParserFactory$DynamicTypeSolver@1c7f791e : java.lang.Object
	at com.github.javaparser.resolution.TypeSolver.solveType(TypeSolver.java:71)

36926      ERROR Test worker     d.u.i.k.n.b.AbstractBuilder  com.github.javaparser.resolution.UnsolvedSymbolException: Unsolved symbol in de.uka.ilkd.key.java.JavaParserFactory$DynamicTypeSolver@1c7f791e : java.lang.Object
	at com.github.javaparser.resolution.TypeSolver.solveType(TypeSolver.java:71)

36926      ERROR Test worker     d.u.i.k.n.b.TacletPBuilder Error in parsing taclet. de.uka.ilkd.key.util.parsing.BuildingException: Unsolved symbol in de.uka.ilkd.key.java.JavaParserFactory$DynamicTypeSolver@1c7f791e : java.lang.Object at file:/D:/a/key/key/key.core/build/resources/main/de/uka/ilkd/key/proof/rules/floatAssignment2UpdateRules.key:324:15
	at de.uka.ilkd.key.nparser.builder.AbstractBuilder.accept(AbstractBuilder.java:54)
Caused by: com.github.javaparser.resolution.UnsolvedSymbolException: Unsolved symbol in de.uka.ilkd.key.java.JavaParserFactory$DynamicTypeSolver@1c7f791e : java.lang.Object
	at com.github.javaparser.resolution.TypeSolver.solveType(TypeSolver.java:71)

36926      ERROR Test worker     d.u.i.k.n.b.AbstractBuilder  com.github.javaparser.resolution.UnsolvedSymbolException: Unsolved symbol in de.uka.ilkd.key.java.JavaParserFactory$DynamicTypeSolver@1c7f791e : java.lang.Object
	at com.github.javaparser.resolution.TypeSolver.solveType(TypeSolver.java:71)

36926      ERROR Test worker     d.u.i.k.n.b.TacletPBuilder Error in parsing taclet. de.uka.ilkd.key.util.parsing.BuildingException: Unsolved symbol in de.uka.ilkd.key.java.JavaParserFactory$DynamicTypeSolver@1c7f791e : java.lang.Object at file:/D:/a/key/key/key.core/build/resources/main/de/uka/ilkd/key/proof/rules/floatAssignment2UpdateRules.key:336:15
	at de.uka.ilkd.key.nparser.builder.AbstractBuilder.accept(AbstractBuilder.java:54)
Caused by: com.github.javaparser.resolution.UnsolvedSymbolException: Unsolved symbol in de.uka.ilkd.key.java.JavaParserFactory$DynamicTypeSolver@1c7f791e : java.lang.Object
	at com.github.javaparser.resolution.TypeSolver.solveType(TypeSolver.java:71)

36926      ERROR Test worker     d.u.i.k.n.b.AbstractBuilder  com.github.javaparser.resolution.UnsolvedSymbolException: Unsolved symbol in de.uka.ilkd.key.java.JavaParserFactory$DynamicTypeSolver@1c7f791e : java.lang.Object
	at com.github.javaparser.resolution.TypeSolver.solveType(TypeSolver.java:71)

36926      ERROR Test worker     d.u.i.k.n.b.TacletPBuilder Error in parsing taclet. de.uka.ilkd.key.util.parsing.BuildingException: Unsolved symbol in de.uka.ilkd.key.java.JavaParserFactory$DynamicTypeSolver@1c7f791e : java.lang.Object at file:/D:/a/key/key/key.core/build/resources/main/de/uka/ilkd/key/proof/rules/floatAssignment2UpdateRules.key:348:15
	at de.uka.ilkd.key.nparser.builder.AbstractBuilder.accept(AbstractBuilder.java:54)
Caused by: com.github.javaparser.resolution.UnsolvedSymbolException: Unsolved symbol in de.uka.ilkd.key.java.JavaParserFactory$DynamicTypeSolver@1c7f791e : java.lang.Object
	at com.github.javaparser.resolution.TypeSolver.solveType(TypeSolver.java:71)

36926      ERROR Test worker     d.u.i.k.n.b.AbstractBuilder  com.github.javaparser.resolution.UnsolvedSymbolException: Unsolved symbol in de.uka.ilkd.key.java.JavaParserFactory$DynamicTypeSolver@1c7f791e : java.lang.Object
	at com.github.javaparser.resolution.TypeSolver.solveType(TypeSolver.java:71)

36926      ERROR Test worker     d.u.i.k.n.b.TacletPBuilder Error in parsing taclet. de.uka.ilkd.key.util.parsing.BuildingException: Unsolved symbol in de.uka.ilkd.key.java.JavaParserFactory$DynamicTypeSolver@1c7f791e : java.lang.Object at file:/D:/a/key/key/key.core/build/resources/main/de/uka/ilkd/key/proof/rules/floatAssignment2UpdateRules.key:361:15
	at de.uka.ilkd.key.nparser.builder.AbstractBuilder.accept(AbstractBuilder.java:54)
Caused by: com.github.javaparser.resolution.UnsolvedSymbolException: Unsolved symbol in de.uka.ilkd.key.java.JavaParserFactory$DynamicTypeSolver@1c7f791e : java.lang.Object
	at com.github.javaparser.resolution.TypeSolver.solveType(TypeSolver.java:71)

36926      ERROR Test worker     d.u.i.k.n.b.AbstractBuilder  com.github.javaparser.resolution.UnsolvedSymbolException: Unsolved symbol in de.uka.ilkd.key.java.JavaParserFactory$DynamicTypeSolver@1c7f791e : java.lang.Object
	at com.github.javaparser.resolution.TypeSolver.solveType(TypeSolver.java:71)

36926      ERROR Test worker     d.u.i.k.n.b.TacletPBuilder Error in parsing taclet. de.uka.ilkd.key.util.parsing.BuildingException: Unsolved symbol in de.uka.ilkd.key.java.JavaParserFactory$DynamicTypeSolver@1c7f791e : java.lang.Object at file:/D:/a/key/key/key.core/build/resources/main/de/uka/ilkd/key/proof/rules/floatAssignment2UpdateRules.key:372:15
	at de.uka.ilkd.key.nparser.builder.AbstractBuilder.accept(AbstractBuilder.java:54)
Caused by: com.github.javaparser.resolution.UnsolvedSymbolException: Unsolved symbol in de.uka.ilkd.key.java.JavaParserFactory$DynamicTypeSolver@1c7f791e : java.lang.Object
	at com.github.javaparser.resolution.TypeSolver.solveType(TypeSolver.java:71)

36926      ERROR Test worker     d.u.i.k.n.b.AbstractBuilder  com.github.javaparser.resolution.UnsolvedSymbolException: Unsolved symbol in de.uka.ilkd.key.java.JavaParserFactory$DynamicTypeSolver@1c7f791e : java.lang.Object
	at com.github.javaparser.resolution.TypeSolver.solveType(TypeSolver.java:71)

36926      ERROR Test worker     d.u.i.k.n.b.TacletPBuilder Error in parsing taclet. de.uka.ilkd.key.util.parsing.BuildingException: Unsolved symbol in de.uka.ilkd.key.java.JavaParserFactory$DynamicTypeSolver@1c7f791e : java.lang.Object at file:/D:/a/key/key/key.core/build/resources/main/de/uka/ilkd/key/proof/rules/floatAssignment2UpdateRules.key:385:15
	at de.uka.ilkd.key.nparser.builder.AbstractBuilder.accept(AbstractBuilder.java:54)
Caused by: com.github.javaparser.resolution.UnsolvedSymbolException: Unsolved symbol in de.uka.ilkd.key.java.JavaParserFactory$DynamicTypeSolver@1c7f791e : java.lang.Object
	at com.github.javaparser.resolution.TypeSolver.solveType(TypeSolver.java:71)

36942      ERROR Test worker     d.u.i.k.n.b.AbstractBuilder  com.github.javaparser.resolution.UnsolvedSymbolException: Unsolved symbol in de.uka.ilkd.key.java.JavaParserFactory$DynamicTypeSolver@1c7f791e : java.lang.Object
	at com.github.javaparser.resolution.TypeSolver.solveType(TypeSolver.java:71)

36942      ERROR Test worker     d.u.i.k.n.b.TacletPBuilder Error in parsing taclet. de.uka.ilkd.key.util.parsing.BuildingException: Unsolved symbol in de.uka.ilkd.key.java.JavaParserFactory$DynamicTypeSolver@1c7f791e : java.lang.Object at file:/D:/a/key/key/key.core/build/resources/main/de/uka/ilkd/key/proof/rules/floatAssignment2UpdateRules.key:397:15
	at de.uka.ilkd.key.nparser.builder.AbstractBuilder.accept(AbstractBuilder.java:54)
Caused by: com.github.javaparser.resolution.UnsolvedSymbolException: Unsolved symbol in de.uka.ilkd.key.java.JavaParserFactory$DynamicTypeSolver@1c7f791e : java.lang.Object
	at com.github.javaparser.resolution.TypeSolver.solveType(TypeSolver.java:71)

36942      ERROR Test worker     d.u.i.k.n.b.AbstractBuilder  com.github.javaparser.resolution.UnsolvedSymbolException: Unsolved symbol in de.uka.ilkd.key.java.JavaParserFactory$DynamicTypeSolver@1c7f791e : java.lang.Object
	at com.github.javaparser.resolution.TypeSolver.solveType(TypeSolver.java:71)

36942      ERROR Test worker     d.u.i.k.n.b.TacletPBuilder Error in parsing taclet. de.uka.ilkd.key.util.parsing.BuildingException: Unsolved symbol in de.uka.ilkd.key.java.JavaParserFactory$DynamicTypeSolver@1c7f791e : java.lang.Object at file:/D:/a/key/key/key.core/build/resources/main/de/uka/ilkd/key/proof/rules/floatAssignment2UpdateRules.key:407:15
	at de.uka.ilkd.key.nparser.builder.AbstractBuilder.accept(AbstractBuilder.java:54)
Caused by: com.github.javaparser.resolution.UnsolvedSymbolException: Unsolved symbol in de.uka.ilkd.key.java.JavaParserFactory$DynamicTypeSolver@1c7f791e : java.lang.Object
	at com.github.javaparser.resolution.TypeSolver.solveType(TypeSolver.java:71)

36942      ERROR Test worker     d.u.i.k.n.b.AbstractBuilder  com.github.javaparser.resolution.UnsolvedSymbolException: Unsolved symbol in de.uka.ilkd.key.java.JavaParserFactory$DynamicTypeSolver@1c7f791e : java.lang.Object
	at com.github.javaparser.resolution.TypeSolver.solveType(TypeSolver.java:71)

36942      ERROR Test worker     d.u.i.k.n.b.TacletPBuilder Error in parsing taclet. de.uka.ilkd.key.util.parsing.BuildingException: Unsolved symbol in de.uka.ilkd.key.java.JavaParserFactory$DynamicTypeSolver@1c7f791e : java.lang.Object at file:/D:/a/key/key/key.core/build/resources/main/de/uka/ilkd/key/proof/rules/floatAssignment2UpdateRules.key:421:15
	at de.uka.ilkd.key.nparser.builder.AbstractBuilder.accept(AbstractBuilder.java:54)
Caused by: com.github.javaparser.resolution.UnsolvedSymbolException: Unsolved symbol in de.uka.ilkd.key.java.JavaParserFactory$DynamicTypeSolver@1c7f791e : java.lang.Object
	at com.github.javaparser.resolution.TypeSolver.solveType(TypeSolver.java:71)

36942      ERROR Test worker     d.u.i.k.n.b.AbstractBuilder  com.github.javaparser.resolution.UnsolvedSymbolException: Unsolved symbol in de.uka.ilkd.key.java.JavaParserFactory$DynamicTypeSolver@1c7f791e : java.lang.Object
	at com.github.javaparser.resolution.TypeSolver.solveType(TypeSolver.java:71)

36942      ERROR Test worker     d.u.i.k.n.b.TacletPBuilder Error in parsing taclet. de.uka.ilkd.key.util.parsing.BuildingException: Unsolved symbol in de.uka.ilkd.key.java.JavaParserFactory$DynamicTypeSolver@1c7f791e : java.lang.Object at file:/D:/a/key/key/key.core/build/resources/main/de/uka/ilkd/key/proof/rules/floatAssignment2UpdateRules.key:431:15
	at de.uka.ilkd.key.nparser.builder.AbstractBuilder.accept(AbstractBuilder.java:54)
Caused by: com.github.javaparser.resolution.UnsolvedSymbolException: Unsolved symbol in de.uka.ilkd.key.java.JavaParserFactory$DynamicTypeSolver@1c7f791e : java.lang.Object
	at com.github.javaparser.resolution.TypeSolver.solveType(TypeSolver.java:71)

36942      ERROR Test worker     d.u.i.k.n.b.AbstractBuilder  com.github.javaparser.resolution.UnsolvedSymbolException: Unsolved symbol in de.uka.ilkd.key.java.JavaParserFactory$DynamicTypeSolver@1c7f791e : java.lang.Object
	at com.github.javaparser.resolution.TypeSolver.solveType(TypeSolver.java:71)

36942      ERROR Test worker     d.u.i.k.n.b.TacletPBuilder Error in parsing taclet. de.uka.ilkd.key.util.parsing.BuildingException: Unsolved symbol in de.uka.ilkd.key.java.JavaParserFactory$DynamicTypeSolver@1c7f791e : java.lang.Object at file:/D:/a/key/key/key.core/build/resources/main/de/uka/ilkd/key/proof/rules/floatAssignment2UpdateRules.key:441:15
	at de.uka.ilkd.key.nparser.builder.AbstractBuilder.accept(AbstractBuilder.java:54)
Caused by: com.github.javaparser.resolution.UnsolvedSymbolException: Unsolved symbol in de.uka.ilkd.key.java.JavaParserFactory$DynamicTypeSolver@1c7f791e : java.lang.Object
	at com.github.javaparser.resolution.TypeSolver.solveType(TypeSolver.java:71)

36942      ERROR Test worker     d.u.i.k.n.b.AbstractBuilder  com.github.javaparser.resolution.UnsolvedSymbolException: Unsolved symbol in de.uka.ilkd.key.java.JavaParserFactory$DynamicTypeSolver@1c7f791e : java.lang.Object
	at com.github.javaparser.resolution.TypeSolver.solveType(TypeSolver.java:71)

36942      ERROR Test worker     d.u.i.k.n.b.TacletPBuilder Error in parsing taclet. de.uka.ilkd.key.util.parsing.BuildingException: Unsolved symbol in de.uka.ilkd.key.java.JavaParserFactory$DynamicTypeSolver@1c7f791e : java.lang.Object at file:/D:/a/key/key/key.core/build/resources/main/de/uka/ilkd/key/proof/rules/floatAssignment2UpdateRules.key:452:15
	at de.uka.ilkd.key.nparser.builder.AbstractBuilder.accept(AbstractBuilder.java:54)
Caused by: com.github.javaparser.resolution.UnsolvedSymbolException: Unsolved symbol in de.uka.ilkd.key.java.JavaParserFactory$DynamicTypeSolver@1c7f791e : java.lang.Object
	at com.github.javaparser.resolution.TypeSolver.solveType(TypeSolver.java:71)

36942      ERROR Test worker     d.u.i.k.n.b.AbstractBuilder  com.github.javaparser.resolution.UnsolvedSymbolException: Unsolved symbol in de.uka.ilkd.key.java.JavaParserFactory$DynamicTypeSolver@1c7f791e : java.lang.Object
	at com.github.javaparser.resolution.TypeSolver.solveType(TypeSolver.java:71)

36942      ERROR Test worker     d.u.i.k.n.b.TacletPBuilder Error in parsing taclet. de.uka.ilkd.key.util.parsing.BuildingException: Unsolved symbol in de.uka.ilkd.key.java.JavaParserFactory$DynamicTypeSolver@1c7f791e : java.lang.Object at file:/D:/a/key/key/key.core/build/resources/main/de/uka/ilkd/key/proof/rules/floatAssignment2UpdateRules.key:463:15
	at de.uka.ilkd.key.nparser.builder.AbstractBuilder.accept(AbstractBuilder.java:54)
Caused by: com.github.javaparser.resolution.UnsolvedSymbolException: Unsolved symbol in de.uka.ilkd.key.java.JavaParserFactory$DynamicTypeSolver@1c7f791e : java.lang.Object
	at com.github.javaparser.resolution.TypeSolver.solveType(TypeSolver.java:71)

36942      ERROR Test worker     d.u.i.k.n.b.AbstractBuilder  com.github.javaparser.resolution.UnsolvedSymbolException: Unsolved symbol in de.uka.ilkd.key.java.JavaParserFactory$DynamicTypeSolver@1c7f791e : java.lang.Object
	at com.github.javaparser.resolution.TypeSolver.solveType(TypeSolver.java:71)

36942      ERROR Test worker     d.u.i.k.n.b.TacletPBuilder Error in parsing taclet. de.uka.ilkd.key.util.parsing.BuildingException: Unsolved symbol in de.uka.ilkd.key.java.JavaParserFactory$DynamicTypeSolver@1c7f791e : java.lang.Object at file:/D:/a/key/key/key.core/build/resources/main/de/uka/ilkd/key/proof/rules/floatAssignment2UpdateRules.key:473:15
	at de.uka.ilkd.key.nparser.builder.AbstractBuilder.accept(AbstractBuilder.java:54)
Caused by: com.github.javaparser.resolution.UnsolvedSymbolException: Unsolved symbol in de.uka.ilkd.key.java.JavaParserFactory$DynamicTypeSolver@1c7f791e : java.lang.Object
	at com.github.javaparser.resolution.TypeSolver.solveType(TypeSolver.java:71)

36942      ERROR Test worker     d.u.i.k.n.b.AbstractBuilder  com.github.javaparser.resolution.UnsolvedSymbolException: Unsolved symbol in de.uka.ilkd.key.java.JavaParserFactory$DynamicTypeSolver@1c7f791e : java.lang.Object
	at com.github.javaparser.resolution.TypeSolver.solveType(TypeSolver.java:71)

36942      ERROR Test worker     d.u.i.k.n.b.TacletPBuilder Error in parsing taclet. de.uka.ilkd.key.util.parsing.BuildingException: Unsolved symbol in de.uka.ilkd.key.java.JavaParserFactory$DynamicTypeSolver@1c7f791e : java.lang.Object at file:/D:/a/key/key/key.core/build/resources/main/de/uka/ilkd/key/proof/rules/floatAssignment2UpdateRules.key:485:15
	at de.uka.ilkd.key.nparser.builder.AbstractBuilder.accept(AbstractBuilder.java:54)
Caused by: com.github.javaparser.resolution.UnsolvedSymbolException: Unsolved symbol in de.uka.ilkd.key.java.JavaParserFactory$DynamicTypeSolver@1c7f791e : java.lang.Object
	at com.github.javaparser.resolution.TypeSolver.solveType(TypeSolver.java:71)

36957      ERROR Test worker     d.u.i.k.n.b.AbstractBuilder  com.github.javaparser.resolution.UnsolvedSymbolException: Unsolved symbol in de.uka.ilkd.key.java.JavaParserFactory$DynamicTypeSolver@1c7f791e : java.lang.Object
	at com.github.javaparser.resolution.TypeSolver.solveType(TypeSolver.java:71)

36957      ERROR Test worker     d.u.i.k.n.b.TacletPBuilder Error in parsing taclet. de.uka.ilkd.key.util.parsing.BuildingException: Unsolved symbol in de.uka.ilkd.key.java.JavaParserFactory$DynamicTypeSolver@1c7f791e : java.lang.Object at file:/D:/a/key/key/key.core/build/resources/main/de/uka/ilkd/key/proof/rules/floatAssignment2UpdateRules.key:493:15
	at de.uka.ilkd.key.nparser.builder.AbstractBuilder.accept(AbstractBuilder.java:54)
Caused by: com.github.javaparser.resolution.UnsolvedSymbolException: Unsolved symbol in de.uka.ilkd.key.java.JavaParserFactory$DynamicTypeSolver@1c7f791e : java.lang.Object
	at com.github.javaparser.resolution.TypeSolver.solveType(TypeSolver.java:71)

36957      ERROR Test worker     d.u.i.k.n.b.AbstractBuilder  com.github.javaparser.resolution.UnsolvedSymbolException: Unsolved symbol in de.uka.ilkd.key.java.JavaParserFactory$DynamicTypeSolver@1c7f791e : java.lang.Object
	at com.github.javaparser.resolution.TypeSolver.solveType(TypeSolver.java:71)

36957      ERROR Test worker     d.u.i.k.n.b.TacletPBuilder Error in parsing taclet. de.uka.ilkd.key.util.parsing.BuildingException: Unsolved symbol in de.uka.ilkd.key.java.JavaParserFactory$DynamicTypeSolver@1c7f791e : java.lang.Object at file:/D:/a/key/key/key.core/build/resources/main/de/uka/ilkd/key/proof/rules/bigint.key:22:15
	at de.uka.ilkd.key.nparser.builder.AbstractBuilder.accept(AbstractBuilder.java:54)
Caused by: com.github.javaparser.resolution.UnsolvedSymbolException: Unsolved symbol in de.uka.ilkd.key.java.JavaParserFactory$DynamicTypeSolver@1c7f791e : java.lang.Object
	at com.github.javaparser.resolution.TypeSolver.solveType(TypeSolver.java:71)

36957      ERROR Test worker     d.u.i.k.n.b.AbstractBuilder  com.github.javaparser.resolution.UnsolvedSymbolException: Unsolved symbol in de.uka.ilkd.key.java.JavaParserFactory$DynamicTypeSolver@1c7f791e : java.lang.Object
	at com.github.javaparser.resolution.TypeSolver.solveType(TypeSolver.java:71)

36957      ERROR Test worker     d.u.i.k.n.b.TacletPBuilder Error in parsing taclet. de.uka.ilkd.key.util.parsing.BuildingException: Unsolved symbol in de.uka.ilkd.key.java.JavaParserFactory$DynamicTypeSolver@1c7f791e : java.lang.Object at file:/D:/a/key/key/key.core/build/resources/main/de/uka/ilkd/key/proof/rules/bigint.key:31:15
	at de.uka.ilkd.key.nparser.builder.AbstractBuilder.accept(AbstractBuilder.java:54)
Caused by: com.github.javaparser.resolution.UnsolvedSymbolException: Unsolved symbol in de.uka.ilkd.key.java.JavaParserFactory$DynamicTypeSolver@1c7f791e : java.lang.Object
	at com.github.javaparser.resolution.TypeSolver.solveType(TypeSolver.java:71)

36957      ERROR Test worker     d.u.i.k.n.b.AbstractBuilder  com.github.javaparser.resolution.UnsolvedSymbolException: Unsolved symbol in de.uka.ilkd.key.java.JavaParserFactory$DynamicTypeSolver@1c7f791e : java.lang.Object
	at com.github.javaparser.resolution.TypeSolver.solveType(TypeSolver.java:71)

36957      ERROR Test worker     d.u.i.k.n.b.TacletPBuilder Error in parsing taclet. de.uka.ilkd.key.util.parsing.BuildingException: Unsolved symbol in de.uka.ilkd.key.java.JavaParserFactory$DynamicTypeSolver@1c7f791e : java.lang.Object at file:/D:/a/key/key/key.core/build/resources/main/de/uka/ilkd/key/proof/rules/bigint.key:42:15
	at de.uka.ilkd.key.nparser.builder.AbstractBuilder.accept(AbstractBuilder.java:54)
Caused by: com.github.javaparser.resolution.UnsolvedSymbolException: Unsolved symbol in de.uka.ilkd.key.java.JavaParserFactory$DynamicTypeSolver@1c7f791e : java.lang.Object
	at com.github.javaparser.resolution.TypeSolver.solveType(TypeSolver.java:71)

36957      ERROR Test worker     d.u.i.k.n.b.AbstractBuilder  com.github.javaparser.resolution.UnsolvedSymbolException: Unsolved symbol in de.uka.ilkd.key.java.JavaParserFactory$DynamicTypeSolver@1c7f791e : java.lang.Object
	at com.github.javaparser.resolution.TypeSolver.solveType(TypeSolver.java:71)

36957      ERROR Test worker     d.u.i.k.n.b.TacletPBuilder Error in parsing taclet. de.uka.ilkd.key.util.parsing.BuildingException: Unsolved symbol in de.uka.ilkd.key.java.JavaParserFactory$DynamicTypeSolver@1c7f791e : java.lang.Object at file:/D:/a/key/key/key.core/build/resources/main/de/uka/ilkd/key/proof/rules/bigint.key:53:15
	at de.uka.ilkd.key.nparser.builder.AbstractBuilder.accept(AbstractBuilder.java:54)
Caused by: com.github.javaparser.resolution.UnsolvedSymbolException: Unsolved symbol in de.uka.ilkd.key.java.JavaParserFactory$DynamicTypeSolver@1c7f791e : java.lang.Object
	at com.github.javaparser.resolution.TypeSolver.solveType(TypeSolver.java:71)

36957      ERROR Test worker     d.u.i.k.n.b.AbstractBuilder  com.github.javaparser.resolution.UnsolvedSymbolException: Unsolved symbol in de.uka.ilkd.key.java.JavaParserFactory$DynamicTypeSolver@1c7f791e : java.lang.Object
	at com.github.javaparser.resolution.TypeSolver.solveType(TypeSolver.java:71)

36957      ERROR Test worker     d.u.i.k.n.b.TacletPBuilder Error in parsing taclet. de.uka.ilkd.key.util.parsing.BuildingException: Unsolved symbol in de.uka.ilkd.key.java.JavaParserFactory$DynamicTypeSolver@1c7f791e : java.lang.Object at file:/D:/a/key/key/key.core/build/resources/main/de/uka/ilkd/key/proof/rules/bigint.key:63:15
	at de.uka.ilkd.key.nparser.builder.AbstractBuilder.accept(AbstractBuilder.java:54)
Caused by: com.github.javaparser.resolution.UnsolvedSymbolException: Unsolved symbol in de.uka.ilkd.key.java.JavaParserFactory$DynamicTypeSolver@1c7f791e : java.lang.Object
	at com.github.javaparser.resolution.TypeSolver.solveType(TypeSolver.java:71)

36957      ERROR Test worker     d.u.i.k.n.b.AbstractBuilder  com.github.javaparser.resolution.UnsolvedSymbolException: Unsolved symbol in de.uka.ilkd.key.java.JavaParserFactory$DynamicTypeSolver@1c7f791e : java.lang.Object
	at com.github.javaparser.resolution.TypeSolver.solveType(TypeSolver.java:71)

36957      ERROR Test worker     d.u.i.k.n.b.TacletPBuilder Error in parsing taclet. de.uka.ilkd.key.util.parsing.BuildingException: Unsolved symbol in de.uka.ilkd.key.java.JavaParserFactory$DynamicTypeSolver@1c7f791e : java.lang.Object at file:/D:/a/key/key/key.core/build/resources/main/de/uka/ilkd/key/proof/rules/bigint.key:76:20
	at de.uka.ilkd.key.nparser.builder.AbstractBuilder.accept(AbstractBuilder.java:54)
Caused by: com.github.javaparser.resolution.UnsolvedSymbolException: Unsolved symbol in de.uka.ilkd.key.java.JavaParserFactory$DynamicTypeSolver@1c7f791e : java.lang.Object
	at com.github.javaparser.resolution.TypeSolver.solveType(TypeSolver.java:71)

36973      ERROR Test worker     d.u.i.k.n.b.AbstractBuilder  com.github.javaparser.resolution.UnsolvedSymbolException: Unsolved symbol in de.uka.ilkd.key.java.JavaParserFactory$DynamicTypeSolver@1c7f791e : java.lang.Object
	at com.github.javaparser.resolution.TypeSolver.solveType(TypeSolver.java:71)

36973      ERROR Test worker     d.u.i.k.n.b.TacletPBuilder Error in parsing taclet. de.uka.ilkd.key.util.parsing.BuildingException: Unsolved symbol in de.uka.ilkd.key.java.JavaParserFactory$DynamicTypeSolver@1c7f791e : java.lang.Object at file:/D:/a/key/key/key.core/build/resources/main/de/uka/ilkd/key/proof/rules/bigint.key:88:20
	at de.uka.ilkd.key.nparser.builder.AbstractBuilder.accept(AbstractBuilder.java:54)
Caused by: com.github.javaparser.resolution.UnsolvedSymbolException: Unsolved symbol in de.uka.ilkd.key.java.JavaParserFactory$DynamicTypeSolver@1c7f791e : java.lang.Object
	at com.github.javaparser.resolution.TypeSolver.solveType(TypeSolver.java:71)

36973      ERROR Test worker     d.u.i.k.n.b.AbstractBuilder  com.github.javaparser.resolution.UnsolvedSymbolException: Unsolved symbol in de.uka.ilkd.key.java.JavaParserFactory$DynamicTypeSolver@1c7f791e : java.lang.Object
	at com.github.javaparser.resolution.TypeSolver.solveType(TypeSolver.java:71)

36973      ERROR Test worker     d.u.i.k.n.b.TacletPBuilder Error in parsing taclet. de.uka.ilkd.key.util.parsing.BuildingException: Unsolved symbol in de.uka.ilkd.key.java.JavaParserFactory$DynamicTypeSolver@1c7f791e : java.lang.Object at file:/D:/a/key/key/key.core/build/resources/main/de/uka/ilkd/key/proof/rules/bigint.key:100:20
	at de.uka.ilkd.key.nparser.builder.AbstractBuilder.accept(AbstractBuilder.java:54)
Caused by: com.github.javaparser.resolution.UnsolvedSymbolException: Unsolved symbol in de.uka.ilkd.key.java.JavaParserFactory$DynamicTypeSolver@1c7f791e : java.lang.Object
	at com.github.javaparser.resolution.TypeSolver.solveType(TypeSolver.java:71)

36973      ERROR Test worker     d.u.i.k.n.b.AbstractBuilder  com.github.javaparser.resolution.UnsolvedSymbolException: Unsolved symbol in de.uka.ilkd.key.java.JavaParserFactory$DynamicTypeSolver@1c7f791e : java.lang.Object
	at com.github.javaparser.resolution.TypeSolver.solveType(TypeSolver.java:71)

36973      ERROR Test worker     d.u.i.k.n.b.TacletPBuilder Error in parsing taclet. de.uka.ilkd.key.util.parsing.BuildingException: Unsolved symbol in de.uka.ilkd.key.java.JavaParserFactory$DynamicTypeSolver@1c7f791e : java.lang.Object at file:/D:/a/key/key/key.core/build/resources/main/de/uka/ilkd/key/proof/rules/bigint.key:112:20
	at de.uka.ilkd.key.nparser.builder.AbstractBuilder.accept(AbstractBuilder.java:54)
Caused by: com.github.javaparser.resolution.UnsolvedSymbolException: Unsolved symbol in de.uka.ilkd.key.java.JavaParserFactory$DynamicTypeSolver@1c7f791e : java.lang.Object
	at com.github.javaparser.resolution.TypeSolver.solveType(TypeSolver.java:71)

36973      ERROR Test worker     d.u.i.k.n.b.AbstractBuilder  com.github.javaparser.resolution.UnsolvedSymbolException: Unsolved symbol in de.uka.ilkd.key.java.JavaParserFactory$DynamicTypeSolver@1c7f791e : java.lang.Object
	at com.github.javaparser.resolution.TypeSolver.solveType(TypeSolver.java:71)

36973      ERROR Test worker     d.u.i.k.n.b.TacletPBuilder Error in parsing taclet. de.uka.ilkd.key.util.parsing.BuildingException: Unsolved symbol in de.uka.ilkd.key.java.JavaParserFactory$DynamicTypeSolver@1c7f791e : java.lang.Object at file:/D:/a/key/key/key.core/build/resources/main/de/uka/ilkd/key/proof/rules/bigint.key:128:15
	at de.uka.ilkd.key.nparser.builder.AbstractBuilder.accept(AbstractBuilder.java:54)
Caused by: com.github.javaparser.resolution.UnsolvedSymbolException: Unsolved symbol in de.uka.ilkd.key.java.JavaParserFactory$DynamicTypeSolver@1c7f791e : java.lang.Object
	at com.github.javaparser.resolution.TypeSolver.solveType(TypeSolver.java:71)

36973      ERROR Test worker     d.u.i.k.n.b.AbstractBuilder  com.github.javaparser.resolution.UnsolvedSymbolException: Unsolved symbol in de.uka.ilkd.key.java.JavaParserFactory$DynamicTypeSolver@1c7f791e : java.lang.Object
	at com.github.javaparser.resolution.TypeSolver.solveType(TypeSolver.java:71)

36973      ERROR Test worker     d.u.i.k.n.b.TacletPBuilder Error in parsing taclet. de.uka.ilkd.key.util.parsing.BuildingException: Unsolved symbol in de.uka.ilkd.key.java.JavaParserFactory$DynamicTypeSolver@1c7f791e : java.lang.Object at file:/D:/a/key/key/key.core/build/resources/main/de/uka/ilkd/key/proof/rules/bigint.key:139:15
	at de.uka.ilkd.key.nparser.builder.AbstractBuilder.accept(AbstractBuilder.java:54)
Caused by: com.github.javaparser.resolution.UnsolvedSymbolException: Unsolved symbol in de.uka.ilkd.key.java.JavaParserFactory$DynamicTypeSolver@1c7f791e : java.lang.Object
	at com.github.javaparser.resolution.TypeSolver.solveType(TypeSolver.java:71)

36973      ERROR Test worker     d.u.i.k.n.b.AbstractBuilder  com.github.javaparser.resolution.UnsolvedSymbolException: Unsolved symbol in de.uka.ilkd.key.java.JavaParserFactory$DynamicTypeSolver@1c7f791e : java.lang.Object
	at com.github.javaparser.resolution.TypeSolver.solveType(TypeSolver.java:71)

36973      ERROR Test worker     d.u.i.k.n.b.TacletPBuilder Error in parsing taclet. de.uka.ilkd.key.util.parsing.BuildingException: Unsolved symbol in de.uka.ilkd.key.java.JavaParserFactory$DynamicTypeSolver@1c7f791e : java.lang.Object at file:/D:/a/key/key/key.core/build/resources/main/de/uka/ilkd/key/proof/rules/bigint.key:150:15
	at de.uka.ilkd.key.nparser.builder.AbstractBuilder.accept(AbstractBuilder.java:54)
Caused by: com.github.javaparser.resolution.UnsolvedSymbolException: Unsolved symbol in de.uka.ilkd.key.java.JavaParserFactory$DynamicTypeSolver@1c7f791e : java.lang.Object
	at com.github.javaparser.resolution.TypeSolver.solveType(TypeSolver.java:71)

36973      ERROR Test worker     d.u.i.k.n.b.AbstractBuilder  com.github.javaparser.resolution.UnsolvedSymbolException: Unsolved symbol in de.uka.ilkd.key.java.JavaParserFactory$DynamicTypeSolver@1c7f791e : java.lang.Object
	at com.github.javaparser.resolution.TypeSolver.solveType(TypeSolver.java:71)

36973      ERROR Test worker     d.u.i.k.n.b.TacletPBuilder Error in parsing taclet. de.uka.ilkd.key.util.parsing.BuildingException: Unsolved symbol in de.uka.ilkd.key.java.JavaParserFactory$DynamicTypeSolver@1c7f791e : java.lang.Object at file:/D:/a/key/key/key.core/build/resources/main/de/uka/ilkd/key/proof/rules/bigint.key:161:15
	at de.uka.ilkd.key.nparser.builder.AbstractBuilder.accept(AbstractBuilder.java:54)
Caused by: com.github.javaparser.resolution.UnsolvedSymbolException: Unsolved symbol in de.uka.ilkd.key.java.JavaParserFactory$DynamicTypeSolver@1c7f791e : java.lang.Object
	at com.github.javaparser.resolution.TypeSolver.solveType(TypeSolver.java:71)

36973      ERROR Test worker     d.u.i.k.n.b.AbstractBuilder  com.github.javaparser.resolution.UnsolvedSymbolException: Unsolved symbol in de.uka.ilkd.key.java.JavaParserFactory$DynamicTypeSolver@1c7f791e : java.lang.Object
	at com.github.javaparser.resolution.TypeSolver.solveType(TypeSolver.java:71)

36973      ERROR Test worker     d.u.i.k.n.b.TacletPBuilder Error in parsing taclet. de.uka.ilkd.key.util.parsing.BuildingException: Unsolved symbol in de.uka.ilkd.key.java.JavaParserFactory$DynamicTypeSolver@1c7f791e : java.lang.Object at file:/D:/a/key/key/key.core/build/resources/main/de/uka/ilkd/key/proof/rules/bigint.key:176:15
	at de.uka.ilkd.key.nparser.builder.AbstractBuilder.accept(AbstractBuilder.java:54)
Caused by: com.github.javaparser.resolution.UnsolvedSymbolException: Unsolved symbol in de.uka.ilkd.key.java.JavaParserFactory$DynamicTypeSolver@1c7f791e : java.lang.Object
	at com.github.javaparser.resolution.TypeSolver.solveType(TypeSolver.java:71)

36973      ERROR Test worker     d.u.i.k.n.b.AbstractBuilder  com.github.javaparser.resolution.UnsolvedSymbolException: Unsolved symbol in de.uka.ilkd.key.java.JavaParserFactory$DynamicTypeSolver@1c7f791e : java.lang.Object
	at com.github.javaparser.resolution.TypeSolver.solveType(TypeSolver.java:71)

36973      ERROR Test worker     d.u.i.k.n.b.TacletPBuilder Error in parsing taclet. de.uka.ilkd.key.util.parsing.BuildingException: Unsolved symbol in de.uka.ilkd.key.java.JavaParserFactory$DynamicTypeSolver@1c7f791e : java.lang.Object at file:/D:/a/key/key/key.core/build/resources/main/de/uka/ilkd/key/proof/rules/bigint.key:190:15
	at de.uka.ilkd.key.nparser.builder.AbstractBuilder.accept(AbstractBuilder.java:54)
Caused by: com.github.javaparser.resolution.UnsolvedSymbolException: Unsolved symbol in de.uka.ilkd.key.java.JavaParserFactory$DynamicTypeSolver@1c7f791e : java.lang.Object
	at com.github.javaparser.resolution.TypeSolver.solveType(TypeSolver.java:71)

36988      ERROR Test worker     d.u.i.k.n.b.AbstractBuilder  com.github.javaparser.resolution.UnsolvedSymbolException: Unsolved symbol in de.uka.ilkd.key.java.JavaParserFactory$DynamicTypeSolver@1c7f791e : java.lang.Object
	at com.github.javaparser.resolution.TypeSolver.solveType(TypeSolver.java:71)

36988      ERROR Test worker     d.u.i.k.n.b.TacletPBuilder Error in parsing taclet. de.uka.ilkd.key.util.parsing.BuildingException: Unsolved symbol in de.uka.ilkd.key.java.JavaParserFactory$DynamicTypeSolver@1c7f791e : java.lang.Object at file:/D:/a/key/key/key.core/build/resources/main/de/uka/ilkd/key/proof/rules/bigint.key:204:15
	at de.uka.ilkd.key.nparser.builder.AbstractBuilder.accept(AbstractBuilder.java:54)
Caused by: com.github.javaparser.resolution.UnsolvedSymbolException: Unsolved symbol in de.uka.ilkd.key.java.JavaParserFactory$DynamicTypeSolver@1c7f791e : java.lang.Object
	at com.github.javaparser.resolution.TypeSolver.solveType(TypeSolver.java:71)

36988      ERROR Test worker     d.u.i.k.n.b.AbstractBuilder  com.github.javaparser.resolution.UnsolvedSymbolException: Unsolved symbol in de.uka.ilkd.key.java.JavaParserFactory$DynamicTypeSolver@1c7f791e : java.lang.Object
	at com.github.javaparser.resolution.TypeSolver.solveType(TypeSolver.java:71)

36988      ERROR Test worker     d.u.i.k.n.b.TacletPBuilder Error in parsing taclet. de.uka.ilkd.key.util.parsing.BuildingException: Unsolved symbol in de.uka.ilkd.key.java.JavaParserFactory$DynamicTypeSolver@1c7f791e : java.lang.Object at file:/D:/a/key/key/key.core/build/resources/main/de/uka/ilkd/key/proof/rules/bigint.key:218:15
	at de.uka.ilkd.key.nparser.builder.AbstractBuilder.accept(AbstractBuilder.java:54)
Caused by: com.github.javaparser.resolution.UnsolvedSymbolException: Unsolved symbol in de.uka.ilkd.key.java.JavaParserFactory$DynamicTypeSolver@1c7f791e : java.lang.Object
	at com.github.javaparser.resolution.TypeSolver.solveType(TypeSolver.java:71)

36988      ERROR Test worker     d.u.i.k.n.b.AbstractBuilder  com.github.javaparser.resolution.UnsolvedSymbolException: Unsolved symbol in de.uka.ilkd.key.java.JavaParserFactory$DynamicTypeSolver@1c7f791e : java.lang.Object
	at com.github.javaparser.resolution.TypeSolver.solveType(TypeSolver.java:71)

36988      ERROR Test worker     d.u.i.k.n.b.TacletPBuilder Error in parsing taclet. de.uka.ilkd.key.util.parsing.BuildingException: Unsolved symbol in de.uka.ilkd.key.java.JavaParserFactory$DynamicTypeSolver@1c7f791e : java.lang.Object at file:/D:/a/key/key/key.core/build/resources/main/de/uka/ilkd/key/proof/rules/bigint.key:236:15
	at de.uka.ilkd.key.nparser.builder.AbstractBuilder.accept(AbstractBuilder.java:54)
Caused by: com.github.javaparser.resolution.UnsolvedSymbolException: Unsolved symbol in de.uka.ilkd.key.java.JavaParserFactory$DynamicTypeSolver@1c7f791e : java.lang.Object
	at com.github.javaparser.resolution.TypeSolver.solveType(TypeSolver.java:71)

36988      ERROR Test worker     d.u.i.k.n.b.AbstractBuilder  com.github.javaparser.resolution.UnsolvedSymbolException: Unsolved symbol in de.uka.ilkd.key.java.JavaParserFactory$DynamicTypeSolver@1c7f791e : java.lang.Object
	at com.github.javaparser.resolution.TypeSolver.solveType(TypeSolver.java:71)

36988      ERROR Test worker     d.u.i.k.n.b.TacletPBuilder Error in parsing taclet. de.uka.ilkd.key.util.parsing.BuildingException: Unsolved symbol in de.uka.ilkd.key.java.JavaParserFactory$DynamicTypeSolver@1c7f791e : java.lang.Object at file:/D:/a/key/key/key.core/build/resources/main/de/uka/ilkd/key/proof/rules/bigint.key:246:15
	at de.uka.ilkd.key.nparser.builder.AbstractBuilder.accept(AbstractBuilder.java:54)
Caused by: com.github.javaparser.resolution.UnsolvedSymbolException: Unsolved symbol in de.uka.ilkd.key.java.JavaParserFactory$DynamicTypeSolver@1c7f791e : java.lang.Object
	at com.github.javaparser.resolution.TypeSolver.solveType(TypeSolver.java:71)

36988      ERROR Test worker     d.u.i.k.n.b.AbstractBuilder  com.github.javaparser.resolution.UnsolvedSymbolException: Unsolved symbol in de.uka.ilkd.key.java.JavaParserFactory$DynamicTypeSolver@1c7f791e : java.lang.Object
	at com.github.javaparser.resolution.TypeSolver.solveType(TypeSolver.java:71)

36988      ERROR Test worker     d.u.i.k.n.b.TacletPBuilder Error in parsing taclet. de.uka.ilkd.key.util.parsing.BuildingException: Unsolved symbol in de.uka.ilkd.key.java.JavaParserFactory$DynamicTypeSolver@1c7f791e : java.lang.Object at file:/D:/a/key/key/key.core/build/resources/main/de/uka/ilkd/key/proof/rules/bigint.key:256:15
	at de.uka.ilkd.key.nparser.builder.AbstractBuilder.accept(AbstractBuilder.java:54)
Caused by: com.github.javaparser.resolution.UnsolvedSymbolException: Unsolved symbol in de.uka.ilkd.key.java.JavaParserFactory$DynamicTypeSolver@1c7f791e : java.lang.Object
	at com.github.javaparser.resolution.TypeSolver.solveType(TypeSolver.java:71)

36988      ERROR Test worker     d.u.i.k.n.b.AbstractBuilder  com.github.javaparser.resolution.UnsolvedSymbolException: Unsolved symbol in de.uka.ilkd.key.java.JavaParserFactory$DynamicTypeSolver@1c7f791e : java.lang.Object
	at com.github.javaparser.resolution.TypeSolver.solveType(TypeSolver.java:71)

36988      ERROR Test worker     d.u.i.k.n.b.TacletPBuilder Error in parsing taclet. de.uka.ilkd.key.util.parsing.BuildingException: Unsolved symbol in de.uka.ilkd.key.java.JavaParserFactory$DynamicTypeSolver@1c7f791e : java.lang.Object at file:/D:/a/key/key/key.core/build/resources/main/de/uka/ilkd/key/proof/rules/bigint.key:271:15
	at de.uka.ilkd.key.nparser.builder.AbstractBuilder.accept(AbstractBuilder.java:54)
Caused by: com.github.javaparser.resolution.UnsolvedSymbolException: Unsolved symbol in de.uka.ilkd.key.java.JavaParserFactory$DynamicTypeSolver@1c7f791e : java.lang.Object
	at com.github.javaparser.resolution.TypeSolver.solveType(TypeSolver.java:71)

36988      ERROR Test worker     d.u.i.k.n.b.AbstractBuilder  com.github.javaparser.resolution.UnsolvedSymbolException: Unsolved symbol in de.uka.ilkd.key.java.JavaParserFactory$DynamicTypeSolver@1c7f791e : java.lang.Object
	at com.github.javaparser.resolution.TypeSolver.solveType(TypeSolver.java:71)

36988      ERROR Test worker     d.u.i.k.n.b.TacletPBuilder Error in parsing taclet. de.uka.ilkd.key.util.parsing.BuildingException: Unsolved symbol in de.uka.ilkd.key.java.JavaParserFactory$DynamicTypeSolver@1c7f791e : java.lang.Object at file:/D:/a/key/key/key.core/build/resources/main/de/uka/ilkd/key/proof/rules/bigint.key:281:15
	at de.uka.ilkd.key.nparser.builder.AbstractBuilder.accept(AbstractBuilder.java:54)
Caused by: com.github.javaparser.resolution.UnsolvedSymbolException: Unsolved symbol in de.uka.ilkd.key.java.JavaParserFactory$DynamicTypeSolver@1c7f791e : java.lang.Object
	at com.github.javaparser.resolution.TypeSolver.solveType(TypeSolver.java:71)

37004      ERROR Test worker     d.u.i.k.n.b.AbstractBuilder  com.github.javaparser.resolution.UnsolvedSymbolException: Unsolved symbol in de.uka.ilkd.key.java.JavaParserFactory$DynamicTypeSolver@1c7f791e : java.lang.Object
	at com.github.javaparser.resolution.TypeSolver.solveType(TypeSolver.java:71)

37004      ERROR Test worker     d.u.i.k.n.b.TacletPBuilder Error in parsing taclet. de.uka.ilkd.key.util.parsing.BuildingException: Unsolved symbol in de.uka.ilkd.key.java.JavaParserFactory$DynamicTypeSolver@1c7f791e : java.lang.Object at file:/D:/a/key/key/key.core/build/resources/main/de/uka/ilkd/key/proof/rules/bigint.key:289:15
	at de.uka.ilkd.key.nparser.builder.AbstractBuilder.accept(AbstractBuilder.java:54)
Caused by: com.github.javaparser.resolution.UnsolvedSymbolException: Unsolved symbol in de.uka.ilkd.key.java.JavaParserFactory$DynamicTypeSolver@1c7f791e : java.lang.Object
	at com.github.javaparser.resolution.TypeSolver.solveType(TypeSolver.java:71)

37004      ERROR Test worker     d.u.i.k.n.b.AbstractBuilder  com.github.javaparser.resolution.UnsolvedSymbolException: Unsolved symbol in de.uka.ilkd.key.java.JavaParserFactory$DynamicTypeSolver@1c7f791e : java.lang.Object
	at com.github.javaparser.resolution.TypeSolver.solveType(TypeSolver.java:71)

37004      ERROR Test worker     d.u.i.k.n.b.TacletPBuilder Error in parsing taclet. de.uka.ilkd.key.util.parsing.BuildingException: Unsolved symbol in de.uka.ilkd.key.java.JavaParserFactory$DynamicTypeSolver@1c7f791e : java.lang.Object at file:/D:/a/key/key/key.core/build/resources/main/de/uka/ilkd/key/proof/rules/bigint.key:297:15
	at de.uka.ilkd.key.nparser.builder.AbstractBuilder.accept(AbstractBuilder.java:54)
Caused by: com.github.javaparser.resolution.UnsolvedSymbolException: Unsolved symbol in de.uka.ilkd.key.java.JavaParserFactory$DynamicTypeSolver@1c7f791e : java.lang.Object
	at com.github.javaparser.resolution.TypeSolver.solveType(TypeSolver.java:71)

37004      ERROR Test worker     d.u.i.k.n.b.AbstractBuilder  com.github.javaparser.resolution.UnsolvedSymbolException: Unsolved symbol in de.uka.ilkd.key.java.JavaParserFactory$DynamicTypeSolver@1c7f791e : java.lang.Object
	at com.github.javaparser.resolution.TypeSolver.solveType(TypeSolver.java:71)

37004      ERROR Test worker     d.u.i.k.n.b.TacletPBuilder Error in parsing taclet. de.uka.ilkd.key.util.parsing.BuildingException: Unsolved symbol in de.uka.ilkd.key.java.JavaParserFactory$DynamicTypeSolver@1c7f791e : java.lang.Object at file:/D:/a/key/key/key.core/build/resources/main/de/uka/ilkd/key/proof/rules/bigint.key:308:15
	at de.uka.ilkd.key.nparser.builder.AbstractBuilder.accept(AbstractBuilder.java:54)
Caused by: com.github.javaparser.resolution.UnsolvedSymbolException: Unsolved symbol in de.uka.ilkd.key.java.JavaParserFactory$DynamicTypeSolver@1c7f791e : java.lang.Object
	at com.github.javaparser.resolution.TypeSolver.solveType(TypeSolver.java:71)

37004      ERROR Test worker     d.u.i.k.n.b.AbstractBuilder  com.github.javaparser.resolution.UnsolvedSymbolException: Unsolved symbol in de.uka.ilkd.key.java.JavaParserFactory$DynamicTypeSolver@1c7f791e : java.lang.Object
	at com.github.javaparser.resolution.TypeSolver.solveType(TypeSolver.java:71)

37004      ERROR Test worker     d.u.i.k.n.b.TacletPBuilder Error in parsing taclet. de.uka.ilkd.key.util.parsing.BuildingException: Unsolved symbol in de.uka.ilkd.key.java.JavaParserFactory$DynamicTypeSolver@1c7f791e : java.lang.Object at file:/D:/a/key/key/key.core/build/resources/main/de/uka/ilkd/key/proof/rules/adtProgramDecompositionRules.key:17:15
	at de.uka.ilkd.key.nparser.builder.AbstractBuilder.accept(AbstractBuilder.java:54)
Caused by: com.github.javaparser.resolution.UnsolvedSymbolException: Unsolved symbol in de.uka.ilkd.key.java.JavaParserFactory$DynamicTypeSolver@1c7f791e : java.lang.Object
	at com.github.javaparser.resolution.TypeSolver.solveType(TypeSolver.java:71)

37004      ERROR Test worker     d.u.i.k.n.b.TacletPBuilder Override: #v (program Variable) #v (program Variable) 
37004      ERROR Test worker     d.u.i.k.n.b.TacletPBuilder Override: post (formula) post (formula) 
37004      ERROR Test worker     d.u.i.k.n.b.AbstractBuilder  com.github.javaparser.resolution.UnsolvedSymbolException: Unsolved symbol in de.uka.ilkd.key.java.JavaParserFactory$DynamicTypeSolver@1c7f791e : java.lang.Object
	at com.github.javaparser.resolution.TypeSolver.solveType(TypeSolver.java:71)

37004      ERROR Test worker     d.u.i.k.n.b.TacletPBuilder Error in parsing taclet. de.uka.ilkd.key.util.parsing.BuildingException: Unsolved symbol in de.uka.ilkd.key.java.JavaParserFactory$DynamicTypeSolver@1c7f791e : java.lang.Object at file:/D:/a/key/key/key.core/build/resources/main/de/uka/ilkd/key/proof/rules/adtProgramDecompositionRules.key:30:15
	at de.uka.ilkd.key.nparser.builder.AbstractBuilder.accept(AbstractBuilder.java:54)
Caused by: com.github.javaparser.resolution.UnsolvedSymbolException: Unsolved symbol in de.uka.ilkd.key.java.JavaParserFactory$DynamicTypeSolver@1c7f791e : java.lang.Object
	at com.github.javaparser.resolution.TypeSolver.solveType(TypeSolver.java:71)

37004      ERROR Test worker     d.u.i.k.n.b.TacletPBuilder Override: #v (program Variable) #v (program Variable) 
37004      ERROR Test worker     d.u.i.k.n.b.TacletPBuilder Override: #vLeftNew (program Variable) #vLeftNew (program Variable) 
37004      ERROR Test worker     d.u.i.k.n.b.TacletPBuilder Override: #nseLeft (program NonSimpleExpression) #nseLeft (program NonSimpleExpression) 
37004      ERROR Test worker     d.u.i.k.n.b.TacletPBuilder Override: #eRight (program Expression) #eRight (program Expression) 
37004      ERROR Test worker     d.u.i.k.n.b.TacletPBuilder Override: post (formula) post (formula) 
37004      ERROR Test worker     d.u.i.k.n.b.AbstractBuilder  com.github.javaparser.resolution.UnsolvedSymbolException: Unsolved symbol in de.uka.ilkd.key.java.JavaParserFactory$DynamicTypeSolver@1c7f791e : java.lang.Object
	at com.github.javaparser.resolution.TypeSolver.solveType(TypeSolver.java:71)

37004      ERROR Test worker     d.u.i.k.n.b.TacletPBuilder Error in parsing taclet. de.uka.ilkd.key.util.parsing.BuildingException: Unsolved symbol in de.uka.ilkd.key.java.JavaParserFactory$DynamicTypeSolver@1c7f791e : java.lang.Object at file:/D:/a/key/key/key.core/build/resources/main/de/uka/ilkd/key/proof/rules/adtProgramDecompositionRules.key:43:15
	at de.uka.ilkd.key.nparser.builder.AbstractBuilder.accept(AbstractBuilder.java:54)
Caused by: com.github.javaparser.resolution.UnsolvedSymbolException: Unsolved symbol in de.uka.ilkd.key.java.JavaParserFactory$DynamicTypeSolver@1c7f791e : java.lang.Object
	at com.github.javaparser.resolution.TypeSolver.solveType(TypeSolver.java:71)

37004      ERROR Test worker     d.u.i.k.n.b.TacletPBuilder Override: #v (program Variable) #v (program Variable) 
37004      ERROR Test worker     d.u.i.k.n.b.TacletPBuilder Override: #vRightNew (program Variable) #vRightNew (program Variable) 
37004      ERROR Test worker     d.u.i.k.n.b.TacletPBuilder Override: #seLeft (program SimpleExpression) #seLeft (program SimpleExpression) 
37004      ERROR Test worker     d.u.i.k.n.b.TacletPBuilder Override: #nseRight (program NonSimpleExpression) #nseRight (program NonSimpleExpression) 
37004      ERROR Test worker     d.u.i.k.n.b.TacletPBuilder Override: post (formula) post (formula) 
37020      ERROR Test worker     d.u.i.k.n.b.AbstractBuilder  com.github.javaparser.resolution.UnsolvedSymbolException: Unsolved symbol in de.uka.ilkd.key.java.JavaParserFactory$DynamicTypeSolver@1c7f791e : java.lang.Object
	at com.github.javaparser.resolution.TypeSolver.solveType(TypeSolver.java:71)

37020      ERROR Test worker     d.u.i.k.n.b.TacletPBuilder Error in parsing taclet. de.uka.ilkd.key.util.parsing.BuildingException: Unsolved symbol in de.uka.ilkd.key.java.JavaParserFactory$DynamicTypeSolver@1c7f791e : java.lang.Object at file:/D:/a/key/key/key.core/build/resources/main/de/uka/ilkd/key/proof/rules/adtProgramDecompositionRules.key:56:15
	at de.uka.ilkd.key.nparser.builder.AbstractBuilder.accept(AbstractBuilder.java:54)
Caused by: com.github.javaparser.resolution.UnsolvedSymbolException: Unsolved symbol in de.uka.ilkd.key.java.JavaParserFactory$DynamicTypeSolver@1c7f791e : java.lang.Object
	at com.github.javaparser.resolution.TypeSolver.solveType(TypeSolver.java:71)

37020      ERROR Test worker     d.u.i.k.n.b.TacletPBuilder Override: #v (program Variable) #v (program Variable) 
37020      ERROR Test worker     d.u.i.k.n.b.TacletPBuilder Override: #vLeftNew (program Variable) #vLeftNew (program Variable) 
37020      ERROR Test worker     d.u.i.k.n.b.TacletPBuilder Override: #nseLeft (program NonSimpleExpression) #nseLeft (program NonSimpleExpression) 
37020      ERROR Test worker     d.u.i.k.n.b.TacletPBuilder Override: #eRight (program Expression) #eRight (program Expression) 
37020      ERROR Test worker     d.u.i.k.n.b.TacletPBuilder Override: post (formula) post (formula) 
37020      ERROR Test worker     d.u.i.k.n.b.AbstractBuilder  com.github.javaparser.resolution.UnsolvedSymbolException: Unsolved symbol in de.uka.ilkd.key.java.JavaParserFactory$DynamicTypeSolver@1c7f791e : java.lang.Object
	at com.github.javaparser.resolution.TypeSolver.solveType(TypeSolver.java:71)

37020      ERROR Test worker     d.u.i.k.n.b.TacletPBuilder Error in parsing taclet. de.uka.ilkd.key.util.parsing.BuildingException: Unsolved symbol in de.uka.ilkd.key.java.JavaParserFactory$DynamicTypeSolver@1c7f791e : java.lang.Object at file:/D:/a/key/key/key.core/build/resources/main/de/uka/ilkd/key/proof/rules/adtProgramDecompositionRules.key:69:15
	at de.uka.ilkd.key.nparser.builder.AbstractBuilder.accept(AbstractBuilder.java:54)
Caused by: com.github.javaparser.resolution.UnsolvedSymbolException: Unsolved symbol in de.uka.ilkd.key.java.JavaParserFactory$DynamicTypeSolver@1c7f791e : java.lang.Object
	at com.github.javaparser.resolution.TypeSolver.solveType(TypeSolver.java:71)

37020      ERROR Test worker     d.u.i.k.n.b.TacletPBuilder Override: #v (program Variable) #v (program Variable) 
37020      ERROR Test worker     d.u.i.k.n.b.TacletPBuilder Override: #vRightNew (program Variable) #vRightNew (program Variable) 
37020      ERROR Test worker     d.u.i.k.n.b.TacletPBuilder Override: #seLeft (program SimpleExpression) #seLeft (program SimpleExpression) 
37020      ERROR Test worker     d.u.i.k.n.b.TacletPBuilder Override: #nseRight (program NonSimpleExpression) #nseRight (program NonSimpleExpression) 
37020      ERROR Test worker     d.u.i.k.n.b.TacletPBuilder Override: post (formula) post (formula) 
37020      ERROR Test worker     d.u.i.k.n.b.AbstractBuilder  com.github.javaparser.resolution.UnsolvedSymbolException: Unsolved symbol in de.uka.ilkd.key.java.JavaParserFactory$DynamicTypeSolver@1c7f791e : java.lang.Object
	at com.github.javaparser.resolution.TypeSolver.solveType(TypeSolver.java:71)

37020      ERROR Test worker     d.u.i.k.n.b.TacletPBuilder Error in parsing taclet. de.uka.ilkd.key.util.parsing.BuildingException: Unsolved symbol in de.uka.ilkd.key.java.JavaParserFactory$DynamicTypeSolver@1c7f791e : java.lang.Object at file:/D:/a/key/key/key.core/build/resources/main/de/uka/ilkd/key/proof/rules/adtProgramDecompositionRules.key:82:15
	at de.uka.ilkd.key.nparser.builder.AbstractBuilder.accept(AbstractBuilder.java:54)
Caused by: com.github.javaparser.resolution.UnsolvedSymbolException: Unsolved symbol in de.uka.ilkd.key.java.JavaParserFactory$DynamicTypeSolver@1c7f791e : java.lang.Object
	at com.github.javaparser.resolution.TypeSolver.solveType(TypeSolver.java:71)

37020      ERROR Test worker     d.u.i.k.n.b.TacletPBuilder Override: #v (program Variable) #v (program Variable) 
37020      ERROR Test worker     d.u.i.k.n.b.TacletPBuilder Override: post (formula) post (formula) 
37020      ERROR Test worker     d.u.i.k.n.b.AbstractBuilder  com.github.javaparser.resolution.UnsolvedSymbolException: Unsolved symbol in de.uka.ilkd.key.java.JavaParserFactory$DynamicTypeSolver@1c7f791e : java.lang.Object
	at com.github.javaparser.resolution.TypeSolver.solveType(TypeSolver.java:71)

37020      ERROR Test worker     d.u.i.k.n.b.TacletPBuilder Error in parsing taclet. de.uka.ilkd.key.util.parsing.BuildingException: Unsolved symbol in de.uka.ilkd.key.java.JavaParserFactory$DynamicTypeSolver@1c7f791e : java.lang.Object at file:/D:/a/key/key/key.core/build/resources/main/de/uka/ilkd/key/proof/rules/adtProgramDecompositionRules.key:94:15
	at de.uka.ilkd.key.nparser.builder.AbstractBuilder.accept(AbstractBuilder.java:54)
Caused by: com.github.javaparser.resolution.UnsolvedSymbolException: Unsolved symbol in de.uka.ilkd.key.java.JavaParserFactory$DynamicTypeSolver@1c7f791e : java.lang.Object
	at com.github.javaparser.resolution.TypeSolver.solveType(TypeSolver.java:71)

37020      ERROR Test worker     d.u.i.k.n.b.TacletPBuilder Override: #v (program Variable) #v (program Variable) 
37020      ERROR Test worker     d.u.i.k.n.b.TacletPBuilder Override: #a (program Variable) #a (program Variable) 
37020      ERROR Test worker     d.u.i.k.n.b.TacletPBuilder Override: post (formula) post (formula) 
37020      ERROR Test worker     d.u.i.k.n.b.AbstractBuilder  com.github.javaparser.resolution.UnsolvedSymbolException: Unsolved symbol in de.uka.ilkd.key.java.JavaParserFactory$DynamicTypeSolver@1c7f791e : java.lang.Object
	at com.github.javaparser.resolution.TypeSolver.solveType(TypeSolver.java:71)

37020      ERROR Test worker     d.u.i.k.n.b.TacletPBuilder Error in parsing taclet. de.uka.ilkd.key.util.parsing.BuildingException: Unsolved symbol in de.uka.ilkd.key.java.JavaParserFactory$DynamicTypeSolver@1c7f791e : java.lang.Object at file:/D:/a/key/key/key.core/build/resources/main/de/uka/ilkd/key/proof/rules/adtProgramDecompositionRules.key:107:15
	at de.uka.ilkd.key.nparser.builder.AbstractBuilder.accept(AbstractBuilder.java:54)
Caused by: com.github.javaparser.resolution.UnsolvedSymbolException: Unsolved symbol in de.uka.ilkd.key.java.JavaParserFactory$DynamicTypeSolver@1c7f791e : java.lang.Object
	at com.github.javaparser.resolution.TypeSolver.solveType(TypeSolver.java:71)

37020      ERROR Test worker     d.u.i.k.n.b.TacletPBuilder Override: #v (program Variable) #v (program Variable) 
37020      ERROR Test worker     d.u.i.k.n.b.TacletPBuilder Override: #a (program Variable) #a (program Variable) 
37020      ERROR Test worker     d.u.i.k.n.b.TacletPBuilder Override: post (formula) post (formula) 
37020      ERROR Test worker     d.u.i.k.n.b.AbstractBuilder  com.github.javaparser.resolution.UnsolvedSymbolException: Unsolved symbol in de.uka.ilkd.key.java.JavaParserFactory$DynamicTypeSolver@1c7f791e : java.lang.Object
	at com.github.javaparser.resolution.TypeSolver.solveType(TypeSolver.java:71)

37020      ERROR Test worker     d.u.i.k.n.b.TacletPBuilder Error in parsing taclet. de.uka.ilkd.key.util.parsing.BuildingException: Unsolved symbol in de.uka.ilkd.key.java.JavaParserFactory$DynamicTypeSolver@1c7f791e : java.lang.Object at file:/D:/a/key/key/key.core/build/resources/main/de/uka/ilkd/key/proof/rules/adtProgramDecompositionRules.key:119:15
	at de.uka.ilkd.key.nparser.builder.AbstractBuilder.accept(AbstractBuilder.java:54)
Caused by: com.github.javaparser.resolution.UnsolvedSymbolException: Unsolved symbol in de.uka.ilkd.key.java.JavaParserFactory$DynamicTypeSolver@1c7f791e : java.lang.Object
	at com.github.javaparser.resolution.TypeSolver.solveType(TypeSolver.java:71)

37020      ERROR Test worker     d.u.i.k.n.b.TacletPBuilder Override: #v (program Variable) #v (program Variable) 
37020      ERROR Test worker     d.u.i.k.n.b.TacletPBuilder Override: #vObjNew (program Variable) #vObjNew (program Variable) 
37020      ERROR Test worker     d.u.i.k.n.b.TacletPBuilder Override: #nseObj (program NonSimpleExpression) #nseObj (program NonSimpleExpression) 
37020      ERROR Test worker     d.u.i.k.n.b.TacletPBuilder Override: post (formula) post (formula) 
37020      ERROR Test worker     d.u.i.k.n.b.AbstractBuilder  com.github.javaparser.resolution.UnsolvedSymbolException: Unsolved symbol in de.uka.ilkd.key.java.JavaParserFactory$DynamicTypeSolver@1c7f791e : java.lang.Object
	at com.github.javaparser.resolution.TypeSolver.solveType(TypeSolver.java:71)

37020      ERROR Test worker     d.u.i.k.n.b.TacletPBuilder Error in parsing taclet. de.uka.ilkd.key.util.parsing.BuildingException: Unsolved symbol in de.uka.ilkd.key.java.JavaParserFactory$DynamicTypeSolver@1c7f791e : java.lang.Object at file:/D:/a/key/key/key.core/build/resources/main/de/uka/ilkd/key/proof/rules/adtProgramDecompositionRules.key:131:15
	at de.uka.ilkd.key.nparser.builder.AbstractBuilder.accept(AbstractBuilder.java:54)
Caused by: com.github.javaparser.resolution.UnsolvedSymbolException: Unsolved symbol in de.uka.ilkd.key.java.JavaParserFactory$DynamicTypeSolver@1c7f791e : java.lang.Object
	at com.github.javaparser.resolution.TypeSolver.solveType(TypeSolver.java:71)

37020      ERROR Test worker     d.u.i.k.n.b.TacletPBuilder Override: #v (program Variable) #v (program Variable) 
37020      ERROR Test worker     d.u.i.k.n.b.TacletPBuilder Override: #vLeftNew (program Variable) #vLeftNew (program Variable) 
37020      ERROR Test worker     d.u.i.k.n.b.TacletPBuilder Override: #nseLeft (program NonSimpleExpression) #nseLeft (program NonSimpleExpression) 
37020      ERROR Test worker     d.u.i.k.n.b.TacletPBuilder Override: #eRight (program Expression) #eRight (program Expression) 
37020      ERROR Test worker     d.u.i.k.n.b.TacletPBuilder Override: post (formula) post (formula) 
37035      ERROR Test worker     d.u.i.k.n.b.AbstractBuilder  com.github.javaparser.resolution.UnsolvedSymbolException: Unsolved symbol in de.uka.ilkd.key.java.JavaParserFactory$DynamicTypeSolver@1c7f791e : java.lang.Object
	at com.github.javaparser.resolution.TypeSolver.solveType(TypeSolver.java:71)

37035      ERROR Test worker     d.u.i.k.n.b.TacletPBuilder Error in parsing taclet. de.uka.ilkd.key.util.parsing.BuildingException: Unsolved symbol in de.uka.ilkd.key.java.JavaParserFactory$DynamicTypeSolver@1c7f791e : java.lang.Object at file:/D:/a/key/key/key.core/build/resources/main/de/uka/ilkd/key/proof/rules/adtProgramDecompositionRules.key:150:15
	at de.uka.ilkd.key.nparser.builder.AbstractBuilder.accept(AbstractBuilder.java:54)
Caused by: com.github.javaparser.resolution.UnsolvedSymbolException: Unsolved symbol in de.uka.ilkd.key.java.JavaParserFactory$DynamicTypeSolver@1c7f791e : java.lang.Object
	at com.github.javaparser.resolution.TypeSolver.solveType(TypeSolver.java:71)

37035      ERROR Test worker     d.u.i.k.n.b.TacletPBuilder Override: #v (program Variable) #v (program Variable) 
37035      ERROR Test worker     d.u.i.k.n.b.TacletPBuilder Override: #vRightNew (program Variable) #vRightNew (program Variable) 
37035      ERROR Test worker     d.u.i.k.n.b.TacletPBuilder Override: #seLeft (program SimpleExpression) #seLeft (program SimpleExpression) 
37035      ERROR Test worker     d.u.i.k.n.b.TacletPBuilder Override: #nseRight (program NonSimpleExpression) #nseRight (program NonSimpleExpression) 
37035      ERROR Test worker     d.u.i.k.n.b.TacletPBuilder Override: post (formula) post (formula) 
37035      ERROR Test worker     d.u.i.k.n.b.AbstractBuilder  com.github.javaparser.resolution.UnsolvedSymbolException: Unsolved symbol in de.uka.ilkd.key.java.JavaParserFactory$DynamicTypeSolver@1c7f791e : java.lang.Object
	at com.github.javaparser.resolution.TypeSolver.solveType(TypeSolver.java:71)

37035      ERROR Test worker     d.u.i.k.n.b.TacletPBuilder Error in parsing taclet. de.uka.ilkd.key.util.parsing.BuildingException: Unsolved symbol in de.uka.ilkd.key.java.JavaParserFactory$DynamicTypeSolver@1c7f791e : java.lang.Object at file:/D:/a/key/key/key.core/build/resources/main/de/uka/ilkd/key/proof/rules/adtProgramDecompositionRules.key:163:15
	at de.uka.ilkd.key.nparser.builder.AbstractBuilder.accept(AbstractBuilder.java:54)
Caused by: com.github.javaparser.resolution.UnsolvedSymbolException: Unsolved symbol in de.uka.ilkd.key.java.JavaParserFactory$DynamicTypeSolver@1c7f791e : java.lang.Object
	at com.github.javaparser.resolution.TypeSolver.solveType(TypeSolver.java:71)

37035      ERROR Test worker     d.u.i.k.n.b.TacletPBuilder Override: #v (program Variable) #v (program Variable) 
37035      ERROR Test worker     d.u.i.k.n.b.TacletPBuilder Override: #vLeftNew (program Variable) #vLeftNew (program Variable) 
37035      ERROR Test worker     d.u.i.k.n.b.TacletPBuilder Override: #nseLeft (program NonSimpleExpression) #nseLeft (program NonSimpleExpression) 
37035      ERROR Test worker     d.u.i.k.n.b.TacletPBuilder Override: #eRight (program Expression) #eRight (program Expression) 
37035      ERROR Test worker     d.u.i.k.n.b.TacletPBuilder Override: post (formula) post (formula) 
37035      ERROR Test worker     d.u.i.k.n.b.AbstractBuilder  com.github.javaparser.resolution.UnsolvedSymbolException: Unsolved symbol in de.uka.ilkd.key.java.JavaParserFactory$DynamicTypeSolver@1c7f791e : java.lang.Object
	at com.github.javaparser.resolution.TypeSolver.solveType(TypeSolver.java:71)

37035      ERROR Test worker     d.u.i.k.n.b.TacletPBuilder Error in parsing taclet. de.uka.ilkd.key.util.parsing.BuildingException: Unsolved symbol in de.uka.ilkd.key.java.JavaParserFactory$DynamicTypeSolver@1c7f791e : java.lang.Object at file:/D:/a/key/key/key.core/build/resources/main/de/uka/ilkd/key/proof/rules/adtProgramDecompositionRules.key:176:15
	at de.uka.ilkd.key.nparser.builder.AbstractBuilder.accept(AbstractBuilder.java:54)
Caused by: com.github.javaparser.resolution.UnsolvedSymbolException: Unsolved symbol in de.uka.ilkd.key.java.JavaParserFactory$DynamicTypeSolver@1c7f791e : java.lang.Object
	at com.github.javaparser.resolution.TypeSolver.solveType(TypeSolver.java:71)

37035      ERROR Test worker     d.u.i.k.n.b.TacletPBuilder Override: #v (program Variable) #v (program Variable) 
37035      ERROR Test worker     d.u.i.k.n.b.TacletPBuilder Override: #vRightNew (program Variable) #vRightNew (program Variable) 
37035      ERROR Test worker     d.u.i.k.n.b.TacletPBuilder Override: #seLeft (program SimpleExpression) #seLeft (program SimpleExpression) 
37035      ERROR Test worker     d.u.i.k.n.b.TacletPBuilder Override: #nseRight (program NonSimpleExpression) #nseRight (program NonSimpleExpression) 
37035      ERROR Test worker     d.u.i.k.n.b.TacletPBuilder Override: post (formula) post (formula) 
37035      ERROR Test worker     d.u.i.k.n.b.AbstractBuilder  com.github.javaparser.resolution.UnsolvedSymbolException: Unsolved symbol in de.uka.ilkd.key.java.JavaParserFactory$DynamicTypeSolver@1c7f791e : java.lang.Object
	at com.github.javaparser.resolution.TypeSolver.solveType(TypeSolver.java:71)

37035      ERROR Test worker     d.u.i.k.n.b.TacletPBuilder Error in parsing taclet. de.uka.ilkd.key.util.parsing.BuildingException: Unsolved symbol in de.uka.ilkd.key.java.JavaParserFactory$DynamicTypeSolver@1c7f791e : java.lang.Object at file:/D:/a/key/key/key.core/build/resources/main/de/uka/ilkd/key/proof/rules/adtProgramDecompositionRules.key:189:15
	at de.uka.ilkd.key.nparser.builder.AbstractBuilder.accept(AbstractBuilder.java:54)
Caused by: com.github.javaparser.resolution.UnsolvedSymbolException: Unsolved symbol in de.uka.ilkd.key.java.JavaParserFactory$DynamicTypeSolver@1c7f791e : java.lang.Object
	at com.github.javaparser.resolution.TypeSolver.solveType(TypeSolver.java:71)

37035      ERROR Test worker     d.u.i.k.n.b.TacletPBuilder Override: #v (program Variable) #v (program Variable) 
37035      ERROR Test worker     d.u.i.k.n.b.TacletPBuilder Override: #vLeftNew (program Variable) #vLeftNew (program Variable) 
37035      ERROR Test worker     d.u.i.k.n.b.TacletPBuilder Override: #nseLeft (program NonSimpleExpression) #nseLeft (program NonSimpleExpression) 
37035      ERROR Test worker     d.u.i.k.n.b.TacletPBuilder Override: #eRight (program Expression) #eRight (program Expression) 
37035      ERROR Test worker     d.u.i.k.n.b.TacletPBuilder Override: post (formula) post (formula) 
37035      ERROR Test worker     d.u.i.k.n.b.AbstractBuilder  com.github.javaparser.resolution.UnsolvedSymbolException: Unsolved symbol in de.uka.ilkd.key.java.JavaParserFactory$DynamicTypeSolver@1c7f791e : java.lang.Object
	at com.github.javaparser.resolution.TypeSolver.solveType(TypeSolver.java:71)

37035      ERROR Test worker     d.u.i.k.n.b.TacletPBuilder Error in parsing taclet. de.uka.ilkd.key.util.parsing.BuildingException: Unsolved symbol in de.uka.ilkd.key.java.JavaParserFactory$DynamicTypeSolver@1c7f791e : java.lang.Object at file:/D:/a/key/key/key.core/build/resources/main/de/uka/ilkd/key/proof/rules/adtProgramDecompositionRules.key:202:15
	at de.uka.ilkd.key.nparser.builder.AbstractBuilder.accept(AbstractBuilder.java:54)
Caused by: com.github.javaparser.resolution.UnsolvedSymbolException: Unsolved symbol in de.uka.ilkd.key.java.JavaParserFactory$DynamicTypeSolver@1c7f791e : java.lang.Object
	at com.github.javaparser.resolution.TypeSolver.solveType(TypeSolver.java:71)

37035      ERROR Test worker     d.u.i.k.n.b.TacletPBuilder Override: #v (program Variable) #v (program Variable) 
37035      ERROR Test worker     d.u.i.k.n.b.TacletPBuilder Override: #vRightNew (program Variable) #vRightNew (program Variable) 
37035      ERROR Test worker     d.u.i.k.n.b.TacletPBuilder Override: #seLeft (program SimpleExpression) #seLeft (program SimpleExpression) 
37035      ERROR Test worker     d.u.i.k.n.b.TacletPBuilder Override: #nseRight (program NonSimpleExpression) #nseRight (program NonSimpleExpression) 
37035      ERROR Test worker     d.u.i.k.n.b.TacletPBuilder Override: post (formula) post (formula) 
37035      ERROR Test worker     d.u.i.k.n.b.AbstractBuilder  com.github.javaparser.resolution.UnsolvedSymbolException: Unsolved symbol in de.uka.ilkd.key.java.JavaParserFactory$DynamicTypeSolver@1c7f791e : java.lang.Object
	at com.github.javaparser.resolution.TypeSolver.solveType(TypeSolver.java:71)

37035      ERROR Test worker     d.u.i.k.n.b.TacletPBuilder Error in parsing taclet. de.uka.ilkd.key.util.parsing.BuildingException: Unsolved symbol in de.uka.ilkd.key.java.JavaParserFactory$DynamicTypeSolver@1c7f791e : java.lang.Object at file:/D:/a/key/key/key.core/build/resources/main/de/uka/ilkd/key/proof/rules/adtProgramDecompositionRules.key:215:15
	at de.uka.ilkd.key.nparser.builder.AbstractBuilder.accept(AbstractBuilder.java:54)
Caused by: com.github.javaparser.resolution.UnsolvedSymbolException: Unsolved symbol in de.uka.ilkd.key.java.JavaParserFactory$DynamicTypeSolver@1c7f791e : java.lang.Object
	at com.github.javaparser.resolution.TypeSolver.solveType(TypeSolver.java:71)

37035      ERROR Test worker     d.u.i.k.n.b.TacletPBuilder Override: #v (program Variable) #v (program Variable) 
37035      ERROR Test worker     d.u.i.k.n.b.TacletPBuilder Override: #vLeftNew (program Variable) #vLeftNew (program Variable) 
37035      ERROR Test worker     d.u.i.k.n.b.TacletPBuilder Override: #nseLeft (program NonSimpleExpression) #nseLeft (program NonSimpleExpression) 
37035      ERROR Test worker     d.u.i.k.n.b.TacletPBuilder Override: #eRight (program Expression) #eRight (program Expression) 
37035      ERROR Test worker     d.u.i.k.n.b.TacletPBuilder Override: post (formula) post (formula) 
37035      ERROR Test worker     d.u.i.k.n.b.AbstractBuilder  com.github.javaparser.resolution.UnsolvedSymbolException: Unsolved symbol in de.uka.ilkd.key.java.JavaParserFactory$DynamicTypeSolver@1c7f791e : java.lang.Object
	at com.github.javaparser.resolution.TypeSolver.solveType(TypeSolver.java:71)

37035      ERROR Test worker     d.u.i.k.n.b.TacletPBuilder Error in parsing taclet. de.uka.ilkd.key.util.parsing.BuildingException: Unsolved symbol in de.uka.ilkd.key.java.JavaParserFactory$DynamicTypeSolver@1c7f791e : java.lang.Object at file:/D:/a/key/key/key.core/build/resources/main/de/uka/ilkd/key/proof/rules/adtProgramDecompositionRules.key:228:15
	at de.uka.ilkd.key.nparser.builder.AbstractBuilder.accept(AbstractBuilder.java:54)
Caused by: com.github.javaparser.resolution.UnsolvedSymbolException: Unsolved symbol in de.uka.ilkd.key.java.JavaParserFactory$DynamicTypeSolver@1c7f791e : java.lang.Object
	at com.github.javaparser.resolution.TypeSolver.solveType(TypeSolver.java:71)

37035      ERROR Test worker     d.u.i.k.n.b.TacletPBuilder Override: #v (program Variable) #v (program Variable) 
37035      ERROR Test worker     d.u.i.k.n.b.TacletPBuilder Override: #seLeft (program SimpleExpression) #seLeft (program SimpleExpression) 
37035      ERROR Test worker     d.u.i.k.n.b.TacletPBuilder Override: #eRight (program Expression) #eRight (program Expression) 
37035      ERROR Test worker     d.u.i.k.n.b.TacletPBuilder Override: post (formula) post (formula) 
37035      ERROR Test worker     d.u.i.k.n.b.AbstractBuilder  com.github.javaparser.resolution.UnsolvedSymbolException: Unsolved symbol in de.uka.ilkd.key.java.JavaParserFactory$DynamicTypeSolver@1c7f791e : java.lang.Object
	at com.github.javaparser.resolution.TypeSolver.solveType(TypeSolver.java:71)

37035      ERROR Test worker     d.u.i.k.n.b.TacletPBuilder Error in parsing taclet. de.uka.ilkd.key.util.parsing.BuildingException: Unsolved symbol in de.uka.ilkd.key.java.JavaParserFactory$DynamicTypeSolver@1c7f791e : java.lang.Object at file:/D:/a/key/key/key.core/build/resources/main/de/uka/ilkd/key/proof/rules/adtProgramDecompositionRules.key:243:15
	at de.uka.ilkd.key.nparser.builder.AbstractBuilder.accept(AbstractBuilder.java:54)
Caused by: com.github.javaparser.resolution.UnsolvedSymbolException: Unsolved symbol in de.uka.ilkd.key.java.JavaParserFactory$DynamicTypeSolver@1c7f791e : java.lang.Object
	at com.github.javaparser.resolution.TypeSolver.solveType(TypeSolver.java:71)

37035      ERROR Test worker     d.u.i.k.n.b.TacletPBuilder Override: #v (program Variable) #v (program Variable) 
37035      ERROR Test worker     d.u.i.k.n.b.TacletPBuilder Override: #vRightNew (program Variable) #vRightNew (program Variable) 
37035      ERROR Test worker     d.u.i.k.n.b.TacletPBuilder Override: #seLeft (program SimpleExpression) #seLeft (program SimpleExpression) 
37035      ERROR Test worker     d.u.i.k.n.b.TacletPBuilder Override: #nseRight (program NonSimpleExpression) #nseRight (program NonSimpleExpression) 
37035      ERROR Test worker     d.u.i.k.n.b.TacletPBuilder Override: post (formula) post (formula) 
37035      ERROR Test worker     d.u.i.k.n.b.AbstractBuilder  com.github.javaparser.resolution.UnsolvedSymbolException: Unsolved symbol in de.uka.ilkd.key.java.JavaParserFactory$DynamicTypeSolver@1c7f791e : java.lang.Object
	at com.github.javaparser.resolution.TypeSolver.solveType(TypeSolver.java:71)

37051      ERROR Test worker     d.u.i.k.n.b.TacletPBuilder Error in parsing taclet. de.uka.ilkd.key.util.parsing.BuildingException: Unsolved symbol in de.uka.ilkd.key.java.JavaParserFactory$DynamicTypeSolver@1c7f791e : java.lang.Object at file:/D:/a/key/key/key.core/build/resources/main/de/uka/ilkd/key/proof/rules/adtProgramDecompositionRules.key:256:15
	at de.uka.ilkd.key.nparser.builder.AbstractBuilder.accept(AbstractBuilder.java:54)
Caused by: com.github.javaparser.resolution.UnsolvedSymbolException: Unsolved symbol in de.uka.ilkd.key.java.JavaParserFactory$DynamicTypeSolver@1c7f791e : java.lang.Object
	at com.github.javaparser.resolution.TypeSolver.solveType(TypeSolver.java:71)

37051      ERROR Test worker     d.u.i.k.n.b.TacletPBuilder Override: #v (program Variable) #v (program Variable) 
37051      ERROR Test worker     d.u.i.k.n.b.TacletPBuilder Override: post (formula) post (formula) 
37051      ERROR Test worker     d.u.i.k.n.b.AbstractBuilder  com.github.javaparser.resolution.UnsolvedSymbolException: Unsolved symbol in de.uka.ilkd.key.java.JavaParserFactory$DynamicTypeSolver@1c7f791e : java.lang.Object
	at com.github.javaparser.resolution.TypeSolver.solveType(TypeSolver.java:71)

37051      ERROR Test worker     d.u.i.k.n.b.TacletPBuilder Error in parsing taclet. de.uka.ilkd.key.util.parsing.BuildingException: Unsolved symbol in de.uka.ilkd.key.java.JavaParserFactory$DynamicTypeSolver@1c7f791e : java.lang.Object at file:/D:/a/key/key/key.core/build/resources/main/de/uka/ilkd/key/proof/rules/adtProgramDecompositionRules.key:268:15
	at de.uka.ilkd.key.nparser.builder.AbstractBuilder.accept(AbstractBuilder.java:54)
Caused by: com.github.javaparser.resolution.UnsolvedSymbolException: Unsolved symbol in de.uka.ilkd.key.java.JavaParserFactory$DynamicTypeSolver@1c7f791e : java.lang.Object
	at com.github.javaparser.resolution.TypeSolver.solveType(TypeSolver.java:71)

37051      ERROR Test worker     d.u.i.k.n.b.TacletPBuilder Override: #v (program Variable) #v (program Variable) 
37051      ERROR Test worker     d.u.i.k.n.b.TacletPBuilder Override: #vNew (program Variable) #vNew (program Variable) 
37051      ERROR Test worker     d.u.i.k.n.b.TacletPBuilder Override: #nse (program NonSimpleExpression) #nse (program NonSimpleExpression) 
37051      ERROR Test worker     d.u.i.k.n.b.TacletPBuilder Override: post (formula) post (formula) 
37051      ERROR Test worker     d.u.i.k.n.b.AbstractBuilder  com.github.javaparser.resolution.UnsolvedSymbolException: Unsolved symbol in de.uka.ilkd.key.java.JavaParserFactory$DynamicTypeSolver@1c7f791e : java.lang.Object
	at com.github.javaparser.resolution.TypeSolver.solveType(TypeSolver.java:71)

37051      ERROR Test worker     d.u.i.k.n.b.TacletPBuilder Error in parsing taclet. de.uka.ilkd.key.util.parsing.BuildingException: Unsolved symbol in de.uka.ilkd.key.java.JavaParserFactory$DynamicTypeSolver@1c7f791e : java.lang.Object at file:/D:/a/key/key/key.core/build/resources/main/de/uka/ilkd/key/proof/rules/adtProgramDecompositionRules.key:281:15
	at de.uka.ilkd.key.nparser.builder.AbstractBuilder.accept(AbstractBuilder.java:54)
Caused by: com.github.javaparser.resolution.UnsolvedSymbolException: Unsolved symbol in de.uka.ilkd.key.java.JavaParserFactory$DynamicTypeSolver@1c7f791e : java.lang.Object
	at com.github.javaparser.resolution.TypeSolver.solveType(TypeSolver.java:71)

37051      ERROR Test worker     d.u.i.k.n.b.TacletPBuilder Override: #v (program Variable) #v (program Variable) 
37051      ERROR Test worker     d.u.i.k.n.b.TacletPBuilder Override: #vNew (program Variable) #vNew (program Variable) 
37051      ERROR Test worker     d.u.i.k.n.b.TacletPBuilder Override: #nse (program NonSimpleExpression) #nse (program NonSimpleExpression) 
37051      ERROR Test worker     d.u.i.k.n.b.TacletPBuilder Override: post (formula) post (formula) 
37051      ERROR Test worker     d.u.i.k.n.b.AbstractBuilder  com.github.javaparser.resolution.UnsolvedSymbolException: Unsolved symbol in de.uka.ilkd.key.java.JavaParserFactory$DynamicTypeSolver@1c7f791e : java.lang.Object
	at com.github.javaparser.resolution.TypeSolver.solveType(TypeSolver.java:71)

37051      ERROR Test worker     d.u.i.k.n.b.TacletPBuilder Error in parsing taclet. de.uka.ilkd.key.util.parsing.BuildingException: Unsolved symbol in de.uka.ilkd.key.java.JavaParserFactory$DynamicTypeSolver@1c7f791e : java.lang.Object at file:/D:/a/key/key/key.core/build/resources/main/de/uka/ilkd/key/proof/rules/adtProgramDecompositionRules.key:294:15
	at de.uka.ilkd.key.nparser.builder.AbstractBuilder.accept(AbstractBuilder.java:54)
Caused by: com.github.javaparser.resolution.UnsolvedSymbolException: Unsolved symbol in de.uka.ilkd.key.java.JavaParserFactory$DynamicTypeSolver@1c7f791e : java.lang.Object
	at com.github.javaparser.resolution.TypeSolver.solveType(TypeSolver.java:71)

37207      ERROR Test worker     d.u.i.k.n.b.AbstractBuilder  com.github.javaparser.resolution.UnsolvedSymbolException: Unsolved symbol in de.uka.ilkd.key.java.JavaParserFactory$DynamicTypeSolver@1c7f791e : java.lang.Object
	at com.github.javaparser.resolution.TypeSolver.solveType(TypeSolver.java:71)

37207      ERROR Test worker     d.u.i.k.n.b.TacletPBuilder Error in parsing taclet. de.uka.ilkd.key.util.parsing.BuildingException: Unsolved symbol in de.uka.ilkd.key.java.JavaParserFactory$DynamicTypeSolver@1c7f791e : java.lang.Object at file:/D:/a/key/key/key.core/build/resources/main/de/uka/ilkd/key/proof/rules/forLoopRules.key:12:15
	at de.uka.ilkd.key.nparser.builder.AbstractBuilder.accept(AbstractBuilder.java:54)
Caused by: com.github.javaparser.resolution.UnsolvedSymbolException: Unsolved symbol in de.uka.ilkd.key.java.JavaParserFactory$DynamicTypeSolver@1c7f791e : java.lang.Object
	at com.github.javaparser.resolution.TypeSolver.solveType(TypeSolver.java:71)

37223      ERROR Test worker     d.u.i.k.n.b.AbstractBuilder  com.github.javaparser.resolution.UnsolvedSymbolException: Unsolved symbol in de.uka.ilkd.key.java.JavaParserFactory$DynamicTypeSolver@1c7f791e : java.lang.Object
	at com.github.javaparser.resolution.TypeSolver.solveType(TypeSolver.java:71)

37223      ERROR Test worker     d.u.i.k.n.b.TacletPBuilder Error in parsing taclet. de.uka.ilkd.key.util.parsing.BuildingException: Unsolved symbol in de.uka.ilkd.key.java.JavaParserFactory$DynamicTypeSolver@1c7f791e : java.lang.Object at file:/D:/a/key/key/key.core/build/resources/main/de/uka/ilkd/key/proof/rules/execRules.key:26:13
	at de.uka.ilkd.key.nparser.builder.AbstractBuilder.accept(AbstractBuilder.java:54)
Caused by: com.github.javaparser.resolution.UnsolvedSymbolException: Unsolved symbol in de.uka.ilkd.key.java.JavaParserFactory$DynamicTypeSolver@1c7f791e : java.lang.Object
	at com.github.javaparser.resolution.TypeSolver.solveType(TypeSolver.java:71)

37223      ERROR Test worker     d.u.i.k.n.b.AbstractBuilder  com.github.javaparser.resolution.UnsolvedSymbolException: Unsolved symbol in de.uka.ilkd.key.java.JavaParserFactory$DynamicTypeSolver@1c7f791e : java.lang.Object
	at com.github.javaparser.resolution.TypeSolver.solveType(TypeSolver.java:71)

37223      ERROR Test worker     d.u.i.k.n.b.TacletPBuilder Error in parsing taclet. de.uka.ilkd.key.util.parsing.BuildingException: Unsolved symbol in de.uka.ilkd.key.java.JavaParserFactory$DynamicTypeSolver@1c7f791e : java.lang.Object at file:/D:/a/key/key/key.core/build/resources/main/de/uka/ilkd/key/proof/rules/execRules.key:37:13
	at de.uka.ilkd.key.nparser.builder.AbstractBuilder.accept(AbstractBuilder.java:54)
Caused by: com.github.javaparser.resolution.UnsolvedSymbolException: Unsolved symbol in de.uka.ilkd.key.java.JavaParserFactory$DynamicTypeSolver@1c7f791e : java.lang.Object
	at com.github.javaparser.resolution.TypeSolver.solveType(TypeSolver.java:71)

37223      ERROR Test worker     d.u.i.k.n.b.AbstractBuilder  com.github.javaparser.resolution.UnsolvedSymbolException: Unsolved symbol in de.uka.ilkd.key.java.JavaParserFactory$DynamicTypeSolver@1c7f791e : java.lang.Object
	at com.github.javaparser.resolution.TypeSolver.solveType(TypeSolver.java:71)

37223      ERROR Test worker     d.u.i.k.n.b.TacletPBuilder Error in parsing taclet. de.uka.ilkd.key.util.parsing.BuildingException: Unsolved symbol in de.uka.ilkd.key.java.JavaParserFactory$DynamicTypeSolver@1c7f791e : java.lang.Object at file:/D:/a/key/key/key.core/build/resources/main/de/uka/ilkd/key/proof/rules/execRules.key:50:13
	at de.uka.ilkd.key.nparser.builder.AbstractBuilder.accept(AbstractBuilder.java:54)
Caused by: com.github.javaparser.resolution.UnsolvedSymbolException: Unsolved symbol in de.uka.ilkd.key.java.JavaParserFactory$DynamicTypeSolver@1c7f791e : java.lang.Object
	at com.github.javaparser.resolution.TypeSolver.solveType(TypeSolver.java:71)

37223      ERROR Test worker     d.u.i.k.n.b.AbstractBuilder  com.github.javaparser.resolution.UnsolvedSymbolException: Unsolved symbol in de.uka.ilkd.key.java.JavaParserFactory$DynamicTypeSolver@1c7f791e : java.lang.Object
	at com.github.javaparser.resolution.TypeSolver.solveType(TypeSolver.java:71)

37223      ERROR Test worker     d.u.i.k.n.b.TacletPBuilder Error in parsing taclet. de.uka.ilkd.key.util.parsing.BuildingException: Unsolved symbol in de.uka.ilkd.key.java.JavaParserFactory$DynamicTypeSolver@1c7f791e : java.lang.Object at file:/D:/a/key/key/key.core/build/resources/main/de/uka/ilkd/key/proof/rules/execRules.key:64:13
	at de.uka.ilkd.key.nparser.builder.AbstractBuilder.accept(AbstractBuilder.java:54)
Caused by: com.github.javaparser.resolution.UnsolvedSymbolException: Unsolved symbol in de.uka.ilkd.key.java.JavaParserFactory$DynamicTypeSolver@1c7f791e : java.lang.Object
	at com.github.javaparser.resolution.TypeSolver.solveType(TypeSolver.java:71)

37223      ERROR Test worker     d.u.i.k.n.b.AbstractBuilder  com.github.javaparser.resolution.UnsolvedSymbolException: Unsolved symbol in de.uka.ilkd.key.java.JavaParserFactory$DynamicTypeSolver@1c7f791e : java.lang.Object
	at com.github.javaparser.resolution.TypeSolver.solveType(TypeSolver.java:71)

37223      ERROR Test worker     d.u.i.k.n.b.TacletPBuilder Error in parsing taclet. de.uka.ilkd.key.util.parsing.BuildingException: Unsolved symbol in de.uka.ilkd.key.java.JavaParserFactory$DynamicTypeSolver@1c7f791e : java.lang.Object at file:/D:/a/key/key/key.core/build/resources/main/de/uka/ilkd/key/proof/rules/execRules.key:83:13
	at de.uka.ilkd.key.nparser.builder.AbstractBuilder.accept(AbstractBuilder.java:54)
Caused by: com.github.javaparser.resolution.UnsolvedSymbolException: Unsolved symbol in de.uka.ilkd.key.java.JavaParserFactory$DynamicTypeSolver@1c7f791e : java.lang.Object
	at com.github.javaparser.resolution.TypeSolver.solveType(TypeSolver.java:71)

37223      ERROR Test worker     d.u.i.k.n.b.AbstractBuilder  com.github.javaparser.resolution.UnsolvedSymbolException: Unsolved symbol in de.uka.ilkd.key.java.JavaParserFactory$DynamicTypeSolver@1c7f791e : java.lang.Object
	at com.github.javaparser.resolution.TypeSolver.solveType(TypeSolver.java:71)

37223      ERROR Test worker     d.u.i.k.n.b.TacletPBuilder Error in parsing taclet. de.uka.ilkd.key.util.parsing.BuildingException: Unsolved symbol in de.uka.ilkd.key.java.JavaParserFactory$DynamicTypeSolver@1c7f791e : java.lang.Object at file:/D:/a/key/key/key.core/build/resources/main/de/uka/ilkd/key/proof/rules/execRules.key:97:13
	at de.uka.ilkd.key.nparser.builder.AbstractBuilder.accept(AbstractBuilder.java:54)
Caused by: com.github.javaparser.resolution.UnsolvedSymbolException: Unsolved symbol in de.uka.ilkd.key.java.JavaParserFactory$DynamicTypeSolver@1c7f791e : java.lang.Object
	at com.github.javaparser.resolution.TypeSolver.solveType(TypeSolver.java:71)

37223      ERROR Test worker     d.u.i.k.n.b.AbstractBuilder  com.github.javaparser.resolution.UnsolvedSymbolException: Unsolved symbol in de.uka.ilkd.key.java.JavaParserFactory$DynamicTypeSolver@1c7f791e : java.lang.Object
	at com.github.javaparser.resolution.TypeSolver.solveType(TypeSolver.java:71)

37223      ERROR Test worker     d.u.i.k.n.b.TacletPBuilder Error in parsing taclet. de.uka.ilkd.key.util.parsing.BuildingException: Unsolved symbol in de.uka.ilkd.key.java.JavaParserFactory$DynamicTypeSolver@1c7f791e : java.lang.Object at file:/D:/a/key/key/key.core/build/resources/main/de/uka/ilkd/key/proof/rules/execRules.key:111:13
	at de.uka.ilkd.key.nparser.builder.AbstractBuilder.accept(AbstractBuilder.java:54)
Caused by: com.github.javaparser.resolution.UnsolvedSymbolException: Unsolved symbol in de.uka.ilkd.key.java.JavaParserFactory$DynamicTypeSolver@1c7f791e : java.lang.Object
	at com.github.javaparser.resolution.TypeSolver.solveType(TypeSolver.java:71)

37238      ERROR Test worker     d.u.i.k.n.b.AbstractBuilder  com.github.javaparser.resolution.UnsolvedSymbolException: Unsolved symbol in de.uka.ilkd.key.java.JavaParserFactory$DynamicTypeSolver@1c7f791e : java.lang.Object
	at com.github.javaparser.resolution.TypeSolver.solveType(TypeSolver.java:71)

37238      ERROR Test worker     d.u.i.k.n.b.TacletPBuilder Error in parsing taclet. de.uka.ilkd.key.util.parsing.BuildingException: Unsolved symbol in de.uka.ilkd.key.java.JavaParserFactory$DynamicTypeSolver@1c7f791e : java.lang.Object at file:/D:/a/key/key/key.core/build/resources/main/de/uka/ilkd/key/proof/rules/execRules.key:125:13
	at de.uka.ilkd.key.nparser.builder.AbstractBuilder.accept(AbstractBuilder.java:54)
Caused by: com.github.javaparser.resolution.UnsolvedSymbolException: Unsolved symbol in de.uka.ilkd.key.java.JavaParserFactory$DynamicTypeSolver@1c7f791e : java.lang.Object
	at com.github.javaparser.resolution.TypeSolver.solveType(TypeSolver.java:71)

37238      ERROR Test worker     d.u.i.k.n.b.AbstractBuilder  com.github.javaparser.resolution.UnsolvedSymbolException: Unsolved symbol in de.uka.ilkd.key.java.JavaParserFactory$DynamicTypeSolver@1c7f791e : java.lang.Object
	at com.github.javaparser.resolution.TypeSolver.solveType(TypeSolver.java:71)

37238      ERROR Test worker     d.u.i.k.n.b.TacletPBuilder Error in parsing taclet. de.uka.ilkd.key.util.parsing.BuildingException: Unsolved symbol in de.uka.ilkd.key.java.JavaParserFactory$DynamicTypeSolver@1c7f791e : java.lang.Object at file:/D:/a/key/key/key.core/build/resources/main/de/uka/ilkd/key/proof/rules/execRules.key:139:13
	at de.uka.ilkd.key.nparser.builder.AbstractBuilder.accept(AbstractBuilder.java:54)
Caused by: com.github.javaparser.resolution.UnsolvedSymbolException: Unsolved symbol in de.uka.ilkd.key.java.JavaParserFactory$DynamicTypeSolver@1c7f791e : java.lang.Object
	at com.github.javaparser.resolution.TypeSolver.solveType(TypeSolver.java:71)

37238      ERROR Test worker     d.u.i.k.n.b.AbstractBuilder  com.github.javaparser.resolution.UnsolvedSymbolException: Unsolved symbol in de.uka.ilkd.key.java.JavaParserFactory$DynamicTypeSolver@1c7f791e : java.lang.Object
	at com.github.javaparser.resolution.TypeSolver.solveType(TypeSolver.java:71)

37238      ERROR Test worker     d.u.i.k.n.b.TacletPBuilder Error in parsing taclet. de.uka.ilkd.key.util.parsing.BuildingException: Unsolved symbol in de.uka.ilkd.key.java.JavaParserFactory$DynamicTypeSolver@1c7f791e : java.lang.Object at file:/D:/a/key/key/key.core/build/resources/main/de/uka/ilkd/key/proof/rules/execRules.key:153:13
	at de.uka.ilkd.key.nparser.builder.AbstractBuilder.accept(AbstractBuilder.java:54)
Caused by: com.github.javaparser.resolution.UnsolvedSymbolException: Unsolved symbol in de.uka.ilkd.key.java.JavaParserFactory$DynamicTypeSolver@1c7f791e : java.lang.Object
	at com.github.javaparser.resolution.TypeSolver.solveType(TypeSolver.java:71)

37238      ERROR Test worker     d.u.i.k.n.b.AbstractBuilder  com.github.javaparser.resolution.UnsolvedSymbolException: Unsolved symbol in de.uka.ilkd.key.java.JavaParserFactory$DynamicTypeSolver@1c7f791e : java.lang.Object
	at com.github.javaparser.resolution.TypeSolver.solveType(TypeSolver.java:71)

37238      ERROR Test worker     d.u.i.k.n.b.TacletPBuilder Error in parsing taclet. de.uka.ilkd.key.util.parsing.BuildingException: Unsolved symbol in de.uka.ilkd.key.java.JavaParserFactory$DynamicTypeSolver@1c7f791e : java.lang.Object at file:/D:/a/key/key/key.core/build/resources/main/de/uka/ilkd/key/proof/rules/execRules.key:170:15
	at de.uka.ilkd.key.nparser.builder.AbstractBuilder.accept(AbstractBuilder.java:54)
Caused by: com.github.javaparser.resolution.UnsolvedSymbolException: Unsolved symbol in de.uka.ilkd.key.java.JavaParserFactory$DynamicTypeSolver@1c7f791e : java.lang.Object
	at com.github.javaparser.resolution.TypeSolver.solveType(TypeSolver.java:71)

37238      ERROR Test worker     d.u.i.k.n.b.AbstractBuilder  com.github.javaparser.resolution.UnsolvedSymbolException: Unsolved symbol in de.uka.ilkd.key.java.JavaParserFactory$DynamicTypeSolver@1c7f791e : java.lang.Object
	at com.github.javaparser.resolution.TypeSolver.solveType(TypeSolver.java:71)

37238      ERROR Test worker     d.u.i.k.n.b.TacletPBuilder Error in parsing taclet. de.uka.ilkd.key.util.parsing.BuildingException: Unsolved symbol in de.uka.ilkd.key.java.JavaParserFactory$DynamicTypeSolver@1c7f791e : java.lang.Object at file:/D:/a/key/key/key.core/build/resources/main/de/uka/ilkd/key/proof/rules/execRules.key:187:15
	at de.uka.ilkd.key.nparser.builder.AbstractBuilder.accept(AbstractBuilder.java:54)
Caused by: com.github.javaparser.resolution.UnsolvedSymbolException: Unsolved symbol in de.uka.ilkd.key.java.JavaParserFactory$DynamicTypeSolver@1c7f791e : java.lang.Object
	at com.github.javaparser.resolution.TypeSolver.solveType(TypeSolver.java:71)

37238      ERROR Test worker     d.u.i.k.n.b.AbstractBuilder  com.github.javaparser.resolution.UnsolvedSymbolException: Unsolved symbol in de.uka.ilkd.key.java.JavaParserFactory$DynamicTypeSolver@1c7f791e : java.lang.Object
	at com.github.javaparser.resolution.TypeSolver.solveType(TypeSolver.java:71)

37238      ERROR Test worker     d.u.i.k.n.b.TacletPBuilder Error in parsing taclet. de.uka.ilkd.key.util.parsing.BuildingException: Unsolved symbol in de.uka.ilkd.key.java.JavaParserFactory$DynamicTypeSolver@1c7f791e : java.lang.Object at file:/D:/a/key/key/key.core/build/resources/main/de/uka/ilkd/key/proof/rules/execRules.key:218:15
	at de.uka.ilkd.key.nparser.builder.AbstractBuilder.accept(AbstractBuilder.java:54)
Caused by: com.github.javaparser.resolution.UnsolvedSymbolException: Unsolved symbol in de.uka.ilkd.key.java.JavaParserFactory$DynamicTypeSolver@1c7f791e : java.lang.Object
	at com.github.javaparser.resolution.TypeSolver.solveType(TypeSolver.java:71)

37238      ERROR Test worker     d.u.i.k.n.b.AbstractBuilder  com.github.javaparser.resolution.UnsolvedSymbolException: Unsolved symbol in de.uka.ilkd.key.java.JavaParserFactory$DynamicTypeSolver@1c7f791e : java.lang.Object
	at com.github.javaparser.resolution.TypeSolver.solveType(TypeSolver.java:71)

37238      ERROR Test worker     d.u.i.k.n.b.TacletPBuilder Error in parsing taclet. de.uka.ilkd.key.util.parsing.BuildingException: Unsolved symbol in de.uka.ilkd.key.java.JavaParserFactory$DynamicTypeSolver@1c7f791e : java.lang.Object at file:/D:/a/key/key/key.core/build/resources/main/de/uka/ilkd/key/proof/rules/execRules.key:235:15
	at de.uka.ilkd.key.nparser.builder.AbstractBuilder.accept(AbstractBuilder.java:54)
Caused by: com.github.javaparser.resolution.UnsolvedSymbolException: Unsolved symbol in de.uka.ilkd.key.java.JavaParserFactory$DynamicTypeSolver@1c7f791e : java.lang.Object
	at com.github.javaparser.resolution.TypeSolver.solveType(TypeSolver.java:71)

37238      ERROR Test worker     d.u.i.k.n.b.AbstractBuilder  com.github.javaparser.resolution.UnsolvedSymbolException: Unsolved symbol in de.uka.ilkd.key.java.JavaParserFactory$DynamicTypeSolver@1c7f791e : java.lang.Object
	at com.github.javaparser.resolution.TypeSolver.solveType(TypeSolver.java:71)

37238      ERROR Test worker     d.u.i.k.n.b.TacletPBuilder Error in parsing taclet. de.uka.ilkd.key.util.parsing.BuildingException: Unsolved symbol in de.uka.ilkd.key.java.JavaParserFactory$DynamicTypeSolver@1c7f791e : java.lang.Object at file:/D:/a/key/key/key.core/build/resources/main/de/uka/ilkd/key/proof/rules/execRules.key:252:15
	at de.uka.ilkd.key.nparser.builder.AbstractBuilder.accept(AbstractBuilder.java:54)
Caused by: com.github.javaparser.resolution.UnsolvedSymbolException: Unsolved symbol in de.uka.ilkd.key.java.JavaParserFactory$DynamicTypeSolver@1c7f791e : java.lang.Object
	at com.github.javaparser.resolution.TypeSolver.solveType(TypeSolver.java:71)

37238      ERROR Test worker     d.u.i.k.n.b.AbstractBuilder  com.github.javaparser.resolution.UnsolvedSymbolException: Unsolved symbol in de.uka.ilkd.key.java.JavaParserFactory$DynamicTypeSolver@1c7f791e : java.lang.Object
	at com.github.javaparser.resolution.TypeSolver.solveType(TypeSolver.java:71)

37238      ERROR Test worker     d.u.i.k.n.b.TacletPBuilder Error in parsing taclet. de.uka.ilkd.key.util.parsing.BuildingException: Unsolved symbol in de.uka.ilkd.key.java.JavaParserFactory$DynamicTypeSolver@1c7f791e : java.lang.Object at file:/D:/a/key/key/key.core/build/resources/main/de/uka/ilkd/key/proof/rules/execRules.key:269:15
	at de.uka.ilkd.key.nparser.builder.AbstractBuilder.accept(AbstractBuilder.java:54)
Caused by: com.github.javaparser.resolution.UnsolvedSymbolException: Unsolved symbol in de.uka.ilkd.key.java.JavaParserFactory$DynamicTypeSolver@1c7f791e : java.lang.Object
	at com.github.javaparser.resolution.TypeSolver.solveType(TypeSolver.java:71)

37254      ERROR Test worker     d.u.i.k.n.b.AbstractBuilder  com.github.javaparser.resolution.UnsolvedSymbolException: Unsolved symbol in de.uka.ilkd.key.java.JavaParserFactory$DynamicTypeSolver@1c7f791e : java.lang.Object
	at com.github.javaparser.resolution.TypeSolver.solveType(TypeSolver.java:71)

37254      ERROR Test worker     d.u.i.k.n.b.TacletPBuilder Error in parsing taclet. de.uka.ilkd.key.util.parsing.BuildingException: Unsolved symbol in de.uka.ilkd.key.java.JavaParserFactory$DynamicTypeSolver@1c7f791e : java.lang.Object at file:/D:/a/key/key/key.core/build/resources/main/de/uka/ilkd/key/proof/rules/execRules.key:286:15
	at de.uka.ilkd.key.nparser.builder.AbstractBuilder.accept(AbstractBuilder.java:54)
Caused by: com.github.javaparser.resolution.UnsolvedSymbolException: Unsolved symbol in de.uka.ilkd.key.java.JavaParserFactory$DynamicTypeSolver@1c7f791e : java.lang.Object
	at com.github.javaparser.resolution.TypeSolver.solveType(TypeSolver.java:71)

37254      ERROR Test worker     d.u.i.k.n.b.AbstractBuilder  com.github.javaparser.resolution.UnsolvedSymbolException: Unsolved symbol in de.uka.ilkd.key.java.JavaParserFactory$DynamicTypeSolver@1c7f791e : java.lang.Object
	at com.github.javaparser.resolution.TypeSolver.solveType(TypeSolver.java:71)

37254      ERROR Test worker     d.u.i.k.n.b.TacletPBuilder Error in parsing taclet. de.uka.ilkd.key.util.parsing.BuildingException: Unsolved symbol in de.uka.ilkd.key.java.JavaParserFactory$DynamicTypeSolver@1c7f791e : java.lang.Object at file:/D:/a/key/key/key.core/build/resources/main/de/uka/ilkd/key/proof/rules/execRules.key:303:15
	at de.uka.ilkd.key.nparser.builder.AbstractBuilder.accept(AbstractBuilder.java:54)
Caused by: com.github.javaparser.resolution.UnsolvedSymbolException: Unsolved symbol in de.uka.ilkd.key.java.JavaParserFactory$DynamicTypeSolver@1c7f791e : java.lang.Object
	at com.github.javaparser.resolution.TypeSolver.solveType(TypeSolver.java:71)

37254      ERROR Test worker     d.u.i.k.n.b.AbstractBuilder  com.github.javaparser.resolution.UnsolvedSymbolException: Unsolved symbol in de.uka.ilkd.key.java.JavaParserFactory$DynamicTypeSolver@1c7f791e : java.lang.Object
	at com.github.javaparser.resolution.TypeSolver.solveType(TypeSolver.java:71)

37254      ERROR Test worker     d.u.i.k.n.b.TacletPBuilder Error in parsing taclet. de.uka.ilkd.key.util.parsing.BuildingException: Unsolved symbol in de.uka.ilkd.key.java.JavaParserFactory$DynamicTypeSolver@1c7f791e : java.lang.Object at file:/D:/a/key/key/key.core/build/resources/main/de/uka/ilkd/key/proof/rules/execRules.key:320:15
	at de.uka.ilkd.key.nparser.builder.AbstractBuilder.accept(AbstractBuilder.java:54)
Caused by: com.github.javaparser.resolution.UnsolvedSymbolException: Unsolved symbol in de.uka.ilkd.key.java.JavaParserFactory$DynamicTypeSolver@1c7f791e : java.lang.Object
	at com.github.javaparser.resolution.TypeSolver.solveType(TypeSolver.java:71)

37254      ERROR Test worker     d.u.i.k.n.b.AbstractBuilder  com.github.javaparser.resolution.UnsolvedSymbolException: Unsolved symbol in de.uka.ilkd.key.java.JavaParserFactory$DynamicTypeSolver@1c7f791e : java.lang.Object
	at com.github.javaparser.resolution.TypeSolver.solveType(TypeSolver.java:71)

37254      ERROR Test worker     d.u.i.k.n.b.TacletPBuilder Error in parsing taclet. de.uka.ilkd.key.util.parsing.BuildingException: Unsolved symbol in de.uka.ilkd.key.java.JavaParserFactory$DynamicTypeSolver@1c7f791e : java.lang.Object at file:/D:/a/key/key/key.core/build/resources/main/de/uka/ilkd/key/proof/rules/execRules.key:337:15
	at de.uka.ilkd.key.nparser.builder.AbstractBuilder.accept(AbstractBuilder.java:54)
Caused by: com.github.javaparser.resolution.UnsolvedSymbolException: Unsolved symbol in de.uka.ilkd.key.java.JavaParserFactory$DynamicTypeSolver@1c7f791e : java.lang.Object
	at com.github.javaparser.resolution.TypeSolver.solveType(TypeSolver.java:71)

37254      ERROR Test worker     d.u.i.k.n.b.AbstractBuilder  com.github.javaparser.resolution.UnsolvedSymbolException: Unsolved symbol in de.uka.ilkd.key.java.JavaParserFactory$DynamicTypeSolver@1c7f791e : java.lang.Object
	at com.github.javaparser.resolution.TypeSolver.solveType(TypeSolver.java:71)

37254      ERROR Test worker     d.u.i.k.n.b.TacletPBuilder Error in parsing taclet. de.uka.ilkd.key.util.parsing.BuildingException: Unsolved symbol in de.uka.ilkd.key.java.JavaParserFactory$DynamicTypeSolver@1c7f791e : java.lang.Object at file:/D:/a/key/key/key.core/build/resources/main/de/uka/ilkd/key/proof/rules/execRules.key:355:13
	at de.uka.ilkd.key.nparser.builder.AbstractBuilder.accept(AbstractBuilder.java:54)
Caused by: com.github.javaparser.resolution.UnsolvedSymbolException: Unsolved symbol in de.uka.ilkd.key.java.JavaParserFactory$DynamicTypeSolver@1c7f791e : java.lang.Object
	at com.github.javaparser.resolution.TypeSolver.solveType(TypeSolver.java:71)

37254      ERROR Test worker     d.u.i.k.n.b.AbstractBuilder  com.github.javaparser.resolution.UnsolvedSymbolException: Unsolved symbol in de.uka.ilkd.key.java.JavaParserFactory$DynamicTypeSolver@1c7f791e : java.lang.Object
	at com.github.javaparser.resolution.TypeSolver.solveType(TypeSolver.java:71)

37254      ERROR Test worker     d.u.i.k.n.b.TacletPBuilder Error in parsing taclet. de.uka.ilkd.key.util.parsing.BuildingException: Unsolved symbol in de.uka.ilkd.key.java.JavaParserFactory$DynamicTypeSolver@1c7f791e : java.lang.Object at file:/D:/a/key/key/key.core/build/resources/main/de/uka/ilkd/key/proof/rules/execRules.key:370:15
	at de.uka.ilkd.key.nparser.builder.AbstractBuilder.accept(AbstractBuilder.java:54)
Caused by: com.github.javaparser.resolution.UnsolvedSymbolException: Unsolved symbol in de.uka.ilkd.key.java.JavaParserFactory$DynamicTypeSolver@1c7f791e : java.lang.Object
	at com.github.javaparser.resolution.TypeSolver.solveType(TypeSolver.java:71)

37254      ERROR Test worker     d.u.i.k.n.b.AbstractBuilder  com.github.javaparser.resolution.UnsolvedSymbolException: Unsolved symbol in de.uka.ilkd.key.java.JavaParserFactory$DynamicTypeSolver@1c7f791e : java.lang.Object
	at com.github.javaparser.resolution.TypeSolver.solveType(TypeSolver.java:71)

37254      ERROR Test worker     d.u.i.k.n.b.TacletPBuilder Error in parsing taclet. de.uka.ilkd.key.util.parsing.BuildingException: Unsolved symbol in de.uka.ilkd.key.java.JavaParserFactory$DynamicTypeSolver@1c7f791e : java.lang.Object at file:/D:/a/key/key/key.core/build/resources/main/de/uka/ilkd/key/proof/rules/execRules.key:388:15
	at de.uka.ilkd.key.nparser.builder.AbstractBuilder.accept(AbstractBuilder.java:54)
Caused by: com.github.javaparser.resolution.UnsolvedSymbolException: Unsolved symbol in de.uka.ilkd.key.java.JavaParserFactory$DynamicTypeSolver@1c7f791e : java.lang.Object
	at com.github.javaparser.resolution.TypeSolver.solveType(TypeSolver.java:71)

37254      ERROR Test worker     d.u.i.k.n.b.AbstractBuilder  com.github.javaparser.resolution.UnsolvedSymbolException: Unsolved symbol in de.uka.ilkd.key.java.JavaParserFactory$DynamicTypeSolver@1c7f791e : java.lang.Object
	at com.github.javaparser.resolution.TypeSolver.solveType(TypeSolver.java:71)

37254      ERROR Test worker     d.u.i.k.n.b.TacletPBuilder Error in parsing taclet. de.uka.ilkd.key.util.parsing.BuildingException: Unsolved symbol in de.uka.ilkd.key.java.JavaParserFactory$DynamicTypeSolver@1c7f791e : java.lang.Object at file:/D:/a/key/key/key.core/build/resources/main/de/uka/ilkd/key/proof/rules/execRules.key:405:15
	at de.uka.ilkd.key.nparser.builder.AbstractBuilder.accept(AbstractBuilder.java:54)
Caused by: com.github.javaparser.resolution.UnsolvedSymbolException: Unsolved symbol in de.uka.ilkd.key.java.JavaParserFactory$DynamicTypeSolver@1c7f791e : java.lang.Object
	at com.github.javaparser.resolution.TypeSolver.solveType(TypeSolver.java:71)

37254      ERROR Test worker     d.u.i.k.n.b.AbstractBuilder  com.github.javaparser.resolution.UnsolvedSymbolException: Unsolved symbol in de.uka.ilkd.key.java.JavaParserFactory$DynamicTypeSolver@1c7f791e : java.lang.Object
	at com.github.javaparser.resolution.TypeSolver.solveType(TypeSolver.java:71)

37254      ERROR Test worker     d.u.i.k.n.b.TacletPBuilder Error in parsing taclet. de.uka.ilkd.key.util.parsing.BuildingException: Unsolved symbol in de.uka.ilkd.key.java.JavaParserFactory$DynamicTypeSolver@1c7f791e : java.lang.Object at file:/D:/a/key/key/key.core/build/resources/main/de/uka/ilkd/key/proof/rules/execRules.key:422:15
	at de.uka.ilkd.key.nparser.builder.AbstractBuilder.accept(AbstractBuilder.java:54)
Caused by: com.github.javaparser.resolution.UnsolvedSymbolException: Unsolved symbol in de.uka.ilkd.key.java.JavaParserFactory$DynamicTypeSolver@1c7f791e : java.lang.Object
	at com.github.javaparser.resolution.TypeSolver.solveType(TypeSolver.java:71)

37270      ERROR Test worker     d.u.i.k.n.b.AbstractBuilder  com.github.javaparser.resolution.UnsolvedSymbolException: Unsolved symbol in de.uka.ilkd.key.java.JavaParserFactory$DynamicTypeSolver@1c7f791e : java.lang.Object
	at com.github.javaparser.resolution.TypeSolver.solveType(TypeSolver.java:71)

37270      ERROR Test worker     d.u.i.k.n.b.TacletPBuilder Error in parsing taclet. de.uka.ilkd.key.util.parsing.BuildingException: Unsolved symbol in de.uka.ilkd.key.java.JavaParserFactory$DynamicTypeSolver@1c7f791e : java.lang.Object at file:/D:/a/key/key/key.core/build/resources/main/de/uka/ilkd/key/proof/rules/execRules.key:439:15
	at de.uka.ilkd.key.nparser.builder.AbstractBuilder.accept(AbstractBuilder.java:54)
Caused by: com.github.javaparser.resolution.UnsolvedSymbolException: Unsolved symbol in de.uka.ilkd.key.java.JavaParserFactory$DynamicTypeSolver@1c7f791e : java.lang.Object
	at com.github.javaparser.resolution.TypeSolver.solveType(TypeSolver.java:71)

37270      ERROR Test worker     d.u.i.k.n.b.AbstractBuilder  com.github.javaparser.resolution.UnsolvedSymbolException: Unsolved symbol in de.uka.ilkd.key.java.JavaParserFactory$DynamicTypeSolver@1c7f791e : java.lang.Object
	at com.github.javaparser.resolution.TypeSolver.solveType(TypeSolver.java:71)

37270      ERROR Test worker     d.u.i.k.n.b.TacletPBuilder Error in parsing taclet. de.uka.ilkd.key.util.parsing.BuildingException: Unsolved symbol in de.uka.ilkd.key.java.JavaParserFactory$DynamicTypeSolver@1c7f791e : java.lang.Object at file:/D:/a/key/key/key.core/build/resources/main/de/uka/ilkd/key/proof/rules/execRules.key:456:15
	at de.uka.ilkd.key.nparser.builder.AbstractBuilder.accept(AbstractBuilder.java:54)
Caused by: com.github.javaparser.resolution.UnsolvedSymbolException: Unsolved symbol in de.uka.ilkd.key.java.JavaParserFactory$DynamicTypeSolver@1c7f791e : java.lang.Object
	at com.github.javaparser.resolution.TypeSolver.solveType(TypeSolver.java:71)

37270      ERROR Test worker     d.u.i.k.n.b.AbstractBuilder  com.github.javaparser.resolution.UnsolvedSymbolException: Unsolved symbol in de.uka.ilkd.key.java.JavaParserFactory$DynamicTypeSolver@1c7f791e : java.lang.Object
	at com.github.javaparser.resolution.TypeSolver.solveType(TypeSolver.java:71)

37270      ERROR Test worker     d.u.i.k.n.b.TacletPBuilder Error in parsing taclet. de.uka.ilkd.key.util.parsing.BuildingException: Unsolved symbol in de.uka.ilkd.key.java.JavaParserFactory$DynamicTypeSolver@1c7f791e : java.lang.Object at file:/D:/a/key/key/key.core/build/resources/main/de/uka/ilkd/key/proof/rules/execRules.key:473:15
	at de.uka.ilkd.key.nparser.builder.AbstractBuilder.accept(AbstractBuilder.java:54)
Caused by: com.github.javaparser.resolution.UnsolvedSymbolException: Unsolved symbol in de.uka.ilkd.key.java.JavaParserFactory$DynamicTypeSolver@1c7f791e : java.lang.Object
	at com.github.javaparser.resolution.TypeSolver.solveType(TypeSolver.java:71)

37270      ERROR Test worker     d.u.i.k.n.b.AbstractBuilder  com.github.javaparser.resolution.UnsolvedSymbolException: Unsolved symbol in de.uka.ilkd.key.java.JavaParserFactory$DynamicTypeSolver@1c7f791e : java.lang.Object
	at com.github.javaparser.resolution.TypeSolver.solveType(TypeSolver.java:71)

37270      ERROR Test worker     d.u.i.k.n.b.TacletPBuilder Error in parsing taclet. de.uka.ilkd.key.util.parsing.BuildingException: Unsolved symbol in de.uka.ilkd.key.java.JavaParserFactory$DynamicTypeSolver@1c7f791e : java.lang.Object at file:/D:/a/key/key/key.core/build/resources/main/de/uka/ilkd/key/proof/rules/execRules.key:490:15
	at de.uka.ilkd.key.nparser.builder.AbstractBuilder.accept(AbstractBuilder.java:54)
Caused by: com.github.javaparser.resolution.UnsolvedSymbolException: Unsolved symbol in de.uka.ilkd.key.java.JavaParserFactory$DynamicTypeSolver@1c7f791e : java.lang.Object
	at com.github.javaparser.resolution.TypeSolver.solveType(TypeSolver.java:71)

37270      ERROR Test worker     d.u.i.k.n.b.AbstractBuilder  com.github.javaparser.resolution.UnsolvedSymbolException: Unsolved symbol in de.uka.ilkd.key.java.JavaParserFactory$DynamicTypeSolver@1c7f791e : java.lang.Object
	at com.github.javaparser.resolution.TypeSolver.solveType(TypeSolver.java:71)

37270      ERROR Test worker     d.u.i.k.n.b.TacletPBuilder Error in parsing taclet. de.uka.ilkd.key.util.parsing.BuildingException: Unsolved symbol in de.uka.ilkd.key.java.JavaParserFactory$DynamicTypeSolver@1c7f791e : java.lang.Object at file:/D:/a/key/key/key.core/build/resources/main/de/uka/ilkd/key/proof/rules/execRules.key:507:15
	at de.uka.ilkd.key.nparser.builder.AbstractBuilder.accept(AbstractBuilder.java:54)
Caused by: com.github.javaparser.resolution.UnsolvedSymbolException: Unsolved symbol in de.uka.ilkd.key.java.JavaParserFactory$DynamicTypeSolver@1c7f791e : java.lang.Object
	at com.github.javaparser.resolution.TypeSolver.solveType(TypeSolver.java:71)

37270      ERROR Test worker     d.u.i.k.n.b.AbstractBuilder  com.github.javaparser.resolution.UnsolvedSymbolException: Unsolved symbol in de.uka.ilkd.key.java.JavaParserFactory$DynamicTypeSolver@1c7f791e : java.lang.Object
	at com.github.javaparser.resolution.TypeSolver.solveType(TypeSolver.java:71)

37270      ERROR Test worker     d.u.i.k.n.b.TacletPBuilder Error in parsing taclet. de.uka.ilkd.key.util.parsing.BuildingException: Unsolved symbol in de.uka.ilkd.key.java.JavaParserFactory$DynamicTypeSolver@1c7f791e : java.lang.Object at file:/D:/a/key/key/key.core/build/resources/main/de/uka/ilkd/key/proof/rules/execRules.key:523:15
	at de.uka.ilkd.key.nparser.builder.AbstractBuilder.accept(AbstractBuilder.java:54)
Caused by: com.github.javaparser.resolution.UnsolvedSymbolException: Unsolved symbol in de.uka.ilkd.key.java.JavaParserFactory$DynamicTypeSolver@1c7f791e : java.lang.Object
	at com.github.javaparser.resolution.TypeSolver.solveType(TypeSolver.java:71)

37270      ERROR Test worker     d.u.i.k.n.b.AbstractBuilder  com.github.javaparser.resolution.UnsolvedSymbolException: Unsolved symbol in de.uka.ilkd.key.java.JavaParserFactory$DynamicTypeSolver@1c7f791e : java.lang.Object
	at com.github.javaparser.resolution.TypeSolver.solveType(TypeSolver.java:71)

37270      ERROR Test worker     d.u.i.k.n.b.TacletPBuilder Error in parsing taclet. de.uka.ilkd.key.util.parsing.BuildingException: Unsolved symbol in de.uka.ilkd.key.java.JavaParserFactory$DynamicTypeSolver@1c7f791e : java.lang.Object at file:/D:/a/key/key/key.core/build/resources/main/de/uka/ilkd/key/proof/rules/execRules.key:541:15
	at de.uka.ilkd.key.nparser.builder.AbstractBuilder.accept(AbstractBuilder.java:54)
Caused by: com.github.javaparser.resolution.UnsolvedSymbolException: Unsolved symbol in de.uka.ilkd.key.java.JavaParserFactory$DynamicTypeSolver@1c7f791e : java.lang.Object
	at com.github.javaparser.resolution.TypeSolver.solveType(TypeSolver.java:71)

37270      ERROR Test worker     d.u.i.k.n.b.AbstractBuilder  com.github.javaparser.resolution.UnsolvedSymbolException: Unsolved symbol in de.uka.ilkd.key.java.JavaParserFactory$DynamicTypeSolver@1c7f791e : java.lang.Object
	at com.github.javaparser.resolution.TypeSolver.solveType(TypeSolver.java:71)

37270      ERROR Test worker     d.u.i.k.n.b.TacletPBuilder Error in parsing taclet. de.uka.ilkd.key.util.parsing.BuildingException: Unsolved symbol in de.uka.ilkd.key.java.JavaParserFactory$DynamicTypeSolver@1c7f791e : java.lang.Object at file:/D:/a/key/key/key.core/build/resources/main/de/uka/ilkd/key/proof/rules/execRules.key:558:15
	at de.uka.ilkd.key.nparser.builder.AbstractBuilder.accept(AbstractBuilder.java:54)
Caused by: com.github.javaparser.resolution.UnsolvedSymbolException: Unsolved symbol in de.uka.ilkd.key.java.JavaParserFactory$DynamicTypeSolver@1c7f791e : java.lang.Object
	at com.github.javaparser.resolution.TypeSolver.solveType(TypeSolver.java:71)

37285      ERROR Test worker     d.u.i.k.n.b.AbstractBuilder  com.github.javaparser.resolution.UnsolvedSymbolException: Unsolved symbol in de.uka.ilkd.key.java.JavaParserFactory$DynamicTypeSolver@1c7f791e : java.lang.Object
	at com.github.javaparser.resolution.TypeSolver.solveType(TypeSolver.java:71)

37285      ERROR Test worker     d.u.i.k.n.b.TacletPBuilder Error in parsing taclet. de.uka.ilkd.key.util.parsing.BuildingException: Unsolved symbol in de.uka.ilkd.key.java.JavaParserFactory$DynamicTypeSolver@1c7f791e : java.lang.Object at file:/D:/a/key/key/key.core/build/resources/main/de/uka/ilkd/key/proof/rules/execRules.key:575:15
	at de.uka.ilkd.key.nparser.builder.AbstractBuilder.accept(AbstractBuilder.java:54)
Caused by: com.github.javaparser.resolution.UnsolvedSymbolException: Unsolved symbol in de.uka.ilkd.key.java.JavaParserFactory$DynamicTypeSolver@1c7f791e : java.lang.Object
	at com.github.javaparser.resolution.TypeSolver.solveType(TypeSolver.java:71)

37285      ERROR Test worker     d.u.i.k.n.b.AbstractBuilder  com.github.javaparser.resolution.UnsolvedSymbolException: Unsolved symbol in de.uka.ilkd.key.java.JavaParserFactory$DynamicTypeSolver@1c7f791e : java.lang.Object
	at com.github.javaparser.resolution.TypeSolver.solveType(TypeSolver.java:71)

37285      ERROR Test worker     d.u.i.k.n.b.TacletPBuilder Error in parsing taclet. de.uka.ilkd.key.util.parsing.BuildingException: Unsolved symbol in de.uka.ilkd.key.java.JavaParserFactory$DynamicTypeSolver@1c7f791e : java.lang.Object at file:/D:/a/key/key/key.core/build/resources/main/de/uka/ilkd/key/proof/rules/execRules.key:592:15
	at de.uka.ilkd.key.nparser.builder.AbstractBuilder.accept(AbstractBuilder.java:54)
Caused by: com.github.javaparser.resolution.UnsolvedSymbolException: Unsolved symbol in de.uka.ilkd.key.java.JavaParserFactory$DynamicTypeSolver@1c7f791e : java.lang.Object
	at com.github.javaparser.resolution.TypeSolver.solveType(TypeSolver.java:71)

37285      ERROR Test worker     d.u.i.k.n.b.AbstractBuilder  com.github.javaparser.resolution.UnsolvedSymbolException: Unsolved symbol in de.uka.ilkd.key.java.JavaParserFactory$DynamicTypeSolver@1c7f791e : java.lang.Object
	at com.github.javaparser.resolution.TypeSolver.solveType(TypeSolver.java:71)

37285      ERROR Test worker     d.u.i.k.n.b.TacletPBuilder Error in parsing taclet. de.uka.ilkd.key.util.parsing.BuildingException: Unsolved symbol in de.uka.ilkd.key.java.JavaParserFactory$DynamicTypeSolver@1c7f791e : java.lang.Object at file:/D:/a/key/key/key.core/build/resources/main/de/uka/ilkd/key/proof/rules/execRules.key:609:15
	at de.uka.ilkd.key.nparser.builder.AbstractBuilder.accept(AbstractBuilder.java:54)
Caused by: com.github.javaparser.resolution.UnsolvedSymbolException: Unsolved symbol in de.uka.ilkd.key.java.JavaParserFactory$DynamicTypeSolver@1c7f791e : java.lang.Object
	at com.github.javaparser.resolution.TypeSolver.solveType(TypeSolver.java:71)

37285      ERROR Test worker     d.u.i.k.n.b.AbstractBuilder  com.github.javaparser.resolution.UnsolvedSymbolException: Unsolved symbol in de.uka.ilkd.key.java.JavaParserFactory$DynamicTypeSolver@1c7f791e : java.lang.Object
	at com.github.javaparser.resolution.TypeSolver.solveType(TypeSolver.java:71)

37285      ERROR Test worker     d.u.i.k.n.b.TacletPBuilder Error in parsing taclet. de.uka.ilkd.key.util.parsing.BuildingException: Unsolved symbol in de.uka.ilkd.key.java.JavaParserFactory$DynamicTypeSolver@1c7f791e : java.lang.Object at file:/D:/a/key/key/key.core/build/resources/main/de/uka/ilkd/key/proof/rules/execRules.key:626:15
	at de.uka.ilkd.key.nparser.builder.AbstractBuilder.accept(AbstractBuilder.java:54)
Caused by: com.github.javaparser.resolution.UnsolvedSymbolException: Unsolved symbol in de.uka.ilkd.key.java.JavaParserFactory$DynamicTypeSolver@1c7f791e : java.lang.Object
	at com.github.javaparser.resolution.TypeSolver.solveType(TypeSolver.java:71)

37285      ERROR Test worker     d.u.i.k.n.b.AbstractBuilder  com.github.javaparser.resolution.UnsolvedSymbolException: Unsolved symbol in de.uka.ilkd.key.java.JavaParserFactory$DynamicTypeSolver@1c7f791e : java.lang.Object
	at com.github.javaparser.resolution.TypeSolver.solveType(TypeSolver.java:71)

37285      ERROR Test worker     d.u.i.k.n.b.TacletPBuilder Error in parsing taclet. de.uka.ilkd.key.util.parsing.BuildingException: Unsolved symbol in de.uka.ilkd.key.java.JavaParserFactory$DynamicTypeSolver@1c7f791e : java.lang.Object at file:/D:/a/key/key/key.core/build/resources/main/de/uka/ilkd/key/proof/rules/execRules.key:643:15
	at de.uka.ilkd.key.nparser.builder.AbstractBuilder.accept(AbstractBuilder.java:54)
Caused by: com.github.javaparser.resolution.UnsolvedSymbolException: Unsolved symbol in de.uka.ilkd.key.java.JavaParserFactory$DynamicTypeSolver@1c7f791e : java.lang.Object
	at com.github.javaparser.resolution.TypeSolver.solveType(TypeSolver.java:71)

37285      ERROR Test worker     d.u.i.k.n.b.AbstractBuilder  com.github.javaparser.resolution.UnsolvedSymbolException: Unsolved symbol in de.uka.ilkd.key.java.JavaParserFactory$DynamicTypeSolver@1c7f791e : java.lang.Object
	at com.github.javaparser.resolution.TypeSolver.solveType(TypeSolver.java:71)

37285      ERROR Test worker     d.u.i.k.n.b.TacletPBuilder Error in parsing taclet. de.uka.ilkd.key.util.parsing.BuildingException: Unsolved symbol in de.uka.ilkd.key.java.JavaParserFactory$DynamicTypeSolver@1c7f791e : java.lang.Object at file:/D:/a/key/key/key.core/build/resources/main/de/uka/ilkd/key/proof/rules/execRules.key:659:15
	at de.uka.ilkd.key.nparser.builder.AbstractBuilder.accept(AbstractBuilder.java:54)
Caused by: com.github.javaparser.resolution.UnsolvedSymbolException: Unsolved symbol in de.uka.ilkd.key.java.JavaParserFactory$DynamicTypeSolver@1c7f791e : java.lang.Object
	at com.github.javaparser.resolution.TypeSolver.solveType(TypeSolver.java:71)

37285      ERROR Test worker     d.u.i.k.n.b.AbstractBuilder  com.github.javaparser.resolution.UnsolvedSymbolException: Unsolved symbol in de.uka.ilkd.key.java.JavaParserFactory$DynamicTypeSolver@1c7f791e : java.lang.Object
	at com.github.javaparser.resolution.TypeSolver.solveType(TypeSolver.java:71)

37285      ERROR Test worker     d.u.i.k.n.b.TacletPBuilder Error in parsing taclet. de.uka.ilkd.key.util.parsing.BuildingException: Unsolved symbol in de.uka.ilkd.key.java.JavaParserFactory$DynamicTypeSolver@1c7f791e : java.lang.Object at file:/D:/a/key/key/key.core/build/resources/main/de/uka/ilkd/key/proof/rules/execRules.key:675:15
	at de.uka.ilkd.key.nparser.builder.AbstractBuilder.accept(AbstractBuilder.java:54)
Caused by: com.github.javaparser.resolution.UnsolvedSymbolException: Unsolved symbol in de.uka.ilkd.key.java.JavaParserFactory$DynamicTypeSolver@1c7f791e : java.lang.Object
	at com.github.javaparser.resolution.TypeSolver.solveType(TypeSolver.java:71)

37285      ERROR Test worker     d.u.i.k.n.b.AbstractBuilder  com.github.javaparser.resolution.UnsolvedSymbolException: Unsolved symbol in de.uka.ilkd.key.java.JavaParserFactory$DynamicTypeSolver@1c7f791e : java.lang.Object
	at com.github.javaparser.resolution.TypeSolver.solveType(TypeSolver.java:71)

37285      ERROR Test worker     d.u.i.k.n.b.TacletPBuilder Error in parsing taclet. de.uka.ilkd.key.util.parsing.BuildingException: Unsolved symbol in de.uka.ilkd.key.java.JavaParserFactory$DynamicTypeSolver@1c7f791e : java.lang.Object at file:/D:/a/key/key/key.core/build/resources/main/de/uka/ilkd/key/proof/rules/execRules.key:691:15
	at de.uka.ilkd.key.nparser.builder.AbstractBuilder.accept(AbstractBuilder.java:54)
Caused by: com.github.javaparser.resolution.UnsolvedSymbolException: Unsolved symbol in de.uka.ilkd.key.java.JavaParserFactory$DynamicTypeSolver@1c7f791e : java.lang.Object
	at com.github.javaparser.resolution.TypeSolver.solveType(TypeSolver.java:71)

37285      ERROR Test worker     d.u.i.k.n.b.AbstractBuilder  com.github.javaparser.resolution.UnsolvedSymbolException: Unsolved symbol in de.uka.ilkd.key.java.JavaParserFactory$DynamicTypeSolver@1c7f791e : java.lang.Object
	at com.github.javaparser.resolution.TypeSolver.solveType(TypeSolver.java:71)

37301      ERROR Test worker     d.u.i.k.n.b.TacletPBuilder Error in parsing taclet. de.uka.ilkd.key.util.parsing.BuildingException: Unsolved symbol in de.uka.ilkd.key.java.JavaParserFactory$DynamicTypeSolver@1c7f791e : java.lang.Object at file:/D:/a/key/key/key.core/build/resources/main/de/uka/ilkd/key/proof/rules/execRules.key:711:15
	at de.uka.ilkd.key.nparser.builder.AbstractBuilder.accept(AbstractBuilder.java:54)
Caused by: com.github.javaparser.resolution.UnsolvedSymbolException: Unsolved symbol in de.uka.ilkd.key.java.JavaParserFactory$DynamicTypeSolver@1c7f791e : java.lang.Object
	at com.github.javaparser.resolution.TypeSolver.solveType(TypeSolver.java:71)

37301      ERROR Test worker     d.u.i.k.n.b.AbstractBuilder  com.github.javaparser.resolution.UnsolvedSymbolException: Unsolved symbol in de.uka.ilkd.key.java.JavaParserFactory$DynamicTypeSolver@1c7f791e : java.lang.Object
	at com.github.javaparser.resolution.TypeSolver.solveType(TypeSolver.java:71)

37301      ERROR Test worker     d.u.i.k.n.b.TacletPBuilder Error in parsing taclet. de.uka.ilkd.key.util.parsing.BuildingException: Unsolved symbol in de.uka.ilkd.key.java.JavaParserFactory$DynamicTypeSolver@1c7f791e : java.lang.Object at file:/D:/a/key/key/key.core/build/resources/main/de/uka/ilkd/key/proof/rules/execRules.key:728:15
	at de.uka.ilkd.key.nparser.builder.AbstractBuilder.accept(AbstractBuilder.java:54)
Caused by: com.github.javaparser.resolution.UnsolvedSymbolException: Unsolved symbol in de.uka.ilkd.key.java.JavaParserFactory$DynamicTypeSolver@1c7f791e : java.lang.Object
	at com.github.javaparser.resolution.TypeSolver.solveType(TypeSolver.java:71)

37301      ERROR Test worker     d.u.i.k.n.b.AbstractBuilder  com.github.javaparser.resolution.UnsolvedSymbolException: Unsolved symbol in de.uka.ilkd.key.java.JavaParserFactory$DynamicTypeSolver@1c7f791e : java.lang.Object
	at com.github.javaparser.resolution.TypeSolver.solveType(TypeSolver.java:71)

37301      ERROR Test worker     d.u.i.k.n.b.TacletPBuilder Error in parsing taclet. de.uka.ilkd.key.util.parsing.BuildingException: Unsolved symbol in de.uka.ilkd.key.java.JavaParserFactory$DynamicTypeSolver@1c7f791e : java.lang.Object at file:/D:/a/key/key/key.core/build/resources/main/de/uka/ilkd/key/proof/rules/execRules.key:745:15
	at de.uka.ilkd.key.nparser.builder.AbstractBuilder.accept(AbstractBuilder.java:54)
Caused by: com.github.javaparser.resolution.UnsolvedSymbolException: Unsolved symbol in de.uka.ilkd.key.java.JavaParserFactory$DynamicTypeSolver@1c7f791e : java.lang.Object
	at com.github.javaparser.resolution.TypeSolver.solveType(TypeSolver.java:71)

37301      ERROR Test worker     d.u.i.k.n.b.AbstractBuilder  com.github.javaparser.resolution.UnsolvedSymbolException: Unsolved symbol in de.uka.ilkd.key.java.JavaParserFactory$DynamicTypeSolver@1c7f791e : java.lang.Object
	at com.github.javaparser.resolution.TypeSolver.solveType(TypeSolver.java:71)

37301      ERROR Test worker     d.u.i.k.n.b.TacletPBuilder Error in parsing taclet. de.uka.ilkd.key.util.parsing.BuildingException: Unsolved symbol in de.uka.ilkd.key.java.JavaParserFactory$DynamicTypeSolver@1c7f791e : java.lang.Object at file:/D:/a/key/key/key.core/build/resources/main/de/uka/ilkd/key/proof/rules/execRules.key:762:15
	at de.uka.ilkd.key.nparser.builder.AbstractBuilder.accept(AbstractBuilder.java:54)
Caused by: com.github.javaparser.resolution.UnsolvedSymbolException: Unsolved symbol in de.uka.ilkd.key.java.JavaParserFactory$DynamicTypeSolver@1c7f791e : java.lang.Object
	at com.github.javaparser.resolution.TypeSolver.solveType(TypeSolver.java:71)

37301      ERROR Test worker     d.u.i.k.n.b.AbstractBuilder  com.github.javaparser.resolution.UnsolvedSymbolException: Unsolved symbol in de.uka.ilkd.key.java.JavaParserFactory$DynamicTypeSolver@1c7f791e : java.lang.Object
	at com.github.javaparser.resolution.TypeSolver.solveType(TypeSolver.java:71)

37301      ERROR Test worker     d.u.i.k.n.b.TacletPBuilder Error in parsing taclet. de.uka.ilkd.key.util.parsing.BuildingException: Unsolved symbol in de.uka.ilkd.key.java.JavaParserFactory$DynamicTypeSolver@1c7f791e : java.lang.Object at file:/D:/a/key/key/key.core/build/resources/main/de/uka/ilkd/key/proof/rules/execRules.key:779:15
	at de.uka.ilkd.key.nparser.builder.AbstractBuilder.accept(AbstractBuilder.java:54)
Caused by: com.github.javaparser.resolution.UnsolvedSymbolException: Unsolved symbol in de.uka.ilkd.key.java.JavaParserFactory$DynamicTypeSolver@1c7f791e : java.lang.Object
	at com.github.javaparser.resolution.TypeSolver.solveType(TypeSolver.java:71)

37301      ERROR Test worker     d.u.i.k.n.b.AbstractBuilder  com.github.javaparser.resolution.UnsolvedSymbolException: Unsolved symbol in de.uka.ilkd.key.java.JavaParserFactory$DynamicTypeSolver@1c7f791e : java.lang.Object
	at com.github.javaparser.resolution.TypeSolver.solveType(TypeSolver.java:71)

37301      ERROR Test worker     d.u.i.k.n.b.TacletPBuilder Error in parsing taclet. de.uka.ilkd.key.util.parsing.BuildingException: Unsolved symbol in de.uka.ilkd.key.java.JavaParserFactory$DynamicTypeSolver@1c7f791e : java.lang.Object at file:/D:/a/key/key/key.core/build/resources/main/de/uka/ilkd/key/proof/rules/execRules.key:795:15
	at de.uka.ilkd.key.nparser.builder.AbstractBuilder.accept(AbstractBuilder.java:54)
Caused by: com.github.javaparser.resolution.UnsolvedSymbolException: Unsolved symbol in de.uka.ilkd.key.java.JavaParserFactory$DynamicTypeSolver@1c7f791e : java.lang.Object
	at com.github.javaparser.resolution.TypeSolver.solveType(TypeSolver.java:71)

37301      ERROR Test worker     d.u.i.k.n.b.AbstractBuilder  com.github.javaparser.resolution.UnsolvedSymbolException: Unsolved symbol in de.uka.ilkd.key.java.JavaParserFactory$DynamicTypeSolver@1c7f791e : java.lang.Object
	at com.github.javaparser.resolution.TypeSolver.solveType(TypeSolver.java:71)

37301      ERROR Test worker     d.u.i.k.n.b.TacletPBuilder Error in parsing taclet. de.uka.ilkd.key.util.parsing.BuildingException: Unsolved symbol in de.uka.ilkd.key.java.JavaParserFactory$DynamicTypeSolver@1c7f791e : java.lang.Object at file:/D:/a/key/key/key.core/build/resources/main/de/uka/ilkd/key/proof/rules/execRules.key:811:15
	at de.uka.ilkd.key.nparser.builder.AbstractBuilder.accept(AbstractBuilder.java:54)
Caused by: com.github.javaparser.resolution.UnsolvedSymbolException: Unsolved symbol in de.uka.ilkd.key.java.JavaParserFactory$DynamicTypeSolver@1c7f791e : java.lang.Object
	at com.github.javaparser.resolution.TypeSolver.solveType(TypeSolver.java:71)

37301      ERROR Test worker     d.u.i.k.n.b.AbstractBuilder  com.github.javaparser.resolution.UnsolvedSymbolException: Unsolved symbol in de.uka.ilkd.key.java.JavaParserFactory$DynamicTypeSolver@1c7f791e : java.lang.Object
	at com.github.javaparser.resolution.TypeSolver.solveType(TypeSolver.java:71)

37301      ERROR Test worker     d.u.i.k.n.b.TacletPBuilder Error in parsing taclet. de.uka.ilkd.key.util.parsing.BuildingException: Unsolved symbol in de.uka.ilkd.key.java.JavaParserFactory$DynamicTypeSolver@1c7f791e : java.lang.Object at file:/D:/a/key/key/key.core/build/resources/main/de/uka/ilkd/key/proof/rules/execRules.key:827:15
	at de.uka.ilkd.key.nparser.builder.AbstractBuilder.accept(AbstractBuilder.java:54)
Caused by: com.github.javaparser.resolution.UnsolvedSymbolException: Unsolved symbol in de.uka.ilkd.key.java.JavaParserFactory$DynamicTypeSolver@1c7f791e : java.lang.Object
	at com.github.javaparser.resolution.TypeSolver.solveType(TypeSolver.java:71)

37301      ERROR Test worker     d.u.i.k.n.b.AbstractBuilder  com.github.javaparser.resolution.UnsolvedSymbolException: Unsolved symbol in de.uka.ilkd.key.java.JavaParserFactory$DynamicTypeSolver@1c7f791e : java.lang.Object
	at com.github.javaparser.resolution.TypeSolver.solveType(TypeSolver.java:71)

37301      ERROR Test worker     d.u.i.k.n.b.TacletPBuilder Error in parsing taclet. de.uka.ilkd.key.util.parsing.BuildingException: Unsolved symbol in de.uka.ilkd.key.java.JavaParserFactory$DynamicTypeSolver@1c7f791e : java.lang.Object at file:/D:/a/key/key/key.core/build/resources/main/de/uka/ilkd/key/proof/rules/execRules.key:843:15
	at de.uka.ilkd.key.nparser.builder.AbstractBuilder.accept(AbstractBuilder.java:54)
Caused by: com.github.javaparser.resolution.UnsolvedSymbolException: Unsolved symbol in de.uka.ilkd.key.java.JavaParserFactory$DynamicTypeSolver@1c7f791e : java.lang.Object
	at com.github.javaparser.resolution.TypeSolver.solveType(TypeSolver.java:71)

37301      ERROR Test worker     d.u.i.k.n.b.AbstractBuilder  com.github.javaparser.resolution.UnsolvedSymbolException: Unsolved symbol in de.uka.ilkd.key.java.JavaParserFactory$DynamicTypeSolver@1c7f791e : java.lang.Object
	at com.github.javaparser.resolution.TypeSolver.solveType(TypeSolver.java:71)

37301      ERROR Test worker     d.u.i.k.n.b.TacletPBuilder Error in parsing taclet. de.uka.ilkd.key.util.parsing.BuildingException: Unsolved symbol in de.uka.ilkd.key.java.JavaParserFactory$DynamicTypeSolver@1c7f791e : java.lang.Object at file:/D:/a/key/key/key.core/build/resources/main/de/uka/ilkd/key/proof/rules/execRules.key:861:15
	at de.uka.ilkd.key.nparser.builder.AbstractBuilder.accept(AbstractBuilder.java:54)
Caused by: com.github.javaparser.resolution.UnsolvedSymbolException: Unsolved symbol in de.uka.ilkd.key.java.JavaParserFactory$DynamicTypeSolver@1c7f791e : java.lang.Object
	at com.github.javaparser.resolution.TypeSolver.solveType(TypeSolver.java:71)

37317      ERROR Test worker     d.u.i.k.n.b.AbstractBuilder  com.github.javaparser.resolution.UnsolvedSymbolException: Unsolved symbol in de.uka.ilkd.key.java.JavaParserFactory$DynamicTypeSolver@1c7f791e : java.lang.Object
	at com.github.javaparser.resolution.TypeSolver.solveType(TypeSolver.java:71)

37317      ERROR Test worker     d.u.i.k.n.b.TacletPBuilder Error in parsing taclet. de.uka.ilkd.key.util.parsing.BuildingException: Unsolved symbol in de.uka.ilkd.key.java.JavaParserFactory$DynamicTypeSolver@1c7f791e : java.lang.Object at file:/D:/a/key/key/key.core/build/resources/main/de/uka/ilkd/key/proof/rules/execRules.key:878:15
	at de.uka.ilkd.key.nparser.builder.AbstractBuilder.accept(AbstractBuilder.java:54)
Caused by: com.github.javaparser.resolution.UnsolvedSymbolException: Unsolved symbol in de.uka.ilkd.key.java.JavaParserFactory$DynamicTypeSolver@1c7f791e : java.lang.Object
	at com.github.javaparser.resolution.TypeSolver.solveType(TypeSolver.java:71)

37317      ERROR Test worker     d.u.i.k.n.b.AbstractBuilder  com.github.javaparser.resolution.UnsolvedSymbolException: Unsolved symbol in de.uka.ilkd.key.java.JavaParserFactory$DynamicTypeSolver@1c7f791e : java.lang.Object
	at com.github.javaparser.resolution.TypeSolver.solveType(TypeSolver.java:71)

37317      ERROR Test worker     d.u.i.k.n.b.TacletPBuilder Error in parsing taclet. de.uka.ilkd.key.util.parsing.BuildingException: Unsolved symbol in de.uka.ilkd.key.java.JavaParserFactory$DynamicTypeSolver@1c7f791e : java.lang.Object at file:/D:/a/key/key/key.core/build/resources/main/de/uka/ilkd/key/proof/rules/execRules.key:894:15
	at de.uka.ilkd.key.nparser.builder.AbstractBuilder.accept(AbstractBuilder.java:54)
Caused by: com.github.javaparser.resolution.UnsolvedSymbolException: Unsolved symbol in de.uka.ilkd.key.java.JavaParserFactory$DynamicTypeSolver@1c7f791e : java.lang.Object
	at com.github.javaparser.resolution.TypeSolver.solveType(TypeSolver.java:71)

37317      ERROR Test worker     d.u.i.k.n.b.AbstractBuilder  com.github.javaparser.resolution.UnsolvedSymbolException: Unsolved symbol in de.uka.ilkd.key.java.JavaParserFactory$DynamicTypeSolver@1c7f791e : java.lang.Object
	at com.github.javaparser.resolution.TypeSolver.solveType(TypeSolver.java:71)

37317      ERROR Test worker     d.u.i.k.n.b.TacletPBuilder Error in parsing taclet. de.uka.ilkd.key.util.parsing.BuildingException: Unsolved symbol in de.uka.ilkd.key.java.JavaParserFactory$DynamicTypeSolver@1c7f791e : java.lang.Object at file:/D:/a/key/key/key.core/build/resources/main/de/uka/ilkd/key/proof/rules/execRules.key:910:15
	at de.uka.ilkd.key.nparser.builder.AbstractBuilder.accept(AbstractBuilder.java:54)
Caused by: com.github.javaparser.resolution.UnsolvedSymbolException: Unsolved symbol in de.uka.ilkd.key.java.JavaParserFactory$DynamicTypeSolver@1c7f791e : java.lang.Object
	at com.github.javaparser.resolution.TypeSolver.solveType(TypeSolver.java:71)

37317      ERROR Test worker     d.u.i.k.n.b.AbstractBuilder  com.github.javaparser.resolution.UnsolvedSymbolException: Unsolved symbol in de.uka.ilkd.key.java.JavaParserFactory$DynamicTypeSolver@1c7f791e : java.lang.Object
	at com.github.javaparser.resolution.TypeSolver.solveType(TypeSolver.java:71)

37317      ERROR Test worker     d.u.i.k.n.b.TacletPBuilder Error in parsing taclet. de.uka.ilkd.key.util.parsing.BuildingException: Unsolved symbol in de.uka.ilkd.key.java.JavaParserFactory$DynamicTypeSolver@1c7f791e : java.lang.Object at file:/D:/a/key/key/key.core/build/resources/main/de/uka/ilkd/key/proof/rules/execRules.key:926:15
	at de.uka.ilkd.key.nparser.builder.AbstractBuilder.accept(AbstractBuilder.java:54)
Caused by: com.github.javaparser.resolution.UnsolvedSymbolException: Unsolved symbol in de.uka.ilkd.key.java.JavaParserFactory$DynamicTypeSolver@1c7f791e : java.lang.Object
	at com.github.javaparser.resolution.TypeSolver.solveType(TypeSolver.java:71)

37317      ERROR Test worker     d.u.i.k.n.b.AbstractBuilder  com.github.javaparser.resolution.UnsolvedSymbolException: Unsolved symbol in de.uka.ilkd.key.java.JavaParserFactory$DynamicTypeSolver@1c7f791e : java.lang.Object
	at com.github.javaparser.resolution.TypeSolver.solveType(TypeSolver.java:71)

37317      ERROR Test worker     d.u.i.k.n.b.TacletPBuilder Error in parsing taclet. de.uka.ilkd.key.util.parsing.BuildingException: Unsolved symbol in de.uka.ilkd.key.java.JavaParserFactory$DynamicTypeSolver@1c7f791e : java.lang.Object at file:/D:/a/key/key/key.core/build/resources/main/de/uka/ilkd/key/proof/rules/execRules.key:942:15
	at de.uka.ilkd.key.nparser.builder.AbstractBuilder.accept(AbstractBuilder.java:54)
Caused by: com.github.javaparser.resolution.UnsolvedSymbolException: Unsolved symbol in de.uka.ilkd.key.java.JavaParserFactory$DynamicTypeSolver@1c7f791e : java.lang.Object
	at com.github.javaparser.resolution.TypeSolver.solveType(TypeSolver.java:71)

37317      ERROR Test worker     d.u.i.k.n.b.AbstractBuilder  com.github.javaparser.resolution.UnsolvedSymbolException: Unsolved symbol in de.uka.ilkd.key.java.JavaParserFactory$DynamicTypeSolver@1c7f791e : java.lang.Object
	at com.github.javaparser.resolution.TypeSolver.solveType(TypeSolver.java:71)

37317      ERROR Test worker     d.u.i.k.n.b.TacletPBuilder Error in parsing taclet. de.uka.ilkd.key.util.parsing.BuildingException: Unsolved symbol in de.uka.ilkd.key.java.JavaParserFactory$DynamicTypeSolver@1c7f791e : java.lang.Object at file:/D:/a/key/key/key.core/build/resources/main/de/uka/ilkd/key/proof/rules/execRules.key:958:15
	at de.uka.ilkd.key.nparser.builder.AbstractBuilder.accept(AbstractBuilder.java:54)
Caused by: com.github.javaparser.resolution.UnsolvedSymbolException: Unsolved symbol in de.uka.ilkd.key.java.JavaParserFactory$DynamicTypeSolver@1c7f791e : java.lang.Object
	at com.github.javaparser.resolution.TypeSolver.solveType(TypeSolver.java:71)

37317      ERROR Test worker     d.u.i.k.n.b.AbstractBuilder  com.github.javaparser.resolution.UnsolvedSymbolException: Unsolved symbol in de.uka.ilkd.key.java.JavaParserFactory$DynamicTypeSolver@1c7f791e : java.lang.Object
	at com.github.javaparser.resolution.TypeSolver.solveType(TypeSolver.java:71)

37317      ERROR Test worker     d.u.i.k.n.b.TacletPBuilder Error in parsing taclet. de.uka.ilkd.key.util.parsing.BuildingException: Unsolved symbol in de.uka.ilkd.key.java.JavaParserFactory$DynamicTypeSolver@1c7f791e : java.lang.Object at file:/D:/a/key/key/key.core/build/resources/main/de/uka/ilkd/key/proof/rules/execRules.key:974:15
	at de.uka.ilkd.key.nparser.builder.AbstractBuilder.accept(AbstractBuilder.java:54)
Caused by: com.github.javaparser.resolution.UnsolvedSymbolException: Unsolved symbol in de.uka.ilkd.key.java.JavaParserFactory$DynamicTypeSolver@1c7f791e : java.lang.Object
	at com.github.javaparser.resolution.TypeSolver.solveType(TypeSolver.java:71)

37317      ERROR Test worker     d.u.i.k.n.b.AbstractBuilder  com.github.javaparser.resolution.UnsolvedSymbolException: Unsolved symbol in de.uka.ilkd.key.java.JavaParserFactory$DynamicTypeSolver@1c7f791e : java.lang.Object
	at com.github.javaparser.resolution.TypeSolver.solveType(TypeSolver.java:71)

37317      ERROR Test worker     d.u.i.k.n.b.TacletPBuilder Error in parsing taclet. de.uka.ilkd.key.util.parsing.BuildingException: Unsolved symbol in de.uka.ilkd.key.java.JavaParserFactory$DynamicTypeSolver@1c7f791e : java.lang.Object at file:/D:/a/key/key/key.core/build/resources/main/de/uka/ilkd/key/proof/rules/execRules.key:994:15
	at de.uka.ilkd.key.nparser.builder.AbstractBuilder.accept(AbstractBuilder.java:54)
Caused by: com.github.javaparser.resolution.UnsolvedSymbolException: Unsolved symbol in de.uka.ilkd.key.java.JavaParserFactory$DynamicTypeSolver@1c7f791e : java.lang.Object
	at com.github.javaparser.resolution.TypeSolver.solveType(TypeSolver.java:71)

37317      ERROR Test worker     d.u.i.k.n.b.AbstractBuilder  com.github.javaparser.resolution.UnsolvedSymbolException: Unsolved symbol in de.uka.ilkd.key.java.JavaParserFactory$DynamicTypeSolver@1c7f791e : java.lang.Object
	at com.github.javaparser.resolution.TypeSolver.solveType(TypeSolver.java:71)

37317      ERROR Test worker     d.u.i.k.n.b.TacletPBuilder Error in parsing taclet. de.uka.ilkd.key.util.parsing.BuildingException: Unsolved symbol in de.uka.ilkd.key.java.JavaParserFactory$DynamicTypeSolver@1c7f791e : java.lang.Object at file:/D:/a/key/key/key.core/build/resources/main/de/uka/ilkd/key/proof/rules/execRules.key:1011:15
	at de.uka.ilkd.key.nparser.builder.AbstractBuilder.accept(AbstractBuilder.java:54)
Caused by: com.github.javaparser.resolution.UnsolvedSymbolException: Unsolved symbol in de.uka.ilkd.key.java.JavaParserFactory$DynamicTypeSolver@1c7f791e : java.lang.Object
	at com.github.javaparser.resolution.TypeSolver.solveType(TypeSolver.java:71)

37332      ERROR Test worker     d.u.i.k.n.b.AbstractBuilder  com.github.javaparser.resolution.UnsolvedSymbolException: Unsolved symbol in de.uka.ilkd.key.java.JavaParserFactory$DynamicTypeSolver@1c7f791e : java.lang.Object
	at com.github.javaparser.resolution.TypeSolver.solveType(TypeSolver.java:71)

37332      ERROR Test worker     d.u.i.k.n.b.TacletPBuilder Error in parsing taclet. de.uka.ilkd.key.util.parsing.BuildingException: Unsolved symbol in de.uka.ilkd.key.java.JavaParserFactory$DynamicTypeSolver@1c7f791e : java.lang.Object at file:/D:/a/key/key/key.core/build/resources/main/de/uka/ilkd/key/proof/rules/execRules.key:1027:15
	at de.uka.ilkd.key.nparser.builder.AbstractBuilder.accept(AbstractBuilder.java:54)
Caused by: com.github.javaparser.resolution.UnsolvedSymbolException: Unsolved symbol in de.uka.ilkd.key.java.JavaParserFactory$DynamicTypeSolver@1c7f791e : java.lang.Object
	at com.github.javaparser.resolution.TypeSolver.solveType(TypeSolver.java:71)

37332      ERROR Test worker     d.u.i.k.n.b.AbstractBuilder  com.github.javaparser.resolution.UnsolvedSymbolException: Unsolved symbol in de.uka.ilkd.key.java.JavaParserFactory$DynamicTypeSolver@1c7f791e : java.lang.Object
	at com.github.javaparser.resolution.TypeSolver.solveType(TypeSolver.java:71)

37332      ERROR Test worker     d.u.i.k.n.b.TacletPBuilder Error in parsing taclet. de.uka.ilkd.key.util.parsing.BuildingException: Unsolved symbol in de.uka.ilkd.key.java.JavaParserFactory$DynamicTypeSolver@1c7f791e : java.lang.Object at file:/D:/a/key/key/key.core/build/resources/main/de/uka/ilkd/key/proof/rules/execRules.key:1043:15
	at de.uka.ilkd.key.nparser.builder.AbstractBuilder.accept(AbstractBuilder.java:54)
Caused by: com.github.javaparser.resolution.UnsolvedSymbolException: Unsolved symbol in de.uka.ilkd.key.java.JavaParserFactory$DynamicTypeSolver@1c7f791e : java.lang.Object
	at com.github.javaparser.resolution.TypeSolver.solveType(TypeSolver.java:71)

37332      ERROR Test worker     d.u.i.k.n.b.AbstractBuilder  com.github.javaparser.resolution.UnsolvedSymbolException: Unsolved symbol in de.uka.ilkd.key.java.JavaParserFactory$DynamicTypeSolver@1c7f791e : java.lang.Object
	at com.github.javaparser.resolution.TypeSolver.solveType(TypeSolver.java:71)

37332      ERROR Test worker     d.u.i.k.n.b.TacletPBuilder Error in parsing taclet. de.uka.ilkd.key.util.parsing.BuildingException: Unsolved symbol in de.uka.ilkd.key.java.JavaParserFactory$DynamicTypeSolver@1c7f791e : java.lang.Object at file:/D:/a/key/key/key.core/build/resources/main/de/uka/ilkd/key/proof/rules/execRules.key:1059:15
	at de.uka.ilkd.key.nparser.builder.AbstractBuilder.accept(AbstractBuilder.java:54)
Caused by: com.github.javaparser.resolution.UnsolvedSymbolException: Unsolved symbol in de.uka.ilkd.key.java.JavaParserFactory$DynamicTypeSolver@1c7f791e : java.lang.Object
	at com.github.javaparser.resolution.TypeSolver.solveType(TypeSolver.java:71)

37332      ERROR Test worker     d.u.i.k.n.b.AbstractBuilder  com.github.javaparser.resolution.UnsolvedSymbolException: Unsolved symbol in de.uka.ilkd.key.java.JavaParserFactory$DynamicTypeSolver@1c7f791e : java.lang.Object
	at com.github.javaparser.resolution.TypeSolver.solveType(TypeSolver.java:71)

37332      ERROR Test worker     d.u.i.k.n.b.TacletPBuilder Error in parsing taclet. de.uka.ilkd.key.util.parsing.BuildingException: Unsolved symbol in de.uka.ilkd.key.java.JavaParserFactory$DynamicTypeSolver@1c7f791e : java.lang.Object at file:/D:/a/key/key/key.core/build/resources/main/de/uka/ilkd/key/proof/rules/execRules.key:1075:15
	at de.uka.ilkd.key.nparser.builder.AbstractBuilder.accept(AbstractBuilder.java:54)
Caused by: com.github.javaparser.resolution.UnsolvedSymbolException: Unsolved symbol in de.uka.ilkd.key.java.JavaParserFactory$DynamicTypeSolver@1c7f791e : java.lang.Object
	at com.github.javaparser.resolution.TypeSolver.solveType(TypeSolver.java:71)

37332      ERROR Test worker     d.u.i.k.n.b.AbstractBuilder  com.github.javaparser.resolution.UnsolvedSymbolException: Unsolved symbol in de.uka.ilkd.key.java.JavaParserFactory$DynamicTypeSolver@1c7f791e : java.lang.Object
	at com.github.javaparser.resolution.TypeSolver.solveType(TypeSolver.java:71)

37332      ERROR Test worker     d.u.i.k.n.b.TacletPBuilder Error in parsing taclet. de.uka.ilkd.key.util.parsing.BuildingException: Unsolved symbol in de.uka.ilkd.key.java.JavaParserFactory$DynamicTypeSolver@1c7f791e : java.lang.Object at file:/D:/a/key/key/key.core/build/resources/main/de/uka/ilkd/key/proof/rules/execRules.key:1091:15
	at de.uka.ilkd.key.nparser.builder.AbstractBuilder.accept(AbstractBuilder.java:54)
Caused by: com.github.javaparser.resolution.UnsolvedSymbolException: Unsolved symbol in de.uka.ilkd.key.java.JavaParserFactory$DynamicTypeSolver@1c7f791e : java.lang.Object
	at com.github.javaparser.resolution.TypeSolver.solveType(TypeSolver.java:71)

37332      ERROR Test worker     d.u.i.k.n.b.AbstractBuilder  com.github.javaparser.resolution.UnsolvedSymbolException: Unsolved symbol in de.uka.ilkd.key.java.JavaParserFactory$DynamicTypeSolver@1c7f791e : java.lang.Object
	at com.github.javaparser.resolution.TypeSolver.solveType(TypeSolver.java:71)

37332      ERROR Test worker     d.u.i.k.n.b.TacletPBuilder Error in parsing taclet. de.uka.ilkd.key.util.parsing.BuildingException: Unsolved symbol in de.uka.ilkd.key.java.JavaParserFactory$DynamicTypeSolver@1c7f791e : java.lang.Object at file:/D:/a/key/key/key.core/build/resources/main/de/uka/ilkd/key/proof/rules/execRules.key:1107:15
	at de.uka.ilkd.key.nparser.builder.AbstractBuilder.accept(AbstractBuilder.java:54)
Caused by: com.github.javaparser.resolution.UnsolvedSymbolException: Unsolved symbol in de.uka.ilkd.key.java.JavaParserFactory$DynamicTypeSolver@1c7f791e : java.lang.Object
	at com.github.javaparser.resolution.TypeSolver.solveType(TypeSolver.java:71)

37332      ERROR Test worker     d.u.i.k.n.b.AbstractBuilder  com.github.javaparser.resolution.UnsolvedSymbolException: Unsolved symbol in de.uka.ilkd.key.java.JavaParserFactory$DynamicTypeSolver@1c7f791e : java.lang.Object
	at com.github.javaparser.resolution.TypeSolver.solveType(TypeSolver.java:71)

37332      ERROR Test worker     d.u.i.k.n.b.TacletPBuilder Error in parsing taclet. de.uka.ilkd.key.util.parsing.BuildingException: Unsolved symbol in de.uka.ilkd.key.java.JavaParserFactory$DynamicTypeSolver@1c7f791e : java.lang.Object at file:/D:/a/key/key/key.core/build/resources/main/de/uka/ilkd/key/proof/rules/execRules.key:1123:15
	at de.uka.ilkd.key.nparser.builder.AbstractBuilder.accept(AbstractBuilder.java:54)
Caused by: com.github.javaparser.resolution.UnsolvedSymbolException: Unsolved symbol in de.uka.ilkd.key.java.JavaParserFactory$DynamicTypeSolver@1c7f791e : java.lang.Object
	at com.github.javaparser.resolution.TypeSolver.solveType(TypeSolver.java:71)

37348      ERROR Test worker     d.u.i.k.n.b.AbstractBuilder  com.github.javaparser.resolution.UnsolvedSymbolException: Unsolved symbol in de.uka.ilkd.key.java.JavaParserFactory$DynamicTypeSolver@1c7f791e : java.lang.Object
	at com.github.javaparser.resolution.TypeSolver.solveType(TypeSolver.java:71)

37348      ERROR Test worker     d.u.i.k.n.b.TacletPBuilder Error in parsing taclet. de.uka.ilkd.key.util.parsing.BuildingException: Unsolved symbol in de.uka.ilkd.key.java.JavaParserFactory$DynamicTypeSolver@1c7f791e : java.lang.Object at file:/D:/a/key/key/key.core/build/resources/main/de/uka/ilkd/key/proof/rules/loopScopeRules.key:38:16
	at de.uka.ilkd.key.nparser.builder.AbstractBuilder.accept(AbstractBuilder.java:54)
Caused by: com.github.javaparser.resolution.UnsolvedSymbolException: Unsolved symbol in de.uka.ilkd.key.java.JavaParserFactory$DynamicTypeSolver@1c7f791e : java.lang.Object
	at com.github.javaparser.resolution.TypeSolver.solveType(TypeSolver.java:71)

37348      ERROR Test worker     d.u.i.k.n.b.TacletPBuilder Override: inv (formula) inv (formula) 
37348      ERROR Test worker     d.u.i.k.n.b.TacletPBuilder Override: freeInv (formula) freeInv (formula) 
37348      ERROR Test worker     d.u.i.k.n.b.TacletPBuilder Override: loopFormula (formula) loopFormula (formula) 
37348      ERROR Test worker     d.u.i.k.n.b.TacletPBuilder Override: #loopStmt (program Statement) #loopStmt (program Statement) 
37348      ERROR Test worker     d.u.i.k.n.b.TacletPBuilder Override: anon_heap_LOOP (Heap skolem term) anon_heap_LOOP (Heap skolem term) 
37348      ERROR Test worker     d.u.i.k.n.b.TacletPBuilder Override: anon_savedHeap_LOOP (Heap skolem term) anon_savedHeap_LOOP (Heap skolem term) 
37348      ERROR Test worker     d.u.i.k.n.b.TacletPBuilder Override: anon_permissions_LOOP (Heap skolem term) anon_permissions_LOOP (Heap skolem term) 
37348      ERROR Test worker     d.u.i.k.n.b.TacletPBuilder Override: #heapBefore_LOOP (program Variable) #heapBefore_LOOP (program Variable) 
37348      ERROR Test worker     d.u.i.k.n.b.TacletPBuilder Override: #savedHeapBefore_LOOP (program Variable) #savedHeapBefore_LOOP (program Variable) 
37348      ERROR Test worker     d.u.i.k.n.b.TacletPBuilder Override: #permissionsBefore_LOOP (program Variable) #permissionsBefore_LOOP (program Variable) 
37348      ERROR Test worker     d.u.i.k.n.b.AbstractBuilder  com.github.javaparser.resolution.UnsolvedSymbolException: Unsolved symbol in de.uka.ilkd.key.java.JavaParserFactory$DynamicTypeSolver@1c7f791e : java.lang.Object
	at com.github.javaparser.resolution.TypeSolver.solveType(TypeSolver.java:71)

37348      ERROR Test worker     d.u.i.k.n.b.TacletPBuilder Error in parsing taclet. de.uka.ilkd.key.util.parsing.BuildingException: Unsolved symbol in de.uka.ilkd.key.java.JavaParserFactory$DynamicTypeSolver@1c7f791e : java.lang.Object at file:/D:/a/key/key/key.core/build/resources/main/de/uka/ilkd/key/proof/rules/loopScopeRules.key:110:16
	at de.uka.ilkd.key.nparser.builder.AbstractBuilder.accept(AbstractBuilder.java:54)
Caused by: com.github.javaparser.resolution.UnsolvedSymbolException: Unsolved symbol in de.uka.ilkd.key.java.JavaParserFactory$DynamicTypeSolver@1c7f791e : java.lang.Object
	at com.github.javaparser.resolution.TypeSolver.solveType(TypeSolver.java:71)

37363      ERROR Test worker     d.u.i.k.n.b.AbstractBuilder  com.github.javaparser.resolution.UnsolvedSymbolException: Unsolved symbol in de.uka.ilkd.key.java.JavaParserFactory$DynamicTypeSolver@1c7f791e : java.lang.Object
	at com.github.javaparser.resolution.TypeSolver.solveType(TypeSolver.java:71)

37363      ERROR Test worker     d.u.i.k.n.b.TacletPBuilder Error in parsing taclet. de.uka.ilkd.key.util.parsing.BuildingException: Unsolved symbol in de.uka.ilkd.key.java.JavaParserFactory$DynamicTypeSolver@1c7f791e : java.lang.Object at file:/D:/a/key/key/key.core/build/resources/main/de/uka/ilkd/key/proof/rules/loopScopeRules.key:160:16
	at de.uka.ilkd.key.nparser.builder.AbstractBuilder.accept(AbstractBuilder.java:54)
Caused by: com.github.javaparser.resolution.UnsolvedSymbolException: Unsolved symbol in de.uka.ilkd.key.java.JavaParserFactory$DynamicTypeSolver@1c7f791e : java.lang.Object
	at com.github.javaparser.resolution.TypeSolver.solveType(TypeSolver.java:71)

37363      ERROR Test worker     d.u.i.k.n.b.TacletPBuilder Override: inv (formula) inv (formula) 
37363      ERROR Test worker     d.u.i.k.n.b.TacletPBuilder Override: freeInv (formula) freeInv (formula) 
37363      ERROR Test worker     d.u.i.k.n.b.TacletPBuilder Override: variantTerm (any term) variantTerm (any term) 
37363      ERROR Test worker     d.u.i.k.n.b.TacletPBuilder Override: loopFormula (formula) loopFormula (formula) 
37363      ERROR Test worker     d.u.i.k.n.b.TacletPBuilder Override: #loopStmt (program Statement) #loopStmt (program Statement) 
37363      ERROR Test worker     d.u.i.k.n.b.TacletPBuilder Override: #variant (program Variable) #variant (program Variable) 
37363      ERROR Test worker     d.u.i.k.n.b.TacletPBuilder Override: anon_heap_LOOP (Heap skolem term) anon_heap_LOOP (Heap skolem term) 
37363      ERROR Test worker     d.u.i.k.n.b.TacletPBuilder Override: anon_savedHeap_LOOP (Heap skolem term) anon_savedHeap_LOOP (Heap skolem term) 
37363      ERROR Test worker     d.u.i.k.n.b.TacletPBuilder Override: anon_permissions_LOOP (Heap skolem term) anon_permissions_LOOP (Heap skolem term) 
37363      ERROR Test worker     d.u.i.k.n.b.TacletPBuilder Override: #heapBefore_LOOP (program Variable) #heapBefore_LOOP (program Variable) 
37363      ERROR Test worker     d.u.i.k.n.b.TacletPBuilder Override: #savedHeapBefore_LOOP (program Variable) #savedHeapBefore_LOOP (program Variable) 
37363      ERROR Test worker     d.u.i.k.n.b.TacletPBuilder Override: #permissionsBefore_LOOP (program Variable) #permissionsBefore_LOOP (program Variable) 
37363      ERROR Test worker     d.u.i.k.n.b.AbstractBuilder  com.github.javaparser.resolution.UnsolvedSymbolException: Unsolved symbol in de.uka.ilkd.key.java.JavaParserFactory$DynamicTypeSolver@1c7f791e : java.lang.Object
	at com.github.javaparser.resolution.TypeSolver.solveType(TypeSolver.java:71)

37363      ERROR Test worker     d.u.i.k.n.b.TacletPBuilder Error in parsing taclet. de.uka.ilkd.key.util.parsing.BuildingException: Unsolved symbol in de.uka.ilkd.key.java.JavaParserFactory$DynamicTypeSolver@1c7f791e : java.lang.Object at file:/D:/a/key/key/key.core/build/resources/main/de/uka/ilkd/key/proof/rules/loopScopeRules.key:207:16
	at de.uka.ilkd.key.nparser.builder.AbstractBuilder.accept(AbstractBuilder.java:54)
Caused by: com.github.javaparser.resolution.UnsolvedSymbolException: Unsolved symbol in de.uka.ilkd.key.java.JavaParserFactory$DynamicTypeSolver@1c7f791e : java.lang.Object
	at com.github.javaparser.resolution.TypeSolver.solveType(TypeSolver.java:71)

37363      ERROR Test worker     d.u.i.k.n.b.TacletPBuilder Override: inv (formula) inv (formula) 
37363      ERROR Test worker     d.u.i.k.n.b.TacletPBuilder Override: freeInv (formula) freeInv (formula) 
37363      ERROR Test worker     d.u.i.k.n.b.TacletPBuilder Override: loopFormula (formula) loopFormula (formula) 
37363      ERROR Test worker     d.u.i.k.n.b.TacletPBuilder Override: #loopStmt (program Statement) #loopStmt (program Statement) 
37363      ERROR Test worker     d.u.i.k.n.b.TacletPBuilder Override: anon_heap_LOOP (Heap skolem term) anon_heap_LOOP (Heap skolem term) 
37363      ERROR Test worker     d.u.i.k.n.b.TacletPBuilder Override: anon_savedHeap_LOOP (Heap skolem term) anon_savedHeap_LOOP (Heap skolem term) 
37363      ERROR Test worker     d.u.i.k.n.b.TacletPBuilder Override: anon_permissions_LOOP (Heap skolem term) anon_permissions_LOOP (Heap skolem term) 
37363      ERROR Test worker     d.u.i.k.n.b.TacletPBuilder Override: #heapBefore_LOOP (program Variable) #heapBefore_LOOP (program Variable) 
37363      ERROR Test worker     d.u.i.k.n.b.TacletPBuilder Override: #savedHeapBefore_LOOP (program Variable) #savedHeapBefore_LOOP (program Variable) 
37363      ERROR Test worker     d.u.i.k.n.b.TacletPBuilder Override: #permissionsBefore_LOOP (program Variable) #permissionsBefore_LOOP (program Variable) 
37363      ERROR Test worker     d.u.i.k.n.b.AbstractBuilder  com.github.javaparser.resolution.UnsolvedSymbolException: Unsolved symbol in de.uka.ilkd.key.java.JavaParserFactory$DynamicTypeSolver@1c7f791e : java.lang.Object
	at com.github.javaparser.resolution.TypeSolver.solveType(TypeSolver.java:71)

37363      ERROR Test worker     d.u.i.k.n.b.TacletPBuilder Error in parsing taclet. de.uka.ilkd.key.util.parsing.BuildingException: Unsolved symbol in de.uka.ilkd.key.java.JavaParserFactory$DynamicTypeSolver@1c7f791e : java.lang.Object at file:/D:/a/key/key/key.core/build/resources/main/de/uka/ilkd/key/proof/rules/loopScopeRules.key:297:16
	at de.uka.ilkd.key.nparser.builder.AbstractBuilder.accept(AbstractBuilder.java:54)
Caused by: com.github.javaparser.resolution.UnsolvedSymbolException: Unsolved symbol in de.uka.ilkd.key.java.JavaParserFactory$DynamicTypeSolver@1c7f791e : java.lang.Object
	at com.github.javaparser.resolution.TypeSolver.solveType(TypeSolver.java:71)

37363      ERROR Test worker     d.u.i.k.n.b.AbstractBuilder  com.github.javaparser.resolution.UnsolvedSymbolException: Unsolved symbol in de.uka.ilkd.key.java.JavaParserFactory$DynamicTypeSolver@1c7f791e : java.lang.Object
	at com.github.javaparser.resolution.TypeSolver.solveType(TypeSolver.java:71)

37363      ERROR Test worker     d.u.i.k.n.b.TacletPBuilder Error in parsing taclet. de.uka.ilkd.key.util.parsing.BuildingException: Unsolved symbol in de.uka.ilkd.key.java.JavaParserFactory$DynamicTypeSolver@1c7f791e : java.lang.Object at file:/D:/a/key/key/key.core/build/resources/main/de/uka/ilkd/key/proof/rules/loopScopeRules.key:375:15
	at de.uka.ilkd.key.nparser.builder.AbstractBuilder.accept(AbstractBuilder.java:54)
Caused by: com.github.javaparser.resolution.UnsolvedSymbolException: Unsolved symbol in de.uka.ilkd.key.java.JavaParserFactory$DynamicTypeSolver@1c7f791e : java.lang.Object
	at com.github.javaparser.resolution.TypeSolver.solveType(TypeSolver.java:71)

37363      ERROR Test worker     d.u.i.k.n.b.AbstractBuilder  com.github.javaparser.resolution.UnsolvedSymbolException: Unsolved symbol in de.uka.ilkd.key.java.JavaParserFactory$DynamicTypeSolver@1c7f791e : java.lang.Object
	at com.github.javaparser.resolution.TypeSolver.solveType(TypeSolver.java:71)

37363      ERROR Test worker     d.u.i.k.n.b.TacletPBuilder Error in parsing taclet. de.uka.ilkd.key.util.parsing.BuildingException: Unsolved symbol in de.uka.ilkd.key.java.JavaParserFactory$DynamicTypeSolver@1c7f791e : java.lang.Object at file:/D:/a/key/key/key.core/build/resources/main/de/uka/ilkd/key/proof/rules/loopScopeRules.key:381:15
	at de.uka.ilkd.key.nparser.builder.AbstractBuilder.accept(AbstractBuilder.java:54)
Caused by: com.github.javaparser.resolution.UnsolvedSymbolException: Unsolved symbol in de.uka.ilkd.key.java.JavaParserFactory$DynamicTypeSolver@1c7f791e : java.lang.Object
	at com.github.javaparser.resolution.TypeSolver.solveType(TypeSolver.java:71)

37363      ERROR Test worker     d.u.i.k.n.b.AbstractBuilder  com.github.javaparser.resolution.UnsolvedSymbolException: Unsolved symbol in de.uka.ilkd.key.java.JavaParserFactory$DynamicTypeSolver@1c7f791e : java.lang.Object
	at com.github.javaparser.resolution.TypeSolver.solveType(TypeSolver.java:71)

37363      ERROR Test worker     d.u.i.k.n.b.TacletPBuilder Error in parsing taclet. de.uka.ilkd.key.util.parsing.BuildingException: Unsolved symbol in de.uka.ilkd.key.java.JavaParserFactory$DynamicTypeSolver@1c7f791e : java.lang.Object at file:/D:/a/key/key/key.core/build/resources/main/de/uka/ilkd/key/proof/rules/loopScopeRules.key:387:15
	at de.uka.ilkd.key.nparser.builder.AbstractBuilder.accept(AbstractBuilder.java:54)
Caused by: com.github.javaparser.resolution.UnsolvedSymbolException: Unsolved symbol in de.uka.ilkd.key.java.JavaParserFactory$DynamicTypeSolver@1c7f791e : java.lang.Object
	at com.github.javaparser.resolution.TypeSolver.solveType(TypeSolver.java:71)

37363      ERROR Test worker     d.u.i.k.n.b.AbstractBuilder  com.github.javaparser.resolution.UnsolvedSymbolException: Unsolved symbol in de.uka.ilkd.key.java.JavaParserFactory$DynamicTypeSolver@1c7f791e : java.lang.Object
	at com.github.javaparser.resolution.TypeSolver.solveType(TypeSolver.java:71)

37363      ERROR Test worker     d.u.i.k.n.b.TacletPBuilder Error in parsing taclet. de.uka.ilkd.key.util.parsing.BuildingException: Unsolved symbol in de.uka.ilkd.key.java.JavaParserFactory$DynamicTypeSolver@1c7f791e : java.lang.Object at file:/D:/a/key/key/key.core/build/resources/main/de/uka/ilkd/key/proof/rules/loopScopeRules.key:395:15
	at de.uka.ilkd.key.nparser.builder.AbstractBuilder.accept(AbstractBuilder.java:54)
Caused by: com.github.javaparser.resolution.UnsolvedSymbolException: Unsolved symbol in de.uka.ilkd.key.java.JavaParserFactory$DynamicTypeSolver@1c7f791e : java.lang.Object
	at com.github.javaparser.resolution.TypeSolver.solveType(TypeSolver.java:71)

37363      ERROR Test worker     d.u.i.k.n.b.TacletPBuilder Override: #lsStmt (program Statement) #lsStmt (program Statement) 
37363      ERROR Test worker     d.u.i.k.n.b.AbstractBuilder  com.github.javaparser.resolution.UnsolvedSymbolException: Unsolved symbol in de.uka.ilkd.key.java.JavaParserFactory$DynamicTypeSolver@1c7f791e : java.lang.Object
	at com.github.javaparser.resolution.TypeSolver.solveType(TypeSolver.java:71)

37363      ERROR Test worker     d.u.i.k.n.b.TacletPBuilder Error in parsing taclet. de.uka.ilkd.key.util.parsing.BuildingException: Unsolved symbol in de.uka.ilkd.key.java.JavaParserFactory$DynamicTypeSolver@1c7f791e : java.lang.Object at file:/D:/a/key/key/key.core/build/resources/main/de/uka/ilkd/key/proof/rules/loopScopeRules.key:410:15
	at de.uka.ilkd.key.nparser.builder.AbstractBuilder.accept(AbstractBuilder.java:54)
Caused by: com.github.javaparser.resolution.UnsolvedSymbolException: Unsolved symbol in de.uka.ilkd.key.java.JavaParserFactory$DynamicTypeSolver@1c7f791e : java.lang.Object
	at com.github.javaparser.resolution.TypeSolver.solveType(TypeSolver.java:71)

37363      ERROR Test worker     d.u.i.k.n.b.AbstractBuilder  com.github.javaparser.resolution.UnsolvedSymbolException: Unsolved symbol in de.uka.ilkd.key.java.JavaParserFactory$DynamicTypeSolver@1c7f791e : java.lang.Object
	at com.github.javaparser.resolution.TypeSolver.solveType(TypeSolver.java:71)

37363      ERROR Test worker     d.u.i.k.n.b.TacletPBuilder Error in parsing taclet. de.uka.ilkd.key.util.parsing.BuildingException: Unsolved symbol in de.uka.ilkd.key.java.JavaParserFactory$DynamicTypeSolver@1c7f791e : java.lang.Object at file:/D:/a/key/key/key.core/build/resources/main/de/uka/ilkd/key/proof/rules/loopScopeRules.key:418:15
	at de.uka.ilkd.key.nparser.builder.AbstractBuilder.accept(AbstractBuilder.java:54)
Caused by: com.github.javaparser.resolution.UnsolvedSymbolException: Unsolved symbol in de.uka.ilkd.key.java.JavaParserFactory$DynamicTypeSolver@1c7f791e : java.lang.Object
	at com.github.javaparser.resolution.TypeSolver.solveType(TypeSolver.java:71)

37363      ERROR Test worker     d.u.i.k.n.b.AbstractBuilder  com.github.javaparser.resolution.UnsolvedSymbolException: Unsolved symbol in de.uka.ilkd.key.java.JavaParserFactory$DynamicTypeSolver@1c7f791e : java.lang.Object
	at com.github.javaparser.resolution.TypeSolver.solveType(TypeSolver.java:71)

37379      ERROR Test worker     d.u.i.k.n.b.TacletPBuilder Error in parsing taclet. de.uka.ilkd.key.util.parsing.BuildingException: Unsolved symbol in de.uka.ilkd.key.java.JavaParserFactory$DynamicTypeSolver@1c7f791e : java.lang.Object at file:/D:/a/key/key/key.core/build/resources/main/de/uka/ilkd/key/proof/rules/loopScopeRules.key:424:15
	at de.uka.ilkd.key.nparser.builder.AbstractBuilder.accept(AbstractBuilder.java:54)
Caused by: com.github.javaparser.resolution.UnsolvedSymbolException: Unsolved symbol in de.uka.ilkd.key.java.JavaParserFactory$DynamicTypeSolver@1c7f791e : java.lang.Object
	at com.github.javaparser.resolution.TypeSolver.solveType(TypeSolver.java:71)

37379      ERROR Test worker     d.u.i.k.n.b.AbstractBuilder  com.github.javaparser.resolution.UnsolvedSymbolException: Unsolved symbol in de.uka.ilkd.key.java.JavaParserFactory$DynamicTypeSolver@1c7f791e : java.lang.Object
	at com.github.javaparser.resolution.TypeSolver.solveType(TypeSolver.java:71)

37379      ERROR Test worker     d.u.i.k.n.b.TacletPBuilder Error in parsing taclet. de.uka.ilkd.key.util.parsing.BuildingException: Unsolved symbol in de.uka.ilkd.key.java.JavaParserFactory$DynamicTypeSolver@1c7f791e : java.lang.Object at file:/D:/a/key/key/key.core/build/resources/main/de/uka/ilkd/key/proof/rules/loopScopeRules.key:430:15
	at de.uka.ilkd.key.nparser.builder.AbstractBuilder.accept(AbstractBuilder.java:54)
Caused by: com.github.javaparser.resolution.UnsolvedSymbolException: Unsolved symbol in de.uka.ilkd.key.java.JavaParserFactory$DynamicTypeSolver@1c7f791e : java.lang.Object
	at com.github.javaparser.resolution.TypeSolver.solveType(TypeSolver.java:71)

37379      ERROR Test worker     d.u.i.k.n.b.AbstractBuilder  com.github.javaparser.resolution.UnsolvedSymbolException: Unsolved symbol in de.uka.ilkd.key.java.JavaParserFactory$DynamicTypeSolver@1c7f791e : java.lang.Object
	at com.github.javaparser.resolution.TypeSolver.solveType(TypeSolver.java:71)

37379      ERROR Test worker     d.u.i.k.n.b.TacletPBuilder Error in parsing taclet. de.uka.ilkd.key.util.parsing.BuildingException: Unsolved symbol in de.uka.ilkd.key.java.JavaParserFactory$DynamicTypeSolver@1c7f791e : java.lang.Object at file:/D:/a/key/key/key.core/build/resources/main/de/uka/ilkd/key/proof/rules/loopScopeRules.key:436:15
	at de.uka.ilkd.key.nparser.builder.AbstractBuilder.accept(AbstractBuilder.java:54)
Caused by: com.github.javaparser.resolution.UnsolvedSymbolException: Unsolved symbol in de.uka.ilkd.key.java.JavaParserFactory$DynamicTypeSolver@1c7f791e : java.lang.Object
	at com.github.javaparser.resolution.TypeSolver.solveType(TypeSolver.java:71)

37379      ERROR Test worker     d.u.i.k.n.b.AbstractBuilder  com.github.javaparser.resolution.UnsolvedSymbolException: Unsolved symbol in de.uka.ilkd.key.java.JavaParserFactory$DynamicTypeSolver@1c7f791e : java.lang.Object
	at com.github.javaparser.resolution.TypeSolver.solveType(TypeSolver.java:71)

37379      ERROR Test worker     d.u.i.k.n.b.TacletPBuilder Error in parsing taclet. de.uka.ilkd.key.util.parsing.BuildingException: Unsolved symbol in de.uka.ilkd.key.java.JavaParserFactory$DynamicTypeSolver@1c7f791e : java.lang.Object at file:/D:/a/key/key/key.core/build/resources/main/de/uka/ilkd/key/proof/rules/loopScopeRules.key:446:15
	at de.uka.ilkd.key.nparser.builder.AbstractBuilder.accept(AbstractBuilder.java:54)
Caused by: com.github.javaparser.resolution.UnsolvedSymbolException: Unsolved symbol in de.uka.ilkd.key.java.JavaParserFactory$DynamicTypeSolver@1c7f791e : java.lang.Object
	at com.github.javaparser.resolution.TypeSolver.solveType(TypeSolver.java:71)

37379      ERROR Test worker     d.u.i.k.n.b.AbstractBuilder  com.github.javaparser.resolution.UnsolvedSymbolException: Unsolved symbol in de.uka.ilkd.key.java.JavaParserFactory$DynamicTypeSolver@1c7f791e : java.lang.Object
	at com.github.javaparser.resolution.TypeSolver.solveType(TypeSolver.java:71)

37379      ERROR Test worker     d.u.i.k.n.b.TacletPBuilder Error in parsing taclet. de.uka.ilkd.key.util.parsing.BuildingException: Unsolved symbol in de.uka.ilkd.key.java.JavaParserFactory$DynamicTypeSolver@1c7f791e : java.lang.Object at file:/D:/a/key/key/key.core/build/resources/main/de/uka/ilkd/key/proof/rules/loopScopeRules.key:452:15
	at de.uka.ilkd.key.nparser.builder.AbstractBuilder.accept(AbstractBuilder.java:54)
Caused by: com.github.javaparser.resolution.UnsolvedSymbolException: Unsolved symbol in de.uka.ilkd.key.java.JavaParserFactory$DynamicTypeSolver@1c7f791e : java.lang.Object
	at com.github.javaparser.resolution.TypeSolver.solveType(TypeSolver.java:71)

37379      ERROR Test worker     d.u.i.k.n.b.AbstractBuilder  com.github.javaparser.resolution.UnsolvedSymbolException: Unsolved symbol in de.uka.ilkd.key.java.JavaParserFactory$DynamicTypeSolver@1c7f791e : java.lang.Object
	at com.github.javaparser.resolution.TypeSolver.solveType(TypeSolver.java:71)

37379      ERROR Test worker     d.u.i.k.n.b.TacletPBuilder Error in parsing taclet. de.uka.ilkd.key.util.parsing.BuildingException: Unsolved symbol in de.uka.ilkd.key.java.JavaParserFactory$DynamicTypeSolver@1c7f791e : java.lang.Object at file:/D:/a/key/key/key.core/build/resources/main/de/uka/ilkd/key/proof/rules/loopScopeRules.key:458:15
	at de.uka.ilkd.key.nparser.builder.AbstractBuilder.accept(AbstractBuilder.java:54)
Caused by: com.github.javaparser.resolution.UnsolvedSymbolException: Unsolved symbol in de.uka.ilkd.key.java.JavaParserFactory$DynamicTypeSolver@1c7f791e : java.lang.Object
	at com.github.javaparser.resolution.TypeSolver.solveType(TypeSolver.java:71)

37379      ERROR Test worker     d.u.i.k.n.b.AbstractBuilder  com.github.javaparser.resolution.UnsolvedSymbolException: Unsolved symbol in de.uka.ilkd.key.java.JavaParserFactory$DynamicTypeSolver@1c7f791e : java.lang.Object
	at com.github.javaparser.resolution.TypeSolver.solveType(TypeSolver.java:71)

37379      ERROR Test worker     d.u.i.k.n.b.TacletPBuilder Error in parsing taclet. de.uka.ilkd.key.util.parsing.BuildingException: Unsolved symbol in de.uka.ilkd.key.java.JavaParserFactory$DynamicTypeSolver@1c7f791e : java.lang.Object at file:/D:/a/key/key/key.core/build/resources/main/de/uka/ilkd/key/proof/rules/loopScopeRules.key:464:15
	at de.uka.ilkd.key.nparser.builder.AbstractBuilder.accept(AbstractBuilder.java:54)
Caused by: com.github.javaparser.resolution.UnsolvedSymbolException: Unsolved symbol in de.uka.ilkd.key.java.JavaParserFactory$DynamicTypeSolver@1c7f791e : java.lang.Object
	at com.github.javaparser.resolution.TypeSolver.solveType(TypeSolver.java:71)

37520      INFO  Test worker     d.u.i.k.p.i.AbstractProblemLoader Loading environment from src\test\resources\testcase\issues\39\A.java 
37520      DEBUG Test worker     d.u.i.k.p.i.AbstractProblemLoader Environment load took 823.6ns 
37520      INFO  Test worker     d.u.i.k.p.i.AbstractProblemLoader Creating init config 
]]></system-err>
</testsuite>
