<?xml version="1.0" encoding="UTF-8"?>
<testsuite name="de.uka.ilkd.key.logic.TestClashFreeSubst" tests="14" skipped="2" failures="0" errors="0" timestamp="2023-06-05T13:00:19" hostname="fv-az577-709" time="86.724">
  <properties/>
  <testcase name="testMultiShareBound()" classname="de.uka.ilkd.key.logic.TestClashFreeSubst" time="1.679"/>
  <testcase name="testClash()" classname="de.uka.ilkd.key.logic.TestClashFreeSubst" time="1.625"/>
  <testcase name="testShare()" classname="de.uka.ilkd.key.logic.TestClashFreeSubst" time="1.573"/>
  <testcase name="testSubst()" classname="de.uka.ilkd.key.logic.TestClashFreeSubst" time="1.509"/>
  <testcase name="testWary0()" classname="de.uka.ilkd.key.logic.TestClashFreeSubst" time="1.52"/>
  <testcase name="testWary1()" classname="de.uka.ilkd.key.logic.TestClashFreeSubst" time="1.465"/>
  <testcase name="testWary2()" classname="de.uka.ilkd.key.logic.TestClashFreeSubst" time="1.642"/>
  <testcase name="testClashInSubstTerm()" classname="de.uka.ilkd.key.logic.TestClashFreeSubst" time="1.606"/>
  <testcase name="testShareWary()" classname="de.uka.ilkd.key.logic.TestClashFreeSubst" time="1.54"/>
  <testcase name="testMultiSubst()" classname="de.uka.ilkd.key.logic.TestClashFreeSubst" time="1.544"/>
  <testcase name="xtestMultiClash()" classname="de.uka.ilkd.key.logic.TestClashFreeSubst" time="0.001">
    <skipped/>
  </testcase>
  <testcase name="testSubstInSubstTerm()" classname="de.uka.ilkd.key.logic.TestClashFreeSubst" time="1.629"/>
  <testcase name="testSubstWary()" classname="de.uka.ilkd.key.logic.TestClashFreeSubst" time="1.607"/>
  <testcase name="xtestMultiClash1()" classname="de.uka.ilkd.key.logic.TestClashFreeSubst" time="0.0">
    <skipped/>
  </testcase>
  <system-out><![CDATA[62379      INFO  Test worker     d.u.i.k.n.KeyIO           Parsing took 0 ms 
62380      DEBUG Test worker     d.u.i.k.n.KeyIO           Load declarations of de.uka.ilkd.key.nparser.KeyAst$File:  <unknown>:1#1 
62380      INFO  Test worker     d.u.i.k.n.KeyIO           MODE: declarations took 0 ms 
62380      DEBUG Test worker     d.u.i.k.n.KeyIO           MODE: 2nd degree decls took 0 
64052      INFO  Test worker     d.u.i.k.n.KeyIO           Parsing took 0 ms 
64052      DEBUG Test worker     d.u.i.k.n.KeyIO           Load declarations of de.uka.ilkd.key.nparser.KeyAst$File:  <unknown>:1#1 
64053      INFO  Test worker     d.u.i.k.n.KeyIO           MODE: declarations took 1 ms 
64053      DEBUG Test worker     d.u.i.k.n.KeyIO           MODE: 2nd degree decls took 0 
69438      INFO  Test worker     d.u.i.k.n.KeyIO           Parsing took 0 ms 
69438      DEBUG Test worker     d.u.i.k.n.KeyIO           Load declarations of de.uka.ilkd.key.nparser.KeyAst$File:  <unknown>:1#1 
69439      INFO  Test worker     d.u.i.k.n.KeyIO           MODE: declarations took 1 ms 
69439      DEBUG Test worker     d.u.i.k.n.KeyIO           MODE: 2nd degree decls took 0 
71058      INFO  Test worker     d.u.i.k.n.KeyIO           Parsing took 0 ms 
71058      DEBUG Test worker     d.u.i.k.n.KeyIO           Load declarations of de.uka.ilkd.key.nparser.KeyAst$File:  <unknown>:1#1 
71058      INFO  Test worker     d.u.i.k.n.KeyIO           MODE: declarations took 0 ms 
71059      DEBUG Test worker     d.u.i.k.n.KeyIO           MODE: 2nd degree decls took 0 
76172      INFO  Test worker     d.u.i.k.n.KeyIO           Parsing took 0 ms 
76172      DEBUG Test worker     d.u.i.k.n.KeyIO           Load declarations of de.uka.ilkd.key.nparser.KeyAst$File:  <unknown>:1#1 
76172      INFO  Test worker     d.u.i.k.n.KeyIO           MODE: declarations took 0 ms 
76173      DEBUG Test worker     d.u.i.k.n.KeyIO           MODE: 2nd degree decls took 0 
77740      INFO  Test worker     d.u.i.k.n.KeyIO           Parsing took 0 ms 
77741      DEBUG Test worker     d.u.i.k.n.KeyIO           Load declarations of de.uka.ilkd.key.nparser.KeyAst$File:  <unknown>:1#1 
77741      INFO  Test worker     d.u.i.k.n.KeyIO           MODE: declarations took 0 ms 
77741      DEBUG Test worker     d.u.i.k.n.KeyIO           MODE: 2nd degree decls took 0 
82722      INFO  Test worker     d.u.i.k.n.KeyIO           Parsing took 0 ms 
82723      DEBUG Test worker     d.u.i.k.n.KeyIO           Load declarations of de.uka.ilkd.key.nparser.KeyAst$File:  <unknown>:1#1 
82723      INFO  Test worker     d.u.i.k.n.KeyIO           MODE: declarations took 0 ms 
82723      DEBUG Test worker     d.u.i.k.n.KeyIO           MODE: 2nd degree decls took 0 
84228      INFO  Test worker     d.u.i.k.n.KeyIO           Parsing took 0 ms 
84228      DEBUG Test worker     d.u.i.k.n.KeyIO           Load declarations of de.uka.ilkd.key.nparser.KeyAst$File:  <unknown>:1#1 
84229      INFO  Test worker     d.u.i.k.n.KeyIO           MODE: declarations took 1 ms 
84229      DEBUG Test worker     d.u.i.k.n.KeyIO           MODE: 2nd degree decls took 0 
89323      INFO  Test worker     d.u.i.k.n.KeyIO           Parsing took 0 ms 
89323      DEBUG Test worker     d.u.i.k.n.KeyIO           Load declarations of de.uka.ilkd.key.nparser.KeyAst$File:  <unknown>:1#1 
89323      INFO  Test worker     d.u.i.k.n.KeyIO           MODE: declarations took 0 ms 
89323      DEBUG Test worker     d.u.i.k.n.KeyIO           MODE: 2nd degree decls took 0 
90836      INFO  Test worker     d.u.i.k.n.KeyIO           Parsing took 0 ms 
90838      DEBUG Test worker     d.u.i.k.n.KeyIO           Load declarations of de.uka.ilkd.key.nparser.KeyAst$File:  <unknown>:1#1 
90838      INFO  Test worker     d.u.i.k.n.KeyIO           MODE: declarations took 0 ms 
90839      DEBUG Test worker     d.u.i.k.n.KeyIO           MODE: 2nd degree decls took 0 
95797      INFO  Test worker     d.u.i.k.n.KeyIO           Parsing took 0 ms 
95797      DEBUG Test worker     d.u.i.k.n.KeyIO           Load declarations of de.uka.ilkd.key.nparser.KeyAst$File:  <unknown>:1#1 
95797      INFO  Test worker     d.u.i.k.n.KeyIO           MODE: declarations took 0 ms 
95798      DEBUG Test worker     d.u.i.k.n.KeyIO           MODE: 2nd degree decls took 0 
97259      INFO  Test worker     d.u.i.k.n.KeyIO           Parsing took 0 ms 
97259      DEBUG Test worker     d.u.i.k.n.KeyIO           Load declarations of de.uka.ilkd.key.nparser.KeyAst$File:  <unknown>:1#1 
97259      INFO  Test worker     d.u.i.k.n.KeyIO           MODE: declarations took 0 ms 
97259      DEBUG Test worker     d.u.i.k.n.KeyIO           MODE: 2nd degree decls took 0 
102577     INFO  Test worker     d.u.i.k.n.KeyIO           Parsing took 0 ms 
102578     DEBUG Test worker     d.u.i.k.n.KeyIO           Load declarations of de.uka.ilkd.key.nparser.KeyAst$File:  <unknown>:1#1 
102579     INFO  Test worker     d.u.i.k.n.KeyIO           MODE: declarations took 1 ms 
102579     DEBUG Test worker     d.u.i.k.n.KeyIO           MODE: 2nd degree decls took 0 
104211     INFO  Test worker     d.u.i.k.n.KeyIO           Parsing took 0 ms 
104212     DEBUG Test worker     d.u.i.k.n.KeyIO           Load declarations of de.uka.ilkd.key.nparser.KeyAst$File:  <unknown>:1#1 
104213     INFO  Test worker     d.u.i.k.n.KeyIO           MODE: declarations took 1 ms 
104214     DEBUG Test worker     d.u.i.k.n.KeyIO           MODE: 2nd degree decls took 0 
109668     INFO  Test worker     d.u.i.k.n.KeyIO           Parsing took 0 ms 
109669     DEBUG Test worker     d.u.i.k.n.KeyIO           Load declarations of de.uka.ilkd.key.nparser.KeyAst$File:  <unknown>:1#1 
109670     INFO  Test worker     d.u.i.k.n.KeyIO           MODE: declarations took 1 ms 
109670     DEBUG Test worker     d.u.i.k.n.KeyIO           MODE: 2nd degree decls took 0 
111269     INFO  Test worker     d.u.i.k.n.KeyIO           Parsing took 1 ms 
111269     DEBUG Test worker     d.u.i.k.n.KeyIO           Load declarations of de.uka.ilkd.key.nparser.KeyAst$File:  <unknown>:1#1 
111269     INFO  Test worker     d.u.i.k.n.KeyIO           MODE: declarations took 0 ms 
111270     DEBUG Test worker     d.u.i.k.n.KeyIO           MODE: 2nd degree decls took 0 
116550     INFO  Test worker     d.u.i.k.n.KeyIO           Parsing took 0 ms 
116550     DEBUG Test worker     d.u.i.k.n.KeyIO           Load declarations of de.uka.ilkd.key.nparser.KeyAst$File:  <unknown>:1#1 
116550     INFO  Test worker     d.u.i.k.n.KeyIO           MODE: declarations took 0 ms 
116550     DEBUG Test worker     d.u.i.k.n.KeyIO           MODE: 2nd degree decls took 0 
118085     INFO  Test worker     d.u.i.k.n.KeyIO           Parsing took 0 ms 
118086     DEBUG Test worker     d.u.i.k.n.KeyIO           Load declarations of de.uka.ilkd.key.nparser.KeyAst$File:  <unknown>:1#1 
118086     INFO  Test worker     d.u.i.k.n.KeyIO           MODE: declarations took 0 ms 
118087     DEBUG Test worker     d.u.i.k.n.KeyIO           MODE: 2nd degree decls took 1 
123099     INFO  Test worker     d.u.i.k.n.KeyIO           Parsing took 0 ms 
123100     DEBUG Test worker     d.u.i.k.n.KeyIO           Load declarations of de.uka.ilkd.key.nparser.KeyAst$File:  <unknown>:1#1 
123100     INFO  Test worker     d.u.i.k.n.KeyIO           MODE: declarations took 0 ms 
123100     DEBUG Test worker     d.u.i.k.n.KeyIO           MODE: 2nd degree decls took 0 
124639     INFO  Test worker     d.u.i.k.n.KeyIO           Parsing took 0 ms 
124639     DEBUG Test worker     d.u.i.k.n.KeyIO           Load declarations of de.uka.ilkd.key.nparser.KeyAst$File:  <unknown>:1#1 
124640     INFO  Test worker     d.u.i.k.n.KeyIO           MODE: declarations took 1 ms 
124640     DEBUG Test worker     d.u.i.k.n.KeyIO           MODE: 2nd degree decls took 0 
135043     INFO  Test worker     d.u.i.k.n.KeyIO           Parsing took 1 ms 
135043     DEBUG Test worker     d.u.i.k.n.KeyIO           Load declarations of de.uka.ilkd.key.nparser.KeyAst$File:  <unknown>:1#1 
135044     INFO  Test worker     d.u.i.k.n.KeyIO           MODE: declarations took 1 ms 
135044     DEBUG Test worker     d.u.i.k.n.KeyIO           MODE: 2nd degree decls took 0 
136666     INFO  Test worker     d.u.i.k.n.KeyIO           Parsing took 1 ms 
136667     DEBUG Test worker     d.u.i.k.n.KeyIO           Load declarations of de.uka.ilkd.key.nparser.KeyAst$File:  <unknown>:1#1 
136667     INFO  Test worker     d.u.i.k.n.KeyIO           MODE: declarations took 0 ms 
136668     DEBUG Test worker     d.u.i.k.n.KeyIO           MODE: 2nd degree decls took 0 
141752     INFO  Test worker     d.u.i.k.n.KeyIO           Parsing took 0 ms 
141752     DEBUG Test worker     d.u.i.k.n.KeyIO           Load declarations of de.uka.ilkd.key.nparser.KeyAst$File:  <unknown>:1#1 
141752     INFO  Test worker     d.u.i.k.n.KeyIO           MODE: declarations took 0 ms 
141752     DEBUG Test worker     d.u.i.k.n.KeyIO           MODE: 2nd degree decls took 0 
143355     INFO  Test worker     d.u.i.k.n.KeyIO           Parsing took 0 ms 
143355     DEBUG Test worker     d.u.i.k.n.KeyIO           Load declarations of de.uka.ilkd.key.nparser.KeyAst$File:  <unknown>:1#1 
143356     INFO  Test worker     d.u.i.k.n.KeyIO           MODE: declarations took 1 ms 
143356     DEBUG Test worker     d.u.i.k.n.KeyIO           MODE: 2nd degree decls took 0 
]]></system-out>
  <system-err><![CDATA[]]></system-err>
</testsuite>
