<?xml version="1.0" encoding="UTF-8"?>
<testsuite name="de.uka.ilkd.key.taclettranslation.TestTacletTranslator" tests="5" skipped="0" failures="0" errors="0" timestamp="2023-06-05T13:21:53" hostname="fv-az577-709" time="0.028">
  <properties/>
  <testcase name="testPropositional1()" classname="de.uka.ilkd.key.taclettranslation.TestTacletTranslator" time="0.02"/>
  <testcase name="testPropositional2()" classname="de.uka.ilkd.key.taclettranslation.TestTacletTranslator" time="0.002"/>
  <testcase name="testNegativePolarity()" classname="de.uka.ilkd.key.taclettranslation.TestTacletTranslator" time="0.003"/>
  <testcase name="testNoPolarity()" classname="de.uka.ilkd.key.taclettranslation.TestTacletTranslator" time="0.002"/>
  <testcase name="testPositivePolarity()" classname="de.uka.ilkd.key.taclettranslation.TestTacletTranslator" time="0.001"/>
  <system-out><![CDATA[1356403    INFO  Test worker     d.u.i.k.n.KeyIO           Parsing took 0 ms 
1356403    DEBUG Test worker     d.u.i.k.n.KeyIO           Load declarations of de.uka.ilkd.key.nparser.KeyAst$File:  <unknown>:1#1 
1356403    INFO  Test worker     d.u.i.k.n.KeyIO           MODE: declarations took 0 ms 
1356404    DEBUG Test worker     d.u.i.k.n.KeyIO           MODE: 2nd degree decls took 0 
1356404    DEBUG Test worker     d.u.i.k.n.KeyIO           MODE: taclets took 0ms 
1356417    INFO  Test worker     d.u.i.k.n.KeyIO           Parsing took 1 ms 
1356417    DEBUG Test worker     d.u.i.k.n.KeyIO           Load declarations of de.uka.ilkd.key.nparser.KeyAst$File:  <unknown>:1#1 
1356417    INFO  Test worker     d.u.i.k.n.KeyIO           MODE: declarations took 0 ms 
1356417    DEBUG Test worker     d.u.i.k.n.KeyIO           MODE: 2nd degree decls took 0 
1356417    DEBUG Test worker     d.u.i.k.n.KeyIO           MODE: taclets took 0ms 
1356419    INFO  Test worker     d.u.i.k.n.KeyIO           Parsing took 1 ms 
1356419    DEBUG Test worker     d.u.i.k.n.KeyIO           Load declarations of de.uka.ilkd.key.nparser.KeyAst$File:  <unknown>:1#1 
1356419    INFO  Test worker     d.u.i.k.n.KeyIO           MODE: declarations took 0 ms 
1356419    DEBUG Test worker     d.u.i.k.n.KeyIO           MODE: 2nd degree decls took 0 
1356421    DEBUG Test worker     d.u.i.k.n.KeyIO           MODE: taclets took 2ms 
1356422    INFO  Test worker     d.u.i.k.n.KeyIO           Parsing took 0 ms 
1356422    DEBUG Test worker     d.u.i.k.n.KeyIO           Load declarations of de.uka.ilkd.key.nparser.KeyAst$File:  <unknown>:1#1 
1356422    INFO  Test worker     d.u.i.k.n.KeyIO           MODE: declarations took 0 ms 
1356422    DEBUG Test worker     d.u.i.k.n.KeyIO           MODE: 2nd degree decls took 0 
1356422    DEBUG Test worker     d.u.i.k.n.KeyIO           MODE: taclets took 0ms 
1356423    INFO  Test worker     d.u.i.k.n.KeyIO           Parsing took 0 ms 
1356423    DEBUG Test worker     d.u.i.k.n.KeyIO           Load declarations of de.uka.ilkd.key.nparser.KeyAst$File:  <unknown>:1#1 
1356423    INFO  Test worker     d.u.i.k.n.KeyIO           MODE: declarations took 0 ms 
1356424    DEBUG Test worker     d.u.i.k.n.KeyIO           MODE: 2nd degree decls took 0 
1356424    DEBUG Test worker     d.u.i.k.n.KeyIO           MODE: taclets took 0ms 
]]></system-out>
  <system-err><![CDATA[]]></system-err>
</testsuite>
