<?xml version="1.0" encoding="UTF-8"?>
<testsuite name="de.uka.ilkd.key.parser.TestDeclParser" tests="14" skipped="2" failures="0" errors="0" timestamp="2023-06-05T13:05:20" hostname="fv-az577-709" time="19.601">
  <properties/>
  <testcase name="testGenericSortDecl1()" classname="de.uka.ilkd.key.parser.TestDeclParser" time="1.695"/>
  <testcase name="testGenericSortDecl2()" classname="de.uka.ilkd.key.parser.TestDeclParser" time="1.689"/>
  <testcase name="testGenericSortDecl3()" classname="de.uka.ilkd.key.parser.TestDeclParser" time="1.696"/>
  <testcase name="testGenericSortDecl4()" classname="de.uka.ilkd.key.parser.TestDeclParser" time="1.681"/>
  <testcase name="testGenericSortDecl5()" classname="de.uka.ilkd.key.parser.TestDeclParser" time="0.001">
    <skipped/>
  </testcase>
  <testcase name="testGenericSortDecl6()" classname="de.uka.ilkd.key.parser.TestDeclParser" time="1.76"/>
  <testcase name="testSortDecl()" classname="de.uka.ilkd.key.parser.TestDeclParser" time="1.642"/>
  <testcase name="testProxySortDecl()" classname="de.uka.ilkd.key.parser.TestDeclParser" time="1.64"/>
  <testcase name="testArrayDecl()" classname="de.uka.ilkd.key.parser.TestDeclParser" time="1.601"/>
  <testcase name="testAmbiguousDecls()" classname="de.uka.ilkd.key.parser.TestDeclParser" time="0.0">
    <skipped/>
  </testcase>
  <testcase name="testHeurDecl()" classname="de.uka.ilkd.key.parser.TestDeclParser" time="1.567"/>
  <testcase name="testFunctionDecl()" classname="de.uka.ilkd.key.parser.TestDeclParser" time="1.497"/>
  <testcase name="testPredicateDecl()" classname="de.uka.ilkd.key.parser.TestDeclParser" time="1.539"/>
  <testcase name="testSVDecl()" classname="de.uka.ilkd.key.parser.TestDeclParser" time="1.591"/>
  <system-out><![CDATA[365434     INFO  Test worker     d.u.i.k.n.KeyIO           Parsing took 0 ms 
365434     DEBUG Test worker     d.u.i.k.n.KeyIO           Load declarations of de.uka.ilkd.key.nparser.KeyAst$File:  <unknown>:1#1 
365434     INFO  Test worker     d.u.i.k.n.KeyIO           MODE: declarations took 0 ms 
365434     DEBUG Test worker     d.u.i.k.n.KeyIO           MODE: 2nd degree decls took 0 
365434     DEBUG Test worker     d.u.i.k.n.KeyIO           MODE: taclets took 0ms 
367123     INFO  Test worker     d.u.i.k.n.KeyIO           Parsing took 0 ms 
367124     DEBUG Test worker     d.u.i.k.n.KeyIO           Load declarations of de.uka.ilkd.key.nparser.KeyAst$File:  <unknown>:1#1 
367124     INFO  Test worker     d.u.i.k.n.KeyIO           MODE: declarations took 0 ms 
367124     DEBUG Test worker     d.u.i.k.n.KeyIO           MODE: 2nd degree decls took 0 
367124     DEBUG Test worker     d.u.i.k.n.KeyIO           MODE: taclets took 0ms 
368820     INFO  Test worker     d.u.i.k.n.KeyIO           Parsing took 0 ms 
368820     DEBUG Test worker     d.u.i.k.n.KeyIO           Load declarations of de.uka.ilkd.key.nparser.KeyAst$File:  <unknown>:1#1 
368820     INFO  Test worker     d.u.i.k.n.KeyIO           MODE: declarations took 0 ms 
368820     DEBUG Test worker     d.u.i.k.n.KeyIO           MODE: 2nd degree decls took 0 
368820     DEBUG Test worker     d.u.i.k.n.KeyIO           MODE: taclets took 0ms 
370501     INFO  Test worker     d.u.i.k.n.KeyIO           Parsing took 0 ms 
370501     DEBUG Test worker     d.u.i.k.n.KeyIO           Load declarations of de.uka.ilkd.key.nparser.KeyAst$File:  <unknown>:1#1 
370501     INFO  Test worker     d.u.i.k.n.KeyIO           MODE: declarations took 0 ms 
370501     DEBUG Test worker     d.u.i.k.n.KeyIO           MODE: 2nd degree decls took 0 
370501     DEBUG Test worker     d.u.i.k.n.KeyIO           MODE: taclets took 0ms 
372262     INFO  Test worker     d.u.i.k.n.KeyIO           Parsing took 1 ms 
372262     DEBUG Test worker     d.u.i.k.n.KeyIO           Load declarations of de.uka.ilkd.key.nparser.KeyAst$File:  <unknown>:1#1 
372262     INFO  Test worker     d.u.i.k.n.KeyIO           MODE: declarations took 0 ms 
372262     DEBUG Test worker     d.u.i.k.n.KeyIO           MODE: 2nd degree decls took 0 
372262     DEBUG Test worker     d.u.i.k.n.KeyIO           MODE: taclets took 0ms 
373905     INFO  Test worker     d.u.i.k.n.KeyIO           Parsing took 0 ms 
373905     DEBUG Test worker     d.u.i.k.n.KeyIO           Load declarations of de.uka.ilkd.key.nparser.KeyAst$File:  <unknown>:1#1 
373905     INFO  Test worker     d.u.i.k.n.KeyIO           MODE: declarations took 0 ms 
373905     DEBUG Test worker     d.u.i.k.n.KeyIO           MODE: 2nd degree decls took 0 
373905     DEBUG Test worker     d.u.i.k.n.KeyIO           MODE: taclets took 0ms 
375544     INFO  Test worker     d.u.i.k.n.KeyIO           Parsing took 0 ms 
375544     DEBUG Test worker     d.u.i.k.n.KeyIO           Load declarations of de.uka.ilkd.key.nparser.KeyAst$File:  <unknown>:1#1 
375545     INFO  Test worker     d.u.i.k.n.KeyIO           MODE: declarations took 1 ms 
375545     DEBUG Test worker     d.u.i.k.n.KeyIO           MODE: 2nd degree decls took 0 
375545     DEBUG Test worker     d.u.i.k.n.KeyIO           MODE: taclets took 0ms 
377145     INFO  Test worker     d.u.i.k.n.KeyIO           Parsing took 0 ms 
377145     DEBUG Test worker     d.u.i.k.n.KeyIO           Load declarations of de.uka.ilkd.key.nparser.KeyAst$File:  <unknown>:1#1 
377145     INFO  Test worker     d.u.i.k.n.KeyIO           MODE: declarations took 0 ms 
377147     DEBUG Test worker     d.u.i.k.n.KeyIO           MODE: 2nd degree decls took 2 
377147     DEBUG Test worker     d.u.i.k.n.KeyIO           MODE: taclets took 0ms 
378714     INFO  Test worker     d.u.i.k.n.KeyIO           Parsing took 0 ms 
378714     DEBUG Test worker     d.u.i.k.n.KeyIO           Load declarations of de.uka.ilkd.key.nparser.KeyAst$File:  <unknown>:1#1 
378714     INFO  Test worker     d.u.i.k.n.KeyIO           MODE: declarations took 0 ms 
378714     DEBUG Test worker     d.u.i.k.n.KeyIO           MODE: 2nd degree decls took 0 
378714     DEBUG Test worker     d.u.i.k.n.KeyIO           MODE: taclets took 0ms 
380211     INFO  Test worker     d.u.i.k.n.KeyIO           Parsing took 0 ms 
380211     DEBUG Test worker     d.u.i.k.n.KeyIO           Load declarations of de.uka.ilkd.key.nparser.KeyAst$File:  <unknown>:1#1 
380211     INFO  Test worker     d.u.i.k.n.KeyIO           MODE: declarations took 0 ms 
380212     DEBUG Test worker     d.u.i.k.n.KeyIO           MODE: 2nd degree decls took 1 
380212     DEBUG Test worker     d.u.i.k.n.KeyIO           MODE: taclets took 0ms 
381749     INFO  Test worker     d.u.i.k.n.KeyIO           Parsing took 0 ms 
381749     DEBUG Test worker     d.u.i.k.n.KeyIO           Load declarations of de.uka.ilkd.key.nparser.KeyAst$File:  <unknown>:1#1 
381750     INFO  Test worker     d.u.i.k.n.KeyIO           MODE: declarations took 1 ms 
381750     DEBUG Test worker     d.u.i.k.n.KeyIO           MODE: 2nd degree decls took 0 
381750     DEBUG Test worker     d.u.i.k.n.KeyIO           MODE: taclets took 0ms 
383338     INFO  Test worker     d.u.i.k.n.KeyIO           Parsing took 0 ms 
383339     DEBUG Test worker     d.u.i.k.n.KeyIO           Load declarations of de.uka.ilkd.key.nparser.KeyAst$File:  <unknown>:1#1 
383339     INFO  Test worker     d.u.i.k.n.KeyIO           MODE: declarations took 0 ms 
383340     DEBUG Test worker     d.u.i.k.n.KeyIO           MODE: 2nd degree decls took 0 
383340     DEBUG Test worker     d.u.i.k.n.KeyIO           MODE: taclets took 0ms 
]]></system-out>
  <system-err><![CDATA[]]></system-err>
</testsuite>
