<?xml version="1.0" encoding="UTF-8"?>
<testsuite name="de.uka.ilkd.key.rule.merge.PredicateAbstractionLatticeTests" tests="3" skipped="0" failures="0" errors="0" timestamp="2023-06-05T13:14:12" hostname="fv-az577-709" time="9.971">
  <properties/>
  <testcase name="testToAndFromString()" classname="de.uka.ilkd.key.rule.merge.PredicateAbstractionLatticeTests" time="4.865"/>
  <testcase name="testCreateSignLatticeWithPredicates()" classname="de.uka.ilkd.key.rule.merge.PredicateAbstractionLatticeTests" time="5.106"/>
  <testcase name="testTrivialPredicatesLattice()" classname="de.uka.ilkd.key.rule.merge.PredicateAbstractionLatticeTests" time="0.0"/>
  <system-out><![CDATA[895896     INFO  Test worker     d.u.i.k.p.i.AbstractProblemLoader Loading environment from src/test/resources/testcase/merge/dummy.key 
895896     DEBUG Test worker     d.u.i.k.p.i.AbstractProblemLoader Environment load took 239.8ns 
895897     INFO  Test worker     d.u.i.k.p.i.AbstractProblemLoader Creating init config 
900740     DEBUG Test worker     d.u.i.k.p.i.AbstractProblemLoader Init config took 4.84s 
900757     INFO  Test worker     d.u.i.k.p.i.AbstractProblemLoader Replaying proof dummy.key 
900759     DEBUG Test worker     d.u.i.k.p.i.IntermediateProofReplayer Proof replay took 9.7ns 
900761     INFO  Test worker     d.u.i.k.p.i.AbstractProblemLoader Loading environment from src/test/resources/testcase/merge/dummy.key 
900761     DEBUG Test worker     d.u.i.k.p.i.AbstractProblemLoader Environment load took 85ns 
900761     INFO  Test worker     d.u.i.k.p.i.AbstractProblemLoader Creating init config 
905846     DEBUG Test worker     d.u.i.k.p.i.AbstractProblemLoader Init config took 5.08s 
905862     INFO  Test worker     d.u.i.k.p.i.AbstractProblemLoader Replaying proof dummy.key 
905864     DEBUG Test worker     d.u.i.k.p.i.IntermediateProofReplayer Proof replay took 10ns 
]]></system-out>
  <system-err><![CDATA[]]></system-err>
</testsuite>
