<?xml version="1.0" encoding="UTF-8"?>
<testsuite name="de.uka.ilkd.key.parser.TestTacletParser" tests="20" skipped="0" failures="0" errors="0" timestamp="2023-06-05T13:07:58" hostname="fv-az577-709" time="0.148">
  <properties/>
  <testcase name="testAllRight()" classname="de.uka.ilkd.key.parser.TestTacletParser" time="0.005"/>
  <testcase name="testSchemaJava0()" classname="de.uka.ilkd.key.parser.TestTacletParser" time="0.011"/>
  <testcase name="testSchemaJava1()" classname="de.uka.ilkd.key.parser.TestTacletParser" time="0.019"/>
  <testcase name="testSchemaJava2()" classname="de.uka.ilkd.key.parser.TestTacletParser" time="0.01"/>
  <testcase name="testSchemaJava4()" classname="de.uka.ilkd.key.parser.TestTacletParser" time="0.004"/>
  <testcase name="testSchemaJava6()" classname="de.uka.ilkd.key.parser.TestTacletParser" time="0.01"/>
  <testcase name="testSchemaJava8()" classname="de.uka.ilkd.key.parser.TestTacletParser" time="0.002"/>
  <testcase name="testCut()" classname="de.uka.ilkd.key.parser.TestTacletParser" time="0.002"/>
  <testcase name="testMakeInsertEq()" classname="de.uka.ilkd.key.parser.TestTacletParser" time="0.002"/>
  <testcase name="testAllLeft()" classname="de.uka.ilkd.key.parser.TestTacletParser" time="0.002"/>
  <testcase name="testClose()" classname="de.uka.ilkd.key.parser.TestTacletParser" time="0.002"/>
  <testcase name="testSchemaJava10()" classname="de.uka.ilkd.key.parser.TestTacletParser" time="0.003"/>
  <testcase name="testSchemaJava11()" classname="de.uka.ilkd.key.parser.TestTacletParser" time="0.024"/>
  <testcase name="testFIdempotent()" classname="de.uka.ilkd.key.parser.TestTacletParser" time="0.009"/>
  <testcase name="testImpRight()" classname="de.uka.ilkd.key.parser.TestTacletParser" time="0.002"/>
  <testcase name="testVarcondNew()" classname="de.uka.ilkd.key.parser.TestTacletParser" time="0.003"/>
  <testcase name="testFreeReplacewithVariables()" classname="de.uka.ilkd.key.parser.TestTacletParser" time="0.023"/>
  <testcase name="testImpLeft()" classname="de.uka.ilkd.key.parser.TestTacletParser" time="0.004"/>
  <testcase name="testContraposition()" classname="de.uka.ilkd.key.parser.TestTacletParser" time="0.003"/>
  <testcase name="testExConjSplit()" classname="de.uka.ilkd.key.parser.TestTacletParser" time="0.002"/>
  <system-out><![CDATA[521661     INFO  Test worker     d.u.i.k.n.KeyIO           Parsing took 0 ms 
521662     DEBUG Test worker     d.u.i.k.n.KeyIO           Load declarations of de.uka.ilkd.key.nparser.KeyAst$File:  <unknown>:1#1 
521662     INFO  Test worker     d.u.i.k.n.KeyIO           MODE: declarations took 0 ms 
521662     DEBUG Test worker     d.u.i.k.n.KeyIO           MODE: 2nd degree decls took 0 
521664     DEBUG Test worker     d.u.i.k.n.KeyIO           MODE: taclets took 1ms 
521665     INFO  Test worker     d.u.i.k.n.KeyIO           Parsing took 0 ms 
521665     DEBUG Test worker     d.u.i.k.n.KeyIO           Load declarations of de.uka.ilkd.key.nparser.KeyAst$File:  <unknown>:2#1 
521665     INFO  Test worker     d.u.i.k.n.KeyIO           MODE: declarations took 0 ms 
521665     DEBUG Test worker     d.u.i.k.n.KeyIO           MODE: 2nd degree decls took 0 
521666     DEBUG Test worker     d.u.i.k.n.KeyIO           MODE: taclets took 0ms 
521666     INFO  Test worker     d.u.i.k.n.KeyIO           Parsing took 0 ms 
521666     DEBUG Test worker     d.u.i.k.n.KeyIO           Load declarations of de.uka.ilkd.key.nparser.KeyAst$File:  <unknown>:1#1 
521667     INFO  Test worker     d.u.i.k.n.KeyIO           MODE: declarations took 1 ms 
521667     DEBUG Test worker     d.u.i.k.n.KeyIO           MODE: 2nd degree decls took 0 
521667     DEBUG Test worker     d.u.i.k.n.KeyIO           MODE: taclets took 0ms 
521667     INFO  Test worker     d.u.i.k.n.KeyIO           Parsing took 0 ms 
521667     DEBUG Test worker     d.u.i.k.n.KeyIO           Load declarations of de.uka.ilkd.key.nparser.KeyAst$File:  <unknown>:2#1 
521667     INFO  Test worker     d.u.i.k.n.KeyIO           MODE: declarations took 0 ms 
521667     DEBUG Test worker     d.u.i.k.n.KeyIO           MODE: 2nd degree decls took 0 
521677     DEBUG Test worker     d.u.i.k.n.KeyIO           MODE: taclets took 2ms 
521677     INFO  Test worker     d.u.i.k.n.KeyIO           Parsing took 0 ms 
521678     DEBUG Test worker     d.u.i.k.n.KeyIO           Load declarations of de.uka.ilkd.key.nparser.KeyAst$File:  <unknown>:1#1 
521678     INFO  Test worker     d.u.i.k.n.KeyIO           MODE: declarations took 0 ms 
521678     DEBUG Test worker     d.u.i.k.n.KeyIO           MODE: 2nd degree decls took 0 
521678     DEBUG Test worker     d.u.i.k.n.KeyIO           MODE: taclets took 0ms 
521680     WARN  Test worker     d.u.i.k.n.KeYParser       [syntax-error] null:2:21: extraneous input '<' expecting {MODALITY, FORALL, EXISTS, '\if', '\ifEx', 'true', 'false', '(', ')', '{', '@', NOT, '-', STRING_LITERAL, CHAR_LITERAL, BIN_LITERAL, HEX_LITERAL, IDENT, INT_LITERAL, FLOAT_LITERAL, DOUBLE_LITERAL, REAL_LITERAL} [@12,22:22='<',<173>,2:21] (argument_list, call, accessterm, primitive_term, primitive_labeled_term, bracket_term, atom_prefix, strong_arith_term_2, strong_arith_term_1, weak_arith_term, comparison_term, equality_term, term60, conjunction_term, disjunction_term, implication_term, equivalence_term, elementary_update_term, parallel_term, term, taclet, rulesOrAxioms, decls, file) 
521693     WARN  Test worker     d.u.i.k.n.KeYParser       [syntax-error] null:2:23: no viable alternative at input '{..' [@14,24:25='..',<144>,2:23] (atom_prefix, strong_arith_term_2, strong_arith_term_1, weak_arith_term, comparison_term, equality_term, term60, conjunction_term, disjunction_term, implication_term, equivalence_term, elementary_update_term, parallel_term, term, argument_list, call, accessterm, primitive_term, primitive_labeled_term, bracket_term, atom_prefix, strong_arith_term_2, strong_arith_term_1, weak_arith_term, comparison_term, equality_term, term60, conjunction_term, disjunction_term, implication_term, equivalence_term, elementary_update_term, parallel_term, term, taclet, rulesOrAxioms, decls, file) 
521694     WARN  Test worker     d.u.i.k.n.KeYParser       [syntax-error] null:2:33: mismatched input ';' expecting {',', ')'} [@21,34:34=';',<138>,2:33] (argument_list, call, accessterm, primitive_term, primitive_labeled_term, bracket_term, atom_prefix, strong_arith_term_2, strong_arith_term_1, weak_arith_term, comparison_term, equality_term, term60, conjunction_term, disjunction_term, implication_term, equivalence_term, elementary_update_term, parallel_term, term, taclet, rulesOrAxioms, decls, file) 
521694     WARN  Test worker     d.u.i.k.n.KeYParser       [syntax-error] null:2:41: no viable alternative at input '#i;' [@26,42:42=';',<138>,2:41] (option_list, taclet, rulesOrAxioms, decls, file) 
521695     WARN  Test worker     d.u.i.k.n.KeYParser       [syntax-error] null:2:43: mismatched input '<' expecting {'(', '{'} [@28,44:44='<',<173>,2:43] (taclet, rulesOrAxioms, decls, file) 
521695     WARN  Test worker     d.u.i.k.n.KeYParser       [syntax-error] null:2:47: mismatched input '+' expecting {'(', '{'} [@32,48:48='+',<167>,2:47] (taclet, rulesOrAxioms, decls, file) 
521695     WARN  Test worker     d.u.i.k.n.KeYParser       [syntax-error] null:2:52: extraneous input '..' expecting {'\lemma', '}', IDENT, '/*!'} [@37,53:54='..',<144>,2:52] (rulesOrAxioms, decls, file) 
521695     WARN  Test worker     d.u.i.k.n.KeYParser       [syntax-error] null:2:56: mismatched input '>' expecting {<EOF>, '\problem', '\chooseContract', '\proofObligation', '\proof'} [@40,57:57='>',<168>,2:56] (file) 
521697     INFO  Test worker     d.u.i.k.n.KeyIO           Parsing took 1 ms 
521697     DEBUG Test worker     d.u.i.k.n.KeyIO           Load declarations of de.uka.ilkd.key.nparser.KeyAst$File:  <unknown>:1#1 
521697     INFO  Test worker     d.u.i.k.n.KeyIO           MODE: declarations took 0 ms 
521697     DEBUG Test worker     d.u.i.k.n.KeyIO           MODE: 2nd degree decls took 0 
521698     DEBUG Test worker     d.u.i.k.n.KeyIO           MODE: taclets took 1ms 
521698     WARN  Test worker     d.u.i.k.n.KeYParser       [syntax-error] null:2:21: extraneous input '<' expecting {MODALITY, FORALL, EXISTS, '\if', '\ifEx', 'true', 'false', '(', ')', '{', '@', NOT, '-', STRING_LITERAL, CHAR_LITERAL, BIN_LITERAL, HEX_LITERAL, IDENT, INT_LITERAL, FLOAT_LITERAL, DOUBLE_LITERAL, REAL_LITERAL} [@12,22:22='<',<173>,2:21] (argument_list, call, accessterm, primitive_term, primitive_labeled_term, bracket_term, atom_prefix, strong_arith_term_2, strong_arith_term_1, weak_arith_term, comparison_term, equality_term, term60, conjunction_term, disjunction_term, implication_term, equivalence_term, elementary_update_term, parallel_term, term, taclet, rulesOrAxioms, decls, file) 
521698     WARN  Test worker     d.u.i.k.n.KeYParser       [syntax-error] null:2:23: no viable alternative at input '{..' [@14,24:25='..',<144>,2:23] (atom_prefix, strong_arith_term_2, strong_arith_term_1, weak_arith_term, comparison_term, equality_term, term60, conjunction_term, disjunction_term, implication_term, equivalence_term, elementary_update_term, parallel_term, term, argument_list, call, accessterm, primitive_term, primitive_labeled_term, bracket_term, atom_prefix, strong_arith_term_2, strong_arith_term_1, weak_arith_term, comparison_term, equality_term, term60, conjunction_term, disjunction_term, implication_term, equivalence_term, elementary_update_term, parallel_term, term, taclet, rulesOrAxioms, decls, file) 
521698     WARN  Test worker     d.u.i.k.n.KeYParser       [syntax-error] null:2:33: mismatched input ';' expecting {',', ')'} [@21,34:34=';',<138>,2:33] (argument_list, call, accessterm, primitive_term, primitive_labeled_term, bracket_term, atom_prefix, strong_arith_term_2, strong_arith_term_1, weak_arith_term, comparison_term, equality_term, term60, conjunction_term, disjunction_term, implication_term, equivalence_term, elementary_update_term, parallel_term, term, taclet, rulesOrAxioms, decls, file) 
521699     WARN  Test worker     d.u.i.k.n.KeYParser       [syntax-error] null:2:43: no viable alternative at input '#lab;' [@26,44:44=';',<138>,2:43] (option_list, taclet, rulesOrAxioms, decls, file) 
521699     WARN  Test worker     d.u.i.k.n.KeYParser       [syntax-error] null:2:45: mismatched input '<' expecting {'(', '{'} [@28,46:46='<',<173>,2:45] (taclet, rulesOrAxioms, decls, file) 
521699     WARN  Test worker     d.u.i.k.n.KeYParser       [syntax-error] null:2:50: mismatched input '+' expecting {'(', '{'} [@32,51:51='+',<167>,2:50] (taclet, rulesOrAxioms, decls, file) 
521699     WARN  Test worker     d.u.i.k.n.KeYParser       [syntax-error] null:2:56: extraneous input '..' expecting {'\lemma', '}', IDENT, '/*!'} [@38,57:58='..',<144>,2:56] (rulesOrAxioms, decls, file) 
521705     WARN  Test worker     d.u.i.k.n.KeYParser       [syntax-error] null:2:60: mismatched input '>' expecting {<EOF>, '\problem', '\chooseContract', '\proofObligation', '\proof'} [@41,61:61='>',<168>,2:60] (file) 
521707     INFO  Test worker     d.u.i.k.n.KeyIO           Parsing took 1 ms 
521707     DEBUG Test worker     d.u.i.k.n.KeyIO           Load declarations of de.uka.ilkd.key.nparser.KeyAst$File:  <unknown>:1#1 
521707     INFO  Test worker     d.u.i.k.n.KeyIO           MODE: declarations took 0 ms 
521707     DEBUG Test worker     d.u.i.k.n.KeyIO           MODE: 2nd degree decls took 0 
521708     DEBUG Test worker     d.u.i.k.n.KeyIO           MODE: taclets took 0ms 
521708     INFO  Test worker     d.u.i.k.n.KeyIO           Parsing took 0 ms 
521708     DEBUG Test worker     d.u.i.k.n.KeyIO           Load declarations of de.uka.ilkd.key.nparser.KeyAst$File:  <unknown>:2#1 
521708     INFO  Test worker     d.u.i.k.n.KeyIO           MODE: declarations took 0 ms 
521708     DEBUG Test worker     d.u.i.k.n.KeyIO           MODE: 2nd degree decls took 0 
521710     DEBUG Test worker     d.u.i.k.n.KeyIO           MODE: taclets took 1ms 
521710     INFO  Test worker     d.u.i.k.n.KeyIO           Parsing took 0 ms 
521710     DEBUG Test worker     d.u.i.k.n.KeyIO           Load declarations of de.uka.ilkd.key.nparser.KeyAst$File:  <unknown>:1#1 
521711     INFO  Test worker     d.u.i.k.n.KeyIO           MODE: declarations took 1 ms 
521711     DEBUG Test worker     d.u.i.k.n.KeyIO           MODE: 2nd degree decls took 0 
521711     DEBUG Test worker     d.u.i.k.n.KeyIO           MODE: taclets took 0ms 
521717     INFO  Test worker     d.u.i.k.n.KeyIO           Parsing took 0 ms 
521717     DEBUG Test worker     d.u.i.k.n.KeyIO           Load declarations of de.uka.ilkd.key.nparser.KeyAst$File:  <unknown>:2#1 
521717     INFO  Test worker     d.u.i.k.n.KeyIO           MODE: declarations took 0 ms 
521717     DEBUG Test worker     d.u.i.k.n.KeyIO           MODE: 2nd degree decls took 0 
521719     DEBUG Test worker     d.u.i.k.n.KeyIO           MODE: taclets took 1ms 
521720     INFO  Test worker     d.u.i.k.n.KeyIO           Parsing took 0 ms 
521720     DEBUG Test worker     d.u.i.k.n.KeyIO           Load declarations of de.uka.ilkd.key.nparser.KeyAst$File:  <unknown>:1#1 
521720     INFO  Test worker     d.u.i.k.n.KeyIO           MODE: declarations took 0 ms 
521721     DEBUG Test worker     d.u.i.k.n.KeyIO           MODE: 2nd degree decls took 0 
521721     DEBUG Test worker     d.u.i.k.n.KeyIO           MODE: taclets took 0ms 
521721     INFO  Test worker     d.u.i.k.n.KeyIO           Parsing took 0 ms 
521721     DEBUG Test worker     d.u.i.k.n.KeyIO           Load declarations of de.uka.ilkd.key.nparser.KeyAst$File:  <unknown>:2#1 
521721     INFO  Test worker     d.u.i.k.n.KeyIO           MODE: declarations took 0 ms 
521721     DEBUG Test worker     d.u.i.k.n.KeyIO           MODE: 2nd degree decls took 0 
521722     DEBUG Test worker     d.u.i.k.n.KeyIO           MODE: taclets took 0ms 
521723     INFO  Test worker     d.u.i.k.n.KeyIO           Parsing took 0 ms 
521723     DEBUG Test worker     d.u.i.k.n.KeyIO           Load declarations of de.uka.ilkd.key.nparser.KeyAst$File:  <unknown>:1#1 
521723     INFO  Test worker     d.u.i.k.n.KeyIO           MODE: declarations took 0 ms 
521723     DEBUG Test worker     d.u.i.k.n.KeyIO           MODE: 2nd degree decls took 0 
521724     DEBUG Test worker     d.u.i.k.n.KeyIO           MODE: taclets took 0ms 
521724     INFO  Test worker     d.u.i.k.n.KeyIO           Parsing took 0 ms 
521724     DEBUG Test worker     d.u.i.k.n.KeyIO           Load declarations of de.uka.ilkd.key.nparser.KeyAst$File:  <unknown>:2#1 
521724     INFO  Test worker     d.u.i.k.n.KeyIO           MODE: declarations took 0 ms 
521724     DEBUG Test worker     d.u.i.k.n.KeyIO           MODE: 2nd degree decls took 0 
521725     DEBUG Test worker     d.u.i.k.n.KeyIO           MODE: taclets took 0ms 
521725     INFO  Test worker     d.u.i.k.n.KeyIO           Parsing took 0 ms 
521726     DEBUG Test worker     d.u.i.k.n.KeyIO           Load declarations of de.uka.ilkd.key.nparser.KeyAst$File:  <unknown>:1#1 
521726     INFO  Test worker     d.u.i.k.n.KeyIO           MODE: declarations took 0 ms 
521726     DEBUG Test worker     d.u.i.k.n.KeyIO           MODE: 2nd degree decls took 0 
521726     DEBUG Test worker     d.u.i.k.n.KeyIO           MODE: taclets took 0ms 
521727     INFO  Test worker     d.u.i.k.n.KeyIO           Parsing took 1 ms 
521727     DEBUG Test worker     d.u.i.k.n.KeyIO           Load declarations of de.uka.ilkd.key.nparser.KeyAst$File:  <unknown>:2#1 
521727     INFO  Test worker     d.u.i.k.n.KeyIO           MODE: declarations took 0 ms 
521727     DEBUG Test worker     d.u.i.k.n.KeyIO           MODE: 2nd degree decls took 0 
521727     DEBUG Test worker     d.u.i.k.n.KeyIO           MODE: taclets took 0ms 
521728     INFO  Test worker     d.u.i.k.n.KeyIO           Parsing took 0 ms 
521728     DEBUG Test worker     d.u.i.k.n.KeyIO           Load declarations of de.uka.ilkd.key.nparser.KeyAst$File:  <unknown>:1#1 
521728     INFO  Test worker     d.u.i.k.n.KeyIO           MODE: declarations took 0 ms 
521728     DEBUG Test worker     d.u.i.k.n.KeyIO           MODE: 2nd degree decls took 0 
521728     DEBUG Test worker     d.u.i.k.n.KeyIO           MODE: taclets took 0ms 
521729     INFO  Test worker     d.u.i.k.n.KeyIO           Parsing took 0 ms 
521729     DEBUG Test worker     d.u.i.k.n.KeyIO           Load declarations of de.uka.ilkd.key.nparser.KeyAst$File:  <unknown>:2#1 
521729     INFO  Test worker     d.u.i.k.n.KeyIO           MODE: declarations took 0 ms 
521729     DEBUG Test worker     d.u.i.k.n.KeyIO           MODE: 2nd degree decls took 0 
521729     DEBUG Test worker     d.u.i.k.n.KeyIO           MODE: taclets took 0ms 
521730     INFO  Test worker     d.u.i.k.n.KeyIO           Parsing took 0 ms 
521730     DEBUG Test worker     d.u.i.k.n.KeyIO           Load declarations of de.uka.ilkd.key.nparser.KeyAst$File:  <unknown>:1#1 
521730     INFO  Test worker     d.u.i.k.n.KeyIO           MODE: declarations took 0 ms 
521730     DEBUG Test worker     d.u.i.k.n.KeyIO           MODE: 2nd degree decls took 0 
521731     DEBUG Test worker     d.u.i.k.n.KeyIO           MODE: taclets took 0ms 
521731     INFO  Test worker     d.u.i.k.n.KeyIO           Parsing took 0 ms 
521731     DEBUG Test worker     d.u.i.k.n.KeyIO           Load declarations of de.uka.ilkd.key.nparser.KeyAst$File:  <unknown>:2#1 
521731     INFO  Test worker     d.u.i.k.n.KeyIO           MODE: declarations took 0 ms 
521731     DEBUG Test worker     d.u.i.k.n.KeyIO           MODE: 2nd degree decls took 0 
521732     DEBUG Test worker     d.u.i.k.n.KeyIO           MODE: taclets took 0ms 
521732     INFO  Test worker     d.u.i.k.n.KeyIO           Parsing took 0 ms 
521733     DEBUG Test worker     d.u.i.k.n.KeyIO           Load declarations of de.uka.ilkd.key.nparser.KeyAst$File:  <unknown>:1#1 
521733     INFO  Test worker     d.u.i.k.n.KeyIO           MODE: declarations took 0 ms 
521733     DEBUG Test worker     d.u.i.k.n.KeyIO           MODE: 2nd degree decls took 0 
521733     DEBUG Test worker     d.u.i.k.n.KeyIO           MODE: taclets took 0ms 
521733     INFO  Test worker     d.u.i.k.n.KeyIO           Parsing took 0 ms 
521733     DEBUG Test worker     d.u.i.k.n.KeyIO           Load declarations of de.uka.ilkd.key.nparser.KeyAst$File:  <unknown>:2#1 
521733     INFO  Test worker     d.u.i.k.n.KeyIO           MODE: declarations took 0 ms 
521733     DEBUG Test worker     d.u.i.k.n.KeyIO           MODE: 2nd degree decls took 0 
521734     DEBUG Test worker     d.u.i.k.n.KeyIO           MODE: taclets took 0ms 
521735     INFO  Test worker     d.u.i.k.n.KeyIO           Parsing took 0 ms 
521735     DEBUG Test worker     d.u.i.k.n.KeyIO           Load declarations of de.uka.ilkd.key.nparser.KeyAst$File:  <unknown>:1#1 
521735     INFO  Test worker     d.u.i.k.n.KeyIO           MODE: declarations took 0 ms 
521735     DEBUG Test worker     d.u.i.k.n.KeyIO           MODE: 2nd degree decls took 0 
521736     DEBUG Test worker     d.u.i.k.n.KeyIO           MODE: taclets took 1ms 
521737     INFO  Test worker     d.u.i.k.n.KeyIO           Parsing took 1 ms 
521737     DEBUG Test worker     d.u.i.k.n.KeyIO           Load declarations of de.uka.ilkd.key.nparser.KeyAst$File:  <unknown>:2#1 
521737     INFO  Test worker     d.u.i.k.n.KeyIO           MODE: declarations took 0 ms 
521737     DEBUG Test worker     d.u.i.k.n.KeyIO           MODE: 2nd degree decls took 0 
521758     DEBUG Test worker     d.u.i.k.n.KeyIO           MODE: taclets took 21ms 
521762     INFO  Test worker     d.u.i.k.n.KeyIO           Parsing took 2 ms 
521762     DEBUG Test worker     d.u.i.k.n.KeyIO           Load declarations of de.uka.ilkd.key.nparser.KeyAst$File:  <unknown>:1#1 
521762     INFO  Test worker     d.u.i.k.n.KeyIO           MODE: declarations took 0 ms 
521762     DEBUG Test worker     d.u.i.k.n.KeyIO           MODE: 2nd degree decls took 0 
521762     DEBUG Test worker     d.u.i.k.n.KeyIO           MODE: taclets took 0ms 
521768     INFO  Test worker     d.u.i.k.n.KeyIO           Parsing took 0 ms 
521768     DEBUG Test worker     d.u.i.k.n.KeyIO           Load declarations of de.uka.ilkd.key.nparser.KeyAst$File:  <unknown>:2#1 
521768     INFO  Test worker     d.u.i.k.n.KeyIO           MODE: declarations took 0 ms 
521768     DEBUG Test worker     d.u.i.k.n.KeyIO           MODE: 2nd degree decls took 0 
521769     DEBUG Test worker     d.u.i.k.n.KeyIO           MODE: taclets took 0ms 
521770     INFO  Test worker     d.u.i.k.n.KeyIO           Parsing took 1 ms 
521770     DEBUG Test worker     d.u.i.k.n.KeyIO           Load declarations of de.uka.ilkd.key.nparser.KeyAst$File:  <unknown>:1#1 
521770     INFO  Test worker     d.u.i.k.n.KeyIO           MODE: declarations took 0 ms 
521770     DEBUG Test worker     d.u.i.k.n.KeyIO           MODE: 2nd degree decls took 0 
521770     DEBUG Test worker     d.u.i.k.n.KeyIO           MODE: taclets took 0ms 
521771     INFO  Test worker     d.u.i.k.n.KeyIO           Parsing took 1 ms 
521771     DEBUG Test worker     d.u.i.k.n.KeyIO           Load declarations of de.uka.ilkd.key.nparser.KeyAst$File:  <unknown>:2#1 
521771     INFO  Test worker     d.u.i.k.n.KeyIO           MODE: declarations took 0 ms 
521771     DEBUG Test worker     d.u.i.k.n.KeyIO           MODE: 2nd degree decls took 0 
521771     DEBUG Test worker     d.u.i.k.n.KeyIO           MODE: taclets took 0ms 
521772     INFO  Test worker     d.u.i.k.n.KeyIO           Parsing took 0 ms 
521772     DEBUG Test worker     d.u.i.k.n.KeyIO           Load declarations of de.uka.ilkd.key.nparser.KeyAst$File:  <unknown>:1#1 
521772     INFO  Test worker     d.u.i.k.n.KeyIO           MODE: declarations took 0 ms 
521772     DEBUG Test worker     d.u.i.k.n.KeyIO           MODE: 2nd degree decls took 0 
521773     DEBUG Test worker     d.u.i.k.n.KeyIO           MODE: taclets took 0ms 
521773     INFO  Test worker     d.u.i.k.n.KeyIO           Parsing took 0 ms 
521773     DEBUG Test worker     d.u.i.k.n.KeyIO           Load declarations of de.uka.ilkd.key.nparser.KeyAst$File:  <unknown>:2#1 
521773     INFO  Test worker     d.u.i.k.n.KeyIO           MODE: declarations took 0 ms 
521773     DEBUG Test worker     d.u.i.k.n.KeyIO           MODE: 2nd degree decls took 0 
521774     DEBUG Test worker     d.u.i.k.n.KeyIO           MODE: taclets took 0ms 
521774     INFO  Test worker     d.u.i.k.n.KeyIO           Parsing took 0 ms 
521774     DEBUG Test worker     d.u.i.k.n.KeyIO           Load declarations of de.uka.ilkd.key.nparser.KeyAst$File:  <unknown>:2#1 
521774     INFO  Test worker     d.u.i.k.n.KeyIO           MODE: declarations took 0 ms 
521774     DEBUG Test worker     d.u.i.k.n.KeyIO           MODE: 2nd degree decls took 0 
521774     DEBUG Test worker     d.u.i.k.n.KeyIO           MODE: taclets took 0ms 
521775     INFO  Test worker     d.u.i.k.n.KeyIO           Parsing took 0 ms 
521775     DEBUG Test worker     d.u.i.k.n.KeyIO           Load declarations of de.uka.ilkd.key.nparser.KeyAst$File:  <unknown>:1#1 
521775     INFO  Test worker     d.u.i.k.n.KeyIO           MODE: declarations took 0 ms 
521775     DEBUG Test worker     d.u.i.k.n.KeyIO           MODE: 2nd degree decls took 0 
521788     DEBUG Test worker     d.u.i.k.n.KeyIO           MODE: taclets took 1ms 
521796     INFO  Test worker     d.u.i.k.n.KeyIO           Parsing took 8 ms 
521796     DEBUG Test worker     d.u.i.k.n.KeyIO           Load declarations of de.uka.ilkd.key.nparser.KeyAst$File:  <unknown>:2#1 
521796     INFO  Test worker     d.u.i.k.n.KeyIO           MODE: declarations took 0 ms 
521796     DEBUG Test worker     d.u.i.k.n.KeyIO           MODE: 2nd degree decls took 0 
521799     INFO  Test worker     d.u.i.k.n.KeyIO           Parsing took 0 ms 
521799     DEBUG Test worker     d.u.i.k.n.KeyIO           Load declarations of de.uka.ilkd.key.nparser.KeyAst$File:  <unknown>:1#1 
521799     INFO  Test worker     d.u.i.k.n.KeyIO           MODE: declarations took 0 ms 
521801     DEBUG Test worker     d.u.i.k.n.KeyIO           MODE: 2nd degree decls took 0 
521802     DEBUG Test worker     d.u.i.k.n.KeyIO           MODE: taclets took 0ms 
521802     INFO  Test worker     d.u.i.k.n.KeyIO           Parsing took 0 ms 
521802     DEBUG Test worker     d.u.i.k.n.KeyIO           Load declarations of de.uka.ilkd.key.nparser.KeyAst$File:  <unknown>:2#1 
521803     INFO  Test worker     d.u.i.k.n.KeyIO           MODE: declarations took 1 ms 
521803     DEBUG Test worker     d.u.i.k.n.KeyIO           MODE: 2nd degree decls took 0 
521803     DEBUG Test worker     d.u.i.k.n.KeyIO           MODE: taclets took 0ms 
521804     INFO  Test worker     d.u.i.k.n.KeyIO           Parsing took 1 ms 
521804     DEBUG Test worker     d.u.i.k.n.KeyIO           Load declarations of de.uka.ilkd.key.nparser.KeyAst$File:  <unknown>:1#1 
521804     INFO  Test worker     d.u.i.k.n.KeyIO           MODE: declarations took 0 ms 
521804     DEBUG Test worker     d.u.i.k.n.KeyIO           MODE: 2nd degree decls took 0 
521804     DEBUG Test worker     d.u.i.k.n.KeyIO           MODE: taclets took 0ms 
521806     INFO  Test worker     d.u.i.k.n.KeyIO           Parsing took 0 ms 
521806     DEBUG Test worker     d.u.i.k.n.KeyIO           Load declarations of de.uka.ilkd.key.nparser.KeyAst$File:  <unknown>:2#1 
521806     INFO  Test worker     d.u.i.k.n.KeyIO           MODE: declarations took 0 ms 
521806     DEBUG Test worker     d.u.i.k.n.KeyIO           MODE: 2nd degree decls took 0 
521807     DEBUG Test worker     d.u.i.k.n.KeyIO           MODE: taclets took 0ms 
521807     INFO  Test worker     d.u.i.k.n.KeyIO           Parsing took 0 ms 
521807     DEBUG Test worker     d.u.i.k.n.KeyIO           Load declarations of de.uka.ilkd.key.nparser.KeyAst$File:  <unknown>:1#1 
521807     INFO  Test worker     d.u.i.k.n.KeyIO           MODE: declarations took 0 ms 
521808     DEBUG Test worker     d.u.i.k.n.KeyIO           MODE: 2nd degree decls took 1 
521808     DEBUG Test worker     d.u.i.k.n.KeyIO           MODE: taclets took 0ms 
521809     INFO  Test worker     d.u.i.k.n.KeyIO           Parsing took 1 ms 
521809     DEBUG Test worker     d.u.i.k.n.KeyIO           Load declarations of de.uka.ilkd.key.nparser.KeyAst$File:  <unknown>:2#1 
521809     INFO  Test worker     d.u.i.k.n.KeyIO           MODE: declarations took 0 ms 
521809     DEBUG Test worker     d.u.i.k.n.KeyIO           MODE: 2nd degree decls took 0 
521809     DEBUG Test worker     d.u.i.k.n.KeyIO           MODE: taclets took 0ms 
]]></system-out>
  <system-err><![CDATA[]]></system-err>
</testsuite>
