<?xml version="1.0" encoding="UTF-8"?>
<testsuite name="de.uka.ilkd.key.proof.io.TestZipProofSaving" tests="1" skipped="0" failures="0" errors="0" timestamp="2023-06-05T13:11:38" hostname="fv-az577-709" time="11.501">
  <properties/>
  <testcase name="testZip()" classname="de.uka.ilkd.key.proof.io.TestZipProofSaving" time="11.501"/>
  <system-out><![CDATA[741892     INFO  Test worker     d.u.i.k.p.i.AbstractProblemLoader Loading environment from /tmp/keyZipTest1058739838953839049.key 
741893     DEBUG Test worker     d.u.i.k.p.i.AbstractProblemLoader Environment load took 91.6ns 
741893     INFO  Test worker     d.u.i.k.p.i.AbstractProblemLoader Creating init config 
742130     DEBUG Test worker     d.u.i.k.j.TypeConverter   No LDT found for Meta 
742130     DEBUG Test worker     d.u.i.k.j.TypeConverter   No LDT found for Meta 
742130     DEBUG Test worker     d.u.i.k.j.TypeConverter   No LDT found for Meta 
742130     DEBUG Test worker     d.u.i.k.j.TypeConverter   No LDT found for Meta 
742881     DEBUG Test worker     d.u.i.k.j.TypeConverter   No LDT found for JavaBigintExpression 
748138     DEBUG Test worker     d.u.i.k.p.i.AbstractProblemLoader Init config took 6.25s 
748172     INFO  Test worker     d.u.i.k.p.i.AbstractProblemLoader Replaying proof keyZipTest1058739838953839049.key 
748174     DEBUG Test worker     d.u.i.k.p.i.IntermediateProofReplayer Proof replay took 12.2ns 
748396     INFO  Test worker     d.u.i.k.p.i.AbstractProblemLoader Loading environment from /tmp/keyZipTest11238462009965750010.proof.gz 
748397     DEBUG Test worker     d.u.i.k.p.i.AbstractProblemLoader Environment load took 615.71ns 
748399     INFO  Test worker     d.u.i.k.p.i.AbstractProblemLoader Creating init config 
753261     DEBUG Test worker     d.u.i.k.p.i.AbstractProblemLoader Init config took 4.86s 
753283     INFO  Test worker     d.u.i.k.p.i.AbstractProblemLoader Replaying proof keyZipTest11238462009965750010.proof.gz 
753289     DEBUG Test worker     d.u.i.k.p.i.IntermediateProofReplayer Proof replay took 3.87ms 
]]></system-out>
  <system-err><![CDATA[]]></system-err>
</testsuite>
