<?xml version="1.0" encoding="UTF-8"?>
<testsuite name="de.uka.ilkd.key.rule.loop.LoopScopeInvRuleTests" tests="1" skipped="0" failures="0" errors="0" timestamp="2023-06-05T13:12:11" hostname="fv-az577-709" time="7.648">
  <properties/>
  <testcase name="testDoAutomaticProofOfBenchmarkWithLabeledBreaksAndContinues()" classname="de.uka.ilkd.key.rule.loop.LoopScopeInvRuleTests" time="7.648"/>
  <system-out><![CDATA[774258     INFO  Test worker     d.u.i.k.p.i.AbstractProblemLoader Loading environment from src/test/resources/testcase/loopScopeInvRule/Test.key 
774258     DEBUG Test worker     d.u.i.k.p.i.AbstractProblemLoader Environment load took 111ns 
774259     INFO  Test worker     d.u.i.k.p.i.AbstractProblemLoader Creating init config 
774469     DEBUG Test worker     d.u.i.k.j.TypeConverter   No LDT found for Meta 
774469     DEBUG Test worker     d.u.i.k.j.TypeConverter   No LDT found for Meta 
774469     DEBUG Test worker     d.u.i.k.j.TypeConverter   No LDT found for Meta 
774470     DEBUG Test worker     d.u.i.k.j.TypeConverter   No LDT found for Meta 
775369     DEBUG Test worker     d.u.i.k.j.TypeConverter   No LDT found for JavaBigintExpression 
781136     DEBUG Test worker     d.u.i.k.p.i.AbstractProblemLoader Init config took 6.88s 
781186     INFO  Test worker     d.u.i.k.p.i.AbstractProblemLoader Replaying proof Test[Test::loopScopeRuleBenchmark(int,boolean)].JML normal_behavior operation contract.0 
781189     DEBUG Test worker     d.u.i.k.p.i.IntermediateProofReplayer Proof replay took 52.2ns 
]]></system-out>
  <system-err><![CDATA[]]></system-err>
</testsuite>
