<?xml version="1.0" encoding="UTF-8"?>
<testsuite name="de.uka.ilkd.key.util.TestProofStarter" tests="2" skipped="0" failures="0" errors="0" timestamp="2023-06-05T13:22:08" hostname="fv-az577-709" time="67.442">
  <properties/>
  <testcase name="testDirectProofWithOneStepSimplification()" classname="de.uka.ilkd.key.util.TestProofStarter" time="35.246"/>
  <testcase name="testDirectProof()" classname="de.uka.ilkd.key.util.TestProofStarter" time="32.196"/>
  <system-out><![CDATA[1371960    INFO  Test worker     d.u.i.k.p.i.AbstractProblemLoader Loading environment from src/test/resources/testcase/proofStarter/CC/project.key 
1371960    DEBUG Test worker     d.u.i.k.p.i.AbstractProblemLoader Environment load took 128.6ns 
1371961    INFO  Test worker     d.u.i.k.p.i.AbstractProblemLoader Creating init config 
1377249    DEBUG Test worker     d.u.i.k.p.i.AbstractProblemLoader Init config took 5.29s 
1377304    INFO  Test worker     d.u.i.k.p.i.AbstractProblemLoader Replaying proof CC[CC::calcCoinIndex([I,[I)].JML normal_behavior operation contract.0 
1377306    DEBUG Test worker     d.u.i.k.p.i.IntermediateProofReplayer Proof replay took 2.4ns 
1407184    INFO  Test worker     d.u.i.k.p.i.AbstractProblemLoader Loading environment from src/test/resources/testcase/proofStarter/CC/project.key 
1407184    DEBUG Test worker     d.u.i.k.p.i.AbstractProblemLoader Environment load took 112.6ns 
1407184    INFO  Test worker     d.u.i.k.p.i.AbstractProblemLoader Creating init config 
1412363    DEBUG Test worker     d.u.i.k.p.i.AbstractProblemLoader Init config took 5.18s 
1412416    INFO  Test worker     d.u.i.k.p.i.AbstractProblemLoader Replaying proof CC[CC::calcCoinIndex([I,[I)].JML normal_behavior operation contract.0 
1412418    DEBUG Test worker     d.u.i.k.p.i.IntermediateProofReplayer Proof replay took 2ns 
]]></system-out>
  <system-err><![CDATA[]]></system-err>
</testsuite>
