<?xml version="1.0" encoding="UTF-8"?>
<testsuite name="de.uka.ilkd.key.rule.TestCollisionResolving" tests="7" skipped="0" failures="0" errors="0" timestamp="2023-06-05T13:12:07" hostname="fv-az577-709" time="0.031">
  <properties/>
  <testcase name="testVarNamespaceCreationWithPrefix()" classname="de.uka.ilkd.key.rule.TestCollisionResolving" time="0.01"/>
  <testcase name="testNameConflictAfterInput()" classname="de.uka.ilkd.key.rule.TestCollisionResolving" time="0.003"/>
  <testcase name="testNameConflict1()" classname="de.uka.ilkd.key.rule.TestCollisionResolving" time="0.004"/>
  <testcase name="testVarNamespaceCreationWithContext()" classname="de.uka.ilkd.key.rule.TestCollisionResolving" time="0.004"/>
  <testcase name="testCollisionResolvingOfSchemaVariable()" classname="de.uka.ilkd.key.rule.TestCollisionResolving" time="0.003"/>
  <testcase name="testNameConflictWithContextAfterInput()" classname="de.uka.ilkd.key.rule.TestCollisionResolving" time="0.003"/>
  <testcase name="testCollisionResolvingWithContext()" classname="de.uka.ilkd.key.rule.TestCollisionResolving" time="0.002"/>
  <system-out><![CDATA[]]></system-out>
  <system-err><![CDATA[]]></system-err>
</testsuite>
