<?xml version="1.0" encoding="UTF-8"?>
<testsuite name="de.uka.ilkd.key.proof.TestOneStepSimplifier" tests="1" skipped="0" failures="0" errors="0" timestamp="2023-06-05T13:11:31" hostname="fv-az577-709" time="6.283">
  <properties/>
  <testcase name="loadWithRestriction()" classname="de.uka.ilkd.key.proof.TestOneStepSimplifier" time="6.283"/>
  <system-out><![CDATA[734094     INFO  Test worker     d.u.i.k.p.i.AbstractProblemLoader Loading environment from src/test/resources/testcase/ossRestriction.proof 
734094     DEBUG Test worker     d.u.i.k.p.i.AbstractProblemLoader Environment load took 99.6ns 
734095     INFO  Test worker     d.u.i.k.p.i.AbstractProblemLoader Creating init config 
734315     DEBUG Test worker     d.u.i.k.j.TypeConverter   No LDT found for Meta 
734316     DEBUG Test worker     d.u.i.k.j.TypeConverter   No LDT found for Meta 
734317     DEBUG Test worker     d.u.i.k.j.TypeConverter   No LDT found for Meta 
734317     DEBUG Test worker     d.u.i.k.j.TypeConverter   No LDT found for Meta 
735145     DEBUG Test worker     d.u.i.k.j.TypeConverter   No LDT found for JavaBigintExpression 
740342     DEBUG Test worker     d.u.i.k.p.i.AbstractProblemLoader Init config took 6.25s 
740371     INFO  Test worker     d.u.i.k.p.i.AbstractProblemLoader Replaying proof ossRestriction.proof 
740376     DEBUG Test worker     d.u.i.k.p.i.IntermediateProofReplayer Proof replay took 1.02ms 
]]></system-out>
  <system-err><![CDATA[]]></system-err>
</testsuite>
