<?xml version="1.0" encoding="UTF-8"?>
<testsuite name="de.uka.ilkd.key.parser.TestTermParserSorts" tests="2" skipped="0" failures="0" errors="0" timestamp="2023-06-05T13:11:26" hostname="fv-az577-709" time="4.801">
  <properties/>
  <testcase name="testParseIntegerArgs()" classname="de.uka.ilkd.key.parser.TestTermParserSorts" time="0.017"/>
  <testcase name="testParseSequencePrettySyntax()" classname="de.uka.ilkd.key.parser.TestTermParserSorts" time="0.003"/>
  <system-out><![CDATA[729264     INFO  Test worker     d.u.i.k.n.KeyIO           Parsing took 0 ms 
729264     DEBUG Test worker     d.u.i.k.n.KeyIO           Load declarations of de.uka.ilkd.key.nparser.KeyAst$File:  <unknown>:1#1 
729265     INFO  Test worker     d.u.i.k.n.KeyIO           MODE: declarations took 1 ms 
729265     DEBUG Test worker     d.u.i.k.n.KeyIO           MODE: 2nd degree decls took 0 
729265     INFO  Test worker     d.u.i.k.n.KeyIO           Parsing took 0 ms 
729265     DEBUG Test worker     d.u.i.k.n.KeyIO           Load declarations of de.uka.ilkd.key.nparser.KeyAst$File:  <unknown>:1#1 
729265     INFO  Test worker     d.u.i.k.n.KeyIO           MODE: declarations took 0 ms 
729265     DEBUG Test worker     d.u.i.k.n.KeyIO           MODE: 2nd degree decls took 0 
729265     INFO  Test worker     d.u.i.k.n.KeyIO           Parsing took 0 ms 
729265     DEBUG Test worker     d.u.i.k.n.KeyIO           Load declarations of de.uka.ilkd.key.nparser.KeyAst$File:  <unknown>:1#1 
729265     INFO  Test worker     d.u.i.k.n.KeyIO           MODE: declarations took 0 ms 
729265     DEBUG Test worker     d.u.i.k.n.KeyIO           MODE: 2nd degree decls took 0 
734062     INFO  Test worker     d.u.i.k.n.KeyIO           Parsing took 0 ms 
734062     DEBUG Test worker     d.u.i.k.n.KeyIO           Load declarations of de.uka.ilkd.key.nparser.KeyAst$File:  <unknown>:1#1 
734062     INFO  Test worker     d.u.i.k.n.KeyIO           MODE: declarations took 0 ms 
734062     DEBUG Test worker     d.u.i.k.n.KeyIO           MODE: 2nd degree decls took 0 
734062     INFO  Test worker     d.u.i.k.n.KeyIO           Parsing took 0 ms 
734062     DEBUG Test worker     d.u.i.k.n.KeyIO           Load declarations of de.uka.ilkd.key.nparser.KeyAst$File:  <unknown>:1#1 
734062     INFO  Test worker     d.u.i.k.n.KeyIO           MODE: declarations took 0 ms 
734062     DEBUG Test worker     d.u.i.k.n.KeyIO           MODE: 2nd degree decls took 0 
734062     INFO  Test worker     d.u.i.k.n.KeyIO           Parsing took 0 ms 
734062     DEBUG Test worker     d.u.i.k.n.KeyIO           Load declarations of de.uka.ilkd.key.nparser.KeyAst$File:  <unknown>:1#1 
734062     INFO  Test worker     d.u.i.k.n.KeyIO           MODE: declarations took 0 ms 
734062     DEBUG Test worker     d.u.i.k.n.KeyIO           MODE: 2nd degree decls took 0 
]]></system-out>
  <system-err><![CDATA[]]></system-err>
</testsuite>
