<?xml version="1.0" encoding="UTF-8"?>
<testsuite name="de.uka.ilkd.key.java.TestContextStatementBlock" tests="1" skipped="0" failures="0" errors="0" timestamp="2023-06-05T12:59:54" hostname="fv-az577-709" time="2.045">
  <properties/>
  <testcase name="testContextTermInstantiation()" classname="de.uka.ilkd.key.java.TestContextStatementBlock" time="2.045"/>
  <system-out><![CDATA[39456      INFO  Test worker     d.u.i.k.n.KeyIO           Parsing took 7 ms 
39456      DEBUG Test worker     d.u.i.k.n.KeyIO           Load declarations of de.uka.ilkd.key.nparser.KeyAst$File:  /home/runner/work/key/key/key.core/src/test/resources/testcase/testrules.key:9#1 
39470      INFO  Test worker     d.u.i.k.n.KeyIO           MODE: declarations took 14 ms 
39471      DEBUG Test worker     d.u.i.k.n.KeyIO           MODE: 2nd degree decls took 0 
39641      DEBUG Test worker     d.u.i.k.n.KeyIO           MODE: taclets took 169ms 
]]></system-out>
  <system-err><![CDATA[]]></system-err>
</testsuite>
