<?xml version="1.0" encoding="UTF-8"?>
<testsuite name="de.uka.ilkd.key.proof.runallproofs.RunAllProofsFunctional" tests="34" skipped="0" failures="0" errors="0" timestamp="2023-05-24T08:34:49" hostname="fv-az301-488" time="6270.238">
  <properties/>
  <testcase name="newBook" classname="de.uka.ilkd.key.proof.runallproofs.RunAllProofsFunctional" time="73.101"/>
  <testcase name="oldBook" classname="de.uka.ilkd.key.proof.runallproofs.RunAllProofsFunctional" time="21.002"/>
  <testcase name="comprehensions" classname="de.uka.ilkd.key.proof.runallproofs.RunAllProofsFunctional" time="76.055"/>
  <testcase name="performance" classname="de.uka.ilkd.key.proof.runallproofs.RunAllProofsFunctional" time="258.194"/>
  <testcase name="performancePOConstruction" classname="de.uka.ilkd.key.proof.runallproofs.RunAllProofsFunctional" time="88.933"/>
  <testcase name="applicationRestrictions" classname="de.uka.ilkd.key.proof.runallproofs.RunAllProofsFunctional" time="62.109"/>
  <testcase name="blockContracts" classname="de.uka.ilkd.key.proof.runallproofs.RunAllProofsFunctional" time="166.708"/>
  <testcase name="jmlAsserts" classname="de.uka.ilkd.key.proof.runallproofs.RunAllProofsFunctional" time="108.162"/>
  <testcase name="javaCard" classname="de.uka.ilkd.key.proof.runallproofs.RunAllProofsFunctional" time="158.339"/>
  <testcase name="list" classname="de.uka.ilkd.key.proof.runallproofs.RunAllProofsFunctional" time="309.458"/>
  <testcase name="list_ghost" classname="de.uka.ilkd.key.proof.runallproofs.RunAllProofsFunctional" time="77.486"/>
  <testcase name="list_recursive" classname="de.uka.ilkd.key.proof.runallproofs.RunAllProofsFunctional" time="26.712"/>
  <testcase name="list_seq" classname="de.uka.ilkd.key.proof.runallproofs.RunAllProofsFunctional" time="205.621"/>
  <testcase name="observer" classname="de.uka.ilkd.key.proof.runallproofs.RunAllProofsFunctional" time="117.432"/>
  <testcase name="removeDups" classname="de.uka.ilkd.key.proof.runallproofs.RunAllProofsFunctional" time="169.011"/>
  <testcase name="quicksort" classname="de.uka.ilkd.key.proof.runallproofs.RunAllProofsFunctional" time="125.132"/>
  <testcase name="simpleTests" classname="de.uka.ilkd.key.proof.runallproofs.RunAllProofsFunctional" time="191.828"/>
  <testcase name="SmansEtAl" classname="de.uka.ilkd.key.proof.runallproofs.RunAllProofsFunctional" time="237.624"/>
  <testcase name="VACID0" classname="de.uka.ilkd.key.proof.runallproofs.RunAllProofsFunctional" time="90.342"/>
  <testcase name="VSTTE10" classname="de.uka.ilkd.key.proof.runallproofs.RunAllProofsFunctional" time="216.362"/>
  <testcase name="WeideEtAl" classname="de.uka.ilkd.key.proof.runallproofs.RunAllProofsFunctional" time="32.875"/>
  <testcase name="arithmetic" classname="de.uka.ilkd.key.proof.runallproofs.RunAllProofsFunctional" time="587.025"/>
  <testcase name="arrays" classname="de.uka.ilkd.key.proof.runallproofs.RunAllProofsFunctional" time="69.675"/>
  <testcase name="javadl" classname="de.uka.ilkd.key.proof.runallproofs.RunAllProofsFunctional" time="752.631"/>
  <testcase name="FOL" classname="de.uka.ilkd.key.proof.runallproofs.RunAllProofsFunctional" time="319.399"/>
  <testcase name="strings" classname="de.uka.ilkd.key.proof.runallproofs.RunAllProofsFunctional" time="171.566"/>
  <testcase name="simple_info_flow" classname="de.uka.ilkd.key.proof.runallproofs.RunAllProofsFunctional" time="15.78"/>
  <testcase name="modelMethods" classname="de.uka.ilkd.key.proof.runallproofs.RunAllProofsFunctional" time="214.033"/>
  <testcase name="permissionHeap" classname="de.uka.ilkd.key.proof.runallproofs.RunAllProofsFunctional" time="972.628"/>
  <testcase name="completionScopes" classname="de.uka.ilkd.key.proof.runallproofs.RunAllProofsFunctional" time="57.881"/>
  <testcase name="reload_examples" classname="de.uka.ilkd.key.proof.runallproofs.RunAllProofsFunctional" time="51.615"/>
  <testcase name="proofLoadRepair" classname="de.uka.ilkd.key.proof.runallproofs.RunAllProofsFunctional" time="22.937"/>
  <testcase name="switch" classname="de.uka.ilkd.key.proof.runallproofs.RunAllProofsFunctional" time="73.139"/>
  <testcase name="redux" classname="de.uka.ilkd.key.proof.runallproofs.RunAllProofsFunctional" time="149.423"/>
  <system-out><![CDATA[615        INFO  Test worker     d.u.i.k.p.r.RunAllProofsTestUnit Running test newBook 
468        INFO  Timeout watchdog d.u.i.k.p.r.p.ForkedTestFileRunner Timeout watcher launched (2000 secs.) 
476        WARN  main            d.u.i.k.s.ProofSettings   No proof-settings could be loaded, using defaults java.io.FileNotFoundException: /home/runner/.key/proof-settings.props (No such file or directory)
	at java.base/java.io.FileInputStream.open0(Native Method)

513        INFO  main            d.u.i.k.p.r.p.TestFile    Now processing file /home/runner/work/key/key/key.core/../key.ui/examples/newBook/09.list_modelfield/ArrayList.add.key 
683        INFO  main            d.u.i.k.p.i.AbstractProblemLoader Loading environment from /home/runner/work/key/key/key.core/../key.ui/examples/newBook/09.list_modelfield/ArrayList.add.key 
705        DEBUG main            d.u.i.k.p.i.AbstractProblemLoader Environment load took 2.63ms 
980        INFO  main            d.u.i.k.p.i.AbstractProblemLoader Creating init config 
2033       DEBUG main            d.u.i.k.j.TypeConverter   No LDT found for Meta 
2033       DEBUG main            d.u.i.k.j.TypeConverter   No LDT found for Meta 
2038       DEBUG main            d.u.i.k.j.TypeConverter   No LDT found for Meta 
2038       DEBUG main            d.u.i.k.j.TypeConverter   No LDT found for Meta 
3732       DEBUG main            d.u.i.k.j.TypeConverter   No LDT found for JavaBigintExpression 
10170      DEBUG main            d.u.i.k.p.i.AbstractProblemLoader Init config took 9.19s 
10403      INFO  main            d.u.i.k.p.i.AbstractProblemLoader Replaying proof ArrayList[List::add(int)].JML normal_behavior operation contract.0 
10444      DEBUG main            d.u.i.k.p.i.IntermediateProofReplayer Proof replay took 35ns 
30990      INFO  main            d.u.i.k.p.r.p.TestFile    ... finished proof: closed. 
31253      INFO  main            d.u.i.k.p.i.AbstractProblemLoader Loading environment from /home/runner/work/key/key/key.core/../key.ui/examples/newBook/09.list_modelfield/ArrayList.add.key.proof 
31253      DEBUG main            d.u.i.k.p.i.AbstractProblemLoader Environment load took 590.81ns 
31260      INFO  main            d.u.i.k.p.i.AbstractProblemLoader Creating init config 
34691      DEBUG main            d.u.i.k.p.i.AbstractProblemLoader Init config took 3.43s 
34771      INFO  main            d.u.i.k.p.i.AbstractProblemLoader Replaying proof ArrayList[List::add(int)].JML normal_behavior operation contract.0 
36335      DEBUG main            d.u.i.k.p.i.IntermediateProofReplayer Proof replay took 1.5s 
36348      DEBUG main            d.u.i.k.p.r.p.TestFile    ... success: reloaded. 
36350      INFO  main            d.u.i.k.p.r.p.TestFile    Now processing file /home/runner/work/key/key/key.core/../key.ui/examples/newBook/09.list_modelfield/ArrayList.remFirst.key 
36351      INFO  main            d.u.i.k.p.i.AbstractProblemLoader Loading environment from /home/runner/work/key/key/key.core/../key.ui/examples/newBook/09.list_modelfield/ArrayList.remFirst.key 
36352      DEBUG main            d.u.i.k.p.i.AbstractProblemLoader Environment load took 477.31ns 
36353      INFO  main            d.u.i.k.p.i.AbstractProblemLoader Creating init config 
39780      DEBUG main            d.u.i.k.p.i.AbstractProblemLoader Init config took 3.43s 
39845      INFO  main            d.u.i.k.p.i.AbstractProblemLoader Replaying proof ArrayList[List::remFirst()].JML normal_behavior operation contract.0 
39848      DEBUG main            d.u.i.k.p.i.IntermediateProofReplayer Proof replay took 15ns 
44925      INFO  main            d.u.i.k.p.r.p.TestFile    ... finished proof: closed. 
45150      INFO  main            d.u.i.k.p.i.AbstractProblemLoader Loading environment from /home/runner/work/key/key/key.core/../key.ui/examples/newBook/09.list_modelfield/ArrayList.remFirst.key.proof 
45150      DEBUG main            d.u.i.k.p.i.AbstractProblemLoader Environment load took 135.1ns 
45155      INFO  main            d.u.i.k.p.i.AbstractProblemLoader Creating init config 
48395      DEBUG main            d.u.i.k.p.i.AbstractProblemLoader Init config took 3.24s 
48453      INFO  main            d.u.i.k.p.i.AbstractProblemLoader Replaying proof ArrayList[List::remFirst()].JML normal_behavior operation contract.0 
49196      DEBUG main            d.u.i.k.p.i.IntermediateProofReplayer Proof replay took 724.51ms 
49198      DEBUG main            d.u.i.k.p.r.p.TestFile    ... success: reloaded. 
49200      INFO  main            d.u.i.k.p.r.p.TestFile    Now processing file /home/runner/work/key/key/key.core/../key.ui/examples/newBook/09.list_modelfield/ArrayList.empty.key 
49201      INFO  main            d.u.i.k.p.i.AbstractProblemLoader Loading environment from /home/runner/work/key/key/key.core/../key.ui/examples/newBook/09.list_modelfield/ArrayList.empty.key 
49201      DEBUG main            d.u.i.k.p.i.AbstractProblemLoader Environment load took 462.61ns 
49203      INFO  main            d.u.i.k.p.i.AbstractProblemLoader Creating init config 
52546      DEBUG main            d.u.i.k.p.i.AbstractProblemLoader Init config took 3.34s 
52603      INFO  main            d.u.i.k.p.i.AbstractProblemLoader Replaying proof ArrayList[List::empty()].JML normal_behavior operation contract.0 
52605      DEBUG main            d.u.i.k.p.i.IntermediateProofReplayer Proof replay took 6.5ns 
53710      INFO  main            d.u.i.k.p.r.p.TestFile    ... finished proof: closed. 
53886      INFO  main            d.u.i.k.p.i.AbstractProblemLoader Loading environment from /home/runner/work/key/key/key.core/../key.ui/examples/newBook/09.list_modelfield/ArrayList.empty.key.proof 
53886      DEBUG main            d.u.i.k.p.i.AbstractProblemLoader Environment load took 140ns 
53888      INFO  main            d.u.i.k.p.i.AbstractProblemLoader Creating init config 
57121      DEBUG main            d.u.i.k.p.i.AbstractProblemLoader Init config took 3.23s 
57179      INFO  main            d.u.i.k.p.i.AbstractProblemLoader Replaying proof ArrayList[List::empty()].JML normal_behavior operation contract.0 
57333      DEBUG main            d.u.i.k.p.i.IntermediateProofReplayer Proof replay took 146.01ms 
57335      DEBUG main            d.u.i.k.p.r.p.TestFile    ... success: reloaded. 
57336      INFO  main            d.u.i.k.p.r.p.TestFile    Now processing file /home/runner/work/key/key/key.core/../key.ui/examples/newBook/09.list_modelfield/ArrayList.size.key 
57336      INFO  main            d.u.i.k.p.i.AbstractProblemLoader Loading environment from /home/runner/work/key/key/key.core/../key.ui/examples/newBook/09.list_modelfield/ArrayList.size.key 
57336      DEBUG main            d.u.i.k.p.i.AbstractProblemLoader Environment load took 68.3ns 
57337      INFO  main            d.u.i.k.p.i.AbstractProblemLoader Creating init config 
60532      DEBUG main            d.u.i.k.p.i.AbstractProblemLoader Init config took 3.19s 
60615      INFO  main            d.u.i.k.p.i.AbstractProblemLoader Replaying proof ArrayList[List::size()].JML normal_behavior operation contract.0 
60617      DEBUG main            d.u.i.k.p.i.IntermediateProofReplayer Proof replay took 6.4ns 
61122      INFO  main            d.u.i.k.p.r.p.TestFile    ... finished proof: closed. 
61424      INFO  main            d.u.i.k.p.i.AbstractProblemLoader Loading environment from /home/runner/work/key/key/key.core/../key.ui/examples/newBook/09.list_modelfield/ArrayList.size.key.proof 
61425      DEBUG main            d.u.i.k.p.i.AbstractProblemLoader Environment load took 826.82ns 
61426      INFO  main            d.u.i.k.p.i.AbstractProblemLoader Creating init config 
64634      DEBUG main            d.u.i.k.p.i.AbstractProblemLoader Init config took 3.21s 
64687      INFO  main            d.u.i.k.p.i.AbstractProblemLoader Replaying proof ArrayList[List::size()].JML normal_behavior operation contract.0 
64754      DEBUG main            d.u.i.k.p.i.IntermediateProofReplayer Proof replay took 62.65ms 
64755      DEBUG main            d.u.i.k.p.r.p.TestFile    ... success: reloaded. 
64756      INFO  main            d.u.i.k.p.r.p.TestFile    Now processing file /home/runner/work/key/key/key.core/../key.ui/examples/newBook/09.list_modelfield/ArrayList.get.key 
64756      INFO  main            d.u.i.k.p.i.AbstractProblemLoader Loading environment from /home/runner/work/key/key/key.core/../key.ui/examples/newBook/09.list_modelfield/ArrayList.get.key 
64756      DEBUG main            d.u.i.k.p.i.AbstractProblemLoader Environment load took 70.4ns 
64757      INFO  main            d.u.i.k.p.i.AbstractProblemLoader Creating init config 
68062      DEBUG main            d.u.i.k.p.i.AbstractProblemLoader Init config took 3.3s 
68117      INFO  main            d.u.i.k.p.i.AbstractProblemLoader Replaying proof ArrayList[List::get(int)].JML normal_behavior operation contract.0 
68119      DEBUG main            d.u.i.k.p.i.IntermediateProofReplayer Proof replay took 6.7ns 
69224      INFO  main            d.u.i.k.p.r.p.TestFile    ... finished proof: closed. 
69433      INFO  main            d.u.i.k.p.i.AbstractProblemLoader Loading environment from /home/runner/work/key/key/key.core/../key.ui/examples/newBook/09.list_modelfield/ArrayList.get.key.proof 
69439      DEBUG main            d.u.i.k.p.i.AbstractProblemLoader Environment load took 6.2ms 
69442      INFO  main            d.u.i.k.p.i.AbstractProblemLoader Creating init config 
72676      DEBUG main            d.u.i.k.p.i.AbstractProblemLoader Init config took 3.23s 
72728      INFO  main            d.u.i.k.p.i.AbstractProblemLoader Replaying proof ArrayList[List::get(int)].JML normal_behavior operation contract.0 
72851      DEBUG main            d.u.i.k.p.i.IntermediateProofReplayer Proof replay took 117.91ms 
72853      DEBUG main            d.u.i.k.p.r.p.TestFile    ... success: reloaded. 
73709      INFO  Test worker     d.u.i.k.p.r.RunAllProofsTestUnit Returning from test newBook 
73714      INFO  Test worker     d.u.i.k.p.r.RunAllProofsTestUnit Running test oldBook 
393        INFO  Timeout watchdog d.u.i.k.p.r.p.ForkedTestFileRunner Timeout watcher launched (2000 secs.) 
406        WARN  main            d.u.i.k.s.ProofSettings   The settings in /home/runner/.key/proof-settings.props are *not* read. 
460        INFO  main            d.u.i.k.p.r.p.TestFile    Now processing file /home/runner/work/key/key/key.core/../key.ui/examples/standard_key/BookExamples/02FirstOrderLogic/Ex2.58.key 
610        INFO  main            d.u.i.k.p.i.AbstractProblemLoader Loading environment from /home/runner/work/key/key/key.core/../key.ui/examples/standard_key/BookExamples/02FirstOrderLogic/Ex2.58.key 
630        DEBUG main            d.u.i.k.p.i.AbstractProblemLoader Environment load took 2.53ms 
927        INFO  main            d.u.i.k.p.i.AbstractProblemLoader Creating init config 
2181       DEBUG main            d.u.i.k.j.TypeConverter   No LDT found for Meta 
2181       DEBUG main            d.u.i.k.j.TypeConverter   No LDT found for Meta 
2182       DEBUG main            d.u.i.k.j.TypeConverter   No LDT found for Meta 
2182       DEBUG main            d.u.i.k.j.TypeConverter   No LDT found for Meta 
4126       DEBUG main            d.u.i.k.j.TypeConverter   No LDT found for JavaBigintExpression 
10154      DEBUG main            d.u.i.k.p.i.AbstractProblemLoader Init config took 9.23s 
10256      INFO  main            d.u.i.k.p.i.AbstractProblemLoader Replaying proof Ex2.58.key 
10293      DEBUG main            d.u.i.k.p.i.IntermediateProofReplayer Proof replay took 40.3ns 
10471      INFO  main            d.u.i.k.p.r.p.TestFile    ... finished proof: closed. 
10646      INFO  main            d.u.i.k.p.i.AbstractProblemLoader Loading environment from /home/runner/work/key/key/key.core/../key.ui/examples/standard_key/BookExamples/02FirstOrderLogic/Ex2.58.key.proof 
10649      DEBUG main            d.u.i.k.p.i.AbstractProblemLoader Environment load took 2.84ms 
10654      INFO  main            d.u.i.k.p.i.AbstractProblemLoader Creating init config 
13838      DEBUG main            d.u.i.k.p.i.AbstractProblemLoader Init config took 3.18s 
13887      INFO  main            d.u.i.k.p.i.AbstractProblemLoader Replaying proof Ex2.58.key.proof 
13895      DEBUG main            d.u.i.k.p.i.IntermediateProofReplayer Proof replay took 3.79ms 
13907      DEBUG main            d.u.i.k.p.r.p.TestFile    ... success: reloaded. 
13908      INFO  main            d.u.i.k.p.r.p.TestFile    Now processing file /home/runner/work/key/key/key.core/../key.ui/examples/standard_key/BookExamples/03DynamicLogic/Sect3.3.1.key 
13908      INFO  main            d.u.i.k.p.i.AbstractProblemLoader Loading environment from /home/runner/work/key/key/key.core/../key.ui/examples/standard_key/BookExamples/03DynamicLogic/Sect3.3.1.key 
13908      DEBUG main            d.u.i.k.p.i.AbstractProblemLoader Environment load took 84.5ns 
13910      INFO  main            d.u.i.k.p.i.AbstractProblemLoader Creating init config 
16879      DEBUG main            d.u.i.k.p.i.AbstractProblemLoader Init config took 2.97s 
16914      INFO  main            d.u.i.k.p.i.AbstractProblemLoader Replaying proof Sect3.3.1.key 
16919      DEBUG main            d.u.i.k.p.i.IntermediateProofReplayer Proof replay took 7.2ns 
17528      INFO  main            d.u.i.k.p.r.p.TestFile    ... finished proof: closed. 
17789      INFO  main            d.u.i.k.p.i.AbstractProblemLoader Loading environment from /home/runner/work/key/key/key.core/../key.ui/examples/standard_key/BookExamples/03DynamicLogic/Sect3.3.1.key.proof 
17790      DEBUG main            d.u.i.k.p.i.AbstractProblemLoader Environment load took 144.6ns 
17791      INFO  main            d.u.i.k.p.i.AbstractProblemLoader Creating init config 
20662      DEBUG main            d.u.i.k.p.i.AbstractProblemLoader Init config took 2.87s 
20731      INFO  main            d.u.i.k.p.i.AbstractProblemLoader Replaying proof Sect3.3.1.key.proof 
20800      DEBUG main            d.u.i.k.p.i.IntermediateProofReplayer Proof replay took 63.75ms 
20802      DEBUG main            d.u.i.k.p.r.p.TestFile    ... success: reloaded. 
94714      INFO  Test worker     d.u.i.k.p.r.RunAllProofsTestUnit Returning from test oldBook 
94716      INFO  Test worker     d.u.i.k.p.r.RunAllProofsTestUnit Running test comprehensions 
433        INFO  Timeout watchdog d.u.i.k.p.r.p.ForkedTestFileRunner Timeout watcher launched (2000 secs.) 
449        WARN  main            d.u.i.k.s.ProofSettings   The settings in /home/runner/.key/proof-settings.props are *not* read. 
489        INFO  main            d.u.i.k.p.r.p.TestFile    Now processing file /home/runner/work/key/key/key.core/../key.ui/examples/heap/comprehensions/general_sum.key 
631        INFO  main            d.u.i.k.p.i.AbstractProblemLoader Loading environment from /home/runner/work/key/key/key.core/../key.ui/examples/heap/comprehensions/general_sum.key 
664        DEBUG main            d.u.i.k.p.i.AbstractProblemLoader Environment load took 2.64ms 
969        INFO  main            d.u.i.k.p.i.AbstractProblemLoader Creating init config 
2124       DEBUG main            d.u.i.k.j.TypeConverter   No LDT found for Meta 
2124       DEBUG main            d.u.i.k.j.TypeConverter   No LDT found for Meta 
2126       DEBUG main            d.u.i.k.j.TypeConverter   No LDT found for Meta 
2126       DEBUG main            d.u.i.k.j.TypeConverter   No LDT found for Meta 
3503       DEBUG main            d.u.i.k.j.TypeConverter   No LDT found for JavaBigintExpression 
9329       DEBUG main            d.u.i.k.p.i.AbstractProblemLoader Init config took 8.36s 
9492       INFO  main            d.u.i.k.p.i.AbstractProblemLoader Replaying proof GSum[GSum::doNothing()].JML operation contract.0 
9531       DEBUG main            d.u.i.k.p.i.IntermediateProofReplayer Proof replay took 37.3ns 
9982       INFO  main            d.u.i.k.p.r.p.TestFile    ... finished proof: closed. 
10100      INFO  main            d.u.i.k.p.i.AbstractProblemLoader Loading environment from /home/runner/work/key/key/key.core/../key.ui/examples/heap/comprehensions/general_sum.key.proof 
10101      DEBUG main            d.u.i.k.p.i.AbstractProblemLoader Environment load took 153.3ns 
10103      INFO  main            d.u.i.k.p.i.AbstractProblemLoader Creating init config 
13368      DEBUG main            d.u.i.k.p.i.AbstractProblemLoader Init config took 3.26s 
13435      INFO  main            d.u.i.k.p.i.AbstractProblemLoader Replaying proof GSum[GSum::doNothing()].JML operation contract.0 
13453      DEBUG main            d.u.i.k.p.i.IntermediateProofReplayer Proof replay took 13.43ms 
13461      DEBUG main            d.u.i.k.p.r.p.TestFile    ... success: reloaded. 
13462      INFO  main            d.u.i.k.p.r.p.TestFile    Now processing file /home/runner/work/key/key/key.core/../key.ui/examples/heap/comprehensions/sum0.key 
13463      INFO  main            d.u.i.k.p.i.AbstractProblemLoader Loading environment from /home/runner/work/key/key/key.core/../key.ui/examples/heap/comprehensions/sum0.key 
13464      DEBUG main            d.u.i.k.p.i.AbstractProblemLoader Environment load took 111.7ns 
13465      INFO  main            d.u.i.k.p.i.AbstractProblemLoader Creating init config 
16608      DEBUG main            d.u.i.k.p.i.AbstractProblemLoader Init config took 3.14s 
16670      INFO  main            d.u.i.k.p.i.AbstractProblemLoader Replaying proof Sum[Sum::sum0([I)].JML normal_behavior operation contract.0 
16674      DEBUG main            d.u.i.k.p.i.IntermediateProofReplayer Proof replay took 7.8ns 
16786      DEBUG Thread-4        d.u.i.k.l.l.OriginTermLabel commonFileName is null! 
16786      DEBUG Thread-4        d.u.i.k.l.l.OriginTermLabel commonFileName is null! 
17098      DEBUG Thread-4        d.u.i.k.l.l.OriginTermLabel commonFileName is null! 
17099      DEBUG Thread-4        d.u.i.k.l.l.OriginTermLabel commonFileName is null! 
17333      DEBUG Thread-4        d.u.i.k.l.l.OriginTermLabel commonFileName is null! 
17584      INFO  main            d.u.i.k.p.r.p.TestFile    ... finished proof: closed. 
17750      INFO  main            d.u.i.k.p.i.AbstractProblemLoader Loading environment from /home/runner/work/key/key/key.core/../key.ui/examples/heap/comprehensions/sum0.key.proof 
17750      DEBUG main            d.u.i.k.p.i.AbstractProblemLoader Environment load took 142.6ns 
17754      INFO  main            d.u.i.k.p.i.AbstractProblemLoader Creating init config 
20966      DEBUG main            d.u.i.k.p.i.AbstractProblemLoader Init config took 3.21s 
21031      INFO  main            d.u.i.k.p.i.AbstractProblemLoader Replaying proof Sum[Sum::sum0([I)].JML normal_behavior operation contract.0 
21087      DEBUG main            d.u.i.k.l.l.OriginTermLabel commonFileName is null! 
21087      DEBUG main            d.u.i.k.l.l.OriginTermLabel commonFileName is null! 
21170      DEBUG main            d.u.i.k.l.l.OriginTermLabel commonFileName is null! 
21227      DEBUG main            d.u.i.k.l.l.OriginTermLabel commonFileName is null! 
21227      DEBUG main            d.u.i.k.l.l.OriginTermLabel commonFileName is null! 
21230      DEBUG main            d.u.i.k.p.i.IntermediateProofReplayer Proof replay took 193.57ms 
21232      DEBUG main            d.u.i.k.p.r.p.TestFile    ... success: reloaded. 
21234      INFO  main            d.u.i.k.p.r.p.TestFile    Now processing file /home/runner/work/key/key/key.core/../key.ui/examples/heap/comprehensions/sum1.key 
21234      INFO  main            d.u.i.k.p.i.AbstractProblemLoader Loading environment from /home/runner/work/key/key/key.core/../key.ui/examples/heap/comprehensions/sum1.key 
21235      DEBUG main            d.u.i.k.p.i.AbstractProblemLoader Environment load took 413.41ns 
21237      INFO  main            d.u.i.k.p.i.AbstractProblemLoader Creating init config 
24244      DEBUG main            d.u.i.k.p.i.AbstractProblemLoader Init config took 3.01s 
24312      INFO  main            d.u.i.k.p.i.AbstractProblemLoader Replaying proof Sum[Sum::sum1([I)].JML normal_behavior operation contract.0 
24314      DEBUG main            d.u.i.k.p.i.IntermediateProofReplayer Proof replay took 5.7ns 
24372      DEBUG Thread-7        d.u.i.k.l.l.OriginTermLabel commonFileName is null! 
24373      DEBUG Thread-7        d.u.i.k.l.l.OriginTermLabel commonFileName is null! 
24524      DEBUG Thread-7        d.u.i.k.l.l.OriginTermLabel commonFileName is null! 
24525      DEBUG Thread-7        d.u.i.k.l.l.OriginTermLabel commonFileName is null! 
24659      DEBUG Thread-7        d.u.i.k.l.l.OriginTermLabel commonFileName is null! 
24921      INFO  main            d.u.i.k.p.r.p.TestFile    ... finished proof: closed. 
25120      INFO  main            d.u.i.k.p.i.AbstractProblemLoader Loading environment from /home/runner/work/key/key/key.core/../key.ui/examples/heap/comprehensions/sum1.key.proof 
25125      DEBUG main            d.u.i.k.p.i.AbstractProblemLoader Environment load took 4.93ms 
25127      INFO  main            d.u.i.k.p.i.AbstractProblemLoader Creating init config 
28150      DEBUG main            d.u.i.k.p.i.AbstractProblemLoader Init config took 3.02s 
28200      INFO  main            d.u.i.k.p.i.AbstractProblemLoader Replaying proof Sum[Sum::sum1([I)].JML normal_behavior operation contract.0 
28234      DEBUG main            d.u.i.k.l.l.OriginTermLabel commonFileName is null! 
28237      DEBUG main            d.u.i.k.l.l.OriginTermLabel commonFileName is null! 
28300      DEBUG main            d.u.i.k.l.l.OriginTermLabel commonFileName is null! 
28361      DEBUG main            d.u.i.k.l.l.OriginTermLabel commonFileName is null! 
28362      DEBUG main            d.u.i.k.l.l.OriginTermLabel commonFileName is null! 
28365      DEBUG main            d.u.i.k.p.i.IntermediateProofReplayer Proof replay took 159.58ms 
28366      DEBUG main            d.u.i.k.p.r.p.TestFile    ... success: reloaded. 
28367      INFO  main            d.u.i.k.p.r.p.TestFile    Now processing file /home/runner/work/key/key/key.core/../key.ui/examples/heap/comprehensions/sum2.key 
28368      INFO  main            d.u.i.k.p.i.AbstractProblemLoader Loading environment from /home/runner/work/key/key/key.core/../key.ui/examples/heap/comprehensions/sum2.key 
28368      DEBUG main            d.u.i.k.p.i.AbstractProblemLoader Environment load took 393.81ns 
28370      INFO  main            d.u.i.k.p.i.AbstractProblemLoader Creating init config 
31367      DEBUG main            d.u.i.k.p.i.AbstractProblemLoader Init config took 3s 
31425      INFO  main            d.u.i.k.p.i.AbstractProblemLoader Replaying proof Sum[Sum::sum2([I)].JML normal_behavior operation contract.0 
31429      DEBUG main            d.u.i.k.p.i.IntermediateProofReplayer Proof replay took 7ns 
31479      DEBUG Thread-10       d.u.i.k.l.l.OriginTermLabel commonFileName is null! 
31480      DEBUG Thread-10       d.u.i.k.l.l.OriginTermLabel commonFileName is null! 
31599      DEBUG Thread-10       d.u.i.k.l.l.OriginTermLabel commonFileName is null! 
31601      DEBUG Thread-10       d.u.i.k.l.l.OriginTermLabel commonFileName is null! 
31722      DEBUG Thread-10       d.u.i.k.l.l.OriginTermLabel commonFileName is null! 
31832      INFO  main            d.u.i.k.p.r.p.TestFile    ... finished proof: closed. 
32021      INFO  main            d.u.i.k.p.i.AbstractProblemLoader Loading environment from /home/runner/work/key/key/key.core/../key.ui/examples/heap/comprehensions/sum2.key.proof 
32021      DEBUG main            d.u.i.k.p.i.AbstractProblemLoader Environment load took 142.6ns 
32022      INFO  main            d.u.i.k.p.i.AbstractProblemLoader Creating init config 
35060      DEBUG main            d.u.i.k.p.i.AbstractProblemLoader Init config took 3.04s 
35132      INFO  main            d.u.i.k.p.i.AbstractProblemLoader Replaying proof Sum[Sum::sum2([I)].JML normal_behavior operation contract.0 
35168      DEBUG main            d.u.i.k.l.l.OriginTermLabel commonFileName is null! 
35169      DEBUG main            d.u.i.k.l.l.OriginTermLabel commonFileName is null! 
35215      DEBUG main            d.u.i.k.l.l.OriginTermLabel commonFileName is null! 
35253      DEBUG main            d.u.i.k.l.l.OriginTermLabel commonFileName is null! 
35254      DEBUG main            d.u.i.k.l.l.OriginTermLabel commonFileName is null! 
35257      DEBUG main            d.u.i.k.p.i.IntermediateProofReplayer Proof replay took 119.91ms 
35259      DEBUG main            d.u.i.k.p.r.p.TestFile    ... success: reloaded. 
35262      INFO  main            d.u.i.k.p.r.p.TestFile    Now processing file /home/runner/work/key/key/key.core/../key.ui/examples/heap/comprehensions/sum3.key 
35263      INFO  main            d.u.i.k.p.i.AbstractProblemLoader Loading environment from /home/runner/work/key/key/key.core/../key.ui/examples/heap/comprehensions/sum3.key 
35264      DEBUG main            d.u.i.k.p.i.AbstractProblemLoader Environment load took 445.11ns 
35273      INFO  main            d.u.i.k.p.i.AbstractProblemLoader Creating init config 
38245      DEBUG main            d.u.i.k.p.i.AbstractProblemLoader Init config took 2.97s 
38292      INFO  main            d.u.i.k.p.i.AbstractProblemLoader Replaying proof Sum[Sum::sum3([I)].JML normal_behavior operation contract.0 
38293      DEBUG main            d.u.i.k.p.i.IntermediateProofReplayer Proof replay took 6.8ns 
38346      DEBUG Thread-13       d.u.i.k.l.l.OriginTermLabel commonFileName is null! 
38346      DEBUG Thread-13       d.u.i.k.l.l.OriginTermLabel commonFileName is null! 
38502      DEBUG Thread-13       d.u.i.k.l.l.OriginTermLabel commonFileName is null! 
38502      DEBUG Thread-13       d.u.i.k.l.l.OriginTermLabel commonFileName is null! 
38586      DEBUG Thread-13       d.u.i.k.l.l.OriginTermLabel commonFileName is null! 
38696      INFO  main            d.u.i.k.p.r.p.TestFile    ... finished proof: closed. 
38904      INFO  main            d.u.i.k.p.i.AbstractProblemLoader Loading environment from /home/runner/work/key/key/key.core/../key.ui/examples/heap/comprehensions/sum3.key.proof 
38904      DEBUG main            d.u.i.k.p.i.AbstractProblemLoader Environment load took 132.9ns 
38905      INFO  main            d.u.i.k.p.i.AbstractProblemLoader Creating init config 
41928      DEBUG main            d.u.i.k.p.i.AbstractProblemLoader Init config took 3.02s 
41981      INFO  main            d.u.i.k.p.i.AbstractProblemLoader Replaying proof Sum[Sum::sum3([I)].JML normal_behavior operation contract.0 
42016      DEBUG main            d.u.i.k.l.l.OriginTermLabel commonFileName is null! 
42016      DEBUG main            d.u.i.k.l.l.OriginTermLabel commonFileName is null! 
42061      DEBUG main            d.u.i.k.l.l.OriginTermLabel commonFileName is null! 
42088      DEBUG main            d.u.i.k.l.l.OriginTermLabel commonFileName is null! 
42089      DEBUG main            d.u.i.k.l.l.OriginTermLabel commonFileName is null! 
42091      DEBUG main            d.u.i.k.p.i.IntermediateProofReplayer Proof replay took 106.31ms 
42092      DEBUG main            d.u.i.k.p.r.p.TestFile    ... success: reloaded. 
42092      INFO  main            d.u.i.k.p.r.p.TestFile    Now processing file /home/runner/work/key/key/key.core/../key.ui/examples/heap/comprehensions/segsum.key 
42093      INFO  main            d.u.i.k.p.i.AbstractProblemLoader Loading environment from /home/runner/work/key/key/key.core/../key.ui/examples/heap/comprehensions/segsum.key 
42093      DEBUG main            d.u.i.k.p.i.AbstractProblemLoader Environment load took 69.5ns 
42094      INFO  main            d.u.i.k.p.i.AbstractProblemLoader Creating init config 
45059      DEBUG main            d.u.i.k.p.i.AbstractProblemLoader Init config took 2.97s 
45104      INFO  main            d.u.i.k.p.i.AbstractProblemLoader Replaying proof SegSum[SegSum::segSum([I,int,int)].JML normal_behavior operation contract.0 
45105      DEBUG main            d.u.i.k.p.i.IntermediateProofReplayer Proof replay took 23.6ns 
45621      INFO  main            d.u.i.k.p.r.p.TestFile    ... finished proof: closed. 
45836      INFO  main            d.u.i.k.p.i.AbstractProblemLoader Loading environment from /home/runner/work/key/key/key.core/../key.ui/examples/heap/comprehensions/segsum.key.proof 
45842      DEBUG main            d.u.i.k.p.i.AbstractProblemLoader Environment load took 5.88ms 
45845      INFO  main            d.u.i.k.p.i.AbstractProblemLoader Creating init config 
48837      DEBUG main            d.u.i.k.p.i.AbstractProblemLoader Init config took 2.99s 
48897      INFO  main            d.u.i.k.p.i.AbstractProblemLoader Replaying proof SegSum[SegSum::segSum([I,int,int)].JML normal_behavior operation contract.0 
49015      DEBUG main            d.u.i.k.p.i.IntermediateProofReplayer Proof replay took 110.95ms 
49017      DEBUG main            d.u.i.k.p.r.p.TestFile    ... success: reloaded. 
49019      INFO  main            d.u.i.k.p.r.p.TestFile    Now processing file /home/runner/work/key/key/key.core/../key.ui/examples/heap/comprehensions/bsum_negative.key 
49020      INFO  main            d.u.i.k.p.i.AbstractProblemLoader Loading environment from /home/runner/work/key/key/key.core/../key.ui/examples/heap/comprehensions/bsum_negative.key 
49020      DEBUG main            d.u.i.k.p.i.AbstractProblemLoader Environment load took 355.51ns 
49022      INFO  main            d.u.i.k.p.i.AbstractProblemLoader Creating init config 
51879      DEBUG main            d.u.i.k.p.i.AbstractProblemLoader Init config took 2.86s 
51902      INFO  main            d.u.i.k.p.i.AbstractProblemLoader Replaying proof bsum_negative.key 
51903      DEBUG main            d.u.i.k.p.i.IntermediateProofReplayer Proof replay took 7.7ns 
52006      INFO  main            d.u.i.k.p.r.p.TestFile    ... finished proof: closed. 
52203      INFO  main            d.u.i.k.p.i.AbstractProblemLoader Loading environment from /home/runner/work/key/key/key.core/../key.ui/examples/heap/comprehensions/bsum_negative.key.proof 
52203      DEBUG main            d.u.i.k.p.i.AbstractProblemLoader Environment load took 132.2ns 
52204      INFO  main            d.u.i.k.p.i.AbstractProblemLoader Creating init config 
54948      DEBUG main            d.u.i.k.p.i.AbstractProblemLoader Init config took 2.74s 
54967      INFO  main            d.u.i.k.p.i.AbstractProblemLoader Replaying proof bsum_negative.key.proof 
54970      DEBUG main            d.u.i.k.p.i.IntermediateProofReplayer Proof replay took 1.77ms 
54971      DEBUG main            d.u.i.k.p.r.p.TestFile    ... success: reloaded. 
54972      INFO  main            d.u.i.k.p.r.p.TestFile    Now processing file /home/runner/work/key/key/key.core/../key.ui/examples/heap/comprehensions/bsum_neg2.key 
54972      INFO  main            d.u.i.k.p.i.AbstractProblemLoader Loading environment from /home/runner/work/key/key/key.core/../key.ui/examples/heap/comprehensions/bsum_neg2.key 
54972      DEBUG main            d.u.i.k.p.i.AbstractProblemLoader Environment load took 62.3ns 
54973      INFO  main            d.u.i.k.p.i.AbstractProblemLoader Creating init config 
57769      DEBUG main            d.u.i.k.p.i.AbstractProblemLoader Init config took 2.8s 
57787      INFO  main            d.u.i.k.p.i.AbstractProblemLoader Replaying proof bsum_neg2.key 
57788      DEBUG main            d.u.i.k.p.i.IntermediateProofReplayer Proof replay took 7.1ns 
57893      INFO  main            d.u.i.k.p.r.p.TestFile    ... finished proof: closed. 
58089      INFO  main            d.u.i.k.p.i.AbstractProblemLoader Loading environment from /home/runner/work/key/key/key.core/../key.ui/examples/heap/comprehensions/bsum_neg2.key.proof 
58089      DEBUG main            d.u.i.k.p.i.AbstractProblemLoader Environment load took 125.5ns 
58090      INFO  main            d.u.i.k.p.i.AbstractProblemLoader Creating init config 
60858      DEBUG main            d.u.i.k.p.i.AbstractProblemLoader Init config took 2.77s 
60883      INFO  main            d.u.i.k.p.i.AbstractProblemLoader Replaying proof bsum_neg2.key.proof 
60888      DEBUG main            d.u.i.k.p.i.IntermediateProofReplayer Proof replay took 1.8ms 
60889      DEBUG main            d.u.i.k.p.r.p.TestFile    ... success: reloaded. 
60890      INFO  main            d.u.i.k.p.r.p.TestFile    Now processing file /home/runner/work/key/key/key.core/../key.ui/examples/heap/comprehensions/bsumSplit.key 
60890      INFO  main            d.u.i.k.p.i.AbstractProblemLoader Loading environment from /home/runner/work/key/key/key.core/../key.ui/examples/heap/comprehensions/bsumSplit.key 
60890      DEBUG main            d.u.i.k.p.i.AbstractProblemLoader Environment load took 176ns 
60895      INFO  main            d.u.i.k.p.i.AbstractProblemLoader Creating init config 
63677      DEBUG main            d.u.i.k.p.i.AbstractProblemLoader Init config took 2.78s 
63697      INFO  main            d.u.i.k.p.i.AbstractProblemLoader Replaying proof bsumSplit.key 
63699      DEBUG main            d.u.i.k.p.i.IntermediateProofReplayer Proof replay took 7.2ns 
63802      INFO  main            d.u.i.k.p.r.p.TestFile    ... finished proof: closed. 
64025      INFO  main            d.u.i.k.p.i.AbstractProblemLoader Loading environment from /home/runner/work/key/key/key.core/../key.ui/examples/heap/comprehensions/bsumSplit.key.proof 
64025      DEBUG main            d.u.i.k.p.i.AbstractProblemLoader Environment load took 131.7ns 
64026      INFO  main            d.u.i.k.p.i.AbstractProblemLoader Creating init config 
66800      DEBUG main            d.u.i.k.p.i.AbstractProblemLoader Init config took 2.77s 
66818      INFO  main            d.u.i.k.p.i.AbstractProblemLoader Replaying proof bsumSplit.key.proof 
66840      DEBUG main            d.u.i.k.p.i.IntermediateProofReplayer Proof replay took 20.17ms 
66842      DEBUG main            d.u.i.k.p.r.p.TestFile    ... success: reloaded. 
66843      INFO  main            d.u.i.k.p.r.p.TestFile    Now processing file /home/runner/work/key/key/key.core/../key.ui/examples/heap/comprehensions/bprodSplit.key 
66843      INFO  main            d.u.i.k.p.i.AbstractProblemLoader Loading environment from /home/runner/work/key/key/key.core/../key.ui/examples/heap/comprehensions/bprodSplit.key 
66844      DEBUG main            d.u.i.k.p.i.AbstractProblemLoader Environment load took 402.91ns 
66845      INFO  main            d.u.i.k.p.i.AbstractProblemLoader Creating init config 
69661      DEBUG main            d.u.i.k.p.i.AbstractProblemLoader Init config took 2.82s 
69679      INFO  main            d.u.i.k.p.i.AbstractProblemLoader Replaying proof bprodSplit.key 
69680      DEBUG main            d.u.i.k.p.i.IntermediateProofReplayer Proof replay took 7.5ns 
69789      INFO  main            d.u.i.k.p.r.p.TestFile    ... finished proof: closed. 
70015      INFO  main            d.u.i.k.p.i.AbstractProblemLoader Loading environment from /home/runner/work/key/key/key.core/../key.ui/examples/heap/comprehensions/bprodSplit.key.proof 
70015      DEBUG main            d.u.i.k.p.i.AbstractProblemLoader Environment load took 122ns 
70017      INFO  main            d.u.i.k.p.i.AbstractProblemLoader Creating init config 
72711      DEBUG main            d.u.i.k.p.i.AbstractProblemLoader Init config took 2.69s 
72728      INFO  main            d.u.i.k.p.i.AbstractProblemLoader Replaying proof bprodSplit.key.proof 
72732      DEBUG main            d.u.i.k.p.i.IntermediateProofReplayer Proof replay took 2.22ms 
72733      DEBUG main            d.u.i.k.p.r.p.TestFile    ... success: reloaded. 
72733      INFO  main            d.u.i.k.p.r.p.TestFile    Now processing file /home/runner/work/key/key/key.core/../key.ui/examples/heap/comprehensions/bsumSplitInvalid.key 
72733      INFO  main            d.u.i.k.p.i.AbstractProblemLoader Loading environment from /home/runner/work/key/key/key.core/../key.ui/examples/heap/comprehensions/bsumSplitInvalid.key 
72734      DEBUG main            d.u.i.k.p.i.AbstractProblemLoader Environment load took 108.9ns 
72734      INFO  main            d.u.i.k.p.i.AbstractProblemLoader Creating init config 
75516      DEBUG main            d.u.i.k.p.i.AbstractProblemLoader Init config took 2.78s 
75533      INFO  main            d.u.i.k.p.i.AbstractProblemLoader Replaying proof bsumSplitInvalid.key 
75536      DEBUG main            d.u.i.k.p.i.IntermediateProofReplayer Proof replay took 8.2ns 
75641      INFO  main            d.u.i.k.p.r.p.TestFile    ... finished proof: open goal(s) 
170770     INFO  Test worker     d.u.i.k.p.r.RunAllProofsTestUnit Returning from test comprehensions 
170771     INFO  Test worker     d.u.i.k.p.r.RunAllProofsTestUnit Running test performance 
419        INFO  Timeout watchdog d.u.i.k.p.r.p.ForkedTestFileRunner Timeout watcher launched (2000 secs.) 
445        WARN  main            d.u.i.k.s.ProofSettings   The settings in /home/runner/.key/proof-settings.props are *not* read. 
499        INFO  main            d.u.i.k.p.r.p.TestFile    Now processing file /home/runner/work/key/key/key.core/../key.ui/examples/performance-test/Disjoint(Disjoint__disjoint_08()).JML_operation_contract.0.key 
667        INFO  main            d.u.i.k.p.i.AbstractProblemLoader Loading environment from /home/runner/work/key/key/key.core/../key.ui/examples/performance-test/Disjoint(Disjoint__disjoint_08()).JML_operation_contract.0.key 
685        DEBUG main            d.u.i.k.p.i.AbstractProblemLoader Environment load took 2.64ms 
944        INFO  main            d.u.i.k.p.i.AbstractProblemLoader Creating init config 
2076       DEBUG main            d.u.i.k.j.TypeConverter   No LDT found for Meta 
2077       DEBUG main            d.u.i.k.j.TypeConverter   No LDT found for Meta 
2081       DEBUG main            d.u.i.k.j.TypeConverter   No LDT found for Meta 
2081       DEBUG main            d.u.i.k.j.TypeConverter   No LDT found for Meta 
3817       DEBUG main            d.u.i.k.j.TypeConverter   No LDT found for JavaBigintExpression 
10200      DEBUG main            d.u.i.k.j.r.ClassPreparationMethodBuilder clPrepBuilder: Inner Class detected. Reject building class initialisation methods. 
19301      DEBUG main            d.u.i.k.p.i.AbstractProblemLoader Init config took 18.36s 
19583      INFO  main            d.u.i.k.p.i.AbstractProblemLoader Replaying proof Disjoint[Disjoint::disjoint_8()].JML operation contract.0 
19678      DEBUG main            d.u.i.k.p.i.IntermediateProofReplayer Proof replay took 351.21ns 
22629      INFO  main            d.u.i.k.p.r.p.TestFile    ... finished proof: closed. 
22873      INFO  main            d.u.i.k.p.i.AbstractProblemLoader Loading environment from /home/runner/work/key/key/key.core/../key.ui/examples/performance-test/Disjoint(Disjoint__disjoint_08()).JML_operation_contract.0.key.proof 
22874      DEBUG main            d.u.i.k.p.i.AbstractProblemLoader Environment load took 777.02ns 
22877      INFO  main            d.u.i.k.p.i.AbstractProblemLoader Creating init config 
26546      DEBUG main            d.u.i.k.j.r.ClassPreparationMethodBuilder clPrepBuilder: Inner Class detected. Reject building class initialisation methods. 
34601      DEBUG main            d.u.i.k.p.i.AbstractProblemLoader Init config took 11.72s 
34760      INFO  main            d.u.i.k.p.i.AbstractProblemLoader Replaying proof Disjoint[Disjoint::disjoint_8()].JML operation contract.0 
35238      DEBUG main            d.u.i.k.p.i.IntermediateProofReplayer Proof replay took 449.17ms 
35258      DEBUG main            d.u.i.k.p.r.p.TestFile    ... success: reloaded. 
35263      INFO  main            d.u.i.k.p.r.p.TestFile    Now processing file /home/runner/work/key/key/key.core/../key.ui/examples/performance-test/Disjoint(Disjoint__disjoint2_08()).JML_operation_contract.0.key 
35266      INFO  main            d.u.i.k.p.i.AbstractProblemLoader Loading environment from /home/runner/work/key/key/key.core/../key.ui/examples/performance-test/Disjoint(Disjoint__disjoint2_08()).JML_operation_contract.0.key 
35266      DEBUG main            d.u.i.k.p.i.AbstractProblemLoader Environment load took 522.01ns 
35278      INFO  main            d.u.i.k.p.i.AbstractProblemLoader Creating init config 
38874      DEBUG main            d.u.i.k.j.r.ClassPreparationMethodBuilder clPrepBuilder: Inner Class detected. Reject building class initialisation methods. 
47008      DEBUG main            d.u.i.k.p.i.AbstractProblemLoader Init config took 11.73s 
47146      INFO  main            d.u.i.k.p.i.AbstractProblemLoader Replaying proof Disjoint[Disjoint::disjoint2_8()].JML operation contract.0 
47150      DEBUG main            d.u.i.k.p.i.IntermediateProofReplayer Proof replay took 11.9ns 
48358      INFO  main            d.u.i.k.p.r.p.TestFile    ... finished proof: closed. 
48702      INFO  main            d.u.i.k.p.i.AbstractProblemLoader Loading environment from /home/runner/work/key/key/key.core/../key.ui/examples/performance-test/Disjoint(Disjoint__disjoint2_08()).JML_operation_contract.0.key.proof 
48703      DEBUG main            d.u.i.k.p.i.AbstractProblemLoader Environment load took 1.02ms 
48709      INFO  main            d.u.i.k.p.i.AbstractProblemLoader Creating init config 
52121      DEBUG main            d.u.i.k.j.r.ClassPreparationMethodBuilder clPrepBuilder: Inner Class detected. Reject building class initialisation methods. 
60099      DEBUG main            d.u.i.k.p.i.AbstractProblemLoader Init config took 11.39s 
60210      INFO  main            d.u.i.k.p.i.AbstractProblemLoader Replaying proof Disjoint[Disjoint::disjoint2_8()].JML operation contract.0 
60337      DEBUG main            d.u.i.k.p.i.IntermediateProofReplayer Proof replay took 122.47ms 
60341      DEBUG main            d.u.i.k.p.r.p.TestFile    ... success: reloaded. 
60344      INFO  main            d.u.i.k.p.r.p.TestFile    Now processing file /home/runner/work/key/key/key.core/../key.ui/examples/performance-test/AccessChain1(AccessChain1__foo_08()).JML_operation_contract.0.key 
60344      INFO  main            d.u.i.k.p.i.AbstractProblemLoader Loading environment from /home/runner/work/key/key/key.core/../key.ui/examples/performance-test/AccessChain1(AccessChain1__foo_08()).JML_operation_contract.0.key 
60345      DEBUG main            d.u.i.k.p.i.AbstractProblemLoader Environment load took 375.21ns 
60346      INFO  main            d.u.i.k.p.i.AbstractProblemLoader Creating init config 
63820      DEBUG main            d.u.i.k.j.r.ClassPreparationMethodBuilder clPrepBuilder: Inner Class detected. Reject building class initialisation methods. 
71722      DEBUG main            d.u.i.k.p.i.AbstractProblemLoader Init config took 11.38s 
71828      INFO  main            d.u.i.k.p.i.AbstractProblemLoader Replaying proof AccessChain1[AccessChain1::foo_8()].JML operation contract.0 
71831      DEBUG main            d.u.i.k.p.i.IntermediateProofReplayer Proof replay took 10.9ns 
74756      INFO  main            d.u.i.k.p.r.p.TestFile    ... finished proof: closed. 
75158      INFO  main            d.u.i.k.p.i.AbstractProblemLoader Loading environment from /home/runner/work/key/key/key.core/../key.ui/examples/performance-test/AccessChain1(AccessChain1__foo_08()).JML_operation_contract.0.key.proof 
75158      DEBUG main            d.u.i.k.p.i.AbstractProblemLoader Environment load took 695.82ns 
75160      INFO  main            d.u.i.k.p.i.AbstractProblemLoader Creating init config 
78537      DEBUG main            d.u.i.k.j.r.ClassPreparationMethodBuilder clPrepBuilder: Inner Class detected. Reject building class initialisation methods. 
86459      DEBUG main            d.u.i.k.p.i.AbstractProblemLoader Init config took 11.3s 
86569      INFO  main            d.u.i.k.p.i.AbstractProblemLoader Replaying proof AccessChain1[AccessChain1::foo_8()].JML operation contract.0 
87181      DEBUG main            d.u.i.k.p.i.IntermediateProofReplayer Proof replay took 589.22ms 
87183      DEBUG main            d.u.i.k.p.r.p.TestFile    ... success: reloaded. 
87185      INFO  main            d.u.i.k.p.r.p.TestFile    Now processing file /home/runner/work/key/key/key.core/../key.ui/examples/performance-test/AccessChain4(AccessChain4__foo_08()).JML_operation_contract.0.key 
87186      INFO  main            d.u.i.k.p.i.AbstractProblemLoader Loading environment from /home/runner/work/key/key/key.core/../key.ui/examples/performance-test/AccessChain4(AccessChain4__foo_08()).JML_operation_contract.0.key 
87186      DEBUG main            d.u.i.k.p.i.AbstractProblemLoader Environment load took 421.61ns 
87188      INFO  main            d.u.i.k.p.i.AbstractProblemLoader Creating init config 
90752      DEBUG main            d.u.i.k.j.r.ClassPreparationMethodBuilder clPrepBuilder: Inner Class detected. Reject building class initialisation methods. 
98694      DEBUG main            d.u.i.k.p.i.AbstractProblemLoader Init config took 11.51s 
98838      INFO  main            d.u.i.k.p.i.AbstractProblemLoader Replaying proof AccessChain4[AccessChain4::foo_8()].JML operation contract.0 
98840      DEBUG main            d.u.i.k.p.i.IntermediateProofReplayer Proof replay took 12.1ns 
106503     INFO  main            d.u.i.k.p.r.p.TestFile    ... finished proof: closed. 
106977     INFO  main            d.u.i.k.p.i.AbstractProblemLoader Loading environment from /home/runner/work/key/key/key.core/../key.ui/examples/performance-test/AccessChain4(AccessChain4__foo_08()).JML_operation_contract.0.key.proof 
106977     DEBUG main            d.u.i.k.p.i.AbstractProblemLoader Environment load took 194.7ns 
106980     INFO  main            d.u.i.k.p.i.AbstractProblemLoader Creating init config 
110442     DEBUG main            d.u.i.k.j.r.ClassPreparationMethodBuilder clPrepBuilder: Inner Class detected. Reject building class initialisation methods. 
118432     DEBUG main            d.u.i.k.p.i.AbstractProblemLoader Init config took 11.45s 
118566     INFO  main            d.u.i.k.p.i.AbstractProblemLoader Replaying proof AccessChain4[AccessChain4::foo_8()].JML operation contract.0 
119776     DEBUG main            d.u.i.k.p.i.IntermediateProofReplayer Proof replay took 1.18s 
119780     DEBUG main            d.u.i.k.p.r.p.TestFile    ... success: reloaded. 
119784     INFO  main            d.u.i.k.p.r.p.TestFile    Now processing file /home/runner/work/key/key/key.core/../key.ui/examples/performance-test/Disjoint(Disjoint__xZero_08()).JML_operation_contract.0.key 
119784     INFO  main            d.u.i.k.p.i.AbstractProblemLoader Loading environment from /home/runner/work/key/key/key.core/../key.ui/examples/performance-test/Disjoint(Disjoint__xZero_08()).JML_operation_contract.0.key 
119785     DEBUG main            d.u.i.k.p.i.AbstractProblemLoader Environment load took 752.72ns 
119786     INFO  main            d.u.i.k.p.i.AbstractProblemLoader Creating init config 
123234     DEBUG main            d.u.i.k.j.r.ClassPreparationMethodBuilder clPrepBuilder: Inner Class detected. Reject building class initialisation methods. 
131300     DEBUG main            d.u.i.k.p.i.AbstractProblemLoader Init config took 11.51s 
131419     INFO  main            d.u.i.k.p.i.AbstractProblemLoader Replaying proof Disjoint[Disjoint::xZero_8()].JML operation contract.0 
131423     DEBUG main            d.u.i.k.p.i.IntermediateProofReplayer Proof replay took 12.4ns 
132630     INFO  main            d.u.i.k.p.r.p.TestFile    ... finished proof: closed. 
133137     INFO  main            d.u.i.k.p.i.AbstractProblemLoader Loading environment from /home/runner/work/key/key/key.core/../key.ui/examples/performance-test/Disjoint(Disjoint__xZero_08()).JML_operation_contract.0.key.proof 
133140     DEBUG main            d.u.i.k.p.i.AbstractProblemLoader Environment load took 2ms 
133141     INFO  main            d.u.i.k.p.i.AbstractProblemLoader Creating init config 
136466     DEBUG main            d.u.i.k.j.r.ClassPreparationMethodBuilder clPrepBuilder: Inner Class detected. Reject building class initialisation methods. 
144361     DEBUG main            d.u.i.k.p.i.AbstractProblemLoader Init config took 11.22s 
144475     INFO  main            d.u.i.k.p.i.AbstractProblemLoader Replaying proof Disjoint[Disjoint::xZero_8()].JML operation contract.0 
144736     DEBUG main            d.u.i.k.p.i.IntermediateProofReplayer Proof replay took 251.7ms 
144738     DEBUG main            d.u.i.k.p.r.p.TestFile    ... success: reloaded. 
144740     INFO  main            d.u.i.k.p.r.p.TestFile    Now processing file /home/runner/work/key/key/key.core/../key.ui/examples/performance-test/Dynamic(Dynamic__foo_08()).JML_operation_contract.0.key 
144741     INFO  main            d.u.i.k.p.i.AbstractProblemLoader Loading environment from /home/runner/work/key/key/key.core/../key.ui/examples/performance-test/Dynamic(Dynamic__foo_08()).JML_operation_contract.0.key 
144741     DEBUG main            d.u.i.k.p.i.AbstractProblemLoader Environment load took 271.81ns 
144742     INFO  main            d.u.i.k.p.i.AbstractProblemLoader Creating init config 
148203     DEBUG main            d.u.i.k.j.r.ClassPreparationMethodBuilder clPrepBuilder: Inner Class detected. Reject building class initialisation methods. 
155981     DEBUG main            d.u.i.k.p.i.AbstractProblemLoader Init config took 11.24s 
156080     INFO  main            d.u.i.k.p.i.AbstractProblemLoader Replaying proof Dynamic[Dynamic::foo_8()].JML operation contract.0 
156082     DEBUG main            d.u.i.k.p.i.IntermediateProofReplayer Proof replay took 11.7ns 
162678     INFO  main            d.u.i.k.p.r.p.TestFile    ... finished proof: closed. 
163145     INFO  main            d.u.i.k.p.i.AbstractProblemLoader Loading environment from /home/runner/work/key/key/key.core/../key.ui/examples/performance-test/Dynamic(Dynamic__foo_08()).JML_operation_contract.0.key.proof 
163145     DEBUG main            d.u.i.k.p.i.AbstractProblemLoader Environment load took 274.51ns 
163147     INFO  main            d.u.i.k.p.i.AbstractProblemLoader Creating init config 
166479     DEBUG main            d.u.i.k.j.r.ClassPreparationMethodBuilder clPrepBuilder: Inner Class detected. Reject building class initialisation methods. 
174318     DEBUG main            d.u.i.k.p.i.AbstractProblemLoader Init config took 11.17s 
174417     INFO  main            d.u.i.k.p.i.AbstractProblemLoader Replaying proof Dynamic[Dynamic::foo_8()].JML operation contract.0 
175090     DEBUG main            d.u.i.k.p.i.IntermediateProofReplayer Proof replay took 650.29ms 
175093     DEBUG main            d.u.i.k.p.r.p.TestFile    ... success: reloaded. 
175094     INFO  main            d.u.i.k.p.r.p.TestFile    Now processing file /home/runner/work/key/key/key.core/../key.ui/examples/performance-test/DynamicGhost(DynamicGhost__dynamicGhost_08()).JML_normal_behavior_operation_contract.0.key 
175095     INFO  main            d.u.i.k.p.i.AbstractProblemLoader Loading environment from /home/runner/work/key/key/key.core/../key.ui/examples/performance-test/DynamicGhost(DynamicGhost__dynamicGhost_08()).JML_normal_behavior_operation_contract.0.key 
175095     DEBUG main            d.u.i.k.p.i.AbstractProblemLoader Environment load took 103ns 
175096     INFO  main            d.u.i.k.p.i.AbstractProblemLoader Creating init config 
178549     DEBUG main            d.u.i.k.j.r.ClassPreparationMethodBuilder clPrepBuilder: Inner Class detected. Reject building class initialisation methods. 
186470     DEBUG main            d.u.i.k.p.i.AbstractProblemLoader Init config took 11.37s 
186588     INFO  main            d.u.i.k.p.i.AbstractProblemLoader Replaying proof DynamicGhost[DynamicGhost::dynamicGhost_8()].JML normal_behavior operation contract.0 
186591     DEBUG main            d.u.i.k.p.i.IntermediateProofReplayer Proof replay took 14.1ns 
191721     INFO  main            d.u.i.k.p.r.p.TestFile    ... finished proof: closed. 
192230     INFO  main            d.u.i.k.p.i.AbstractProblemLoader Loading environment from /home/runner/work/key/key/key.core/../key.ui/examples/performance-test/DynamicGhost(DynamicGhost__dynamicGhost_08()).JML_normal_behavior_operation_contract.0.key.proof 
192231     DEBUG main            d.u.i.k.p.i.AbstractProblemLoader Environment load took 721.22ns 
192234     INFO  main            d.u.i.k.p.i.AbstractProblemLoader Creating init config 
195513     DEBUG main            d.u.i.k.j.r.ClassPreparationMethodBuilder clPrepBuilder: Inner Class detected. Reject building class initialisation methods. 
203301     DEBUG main            d.u.i.k.p.i.AbstractProblemLoader Init config took 11.07s 
203409     INFO  main            d.u.i.k.p.i.AbstractProblemLoader Replaying proof DynamicGhost[DynamicGhost::dynamicGhost_8()].JML normal_behavior operation contract.0 
204115     DEBUG main            d.u.i.k.p.i.IntermediateProofReplayer Proof replay took 677.37ms 
204119     DEBUG main            d.u.i.k.p.r.p.TestFile    ... success: reloaded. 
204121     INFO  main            d.u.i.k.p.r.p.TestFile    Now processing file /home/runner/work/key/key/key.core/../key.ui/examples/performance-test/GhostFrame(GhostFrame__foo_08()).JML_operation_contract.0.key 
204122     INFO  main            d.u.i.k.p.i.AbstractProblemLoader Loading environment from /home/runner/work/key/key/key.core/../key.ui/examples/performance-test/GhostFrame(GhostFrame__foo_08()).JML_operation_contract.0.key 
204124     DEBUG main            d.u.i.k.p.i.AbstractProblemLoader Environment load took 2.2ms 
204126     INFO  main            d.u.i.k.p.i.AbstractProblemLoader Creating init config 
207554     DEBUG main            d.u.i.k.j.r.ClassPreparationMethodBuilder clPrepBuilder: Inner Class detected. Reject building class initialisation methods. 
215337     DEBUG main            d.u.i.k.p.i.AbstractProblemLoader Init config took 11.21s 
215432     INFO  main            d.u.i.k.p.i.AbstractProblemLoader Replaying proof GhostFrame[GhostFrame::foo_8()].JML operation contract.0 
215434     DEBUG main            d.u.i.k.p.i.IntermediateProofReplayer Proof replay took 31.4ns 
217744     INFO  main            d.u.i.k.p.r.p.TestFile    ... finished proof: closed. 
218258     INFO  main            d.u.i.k.p.i.AbstractProblemLoader Loading environment from /home/runner/work/key/key/key.core/../key.ui/examples/performance-test/GhostFrame(GhostFrame__foo_08()).JML_operation_contract.0.key.proof 
218258     DEBUG main            d.u.i.k.p.i.AbstractProblemLoader Environment load took 139.1ns 
218260     INFO  main            d.u.i.k.p.i.AbstractProblemLoader Creating init config 
221639     DEBUG main            d.u.i.k.j.r.ClassPreparationMethodBuilder clPrepBuilder: Inner Class detected. Reject building class initialisation methods. 
229502     DEBUG main            d.u.i.k.p.i.AbstractProblemLoader Init config took 11.24s 
229598     INFO  main            d.u.i.k.p.i.AbstractProblemLoader Replaying proof GhostFrame[GhostFrame::foo_8()].JML operation contract.0 
230007     DEBUG main            d.u.i.k.p.i.IntermediateProofReplayer Proof replay took 399.88ms 
230009     DEBUG main            d.u.i.k.p.r.p.TestFile    ... success: reloaded. 
230011     INFO  main            d.u.i.k.p.r.p.TestFile    Now processing file /home/runner/work/key/key/key.core/../key.ui/examples/performance-test/Modelfield(Modelfield__foo_08()).JML_operation_contract.0.key 
230011     INFO  main            d.u.i.k.p.i.AbstractProblemLoader Loading environment from /home/runner/work/key/key/key.core/../key.ui/examples/performance-test/Modelfield(Modelfield__foo_08()).JML_operation_contract.0.key 
230011     DEBUG main            d.u.i.k.p.i.AbstractProblemLoader Environment load took 156.1ns 
230012     INFO  main            d.u.i.k.p.i.AbstractProblemLoader Creating init config 
233450     DEBUG main            d.u.i.k.j.r.ClassPreparationMethodBuilder clPrepBuilder: Inner Class detected. Reject building class initialisation methods. 
241663     DEBUG main            d.u.i.k.p.i.AbstractProblemLoader Init config took 11.65s 
241759     INFO  main            d.u.i.k.p.i.AbstractProblemLoader Replaying proof Modelfield[Modelfield::foo_8()].JML operation contract.0 
241761     DEBUG main            d.u.i.k.p.i.IntermediateProofReplayer Proof replay took 7.1ns 
245321     INFO  main            d.u.i.k.p.r.p.TestFile    ... finished proof: closed. 
245843     INFO  main            d.u.i.k.p.i.AbstractProblemLoader Loading environment from /home/runner/work/key/key/key.core/../key.ui/examples/performance-test/Modelfield(Modelfield__foo_08()).JML_operation_contract.0.key.proof 
245848     DEBUG main            d.u.i.k.p.i.AbstractProblemLoader Environment load took 4.45ms 
245851     INFO  main            d.u.i.k.p.i.AbstractProblemLoader Creating init config 
249202     DEBUG main            d.u.i.k.j.r.ClassPreparationMethodBuilder clPrepBuilder: Inner Class detected. Reject building class initialisation methods. 
257356     DEBUG main            d.u.i.k.p.i.AbstractProblemLoader Init config took 11.5s 
257455     INFO  main            d.u.i.k.p.i.AbstractProblemLoader Replaying proof Modelfield[Modelfield::foo_8()].JML operation contract.0 
257994     DEBUG main            d.u.i.k.p.i.IntermediateProofReplayer Proof replay took 523.06ms 
257997     DEBUG main            d.u.i.k.p.r.p.TestFile    ... success: reloaded. 
428963     INFO  Test worker     d.u.i.k.p.r.RunAllProofsTestUnit Returning from test performance 
428967     INFO  Test worker     d.u.i.k.p.r.RunAllProofsTestUnit Running test performancePOConstruction 
448        INFO  Timeout watchdog d.u.i.k.p.r.p.ForkedTestFileRunner Timeout watcher launched (2000 secs.) 
469        WARN  main            d.u.i.k.s.ProofSettings   The settings in /home/runner/.key/proof-settings.props are *not* read. 
503        INFO  main            d.u.i.k.p.r.p.TestFile    Now processing file /home/runner/work/key/key/key.core/../key.ui/examples/performance-test/Test(Test__a0(int)).JML_normal_behavior_operation_contract.0.key 
645        INFO  main            d.u.i.k.p.i.AbstractProblemLoader Loading environment from /home/runner/work/key/key/key.core/../key.ui/examples/performance-test/Test(Test__a0(int)).JML_normal_behavior_operation_contract.0.key 
666        DEBUG main            d.u.i.k.p.i.AbstractProblemLoader Environment load took 3.41ms 
949        INFO  main            d.u.i.k.p.i.AbstractProblemLoader Creating init config 
2028       DEBUG main            d.u.i.k.j.TypeConverter   No LDT found for Meta 
2030       DEBUG main            d.u.i.k.j.TypeConverter   No LDT found for Meta 
2031       DEBUG main            d.u.i.k.j.TypeConverter   No LDT found for Meta 
2032       DEBUG main            d.u.i.k.j.TypeConverter   No LDT found for Meta 
3641       DEBUG main            d.u.i.k.j.TypeConverter   No LDT found for JavaBigintExpression 
10615      DEBUG main            d.u.i.k.j.r.ClassPreparationMethodBuilder clPrepBuilder: Inner Class detected. Reject building class initialisation methods. 
20255      DEBUG main            d.u.i.k.p.i.AbstractProblemLoader Init config took 19.31s 
21649      INFO  main            d.u.i.k.p.i.AbstractProblemLoader Replaying proof Test[Test::a0(int)].JML normal_behavior operation contract.0 
21750      DEBUG main            d.u.i.k.p.i.IntermediateProofReplayer Proof replay took 42.7ns 
22204      INFO  main            d.u.i.k.p.r.p.TestFile    ... finished proof: closed. 
22383      INFO  main            d.u.i.k.p.i.AbstractProblemLoader Loading environment from /home/runner/work/key/key/key.core/../key.ui/examples/performance-test/Test(Test__a0(int)).JML_normal_behavior_operation_contract.0.key.proof 
22386      DEBUG main            d.u.i.k.p.i.AbstractProblemLoader Environment load took 2.33ms 
22388      INFO  main            d.u.i.k.p.i.AbstractProblemLoader Creating init config 
26219      DEBUG main            d.u.i.k.j.r.ClassPreparationMethodBuilder clPrepBuilder: Inner Class detected. Reject building class initialisation methods. 
34937      DEBUG main            d.u.i.k.p.i.AbstractProblemLoader Init config took 12.55s 
36043      INFO  main            d.u.i.k.p.i.AbstractProblemLoader Replaying proof Test[Test::a0(int)].JML normal_behavior operation contract.0 
36071      DEBUG main            d.u.i.k.p.i.IntermediateProofReplayer Proof replay took 22.94ms 
36087      DEBUG main            d.u.i.k.p.r.p.TestFile    ... success: reloaded. 
36088      INFO  main            d.u.i.k.p.r.p.TestFile    Now processing file /home/runner/work/key/key/key.core/../key.ui/examples/performance-test/Test(Test__a1(int)).JML_normal_behavior_operation_contract.0.key 
36089      INFO  main            d.u.i.k.p.i.AbstractProblemLoader Loading environment from /home/runner/work/key/key/key.core/../key.ui/examples/performance-test/Test(Test__a1(int)).JML_normal_behavior_operation_contract.0.key 
36091      DEBUG main            d.u.i.k.p.i.AbstractProblemLoader Environment load took 2.31ms 
36093      INFO  main            d.u.i.k.p.i.AbstractProblemLoader Creating init config 
39758      DEBUG main            d.u.i.k.j.r.ClassPreparationMethodBuilder clPrepBuilder: Inner Class detected. Reject building class initialisation methods. 
48152      DEBUG main            d.u.i.k.p.i.AbstractProblemLoader Init config took 12.06s 
49200      INFO  main            d.u.i.k.p.i.AbstractProblemLoader Replaying proof Test[Test::a1(int)].JML normal_behavior operation contract.0 
49203      DEBUG main            d.u.i.k.p.i.IntermediateProofReplayer Proof replay took 8ns 
49607      INFO  main            d.u.i.k.p.r.p.TestFile    ... finished proof: closed. 
49951      INFO  main            d.u.i.k.p.i.AbstractProblemLoader Loading environment from /home/runner/work/key/key/key.core/../key.ui/examples/performance-test/Test(Test__a1(int)).JML_normal_behavior_operation_contract.0.key.proof 
49951      DEBUG main            d.u.i.k.p.i.AbstractProblemLoader Environment load took 679.92ns 
49954      INFO  main            d.u.i.k.p.i.AbstractProblemLoader Creating init config 
53527      DEBUG main            d.u.i.k.j.r.ClassPreparationMethodBuilder clPrepBuilder: Inner Class detected. Reject building class initialisation methods. 
61660      DEBUG main            d.u.i.k.p.i.AbstractProblemLoader Init config took 11.71s 
62677      INFO  main            d.u.i.k.p.i.AbstractProblemLoader Replaying proof Test[Test::a1(int)].JML normal_behavior operation contract.0 
62777      DEBUG main            d.u.i.k.p.i.IntermediateProofReplayer Proof replay took 96.13ms 
62781      DEBUG main            d.u.i.k.p.r.p.TestFile    ... success: reloaded. 
62784      INFO  main            d.u.i.k.p.r.p.TestFile    Now processing file /home/runner/work/key/key/key.core/../key.ui/examples/performance-test/Test(Test__f1(int)).JML_normal_behavior_operation_contract.0.key 
62784      INFO  main            d.u.i.k.p.i.AbstractProblemLoader Loading environment from /home/runner/work/key/key/key.core/../key.ui/examples/performance-test/Test(Test__f1(int)).JML_normal_behavior_operation_contract.0.key 
62784      DEBUG main            d.u.i.k.p.i.AbstractProblemLoader Environment load took 283.81ns 
62787      INFO  main            d.u.i.k.p.i.AbstractProblemLoader Creating init config 
66449      DEBUG main            d.u.i.k.j.r.ClassPreparationMethodBuilder clPrepBuilder: Inner Class detected. Reject building class initialisation methods. 
74459      DEBUG main            d.u.i.k.p.i.AbstractProblemLoader Init config took 11.67s 
75455      INFO  main            d.u.i.k.p.i.AbstractProblemLoader Replaying proof Test[Test::f1(int)].JML normal_behavior operation contract.0 
75457      DEBUG main            d.u.i.k.p.i.IntermediateProofReplayer Proof replay took 7.1ns 
75661      INFO  main            d.u.i.k.p.r.p.TestFile    ... finished proof: closed. 
76054      INFO  main            d.u.i.k.p.i.AbstractProblemLoader Loading environment from /home/runner/work/key/key/key.core/../key.ui/examples/performance-test/Test(Test__f1(int)).JML_normal_behavior_operation_contract.0.key.proof 
76055      DEBUG main            d.u.i.k.p.i.AbstractProblemLoader Environment load took 624.72ns 
76056      INFO  main            d.u.i.k.p.i.AbstractProblemLoader Creating init config 
79633      DEBUG main            d.u.i.k.j.r.ClassPreparationMethodBuilder clPrepBuilder: Inner Class detected. Reject building class initialisation methods. 
87646      DEBUG main            d.u.i.k.p.i.AbstractProblemLoader Init config took 11.59s 
88641      INFO  main            d.u.i.k.p.i.AbstractProblemLoader Replaying proof Test[Test::f1(int)].JML normal_behavior operation contract.0 
88731      DEBUG main            d.u.i.k.p.i.IntermediateProofReplayer Proof replay took 83.67ms 
88732      DEBUG main            d.u.i.k.p.r.p.TestFile    ... success: reloaded. 
517899     INFO  Test worker     d.u.i.k.p.r.RunAllProofsTestUnit Returning from test performancePOConstruction 
517904     INFO  Test worker     d.u.i.k.p.r.RunAllProofsTestUnit Running test applicationRestrictions 
446        INFO  Timeout watchdog d.u.i.k.p.r.p.ForkedTestFileRunner Timeout watcher launched (2000 secs.) 
454        WARN  main            d.u.i.k.s.ProofSettings   The settings in /home/runner/.key/proof-settings.props are *not* read. 
491        INFO  main            d.u.i.k.p.r.p.TestFile    Now processing file /home/runner/work/key/key/key.core/../key.ui/examples/heap/polarity_tests/wellformed1.key 
675        INFO  main            d.u.i.k.p.i.AbstractProblemLoader Loading environment from /home/runner/work/key/key/key.core/../key.ui/examples/heap/polarity_tests/wellformed1.key 
699        DEBUG main            d.u.i.k.p.i.AbstractProblemLoader Environment load took 7.17ms 
990        INFO  main            d.u.i.k.p.i.AbstractProblemLoader Creating init config 
2081       DEBUG main            d.u.i.k.j.TypeConverter   No LDT found for Meta 
2082       DEBUG main            d.u.i.k.j.TypeConverter   No LDT found for Meta 
2084       DEBUG main            d.u.i.k.j.TypeConverter   No LDT found for Meta 
2084       DEBUG main            d.u.i.k.j.TypeConverter   No LDT found for Meta 
3728       DEBUG main            d.u.i.k.j.TypeConverter   No LDT found for JavaBigintExpression 
10279      DEBUG main            d.u.i.k.p.i.AbstractProblemLoader Init config took 9.29s 
10348      INFO  main            d.u.i.k.p.i.AbstractProblemLoader Replaying proof wellformed1.key 
10391      DEBUG main            d.u.i.k.p.i.IntermediateProofReplayer Proof replay took 38.7ns 
10586      INFO  main            d.u.i.k.p.r.p.TestFile    ... finished proof: closed. 
10704      INFO  main            d.u.i.k.p.i.AbstractProblemLoader Loading environment from /home/runner/work/key/key/key.core/../key.ui/examples/heap/polarity_tests/wellformed1.key.proof 
10704      DEBUG main            d.u.i.k.p.i.AbstractProblemLoader Environment load took 161.6ns 
10708      INFO  main            d.u.i.k.p.i.AbstractProblemLoader Creating init config 
14246      DEBUG main            d.u.i.k.p.i.AbstractProblemLoader Init config took 3.54s 
14301      INFO  main            d.u.i.k.p.i.AbstractProblemLoader Replaying proof wellformed1.key.proof 
14311      DEBUG main            d.u.i.k.p.i.IntermediateProofReplayer Proof replay took 3.8ms 
14325      DEBUG main            d.u.i.k.p.r.p.TestFile    ... success: reloaded. 
14331      INFO  main            d.u.i.k.p.r.p.TestFile    Now processing file /home/runner/work/key/key/key.core/../key.ui/examples/heap/polarity_tests/wellformed2.key 
14332      INFO  main            d.u.i.k.p.i.AbstractProblemLoader Loading environment from /home/runner/work/key/key/key.core/../key.ui/examples/heap/polarity_tests/wellformed2.key 
14332      DEBUG main            d.u.i.k.p.i.AbstractProblemLoader Environment load took 172.91ns 
14336      INFO  main            d.u.i.k.p.i.AbstractProblemLoader Creating init config 
17800      DEBUG main            d.u.i.k.p.i.AbstractProblemLoader Init config took 3.46s 
17835      INFO  main            d.u.i.k.p.i.AbstractProblemLoader Replaying proof wellformed2.key 
17837      DEBUG main            d.u.i.k.p.i.IntermediateProofReplayer Proof replay took 7ns 
17941      INFO  main            d.u.i.k.p.r.p.TestFile    ... finished proof: open goal(s) 
18082      INFO  main            d.u.i.k.p.r.p.TestFile    Now processing file /home/runner/work/key/key/key.core/../key.ui/examples/heap/polarity_tests/wellformed3.key 
18082      INFO  main            d.u.i.k.p.i.AbstractProblemLoader Loading environment from /home/runner/work/key/key/key.core/../key.ui/examples/heap/polarity_tests/wellformed3.key 
18082      DEBUG main            d.u.i.k.p.i.AbstractProblemLoader Environment load took 90.9ns 
18084      INFO  main            d.u.i.k.p.i.AbstractProblemLoader Creating init config 
21180      DEBUG main            d.u.i.k.p.i.AbstractProblemLoader Init config took 3.1s 
21206      INFO  main            d.u.i.k.p.i.AbstractProblemLoader Replaying proof wellformed3.key 
21213      DEBUG main            d.u.i.k.p.i.IntermediateProofReplayer Proof replay took 8.3ns 
21320      INFO  main            d.u.i.k.p.r.p.TestFile    ... finished proof: closed. 
21476      INFO  main            d.u.i.k.p.i.AbstractProblemLoader Loading environment from /home/runner/work/key/key/key.core/../key.ui/examples/heap/polarity_tests/wellformed3.key.proof 
21476      DEBUG main            d.u.i.k.p.i.AbstractProblemLoader Environment load took 150.1ns 
21478      INFO  main            d.u.i.k.p.i.AbstractProblemLoader Creating init config 
24749      DEBUG main            d.u.i.k.p.i.AbstractProblemLoader Init config took 3.27s 
24774      INFO  main            d.u.i.k.p.i.AbstractProblemLoader Replaying proof wellformed3.key.proof 
24780      DEBUG main            d.u.i.k.p.i.IntermediateProofReplayer Proof replay took 2.79ms 
24781      DEBUG main            d.u.i.k.p.r.p.TestFile    ... success: reloaded. 
24782      INFO  main            d.u.i.k.p.r.p.TestFile    Now processing file /home/runner/work/key/key/key.core/../key.ui/examples/heap/polarity_tests/wellformed4.key 
24783      INFO  main            d.u.i.k.p.i.AbstractProblemLoader Loading environment from /home/runner/work/key/key/key.core/../key.ui/examples/heap/polarity_tests/wellformed4.key 
24785      DEBUG main            d.u.i.k.p.i.AbstractProblemLoader Environment load took 2.12ms 
24786      INFO  main            d.u.i.k.p.i.AbstractProblemLoader Creating init config 
27980      DEBUG main            d.u.i.k.p.i.AbstractProblemLoader Init config took 3.19s 
28002      INFO  main            d.u.i.k.p.i.AbstractProblemLoader Replaying proof wellformed4.key 
28004      DEBUG main            d.u.i.k.p.i.IntermediateProofReplayer Proof replay took 7.1ns 
28108      INFO  main            d.u.i.k.p.r.p.TestFile    ... finished proof: open goal(s) 
28258      INFO  main            d.u.i.k.p.r.p.TestFile    Now processing file /home/runner/work/key/key/key.core/../key.ui/examples/heap/polarity_tests/wellformed5.key 
28258      INFO  main            d.u.i.k.p.i.AbstractProblemLoader Loading environment from /home/runner/work/key/key/key.core/../key.ui/examples/heap/polarity_tests/wellformed5.key 
28258      DEBUG main            d.u.i.k.p.i.AbstractProblemLoader Environment load took 75ns 
28259      INFO  main            d.u.i.k.p.i.AbstractProblemLoader Creating init config 
31432      DEBUG main            d.u.i.k.p.i.AbstractProblemLoader Init config took 3.17s 
31461      INFO  main            d.u.i.k.p.i.AbstractProblemLoader Replaying proof wellformed5.key 
31465      DEBUG main            d.u.i.k.p.i.IntermediateProofReplayer Proof replay took 8.4ns 
31568      INFO  main            d.u.i.k.p.r.p.TestFile    ... finished proof: closed. 
31719      INFO  main            d.u.i.k.p.i.AbstractProblemLoader Loading environment from /home/runner/work/key/key/key.core/../key.ui/examples/heap/polarity_tests/wellformed5.key.proof 
31719      DEBUG main            d.u.i.k.p.i.AbstractProblemLoader Environment load took 130.3ns 
31720      INFO  main            d.u.i.k.p.i.AbstractProblemLoader Creating init config 
34916      DEBUG main            d.u.i.k.p.i.AbstractProblemLoader Init config took 3.2s 
34939      INFO  main            d.u.i.k.p.i.AbstractProblemLoader Replaying proof wellformed5.key.proof 
34942      DEBUG main            d.u.i.k.p.i.IntermediateProofReplayer Proof replay took 1.36ms 
34944      DEBUG main            d.u.i.k.p.r.p.TestFile    ... success: reloaded. 
34945      INFO  main            d.u.i.k.p.r.p.TestFile    Now processing file /home/runner/work/key/key/key.core/../key.ui/examples/heap/polarity_tests/wellformed6.key 
34945      INFO  main            d.u.i.k.p.i.AbstractProblemLoader Loading environment from /home/runner/work/key/key/key.core/../key.ui/examples/heap/polarity_tests/wellformed6.key 
34945      DEBUG main            d.u.i.k.p.i.AbstractProblemLoader Environment load took 313.21ns 
34947      INFO  main            d.u.i.k.p.i.AbstractProblemLoader Creating init config 
38109      DEBUG main            d.u.i.k.p.i.AbstractProblemLoader Init config took 3.16s 
38140      INFO  main            d.u.i.k.p.i.AbstractProblemLoader Replaying proof wellformed6.key 
38142      DEBUG main            d.u.i.k.p.i.IntermediateProofReplayer Proof replay took 8.1ns 
38245      INFO  main            d.u.i.k.p.r.p.TestFile    ... finished proof: open goal(s) 
38406      INFO  main            d.u.i.k.p.r.p.TestFile    Now processing file /home/runner/work/key/key/key.core/../key.ui/examples/heap/polarity_tests/wellformed7.key 
38407      INFO  main            d.u.i.k.p.i.AbstractProblemLoader Loading environment from /home/runner/work/key/key/key.core/../key.ui/examples/heap/polarity_tests/wellformed7.key 
38408      DEBUG main            d.u.i.k.p.i.AbstractProblemLoader Environment load took 375.51ns 
38409      INFO  main            d.u.i.k.p.i.AbstractProblemLoader Creating init config 
41523      DEBUG main            d.u.i.k.p.i.AbstractProblemLoader Init config took 3.11s 
41554      INFO  main            d.u.i.k.p.i.AbstractProblemLoader Replaying proof wellformed7.key 
41557      DEBUG main            d.u.i.k.p.i.IntermediateProofReplayer Proof replay took 7.9ns 
41663      INFO  main            d.u.i.k.p.r.p.TestFile    ... finished proof: closed. 
41834      INFO  main            d.u.i.k.p.i.AbstractProblemLoader Loading environment from /home/runner/work/key/key/key.core/../key.ui/examples/heap/polarity_tests/wellformed7.key.proof 
41834      DEBUG main            d.u.i.k.p.i.AbstractProblemLoader Environment load took 130.4ns 
41836      INFO  main            d.u.i.k.p.i.AbstractProblemLoader Creating init config 
45003      DEBUG main            d.u.i.k.p.i.AbstractProblemLoader Init config took 3.17s 
45023      INFO  main            d.u.i.k.p.i.AbstractProblemLoader Replaying proof wellformed7.key.proof 
45027      DEBUG main            d.u.i.k.p.i.IntermediateProofReplayer Proof replay took 1.9ms 
45029      DEBUG main            d.u.i.k.p.r.p.TestFile    ... success: reloaded. 
45030      INFO  main            d.u.i.k.p.r.p.TestFile    Now processing file /home/runner/work/key/key/key.core/../key.ui/examples/heap/polarity_tests/wellformed8.key 
45030      INFO  main            d.u.i.k.p.i.AbstractProblemLoader Loading environment from /home/runner/work/key/key/key.core/../key.ui/examples/heap/polarity_tests/wellformed8.key 
45031      DEBUG main            d.u.i.k.p.i.AbstractProblemLoader Environment load took 266.11ns 
45032      INFO  main            d.u.i.k.p.i.AbstractProblemLoader Creating init config 
48198      DEBUG main            d.u.i.k.p.i.AbstractProblemLoader Init config took 3.17s 
48217      INFO  main            d.u.i.k.p.i.AbstractProblemLoader Replaying proof wellformed8.key 
48219      DEBUG main            d.u.i.k.p.i.IntermediateProofReplayer Proof replay took 9.3ns 
48323      INFO  main            d.u.i.k.p.r.p.TestFile    ... finished proof: open goal(s) 
48529      INFO  main            d.u.i.k.p.r.p.TestFile    Now processing file /home/runner/work/key/key/key.core/../key.ui/examples/heap/polarity_tests/wellformed9.key 
48533      INFO  main            d.u.i.k.p.i.AbstractProblemLoader Loading environment from /home/runner/work/key/key/key.core/../key.ui/examples/heap/polarity_tests/wellformed9.key 
48533      DEBUG main            d.u.i.k.p.i.AbstractProblemLoader Environment load took 257.51ns 
48534      INFO  main            d.u.i.k.p.i.AbstractProblemLoader Creating init config 
51625      DEBUG main            d.u.i.k.p.i.AbstractProblemLoader Init config took 3.09s 
51644      INFO  main            d.u.i.k.p.i.AbstractProblemLoader Replaying proof wellformed9.key 
51646      DEBUG main            d.u.i.k.p.i.IntermediateProofReplayer Proof replay took 7.5ns 
51752      INFO  main            d.u.i.k.p.r.p.TestFile    ... finished proof: closed. 
51909      INFO  main            d.u.i.k.p.i.AbstractProblemLoader Loading environment from /home/runner/work/key/key/key.core/../key.ui/examples/heap/polarity_tests/wellformed9.key.proof 
51909      DEBUG main            d.u.i.k.p.i.AbstractProblemLoader Environment load took 146.6ns 
51910      INFO  main            d.u.i.k.p.i.AbstractProblemLoader Creating init config 
54964      DEBUG main            d.u.i.k.p.i.AbstractProblemLoader Init config took 3.05s 
54982      INFO  main            d.u.i.k.p.i.AbstractProblemLoader Replaying proof wellformed9.key.proof 
54985      DEBUG main            d.u.i.k.p.i.IntermediateProofReplayer Proof replay took 1.49ms 
54987      DEBUG main            d.u.i.k.p.r.p.TestFile    ... success: reloaded. 
54987      INFO  main            d.u.i.k.p.r.p.TestFile    Now processing file /home/runner/work/key/key/key.core/../key.ui/examples/heap/polarity_tests/wellformed10.key 
54988      INFO  main            d.u.i.k.p.i.AbstractProblemLoader Loading environment from /home/runner/work/key/key/key.core/../key.ui/examples/heap/polarity_tests/wellformed10.key 
54988      DEBUG main            d.u.i.k.p.i.AbstractProblemLoader Environment load took 123.4ns 
54989      INFO  main            d.u.i.k.p.i.AbstractProblemLoader Creating init config 
58143      DEBUG main            d.u.i.k.p.i.AbstractProblemLoader Init config took 3.15s 
58160      INFO  main            d.u.i.k.p.i.AbstractProblemLoader Replaying proof wellformed10.key 
58162      DEBUG main            d.u.i.k.p.i.IntermediateProofReplayer Proof replay took 8.2ns 
58265      INFO  main            d.u.i.k.p.r.p.TestFile    ... finished proof: open goal(s) 
58466      INFO  main            d.u.i.k.p.r.p.TestFile    Now processing file /home/runner/work/key/key/key.core/../key.ui/examples/heap/polarity_tests/wellformed11.key 
58467      INFO  main            d.u.i.k.p.i.AbstractProblemLoader Loading environment from /home/runner/work/key/key/key.core/../key.ui/examples/heap/polarity_tests/wellformed11.key 
58467      DEBUG main            d.u.i.k.p.i.AbstractProblemLoader Environment load took 79.1ns 
58468      INFO  main            d.u.i.k.p.i.AbstractProblemLoader Creating init config 
61594      DEBUG main            d.u.i.k.p.i.AbstractProblemLoader Init config took 3.13s 
61612      INFO  main            d.u.i.k.p.i.AbstractProblemLoader Replaying proof wellformed11.key 
61614      DEBUG main            d.u.i.k.p.i.IntermediateProofReplayer Proof replay took 8.1ns 
61718      INFO  main            d.u.i.k.p.r.p.TestFile    ... finished proof: open goal(s) 
580010     INFO  Test worker     d.u.i.k.p.r.RunAllProofsTestUnit Returning from test applicationRestrictions 
580015     INFO  Test worker     d.u.i.k.p.r.RunAllProofsTestUnit Running test blockContracts 
426        WARN  main            d.u.i.k.s.ProofSettings   The settings in /home/runner/.key/proof-settings.props are *not* read. 
430        INFO  Timeout watchdog d.u.i.k.p.r.p.ForkedTestFileRunner Timeout watcher launched (2000 secs.) 
480        INFO  main            d.u.i.k.p.r.p.TestFile    Now processing file /home/runner/work/key/key/key.core/../key.ui/examples/heap/block_contracts/Simple__add.key 
661        INFO  main            d.u.i.k.p.i.AbstractProblemLoader Loading environment from /home/runner/work/key/key/key.core/../key.ui/examples/heap/block_contracts/Simple__add.key 
686        DEBUG main            d.u.i.k.p.i.AbstractProblemLoader Environment load took 2.87ms 
980        INFO  main            d.u.i.k.p.i.AbstractProblemLoader Creating init config 
2097       DEBUG main            d.u.i.k.j.TypeConverter   No LDT found for Meta 
2097       DEBUG main            d.u.i.k.j.TypeConverter   No LDT found for Meta 
2099       DEBUG main            d.u.i.k.j.TypeConverter   No LDT found for Meta 
2099       DEBUG main            d.u.i.k.j.TypeConverter   No LDT found for Meta 
3742       DEBUG main            d.u.i.k.j.TypeConverter   No LDT found for JavaBigintExpression 
10908      DEBUG main            d.u.i.k.p.i.AbstractProblemLoader Init config took 9.93s 
11129      INFO  main            d.u.i.k.p.i.AbstractProblemLoader Replaying proof Simple[Simple::add(int,int)].JML operation contract.0 
11239      DEBUG main            d.u.i.k.p.i.IntermediateProofReplayer Proof replay took 434.21ns 
12078      INFO  main            d.u.i.k.p.r.p.TestFile    ... finished proof: closed. 
12210      INFO  main            d.u.i.k.p.i.AbstractProblemLoader Loading environment from /home/runner/work/key/key/key.core/../key.ui/examples/heap/block_contracts/Simple__add.key.proof 
12211      DEBUG main            d.u.i.k.p.i.AbstractProblemLoader Environment load took 1.22ms 
12213      INFO  main            d.u.i.k.p.i.AbstractProblemLoader Creating init config 
16485      DEBUG main            d.u.i.k.p.i.AbstractProblemLoader Init config took 4.27s 
16567      INFO  main            d.u.i.k.p.i.AbstractProblemLoader Replaying proof Simple[Simple::add(int,int)].JML operation contract.0 
16657      DEBUG main            d.u.i.k.p.i.IntermediateProofReplayer Proof replay took 84.92ms 
16665      DEBUG main            d.u.i.k.p.r.p.TestFile    ... success: reloaded. 
16667      INFO  main            d.u.i.k.p.r.p.TestFile    Now processing file /home/runner/work/key/key/key.core/../key.ui/examples/heap/block_contracts/Simple__addAbsoluteValues.key 
16668      INFO  main            d.u.i.k.p.i.AbstractProblemLoader Loading environment from /home/runner/work/key/key/key.core/../key.ui/examples/heap/block_contracts/Simple__addAbsoluteValues.key 
16668      DEBUG main            d.u.i.k.p.i.AbstractProblemLoader Environment load took 302.41ns 
16670      INFO  main            d.u.i.k.p.i.AbstractProblemLoader Creating init config 
20591      DEBUG main            d.u.i.k.p.i.AbstractProblemLoader Init config took 3.92s 
20682      INFO  main            d.u.i.k.p.i.AbstractProblemLoader Replaying proof Simple[Simple::addAbsoluteValues(int,int)].JML normal_behavior operation contract.0 
20685      DEBUG main            d.u.i.k.p.i.IntermediateProofReplayer Proof replay took 16.4ns 
21797      INFO  main            d.u.i.k.p.r.p.TestFile    ... finished proof: closed. 
22070      INFO  main            d.u.i.k.p.i.AbstractProblemLoader Loading environment from /home/runner/work/key/key/key.core/../key.ui/examples/heap/block_contracts/Simple__addAbsoluteValues.key.proof 
22071      DEBUG main            d.u.i.k.p.i.AbstractProblemLoader Environment load took 161.8ns 
22072      INFO  main            d.u.i.k.p.i.AbstractProblemLoader Creating init config 
25893      DEBUG main            d.u.i.k.p.i.AbstractProblemLoader Init config took 3.82s 
25954      INFO  main            d.u.i.k.p.i.AbstractProblemLoader Replaying proof Simple[Simple::addAbsoluteValues(int,int)].JML normal_behavior operation contract.0 
26200      DEBUG main            d.u.i.k.p.i.IntermediateProofReplayer Proof replay took 236.53ms 
26202      DEBUG main            d.u.i.k.p.r.p.TestFile    ... success: reloaded. 
26205      INFO  main            d.u.i.k.p.r.p.TestFile    Now processing file /home/runner/work/key/key/key.core/../key.ui/examples/heap/block_contracts/Simple__addWithJump.key 
26205      INFO  main            d.u.i.k.p.i.AbstractProblemLoader Loading environment from /home/runner/work/key/key/key.core/../key.ui/examples/heap/block_contracts/Simple__addWithJump.key 
26206      DEBUG main            d.u.i.k.p.i.AbstractProblemLoader Environment load took 288.81ns 
26209      INFO  main            d.u.i.k.p.i.AbstractProblemLoader Creating init config 
30088      DEBUG main            d.u.i.k.p.i.AbstractProblemLoader Init config took 3.88s 
30152      INFO  main            d.u.i.k.p.i.AbstractProblemLoader Replaying proof Simple[Simple::addWithJump(int,int,int)].JML operation contract.0 
30156      DEBUG main            d.u.i.k.p.i.IntermediateProofReplayer Proof replay took 25.9ns 
30362      INFO  main            d.u.i.k.p.r.p.TestFile    ... finished proof: closed. 
30576      INFO  main            d.u.i.k.p.i.AbstractProblemLoader Loading environment from /home/runner/work/key/key/key.core/../key.ui/examples/heap/block_contracts/Simple__addWithJump.key.proof 
30576      DEBUG main            d.u.i.k.p.i.AbstractProblemLoader Environment load took 138.3ns 
30579      INFO  main            d.u.i.k.p.i.AbstractProblemLoader Creating init config 
34326      DEBUG main            d.u.i.k.p.i.AbstractProblemLoader Init config took 3.75s 
34384      INFO  main            d.u.i.k.p.i.AbstractProblemLoader Replaying proof Simple[Simple::addWithJump(int,int,int)].JML operation contract.0 
34439      DEBUG main            d.u.i.k.p.i.IntermediateProofReplayer Proof replay took 52.4ms 
34441      DEBUG main            d.u.i.k.p.r.p.TestFile    ... success: reloaded. 
34443      INFO  main            d.u.i.k.p.r.p.TestFile    Now processing file /home/runner/work/key/key/key.core/../key.ui/examples/heap/block_contracts/Simple__addWithTwoBlockContracts.key 
34443      INFO  main            d.u.i.k.p.i.AbstractProblemLoader Loading environment from /home/runner/work/key/key/key.core/../key.ui/examples/heap/block_contracts/Simple__addWithTwoBlockContracts.key 
34443      DEBUG main            d.u.i.k.p.i.AbstractProblemLoader Environment load took 276.41ns 
34445      INFO  main            d.u.i.k.p.i.AbstractProblemLoader Creating init config 
38142      DEBUG main            d.u.i.k.p.i.AbstractProblemLoader Init config took 3.7s 
38195      INFO  main            d.u.i.k.p.i.AbstractProblemLoader Replaying proof Simple[Simple::addWithTwoBlockContracts(int,int,int)].JML operation contract.0 
38198      DEBUG main            d.u.i.k.p.i.IntermediateProofReplayer Proof replay took 13.5ns 
38502      INFO  main            d.u.i.k.p.r.p.TestFile    ... finished proof: closed. 
38709      INFO  main            d.u.i.k.p.i.AbstractProblemLoader Loading environment from /home/runner/work/key/key/key.core/../key.ui/examples/heap/block_contracts/Simple__addWithTwoBlockContracts.key.proof 
38710      DEBUG main            d.u.i.k.p.i.AbstractProblemLoader Environment load took 523.41ns 
38711      INFO  main            d.u.i.k.p.i.AbstractProblemLoader Creating init config 
42356      DEBUG main            d.u.i.k.p.i.AbstractProblemLoader Init config took 3.64s 
42409      INFO  main            d.u.i.k.p.i.AbstractProblemLoader Replaying proof Simple[Simple::addWithTwoBlockContracts(int,int,int)].JML operation contract.0 
42491      DEBUG main            d.u.i.k.p.i.IntermediateProofReplayer Proof replay took 77.66ms 
42493      DEBUG main            d.u.i.k.p.r.p.TestFile    ... success: reloaded. 
42495      INFO  main            d.u.i.k.p.r.p.TestFile    Now processing file /home/runner/work/key/key/key.core/../key.ui/examples/heap/block_contracts/Simple__generateByteArray.key 
42496      INFO  main            d.u.i.k.p.i.AbstractProblemLoader Loading environment from /home/runner/work/key/key/key.core/../key.ui/examples/heap/block_contracts/Simple__generateByteArray.key 
42504      DEBUG main            d.u.i.k.p.i.AbstractProblemLoader Environment load took 8.55ms 
42505      INFO  main            d.u.i.k.p.i.AbstractProblemLoader Creating init config 
46261      DEBUG main            d.u.i.k.p.i.AbstractProblemLoader Init config took 3.76s 
46315      INFO  main            d.u.i.k.p.i.AbstractProblemLoader Replaying proof Simple[Simple::generateByteArray()].JML normal_behavior operation contract.0 
46318      DEBUG main            d.u.i.k.p.i.IntermediateProofReplayer Proof replay took 13.8ns 
48936      INFO  main            d.u.i.k.p.r.p.TestFile    ... finished proof: closed. 
49171      INFO  main            d.u.i.k.p.i.AbstractProblemLoader Loading environment from /home/runner/work/key/key/key.core/../key.ui/examples/heap/block_contracts/Simple__generateByteArray.key.proof 
49176      DEBUG main            d.u.i.k.p.i.AbstractProblemLoader Environment load took 5.46ms 
49185      INFO  main            d.u.i.k.p.i.AbstractProblemLoader Creating init config 
52809      DEBUG main            d.u.i.k.p.i.AbstractProblemLoader Init config took 3.62s 
52864      INFO  main            d.u.i.k.p.i.AbstractProblemLoader Replaying proof Simple[Simple::generateByteArray()].JML normal_behavior operation contract.0 
53212      DEBUG main            d.u.i.k.p.i.IntermediateProofReplayer Proof replay took 331.91ms 
53214      DEBUG main            d.u.i.k.p.r.p.TestFile    ... success: reloaded. 
53216      INFO  main            d.u.i.k.p.r.p.TestFile    Now processing file /home/runner/work/key/key/key.core/../key.ui/examples/heap/block_contracts/Simple__getLength.key 
53217      INFO  main            d.u.i.k.p.i.AbstractProblemLoader Loading environment from /home/runner/work/key/key/key.core/../key.ui/examples/heap/block_contracts/Simple__getLength.key 
53217      DEBUG main            d.u.i.k.p.i.AbstractProblemLoader Environment load took 291.51ns 
53218      INFO  main            d.u.i.k.p.i.AbstractProblemLoader Creating init config 
57004      DEBUG main            d.u.i.k.p.i.AbstractProblemLoader Init config took 3.79s 
57059      INFO  main            d.u.i.k.p.i.AbstractProblemLoader Replaying proof Simple[Simple::getLength()].JML normal_behavior operation contract.0 
57061      DEBUG main            d.u.i.k.p.i.IntermediateProofReplayer Proof replay took 14.2ns 
57168      INFO  main            d.u.i.k.p.r.p.TestFile    ... finished proof: closed. 
57430      INFO  main            d.u.i.k.p.i.AbstractProblemLoader Loading environment from /home/runner/work/key/key/key.core/../key.ui/examples/heap/block_contracts/Simple__getLength.key.proof 
57430      DEBUG main            d.u.i.k.p.i.AbstractProblemLoader Environment load took 158.1ns 
57431      INFO  main            d.u.i.k.p.i.AbstractProblemLoader Creating init config 
61140      DEBUG main            d.u.i.k.p.i.AbstractProblemLoader Init config took 3.71s 
61199      INFO  main            d.u.i.k.p.i.AbstractProblemLoader Replaying proof Simple[Simple::getLength()].JML normal_behavior operation contract.0 
61210      DEBUG main            d.u.i.k.p.i.IntermediateProofReplayer Proof replay took 8.49ms 
61211      DEBUG main            d.u.i.k.p.r.p.TestFile    ... success: reloaded. 
61213      INFO  main            d.u.i.k.p.r.p.TestFile    Now processing file /home/runner/work/key/key/key.core/../key.ui/examples/heap/block_contracts/Simple__square.key 
61213      INFO  main            d.u.i.k.p.i.AbstractProblemLoader Loading environment from /home/runner/work/key/key/key.core/../key.ui/examples/heap/block_contracts/Simple__square.key 
61214      DEBUG main            d.u.i.k.p.i.AbstractProblemLoader Environment load took 254.81ns 
61215      INFO  main            d.u.i.k.p.i.AbstractProblemLoader Creating init config 
64986      DEBUG main            d.u.i.k.p.i.AbstractProblemLoader Init config took 3.77s 
65052      INFO  main            d.u.i.k.p.i.AbstractProblemLoader Replaying proof Simple[Simple::square(int)].JML operation contract.0 
65054      DEBUG main            d.u.i.k.p.i.IntermediateProofReplayer Proof replay took 13ns 
65459      INFO  main            d.u.i.k.p.r.p.TestFile    ... finished proof: closed. 
65683      INFO  main            d.u.i.k.p.i.AbstractProblemLoader Loading environment from /home/runner/work/key/key/key.core/../key.ui/examples/heap/block_contracts/Simple__square.key.proof 
65684      DEBUG main            d.u.i.k.p.i.AbstractProblemLoader Environment load took 1.13ms 
65686      INFO  main            d.u.i.k.p.i.AbstractProblemLoader Creating init config 
69258      DEBUG main            d.u.i.k.p.i.AbstractProblemLoader Init config took 3.57s 
69303      INFO  main            d.u.i.k.p.i.AbstractProblemLoader Replaying proof Simple[Simple::square(int)].JML operation contract.0 
69412      DEBUG main            d.u.i.k.p.i.IntermediateProofReplayer Proof replay took 105.55ms 
69413      DEBUG main            d.u.i.k.p.r.p.TestFile    ... success: reloaded. 
69414      INFO  main            d.u.i.k.p.r.p.TestFile    Now processing file /home/runner/work/key/key/key.core/../key.ui/examples/heap/block_contracts/Simple__unnecessaryBlockContract.key 
69415      INFO  main            d.u.i.k.p.i.AbstractProblemLoader Loading environment from /home/runner/work/key/key/key.core/../key.ui/examples/heap/block_contracts/Simple__unnecessaryBlockContract.key 
69415      DEBUG main            d.u.i.k.p.i.AbstractProblemLoader Environment load took 156.9ns 
69416      INFO  main            d.u.i.k.p.i.AbstractProblemLoader Creating init config 
72998      DEBUG main            d.u.i.k.p.i.AbstractProblemLoader Init config took 3.58s 
73045      INFO  main            d.u.i.k.p.i.AbstractProblemLoader Replaying proof Simple[Simple::unnecessaryBlockContract()].JML operation contract.0 
73047      DEBUG main            d.u.i.k.p.i.IntermediateProofReplayer Proof replay took 16.1ns 
73150      INFO  main            d.u.i.k.p.r.p.TestFile    ... finished proof: closed. 
73404      INFO  main            d.u.i.k.p.i.AbstractProblemLoader Loading environment from /home/runner/work/key/key/key.core/../key.ui/examples/heap/block_contracts/Simple__unnecessaryBlockContract.key.proof 
73404      DEBUG main            d.u.i.k.p.i.AbstractProblemLoader Environment load took 153.6ns 
73407      INFO  main            d.u.i.k.p.i.AbstractProblemLoader Creating init config 
77045      DEBUG main            d.u.i.k.p.i.AbstractProblemLoader Init config took 3.64s 
77091      INFO  main            d.u.i.k.p.i.AbstractProblemLoader Replaying proof Simple[Simple::unnecessaryBlockContract()].JML operation contract.0 
77118      DEBUG main            d.u.i.k.p.i.IntermediateProofReplayer Proof replay took 25.45ms 
77119      DEBUG main            d.u.i.k.p.r.p.TestFile    ... success: reloaded. 
77121      INFO  main            d.u.i.k.p.r.p.TestFile    Now processing file /home/runner/work/key/key/key.core/../key.ui/examples/heap/block_contracts/Simple__unnecessaryLoopInvariant.key 
77121      INFO  main            d.u.i.k.p.i.AbstractProblemLoader Loading environment from /home/runner/work/key/key/key.core/../key.ui/examples/heap/block_contracts/Simple__unnecessaryLoopInvariant.key 
77121      DEBUG main            d.u.i.k.p.i.AbstractProblemLoader Environment load took 98.7ns 
77122      INFO  main            d.u.i.k.p.i.AbstractProblemLoader Creating init config 
80787      DEBUG main            d.u.i.k.p.i.AbstractProblemLoader Init config took 3.66s 
80831      INFO  main            d.u.i.k.p.i.AbstractProblemLoader Replaying proof Simple[Simple::unnecessaryLoopInvariant()].JML operation contract.0 
80833      DEBUG main            d.u.i.k.p.i.IntermediateProofReplayer Proof replay took 12.4ns 
80937      INFO  main            d.u.i.k.p.r.p.TestFile    ... finished proof: closed. 
81185      INFO  main            d.u.i.k.p.i.AbstractProblemLoader Loading environment from /home/runner/work/key/key/key.core/../key.ui/examples/heap/block_contracts/Simple__unnecessaryLoopInvariant.key.proof 
81185      DEBUG main            d.u.i.k.p.i.AbstractProblemLoader Environment load took 125.6ns 
81186      INFO  main            d.u.i.k.p.i.AbstractProblemLoader Creating init config 
84705      DEBUG main            d.u.i.k.p.i.AbstractProblemLoader Init config took 3.52s 
84748      INFO  main            d.u.i.k.p.i.AbstractProblemLoader Replaying proof Simple[Simple::unnecessaryLoopInvariant()].JML operation contract.0 
84763      DEBUG main            d.u.i.k.p.i.IntermediateProofReplayer Proof replay took 13.25ms 
84764      DEBUG main            d.u.i.k.p.r.p.TestFile    ... success: reloaded. 
84766      INFO  main            d.u.i.k.p.r.p.TestFile    Now processing file /home/runner/work/key/key/key.core/../key.ui/examples/standard_key/java_dl/jml-assert/assert.key 
84766      INFO  main            d.u.i.k.p.i.AbstractProblemLoader Loading environment from /home/runner/work/key/key/key.core/../key.ui/examples/standard_key/java_dl/jml-assert/assert.key 
84766      DEBUG main            d.u.i.k.p.i.AbstractProblemLoader Environment load took 206.31ns 
84767      INFO  main            d.u.i.k.p.i.AbstractProblemLoader Creating init config 
87910      DEBUG main            d.u.i.k.p.i.AbstractProblemLoader Init config took 3.14s 
87956      INFO  main            d.u.i.k.p.i.AbstractProblemLoader Replaying proof Assert[Assert::createArray(int)].JML normal_behavior operation contract.0 
87958      DEBUG main            d.u.i.k.p.i.IntermediateProofReplayer Proof replay took 6.8ns 
88161      INFO  main            d.u.i.k.p.r.p.TestFile    ... finished proof: closed. 
88397      INFO  main            d.u.i.k.p.i.AbstractProblemLoader Loading environment from /home/runner/work/key/key/key.core/../key.ui/examples/standard_key/java_dl/jml-assert/assert.key.proof 
88397      DEBUG main            d.u.i.k.p.i.AbstractProblemLoader Environment load took 136.2ns 
88399      INFO  main            d.u.i.k.p.i.AbstractProblemLoader Creating init config 
91454      DEBUG main            d.u.i.k.p.i.AbstractProblemLoader Init config took 3.06s 
91496      INFO  main            d.u.i.k.p.i.AbstractProblemLoader Replaying proof Assert[Assert::createArray(int)].JML normal_behavior operation contract.0 
91549      DEBUG main            d.u.i.k.p.i.IntermediateProofReplayer Proof replay took 50.14ms 
91551      DEBUG main            d.u.i.k.p.r.p.TestFile    ... success: reloaded. 
91552      INFO  main            d.u.i.k.p.r.p.TestFile    Now processing file /home/runner/work/key/key/key.core/../key.ui/examples/standard_key/java_dl/jml-assert/assert_assume_order.key 
91553      INFO  main            d.u.i.k.p.i.AbstractProblemLoader Loading environment from /home/runner/work/key/key/key.core/../key.ui/examples/standard_key/java_dl/jml-assert/assert_assume_order.key 
91553      DEBUG main            d.u.i.k.p.i.AbstractProblemLoader Environment load took 286.31ns 
91554      INFO  main            d.u.i.k.p.i.AbstractProblemLoader Creating init config 
94658      DEBUG main            d.u.i.k.p.i.AbstractProblemLoader Init config took 3.1s 
94700      INFO  main            d.u.i.k.p.i.AbstractProblemLoader Replaying proof AssertAssume[AssertAssume::singleAssumeAssert(int)].JML normal_behavior operation contract.0 
94701      DEBUG main            d.u.i.k.p.i.IntermediateProofReplayer Proof replay took 7.4ns 
94805      INFO  main            d.u.i.k.p.r.p.TestFile    ... finished proof: closed. 
95025      INFO  main            d.u.i.k.p.i.AbstractProblemLoader Loading environment from /home/runner/work/key/key/key.core/../key.ui/examples/standard_key/java_dl/jml-assert/assert_assume_order.key.proof 
95026      DEBUG main            d.u.i.k.p.i.AbstractProblemLoader Environment load took 133.5ns 
95027      INFO  main            d.u.i.k.p.i.AbstractProblemLoader Creating init config 
98102      DEBUG main            d.u.i.k.p.i.AbstractProblemLoader Init config took 3.07s 
98144      INFO  main            d.u.i.k.p.i.AbstractProblemLoader Replaying proof AssertAssume[AssertAssume::singleAssumeAssert(int)].JML normal_behavior operation contract.0 
98160      DEBUG main            d.u.i.k.p.i.IntermediateProofReplayer Proof replay took 11.55ms 
98162      DEBUG main            d.u.i.k.p.r.p.TestFile    ... success: reloaded. 
98165      INFO  main            d.u.i.k.p.r.p.TestFile    Now processing file /home/runner/work/key/key/key.core/../key.ui/examples/heap/block_loop_contracts/SimpleVariants/sum_onBlock_external.key 
98166      INFO  main            d.u.i.k.p.i.AbstractProblemLoader Loading environment from /home/runner/work/key/key/key.core/../key.ui/examples/heap/block_loop_contracts/SimpleVariants/sum_onBlock_external.key 
98166      DEBUG main            d.u.i.k.p.i.AbstractProblemLoader Environment load took 277.61ns 
98169      INFO  main            d.u.i.k.p.i.AbstractProblemLoader Creating init config 
101668     DEBUG main            d.u.i.k.p.i.AbstractProblemLoader Init config took 3.5s 
101707     INFO  main            d.u.i.k.p.i.AbstractProblemLoader Replaying proof LoopContractExamplesAll[LoopContractExamplesAll::sum_loopContract_onBlock([I)].JML normal_behavior operation contract.0 
101711     DEBUG main            d.u.i.k.p.i.IntermediateProofReplayer Proof replay took 12.4ns 
101813     INFO  main            d.u.i.k.p.r.p.TestFile    ... finished proof: closed. 
102100     INFO  main            d.u.i.k.p.i.AbstractProblemLoader Loading environment from /home/runner/work/key/key/key.core/../key.ui/examples/heap/block_loop_contracts/SimpleVariants/sum_onBlock_external.key.proof 
102100     DEBUG main            d.u.i.k.p.i.AbstractProblemLoader Environment load took 140.4ns 
102101     INFO  main            d.u.i.k.p.i.AbstractProblemLoader Creating init config 
105427     DEBUG main            d.u.i.k.p.i.AbstractProblemLoader Init config took 3.33s 
105477     INFO  main            d.u.i.k.p.i.AbstractProblemLoader Replaying proof LoopContractExamplesAll[LoopContractExamplesAll::sum_loopContract_onBlock([I)].JML normal_behavior operation contract.0 
105522     DEBUG main            d.u.i.k.p.i.IntermediateProofReplayer Proof replay took 43.41ms 
105523     DEBUG main            d.u.i.k.p.r.p.TestFile    ... success: reloaded. 
105525     INFO  main            d.u.i.k.p.r.p.TestFile    Now processing file /home/runner/work/key/key/key.core/../key.ui/examples/heap/block_loop_contracts/SimpleVariants/sum_onBlock_internal.key 
105525     INFO  main            d.u.i.k.p.i.AbstractProblemLoader Loading environment from /home/runner/work/key/key/key.core/../key.ui/examples/heap/block_loop_contracts/SimpleVariants/sum_onBlock_internal.key 
105525     DEBUG main            d.u.i.k.p.i.AbstractProblemLoader Environment load took 117.8ns 
105526     INFO  main            d.u.i.k.p.i.AbstractProblemLoader Creating init config 
108859     DEBUG main            d.u.i.k.p.i.AbstractProblemLoader Init config took 3.33s 
108899     INFO  main            d.u.i.k.p.i.AbstractProblemLoader Replaying proof LoopContractExamplesAll[LoopContractExamplesAll::sum_loopContract_onBlock([I)].JML normal_behavior operation contract.0 
108902     DEBUG main            d.u.i.k.p.i.IntermediateProofReplayer Proof replay took 13.1ns 
109734     INFO  main            d.u.i.k.p.r.p.TestFile    ... finished proof: closed. 
110024     INFO  main            d.u.i.k.p.i.AbstractProblemLoader Loading environment from /home/runner/work/key/key/key.core/../key.ui/examples/heap/block_loop_contracts/SimpleVariants/sum_onBlock_internal.key.proof 
110025     DEBUG main            d.u.i.k.p.i.AbstractProblemLoader Environment load took 673.32ns 
110026     INFO  main            d.u.i.k.p.i.AbstractProblemLoader Creating init config 
113333     DEBUG main            d.u.i.k.p.i.AbstractProblemLoader Init config took 3.31s 
113374     INFO  main            d.u.i.k.p.i.AbstractProblemLoader Replaying proof LoopContractExamplesAll[LoopContractExamplesAll::sum_loopContract_onBlock([I)].JML normal_behavior operation contract.0 
113707     DEBUG main            d.u.i.k.p.i.IntermediateProofReplayer Proof replay took 329.83ms 
113709     DEBUG main            d.u.i.k.p.r.p.TestFile    ... success: reloaded. 
113710     INFO  main            d.u.i.k.p.r.p.TestFile    Now processing file /home/runner/work/key/key/key.core/../key.ui/examples/heap/block_loop_contracts/SimpleVariants/sum_onBlock_loop.key 
113711     INFO  main            d.u.i.k.p.i.AbstractProblemLoader Loading environment from /home/runner/work/key/key/key.core/../key.ui/examples/heap/block_loop_contracts/SimpleVariants/sum_onBlock_loop.key 
113711     DEBUG main            d.u.i.k.p.i.AbstractProblemLoader Environment load took 277.31ns 
113712     INFO  main            d.u.i.k.p.i.AbstractProblemLoader Creating init config 
117136     DEBUG main            d.u.i.k.p.i.AbstractProblemLoader Init config took 3.42s 
117179     INFO  main            d.u.i.k.p.i.AbstractProblemLoader Replaying proof LoopContractExamplesAll[LoopContractExamplesAll::sum_loopContract_onBlock([I)].JML normal_behavior loop contract.0 
117181     DEBUG main            d.u.i.k.p.i.IntermediateProofReplayer Proof replay took 12ns 
118087     INFO  main            d.u.i.k.p.r.p.TestFile    ... finished proof: closed. 
118400     INFO  main            d.u.i.k.p.i.AbstractProblemLoader Loading environment from /home/runner/work/key/key/key.core/../key.ui/examples/heap/block_loop_contracts/SimpleVariants/sum_onBlock_loop.key.proof 
118401     DEBUG main            d.u.i.k.p.i.AbstractProblemLoader Environment load took 540.91ns 
118402     INFO  main            d.u.i.k.p.i.AbstractProblemLoader Creating init config 
121686     DEBUG main            d.u.i.k.p.i.AbstractProblemLoader Init config took 3.28s 
121726     INFO  main            d.u.i.k.p.i.AbstractProblemLoader Replaying proof LoopContractExamplesAll[LoopContractExamplesAll::sum_loopContract_onBlock([I)].JML normal_behavior loop contract.0 
122009     DEBUG main            d.u.i.k.p.i.IntermediateProofReplayer Proof replay took 279.22ms 
122010     DEBUG main            d.u.i.k.p.r.p.TestFile    ... success: reloaded. 
122012     INFO  main            d.u.i.k.p.r.p.TestFile    Now processing file /home/runner/work/key/key/key.core/../key.ui/examples/heap/block_loop_contracts/SimpleVariants/sum_onLoop_external.key 
122012     INFO  main            d.u.i.k.p.i.AbstractProblemLoader Loading environment from /home/runner/work/key/key/key.core/../key.ui/examples/heap/block_loop_contracts/SimpleVariants/sum_onLoop_external.key 
122012     DEBUG main            d.u.i.k.p.i.AbstractProblemLoader Environment load took 148ns 
122013     INFO  main            d.u.i.k.p.i.AbstractProblemLoader Creating init config 
125426     DEBUG main            d.u.i.k.p.i.AbstractProblemLoader Init config took 3.41s 
125465     INFO  main            d.u.i.k.p.i.AbstractProblemLoader Replaying proof LoopContractExamplesAll[LoopContractExamplesAll::sum_loopContract_onLoop([I)].JML normal_behavior operation contract.0 
125467     DEBUG main            d.u.i.k.p.i.IntermediateProofReplayer Proof replay took 27.5ns 
125569     INFO  main            d.u.i.k.p.r.p.TestFile    ... finished proof: closed. 
125883     INFO  main            d.u.i.k.p.i.AbstractProblemLoader Loading environment from /home/runner/work/key/key/key.core/../key.ui/examples/heap/block_loop_contracts/SimpleVariants/sum_onLoop_external.key.proof 
125883     DEBUG main            d.u.i.k.p.i.AbstractProblemLoader Environment load took 137.3ns 
125886     INFO  main            d.u.i.k.p.i.AbstractProblemLoader Creating init config 
129158     DEBUG main            d.u.i.k.p.i.AbstractProblemLoader Init config took 3.27s 
129200     INFO  main            d.u.i.k.p.i.AbstractProblemLoader Replaying proof LoopContractExamplesAll[LoopContractExamplesAll::sum_loopContract_onLoop([I)].JML normal_behavior operation contract.0 
129233     DEBUG main            d.u.i.k.p.i.IntermediateProofReplayer Proof replay took 31.2ms 
129234     DEBUG main            d.u.i.k.p.r.p.TestFile    ... success: reloaded. 
129235     INFO  main            d.u.i.k.p.r.p.TestFile    Now processing file /home/runner/work/key/key/key.core/../key.ui/examples/heap/block_loop_contracts/SimpleVariants/sum_onLoop_internal.key 
129235     INFO  main            d.u.i.k.p.i.AbstractProblemLoader Loading environment from /home/runner/work/key/key/key.core/../key.ui/examples/heap/block_loop_contracts/SimpleVariants/sum_onLoop_internal.key 
129235     DEBUG main            d.u.i.k.p.i.AbstractProblemLoader Environment load took 87.2ns 
129236     INFO  main            d.u.i.k.p.i.AbstractProblemLoader Creating init config 
132579     DEBUG main            d.u.i.k.p.i.AbstractProblemLoader Init config took 3.34s 
132617     INFO  main            d.u.i.k.p.i.AbstractProblemLoader Replaying proof LoopContractExamplesAll[LoopContractExamplesAll::sum_loopContract_onLoop([I)].JML normal_behavior operation contract.0 
132619     DEBUG main            d.u.i.k.p.i.IntermediateProofReplayer Proof replay took 14.2ns 
133322     INFO  main            d.u.i.k.p.r.p.TestFile    ... finished proof: closed. 
133716     INFO  main            d.u.i.k.p.i.AbstractProblemLoader Loading environment from /home/runner/work/key/key/key.core/../key.ui/examples/heap/block_loop_contracts/SimpleVariants/sum_onLoop_internal.key.proof 
133716     DEBUG main            d.u.i.k.p.i.AbstractProblemLoader Environment load took 574.91ns 
133718     INFO  main            d.u.i.k.p.i.AbstractProblemLoader Creating init config 
136950     DEBUG main            d.u.i.k.p.i.AbstractProblemLoader Init config took 3.23s 
136991     INFO  main            d.u.i.k.p.i.AbstractProblemLoader Replaying proof LoopContractExamplesAll[LoopContractExamplesAll::sum_loopContract_onLoop([I)].JML normal_behavior operation contract.0 
137289     DEBUG main            d.u.i.k.p.i.IntermediateProofReplayer Proof replay took 294.51ms 
137291     DEBUG main            d.u.i.k.p.r.p.TestFile    ... success: reloaded. 
137296     INFO  main            d.u.i.k.p.r.p.TestFile    Now processing file /home/runner/work/key/key/key.core/../key.ui/examples/heap/block_loop_contracts/SimpleVariants/sum_onLoop_loop.key 
137296     INFO  main            d.u.i.k.p.i.AbstractProblemLoader Loading environment from /home/runner/work/key/key/key.core/../key.ui/examples/heap/block_loop_contracts/SimpleVariants/sum_onLoop_loop.key 
137296     DEBUG main            d.u.i.k.p.i.AbstractProblemLoader Environment load took 95.8ns 
137298     INFO  main            d.u.i.k.p.i.AbstractProblemLoader Creating init config 
140764     DEBUG main            d.u.i.k.p.i.AbstractProblemLoader Init config took 3.47s 
140806     INFO  main            d.u.i.k.p.i.AbstractProblemLoader Replaying proof LoopContractExamplesAll[LoopContractExamplesAll::sum_loopContract_onLoop([I)].JML normal_behavior loop contract.0 
140810     DEBUG main            d.u.i.k.p.i.IntermediateProofReplayer Proof replay took 15.1ns 
141715     INFO  main            d.u.i.k.p.r.p.TestFile    ... finished proof: closed. 
142053     INFO  main            d.u.i.k.p.i.AbstractProblemLoader Loading environment from /home/runner/work/key/key/key.core/../key.ui/examples/heap/block_loop_contracts/SimpleVariants/sum_onLoop_loop.key.proof 
142054     DEBUG main            d.u.i.k.p.i.AbstractProblemLoader Environment load took 545.71ns 
142058     INFO  main            d.u.i.k.p.i.AbstractProblemLoader Creating init config 
145292     DEBUG main            d.u.i.k.p.i.AbstractProblemLoader Init config took 3.23s 
145333     INFO  main            d.u.i.k.p.i.AbstractProblemLoader Replaying proof LoopContractExamplesAll[LoopContractExamplesAll::sum_loopContract_onLoop([I)].JML normal_behavior loop contract.0 
145611     DEBUG main            d.u.i.k.p.i.IntermediateProofReplayer Proof replay took 273.64ms 
145612     DEBUG main            d.u.i.k.p.r.p.TestFile    ... success: reloaded. 
145613     INFO  main            d.u.i.k.p.r.p.TestFile    Now processing file /home/runner/work/key/key/key.core/../key.ui/examples/heap/block_loop_contracts/Free/blockContracts0.key 
145614     INFO  main            d.u.i.k.p.i.AbstractProblemLoader Loading environment from /home/runner/work/key/key/key.core/../key.ui/examples/heap/block_loop_contracts/Free/blockContracts0.key 
145614     DEBUG main            d.u.i.k.p.i.AbstractProblemLoader Environment load took 111.8ns 
145615     INFO  main            d.u.i.k.p.i.AbstractProblemLoader Creating init config 
148563     DEBUG main            d.u.i.k.p.i.AbstractProblemLoader Init config took 2.95s 
148601     INFO  main            d.u.i.k.p.i.AbstractProblemLoader Replaying proof FreeConditions[FreeConditions::blockContract0()].JML normal_behavior operation contract.0 
148603     DEBUG main            d.u.i.k.p.i.IntermediateProofReplayer Proof replay took 13.6ns 
148806     INFO  main            d.u.i.k.p.r.p.TestFile    ... finished proof: closed. 
149112     INFO  main            d.u.i.k.p.i.AbstractProblemLoader Loading environment from /home/runner/work/key/key/key.core/../key.ui/examples/heap/block_loop_contracts/Free/blockContracts0.key.proof 
149113     DEBUG main            d.u.i.k.p.i.AbstractProblemLoader Environment load took 126.8ns 
149114     INFO  main            d.u.i.k.p.i.AbstractProblemLoader Creating init config 
151990     DEBUG main            d.u.i.k.p.i.AbstractProblemLoader Init config took 2.88s 
152033     INFO  main            d.u.i.k.p.i.AbstractProblemLoader Replaying proof FreeConditions[FreeConditions::blockContract0()].JML normal_behavior operation contract.0 
152069     DEBUG main            d.u.i.k.p.i.IntermediateProofReplayer Proof replay took 33.28ms 
152071     DEBUG main            d.u.i.k.p.r.p.TestFile    ... success: reloaded. 
152073     INFO  main            d.u.i.k.p.r.p.TestFile    Now processing file /home/runner/work/key/key/key.core/../key.ui/examples/heap/block_loop_contracts/Free/blockContracts1.key 
152073     INFO  main            d.u.i.k.p.i.AbstractProblemLoader Loading environment from /home/runner/work/key/key/key.core/../key.ui/examples/heap/block_loop_contracts/Free/blockContracts1.key 
152074     DEBUG main            d.u.i.k.p.i.AbstractProblemLoader Environment load took 269ns 
152076     INFO  main            d.u.i.k.p.i.AbstractProblemLoader Creating init config 
155015     DEBUG main            d.u.i.k.p.i.AbstractProblemLoader Init config took 2.94s 
155053     INFO  main            d.u.i.k.p.i.AbstractProblemLoader Replaying proof FreeConditions[FreeConditions::blockContract1()].JML normal_behavior operation contract.0 
155054     DEBUG main            d.u.i.k.p.i.IntermediateProofReplayer Proof replay took 13.1ns 
155157     INFO  main            d.u.i.k.p.r.p.TestFile    ... finished proof: closed. 
155474     INFO  main            d.u.i.k.p.i.AbstractProblemLoader Loading environment from /home/runner/work/key/key/key.core/../key.ui/examples/heap/block_loop_contracts/Free/blockContracts1.key.proof 
155474     DEBUG main            d.u.i.k.p.i.AbstractProblemLoader Environment load took 131.6ns 
155475     INFO  main            d.u.i.k.p.i.AbstractProblemLoader Creating init config 
158309     DEBUG main            d.u.i.k.p.i.AbstractProblemLoader Init config took 2.83s 
158349     INFO  main            d.u.i.k.p.i.AbstractProblemLoader Replaying proof FreeConditions[FreeConditions::blockContract1()].JML normal_behavior operation contract.0 
158371     DEBUG main            d.u.i.k.p.i.IntermediateProofReplayer Proof replay took 19.45ms 
158372     DEBUG main            d.u.i.k.p.r.p.TestFile    ... success: reloaded. 
158374     INFO  main            d.u.i.k.p.r.p.TestFile    Now processing file /home/runner/work/key/key/key.core/../key.ui/examples/heap/block_loop_contracts/Finally/block_finally.key 
158374     INFO  main            d.u.i.k.p.i.AbstractProblemLoader Loading environment from /home/runner/work/key/key/key.core/../key.ui/examples/heap/block_loop_contracts/Finally/block_finally.key 
158375     DEBUG main            d.u.i.k.p.i.AbstractProblemLoader Environment load took 278ns 
158376     INFO  main            d.u.i.k.p.i.AbstractProblemLoader Creating init config 
161373     DEBUG main            d.u.i.k.p.i.AbstractProblemLoader Init config took 3s 
161425     INFO  main            d.u.i.k.p.i.AbstractProblemLoader Replaying proof AuxiliaryContractsFinally[AuxiliaryContractsFinally::breakThrowContinueBlockContract(java.lang.Exception)].JML block contract.0 
161426     DEBUG main            d.u.i.k.p.i.IntermediateProofReplayer Proof replay took 13.3ns 
162131     INFO  main            d.u.i.k.p.r.p.TestFile    ... finished proof: open goal(s) 
162525     INFO  main            d.u.i.k.p.r.p.TestFile    Now processing file /home/runner/work/key/key/key.core/../key.ui/examples/heap/block_loop_contracts/Finally/loop_finally.key 
162526     INFO  main            d.u.i.k.p.i.AbstractProblemLoader Loading environment from /home/runner/work/key/key/key.core/../key.ui/examples/heap/block_loop_contracts/Finally/loop_finally.key 
162526     DEBUG main            d.u.i.k.p.i.AbstractProblemLoader Environment load took 61ns 
162527     INFO  main            d.u.i.k.p.i.AbstractProblemLoader Creating init config 
165392     DEBUG main            d.u.i.k.p.i.AbstractProblemLoader Init config took 2.87s 
165436     INFO  main            d.u.i.k.p.i.AbstractProblemLoader Replaying proof AuxiliaryContractsFinally[AuxiliaryContractsFinally::breakThrowContinueLoopContract(java.lang.Exception)].JML normal_behavior loop contract.0 
165438     DEBUG main            d.u.i.k.p.i.IntermediateProofReplayer Proof replay took 13.2ns 
166149     INFO  main            d.u.i.k.p.r.p.TestFile    ... finished proof: open goal(s) 
746720     INFO  Test worker     d.u.i.k.p.r.RunAllProofsTestUnit Returning from test blockContracts 
746722     INFO  Test worker     d.u.i.k.p.r.RunAllProofsTestUnit Running test jmlAsserts 
398        INFO  Timeout watchdog d.u.i.k.p.r.p.ForkedTestFileRunner Timeout watcher launched (2000 secs.) 
419        WARN  main            d.u.i.k.s.ProofSettings   The settings in /home/runner/.key/proof-settings.props are *not* read. 
455        INFO  main            d.u.i.k.p.r.p.TestFile    Now processing file /home/runner/work/key/key/key.core/../key.ui/examples/standard_key/java_dl/jml-assert/assert.key 
587        INFO  main            d.u.i.k.p.i.AbstractProblemLoader Loading environment from /home/runner/work/key/key/key.core/../key.ui/examples/standard_key/java_dl/jml-assert/assert.key 
618        DEBUG main            d.u.i.k.p.i.AbstractProblemLoader Environment load took 2.37ms 
888        INFO  main            d.u.i.k.p.i.AbstractProblemLoader Creating init config 
1924       DEBUG main            d.u.i.k.j.TypeConverter   No LDT found for Meta 
1925       DEBUG main            d.u.i.k.j.TypeConverter   No LDT found for Meta 
1926       DEBUG main            d.u.i.k.j.TypeConverter   No LDT found for Meta 
1927       DEBUG main            d.u.i.k.j.TypeConverter   No LDT found for Meta 
3303       DEBUG main            d.u.i.k.j.TypeConverter   No LDT found for JavaBigintExpression 
9331       DEBUG main            d.u.i.k.p.i.AbstractProblemLoader Init config took 8.44s 
9485       INFO  main            d.u.i.k.p.i.AbstractProblemLoader Replaying proof Assert[Assert::createArray(int)].JML normal_behavior operation contract.0 
9535       DEBUG main            d.u.i.k.p.i.IntermediateProofReplayer Proof replay took 39ns 
10576      INFO  main            d.u.i.k.p.r.p.TestFile    ... finished proof: closed. 
10707      INFO  main            d.u.i.k.p.i.AbstractProblemLoader Loading environment from /home/runner/work/key/key/key.core/../key.ui/examples/standard_key/java_dl/jml-assert/assert.key.proof 
10709      DEBUG main            d.u.i.k.p.i.AbstractProblemLoader Environment load took 1.8ms 
10711      INFO  main            d.u.i.k.p.i.AbstractProblemLoader Creating init config 
14289      DEBUG main            d.u.i.k.p.i.AbstractProblemLoader Init config took 3.58s 
14381      INFO  main            d.u.i.k.p.i.AbstractProblemLoader Replaying proof Assert[Assert::createArray(int)].JML normal_behavior operation contract.0 
14600      DEBUG main            d.u.i.k.p.i.IntermediateProofReplayer Proof replay took 211.94ms 
14609      DEBUG main            d.u.i.k.p.r.p.TestFile    ... success: reloaded. 
14610      INFO  main            d.u.i.k.p.r.p.TestFile    Now processing file /home/runner/work/key/key/key.core/../key.ui/examples/heap/block_loop_contracts/Free/assertions0.key 
14611      INFO  main            d.u.i.k.p.i.AbstractProblemLoader Loading environment from /home/runner/work/key/key/key.core/../key.ui/examples/heap/block_loop_contracts/Free/assertions0.key 
14611      DEBUG main            d.u.i.k.p.i.AbstractProblemLoader Environment load took 323.01ns 
14613      INFO  main            d.u.i.k.p.i.AbstractProblemLoader Creating init config 
17805      DEBUG main            d.u.i.k.p.i.AbstractProblemLoader Init config took 3.19s 
17869      INFO  main            d.u.i.k.p.i.AbstractProblemLoader Replaying proof FreeConditions[FreeConditions::assertions0()].JML normal_behavior operation contract.0 
17873      DEBUG main            d.u.i.k.p.i.IntermediateProofReplayer Proof replay took 14ns 
18077      INFO  main            d.u.i.k.p.r.p.TestFile    ... finished proof: closed. 
18228      INFO  main            d.u.i.k.p.i.AbstractProblemLoader Loading environment from /home/runner/work/key/key/key.core/../key.ui/examples/heap/block_loop_contracts/Free/assertions0.key.proof 
18228      DEBUG main            d.u.i.k.p.i.AbstractProblemLoader Environment load took 152.6ns 
18236      INFO  main            d.u.i.k.p.i.AbstractProblemLoader Creating init config 
21429      DEBUG main            d.u.i.k.p.i.AbstractProblemLoader Init config took 3.19s 
21486      INFO  main            d.u.i.k.p.i.AbstractProblemLoader Replaying proof FreeConditions[FreeConditions::assertions0()].JML normal_behavior operation contract.0 
21515      DEBUG main            d.u.i.k.p.i.IntermediateProofReplayer Proof replay took 26.01ms 
21517      DEBUG main            d.u.i.k.p.r.p.TestFile    ... success: reloaded. 
21518      INFO  main            d.u.i.k.p.r.p.TestFile    Now processing file /home/runner/work/key/key/key.core/../key.ui/examples/heap/block_loop_contracts/Free/assertions1.key 
21519      INFO  main            d.u.i.k.p.i.AbstractProblemLoader Loading environment from /home/runner/work/key/key/key.core/../key.ui/examples/heap/block_loop_contracts/Free/assertions1.key 
21519      DEBUG main            d.u.i.k.p.i.AbstractProblemLoader Environment load took 265.81ns 
21521      INFO  main            d.u.i.k.p.i.AbstractProblemLoader Creating init config 
24634      DEBUG main            d.u.i.k.p.i.AbstractProblemLoader Init config took 3.11s 
24689      INFO  main            d.u.i.k.p.i.AbstractProblemLoader Replaying proof FreeConditions[FreeConditions::assertions1()].JML normal_behavior operation contract.0 
24691      DEBUG main            d.u.i.k.p.i.IntermediateProofReplayer Proof replay took 14.2ns 
24798      INFO  main            d.u.i.k.p.r.p.TestFile    ... finished proof: closed. 
24975      INFO  main            d.u.i.k.p.i.AbstractProblemLoader Loading environment from /home/runner/work/key/key/key.core/../key.ui/examples/heap/block_loop_contracts/Free/assertions1.key.proof 
24975      DEBUG main            d.u.i.k.p.i.AbstractProblemLoader Environment load took 330.51ns 
24977      INFO  main            d.u.i.k.p.i.AbstractProblemLoader Creating init config 
28030      DEBUG main            d.u.i.k.p.i.AbstractProblemLoader Init config took 3.05s 
28082      INFO  main            d.u.i.k.p.i.AbstractProblemLoader Replaying proof FreeConditions[FreeConditions::assertions1()].JML normal_behavior operation contract.0 
28090      DEBUG main            d.u.i.k.p.i.IntermediateProofReplayer Proof replay took 6ms 
28091      DEBUG main            d.u.i.k.p.r.p.TestFile    ... success: reloaded. 
28092      INFO  main            d.u.i.k.p.r.p.TestFile    Now processing file /home/runner/work/key/key/key.core/../key.ui/examples/standard_key/java_dl/jml-assert/recursion-assert.key 
28093      INFO  main            d.u.i.k.p.i.AbstractProblemLoader Loading environment from /home/runner/work/key/key/key.core/../key.ui/examples/standard_key/java_dl/jml-assert/recursion-assert.key 
28093      DEBUG main            d.u.i.k.p.i.AbstractProblemLoader Environment load took 268.7ns 
28094      INFO  main            d.u.i.k.p.i.AbstractProblemLoader Creating init config 
31290      DEBUG main            d.u.i.k.p.i.AbstractProblemLoader Init config took 3.2s 
31343      INFO  main            d.u.i.k.p.i.AbstractProblemLoader Replaying proof RecursiveMethod[RecursiveMethod::fac1(int)].JML normal_behavior operation contract.0 
31346      DEBUG main            d.u.i.k.p.i.IntermediateProofReplayer Proof replay took 7.4ns 
31550      INFO  main            d.u.i.k.p.r.p.TestFile    ... finished proof: closed. 
31743      INFO  main            d.u.i.k.p.i.AbstractProblemLoader Loading environment from /home/runner/work/key/key/key.core/../key.ui/examples/standard_key/java_dl/jml-assert/recursion-assert.key.proof 
31744      DEBUG main            d.u.i.k.p.i.AbstractProblemLoader Environment load took 733.41ns 
31745      INFO  main            d.u.i.k.p.i.AbstractProblemLoader Creating init config 
34913      DEBUG main            d.u.i.k.p.i.AbstractProblemLoader Init config took 3.17s 
34971      INFO  main            d.u.i.k.p.i.AbstractProblemLoader Replaying proof RecursiveMethod[RecursiveMethod::fac1(int)].JML normal_behavior operation contract.0 
35020      DEBUG main            d.u.i.k.p.i.IntermediateProofReplayer Proof replay took 46.45ms 
35022      DEBUG main            d.u.i.k.p.r.p.TestFile    ... success: reloaded. 
35023      INFO  main            d.u.i.k.p.r.p.TestFile    Now processing file /home/runner/work/key/key/key.core/../key.ui/examples/standard_key/java_dl/jml-assert/recursion-assume.key 
35024      INFO  main            d.u.i.k.p.i.AbstractProblemLoader Loading environment from /home/runner/work/key/key/key.core/../key.ui/examples/standard_key/java_dl/jml-assert/recursion-assume.key 
35024      DEBUG main            d.u.i.k.p.i.AbstractProblemLoader Environment load took 313.41ns 
35025      INFO  main            d.u.i.k.p.i.AbstractProblemLoader Creating init config 
38312      DEBUG main            d.u.i.k.p.i.AbstractProblemLoader Init config took 3.29s 
38375      INFO  main            d.u.i.k.p.i.AbstractProblemLoader Replaying proof RecursiveMethod[RecursiveMethod::fac2(int)].JML normal_behavior operation contract.0 
38377      DEBUG main            d.u.i.k.p.i.IntermediateProofReplayer Proof replay took 7.2ns 
38583      INFO  main            d.u.i.k.p.r.p.TestFile    ... finished proof: closed. 
38799      INFO  main            d.u.i.k.p.i.AbstractProblemLoader Loading environment from /home/runner/work/key/key/key.core/../key.ui/examples/standard_key/java_dl/jml-assert/recursion-assume.key.proof 
38800      DEBUG main            d.u.i.k.p.i.AbstractProblemLoader Environment load took 828.52ns 
38805      INFO  main            d.u.i.k.p.i.AbstractProblemLoader Creating init config 
41967      DEBUG main            d.u.i.k.p.i.AbstractProblemLoader Init config took 3.16s 
42018      INFO  main            d.u.i.k.p.i.AbstractProblemLoader Replaying proof RecursiveMethod[RecursiveMethod::fac2(int)].JML normal_behavior operation contract.0 
42064      DEBUG main            d.u.i.k.p.i.IntermediateProofReplayer Proof replay took 43.69ms 
42065      DEBUG main            d.u.i.k.p.r.p.TestFile    ... success: reloaded. 
42066      INFO  main            d.u.i.k.p.r.p.TestFile    Now processing file /home/runner/work/key/key/key.core/../key.ui/examples/standard_key/java_dl/jml-assert/quantor-assert.key 
42067      INFO  main            d.u.i.k.p.i.AbstractProblemLoader Loading environment from /home/runner/work/key/key/key.core/../key.ui/examples/standard_key/java_dl/jml-assert/quantor-assert.key 
42067      DEBUG main            d.u.i.k.p.i.AbstractProblemLoader Environment load took 99.2ns 
42068      INFO  main            d.u.i.k.p.i.AbstractProblemLoader Creating init config 
45218      DEBUG main            d.u.i.k.p.i.AbstractProblemLoader Init config took 3.15s 
45266      INFO  main            d.u.i.k.p.i.AbstractProblemLoader Replaying proof Quantor[Quantor::square1(int)].JML normal_behavior operation contract.0 
45268      DEBUG main            d.u.i.k.p.i.IntermediateProofReplayer Proof replay took 7ns 
45372      INFO  main            d.u.i.k.p.r.p.TestFile    ... finished proof: closed. 
45667      INFO  main            d.u.i.k.p.i.AbstractProblemLoader Loading environment from /home/runner/work/key/key/key.core/../key.ui/examples/standard_key/java_dl/jml-assert/quantor-assert.key.proof 
45667      DEBUG main            d.u.i.k.p.i.AbstractProblemLoader Environment load took 139.7ns 
45669      INFO  main            d.u.i.k.p.i.AbstractProblemLoader Creating init config 
48679      DEBUG main            d.u.i.k.p.i.AbstractProblemLoader Init config took 3.01s 
48728      INFO  main            d.u.i.k.p.i.AbstractProblemLoader Replaying proof Quantor[Quantor::square1(int)].JML normal_behavior operation contract.0 
48749      DEBUG main            d.u.i.k.p.i.IntermediateProofReplayer Proof replay took 18.03ms 
48750      DEBUG main            d.u.i.k.p.r.p.TestFile    ... success: reloaded. 
48751      INFO  main            d.u.i.k.p.r.p.TestFile    Now processing file /home/runner/work/key/key/key.core/../key.ui/examples/standard_key/java_dl/jml-assert/quantor-assume.key 
48752      INFO  main            d.u.i.k.p.i.AbstractProblemLoader Loading environment from /home/runner/work/key/key/key.core/../key.ui/examples/standard_key/java_dl/jml-assert/quantor-assume.key 
48752      DEBUG main            d.u.i.k.p.i.AbstractProblemLoader Environment load took 271.2ns 
48753      INFO  main            d.u.i.k.p.i.AbstractProblemLoader Creating init config 
51962      DEBUG main            d.u.i.k.p.i.AbstractProblemLoader Init config took 3.21s 
52014      INFO  main            d.u.i.k.p.i.AbstractProblemLoader Replaying proof Quantor[Quantor::square2(int)].JML normal_behavior operation contract.0 
52017      DEBUG main            d.u.i.k.p.i.IntermediateProofReplayer Proof replay took 6.8ns 
52119      INFO  main            d.u.i.k.p.r.p.TestFile    ... finished proof: closed. 
52333      INFO  main            d.u.i.k.p.i.AbstractProblemLoader Loading environment from /home/runner/work/key/key/key.core/../key.ui/examples/standard_key/java_dl/jml-assert/quantor-assume.key.proof 
52334      DEBUG main            d.u.i.k.p.i.AbstractProblemLoader Environment load took 145.7ns 
52335      INFO  main            d.u.i.k.p.i.AbstractProblemLoader Creating init config 
55323      DEBUG main            d.u.i.k.p.i.AbstractProblemLoader Init config took 2.99s 
55371      INFO  main            d.u.i.k.p.i.AbstractProblemLoader Replaying proof Quantor[Quantor::square2(int)].JML normal_behavior operation contract.0 
55392      DEBUG main            d.u.i.k.p.i.IntermediateProofReplayer Proof replay took 18.71ms 
55394      DEBUG main            d.u.i.k.p.r.p.TestFile    ... success: reloaded. 
55395      INFO  main            d.u.i.k.p.r.p.TestFile    Now processing file /home/runner/work/key/key/key.core/../key.ui/examples/standard_key/java_dl/jml-assert/model-methods-static-static.key 
55395      INFO  main            d.u.i.k.p.i.AbstractProblemLoader Loading environment from /home/runner/work/key/key/key.core/../key.ui/examples/standard_key/java_dl/jml-assert/model-methods-static-static.key 
55395      DEBUG main            d.u.i.k.p.i.AbstractProblemLoader Environment load took 112ns 
55396      INFO  main            d.u.i.k.p.i.AbstractProblemLoader Creating init config 
58499      DEBUG main            d.u.i.k.p.i.AbstractProblemLoader Init config took 3.1s 
58544      INFO  main            d.u.i.k.p.i.AbstractProblemLoader Replaying proof ModelMethods[ModelMethods::test1()].JML normal_behavior operation contract.0 
58545      DEBUG main            d.u.i.k.p.i.IntermediateProofReplayer Proof replay took 7.1ns 
58655      INFO  main            d.u.i.k.p.r.p.TestFile    ... finished proof: closed. 
58865      INFO  main            d.u.i.k.p.i.AbstractProblemLoader Loading environment from /home/runner/work/key/key/key.core/../key.ui/examples/standard_key/java_dl/jml-assert/model-methods-static-static.key.proof 
58865      DEBUG main            d.u.i.k.p.i.AbstractProblemLoader Environment load took 143.8ns 
58866      INFO  main            d.u.i.k.p.i.AbstractProblemLoader Creating init config 
61914      DEBUG main            d.u.i.k.p.i.AbstractProblemLoader Init config took 3.05s 
61962      INFO  main            d.u.i.k.p.i.AbstractProblemLoader Replaying proof ModelMethods[ModelMethods::test1()].JML normal_behavior operation contract.0 
61971      DEBUG main            d.u.i.k.p.i.IntermediateProofReplayer Proof replay took 7.28ms 
61972      DEBUG main            d.u.i.k.p.r.p.TestFile    ... success: reloaded. 
61973      INFO  main            d.u.i.k.p.r.p.TestFile    Now processing file /home/runner/work/key/key/key.core/../key.ui/examples/standard_key/java_dl/jml-assert/model-methods-instance-static.key 
61973      INFO  main            d.u.i.k.p.i.AbstractProblemLoader Loading environment from /home/runner/work/key/key/key.core/../key.ui/examples/standard_key/java_dl/jml-assert/model-methods-instance-static.key 
61973      DEBUG main            d.u.i.k.p.i.AbstractProblemLoader Environment load took 97.3ns 
61974      INFO  main            d.u.i.k.p.i.AbstractProblemLoader Creating init config 
65168      DEBUG main            d.u.i.k.p.i.AbstractProblemLoader Init config took 3.19s 
65213      INFO  main            d.u.i.k.p.i.AbstractProblemLoader Replaying proof ModelMethods[ModelMethods::test2()].JML normal_behavior operation contract.0 
65215      DEBUG main            d.u.i.k.p.i.IntermediateProofReplayer Proof replay took 7.8ns 
65317      INFO  main            d.u.i.k.p.r.p.TestFile    ... finished proof: closed. 
65560      INFO  main            d.u.i.k.p.i.AbstractProblemLoader Loading environment from /home/runner/work/key/key/key.core/../key.ui/examples/standard_key/java_dl/jml-assert/model-methods-instance-static.key.proof 
65560      DEBUG main            d.u.i.k.p.i.AbstractProblemLoader Environment load took 137.5ns 
65561      INFO  main            d.u.i.k.p.i.AbstractProblemLoader Creating init config 
68660      DEBUG main            d.u.i.k.p.i.AbstractProblemLoader Init config took 3.1s 
68718      INFO  main            d.u.i.k.p.i.AbstractProblemLoader Replaying proof ModelMethods[ModelMethods::test2()].JML normal_behavior operation contract.0 
68731      DEBUG main            d.u.i.k.p.i.IntermediateProofReplayer Proof replay took 10.1ms 
68732      DEBUG main            d.u.i.k.p.r.p.TestFile    ... success: reloaded. 
68733      INFO  main            d.u.i.k.p.r.p.TestFile    Now processing file /home/runner/work/key/key/key.core/../key.ui/examples/standard_key/java_dl/jml-assert/model-methods-instance-instance.key 
68734      INFO  main            d.u.i.k.p.i.AbstractProblemLoader Loading environment from /home/runner/work/key/key/key.core/../key.ui/examples/standard_key/java_dl/jml-assert/model-methods-instance-instance.key 
68734      DEBUG main            d.u.i.k.p.i.AbstractProblemLoader Environment load took 305.01ns 
68735      INFO  main            d.u.i.k.p.i.AbstractProblemLoader Creating init config 
71881      DEBUG main            d.u.i.k.p.i.AbstractProblemLoader Init config took 3.15s 
71937      INFO  main            d.u.i.k.p.i.AbstractProblemLoader Replaying proof ModelMethods[ModelMethods::test3()].JML normal_behavior operation contract.0 
71939      DEBUG main            d.u.i.k.p.i.IntermediateProofReplayer Proof replay took 7.5ns 
72042      INFO  main            d.u.i.k.p.r.p.TestFile    ... finished proof: closed. 
72267      INFO  main            d.u.i.k.p.i.AbstractProblemLoader Loading environment from /home/runner/work/key/key/key.core/../key.ui/examples/standard_key/java_dl/jml-assert/model-methods-instance-instance.key.proof 
72267      DEBUG main            d.u.i.k.p.i.AbstractProblemLoader Environment load took 133.5ns 
72269      INFO  main            d.u.i.k.p.i.AbstractProblemLoader Creating init config 
75337      DEBUG main            d.u.i.k.p.i.AbstractProblemLoader Init config took 3.07s 
75398      INFO  main            d.u.i.k.p.i.AbstractProblemLoader Replaying proof ModelMethods[ModelMethods::test3()].JML normal_behavior operation contract.0 
75412      DEBUG main            d.u.i.k.p.i.IntermediateProofReplayer Proof replay took 11.65ms 
75413      DEBUG main            d.u.i.k.p.r.p.TestFile    ... success: reloaded. 
75414      INFO  main            d.u.i.k.p.r.p.TestFile    Now processing file /home/runner/work/key/key/key.core/../key.ui/examples/standard_key/java_dl/jml-assert/model-methods-static-instance.key 
75415      INFO  main            d.u.i.k.p.i.AbstractProblemLoader Loading environment from /home/runner/work/key/key/key.core/../key.ui/examples/standard_key/java_dl/jml-assert/model-methods-static-instance.key 
75415      DEBUG main            d.u.i.k.p.i.AbstractProblemLoader Environment load took 185ns 
75416      INFO  main            d.u.i.k.p.i.AbstractProblemLoader Creating init config 
78401      DEBUG main            d.u.i.k.p.i.AbstractProblemLoader Init config took 2.99s 
78444      INFO  main            d.u.i.k.p.i.AbstractProblemLoader Replaying proof ModelMethods[ModelMethods::test4()].JML normal_behavior operation contract.0 
78445      DEBUG main            d.u.i.k.p.i.IntermediateProofReplayer Proof replay took 6.5ns 
78669      INFO  main            d.u.i.k.p.r.p.TestFile    ... finished proof: closed. 
78881      INFO  main            d.u.i.k.p.i.AbstractProblemLoader Loading environment from /home/runner/work/key/key/key.core/../key.ui/examples/standard_key/java_dl/jml-assert/model-methods-static-instance.key.proof 
78881      DEBUG main            d.u.i.k.p.i.AbstractProblemLoader Environment load took 153.6ns 
78883      INFO  main            d.u.i.k.p.i.AbstractProblemLoader Creating init config 
81893      DEBUG main            d.u.i.k.p.i.AbstractProblemLoader Init config took 3.01s 
81944      INFO  main            d.u.i.k.p.i.AbstractProblemLoader Replaying proof ModelMethods[ModelMethods::test4()].JML normal_behavior operation contract.0 
81982      DEBUG main            d.u.i.k.p.i.IntermediateProofReplayer Proof replay took 34.94ms 
81983      DEBUG main            d.u.i.k.p.r.p.TestFile    ... success: reloaded. 
81985      INFO  main            d.u.i.k.p.r.p.TestFile    Now processing file /home/runner/work/key/key/key.core/../key.ui/examples/standard_key/java_dl/jml-assert/assert-old/inc-field.key 
81985      INFO  main            d.u.i.k.p.i.AbstractProblemLoader Loading environment from /home/runner/work/key/key/key.core/../key.ui/examples/standard_key/java_dl/jml-assert/assert-old/inc-field.key 
81985      DEBUG main            d.u.i.k.p.i.AbstractProblemLoader Environment load took 263.01ns 
81986      INFO  main            d.u.i.k.p.i.AbstractProblemLoader Creating init config 
85027      DEBUG main            d.u.i.k.p.i.AbstractProblemLoader Init config took 3.04s 
85072      INFO  main            d.u.i.k.p.i.AbstractProblemLoader Replaying proof Inc[Inc::inc_field()].JML normal_behavior operation contract.0 
85074      DEBUG main            d.u.i.k.p.i.IntermediateProofReplayer Proof replay took 7.5ns 
85277      INFO  main            d.u.i.k.p.r.p.TestFile    ... finished proof: closed. 
85573      INFO  main            d.u.i.k.p.i.AbstractProblemLoader Loading environment from /home/runner/work/key/key/key.core/../key.ui/examples/standard_key/java_dl/jml-assert/assert-old/inc-field.key.proof 
85573      DEBUG main            d.u.i.k.p.i.AbstractProblemLoader Environment load took 135.6ns 
85574      INFO  main            d.u.i.k.p.i.AbstractProblemLoader Creating init config 
88452      DEBUG main            d.u.i.k.p.i.AbstractProblemLoader Init config took 2.88s 
88493      INFO  main            d.u.i.k.p.i.AbstractProblemLoader Replaying proof Inc[Inc::inc_field()].JML normal_behavior operation contract.0 
88528      DEBUG main            d.u.i.k.p.i.IntermediateProofReplayer Proof replay took 32ms 
88529      DEBUG main            d.u.i.k.p.r.p.TestFile    ... success: reloaded. 
88531      INFO  main            d.u.i.k.p.r.p.TestFile    Now processing file /home/runner/work/key/key/key.core/../key.ui/examples/standard_key/java_dl/jml-assert/assert-old/inc-parameter.key 
88531      INFO  main            d.u.i.k.p.i.AbstractProblemLoader Loading environment from /home/runner/work/key/key/key.core/../key.ui/examples/standard_key/java_dl/jml-assert/assert-old/inc-parameter.key 
88531      DEBUG main            d.u.i.k.p.i.AbstractProblemLoader Environment load took 261.71ns 
88532      INFO  main            d.u.i.k.p.i.AbstractProblemLoader Creating init config 
91553      DEBUG main            d.u.i.k.p.i.AbstractProblemLoader Init config took 3.02s 
91596      INFO  main            d.u.i.k.p.i.AbstractProblemLoader Replaying proof Inc[Inc::inc_parameter(int)].JML normal_behavior operation contract.0 
91597      DEBUG main            d.u.i.k.p.i.IntermediateProofReplayer Proof replay took 7.5ns 
91700      INFO  main            d.u.i.k.p.r.p.TestFile    ... finished proof: closed. 
91966      INFO  main            d.u.i.k.p.i.AbstractProblemLoader Loading environment from /home/runner/work/key/key/key.core/../key.ui/examples/standard_key/java_dl/jml-assert/assert-old/inc-parameter.key.proof 
91966      DEBUG main            d.u.i.k.p.i.AbstractProblemLoader Environment load took 126.81ns 
91967      INFO  main            d.u.i.k.p.i.AbstractProblemLoader Creating init config 
94867      DEBUG main            d.u.i.k.p.i.AbstractProblemLoader Init config took 2.9s 
94923      INFO  main            d.u.i.k.p.i.AbstractProblemLoader Replaying proof Inc[Inc::inc_parameter(int)].JML normal_behavior operation contract.0 
94955      DEBUG main            d.u.i.k.p.i.IntermediateProofReplayer Proof replay took 28.83ms 
94957      DEBUG main            d.u.i.k.p.r.p.TestFile    ... success: reloaded. 
94958      INFO  main            d.u.i.k.p.r.p.TestFile    Now processing file /home/runner/work/key/key/key.core/../key.ui/examples/standard_key/java_dl/jml-assert/assert-old/inc-parameter-field.key 
94958      INFO  main            d.u.i.k.p.i.AbstractProblemLoader Loading environment from /home/runner/work/key/key/key.core/../key.ui/examples/standard_key/java_dl/jml-assert/assert-old/inc-parameter-field.key 
94958      DEBUG main            d.u.i.k.p.i.AbstractProblemLoader Environment load took 463.41ns 
94960      INFO  main            d.u.i.k.p.i.AbstractProblemLoader Creating init config 
97948      DEBUG main            d.u.i.k.p.i.AbstractProblemLoader Init config took 2.99s 
97988      INFO  main            d.u.i.k.p.i.AbstractProblemLoader Replaying proof Inc[Inc::inc_parameter_field(Inc)].JML normal_behavior operation contract.0 
97990      DEBUG main            d.u.i.k.p.i.IntermediateProofReplayer Proof replay took 7.3ns 
98192      INFO  main            d.u.i.k.p.r.p.TestFile    ... finished proof: closed. 
98452      INFO  main            d.u.i.k.p.i.AbstractProblemLoader Loading environment from /home/runner/work/key/key/key.core/../key.ui/examples/standard_key/java_dl/jml-assert/assert-old/inc-parameter-field.key.proof 
98452      DEBUG main            d.u.i.k.p.i.AbstractProblemLoader Environment load took 133.3ns 
98453      INFO  main            d.u.i.k.p.i.AbstractProblemLoader Creating init config 
101359     DEBUG main            d.u.i.k.p.i.AbstractProblemLoader Init config took 2.91s 
101401     INFO  main            d.u.i.k.p.i.AbstractProblemLoader Replaying proof Inc[Inc::inc_parameter_field(Inc)].JML normal_behavior operation contract.0 
101448     DEBUG main            d.u.i.k.p.i.IntermediateProofReplayer Proof replay took 44.94ms 
101449     DEBUG main            d.u.i.k.p.r.p.TestFile    ... success: reloaded. 
101451     INFO  main            d.u.i.k.p.r.p.TestFile    Now processing file /home/runner/work/key/key/key.core/../key.ui/examples/standard_key/java_dl/jml-assert/assert-old/inc-ghost-field.key 
101451     INFO  main            d.u.i.k.p.i.AbstractProblemLoader Loading environment from /home/runner/work/key/key/key.core/../key.ui/examples/standard_key/java_dl/jml-assert/assert-old/inc-ghost-field.key 
101452     DEBUG main            d.u.i.k.p.i.AbstractProblemLoader Environment load took 240.91ns 
101453     INFO  main            d.u.i.k.p.i.AbstractProblemLoader Creating init config 
104490     DEBUG main            d.u.i.k.p.i.AbstractProblemLoader Init config took 3.04s 
104537     INFO  main            d.u.i.k.p.i.AbstractProblemLoader Replaying proof Inc[Inc::inc_ghost_field()].JML normal_behavior operation contract.0 
104540     DEBUG main            d.u.i.k.p.i.IntermediateProofReplayer Proof replay took 7.1ns 
104743     INFO  main            d.u.i.k.p.r.p.TestFile    ... finished proof: closed. 
105014     INFO  main            d.u.i.k.p.i.AbstractProblemLoader Loading environment from /home/runner/work/key/key/key.core/../key.ui/examples/standard_key/java_dl/jml-assert/assert-old/inc-ghost-field.key.proof 
105014     DEBUG main            d.u.i.k.p.i.AbstractProblemLoader Environment load took 137.4ns 
105015     INFO  main            d.u.i.k.p.i.AbstractProblemLoader Creating init config 
107884     DEBUG main            d.u.i.k.p.i.AbstractProblemLoader Init config took 2.87s 
107926     INFO  main            d.u.i.k.p.i.AbstractProblemLoader Replaying proof Inc[Inc::inc_ghost_field()].JML normal_behavior operation contract.0 
107958     DEBUG main            d.u.i.k.p.i.IntermediateProofReplayer Proof replay took 29.99ms 
107959     DEBUG main            d.u.i.k.p.r.p.TestFile    ... success: reloaded. 
854882     INFO  Test worker     d.u.i.k.p.r.RunAllProofsTestUnit Returning from test jmlAsserts 
854884     INFO  Test worker     d.u.i.k.p.r.RunAllProofsTestUnit Running test javaCard 
363        INFO  Timeout watchdog d.u.i.k.p.r.p.ForkedTestFileRunner Timeout watcher launched (2000 secs.) 
378        WARN  main            d.u.i.k.s.ProofSettings   The settings in /home/runner/.key/proof-settings.props are *not* read. 
418        INFO  main            d.u.i.k.p.r.p.TestFile    Now processing file /home/runner/work/key/key/key.core/../key.ui/examples/heap/javacard/updateBalance0.key 
554        INFO  main            d.u.i.k.p.i.AbstractProblemLoader Loading environment from /home/runner/work/key/key/key.core/../key.ui/examples/heap/javacard/updateBalance0.key 
572        DEBUG main            d.u.i.k.p.i.AbstractProblemLoader Environment load took 2.21ms 
842        INFO  main            d.u.i.k.p.i.AbstractProblemLoader Creating init config 
1987       DEBUG main            d.u.i.k.j.TypeConverter   No LDT found for Meta 
1988       DEBUG main            d.u.i.k.j.TypeConverter   No LDT found for Meta 
1993       DEBUG main            d.u.i.k.j.TypeConverter   No LDT found for Meta 
1993       DEBUG main            d.u.i.k.j.TypeConverter   No LDT found for Meta 
3542       DEBUG main            d.u.i.k.j.TypeConverter   No LDT found for JavaBigintExpression 
7747       DEBUG main            d.u.i.k.p.i.AbstractProblemLoader Init config took 6.9s 
7932       INFO  main            d.u.i.k.p.i.AbstractProblemLoader Replaying proof Examples[Examples::updateBalance(short)].JML normal_behavior operation contract.0 
7981       DEBUG main            d.u.i.k.p.i.IntermediateProofReplayer Proof replay took 36.6ns 
9716       INFO  main            d.u.i.k.p.r.p.TestFile    ... finished proof: closed. 
9844       INFO  main            d.u.i.k.p.i.AbstractProblemLoader Loading environment from /home/runner/work/key/key/key.core/../key.ui/examples/heap/javacard/updateBalance0.key.proof 
9849       DEBUG main            d.u.i.k.p.i.AbstractProblemLoader Environment load took 4.94ms 
9852       INFO  main            d.u.i.k.p.i.AbstractProblemLoader Creating init config 
11908      DEBUG main            d.u.i.k.p.i.AbstractProblemLoader Init config took 2.06s 
11991      INFO  main            d.u.i.k.p.i.AbstractProblemLoader Replaying proof Examples[Examples::updateBalance(short)].JML normal_behavior operation contract.0 
12239      DEBUG main            d.u.i.k.p.i.IntermediateProofReplayer Proof replay took 238.73ms 
12247      DEBUG main            d.u.i.k.p.r.p.TestFile    ... success: reloaded. 
12251      INFO  main            d.u.i.k.p.r.p.TestFile    Now processing file /home/runner/work/key/key/key.core/../key.ui/examples/heap/javacard/updateBalance1.key 
12251      INFO  main            d.u.i.k.p.i.AbstractProblemLoader Loading environment from /home/runner/work/key/key/key.core/../key.ui/examples/heap/javacard/updateBalance1.key 
12252      DEBUG main            d.u.i.k.p.i.AbstractProblemLoader Environment load took 294.31ns 
12253      INFO  main            d.u.i.k.p.i.AbstractProblemLoader Creating init config 
14207      DEBUG main            d.u.i.k.p.i.AbstractProblemLoader Init config took 1.95s 
14271      INFO  main            d.u.i.k.p.i.AbstractProblemLoader Replaying proof Examples[Examples::updateBalance(short)].JML normal_behavior operation contract.1 
14274      DEBUG main            d.u.i.k.p.i.IntermediateProofReplayer Proof replay took 7.3ns 
15088      INFO  main            d.u.i.k.p.r.p.TestFile    ... finished proof: closed. 
15226      INFO  main            d.u.i.k.p.i.AbstractProblemLoader Loading environment from /home/runner/work/key/key/key.core/../key.ui/examples/heap/javacard/updateBalance1.key.proof 
15227      DEBUG main            d.u.i.k.p.i.AbstractProblemLoader Environment load took 547.81ns 
15231      INFO  main            d.u.i.k.p.i.AbstractProblemLoader Creating init config 
17239      DEBUG main            d.u.i.k.p.i.AbstractProblemLoader Init config took 2.01s 
17316      INFO  main            d.u.i.k.p.i.AbstractProblemLoader Replaying proof Examples[Examples::updateBalance(short)].JML normal_behavior operation contract.1 
17523      DEBUG main            d.u.i.k.p.i.IntermediateProofReplayer Proof replay took 194.68ms 
17527      DEBUG main            d.u.i.k.p.r.p.TestFile    ... success: reloaded. 
17533      INFO  main            d.u.i.k.p.r.p.TestFile    Now processing file /home/runner/work/key/key/key.core/../key.ui/examples/heap/javacard/setArray1.key 
17533      INFO  main            d.u.i.k.p.i.AbstractProblemLoader Loading environment from /home/runner/work/key/key/key.core/../key.ui/examples/heap/javacard/setArray1.key 
17533      DEBUG main            d.u.i.k.p.i.AbstractProblemLoader Environment load took 218.81ns 
17536      INFO  main            d.u.i.k.p.i.AbstractProblemLoader Creating init config 
19478      DEBUG main            d.u.i.k.p.i.AbstractProblemLoader Init config took 1.94s 
19525      INFO  main            d.u.i.k.p.i.AbstractProblemLoader Replaying proof Examples[Examples::setArray1([B)].JML normal_behavior operation contract.0 
19528      DEBUG main            d.u.i.k.p.i.IntermediateProofReplayer Proof replay took 7.7ns 
20737      INFO  main            d.u.i.k.p.r.p.TestFile    ... finished proof: closed. 
20897      INFO  main            d.u.i.k.p.i.AbstractProblemLoader Loading environment from /home/runner/work/key/key/key.core/../key.ui/examples/heap/javacard/setArray1.key.proof 
20897      DEBUG main            d.u.i.k.p.i.AbstractProblemLoader Environment load took 152.9ns 
20899      INFO  main            d.u.i.k.p.i.AbstractProblemLoader Creating init config 
22833      DEBUG main            d.u.i.k.p.i.AbstractProblemLoader Init config took 1.93s 
22880      INFO  main            d.u.i.k.p.i.AbstractProblemLoader Replaying proof Examples[Examples::setArray1([B)].JML normal_behavior operation contract.0 
23122      DEBUG main            d.u.i.k.p.i.IntermediateProofReplayer Proof replay took 236.6ms 
23125      DEBUG main            d.u.i.k.p.r.p.TestFile    ... success: reloaded. 
23127      INFO  main            d.u.i.k.p.r.p.TestFile    Now processing file /home/runner/work/key/key/key.core/../key.ui/examples/heap/javacard/setArray2.key 
23128      INFO  main            d.u.i.k.p.i.AbstractProblemLoader Loading environment from /home/runner/work/key/key/key.core/../key.ui/examples/heap/javacard/setArray2.key 
23128      DEBUG main            d.u.i.k.p.i.AbstractProblemLoader Environment load took 309.81ns 
23129      INFO  main            d.u.i.k.p.i.AbstractProblemLoader Creating init config 
24998      DEBUG main            d.u.i.k.p.i.AbstractProblemLoader Init config took 1.87s 
25046      INFO  main            d.u.i.k.p.i.AbstractProblemLoader Replaying proof Examples[Examples::setArray2([B)].JML normal_behavior operation contract.0 
25048      DEBUG main            d.u.i.k.p.i.IntermediateProofReplayer Proof replay took 7.2ns 
26355      INFO  main            d.u.i.k.p.r.p.TestFile    ... finished proof: closed. 
26517      INFO  main            d.u.i.k.p.i.AbstractProblemLoader Loading environment from /home/runner/work/key/key/key.core/../key.ui/examples/heap/javacard/setArray2.key.proof 
26517      DEBUG main            d.u.i.k.p.i.AbstractProblemLoader Environment load took 560.01ns 
26519      INFO  main            d.u.i.k.p.i.AbstractProblemLoader Creating init config 
28395      DEBUG main            d.u.i.k.p.i.AbstractProblemLoader Init config took 1.88s 
28446      INFO  main            d.u.i.k.p.i.AbstractProblemLoader Replaying proof Examples[Examples::setArray2([B)].JML normal_behavior operation contract.0 
28670      DEBUG main            d.u.i.k.p.i.IntermediateProofReplayer Proof replay took 218.13ms 
28673      DEBUG main            d.u.i.k.p.r.p.TestFile    ... success: reloaded. 
28680      INFO  main            d.u.i.k.p.r.p.TestFile    Now processing file /home/runner/work/key/key/key.core/../key.ui/examples/heap/javacard/arrayFillNonAtomic.key 
28680      INFO  main            d.u.i.k.p.i.AbstractProblemLoader Loading environment from /home/runner/work/key/key/key.core/../key.ui/examples/heap/javacard/arrayFillNonAtomic.key 
28680      DEBUG main            d.u.i.k.p.i.AbstractProblemLoader Environment load took 294.01ns 
28682      INFO  main            d.u.i.k.p.i.AbstractProblemLoader Creating init config 
30642      DEBUG main            d.u.i.k.p.i.AbstractProblemLoader Init config took 1.96s 
30708      INFO  main            d.u.i.k.p.i.AbstractProblemLoader Replaying proof javacard.framework.Util[javacard.framework.Util::arrayFillNonAtomic([B,short,short,byte)].JML behavior operation contract.0.transaction_inactive 
30710      DEBUG main            d.u.i.k.p.i.IntermediateProofReplayer Proof replay took 7.2ns 
31723      DEBUG Thread-13       d.u.i.k.l.o.ProgramSV     Match failed: Former match of  SchemaVariable incompatible with  the current match. 
31723      DEBUG Thread-13       d.u.i.k.l.o.ProgramSV     Match failed: Former match of  SchemaVariable incompatible with  the current match. 
33163      DEBUG Thread-13       d.u.i.k.l.o.ProgramSV     Match failed: Former match of  SchemaVariable incompatible with  the current match. 
33163      DEBUG Thread-13       d.u.i.k.l.o.ProgramSV     Match failed: Former match of  SchemaVariable incompatible with  the current match. 
34967      INFO  main            d.u.i.k.p.r.p.TestFile    ... finished proof: closed. 
35159      INFO  main            d.u.i.k.p.i.AbstractProblemLoader Loading environment from /home/runner/work/key/key/key.core/../key.ui/examples/heap/javacard/arrayFillNonAtomic.key.proof 
35159      DEBUG main            d.u.i.k.p.i.AbstractProblemLoader Environment load took 547.51ns 
35163      INFO  main            d.u.i.k.p.i.AbstractProblemLoader Creating init config 
37013      DEBUG main            d.u.i.k.p.i.AbstractProblemLoader Init config took 1.85s 
37085      INFO  main            d.u.i.k.p.i.AbstractProblemLoader Replaying proof javacard.framework.Util[javacard.framework.Util::arrayFillNonAtomic([B,short,short,byte)].JML behavior operation contract.0.transaction_inactive 
38194      DEBUG main            d.u.i.k.p.i.IntermediateProofReplayer Proof replay took 1.08s 
38196      DEBUG main            d.u.i.k.p.r.p.TestFile    ... success: reloaded. 
38197      INFO  main            d.u.i.k.p.r.p.TestFile    Now processing file /home/runner/work/key/key/key.core/../key.ui/examples/heap/coincidence_count/project.key 
38197      INFO  main            d.u.i.k.p.i.AbstractProblemLoader Loading environment from /home/runner/work/key/key/key.core/../key.ui/examples/heap/coincidence_count/project.key 
38198      DEBUG main            d.u.i.k.p.i.AbstractProblemLoader Environment load took 280.41ns 
38199      INFO  main            d.u.i.k.p.i.AbstractProblemLoader Creating init config 
42298      DEBUG main            d.u.i.k.p.i.AbstractProblemLoader Init config took 4.1s 
42355      INFO  main            d.u.i.k.p.i.AbstractProblemLoader Replaying proof CC[CC::calcCoinIndex([I,[I)].JML normal_behavior operation contract.0 
42361      DEBUG main            d.u.i.k.p.i.IntermediateProofReplayer Proof replay took 17.8ns 
62772      INFO  main            d.u.i.k.p.r.p.TestFile    ... finished proof: closed. 
63120      INFO  main            d.u.i.k.p.i.AbstractProblemLoader Loading environment from /home/runner/work/key/key/key.core/../key.ui/examples/heap/coincidence_count/project.key.proof 
63121      DEBUG main            d.u.i.k.p.i.AbstractProblemLoader Environment load took 622.12ns 
63125      INFO  main            d.u.i.k.p.i.AbstractProblemLoader Creating init config 
66320      DEBUG main            d.u.i.k.p.i.AbstractProblemLoader Init config took 3.19s 
66407      INFO  main            d.u.i.k.p.i.AbstractProblemLoader Replaying proof CC[CC::calcCoinIndex([I,[I)].JML normal_behavior operation contract.0 
67697      DEBUG main            d.u.i.k.p.i.IntermediateProofReplayer Proof replay took 1.21s 
67701      DEBUG main            d.u.i.k.p.r.p.TestFile    ... success: reloaded. 
67703      INFO  main            d.u.i.k.p.r.p.TestFile    Now processing file /home/runner/work/key/key/key.core/../key.ui/examples/heap/verifyThis11_1_Maximum/project.key 
67704      INFO  main            d.u.i.k.p.i.AbstractProblemLoader Loading environment from /home/runner/work/key/key/key.core/../key.ui/examples/heap/verifyThis11_1_Maximum/project.key 
67704      DEBUG main            d.u.i.k.p.i.AbstractProblemLoader Environment load took 261.51ns 
67705      INFO  main            d.u.i.k.p.i.AbstractProblemLoader Creating init config 
70930      DEBUG main            d.u.i.k.p.i.AbstractProblemLoader Init config took 3.23s 
70998      INFO  main            d.u.i.k.p.i.AbstractProblemLoader Replaying proof Maximum[Maximum::maxIndex([I)].JML normal_behavior operation contract.0 
71001      DEBUG main            d.u.i.k.p.i.IntermediateProofReplayer Proof replay took 7.4ns 
72119      INFO  main            d.u.i.k.p.r.p.TestFile    ... finished proof: closed. 
72422      INFO  main            d.u.i.k.p.i.AbstractProblemLoader Loading environment from /home/runner/work/key/key/key.core/../key.ui/examples/heap/verifyThis11_1_Maximum/project.key.proof 
72423      DEBUG main            d.u.i.k.p.i.AbstractProblemLoader Environment load took 589.81ns 
72425      INFO  main            d.u.i.k.p.i.AbstractProblemLoader Creating init config 
75502      DEBUG main            d.u.i.k.p.i.AbstractProblemLoader Init config took 3.08s 
75549      INFO  main            d.u.i.k.p.i.AbstractProblemLoader Replaying proof Maximum[Maximum::maxIndex([I)].JML normal_behavior operation contract.0 
75764      DEBUG main            d.u.i.k.p.i.IntermediateProofReplayer Proof replay took 208.08ms 
75766      DEBUG main            d.u.i.k.p.r.p.TestFile    ... success: reloaded. 
75767      INFO  main            d.u.i.k.p.r.p.TestFile    Now processing file /home/runner/work/key/key/key.core/../key.ui/examples/heap/fm12_01_LRS/lcp.key 
75767      INFO  main            d.u.i.k.p.i.AbstractProblemLoader Loading environment from /home/runner/work/key/key/key.core/../key.ui/examples/heap/fm12_01_LRS/lcp.key 
75768      DEBUG main            d.u.i.k.p.i.AbstractProblemLoader Environment load took 276.31ns 
75769      INFO  main            d.u.i.k.p.i.AbstractProblemLoader Creating init config 
79579      DEBUG main            d.u.i.k.p.i.AbstractProblemLoader Init config took 3.81s 
79677      INFO  main            d.u.i.k.p.i.AbstractProblemLoader Replaying proof LCP[LCP::lcp([I,int,int)].JML normal_behavior operation contract.0 
79680      DEBUG main            d.u.i.k.p.i.IntermediateProofReplayer Proof replay took 7.5ns 
80685      INFO  main            d.u.i.k.p.r.p.TestFile    ... finished proof: closed. 
81036      INFO  main            d.u.i.k.p.i.AbstractProblemLoader Loading environment from /home/runner/work/key/key/key.core/../key.ui/examples/heap/fm12_01_LRS/lcp.key.proof 
81036      DEBUG main            d.u.i.k.p.i.AbstractProblemLoader Environment load took 566.01ns 
81045      INFO  main            d.u.i.k.p.i.AbstractProblemLoader Creating init config 
84554      DEBUG main            d.u.i.k.p.i.AbstractProblemLoader Init config took 3.51s 
84624      INFO  main            d.u.i.k.p.i.AbstractProblemLoader Replaying proof LCP[LCP::lcp([I,int,int)].JML normal_behavior operation contract.0 
84908      DEBUG main            d.u.i.k.p.i.IntermediateProofReplayer Proof replay took 276.36ms 
84910      DEBUG main            d.u.i.k.p.r.p.TestFile    ... success: reloaded. 
84911      INFO  main            d.u.i.k.p.r.p.TestFile    Now processing file /home/runner/work/key/key/key.core/../key.ui/examples/heap/SemanticSlicing/project.key 
84911      INFO  main            d.u.i.k.p.i.AbstractProblemLoader Loading environment from /home/runner/work/key/key/key.core/../key.ui/examples/heap/SemanticSlicing/project.key 
84912      DEBUG main            d.u.i.k.p.i.AbstractProblemLoader Environment load took 448.61ns 
84913      INFO  main            d.u.i.k.p.i.AbstractProblemLoader Creating init config 
88227      DEBUG main            d.u.i.k.p.i.AbstractProblemLoader Init config took 3.31s 
88287      INFO  main            d.u.i.k.p.i.AbstractProblemLoader Replaying proof unsatcore_after.competition.postcond5.scope333.LRS[unsatcore_after.competition.postcond5.scope333.LRS::doLRS()].JML operation contract.0 
88289      DEBUG main            d.u.i.k.p.i.IntermediateProofReplayer Proof replay took 7.1ns 
92798      INFO  main            d.u.i.k.p.r.p.TestFile    ... finished proof: closed. 
93121      INFO  main            d.u.i.k.p.i.AbstractProblemLoader Loading environment from /home/runner/work/key/key/key.core/../key.ui/examples/heap/SemanticSlicing/project.key.proof 
93122      DEBUG main            d.u.i.k.p.i.AbstractProblemLoader Environment load took 158.2ns 
93123      INFO  main            d.u.i.k.p.i.AbstractProblemLoader Creating init config 
96440      DEBUG main            d.u.i.k.p.i.AbstractProblemLoader Init config took 3.32s 
96515      INFO  main            d.u.i.k.p.i.AbstractProblemLoader Replaying proof unsatcore_after.competition.postcond5.scope333.LRS[unsatcore_after.competition.postcond5.scope333.LRS::doLRS()].JML operation contract.0 
97501      DEBUG main            d.u.i.k.p.i.IntermediateProofReplayer Proof replay took 972.88ms 
97503      DEBUG main            d.u.i.k.p.r.p.TestFile    ... success: reloaded. 
97504      INFO  main            d.u.i.k.p.r.p.TestFile    Now processing file /home/runner/work/key/key/key.core/../key.ui/examples/heap/information_flow/ArrayList_contains.key 
97504      INFO  main            d.u.i.k.p.i.AbstractProblemLoader Loading environment from /home/runner/work/key/key/key.core/../key.ui/examples/heap/information_flow/ArrayList_contains.key 
97505      DEBUG main            d.u.i.k.p.i.AbstractProblemLoader Environment load took 309.11ns 
97506      INFO  main            d.u.i.k.p.i.AbstractProblemLoader Creating init config 
100970     DEBUG main            d.u.i.k.p.i.AbstractProblemLoader Init config took 3.46s 
101016     INFO  main            d.u.i.k.p.i.AbstractProblemLoader Replaying proof ArrayList[ArrayList::get(int)].JML normal_behavior operation contract.0 
101017     DEBUG main            d.u.i.k.p.i.IntermediateProofReplayer Proof replay took 7ns 
101320     INFO  main            d.u.i.k.p.r.p.TestFile    ... finished proof: closed. 
101639     INFO  main            d.u.i.k.p.i.AbstractProblemLoader Loading environment from /home/runner/work/key/key/key.core/../key.ui/examples/heap/information_flow/ArrayList_contains.key.proof 
101639     DEBUG main            d.u.i.k.p.i.AbstractProblemLoader Environment load took 143.9ns 
101640     INFO  main            d.u.i.k.p.i.AbstractProblemLoader Creating init config 
104889     DEBUG main            d.u.i.k.p.i.AbstractProblemLoader Init config took 3.25s 
104934     INFO  main            d.u.i.k.p.i.AbstractProblemLoader Replaying proof ArrayList[ArrayList::get(int)].JML normal_behavior operation contract.0 
105000     DEBUG main            d.u.i.k.p.i.IntermediateProofReplayer Proof replay took 62.37ms 
105001     DEBUG main            d.u.i.k.p.r.p.TestFile    ... success: reloaded. 
105013     INFO  main            d.u.i.k.p.r.p.TestFile    Now processing file /home/runner/work/key/key/key.core/../key.ui/examples/heap/information_flow/ArrayList_get.key 
105013     INFO  main            d.u.i.k.p.i.AbstractProblemLoader Loading environment from /home/runner/work/key/key/key.core/../key.ui/examples/heap/information_flow/ArrayList_get.key 
105013     DEBUG main            d.u.i.k.p.i.AbstractProblemLoader Environment load took 70.5ns 
105014     INFO  main            d.u.i.k.p.i.AbstractProblemLoader Creating init config 
108354     DEBUG main            d.u.i.k.p.i.AbstractProblemLoader Init config took 3.34s 
108399     INFO  main            d.u.i.k.p.i.AbstractProblemLoader Replaying proof ArrayList[ArrayList::contains(java.lang.Object)].JML normal_behavior operation contract.0 
108400     DEBUG main            d.u.i.k.p.i.IntermediateProofReplayer Proof replay took 6.2ns 
109305     INFO  main            d.u.i.k.p.r.p.TestFile    ... finished proof: closed. 
109672     INFO  main            d.u.i.k.p.i.AbstractProblemLoader Loading environment from /home/runner/work/key/key/key.core/../key.ui/examples/heap/information_flow/ArrayList_get.key.proof 
109675     DEBUG main            d.u.i.k.p.i.AbstractProblemLoader Environment load took 2.59ms 
109677     INFO  main            d.u.i.k.p.i.AbstractProblemLoader Creating init config 
112892     DEBUG main            d.u.i.k.p.i.AbstractProblemLoader Init config took 3.22s 
112941     INFO  main            d.u.i.k.p.i.AbstractProblemLoader Replaying proof ArrayList[ArrayList::contains(java.lang.Object)].JML normal_behavior operation contract.0 
113156     DEBUG main            d.u.i.k.p.i.IntermediateProofReplayer Proof replay took 208.94ms 
113158     DEBUG main            d.u.i.k.p.r.p.TestFile    ... success: reloaded. 
113159     INFO  main            d.u.i.k.p.r.p.TestFile    Now processing file /home/runner/work/key/key/key.core/../key.ui/examples/heap/information_flow/ArrayList_size.key 
113160     INFO  main            d.u.i.k.p.i.AbstractProblemLoader Loading environment from /home/runner/work/key/key/key.core/../key.ui/examples/heap/information_flow/ArrayList_size.key 
113160     DEBUG main            d.u.i.k.p.i.AbstractProblemLoader Environment load took 255.51ns 
113161     INFO  main            d.u.i.k.p.i.AbstractProblemLoader Creating init config 
116500     DEBUG main            d.u.i.k.p.i.AbstractProblemLoader Init config took 3.34s 
116542     INFO  main            d.u.i.k.p.i.AbstractProblemLoader Replaying proof ArrayList[ArrayList::size()].JML normal_behavior operation contract.0 
116544     DEBUG main            d.u.i.k.p.i.IntermediateProofReplayer Proof replay took 6ns 
116650     INFO  main            d.u.i.k.p.r.p.TestFile    ... finished proof: closed. 
116934     INFO  main            d.u.i.k.p.i.AbstractProblemLoader Loading environment from /home/runner/work/key/key/key.core/../key.ui/examples/heap/information_flow/ArrayList_size.key.proof 
116934     DEBUG main            d.u.i.k.p.i.AbstractProblemLoader Environment load took 130.4ns 
116935     INFO  main            d.u.i.k.p.i.AbstractProblemLoader Creating init config 
120215     DEBUG main            d.u.i.k.p.i.AbstractProblemLoader Init config took 3.28s 
120257     INFO  main            d.u.i.k.p.i.AbstractProblemLoader Replaying proof ArrayList[ArrayList::size()].JML normal_behavior operation contract.0 
120274     DEBUG main            d.u.i.k.p.i.IntermediateProofReplayer Proof replay took 15.14ms 
120275     DEBUG main            d.u.i.k.p.r.p.TestFile    ... success: reloaded. 
120276     INFO  main            d.u.i.k.p.r.p.TestFile    Now processing file /home/runner/work/key/key/key.core/../key.ui/examples/heap/information_flow/UpdateAbstraction_ex7_3_secure.key 
120276     INFO  main            d.u.i.k.p.i.AbstractProblemLoader Loading environment from /home/runner/work/key/key/key.core/../key.ui/examples/heap/information_flow/UpdateAbstraction_ex7_3_secure.key 
120277     DEBUG main            d.u.i.k.p.i.AbstractProblemLoader Environment load took 212.91ns 
120278     INFO  main            d.u.i.k.p.i.AbstractProblemLoader Creating init config 
123704     DEBUG main            d.u.i.k.p.i.AbstractProblemLoader Init config took 3.43s 
123744     INFO  main            d.u.i.k.p.i.AbstractProblemLoader Replaying proof UpdateAbstraction[UpdateAbstraction::ex7_3_secure()].JML operation contract.0 
123745     DEBUG main            d.u.i.k.p.i.IntermediateProofReplayer Proof replay took 6.6ns 
123950     INFO  main            d.u.i.k.p.r.p.TestFile    ... finished proof: closed. 
124257     INFO  main            d.u.i.k.p.i.AbstractProblemLoader Loading environment from /home/runner/work/key/key/key.core/../key.ui/examples/heap/information_flow/UpdateAbstraction_ex7_3_secure.key.proof 
124257     DEBUG main            d.u.i.k.p.i.AbstractProblemLoader Environment load took 163.7ns 
124258     INFO  main            d.u.i.k.p.i.AbstractProblemLoader Creating init config 
127612     DEBUG main            d.u.i.k.p.i.AbstractProblemLoader Init config took 3.35s 
127653     INFO  main            d.u.i.k.p.i.AbstractProblemLoader Replaying proof UpdateAbstraction[UpdateAbstraction::ex7_3_secure()].JML operation contract.0 
127691     DEBUG main            d.u.i.k.p.i.IntermediateProofReplayer Proof replay took 35.49ms 
127692     DEBUG main            d.u.i.k.p.r.p.TestFile    ... success: reloaded. 
127692     INFO  main            d.u.i.k.p.r.p.TestFile    Now processing file /home/runner/work/key/key/key.core/../key.ui/examples/heap/information_flow/UpdateAbstraction_ex7_4_secure.key 
127693     INFO  main            d.u.i.k.p.i.AbstractProblemLoader Loading environment from /home/runner/work/key/key/key.core/../key.ui/examples/heap/information_flow/UpdateAbstraction_ex7_4_secure.key 
127693     DEBUG main            d.u.i.k.p.i.AbstractProblemLoader Environment load took 89.9ns 
127694     INFO  main            d.u.i.k.p.i.AbstractProblemLoader Creating init config 
131130     DEBUG main            d.u.i.k.p.i.AbstractProblemLoader Init config took 3.44s 
131170     INFO  main            d.u.i.k.p.i.AbstractProblemLoader Replaying proof UpdateAbstraction[UpdateAbstraction::ex7_4_secure()].JML operation contract.0 
131171     DEBUG main            d.u.i.k.p.i.IntermediateProofReplayer Proof replay took 6.6ns 
131374     INFO  main            d.u.i.k.p.r.p.TestFile    ... finished proof: closed. 
131710     INFO  main            d.u.i.k.p.i.AbstractProblemLoader Loading environment from /home/runner/work/key/key/key.core/../key.ui/examples/heap/information_flow/UpdateAbstraction_ex7_4_secure.key.proof 
131711     DEBUG main            d.u.i.k.p.i.AbstractProblemLoader Environment load took 140.4ns 
131712     INFO  main            d.u.i.k.p.i.AbstractProblemLoader Creating init config 
134902     DEBUG main            d.u.i.k.p.i.AbstractProblemLoader Init config took 3.19s 
134953     INFO  main            d.u.i.k.p.i.AbstractProblemLoader Replaying proof UpdateAbstraction[UpdateAbstraction::ex7_4_secure()].JML operation contract.0 
135007     DEBUG main            d.u.i.k.p.i.IntermediateProofReplayer Proof replay took 51.48ms 
135008     DEBUG main            d.u.i.k.p.r.p.TestFile    ... success: reloaded. 
135009     INFO  main            d.u.i.k.p.r.p.TestFile    Now processing file /home/runner/work/key/key/key.core/../key.ui/examples/heap/information_flow/UpdateAbstraction_ex7_5_secure.key 
135009     INFO  main            d.u.i.k.p.i.AbstractProblemLoader Loading environment from /home/runner/work/key/key/key.core/../key.ui/examples/heap/information_flow/UpdateAbstraction_ex7_5_secure.key 
135009     DEBUG main            d.u.i.k.p.i.AbstractProblemLoader Environment load took 123.2ns 
135010     INFO  main            d.u.i.k.p.i.AbstractProblemLoader Creating init config 
138374     DEBUG main            d.u.i.k.p.i.AbstractProblemLoader Init config took 3.36s 
138414     INFO  main            d.u.i.k.p.i.AbstractProblemLoader Replaying proof UpdateAbstraction[UpdateAbstraction::ex7_5_secure()].JML operation contract.0 
138416     DEBUG main            d.u.i.k.p.i.IntermediateProofReplayer Proof replay took 6.3ns 
138518     INFO  main            d.u.i.k.p.r.p.TestFile    ... finished proof: closed. 
138851     INFO  main            d.u.i.k.p.i.AbstractProblemLoader Loading environment from /home/runner/work/key/key/key.core/../key.ui/examples/heap/information_flow/UpdateAbstraction_ex7_5_secure.key.proof 
138851     DEBUG main            d.u.i.k.p.i.AbstractProblemLoader Environment load took 132.7ns 
138852     INFO  main            d.u.i.k.p.i.AbstractProblemLoader Creating init config 
142160     DEBUG main            d.u.i.k.p.i.AbstractProblemLoader Init config took 3.31s 
142212     INFO  main            d.u.i.k.p.i.AbstractProblemLoader Replaying proof UpdateAbstraction[UpdateAbstraction::ex7_5_secure()].JML operation contract.0 
142240     DEBUG main            d.u.i.k.p.i.IntermediateProofReplayer Proof replay took 26.53ms 
142241     DEBUG main            d.u.i.k.p.r.p.TestFile    ... success: reloaded. 
142244     INFO  main            d.u.i.k.p.r.p.TestFile    Now processing file /home/runner/work/key/key/key.core/../key.ui/examples/heap/information_flow/UpdateAbstraction_ex7_6_secure.key 
142244     INFO  main            d.u.i.k.p.i.AbstractProblemLoader Loading environment from /home/runner/work/key/key/key.core/../key.ui/examples/heap/information_flow/UpdateAbstraction_ex7_6_secure.key 
142244     DEBUG main            d.u.i.k.p.i.AbstractProblemLoader Environment load took 78.8ns 
142245     INFO  main            d.u.i.k.p.i.AbstractProblemLoader Creating init config 
145600     DEBUG main            d.u.i.k.p.i.AbstractProblemLoader Init config took 3.36s 
145639     INFO  main            d.u.i.k.p.i.AbstractProblemLoader Replaying proof UpdateAbstraction[UpdateAbstraction::ex7_6_secure()].JML operation contract.0 
145641     DEBUG main            d.u.i.k.p.i.IntermediateProofReplayer Proof replay took 6.4ns 
145943     INFO  main            d.u.i.k.p.r.p.TestFile    ... finished proof: closed. 
146294     INFO  main            d.u.i.k.p.i.AbstractProblemLoader Loading environment from /home/runner/work/key/key/key.core/../key.ui/examples/heap/information_flow/UpdateAbstraction_ex7_6_secure.key.proof 
146294     DEBUG main            d.u.i.k.p.i.AbstractProblemLoader Environment load took 130ns 
146295     INFO  main            d.u.i.k.p.i.AbstractProblemLoader Creating init config 
149614     DEBUG main            d.u.i.k.p.i.AbstractProblemLoader Init config took 3.32s 
149654     INFO  main            d.u.i.k.p.i.AbstractProblemLoader Replaying proof UpdateAbstraction[UpdateAbstraction::ex7_6_secure()].JML operation contract.0 
149728     DEBUG main            d.u.i.k.p.i.IntermediateProofReplayer Proof replay took 69.74ms 
149729     DEBUG main            d.u.i.k.p.r.p.TestFile    ... success: reloaded. 
149730     INFO  main            d.u.i.k.p.r.p.TestFile    Now processing file /home/runner/work/key/key/key.core/../key.ui/examples/heap/information_flow/UpdateAbstraction_ex9_secure.key 
149731     INFO  main            d.u.i.k.p.i.AbstractProblemLoader Loading environment from /home/runner/work/key/key/key.core/../key.ui/examples/heap/information_flow/UpdateAbstraction_ex9_secure.key 
149731     DEBUG main            d.u.i.k.p.i.AbstractProblemLoader Environment load took 142.5ns 
149732     INFO  main            d.u.i.k.p.i.AbstractProblemLoader Creating init config 
153048     DEBUG main            d.u.i.k.p.i.AbstractProblemLoader Init config took 3.32s 
153088     INFO  main            d.u.i.k.p.i.AbstractProblemLoader Replaying proof UpdateAbstraction[UpdateAbstraction::ex9_secure()].JML operation contract.0 
153089     DEBUG main            d.u.i.k.p.i.IntermediateProofReplayer Proof replay took 8.1ns 
154102     INFO  main            d.u.i.k.p.r.p.TestFile    ... finished proof: closed. 
154473     INFO  main            d.u.i.k.p.i.AbstractProblemLoader Loading environment from /home/runner/work/key/key/key.core/../key.ui/examples/heap/information_flow/UpdateAbstraction_ex9_secure.key.proof 
154473     DEBUG main            d.u.i.k.p.i.AbstractProblemLoader Environment load took 352.61ns 
154474     INFO  main            d.u.i.k.p.i.AbstractProblemLoader Creating init config 
157802     DEBUG main            d.u.i.k.p.i.AbstractProblemLoader Init config took 3.33s 
157842     INFO  main            d.u.i.k.p.i.AbstractProblemLoader Replaying proof UpdateAbstraction[UpdateAbstraction::ex9_secure()].JML operation contract.0 
158123     DEBUG main            d.u.i.k.p.i.IntermediateProofReplayer Proof replay took 276.63ms 
158124     DEBUG main            d.u.i.k.p.r.p.TestFile    ... success: reloaded. 
1013222    INFO  Test worker     d.u.i.k.p.r.RunAllProofsTestUnit Returning from test javaCard 
1013223    INFO  Test worker     d.u.i.k.p.r.RunAllProofsTestUnit Running test list 
402        INFO  Timeout watchdog d.u.i.k.p.r.p.ForkedTestFileRunner Timeout watcher launched (2000 secs.) 
430        WARN  main            d.u.i.k.s.ProofSettings   The settings in /home/runner/.key/proof-settings.props are *not* read. 
484        INFO  main            d.u.i.k.p.r.p.TestFile    Now processing file /home/runner/work/key/key/key.core/../key.ui/examples/heap/list/ArrayList_add.key 
661        INFO  main            d.u.i.k.p.i.AbstractProblemLoader Loading environment from /home/runner/work/key/key/key.core/../key.ui/examples/heap/list/ArrayList_add.key 
688        DEBUG main            d.u.i.k.p.i.AbstractProblemLoader Environment load took 2.57ms 
941        INFO  main            d.u.i.k.p.i.AbstractProblemLoader Creating init config 
2020       DEBUG main            d.u.i.k.j.TypeConverter   No LDT found for Meta 
2020       DEBUG main            d.u.i.k.j.TypeConverter   No LDT found for Meta 
2021       DEBUG main            d.u.i.k.j.TypeConverter   No LDT found for Meta 
2021       DEBUG main            d.u.i.k.j.TypeConverter   No LDT found for Meta 
3667       DEBUG main            d.u.i.k.j.TypeConverter   No LDT found for JavaBigintExpression 
7363       DEBUG main            d.u.i.k.j.r.ClassPreparationMethodBuilder clPrepBuilder: Inner Class detected. Reject building class initialisation methods. 
10493      DEBUG main            d.u.i.k.p.i.AbstractProblemLoader Init config took 9.55s 
10744      INFO  main            d.u.i.k.p.i.AbstractProblemLoader Replaying proof ArrayList[List::add(java.lang.Object)].JML normal_behavior operation contract.0 
10784      DEBUG main            d.u.i.k.p.i.IntermediateProofReplayer Proof replay took 40.7ns 
16944      INFO  main            d.u.i.k.p.r.p.TestFile    ... finished proof: closed. 
17254      INFO  main            d.u.i.k.p.i.AbstractProblemLoader Loading environment from /home/runner/work/key/key/key.core/../key.ui/examples/heap/list/ArrayList_add.key.proof 
17255      DEBUG main            d.u.i.k.p.i.AbstractProblemLoader Environment load took 552.41ns 
17262      INFO  main            d.u.i.k.p.i.AbstractProblemLoader Creating init config 
18676      DEBUG main            d.u.i.k.j.r.ClassPreparationMethodBuilder clPrepBuilder: Inner Class detected. Reject building class initialisation methods. 
21362      DEBUG main            d.u.i.k.p.i.AbstractProblemLoader Init config took 4.1s 
21440      INFO  main            d.u.i.k.p.i.AbstractProblemLoader Replaying proof ArrayList[List::add(java.lang.Object)].JML normal_behavior operation contract.0 
22605      DEBUG main            d.u.i.k.p.i.IntermediateProofReplayer Proof replay took 1.14s 
22616      DEBUG main            d.u.i.k.p.r.p.TestFile    ... success: reloaded. 
22618      INFO  main            d.u.i.k.p.r.p.TestFile    Now processing file /home/runner/work/key/key/key.core/../key.ui/examples/heap/list/ArrayList_ArrayList.key 
22619      INFO  main            d.u.i.k.p.i.AbstractProblemLoader Loading environment from /home/runner/work/key/key/key.core/../key.ui/examples/heap/list/ArrayList_ArrayList.key 
22619      DEBUG main            d.u.i.k.p.i.AbstractProblemLoader Environment load took 297.41ns 
22621      INFO  main            d.u.i.k.p.i.AbstractProblemLoader Creating init config 
23917      DEBUG main            d.u.i.k.j.r.ClassPreparationMethodBuilder clPrepBuilder: Inner Class detected. Reject building class initialisation methods. 
26494      DEBUG main            d.u.i.k.p.i.AbstractProblemLoader Init config took 3.87s 
26599      INFO  main            d.u.i.k.p.i.AbstractProblemLoader Replaying proof ArrayList[ArrayList::ArrayList()].JML normal_behavior operation contract.0 
26602      DEBUG main            d.u.i.k.p.i.IntermediateProofReplayer Proof replay took 6.1ns 
28211      INFO  main            d.u.i.k.p.r.p.TestFile    ... finished proof: closed. 
28454      INFO  main            d.u.i.k.p.i.AbstractProblemLoader Loading environment from /home/runner/work/key/key/key.core/../key.ui/examples/heap/list/ArrayList_ArrayList.key.proof 
28456      DEBUG main            d.u.i.k.p.i.AbstractProblemLoader Environment load took 1.29ms 
28459      INFO  main            d.u.i.k.p.i.AbstractProblemLoader Creating init config 
29709      DEBUG main            d.u.i.k.j.r.ClassPreparationMethodBuilder clPrepBuilder: Inner Class detected. Reject building class initialisation methods. 
32260      DEBUG main            d.u.i.k.p.i.AbstractProblemLoader Init config took 3.8s 
32327      INFO  main            d.u.i.k.p.i.AbstractProblemLoader Replaying proof ArrayList[ArrayList::ArrayList()].JML normal_behavior operation contract.0 
32619      DEBUG main            d.u.i.k.p.i.IntermediateProofReplayer Proof replay took 281.18ms 
32621      DEBUG main            d.u.i.k.p.r.p.TestFile    ... success: reloaded. 
32623      INFO  main            d.u.i.k.p.r.p.TestFile    Now processing file /home/runner/work/key/key/key.core/../key.ui/examples/heap/list/ArrayList_concatenate.key 
32623      INFO  main            d.u.i.k.p.i.AbstractProblemLoader Loading environment from /home/runner/work/key/key/key.core/../key.ui/examples/heap/list/ArrayList_concatenate.key 
32623      DEBUG main            d.u.i.k.p.i.AbstractProblemLoader Environment load took 278.41ns 
32625      INFO  main            d.u.i.k.p.i.AbstractProblemLoader Creating init config 
33877      DEBUG main            d.u.i.k.j.r.ClassPreparationMethodBuilder clPrepBuilder: Inner Class detected. Reject building class initialisation methods. 
36487      DEBUG main            d.u.i.k.p.i.AbstractProblemLoader Init config took 3.86s 
36559      INFO  main            d.u.i.k.p.i.AbstractProblemLoader Replaying proof ArrayList[List::concatenate(List)].JML normal_behavior operation contract.0 
36561      DEBUG main            d.u.i.k.p.i.IntermediateProofReplayer Proof replay took 7.6ns 
64969      INFO  main            d.u.i.k.p.r.p.TestFile    ... finished proof: closed. 
65250      INFO  main            d.u.i.k.p.i.AbstractProblemLoader Loading environment from /home/runner/work/key/key/key.core/../key.ui/examples/heap/list/ArrayList_concatenate.key.proof 
65250      DEBUG main            d.u.i.k.p.i.AbstractProblemLoader Environment load took 575.31ns 
65259      INFO  main            d.u.i.k.p.i.AbstractProblemLoader Creating init config 
66452      DEBUG main            d.u.i.k.j.r.ClassPreparationMethodBuilder clPrepBuilder: Inner Class detected. Reject building class initialisation methods. 
68842      DEBUG main            d.u.i.k.p.i.AbstractProblemLoader Init config took 3.58s 
68918      INFO  main            d.u.i.k.p.i.AbstractProblemLoader Replaying proof ArrayList[List::concatenate(List)].JML normal_behavior operation contract.0 
71631      DEBUG main            d.u.i.k.p.i.IntermediateProofReplayer Proof replay took 2.64s 
71637      DEBUG main            d.u.i.k.p.r.p.TestFile    ... success: reloaded. 
71639      INFO  main            d.u.i.k.p.r.p.TestFile    Now processing file /home/runner/work/key/key/key.core/../key.ui/examples/heap/list/ArrayList_contains_dep.key 
71639      INFO  main            d.u.i.k.p.i.AbstractProblemLoader Loading environment from /home/runner/work/key/key/key.core/../key.ui/examples/heap/list/ArrayList_contains_dep.key 
71640      DEBUG main            d.u.i.k.p.i.AbstractProblemLoader Environment load took 666.42ns 
71641      INFO  main            d.u.i.k.p.i.AbstractProblemLoader Creating init config 
72897      DEBUG main            d.u.i.k.j.r.ClassPreparationMethodBuilder clPrepBuilder: Inner Class detected. Reject building class initialisation methods. 
75370      DEBUG main            d.u.i.k.p.i.AbstractProblemLoader Init config took 3.73s 
75437      INFO  main            d.u.i.k.p.i.AbstractProblemLoader Replaying proof ArrayList[List::contains(java.lang.Object)].JML accessible clause.0 
75439      DEBUG main            d.u.i.k.p.i.IntermediateProofReplayer Proof replay took 6.9ns 
78593      INFO  main            d.u.i.k.p.r.p.TestFile    ... finished proof: closed. 
78963      INFO  main            d.u.i.k.p.i.AbstractProblemLoader Loading environment from /home/runner/work/key/key/key.core/../key.ui/examples/heap/list/ArrayList_contains_dep.key.proof 
78963      DEBUG main            d.u.i.k.p.i.AbstractProblemLoader Environment load took 236.21ns 
78965      INFO  main            d.u.i.k.p.i.AbstractProblemLoader Creating init config 
80260      DEBUG main            d.u.i.k.j.r.ClassPreparationMethodBuilder clPrepBuilder: Inner Class detected. Reject building class initialisation methods. 
82696      DEBUG main            d.u.i.k.p.i.AbstractProblemLoader Init config took 3.73s 
82759      INFO  main            d.u.i.k.p.i.AbstractProblemLoader Replaying proof ArrayList[List::contains(java.lang.Object)].JML accessible clause.0 
83320      DEBUG main            d.u.i.k.p.i.IntermediateProofReplayer Proof replay took 546.72ms 
83322      DEBUG main            d.u.i.k.p.r.p.TestFile    ... success: reloaded. 
83324      INFO  main            d.u.i.k.p.r.p.TestFile    Now processing file /home/runner/work/key/key/key.core/../key.ui/examples/heap/list/ArrayList_enlarge.key 
83324      INFO  main            d.u.i.k.p.i.AbstractProblemLoader Loading environment from /home/runner/work/key/key/key.core/../key.ui/examples/heap/list/ArrayList_enlarge.key 
83324      DEBUG main            d.u.i.k.p.i.AbstractProblemLoader Environment load took 275.41ns 
83326      INFO  main            d.u.i.k.p.i.AbstractProblemLoader Creating init config 
84495      DEBUG main            d.u.i.k.j.r.ClassPreparationMethodBuilder clPrepBuilder: Inner Class detected. Reject building class initialisation methods. 
86937      DEBUG main            d.u.i.k.p.i.AbstractProblemLoader Init config took 3.61s 
87000      INFO  main            d.u.i.k.p.i.AbstractProblemLoader Replaying proof ArrayList[ArrayList::enlarge()].JML normal_behavior operation contract.0 
87003      DEBUG main            d.u.i.k.p.i.IntermediateProofReplayer Proof replay took 7.8ns 
89711      INFO  main            d.u.i.k.p.r.p.TestFile    ... finished proof: closed. 
89955      INFO  main            d.u.i.k.p.i.AbstractProblemLoader Loading environment from /home/runner/work/key/key/key.core/../key.ui/examples/heap/list/ArrayList_enlarge.key.proof 
89956      DEBUG main            d.u.i.k.p.i.AbstractProblemLoader Environment load took 932.02ns 
89958      INFO  main            d.u.i.k.p.i.AbstractProblemLoader Creating init config 
91155      DEBUG main            d.u.i.k.j.r.ClassPreparationMethodBuilder clPrepBuilder: Inner Class detected. Reject building class initialisation methods. 
93608      DEBUG main            d.u.i.k.p.i.AbstractProblemLoader Init config took 3.65s 
93681      INFO  main            d.u.i.k.p.i.AbstractProblemLoader Replaying proof ArrayList[ArrayList::enlarge()].JML normal_behavior operation contract.0 
94160      DEBUG main            d.u.i.k.p.i.IntermediateProofReplayer Proof replay took 470.1ms 
94162      DEBUG main            d.u.i.k.p.r.p.TestFile    ... success: reloaded. 
94164      INFO  main            d.u.i.k.p.r.p.TestFile    Now processing file /home/runner/work/key/key/key.core/../key.ui/examples/heap/list/ArrayList_footprint.key 
94164      INFO  main            d.u.i.k.p.i.AbstractProblemLoader Loading environment from /home/runner/work/key/key/key.core/../key.ui/examples/heap/list/ArrayList_footprint.key 
94164      DEBUG main            d.u.i.k.p.i.AbstractProblemLoader Environment load took 102.5ns 
94165      INFO  main            d.u.i.k.p.i.AbstractProblemLoader Creating init config 
95362      DEBUG main            d.u.i.k.j.r.ClassPreparationMethodBuilder clPrepBuilder: Inner Class detected. Reject building class initialisation methods. 
97837      DEBUG main            d.u.i.k.p.i.AbstractProblemLoader Init config took 3.67s 
97888      INFO  main            d.u.i.k.p.i.AbstractProblemLoader Replaying proof List[List::$footprint()].JML accessible clause.0 
97890      DEBUG main            d.u.i.k.p.i.IntermediateProofReplayer Proof replay took 6ns 
97994      INFO  main            d.u.i.k.p.r.p.TestFile    ... finished proof: closed. 
98207      INFO  main            d.u.i.k.p.i.AbstractProblemLoader Loading environment from /home/runner/work/key/key/key.core/../key.ui/examples/heap/list/ArrayList_footprint.key.proof 
98207      DEBUG main            d.u.i.k.p.i.AbstractProblemLoader Environment load took 137.9ns 
98208      INFO  main            d.u.i.k.p.i.AbstractProblemLoader Creating init config 
99377      DEBUG main            d.u.i.k.j.r.ClassPreparationMethodBuilder clPrepBuilder: Inner Class detected. Reject building class initialisation methods. 
101833     DEBUG main            d.u.i.k.p.i.AbstractProblemLoader Init config took 3.62s 
101885     INFO  main            d.u.i.k.p.i.AbstractProblemLoader Replaying proof List[List::$footprint()].JML accessible clause.0 
101888     DEBUG main            d.u.i.k.p.i.IntermediateProofReplayer Proof replay took 1.29ms 
101889     DEBUG main            d.u.i.k.p.r.p.TestFile    ... success: reloaded. 
101890     INFO  main            d.u.i.k.p.r.p.TestFile    Now processing file /home/runner/work/key/key/key.core/../key.ui/examples/heap/list/ArrayList_get_dep.key 
101891     INFO  main            d.u.i.k.p.i.AbstractProblemLoader Loading environment from /home/runner/work/key/key/key.core/../key.ui/examples/heap/list/ArrayList_get_dep.key 
101891     DEBUG main            d.u.i.k.p.i.AbstractProblemLoader Environment load took 262.61ns 
101892     INFO  main            d.u.i.k.p.i.AbstractProblemLoader Creating init config 
103126     DEBUG main            d.u.i.k.j.r.ClassPreparationMethodBuilder clPrepBuilder: Inner Class detected. Reject building class initialisation methods. 
105558     DEBUG main            d.u.i.k.p.i.AbstractProblemLoader Init config took 3.67s 
105613     INFO  main            d.u.i.k.p.i.AbstractProblemLoader Replaying proof ArrayList[List::get(int)].JML accessible clause.0 
105615     DEBUG main            d.u.i.k.p.i.IntermediateProofReplayer Proof replay took 6.2ns 
106124     INFO  main            d.u.i.k.p.r.p.TestFile    ... finished proof: closed. 
106365     INFO  main            d.u.i.k.p.i.AbstractProblemLoader Loading environment from /home/runner/work/key/key/key.core/../key.ui/examples/heap/list/ArrayList_get_dep.key.proof 
106365     DEBUG main            d.u.i.k.p.i.AbstractProblemLoader Environment load took 263.91ns 
106367     INFO  main            d.u.i.k.p.i.AbstractProblemLoader Creating init config 
107523     DEBUG main            d.u.i.k.j.r.ClassPreparationMethodBuilder clPrepBuilder: Inner Class detected. Reject building class initialisation methods. 
109951     DEBUG main            d.u.i.k.p.i.AbstractProblemLoader Init config took 3.58s 
110004     INFO  main            d.u.i.k.p.i.AbstractProblemLoader Replaying proof ArrayList[List::get(int)].JML accessible clause.0 
110093     DEBUG main            d.u.i.k.p.i.IntermediateProofReplayer Proof replay took 85.86ms 
110097     DEBUG main            d.u.i.k.p.r.p.TestFile    ... success: reloaded. 
110099     INFO  main            d.u.i.k.p.r.p.TestFile    Now processing file /home/runner/work/key/key/key.core/../key.ui/examples/heap/list/ArrayList_get_exceptional.key 
110101     INFO  main            d.u.i.k.p.i.AbstractProblemLoader Loading environment from /home/runner/work/key/key/key.core/../key.ui/examples/heap/list/ArrayList_get_exceptional.key 
110103     DEBUG main            d.u.i.k.p.i.AbstractProblemLoader Environment load took 2.12ms 
110104     INFO  main            d.u.i.k.p.i.AbstractProblemLoader Creating init config 
111266     DEBUG main            d.u.i.k.j.r.ClassPreparationMethodBuilder clPrepBuilder: Inner Class detected. Reject building class initialisation methods. 
113662     DEBUG main            d.u.i.k.p.i.AbstractProblemLoader Init config took 3.56s 
113734     INFO  main            d.u.i.k.p.i.AbstractProblemLoader Replaying proof ArrayList[List::get(int)].JML exceptional_behavior operation contract.0 
113736     DEBUG main            d.u.i.k.p.i.IntermediateProofReplayer Proof replay took 6.1ns 
115043     INFO  main            d.u.i.k.p.r.p.TestFile    ... finished proof: closed. 
115333     INFO  main            d.u.i.k.p.i.AbstractProblemLoader Loading environment from /home/runner/work/key/key/key.core/../key.ui/examples/heap/list/ArrayList_get_exceptional.key.proof 
115334     DEBUG main            d.u.i.k.p.i.AbstractProblemLoader Environment load took 503.31ns 
115335     INFO  main            d.u.i.k.p.i.AbstractProblemLoader Creating init config 
116473     DEBUG main            d.u.i.k.j.r.ClassPreparationMethodBuilder clPrepBuilder: Inner Class detected. Reject building class initialisation methods. 
118882     DEBUG main            d.u.i.k.p.i.AbstractProblemLoader Init config took 3.55s 
118951     INFO  main            d.u.i.k.p.i.AbstractProblemLoader Replaying proof ArrayList[List::get(int)].JML exceptional_behavior operation contract.0 
119202     DEBUG main            d.u.i.k.p.i.IntermediateProofReplayer Proof replay took 242.95ms 
119203     DEBUG main            d.u.i.k.p.r.p.TestFile    ... success: reloaded. 
119205     INFO  main            d.u.i.k.p.r.p.TestFile    Now processing file /home/runner/work/key/key/key.core/../key.ui/examples/heap/list/ArrayList_get_normal.key 
119205     INFO  main            d.u.i.k.p.i.AbstractProblemLoader Loading environment from /home/runner/work/key/key/key.core/../key.ui/examples/heap/list/ArrayList_get_normal.key 
119207     DEBUG main            d.u.i.k.p.i.AbstractProblemLoader Environment load took 1.72ms 
119208     INFO  main            d.u.i.k.p.i.AbstractProblemLoader Creating init config 
120407     DEBUG main            d.u.i.k.j.r.ClassPreparationMethodBuilder clPrepBuilder: Inner Class detected. Reject building class initialisation methods. 
122928     DEBUG main            d.u.i.k.p.i.AbstractProblemLoader Init config took 3.72s 
122981     INFO  main            d.u.i.k.p.i.AbstractProblemLoader Replaying proof ArrayList[List::get(int)].JML normal_behavior operation contract.0 
122983     DEBUG main            d.u.i.k.p.i.IntermediateProofReplayer Proof replay took 5.6ns 
123489     INFO  main            d.u.i.k.p.r.p.TestFile    ... finished proof: closed. 
123760     INFO  main            d.u.i.k.p.i.AbstractProblemLoader Loading environment from /home/runner/work/key/key/key.core/../key.ui/examples/heap/list/ArrayList_get_normal.key.proof 
123761     DEBUG main            d.u.i.k.p.i.AbstractProblemLoader Environment load took 351.11ns 
123762     INFO  main            d.u.i.k.p.i.AbstractProblemLoader Creating init config 
124901     DEBUG main            d.u.i.k.j.r.ClassPreparationMethodBuilder clPrepBuilder: Inner Class detected. Reject building class initialisation methods. 
127375     DEBUG main            d.u.i.k.p.i.AbstractProblemLoader Init config took 3.61s 
127431     INFO  main            d.u.i.k.p.i.AbstractProblemLoader Replaying proof ArrayList[List::get(int)].JML normal_behavior operation contract.0 
127525     DEBUG main            d.u.i.k.p.i.IntermediateProofReplayer Proof replay took 90.15ms 
127526     DEBUG main            d.u.i.k.p.r.p.TestFile    ... success: reloaded. 
127527     INFO  main            d.u.i.k.p.r.p.TestFile    Now processing file /home/runner/work/key/key/key.core/../key.ui/examples/heap/list/ArrayList_inv.key 
127528     INFO  main            d.u.i.k.p.i.AbstractProblemLoader Loading environment from /home/runner/work/key/key/key.core/../key.ui/examples/heap/list/ArrayList_inv.key 
127528     DEBUG main            d.u.i.k.p.i.AbstractProblemLoader Environment load took 146.2ns 
127529     INFO  main            d.u.i.k.p.i.AbstractProblemLoader Creating init config 
128693     DEBUG main            d.u.i.k.j.r.ClassPreparationMethodBuilder clPrepBuilder: Inner Class detected. Reject building class initialisation methods. 
131082     DEBUG main            d.u.i.k.p.i.AbstractProblemLoader Init config took 3.55s 
131136     INFO  main            d.u.i.k.p.i.AbstractProblemLoader Replaying proof ArrayList[java.lang.Object::<inv>()].JML accessible clause.0 
131138     DEBUG main            d.u.i.k.p.i.IntermediateProofReplayer Proof replay took 6.8ns 
131542     INFO  main            d.u.i.k.p.r.p.TestFile    ... finished proof: closed. 
131816     INFO  main            d.u.i.k.p.i.AbstractProblemLoader Loading environment from /home/runner/work/key/key/key.core/../key.ui/examples/heap/list/ArrayList_inv.key.proof 
131817     DEBUG main            d.u.i.k.p.i.AbstractProblemLoader Environment load took 134.5ns 
131818     INFO  main            d.u.i.k.p.i.AbstractProblemLoader Creating init config 
133005     DEBUG main            d.u.i.k.j.r.ClassPreparationMethodBuilder clPrepBuilder: Inner Class detected. Reject building class initialisation methods. 
135447     DEBUG main            d.u.i.k.p.i.AbstractProblemLoader Init config took 3.63s 
135516     INFO  main            d.u.i.k.p.i.AbstractProblemLoader Replaying proof ArrayList[java.lang.Object::<inv>()].JML accessible clause.0 
135574     DEBUG main            d.u.i.k.p.i.IntermediateProofReplayer Proof replay took 54.86ms 
135576     DEBUG main            d.u.i.k.p.r.p.TestFile    ... success: reloaded. 
135577     INFO  main            d.u.i.k.p.r.p.TestFile    Now processing file /home/runner/work/key/key/key.core/../key.ui/examples/heap/list/ArrayList_iterator.key 
135578     INFO  main            d.u.i.k.p.i.AbstractProblemLoader Loading environment from /home/runner/work/key/key/key.core/../key.ui/examples/heap/list/ArrayList_iterator.key 
135578     DEBUG main            d.u.i.k.p.i.AbstractProblemLoader Environment load took 625.72ns 
135579     INFO  main            d.u.i.k.p.i.AbstractProblemLoader Creating init config 
136781     DEBUG main            d.u.i.k.j.r.ClassPreparationMethodBuilder clPrepBuilder: Inner Class detected. Reject building class initialisation methods. 
139269     DEBUG main            d.u.i.k.p.i.AbstractProblemLoader Init config took 3.69s 
139325     INFO  main            d.u.i.k.p.i.AbstractProblemLoader Replaying proof ArrayList[List::iterator()].JML normal_behavior operation contract.0 
139327     DEBUG main            d.u.i.k.p.i.IntermediateProofReplayer Proof replay took 7.2ns 
139931     INFO  main            d.u.i.k.p.r.p.TestFile    ... finished proof: closed. 
140216     INFO  main            d.u.i.k.p.i.AbstractProblemLoader Loading environment from /home/runner/work/key/key/key.core/../key.ui/examples/heap/list/ArrayList_iterator.key.proof 
140217     DEBUG main            d.u.i.k.p.i.AbstractProblemLoader Environment load took 624.12ns 
140219     INFO  main            d.u.i.k.p.i.AbstractProblemLoader Creating init config 
141375     DEBUG main            d.u.i.k.j.r.ClassPreparationMethodBuilder clPrepBuilder: Inner Class detected. Reject building class initialisation methods. 
143772     DEBUG main            d.u.i.k.p.i.AbstractProblemLoader Init config took 3.55s 
143836     INFO  main            d.u.i.k.p.i.AbstractProblemLoader Replaying proof ArrayList[List::iterator()].JML normal_behavior operation contract.0 
143934     DEBUG main            d.u.i.k.p.i.IntermediateProofReplayer Proof replay took 93.39ms 
143935     DEBUG main            d.u.i.k.p.r.p.TestFile    ... success: reloaded. 
143936     INFO  main            d.u.i.k.p.r.p.TestFile    Now processing file /home/runner/work/key/key/key.core/../key.ui/examples/heap/list/ArrayList_size_dep.key 
143936     INFO  main            d.u.i.k.p.i.AbstractProblemLoader Loading environment from /home/runner/work/key/key/key.core/../key.ui/examples/heap/list/ArrayList_size_dep.key 
143936     DEBUG main            d.u.i.k.p.i.AbstractProblemLoader Environment load took 106.2ns 
143937     INFO  main            d.u.i.k.p.i.AbstractProblemLoader Creating init config 
145135     DEBUG main            d.u.i.k.j.r.ClassPreparationMethodBuilder clPrepBuilder: Inner Class detected. Reject building class initialisation methods. 
147534     DEBUG main            d.u.i.k.p.i.AbstractProblemLoader Init config took 3.6s 
147587     INFO  main            d.u.i.k.p.i.AbstractProblemLoader Replaying proof ArrayList[List::size()].JML accessible clause.0 
147588     DEBUG main            d.u.i.k.p.i.IntermediateProofReplayer Proof replay took 7.1ns 
147791     INFO  main            d.u.i.k.p.r.p.TestFile    ... finished proof: closed. 
148045     INFO  main            d.u.i.k.p.i.AbstractProblemLoader Loading environment from /home/runner/work/key/key/key.core/../key.ui/examples/heap/list/ArrayList_size_dep.key.proof 
148045     DEBUG main            d.u.i.k.p.i.AbstractProblemLoader Environment load took 131.9ns 
148047     INFO  main            d.u.i.k.p.i.AbstractProblemLoader Creating init config 
149208     DEBUG main            d.u.i.k.j.r.ClassPreparationMethodBuilder clPrepBuilder: Inner Class detected. Reject building class initialisation methods. 
151641     DEBUG main            d.u.i.k.p.i.AbstractProblemLoader Init config took 3.59s 
151694     INFO  main            d.u.i.k.p.i.AbstractProblemLoader Replaying proof ArrayList[List::size()].JML accessible clause.0 
151742     DEBUG main            d.u.i.k.p.i.IntermediateProofReplayer Proof replay took 45.75ms 
151744     DEBUG main            d.u.i.k.p.r.p.TestFile    ... success: reloaded. 
151745     INFO  main            d.u.i.k.p.r.p.TestFile    Now processing file /home/runner/work/key/key/key.core/../key.ui/examples/heap/list/ArrayList_size.key 
151746     INFO  main            d.u.i.k.p.i.AbstractProblemLoader Loading environment from /home/runner/work/key/key/key.core/../key.ui/examples/heap/list/ArrayList_size.key 
151746     DEBUG main            d.u.i.k.p.i.AbstractProblemLoader Environment load took 291.31ns 
151747     INFO  main            d.u.i.k.p.i.AbstractProblemLoader Creating init config 
152903     DEBUG main            d.u.i.k.j.r.ClassPreparationMethodBuilder clPrepBuilder: Inner Class detected. Reject building class initialisation methods. 
155281     DEBUG main            d.u.i.k.p.i.AbstractProblemLoader Init config took 3.53s 
155335     INFO  main            d.u.i.k.p.i.AbstractProblemLoader Replaying proof ArrayList[List::size()].JML normal_behavior operation contract.0 
155336     DEBUG main            d.u.i.k.p.i.IntermediateProofReplayer Proof replay took 6.8ns 
155640     INFO  main            d.u.i.k.p.r.p.TestFile    ... finished proof: closed. 
155909     INFO  main            d.u.i.k.p.i.AbstractProblemLoader Loading environment from /home/runner/work/key/key/key.core/../key.ui/examples/heap/list/ArrayList_size.key.proof 
155909     DEBUG main            d.u.i.k.p.i.AbstractProblemLoader Environment load took 132.5ns 
155911     INFO  main            d.u.i.k.p.i.AbstractProblemLoader Creating init config 
157051     DEBUG main            d.u.i.k.j.r.ClassPreparationMethodBuilder clPrepBuilder: Inner Class detected. Reject building class initialisation methods. 
159494     DEBUG main            d.u.i.k.p.i.AbstractProblemLoader Init config took 3.58s 
159547     INFO  main            d.u.i.k.p.i.AbstractProblemLoader Replaying proof ArrayList[List::size()].JML normal_behavior operation contract.0 
159590     DEBUG main            d.u.i.k.p.i.IntermediateProofReplayer Proof replay took 40.24ms 
159591     DEBUG main            d.u.i.k.p.r.p.TestFile    ... success: reloaded. 
159592     INFO  main            d.u.i.k.p.r.p.TestFile    Now processing file /home/runner/work/key/key/key.core/../key.ui/examples/heap/list/ArrayList.ArrayListIterator_ArrayListIterator.key 
159592     INFO  main            d.u.i.k.p.i.AbstractProblemLoader Loading environment from /home/runner/work/key/key/key.core/../key.ui/examples/heap/list/ArrayList.ArrayListIterator_ArrayListIterator.key 
159593     DEBUG main            d.u.i.k.p.i.AbstractProblemLoader Environment load took 133.3ns 
159593     INFO  main            d.u.i.k.p.i.AbstractProblemLoader Creating init config 
160780     DEBUG main            d.u.i.k.j.r.ClassPreparationMethodBuilder clPrepBuilder: Inner Class detected. Reject building class initialisation methods. 
163156     DEBUG main            d.u.i.k.p.i.AbstractProblemLoader Init config took 3.56s 
163225     INFO  main            d.u.i.k.p.i.AbstractProblemLoader Replaying proof ArrayList.ArrayListIterator[ArrayList.ArrayListIterator::ArrayListIterator(ArrayList)].JML normal_behavior operation contract.0 
163228     DEBUG main            d.u.i.k.p.i.IntermediateProofReplayer Proof replay took 6.7ns 
164037     INFO  main            d.u.i.k.p.r.p.TestFile    ... finished proof: closed. 
164328     INFO  main            d.u.i.k.p.i.AbstractProblemLoader Loading environment from /home/runner/work/key/key/key.core/../key.ui/examples/heap/list/ArrayList.ArrayListIterator_ArrayListIterator.key.proof 
164328     DEBUG main            d.u.i.k.p.i.AbstractProblemLoader Environment load took 567.21ns 
164330     INFO  main            d.u.i.k.p.i.AbstractProblemLoader Creating init config 
165497     DEBUG main            d.u.i.k.j.r.ClassPreparationMethodBuilder clPrepBuilder: Inner Class detected. Reject building class initialisation methods. 
167896     DEBUG main            d.u.i.k.p.i.AbstractProblemLoader Init config took 3.57s 
167959     INFO  main            d.u.i.k.p.i.AbstractProblemLoader Replaying proof ArrayList.ArrayListIterator[ArrayList.ArrayListIterator::ArrayListIterator(ArrayList)].JML normal_behavior operation contract.0 
168087     DEBUG main            d.u.i.k.p.i.IntermediateProofReplayer Proof replay took 122.31ms 
168088     DEBUG main            d.u.i.k.p.r.p.TestFile    ... success: reloaded. 
168091     INFO  main            d.u.i.k.p.r.p.TestFile    Now processing file /home/runner/work/key/key/key.core/../key.ui/examples/heap/list/ArrayList.ArrayListIterator_hasNext_dep.key 
168091     INFO  main            d.u.i.k.p.i.AbstractProblemLoader Loading environment from /home/runner/work/key/key/key.core/../key.ui/examples/heap/list/ArrayList.ArrayListIterator_hasNext_dep.key 
168091     DEBUG main            d.u.i.k.p.i.AbstractProblemLoader Environment load took 293.21ns 
168092     INFO  main            d.u.i.k.p.i.AbstractProblemLoader Creating init config 
169291     DEBUG main            d.u.i.k.j.r.ClassPreparationMethodBuilder clPrepBuilder: Inner Class detected. Reject building class initialisation methods. 
171649     DEBUG main            d.u.i.k.p.i.AbstractProblemLoader Init config took 3.56s 
171714     INFO  main            d.u.i.k.p.i.AbstractProblemLoader Replaying proof ArrayList.ArrayListIterator[ListIterator::hasNext()].JML accessible clause.0 
171716     DEBUG main            d.u.i.k.p.i.IntermediateProofReplayer Proof replay took 6.8ns 
172120     INFO  main            d.u.i.k.p.r.p.TestFile    ... finished proof: closed. 
172415     INFO  main            d.u.i.k.p.i.AbstractProblemLoader Loading environment from /home/runner/work/key/key/key.core/../key.ui/examples/heap/list/ArrayList.ArrayListIterator_hasNext_dep.key.proof 
172415     DEBUG main            d.u.i.k.p.i.AbstractProblemLoader Environment load took 149.4ns 
172416     INFO  main            d.u.i.k.p.i.AbstractProblemLoader Creating init config 
173569     DEBUG main            d.u.i.k.j.r.ClassPreparationMethodBuilder clPrepBuilder: Inner Class detected. Reject building class initialisation methods. 
176006     DEBUG main            d.u.i.k.p.i.AbstractProblemLoader Init config took 3.59s 
176067     INFO  main            d.u.i.k.p.i.AbstractProblemLoader Replaying proof ArrayList.ArrayListIterator[ListIterator::hasNext()].JML accessible clause.0 
176130     DEBUG main            d.u.i.k.p.i.IntermediateProofReplayer Proof replay took 59.97ms 
176131     DEBUG main            d.u.i.k.p.r.p.TestFile    ... success: reloaded. 
176132     INFO  main            d.u.i.k.p.r.p.TestFile    Now processing file /home/runner/work/key/key/key.core/../key.ui/examples/heap/list/ArrayList.ArrayListIterator_hasNext.key 
176132     INFO  main            d.u.i.k.p.i.AbstractProblemLoader Loading environment from /home/runner/work/key/key/key.core/../key.ui/examples/heap/list/ArrayList.ArrayListIterator_hasNext.key 
176132     DEBUG main            d.u.i.k.p.i.AbstractProblemLoader Environment load took 67ns 
176133     INFO  main            d.u.i.k.p.i.AbstractProblemLoader Creating init config 
177311     DEBUG main            d.u.i.k.j.r.ClassPreparationMethodBuilder clPrepBuilder: Inner Class detected. Reject building class initialisation methods. 
179757     DEBUG main            d.u.i.k.p.i.AbstractProblemLoader Init config took 3.62s 
179819     INFO  main            d.u.i.k.p.i.AbstractProblemLoader Replaying proof ArrayList.ArrayListIterator[ListIterator::hasNext()].JML normal_behavior operation contract.0 
179821     DEBUG main            d.u.i.k.p.i.IntermediateProofReplayer Proof replay took 6.1ns 
180228     INFO  main            d.u.i.k.p.r.p.TestFile    ... finished proof: closed. 
180495     INFO  main            d.u.i.k.p.i.AbstractProblemLoader Loading environment from /home/runner/work/key/key/key.core/../key.ui/examples/heap/list/ArrayList.ArrayListIterator_hasNext.key.proof 
180495     DEBUG main            d.u.i.k.p.i.AbstractProblemLoader Environment load took 122.7ns 
180496     INFO  main            d.u.i.k.p.i.AbstractProblemLoader Creating init config 
181642     DEBUG main            d.u.i.k.j.r.ClassPreparationMethodBuilder clPrepBuilder: Inner Class detected. Reject building class initialisation methods. 
184008     DEBUG main            d.u.i.k.p.i.AbstractProblemLoader Init config took 3.51s 
184066     INFO  main            d.u.i.k.p.i.AbstractProblemLoader Replaying proof ArrayList.ArrayListIterator[ListIterator::hasNext()].JML normal_behavior operation contract.0 
184130     DEBUG main            d.u.i.k.p.i.IntermediateProofReplayer Proof replay took 60.77ms 
184131     DEBUG main            d.u.i.k.p.r.p.TestFile    ... success: reloaded. 
184132     INFO  main            d.u.i.k.p.r.p.TestFile    Now processing file /home/runner/work/key/key/key.core/../key.ui/examples/heap/list/ArrayList.ArrayListIterator_inv.key 
184132     INFO  main            d.u.i.k.p.i.AbstractProblemLoader Loading environment from /home/runner/work/key/key/key.core/../key.ui/examples/heap/list/ArrayList.ArrayListIterator_inv.key 
184132     DEBUG main            d.u.i.k.p.i.AbstractProblemLoader Environment load took 119.4ns 
184133     INFO  main            d.u.i.k.p.i.AbstractProblemLoader Creating init config 
185270     DEBUG main            d.u.i.k.j.r.ClassPreparationMethodBuilder clPrepBuilder: Inner Class detected. Reject building class initialisation methods. 
187715     DEBUG main            d.u.i.k.p.i.AbstractProblemLoader Init config took 3.58s 
187783     INFO  main            d.u.i.k.p.i.AbstractProblemLoader Replaying proof ArrayList.ArrayListIterator[java.lang.Object::<inv>()].JML accessible clause.0 
187787     DEBUG main            d.u.i.k.p.i.IntermediateProofReplayer Proof replay took 7.5ns 
188901     INFO  main            d.u.i.k.p.r.p.TestFile    ... finished proof: closed. 
189192     INFO  main            d.u.i.k.p.i.AbstractProblemLoader Loading environment from /home/runner/work/key/key/key.core/../key.ui/examples/heap/list/ArrayList.ArrayListIterator_inv.key.proof 
189193     DEBUG main            d.u.i.k.p.i.AbstractProblemLoader Environment load took 560.11ns 
189198     INFO  main            d.u.i.k.p.i.AbstractProblemLoader Creating init config 
190314     DEBUG main            d.u.i.k.j.r.ClassPreparationMethodBuilder clPrepBuilder: Inner Class detected. Reject building class initialisation methods. 
192657     DEBUG main            d.u.i.k.p.i.AbstractProblemLoader Init config took 3.46s 
192716     INFO  main            d.u.i.k.p.i.AbstractProblemLoader Replaying proof ArrayList.ArrayListIterator[java.lang.Object::<inv>()].JML accessible clause.0 
192823     DEBUG main            d.u.i.k.p.i.IntermediateProofReplayer Proof replay took 101.93ms 
192824     DEBUG main            d.u.i.k.p.r.p.TestFile    ... success: reloaded. 
192825     INFO  main            d.u.i.k.p.r.p.TestFile    Now processing file /home/runner/work/key/key/key.core/../key.ui/examples/heap/list/ArrayList.ArrayListIterator_list.key 
192826     INFO  main            d.u.i.k.p.i.AbstractProblemLoader Loading environment from /home/runner/work/key/key/key.core/../key.ui/examples/heap/list/ArrayList.ArrayListIterator_list.key 
192826     DEBUG main            d.u.i.k.p.i.AbstractProblemLoader Environment load took 278.51ns 
192827     INFO  main            d.u.i.k.p.i.AbstractProblemLoader Creating init config 
194039     DEBUG main            d.u.i.k.j.r.ClassPreparationMethodBuilder clPrepBuilder: Inner Class detected. Reject building class initialisation methods. 
196385     DEBUG main            d.u.i.k.p.i.AbstractProblemLoader Init config took 3.56s 
196429     INFO  main            d.u.i.k.p.i.AbstractProblemLoader Replaying proof ListIterator[ListIterator::$list()].JML accessible clause.0 
196431     DEBUG main            d.u.i.k.p.i.IntermediateProofReplayer Proof replay took 7.1ns 
196535     INFO  main            d.u.i.k.p.r.p.TestFile    ... finished proof: closed. 
196860     INFO  main            d.u.i.k.p.i.AbstractProblemLoader Loading environment from /home/runner/work/key/key/key.core/../key.ui/examples/heap/list/ArrayList.ArrayListIterator_list.key.proof 
196860     DEBUG main            d.u.i.k.p.i.AbstractProblemLoader Environment load took 114.1ns 
196861     INFO  main            d.u.i.k.p.i.AbstractProblemLoader Creating init config 
198034     DEBUG main            d.u.i.k.j.r.ClassPreparationMethodBuilder clPrepBuilder: Inner Class detected. Reject building class initialisation methods. 
200420     DEBUG main            d.u.i.k.p.i.AbstractProblemLoader Init config took 3.56s 
200468     INFO  main            d.u.i.k.p.i.AbstractProblemLoader Replaying proof ListIterator[ListIterator::$list()].JML accessible clause.0 
200471     DEBUG main            d.u.i.k.p.i.IntermediateProofReplayer Proof replay took 1.22ms 
200472     DEBUG main            d.u.i.k.p.r.p.TestFile    ... success: reloaded. 
200473     INFO  main            d.u.i.k.p.r.p.TestFile    Now processing file /home/runner/work/key/key/key.core/../key.ui/examples/heap/list/ArrayList.ArrayListIterator_next_exceptional.key 
200473     INFO  main            d.u.i.k.p.i.AbstractProblemLoader Loading environment from /home/runner/work/key/key/key.core/../key.ui/examples/heap/list/ArrayList.ArrayListIterator_next_exceptional.key 
200473     DEBUG main            d.u.i.k.p.i.AbstractProblemLoader Environment load took 82.1ns 
200474     INFO  main            d.u.i.k.p.i.AbstractProblemLoader Creating init config 
201675     DEBUG main            d.u.i.k.j.r.ClassPreparationMethodBuilder clPrepBuilder: Inner Class detected. Reject building class initialisation methods. 
204128     DEBUG main            d.u.i.k.p.i.AbstractProblemLoader Init config took 3.65s 
204188     INFO  main            d.u.i.k.p.i.AbstractProblemLoader Replaying proof ArrayList.ArrayListIterator[ListIterator::next()].JML exceptional_behavior operation contract.0 
204189     DEBUG main            d.u.i.k.p.i.IntermediateProofReplayer Proof replay took 6.9ns 
205196     INFO  main            d.u.i.k.p.r.p.TestFile    ... finished proof: closed. 
205512     INFO  main            d.u.i.k.p.i.AbstractProblemLoader Loading environment from /home/runner/work/key/key/key.core/../key.ui/examples/heap/list/ArrayList.ArrayListIterator_next_exceptional.key.proof 
205512     DEBUG main            d.u.i.k.p.i.AbstractProblemLoader Environment load took 524.41ns 
205514     INFO  main            d.u.i.k.p.i.AbstractProblemLoader Creating init config 
206669     DEBUG main            d.u.i.k.j.r.ClassPreparationMethodBuilder clPrepBuilder: Inner Class detected. Reject building class initialisation methods. 
209022     DEBUG main            d.u.i.k.p.i.AbstractProblemLoader Init config took 3.51s 
209084     INFO  main            d.u.i.k.p.i.AbstractProblemLoader Replaying proof ArrayList.ArrayListIterator[ListIterator::next()].JML exceptional_behavior operation contract.0 
209279     DEBUG main            d.u.i.k.p.i.IntermediateProofReplayer Proof replay took 188.72ms 
209281     DEBUG main            d.u.i.k.p.r.p.TestFile    ... success: reloaded. 
209282     INFO  main            d.u.i.k.p.r.p.TestFile    Now processing file /home/runner/work/key/key/key.core/../key.ui/examples/heap/list/ArrayList.ArrayListIterator_next_normal.key 
209283     INFO  main            d.u.i.k.p.i.AbstractProblemLoader Loading environment from /home/runner/work/key/key/key.core/../key.ui/examples/heap/list/ArrayList.ArrayListIterator_next_normal.key 
209283     DEBUG main            d.u.i.k.p.i.AbstractProblemLoader Environment load took 248.91ns 
209284     INFO  main            d.u.i.k.p.i.AbstractProblemLoader Creating init config 
210491     DEBUG main            d.u.i.k.j.r.ClassPreparationMethodBuilder clPrepBuilder: Inner Class detected. Reject building class initialisation methods. 
212896     DEBUG main            d.u.i.k.p.i.AbstractProblemLoader Init config took 3.61s 
212956     INFO  main            d.u.i.k.p.i.AbstractProblemLoader Replaying proof ArrayList.ArrayListIterator[ListIterator::next()].JML normal_behavior operation contract.0 
212958     DEBUG main            d.u.i.k.p.i.IntermediateProofReplayer Proof replay took 7.9ns 
213962     INFO  main            d.u.i.k.p.r.p.TestFile    ... finished proof: closed. 
214282     INFO  main            d.u.i.k.p.i.AbstractProblemLoader Loading environment from /home/runner/work/key/key/key.core/../key.ui/examples/heap/list/ArrayList.ArrayListIterator_next_normal.key.proof 
214283     DEBUG main            d.u.i.k.p.i.AbstractProblemLoader Environment load took 518.91ns 
214285     INFO  main            d.u.i.k.p.i.AbstractProblemLoader Creating init config 
215463     DEBUG main            d.u.i.k.j.r.ClassPreparationMethodBuilder clPrepBuilder: Inner Class detected. Reject building class initialisation methods. 
217879     DEBUG main            d.u.i.k.p.i.AbstractProblemLoader Init config took 3.59s 
217938     INFO  main            d.u.i.k.p.i.AbstractProblemLoader Replaying proof ArrayList.ArrayListIterator[ListIterator::next()].JML normal_behavior operation contract.0 
218164     DEBUG main            d.u.i.k.p.i.IntermediateProofReplayer Proof replay took 220.51ms 
218165     DEBUG main            d.u.i.k.p.r.p.TestFile    ... success: reloaded. 
218166     INFO  main            d.u.i.k.p.r.p.TestFile    Now processing file /home/runner/work/key/key/key.core/../key.ui/examples/heap/list/ArrayList.ArrayListIterator_pos.key 
218167     INFO  main            d.u.i.k.p.i.AbstractProblemLoader Loading environment from /home/runner/work/key/key/key.core/../key.ui/examples/heap/list/ArrayList.ArrayListIterator_pos.key 
218167     DEBUG main            d.u.i.k.p.i.AbstractProblemLoader Environment load took 140.8ns 
218168     INFO  main            d.u.i.k.p.i.AbstractProblemLoader Creating init config 
219306     DEBUG main            d.u.i.k.j.r.ClassPreparationMethodBuilder clPrepBuilder: Inner Class detected. Reject building class initialisation methods. 
221721     DEBUG main            d.u.i.k.p.i.AbstractProblemLoader Init config took 3.55s 
221765     INFO  main            d.u.i.k.p.i.AbstractProblemLoader Replaying proof ListIterator[ListIterator::$pos()].JML accessible clause.0 
221766     DEBUG main            d.u.i.k.p.i.IntermediateProofReplayer Proof replay took 23.4ns 
221870     INFO  main            d.u.i.k.p.r.p.TestFile    ... finished proof: closed. 
222191     INFO  main            d.u.i.k.p.i.AbstractProblemLoader Loading environment from /home/runner/work/key/key/key.core/../key.ui/examples/heap/list/ArrayList.ArrayListIterator_pos.key.proof 
222191     DEBUG main            d.u.i.k.p.i.AbstractProblemLoader Environment load took 123.2ns 
222192     INFO  main            d.u.i.k.p.i.AbstractProblemLoader Creating init config 
223323     DEBUG main            d.u.i.k.j.r.ClassPreparationMethodBuilder clPrepBuilder: Inner Class detected. Reject building class initialisation methods. 
225695     DEBUG main            d.u.i.k.p.i.AbstractProblemLoader Init config took 3.5s 
225747     INFO  main            d.u.i.k.p.i.AbstractProblemLoader Replaying proof ListIterator[ListIterator::$pos()].JML accessible clause.0 
225752     DEBUG main            d.u.i.k.p.i.IntermediateProofReplayer Proof replay took 1.15ms 
225754     DEBUG main            d.u.i.k.p.r.p.TestFile    ... success: reloaded. 
225755     INFO  main            d.u.i.k.p.r.p.TestFile    Now processing file /home/runner/work/key/key/key.core/../key.ui/examples/heap/list/Client_m.key 
225755     INFO  main            d.u.i.k.p.i.AbstractProblemLoader Loading environment from /home/runner/work/key/key/key.core/../key.ui/examples/heap/list/Client_m.key 
225755     DEBUG main            d.u.i.k.p.i.AbstractProblemLoader Environment load took 109.4ns 
225756     INFO  main            d.u.i.k.p.i.AbstractProblemLoader Creating init config 
226952     DEBUG main            d.u.i.k.j.r.ClassPreparationMethodBuilder clPrepBuilder: Inner Class detected. Reject building class initialisation methods. 
229372     DEBUG main            d.u.i.k.p.i.AbstractProblemLoader Init config took 3.62s 
229441     INFO  main            d.u.i.k.p.i.AbstractProblemLoader Replaying proof Client[Client::m(List)].JML normal_behavior operation contract.0 
229443     DEBUG main            d.u.i.k.p.i.IntermediateProofReplayer Proof replay took 7.3ns 
229746     INFO  main            d.u.i.k.p.r.p.TestFile    ... finished proof: closed. 
230087     INFO  main            d.u.i.k.p.i.AbstractProblemLoader Loading environment from /home/runner/work/key/key/key.core/../key.ui/examples/heap/list/Client_m.key.proof 
230087     DEBUG main            d.u.i.k.p.i.AbstractProblemLoader Environment load took 132.3ns 
230088     INFO  main            d.u.i.k.p.i.AbstractProblemLoader Creating init config 
231273     DEBUG main            d.u.i.k.j.r.ClassPreparationMethodBuilder clPrepBuilder: Inner Class detected. Reject building class initialisation methods. 
233688     DEBUG main            d.u.i.k.p.i.AbstractProblemLoader Init config took 3.6s 
233734     INFO  main            d.u.i.k.p.i.AbstractProblemLoader Replaying proof Client[Client::m(List)].JML normal_behavior operation contract.0 
233810     DEBUG main            d.u.i.k.p.i.IntermediateProofReplayer Proof replay took 72.94ms 
233811     DEBUG main            d.u.i.k.p.r.p.TestFile    ... success: reloaded. 
233812     INFO  main            d.u.i.k.p.r.p.TestFile    Now processing file /home/runner/work/key/key/key.core/../key.ui/examples/heap/list/Client_n.key 
233812     INFO  main            d.u.i.k.p.i.AbstractProblemLoader Loading environment from /home/runner/work/key/key/key.core/../key.ui/examples/heap/list/Client_n.key 
233813     DEBUG main            d.u.i.k.p.i.AbstractProblemLoader Environment load took 110.8ns 
233814     INFO  main            d.u.i.k.p.i.AbstractProblemLoader Creating init config 
234996     DEBUG main            d.u.i.k.j.r.ClassPreparationMethodBuilder clPrepBuilder: Inner Class detected. Reject building class initialisation methods. 
237341     DEBUG main            d.u.i.k.p.i.AbstractProblemLoader Init config took 3.53s 
237386     INFO  main            d.u.i.k.p.i.AbstractProblemLoader Replaying proof Client[Client::n(List)].JML normal_behavior operation contract.0 
237388     DEBUG main            d.u.i.k.p.i.IntermediateProofReplayer Proof replay took 7.5ns 
237492     INFO  main            d.u.i.k.p.r.p.TestFile    ... finished proof: closed. 
237843     INFO  main            d.u.i.k.p.i.AbstractProblemLoader Loading environment from /home/runner/work/key/key/key.core/../key.ui/examples/heap/list/Client_n.key.proof 
237843     DEBUG main            d.u.i.k.p.i.AbstractProblemLoader Environment load took 120.6ns 
237844     INFO  main            d.u.i.k.p.i.AbstractProblemLoader Creating init config 
239009     DEBUG main            d.u.i.k.j.r.ClassPreparationMethodBuilder clPrepBuilder: Inner Class detected. Reject building class initialisation methods. 
241418     DEBUG main            d.u.i.k.p.i.AbstractProblemLoader Init config took 3.57s 
241466     INFO  main            d.u.i.k.p.i.AbstractProblemLoader Replaying proof Client[Client::n(List)].JML normal_behavior operation contract.0 
241491     DEBUG main            d.u.i.k.p.i.IntermediateProofReplayer Proof replay took 22.14ms 
241492     DEBUG main            d.u.i.k.p.r.p.TestFile    ... success: reloaded. 
241493     INFO  main            d.u.i.k.p.r.p.TestFile    Now processing file /home/runner/work/key/key/key.core/../key.ui/examples/heap/list/LinkedList_get_exceptional.key 
241493     INFO  main            d.u.i.k.p.i.AbstractProblemLoader Loading environment from /home/runner/work/key/key/key.core/../key.ui/examples/heap/list/LinkedList_get_exceptional.key 
241493     DEBUG main            d.u.i.k.p.i.AbstractProblemLoader Environment load took 72.5ns 
241494     INFO  main            d.u.i.k.p.i.AbstractProblemLoader Creating init config 
242678     DEBUG main            d.u.i.k.j.r.ClassPreparationMethodBuilder clPrepBuilder: Inner Class detected. Reject building class initialisation methods. 
245191     DEBUG main            d.u.i.k.p.i.AbstractProblemLoader Init config took 3.7s 
245276     INFO  main            d.u.i.k.p.i.AbstractProblemLoader Replaying proof LinkedList[List::get(int)].JML exceptional_behavior operation contract.0 
245278     DEBUG main            d.u.i.k.p.i.IntermediateProofReplayer Proof replay took 7.4ns 
247804     INFO  main            d.u.i.k.p.r.p.TestFile    ... finished proof: closed. 
248227     INFO  main            d.u.i.k.p.i.AbstractProblemLoader Loading environment from /home/runner/work/key/key/key.core/../key.ui/examples/heap/list/LinkedList_get_exceptional.key.proof 
248227     DEBUG main            d.u.i.k.p.i.AbstractProblemLoader Environment load took 532.11ns 
248229     INFO  main            d.u.i.k.p.i.AbstractProblemLoader Creating init config 
249395     DEBUG main            d.u.i.k.j.r.ClassPreparationMethodBuilder clPrepBuilder: Inner Class detected. Reject building class initialisation methods. 
251745     DEBUG main            d.u.i.k.p.i.AbstractProblemLoader Init config took 3.52s 
251797     INFO  main            d.u.i.k.p.i.AbstractProblemLoader Replaying proof LinkedList[List::get(int)].JML exceptional_behavior operation contract.0 
252152     DEBUG main            d.u.i.k.p.i.IntermediateProofReplayer Proof replay took 345ms 
252154     DEBUG main            d.u.i.k.p.r.p.TestFile    ... success: reloaded. 
252155     INFO  main            d.u.i.k.p.r.p.TestFile    Now processing file /home/runner/work/key/key/key.core/../key.ui/examples/heap/list/LinkedList_get_normal.key 
252155     INFO  main            d.u.i.k.p.i.AbstractProblemLoader Loading environment from /home/runner/work/key/key/key.core/../key.ui/examples/heap/list/LinkedList_get_normal.key 
252155     DEBUG main            d.u.i.k.p.i.AbstractProblemLoader Environment load took 103.8ns 
252158     INFO  main            d.u.i.k.p.i.AbstractProblemLoader Creating init config 
253317     DEBUG main            d.u.i.k.j.r.ClassPreparationMethodBuilder clPrepBuilder: Inner Class detected. Reject building class initialisation methods. 
255709     DEBUG main            d.u.i.k.p.i.AbstractProblemLoader Init config took 3.55s 
255762     INFO  main            d.u.i.k.p.i.AbstractProblemLoader Replaying proof LinkedList[List::get(int)].JML normal_behavior operation contract.0 
255763     DEBUG main            d.u.i.k.p.i.IntermediateProofReplayer Proof replay took 7.5ns 
261805     INFO  main            d.u.i.k.p.r.p.TestFile    ... finished proof: closed. 
262242     INFO  main            d.u.i.k.p.i.AbstractProblemLoader Loading environment from /home/runner/work/key/key/key.core/../key.ui/examples/heap/list/LinkedList_get_normal.key.proof 
262242     DEBUG main            d.u.i.k.p.i.AbstractProblemLoader Environment load took 527.61ns 
262245     INFO  main            d.u.i.k.p.i.AbstractProblemLoader Creating init config 
263396     DEBUG main            d.u.i.k.j.r.ClassPreparationMethodBuilder clPrepBuilder: Inner Class detected. Reject building class initialisation methods. 
265708     DEBUG main            d.u.i.k.p.i.AbstractProblemLoader Init config took 3.46s 
265761     INFO  main            d.u.i.k.p.i.AbstractProblemLoader Replaying proof LinkedList[List::get(int)].JML normal_behavior operation contract.0 
266315     DEBUG main            d.u.i.k.p.i.IntermediateProofReplayer Proof replay took 529.64ms 
266317     DEBUG main            d.u.i.k.p.r.p.TestFile    ... success: reloaded. 
266319     INFO  main            d.u.i.k.p.r.p.TestFile    Now processing file /home/runner/work/key/key/key.core/../key.ui/examples/heap/list/LinkedList_LinkedList.key 
266319     INFO  main            d.u.i.k.p.i.AbstractProblemLoader Loading environment from /home/runner/work/key/key/key.core/../key.ui/examples/heap/list/LinkedList_LinkedList.key 
266319     DEBUG main            d.u.i.k.p.i.AbstractProblemLoader Environment load took 101.7ns 
266320     INFO  main            d.u.i.k.p.i.AbstractProblemLoader Creating init config 
267467     DEBUG main            d.u.i.k.j.r.ClassPreparationMethodBuilder clPrepBuilder: Inner Class detected. Reject building class initialisation methods. 
269845     DEBUG main            d.u.i.k.p.i.AbstractProblemLoader Init config took 3.53s 
269896     INFO  main            d.u.i.k.p.i.AbstractProblemLoader Replaying proof LinkedList[LinkedList::LinkedList()].JML normal_behavior operation contract.0 
269898     DEBUG main            d.u.i.k.p.i.IntermediateProofReplayer Proof replay took 6.6ns 
270506     INFO  main            d.u.i.k.p.r.p.TestFile    ... finished proof: closed. 
270890     INFO  main            d.u.i.k.p.i.AbstractProblemLoader Loading environment from /home/runner/work/key/key/key.core/../key.ui/examples/heap/list/LinkedList_LinkedList.key.proof 
270890     DEBUG main            d.u.i.k.p.i.AbstractProblemLoader Environment load took 332.01ns 
270891     INFO  main            d.u.i.k.p.i.AbstractProblemLoader Creating init config 
272000     DEBUG main            d.u.i.k.j.r.ClassPreparationMethodBuilder clPrepBuilder: Inner Class detected. Reject building class initialisation methods. 
274310     DEBUG main            d.u.i.k.p.i.AbstractProblemLoader Init config took 3.42s 
274362     INFO  main            d.u.i.k.p.i.AbstractProblemLoader Replaying proof LinkedList[LinkedList::LinkedList()].JML normal_behavior operation contract.0 
274479     DEBUG main            d.u.i.k.p.i.IntermediateProofReplayer Proof replay took 113.17ms 
274480     DEBUG main            d.u.i.k.p.r.p.TestFile    ... success: reloaded. 
274481     INFO  main            d.u.i.k.p.r.p.TestFile    Now processing file /home/runner/work/key/key/key.core/../key.ui/examples/heap/list/LinkedList_size_dep.key 
274482     INFO  main            d.u.i.k.p.i.AbstractProblemLoader Loading environment from /home/runner/work/key/key/key.core/../key.ui/examples/heap/list/LinkedList_size_dep.key 
274482     DEBUG main            d.u.i.k.p.i.AbstractProblemLoader Environment load took 94.4ns 
274483     INFO  main            d.u.i.k.p.i.AbstractProblemLoader Creating init config 
275652     DEBUG main            d.u.i.k.j.r.ClassPreparationMethodBuilder clPrepBuilder: Inner Class detected. Reject building class initialisation methods. 
278044     DEBUG main            d.u.i.k.p.i.AbstractProblemLoader Init config took 3.56s 
278095     INFO  main            d.u.i.k.p.i.AbstractProblemLoader Replaying proof LinkedList[List::size()].JML accessible clause.0 
278097     DEBUG main            d.u.i.k.p.i.IntermediateProofReplayer Proof replay took 7.8ns 
278701     INFO  main            d.u.i.k.p.r.p.TestFile    ... finished proof: closed. 
279084     INFO  main            d.u.i.k.p.i.AbstractProblemLoader Loading environment from /home/runner/work/key/key/key.core/../key.ui/examples/heap/list/LinkedList_size_dep.key.proof 
279085     DEBUG main            d.u.i.k.p.i.AbstractProblemLoader Environment load took 511.31ns 
279086     INFO  main            d.u.i.k.p.i.AbstractProblemLoader Creating init config 
280204     DEBUG main            d.u.i.k.j.r.ClassPreparationMethodBuilder clPrepBuilder: Inner Class detected. Reject building class initialisation methods. 
282512     DEBUG main            d.u.i.k.p.i.AbstractProblemLoader Init config took 3.43s 
282565     INFO  main            d.u.i.k.p.i.AbstractProblemLoader Replaying proof LinkedList[List::size()].JML accessible clause.0 
282626     DEBUG main            d.u.i.k.p.i.IntermediateProofReplayer Proof replay took 57.42ms 
282627     DEBUG main            d.u.i.k.p.r.p.TestFile    ... success: reloaded. 
282628     INFO  main            d.u.i.k.p.r.p.TestFile    Now processing file /home/runner/work/key/key/key.core/../key.ui/examples/heap/list/LinkedList_size.key 
282633     INFO  main            d.u.i.k.p.i.AbstractProblemLoader Loading environment from /home/runner/work/key/key/key.core/../key.ui/examples/heap/list/LinkedList_size.key 
282634     DEBUG main            d.u.i.k.p.i.AbstractProblemLoader Environment load took 307.81ns 
282635     INFO  main            d.u.i.k.p.i.AbstractProblemLoader Creating init config 
283816     DEBUG main            d.u.i.k.j.r.ClassPreparationMethodBuilder clPrepBuilder: Inner Class detected. Reject building class initialisation methods. 
286167     DEBUG main            d.u.i.k.p.i.AbstractProblemLoader Init config took 3.53s 
286218     INFO  main            d.u.i.k.p.i.AbstractProblemLoader Replaying proof LinkedList[List::size()].JML normal_behavior operation contract.0 
286219     DEBUG main            d.u.i.k.p.i.IntermediateProofReplayer Proof replay took 6.8ns 
286725     INFO  main            d.u.i.k.p.r.p.TestFile    ... finished proof: closed. 
287102     INFO  main            d.u.i.k.p.i.AbstractProblemLoader Loading environment from /home/runner/work/key/key/key.core/../key.ui/examples/heap/list/LinkedList_size.key.proof 
287102     DEBUG main            d.u.i.k.p.i.AbstractProblemLoader Environment load took 164.9ns 
287103     INFO  main            d.u.i.k.p.i.AbstractProblemLoader Creating init config 
288293     DEBUG main            d.u.i.k.j.r.ClassPreparationMethodBuilder clPrepBuilder: Inner Class detected. Reject building class initialisation methods. 
290640     DEBUG main            d.u.i.k.p.i.AbstractProblemLoader Init config took 3.54s 
290693     INFO  main            d.u.i.k.p.i.AbstractProblemLoader Replaying proof LinkedList[List::size()].JML normal_behavior operation contract.0 
290744     DEBUG main            d.u.i.k.p.i.IntermediateProofReplayer Proof replay took 48.57ms 
290745     DEBUG main            d.u.i.k.p.r.p.TestFile    ... success: reloaded. 
290746     INFO  main            d.u.i.k.p.r.p.TestFile    Now processing file /home/runner/work/key/key/key.core/../key.ui/examples/heap/list/MySet_footprint.key 
290746     INFO  main            d.u.i.k.p.i.AbstractProblemLoader Loading environment from /home/runner/work/key/key/key.core/../key.ui/examples/heap/list/MySet_footprint.key 
290746     DEBUG main            d.u.i.k.p.i.AbstractProblemLoader Environment load took 123.2ns 
290747     INFO  main            d.u.i.k.p.i.AbstractProblemLoader Creating init config 
291906     DEBUG main            d.u.i.k.j.r.ClassPreparationMethodBuilder clPrepBuilder: Inner Class detected. Reject building class initialisation methods. 
294257     DEBUG main            d.u.i.k.p.i.AbstractProblemLoader Init config took 3.51s 
294311     INFO  main            d.u.i.k.p.i.AbstractProblemLoader Replaying proof MySet[MySet::$footprint()].JML accessible clause.0 
294313     DEBUG main            d.u.i.k.p.i.IntermediateProofReplayer Proof replay took 7.3ns 
294616     INFO  main            d.u.i.k.p.r.p.TestFile    ... finished proof: closed. 
294989     INFO  main            d.u.i.k.p.i.AbstractProblemLoader Loading environment from /home/runner/work/key/key/key.core/../key.ui/examples/heap/list/MySet_footprint.key.proof 
294989     DEBUG main            d.u.i.k.p.i.AbstractProblemLoader Environment load took 120.3ns 
294990     INFO  main            d.u.i.k.p.i.AbstractProblemLoader Creating init config 
296123     DEBUG main            d.u.i.k.j.r.ClassPreparationMethodBuilder clPrepBuilder: Inner Class detected. Reject building class initialisation methods. 
298461     DEBUG main            d.u.i.k.p.i.AbstractProblemLoader Init config took 3.47s 
298516     INFO  main            d.u.i.k.p.i.AbstractProblemLoader Replaying proof MySet[MySet::$footprint()].JML accessible clause.0 
298553     DEBUG main            d.u.i.k.p.i.IntermediateProofReplayer Proof replay took 34.42ms 
298554     DEBUG main            d.u.i.k.p.r.p.TestFile    ... success: reloaded. 
298555     INFO  main            d.u.i.k.p.r.p.TestFile    Now processing file /home/runner/work/key/key/key.core/../key.ui/examples/heap/list/MySet_MySet.key 
298555     INFO  main            d.u.i.k.p.i.AbstractProblemLoader Loading environment from /home/runner/work/key/key/key.core/../key.ui/examples/heap/list/MySet_MySet.key 
298555     DEBUG main            d.u.i.k.p.i.AbstractProblemLoader Environment load took 136.7ns 
298556     INFO  main            d.u.i.k.p.i.AbstractProblemLoader Creating init config 
299705     DEBUG main            d.u.i.k.j.r.ClassPreparationMethodBuilder clPrepBuilder: Inner Class detected. Reject building class initialisation methods. 
302109     DEBUG main            d.u.i.k.p.i.AbstractProblemLoader Init config took 3.55s 
302167     INFO  main            d.u.i.k.p.i.AbstractProblemLoader Replaying proof MySet[MySet::MySet()].JML normal_behavior operation contract.0 
302169     DEBUG main            d.u.i.k.p.i.IntermediateProofReplayer Proof replay took 8.5ns 
304890     INFO  main            d.u.i.k.p.r.p.TestFile    ... finished proof: closed. 
305312     INFO  main            d.u.i.k.p.i.AbstractProblemLoader Loading environment from /home/runner/work/key/key/key.core/../key.ui/examples/heap/list/MySet_MySet.key.proof 
305312     DEBUG main            d.u.i.k.p.i.AbstractProblemLoader Environment load took 204.61ns 
305314     INFO  main            d.u.i.k.p.i.AbstractProblemLoader Creating init config 
306440     DEBUG main            d.u.i.k.j.r.ClassPreparationMethodBuilder clPrepBuilder: Inner Class detected. Reject building class initialisation methods. 
308774     DEBUG main            d.u.i.k.p.i.AbstractProblemLoader Init config took 3.46s 
308831     INFO  main            d.u.i.k.p.i.AbstractProblemLoader Replaying proof MySet[MySet::MySet()].JML normal_behavior operation contract.0 
309236     DEBUG main            d.u.i.k.p.i.IntermediateProofReplayer Proof replay took 390.12ms 
309238     DEBUG main            d.u.i.k.p.r.p.TestFile    ... success: reloaded. 
1322679    INFO  Test worker     d.u.i.k.p.r.RunAllProofsTestUnit Returning from test list 
1322682    INFO  Test worker     d.u.i.k.p.r.RunAllProofsTestUnit Running test list_ghost 
446        INFO  Timeout watchdog d.u.i.k.p.r.p.ForkedTestFileRunner Timeout watcher launched (2000 secs.) 
470        WARN  main            d.u.i.k.s.ProofSettings   The settings in /home/runner/.key/proof-settings.props are *not* read. 
502        INFO  main            d.u.i.k.p.r.p.TestFile    Now processing file /home/runner/work/key/key/key.core/../key.ui/examples/heap/list_ghost/ArrayList_add.key 
634        INFO  main            d.u.i.k.p.i.AbstractProblemLoader Loading environment from /home/runner/work/key/key/key.core/../key.ui/examples/heap/list_ghost/ArrayList_add.key 
660        DEBUG main            d.u.i.k.p.i.AbstractProblemLoader Environment load took 2.4ms 
938        INFO  main            d.u.i.k.p.i.AbstractProblemLoader Creating init config 
2105       DEBUG main            d.u.i.k.j.TypeConverter   No LDT found for Meta 
2106       DEBUG main            d.u.i.k.j.TypeConverter   No LDT found for Meta 
2110       DEBUG main            d.u.i.k.j.TypeConverter   No LDT found for Meta 
2110       DEBUG main            d.u.i.k.j.TypeConverter   No LDT found for Meta 
3759       DEBUG main            d.u.i.k.j.TypeConverter   No LDT found for JavaBigintExpression 
9555       DEBUG main            d.u.i.k.p.i.AbstractProblemLoader Init config took 8.62s 
9721       INFO  main            d.u.i.k.p.i.AbstractProblemLoader Replaying proof ArrayList[List::add(java.lang.Object)].JML normal_behavior operation contract.0 
9761       DEBUG main            d.u.i.k.p.i.IntermediateProofReplayer Proof replay took 37.7ns 
15534      INFO  main            d.u.i.k.p.r.p.TestFile    ... finished proof: closed. 
15739      INFO  main            d.u.i.k.p.i.AbstractProblemLoader Loading environment from /home/runner/work/key/key/key.core/../key.ui/examples/heap/list_ghost/ArrayList_add.key.proof 
15740      DEBUG main            d.u.i.k.p.i.AbstractProblemLoader Environment load took 556.31ns 
15743      INFO  main            d.u.i.k.p.i.AbstractProblemLoader Creating init config 
18933      DEBUG main            d.u.i.k.p.i.AbstractProblemLoader Init config took 3.19s 
19017      INFO  main            d.u.i.k.p.i.AbstractProblemLoader Replaying proof ArrayList[List::add(java.lang.Object)].JML normal_behavior operation contract.0 
19874      DEBUG main            d.u.i.k.p.i.IntermediateProofReplayer Proof replay took 831.29ms 
19887      DEBUG main            d.u.i.k.p.r.p.TestFile    ... success: reloaded. 
19890      INFO  main            d.u.i.k.p.r.p.TestFile    Now processing file /home/runner/work/key/key/key.core/../key.ui/examples/heap/list_ghost/ArrayList_ArrayList.key 
19891      INFO  main            d.u.i.k.p.i.AbstractProblemLoader Loading environment from /home/runner/work/key/key/key.core/../key.ui/examples/heap/list_ghost/ArrayList_ArrayList.key 
19891      DEBUG main            d.u.i.k.p.i.AbstractProblemLoader Environment load took 327.41ns 
19898      INFO  main            d.u.i.k.p.i.AbstractProblemLoader Creating init config 
23005      DEBUG main            d.u.i.k.p.i.AbstractProblemLoader Init config took 3.11s 
23067      INFO  main            d.u.i.k.p.i.AbstractProblemLoader Replaying proof ArrayList[ArrayList::ArrayList()].JML normal_behavior operation contract.0 
23073      DEBUG main            d.u.i.k.p.i.IntermediateProofReplayer Proof replay took 6.5ns 
24286      INFO  main            d.u.i.k.p.r.p.TestFile    ... finished proof: closed. 
24449      INFO  main            d.u.i.k.p.i.AbstractProblemLoader Loading environment from /home/runner/work/key/key/key.core/../key.ui/examples/heap/list_ghost/ArrayList_ArrayList.key.proof 
24453      DEBUG main            d.u.i.k.p.i.AbstractProblemLoader Environment load took 3.62ms 
24454      INFO  main            d.u.i.k.p.i.AbstractProblemLoader Creating init config 
27618      DEBUG main            d.u.i.k.p.i.AbstractProblemLoader Init config took 3.16s 
27704      INFO  main            d.u.i.k.p.i.AbstractProblemLoader Replaying proof ArrayList[ArrayList::ArrayList()].JML normal_behavior operation contract.0 
27920      DEBUG main            d.u.i.k.p.i.IntermediateProofReplayer Proof replay took 207.8ms 
27922      DEBUG main            d.u.i.k.p.r.p.TestFile    ... success: reloaded. 
27924      INFO  main            d.u.i.k.p.r.p.TestFile    Now processing file /home/runner/work/key/key/key.core/../key.ui/examples/heap/list_ghost/ArrayList_enlarge.key 
27924      INFO  main            d.u.i.k.p.i.AbstractProblemLoader Loading environment from /home/runner/work/key/key/key.core/../key.ui/examples/heap/list_ghost/ArrayList_enlarge.key 
27925      DEBUG main            d.u.i.k.p.i.AbstractProblemLoader Environment load took 282.11ns 
27926      INFO  main            d.u.i.k.p.i.AbstractProblemLoader Creating init config 
30967      DEBUG main            d.u.i.k.p.i.AbstractProblemLoader Init config took 3.04s 
31025      INFO  main            d.u.i.k.p.i.AbstractProblemLoader Replaying proof ArrayList[ArrayList::enlarge()].JML normal_behavior operation contract.0 
31027      DEBUG main            d.u.i.k.p.i.IntermediateProofReplayer Proof replay took 7.2ns 
33542      INFO  main            d.u.i.k.p.r.p.TestFile    ... finished proof: closed. 
33869      INFO  main            d.u.i.k.p.i.AbstractProblemLoader Loading environment from /home/runner/work/key/key/key.core/../key.ui/examples/heap/list_ghost/ArrayList_enlarge.key.proof 
33870      DEBUG main            d.u.i.k.p.i.AbstractProblemLoader Environment load took 670.82ns 
33878      INFO  main            d.u.i.k.p.i.AbstractProblemLoader Creating init config 
36898      DEBUG main            d.u.i.k.p.i.AbstractProblemLoader Init config took 3.02s 
36951      INFO  main            d.u.i.k.p.i.AbstractProblemLoader Replaying proof ArrayList[ArrayList::enlarge()].JML normal_behavior operation contract.0 
37465      DEBUG main            d.u.i.k.p.i.IntermediateProofReplayer Proof replay took 502.96ms 
37466      DEBUG main            d.u.i.k.p.r.p.TestFile    ... success: reloaded. 
37468      INFO  main            d.u.i.k.p.r.p.TestFile    Now processing file /home/runner/work/key/key/key.core/../key.ui/examples/heap/list_ghost/ArrayList_get_dep.key 
37469      INFO  main            d.u.i.k.p.i.AbstractProblemLoader Loading environment from /home/runner/work/key/key/key.core/../key.ui/examples/heap/list_ghost/ArrayList_get_dep.key 
37469      DEBUG main            d.u.i.k.p.i.AbstractProblemLoader Environment load took 269.61ns 
37470      INFO  main            d.u.i.k.p.i.AbstractProblemLoader Creating init config 
40617      DEBUG main            d.u.i.k.p.i.AbstractProblemLoader Init config took 3.15s 
40677      INFO  main            d.u.i.k.p.i.AbstractProblemLoader Replaying proof ArrayList[List::get(int)].JML accessible clause.0 
40680      DEBUG main            d.u.i.k.p.i.IntermediateProofReplayer Proof replay took 7ns 
41083      INFO  main            d.u.i.k.p.r.p.TestFile    ... finished proof: closed. 
41369      INFO  main            d.u.i.k.p.i.AbstractProblemLoader Loading environment from /home/runner/work/key/key/key.core/../key.ui/examples/heap/list_ghost/ArrayList_get_dep.key.proof 
41371      DEBUG main            d.u.i.k.p.i.AbstractProblemLoader Environment load took 2.12ms 
41373      INFO  main            d.u.i.k.p.i.AbstractProblemLoader Creating init config 
44389      DEBUG main            d.u.i.k.p.i.AbstractProblemLoader Init config took 3.02s 
44442      INFO  main            d.u.i.k.p.i.AbstractProblemLoader Replaying proof ArrayList[List::get(int)].JML accessible clause.0 
44520      DEBUG main            d.u.i.k.p.i.IntermediateProofReplayer Proof replay took 74.69ms 
44522      DEBUG main            d.u.i.k.p.r.p.TestFile    ... success: reloaded. 
44523      INFO  main            d.u.i.k.p.r.p.TestFile    Now processing file /home/runner/work/key/key/key.core/../key.ui/examples/heap/list_ghost/ArrayList_get_exceptional.key 
44524      INFO  main            d.u.i.k.p.i.AbstractProblemLoader Loading environment from /home/runner/work/key/key/key.core/../key.ui/examples/heap/list_ghost/ArrayList_get_exceptional.key 
44524      DEBUG main            d.u.i.k.p.i.AbstractProblemLoader Environment load took 279.01ns 
44525      INFO  main            d.u.i.k.p.i.AbstractProblemLoader Creating init config 
47467      DEBUG main            d.u.i.k.p.i.AbstractProblemLoader Init config took 2.94s 
47518      INFO  main            d.u.i.k.p.i.AbstractProblemLoader Replaying proof ArrayList[List::get(int)].JML exceptional_behavior operation contract.0 
47520      DEBUG main            d.u.i.k.p.i.IntermediateProofReplayer Proof replay took 6.5ns 
48325      INFO  main            d.u.i.k.p.r.p.TestFile    ... finished proof: closed. 
48637      INFO  main            d.u.i.k.p.i.AbstractProblemLoader Loading environment from /home/runner/work/key/key/key.core/../key.ui/examples/heap/list_ghost/ArrayList_get_exceptional.key.proof 
48638      DEBUG main            d.u.i.k.p.i.AbstractProblemLoader Environment load took 516.01ns 
48639      INFO  main            d.u.i.k.p.i.AbstractProblemLoader Creating init config 
51504      DEBUG main            d.u.i.k.p.i.AbstractProblemLoader Init config took 2.86s 
51556      INFO  main            d.u.i.k.p.i.AbstractProblemLoader Replaying proof ArrayList[List::get(int)].JML exceptional_behavior operation contract.0 
51756      DEBUG main            d.u.i.k.p.i.IntermediateProofReplayer Proof replay took 193.7ms 
51757      DEBUG main            d.u.i.k.p.r.p.TestFile    ... success: reloaded. 
51760      INFO  main            d.u.i.k.p.r.p.TestFile    Now processing file /home/runner/work/key/key/key.core/../key.ui/examples/heap/list_ghost/ArrayList_get_normal.key 
51761      INFO  main            d.u.i.k.p.i.AbstractProblemLoader Loading environment from /home/runner/work/key/key/key.core/../key.ui/examples/heap/list_ghost/ArrayList_get_normal.key 
51761      DEBUG main            d.u.i.k.p.i.AbstractProblemLoader Environment load took 265.11ns 
51762      INFO  main            d.u.i.k.p.i.AbstractProblemLoader Creating init config 
54689      DEBUG main            d.u.i.k.p.i.AbstractProblemLoader Init config took 2.93s 
54747      INFO  main            d.u.i.k.p.i.AbstractProblemLoader Replaying proof ArrayList[List::get(int)].JML normal_behavior operation contract.0 
54750      DEBUG main            d.u.i.k.p.i.IntermediateProofReplayer Proof replay took 7.9ns 
55058      INFO  main            d.u.i.k.p.r.p.TestFile    ... finished proof: closed. 
55346      INFO  main            d.u.i.k.p.i.AbstractProblemLoader Loading environment from /home/runner/work/key/key/key.core/../key.ui/examples/heap/list_ghost/ArrayList_get_normal.key.proof 
55347      DEBUG main            d.u.i.k.p.i.AbstractProblemLoader Environment load took 513.81ns 
55348      INFO  main            d.u.i.k.p.i.AbstractProblemLoader Creating init config 
58352      DEBUG main            d.u.i.k.p.i.AbstractProblemLoader Init config took 3s 
58403      INFO  main            d.u.i.k.p.i.AbstractProblemLoader Replaying proof ArrayList[List::get(int)].JML normal_behavior operation contract.0 
58472      DEBUG main            d.u.i.k.p.i.IntermediateProofReplayer Proof replay took 63.03ms 
58473      DEBUG main            d.u.i.k.p.r.p.TestFile    ... success: reloaded. 
58474      INFO  main            d.u.i.k.p.r.p.TestFile    Now processing file /home/runner/work/key/key/key.core/../key.ui/examples/heap/list_ghost/ArrayList_inv.key 
58475      INFO  main            d.u.i.k.p.i.AbstractProblemLoader Loading environment from /home/runner/work/key/key/key.core/../key.ui/examples/heap/list_ghost/ArrayList_inv.key 
58475      DEBUG main            d.u.i.k.p.i.AbstractProblemLoader Environment load took 139.9ns 
58476      INFO  main            d.u.i.k.p.i.AbstractProblemLoader Creating init config 
61496      DEBUG main            d.u.i.k.p.i.AbstractProblemLoader Init config took 3.02s 
61545      INFO  main            d.u.i.k.p.i.AbstractProblemLoader Replaying proof ArrayList[java.lang.Object::<inv>()].JML accessible clause.0 
61547      DEBUG main            d.u.i.k.p.i.IntermediateProofReplayer Proof replay took 7.6ns 
61650      INFO  main            d.u.i.k.p.r.p.TestFile    ... finished proof: closed. 
61851      INFO  main            d.u.i.k.p.i.AbstractProblemLoader Loading environment from /home/runner/work/key/key/key.core/../key.ui/examples/heap/list_ghost/ArrayList_inv.key.proof 
61851      DEBUG main            d.u.i.k.p.i.AbstractProblemLoader Environment load took 137.4ns 
61852      INFO  main            d.u.i.k.p.i.AbstractProblemLoader Creating init config 
64785      DEBUG main            d.u.i.k.p.i.AbstractProblemLoader Init config took 2.93s 
64833      INFO  main            d.u.i.k.p.i.AbstractProblemLoader Replaying proof ArrayList[java.lang.Object::<inv>()].JML accessible clause.0 
64846      DEBUG main            d.u.i.k.p.i.IntermediateProofReplayer Proof replay took 10.87ms 
64847      DEBUG main            d.u.i.k.p.r.p.TestFile    ... success: reloaded. 
64848      INFO  main            d.u.i.k.p.r.p.TestFile    Now processing file /home/runner/work/key/key/key.core/../key.ui/examples/heap/list_ghost/ArrayList_size_dep.key 
64849      INFO  main            d.u.i.k.p.i.AbstractProblemLoader Loading environment from /home/runner/work/key/key/key.core/../key.ui/examples/heap/list_ghost/ArrayList_size_dep.key 
64849      DEBUG main            d.u.i.k.p.i.AbstractProblemLoader Environment load took 272.21ns 
64850      INFO  main            d.u.i.k.p.i.AbstractProblemLoader Creating init config 
67803      DEBUG main            d.u.i.k.p.i.AbstractProblemLoader Init config took 2.95s 
67853      INFO  main            d.u.i.k.p.i.AbstractProblemLoader Replaying proof ArrayList[List::size()].JML accessible clause.0 
67858      DEBUG main            d.u.i.k.p.i.IntermediateProofReplayer Proof replay took 7.4ns 
67962      INFO  main            d.u.i.k.p.r.p.TestFile    ... finished proof: closed. 
68168      INFO  main            d.u.i.k.p.i.AbstractProblemLoader Loading environment from /home/runner/work/key/key/key.core/../key.ui/examples/heap/list_ghost/ArrayList_size_dep.key.proof 
68169      DEBUG main            d.u.i.k.p.i.AbstractProblemLoader Environment load took 136.4ns 
68170      INFO  main            d.u.i.k.p.i.AbstractProblemLoader Creating init config 
71021      DEBUG main            d.u.i.k.p.i.AbstractProblemLoader Init config took 2.85s 
71067      INFO  main            d.u.i.k.p.i.AbstractProblemLoader Replaying proof ArrayList[List::size()].JML accessible clause.0 
71083      DEBUG main            d.u.i.k.p.i.IntermediateProofReplayer Proof replay took 14.1ms 
71084      DEBUG main            d.u.i.k.p.r.p.TestFile    ... success: reloaded. 
71086      INFO  main            d.u.i.k.p.r.p.TestFile    Now processing file /home/runner/work/key/key/key.core/../key.ui/examples/heap/list_ghost/ArrayList_size.key 
71086      INFO  main            d.u.i.k.p.i.AbstractProblemLoader Loading environment from /home/runner/work/key/key/key.core/../key.ui/examples/heap/list_ghost/ArrayList_size.key 
71086      DEBUG main            d.u.i.k.p.i.AbstractProblemLoader Environment load took 179.7ns 
71087      INFO  main            d.u.i.k.p.i.AbstractProblemLoader Creating init config 
73948      DEBUG main            d.u.i.k.p.i.AbstractProblemLoader Init config took 2.86s 
73993      INFO  main            d.u.i.k.p.i.AbstractProblemLoader Replaying proof ArrayList[List::size()].JML normal_behavior operation contract.0 
73994      DEBUG main            d.u.i.k.p.i.IntermediateProofReplayer Proof replay took 7.8ns 
74102      INFO  main            d.u.i.k.p.r.p.TestFile    ... finished proof: closed. 
74313      INFO  main            d.u.i.k.p.i.AbstractProblemLoader Loading environment from /home/runner/work/key/key/key.core/../key.ui/examples/heap/list_ghost/ArrayList_size.key.proof 
74313      DEBUG main            d.u.i.k.p.i.AbstractProblemLoader Environment load took 144.7ns 
74314      INFO  main            d.u.i.k.p.i.AbstractProblemLoader Creating init config 
77219      DEBUG main            d.u.i.k.p.i.AbstractProblemLoader Init config took 2.9s 
77264      INFO  main            d.u.i.k.p.i.AbstractProblemLoader Replaying proof ArrayList[List::size()].JML normal_behavior operation contract.0 
77282      DEBUG main            d.u.i.k.p.i.IntermediateProofReplayer Proof replay took 15.77ms 
77283      DEBUG main            d.u.i.k.p.r.p.TestFile    ... success: reloaded. 
1400166    INFO  Test worker     d.u.i.k.p.r.RunAllProofsTestUnit Returning from test list_ghost 
1400168    INFO  Test worker     d.u.i.k.p.r.RunAllProofsTestUnit Running test list_recursive 
436        INFO  Timeout watchdog d.u.i.k.p.r.p.ForkedTestFileRunner Timeout watcher launched (2000 secs.) 
468        WARN  main            d.u.i.k.s.ProofSettings   The settings in /home/runner/.key/proof-settings.props are *not* read. 
532        INFO  main            d.u.i.k.p.r.p.TestFile    Now processing file /home/runner/work/key/key/key.core/../key.ui/examples/heap/list_recursiveSpec/ListOperationsNonNull_getNextNN_normal_behavior.key 
679        INFO  main            d.u.i.k.p.i.AbstractProblemLoader Loading environment from /home/runner/work/key/key/key.core/../key.ui/examples/heap/list_recursiveSpec/ListOperationsNonNull_getNextNN_normal_behavior.key 
697        DEBUG main            d.u.i.k.p.i.AbstractProblemLoader Environment load took 2.15ms 
1002       INFO  main            d.u.i.k.p.i.AbstractProblemLoader Creating init config 
2248       DEBUG main            d.u.i.k.j.TypeConverter   No LDT found for Meta 
2248       DEBUG main            d.u.i.k.j.TypeConverter   No LDT found for Meta 
2249       DEBUG main            d.u.i.k.j.TypeConverter   No LDT found for Meta 
2249       DEBUG main            d.u.i.k.j.TypeConverter   No LDT found for Meta 
3775       DEBUG main            d.u.i.k.j.TypeConverter   No LDT found for JavaBigintExpression 
9934       DEBUG main            d.u.i.k.p.i.AbstractProblemLoader Init config took 8.93s 
10187      INFO  main            d.u.i.k.p.i.AbstractProblemLoader Replaying proof ListOperationsNonNull[ListOperationsNonNull::getNextNN(ListNN,int)].JML normal_behavior operation contract.0 
10233      DEBUG main            d.u.i.k.p.i.IntermediateProofReplayer Proof replay took 40ns 
11730      INFO  main            d.u.i.k.p.r.p.TestFile    ... finished proof: closed. 
11962      INFO  main            d.u.i.k.p.i.AbstractProblemLoader Loading environment from /home/runner/work/key/key/key.core/../key.ui/examples/heap/list_recursiveSpec/ListOperationsNonNull_getNextNN_normal_behavior.key.proof 
11964      DEBUG main            d.u.i.k.p.i.AbstractProblemLoader Environment load took 1.95ms 
11966      INFO  main            d.u.i.k.p.i.AbstractProblemLoader Creating init config 
15617      DEBUG main            d.u.i.k.p.i.AbstractProblemLoader Init config took 3.65s 
15697      INFO  main            d.u.i.k.p.i.AbstractProblemLoader Replaying proof ListOperationsNonNull[ListOperationsNonNull::getNextNN(ListNN,int)].JML normal_behavior operation contract.0 
15922      DEBUG main            d.u.i.k.p.i.IntermediateProofReplayer Proof replay took 215.53ms 
15930      DEBUG main            d.u.i.k.p.r.p.TestFile    ... success: reloaded. 
15932      INFO  main            d.u.i.k.p.r.p.TestFile    Now processing file /home/runner/work/key/key/key.core/../key.ui/examples/heap/list_recursiveSpec/ListOperationsNonNull_setValueAt_normal_behavior.key 
15932      INFO  main            d.u.i.k.p.i.AbstractProblemLoader Loading environment from /home/runner/work/key/key/key.core/../key.ui/examples/heap/list_recursiveSpec/ListOperationsNonNull_setValueAt_normal_behavior.key 
15933      DEBUG main            d.u.i.k.p.i.AbstractProblemLoader Environment load took 310.01ns 
15935      INFO  main            d.u.i.k.p.i.AbstractProblemLoader Creating init config 
19340      DEBUG main            d.u.i.k.p.i.AbstractProblemLoader Init config took 3.41s 
19412      INFO  main            d.u.i.k.p.i.AbstractProblemLoader Replaying proof ListOperationsNonNull[ListOperationsNonNull::setValueAt_NN(ListNN,int,int)].JML normal_behavior operation contract.0 
19415      DEBUG main            d.u.i.k.p.i.IntermediateProofReplayer Proof replay took 6.4ns 
19447      DEBUG main            d.u.i.k.m.s.ProofScriptEngine 1: 'macro autopilot' 
22571      DEBUG main            d.u.i.k.m.s.ProofScriptEngine 2: 'macro simp-upd' 
22579      DEBUG main            d.u.i.k.m.s.ProofScriptEngine 3: 'rule observerDependencyEQ' 
22603      DEBUG main            d.u.i.k.m.s.ProofScriptEngine 4: 'tryclose' 
22636      INFO  main            d.u.i.k.p.r.p.TestFile    ... finished proof: closed. 
22829      INFO  main            d.u.i.k.p.i.AbstractProblemLoader Loading environment from /home/runner/work/key/key/key.core/../key.ui/examples/heap/list_recursiveSpec/ListOperationsNonNull_setValueAt_normal_behavior.key.proof 
22830      DEBUG main            d.u.i.k.p.i.AbstractProblemLoader Environment load took 827.82ns 
22834      INFO  main            d.u.i.k.p.i.AbstractProblemLoader Creating init config 
26263      DEBUG main            d.u.i.k.p.i.AbstractProblemLoader Init config took 3.43s 
26347      INFO  main            d.u.i.k.p.i.AbstractProblemLoader Replaying proof ListOperationsNonNull[ListOperationsNonNull::setValueAt_NN(ListNN,int,int)].JML normal_behavior operation contract.0 
26500      DEBUG main            d.u.i.k.p.i.IntermediateProofReplayer Proof replay took 147.02ms 
26502      DEBUG main            d.u.i.k.p.r.p.TestFile    ... success: reloaded. 
1426879    INFO  Test worker     d.u.i.k.p.r.RunAllProofsTestUnit Returning from test list_recursive 
1426881    INFO  Test worker     d.u.i.k.p.r.RunAllProofsTestUnit Running test list_seq 
391        INFO  Timeout watchdog d.u.i.k.p.r.p.ForkedTestFileRunner Timeout watcher launched (2000 secs.) 
405        WARN  main            d.u.i.k.s.ProofSettings   The settings in /home/runner/.key/proof-settings.props are *not* read. 
437        INFO  main            d.u.i.k.p.r.p.TestFile    Now processing file /home/runner/work/key/key/key.core/../key.ui/examples/heap/list_seq/SimplifiedLinkedList.remove.key 
609        INFO  main            d.u.i.k.p.i.AbstractProblemLoader Loading environment from /home/runner/work/key/key/key.core/../key.ui/examples/heap/list_seq/SimplifiedLinkedList.remove.key 
642        DEBUG main            d.u.i.k.p.i.AbstractProblemLoader Environment load took 9.39ms 
953        INFO  main            d.u.i.k.p.i.AbstractProblemLoader Creating init config 
2163       DEBUG main            d.u.i.k.j.TypeConverter   No LDT found for Meta 
2164       DEBUG main            d.u.i.k.j.TypeConverter   No LDT found for Meta 
2168       DEBUG main            d.u.i.k.j.TypeConverter   No LDT found for Meta 
2168       DEBUG main            d.u.i.k.j.TypeConverter   No LDT found for Meta 
3834       DEBUG main            d.u.i.k.j.TypeConverter   No LDT found for JavaBigintExpression 
10439      DEBUG main            d.u.i.k.p.i.AbstractProblemLoader Init config took 9.49s 
10664      INFO  main            d.u.i.k.p.i.AbstractProblemLoader Replaying proof SimplifiedLinkedList[SimplifiedLinkedList::remove(int)].JML normal_behavior operation contract.0 
10704      DEBUG main            d.u.i.k.p.i.IntermediateProofReplayer Proof replay took 40.1ns 
105750     INFO  main            d.u.i.k.p.r.p.TestFile    ... finished proof: closed. 
106282     INFO  main            d.u.i.k.p.i.AbstractProblemLoader Loading environment from /home/runner/work/key/key/key.core/../key.ui/examples/heap/list_seq/SimplifiedLinkedList.remove.key.proof 
106284     DEBUG main            d.u.i.k.p.i.AbstractProblemLoader Environment load took 1.22ms 
106314     INFO  main            d.u.i.k.p.i.AbstractProblemLoader Creating init config 
110055     DEBUG main            d.u.i.k.p.i.AbstractProblemLoader Init config took 3.74s 
110205     INFO  main            d.u.i.k.p.i.AbstractProblemLoader Replaying proof SimplifiedLinkedList[SimplifiedLinkedList::remove(int)].JML normal_behavior operation contract.0 
115538     DEBUG main            d.u.i.k.p.i.IntermediateProofReplayer Proof replay took 5.04s 
115572     DEBUG main            d.u.i.k.p.r.p.TestFile    ... success: reloaded. 
115574     INFO  main            d.u.i.k.p.r.p.TestFile    Now processing file /home/runner/work/key/key/key.core/../key.ui/examples/heap/list_seq/ArrayList.ArrayList.key 
115577     INFO  main            d.u.i.k.p.i.AbstractProblemLoader Loading environment from /home/runner/work/key/key/key.core/../key.ui/examples/heap/list_seq/ArrayList.ArrayList.key 
115579     DEBUG main            d.u.i.k.p.i.AbstractProblemLoader Environment load took 2.11ms 
115584     INFO  main            d.u.i.k.p.i.AbstractProblemLoader Creating init config 
119242     DEBUG main            d.u.i.k.p.i.AbstractProblemLoader Init config took 3.66s 
119342     INFO  main            d.u.i.k.p.i.AbstractProblemLoader Replaying proof ArrayList[ArrayList::ArrayList()].JML normal_behavior operation contract.0 
119344     DEBUG main            d.u.i.k.p.i.IntermediateProofReplayer Proof replay took 6.4ns 
120282     INFO  main            d.u.i.k.p.r.p.TestFile    ... finished proof: closed. 
120554     INFO  main            d.u.i.k.p.i.AbstractProblemLoader Loading environment from /home/runner/work/key/key/key.core/../key.ui/examples/heap/list_seq/ArrayList.ArrayList.key.proof 
120555     DEBUG main            d.u.i.k.p.i.AbstractProblemLoader Environment load took 778.92ns 
120557     INFO  main            d.u.i.k.p.i.AbstractProblemLoader Creating init config 
124089     DEBUG main            d.u.i.k.p.i.AbstractProblemLoader Init config took 3.53s 
124183     INFO  main            d.u.i.k.p.i.AbstractProblemLoader Replaying proof ArrayList[ArrayList::ArrayList()].JML normal_behavior operation contract.0 
124370     DEBUG main            d.u.i.k.p.i.IntermediateProofReplayer Proof replay took 181.13ms 
124371     DEBUG main            d.u.i.k.p.r.p.TestFile    ... success: reloaded. 
124373     INFO  main            d.u.i.k.p.r.p.TestFile    Now processing file /home/runner/work/key/key/key.core/../key.ui/examples/heap/list_seq/ArrayList.add.key 
124373     INFO  main            d.u.i.k.p.i.AbstractProblemLoader Loading environment from /home/runner/work/key/key/key.core/../key.ui/examples/heap/list_seq/ArrayList.add.key 
124373     DEBUG main            d.u.i.k.p.i.AbstractProblemLoader Environment load took 280.31ns 
124375     INFO  main            d.u.i.k.p.i.AbstractProblemLoader Creating init config 
127909     DEBUG main            d.u.i.k.p.i.AbstractProblemLoader Init config took 3.53s 
128001     INFO  main            d.u.i.k.p.i.AbstractProblemLoader Replaying proof ArrayList[List::add(java.lang.Object)].JML normal_behavior operation contract.0 
128003     DEBUG main            d.u.i.k.p.i.IntermediateProofReplayer Proof replay took 6.1ns 
131856     INFO  main            d.u.i.k.p.r.p.TestFile    ... finished proof: closed. 
132077     INFO  main            d.u.i.k.p.i.AbstractProblemLoader Loading environment from /home/runner/work/key/key/key.core/../key.ui/examples/heap/list_seq/ArrayList.add.key.proof 
132078     DEBUG main            d.u.i.k.p.i.AbstractProblemLoader Environment load took 712.72ns 
132082     INFO  main            d.u.i.k.p.i.AbstractProblemLoader Creating init config 
135693     DEBUG main            d.u.i.k.p.i.AbstractProblemLoader Init config took 3.61s 
135788     INFO  main            d.u.i.k.p.i.AbstractProblemLoader Replaying proof ArrayList[List::add(java.lang.Object)].JML normal_behavior operation contract.0 
136353     DEBUG main            d.u.i.k.p.i.IntermediateProofReplayer Proof replay took 553.1ms 
136355     DEBUG main            d.u.i.k.p.r.p.TestFile    ... success: reloaded. 
136357     INFO  main            d.u.i.k.p.r.p.TestFile    Now processing file /home/runner/work/key/key/key.core/../key.ui/examples/heap/list_seq/ArrayList.contains.key 
136357     INFO  main            d.u.i.k.p.i.AbstractProblemLoader Loading environment from /home/runner/work/key/key/key.core/../key.ui/examples/heap/list_seq/ArrayList.contains.key 
136358     DEBUG main            d.u.i.k.p.i.AbstractProblemLoader Environment load took 252.61ns 
136359     INFO  main            d.u.i.k.p.i.AbstractProblemLoader Creating init config 
139997     DEBUG main            d.u.i.k.p.i.AbstractProblemLoader Init config took 3.64s 
140126     INFO  main            d.u.i.k.p.i.AbstractProblemLoader Replaying proof ArrayList[List::contains(java.lang.Object)].JML normal_behavior operation contract.0 
140128     DEBUG main            d.u.i.k.p.i.IntermediateProofReplayer Proof replay took 6.6ns 
141965     INFO  main            d.u.i.k.p.r.p.TestFile    ... finished proof: closed. 
142188     INFO  main            d.u.i.k.p.i.AbstractProblemLoader Loading environment from /home/runner/work/key/key/key.core/../key.ui/examples/heap/list_seq/ArrayList.contains.key.proof 
142189     DEBUG main            d.u.i.k.p.i.AbstractProblemLoader Environment load took 578.61ns 
142190     INFO  main            d.u.i.k.p.i.AbstractProblemLoader Creating init config 
145668     DEBUG main            d.u.i.k.p.i.AbstractProblemLoader Init config took 3.48s 
145795     INFO  main            d.u.i.k.p.i.AbstractProblemLoader Replaying proof ArrayList[List::contains(java.lang.Object)].JML normal_behavior operation contract.0 
146103     DEBUG main            d.u.i.k.p.i.IntermediateProofReplayer Proof replay took 298.9ms 
146104     DEBUG main            d.u.i.k.p.r.p.TestFile    ... success: reloaded. 
146108     INFO  main            d.u.i.k.p.r.p.TestFile    Now processing file /home/runner/work/key/key/key.core/../key.ui/examples/heap/list_seq/ArrayList.enlarge.key 
146108     INFO  main            d.u.i.k.p.i.AbstractProblemLoader Loading environment from /home/runner/work/key/key/key.core/../key.ui/examples/heap/list_seq/ArrayList.enlarge.key 
146108     DEBUG main            d.u.i.k.p.i.AbstractProblemLoader Environment load took 188.41ns 
146109     INFO  main            d.u.i.k.p.i.AbstractProblemLoader Creating init config 
149620     DEBUG main            d.u.i.k.p.i.AbstractProblemLoader Init config took 3.51s 
149714     INFO  main            d.u.i.k.p.i.AbstractProblemLoader Replaying proof ArrayList[ArrayList::enlarge()].JML normal_behavior operation contract.0 
149717     DEBUG main            d.u.i.k.p.i.IntermediateProofReplayer Proof replay took 9.2ns 
152229     INFO  main            d.u.i.k.p.r.p.TestFile    ... finished proof: closed. 
152471     INFO  main            d.u.i.k.p.i.AbstractProblemLoader Loading environment from /home/runner/work/key/key/key.core/../key.ui/examples/heap/list_seq/ArrayList.enlarge.key.proof 
152471     DEBUG main            d.u.i.k.p.i.AbstractProblemLoader Environment load took 546.61ns 
152473     INFO  main            d.u.i.k.p.i.AbstractProblemLoader Creating init config 
156028     DEBUG main            d.u.i.k.p.i.AbstractProblemLoader Init config took 3.56s 
156119     INFO  main            d.u.i.k.p.i.AbstractProblemLoader Replaying proof ArrayList[ArrayList::enlarge()].JML normal_behavior operation contract.0 
156582     DEBUG main            d.u.i.k.p.i.IntermediateProofReplayer Proof replay took 454.45ms 
156583     DEBUG main            d.u.i.k.p.r.p.TestFile    ... success: reloaded. 
156585     INFO  main            d.u.i.k.p.r.p.TestFile    Now processing file /home/runner/work/key/key/key.core/../key.ui/examples/heap/list_seq/ArrayList.get.key 
156585     INFO  main            d.u.i.k.p.i.AbstractProblemLoader Loading environment from /home/runner/work/key/key/key.core/../key.ui/examples/heap/list_seq/ArrayList.get.key 
156585     DEBUG main            d.u.i.k.p.i.AbstractProblemLoader Environment load took 292.71ns 
156587     INFO  main            d.u.i.k.p.i.AbstractProblemLoader Creating init config 
160301     DEBUG main            d.u.i.k.p.i.AbstractProblemLoader Init config took 3.71s 
160401     INFO  main            d.u.i.k.p.i.AbstractProblemLoader Replaying proof ArrayList[List::get(int)].JML normal_behavior operation contract.0 
160403     DEBUG main            d.u.i.k.p.i.IntermediateProofReplayer Proof replay took 7.5ns 
161007     INFO  main            d.u.i.k.p.r.p.TestFile    ... finished proof: closed. 
161266     INFO  main            d.u.i.k.p.i.AbstractProblemLoader Loading environment from /home/runner/work/key/key/key.core/../key.ui/examples/heap/list_seq/ArrayList.get.key.proof 
161267     DEBUG main            d.u.i.k.p.i.AbstractProblemLoader Environment load took 988.42ns 
161268     INFO  main            d.u.i.k.p.i.AbstractProblemLoader Creating init config 
164802     DEBUG main            d.u.i.k.p.i.AbstractProblemLoader Init config took 3.53s 
164891     INFO  main            d.u.i.k.p.i.AbstractProblemLoader Replaying proof ArrayList[List::get(int)].JML normal_behavior operation contract.0 
164970     DEBUG main            d.u.i.k.p.i.IntermediateProofReplayer Proof replay took 75.01ms 
164971     DEBUG main            d.u.i.k.p.r.p.TestFile    ... success: reloaded. 
164972     INFO  main            d.u.i.k.p.r.p.TestFile    Now processing file /home/runner/work/key/key/key.core/../key.ui/examples/heap/list_seq/ArrayList.newArray.key 
164972     INFO  main            d.u.i.k.p.i.AbstractProblemLoader Loading environment from /home/runner/work/key/key/key.core/../key.ui/examples/heap/list_seq/ArrayList.newArray.key 
164973     DEBUG main            d.u.i.k.p.i.AbstractProblemLoader Environment load took 120ns 
164974     INFO  main            d.u.i.k.p.i.AbstractProblemLoader Creating init config 
168554     DEBUG main            d.u.i.k.p.i.AbstractProblemLoader Init config took 3.58s 
168663     INFO  main            d.u.i.k.p.i.AbstractProblemLoader Replaying proof ArrayList[ArrayList::newArray(int)].JML normal_behavior operation contract.0 
168665     DEBUG main            d.u.i.k.p.i.IntermediateProofReplayer Proof replay took 7.3ns 
168973     INFO  main            d.u.i.k.p.r.p.TestFile    ... finished proof: closed. 
169195     INFO  main            d.u.i.k.p.i.AbstractProblemLoader Loading environment from /home/runner/work/key/key/key.core/../key.ui/examples/heap/list_seq/ArrayList.newArray.key.proof 
169195     DEBUG main            d.u.i.k.p.i.AbstractProblemLoader Environment load took 153.7ns 
169196     INFO  main            d.u.i.k.p.i.AbstractProblemLoader Creating init config 
172520     DEBUG main            d.u.i.k.p.i.AbstractProblemLoader Init config took 3.32s 
172605     INFO  main            d.u.i.k.p.i.AbstractProblemLoader Replaying proof ArrayList[ArrayList::newArray(int)].JML normal_behavior operation contract.0 
172667     DEBUG main            d.u.i.k.p.i.IntermediateProofReplayer Proof replay took 59.82ms 
172669     DEBUG main            d.u.i.k.p.r.p.TestFile    ... success: reloaded. 
172670     INFO  main            d.u.i.k.p.r.p.TestFile    Now processing file /home/runner/work/key/key/key.core/../key.ui/examples/heap/list_seq/ArrayList.remove.0.key 
172670     INFO  main            d.u.i.k.p.i.AbstractProblemLoader Loading environment from /home/runner/work/key/key/key.core/../key.ui/examples/heap/list_seq/ArrayList.remove.0.key 
172670     DEBUG main            d.u.i.k.p.i.AbstractProblemLoader Environment load took 193.1ns 
172671     INFO  main            d.u.i.k.p.i.AbstractProblemLoader Creating init config 
176046     DEBUG main            d.u.i.k.p.i.AbstractProblemLoader Init config took 3.37s 
176132     INFO  main            d.u.i.k.p.i.AbstractProblemLoader Replaying proof ArrayList[List::remove(java.lang.Object)].JML normal_behavior operation contract.0 
176133     DEBUG main            d.u.i.k.p.i.IntermediateProofReplayer Proof replay took 7.3ns 
178356     INFO  main            d.u.i.k.p.r.p.TestFile    ... finished proof: closed. 
178614     INFO  main            d.u.i.k.p.i.AbstractProblemLoader Loading environment from /home/runner/work/key/key/key.core/../key.ui/examples/heap/list_seq/ArrayList.remove.0.key.proof 
178616     DEBUG main            d.u.i.k.p.i.AbstractProblemLoader Environment load took 1.82ms 
178617     INFO  main            d.u.i.k.p.i.AbstractProblemLoader Creating init config 
182048     DEBUG main            d.u.i.k.p.i.AbstractProblemLoader Init config took 3.43s 
182147     INFO  main            d.u.i.k.p.i.AbstractProblemLoader Replaying proof ArrayList[List::remove(java.lang.Object)].JML normal_behavior operation contract.0 
182743     DEBUG main            d.u.i.k.p.i.IntermediateProofReplayer Proof replay took 588.05ms 
182745     DEBUG main            d.u.i.k.p.r.p.TestFile    ... success: reloaded. 
182746     INFO  main            d.u.i.k.p.r.p.TestFile    Now processing file /home/runner/work/key/key/key.core/../key.ui/examples/heap/list_seq/ArrayList.remove.1.key 
182746     INFO  main            d.u.i.k.p.i.AbstractProblemLoader Loading environment from /home/runner/work/key/key/key.core/../key.ui/examples/heap/list_seq/ArrayList.remove.1.key 
182747     DEBUG main            d.u.i.k.p.i.AbstractProblemLoader Environment load took 309.71ns 
182748     INFO  main            d.u.i.k.p.i.AbstractProblemLoader Creating init config 
186290     DEBUG main            d.u.i.k.p.i.AbstractProblemLoader Init config took 3.54s 
186405     INFO  main            d.u.i.k.p.i.AbstractProblemLoader Replaying proof ArrayList[List::remove(java.lang.Object)].JML normal_behavior operation contract.1 
186407     DEBUG main            d.u.i.k.p.i.IntermediateProofReplayer Proof replay took 6.7ns 
199915     INFO  main            d.u.i.k.p.r.p.TestFile    ... finished proof: closed. 
200230     INFO  main            d.u.i.k.p.i.AbstractProblemLoader Loading environment from /home/runner/work/key/key/key.core/../key.ui/examples/heap/list_seq/ArrayList.remove.1.key.proof 
200231     DEBUG main            d.u.i.k.p.i.AbstractProblemLoader Environment load took 514.61ns 
200235     INFO  main            d.u.i.k.p.i.AbstractProblemLoader Creating init config 
203603     DEBUG main            d.u.i.k.p.i.AbstractProblemLoader Init config took 3.37s 
203695     INFO  main            d.u.i.k.p.i.AbstractProblemLoader Replaying proof ArrayList[List::remove(java.lang.Object)].JML normal_behavior operation contract.1 
205411     DEBUG main            d.u.i.k.p.i.IntermediateProofReplayer Proof replay took 1.68s 
205414     DEBUG main            d.u.i.k.p.r.p.TestFile    ... success: reloaded. 
1632500    INFO  Test worker     d.u.i.k.p.r.RunAllProofsTestUnit Returning from test list_seq 
1632502    INFO  Test worker     d.u.i.k.p.r.RunAllProofsTestUnit Running test observer 
410        INFO  Timeout watchdog d.u.i.k.p.r.p.ForkedTestFileRunner Timeout watcher launched (2000 secs.) 
439        WARN  main            d.u.i.k.s.ProofSettings   The settings in /home/runner/.key/proof-settings.props are *not* read. 
496        INFO  main            d.u.i.k.p.r.p.TestFile    Now processing file /home/runner/work/key/key/key.core/../key.ui/examples/heap/observer/ExampleObserver_ExampleObserver.key 
689        INFO  main            d.u.i.k.p.i.AbstractProblemLoader Loading environment from /home/runner/work/key/key/key.core/../key.ui/examples/heap/observer/ExampleObserver_ExampleObserver.key 
708        DEBUG main            d.u.i.k.p.i.AbstractProblemLoader Environment load took 2.98ms 
985        INFO  main            d.u.i.k.p.i.AbstractProblemLoader Creating init config 
2289       DEBUG main            d.u.i.k.j.TypeConverter   No LDT found for Meta 
2289       DEBUG main            d.u.i.k.j.TypeConverter   No LDT found for Meta 
2293       DEBUG main            d.u.i.k.j.TypeConverter   No LDT found for Meta 
2293       DEBUG main            d.u.i.k.j.TypeConverter   No LDT found for Meta 
4053       DEBUG main            d.u.i.k.j.TypeConverter   No LDT found for JavaBigintExpression 
10569      DEBUG main            d.u.i.k.p.i.AbstractProblemLoader Init config took 9.58s 
10714      INFO  main            d.u.i.k.p.i.AbstractProblemLoader Replaying proof ExampleObserver[ExampleObserver::ExampleObserver(ExampleSubject)].JML normal_behavior operation contract.0 
10751      DEBUG main            d.u.i.k.p.i.IntermediateProofReplayer Proof replay took 40.1ns 
11934      INFO  main            d.u.i.k.p.r.p.TestFile    ... finished proof: closed. 
12098      INFO  main            d.u.i.k.p.i.AbstractProblemLoader Loading environment from /home/runner/work/key/key/key.core/../key.ui/examples/heap/observer/ExampleObserver_ExampleObserver.key.proof 
12099      DEBUG main            d.u.i.k.p.i.AbstractProblemLoader Environment load took 616.82ns 
12102      INFO  main            d.u.i.k.p.i.AbstractProblemLoader Creating init config 
15683      DEBUG main            d.u.i.k.p.i.AbstractProblemLoader Init config took 3.58s 
15790      INFO  main            d.u.i.k.p.i.AbstractProblemLoader Replaying proof ExampleObserver[ExampleObserver::ExampleObserver(ExampleSubject)].JML normal_behavior operation contract.0 
16033      DEBUG main            d.u.i.k.p.i.IntermediateProofReplayer Proof replay took 227.49ms 
16049      DEBUG main            d.u.i.k.p.r.p.TestFile    ... success: reloaded. 
16051      INFO  main            d.u.i.k.p.r.p.TestFile    Now processing file /home/runner/work/key/key/key.core/../key.ui/examples/heap/observer/ExampleObserver_inv.key 
16052      INFO  main            d.u.i.k.p.i.AbstractProblemLoader Loading environment from /home/runner/work/key/key/key.core/../key.ui/examples/heap/observer/ExampleObserver_inv.key 
16052      DEBUG main            d.u.i.k.p.i.AbstractProblemLoader Environment load took 298.61ns 
16054      INFO  main            d.u.i.k.p.i.AbstractProblemLoader Creating init config 
19463      DEBUG main            d.u.i.k.p.i.AbstractProblemLoader Init config took 3.41s 
19540      INFO  main            d.u.i.k.p.i.AbstractProblemLoader Replaying proof ExampleObserver[java.lang.Object::<inv>()].JML accessible clause.0 
19543      DEBUG main            d.u.i.k.p.i.IntermediateProofReplayer Proof replay took 7.7ns 
19648      INFO  main            d.u.i.k.p.r.p.TestFile    ... finished proof: closed. 
19806      INFO  main            d.u.i.k.p.i.AbstractProblemLoader Loading environment from /home/runner/work/key/key/key.core/../key.ui/examples/heap/observer/ExampleObserver_inv.key.proof 
19806      DEBUG main            d.u.i.k.p.i.AbstractProblemLoader Environment load took 159.3ns 
19810      INFO  main            d.u.i.k.p.i.AbstractProblemLoader Creating init config 
23154      DEBUG main            d.u.i.k.p.i.AbstractProblemLoader Init config took 3.34s 
23228      INFO  main            d.u.i.k.p.i.AbstractProblemLoader Replaying proof ExampleObserver[java.lang.Object::<inv>()].JML accessible clause.0 
23270      DEBUG main            d.u.i.k.p.i.IntermediateProofReplayer Proof replay took 16.81ms 
23272      DEBUG main            d.u.i.k.p.r.p.TestFile    ... success: reloaded. 
23273      INFO  main            d.u.i.k.p.r.p.TestFile    Now processing file /home/runner/work/key/key/key.core/../key.ui/examples/heap/observer/ExampleObserver_subject.key 
23274      INFO  main            d.u.i.k.p.i.AbstractProblemLoader Loading environment from /home/runner/work/key/key/key.core/../key.ui/examples/heap/observer/ExampleObserver_subject.key 
23274      DEBUG main            d.u.i.k.p.i.AbstractProblemLoader Environment load took 268.81ns 
23277      INFO  main            d.u.i.k.p.i.AbstractProblemLoader Creating init config 
26681      DEBUG main            d.u.i.k.p.i.AbstractProblemLoader Init config took 3.4s 
26743      INFO  main            d.u.i.k.p.i.AbstractProblemLoader Replaying proof Observer[Observer::$subject()].JML accessible clause.0 
26745      DEBUG main            d.u.i.k.p.i.IntermediateProofReplayer Proof replay took 7.4ns 
26851      INFO  main            d.u.i.k.p.r.p.TestFile    ... finished proof: closed. 
27076      INFO  main            d.u.i.k.p.i.AbstractProblemLoader Loading environment from /home/runner/work/key/key/key.core/../key.ui/examples/heap/observer/ExampleObserver_subject.key.proof 
27076      DEBUG main            d.u.i.k.p.i.AbstractProblemLoader Environment load took 140ns 
27079      INFO  main            d.u.i.k.p.i.AbstractProblemLoader Creating init config 
30506      DEBUG main            d.u.i.k.p.i.AbstractProblemLoader Init config took 3.43s 
30561      INFO  main            d.u.i.k.p.i.AbstractProblemLoader Replaying proof Observer[Observer::$subject()].JML accessible clause.0 
30566      DEBUG main            d.u.i.k.p.i.IntermediateProofReplayer Proof replay took 2.16ms 
30567      DEBUG main            d.u.i.k.p.r.p.TestFile    ... success: reloaded. 
30569      INFO  main            d.u.i.k.p.r.p.TestFile    Now processing file /home/runner/work/key/key/key.core/../key.ui/examples/heap/observer/ExampleObserver_update.key 
30569      INFO  main            d.u.i.k.p.i.AbstractProblemLoader Loading environment from /home/runner/work/key/key/key.core/../key.ui/examples/heap/observer/ExampleObserver_update.key 
30569      DEBUG main            d.u.i.k.p.i.AbstractProblemLoader Environment load took 256.31ns 
30571      INFO  main            d.u.i.k.p.i.AbstractProblemLoader Creating init config 
33820      DEBUG main            d.u.i.k.p.i.AbstractProblemLoader Init config took 3.25s 
33880      INFO  main            d.u.i.k.p.i.AbstractProblemLoader Replaying proof ExampleObserver[Observer::update()].JML normal_behavior operation contract.0 
33883      DEBUG main            d.u.i.k.p.i.IntermediateProofReplayer Proof replay took 9.5ns 
34288      INFO  main            d.u.i.k.p.r.p.TestFile    ... finished proof: closed. 
34474      INFO  main            d.u.i.k.p.i.AbstractProblemLoader Loading environment from /home/runner/work/key/key/key.core/../key.ui/examples/heap/observer/ExampleObserver_update.key.proof 
34477      DEBUG main            d.u.i.k.p.i.AbstractProblemLoader Environment load took 2.07ms 
34478      INFO  main            d.u.i.k.p.i.AbstractProblemLoader Creating init config 
37761      DEBUG main            d.u.i.k.p.i.AbstractProblemLoader Init config took 3.28s 
37818      INFO  main            d.u.i.k.p.i.AbstractProblemLoader Replaying proof ExampleObserver[Observer::update()].JML normal_behavior operation contract.0 
37901      DEBUG main            d.u.i.k.p.i.IntermediateProofReplayer Proof replay took 77.48ms 
37903      DEBUG main            d.u.i.k.p.r.p.TestFile    ... success: reloaded. 
37904      INFO  main            d.u.i.k.p.r.p.TestFile    Now processing file /home/runner/work/key/key/key.core/../key.ui/examples/heap/observer/ExampleObserver_upToDate.key 
37905      INFO  main            d.u.i.k.p.i.AbstractProblemLoader Loading environment from /home/runner/work/key/key/key.core/../key.ui/examples/heap/observer/ExampleObserver_upToDate.key 
37905      DEBUG main            d.u.i.k.p.i.AbstractProblemLoader Environment load took 285.11ns 
37906      INFO  main            d.u.i.k.p.i.AbstractProblemLoader Creating init config 
41263      DEBUG main            d.u.i.k.p.i.AbstractProblemLoader Init config took 3.36s 
41321      INFO  main            d.u.i.k.p.i.AbstractProblemLoader Replaying proof ExampleObserver[Observer::$upToDate()].JML accessible clause.0 
41324      DEBUG main            d.u.i.k.p.i.IntermediateProofReplayer Proof replay took 7.7ns 
41527      INFO  main            d.u.i.k.p.r.p.TestFile    ... finished proof: closed. 
41796      INFO  main            d.u.i.k.p.i.AbstractProblemLoader Loading environment from /home/runner/work/key/key/key.core/../key.ui/examples/heap/observer/ExampleObserver_upToDate.key.proof 
41796      DEBUG main            d.u.i.k.p.i.AbstractProblemLoader Environment load took 142.6ns 
41799      INFO  main            d.u.i.k.p.i.AbstractProblemLoader Creating init config 
45064      DEBUG main            d.u.i.k.p.i.AbstractProblemLoader Init config took 3.26s 
45125      INFO  main            d.u.i.k.p.i.AbstractProblemLoader Replaying proof ExampleObserver[Observer::$upToDate()].JML accessible clause.0 
45150      DEBUG main            d.u.i.k.p.i.IntermediateProofReplayer Proof replay took 22.5ms 
45151      DEBUG main            d.u.i.k.p.r.p.TestFile    ... success: reloaded. 
45153      INFO  main            d.u.i.k.p.r.p.TestFile    Now processing file /home/runner/work/key/key/key.core/../key.ui/examples/heap/observer/ExampleObserver_value.key 
45153      INFO  main            d.u.i.k.p.i.AbstractProblemLoader Loading environment from /home/runner/work/key/key/key.core/../key.ui/examples/heap/observer/ExampleObserver_value.key 
45154      DEBUG main            d.u.i.k.p.i.AbstractProblemLoader Environment load took 309.51ns 
45155      INFO  main            d.u.i.k.p.i.AbstractProblemLoader Creating init config 
48386      DEBUG main            d.u.i.k.p.i.AbstractProblemLoader Init config took 3.23s 
48446      INFO  main            d.u.i.k.p.i.AbstractProblemLoader Replaying proof ExampleObserver[ExampleObserver::value()].JML normal_behavior operation contract.0 
48449      DEBUG main            d.u.i.k.p.i.IntermediateProofReplayer Proof replay took 8.8ns 
48552      INFO  main            d.u.i.k.p.r.p.TestFile    ... finished proof: closed. 
48783      INFO  main            d.u.i.k.p.i.AbstractProblemLoader Loading environment from /home/runner/work/key/key/key.core/../key.ui/examples/heap/observer/ExampleObserver_value.key.proof 
48784      DEBUG main            d.u.i.k.p.i.AbstractProblemLoader Environment load took 754.62ns 
48786      INFO  main            d.u.i.k.p.i.AbstractProblemLoader Creating init config 
51963      DEBUG main            d.u.i.k.p.i.AbstractProblemLoader Init config took 3.18s 
52023      INFO  main            d.u.i.k.p.i.AbstractProblemLoader Replaying proof ExampleObserver[ExampleObserver::value()].JML normal_behavior operation contract.0 
52048      DEBUG main            d.u.i.k.p.i.IntermediateProofReplayer Proof replay took 22.37ms 
52049      DEBUG main            d.u.i.k.p.r.p.TestFile    ... success: reloaded. 
52051      INFO  main            d.u.i.k.p.r.p.TestFile    Now processing file /home/runner/work/key/key/key.core/../key.ui/examples/heap/observer/ExampleSubject_addObserver.key 
52051      INFO  main            d.u.i.k.p.i.AbstractProblemLoader Loading environment from /home/runner/work/key/key/key.core/../key.ui/examples/heap/observer/ExampleSubject_addObserver.key 
52051      DEBUG main            d.u.i.k.p.i.AbstractProblemLoader Environment load took 307.41ns 
52053      INFO  main            d.u.i.k.p.i.AbstractProblemLoader Creating init config 
55255      DEBUG main            d.u.i.k.p.i.AbstractProblemLoader Init config took 3.2s 
55317      INFO  main            d.u.i.k.p.i.AbstractProblemLoader Replaying proof ExampleSubject[Subject::addObserver(Observer)].JML normal_behavior operation contract.0 
55319      DEBUG main            d.u.i.k.p.i.IntermediateProofReplayer Proof replay took 8.6ns 
61767      INFO  main            d.u.i.k.p.r.p.TestFile    ... finished proof: closed. 
62028      INFO  main            d.u.i.k.p.i.AbstractProblemLoader Loading environment from /home/runner/work/key/key/key.core/../key.ui/examples/heap/observer/ExampleSubject_addObserver.key.proof 
62029      DEBUG main            d.u.i.k.p.i.AbstractProblemLoader Environment load took 522.11ns 
62031      INFO  main            d.u.i.k.p.i.AbstractProblemLoader Creating init config 
65229      DEBUG main            d.u.i.k.p.i.AbstractProblemLoader Init config took 3.2s 
65289      INFO  main            d.u.i.k.p.i.AbstractProblemLoader Replaying proof ExampleSubject[Subject::addObserver(Observer)].JML normal_behavior operation contract.0 
66184      DEBUG main            d.u.i.k.p.i.IntermediateProofReplayer Proof replay took 873.71ms 
66187      DEBUG main            d.u.i.k.p.r.p.TestFile    ... success: reloaded. 
66189      INFO  main            d.u.i.k.p.r.p.TestFile    Now processing file /home/runner/work/key/key/key.core/../key.ui/examples/heap/observer/ExampleSubject_change.key 
66189      INFO  main            d.u.i.k.p.i.AbstractProblemLoader Loading environment from /home/runner/work/key/key/key.core/../key.ui/examples/heap/observer/ExampleSubject_change.key 
66189      DEBUG main            d.u.i.k.p.i.AbstractProblemLoader Environment load took 170ns 
66190      INFO  main            d.u.i.k.p.i.AbstractProblemLoader Creating init config 
69393      DEBUG main            d.u.i.k.p.i.AbstractProblemLoader Init config took 3.2s 
69449      INFO  main            d.u.i.k.p.i.AbstractProblemLoader Replaying proof ExampleSubject[ExampleSubject::change()].JML normal_behavior operation contract.0 
69451      DEBUG main            d.u.i.k.p.i.IntermediateProofReplayer Proof replay took 8.4ns 
70057      INFO  main            d.u.i.k.p.r.p.TestFile    ... finished proof: closed. 
70300      INFO  main            d.u.i.k.p.i.AbstractProblemLoader Loading environment from /home/runner/work/key/key/key.core/../key.ui/examples/heap/observer/ExampleSubject_change.key.proof 
70305      DEBUG main            d.u.i.k.p.i.AbstractProblemLoader Environment load took 5.16ms 
70307      INFO  main            d.u.i.k.p.i.AbstractProblemLoader Creating init config 
73519      DEBUG main            d.u.i.k.p.i.AbstractProblemLoader Init config took 3.21s 
73579      INFO  main            d.u.i.k.p.i.AbstractProblemLoader Replaying proof ExampleSubject[ExampleSubject::change()].JML normal_behavior operation contract.0 
73683      DEBUG main            d.u.i.k.p.i.IntermediateProofReplayer Proof replay took 99.57ms 
73684      DEBUG main            d.u.i.k.p.r.p.TestFile    ... success: reloaded. 
73686      INFO  main            d.u.i.k.p.r.p.TestFile    Now processing file /home/runner/work/key/key/key.core/../key.ui/examples/heap/observer/ExampleSubject_ExampleSubject.key 
73686      INFO  main            d.u.i.k.p.i.AbstractProblemLoader Loading environment from /home/runner/work/key/key/key.core/../key.ui/examples/heap/observer/ExampleSubject_ExampleSubject.key 
73687      DEBUG main            d.u.i.k.p.i.AbstractProblemLoader Environment load took 261.31ns 
73688      INFO  main            d.u.i.k.p.i.AbstractProblemLoader Creating init config 
76815      DEBUG main            d.u.i.k.p.i.AbstractProblemLoader Init config took 3.13s 
76867      INFO  main            d.u.i.k.p.i.AbstractProblemLoader Replaying proof ExampleSubject[ExampleSubject::ExampleSubject()].JML normal_behavior operation contract.0 
76869      DEBUG main            d.u.i.k.p.i.IntermediateProofReplayer Proof replay took 8.3ns 
78079      INFO  main            d.u.i.k.p.r.p.TestFile    ... finished proof: closed. 
78336      INFO  main            d.u.i.k.p.i.AbstractProblemLoader Loading environment from /home/runner/work/key/key/key.core/../key.ui/examples/heap/observer/ExampleSubject_ExampleSubject.key.proof 
78336      DEBUG main            d.u.i.k.p.i.AbstractProblemLoader Environment load took 160.7ns 
78339      INFO  main            d.u.i.k.p.i.AbstractProblemLoader Creating init config 
81534      DEBUG main            d.u.i.k.p.i.AbstractProblemLoader Init config took 3.2s 
81595      INFO  main            d.u.i.k.p.i.AbstractProblemLoader Replaying proof ExampleSubject[ExampleSubject::ExampleSubject()].JML normal_behavior operation contract.0 
81829      DEBUG main            d.u.i.k.p.i.IntermediateProofReplayer Proof replay took 225.9ms 
81831      DEBUG main            d.u.i.k.p.r.p.TestFile    ... success: reloaded. 
81833      INFO  main            d.u.i.k.p.r.p.TestFile    Now processing file /home/runner/work/key/key/key.core/../key.ui/examples/heap/observer/ExampleSubject_footprint.key 
81834      INFO  main            d.u.i.k.p.i.AbstractProblemLoader Loading environment from /home/runner/work/key/key/key.core/../key.ui/examples/heap/observer/ExampleSubject_footprint.key 
81834      DEBUG main            d.u.i.k.p.i.AbstractProblemLoader Environment load took 303.01ns 
81835      INFO  main            d.u.i.k.p.i.AbstractProblemLoader Creating init config 
84983      DEBUG main            d.u.i.k.p.i.AbstractProblemLoader Init config took 3.15s 
85040      INFO  main            d.u.i.k.p.i.AbstractProblemLoader Replaying proof ExampleSubject[Subject::$footprint()].JML accessible clause.0 
85042      DEBUG main            d.u.i.k.p.i.IntermediateProofReplayer Proof replay took 7.3ns 
85246      INFO  main            d.u.i.k.p.r.p.TestFile    ... finished proof: closed. 
85480      INFO  main            d.u.i.k.p.i.AbstractProblemLoader Loading environment from /home/runner/work/key/key/key.core/../key.ui/examples/heap/observer/ExampleSubject_footprint.key.proof 
85480      DEBUG main            d.u.i.k.p.i.AbstractProblemLoader Environment load took 142.6ns 
85481      INFO  main            d.u.i.k.p.i.AbstractProblemLoader Creating init config 
88630      DEBUG main            d.u.i.k.p.i.AbstractProblemLoader Init config took 3.15s 
88680      INFO  main            d.u.i.k.p.i.AbstractProblemLoader Replaying proof ExampleSubject[Subject::$footprint()].JML accessible clause.0 
88700      DEBUG main            d.u.i.k.p.i.IntermediateProofReplayer Proof replay took 17.79ms 
88701      DEBUG main            d.u.i.k.p.r.p.TestFile    ... success: reloaded. 
88703      INFO  main            d.u.i.k.p.r.p.TestFile    Now processing file /home/runner/work/key/key/key.core/../key.ui/examples/heap/observer/ExampleSubject_inv.key 
88703      INFO  main            d.u.i.k.p.i.AbstractProblemLoader Loading environment from /home/runner/work/key/key/key.core/../key.ui/examples/heap/observer/ExampleSubject_inv.key 
88704      DEBUG main            d.u.i.k.p.i.AbstractProblemLoader Environment load took 259.1ns 
88705      INFO  main            d.u.i.k.p.i.AbstractProblemLoader Creating init config 
91923      DEBUG main            d.u.i.k.p.i.AbstractProblemLoader Init config took 3.22s 
91972      INFO  main            d.u.i.k.p.i.AbstractProblemLoader Replaying proof ExampleSubject[java.lang.Object::<inv>()].JML accessible clause.0 
91974      DEBUG main            d.u.i.k.p.i.IntermediateProofReplayer Proof replay took 8.2ns 
93213      INFO  main            d.u.i.k.p.r.p.TestFile    ... finished proof: closed. 
93498      INFO  main            d.u.i.k.p.i.AbstractProblemLoader Loading environment from /home/runner/work/key/key/key.core/../key.ui/examples/heap/observer/ExampleSubject_inv.key.proof 
93499      DEBUG main            d.u.i.k.p.i.AbstractProblemLoader Environment load took 507.51ns 
93501      INFO  main            d.u.i.k.p.i.AbstractProblemLoader Creating init config 
96601      DEBUG main            d.u.i.k.p.i.AbstractProblemLoader Init config took 3.1s 
96666      INFO  main            d.u.i.k.p.i.AbstractProblemLoader Replaying proof ExampleSubject[java.lang.Object::<inv>()].JML accessible clause.0 
96812      DEBUG main            d.u.i.k.p.i.IntermediateProofReplayer Proof replay took 139.13ms 
96813      DEBUG main            d.u.i.k.p.r.p.TestFile    ... success: reloaded. 
96815      INFO  main            d.u.i.k.p.r.p.TestFile    Now processing file /home/runner/work/key/key/key.core/../key.ui/examples/heap/observer/ExampleSubject_notifyObservers.key 
96815      INFO  main            d.u.i.k.p.i.AbstractProblemLoader Loading environment from /home/runner/work/key/key/key.core/../key.ui/examples/heap/observer/ExampleSubject_notifyObservers.key 
96815      DEBUG main            d.u.i.k.p.i.AbstractProblemLoader Environment load took 243.61ns 
96817      INFO  main            d.u.i.k.p.i.AbstractProblemLoader Creating init config 
100022     DEBUG main            d.u.i.k.p.i.AbstractProblemLoader Init config took 3.21s 
100072     INFO  main            d.u.i.k.p.i.AbstractProblemLoader Replaying proof Subject[Subject::notifyObservers()].JML normal_behavior operation contract.0 
100074     DEBUG main            d.u.i.k.p.i.IntermediateProofReplayer Proof replay took 8ns 
100176     INFO  main            d.u.i.k.p.r.p.TestFile    ... finished proof: closed. 
100422     INFO  main            d.u.i.k.p.i.AbstractProblemLoader Loading environment from /home/runner/work/key/key/key.core/../key.ui/examples/heap/observer/ExampleSubject_notifyObservers.key.proof 
100422     DEBUG main            d.u.i.k.p.i.AbstractProblemLoader Environment load took 137.1ns 
100423     INFO  main            d.u.i.k.p.i.AbstractProblemLoader Creating init config 
103468     DEBUG main            d.u.i.k.p.i.AbstractProblemLoader Init config took 3.04s 
103529     INFO  main            d.u.i.k.p.i.AbstractProblemLoader Replaying proof Subject[Subject::notifyObservers()].JML normal_behavior operation contract.0 
103535     DEBUG main            d.u.i.k.p.i.IntermediateProofReplayer Proof replay took 3.55ms 
103536     DEBUG main            d.u.i.k.p.r.p.TestFile    ... success: reloaded. 
103537     INFO  main            d.u.i.k.p.r.p.TestFile    Now processing file /home/runner/work/key/key/key.core/../key.ui/examples/heap/observer/ExampleSubject_value_dep.key 
103538     INFO  main            d.u.i.k.p.i.AbstractProblemLoader Loading environment from /home/runner/work/key/key/key.core/../key.ui/examples/heap/observer/ExampleSubject_value_dep.key 
103538     DEBUG main            d.u.i.k.p.i.AbstractProblemLoader Environment load took 244.4ns 
103539     INFO  main            d.u.i.k.p.i.AbstractProblemLoader Creating init config 
106776     DEBUG main            d.u.i.k.p.i.AbstractProblemLoader Init config took 3.24s 
106824     INFO  main            d.u.i.k.p.i.AbstractProblemLoader Replaying proof ExampleSubject[ExampleSubject::value()].JML accessible clause.0 
106826     DEBUG main            d.u.i.k.p.i.IntermediateProofReplayer Proof replay took 7.3ns 
106928     INFO  main            d.u.i.k.p.r.p.TestFile    ... finished proof: closed. 
107182     INFO  main            d.u.i.k.p.i.AbstractProblemLoader Loading environment from /home/runner/work/key/key/key.core/../key.ui/examples/heap/observer/ExampleSubject_value_dep.key.proof 
107182     DEBUG main            d.u.i.k.p.i.AbstractProblemLoader Environment load took 135.8ns 
107183     INFO  main            d.u.i.k.p.i.AbstractProblemLoader Creating init config 
110338     DEBUG main            d.u.i.k.p.i.AbstractProblemLoader Init config took 3.15s 
110396     INFO  main            d.u.i.k.p.i.AbstractProblemLoader Replaying proof ExampleSubject[ExampleSubject::value()].JML accessible clause.0 
110425     DEBUG main            d.u.i.k.p.i.IntermediateProofReplayer Proof replay took 23.65ms 
110426     DEBUG main            d.u.i.k.p.r.p.TestFile    ... success: reloaded. 
110427     INFO  main            d.u.i.k.p.r.p.TestFile    Now processing file /home/runner/work/key/key/key.core/../key.ui/examples/heap/observer/ExampleSubject_value.key 
110427     INFO  main            d.u.i.k.p.i.AbstractProblemLoader Loading environment from /home/runner/work/key/key/key.core/../key.ui/examples/heap/observer/ExampleSubject_value.key 
110427     DEBUG main            d.u.i.k.p.i.AbstractProblemLoader Environment load took 114.8ns 
110428     INFO  main            d.u.i.k.p.i.AbstractProblemLoader Creating init config 
113659     DEBUG main            d.u.i.k.p.i.AbstractProblemLoader Init config took 3.23s 
113728     INFO  main            d.u.i.k.p.i.AbstractProblemLoader Replaying proof ExampleSubject[ExampleSubject::value()].JML normal_behavior operation contract.0 
113730     DEBUG main            d.u.i.k.p.i.IntermediateProofReplayer Proof replay took 7.6ns 
113832     INFO  main            d.u.i.k.p.r.p.TestFile    ... finished proof: closed. 
114095     INFO  main            d.u.i.k.p.i.AbstractProblemLoader Loading environment from /home/runner/work/key/key/key.core/../key.ui/examples/heap/observer/ExampleSubject_value.key.proof 
114095     DEBUG main            d.u.i.k.p.i.AbstractProblemLoader Environment load took 133.9ns 
114096     INFO  main            d.u.i.k.p.i.AbstractProblemLoader Creating init config 
117118     DEBUG main            d.u.i.k.p.i.AbstractProblemLoader Init config took 3.02s 
117189     INFO  main            d.u.i.k.p.i.AbstractProblemLoader Replaying proof ExampleSubject[ExampleSubject::value()].JML normal_behavior operation contract.0 
117205     DEBUG main            d.u.i.k.p.i.IntermediateProofReplayer Proof replay took 13.92ms 
117206     DEBUG main            d.u.i.k.p.r.p.TestFile    ... success: reloaded. 
1749931    INFO  Test worker     d.u.i.k.p.r.RunAllProofsTestUnit Returning from test observer 
1749933    INFO  Test worker     d.u.i.k.p.r.RunAllProofsTestUnit Running test removeDups 
488        INFO  Timeout watchdog d.u.i.k.p.r.p.ForkedTestFileRunner Timeout watcher launched (2000 secs.) 
505        WARN  main            d.u.i.k.s.ProofSettings   The settings in /home/runner/.key/proof-settings.props are *not* read. 
537        INFO  main            d.u.i.k.p.r.p.TestFile    Now processing file /home/runner/work/key/key/key.core/../key.ui/examples/heap/removeDups/arrayPart.key 
662        INFO  main            d.u.i.k.p.i.AbstractProblemLoader Loading environment from /home/runner/work/key/key/key.core/../key.ui/examples/heap/removeDups/arrayPart.key 
682        DEBUG main            d.u.i.k.p.i.AbstractProblemLoader Environment load took 2.8ms 
959        INFO  main            d.u.i.k.p.i.AbstractProblemLoader Creating init config 
2207       DEBUG main            d.u.i.k.j.TypeConverter   No LDT found for Meta 
2207       DEBUG main            d.u.i.k.j.TypeConverter   No LDT found for Meta 
2211       DEBUG main            d.u.i.k.j.TypeConverter   No LDT found for Meta 
2211       DEBUG main            d.u.i.k.j.TypeConverter   No LDT found for Meta 
3793       DEBUG main            d.u.i.k.j.TypeConverter   No LDT found for JavaBigintExpression 
9768       DEBUG main            d.u.i.k.p.i.AbstractProblemLoader Init config took 8.81s 
9958       INFO  main            d.u.i.k.p.i.AbstractProblemLoader Replaying proof RemoveDup[RemoveDup::arrayPart([I,int)].JML normal_behavior operation contract.0 
9999       DEBUG main            d.u.i.k.p.i.IntermediateProofReplayer Proof replay took 61.1ns 
13405      INFO  main            d.u.i.k.p.r.p.TestFile    ... finished proof: closed. 
13577      INFO  main            d.u.i.k.p.i.AbstractProblemLoader Loading environment from /home/runner/work/key/key/key.core/../key.ui/examples/heap/removeDups/arrayPart.key.proof 
13578      DEBUG main            d.u.i.k.p.i.AbstractProblemLoader Environment load took 592.81ns 
13581      INFO  main            d.u.i.k.p.i.AbstractProblemLoader Creating init config 
17100      DEBUG main            d.u.i.k.p.i.AbstractProblemLoader Init config took 3.52s 
17165      INFO  main            d.u.i.k.p.i.AbstractProblemLoader Replaying proof RemoveDup[RemoveDup::arrayPart([I,int)].JML normal_behavior operation contract.0 
17550      DEBUG main            d.u.i.k.p.i.IntermediateProofReplayer Proof replay took 372.36ms 
17558      DEBUG main            d.u.i.k.p.r.p.TestFile    ... success: reloaded. 
17560      INFO  main            d.u.i.k.p.r.p.TestFile    Now processing file /home/runner/work/key/key/key.core/../key.ui/examples/heap/removeDups/contains.key 
17560      INFO  main            d.u.i.k.p.i.AbstractProblemLoader Loading environment from /home/runner/work/key/key/key.core/../key.ui/examples/heap/removeDups/contains.key 
17561      DEBUG main            d.u.i.k.p.i.AbstractProblemLoader Environment load took 309.21ns 
17563      INFO  main            d.u.i.k.p.i.AbstractProblemLoader Creating init config 
20862      DEBUG main            d.u.i.k.p.i.AbstractProblemLoader Init config took 3.3s 
20924      INFO  main            d.u.i.k.p.i.AbstractProblemLoader Replaying proof RemoveDup[RemoveDup::contains([I,int,int)].JML normal_behavior operation contract.0 
20927      DEBUG main            d.u.i.k.p.i.IntermediateProofReplayer Proof replay took 8.1ns 
21532      INFO  main            d.u.i.k.p.r.p.TestFile    ... finished proof: closed. 
21758      INFO  main            d.u.i.k.p.i.AbstractProblemLoader Loading environment from /home/runner/work/key/key/key.core/../key.ui/examples/heap/removeDups/contains.key.proof 
21758      DEBUG main            d.u.i.k.p.i.AbstractProblemLoader Environment load took 511.61ns 
21761      INFO  main            d.u.i.k.p.i.AbstractProblemLoader Creating init config 
24898      DEBUG main            d.u.i.k.p.i.AbstractProblemLoader Init config took 3.14s 
24960      INFO  main            d.u.i.k.p.i.AbstractProblemLoader Replaying proof RemoveDup[RemoveDup::contains([I,int,int)].JML normal_behavior operation contract.0 
25170      DEBUG main            d.u.i.k.p.i.IntermediateProofReplayer Proof replay took 198.17ms 
25171      DEBUG main            d.u.i.k.p.r.p.TestFile    ... success: reloaded. 
25175      INFO  main            d.u.i.k.p.r.p.TestFile    Now processing file /home/runner/work/key/key/key.core/../key.ui/examples/heap/removeDups/removeDup.key 
25175      INFO  main            d.u.i.k.p.i.AbstractProblemLoader Loading environment from /home/runner/work/key/key/key.core/../key.ui/examples/heap/removeDups/removeDup.key 
25176      DEBUG main            d.u.i.k.p.i.AbstractProblemLoader Environment load took 276.7ns 
25178      INFO  main            d.u.i.k.p.i.AbstractProblemLoader Creating init config 
28289      DEBUG main            d.u.i.k.p.i.AbstractProblemLoader Init config took 3.11s 
28366      INFO  main            d.u.i.k.p.i.AbstractProblemLoader Replaying proof RemoveDup[RemoveDup::removeDup([I)].JML normal_behavior operation contract.0 
28371      DEBUG main            d.u.i.k.p.i.IntermediateProofReplayer Proof replay took 8.9ns 
34316      DEBUG Thread-7        d.u.i.k.j.d.VariableSpecification Program match. Variables have different dimension (template #v0 = #vi;, source a#11[] = var;) 
58976      INFO  main            d.u.i.k.p.r.p.TestFile    ... finished proof: closed. 
59264      INFO  main            d.u.i.k.p.i.AbstractProblemLoader Loading environment from /home/runner/work/key/key/key.core/../key.ui/examples/heap/removeDups/removeDup.key.proof 
59264      DEBUG main            d.u.i.k.p.i.AbstractProblemLoader Environment load took 507.21ns 
59280      INFO  main            d.u.i.k.p.i.AbstractProblemLoader Creating init config 
62281      DEBUG main            d.u.i.k.p.i.AbstractProblemLoader Init config took 3s 
62335      INFO  main            d.u.i.k.p.i.AbstractProblemLoader Replaying proof RemoveDup[RemoveDup::removeDup([I)].JML normal_behavior operation contract.0 
64745      DEBUG main            d.u.i.k.p.i.IntermediateProofReplayer Proof replay took 2.34s 
64749      DEBUG main            d.u.i.k.p.r.p.TestFile    ... success: reloaded. 
64751      INFO  main            d.u.i.k.p.r.p.TestFile    Now processing file /home/runner/work/key/key/key.core/../key.ui/examples/heap/saddleback_search/Saddleback_search.key 
64754      INFO  main            d.u.i.k.p.i.AbstractProblemLoader Loading environment from /home/runner/work/key/key/key.core/../key.ui/examples/heap/saddleback_search/Saddleback_search.key 
64754      DEBUG main            d.u.i.k.p.i.AbstractProblemLoader Environment load took 292.11ns 
64756      INFO  main            d.u.i.k.p.i.AbstractProblemLoader Creating init config 
68011      DEBUG main            d.u.i.k.p.i.AbstractProblemLoader Init config took 3.25s 
68059      INFO  main            d.u.i.k.p.i.AbstractProblemLoader Replaying proof Saddleback[Saddleback::search([[I,int)].JML normal_behavior operation contract.0 
68068      DEBUG main            d.u.i.k.p.i.IntermediateProofReplayer Proof replay took 7.6ns 
162078     INFO  main            d.u.i.k.p.r.p.TestFile    ... finished proof: closed. 
162555     INFO  main            d.u.i.k.p.i.AbstractProblemLoader Loading environment from /home/runner/work/key/key/key.core/../key.ui/examples/heap/saddleback_search/Saddleback_search.key.proof 
162556     DEBUG main            d.u.i.k.p.i.AbstractProblemLoader Environment load took 518.81ns 
162570     INFO  main            d.u.i.k.p.i.AbstractProblemLoader Creating init config 
165480     DEBUG main            d.u.i.k.p.i.AbstractProblemLoader Init config took 2.91s 
165524     INFO  main            d.u.i.k.p.i.AbstractProblemLoader Replaying proof Saddleback[Saddleback::search([[I,int)].JML normal_behavior operation contract.0 
168798     DEBUG main            d.u.i.k.p.i.IntermediateProofReplayer Proof replay took 3.07s 
168818     DEBUG main            d.u.i.k.p.r.p.TestFile    ... success: reloaded. 
1918943    INFO  Test worker     d.u.i.k.p.r.RunAllProofsTestUnit Returning from test removeDups 
1918944    INFO  Test worker     d.u.i.k.p.r.RunAllProofsTestUnit Running test quicksort 
397        INFO  Timeout watchdog d.u.i.k.p.r.p.ForkedTestFileRunner Timeout watcher launched (2000 secs.) 
412        WARN  main            d.u.i.k.s.ProofSettings   The settings in /home/runner/.key/proof-settings.props are *not* read. 
446        INFO  main            d.u.i.k.p.r.p.TestFile    Now processing file /home/runner/work/key/key/key.core/../key.ui/examples/heap/quicksort/toplevel.key 
578        INFO  main            d.u.i.k.p.i.AbstractProblemLoader Loading environment from /home/runner/work/key/key/key.core/../key.ui/examples/heap/quicksort/toplevel.key 
597        DEBUG main            d.u.i.k.p.i.AbstractProblemLoader Environment load took 2.62ms 
902        INFO  main            d.u.i.k.p.i.AbstractProblemLoader Creating init config 
2001       DEBUG main            d.u.i.k.j.TypeConverter   No LDT found for Meta 
2001       DEBUG main            d.u.i.k.j.TypeConverter   No LDT found for Meta 
2003       DEBUG main            d.u.i.k.j.TypeConverter   No LDT found for Meta 
2003       DEBUG main            d.u.i.k.j.TypeConverter   No LDT found for Meta 
3593       DEBUG main            d.u.i.k.j.TypeConverter   No LDT found for JavaBigintExpression 
10221      DEBUG main            d.u.i.k.p.i.AbstractProblemLoader Init config took 9.32s 
10364      INFO  main            d.u.i.k.p.i.AbstractProblemLoader Replaying proof Quicksort[Quicksort::sort([I)].JML normal_behavior operation contract.0 
10402      DEBUG main            d.u.i.k.p.i.IntermediateProofReplayer Proof replay took 37.3ns 
12057      INFO  main            d.u.i.k.p.r.p.TestFile    ... finished proof: closed. 
12212      INFO  main            d.u.i.k.p.i.AbstractProblemLoader Loading environment from /home/runner/work/key/key/key.core/../key.ui/examples/heap/quicksort/toplevel.key.proof 
12214      DEBUG main            d.u.i.k.p.i.AbstractProblemLoader Environment load took 2.04ms 
12217      INFO  main            d.u.i.k.p.i.AbstractProblemLoader Creating init config 
15717      DEBUG main            d.u.i.k.p.i.AbstractProblemLoader Init config took 3.5s 
15791      INFO  main            d.u.i.k.p.i.AbstractProblemLoader Replaying proof Quicksort[Quicksort::sort([I)].JML normal_behavior operation contract.0 
15999      DEBUG main            d.u.i.k.p.i.IntermediateProofReplayer Proof replay took 198.86ms 
16007      DEBUG main            d.u.i.k.p.r.p.TestFile    ... success: reloaded. 
16011      INFO  main            d.u.i.k.p.r.p.TestFile    Now processing file /home/runner/work/key/key/key.core/../key.ui/examples/heap/quicksort/sort.key 
16012      INFO  main            d.u.i.k.p.i.AbstractProblemLoader Loading environment from /home/runner/work/key/key/key.core/../key.ui/examples/heap/quicksort/sort.key 
16012      DEBUG main            d.u.i.k.p.i.AbstractProblemLoader Environment load took 305.01ns 
16014      INFO  main            d.u.i.k.p.i.AbstractProblemLoader Creating init config 
19531      DEBUG main            d.u.i.k.p.i.AbstractProblemLoader Init config took 3.52s 
19601      INFO  main            d.u.i.k.p.i.AbstractProblemLoader Replaying proof Quicksort[Quicksort::sort([I,int,int)].JML normal_behavior operation contract.0 
19611      DEBUG main            d.u.i.k.p.i.IntermediateProofReplayer Proof replay took 9.4ns 
19660      DEBUG main            d.u.i.k.m.s.ProofScriptEngine 1: 'script 'sort.script'' 
19670      INFO  main            d.u.i.k.m.s.ProofScriptCommand Included script /home/runner/work/key/key/key.core/../key.ui/examples/heap/quicksort/sort.script 
19671      DEBUG main            d.u.i.k.m.s.ProofScriptEngine 1: 'macro autopilot-prep' 
20963      DEBUG main            d.u.i.k.m.s.ProofScriptEngine 2: 'select formula="{heapAtPre:=heap || exc:=null || heap:=heapAfter_sort_0}
   seq ...' 
20970      DEBUG main            d.u.i.k.m.s.ProofScriptEngine 3: 'macro simp-upd' 
20982      DEBUG main            d.u.i.k.m.s.ProofScriptEngine 4: 'let   @seqPre="seqDef{int u;}(0, array.length, array[u])"
    @seqSplit="seqDef ...' 
20986      DEBUG main            d.u.i.k.m.s.ProofScriptEngine 5: 'rule seqPermSym 
  formula="seqPerm(@seqSplit, @seqPre)"' 
21005      DEBUG main            d.u.i.k.m.s.ProofScriptEngine 6: 'rule seqPermSym
  formula="seqPerm(@seqSort, @seqSplit)"' 
21008      DEBUG main            d.u.i.k.m.s.ProofScriptEngine 7: 'rule seqPermSym
  formula="seqPerm(@seqSort0, @seqSort)"' 
21010      DEBUG main            d.u.i.k.m.s.ProofScriptEngine 8: 'rule seqPermTrans
  formula="seqPerm(@seqPre, @seqSplit)"' 
21011      DEBUG main            d.u.i.k.m.s.ProofScriptEngine 9: 'rule seqPermTrans
  formula="seqPerm(@seqPre, @seqSort)"' 
21013      DEBUG main            d.u.i.k.m.s.ProofScriptEngine 10: 'rule seqPermSym
  formula="seqPerm(@seqPre, @seqSort0)"' 
21014      DEBUG main            d.u.i.k.m.s.ProofScriptEngine 11: 'tryclose' 
50429      INFO  main            d.u.i.k.p.r.p.TestFile    ... finished proof: closed. 
50790      INFO  main            d.u.i.k.p.i.AbstractProblemLoader Loading environment from /home/runner/work/key/key/key.core/../key.ui/examples/heap/quicksort/sort.key.proof 
50790      DEBUG main            d.u.i.k.p.i.AbstractProblemLoader Environment load took 163.3ns 
50798      INFO  main            d.u.i.k.p.i.AbstractProblemLoader Creating init config 
54035      DEBUG main            d.u.i.k.p.i.AbstractProblemLoader Init config took 3.24s 
54091      INFO  main            d.u.i.k.p.i.AbstractProblemLoader Replaying proof Quicksort[Quicksort::sort([I,int,int)].JML normal_behavior operation contract.0 
56582      DEBUG main            d.u.i.k.p.i.IntermediateProofReplayer Proof replay took 2.38s 
56589      DEBUG main            d.u.i.k.p.r.p.TestFile    ... success: reloaded. 
56591      INFO  main            d.u.i.k.p.r.p.TestFile    Now processing file /home/runner/work/key/key/key.core/../key.ui/examples/heap/quicksort/split.key 
56592      INFO  main            d.u.i.k.p.i.AbstractProblemLoader Loading environment from /home/runner/work/key/key/key.core/../key.ui/examples/heap/quicksort/split.key 
56592      DEBUG main            d.u.i.k.p.i.AbstractProblemLoader Environment load took 307.31ns 
56594      INFO  main            d.u.i.k.p.i.AbstractProblemLoader Creating init config 
59949      DEBUG main            d.u.i.k.p.i.AbstractProblemLoader Init config took 3.36s 
60008      INFO  main            d.u.i.k.p.i.AbstractProblemLoader Replaying proof Quicksort[Quicksort::split([I,int,int)].JML normal_behavior operation contract.0 
60015      DEBUG main            d.u.i.k.p.i.IntermediateProofReplayer Proof replay took 7.3ns 
60016      DEBUG main            d.u.i.k.m.s.ProofScriptEngine 1: 'macro autopilot-prep' 
61513      DEBUG main            d.u.i.k.m.s.ProofScriptEngine 2: 'tryclose' 
103242     DEBUG main            d.u.i.k.m.s.ProofScriptEngine 3: 'macro simp-upd' 
103366     DEBUG main            d.u.i.k.m.s.ProofScriptEngine 4: 'rule seqPermFromSwap' 
103382     DEBUG main            d.u.i.k.m.s.ProofScriptEngine 5: 'rule andRight' 
103385     DEBUG main            d.u.i.k.m.s.ProofScriptEngine 6: 'auto' 
103416     DEBUG main            d.u.i.k.m.s.ProofScriptEngine 7: 'instantiate hide var=iv with=i_0' 
103421     DEBUG main            d.u.i.k.m.s.ProofScriptEngine 8: 'instantiate hide var=jv with=j_0' 
103423     DEBUG main            d.u.i.k.m.s.ProofScriptEngine 9: 'auto' 
110779     DEBUG main            d.u.i.k.m.s.ProofScriptEngine 10: 'macro simp-upd' 
110919     DEBUG main            d.u.i.k.m.s.ProofScriptEngine 11: 'rule seqPermFromSwap' 
110924     DEBUG main            d.u.i.k.m.s.ProofScriptEngine 12: 'rule andRight' 
110926     DEBUG main            d.u.i.k.m.s.ProofScriptEngine 13: 'auto' 
110944     DEBUG main            d.u.i.k.m.s.ProofScriptEngine 14: 'instantiate hide var=iv with=i_0' 
110948     DEBUG main            d.u.i.k.m.s.ProofScriptEngine 15: 'instantiate hide var=jv with=to' 
110950     DEBUG main            d.u.i.k.m.s.ProofScriptEngine 16: 'auto' 
116897     INFO  main            d.u.i.k.p.r.p.TestFile    ... finished proof: closed. 
117361     INFO  main            d.u.i.k.p.i.AbstractProblemLoader Loading environment from /home/runner/work/key/key/key.core/../key.ui/examples/heap/quicksort/split.key.proof 
117361     DEBUG main            d.u.i.k.p.i.AbstractProblemLoader Environment load took 515.81ns 
117375     INFO  main            d.u.i.k.p.i.AbstractProblemLoader Creating init config 
120525     DEBUG main            d.u.i.k.p.i.AbstractProblemLoader Init config took 3.15s 
120579     INFO  main            d.u.i.k.p.i.AbstractProblemLoader Replaying proof Quicksort[Quicksort::split([I,int,int)].JML normal_behavior operation contract.0 
124892     DEBUG main            d.u.i.k.p.i.IntermediateProofReplayer Proof replay took 4.09s 
124905     DEBUG main            d.u.i.k.p.r.p.TestFile    ... success: reloaded. 
2044074    INFO  Test worker     d.u.i.k.p.r.RunAllProofsTestUnit Returning from test quicksort 
2044076    INFO  Test worker     d.u.i.k.p.r.RunAllProofsTestUnit Running test simpleTests 
412        INFO  Timeout watchdog d.u.i.k.p.r.p.ForkedTestFileRunner Timeout watcher launched (2000 secs.) 
423        WARN  main            d.u.i.k.s.ProofSettings   The settings in /home/runner/.key/proof-settings.props are *not* read. 
480        INFO  main            d.u.i.k.p.r.p.TestFile    Now processing file /home/runner/work/key/key/key.core/../key.ui/examples/heap/simple/anonymise_datagroup.key 
634        INFO  main            d.u.i.k.p.i.AbstractProblemLoader Loading environment from /home/runner/work/key/key/key.core/../key.ui/examples/heap/simple/anonymise_datagroup.key 
658        DEBUG main            d.u.i.k.p.i.AbstractProblemLoader Environment load took 2.04ms 
963        INFO  main            d.u.i.k.p.i.AbstractProblemLoader Creating init config 
1946       DEBUG main            d.u.i.k.j.TypeConverter   No LDT found for Meta 
1946       DEBUG main            d.u.i.k.j.TypeConverter   No LDT found for Meta 
1947       DEBUG main            d.u.i.k.j.TypeConverter   No LDT found for Meta 
1948       DEBUG main            d.u.i.k.j.TypeConverter   No LDT found for Meta 
3747       DEBUG main            d.u.i.k.j.TypeConverter   No LDT found for JavaBigintExpression 
9738       DEBUG main            d.u.i.k.p.i.AbstractProblemLoader Init config took 8.77s 
9804       INFO  main            d.u.i.k.p.i.AbstractProblemLoader Replaying proof anonymise_datagroup.key 
9841       DEBUG main            d.u.i.k.p.i.IntermediateProofReplayer Proof replay took 42.3ns 
10131      INFO  main            d.u.i.k.p.r.p.TestFile    ... finished proof: closed. 
10251      INFO  main            d.u.i.k.p.i.AbstractProblemLoader Loading environment from /home/runner/work/key/key/key.core/../key.ui/examples/heap/simple/anonymise_datagroup.key.proof 
10252      DEBUG main            d.u.i.k.p.i.AbstractProblemLoader Environment load took 1.34ms 
10257      INFO  main            d.u.i.k.p.i.AbstractProblemLoader Creating init config 
13417      DEBUG main            d.u.i.k.p.i.AbstractProblemLoader Init config took 3.16s 
13466      INFO  main            d.u.i.k.p.i.AbstractProblemLoader Replaying proof anonymise_datagroup.key.proof 
13481      DEBUG main            d.u.i.k.p.i.IntermediateProofReplayer Proof replay took 10.34ms 
13497      DEBUG main            d.u.i.k.p.r.p.TestFile    ... success: reloaded. 
13499      INFO  main            d.u.i.k.p.r.p.TestFile    Now processing file /home/runner/work/key/key/key.core/../key.ui/examples/heap/simple/array_creation.key 
13500      INFO  main            d.u.i.k.p.i.AbstractProblemLoader Loading environment from /home/runner/work/key/key/key.core/../key.ui/examples/heap/simple/array_creation.key 
13500      DEBUG main            d.u.i.k.p.i.AbstractProblemLoader Environment load took 149.8ns 
13503      INFO  main            d.u.i.k.p.i.AbstractProblemLoader Creating init config 
16673      DEBUG main            d.u.i.k.p.i.AbstractProblemLoader Init config took 3.17s 
16709      INFO  main            d.u.i.k.p.i.AbstractProblemLoader Replaying proof array_creation.key 
16713      DEBUG main            d.u.i.k.p.i.IntermediateProofReplayer Proof replay took 7.1ns 
17644      INFO  main            d.u.i.k.p.r.p.TestFile    ... finished proof: closed. 
17818      INFO  main            d.u.i.k.p.i.AbstractProblemLoader Loading environment from /home/runner/work/key/key/key.core/../key.ui/examples/heap/simple/array_creation.key.proof 
17818      DEBUG main            d.u.i.k.p.i.AbstractProblemLoader Environment load took 525.21ns 
17820      INFO  main            d.u.i.k.p.i.AbstractProblemLoader Creating init config 
20845      DEBUG main            d.u.i.k.p.i.AbstractProblemLoader Init config took 3.02s 
20880      INFO  main            d.u.i.k.p.i.AbstractProblemLoader Replaying proof array_creation.key.proof 
21068      DEBUG main            d.u.i.k.p.i.IntermediateProofReplayer Proof replay took 180.48ms 
21070      DEBUG main            d.u.i.k.p.r.p.TestFile    ... success: reloaded. 
21071      INFO  main            d.u.i.k.p.r.p.TestFile    Now processing file /home/runner/work/key/key/key.core/../key.ui/examples/heap/simple/arrays_with_disjoint_sorts.key 
21072      INFO  main            d.u.i.k.p.i.AbstractProblemLoader Loading environment from /home/runner/work/key/key/key.core/../key.ui/examples/heap/simple/arrays_with_disjoint_sorts.key 
21072      DEBUG main            d.u.i.k.p.i.AbstractProblemLoader Environment load took 311.11ns 
21074      INFO  main            d.u.i.k.p.i.AbstractProblemLoader Creating init config 
24078      DEBUG main            d.u.i.k.p.i.AbstractProblemLoader Init config took 3s 
24110      INFO  main            d.u.i.k.p.i.AbstractProblemLoader Replaying proof arrays_with_disjoint_sorts.key 
24115      DEBUG main            d.u.i.k.p.i.IntermediateProofReplayer Proof replay took 7.9ns 
24323      INFO  main            d.u.i.k.p.r.p.TestFile    ... finished proof: closed. 
24497      INFO  main            d.u.i.k.p.i.AbstractProblemLoader Loading environment from /home/runner/work/key/key/key.core/../key.ui/examples/heap/simple/arrays_with_disjoint_sorts.key.proof 
24500      DEBUG main            d.u.i.k.p.i.AbstractProblemLoader Environment load took 2.65ms 
24506      INFO  main            d.u.i.k.p.i.AbstractProblemLoader Creating init config 
27402      DEBUG main            d.u.i.k.p.i.AbstractProblemLoader Init config took 2.9s 
27442      INFO  main            d.u.i.k.p.i.AbstractProblemLoader Replaying proof arrays_with_disjoint_sorts.key.proof 
27482      DEBUG main            d.u.i.k.p.i.IntermediateProofReplayer Proof replay took 32.57ms 
27483      DEBUG main            d.u.i.k.p.r.p.TestFile    ... success: reloaded. 
27484      INFO  main            d.u.i.k.p.r.p.TestFile    Now processing file /home/runner/work/key/key/key.core/../key.ui/examples/heap/simple/arrays.key 
27485      INFO  main            d.u.i.k.p.i.AbstractProblemLoader Loading environment from /home/runner/work/key/key/key.core/../key.ui/examples/heap/simple/arrays.key 
27485      DEBUG main            d.u.i.k.p.i.AbstractProblemLoader Environment load took 245.81ns 
27487      INFO  main            d.u.i.k.p.i.AbstractProblemLoader Creating init config 
30513      DEBUG main            d.u.i.k.p.i.AbstractProblemLoader Init config took 3.03s 
30540      INFO  main            d.u.i.k.p.i.AbstractProblemLoader Replaying proof arrays.key 
30544      DEBUG main            d.u.i.k.p.i.IntermediateProofReplayer Proof replay took 7.5ns 
30748      INFO  main            d.u.i.k.p.r.p.TestFile    ... finished proof: closed. 
30941      INFO  main            d.u.i.k.p.i.AbstractProblemLoader Loading environment from /home/runner/work/key/key/key.core/../key.ui/examples/heap/simple/arrays.key.proof 
30942      DEBUG main            d.u.i.k.p.i.AbstractProblemLoader Environment load took 517.31ns 
30943      INFO  main            d.u.i.k.p.i.AbstractProblemLoader Creating init config 
33929      DEBUG main            d.u.i.k.p.i.AbstractProblemLoader Init config took 2.99s 
33955      INFO  main            d.u.i.k.p.i.AbstractProblemLoader Replaying proof arrays.key.proof 
33981      DEBUG main            d.u.i.k.p.i.IntermediateProofReplayer Proof replay took 22.71ms 
33983      DEBUG main            d.u.i.k.p.r.p.TestFile    ... success: reloaded. 
33984      INFO  main            d.u.i.k.p.r.p.TestFile    Now processing file /home/runner/work/key/key/key.core/../key.ui/examples/heap/simple/attributes.key 
33985      INFO  main            d.u.i.k.p.i.AbstractProblemLoader Loading environment from /home/runner/work/key/key/key.core/../key.ui/examples/heap/simple/attributes.key 
33985      DEBUG main            d.u.i.k.p.i.AbstractProblemLoader Environment load took 261.51ns 
33987      INFO  main            d.u.i.k.p.i.AbstractProblemLoader Creating init config 
37047      DEBUG main            d.u.i.k.p.i.AbstractProblemLoader Init config took 3.06s 
37072      INFO  main            d.u.i.k.p.i.AbstractProblemLoader Replaying proof attributes.key 
37074      DEBUG main            d.u.i.k.p.i.IntermediateProofReplayer Proof replay took 7.2ns 
37182      INFO  main            d.u.i.k.p.r.p.TestFile    ... finished proof: closed. 
37386      INFO  main            d.u.i.k.p.i.AbstractProblemLoader Loading environment from /home/runner/work/key/key/key.core/../key.ui/examples/heap/simple/attributes.key.proof 
37386      DEBUG main            d.u.i.k.p.i.AbstractProblemLoader Environment load took 144.7ns 
37387      INFO  main            d.u.i.k.p.i.AbstractProblemLoader Creating init config 
40441      DEBUG main            d.u.i.k.p.i.AbstractProblemLoader Init config took 3.05s 
40465      INFO  main            d.u.i.k.p.i.AbstractProblemLoader Replaying proof attributes.key.proof 
40469      DEBUG main            d.u.i.k.p.i.IntermediateProofReplayer Proof replay took 2.29ms 
40471      DEBUG main            d.u.i.k.p.r.p.TestFile    ... success: reloaded. 
40472      INFO  main            d.u.i.k.p.r.p.TestFile    Now processing file /home/runner/work/key/key/key.core/../key.ui/examples/heap/simple/constructor_contracts.key 
40472      INFO  main            d.u.i.k.p.i.AbstractProblemLoader Loading environment from /home/runner/work/key/key/key.core/../key.ui/examples/heap/simple/constructor_contracts.key 
40473      DEBUG main            d.u.i.k.p.i.AbstractProblemLoader Environment load took 1.15ms 
40476      INFO  main            d.u.i.k.p.i.AbstractProblemLoader Creating init config 
44027      DEBUG main            d.u.i.k.p.i.AbstractProblemLoader Init config took 3.55s 
44058      INFO  main            d.u.i.k.p.i.AbstractProblemLoader Replaying proof constructor_contracts.key 
44061      DEBUG main            d.u.i.k.p.i.IntermediateProofReplayer Proof replay took 8ns 
44771      INFO  main            d.u.i.k.p.r.p.TestFile    ... finished proof: closed. 
44984      INFO  main            d.u.i.k.p.i.AbstractProblemLoader Loading environment from /home/runner/work/key/key/key.core/../key.ui/examples/heap/simple/constructor_contracts.key.proof 
44984      DEBUG main            d.u.i.k.p.i.AbstractProblemLoader Environment load took 177.7ns 
44986      INFO  main            d.u.i.k.p.i.AbstractProblemLoader Creating init config 
48265      DEBUG main            d.u.i.k.p.i.AbstractProblemLoader Init config took 3.28s 
48293      INFO  main            d.u.i.k.p.i.AbstractProblemLoader Replaying proof constructor_contracts.key.proof 
48431      DEBUG main            d.u.i.k.p.i.IntermediateProofReplayer Proof replay took 132.11ms 
48433      DEBUG main            d.u.i.k.p.r.p.TestFile    ... success: reloaded. 
48435      INFO  main            d.u.i.k.p.r.p.TestFile    Now processing file /home/runner/work/key/key/key.core/../key.ui/examples/heap/simple/dependencies.key 
48436      INFO  main            d.u.i.k.p.i.AbstractProblemLoader Loading environment from /home/runner/work/key/key/key.core/../key.ui/examples/heap/simple/dependencies.key 
48436      DEBUG main            d.u.i.k.p.i.AbstractProblemLoader Environment load took 274.81ns 
48438      INFO  main            d.u.i.k.p.i.AbstractProblemLoader Creating init config 
51440      DEBUG main            d.u.i.k.p.i.AbstractProblemLoader Init config took 3s 
51465      INFO  main            d.u.i.k.p.i.AbstractProblemLoader Replaying proof dependencies.key 
51466      DEBUG main            d.u.i.k.p.i.IntermediateProofReplayer Proof replay took 7.6ns 
51569      INFO  main            d.u.i.k.p.r.p.TestFile    ... finished proof: closed. 
51786      INFO  main            d.u.i.k.p.i.AbstractProblemLoader Loading environment from /home/runner/work/key/key/key.core/../key.ui/examples/heap/simple/dependencies.key.proof 
51786      DEBUG main            d.u.i.k.p.i.AbstractProblemLoader Environment load took 140.4ns 
51787      INFO  main            d.u.i.k.p.i.AbstractProblemLoader Creating init config 
54708      DEBUG main            d.u.i.k.p.i.AbstractProblemLoader Init config took 2.92s 
54731      INFO  main            d.u.i.k.p.i.AbstractProblemLoader Replaying proof dependencies.key.proof 
54744      DEBUG main            d.u.i.k.p.i.IntermediateProofReplayer Proof replay took 10.11ms 
54745      DEBUG main            d.u.i.k.p.r.p.TestFile    ... success: reloaded. 
54746      INFO  main            d.u.i.k.p.r.p.TestFile    Now processing file /home/runner/work/key/key/key.core/../key.ui/examples/heap/simple/dependency_contracts.key 
54746      INFO  main            d.u.i.k.p.i.AbstractProblemLoader Loading environment from /home/runner/work/key/key/key.core/../key.ui/examples/heap/simple/dependency_contracts.key 
54747      DEBUG main            d.u.i.k.p.i.AbstractProblemLoader Environment load took 249.81ns 
54749      INFO  main            d.u.i.k.p.i.AbstractProblemLoader Creating init config 
58068      DEBUG main            d.u.i.k.p.i.AbstractProblemLoader Init config took 3.32s 
58096      INFO  main            d.u.i.k.p.i.AbstractProblemLoader Replaying proof dependency_contracts.key 
58098      DEBUG main            d.u.i.k.p.i.IntermediateProofReplayer Proof replay took 7.4ns 
59733      INFO  main            d.u.i.k.p.r.p.TestFile    ... finished proof: closed. 
59961      INFO  main            d.u.i.k.p.i.AbstractProblemLoader Loading environment from /home/runner/work/key/key/key.core/../key.ui/examples/heap/simple/dependency_contracts.key.proof 
59961      DEBUG main            d.u.i.k.p.i.AbstractProblemLoader Environment load took 151.8ns 
59963      INFO  main            d.u.i.k.p.i.AbstractProblemLoader Creating init config 
63246      DEBUG main            d.u.i.k.p.i.AbstractProblemLoader Init config took 3.28s 
63272      INFO  main            d.u.i.k.p.i.AbstractProblemLoader Replaying proof dependency_contracts.key.proof 
63512      DEBUG main            d.u.i.k.p.i.IntermediateProofReplayer Proof replay took 229.88ms 
63514      DEBUG main            d.u.i.k.p.r.p.TestFile    ... success: reloaded. 
63516      INFO  main            d.u.i.k.p.r.p.TestFile    Now processing file /home/runner/work/key/key/key.core/../key.ui/examples/heap/simple/invariant_preservation.key 
63516      INFO  main            d.u.i.k.p.i.AbstractProblemLoader Loading environment from /home/runner/work/key/key/key.core/../key.ui/examples/heap/simple/invariant_preservation.key 
63517      DEBUG main            d.u.i.k.p.i.AbstractProblemLoader Environment load took 256.41ns 
63519      INFO  main            d.u.i.k.p.i.AbstractProblemLoader Creating init config 
66793      DEBUG main            d.u.i.k.p.i.AbstractProblemLoader Init config took 3.27s 
66817      INFO  main            d.u.i.k.p.i.AbstractProblemLoader Replaying proof invariant_preservation.key 
66819      DEBUG main            d.u.i.k.p.i.IntermediateProofReplayer Proof replay took 7.8ns 
67027      INFO  main            d.u.i.k.p.r.p.TestFile    ... finished proof: closed. 
67278      INFO  main            d.u.i.k.p.i.AbstractProblemLoader Loading environment from /home/runner/work/key/key/key.core/../key.ui/examples/heap/simple/invariant_preservation.key.proof 
67278      DEBUG main            d.u.i.k.p.i.AbstractProblemLoader Environment load took 211.5ns 
67280      INFO  main            d.u.i.k.p.i.AbstractProblemLoader Creating init config 
70512      DEBUG main            d.u.i.k.p.i.AbstractProblemLoader Init config took 3.23s 
70533      INFO  main            d.u.i.k.p.i.AbstractProblemLoader Replaying proof invariant_preservation.key.proof 
70572      DEBUG main            d.u.i.k.p.i.IntermediateProofReplayer Proof replay took 35.39ms 
70574      DEBUG main            d.u.i.k.p.r.p.TestFile    ... success: reloaded. 
70576      INFO  main            d.u.i.k.p.r.p.TestFile    Now processing file /home/runner/work/key/key/key.core/../key.ui/examples/heap/simple/locsets.key 
70576      INFO  main            d.u.i.k.p.i.AbstractProblemLoader Loading environment from /home/runner/work/key/key/key.core/../key.ui/examples/heap/simple/locsets.key 
70576      DEBUG main            d.u.i.k.p.i.AbstractProblemLoader Environment load took 269.71ns 
70578      INFO  main            d.u.i.k.p.i.AbstractProblemLoader Creating init config 
73447      DEBUG main            d.u.i.k.p.i.AbstractProblemLoader Init config took 2.87s 
73466      INFO  main            d.u.i.k.p.i.AbstractProblemLoader Replaying proof locsets.key 
73468      DEBUG main            d.u.i.k.p.i.IntermediateProofReplayer Proof replay took 8.8ns 
73574      INFO  main            d.u.i.k.p.r.p.TestFile    ... finished proof: closed. 
73827      INFO  main            d.u.i.k.p.i.AbstractProblemLoader Loading environment from /home/runner/work/key/key/key.core/../key.ui/examples/heap/simple/locsets.key.proof 
73827      DEBUG main            d.u.i.k.p.i.AbstractProblemLoader Environment load took 128.9ns 
73829      INFO  main            d.u.i.k.p.i.AbstractProblemLoader Creating init config 
76648      DEBUG main            d.u.i.k.p.i.AbstractProblemLoader Init config took 2.82s 
76689      INFO  main            d.u.i.k.p.i.AbstractProblemLoader Replaying proof locsets.key.proof 
76694      DEBUG main            d.u.i.k.p.i.IntermediateProofReplayer Proof replay took 2.03ms 
76695      DEBUG main            d.u.i.k.p.r.p.TestFile    ... success: reloaded. 
76696      INFO  main            d.u.i.k.p.r.p.TestFile    Now processing file /home/runner/work/key/key/key.core/../key.ui/examples/heap/simple/loop1.key 
76696      INFO  main            d.u.i.k.p.i.AbstractProblemLoader Loading environment from /home/runner/work/key/key/key.core/../key.ui/examples/heap/simple/loop1.key 
76696      DEBUG main            d.u.i.k.p.i.AbstractProblemLoader Environment load took 111.7ns 
76698      INFO  main            d.u.i.k.p.i.AbstractProblemLoader Creating init config 
79831      DEBUG main            d.u.i.k.p.i.AbstractProblemLoader Init config took 3.13s 
79851      INFO  main            d.u.i.k.p.i.AbstractProblemLoader Replaying proof loop1.key 
79853      DEBUG main            d.u.i.k.p.i.IntermediateProofReplayer Proof replay took 7.9ns 
80168      INFO  main            d.u.i.k.p.r.p.TestFile    ... finished proof: closed. 
80381      INFO  main            d.u.i.k.p.i.AbstractProblemLoader Loading environment from /home/runner/work/key/key/key.core/../key.ui/examples/heap/simple/loop1.key.proof 
80382      DEBUG main            d.u.i.k.p.i.AbstractProblemLoader Environment load took 577.41ns 
80384      INFO  main            d.u.i.k.p.i.AbstractProblemLoader Creating init config 
83454      DEBUG main            d.u.i.k.p.i.AbstractProblemLoader Init config took 3.07s 
83475      INFO  main            d.u.i.k.p.i.AbstractProblemLoader Replaying proof loop1.key.proof 
83564      DEBUG main            d.u.i.k.p.i.IntermediateProofReplayer Proof replay took 81.32ms 
83566      DEBUG main            d.u.i.k.p.r.p.TestFile    ... success: reloaded. 
83567      INFO  main            d.u.i.k.p.r.p.TestFile    Now processing file /home/runner/work/key/key/key.core/../key.ui/examples/heap/simple/loop2.key 
83567      INFO  main            d.u.i.k.p.i.AbstractProblemLoader Loading environment from /home/runner/work/key/key/key.core/../key.ui/examples/heap/simple/loop2.key 
83567      DEBUG main            d.u.i.k.p.i.AbstractProblemLoader Environment load took 112.6ns 
83569      INFO  main            d.u.i.k.p.i.AbstractProblemLoader Creating init config 
86824      DEBUG main            d.u.i.k.p.i.AbstractProblemLoader Init config took 3.26s 
86845      INFO  main            d.u.i.k.p.i.AbstractProblemLoader Replaying proof loop2.key 
86848      DEBUG main            d.u.i.k.p.i.IntermediateProofReplayer Proof replay took 8.6ns 
87555      INFO  main            d.u.i.k.p.r.p.TestFile    ... finished proof: closed. 
87824      INFO  main            d.u.i.k.p.i.AbstractProblemLoader Loading environment from /home/runner/work/key/key/key.core/../key.ui/examples/heap/simple/loop2.key.proof 
87825      DEBUG main            d.u.i.k.p.i.AbstractProblemLoader Environment load took 505.41ns 
87827      INFO  main            d.u.i.k.p.i.AbstractProblemLoader Creating init config 
90994      DEBUG main            d.u.i.k.p.i.AbstractProblemLoader Init config took 3.17s 
91017      INFO  main            d.u.i.k.p.i.AbstractProblemLoader Replaying proof loop2.key.proof 
91167      DEBUG main            d.u.i.k.p.i.IntermediateProofReplayer Proof replay took 145.5ms 
91169      DEBUG main            d.u.i.k.p.r.p.TestFile    ... success: reloaded. 
91171      INFO  main            d.u.i.k.p.r.p.TestFile    Now processing file /home/runner/work/key/key/key.core/../key.ui/examples/heap/simple/modifies_datagroup.key 
91171      INFO  main            d.u.i.k.p.i.AbstractProblemLoader Loading environment from /home/runner/work/key/key/key.core/../key.ui/examples/heap/simple/modifies_datagroup.key 
91171      DEBUG main            d.u.i.k.p.i.AbstractProblemLoader Environment load took 239.5ns 
91173      INFO  main            d.u.i.k.p.i.AbstractProblemLoader Creating init config 
94142      DEBUG main            d.u.i.k.p.i.AbstractProblemLoader Init config took 2.97s 
94162      INFO  main            d.u.i.k.p.i.AbstractProblemLoader Replaying proof modifies_datagroup.key 
94164      DEBUG main            d.u.i.k.p.i.IntermediateProofReplayer Proof replay took 8.3ns 
94269      INFO  main            d.u.i.k.p.r.p.TestFile    ... finished proof: closed. 
94540      INFO  main            d.u.i.k.p.i.AbstractProblemLoader Loading environment from /home/runner/work/key/key/key.core/../key.ui/examples/heap/simple/modifies_datagroup.key.proof 
94540      DEBUG main            d.u.i.k.p.i.AbstractProblemLoader Environment load took 135ns 
94542      INFO  main            d.u.i.k.p.i.AbstractProblemLoader Creating init config 
97402      DEBUG main            d.u.i.k.p.i.AbstractProblemLoader Init config took 2.86s 
97422      INFO  main            d.u.i.k.p.i.AbstractProblemLoader Replaying proof modifies_datagroup.key.proof 
97427      DEBUG main            d.u.i.k.p.i.IntermediateProofReplayer Proof replay took 4.04ms 
97432      DEBUG main            d.u.i.k.p.r.p.TestFile    ... success: reloaded. 
97433      INFO  main            d.u.i.k.p.r.p.TestFile    Now processing file /home/runner/work/key/key/key.core/../key.ui/examples/heap/simple/modifies.key 
97434      INFO  main            d.u.i.k.p.i.AbstractProblemLoader Loading environment from /home/runner/work/key/key/key.core/../key.ui/examples/heap/simple/modifies.key 
97434      DEBUG main            d.u.i.k.p.i.AbstractProblemLoader Environment load took 193.91ns 
97436      INFO  main            d.u.i.k.p.i.AbstractProblemLoader Creating init config 
100355     DEBUG main            d.u.i.k.p.i.AbstractProblemLoader Init config took 2.92s 
100374     INFO  main            d.u.i.k.p.i.AbstractProblemLoader Replaying proof modifies.key 
100376     DEBUG main            d.u.i.k.p.i.IntermediateProofReplayer Proof replay took 7.3ns 
100479     INFO  main            d.u.i.k.p.r.p.TestFile    ... finished proof: closed. 
100736     INFO  main            d.u.i.k.p.i.AbstractProblemLoader Loading environment from /home/runner/work/key/key/key.core/../key.ui/examples/heap/simple/modifies.key.proof 
100740     DEBUG main            d.u.i.k.p.i.AbstractProblemLoader Environment load took 4.13ms 
100742     INFO  main            d.u.i.k.p.i.AbstractProblemLoader Creating init config 
103575     DEBUG main            d.u.i.k.p.i.AbstractProblemLoader Init config took 2.83s 
103593     INFO  main            d.u.i.k.p.i.AbstractProblemLoader Replaying proof modifies.key.proof 
103609     DEBUG main            d.u.i.k.p.i.IntermediateProofReplayer Proof replay took 14.15ms 
103611     DEBUG main            d.u.i.k.p.r.p.TestFile    ... success: reloaded. 
103612     INFO  main            d.u.i.k.p.r.p.TestFile    Now processing file /home/runner/work/key/key/key.core/../key.ui/examples/heap/simple/object_creation.key 
103612     INFO  main            d.u.i.k.p.i.AbstractProblemLoader Loading environment from /home/runner/work/key/key/key.core/../key.ui/examples/heap/simple/object_creation.key 
103612     DEBUG main            d.u.i.k.p.i.AbstractProblemLoader Environment load took 107.7ns 
103614     INFO  main            d.u.i.k.p.i.AbstractProblemLoader Creating init config 
106480     DEBUG main            d.u.i.k.p.i.AbstractProblemLoader Init config took 2.87s 
106498     INFO  main            d.u.i.k.p.i.AbstractProblemLoader Replaying proof object_creation.key 
106500     DEBUG main            d.u.i.k.p.i.IntermediateProofReplayer Proof replay took 8.7ns 
106806     INFO  main            d.u.i.k.p.r.p.TestFile    ... finished proof: closed. 
107107     INFO  main            d.u.i.k.p.i.AbstractProblemLoader Loading environment from /home/runner/work/key/key/key.core/../key.ui/examples/heap/simple/object_creation.key.proof 
107107     DEBUG main            d.u.i.k.p.i.AbstractProblemLoader Environment load took 131.9ns 
107109     INFO  main            d.u.i.k.p.i.AbstractProblemLoader Creating init config 
109945     DEBUG main            d.u.i.k.p.i.AbstractProblemLoader Init config took 2.84s 
109963     INFO  main            d.u.i.k.p.i.AbstractProblemLoader Replaying proof object_creation.key.proof 
110024     DEBUG main            d.u.i.k.p.i.IntermediateProofReplayer Proof replay took 56.79ms 
110025     DEBUG main            d.u.i.k.p.r.p.TestFile    ... success: reloaded. 
110026     INFO  main            d.u.i.k.p.r.p.TestFile    Now processing file /home/runner/work/key/key/key.core/../key.ui/examples/heap/simple/operation_contracts.key 
110026     INFO  main            d.u.i.k.p.i.AbstractProblemLoader Loading environment from /home/runner/work/key/key/key.core/../key.ui/examples/heap/simple/operation_contracts.key 
110027     DEBUG main            d.u.i.k.p.i.AbstractProblemLoader Environment load took 262.41ns 
110029     INFO  main            d.u.i.k.p.i.AbstractProblemLoader Creating init config 
113249     DEBUG main            d.u.i.k.p.i.AbstractProblemLoader Init config took 3.22s 
113269     INFO  main            d.u.i.k.p.i.AbstractProblemLoader Replaying proof operation_contracts.key 
113271     DEBUG main            d.u.i.k.p.i.IntermediateProofReplayer Proof replay took 8.8ns 
114279     INFO  main            d.u.i.k.p.r.p.TestFile    ... finished proof: closed. 
114580     INFO  main            d.u.i.k.p.i.AbstractProblemLoader Loading environment from /home/runner/work/key/key/key.core/../key.ui/examples/heap/simple/operation_contracts.key.proof 
114580     DEBUG main            d.u.i.k.p.i.AbstractProblemLoader Environment load took 517.41ns 
114586     INFO  main            d.u.i.k.p.i.AbstractProblemLoader Creating init config 
117657     DEBUG main            d.u.i.k.p.i.AbstractProblemLoader Init config took 3.07s 
117676     INFO  main            d.u.i.k.p.i.AbstractProblemLoader Replaying proof operation_contracts.key.proof 
117826     DEBUG main            d.u.i.k.p.i.IntermediateProofReplayer Proof replay took 142.47ms 
117828     DEBUG main            d.u.i.k.p.r.p.TestFile    ... success: reloaded. 
117830     INFO  main            d.u.i.k.p.r.p.TestFile    Now processing file /home/runner/work/key/key/key.core/../key.ui/examples/heap/simple/select_store.key 
117830     INFO  main            d.u.i.k.p.i.AbstractProblemLoader Loading environment from /home/runner/work/key/key/key.core/../key.ui/examples/heap/simple/select_store.key 
117830     DEBUG main            d.u.i.k.p.i.AbstractProblemLoader Environment load took 259.61ns 
117832     INFO  main            d.u.i.k.p.i.AbstractProblemLoader Creating init config 
120698     DEBUG main            d.u.i.k.p.i.AbstractProblemLoader Init config took 2.87s 
120715     INFO  main            d.u.i.k.p.i.AbstractProblemLoader Replaying proof select_store.key 
120717     DEBUG main            d.u.i.k.p.i.IntermediateProofReplayer Proof replay took 9ns 
120819     INFO  main            d.u.i.k.p.r.p.TestFile    ... finished proof: closed. 
121229     INFO  main            d.u.i.k.p.i.AbstractProblemLoader Loading environment from /home/runner/work/key/key/key.core/../key.ui/examples/heap/simple/select_store.key.proof 
121229     DEBUG main            d.u.i.k.p.i.AbstractProblemLoader Environment load took 153.9ns 
121231     INFO  main            d.u.i.k.p.i.AbstractProblemLoader Creating init config 
123996     DEBUG main            d.u.i.k.p.i.AbstractProblemLoader Init config took 2.77s 
124019     INFO  main            d.u.i.k.p.i.AbstractProblemLoader Replaying proof select_store.key.proof 
124023     DEBUG main            d.u.i.k.p.i.IntermediateProofReplayer Proof replay took 2.32ms 
124024     DEBUG main            d.u.i.k.p.r.p.TestFile    ... success: reloaded. 
124025     INFO  main            d.u.i.k.p.r.p.TestFile    Now processing file /home/runner/work/key/key/key.core/../key.ui/examples/heap/simple/selection_sort.key 
124025     INFO  main            d.u.i.k.p.i.AbstractProblemLoader Loading environment from /home/runner/work/key/key/key.core/../key.ui/examples/heap/simple/selection_sort.key 
124026     DEBUG main            d.u.i.k.p.i.AbstractProblemLoader Environment load took 223.21ns 
124027     INFO  main            d.u.i.k.p.i.AbstractProblemLoader Creating init config 
127214     DEBUG main            d.u.i.k.p.i.AbstractProblemLoader Init config took 3.19s 
127233     INFO  main            d.u.i.k.p.i.AbstractProblemLoader Replaying proof selection_sort.key 
127238     DEBUG main            d.u.i.k.p.i.IntermediateProofReplayer Proof replay took 40.6ns 
131694     INFO  main            d.u.i.k.p.r.p.TestFile    ... finished proof: closed. 
132026     INFO  main            d.u.i.k.p.i.AbstractProblemLoader Loading environment from /home/runner/work/key/key/key.core/../key.ui/examples/heap/simple/selection_sort.key.proof 
132027     DEBUG main            d.u.i.k.p.i.AbstractProblemLoader Environment load took 503.01ns 
132029     INFO  main            d.u.i.k.p.i.AbstractProblemLoader Creating init config 
135010     DEBUG main            d.u.i.k.p.i.AbstractProblemLoader Init config took 2.98s 
135028     INFO  main            d.u.i.k.p.i.AbstractProblemLoader Replaying proof selection_sort.key.proof 
135864     DEBUG main            d.u.i.k.p.i.IntermediateProofReplayer Proof replay took 804.76ms 
135867     DEBUG main            d.u.i.k.p.r.p.TestFile    ... success: reloaded. 
135871     INFO  main            d.u.i.k.p.r.p.TestFile    Now processing file /home/runner/work/key/key/key.core/../key.ui/examples/heap/simple/seq.key 
135872     INFO  main            d.u.i.k.p.i.AbstractProblemLoader Loading environment from /home/runner/work/key/key/key.core/../key.ui/examples/heap/simple/seq.key 
135872     DEBUG main            d.u.i.k.p.i.AbstractProblemLoader Environment load took 251.21ns 
135874     INFO  main            d.u.i.k.p.i.AbstractProblemLoader Creating init config 
138684     DEBUG main            d.u.i.k.p.i.AbstractProblemLoader Init config took 2.81s 
138701     INFO  main            d.u.i.k.p.i.AbstractProblemLoader Replaying proof seq.key 
138702     DEBUG main            d.u.i.k.p.i.IntermediateProofReplayer Proof replay took 17.6ns 
139212     INFO  main            d.u.i.k.p.r.p.TestFile    ... finished proof: closed. 
139608     INFO  main            d.u.i.k.p.i.AbstractProblemLoader Loading environment from /home/runner/work/key/key/key.core/../key.ui/examples/heap/simple/seq.key.proof 
139609     DEBUG main            d.u.i.k.p.i.AbstractProblemLoader Environment load took 1.32ms 
139611     INFO  main            d.u.i.k.p.i.AbstractProblemLoader Creating init config 
142295     DEBUG main            d.u.i.k.p.i.AbstractProblemLoader Init config took 2.68s 
142318     INFO  main            d.u.i.k.p.i.AbstractProblemLoader Replaying proof seq.key.proof 
142383     DEBUG main            d.u.i.k.p.i.IntermediateProofReplayer Proof replay took 59.88ms 
142385     DEBUG main            d.u.i.k.p.r.p.TestFile    ... success: reloaded. 
142386     INFO  main            d.u.i.k.p.r.p.TestFile    Now processing file /home/runner/work/key/key/key.core/../key.ui/examples/heap/simple/oldForParams.key 
142386     INFO  main            d.u.i.k.p.i.AbstractProblemLoader Loading environment from /home/runner/work/key/key/key.core/../key.ui/examples/heap/simple/oldForParams.key 
142387     DEBUG main            d.u.i.k.p.i.AbstractProblemLoader Environment load took 228.41ns 
142388     INFO  main            d.u.i.k.p.i.AbstractProblemLoader Creating init config 
145505     DEBUG main            d.u.i.k.p.i.AbstractProblemLoader Init config took 3.12s 
145588     INFO  main            d.u.i.k.p.i.AbstractProblemLoader Replaying proof OldForParameters[OldForParameters::method(int)].JML operation contract.0 
145591     DEBUG main            d.u.i.k.p.i.IntermediateProofReplayer Proof replay took 8.5ns 
145895     INFO  main            d.u.i.k.p.r.p.TestFile    ... finished proof: closed. 
146250     INFO  main            d.u.i.k.p.i.AbstractProblemLoader Loading environment from /home/runner/work/key/key/key.core/../key.ui/examples/heap/simple/oldForParams.key.proof 
146250     DEBUG main            d.u.i.k.p.i.AbstractProblemLoader Environment load took 136.9ns 
146251     INFO  main            d.u.i.k.p.i.AbstractProblemLoader Creating init config 
149394     DEBUG main            d.u.i.k.p.i.AbstractProblemLoader Init config took 3.14s 
149445     INFO  main            d.u.i.k.p.i.AbstractProblemLoader Replaying proof OldForParameters[OldForParameters::method(int)].JML operation contract.0 
149503     DEBUG main            d.u.i.k.p.i.IntermediateProofReplayer Proof replay took 55.85ms 
149504     DEBUG main            d.u.i.k.p.r.p.TestFile    ... success: reloaded. 
149506     INFO  main            d.u.i.k.p.r.p.TestFile    Now processing file /home/runner/work/key/key/key.core/../key.ui/examples/heap/simple/parse_lmtd.key 
149506     INFO  main            d.u.i.k.p.i.AbstractProblemLoader Loading environment from /home/runner/work/key/key/key.core/../key.ui/examples/heap/simple/parse_lmtd.key 
149506     DEBUG main            d.u.i.k.p.i.AbstractProblemLoader Environment load took 165.2ns 
149507     INFO  main            d.u.i.k.p.i.AbstractProblemLoader Creating init config 
152638     DEBUG main            d.u.i.k.p.i.AbstractProblemLoader Init config took 3.13s 
152686     INFO  main            d.u.i.k.p.i.AbstractProblemLoader Replaying proof ParseLmtd[ParseLmtd::simple(int)].JML normal_behavior operation contract.0 
152687     DEBUG main            d.u.i.k.p.i.IntermediateProofReplayer Proof replay took 7.6ns 
152889     INFO  main            d.u.i.k.p.r.p.TestFile    ... finished proof: closed. 
153242     INFO  main            d.u.i.k.p.i.AbstractProblemLoader Loading environment from /home/runner/work/key/key/key.core/../key.ui/examples/heap/simple/parse_lmtd.key.proof 
153242     DEBUG main            d.u.i.k.p.i.AbstractProblemLoader Environment load took 123.9ns 
153243     INFO  main            d.u.i.k.p.i.AbstractProblemLoader Creating init config 
156274     DEBUG main            d.u.i.k.p.i.AbstractProblemLoader Init config took 3.03s 
156329     INFO  main            d.u.i.k.p.i.AbstractProblemLoader Replaying proof ParseLmtd[ParseLmtd::simple(int)].JML normal_behavior operation contract.0 
156365     DEBUG main            d.u.i.k.p.i.IntermediateProofReplayer Proof replay took 33.98ms 
156367     DEBUG main            d.u.i.k.p.r.p.TestFile    ... success: reloaded. 
156370     INFO  main            d.u.i.k.p.r.p.TestFile    Now processing file /home/runner/work/key/key/key.core/../key.ui/examples/heap/strictly_pure/strictlyPureMethod.key 
156370     INFO  main            d.u.i.k.p.i.AbstractProblemLoader Loading environment from /home/runner/work/key/key/key.core/../key.ui/examples/heap/strictly_pure/strictlyPureMethod.key 
156370     DEBUG main            d.u.i.k.p.i.AbstractProblemLoader Environment load took 105.3ns 
156371     INFO  main            d.u.i.k.p.i.AbstractProblemLoader Creating init config 
159264     DEBUG main            d.u.i.k.p.i.AbstractProblemLoader Init config took 2.89s 
159307     INFO  main            d.u.i.k.p.i.AbstractProblemLoader Replaying proof StrictlyPure[StrictlyPure::strictlyPureMethod()].JML operation contract.0 
159308     DEBUG main            d.u.i.k.p.i.IntermediateProofReplayer Proof replay took 6.8ns 
159518     INFO  main            d.u.i.k.p.r.p.TestFile    ... finished proof: closed. 
159825     INFO  main            d.u.i.k.p.i.AbstractProblemLoader Loading environment from /home/runner/work/key/key/key.core/../key.ui/examples/heap/strictly_pure/strictlyPureMethod.key.proof 
159825     DEBUG main            d.u.i.k.p.i.AbstractProblemLoader Environment load took 129.5ns 
159826     INFO  main            d.u.i.k.p.i.AbstractProblemLoader Creating init config 
162654     DEBUG main            d.u.i.k.p.i.AbstractProblemLoader Init config took 2.83s 
162696     INFO  main            d.u.i.k.p.i.AbstractProblemLoader Replaying proof StrictlyPure[StrictlyPure::strictlyPureMethod()].JML operation contract.0 
162758     DEBUG main            d.u.i.k.p.i.IntermediateProofReplayer Proof replay took 59.31ms 
162759     DEBUG main            d.u.i.k.p.r.p.TestFile    ... success: reloaded. 
162767     INFO  main            d.u.i.k.p.r.p.TestFile    Now processing file /home/runner/work/key/key/key.core/../key.ui/examples/heap/strictly_pure/useStrictlyPureMethod.key 
162767     INFO  main            d.u.i.k.p.i.AbstractProblemLoader Loading environment from /home/runner/work/key/key/key.core/../key.ui/examples/heap/strictly_pure/useStrictlyPureMethod.key 
162768     DEBUG main            d.u.i.k.p.i.AbstractProblemLoader Environment load took 297.61ns 
162769     INFO  main            d.u.i.k.p.i.AbstractProblemLoader Creating init config 
165620     DEBUG main            d.u.i.k.p.i.AbstractProblemLoader Init config took 2.85s 
165661     INFO  main            d.u.i.k.p.i.AbstractProblemLoader Replaying proof StrictlyPure[StrictlyPure::useStrictlyPureMethod(StrictlyPureClass)].JML operation contract.0 
165662     DEBUG main            d.u.i.k.p.i.IntermediateProofReplayer Proof replay took 7.6ns 
165866     INFO  main            d.u.i.k.p.r.p.TestFile    ... finished proof: closed. 
166194     INFO  main            d.u.i.k.p.i.AbstractProblemLoader Loading environment from /home/runner/work/key/key/key.core/../key.ui/examples/heap/strictly_pure/useStrictlyPureMethod.key.proof 
166194     DEBUG main            d.u.i.k.p.i.AbstractProblemLoader Environment load took 144.8ns 
166196     INFO  main            d.u.i.k.p.i.AbstractProblemLoader Creating init config 
169007     DEBUG main            d.u.i.k.p.i.AbstractProblemLoader Init config took 2.81s 
169049     INFO  main            d.u.i.k.p.i.AbstractProblemLoader Replaying proof StrictlyPure[StrictlyPure::useStrictlyPureMethod(StrictlyPureClass)].JML operation contract.0 
169114     DEBUG main            d.u.i.k.p.i.IntermediateProofReplayer Proof replay took 60.88ms 
169115     DEBUG main            d.u.i.k.p.r.p.TestFile    ... success: reloaded. 
169116     INFO  main            d.u.i.k.p.r.p.TestFile    Now processing file /home/runner/work/key/key/key.core/../key.ui/examples/heap/Wellfounded/ackermann.key 
169117     INFO  main            d.u.i.k.p.i.AbstractProblemLoader Loading environment from /home/runner/work/key/key/key.core/../key.ui/examples/heap/Wellfounded/ackermann.key 
169117     DEBUG main            d.u.i.k.p.i.AbstractProblemLoader Environment load took 217.71ns 
169118     INFO  main            d.u.i.k.p.i.AbstractProblemLoader Creating init config 
172132     DEBUG main            d.u.i.k.p.i.AbstractProblemLoader Init config took 3.01s 
172193     INFO  main            d.u.i.k.p.i.AbstractProblemLoader Replaying proof Ackermann[Ackermann::a(int,int)].JML normal_behavior operation contract.0 
172196     DEBUG main            d.u.i.k.p.i.IntermediateProofReplayer Proof replay took 7.9ns 
172601     INFO  main            d.u.i.k.p.r.p.TestFile    ... finished proof: closed. 
172996     INFO  main            d.u.i.k.p.i.AbstractProblemLoader Loading environment from /home/runner/work/key/key/key.core/../key.ui/examples/heap/Wellfounded/ackermann.key.proof 
172997     DEBUG main            d.u.i.k.p.i.AbstractProblemLoader Environment load took 1.2ms 
172998     INFO  main            d.u.i.k.p.i.AbstractProblemLoader Creating init config 
175839     DEBUG main            d.u.i.k.p.i.AbstractProblemLoader Init config took 2.84s 
175879     INFO  main            d.u.i.k.p.i.AbstractProblemLoader Replaying proof Ackermann[Ackermann::a(int,int)].JML normal_behavior operation contract.0 
175952     DEBUG main            d.u.i.k.p.i.IntermediateProofReplayer Proof replay took 69.86ms 
175953     DEBUG main            d.u.i.k.p.r.p.TestFile    ... success: reloaded. 
175955     INFO  main            d.u.i.k.p.r.p.TestFile    Now processing file /home/runner/work/key/key/key.core/../key.ui/examples/standard_key/unicode_test.key 
175955     INFO  main            d.u.i.k.p.i.AbstractProblemLoader Loading environment from /home/runner/work/key/key/key.core/../key.ui/examples/standard_key/unicode_test.key 
175955     DEBUG main            d.u.i.k.p.i.AbstractProblemLoader Environment load took 106.3ns 
175957     INFO  main            d.u.i.k.p.i.AbstractProblemLoader Creating init config 
178721     DEBUG main            d.u.i.k.p.i.AbstractProblemLoader Init config took 2.76s 
178737     INFO  main            d.u.i.k.p.i.AbstractProblemLoader Replaying proof unicode_test.key 
178738     DEBUG main            d.u.i.k.p.i.IntermediateProofReplayer Proof replay took 7.5ns 
178841     INFO  main            d.u.i.k.p.r.p.TestFile    ... finished proof: closed. 
179167     INFO  main            d.u.i.k.p.i.AbstractProblemLoader Loading environment from /home/runner/work/key/key/key.core/../key.ui/examples/standard_key/unicode_test.key.proof 
179167     DEBUG main            d.u.i.k.p.i.AbstractProblemLoader Environment load took 118.9ns 
179168     INFO  main            d.u.i.k.p.i.AbstractProblemLoader Creating init config 
181882     DEBUG main            d.u.i.k.p.i.AbstractProblemLoader Init config took 2.71s 
181899     INFO  main            d.u.i.k.p.i.AbstractProblemLoader Replaying proof unicode_test.key.proof 
181901     DEBUG main            d.u.i.k.p.i.IntermediateProofReplayer Proof replay took 398.61ns 
181902     DEBUG main            d.u.i.k.p.r.p.TestFile    ... success: reloaded. 
181902     INFO  main            d.u.i.k.p.r.p.TestFile    Now processing file /home/runner/work/key/key/key.core/../key.ui/examples/heap/strictlyModular/mayExpand.key 
181902     INFO  main            d.u.i.k.p.i.AbstractProblemLoader Loading environment from /home/runner/work/key/key/key.core/../key.ui/examples/heap/strictlyModular/mayExpand.key 
181903     DEBUG main            d.u.i.k.p.i.AbstractProblemLoader Environment load took 236.31ns 
181903     INFO  main            d.u.i.k.p.i.AbstractProblemLoader Creating init config 
184725     DEBUG main            d.u.i.k.p.i.AbstractProblemLoader Init config took 2.82s 
184767     INFO  main            d.u.i.k.p.i.AbstractProblemLoader Replaying proof Modular[Modular::m()].JML operation contract.0 
184768     DEBUG main            d.u.i.k.p.i.IntermediateProofReplayer Proof replay took 8.5ns 
184874     INFO  main            d.u.i.k.p.r.p.TestFile    ... finished proof: closed. 
185212     INFO  main            d.u.i.k.p.i.AbstractProblemLoader Loading environment from /home/runner/work/key/key/key.core/../key.ui/examples/heap/strictlyModular/mayExpand.key.proof 
185212     DEBUG main            d.u.i.k.p.i.AbstractProblemLoader Environment load took 113ns 
185213     INFO  main            d.u.i.k.p.i.AbstractProblemLoader Creating init config 
188058     DEBUG main            d.u.i.k.p.i.AbstractProblemLoader Init config took 2.84s 
188101     INFO  main            d.u.i.k.p.i.AbstractProblemLoader Replaying proof Modular[Modular::m()].JML operation contract.0 
188121     DEBUG main            d.u.i.k.p.i.IntermediateProofReplayer Proof replay took 17.65ms 
188122     DEBUG main            d.u.i.k.p.r.p.TestFile    ... success: reloaded. 
188123     INFO  main            d.u.i.k.p.r.p.TestFile    Now processing file /home/runner/work/key/key/key.core/../key.ui/examples/heap/strictlyModular/modularOnly.key 
188123     INFO  main            d.u.i.k.p.i.AbstractProblemLoader Loading environment from /home/runner/work/key/key/key.core/../key.ui/examples/heap/strictlyModular/modularOnly.key 
188123     DEBUG main            d.u.i.k.p.i.AbstractProblemLoader Environment load took 121.3ns 
188124     INFO  main            d.u.i.k.p.i.AbstractProblemLoader Creating init config 
191114     DEBUG main            d.u.i.k.p.i.AbstractProblemLoader Init config took 2.99s 
191156     INFO  main            d.u.i.k.p.i.AbstractProblemLoader Replaying proof Modular[Modular::m()].JML operation contract.0 
191157     DEBUG main            d.u.i.k.p.i.IntermediateProofReplayer Proof replay took 7.5ns 
191263     INFO  main            d.u.i.k.p.r.p.TestFile    ... finished proof: open goal(s) 
2235903    INFO  Test worker     d.u.i.k.p.r.RunAllProofsTestUnit Returning from test simpleTests 
2235905    INFO  Test worker     d.u.i.k.p.r.RunAllProofsTestUnit Running test SmansEtAl 
450        INFO  Timeout watchdog d.u.i.k.p.r.p.ForkedTestFileRunner Timeout watcher launched (2000 secs.) 
467        WARN  main            d.u.i.k.s.ProofSettings   The settings in /home/runner/.key/proof-settings.props are *not* read. 
530        INFO  main            d.u.i.k.p.r.p.TestFile    Now processing file /home/runner/work/key/key/key.core/../key.ui/examples/heap/SmansEtAl/ArrayList_add.key 
699        INFO  main            d.u.i.k.p.i.AbstractProblemLoader Loading environment from /home/runner/work/key/key/key.core/../key.ui/examples/heap/SmansEtAl/ArrayList_add.key 
722        DEBUG main            d.u.i.k.p.i.AbstractProblemLoader Environment load took 2.32ms 
1024       INFO  main            d.u.i.k.p.i.AbstractProblemLoader Creating init config 
2174       DEBUG main            d.u.i.k.j.TypeConverter   No LDT found for Meta 
2174       DEBUG main            d.u.i.k.j.TypeConverter   No LDT found for Meta 
2178       DEBUG main            d.u.i.k.j.TypeConverter   No LDT found for Meta 
2178       DEBUG main            d.u.i.k.j.TypeConverter   No LDT found for Meta 
3856       DEBUG main            d.u.i.k.j.TypeConverter   No LDT found for JavaBigintExpression 
10340      DEBUG main            d.u.i.k.p.i.AbstractProblemLoader Init config took 9.32s 
10543      INFO  main            d.u.i.k.p.i.AbstractProblemLoader Replaying proof ArrayList[ArrayList::add(java.lang.Object)].JML normal_behavior operation contract.0 
10584      DEBUG main            d.u.i.k.p.i.IntermediateProofReplayer Proof replay took 37.9ns 
19337      INFO  main            d.u.i.k.p.r.p.TestFile    ... finished proof: closed. 
19686      INFO  main            d.u.i.k.p.i.AbstractProblemLoader Loading environment from /home/runner/work/key/key/key.core/../key.ui/examples/heap/SmansEtAl/ArrayList_add.key.proof 
19687      DEBUG main            d.u.i.k.p.i.AbstractProblemLoader Environment load took 1.1ms 
19694      INFO  main            d.u.i.k.p.i.AbstractProblemLoader Creating init config 
23618      DEBUG main            d.u.i.k.p.i.AbstractProblemLoader Init config took 3.92s 
23685      INFO  main            d.u.i.k.p.i.AbstractProblemLoader Replaying proof ArrayList[ArrayList::add(java.lang.Object)].JML normal_behavior operation contract.0 
25009      DEBUG main            d.u.i.k.p.i.IntermediateProofReplayer Proof replay took 1.29s 
25019      DEBUG main            d.u.i.k.p.r.p.TestFile    ... success: reloaded. 
25021      INFO  main            d.u.i.k.p.r.p.TestFile    Now processing file /home/runner/work/key/key/key.core/../key.ui/examples/heap/SmansEtAl/ArrayList_ArrayList.key 
25022      INFO  main            d.u.i.k.p.i.AbstractProblemLoader Loading environment from /home/runner/work/key/key/key.core/../key.ui/examples/heap/SmansEtAl/ArrayList_ArrayList.key 
25022      DEBUG main            d.u.i.k.p.i.AbstractProblemLoader Environment load took 355.61ns 
25024      INFO  main            d.u.i.k.p.i.AbstractProblemLoader Creating init config 
28486      DEBUG main            d.u.i.k.p.i.AbstractProblemLoader Init config took 3.46s 
28547      INFO  main            d.u.i.k.p.i.AbstractProblemLoader Replaying proof ArrayList[ArrayList::ArrayList()].JML normal_behavior operation contract.0 
28550      DEBUG main            d.u.i.k.p.i.IntermediateProofReplayer Proof replay took 19ns 
29784      INFO  main            d.u.i.k.p.r.p.TestFile    ... finished proof: closed. 
29960      INFO  main            d.u.i.k.p.i.AbstractProblemLoader Loading environment from /home/runner/work/key/key/key.core/../key.ui/examples/heap/SmansEtAl/ArrayList_ArrayList.key.proof 
29961      DEBUG main            d.u.i.k.p.i.AbstractProblemLoader Environment load took 965.02ns 
29963      INFO  main            d.u.i.k.p.i.AbstractProblemLoader Creating init config 
33342      DEBUG main            d.u.i.k.p.i.AbstractProblemLoader Init config took 3.38s 
33408      INFO  main            d.u.i.k.p.i.AbstractProblemLoader Replaying proof ArrayList[ArrayList::ArrayList()].JML normal_behavior operation contract.0 
33613      DEBUG main            d.u.i.k.p.i.IntermediateProofReplayer Proof replay took 195.89ms 
33615      DEBUG main            d.u.i.k.p.r.p.TestFile    ... success: reloaded. 
33617      INFO  main            d.u.i.k.p.r.p.TestFile    Now processing file /home/runner/work/key/key/key.core/../key.ui/examples/heap/SmansEtAl/ArrayList_footprint.key 
33617      INFO  main            d.u.i.k.p.i.AbstractProblemLoader Loading environment from /home/runner/work/key/key/key.core/../key.ui/examples/heap/SmansEtAl/ArrayList_footprint.key 
33617      DEBUG main            d.u.i.k.p.i.AbstractProblemLoader Environment load took 257.61ns 
33619      INFO  main            d.u.i.k.p.i.AbstractProblemLoader Creating init config 
37013      DEBUG main            d.u.i.k.p.i.AbstractProblemLoader Init config took 3.39s 
37071      INFO  main            d.u.i.k.p.i.AbstractProblemLoader Replaying proof ArrayList[ArrayList::$footprint()].JML accessible clause.0 
37074      DEBUG main            d.u.i.k.p.i.IntermediateProofReplayer Proof replay took 7.5ns 
37177      INFO  main            d.u.i.k.p.r.p.TestFile    ... finished proof: closed. 
37373      INFO  main            d.u.i.k.p.i.AbstractProblemLoader Loading environment from /home/runner/work/key/key/key.core/../key.ui/examples/heap/SmansEtAl/ArrayList_footprint.key.proof 
37373      DEBUG main            d.u.i.k.p.i.AbstractProblemLoader Environment load took 145.6ns 
37374      INFO  main            d.u.i.k.p.i.AbstractProblemLoader Creating init config 
40809      DEBUG main            d.u.i.k.p.i.AbstractProblemLoader Init config took 3.43s 
40860      INFO  main            d.u.i.k.p.i.AbstractProblemLoader Replaying proof ArrayList[ArrayList::$footprint()].JML accessible clause.0 
40873      DEBUG main            d.u.i.k.p.i.IntermediateProofReplayer Proof replay took 11.2ms 
40874      DEBUG main            d.u.i.k.p.r.p.TestFile    ... success: reloaded. 
40876      INFO  main            d.u.i.k.p.r.p.TestFile    Now processing file /home/runner/work/key/key/key.core/../key.ui/examples/heap/SmansEtAl/ArrayList_get_dep.key 
40876      INFO  main            d.u.i.k.p.i.AbstractProblemLoader Loading environment from /home/runner/work/key/key/key.core/../key.ui/examples/heap/SmansEtAl/ArrayList_get_dep.key 
40876      DEBUG main            d.u.i.k.p.i.AbstractProblemLoader Environment load took 180.7ns 
40878      INFO  main            d.u.i.k.p.i.AbstractProblemLoader Creating init config 
44235      DEBUG main            d.u.i.k.p.i.AbstractProblemLoader Init config took 3.36s 
44288      INFO  main            d.u.i.k.p.i.AbstractProblemLoader Replaying proof ArrayList[ArrayList::get(int)].JML accessible clause.0 
44290      DEBUG main            d.u.i.k.p.i.IntermediateProofReplayer Proof replay took 7.2ns 
44695      INFO  main            d.u.i.k.p.r.p.TestFile    ... finished proof: closed. 
44923      INFO  main            d.u.i.k.p.i.AbstractProblemLoader Loading environment from /home/runner/work/key/key/key.core/../key.ui/examples/heap/SmansEtAl/ArrayList_get_dep.key.proof 
44925      DEBUG main            d.u.i.k.p.i.AbstractProblemLoader Environment load took 1.49ms 
44927      INFO  main            d.u.i.k.p.i.AbstractProblemLoader Creating init config 
48344      DEBUG main            d.u.i.k.p.i.AbstractProblemLoader Init config took 3.42s 
48419      INFO  main            d.u.i.k.p.i.AbstractProblemLoader Replaying proof ArrayList[ArrayList::get(int)].JML accessible clause.0 
48511      DEBUG main            d.u.i.k.p.i.IntermediateProofReplayer Proof replay took 82.19ms 
48512      DEBUG main            d.u.i.k.p.r.p.TestFile    ... success: reloaded. 
48514      INFO  main            d.u.i.k.p.r.p.TestFile    Now processing file /home/runner/work/key/key/key.core/../key.ui/examples/heap/SmansEtAl/ArrayList_get.key 
48514      INFO  main            d.u.i.k.p.i.AbstractProblemLoader Loading environment from /home/runner/work/key/key/key.core/../key.ui/examples/heap/SmansEtAl/ArrayList_get.key 
48514      DEBUG main            d.u.i.k.p.i.AbstractProblemLoader Environment load took 151.4ns 
48515      INFO  main            d.u.i.k.p.i.AbstractProblemLoader Creating init config 
51973      DEBUG main            d.u.i.k.p.i.AbstractProblemLoader Init config took 3.46s 
52027      INFO  main            d.u.i.k.p.i.AbstractProblemLoader Replaying proof ArrayList[ArrayList::get(int)].JML normal_behavior operation contract.0 
52029      DEBUG main            d.u.i.k.p.i.IntermediateProofReplayer Proof replay took 7ns 
52234      INFO  main            d.u.i.k.p.r.p.TestFile    ... finished proof: closed. 
52491      INFO  main            d.u.i.k.p.i.AbstractProblemLoader Loading environment from /home/runner/work/key/key/key.core/../key.ui/examples/heap/SmansEtAl/ArrayList_get.key.proof 
52491      DEBUG main            d.u.i.k.p.i.AbstractProblemLoader Environment load took 164.2ns 
52492      INFO  main            d.u.i.k.p.i.AbstractProblemLoader Creating init config 
55879      DEBUG main            d.u.i.k.p.i.AbstractProblemLoader Init config took 3.39s 
55954      INFO  main            d.u.i.k.p.i.AbstractProblemLoader Replaying proof ArrayList[ArrayList::get(int)].JML normal_behavior operation contract.0 
55997      DEBUG main            d.u.i.k.p.i.IntermediateProofReplayer Proof replay took 39.29ms 
55998      DEBUG main            d.u.i.k.p.r.p.TestFile    ... success: reloaded. 
56000      INFO  main            d.u.i.k.p.r.p.TestFile    Now processing file /home/runner/work/key/key/key.core/../key.ui/examples/heap/SmansEtAl/ArrayList_inv.key 
56000      INFO  main            d.u.i.k.p.i.AbstractProblemLoader Loading environment from /home/runner/work/key/key/key.core/../key.ui/examples/heap/SmansEtAl/ArrayList_inv.key 
56001      DEBUG main            d.u.i.k.p.i.AbstractProblemLoader Environment load took 750.82ns 
56002      INFO  main            d.u.i.k.p.i.AbstractProblemLoader Creating init config 
59375      DEBUG main            d.u.i.k.p.i.AbstractProblemLoader Init config took 3.37s 
59444      INFO  main            d.u.i.k.p.i.AbstractProblemLoader Replaying proof ArrayList[java.lang.Object::<inv>()].JML accessible clause.0 
59446      DEBUG main            d.u.i.k.p.i.IntermediateProofReplayer Proof replay took 7.2ns 
59553      INFO  main            d.u.i.k.p.r.p.TestFile    ... finished proof: closed. 
59754      INFO  main            d.u.i.k.p.i.AbstractProblemLoader Loading environment from /home/runner/work/key/key/key.core/../key.ui/examples/heap/SmansEtAl/ArrayList_inv.key.proof 
59755      DEBUG main            d.u.i.k.p.i.AbstractProblemLoader Environment load took 142.4ns 
59756      INFO  main            d.u.i.k.p.i.AbstractProblemLoader Creating init config 
63072      DEBUG main            d.u.i.k.p.i.AbstractProblemLoader Init config took 3.32s 
63119      INFO  main            d.u.i.k.p.i.AbstractProblemLoader Replaying proof ArrayList[java.lang.Object::<inv>()].JML accessible clause.0 
63134      DEBUG main            d.u.i.k.p.i.IntermediateProofReplayer Proof replay took 12.37ms 
63135      DEBUG main            d.u.i.k.p.r.p.TestFile    ... success: reloaded. 
63136      INFO  main            d.u.i.k.p.r.p.TestFile    Now processing file /home/runner/work/key/key/key.core/../key.ui/examples/heap/SmansEtAl/ArrayList_size_dep.key 
63137      INFO  main            d.u.i.k.p.i.AbstractProblemLoader Loading environment from /home/runner/work/key/key/key.core/../key.ui/examples/heap/SmansEtAl/ArrayList_size_dep.key 
63137      DEBUG main            d.u.i.k.p.i.AbstractProblemLoader Environment load took 121.6ns 
63138      INFO  main            d.u.i.k.p.i.AbstractProblemLoader Creating init config 
66537      DEBUG main            d.u.i.k.p.i.AbstractProblemLoader Init config took 3.4s 
66586      INFO  main            d.u.i.k.p.i.AbstractProblemLoader Replaying proof ArrayList[ArrayList::size()].JML accessible clause.0 
66588      DEBUG main            d.u.i.k.p.i.IntermediateProofReplayer Proof replay took 7.1ns 
66690      INFO  main            d.u.i.k.p.r.p.TestFile    ... finished proof: closed. 
66910      INFO  main            d.u.i.k.p.i.AbstractProblemLoader Loading environment from /home/runner/work/key/key/key.core/../key.ui/examples/heap/SmansEtAl/ArrayList_size_dep.key.proof 
66910      DEBUG main            d.u.i.k.p.i.AbstractProblemLoader Environment load took 144.1ns 
66911      INFO  main            d.u.i.k.p.i.AbstractProblemLoader Creating init config 
70107      DEBUG main            d.u.i.k.p.i.AbstractProblemLoader Init config took 3.2s 
70154      INFO  main            d.u.i.k.p.i.AbstractProblemLoader Replaying proof ArrayList[ArrayList::size()].JML accessible clause.0 
70174      DEBUG main            d.u.i.k.p.i.IntermediateProofReplayer Proof replay took 18.4ms 
70175      DEBUG main            d.u.i.k.p.r.p.TestFile    ... success: reloaded. 
70177      INFO  main            d.u.i.k.p.r.p.TestFile    Now processing file /home/runner/work/key/key/key.core/../key.ui/examples/heap/SmansEtAl/ArrayList_size.key 
70177      INFO  main            d.u.i.k.p.i.AbstractProblemLoader Loading environment from /home/runner/work/key/key/key.core/../key.ui/examples/heap/SmansEtAl/ArrayList_size.key 
70177      DEBUG main            d.u.i.k.p.i.AbstractProblemLoader Environment load took 320.11ns 
70179      INFO  main            d.u.i.k.p.i.AbstractProblemLoader Creating init config 
73414      DEBUG main            d.u.i.k.p.i.AbstractProblemLoader Init config took 3.24s 
73460      INFO  main            d.u.i.k.p.i.AbstractProblemLoader Replaying proof ArrayList[ArrayList::size()].JML normal_behavior operation contract.0 
73462      DEBUG main            d.u.i.k.p.i.IntermediateProofReplayer Proof replay took 7.4ns 
73567      INFO  main            d.u.i.k.p.r.p.TestFile    ... finished proof: closed. 
73797      INFO  main            d.u.i.k.p.i.AbstractProblemLoader Loading environment from /home/runner/work/key/key/key.core/../key.ui/examples/heap/SmansEtAl/ArrayList_size.key.proof 
73797      DEBUG main            d.u.i.k.p.i.AbstractProblemLoader Environment load took 141.4ns 
73798      INFO  main            d.u.i.k.p.i.AbstractProblemLoader Creating init config 
77034      DEBUG main            d.u.i.k.p.i.AbstractProblemLoader Init config took 3.24s 
77081      INFO  main            d.u.i.k.p.i.AbstractProblemLoader Replaying proof ArrayList[ArrayList::size()].JML normal_behavior operation contract.0 
77099      DEBUG main            d.u.i.k.p.i.IntermediateProofReplayer Proof replay took 16.28ms 
77101      DEBUG main            d.u.i.k.p.r.p.TestFile    ... success: reloaded. 
77102      INFO  main            d.u.i.k.p.r.p.TestFile    Now processing file /home/runner/work/key/key/key.core/../key.ui/examples/heap/SmansEtAl/Cell_Cell.key 
77103      INFO  main            d.u.i.k.p.i.AbstractProblemLoader Loading environment from /home/runner/work/key/key/key.core/../key.ui/examples/heap/SmansEtAl/Cell_Cell.key 
77103      DEBUG main            d.u.i.k.p.i.AbstractProblemLoader Environment load took 291.41ns 
77104      INFO  main            d.u.i.k.p.i.AbstractProblemLoader Creating init config 
80374      DEBUG main            d.u.i.k.p.i.AbstractProblemLoader Init config took 3.27s 
80417      INFO  main            d.u.i.k.p.i.AbstractProblemLoader Replaying proof Cell[Cell::Cell()].JML normal_behavior operation contract.0 
80419      DEBUG main            d.u.i.k.p.i.IntermediateProofReplayer Proof replay took 13ns 
80622      INFO  main            d.u.i.k.p.r.p.TestFile    ... finished proof: closed. 
80919      INFO  main            d.u.i.k.p.i.AbstractProblemLoader Loading environment from /home/runner/work/key/key/key.core/../key.ui/examples/heap/SmansEtAl/Cell_Cell.key.proof 
80919      DEBUG main            d.u.i.k.p.i.AbstractProblemLoader Environment load took 138.5ns 
80920      INFO  main            d.u.i.k.p.i.AbstractProblemLoader Creating init config 
84093      DEBUG main            d.u.i.k.p.i.AbstractProblemLoader Init config took 3.17s 
84135      INFO  main            d.u.i.k.p.i.AbstractProblemLoader Replaying proof Cell[Cell::Cell()].JML normal_behavior operation contract.0 
84184      DEBUG main            d.u.i.k.p.i.IntermediateProofReplayer Proof replay took 46ms 
84185      DEBUG main            d.u.i.k.p.r.p.TestFile    ... success: reloaded. 
84186      INFO  main            d.u.i.k.p.r.p.TestFile    Now processing file /home/runner/work/key/key/key.core/../key.ui/examples/heap/SmansEtAl/Cell_footprint.key 
84187      INFO  main            d.u.i.k.p.i.AbstractProblemLoader Loading environment from /home/runner/work/key/key/key.core/../key.ui/examples/heap/SmansEtAl/Cell_footprint.key 
84187      DEBUG main            d.u.i.k.p.i.AbstractProblemLoader Environment load took 131.2ns 
84188      INFO  main            d.u.i.k.p.i.AbstractProblemLoader Creating init config 
87422      DEBUG main            d.u.i.k.p.i.AbstractProblemLoader Init config took 3.23s 
87463      INFO  main            d.u.i.k.p.i.AbstractProblemLoader Replaying proof Cell[Cell::$footprint()].JML accessible clause.0 
87465      DEBUG main            d.u.i.k.p.i.IntermediateProofReplayer Proof replay took 7.6ns 
87570      INFO  main            d.u.i.k.p.r.p.TestFile    ... finished proof: closed. 
87797      INFO  main            d.u.i.k.p.i.AbstractProblemLoader Loading environment from /home/runner/work/key/key/key.core/../key.ui/examples/heap/SmansEtAl/Cell_footprint.key.proof 
87797      DEBUG main            d.u.i.k.p.i.AbstractProblemLoader Environment load took 141ns 
87798      INFO  main            d.u.i.k.p.i.AbstractProblemLoader Creating init config 
91032      DEBUG main            d.u.i.k.p.i.AbstractProblemLoader Init config took 3.23s 
91073      INFO  main            d.u.i.k.p.i.AbstractProblemLoader Replaying proof Cell[Cell::$footprint()].JML accessible clause.0 
91079      DEBUG main            d.u.i.k.p.i.IntermediateProofReplayer Proof replay took 4.8ms 
91080      DEBUG main            d.u.i.k.p.r.p.TestFile    ... success: reloaded. 
91082      INFO  main            d.u.i.k.p.r.p.TestFile    Now processing file /home/runner/work/key/key/key.core/../key.ui/examples/heap/SmansEtAl/Cell_getX_dep.key 
91082      INFO  main            d.u.i.k.p.i.AbstractProblemLoader Loading environment from /home/runner/work/key/key/key.core/../key.ui/examples/heap/SmansEtAl/Cell_getX_dep.key 
91082      DEBUG main            d.u.i.k.p.i.AbstractProblemLoader Environment load took 138.4ns 
91083      INFO  main            d.u.i.k.p.i.AbstractProblemLoader Creating init config 
94390      DEBUG main            d.u.i.k.p.i.AbstractProblemLoader Init config took 3.31s 
94432      INFO  main            d.u.i.k.p.i.AbstractProblemLoader Replaying proof Cell[Cell::getX()].JML accessible clause.0 
94434      DEBUG main            d.u.i.k.p.i.IntermediateProofReplayer Proof replay took 8ns 
94542      INFO  main            d.u.i.k.p.r.p.TestFile    ... finished proof: closed. 
94781      INFO  main            d.u.i.k.p.i.AbstractProblemLoader Loading environment from /home/runner/work/key/key/key.core/../key.ui/examples/heap/SmansEtAl/Cell_getX_dep.key.proof 
94781      DEBUG main            d.u.i.k.p.i.AbstractProblemLoader Environment load took 140.8ns 
94783      INFO  main            d.u.i.k.p.i.AbstractProblemLoader Creating init config 
97959      DEBUG main            d.u.i.k.p.i.AbstractProblemLoader Init config took 3.18s 
98001      INFO  main            d.u.i.k.p.i.AbstractProblemLoader Replaying proof Cell[Cell::getX()].JML accessible clause.0 
98022      DEBUG main            d.u.i.k.p.i.IntermediateProofReplayer Proof replay took 19.22ms 
98023      DEBUG main            d.u.i.k.p.r.p.TestFile    ... success: reloaded. 
98025      INFO  main            d.u.i.k.p.r.p.TestFile    Now processing file /home/runner/work/key/key/key.core/../key.ui/examples/heap/SmansEtAl/Cell_getX.key 
98025      INFO  main            d.u.i.k.p.i.AbstractProblemLoader Loading environment from /home/runner/work/key/key/key.core/../key.ui/examples/heap/SmansEtAl/Cell_getX.key 
98025      DEBUG main            d.u.i.k.p.i.AbstractProblemLoader Environment load took 118.1ns 
98026      INFO  main            d.u.i.k.p.i.AbstractProblemLoader Creating init config 
101294     DEBUG main            d.u.i.k.p.i.AbstractProblemLoader Init config took 3.27s 
101337     INFO  main            d.u.i.k.p.i.AbstractProblemLoader Replaying proof Cell[Cell::getX()].JML normal_behavior operation contract.0 
101339     DEBUG main            d.u.i.k.p.i.IntermediateProofReplayer Proof replay took 6ns 
101442     INFO  main            d.u.i.k.p.r.p.TestFile    ... finished proof: closed. 
101693     INFO  main            d.u.i.k.p.i.AbstractProblemLoader Loading environment from /home/runner/work/key/key/key.core/../key.ui/examples/heap/SmansEtAl/Cell_getX.key.proof 
101694     DEBUG main            d.u.i.k.p.i.AbstractProblemLoader Environment load took 140.2ns 
101695     INFO  main            d.u.i.k.p.i.AbstractProblemLoader Creating init config 
104887     DEBUG main            d.u.i.k.p.i.AbstractProblemLoader Init config took 3.19s 
104945     INFO  main            d.u.i.k.p.i.AbstractProblemLoader Replaying proof Cell[Cell::getX()].JML normal_behavior operation contract.0 
104966     DEBUG main            d.u.i.k.p.i.IntermediateProofReplayer Proof replay took 18ms 
104967     DEBUG main            d.u.i.k.p.r.p.TestFile    ... success: reloaded. 
104969     INFO  main            d.u.i.k.p.r.p.TestFile    Now processing file /home/runner/work/key/key/key.core/../key.ui/examples/heap/SmansEtAl/Cell_inv.key 
104969     INFO  main            d.u.i.k.p.i.AbstractProblemLoader Loading environment from /home/runner/work/key/key/key.core/../key.ui/examples/heap/SmansEtAl/Cell_inv.key 
104970     DEBUG main            d.u.i.k.p.i.AbstractProblemLoader Environment load took 319.51ns 
104971     INFO  main            d.u.i.k.p.i.AbstractProblemLoader Creating init config 
108093     DEBUG main            d.u.i.k.p.i.AbstractProblemLoader Init config took 3.12s 
108134     INFO  main            d.u.i.k.p.i.AbstractProblemLoader Replaying proof Cell[java.lang.Object::<inv>()].JML accessible clause.0 
108136     DEBUG main            d.u.i.k.p.i.IntermediateProofReplayer Proof replay took 6.9ns 
108238     INFO  main            d.u.i.k.p.r.p.TestFile    ... finished proof: closed. 
108494     INFO  main            d.u.i.k.p.i.AbstractProblemLoader Loading environment from /home/runner/work/key/key/key.core/../key.ui/examples/heap/SmansEtAl/Cell_inv.key.proof 
108494     DEBUG main            d.u.i.k.p.i.AbstractProblemLoader Environment load took 131.1ns 
108495     INFO  main            d.u.i.k.p.i.AbstractProblemLoader Creating init config 
111711     DEBUG main            d.u.i.k.p.i.AbstractProblemLoader Init config took 3.22s 
111769     INFO  main            d.u.i.k.p.i.AbstractProblemLoader Replaying proof Cell[java.lang.Object::<inv>()].JML accessible clause.0 
111774     DEBUG main            d.u.i.k.p.i.IntermediateProofReplayer Proof replay took 2.17ms 
111775     DEBUG main            d.u.i.k.p.r.p.TestFile    ... success: reloaded. 
111777     INFO  main            d.u.i.k.p.r.p.TestFile    Now processing file /home/runner/work/key/key/key.core/../key.ui/examples/heap/SmansEtAl/Cell_setX.key 
111777     INFO  main            d.u.i.k.p.i.AbstractProblemLoader Loading environment from /home/runner/work/key/key/key.core/../key.ui/examples/heap/SmansEtAl/Cell_setX.key 
111777     DEBUG main            d.u.i.k.p.i.AbstractProblemLoader Environment load took 107.2ns 
111778     INFO  main            d.u.i.k.p.i.AbstractProblemLoader Creating init config 
115065     DEBUG main            d.u.i.k.p.i.AbstractProblemLoader Init config took 3.29s 
115107     INFO  main            d.u.i.k.p.i.AbstractProblemLoader Replaying proof Cell[Cell::setX(int)].JML normal_behavior operation contract.0 
115109     DEBUG main            d.u.i.k.p.i.IntermediateProofReplayer Proof replay took 6.4ns 
115211     INFO  main            d.u.i.k.p.r.p.TestFile    ... finished proof: closed. 
115482     INFO  main            d.u.i.k.p.i.AbstractProblemLoader Loading environment from /home/runner/work/key/key/key.core/../key.ui/examples/heap/SmansEtAl/Cell_setX.key.proof 
115482     DEBUG main            d.u.i.k.p.i.AbstractProblemLoader Environment load took 141.3ns 
115483     INFO  main            d.u.i.k.p.i.AbstractProblemLoader Creating init config 
118715     DEBUG main            d.u.i.k.p.i.AbstractProblemLoader Init config took 3.23s 
118763     INFO  main            d.u.i.k.p.i.AbstractProblemLoader Replaying proof Cell[Cell::setX(int)].JML normal_behavior operation contract.0 
118794     DEBUG main            d.u.i.k.p.i.IntermediateProofReplayer Proof replay took 27.67ms 
118795     DEBUG main            d.u.i.k.p.r.p.TestFile    ... success: reloaded. 
118796     INFO  main            d.u.i.k.p.r.p.TestFile    Now processing file /home/runner/work/key/key/key.core/../key.ui/examples/heap/SmansEtAl/CellClient_m.key 
118797     INFO  main            d.u.i.k.p.i.AbstractProblemLoader Loading environment from /home/runner/work/key/key/key.core/../key.ui/examples/heap/SmansEtAl/CellClient_m.key 
118797     DEBUG main            d.u.i.k.p.i.AbstractProblemLoader Environment load took 263.11ns 
118798     INFO  main            d.u.i.k.p.i.AbstractProblemLoader Creating init config 
122057     DEBUG main            d.u.i.k.p.i.AbstractProblemLoader Init config took 3.26s 
122099     INFO  main            d.u.i.k.p.i.AbstractProblemLoader Replaying proof CellClient[CellClient::m()].JML operation contract.0 
122101     DEBUG main            d.u.i.k.p.i.IntermediateProofReplayer Proof replay took 7.7ns 
122711     INFO  main            d.u.i.k.p.r.p.TestFile    ... finished proof: closed. 
122979     INFO  main            d.u.i.k.p.i.AbstractProblemLoader Loading environment from /home/runner/work/key/key/key.core/../key.ui/examples/heap/SmansEtAl/CellClient_m.key.proof 
122979     DEBUG main            d.u.i.k.p.i.AbstractProblemLoader Environment load took 207.91ns 
122981     INFO  main            d.u.i.k.p.i.AbstractProblemLoader Creating init config 
126078     DEBUG main            d.u.i.k.p.i.AbstractProblemLoader Init config took 3.1s 
126119     INFO  main            d.u.i.k.p.i.AbstractProblemLoader Replaying proof CellClient[CellClient::m()].JML operation contract.0 
126261     DEBUG main            d.u.i.k.p.i.IntermediateProofReplayer Proof replay took 138.67ms 
126263     DEBUG main            d.u.i.k.p.r.p.TestFile    ... success: reloaded. 
126264     INFO  main            d.u.i.k.p.r.p.TestFile    Now processing file /home/runner/work/key/key/key.core/../key.ui/examples/heap/SmansEtAl/Iterator_footprint.key 
126265     INFO  main            d.u.i.k.p.i.AbstractProblemLoader Loading environment from /home/runner/work/key/key/key.core/../key.ui/examples/heap/SmansEtAl/Iterator_footprint.key 
126265     DEBUG main            d.u.i.k.p.i.AbstractProblemLoader Environment load took 254.41ns 
126266     INFO  main            d.u.i.k.p.i.AbstractProblemLoader Creating init config 
129365     DEBUG main            d.u.i.k.p.i.AbstractProblemLoader Init config took 3.1s 
129408     INFO  main            d.u.i.k.p.i.AbstractProblemLoader Replaying proof Iterator[Iterator::$footprint()].JML accessible clause.0 
129410     DEBUG main            d.u.i.k.p.i.IntermediateProofReplayer Proof replay took 7.1ns 
129514     INFO  main            d.u.i.k.p.r.p.TestFile    ... finished proof: closed. 
129791     INFO  main            d.u.i.k.p.i.AbstractProblemLoader Loading environment from /home/runner/work/key/key/key.core/../key.ui/examples/heap/SmansEtAl/Iterator_footprint.key.proof 
129791     DEBUG main            d.u.i.k.p.i.AbstractProblemLoader Environment load took 128.3ns 
129792     INFO  main            d.u.i.k.p.i.AbstractProblemLoader Creating init config 
132906     DEBUG main            d.u.i.k.p.i.AbstractProblemLoader Init config took 3.11s 
132950     INFO  main            d.u.i.k.p.i.AbstractProblemLoader Replaying proof Iterator[Iterator::$footprint()].JML accessible clause.0 
132960     DEBUG main            d.u.i.k.p.i.IntermediateProofReplayer Proof replay took 7.86ms 
132961     DEBUG main            d.u.i.k.p.r.p.TestFile    ... success: reloaded. 
132962     INFO  main            d.u.i.k.p.r.p.TestFile    Now processing file /home/runner/work/key/key/key.core/../key.ui/examples/heap/SmansEtAl/Iterator_hasNext_dep.key 
132963     INFO  main            d.u.i.k.p.i.AbstractProblemLoader Loading environment from /home/runner/work/key/key/key.core/../key.ui/examples/heap/SmansEtAl/Iterator_hasNext_dep.key 
132963     DEBUG main            d.u.i.k.p.i.AbstractProblemLoader Environment load took 244.21ns 
132964     INFO  main            d.u.i.k.p.i.AbstractProblemLoader Creating init config 
136127     DEBUG main            d.u.i.k.p.i.AbstractProblemLoader Init config took 3.16s 
136170     INFO  main            d.u.i.k.p.i.AbstractProblemLoader Replaying proof Iterator[Iterator::hasNext()].JML accessible clause.0 
136172     DEBUG main            d.u.i.k.p.i.IntermediateProofReplayer Proof replay took 6.6ns 
136876     INFO  main            d.u.i.k.p.r.p.TestFile    ... finished proof: closed. 
137166     INFO  main            d.u.i.k.p.i.AbstractProblemLoader Loading environment from /home/runner/work/key/key/key.core/../key.ui/examples/heap/SmansEtAl/Iterator_hasNext_dep.key.proof 
137170     DEBUG main            d.u.i.k.p.i.AbstractProblemLoader Environment load took 4.09ms 
137174     INFO  main            d.u.i.k.p.i.AbstractProblemLoader Creating init config 
140396     DEBUG main            d.u.i.k.p.i.AbstractProblemLoader Init config took 3.22s 
140458     INFO  main            d.u.i.k.p.i.AbstractProblemLoader Replaying proof Iterator[Iterator::hasNext()].JML accessible clause.0 
140570     DEBUG main            d.u.i.k.p.i.IntermediateProofReplayer Proof replay took 104.64ms 
140571     DEBUG main            d.u.i.k.p.r.p.TestFile    ... success: reloaded. 
140574     INFO  main            d.u.i.k.p.r.p.TestFile    Now processing file /home/runner/work/key/key/key.core/../key.ui/examples/heap/SmansEtAl/Iterator_hasNext.key 
140574     INFO  main            d.u.i.k.p.i.AbstractProblemLoader Loading environment from /home/runner/work/key/key/key.core/../key.ui/examples/heap/SmansEtAl/Iterator_hasNext.key 
140575     DEBUG main            d.u.i.k.p.i.AbstractProblemLoader Environment load took 194.91ns 
140576     INFO  main            d.u.i.k.p.i.AbstractProblemLoader Creating init config 
143893     DEBUG main            d.u.i.k.p.i.AbstractProblemLoader Init config took 3.32s 
143936     INFO  main            d.u.i.k.p.i.AbstractProblemLoader Replaying proof Iterator[Iterator::hasNext()].JML normal_behavior operation contract.0 
143938     DEBUG main            d.u.i.k.p.i.IntermediateProofReplayer Proof replay took 7.6ns 
144543     INFO  main            d.u.i.k.p.r.p.TestFile    ... finished proof: closed. 
144915     INFO  main            d.u.i.k.p.i.AbstractProblemLoader Loading environment from /home/runner/work/key/key/key.core/../key.ui/examples/heap/SmansEtAl/Iterator_hasNext.key.proof 
144915     DEBUG main            d.u.i.k.p.i.AbstractProblemLoader Environment load took 135.3ns 
144916     INFO  main            d.u.i.k.p.i.AbstractProblemLoader Creating init config 
148182     DEBUG main            d.u.i.k.p.i.AbstractProblemLoader Init config took 3.27s 
148242     INFO  main            d.u.i.k.p.i.AbstractProblemLoader Replaying proof Iterator[Iterator::hasNext()].JML normal_behavior operation contract.0 
148354     DEBUG main            d.u.i.k.p.i.IntermediateProofReplayer Proof replay took 106.59ms 
148356     DEBUG main            d.u.i.k.p.r.p.TestFile    ... success: reloaded. 
148357     INFO  main            d.u.i.k.p.r.p.TestFile    Now processing file /home/runner/work/key/key/key.core/../key.ui/examples/heap/SmansEtAl/Iterator_inv.key 
148358     INFO  main            d.u.i.k.p.i.AbstractProblemLoader Loading environment from /home/runner/work/key/key/key.core/../key.ui/examples/heap/SmansEtAl/Iterator_inv.key 
148358     DEBUG main            d.u.i.k.p.i.AbstractProblemLoader Environment load took 232.41ns 
148359     INFO  main            d.u.i.k.p.i.AbstractProblemLoader Creating init config 
151722     DEBUG main            d.u.i.k.p.i.AbstractProblemLoader Init config took 3.36s 
151769     INFO  main            d.u.i.k.p.i.AbstractProblemLoader Replaying proof Iterator[java.lang.Object::<inv>()].JML accessible clause.0 
151771     DEBUG main            d.u.i.k.p.i.IntermediateProofReplayer Proof replay took 6.5ns 
151976     INFO  main            d.u.i.k.p.r.p.TestFile    ... finished proof: closed. 
152294     INFO  main            d.u.i.k.p.i.AbstractProblemLoader Loading environment from /home/runner/work/key/key/key.core/../key.ui/examples/heap/SmansEtAl/Iterator_inv.key.proof 
152294     DEBUG main            d.u.i.k.p.i.AbstractProblemLoader Environment load took 128.2ns 
152295     INFO  main            d.u.i.k.p.i.AbstractProblemLoader Creating init config 
155485     DEBUG main            d.u.i.k.p.i.AbstractProblemLoader Init config took 3.19s 
155531     INFO  main            d.u.i.k.p.i.AbstractProblemLoader Replaying proof Iterator[java.lang.Object::<inv>()].JML accessible clause.0 
155560     DEBUG main            d.u.i.k.p.i.IntermediateProofReplayer Proof replay took 26.7ms 
155561     DEBUG main            d.u.i.k.p.r.p.TestFile    ... success: reloaded. 
155562     INFO  main            d.u.i.k.p.r.p.TestFile    Now processing file /home/runner/work/key/key/key.core/../key.ui/examples/heap/SmansEtAl/Iterator_Iterator.key 
155562     INFO  main            d.u.i.k.p.i.AbstractProblemLoader Loading environment from /home/runner/work/key/key/key.core/../key.ui/examples/heap/SmansEtAl/Iterator_Iterator.key 
155562     DEBUG main            d.u.i.k.p.i.AbstractProblemLoader Environment load took 79.5ns 
155563     INFO  main            d.u.i.k.p.i.AbstractProblemLoader Creating init config 
158816     DEBUG main            d.u.i.k.p.i.AbstractProblemLoader Init config took 3.25s 
158859     INFO  main            d.u.i.k.p.i.AbstractProblemLoader Replaying proof Iterator[Iterator::Iterator(ArrayList)].JML normal_behavior operation contract.0 
158860     DEBUG main            d.u.i.k.p.i.IntermediateProofReplayer Proof replay took 6.9ns 
160372     INFO  main            d.u.i.k.p.r.p.TestFile    ... finished proof: closed. 
160682     INFO  main            d.u.i.k.p.i.AbstractProblemLoader Loading environment from /home/runner/work/key/key/key.core/../key.ui/examples/heap/SmansEtAl/Iterator_Iterator.key.proof 
160683     DEBUG main            d.u.i.k.p.i.AbstractProblemLoader Environment load took 144.1ns 
160685     INFO  main            d.u.i.k.p.i.AbstractProblemLoader Creating init config 
163756     DEBUG main            d.u.i.k.p.i.AbstractProblemLoader Init config took 3.07s 
163798     INFO  main            d.u.i.k.p.i.AbstractProblemLoader Replaying proof Iterator[Iterator::Iterator(ArrayList)].JML normal_behavior operation contract.0 
164010     DEBUG main            d.u.i.k.p.i.IntermediateProofReplayer Proof replay took 200.13ms 
164012     DEBUG main            d.u.i.k.p.r.p.TestFile    ... success: reloaded. 
164014     INFO  main            d.u.i.k.p.r.p.TestFile    Now processing file /home/runner/work/key/key/key.core/../key.ui/examples/heap/SmansEtAl/Iterator_list_dep.key 
164014     INFO  main            d.u.i.k.p.i.AbstractProblemLoader Loading environment from /home/runner/work/key/key/key.core/../key.ui/examples/heap/SmansEtAl/Iterator_list_dep.key 
164014     DEBUG main            d.u.i.k.p.i.AbstractProblemLoader Environment load took 243.61ns 
164015     INFO  main            d.u.i.k.p.i.AbstractProblemLoader Creating init config 
167199     DEBUG main            d.u.i.k.p.i.AbstractProblemLoader Init config took 3.18s 
167240     INFO  main            d.u.i.k.p.i.AbstractProblemLoader Replaying proof Iterator[Iterator::list()].JML accessible clause.0 
167242     DEBUG main            d.u.i.k.p.i.IntermediateProofReplayer Proof replay took 7.2ns 
167346     INFO  main            d.u.i.k.p.r.p.TestFile    ... finished proof: closed. 
167665     INFO  main            d.u.i.k.p.i.AbstractProblemLoader Loading environment from /home/runner/work/key/key/key.core/../key.ui/examples/heap/SmansEtAl/Iterator_list_dep.key.proof 
167665     DEBUG main            d.u.i.k.p.i.AbstractProblemLoader Environment load took 127.9ns 
167666     INFO  main            d.u.i.k.p.i.AbstractProblemLoader Creating init config 
170763     DEBUG main            d.u.i.k.p.i.AbstractProblemLoader Init config took 3.1s 
170811     INFO  main            d.u.i.k.p.i.AbstractProblemLoader Replaying proof Iterator[Iterator::list()].JML accessible clause.0 
170835     DEBUG main            d.u.i.k.p.i.IntermediateProofReplayer Proof replay took 21.64ms 
170836     DEBUG main            d.u.i.k.p.r.p.TestFile    ... success: reloaded. 
170837     INFO  main            d.u.i.k.p.r.p.TestFile    Now processing file /home/runner/work/key/key/key.core/../key.ui/examples/heap/SmansEtAl/Iterator_list.key 
170837     INFO  main            d.u.i.k.p.i.AbstractProblemLoader Loading environment from /home/runner/work/key/key/key.core/../key.ui/examples/heap/SmansEtAl/Iterator_list.key 
170838     DEBUG main            d.u.i.k.p.i.AbstractProblemLoader Environment load took 98.8ns 
170838     INFO  main            d.u.i.k.p.i.AbstractProblemLoader Creating init config 
173954     DEBUG main            d.u.i.k.p.i.AbstractProblemLoader Init config took 3.12s 
173996     INFO  main            d.u.i.k.p.i.AbstractProblemLoader Replaying proof Iterator[Iterator::list()].JML normal_behavior operation contract.0 
173998     DEBUG main            d.u.i.k.p.i.IntermediateProofReplayer Proof replay took 6.4ns 
174100     INFO  main            d.u.i.k.p.r.p.TestFile    ... finished proof: closed. 
174432     INFO  main            d.u.i.k.p.i.AbstractProblemLoader Loading environment from /home/runner/work/key/key/key.core/../key.ui/examples/heap/SmansEtAl/Iterator_list.key.proof 
174432     DEBUG main            d.u.i.k.p.i.AbstractProblemLoader Environment load took 126.9ns 
174433     INFO  main            d.u.i.k.p.i.AbstractProblemLoader Creating init config 
177621     DEBUG main            d.u.i.k.p.i.AbstractProblemLoader Init config took 3.19s 
177679     INFO  main            d.u.i.k.p.i.AbstractProblemLoader Replaying proof Iterator[Iterator::list()].JML normal_behavior operation contract.0 
177698     DEBUG main            d.u.i.k.p.i.IntermediateProofReplayer Proof replay took 17.82ms 
177699     DEBUG main            d.u.i.k.p.r.p.TestFile    ... success: reloaded. 
177701     INFO  main            d.u.i.k.p.r.p.TestFile    Now processing file /home/runner/work/key/key/key.core/../key.ui/examples/heap/SmansEtAl/Iterator_next.key 
177701     INFO  main            d.u.i.k.p.i.AbstractProblemLoader Loading environment from /home/runner/work/key/key/key.core/../key.ui/examples/heap/SmansEtAl/Iterator_next.key 
177701     DEBUG main            d.u.i.k.p.i.AbstractProblemLoader Environment load took 116.3ns 
177702     INFO  main            d.u.i.k.p.i.AbstractProblemLoader Creating init config 
180864     DEBUG main            d.u.i.k.p.i.AbstractProblemLoader Init config took 3.16s 
180907     INFO  main            d.u.i.k.p.i.AbstractProblemLoader Replaying proof Iterator[Iterator::next()].JML normal_behavior operation contract.0 
180909     DEBUG main            d.u.i.k.p.i.IntermediateProofReplayer Proof replay took 7.6ns 
184223     INFO  main            d.u.i.k.p.r.p.TestFile    ... finished proof: closed. 
184581     INFO  main            d.u.i.k.p.i.AbstractProblemLoader Loading environment from /home/runner/work/key/key/key.core/../key.ui/examples/heap/SmansEtAl/Iterator_next.key.proof 
184581     DEBUG main            d.u.i.k.p.i.AbstractProblemLoader Environment load took 498.11ns 
184583     INFO  main            d.u.i.k.p.i.AbstractProblemLoader Creating init config 
187710     DEBUG main            d.u.i.k.p.i.AbstractProblemLoader Init config took 3.13s 
187753     INFO  main            d.u.i.k.p.i.AbstractProblemLoader Replaying proof Iterator[Iterator::next()].JML normal_behavior operation contract.0 
188180     DEBUG main            d.u.i.k.p.i.IntermediateProofReplayer Proof replay took 405.72ms 
188183     DEBUG main            d.u.i.k.p.r.p.TestFile    ... success: reloaded. 
188184     INFO  main            d.u.i.k.p.r.p.TestFile    Now processing file /home/runner/work/key/key/key.core/../key.ui/examples/heap/SmansEtAl/Stack_footprint.key 
188184     INFO  main            d.u.i.k.p.i.AbstractProblemLoader Loading environment from /home/runner/work/key/key/key.core/../key.ui/examples/heap/SmansEtAl/Stack_footprint.key 
188184     DEBUG main            d.u.i.k.p.i.AbstractProblemLoader Environment load took 97.8ns 
188185     INFO  main            d.u.i.k.p.i.AbstractProblemLoader Creating init config 
191362     DEBUG main            d.u.i.k.p.i.AbstractProblemLoader Init config took 3.18s 
191402     INFO  main            d.u.i.k.p.i.AbstractProblemLoader Replaying proof Stack[Stack::$footprint()].JML accessible clause.0 
191404     DEBUG main            d.u.i.k.p.i.IntermediateProofReplayer Proof replay took 6.9ns 
191610     INFO  main            d.u.i.k.p.r.p.TestFile    ... finished proof: closed. 
191961     INFO  main            d.u.i.k.p.i.AbstractProblemLoader Loading environment from /home/runner/work/key/key/key.core/../key.ui/examples/heap/SmansEtAl/Stack_footprint.key.proof 
191961     DEBUG main            d.u.i.k.p.i.AbstractProblemLoader Environment load took 155.2ns 
191962     INFO  main            d.u.i.k.p.i.AbstractProblemLoader Creating init config 
195037     DEBUG main            d.u.i.k.p.i.AbstractProblemLoader Init config took 3.07s 
195079     INFO  main            d.u.i.k.p.i.AbstractProblemLoader Replaying proof Stack[Stack::$footprint()].JML accessible clause.0 
195114     DEBUG main            d.u.i.k.p.i.IntermediateProofReplayer Proof replay took 32.55ms 
195115     DEBUG main            d.u.i.k.p.r.p.TestFile    ... success: reloaded. 
195116     INFO  main            d.u.i.k.p.r.p.TestFile    Now processing file /home/runner/work/key/key/key.core/../key.ui/examples/heap/SmansEtAl/Stack_inv.key 
195117     INFO  main            d.u.i.k.p.i.AbstractProblemLoader Loading environment from /home/runner/work/key/key/key.core/../key.ui/examples/heap/SmansEtAl/Stack_inv.key 
195117     DEBUG main            d.u.i.k.p.i.AbstractProblemLoader Environment load took 117ns 
195118     INFO  main            d.u.i.k.p.i.AbstractProblemLoader Creating init config 
198402     DEBUG main            d.u.i.k.p.i.AbstractProblemLoader Init config took 3.28s 
198443     INFO  main            d.u.i.k.p.i.AbstractProblemLoader Replaying proof Stack[java.lang.Object::<inv>()].JML accessible clause.0 
198444     DEBUG main            d.u.i.k.p.i.IntermediateProofReplayer Proof replay took 7.6ns 
198546     INFO  main            d.u.i.k.p.r.p.TestFile    ... finished proof: closed. 
198904     INFO  main            d.u.i.k.p.i.AbstractProblemLoader Loading environment from /home/runner/work/key/key/key.core/../key.ui/examples/heap/SmansEtAl/Stack_inv.key.proof 
198904     DEBUG main            d.u.i.k.p.i.AbstractProblemLoader Environment load took 123.5ns 
198905     INFO  main            d.u.i.k.p.i.AbstractProblemLoader Creating init config 
201998     DEBUG main            d.u.i.k.p.i.AbstractProblemLoader Init config took 3.09s 
202039     INFO  main            d.u.i.k.p.i.AbstractProblemLoader Replaying proof Stack[java.lang.Object::<inv>()].JML accessible clause.0 
202053     DEBUG main            d.u.i.k.p.i.IntermediateProofReplayer Proof replay took 11.6ms 
202054     DEBUG main            d.u.i.k.p.r.p.TestFile    ... success: reloaded. 
202055     INFO  main            d.u.i.k.p.r.p.TestFile    Now processing file /home/runner/work/key/key/key.core/../key.ui/examples/heap/SmansEtAl/Stack_push.key 
202055     INFO  main            d.u.i.k.p.i.AbstractProblemLoader Loading environment from /home/runner/work/key/key/key.core/../key.ui/examples/heap/SmansEtAl/Stack_push.key 
202055     DEBUG main            d.u.i.k.p.i.AbstractProblemLoader Environment load took 265.21ns 
202056     INFO  main            d.u.i.k.p.i.AbstractProblemLoader Creating init config 
205299     DEBUG main            d.u.i.k.p.i.AbstractProblemLoader Init config took 3.24s 
205343     INFO  main            d.u.i.k.p.i.AbstractProblemLoader Replaying proof Stack[Stack::push(java.lang.Object)].JML normal_behavior operation contract.0 
205346     DEBUG main            d.u.i.k.p.i.IntermediateProofReplayer Proof replay took 8.1ns 
206250     INFO  main            d.u.i.k.p.r.p.TestFile    ... finished proof: closed. 
206619     INFO  main            d.u.i.k.p.i.AbstractProblemLoader Loading environment from /home/runner/work/key/key/key.core/../key.ui/examples/heap/SmansEtAl/Stack_push.key.proof 
206620     DEBUG main            d.u.i.k.p.i.AbstractProblemLoader Environment load took 1.52ms 
206622     INFO  main            d.u.i.k.p.i.AbstractProblemLoader Creating init config 
209720     DEBUG main            d.u.i.k.p.i.AbstractProblemLoader Init config took 3.1s 
209761     INFO  main            d.u.i.k.p.i.AbstractProblemLoader Replaying proof Stack[Stack::push(java.lang.Object)].JML normal_behavior operation contract.0 
209932     DEBUG main            d.u.i.k.p.i.IntermediateProofReplayer Proof replay took 166.18ms 
209933     DEBUG main            d.u.i.k.p.r.p.TestFile    ... success: reloaded. 
209934     INFO  main            d.u.i.k.p.r.p.TestFile    Now processing file /home/runner/work/key/key/key.core/../key.ui/examples/heap/SmansEtAl/Stack_size.key 
209934     INFO  main            d.u.i.k.p.i.AbstractProblemLoader Loading environment from /home/runner/work/key/key/key.core/../key.ui/examples/heap/SmansEtAl/Stack_size.key 
209934     DEBUG main            d.u.i.k.p.i.AbstractProblemLoader Environment load took 166.7ns 
209935     INFO  main            d.u.i.k.p.i.AbstractProblemLoader Creating init config 
213071     DEBUG main            d.u.i.k.p.i.AbstractProblemLoader Init config took 3.14s 
213115     INFO  main            d.u.i.k.p.i.AbstractProblemLoader Replaying proof Stack[Stack::size()].JML accessible clause.0 
213116     DEBUG main            d.u.i.k.p.i.IntermediateProofReplayer Proof replay took 7.8ns 
213419     INFO  main            d.u.i.k.p.r.p.TestFile    ... finished proof: closed. 
213774     INFO  main            d.u.i.k.p.i.AbstractProblemLoader Loading environment from /home/runner/work/key/key/key.core/../key.ui/examples/heap/SmansEtAl/Stack_size.key.proof 
213775     DEBUG main            d.u.i.k.p.i.AbstractProblemLoader Environment load took 249.91ns 
213776     INFO  main            d.u.i.k.p.i.AbstractProblemLoader Creating init config 
216807     DEBUG main            d.u.i.k.p.i.AbstractProblemLoader Init config took 3.03s 
216847     INFO  main            d.u.i.k.p.i.AbstractProblemLoader Replaying proof Stack[Stack::size()].JML accessible clause.0 
216901     DEBUG main            d.u.i.k.p.i.IntermediateProofReplayer Proof replay took 50.81ms 
216902     DEBUG main            d.u.i.k.p.r.p.TestFile    ... success: reloaded. 
216903     INFO  main            d.u.i.k.p.r.p.TestFile    Now processing file /home/runner/work/key/key/key.core/../key.ui/examples/heap/SmansEtAl/Stack_Stack.key 
216904     INFO  main            d.u.i.k.p.i.AbstractProblemLoader Loading environment from /home/runner/work/key/key/key.core/../key.ui/examples/heap/SmansEtAl/Stack_Stack.key 
216904     DEBUG main            d.u.i.k.p.i.AbstractProblemLoader Environment load took 113.9ns 
216905     INFO  main            d.u.i.k.p.i.AbstractProblemLoader Creating init config 
220054     DEBUG main            d.u.i.k.p.i.AbstractProblemLoader Init config took 3.15s 
220094     INFO  main            d.u.i.k.p.i.AbstractProblemLoader Replaying proof Stack[Stack::Stack()].JML normal_behavior operation contract.0 
220096     DEBUG main            d.u.i.k.p.i.IntermediateProofReplayer Proof replay took 7.7ns 
221306     INFO  main            d.u.i.k.p.r.p.TestFile    ... finished proof: closed. 
221688     INFO  main            d.u.i.k.p.i.AbstractProblemLoader Loading environment from /home/runner/work/key/key/key.core/../key.ui/examples/heap/SmansEtAl/Stack_Stack.key.proof 
221689     DEBUG main            d.u.i.k.p.i.AbstractProblemLoader Environment load took 190.41ns 
221690     INFO  main            d.u.i.k.p.i.AbstractProblemLoader Creating init config 
224667     DEBUG main            d.u.i.k.p.i.AbstractProblemLoader Init config took 2.98s 
224707     INFO  main            d.u.i.k.p.i.AbstractProblemLoader Replaying proof Stack[Stack::Stack()].JML normal_behavior operation contract.0 
224945     DEBUG main            d.u.i.k.p.i.IntermediateProofReplayer Proof replay took 231.59ms 
224947     DEBUG main            d.u.i.k.p.r.p.TestFile    ... success: reloaded. 
224948     INFO  main            d.u.i.k.p.r.p.TestFile    Now processing file /home/runner/work/key/key/key.core/../key.ui/examples/heap/SmansEtAl/Stack_switchContents.key 
224948     INFO  main            d.u.i.k.p.i.AbstractProblemLoader Loading environment from /home/runner/work/key/key/key.core/../key.ui/examples/heap/SmansEtAl/Stack_switchContents.key 
224948     DEBUG main            d.u.i.k.p.i.AbstractProblemLoader Environment load took 122.8ns 
224949     INFO  main            d.u.i.k.p.i.AbstractProblemLoader Creating init config 
228078     DEBUG main            d.u.i.k.p.i.AbstractProblemLoader Init config took 3.13s 
228122     INFO  main            d.u.i.k.p.i.AbstractProblemLoader Replaying proof Stack[Stack::switchContents(Stack)].JML normal_behavior operation contract.0 
228124     DEBUG main            d.u.i.k.p.i.IntermediateProofReplayer Proof replay took 6.3ns 
233302     INFO  main            d.u.i.k.p.r.p.TestFile    ... finished proof: closed. 
233686     INFO  main            d.u.i.k.p.i.AbstractProblemLoader Loading environment from /home/runner/work/key/key/key.core/../key.ui/examples/heap/SmansEtAl/Stack_switchContents.key.proof 
233686     DEBUG main            d.u.i.k.p.i.AbstractProblemLoader Environment load took 462.11ns 
233689     INFO  main            d.u.i.k.p.i.AbstractProblemLoader Creating init config 
236758     DEBUG main            d.u.i.k.p.i.AbstractProblemLoader Init config took 3.07s 
236799     INFO  main            d.u.i.k.p.i.AbstractProblemLoader Replaying proof Stack[Stack::switchContents(Stack)].JML normal_behavior operation contract.0 
237395     DEBUG main            d.u.i.k.p.i.IntermediateProofReplayer Proof replay took 575.74ms 
237397     DEBUG main            d.u.i.k.p.r.p.TestFile    ... success: reloaded. 
2473528    INFO  Test worker     d.u.i.k.p.r.RunAllProofsTestUnit Returning from test SmansEtAl 
2473529    INFO  Test worker     d.u.i.k.p.r.RunAllProofsTestUnit Running test VACID0 
447        INFO  Timeout watchdog d.u.i.k.p.r.p.ForkedTestFileRunner Timeout watcher launched (2000 secs.) 
463        WARN  main            d.u.i.k.s.ProofSettings   The settings in /home/runner/.key/proof-settings.props are *not* read. 
512        INFO  main            d.u.i.k.p.r.p.TestFile    Now processing file /home/runner/work/key/key/key.core/../key.ui/examples/heap/vacid0_01_SparseArray/Harness_sparseArrayTestHarness1.key 
670        INFO  main            d.u.i.k.p.i.AbstractProblemLoader Loading environment from /home/runner/work/key/key/key.core/../key.ui/examples/heap/vacid0_01_SparseArray/Harness_sparseArrayTestHarness1.key 
694        DEBUG main            d.u.i.k.p.i.AbstractProblemLoader Environment load took 2.54ms 
1003       INFO  main            d.u.i.k.p.i.AbstractProblemLoader Creating init config 
1871       DEBUG main            d.u.i.k.j.TypeConverter   No LDT found for Meta 
1872       DEBUG main            d.u.i.k.j.TypeConverter   No LDT found for Meta 
1873       DEBUG main            d.u.i.k.j.TypeConverter   No LDT found for Meta 
1874       DEBUG main            d.u.i.k.j.TypeConverter   No LDT found for Meta 
3590       DEBUG main            d.u.i.k.j.TypeConverter   No LDT found for JavaBigintExpression 
9580       DEBUG main            d.u.i.k.p.i.AbstractProblemLoader Init config took 8.58s 
9762       INFO  main            d.u.i.k.p.i.AbstractProblemLoader Replaying proof Harness[Harness::sparseArrayTestHarness1()].JML normal_behavior operation contract.0 
9809       DEBUG main            d.u.i.k.p.i.IntermediateProofReplayer Proof replay took 34.3ns 
11546      INFO  main            d.u.i.k.p.r.p.TestFile    ... finished proof: closed. 
11698      INFO  main            d.u.i.k.p.i.AbstractProblemLoader Loading environment from /home/runner/work/key/key/key.core/../key.ui/examples/heap/vacid0_01_SparseArray/Harness_sparseArrayTestHarness1.key.proof 
11700      DEBUG main            d.u.i.k.p.i.AbstractProblemLoader Environment load took 1.81ms 
11715      INFO  main            d.u.i.k.p.i.AbstractProblemLoader Creating init config 
15227      DEBUG main            d.u.i.k.p.i.AbstractProblemLoader Init config took 3.51s 
15292      INFO  main            d.u.i.k.p.i.AbstractProblemLoader Replaying proof Harness[Harness::sparseArrayTestHarness1()].JML normal_behavior operation contract.0 
15535      DEBUG main            d.u.i.k.p.i.IntermediateProofReplayer Proof replay took 233.27ms 
15543      DEBUG main            d.u.i.k.p.r.p.TestFile    ... success: reloaded. 
15548      INFO  main            d.u.i.k.p.r.p.TestFile    Now processing file /home/runner/work/key/key/key.core/../key.ui/examples/heap/vacid0_01_SparseArray/Harness_sparseArrayTestHarness2.key 
15549      INFO  main            d.u.i.k.p.i.AbstractProblemLoader Loading environment from /home/runner/work/key/key/key.core/../key.ui/examples/heap/vacid0_01_SparseArray/Harness_sparseArrayTestHarness2.key 
15550      DEBUG main            d.u.i.k.p.i.AbstractProblemLoader Environment load took 1.6ms 
15554      INFO  main            d.u.i.k.p.i.AbstractProblemLoader Creating init config 
18989      DEBUG main            d.u.i.k.p.i.AbstractProblemLoader Init config took 3.43s 
19075      INFO  main            d.u.i.k.p.i.AbstractProblemLoader Replaying proof Harness[Harness::sparseArrayTestHarness2()].JML normal_behavior operation contract.0 
19081      DEBUG main            d.u.i.k.p.i.IntermediateProofReplayer Proof replay took 7.3ns 
30122      INFO  main            d.u.i.k.p.r.p.TestFile    ... finished proof: closed. 
30356      INFO  main            d.u.i.k.p.i.AbstractProblemLoader Loading environment from /home/runner/work/key/key/key.core/../key.ui/examples/heap/vacid0_01_SparseArray/Harness_sparseArrayTestHarness2.key.proof 
30357      DEBUG main            d.u.i.k.p.i.AbstractProblemLoader Environment load took 157.4ns 
30360      INFO  main            d.u.i.k.p.i.AbstractProblemLoader Creating init config 
33620      DEBUG main            d.u.i.k.p.i.AbstractProblemLoader Init config took 3.26s 
33675      INFO  main            d.u.i.k.p.i.AbstractProblemLoader Replaying proof Harness[Harness::sparseArrayTestHarness2()].JML normal_behavior operation contract.0 
35028      DEBUG main            d.u.i.k.p.i.IntermediateProofReplayer Proof replay took 1.31s 
35032      DEBUG main            d.u.i.k.p.r.p.TestFile    ... success: reloaded. 
35034      INFO  main            d.u.i.k.p.r.p.TestFile    Now processing file /home/runner/work/key/key/key.core/../key.ui/examples/heap/vacid0_01_SparseArray/MemoryAllocator_alloc_unsigned.key 
35034      INFO  main            d.u.i.k.p.i.AbstractProblemLoader Loading environment from /home/runner/work/key/key/key.core/../key.ui/examples/heap/vacid0_01_SparseArray/MemoryAllocator_alloc_unsigned.key 
35034      DEBUG main            d.u.i.k.p.i.AbstractProblemLoader Environment load took 256.71ns 
35036      INFO  main            d.u.i.k.p.i.AbstractProblemLoader Creating init config 
38389      DEBUG main            d.u.i.k.p.i.AbstractProblemLoader Init config took 3.35s 
38446      INFO  main            d.u.i.k.p.i.AbstractProblemLoader Replaying proof MemoryAllocator[MemoryAllocator::alloc_unsigned(int)].JML normal_behavior operation contract.0 
38448      DEBUG main            d.u.i.k.p.i.IntermediateProofReplayer Proof replay took 7.3ns 
39554      INFO  main            d.u.i.k.p.r.p.TestFile    ... finished proof: closed. 
39787      INFO  main            d.u.i.k.p.i.AbstractProblemLoader Loading environment from /home/runner/work/key/key/key.core/../key.ui/examples/heap/vacid0_01_SparseArray/MemoryAllocator_alloc_unsigned.key.proof 
39787      DEBUG main            d.u.i.k.p.i.AbstractProblemLoader Environment load took 501.41ns 
39789      INFO  main            d.u.i.k.p.i.AbstractProblemLoader Creating init config 
42951      DEBUG main            d.u.i.k.p.i.AbstractProblemLoader Init config took 3.16s 
43001      INFO  main            d.u.i.k.p.i.AbstractProblemLoader Replaying proof MemoryAllocator[MemoryAllocator::alloc_unsigned(int)].JML normal_behavior operation contract.0 
43253      DEBUG main            d.u.i.k.p.i.IntermediateProofReplayer Proof replay took 246.62ms 
43254      DEBUG main            d.u.i.k.p.r.p.TestFile    ... success: reloaded. 
43256      INFO  main            d.u.i.k.p.r.p.TestFile    Now processing file /home/runner/work/key/key/key.core/../key.ui/examples/heap/vacid0_01_SparseArray/MemoryAllocator_alloc.key 
43256      INFO  main            d.u.i.k.p.i.AbstractProblemLoader Loading environment from /home/runner/work/key/key/key.core/../key.ui/examples/heap/vacid0_01_SparseArray/MemoryAllocator_alloc.key 
43257      DEBUG main            d.u.i.k.p.i.AbstractProblemLoader Environment load took 254.51ns 
43258      INFO  main            d.u.i.k.p.i.AbstractProblemLoader Creating init config 
46476      DEBUG main            d.u.i.k.p.i.AbstractProblemLoader Init config took 3.22s 
46546      INFO  main            d.u.i.k.p.i.AbstractProblemLoader Replaying proof MemoryAllocator[MemoryAllocator::alloc(int)].JML normal_behavior operation contract.0 
46548      DEBUG main            d.u.i.k.p.i.IntermediateProofReplayer Proof replay took 7ns 
47152      INFO  main            d.u.i.k.p.r.p.TestFile    ... finished proof: closed. 
47358      INFO  main            d.u.i.k.p.i.AbstractProblemLoader Loading environment from /home/runner/work/key/key/key.core/../key.ui/examples/heap/vacid0_01_SparseArray/MemoryAllocator_alloc.key.proof 
47358      DEBUG main            d.u.i.k.p.i.AbstractProblemLoader Environment load took 648.02ns 
47360      INFO  main            d.u.i.k.p.i.AbstractProblemLoader Creating init config 
50488      DEBUG main            d.u.i.k.p.i.AbstractProblemLoader Init config took 3.13s 
50545      INFO  main            d.u.i.k.p.i.AbstractProblemLoader Replaying proof MemoryAllocator[MemoryAllocator::alloc(int)].JML normal_behavior operation contract.0 
50714      DEBUG main            d.u.i.k.p.i.IntermediateProofReplayer Proof replay took 163.54ms 
50716      DEBUG main            d.u.i.k.p.r.p.TestFile    ... success: reloaded. 
50717      INFO  main            d.u.i.k.p.r.p.TestFile    Now processing file /home/runner/work/key/key/key.core/../key.ui/examples/heap/vacid0_01_SparseArray/SparseArray_get_dep.key 
50718      INFO  main            d.u.i.k.p.i.AbstractProblemLoader Loading environment from /home/runner/work/key/key/key.core/../key.ui/examples/heap/vacid0_01_SparseArray/SparseArray_get_dep.key 
50718      DEBUG main            d.u.i.k.p.i.AbstractProblemLoader Environment load took 258.61ns 
50719      INFO  main            d.u.i.k.p.i.AbstractProblemLoader Creating init config 
53824      DEBUG main            d.u.i.k.p.i.AbstractProblemLoader Init config took 3.11s 
53907      INFO  main            d.u.i.k.p.i.AbstractProblemLoader Replaying proof SparseArray[SparseArray::get(int)].JML accessible clause.0 
53910      DEBUG main            d.u.i.k.p.i.IntermediateProofReplayer Proof replay took 6ns 
57440      INFO  main            d.u.i.k.p.r.p.TestFile    ... finished proof: closed. 
57675      INFO  main            d.u.i.k.p.i.AbstractProblemLoader Loading environment from /home/runner/work/key/key/key.core/../key.ui/examples/heap/vacid0_01_SparseArray/SparseArray_get_dep.key.proof 
57675      DEBUG main            d.u.i.k.p.i.AbstractProblemLoader Environment load took 806.72ns 
57677      INFO  main            d.u.i.k.p.i.AbstractProblemLoader Creating init config 
60789      DEBUG main            d.u.i.k.p.i.AbstractProblemLoader Init config took 3.11s 
60857      INFO  main            d.u.i.k.p.i.AbstractProblemLoader Replaying proof SparseArray[SparseArray::get(int)].JML accessible clause.0 
61251      DEBUG main            d.u.i.k.p.i.IntermediateProofReplayer Proof replay took 382.4ms 
61253      DEBUG main            d.u.i.k.p.r.p.TestFile    ... success: reloaded. 
61254      INFO  main            d.u.i.k.p.r.p.TestFile    Now processing file /home/runner/work/key/key/key.core/../key.ui/examples/heap/vacid0_01_SparseArray/SparseArray_get.key 
61255      INFO  main            d.u.i.k.p.i.AbstractProblemLoader Loading environment from /home/runner/work/key/key/key.core/../key.ui/examples/heap/vacid0_01_SparseArray/SparseArray_get.key 
61255      DEBUG main            d.u.i.k.p.i.AbstractProblemLoader Environment load took 283.31ns 
61256      INFO  main            d.u.i.k.p.i.AbstractProblemLoader Creating init config 
64332      DEBUG main            d.u.i.k.p.i.AbstractProblemLoader Init config took 3.08s 
64399      INFO  main            d.u.i.k.p.i.AbstractProblemLoader Replaying proof SparseArray[SparseArray::get(int)].JML normal_behavior operation contract.0 
64401      DEBUG main            d.u.i.k.p.i.IntermediateProofReplayer Proof replay took 7.2ns 
66854      INFO  main            d.u.i.k.p.r.p.TestFile    ... finished proof: closed. 
67067      INFO  main            d.u.i.k.p.i.AbstractProblemLoader Loading environment from /home/runner/work/key/key/key.core/../key.ui/examples/heap/vacid0_01_SparseArray/SparseArray_get.key.proof 
67067      DEBUG main            d.u.i.k.p.i.AbstractProblemLoader Environment load took 233.41ns 
67069      INFO  main            d.u.i.k.p.i.AbstractProblemLoader Creating init config 
70187      DEBUG main            d.u.i.k.p.i.AbstractProblemLoader Init config took 3.12s 
70300      INFO  main            d.u.i.k.p.i.AbstractProblemLoader Replaying proof SparseArray[SparseArray::get(int)].JML normal_behavior operation contract.0 
70636      DEBUG main            d.u.i.k.p.i.IntermediateProofReplayer Proof replay took 319.8ms 
70637      DEBUG main            d.u.i.k.p.r.p.TestFile    ... success: reloaded. 
70638      INFO  main            d.u.i.k.p.r.p.TestFile    Now processing file /home/runner/work/key/key/key.core/../key.ui/examples/heap/vacid0_01_SparseArray/SparseArray_inv.key 
70639      INFO  main            d.u.i.k.p.i.AbstractProblemLoader Loading environment from /home/runner/work/key/key/key.core/../key.ui/examples/heap/vacid0_01_SparseArray/SparseArray_inv.key 
70639      DEBUG main            d.u.i.k.p.i.AbstractProblemLoader Environment load took 264.91ns 
70640      INFO  main            d.u.i.k.p.i.AbstractProblemLoader Creating init config 
73686      DEBUG main            d.u.i.k.p.i.AbstractProblemLoader Init config took 3.05s 
73751      INFO  main            d.u.i.k.p.i.AbstractProblemLoader Replaying proof SparseArray[java.lang.Object::<inv>()].JML accessible clause.0 
73753      DEBUG main            d.u.i.k.p.i.IntermediateProofReplayer Proof replay took 6.5ns 
75763      INFO  main            d.u.i.k.p.r.p.TestFile    ... finished proof: closed. 
75981      INFO  main            d.u.i.k.p.i.AbstractProblemLoader Loading environment from /home/runner/work/key/key/key.core/../key.ui/examples/heap/vacid0_01_SparseArray/SparseArray_inv.key.proof 
75982      DEBUG main            d.u.i.k.p.i.AbstractProblemLoader Environment load took 873.72ns 
75984      INFO  main            d.u.i.k.p.i.AbstractProblemLoader Creating init config 
79035      DEBUG main            d.u.i.k.p.i.AbstractProblemLoader Init config took 3.05s 
79101      INFO  main            d.u.i.k.p.i.AbstractProblemLoader Replaying proof SparseArray[java.lang.Object::<inv>()].JML accessible clause.0 
79251      DEBUG main            d.u.i.k.p.i.IntermediateProofReplayer Proof replay took 144.77ms 
79253      DEBUG main            d.u.i.k.p.r.p.TestFile    ... success: reloaded. 
79254      INFO  main            d.u.i.k.p.r.p.TestFile    Now processing file /home/runner/work/key/key/key.core/../key.ui/examples/heap/vacid0_01_SparseArray/SparseArray_SparseArray.key 
79255      INFO  main            d.u.i.k.p.i.AbstractProblemLoader Loading environment from /home/runner/work/key/key/key.core/../key.ui/examples/heap/vacid0_01_SparseArray/SparseArray_SparseArray.key 
79255      DEBUG main            d.u.i.k.p.i.AbstractProblemLoader Environment load took 255.41ns 
79256      INFO  main            d.u.i.k.p.i.AbstractProblemLoader Creating init config 
82289      DEBUG main            d.u.i.k.p.i.AbstractProblemLoader Init config took 3.03s 
82353      INFO  main            d.u.i.k.p.i.AbstractProblemLoader Replaying proof SparseArray[SparseArray::SparseArray(int)].JML normal_behavior operation contract.0 
82355      DEBUG main            d.u.i.k.p.i.IntermediateProofReplayer Proof replay took 7ns 
86185      INFO  main            d.u.i.k.p.r.p.TestFile    ... finished proof: closed. 
86431      INFO  main            d.u.i.k.p.i.AbstractProblemLoader Loading environment from /home/runner/work/key/key/key.core/../key.ui/examples/heap/vacid0_01_SparseArray/SparseArray_SparseArray.key.proof 
86433      DEBUG main            d.u.i.k.p.i.AbstractProblemLoader Environment load took 1.51ms 
86437      INFO  main            d.u.i.k.p.i.AbstractProblemLoader Creating init config 
89474      DEBUG main            d.u.i.k.p.i.AbstractProblemLoader Init config took 3.04s 
89551      INFO  main            d.u.i.k.p.i.AbstractProblemLoader Replaying proof SparseArray[SparseArray::SparseArray(int)].JML normal_behavior operation contract.0 
90139      DEBUG main            d.u.i.k.p.i.IntermediateProofReplayer Proof replay took 576.36ms 
90140      DEBUG main            d.u.i.k.p.r.p.TestFile    ... success: reloaded. 
2563870    INFO  Test worker     d.u.i.k.p.r.RunAllProofsTestUnit Returning from test VACID0 
2563872    INFO  Test worker     d.u.i.k.p.r.RunAllProofsTestUnit Running test VSTTE10 
378        INFO  Timeout watchdog d.u.i.k.p.r.p.ForkedTestFileRunner Timeout watcher launched (2000 secs.) 
390        WARN  main            d.u.i.k.s.ProofSettings   The settings in /home/runner/.key/proof-settings.props are *not* read. 
424        INFO  main            d.u.i.k.p.r.p.TestFile    Now processing file /home/runner/work/key/key/key.core/../key.ui/examples/heap/vstte10_01_SumAndMax/SumAndMax_sumAndMax.key 
551        INFO  main            d.u.i.k.p.i.AbstractProblemLoader Loading environment from /home/runner/work/key/key/key.core/../key.ui/examples/heap/vstte10_01_SumAndMax/SumAndMax_sumAndMax.key 
569        DEBUG main            d.u.i.k.p.i.AbstractProblemLoader Environment load took 2.35ms 
848        INFO  main            d.u.i.k.p.i.AbstractProblemLoader Creating init config 
1847       DEBUG main            d.u.i.k.j.TypeConverter   No LDT found for Meta 
1848       DEBUG main            d.u.i.k.j.TypeConverter   No LDT found for Meta 
1849       DEBUG main            d.u.i.k.j.TypeConverter   No LDT found for Meta 
1850       DEBUG main            d.u.i.k.j.TypeConverter   No LDT found for Meta 
3513       DEBUG main            d.u.i.k.j.TypeConverter   No LDT found for JavaBigintExpression 
9692       DEBUG main            d.u.i.k.p.i.AbstractProblemLoader Init config took 8.84s 
9936       INFO  main            d.u.i.k.p.i.AbstractProblemLoader Replaying proof SumAndMax[SumAndMax::sumAndMax([I)].JML normal_behavior operation contract.0 
9979       DEBUG main            d.u.i.k.p.i.IntermediateProofReplayer Proof replay took 36.6ns 
15661      INFO  main            d.u.i.k.p.r.p.TestFile    ... finished proof: closed. 
15847      INFO  main            d.u.i.k.p.i.AbstractProblemLoader Loading environment from /home/runner/work/key/key/key.core/../key.ui/examples/heap/vstte10_01_SumAndMax/SumAndMax_sumAndMax.key.proof 
15855      DEBUG main            d.u.i.k.p.i.AbstractProblemLoader Environment load took 7.97ms 
15859      INFO  main            d.u.i.k.p.i.AbstractProblemLoader Creating init config 
19219      DEBUG main            d.u.i.k.p.i.AbstractProblemLoader Init config took 3.36s 
19292      INFO  main            d.u.i.k.p.i.AbstractProblemLoader Replaying proof SumAndMax[SumAndMax::sumAndMax([I)].JML normal_behavior operation contract.0 
20094      DEBUG main            d.u.i.k.p.i.IntermediateProofReplayer Proof replay took 778.65ms 
20102      DEBUG main            d.u.i.k.p.r.p.TestFile    ... success: reloaded. 
20104      INFO  main            d.u.i.k.p.r.p.TestFile    Now processing file /home/runner/work/key/key/key.core/../key.ui/examples/heap/vstte10_03_LinkedList/Node_cons.key 
20104      INFO  main            d.u.i.k.p.i.AbstractProblemLoader Loading environment from /home/runner/work/key/key/key.core/../key.ui/examples/heap/vstte10_03_LinkedList/Node_cons.key 
20105      DEBUG main            d.u.i.k.p.i.AbstractProblemLoader Environment load took 282.71ns 
20106      INFO  main            d.u.i.k.p.i.AbstractProblemLoader Creating init config 
23677      DEBUG main            d.u.i.k.p.i.AbstractProblemLoader Init config took 3.57s 
23746      INFO  main            d.u.i.k.p.i.AbstractProblemLoader Replaying proof Node[Node::cons(int,Node)].JML normal_behavior operation contract.0 
23749      DEBUG main            d.u.i.k.p.i.IntermediateProofReplayer Proof replay took 6.3ns 
25576      INFO  main            d.u.i.k.p.r.p.TestFile    ... finished proof: closed. 
25772      INFO  main            d.u.i.k.p.i.AbstractProblemLoader Loading environment from /home/runner/work/key/key/key.core/../key.ui/examples/heap/vstte10_03_LinkedList/Node_cons.key.proof 
25773      DEBUG main            d.u.i.k.p.i.AbstractProblemLoader Environment load took 475.71ns 
25775      INFO  main            d.u.i.k.p.i.AbstractProblemLoader Creating init config 
29014      DEBUG main            d.u.i.k.p.i.AbstractProblemLoader Init config took 3.24s 
29093      INFO  main            d.u.i.k.p.i.AbstractProblemLoader Replaying proof Node[Node::cons(int,Node)].JML normal_behavior operation contract.0 
29432      DEBUG main            d.u.i.k.p.i.IntermediateProofReplayer Proof replay took 327.5ms 
29434      DEBUG main            d.u.i.k.p.r.p.TestFile    ... success: reloaded. 
29436      INFO  main            d.u.i.k.p.r.p.TestFile    Now processing file /home/runner/work/key/key/key.core/../key.ui/examples/heap/vstte10_03_LinkedList/Node_inv.key 
29436      INFO  main            d.u.i.k.p.i.AbstractProblemLoader Loading environment from /home/runner/work/key/key/key.core/../key.ui/examples/heap/vstte10_03_LinkedList/Node_inv.key 
29437      DEBUG main            d.u.i.k.p.i.AbstractProblemLoader Environment load took 253.91ns 
29438      INFO  main            d.u.i.k.p.i.AbstractProblemLoader Creating init config 
32597      DEBUG main            d.u.i.k.p.i.AbstractProblemLoader Init config took 3.16s 
32676      INFO  main            d.u.i.k.p.i.AbstractProblemLoader Replaying proof Node[java.lang.Object::<inv>()].JML accessible clause.0 
32679      DEBUG main            d.u.i.k.p.i.IntermediateProofReplayer Proof replay took 6ns 
33085      INFO  main            d.u.i.k.p.r.p.TestFile    ... finished proof: closed. 
33270      INFO  main            d.u.i.k.p.i.AbstractProblemLoader Loading environment from /home/runner/work/key/key/key.core/../key.ui/examples/heap/vstte10_03_LinkedList/Node_inv.key.proof 
33271      DEBUG main            d.u.i.k.p.i.AbstractProblemLoader Environment load took 903.62ns 
33275      INFO  main            d.u.i.k.p.i.AbstractProblemLoader Creating init config 
36467      DEBUG main            d.u.i.k.p.i.AbstractProblemLoader Init config took 3.19s 
36524      INFO  main            d.u.i.k.p.i.AbstractProblemLoader Replaying proof Node[java.lang.Object::<inv>()].JML accessible clause.0 
36569      DEBUG main            d.u.i.k.p.i.IntermediateProofReplayer Proof replay took 40.71ms 
36570      DEBUG main            d.u.i.k.p.r.p.TestFile    ... success: reloaded. 
36572      INFO  main            d.u.i.k.p.r.p.TestFile    Now processing file /home/runner/work/key/key/key.core/../key.ui/examples/heap/vstte10_03_LinkedList/Node_search.key 
36572      INFO  main            d.u.i.k.p.i.AbstractProblemLoader Loading environment from /home/runner/work/key/key/key.core/../key.ui/examples/heap/vstte10_03_LinkedList/Node_search.key 
36572      DEBUG main            d.u.i.k.p.i.AbstractProblemLoader Environment load took 236.21ns 
36573      INFO  main            d.u.i.k.p.i.AbstractProblemLoader Creating init config 
39762      DEBUG main            d.u.i.k.p.i.AbstractProblemLoader Init config took 3.19s 
39821      INFO  main            d.u.i.k.p.i.AbstractProblemLoader Replaying proof Node[Node::search()].JML normal_behavior operation contract.0 
39823      DEBUG main            d.u.i.k.p.i.IntermediateProofReplayer Proof replay took 6.9ns 
46865      INFO  main            d.u.i.k.p.r.p.TestFile    ... finished proof: closed. 
47104      INFO  main            d.u.i.k.p.i.AbstractProblemLoader Loading environment from /home/runner/work/key/key/key.core/../key.ui/examples/heap/vstte10_03_LinkedList/Node_search.key.proof 
47105      DEBUG main            d.u.i.k.p.i.AbstractProblemLoader Environment load took 560.51ns 
47108      INFO  main            d.u.i.k.p.i.AbstractProblemLoader Creating init config 
50305      DEBUG main            d.u.i.k.p.i.AbstractProblemLoader Init config took 3.2s 
50363      INFO  main            d.u.i.k.p.i.AbstractProblemLoader Replaying proof Node[Node::search()].JML normal_behavior operation contract.0 
51157      DEBUG main            d.u.i.k.p.i.IntermediateProofReplayer Proof replay took 753.26ms 
51160      DEBUG main            d.u.i.k.p.r.p.TestFile    ... success: reloaded. 
51161      INFO  main            d.u.i.k.p.r.p.TestFile    Now processing file /home/runner/work/key/key/key.core/../key.ui/examples/heap/vstte10_04_Queens/Queens_isConsistent.key 
51162      INFO  main            d.u.i.k.p.i.AbstractProblemLoader Loading environment from /home/runner/work/key/key/key.core/../key.ui/examples/heap/vstte10_04_Queens/Queens_isConsistent.key 
51162      DEBUG main            d.u.i.k.p.i.AbstractProblemLoader Environment load took 292.61ns 
51163      INFO  main            d.u.i.k.p.i.AbstractProblemLoader Creating init config 
54710      DEBUG main            d.u.i.k.p.i.AbstractProblemLoader Init config took 3.55s 
54760      INFO  main            d.u.i.k.p.i.AbstractProblemLoader Replaying proof Queens[Queens::isConsistent([I,int)].JML normal_behavior operation contract.0 
54762      DEBUG main            d.u.i.k.p.i.IntermediateProofReplayer Proof replay took 7.7ns 
56904      INFO  main            d.u.i.k.p.r.p.TestFile    ... finished proof: closed. 
57190      INFO  main            d.u.i.k.p.i.AbstractProblemLoader Loading environment from /home/runner/work/key/key/key.core/../key.ui/examples/heap/vstte10_04_Queens/Queens_isConsistent.key.proof 
57191      DEBUG main            d.u.i.k.p.i.AbstractProblemLoader Environment load took 636.62ns 
57193      INFO  main            d.u.i.k.p.i.AbstractProblemLoader Creating init config 
60524      DEBUG main            d.u.i.k.p.i.AbstractProblemLoader Init config took 3.33s 
60580      INFO  main            d.u.i.k.p.i.AbstractProblemLoader Replaying proof Queens[Queens::isConsistent([I,int)].JML normal_behavior operation contract.0 
61115      DEBUG main            d.u.i.k.p.i.IntermediateProofReplayer Proof replay took 524.53ms 
61117      DEBUG main            d.u.i.k.p.r.p.TestFile    ... success: reloaded. 
61119      INFO  main            d.u.i.k.p.r.p.TestFile    Now processing file /home/runner/work/key/key/key.core/../key.ui/examples/heap/vstte10_04_Queens/Queens_nQueens.key 
61119      INFO  main            d.u.i.k.p.i.AbstractProblemLoader Loading environment from /home/runner/work/key/key/key.core/../key.ui/examples/heap/vstte10_04_Queens/Queens_nQueens.key 
61120      DEBUG main            d.u.i.k.p.i.AbstractProblemLoader Environment load took 272.01ns 
61121      INFO  main            d.u.i.k.p.i.AbstractProblemLoader Creating init config 
64417      DEBUG main            d.u.i.k.p.i.AbstractProblemLoader Init config took 3.3s 
64464      INFO  main            d.u.i.k.p.i.AbstractProblemLoader Replaying proof Queens[Queens::nQueens(int)].JML normal_behavior operation contract.0 
64466      DEBUG main            d.u.i.k.p.i.IntermediateProofReplayer Proof replay took 7.6ns 
78553      INFO  main            d.u.i.k.p.r.p.TestFile    ... finished proof: closed. 
78837      INFO  main            d.u.i.k.p.i.AbstractProblemLoader Loading environment from /home/runner/work/key/key/key.core/../key.ui/examples/heap/vstte10_04_Queens/Queens_nQueens.key.proof 
78837      DEBUG main            d.u.i.k.p.i.AbstractProblemLoader Environment load took 227.91ns 
78839      INFO  main            d.u.i.k.p.i.AbstractProblemLoader Creating init config 
82006      DEBUG main            d.u.i.k.p.i.AbstractProblemLoader Init config took 3.17s 
82063      INFO  main            d.u.i.k.p.i.AbstractProblemLoader Replaying proof Queens[Queens::nQueens(int)].JML normal_behavior operation contract.0 
83244      DEBUG main            d.u.i.k.p.i.IntermediateProofReplayer Proof replay took 1.16s 
83246      DEBUG main            d.u.i.k.p.r.p.TestFile    ... success: reloaded. 
83247      INFO  main            d.u.i.k.p.r.p.TestFile    Now processing file /home/runner/work/key/key/key.core/../key.ui/examples/heap/vstte10_05_Queue/AmortizedQueue_AmortizedQueue.key 
83248      INFO  main            d.u.i.k.p.i.AbstractProblemLoader Loading environment from /home/runner/work/key/key/key.core/../key.ui/examples/heap/vstte10_05_Queue/AmortizedQueue_AmortizedQueue.key 
83248      DEBUG main            d.u.i.k.p.i.AbstractProblemLoader Environment load took 117ns 
83249      INFO  main            d.u.i.k.p.i.AbstractProblemLoader Creating init config 
86608      DEBUG main            d.u.i.k.p.i.AbstractProblemLoader Init config took 3.36s 
86659      INFO  main            d.u.i.k.p.i.AbstractProblemLoader Replaying proof AmortizedQueue[AmortizedQueue::AmortizedQueue()].JML normal_behavior operation contract.0 
86661      DEBUG main            d.u.i.k.p.i.IntermediateProofReplayer Proof replay took 7.7ns 
88380      INFO  main            d.u.i.k.p.r.p.TestFile    ... finished proof: closed. 
88614      INFO  main            d.u.i.k.p.i.AbstractProblemLoader Loading environment from /home/runner/work/key/key/key.core/../key.ui/examples/heap/vstte10_05_Queue/AmortizedQueue_AmortizedQueue.key.proof 
88614      DEBUG main            d.u.i.k.p.i.AbstractProblemLoader Environment load took 227.81ns 
88615      INFO  main            d.u.i.k.p.i.AbstractProblemLoader Creating init config 
91893      DEBUG main            d.u.i.k.p.i.AbstractProblemLoader Init config took 3.28s 
91952      INFO  main            d.u.i.k.p.i.AbstractProblemLoader Replaying proof AmortizedQueue[AmortizedQueue::AmortizedQueue()].JML normal_behavior operation contract.0 
92243      DEBUG main            d.u.i.k.p.i.IntermediateProofReplayer Proof replay took 284.87ms 
92245      DEBUG main            d.u.i.k.p.r.p.TestFile    ... success: reloaded. 
92246      INFO  main            d.u.i.k.p.r.p.TestFile    Now processing file /home/runner/work/key/key/key.core/../key.ui/examples/heap/vstte10_05_Queue/AmortizedQueue_front.key 
92247      INFO  main            d.u.i.k.p.i.AbstractProblemLoader Loading environment from /home/runner/work/key/key/key.core/../key.ui/examples/heap/vstte10_05_Queue/AmortizedQueue_front.key 
92247      DEBUG main            d.u.i.k.p.i.AbstractProblemLoader Environment load took 257.21ns 
92248      INFO  main            d.u.i.k.p.i.AbstractProblemLoader Creating init config 
95571      DEBUG main            d.u.i.k.p.i.AbstractProblemLoader Init config took 3.32s 
95621      INFO  main            d.u.i.k.p.i.AbstractProblemLoader Replaying proof AmortizedQueue[AmortizedQueue::front()].JML normal_behavior operation contract.0 
95623      DEBUG main            d.u.i.k.p.i.IntermediateProofReplayer Proof replay took 8.2ns 
96127      INFO  main            d.u.i.k.p.r.p.TestFile    ... finished proof: closed. 
96345      INFO  main            d.u.i.k.p.i.AbstractProblemLoader Loading environment from /home/runner/work/key/key/key.core/../key.ui/examples/heap/vstte10_05_Queue/AmortizedQueue_front.key.proof 
96345      DEBUG main            d.u.i.k.p.i.AbstractProblemLoader Environment load took 532.41ns 
96347      INFO  main            d.u.i.k.p.i.AbstractProblemLoader Creating init config 
99564      DEBUG main            d.u.i.k.p.i.AbstractProblemLoader Init config took 3.22s 
99613      INFO  main            d.u.i.k.p.i.AbstractProblemLoader Replaying proof AmortizedQueue[AmortizedQueue::front()].JML normal_behavior operation contract.0 
99691      DEBUG main            d.u.i.k.p.i.IntermediateProofReplayer Proof replay took 75.28ms 
99693      DEBUG main            d.u.i.k.p.r.p.TestFile    ... success: reloaded. 
99694      INFO  main            d.u.i.k.p.r.p.TestFile    Now processing file /home/runner/work/key/key/key.core/../key.ui/examples/heap/vstte10_05_Queue/LinkedList_concat.key 
99695      INFO  main            d.u.i.k.p.i.AbstractProblemLoader Loading environment from /home/runner/work/key/key/key.core/../key.ui/examples/heap/vstte10_05_Queue/LinkedList_concat.key 
99695      DEBUG main            d.u.i.k.p.i.AbstractProblemLoader Environment load took 264.11ns 
99696      INFO  main            d.u.i.k.p.i.AbstractProblemLoader Creating init config 
102956     DEBUG main            d.u.i.k.p.i.AbstractProblemLoader Init config took 3.26s 
103009     INFO  main            d.u.i.k.p.i.AbstractProblemLoader Replaying proof LinkedList[LinkedList::concat(LinkedList)].JML normal_behavior operation contract.0 
103010     DEBUG main            d.u.i.k.p.i.IntermediateProofReplayer Proof replay took 6.9ns 
113043     INFO  main            d.u.i.k.p.r.p.TestFile    ... finished proof: closed. 
113349     INFO  main            d.u.i.k.p.i.AbstractProblemLoader Loading environment from /home/runner/work/key/key/key.core/../key.ui/examples/heap/vstte10_05_Queue/LinkedList_concat.key.proof 
113350     DEBUG main            d.u.i.k.p.i.AbstractProblemLoader Environment load took 483.41ns 
113353     INFO  main            d.u.i.k.p.i.AbstractProblemLoader Creating init config 
116604     DEBUG main            d.u.i.k.p.i.AbstractProblemLoader Init config took 3.25s 
116664     INFO  main            d.u.i.k.p.i.AbstractProblemLoader Replaying proof LinkedList[LinkedList::concat(LinkedList)].JML normal_behavior operation contract.0 
117768     DEBUG main            d.u.i.k.p.i.IntermediateProofReplayer Proof replay took 1.06s 
117774     DEBUG main            d.u.i.k.p.r.p.TestFile    ... success: reloaded. 
117775     INFO  main            d.u.i.k.p.r.p.TestFile    Now processing file /home/runner/work/key/key/key.core/../key.ui/examples/heap/vstte10_05_Queue/LinkedList_cons.key 
117775     INFO  main            d.u.i.k.p.i.AbstractProblemLoader Loading environment from /home/runner/work/key/key/key.core/../key.ui/examples/heap/vstte10_05_Queue/LinkedList_cons.key 
117775     DEBUG main            d.u.i.k.p.i.AbstractProblemLoader Environment load took 75.2ns 
117776     INFO  main            d.u.i.k.p.i.AbstractProblemLoader Creating init config 
121024     DEBUG main            d.u.i.k.p.i.AbstractProblemLoader Init config took 3.25s 
121078     INFO  main            d.u.i.k.p.i.AbstractProblemLoader Replaying proof LinkedList[LinkedList::cons(int)].JML normal_behavior operation contract.0 
121080     DEBUG main            d.u.i.k.p.i.IntermediateProofReplayer Proof replay took 7.3ns 
123796     INFO  main            d.u.i.k.p.r.p.TestFile    ... finished proof: closed. 
124118     INFO  main            d.u.i.k.p.i.AbstractProblemLoader Loading environment from /home/runner/work/key/key/key.core/../key.ui/examples/heap/vstte10_05_Queue/LinkedList_cons.key.proof 
124118     DEBUG main            d.u.i.k.p.i.AbstractProblemLoader Environment load took 516.21ns 
124120     INFO  main            d.u.i.k.p.i.AbstractProblemLoader Creating init config 
127409     DEBUG main            d.u.i.k.p.i.AbstractProblemLoader Init config took 3.29s 
127469     INFO  main            d.u.i.k.p.i.AbstractProblemLoader Replaying proof LinkedList[LinkedList::cons(int)].JML normal_behavior operation contract.0 
127807     DEBUG main            d.u.i.k.p.i.IntermediateProofReplayer Proof replay took 323ms 
127808     DEBUG main            d.u.i.k.p.r.p.TestFile    ... success: reloaded. 
127809     INFO  main            d.u.i.k.p.r.p.TestFile    Now processing file /home/runner/work/key/key/key.core/../key.ui/examples/heap/vstte10_05_Queue/LinkedList_head.key 
127810     INFO  main            d.u.i.k.p.i.AbstractProblemLoader Loading environment from /home/runner/work/key/key/key.core/../key.ui/examples/heap/vstte10_05_Queue/LinkedList_head.key 
127810     DEBUG main            d.u.i.k.p.i.AbstractProblemLoader Environment load took 69.7ns 
127811     INFO  main            d.u.i.k.p.i.AbstractProblemLoader Creating init config 
131019     DEBUG main            d.u.i.k.p.i.AbstractProblemLoader Init config took 3.21s 
131069     INFO  main            d.u.i.k.p.i.AbstractProblemLoader Replaying proof LinkedList[LinkedList::head()].JML normal_behavior operation contract.0 
131070     DEBUG main            d.u.i.k.p.i.IntermediateProofReplayer Proof replay took 6.8ns 
131176     INFO  main            d.u.i.k.p.r.p.TestFile    ... finished proof: closed. 
131407     INFO  main            d.u.i.k.p.i.AbstractProblemLoader Loading environment from /home/runner/work/key/key/key.core/../key.ui/examples/heap/vstte10_05_Queue/LinkedList_head.key.proof 
131407     DEBUG main            d.u.i.k.p.i.AbstractProblemLoader Environment load took 129.3ns 
131408     INFO  main            d.u.i.k.p.i.AbstractProblemLoader Creating init config 
134504     DEBUG main            d.u.i.k.p.i.AbstractProblemLoader Init config took 3.1s 
134554     INFO  main            d.u.i.k.p.i.AbstractProblemLoader Replaying proof LinkedList[LinkedList::head()].JML normal_behavior operation contract.0 
134571     DEBUG main            d.u.i.k.p.i.IntermediateProofReplayer Proof replay took 14.67ms 
134572     DEBUG main            d.u.i.k.p.r.p.TestFile    ... success: reloaded. 
134573     INFO  main            d.u.i.k.p.r.p.TestFile    Now processing file /home/runner/work/key/key/key.core/../key.ui/examples/heap/vstte10_05_Queue/LinkedList_inv.key 
134573     INFO  main            d.u.i.k.p.i.AbstractProblemLoader Loading environment from /home/runner/work/key/key/key.core/../key.ui/examples/heap/vstte10_05_Queue/LinkedList_inv.key 
134573     DEBUG main            d.u.i.k.p.i.AbstractProblemLoader Environment load took 133.1ns 
134574     INFO  main            d.u.i.k.p.i.AbstractProblemLoader Creating init config 
137778     DEBUG main            d.u.i.k.p.i.AbstractProblemLoader Init config took 3.2s 
137843     INFO  main            d.u.i.k.p.i.AbstractProblemLoader Replaying proof LinkedList[java.lang.Object::<inv>()].JML accessible clause.0 
137844     DEBUG main            d.u.i.k.p.i.IntermediateProofReplayer Proof replay took 6.7ns 
138149     INFO  main            d.u.i.k.p.r.p.TestFile    ... finished proof: closed. 
138421     INFO  main            d.u.i.k.p.i.AbstractProblemLoader Loading environment from /home/runner/work/key/key/key.core/../key.ui/examples/heap/vstte10_05_Queue/LinkedList_inv.key.proof 
138421     DEBUG main            d.u.i.k.p.i.AbstractProblemLoader Environment load took 316.31ns 
138422     INFO  main            d.u.i.k.p.i.AbstractProblemLoader Creating init config 
141550     DEBUG main            d.u.i.k.p.i.AbstractProblemLoader Init config took 3.13s 
141611     INFO  main            d.u.i.k.p.i.AbstractProblemLoader Replaying proof LinkedList[java.lang.Object::<inv>()].JML accessible clause.0 
141644     DEBUG main            d.u.i.k.p.i.IntermediateProofReplayer Proof replay took 30.87ms 
141645     DEBUG main            d.u.i.k.p.r.p.TestFile    ... success: reloaded. 
141646     INFO  main            d.u.i.k.p.r.p.TestFile    Now processing file /home/runner/work/key/key/key.core/../key.ui/examples/heap/vstte10_05_Queue/LinkedList_length.key 
141647     INFO  main            d.u.i.k.p.i.AbstractProblemLoader Loading environment from /home/runner/work/key/key/key.core/../key.ui/examples/heap/vstte10_05_Queue/LinkedList_length.key 
141647     DEBUG main            d.u.i.k.p.i.AbstractProblemLoader Environment load took 110.5ns 
141648     INFO  main            d.u.i.k.p.i.AbstractProblemLoader Creating init config 
144874     DEBUG main            d.u.i.k.p.i.AbstractProblemLoader Init config took 3.23s 
144942     INFO  main            d.u.i.k.p.i.AbstractProblemLoader Replaying proof LinkedList[LinkedList::length()].JML normal_behavior operation contract.0 
144944     DEBUG main            d.u.i.k.p.i.IntermediateProofReplayer Proof replay took 6.4ns 
145047     INFO  main            d.u.i.k.p.r.p.TestFile    ... finished proof: closed. 
145304     INFO  main            d.u.i.k.p.i.AbstractProblemLoader Loading environment from /home/runner/work/key/key/key.core/../key.ui/examples/heap/vstte10_05_Queue/LinkedList_length.key.proof 
145304     DEBUG main            d.u.i.k.p.i.AbstractProblemLoader Environment load took 135.9ns 
145306     INFO  main            d.u.i.k.p.i.AbstractProblemLoader Creating init config 
148527     DEBUG main            d.u.i.k.p.i.AbstractProblemLoader Init config took 3.22s 
148576     INFO  main            d.u.i.k.p.i.AbstractProblemLoader Replaying proof LinkedList[LinkedList::length()].JML normal_behavior operation contract.0 
148593     DEBUG main            d.u.i.k.p.i.IntermediateProofReplayer Proof replay took 14.44ms 
148593     DEBUG main            d.u.i.k.p.r.p.TestFile    ... success: reloaded. 
148594     INFO  main            d.u.i.k.p.r.p.TestFile    Now processing file /home/runner/work/key/key/key.core/../key.ui/examples/heap/vstte10_05_Queue/LinkedList_LinkedList1.key 
148595     INFO  main            d.u.i.k.p.i.AbstractProblemLoader Loading environment from /home/runner/work/key/key/key.core/../key.ui/examples/heap/vstte10_05_Queue/LinkedList_LinkedList1.key 
148595     DEBUG main            d.u.i.k.p.i.AbstractProblemLoader Environment load took 135.3ns 
148596     INFO  main            d.u.i.k.p.i.AbstractProblemLoader Creating init config 
151779     DEBUG main            d.u.i.k.p.i.AbstractProblemLoader Init config took 3.18s 
151829     INFO  main            d.u.i.k.p.i.AbstractProblemLoader Replaying proof LinkedList[LinkedList::LinkedList(int,LinkedList)].JML normal_behavior operation contract.0 
151830     DEBUG main            d.u.i.k.p.i.IntermediateProofReplayer Proof replay took 5.9ns 
153949     INFO  main            d.u.i.k.p.r.p.TestFile    ... finished proof: closed. 
154237     INFO  main            d.u.i.k.p.i.AbstractProblemLoader Loading environment from /home/runner/work/key/key/key.core/../key.ui/examples/heap/vstte10_05_Queue/LinkedList_LinkedList1.key.proof 
154237     DEBUG main            d.u.i.k.p.i.AbstractProblemLoader Environment load took 142.6ns 
154239     INFO  main            d.u.i.k.p.i.AbstractProblemLoader Creating init config 
157487     DEBUG main            d.u.i.k.p.i.AbstractProblemLoader Init config took 3.25s 
157539     INFO  main            d.u.i.k.p.i.AbstractProblemLoader Replaying proof LinkedList[LinkedList::LinkedList(int,LinkedList)].JML normal_behavior operation contract.0 
157843     DEBUG main            d.u.i.k.p.i.IntermediateProofReplayer Proof replay took 296.88ms 
157844     DEBUG main            d.u.i.k.p.r.p.TestFile    ... success: reloaded. 
157845     INFO  main            d.u.i.k.p.r.p.TestFile    Now processing file /home/runner/work/key/key/key.core/../key.ui/examples/heap/vstte10_05_Queue/LinkedList_LinkedList2.key 
157846     INFO  main            d.u.i.k.p.i.AbstractProblemLoader Loading environment from /home/runner/work/key/key/key.core/../key.ui/examples/heap/vstte10_05_Queue/LinkedList_LinkedList2.key 
157846     DEBUG main            d.u.i.k.p.i.AbstractProblemLoader Environment load took 167.9ns 
157847     INFO  main            d.u.i.k.p.i.AbstractProblemLoader Creating init config 
161113     DEBUG main            d.u.i.k.p.i.AbstractProblemLoader Init config took 3.27s 
161162     INFO  main            d.u.i.k.p.i.AbstractProblemLoader Replaying proof LinkedList[LinkedList::LinkedList(int,LinkedList)].JML normal_behavior operation contract.0 
161164     DEBUG main            d.u.i.k.p.i.IntermediateProofReplayer Proof replay took 5.9ns 
163274     INFO  main            d.u.i.k.p.r.p.TestFile    ... finished proof: closed. 
163583     INFO  main            d.u.i.k.p.i.AbstractProblemLoader Loading environment from /home/runner/work/key/key/key.core/../key.ui/examples/heap/vstte10_05_Queue/LinkedList_LinkedList2.key.proof 
163583     DEBUG main            d.u.i.k.p.i.AbstractProblemLoader Environment load took 155.4ns 
163584     INFO  main            d.u.i.k.p.i.AbstractProblemLoader Creating init config 
166672     DEBUG main            d.u.i.k.p.i.AbstractProblemLoader Init config took 3.09s 
166723     INFO  main            d.u.i.k.p.i.AbstractProblemLoader Replaying proof LinkedList[LinkedList::LinkedList(int,LinkedList)].JML normal_behavior operation contract.0 
167066     DEBUG main            d.u.i.k.p.i.IntermediateProofReplayer Proof replay took 335.14ms 
167067     DEBUG main            d.u.i.k.p.r.p.TestFile    ... success: reloaded. 
167068     INFO  main            d.u.i.k.p.r.p.TestFile    Now processing file /home/runner/work/key/key/key.core/../key.ui/examples/heap/vstte10_05_Queue/LinkedList_LinkedList3.key 
167069     INFO  main            d.u.i.k.p.i.AbstractProblemLoader Loading environment from /home/runner/work/key/key/key.core/../key.ui/examples/heap/vstte10_05_Queue/LinkedList_LinkedList3.key 
167069     DEBUG main            d.u.i.k.p.i.AbstractProblemLoader Environment load took 136.7ns 
167070     INFO  main            d.u.i.k.p.i.AbstractProblemLoader Creating init config 
170217     DEBUG main            d.u.i.k.p.i.AbstractProblemLoader Init config took 3.15s 
170267     INFO  main            d.u.i.k.p.i.AbstractProblemLoader Replaying proof LinkedList[LinkedList::LinkedList(int,LinkedList)].JML normal_behavior operation contract.0 
170268     DEBUG main            d.u.i.k.p.i.IntermediateProofReplayer Proof replay took 6.5ns 
185389     INFO  main            d.u.i.k.p.r.p.TestFile    ... finished proof: closed. 
185789     INFO  main            d.u.i.k.p.i.AbstractProblemLoader Loading environment from /home/runner/work/key/key/key.core/../key.ui/examples/heap/vstte10_05_Queue/LinkedList_LinkedList3.key.proof 
185789     DEBUG main            d.u.i.k.p.i.AbstractProblemLoader Environment load took 210.31ns 
185797     INFO  main            d.u.i.k.p.i.AbstractProblemLoader Creating init config 
188881     DEBUG main            d.u.i.k.p.i.AbstractProblemLoader Init config took 3.08s 
188933     INFO  main            d.u.i.k.p.i.AbstractProblemLoader Replaying proof LinkedList[LinkedList::LinkedList(int,LinkedList)].JML normal_behavior operation contract.0 
190360     DEBUG main            d.u.i.k.p.i.IntermediateProofReplayer Proof replay took 1.33s 
190368     DEBUG main            d.u.i.k.p.r.p.TestFile    ... success: reloaded. 
190369     INFO  main            d.u.i.k.p.r.p.TestFile    Now processing file /home/runner/work/key/key/key.core/../key.ui/examples/heap/vstte10_05_Queue/LinkedList_reverse.key 
190370     INFO  main            d.u.i.k.p.i.AbstractProblemLoader Loading environment from /home/runner/work/key/key/key.core/../key.ui/examples/heap/vstte10_05_Queue/LinkedList_reverse.key 
190370     DEBUG main            d.u.i.k.p.i.AbstractProblemLoader Environment load took 150.5ns 
190371     INFO  main            d.u.i.k.p.i.AbstractProblemLoader Creating init config 
193615     DEBUG main            d.u.i.k.p.i.AbstractProblemLoader Init config took 3.24s 
193667     INFO  main            d.u.i.k.p.i.AbstractProblemLoader Replaying proof LinkedList[LinkedList::reverse()].JML normal_behavior operation contract.0 
193669     DEBUG main            d.u.i.k.p.i.IntermediateProofReplayer Proof replay took 6.6ns 
204161     INFO  main            d.u.i.k.p.r.p.TestFile    ... finished proof: closed. 
204545     INFO  main            d.u.i.k.p.i.AbstractProblemLoader Loading environment from /home/runner/work/key/key/key.core/../key.ui/examples/heap/vstte10_05_Queue/LinkedList_reverse.key.proof 
204546     DEBUG main            d.u.i.k.p.i.AbstractProblemLoader Environment load took 712.72ns 
204549     INFO  main            d.u.i.k.p.i.AbstractProblemLoader Creating init config 
207665     DEBUG main            d.u.i.k.p.i.AbstractProblemLoader Init config took 3.12s 
207713     INFO  main            d.u.i.k.p.i.AbstractProblemLoader Replaying proof LinkedList[LinkedList::reverse()].JML normal_behavior operation contract.0 
208608     DEBUG main            d.u.i.k.p.i.IntermediateProofReplayer Proof replay took 866.06ms 
208611     DEBUG main            d.u.i.k.p.r.p.TestFile    ... success: reloaded. 
208612     INFO  main            d.u.i.k.p.r.p.TestFile    Now processing file /home/runner/work/key/key/key.core/../key.ui/examples/heap/vstte10_05_Queue/LinkedList_tail.key 
208612     INFO  main            d.u.i.k.p.i.AbstractProblemLoader Loading environment from /home/runner/work/key/key/key.core/../key.ui/examples/heap/vstte10_05_Queue/LinkedList_tail.key 
208612     DEBUG main            d.u.i.k.p.i.AbstractProblemLoader Environment load took 107.3ns 
208616     INFO  main            d.u.i.k.p.i.AbstractProblemLoader Creating init config 
211842     DEBUG main            d.u.i.k.p.i.AbstractProblemLoader Init config took 3.23s 
211919     INFO  main            d.u.i.k.p.i.AbstractProblemLoader Replaying proof LinkedList[LinkedList::tail()].JML normal_behavior operation contract.0 
211920     DEBUG main            d.u.i.k.p.i.IntermediateProofReplayer Proof replay took 47.6ns 
212525     INFO  main            d.u.i.k.p.r.p.TestFile    ... finished proof: closed. 
212835     INFO  main            d.u.i.k.p.i.AbstractProblemLoader Loading environment from /home/runner/work/key/key/key.core/../key.ui/examples/heap/vstte10_05_Queue/LinkedList_tail.key.proof 
212836     DEBUG main            d.u.i.k.p.i.AbstractProblemLoader Environment load took 502.51ns 
212837     INFO  main            d.u.i.k.p.i.AbstractProblemLoader Creating init config 
215985     DEBUG main            d.u.i.k.p.i.AbstractProblemLoader Init config took 3.15s 
216045     INFO  main            d.u.i.k.p.i.AbstractProblemLoader Replaying proof LinkedList[LinkedList::tail()].JML normal_behavior operation contract.0 
216173     DEBUG main            d.u.i.k.p.i.IntermediateProofReplayer Proof replay took 124.21ms 
216174     DEBUG main            d.u.i.k.p.r.p.TestFile    ... success: reloaded. 
2780232    INFO  Test worker     d.u.i.k.p.r.RunAllProofsTestUnit Returning from test VSTTE10 
2780235    INFO  Test worker     d.u.i.k.p.r.RunAllProofsTestUnit Running test WeideEtAl 
402        INFO  Timeout watchdog d.u.i.k.p.r.p.ForkedTestFileRunner Timeout watcher launched (2000 secs.) 
408        WARN  main            d.u.i.k.s.ProofSettings   The settings in /home/runner/.key/proof-settings.props are *not* read. 
452        INFO  main            d.u.i.k.p.r.p.TestFile    Now processing file /home/runner/work/key/key/key.core/../key.ui/examples/heap/WeideEtAl_01_AddAndMultiply/AddAndMultiply_add.key 
578        INFO  main            d.u.i.k.p.i.AbstractProblemLoader Loading environment from /home/runner/work/key/key/key.core/../key.ui/examples/heap/WeideEtAl_01_AddAndMultiply/AddAndMultiply_add.key 
596        DEBUG main            d.u.i.k.p.i.AbstractProblemLoader Environment load took 2.09ms 
861        INFO  main            d.u.i.k.p.i.AbstractProblemLoader Creating init config 
1898       DEBUG main            d.u.i.k.j.TypeConverter   No LDT found for Meta 
1905       DEBUG main            d.u.i.k.j.TypeConverter   No LDT found for Meta 
1906       DEBUG main            d.u.i.k.j.TypeConverter   No LDT found for Meta 
1908       DEBUG main            d.u.i.k.j.TypeConverter   No LDT found for Meta 
3288       DEBUG main            d.u.i.k.j.TypeConverter   No LDT found for JavaBigintExpression 
9023       DEBUG main            d.u.i.k.p.i.AbstractProblemLoader Init config took 8.16s 
9176       INFO  main            d.u.i.k.p.i.AbstractProblemLoader Replaying proof AddAndMultiply[AddAndMultiply::add(int,int)].JML normal_behavior operation contract.0 
9219       DEBUG main            d.u.i.k.p.i.IntermediateProofReplayer Proof replay took 36.5ns 
10870      INFO  main            d.u.i.k.p.r.p.TestFile    ... finished proof: closed. 
11031      INFO  main            d.u.i.k.p.i.AbstractProblemLoader Loading environment from /home/runner/work/key/key/key.core/../key.ui/examples/heap/WeideEtAl_01_AddAndMultiply/AddAndMultiply_add.key.proof 
11032      DEBUG main            d.u.i.k.p.i.AbstractProblemLoader Environment load took 157.6ns 
11034      INFO  main            d.u.i.k.p.i.AbstractProblemLoader Creating init config 
14138      DEBUG main            d.u.i.k.p.i.AbstractProblemLoader Init config took 3.1s 
14216      INFO  main            d.u.i.k.p.i.AbstractProblemLoader Replaying proof AddAndMultiply[AddAndMultiply::add(int,int)].JML normal_behavior operation contract.0 
14549      DEBUG main            d.u.i.k.p.i.IntermediateProofReplayer Proof replay took 321.46ms 
14557      DEBUG main            d.u.i.k.p.r.p.TestFile    ... success: reloaded. 
14566      INFO  main            d.u.i.k.p.r.p.TestFile    Now processing file /home/runner/work/key/key/key.core/../key.ui/examples/heap/WeideEtAl_01_AddAndMultiply/AddAndMultiply_mul.key 
14566      INFO  main            d.u.i.k.p.i.AbstractProblemLoader Loading environment from /home/runner/work/key/key/key.core/../key.ui/examples/heap/WeideEtAl_01_AddAndMultiply/AddAndMultiply_mul.key 
14566      DEBUG main            d.u.i.k.p.i.AbstractProblemLoader Environment load took 328.11ns 
14570      INFO  main            d.u.i.k.p.i.AbstractProblemLoader Creating init config 
17704      DEBUG main            d.u.i.k.p.i.AbstractProblemLoader Init config took 3.13s 
17790      INFO  main            d.u.i.k.p.i.AbstractProblemLoader Replaying proof AddAndMultiply[AddAndMultiply::mul(int,int)].JML normal_behavior operation contract.0 
17793      DEBUG main            d.u.i.k.p.i.IntermediateProofReplayer Proof replay took 7.9ns 
18298      INFO  main            d.u.i.k.p.r.p.TestFile    ... finished proof: closed. 
18515      INFO  main            d.u.i.k.p.i.AbstractProblemLoader Loading environment from /home/runner/work/key/key/key.core/../key.ui/examples/heap/WeideEtAl_01_AddAndMultiply/AddAndMultiply_mul.key.proof 
18516      DEBUG main            d.u.i.k.p.i.AbstractProblemLoader Environment load took 471.31ns 
18518      INFO  main            d.u.i.k.p.i.AbstractProblemLoader Creating init config 
21572      DEBUG main            d.u.i.k.p.i.AbstractProblemLoader Init config took 3.05s 
21629      INFO  main            d.u.i.k.p.i.AbstractProblemLoader Replaying proof AddAndMultiply[AddAndMultiply::mul(int,int)].JML normal_behavior operation contract.0 
21757      DEBUG main            d.u.i.k.p.i.IntermediateProofReplayer Proof replay took 121.89ms 
21758      DEBUG main            d.u.i.k.p.r.p.TestFile    ... success: reloaded. 
21760      INFO  main            d.u.i.k.p.r.p.TestFile    Now processing file /home/runner/work/key/key/key.core/../key.ui/examples/heap/WeideEtAl_02_BinarySearch/BinarySearch_search.key 
21760      INFO  main            d.u.i.k.p.i.AbstractProblemLoader Loading environment from /home/runner/work/key/key/key.core/../key.ui/examples/heap/WeideEtAl_02_BinarySearch/BinarySearch_search.key 
21760      DEBUG main            d.u.i.k.p.i.AbstractProblemLoader Environment load took 263.4ns 
21762      INFO  main            d.u.i.k.p.i.AbstractProblemLoader Creating init config 
24842      DEBUG main            d.u.i.k.p.i.AbstractProblemLoader Init config took 3.08s 
24908      INFO  main            d.u.i.k.p.i.AbstractProblemLoader Replaying proof BinarySearch[BinarySearch::search([I,int)].JML normal_behavior operation contract.0 
24915      DEBUG main            d.u.i.k.p.i.IntermediateProofReplayer Proof replay took 6.7ns 
28674      INFO  main            d.u.i.k.p.r.p.TestFile    ... finished proof: closed. 
28883      INFO  main            d.u.i.k.p.i.AbstractProblemLoader Loading environment from /home/runner/work/key/key/key.core/../key.ui/examples/heap/WeideEtAl_02_BinarySearch/BinarySearch_search.key.proof 
28884      DEBUG main            d.u.i.k.p.i.AbstractProblemLoader Environment load took 154.2ns 
28889      INFO  main            d.u.i.k.p.i.AbstractProblemLoader Creating init config 
31935      DEBUG main            d.u.i.k.p.i.AbstractProblemLoader Init config took 3.05s 
31989      INFO  main            d.u.i.k.p.i.AbstractProblemLoader Replaying proof BinarySearch[BinarySearch::search([I,int)].JML normal_behavior operation contract.0 
32666      DEBUG main            d.u.i.k.p.i.IntermediateProofReplayer Proof replay took 655.46ms 
32668      DEBUG main            d.u.i.k.p.r.p.TestFile    ... success: reloaded. 
2813108    INFO  Test worker     d.u.i.k.p.r.RunAllProofsTestUnit Returning from test WeideEtAl 
2813110    INFO  Test worker     d.u.i.k.p.r.RunAllProofsTestUnit Running test arithmetic 
377        INFO  Timeout watchdog d.u.i.k.p.r.p.ForkedTestFileRunner Timeout watcher launched (2000 secs.) 
409        WARN  main            d.u.i.k.s.ProofSettings   The settings in /home/runner/.key/proof-settings.props are *not* read. 
444        INFO  main            d.u.i.k.p.r.p.TestFile    Now processing file /home/runner/work/key/key/key.core/../key.ui/examples/standard_key/arith/binomial1.key 
599        INFO  main            d.u.i.k.p.i.AbstractProblemLoader Loading environment from /home/runner/work/key/key/key.core/../key.ui/examples/standard_key/arith/binomial1.key 
629        DEBUG main            d.u.i.k.p.i.AbstractProblemLoader Environment load took 3.73ms 
916        INFO  main            d.u.i.k.p.i.AbstractProblemLoader Creating init config 
2101       DEBUG main            d.u.i.k.j.TypeConverter   No LDT found for Meta 
2102       DEBUG main            d.u.i.k.j.TypeConverter   No LDT found for Meta 
2106       DEBUG main            d.u.i.k.j.TypeConverter   No LDT found for Meta 
2106       DEBUG main            d.u.i.k.j.TypeConverter   No LDT found for Meta 
3510       DEBUG main            d.u.i.k.j.TypeConverter   No LDT found for JavaBigintExpression 
10167      DEBUG main            d.u.i.k.p.i.AbstractProblemLoader Init config took 9.25s 
10238      INFO  main            d.u.i.k.p.i.AbstractProblemLoader Replaying proof binomial1.key 
10277      DEBUG main            d.u.i.k.p.i.IntermediateProofReplayer Proof replay took 41.7ns 
10582      INFO  main            d.u.i.k.p.r.p.TestFile    ... finished proof: closed. 
10713      INFO  main            d.u.i.k.p.i.AbstractProblemLoader Loading environment from /home/runner/work/key/key/key.core/../key.ui/examples/standard_key/arith/binomial1.key.proof 
10714      DEBUG main            d.u.i.k.p.i.AbstractProblemLoader Environment load took 605.11ns 
10718      INFO  main            d.u.i.k.p.i.AbstractProblemLoader Creating init config 
14083      DEBUG main            d.u.i.k.p.i.AbstractProblemLoader Init config took 3.36s 
14118      INFO  main            d.u.i.k.p.i.AbstractProblemLoader Replaying proof binomial1.key.proof 
14138      DEBUG main            d.u.i.k.p.i.IntermediateProofReplayer Proof replay took 14.1ms 
14151      DEBUG main            d.u.i.k.p.r.p.TestFile    ... success: reloaded. 
14152      INFO  main            d.u.i.k.p.r.p.TestFile    Now processing file /home/runner/work/key/key/key.core/../key.ui/examples/standard_key/arith/binomial2.key 
14153      INFO  main            d.u.i.k.p.i.AbstractProblemLoader Loading environment from /home/runner/work/key/key/key.core/../key.ui/examples/standard_key/arith/binomial2.key 
14153      DEBUG main            d.u.i.k.p.i.AbstractProblemLoader Environment load took 258.7ns 
14155      INFO  main            d.u.i.k.p.i.AbstractProblemLoader Creating init config 
17405      DEBUG main            d.u.i.k.p.i.AbstractProblemLoader Init config took 3.25s 
17434      INFO  main            d.u.i.k.p.i.AbstractProblemLoader Replaying proof binomial2.key 
17438      DEBUG main            d.u.i.k.p.i.IntermediateProofReplayer Proof replay took 7.3ns 
17541      INFO  main            d.u.i.k.p.r.p.TestFile    ... finished proof: closed. 
17690      INFO  main            d.u.i.k.p.i.AbstractProblemLoader Loading environment from /home/runner/work/key/key/key.core/../key.ui/examples/standard_key/arith/binomial2.key.proof 
17690      DEBUG main            d.u.i.k.p.i.AbstractProblemLoader Environment load took 187.7ns 
17692      INFO  main            d.u.i.k.p.i.AbstractProblemLoader Creating init config 
20786      DEBUG main            d.u.i.k.p.i.AbstractProblemLoader Init config took 3.09s 
20815      INFO  main            d.u.i.k.p.i.AbstractProblemLoader Replaying proof binomial2.key.proof 
20829      DEBUG main            d.u.i.k.p.i.IntermediateProofReplayer Proof replay took 11.7ms 
20831      DEBUG main            d.u.i.k.p.r.p.TestFile    ... success: reloaded. 
20832      INFO  main            d.u.i.k.p.r.p.TestFile    Now processing file /home/runner/work/key/key/key.core/../key.ui/examples/standard_key/arith/check_jdiv.key 
20832      INFO  main            d.u.i.k.p.i.AbstractProblemLoader Loading environment from /home/runner/work/key/key/key.core/../key.ui/examples/standard_key/arith/check_jdiv.key 
20833      DEBUG main            d.u.i.k.p.i.AbstractProblemLoader Environment load took 256.4ns 
20835      INFO  main            d.u.i.k.p.i.AbstractProblemLoader Creating init config 
23830      DEBUG main            d.u.i.k.p.i.AbstractProblemLoader Init config took 2.99s 
23855      INFO  main            d.u.i.k.p.i.AbstractProblemLoader Replaying proof check_jdiv.key 
23860      DEBUG main            d.u.i.k.p.i.IntermediateProofReplayer Proof replay took 18.6ns 
30013      INFO  main            d.u.i.k.p.r.p.TestFile    ... finished proof: closed. 
30254      INFO  main            d.u.i.k.p.i.AbstractProblemLoader Loading environment from /home/runner/work/key/key/key.core/../key.ui/examples/standard_key/arith/check_jdiv.key.proof 
30257      DEBUG main            d.u.i.k.p.i.AbstractProblemLoader Environment load took 3.29ms 
30267      INFO  main            d.u.i.k.p.i.AbstractProblemLoader Creating init config 
33317      DEBUG main            d.u.i.k.p.i.AbstractProblemLoader Init config took 3.05s 
33341      INFO  main            d.u.i.k.p.i.AbstractProblemLoader Replaying proof check_jdiv.key.proof 
33783      DEBUG main            d.u.i.k.p.i.IntermediateProofReplayer Proof replay took 405.55ms 
33786      DEBUG main            d.u.i.k.p.r.p.TestFile    ... success: reloaded. 
33787      INFO  main            d.u.i.k.p.r.p.TestFile    Now processing file /home/runner/work/key/key/key.core/../key.ui/examples/standard_key/arith/check_jdiv_concrete.key 
33788      INFO  main            d.u.i.k.p.i.AbstractProblemLoader Loading environment from /home/runner/work/key/key/key.core/../key.ui/examples/standard_key/arith/check_jdiv_concrete.key 
33788      DEBUG main            d.u.i.k.p.i.AbstractProblemLoader Environment load took 249.7ns 
33790      INFO  main            d.u.i.k.p.i.AbstractProblemLoader Creating init config 
36768      DEBUG main            d.u.i.k.p.i.AbstractProblemLoader Init config took 2.98s 
36791      INFO  main            d.u.i.k.p.i.AbstractProblemLoader Replaying proof check_jdiv_concrete.key 
36794      DEBUG main            d.u.i.k.p.i.IntermediateProofReplayer Proof replay took 13.1ns 
36900      INFO  main            d.u.i.k.p.r.p.TestFile    ... finished proof: closed. 
37137      INFO  main            d.u.i.k.p.i.AbstractProblemLoader Loading environment from /home/runner/work/key/key/key.core/../key.ui/examples/standard_key/arith/check_jdiv_concrete.key.proof 
37137      DEBUG main            d.u.i.k.p.i.AbstractProblemLoader Environment load took 144ns 
37139      INFO  main            d.u.i.k.p.i.AbstractProblemLoader Creating init config 
40195      DEBUG main            d.u.i.k.p.i.AbstractProblemLoader Init config took 3.06s 
40219      INFO  main            d.u.i.k.p.i.AbstractProblemLoader Replaying proof check_jdiv_concrete.key.proof 
40225      DEBUG main            d.u.i.k.p.i.IntermediateProofReplayer Proof replay took 3.98ms 
40227      DEBUG main            d.u.i.k.p.r.p.TestFile    ... success: reloaded. 
40228      INFO  main            d.u.i.k.p.r.p.TestFile    Now processing file /home/runner/work/key/key/key.core/../key.ui/examples/standard_key/arith/check_jdiv_instantiated.key 
40229      INFO  main            d.u.i.k.p.i.AbstractProblemLoader Loading environment from /home/runner/work/key/key/key.core/../key.ui/examples/standard_key/arith/check_jdiv_instantiated.key 
40229      DEBUG main            d.u.i.k.p.i.AbstractProblemLoader Environment load took 280.61ns 
40231      INFO  main            d.u.i.k.p.i.AbstractProblemLoader Creating init config 
43190      DEBUG main            d.u.i.k.p.i.AbstractProblemLoader Init config took 2.96s 
43214      INFO  main            d.u.i.k.p.i.AbstractProblemLoader Replaying proof check_jdiv_instantiated.key 
43216      DEBUG main            d.u.i.k.p.i.IntermediateProofReplayer Proof replay took 7ns 
46996      INFO  main            d.u.i.k.p.r.p.TestFile    ... finished proof: closed. 
47315      INFO  main            d.u.i.k.p.i.AbstractProblemLoader Loading environment from /home/runner/work/key/key/key.core/../key.ui/examples/standard_key/arith/check_jdiv_instantiated.key.proof 
47317      DEBUG main            d.u.i.k.p.i.AbstractProblemLoader Environment load took 1.25ms 
47320      INFO  main            d.u.i.k.p.i.AbstractProblemLoader Creating init config 
50171      DEBUG main            d.u.i.k.p.i.AbstractProblemLoader Init config took 2.85s 
50197      INFO  main            d.u.i.k.p.i.AbstractProblemLoader Replaying proof check_jdiv_instantiated.key.proof 
50459      DEBUG main            d.u.i.k.p.i.IntermediateProofReplayer Proof replay took 232.3ms 
50462      DEBUG main            d.u.i.k.p.r.p.TestFile    ... success: reloaded. 
50463      INFO  main            d.u.i.k.p.r.p.TestFile    Now processing file /home/runner/work/key/key/key.core/../key.ui/examples/standard_key/arith/check_jmod.key 
50464      INFO  main            d.u.i.k.p.i.AbstractProblemLoader Loading environment from /home/runner/work/key/key/key.core/../key.ui/examples/standard_key/arith/check_jmod.key 
50464      DEBUG main            d.u.i.k.p.i.AbstractProblemLoader Environment load took 259.5ns 
50465      INFO  main            d.u.i.k.p.i.AbstractProblemLoader Creating init config 
53380      DEBUG main            d.u.i.k.p.i.AbstractProblemLoader Init config took 2.91s 
53402      INFO  main            d.u.i.k.p.i.AbstractProblemLoader Replaying proof check_jmod.key 
53415      DEBUG main            d.u.i.k.p.i.IntermediateProofReplayer Proof replay took 6.2ns 
54023      INFO  main            d.u.i.k.p.r.p.TestFile    ... finished proof: closed. 
54316      INFO  main            d.u.i.k.p.i.AbstractProblemLoader Loading environment from /home/runner/work/key/key/key.core/../key.ui/examples/standard_key/arith/check_jmod.key.proof 
54317      DEBUG main            d.u.i.k.p.i.AbstractProblemLoader Environment load took 434.41ns 
54319      INFO  main            d.u.i.k.p.i.AbstractProblemLoader Creating init config 
57201      DEBUG main            d.u.i.k.p.i.AbstractProblemLoader Init config took 2.88s 
57222      INFO  main            d.u.i.k.p.i.AbstractProblemLoader Replaying proof check_jmod.key.proof 
57272      DEBUG main            d.u.i.k.p.i.IntermediateProofReplayer Proof replay took 44.75ms 
57273      DEBUG main            d.u.i.k.p.r.p.TestFile    ... success: reloaded. 
57275      INFO  main            d.u.i.k.p.r.p.TestFile    Now processing file /home/runner/work/key/key/key.core/../key.ui/examples/standard_key/arith/complexExpressions.key 
57275      INFO  main            d.u.i.k.p.i.AbstractProblemLoader Loading environment from /home/runner/work/key/key/key.core/../key.ui/examples/standard_key/arith/complexExpressions.key 
57275      DEBUG main            d.u.i.k.p.i.AbstractProblemLoader Environment load took 238.4ns 
57277      INFO  main            d.u.i.k.p.i.AbstractProblemLoader Creating init config 
60205      DEBUG main            d.u.i.k.p.i.AbstractProblemLoader Init config took 2.93s 
60230      INFO  main            d.u.i.k.p.i.AbstractProblemLoader Replaying proof complexExpressions.key 
60232      DEBUG main            d.u.i.k.p.i.IntermediateProofReplayer Proof replay took 7.3ns 
60339      INFO  main            d.u.i.k.p.r.p.TestFile    ... finished proof: closed. 
60588      INFO  main            d.u.i.k.p.i.AbstractProblemLoader Loading environment from /home/runner/work/key/key/key.core/../key.ui/examples/standard_key/arith/complexExpressions.key.proof 
60588      DEBUG main            d.u.i.k.p.i.AbstractProblemLoader Environment load took 149.63ns 
60589      INFO  main            d.u.i.k.p.i.AbstractProblemLoader Creating init config 
63467      DEBUG main            d.u.i.k.p.i.AbstractProblemLoader Init config took 2.88s 
63491      INFO  main            d.u.i.k.p.i.AbstractProblemLoader Replaying proof complexExpressions.key.proof 
63504      DEBUG main            d.u.i.k.p.i.IntermediateProofReplayer Proof replay took 10.56ms 
63505      DEBUG main            d.u.i.k.p.r.p.TestFile    ... success: reloaded. 
63506      INFO  main            d.u.i.k.p.r.p.TestFile    Now processing file /home/runner/work/key/key/key.core/../key.ui/examples/standard_key/arith/compound_unaryMinus.key 
63506      INFO  main            d.u.i.k.p.i.AbstractProblemLoader Loading environment from /home/runner/work/key/key/key.core/../key.ui/examples/standard_key/arith/compound_unaryMinus.key 
63507      DEBUG main            d.u.i.k.p.i.AbstractProblemLoader Environment load took 247.31ns 
63508      INFO  main            d.u.i.k.p.i.AbstractProblemLoader Creating init config 
66408      DEBUG main            d.u.i.k.p.i.AbstractProblemLoader Init config took 2.9s 
66431      INFO  main            d.u.i.k.p.i.AbstractProblemLoader Replaying proof compound_unaryMinus.key 
66433      DEBUG main            d.u.i.k.p.i.IntermediateProofReplayer Proof replay took 6.9ns 
66535      INFO  main            d.u.i.k.p.r.p.TestFile    ... finished proof: closed. 
66747      INFO  main            d.u.i.k.p.i.AbstractProblemLoader Loading environment from /home/runner/work/key/key/key.core/../key.ui/examples/standard_key/arith/compound_unaryMinus.key.proof 
66747      DEBUG main            d.u.i.k.p.i.AbstractProblemLoader Environment load took 144.6ns 
66749      INFO  main            d.u.i.k.p.i.AbstractProblemLoader Creating init config 
69678      DEBUG main            d.u.i.k.p.i.AbstractProblemLoader Init config took 2.93s 
69703      INFO  main            d.u.i.k.p.i.AbstractProblemLoader Replaying proof compound_unaryMinus.key.proof 
69713      DEBUG main            d.u.i.k.p.i.IntermediateProofReplayer Proof replay took 8.19ms 
69714      DEBUG main            d.u.i.k.p.r.p.TestFile    ... success: reloaded. 
69715      INFO  main            d.u.i.k.p.r.p.TestFile    Now processing file /home/runner/work/key/key/key.core/../key.ui/examples/standard_key/arith/computation.key 
69717      INFO  main            d.u.i.k.p.i.AbstractProblemLoader Loading environment from /home/runner/work/key/key/key.core/../key.ui/examples/standard_key/arith/computation.key 
69717      DEBUG main            d.u.i.k.p.i.AbstractProblemLoader Environment load took 128.81ns 
69719      INFO  main            d.u.i.k.p.i.AbstractProblemLoader Creating init config 
72678      DEBUG main            d.u.i.k.p.i.AbstractProblemLoader Init config took 2.96s 
72699      INFO  main            d.u.i.k.p.i.AbstractProblemLoader Replaying proof computation.key 
72701      DEBUG main            d.u.i.k.p.i.IntermediateProofReplayer Proof replay took 6.2ns 
74319      INFO  main            d.u.i.k.p.r.p.TestFile    ... finished proof: closed. 
74731      INFO  main            d.u.i.k.p.i.AbstractProblemLoader Loading environment from /home/runner/work/key/key/key.core/../key.ui/examples/standard_key/arith/computation.key.proof 
74731      DEBUG main            d.u.i.k.p.i.AbstractProblemLoader Environment load took 147.7ns 
74732      INFO  main            d.u.i.k.p.i.AbstractProblemLoader Creating init config 
77623      DEBUG main            d.u.i.k.p.i.AbstractProblemLoader Init config took 2.89s 
77644      INFO  main            d.u.i.k.p.i.AbstractProblemLoader Replaying proof computation.key.proof 
77807      DEBUG main            d.u.i.k.p.i.IntermediateProofReplayer Proof replay took 157.96ms 
77809      DEBUG main            d.u.i.k.p.r.p.TestFile    ... success: reloaded. 
77810      INFO  main            d.u.i.k.p.r.p.TestFile    Now processing file /home/runner/work/key/key/key.core/../key.ui/examples/standard_key/arith/cubicSum.key 
77811      INFO  main            d.u.i.k.p.i.AbstractProblemLoader Loading environment from /home/runner/work/key/key/key.core/../key.ui/examples/standard_key/arith/cubicSum.key 
77811      DEBUG main            d.u.i.k.p.i.AbstractProblemLoader Environment load took 259.51ns 
77812      INFO  main            d.u.i.k.p.i.AbstractProblemLoader Creating init config 
80951      DEBUG main            d.u.i.k.p.i.AbstractProblemLoader Init config took 3.14s 
80999      INFO  main            d.u.i.k.p.i.AbstractProblemLoader Replaying proof cubicSum.key 
81002      DEBUG main            d.u.i.k.p.i.IntermediateProofReplayer Proof replay took 7ns 
82014      INFO  main            d.u.i.k.p.r.p.TestFile    ... finished proof: closed. 
82353      INFO  main            d.u.i.k.p.i.AbstractProblemLoader Loading environment from /home/runner/work/key/key/key.core/../key.ui/examples/standard_key/arith/cubicSum.key.proof 
82354      DEBUG main            d.u.i.k.p.i.AbstractProblemLoader Environment load took 522.91ns 
82355      INFO  main            d.u.i.k.p.i.AbstractProblemLoader Creating init config 
85264      DEBUG main            d.u.i.k.p.i.AbstractProblemLoader Init config took 2.91s 
85284      INFO  main            d.u.i.k.p.i.AbstractProblemLoader Replaying proof cubicSum.key.proof 
85414      DEBUG main            d.u.i.k.p.i.IntermediateProofReplayer Proof replay took 126.82ms 
85416      DEBUG main            d.u.i.k.p.r.p.TestFile    ... success: reloaded. 
85417      INFO  main            d.u.i.k.p.r.p.TestFile    Now processing file /home/runner/work/key/key/key.core/../key.ui/examples/standard_key/arith/divByZero.key 
85418      INFO  main            d.u.i.k.p.i.AbstractProblemLoader Loading environment from /home/runner/work/key/key/key.core/../key.ui/examples/standard_key/arith/divByZero.key 
85418      DEBUG main            d.u.i.k.p.i.AbstractProblemLoader Environment load took 234.71ns 
85419      INFO  main            d.u.i.k.p.i.AbstractProblemLoader Creating init config 
88340      DEBUG main            d.u.i.k.p.i.AbstractProblemLoader Init config took 2.92s 
88359      INFO  main            d.u.i.k.p.i.AbstractProblemLoader Replaying proof divByZero.key 
88361      DEBUG main            d.u.i.k.p.i.IntermediateProofReplayer Proof replay took 6.4ns 
88564      INFO  main            d.u.i.k.p.r.p.TestFile    ... finished proof: closed. 
88819      INFO  main            d.u.i.k.p.i.AbstractProblemLoader Loading environment from /home/runner/work/key/key/key.core/../key.ui/examples/standard_key/arith/divByZero.key.proof 
88819      DEBUG main            d.u.i.k.p.i.AbstractProblemLoader Environment load took 140.7ns 
88821      INFO  main            d.u.i.k.p.i.AbstractProblemLoader Creating init config 
91755      DEBUG main            d.u.i.k.p.i.AbstractProblemLoader Init config took 2.93s 
91775      INFO  main            d.u.i.k.p.i.AbstractProblemLoader Replaying proof divByZero.key.proof 
91831      DEBUG main            d.u.i.k.p.i.IntermediateProofReplayer Proof replay took 50.41ms 
91834      DEBUG main            d.u.i.k.p.r.p.TestFile    ... success: reloaded. 
91835      INFO  main            d.u.i.k.p.r.p.TestFile    Now processing file /home/runner/work/key/key/key.core/../key.ui/examples/standard_key/arith/divisionAssoc.key 
91836      INFO  main            d.u.i.k.p.i.AbstractProblemLoader Loading environment from /home/runner/work/key/key/key.core/../key.ui/examples/standard_key/arith/divisionAssoc.key 
91836      DEBUG main            d.u.i.k.p.i.AbstractProblemLoader Environment load took 276.01ns 
91837      INFO  main            d.u.i.k.p.i.AbstractProblemLoader Creating init config 
94753      DEBUG main            d.u.i.k.p.i.AbstractProblemLoader Init config took 2.92s 
94771      INFO  main            d.u.i.k.p.i.AbstractProblemLoader Replaying proof divisionAssoc.key 
94775      DEBUG main            d.u.i.k.p.i.IntermediateProofReplayer Proof replay took 7ns 
95580      INFO  main            d.u.i.k.p.r.p.TestFile    ... finished proof: closed. 
95867      INFO  main            d.u.i.k.p.i.AbstractProblemLoader Loading environment from /home/runner/work/key/key/key.core/../key.ui/examples/standard_key/arith/divisionAssoc.key.proof 
95868      DEBUG main            d.u.i.k.p.i.AbstractProblemLoader Environment load took 498.91ns 
95869      INFO  main            d.u.i.k.p.i.AbstractProblemLoader Creating init config 
98782      DEBUG main            d.u.i.k.p.i.AbstractProblemLoader Init config took 2.91s 
98802      INFO  main            d.u.i.k.p.i.AbstractProblemLoader Replaying proof divisionAssoc.key.proof 
98856      DEBUG main            d.u.i.k.p.i.IntermediateProofReplayer Proof replay took 48.04ms 
98857      DEBUG main            d.u.i.k.p.r.p.TestFile    ... success: reloaded. 
98858      INFO  main            d.u.i.k.p.r.p.TestFile    Now processing file /home/runner/work/key/key/key.core/../key.ui/examples/standard_key/arith/divisionBy2.key 
98859      INFO  main            d.u.i.k.p.i.AbstractProblemLoader Loading environment from /home/runner/work/key/key/key.core/../key.ui/examples/standard_key/arith/divisionBy2.key 
98859      DEBUG main            d.u.i.k.p.i.AbstractProblemLoader Environment load took 234.51ns 
98860      INFO  main            d.u.i.k.p.i.AbstractProblemLoader Creating init config 
101899     DEBUG main            d.u.i.k.p.i.AbstractProblemLoader Init config took 3.04s 
101917     INFO  main            d.u.i.k.p.i.AbstractProblemLoader Replaying proof divisionBy2.key 
101918     DEBUG main            d.u.i.k.p.i.IntermediateProofReplayer Proof replay took 7.5ns 
102021     INFO  main            d.u.i.k.p.r.p.TestFile    ... finished proof: closed. 
102290     INFO  main            d.u.i.k.p.i.AbstractProblemLoader Loading environment from /home/runner/work/key/key/key.core/../key.ui/examples/standard_key/arith/divisionBy2.key.proof 
102291     DEBUG main            d.u.i.k.p.i.AbstractProblemLoader Environment load took 136.3ns 
102292     INFO  main            d.u.i.k.p.i.AbstractProblemLoader Creating init config 
105218     DEBUG main            d.u.i.k.p.i.AbstractProblemLoader Init config took 2.93s 
105236     INFO  main            d.u.i.k.p.i.AbstractProblemLoader Replaying proof divisionBy2.key.proof 
105244     DEBUG main            d.u.i.k.p.i.IntermediateProofReplayer Proof replay took 5.98ms 
105245     DEBUG main            d.u.i.k.p.r.p.TestFile    ... success: reloaded. 
105246     INFO  main            d.u.i.k.p.r.p.TestFile    Now processing file /home/runner/work/key/key/key.core/../key.ui/examples/standard_key/arith/euclidean/gcdHelp-post.key 
105246     INFO  main            d.u.i.k.p.i.AbstractProblemLoader Loading environment from /home/runner/work/key/key/key.core/../key.ui/examples/standard_key/arith/euclidean/gcdHelp-post.key 
105247     DEBUG main            d.u.i.k.p.i.AbstractProblemLoader Environment load took 240.21ns 
105248     INFO  main            d.u.i.k.p.i.AbstractProblemLoader Creating init config 
108376     DEBUG main            d.u.i.k.p.i.AbstractProblemLoader Init config took 3.13s 
108394     INFO  main            d.u.i.k.p.i.AbstractProblemLoader Replaying proof gcdHelp-post.key 
108396     DEBUG main            d.u.i.k.p.i.IntermediateProofReplayer Proof replay took 7.6ns 
112258     INFO  main            d.u.i.k.p.r.p.TestFile    ... finished proof: closed. 
112538     INFO  main            d.u.i.k.p.i.AbstractProblemLoader Loading environment from /home/runner/work/key/key/key.core/../key.ui/examples/standard_key/arith/euclidean/gcdHelp-post.key.proof 
112538     DEBUG main            d.u.i.k.p.i.AbstractProblemLoader Environment load took 494.71ns 
112541     INFO  main            d.u.i.k.p.i.AbstractProblemLoader Creating init config 
115583     DEBUG main            d.u.i.k.p.i.AbstractProblemLoader Init config took 3.04s 
115603     INFO  main            d.u.i.k.p.i.AbstractProblemLoader Replaying proof gcdHelp-post.key.proof 
115857     DEBUG main            d.u.i.k.p.i.IntermediateProofReplayer Proof replay took 242.02ms 
115858     DEBUG main            d.u.i.k.p.r.p.TestFile    ... success: reloaded. 
115860     INFO  main            d.u.i.k.p.r.p.TestFile    Now processing file /home/runner/work/key/key/key.core/../key.ui/examples/standard_key/arith/gemplusDecimal/add.key 
115860     INFO  main            d.u.i.k.p.i.AbstractProblemLoader Loading environment from /home/runner/work/key/key/key.core/../key.ui/examples/standard_key/arith/gemplusDecimal/add.key 
115861     DEBUG main            d.u.i.k.p.i.AbstractProblemLoader Environment load took 245.91ns 
115863     INFO  main            d.u.i.k.p.i.AbstractProblemLoader Creating init config 
119060     DEBUG main            d.u.i.k.p.i.AbstractProblemLoader Init config took 3.2s 
119080     INFO  main            d.u.i.k.p.i.AbstractProblemLoader Replaying proof add.key 
119081     DEBUG main            d.u.i.k.p.i.IntermediateProofReplayer Proof replay took 5.4ns 
169588     INFO  main            d.u.i.k.p.r.p.TestFile    ... finished proof: closed. 
170027     INFO  main            d.u.i.k.p.i.AbstractProblemLoader Loading environment from /home/runner/work/key/key/key.core/../key.ui/examples/standard_key/arith/gemplusDecimal/add.key.proof 
170028     DEBUG main            d.u.i.k.p.i.AbstractProblemLoader Environment load took 472.01ns 
170039     INFO  main            d.u.i.k.p.i.AbstractProblemLoader Creating init config 
172957     DEBUG main            d.u.i.k.p.i.AbstractProblemLoader Init config took 2.92s 
172977     INFO  main            d.u.i.k.p.i.AbstractProblemLoader Replaying proof add.key.proof 
177516     DEBUG main            d.u.i.k.p.i.IntermediateProofReplayer Proof replay took 4.38s 
177526     DEBUG main            d.u.i.k.p.r.p.TestFile    ... success: reloaded. 
177527     INFO  main            d.u.i.k.p.r.p.TestFile    Now processing file /home/runner/work/key/key/key.core/../key.ui/examples/standard_key/arith/jdivevenodd.key 
177527     INFO  main            d.u.i.k.p.i.AbstractProblemLoader Loading environment from /home/runner/work/key/key/key.core/../key.ui/examples/standard_key/arith/jdivevenodd.key 
177527     DEBUG main            d.u.i.k.p.i.AbstractProblemLoader Environment load took 75.6ns 
177528     INFO  main            d.u.i.k.p.i.AbstractProblemLoader Creating init config 
180449     DEBUG main            d.u.i.k.p.i.AbstractProblemLoader Init config took 2.92s 
180465     INFO  main            d.u.i.k.p.i.AbstractProblemLoader Replaying proof jdivevenodd.key 
180467     DEBUG main            d.u.i.k.p.i.IntermediateProofReplayer Proof replay took 6.5ns 
180672     INFO  main            d.u.i.k.p.r.p.TestFile    ... finished proof: closed. 
181084     INFO  main            d.u.i.k.p.i.AbstractProblemLoader Loading environment from /home/runner/work/key/key/key.core/../key.ui/examples/standard_key/arith/jdivevenodd.key.proof 
181084     DEBUG main            d.u.i.k.p.i.AbstractProblemLoader Environment load took 149.1ns 
181088     INFO  main            d.u.i.k.p.i.AbstractProblemLoader Creating init config 
183878     DEBUG main            d.u.i.k.p.i.AbstractProblemLoader Init config took 2.79s 
183895     INFO  main            d.u.i.k.p.i.AbstractProblemLoader Replaying proof jdivevenodd.key.proof 
183914     DEBUG main            d.u.i.k.p.i.IntermediateProofReplayer Proof replay took 16.33ms 
183916     DEBUG main            d.u.i.k.p.r.p.TestFile    ... success: reloaded. 
183919     INFO  main            d.u.i.k.p.r.p.TestFile    Now processing file /home/runner/work/key/key/key.core/../key.ui/examples/standard_key/arith/median.key 
183919     INFO  main            d.u.i.k.p.i.AbstractProblemLoader Loading environment from /home/runner/work/key/key/key.core/../key.ui/examples/standard_key/arith/median.key 
183919     DEBUG main            d.u.i.k.p.i.AbstractProblemLoader Environment load took 254.81ns 
183921     INFO  main            d.u.i.k.p.i.AbstractProblemLoader Creating init config 
186766     DEBUG main            d.u.i.k.p.i.AbstractProblemLoader Init config took 2.85s 
186784     INFO  main            d.u.i.k.p.i.AbstractProblemLoader Replaying proof median.key 
186786     DEBUG main            d.u.i.k.p.i.IntermediateProofReplayer Proof replay took 6ns 
204348     INFO  main            d.u.i.k.p.r.p.TestFile    ... finished proof: closed. 
204717     INFO  main            d.u.i.k.p.i.AbstractProblemLoader Loading environment from /home/runner/work/key/key/key.core/../key.ui/examples/standard_key/arith/median.key.proof 
204717     DEBUG main            d.u.i.k.p.i.AbstractProblemLoader Environment load took 560.01ns 
204721     INFO  main            d.u.i.k.p.i.AbstractProblemLoader Creating init config 
207561     DEBUG main            d.u.i.k.p.i.AbstractProblemLoader Init config took 2.84s 
207580     INFO  main            d.u.i.k.p.i.AbstractProblemLoader Replaying proof median.key.proof 
208979     DEBUG main            d.u.i.k.p.i.IntermediateProofReplayer Proof replay took 1.32s 
208983     DEBUG main            d.u.i.k.p.r.p.TestFile    ... success: reloaded. 
208984     INFO  main            d.u.i.k.p.r.p.TestFile    Now processing file /home/runner/work/key/key/key.core/../key.ui/examples/standard_key/arith/mod1.key 
208984     INFO  main            d.u.i.k.p.i.AbstractProblemLoader Loading environment from /home/runner/work/key/key/key.core/../key.ui/examples/standard_key/arith/mod1.key 
208984     DEBUG main            d.u.i.k.p.i.AbstractProblemLoader Environment load took 110.4ns 
208985     INFO  main            d.u.i.k.p.i.AbstractProblemLoader Creating init config 
211869     DEBUG main            d.u.i.k.p.i.AbstractProblemLoader Init config took 2.88s 
211885     INFO  main            d.u.i.k.p.i.AbstractProblemLoader Replaying proof mod1.key 
211887     DEBUG main            d.u.i.k.p.i.IntermediateProofReplayer Proof replay took 7ns 
211991     INFO  main            d.u.i.k.p.r.p.TestFile    ... finished proof: closed. 
212345     INFO  main            d.u.i.k.p.i.AbstractProblemLoader Loading environment from /home/runner/work/key/key/key.core/../key.ui/examples/standard_key/arith/mod1.key.proof 
212345     DEBUG main            d.u.i.k.p.i.AbstractProblemLoader Environment load took 117.1ns 
212346     INFO  main            d.u.i.k.p.i.AbstractProblemLoader Creating init config 
215121     DEBUG main            d.u.i.k.p.i.AbstractProblemLoader Init config took 2.78s 
215137     INFO  main            d.u.i.k.p.i.AbstractProblemLoader Replaying proof mod1.key.proof 
215142     DEBUG main            d.u.i.k.p.i.IntermediateProofReplayer Proof replay took 2.52ms 
215143     DEBUG main            d.u.i.k.p.r.p.TestFile    ... success: reloaded. 
215144     INFO  main            d.u.i.k.p.r.p.TestFile    Now processing file /home/runner/work/key/key/key.core/../key.ui/examples/standard_key/arith/mod2.key 
215144     INFO  main            d.u.i.k.p.i.AbstractProblemLoader Loading environment from /home/runner/work/key/key/key.core/../key.ui/examples/standard_key/arith/mod2.key 
215144     DEBUG main            d.u.i.k.p.i.AbstractProblemLoader Environment load took 116.9ns 
215145     INFO  main            d.u.i.k.p.i.AbstractProblemLoader Creating init config 
217984     DEBUG main            d.u.i.k.p.i.AbstractProblemLoader Init config took 2.84s 
218000     INFO  main            d.u.i.k.p.i.AbstractProblemLoader Replaying proof mod2.key 
218002     DEBUG main            d.u.i.k.p.i.IntermediateProofReplayer Proof replay took 6.7ns 
218104     INFO  main            d.u.i.k.p.r.p.TestFile    ... finished proof: closed. 
218381     INFO  main            d.u.i.k.p.i.AbstractProblemLoader Loading environment from /home/runner/work/key/key/key.core/../key.ui/examples/standard_key/arith/mod2.key.proof 
218381     DEBUG main            d.u.i.k.p.i.AbstractProblemLoader Environment load took 115.5ns 
218382     INFO  main            d.u.i.k.p.i.AbstractProblemLoader Creating init config 
221140     DEBUG main            d.u.i.k.p.i.AbstractProblemLoader Init config took 2.76s 
221155     INFO  main            d.u.i.k.p.i.AbstractProblemLoader Replaying proof mod2.key.proof 
221158     DEBUG main            d.u.i.k.p.i.IntermediateProofReplayer Proof replay took 1.67ms 
221159     DEBUG main            d.u.i.k.p.r.p.TestFile    ... success: reloaded. 
221160     INFO  main            d.u.i.k.p.r.p.TestFile    Now processing file /home/runner/work/key/key/key.core/../key.ui/examples/standard_key/arith/mod7.key 
221160     INFO  main            d.u.i.k.p.i.AbstractProblemLoader Loading environment from /home/runner/work/key/key/key.core/../key.ui/examples/standard_key/arith/mod7.key 
221160     DEBUG main            d.u.i.k.p.i.AbstractProblemLoader Environment load took 85.5ns 
221161     INFO  main            d.u.i.k.p.i.AbstractProblemLoader Creating init config 
223941     DEBUG main            d.u.i.k.p.i.AbstractProblemLoader Init config took 2.78s 
223957     INFO  main            d.u.i.k.p.i.AbstractProblemLoader Replaying proof mod7.key 
223958     DEBUG main            d.u.i.k.p.i.IntermediateProofReplayer Proof replay took 7ns 
224064     INFO  main            d.u.i.k.p.r.p.TestFile    ... finished proof: closed. 
224351     INFO  main            d.u.i.k.p.i.AbstractProblemLoader Loading environment from /home/runner/work/key/key/key.core/../key.ui/examples/standard_key/arith/mod7.key.proof 
224352     DEBUG main            d.u.i.k.p.i.AbstractProblemLoader Environment load took 121.8ns 
224353     INFO  main            d.u.i.k.p.i.AbstractProblemLoader Creating init config 
227102     DEBUG main            d.u.i.k.p.i.AbstractProblemLoader Init config took 2.75s 
227118     INFO  main            d.u.i.k.p.i.AbstractProblemLoader Replaying proof mod7.key.proof 
227125     DEBUG main            d.u.i.k.p.i.IntermediateProofReplayer Proof replay took 5.8ms 
227126     DEBUG main            d.u.i.k.p.r.p.TestFile    ... success: reloaded. 
227127     INFO  main            d.u.i.k.p.r.p.TestFile    Now processing file /home/runner/work/key/key/key.core/../key.ui/examples/standard_key/arith/overflow_hija.key 
227127     INFO  main            d.u.i.k.p.i.AbstractProblemLoader Loading environment from /home/runner/work/key/key/key.core/../key.ui/examples/standard_key/arith/overflow_hija.key 
227127     DEBUG main            d.u.i.k.p.i.AbstractProblemLoader Environment load took 63.8ns 
227129     INFO  main            d.u.i.k.p.i.AbstractProblemLoader Creating init config 
229967     DEBUG main            d.u.i.k.p.i.AbstractProblemLoader Init config took 2.84s 
229987     INFO  main            d.u.i.k.p.i.AbstractProblemLoader Replaying proof overflow_hija.key 
229988     DEBUG main            d.u.i.k.p.i.IntermediateProofReplayer Proof replay took 6.8ns 
235193     INFO  main            d.u.i.k.p.r.p.TestFile    ... finished proof: closed. 
235534     INFO  main            d.u.i.k.p.i.AbstractProblemLoader Loading environment from /home/runner/work/key/key/key.core/../key.ui/examples/standard_key/arith/overflow_hija.key.proof 
235535     DEBUG main            d.u.i.k.p.i.AbstractProblemLoader Environment load took 501.71ns 
235537     INFO  main            d.u.i.k.p.i.AbstractProblemLoader Creating init config 
238268     DEBUG main            d.u.i.k.p.i.AbstractProblemLoader Init config took 2.73s 
238288     INFO  main            d.u.i.k.p.i.AbstractProblemLoader Replaying proof overflow_hija.key.proof 
238700     DEBUG main            d.u.i.k.p.i.IntermediateProofReplayer Proof replay took 401.05ms 
238702     DEBUG main            d.u.i.k.p.r.p.TestFile    ... success: reloaded. 
238703     INFO  main            d.u.i.k.p.r.p.TestFile    Now processing file /home/runner/work/key/key/key.core/../key.ui/examples/standard_key/arith/poly_division0.key 
238703     INFO  main            d.u.i.k.p.i.AbstractProblemLoader Loading environment from /home/runner/work/key/key/key.core/../key.ui/examples/standard_key/arith/poly_division0.key 
238703     DEBUG main            d.u.i.k.p.i.AbstractProblemLoader Environment load took 86.2ns 
238704     INFO  main            d.u.i.k.p.i.AbstractProblemLoader Creating init config 
241474     DEBUG main            d.u.i.k.p.i.AbstractProblemLoader Init config took 2.77s 
241490     INFO  main            d.u.i.k.p.i.AbstractProblemLoader Replaying proof poly_division0.key 
241491     DEBUG main            d.u.i.k.p.i.IntermediateProofReplayer Proof replay took 8.4ns 
241596     INFO  main            d.u.i.k.p.r.p.TestFile    ... finished proof: closed. 
241976     INFO  main            d.u.i.k.p.i.AbstractProblemLoader Loading environment from /home/runner/work/key/key/key.core/../key.ui/examples/standard_key/arith/poly_division0.key.proof 
241977     DEBUG main            d.u.i.k.p.i.AbstractProblemLoader Environment load took 177.5ns 
241979     INFO  main            d.u.i.k.p.i.AbstractProblemLoader Creating init config 
244709     DEBUG main            d.u.i.k.p.i.AbstractProblemLoader Init config took 2.73s 
244724     INFO  main            d.u.i.k.p.i.AbstractProblemLoader Replaying proof poly_division0.key.proof 
244735     DEBUG main            d.u.i.k.p.i.IntermediateProofReplayer Proof replay took 8.7ms 
244736     DEBUG main            d.u.i.k.p.r.p.TestFile    ... success: reloaded. 
244736     INFO  main            d.u.i.k.p.r.p.TestFile    Now processing file /home/runner/work/key/key/key.core/../key.ui/examples/standard_key/arith/poly_division1.key 
244736     INFO  main            d.u.i.k.p.i.AbstractProblemLoader Loading environment from /home/runner/work/key/key/key.core/../key.ui/examples/standard_key/arith/poly_division1.key 
244737     DEBUG main            d.u.i.k.p.i.AbstractProblemLoader Environment load took 83.4ns 
244738     INFO  main            d.u.i.k.p.i.AbstractProblemLoader Creating init config 
247546     DEBUG main            d.u.i.k.p.i.AbstractProblemLoader Init config took 2.81s 
247562     INFO  main            d.u.i.k.p.i.AbstractProblemLoader Replaying proof poly_division1.key 
247563     DEBUG main            d.u.i.k.p.i.IntermediateProofReplayer Proof replay took 8.1ns 
247666     INFO  main            d.u.i.k.p.r.p.TestFile    ... finished proof: closed. 
247971     INFO  main            d.u.i.k.p.i.AbstractProblemLoader Loading environment from /home/runner/work/key/key/key.core/../key.ui/examples/standard_key/arith/poly_division1.key.proof 
247971     DEBUG main            d.u.i.k.p.i.AbstractProblemLoader Environment load took 121.5ns 
247973     INFO  main            d.u.i.k.p.i.AbstractProblemLoader Creating init config 
250729     DEBUG main            d.u.i.k.p.i.AbstractProblemLoader Init config took 2.76s 
250747     INFO  main            d.u.i.k.p.i.AbstractProblemLoader Replaying proof poly_division1.key.proof 
250760     DEBUG main            d.u.i.k.p.i.IntermediateProofReplayer Proof replay took 10.5ms 
250760     DEBUG main            d.u.i.k.p.r.p.TestFile    ... success: reloaded. 
250761     INFO  main            d.u.i.k.p.r.p.TestFile    Now processing file /home/runner/work/key/key/key.core/../key.ui/examples/standard_key/inEqSimp/division.key 
250761     INFO  main            d.u.i.k.p.i.AbstractProblemLoader Loading environment from /home/runner/work/key/key/key.core/../key.ui/examples/standard_key/inEqSimp/division.key 
250761     DEBUG main            d.u.i.k.p.i.AbstractProblemLoader Environment load took 92.1ns 
250763     INFO  main            d.u.i.k.p.i.AbstractProblemLoader Creating init config 
253587     DEBUG main            d.u.i.k.p.i.AbstractProblemLoader Init config took 2.82s 
253604     INFO  main            d.u.i.k.p.i.AbstractProblemLoader Replaying proof division.key 
253607     DEBUG main            d.u.i.k.p.i.IntermediateProofReplayer Proof replay took 7.1ns 
255857     INFO  main            d.u.i.k.p.r.p.TestFile    ... finished proof: closed. 
256184     INFO  main            d.u.i.k.p.i.AbstractProblemLoader Loading environment from /home/runner/work/key/key/key.core/../key.ui/examples/standard_key/inEqSimp/division.key.proof 
256184     DEBUG main            d.u.i.k.p.i.AbstractProblemLoader Environment load took 457.21ns 
256187     INFO  main            d.u.i.k.p.i.AbstractProblemLoader Creating init config 
258954     DEBUG main            d.u.i.k.p.i.AbstractProblemLoader Init config took 2.77s 
258970     INFO  main            d.u.i.k.p.i.AbstractProblemLoader Replaying proof division.key.proof 
259056     DEBUG main            d.u.i.k.p.i.IntermediateProofReplayer Proof replay took 76.66ms 
259057     DEBUG main            d.u.i.k.p.r.p.TestFile    ... success: reloaded. 
259058     INFO  main            d.u.i.k.p.r.p.TestFile    Now processing file /home/runner/work/key/key/key.core/../key.ui/examples/standard_key/inEqSimp/inequations0.key 
259059     INFO  main            d.u.i.k.p.i.AbstractProblemLoader Loading environment from /home/runner/work/key/key/key.core/../key.ui/examples/standard_key/inEqSimp/inequations0.key 
259059     DEBUG main            d.u.i.k.p.i.AbstractProblemLoader Environment load took 262.91ns 
259060     INFO  main            d.u.i.k.p.i.AbstractProblemLoader Creating init config 
261860     DEBUG main            d.u.i.k.p.i.AbstractProblemLoader Init config took 2.8s 
261876     INFO  main            d.u.i.k.p.i.AbstractProblemLoader Replaying proof inequations0.key 
261877     DEBUG main            d.u.i.k.p.i.IntermediateProofReplayer Proof replay took 41.2ns 
261980     INFO  main            d.u.i.k.p.r.p.TestFile    ... finished proof: closed. 
262336     INFO  main            d.u.i.k.p.i.AbstractProblemLoader Loading environment from /home/runner/work/key/key/key.core/../key.ui/examples/standard_key/inEqSimp/inequations0.key.proof 
262336     DEBUG main            d.u.i.k.p.i.AbstractProblemLoader Environment load took 118.1ns 
262337     INFO  main            d.u.i.k.p.i.AbstractProblemLoader Creating init config 
265095     DEBUG main            d.u.i.k.p.i.AbstractProblemLoader Init config took 2.76s 
265111     INFO  main            d.u.i.k.p.i.AbstractProblemLoader Replaying proof inequations0.key.proof 
265115     DEBUG main            d.u.i.k.p.i.IntermediateProofReplayer Proof replay took 2.5ms 
265116     DEBUG main            d.u.i.k.p.r.p.TestFile    ... success: reloaded. 
265117     INFO  main            d.u.i.k.p.r.p.TestFile    Now processing file /home/runner/work/key/key/key.core/../key.ui/examples/standard_key/inEqSimp/inequations1.key 
265117     INFO  main            d.u.i.k.p.i.AbstractProblemLoader Loading environment from /home/runner/work/key/key/key.core/../key.ui/examples/standard_key/inEqSimp/inequations1.key 
265117     DEBUG main            d.u.i.k.p.i.AbstractProblemLoader Environment load took 217.5ns 
265118     INFO  main            d.u.i.k.p.i.AbstractProblemLoader Creating init config 
268026     DEBUG main            d.u.i.k.p.i.AbstractProblemLoader Init config took 2.91s 
268042     INFO  main            d.u.i.k.p.i.AbstractProblemLoader Replaying proof inequations1.key 
268044     DEBUG main            d.u.i.k.p.i.IntermediateProofReplayer Proof replay took 4.3ns 
268146     INFO  main            d.u.i.k.p.r.p.TestFile    ... finished proof: closed. 
268491     INFO  main            d.u.i.k.p.i.AbstractProblemLoader Loading environment from /home/runner/work/key/key/key.core/../key.ui/examples/standard_key/inEqSimp/inequations1.key.proof 
268491     DEBUG main            d.u.i.k.p.i.AbstractProblemLoader Environment load took 110.3ns 
268493     INFO  main            d.u.i.k.p.i.AbstractProblemLoader Creating init config 
271349     DEBUG main            d.u.i.k.p.i.AbstractProblemLoader Init config took 2.86s 
271365     INFO  main            d.u.i.k.p.i.AbstractProblemLoader Replaying proof inequations1.key.proof 
271368     DEBUG main            d.u.i.k.p.i.IntermediateProofReplayer Proof replay took 1.4ms 
271369     DEBUG main            d.u.i.k.p.r.p.TestFile    ... success: reloaded. 
271369     INFO  main            d.u.i.k.p.r.p.TestFile    Now processing file /home/runner/work/key/key/key.core/../key.ui/examples/standard_key/inEqSimp/inequations2.key 
271369     INFO  main            d.u.i.k.p.i.AbstractProblemLoader Loading environment from /home/runner/work/key/key/key.core/../key.ui/examples/standard_key/inEqSimp/inequations2.key 
271369     DEBUG main            d.u.i.k.p.i.AbstractProblemLoader Environment load took 72.5ns 
271375     INFO  main            d.u.i.k.p.i.AbstractProblemLoader Creating init config 
274211     DEBUG main            d.u.i.k.p.i.AbstractProblemLoader Init config took 2.84s 
274227     INFO  main            d.u.i.k.p.i.AbstractProblemLoader Replaying proof inequations2.key 
274228     DEBUG main            d.u.i.k.p.i.IntermediateProofReplayer Proof replay took 3.2ns 
274331     INFO  main            d.u.i.k.p.r.p.TestFile    ... finished proof: closed. 
274656     INFO  main            d.u.i.k.p.i.AbstractProblemLoader Loading environment from /home/runner/work/key/key/key.core/../key.ui/examples/standard_key/inEqSimp/inequations2.key.proof 
274657     DEBUG main            d.u.i.k.p.i.AbstractProblemLoader Environment load took 119.2ns 
274658     INFO  main            d.u.i.k.p.i.AbstractProblemLoader Creating init config 
277458     DEBUG main            d.u.i.k.p.i.AbstractProblemLoader Init config took 2.8s 
277474     INFO  main            d.u.i.k.p.i.AbstractProblemLoader Replaying proof inequations2.key.proof 
277477     DEBUG main            d.u.i.k.p.i.IntermediateProofReplayer Proof replay took 1.66ms 
277478     DEBUG main            d.u.i.k.p.r.p.TestFile    ... success: reloaded. 
277479     INFO  main            d.u.i.k.p.r.p.TestFile    Now processing file /home/runner/work/key/key/key.core/../key.ui/examples/standard_key/inEqSimp/linApprox.key 
277480     INFO  main            d.u.i.k.p.i.AbstractProblemLoader Loading environment from /home/runner/work/key/key/key.core/../key.ui/examples/standard_key/inEqSimp/linApprox.key 
277480     DEBUG main            d.u.i.k.p.i.AbstractProblemLoader Environment load took 209.71ns 
277481     INFO  main            d.u.i.k.p.i.AbstractProblemLoader Creating init config 
280302     DEBUG main            d.u.i.k.p.i.AbstractProblemLoader Init config took 2.82s 
280318     INFO  main            d.u.i.k.p.i.AbstractProblemLoader Replaying proof linApprox.key 
280320     DEBUG main            d.u.i.k.p.i.IntermediateProofReplayer Proof replay took 3.7ns 
280422     INFO  main            d.u.i.k.p.r.p.TestFile    ... finished proof: closed. 
280759     INFO  main            d.u.i.k.p.i.AbstractProblemLoader Loading environment from /home/runner/work/key/key/key.core/../key.ui/examples/standard_key/inEqSimp/linApprox.key.proof 
280759     DEBUG main            d.u.i.k.p.i.AbstractProblemLoader Environment load took 109.7ns 
280760     INFO  main            d.u.i.k.p.i.AbstractProblemLoader Creating init config 
283498     DEBUG main            d.u.i.k.p.i.AbstractProblemLoader Init config took 2.74s 
283514     INFO  main            d.u.i.k.p.i.AbstractProblemLoader Replaying proof linApprox.key.proof 
283518     DEBUG main            d.u.i.k.p.i.IntermediateProofReplayer Proof replay took 2.94ms 
283519     DEBUG main            d.u.i.k.p.r.p.TestFile    ... success: reloaded. 
283520     INFO  main            d.u.i.k.p.r.p.TestFile    Now processing file /home/runner/work/key/key/key.core/../key.ui/examples/standard_key/inEqSimp/nonLinInEqExample0.key 
283520     INFO  main            d.u.i.k.p.i.AbstractProblemLoader Loading environment from /home/runner/work/key/key/key.core/../key.ui/examples/standard_key/inEqSimp/nonLinInEqExample0.key 
283520     DEBUG main            d.u.i.k.p.i.AbstractProblemLoader Environment load took 78.1ns 
283521     INFO  main            d.u.i.k.p.i.AbstractProblemLoader Creating init config 
286262     DEBUG main            d.u.i.k.p.i.AbstractProblemLoader Init config took 2.74s 
286277     INFO  main            d.u.i.k.p.i.AbstractProblemLoader Replaying proof nonLinInEqExample0.key 
286278     DEBUG main            d.u.i.k.p.i.IntermediateProofReplayer Proof replay took 3.7ns 
286381     INFO  main            d.u.i.k.p.r.p.TestFile    ... finished proof: closed. 
286714     INFO  main            d.u.i.k.p.i.AbstractProblemLoader Loading environment from /home/runner/work/key/key/key.core/../key.ui/examples/standard_key/inEqSimp/nonLinInEqExample0.key.proof 
286715     DEBUG main            d.u.i.k.p.i.AbstractProblemLoader Environment load took 103.4ns 
286716     INFO  main            d.u.i.k.p.i.AbstractProblemLoader Creating init config 
289457     DEBUG main            d.u.i.k.p.i.AbstractProblemLoader Init config took 2.74s 
289473     INFO  main            d.u.i.k.p.i.AbstractProblemLoader Replaying proof nonLinInEqExample0.key.proof 
289477     DEBUG main            d.u.i.k.p.i.IntermediateProofReplayer Proof replay took 1.05ms 
289478     DEBUG main            d.u.i.k.p.r.p.TestFile    ... success: reloaded. 
289478     INFO  main            d.u.i.k.p.r.p.TestFile    Now processing file /home/runner/work/key/key/key.core/../key.ui/examples/standard_key/inEqSimp/nonLinInEqExample2.key 
289479     INFO  main            d.u.i.k.p.i.AbstractProblemLoader Loading environment from /home/runner/work/key/key/key.core/../key.ui/examples/standard_key/inEqSimp/nonLinInEqExample2.key 
289479     DEBUG main            d.u.i.k.p.i.AbstractProblemLoader Environment load took 59ns 
289482     INFO  main            d.u.i.k.p.i.AbstractProblemLoader Creating init config 
292248     DEBUG main            d.u.i.k.p.i.AbstractProblemLoader Init config took 2.77s 
292264     INFO  main            d.u.i.k.p.i.AbstractProblemLoader Replaying proof nonLinInEqExample2.key 
292266     DEBUG main            d.u.i.k.p.i.IntermediateProofReplayer Proof replay took 3.2ns 
292577     INFO  main            d.u.i.k.p.r.p.TestFile    ... finished proof: closed. 
292944     INFO  main            d.u.i.k.p.i.AbstractProblemLoader Loading environment from /home/runner/work/key/key/key.core/../key.ui/examples/standard_key/inEqSimp/nonLinInEqExample2.key.proof 
292944     DEBUG main            d.u.i.k.p.i.AbstractProblemLoader Environment load took 115.8ns 
292945     INFO  main            d.u.i.k.p.i.AbstractProblemLoader Creating init config 
295623     DEBUG main            d.u.i.k.p.i.AbstractProblemLoader Init config took 2.68s 
295639     INFO  main            d.u.i.k.p.i.AbstractProblemLoader Replaying proof nonLinInEqExample2.key.proof 
295671     DEBUG main            d.u.i.k.p.i.IntermediateProofReplayer Proof replay took 29.25ms 
295673     DEBUG main            d.u.i.k.p.r.p.TestFile    ... success: reloaded. 
295674     INFO  main            d.u.i.k.p.r.p.TestFile    Now processing file /home/runner/work/key/key/key.core/../key.ui/examples/standard_key/inEqSimp/nonLinInEqExample3.key 
295674     INFO  main            d.u.i.k.p.i.AbstractProblemLoader Loading environment from /home/runner/work/key/key/key.core/../key.ui/examples/standard_key/inEqSimp/nonLinInEqExample3.key 
295674     DEBUG main            d.u.i.k.p.i.AbstractProblemLoader Environment load took 104.8ns 
295675     INFO  main            d.u.i.k.p.i.AbstractProblemLoader Creating init config 
298441     DEBUG main            d.u.i.k.p.i.AbstractProblemLoader Init config took 2.77s 
298456     INFO  main            d.u.i.k.p.i.AbstractProblemLoader Replaying proof nonLinInEqExample3.key 
298459     DEBUG main            d.u.i.k.p.i.IntermediateProofReplayer Proof replay took 3.7ns 
298662     INFO  main            d.u.i.k.p.r.p.TestFile    ... finished proof: closed. 
299024     INFO  main            d.u.i.k.p.i.AbstractProblemLoader Loading environment from /home/runner/work/key/key/key.core/../key.ui/examples/standard_key/inEqSimp/nonLinInEqExample3.key.proof 
299024     DEBUG main            d.u.i.k.p.i.AbstractProblemLoader Environment load took 110.6ns 
299026     INFO  main            d.u.i.k.p.i.AbstractProblemLoader Creating init config 
301702     DEBUG main            d.u.i.k.p.i.AbstractProblemLoader Init config took 2.68s 
301718     INFO  main            d.u.i.k.p.i.AbstractProblemLoader Replaying proof nonLinInEqExample3.key.proof 
301738     DEBUG main            d.u.i.k.p.i.IntermediateProofReplayer Proof replay took 17.86ms 
301739     DEBUG main            d.u.i.k.p.r.p.TestFile    ... success: reloaded. 
301739     INFO  main            d.u.i.k.p.r.p.TestFile    Now processing file /home/runner/work/key/key/key.core/../key.ui/examples/standard_key/inEqSimp/nonLinInEqExample4.key 
301740     INFO  main            d.u.i.k.p.i.AbstractProblemLoader Loading environment from /home/runner/work/key/key/key.core/../key.ui/examples/standard_key/inEqSimp/nonLinInEqExample4.key 
301740     DEBUG main            d.u.i.k.p.i.AbstractProblemLoader Environment load took 100.1ns 
301741     INFO  main            d.u.i.k.p.i.AbstractProblemLoader Creating init config 
304442     DEBUG main            d.u.i.k.p.i.AbstractProblemLoader Init config took 2.7s 
304457     INFO  main            d.u.i.k.p.i.AbstractProblemLoader Replaying proof nonLinInEqExample4.key 
304459     DEBUG main            d.u.i.k.p.i.IntermediateProofReplayer Proof replay took 3.6ns 
304568     INFO  main            d.u.i.k.p.r.p.TestFile    ... finished proof: closed. 
304930     INFO  main            d.u.i.k.p.i.AbstractProblemLoader Loading environment from /home/runner/work/key/key/key.core/../key.ui/examples/standard_key/inEqSimp/nonLinInEqExample4.key.proof 
304930     DEBUG main            d.u.i.k.p.i.AbstractProblemLoader Environment load took 112.8ns 
304931     INFO  main            d.u.i.k.p.i.AbstractProblemLoader Creating init config 
307668     DEBUG main            d.u.i.k.p.i.AbstractProblemLoader Init config took 2.74s 
307683     INFO  main            d.u.i.k.p.i.AbstractProblemLoader Replaying proof nonLinInEqExample4.key.proof 
307688     DEBUG main            d.u.i.k.p.i.IntermediateProofReplayer Proof replay took 3.85ms 
307689     DEBUG main            d.u.i.k.p.r.p.TestFile    ... success: reloaded. 
307690     INFO  main            d.u.i.k.p.r.p.TestFile    Now processing file /home/runner/work/key/key/key.core/../key.ui/examples/standard_key/inEqSimp/quadraticInEq.key 
307690     INFO  main            d.u.i.k.p.i.AbstractProblemLoader Loading environment from /home/runner/work/key/key/key.core/../key.ui/examples/standard_key/inEqSimp/quadraticInEq.key 
307691     DEBUG main            d.u.i.k.p.i.AbstractProblemLoader Environment load took 104ns 
307692     INFO  main            d.u.i.k.p.i.AbstractProblemLoader Creating init config 
310415     DEBUG main            d.u.i.k.p.i.AbstractProblemLoader Init config took 2.72s 
310431     INFO  main            d.u.i.k.p.i.AbstractProblemLoader Replaying proof quadraticInEq.key 
310434     DEBUG main            d.u.i.k.p.i.IntermediateProofReplayer Proof replay took 4.9ns 
310742     INFO  main            d.u.i.k.p.r.p.TestFile    ... finished proof: closed. 
311116     INFO  main            d.u.i.k.p.i.AbstractProblemLoader Loading environment from /home/runner/work/key/key/key.core/../key.ui/examples/standard_key/inEqSimp/quadraticInEq.key.proof 
311116     DEBUG main            d.u.i.k.p.i.AbstractProblemLoader Environment load took 135.9ns 
311120     INFO  main            d.u.i.k.p.i.AbstractProblemLoader Creating init config 
313822     DEBUG main            d.u.i.k.p.i.AbstractProblemLoader Init config took 2.7s 
313838     INFO  main            d.u.i.k.p.i.AbstractProblemLoader Replaying proof quadraticInEq.key.proof 
313883     DEBUG main            d.u.i.k.p.i.IntermediateProofReplayer Proof replay took 40.41ms 
313884     DEBUG main            d.u.i.k.p.r.p.TestFile    ... success: reloaded. 
313885     INFO  main            d.u.i.k.p.r.p.TestFile    Now processing file /home/runner/work/key/key/key.core/../key.ui/examples/standard_key/inEqSimp/quadraticInEq10.key 
313885     INFO  main            d.u.i.k.p.i.AbstractProblemLoader Loading environment from /home/runner/work/key/key/key.core/../key.ui/examples/standard_key/inEqSimp/quadraticInEq10.key 
313885     DEBUG main            d.u.i.k.p.i.AbstractProblemLoader Environment load took 57.8ns 
313886     INFO  main            d.u.i.k.p.i.AbstractProblemLoader Creating init config 
316644     DEBUG main            d.u.i.k.p.i.AbstractProblemLoader Init config took 2.76s 
316663     INFO  main            d.u.i.k.p.i.AbstractProblemLoader Replaying proof quadraticInEq10.key 
316665     DEBUG main            d.u.i.k.p.i.IntermediateProofReplayer Proof replay took 3.7ns 
316868     INFO  main            d.u.i.k.p.r.p.TestFile    ... finished proof: closed. 
317259     INFO  main            d.u.i.k.p.i.AbstractProblemLoader Loading environment from /home/runner/work/key/key/key.core/../key.ui/examples/standard_key/inEqSimp/quadraticInEq10.key.proof 
317259     DEBUG main            d.u.i.k.p.i.AbstractProblemLoader Environment load took 119.9ns 
317260     INFO  main            d.u.i.k.p.i.AbstractProblemLoader Creating init config 
319965     DEBUG main            d.u.i.k.p.i.AbstractProblemLoader Init config took 2.71s 
319981     INFO  main            d.u.i.k.p.i.AbstractProblemLoader Replaying proof quadraticInEq10.key.proof 
319997     DEBUG main            d.u.i.k.p.i.IntermediateProofReplayer Proof replay took 13.9ms 
319998     DEBUG main            d.u.i.k.p.r.p.TestFile    ... success: reloaded. 
319999     INFO  main            d.u.i.k.p.r.p.TestFile    Now processing file /home/runner/work/key/key/key.core/../key.ui/examples/standard_key/inEqSimp/quadraticInEq13.key 
319999     INFO  main            d.u.i.k.p.i.AbstractProblemLoader Loading environment from /home/runner/work/key/key/key.core/../key.ui/examples/standard_key/inEqSimp/quadraticInEq13.key 
320000     DEBUG main            d.u.i.k.p.i.AbstractProblemLoader Environment load took 58.3ns 
320001     INFO  main            d.u.i.k.p.i.AbstractProblemLoader Creating init config 
322762     DEBUG main            d.u.i.k.p.i.AbstractProblemLoader Init config took 2.76s 
322777     INFO  main            d.u.i.k.p.i.AbstractProblemLoader Replaying proof quadraticInEq13.key 
322779     DEBUG main            d.u.i.k.p.i.IntermediateProofReplayer Proof replay took 4.7ns 
322983     INFO  main            d.u.i.k.p.r.p.TestFile    ... finished proof: closed. 
323365     INFO  main            d.u.i.k.p.i.AbstractProblemLoader Loading environment from /home/runner/work/key/key/key.core/../key.ui/examples/standard_key/inEqSimp/quadraticInEq13.key.proof 
323366     DEBUG main            d.u.i.k.p.i.AbstractProblemLoader Environment load took 117ns 
323367     INFO  main            d.u.i.k.p.i.AbstractProblemLoader Creating init config 
326112     DEBUG main            d.u.i.k.p.i.AbstractProblemLoader Init config took 2.75s 
326128     INFO  main            d.u.i.k.p.i.AbstractProblemLoader Replaying proof quadraticInEq13.key.proof 
326148     DEBUG main            d.u.i.k.p.i.IntermediateProofReplayer Proof replay took 18.05ms 
326149     DEBUG main            d.u.i.k.p.r.p.TestFile    ... success: reloaded. 
326150     INFO  main            d.u.i.k.p.r.p.TestFile    Now processing file /home/runner/work/key/key/key.core/../key.ui/examples/standard_key/inEqSimp/quadraticInEq14.key 
326150     INFO  main            d.u.i.k.p.i.AbstractProblemLoader Loading environment from /home/runner/work/key/key/key.core/../key.ui/examples/standard_key/inEqSimp/quadraticInEq14.key 
326151     DEBUG main            d.u.i.k.p.i.AbstractProblemLoader Environment load took 95.4ns 
326152     INFO  main            d.u.i.k.p.i.AbstractProblemLoader Creating init config 
328924     DEBUG main            d.u.i.k.p.i.AbstractProblemLoader Init config took 2.77s 
328939     INFO  main            d.u.i.k.p.i.AbstractProblemLoader Replaying proof quadraticInEq14.key 
328941     DEBUG main            d.u.i.k.p.i.IntermediateProofReplayer Proof replay took 3.9ns 
329269     INFO  main            d.u.i.k.p.r.p.TestFile    ... finished proof: closed. 
329660     INFO  main            d.u.i.k.p.i.AbstractProblemLoader Loading environment from /home/runner/work/key/key/key.core/../key.ui/examples/standard_key/inEqSimp/quadraticInEq14.key.proof 
329660     DEBUG main            d.u.i.k.p.i.AbstractProblemLoader Environment load took 101ns 
329661     INFO  main            d.u.i.k.p.i.AbstractProblemLoader Creating init config 
332407     DEBUG main            d.u.i.k.p.i.AbstractProblemLoader Init config took 2.75s 
332423     INFO  main            d.u.i.k.p.i.AbstractProblemLoader Replaying proof quadraticInEq14.key.proof 
332446     DEBUG main            d.u.i.k.p.i.IntermediateProofReplayer Proof replay took 20.67ms 
332447     DEBUG main            d.u.i.k.p.r.p.TestFile    ... success: reloaded. 
332448     INFO  main            d.u.i.k.p.r.p.TestFile    Now processing file /home/runner/work/key/key/key.core/../key.ui/examples/standard_key/inEqSimp/quadraticInEq2.key 
332448     INFO  main            d.u.i.k.p.i.AbstractProblemLoader Loading environment from /home/runner/work/key/key/key.core/../key.ui/examples/standard_key/inEqSimp/quadraticInEq2.key 
332448     DEBUG main            d.u.i.k.p.i.AbstractProblemLoader Environment load took 82.3ns 
332449     INFO  main            d.u.i.k.p.i.AbstractProblemLoader Creating init config 
335165     DEBUG main            d.u.i.k.p.i.AbstractProblemLoader Init config took 2.72s 
335181     INFO  main            d.u.i.k.p.i.AbstractProblemLoader Replaying proof quadraticInEq2.key 
335182     DEBUG main            d.u.i.k.p.i.IntermediateProofReplayer Proof replay took 3.6ns 
335286     INFO  main            d.u.i.k.p.r.p.TestFile    ... finished proof: closed. 
335686     INFO  main            d.u.i.k.p.i.AbstractProblemLoader Loading environment from /home/runner/work/key/key/key.core/../key.ui/examples/standard_key/inEqSimp/quadraticInEq2.key.proof 
335686     DEBUG main            d.u.i.k.p.i.AbstractProblemLoader Environment load took 98.8ns 
335687     INFO  main            d.u.i.k.p.i.AbstractProblemLoader Creating init config 
338375     DEBUG main            d.u.i.k.p.i.AbstractProblemLoader Init config took 2.69s 
338391     INFO  main            d.u.i.k.p.i.AbstractProblemLoader Replaying proof quadraticInEq2.key.proof 
338395     DEBUG main            d.u.i.k.p.i.IntermediateProofReplayer Proof replay took 2.41ms 
338395     DEBUG main            d.u.i.k.p.r.p.TestFile    ... success: reloaded. 
338396     INFO  main            d.u.i.k.p.r.p.TestFile    Now processing file /home/runner/work/key/key/key.core/../key.ui/examples/standard_key/inEqSimp/quadraticInEq3.key 
338396     INFO  main            d.u.i.k.p.i.AbstractProblemLoader Loading environment from /home/runner/work/key/key/key.core/../key.ui/examples/standard_key/inEqSimp/quadraticInEq3.key 
338396     DEBUG main            d.u.i.k.p.i.AbstractProblemLoader Environment load took 55.3ns 
338397     INFO  main            d.u.i.k.p.i.AbstractProblemLoader Creating init config 
341122     DEBUG main            d.u.i.k.p.i.AbstractProblemLoader Init config took 2.72s 
341137     INFO  main            d.u.i.k.p.i.AbstractProblemLoader Replaying proof quadraticInEq3.key 
341138     DEBUG main            d.u.i.k.p.i.IntermediateProofReplayer Proof replay took 3.4ns 
341243     INFO  main            d.u.i.k.p.r.p.TestFile    ... finished proof: closed. 
341619     INFO  main            d.u.i.k.p.i.AbstractProblemLoader Loading environment from /home/runner/work/key/key/key.core/../key.ui/examples/standard_key/inEqSimp/quadraticInEq3.key.proof 
341619     DEBUG main            d.u.i.k.p.i.AbstractProblemLoader Environment load took 98ns 
341620     INFO  main            d.u.i.k.p.i.AbstractProblemLoader Creating init config 
344293     DEBUG main            d.u.i.k.p.i.AbstractProblemLoader Init config took 2.67s 
344308     INFO  main            d.u.i.k.p.i.AbstractProblemLoader Replaying proof quadraticInEq3.key.proof 
344315     DEBUG main            d.u.i.k.p.i.IntermediateProofReplayer Proof replay took 5.71ms 
344316     DEBUG main            d.u.i.k.p.r.p.TestFile    ... success: reloaded. 
344317     INFO  main            d.u.i.k.p.r.p.TestFile    Now processing file /home/runner/work/key/key/key.core/../key.ui/examples/standard_key/inEqSimp/quadraticInEq4.key 
344318     INFO  main            d.u.i.k.p.i.AbstractProblemLoader Loading environment from /home/runner/work/key/key/key.core/../key.ui/examples/standard_key/inEqSimp/quadraticInEq4.key 
344318     DEBUG main            d.u.i.k.p.i.AbstractProblemLoader Environment load took 91.5ns 
344319     INFO  main            d.u.i.k.p.i.AbstractProblemLoader Creating init config 
347091     DEBUG main            d.u.i.k.p.i.AbstractProblemLoader Init config took 2.77s 
347106     INFO  main            d.u.i.k.p.i.AbstractProblemLoader Replaying proof quadraticInEq4.key 
347108     DEBUG main            d.u.i.k.p.i.IntermediateProofReplayer Proof replay took 3.4ns 
347211     INFO  main            d.u.i.k.p.r.p.TestFile    ... finished proof: closed. 
347609     INFO  main            d.u.i.k.p.i.AbstractProblemLoader Loading environment from /home/runner/work/key/key/key.core/../key.ui/examples/standard_key/inEqSimp/quadraticInEq4.key.proof 
347609     DEBUG main            d.u.i.k.p.i.AbstractProblemLoader Environment load took 107.8ns 
347610     INFO  main            d.u.i.k.p.i.AbstractProblemLoader Creating init config 
350328     DEBUG main            d.u.i.k.p.i.AbstractProblemLoader Init config took 2.72s 
350343     INFO  main            d.u.i.k.p.i.AbstractProblemLoader Replaying proof quadraticInEq4.key.proof 
350349     DEBUG main            d.u.i.k.p.i.IntermediateProofReplayer Proof replay took 4.79ms 
350350     DEBUG main            d.u.i.k.p.r.p.TestFile    ... success: reloaded. 
350351     INFO  main            d.u.i.k.p.r.p.TestFile    Now processing file /home/runner/work/key/key/key.core/../key.ui/examples/standard_key/inEqSimp/quadraticInEq5.key 
350351     INFO  main            d.u.i.k.p.i.AbstractProblemLoader Loading environment from /home/runner/work/key/key/key.core/../key.ui/examples/standard_key/inEqSimp/quadraticInEq5.key 
350351     DEBUG main            d.u.i.k.p.i.AbstractProblemLoader Environment load took 103.6ns 
350352     INFO  main            d.u.i.k.p.i.AbstractProblemLoader Creating init config 
353146     DEBUG main            d.u.i.k.p.i.AbstractProblemLoader Init config took 2.79s 
353165     INFO  main            d.u.i.k.p.i.AbstractProblemLoader Replaying proof quadraticInEq5.key 
353167     DEBUG main            d.u.i.k.p.i.IntermediateProofReplayer Proof replay took 4ns 
353269     INFO  main            d.u.i.k.p.r.p.TestFile    ... finished proof: closed. 
353662     INFO  main            d.u.i.k.p.i.AbstractProblemLoader Loading environment from /home/runner/work/key/key/key.core/../key.ui/examples/standard_key/inEqSimp/quadraticInEq5.key.proof 
353662     DEBUG main            d.u.i.k.p.i.AbstractProblemLoader Environment load took 101ns 
353663     INFO  main            d.u.i.k.p.i.AbstractProblemLoader Creating init config 
356350     DEBUG main            d.u.i.k.p.i.AbstractProblemLoader Init config took 2.69s 
356379     INFO  main            d.u.i.k.p.i.AbstractProblemLoader Replaying proof quadraticInEq5.key.proof 
356385     DEBUG main            d.u.i.k.p.i.IntermediateProofReplayer Proof replay took 4.67ms 
356386     DEBUG main            d.u.i.k.p.r.p.TestFile    ... success: reloaded. 
356387     INFO  main            d.u.i.k.p.r.p.TestFile    Now processing file /home/runner/work/key/key/key.core/../key.ui/examples/standard_key/inEqSimp/quadraticInEq6.key 
356387     INFO  main            d.u.i.k.p.i.AbstractProblemLoader Loading environment from /home/runner/work/key/key/key.core/../key.ui/examples/standard_key/inEqSimp/quadraticInEq6.key 
356387     DEBUG main            d.u.i.k.p.i.AbstractProblemLoader Environment load took 62ns 
356388     INFO  main            d.u.i.k.p.i.AbstractProblemLoader Creating init config 
359168     DEBUG main            d.u.i.k.p.i.AbstractProblemLoader Init config took 2.78s 
359185     INFO  main            d.u.i.k.p.i.AbstractProblemLoader Replaying proof quadraticInEq6.key 
359187     DEBUG main            d.u.i.k.p.i.IntermediateProofReplayer Proof replay took 3.5ns 
359290     INFO  main            d.u.i.k.p.r.p.TestFile    ... finished proof: closed. 
359696     INFO  main            d.u.i.k.p.i.AbstractProblemLoader Loading environment from /home/runner/work/key/key/key.core/../key.ui/examples/standard_key/inEqSimp/quadraticInEq6.key.proof 
359696     DEBUG main            d.u.i.k.p.i.AbstractProblemLoader Environment load took 100.5ns 
359697     INFO  main            d.u.i.k.p.i.AbstractProblemLoader Creating init config 
362360     DEBUG main            d.u.i.k.p.i.AbstractProblemLoader Init config took 2.66s 
362375     INFO  main            d.u.i.k.p.i.AbstractProblemLoader Replaying proof quadraticInEq6.key.proof 
362381     DEBUG main            d.u.i.k.p.i.IntermediateProofReplayer Proof replay took 4.34ms 
362382     DEBUG main            d.u.i.k.p.r.p.TestFile    ... success: reloaded. 
362383     INFO  main            d.u.i.k.p.r.p.TestFile    Now processing file /home/runner/work/key/key/key.core/../key.ui/examples/standard_key/inEqSimp/quadraticInEq7.key 
362383     INFO  main            d.u.i.k.p.i.AbstractProblemLoader Loading environment from /home/runner/work/key/key/key.core/../key.ui/examples/standard_key/inEqSimp/quadraticInEq7.key 
362383     DEBUG main            d.u.i.k.p.i.AbstractProblemLoader Environment load took 94.8ns 
362384     INFO  main            d.u.i.k.p.i.AbstractProblemLoader Creating init config 
365137     DEBUG main            d.u.i.k.p.i.AbstractProblemLoader Init config took 2.75s 
365152     INFO  main            d.u.i.k.p.i.AbstractProblemLoader Replaying proof quadraticInEq7.key 
365154     DEBUG main            d.u.i.k.p.i.IntermediateProofReplayer Proof replay took 3.6ns 
365256     INFO  main            d.u.i.k.p.r.p.TestFile    ... finished proof: closed. 
365671     INFO  main            d.u.i.k.p.i.AbstractProblemLoader Loading environment from /home/runner/work/key/key/key.core/../key.ui/examples/standard_key/inEqSimp/quadraticInEq7.key.proof 
365671     DEBUG main            d.u.i.k.p.i.AbstractProblemLoader Environment load took 104.4ns 
365672     INFO  main            d.u.i.k.p.i.AbstractProblemLoader Creating init config 
368340     DEBUG main            d.u.i.k.p.i.AbstractProblemLoader Init config took 2.67s 
368355     INFO  main            d.u.i.k.p.i.AbstractProblemLoader Replaying proof quadraticInEq7.key.proof 
368359     DEBUG main            d.u.i.k.p.i.IntermediateProofReplayer Proof replay took 2.2ms 
368360     DEBUG main            d.u.i.k.p.r.p.TestFile    ... success: reloaded. 
368360     INFO  main            d.u.i.k.p.r.p.TestFile    Now processing file /home/runner/work/key/key/key.core/../key.ui/examples/standard_key/inEqSimp/quadraticInEq8.key 
368361     INFO  main            d.u.i.k.p.i.AbstractProblemLoader Loading environment from /home/runner/work/key/key/key.core/../key.ui/examples/standard_key/inEqSimp/quadraticInEq8.key 
368361     DEBUG main            d.u.i.k.p.i.AbstractProblemLoader Environment load took 89.7ns 
368362     INFO  main            d.u.i.k.p.i.AbstractProblemLoader Creating init config 
371069     DEBUG main            d.u.i.k.p.i.AbstractProblemLoader Init config took 2.71s 
371104     INFO  main            d.u.i.k.p.i.AbstractProblemLoader Replaying proof quadraticInEq8.key 
371105     DEBUG main            d.u.i.k.p.i.IntermediateProofReplayer Proof replay took 3.9ns 
371207     INFO  main            d.u.i.k.p.r.p.TestFile    ... finished proof: closed. 
371631     INFO  main            d.u.i.k.p.i.AbstractProblemLoader Loading environment from /home/runner/work/key/key/key.core/../key.ui/examples/standard_key/inEqSimp/quadraticInEq8.key.proof 
371631     DEBUG main            d.u.i.k.p.i.AbstractProblemLoader Environment load took 117.5ns 
371632     INFO  main            d.u.i.k.p.i.AbstractProblemLoader Creating init config 
374328     DEBUG main            d.u.i.k.p.i.AbstractProblemLoader Init config took 2.7s 
374346     INFO  main            d.u.i.k.p.i.AbstractProblemLoader Replaying proof quadraticInEq8.key.proof 
374356     DEBUG main            d.u.i.k.p.i.IntermediateProofReplayer Proof replay took 7.56ms 
374357     DEBUG main            d.u.i.k.p.r.p.TestFile    ... success: reloaded. 
374358     INFO  main            d.u.i.k.p.r.p.TestFile    Now processing file /home/runner/work/key/key/key.core/../key.ui/examples/standard_key/inEqSimp/simplify0.key 
374358     INFO  main            d.u.i.k.p.i.AbstractProblemLoader Loading environment from /home/runner/work/key/key/key.core/../key.ui/examples/standard_key/inEqSimp/simplify0.key 
374358     DEBUG main            d.u.i.k.p.i.AbstractProblemLoader Environment load took 105.4ns 
374359     INFO  main            d.u.i.k.p.i.AbstractProblemLoader Creating init config 
377060     DEBUG main            d.u.i.k.p.i.AbstractProblemLoader Init config took 2.7s 
377077     INFO  main            d.u.i.k.p.i.AbstractProblemLoader Replaying proof simplify0.key 
377078     DEBUG main            d.u.i.k.p.i.IntermediateProofReplayer Proof replay took 3.6ns 
377180     INFO  main            d.u.i.k.p.r.p.TestFile    ... finished proof: closed. 
377620     INFO  main            d.u.i.k.p.i.AbstractProblemLoader Loading environment from /home/runner/work/key/key/key.core/../key.ui/examples/standard_key/inEqSimp/simplify0.key.proof 
377620     DEBUG main            d.u.i.k.p.i.AbstractProblemLoader Environment load took 113.4ns 
377621     INFO  main            d.u.i.k.p.i.AbstractProblemLoader Creating init config 
380294     DEBUG main            d.u.i.k.p.i.AbstractProblemLoader Init config took 2.67s 
380310     INFO  main            d.u.i.k.p.i.AbstractProblemLoader Replaying proof simplify0.key.proof 
380314     DEBUG main            d.u.i.k.p.i.IntermediateProofReplayer Proof replay took 2.83ms 
380315     DEBUG main            d.u.i.k.p.r.p.TestFile    ... success: reloaded. 
380315     INFO  main            d.u.i.k.p.r.p.TestFile    Now processing file /home/runner/work/key/key/key.core/../key.ui/examples/standard_key/inEqSimp/simplify1.key 
380315     INFO  main            d.u.i.k.p.i.AbstractProblemLoader Loading environment from /home/runner/work/key/key/key.core/../key.ui/examples/standard_key/inEqSimp/simplify1.key 
380315     DEBUG main            d.u.i.k.p.i.AbstractProblemLoader Environment load took 49.5ns 
380316     INFO  main            d.u.i.k.p.i.AbstractProblemLoader Creating init config 
383004     DEBUG main            d.u.i.k.p.i.AbstractProblemLoader Init config took 2.69s 
383018     INFO  main            d.u.i.k.p.i.AbstractProblemLoader Replaying proof simplify1.key 
383020     DEBUG main            d.u.i.k.p.i.IntermediateProofReplayer Proof replay took 3.9ns 
383121     INFO  main            d.u.i.k.p.r.p.TestFile    ... finished proof: closed. 
383560     INFO  main            d.u.i.k.p.i.AbstractProblemLoader Loading environment from /home/runner/work/key/key/key.core/../key.ui/examples/standard_key/inEqSimp/simplify1.key.proof 
383561     DEBUG main            d.u.i.k.p.i.AbstractProblemLoader Environment load took 97.6ns 
383562     INFO  main            d.u.i.k.p.i.AbstractProblemLoader Creating init config 
386218     DEBUG main            d.u.i.k.p.i.AbstractProblemLoader Init config took 2.66s 
386235     INFO  main            d.u.i.k.p.i.AbstractProblemLoader Replaying proof simplify1.key.proof 
386238     DEBUG main            d.u.i.k.p.i.IntermediateProofReplayer Proof replay took 1.22ms 
386238     DEBUG main            d.u.i.k.p.r.p.TestFile    ... success: reloaded. 
386239     INFO  main            d.u.i.k.p.r.p.TestFile    Now processing file /home/runner/work/key/key/key.core/../key.ui/examples/standard_key/inEqSimp/simplify2.key 
386239     INFO  main            d.u.i.k.p.i.AbstractProblemLoader Loading environment from /home/runner/work/key/key/key.core/../key.ui/examples/standard_key/inEqSimp/simplify2.key 
386239     DEBUG main            d.u.i.k.p.i.AbstractProblemLoader Environment load took 49.1ns 
386240     INFO  main            d.u.i.k.p.i.AbstractProblemLoader Creating init config 
388960     DEBUG main            d.u.i.k.p.i.AbstractProblemLoader Init config took 2.72s 
388975     INFO  main            d.u.i.k.p.i.AbstractProblemLoader Replaying proof simplify2.key 
388976     DEBUG main            d.u.i.k.p.i.IntermediateProofReplayer Proof replay took 3.6ns 
389079     INFO  main            d.u.i.k.p.r.p.TestFile    ... finished proof: closed. 
389528     INFO  main            d.u.i.k.p.i.AbstractProblemLoader Loading environment from /home/runner/work/key/key/key.core/../key.ui/examples/standard_key/inEqSimp/simplify2.key.proof 
389528     DEBUG main            d.u.i.k.p.i.AbstractProblemLoader Environment load took 95.4ns 
389530     INFO  main            d.u.i.k.p.i.AbstractProblemLoader Creating init config 
392164     DEBUG main            d.u.i.k.p.i.AbstractProblemLoader Init config took 2.63s 
392180     INFO  main            d.u.i.k.p.i.AbstractProblemLoader Replaying proof simplify2.key.proof 
392193     DEBUG main            d.u.i.k.p.i.IntermediateProofReplayer Proof replay took 11.6ms 
392194     DEBUG main            d.u.i.k.p.r.p.TestFile    ... success: reloaded. 
392195     INFO  main            d.u.i.k.p.r.p.TestFile    Now processing file /home/runner/work/key/key/key.core/../key.ui/examples/standard_key/inEqSimp/simplify3.key 
392195     INFO  main            d.u.i.k.p.i.AbstractProblemLoader Loading environment from /home/runner/work/key/key/key.core/../key.ui/examples/standard_key/inEqSimp/simplify3.key 
392195     DEBUG main            d.u.i.k.p.i.AbstractProblemLoader Environment load took 74.4ns 
392196     INFO  main            d.u.i.k.p.i.AbstractProblemLoader Creating init config 
394897     DEBUG main            d.u.i.k.p.i.AbstractProblemLoader Init config took 2.7s 
394912     INFO  main            d.u.i.k.p.i.AbstractProblemLoader Replaying proof simplify3.key 
394913     DEBUG main            d.u.i.k.p.i.IntermediateProofReplayer Proof replay took 3.6ns 
395015     INFO  main            d.u.i.k.p.r.p.TestFile    ... finished proof: closed. 
395461     INFO  main            d.u.i.k.p.i.AbstractProblemLoader Loading environment from /home/runner/work/key/key/key.core/../key.ui/examples/standard_key/inEqSimp/simplify3.key.proof 
395462     DEBUG main            d.u.i.k.p.i.AbstractProblemLoader Environment load took 131ns 
395463     INFO  main            d.u.i.k.p.i.AbstractProblemLoader Creating init config 
398144     DEBUG main            d.u.i.k.p.i.AbstractProblemLoader Init config took 2.68s 
398160     INFO  main            d.u.i.k.p.i.AbstractProblemLoader Replaying proof simplify3.key.proof 
398163     DEBUG main            d.u.i.k.p.i.IntermediateProofReplayer Proof replay took 1.99ms 
398164     DEBUG main            d.u.i.k.p.r.p.TestFile    ... success: reloaded. 
398164     INFO  main            d.u.i.k.p.r.p.TestFile    Now processing file /home/runner/work/key/key/key.core/../key.ui/examples/standard_key/inEqSimp/simplify4.key 
398165     INFO  main            d.u.i.k.p.i.AbstractProblemLoader Loading environment from /home/runner/work/key/key/key.core/../key.ui/examples/standard_key/inEqSimp/simplify4.key 
398165     DEBUG main            d.u.i.k.p.i.AbstractProblemLoader Environment load took 98.9ns 
398166     INFO  main            d.u.i.k.p.i.AbstractProblemLoader Creating init config 
400894     DEBUG main            d.u.i.k.p.i.AbstractProblemLoader Init config took 2.73s 
400912     INFO  main            d.u.i.k.p.i.AbstractProblemLoader Replaying proof simplify4.key 
400913     DEBUG main            d.u.i.k.p.i.IntermediateProofReplayer Proof replay took 3.1ns 
401015     INFO  main            d.u.i.k.p.r.p.TestFile    ... finished proof: closed. 
401471     INFO  main            d.u.i.k.p.i.AbstractProblemLoader Loading environment from /home/runner/work/key/key/key.core/../key.ui/examples/standard_key/inEqSimp/simplify4.key.proof 
401472     DEBUG main            d.u.i.k.p.i.AbstractProblemLoader Environment load took 107.2ns 
401473     INFO  main            d.u.i.k.p.i.AbstractProblemLoader Creating init config 
404248     DEBUG main            d.u.i.k.p.i.AbstractProblemLoader Init config took 2.78s 
404265     INFO  main            d.u.i.k.p.i.AbstractProblemLoader Replaying proof simplify4.key.proof 
404285     DEBUG main            d.u.i.k.p.i.IntermediateProofReplayer Proof replay took 18.06ms 
404286     DEBUG main            d.u.i.k.p.r.p.TestFile    ... success: reloaded. 
404286     INFO  main            d.u.i.k.p.r.p.TestFile    Now processing file /home/runner/work/key/key/key.core/../key.ui/examples/standard_key/inEqSimp/simplify5.key 
404286     INFO  main            d.u.i.k.p.i.AbstractProblemLoader Loading environment from /home/runner/work/key/key/key.core/../key.ui/examples/standard_key/inEqSimp/simplify5.key 
404287     DEBUG main            d.u.i.k.p.i.AbstractProblemLoader Environment load took 88.1ns 
404288     INFO  main            d.u.i.k.p.i.AbstractProblemLoader Creating init config 
407044     DEBUG main            d.u.i.k.p.i.AbstractProblemLoader Init config took 2.76s 
407060     INFO  main            d.u.i.k.p.i.AbstractProblemLoader Replaying proof simplify5.key 
407062     DEBUG main            d.u.i.k.p.i.IntermediateProofReplayer Proof replay took 3.4ns 
407667     INFO  main            d.u.i.k.p.r.p.TestFile    ... finished proof: closed. 
408173     INFO  main            d.u.i.k.p.i.AbstractProblemLoader Loading environment from /home/runner/work/key/key/key.core/../key.ui/examples/standard_key/inEqSimp/simplify5.key.proof 
408174     DEBUG main            d.u.i.k.p.i.AbstractProblemLoader Environment load took 522.71ns 
408175     INFO  main            d.u.i.k.p.i.AbstractProblemLoader Creating init config 
410880     DEBUG main            d.u.i.k.p.i.AbstractProblemLoader Init config took 2.7s 
410899     INFO  main            d.u.i.k.p.i.AbstractProblemLoader Replaying proof simplify5.key.proof 
410964     DEBUG main            d.u.i.k.p.i.IntermediateProofReplayer Proof replay took 57.29ms 
410965     DEBUG main            d.u.i.k.p.r.p.TestFile    ... success: reloaded. 
410966     INFO  main            d.u.i.k.p.r.p.TestFile    Now processing file /home/runner/work/key/key/key.core/../key.ui/examples/standard_key/inEqSimp/subsumptionExample.key 
410966     INFO  main            d.u.i.k.p.i.AbstractProblemLoader Loading environment from /home/runner/work/key/key/key.core/../key.ui/examples/standard_key/inEqSimp/subsumptionExample.key 
410966     DEBUG main            d.u.i.k.p.i.AbstractProblemLoader Environment load took 88.1ns 
410967     INFO  main            d.u.i.k.p.i.AbstractProblemLoader Creating init config 
413702     DEBUG main            d.u.i.k.p.i.AbstractProblemLoader Init config took 2.74s 
413718     INFO  main            d.u.i.k.p.i.AbstractProblemLoader Replaying proof subsumptionExample.key 
413719     DEBUG main            d.u.i.k.p.i.IntermediateProofReplayer Proof replay took 3.4ns 
413820     INFO  main            d.u.i.k.p.r.p.TestFile    ... finished proof: closed. 
414296     INFO  main            d.u.i.k.p.i.AbstractProblemLoader Loading environment from /home/runner/work/key/key/key.core/../key.ui/examples/standard_key/inEqSimp/subsumptionExample.key.proof 
414296     DEBUG main            d.u.i.k.p.i.AbstractProblemLoader Environment load took 90.7ns 
414297     INFO  main            d.u.i.k.p.i.AbstractProblemLoader Creating init config 
417012     DEBUG main            d.u.i.k.p.i.AbstractProblemLoader Init config took 2.71s 
417027     INFO  main            d.u.i.k.p.i.AbstractProblemLoader Replaying proof subsumptionExample.key.proof 
417029     DEBUG main            d.u.i.k.p.i.IntermediateProofReplayer Proof replay took 840.52ns 
417030     DEBUG main            d.u.i.k.p.r.p.TestFile    ... success: reloaded. 
417030     INFO  main            d.u.i.k.p.r.p.TestFile    Now processing file /home/runner/work/key/key/key.core/../key.ui/examples/standard_key/polySimp/simplify0.key 
417031     INFO  main            d.u.i.k.p.i.AbstractProblemLoader Loading environment from /home/runner/work/key/key/key.core/../key.ui/examples/standard_key/polySimp/simplify0.key 
417031     DEBUG main            d.u.i.k.p.i.AbstractProblemLoader Environment load took 90.3ns 
417032     INFO  main            d.u.i.k.p.i.AbstractProblemLoader Creating init config 
419801     DEBUG main            d.u.i.k.p.i.AbstractProblemLoader Init config took 2.77s 
419816     INFO  main            d.u.i.k.p.i.AbstractProblemLoader Replaying proof simplify0.key 
419817     DEBUG main            d.u.i.k.p.i.IntermediateProofReplayer Proof replay took 3.6ns 
420020     INFO  main            d.u.i.k.p.r.p.TestFile    ... finished proof: closed. 
420511     INFO  main            d.u.i.k.p.i.AbstractProblemLoader Loading environment from /home/runner/work/key/key/key.core/../key.ui/examples/standard_key/polySimp/simplify0.key.proof 
420511     DEBUG main            d.u.i.k.p.i.AbstractProblemLoader Environment load took 96.9ns 
420512     INFO  main            d.u.i.k.p.i.AbstractProblemLoader Creating init config 
423223     DEBUG main            d.u.i.k.p.i.AbstractProblemLoader Init config took 2.71s 
423239     INFO  main            d.u.i.k.p.i.AbstractProblemLoader Replaying proof simplify0.key.proof 
423258     DEBUG main            d.u.i.k.p.i.IntermediateProofReplayer Proof replay took 16.73ms 
423259     DEBUG main            d.u.i.k.p.r.p.TestFile    ... success: reloaded. 
423259     INFO  main            d.u.i.k.p.r.p.TestFile    Now processing file /home/runner/work/key/key/key.core/../key.ui/examples/standard_key/polySimp/simplify1.key 
423260     INFO  main            d.u.i.k.p.i.AbstractProblemLoader Loading environment from /home/runner/work/key/key/key.core/../key.ui/examples/standard_key/polySimp/simplify1.key 
423260     DEBUG main            d.u.i.k.p.i.AbstractProblemLoader Environment load took 107.4ns 
423261     INFO  main            d.u.i.k.p.i.AbstractProblemLoader Creating init config 
425981     DEBUG main            d.u.i.k.p.i.AbstractProblemLoader Init config took 2.72s 
425996     INFO  main            d.u.i.k.p.i.AbstractProblemLoader Replaying proof simplify1.key 
425998     DEBUG main            d.u.i.k.p.i.IntermediateProofReplayer Proof replay took 4.5ns 
426304     INFO  main            d.u.i.k.p.r.p.TestFile    ... finished proof: closed. 
426781     INFO  main            d.u.i.k.p.i.AbstractProblemLoader Loading environment from /home/runner/work/key/key/key.core/../key.ui/examples/standard_key/polySimp/simplify1.key.proof 
426781     DEBUG main            d.u.i.k.p.i.AbstractProblemLoader Environment load took 92.7ns 
426783     INFO  main            d.u.i.k.p.i.AbstractProblemLoader Creating init config 
429468     DEBUG main            d.u.i.k.p.i.AbstractProblemLoader Init config took 2.68s 
429483     INFO  main            d.u.i.k.p.i.AbstractProblemLoader Replaying proof simplify1.key.proof 
429528     DEBUG main            d.u.i.k.p.i.IntermediateProofReplayer Proof replay took 42.54ms 
429529     DEBUG main            d.u.i.k.p.r.p.TestFile    ... success: reloaded. 
429529     INFO  main            d.u.i.k.p.r.p.TestFile    Now processing file /home/runner/work/key/key/key.core/../key.ui/examples/standard_key/polySimp/simplify10.key 
429530     INFO  main            d.u.i.k.p.i.AbstractProblemLoader Loading environment from /home/runner/work/key/key/key.core/../key.ui/examples/standard_key/polySimp/simplify10.key 
429530     DEBUG main            d.u.i.k.p.i.AbstractProblemLoader Environment load took 51.9ns 
429531     INFO  main            d.u.i.k.p.i.AbstractProblemLoader Creating init config 
432323     DEBUG main            d.u.i.k.p.i.AbstractProblemLoader Init config took 2.79s 
432339     INFO  main            d.u.i.k.p.i.AbstractProblemLoader Replaying proof simplify10.key 
432340     DEBUG main            d.u.i.k.p.i.IntermediateProofReplayer Proof replay took 3.7ns 
432643     INFO  main            d.u.i.k.p.r.p.TestFile    ... finished proof: closed. 
433145     INFO  main            d.u.i.k.p.i.AbstractProblemLoader Loading environment from /home/runner/work/key/key/key.core/../key.ui/examples/standard_key/polySimp/simplify10.key.proof 
433145     DEBUG main            d.u.i.k.p.i.AbstractProblemLoader Environment load took 95.7ns 
433146     INFO  main            d.u.i.k.p.i.AbstractProblemLoader Creating init config 
435873     DEBUG main            d.u.i.k.p.i.AbstractProblemLoader Init config took 2.73s 
435891     INFO  main            d.u.i.k.p.i.AbstractProblemLoader Replaying proof simplify10.key.proof 
435924     DEBUG main            d.u.i.k.p.i.IntermediateProofReplayer Proof replay took 30.55ms 
435926     DEBUG main            d.u.i.k.p.r.p.TestFile    ... success: reloaded. 
435926     INFO  main            d.u.i.k.p.r.p.TestFile    Now processing file /home/runner/work/key/key/key.core/../key.ui/examples/standard_key/polySimp/simplify11.key 
435926     INFO  main            d.u.i.k.p.i.AbstractProblemLoader Loading environment from /home/runner/work/key/key/key.core/../key.ui/examples/standard_key/polySimp/simplify11.key 
435926     DEBUG main            d.u.i.k.p.i.AbstractProblemLoader Environment load took 105.5ns 
435928     INFO  main            d.u.i.k.p.i.AbstractProblemLoader Creating init config 
438634     DEBUG main            d.u.i.k.p.i.AbstractProblemLoader Init config took 2.71s 
438649     INFO  main            d.u.i.k.p.i.AbstractProblemLoader Replaying proof simplify11.key 
438650     DEBUG main            d.u.i.k.p.i.IntermediateProofReplayer Proof replay took 3.4ns 
438953     INFO  main            d.u.i.k.p.r.p.TestFile    ... finished proof: closed. 
439468     INFO  main            d.u.i.k.p.i.AbstractProblemLoader Loading environment from /home/runner/work/key/key/key.core/../key.ui/examples/standard_key/polySimp/simplify11.key.proof 
439468     DEBUG main            d.u.i.k.p.i.AbstractProblemLoader Environment load took 91.2ns 
439470     INFO  main            d.u.i.k.p.i.AbstractProblemLoader Creating init config 
442177     DEBUG main            d.u.i.k.p.i.AbstractProblemLoader Init config took 2.71s 
442194     INFO  main            d.u.i.k.p.i.AbstractProblemLoader Replaying proof simplify11.key.proof 
442217     DEBUG main            d.u.i.k.p.i.IntermediateProofReplayer Proof replay took 21.11ms 
442218     DEBUG main            d.u.i.k.p.r.p.TestFile    ... success: reloaded. 
442219     INFO  main            d.u.i.k.p.r.p.TestFile    Now processing file /home/runner/work/key/key/key.core/../key.ui/examples/standard_key/polySimp/simplify12.key 
442219     INFO  main            d.u.i.k.p.i.AbstractProblemLoader Loading environment from /home/runner/work/key/key/key.core/../key.ui/examples/standard_key/polySimp/simplify12.key 
442219     DEBUG main            d.u.i.k.p.i.AbstractProblemLoader Environment load took 48.8ns 
442220     INFO  main            d.u.i.k.p.i.AbstractProblemLoader Creating init config 
444937     DEBUG main            d.u.i.k.p.i.AbstractProblemLoader Init config took 2.72s 
444952     INFO  main            d.u.i.k.p.i.AbstractProblemLoader Replaying proof simplify12.key 
444953     DEBUG main            d.u.i.k.p.i.IntermediateProofReplayer Proof replay took 3.6ns 
445055     INFO  main            d.u.i.k.p.r.p.TestFile    ... finished proof: closed. 
445565     INFO  main            d.u.i.k.p.i.AbstractProblemLoader Loading environment from /home/runner/work/key/key/key.core/../key.ui/examples/standard_key/polySimp/simplify12.key.proof 
445565     DEBUG main            d.u.i.k.p.i.AbstractProblemLoader Environment load took 92.1ns 
445567     INFO  main            d.u.i.k.p.i.AbstractProblemLoader Creating init config 
448321     DEBUG main            d.u.i.k.p.i.AbstractProblemLoader Init config took 2.75s 
448337     INFO  main            d.u.i.k.p.i.AbstractProblemLoader Replaying proof simplify12.key.proof 
448349     DEBUG main            d.u.i.k.p.i.IntermediateProofReplayer Proof replay took 9.87ms 
448350     DEBUG main            d.u.i.k.p.r.p.TestFile    ... success: reloaded. 
448351     INFO  main            d.u.i.k.p.r.p.TestFile    Now processing file /home/runner/work/key/key/key.core/../key.ui/examples/standard_key/polySimp/simplify13.key 
448351     INFO  main            d.u.i.k.p.i.AbstractProblemLoader Loading environment from /home/runner/work/key/key/key.core/../key.ui/examples/standard_key/polySimp/simplify13.key 
448351     DEBUG main            d.u.i.k.p.i.AbstractProblemLoader Environment load took 50.4ns 
448352     INFO  main            d.u.i.k.p.i.AbstractProblemLoader Creating init config 
451048     DEBUG main            d.u.i.k.p.i.AbstractProblemLoader Init config took 2.7s 
451063     INFO  main            d.u.i.k.p.i.AbstractProblemLoader Replaying proof simplify13.key 
451064     DEBUG main            d.u.i.k.p.i.IntermediateProofReplayer Proof replay took 4.4ns 
451166     INFO  main            d.u.i.k.p.r.p.TestFile    ... finished proof: closed. 
451652     INFO  main            d.u.i.k.p.i.AbstractProblemLoader Loading environment from /home/runner/work/key/key/key.core/../key.ui/examples/standard_key/polySimp/simplify13.key.proof 
451652     DEBUG main            d.u.i.k.p.i.AbstractProblemLoader Environment load took 93.1ns 
451653     INFO  main            d.u.i.k.p.i.AbstractProblemLoader Creating init config 
454300     DEBUG main            d.u.i.k.p.i.AbstractProblemLoader Init config took 2.65s 
454317     INFO  main            d.u.i.k.p.i.AbstractProblemLoader Replaying proof simplify13.key.proof 
454324     DEBUG main            d.u.i.k.p.i.IntermediateProofReplayer Proof replay took 5.87ms 
454325     DEBUG main            d.u.i.k.p.r.p.TestFile    ... success: reloaded. 
454325     INFO  main            d.u.i.k.p.r.p.TestFile    Now processing file /home/runner/work/key/key/key.core/../key.ui/examples/standard_key/polySimp/simplify14.key 
454325     INFO  main            d.u.i.k.p.i.AbstractProblemLoader Loading environment from /home/runner/work/key/key/key.core/../key.ui/examples/standard_key/polySimp/simplify14.key 
454325     DEBUG main            d.u.i.k.p.i.AbstractProblemLoader Environment load took 75.9ns 
454326     INFO  main            d.u.i.k.p.i.AbstractProblemLoader Creating init config 
457158     DEBUG main            d.u.i.k.p.i.AbstractProblemLoader Init config took 2.83s 
457175     INFO  main            d.u.i.k.p.i.AbstractProblemLoader Replaying proof simplify14.key 
457176     DEBUG main            d.u.i.k.p.i.IntermediateProofReplayer Proof replay took 3.5ns 
457278     INFO  main            d.u.i.k.p.r.p.TestFile    ... finished proof: closed. 
457779     INFO  main            d.u.i.k.p.i.AbstractProblemLoader Loading environment from /home/runner/work/key/key/key.core/../key.ui/examples/standard_key/polySimp/simplify14.key.proof 
457779     DEBUG main            d.u.i.k.p.i.AbstractProblemLoader Environment load took 115.2ns 
457780     INFO  main            d.u.i.k.p.i.AbstractProblemLoader Creating init config 
460532     DEBUG main            d.u.i.k.p.i.AbstractProblemLoader Init config took 2.75s 
460549     INFO  main            d.u.i.k.p.i.AbstractProblemLoader Replaying proof simplify14.key.proof 
460552     DEBUG main            d.u.i.k.p.i.IntermediateProofReplayer Proof replay took 1.54ms 
460553     DEBUG main            d.u.i.k.p.r.p.TestFile    ... success: reloaded. 
460553     INFO  main            d.u.i.k.p.r.p.TestFile    Now processing file /home/runner/work/key/key/key.core/../key.ui/examples/standard_key/polySimp/simplify15.key 
460553     INFO  main            d.u.i.k.p.i.AbstractProblemLoader Loading environment from /home/runner/work/key/key/key.core/../key.ui/examples/standard_key/polySimp/simplify15.key 
460553     DEBUG main            d.u.i.k.p.i.AbstractProblemLoader Environment load took 51ns 
460554     INFO  main            d.u.i.k.p.i.AbstractProblemLoader Creating init config 
463305     DEBUG main            d.u.i.k.p.i.AbstractProblemLoader Init config took 2.75s 
463321     INFO  main            d.u.i.k.p.i.AbstractProblemLoader Replaying proof simplify15.key 
463322     DEBUG main            d.u.i.k.p.i.IntermediateProofReplayer Proof replay took 3.9ns 
463423     INFO  main            d.u.i.k.p.r.p.TestFile    ... finished proof: closed. 
463963     INFO  main            d.u.i.k.p.i.AbstractProblemLoader Loading environment from /home/runner/work/key/key/key.core/../key.ui/examples/standard_key/polySimp/simplify15.key.proof 
463964     DEBUG main            d.u.i.k.p.i.AbstractProblemLoader Environment load took 91.1ns 
463965     INFO  main            d.u.i.k.p.i.AbstractProblemLoader Creating init config 
466759     DEBUG main            d.u.i.k.p.i.AbstractProblemLoader Init config took 2.79s 
466774     INFO  main            d.u.i.k.p.i.AbstractProblemLoader Replaying proof simplify15.key.proof 
466776     DEBUG main            d.u.i.k.p.i.IntermediateProofReplayer Proof replay took 707.82ns 
466776     DEBUG main            d.u.i.k.p.r.p.TestFile    ... success: reloaded. 
466779     INFO  main            d.u.i.k.p.r.p.TestFile    Now processing file /home/runner/work/key/key/key.core/../key.ui/examples/standard_key/polySimp/simplify16.key 
466779     INFO  main            d.u.i.k.p.i.AbstractProblemLoader Loading environment from /home/runner/work/key/key/key.core/../key.ui/examples/standard_key/polySimp/simplify16.key 
466779     DEBUG main            d.u.i.k.p.i.AbstractProblemLoader Environment load took 50.7ns 
466780     INFO  main            d.u.i.k.p.i.AbstractProblemLoader Creating init config 
469606     DEBUG main            d.u.i.k.p.i.AbstractProblemLoader Init config took 2.83s 
469621     INFO  main            d.u.i.k.p.i.AbstractProblemLoader Replaying proof simplify16.key 
469622     DEBUG main            d.u.i.k.p.i.IntermediateProofReplayer Proof replay took 3.8ns 
469724     INFO  main            d.u.i.k.p.r.p.TestFile    ... finished proof: closed. 
470278     INFO  main            d.u.i.k.p.i.AbstractProblemLoader Loading environment from /home/runner/work/key/key/key.core/../key.ui/examples/standard_key/polySimp/simplify16.key.proof 
470278     DEBUG main            d.u.i.k.p.i.AbstractProblemLoader Environment load took 91ns 
470279     INFO  main            d.u.i.k.p.i.AbstractProblemLoader Creating init config 
473021     DEBUG main            d.u.i.k.p.i.AbstractProblemLoader Init config took 2.74s 
473036     INFO  main            d.u.i.k.p.i.AbstractProblemLoader Replaying proof simplify16.key.proof 
473038     DEBUG main            d.u.i.k.p.i.IntermediateProofReplayer Proof replay took 531.21ns 
473039     DEBUG main            d.u.i.k.p.r.p.TestFile    ... success: reloaded. 
473039     INFO  main            d.u.i.k.p.r.p.TestFile    Now processing file /home/runner/work/key/key/key.core/../key.ui/examples/standard_key/polySimp/simplify17.key 
473040     INFO  main            d.u.i.k.p.i.AbstractProblemLoader Loading environment from /home/runner/work/key/key/key.core/../key.ui/examples/standard_key/polySimp/simplify17.key 
473040     DEBUG main            d.u.i.k.p.i.AbstractProblemLoader Environment load took 49.8ns 
473040     INFO  main            d.u.i.k.p.i.AbstractProblemLoader Creating init config 
475832     DEBUG main            d.u.i.k.p.i.AbstractProblemLoader Init config took 2.79s 
475847     INFO  main            d.u.i.k.p.i.AbstractProblemLoader Replaying proof simplify17.key 
475848     DEBUG main            d.u.i.k.p.i.IntermediateProofReplayer Proof replay took 3.5ns 
475950     INFO  main            d.u.i.k.p.r.p.TestFile    ... finished proof: closed. 
476475     INFO  main            d.u.i.k.p.i.AbstractProblemLoader Loading environment from /home/runner/work/key/key/key.core/../key.ui/examples/standard_key/polySimp/simplify17.key.proof 
476475     DEBUG main            d.u.i.k.p.i.AbstractProblemLoader Environment load took 88.3ns 
476477     INFO  main            d.u.i.k.p.i.AbstractProblemLoader Creating init config 
479197     DEBUG main            d.u.i.k.p.i.AbstractProblemLoader Init config took 2.72s 
479212     INFO  main            d.u.i.k.p.i.AbstractProblemLoader Replaying proof simplify17.key.proof 
479220     DEBUG main            d.u.i.k.p.i.IntermediateProofReplayer Proof replay took 5.67ms 
479220     DEBUG main            d.u.i.k.p.r.p.TestFile    ... success: reloaded. 
479221     INFO  main            d.u.i.k.p.r.p.TestFile    Now processing file /home/runner/work/key/key/key.core/../key.ui/examples/standard_key/polySimp/simplify18.key 
479221     INFO  main            d.u.i.k.p.i.AbstractProblemLoader Loading environment from /home/runner/work/key/key/key.core/../key.ui/examples/standard_key/polySimp/simplify18.key 
479221     DEBUG main            d.u.i.k.p.i.AbstractProblemLoader Environment load took 46.6ns 
479222     INFO  main            d.u.i.k.p.i.AbstractProblemLoader Creating init config 
481994     DEBUG main            d.u.i.k.p.i.AbstractProblemLoader Init config took 2.77s 
482010     INFO  main            d.u.i.k.p.i.AbstractProblemLoader Replaying proof simplify18.key 
482011     DEBUG main            d.u.i.k.p.i.IntermediateProofReplayer Proof replay took 3.8ns 
482214     INFO  main            d.u.i.k.p.r.p.TestFile    ... finished proof: closed. 
482769     INFO  main            d.u.i.k.p.i.AbstractProblemLoader Loading environment from /home/runner/work/key/key/key.core/../key.ui/examples/standard_key/polySimp/simplify18.key.proof 
482769     DEBUG main            d.u.i.k.p.i.AbstractProblemLoader Environment load took 89.9ns 
482770     INFO  main            d.u.i.k.p.i.AbstractProblemLoader Creating init config 
485486     DEBUG main            d.u.i.k.p.i.AbstractProblemLoader Init config took 2.72s 
485503     INFO  main            d.u.i.k.p.i.AbstractProblemLoader Replaying proof simplify18.key.proof 
485521     DEBUG main            d.u.i.k.p.i.IntermediateProofReplayer Proof replay took 15.74ms 
485522     DEBUG main            d.u.i.k.p.r.p.TestFile    ... success: reloaded. 
485522     INFO  main            d.u.i.k.p.r.p.TestFile    Now processing file /home/runner/work/key/key/key.core/../key.ui/examples/standard_key/polySimp/simplify19.key 
485523     INFO  main            d.u.i.k.p.i.AbstractProblemLoader Loading environment from /home/runner/work/key/key/key.core/../key.ui/examples/standard_key/polySimp/simplify19.key 
485523     DEBUG main            d.u.i.k.p.i.AbstractProblemLoader Environment load took 72.1ns 
485524     INFO  main            d.u.i.k.p.i.AbstractProblemLoader Creating init config 
488339     DEBUG main            d.u.i.k.p.i.AbstractProblemLoader Init config took 2.81s 
488375     INFO  main            d.u.i.k.p.i.AbstractProblemLoader Replaying proof simplify19.key 
488376     DEBUG main            d.u.i.k.p.i.IntermediateProofReplayer Proof replay took 3.8ns 
491831     INFO  main            d.u.i.k.p.r.p.TestFile    ... finished proof: closed. 
492435     INFO  main            d.u.i.k.p.i.AbstractProblemLoader Loading environment from /home/runner/work/key/key/key.core/../key.ui/examples/standard_key/polySimp/simplify19.key.proof 
492435     DEBUG main            d.u.i.k.p.i.AbstractProblemLoader Environment load took 94.3ns 
492437     INFO  main            d.u.i.k.p.i.AbstractProblemLoader Creating init config 
495171     DEBUG main            d.u.i.k.p.i.AbstractProblemLoader Init config took 2.73s 
495199     INFO  main            d.u.i.k.p.i.AbstractProblemLoader Replaying proof simplify19.key.proof 
495459     DEBUG main            d.u.i.k.p.i.IntermediateProofReplayer Proof replay took 248.71ms 
495460     DEBUG main            d.u.i.k.p.r.p.TestFile    ... success: reloaded. 
495461     INFO  main            d.u.i.k.p.r.p.TestFile    Now processing file /home/runner/work/key/key/key.core/../key.ui/examples/standard_key/polySimp/simplify2.key 
495461     INFO  main            d.u.i.k.p.i.AbstractProblemLoader Loading environment from /home/runner/work/key/key/key.core/../key.ui/examples/standard_key/polySimp/simplify2.key 
495461     DEBUG main            d.u.i.k.p.i.AbstractProblemLoader Environment load took 68.1ns 
495462     INFO  main            d.u.i.k.p.i.AbstractProblemLoader Creating init config 
498292     DEBUG main            d.u.i.k.p.i.AbstractProblemLoader Init config took 2.83s 
498307     INFO  main            d.u.i.k.p.i.AbstractProblemLoader Replaying proof simplify2.key 
498308     DEBUG main            d.u.i.k.p.i.IntermediateProofReplayer Proof replay took 3.9ns 
498410     INFO  main            d.u.i.k.p.r.p.TestFile    ... finished proof: closed. 
499016     INFO  main            d.u.i.k.p.i.AbstractProblemLoader Loading environment from /home/runner/work/key/key/key.core/../key.ui/examples/standard_key/polySimp/simplify2.key.proof 
499017     DEBUG main            d.u.i.k.p.i.AbstractProblemLoader Environment load took 115.7ns 
499019     INFO  main            d.u.i.k.p.i.AbstractProblemLoader Creating init config 
501714     DEBUG main            d.u.i.k.p.i.AbstractProblemLoader Init config took 2.7s 
501730     INFO  main            d.u.i.k.p.i.AbstractProblemLoader Replaying proof simplify2.key.proof 
501732     DEBUG main            d.u.i.k.p.i.IntermediateProofReplayer Proof replay took 754.52ns 
501733     DEBUG main            d.u.i.k.p.r.p.TestFile    ... success: reloaded. 
501733     INFO  main            d.u.i.k.p.r.p.TestFile    Now processing file /home/runner/work/key/key/key.core/../key.ui/examples/standard_key/polySimp/simplify20.key 
501733     INFO  main            d.u.i.k.p.i.AbstractProblemLoader Loading environment from /home/runner/work/key/key/key.core/../key.ui/examples/standard_key/polySimp/simplify20.key 
501733     DEBUG main            d.u.i.k.p.i.AbstractProblemLoader Environment load took 100.9ns 
501734     INFO  main            d.u.i.k.p.i.AbstractProblemLoader Creating init config 
504412     DEBUG main            d.u.i.k.p.i.AbstractProblemLoader Init config took 2.68s 
504427     INFO  main            d.u.i.k.p.i.AbstractProblemLoader Replaying proof simplify20.key 
504432     DEBUG main            d.u.i.k.p.i.IntermediateProofReplayer Proof replay took 3.1ns 
505137     INFO  main            d.u.i.k.p.r.p.TestFile    ... finished proof: closed. 
505746     INFO  main            d.u.i.k.p.i.AbstractProblemLoader Loading environment from /home/runner/work/key/key/key.core/../key.ui/examples/standard_key/polySimp/simplify20.key.proof 
505747     DEBUG main            d.u.i.k.p.i.AbstractProblemLoader Environment load took 413.01ns 
505748     INFO  main            d.u.i.k.p.i.AbstractProblemLoader Creating init config 
508415     DEBUG main            d.u.i.k.p.i.AbstractProblemLoader Init config took 2.67s 
508431     INFO  main            d.u.i.k.p.i.AbstractProblemLoader Replaying proof simplify20.key.proof 
508500     DEBUG main            d.u.i.k.p.i.IntermediateProofReplayer Proof replay took 65.17ms 
508502     DEBUG main            d.u.i.k.p.r.p.TestFile    ... success: reloaded. 
508502     INFO  main            d.u.i.k.p.r.p.TestFile    Now processing file /home/runner/work/key/key/key.core/../key.ui/examples/standard_key/polySimp/simplify21.key 
508502     INFO  main            d.u.i.k.p.i.AbstractProblemLoader Loading environment from /home/runner/work/key/key/key.core/../key.ui/examples/standard_key/polySimp/simplify21.key 
508502     DEBUG main            d.u.i.k.p.i.AbstractProblemLoader Environment load took 90.6ns 
508505     INFO  main            d.u.i.k.p.i.AbstractProblemLoader Creating init config 
511184     DEBUG main            d.u.i.k.p.i.AbstractProblemLoader Init config took 2.68s 
511201     INFO  main            d.u.i.k.p.i.AbstractProblemLoader Replaying proof simplify21.key 
511203     DEBUG main            d.u.i.k.p.i.IntermediateProofReplayer Proof replay took 3.7ns 
511810     INFO  main            d.u.i.k.p.r.p.TestFile    ... finished proof: closed. 
512437     INFO  main            d.u.i.k.p.i.AbstractProblemLoader Loading environment from /home/runner/work/key/key/key.core/../key.ui/examples/standard_key/polySimp/simplify21.key.proof 
512437     DEBUG main            d.u.i.k.p.i.AbstractProblemLoader Environment load took 122.6ns 
512441     INFO  main            d.u.i.k.p.i.AbstractProblemLoader Creating init config 
515177     DEBUG main            d.u.i.k.p.i.AbstractProblemLoader Init config took 2.74s 
515197     INFO  main            d.u.i.k.p.i.AbstractProblemLoader Replaying proof simplify21.key.proof 
515253     DEBUG main            d.u.i.k.p.i.IntermediateProofReplayer Proof replay took 53.09ms 
515256     DEBUG main            d.u.i.k.p.r.p.TestFile    ... success: reloaded. 
515256     INFO  main            d.u.i.k.p.r.p.TestFile    Now processing file /home/runner/work/key/key/key.core/../key.ui/examples/standard_key/polySimp/simplify22.key 
515256     INFO  main            d.u.i.k.p.i.AbstractProblemLoader Loading environment from /home/runner/work/key/key/key.core/../key.ui/examples/standard_key/polySimp/simplify22.key 
515256     DEBUG main            d.u.i.k.p.i.AbstractProblemLoader Environment load took 83.5ns 
515257     INFO  main            d.u.i.k.p.i.AbstractProblemLoader Creating init config 
517948     DEBUG main            d.u.i.k.p.i.AbstractProblemLoader Init config took 2.69s 
517963     INFO  main            d.u.i.k.p.i.AbstractProblemLoader Replaying proof simplify22.key 
517964     DEBUG main            d.u.i.k.p.i.IntermediateProofReplayer Proof replay took 4ns 
518066     INFO  main            d.u.i.k.p.r.p.TestFile    ... finished proof: closed. 
518667     INFO  main            d.u.i.k.p.i.AbstractProblemLoader Loading environment from /home/runner/work/key/key/key.core/../key.ui/examples/standard_key/polySimp/simplify22.key.proof 
518668     DEBUG main            d.u.i.k.p.i.AbstractProblemLoader Environment load took 91.2ns 
518669     INFO  main            d.u.i.k.p.i.AbstractProblemLoader Creating init config 
521347     DEBUG main            d.u.i.k.p.i.AbstractProblemLoader Init config took 2.68s 
521362     INFO  main            d.u.i.k.p.i.AbstractProblemLoader Replaying proof simplify22.key.proof 
521373     DEBUG main            d.u.i.k.p.i.IntermediateProofReplayer Proof replay took 2.62ms 
521374     DEBUG main            d.u.i.k.p.r.p.TestFile    ... success: reloaded. 
521375     INFO  main            d.u.i.k.p.r.p.TestFile    Now processing file /home/runner/work/key/key/key.core/../key.ui/examples/standard_key/polySimp/simplify23.key 
521375     INFO  main            d.u.i.k.p.i.AbstractProblemLoader Loading environment from /home/runner/work/key/key/key.core/../key.ui/examples/standard_key/polySimp/simplify23.key 
521375     DEBUG main            d.u.i.k.p.i.AbstractProblemLoader Environment load took 51ns 
521376     INFO  main            d.u.i.k.p.i.AbstractProblemLoader Creating init config 
524086     DEBUG main            d.u.i.k.p.i.AbstractProblemLoader Init config took 2.71s 
524102     INFO  main            d.u.i.k.p.i.AbstractProblemLoader Replaying proof simplify23.key 
524103     DEBUG main            d.u.i.k.p.i.IntermediateProofReplayer Proof replay took 4.1ns 
524205     INFO  main            d.u.i.k.p.r.p.TestFile    ... finished proof: closed. 
524773     INFO  main            d.u.i.k.p.i.AbstractProblemLoader Loading environment from /home/runner/work/key/key/key.core/../key.ui/examples/standard_key/polySimp/simplify23.key.proof 
524773     DEBUG main            d.u.i.k.p.i.AbstractProblemLoader Environment load took 100.2ns 
524774     INFO  main            d.u.i.k.p.i.AbstractProblemLoader Creating init config 
527431     DEBUG main            d.u.i.k.p.i.AbstractProblemLoader Init config took 2.66s 
527446     INFO  main            d.u.i.k.p.i.AbstractProblemLoader Replaying proof simplify23.key.proof 
527460     DEBUG main            d.u.i.k.p.i.IntermediateProofReplayer Proof replay took 12.23ms 
527461     DEBUG main            d.u.i.k.p.r.p.TestFile    ... success: reloaded. 
527461     INFO  main            d.u.i.k.p.r.p.TestFile    Now processing file /home/runner/work/key/key/key.core/../key.ui/examples/standard_key/polySimp/simplify24.key 
527462     INFO  main            d.u.i.k.p.i.AbstractProblemLoader Loading environment from /home/runner/work/key/key/key.core/../key.ui/examples/standard_key/polySimp/simplify24.key 
527462     DEBUG main            d.u.i.k.p.i.AbstractProblemLoader Environment load took 66.1ns 
527462     INFO  main            d.u.i.k.p.i.AbstractProblemLoader Creating init config 
530134     DEBUG main            d.u.i.k.p.i.AbstractProblemLoader Init config took 2.67s 
530148     INFO  main            d.u.i.k.p.i.AbstractProblemLoader Replaying proof simplify24.key 
530149     DEBUG main            d.u.i.k.p.i.IntermediateProofReplayer Proof replay took 3.8ns 
530251     INFO  main            d.u.i.k.p.r.p.TestFile    ... finished proof: closed. 
530820     INFO  main            d.u.i.k.p.i.AbstractProblemLoader Loading environment from /home/runner/work/key/key/key.core/../key.ui/examples/standard_key/polySimp/simplify24.key.proof 
530820     DEBUG main            d.u.i.k.p.i.AbstractProblemLoader Environment load took 84.7ns 
530821     INFO  main            d.u.i.k.p.i.AbstractProblemLoader Creating init config 
533556     DEBUG main            d.u.i.k.p.i.AbstractProblemLoader Init config took 2.74s 
533572     INFO  main            d.u.i.k.p.i.AbstractProblemLoader Replaying proof simplify24.key.proof 
533576     DEBUG main            d.u.i.k.p.i.IntermediateProofReplayer Proof replay took 2.69ms 
533577     DEBUG main            d.u.i.k.p.r.p.TestFile    ... success: reloaded. 
533577     INFO  main            d.u.i.k.p.r.p.TestFile    Now processing file /home/runner/work/key/key/key.core/../key.ui/examples/standard_key/polySimp/simplify25.key 
533577     INFO  main            d.u.i.k.p.i.AbstractProblemLoader Loading environment from /home/runner/work/key/key/key.core/../key.ui/examples/standard_key/polySimp/simplify25.key 
533577     DEBUG main            d.u.i.k.p.i.AbstractProblemLoader Environment load took 65.6ns 
533578     INFO  main            d.u.i.k.p.i.AbstractProblemLoader Creating init config 
536319     DEBUG main            d.u.i.k.p.i.AbstractProblemLoader Init config took 2.74s 
536338     INFO  main            d.u.i.k.p.i.AbstractProblemLoader Replaying proof simplify25.key 
536339     DEBUG main            d.u.i.k.p.i.IntermediateProofReplayer Proof replay took 4.2ns 
536441     INFO  main            d.u.i.k.p.r.p.TestFile    ... finished proof: closed. 
537048     INFO  main            d.u.i.k.p.i.AbstractProblemLoader Loading environment from /home/runner/work/key/key/key.core/../key.ui/examples/standard_key/polySimp/simplify25.key.proof 
537048     DEBUG main            d.u.i.k.p.i.AbstractProblemLoader Environment load took 82.5ns 
537049     INFO  main            d.u.i.k.p.i.AbstractProblemLoader Creating init config 
539709     DEBUG main            d.u.i.k.p.i.AbstractProblemLoader Init config took 2.66s 
539725     INFO  main            d.u.i.k.p.i.AbstractProblemLoader Replaying proof simplify25.key.proof 
539729     DEBUG main            d.u.i.k.p.i.IntermediateProofReplayer Proof replay took 2.65ms 
539729     DEBUG main            d.u.i.k.p.r.p.TestFile    ... success: reloaded. 
539730     INFO  main            d.u.i.k.p.r.p.TestFile    Now processing file /home/runner/work/key/key/key.core/../key.ui/examples/standard_key/polySimp/simplify3.key 
539730     INFO  main            d.u.i.k.p.i.AbstractProblemLoader Loading environment from /home/runner/work/key/key/key.core/../key.ui/examples/standard_key/polySimp/simplify3.key 
539730     DEBUG main            d.u.i.k.p.i.AbstractProblemLoader Environment load took 49.8ns 
539731     INFO  main            d.u.i.k.p.i.AbstractProblemLoader Creating init config 
542438     DEBUG main            d.u.i.k.p.i.AbstractProblemLoader Init config took 2.71s 
542454     INFO  main            d.u.i.k.p.i.AbstractProblemLoader Replaying proof simplify3.key 
542459     DEBUG main            d.u.i.k.p.i.IntermediateProofReplayer Proof replay took 3.3ns 
542560     INFO  main            d.u.i.k.p.r.p.TestFile    ... finished proof: closed. 
543161     INFO  main            d.u.i.k.p.i.AbstractProblemLoader Loading environment from /home/runner/work/key/key/key.core/../key.ui/examples/standard_key/polySimp/simplify3.key.proof 
543161     DEBUG main            d.u.i.k.p.i.AbstractProblemLoader Environment load took 81.9ns 
543162     INFO  main            d.u.i.k.p.i.AbstractProblemLoader Creating init config 
545810     DEBUG main            d.u.i.k.p.i.AbstractProblemLoader Init config took 2.65s 
545825     INFO  main            d.u.i.k.p.i.AbstractProblemLoader Replaying proof simplify3.key.proof 
545827     DEBUG main            d.u.i.k.p.i.IntermediateProofReplayer Proof replay took 906.52ns 
545828     DEBUG main            d.u.i.k.p.r.p.TestFile    ... success: reloaded. 
545828     INFO  main            d.u.i.k.p.r.p.TestFile    Now processing file /home/runner/work/key/key/key.core/../key.ui/examples/standard_key/polySimp/simplify4.key 
545829     INFO  main            d.u.i.k.p.i.AbstractProblemLoader Loading environment from /home/runner/work/key/key/key.core/../key.ui/examples/standard_key/polySimp/simplify4.key 
545829     DEBUG main            d.u.i.k.p.i.AbstractProblemLoader Environment load took 46.6ns 
545830     INFO  main            d.u.i.k.p.i.AbstractProblemLoader Creating init config 
548518     DEBUG main            d.u.i.k.p.i.AbstractProblemLoader Init config took 2.69s 
548535     INFO  main            d.u.i.k.p.i.AbstractProblemLoader Replaying proof simplify4.key 
548536     DEBUG main            d.u.i.k.p.i.IntermediateProofReplayer Proof replay took 3.4ns 
548637     INFO  main            d.u.i.k.p.r.p.TestFile    ... finished proof: closed. 
549220     INFO  main            d.u.i.k.p.i.AbstractProblemLoader Loading environment from /home/runner/work/key/key/key.core/../key.ui/examples/standard_key/polySimp/simplify4.key.proof 
549220     DEBUG main            d.u.i.k.p.i.AbstractProblemLoader Environment load took 84.5ns 
549221     INFO  main            d.u.i.k.p.i.AbstractProblemLoader Creating init config 
551888     DEBUG main            d.u.i.k.p.i.AbstractProblemLoader Init config took 2.67s 
551903     INFO  main            d.u.i.k.p.i.AbstractProblemLoader Replaying proof simplify4.key.proof 
551905     DEBUG main            d.u.i.k.p.i.IntermediateProofReplayer Proof replay took 1.18ms 
551906     DEBUG main            d.u.i.k.p.r.p.TestFile    ... success: reloaded. 
551907     INFO  main            d.u.i.k.p.r.p.TestFile    Now processing file /home/runner/work/key/key/key.core/../key.ui/examples/standard_key/polySimp/simplify5.key 
551908     INFO  main            d.u.i.k.p.i.AbstractProblemLoader Loading environment from /home/runner/work/key/key/key.core/../key.ui/examples/standard_key/polySimp/simplify5.key 
551908     DEBUG main            d.u.i.k.p.i.AbstractProblemLoader Environment load took 75ns 
551908     INFO  main            d.u.i.k.p.i.AbstractProblemLoader Creating init config 
554620     DEBUG main            d.u.i.k.p.i.AbstractProblemLoader Init config took 2.71s 
554635     INFO  main            d.u.i.k.p.i.AbstractProblemLoader Replaying proof simplify5.key 
554636     DEBUG main            d.u.i.k.p.i.IntermediateProofReplayer Proof replay took 3.7ns 
554737     INFO  main            d.u.i.k.p.r.p.TestFile    ... finished proof: closed. 
555343     INFO  main            d.u.i.k.p.i.AbstractProblemLoader Loading environment from /home/runner/work/key/key/key.core/../key.ui/examples/standard_key/polySimp/simplify5.key.proof 
555343     DEBUG main            d.u.i.k.p.i.AbstractProblemLoader Environment load took 81.5ns 
555344     INFO  main            d.u.i.k.p.i.AbstractProblemLoader Creating init config 
558038     DEBUG main            d.u.i.k.p.i.AbstractProblemLoader Init config took 2.69s 
558053     INFO  main            d.u.i.k.p.i.AbstractProblemLoader Replaying proof simplify5.key.proof 
558061     DEBUG main            d.u.i.k.p.i.IntermediateProofReplayer Proof replay took 6.1ms 
558061     DEBUG main            d.u.i.k.p.r.p.TestFile    ... success: reloaded. 
558062     INFO  main            d.u.i.k.p.r.p.TestFile    Now processing file /home/runner/work/key/key/key.core/../key.ui/examples/standard_key/polySimp/simplify6.key 
558062     INFO  main            d.u.i.k.p.i.AbstractProblemLoader Loading environment from /home/runner/work/key/key/key.core/../key.ui/examples/standard_key/polySimp/simplify6.key 
558062     DEBUG main            d.u.i.k.p.i.AbstractProblemLoader Environment load took 44.4ns 
558063     INFO  main            d.u.i.k.p.i.AbstractProblemLoader Creating init config 
560724     DEBUG main            d.u.i.k.p.i.AbstractProblemLoader Init config took 2.66s 
560741     INFO  main            d.u.i.k.p.i.AbstractProblemLoader Replaying proof simplify6.key 
560742     DEBUG main            d.u.i.k.p.i.IntermediateProofReplayer Proof replay took 4.2ns 
560844     INFO  main            d.u.i.k.p.r.p.TestFile    ... finished proof: closed. 
561444     INFO  main            d.u.i.k.p.i.AbstractProblemLoader Loading environment from /home/runner/work/key/key/key.core/../key.ui/examples/standard_key/polySimp/simplify6.key.proof 
561444     DEBUG main            d.u.i.k.p.i.AbstractProblemLoader Environment load took 82.5ns 
561445     INFO  main            d.u.i.k.p.i.AbstractProblemLoader Creating init config 
564067     DEBUG main            d.u.i.k.p.i.AbstractProblemLoader Init config took 2.62s 
564082     INFO  main            d.u.i.k.p.i.AbstractProblemLoader Replaying proof simplify6.key.proof 
564084     DEBUG main            d.u.i.k.p.i.IntermediateProofReplayer Proof replay took 338.31ns 
564084     DEBUG main            d.u.i.k.p.r.p.TestFile    ... success: reloaded. 
564084     INFO  main            d.u.i.k.p.r.p.TestFile    Now processing file /home/runner/work/key/key/key.core/../key.ui/examples/standard_key/polySimp/simplify7.key 
564085     INFO  main            d.u.i.k.p.i.AbstractProblemLoader Loading environment from /home/runner/work/key/key/key.core/../key.ui/examples/standard_key/polySimp/simplify7.key 
564085     DEBUG main            d.u.i.k.p.i.AbstractProblemLoader Environment load took 42.4ns 
564086     INFO  main            d.u.i.k.p.i.AbstractProblemLoader Creating init config 
566769     DEBUG main            d.u.i.k.p.i.AbstractProblemLoader Init config took 2.68s 
566785     INFO  main            d.u.i.k.p.i.AbstractProblemLoader Replaying proof simplify7.key 
566786     DEBUG main            d.u.i.k.p.i.IntermediateProofReplayer Proof replay took 3.9ns 
566888     INFO  main            d.u.i.k.p.r.p.TestFile    ... finished proof: closed. 
567503     INFO  main            d.u.i.k.p.i.AbstractProblemLoader Loading environment from /home/runner/work/key/key/key.core/../key.ui/examples/standard_key/polySimp/simplify7.key.proof 
567503     DEBUG main            d.u.i.k.p.i.AbstractProblemLoader Environment load took 83.6ns 
567504     INFO  main            d.u.i.k.p.i.AbstractProblemLoader Creating init config 
570117     DEBUG main            d.u.i.k.p.i.AbstractProblemLoader Init config took 2.61s 
570133     INFO  main            d.u.i.k.p.i.AbstractProblemLoader Replaying proof simplify7.key.proof 
570135     DEBUG main            d.u.i.k.p.i.IntermediateProofReplayer Proof replay took 626.02ns 
570136     DEBUG main            d.u.i.k.p.r.p.TestFile    ... success: reloaded. 
570136     INFO  main            d.u.i.k.p.r.p.TestFile    Now processing file /home/runner/work/key/key/key.core/../key.ui/examples/standard_key/polySimp/simplify8.key 
570136     INFO  main            d.u.i.k.p.i.AbstractProblemLoader Loading environment from /home/runner/work/key/key/key.core/../key.ui/examples/standard_key/polySimp/simplify8.key 
570136     DEBUG main            d.u.i.k.p.i.AbstractProblemLoader Environment load took 46.1ns 
570140     INFO  main            d.u.i.k.p.i.AbstractProblemLoader Creating init config 
572814     DEBUG main            d.u.i.k.p.i.AbstractProblemLoader Init config took 2.67s 
572830     INFO  main            d.u.i.k.p.i.AbstractProblemLoader Replaying proof simplify8.key 
572831     DEBUG main            d.u.i.k.p.i.IntermediateProofReplayer Proof replay took 3.5ns 
576789     INFO  main            d.u.i.k.p.r.p.TestFile    ... finished proof: closed. 
577438     INFO  main            d.u.i.k.p.i.AbstractProblemLoader Loading environment from /home/runner/work/key/key/key.core/../key.ui/examples/standard_key/polySimp/simplify8.key.proof 
577438     DEBUG main            d.u.i.k.p.i.AbstractProblemLoader Environment load took 121.4ns 
577441     INFO  main            d.u.i.k.p.i.AbstractProblemLoader Creating init config 
580142     DEBUG main            d.u.i.k.p.i.AbstractProblemLoader Init config took 2.7s 
580160     INFO  main            d.u.i.k.p.i.AbstractProblemLoader Replaying proof simplify8.key.proof 
580360     DEBUG main            d.u.i.k.p.i.IntermediateProofReplayer Proof replay took 195.76ms 
580362     DEBUG main            d.u.i.k.p.r.p.TestFile    ... success: reloaded. 
580363     INFO  main            d.u.i.k.p.r.p.TestFile    Now processing file /home/runner/work/key/key/key.core/../key.ui/examples/standard_key/polySimp/simplify9.key 
580363     INFO  main            d.u.i.k.p.i.AbstractProblemLoader Loading environment from /home/runner/work/key/key/key.core/../key.ui/examples/standard_key/polySimp/simplify9.key 
580363     DEBUG main            d.u.i.k.p.i.AbstractProblemLoader Environment load took 48.8ns 
580364     INFO  main            d.u.i.k.p.i.AbstractProblemLoader Creating init config 
583164     DEBUG main            d.u.i.k.p.i.AbstractProblemLoader Init config took 2.8s 
583181     INFO  main            d.u.i.k.p.i.AbstractProblemLoader Replaying proof simplify9.key 
583182     DEBUG main            d.u.i.k.p.i.IntermediateProofReplayer Proof replay took 3.4ns 
583385     INFO  main            d.u.i.k.p.r.p.TestFile    ... finished proof: closed. 
584076     INFO  main            d.u.i.k.p.i.AbstractProblemLoader Loading environment from /home/runner/work/key/key/key.core/../key.ui/examples/standard_key/polySimp/simplify9.key.proof 
584076     DEBUG main            d.u.i.k.p.i.AbstractProblemLoader Environment load took 77.8ns 
584078     INFO  main            d.u.i.k.p.i.AbstractProblemLoader Creating init config 
586781     DEBUG main            d.u.i.k.p.i.AbstractProblemLoader Init config took 2.7s 
586798     INFO  main            d.u.i.k.p.i.AbstractProblemLoader Replaying proof simplify9.key.proof 
586814     DEBUG main            d.u.i.k.p.i.IntermediateProofReplayer Proof replay took 10.71ms 
586816     DEBUG main            d.u.i.k.p.r.p.TestFile    ... success: reloaded. 
3400131    INFO  Test worker     d.u.i.k.p.r.RunAllProofsTestUnit Returning from test arithmetic 
3400138    INFO  Test worker     d.u.i.k.p.r.RunAllProofsTestUnit Running test arrays 
435        INFO  Timeout watchdog d.u.i.k.p.r.p.ForkedTestFileRunner Timeout watcher launched (2000 secs.) 
453        WARN  main            d.u.i.k.s.ProofSettings   The settings in /home/runner/.key/proof-settings.props are *not* read. 
512        INFO  main            d.u.i.k.p.r.p.TestFile    Now processing file /home/runner/work/key/key/key.core/../key.ui/examples/standard_key/arrays/arrayStoreException/array2DimPrim.key 
686        INFO  main            d.u.i.k.p.i.AbstractProblemLoader Loading environment from /home/runner/work/key/key/key.core/../key.ui/examples/standard_key/arrays/arrayStoreException/array2DimPrim.key 
708        DEBUG main            d.u.i.k.p.i.AbstractProblemLoader Environment load took 2.51ms 
1051       INFO  main            d.u.i.k.p.i.AbstractProblemLoader Creating init config 
2082       DEBUG main            d.u.i.k.j.TypeConverter   No LDT found for Meta 
2082       DEBUG main            d.u.i.k.j.TypeConverter   No LDT found for Meta 
2083       DEBUG main            d.u.i.k.j.TypeConverter   No LDT found for Meta 
2083       DEBUG main            d.u.i.k.j.TypeConverter   No LDT found for Meta 
3834       DEBUG main            d.u.i.k.j.TypeConverter   No LDT found for JavaBigintExpression 
10086      DEBUG main            d.u.i.k.p.i.AbstractProblemLoader Init config took 9.03s 
10160      INFO  main            d.u.i.k.p.i.AbstractProblemLoader Replaying proof array2DimPrim.key 
10198      DEBUG main            d.u.i.k.p.i.IntermediateProofReplayer Proof replay took 35.7ns 
14640      INFO  main            d.u.i.k.p.r.p.TestFile    ... finished proof: closed. 
14858      INFO  main            d.u.i.k.p.i.AbstractProblemLoader Loading environment from /home/runner/work/key/key/key.core/../key.ui/examples/standard_key/arrays/arrayStoreException/array2DimPrim.key.proof 
14869      DEBUG main            d.u.i.k.p.i.AbstractProblemLoader Environment load took 11.11ms 
14878      INFO  main            d.u.i.k.p.i.AbstractProblemLoader Creating init config 
18270      DEBUG main            d.u.i.k.p.i.AbstractProblemLoader Init config took 3.39s 
18320      INFO  main            d.u.i.k.p.i.AbstractProblemLoader Replaying proof array2DimPrim.key.proof 
19017      DEBUG main            d.u.i.k.p.i.IntermediateProofReplayer Proof replay took 678.61ms 
19036      DEBUG main            d.u.i.k.p.r.p.TestFile    ... success: reloaded. 
19040      INFO  main            d.u.i.k.p.r.p.TestFile    Now processing file /home/runner/work/key/key/key.core/../key.ui/examples/standard_key/arrays/arrayStoreException/arrayStoreKnownDynType.key 
19040      INFO  main            d.u.i.k.p.i.AbstractProblemLoader Loading environment from /home/runner/work/key/key/key.core/../key.ui/examples/standard_key/arrays/arrayStoreException/arrayStoreKnownDynType.key 
19040      DEBUG main            d.u.i.k.p.i.AbstractProblemLoader Environment load took 131.1ns 
19045      INFO  main            d.u.i.k.p.i.AbstractProblemLoader Creating init config 
22337      DEBUG main            d.u.i.k.p.i.AbstractProblemLoader Init config took 3.29s 
22368      INFO  main            d.u.i.k.p.i.AbstractProblemLoader Replaying proof arrayStoreKnownDynType.key 
22371      DEBUG main            d.u.i.k.p.i.IntermediateProofReplayer Proof replay took 7.3ns 
22575      INFO  main            d.u.i.k.p.r.p.TestFile    ... finished proof: closed. 
22874      INFO  main            d.u.i.k.p.i.AbstractProblemLoader Loading environment from /home/runner/work/key/key/key.core/../key.ui/examples/standard_key/arrays/arrayStoreException/arrayStoreKnownDynType.key.proof 
22874      DEBUG main            d.u.i.k.p.i.AbstractProblemLoader Environment load took 159.7ns 
22875      INFO  main            d.u.i.k.p.i.AbstractProblemLoader Creating init config 
25993      DEBUG main            d.u.i.k.p.i.AbstractProblemLoader Init config took 3.12s 
26021      INFO  main            d.u.i.k.p.i.AbstractProblemLoader Replaying proof arrayStoreKnownDynType.key.proof 
26072      DEBUG main            d.u.i.k.p.i.IntermediateProofReplayer Proof replay took 46.5ms 
26073      DEBUG main            d.u.i.k.p.r.p.TestFile    ... success: reloaded. 
26081      INFO  main            d.u.i.k.p.r.p.TestFile    Now processing file /home/runner/work/key/key/key.core/../key.ui/examples/standard_key/arrays/arrayStoreException/reverseArray.key 
26081      INFO  main            d.u.i.k.p.i.AbstractProblemLoader Loading environment from /home/runner/work/key/key/key.core/../key.ui/examples/standard_key/arrays/arrayStoreException/reverseArray.key 
26085      DEBUG main            d.u.i.k.p.i.AbstractProblemLoader Environment load took 3.87ms 
26087      INFO  main            d.u.i.k.p.i.AbstractProblemLoader Creating init config 
29273      DEBUG main            d.u.i.k.p.i.AbstractProblemLoader Init config took 3.19s 
29299      INFO  main            d.u.i.k.p.i.AbstractProblemLoader Replaying proof reverseArray.key 
29311      DEBUG main            d.u.i.k.p.i.IntermediateProofReplayer Proof replay took 8.1ns 
30027      INFO  main            d.u.i.k.p.r.p.TestFile    ... finished proof: closed. 
30255      INFO  main            d.u.i.k.p.i.AbstractProblemLoader Loading environment from /home/runner/work/key/key/key.core/../key.ui/examples/standard_key/arrays/arrayStoreException/reverseArray.key.proof 
30255      DEBUG main            d.u.i.k.p.i.AbstractProblemLoader Environment load took 157ns 
30260      INFO  main            d.u.i.k.p.i.AbstractProblemLoader Creating init config 
33303      DEBUG main            d.u.i.k.p.i.AbstractProblemLoader Init config took 3.04s 
33337      INFO  main            d.u.i.k.p.i.AbstractProblemLoader Replaying proof reverseArray.key.proof 
33529      DEBUG main            d.u.i.k.p.i.IntermediateProofReplayer Proof replay took 185.1ms 
33534      DEBUG main            d.u.i.k.p.r.p.TestFile    ... success: reloaded. 
33536      INFO  main            d.u.i.k.p.r.p.TestFile    Now processing file /home/runner/work/key/key/key.core/../key.ui/examples/standard_key/arrays/arrayStoreException/throwArrayStoreException.key 
33537      INFO  main            d.u.i.k.p.i.AbstractProblemLoader Loading environment from /home/runner/work/key/key/key.core/../key.ui/examples/standard_key/arrays/arrayStoreException/throwArrayStoreException.key 
33537      DEBUG main            d.u.i.k.p.i.AbstractProblemLoader Environment load took 254.01ns 
33539      INFO  main            d.u.i.k.p.i.AbstractProblemLoader Creating init config 
36756      DEBUG main            d.u.i.k.p.i.AbstractProblemLoader Init config took 3.22s 
36780      INFO  main            d.u.i.k.p.i.AbstractProblemLoader Replaying proof throwArrayStoreException.key 
36781      DEBUG main            d.u.i.k.p.i.IntermediateProofReplayer Proof replay took 16.3ns 
37286      INFO  main            d.u.i.k.p.r.p.TestFile    ... finished proof: closed. 
37525      INFO  main            d.u.i.k.p.i.AbstractProblemLoader Loading environment from /home/runner/work/key/key/key.core/../key.ui/examples/standard_key/arrays/arrayStoreException/throwArrayStoreException.key.proof 
37525      DEBUG main            d.u.i.k.p.i.AbstractProblemLoader Environment load took 470.61ns 
37527      INFO  main            d.u.i.k.p.i.AbstractProblemLoader Creating init config 
40634      DEBUG main            d.u.i.k.p.i.AbstractProblemLoader Init config took 3.11s 
40659      INFO  main            d.u.i.k.p.i.AbstractProblemLoader Replaying proof throwArrayStoreException.key.proof 
40769      DEBUG main            d.u.i.k.p.i.IntermediateProofReplayer Proof replay took 105.48ms 
40771      DEBUG main            d.u.i.k.p.r.p.TestFile    ... success: reloaded. 
40772      INFO  main            d.u.i.k.p.r.p.TestFile    Now processing file /home/runner/work/key/key/key.core/../key.ui/examples/standard_key/arrays/creation/arrayCreation1.key 
40772      INFO  main            d.u.i.k.p.i.AbstractProblemLoader Loading environment from /home/runner/work/key/key/key.core/../key.ui/examples/standard_key/arrays/creation/arrayCreation1.key 
40773      DEBUG main            d.u.i.k.p.i.AbstractProblemLoader Environment load took 225.41ns 
40774      INFO  main            d.u.i.k.p.i.AbstractProblemLoader Creating init config 
43854      DEBUG main            d.u.i.k.p.i.AbstractProblemLoader Init config took 3.08s 
43882      INFO  main            d.u.i.k.p.i.AbstractProblemLoader Replaying proof arrayCreation1.key 
43884      DEBUG main            d.u.i.k.p.i.IntermediateProofReplayer Proof replay took 7.5ns 
44087      INFO  main            d.u.i.k.p.r.p.TestFile    ... finished proof: closed. 
44290      INFO  main            d.u.i.k.p.i.AbstractProblemLoader Loading environment from /home/runner/work/key/key/key.core/../key.ui/examples/standard_key/arrays/creation/arrayCreation1.key.proof 
44290      DEBUG main            d.u.i.k.p.i.AbstractProblemLoader Environment load took 131.9ns 
44292      INFO  main            d.u.i.k.p.i.AbstractProblemLoader Creating init config 
47198      DEBUG main            d.u.i.k.p.i.AbstractProblemLoader Init config took 2.91s 
47228      INFO  main            d.u.i.k.p.i.AbstractProblemLoader Replaying proof arrayCreation1.key.proof 
47263      DEBUG main            d.u.i.k.p.i.IntermediateProofReplayer Proof replay took 31.75ms 
47265      DEBUG main            d.u.i.k.p.r.p.TestFile    ... success: reloaded. 
47266      INFO  main            d.u.i.k.p.r.p.TestFile    Now processing file /home/runner/work/key/key/key.core/../key.ui/examples/standard_key/arrays/arrayStoreException/array2Dim.key 
47266      INFO  main            d.u.i.k.p.i.AbstractProblemLoader Loading environment from /home/runner/work/key/key/key.core/../key.ui/examples/standard_key/arrays/arrayStoreException/array2Dim.key 
47267      DEBUG main            d.u.i.k.p.i.AbstractProblemLoader Environment load took 616.62ns 
47269      INFO  main            d.u.i.k.p.i.AbstractProblemLoader Creating init config 
50383      DEBUG main            d.u.i.k.p.i.AbstractProblemLoader Init config took 3.11s 
50408      INFO  main            d.u.i.k.p.i.AbstractProblemLoader Replaying proof array2Dim.key 
50415      DEBUG main            d.u.i.k.p.i.IntermediateProofReplayer Proof replay took 7.3ns 
54351      INFO  main            d.u.i.k.p.r.p.TestFile    ... finished proof: open goal(s) 
54656      INFO  main            d.u.i.k.p.r.p.TestFile    Now processing file /home/runner/work/key/key/key.core/../key.ui/examples/standard_key/arrays/arrayStoreException/array2DimClose.key 
54663      INFO  main            d.u.i.k.p.i.AbstractProblemLoader Loading environment from /home/runner/work/key/key/key.core/../key.ui/examples/standard_key/arrays/arrayStoreException/array2DimClose.key 
54663      DEBUG main            d.u.i.k.p.i.AbstractProblemLoader Environment load took 309.81ns 
54668      INFO  main            d.u.i.k.p.i.AbstractProblemLoader Creating init config 
57659      DEBUG main            d.u.i.k.p.i.AbstractProblemLoader Init config took 2.99s 
57688      INFO  main            d.u.i.k.p.i.AbstractProblemLoader Replaying proof array2DimClose.key 
57692      DEBUG main            d.u.i.k.p.i.IntermediateProofReplayer Proof replay took 11.6ns 
60474      INFO  main            d.u.i.k.p.r.p.TestFile    ... finished proof: open goal(s) 
60883      INFO  main            d.u.i.k.p.r.p.TestFile    Now processing file /home/runner/work/key/key/key.core/../key.ui/examples/standard_key/arrays/arrayStoreException/throwASEForPrim.key 
60883      INFO  main            d.u.i.k.p.i.AbstractProblemLoader Loading environment from /home/runner/work/key/key/key.core/../key.ui/examples/standard_key/arrays/arrayStoreException/throwASEForPrim.key 
60883      DEBUG main            d.u.i.k.p.i.AbstractProblemLoader Environment load took 71.7ns 
60884      INFO  main            d.u.i.k.p.i.AbstractProblemLoader Creating init config 
63950      DEBUG main            d.u.i.k.p.i.AbstractProblemLoader Init config took 3.07s 
63969      INFO  main            d.u.i.k.p.i.AbstractProblemLoader Replaying proof throwASEForPrim.key 
63971      DEBUG main            d.u.i.k.p.i.IntermediateProofReplayer Proof replay took 6.6ns 
69104      INFO  main            d.u.i.k.p.r.p.TestFile    ... finished proof: open goal(s) 
3469812    INFO  Test worker     d.u.i.k.p.r.RunAllProofsTestUnit Returning from test arrays 
3469813    INFO  Test worker     d.u.i.k.p.r.RunAllProofsTestUnit Running test javadl 
451        INFO  Timeout watchdog d.u.i.k.p.r.p.ForkedTestFileRunner Timeout watcher launched (2000 secs.) 
496        WARN  main            d.u.i.k.s.ProofSettings   The settings in /home/runner/.key/proof-settings.props are *not* read. 
557        INFO  main            d.u.i.k.p.r.p.TestFile    Now processing file /home/runner/work/key/key/key.core/../key.ui/examples/standard_key/instanceCreation/instanceCreation1.key 
713        INFO  main            d.u.i.k.p.i.AbstractProblemLoader Loading environment from /home/runner/work/key/key/key.core/../key.ui/examples/standard_key/instanceCreation/instanceCreation1.key 
736        DEBUG main            d.u.i.k.p.i.AbstractProblemLoader Environment load took 2.2ms 
1035       INFO  main            d.u.i.k.p.i.AbstractProblemLoader Creating init config 
2141       DEBUG main            d.u.i.k.j.TypeConverter   No LDT found for Meta 
2142       DEBUG main            d.u.i.k.j.TypeConverter   No LDT found for Meta 
2145       DEBUG main            d.u.i.k.j.TypeConverter   No LDT found for Meta 
2145       DEBUG main            d.u.i.k.j.TypeConverter   No LDT found for Meta 
3618       DEBUG main            d.u.i.k.j.TypeConverter   No LDT found for JavaBigintExpression 
9868       DEBUG main            d.u.i.k.p.i.AbstractProblemLoader Init config took 8.83s 
9952       INFO  main            d.u.i.k.p.i.AbstractProblemLoader Replaying proof instanceCreation1.key 
9992       DEBUG main            d.u.i.k.p.i.IntermediateProofReplayer Proof replay took 39.6ns 
11242      INFO  main            d.u.i.k.p.r.p.TestFile    ... finished proof: closed. 
11382      INFO  main            d.u.i.k.p.i.AbstractProblemLoader Loading environment from /home/runner/work/key/key/key.core/../key.ui/examples/standard_key/instanceCreation/instanceCreation1.key.proof 
11384      DEBUG main            d.u.i.k.p.i.AbstractProblemLoader Environment load took 1.52ms 
11392      INFO  main            d.u.i.k.p.i.AbstractProblemLoader Creating init config 
14780      DEBUG main            d.u.i.k.p.i.AbstractProblemLoader Init config took 3.39s 
14822      INFO  main            d.u.i.k.p.i.AbstractProblemLoader Replaying proof instanceCreation1.key.proof 
15020      DEBUG main            d.u.i.k.p.i.IntermediateProofReplayer Proof replay took 183.47ms 
15036      DEBUG main            d.u.i.k.p.r.p.TestFile    ... success: reloaded. 
15038      INFO  main            d.u.i.k.p.r.p.TestFile    Now processing file /home/runner/work/key/key/key.core/../key.ui/examples/standard_key/instanceCreation/instanceCreation2.key 
15039      INFO  main            d.u.i.k.p.i.AbstractProblemLoader Loading environment from /home/runner/work/key/key/key.core/../key.ui/examples/standard_key/instanceCreation/instanceCreation2.key 
15039      DEBUG main            d.u.i.k.p.i.AbstractProblemLoader Environment load took 295.21ns 
15044      INFO  main            d.u.i.k.p.i.AbstractProblemLoader Creating init config 
18406      DEBUG main            d.u.i.k.p.i.AbstractProblemLoader Init config took 3.36s 
18442      INFO  main            d.u.i.k.p.i.AbstractProblemLoader Replaying proof instanceCreation2.key 
18445      DEBUG main            d.u.i.k.p.i.IntermediateProofReplayer Proof replay took 7.1ns 
19054      INFO  main            d.u.i.k.p.r.p.TestFile    ... finished proof: closed. 
19256      INFO  main            d.u.i.k.p.i.AbstractProblemLoader Loading environment from /home/runner/work/key/key/key.core/../key.ui/examples/standard_key/instanceCreation/instanceCreation2.key.proof 
19256      DEBUG main            d.u.i.k.p.i.AbstractProblemLoader Environment load took 202.51ns 
19258      INFO  main            d.u.i.k.p.i.AbstractProblemLoader Creating init config 
22484      DEBUG main            d.u.i.k.p.i.AbstractProblemLoader Init config took 3.23s 
22534      INFO  main            d.u.i.k.p.i.AbstractProblemLoader Replaying proof instanceCreation2.key.proof 
22707      DEBUG main            d.u.i.k.p.i.IntermediateProofReplayer Proof replay took 163.03ms 
22708      DEBUG main            d.u.i.k.p.r.p.TestFile    ... success: reloaded. 
22715      INFO  main            d.u.i.k.p.r.p.TestFile    Now processing file /home/runner/work/key/key/key.core/../key.ui/examples/standard_key/instanceCreation/interfacesAndAbstractClassesHaveNoInstances.key 
22715      INFO  main            d.u.i.k.p.i.AbstractProblemLoader Loading environment from /home/runner/work/key/key/key.core/../key.ui/examples/standard_key/instanceCreation/interfacesAndAbstractClassesHaveNoInstances.key 
22716      DEBUG main            d.u.i.k.p.i.AbstractProblemLoader Environment load took 252.71ns 
22718      INFO  main            d.u.i.k.p.i.AbstractProblemLoader Creating init config 
25930      DEBUG main            d.u.i.k.p.i.AbstractProblemLoader Init config took 3.21s 
25979      INFO  main            d.u.i.k.p.i.AbstractProblemLoader Replaying proof interfacesAndAbstractClassesHaveNoInstances.key 
25981      DEBUG main            d.u.i.k.p.i.IntermediateProofReplayer Proof replay took 6.8ns 
26084      INFO  main            d.u.i.k.p.r.p.TestFile    ... finished proof: closed. 
26257      INFO  main            d.u.i.k.p.i.AbstractProblemLoader Loading environment from /home/runner/work/key/key/key.core/../key.ui/examples/standard_key/instanceCreation/interfacesAndAbstractClassesHaveNoInstances.key.proof 
26257      DEBUG main            d.u.i.k.p.i.AbstractProblemLoader Environment load took 139.3ns 
26258      INFO  main            d.u.i.k.p.i.AbstractProblemLoader Creating init config 
29251      DEBUG main            d.u.i.k.p.i.AbstractProblemLoader Init config took 2.99s 
29274      INFO  main            d.u.i.k.p.i.AbstractProblemLoader Replaying proof interfacesAndAbstractClassesHaveNoInstances.key.proof 
29277      DEBUG main            d.u.i.k.p.i.IntermediateProofReplayer Proof replay took 1.35ms 
29278      DEBUG main            d.u.i.k.p.r.p.TestFile    ... success: reloaded. 
29280      INFO  main            d.u.i.k.p.r.p.TestFile    Now processing file /home/runner/work/key/key/key.core/../key.ui/examples/standard_key/instanceCreation/successiveCreatedObjectsAreDistinct.key 
29280      INFO  main            d.u.i.k.p.i.AbstractProblemLoader Loading environment from /home/runner/work/key/key/key.core/../key.ui/examples/standard_key/instanceCreation/successiveCreatedObjectsAreDistinct.key 
29287      DEBUG main            d.u.i.k.p.i.AbstractProblemLoader Environment load took 6.99ms 
29288      INFO  main            d.u.i.k.p.i.AbstractProblemLoader Creating init config 
32402      DEBUG main            d.u.i.k.p.i.AbstractProblemLoader Init config took 3.11s 
32426      INFO  main            d.u.i.k.p.i.AbstractProblemLoader Replaying proof successiveCreatedObjectsAreDistinct.key 
32429      DEBUG main            d.u.i.k.p.i.IntermediateProofReplayer Proof replay took 7.1ns 
32744      INFO  main            d.u.i.k.p.r.p.TestFile    ... finished proof: closed. 
33047      INFO  main            d.u.i.k.p.i.AbstractProblemLoader Loading environment from /home/runner/work/key/key/key.core/../key.ui/examples/standard_key/instanceCreation/successiveCreatedObjectsAreDistinct.key.proof 
33047      DEBUG main            d.u.i.k.p.i.AbstractProblemLoader Environment load took 416.51ns 
33049      INFO  main            d.u.i.k.p.i.AbstractProblemLoader Creating init config 
36032      DEBUG main            d.u.i.k.p.i.AbstractProblemLoader Init config took 2.98s 
36056      INFO  main            d.u.i.k.p.i.AbstractProblemLoader Replaying proof successiveCreatedObjectsAreDistinct.key.proof 
36118      DEBUG main            d.u.i.k.p.i.IntermediateProofReplayer Proof replay took 58.43ms 
36119      DEBUG main            d.u.i.k.p.r.p.TestFile    ... success: reloaded. 
36120      INFO  main            d.u.i.k.p.r.p.TestFile    Now processing file /home/runner/work/key/key/key.core/../key.ui/examples/standard_key/instanceCreation/testOverloadingConstructors.key 
36121      INFO  main            d.u.i.k.p.i.AbstractProblemLoader Loading environment from /home/runner/work/key/key/key.core/../key.ui/examples/standard_key/instanceCreation/testOverloadingConstructors.key 
36121      DEBUG main            d.u.i.k.p.i.AbstractProblemLoader Environment load took 216.91ns 
36122      INFO  main            d.u.i.k.p.i.AbstractProblemLoader Creating init config 
39191      DEBUG main            d.u.i.k.p.i.AbstractProblemLoader Init config took 3.07s 
39215      INFO  main            d.u.i.k.p.i.AbstractProblemLoader Replaying proof testOverloadingConstructors.key 
39217      DEBUG main            d.u.i.k.p.i.IntermediateProofReplayer Proof replay took 6.6ns 
39523      INFO  main            d.u.i.k.p.r.p.TestFile    ... finished proof: closed. 
39718      INFO  main            d.u.i.k.p.i.AbstractProblemLoader Loading environment from /home/runner/work/key/key/key.core/../key.ui/examples/standard_key/instanceCreation/testOverloadingConstructors.key.proof 
39719      DEBUG main            d.u.i.k.p.i.AbstractProblemLoader Environment load took 144.9ns 
39720      INFO  main            d.u.i.k.p.i.AbstractProblemLoader Creating init config 
42657      DEBUG main            d.u.i.k.p.i.AbstractProblemLoader Init config took 2.94s 
42680      INFO  main            d.u.i.k.p.i.AbstractProblemLoader Replaying proof testOverloadingConstructors.key.proof 
42741      DEBUG main            d.u.i.k.p.i.IntermediateProofReplayer Proof replay took 58.31ms 
42743      DEBUG main            d.u.i.k.p.r.p.TestFile    ... success: reloaded. 
42744      INFO  main            d.u.i.k.p.r.p.TestFile    Now processing file /home/runner/work/key/key/key.core/../key.ui/examples/standard_key/java_dl/SimpleAttributes.key 
42745      INFO  main            d.u.i.k.p.i.AbstractProblemLoader Loading environment from /home/runner/work/key/key/key.core/../key.ui/examples/standard_key/java_dl/SimpleAttributes.key 
42745      DEBUG main            d.u.i.k.p.i.AbstractProblemLoader Environment load took 239.61ns 
42746      INFO  main            d.u.i.k.p.i.AbstractProblemLoader Creating init config 
45747      DEBUG main            d.u.i.k.p.i.AbstractProblemLoader Init config took 3s 
45770      INFO  main            d.u.i.k.p.i.AbstractProblemLoader Replaying proof SimpleAttributes.key 
45772      DEBUG main            d.u.i.k.p.i.IntermediateProofReplayer Proof replay took 7.3ns 
45986      INFO  main            d.u.i.k.p.r.p.TestFile    ... finished proof: closed. 
46184      INFO  main            d.u.i.k.p.i.AbstractProblemLoader Loading environment from /home/runner/work/key/key/key.core/../key.ui/examples/standard_key/java_dl/SimpleAttributes.key.proof 
46185      DEBUG main            d.u.i.k.p.i.AbstractProblemLoader Environment load took 478.71ns 
46188      INFO  main            d.u.i.k.p.i.AbstractProblemLoader Creating init config 
49167      DEBUG main            d.u.i.k.p.i.AbstractProblemLoader Init config took 2.98s 
49188      INFO  main            d.u.i.k.p.i.AbstractProblemLoader Replaying proof SimpleAttributes.key.proof 
49216      DEBUG main            d.u.i.k.p.i.IntermediateProofReplayer Proof replay took 25.26ms 
49218      DEBUG main            d.u.i.k.p.r.p.TestFile    ... success: reloaded. 
49219      INFO  main            d.u.i.k.p.r.p.TestFile    Now processing file /home/runner/work/key/key/key.core/../key.ui/examples/standard_key/java_dl/arrayMax.key 
49219      INFO  main            d.u.i.k.p.i.AbstractProblemLoader Loading environment from /home/runner/work/key/key/key.core/../key.ui/examples/standard_key/java_dl/arrayMax.key 
49219      DEBUG main            d.u.i.k.p.i.AbstractProblemLoader Environment load took 210.21ns 
49222      INFO  main            d.u.i.k.p.i.AbstractProblemLoader Creating init config 
52303      DEBUG main            d.u.i.k.p.i.AbstractProblemLoader Init config took 3.08s 
52326      INFO  main            d.u.i.k.p.i.AbstractProblemLoader Replaying proof arrayMax.key 
52328      DEBUG main            d.u.i.k.p.i.IntermediateProofReplayer Proof replay took 23ns 
53841      INFO  main            d.u.i.k.p.r.p.TestFile    ... finished proof: closed. 
54149      INFO  main            d.u.i.k.p.i.AbstractProblemLoader Loading environment from /home/runner/work/key/key/key.core/../key.ui/examples/standard_key/java_dl/arrayMax.key.proof 
54150      DEBUG main            d.u.i.k.p.i.AbstractProblemLoader Environment load took 657.12ns 
54152      INFO  main            d.u.i.k.p.i.AbstractProblemLoader Creating init config 
57072      DEBUG main            d.u.i.k.p.i.AbstractProblemLoader Init config took 2.92s 
57106      INFO  main            d.u.i.k.p.i.AbstractProblemLoader Replaying proof arrayMax.key.proof 
57408      DEBUG main            d.u.i.k.p.i.IntermediateProofReplayer Proof replay took 295.13ms 
57409      DEBUG main            d.u.i.k.p.r.p.TestFile    ... success: reloaded. 
57410      INFO  main            d.u.i.k.p.r.p.TestFile    Now processing file /home/runner/work/key/key/key.core/../key.ui/examples/standard_key/java_dl/arrayUpdateSimp.key 
57411      INFO  main            d.u.i.k.p.i.AbstractProblemLoader Loading environment from /home/runner/work/key/key/key.core/../key.ui/examples/standard_key/java_dl/arrayUpdateSimp.key 
57411      DEBUG main            d.u.i.k.p.i.AbstractProblemLoader Environment load took 93.3ns 
57414      INFO  main            d.u.i.k.p.i.AbstractProblemLoader Creating init config 
57442      WARN  main            d.u.i.k.j.r.KeYCrossReferenceNameInfo Datatype java.io.InputStream declared twice: Once in FILE:/home/runner/work/key/key/key.core/../key.ui/examples/standard_key/java_dl/./classpath/InputStream.java and once in URL:file:/home/runner/work/key/key/key.core/build/resources/main/de/uka/ilkd/key/java/JavaRedux/java/io/InputStream.java, Keeping one from URL:file:/home/runner/work/key/key/key.core/build/resources/main/de/uka/ilkd/key/java/JavaRedux/java/io/InputStream.java 
57443      WARN  main            d.u.i.k.j.r.KeYCrossReferenceNameInfo Datatype java.lang.System declared twice: Once in FILE:/home/runner/work/key/key/key.core/../key.ui/examples/standard_key/java_dl/./classpath/System.java and once in URL:file:/home/runner/work/key/key/key.core/build/resources/main/de/uka/ilkd/key/java/JavaRedux/java/lang/System.java, Keeping one from URL:file:/home/runner/work/key/key/key.core/build/resources/main/de/uka/ilkd/key/java/JavaRedux/java/lang/System.java 
57443      WARN  main            d.u.i.k.j.r.KeYCrossReferenceNameInfo Datatype java.io.PrintStream declared twice: Once in FILE:/home/runner/work/key/key/key.core/../key.ui/examples/standard_key/java_dl/./classpath/PrintStream.java and once in URL:file:/home/runner/work/key/key/key.core/build/resources/main/de/uka/ilkd/key/java/JavaRedux/java/io/PrintStream.java, Keeping one from URL:file:/home/runner/work/key/key/key.core/build/resources/main/de/uka/ilkd/key/java/JavaRedux/java/io/PrintStream.java 
57450      DEBUG main            d.u.i.k.j.r.ClassFileDeclarationBuilder Parsing: package java.io; public class Closeable { } 
57450      DEBUG main            r.s.KeYCrossReferenceSourceInfo Dynamically created class: java.io.Closeable 
60628      DEBUG main            d.u.i.k.p.i.AbstractProblemLoader Init config took 3.21s 
60652      INFO  main            d.u.i.k.p.i.AbstractProblemLoader Replaying proof arrayUpdateSimp.key 
60653      DEBUG main            d.u.i.k.p.i.IntermediateProofReplayer Proof replay took 7.2ns 
60757      INFO  main            d.u.i.k.p.r.p.TestFile    ... finished proof: closed. 
61027      INFO  main            d.u.i.k.p.i.AbstractProblemLoader Loading environment from /home/runner/work/key/key/key.core/../key.ui/examples/standard_key/java_dl/arrayUpdateSimp.key.proof 
61027      DEBUG main            d.u.i.k.p.i.AbstractProblemLoader Environment load took 132.1ns 
61032      INFO  main            d.u.i.k.p.i.AbstractProblemLoader Creating init config 
61060      WARN  main            d.u.i.k.j.r.KeYCrossReferenceNameInfo Datatype java.io.InputStream declared twice: Once in FILE:/home/runner/work/key/key/key.core/../key.ui/examples/standard_key/java_dl/classpath/InputStream.java and once in URL:file:/home/runner/work/key/key/key.core/build/resources/main/de/uka/ilkd/key/java/JavaRedux/java/io/InputStream.java, Keeping one from URL:file:/home/runner/work/key/key/key.core/build/resources/main/de/uka/ilkd/key/java/JavaRedux/java/io/InputStream.java 
61061      WARN  main            d.u.i.k.j.r.KeYCrossReferenceNameInfo Datatype java.lang.System declared twice: Once in FILE:/home/runner/work/key/key/key.core/../key.ui/examples/standard_key/java_dl/classpath/System.java and once in URL:file:/home/runner/work/key/key/key.core/build/resources/main/de/uka/ilkd/key/java/JavaRedux/java/lang/System.java, Keeping one from URL:file:/home/runner/work/key/key/key.core/build/resources/main/de/uka/ilkd/key/java/JavaRedux/java/lang/System.java 
61061      WARN  main            d.u.i.k.j.r.KeYCrossReferenceNameInfo Datatype java.io.PrintStream declared twice: Once in FILE:/home/runner/work/key/key/key.core/../key.ui/examples/standard_key/java_dl/classpath/PrintStream.java and once in URL:file:/home/runner/work/key/key/key.core/build/resources/main/de/uka/ilkd/key/java/JavaRedux/java/io/PrintStream.java, Keeping one from URL:file:/home/runner/work/key/key/key.core/build/resources/main/de/uka/ilkd/key/java/JavaRedux/java/io/PrintStream.java 
61066      DEBUG main            d.u.i.k.j.r.ClassFileDeclarationBuilder Parsing: package java.io; public class Closeable { } 
61066      DEBUG main            r.s.KeYCrossReferenceSourceInfo Dynamically created class: java.io.Closeable 
63993      DEBUG main            d.u.i.k.p.i.AbstractProblemLoader Init config took 2.96s 
64016      INFO  main            d.u.i.k.p.i.AbstractProblemLoader Replaying proof arrayUpdateSimp.key.proof 
64018      DEBUG main            d.u.i.k.p.i.IntermediateProofReplayer Proof replay took 629.72ns 
64020      DEBUG main            d.u.i.k.p.r.p.TestFile    ... success: reloaded. 
64022      INFO  main            d.u.i.k.p.r.p.TestFile    Now processing file /home/runner/work/key/key/key.core/../key.ui/examples/standard_key/java_dl/attributes.key 
64026      INFO  main            d.u.i.k.p.i.AbstractProblemLoader Loading environment from /home/runner/work/key/key/key.core/../key.ui/examples/standard_key/java_dl/attributes.key 
64026      DEBUG main            d.u.i.k.p.i.AbstractProblemLoader Environment load took 239.41ns 
64027      INFO  main            d.u.i.k.p.i.AbstractProblemLoader Creating init config 
66982      DEBUG main            d.u.i.k.p.i.AbstractProblemLoader Init config took 2.95s 
67027      INFO  main            d.u.i.k.p.i.AbstractProblemLoader Replaying proof attributes.key 
67029      DEBUG main            d.u.i.k.p.i.IntermediateProofReplayer Proof replay took 8.7ns 
67233      INFO  main            d.u.i.k.p.r.p.TestFile    ... finished proof: closed. 
67488      INFO  main            d.u.i.k.p.i.AbstractProblemLoader Loading environment from /home/runner/work/key/key/key.core/../key.ui/examples/standard_key/java_dl/attributes.key.proof 
67489      DEBUG main            d.u.i.k.p.i.AbstractProblemLoader Environment load took 139.5ns 
67490      INFO  main            d.u.i.k.p.i.AbstractProblemLoader Creating init config 
70394      DEBUG main            d.u.i.k.p.i.AbstractProblemLoader Init config took 2.9s 
70414      INFO  main            d.u.i.k.p.i.AbstractProblemLoader Replaying proof attributes.key.proof 
70457      DEBUG main            d.u.i.k.p.i.IntermediateProofReplayer Proof replay took 40.5ms 
70458      DEBUG main            d.u.i.k.p.r.p.TestFile    ... success: reloaded. 
70458      INFO  main            d.u.i.k.p.r.p.TestFile    Now processing file /home/runner/work/key/key/key.core/../key.ui/examples/standard_key/java_dl/break.key 
70459      INFO  main            d.u.i.k.p.i.AbstractProblemLoader Loading environment from /home/runner/work/key/key/key.core/../key.ui/examples/standard_key/java_dl/break.key 
70459      DEBUG main            d.u.i.k.p.i.AbstractProblemLoader Environment load took 106.4ns 
70460      INFO  main            d.u.i.k.p.i.AbstractProblemLoader Creating init config 
70486      WARN  main            d.u.i.k.j.r.KeYCrossReferenceNameInfo Datatype java.io.InputStream declared twice: Once in FILE:/home/runner/work/key/key/key.core/../key.ui/examples/standard_key/java_dl/classpath/InputStream.java and once in URL:file:/home/runner/work/key/key/key.core/build/resources/main/de/uka/ilkd/key/java/JavaRedux/java/io/InputStream.java, Keeping one from URL:file:/home/runner/work/key/key/key.core/build/resources/main/de/uka/ilkd/key/java/JavaRedux/java/io/InputStream.java 
70486      WARN  main            d.u.i.k.j.r.KeYCrossReferenceNameInfo Datatype java.lang.System declared twice: Once in FILE:/home/runner/work/key/key/key.core/../key.ui/examples/standard_key/java_dl/classpath/System.java and once in URL:file:/home/runner/work/key/key/key.core/build/resources/main/de/uka/ilkd/key/java/JavaRedux/java/lang/System.java, Keeping one from URL:file:/home/runner/work/key/key/key.core/build/resources/main/de/uka/ilkd/key/java/JavaRedux/java/lang/System.java 
70486      WARN  main            d.u.i.k.j.r.KeYCrossReferenceNameInfo Datatype java.io.PrintStream declared twice: Once in FILE:/home/runner/work/key/key/key.core/../key.ui/examples/standard_key/java_dl/classpath/PrintStream.java and once in URL:file:/home/runner/work/key/key/key.core/build/resources/main/de/uka/ilkd/key/java/JavaRedux/java/io/PrintStream.java, Keeping one from URL:file:/home/runner/work/key/key/key.core/build/resources/main/de/uka/ilkd/key/java/JavaRedux/java/io/PrintStream.java 
70491      DEBUG main            d.u.i.k.j.r.ClassFileDeclarationBuilder Parsing: package java.io; public class Closeable { } 
70491      DEBUG main            r.s.KeYCrossReferenceSourceInfo Dynamically created class: java.io.Closeable 
73466      DEBUG main            d.u.i.k.p.i.AbstractProblemLoader Init config took 3.01s 
73488      INFO  main            d.u.i.k.p.i.AbstractProblemLoader Replaying proof break.key 
73490      DEBUG main            d.u.i.k.p.i.IntermediateProofReplayer Proof replay took 7.7ns 
73593      INFO  main            d.u.i.k.p.r.p.TestFile    ... finished proof: closed. 
73812      INFO  main            d.u.i.k.p.i.AbstractProblemLoader Loading environment from /home/runner/work/key/key/key.core/../key.ui/examples/standard_key/java_dl/break.key.proof 
73812      DEBUG main            d.u.i.k.p.i.AbstractProblemLoader Environment load took 129.5ns 
73813      INFO  main            d.u.i.k.p.i.AbstractProblemLoader Creating init config 
73843      WARN  main            d.u.i.k.j.r.KeYCrossReferenceNameInfo Datatype java.io.InputStream declared twice: Once in FILE:/home/runner/work/key/key/key.core/../key.ui/examples/standard_key/java_dl/classpath/InputStream.java and once in URL:file:/home/runner/work/key/key/key.core/build/resources/main/de/uka/ilkd/key/java/JavaRedux/java/io/InputStream.java, Keeping one from URL:file:/home/runner/work/key/key/key.core/build/resources/main/de/uka/ilkd/key/java/JavaRedux/java/io/InputStream.java 
73843      WARN  main            d.u.i.k.j.r.KeYCrossReferenceNameInfo Datatype java.lang.System declared twice: Once in FILE:/home/runner/work/key/key/key.core/../key.ui/examples/standard_key/java_dl/classpath/System.java and once in URL:file:/home/runner/work/key/key/key.core/build/resources/main/de/uka/ilkd/key/java/JavaRedux/java/lang/System.java, Keeping one from URL:file:/home/runner/work/key/key/key.core/build/resources/main/de/uka/ilkd/key/java/JavaRedux/java/lang/System.java 
73843      WARN  main            d.u.i.k.j.r.KeYCrossReferenceNameInfo Datatype java.io.PrintStream declared twice: Once in FILE:/home/runner/work/key/key/key.core/../key.ui/examples/standard_key/java_dl/classpath/PrintStream.java and once in URL:file:/home/runner/work/key/key/key.core/build/resources/main/de/uka/ilkd/key/java/JavaRedux/java/io/PrintStream.java, Keeping one from URL:file:/home/runner/work/key/key/key.core/build/resources/main/de/uka/ilkd/key/java/JavaRedux/java/io/PrintStream.java 
73848      DEBUG main            d.u.i.k.j.r.ClassFileDeclarationBuilder Parsing: package java.io; public class Closeable { } 
73848      DEBUG main            r.s.KeYCrossReferenceSourceInfo Dynamically created class: java.io.Closeable 
76708      DEBUG main            d.u.i.k.p.i.AbstractProblemLoader Init config took 2.9s 
76735      INFO  main            d.u.i.k.p.i.AbstractProblemLoader Replaying proof break.key.proof 
76748      DEBUG main            d.u.i.k.p.i.IntermediateProofReplayer Proof replay took 9.61ms 
76750      DEBUG main            d.u.i.k.p.r.p.TestFile    ... success: reloaded. 
76751      INFO  main            d.u.i.k.p.r.p.TestFile    Now processing file /home/runner/work/key/key/key.core/../key.ui/examples/standard_key/java_dl/char.key 
76752      INFO  main            d.u.i.k.p.i.AbstractProblemLoader Loading environment from /home/runner/work/key/key/key.core/../key.ui/examples/standard_key/java_dl/char.key 
76752      DEBUG main            d.u.i.k.p.i.AbstractProblemLoader Environment load took 106ns 
76753      INFO  main            d.u.i.k.p.i.AbstractProblemLoader Creating init config 
79683      DEBUG main            d.u.i.k.p.i.AbstractProblemLoader Init config took 2.93s 
79717      INFO  main            d.u.i.k.p.i.AbstractProblemLoader Replaying proof char.key 
79718      DEBUG main            d.u.i.k.p.i.IntermediateProofReplayer Proof replay took 7.4ns 
79825      INFO  main            d.u.i.k.p.r.p.TestFile    ... finished proof: closed. 
80042      INFO  main            d.u.i.k.p.i.AbstractProblemLoader Loading environment from /home/runner/work/key/key/key.core/../key.ui/examples/standard_key/java_dl/char.key.proof 
80043      DEBUG main            d.u.i.k.p.i.AbstractProblemLoader Environment load took 129.1ns 
80044      INFO  main            d.u.i.k.p.i.AbstractProblemLoader Creating init config 
82931      DEBUG main            d.u.i.k.p.i.AbstractProblemLoader Init config took 2.89s 
82949      INFO  main            d.u.i.k.p.i.AbstractProblemLoader Replaying proof char.key.proof 
82954      DEBUG main            d.u.i.k.p.i.IntermediateProofReplayer Proof replay took 3.15ms 
82955      DEBUG main            d.u.i.k.p.r.p.TestFile    ... success: reloaded. 
82955      INFO  main            d.u.i.k.p.r.p.TestFile    Now processing file /home/runner/work/key/key/key.core/../key.ui/examples/standard_key/java_dl/compileTimeConstants.key 
82955      INFO  main            d.u.i.k.p.i.AbstractProblemLoader Loading environment from /home/runner/work/key/key/key.core/../key.ui/examples/standard_key/java_dl/compileTimeConstants.key 
82956      DEBUG main            d.u.i.k.p.i.AbstractProblemLoader Environment load took 85.1ns 
82957      INFO  main            d.u.i.k.p.i.AbstractProblemLoader Creating init config 
85890      DEBUG main            d.u.i.k.p.i.AbstractProblemLoader Init config took 2.93s 
85933      INFO  main            d.u.i.k.p.i.AbstractProblemLoader Replaying proof compileTimeConstants.key 
85935      DEBUG main            d.u.i.k.p.i.IntermediateProofReplayer Proof replay took 7.4ns 
86037      INFO  main            d.u.i.k.p.r.p.TestFile    ... finished proof: closed. 
86256      INFO  main            d.u.i.k.p.i.AbstractProblemLoader Loading environment from /home/runner/work/key/key/key.core/../key.ui/examples/standard_key/java_dl/compileTimeConstants.key.proof 
86257      DEBUG main            d.u.i.k.p.i.AbstractProblemLoader Environment load took 128.6ns 
86258      INFO  main            d.u.i.k.p.i.AbstractProblemLoader Creating init config 
89157      DEBUG main            d.u.i.k.p.i.AbstractProblemLoader Init config took 2.9s 
89175      INFO  main            d.u.i.k.p.i.AbstractProblemLoader Replaying proof compileTimeConstants.key.proof 
89190      DEBUG main            d.u.i.k.p.i.IntermediateProofReplayer Proof replay took 13.13ms 
89191      DEBUG main            d.u.i.k.p.r.p.TestFile    ... success: reloaded. 
89192      INFO  main            d.u.i.k.p.r.p.TestFile    Now processing file /home/runner/work/key/key/key.core/../key.ui/examples/standard_key/java_dl/constructorException/test.key 
89192      INFO  main            d.u.i.k.p.i.AbstractProblemLoader Loading environment from /home/runner/work/key/key/key.core/../key.ui/examples/standard_key/java_dl/constructorException/test.key 
89192      DEBUG main            d.u.i.k.p.i.AbstractProblemLoader Environment load took 103ns 
89193      INFO  main            d.u.i.k.p.i.AbstractProblemLoader Creating init config 
92191      DEBUG main            d.u.i.k.p.i.AbstractProblemLoader Init config took 3s 
92259      INFO  main            d.u.i.k.p.i.AbstractProblemLoader Replaying proof Test[Test::Test(int)].JML operation contract.0 
92260      DEBUG main            d.u.i.k.p.i.IntermediateProofReplayer Proof replay took 6.8ns 
92566      INFO  main            d.u.i.k.p.r.p.TestFile    ... finished proof: closed. 
92804      INFO  main            d.u.i.k.p.i.AbstractProblemLoader Loading environment from /home/runner/work/key/key/key.core/../key.ui/examples/standard_key/java_dl/constructorException/test.key.proof 
92804      DEBUG main            d.u.i.k.p.i.AbstractProblemLoader Environment load took 129.2ns 
92805      INFO  main            d.u.i.k.p.i.AbstractProblemLoader Creating init config 
95784      DEBUG main            d.u.i.k.p.i.AbstractProblemLoader Init config took 2.98s 
95843      INFO  main            d.u.i.k.p.i.AbstractProblemLoader Replaying proof Test[Test::Test(int)].JML operation contract.0 
95928      DEBUG main            d.u.i.k.p.i.IntermediateProofReplayer Proof replay took 80.06ms 
95930      DEBUG main            d.u.i.k.p.r.p.TestFile    ... success: reloaded. 
95930      INFO  main            d.u.i.k.p.r.p.TestFile    Now processing file /home/runner/work/key/key/key.core/../key.ui/examples/standard_key/java_dl/constructorException/regressionTestBug1333.key 
95931      INFO  main            d.u.i.k.p.i.AbstractProblemLoader Loading environment from /home/runner/work/key/key/key.core/../key.ui/examples/standard_key/java_dl/constructorException/regressionTestBug1333.key 
95931      DEBUG main            d.u.i.k.p.i.AbstractProblemLoader Environment load took 244.01ns 
95932      INFO  main            d.u.i.k.p.i.AbstractProblemLoader Creating init config 
98892      DEBUG main            d.u.i.k.p.i.AbstractProblemLoader Init config took 2.96s 
98936      INFO  main            d.u.i.k.p.i.AbstractProblemLoader Replaying proof False[False::False()].JML normal_behavior operation contract.0 
98938      DEBUG main            d.u.i.k.p.i.IntermediateProofReplayer Proof replay took 6.5ns 
99047      INFO  main            d.u.i.k.p.r.p.TestFile    ... finished proof: open goal(s) 
99289      INFO  main            d.u.i.k.p.r.p.TestFile    Now processing file /home/runner/work/key/key/key.core/../key.ui/examples/standard_key/java_dl/continue1.key 
99290      INFO  main            d.u.i.k.p.i.AbstractProblemLoader Loading environment from /home/runner/work/key/key/key.core/../key.ui/examples/standard_key/java_dl/continue1.key 
99290      DEBUG main            d.u.i.k.p.i.AbstractProblemLoader Environment load took 67.9ns 
99291      INFO  main            d.u.i.k.p.i.AbstractProblemLoader Creating init config 
99317      WARN  main            d.u.i.k.j.r.KeYCrossReferenceNameInfo Datatype java.io.InputStream declared twice: Once in FILE:/home/runner/work/key/key/key.core/../key.ui/examples/standard_key/java_dl/classpath/InputStream.java and once in URL:file:/home/runner/work/key/key/key.core/build/resources/main/de/uka/ilkd/key/java/JavaRedux/java/io/InputStream.java, Keeping one from URL:file:/home/runner/work/key/key/key.core/build/resources/main/de/uka/ilkd/key/java/JavaRedux/java/io/InputStream.java 
99317      WARN  main            d.u.i.k.j.r.KeYCrossReferenceNameInfo Datatype java.lang.System declared twice: Once in FILE:/home/runner/work/key/key/key.core/../key.ui/examples/standard_key/java_dl/classpath/System.java and once in URL:file:/home/runner/work/key/key/key.core/build/resources/main/de/uka/ilkd/key/java/JavaRedux/java/lang/System.java, Keeping one from URL:file:/home/runner/work/key/key/key.core/build/resources/main/de/uka/ilkd/key/java/JavaRedux/java/lang/System.java 
99318      WARN  main            d.u.i.k.j.r.KeYCrossReferenceNameInfo Datatype java.io.PrintStream declared twice: Once in FILE:/home/runner/work/key/key/key.core/../key.ui/examples/standard_key/java_dl/classpath/PrintStream.java and once in URL:file:/home/runner/work/key/key/key.core/build/resources/main/de/uka/ilkd/key/java/JavaRedux/java/io/PrintStream.java, Keeping one from URL:file:/home/runner/work/key/key/key.core/build/resources/main/de/uka/ilkd/key/java/JavaRedux/java/io/PrintStream.java 
99335      DEBUG main            d.u.i.k.j.r.ClassFileDeclarationBuilder Parsing: package java.io; public class Closeable { } 
99336      DEBUG main            r.s.KeYCrossReferenceSourceInfo Dynamically created class: java.io.Closeable 
102141     DEBUG main            d.u.i.k.p.i.AbstractProblemLoader Init config took 2.85s 
102158     INFO  main            d.u.i.k.p.i.AbstractProblemLoader Replaying proof continue1.key 
102160     DEBUG main            d.u.i.k.p.i.IntermediateProofReplayer Proof replay took 7.9ns 
102262     INFO  main            d.u.i.k.p.r.p.TestFile    ... finished proof: closed. 
102486     INFO  main            d.u.i.k.p.i.AbstractProblemLoader Loading environment from /home/runner/work/key/key/key.core/../key.ui/examples/standard_key/java_dl/continue1.key.proof 
102486     DEBUG main            d.u.i.k.p.i.AbstractProblemLoader Environment load took 136.5ns 
102488     INFO  main            d.u.i.k.p.i.AbstractProblemLoader Creating init config 
102516     WARN  main            d.u.i.k.j.r.KeYCrossReferenceNameInfo Datatype java.io.InputStream declared twice: Once in FILE:/home/runner/work/key/key/key.core/../key.ui/examples/standard_key/java_dl/classpath/InputStream.java and once in URL:file:/home/runner/work/key/key/key.core/build/resources/main/de/uka/ilkd/key/java/JavaRedux/java/io/InputStream.java, Keeping one from URL:file:/home/runner/work/key/key/key.core/build/resources/main/de/uka/ilkd/key/java/JavaRedux/java/io/InputStream.java 
102516     WARN  main            d.u.i.k.j.r.KeYCrossReferenceNameInfo Datatype java.lang.System declared twice: Once in FILE:/home/runner/work/key/key/key.core/../key.ui/examples/standard_key/java_dl/classpath/System.java and once in URL:file:/home/runner/work/key/key/key.core/build/resources/main/de/uka/ilkd/key/java/JavaRedux/java/lang/System.java, Keeping one from URL:file:/home/runner/work/key/key/key.core/build/resources/main/de/uka/ilkd/key/java/JavaRedux/java/lang/System.java 
102516     WARN  main            d.u.i.k.j.r.KeYCrossReferenceNameInfo Datatype java.io.PrintStream declared twice: Once in FILE:/home/runner/work/key/key/key.core/../key.ui/examples/standard_key/java_dl/classpath/PrintStream.java and once in URL:file:/home/runner/work/key/key/key.core/build/resources/main/de/uka/ilkd/key/java/JavaRedux/java/io/PrintStream.java, Keeping one from URL:file:/home/runner/work/key/key/key.core/build/resources/main/de/uka/ilkd/key/java/JavaRedux/java/io/PrintStream.java 
102520     DEBUG main            d.u.i.k.j.r.ClassFileDeclarationBuilder Parsing: package java.io; public class Closeable { } 
102520     DEBUG main            r.s.KeYCrossReferenceSourceInfo Dynamically created class: java.io.Closeable 
105424     DEBUG main            d.u.i.k.p.i.AbstractProblemLoader Init config took 2.94s 
105441     INFO  main            d.u.i.k.p.i.AbstractProblemLoader Replaying proof continue1.key.proof 
105466     DEBUG main            d.u.i.k.p.i.IntermediateProofReplayer Proof replay took 22.12ms 
105467     DEBUG main            d.u.i.k.p.r.p.TestFile    ... success: reloaded. 
105474     INFO  main            d.u.i.k.p.r.p.TestFile    Now processing file /home/runner/work/key/key/key.core/../key.ui/examples/standard_key/java_dl/continue2.key 
105478     INFO  main            d.u.i.k.p.i.AbstractProblemLoader Loading environment from /home/runner/work/key/key/key.core/../key.ui/examples/standard_key/java_dl/continue2.key 
105479     DEBUG main            d.u.i.k.p.i.AbstractProblemLoader Environment load took 966.02ns 
105480     INFO  main            d.u.i.k.p.i.AbstractProblemLoader Creating init config 
105522     WARN  main            d.u.i.k.j.r.KeYCrossReferenceNameInfo Datatype java.io.InputStream declared twice: Once in FILE:/home/runner/work/key/key/key.core/../key.ui/examples/standard_key/java_dl/classpath/InputStream.java and once in URL:file:/home/runner/work/key/key/key.core/build/resources/main/de/uka/ilkd/key/java/JavaRedux/java/io/InputStream.java, Keeping one from URL:file:/home/runner/work/key/key/key.core/build/resources/main/de/uka/ilkd/key/java/JavaRedux/java/io/InputStream.java 
105522     WARN  main            d.u.i.k.j.r.KeYCrossReferenceNameInfo Datatype java.lang.System declared twice: Once in FILE:/home/runner/work/key/key/key.core/../key.ui/examples/standard_key/java_dl/classpath/System.java and once in URL:file:/home/runner/work/key/key/key.core/build/resources/main/de/uka/ilkd/key/java/JavaRedux/java/lang/System.java, Keeping one from URL:file:/home/runner/work/key/key/key.core/build/resources/main/de/uka/ilkd/key/java/JavaRedux/java/lang/System.java 
105523     WARN  main            d.u.i.k.j.r.KeYCrossReferenceNameInfo Datatype java.io.PrintStream declared twice: Once in FILE:/home/runner/work/key/key/key.core/../key.ui/examples/standard_key/java_dl/classpath/PrintStream.java and once in URL:file:/home/runner/work/key/key/key.core/build/resources/main/de/uka/ilkd/key/java/JavaRedux/java/io/PrintStream.java, Keeping one from URL:file:/home/runner/work/key/key/key.core/build/resources/main/de/uka/ilkd/key/java/JavaRedux/java/io/PrintStream.java 
105528     DEBUG main            d.u.i.k.j.r.ClassFileDeclarationBuilder Parsing: package java.io; public class Closeable { } 
105528     DEBUG main            r.s.KeYCrossReferenceSourceInfo Dynamically created class: java.io.Closeable 
108363     DEBUG main            d.u.i.k.p.i.AbstractProblemLoader Init config took 2.88s 
108380     INFO  main            d.u.i.k.p.i.AbstractProblemLoader Replaying proof continue2.key 
108382     DEBUG main            d.u.i.k.p.i.IntermediateProofReplayer Proof replay took 7.3ns 
108686     INFO  main            d.u.i.k.p.r.p.TestFile    ... finished proof: closed. 
108953     INFO  main            d.u.i.k.p.i.AbstractProblemLoader Loading environment from /home/runner/work/key/key/key.core/../key.ui/examples/standard_key/java_dl/continue2.key.proof 
108953     DEBUG main            d.u.i.k.p.i.AbstractProblemLoader Environment load took 123.8ns 
108955     INFO  main            d.u.i.k.p.i.AbstractProblemLoader Creating init config 
108981     WARN  main            d.u.i.k.j.r.KeYCrossReferenceNameInfo Datatype java.io.InputStream declared twice: Once in FILE:/home/runner/work/key/key/key.core/../key.ui/examples/standard_key/java_dl/classpath/InputStream.java and once in URL:file:/home/runner/work/key/key/key.core/build/resources/main/de/uka/ilkd/key/java/JavaRedux/java/io/InputStream.java, Keeping one from URL:file:/home/runner/work/key/key/key.core/build/resources/main/de/uka/ilkd/key/java/JavaRedux/java/io/InputStream.java 
108981     WARN  main            d.u.i.k.j.r.KeYCrossReferenceNameInfo Datatype java.lang.System declared twice: Once in FILE:/home/runner/work/key/key/key.core/../key.ui/examples/standard_key/java_dl/classpath/System.java and once in URL:file:/home/runner/work/key/key/key.core/build/resources/main/de/uka/ilkd/key/java/JavaRedux/java/lang/System.java, Keeping one from URL:file:/home/runner/work/key/key/key.core/build/resources/main/de/uka/ilkd/key/java/JavaRedux/java/lang/System.java 
108981     WARN  main            d.u.i.k.j.r.KeYCrossReferenceNameInfo Datatype java.io.PrintStream declared twice: Once in FILE:/home/runner/work/key/key/key.core/../key.ui/examples/standard_key/java_dl/classpath/PrintStream.java and once in URL:file:/home/runner/work/key/key/key.core/build/resources/main/de/uka/ilkd/key/java/JavaRedux/java/io/PrintStream.java, Keeping one from URL:file:/home/runner/work/key/key/key.core/build/resources/main/de/uka/ilkd/key/java/JavaRedux/java/io/PrintStream.java 
108985     DEBUG main            d.u.i.k.j.r.ClassFileDeclarationBuilder Parsing: package java.io; public class Closeable { } 
108985     DEBUG main            r.s.KeYCrossReferenceSourceInfo Dynamically created class: java.io.Closeable 
111842     DEBUG main            d.u.i.k.p.i.AbstractProblemLoader Init config took 2.89s 
111860     INFO  main            d.u.i.k.p.i.AbstractProblemLoader Replaying proof continue2.key.proof 
111951     DEBUG main            d.u.i.k.p.i.IntermediateProofReplayer Proof replay took 88.18ms 
111952     DEBUG main            d.u.i.k.p.r.p.TestFile    ... success: reloaded. 
111954     INFO  main            d.u.i.k.p.r.p.TestFile    Now processing file /home/runner/work/key/key/key.core/../key.ui/examples/standard_key/java_dl/complexAssignment.key 
111954     INFO  main            d.u.i.k.p.i.AbstractProblemLoader Loading environment from /home/runner/work/key/key/key.core/../key.ui/examples/standard_key/java_dl/complexAssignment.key 
111955     DEBUG main            d.u.i.k.p.i.AbstractProblemLoader Environment load took 200.41ns 
111956     INFO  main            d.u.i.k.p.i.AbstractProblemLoader Creating init config 
114802     DEBUG main            d.u.i.k.p.i.AbstractProblemLoader Init config took 2.85s 
114845     INFO  main            d.u.i.k.p.i.AbstractProblemLoader Replaying proof complexAssignment.key 
114847     DEBUG main            d.u.i.k.p.i.IntermediateProofReplayer Proof replay took 7.5ns 
114950     INFO  main            d.u.i.k.p.r.p.TestFile    ... finished proof: closed. 
115276     INFO  main            d.u.i.k.p.i.AbstractProblemLoader Loading environment from /home/runner/work/key/key/key.core/../key.ui/examples/standard_key/java_dl/complexAssignment.key.proof 
115277     DEBUG main            d.u.i.k.p.i.AbstractProblemLoader Environment load took 106ns 
115278     INFO  main            d.u.i.k.p.i.AbstractProblemLoader Creating init config 
118011     DEBUG main            d.u.i.k.p.i.AbstractProblemLoader Init config took 2.73s 
118028     INFO  main            d.u.i.k.p.i.AbstractProblemLoader Replaying proof complexAssignment.key.proof 
118037     DEBUG main            d.u.i.k.p.i.IntermediateProofReplayer Proof replay took 7.33ms 
118038     DEBUG main            d.u.i.k.p.r.p.TestFile    ... success: reloaded. 
118039     INFO  main            d.u.i.k.p.r.p.TestFile    Now processing file /home/runner/work/key/key/key.core/../key.ui/examples/standard_key/java_dl/danglingElseSolution1.key 
118039     INFO  main            d.u.i.k.p.i.AbstractProblemLoader Loading environment from /home/runner/work/key/key/key.core/../key.ui/examples/standard_key/java_dl/danglingElseSolution1.key 
118039     DEBUG main            d.u.i.k.p.i.AbstractProblemLoader Environment load took 93.4ns 
118040     INFO  main            d.u.i.k.p.i.AbstractProblemLoader Creating init config 
120934     DEBUG main            d.u.i.k.p.i.AbstractProblemLoader Init config took 2.89s 
120951     INFO  main            d.u.i.k.p.i.AbstractProblemLoader Replaying proof danglingElseSolution1.key 
120953     DEBUG main            d.u.i.k.p.i.IntermediateProofReplayer Proof replay took 7.5ns 
121057     INFO  main            d.u.i.k.p.r.p.TestFile    ... finished proof: closed. 
121368     INFO  main            d.u.i.k.p.i.AbstractProblemLoader Loading environment from /home/runner/work/key/key/key.core/../key.ui/examples/standard_key/java_dl/danglingElseSolution1.key.proof 
121368     DEBUG main            d.u.i.k.p.i.AbstractProblemLoader Environment load took 115.4ns 
121369     INFO  main            d.u.i.k.p.i.AbstractProblemLoader Creating init config 
124204     DEBUG main            d.u.i.k.p.i.AbstractProblemLoader Init config took 2.84s 
124221     INFO  main            d.u.i.k.p.i.AbstractProblemLoader Replaying proof danglingElseSolution1.key.proof 
124233     DEBUG main            d.u.i.k.p.i.IntermediateProofReplayer Proof replay took 9.54ms 
124234     DEBUG main            d.u.i.k.p.r.p.TestFile    ... success: reloaded. 
124235     INFO  main            d.u.i.k.p.r.p.TestFile    Now processing file /home/runner/work/key/key/key.core/../key.ui/examples/standard_key/java_dl/danglingElseSolution2.key 
124235     INFO  main            d.u.i.k.p.i.AbstractProblemLoader Loading environment from /home/runner/work/key/key/key.core/../key.ui/examples/standard_key/java_dl/danglingElseSolution2.key 
124236     DEBUG main            d.u.i.k.p.i.AbstractProblemLoader Environment load took 195.1ns 
124237     INFO  main            d.u.i.k.p.i.AbstractProblemLoader Creating init config 
127107     DEBUG main            d.u.i.k.p.i.AbstractProblemLoader Init config took 2.87s 
127126     INFO  main            d.u.i.k.p.i.AbstractProblemLoader Replaying proof danglingElseSolution2.key 
127128     DEBUG main            d.u.i.k.p.i.IntermediateProofReplayer Proof replay took 7.3ns 
127231     INFO  main            d.u.i.k.p.r.p.TestFile    ... finished proof: closed. 
127520     INFO  main            d.u.i.k.p.i.AbstractProblemLoader Loading environment from /home/runner/work/key/key/key.core/../key.ui/examples/standard_key/java_dl/danglingElseSolution2.key.proof 
127520     DEBUG main            d.u.i.k.p.i.AbstractProblemLoader Environment load took 400.21ns 
127522     INFO  main            d.u.i.k.p.i.AbstractProblemLoader Creating init config 
130321     DEBUG main            d.u.i.k.p.i.AbstractProblemLoader Init config took 2.8s 
130338     INFO  main            d.u.i.k.p.i.AbstractProblemLoader Replaying proof danglingElseSolution2.key.proof 
130351     DEBUG main            d.u.i.k.p.i.IntermediateProofReplayer Proof replay took 10.82ms 
130352     DEBUG main            d.u.i.k.p.r.p.TestFile    ... success: reloaded. 
130353     INFO  main            d.u.i.k.p.r.p.TestFile    Now processing file /home/runner/work/key/key/key.core/../key.ui/examples/standard_key/java_dl/deepNonNull/deepNonNull0.key 
130353     INFO  main            d.u.i.k.p.i.AbstractProblemLoader Loading environment from /home/runner/work/key/key/key.core/../key.ui/examples/standard_key/java_dl/deepNonNull/deepNonNull0.key 
130353     DEBUG main            d.u.i.k.p.i.AbstractProblemLoader Environment load took 97.4ns 
130354     INFO  main            d.u.i.k.p.i.AbstractProblemLoader Creating init config 
133313     DEBUG main            d.u.i.k.p.i.AbstractProblemLoader Init config took 2.96s 
133379     INFO  main            d.u.i.k.p.i.AbstractProblemLoader Replaying proof Arrays[Arrays::get()].JML operation contract.0 
133380     DEBUG main            d.u.i.k.p.i.IntermediateProofReplayer Proof replay took 7.5ns 
133588     INFO  main            d.u.i.k.p.r.p.TestFile    ... finished proof: closed. 
133890     INFO  main            d.u.i.k.p.i.AbstractProblemLoader Loading environment from /home/runner/work/key/key/key.core/../key.ui/examples/standard_key/java_dl/deepNonNull/deepNonNull0.key.proof 
133890     DEBUG main            d.u.i.k.p.i.AbstractProblemLoader Environment load took 786.52ns 
133892     INFO  main            d.u.i.k.p.i.AbstractProblemLoader Creating init config 
136762     DEBUG main            d.u.i.k.p.i.AbstractProblemLoader Init config took 2.87s 
136805     INFO  main            d.u.i.k.p.i.AbstractProblemLoader Replaying proof Arrays[Arrays::get()].JML operation contract.0 
136842     DEBUG main            d.u.i.k.p.i.IntermediateProofReplayer Proof replay took 33.83ms 
136843     DEBUG main            d.u.i.k.p.r.p.TestFile    ... success: reloaded. 
136844     INFO  main            d.u.i.k.p.r.p.TestFile    Now processing file /home/runner/work/key/key/key.core/../key.ui/examples/standard_key/java_dl/deepNonNull/deepNonNull1.key 
136844     INFO  main            d.u.i.k.p.i.AbstractProblemLoader Loading environment from /home/runner/work/key/key/key.core/../key.ui/examples/standard_key/java_dl/deepNonNull/deepNonNull1.key 
136844     DEBUG main            d.u.i.k.p.i.AbstractProblemLoader Environment load took 188.2ns 
136845     INFO  main            d.u.i.k.p.i.AbstractProblemLoader Creating init config 
139771     DEBUG main            d.u.i.k.p.i.AbstractProblemLoader Init config took 2.93s 
139819     INFO  main            d.u.i.k.p.i.AbstractProblemLoader Replaying proof Arrays[Arrays::head()].JML operation contract.0 
139820     DEBUG main            d.u.i.k.p.i.IntermediateProofReplayer Proof replay took 37.9ns 
140024     INFO  main            d.u.i.k.p.r.p.TestFile    ... finished proof: closed. 
140300     INFO  main            d.u.i.k.p.i.AbstractProblemLoader Loading environment from /home/runner/work/key/key/key.core/../key.ui/examples/standard_key/java_dl/deepNonNull/deepNonNull1.key.proof 
140300     DEBUG main            d.u.i.k.p.i.AbstractProblemLoader Environment load took 384.11ns 
140301     INFO  main            d.u.i.k.p.i.AbstractProblemLoader Creating init config 
143345     DEBUG main            d.u.i.k.p.i.AbstractProblemLoader Init config took 3.04s 
143388     INFO  main            d.u.i.k.p.i.AbstractProblemLoader Replaying proof Arrays[Arrays::head()].JML operation contract.0 
143422     DEBUG main            d.u.i.k.p.i.IntermediateProofReplayer Proof replay took 32.11ms 
143423     DEBUG main            d.u.i.k.p.r.p.TestFile    ... success: reloaded. 
143424     INFO  main            d.u.i.k.p.r.p.TestFile    Now processing file /home/runner/work/key/key/key.core/../key.ui/examples/standard_key/java_dl/deepNonNull/deepNonNull2.key 
143424     INFO  main            d.u.i.k.p.i.AbstractProblemLoader Loading environment from /home/runner/work/key/key/key.core/../key.ui/examples/standard_key/java_dl/deepNonNull/deepNonNull2.key 
143424     DEBUG main            d.u.i.k.p.i.AbstractProblemLoader Environment load took 103.7ns 
143425     INFO  main            d.u.i.k.p.i.AbstractProblemLoader Creating init config 
146358     DEBUG main            d.u.i.k.p.i.AbstractProblemLoader Init config took 2.93s 
146400     INFO  main            d.u.i.k.p.i.AbstractProblemLoader Replaying proof Arrays[Arrays::unprovable(java.lang.Object)].JML operation contract.0 
146402     DEBUG main            d.u.i.k.p.i.IntermediateProofReplayer Proof replay took 8.3ns 
146514     INFO  main            d.u.i.k.p.r.p.TestFile    ... finished proof: open goal(s) 
146829     INFO  main            d.u.i.k.p.r.p.TestFile    Now processing file /home/runner/work/key/key/key.core/../key.ui/examples/standard_key/java_dl/deepNonNull/deepNonNull3.key 
146830     INFO  main            d.u.i.k.p.i.AbstractProblemLoader Loading environment from /home/runner/work/key/key/key.core/../key.ui/examples/standard_key/java_dl/deepNonNull/deepNonNull3.key 
146830     DEBUG main            d.u.i.k.p.i.AbstractProblemLoader Environment load took 62.8ns 
146831     INFO  main            d.u.i.k.p.i.AbstractProblemLoader Creating init config 
149739     DEBUG main            d.u.i.k.p.i.AbstractProblemLoader Init config took 2.91s 
149781     INFO  main            d.u.i.k.p.i.AbstractProblemLoader Replaying proof Arrays[Arrays::head([[[[Ljava.lang.Object)].JML operation contract.0 
149782     DEBUG main            d.u.i.k.p.i.IntermediateProofReplayer Proof replay took 7.6ns 
150787     INFO  main            d.u.i.k.p.r.p.TestFile    ... finished proof: closed. 
151187     INFO  main            d.u.i.k.p.i.AbstractProblemLoader Loading environment from /home/runner/work/key/key/key.core/../key.ui/examples/standard_key/java_dl/deepNonNull/deepNonNull3.key.proof 
151188     DEBUG main            d.u.i.k.p.i.AbstractProblemLoader Environment load took 443.21ns 
151189     INFO  main            d.u.i.k.p.i.AbstractProblemLoader Creating init config 
154051     DEBUG main            d.u.i.k.p.i.AbstractProblemLoader Init config took 2.86s 
154093     INFO  main            d.u.i.k.p.i.AbstractProblemLoader Replaying proof Arrays[Arrays::head([[[[Ljava.lang.Object)].JML operation contract.0 
154218     DEBUG main            d.u.i.k.p.i.IntermediateProofReplayer Proof replay took 120.36ms 
154219     DEBUG main            d.u.i.k.p.r.p.TestFile    ... success: reloaded. 
154220     INFO  main            d.u.i.k.p.r.p.TestFile    Now processing file /home/runner/work/key/key/key.core/../key.ui/examples/standard_key/java_dl/exceptions.key 
154220     INFO  main            d.u.i.k.p.i.AbstractProblemLoader Loading environment from /home/runner/work/key/key/key.core/../key.ui/examples/standard_key/java_dl/exceptions.key 
154220     DEBUG main            d.u.i.k.p.i.AbstractProblemLoader Environment load took 261.61ns 
154221     INFO  main            d.u.i.k.p.i.AbstractProblemLoader Creating init config 
154249     WARN  main            d.u.i.k.j.r.KeYCrossReferenceNameInfo Datatype java.io.InputStream declared twice: Once in FILE:/home/runner/work/key/key/key.core/../key.ui/examples/standard_key/java_dl/classpath/InputStream.java and once in URL:file:/home/runner/work/key/key/key.core/build/resources/main/de/uka/ilkd/key/java/JavaRedux/java/io/InputStream.java, Keeping one from URL:file:/home/runner/work/key/key/key.core/build/resources/main/de/uka/ilkd/key/java/JavaRedux/java/io/InputStream.java 
154250     WARN  main            d.u.i.k.j.r.KeYCrossReferenceNameInfo Datatype java.lang.System declared twice: Once in FILE:/home/runner/work/key/key/key.core/../key.ui/examples/standard_key/java_dl/classpath/System.java and once in URL:file:/home/runner/work/key/key/key.core/build/resources/main/de/uka/ilkd/key/java/JavaRedux/java/lang/System.java, Keeping one from URL:file:/home/runner/work/key/key/key.core/build/resources/main/de/uka/ilkd/key/java/JavaRedux/java/lang/System.java 
154250     WARN  main            d.u.i.k.j.r.KeYCrossReferenceNameInfo Datatype java.io.PrintStream declared twice: Once in FILE:/home/runner/work/key/key/key.core/../key.ui/examples/standard_key/java_dl/classpath/PrintStream.java and once in URL:file:/home/runner/work/key/key/key.core/build/resources/main/de/uka/ilkd/key/java/JavaRedux/java/io/PrintStream.java, Keeping one from URL:file:/home/runner/work/key/key/key.core/build/resources/main/de/uka/ilkd/key/java/JavaRedux/java/io/PrintStream.java 
154263     DEBUG main            d.u.i.k.j.r.ClassFileDeclarationBuilder Parsing: package java.io; public class Closeable { } 
154271     DEBUG main            r.s.KeYCrossReferenceSourceInfo Dynamically created class: java.io.Closeable 
157228     DEBUG main            d.u.i.k.p.i.AbstractProblemLoader Init config took 3.01s 
157245     INFO  main            d.u.i.k.p.i.AbstractProblemLoader Replaying proof exceptions.key 
157246     DEBUG main            d.u.i.k.p.i.IntermediateProofReplayer Proof replay took 8.4ns 
157449     INFO  main            d.u.i.k.p.r.p.TestFile    ... finished proof: closed. 
157850     INFO  main            d.u.i.k.p.i.AbstractProblemLoader Loading environment from /home/runner/work/key/key/key.core/../key.ui/examples/standard_key/java_dl/exceptions.key.proof 
157850     DEBUG main            d.u.i.k.p.i.AbstractProblemLoader Environment load took 101.3ns 
157851     INFO  main            d.u.i.k.p.i.AbstractProblemLoader Creating init config 
157876     WARN  main            d.u.i.k.j.r.KeYCrossReferenceNameInfo Datatype java.io.InputStream declared twice: Once in FILE:/home/runner/work/key/key/key.core/../key.ui/examples/standard_key/java_dl/classpath/InputStream.java and once in URL:file:/home/runner/work/key/key/key.core/build/resources/main/de/uka/ilkd/key/java/JavaRedux/java/io/InputStream.java, Keeping one from URL:file:/home/runner/work/key/key/key.core/build/resources/main/de/uka/ilkd/key/java/JavaRedux/java/io/InputStream.java 
157877     WARN  main            d.u.i.k.j.r.KeYCrossReferenceNameInfo Datatype java.lang.System declared twice: Once in FILE:/home/runner/work/key/key/key.core/../key.ui/examples/standard_key/java_dl/classpath/System.java and once in URL:file:/home/runner/work/key/key/key.core/build/resources/main/de/uka/ilkd/key/java/JavaRedux/java/lang/System.java, Keeping one from URL:file:/home/runner/work/key/key/key.core/build/resources/main/de/uka/ilkd/key/java/JavaRedux/java/lang/System.java 
157877     WARN  main            d.u.i.k.j.r.KeYCrossReferenceNameInfo Datatype java.io.PrintStream declared twice: Once in FILE:/home/runner/work/key/key/key.core/../key.ui/examples/standard_key/java_dl/classpath/PrintStream.java and once in URL:file:/home/runner/work/key/key/key.core/build/resources/main/de/uka/ilkd/key/java/JavaRedux/java/io/PrintStream.java, Keeping one from URL:file:/home/runner/work/key/key/key.core/build/resources/main/de/uka/ilkd/key/java/JavaRedux/java/io/PrintStream.java 
157881     DEBUG main            d.u.i.k.j.r.ClassFileDeclarationBuilder Parsing: package java.io; public class Closeable { } 
157881     DEBUG main            r.s.KeYCrossReferenceSourceInfo Dynamically created class: java.io.Closeable 
160794     DEBUG main            d.u.i.k.p.i.AbstractProblemLoader Init config took 2.94s 
160813     INFO  main            d.u.i.k.p.i.AbstractProblemLoader Replaying proof exceptions.key.proof 
160873     DEBUG main            d.u.i.k.p.i.IntermediateProofReplayer Proof replay took 56.55ms 
160874     DEBUG main            d.u.i.k.p.r.p.TestFile    ... success: reloaded. 
160875     INFO  main            d.u.i.k.p.r.p.TestFile    Now processing file /home/runner/work/key/key/key.core/../key.ui/examples/standard_key/java_dl/exceptions1.key 
160876     INFO  main            d.u.i.k.p.i.AbstractProblemLoader Loading environment from /home/runner/work/key/key/key.core/../key.ui/examples/standard_key/java_dl/exceptions1.key 
160876     DEBUG main            d.u.i.k.p.i.AbstractProblemLoader Environment load took 181.91ns 
160877     INFO  main            d.u.i.k.p.i.AbstractProblemLoader Creating init config 
163737     DEBUG main            d.u.i.k.p.i.AbstractProblemLoader Init config took 2.86s 
163754     INFO  main            d.u.i.k.p.i.AbstractProblemLoader Replaying proof exceptions1.key 
163757     DEBUG main            d.u.i.k.p.i.IntermediateProofReplayer Proof replay took 8.1ns 
163960     INFO  main            d.u.i.k.p.r.p.TestFile    ... finished proof: closed. 
164312     INFO  main            d.u.i.k.p.i.AbstractProblemLoader Loading environment from /home/runner/work/key/key/key.core/../key.ui/examples/standard_key/java_dl/exceptions1.key.proof 
164312     DEBUG main            d.u.i.k.p.i.AbstractProblemLoader Environment load took 101ns 
164314     INFO  main            d.u.i.k.p.i.AbstractProblemLoader Creating init config 
167093     DEBUG main            d.u.i.k.p.i.AbstractProblemLoader Init config took 2.78s 
167110     INFO  main            d.u.i.k.p.i.AbstractProblemLoader Replaying proof exceptions1.key.proof 
167150     DEBUG main            d.u.i.k.p.i.IntermediateProofReplayer Proof replay took 36.41ms 
167151     DEBUG main            d.u.i.k.p.r.p.TestFile    ... success: reloaded. 
167152     INFO  main            d.u.i.k.p.r.p.TestFile    Now processing file /home/runner/work/key/key/key.core/../key.ui/examples/standard_key/java_dl/exceptions2.key 
167152     INFO  main            d.u.i.k.p.i.AbstractProblemLoader Loading environment from /home/runner/work/key/key/key.core/../key.ui/examples/standard_key/java_dl/exceptions2.key 
167153     DEBUG main            d.u.i.k.p.i.AbstractProblemLoader Environment load took 84.1ns 
167154     INFO  main            d.u.i.k.p.i.AbstractProblemLoader Creating init config 
169991     DEBUG main            d.u.i.k.p.i.AbstractProblemLoader Init config took 2.84s 
170008     INFO  main            d.u.i.k.p.i.AbstractProblemLoader Replaying proof exceptions2.key 
170011     DEBUG main            d.u.i.k.p.i.IntermediateProofReplayer Proof replay took 7.6ns 
170214     INFO  main            d.u.i.k.p.r.p.TestFile    ... finished proof: closed. 
170543     INFO  main            d.u.i.k.p.i.AbstractProblemLoader Loading environment from /home/runner/work/key/key/key.core/../key.ui/examples/standard_key/java_dl/exceptions2.key.proof 
170543     DEBUG main            d.u.i.k.p.i.AbstractProblemLoader Environment load took 95.2ns 
170544     INFO  main            d.u.i.k.p.i.AbstractProblemLoader Creating init config 
173307     DEBUG main            d.u.i.k.p.i.AbstractProblemLoader Init config took 2.76s 
173324     INFO  main            d.u.i.k.p.i.AbstractProblemLoader Replaying proof exceptions2.key.proof 
173360     DEBUG main            d.u.i.k.p.i.IntermediateProofReplayer Proof replay took 33.59ms 
173361     DEBUG main            d.u.i.k.p.r.p.TestFile    ... success: reloaded. 
173362     INFO  main            d.u.i.k.p.r.p.TestFile    Now processing file /home/runner/work/key/key/key.core/../key.ui/examples/standard_key/java_dl/exceptions3.key 
173363     INFO  main            d.u.i.k.p.i.AbstractProblemLoader Loading environment from /home/runner/work/key/key/key.core/../key.ui/examples/standard_key/java_dl/exceptions3.key 
173363     DEBUG main            d.u.i.k.p.i.AbstractProblemLoader Environment load took 215.5ns 
173364     INFO  main            d.u.i.k.p.i.AbstractProblemLoader Creating init config 
173387     WARN  main            d.u.i.k.j.r.KeYCrossReferenceNameInfo Datatype java.io.InputStream declared twice: Once in FILE:/home/runner/work/key/key/key.core/../key.ui/examples/standard_key/java_dl/classpath/InputStream.java and once in URL:file:/home/runner/work/key/key/key.core/build/resources/main/de/uka/ilkd/key/java/JavaRedux/java/io/InputStream.java, Keeping one from URL:file:/home/runner/work/key/key/key.core/build/resources/main/de/uka/ilkd/key/java/JavaRedux/java/io/InputStream.java 
173388     WARN  main            d.u.i.k.j.r.KeYCrossReferenceNameInfo Datatype java.lang.System declared twice: Once in FILE:/home/runner/work/key/key/key.core/../key.ui/examples/standard_key/java_dl/classpath/System.java and once in URL:file:/home/runner/work/key/key/key.core/build/resources/main/de/uka/ilkd/key/java/JavaRedux/java/lang/System.java, Keeping one from URL:file:/home/runner/work/key/key/key.core/build/resources/main/de/uka/ilkd/key/java/JavaRedux/java/lang/System.java 
173388     WARN  main            d.u.i.k.j.r.KeYCrossReferenceNameInfo Datatype java.io.PrintStream declared twice: Once in FILE:/home/runner/work/key/key/key.core/../key.ui/examples/standard_key/java_dl/classpath/PrintStream.java and once in URL:file:/home/runner/work/key/key/key.core/build/resources/main/de/uka/ilkd/key/java/JavaRedux/java/io/PrintStream.java, Keeping one from URL:file:/home/runner/work/key/key/key.core/build/resources/main/de/uka/ilkd/key/java/JavaRedux/java/io/PrintStream.java 
173392     DEBUG main            d.u.i.k.j.r.ClassFileDeclarationBuilder Parsing: package java.io; public class Closeable { } 
173392     DEBUG main            r.s.KeYCrossReferenceSourceInfo Dynamically created class: java.io.Closeable 
176256     DEBUG main            d.u.i.k.p.i.AbstractProblemLoader Init config took 2.89s 
176273     INFO  main            d.u.i.k.p.i.AbstractProblemLoader Replaying proof exceptions3.key 
176274     DEBUG main            d.u.i.k.p.i.IntermediateProofReplayer Proof replay took 7.7ns 
176381     INFO  main            d.u.i.k.p.r.p.TestFile    ... finished proof: closed. 
176699     INFO  main            d.u.i.k.p.i.AbstractProblemLoader Loading environment from /home/runner/work/key/key/key.core/../key.ui/examples/standard_key/java_dl/exceptions3.key.proof 
176699     DEBUG main            d.u.i.k.p.i.AbstractProblemLoader Environment load took 100.4ns 
176700     INFO  main            d.u.i.k.p.i.AbstractProblemLoader Creating init config 
176730     WARN  main            d.u.i.k.j.r.KeYCrossReferenceNameInfo Datatype java.io.InputStream declared twice: Once in FILE:/home/runner/work/key/key/key.core/../key.ui/examples/standard_key/java_dl/classpath/InputStream.java and once in URL:file:/home/runner/work/key/key/key.core/build/resources/main/de/uka/ilkd/key/java/JavaRedux/java/io/InputStream.java, Keeping one from URL:file:/home/runner/work/key/key/key.core/build/resources/main/de/uka/ilkd/key/java/JavaRedux/java/io/InputStream.java 
176730     WARN  main            d.u.i.k.j.r.KeYCrossReferenceNameInfo Datatype java.lang.System declared twice: Once in FILE:/home/runner/work/key/key/key.core/../key.ui/examples/standard_key/java_dl/classpath/System.java and once in URL:file:/home/runner/work/key/key/key.core/build/resources/main/de/uka/ilkd/key/java/JavaRedux/java/lang/System.java, Keeping one from URL:file:/home/runner/work/key/key/key.core/build/resources/main/de/uka/ilkd/key/java/JavaRedux/java/lang/System.java 
176730     WARN  main            d.u.i.k.j.r.KeYCrossReferenceNameInfo Datatype java.io.PrintStream declared twice: Once in FILE:/home/runner/work/key/key/key.core/../key.ui/examples/standard_key/java_dl/classpath/PrintStream.java and once in URL:file:/home/runner/work/key/key/key.core/build/resources/main/de/uka/ilkd/key/java/JavaRedux/java/io/PrintStream.java, Keeping one from URL:file:/home/runner/work/key/key/key.core/build/resources/main/de/uka/ilkd/key/java/JavaRedux/java/io/PrintStream.java 
176734     DEBUG main            d.u.i.k.j.r.ClassFileDeclarationBuilder Parsing: package java.io; public class Closeable { } 
176735     DEBUG main            r.s.KeYCrossReferenceSourceInfo Dynamically created class: java.io.Closeable 
179513     DEBUG main            d.u.i.k.p.i.AbstractProblemLoader Init config took 2.81s 
179530     INFO  main            d.u.i.k.p.i.AbstractProblemLoader Replaying proof exceptions3.key.proof 
179536     DEBUG main            d.u.i.k.p.i.IntermediateProofReplayer Proof replay took 4.2ms 
179537     DEBUG main            d.u.i.k.p.r.p.TestFile    ... success: reloaded. 
179538     INFO  main            d.u.i.k.p.r.p.TestFile    Now processing file /home/runner/work/key/key/key.core/../key.ui/examples/standard_key/java_dl/exchange.key 
179538     INFO  main            d.u.i.k.p.i.AbstractProblemLoader Loading environment from /home/runner/work/key/key/key.core/../key.ui/examples/standard_key/java_dl/exchange.key 
179538     DEBUG main            d.u.i.k.p.i.AbstractProblemLoader Environment load took 86.1ns 
179539     INFO  main            d.u.i.k.p.i.AbstractProblemLoader Creating init config 
182371     DEBUG main            d.u.i.k.p.i.AbstractProblemLoader Init config took 2.83s 
182388     INFO  main            d.u.i.k.p.i.AbstractProblemLoader Replaying proof exchange.key 
182389     DEBUG main            d.u.i.k.p.i.IntermediateProofReplayer Proof replay took 9.3ns 
182491     INFO  main            d.u.i.k.p.r.p.TestFile    ... finished proof: closed. 
182829     INFO  main            d.u.i.k.p.i.AbstractProblemLoader Loading environment from /home/runner/work/key/key/key.core/../key.ui/examples/standard_key/java_dl/exchange.key.proof 
182829     DEBUG main            d.u.i.k.p.i.AbstractProblemLoader Environment load took 102ns 
182830     INFO  main            d.u.i.k.p.i.AbstractProblemLoader Creating init config 
185624     DEBUG main            d.u.i.k.p.i.AbstractProblemLoader Init config took 2.79s 
185641     INFO  main            d.u.i.k.p.i.AbstractProblemLoader Replaying proof exchange.key.proof 
185646     DEBUG main            d.u.i.k.p.i.IntermediateProofReplayer Proof replay took 3.34ms 
185647     DEBUG main            d.u.i.k.p.r.p.TestFile    ... success: reloaded. 
185648     INFO  main            d.u.i.k.p.r.p.TestFile    Now processing file /home/runner/work/key/key/key.core/../key.ui/examples/standard_key/java_dl/if.key 
185648     INFO  main            d.u.i.k.p.i.AbstractProblemLoader Loading environment from /home/runner/work/key/key/key.core/../key.ui/examples/standard_key/java_dl/if.key 
185649     DEBUG main            d.u.i.k.p.i.AbstractProblemLoader Environment load took 180.2ns 
185649     INFO  main            d.u.i.k.p.i.AbstractProblemLoader Creating init config 
188455     DEBUG main            d.u.i.k.p.i.AbstractProblemLoader Init config took 2.81s 
188471     INFO  main            d.u.i.k.p.i.AbstractProblemLoader Replaying proof if.key 
188472     DEBUG main            d.u.i.k.p.i.IntermediateProofReplayer Proof replay took 7.7ns 
188574     INFO  main            d.u.i.k.p.r.p.TestFile    ... finished proof: closed. 
189018     INFO  main            d.u.i.k.p.i.AbstractProblemLoader Loading environment from /home/runner/work/key/key/key.core/../key.ui/examples/standard_key/java_dl/if.key.proof 
189019     DEBUG main            d.u.i.k.p.i.AbstractProblemLoader Environment load took 97.9ns 
189020     INFO  main            d.u.i.k.p.i.AbstractProblemLoader Creating init config 
191819     DEBUG main            d.u.i.k.p.i.AbstractProblemLoader Init config took 2.8s 
191836     INFO  main            d.u.i.k.p.i.AbstractProblemLoader Replaying proof if.key.proof 
191841     DEBUG main            d.u.i.k.p.i.IntermediateProofReplayer Proof replay took 3.18ms 
191842     DEBUG main            d.u.i.k.p.r.p.TestFile    ... success: reloaded. 
191842     INFO  main            d.u.i.k.p.r.p.TestFile    Now processing file /home/runner/work/key/key/key.core/../key.ui/examples/standard_key/java_dl/incrementcounter.key 
191842     INFO  main            d.u.i.k.p.i.AbstractProblemLoader Loading environment from /home/runner/work/key/key/key.core/../key.ui/examples/standard_key/java_dl/incrementcounter.key 
191842     DEBUG main            d.u.i.k.p.i.AbstractProblemLoader Environment load took 85ns 
191843     INFO  main            d.u.i.k.p.i.AbstractProblemLoader Creating init config 
194650     DEBUG main            d.u.i.k.p.i.AbstractProblemLoader Init config took 2.81s 
194670     INFO  main            d.u.i.k.p.i.AbstractProblemLoader Replaying proof incrementcounter.key 
194672     DEBUG main            d.u.i.k.p.i.IntermediateProofReplayer Proof replay took 7.2ns 
194774     INFO  main            d.u.i.k.p.r.p.TestFile    ... finished proof: closed. 
195129     INFO  main            d.u.i.k.p.i.AbstractProblemLoader Loading environment from /home/runner/work/key/key/key.core/../key.ui/examples/standard_key/java_dl/incrementcounter.key.proof 
195129     DEBUG main            d.u.i.k.p.i.AbstractProblemLoader Environment load took 96.2ns 
195130     INFO  main            d.u.i.k.p.i.AbstractProblemLoader Creating init config 
197907     DEBUG main            d.u.i.k.p.i.AbstractProblemLoader Init config took 2.78s 
197924     INFO  main            d.u.i.k.p.i.AbstractProblemLoader Replaying proof incrementcounter.key.proof 
197928     DEBUG main            d.u.i.k.p.i.IntermediateProofReplayer Proof replay took 2.09ms 
197929     DEBUG main            d.u.i.k.p.r.p.TestFile    ... success: reloaded. 
197929     INFO  main            d.u.i.k.p.r.p.TestFile    Now processing file /home/runner/work/key/key/key.core/../key.ui/examples/standard_key/java_dl/danglingElse.key 
197930     INFO  main            d.u.i.k.p.i.AbstractProblemLoader Loading environment from /home/runner/work/key/key/key.core/../key.ui/examples/standard_key/java_dl/danglingElse.key 
197930     DEBUG main            d.u.i.k.p.i.AbstractProblemLoader Environment load took 175.2ns 
197931     INFO  main            d.u.i.k.p.i.AbstractProblemLoader Creating init config 
200759     DEBUG main            d.u.i.k.p.i.AbstractProblemLoader Init config took 2.83s 
200777     INFO  main            d.u.i.k.p.i.AbstractProblemLoader Replaying proof danglingElse.key 
200779     DEBUG main            d.u.i.k.p.i.IntermediateProofReplayer Proof replay took 8.8ns 
200885     INFO  main            d.u.i.k.p.r.p.TestFile    ... finished proof: open goal(s) 
201244     INFO  main            d.u.i.k.p.r.p.TestFile    Now processing file /home/runner/work/key/key/key.core/../key.ui/examples/standard_key/java_dl/iteratedAssignment.key 
201245     INFO  main            d.u.i.k.p.i.AbstractProblemLoader Loading environment from /home/runner/work/key/key/key.core/../key.ui/examples/standard_key/java_dl/iteratedAssignment.key 
201245     DEBUG main            d.u.i.k.p.i.AbstractProblemLoader Environment load took 61.9ns 
201246     INFO  main            d.u.i.k.p.i.AbstractProblemLoader Creating init config 
204021     DEBUG main            d.u.i.k.p.i.AbstractProblemLoader Init config took 2.78s 
204039     INFO  main            d.u.i.k.p.i.AbstractProblemLoader Replaying proof iteratedAssignment.key 
204041     DEBUG main            d.u.i.k.p.i.IntermediateProofReplayer Proof replay took 8.7ns 
204353     INFO  main            d.u.i.k.p.r.p.TestFile    ... finished proof: closed. 
204711     INFO  main            d.u.i.k.p.i.AbstractProblemLoader Loading environment from /home/runner/work/key/key/key.core/../key.ui/examples/standard_key/java_dl/iteratedAssignment.key.proof 
204711     DEBUG main            d.u.i.k.p.i.AbstractProblemLoader Environment load took 124.3ns 
204712     INFO  main            d.u.i.k.p.i.AbstractProblemLoader Creating init config 
207496     DEBUG main            d.u.i.k.p.i.AbstractProblemLoader Init config took 2.78s 
207513     INFO  main            d.u.i.k.p.i.AbstractProblemLoader Replaying proof iteratedAssignment.key.proof 
207593     DEBUG main            d.u.i.k.p.i.IntermediateProofReplayer Proof replay took 76.87ms 
207594     DEBUG main            d.u.i.k.p.r.p.TestFile    ... success: reloaded. 
207595     INFO  main            d.u.i.k.p.r.p.TestFile    Now processing file /home/runner/work/key/key/key.core/../key.ui/examples/standard_key/java_dl/assert/assert1.key 
207596     INFO  main            d.u.i.k.p.i.AbstractProblemLoader Loading environment from /home/runner/work/key/key/key.core/../key.ui/examples/standard_key/java_dl/assert/assert1.key 
207596     DEBUG main            d.u.i.k.p.i.AbstractProblemLoader Environment load took 246.01ns 
207597     INFO  main            d.u.i.k.p.i.AbstractProblemLoader Creating init config 
210507     DEBUG main            d.u.i.k.p.i.AbstractProblemLoader Init config took 2.91s 
210568     INFO  main            d.u.i.k.p.i.AbstractProblemLoader Replaying proof C[C::foo()].JML normal_behavior operation contract.0 
210571     DEBUG main            d.u.i.k.p.i.IntermediateProofReplayer Proof replay took 7.5ns 
210777     INFO  main            d.u.i.k.p.r.p.TestFile    ... finished proof: open goal(s) 
211167     INFO  main            d.u.i.k.p.r.p.TestFile    Now processing file /home/runner/work/key/key/key.core/../key.ui/examples/standard_key/java_dl/assert/assert2.key 
211168     INFO  main            d.u.i.k.p.i.AbstractProblemLoader Loading environment from /home/runner/work/key/key/key.core/../key.ui/examples/standard_key/java_dl/assert/assert2.key 
211168     DEBUG main            d.u.i.k.p.i.AbstractProblemLoader Environment load took 82.7ns 
211169     INFO  main            d.u.i.k.p.i.AbstractProblemLoader Creating init config 
214042     DEBUG main            d.u.i.k.p.i.AbstractProblemLoader Init config took 2.87s 
214101     INFO  main            d.u.i.k.p.i.AbstractProblemLoader Replaying proof C[C::bar()].JML exceptional_behavior operation contract.0 
214104     DEBUG main            d.u.i.k.p.i.IntermediateProofReplayer Proof replay took 8.3ns 
214306     INFO  main            d.u.i.k.p.r.p.TestFile    ... finished proof: closed. 
214743     INFO  main            d.u.i.k.p.i.AbstractProblemLoader Loading environment from /home/runner/work/key/key/key.core/../key.ui/examples/standard_key/java_dl/assert/assert2.key.proof 
214743     DEBUG main            d.u.i.k.p.i.AbstractProblemLoader Environment load took 100.4ns 
214744     INFO  main            d.u.i.k.p.i.AbstractProblemLoader Creating init config 
217557     DEBUG main            d.u.i.k.p.i.AbstractProblemLoader Init config took 2.81s 
217596     INFO  main            d.u.i.k.p.i.AbstractProblemLoader Replaying proof C[C::bar()].JML exceptional_behavior operation contract.0 
217645     DEBUG main            d.u.i.k.p.i.IntermediateProofReplayer Proof replay took 46.59ms 
217646     DEBUG main            d.u.i.k.p.r.p.TestFile    ... success: reloaded. 
217647     INFO  main            d.u.i.k.p.r.p.TestFile    Now processing file /home/runner/work/key/key/key.core/../key.ui/examples/standard_key/java_dl/assert/assert3.key 
217647     INFO  main            d.u.i.k.p.i.AbstractProblemLoader Loading environment from /home/runner/work/key/key/key.core/../key.ui/examples/standard_key/java_dl/assert/assert3.key 
217647     DEBUG main            d.u.i.k.p.i.AbstractProblemLoader Environment load took 129.7ns 
217648     INFO  main            d.u.i.k.p.i.AbstractProblemLoader Creating init config 
220598     DEBUG main            d.u.i.k.p.i.AbstractProblemLoader Init config took 2.95s 
220636     INFO  main            d.u.i.k.p.i.AbstractProblemLoader Replaying proof C[C::foo()].JML normal_behavior operation contract.0 
220638     DEBUG main            d.u.i.k.p.i.IntermediateProofReplayer Proof replay took 7.7ns 
220741     INFO  main            d.u.i.k.p.r.p.TestFile    ... finished proof: open goal(s) 
221131     INFO  main            d.u.i.k.p.r.p.TestFile    Now processing file /home/runner/work/key/key/key.core/../key.ui/examples/standard_key/java_dl/java5/vararg.key 
221132     INFO  main            d.u.i.k.p.i.AbstractProblemLoader Loading environment from /home/runner/work/key/key/key.core/../key.ui/examples/standard_key/java_dl/java5/vararg.key 
221132     DEBUG main            d.u.i.k.p.i.AbstractProblemLoader Environment load took 81.6ns 
221133     INFO  main            d.u.i.k.p.i.AbstractProblemLoader Creating init config 
222181     DEBUG main            d.u.i.k.j.r.ClassPreparationMethodBuilder clPrepBuilder: Inner Class detected. Reject building class initialisation methods. 
224432     DEBUG main            d.u.i.k.p.i.AbstractProblemLoader Init config took 3.3s 
224469     INFO  main            d.u.i.k.p.i.AbstractProblemLoader Replaying proof vararg.key 
224470     DEBUG main            d.u.i.k.p.i.IntermediateProofReplayer Proof replay took 8ns 
224854     DEBUG Thread-101      d.u.i.k.j.d.VariableSpecification Program match. Variables have different dimension (template #v0 = #vi;, source var#17[] = new java.lang.Object[]{d1, d2};) 
225032     DEBUG Thread-101      d.u.i.k.j.d.VariableSpecification Program match. Variables have different dimension (template #v0 = #vi;, source var#24[] = new java.lang.Object[]{d1, d2};) 
225217     DEBUG Thread-101      d.u.i.k.j.d.VariableSpecification Program match. Variables have different dimension (template #v0 = #vi;, source var#33[] = new java.lang.Object[]{var_1};) 
225218     DEBUG Thread-101      d.u.i.k.j.d.VariableSpecification Program match. Variables have different dimension (template #v0 = #vi;, source var#33[] = new java.lang.Object[]{var_1};) 
225352     DEBUG Thread-101      d.u.i.k.j.d.VariableSpecification Program match. Variables have different dimension (template #v0 = #vi;, source var#39[] = new java.lang.Object[]{null, null};) 
225518     DEBUG Thread-101      d.u.i.k.j.d.VariableSpecification Program match. Variables have different dimension (template #v0 = #vi;, source var#46[] = new java.lang.Object[]{};) 
225980     INFO  main            d.u.i.k.p.r.p.TestFile    ... finished proof: closed. 
226442     INFO  main            d.u.i.k.p.i.AbstractProblemLoader Loading environment from /home/runner/work/key/key/key.core/../key.ui/examples/standard_key/java_dl/java5/vararg.key.proof 
226442     DEBUG main            d.u.i.k.p.i.AbstractProblemLoader Environment load took 483.71ns 
226444     INFO  main            d.u.i.k.p.i.AbstractProblemLoader Creating init config 
227520     DEBUG main            d.u.i.k.j.r.ClassPreparationMethodBuilder clPrepBuilder: Inner Class detected. Reject building class initialisation methods. 
229630     DEBUG main            d.u.i.k.p.i.AbstractProblemLoader Init config took 3.19s 
229659     INFO  main            d.u.i.k.p.i.AbstractProblemLoader Replaying proof vararg.key.proof 
230037     DEBUG main            d.u.i.k.p.i.IntermediateProofReplayer Proof replay took 367.91ms 
230039     DEBUG main            d.u.i.k.p.r.p.TestFile    ... success: reloaded. 
230040     INFO  main            d.u.i.k.p.r.p.TestFile    Now processing file /home/runner/work/key/key/key.core/../key.ui/examples/standard_key/java_dl/java5/for_Array.key 
230040     INFO  main            d.u.i.k.p.i.AbstractProblemLoader Loading environment from /home/runner/work/key/key/key.core/../key.ui/examples/standard_key/java_dl/java5/for_Array.key 
230041     DEBUG main            d.u.i.k.p.i.AbstractProblemLoader Environment load took 180.8ns 
230041     INFO  main            d.u.i.k.p.i.AbstractProblemLoader Creating init config 
231075     DEBUG main            d.u.i.k.j.r.ClassPreparationMethodBuilder clPrepBuilder: Inner Class detected. Reject building class initialisation methods. 
233357     DEBUG main            d.u.i.k.p.i.AbstractProblemLoader Init config took 3.32s 
233417     INFO  main            d.u.i.k.p.i.AbstractProblemLoader Replaying proof For[For::sum([I)].JML operation contract.0 
233418     DEBUG main            d.u.i.k.p.i.IntermediateProofReplayer Proof replay took 8.4ns 
233823     INFO  main            d.u.i.k.p.r.p.TestFile    ... finished proof: closed. 
234291     INFO  main            d.u.i.k.p.i.AbstractProblemLoader Loading environment from /home/runner/work/key/key/key.core/../key.ui/examples/standard_key/java_dl/java5/for_Array.key.proof 
234291     DEBUG main            d.u.i.k.p.i.AbstractProblemLoader Environment load took 93.4ns 
234293     INFO  main            d.u.i.k.p.i.AbstractProblemLoader Creating init config 
235315     DEBUG main            d.u.i.k.j.r.ClassPreparationMethodBuilder clPrepBuilder: Inner Class detected. Reject building class initialisation methods. 
237396     DEBUG main            d.u.i.k.p.i.AbstractProblemLoader Init config took 3.1s 
237456     INFO  main            d.u.i.k.p.i.AbstractProblemLoader Replaying proof For[For::sum([I)].JML operation contract.0 
237584     DEBUG main            d.u.i.k.p.i.IntermediateProofReplayer Proof replay took 122.25ms 
237586     DEBUG main            d.u.i.k.p.r.p.TestFile    ... success: reloaded. 
237587     INFO  main            d.u.i.k.p.r.p.TestFile    Now processing file /home/runner/work/key/key/key.core/../key.ui/examples/standard_key/java_dl/java5/for_Iterable.key 
237588     INFO  main            d.u.i.k.p.i.AbstractProblemLoader Loading environment from /home/runner/work/key/key/key.core/../key.ui/examples/standard_key/java_dl/java5/for_Iterable.key 
237588     DEBUG main            d.u.i.k.p.i.AbstractProblemLoader Environment load took 231.21ns 
237589     INFO  main            d.u.i.k.p.i.AbstractProblemLoader Creating init config 
238693     DEBUG main            d.u.i.k.j.r.ClassPreparationMethodBuilder clPrepBuilder: Inner Class detected. Reject building class initialisation methods. 
240780     DEBUG main            d.u.i.k.p.i.AbstractProblemLoader Init config took 3.19s 
240838     INFO  main            d.u.i.k.p.i.AbstractProblemLoader Replaying proof For[For::infiniteLoop(For)].JML operation contract.0 
240839     DEBUG main            d.u.i.k.p.i.IntermediateProofReplayer Proof replay took 8.1ns 
241045     INFO  main            d.u.i.k.p.r.p.TestFile    ... finished proof: closed. 
241465     INFO  main            d.u.i.k.p.i.AbstractProblemLoader Loading environment from /home/runner/work/key/key/key.core/../key.ui/examples/standard_key/java_dl/java5/for_Iterable.key.proof 
241465     DEBUG main            d.u.i.k.p.i.AbstractProblemLoader Environment load took 94ns 
241466     INFO  main            d.u.i.k.p.i.AbstractProblemLoader Creating init config 
242429     DEBUG main            d.u.i.k.j.r.ClassPreparationMethodBuilder clPrepBuilder: Inner Class detected. Reject building class initialisation methods. 
244474     DEBUG main            d.u.i.k.p.i.AbstractProblemLoader Init config took 3.01s 
244534     INFO  main            d.u.i.k.p.i.AbstractProblemLoader Replaying proof For[For::infiniteLoop(For)].JML operation contract.0 
244605     DEBUG main            d.u.i.k.p.i.IntermediateProofReplayer Proof replay took 68.19ms 
244606     DEBUG main            d.u.i.k.p.r.p.TestFile    ... success: reloaded. 
244607     INFO  main            d.u.i.k.p.r.p.TestFile    Now processing file /home/runner/work/key/key/key.core/../key.ui/examples/standard_key/java_dl/java5/for_ReferenceArray.key 
244608     INFO  main            d.u.i.k.p.i.AbstractProblemLoader Loading environment from /home/runner/work/key/key/key.core/../key.ui/examples/standard_key/java_dl/java5/for_ReferenceArray.key 
244608     DEBUG main            d.u.i.k.p.i.AbstractProblemLoader Environment load took 185.6ns 
244609     INFO  main            d.u.i.k.p.i.AbstractProblemLoader Creating init config 
245600     DEBUG main            d.u.i.k.j.r.ClassPreparationMethodBuilder clPrepBuilder: Inner Class detected. Reject building class initialisation methods. 
247619     DEBUG main            d.u.i.k.p.i.AbstractProblemLoader Init config took 3.01s 
247673     INFO  main            d.u.i.k.p.i.AbstractProblemLoader Replaying proof ForReferenceArray[ForReferenceArray::foo([Ljava.lang.Object)].JML operation contract.0 
247675     DEBUG main            d.u.i.k.p.i.IntermediateProofReplayer Proof replay took 7.1ns 
247982     INFO  main            d.u.i.k.p.r.p.TestFile    ... finished proof: closed. 
248429     INFO  main            d.u.i.k.p.i.AbstractProblemLoader Loading environment from /home/runner/work/key/key/key.core/../key.ui/examples/standard_key/java_dl/java5/for_ReferenceArray.key.proof 
248429     DEBUG main            d.u.i.k.p.i.AbstractProblemLoader Environment load took 109.6ns 
248430     INFO  main            d.u.i.k.p.i.AbstractProblemLoader Creating init config 
249383     DEBUG main            d.u.i.k.j.r.ClassPreparationMethodBuilder clPrepBuilder: Inner Class detected. Reject building class initialisation methods. 
251379     DEBUG main            d.u.i.k.p.i.AbstractProblemLoader Init config took 2.95s 
251452     INFO  main            d.u.i.k.p.i.AbstractProblemLoader Replaying proof ForReferenceArray[ForReferenceArray::foo([Ljava.lang.Object)].JML operation contract.0 
251523     DEBUG main            d.u.i.k.p.i.IntermediateProofReplayer Proof replay took 67.41ms 
251526     DEBUG main            d.u.i.k.p.r.p.TestFile    ... success: reloaded. 
251526     INFO  main            d.u.i.k.p.r.p.TestFile    Now processing file /home/runner/work/key/key/key.core/../key.ui/examples/standard_key/java_dl/jml-bigint/cast.key 
251527     INFO  main            d.u.i.k.p.i.AbstractProblemLoader Loading environment from /home/runner/work/key/key/key.core/../key.ui/examples/standard_key/java_dl/jml-bigint/cast.key 
251527     DEBUG main            d.u.i.k.p.i.AbstractProblemLoader Environment load took 79.7ns 
251528     INFO  main            d.u.i.k.p.i.AbstractProblemLoader Creating init config 
254388     DEBUG main            d.u.i.k.p.i.AbstractProblemLoader Init config took 2.86s 
254448     INFO  main            d.u.i.k.p.i.AbstractProblemLoader Replaying proof Mult[Mult::cast()].JML operation contract.0 
254451     DEBUG main            d.u.i.k.p.i.IntermediateProofReplayer Proof replay took 7.5ns 
254557     INFO  main            d.u.i.k.p.r.p.TestFile    ... finished proof: closed. 
255035     INFO  main            d.u.i.k.p.i.AbstractProblemLoader Loading environment from /home/runner/work/key/key/key.core/../key.ui/examples/standard_key/java_dl/jml-bigint/cast.key.proof 
255035     DEBUG main            d.u.i.k.p.i.AbstractProblemLoader Environment load took 108.7ns 
255036     INFO  main            d.u.i.k.p.i.AbstractProblemLoader Creating init config 
257854     DEBUG main            d.u.i.k.p.i.AbstractProblemLoader Init config took 2.82s 
257893     INFO  main            d.u.i.k.p.i.AbstractProblemLoader Replaying proof Mult[Mult::cast()].JML operation contract.0 
257910     DEBUG main            d.u.i.k.p.i.IntermediateProofReplayer Proof replay took 15.3ms 
257911     DEBUG main            d.u.i.k.p.r.p.TestFile    ... success: reloaded. 
257912     INFO  main            d.u.i.k.p.r.p.TestFile    Now processing file /home/runner/work/key/key/key.core/../key.ui/examples/standard_key/java_dl/jml-free/loopInvFree.key 
257913     INFO  main            d.u.i.k.p.i.AbstractProblemLoader Loading environment from /home/runner/work/key/key/key.core/../key.ui/examples/standard_key/java_dl/jml-free/loopInvFree.key 
257913     DEBUG main            d.u.i.k.p.i.AbstractProblemLoader Environment load took 175.9ns 
257914     INFO  main            d.u.i.k.p.i.AbstractProblemLoader Creating init config 
260744     DEBUG main            d.u.i.k.p.i.AbstractProblemLoader Init config took 2.83s 
260782     INFO  main            d.u.i.k.p.i.AbstractProblemLoader Replaying proof LoopInvFree[LoopInvFree::test()].JML operation contract.0 
260783     DEBUG main            d.u.i.k.p.i.IntermediateProofReplayer Proof replay took 7.6ns 
260986     INFO  main            d.u.i.k.p.r.p.TestFile    ... finished proof: closed. 
261489     INFO  main            d.u.i.k.p.i.AbstractProblemLoader Loading environment from /home/runner/work/key/key/key.core/../key.ui/examples/standard_key/java_dl/jml-free/loopInvFree.key.proof 
261490     DEBUG main            d.u.i.k.p.i.AbstractProblemLoader Environment load took 83.9ns 
261491     INFO  main            d.u.i.k.p.i.AbstractProblemLoader Creating init config 
264268     DEBUG main            d.u.i.k.p.i.AbstractProblemLoader Init config took 2.78s 
264307     INFO  main            d.u.i.k.p.i.AbstractProblemLoader Replaying proof LoopInvFree[LoopInvFree::test()].JML operation contract.0 
264357     DEBUG main            d.u.i.k.p.i.IntermediateProofReplayer Proof replay took 48.08ms 
264358     DEBUG main            d.u.i.k.p.r.p.TestFile    ... success: reloaded. 
264359     INFO  main            d.u.i.k.p.r.p.TestFile    Now processing file /home/runner/work/key/key/key.core/../key.ui/examples/standard_key/java_dl/jml-free/ensuresFree.key 
264359     INFO  main            d.u.i.k.p.i.AbstractProblemLoader Loading environment from /home/runner/work/key/key/key.core/../key.ui/examples/standard_key/java_dl/jml-free/ensuresFree.key 
264359     DEBUG main            d.u.i.k.p.i.AbstractProblemLoader Environment load took 78.9ns 
264360     INFO  main            d.u.i.k.p.i.AbstractProblemLoader Creating init config 
267218     DEBUG main            d.u.i.k.p.i.AbstractProblemLoader Init config took 2.86s 
267256     INFO  main            d.u.i.k.p.i.AbstractProblemLoader Replaying proof EnsuresFree[EnsuresFree::test()].JML operation contract.0 
267257     DEBUG main            d.u.i.k.p.i.IntermediateProofReplayer Proof replay took 8.9ns 
267359     INFO  main            d.u.i.k.p.r.p.TestFile    ... finished proof: closed. 
267788     INFO  main            d.u.i.k.p.i.AbstractProblemLoader Loading environment from /home/runner/work/key/key/key.core/../key.ui/examples/standard_key/java_dl/jml-free/ensuresFree.key.proof 
267788     DEBUG main            d.u.i.k.p.i.AbstractProblemLoader Environment load took 95.6ns 
267790     INFO  main            d.u.i.k.p.i.AbstractProblemLoader Creating init config 
270584     DEBUG main            d.u.i.k.p.i.AbstractProblemLoader Init config took 2.79s 
270622     INFO  main            d.u.i.k.p.i.AbstractProblemLoader Replaying proof EnsuresFree[EnsuresFree::test()].JML operation contract.0 
270642     DEBUG main            d.u.i.k.p.i.IntermediateProofReplayer Proof replay took 18.24ms 
270643     DEBUG main            d.u.i.k.p.r.p.TestFile    ... success: reloaded. 
270644     INFO  main            d.u.i.k.p.r.p.TestFile    Now processing file /home/runner/work/key/key/key.core/../key.ui/examples/standard_key/java_dl/jml-information-flow.key 
270644     INFO  main            d.u.i.k.p.i.AbstractProblemLoader Loading environment from /home/runner/work/key/key/key.core/../key.ui/examples/standard_key/java_dl/jml-information-flow.key 
270645     DEBUG main            d.u.i.k.p.i.AbstractProblemLoader Environment load took 761.92ns 
270651     INFO  main            d.u.i.k.p.i.AbstractProblemLoader Creating init config 
273702     DEBUG main            d.u.i.k.p.i.AbstractProblemLoader Init config took 3.05s 
273722     INFO  main            d.u.i.k.p.i.AbstractProblemLoader Replaying proof jml-information-flow.key 
273723     DEBUG main            d.u.i.k.p.i.IntermediateProofReplayer Proof replay took 7.4ns 
411645     INFO  main            d.u.i.k.p.r.p.TestFile    ... finished proof: closed. 
412346     INFO  main            d.u.i.k.p.i.AbstractProblemLoader Loading environment from /home/runner/work/key/key/key.core/../key.ui/examples/standard_key/java_dl/jml-information-flow.key.proof 
412346     DEBUG main            d.u.i.k.p.i.AbstractProblemLoader Environment load took 164.6ns 
412356     INFO  main            d.u.i.k.p.i.AbstractProblemLoader Creating init config 
415426     DEBUG main            d.u.i.k.p.i.AbstractProblemLoader Init config took 3.07s 
415453     INFO  main            d.u.i.k.p.i.AbstractProblemLoader Replaying proof jml-information-flow.key.proof 
420053     DEBUG main            d.u.i.k.p.i.IntermediateProofReplayer Proof replay took 4.49s 
420062     DEBUG main            d.u.i.k.p.r.p.TestFile    ... success: reloaded. 
420063     INFO  main            d.u.i.k.p.r.p.TestFile    Now processing file /home/runner/work/key/key/key.core/../key.ui/examples/standard_key/java_dl/jml-min/min-unprovable1.key 
420064     INFO  main            d.u.i.k.p.i.AbstractProblemLoader Loading environment from /home/runner/work/key/key/key.core/../key.ui/examples/standard_key/java_dl/jml-min/min-unprovable1.key 
420064     DEBUG main            d.u.i.k.p.i.AbstractProblemLoader Environment load took 176.9ns 
420065     INFO  main            d.u.i.k.p.i.AbstractProblemLoader Creating init config 
423515     DEBUG main            d.u.i.k.p.i.AbstractProblemLoader Init config took 3.45s 
423553     INFO  main            d.u.i.k.p.i.AbstractProblemLoader Replaying proof Min[Min::foo()].JML operation contract.0 
423554     DEBUG main            d.u.i.k.p.i.IntermediateProofReplayer Proof replay took 7.6ns 
423657     INFO  main            d.u.i.k.p.r.p.TestFile    ... finished proof: open goal(s) 
424127     INFO  main            d.u.i.k.p.r.p.TestFile    Now processing file /home/runner/work/key/key/key.core/../key.ui/examples/standard_key/java_dl/jml-min/min-unprovable2.key 
424127     INFO  main            d.u.i.k.p.i.AbstractProblemLoader Loading environment from /home/runner/work/key/key/key.core/../key.ui/examples/standard_key/java_dl/jml-min/min-unprovable2.key 
424127     DEBUG main            d.u.i.k.p.i.AbstractProblemLoader Environment load took 50ns 
424128     INFO  main            d.u.i.k.p.i.AbstractProblemLoader Creating init config 
426951     DEBUG main            d.u.i.k.p.i.AbstractProblemLoader Init config took 2.82s 
426988     INFO  main            d.u.i.k.p.i.AbstractProblemLoader Replaying proof Min[Min::foo2()].JML operation contract.0 
426989     DEBUG main            d.u.i.k.p.i.IntermediateProofReplayer Proof replay took 7.2ns 
427091     INFO  main            d.u.i.k.p.r.p.TestFile    ... finished proof: open goal(s) 
427538     INFO  main            d.u.i.k.p.r.p.TestFile    Now processing file /home/runner/work/key/key/key.core/../key.ui/examples/standard_key/java_dl/methodCall.key 
427538     INFO  main            d.u.i.k.p.i.AbstractProblemLoader Loading environment from /home/runner/work/key/key/key.core/../key.ui/examples/standard_key/java_dl/methodCall.key 
427538     DEBUG main            d.u.i.k.p.i.AbstractProblemLoader Environment load took 76.4ns 
427540     INFO  main            d.u.i.k.p.i.AbstractProblemLoader Creating init config 
430355     DEBUG main            d.u.i.k.p.i.AbstractProblemLoader Init config took 2.82s 
430372     INFO  main            d.u.i.k.p.i.AbstractProblemLoader Replaying proof methodCall.key 
430373     DEBUG main            d.u.i.k.p.i.IntermediateProofReplayer Proof replay took 8ns 
430477     INFO  main            d.u.i.k.p.r.p.TestFile    ... finished proof: closed. 
430948     INFO  main            d.u.i.k.p.i.AbstractProblemLoader Loading environment from /home/runner/work/key/key/key.core/../key.ui/examples/standard_key/java_dl/methodCall.key.proof 
430948     DEBUG main            d.u.i.k.p.i.AbstractProblemLoader Environment load took 86.1ns 
430949     INFO  main            d.u.i.k.p.i.AbstractProblemLoader Creating init config 
433785     DEBUG main            d.u.i.k.p.i.AbstractProblemLoader Init config took 2.84s 
433801     INFO  main            d.u.i.k.p.i.AbstractProblemLoader Replaying proof methodCall.key.proof 
433805     DEBUG main            d.u.i.k.p.i.IntermediateProofReplayer Proof replay took 1.96ms 
433805     DEBUG main            d.u.i.k.p.r.p.TestFile    ... success: reloaded. 
433806     INFO  main            d.u.i.k.p.r.p.TestFile    Now processing file /home/runner/work/key/key/key.core/../key.ui/examples/standard_key/java_dl/methodCall1.key 
433806     INFO  main            d.u.i.k.p.i.AbstractProblemLoader Loading environment from /home/runner/work/key/key/key.core/../key.ui/examples/standard_key/java_dl/methodCall1.key 
433806     DEBUG main            d.u.i.k.p.i.AbstractProblemLoader Environment load took 45.4ns 
433807     INFO  main            d.u.i.k.p.i.AbstractProblemLoader Creating init config 
436767     DEBUG main            d.u.i.k.p.i.AbstractProblemLoader Init config took 2.96s 
436787     INFO  main            d.u.i.k.p.i.AbstractProblemLoader Replaying proof methodCall1.key 
436789     DEBUG main            d.u.i.k.p.i.IntermediateProofReplayer Proof replay took 7.6ns 
436891     INFO  main            d.u.i.k.p.r.p.TestFile    ... finished proof: closed. 
437348     INFO  main            d.u.i.k.p.i.AbstractProblemLoader Loading environment from /home/runner/work/key/key/key.core/../key.ui/examples/standard_key/java_dl/methodCall1.key.proof 
437348     DEBUG main            d.u.i.k.p.i.AbstractProblemLoader Environment load took 101.2ns 
437349     INFO  main            d.u.i.k.p.i.AbstractProblemLoader Creating init config 
440194     DEBUG main            d.u.i.k.p.i.AbstractProblemLoader Init config took 2.84s 
440211     INFO  main            d.u.i.k.p.i.AbstractProblemLoader Replaying proof methodCall1.key.proof 
440230     DEBUG main            d.u.i.k.p.i.IntermediateProofReplayer Proof replay took 17.09ms 
440231     DEBUG main            d.u.i.k.p.r.p.TestFile    ... success: reloaded. 
440232     INFO  main            d.u.i.k.p.r.p.TestFile    Now processing file /home/runner/work/key/key/key.core/../key.ui/examples/standard_key/java_dl/methodCall1box.key 
440232     INFO  main            d.u.i.k.p.i.AbstractProblemLoader Loading environment from /home/runner/work/key/key/key.core/../key.ui/examples/standard_key/java_dl/methodCall1box.key 
440232     DEBUG main            d.u.i.k.p.i.AbstractProblemLoader Environment load took 89.3ns 
440233     INFO  main            d.u.i.k.p.i.AbstractProblemLoader Creating init config 
443147     DEBUG main            d.u.i.k.p.i.AbstractProblemLoader Init config took 2.91s 
443163     INFO  main            d.u.i.k.p.i.AbstractProblemLoader Replaying proof methodCall1box.key 
443165     DEBUG main            d.u.i.k.p.i.IntermediateProofReplayer Proof replay took 9.6ns 
443267     INFO  main            d.u.i.k.p.r.p.TestFile    ... finished proof: closed. 
443747     INFO  main            d.u.i.k.p.i.AbstractProblemLoader Loading environment from /home/runner/work/key/key/key.core/../key.ui/examples/standard_key/java_dl/methodCall1box.key.proof 
443747     DEBUG main            d.u.i.k.p.i.AbstractProblemLoader Environment load took 90.7ns 
443748     INFO  main            d.u.i.k.p.i.AbstractProblemLoader Creating init config 
446551     DEBUG main            d.u.i.k.p.i.AbstractProblemLoader Init config took 2.8s 
446567     INFO  main            d.u.i.k.p.i.AbstractProblemLoader Replaying proof methodCall1box.key.proof 
446584     DEBUG main            d.u.i.k.p.i.IntermediateProofReplayer Proof replay took 14.41ms 
446585     DEBUG main            d.u.i.k.p.r.p.TestFile    ... success: reloaded. 
446585     INFO  main            d.u.i.k.p.r.p.TestFile    Now processing file /home/runner/work/key/key/key.core/../key.ui/examples/standard_key/java_dl/methodCall3.key 
446586     INFO  main            d.u.i.k.p.i.AbstractProblemLoader Loading environment from /home/runner/work/key/key/key.core/../key.ui/examples/standard_key/java_dl/methodCall3.key 
446586     DEBUG main            d.u.i.k.p.i.AbstractProblemLoader Environment load took 65.7ns 
446587     INFO  main            d.u.i.k.p.i.AbstractProblemLoader Creating init config 
449456     DEBUG main            d.u.i.k.p.i.AbstractProblemLoader Init config took 2.87s 
449474     INFO  main            d.u.i.k.p.i.AbstractProblemLoader Replaying proof methodCall3.key 
449475     DEBUG main            d.u.i.k.p.i.IntermediateProofReplayer Proof replay took 7.6ns 
449577     INFO  main            d.u.i.k.p.r.p.TestFile    ... finished proof: closed. 
450069     INFO  main            d.u.i.k.p.i.AbstractProblemLoader Loading environment from /home/runner/work/key/key/key.core/../key.ui/examples/standard_key/java_dl/methodCall3.key.proof 
450069     DEBUG main            d.u.i.k.p.i.AbstractProblemLoader Environment load took 100.9ns 
450070     INFO  main            d.u.i.k.p.i.AbstractProblemLoader Creating init config 
452884     DEBUG main            d.u.i.k.p.i.AbstractProblemLoader Init config took 2.81s 
452901     INFO  main            d.u.i.k.p.i.AbstractProblemLoader Replaying proof methodCall3.key.proof 
452912     DEBUG main            d.u.i.k.p.i.IntermediateProofReplayer Proof replay took 9.42ms 
452913     DEBUG main            d.u.i.k.p.r.p.TestFile    ... success: reloaded. 
452914     INFO  main            d.u.i.k.p.r.p.TestFile    Now processing file /home/runner/work/key/key/key.core/../key.ui/examples/standard_key/java_dl/polishFlagSort.key 
452914     INFO  main            d.u.i.k.p.i.AbstractProblemLoader Loading environment from /home/runner/work/key/key/key.core/../key.ui/examples/standard_key/java_dl/polishFlagSort.key 
452914     DEBUG main            d.u.i.k.p.i.AbstractProblemLoader Environment load took 78ns 
452916     INFO  main            d.u.i.k.p.i.AbstractProblemLoader Creating init config 
455823     DEBUG main            d.u.i.k.p.i.AbstractProblemLoader Init config took 2.91s 
455841     INFO  main            d.u.i.k.p.i.AbstractProblemLoader Replaying proof polishFlagSort.key 
455842     DEBUG main            d.u.i.k.p.i.IntermediateProofReplayer Proof replay took 9.2ns 
458394     INFO  main            d.u.i.k.p.r.p.TestFile    ... finished proof: closed. 
458918     INFO  main            d.u.i.k.p.i.AbstractProblemLoader Loading environment from /home/runner/work/key/key/key.core/../key.ui/examples/standard_key/java_dl/polishFlagSort.key.proof 
458919     DEBUG main            d.u.i.k.p.i.AbstractProblemLoader Environment load took 671.01ns 
458921     INFO  main            d.u.i.k.p.i.AbstractProblemLoader Creating init config 
461788     DEBUG main            d.u.i.k.p.i.AbstractProblemLoader Init config took 2.87s 
461805     INFO  main            d.u.i.k.p.i.AbstractProblemLoader Replaying proof polishFlagSort.key.proof 
462231     DEBUG main            d.u.i.k.p.i.IntermediateProofReplayer Proof replay took 415.33ms 
462233     DEBUG main            d.u.i.k.p.r.p.TestFile    ... success: reloaded. 
462234     INFO  main            d.u.i.k.p.r.p.TestFile    Now processing file /home/runner/work/key/key/key.core/../key.ui/examples/standard_key/java_dl/postConditionTaclets1.key 
462234     INFO  main            d.u.i.k.p.i.AbstractProblemLoader Loading environment from /home/runner/work/key/key/key.core/../key.ui/examples/standard_key/java_dl/postConditionTaclets1.key 
462235     DEBUG main            d.u.i.k.p.i.AbstractProblemLoader Environment load took 182.41ns 
462236     INFO  main            d.u.i.k.p.i.AbstractProblemLoader Creating init config 
465046     DEBUG main            d.u.i.k.p.i.AbstractProblemLoader Init config took 2.81s 
465063     INFO  main            d.u.i.k.p.i.AbstractProblemLoader Replaying proof postConditionTaclets1.key 
465065     DEBUG main            d.u.i.k.p.i.IntermediateProofReplayer Proof replay took 8.6ns 
465166     INFO  main            d.u.i.k.p.r.p.TestFile    ... finished proof: closed. 
465706     INFO  main            d.u.i.k.p.i.AbstractProblemLoader Loading environment from /home/runner/work/key/key/key.core/../key.ui/examples/standard_key/java_dl/postConditionTaclets1.key.proof 
465706     DEBUG main            d.u.i.k.p.i.AbstractProblemLoader Environment load took 90.9ns 
465707     INFO  main            d.u.i.k.p.i.AbstractProblemLoader Creating init config 
468471     DEBUG main            d.u.i.k.p.i.AbstractProblemLoader Init config took 2.76s 
468487     INFO  main            d.u.i.k.p.i.AbstractProblemLoader Replaying proof postConditionTaclets1.key.proof 
468489     DEBUG main            d.u.i.k.p.i.IntermediateProofReplayer Proof replay took 460.01ns 
468490     DEBUG main            d.u.i.k.p.r.p.TestFile    ... success: reloaded. 
468491     INFO  main            d.u.i.k.p.r.p.TestFile    Now processing file /home/runner/work/key/key/key.core/../key.ui/examples/standard_key/java_dl/postConditionTaclets2.key 
468491     INFO  main            d.u.i.k.p.i.AbstractProblemLoader Loading environment from /home/runner/work/key/key/key.core/../key.ui/examples/standard_key/java_dl/postConditionTaclets2.key 
468491     DEBUG main            d.u.i.k.p.i.AbstractProblemLoader Environment load took 81.3ns 
468492     INFO  main            d.u.i.k.p.i.AbstractProblemLoader Creating init config 
471282     DEBUG main            d.u.i.k.p.i.AbstractProblemLoader Init config took 2.79s 
471298     INFO  main            d.u.i.k.p.i.AbstractProblemLoader Replaying proof postConditionTaclets2.key 
471300     DEBUG main            d.u.i.k.p.i.IntermediateProofReplayer Proof replay took 8ns 
471404     INFO  main            d.u.i.k.p.r.p.TestFile    ... finished proof: closed. 
471928     INFO  main            d.u.i.k.p.i.AbstractProblemLoader Loading environment from /home/runner/work/key/key/key.core/../key.ui/examples/standard_key/java_dl/postConditionTaclets2.key.proof 
471929     DEBUG main            d.u.i.k.p.i.AbstractProblemLoader Environment load took 83.7ns 
471930     INFO  main            d.u.i.k.p.i.AbstractProblemLoader Creating init config 
474859     DEBUG main            d.u.i.k.p.i.AbstractProblemLoader Init config took 2.93s 
474879     INFO  main            d.u.i.k.p.i.AbstractProblemLoader Replaying proof postConditionTaclets2.key.proof 
474881     DEBUG main            d.u.i.k.p.i.IntermediateProofReplayer Proof replay took 723.92ns 
474882     DEBUG main            d.u.i.k.p.r.p.TestFile    ... success: reloaded. 
474883     INFO  main            d.u.i.k.p.r.p.TestFile    Now processing file /home/runner/work/key/key/key.core/../key.ui/examples/standard_key/java_dl/quantifiedQuery.key 
474883     INFO  main            d.u.i.k.p.i.AbstractProblemLoader Loading environment from /home/runner/work/key/key/key.core/../key.ui/examples/standard_key/java_dl/quantifiedQuery.key 
474883     DEBUG main            d.u.i.k.p.i.AbstractProblemLoader Environment load took 76.1ns 
474885     INFO  main            d.u.i.k.p.i.AbstractProblemLoader Creating init config 
477806     DEBUG main            d.u.i.k.p.i.AbstractProblemLoader Init config took 2.92s 
477823     INFO  main            d.u.i.k.p.i.AbstractProblemLoader Replaying proof quantifiedQuery.key 
477825     DEBUG main            d.u.i.k.p.i.IntermediateProofReplayer Proof replay took 7.8ns 
477928     INFO  main            d.u.i.k.p.r.p.TestFile    ... finished proof: closed. 
478438     INFO  main            d.u.i.k.p.i.AbstractProblemLoader Loading environment from /home/runner/work/key/key/key.core/../key.ui/examples/standard_key/java_dl/quantifiedQuery.key.proof 
478439     DEBUG main            d.u.i.k.p.i.AbstractProblemLoader Environment load took 450.91ns 
478441     INFO  main            d.u.i.k.p.i.AbstractProblemLoader Creating init config 
481372     DEBUG main            d.u.i.k.p.i.AbstractProblemLoader Init config took 2.93s 
481388     INFO  main            d.u.i.k.p.i.AbstractProblemLoader Replaying proof quantifiedQuery.key.proof 
481408     DEBUG main            d.u.i.k.p.i.IntermediateProofReplayer Proof replay took 17.95ms 
481410     DEBUG main            d.u.i.k.p.r.p.TestFile    ... success: reloaded. 
481411     INFO  main            d.u.i.k.p.r.p.TestFile    Now processing file /home/runner/work/key/key/key.core/../key.ui/examples/standard_key/java_dl/recursion/triangular.key 
481411     INFO  main            d.u.i.k.p.i.AbstractProblemLoader Loading environment from /home/runner/work/key/key/key.core/../key.ui/examples/standard_key/java_dl/recursion/triangular.key 
481411     DEBUG main            d.u.i.k.p.i.AbstractProblemLoader Environment load took 197.91ns 
481412     INFO  main            d.u.i.k.p.i.AbstractProblemLoader Creating init config 
484328     DEBUG main            d.u.i.k.p.i.AbstractProblemLoader Init config took 2.92s 
484397     INFO  main            d.u.i.k.p.i.AbstractProblemLoader Replaying proof Triangular[Triangular::tria(int)].JML normal_behavior operation contract.0 
484398     DEBUG main            d.u.i.k.p.i.IntermediateProofReplayer Proof replay took 7.7ns 
484601     INFO  main            d.u.i.k.p.r.p.TestFile    ... finished proof: closed. 
485168     INFO  main            d.u.i.k.p.i.AbstractProblemLoader Loading environment from /home/runner/work/key/key/key.core/../key.ui/examples/standard_key/java_dl/recursion/triangular.key.proof 
485169     DEBUG main            d.u.i.k.p.i.AbstractProblemLoader Environment load took 89.5ns 
485169     INFO  main            d.u.i.k.p.i.AbstractProblemLoader Creating init config 
487999     DEBUG main            d.u.i.k.p.i.AbstractProblemLoader Init config took 2.83s 
488038     INFO  main            d.u.i.k.p.i.AbstractProblemLoader Replaying proof Triangular[Triangular::tria(int)].JML normal_behavior operation contract.0 
488074     DEBUG main            d.u.i.k.p.i.IntermediateProofReplayer Proof replay took 34.91ms 
488075     DEBUG main            d.u.i.k.p.r.p.TestFile    ... success: reloaded. 
488076     INFO  main            d.u.i.k.p.r.p.TestFile    Now processing file /home/runner/work/key/key/key.core/../key.ui/examples/standard_key/java_dl/reverseArray.key 
488076     INFO  main            d.u.i.k.p.i.AbstractProblemLoader Loading environment from /home/runner/work/key/key/key.core/../key.ui/examples/standard_key/java_dl/reverseArray.key 
488076     DEBUG main            d.u.i.k.p.i.AbstractProblemLoader Environment load took 84.1ns 
488078     INFO  main            d.u.i.k.p.i.AbstractProblemLoader Creating init config 
488102     WARN  main            d.u.i.k.j.r.KeYCrossReferenceNameInfo Datatype java.io.InputStream declared twice: Once in FILE:/home/runner/work/key/key/key.core/../key.ui/examples/standard_key/java_dl/./classpath/InputStream.java and once in URL:file:/home/runner/work/key/key/key.core/build/resources/main/de/uka/ilkd/key/java/JavaRedux/java/io/InputStream.java, Keeping one from URL:file:/home/runner/work/key/key/key.core/build/resources/main/de/uka/ilkd/key/java/JavaRedux/java/io/InputStream.java 
488102     WARN  main            d.u.i.k.j.r.KeYCrossReferenceNameInfo Datatype java.lang.System declared twice: Once in FILE:/home/runner/work/key/key/key.core/../key.ui/examples/standard_key/java_dl/./classpath/System.java and once in URL:file:/home/runner/work/key/key/key.core/build/resources/main/de/uka/ilkd/key/java/JavaRedux/java/lang/System.java, Keeping one from URL:file:/home/runner/work/key/key/key.core/build/resources/main/de/uka/ilkd/key/java/JavaRedux/java/lang/System.java 
488102     WARN  main            d.u.i.k.j.r.KeYCrossReferenceNameInfo Datatype java.io.PrintStream declared twice: Once in FILE:/home/runner/work/key/key/key.core/../key.ui/examples/standard_key/java_dl/./classpath/PrintStream.java and once in URL:file:/home/runner/work/key/key/key.core/build/resources/main/de/uka/ilkd/key/java/JavaRedux/java/io/PrintStream.java, Keeping one from URL:file:/home/runner/work/key/key/key.core/build/resources/main/de/uka/ilkd/key/java/JavaRedux/java/io/PrintStream.java 
488106     DEBUG main            d.u.i.k.j.r.ClassFileDeclarationBuilder Parsing: package java.io; public class Closeable { } 
488106     DEBUG main            r.s.KeYCrossReferenceSourceInfo Dynamically created class: java.io.Closeable 
491062     DEBUG main            d.u.i.k.p.i.AbstractProblemLoader Init config took 2.98s 
491087     INFO  main            d.u.i.k.p.i.AbstractProblemLoader Replaying proof reverseArray.key 
491088     DEBUG main            d.u.i.k.p.i.IntermediateProofReplayer Proof replay took 7.6ns 
496077     INFO  main            d.u.i.k.p.r.p.TestFile    ... finished proof: closed. 
496641     INFO  main            d.u.i.k.p.i.AbstractProblemLoader Loading environment from /home/runner/work/key/key/key.core/../key.ui/examples/standard_key/java_dl/reverseArray.key.proof 
496641     DEBUG main            d.u.i.k.p.i.AbstractProblemLoader Environment load took 338.91ns 
496643     INFO  main            d.u.i.k.p.i.AbstractProblemLoader Creating init config 
496670     WARN  main            d.u.i.k.j.r.KeYCrossReferenceNameInfo Datatype java.io.InputStream declared twice: Once in FILE:/home/runner/work/key/key/key.core/../key.ui/examples/standard_key/java_dl/classpath/InputStream.java and once in URL:file:/home/runner/work/key/key/key.core/build/resources/main/de/uka/ilkd/key/java/JavaRedux/java/io/InputStream.java, Keeping one from URL:file:/home/runner/work/key/key/key.core/build/resources/main/de/uka/ilkd/key/java/JavaRedux/java/io/InputStream.java 
496671     WARN  main            d.u.i.k.j.r.KeYCrossReferenceNameInfo Datatype java.lang.System declared twice: Once in FILE:/home/runner/work/key/key/key.core/../key.ui/examples/standard_key/java_dl/classpath/System.java and once in URL:file:/home/runner/work/key/key/key.core/build/resources/main/de/uka/ilkd/key/java/JavaRedux/java/lang/System.java, Keeping one from URL:file:/home/runner/work/key/key/key.core/build/resources/main/de/uka/ilkd/key/java/JavaRedux/java/lang/System.java 
496671     WARN  main            d.u.i.k.j.r.KeYCrossReferenceNameInfo Datatype java.io.PrintStream declared twice: Once in FILE:/home/runner/work/key/key/key.core/../key.ui/examples/standard_key/java_dl/classpath/PrintStream.java and once in URL:file:/home/runner/work/key/key/key.core/build/resources/main/de/uka/ilkd/key/java/JavaRedux/java/io/PrintStream.java, Keeping one from URL:file:/home/runner/work/key/key/key.core/build/resources/main/de/uka/ilkd/key/java/JavaRedux/java/io/PrintStream.java 
496675     DEBUG main            d.u.i.k.j.r.ClassFileDeclarationBuilder Parsing: package java.io; public class Closeable { } 
496675     DEBUG main            r.s.KeYCrossReferenceSourceInfo Dynamically created class: java.io.Closeable 
499650     DEBUG main            d.u.i.k.p.i.AbstractProblemLoader Init config took 3.01s 
499668     INFO  main            d.u.i.k.p.i.AbstractProblemLoader Replaying proof reverseArray.key.proof 
500466     DEBUG main            d.u.i.k.p.i.IntermediateProofReplayer Proof replay took 786.05ms 
500468     DEBUG main            d.u.i.k.p.r.p.TestFile    ... success: reloaded. 
500470     INFO  main            d.u.i.k.p.r.p.TestFile    Now processing file /home/runner/work/key/key/key.core/../key.ui/examples/standard_key/java_dl/reverseArray2.key 
500470     INFO  main            d.u.i.k.p.i.AbstractProblemLoader Loading environment from /home/runner/work/key/key/key.core/../key.ui/examples/standard_key/java_dl/reverseArray2.key 
500470     DEBUG main            d.u.i.k.p.i.AbstractProblemLoader Environment load took 171.8ns 
500472     INFO  main            d.u.i.k.p.i.AbstractProblemLoader Creating init config 
500496     WARN  main            d.u.i.k.j.r.KeYCrossReferenceNameInfo Datatype java.io.InputStream declared twice: Once in FILE:/home/runner/work/key/key/key.core/../key.ui/examples/standard_key/java_dl/classpath/InputStream.java and once in URL:file:/home/runner/work/key/key/key.core/build/resources/main/de/uka/ilkd/key/java/JavaRedux/java/io/InputStream.java, Keeping one from URL:file:/home/runner/work/key/key/key.core/build/resources/main/de/uka/ilkd/key/java/JavaRedux/java/io/InputStream.java 
500496     WARN  main            d.u.i.k.j.r.KeYCrossReferenceNameInfo Datatype java.lang.System declared twice: Once in FILE:/home/runner/work/key/key/key.core/../key.ui/examples/standard_key/java_dl/classpath/System.java and once in URL:file:/home/runner/work/key/key/key.core/build/resources/main/de/uka/ilkd/key/java/JavaRedux/java/lang/System.java, Keeping one from URL:file:/home/runner/work/key/key/key.core/build/resources/main/de/uka/ilkd/key/java/JavaRedux/java/lang/System.java 
500497     WARN  main            d.u.i.k.j.r.KeYCrossReferenceNameInfo Datatype java.io.PrintStream declared twice: Once in FILE:/home/runner/work/key/key/key.core/../key.ui/examples/standard_key/java_dl/classpath/PrintStream.java and once in URL:file:/home/runner/work/key/key/key.core/build/resources/main/de/uka/ilkd/key/java/JavaRedux/java/io/PrintStream.java, Keeping one from URL:file:/home/runner/work/key/key/key.core/build/resources/main/de/uka/ilkd/key/java/JavaRedux/java/io/PrintStream.java 
500501     DEBUG main            d.u.i.k.j.r.ClassFileDeclarationBuilder Parsing: package java.io; public class Closeable { } 
500501     DEBUG main            r.s.KeYCrossReferenceSourceInfo Dynamically created class: java.io.Closeable 
503531     DEBUG main            d.u.i.k.p.i.AbstractProblemLoader Init config took 3.06s 
503548     INFO  main            d.u.i.k.p.i.AbstractProblemLoader Replaying proof reverseArray2.key 
503550     DEBUG main            d.u.i.k.p.i.IntermediateProofReplayer Proof replay took 44ns 
505060     INFO  main            d.u.i.k.p.r.p.TestFile    ... finished proof: closed. 
505702     INFO  main            d.u.i.k.p.i.AbstractProblemLoader Loading environment from /home/runner/work/key/key/key.core/../key.ui/examples/standard_key/java_dl/reverseArray2.key.proof 
505702     DEBUG main            d.u.i.k.p.i.AbstractProblemLoader Environment load took 89.5ns 
505703     INFO  main            d.u.i.k.p.i.AbstractProblemLoader Creating init config 
505730     WARN  main            d.u.i.k.j.r.KeYCrossReferenceNameInfo Datatype java.io.InputStream declared twice: Once in FILE:/home/runner/work/key/key/key.core/../key.ui/examples/standard_key/java_dl/classpath/InputStream.java and once in URL:file:/home/runner/work/key/key/key.core/build/resources/main/de/uka/ilkd/key/java/JavaRedux/java/io/InputStream.java, Keeping one from URL:file:/home/runner/work/key/key/key.core/build/resources/main/de/uka/ilkd/key/java/JavaRedux/java/io/InputStream.java 
505730     WARN  main            d.u.i.k.j.r.KeYCrossReferenceNameInfo Datatype java.lang.System declared twice: Once in FILE:/home/runner/work/key/key/key.core/../key.ui/examples/standard_key/java_dl/classpath/System.java and once in URL:file:/home/runner/work/key/key/key.core/build/resources/main/de/uka/ilkd/key/java/JavaRedux/java/lang/System.java, Keeping one from URL:file:/home/runner/work/key/key/key.core/build/resources/main/de/uka/ilkd/key/java/JavaRedux/java/lang/System.java 
505730     WARN  main            d.u.i.k.j.r.KeYCrossReferenceNameInfo Datatype java.io.PrintStream declared twice: Once in FILE:/home/runner/work/key/key/key.core/../key.ui/examples/standard_key/java_dl/classpath/PrintStream.java and once in URL:file:/home/runner/work/key/key/key.core/build/resources/main/de/uka/ilkd/key/java/JavaRedux/java/io/PrintStream.java, Keeping one from URL:file:/home/runner/work/key/key/key.core/build/resources/main/de/uka/ilkd/key/java/JavaRedux/java/io/PrintStream.java 
505736     DEBUG main            d.u.i.k.j.r.ClassFileDeclarationBuilder Parsing: package java.io; public class Closeable { } 
505736     DEBUG main            r.s.KeYCrossReferenceSourceInfo Dynamically created class: java.io.Closeable 
508634     DEBUG main            d.u.i.k.p.i.AbstractProblemLoader Init config took 2.93s 
508652     INFO  main            d.u.i.k.p.i.AbstractProblemLoader Replaying proof reverseArray2.key.proof 
508907     DEBUG main            d.u.i.k.p.i.IntermediateProofReplayer Proof replay took 250.49ms 
508908     DEBUG main            d.u.i.k.p.r.p.TestFile    ... success: reloaded. 
508909     INFO  main            d.u.i.k.p.r.p.TestFile    Now processing file /home/runner/work/key/key/key.core/../key.ui/examples/standard_key/java_dl/simpleAssignment.key 
508909     INFO  main            d.u.i.k.p.i.AbstractProblemLoader Loading environment from /home/runner/work/key/key/key.core/../key.ui/examples/standard_key/java_dl/simpleAssignment.key 
508909     DEBUG main            d.u.i.k.p.i.AbstractProblemLoader Environment load took 47.8ns 
508910     INFO  main            d.u.i.k.p.i.AbstractProblemLoader Creating init config 
511682     DEBUG main            d.u.i.k.p.i.AbstractProblemLoader Init config took 2.77s 
511698     INFO  main            d.u.i.k.p.i.AbstractProblemLoader Replaying proof simpleAssignment.key 
511699     DEBUG main            d.u.i.k.p.i.IntermediateProofReplayer Proof replay took 3.4ns 
511802     INFO  main            d.u.i.k.p.r.p.TestFile    ... finished proof: closed. 
512402     INFO  main            d.u.i.k.p.i.AbstractProblemLoader Loading environment from /home/runner/work/key/key/key.core/../key.ui/examples/standard_key/java_dl/simpleAssignment.key.proof 
512402     DEBUG main            d.u.i.k.p.i.AbstractProblemLoader Environment load took 90.4ns 
512403     INFO  main            d.u.i.k.p.i.AbstractProblemLoader Creating init config 
515117     DEBUG main            d.u.i.k.p.i.AbstractProblemLoader Init config took 2.71s 
515133     INFO  main            d.u.i.k.p.i.AbstractProblemLoader Replaying proof simpleAssignment.key.proof 
515135     DEBUG main            d.u.i.k.p.i.IntermediateProofReplayer Proof replay took 721.82ns 
515136     DEBUG main            d.u.i.k.p.r.p.TestFile    ... success: reloaded. 
515136     INFO  main            d.u.i.k.p.r.p.TestFile    Now processing file /home/runner/work/key/key/key.core/../key.ui/examples/standard_key/java_dl/simpleAssignment2.key 
515137     INFO  main            d.u.i.k.p.i.AbstractProblemLoader Loading environment from /home/runner/work/key/key/key.core/../key.ui/examples/standard_key/java_dl/simpleAssignment2.key 
515137     DEBUG main            d.u.i.k.p.i.AbstractProblemLoader Environment load took 59.4ns 
515138     INFO  main            d.u.i.k.p.i.AbstractProblemLoader Creating init config 
517861     DEBUG main            d.u.i.k.p.i.AbstractProblemLoader Init config took 2.72s 
517877     INFO  main            d.u.i.k.p.i.AbstractProblemLoader Replaying proof simpleAssignment2.key 
517878     DEBUG main            d.u.i.k.p.i.IntermediateProofReplayer Proof replay took 19.4ns 
517980     INFO  main            d.u.i.k.p.r.p.TestFile    ... finished proof: closed. 
518519     INFO  main            d.u.i.k.p.i.AbstractProblemLoader Loading environment from /home/runner/work/key/key/key.core/../key.ui/examples/standard_key/java_dl/simpleAssignment2.key.proof 
518519     DEBUG main            d.u.i.k.p.i.AbstractProblemLoader Environment load took 80.3ns 
518520     INFO  main            d.u.i.k.p.i.AbstractProblemLoader Creating init config 
521242     DEBUG main            d.u.i.k.p.i.AbstractProblemLoader Init config took 2.72s 
521257     INFO  main            d.u.i.k.p.i.AbstractProblemLoader Replaying proof simpleAssignment2.key.proof 
521259     DEBUG main            d.u.i.k.p.i.IntermediateProofReplayer Proof replay took 438.11ns 
521260     DEBUG main            d.u.i.k.p.r.p.TestFile    ... success: reloaded. 
521260     INFO  main            d.u.i.k.p.r.p.TestFile    Now processing file /home/runner/work/key/key/key.core/../key.ui/examples/standard_key/java_dl/splittingWithQueries.key 
521260     INFO  main            d.u.i.k.p.i.AbstractProblemLoader Loading environment from /home/runner/work/key/key/key.core/../key.ui/examples/standard_key/java_dl/splittingWithQueries.key 
521260     DEBUG main            d.u.i.k.p.i.AbstractProblemLoader Environment load took 63.7ns 
521261     INFO  main            d.u.i.k.p.i.AbstractProblemLoader Creating init config 
524213     DEBUG main            d.u.i.k.p.i.AbstractProblemLoader Init config took 2.95s 
524229     INFO  main            d.u.i.k.p.i.AbstractProblemLoader Replaying proof splittingWithQueries.key 
524231     DEBUG main            d.u.i.k.p.i.IntermediateProofReplayer Proof replay took 3.1ns 
524333     INFO  main            d.u.i.k.p.r.p.TestFile    ... finished proof: closed. 
524876     INFO  main            d.u.i.k.p.i.AbstractProblemLoader Loading environment from /home/runner/work/key/key/key.core/../key.ui/examples/standard_key/java_dl/splittingWithQueries.key.proof 
524876     DEBUG main            d.u.i.k.p.i.AbstractProblemLoader Environment load took 91.3ns 
524878     INFO  main            d.u.i.k.p.i.AbstractProblemLoader Creating init config 
527818     DEBUG main            d.u.i.k.p.i.AbstractProblemLoader Init config took 2.94s 
527833     INFO  main            d.u.i.k.p.i.AbstractProblemLoader Replaying proof splittingWithQueries.key.proof 
527836     DEBUG main            d.u.i.k.p.i.IntermediateProofReplayer Proof replay took 1.8ms 
527837     DEBUG main            d.u.i.k.p.r.p.TestFile    ... success: reloaded. 
527838     INFO  main            d.u.i.k.p.r.p.TestFile    Now processing file /home/runner/work/key/key/key.core/../key.ui/examples/standard_key/java_dl/strassen/strassen.key 
527839     INFO  main            d.u.i.k.p.i.AbstractProblemLoader Loading environment from /home/runner/work/key/key/key.core/../key.ui/examples/standard_key/java_dl/strassen/strassen.key 
527839     DEBUG main            d.u.i.k.p.i.AbstractProblemLoader Environment load took 159.4ns 
527840     INFO  main            d.u.i.k.p.i.AbstractProblemLoader Creating init config 
530761     DEBUG main            d.u.i.k.p.i.AbstractProblemLoader Init config took 2.92s 
530802     INFO  main            d.u.i.k.p.i.AbstractProblemLoader Replaying proof Matrix22[Matrix22::strassen(Matrix22,Matrix22)].JML normal_behavior operation contract.0 
530803     DEBUG main            d.u.i.k.p.i.IntermediateProofReplayer Proof replay took 3.2ns 
536652     INFO  main            d.u.i.k.p.r.p.TestFile    ... finished proof: closed. 
537353     INFO  main            d.u.i.k.p.i.AbstractProblemLoader Loading environment from /home/runner/work/key/key/key.core/../key.ui/examples/standard_key/java_dl/strassen/strassen.key.proof 
537353     DEBUG main            d.u.i.k.p.i.AbstractProblemLoader Environment load took 331.61ns 
537355     INFO  main            d.u.i.k.p.i.AbstractProblemLoader Creating init config 
540292     DEBUG main            d.u.i.k.p.i.AbstractProblemLoader Init config took 2.94s 
540345     INFO  main            d.u.i.k.p.i.AbstractProblemLoader Replaying proof Matrix22[Matrix22::strassen(Matrix22,Matrix22)].JML normal_behavior operation contract.0 
541204     DEBUG main            d.u.i.k.p.i.IntermediateProofReplayer Proof replay took 848.71ms 
541206     DEBUG main            d.u.i.k.p.r.p.TestFile    ... success: reloaded. 
541207     INFO  main            d.u.i.k.p.r.p.TestFile    Now processing file /home/runner/work/key/key/key.core/../key.ui/examples/standard_key/java_dl/symmArray.key 
541207     INFO  main            d.u.i.k.p.i.AbstractProblemLoader Loading environment from /home/runner/work/key/key/key.core/../key.ui/examples/standard_key/java_dl/symmArray.key 
541207     DEBUG main            d.u.i.k.p.i.AbstractProblemLoader Environment load took 89ns 
541210     INFO  main            d.u.i.k.p.i.AbstractProblemLoader Creating init config 
544185     DEBUG main            d.u.i.k.p.i.AbstractProblemLoader Init config took 2.97s 
544202     INFO  main            d.u.i.k.p.i.AbstractProblemLoader Replaying proof symmArray.key 
544204     DEBUG main            d.u.i.k.p.i.IntermediateProofReplayer Proof replay took 2.9ns 
656848     INFO  main            d.u.i.k.p.r.p.TestFile    ... finished proof: closed. 
657514     INFO  main            d.u.i.k.p.i.AbstractProblemLoader Loading environment from /home/runner/work/key/key/key.core/../key.ui/examples/standard_key/java_dl/symmArray.key.proof 
657514     DEBUG main            d.u.i.k.p.i.AbstractProblemLoader Environment load took 332.61ns 
657521     INFO  main            d.u.i.k.p.i.AbstractProblemLoader Creating init config 
660370     DEBUG main            d.u.i.k.p.i.AbstractProblemLoader Init config took 2.85s 
660388     INFO  main            d.u.i.k.p.i.AbstractProblemLoader Replaying proof symmArray.key.proof 
661687     DEBUG main            d.u.i.k.p.i.IntermediateProofReplayer Proof replay took 1.24s 
661693     DEBUG main            d.u.i.k.p.r.p.TestFile    ... success: reloaded. 
661694     INFO  main            d.u.i.k.p.r.p.TestFile    Now processing file /home/runner/work/key/key/key.core/../key.ui/examples/standard_key/java_dl/testcontext.key 
661694     INFO  main            d.u.i.k.p.i.AbstractProblemLoader Loading environment from /home/runner/work/key/key/key.core/../key.ui/examples/standard_key/java_dl/testcontext.key 
661694     DEBUG main            d.u.i.k.p.i.AbstractProblemLoader Environment load took 77.7ns 
661695     INFO  main            d.u.i.k.p.i.AbstractProblemLoader Creating init config 
661717     WARN  main            d.u.i.k.j.r.KeYCrossReferenceNameInfo Datatype java.io.InputStream declared twice: Once in FILE:/home/runner/work/key/key/key.core/../key.ui/examples/standard_key/java_dl/classpath/InputStream.java and once in URL:file:/home/runner/work/key/key/key.core/build/resources/main/de/uka/ilkd/key/java/JavaRedux/java/io/InputStream.java, Keeping one from URL:file:/home/runner/work/key/key/key.core/build/resources/main/de/uka/ilkd/key/java/JavaRedux/java/io/InputStream.java 
661717     WARN  main            d.u.i.k.j.r.KeYCrossReferenceNameInfo Datatype java.lang.System declared twice: Once in FILE:/home/runner/work/key/key/key.core/../key.ui/examples/standard_key/java_dl/classpath/System.java and once in URL:file:/home/runner/work/key/key/key.core/build/resources/main/de/uka/ilkd/key/java/JavaRedux/java/lang/System.java, Keeping one from URL:file:/home/runner/work/key/key/key.core/build/resources/main/de/uka/ilkd/key/java/JavaRedux/java/lang/System.java 
661717     WARN  main            d.u.i.k.j.r.KeYCrossReferenceNameInfo Datatype java.io.PrintStream declared twice: Once in FILE:/home/runner/work/key/key/key.core/../key.ui/examples/standard_key/java_dl/classpath/PrintStream.java and once in URL:file:/home/runner/work/key/key/key.core/build/resources/main/de/uka/ilkd/key/java/JavaRedux/java/io/PrintStream.java, Keeping one from URL:file:/home/runner/work/key/key/key.core/build/resources/main/de/uka/ilkd/key/java/JavaRedux/java/io/PrintStream.java 
661721     DEBUG main            d.u.i.k.j.r.ClassFileDeclarationBuilder Parsing: package java.io; public class Closeable { } 
661721     DEBUG main            r.s.KeYCrossReferenceSourceInfo Dynamically created class: java.io.Closeable 
664696     DEBUG main            d.u.i.k.p.i.AbstractProblemLoader Init config took 3s 
664712     INFO  main            d.u.i.k.p.i.AbstractProblemLoader Replaying proof testcontext.key 
664714     DEBUG main            d.u.i.k.p.i.IntermediateProofReplayer Proof replay took 2.6ns 
665016     INFO  main            d.u.i.k.p.r.p.TestFile    ... finished proof: closed. 
665749     INFO  main            d.u.i.k.p.i.AbstractProblemLoader Loading environment from /home/runner/work/key/key/key.core/../key.ui/examples/standard_key/java_dl/testcontext.key.proof 
665749     DEBUG main            d.u.i.k.p.i.AbstractProblemLoader Environment load took 81.7ns 
665751     INFO  main            d.u.i.k.p.i.AbstractProblemLoader Creating init config 
665774     WARN  main            d.u.i.k.j.r.KeYCrossReferenceNameInfo Datatype java.io.InputStream declared twice: Once in FILE:/home/runner/work/key/key/key.core/../key.ui/examples/standard_key/java_dl/classpath/InputStream.java and once in URL:file:/home/runner/work/key/key/key.core/build/resources/main/de/uka/ilkd/key/java/JavaRedux/java/io/InputStream.java, Keeping one from URL:file:/home/runner/work/key/key/key.core/build/resources/main/de/uka/ilkd/key/java/JavaRedux/java/io/InputStream.java 
665774     WARN  main            d.u.i.k.j.r.KeYCrossReferenceNameInfo Datatype java.lang.System declared twice: Once in FILE:/home/runner/work/key/key/key.core/../key.ui/examples/standard_key/java_dl/classpath/System.java and once in URL:file:/home/runner/work/key/key/key.core/build/resources/main/de/uka/ilkd/key/java/JavaRedux/java/lang/System.java, Keeping one from URL:file:/home/runner/work/key/key/key.core/build/resources/main/de/uka/ilkd/key/java/JavaRedux/java/lang/System.java 
665774     WARN  main            d.u.i.k.j.r.KeYCrossReferenceNameInfo Datatype java.io.PrintStream declared twice: Once in FILE:/home/runner/work/key/key/key.core/../key.ui/examples/standard_key/java_dl/classpath/PrintStream.java and once in URL:file:/home/runner/work/key/key/key.core/build/resources/main/de/uka/ilkd/key/java/JavaRedux/java/io/PrintStream.java, Keeping one from URL:file:/home/runner/work/key/key/key.core/build/resources/main/de/uka/ilkd/key/java/JavaRedux/java/io/PrintStream.java 
665778     DEBUG main            d.u.i.k.j.r.ClassFileDeclarationBuilder Parsing: package java.io; public class Closeable { } 
665779     DEBUG main            r.s.KeYCrossReferenceSourceInfo Dynamically created class: java.io.Closeable 
668538     DEBUG main            d.u.i.k.p.i.AbstractProblemLoader Init config took 2.79s 
668555     INFO  main            d.u.i.k.p.i.AbstractProblemLoader Replaying proof testcontext.key.proof 
668619     DEBUG main            d.u.i.k.p.i.IntermediateProofReplayer Proof replay took 62.35ms 
668621     DEBUG main            d.u.i.k.p.r.p.TestFile    ... success: reloaded. 
668621     INFO  main            d.u.i.k.p.r.p.TestFile    Now processing file /home/runner/work/key/key/key.core/../key.ui/examples/standard_key/staticInitialisation/cascadeStaticInitialisation.key 
668621     INFO  main            d.u.i.k.p.i.AbstractProblemLoader Loading environment from /home/runner/work/key/key/key.core/../key.ui/examples/standard_key/staticInitialisation/cascadeStaticInitialisation.key 
668621     DEBUG main            d.u.i.k.p.i.AbstractProblemLoader Environment load took 40.1ns 
668624     INFO  main            d.u.i.k.p.i.AbstractProblemLoader Creating init config 
668645     WARN  main            d.u.i.k.j.r.KeYCrossReferenceNameInfo Datatype java.lang.System declared twice: Once in FILE:/home/runner/work/key/key/key.core/../key.ui/examples/standard_key/staticInitialisation/classpath/System.java and once in URL:file:/home/runner/work/key/key/key.core/build/resources/main/de/uka/ilkd/key/java/JavaRedux/java/lang/System.java, Keeping one from URL:file:/home/runner/work/key/key/key.core/build/resources/main/de/uka/ilkd/key/java/JavaRedux/java/lang/System.java 
668645     WARN  main            d.u.i.k.j.r.KeYCrossReferenceNameInfo Datatype java.io.PrintStream declared twice: Once in FILE:/home/runner/work/key/key/key.core/../key.ui/examples/standard_key/staticInitialisation/classpath/PrintStream.java and once in URL:file:/home/runner/work/key/key/key.core/build/resources/main/de/uka/ilkd/key/java/JavaRedux/java/io/PrintStream.java, Keeping one from URL:file:/home/runner/work/key/key/key.core/build/resources/main/de/uka/ilkd/key/java/JavaRedux/java/io/PrintStream.java 
671477     DEBUG main            d.u.i.k.p.i.AbstractProblemLoader Init config took 2.85s 
671494     INFO  main            d.u.i.k.p.i.AbstractProblemLoader Replaying proof cascadeStaticInitialisation.key 
671495     DEBUG main            d.u.i.k.p.i.IntermediateProofReplayer Proof replay took 2.5ns 
672202     INFO  main            d.u.i.k.p.r.p.TestFile    ... finished proof: closed. 
672830     INFO  main            d.u.i.k.p.i.AbstractProblemLoader Loading environment from /home/runner/work/key/key/key.core/../key.ui/examples/standard_key/staticInitialisation/cascadeStaticInitialisation.key.proof 
672830     DEBUG main            d.u.i.k.p.i.AbstractProblemLoader Environment load took 79.2ns 
672831     INFO  main            d.u.i.k.p.i.AbstractProblemLoader Creating init config 
672854     WARN  main            d.u.i.k.j.r.KeYCrossReferenceNameInfo Datatype java.lang.System declared twice: Once in FILE:/home/runner/work/key/key/key.core/../key.ui/examples/standard_key/staticInitialisation/classpath/System.java and once in URL:file:/home/runner/work/key/key/key.core/build/resources/main/de/uka/ilkd/key/java/JavaRedux/java/lang/System.java, Keeping one from URL:file:/home/runner/work/key/key/key.core/build/resources/main/de/uka/ilkd/key/java/JavaRedux/java/lang/System.java 
672854     WARN  main            d.u.i.k.j.r.KeYCrossReferenceNameInfo Datatype java.io.PrintStream declared twice: Once in FILE:/home/runner/work/key/key/key.core/../key.ui/examples/standard_key/staticInitialisation/classpath/PrintStream.java and once in URL:file:/home/runner/work/key/key/key.core/build/resources/main/de/uka/ilkd/key/java/JavaRedux/java/io/PrintStream.java, Keeping one from URL:file:/home/runner/work/key/key/key.core/build/resources/main/de/uka/ilkd/key/java/JavaRedux/java/io/PrintStream.java 
675562     DEBUG main            d.u.i.k.p.i.AbstractProblemLoader Init config took 2.73s 
675579     INFO  main            d.u.i.k.p.i.AbstractProblemLoader Replaying proof cascadeStaticInitialisation.key.proof 
675744     DEBUG main            d.u.i.k.p.i.IntermediateProofReplayer Proof replay took 162.39ms 
675745     DEBUG main            d.u.i.k.p.r.p.TestFile    ... success: reloaded. 
675746     INFO  main            d.u.i.k.p.r.p.TestFile    Now processing file /home/runner/work/key/key/key.core/../key.ui/examples/standard_key/staticInitialisation/erroneousClassImpliesErroneousSubclass.key 
675746     INFO  main            d.u.i.k.p.i.AbstractProblemLoader Loading environment from /home/runner/work/key/key/key.core/../key.ui/examples/standard_key/staticInitialisation/erroneousClassImpliesErroneousSubclass.key 
675746     DEBUG main            d.u.i.k.p.i.AbstractProblemLoader Environment load took 68.9ns 
675747     INFO  main            d.u.i.k.p.i.AbstractProblemLoader Creating init config 
675769     WARN  main            d.u.i.k.j.r.KeYCrossReferenceNameInfo Datatype java.lang.System declared twice: Once in FILE:/home/runner/work/key/key/key.core/../key.ui/examples/standard_key/staticInitialisation/classpath/System.java and once in URL:file:/home/runner/work/key/key/key.core/build/resources/main/de/uka/ilkd/key/java/JavaRedux/java/lang/System.java, Keeping one from URL:file:/home/runner/work/key/key/key.core/build/resources/main/de/uka/ilkd/key/java/JavaRedux/java/lang/System.java 
675769     WARN  main            d.u.i.k.j.r.KeYCrossReferenceNameInfo Datatype java.io.PrintStream declared twice: Once in FILE:/home/runner/work/key/key/key.core/../key.ui/examples/standard_key/staticInitialisation/classpath/PrintStream.java and once in URL:file:/home/runner/work/key/key/key.core/build/resources/main/de/uka/ilkd/key/java/JavaRedux/java/io/PrintStream.java, Keeping one from URL:file:/home/runner/work/key/key/key.core/build/resources/main/de/uka/ilkd/key/java/JavaRedux/java/io/PrintStream.java 
678564     DEBUG main            d.u.i.k.p.i.AbstractProblemLoader Init config took 2.82s 
678579     INFO  main            d.u.i.k.p.i.AbstractProblemLoader Replaying proof erroneousClassImpliesErroneousSubclass.key 
678580     DEBUG main            d.u.i.k.p.i.IntermediateProofReplayer Proof replay took 2.3ns 
678682     INFO  main            d.u.i.k.p.r.p.TestFile    ... finished proof: closed. 
679313     INFO  main            d.u.i.k.p.i.AbstractProblemLoader Loading environment from /home/runner/work/key/key/key.core/../key.ui/examples/standard_key/staticInitialisation/erroneousClassImpliesErroneousSubclass.key.proof 
679313     DEBUG main            d.u.i.k.p.i.AbstractProblemLoader Environment load took 75ns 
679314     INFO  main            d.u.i.k.p.i.AbstractProblemLoader Creating init config 
679336     WARN  main            d.u.i.k.j.r.KeYCrossReferenceNameInfo Datatype java.lang.System declared twice: Once in FILE:/home/runner/work/key/key/key.core/../key.ui/examples/standard_key/staticInitialisation/classpath/System.java and once in URL:file:/home/runner/work/key/key/key.core/build/resources/main/de/uka/ilkd/key/java/JavaRedux/java/lang/System.java, Keeping one from URL:file:/home/runner/work/key/key/key.core/build/resources/main/de/uka/ilkd/key/java/JavaRedux/java/lang/System.java 
679336     WARN  main            d.u.i.k.j.r.KeYCrossReferenceNameInfo Datatype java.io.PrintStream declared twice: Once in FILE:/home/runner/work/key/key/key.core/../key.ui/examples/standard_key/staticInitialisation/classpath/PrintStream.java and once in URL:file:/home/runner/work/key/key/key.core/build/resources/main/de/uka/ilkd/key/java/JavaRedux/java/io/PrintStream.java, Keeping one from URL:file:/home/runner/work/key/key/key.core/build/resources/main/de/uka/ilkd/key/java/JavaRedux/java/io/PrintStream.java 
682122     DEBUG main            d.u.i.k.p.i.AbstractProblemLoader Init config took 2.81s 
682137     INFO  main            d.u.i.k.p.i.AbstractProblemLoader Replaying proof erroneousClassImpliesErroneousSubclass.key.proof 
682139     DEBUG main            d.u.i.k.p.i.IntermediateProofReplayer Proof replay took 511.61ns 
682140     DEBUG main            d.u.i.k.p.r.p.TestFile    ... success: reloaded. 
682141     INFO  main            d.u.i.k.p.r.p.TestFile    Now processing file /home/runner/work/key/key/key.core/../key.ui/examples/standard_key/staticInitialisation/initializedSubclassImpliesInitializedSuperclass.key 
682141     INFO  main            d.u.i.k.p.i.AbstractProblemLoader Loading environment from /home/runner/work/key/key/key.core/../key.ui/examples/standard_key/staticInitialisation/initializedSubclassImpliesInitializedSuperclass.key 
682141     DEBUG main            d.u.i.k.p.i.AbstractProblemLoader Environment load took 56.5ns 
682142     INFO  main            d.u.i.k.p.i.AbstractProblemLoader Creating init config 
682162     WARN  main            d.u.i.k.j.r.KeYCrossReferenceNameInfo Datatype java.lang.System declared twice: Once in FILE:/home/runner/work/key/key/key.core/../key.ui/examples/standard_key/staticInitialisation/classpath/System.java and once in URL:file:/home/runner/work/key/key/key.core/build/resources/main/de/uka/ilkd/key/java/JavaRedux/java/lang/System.java, Keeping one from URL:file:/home/runner/work/key/key/key.core/build/resources/main/de/uka/ilkd/key/java/JavaRedux/java/lang/System.java 
682162     WARN  main            d.u.i.k.j.r.KeYCrossReferenceNameInfo Datatype java.io.PrintStream declared twice: Once in FILE:/home/runner/work/key/key/key.core/../key.ui/examples/standard_key/staticInitialisation/classpath/PrintStream.java and once in URL:file:/home/runner/work/key/key/key.core/build/resources/main/de/uka/ilkd/key/java/JavaRedux/java/io/PrintStream.java, Keeping one from URL:file:/home/runner/work/key/key/key.core/build/resources/main/de/uka/ilkd/key/java/JavaRedux/java/io/PrintStream.java 
684941     DEBUG main            d.u.i.k.p.i.AbstractProblemLoader Init config took 2.8s 
684956     INFO  main            d.u.i.k.p.i.AbstractProblemLoader Replaying proof initializedSubclassImpliesInitializedSuperclass.key 
684957     DEBUG main            d.u.i.k.p.i.IntermediateProofReplayer Proof replay took 2.7ns 
685087     INFO  main            d.u.i.k.p.r.p.TestFile    ... finished proof: closed. 
685657     INFO  main            d.u.i.k.p.i.AbstractProblemLoader Loading environment from /home/runner/work/key/key/key.core/../key.ui/examples/standard_key/staticInitialisation/initializedSubclassImpliesInitializedSuperclass.key.proof 
685657     DEBUG main            d.u.i.k.p.i.AbstractProblemLoader Environment load took 70.1ns 
685658     INFO  main            d.u.i.k.p.i.AbstractProblemLoader Creating init config 
685679     WARN  main            d.u.i.k.j.r.KeYCrossReferenceNameInfo Datatype java.lang.System declared twice: Once in FILE:/home/runner/work/key/key/key.core/../key.ui/examples/standard_key/staticInitialisation/classpath/System.java and once in URL:file:/home/runner/work/key/key/key.core/build/resources/main/de/uka/ilkd/key/java/JavaRedux/java/lang/System.java, Keeping one from URL:file:/home/runner/work/key/key/key.core/build/resources/main/de/uka/ilkd/key/java/JavaRedux/java/lang/System.java 
685679     WARN  main            d.u.i.k.j.r.KeYCrossReferenceNameInfo Datatype java.io.PrintStream declared twice: Once in FILE:/home/runner/work/key/key/key.core/../key.ui/examples/standard_key/staticInitialisation/classpath/PrintStream.java and once in URL:file:/home/runner/work/key/key/key.core/build/resources/main/de/uka/ilkd/key/java/JavaRedux/java/io/PrintStream.java, Keeping one from URL:file:/home/runner/work/key/key/key.core/build/resources/main/de/uka/ilkd/key/java/JavaRedux/java/io/PrintStream.java 
688497     DEBUG main            d.u.i.k.p.i.AbstractProblemLoader Init config took 2.84s 
688512     INFO  main            d.u.i.k.p.i.AbstractProblemLoader Replaying proof initializedSubclassImpliesInitializedSuperclass.key.proof 
688517     DEBUG main            d.u.i.k.p.i.IntermediateProofReplayer Proof replay took 556.61ns 
688518     DEBUG main            d.u.i.k.p.r.p.TestFile    ... success: reloaded. 
688519     INFO  main            d.u.i.k.p.r.p.TestFile    Now processing file /home/runner/work/key/key/key.core/../key.ui/examples/standard_key/staticInitialisation/localDeclared.key 
688519     INFO  main            d.u.i.k.p.i.AbstractProblemLoader Loading environment from /home/runner/work/key/key/key.core/../key.ui/examples/standard_key/staticInitialisation/localDeclared.key 
688520     DEBUG main            d.u.i.k.p.i.AbstractProblemLoader Environment load took 248.51ns 
688522     INFO  main            d.u.i.k.p.i.AbstractProblemLoader Creating init config 
688544     WARN  main            d.u.i.k.j.r.KeYCrossReferenceNameInfo Datatype java.lang.System declared twice: Once in FILE:/home/runner/work/key/key/key.core/../key.ui/examples/standard_key/staticInitialisation/classpath/System.java and once in URL:file:/home/runner/work/key/key/key.core/build/resources/main/de/uka/ilkd/key/java/JavaRedux/java/lang/System.java, Keeping one from URL:file:/home/runner/work/key/key/key.core/build/resources/main/de/uka/ilkd/key/java/JavaRedux/java/lang/System.java 
688544     WARN  main            d.u.i.k.j.r.KeYCrossReferenceNameInfo Datatype java.io.PrintStream declared twice: Once in FILE:/home/runner/work/key/key/key.core/../key.ui/examples/standard_key/staticInitialisation/classpath/PrintStream.java and once in URL:file:/home/runner/work/key/key/key.core/build/resources/main/de/uka/ilkd/key/java/JavaRedux/java/io/PrintStream.java, Keeping one from URL:file:/home/runner/work/key/key/key.core/build/resources/main/de/uka/ilkd/key/java/JavaRedux/java/io/PrintStream.java 
691308     DEBUG main            d.u.i.k.p.i.AbstractProblemLoader Init config took 2.79s 
691324     INFO  main            d.u.i.k.p.i.AbstractProblemLoader Replaying proof localDeclared.key 
691325     DEBUG main            d.u.i.k.p.i.IntermediateProofReplayer Proof replay took 2.7ns 
691628     INFO  main            d.u.i.k.p.r.p.TestFile    ... finished proof: closed. 
692205     INFO  main            d.u.i.k.p.i.AbstractProblemLoader Loading environment from /home/runner/work/key/key/key.core/../key.ui/examples/standard_key/staticInitialisation/localDeclared.key.proof 
692205     DEBUG main            d.u.i.k.p.i.AbstractProblemLoader Environment load took 78.3ns 
692206     INFO  main            d.u.i.k.p.i.AbstractProblemLoader Creating init config 
692227     WARN  main            d.u.i.k.j.r.KeYCrossReferenceNameInfo Datatype java.lang.System declared twice: Once in FILE:/home/runner/work/key/key/key.core/../key.ui/examples/standard_key/staticInitialisation/classpath/System.java and once in URL:file:/home/runner/work/key/key/key.core/build/resources/main/de/uka/ilkd/key/java/JavaRedux/java/lang/System.java, Keeping one from URL:file:/home/runner/work/key/key/key.core/build/resources/main/de/uka/ilkd/key/java/JavaRedux/java/lang/System.java 
692227     WARN  main            d.u.i.k.j.r.KeYCrossReferenceNameInfo Datatype java.io.PrintStream declared twice: Once in FILE:/home/runner/work/key/key/key.core/../key.ui/examples/standard_key/staticInitialisation/classpath/PrintStream.java and once in URL:file:/home/runner/work/key/key/key.core/build/resources/main/de/uka/ilkd/key/java/JavaRedux/java/io/PrintStream.java, Keeping one from URL:file:/home/runner/work/key/key/key.core/build/resources/main/de/uka/ilkd/key/java/JavaRedux/java/io/PrintStream.java 
694943     DEBUG main            d.u.i.k.p.i.AbstractProblemLoader Init config took 2.74s 
694959     INFO  main            d.u.i.k.p.i.AbstractProblemLoader Replaying proof localDeclared.key.proof 
695021     DEBUG main            d.u.i.k.p.i.IntermediateProofReplayer Proof replay took 60.34ms 
695022     DEBUG main            d.u.i.k.p.r.p.TestFile    ... success: reloaded. 
695023     INFO  main            d.u.i.k.p.r.p.TestFile    Now processing file /home/runner/work/key/key/key.core/../key.ui/examples/standard_key/staticInitialisation/localDeclaredMethod.key 
695023     INFO  main            d.u.i.k.p.i.AbstractProblemLoader Loading environment from /home/runner/work/key/key/key.core/../key.ui/examples/standard_key/staticInitialisation/localDeclaredMethod.key 
695023     DEBUG main            d.u.i.k.p.i.AbstractProblemLoader Environment load took 70.6ns 
695025     INFO  main            d.u.i.k.p.i.AbstractProblemLoader Creating init config 
695045     WARN  main            d.u.i.k.j.r.KeYCrossReferenceNameInfo Datatype java.lang.System declared twice: Once in FILE:/home/runner/work/key/key/key.core/../key.ui/examples/standard_key/staticInitialisation/classpath/System.java and once in URL:file:/home/runner/work/key/key/key.core/build/resources/main/de/uka/ilkd/key/java/JavaRedux/java/lang/System.java, Keeping one from URL:file:/home/runner/work/key/key/key.core/build/resources/main/de/uka/ilkd/key/java/JavaRedux/java/lang/System.java 
695045     WARN  main            d.u.i.k.j.r.KeYCrossReferenceNameInfo Datatype java.io.PrintStream declared twice: Once in FILE:/home/runner/work/key/key/key.core/../key.ui/examples/standard_key/staticInitialisation/classpath/PrintStream.java and once in URL:file:/home/runner/work/key/key/key.core/build/resources/main/de/uka/ilkd/key/java/JavaRedux/java/io/PrintStream.java, Keeping one from URL:file:/home/runner/work/key/key/key.core/build/resources/main/de/uka/ilkd/key/java/JavaRedux/java/io/PrintStream.java 
697887     DEBUG main            d.u.i.k.p.i.AbstractProblemLoader Init config took 2.86s 
697902     INFO  main            d.u.i.k.p.i.AbstractProblemLoader Replaying proof localDeclaredMethod.key 
697904     DEBUG main            d.u.i.k.p.i.IntermediateProofReplayer Proof replay took 2.4ns 
698208     INFO  main            d.u.i.k.p.r.p.TestFile    ... finished proof: closed. 
698811     INFO  main            d.u.i.k.p.i.AbstractProblemLoader Loading environment from /home/runner/work/key/key/key.core/../key.ui/examples/standard_key/staticInitialisation/localDeclaredMethod.key.proof 
698811     DEBUG main            d.u.i.k.p.i.AbstractProblemLoader Environment load took 106.5ns 
698812     INFO  main            d.u.i.k.p.i.AbstractProblemLoader Creating init config 
698834     WARN  main            d.u.i.k.j.r.KeYCrossReferenceNameInfo Datatype java.lang.System declared twice: Once in FILE:/home/runner/work/key/key/key.core/../key.ui/examples/standard_key/staticInitialisation/classpath/System.java and once in URL:file:/home/runner/work/key/key/key.core/build/resources/main/de/uka/ilkd/key/java/JavaRedux/java/lang/System.java, Keeping one from URL:file:/home/runner/work/key/key/key.core/build/resources/main/de/uka/ilkd/key/java/JavaRedux/java/lang/System.java 
698834     WARN  main            d.u.i.k.j.r.KeYCrossReferenceNameInfo Datatype java.io.PrintStream declared twice: Once in FILE:/home/runner/work/key/key/key.core/../key.ui/examples/standard_key/staticInitialisation/classpath/PrintStream.java and once in URL:file:/home/runner/work/key/key/key.core/build/resources/main/de/uka/ilkd/key/java/JavaRedux/java/io/PrintStream.java, Keeping one from URL:file:/home/runner/work/key/key/key.core/build/resources/main/de/uka/ilkd/key/java/JavaRedux/java/io/PrintStream.java 
701556     DEBUG main            d.u.i.k.p.i.AbstractProblemLoader Init config took 2.74s 
701572     INFO  main            d.u.i.k.p.i.AbstractProblemLoader Replaying proof localDeclaredMethod.key.proof 
701630     DEBUG main            d.u.i.k.p.i.IntermediateProofReplayer Proof replay took 56.82ms 
701632     DEBUG main            d.u.i.k.p.r.p.TestFile    ... success: reloaded. 
701633     INFO  main            d.u.i.k.p.r.p.TestFile    Now processing file /home/runner/work/key/key/key.core/../key.ui/examples/standard_key/staticInitialisation/objectOfErroneousClass.key 
701633     INFO  main            d.u.i.k.p.i.AbstractProblemLoader Loading environment from /home/runner/work/key/key/key.core/../key.ui/examples/standard_key/staticInitialisation/objectOfErroneousClass.key 
701633     DEBUG main            d.u.i.k.p.i.AbstractProblemLoader Environment load took 95.5ns 
701635     INFO  main            d.u.i.k.p.i.AbstractProblemLoader Creating init config 
701655     WARN  main            d.u.i.k.j.r.KeYCrossReferenceNameInfo Datatype java.lang.System declared twice: Once in FILE:/home/runner/work/key/key/key.core/../key.ui/examples/standard_key/staticInitialisation/classpath/System.java and once in URL:file:/home/runner/work/key/key/key.core/build/resources/main/de/uka/ilkd/key/java/JavaRedux/java/lang/System.java, Keeping one from URL:file:/home/runner/work/key/key/key.core/build/resources/main/de/uka/ilkd/key/java/JavaRedux/java/lang/System.java 
701655     WARN  main            d.u.i.k.j.r.KeYCrossReferenceNameInfo Datatype java.io.PrintStream declared twice: Once in FILE:/home/runner/work/key/key/key.core/../key.ui/examples/standard_key/staticInitialisation/classpath/PrintStream.java and once in URL:file:/home/runner/work/key/key/key.core/build/resources/main/de/uka/ilkd/key/java/JavaRedux/java/io/PrintStream.java, Keeping one from URL:file:/home/runner/work/key/key/key.core/build/resources/main/de/uka/ilkd/key/java/JavaRedux/java/io/PrintStream.java 
704395     DEBUG main            d.u.i.k.p.i.AbstractProblemLoader Init config took 2.76s 
704413     INFO  main            d.u.i.k.p.i.AbstractProblemLoader Replaying proof objectOfErroneousClass.key 
704415     DEBUG main            d.u.i.k.p.i.IntermediateProofReplayer Proof replay took 2.2ns 
719609     INFO  main            d.u.i.k.p.r.p.TestFile    ... finished proof: closed. 
720286     INFO  main            d.u.i.k.p.i.AbstractProblemLoader Loading environment from /home/runner/work/key/key/key.core/../key.ui/examples/standard_key/staticInitialisation/objectOfErroneousClass.key.proof 
720286     DEBUG main            d.u.i.k.p.i.AbstractProblemLoader Environment load took 325.11ns 
720293     INFO  main            d.u.i.k.p.i.AbstractProblemLoader Creating init config 
720315     WARN  main            d.u.i.k.j.r.KeYCrossReferenceNameInfo Datatype java.lang.System declared twice: Once in FILE:/home/runner/work/key/key/key.core/../key.ui/examples/standard_key/staticInitialisation/classpath/System.java and once in URL:file:/home/runner/work/key/key/key.core/build/resources/main/de/uka/ilkd/key/java/JavaRedux/java/lang/System.java, Keeping one from URL:file:/home/runner/work/key/key/key.core/build/resources/main/de/uka/ilkd/key/java/JavaRedux/java/lang/System.java 
720316     WARN  main            d.u.i.k.j.r.KeYCrossReferenceNameInfo Datatype java.io.PrintStream declared twice: Once in FILE:/home/runner/work/key/key/key.core/../key.ui/examples/standard_key/staticInitialisation/classpath/PrintStream.java and once in URL:file:/home/runner/work/key/key/key.core/build/resources/main/de/uka/ilkd/key/java/JavaRedux/java/io/PrintStream.java, Keeping one from URL:file:/home/runner/work/key/key/key.core/build/resources/main/de/uka/ilkd/key/java/JavaRedux/java/io/PrintStream.java 
723066     DEBUG main            d.u.i.k.p.i.AbstractProblemLoader Init config took 2.77s 
723083     INFO  main            d.u.i.k.p.i.AbstractProblemLoader Replaying proof objectOfErroneousClass.key.proof 
725504     DEBUG main            d.u.i.k.p.i.IntermediateProofReplayer Proof replay took 2.39s 
725508     DEBUG main            d.u.i.k.p.r.p.TestFile    ... success: reloaded. 
725509     INFO  main            d.u.i.k.p.r.p.TestFile    Now processing file /home/runner/work/key/key/key.core/../key.ui/examples/standard_key/staticInitialisation/staticInitialisersAreNonSimple.key 
725509     INFO  main            d.u.i.k.p.i.AbstractProblemLoader Loading environment from /home/runner/work/key/key/key.core/../key.ui/examples/standard_key/staticInitialisation/staticInitialisersAreNonSimple.key 
725509     DEBUG main            d.u.i.k.p.i.AbstractProblemLoader Environment load took 46.6ns 
725510     INFO  main            d.u.i.k.p.i.AbstractProblemLoader Creating init config 
725531     WARN  main            d.u.i.k.j.r.KeYCrossReferenceNameInfo Datatype java.lang.System declared twice: Once in FILE:/home/runner/work/key/key/key.core/../key.ui/examples/standard_key/staticInitialisation/classpath/System.java and once in URL:file:/home/runner/work/key/key/key.core/build/resources/main/de/uka/ilkd/key/java/JavaRedux/java/lang/System.java, Keeping one from URL:file:/home/runner/work/key/key/key.core/build/resources/main/de/uka/ilkd/key/java/JavaRedux/java/lang/System.java 
725531     WARN  main            d.u.i.k.j.r.KeYCrossReferenceNameInfo Datatype java.io.PrintStream declared twice: Once in FILE:/home/runner/work/key/key/key.core/../key.ui/examples/standard_key/staticInitialisation/classpath/PrintStream.java and once in URL:file:/home/runner/work/key/key/key.core/build/resources/main/de/uka/ilkd/key/java/JavaRedux/java/io/PrintStream.java, Keeping one from URL:file:/home/runner/work/key/key/key.core/build/resources/main/de/uka/ilkd/key/java/JavaRedux/java/io/PrintStream.java 
728466     DEBUG main            d.u.i.k.p.i.AbstractProblemLoader Init config took 2.96s 
728524     INFO  main            d.u.i.k.p.i.AbstractProblemLoader Replaying proof staticInitialisersAreNonSimple.key 
728525     DEBUG main            d.u.i.k.p.i.IntermediateProofReplayer Proof replay took 2.2ns 
728930     INFO  main            d.u.i.k.p.r.p.TestFile    ... finished proof: closed. 
729630     INFO  main            d.u.i.k.p.i.AbstractProblemLoader Loading environment from /home/runner/work/key/key/key.core/../key.ui/examples/standard_key/staticInitialisation/staticInitialisersAreNonSimple.key.proof 
729630     DEBUG main            d.u.i.k.p.i.AbstractProblemLoader Environment load took 64.2ns 
729632     INFO  main            d.u.i.k.p.i.AbstractProblemLoader Creating init config 
729652     WARN  main            d.u.i.k.j.r.KeYCrossReferenceNameInfo Datatype java.lang.System declared twice: Once in FILE:/home/runner/work/key/key/key.core/../key.ui/examples/standard_key/staticInitialisation/classpath/System.java and once in URL:file:/home/runner/work/key/key/key.core/build/resources/main/de/uka/ilkd/key/java/JavaRedux/java/lang/System.java, Keeping one from URL:file:/home/runner/work/key/key/key.core/build/resources/main/de/uka/ilkd/key/java/JavaRedux/java/lang/System.java 
729652     WARN  main            d.u.i.k.j.r.KeYCrossReferenceNameInfo Datatype java.io.PrintStream declared twice: Once in FILE:/home/runner/work/key/key/key.core/../key.ui/examples/standard_key/staticInitialisation/classpath/PrintStream.java and once in URL:file:/home/runner/work/key/key/key.core/build/resources/main/de/uka/ilkd/key/java/JavaRedux/java/io/PrintStream.java, Keeping one from URL:file:/home/runner/work/key/key/key.core/build/resources/main/de/uka/ilkd/key/java/JavaRedux/java/io/PrintStream.java 
732480     DEBUG main            d.u.i.k.p.i.AbstractProblemLoader Init config took 2.85s 
732497     INFO  main            d.u.i.k.p.i.AbstractProblemLoader Replaying proof staticInitialisersAreNonSimple.key.proof 
732582     DEBUG main            d.u.i.k.p.i.IntermediateProofReplayer Proof replay took 83.26ms 
732584     DEBUG main            d.u.i.k.p.r.p.TestFile    ... success: reloaded. 
732585     INFO  main            d.u.i.k.p.r.p.TestFile    Now processing file /home/runner/work/key/key/key.core/../key.ui/examples/standard_key/types/disjoint.key 
732585     INFO  main            d.u.i.k.p.i.AbstractProblemLoader Loading environment from /home/runner/work/key/key/key.core/../key.ui/examples/standard_key/types/disjoint.key 
732585     DEBUG main            d.u.i.k.p.i.AbstractProblemLoader Environment load took 86.5ns 
732586     INFO  main            d.u.i.k.p.i.AbstractProblemLoader Creating init config 
735291     DEBUG main            d.u.i.k.p.i.AbstractProblemLoader Init config took 2.71s 
735306     INFO  main            d.u.i.k.p.i.AbstractProblemLoader Replaying proof disjoint.key 
735308     DEBUG main            d.u.i.k.p.i.IntermediateProofReplayer Proof replay took 2.8ns 
735409     INFO  main            d.u.i.k.p.r.p.TestFile    ... finished proof: closed. 
736046     INFO  main            d.u.i.k.p.i.AbstractProblemLoader Loading environment from /home/runner/work/key/key/key.core/../key.ui/examples/standard_key/types/disjoint.key.proof 
736046     DEBUG main            d.u.i.k.p.i.AbstractProblemLoader Environment load took 75ns 
736047     INFO  main            d.u.i.k.p.i.AbstractProblemLoader Creating init config 
738681     DEBUG main            d.u.i.k.p.i.AbstractProblemLoader Init config took 2.63s 
738696     INFO  main            d.u.i.k.p.i.AbstractProblemLoader Replaying proof disjoint.key.proof 
738698     DEBUG main            d.u.i.k.p.i.IntermediateProofReplayer Proof replay took 492.11ns 
738698     DEBUG main            d.u.i.k.p.r.p.TestFile    ... success: reloaded. 
738699     INFO  main            d.u.i.k.p.r.p.TestFile    Now processing file /home/runner/work/key/key/key.core/../key.ui/examples/../../key.core/src/test/resources/testcase/classpath/classpath.key 
738699     INFO  main            d.u.i.k.p.i.AbstractProblemLoader Loading environment from /home/runner/work/key/key/key.core/../key.ui/examples/../../key.core/src/test/resources/testcase/classpath/classpath.key 
738699     DEBUG main            d.u.i.k.p.i.AbstractProblemLoader Environment load took 128.6ns 
738700     INFO  main            d.u.i.k.p.i.AbstractProblemLoader Creating init config 
738724     WARN  main            d.u.i.k.j.r.KeYCrossReferenceNameInfo Datatype cp.C declared twice: Once in FILE:/home/runner/work/key/key/key.core/../key.ui/examples/../../key.core/src/test/resources/testcase/classpath/classpath/C.class and once in FILE:/home/runner/work/key/key/key.core/../key.ui/examples/../../key.core/src/test/resources/testcase/classpath/classpath/C.jml, Keeping one from FILE:/home/runner/work/key/key/key.core/../key.ui/examples/../../key.core/src/test/resources/testcase/classpath/classpath/C.jml 
738727     DEBUG main            d.u.i.k.j.r.ClassFileDeclarationBuilder Parsing: package cp; public class Unresolved1 { } 
738728     DEBUG main            r.s.KeYCrossReferenceSourceInfo Dynamically created class: cp.Unresolved1 
738728     DEBUG main            d.u.i.k.j.r.ClassFileDeclarationBuilder Parsing: package cp; public class Unresolved2 { } 
738728     DEBUG main            r.s.KeYCrossReferenceSourceInfo Dynamically created class: cp.Unresolved2 
741618     DEBUG main            d.u.i.k.p.i.AbstractProblemLoader Init config took 2.92s 
741635     INFO  main            d.u.i.k.p.i.AbstractProblemLoader Replaying proof classpath.key 
741637     DEBUG main            d.u.i.k.p.i.IntermediateProofReplayer Proof replay took 3.5ns 
741740     INFO  main            d.u.i.k.p.r.p.TestFile    ... finished proof: closed. 
742372     INFO  main            d.u.i.k.p.i.AbstractProblemLoader Loading environment from /home/runner/work/key/key/key.core/../key.ui/examples/../../key.core/src/test/resources/testcase/classpath/classpath.key.proof 
742372     DEBUG main            d.u.i.k.p.i.AbstractProblemLoader Environment load took 90.3ns 
742373     INFO  main            d.u.i.k.p.i.AbstractProblemLoader Creating init config 
742401     WARN  main            d.u.i.k.j.r.KeYCrossReferenceNameInfo Datatype cp.C declared twice: Once in FILE:/home/runner/work/key/key/key.core/../key.ui/examples/../../key.core/src/test/resources/testcase/classpath/classpath/C.class and once in FILE:/home/runner/work/key/key/key.core/../key.ui/examples/../../key.core/src/test/resources/testcase/classpath/classpath/C.jml, Keeping one from FILE:/home/runner/work/key/key/key.core/../key.ui/examples/../../key.core/src/test/resources/testcase/classpath/classpath/C.jml 
742406     DEBUG main            d.u.i.k.j.r.ClassFileDeclarationBuilder Parsing: package cp; public class Unresolved1 { } 
742406     DEBUG main            r.s.KeYCrossReferenceSourceInfo Dynamically created class: cp.Unresolved1 
742406     DEBUG main            d.u.i.k.j.r.ClassFileDeclarationBuilder Parsing: package cp; public class Unresolved2 { } 
742406     DEBUG main            r.s.KeYCrossReferenceSourceInfo Dynamically created class: cp.Unresolved2 
745272     DEBUG main            d.u.i.k.p.i.AbstractProblemLoader Init config took 2.9s 
745291     INFO  main            d.u.i.k.p.i.AbstractProblemLoader Replaying proof classpath.key.proof 
745294     DEBUG main            d.u.i.k.p.i.IntermediateProofReplayer Proof replay took 557.91ns 
745296     DEBUG main            d.u.i.k.p.r.p.TestFile    ... success: reloaded. 
745296     INFO  main            d.u.i.k.p.r.p.TestFile    Now processing file /home/runner/work/key/key/key.core/../key.ui/examples/heap/inconsistent_represents/MyClass_m.key 
745297     INFO  main            d.u.i.k.p.i.AbstractProblemLoader Loading environment from /home/runner/work/key/key/key.core/../key.ui/examples/heap/inconsistent_represents/MyClass_m.key 
745297     DEBUG main            d.u.i.k.p.i.AbstractProblemLoader Environment load took 158.9ns 
745298     INFO  main            d.u.i.k.p.i.AbstractProblemLoader Creating init config 
748123     DEBUG main            d.u.i.k.p.i.AbstractProblemLoader Init config took 2.83s 
748163     INFO  main            d.u.i.k.p.i.AbstractProblemLoader Replaying proof MyClass[MyClass::m()].JML operation contract.0 
748165     DEBUG main            d.u.i.k.p.i.IntermediateProofReplayer Proof replay took 2.1ns 
748269     INFO  main            d.u.i.k.p.r.p.TestFile    ... finished proof: open goal(s) 
748900     INFO  main            d.u.i.k.p.r.p.TestFile    Now processing file /home/runner/work/key/key/key.core/../key.ui/examples/heap/inconsistent_represents/MyClass_n.key 
748900     INFO  main            d.u.i.k.p.i.AbstractProblemLoader Loading environment from /home/runner/work/key/key/key.core/../key.ui/examples/heap/inconsistent_represents/MyClass_n.key 
748901     DEBUG main            d.u.i.k.p.i.AbstractProblemLoader Environment load took 48.4ns 
748901     INFO  main            d.u.i.k.p.i.AbstractProblemLoader Creating init config 
751656     DEBUG main            d.u.i.k.p.i.AbstractProblemLoader Init config took 2.75s 
751693     INFO  main            d.u.i.k.p.i.AbstractProblemLoader Replaying proof MyClass[MyClass::n()].JML operation contract.0 
751694     DEBUG main            d.u.i.k.p.i.IntermediateProofReplayer Proof replay took 2.2ns 
751796     INFO  main            d.u.i.k.p.r.p.TestFile    ... finished proof: open goal(s) 
4222443    INFO  Test worker     d.u.i.k.p.r.RunAllProofsTestUnit Returning from test javadl 
4222444    INFO  Test worker     d.u.i.k.p.r.RunAllProofsTestUnit Running test FOL 
420        INFO  Timeout watchdog d.u.i.k.p.r.p.ForkedTestFileRunner Timeout watcher launched (2000 secs.) 
437        WARN  main            d.u.i.k.s.ProofSettings   The settings in /home/runner/.key/proof-settings.props are *not* read. 
489        INFO  main            d.u.i.k.p.r.p.TestFile    Now processing file /home/runner/work/key/key/key.core/../key.ui/examples/standard_key/pred_log/count.key 
651        INFO  main            d.u.i.k.p.i.AbstractProblemLoader Loading environment from /home/runner/work/key/key/key.core/../key.ui/examples/standard_key/pred_log/count.key 
670        DEBUG main            d.u.i.k.p.i.AbstractProblemLoader Environment load took 2.41ms 
931        INFO  main            d.u.i.k.p.i.AbstractProblemLoader Creating init config 
1951       DEBUG main            d.u.i.k.j.TypeConverter   No LDT found for Meta 
1952       DEBUG main            d.u.i.k.j.TypeConverter   No LDT found for Meta 
1953       DEBUG main            d.u.i.k.j.TypeConverter   No LDT found for Meta 
1953       DEBUG main            d.u.i.k.j.TypeConverter   No LDT found for Meta 
3775       DEBUG main            d.u.i.k.j.TypeConverter   No LDT found for JavaBigintExpression 
9073       DEBUG main            d.u.i.k.p.i.AbstractProblemLoader Init config took 8.14s 
9161       INFO  main            d.u.i.k.p.i.AbstractProblemLoader Replaying proof count.key 
9203       DEBUG main            d.u.i.k.p.i.IntermediateProofReplayer Proof replay took 40.6ns 
9473       INFO  main            d.u.i.k.p.r.p.TestFile    ... finished proof: closed. 
9581       INFO  main            d.u.i.k.p.i.AbstractProblemLoader Loading environment from /home/runner/work/key/key/key.core/../key.ui/examples/standard_key/pred_log/count.key.proof 
9583       DEBUG main            d.u.i.k.p.i.AbstractProblemLoader Environment load took 2.2ms 
9589       INFO  main            d.u.i.k.p.i.AbstractProblemLoader Creating init config 
12570      DEBUG main            d.u.i.k.p.i.AbstractProblemLoader Init config took 2.98s 
12609      INFO  main            d.u.i.k.p.i.AbstractProblemLoader Replaying proof count.key.proof 
12621      DEBUG main            d.u.i.k.p.i.IntermediateProofReplayer Proof replay took 7.48ms 
12633      DEBUG main            d.u.i.k.p.r.p.TestFile    ... success: reloaded. 
12634      INFO  main            d.u.i.k.p.r.p.TestFile    Now processing file /home/runner/work/key/key/key.core/../key.ui/examples/standard_key/pred_log/count2.key 
12635      INFO  main            d.u.i.k.p.i.AbstractProblemLoader Loading environment from /home/runner/work/key/key/key.core/../key.ui/examples/standard_key/pred_log/count2.key 
12635      DEBUG main            d.u.i.k.p.i.AbstractProblemLoader Environment load took 222.51ns 
12644      INFO  main            d.u.i.k.p.i.AbstractProblemLoader Creating init config 
15491      DEBUG main            d.u.i.k.p.i.AbstractProblemLoader Init config took 2.85s 
15532      INFO  main            d.u.i.k.p.i.AbstractProblemLoader Replaying proof count2.key 
15537      DEBUG main            d.u.i.k.p.i.IntermediateProofReplayer Proof replay took 7.2ns 
15645      INFO  main            d.u.i.k.p.r.p.TestFile    ... finished proof: closed. 
15800      INFO  main            d.u.i.k.p.i.AbstractProblemLoader Loading environment from /home/runner/work/key/key/key.core/../key.ui/examples/standard_key/pred_log/count2.key.proof 
15800      DEBUG main            d.u.i.k.p.i.AbstractProblemLoader Environment load took 139.7ns 
15804      INFO  main            d.u.i.k.p.i.AbstractProblemLoader Creating init config 
18552      DEBUG main            d.u.i.k.p.i.AbstractProblemLoader Init config took 2.75s 
18578      INFO  main            d.u.i.k.p.i.AbstractProblemLoader Replaying proof count2.key.proof 
18584      DEBUG main            d.u.i.k.p.i.IntermediateProofReplayer Proof replay took 3.6ms 
18585      DEBUG main            d.u.i.k.p.r.p.TestFile    ... success: reloaded. 
18585      INFO  main            d.u.i.k.p.r.p.TestFile    Now processing file /home/runner/work/key/key/key.core/../key.ui/examples/standard_key/pred_log/count3.key 
18586      INFO  main            d.u.i.k.p.i.AbstractProblemLoader Loading environment from /home/runner/work/key/key/key.core/../key.ui/examples/standard_key/pred_log/count3.key 
18586      DEBUG main            d.u.i.k.p.i.AbstractProblemLoader Environment load took 112.3ns 
18587      INFO  main            d.u.i.k.p.i.AbstractProblemLoader Creating init config 
21446      DEBUG main            d.u.i.k.p.i.AbstractProblemLoader Init config took 2.86s 
21472      INFO  main            d.u.i.k.p.i.AbstractProblemLoader Replaying proof count3.key 
21476      DEBUG main            d.u.i.k.p.i.IntermediateProofReplayer Proof replay took 8.2ns 
21581      INFO  main            d.u.i.k.p.r.p.TestFile    ... finished proof: closed. 
21736      INFO  main            d.u.i.k.p.i.AbstractProblemLoader Loading environment from /home/runner/work/key/key/key.core/../key.ui/examples/standard_key/pred_log/count3.key.proof 
21736      DEBUG main            d.u.i.k.p.i.AbstractProblemLoader Environment load took 411.91ns 
21738      INFO  main            d.u.i.k.p.i.AbstractProblemLoader Creating init config 
24486      DEBUG main            d.u.i.k.p.i.AbstractProblemLoader Init config took 2.75s 
24509      INFO  main            d.u.i.k.p.i.AbstractProblemLoader Replaying proof count3.key.proof 
24514      DEBUG main            d.u.i.k.p.i.IntermediateProofReplayer Proof replay took 3.08ms 
24515      DEBUG main            d.u.i.k.p.r.p.TestFile    ... success: reloaded. 
24516      INFO  main            d.u.i.k.p.r.p.TestFile    Now processing file /home/runner/work/key/key/key.core/../key.ui/examples/standard_key/pred_log/equalities.key 
24516      INFO  main            d.u.i.k.p.i.AbstractProblemLoader Loading environment from /home/runner/work/key/key/key.core/../key.ui/examples/standard_key/pred_log/equalities.key 
24517      DEBUG main            d.u.i.k.p.i.AbstractProblemLoader Environment load took 197ns 
24518      INFO  main            d.u.i.k.p.i.AbstractProblemLoader Creating init config 
27233      DEBUG main            d.u.i.k.p.i.AbstractProblemLoader Init config took 2.72s 
27255      INFO  main            d.u.i.k.p.i.AbstractProblemLoader Replaying proof equalities.key 
27257      DEBUG main            d.u.i.k.p.i.IntermediateProofReplayer Proof replay took 8ns 
27364      INFO  main            d.u.i.k.p.r.p.TestFile    ... finished proof: closed. 
27518      INFO  main            d.u.i.k.p.i.AbstractProblemLoader Loading environment from /home/runner/work/key/key/key.core/../key.ui/examples/standard_key/pred_log/equalities.key.proof 
27518      DEBUG main            d.u.i.k.p.i.AbstractProblemLoader Environment load took 140ns 
27520      INFO  main            d.u.i.k.p.i.AbstractProblemLoader Creating init config 
30216      DEBUG main            d.u.i.k.p.i.AbstractProblemLoader Init config took 2.7s 
30239      INFO  main            d.u.i.k.p.i.AbstractProblemLoader Replaying proof equalities.key.proof 
30243      DEBUG main            d.u.i.k.p.i.IntermediateProofReplayer Proof replay took 1.78ms 
30244      DEBUG main            d.u.i.k.p.r.p.TestFile    ... success: reloaded. 
30245      INFO  main            d.u.i.k.p.r.p.TestFile    Now processing file /home/runner/work/key/key/key.core/../key.ui/examples/standard_key/pred_log/equalities2.key 
30245      INFO  main            d.u.i.k.p.i.AbstractProblemLoader Loading environment from /home/runner/work/key/key/key.core/../key.ui/examples/standard_key/pred_log/equalities2.key 
30245      DEBUG main            d.u.i.k.p.i.AbstractProblemLoader Environment load took 219.31ns 
30247      INFO  main            d.u.i.k.p.i.AbstractProblemLoader Creating init config 
33077      DEBUG main            d.u.i.k.p.i.AbstractProblemLoader Init config took 2.83s 
33099      INFO  main            d.u.i.k.p.i.AbstractProblemLoader Replaying proof equalities2.key 
33100      DEBUG main            d.u.i.k.p.i.IntermediateProofReplayer Proof replay took 8.4ns 
33208      INFO  main            d.u.i.k.p.r.p.TestFile    ... finished proof: closed. 
33377      INFO  main            d.u.i.k.p.i.AbstractProblemLoader Loading environment from /home/runner/work/key/key/key.core/../key.ui/examples/standard_key/pred_log/equalities2.key.proof 
33377      DEBUG main            d.u.i.k.p.i.AbstractProblemLoader Environment load took 137.2ns 
33379      INFO  main            d.u.i.k.p.i.AbstractProblemLoader Creating init config 
36120      DEBUG main            d.u.i.k.p.i.AbstractProblemLoader Init config took 2.74s 
36142      INFO  main            d.u.i.k.p.i.AbstractProblemLoader Replaying proof equalities2.key.proof 
36152      DEBUG main            d.u.i.k.p.i.IntermediateProofReplayer Proof replay took 7.47ms 
36153      DEBUG main            d.u.i.k.p.r.p.TestFile    ... success: reloaded. 
36154      INFO  main            d.u.i.k.p.r.p.TestFile    Now processing file /home/runner/work/key/key/key.core/../key.ui/examples/standard_key/pred_log/equalities3.key 
36155      INFO  main            d.u.i.k.p.i.AbstractProblemLoader Loading environment from /home/runner/work/key/key/key.core/../key.ui/examples/standard_key/pred_log/equalities3.key 
36155      DEBUG main            d.u.i.k.p.i.AbstractProblemLoader Environment load took 235.51ns 
36156      INFO  main            d.u.i.k.p.i.AbstractProblemLoader Creating init config 
38919      DEBUG main            d.u.i.k.p.i.AbstractProblemLoader Init config took 2.76s 
38938      INFO  main            d.u.i.k.p.i.AbstractProblemLoader Replaying proof equalities3.key 
38940      DEBUG main            d.u.i.k.p.i.IntermediateProofReplayer Proof replay took 8.6ns 
39046      INFO  main            d.u.i.k.p.r.p.TestFile    ... finished proof: closed. 
39240      INFO  main            d.u.i.k.p.i.AbstractProblemLoader Loading environment from /home/runner/work/key/key/key.core/../key.ui/examples/standard_key/pred_log/equalities3.key.proof 
39240      DEBUG main            d.u.i.k.p.i.AbstractProblemLoader Environment load took 179.1ns 
39243      INFO  main            d.u.i.k.p.i.AbstractProblemLoader Creating init config 
41977      DEBUG main            d.u.i.k.p.i.AbstractProblemLoader Init config took 2.73s 
41995      INFO  main            d.u.i.k.p.i.AbstractProblemLoader Replaying proof equalities3.key.proof 
42004      DEBUG main            d.u.i.k.p.i.IntermediateProofReplayer Proof replay took 6.33ms 
42005      DEBUG main            d.u.i.k.p.r.p.TestFile    ... success: reloaded. 
42005      INFO  main            d.u.i.k.p.r.p.TestFile    Now processing file /home/runner/work/key/key/key.core/../key.ui/examples/standard_key/pred_log/functions.key 
42006      INFO  main            d.u.i.k.p.i.AbstractProblemLoader Loading environment from /home/runner/work/key/key/key.core/../key.ui/examples/standard_key/pred_log/functions.key 
42006      DEBUG main            d.u.i.k.p.i.AbstractProblemLoader Environment load took 107.5ns 
42007      INFO  main            d.u.i.k.p.i.AbstractProblemLoader Creating init config 
44827      DEBUG main            d.u.i.k.p.i.AbstractProblemLoader Init config took 2.82s 
44853      INFO  main            d.u.i.k.p.i.AbstractProblemLoader Replaying proof functions.key 
44856      DEBUG main            d.u.i.k.p.i.IntermediateProofReplayer Proof replay took 8.1ns 
44958      INFO  main            d.u.i.k.p.r.p.TestFile    ... finished proof: closed. 
45200      INFO  main            d.u.i.k.p.i.AbstractProblemLoader Loading environment from /home/runner/work/key/key/key.core/../key.ui/examples/standard_key/pred_log/functions.key.proof 
45201      DEBUG main            d.u.i.k.p.i.AbstractProblemLoader Environment load took 161.6ns 
45202      INFO  main            d.u.i.k.p.i.AbstractProblemLoader Creating init config 
47933      DEBUG main            d.u.i.k.p.i.AbstractProblemLoader Init config took 2.73s 
47951      INFO  main            d.u.i.k.p.i.AbstractProblemLoader Replaying proof functions.key.proof 
47956      DEBUG main            d.u.i.k.p.i.IntermediateProofReplayer Proof replay took 2.73ms 
47957      DEBUG main            d.u.i.k.p.r.p.TestFile    ... success: reloaded. 
47957      INFO  main            d.u.i.k.p.r.p.TestFile    Now processing file /home/runner/work/key/key/key.core/../key.ui/examples/standard_key/pred_log/mv1.key 
47958      INFO  main            d.u.i.k.p.i.AbstractProblemLoader Loading environment from /home/runner/work/key/key/key.core/../key.ui/examples/standard_key/pred_log/mv1.key 
47958      DEBUG main            d.u.i.k.p.i.AbstractProblemLoader Environment load took 111.5ns 
47959      INFO  main            d.u.i.k.p.i.AbstractProblemLoader Creating init config 
50630      DEBUG main            d.u.i.k.p.i.AbstractProblemLoader Init config took 2.67s 
50647      INFO  main            d.u.i.k.p.i.AbstractProblemLoader Replaying proof mv1.key 
50649      DEBUG main            d.u.i.k.p.i.IntermediateProofReplayer Proof replay took 8.4ns 
50751      INFO  main            d.u.i.k.p.r.p.TestFile    ... finished proof: closed. 
50962      INFO  main            d.u.i.k.p.i.AbstractProblemLoader Loading environment from /home/runner/work/key/key/key.core/../key.ui/examples/standard_key/pred_log/mv1.key.proof 
50963      DEBUG main            d.u.i.k.p.i.AbstractProblemLoader Environment load took 134.9ns 
50964      INFO  main            d.u.i.k.p.i.AbstractProblemLoader Creating init config 
53621      DEBUG main            d.u.i.k.p.i.AbstractProblemLoader Init config took 2.66s 
53640      INFO  main            d.u.i.k.p.i.AbstractProblemLoader Replaying proof mv1.key.proof 
53643      DEBUG main            d.u.i.k.p.i.IntermediateProofReplayer Proof replay took 1.2ms 
53644      DEBUG main            d.u.i.k.p.r.p.TestFile    ... success: reloaded. 
53645      INFO  main            d.u.i.k.p.r.p.TestFile    Now processing file /home/runner/work/key/key/key.core/../key.ui/examples/standard_key/pred_log/mv2.key 
53645      INFO  main            d.u.i.k.p.i.AbstractProblemLoader Loading environment from /home/runner/work/key/key/key.core/../key.ui/examples/standard_key/pred_log/mv2.key 
53645      DEBUG main            d.u.i.k.p.i.AbstractProblemLoader Environment load took 195.71ns 
53646      INFO  main            d.u.i.k.p.i.AbstractProblemLoader Creating init config 
56395      DEBUG main            d.u.i.k.p.i.AbstractProblemLoader Init config took 2.75s 
56413      INFO  main            d.u.i.k.p.i.AbstractProblemLoader Replaying proof mv2.key 
56414      DEBUG main            d.u.i.k.p.i.IntermediateProofReplayer Proof replay took 8.7ns 
56517      INFO  main            d.u.i.k.p.r.p.TestFile    ... finished proof: closed. 
56812      INFO  main            d.u.i.k.p.i.AbstractProblemLoader Loading environment from /home/runner/work/key/key/key.core/../key.ui/examples/standard_key/pred_log/mv2.key.proof 
56812      DEBUG main            d.u.i.k.p.i.AbstractProblemLoader Environment load took 134.2ns 
56814      INFO  main            d.u.i.k.p.i.AbstractProblemLoader Creating init config 
59519      DEBUG main            d.u.i.k.p.i.AbstractProblemLoader Init config took 2.71s 
59537      INFO  main            d.u.i.k.p.i.AbstractProblemLoader Replaying proof mv2.key.proof 
59540      DEBUG main            d.u.i.k.p.i.IntermediateProofReplayer Proof replay took 1.57ms 
59541      DEBUG main            d.u.i.k.p.r.p.TestFile    ... success: reloaded. 
59541      INFO  main            d.u.i.k.p.r.p.TestFile    Now processing file /home/runner/work/key/key/key.core/../key.ui/examples/standard_key/pred_log/quantifiers.key 
59541      INFO  main            d.u.i.k.p.i.AbstractProblemLoader Loading environment from /home/runner/work/key/key/key.core/../key.ui/examples/standard_key/pred_log/quantifiers.key 
59542      DEBUG main            d.u.i.k.p.i.AbstractProblemLoader Environment load took 118.8ns 
59543      INFO  main            d.u.i.k.p.i.AbstractProblemLoader Creating init config 
62258      DEBUG main            d.u.i.k.p.i.AbstractProblemLoader Init config took 2.72s 
62275      INFO  main            d.u.i.k.p.i.AbstractProblemLoader Replaying proof quantifiers.key 
62276      DEBUG main            d.u.i.k.p.i.IntermediateProofReplayer Proof replay took 7.3ns 
62387      INFO  main            d.u.i.k.p.r.p.TestFile    ... finished proof: closed. 
62584      INFO  main            d.u.i.k.p.i.AbstractProblemLoader Loading environment from /home/runner/work/key/key/key.core/../key.ui/examples/standard_key/pred_log/quantifiers.key.proof 
62584      DEBUG main            d.u.i.k.p.i.AbstractProblemLoader Environment load took 129.7ns 
62585      INFO  main            d.u.i.k.p.i.AbstractProblemLoader Creating init config 
65323      DEBUG main            d.u.i.k.p.i.AbstractProblemLoader Init config took 2.74s 
65341      INFO  main            d.u.i.k.p.i.AbstractProblemLoader Replaying proof quantifiers.key.proof 
65345      DEBUG main            d.u.i.k.p.i.IntermediateProofReplayer Proof replay took 2.55ms 
65346      DEBUG main            d.u.i.k.p.r.p.TestFile    ... success: reloaded. 
65347      INFO  main            d.u.i.k.p.r.p.TestFile    Now processing file /home/runner/work/key/key/key.core/../key.ui/examples/standard_key/pred_log/simpleEps.key 
65347      INFO  main            d.u.i.k.p.i.AbstractProblemLoader Loading environment from /home/runner/work/key/key/key.core/../key.ui/examples/standard_key/pred_log/simpleEps.key 
65347      DEBUG main            d.u.i.k.p.i.AbstractProblemLoader Environment load took 105.5ns 
65348      INFO  main            d.u.i.k.p.i.AbstractProblemLoader Creating init config 
68026      DEBUG main            d.u.i.k.p.i.AbstractProblemLoader Init config took 2.68s 
68042      INFO  main            d.u.i.k.p.i.AbstractProblemLoader Replaying proof simpleEps.key 
68044      DEBUG main            d.u.i.k.p.i.IntermediateProofReplayer Proof replay took 7.9ns 
68145      INFO  main            d.u.i.k.p.r.p.TestFile    ... finished proof: closed. 
68349      INFO  main            d.u.i.k.p.i.AbstractProblemLoader Loading environment from /home/runner/work/key/key/key.core/../key.ui/examples/standard_key/pred_log/simpleEps.key.proof 
68349      DEBUG main            d.u.i.k.p.i.AbstractProblemLoader Environment load took 132.4ns 
68350      INFO  main            d.u.i.k.p.i.AbstractProblemLoader Creating init config 
70980      DEBUG main            d.u.i.k.p.i.AbstractProblemLoader Init config took 2.63s 
70996      INFO  main            d.u.i.k.p.i.AbstractProblemLoader Replaying proof simpleEps.key.proof 
71004      DEBUG main            d.u.i.k.p.i.IntermediateProofReplayer Proof replay took 5.18ms 
71007      DEBUG main            d.u.i.k.p.r.p.TestFile    ... success: reloaded. 
71008      INFO  main            d.u.i.k.p.r.p.TestFile    Now processing file /home/runner/work/key/key/key.core/../key.ui/examples/standard_key/pred_log/steam1.key 
71009      INFO  main            d.u.i.k.p.i.AbstractProblemLoader Loading environment from /home/runner/work/key/key/key.core/../key.ui/examples/standard_key/pred_log/steam1.key 
71009      DEBUG main            d.u.i.k.p.i.AbstractProblemLoader Environment load took 108ns 
71012      INFO  main            d.u.i.k.p.i.AbstractProblemLoader Creating init config 
73775      DEBUG main            d.u.i.k.p.i.AbstractProblemLoader Init config took 2.76s 
73797      INFO  main            d.u.i.k.p.i.AbstractProblemLoader Replaying proof steam1.key 
73798      DEBUG main            d.u.i.k.p.i.IntermediateProofReplayer Proof replay took 8.2ns 
74205      INFO  main            d.u.i.k.p.r.p.TestFile    ... finished proof: closed. 
74478      INFO  main            d.u.i.k.p.i.AbstractProblemLoader Loading environment from /home/runner/work/key/key/key.core/../key.ui/examples/standard_key/pred_log/steam1.key.proof 
74478      DEBUG main            d.u.i.k.p.i.AbstractProblemLoader Environment load took 412.61ns 
74480      INFO  main            d.u.i.k.p.i.AbstractProblemLoader Creating init config 
77161      DEBUG main            d.u.i.k.p.i.AbstractProblemLoader Init config took 2.68s 
77182      INFO  main            d.u.i.k.p.i.AbstractProblemLoader Replaying proof steam1.key.proof 
77205      DEBUG main            d.u.i.k.p.i.IntermediateProofReplayer Proof replay took 19.23ms 
77207      DEBUG main            d.u.i.k.p.r.p.TestFile    ... success: reloaded. 
77208      INFO  main            d.u.i.k.p.r.p.TestFile    Now processing file /home/runner/work/key/key/key.core/../key.ui/examples/standard_key/pred_log/tptp/PUZ/PUZ001p1.key 
77208      INFO  main            d.u.i.k.p.i.AbstractProblemLoader Loading environment from /home/runner/work/key/key/key.core/../key.ui/examples/standard_key/pred_log/tptp/PUZ/PUZ001p1.key 
77208      DEBUG main            d.u.i.k.p.i.AbstractProblemLoader Environment load took 211.31ns 
77210      INFO  main            d.u.i.k.p.i.AbstractProblemLoader Creating init config 
79908      DEBUG main            d.u.i.k.p.i.AbstractProblemLoader Init config took 2.7s 
79927      INFO  main            d.u.i.k.p.i.AbstractProblemLoader Replaying proof PUZ001p1.key 
79929      DEBUG main            d.u.i.k.p.i.IntermediateProofReplayer Proof replay took 7.8ns 
83460      INFO  main            d.u.i.k.p.r.p.TestFile    ... finished proof: closed. 
83700      INFO  main            d.u.i.k.p.i.AbstractProblemLoader Loading environment from /home/runner/work/key/key/key.core/../key.ui/examples/standard_key/pred_log/tptp/PUZ/PUZ001p1.key.proof 
83700      DEBUG main            d.u.i.k.p.i.AbstractProblemLoader Environment load took 195.6ns 
83702      INFO  main            d.u.i.k.p.i.AbstractProblemLoader Creating init config 
86316      DEBUG main            d.u.i.k.p.i.AbstractProblemLoader Init config took 2.61s 
86336      INFO  main            d.u.i.k.p.i.AbstractProblemLoader Replaying proof PUZ001p1.key.proof 
86519      DEBUG main            d.u.i.k.p.i.IntermediateProofReplayer Proof replay took 174.84ms 
86521      DEBUG main            d.u.i.k.p.r.p.TestFile    ... success: reloaded. 
86522      INFO  main            d.u.i.k.p.r.p.TestFile    Now processing file /home/runner/work/key/key/key.core/../key.ui/examples/standard_key/pred_log/tptp/PUZ/PUZ001p1-eq.key 
86523      INFO  main            d.u.i.k.p.i.AbstractProblemLoader Loading environment from /home/runner/work/key/key/key.core/../key.ui/examples/standard_key/pred_log/tptp/PUZ/PUZ001p1-eq.key 
86523      DEBUG main            d.u.i.k.p.i.AbstractProblemLoader Environment load took 194ns 
86525      INFO  main            d.u.i.k.p.i.AbstractProblemLoader Creating init config 
89208      DEBUG main            d.u.i.k.p.i.AbstractProblemLoader Init config took 2.68s 
89225      INFO  main            d.u.i.k.p.i.AbstractProblemLoader Replaying proof PUZ001p1-eq.key 
89226      DEBUG main            d.u.i.k.p.i.IntermediateProofReplayer Proof replay took 7.4ns 
89432      INFO  main            d.u.i.k.p.r.p.TestFile    ... finished proof: closed. 
89695      INFO  main            d.u.i.k.p.i.AbstractProblemLoader Loading environment from /home/runner/work/key/key/key.core/../key.ui/examples/standard_key/pred_log/tptp/PUZ/PUZ001p1-eq.key.proof 
89697      DEBUG main            d.u.i.k.p.i.AbstractProblemLoader Environment load took 1.58ms 
89698      INFO  main            d.u.i.k.p.i.AbstractProblemLoader Creating init config 
92329      DEBUG main            d.u.i.k.p.i.AbstractProblemLoader Init config took 2.63s 
92348      INFO  main            d.u.i.k.p.i.AbstractProblemLoader Replaying proof PUZ001p1-eq.key.proof 
92369      DEBUG main            d.u.i.k.p.i.IntermediateProofReplayer Proof replay took 18.55ms 
92370      DEBUG main            d.u.i.k.p.r.p.TestFile    ... success: reloaded. 
92371      INFO  main            d.u.i.k.p.r.p.TestFile    Now processing file /home/runner/work/key/key/key.core/../key.ui/examples/standard_key/pred_log/tptp/PUZ/PUZ031p1.key 
92371      INFO  main            d.u.i.k.p.i.AbstractProblemLoader Loading environment from /home/runner/work/key/key/key.core/../key.ui/examples/standard_key/pred_log/tptp/PUZ/PUZ031p1.key 
92372      DEBUG main            d.u.i.k.p.i.AbstractProblemLoader Environment load took 193.1ns 
92373      INFO  main            d.u.i.k.p.i.AbstractProblemLoader Creating init config 
95079      DEBUG main            d.u.i.k.p.i.AbstractProblemLoader Init config took 2.71s 
95097      INFO  main            d.u.i.k.p.i.AbstractProblemLoader Replaying proof PUZ031p1.key 
95099      DEBUG main            d.u.i.k.p.i.IntermediateProofReplayer Proof replay took 7.7ns 
104928     INFO  main            d.u.i.k.p.r.p.TestFile    ... finished proof: closed. 
105180     INFO  main            d.u.i.k.p.i.AbstractProblemLoader Loading environment from /home/runner/work/key/key/key.core/../key.ui/examples/standard_key/pred_log/tptp/PUZ/PUZ031p1.key.proof 
105184     DEBUG main            d.u.i.k.p.i.AbstractProblemLoader Environment load took 3.37ms 
105185     INFO  main            d.u.i.k.p.i.AbstractProblemLoader Creating init config 
107772     DEBUG main            d.u.i.k.p.i.AbstractProblemLoader Init config took 2.59s 
107790     INFO  main            d.u.i.k.p.i.AbstractProblemLoader Replaying proof PUZ031p1.key.proof 
107914     DEBUG main            d.u.i.k.p.i.IntermediateProofReplayer Proof replay took 118.79ms 
107916     DEBUG main            d.u.i.k.p.r.p.TestFile    ... success: reloaded. 
107917     INFO  main            d.u.i.k.p.r.p.TestFile    Now processing file /home/runner/work/key/key/key.core/../key.ui/examples/standard_key/pred_log/tptp/SET/SET027p3.key 
107918     INFO  main            d.u.i.k.p.i.AbstractProblemLoader Loading environment from /home/runner/work/key/key/key.core/../key.ui/examples/standard_key/pred_log/tptp/SET/SET027p3.key 
107918     DEBUG main            d.u.i.k.p.i.AbstractProblemLoader Environment load took 203.5ns 
107919     INFO  main            d.u.i.k.p.i.AbstractProblemLoader Creating init config 
110585     DEBUG main            d.u.i.k.p.i.AbstractProblemLoader Init config took 2.67s 
110600     INFO  main            d.u.i.k.p.i.AbstractProblemLoader Replaying proof SET027p3.key 
110602     DEBUG main            d.u.i.k.p.i.IntermediateProofReplayer Proof replay took 7.9ns 
110708     INFO  main            d.u.i.k.p.r.p.TestFile    ... finished proof: closed. 
110993     INFO  main            d.u.i.k.p.i.AbstractProblemLoader Loading environment from /home/runner/work/key/key/key.core/../key.ui/examples/standard_key/pred_log/tptp/SET/SET027p3.key.proof 
110993     DEBUG main            d.u.i.k.p.i.AbstractProblemLoader Environment load took 151.3ns 
110994     INFO  main            d.u.i.k.p.i.AbstractProblemLoader Creating init config 
113573     DEBUG main            d.u.i.k.p.i.AbstractProblemLoader Init config took 2.58s 
113589     INFO  main            d.u.i.k.p.i.AbstractProblemLoader Replaying proof SET027p3.key.proof 
113597     DEBUG main            d.u.i.k.p.i.IntermediateProofReplayer Proof replay took 5.97ms 
113598     DEBUG main            d.u.i.k.p.r.p.TestFile    ... success: reloaded. 
113599     INFO  main            d.u.i.k.p.r.p.TestFile    Now processing file /home/runner/work/key/key/key.core/../key.ui/examples/standard_key/pred_log/tptp/SET/SET043p1.key 
113599     INFO  main            d.u.i.k.p.i.AbstractProblemLoader Loading environment from /home/runner/work/key/key/key.core/../key.ui/examples/standard_key/pred_log/tptp/SET/SET043p1.key 
113600     DEBUG main            d.u.i.k.p.i.AbstractProblemLoader Environment load took 209.5ns 
113601     INFO  main            d.u.i.k.p.i.AbstractProblemLoader Creating init config 
116294     DEBUG main            d.u.i.k.p.i.AbstractProblemLoader Init config took 2.69s 
116309     INFO  main            d.u.i.k.p.i.AbstractProblemLoader Replaying proof SET043p1.key 
116311     DEBUG main            d.u.i.k.p.i.IntermediateProofReplayer Proof replay took 8.6ns 
116416     INFO  main            d.u.i.k.p.r.p.TestFile    ... finished proof: closed. 
116671     INFO  main            d.u.i.k.p.i.AbstractProblemLoader Loading environment from /home/runner/work/key/key/key.core/../key.ui/examples/standard_key/pred_log/tptp/SET/SET043p1.key.proof 
116671     DEBUG main            d.u.i.k.p.i.AbstractProblemLoader Environment load took 298.91ns 
116673     INFO  main            d.u.i.k.p.i.AbstractProblemLoader Creating init config 
119372     DEBUG main            d.u.i.k.p.i.AbstractProblemLoader Init config took 2.7s 
119390     INFO  main            d.u.i.k.p.i.AbstractProblemLoader Replaying proof SET043p1.key.proof 
119394     DEBUG main            d.u.i.k.p.i.IntermediateProofReplayer Proof replay took 1.62ms 
119395     DEBUG main            d.u.i.k.p.r.p.TestFile    ... success: reloaded. 
119395     INFO  main            d.u.i.k.p.r.p.TestFile    Now processing file /home/runner/work/key/key/key.core/../key.ui/examples/standard_key/pred_log/tptp/SET/SET045p1.key 
119396     INFO  main            d.u.i.k.p.i.AbstractProblemLoader Loading environment from /home/runner/work/key/key/key.core/../key.ui/examples/standard_key/pred_log/tptp/SET/SET045p1.key 
119396     DEBUG main            d.u.i.k.p.i.AbstractProblemLoader Environment load took 189.5ns 
119397     INFO  main            d.u.i.k.p.i.AbstractProblemLoader Creating init config 
122131     DEBUG main            d.u.i.k.p.i.AbstractProblemLoader Init config took 2.73s 
122148     INFO  main            d.u.i.k.p.i.AbstractProblemLoader Replaying proof SET045p1.key 
122149     DEBUG main            d.u.i.k.p.i.IntermediateProofReplayer Proof replay took 8.1ns 
122253     INFO  main            d.u.i.k.p.r.p.TestFile    ... finished proof: closed. 
122521     INFO  main            d.u.i.k.p.i.AbstractProblemLoader Loading environment from /home/runner/work/key/key/key.core/../key.ui/examples/standard_key/pred_log/tptp/SET/SET045p1.key.proof 
122521     DEBUG main            d.u.i.k.p.i.AbstractProblemLoader Environment load took 116ns 
122523     INFO  main            d.u.i.k.p.i.AbstractProblemLoader Creating init config 
125116     DEBUG main            d.u.i.k.p.i.AbstractProblemLoader Init config took 2.59s 
125132     INFO  main            d.u.i.k.p.i.AbstractProblemLoader Replaying proof SET045p1.key.proof 
125139     DEBUG main            d.u.i.k.p.i.IntermediateProofReplayer Proof replay took 4.95ms 
125139     DEBUG main            d.u.i.k.p.r.p.TestFile    ... success: reloaded. 
125140     INFO  main            d.u.i.k.p.r.p.TestFile    Now processing file /home/runner/work/key/key/key.core/../key.ui/examples/standard_key/pred_log/tptp/SET/SET062p3.key 
125140     INFO  main            d.u.i.k.p.i.AbstractProblemLoader Loading environment from /home/runner/work/key/key/key.core/../key.ui/examples/standard_key/pred_log/tptp/SET/SET062p3.key 
125141     DEBUG main            d.u.i.k.p.i.AbstractProblemLoader Environment load took 106.6ns 
125142     INFO  main            d.u.i.k.p.i.AbstractProblemLoader Creating init config 
127784     DEBUG main            d.u.i.k.p.i.AbstractProblemLoader Init config took 2.64s 
127800     INFO  main            d.u.i.k.p.i.AbstractProblemLoader Replaying proof SET062p3.key 
127801     DEBUG main            d.u.i.k.p.i.IntermediateProofReplayer Proof replay took 8.5ns 
127908     INFO  main            d.u.i.k.p.r.p.TestFile    ... finished proof: closed. 
128175     INFO  main            d.u.i.k.p.i.AbstractProblemLoader Loading environment from /home/runner/work/key/key/key.core/../key.ui/examples/standard_key/pred_log/tptp/SET/SET062p3.key.proof 
128175     DEBUG main            d.u.i.k.p.i.AbstractProblemLoader Environment load took 127.6ns 
128177     INFO  main            d.u.i.k.p.i.AbstractProblemLoader Creating init config 
130803     DEBUG main            d.u.i.k.p.i.AbstractProblemLoader Init config took 2.63s 
130818     INFO  main            d.u.i.k.p.i.AbstractProblemLoader Replaying proof SET062p3.key.proof 
130825     DEBUG main            d.u.i.k.p.i.IntermediateProofReplayer Proof replay took 4.66ms 
130825     DEBUG main            d.u.i.k.p.r.p.TestFile    ... success: reloaded. 
130826     INFO  main            d.u.i.k.p.r.p.TestFile    Now processing file /home/runner/work/key/key/key.core/../key.ui/examples/standard_key/pred_log/tptp/SET/SET063p3.key 
130826     INFO  main            d.u.i.k.p.i.AbstractProblemLoader Loading environment from /home/runner/work/key/key/key.core/../key.ui/examples/standard_key/pred_log/tptp/SET/SET063p3.key 
130826     DEBUG main            d.u.i.k.p.i.AbstractProblemLoader Environment load took 66.3ns 
130827     INFO  main            d.u.i.k.p.i.AbstractProblemLoader Creating init config 
133486     DEBUG main            d.u.i.k.p.i.AbstractProblemLoader Init config took 2.66s 
133502     INFO  main            d.u.i.k.p.i.AbstractProblemLoader Replaying proof SET063p3.key 
133503     DEBUG main            d.u.i.k.p.i.IntermediateProofReplayer Proof replay took 8.5ns 
133608     INFO  main            d.u.i.k.p.r.p.TestFile    ... finished proof: closed. 
133898     INFO  main            d.u.i.k.p.i.AbstractProblemLoader Loading environment from /home/runner/work/key/key/key.core/../key.ui/examples/standard_key/pred_log/tptp/SET/SET063p3.key.proof 
133898     DEBUG main            d.u.i.k.p.i.AbstractProblemLoader Environment load took 118ns 
133899     INFO  main            d.u.i.k.p.i.AbstractProblemLoader Creating init config 
136472     DEBUG main            d.u.i.k.p.i.AbstractProblemLoader Init config took 2.57s 
136488     INFO  main            d.u.i.k.p.i.AbstractProblemLoader Replaying proof SET063p3.key.proof 
136496     DEBUG main            d.u.i.k.p.i.IntermediateProofReplayer Proof replay took 5.68ms 
136496     DEBUG main            d.u.i.k.p.r.p.TestFile    ... success: reloaded. 
136497     INFO  main            d.u.i.k.p.r.p.TestFile    Now processing file /home/runner/work/key/key/key.core/../key.ui/examples/standard_key/pred_log/tptp/SYN/SYN036p2.key 
136497     INFO  main            d.u.i.k.p.i.AbstractProblemLoader Loading environment from /home/runner/work/key/key/key.core/../key.ui/examples/standard_key/pred_log/tptp/SYN/SYN036p2.key 
136497     DEBUG main            d.u.i.k.p.i.AbstractProblemLoader Environment load took 102.3ns 
136499     INFO  main            d.u.i.k.p.i.AbstractProblemLoader Creating init config 
139247     DEBUG main            d.u.i.k.p.i.AbstractProblemLoader Init config took 2.75s 
139263     INFO  main            d.u.i.k.p.i.AbstractProblemLoader Replaying proof SYN036p2.key 
139264     DEBUG main            d.u.i.k.p.i.IntermediateProofReplayer Proof replay took 8.1ns 
139571     INFO  main            d.u.i.k.p.r.p.TestFile    ... finished proof: closed. 
139884     INFO  main            d.u.i.k.p.i.AbstractProblemLoader Loading environment from /home/runner/work/key/key/key.core/../key.ui/examples/standard_key/pred_log/tptp/SYN/SYN036p2.key.proof 
139884     DEBUG main            d.u.i.k.p.i.AbstractProblemLoader Environment load took 135.2ns 
139885     INFO  main            d.u.i.k.p.i.AbstractProblemLoader Creating init config 
142523     DEBUG main            d.u.i.k.p.i.AbstractProblemLoader Init config took 2.64s 
142555     INFO  main            d.u.i.k.p.i.AbstractProblemLoader Replaying proof SYN036p2.key.proof 
142649     DEBUG main            d.u.i.k.p.i.IntermediateProofReplayer Proof replay took 84.13ms 
142650     DEBUG main            d.u.i.k.p.r.p.TestFile    ... success: reloaded. 
142651     INFO  main            d.u.i.k.p.r.p.TestFile    Now processing file /home/runner/work/key/key/key.core/../key.ui/examples/standard_key/pred_log/tptp/SYN/SYN550p1.key 
142651     INFO  main            d.u.i.k.p.i.AbstractProblemLoader Loading environment from /home/runner/work/key/key/key.core/../key.ui/examples/standard_key/pred_log/tptp/SYN/SYN550p1.key 
142652     DEBUG main            d.u.i.k.p.i.AbstractProblemLoader Environment load took 101.6ns 
142653     INFO  main            d.u.i.k.p.i.AbstractProblemLoader Creating init config 
145300     DEBUG main            d.u.i.k.p.i.AbstractProblemLoader Init config took 2.65s 
145317     INFO  main            d.u.i.k.p.i.AbstractProblemLoader Replaying proof SYN550p1.key 
145318     DEBUG main            d.u.i.k.p.i.IntermediateProofReplayer Proof replay took 7.8ns 
148752     INFO  main            d.u.i.k.p.r.p.TestFile    ... finished proof: closed. 
149057     INFO  main            d.u.i.k.p.i.AbstractProblemLoader Loading environment from /home/runner/work/key/key/key.core/../key.ui/examples/standard_key/pred_log/tptp/SYN/SYN550p1.key.proof 
149063     DEBUG main            d.u.i.k.p.i.AbstractProblemLoader Environment load took 5.91ms 
149065     INFO  main            d.u.i.k.p.i.AbstractProblemLoader Creating init config 
151723     DEBUG main            d.u.i.k.p.i.AbstractProblemLoader Init config took 2.66s 
151739     INFO  main            d.u.i.k.p.i.AbstractProblemLoader Replaying proof SYN550p1.key.proof 
151824     DEBUG main            d.u.i.k.p.i.IntermediateProofReplayer Proof replay took 77.08ms 
151825     DEBUG main            d.u.i.k.p.r.p.TestFile    ... success: reloaded. 
151827     INFO  main            d.u.i.k.p.r.p.TestFile    Now processing file /home/runner/work/key/key/key.core/../key.ui/examples/standard_key/prop_log/reallySimple.key 
151827     INFO  main            d.u.i.k.p.i.AbstractProblemLoader Loading environment from /home/runner/work/key/key/key.core/../key.ui/examples/standard_key/prop_log/reallySimple.key 
151827     DEBUG main            d.u.i.k.p.i.AbstractProblemLoader Environment load took 118.4ns 
151828     INFO  main            d.u.i.k.p.i.AbstractProblemLoader Creating init config 
154555     DEBUG main            d.u.i.k.p.i.AbstractProblemLoader Init config took 2.73s 
154570     INFO  main            d.u.i.k.p.i.AbstractProblemLoader Replaying proof reallySimple.key 
154571     DEBUG main            d.u.i.k.p.i.IntermediateProofReplayer Proof replay took 8.3ns 
154675     INFO  main            d.u.i.k.p.r.p.TestFile    ... finished proof: open goal(s) 
154983     INFO  main            d.u.i.k.p.r.p.TestFile    Now processing file /home/runner/work/key/key/key.core/../key.ui/examples/standard_key/pred_log/sameName1.key 
154983     INFO  main            d.u.i.k.p.i.AbstractProblemLoader Loading environment from /home/runner/work/key/key/key.core/../key.ui/examples/standard_key/pred_log/sameName1.key 
154983     DEBUG main            d.u.i.k.p.i.AbstractProblemLoader Environment load took 69.4ns 
154985     INFO  main            d.u.i.k.p.i.AbstractProblemLoader Creating init config 
157622     DEBUG main            d.u.i.k.p.i.AbstractProblemLoader Init config took 2.64s 
157638     INFO  main            d.u.i.k.p.i.AbstractProblemLoader Replaying proof sameName1.key 
157639     DEBUG main            d.u.i.k.p.i.IntermediateProofReplayer Proof replay took 8.1ns 
157742     INFO  main            d.u.i.k.p.r.p.TestFile    ... finished proof: open goal(s) 
158036     INFO  main            d.u.i.k.p.r.p.TestFile    Now processing file /home/runner/work/key/key/key.core/../key.ui/examples/standard_key/pred_log/jbyteIfEx.key 
158037     INFO  main            d.u.i.k.p.i.AbstractProblemLoader Loading environment from /home/runner/work/key/key/key.core/../key.ui/examples/standard_key/pred_log/jbyteIfEx.key 
158037     DEBUG main            d.u.i.k.p.i.AbstractProblemLoader Environment load took 72.7ns 
158038     INFO  main            d.u.i.k.p.i.AbstractProblemLoader Creating init config 
160719     DEBUG main            d.u.i.k.p.i.AbstractProblemLoader Init config took 2.68s 
160736     INFO  main            d.u.i.k.p.i.AbstractProblemLoader Replaying proof jbyteIfEx.key 
160738     DEBUG main            d.u.i.k.p.i.IntermediateProofReplayer Proof replay took 8.3ns 
160840     INFO  main            d.u.i.k.p.r.p.TestFile    ... finished proof: closed. 
161138     INFO  main            d.u.i.k.p.i.AbstractProblemLoader Loading environment from /home/runner/work/key/key/key.core/../key.ui/examples/standard_key/pred_log/jbyteIfEx.key.proof 
161138     DEBUG main            d.u.i.k.p.i.AbstractProblemLoader Environment load took 135.5ns 
161139     INFO  main            d.u.i.k.p.i.AbstractProblemLoader Creating init config 
163805     DEBUG main            d.u.i.k.p.i.AbstractProblemLoader Init config took 2.67s 
163821     INFO  main            d.u.i.k.p.i.AbstractProblemLoader Replaying proof jbyteIfEx.key.proof 
163830     DEBUG main            d.u.i.k.p.i.IntermediateProofReplayer Proof replay took 6.96ms 
163831     DEBUG main            d.u.i.k.p.r.p.TestFile    ... success: reloaded. 
163831     INFO  main            d.u.i.k.p.r.p.TestFile    Now processing file /home/runner/work/key/key/key.core/../key.ui/examples/standard_key/prop_log/allClausesLength4.key 
163832     INFO  main            d.u.i.k.p.i.AbstractProblemLoader Loading environment from /home/runner/work/key/key/key.core/../key.ui/examples/standard_key/prop_log/allClausesLength4.key 
163832     DEBUG main            d.u.i.k.p.i.AbstractProblemLoader Environment load took 181.21ns 
163833     INFO  main            d.u.i.k.p.i.AbstractProblemLoader Creating init config 
166592     DEBUG main            d.u.i.k.p.i.AbstractProblemLoader Init config took 2.76s 
166608     INFO  main            d.u.i.k.p.i.AbstractProblemLoader Replaying proof allClausesLength4.key 
166609     DEBUG main            d.u.i.k.p.i.IntermediateProofReplayer Proof replay took 7.8ns 
166717     INFO  main            d.u.i.k.p.r.p.TestFile    ... finished proof: closed. 
167021     INFO  main            d.u.i.k.p.i.AbstractProblemLoader Loading environment from /home/runner/work/key/key/key.core/../key.ui/examples/standard_key/prop_log/allClausesLength4.key.proof 
167021     DEBUG main            d.u.i.k.p.i.AbstractProblemLoader Environment load took 116.6ns 
167023     INFO  main            d.u.i.k.p.i.AbstractProblemLoader Creating init config 
169599     DEBUG main            d.u.i.k.p.i.AbstractProblemLoader Init config took 2.58s 
169615     INFO  main            d.u.i.k.p.i.AbstractProblemLoader Replaying proof allClausesLength4.key.proof 
169629     DEBUG main            d.u.i.k.p.i.IntermediateProofReplayer Proof replay took 11.66ms 
169630     DEBUG main            d.u.i.k.p.r.p.TestFile    ... success: reloaded. 
169631     INFO  main            d.u.i.k.p.r.p.TestFile    Now processing file /home/runner/work/key/key/key.core/../key.ui/examples/standard_key/prop_log/allClausesLength5.key 
169631     INFO  main            d.u.i.k.p.i.AbstractProblemLoader Loading environment from /home/runner/work/key/key/key.core/../key.ui/examples/standard_key/prop_log/allClausesLength5.key 
169631     DEBUG main            d.u.i.k.p.i.AbstractProblemLoader Environment load took 80.4ns 
169633     INFO  main            d.u.i.k.p.i.AbstractProblemLoader Creating init config 
172359     DEBUG main            d.u.i.k.p.i.AbstractProblemLoader Init config took 2.73s 
172377     INFO  main            d.u.i.k.p.i.AbstractProblemLoader Replaying proof allClausesLength5.key 
172378     DEBUG main            d.u.i.k.p.i.IntermediateProofReplayer Proof replay took 6.4ns 
172683     INFO  main            d.u.i.k.p.r.p.TestFile    ... finished proof: closed. 
173024     INFO  main            d.u.i.k.p.i.AbstractProblemLoader Loading environment from /home/runner/work/key/key/key.core/../key.ui/examples/standard_key/prop_log/allClausesLength5.key.proof 
173025     DEBUG main            d.u.i.k.p.i.AbstractProblemLoader Environment load took 117.2ns 
173026     INFO  main            d.u.i.k.p.i.AbstractProblemLoader Creating init config 
175599     DEBUG main            d.u.i.k.p.i.AbstractProblemLoader Init config took 2.57s 
175615     INFO  main            d.u.i.k.p.i.AbstractProblemLoader Replaying proof allClausesLength5.key.proof 
175650     DEBUG main            d.u.i.k.p.i.IntermediateProofReplayer Proof replay took 31.03ms 
175652     DEBUG main            d.u.i.k.p.r.p.TestFile    ... success: reloaded. 
175652     INFO  main            d.u.i.k.p.r.p.TestFile    Now processing file /home/runner/work/key/key/key.core/../key.ui/examples/standard_key/prop_log/doubleNeg.key 
175653     INFO  main            d.u.i.k.p.i.AbstractProblemLoader Loading environment from /home/runner/work/key/key/key.core/../key.ui/examples/standard_key/prop_log/doubleNeg.key 
175653     DEBUG main            d.u.i.k.p.i.AbstractProblemLoader Environment load took 94.9ns 
175654     INFO  main            d.u.i.k.p.i.AbstractProblemLoader Creating init config 
178314     DEBUG main            d.u.i.k.p.i.AbstractProblemLoader Init config took 2.66s 
178331     INFO  main            d.u.i.k.p.i.AbstractProblemLoader Replaying proof doubleNeg.key 
178333     DEBUG main            d.u.i.k.p.i.IntermediateProofReplayer Proof replay took 7.2ns 
178435     INFO  main            d.u.i.k.p.r.p.TestFile    ... finished proof: closed. 
178768     INFO  main            d.u.i.k.p.i.AbstractProblemLoader Loading environment from /home/runner/work/key/key/key.core/../key.ui/examples/standard_key/prop_log/doubleNeg.key.proof 
178768     DEBUG main            d.u.i.k.p.i.AbstractProblemLoader Environment load took 133.6ns 
178769     INFO  main            d.u.i.k.p.i.AbstractProblemLoader Creating init config 
181294     DEBUG main            d.u.i.k.p.i.AbstractProblemLoader Init config took 2.52s 
181311     INFO  main            d.u.i.k.p.i.AbstractProblemLoader Replaying proof doubleNeg.key.proof 
181312     DEBUG main            d.u.i.k.p.i.IntermediateProofReplayer Proof replay took 397.81ns 
181313     DEBUG main            d.u.i.k.p.r.p.TestFile    ... success: reloaded. 
181314     INFO  main            d.u.i.k.p.r.p.TestFile    Now processing file /home/runner/work/key/key/key.core/../key.ui/examples/standard_key/prop_log/liarsville.key 
181314     INFO  main            d.u.i.k.p.i.AbstractProblemLoader Loading environment from /home/runner/work/key/key/key.core/../key.ui/examples/standard_key/prop_log/liarsville.key 
181314     DEBUG main            d.u.i.k.p.i.AbstractProblemLoader Environment load took 88.9ns 
181315     INFO  main            d.u.i.k.p.i.AbstractProblemLoader Creating init config 
183898     DEBUG main            d.u.i.k.p.i.AbstractProblemLoader Init config took 2.58s 
183913     INFO  main            d.u.i.k.p.i.AbstractProblemLoader Replaying proof liarsville.key 
183914     DEBUG main            d.u.i.k.p.i.IntermediateProofReplayer Proof replay took 8.2ns 
184020     INFO  main            d.u.i.k.p.r.p.TestFile    ... finished proof: closed. 
184333     INFO  main            d.u.i.k.p.i.AbstractProblemLoader Loading environment from /home/runner/work/key/key/key.core/../key.ui/examples/standard_key/prop_log/liarsville.key.proof 
184333     DEBUG main            d.u.i.k.p.i.AbstractProblemLoader Environment load took 108ns 
184335     INFO  main            d.u.i.k.p.i.AbstractProblemLoader Creating init config 
186909     DEBUG main            d.u.i.k.p.i.AbstractProblemLoader Init config took 2.57s 
186924     INFO  main            d.u.i.k.p.i.AbstractProblemLoader Replaying proof liarsville.key.proof 
186926     DEBUG main            d.u.i.k.p.i.IntermediateProofReplayer Proof replay took 1.14ms 
186927     DEBUG main            d.u.i.k.p.r.p.TestFile    ... success: reloaded. 
186928     INFO  main            d.u.i.k.p.r.p.TestFile    Now processing file /home/runner/work/key/key/key.core/../key.ui/examples/standard_key/prop_log/simplest.key 
186928     INFO  main            d.u.i.k.p.i.AbstractProblemLoader Loading environment from /home/runner/work/key/key/key.core/../key.ui/examples/standard_key/prop_log/simplest.key 
186928     DEBUG main            d.u.i.k.p.i.AbstractProblemLoader Environment load took 90.3ns 
186929     INFO  main            d.u.i.k.p.i.AbstractProblemLoader Creating init config 
189580     DEBUG main            d.u.i.k.p.i.AbstractProblemLoader Init config took 2.65s 
189595     INFO  main            d.u.i.k.p.i.AbstractProblemLoader Replaying proof simplest.key 
189596     DEBUG main            d.u.i.k.p.i.IntermediateProofReplayer Proof replay took 7.7ns 
189698     INFO  main            d.u.i.k.p.r.p.TestFile    ... finished proof: closed. 
190021     INFO  main            d.u.i.k.p.i.AbstractProblemLoader Loading environment from /home/runner/work/key/key/key.core/../key.ui/examples/standard_key/prop_log/simplest.key.proof 
190021     DEBUG main            d.u.i.k.p.i.AbstractProblemLoader Environment load took 105.6ns 
190024     INFO  main            d.u.i.k.p.i.AbstractProblemLoader Creating init config 
192612     DEBUG main            d.u.i.k.p.i.AbstractProblemLoader Init config took 2.59s 
192627     INFO  main            d.u.i.k.p.i.AbstractProblemLoader Replaying proof simplest.key.proof 
192629     DEBUG main            d.u.i.k.p.i.IntermediateProofReplayer Proof replay took 118.6ns 
192629     DEBUG main            d.u.i.k.p.r.p.TestFile    ... success: reloaded. 
192630     INFO  main            d.u.i.k.p.r.p.TestFile    Now processing file /home/runner/work/key/key/key.core/../key.ui/examples/standard_key/prop_log/contraposition.key 
192630     INFO  main            d.u.i.k.p.i.AbstractProblemLoader Loading environment from /home/runner/work/key/key/key.core/../key.ui/examples/standard_key/prop_log/contraposition.key 
192630     DEBUG main            d.u.i.k.p.i.AbstractProblemLoader Environment load took 83.7ns 
192631     INFO  main            d.u.i.k.p.i.AbstractProblemLoader Creating init config 
195251     DEBUG main            d.u.i.k.p.i.AbstractProblemLoader Init config took 2.62s 
195266     INFO  main            d.u.i.k.p.i.AbstractProblemLoader Replaying proof contraposition.key 
195267     DEBUG main            d.u.i.k.p.i.IntermediateProofReplayer Proof replay took 7.8ns 
195371     INFO  main            d.u.i.k.p.r.p.TestFile    ... finished proof: closed. 
195712     INFO  main            d.u.i.k.p.i.AbstractProblemLoader Loading environment from /home/runner/work/key/key/key.core/../key.ui/examples/standard_key/prop_log/contraposition.key.proof 
195712     DEBUG main            d.u.i.k.p.i.AbstractProblemLoader Environment load took 103.8ns 
195713     INFO  main            d.u.i.k.p.i.AbstractProblemLoader Creating init config 
198275     DEBUG main            d.u.i.k.p.i.AbstractProblemLoader Init config took 2.56s 
198290     INFO  main            d.u.i.k.p.i.AbstractProblemLoader Replaying proof contraposition.key.proof 
198292     DEBUG main            d.u.i.k.p.i.IntermediateProofReplayer Proof replay took 532.31ns 
198292     DEBUG main            d.u.i.k.p.r.p.TestFile    ... success: reloaded. 
198293     INFO  main            d.u.i.k.p.r.p.TestFile    Now processing file /home/runner/work/key/key/key.core/../key.ui/examples/standard_key/quantifiers/elimination0.key 
198293     INFO  main            d.u.i.k.p.i.AbstractProblemLoader Loading environment from /home/runner/work/key/key/key.core/../key.ui/examples/standard_key/quantifiers/elimination0.key 
198293     DEBUG main            d.u.i.k.p.i.AbstractProblemLoader Environment load took 74ns 
198294     INFO  main            d.u.i.k.p.i.AbstractProblemLoader Creating init config 
200958     DEBUG main            d.u.i.k.p.i.AbstractProblemLoader Init config took 2.66s 
200974     INFO  main            d.u.i.k.p.i.AbstractProblemLoader Replaying proof elimination0.key 
200976     DEBUG main            d.u.i.k.p.i.IntermediateProofReplayer Proof replay took 7ns 
201078     INFO  main            d.u.i.k.p.r.p.TestFile    ... finished proof: closed. 
201422     INFO  main            d.u.i.k.p.i.AbstractProblemLoader Loading environment from /home/runner/work/key/key/key.core/../key.ui/examples/standard_key/quantifiers/elimination0.key.proof 
201422     DEBUG main            d.u.i.k.p.i.AbstractProblemLoader Environment load took 107.4ns 
201423     INFO  main            d.u.i.k.p.i.AbstractProblemLoader Creating init config 
204020     DEBUG main            d.u.i.k.p.i.AbstractProblemLoader Init config took 2.6s 
204036     INFO  main            d.u.i.k.p.i.AbstractProblemLoader Replaying proof elimination0.key.proof 
204039     DEBUG main            d.u.i.k.p.i.IntermediateProofReplayer Proof replay took 1.73ms 
204040     DEBUG main            d.u.i.k.p.r.p.TestFile    ... success: reloaded. 
204041     INFO  main            d.u.i.k.p.r.p.TestFile    Now processing file /home/runner/work/key/key/key.core/../key.ui/examples/standard_key/quantifiers/heuristic_PUZ001p1-eq.key 
204041     INFO  main            d.u.i.k.p.i.AbstractProblemLoader Loading environment from /home/runner/work/key/key/key.core/../key.ui/examples/standard_key/quantifiers/heuristic_PUZ001p1-eq.key 
204042     DEBUG main            d.u.i.k.p.i.AbstractProblemLoader Environment load took 90.9ns 
204043     INFO  main            d.u.i.k.p.i.AbstractProblemLoader Creating init config 
206654     DEBUG main            d.u.i.k.p.i.AbstractProblemLoader Init config took 2.61s 
206670     INFO  main            d.u.i.k.p.i.AbstractProblemLoader Replaying proof heuristic_PUZ001p1-eq.key 
206672     DEBUG main            d.u.i.k.p.i.IntermediateProofReplayer Proof replay took 7ns 
206774     INFO  main            d.u.i.k.p.r.p.TestFile    ... finished proof: closed. 
207129     INFO  main            d.u.i.k.p.i.AbstractProblemLoader Loading environment from /home/runner/work/key/key/key.core/../key.ui/examples/standard_key/quantifiers/heuristic_PUZ001p1-eq.key.proof 
207129     DEBUG main            d.u.i.k.p.i.AbstractProblemLoader Environment load took 115.2ns 
207131     INFO  main            d.u.i.k.p.i.AbstractProblemLoader Creating init config 
209704     DEBUG main            d.u.i.k.p.i.AbstractProblemLoader Init config took 2.57s 
209719     INFO  main            d.u.i.k.p.i.AbstractProblemLoader Replaying proof heuristic_PUZ001p1-eq.key.proof 
209730     DEBUG main            d.u.i.k.p.i.IntermediateProofReplayer Proof replay took 9.57ms 
209732     DEBUG main            d.u.i.k.p.r.p.TestFile    ... success: reloaded. 
209732     INFO  main            d.u.i.k.p.r.p.TestFile    Now processing file /home/runner/work/key/key/key.core/../key.ui/examples/standard_key/quantifiers/heuristic_PUZ001p1.key 
209733     INFO  main            d.u.i.k.p.i.AbstractProblemLoader Loading environment from /home/runner/work/key/key/key.core/../key.ui/examples/standard_key/quantifiers/heuristic_PUZ001p1.key 
209733     DEBUG main            d.u.i.k.p.i.AbstractProblemLoader Environment load took 97.6ns 
209734     INFO  main            d.u.i.k.p.i.AbstractProblemLoader Creating init config 
212303     DEBUG main            d.u.i.k.p.i.AbstractProblemLoader Init config took 2.57s 
212319     INFO  main            d.u.i.k.p.i.AbstractProblemLoader Replaying proof heuristic_PUZ001p1.key 
212321     DEBUG main            d.u.i.k.p.i.IntermediateProofReplayer Proof replay took 7.3ns 
213835     INFO  main            d.u.i.k.p.r.p.TestFile    ... finished proof: closed. 
214214     INFO  main            d.u.i.k.p.i.AbstractProblemLoader Loading environment from /home/runner/work/key/key/key.core/../key.ui/examples/standard_key/quantifiers/heuristic_PUZ001p1.key.proof 
214216     DEBUG main            d.u.i.k.p.i.AbstractProblemLoader Environment load took 121.4ns 
214217     INFO  main            d.u.i.k.p.i.AbstractProblemLoader Creating init config 
216795     DEBUG main            d.u.i.k.p.i.AbstractProblemLoader Init config took 2.58s 
216811     INFO  main            d.u.i.k.p.i.AbstractProblemLoader Replaying proof heuristic_PUZ001p1.key.proof 
216878     DEBUG main            d.u.i.k.p.i.IntermediateProofReplayer Proof replay took 63.09ms 
216879     DEBUG main            d.u.i.k.p.r.p.TestFile    ... success: reloaded. 
216880     INFO  main            d.u.i.k.p.r.p.TestFile    Now processing file /home/runner/work/key/key/key.core/../key.ui/examples/standard_key/quantifiers/heuristic_PUZ031p1.key 
216880     INFO  main            d.u.i.k.p.i.AbstractProblemLoader Loading environment from /home/runner/work/key/key/key.core/../key.ui/examples/standard_key/quantifiers/heuristic_PUZ031p1.key 
216880     DEBUG main            d.u.i.k.p.i.AbstractProblemLoader Environment load took 93.1ns 
216882     INFO  main            d.u.i.k.p.i.AbstractProblemLoader Creating init config 
219503     DEBUG main            d.u.i.k.p.i.AbstractProblemLoader Init config took 2.62s 
219519     INFO  main            d.u.i.k.p.i.AbstractProblemLoader Replaying proof heuristic_PUZ031p1.key 
219520     DEBUG main            d.u.i.k.p.i.IntermediateProofReplayer Proof replay took 9ns 
225180     INFO  main            d.u.i.k.p.r.p.TestFile    ... finished proof: closed. 
225590     INFO  main            d.u.i.k.p.i.AbstractProblemLoader Loading environment from /home/runner/work/key/key/key.core/../key.ui/examples/standard_key/quantifiers/heuristic_PUZ031p1.key.proof 
225592     DEBUG main            d.u.i.k.p.i.AbstractProblemLoader Environment load took 1.81ms 
225593     INFO  main            d.u.i.k.p.i.AbstractProblemLoader Creating init config 
228233     DEBUG main            d.u.i.k.p.i.AbstractProblemLoader Init config took 2.64s 
228249     INFO  main            d.u.i.k.p.i.AbstractProblemLoader Replaying proof heuristic_PUZ031p1.key.proof 
228318     DEBUG main            d.u.i.k.p.i.IntermediateProofReplayer Proof replay took 64.83ms 
228319     DEBUG main            d.u.i.k.p.r.p.TestFile    ... success: reloaded. 
228320     INFO  main            d.u.i.k.p.r.p.TestFile    Now processing file /home/runner/work/key/key/key.core/../key.ui/examples/standard_key/quantifiers/heuristic_SYN036p2.key 
228321     INFO  main            d.u.i.k.p.i.AbstractProblemLoader Loading environment from /home/runner/work/key/key/key.core/../key.ui/examples/standard_key/quantifiers/heuristic_SYN036p2.key 
228321     DEBUG main            d.u.i.k.p.i.AbstractProblemLoader Environment load took 120.9ns 
228322     INFO  main            d.u.i.k.p.i.AbstractProblemLoader Creating init config 
230847     DEBUG main            d.u.i.k.p.i.AbstractProblemLoader Init config took 2.53s 
230862     INFO  main            d.u.i.k.p.i.AbstractProblemLoader Replaying proof heuristic_SYN036p2.key 
230864     DEBUG main            d.u.i.k.p.i.IntermediateProofReplayer Proof replay took 7.1ns 
231169     INFO  main            d.u.i.k.p.r.p.TestFile    ... finished proof: closed. 
231560     INFO  main            d.u.i.k.p.i.AbstractProblemLoader Loading environment from /home/runner/work/key/key/key.core/../key.ui/examples/standard_key/quantifiers/heuristic_SYN036p2.key.proof 
231561     DEBUG main            d.u.i.k.p.i.AbstractProblemLoader Environment load took 477.51ns 
231562     INFO  main            d.u.i.k.p.i.AbstractProblemLoader Creating init config 
234111     DEBUG main            d.u.i.k.p.i.AbstractProblemLoader Init config took 2.55s 
234125     INFO  main            d.u.i.k.p.i.AbstractProblemLoader Replaying proof heuristic_SYN036p2.key.proof 
234197     DEBUG main            d.u.i.k.p.i.IntermediateProofReplayer Proof replay took 65.2ms 
234198     DEBUG main            d.u.i.k.p.r.p.TestFile    ... success: reloaded. 
234199     INFO  main            d.u.i.k.p.r.p.TestFile    Now processing file /home/runner/work/key/key/key.core/../key.ui/examples/standard_key/quantifiers/injectivity.key 
234199     INFO  main            d.u.i.k.p.i.AbstractProblemLoader Loading environment from /home/runner/work/key/key/key.core/../key.ui/examples/standard_key/quantifiers/injectivity.key 
234199     DEBUG main            d.u.i.k.p.i.AbstractProblemLoader Environment load took 93.2ns 
234200     INFO  main            d.u.i.k.p.i.AbstractProblemLoader Creating init config 
236703     DEBUG main            d.u.i.k.p.i.AbstractProblemLoader Init config took 2.5s 
236736     INFO  main            d.u.i.k.p.i.AbstractProblemLoader Replaying proof injectivity.key 
236738     DEBUG main            d.u.i.k.p.i.IntermediateProofReplayer Proof replay took 7.8ns 
236840     INFO  main            d.u.i.k.p.r.p.TestFile    ... finished proof: closed. 
237200     INFO  main            d.u.i.k.p.i.AbstractProblemLoader Loading environment from /home/runner/work/key/key/key.core/../key.ui/examples/standard_key/quantifiers/injectivity.key.proof 
237201     DEBUG main            d.u.i.k.p.i.AbstractProblemLoader Environment load took 95.8ns 
237202     INFO  main            d.u.i.k.p.i.AbstractProblemLoader Creating init config 
239686     DEBUG main            d.u.i.k.p.i.AbstractProblemLoader Init config took 2.48s 
239700     INFO  main            d.u.i.k.p.i.AbstractProblemLoader Replaying proof injectivity.key.proof 
239703     DEBUG main            d.u.i.k.p.i.IntermediateProofReplayer Proof replay took 1.75ms 
239704     DEBUG main            d.u.i.k.p.r.p.TestFile    ... success: reloaded. 
239705     INFO  main            d.u.i.k.p.r.p.TestFile    Now processing file /home/runner/work/key/key/key.core/../key.ui/examples/standard_key/quantifiers/normalisation0.key 
239705     INFO  main            d.u.i.k.p.i.AbstractProblemLoader Loading environment from /home/runner/work/key/key/key.core/../key.ui/examples/standard_key/quantifiers/normalisation0.key 
239705     DEBUG main            d.u.i.k.p.i.AbstractProblemLoader Environment load took 62.6ns 
239707     INFO  main            d.u.i.k.p.i.AbstractProblemLoader Creating init config 
242274     DEBUG main            d.u.i.k.p.i.AbstractProblemLoader Init config took 2.57s 
242289     INFO  main            d.u.i.k.p.i.AbstractProblemLoader Replaying proof normalisation0.key 
242290     DEBUG main            d.u.i.k.p.i.IntermediateProofReplayer Proof replay took 7.3ns 
242392     INFO  main            d.u.i.k.p.r.p.TestFile    ... finished proof: closed. 
242764     INFO  main            d.u.i.k.p.i.AbstractProblemLoader Loading environment from /home/runner/work/key/key/key.core/../key.ui/examples/standard_key/quantifiers/normalisation0.key.proof 
242764     DEBUG main            d.u.i.k.p.i.AbstractProblemLoader Environment load took 98.2ns 
242765     INFO  main            d.u.i.k.p.i.AbstractProblemLoader Creating init config 
245204     DEBUG main            d.u.i.k.p.i.AbstractProblemLoader Init config took 2.44s 
245219     INFO  main            d.u.i.k.p.i.AbstractProblemLoader Replaying proof normalisation0.key.proof 
245222     DEBUG main            d.u.i.k.p.i.IntermediateProofReplayer Proof replay took 2.1ms 
245223     DEBUG main            d.u.i.k.p.r.p.TestFile    ... success: reloaded. 
245224     INFO  main            d.u.i.k.p.r.p.TestFile    Now processing file /home/runner/work/key/key/key.core/../key.ui/examples/standard_key/quantifiers/normalisation1.key 
245224     INFO  main            d.u.i.k.p.i.AbstractProblemLoader Loading environment from /home/runner/work/key/key/key.core/../key.ui/examples/standard_key/quantifiers/normalisation1.key 
245224     DEBUG main            d.u.i.k.p.i.AbstractProblemLoader Environment load took 55.6ns 
245225     INFO  main            d.u.i.k.p.i.AbstractProblemLoader Creating init config 
247766     DEBUG main            d.u.i.k.p.i.AbstractProblemLoader Init config took 2.54s 
247784     INFO  main            d.u.i.k.p.i.AbstractProblemLoader Replaying proof normalisation1.key 
247785     DEBUG main            d.u.i.k.p.i.IntermediateProofReplayer Proof replay took 7.7ns 
247896     INFO  main            d.u.i.k.p.r.p.TestFile    ... finished proof: closed. 
248335     INFO  main            d.u.i.k.p.i.AbstractProblemLoader Loading environment from /home/runner/work/key/key/key.core/../key.ui/examples/standard_key/quantifiers/normalisation1.key.proof 
248335     DEBUG main            d.u.i.k.p.i.AbstractProblemLoader Environment load took 98.5ns 
248336     INFO  main            d.u.i.k.p.i.AbstractProblemLoader Creating init config 
250827     DEBUG main            d.u.i.k.p.i.AbstractProblemLoader Init config took 2.49s 
250842     INFO  main            d.u.i.k.p.i.AbstractProblemLoader Replaying proof normalisation1.key.proof 
250846     DEBUG main            d.u.i.k.p.i.IntermediateProofReplayer Proof replay took 2.82ms 
250847     DEBUG main            d.u.i.k.p.r.p.TestFile    ... success: reloaded. 
250848     INFO  main            d.u.i.k.p.r.p.TestFile    Now processing file /home/runner/work/key/key/key.core/../key.ui/examples/standard_key/quantifiers/normalisation2.key 
250848     INFO  main            d.u.i.k.p.i.AbstractProblemLoader Loading environment from /home/runner/work/key/key/key.core/../key.ui/examples/standard_key/quantifiers/normalisation2.key 
250848     DEBUG main            d.u.i.k.p.i.AbstractProblemLoader Environment load took 69.5ns 
250849     INFO  main            d.u.i.k.p.i.AbstractProblemLoader Creating init config 
253459     DEBUG main            d.u.i.k.p.i.AbstractProblemLoader Init config took 2.61s 
253474     INFO  main            d.u.i.k.p.i.AbstractProblemLoader Replaying proof normalisation2.key 
253476     DEBUG main            d.u.i.k.p.i.IntermediateProofReplayer Proof replay took 7ns 
253579     INFO  main            d.u.i.k.p.r.p.TestFile    ... finished proof: closed. 
253978     INFO  main            d.u.i.k.p.i.AbstractProblemLoader Loading environment from /home/runner/work/key/key/key.core/../key.ui/examples/standard_key/quantifiers/normalisation2.key.proof 
253978     DEBUG main            d.u.i.k.p.i.AbstractProblemLoader Environment load took 101.5ns 
253979     INFO  main            d.u.i.k.p.i.AbstractProblemLoader Creating init config 
256622     DEBUG main            d.u.i.k.p.i.AbstractProblemLoader Init config took 2.64s 
256638     INFO  main            d.u.i.k.p.i.AbstractProblemLoader Replaying proof normalisation2.key.proof 
256647     DEBUG main            d.u.i.k.p.i.IntermediateProofReplayer Proof replay took 4.96ms 
256647     DEBUG main            d.u.i.k.p.r.p.TestFile    ... success: reloaded. 
256648     INFO  main            d.u.i.k.p.r.p.TestFile    Now processing file /home/runner/work/key/key/key.core/../key.ui/examples/standard_key/quantifiers/normalisation3.key 
256648     INFO  main            d.u.i.k.p.i.AbstractProblemLoader Loading environment from /home/runner/work/key/key/key.core/../key.ui/examples/standard_key/quantifiers/normalisation3.key 
256648     DEBUG main            d.u.i.k.p.i.AbstractProblemLoader Environment load took 85.5ns 
256649     INFO  main            d.u.i.k.p.i.AbstractProblemLoader Creating init config 
259239     DEBUG main            d.u.i.k.p.i.AbstractProblemLoader Init config took 2.59s 
259254     INFO  main            d.u.i.k.p.i.AbstractProblemLoader Replaying proof normalisation3.key 
259255     DEBUG main            d.u.i.k.p.i.IntermediateProofReplayer Proof replay took 8.4ns 
259357     INFO  main            d.u.i.k.p.r.p.TestFile    ... finished proof: closed. 
259733     INFO  main            d.u.i.k.p.i.AbstractProblemLoader Loading environment from /home/runner/work/key/key/key.core/../key.ui/examples/standard_key/quantifiers/normalisation3.key.proof 
259733     DEBUG main            d.u.i.k.p.i.AbstractProblemLoader Environment load took 113.2ns 
259734     INFO  main            d.u.i.k.p.i.AbstractProblemLoader Creating init config 
262269     DEBUG main            d.u.i.k.p.i.AbstractProblemLoader Init config took 2.54s 
262284     INFO  main            d.u.i.k.p.i.AbstractProblemLoader Replaying proof normalisation3.key.proof 
262287     DEBUG main            d.u.i.k.p.i.IntermediateProofReplayer Proof replay took 2.58ms 
262288     DEBUG main            d.u.i.k.p.r.p.TestFile    ... success: reloaded. 
262289     INFO  main            d.u.i.k.p.r.p.TestFile    Now processing file /home/runner/work/key/key/key.core/../key.ui/examples/standard_key/quantifiers/normalisation4.key 
262289     INFO  main            d.u.i.k.p.i.AbstractProblemLoader Loading environment from /home/runner/work/key/key/key.core/../key.ui/examples/standard_key/quantifiers/normalisation4.key 
262289     DEBUG main            d.u.i.k.p.i.AbstractProblemLoader Environment load took 72.5ns 
262290     INFO  main            d.u.i.k.p.i.AbstractProblemLoader Creating init config 
264869     DEBUG main            d.u.i.k.p.i.AbstractProblemLoader Init config took 2.58s 
264884     INFO  main            d.u.i.k.p.i.AbstractProblemLoader Replaying proof normalisation4.key 
264885     DEBUG main            d.u.i.k.p.i.IntermediateProofReplayer Proof replay took 7.5ns 
264988     INFO  main            d.u.i.k.p.r.p.TestFile    ... finished proof: closed. 
265378     INFO  main            d.u.i.k.p.i.AbstractProblemLoader Loading environment from /home/runner/work/key/key/key.core/../key.ui/examples/standard_key/quantifiers/normalisation4.key.proof 
265379     DEBUG main            d.u.i.k.p.i.AbstractProblemLoader Environment load took 102ns 
265380     INFO  main            d.u.i.k.p.i.AbstractProblemLoader Creating init config 
267917     DEBUG main            d.u.i.k.p.i.AbstractProblemLoader Init config took 2.54s 
267933     INFO  main            d.u.i.k.p.i.AbstractProblemLoader Replaying proof normalisation4.key.proof 
267939     DEBUG main            d.u.i.k.p.i.IntermediateProofReplayer Proof replay took 4.41ms 
267940     DEBUG main            d.u.i.k.p.r.p.TestFile    ... success: reloaded. 
267941     INFO  main            d.u.i.k.p.r.p.TestFile    Now processing file /home/runner/work/key/key/key.core/../key.ui/examples/standard_key/quantifiers/normalisation5.key 
267941     INFO  main            d.u.i.k.p.i.AbstractProblemLoader Loading environment from /home/runner/work/key/key/key.core/../key.ui/examples/standard_key/quantifiers/normalisation5.key 
267941     DEBUG main            d.u.i.k.p.i.AbstractProblemLoader Environment load took 94.5ns 
267942     INFO  main            d.u.i.k.p.i.AbstractProblemLoader Creating init config 
270552     DEBUG main            d.u.i.k.p.i.AbstractProblemLoader Init config took 2.61s 
270567     INFO  main            d.u.i.k.p.i.AbstractProblemLoader Replaying proof normalisation5.key 
270569     DEBUG main            d.u.i.k.p.i.IntermediateProofReplayer Proof replay took 7ns 
270670     INFO  main            d.u.i.k.p.r.p.TestFile    ... finished proof: closed. 
271099     INFO  main            d.u.i.k.p.i.AbstractProblemLoader Loading environment from /home/runner/work/key/key/key.core/../key.ui/examples/standard_key/quantifiers/normalisation5.key.proof 
271099     DEBUG main            d.u.i.k.p.i.AbstractProblemLoader Environment load took 107.1ns 
271100     INFO  main            d.u.i.k.p.i.AbstractProblemLoader Creating init config 
273685     DEBUG main            d.u.i.k.p.i.AbstractProblemLoader Init config took 2.58s 
273700     INFO  main            d.u.i.k.p.i.AbstractProblemLoader Replaying proof normalisation5.key.proof 
273705     DEBUG main            d.u.i.k.p.i.IntermediateProofReplayer Proof replay took 3.74ms 
273706     DEBUG main            d.u.i.k.p.r.p.TestFile    ... success: reloaded. 
273707     INFO  main            d.u.i.k.p.r.p.TestFile    Now processing file /home/runner/work/key/key/key.core/../key.ui/examples/standard_key/quantifiers/normalisation6.key 
273707     INFO  main            d.u.i.k.p.i.AbstractProblemLoader Loading environment from /home/runner/work/key/key/key.core/../key.ui/examples/standard_key/quantifiers/normalisation6.key 
273707     DEBUG main            d.u.i.k.p.i.AbstractProblemLoader Environment load took 171.3ns 
273708     INFO  main            d.u.i.k.p.i.AbstractProblemLoader Creating init config 
276262     DEBUG main            d.u.i.k.p.i.AbstractProblemLoader Init config took 2.55s 
276277     INFO  main            d.u.i.k.p.i.AbstractProblemLoader Replaying proof normalisation6.key 
276278     DEBUG main            d.u.i.k.p.i.IntermediateProofReplayer Proof replay took 7.1ns 
276381     INFO  main            d.u.i.k.p.r.p.TestFile    ... finished proof: closed. 
276795     INFO  main            d.u.i.k.p.i.AbstractProblemLoader Loading environment from /home/runner/work/key/key/key.core/../key.ui/examples/standard_key/quantifiers/normalisation6.key.proof 
276795     DEBUG main            d.u.i.k.p.i.AbstractProblemLoader Environment load took 91.9ns 
276796     INFO  main            d.u.i.k.p.i.AbstractProblemLoader Creating init config 
279319     DEBUG main            d.u.i.k.p.i.AbstractProblemLoader Init config took 2.52s 
279334     INFO  main            d.u.i.k.p.i.AbstractProblemLoader Replaying proof normalisation6.key.proof 
279338     DEBUG main            d.u.i.k.p.i.IntermediateProofReplayer Proof replay took 2.27ms 
279339     DEBUG main            d.u.i.k.p.r.p.TestFile    ... success: reloaded. 
279339     INFO  main            d.u.i.k.p.r.p.TestFile    Now processing file /home/runner/work/key/key/key.core/../key.ui/examples/standard_key/quantifiers/normalisation7.key 
279340     INFO  main            d.u.i.k.p.i.AbstractProblemLoader Loading environment from /home/runner/work/key/key/key.core/../key.ui/examples/standard_key/quantifiers/normalisation7.key 
279340     DEBUG main            d.u.i.k.p.i.AbstractProblemLoader Environment load took 47.5ns 
279341     INFO  main            d.u.i.k.p.i.AbstractProblemLoader Creating init config 
281900     DEBUG main            d.u.i.k.p.i.AbstractProblemLoader Init config took 2.56s 
281916     INFO  main            d.u.i.k.p.i.AbstractProblemLoader Replaying proof normalisation7.key 
281917     DEBUG main            d.u.i.k.p.i.IntermediateProofReplayer Proof replay took 7.6ns 
282019     INFO  main            d.u.i.k.p.r.p.TestFile    ... finished proof: closed. 
282429     INFO  main            d.u.i.k.p.i.AbstractProblemLoader Loading environment from /home/runner/work/key/key/key.core/../key.ui/examples/standard_key/quantifiers/normalisation7.key.proof 
282429     DEBUG main            d.u.i.k.p.i.AbstractProblemLoader Environment load took 113ns 
282430     INFO  main            d.u.i.k.p.i.AbstractProblemLoader Creating init config 
284956     DEBUG main            d.u.i.k.p.i.AbstractProblemLoader Init config took 2.53s 
284977     INFO  main            d.u.i.k.p.i.AbstractProblemLoader Replaying proof normalisation7.key.proof 
284981     DEBUG main            d.u.i.k.p.i.IntermediateProofReplayer Proof replay took 2.16ms 
284982     DEBUG main            d.u.i.k.p.r.p.TestFile    ... success: reloaded. 
284982     INFO  main            d.u.i.k.p.r.p.TestFile    Now processing file /home/runner/work/key/key/key.core/../key.ui/examples/standard_key/quantifiers/normalisation8.key 
284982     INFO  main            d.u.i.k.p.i.AbstractProblemLoader Loading environment from /home/runner/work/key/key/key.core/../key.ui/examples/standard_key/quantifiers/normalisation8.key 
284982     DEBUG main            d.u.i.k.p.i.AbstractProblemLoader Environment load took 49.5ns 
284983     INFO  main            d.u.i.k.p.i.AbstractProblemLoader Creating init config 
287568     DEBUG main            d.u.i.k.p.i.AbstractProblemLoader Init config took 2.58s 
287588     INFO  main            d.u.i.k.p.i.AbstractProblemLoader Replaying proof normalisation8.key 
287590     DEBUG main            d.u.i.k.p.i.IntermediateProofReplayer Proof replay took 7.3ns 
287693     INFO  main            d.u.i.k.p.r.p.TestFile    ... finished proof: closed. 
288145     INFO  main            d.u.i.k.p.i.AbstractProblemLoader Loading environment from /home/runner/work/key/key/key.core/../key.ui/examples/standard_key/quantifiers/normalisation8.key.proof 
288145     DEBUG main            d.u.i.k.p.i.AbstractProblemLoader Environment load took 89.5ns 
288146     INFO  main            d.u.i.k.p.i.AbstractProblemLoader Creating init config 
290709     DEBUG main            d.u.i.k.p.i.AbstractProblemLoader Init config took 2.56s 
290726     INFO  main            d.u.i.k.p.i.AbstractProblemLoader Replaying proof normalisation8.key.proof 
290732     DEBUG main            d.u.i.k.p.i.IntermediateProofReplayer Proof replay took 5.38ms 
290733     DEBUG main            d.u.i.k.p.r.p.TestFile    ... success: reloaded. 
290735     INFO  main            d.u.i.k.p.r.p.TestFile    Now processing file /home/runner/work/key/key/key.core/../key.ui/examples/standard_key/quantifiers/normalisation9.key 
290735     INFO  main            d.u.i.k.p.i.AbstractProblemLoader Loading environment from /home/runner/work/key/key/key.core/../key.ui/examples/standard_key/quantifiers/normalisation9.key 
290735     DEBUG main            d.u.i.k.p.i.AbstractProblemLoader Environment load took 75.9ns 
290736     INFO  main            d.u.i.k.p.i.AbstractProblemLoader Creating init config 
293415     DEBUG main            d.u.i.k.p.i.AbstractProblemLoader Init config took 2.68s 
293430     INFO  main            d.u.i.k.p.i.AbstractProblemLoader Replaying proof normalisation9.key 
293431     DEBUG main            d.u.i.k.p.i.IntermediateProofReplayer Proof replay took 8.6ns 
293533     INFO  main            d.u.i.k.p.r.p.TestFile    ... finished proof: closed. 
293962     INFO  main            d.u.i.k.p.i.AbstractProblemLoader Loading environment from /home/runner/work/key/key/key.core/../key.ui/examples/standard_key/quantifiers/normalisation9.key.proof 
293962     DEBUG main            d.u.i.k.p.i.AbstractProblemLoader Environment load took 96.3ns 
293963     INFO  main            d.u.i.k.p.i.AbstractProblemLoader Creating init config 
296486     DEBUG main            d.u.i.k.p.i.AbstractProblemLoader Init config took 2.52s 
296503     INFO  main            d.u.i.k.p.i.AbstractProblemLoader Replaying proof normalisation9.key.proof 
296512     DEBUG main            d.u.i.k.p.i.IntermediateProofReplayer Proof replay took 6.84ms 
296513     DEBUG main            d.u.i.k.p.r.p.TestFile    ... success: reloaded. 
296514     INFO  main            d.u.i.k.p.r.p.TestFile    Now processing file /home/runner/work/key/key/key.core/../key.ui/examples/standard_key/quantifiers/normalisation10.key 
296515     INFO  main            d.u.i.k.p.i.AbstractProblemLoader Loading environment from /home/runner/work/key/key/key.core/../key.ui/examples/standard_key/quantifiers/normalisation10.key 
296515     DEBUG main            d.u.i.k.p.i.AbstractProblemLoader Environment load took 175.9ns 
296516     INFO  main            d.u.i.k.p.i.AbstractProblemLoader Creating init config 
299061     DEBUG main            d.u.i.k.p.i.AbstractProblemLoader Init config took 2.55s 
299077     INFO  main            d.u.i.k.p.i.AbstractProblemLoader Replaying proof normalisation10.key 
299081     DEBUG main            d.u.i.k.p.i.IntermediateProofReplayer Proof replay took 7.9ns 
299184     INFO  main            d.u.i.k.p.r.p.TestFile    ... finished proof: closed. 
299649     INFO  main            d.u.i.k.p.i.AbstractProblemLoader Loading environment from /home/runner/work/key/key/key.core/../key.ui/examples/standard_key/quantifiers/normalisation10.key.proof 
299650     DEBUG main            d.u.i.k.p.i.AbstractProblemLoader Environment load took 95.7ns 
299651     INFO  main            d.u.i.k.p.i.AbstractProblemLoader Creating init config 
302167     DEBUG main            d.u.i.k.p.i.AbstractProblemLoader Init config took 2.52s 
302182     INFO  main            d.u.i.k.p.i.AbstractProblemLoader Replaying proof normalisation10.key.proof 
302188     DEBUG main            d.u.i.k.p.i.IntermediateProofReplayer Proof replay took 4.89ms 
302189     DEBUG main            d.u.i.k.p.r.p.TestFile    ... success: reloaded. 
302190     INFO  main            d.u.i.k.p.r.p.TestFile    Now processing file /home/runner/work/key/key/key.core/../key.ui/examples/standard_key/quantifiers/normalisation12.key 
302190     INFO  main            d.u.i.k.p.i.AbstractProblemLoader Loading environment from /home/runner/work/key/key/key.core/../key.ui/examples/standard_key/quantifiers/normalisation12.key 
302190     DEBUG main            d.u.i.k.p.i.AbstractProblemLoader Environment load took 53.4ns 
302191     INFO  main            d.u.i.k.p.i.AbstractProblemLoader Creating init config 
304780     DEBUG main            d.u.i.k.p.i.AbstractProblemLoader Init config took 2.59s 
304795     INFO  main            d.u.i.k.p.i.AbstractProblemLoader Replaying proof normalisation12.key 
304796     DEBUG main            d.u.i.k.p.i.IntermediateProofReplayer Proof replay took 8ns 
304898     INFO  main            d.u.i.k.p.r.p.TestFile    ... finished proof: closed. 
305354     INFO  main            d.u.i.k.p.i.AbstractProblemLoader Loading environment from /home/runner/work/key/key/key.core/../key.ui/examples/standard_key/quantifiers/normalisation12.key.proof 
305355     DEBUG main            d.u.i.k.p.i.AbstractProblemLoader Environment load took 88.6ns 
305356     INFO  main            d.u.i.k.p.i.AbstractProblemLoader Creating init config 
307851     DEBUG main            d.u.i.k.p.i.AbstractProblemLoader Init config took 2.5s 
307866     INFO  main            d.u.i.k.p.i.AbstractProblemLoader Replaying proof normalisation12.key.proof 
307869     DEBUG main            d.u.i.k.p.i.IntermediateProofReplayer Proof replay took 1.22ms 
307869     DEBUG main            d.u.i.k.p.r.p.TestFile    ... success: reloaded. 
307870     INFO  main            d.u.i.k.p.r.p.TestFile    Now processing file /home/runner/work/key/key/key.core/../key.ui/examples/standard_key/quantifiers/normalisation13.key 
307870     INFO  main            d.u.i.k.p.i.AbstractProblemLoader Loading environment from /home/runner/work/key/key/key.core/../key.ui/examples/standard_key/quantifiers/normalisation13.key 
307871     DEBUG main            d.u.i.k.p.i.AbstractProblemLoader Environment load took 82.7ns 
307871     INFO  main            d.u.i.k.p.i.AbstractProblemLoader Creating init config 
310393     DEBUG main            d.u.i.k.p.i.AbstractProblemLoader Init config took 2.52s 
310408     INFO  main            d.u.i.k.p.i.AbstractProblemLoader Replaying proof normalisation13.key 
310410     DEBUG main            d.u.i.k.p.i.IntermediateProofReplayer Proof replay took 8.5ns 
310511     INFO  main            d.u.i.k.p.r.p.TestFile    ... finished proof: closed. 
310958     INFO  main            d.u.i.k.p.i.AbstractProblemLoader Loading environment from /home/runner/work/key/key/key.core/../key.ui/examples/standard_key/quantifiers/normalisation13.key.proof 
310959     DEBUG main            d.u.i.k.p.i.AbstractProblemLoader Environment load took 112.2ns 
310960     INFO  main            d.u.i.k.p.i.AbstractProblemLoader Creating init config 
313503     DEBUG main            d.u.i.k.p.i.AbstractProblemLoader Init config took 2.54s 
313518     INFO  main            d.u.i.k.p.i.AbstractProblemLoader Replaying proof normalisation13.key.proof 
313520     DEBUG main            d.u.i.k.p.i.IntermediateProofReplayer Proof replay took 554.11ns 
313521     DEBUG main            d.u.i.k.p.r.p.TestFile    ... success: reloaded. 
313521     INFO  main            d.u.i.k.p.r.p.TestFile    Now processing file /home/runner/work/key/key/key.core/../key.ui/examples/standard_key/quantifiers/triggers0.key 
313522     INFO  main            d.u.i.k.p.i.AbstractProblemLoader Loading environment from /home/runner/work/key/key/key.core/../key.ui/examples/standard_key/quantifiers/triggers0.key 
313522     DEBUG main            d.u.i.k.p.i.AbstractProblemLoader Environment load took 53.1ns 
313523     INFO  main            d.u.i.k.p.i.AbstractProblemLoader Creating init config 
316083     DEBUG main            d.u.i.k.p.i.AbstractProblemLoader Init config took 2.56s 
316098     INFO  main            d.u.i.k.p.i.AbstractProblemLoader Replaying proof triggers0.key 
316099     DEBUG main            d.u.i.k.p.i.IntermediateProofReplayer Proof replay took 7.5ns 
316202     INFO  main            d.u.i.k.p.r.p.TestFile    ... finished proof: closed. 
316665     INFO  main            d.u.i.k.p.i.AbstractProblemLoader Loading environment from /home/runner/work/key/key/key.core/../key.ui/examples/standard_key/quantifiers/triggers0.key.proof 
316665     DEBUG main            d.u.i.k.p.i.AbstractProblemLoader Environment load took 94.6ns 
316666     INFO  main            d.u.i.k.p.i.AbstractProblemLoader Creating init config 
319181     DEBUG main            d.u.i.k.p.i.AbstractProblemLoader Init config took 2.51s 
319196     INFO  main            d.u.i.k.p.i.AbstractProblemLoader Replaying proof triggers0.key.proof 
319198     DEBUG main            d.u.i.k.p.i.IntermediateProofReplayer Proof replay took 1.55ms 
319199     DEBUG main            d.u.i.k.p.r.p.TestFile    ... success: reloaded. 
4541841    INFO  Test worker     d.u.i.k.p.r.RunAllProofsTestUnit Returning from test FOL 
4541844    INFO  Test worker     d.u.i.k.p.r.RunAllProofsTestUnit Running test strings 
409        INFO  Timeout watchdog d.u.i.k.p.r.p.ForkedTestFileRunner Timeout watcher launched (2000 secs.) 
440        WARN  main            d.u.i.k.s.ProofSettings   The settings in /home/runner/.key/proof-settings.props are *not* read. 
496        INFO  main            d.u.i.k.p.r.p.TestFile    Now processing file /home/runner/work/key/key/key.core/../key.ui/examples/standard_key/strings/charAt0.key 
648        INFO  main            d.u.i.k.p.i.AbstractProblemLoader Loading environment from /home/runner/work/key/key/key.core/../key.ui/examples/standard_key/strings/charAt0.key 
666        DEBUG main            d.u.i.k.p.i.AbstractProblemLoader Environment load took 2.36ms 
968        INFO  main            d.u.i.k.p.i.AbstractProblemLoader Creating init config 
2078       DEBUG main            d.u.i.k.j.TypeConverter   No LDT found for Meta 
2079       DEBUG main            d.u.i.k.j.TypeConverter   No LDT found for Meta 
2082       DEBUG main            d.u.i.k.j.TypeConverter   No LDT found for Meta 
2082       DEBUG main            d.u.i.k.j.TypeConverter   No LDT found for Meta 
3564       DEBUG main            d.u.i.k.j.TypeConverter   No LDT found for JavaBigintExpression 
8629       DEBUG main            d.u.i.k.p.i.AbstractProblemLoader Init config took 7.66s 
8690       INFO  main            d.u.i.k.p.i.AbstractProblemLoader Replaying proof charAt0.key 
8727       DEBUG main            d.u.i.k.p.i.IntermediateProofReplayer Proof replay took 43.1ns 
9126       INFO  main            d.u.i.k.p.r.p.TestFile    ... finished proof: closed. 
9244       INFO  main            d.u.i.k.p.i.AbstractProblemLoader Loading environment from /home/runner/work/key/key/key.core/../key.ui/examples/standard_key/strings/charAt0.key.proof 
9244       DEBUG main            d.u.i.k.p.i.AbstractProblemLoader Environment load took 428.61ns 
9249       INFO  main            d.u.i.k.p.i.AbstractProblemLoader Creating init config 
12373      DEBUG main            d.u.i.k.p.i.AbstractProblemLoader Init config took 3.12s 
12404      INFO  main            d.u.i.k.p.i.AbstractProblemLoader Replaying proof charAt0.key.proof 
12428      DEBUG main            d.u.i.k.p.i.IntermediateProofReplayer Proof replay took 18.7ms 
12442      DEBUG main            d.u.i.k.p.r.p.TestFile    ... success: reloaded. 
12443      INFO  main            d.u.i.k.p.r.p.TestFile    Now processing file /home/runner/work/key/key/key.core/../key.ui/examples/standard_key/strings/charAt1.key 
12444      INFO  main            d.u.i.k.p.i.AbstractProblemLoader Loading environment from /home/runner/work/key/key/key.core/../key.ui/examples/standard_key/strings/charAt1.key 
12444      DEBUG main            d.u.i.k.p.i.AbstractProblemLoader Environment load took 255.21ns 
12446      INFO  main            d.u.i.k.p.i.AbstractProblemLoader Creating init config 
15368      DEBUG main            d.u.i.k.p.i.AbstractProblemLoader Init config took 2.92s 
15398      INFO  main            d.u.i.k.p.i.AbstractProblemLoader Replaying proof charAt1.key 
15401      DEBUG main            d.u.i.k.p.i.IntermediateProofReplayer Proof replay took 6.8ns 
15604      INFO  main            d.u.i.k.p.r.p.TestFile    ... finished proof: closed. 
15752      INFO  main            d.u.i.k.p.i.AbstractProblemLoader Loading environment from /home/runner/work/key/key/key.core/../key.ui/examples/standard_key/strings/charAt1.key.proof 
15752      DEBUG main            d.u.i.k.p.i.AbstractProblemLoader Environment load took 389.91ns 
15756      INFO  main            d.u.i.k.p.i.AbstractProblemLoader Creating init config 
18644      DEBUG main            d.u.i.k.p.i.AbstractProblemLoader Init config took 2.89s 
18669      INFO  main            d.u.i.k.p.i.AbstractProblemLoader Replaying proof charAt1.key.proof 
18694      DEBUG main            d.u.i.k.p.i.IntermediateProofReplayer Proof replay took 21.25ms 
18695      DEBUG main            d.u.i.k.p.r.p.TestFile    ... success: reloaded. 
18696      INFO  main            d.u.i.k.p.r.p.TestFile    Now processing file /home/runner/work/key/key/key.core/../key.ui/examples/standard_key/strings/concat1.key 
18697      INFO  main            d.u.i.k.p.i.AbstractProblemLoader Loading environment from /home/runner/work/key/key/key.core/../key.ui/examples/standard_key/strings/concat1.key 
18697      DEBUG main            d.u.i.k.p.i.AbstractProblemLoader Environment load took 133.5ns 
18699      INFO  main            d.u.i.k.p.i.AbstractProblemLoader Creating init config 
21625      DEBUG main            d.u.i.k.p.i.AbstractProblemLoader Init config took 2.93s 
21648      INFO  main            d.u.i.k.p.i.AbstractProblemLoader Replaying proof concat1.key 
21650      DEBUG main            d.u.i.k.p.i.IntermediateProofReplayer Proof replay took 6.9ns 
21754      INFO  main            d.u.i.k.p.r.p.TestFile    ... finished proof: closed. 
21935      INFO  main            d.u.i.k.p.i.AbstractProblemLoader Loading environment from /home/runner/work/key/key/key.core/../key.ui/examples/standard_key/strings/concat1.key.proof 
21935      DEBUG main            d.u.i.k.p.i.AbstractProblemLoader Environment load took 136.1ns 
21937      INFO  main            d.u.i.k.p.i.AbstractProblemLoader Creating init config 
24668      DEBUG main            d.u.i.k.p.i.AbstractProblemLoader Init config took 2.73s 
24691      INFO  main            d.u.i.k.p.i.AbstractProblemLoader Replaying proof concat1.key.proof 
24694      DEBUG main            d.u.i.k.p.i.IntermediateProofReplayer Proof replay took 1.61ms 
24695      DEBUG main            d.u.i.k.p.r.p.TestFile    ... success: reloaded. 
24696      INFO  main            d.u.i.k.p.r.p.TestFile    Now processing file /home/runner/work/key/key/key.core/../key.ui/examples/standard_key/strings/concat2.key 
24697      INFO  main            d.u.i.k.p.i.AbstractProblemLoader Loading environment from /home/runner/work/key/key/key.core/../key.ui/examples/standard_key/strings/concat2.key 
24697      DEBUG main            d.u.i.k.p.i.AbstractProblemLoader Environment load took 210.6ns 
24698      INFO  main            d.u.i.k.p.i.AbstractProblemLoader Creating init config 
27444      DEBUG main            d.u.i.k.p.i.AbstractProblemLoader Init config took 2.75s 
27466      INFO  main            d.u.i.k.p.i.AbstractProblemLoader Replaying proof concat2.key 
27468      DEBUG main            d.u.i.k.p.i.IntermediateProofReplayer Proof replay took 6.5ns 
27572      INFO  main            d.u.i.k.p.r.p.TestFile    ... finished proof: closed. 
27787      INFO  main            d.u.i.k.p.i.AbstractProblemLoader Loading environment from /home/runner/work/key/key/key.core/../key.ui/examples/standard_key/strings/concat2.key.proof 
27787      DEBUG main            d.u.i.k.p.i.AbstractProblemLoader Environment load took 132.6ns 
27792      INFO  main            d.u.i.k.p.i.AbstractProblemLoader Creating init config 
30567      DEBUG main            d.u.i.k.p.i.AbstractProblemLoader Init config took 2.78s 
30589      INFO  main            d.u.i.k.p.i.AbstractProblemLoader Replaying proof concat2.key.proof 
30616      DEBUG main            d.u.i.k.p.i.IntermediateProofReplayer Proof replay took 24.65ms 
30620      DEBUG main            d.u.i.k.p.r.p.TestFile    ... success: reloaded. 
30621      INFO  main            d.u.i.k.p.r.p.TestFile    Now processing file /home/runner/work/key/key/key.core/../key.ui/examples/standard_key/strings/deriveLength1.key 
30621      INFO  main            d.u.i.k.p.i.AbstractProblemLoader Loading environment from /home/runner/work/key/key/key.core/../key.ui/examples/standard_key/strings/deriveLength1.key 
30621      DEBUG main            d.u.i.k.p.i.AbstractProblemLoader Environment load took 122.9ns 
30623      INFO  main            d.u.i.k.p.i.AbstractProblemLoader Creating init config 
33341      DEBUG main            d.u.i.k.p.i.AbstractProblemLoader Init config took 2.72s 
33362      INFO  main            d.u.i.k.p.i.AbstractProblemLoader Replaying proof deriveLength1.key 
33364      DEBUG main            d.u.i.k.p.i.IntermediateProofReplayer Proof replay took 7.4ns 
33468      INFO  main            d.u.i.k.p.r.p.TestFile    ... finished proof: closed. 
33643      INFO  main            d.u.i.k.p.i.AbstractProblemLoader Loading environment from /home/runner/work/key/key/key.core/../key.ui/examples/standard_key/strings/deriveLength1.key.proof 
33643      DEBUG main            d.u.i.k.p.i.AbstractProblemLoader Environment load took 421.61ns 
33645      INFO  main            d.u.i.k.p.i.AbstractProblemLoader Creating init config 
36380      DEBUG main            d.u.i.k.p.i.AbstractProblemLoader Init config took 2.74s 
36401      INFO  main            d.u.i.k.p.i.AbstractProblemLoader Replaying proof deriveLength1.key.proof 
36413      DEBUG main            d.u.i.k.p.i.IntermediateProofReplayer Proof replay took 9.55ms 
36414      DEBUG main            d.u.i.k.p.r.p.TestFile    ... success: reloaded. 
36415      INFO  main            d.u.i.k.p.r.p.TestFile    Now processing file /home/runner/work/key/key/key.core/../key.ui/examples/standard_key/strings/emptyStringLengthZero.key 
36415      INFO  main            d.u.i.k.p.i.AbstractProblemLoader Loading environment from /home/runner/work/key/key/key.core/../key.ui/examples/standard_key/strings/emptyStringLengthZero.key 
36415      DEBUG main            d.u.i.k.p.i.AbstractProblemLoader Environment load took 121.5ns 
36416      INFO  main            d.u.i.k.p.i.AbstractProblemLoader Creating init config 
39140      DEBUG main            d.u.i.k.p.i.AbstractProblemLoader Init config took 2.72s 
39161      INFO  main            d.u.i.k.p.i.AbstractProblemLoader Replaying proof emptyStringLengthZero.key 
39162      DEBUG main            d.u.i.k.p.i.IntermediateProofReplayer Proof replay took 7.4ns 
39268      INFO  main            d.u.i.k.p.r.p.TestFile    ... finished proof: closed. 
39494      INFO  main            d.u.i.k.p.i.AbstractProblemLoader Loading environment from /home/runner/work/key/key/key.core/../key.ui/examples/standard_key/strings/emptyStringLengthZero.key.proof 
39494      DEBUG main            d.u.i.k.p.i.AbstractProblemLoader Environment load took 134.1ns 
39496      INFO  main            d.u.i.k.p.i.AbstractProblemLoader Creating init config 
42260      DEBUG main            d.u.i.k.p.i.AbstractProblemLoader Init config took 2.76s 
42281      INFO  main            d.u.i.k.p.i.AbstractProblemLoader Replaying proof emptyStringLengthZero.key.proof 
42287      DEBUG main            d.u.i.k.p.i.IntermediateProofReplayer Proof replay took 3.85ms 
42288      DEBUG main            d.u.i.k.p.r.p.TestFile    ... success: reloaded. 
42289      INFO  main            d.u.i.k.p.r.p.TestFile    Now processing file /home/runner/work/key/key/key.core/../key.ui/examples/standard_key/strings/implicitBooleanStringConversion.key 
42289      INFO  main            d.u.i.k.p.i.AbstractProblemLoader Loading environment from /home/runner/work/key/key/key.core/../key.ui/examples/standard_key/strings/implicitBooleanStringConversion.key 
42289      DEBUG main            d.u.i.k.p.i.AbstractProblemLoader Environment load took 210.1ns 
42290      INFO  main            d.u.i.k.p.i.AbstractProblemLoader Creating init config 
45023      DEBUG main            d.u.i.k.p.i.AbstractProblemLoader Init config took 2.73s 
45045      INFO  main            d.u.i.k.p.i.AbstractProblemLoader Replaying proof implicitBooleanStringConversion.key 
45047      DEBUG main            d.u.i.k.p.i.IntermediateProofReplayer Proof replay took 6.8ns 
46065      INFO  main            d.u.i.k.p.r.p.TestFile    ... finished proof: closed. 
46276      INFO  main            d.u.i.k.p.i.AbstractProblemLoader Loading environment from /home/runner/work/key/key/key.core/../key.ui/examples/standard_key/strings/implicitBooleanStringConversion.key.proof 
46276      DEBUG main            d.u.i.k.p.i.AbstractProblemLoader Environment load took 317.01ns 
46279      INFO  main            d.u.i.k.p.i.AbstractProblemLoader Creating init config 
49022      DEBUG main            d.u.i.k.p.i.AbstractProblemLoader Init config took 2.74s 
49043      INFO  main            d.u.i.k.p.i.AbstractProblemLoader Replaying proof implicitBooleanStringConversion.key.proof 
49149      DEBUG main            d.u.i.k.p.i.IntermediateProofReplayer Proof replay took 100.64ms 
49150      DEBUG main            d.u.i.k.p.r.p.TestFile    ... success: reloaded. 
49151      INFO  main            d.u.i.k.p.r.p.TestFile    Now processing file /home/runner/work/key/key/key.core/../key.ui/examples/standard_key/strings/implicitBooleanStringConversion2.key 
49152      INFO  main            d.u.i.k.p.i.AbstractProblemLoader Loading environment from /home/runner/work/key/key/key.core/../key.ui/examples/standard_key/strings/implicitBooleanStringConversion2.key 
49152      DEBUG main            d.u.i.k.p.i.AbstractProblemLoader Environment load took 209.6ns 
49153      INFO  main            d.u.i.k.p.i.AbstractProblemLoader Creating init config 
51927      DEBUG main            d.u.i.k.p.i.AbstractProblemLoader Init config took 2.77s 
51948      INFO  main            d.u.i.k.p.i.AbstractProblemLoader Replaying proof implicitBooleanStringConversion2.key 
51950      DEBUG main            d.u.i.k.p.i.IntermediateProofReplayer Proof replay took 8ns 
52253      INFO  main            d.u.i.k.p.r.p.TestFile    ... finished proof: closed. 
52495      INFO  main            d.u.i.k.p.i.AbstractProblemLoader Loading environment from /home/runner/work/key/key/key.core/../key.ui/examples/standard_key/strings/implicitBooleanStringConversion2.key.proof 
52496      DEBUG main            d.u.i.k.p.i.AbstractProblemLoader Environment load took 433.11ns 
52497      INFO  main            d.u.i.k.p.i.AbstractProblemLoader Creating init config 
55209      DEBUG main            d.u.i.k.p.i.AbstractProblemLoader Init config took 2.71s 
55230      INFO  main            d.u.i.k.p.i.AbstractProblemLoader Replaying proof implicitBooleanStringConversion2.key.proof 
55278      DEBUG main            d.u.i.k.p.i.IntermediateProofReplayer Proof replay took 44.4ms 
55280      DEBUG main            d.u.i.k.p.r.p.TestFile    ... success: reloaded. 
55281      INFO  main            d.u.i.k.p.r.p.TestFile    Now processing file /home/runner/work/key/key/key.core/../key.ui/examples/standard_key/strings/implicitIntStringConversion.key 
55283      INFO  main            d.u.i.k.p.i.AbstractProblemLoader Loading environment from /home/runner/work/key/key/key.core/../key.ui/examples/standard_key/strings/implicitIntStringConversion.key 
55283      DEBUG main            d.u.i.k.p.i.AbstractProblemLoader Environment load took 233.81ns 
55285      INFO  main            d.u.i.k.p.i.AbstractProblemLoader Creating init config 
58086      DEBUG main            d.u.i.k.p.i.AbstractProblemLoader Init config took 2.8s 
58106      INFO  main            d.u.i.k.p.i.AbstractProblemLoader Replaying proof implicitIntStringConversion.key 
58107      DEBUG main            d.u.i.k.p.i.IntermediateProofReplayer Proof replay took 6.3ns 
58812      INFO  main            d.u.i.k.p.r.p.TestFile    ... finished proof: closed. 
59087      INFO  main            d.u.i.k.p.i.AbstractProblemLoader Loading environment from /home/runner/work/key/key/key.core/../key.ui/examples/standard_key/strings/implicitIntStringConversion.key.proof 
59092      DEBUG main            d.u.i.k.p.i.AbstractProblemLoader Environment load took 4.92ms 
59095      INFO  main            d.u.i.k.p.i.AbstractProblemLoader Creating init config 
61849      DEBUG main            d.u.i.k.p.i.AbstractProblemLoader Init config took 2.75s 
61869      INFO  main            d.u.i.k.p.i.AbstractProblemLoader Replaying proof implicitIntStringConversion.key.proof 
61963      DEBUG main            d.u.i.k.p.i.IntermediateProofReplayer Proof replay took 88.89ms 
61966      DEBUG main            d.u.i.k.p.r.p.TestFile    ... success: reloaded. 
61967      INFO  main            d.u.i.k.p.r.p.TestFile    Now processing file /home/runner/work/key/key/key.core/../key.ui/examples/standard_key/strings/implicitNullStringConversion.key 
61968      INFO  main            d.u.i.k.p.i.AbstractProblemLoader Loading environment from /home/runner/work/key/key/key.core/../key.ui/examples/standard_key/strings/implicitNullStringConversion.key 
61968      DEBUG main            d.u.i.k.p.i.AbstractProblemLoader Environment load took 202.41ns 
61969      INFO  main            d.u.i.k.p.i.AbstractProblemLoader Creating init config 
64680      DEBUG main            d.u.i.k.p.i.AbstractProblemLoader Init config took 2.71s 
64701      INFO  main            d.u.i.k.p.i.AbstractProblemLoader Replaying proof implicitNullStringConversion.key 
64703      DEBUG main            d.u.i.k.p.i.IntermediateProofReplayer Proof replay took 7.6ns 
65007      INFO  main            d.u.i.k.p.r.p.TestFile    ... finished proof: closed. 
65238      INFO  main            d.u.i.k.p.i.AbstractProblemLoader Loading environment from /home/runner/work/key/key/key.core/../key.ui/examples/standard_key/strings/implicitNullStringConversion.key.proof 
65239      DEBUG main            d.u.i.k.p.i.AbstractProblemLoader Environment load took 939.62ns 
65241      INFO  main            d.u.i.k.p.i.AbstractProblemLoader Creating init config 
67921      DEBUG main            d.u.i.k.p.i.AbstractProblemLoader Init config took 2.68s 
67942      INFO  main            d.u.i.k.p.i.AbstractProblemLoader Replaying proof implicitNullStringConversion.key.proof 
67978      DEBUG main            d.u.i.k.p.i.IntermediateProofReplayer Proof replay took 33.38ms 
67980      DEBUG main            d.u.i.k.p.r.p.TestFile    ... success: reloaded. 
67980      INFO  main            d.u.i.k.p.r.p.TestFile    Now processing file /home/runner/work/key/key/key.core/../key.ui/examples/standard_key/strings/implicitNullStringConversion2.key 
67981      INFO  main            d.u.i.k.p.i.AbstractProblemLoader Loading environment from /home/runner/work/key/key/key.core/../key.ui/examples/standard_key/strings/implicitNullStringConversion2.key 
67981      DEBUG main            d.u.i.k.p.i.AbstractProblemLoader Environment load took 220.21ns 
67982      INFO  main            d.u.i.k.p.i.AbstractProblemLoader Creating init config 
70710      DEBUG main            d.u.i.k.p.i.AbstractProblemLoader Init config took 2.73s 
70729      INFO  main            d.u.i.k.p.i.AbstractProblemLoader Replaying proof implicitNullStringConversion2.key 
70731      DEBUG main            d.u.i.k.p.i.IntermediateProofReplayer Proof replay took 7.2ns 
70934      INFO  main            d.u.i.k.p.r.p.TestFile    ... finished proof: closed. 
71173      INFO  main            d.u.i.k.p.i.AbstractProblemLoader Loading environment from /home/runner/work/key/key/key.core/../key.ui/examples/standard_key/strings/implicitNullStringConversion2.key.proof 
71174      DEBUG main            d.u.i.k.p.i.AbstractProblemLoader Environment load took 372.11ns 
71175      INFO  main            d.u.i.k.p.i.AbstractProblemLoader Creating init config 
73765      DEBUG main            d.u.i.k.p.i.AbstractProblemLoader Init config took 2.59s 
73784      INFO  main            d.u.i.k.p.i.AbstractProblemLoader Replaying proof implicitNullStringConversion2.key.proof 
73810      DEBUG main            d.u.i.k.p.i.IntermediateProofReplayer Proof replay took 23.77ms 
73812      DEBUG main            d.u.i.k.p.r.p.TestFile    ... success: reloaded. 
73813      INFO  main            d.u.i.k.p.r.p.TestFile    Now processing file /home/runner/work/key/key/key.core/../key.ui/examples/standard_key/strings/implicitObjectStringConversion.key 
73813      INFO  main            d.u.i.k.p.i.AbstractProblemLoader Loading environment from /home/runner/work/key/key/key.core/../key.ui/examples/standard_key/strings/implicitObjectStringConversion.key 
73813      DEBUG main            d.u.i.k.p.i.AbstractProblemLoader Environment load took 69.3ns 
73815      INFO  main            d.u.i.k.p.i.AbstractProblemLoader Creating init config 
76836      DEBUG main            d.u.i.k.p.i.AbstractProblemLoader Init config took 3.02s 
76856      INFO  main            d.u.i.k.p.i.AbstractProblemLoader Replaying proof implicitObjectStringConversion.key 
76858      DEBUG main            d.u.i.k.p.i.IntermediateProofReplayer Proof replay took 8.1ns 
77375      INFO  main            d.u.i.k.p.r.p.TestFile    ... finished proof: closed. 
77624      INFO  main            d.u.i.k.p.i.AbstractProblemLoader Loading environment from /home/runner/work/key/key/key.core/../key.ui/examples/standard_key/strings/implicitObjectStringConversion.key.proof 
77625      DEBUG main            d.u.i.k.p.i.AbstractProblemLoader Environment load took 445.31ns 
77626      INFO  main            d.u.i.k.p.i.AbstractProblemLoader Creating init config 
80502      DEBUG main            d.u.i.k.p.i.AbstractProblemLoader Init config took 2.88s 
80534      INFO  main            d.u.i.k.p.i.AbstractProblemLoader Replaying proof implicitObjectStringConversion.key.proof 
80600      DEBUG main            d.u.i.k.p.i.IntermediateProofReplayer Proof replay took 60.72ms 
80601      DEBUG main            d.u.i.k.p.r.p.TestFile    ... success: reloaded. 
80602      INFO  main            d.u.i.k.p.r.p.TestFile    Now processing file /home/runner/work/key/key/key.core/../key.ui/examples/standard_key/strings/literalEquality.key 
80603      INFO  main            d.u.i.k.p.i.AbstractProblemLoader Loading environment from /home/runner/work/key/key/key.core/../key.ui/examples/standard_key/strings/literalEquality.key 
80603      DEBUG main            d.u.i.k.p.i.AbstractProblemLoader Environment load took 311.61ns 
80604      INFO  main            d.u.i.k.p.i.AbstractProblemLoader Creating init config 
83351      DEBUG main            d.u.i.k.p.i.AbstractProblemLoader Init config took 2.75s 
83369      INFO  main            d.u.i.k.p.i.AbstractProblemLoader Replaying proof literalEquality.key 
83371      DEBUG main            d.u.i.k.p.i.IntermediateProofReplayer Proof replay took 6.9ns 
83475      INFO  main            d.u.i.k.p.r.p.TestFile    ... finished proof: closed. 
83706      INFO  main            d.u.i.k.p.i.AbstractProblemLoader Loading environment from /home/runner/work/key/key/key.core/../key.ui/examples/standard_key/strings/literalEquality.key.proof 
83706      DEBUG main            d.u.i.k.p.i.AbstractProblemLoader Environment load took 130.8ns 
83707      INFO  main            d.u.i.k.p.i.AbstractProblemLoader Creating init config 
86346      DEBUG main            d.u.i.k.p.i.AbstractProblemLoader Init config took 2.64s 
86364      INFO  main            d.u.i.k.p.i.AbstractProblemLoader Replaying proof literalEquality.key.proof 
86368      DEBUG main            d.u.i.k.p.i.IntermediateProofReplayer Proof replay took 2.12ms 
86368      DEBUG main            d.u.i.k.p.r.p.TestFile    ... success: reloaded. 
86369      INFO  main            d.u.i.k.p.r.p.TestFile    Now processing file /home/runner/work/key/key/key.core/../key.ui/examples/standard_key/strings/replace0.key 
86369      INFO  main            d.u.i.k.p.i.AbstractProblemLoader Loading environment from /home/runner/work/key/key/key.core/../key.ui/examples/standard_key/strings/replace0.key 
86369      DEBUG main            d.u.i.k.p.i.AbstractProblemLoader Environment load took 134.8ns 
86370      INFO  main            d.u.i.k.p.i.AbstractProblemLoader Creating init config 
88946      DEBUG main            d.u.i.k.p.i.AbstractProblemLoader Init config took 2.58s 
88962      INFO  main            d.u.i.k.p.i.AbstractProblemLoader Replaying proof replace0.key 
88964      DEBUG main            d.u.i.k.p.i.IntermediateProofReplayer Proof replay took 6.6ns 
89067      INFO  main            d.u.i.k.p.r.p.TestFile    ... finished proof: closed. 
89334      INFO  main            d.u.i.k.p.i.AbstractProblemLoader Loading environment from /home/runner/work/key/key/key.core/../key.ui/examples/standard_key/strings/replace0.key.proof 
89335      DEBUG main            d.u.i.k.p.i.AbstractProblemLoader Environment load took 177.1ns 
89336      INFO  main            d.u.i.k.p.i.AbstractProblemLoader Creating init config 
91949      DEBUG main            d.u.i.k.p.i.AbstractProblemLoader Init config took 2.61s 
91966      INFO  main            d.u.i.k.p.i.AbstractProblemLoader Replaying proof replace0.key.proof 
91972      DEBUG main            d.u.i.k.p.i.IntermediateProofReplayer Proof replay took 4.73ms 
91974      DEBUG main            d.u.i.k.p.r.p.TestFile    ... success: reloaded. 
91974      INFO  main            d.u.i.k.p.r.p.TestFile    Now processing file /home/runner/work/key/key/key.core/../key.ui/examples/standard_key/strings/replace1.key 
91974      INFO  main            d.u.i.k.p.i.AbstractProblemLoader Loading environment from /home/runner/work/key/key/key.core/../key.ui/examples/standard_key/strings/replace1.key 
91975      DEBUG main            d.u.i.k.p.i.AbstractProblemLoader Environment load took 108.3ns 
91976      INFO  main            d.u.i.k.p.i.AbstractProblemLoader Creating init config 
94624      DEBUG main            d.u.i.k.p.i.AbstractProblemLoader Init config took 2.65s 
94640      INFO  main            d.u.i.k.p.i.AbstractProblemLoader Replaying proof replace1.key 
94641      DEBUG main            d.u.i.k.p.i.IntermediateProofReplayer Proof replay took 6.7ns 
94747      INFO  main            d.u.i.k.p.r.p.TestFile    ... finished proof: closed. 
94979      INFO  main            d.u.i.k.p.i.AbstractProblemLoader Loading environment from /home/runner/work/key/key/key.core/../key.ui/examples/standard_key/strings/replace1.key.proof 
94979      DEBUG main            d.u.i.k.p.i.AbstractProblemLoader Environment load took 124.6ns 
94980      INFO  main            d.u.i.k.p.i.AbstractProblemLoader Creating init config 
97611      DEBUG main            d.u.i.k.p.i.AbstractProblemLoader Init config took 2.63s 
97627      INFO  main            d.u.i.k.p.i.AbstractProblemLoader Replaying proof replace1.key.proof 
97638      DEBUG main            d.u.i.k.p.i.IntermediateProofReplayer Proof replay took 7.12ms 
97639      DEBUG main            d.u.i.k.p.r.p.TestFile    ... success: reloaded. 
97640      INFO  main            d.u.i.k.p.r.p.TestFile    Now processing file /home/runner/work/key/key/key.core/../key.ui/examples/standard_key/strings/simpleAssignment.key 
97640      INFO  main            d.u.i.k.p.i.AbstractProblemLoader Loading environment from /home/runner/work/key/key/key.core/../key.ui/examples/standard_key/strings/simpleAssignment.key 
97640      DEBUG main            d.u.i.k.p.i.AbstractProblemLoader Environment load took 208.71ns 
97641      INFO  main            d.u.i.k.p.i.AbstractProblemLoader Creating init config 
100324     DEBUG main            d.u.i.k.p.i.AbstractProblemLoader Init config took 2.68s 
100341     INFO  main            d.u.i.k.p.i.AbstractProblemLoader Replaying proof simpleAssignment.key 
100343     DEBUG main            d.u.i.k.p.i.IntermediateProofReplayer Proof replay took 7.4ns 
100447     INFO  main            d.u.i.k.p.r.p.TestFile    ... finished proof: closed. 
100688     INFO  main            d.u.i.k.p.i.AbstractProblemLoader Loading environment from /home/runner/work/key/key/key.core/../key.ui/examples/standard_key/strings/simpleAssignment.key.proof 
100688     DEBUG main            d.u.i.k.p.i.AbstractProblemLoader Environment load took 155.7ns 
100690     INFO  main            d.u.i.k.p.i.AbstractProblemLoader Creating init config 
103296     DEBUG main            d.u.i.k.p.i.AbstractProblemLoader Init config took 2.61s 
103313     INFO  main            d.u.i.k.p.i.AbstractProblemLoader Replaying proof simpleAssignment.key.proof 
103316     DEBUG main            d.u.i.k.p.i.IntermediateProofReplayer Proof replay took 1.47ms 
103317     DEBUG main            d.u.i.k.p.r.p.TestFile    ... success: reloaded. 
103318     INFO  main            d.u.i.k.p.r.p.TestFile    Now processing file /home/runner/work/key/key/key.core/../key.ui/examples/standard_key/strings/simpleLengthComp.key 
103319     INFO  main            d.u.i.k.p.i.AbstractProblemLoader Loading environment from /home/runner/work/key/key/key.core/../key.ui/examples/standard_key/strings/simpleLengthComp.key 
103319     DEBUG main            d.u.i.k.p.i.AbstractProblemLoader Environment load took 212.5ns 
103320     INFO  main            d.u.i.k.p.i.AbstractProblemLoader Creating init config 
105997     DEBUG main            d.u.i.k.p.i.AbstractProblemLoader Init config took 2.68s 
106015     INFO  main            d.u.i.k.p.i.AbstractProblemLoader Replaying proof simpleLengthComp.key 
106018     DEBUG main            d.u.i.k.p.i.IntermediateProofReplayer Proof replay took 7.2ns 
106221     INFO  main            d.u.i.k.p.r.p.TestFile    ... finished proof: closed. 
106474     INFO  main            d.u.i.k.p.i.AbstractProblemLoader Loading environment from /home/runner/work/key/key/key.core/../key.ui/examples/standard_key/strings/simpleLengthComp.key.proof 
106474     DEBUG main            d.u.i.k.p.i.AbstractProblemLoader Environment load took 142.7ns 
106476     INFO  main            d.u.i.k.p.i.AbstractProblemLoader Creating init config 
109153     DEBUG main            d.u.i.k.p.i.AbstractProblemLoader Init config took 2.68s 
109171     INFO  main            d.u.i.k.p.i.AbstractProblemLoader Replaying proof simpleLengthComp.key.proof 
109198     DEBUG main            d.u.i.k.p.i.IntermediateProofReplayer Proof replay took 24.96ms 
109199     DEBUG main            d.u.i.k.p.r.p.TestFile    ... success: reloaded. 
109201     INFO  main            d.u.i.k.p.r.p.TestFile    Now processing file /home/runner/work/key/key/key.core/../key.ui/examples/standard_key/strings/stringCompileTimeConstant1.key 
109201     INFO  main            d.u.i.k.p.i.AbstractProblemLoader Loading environment from /home/runner/work/key/key/key.core/../key.ui/examples/standard_key/strings/stringCompileTimeConstant1.key 
109201     DEBUG main            d.u.i.k.p.i.AbstractProblemLoader Environment load took 220.91ns 
109202     INFO  main            d.u.i.k.p.i.AbstractProblemLoader Creating init config 
111920     DEBUG main            d.u.i.k.p.i.AbstractProblemLoader Init config took 2.72s 
111938     INFO  main            d.u.i.k.p.i.AbstractProblemLoader Replaying proof stringCompileTimeConstant1.key 
111939     DEBUG main            d.u.i.k.p.i.IntermediateProofReplayer Proof replay took 7.8ns 
112046     INFO  main            d.u.i.k.p.r.p.TestFile    ... finished proof: closed. 
112309     INFO  main            d.u.i.k.p.i.AbstractProblemLoader Loading environment from /home/runner/work/key/key/key.core/../key.ui/examples/standard_key/strings/stringCompileTimeConstant1.key.proof 
112309     DEBUG main            d.u.i.k.p.i.AbstractProblemLoader Environment load took 111.6ns 
112311     INFO  main            d.u.i.k.p.i.AbstractProblemLoader Creating init config 
114968     DEBUG main            d.u.i.k.p.i.AbstractProblemLoader Init config took 2.66s 
114986     INFO  main            d.u.i.k.p.i.AbstractProblemLoader Replaying proof stringCompileTimeConstant1.key.proof 
114997     DEBUG main            d.u.i.k.p.i.IntermediateProofReplayer Proof replay took 9.36ms 
114999     DEBUG main            d.u.i.k.p.r.p.TestFile    ... success: reloaded. 
115000     INFO  main            d.u.i.k.p.r.p.TestFile    Now processing file /home/runner/work/key/key/key.core/../key.ui/examples/standard_key/strings/stringCompileTimeConstant2.key 
115000     INFO  main            d.u.i.k.p.i.AbstractProblemLoader Loading environment from /home/runner/work/key/key/key.core/../key.ui/examples/standard_key/strings/stringCompileTimeConstant2.key 
115000     DEBUG main            d.u.i.k.p.i.AbstractProblemLoader Environment load took 95.7ns 
115001     INFO  main            d.u.i.k.p.i.AbstractProblemLoader Creating init config 
117990     DEBUG main            d.u.i.k.p.i.AbstractProblemLoader Init config took 2.99s 
118014     INFO  main            d.u.i.k.p.i.AbstractProblemLoader Replaying proof stringCompileTimeConstant2.key 
118018     DEBUG main            d.u.i.k.p.i.IntermediateProofReplayer Proof replay took 9ns 
121142     INFO  main            d.u.i.k.p.r.p.TestFile    ... finished proof: closed. 
121445     INFO  main            d.u.i.k.p.i.AbstractProblemLoader Loading environment from /home/runner/work/key/key/key.core/../key.ui/examples/standard_key/strings/stringCompileTimeConstant2.key.proof 
121445     DEBUG main            d.u.i.k.p.i.AbstractProblemLoader Environment load took 406.61ns 
121447     INFO  main            d.u.i.k.p.i.AbstractProblemLoader Creating init config 
124264     DEBUG main            d.u.i.k.p.i.AbstractProblemLoader Init config took 2.82s 
124282     INFO  main            d.u.i.k.p.i.AbstractProblemLoader Replaying proof stringCompileTimeConstant2.key.proof 
124645     DEBUG main            d.u.i.k.p.i.IntermediateProofReplayer Proof replay took 351.96ms 
124647     DEBUG main            d.u.i.k.p.r.p.TestFile    ... success: reloaded. 
124648     INFO  main            d.u.i.k.p.r.p.TestFile    Now processing file /home/runner/work/key/key/key.core/../key.ui/examples/standard_key/strings/stringEquality1.key 
124648     INFO  main            d.u.i.k.p.i.AbstractProblemLoader Loading environment from /home/runner/work/key/key/key.core/../key.ui/examples/standard_key/strings/stringEquality1.key 
124648     DEBUG main            d.u.i.k.p.i.AbstractProblemLoader Environment load took 188.81ns 
124650     INFO  main            d.u.i.k.p.i.AbstractProblemLoader Creating init config 
127385     DEBUG main            d.u.i.k.p.i.AbstractProblemLoader Init config took 2.74s 
127403     INFO  main            d.u.i.k.p.i.AbstractProblemLoader Replaying proof stringEquality1.key 
127404     DEBUG main            d.u.i.k.p.i.IntermediateProofReplayer Proof replay took 7.2ns 
127507     INFO  main            d.u.i.k.p.r.p.TestFile    ... finished proof: closed. 
127830     INFO  main            d.u.i.k.p.i.AbstractProblemLoader Loading environment from /home/runner/work/key/key/key.core/../key.ui/examples/standard_key/strings/stringEquality1.key.proof 
127830     DEBUG main            d.u.i.k.p.i.AbstractProblemLoader Environment load took 112.1ns 
127832     INFO  main            d.u.i.k.p.i.AbstractProblemLoader Creating init config 
130453     DEBUG main            d.u.i.k.p.i.AbstractProblemLoader Init config took 2.62s 
130469     INFO  main            d.u.i.k.p.i.AbstractProblemLoader Replaying proof stringEquality1.key.proof 
130486     DEBUG main            d.u.i.k.p.i.IntermediateProofReplayer Proof replay took 14.51ms 
130487     DEBUG main            d.u.i.k.p.r.p.TestFile    ... success: reloaded. 
130488     INFO  main            d.u.i.k.p.r.p.TestFile    Now processing file /home/runner/work/key/key/key.core/../key.ui/examples/standard_key/strings/stringEquality2.key 
130488     INFO  main            d.u.i.k.p.i.AbstractProblemLoader Loading environment from /home/runner/work/key/key/key.core/../key.ui/examples/standard_key/strings/stringEquality2.key 
130488     DEBUG main            d.u.i.k.p.i.AbstractProblemLoader Environment load took 186.6ns 
130490     INFO  main            d.u.i.k.p.i.AbstractProblemLoader Creating init config 
133136     DEBUG main            d.u.i.k.p.i.AbstractProblemLoader Init config took 2.65s 
133152     INFO  main            d.u.i.k.p.i.AbstractProblemLoader Replaying proof stringEquality2.key 
133153     DEBUG main            d.u.i.k.p.i.IntermediateProofReplayer Proof replay took 8.8ns 
133557     INFO  main            d.u.i.k.p.r.p.TestFile    ... finished proof: closed. 
133855     INFO  main            d.u.i.k.p.i.AbstractProblemLoader Loading environment from /home/runner/work/key/key/key.core/../key.ui/examples/standard_key/strings/stringEquality2.key.proof 
133855     DEBUG main            d.u.i.k.p.i.AbstractProblemLoader Environment load took 377.11ns 
133856     INFO  main            d.u.i.k.p.i.AbstractProblemLoader Creating init config 
136464     DEBUG main            d.u.i.k.p.i.AbstractProblemLoader Init config took 2.61s 
136481     INFO  main            d.u.i.k.p.i.AbstractProblemLoader Replaying proof stringEquality2.key.proof 
136545     DEBUG main            d.u.i.k.p.i.IntermediateProofReplayer Proof replay took 56.07ms 
136547     DEBUG main            d.u.i.k.p.r.p.TestFile    ... success: reloaded. 
136548     INFO  main            d.u.i.k.p.r.p.TestFile    Now processing file /home/runner/work/key/key/key.core/../key.ui/examples/standard_key/strings/substring0.key 
136549     INFO  main            d.u.i.k.p.i.AbstractProblemLoader Loading environment from /home/runner/work/key/key/key.core/../key.ui/examples/standard_key/strings/substring0.key 
136549     DEBUG main            d.u.i.k.p.i.AbstractProblemLoader Environment load took 218ns 
136550     INFO  main            d.u.i.k.p.i.AbstractProblemLoader Creating init config 
139210     DEBUG main            d.u.i.k.p.i.AbstractProblemLoader Init config took 2.66s 
139226     INFO  main            d.u.i.k.p.i.AbstractProblemLoader Replaying proof substring0.key 
139227     DEBUG main            d.u.i.k.p.i.IntermediateProofReplayer Proof replay took 7.3ns 
139333     INFO  main            d.u.i.k.p.r.p.TestFile    ... finished proof: closed. 
139639     INFO  main            d.u.i.k.p.i.AbstractProblemLoader Loading environment from /home/runner/work/key/key/key.core/../key.ui/examples/standard_key/strings/substring0.key.proof 
139639     DEBUG main            d.u.i.k.p.i.AbstractProblemLoader Environment load took 117.2ns 
139640     INFO  main            d.u.i.k.p.i.AbstractProblemLoader Creating init config 
142258     DEBUG main            d.u.i.k.p.i.AbstractProblemLoader Init config took 2.62s 
142278     INFO  main            d.u.i.k.p.i.AbstractProblemLoader Replaying proof substring0.key.proof 
142281     DEBUG main            d.u.i.k.p.i.IntermediateProofReplayer Proof replay took 574.41ns 
142282     DEBUG main            d.u.i.k.p.r.p.TestFile    ... success: reloaded. 
142283     INFO  main            d.u.i.k.p.r.p.TestFile    Now processing file /home/runner/work/key/key/key.core/../key.ui/examples/standard_key/strings/substring1.key 
142283     INFO  main            d.u.i.k.p.i.AbstractProblemLoader Loading environment from /home/runner/work/key/key/key.core/../key.ui/examples/standard_key/strings/substring1.key 
142283     DEBUG main            d.u.i.k.p.i.AbstractProblemLoader Environment load took 91.5ns 
142284     INFO  main            d.u.i.k.p.i.AbstractProblemLoader Creating init config 
144981     DEBUG main            d.u.i.k.p.i.AbstractProblemLoader Init config took 2.7s 
144996     INFO  main            d.u.i.k.p.i.AbstractProblemLoader Replaying proof substring1.key 
144998     DEBUG main            d.u.i.k.p.i.IntermediateProofReplayer Proof replay took 8.1ns 
145102     INFO  main            d.u.i.k.p.r.p.TestFile    ... finished proof: closed. 
145391     INFO  main            d.u.i.k.p.i.AbstractProblemLoader Loading environment from /home/runner/work/key/key/key.core/../key.ui/examples/standard_key/strings/substring1.key.proof 
145391     DEBUG main            d.u.i.k.p.i.AbstractProblemLoader Environment load took 113.8ns 
145392     INFO  main            d.u.i.k.p.i.AbstractProblemLoader Creating init config 
148034     DEBUG main            d.u.i.k.p.i.AbstractProblemLoader Init config took 2.64s 
148049     INFO  main            d.u.i.k.p.i.AbstractProblemLoader Replaying proof substring1.key.proof 
148051     DEBUG main            d.u.i.k.p.i.IntermediateProofReplayer Proof replay took 452.01ns 
148052     DEBUG main            d.u.i.k.p.r.p.TestFile    ... success: reloaded. 
148053     INFO  main            d.u.i.k.p.r.p.TestFile    Now processing file /home/runner/work/key/key/key.core/../key.ui/examples/standard_key/strings/substring2.key 
148053     INFO  main            d.u.i.k.p.i.AbstractProblemLoader Loading environment from /home/runner/work/key/key/key.core/../key.ui/examples/standard_key/strings/substring2.key 
148053     DEBUG main            d.u.i.k.p.i.AbstractProblemLoader Environment load took 76.4ns 
148054     INFO  main            d.u.i.k.p.i.AbstractProblemLoader Creating init config 
150754     DEBUG main            d.u.i.k.p.i.AbstractProblemLoader Init config took 2.7s 
150770     INFO  main            d.u.i.k.p.i.AbstractProblemLoader Replaying proof substring2.key 
150771     DEBUG main            d.u.i.k.p.i.IntermediateProofReplayer Proof replay took 7.9ns 
150873     INFO  main            d.u.i.k.p.r.p.TestFile    ... finished proof: closed. 
151175     INFO  main            d.u.i.k.p.i.AbstractProblemLoader Loading environment from /home/runner/work/key/key/key.core/../key.ui/examples/standard_key/strings/substring2.key.proof 
151176     DEBUG main            d.u.i.k.p.i.AbstractProblemLoader Environment load took 112.1ns 
151177     INFO  main            d.u.i.k.p.i.AbstractProblemLoader Creating init config 
153802     DEBUG main            d.u.i.k.p.i.AbstractProblemLoader Init config took 2.63s 
153819     INFO  main            d.u.i.k.p.i.AbstractProblemLoader Replaying proof substring2.key.proof 
153823     DEBUG main            d.u.i.k.p.i.IntermediateProofReplayer Proof replay took 933.42ns 
153824     DEBUG main            d.u.i.k.p.r.p.TestFile    ... success: reloaded. 
153825     INFO  main            d.u.i.k.p.r.p.TestFile    Now processing file /home/runner/work/key/key/key.core/../key.ui/examples/standard_key/strings/substring3.key 
153826     INFO  main            d.u.i.k.p.i.AbstractProblemLoader Loading environment from /home/runner/work/key/key/key.core/../key.ui/examples/standard_key/strings/substring3.key 
153826     DEBUG main            d.u.i.k.p.i.AbstractProblemLoader Environment load took 95.6ns 
153827     INFO  main            d.u.i.k.p.i.AbstractProblemLoader Creating init config 
156504     DEBUG main            d.u.i.k.p.i.AbstractProblemLoader Init config took 2.68s 
156519     INFO  main            d.u.i.k.p.i.AbstractProblemLoader Replaying proof substring3.key 
156520     DEBUG main            d.u.i.k.p.i.IntermediateProofReplayer Proof replay took 7.7ns 
156623     INFO  main            d.u.i.k.p.r.p.TestFile    ... finished proof: closed. 
156924     INFO  main            d.u.i.k.p.i.AbstractProblemLoader Loading environment from /home/runner/work/key/key/key.core/../key.ui/examples/standard_key/strings/substring3.key.proof 
156924     DEBUG main            d.u.i.k.p.i.AbstractProblemLoader Environment load took 114.7ns 
156925     INFO  main            d.u.i.k.p.i.AbstractProblemLoader Creating init config 
159577     DEBUG main            d.u.i.k.p.i.AbstractProblemLoader Init config took 2.65s 
159593     INFO  main            d.u.i.k.p.i.AbstractProblemLoader Replaying proof substring3.key.proof 
159598     DEBUG main            d.u.i.k.p.i.IntermediateProofReplayer Proof replay took 2.56ms 
159603     DEBUG main            d.u.i.k.p.r.p.TestFile    ... success: reloaded. 
159604     INFO  main            d.u.i.k.p.r.p.TestFile    Now processing file /home/runner/work/key/key/key.core/../key.ui/examples/standard_key/strings/substring4.key 
159605     INFO  main            d.u.i.k.p.i.AbstractProblemLoader Loading environment from /home/runner/work/key/key/key.core/../key.ui/examples/standard_key/strings/substring4.key 
159608     DEBUG main            d.u.i.k.p.i.AbstractProblemLoader Environment load took 3.5ms 
159610     INFO  main            d.u.i.k.p.i.AbstractProblemLoader Creating init config 
162277     DEBUG main            d.u.i.k.p.i.AbstractProblemLoader Init config took 2.67s 
162293     INFO  main            d.u.i.k.p.i.AbstractProblemLoader Replaying proof substring4.key 
162294     DEBUG main            d.u.i.k.p.i.IntermediateProofReplayer Proof replay took 8.2ns 
162399     INFO  main            d.u.i.k.p.r.p.TestFile    ... finished proof: closed. 
162714     INFO  main            d.u.i.k.p.i.AbstractProblemLoader Loading environment from /home/runner/work/key/key/key.core/../key.ui/examples/standard_key/strings/substring4.key.proof 
162715     DEBUG main            d.u.i.k.p.i.AbstractProblemLoader Environment load took 100.5ns 
162716     INFO  main            d.u.i.k.p.i.AbstractProblemLoader Creating init config 
165269     DEBUG main            d.u.i.k.p.i.AbstractProblemLoader Init config took 2.55s 
165285     INFO  main            d.u.i.k.p.i.AbstractProblemLoader Replaying proof substring4.key.proof 
165290     DEBUG main            d.u.i.k.p.i.IntermediateProofReplayer Proof replay took 3.69ms 
165291     DEBUG main            d.u.i.k.p.r.p.TestFile    ... success: reloaded. 
165291     INFO  main            d.u.i.k.p.r.p.TestFile    Now processing file /home/runner/work/key/key/key.core/../key.ui/examples/standard_key/strings/substring5.key 
165292     INFO  main            d.u.i.k.p.i.AbstractProblemLoader Loading environment from /home/runner/work/key/key/key.core/../key.ui/examples/standard_key/strings/substring5.key 
165292     DEBUG main            d.u.i.k.p.i.AbstractProblemLoader Environment load took 86.3ns 
165293     INFO  main            d.u.i.k.p.i.AbstractProblemLoader Creating init config 
168015     DEBUG main            d.u.i.k.p.i.AbstractProblemLoader Init config took 2.72s 
168032     INFO  main            d.u.i.k.p.i.AbstractProblemLoader Replaying proof substring5.key 
168033     DEBUG main            d.u.i.k.p.i.IntermediateProofReplayer Proof replay took 8.2ns 
168338     INFO  main            d.u.i.k.p.r.p.TestFile    ... finished proof: closed. 
168729     INFO  main            d.u.i.k.p.i.AbstractProblemLoader Loading environment from /home/runner/work/key/key/key.core/../key.ui/examples/standard_key/strings/substring5.key.proof 
168729     DEBUG main            d.u.i.k.p.i.AbstractProblemLoader Environment load took 480.91ns 
168731     INFO  main            d.u.i.k.p.i.AbstractProblemLoader Creating init config 
171284     DEBUG main            d.u.i.k.p.i.AbstractProblemLoader Init config took 2.55s 
171300     INFO  main            d.u.i.k.p.i.AbstractProblemLoader Replaying proof substring5.key.proof 
171331     DEBUG main            d.u.i.k.p.i.IntermediateProofReplayer Proof replay took 26.45ms 
171332     DEBUG main            d.u.i.k.p.r.p.TestFile    ... success: reloaded. 
4713409    INFO  Test worker     d.u.i.k.p.r.RunAllProofsTestUnit Returning from test strings 
4713410    INFO  Test worker     d.u.i.k.p.r.RunAllProofsTestUnit Running test simple_info_flow 
454        INFO  Timeout watchdog d.u.i.k.p.r.p.ForkedTestFileRunner Timeout watcher launched (2000 secs.) 
482        WARN  main            d.u.i.k.s.ProofSettings   The settings in /home/runner/.key/proof-settings.props are *not* read. 
516        INFO  main            d.u.i.k.p.r.p.TestFile    Now processing file /home/runner/work/key/key/key.core/../key.ui/examples/heap/information_flow/UpdateAbstraction_ex7_1_insecure.key 
676        INFO  main            d.u.i.k.p.i.AbstractProblemLoader Loading environment from /home/runner/work/key/key/key.core/../key.ui/examples/heap/information_flow/UpdateAbstraction_ex7_1_insecure.key 
698        DEBUG main            d.u.i.k.p.i.AbstractProblemLoader Environment load took 2.48ms 
1003       INFO  main            d.u.i.k.p.i.AbstractProblemLoader Creating init config 
2024       DEBUG main            d.u.i.k.j.TypeConverter   No LDT found for Meta 
2024       DEBUG main            d.u.i.k.j.TypeConverter   No LDT found for Meta 
2026       DEBUG main            d.u.i.k.j.TypeConverter   No LDT found for Meta 
2026       DEBUG main            d.u.i.k.j.TypeConverter   No LDT found for Meta 
3613       DEBUG main            d.u.i.k.j.TypeConverter   No LDT found for JavaBigintExpression 
10178      DEBUG main            d.u.i.k.p.i.AbstractProblemLoader Init config took 9.18s 
10312      INFO  main            d.u.i.k.p.i.AbstractProblemLoader Replaying proof UpdateAbstraction[UpdateAbstraction::ex7_1_insecure()].JML operation contract.0 
10348      DEBUG main            d.u.i.k.p.i.IntermediateProofReplayer Proof replay took 38.5ns 
11051      INFO  main            d.u.i.k.p.r.p.TestFile    ... finished proof: open goal(s) 
11179      INFO  main            d.u.i.k.p.r.p.TestFile    Now processing file /home/runner/work/key/key/key.core/../key.ui/examples/heap/information_flow/UpdateAbstraction_ex7_2_insecure.key 
11182      INFO  main            d.u.i.k.p.i.AbstractProblemLoader Loading environment from /home/runner/work/key/key/key.core/../key.ui/examples/heap/information_flow/UpdateAbstraction_ex7_2_insecure.key 
11183      DEBUG main            d.u.i.k.p.i.AbstractProblemLoader Environment load took 1.08ms 
11186      INFO  main            d.u.i.k.p.i.AbstractProblemLoader Creating init config 
14929      DEBUG main            d.u.i.k.p.i.AbstractProblemLoader Init config took 3.74s 
15012      INFO  main            d.u.i.k.p.i.AbstractProblemLoader Replaying proof UpdateAbstraction[UpdateAbstraction::ex7_2_insecure()].JML operation contract.0 
15015      DEBUG main            d.u.i.k.p.i.IntermediateProofReplayer Proof replay took 7.5ns 
15423      INFO  main            d.u.i.k.p.r.p.TestFile    ... finished proof: open goal(s) 
4729189    INFO  Test worker     d.u.i.k.p.r.RunAllProofsTestUnit Returning from test simple_info_flow 
4729190    INFO  Test worker     d.u.i.k.p.r.RunAllProofsTestUnit Running test modelMethods 
417        INFO  Timeout watchdog d.u.i.k.p.r.p.ForkedTestFileRunner Timeout watcher launched (2000 secs.) 
428        WARN  main            d.u.i.k.s.ProofSettings   The settings in /home/runner/.key/proof-settings.props are *not* read. 
479        INFO  main            d.u.i.k.p.r.p.TestFile    Now processing file /home/runner/work/key/key/key.core/../key.ui/examples/heap/model_methods/Cell_footprint_acc.key 
634        INFO  main            d.u.i.k.p.i.AbstractProblemLoader Loading environment from /home/runner/work/key/key/key.core/../key.ui/examples/heap/model_methods/Cell_footprint_acc.key 
652        DEBUG main            d.u.i.k.p.i.AbstractProblemLoader Environment load took 1.89ms 
920        INFO  main            d.u.i.k.p.i.AbstractProblemLoader Creating init config 
2016       DEBUG main            d.u.i.k.j.TypeConverter   No LDT found for Meta 
2017       DEBUG main            d.u.i.k.j.TypeConverter   No LDT found for Meta 
2018       DEBUG main            d.u.i.k.j.TypeConverter   No LDT found for Meta 
2018       DEBUG main            d.u.i.k.j.TypeConverter   No LDT found for Meta 
3760       DEBUG main            d.u.i.k.j.TypeConverter   No LDT found for JavaBigintExpression 
9930       DEBUG main            d.u.i.k.p.i.AbstractProblemLoader Init config took 9.01s 
10132      INFO  main            d.u.i.k.p.i.AbstractProblemLoader Replaying proof Cell[Cell::footprint()].JML accessible clause.0 
10173      DEBUG main            d.u.i.k.p.i.IntermediateProofReplayer Proof replay took 37.1ns 
10720      INFO  main            d.u.i.k.p.r.p.TestFile    ... finished proof: closed. 
10844      INFO  main            d.u.i.k.p.i.AbstractProblemLoader Loading environment from /home/runner/work/key/key/key.core/../key.ui/examples/heap/model_methods/Cell_footprint_acc.key.proof 
10844      DEBUG main            d.u.i.k.p.i.AbstractProblemLoader Environment load took 414.11ns 
10848      INFO  main            d.u.i.k.p.i.AbstractProblemLoader Creating init config 
14388      DEBUG main            d.u.i.k.p.i.AbstractProblemLoader Init config took 3.54s 
14470      INFO  main            d.u.i.k.p.i.AbstractProblemLoader Replaying proof Cell[Cell::footprint()].JML accessible clause.0 
14527      DEBUG main            d.u.i.k.p.i.IntermediateProofReplayer Proof replay took 50.43ms 
14538      DEBUG main            d.u.i.k.p.r.p.TestFile    ... success: reloaded. 
14540      INFO  main            d.u.i.k.p.r.p.TestFile    Now processing file /home/runner/work/key/key/key.core/../key.ui/examples/heap/model_methods/Cell_footprint.key 
14540      INFO  main            d.u.i.k.p.i.AbstractProblemLoader Loading environment from /home/runner/work/key/key/key.core/../key.ui/examples/heap/model_methods/Cell_footprint.key 
14541      DEBUG main            d.u.i.k.p.i.AbstractProblemLoader Environment load took 221.71ns 
14542      INFO  main            d.u.i.k.p.i.AbstractProblemLoader Creating init config 
17831      DEBUG main            d.u.i.k.p.i.AbstractProblemLoader Init config took 3.29s 
17908      INFO  main            d.u.i.k.p.i.AbstractProblemLoader Replaying proof Cell[Cell::footprint()].JML model_behavior operation contract.0 
17919      DEBUG main            d.u.i.k.p.i.IntermediateProofReplayer Proof replay took 7.3ns 
18023      INFO  main            d.u.i.k.p.r.p.TestFile    ... finished proof: closed. 
18176      INFO  main            d.u.i.k.p.i.AbstractProblemLoader Loading environment from /home/runner/work/key/key/key.core/../key.ui/examples/heap/model_methods/Cell_footprint.key.proof 
18177      DEBUG main            d.u.i.k.p.i.AbstractProblemLoader Environment load took 144ns 
18178      INFO  main            d.u.i.k.p.i.AbstractProblemLoader Creating init config 
21609      DEBUG main            d.u.i.k.p.i.AbstractProblemLoader Init config took 3.43s 
21677      INFO  main            d.u.i.k.p.i.AbstractProblemLoader Replaying proof Cell[Cell::footprint()].JML model_behavior operation contract.0 
21688      DEBUG main            d.u.i.k.p.i.IntermediateProofReplayer Proof replay took 8.07ms 
21689      DEBUG main            d.u.i.k.p.r.p.TestFile    ... success: reloaded. 
21691      INFO  main            d.u.i.k.p.r.p.TestFile    Now processing file /home/runner/work/key/key/key.core/../key.ui/examples/heap/model_methods/Cell_get_acc.key 
21691      INFO  main            d.u.i.k.p.i.AbstractProblemLoader Loading environment from /home/runner/work/key/key/key.core/../key.ui/examples/heap/model_methods/Cell_get_acc.key 
21691      DEBUG main            d.u.i.k.p.i.AbstractProblemLoader Environment load took 219.31ns 
21693      INFO  main            d.u.i.k.p.i.AbstractProblemLoader Creating init config 
24941      DEBUG main            d.u.i.k.p.i.AbstractProblemLoader Init config took 3.25s 
25003      INFO  main            d.u.i.k.p.i.AbstractProblemLoader Replaying proof Cell[Cell::get()].JML accessible clause.0 
25007      DEBUG main            d.u.i.k.p.i.IntermediateProofReplayer Proof replay took 6.9ns 
25320      INFO  main            d.u.i.k.p.r.p.TestFile    ... finished proof: closed. 
25507      INFO  main            d.u.i.k.p.i.AbstractProblemLoader Loading environment from /home/runner/work/key/key/key.core/../key.ui/examples/heap/model_methods/Cell_get_acc.key.proof 
25508      DEBUG main            d.u.i.k.p.i.AbstractProblemLoader Environment load took 410.61ns 
25513      INFO  main            d.u.i.k.p.i.AbstractProblemLoader Creating init config 
28810      DEBUG main            d.u.i.k.p.i.AbstractProblemLoader Init config took 3.3s 
28871      INFO  main            d.u.i.k.p.i.AbstractProblemLoader Replaying proof Cell[Cell::get()].JML accessible clause.0 
28913      DEBUG main            d.u.i.k.p.i.IntermediateProofReplayer Proof replay took 38.34ms 
28914      DEBUG main            d.u.i.k.p.r.p.TestFile    ... success: reloaded. 
28915      INFO  main            d.u.i.k.p.r.p.TestFile    Now processing file /home/runner/work/key/key/key.core/../key.ui/examples/heap/model_methods/Cell_get.key 
28916      INFO  main            d.u.i.k.p.i.AbstractProblemLoader Loading environment from /home/runner/work/key/key/key.core/../key.ui/examples/heap/model_methods/Cell_get.key 
28916      DEBUG main            d.u.i.k.p.i.AbstractProblemLoader Environment load took 215.71ns 
28917      INFO  main            d.u.i.k.p.i.AbstractProblemLoader Creating init config 
32162      DEBUG main            d.u.i.k.p.i.AbstractProblemLoader Init config took 3.24s 
32230      INFO  main            d.u.i.k.p.i.AbstractProblemLoader Replaying proof Cell[Cell::get()].JML operation contract.0 
32233      DEBUG main            d.u.i.k.p.i.IntermediateProofReplayer Proof replay took 7.2ns 
32336      INFO  main            d.u.i.k.p.r.p.TestFile    ... finished proof: closed. 
32508      INFO  main            d.u.i.k.p.i.AbstractProblemLoader Loading environment from /home/runner/work/key/key/key.core/../key.ui/examples/heap/model_methods/Cell_get.key.proof 
32509      DEBUG main            d.u.i.k.p.i.AbstractProblemLoader Environment load took 136.8ns 
32512      INFO  main            d.u.i.k.p.i.AbstractProblemLoader Creating init config 
35664      DEBUG main            d.u.i.k.p.i.AbstractProblemLoader Init config took 3.15s 
35728      INFO  main            d.u.i.k.p.i.AbstractProblemLoader Replaying proof Cell[Cell::get()].JML operation contract.0 
35749      DEBUG main            d.u.i.k.p.i.IntermediateProofReplayer Proof replay took 18.64ms 
35750      DEBUG main            d.u.i.k.p.r.p.TestFile    ... success: reloaded. 
35752      INFO  main            d.u.i.k.p.r.p.TestFile    Now processing file /home/runner/work/key/key/key.core/../key.ui/examples/heap/model_methods/Cell_post_set.key 
35752      INFO  main            d.u.i.k.p.i.AbstractProblemLoader Loading environment from /home/runner/work/key/key/key.core/../key.ui/examples/heap/model_methods/Cell_post_set.key 
35752      DEBUG main            d.u.i.k.p.i.AbstractProblemLoader Environment load took 236.81ns 
35754      INFO  main            d.u.i.k.p.i.AbstractProblemLoader Creating init config 
38945      DEBUG main            d.u.i.k.p.i.AbstractProblemLoader Init config took 3.19s 
39018      INFO  main            d.u.i.k.p.i.AbstractProblemLoader Replaying proof Cell[Cell::post_set(int)].JML model_behavior operation contract.0 
39021      DEBUG main            d.u.i.k.p.i.IntermediateProofReplayer Proof replay took 7.1ns 
39125      INFO  main            d.u.i.k.p.r.p.TestFile    ... finished proof: closed. 
39315      INFO  main            d.u.i.k.p.i.AbstractProblemLoader Loading environment from /home/runner/work/key/key/key.core/../key.ui/examples/heap/model_methods/Cell_post_set.key.proof 
39315      DEBUG main            d.u.i.k.p.i.AbstractProblemLoader Environment load took 138ns 
39316      INFO  main            d.u.i.k.p.i.AbstractProblemLoader Creating init config 
42524      DEBUG main            d.u.i.k.p.i.AbstractProblemLoader Init config took 3.21s 
42579      INFO  main            d.u.i.k.p.i.AbstractProblemLoader Replaying proof Cell[Cell::post_set(int)].JML model_behavior operation contract.0 
42586      DEBUG main            d.u.i.k.p.i.IntermediateProofReplayer Proof replay took 5.42ms 
42587      DEBUG main            d.u.i.k.p.r.p.TestFile    ... success: reloaded. 
42589      INFO  main            d.u.i.k.p.r.p.TestFile    Now processing file /home/runner/work/key/key/key.core/../key.ui/examples/heap/model_methods/Cell_set.key 
42589      INFO  main            d.u.i.k.p.i.AbstractProblemLoader Loading environment from /home/runner/work/key/key/key.core/../key.ui/examples/heap/model_methods/Cell_set.key 
42589      DEBUG main            d.u.i.k.p.i.AbstractProblemLoader Environment load took 143ns 
42590      INFO  main            d.u.i.k.p.i.AbstractProblemLoader Creating init config 
45788      DEBUG main            d.u.i.k.p.i.AbstractProblemLoader Init config took 3.2s 
45845      INFO  main            d.u.i.k.p.i.AbstractProblemLoader Replaying proof Cell[Cell::set(int)].JML operation contract.0 
45847      DEBUG main            d.u.i.k.p.i.IntermediateProofReplayer Proof replay took 7.6ns 
52900      INFO  main            d.u.i.k.p.r.p.TestFile    ... finished proof: closed. 
53153      INFO  main            d.u.i.k.p.i.AbstractProblemLoader Loading environment from /home/runner/work/key/key/key.core/../key.ui/examples/heap/model_methods/Cell_set.key.proof 
53153      DEBUG main            d.u.i.k.p.i.AbstractProblemLoader Environment load took 396.01ns 
53155      INFO  main            d.u.i.k.p.i.AbstractProblemLoader Creating init config 
56329      DEBUG main            d.u.i.k.p.i.AbstractProblemLoader Init config took 3.17s 
56383      INFO  main            d.u.i.k.p.i.AbstractProblemLoader Replaying proof Cell[Cell::set(int)].JML operation contract.0 
57063      DEBUG main            d.u.i.k.p.i.IntermediateProofReplayer Proof replay took 662.96ms 
57065      DEBUG main            d.u.i.k.p.r.p.TestFile    ... success: reloaded. 
57066      INFO  main            d.u.i.k.p.r.p.TestFile    Now processing file /home/runner/work/key/key/key.core/../key.ui/examples/heap/model_methods/CellTest_callSet.key 
57066      INFO  main            d.u.i.k.p.i.AbstractProblemLoader Loading environment from /home/runner/work/key/key/key.core/../key.ui/examples/heap/model_methods/CellTest_callSet.key 
57067      DEBUG main            d.u.i.k.p.i.AbstractProblemLoader Environment load took 109ns 
57068      INFO  main            d.u.i.k.p.i.AbstractProblemLoader Creating init config 
60212      DEBUG main            d.u.i.k.p.i.AbstractProblemLoader Init config took 3.14s 
60264      INFO  main            d.u.i.k.p.i.AbstractProblemLoader Replaying proof CellTest[CellTest::callSet(Cell,int)].JML operation contract.0 
60266      DEBUG main            d.u.i.k.p.i.IntermediateProofReplayer Proof replay took 6.7ns 
60469      INFO  main            d.u.i.k.p.r.p.TestFile    ... finished proof: closed. 
60721      INFO  main            d.u.i.k.p.i.AbstractProblemLoader Loading environment from /home/runner/work/key/key/key.core/../key.ui/examples/heap/model_methods/CellTest_callSet.key.proof 
60722      DEBUG main            d.u.i.k.p.i.AbstractProblemLoader Environment load took 146ns 
60723      INFO  main            d.u.i.k.p.i.AbstractProblemLoader Creating init config 
63767      DEBUG main            d.u.i.k.p.i.AbstractProblemLoader Init config took 3.04s 
63830      INFO  main            d.u.i.k.p.i.AbstractProblemLoader Replaying proof CellTest[CellTest::callSet(Cell,int)].JML operation contract.0 
63885      DEBUG main            d.u.i.k.p.i.IntermediateProofReplayer Proof replay took 51.89ms 
63886      DEBUG main            d.u.i.k.p.r.p.TestFile    ... success: reloaded. 
63888      INFO  main            d.u.i.k.p.r.p.TestFile    Now processing file /home/runner/work/key/key/key.core/../key.ui/examples/heap/model_methods/CellTest_test2.key 
63888      INFO  main            d.u.i.k.p.i.AbstractProblemLoader Loading environment from /home/runner/work/key/key/key.core/../key.ui/examples/heap/model_methods/CellTest_test2.key 
63888      DEBUG main            d.u.i.k.p.i.AbstractProblemLoader Environment load took 196.71ns 
63890      INFO  main            d.u.i.k.p.i.AbstractProblemLoader Creating init config 
67035      DEBUG main            d.u.i.k.p.i.AbstractProblemLoader Init config took 3.14s 
67086      INFO  main            d.u.i.k.p.i.AbstractProblemLoader Replaying proof CellTest[CellTest::test2(Cell)].JML operation contract.0 
67088      DEBUG main            d.u.i.k.p.i.IntermediateProofReplayer Proof replay took 7.4ns 
67392      INFO  main            d.u.i.k.p.r.p.TestFile    ... finished proof: closed. 
67642      INFO  main            d.u.i.k.p.i.AbstractProblemLoader Loading environment from /home/runner/work/key/key/key.core/../key.ui/examples/heap/model_methods/CellTest_test2.key.proof 
67642      DEBUG main            d.u.i.k.p.i.AbstractProblemLoader Environment load took 391.11ns 
67644      INFO  main            d.u.i.k.p.i.AbstractProblemLoader Creating init config 
70685      DEBUG main            d.u.i.k.p.i.AbstractProblemLoader Init config took 3.04s 
70733      INFO  main            d.u.i.k.p.i.AbstractProblemLoader Replaying proof CellTest[CellTest::test2(Cell)].JML operation contract.0 
70822      DEBUG main            d.u.i.k.p.i.IntermediateProofReplayer Proof replay took 85.84ms 
70823      DEBUG main            d.u.i.k.p.r.p.TestFile    ... success: reloaded. 
70825      INFO  main            d.u.i.k.p.r.p.TestFile    Now processing file /home/runner/work/key/key/key.core/../key.ui/examples/heap/model_methods/CellTest_test.key 
70825      INFO  main            d.u.i.k.p.i.AbstractProblemLoader Loading environment from /home/runner/work/key/key/key.core/../key.ui/examples/heap/model_methods/CellTest_test.key 
70826      DEBUG main            d.u.i.k.p.i.AbstractProblemLoader Environment load took 203.5ns 
70827      INFO  main            d.u.i.k.p.i.AbstractProblemLoader Creating init config 
73977      DEBUG main            d.u.i.k.p.i.AbstractProblemLoader Init config took 3.15s 
74028      INFO  main            d.u.i.k.p.i.AbstractProblemLoader Replaying proof CellTest[CellTest::test(Recell)].JML operation contract.0 
74030      DEBUG main            d.u.i.k.p.i.IntermediateProofReplayer Proof replay took 7.3ns 
76863      INFO  main            d.u.i.k.p.r.p.TestFile    ... finished proof: closed. 
77180      INFO  main            d.u.i.k.p.i.AbstractProblemLoader Loading environment from /home/runner/work/key/key/key.core/../key.ui/examples/heap/model_methods/CellTest_test.key.proof 
77180      DEBUG main            d.u.i.k.p.i.AbstractProblemLoader Environment load took 395.91ns 
77182      INFO  main            d.u.i.k.p.i.AbstractProblemLoader Creating init config 
80230      DEBUG main            d.u.i.k.p.i.AbstractProblemLoader Init config took 3.05s 
80296      INFO  main            d.u.i.k.p.i.AbstractProblemLoader Replaying proof CellTest[CellTest::test(Recell)].JML operation contract.0 
80975      DEBUG main            d.u.i.k.p.i.IntermediateProofReplayer Proof replay took 659.19ms 
80976      DEBUG main            d.u.i.k.p.r.p.TestFile    ... success: reloaded. 
80978      INFO  main            d.u.i.k.p.r.p.TestFile    Now processing file /home/runner/work/key/key/key.core/../key.ui/examples/heap/model_methods/Coll1_add.key 
80978      INFO  main            d.u.i.k.p.i.AbstractProblemLoader Loading environment from /home/runner/work/key/key/key.core/../key.ui/examples/heap/model_methods/Coll1_add.key 
80978      DEBUG main            d.u.i.k.p.i.AbstractProblemLoader Environment load took 219.91ns 
80980      INFO  main            d.u.i.k.p.i.AbstractProblemLoader Creating init config 
84101      DEBUG main            d.u.i.k.p.i.AbstractProblemLoader Init config took 3.12s 
84148      INFO  main            d.u.i.k.p.i.AbstractProblemLoader Replaying proof Coll1[Coll::add(int)].JML operation contract.0 
84150      DEBUG main            d.u.i.k.p.i.IntermediateProofReplayer Proof replay took 7.5ns 
84252      INFO  main            d.u.i.k.p.r.p.TestFile    ... finished proof: closed. 
84476      INFO  main            d.u.i.k.p.i.AbstractProblemLoader Loading environment from /home/runner/work/key/key/key.core/../key.ui/examples/heap/model_methods/Coll1_add.key.proof 
84477      DEBUG main            d.u.i.k.p.i.AbstractProblemLoader Environment load took 135ns 
84479      INFO  main            d.u.i.k.p.i.AbstractProblemLoader Creating init config 
87498      DEBUG main            d.u.i.k.p.i.AbstractProblemLoader Init config took 3.02s 
87568      INFO  main            d.u.i.k.p.i.AbstractProblemLoader Replaying proof Coll1[Coll::add(int)].JML operation contract.0 
87578      DEBUG main            d.u.i.k.p.i.IntermediateProofReplayer Proof replay took 7.77ms 
87579      DEBUG main            d.u.i.k.p.r.p.TestFile    ... success: reloaded. 
87580      INFO  main            d.u.i.k.p.r.p.TestFile    Now processing file /home/runner/work/key/key/key.core/../key.ui/examples/heap/model_methods/Coll1_Coll1_add_pre.key 
87580      INFO  main            d.u.i.k.p.i.AbstractProblemLoader Loading environment from /home/runner/work/key/key/key.core/../key.ui/examples/heap/model_methods/Coll1_Coll1_add_pre.key 
87581      DEBUG main            d.u.i.k.p.i.AbstractProblemLoader Environment load took 197.5ns 
87582      INFO  main            d.u.i.k.p.i.AbstractProblemLoader Creating init config 
90786      DEBUG main            d.u.i.k.p.i.AbstractProblemLoader Init config took 3.2s 
90832      INFO  main            d.u.i.k.p.i.AbstractProblemLoader Replaying proof Coll1[Coll1::add_pre(int)].JML model_behavior operation contract.0 
90834      DEBUG main            d.u.i.k.p.i.IntermediateProofReplayer Proof replay took 6.7ns 
90936      INFO  main            d.u.i.k.p.r.p.TestFile    ... finished proof: closed. 
91153      INFO  main            d.u.i.k.p.i.AbstractProblemLoader Loading environment from /home/runner/work/key/key/key.core/../key.ui/examples/heap/model_methods/Coll1_Coll1_add_pre.key.proof 
91153      DEBUG main            d.u.i.k.p.i.AbstractProblemLoader Environment load took 161.8ns 
91154      INFO  main            d.u.i.k.p.i.AbstractProblemLoader Creating init config 
94236      DEBUG main            d.u.i.k.p.i.AbstractProblemLoader Init config took 3.08s 
94282      INFO  main            d.u.i.k.p.i.AbstractProblemLoader Replaying proof Coll1[Coll1::add_pre(int)].JML model_behavior operation contract.0 
94285      DEBUG main            d.u.i.k.p.i.IntermediateProofReplayer Proof replay took 1.59ms 
94286      DEBUG main            d.u.i.k.p.r.p.TestFile    ... success: reloaded. 
94288      INFO  main            d.u.i.k.p.r.p.TestFile    Now processing file /home/runner/work/key/key/key.core/../key.ui/examples/heap/model_methods/Coll1_Coll_add_pre.key 
94288      INFO  main            d.u.i.k.p.i.AbstractProblemLoader Loading environment from /home/runner/work/key/key/key.core/../key.ui/examples/heap/model_methods/Coll1_Coll_add_pre.key 
94288      DEBUG main            d.u.i.k.p.i.AbstractProblemLoader Environment load took 83.8ns 
94289      INFO  main            d.u.i.k.p.i.AbstractProblemLoader Creating init config 
97414      DEBUG main            d.u.i.k.p.i.AbstractProblemLoader Init config took 3.13s 
97461      INFO  main            d.u.i.k.p.i.AbstractProblemLoader Replaying proof Coll1[Coll::add_pre(int)].JML model_behavior operation contract.0 
97463      DEBUG main            d.u.i.k.p.i.IntermediateProofReplayer Proof replay took 7.2ns 
97567      INFO  main            d.u.i.k.p.r.p.TestFile    ... finished proof: closed. 
97798      INFO  main            d.u.i.k.p.i.AbstractProblemLoader Loading environment from /home/runner/work/key/key/key.core/../key.ui/examples/heap/model_methods/Coll1_Coll_add_pre.key.proof 
97798      DEBUG main            d.u.i.k.p.i.AbstractProblemLoader Environment load took 136.1ns 
97799      INFO  main            d.u.i.k.p.i.AbstractProblemLoader Creating init config 
100842     DEBUG main            d.u.i.k.p.i.AbstractProblemLoader Init config took 3.04s 
100889     INFO  main            d.u.i.k.p.i.AbstractProblemLoader Replaying proof Coll1[Coll::add_pre(int)].JML model_behavior operation contract.0 
100894     DEBUG main            d.u.i.k.p.i.IntermediateProofReplayer Proof replay took 2.44ms 
100895     DEBUG main            d.u.i.k.p.r.p.TestFile    ... success: reloaded. 
100896     INFO  main            d.u.i.k.p.r.p.TestFile    Now processing file /home/runner/work/key/key/key.core/../key.ui/examples/heap/model_methods/Coll2_add.key 
100896     INFO  main            d.u.i.k.p.i.AbstractProblemLoader Loading environment from /home/runner/work/key/key/key.core/../key.ui/examples/heap/model_methods/Coll2_add.key 
100897     DEBUG main            d.u.i.k.p.i.AbstractProblemLoader Environment load took 201.21ns 
100898     INFO  main            d.u.i.k.p.i.AbstractProblemLoader Creating init config 
104009     DEBUG main            d.u.i.k.p.i.AbstractProblemLoader Init config took 3.11s 
104058     INFO  main            d.u.i.k.p.i.AbstractProblemLoader Replaying proof Coll2[Coll::add(int)].JML operation contract.0 
104062     DEBUG main            d.u.i.k.p.i.IntermediateProofReplayer Proof replay took 8.8ns 
104165     INFO  main            d.u.i.k.p.r.p.TestFile    ... finished proof: closed. 
104411     INFO  main            d.u.i.k.p.i.AbstractProblemLoader Loading environment from /home/runner/work/key/key/key.core/../key.ui/examples/heap/model_methods/Coll2_add.key.proof 
104411     DEBUG main            d.u.i.k.p.i.AbstractProblemLoader Environment load took 130.4ns 
104412     INFO  main            d.u.i.k.p.i.AbstractProblemLoader Creating init config 
107449     DEBUG main            d.u.i.k.p.i.AbstractProblemLoader Init config took 3.04s 
107497     INFO  main            d.u.i.k.p.i.AbstractProblemLoader Replaying proof Coll2[Coll::add(int)].JML operation contract.0 
107507     DEBUG main            d.u.i.k.p.i.IntermediateProofReplayer Proof replay took 7.63ms 
107508     DEBUG main            d.u.i.k.p.r.p.TestFile    ... success: reloaded. 
107510     INFO  main            d.u.i.k.p.r.p.TestFile    Now processing file /home/runner/work/key/key/key.core/../key.ui/examples/heap/model_methods/Coll2_Coll2_add_pre.key 
107511     INFO  main            d.u.i.k.p.i.AbstractProblemLoader Loading environment from /home/runner/work/key/key/key.core/../key.ui/examples/heap/model_methods/Coll2_Coll2_add_pre.key 
107511     DEBUG main            d.u.i.k.p.i.AbstractProblemLoader Environment load took 208.82ns 
107512     INFO  main            d.u.i.k.p.i.AbstractProblemLoader Creating init config 
110587     DEBUG main            d.u.i.k.p.i.AbstractProblemLoader Init config took 3.08s 
110631     INFO  main            d.u.i.k.p.i.AbstractProblemLoader Replaying proof Coll2[Coll2::add_pre(int)].JML model_behavior operation contract.0 
110632     DEBUG main            d.u.i.k.p.i.IntermediateProofReplayer Proof replay took 6.5ns 
110735     INFO  main            d.u.i.k.p.r.p.TestFile    ... finished proof: closed. 
110979     INFO  main            d.u.i.k.p.i.AbstractProblemLoader Loading environment from /home/runner/work/key/key/key.core/../key.ui/examples/heap/model_methods/Coll2_Coll2_add_pre.key.proof 
110979     DEBUG main            d.u.i.k.p.i.AbstractProblemLoader Environment load took 127.7ns 
110980     INFO  main            d.u.i.k.p.i.AbstractProblemLoader Creating init config 
114006     DEBUG main            d.u.i.k.p.i.AbstractProblemLoader Init config took 3.03s 
114052     INFO  main            d.u.i.k.p.i.AbstractProblemLoader Replaying proof Coll2[Coll2::add_pre(int)].JML model_behavior operation contract.0 
114055     DEBUG main            d.u.i.k.p.i.IntermediateProofReplayer Proof replay took 1.52ms 
114056     DEBUG main            d.u.i.k.p.r.p.TestFile    ... success: reloaded. 
114057     INFO  main            d.u.i.k.p.r.p.TestFile    Now processing file /home/runner/work/key/key/key.core/../key.ui/examples/heap/model_methods/Coll2_Coll_add_pre.key 
114057     INFO  main            d.u.i.k.p.i.AbstractProblemLoader Loading environment from /home/runner/work/key/key/key.core/../key.ui/examples/heap/model_methods/Coll2_Coll_add_pre.key 
114058     DEBUG main            d.u.i.k.p.i.AbstractProblemLoader Environment load took 110.2ns 
114059     INFO  main            d.u.i.k.p.i.AbstractProblemLoader Creating init config 
117148     DEBUG main            d.u.i.k.p.i.AbstractProblemLoader Init config took 3.09s 
117193     INFO  main            d.u.i.k.p.i.AbstractProblemLoader Replaying proof Coll2[Coll::add_pre(int)].JML model_behavior operation contract.0 
117194     DEBUG main            d.u.i.k.p.i.IntermediateProofReplayer Proof replay took 8.1ns 
117298     INFO  main            d.u.i.k.p.r.p.TestFile    ... finished proof: closed. 
117551     INFO  main            d.u.i.k.p.i.AbstractProblemLoader Loading environment from /home/runner/work/key/key/key.core/../key.ui/examples/heap/model_methods/Coll2_Coll_add_pre.key.proof 
117551     DEBUG main            d.u.i.k.p.i.AbstractProblemLoader Environment load took 133.4ns 
117552     INFO  main            d.u.i.k.p.i.AbstractProblemLoader Creating init config 
120572     DEBUG main            d.u.i.k.p.i.AbstractProblemLoader Init config took 3.02s 
120617     INFO  main            d.u.i.k.p.i.AbstractProblemLoader Replaying proof Coll2[Coll::add_pre(int)].JML model_behavior operation contract.0 
120620     DEBUG main            d.u.i.k.p.i.IntermediateProofReplayer Proof replay took 1.91ms 
120621     DEBUG main            d.u.i.k.p.r.p.TestFile    ... success: reloaded. 
120623     INFO  main            d.u.i.k.p.r.p.TestFile    Now processing file /home/runner/work/key/key/key.core/../key.ui/examples/heap/model_methods/Coll_add.key 
120623     INFO  main            d.u.i.k.p.i.AbstractProblemLoader Loading environment from /home/runner/work/key/key/key.core/../key.ui/examples/heap/model_methods/Coll_add.key 
120623     DEBUG main            d.u.i.k.p.i.AbstractProblemLoader Environment load took 101.9ns 
120624     INFO  main            d.u.i.k.p.i.AbstractProblemLoader Creating init config 
123709     DEBUG main            d.u.i.k.p.i.AbstractProblemLoader Init config took 3.08s 
123756     INFO  main            d.u.i.k.p.i.AbstractProblemLoader Replaying proof Coll[Coll::add(int)].JML operation contract.0 
123758     DEBUG main            d.u.i.k.p.i.IntermediateProofReplayer Proof replay took 7.3ns 
123860     INFO  main            d.u.i.k.p.r.p.TestFile    ... finished proof: closed. 
124135     INFO  main            d.u.i.k.p.i.AbstractProblemLoader Loading environment from /home/runner/work/key/key/key.core/../key.ui/examples/heap/model_methods/Coll_add.key.proof 
124135     DEBUG main            d.u.i.k.p.i.AbstractProblemLoader Environment load took 146.5ns 
124136     INFO  main            d.u.i.k.p.i.AbstractProblemLoader Creating init config 
127116     DEBUG main            d.u.i.k.p.i.AbstractProblemLoader Init config took 2.98s 
127162     INFO  main            d.u.i.k.p.i.AbstractProblemLoader Replaying proof Coll[Coll::add(int)].JML operation contract.0 
127166     DEBUG main            d.u.i.k.p.i.IntermediateProofReplayer Proof replay took 2.4ms 
127167     DEBUG main            d.u.i.k.p.r.p.TestFile    ... success: reloaded. 
127168     INFO  main            d.u.i.k.p.r.p.TestFile    Now processing file /home/runner/work/key/key/key.core/../key.ui/examples/heap/model_methods/Coll_add_pre.key 
127169     INFO  main            d.u.i.k.p.i.AbstractProblemLoader Loading environment from /home/runner/work/key/key/key.core/../key.ui/examples/heap/model_methods/Coll_add_pre.key 
127169     DEBUG main            d.u.i.k.p.i.AbstractProblemLoader Environment load took 100.1ns 
127170     INFO  main            d.u.i.k.p.i.AbstractProblemLoader Creating init config 
130286     DEBUG main            d.u.i.k.p.i.AbstractProblemLoader Init config took 3.12s 
130342     INFO  main            d.u.i.k.p.i.AbstractProblemLoader Replaying proof Coll[Coll::add_pre(int)].JML model_behavior operation contract.0 
130345     DEBUG main            d.u.i.k.p.i.IntermediateProofReplayer Proof replay took 7.7ns 
130449     INFO  main            d.u.i.k.p.r.p.TestFile    ... finished proof: closed. 
130723     INFO  main            d.u.i.k.p.i.AbstractProblemLoader Loading environment from /home/runner/work/key/key/key.core/../key.ui/examples/heap/model_methods/Coll_add_pre.key.proof 
130724     DEBUG main            d.u.i.k.p.i.AbstractProblemLoader Environment load took 213.71ns 
130725     INFO  main            d.u.i.k.p.i.AbstractProblemLoader Creating init config 
133744     DEBUG main            d.u.i.k.p.i.AbstractProblemLoader Init config took 3.02s 
133789     INFO  main            d.u.i.k.p.i.AbstractProblemLoader Replaying proof Coll[Coll::add_pre(int)].JML model_behavior operation contract.0 
133793     DEBUG main            d.u.i.k.p.i.IntermediateProofReplayer Proof replay took 2.65ms 
133794     DEBUG main            d.u.i.k.p.r.p.TestFile    ... success: reloaded. 
133795     INFO  main            d.u.i.k.p.r.p.TestFile    Now processing file /home/runner/work/key/key/key.core/../key.ui/examples/heap/model_methods/Indirect_callAdd.key 
133795     INFO  main            d.u.i.k.p.i.AbstractProblemLoader Loading environment from /home/runner/work/key/key/key.core/../key.ui/examples/heap/model_methods/Indirect_callAdd.key 
133796     DEBUG main            d.u.i.k.p.i.AbstractProblemLoader Environment load took 88.1ns 
133797     INFO  main            d.u.i.k.p.i.AbstractProblemLoader Creating init config 
136896     DEBUG main            d.u.i.k.p.i.AbstractProblemLoader Init config took 3.1s 
136941     INFO  main            d.u.i.k.p.i.AbstractProblemLoader Replaying proof Indirect[Indirect::callAdd(Coll,int)].JML operation contract.0 
136942     DEBUG main            d.u.i.k.p.i.IntermediateProofReplayer Proof replay took 7.1ns 
137045     INFO  main            d.u.i.k.p.r.p.TestFile    ... finished proof: closed. 
137338     INFO  main            d.u.i.k.p.i.AbstractProblemLoader Loading environment from /home/runner/work/key/key/key.core/../key.ui/examples/heap/model_methods/Indirect_callAdd.key.proof 
137338     DEBUG main            d.u.i.k.p.i.AbstractProblemLoader Environment load took 117.6ns 
137339     INFO  main            d.u.i.k.p.i.AbstractProblemLoader Creating init config 
140301     DEBUG main            d.u.i.k.p.i.AbstractProblemLoader Init config took 2.96s 
140350     INFO  main            d.u.i.k.p.i.AbstractProblemLoader Replaying proof Indirect[Indirect::callAdd(Coll,int)].JML operation contract.0 
140381     DEBUG main            d.u.i.k.p.i.IntermediateProofReplayer Proof replay took 28.04ms 
140382     DEBUG main            d.u.i.k.p.r.p.TestFile    ... success: reloaded. 
140387     INFO  main            d.u.i.k.p.r.p.TestFile    Now processing file /home/runner/work/key/key/key.core/../key.ui/examples/heap/model_methods/Indirect_test.key 
140387     INFO  main            d.u.i.k.p.i.AbstractProblemLoader Loading environment from /home/runner/work/key/key/key.core/../key.ui/examples/heap/model_methods/Indirect_test.key 
140388     DEBUG main            d.u.i.k.p.i.AbstractProblemLoader Environment load took 193.71ns 
140389     INFO  main            d.u.i.k.p.i.AbstractProblemLoader Creating init config 
143473     DEBUG main            d.u.i.k.p.i.AbstractProblemLoader Init config took 3.08s 
143518     INFO  main            d.u.i.k.p.i.AbstractProblemLoader Replaying proof Indirect[Indirect::test(Coll1,Coll2)].JML operation contract.0 
143520     DEBUG main            d.u.i.k.p.i.IntermediateProofReplayer Proof replay took 7.1ns 
143724     INFO  main            d.u.i.k.p.r.p.TestFile    ... finished proof: closed. 
144012     INFO  main            d.u.i.k.p.i.AbstractProblemLoader Loading environment from /home/runner/work/key/key/key.core/../key.ui/examples/heap/model_methods/Indirect_test.key.proof 
144012     DEBUG main            d.u.i.k.p.i.AbstractProblemLoader Environment load took 125.3ns 
144013     INFO  main            d.u.i.k.p.i.AbstractProblemLoader Creating init config 
146978     DEBUG main            d.u.i.k.p.i.AbstractProblemLoader Init config took 2.96s 
147027     INFO  main            d.u.i.k.p.i.AbstractProblemLoader Replaying proof Indirect[Indirect::test(Coll1,Coll2)].JML operation contract.0 
147092     DEBUG main            d.u.i.k.p.i.IntermediateProofReplayer Proof replay took 62.03ms 
147094     DEBUG main            d.u.i.k.p.r.p.TestFile    ... success: reloaded. 
147095     INFO  main            d.u.i.k.p.r.p.TestFile    Now processing file /home/runner/work/key/key/key.core/../key.ui/examples/heap/model_methods/Recell_Cell_footprint.key 
147095     INFO  main            d.u.i.k.p.i.AbstractProblemLoader Loading environment from /home/runner/work/key/key/key.core/../key.ui/examples/heap/model_methods/Recell_Cell_footprint.key 
147096     DEBUG main            d.u.i.k.p.i.AbstractProblemLoader Environment load took 193.71ns 
147097     INFO  main            d.u.i.k.p.i.AbstractProblemLoader Creating init config 
150162     DEBUG main            d.u.i.k.p.i.AbstractProblemLoader Init config took 3.07s 
150206     INFO  main            d.u.i.k.p.i.AbstractProblemLoader Replaying proof Recell[Cell::footprint()].JML model_behavior operation contract.0 
150207     DEBUG main            d.u.i.k.p.i.IntermediateProofReplayer Proof replay took 7.3ns 
150309     INFO  main            d.u.i.k.p.r.p.TestFile    ... finished proof: closed. 
150587     INFO  main            d.u.i.k.p.i.AbstractProblemLoader Loading environment from /home/runner/work/key/key/key.core/../key.ui/examples/heap/model_methods/Recell_Cell_footprint.key.proof 
150587     DEBUG main            d.u.i.k.p.i.AbstractProblemLoader Environment load took 115.8ns 
150588     INFO  main            d.u.i.k.p.i.AbstractProblemLoader Creating init config 
153669     DEBUG main            d.u.i.k.p.i.AbstractProblemLoader Init config took 3.08s 
153714     INFO  main            d.u.i.k.p.i.AbstractProblemLoader Replaying proof Recell[Cell::footprint()].JML model_behavior operation contract.0 
153719     DEBUG main            d.u.i.k.p.i.IntermediateProofReplayer Proof replay took 3.4ms 
153720     DEBUG main            d.u.i.k.p.r.p.TestFile    ... success: reloaded. 
153721     INFO  main            d.u.i.k.p.r.p.TestFile    Now processing file /home/runner/work/key/key/key.core/../key.ui/examples/heap/model_methods/Recell_Cell_post_set.key 
153721     INFO  main            d.u.i.k.p.i.AbstractProblemLoader Loading environment from /home/runner/work/key/key/key.core/../key.ui/examples/heap/model_methods/Recell_Cell_post_set.key 
153721     DEBUG main            d.u.i.k.p.i.AbstractProblemLoader Environment load took 105.8ns 
153722     INFO  main            d.u.i.k.p.i.AbstractProblemLoader Creating init config 
156757     DEBUG main            d.u.i.k.p.i.AbstractProblemLoader Init config took 3.03s 
156799     INFO  main            d.u.i.k.p.i.AbstractProblemLoader Replaying proof Recell[Cell::post_set(int)].JML model_behavior operation contract.0 
156801     DEBUG main            d.u.i.k.p.i.IntermediateProofReplayer Proof replay took 6.8ns 
156902     INFO  main            d.u.i.k.p.r.p.TestFile    ... finished proof: closed. 
157197     INFO  main            d.u.i.k.p.i.AbstractProblemLoader Loading environment from /home/runner/work/key/key/key.core/../key.ui/examples/heap/model_methods/Recell_Cell_post_set.key.proof 
157197     DEBUG main            d.u.i.k.p.i.AbstractProblemLoader Environment load took 119.4ns 
157198     INFO  main            d.u.i.k.p.i.AbstractProblemLoader Creating init config 
160144     DEBUG main            d.u.i.k.p.i.AbstractProblemLoader Init config took 2.95s 
160188     INFO  main            d.u.i.k.p.i.AbstractProblemLoader Replaying proof Recell[Cell::post_set(int)].JML model_behavior operation contract.0 
160199     DEBUG main            d.u.i.k.p.i.IntermediateProofReplayer Proof replay took 4.17ms 
160200     DEBUG main            d.u.i.k.p.r.p.TestFile    ... success: reloaded. 
160201     INFO  main            d.u.i.k.p.r.p.TestFile    Now processing file /home/runner/work/key/key/key.core/../key.ui/examples/heap/model_methods/Recell_footprint_acc.key 
160201     INFO  main            d.u.i.k.p.i.AbstractProblemLoader Loading environment from /home/runner/work/key/key/key.core/../key.ui/examples/heap/model_methods/Recell_footprint_acc.key 
160201     DEBUG main            d.u.i.k.p.i.AbstractProblemLoader Environment load took 97.2ns 
160202     INFO  main            d.u.i.k.p.i.AbstractProblemLoader Creating init config 
163330     DEBUG main            d.u.i.k.p.i.AbstractProblemLoader Init config took 3.13s 
163373     INFO  main            d.u.i.k.p.i.AbstractProblemLoader Replaying proof Recell[Cell::footprint()].JML accessible clause.0 
163374     DEBUG main            d.u.i.k.p.i.IntermediateProofReplayer Proof replay took 7.2ns 
163477     INFO  main            d.u.i.k.p.r.p.TestFile    ... finished proof: closed. 
163786     INFO  main            d.u.i.k.p.i.AbstractProblemLoader Loading environment from /home/runner/work/key/key/key.core/../key.ui/examples/heap/model_methods/Recell_footprint_acc.key.proof 
163786     DEBUG main            d.u.i.k.p.i.AbstractProblemLoader Environment load took 117.1ns 
163787     INFO  main            d.u.i.k.p.i.AbstractProblemLoader Creating init config 
166714     DEBUG main            d.u.i.k.p.i.AbstractProblemLoader Init config took 2.93s 
166759     INFO  main            d.u.i.k.p.i.AbstractProblemLoader Replaying proof Recell[Cell::footprint()].JML accessible clause.0 
166783     DEBUG main            d.u.i.k.p.i.IntermediateProofReplayer Proof replay took 21.16ms 
166784     DEBUG main            d.u.i.k.p.r.p.TestFile    ... success: reloaded. 
166785     INFO  main            d.u.i.k.p.r.p.TestFile    Now processing file /home/runner/work/key/key/key.core/../key.ui/examples/heap/model_methods/Recell_get_acc.key 
166785     INFO  main            d.u.i.k.p.i.AbstractProblemLoader Loading environment from /home/runner/work/key/key/key.core/../key.ui/examples/heap/model_methods/Recell_get_acc.key 
166786     DEBUG main            d.u.i.k.p.i.AbstractProblemLoader Environment load took 100.6ns 
166786     INFO  main            d.u.i.k.p.i.AbstractProblemLoader Creating init config 
169883     DEBUG main            d.u.i.k.p.i.AbstractProblemLoader Init config took 3.1s 
169927     INFO  main            d.u.i.k.p.i.AbstractProblemLoader Replaying proof Recell[Cell::get()].JML accessible clause.0 
169929     DEBUG main            d.u.i.k.p.i.IntermediateProofReplayer Proof replay took 7.9ns 
170031     INFO  main            d.u.i.k.p.r.p.TestFile    ... finished proof: closed. 
170350     INFO  main            d.u.i.k.p.i.AbstractProblemLoader Loading environment from /home/runner/work/key/key/key.core/../key.ui/examples/heap/model_methods/Recell_get_acc.key.proof 
170350     DEBUG main            d.u.i.k.p.i.AbstractProblemLoader Environment load took 118.7ns 
170351     INFO  main            d.u.i.k.p.i.AbstractProblemLoader Creating init config 
173317     DEBUG main            d.u.i.k.p.i.AbstractProblemLoader Init config took 2.97s 
173361     INFO  main            d.u.i.k.p.i.AbstractProblemLoader Replaying proof Recell[Cell::get()].JML accessible clause.0 
173383     DEBUG main            d.u.i.k.p.i.IntermediateProofReplayer Proof replay took 19.25ms 
173384     DEBUG main            d.u.i.k.p.r.p.TestFile    ... success: reloaded. 
173385     INFO  main            d.u.i.k.p.r.p.TestFile    Now processing file /home/runner/work/key/key/key.core/../key.ui/examples/heap/model_methods/Recell_get.key 
173385     INFO  main            d.u.i.k.p.i.AbstractProblemLoader Loading environment from /home/runner/work/key/key/key.core/../key.ui/examples/heap/model_methods/Recell_get.key 
173385     DEBUG main            d.u.i.k.p.i.AbstractProblemLoader Environment load took 121.9ns 
173386     INFO  main            d.u.i.k.p.i.AbstractProblemLoader Creating init config 
176421     DEBUG main            d.u.i.k.p.i.AbstractProblemLoader Init config took 3.03s 
176467     INFO  main            d.u.i.k.p.i.AbstractProblemLoader Replaying proof Recell[Cell::get()].JML operation contract.0 
176468     DEBUG main            d.u.i.k.p.i.IntermediateProofReplayer Proof replay took 7.5ns 
176571     INFO  main            d.u.i.k.p.r.p.TestFile    ... finished proof: closed. 
176884     INFO  main            d.u.i.k.p.i.AbstractProblemLoader Loading environment from /home/runner/work/key/key/key.core/../key.ui/examples/heap/model_methods/Recell_get.key.proof 
176884     DEBUG main            d.u.i.k.p.i.AbstractProblemLoader Environment load took 115.6ns 
176885     INFO  main            d.u.i.k.p.i.AbstractProblemLoader Creating init config 
179906     DEBUG main            d.u.i.k.p.i.AbstractProblemLoader Init config took 3.02s 
179958     INFO  main            d.u.i.k.p.i.AbstractProblemLoader Replaying proof Recell[Cell::get()].JML operation contract.0 
179972     DEBUG main            d.u.i.k.p.i.IntermediateProofReplayer Proof replay took 11.46ms 
179973     DEBUG main            d.u.i.k.p.r.p.TestFile    ... success: reloaded. 
179974     INFO  main            d.u.i.k.p.r.p.TestFile    Now processing file /home/runner/work/key/key/key.core/../key.ui/examples/heap/model_methods/Recell_Recell_footprint.key 
179975     INFO  main            d.u.i.k.p.i.AbstractProblemLoader Loading environment from /home/runner/work/key/key/key.core/../key.ui/examples/heap/model_methods/Recell_Recell_footprint.key 
179975     DEBUG main            d.u.i.k.p.i.AbstractProblemLoader Environment load took 117.3ns 
179976     INFO  main            d.u.i.k.p.i.AbstractProblemLoader Creating init config 
183064     DEBUG main            d.u.i.k.p.i.AbstractProblemLoader Init config took 3.09s 
183107     INFO  main            d.u.i.k.p.i.AbstractProblemLoader Replaying proof Recell[Recell::footprint()].JML model_behavior operation contract.0 
183109     DEBUG main            d.u.i.k.p.i.IntermediateProofReplayer Proof replay took 7.4ns 
183214     INFO  main            d.u.i.k.p.r.p.TestFile    ... finished proof: closed. 
183562     INFO  main            d.u.i.k.p.i.AbstractProblemLoader Loading environment from /home/runner/work/key/key/key.core/../key.ui/examples/heap/model_methods/Recell_Recell_footprint.key.proof 
183562     DEBUG main            d.u.i.k.p.i.AbstractProblemLoader Environment load took 141.3ns 
183564     INFO  main            d.u.i.k.p.i.AbstractProblemLoader Creating init config 
186479     DEBUG main            d.u.i.k.p.i.AbstractProblemLoader Init config took 2.92s 
186524     INFO  main            d.u.i.k.p.i.AbstractProblemLoader Replaying proof Recell[Recell::footprint()].JML model_behavior operation contract.0 
186527     DEBUG main            d.u.i.k.p.i.IntermediateProofReplayer Proof replay took 1.47ms 
186528     DEBUG main            d.u.i.k.p.r.p.TestFile    ... success: reloaded. 
186529     INFO  main            d.u.i.k.p.r.p.TestFile    Now processing file /home/runner/work/key/key/key.core/../key.ui/examples/heap/model_methods/Recell_Recell_post_set.key 
186529     INFO  main            d.u.i.k.p.i.AbstractProblemLoader Loading environment from /home/runner/work/key/key/key.core/../key.ui/examples/heap/model_methods/Recell_Recell_post_set.key 
186529     DEBUG main            d.u.i.k.p.i.AbstractProblemLoader Environment load took 107.8ns 
186530     INFO  main            d.u.i.k.p.i.AbstractProblemLoader Creating init config 
189556     DEBUG main            d.u.i.k.p.i.AbstractProblemLoader Init config took 3.03s 
189600     INFO  main            d.u.i.k.p.i.AbstractProblemLoader Replaying proof Recell[Recell::post_set(int)].JML model_behavior operation contract.0 
189601     DEBUG main            d.u.i.k.p.i.IntermediateProofReplayer Proof replay took 7.7ns 
189706     INFO  main            d.u.i.k.p.r.p.TestFile    ... finished proof: closed. 
190040     INFO  main            d.u.i.k.p.i.AbstractProblemLoader Loading environment from /home/runner/work/key/key/key.core/../key.ui/examples/heap/model_methods/Recell_Recell_post_set.key.proof 
190040     DEBUG main            d.u.i.k.p.i.AbstractProblemLoader Environment load took 113.7ns 
190042     INFO  main            d.u.i.k.p.i.AbstractProblemLoader Creating init config 
193000     DEBUG main            d.u.i.k.p.i.AbstractProblemLoader Init config took 2.96s 
193045     INFO  main            d.u.i.k.p.i.AbstractProblemLoader Replaying proof Recell[Recell::post_set(int)].JML model_behavior operation contract.0 
193052     DEBUG main            d.u.i.k.p.i.IntermediateProofReplayer Proof replay took 4.09ms 
193054     DEBUG main            d.u.i.k.p.r.p.TestFile    ... success: reloaded. 
193055     INFO  main            d.u.i.k.p.r.p.TestFile    Now processing file /home/runner/work/key/key/key.core/../key.ui/examples/heap/model_methods/Recell_set.key 
193055     INFO  main            d.u.i.k.p.i.AbstractProblemLoader Loading environment from /home/runner/work/key/key/key.core/../key.ui/examples/heap/model_methods/Recell_set.key 
193055     DEBUG main            d.u.i.k.p.i.AbstractProblemLoader Environment load took 91.2ns 
193056     INFO  main            d.u.i.k.p.i.AbstractProblemLoader Creating init config 
196039     DEBUG main            d.u.i.k.p.i.AbstractProblemLoader Init config took 2.98s 
196081     INFO  main            d.u.i.k.p.i.AbstractProblemLoader Replaying proof Recell[Cell::set(int)].JML operation contract.0 
196083     DEBUG main            d.u.i.k.p.i.IntermediateProofReplayer Proof replay took 7.7ns 
203076     INFO  main            d.u.i.k.p.r.p.TestFile    ... finished proof: closed. 
203464     INFO  main            d.u.i.k.p.i.AbstractProblemLoader Loading environment from /home/runner/work/key/key/key.core/../key.ui/examples/heap/model_methods/Recell_set.key.proof 
203466     DEBUG main            d.u.i.k.p.i.AbstractProblemLoader Environment load took 1.47ms 
203467     INFO  main            d.u.i.k.p.i.AbstractProblemLoader Creating init config 
206416     DEBUG main            d.u.i.k.p.i.AbstractProblemLoader Init config took 2.95s 
206461     INFO  main            d.u.i.k.p.i.AbstractProblemLoader Replaying proof Recell[Cell::set(int)].JML operation contract.0 
207067     DEBUG main            d.u.i.k.p.i.IntermediateProofReplayer Proof replay took 587.44ms 
207069     DEBUG main            d.u.i.k.p.r.p.TestFile    ... success: reloaded. 
207070     INFO  main            d.u.i.k.p.r.p.TestFile    Now processing file /home/runner/work/key/key/key.core/../key.ui/examples/heap/model_methods/Recell_undo.key 
207070     INFO  main            d.u.i.k.p.i.AbstractProblemLoader Loading environment from /home/runner/work/key/key/key.core/../key.ui/examples/heap/model_methods/Recell_undo.key 
207070     DEBUG main            d.u.i.k.p.i.AbstractProblemLoader Environment load took 219.31ns 
207071     INFO  main            d.u.i.k.p.i.AbstractProblemLoader Creating init config 
210124     DEBUG main            d.u.i.k.p.i.AbstractProblemLoader Init config took 3.05s 
210168     INFO  main            d.u.i.k.p.i.AbstractProblemLoader Replaying proof Recell[Recell::undo()].JML operation contract.0 
210169     DEBUG main            d.u.i.k.p.i.IntermediateProofReplayer Proof replay took 9.1ns 
210372     INFO  main            d.u.i.k.p.r.p.TestFile    ... finished proof: closed. 
210710     INFO  main            d.u.i.k.p.i.AbstractProblemLoader Loading environment from /home/runner/work/key/key/key.core/../key.ui/examples/heap/model_methods/Recell_undo.key.proof 
210710     DEBUG main            d.u.i.k.p.i.AbstractProblemLoader Environment load took 111.3ns 
210711     INFO  main            d.u.i.k.p.i.AbstractProblemLoader Creating init config 
213723     DEBUG main            d.u.i.k.p.i.AbstractProblemLoader Init config took 3.01s 
213782     INFO  main            d.u.i.k.p.i.AbstractProblemLoader Replaying proof Recell[Recell::undo()].JML operation contract.0 
213819     DEBUG main            d.u.i.k.p.i.IntermediateProofReplayer Proof replay took 34.5ms 
213821     DEBUG main            d.u.i.k.p.r.p.TestFile    ... success: reloaded. 
4943223    INFO  Test worker     d.u.i.k.p.r.RunAllProofsTestUnit Returning from test modelMethods 
4943223    INFO  Test worker     d.u.i.k.p.r.RunAllProofsTestUnit Running test permissionHeap 
414        INFO  Timeout watchdog d.u.i.k.p.r.p.ForkedTestFileRunner Timeout watcher launched (2000 secs.) 
415        WARN  main            d.u.i.k.s.ProofSettings   The settings in /home/runner/.key/proof-settings.props are *not* read. 
449        INFO  main            d.u.i.k.p.r.p.TestFile    Now processing file /home/runner/work/key/key/key.core/../key.ui/examples/heap/permissions/permissions_method0.key 
616        INFO  main            d.u.i.k.p.i.AbstractProblemLoader Loading environment from /home/runner/work/key/key/key.core/../key.ui/examples/heap/permissions/permissions_method0.key 
639        DEBUG main            d.u.i.k.p.i.AbstractProblemLoader Environment load took 2.5ms 
928        INFO  main            d.u.i.k.p.i.AbstractProblemLoader Creating init config 
2049       DEBUG main            d.u.i.k.j.TypeConverter   No LDT found for Meta 
2050       DEBUG main            d.u.i.k.j.TypeConverter   No LDT found for Meta 
2054       DEBUG main            d.u.i.k.j.TypeConverter   No LDT found for Meta 
2054       DEBUG main            d.u.i.k.j.TypeConverter   No LDT found for Meta 
3699       DEBUG main            d.u.i.k.j.TypeConverter   No LDT found for JavaBigintExpression 
9326       DEBUG main            d.u.i.k.p.i.AbstractProblemLoader Init config took 8.4s 
9456       INFO  main            d.u.i.k.p.i.AbstractProblemLoader Replaying proof MyClass[MyClass::method0()].JML normal_behavior operation contract.0 
9492       DEBUG main            d.u.i.k.p.i.IntermediateProofReplayer Proof replay took 35.2ns 
10514      INFO  main            d.u.i.k.p.r.p.TestFile    ... finished proof: closed. 
10650      INFO  main            d.u.i.k.p.i.AbstractProblemLoader Loading environment from /home/runner/work/key/key/key.core/../key.ui/examples/heap/permissions/permissions_method0.key.proof 
10652      DEBUG main            d.u.i.k.p.i.AbstractProblemLoader Environment load took 1.62ms 
10654      INFO  main            d.u.i.k.p.i.AbstractProblemLoader Creating init config 
13996      DEBUG main            d.u.i.k.p.i.AbstractProblemLoader Init config took 3.34s 
14065      INFO  main            d.u.i.k.p.i.AbstractProblemLoader Replaying proof MyClass[MyClass::method0()].JML normal_behavior operation contract.0 
14247      DEBUG main            d.u.i.k.p.i.IntermediateProofReplayer Proof replay took 175.9ms 
14257      DEBUG main            d.u.i.k.p.r.p.TestFile    ... success: reloaded. 
14260      INFO  main            d.u.i.k.p.r.p.TestFile    Now processing file /home/runner/work/key/key/key.core/../key.ui/examples/heap/permissions/permissions_method1.key 
14260      INFO  main            d.u.i.k.p.i.AbstractProblemLoader Loading environment from /home/runner/work/key/key/key.core/../key.ui/examples/heap/permissions/permissions_method1.key 
14260      DEBUG main            d.u.i.k.p.i.AbstractProblemLoader Environment load took 320.71ns 
14264      INFO  main            d.u.i.k.p.i.AbstractProblemLoader Creating init config 
17476      DEBUG main            d.u.i.k.p.i.AbstractProblemLoader Init config took 3.21s 
17536      INFO  main            d.u.i.k.p.i.AbstractProblemLoader Replaying proof MyClass[MyClass::method1()].JML normal_behavior operation contract.0 
17539      DEBUG main            d.u.i.k.p.i.IntermediateProofReplayer Proof replay took 7.4ns 
17848      INFO  main            d.u.i.k.p.r.p.TestFile    ... finished proof: closed. 
18010      INFO  main            d.u.i.k.p.i.AbstractProblemLoader Loading environment from /home/runner/work/key/key/key.core/../key.ui/examples/heap/permissions/permissions_method1.key.proof 
18010      DEBUG main            d.u.i.k.p.i.AbstractProblemLoader Environment load took 618.12ns 
18012      INFO  main            d.u.i.k.p.i.AbstractProblemLoader Creating init config 
21115      DEBUG main            d.u.i.k.p.i.AbstractProblemLoader Init config took 3.1s 
21190      INFO  main            d.u.i.k.p.i.AbstractProblemLoader Replaying proof MyClass[MyClass::method1()].JML normal_behavior operation contract.0 
21296      DEBUG main            d.u.i.k.p.i.IntermediateProofReplayer Proof replay took 100.72ms 
21297      DEBUG main            d.u.i.k.p.r.p.TestFile    ... success: reloaded. 
21299      INFO  main            d.u.i.k.p.r.p.TestFile    Now processing file /home/runner/work/key/key/key.core/../key.ui/examples/heap/permissions/permissions_method3.key 
21299      INFO  main            d.u.i.k.p.i.AbstractProblemLoader Loading environment from /home/runner/work/key/key/key.core/../key.ui/examples/heap/permissions/permissions_method3.key 
21300      DEBUG main            d.u.i.k.p.i.AbstractProblemLoader Environment load took 121.2ns 
21304      INFO  main            d.u.i.k.p.i.AbstractProblemLoader Creating init config 
24451      DEBUG main            d.u.i.k.p.i.AbstractProblemLoader Init config took 3.15s 
24506      INFO  main            d.u.i.k.p.i.AbstractProblemLoader Replaying proof MyClass[MyClass::method3()].JML normal_behavior operation contract.0 
24508      DEBUG main            d.u.i.k.p.i.IntermediateProofReplayer Proof replay took 6.9ns 
26022      INFO  main            d.u.i.k.p.r.p.TestFile    ... finished proof: closed. 
26224      INFO  main            d.u.i.k.p.i.AbstractProblemLoader Loading environment from /home/runner/work/key/key/key.core/../key.ui/examples/heap/permissions/permissions_method3.key.proof 
26231      DEBUG main            d.u.i.k.p.i.AbstractProblemLoader Environment load took 6.39ms 
26232      INFO  main            d.u.i.k.p.i.AbstractProblemLoader Creating init config 
29387      DEBUG main            d.u.i.k.p.i.AbstractProblemLoader Init config took 3.15s 
29461      INFO  main            d.u.i.k.p.i.AbstractProblemLoader Replaying proof MyClass[MyClass::method3()].JML normal_behavior operation contract.0 
29786      DEBUG main            d.u.i.k.p.i.IntermediateProofReplayer Proof replay took 314.4ms 
29788      DEBUG main            d.u.i.k.p.r.p.TestFile    ... success: reloaded. 
29790      INFO  main            d.u.i.k.p.r.p.TestFile    Now processing file /home/runner/work/key/key/key.core/../key.ui/examples/heap/permissions/permissions_setAB.key 
29790      INFO  main            d.u.i.k.p.i.AbstractProblemLoader Loading environment from /home/runner/work/key/key/key.core/../key.ui/examples/heap/permissions/permissions_setAB.key 
29790      DEBUG main            d.u.i.k.p.i.AbstractProblemLoader Environment load took 121.2ns 
29791      INFO  main            d.u.i.k.p.i.AbstractProblemLoader Creating init config 
32999      DEBUG main            d.u.i.k.p.i.AbstractProblemLoader Init config took 3.21s 
33056      INFO  main            d.u.i.k.p.i.AbstractProblemLoader Replaying proof MyClass[MyClass::setAB()].JML normal_behavior operation contract.0 
33058      DEBUG main            d.u.i.k.p.i.IntermediateProofReplayer Proof replay took 6.7ns 
34867      INFO  main            d.u.i.k.p.r.p.TestFile    ... finished proof: closed. 
35101      INFO  main            d.u.i.k.p.i.AbstractProblemLoader Loading environment from /home/runner/work/key/key/key.core/../key.ui/examples/heap/permissions/permissions_setAB.key.proof 
35103      DEBUG main            d.u.i.k.p.i.AbstractProblemLoader Environment load took 1.85ms 
35104      INFO  main            d.u.i.k.p.i.AbstractProblemLoader Creating init config 
38213      DEBUG main            d.u.i.k.p.i.AbstractProblemLoader Init config took 3.11s 
38263      INFO  main            d.u.i.k.p.i.AbstractProblemLoader Replaying proof MyClass[MyClass::setAB()].JML normal_behavior operation contract.0 
38512      DEBUG main            d.u.i.k.p.i.IntermediateProofReplayer Proof replay took 243.56ms 
38514      DEBUG main            d.u.i.k.p.r.p.TestFile    ... success: reloaded. 
38515      INFO  main            d.u.i.k.p.r.p.TestFile    Now processing file /home/runner/work/key/key/key.core/../key.ui/examples/heap/permissions/permissionProperties.key 
38516      INFO  main            d.u.i.k.p.i.AbstractProblemLoader Loading environment from /home/runner/work/key/key/key.core/../key.ui/examples/heap/permissions/permissionProperties.key 
38516      DEBUG main            d.u.i.k.p.i.AbstractProblemLoader Environment load took 244.71ns 
38518      INFO  main            d.u.i.k.p.i.AbstractProblemLoader Creating init config 
38651      DEBUG main            d.u.i.k.j.TypeConverter   No LDT found for Meta 
38652      DEBUG main            d.u.i.k.j.TypeConverter   No LDT found for Meta 
38653      DEBUG main            d.u.i.k.j.TypeConverter   No LDT found for Meta 
38653      DEBUG main            d.u.i.k.j.TypeConverter   No LDT found for Meta 
39285      DEBUG main            d.u.i.k.j.TypeConverter   No LDT found for JavaBigintExpression 
42479      DEBUG main            d.u.i.k.p.i.AbstractProblemLoader Init config took 3.96s 
42503      INFO  main            d.u.i.k.p.i.AbstractProblemLoader Replaying proof permissionProperties.key 
42505      DEBUG main            d.u.i.k.p.i.IntermediateProofReplayer Proof replay took 6.4ns 
42608      INFO  main            d.u.i.k.p.r.p.TestFile    ... finished proof: closed. 
42797      INFO  main            d.u.i.k.p.i.AbstractProblemLoader Loading environment from /home/runner/work/key/key/key.core/../key.ui/examples/heap/permissions/permissionProperties.key.proof 
42797      DEBUG main            d.u.i.k.p.i.AbstractProblemLoader Environment load took 415.41ns 
42799      INFO  main            d.u.i.k.p.i.AbstractProblemLoader Creating init config 
45660      DEBUG main            d.u.i.k.p.i.AbstractProblemLoader Init config took 2.86s 
45683      INFO  main            d.u.i.k.p.i.AbstractProblemLoader Replaying proof permissionProperties.key.proof 
45706      DEBUG main            d.u.i.k.p.i.IntermediateProofReplayer Proof replay took 20.57ms 
45708      DEBUG main            d.u.i.k.p.r.p.TestFile    ... success: reloaded. 
45709      INFO  main            d.u.i.k.p.r.p.TestFile    Now processing file /home/runner/work/key/key/key.core/../key.ui/examples/heap/permissions/threads/AFilter_AFilter.key 
45709      INFO  main            d.u.i.k.p.i.AbstractProblemLoader Loading environment from /home/runner/work/key/key/key.core/../key.ui/examples/heap/permissions/threads/AFilter_AFilter.key 
45710      DEBUG main            d.u.i.k.p.i.AbstractProblemLoader Environment load took 213.91ns 
45711      INFO  main            d.u.i.k.p.i.AbstractProblemLoader Creating init config 
45879      DEBUG main            d.u.i.k.j.TypeConverter   No LDT found for Meta 
45879      DEBUG main            d.u.i.k.j.TypeConverter   No LDT found for Meta 
45880      DEBUG main            d.u.i.k.j.TypeConverter   No LDT found for Meta 
45880      DEBUG main            d.u.i.k.j.TypeConverter   No LDT found for Meta 
46489      DEBUG main            d.u.i.k.j.TypeConverter   No LDT found for JavaBigintExpression 
52675      DEBUG main            d.u.i.k.p.i.AbstractProblemLoader Init config took 6.96s 
52782      INFO  main            d.u.i.k.p.i.AbstractProblemLoader Replaying proof AFilter[AFilter::AFilter(Sampler,Buffer)].JML normal_behavior operation contract.0 
52784      DEBUG main            d.u.i.k.p.i.IntermediateProofReplayer Proof replay took 6.7ns 
53996      INFO  main            d.u.i.k.p.r.p.TestFile    ... finished proof: closed. 
54351      INFO  main            d.u.i.k.p.i.AbstractProblemLoader Loading environment from /home/runner/work/key/key/key.core/../key.ui/examples/heap/permissions/threads/AFilter_AFilter.key.proof 
54353      DEBUG main            d.u.i.k.p.i.AbstractProblemLoader Environment load took 2.66ms 
54355      INFO  main            d.u.i.k.p.i.AbstractProblemLoader Creating init config 
59862      DEBUG main            d.u.i.k.p.i.AbstractProblemLoader Init config took 5.51s 
60000      INFO  main            d.u.i.k.p.i.AbstractProblemLoader Replaying proof AFilter[AFilter::AFilter(Sampler,Buffer)].JML normal_behavior operation contract.0 
60197      DEBUG main            d.u.i.k.p.i.IntermediateProofReplayer Proof replay took 191.58ms 
60198      DEBUG main            d.u.i.k.p.r.p.TestFile    ... success: reloaded. 
60200      INFO  main            d.u.i.k.p.r.p.TestFile    Now processing file /home/runner/work/key/key/key.core/../key.ui/examples/heap/permissions/threads/AFilter_initPost_accessible.key 
60200      INFO  main            d.u.i.k.p.i.AbstractProblemLoader Loading environment from /home/runner/work/key/key/key.core/../key.ui/examples/heap/permissions/threads/AFilter_initPost_accessible.key 
60200      DEBUG main            d.u.i.k.p.i.AbstractProblemLoader Environment load took 286.91ns 
60202      INFO  main            d.u.i.k.p.i.AbstractProblemLoader Creating init config 
65600      DEBUG main            d.u.i.k.p.i.AbstractProblemLoader Init config took 5.4s 
65733      INFO  main            d.u.i.k.p.i.AbstractProblemLoader Replaying proof AFilter[ThreadSpec2::initPost()].JML accessible clause.0 
65735      DEBUG main            d.u.i.k.p.i.IntermediateProofReplayer Proof replay took 7.5ns 
65838      INFO  main            d.u.i.k.p.r.p.TestFile    ... finished proof: closed. 
66074      INFO  main            d.u.i.k.p.i.AbstractProblemLoader Loading environment from /home/runner/work/key/key/key.core/../key.ui/examples/heap/permissions/threads/AFilter_initPost_accessible.key.proof 
66075      DEBUG main            d.u.i.k.p.i.AbstractProblemLoader Environment load took 139.6ns 
66076      INFO  main            d.u.i.k.p.i.AbstractProblemLoader Creating init config 
71546      DEBUG main            d.u.i.k.p.i.AbstractProblemLoader Init config took 5.47s 
71663      INFO  main            d.u.i.k.p.i.AbstractProblemLoader Replaying proof AFilter[ThreadSpec2::initPost()].JML accessible clause.0 
71679      DEBUG main            d.u.i.k.p.i.IntermediateProofReplayer Proof replay took 14.25ms 
71681      DEBUG main            d.u.i.k.p.r.p.TestFile    ... success: reloaded. 
71682      INFO  main            d.u.i.k.p.r.p.TestFile    Now processing file /home/runner/work/key/key/key.core/../key.ui/examples/heap/permissions/threads/AFilter_inv_accessible1.key 
71683      INFO  main            d.u.i.k.p.i.AbstractProblemLoader Loading environment from /home/runner/work/key/key/key.core/../key.ui/examples/heap/permissions/threads/AFilter_inv_accessible1.key 
71683      DEBUG main            d.u.i.k.p.i.AbstractProblemLoader Environment load took 210.5ns 
71684      INFO  main            d.u.i.k.p.i.AbstractProblemLoader Creating init config 
77075      DEBUG main            d.u.i.k.p.i.AbstractProblemLoader Init config took 5.39s 
77189      INFO  main            d.u.i.k.p.i.AbstractProblemLoader Replaying proof AFilter[java.lang.Object::<inv>()].JML accessible clause.0 
77191      DEBUG main            d.u.i.k.p.i.IntermediateProofReplayer Proof replay took 8.1ns 
77293      INFO  main            d.u.i.k.p.r.p.TestFile    ... finished proof: closed. 
77551      INFO  main            d.u.i.k.p.i.AbstractProblemLoader Loading environment from /home/runner/work/key/key/key.core/../key.ui/examples/heap/permissions/threads/AFilter_inv_accessible1.key.proof 
77551      DEBUG main            d.u.i.k.p.i.AbstractProblemLoader Environment load took 156.8ns 
77553      INFO  main            d.u.i.k.p.i.AbstractProblemLoader Creating init config 
82861      DEBUG main            d.u.i.k.p.i.AbstractProblemLoader Init config took 5.31s 
82987      INFO  main            d.u.i.k.p.i.AbstractProblemLoader Replaying proof AFilter[java.lang.Object::<inv>()].JML accessible clause.0 
82993      DEBUG main            d.u.i.k.p.i.IntermediateProofReplayer Proof replay took 3.58ms 
82995      DEBUG main            d.u.i.k.p.r.p.TestFile    ... success: reloaded. 
82997      INFO  main            d.u.i.k.p.r.p.TestFile    Now processing file /home/runner/work/key/key/key.core/../key.ui/examples/heap/permissions/threads/AFilter_inv_accessible2.key 
82997      INFO  main            d.u.i.k.p.i.AbstractProblemLoader Loading environment from /home/runner/work/key/key/key.core/../key.ui/examples/heap/permissions/threads/AFilter_inv_accessible2.key 
82997      DEBUG main            d.u.i.k.p.i.AbstractProblemLoader Environment load took 203.31ns 
82999      INFO  main            d.u.i.k.p.i.AbstractProblemLoader Creating init config 
88338      DEBUG main            d.u.i.k.p.i.AbstractProblemLoader Init config took 5.34s 
88435      INFO  main            d.u.i.k.p.i.AbstractProblemLoader Replaying proof AFilter[java.lang.Object::<inv>()].JML accessible clause.1 
88437      DEBUG main            d.u.i.k.p.i.IntermediateProofReplayer Proof replay took 7.2ns 
88539      INFO  main            d.u.i.k.p.r.p.TestFile    ... finished proof: closed. 
88811      INFO  main            d.u.i.k.p.i.AbstractProblemLoader Loading environment from /home/runner/work/key/key/key.core/../key.ui/examples/heap/permissions/threads/AFilter_inv_accessible2.key.proof 
88812      DEBUG main            d.u.i.k.p.i.AbstractProblemLoader Environment load took 185ns 
88813      INFO  main            d.u.i.k.p.i.AbstractProblemLoader Creating init config 
94040      DEBUG main            d.u.i.k.p.i.AbstractProblemLoader Init config took 5.23s 
94159      INFO  main            d.u.i.k.p.i.AbstractProblemLoader Replaying proof AFilter[java.lang.Object::<inv>()].JML accessible clause.1 
94166      DEBUG main            d.u.i.k.p.i.IntermediateProofReplayer Proof replay took 2.65ms 
94168      DEBUG main            d.u.i.k.p.r.p.TestFile    ... success: reloaded. 
94170      INFO  main            d.u.i.k.p.r.p.TestFile    Now processing file /home/runner/work/key/key/key.core/../key.ui/examples/heap/permissions/threads/AFilter_joinTransfer_accessible.key 
94171      INFO  main            d.u.i.k.p.i.AbstractProblemLoader Loading environment from /home/runner/work/key/key/key.core/../key.ui/examples/heap/permissions/threads/AFilter_joinTransfer_accessible.key 
94171      DEBUG main            d.u.i.k.p.i.AbstractProblemLoader Environment load took 108.4ns 
94172      INFO  main            d.u.i.k.p.i.AbstractProblemLoader Creating init config 
99479      DEBUG main            d.u.i.k.p.i.AbstractProblemLoader Init config took 5.31s 
99577      INFO  main            d.u.i.k.p.i.AbstractProblemLoader Replaying proof AFilter[ThreadSpec2::joinTransfer()].JML accessible clause.0 
99579      DEBUG main            d.u.i.k.p.i.IntermediateProofReplayer Proof replay took 7.1ns 
100891     INFO  main            d.u.i.k.p.r.p.TestFile    ... finished proof: closed. 
101167     INFO  main            d.u.i.k.p.i.AbstractProblemLoader Loading environment from /home/runner/work/key/key/key.core/../key.ui/examples/heap/permissions/threads/AFilter_joinTransfer_accessible.key.proof 
101168     DEBUG main            d.u.i.k.p.i.AbstractProblemLoader Environment load took 1.05ms 
101169     INFO  main            d.u.i.k.p.i.AbstractProblemLoader Creating init config 
106392     DEBUG main            d.u.i.k.p.i.AbstractProblemLoader Init config took 5.22s 
106488     INFO  main            d.u.i.k.p.i.AbstractProblemLoader Replaying proof AFilter[ThreadSpec2::joinTransfer()].JML accessible clause.0 
106635     DEBUG main            d.u.i.k.p.i.IntermediateProofReplayer Proof replay took 141.39ms 
106637     DEBUG main            d.u.i.k.p.r.p.TestFile    ... success: reloaded. 
106638     INFO  main            d.u.i.k.p.r.p.TestFile    Now processing file /home/runner/work/key/key/key.core/../key.ui/examples/heap/permissions/threads/AFilter_joinTransfer_contract.key 
106638     INFO  main            d.u.i.k.p.i.AbstractProblemLoader Loading environment from /home/runner/work/key/key/key.core/../key.ui/examples/heap/permissions/threads/AFilter_joinTransfer_contract.key 
106639     DEBUG main            d.u.i.k.p.i.AbstractProblemLoader Environment load took 193.81ns 
106640     INFO  main            d.u.i.k.p.i.AbstractProblemLoader Creating init config 
111896     DEBUG main            d.u.i.k.p.i.AbstractProblemLoader Init config took 5.26s 
111994     INFO  main            d.u.i.k.p.i.AbstractProblemLoader Replaying proof AFilter[ThreadSpec2::joinTransfer()].JML model_behavior operation contract.0 
111996     DEBUG main            d.u.i.k.p.i.IntermediateProofReplayer Proof replay took 8.2ns 
112101     INFO  main            d.u.i.k.p.r.p.TestFile    ... finished proof: closed. 
112371     INFO  main            d.u.i.k.p.i.AbstractProblemLoader Loading environment from /home/runner/work/key/key/key.core/../key.ui/examples/heap/permissions/threads/AFilter_joinTransfer_contract.key.proof 
112371     DEBUG main            d.u.i.k.p.i.AbstractProblemLoader Environment load took 158.91ns 
112372     INFO  main            d.u.i.k.p.i.AbstractProblemLoader Creating init config 
117601     DEBUG main            d.u.i.k.p.i.AbstractProblemLoader Init config took 5.23s 
117710     INFO  main            d.u.i.k.p.i.AbstractProblemLoader Replaying proof AFilter[ThreadSpec2::joinTransfer()].JML model_behavior operation contract.0 
117721     DEBUG main            d.u.i.k.p.i.IntermediateProofReplayer Proof replay took 8.97ms 
117722     DEBUG main            d.u.i.k.p.r.p.TestFile    ... success: reloaded. 
117724     INFO  main            d.u.i.k.p.r.p.TestFile    Now processing file /home/runner/work/key/key/key.core/../key.ui/examples/heap/permissions/threads/AFilter_postJoin_accessible.key 
117724     INFO  main            d.u.i.k.p.i.AbstractProblemLoader Loading environment from /home/runner/work/key/key/key.core/../key.ui/examples/heap/permissions/threads/AFilter_postJoin_accessible.key 
117724     DEBUG main            d.u.i.k.p.i.AbstractProblemLoader Environment load took 108.5ns 
117725     INFO  main            d.u.i.k.p.i.AbstractProblemLoader Creating init config 
122960     DEBUG main            d.u.i.k.p.i.AbstractProblemLoader Init config took 5.24s 
123056     INFO  main            d.u.i.k.p.i.AbstractProblemLoader Replaying proof AFilter[ThreadSpec2::postJoin(java.lang.Object)].JML accessible clause.0 
123059     DEBUG main            d.u.i.k.p.i.IntermediateProofReplayer Proof replay took 7.9ns 
123161     INFO  main            d.u.i.k.p.r.p.TestFile    ... finished proof: closed. 
123453     INFO  main            d.u.i.k.p.i.AbstractProblemLoader Loading environment from /home/runner/work/key/key/key.core/../key.ui/examples/heap/permissions/threads/AFilter_postJoin_accessible.key.proof 
123453     DEBUG main            d.u.i.k.p.i.AbstractProblemLoader Environment load took 140ns 
123457     INFO  main            d.u.i.k.p.i.AbstractProblemLoader Creating init config 
128639     DEBUG main            d.u.i.k.p.i.AbstractProblemLoader Init config took 5.18s 
128731     INFO  main            d.u.i.k.p.i.AbstractProblemLoader Replaying proof AFilter[ThreadSpec2::postJoin(java.lang.Object)].JML accessible clause.0 
128741     DEBUG main            d.u.i.k.p.i.IntermediateProofReplayer Proof replay took 8.1ms 
128742     DEBUG main            d.u.i.k.p.r.p.TestFile    ... success: reloaded. 
128744     INFO  main            d.u.i.k.p.r.p.TestFile    Now processing file /home/runner/work/key/key/key.core/../key.ui/examples/heap/permissions/threads/AFilter_preStart_accessible.key 
128744     INFO  main            d.u.i.k.p.i.AbstractProblemLoader Loading environment from /home/runner/work/key/key/key.core/../key.ui/examples/heap/permissions/threads/AFilter_preStart_accessible.key 
128744     DEBUG main            d.u.i.k.p.i.AbstractProblemLoader Environment load took 105.2ns 
128745     INFO  main            d.u.i.k.p.i.AbstractProblemLoader Creating init config 
134059     DEBUG main            d.u.i.k.p.i.AbstractProblemLoader Init config took 5.31s 
134152     INFO  main            d.u.i.k.p.i.AbstractProblemLoader Replaying proof AFilter[ThreadSpec2::preStart(java.lang.Object)].JML accessible clause.0 
134154     DEBUG main            d.u.i.k.p.i.IntermediateProofReplayer Proof replay took 8.2ns 
134557     INFO  main            d.u.i.k.p.r.p.TestFile    ... finished proof: closed. 
134946     INFO  main            d.u.i.k.p.i.AbstractProblemLoader Loading environment from /home/runner/work/key/key/key.core/../key.ui/examples/heap/permissions/threads/AFilter_preStart_accessible.key.proof 
134947     DEBUG main            d.u.i.k.p.i.AbstractProblemLoader Environment load took 490.21ns 
134948     INFO  main            d.u.i.k.p.i.AbstractProblemLoader Creating init config 
140227     DEBUG main            d.u.i.k.p.i.AbstractProblemLoader Init config took 5.28s 
140325     INFO  main            d.u.i.k.p.i.AbstractProblemLoader Replaying proof AFilter[ThreadSpec2::preStart(java.lang.Object)].JML accessible clause.0 
140367     DEBUG main            d.u.i.k.p.i.IntermediateProofReplayer Proof replay took 38.24ms 
140368     DEBUG main            d.u.i.k.p.r.p.TestFile    ... success: reloaded. 
140369     INFO  main            d.u.i.k.p.r.p.TestFile    Now processing file /home/runner/work/key/key/key.core/../key.ui/examples/heap/permissions/threads/AFilter_startTransfer_accessible.key 
140370     INFO  main            d.u.i.k.p.i.AbstractProblemLoader Loading environment from /home/runner/work/key/key/key.core/../key.ui/examples/heap/permissions/threads/AFilter_startTransfer_accessible.key 
140370     DEBUG main            d.u.i.k.p.i.AbstractProblemLoader Environment load took 211.1ns 
140371     INFO  main            d.u.i.k.p.i.AbstractProblemLoader Creating init config 
145768     DEBUG main            d.u.i.k.p.i.AbstractProblemLoader Init config took 5.4s 
145879     INFO  main            d.u.i.k.p.i.AbstractProblemLoader Replaying proof AFilter[ThreadSpec2::startTransfer()].JML accessible clause.0 
145880     DEBUG main            d.u.i.k.p.i.IntermediateProofReplayer Proof replay took 7.7ns 
156424     INFO  main            d.u.i.k.p.r.p.TestFile    ... finished proof: closed. 
156761     INFO  main            d.u.i.k.p.i.AbstractProblemLoader Loading environment from /home/runner/work/key/key/key.core/../key.ui/examples/heap/permissions/threads/AFilter_startTransfer_accessible.key.proof 
156761     DEBUG main            d.u.i.k.p.i.AbstractProblemLoader Environment load took 207.51ns 
156763     INFO  main            d.u.i.k.p.i.AbstractProblemLoader Creating init config 
161977     DEBUG main            d.u.i.k.p.i.AbstractProblemLoader Init config took 5.21s 
162069     INFO  main            d.u.i.k.p.i.AbstractProblemLoader Replaying proof AFilter[ThreadSpec2::startTransfer()].JML accessible clause.0 
162984     DEBUG main            d.u.i.k.p.i.IntermediateProofReplayer Proof replay took 890.11ms 
162986     DEBUG main            d.u.i.k.p.r.p.TestFile    ... success: reloaded. 
162987     INFO  main            d.u.i.k.p.r.p.TestFile    Now processing file /home/runner/work/key/key/key.core/../key.ui/examples/heap/permissions/threads/AFilter_startTransfer_contract.key 
162987     INFO  main            d.u.i.k.p.i.AbstractProblemLoader Loading environment from /home/runner/work/key/key/key.core/../key.ui/examples/heap/permissions/threads/AFilter_startTransfer_contract.key 
162987     DEBUG main            d.u.i.k.p.i.AbstractProblemLoader Environment load took 161.9ns 
162988     INFO  main            d.u.i.k.p.i.AbstractProblemLoader Creating init config 
168317     DEBUG main            d.u.i.k.p.i.AbstractProblemLoader Init config took 5.33s 
168423     INFO  main            d.u.i.k.p.i.AbstractProblemLoader Replaying proof AFilter[ThreadSpec2::startTransfer()].JML model_behavior operation contract.0 
168425     DEBUG main            d.u.i.k.p.i.IntermediateProofReplayer Proof replay took 7.1ns 
168929     INFO  main            d.u.i.k.p.r.p.TestFile    ... finished proof: closed. 
169320     INFO  main            d.u.i.k.p.i.AbstractProblemLoader Loading environment from /home/runner/work/key/key/key.core/../key.ui/examples/heap/permissions/threads/AFilter_startTransfer_contract.key.proof 
169320     DEBUG main            d.u.i.k.p.i.AbstractProblemLoader Environment load took 416.51ns 
169322     INFO  main            d.u.i.k.p.i.AbstractProblemLoader Creating init config 
174523     DEBUG main            d.u.i.k.p.i.AbstractProblemLoader Init config took 5.2s 
174627     INFO  main            d.u.i.k.p.i.AbstractProblemLoader Replaying proof AFilter[ThreadSpec2::startTransfer()].JML model_behavior operation contract.0 
174680     DEBUG main            d.u.i.k.p.i.IntermediateProofReplayer Proof replay took 47.97ms 
174681     DEBUG main            d.u.i.k.p.r.p.TestFile    ... success: reloaded. 
174682     INFO  main            d.u.i.k.p.r.p.TestFile    Now processing file /home/runner/work/key/key/key.core/../key.ui/examples/heap/permissions/threads/AFilter_stateInv_accessible.key 
174682     INFO  main            d.u.i.k.p.i.AbstractProblemLoader Loading environment from /home/runner/work/key/key/key.core/../key.ui/examples/heap/permissions/threads/AFilter_stateInv_accessible.key 
174682     DEBUG main            d.u.i.k.p.i.AbstractProblemLoader Environment load took 142.7ns 
174683     INFO  main            d.u.i.k.p.i.AbstractProblemLoader Creating init config 
179935     DEBUG main            d.u.i.k.p.i.AbstractProblemLoader Init config took 5.25s 
180026     INFO  main            d.u.i.k.p.i.AbstractProblemLoader Replaying proof AFilter[ThreadSpec2::stateInv()].JML accessible clause.0 
180028     DEBUG main            d.u.i.k.p.i.IntermediateProofReplayer Proof replay took 6.7ns 
180431     INFO  main            d.u.i.k.p.r.p.TestFile    ... finished proof: closed. 
180728     INFO  main            d.u.i.k.p.i.AbstractProblemLoader Loading environment from /home/runner/work/key/key/key.core/../key.ui/examples/heap/permissions/threads/AFilter_stateInv_accessible.key.proof 
180728     DEBUG main            d.u.i.k.p.i.AbstractProblemLoader Environment load took 386.41ns 
180730     INFO  main            d.u.i.k.p.i.AbstractProblemLoader Creating init config 
185987     DEBUG main            d.u.i.k.p.i.AbstractProblemLoader Init config took 5.26s 
186080     INFO  main            d.u.i.k.p.i.AbstractProblemLoader Replaying proof AFilter[ThreadSpec2::stateInv()].JML accessible clause.0 
186125     DEBUG main            d.u.i.k.p.i.IntermediateProofReplayer Proof replay took 40.82ms 
186126     DEBUG main            d.u.i.k.p.r.p.TestFile    ... success: reloaded. 
186127     INFO  main            d.u.i.k.p.r.p.TestFile    Now processing file /home/runner/work/key/key/key.core/../key.ui/examples/heap/permissions/threads/AFilter_staticPermissions_accessible.key 
186128     INFO  main            d.u.i.k.p.i.AbstractProblemLoader Loading environment from /home/runner/work/key/key/key.core/../key.ui/examples/heap/permissions/threads/AFilter_staticPermissions_accessible.key 
186128     DEBUG main            d.u.i.k.p.i.AbstractProblemLoader Environment load took 227.81ns 
186129     INFO  main            d.u.i.k.p.i.AbstractProblemLoader Creating init config 
191390     DEBUG main            d.u.i.k.p.i.AbstractProblemLoader Init config took 5.26s 
191508     INFO  main            d.u.i.k.p.i.AbstractProblemLoader Replaying proof AFilter[ThreadSpec2::staticPermissions()].JML accessible clause.0 
191509     DEBUG main            d.u.i.k.p.i.IntermediateProofReplayer Proof replay took 8.2ns 
191613     INFO  main            d.u.i.k.p.r.p.TestFile    ... finished proof: closed. 
191934     INFO  main            d.u.i.k.p.i.AbstractProblemLoader Loading environment from /home/runner/work/key/key/key.core/../key.ui/examples/heap/permissions/threads/AFilter_staticPermissions_accessible.key.proof 
191934     DEBUG main            d.u.i.k.p.i.AbstractProblemLoader Environment load took 121.3ns 
191935     INFO  main            d.u.i.k.p.i.AbstractProblemLoader Creating init config 
197147     DEBUG main            d.u.i.k.p.i.AbstractProblemLoader Init config took 5.21s 
197242     INFO  main            d.u.i.k.p.i.AbstractProblemLoader Replaying proof AFilter[ThreadSpec2::staticPermissions()].JML accessible clause.0 
197254     DEBUG main            d.u.i.k.p.i.IntermediateProofReplayer Proof replay took 10.68ms 
197255     DEBUG main            d.u.i.k.p.r.p.TestFile    ... success: reloaded. 
197256     INFO  main            d.u.i.k.p.r.p.TestFile    Now processing file /home/runner/work/key/key/key.core/../key.ui/examples/heap/permissions/threads/AFilter_workingPermissions_accessible.key 
197257     INFO  main            d.u.i.k.p.i.AbstractProblemLoader Loading environment from /home/runner/work/key/key/key.core/../key.ui/examples/heap/permissions/threads/AFilter_workingPermissions_accessible.key 
197257     DEBUG main            d.u.i.k.p.i.AbstractProblemLoader Environment load took 98.9ns 
197258     INFO  main            d.u.i.k.p.i.AbstractProblemLoader Creating init config 
202536     DEBUG main            d.u.i.k.p.i.AbstractProblemLoader Init config took 5.28s 
202629     INFO  main            d.u.i.k.p.i.AbstractProblemLoader Replaying proof AFilter[ThreadSpec2::workingPermissions()].JML accessible clause.0 
202630     DEBUG main            d.u.i.k.p.i.IntermediateProofReplayer Proof replay took 7.2ns 
202732     INFO  main            d.u.i.k.p.r.p.TestFile    ... finished proof: closed. 
203027     INFO  main            d.u.i.k.p.i.AbstractProblemLoader Loading environment from /home/runner/work/key/key/key.core/../key.ui/examples/heap/permissions/threads/AFilter_workingPermissions_accessible.key.proof 
203027     DEBUG main            d.u.i.k.p.i.AbstractProblemLoader Environment load took 140.6ns 
203028     INFO  main            d.u.i.k.p.i.AbstractProblemLoader Creating init config 
208228     DEBUG main            d.u.i.k.p.i.AbstractProblemLoader Init config took 5.2s 
208320     INFO  main            d.u.i.k.p.i.AbstractProblemLoader Replaying proof AFilter[ThreadSpec2::workingPermissions()].JML accessible clause.0 
208331     DEBUG main            d.u.i.k.p.i.IntermediateProofReplayer Proof replay took 8.89ms 
208332     DEBUG main            d.u.i.k.p.r.p.TestFile    ... success: reloaded. 
208333     INFO  main            d.u.i.k.p.r.p.TestFile    Now processing file /home/runner/work/key/key/key.core/../key.ui/examples/heap/permissions/threads/BFilter_BFilter.key 
208333     INFO  main            d.u.i.k.p.i.AbstractProblemLoader Loading environment from /home/runner/work/key/key/key.core/../key.ui/examples/heap/permissions/threads/BFilter_BFilter.key 
208333     DEBUG main            d.u.i.k.p.i.AbstractProblemLoader Environment load took 99.9ns 
208334     INFO  main            d.u.i.k.p.i.AbstractProblemLoader Creating init config 
213625     DEBUG main            d.u.i.k.p.i.AbstractProblemLoader Init config took 5.29s 
213748     INFO  main            d.u.i.k.p.i.AbstractProblemLoader Replaying proof BFilter[BFilter::BFilter(Sampler,Buffer)].JML normal_behavior operation contract.0 
213750     DEBUG main            d.u.i.k.p.i.IntermediateProofReplayer Proof replay took 7.4ns 
214757     INFO  main            d.u.i.k.p.r.p.TestFile    ... finished proof: closed. 
215132     INFO  main            d.u.i.k.p.i.AbstractProblemLoader Loading environment from /home/runner/work/key/key/key.core/../key.ui/examples/heap/permissions/threads/BFilter_BFilter.key.proof 
215133     DEBUG main            d.u.i.k.p.i.AbstractProblemLoader Environment load took 502.21ns 
215134     INFO  main            d.u.i.k.p.i.AbstractProblemLoader Creating init config 
220266     DEBUG main            d.u.i.k.p.i.AbstractProblemLoader Init config took 5.13s 
220361     INFO  main            d.u.i.k.p.i.AbstractProblemLoader Replaying proof BFilter[BFilter::BFilter(Sampler,Buffer)].JML normal_behavior operation contract.0 
220568     DEBUG main            d.u.i.k.p.i.IntermediateProofReplayer Proof replay took 202.07ms 
220569     DEBUG main            d.u.i.k.p.r.p.TestFile    ... success: reloaded. 
220572     INFO  main            d.u.i.k.p.r.p.TestFile    Now processing file /home/runner/work/key/key/key.core/../key.ui/examples/heap/permissions/threads/BFilter_initPost_accessible.key 
220573     INFO  main            d.u.i.k.p.i.AbstractProblemLoader Loading environment from /home/runner/work/key/key/key.core/../key.ui/examples/heap/permissions/threads/BFilter_initPost_accessible.key 
220573     DEBUG main            d.u.i.k.p.i.AbstractProblemLoader Environment load took 267.61ns 
220574     INFO  main            d.u.i.k.p.i.AbstractProblemLoader Creating init config 
225851     DEBUG main            d.u.i.k.p.i.AbstractProblemLoader Init config took 5.28s 
225944     INFO  main            d.u.i.k.p.i.AbstractProblemLoader Replaying proof BFilter[ThreadSpec2::initPost()].JML accessible clause.0 
225946     DEBUG main            d.u.i.k.p.i.IntermediateProofReplayer Proof replay took 7.2ns 
226049     INFO  main            d.u.i.k.p.r.p.TestFile    ... finished proof: closed. 
226391     INFO  main            d.u.i.k.p.i.AbstractProblemLoader Loading environment from /home/runner/work/key/key/key.core/../key.ui/examples/heap/permissions/threads/BFilter_initPost_accessible.key.proof 
226391     DEBUG main            d.u.i.k.p.i.AbstractProblemLoader Environment load took 270.11ns 
226392     INFO  main            d.u.i.k.p.i.AbstractProblemLoader Creating init config 
231568     DEBUG main            d.u.i.k.p.i.AbstractProblemLoader Init config took 5.18s 
231657     INFO  main            d.u.i.k.p.i.AbstractProblemLoader Replaying proof BFilter[ThreadSpec2::initPost()].JML accessible clause.0 
231671     DEBUG main            d.u.i.k.p.i.IntermediateProofReplayer Proof replay took 11.15ms 
231672     DEBUG main            d.u.i.k.p.r.p.TestFile    ... success: reloaded. 
231673     INFO  main            d.u.i.k.p.r.p.TestFile    Now processing file /home/runner/work/key/key/key.core/../key.ui/examples/heap/permissions/threads/BFilter_inv_accessible1.key 
231673     INFO  main            d.u.i.k.p.i.AbstractProblemLoader Loading environment from /home/runner/work/key/key/key.core/../key.ui/examples/heap/permissions/threads/BFilter_inv_accessible1.key 
231673     DEBUG main            d.u.i.k.p.i.AbstractProblemLoader Environment load took 102.3ns 
231674     INFO  main            d.u.i.k.p.i.AbstractProblemLoader Creating init config 
236791     DEBUG main            d.u.i.k.p.i.AbstractProblemLoader Init config took 5.12s 
236889     INFO  main            d.u.i.k.p.i.AbstractProblemLoader Replaying proof BFilter[java.lang.Object::<inv>()].JML accessible clause.0 
236890     DEBUG main            d.u.i.k.p.i.IntermediateProofReplayer Proof replay took 6.4ns 
236992     INFO  main            d.u.i.k.p.r.p.TestFile    ... finished proof: closed. 
237342     INFO  main            d.u.i.k.p.i.AbstractProblemLoader Loading environment from /home/runner/work/key/key/key.core/../key.ui/examples/heap/permissions/threads/BFilter_inv_accessible1.key.proof 
237342     DEBUG main            d.u.i.k.p.i.AbstractProblemLoader Environment load took 128.1ns 
237343     INFO  main            d.u.i.k.p.i.AbstractProblemLoader Creating init config 
242466     DEBUG main            d.u.i.k.p.i.AbstractProblemLoader Init config took 5.12s 
242576     INFO  main            d.u.i.k.p.i.AbstractProblemLoader Replaying proof BFilter[java.lang.Object::<inv>()].JML accessible clause.0 
242579     DEBUG main            d.u.i.k.p.i.IntermediateProofReplayer Proof replay took 2.11ms 
242580     DEBUG main            d.u.i.k.p.r.p.TestFile    ... success: reloaded. 
242581     INFO  main            d.u.i.k.p.r.p.TestFile    Now processing file /home/runner/work/key/key/key.core/../key.ui/examples/heap/permissions/threads/BFilter_inv_accessible2.key 
242582     INFO  main            d.u.i.k.p.i.AbstractProblemLoader Loading environment from /home/runner/work/key/key/key.core/../key.ui/examples/heap/permissions/threads/BFilter_inv_accessible2.key 
242582     DEBUG main            d.u.i.k.p.i.AbstractProblemLoader Environment load took 108.5ns 
242583     INFO  main            d.u.i.k.p.i.AbstractProblemLoader Creating init config 
247889     DEBUG main            d.u.i.k.p.i.AbstractProblemLoader Init config took 5.31s 
247985     INFO  main            d.u.i.k.p.i.AbstractProblemLoader Replaying proof BFilter[java.lang.Object::<inv>()].JML accessible clause.1 
247992     DEBUG main            d.u.i.k.p.i.IntermediateProofReplayer Proof replay took 7.9ns 
248094     INFO  main            d.u.i.k.p.r.p.TestFile    ... finished proof: closed. 
248441     INFO  main            d.u.i.k.p.i.AbstractProblemLoader Loading environment from /home/runner/work/key/key/key.core/../key.ui/examples/heap/permissions/threads/BFilter_inv_accessible2.key.proof 
248441     DEBUG main            d.u.i.k.p.i.AbstractProblemLoader Environment load took 155.7ns 
248442     INFO  main            d.u.i.k.p.i.AbstractProblemLoader Creating init config 
253706     DEBUG main            d.u.i.k.p.i.AbstractProblemLoader Init config took 5.26s 
253805     INFO  main            d.u.i.k.p.i.AbstractProblemLoader Replaying proof BFilter[java.lang.Object::<inv>()].JML accessible clause.1 
253809     DEBUG main            d.u.i.k.p.i.IntermediateProofReplayer Proof replay took 2.04ms 
253810     DEBUG main            d.u.i.k.p.r.p.TestFile    ... success: reloaded. 
253811     INFO  main            d.u.i.k.p.r.p.TestFile    Now processing file /home/runner/work/key/key/key.core/../key.ui/examples/heap/permissions/threads/BFilter_joinTransfer_accessible.key 
253812     INFO  main            d.u.i.k.p.i.AbstractProblemLoader Loading environment from /home/runner/work/key/key/key.core/../key.ui/examples/heap/permissions/threads/BFilter_joinTransfer_accessible.key 
253812     DEBUG main            d.u.i.k.p.i.AbstractProblemLoader Environment load took 126.4ns 
253813     INFO  main            d.u.i.k.p.i.AbstractProblemLoader Creating init config 
259188     DEBUG main            d.u.i.k.p.i.AbstractProblemLoader Init config took 5.38s 
259299     INFO  main            d.u.i.k.p.i.AbstractProblemLoader Replaying proof BFilter[ThreadSpec2::joinTransfer()].JML accessible clause.0 
259302     DEBUG main            d.u.i.k.p.i.IntermediateProofReplayer Proof replay took 7ns 
260507     INFO  main            d.u.i.k.p.r.p.TestFile    ... finished proof: closed. 
260909     INFO  main            d.u.i.k.p.i.AbstractProblemLoader Loading environment from /home/runner/work/key/key/key.core/../key.ui/examples/heap/permissions/threads/BFilter_joinTransfer_accessible.key.proof 
260909     DEBUG main            d.u.i.k.p.i.AbstractProblemLoader Environment load took 127.9ns 
260912     INFO  main            d.u.i.k.p.i.AbstractProblemLoader Creating init config 
266163     DEBUG main            d.u.i.k.p.i.AbstractProblemLoader Init config took 5.25s 
266256     INFO  main            d.u.i.k.p.i.AbstractProblemLoader Replaying proof BFilter[ThreadSpec2::joinTransfer()].JML accessible clause.0 
266387     DEBUG main            d.u.i.k.p.i.IntermediateProofReplayer Proof replay took 124.88ms 
266388     DEBUG main            d.u.i.k.p.r.p.TestFile    ... success: reloaded. 
266389     INFO  main            d.u.i.k.p.r.p.TestFile    Now processing file /home/runner/work/key/key/key.core/../key.ui/examples/heap/permissions/threads/BFilter_joinTransfer_contract.key 
266390     INFO  main            d.u.i.k.p.i.AbstractProblemLoader Loading environment from /home/runner/work/key/key/key.core/../key.ui/examples/heap/permissions/threads/BFilter_joinTransfer_contract.key 
266390     DEBUG main            d.u.i.k.p.i.AbstractProblemLoader Environment load took 192.41ns 
266391     INFO  main            d.u.i.k.p.i.AbstractProblemLoader Creating init config 
271717     DEBUG main            d.u.i.k.p.i.AbstractProblemLoader Init config took 5.33s 
271815     INFO  main            d.u.i.k.p.i.AbstractProblemLoader Replaying proof BFilter[ThreadSpec2::joinTransfer()].JML model_behavior operation contract.0 
271816     DEBUG main            d.u.i.k.p.i.IntermediateProofReplayer Proof replay took 8.1ns 
271918     INFO  main            d.u.i.k.p.r.p.TestFile    ... finished proof: closed. 
272429     INFO  main            d.u.i.k.p.i.AbstractProblemLoader Loading environment from /home/runner/work/key/key/key.core/../key.ui/examples/heap/permissions/threads/BFilter_joinTransfer_contract.key.proof 
272429     DEBUG main            d.u.i.k.p.i.AbstractProblemLoader Environment load took 120.2ns 
272430     INFO  main            d.u.i.k.p.i.AbstractProblemLoader Creating init config 
277814     DEBUG main            d.u.i.k.p.i.AbstractProblemLoader Init config took 5.38s 
277918     INFO  main            d.u.i.k.p.i.AbstractProblemLoader Replaying proof BFilter[ThreadSpec2::joinTransfer()].JML model_behavior operation contract.0 
277929     DEBUG main            d.u.i.k.p.i.IntermediateProofReplayer Proof replay took 8.73ms 
277930     DEBUG main            d.u.i.k.p.r.p.TestFile    ... success: reloaded. 
277931     INFO  main            d.u.i.k.p.r.p.TestFile    Now processing file /home/runner/work/key/key/key.core/../key.ui/examples/heap/permissions/threads/BFilter_postJoin_accessible.key 
277931     INFO  main            d.u.i.k.p.i.AbstractProblemLoader Loading environment from /home/runner/work/key/key/key.core/../key.ui/examples/heap/permissions/threads/BFilter_postJoin_accessible.key 
277932     DEBUG main            d.u.i.k.p.i.AbstractProblemLoader Environment load took 200.6ns 
277933     INFO  main            d.u.i.k.p.i.AbstractProblemLoader Creating init config 
283267     DEBUG main            d.u.i.k.p.i.AbstractProblemLoader Init config took 5.33s 
283366     INFO  main            d.u.i.k.p.i.AbstractProblemLoader Replaying proof BFilter[ThreadSpec2::postJoin(java.lang.Object)].JML accessible clause.0 
283367     DEBUG main            d.u.i.k.p.i.IntermediateProofReplayer Proof replay took 7.1ns 
283471     INFO  main            d.u.i.k.p.r.p.TestFile    ... finished proof: closed. 
283834     INFO  main            d.u.i.k.p.i.AbstractProblemLoader Loading environment from /home/runner/work/key/key/key.core/../key.ui/examples/heap/permissions/threads/BFilter_postJoin_accessible.key.proof 
283835     DEBUG main            d.u.i.k.p.i.AbstractProblemLoader Environment load took 110ns 
283836     INFO  main            d.u.i.k.p.i.AbstractProblemLoader Creating init config 
289093     DEBUG main            d.u.i.k.p.i.AbstractProblemLoader Init config took 5.26s 
289190     INFO  main            d.u.i.k.p.i.AbstractProblemLoader Replaying proof BFilter[ThreadSpec2::postJoin(java.lang.Object)].JML accessible clause.0 
289200     DEBUG main            d.u.i.k.p.i.IntermediateProofReplayer Proof replay took 7.29ms 
289201     DEBUG main            d.u.i.k.p.r.p.TestFile    ... success: reloaded. 
289202     INFO  main            d.u.i.k.p.r.p.TestFile    Now processing file /home/runner/work/key/key/key.core/../key.ui/examples/heap/permissions/threads/BFilter_preStart_accessible.key 
289202     INFO  main            d.u.i.k.p.i.AbstractProblemLoader Loading environment from /home/runner/work/key/key/key.core/../key.ui/examples/heap/permissions/threads/BFilter_preStart_accessible.key 
289203     DEBUG main            d.u.i.k.p.i.AbstractProblemLoader Environment load took 188.5ns 
289204     INFO  main            d.u.i.k.p.i.AbstractProblemLoader Creating init config 
294569     DEBUG main            d.u.i.k.p.i.AbstractProblemLoader Init config took 5.36s 
294663     INFO  main            d.u.i.k.p.i.AbstractProblemLoader Replaying proof BFilter[ThreadSpec2::preStart(java.lang.Object)].JML accessible clause.0 
294664     DEBUG main            d.u.i.k.p.i.IntermediateProofReplayer Proof replay took 7.4ns 
294967     INFO  main            d.u.i.k.p.r.p.TestFile    ... finished proof: closed. 
295382     INFO  main            d.u.i.k.p.i.AbstractProblemLoader Loading environment from /home/runner/work/key/key/key.core/../key.ui/examples/heap/permissions/threads/BFilter_preStart_accessible.key.proof 
295382     DEBUG main            d.u.i.k.p.i.AbstractProblemLoader Environment load took 113.3ns 
295383     INFO  main            d.u.i.k.p.i.AbstractProblemLoader Creating init config 
300685     DEBUG main            d.u.i.k.p.i.AbstractProblemLoader Init config took 5.3s 
300778     INFO  main            d.u.i.k.p.i.AbstractProblemLoader Replaying proof BFilter[ThreadSpec2::preStart(java.lang.Object)].JML accessible clause.0 
300817     DEBUG main            d.u.i.k.p.i.IntermediateProofReplayer Proof replay took 35.29ms 
300818     DEBUG main            d.u.i.k.p.r.p.TestFile    ... success: reloaded. 
300820     INFO  main            d.u.i.k.p.r.p.TestFile    Now processing file /home/runner/work/key/key/key.core/../key.ui/examples/heap/permissions/threads/BFilter_startTransfer_accessible.key 
300820     INFO  main            d.u.i.k.p.i.AbstractProblemLoader Loading environment from /home/runner/work/key/key/key.core/../key.ui/examples/heap/permissions/threads/BFilter_startTransfer_accessible.key 
300820     DEBUG main            d.u.i.k.p.i.AbstractProblemLoader Environment load took 378.51ns 
300822     INFO  main            d.u.i.k.p.i.AbstractProblemLoader Creating init config 
306074     DEBUG main            d.u.i.k.p.i.AbstractProblemLoader Init config took 5.25s 
306165     INFO  main            d.u.i.k.p.i.AbstractProblemLoader Replaying proof BFilter[ThreadSpec2::startTransfer()].JML accessible clause.0 
306167     DEBUG main            d.u.i.k.p.i.IntermediateProofReplayer Proof replay took 8.4ns 
317004     INFO  main            d.u.i.k.p.r.p.TestFile    ... finished proof: closed. 
317439     INFO  main            d.u.i.k.p.i.AbstractProblemLoader Loading environment from /home/runner/work/key/key/key.core/../key.ui/examples/heap/permissions/threads/BFilter_startTransfer_accessible.key.proof 
317439     DEBUG main            d.u.i.k.p.i.AbstractProblemLoader Environment load took 123.7ns 
317441     INFO  main            d.u.i.k.p.i.AbstractProblemLoader Creating init config 
322665     DEBUG main            d.u.i.k.p.i.AbstractProblemLoader Init config took 5.22s 
322792     INFO  main            d.u.i.k.p.i.AbstractProblemLoader Replaying proof BFilter[ThreadSpec2::startTransfer()].JML accessible clause.0 
323764     DEBUG main            d.u.i.k.p.i.IntermediateProofReplayer Proof replay took 949.87ms 
323767     DEBUG main            d.u.i.k.p.r.p.TestFile    ... success: reloaded. 
323769     INFO  main            d.u.i.k.p.r.p.TestFile    Now processing file /home/runner/work/key/key/key.core/../key.ui/examples/heap/permissions/threads/BFilter_startTransfer_contract.key 
323769     INFO  main            d.u.i.k.p.i.AbstractProblemLoader Loading environment from /home/runner/work/key/key/key.core/../key.ui/examples/heap/permissions/threads/BFilter_startTransfer_contract.key 
323769     DEBUG main            d.u.i.k.p.i.AbstractProblemLoader Environment load took 192.21ns 
323770     INFO  main            d.u.i.k.p.i.AbstractProblemLoader Creating init config 
329236     DEBUG main            d.u.i.k.p.i.AbstractProblemLoader Init config took 5.47s 
329352     INFO  main            d.u.i.k.p.i.AbstractProblemLoader Replaying proof BFilter[ThreadSpec2::startTransfer()].JML model_behavior operation contract.0 
329353     DEBUG main            d.u.i.k.p.i.IntermediateProofReplayer Proof replay took 7.9ns 
330460     INFO  main            d.u.i.k.p.r.p.TestFile    ... finished proof: closed. 
330884     INFO  main            d.u.i.k.p.i.AbstractProblemLoader Loading environment from /home/runner/work/key/key/key.core/../key.ui/examples/heap/permissions/threads/BFilter_startTransfer_contract.key.proof 
330884     DEBUG main            d.u.i.k.p.i.AbstractProblemLoader Environment load took 479.51ns 
330888     INFO  main            d.u.i.k.p.i.AbstractProblemLoader Creating init config 
336059     DEBUG main            d.u.i.k.p.i.AbstractProblemLoader Init config took 5.17s 
336166     INFO  main            d.u.i.k.p.i.AbstractProblemLoader Replaying proof BFilter[ThreadSpec2::startTransfer()].JML model_behavior operation contract.0 
336277     DEBUG main            d.u.i.k.p.i.IntermediateProofReplayer Proof replay took 105.18ms 
336279     DEBUG main            d.u.i.k.p.r.p.TestFile    ... success: reloaded. 
336280     INFO  main            d.u.i.k.p.r.p.TestFile    Now processing file /home/runner/work/key/key/key.core/../key.ui/examples/heap/permissions/threads/BFilter_stateInv_accessible.key 
336280     INFO  main            d.u.i.k.p.i.AbstractProblemLoader Loading environment from /home/runner/work/key/key/key.core/../key.ui/examples/heap/permissions/threads/BFilter_stateInv_accessible.key 
336280     DEBUG main            d.u.i.k.p.i.AbstractProblemLoader Environment load took 117.1ns 
336281     INFO  main            d.u.i.k.p.i.AbstractProblemLoader Creating init config 
341561     DEBUG main            d.u.i.k.p.i.AbstractProblemLoader Init config took 5.28s 
341655     INFO  main            d.u.i.k.p.i.AbstractProblemLoader Replaying proof BFilter[ThreadSpec2::stateInv()].JML accessible clause.0 
341656     DEBUG main            d.u.i.k.p.i.IntermediateProofReplayer Proof replay took 7ns 
341959     INFO  main            d.u.i.k.p.r.p.TestFile    ... finished proof: closed. 
342367     INFO  main            d.u.i.k.p.i.AbstractProblemLoader Loading environment from /home/runner/work/key/key/key.core/../key.ui/examples/heap/permissions/threads/BFilter_stateInv_accessible.key.proof 
342368     DEBUG main            d.u.i.k.p.i.AbstractProblemLoader Environment load took 116ns 
342369     INFO  main            d.u.i.k.p.i.AbstractProblemLoader Creating init config 
347633     DEBUG main            d.u.i.k.p.i.AbstractProblemLoader Init config took 5.26s 
347730     INFO  main            d.u.i.k.p.i.AbstractProblemLoader Replaying proof BFilter[ThreadSpec2::stateInv()].JML accessible clause.0 
347781     DEBUG main            d.u.i.k.p.i.IntermediateProofReplayer Proof replay took 45.13ms 
347782     DEBUG main            d.u.i.k.p.r.p.TestFile    ... success: reloaded. 
347783     INFO  main            d.u.i.k.p.r.p.TestFile    Now processing file /home/runner/work/key/key/key.core/../key.ui/examples/heap/permissions/threads/BFilter_staticPermissions_accessible.key 
347784     INFO  main            d.u.i.k.p.i.AbstractProblemLoader Loading environment from /home/runner/work/key/key/key.core/../key.ui/examples/heap/permissions/threads/BFilter_staticPermissions_accessible.key 
347784     DEBUG main            d.u.i.k.p.i.AbstractProblemLoader Environment load took 212.41ns 
347785     INFO  main            d.u.i.k.p.i.AbstractProblemLoader Creating init config 
353104     DEBUG main            d.u.i.k.p.i.AbstractProblemLoader Init config took 5.32s 
353198     INFO  main            d.u.i.k.p.i.AbstractProblemLoader Replaying proof BFilter[ThreadSpec2::staticPermissions()].JML accessible clause.0 
353200     DEBUG main            d.u.i.k.p.i.IntermediateProofReplayer Proof replay took 7.3ns 
353312     INFO  main            d.u.i.k.p.r.p.TestFile    ... finished proof: closed. 
353732     INFO  main            d.u.i.k.p.i.AbstractProblemLoader Loading environment from /home/runner/work/key/key/key.core/../key.ui/examples/heap/permissions/threads/BFilter_staticPermissions_accessible.key.proof 
353732     DEBUG main            d.u.i.k.p.i.AbstractProblemLoader Environment load took 105.5ns 
353733     INFO  main            d.u.i.k.p.i.AbstractProblemLoader Creating init config 
359060     DEBUG main            d.u.i.k.p.i.AbstractProblemLoader Init config took 5.33s 
359150     INFO  main            d.u.i.k.p.i.AbstractProblemLoader Replaying proof BFilter[ThreadSpec2::staticPermissions()].JML accessible clause.0 
359162     DEBUG main            d.u.i.k.p.i.IntermediateProofReplayer Proof replay took 10.16ms 
359163     DEBUG main            d.u.i.k.p.r.p.TestFile    ... success: reloaded. 
359164     INFO  main            d.u.i.k.p.r.p.TestFile    Now processing file /home/runner/work/key/key/key.core/../key.ui/examples/heap/permissions/threads/BFilter_workingPermissions_accessible.key 
359164     INFO  main            d.u.i.k.p.i.AbstractProblemLoader Loading environment from /home/runner/work/key/key/key.core/../key.ui/examples/heap/permissions/threads/BFilter_workingPermissions_accessible.key 
359164     DEBUG main            d.u.i.k.p.i.AbstractProblemLoader Environment load took 58.9ns 
359165     INFO  main            d.u.i.k.p.i.AbstractProblemLoader Creating init config 
364374     DEBUG main            d.u.i.k.p.i.AbstractProblemLoader Init config took 5.21s 
364465     INFO  main            d.u.i.k.p.i.AbstractProblemLoader Replaying proof BFilter[ThreadSpec2::workingPermissions()].JML accessible clause.0 
364467     DEBUG main            d.u.i.k.p.i.IntermediateProofReplayer Proof replay took 7.7ns 
364569     INFO  main            d.u.i.k.p.r.p.TestFile    ... finished proof: closed. 
364963     INFO  main            d.u.i.k.p.i.AbstractProblemLoader Loading environment from /home/runner/work/key/key/key.core/../key.ui/examples/heap/permissions/threads/BFilter_workingPermissions_accessible.key.proof 
364963     DEBUG main            d.u.i.k.p.i.AbstractProblemLoader Environment load took 105.5ns 
364964     INFO  main            d.u.i.k.p.i.AbstractProblemLoader Creating init config 
370127     DEBUG main            d.u.i.k.p.i.AbstractProblemLoader Init config took 5.16s 
370223     INFO  main            d.u.i.k.p.i.AbstractProblemLoader Replaying proof BFilter[ThreadSpec2::workingPermissions()].JML accessible clause.0 
370234     DEBUG main            d.u.i.k.p.i.IntermediateProofReplayer Proof replay took 8.72ms 
370235     DEBUG main            d.u.i.k.p.r.p.TestFile    ... success: reloaded. 
370236     INFO  main            d.u.i.k.p.r.p.TestFile    Now processing file /home/runner/work/key/key/key.core/../key.ui/examples/heap/permissions/threads/Fib_Fib.key 
370236     INFO  main            d.u.i.k.p.i.AbstractProblemLoader Loading environment from /home/runner/work/key/key/key.core/../key.ui/examples/heap/permissions/threads/Fib_Fib.key 
370237     DEBUG main            d.u.i.k.p.i.AbstractProblemLoader Environment load took 185ns 
370238     INFO  main            d.u.i.k.p.i.AbstractProblemLoader Creating init config 
375543     DEBUG main            d.u.i.k.p.i.AbstractProblemLoader Init config took 5.31s 
375653     INFO  main            d.u.i.k.p.i.AbstractProblemLoader Replaying proof Fib[Fib::Fib(int)].JML normal_behavior operation contract.0 
375654     DEBUG main            d.u.i.k.p.i.IntermediateProofReplayer Proof replay took 7.6ns 
376359     INFO  main            d.u.i.k.p.r.p.TestFile    ... finished proof: closed. 
376831     INFO  main            d.u.i.k.p.i.AbstractProblemLoader Loading environment from /home/runner/work/key/key/key.core/../key.ui/examples/heap/permissions/threads/Fib_Fib.key.proof 
376831     DEBUG main            d.u.i.k.p.i.AbstractProblemLoader Environment load took 110.7ns 
376832     INFO  main            d.u.i.k.p.i.AbstractProblemLoader Creating init config 
382100     DEBUG main            d.u.i.k.p.i.AbstractProblemLoader Init config took 5.27s 
382193     INFO  main            d.u.i.k.p.i.AbstractProblemLoader Replaying proof Fib[Fib::Fib(int)].JML normal_behavior operation contract.0 
382312     DEBUG main            d.u.i.k.p.i.IntermediateProofReplayer Proof replay took 113.27ms 
382313     DEBUG main            d.u.i.k.p.r.p.TestFile    ... success: reloaded. 
382314     INFO  main            d.u.i.k.p.r.p.TestFile    Now processing file /home/runner/work/key/key/key.core/../key.ui/examples/heap/permissions/threads/Fib_initPost_accessible.key 
382314     INFO  main            d.u.i.k.p.i.AbstractProblemLoader Loading environment from /home/runner/work/key/key/key.core/../key.ui/examples/heap/permissions/threads/Fib_initPost_accessible.key 
382314     DEBUG main            d.u.i.k.p.i.AbstractProblemLoader Environment load took 86.5ns 
382315     INFO  main            d.u.i.k.p.i.AbstractProblemLoader Creating init config 
387494     DEBUG main            d.u.i.k.p.i.AbstractProblemLoader Init config took 5.18s 
387601     INFO  main            d.u.i.k.p.i.AbstractProblemLoader Replaying proof Fib[ThreadSpec::initPost()].JML accessible clause.0 
387602     DEBUG main            d.u.i.k.p.i.IntermediateProofReplayer Proof replay took 6.9ns 
387704     INFO  main            d.u.i.k.p.r.p.TestFile    ... finished proof: closed. 
388136     INFO  main            d.u.i.k.p.i.AbstractProblemLoader Loading environment from /home/runner/work/key/key/key.core/../key.ui/examples/heap/permissions/threads/Fib_initPost_accessible.key.proof 
388136     DEBUG main            d.u.i.k.p.i.AbstractProblemLoader Environment load took 108.4ns 
388137     INFO  main            d.u.i.k.p.i.AbstractProblemLoader Creating init config 
393286     DEBUG main            d.u.i.k.p.i.AbstractProblemLoader Init config took 5.15s 
393379     INFO  main            d.u.i.k.p.i.AbstractProblemLoader Replaying proof Fib[ThreadSpec::initPost()].JML accessible clause.0 
393386     DEBUG main            d.u.i.k.p.i.IntermediateProofReplayer Proof replay took 5.71ms 
393387     DEBUG main            d.u.i.k.p.r.p.TestFile    ... success: reloaded. 
393388     INFO  main            d.u.i.k.p.r.p.TestFile    Now processing file /home/runner/work/key/key/key.core/../key.ui/examples/heap/permissions/threads/Fib_inv1_accessible.key 
393389     INFO  main            d.u.i.k.p.i.AbstractProblemLoader Loading environment from /home/runner/work/key/key/key.core/../key.ui/examples/heap/permissions/threads/Fib_inv1_accessible.key 
393389     DEBUG main            d.u.i.k.p.i.AbstractProblemLoader Environment load took 91.8ns 
393390     INFO  main            d.u.i.k.p.i.AbstractProblemLoader Creating init config 
398571     DEBUG main            d.u.i.k.p.i.AbstractProblemLoader Init config took 5.18s 
398663     INFO  main            d.u.i.k.p.i.AbstractProblemLoader Replaying proof Fib[java.lang.Object::<inv>()].JML accessible clause.0 
398665     DEBUG main            d.u.i.k.p.i.IntermediateProofReplayer Proof replay took 7ns 
398766     INFO  main            d.u.i.k.p.r.p.TestFile    ... finished proof: closed. 
399201     INFO  main            d.u.i.k.p.i.AbstractProblemLoader Loading environment from /home/runner/work/key/key/key.core/../key.ui/examples/heap/permissions/threads/Fib_inv1_accessible.key.proof 
399201     DEBUG main            d.u.i.k.p.i.AbstractProblemLoader Environment load took 97.3ns 
399202     INFO  main            d.u.i.k.p.i.AbstractProblemLoader Creating init config 
404279     DEBUG main            d.u.i.k.p.i.AbstractProblemLoader Init config took 5.08s 
404368     INFO  main            d.u.i.k.p.i.AbstractProblemLoader Replaying proof Fib[java.lang.Object::<inv>()].JML accessible clause.0 
404372     DEBUG main            d.u.i.k.p.i.IntermediateProofReplayer Proof replay took 1.94ms 
404372     DEBUG main            d.u.i.k.p.r.p.TestFile    ... success: reloaded. 
404373     INFO  main            d.u.i.k.p.r.p.TestFile    Now processing file /home/runner/work/key/key/key.core/../key.ui/examples/heap/permissions/threads/Fib_inv2_accessible.key 
404373     INFO  main            d.u.i.k.p.i.AbstractProblemLoader Loading environment from /home/runner/work/key/key/key.core/../key.ui/examples/heap/permissions/threads/Fib_inv2_accessible.key 
404374     DEBUG main            d.u.i.k.p.i.AbstractProblemLoader Environment load took 57.9ns 
404374     INFO  main            d.u.i.k.p.i.AbstractProblemLoader Creating init config 
409650     DEBUG main            d.u.i.k.p.i.AbstractProblemLoader Init config took 5.28s 
409741     INFO  main            d.u.i.k.p.i.AbstractProblemLoader Replaying proof Fib[java.lang.Object::<inv>()].JML accessible clause.1 
409743     DEBUG main            d.u.i.k.p.i.IntermediateProofReplayer Proof replay took 7.8ns 
409845     INFO  main            d.u.i.k.p.r.p.TestFile    ... finished proof: closed. 
410309     INFO  main            d.u.i.k.p.i.AbstractProblemLoader Loading environment from /home/runner/work/key/key/key.core/../key.ui/examples/heap/permissions/threads/Fib_inv2_accessible.key.proof 
410309     DEBUG main            d.u.i.k.p.i.AbstractProblemLoader Environment load took 104.7ns 
410310     INFO  main            d.u.i.k.p.i.AbstractProblemLoader Creating init config 
415452     DEBUG main            d.u.i.k.p.i.AbstractProblemLoader Init config took 5.14s 
415544     INFO  main            d.u.i.k.p.i.AbstractProblemLoader Replaying proof Fib[java.lang.Object::<inv>()].JML accessible clause.1 
415547     DEBUG main            d.u.i.k.p.i.IntermediateProofReplayer Proof replay took 2.01ms 
415548     DEBUG main            d.u.i.k.p.r.p.TestFile    ... success: reloaded. 
415549     INFO  main            d.u.i.k.p.r.p.TestFile    Now processing file /home/runner/work/key/key/key.core/../key.ui/examples/heap/permissions/threads/Fib_joinTransfer_accessible.key 
415550     INFO  main            d.u.i.k.p.i.AbstractProblemLoader Loading environment from /home/runner/work/key/key/key.core/../key.ui/examples/heap/permissions/threads/Fib_joinTransfer_accessible.key 
415550     DEBUG main            d.u.i.k.p.i.AbstractProblemLoader Environment load took 91.4ns 
415551     INFO  main            d.u.i.k.p.i.AbstractProblemLoader Creating init config 
420845     DEBUG main            d.u.i.k.p.i.AbstractProblemLoader Init config took 5.29s 
420953     INFO  main            d.u.i.k.p.i.AbstractProblemLoader Replaying proof Fib[ThreadSpec::joinTransfer()].JML accessible clause.0 
420954     DEBUG main            d.u.i.k.p.i.IntermediateProofReplayer Proof replay took 8ns 
421157     INFO  main            d.u.i.k.p.r.p.TestFile    ... finished proof: closed. 
421616     INFO  main            d.u.i.k.p.i.AbstractProblemLoader Loading environment from /home/runner/work/key/key/key.core/../key.ui/examples/heap/permissions/threads/Fib_joinTransfer_accessible.key.proof 
421616     DEBUG main            d.u.i.k.p.i.AbstractProblemLoader Environment load took 109ns 
421617     INFO  main            d.u.i.k.p.i.AbstractProblemLoader Creating init config 
426834     DEBUG main            d.u.i.k.p.i.AbstractProblemLoader Init config took 5.22s 
426943     INFO  main            d.u.i.k.p.i.AbstractProblemLoader Replaying proof Fib[ThreadSpec::joinTransfer()].JML accessible clause.0 
426974     DEBUG main            d.u.i.k.p.i.IntermediateProofReplayer Proof replay took 28.52ms 
426975     DEBUG main            d.u.i.k.p.r.p.TestFile    ... success: reloaded. 
426976     INFO  main            d.u.i.k.p.r.p.TestFile    Now processing file /home/runner/work/key/key/key.core/../key.ui/examples/heap/permissions/threads/Fib_joinTransfer_contract.key 
426976     INFO  main            d.u.i.k.p.i.AbstractProblemLoader Loading environment from /home/runner/work/key/key/key.core/../key.ui/examples/heap/permissions/threads/Fib_joinTransfer_contract.key 
426977     DEBUG main            d.u.i.k.p.i.AbstractProblemLoader Environment load took 198.91ns 
426978     INFO  main            d.u.i.k.p.i.AbstractProblemLoader Creating init config 
432378     DEBUG main            d.u.i.k.p.i.AbstractProblemLoader Init config took 5.4s 
432485     INFO  main            d.u.i.k.p.i.AbstractProblemLoader Replaying proof Fib[ThreadSpec::joinTransfer()].JML model_behavior operation contract.0 
432486     DEBUG main            d.u.i.k.p.i.IntermediateProofReplayer Proof replay took 8.1ns 
432588     INFO  main            d.u.i.k.p.r.p.TestFile    ... finished proof: closed. 
433049     INFO  main            d.u.i.k.p.i.AbstractProblemLoader Loading environment from /home/runner/work/key/key/key.core/../key.ui/examples/heap/permissions/threads/Fib_joinTransfer_contract.key.proof 
433049     DEBUG main            d.u.i.k.p.i.AbstractProblemLoader Environment load took 101.4ns 
433050     INFO  main            d.u.i.k.p.i.AbstractProblemLoader Creating init config 
438323     DEBUG main            d.u.i.k.p.i.AbstractProblemLoader Init config took 5.27s 
438430     INFO  main            d.u.i.k.p.i.AbstractProblemLoader Replaying proof Fib[ThreadSpec::joinTransfer()].JML model_behavior operation contract.0 
438440     DEBUG main            d.u.i.k.p.i.IntermediateProofReplayer Proof replay took 7.63ms 
438441     DEBUG main            d.u.i.k.p.r.p.TestFile    ... success: reloaded. 
438442     INFO  main            d.u.i.k.p.r.p.TestFile    Now processing file /home/runner/work/key/key/key.core/../key.ui/examples/heap/permissions/threads/Fib_postJoin_accessible.key 
438443     INFO  main            d.u.i.k.p.i.AbstractProblemLoader Loading environment from /home/runner/work/key/key/key.core/../key.ui/examples/heap/permissions/threads/Fib_postJoin_accessible.key 
438443     DEBUG main            d.u.i.k.p.i.AbstractProblemLoader Environment load took 185.31ns 
438444     INFO  main            d.u.i.k.p.i.AbstractProblemLoader Creating init config 
443808     DEBUG main            d.u.i.k.p.i.AbstractProblemLoader Init config took 5.36s 
443899     INFO  main            d.u.i.k.p.i.AbstractProblemLoader Replaying proof Fib[ThreadSpec::postJoin(java.lang.Object)].JML accessible clause.0 
443900     DEBUG main            d.u.i.k.p.i.IntermediateProofReplayer Proof replay took 7.7ns 
444002     INFO  main            d.u.i.k.p.r.p.TestFile    ... finished proof: closed. 
444480     INFO  main            d.u.i.k.p.i.AbstractProblemLoader Loading environment from /home/runner/work/key/key/key.core/../key.ui/examples/heap/permissions/threads/Fib_postJoin_accessible.key.proof 
444480     DEBUG main            d.u.i.k.p.i.AbstractProblemLoader Environment load took 94.4ns 
444481     INFO  main            d.u.i.k.p.i.AbstractProblemLoader Creating init config 
449735     DEBUG main            d.u.i.k.p.i.AbstractProblemLoader Init config took 5.25s 
449824     INFO  main            d.u.i.k.p.i.AbstractProblemLoader Replaying proof Fib[ThreadSpec::postJoin(java.lang.Object)].JML accessible clause.0 
449831     DEBUG main            d.u.i.k.p.i.IntermediateProofReplayer Proof replay took 5.61ms 
449832     DEBUG main            d.u.i.k.p.r.p.TestFile    ... success: reloaded. 
449833     INFO  main            d.u.i.k.p.r.p.TestFile    Now processing file /home/runner/work/key/key/key.core/../key.ui/examples/heap/permissions/threads/Fib_preStart_accessible.key 
449833     INFO  main            d.u.i.k.p.i.AbstractProblemLoader Loading environment from /home/runner/work/key/key/key.core/../key.ui/examples/heap/permissions/threads/Fib_preStart_accessible.key 
449833     DEBUG main            d.u.i.k.p.i.AbstractProblemLoader Environment load took 104.7ns 
449834     INFO  main            d.u.i.k.p.i.AbstractProblemLoader Creating init config 
455013     DEBUG main            d.u.i.k.p.i.AbstractProblemLoader Init config took 5.18s 
455123     INFO  main            d.u.i.k.p.i.AbstractProblemLoader Replaying proof Fib[ThreadSpec::preStart(java.lang.Object)].JML accessible clause.0 
455124     DEBUG main            d.u.i.k.p.i.IntermediateProofReplayer Proof replay took 7.6ns 
455226     INFO  main            d.u.i.k.p.r.p.TestFile    ... finished proof: closed. 
455706     INFO  main            d.u.i.k.p.i.AbstractProblemLoader Loading environment from /home/runner/work/key/key/key.core/../key.ui/examples/heap/permissions/threads/Fib_preStart_accessible.key.proof 
455706     DEBUG main            d.u.i.k.p.i.AbstractProblemLoader Environment load took 98.3ns 
455707     INFO  main            d.u.i.k.p.i.AbstractProblemLoader Creating init config 
460906     DEBUG main            d.u.i.k.p.i.AbstractProblemLoader Init config took 5.2s 
460996     INFO  main            d.u.i.k.p.i.AbstractProblemLoader Replaying proof Fib[ThreadSpec::preStart(java.lang.Object)].JML accessible clause.0 
461003     DEBUG main            d.u.i.k.p.i.IntermediateProofReplayer Proof replay took 5.88ms 
461004     DEBUG main            d.u.i.k.p.r.p.TestFile    ... success: reloaded. 
461005     INFO  main            d.u.i.k.p.r.p.TestFile    Now processing file /home/runner/work/key/key/key.core/../key.ui/examples/heap/permissions/threads/Fib_startTransfer_accessible.key 
461005     INFO  main            d.u.i.k.p.i.AbstractProblemLoader Loading environment from /home/runner/work/key/key/key.core/../key.ui/examples/heap/permissions/threads/Fib_startTransfer_accessible.key 
461005     DEBUG main            d.u.i.k.p.i.AbstractProblemLoader Environment load took 72.7ns 
461006     INFO  main            d.u.i.k.p.i.AbstractProblemLoader Creating init config 
466216     DEBUG main            d.u.i.k.p.i.AbstractProblemLoader Init config took 5.21s 
466304     INFO  main            d.u.i.k.p.i.AbstractProblemLoader Replaying proof Fib[ThreadSpec::startTransfer()].JML accessible clause.0 
466305     DEBUG main            d.u.i.k.p.i.IntermediateProofReplayer Proof replay took 7ns 
466608     INFO  main            d.u.i.k.p.r.p.TestFile    ... finished proof: closed. 
467105     INFO  main            d.u.i.k.p.i.AbstractProblemLoader Loading environment from /home/runner/work/key/key/key.core/../key.ui/examples/heap/permissions/threads/Fib_startTransfer_accessible.key.proof 
467105     DEBUG main            d.u.i.k.p.i.AbstractProblemLoader Environment load took 101.5ns 
467106     INFO  main            d.u.i.k.p.i.AbstractProblemLoader Creating init config 
472225     DEBUG main            d.u.i.k.p.i.AbstractProblemLoader Init config took 5.12s 
472315     INFO  main            d.u.i.k.p.i.AbstractProblemLoader Replaying proof Fib[ThreadSpec::startTransfer()].JML accessible clause.0 
472362     DEBUG main            d.u.i.k.p.i.IntermediateProofReplayer Proof replay took 44.01ms 
472363     DEBUG main            d.u.i.k.p.r.p.TestFile    ... success: reloaded. 
472364     INFO  main            d.u.i.k.p.r.p.TestFile    Now processing file /home/runner/work/key/key/key.core/../key.ui/examples/heap/permissions/threads/Fib_startTransfer_contract.key 
472364     INFO  main            d.u.i.k.p.i.AbstractProblemLoader Loading environment from /home/runner/work/key/key/key.core/../key.ui/examples/heap/permissions/threads/Fib_startTransfer_contract.key 
472364     DEBUG main            d.u.i.k.p.i.AbstractProblemLoader Environment load took 58.6ns 
472365     INFO  main            d.u.i.k.p.i.AbstractProblemLoader Creating init config 
477545     DEBUG main            d.u.i.k.p.i.AbstractProblemLoader Init config took 5.18s 
477634     INFO  main            d.u.i.k.p.i.AbstractProblemLoader Replaying proof Fib[ThreadSpec::startTransfer()].JML model_behavior operation contract.0 
477636     DEBUG main            d.u.i.k.p.i.IntermediateProofReplayer Proof replay took 7.7ns 
477740     INFO  main            d.u.i.k.p.r.p.TestFile    ... finished proof: closed. 
478221     INFO  main            d.u.i.k.p.i.AbstractProblemLoader Loading environment from /home/runner/work/key/key/key.core/../key.ui/examples/heap/permissions/threads/Fib_startTransfer_contract.key.proof 
478221     DEBUG main            d.u.i.k.p.i.AbstractProblemLoader Environment load took 120.8ns 
478222     INFO  main            d.u.i.k.p.i.AbstractProblemLoader Creating init config 
483356     DEBUG main            d.u.i.k.p.i.AbstractProblemLoader Init config took 5.13s 
483447     INFO  main            d.u.i.k.p.i.AbstractProblemLoader Replaying proof Fib[ThreadSpec::startTransfer()].JML model_behavior operation contract.0 
483455     DEBUG main            d.u.i.k.p.i.IntermediateProofReplayer Proof replay took 6.9ms 
483457     DEBUG main            d.u.i.k.p.r.p.TestFile    ... success: reloaded. 
483458     INFO  main            d.u.i.k.p.r.p.TestFile    Now processing file /home/runner/work/key/key/key.core/../key.ui/examples/heap/permissions/threads/Fib_workingPermissions_accessible.key 
483458     INFO  main            d.u.i.k.p.i.AbstractProblemLoader Loading environment from /home/runner/work/key/key/key.core/../key.ui/examples/heap/permissions/threads/Fib_workingPermissions_accessible.key 
483458     DEBUG main            d.u.i.k.p.i.AbstractProblemLoader Environment load took 56.1ns 
483459     INFO  main            d.u.i.k.p.i.AbstractProblemLoader Creating init config 
488623     DEBUG main            d.u.i.k.p.i.AbstractProblemLoader Init config took 5.16s 
488716     INFO  main            d.u.i.k.p.i.AbstractProblemLoader Replaying proof Fib[ThreadSpec::workingPermissions()].JML accessible clause.0 
488717     DEBUG main            d.u.i.k.p.i.IntermediateProofReplayer Proof replay took 7.6ns 
488819     INFO  main            d.u.i.k.p.r.p.TestFile    ... finished proof: closed. 
489316     INFO  main            d.u.i.k.p.i.AbstractProblemLoader Loading environment from /home/runner/work/key/key/key.core/../key.ui/examples/heap/permissions/threads/Fib_workingPermissions_accessible.key.proof 
489316     DEBUG main            d.u.i.k.p.i.AbstractProblemLoader Environment load took 130.6ns 
489317     INFO  main            d.u.i.k.p.i.AbstractProblemLoader Creating init config 
494455     DEBUG main            d.u.i.k.p.i.AbstractProblemLoader Init config took 5.14s 
494544     INFO  main            d.u.i.k.p.i.AbstractProblemLoader Replaying proof Fib[ThreadSpec::workingPermissions()].JML accessible clause.0 
494548     DEBUG main            d.u.i.k.p.i.IntermediateProofReplayer Proof replay took 2.36ms 
494548     DEBUG main            d.u.i.k.p.r.p.TestFile    ... success: reloaded. 
494549     INFO  main            d.u.i.k.p.r.p.TestFile    Now processing file /home/runner/work/key/key/key.core/../key.ui/examples/heap/permissions/threads/Plotter_initPost_accessible.key 
494550     INFO  main            d.u.i.k.p.i.AbstractProblemLoader Loading environment from /home/runner/work/key/key/key.core/../key.ui/examples/heap/permissions/threads/Plotter_initPost_accessible.key 
494550     DEBUG main            d.u.i.k.p.i.AbstractProblemLoader Environment load took 84.5ns 
494551     INFO  main            d.u.i.k.p.i.AbstractProblemLoader Creating init config 
499747     DEBUG main            d.u.i.k.p.i.AbstractProblemLoader Init config took 5.2s 
499853     INFO  main            d.u.i.k.p.i.AbstractProblemLoader Replaying proof Plotter[ThreadSpec2::initPost()].JML accessible clause.0 
499854     DEBUG main            d.u.i.k.p.i.IntermediateProofReplayer Proof replay took 6.6ns 
499956     INFO  main            d.u.i.k.p.r.p.TestFile    ... finished proof: closed. 
500463     INFO  main            d.u.i.k.p.i.AbstractProblemLoader Loading environment from /home/runner/work/key/key/key.core/../key.ui/examples/heap/permissions/threads/Plotter_initPost_accessible.key.proof 
500463     DEBUG main            d.u.i.k.p.i.AbstractProblemLoader Environment load took 101ns 
500464     INFO  main            d.u.i.k.p.i.AbstractProblemLoader Creating init config 
505700     DEBUG main            d.u.i.k.p.i.AbstractProblemLoader Init config took 5.24s 
505807     INFO  main            d.u.i.k.p.i.AbstractProblemLoader Replaying proof Plotter[ThreadSpec2::initPost()].JML accessible clause.0 
505823     DEBUG main            d.u.i.k.p.i.IntermediateProofReplayer Proof replay took 15.05ms 
505824     DEBUG main            d.u.i.k.p.r.p.TestFile    ... success: reloaded. 
505825     INFO  main            d.u.i.k.p.r.p.TestFile    Now processing file /home/runner/work/key/key/key.core/../key.ui/examples/heap/permissions/threads/Plotter_inv_accessible1.key 
505826     INFO  main            d.u.i.k.p.i.AbstractProblemLoader Loading environment from /home/runner/work/key/key/key.core/../key.ui/examples/heap/permissions/threads/Plotter_inv_accessible1.key 
505826     DEBUG main            d.u.i.k.p.i.AbstractProblemLoader Environment load took 182.8ns 
505827     INFO  main            d.u.i.k.p.i.AbstractProblemLoader Creating init config 
511073     DEBUG main            d.u.i.k.p.i.AbstractProblemLoader Init config took 5.25s 
511161     INFO  main            d.u.i.k.p.i.AbstractProblemLoader Replaying proof Plotter[java.lang.Object::<inv>()].JML accessible clause.0 
511163     DEBUG main            d.u.i.k.p.i.IntermediateProofReplayer Proof replay took 8ns 
511264     INFO  main            d.u.i.k.p.r.p.TestFile    ... finished proof: closed. 
511784     INFO  main            d.u.i.k.p.i.AbstractProblemLoader Loading environment from /home/runner/work/key/key/key.core/../key.ui/examples/heap/permissions/threads/Plotter_inv_accessible1.key.proof 
511784     DEBUG main            d.u.i.k.p.i.AbstractProblemLoader Environment load took 102.2ns 
511785     INFO  main            d.u.i.k.p.i.AbstractProblemLoader Creating init config 
516857     DEBUG main            d.u.i.k.p.i.AbstractProblemLoader Init config took 5.07s 
516965     INFO  main            d.u.i.k.p.i.AbstractProblemLoader Replaying proof Plotter[java.lang.Object::<inv>()].JML accessible clause.0 
516969     DEBUG main            d.u.i.k.p.i.IntermediateProofReplayer Proof replay took 1.98ms 
516970     DEBUG main            d.u.i.k.p.r.p.TestFile    ... success: reloaded. 
516970     INFO  main            d.u.i.k.p.r.p.TestFile    Now processing file /home/runner/work/key/key/key.core/../key.ui/examples/heap/permissions/threads/Plotter_inv_accessible2.key 
516971     INFO  main            d.u.i.k.p.i.AbstractProblemLoader Loading environment from /home/runner/work/key/key/key.core/../key.ui/examples/heap/permissions/threads/Plotter_inv_accessible2.key 
516971     DEBUG main            d.u.i.k.p.i.AbstractProblemLoader Environment load took 77.2ns 
516972     INFO  main            d.u.i.k.p.i.AbstractProblemLoader Creating init config 
522196     DEBUG main            d.u.i.k.p.i.AbstractProblemLoader Init config took 5.22s 
522284     INFO  main            d.u.i.k.p.i.AbstractProblemLoader Replaying proof Plotter[java.lang.Object::<inv>()].JML accessible clause.1 
522285     DEBUG main            d.u.i.k.p.i.IntermediateProofReplayer Proof replay took 7.8ns 
522387     INFO  main            d.u.i.k.p.r.p.TestFile    ... finished proof: closed. 
522916     INFO  main            d.u.i.k.p.i.AbstractProblemLoader Loading environment from /home/runner/work/key/key/key.core/../key.ui/examples/heap/permissions/threads/Plotter_inv_accessible2.key.proof 
522916     DEBUG main            d.u.i.k.p.i.AbstractProblemLoader Environment load took 97.8ns 
522917     INFO  main            d.u.i.k.p.i.AbstractProblemLoader Creating init config 
528061     DEBUG main            d.u.i.k.p.i.AbstractProblemLoader Init config took 5.14s 
528151     INFO  main            d.u.i.k.p.i.AbstractProblemLoader Replaying proof Plotter[java.lang.Object::<inv>()].JML accessible clause.1 
528155     DEBUG main            d.u.i.k.p.i.IntermediateProofReplayer Proof replay took 1.91ms 
528155     DEBUG main            d.u.i.k.p.r.p.TestFile    ... success: reloaded. 
528156     INFO  main            d.u.i.k.p.r.p.TestFile    Now processing file /home/runner/work/key/key/key.core/../key.ui/examples/heap/permissions/threads/Plotter_joinTransfer_contract.key 
528157     INFO  main            d.u.i.k.p.i.AbstractProblemLoader Loading environment from /home/runner/work/key/key/key.core/../key.ui/examples/heap/permissions/threads/Plotter_joinTransfer_contract.key 
528157     DEBUG main            d.u.i.k.p.i.AbstractProblemLoader Environment load took 116.7ns 
528158     INFO  main            d.u.i.k.p.i.AbstractProblemLoader Creating init config 
533280     DEBUG main            d.u.i.k.p.i.AbstractProblemLoader Init config took 5.12s 
533394     INFO  main            d.u.i.k.p.i.AbstractProblemLoader Replaying proof Plotter[ThreadSpec2::joinTransfer()].JML model_behavior operation contract.0 
533395     DEBUG main            d.u.i.k.p.i.IntermediateProofReplayer Proof replay took 9.1ns 
533497     INFO  main            d.u.i.k.p.r.p.TestFile    ... finished proof: closed. 
534041     INFO  main            d.u.i.k.p.i.AbstractProblemLoader Loading environment from /home/runner/work/key/key/key.core/../key.ui/examples/heap/permissions/threads/Plotter_joinTransfer_contract.key.proof 
534041     DEBUG main            d.u.i.k.p.i.AbstractProblemLoader Environment load took 103.8ns 
534042     INFO  main            d.u.i.k.p.i.AbstractProblemLoader Creating init config 
539242     DEBUG main            d.u.i.k.p.i.AbstractProblemLoader Init config took 5.2s 
539332     INFO  main            d.u.i.k.p.i.AbstractProblemLoader Replaying proof Plotter[ThreadSpec2::joinTransfer()].JML model_behavior operation contract.0 
539341     DEBUG main            d.u.i.k.p.i.IntermediateProofReplayer Proof replay took 7.79ms 
539342     DEBUG main            d.u.i.k.p.r.p.TestFile    ... success: reloaded. 
539343     INFO  main            d.u.i.k.p.r.p.TestFile    Now processing file /home/runner/work/key/key/key.core/../key.ui/examples/heap/permissions/threads/Plotter_Plotter.key 
539343     INFO  main            d.u.i.k.p.i.AbstractProblemLoader Loading environment from /home/runner/work/key/key/key.core/../key.ui/examples/heap/permissions/threads/Plotter_Plotter.key 
539343     DEBUG main            d.u.i.k.p.i.AbstractProblemLoader Environment load took 83.9ns 
539344     INFO  main            d.u.i.k.p.i.AbstractProblemLoader Creating init config 
544504     DEBUG main            d.u.i.k.p.i.AbstractProblemLoader Init config took 5.16s 
544594     INFO  main            d.u.i.k.p.i.AbstractProblemLoader Replaying proof Plotter[Plotter::Plotter(AFilter,BFilter,Buffer)].JML normal_behavior operation contract.0 
544595     DEBUG main            d.u.i.k.p.i.IntermediateProofReplayer Proof replay took 7.9ns 
546516     INFO  main            d.u.i.k.p.r.p.TestFile    ... finished proof: closed. 
547081     INFO  main            d.u.i.k.p.i.AbstractProblemLoader Loading environment from /home/runner/work/key/key/key.core/../key.ui/examples/heap/permissions/threads/Plotter_Plotter.key.proof 
547082     DEBUG main            d.u.i.k.p.i.AbstractProblemLoader Environment load took 348.61ns 
547083     INFO  main            d.u.i.k.p.i.AbstractProblemLoader Creating init config 
552235     DEBUG main            d.u.i.k.p.i.AbstractProblemLoader Init config took 5.15s 
552325     INFO  main            d.u.i.k.p.i.AbstractProblemLoader Replaying proof Plotter[Plotter::Plotter(AFilter,BFilter,Buffer)].JML normal_behavior operation contract.0 
552620     DEBUG main            d.u.i.k.p.i.IntermediateProofReplayer Proof replay took 289.09ms 
552621     DEBUG main            d.u.i.k.p.r.p.TestFile    ... success: reloaded. 
552622     INFO  main            d.u.i.k.p.r.p.TestFile    Now processing file /home/runner/work/key/key/key.core/../key.ui/examples/heap/permissions/threads/Plotter_postJoin_accessible.key 
552622     INFO  main            d.u.i.k.p.i.AbstractProblemLoader Loading environment from /home/runner/work/key/key/key.core/../key.ui/examples/heap/permissions/threads/Plotter_postJoin_accessible.key 
552622     DEBUG main            d.u.i.k.p.i.AbstractProblemLoader Environment load took 53.5ns 
552623     INFO  main            d.u.i.k.p.i.AbstractProblemLoader Creating init config 
557889     DEBUG main            d.u.i.k.p.i.AbstractProblemLoader Init config took 5.27s 
557982     INFO  main            d.u.i.k.p.i.AbstractProblemLoader Replaying proof Plotter[ThreadSpec2::postJoin(java.lang.Object)].JML accessible clause.0 
557984     DEBUG main            d.u.i.k.p.i.IntermediateProofReplayer Proof replay took 7.7ns 
558085     INFO  main            d.u.i.k.p.r.p.TestFile    ... finished proof: closed. 
558671     INFO  main            d.u.i.k.p.i.AbstractProblemLoader Loading environment from /home/runner/work/key/key/key.core/../key.ui/examples/heap/permissions/threads/Plotter_postJoin_accessible.key.proof 
558671     DEBUG main            d.u.i.k.p.i.AbstractProblemLoader Environment load took 124.3ns 
558673     INFO  main            d.u.i.k.p.i.AbstractProblemLoader Creating init config 
563839     DEBUG main            d.u.i.k.p.i.AbstractProblemLoader Init config took 5.17s 
563929     INFO  main            d.u.i.k.p.i.AbstractProblemLoader Replaying proof Plotter[ThreadSpec2::postJoin(java.lang.Object)].JML accessible clause.0 
563944     DEBUG main            d.u.i.k.p.i.IntermediateProofReplayer Proof replay took 13.38ms 
563945     DEBUG main            d.u.i.k.p.r.p.TestFile    ... success: reloaded. 
563946     INFO  main            d.u.i.k.p.r.p.TestFile    Now processing file /home/runner/work/key/key/key.core/../key.ui/examples/heap/permissions/threads/Plotter_preStart_accessible.key 
563946     INFO  main            d.u.i.k.p.i.AbstractProblemLoader Loading environment from /home/runner/work/key/key/key.core/../key.ui/examples/heap/permissions/threads/Plotter_preStart_accessible.key 
563946     DEBUG main            d.u.i.k.p.i.AbstractProblemLoader Environment load took 55.5ns 
563947     INFO  main            d.u.i.k.p.i.AbstractProblemLoader Creating init config 
569230     DEBUG main            d.u.i.k.p.i.AbstractProblemLoader Init config took 5.28s 
569336     INFO  main            d.u.i.k.p.i.AbstractProblemLoader Replaying proof Plotter[ThreadSpec2::preStart(java.lang.Object)].JML accessible clause.0 
569338     DEBUG main            d.u.i.k.p.i.IntermediateProofReplayer Proof replay took 7.8ns 
570442     INFO  main            d.u.i.k.p.r.p.TestFile    ... finished proof: closed. 
571016     INFO  main            d.u.i.k.p.i.AbstractProblemLoader Loading environment from /home/runner/work/key/key/key.core/../key.ui/examples/heap/permissions/threads/Plotter_preStart_accessible.key.proof 
571016     DEBUG main            d.u.i.k.p.i.AbstractProblemLoader Environment load took 101.6ns 
571017     INFO  main            d.u.i.k.p.i.AbstractProblemLoader Creating init config 
576366     DEBUG main            d.u.i.k.p.i.AbstractProblemLoader Init config took 5.35s 
576456     INFO  main            d.u.i.k.p.i.AbstractProblemLoader Replaying proof Plotter[ThreadSpec2::preStart(java.lang.Object)].JML accessible clause.0 
576554     DEBUG main            d.u.i.k.p.i.IntermediateProofReplayer Proof replay took 94.03ms 
576555     DEBUG main            d.u.i.k.p.r.p.TestFile    ... success: reloaded. 
576556     INFO  main            d.u.i.k.p.r.p.TestFile    Now processing file /home/runner/work/key/key/key.core/../key.ui/examples/heap/permissions/threads/Plotter_stateInv_accessible.key 
576557     INFO  main            d.u.i.k.p.i.AbstractProblemLoader Loading environment from /home/runner/work/key/key/key.core/../key.ui/examples/heap/permissions/threads/Plotter_stateInv_accessible.key 
576557     DEBUG main            d.u.i.k.p.i.AbstractProblemLoader Environment load took 171.7ns 
576558     INFO  main            d.u.i.k.p.i.AbstractProblemLoader Creating init config 
581966     DEBUG main            d.u.i.k.p.i.AbstractProblemLoader Init config took 5.41s 
582072     INFO  main            d.u.i.k.p.i.AbstractProblemLoader Replaying proof Plotter[ThreadSpec2::stateInv()].JML accessible clause.0 
582073     DEBUG main            d.u.i.k.p.i.IntermediateProofReplayer Proof replay took 7.1ns 
590621     INFO  main            d.u.i.k.p.r.p.TestFile    ... finished proof: closed. 
591204     INFO  main            d.u.i.k.p.i.AbstractProblemLoader Loading environment from /home/runner/work/key/key/key.core/../key.ui/examples/heap/permissions/threads/Plotter_stateInv_accessible.key.proof 
591204     DEBUG main            d.u.i.k.p.i.AbstractProblemLoader Environment load took 337.31ns 
591206     INFO  main            d.u.i.k.p.i.AbstractProblemLoader Creating init config 
596610     DEBUG main            d.u.i.k.p.i.AbstractProblemLoader Init config took 5.4s 
596698     INFO  main            d.u.i.k.p.i.AbstractProblemLoader Replaying proof Plotter[ThreadSpec2::stateInv()].JML accessible clause.0 
597442     DEBUG main            d.u.i.k.p.i.IntermediateProofReplayer Proof replay took 728.28ms 
597444     DEBUG main            d.u.i.k.p.r.p.TestFile    ... success: reloaded. 
597445     INFO  main            d.u.i.k.p.r.p.TestFile    Now processing file /home/runner/work/key/key/key.core/../key.ui/examples/heap/permissions/threads/Plotter_staticPermissions_accessible.key 
597445     INFO  main            d.u.i.k.p.i.AbstractProblemLoader Loading environment from /home/runner/work/key/key/key.core/../key.ui/examples/heap/permissions/threads/Plotter_staticPermissions_accessible.key 
597445     DEBUG main            d.u.i.k.p.i.AbstractProblemLoader Environment load took 74.8ns 
597446     INFO  main            d.u.i.k.p.i.AbstractProblemLoader Creating init config 
602746     DEBUG main            d.u.i.k.p.i.AbstractProblemLoader Init config took 5.3s 
602863     INFO  main            d.u.i.k.p.i.AbstractProblemLoader Replaying proof Plotter[ThreadSpec2::staticPermissions()].JML accessible clause.0 
602864     DEBUG main            d.u.i.k.p.i.IntermediateProofReplayer Proof replay took 40ns 
603668     INFO  main            d.u.i.k.p.r.p.TestFile    ... finished proof: closed. 
604288     INFO  main            d.u.i.k.p.i.AbstractProblemLoader Loading environment from /home/runner/work/key/key/key.core/../key.ui/examples/heap/permissions/threads/Plotter_staticPermissions_accessible.key.proof 
604289     DEBUG main            d.u.i.k.p.i.AbstractProblemLoader Environment load took 99.2ns 
604290     INFO  main            d.u.i.k.p.i.AbstractProblemLoader Creating init config 
609534     DEBUG main            d.u.i.k.p.i.AbstractProblemLoader Init config took 5.24s 
609646     INFO  main            d.u.i.k.p.i.AbstractProblemLoader Replaying proof Plotter[ThreadSpec2::staticPermissions()].JML accessible clause.0 
609717     DEBUG main            d.u.i.k.p.i.IntermediateProofReplayer Proof replay took 68.17ms 
609718     DEBUG main            d.u.i.k.p.r.p.TestFile    ... success: reloaded. 
609719     INFO  main            d.u.i.k.p.r.p.TestFile    Now processing file /home/runner/work/key/key/key.core/../key.ui/examples/heap/permissions/threads/Plotter_workingPermissions_accessible.key 
609720     INFO  main            d.u.i.k.p.i.AbstractProblemLoader Loading environment from /home/runner/work/key/key/key.core/../key.ui/examples/heap/permissions/threads/Plotter_workingPermissions_accessible.key 
609720     DEBUG main            d.u.i.k.p.i.AbstractProblemLoader Environment load took 101.8ns 
609721     INFO  main            d.u.i.k.p.i.AbstractProblemLoader Creating init config 
615071     DEBUG main            d.u.i.k.p.i.AbstractProblemLoader Init config took 5.35s 
615169     INFO  main            d.u.i.k.p.i.AbstractProblemLoader Replaying proof Plotter[ThreadSpec2::workingPermissions()].JML accessible clause.0 
615171     DEBUG main            d.u.i.k.p.i.IntermediateProofReplayer Proof replay took 3.2ns 
615373     INFO  main            d.u.i.k.p.r.p.TestFile    ... finished proof: closed. 
615967     INFO  main            d.u.i.k.p.i.AbstractProblemLoader Loading environment from /home/runner/work/key/key/key.core/../key.ui/examples/heap/permissions/threads/Plotter_workingPermissions_accessible.key.proof 
615967     DEBUG main            d.u.i.k.p.i.AbstractProblemLoader Environment load took 102.9ns 
615968     INFO  main            d.u.i.k.p.i.AbstractProblemLoader Creating init config 
621352     DEBUG main            d.u.i.k.p.i.AbstractProblemLoader Init config took 5.38s 
621460     INFO  main            d.u.i.k.p.i.AbstractProblemLoader Replaying proof Plotter[ThreadSpec2::workingPermissions()].JML accessible clause.0 
621479     DEBUG main            d.u.i.k.p.i.IntermediateProofReplayer Proof replay took 17.77ms 
621480     DEBUG main            d.u.i.k.p.r.p.TestFile    ... success: reloaded. 
621481     INFO  main            d.u.i.k.p.r.p.TestFile    Now processing file /home/runner/work/key/key/key.core/../key.ui/examples/heap/permissions/threads/Sampler_initPost_accessible.key 
621481     INFO  main            d.u.i.k.p.i.AbstractProblemLoader Loading environment from /home/runner/work/key/key/key.core/../key.ui/examples/heap/permissions/threads/Sampler_initPost_accessible.key 
621481     DEBUG main            d.u.i.k.p.i.AbstractProblemLoader Environment load took 53.3ns 
621482     INFO  main            d.u.i.k.p.i.AbstractProblemLoader Creating init config 
626885     DEBUG main            d.u.i.k.p.i.AbstractProblemLoader Init config took 5.4s 
626975     INFO  main            d.u.i.k.p.i.AbstractProblemLoader Replaying proof Sampler[ThreadSpec2::initPost()].JML accessible clause.0 
626976     DEBUG main            d.u.i.k.p.i.IntermediateProofReplayer Proof replay took 3.9ns 
627078     INFO  main            d.u.i.k.p.r.p.TestFile    ... finished proof: closed. 
627669     INFO  main            d.u.i.k.p.i.AbstractProblemLoader Loading environment from /home/runner/work/key/key/key.core/../key.ui/examples/heap/permissions/threads/Sampler_initPost_accessible.key.proof 
627669     DEBUG main            d.u.i.k.p.i.AbstractProblemLoader Environment load took 94.9ns 
627670     INFO  main            d.u.i.k.p.i.AbstractProblemLoader Creating init config 
632919     DEBUG main            d.u.i.k.p.i.AbstractProblemLoader Init config took 5.25s 
633022     INFO  main            d.u.i.k.p.i.AbstractProblemLoader Replaying proof Sampler[ThreadSpec2::initPost()].JML accessible clause.0 
633030     DEBUG main            d.u.i.k.p.i.IntermediateProofReplayer Proof replay took 6.06ms 
633031     DEBUG main            d.u.i.k.p.r.p.TestFile    ... success: reloaded. 
633031     INFO  main            d.u.i.k.p.r.p.TestFile    Now processing file /home/runner/work/key/key/key.core/../key.ui/examples/heap/permissions/threads/Sampler_inv_accessible1.key 
633032     INFO  main            d.u.i.k.p.i.AbstractProblemLoader Loading environment from /home/runner/work/key/key/key.core/../key.ui/examples/heap/permissions/threads/Sampler_inv_accessible1.key 
633032     DEBUG main            d.u.i.k.p.i.AbstractProblemLoader Environment load took 55.1ns 
633033     INFO  main            d.u.i.k.p.i.AbstractProblemLoader Creating init config 
638235     DEBUG main            d.u.i.k.p.i.AbstractProblemLoader Init config took 5.2s 
638321     INFO  main            d.u.i.k.p.i.AbstractProblemLoader Replaying proof Sampler[java.lang.Object::<inv>()].JML accessible clause.0 
638322     DEBUG main            d.u.i.k.p.i.IntermediateProofReplayer Proof replay took 3.2ns 
638427     INFO  main            d.u.i.k.p.r.p.TestFile    ... finished proof: closed. 
639021     INFO  main            d.u.i.k.p.i.AbstractProblemLoader Loading environment from /home/runner/work/key/key/key.core/../key.ui/examples/heap/permissions/threads/Sampler_inv_accessible1.key.proof 
639021     DEBUG main            d.u.i.k.p.i.AbstractProblemLoader Environment load took 96.4ns 
639022     INFO  main            d.u.i.k.p.i.AbstractProblemLoader Creating init config 
644082     DEBUG main            d.u.i.k.p.i.AbstractProblemLoader Init config took 5.06s 
644183     INFO  main            d.u.i.k.p.i.AbstractProblemLoader Replaying proof Sampler[java.lang.Object::<inv>()].JML accessible clause.0 
644187     DEBUG main            d.u.i.k.p.i.IntermediateProofReplayer Proof replay took 1.85ms 
644188     DEBUG main            d.u.i.k.p.r.p.TestFile    ... success: reloaded. 
644188     INFO  main            d.u.i.k.p.r.p.TestFile    Now processing file /home/runner/work/key/key/key.core/../key.ui/examples/heap/permissions/threads/Sampler_inv_accessible2.key 
644189     INFO  main            d.u.i.k.p.i.AbstractProblemLoader Loading environment from /home/runner/work/key/key/key.core/../key.ui/examples/heap/permissions/threads/Sampler_inv_accessible2.key 
644189     DEBUG main            d.u.i.k.p.i.AbstractProblemLoader Environment load took 52.7ns 
644189     INFO  main            d.u.i.k.p.i.AbstractProblemLoader Creating init config 
649369     DEBUG main            d.u.i.k.p.i.AbstractProblemLoader Init config took 5.18s 
649460     INFO  main            d.u.i.k.p.i.AbstractProblemLoader Replaying proof Sampler[java.lang.Object::<inv>()].JML accessible clause.1 
649461     DEBUG main            d.u.i.k.p.i.IntermediateProofReplayer Proof replay took 3.5ns 
649563     INFO  main            d.u.i.k.p.r.p.TestFile    ... finished proof: closed. 
650175     INFO  main            d.u.i.k.p.i.AbstractProblemLoader Loading environment from /home/runner/work/key/key/key.core/../key.ui/examples/heap/permissions/threads/Sampler_inv_accessible2.key.proof 
650175     DEBUG main            d.u.i.k.p.i.AbstractProblemLoader Environment load took 93.5ns 
650176     INFO  main            d.u.i.k.p.i.AbstractProblemLoader Creating init config 
655264     DEBUG main            d.u.i.k.p.i.AbstractProblemLoader Init config took 5.09s 
655356     INFO  main            d.u.i.k.p.i.AbstractProblemLoader Replaying proof Sampler[java.lang.Object::<inv>()].JML accessible clause.1 
655359     DEBUG main            d.u.i.k.p.i.IntermediateProofReplayer Proof replay took 1.99ms 
655360     DEBUG main            d.u.i.k.p.r.p.TestFile    ... success: reloaded. 
655361     INFO  main            d.u.i.k.p.r.p.TestFile    Now processing file /home/runner/work/key/key/key.core/../key.ui/examples/heap/permissions/threads/Sampler_joinTransfer_accessible.key 
655361     INFO  main            d.u.i.k.p.i.AbstractProblemLoader Loading environment from /home/runner/work/key/key/key.core/../key.ui/examples/heap/permissions/threads/Sampler_joinTransfer_accessible.key 
655361     DEBUG main            d.u.i.k.p.i.AbstractProblemLoader Environment load took 97.8ns 
655362     INFO  main            d.u.i.k.p.i.AbstractProblemLoader Creating init config 
660571     DEBUG main            d.u.i.k.p.i.AbstractProblemLoader Init config took 5.21s 
660677     INFO  main            d.u.i.k.p.i.AbstractProblemLoader Replaying proof Sampler[ThreadSpec2::joinTransfer()].JML accessible clause.0 
660678     DEBUG main            d.u.i.k.p.i.IntermediateProofReplayer Proof replay took 3.4ns 
664489     INFO  main            d.u.i.k.p.r.p.TestFile    ... finished proof: closed. 
665113     INFO  main            d.u.i.k.p.i.AbstractProblemLoader Loading environment from /home/runner/work/key/key/key.core/../key.ui/examples/heap/permissions/threads/Sampler_joinTransfer_accessible.key.proof 
665113     DEBUG main            d.u.i.k.p.i.AbstractProblemLoader Environment load took 231.31ns 
665114     INFO  main            d.u.i.k.p.i.AbstractProblemLoader Creating init config 
670246     DEBUG main            d.u.i.k.p.i.AbstractProblemLoader Init config took 5.13s 
670338     INFO  main            d.u.i.k.p.i.AbstractProblemLoader Replaying proof Sampler[ThreadSpec2::joinTransfer()].JML accessible clause.0 
671032     DEBUG main            d.u.i.k.p.i.IntermediateProofReplayer Proof replay took 682.47ms 
671034     DEBUG main            d.u.i.k.p.r.p.TestFile    ... success: reloaded. 
671035     INFO  main            d.u.i.k.p.r.p.TestFile    Now processing file /home/runner/work/key/key/key.core/../key.ui/examples/heap/permissions/threads/Sampler_joinTransfer_contract.key 
671035     INFO  main            d.u.i.k.p.i.AbstractProblemLoader Loading environment from /home/runner/work/key/key/key.core/../key.ui/examples/heap/permissions/threads/Sampler_joinTransfer_contract.key 
671036     DEBUG main            d.u.i.k.p.i.AbstractProblemLoader Environment load took 86.6ns 
671036     INFO  main            d.u.i.k.p.i.AbstractProblemLoader Creating init config 
676163     DEBUG main            d.u.i.k.p.i.AbstractProblemLoader Init config took 5.13s 
676250     INFO  main            d.u.i.k.p.i.AbstractProblemLoader Replaying proof Sampler[ThreadSpec2::joinTransfer()].JML model_behavior operation contract.0 
676252     DEBUG main            d.u.i.k.p.i.IntermediateProofReplayer Proof replay took 3.5ns 
676354     INFO  main            d.u.i.k.p.r.p.TestFile    ... finished proof: closed. 
676963     INFO  main            d.u.i.k.p.i.AbstractProblemLoader Loading environment from /home/runner/work/key/key/key.core/../key.ui/examples/heap/permissions/threads/Sampler_joinTransfer_contract.key.proof 
676963     DEBUG main            d.u.i.k.p.i.AbstractProblemLoader Environment load took 93.2ns 
676964     INFO  main            d.u.i.k.p.i.AbstractProblemLoader Creating init config 
682054     DEBUG main            d.u.i.k.p.i.AbstractProblemLoader Init config took 5.09s 
682163     INFO  main            d.u.i.k.p.i.AbstractProblemLoader Replaying proof Sampler[ThreadSpec2::joinTransfer()].JML model_behavior operation contract.0 
682172     DEBUG main            d.u.i.k.p.i.IntermediateProofReplayer Proof replay took 7.91ms 
682173     DEBUG main            d.u.i.k.p.r.p.TestFile    ... success: reloaded. 
682174     INFO  main            d.u.i.k.p.r.p.TestFile    Now processing file /home/runner/work/key/key/key.core/../key.ui/examples/heap/permissions/threads/Sampler_postJoin_accessible.key 
682174     INFO  main            d.u.i.k.p.i.AbstractProblemLoader Loading environment from /home/runner/work/key/key/key.core/../key.ui/examples/heap/permissions/threads/Sampler_postJoin_accessible.key 
682174     DEBUG main            d.u.i.k.p.i.AbstractProblemLoader Environment load took 53.5ns 
682175     INFO  main            d.u.i.k.p.i.AbstractProblemLoader Creating init config 
687339     DEBUG main            d.u.i.k.p.i.AbstractProblemLoader Init config took 5.16s 
687454     INFO  main            d.u.i.k.p.i.AbstractProblemLoader Replaying proof Sampler[ThreadSpec2::postJoin(java.lang.Object)].JML accessible clause.0 
687455     DEBUG main            d.u.i.k.p.i.IntermediateProofReplayer Proof replay took 3.4ns 
687557     INFO  main            d.u.i.k.p.r.p.TestFile    ... finished proof: closed. 
688168     INFO  main            d.u.i.k.p.i.AbstractProblemLoader Loading environment from /home/runner/work/key/key/key.core/../key.ui/examples/heap/permissions/threads/Sampler_postJoin_accessible.key.proof 
688169     DEBUG main            d.u.i.k.p.i.AbstractProblemLoader Environment load took 89.9ns 
688170     INFO  main            d.u.i.k.p.i.AbstractProblemLoader Creating init config 
693174     DEBUG main            d.u.i.k.p.i.AbstractProblemLoader Init config took 5s 
693263     INFO  main            d.u.i.k.p.i.AbstractProblemLoader Replaying proof Sampler[ThreadSpec2::postJoin(java.lang.Object)].JML accessible clause.0 
693274     DEBUG main            d.u.i.k.p.i.IntermediateProofReplayer Proof replay took 9.26ms 
693275     DEBUG main            d.u.i.k.p.r.p.TestFile    ... success: reloaded. 
693276     INFO  main            d.u.i.k.p.r.p.TestFile    Now processing file /home/runner/work/key/key/key.core/../key.ui/examples/heap/permissions/threads/Sampler_preStart_accessible.key 
693276     INFO  main            d.u.i.k.p.i.AbstractProblemLoader Loading environment from /home/runner/work/key/key/key.core/../key.ui/examples/heap/permissions/threads/Sampler_preStart_accessible.key 
693276     DEBUG main            d.u.i.k.p.i.AbstractProblemLoader Environment load took 73.2ns 
693277     INFO  main            d.u.i.k.p.i.AbstractProblemLoader Creating init config 
698401     DEBUG main            d.u.i.k.p.i.AbstractProblemLoader Init config took 5.12s 
698516     INFO  main            d.u.i.k.p.i.AbstractProblemLoader Replaying proof Sampler[ThreadSpec2::preStart(java.lang.Object)].JML accessible clause.0 
698518     DEBUG main            d.u.i.k.p.i.IntermediateProofReplayer Proof replay took 3.4ns 
698620     INFO  main            d.u.i.k.p.r.p.TestFile    ... finished proof: closed. 
699244     INFO  main            d.u.i.k.p.i.AbstractProblemLoader Loading environment from /home/runner/work/key/key/key.core/../key.ui/examples/heap/permissions/threads/Sampler_preStart_accessible.key.proof 
699244     DEBUG main            d.u.i.k.p.i.AbstractProblemLoader Environment load took 90.3ns 
699245     INFO  main            d.u.i.k.p.i.AbstractProblemLoader Creating init config 
704316     DEBUG main            d.u.i.k.p.i.AbstractProblemLoader Init config took 5.07s 
704419     INFO  main            d.u.i.k.p.i.AbstractProblemLoader Replaying proof Sampler[ThreadSpec2::preStart(java.lang.Object)].JML accessible clause.0 
704430     DEBUG main            d.u.i.k.p.i.IntermediateProofReplayer Proof replay took 9.35ms 
704431     DEBUG main            d.u.i.k.p.r.p.TestFile    ... success: reloaded. 
704432     INFO  main            d.u.i.k.p.r.p.TestFile    Now processing file /home/runner/work/key/key/key.core/../key.ui/examples/heap/permissions/threads/Sampler_run.key 
704432     INFO  main            d.u.i.k.p.i.AbstractProblemLoader Loading environment from /home/runner/work/key/key/key.core/../key.ui/examples/heap/permissions/threads/Sampler_run.key 
704432     DEBUG main            d.u.i.k.p.i.AbstractProblemLoader Environment load took 52.3ns 
704433     INFO  main            d.u.i.k.p.i.AbstractProblemLoader Creating init config 
709579     DEBUG main            d.u.i.k.p.i.AbstractProblemLoader Init config took 5.15s 
709669     INFO  main            d.u.i.k.p.i.AbstractProblemLoader Replaying proof Sampler[ThreadSpec2::run()].JML normal_behavior operation contract.0 
709671     DEBUG main            d.u.i.k.p.i.IntermediateProofReplayer Proof replay took 3.5ns 
709873     INFO  main            d.u.i.k.p.r.p.TestFile    ... finished proof: closed. 
710584     INFO  main            d.u.i.k.p.i.AbstractProblemLoader Loading environment from /home/runner/work/key/key/key.core/../key.ui/examples/heap/permissions/threads/Sampler_run.key.proof 
710584     DEBUG main            d.u.i.k.p.i.AbstractProblemLoader Environment load took 88.4ns 
710585     INFO  main            d.u.i.k.p.i.AbstractProblemLoader Creating init config 
715640     DEBUG main            d.u.i.k.p.i.AbstractProblemLoader Init config took 5.05s 
715743     INFO  main            d.u.i.k.p.i.AbstractProblemLoader Replaying proof Sampler[ThreadSpec2::run()].JML normal_behavior operation contract.0 
715783     DEBUG main            d.u.i.k.p.i.IntermediateProofReplayer Proof replay took 38.3ms 
715784     DEBUG main            d.u.i.k.p.r.p.TestFile    ... success: reloaded. 
715785     INFO  main            d.u.i.k.p.r.p.TestFile    Now processing file /home/runner/work/key/key/key.core/../key.ui/examples/heap/permissions/threads/Sampler_Sampler.key 
715786     INFO  main            d.u.i.k.p.i.AbstractProblemLoader Loading environment from /home/runner/work/key/key/key.core/../key.ui/examples/heap/permissions/threads/Sampler_Sampler.key 
715786     DEBUG main            d.u.i.k.p.i.AbstractProblemLoader Environment load took 117.6ns 
715787     INFO  main            d.u.i.k.p.i.AbstractProblemLoader Creating init config 
720924     DEBUG main            d.u.i.k.p.i.AbstractProblemLoader Init config took 5.14s 
721014     INFO  main            d.u.i.k.p.i.AbstractProblemLoader Replaying proof Sampler[Sampler::Sampler(Buffer)].JML normal_behavior operation contract.0 
721015     DEBUG main            d.u.i.k.p.i.IntermediateProofReplayer Proof replay took 3.5ns 
721618     INFO  main            d.u.i.k.p.r.p.TestFile    ... finished proof: closed. 
722301     INFO  main            d.u.i.k.p.i.AbstractProblemLoader Loading environment from /home/runner/work/key/key/key.core/../key.ui/examples/heap/permissions/threads/Sampler_Sampler.key.proof 
722301     DEBUG main            d.u.i.k.p.i.AbstractProblemLoader Environment load took 323.51ns 
722302     INFO  main            d.u.i.k.p.i.AbstractProblemLoader Creating init config 
727491     DEBUG main            d.u.i.k.p.i.AbstractProblemLoader Init config took 5.19s 
727580     INFO  main            d.u.i.k.p.i.AbstractProblemLoader Replaying proof Sampler[Sampler::Sampler(Buffer)].JML normal_behavior operation contract.0 
727679     DEBUG main            d.u.i.k.p.i.IntermediateProofReplayer Proof replay took 96.18ms 
727680     DEBUG main            d.u.i.k.p.r.p.TestFile    ... success: reloaded. 
727681     INFO  main            d.u.i.k.p.r.p.TestFile    Now processing file /home/runner/work/key/key/key.core/../key.ui/examples/heap/permissions/threads/Sampler_startTransfer_accessible.key 
727681     INFO  main            d.u.i.k.p.i.AbstractProblemLoader Loading environment from /home/runner/work/key/key/key.core/../key.ui/examples/heap/permissions/threads/Sampler_startTransfer_accessible.key 
727682     DEBUG main            d.u.i.k.p.i.AbstractProblemLoader Environment load took 88.2ns 
727682     INFO  main            d.u.i.k.p.i.AbstractProblemLoader Creating init config 
732836     DEBUG main            d.u.i.k.p.i.AbstractProblemLoader Init config took 5.15s 
732950     INFO  main            d.u.i.k.p.i.AbstractProblemLoader Replaying proof Sampler[ThreadSpec2::startTransfer()].JML accessible clause.0 
732951     DEBUG main            d.u.i.k.p.i.IntermediateProofReplayer Proof replay took 3.2ns 
737471     INFO  main            d.u.i.k.p.r.p.TestFile    ... finished proof: closed. 
738187     INFO  main            d.u.i.k.p.i.AbstractProblemLoader Loading environment from /home/runner/work/key/key/key.core/../key.ui/examples/heap/permissions/threads/Sampler_startTransfer_accessible.key.proof 
738187     DEBUG main            d.u.i.k.p.i.AbstractProblemLoader Environment load took 101.7ns 
738188     INFO  main            d.u.i.k.p.i.AbstractProblemLoader Creating init config 
743290     DEBUG main            d.u.i.k.p.i.AbstractProblemLoader Init config took 5.1s 
743381     INFO  main            d.u.i.k.p.i.AbstractProblemLoader Replaying proof Sampler[ThreadSpec2::startTransfer()].JML accessible clause.0 
744114     DEBUG main            d.u.i.k.p.i.IntermediateProofReplayer Proof replay took 720.7ms 
744117     DEBUG main            d.u.i.k.p.r.p.TestFile    ... success: reloaded. 
744118     INFO  main            d.u.i.k.p.r.p.TestFile    Now processing file /home/runner/work/key/key/key.core/../key.ui/examples/heap/permissions/threads/Sampler_startTransfer_contract.key 
744118     INFO  main            d.u.i.k.p.i.AbstractProblemLoader Loading environment from /home/runner/work/key/key/key.core/../key.ui/examples/heap/permissions/threads/Sampler_startTransfer_contract.key 
744118     DEBUG main            d.u.i.k.p.i.AbstractProblemLoader Environment load took 61.4ns 
744120     INFO  main            d.u.i.k.p.i.AbstractProblemLoader Creating init config 
749405     DEBUG main            d.u.i.k.p.i.AbstractProblemLoader Init config took 5.29s 
749494     INFO  main            d.u.i.k.p.i.AbstractProblemLoader Replaying proof Sampler[ThreadSpec2::startTransfer()].JML model_behavior operation contract.0 
749496     DEBUG main            d.u.i.k.p.i.IntermediateProofReplayer Proof replay took 3.9ns 
749598     INFO  main            d.u.i.k.p.r.p.TestFile    ... finished proof: closed. 
750288     INFO  main            d.u.i.k.p.i.AbstractProblemLoader Loading environment from /home/runner/work/key/key/key.core/../key.ui/examples/heap/permissions/threads/Sampler_startTransfer_contract.key.proof 
750288     DEBUG main            d.u.i.k.p.i.AbstractProblemLoader Environment load took 94.3ns 
750289     INFO  main            d.u.i.k.p.i.AbstractProblemLoader Creating init config 
755418     DEBUG main            d.u.i.k.p.i.AbstractProblemLoader Init config took 5.13s 
755516     INFO  main            d.u.i.k.p.i.AbstractProblemLoader Replaying proof Sampler[ThreadSpec2::startTransfer()].JML model_behavior operation contract.0 
755525     DEBUG main            d.u.i.k.p.i.IntermediateProofReplayer Proof replay took 7.74ms 
755525     DEBUG main            d.u.i.k.p.r.p.TestFile    ... success: reloaded. 
755526     INFO  main            d.u.i.k.p.r.p.TestFile    Now processing file /home/runner/work/key/key/key.core/../key.ui/examples/heap/permissions/threads/Sampler_stateInv_accessible.key 
755527     INFO  main            d.u.i.k.p.i.AbstractProblemLoader Loading environment from /home/runner/work/key/key/key.core/../key.ui/examples/heap/permissions/threads/Sampler_stateInv_accessible.key 
755527     DEBUG main            d.u.i.k.p.i.AbstractProblemLoader Environment load took 52.5ns 
755528     INFO  main            d.u.i.k.p.i.AbstractProblemLoader Creating init config 
760838     DEBUG main            d.u.i.k.p.i.AbstractProblemLoader Init config took 5.31s 
760953     INFO  main            d.u.i.k.p.i.AbstractProblemLoader Replaying proof Sampler[ThreadSpec2::stateInv()].JML accessible clause.0 
760955     DEBUG main            d.u.i.k.p.i.IntermediateProofReplayer Proof replay took 3.5ns 
761056     INFO  main            d.u.i.k.p.r.p.TestFile    ... finished proof: closed. 
761723     INFO  main            d.u.i.k.p.i.AbstractProblemLoader Loading environment from /home/runner/work/key/key/key.core/../key.ui/examples/heap/permissions/threads/Sampler_stateInv_accessible.key.proof 
761723     DEBUG main            d.u.i.k.p.i.AbstractProblemLoader Environment load took 90.1ns 
761724     INFO  main            d.u.i.k.p.i.AbstractProblemLoader Creating init config 
766877     DEBUG main            d.u.i.k.p.i.AbstractProblemLoader Init config took 5.15s 
766967     INFO  main            d.u.i.k.p.i.AbstractProblemLoader Replaying proof Sampler[ThreadSpec2::stateInv()].JML accessible clause.0 
766976     DEBUG main            d.u.i.k.p.i.IntermediateProofReplayer Proof replay took 7.12ms 
766977     DEBUG main            d.u.i.k.p.r.p.TestFile    ... success: reloaded. 
766979     INFO  main            d.u.i.k.p.r.p.TestFile    Now processing file /home/runner/work/key/key/key.core/../key.ui/examples/heap/permissions/threads/Sampler_staticPermissions_accessible.key 
766979     INFO  main            d.u.i.k.p.i.AbstractProblemLoader Loading environment from /home/runner/work/key/key/key.core/../key.ui/examples/heap/permissions/threads/Sampler_staticPermissions_accessible.key 
766979     DEBUG main            d.u.i.k.p.i.AbstractProblemLoader Environment load took 204.41ns 
766980     INFO  main            d.u.i.k.p.i.AbstractProblemLoader Creating init config 
772319     DEBUG main            d.u.i.k.p.i.AbstractProblemLoader Init config took 5.34s 
772436     INFO  main            d.u.i.k.p.i.AbstractProblemLoader Replaying proof Sampler[ThreadSpec2::staticPermissions()].JML accessible clause.0 
772437     DEBUG main            d.u.i.k.p.i.IntermediateProofReplayer Proof replay took 3.5ns 
772540     INFO  main            d.u.i.k.p.r.p.TestFile    ... finished proof: closed. 
773226     INFO  main            d.u.i.k.p.i.AbstractProblemLoader Loading environment from /home/runner/work/key/key/key.core/../key.ui/examples/heap/permissions/threads/Sampler_staticPermissions_accessible.key.proof 
773226     DEBUG main            d.u.i.k.p.i.AbstractProblemLoader Environment load took 89ns 
773227     INFO  main            d.u.i.k.p.i.AbstractProblemLoader Creating init config 
778340     DEBUG main            d.u.i.k.p.i.AbstractProblemLoader Init config took 5.11s 
778430     INFO  main            d.u.i.k.p.i.AbstractProblemLoader Replaying proof Sampler[ThreadSpec2::staticPermissions()].JML accessible clause.0 
778435     DEBUG main            d.u.i.k.p.i.IntermediateProofReplayer Proof replay took 3.99ms 
778436     DEBUG main            d.u.i.k.p.r.p.TestFile    ... success: reloaded. 
778437     INFO  main            d.u.i.k.p.r.p.TestFile    Now processing file /home/runner/work/key/key/key.core/../key.ui/examples/heap/permissions/threads/Sampler_workingPermissions_accessible.key 
778437     INFO  main            d.u.i.k.p.i.AbstractProblemLoader Loading environment from /home/runner/work/key/key/key.core/../key.ui/examples/heap/permissions/threads/Sampler_workingPermissions_accessible.key 
778437     DEBUG main            d.u.i.k.p.i.AbstractProblemLoader Environment load took 90.2ns 
778438     INFO  main            d.u.i.k.p.i.AbstractProblemLoader Creating init config 
783602     DEBUG main            d.u.i.k.p.i.AbstractProblemLoader Init config took 5.16s 
783689     INFO  main            d.u.i.k.p.i.AbstractProblemLoader Replaying proof Sampler[ThreadSpec2::workingPermissions()].JML accessible clause.0 
783690     DEBUG main            d.u.i.k.p.i.IntermediateProofReplayer Proof replay took 3.2ns 
783792     INFO  main            d.u.i.k.p.r.p.TestFile    ... finished proof: closed. 
784481     INFO  main            d.u.i.k.p.i.AbstractProblemLoader Loading environment from /home/runner/work/key/key/key.core/../key.ui/examples/heap/permissions/threads/Sampler_workingPermissions_accessible.key.proof 
784481     DEBUG main            d.u.i.k.p.i.AbstractProblemLoader Environment load took 97.2ns 
784482     INFO  main            d.u.i.k.p.i.AbstractProblemLoader Creating init config 
789635     DEBUG main            d.u.i.k.p.i.AbstractProblemLoader Init config took 5.15s 
789724     INFO  main            d.u.i.k.p.i.AbstractProblemLoader Replaying proof Sampler[ThreadSpec2::workingPermissions()].JML accessible clause.0 
789731     DEBUG main            d.u.i.k.p.i.IntermediateProofReplayer Proof replay took 5.57ms 
789731     DEBUG main            d.u.i.k.p.r.p.TestFile    ... success: reloaded. 
789732     INFO  main            d.u.i.k.p.r.p.TestFile    Now processing file /home/runner/work/key/key/key.core/../key.ui/examples/heap/permissions/mulleretal/ReadWrite_doRead_contract.key 
789733     INFO  main            d.u.i.k.p.i.AbstractProblemLoader Loading environment from /home/runner/work/key/key/key.core/../key.ui/examples/heap/permissions/mulleretal/ReadWrite_doRead_contract.key 
789733     DEBUG main            d.u.i.k.p.i.AbstractProblemLoader Environment load took 59.1ns 
789733     INFO  main            d.u.i.k.p.i.AbstractProblemLoader Creating init config 
792675     DEBUG main            d.u.i.k.p.i.AbstractProblemLoader Init config took 2.94s 
792711     INFO  main            d.u.i.k.p.i.AbstractProblemLoader Replaying proof ReadWrite[ReadWrite::doRead()].JML normal_behavior operation contract.0 
792713     DEBUG main            d.u.i.k.p.i.IntermediateProofReplayer Proof replay took 3.9ns 
794521     INFO  main            d.u.i.k.p.r.p.TestFile    ... finished proof: closed. 
795230     INFO  main            d.u.i.k.p.i.AbstractProblemLoader Loading environment from /home/runner/work/key/key/key.core/../key.ui/examples/heap/permissions/mulleretal/ReadWrite_doRead_contract.key.proof 
795230     DEBUG main            d.u.i.k.p.i.AbstractProblemLoader Environment load took 337.61ns 
795231     INFO  main            d.u.i.k.p.i.AbstractProblemLoader Creating init config 
798155     DEBUG main            d.u.i.k.p.i.AbstractProblemLoader Init config took 2.92s 
798192     INFO  main            d.u.i.k.p.i.AbstractProblemLoader Replaying proof ReadWrite[ReadWrite::doRead()].JML normal_behavior operation contract.0 
798622     DEBUG main            d.u.i.k.p.i.IntermediateProofReplayer Proof replay took 423.88ms 
798623     DEBUG main            d.u.i.k.p.r.p.TestFile    ... success: reloaded. 
798624     INFO  main            d.u.i.k.p.r.p.TestFile    Now processing file /home/runner/work/key/key/key.core/../key.ui/examples/heap/permissions/mulleretal/ReadWrite_doWrite_contract.key 
798624     INFO  main            d.u.i.k.p.i.AbstractProblemLoader Loading environment from /home/runner/work/key/key/key.core/../key.ui/examples/heap/permissions/mulleretal/ReadWrite_doWrite_contract.key 
798624     DEBUG main            d.u.i.k.p.i.AbstractProblemLoader Environment load took 106.8ns 
798625     INFO  main            d.u.i.k.p.i.AbstractProblemLoader Creating init config 
801612     DEBUG main            d.u.i.k.p.i.AbstractProblemLoader Init config took 2.99s 
801649     INFO  main            d.u.i.k.p.i.AbstractProblemLoader Replaying proof ReadWrite[ReadWrite::doWrite()].JML normal_behavior operation contract.0 
801650     DEBUG main            d.u.i.k.p.i.IntermediateProofReplayer Proof replay took 3.4ns 
803571     INFO  main            d.u.i.k.p.r.p.TestFile    ... finished proof: closed. 
804302     INFO  main            d.u.i.k.p.i.AbstractProblemLoader Loading environment from /home/runner/work/key/key/key.core/../key.ui/examples/heap/permissions/mulleretal/ReadWrite_doWrite_contract.key.proof 
804303     DEBUG main            d.u.i.k.p.i.AbstractProblemLoader Environment load took 101.9ns 
804304     INFO  main            d.u.i.k.p.i.AbstractProblemLoader Creating init config 
807202     DEBUG main            d.u.i.k.p.i.AbstractProblemLoader Init config took 2.9s 
807253     INFO  main            d.u.i.k.p.i.AbstractProblemLoader Replaying proof ReadWrite[ReadWrite::doWrite()].JML normal_behavior operation contract.0 
807715     DEBUG main            d.u.i.k.p.i.IntermediateProofReplayer Proof replay took 454.35ms 
807716     DEBUG main            d.u.i.k.p.r.p.TestFile    ... success: reloaded. 
807717     INFO  main            d.u.i.k.p.r.p.TestFile    Now processing file /home/runner/work/key/key/key.core/../key.ui/examples/heap/permissions/mulleretal/ReadWrite_read_contract.key 
807717     INFO  main            d.u.i.k.p.i.AbstractProblemLoader Loading environment from /home/runner/work/key/key/key.core/../key.ui/examples/heap/permissions/mulleretal/ReadWrite_read_contract.key 
807717     DEBUG main            d.u.i.k.p.i.AbstractProblemLoader Environment load took 102.1ns 
807718     INFO  main            d.u.i.k.p.i.AbstractProblemLoader Creating init config 
810751     DEBUG main            d.u.i.k.p.i.AbstractProblemLoader Init config took 3.03s 
810787     INFO  main            d.u.i.k.p.i.AbstractProblemLoader Replaying proof ReadWrite[ReadWrite::read()].JML normal_behavior operation contract.0 
810789     DEBUG main            d.u.i.k.p.i.IntermediateProofReplayer Proof replay took 3.7ns 
810892     INFO  main            d.u.i.k.p.r.p.TestFile    ... finished proof: closed. 
811618     INFO  main            d.u.i.k.p.i.AbstractProblemLoader Loading environment from /home/runner/work/key/key/key.core/../key.ui/examples/heap/permissions/mulleretal/ReadWrite_read_contract.key.proof 
811618     DEBUG main            d.u.i.k.p.i.AbstractProblemLoader Environment load took 92ns 
811619     INFO  main            d.u.i.k.p.i.AbstractProblemLoader Creating init config 
814538     DEBUG main            d.u.i.k.p.i.AbstractProblemLoader Init config took 2.92s 
814575     INFO  main            d.u.i.k.p.i.AbstractProblemLoader Replaying proof ReadWrite[ReadWrite::read()].JML normal_behavior operation contract.0 
814585     DEBUG main            d.u.i.k.p.i.IntermediateProofReplayer Proof replay took 8.04ms 
814585     DEBUG main            d.u.i.k.p.r.p.TestFile    ... success: reloaded. 
814586     INFO  main            d.u.i.k.p.r.p.TestFile    Now processing file /home/runner/work/key/key/key.core/../key.ui/examples/heap/permissions/mulleretal/ReadWrite_write_contract.key 
814586     INFO  main            d.u.i.k.p.i.AbstractProblemLoader Loading environment from /home/runner/work/key/key/key.core/../key.ui/examples/heap/permissions/mulleretal/ReadWrite_write_contract.key 
814587     DEBUG main            d.u.i.k.p.i.AbstractProblemLoader Environment load took 75.4ns 
814587     INFO  main            d.u.i.k.p.i.AbstractProblemLoader Creating init config 
817537     DEBUG main            d.u.i.k.p.i.AbstractProblemLoader Init config took 2.95s 
817574     INFO  main            d.u.i.k.p.i.AbstractProblemLoader Replaying proof ReadWrite[ReadWrite::write()].JML normal_behavior operation contract.0 
817579     DEBUG main            d.u.i.k.p.i.IntermediateProofReplayer Proof replay took 3.8ns 
817781     INFO  main            d.u.i.k.p.r.p.TestFile    ... finished proof: closed. 
818484     INFO  main            d.u.i.k.p.i.AbstractProblemLoader Loading environment from /home/runner/work/key/key/key.core/../key.ui/examples/heap/permissions/mulleretal/ReadWrite_write_contract.key.proof 
818484     DEBUG main            d.u.i.k.p.i.AbstractProblemLoader Environment load took 84.2ns 
818485     INFO  main            d.u.i.k.p.i.AbstractProblemLoader Creating init config 
821495     DEBUG main            d.u.i.k.p.i.AbstractProblemLoader Init config took 3.01s 
821532     INFO  main            d.u.i.k.p.i.AbstractProblemLoader Replaying proof ReadWrite[ReadWrite::write()].JML normal_behavior operation contract.0 
821561     DEBUG main            d.u.i.k.p.i.IntermediateProofReplayer Proof replay took 28.1ms 
821562     DEBUG main            d.u.i.k.p.r.p.TestFile    ... success: reloaded. 
821563     INFO  main            d.u.i.k.p.r.p.TestFile    Now processing file /home/runner/work/key/key/key.core/../key.ui/examples/heap/permissions/mulleretal/ReadWrite_inv1_accessible.key 
821563     INFO  main            d.u.i.k.p.i.AbstractProblemLoader Loading environment from /home/runner/work/key/key/key.core/../key.ui/examples/heap/permissions/mulleretal/ReadWrite_inv1_accessible.key 
821563     DEBUG main            d.u.i.k.p.i.AbstractProblemLoader Environment load took 85.8ns 
821564     INFO  main            d.u.i.k.p.i.AbstractProblemLoader Creating init config 
824662     DEBUG main            d.u.i.k.p.i.AbstractProblemLoader Init config took 3.1s 
824702     INFO  main            d.u.i.k.p.i.AbstractProblemLoader Replaying proof ReadWrite[java.lang.Object::<inv>()].JML accessible clause.0 
824703     DEBUG main            d.u.i.k.p.i.IntermediateProofReplayer Proof replay took 3.1ns 
824805     INFO  main            d.u.i.k.p.r.p.TestFile    ... finished proof: closed. 
825535     INFO  main            d.u.i.k.p.i.AbstractProblemLoader Loading environment from /home/runner/work/key/key/key.core/../key.ui/examples/heap/permissions/mulleretal/ReadWrite_inv1_accessible.key.proof 
825535     DEBUG main            d.u.i.k.p.i.AbstractProblemLoader Environment load took 96ns 
825536     INFO  main            d.u.i.k.p.i.AbstractProblemLoader Creating init config 
828581     DEBUG main            d.u.i.k.p.i.AbstractProblemLoader Init config took 3.05s 
828618     INFO  main            d.u.i.k.p.i.AbstractProblemLoader Replaying proof ReadWrite[java.lang.Object::<inv>()].JML accessible clause.0 
828621     DEBUG main            d.u.i.k.p.i.IntermediateProofReplayer Proof replay took 1.79ms 
828621     DEBUG main            d.u.i.k.p.r.p.TestFile    ... success: reloaded. 
828622     INFO  main            d.u.i.k.p.r.p.TestFile    Now processing file /home/runner/work/key/key/key.core/../key.ui/examples/heap/permissions/mulleretal/ReadWrite_inv2_accessible.key 
828622     INFO  main            d.u.i.k.p.i.AbstractProblemLoader Loading environment from /home/runner/work/key/key/key.core/../key.ui/examples/heap/permissions/mulleretal/ReadWrite_inv2_accessible.key 
828623     DEBUG main            d.u.i.k.p.i.AbstractProblemLoader Environment load took 66.6ns 
828623     INFO  main            d.u.i.k.p.i.AbstractProblemLoader Creating init config 
831656     DEBUG main            d.u.i.k.p.i.AbstractProblemLoader Init config took 3.03s 
831693     INFO  main            d.u.i.k.p.i.AbstractProblemLoader Replaying proof ReadWrite[java.lang.Object::<inv>()].JML accessible clause.1 
831694     DEBUG main            d.u.i.k.p.i.IntermediateProofReplayer Proof replay took 3.1ns 
831796     INFO  main            d.u.i.k.p.r.p.TestFile    ... finished proof: closed. 
832507     INFO  main            d.u.i.k.p.i.AbstractProblemLoader Loading environment from /home/runner/work/key/key/key.core/../key.ui/examples/heap/permissions/mulleretal/ReadWrite_inv2_accessible.key.proof 
832507     DEBUG main            d.u.i.k.p.i.AbstractProblemLoader Environment load took 84.3ns 
832508     INFO  main            d.u.i.k.p.i.AbstractProblemLoader Creating init config 
835396     DEBUG main            d.u.i.k.p.i.AbstractProblemLoader Init config took 2.89s 
835432     INFO  main            d.u.i.k.p.i.AbstractProblemLoader Replaying proof ReadWrite[java.lang.Object::<inv>()].JML accessible clause.1 
835435     DEBUG main            d.u.i.k.p.i.IntermediateProofReplayer Proof replay took 1.84ms 
835436     DEBUG main            d.u.i.k.p.r.p.TestFile    ... success: reloaded. 
835437     INFO  main            d.u.i.k.p.r.p.TestFile    Now processing file /home/runner/work/key/key/key.core/../key.ui/examples/heap/permissions/lockspec/Counter_lockConsistent_contract.key 
835437     INFO  main            d.u.i.k.p.i.AbstractProblemLoader Loading environment from /home/runner/work/key/key/key.core/../key.ui/examples/heap/permissions/lockspec/Counter_lockConsistent_contract.key 
835437     DEBUG main            d.u.i.k.p.i.AbstractProblemLoader Environment load took 51.1ns 
835438     INFO  main            d.u.i.k.p.i.AbstractProblemLoader Creating init config 
839108     DEBUG main            d.u.i.k.p.i.AbstractProblemLoader Init config took 3.67s 
839167     INFO  main            d.u.i.k.p.i.AbstractProblemLoader Replaying proof Counter[LockSpec::lockConsistent()].JML model_behavior operation contract.0 
839169     DEBUG main            d.u.i.k.p.i.IntermediateProofReplayer Proof replay took 3.6ns 
840274     INFO  main            d.u.i.k.p.r.p.TestFile    ... finished proof: closed. 
841025     INFO  main            d.u.i.k.p.i.AbstractProblemLoader Loading environment from /home/runner/work/key/key/key.core/../key.ui/examples/heap/permissions/lockspec/Counter_lockConsistent_contract.key.proof 
841025     DEBUG main            d.u.i.k.p.i.AbstractProblemLoader Environment load took 109.5ns 
841026     INFO  main            d.u.i.k.p.i.AbstractProblemLoader Creating init config 
844553     DEBUG main            d.u.i.k.p.i.AbstractProblemLoader Init config took 3.53s 
844630     INFO  main            d.u.i.k.p.i.AbstractProblemLoader Replaying proof Counter[LockSpec::lockConsistent()].JML model_behavior operation contract.0 
844826     DEBUG main            d.u.i.k.p.i.IntermediateProofReplayer Proof replay took 187.65ms 
844827     DEBUG main            d.u.i.k.p.r.p.TestFile    ... success: reloaded. 
844828     INFO  main            d.u.i.k.p.r.p.TestFile    Now processing file /home/runner/work/key/key/key.core/../key.ui/examples/heap/permissions/lockspec/Counter_increase_contract.key 
844828     INFO  main            d.u.i.k.p.i.AbstractProblemLoader Loading environment from /home/runner/work/key/key/key.core/../key.ui/examples/heap/permissions/lockspec/Counter_increase_contract.key 
844828     DEBUG main            d.u.i.k.p.i.AbstractProblemLoader Environment load took 74.9ns 
844829     INFO  main            d.u.i.k.p.i.AbstractProblemLoader Creating init config 
848376     DEBUG main            d.u.i.k.p.i.AbstractProblemLoader Init config took 3.55s 
848431     INFO  main            d.u.i.k.p.i.AbstractProblemLoader Replaying proof Counter[Counter::increase()].JML normal_behavior operation contract.0 
848437     DEBUG main            d.u.i.k.p.i.IntermediateProofReplayer Proof replay took 3.5ns 
850153     INFO  main            d.u.i.k.p.r.p.TestFile    ... finished proof: closed. 
850928     INFO  main            d.u.i.k.p.i.AbstractProblemLoader Loading environment from /home/runner/work/key/key/key.core/../key.ui/examples/heap/permissions/lockspec/Counter_increase_contract.key.proof 
850928     DEBUG main            d.u.i.k.p.i.AbstractProblemLoader Environment load took 412.81ns 
850930     INFO  main            d.u.i.k.p.i.AbstractProblemLoader Creating init config 
854542     DEBUG main            d.u.i.k.p.i.AbstractProblemLoader Init config took 3.61s 
854621     INFO  main            d.u.i.k.p.i.AbstractProblemLoader Replaying proof Counter[Counter::increase()].JML normal_behavior operation contract.0 
855220     DEBUG main            d.u.i.k.p.i.IntermediateProofReplayer Proof replay took 571.91ms 
855236     DEBUG main            d.u.i.k.p.r.p.TestFile    ... success: reloaded. 
855237     INFO  main            d.u.i.k.p.r.p.TestFile    Now processing file /home/runner/work/key/key/key.core/../key.ui/examples/heap/permissions/lockspec/Counter_fp_accessible.key 
855237     INFO  main            d.u.i.k.p.i.AbstractProblemLoader Loading environment from /home/runner/work/key/key/key.core/../key.ui/examples/heap/permissions/lockspec/Counter_fp_accessible.key 
855237     DEBUG main            d.u.i.k.p.i.AbstractProblemLoader Environment load took 47.1ns 
855238     INFO  main            d.u.i.k.p.i.AbstractProblemLoader Creating init config 
859065     DEBUG main            d.u.i.k.p.i.AbstractProblemLoader Init config took 3.83s 
859124     INFO  main            d.u.i.k.p.i.AbstractProblemLoader Replaying proof Counter[LockSpec::fp()].JML accessible clause.0 
859125     DEBUG main            d.u.i.k.p.i.IntermediateProofReplayer Proof replay took 3.1ns 
859227     INFO  main            d.u.i.k.p.r.p.TestFile    ... finished proof: closed. 
859934     INFO  main            d.u.i.k.p.i.AbstractProblemLoader Loading environment from /home/runner/work/key/key/key.core/../key.ui/examples/heap/permissions/lockspec/Counter_fp_accessible.key.proof 
859935     DEBUG main            d.u.i.k.p.i.AbstractProblemLoader Environment load took 86.5ns 
859935     INFO  main            d.u.i.k.p.i.AbstractProblemLoader Creating init config 
863344     DEBUG main            d.u.i.k.p.i.AbstractProblemLoader Init config took 3.41s 
863417     INFO  main            d.u.i.k.p.i.AbstractProblemLoader Replaying proof Counter[LockSpec::fp()].JML accessible clause.0 
863428     DEBUG main            d.u.i.k.p.i.IntermediateProofReplayer Proof replay took 9.37ms 
863429     DEBUG main            d.u.i.k.p.r.p.TestFile    ... success: reloaded. 
863430     INFO  main            d.u.i.k.p.r.p.TestFile    Now processing file /home/runner/work/key/key/key.core/../key.ui/examples/heap/permissions/lockspec/Counter_fpLock_accessible.key 
863430     INFO  main            d.u.i.k.p.i.AbstractProblemLoader Loading environment from /home/runner/work/key/key/key.core/../key.ui/examples/heap/permissions/lockspec/Counter_fpLock_accessible.key 
863430     DEBUG main            d.u.i.k.p.i.AbstractProblemLoader Environment load took 82.3ns 
863431     INFO  main            d.u.i.k.p.i.AbstractProblemLoader Creating init config 
866868     DEBUG main            d.u.i.k.p.i.AbstractProblemLoader Init config took 3.44s 
866924     INFO  main            d.u.i.k.p.i.AbstractProblemLoader Replaying proof Counter[LockSpec::fpLock()].JML accessible clause.0 
866926     DEBUG main            d.u.i.k.p.i.IntermediateProofReplayer Proof replay took 3.9ns 
867028     INFO  main            d.u.i.k.p.r.p.TestFile    ... finished proof: closed. 
867778     INFO  main            d.u.i.k.p.i.AbstractProblemLoader Loading environment from /home/runner/work/key/key/key.core/../key.ui/examples/heap/permissions/lockspec/Counter_fpLock_accessible.key.proof 
867778     DEBUG main            d.u.i.k.p.i.AbstractProblemLoader Environment load took 93.8ns 
867779     INFO  main            d.u.i.k.p.i.AbstractProblemLoader Creating init config 
871322     DEBUG main            d.u.i.k.p.i.AbstractProblemLoader Init config took 3.54s 
871391     INFO  main            d.u.i.k.p.i.AbstractProblemLoader Replaying proof Counter[LockSpec::fpLock()].JML accessible clause.0 
871404     DEBUG main            d.u.i.k.p.i.IntermediateProofReplayer Proof replay took 11.24ms 
871405     DEBUG main            d.u.i.k.p.r.p.TestFile    ... success: reloaded. 
871406     INFO  main            d.u.i.k.p.r.p.TestFile    Now processing file /home/runner/work/key/key/key.core/../key.ui/examples/heap/permissions/lockspec/Counter_fpPerm_accessible.key 
871407     INFO  main            d.u.i.k.p.i.AbstractProblemLoader Loading environment from /home/runner/work/key/key/key.core/../key.ui/examples/heap/permissions/lockspec/Counter_fpPerm_accessible.key 
871407     DEBUG main            d.u.i.k.p.i.AbstractProblemLoader Environment load took 207.91ns 
871408     INFO  main            d.u.i.k.p.i.AbstractProblemLoader Creating init config 
875049     DEBUG main            d.u.i.k.p.i.AbstractProblemLoader Init config took 3.64s 
875104     INFO  main            d.u.i.k.p.i.AbstractProblemLoader Replaying proof Counter[LockSpec::fpPerm()].JML accessible clause.0 
875105     DEBUG main            d.u.i.k.p.i.IntermediateProofReplayer Proof replay took 3.1ns 
875211     INFO  main            d.u.i.k.p.r.p.TestFile    ... finished proof: closed. 
875944     INFO  main            d.u.i.k.p.i.AbstractProblemLoader Loading environment from /home/runner/work/key/key/key.core/../key.ui/examples/heap/permissions/lockspec/Counter_fpPerm_accessible.key.proof 
875944     DEBUG main            d.u.i.k.p.i.AbstractProblemLoader Environment load took 89.4ns 
875945     INFO  main            d.u.i.k.p.i.AbstractProblemLoader Creating init config 
879493     DEBUG main            d.u.i.k.p.i.AbstractProblemLoader Init config took 3.55s 
879556     INFO  main            d.u.i.k.p.i.AbstractProblemLoader Replaying proof Counter[LockSpec::fpPerm()].JML accessible clause.0 
879569     DEBUG main            d.u.i.k.p.i.IntermediateProofReplayer Proof replay took 9.2ms 
879569     DEBUG main            d.u.i.k.p.r.p.TestFile    ... success: reloaded. 
879570     INFO  main            d.u.i.k.p.r.p.TestFile    Now processing file /home/runner/work/key/key/key.core/../key.ui/examples/heap/permissions/lockspec/Counter_inv_accessible1.key 
879571     INFO  main            d.u.i.k.p.i.AbstractProblemLoader Loading environment from /home/runner/work/key/key/key.core/../key.ui/examples/heap/permissions/lockspec/Counter_inv_accessible1.key 
879571     DEBUG main            d.u.i.k.p.i.AbstractProblemLoader Environment load took 172.9ns 
879572     INFO  main            d.u.i.k.p.i.AbstractProblemLoader Creating init config 
883324     DEBUG main            d.u.i.k.p.i.AbstractProblemLoader Init config took 3.75s 
883380     INFO  main            d.u.i.k.p.i.AbstractProblemLoader Replaying proof Counter[java.lang.Object::<inv>()].JML accessible clause.0 
883381     DEBUG main            d.u.i.k.p.i.IntermediateProofReplayer Proof replay took 3.7ns 
883483     INFO  main            d.u.i.k.p.r.p.TestFile    ... finished proof: closed. 
884225     INFO  main            d.u.i.k.p.i.AbstractProblemLoader Loading environment from /home/runner/work/key/key/key.core/../key.ui/examples/heap/permissions/lockspec/Counter_inv_accessible1.key.proof 
884226     DEBUG main            d.u.i.k.p.i.AbstractProblemLoader Environment load took 88.4ns 
884227     INFO  main            d.u.i.k.p.i.AbstractProblemLoader Creating init config 
887736     DEBUG main            d.u.i.k.p.i.AbstractProblemLoader Init config took 3.51s 
887802     INFO  main            d.u.i.k.p.i.AbstractProblemLoader Replaying proof Counter[java.lang.Object::<inv>()].JML accessible clause.0 
887817     DEBUG main            d.u.i.k.p.i.IntermediateProofReplayer Proof replay took 13.2ms 
887818     DEBUG main            d.u.i.k.p.r.p.TestFile    ... success: reloaded. 
887823     INFO  main            d.u.i.k.p.r.p.TestFile    Now processing file /home/runner/work/key/key/key.core/../key.ui/examples/heap/permissions/lockspec/Counter_inv_accessible2.key 
887823     INFO  main            d.u.i.k.p.i.AbstractProblemLoader Loading environment from /home/runner/work/key/key/key.core/../key.ui/examples/heap/permissions/lockspec/Counter_inv_accessible2.key 
887823     DEBUG main            d.u.i.k.p.i.AbstractProblemLoader Environment load took 193.6ns 
887824     INFO  main            d.u.i.k.p.i.AbstractProblemLoader Creating init config 
891417     DEBUG main            d.u.i.k.p.i.AbstractProblemLoader Init config took 3.59s 
891474     INFO  main            d.u.i.k.p.i.AbstractProblemLoader Replaying proof Counter[java.lang.Object::<inv>()].JML accessible clause.1 
891475     DEBUG main            d.u.i.k.p.i.IntermediateProofReplayer Proof replay took 3.3ns 
891578     INFO  main            d.u.i.k.p.r.p.TestFile    ... finished proof: closed. 
892333     INFO  main            d.u.i.k.p.i.AbstractProblemLoader Loading environment from /home/runner/work/key/key/key.core/../key.ui/examples/heap/permissions/lockspec/Counter_inv_accessible2.key.proof 
892333     DEBUG main            d.u.i.k.p.i.AbstractProblemLoader Environment load took 97.7ns 
892334     INFO  main            d.u.i.k.p.i.AbstractProblemLoader Creating init config 
895913     DEBUG main            d.u.i.k.p.i.AbstractProblemLoader Init config took 3.58s 
895978     INFO  main            d.u.i.k.p.i.AbstractProblemLoader Replaying proof Counter[java.lang.Object::<inv>()].JML accessible clause.1 
895992     DEBUG main            d.u.i.k.p.i.IntermediateProofReplayer Proof replay took 12.55ms 
895993     DEBUG main            d.u.i.k.p.r.p.TestFile    ... success: reloaded. 
895994     INFO  main            d.u.i.k.p.r.p.TestFile    Now processing file /home/runner/work/key/key/key.core/../key.ui/examples/heap/permissions/lockspec/Counter_lockRef_accessible.key 
895994     INFO  main            d.u.i.k.p.i.AbstractProblemLoader Loading environment from /home/runner/work/key/key/key.core/../key.ui/examples/heap/permissions/lockspec/Counter_lockRef_accessible.key 
895994     DEBUG main            d.u.i.k.p.i.AbstractProblemLoader Environment load took 156.1ns 
895995     INFO  main            d.u.i.k.p.i.AbstractProblemLoader Creating init config 
899585     DEBUG main            d.u.i.k.p.i.AbstractProblemLoader Init config took 3.59s 
899644     INFO  main            d.u.i.k.p.i.AbstractProblemLoader Replaying proof Counter[LockSpec::lockRef()].JML accessible clause.0 
899646     DEBUG main            d.u.i.k.p.i.IntermediateProofReplayer Proof replay took 3.2ns 
899848     INFO  main            d.u.i.k.p.r.p.TestFile    ... finished proof: closed. 
900622     INFO  main            d.u.i.k.p.i.AbstractProblemLoader Loading environment from /home/runner/work/key/key/key.core/../key.ui/examples/heap/permissions/lockspec/Counter_lockRef_accessible.key.proof 
900622     DEBUG main            d.u.i.k.p.i.AbstractProblemLoader Environment load took 107.5ns 
900623     INFO  main            d.u.i.k.p.i.AbstractProblemLoader Creating init config 
904128     DEBUG main            d.u.i.k.p.i.AbstractProblemLoader Init config took 3.5s 
904193     INFO  main            d.u.i.k.p.i.AbstractProblemLoader Replaying proof Counter[LockSpec::lockRef()].JML accessible clause.0 
904241     DEBUG main            d.u.i.k.p.i.IntermediateProofReplayer Proof replay took 45.91ms 
904242     DEBUG main            d.u.i.k.p.r.p.TestFile    ... success: reloaded. 
904243     INFO  main            d.u.i.k.p.r.p.TestFile    Now processing file /home/runner/work/key/key/key.core/../key.ui/examples/heap/permissions/lockspec/Counter_lockRef_contract1.key 
904243     INFO  main            d.u.i.k.p.i.AbstractProblemLoader Loading environment from /home/runner/work/key/key/key.core/../key.ui/examples/heap/permissions/lockspec/Counter_lockRef_contract1.key 
904243     DEBUG main            d.u.i.k.p.i.AbstractProblemLoader Environment load took 231.6ns 
904244     INFO  main            d.u.i.k.p.i.AbstractProblemLoader Creating init config 
907783     DEBUG main            d.u.i.k.p.i.AbstractProblemLoader Init config took 3.54s 
907864     INFO  main            d.u.i.k.p.i.AbstractProblemLoader Replaying proof Counter[LockSpec::lockRef()].JML model_behavior operation contract.0 
907866     DEBUG main            d.u.i.k.p.i.IntermediateProofReplayer Proof replay took 3.6ns 
907968     INFO  main            d.u.i.k.p.r.p.TestFile    ... finished proof: closed. 
908732     INFO  main            d.u.i.k.p.i.AbstractProblemLoader Loading environment from /home/runner/work/key/key/key.core/../key.ui/examples/heap/permissions/lockspec/Counter_lockRef_contract1.key.proof 
908732     DEBUG main            d.u.i.k.p.i.AbstractProblemLoader Environment load took 87.7ns 
908732     INFO  main            d.u.i.k.p.i.AbstractProblemLoader Creating init config 
912227     DEBUG main            d.u.i.k.p.i.AbstractProblemLoader Init config took 3.49s 
912298     INFO  main            d.u.i.k.p.i.AbstractProblemLoader Replaying proof Counter[LockSpec::lockRef()].JML model_behavior operation contract.0 
912305     DEBUG main            d.u.i.k.p.i.IntermediateProofReplayer Proof replay took 5.17ms 
912305     DEBUG main            d.u.i.k.p.r.p.TestFile    ... success: reloaded. 
912306     INFO  main            d.u.i.k.p.r.p.TestFile    Now processing file /home/runner/work/key/key/key.core/../key.ui/examples/heap/permissions/lockspec/Counter_lockRef_contract2.key 
912307     INFO  main            d.u.i.k.p.i.AbstractProblemLoader Loading environment from /home/runner/work/key/key/key.core/../key.ui/examples/heap/permissions/lockspec/Counter_lockRef_contract2.key 
912307     DEBUG main            d.u.i.k.p.i.AbstractProblemLoader Environment load took 276.31ns 
912308     INFO  main            d.u.i.k.p.i.AbstractProblemLoader Creating init config 
915907     DEBUG main            d.u.i.k.p.i.AbstractProblemLoader Init config took 3.6s 
915985     INFO  main            d.u.i.k.p.i.AbstractProblemLoader Replaying proof Counter[Counter::lockRef()].JML model_behavior operation contract.0 
915987     DEBUG main            d.u.i.k.p.i.IntermediateProofReplayer Proof replay took 3.6ns 
916092     INFO  main            d.u.i.k.p.r.p.TestFile    ... finished proof: closed. 
916844     INFO  main            d.u.i.k.p.i.AbstractProblemLoader Loading environment from /home/runner/work/key/key/key.core/../key.ui/examples/heap/permissions/lockspec/Counter_lockRef_contract2.key.proof 
916845     DEBUG main            d.u.i.k.p.i.AbstractProblemLoader Environment load took 88.9ns 
916845     INFO  main            d.u.i.k.p.i.AbstractProblemLoader Creating init config 
920396     DEBUG main            d.u.i.k.p.i.AbstractProblemLoader Init config took 3.55s 
920461     INFO  main            d.u.i.k.p.i.AbstractProblemLoader Replaying proof Counter[Counter::lockRef()].JML model_behavior operation contract.0 
920467     DEBUG main            d.u.i.k.p.i.IntermediateProofReplayer Proof replay took 4.63ms 
920468     DEBUG main            d.u.i.k.p.r.p.TestFile    ... success: reloaded. 
920469     INFO  main            d.u.i.k.p.r.p.TestFile    Now processing file /home/runner/work/key/key/key.core/../key.ui/examples/heap/permissions/lockspec/Counter_lockState_accessible.key 
920470     INFO  main            d.u.i.k.p.i.AbstractProblemLoader Loading environment from /home/runner/work/key/key/key.core/../key.ui/examples/heap/permissions/lockspec/Counter_lockState_accessible.key 
920470     DEBUG main            d.u.i.k.p.i.AbstractProblemLoader Environment load took 184.1ns 
920471     INFO  main            d.u.i.k.p.i.AbstractProblemLoader Creating init config 
924116     DEBUG main            d.u.i.k.p.i.AbstractProblemLoader Init config took 3.65s 
924173     INFO  main            d.u.i.k.p.i.AbstractProblemLoader Replaying proof Counter[LockSpec::lockState(boolean)].JML accessible clause.0 
924175     DEBUG main            d.u.i.k.p.i.IntermediateProofReplayer Proof replay took 3.5ns 
924478     INFO  main            d.u.i.k.p.r.p.TestFile    ... finished proof: closed. 
925263     INFO  main            d.u.i.k.p.i.AbstractProblemLoader Loading environment from /home/runner/work/key/key/key.core/../key.ui/examples/heap/permissions/lockspec/Counter_lockState_accessible.key.proof 
925263     DEBUG main            d.u.i.k.p.i.AbstractProblemLoader Environment load took 90.7ns 
925264     INFO  main            d.u.i.k.p.i.AbstractProblemLoader Creating init config 
928988     DEBUG main            d.u.i.k.p.i.AbstractProblemLoader Init config took 3.72s 
929054     INFO  main            d.u.i.k.p.i.AbstractProblemLoader Replaying proof Counter[LockSpec::lockState(boolean)].JML accessible clause.0 
929145     DEBUG main            d.u.i.k.p.i.IntermediateProofReplayer Proof replay took 86.18ms 
929145     DEBUG main            d.u.i.k.p.r.p.TestFile    ... success: reloaded. 
929146     INFO  main            d.u.i.k.p.r.p.TestFile    Now processing file /home/runner/work/key/key/key.core/../key.ui/examples/heap/permissions/lockspec/Counter_lockStatus_accessible.key 
929149     INFO  main            d.u.i.k.p.i.AbstractProblemLoader Loading environment from /home/runner/work/key/key/key.core/../key.ui/examples/heap/permissions/lockspec/Counter_lockStatus_accessible.key 
929149     DEBUG main            d.u.i.k.p.i.AbstractProblemLoader Environment load took 116.3ns 
929150     INFO  main            d.u.i.k.p.i.AbstractProblemLoader Creating init config 
932824     DEBUG main            d.u.i.k.p.i.AbstractProblemLoader Init config took 3.67s 
932886     INFO  main            d.u.i.k.p.i.AbstractProblemLoader Replaying proof Counter[LockSpec::lockStatus(boolean)].JML accessible clause.0 
932887     DEBUG main            d.u.i.k.p.i.IntermediateProofReplayer Proof replay took 3.6ns 
932990     INFO  main            d.u.i.k.p.r.p.TestFile    ... finished proof: closed. 
933764     INFO  main            d.u.i.k.p.i.AbstractProblemLoader Loading environment from /home/runner/work/key/key/key.core/../key.ui/examples/heap/permissions/lockspec/Counter_lockStatus_accessible.key.proof 
933764     DEBUG main            d.u.i.k.p.i.AbstractProblemLoader Environment load took 88.3ns 
933765     INFO  main            d.u.i.k.p.i.AbstractProblemLoader Creating init config 
937318     DEBUG main            d.u.i.k.p.i.AbstractProblemLoader Init config took 3.55s 
937383     INFO  main            d.u.i.k.p.i.AbstractProblemLoader Replaying proof Counter[LockSpec::lockStatus(boolean)].JML accessible clause.0 
937411     DEBUG main            d.u.i.k.p.i.IntermediateProofReplayer Proof replay took 25.52ms 
937412     DEBUG main            d.u.i.k.p.r.p.TestFile    ... success: reloaded. 
937413     INFO  main            d.u.i.k.p.r.p.TestFile    Now processing file /home/runner/work/key/key/key.core/../key.ui/examples/heap/permissions/lockspec/Counter_lockTransfer_accessible.key 
937413     INFO  main            d.u.i.k.p.i.AbstractProblemLoader Loading environment from /home/runner/work/key/key/key.core/../key.ui/examples/heap/permissions/lockspec/Counter_lockTransfer_accessible.key 
937413     DEBUG main            d.u.i.k.p.i.AbstractProblemLoader Environment load took 179ns 
937414     INFO  main            d.u.i.k.p.i.AbstractProblemLoader Creating init config 
940989     DEBUG main            d.u.i.k.p.i.AbstractProblemLoader Init config took 3.57s 
941045     INFO  main            d.u.i.k.p.i.AbstractProblemLoader Replaying proof Counter[LockSpec::lockTransfer()].JML accessible clause.0 
941046     DEBUG main            d.u.i.k.p.i.IntermediateProofReplayer Proof replay took 3ns 
941349     INFO  main            d.u.i.k.p.r.p.TestFile    ... finished proof: closed. 
942127     INFO  main            d.u.i.k.p.i.AbstractProblemLoader Loading environment from /home/runner/work/key/key/key.core/../key.ui/examples/heap/permissions/lockspec/Counter_lockTransfer_accessible.key.proof 
942127     DEBUG main            d.u.i.k.p.i.AbstractProblemLoader Environment load took 144.7ns 
942128     INFO  main            d.u.i.k.p.i.AbstractProblemLoader Creating init config 
945627     DEBUG main            d.u.i.k.p.i.AbstractProblemLoader Init config took 3.5s 
945691     INFO  main            d.u.i.k.p.i.AbstractProblemLoader Replaying proof Counter[LockSpec::lockTransfer()].JML accessible clause.0 
945767     DEBUG main            d.u.i.k.p.i.IntermediateProofReplayer Proof replay took 72.32ms 
945768     DEBUG main            d.u.i.k.p.r.p.TestFile    ... success: reloaded. 
945769     INFO  main            d.u.i.k.p.r.p.TestFile    Now processing file /home/runner/work/key/key/key.core/../key.ui/examples/heap/permissions/lockspec/Counter_unlockTransfer_accessible.key 
945769     INFO  main            d.u.i.k.p.i.AbstractProblemLoader Loading environment from /home/runner/work/key/key/key.core/../key.ui/examples/heap/permissions/lockspec/Counter_unlockTransfer_accessible.key 
945769     DEBUG main            d.u.i.k.p.i.AbstractProblemLoader Environment load took 271ns 
945771     INFO  main            d.u.i.k.p.i.AbstractProblemLoader Creating init config 
949317     DEBUG main            d.u.i.k.p.i.AbstractProblemLoader Init config took 3.55s 
949372     INFO  main            d.u.i.k.p.i.AbstractProblemLoader Replaying proof Counter[LockSpec::unlockTransfer()].JML accessible clause.0 
949374     DEBUG main            d.u.i.k.p.i.IntermediateProofReplayer Proof replay took 3.8ns 
949677     INFO  main            d.u.i.k.p.r.p.TestFile    ... finished proof: closed. 
950482     INFO  main            d.u.i.k.p.i.AbstractProblemLoader Loading environment from /home/runner/work/key/key/key.core/../key.ui/examples/heap/permissions/lockspec/Counter_unlockTransfer_accessible.key.proof 
950482     DEBUG main            d.u.i.k.p.i.AbstractProblemLoader Environment load took 91.4ns 
950483     INFO  main            d.u.i.k.p.i.AbstractProblemLoader Creating init config 
953937     DEBUG main            d.u.i.k.p.i.AbstractProblemLoader Init config took 3.45s 
954004     INFO  main            d.u.i.k.p.i.AbstractProblemLoader Replaying proof Counter[LockSpec::unlockTransfer()].JML accessible clause.0 
954085     DEBUG main            d.u.i.k.p.i.IntermediateProofReplayer Proof replay took 77.77ms 
954087     DEBUG main            d.u.i.k.p.r.p.TestFile    ... success: reloaded. 
954088     INFO  main            d.u.i.k.p.r.p.TestFile    Now processing file /home/runner/work/key/key/key.core/../key.ui/examples/heap/permissions/threads/Plotter_startTransfer_contract.proof 
954088     INFO  main            d.u.i.k.p.i.AbstractProblemLoader Loading environment from /home/runner/work/key/key/key.core/../key.ui/examples/heap/permissions/threads/Plotter_startTransfer_contract.proof 
954088     DEBUG main            d.u.i.k.p.i.AbstractProblemLoader Environment load took 303.61ns 
954090     INFO  main            d.u.i.k.p.i.AbstractProblemLoader Creating init config 
959598     DEBUG main            d.u.i.k.p.i.AbstractProblemLoader Init config took 5.51s 
959698     INFO  main            d.u.i.k.p.i.AbstractProblemLoader Replaying proof Plotter[ThreadSpec2::startTransfer()].JML model_behavior operation contract.0 
959858     DEBUG main            d.u.i.k.p.i.IntermediateProofReplayer Proof replay took 147.87ms 
959859     INFO  main            d.u.i.k.p.r.p.TestFile    ... success: loaded 
959860     INFO  main            d.u.i.k.p.r.p.TestFile    Now processing file /home/runner/work/key/key/key.core/../key.ui/examples/heap/permissions/threads/Plotter_startTransfer_accessible.proof 
959861     INFO  main            d.u.i.k.p.i.AbstractProblemLoader Loading environment from /home/runner/work/key/key/key.core/../key.ui/examples/heap/permissions/threads/Plotter_startTransfer_accessible.proof 
959861     DEBUG main            d.u.i.k.p.i.AbstractProblemLoader Environment load took 173.3ns 
959862     INFO  main            d.u.i.k.p.i.AbstractProblemLoader Creating init config 
965262     DEBUG main            d.u.i.k.p.i.AbstractProblemLoader Init config took 5.4s 
965349     INFO  main            d.u.i.k.p.i.AbstractProblemLoader Replaying proof Plotter[ThreadSpec2::startTransfer()].JML accessible clause.0 
965478     DEBUG main            d.u.i.k.p.i.IntermediateProofReplayer Proof replay took 125.67ms 
965479     INFO  main            d.u.i.k.p.r.p.TestFile    ... success: loaded 
965480     INFO  main            d.u.i.k.p.r.p.TestFile    Now processing file /home/runner/work/key/key/key.core/../key.ui/examples/heap/permissions/threads/Plotter_joinTransfer_accessible.proof 
965480     INFO  main            d.u.i.k.p.i.AbstractProblemLoader Loading environment from /home/runner/work/key/key/key.core/../key.ui/examples/heap/permissions/threads/Plotter_joinTransfer_accessible.proof 
965480     DEBUG main            d.u.i.k.p.i.AbstractProblemLoader Environment load took 83.4ns 
965481     INFO  main            d.u.i.k.p.i.AbstractProblemLoader Creating init config 
970846     DEBUG main            d.u.i.k.p.i.AbstractProblemLoader Init config took 5.37s 
970948     INFO  main            d.u.i.k.p.i.AbstractProblemLoader Replaying proof Plotter[ThreadSpec2::joinTransfer()].JML accessible clause.0 
970957     WARN  main            d.u.i.k.p.i.IntermediateProofReplayer Proof contains wrong number of \assumes instatiations for Definition_axiom_for_stateInv_in_Plotter 
970960     WARN  main            d.u.i.k.p.i.IntermediateProofReplayer Proof contains wrong number of \assumes instatiations for Definition_axiom_for_stateInv_in_Plotter 
970963     WARN  main            d.u.i.k.p.i.IntermediateProofReplayer Proof contains wrong number of \assumes instatiations for Definition_axiom_for_workingPermissions_in_Plotter 
970964     WARN  main            d.u.i.k.p.i.IntermediateProofReplayer Proof contains wrong number of \assumes instatiations for Definition_axiom_for_staticPermissions_in_Plotter 
970966     WARN  main            d.u.i.k.p.i.IntermediateProofReplayer Proof contains wrong number of \assumes instatiations for Definition_axiom_for_joinTransfer_in_Plotter 
970968     WARN  main            d.u.i.k.p.i.IntermediateProofReplayer Proof contains wrong number of \assumes instatiations for Definition_axiom_for_stateInv_in_BFilter 
970970     WARN  main            d.u.i.k.p.i.IntermediateProofReplayer Proof contains wrong number of \assumes instatiations for Definition_axiom_for_stateInv_in_AFilter 
970972     WARN  main            d.u.i.k.p.i.IntermediateProofReplayer Proof contains wrong number of \assumes instatiations for Definition_axiom_for_stateInv_in_BFilter 
970974     WARN  main            d.u.i.k.p.i.IntermediateProofReplayer Proof contains wrong number of \assumes instatiations for Definition_axiom_for_stateInv_in_AFilter 
970980     WARN  main            d.u.i.k.p.i.IntermediateProofReplayer Proof contains wrong number of \assumes instatiations for Definition_axiom_for_staticPermissions_in_AFilter 
970981     WARN  main            d.u.i.k.p.i.IntermediateProofReplayer Proof contains wrong number of \assumes instatiations for Definition_axiom_for_staticPermissions_in_Plotter 
970983     WARN  main            d.u.i.k.p.i.IntermediateProofReplayer Proof contains wrong number of \assumes instatiations for Definition_axiom_for_staticPermissions_in_BFilter 
970984     WARN  main            d.u.i.k.p.i.IntermediateProofReplayer Proof contains wrong number of \assumes instatiations for Definition_axiom_for_workingPermissions_in_Plotter 
970985     WARN  main            d.u.i.k.p.i.IntermediateProofReplayer Proof contains wrong number of \assumes instatiations for Definition_axiom_for_stateInv_in_Sampler 
970986     WARN  main            d.u.i.k.p.i.IntermediateProofReplayer Proof contains wrong number of \assumes instatiations for Definition_axiom_for_stateInv_in_Sampler 
970987     WARN  main            d.u.i.k.p.i.IntermediateProofReplayer Proof contains wrong number of \assumes instatiations for Definition_axiom_for_staticPermissions_in_Sampler 
970988     WARN  main            d.u.i.k.p.i.IntermediateProofReplayer Proof contains wrong number of \assumes instatiations for Definition_axiom_for_staticPermissions_in_BFilter 
970989     WARN  main            d.u.i.k.p.i.IntermediateProofReplayer Proof contains wrong number of \assumes instatiations for Definition_axiom_for_staticPermissions_in_AFilter 
970990     WARN  main            d.u.i.k.p.i.IntermediateProofReplayer Proof contains wrong number of \assumes instatiations for Definition_axiom_for_staticPermissions_in_Sampler 
970991     WARN  main            d.u.i.k.p.i.IntermediateProofReplayer Proof contains wrong number of \assumes instatiations for Definition_axiom_for_staticPermissions_in_Sampler 
970992     WARN  main            d.u.i.k.p.i.IntermediateProofReplayer Proof contains wrong number of \assumes instatiations for Definition_axiom_for_staticPermissions_in_Sampler 
970993     WARN  main            d.u.i.k.p.i.IntermediateProofReplayer Proof contains wrong number of \assumes instatiations for Definition_axiom_for_joinTransfer_in_Plotter 
971099     DEBUG main            d.u.i.k.p.i.IntermediateProofReplayer Proof replay took 146.04ms 
971099     INFO  main            d.u.i.k.p.r.p.TestFile    ... success: loaded 
5915851    INFO  Test worker     d.u.i.k.p.r.RunAllProofsTestUnit Returning from test permissionHeap 
5915852    INFO  Test worker     d.u.i.k.p.r.RunAllProofsTestUnit Running test completionScopes 
397        INFO  Timeout watchdog d.u.i.k.p.r.p.ForkedTestFileRunner Timeout watcher launched (2000 secs.) 
414        WARN  main            d.u.i.k.s.ProofSettings   The settings in /home/runner/.key/proof-settings.props are *not* read. 
467        INFO  main            d.u.i.k.p.r.p.TestFile    Now processing file /home/runner/work/key/key/key.core/../key.ui/examples/completionscopes/testCcatchReturnVal.key 
658        INFO  main            d.u.i.k.p.i.AbstractProblemLoader Loading environment from /home/runner/work/key/key/key.core/../key.ui/examples/completionscopes/testCcatchReturnVal.key 
676        DEBUG main            d.u.i.k.p.i.AbstractProblemLoader Environment load took 2.11ms 
965        INFO  main            d.u.i.k.p.i.AbstractProblemLoader Creating init config 
2028       DEBUG main            d.u.i.k.j.TypeConverter   No LDT found for Meta 
2033       DEBUG main            d.u.i.k.j.TypeConverter   No LDT found for Meta 
2036       DEBUG main            d.u.i.k.j.TypeConverter   No LDT found for Meta 
2037       DEBUG main            d.u.i.k.j.TypeConverter   No LDT found for Meta 
3551       DEBUG main            d.u.i.k.j.TypeConverter   No LDT found for JavaBigintExpression 
8847       DEBUG main            d.u.i.k.p.i.AbstractProblemLoader Init config took 7.88s 
9055       INFO  main            d.u.i.k.p.i.AbstractProblemLoader Replaying proof CompletionScopes[CompletionScopes::testCcatchReturnVal()].JML normal_behavior operation contract.0 
9102       DEBUG main            d.u.i.k.p.i.IntermediateProofReplayer Proof replay took 35.8ns 
9669       INFO  main            d.u.i.k.p.r.p.TestFile    ... finished proof: closed. 
9818       INFO  main            d.u.i.k.p.i.AbstractProblemLoader Loading environment from /home/runner/work/key/key/key.core/../key.ui/examples/completionscopes/testCcatchReturnVal.key.proof 
9820       DEBUG main            d.u.i.k.p.i.AbstractProblemLoader Environment load took 1.69ms 
9823       INFO  main            d.u.i.k.p.i.AbstractProblemLoader Creating init config 
13029      DEBUG main            d.u.i.k.p.i.AbstractProblemLoader Init config took 3.21s 
13105      INFO  main            d.u.i.k.p.i.AbstractProblemLoader Replaying proof CompletionScopes[CompletionScopes::testCcatchReturnVal()].JML normal_behavior operation contract.0 
13150      DEBUG main            d.u.i.k.p.i.IntermediateProofReplayer Proof replay took 39.7ms 
13157      DEBUG main            d.u.i.k.p.r.p.TestFile    ... success: reloaded. 
13159      INFO  main            d.u.i.k.p.r.p.TestFile    Now processing file /home/runner/work/key/key/key.core/../key.ui/examples/completionscopes/testMultCcatchClauses.key 
13159      INFO  main            d.u.i.k.p.i.AbstractProblemLoader Loading environment from /home/runner/work/key/key/key.core/../key.ui/examples/completionscopes/testMultCcatchClauses.key 
13160      DEBUG main            d.u.i.k.p.i.AbstractProblemLoader Environment load took 233.1ns 
13161      INFO  main            d.u.i.k.p.i.AbstractProblemLoader Creating init config 
16292      DEBUG main            d.u.i.k.p.i.AbstractProblemLoader Init config took 3.13s 
16357      INFO  main            d.u.i.k.p.i.AbstractProblemLoader Replaying proof CompletionScopes[CompletionScopes::testMultCcatchClauses()].JML normal_behavior operation contract.0 
16360      DEBUG main            d.u.i.k.p.i.IntermediateProofReplayer Proof replay took 7.2ns 
16767      INFO  main            d.u.i.k.p.r.p.TestFile    ... finished proof: closed. 
16928      INFO  main            d.u.i.k.p.i.AbstractProblemLoader Loading environment from /home/runner/work/key/key/key.core/../key.ui/examples/completionscopes/testMultCcatchClauses.key.proof 
16930      DEBUG main            d.u.i.k.p.i.AbstractProblemLoader Environment load took 1.82ms 
16932      INFO  main            d.u.i.k.p.i.AbstractProblemLoader Creating init config 
19905      DEBUG main            d.u.i.k.p.i.AbstractProblemLoader Init config took 2.97s 
19964      INFO  main            d.u.i.k.p.i.AbstractProblemLoader Replaying proof CompletionScopes[CompletionScopes::testMultCcatchClauses()].JML normal_behavior operation contract.0 
20062      DEBUG main            d.u.i.k.p.i.IntermediateProofReplayer Proof replay took 94.14ms 
20063      DEBUG main            d.u.i.k.p.r.p.TestFile    ... success: reloaded. 
20065      INFO  main            d.u.i.k.p.r.p.TestFile    Now processing file /home/runner/work/key/key/key.core/../key.ui/examples/completionscopes/testNestedExec.key 
20065      INFO  main            d.u.i.k.p.i.AbstractProblemLoader Loading environment from /home/runner/work/key/key/key.core/../key.ui/examples/completionscopes/testNestedExec.key 
20066      DEBUG main            d.u.i.k.p.i.AbstractProblemLoader Environment load took 212.51ns 
20067      INFO  main            d.u.i.k.p.i.AbstractProblemLoader Creating init config 
22981      DEBUG main            d.u.i.k.p.i.AbstractProblemLoader Init config took 2.91s 
23038      INFO  main            d.u.i.k.p.i.AbstractProblemLoader Replaying proof CompletionScopes[CompletionScopes::testMultCcatchClauses()].JML normal_behavior operation contract.0 
23041      DEBUG main            d.u.i.k.p.i.IntermediateProofReplayer Proof replay took 7.9ns 
23444      INFO  main            d.u.i.k.p.r.p.TestFile    ... finished proof: closed. 
23617      INFO  main            d.u.i.k.p.i.AbstractProblemLoader Loading environment from /home/runner/work/key/key/key.core/../key.ui/examples/completionscopes/testNestedExec.key.proof 
23617      DEBUG main            d.u.i.k.p.i.AbstractProblemLoader Environment load took 141ns 
23623      INFO  main            d.u.i.k.p.i.AbstractProblemLoader Creating init config 
26567      DEBUG main            d.u.i.k.p.i.AbstractProblemLoader Init config took 2.94s 
26640      INFO  main            d.u.i.k.p.i.AbstractProblemLoader Replaying proof CompletionScopes[CompletionScopes::testMultCcatchClauses()].JML normal_behavior operation contract.0 
26728      DEBUG main            d.u.i.k.p.i.IntermediateProofReplayer Proof replay took 84.4ms 
26730      DEBUG main            d.u.i.k.p.r.p.TestFile    ... success: reloaded. 
26731      INFO  main            d.u.i.k.p.r.p.TestFile    Now processing file /home/runner/work/key/key/key.core/../key.ui/examples/completionscopes/testCcatchBreakLabel.key 
26731      INFO  main            d.u.i.k.p.i.AbstractProblemLoader Loading environment from /home/runner/work/key/key/key.core/../key.ui/examples/completionscopes/testCcatchBreakLabel.key 
26732      DEBUG main            d.u.i.k.p.i.AbstractProblemLoader Environment load took 196.71ns 
26733      INFO  main            d.u.i.k.p.i.AbstractProblemLoader Creating init config 
29676      DEBUG main            d.u.i.k.p.i.AbstractProblemLoader Init config took 2.94s 
29729      INFO  main            d.u.i.k.p.i.AbstractProblemLoader Replaying proof CompletionScopes[CompletionScopes::testBreakLabel()].JML normal_behavior operation contract.0 
29732      DEBUG main            d.u.i.k.p.i.IntermediateProofReplayer Proof replay took 7.1ns 
29751      DEBUG Thread-10       d.u.i.k.l.o.ProgramSV     Match failed: Former match of  SchemaVariable incompatible with  the current match. 
29834      INFO  main            d.u.i.k.p.r.p.TestFile    ... finished proof: closed. 
30002      INFO  main            d.u.i.k.p.i.AbstractProblemLoader Loading environment from /home/runner/work/key/key/key.core/../key.ui/examples/completionscopes/testCcatchBreakLabel.key.proof 
30002      DEBUG main            d.u.i.k.p.i.AbstractProblemLoader Environment load took 143.9ns 
30004      INFO  main            d.u.i.k.p.i.AbstractProblemLoader Creating init config 
32934      DEBUG main            d.u.i.k.p.i.AbstractProblemLoader Init config took 2.93s 
32985      INFO  main            d.u.i.k.p.i.AbstractProblemLoader Replaying proof CompletionScopes[CompletionScopes::testBreakLabel()].JML normal_behavior operation contract.0 
32996      DEBUG main            d.u.i.k.p.i.IntermediateProofReplayer Proof replay took 8.76ms 
32997      DEBUG main            d.u.i.k.p.r.p.TestFile    ... success: reloaded. 
32998      INFO  main            d.u.i.k.p.r.p.TestFile    Now processing file /home/runner/work/key/key/key.core/../key.ui/examples/completionscopes/testCcatchContinueLabel.key 
32999      INFO  main            d.u.i.k.p.i.AbstractProblemLoader Loading environment from /home/runner/work/key/key/key.core/../key.ui/examples/completionscopes/testCcatchContinueLabel.key 
32999      DEBUG main            d.u.i.k.p.i.AbstractProblemLoader Environment load took 200.3ns 
33000      INFO  main            d.u.i.k.p.i.AbstractProblemLoader Creating init config 
35961      DEBUG main            d.u.i.k.p.i.AbstractProblemLoader Init config took 2.96s 
36011      INFO  main            d.u.i.k.p.i.AbstractProblemLoader Replaying proof CompletionScopes[CompletionScopes::testContinueLabel()].JML normal_behavior operation contract.0 
36013      DEBUG main            d.u.i.k.p.i.IntermediateProofReplayer Proof replay took 7.1ns 
36038      DEBUG Thread-13       d.u.i.k.l.o.ProgramSV     Match failed: Former match of  SchemaVariable incompatible with  the current match. 
36119      INFO  main            d.u.i.k.p.r.p.TestFile    ... finished proof: closed. 
36289      INFO  main            d.u.i.k.p.i.AbstractProblemLoader Loading environment from /home/runner/work/key/key/key.core/../key.ui/examples/completionscopes/testCcatchContinueLabel.key.proof 
36289      DEBUG main            d.u.i.k.p.i.AbstractProblemLoader Environment load took 160.41ns 
36291      INFO  main            d.u.i.k.p.i.AbstractProblemLoader Creating init config 
39235      DEBUG main            d.u.i.k.p.i.AbstractProblemLoader Init config took 2.94s 
39286      INFO  main            d.u.i.k.p.i.AbstractProblemLoader Replaying proof CompletionScopes[CompletionScopes::testContinueLabel()].JML normal_behavior operation contract.0 
39298      DEBUG main            d.u.i.k.p.i.IntermediateProofReplayer Proof replay took 10.36ms 
39299      DEBUG main            d.u.i.k.p.r.p.TestFile    ... success: reloaded. 
39300      INFO  main            d.u.i.k.p.r.p.TestFile    Now processing file /home/runner/work/key/key/key.core/../key.ui/examples/completionscopes/testCcatchBreakLabelWildcard.key 
39301      INFO  main            d.u.i.k.p.i.AbstractProblemLoader Loading environment from /home/runner/work/key/key/key.core/../key.ui/examples/completionscopes/testCcatchBreakLabelWildcard.key 
39301      DEBUG main            d.u.i.k.p.i.AbstractProblemLoader Environment load took 111.5ns 
39302      INFO  main            d.u.i.k.p.i.AbstractProblemLoader Creating init config 
42240      DEBUG main            d.u.i.k.p.i.AbstractProblemLoader Init config took 2.94s 
42299      INFO  main            d.u.i.k.p.i.AbstractProblemLoader Replaying proof CompletionScopes[CompletionScopes::testBreakLabelWildcard()].JML normal_behavior operation contract.0 
42302      DEBUG main            d.u.i.k.p.i.IntermediateProofReplayer Proof replay took 8.4ns 
42329      DEBUG Thread-16       d.u.i.k.l.o.ProgramSV     Match failed: Former match of  SchemaVariable incompatible with  the current match. 
42331      DEBUG Thread-16       d.u.i.k.l.o.ProgramSV     Match failed: Former match of  SchemaVariable incompatible with  the current match. 
42411      INFO  main            d.u.i.k.p.r.p.TestFile    ... finished proof: closed. 
42607      INFO  main            d.u.i.k.p.i.AbstractProblemLoader Loading environment from /home/runner/work/key/key/key.core/../key.ui/examples/completionscopes/testCcatchBreakLabelWildcard.key.proof 
42607      DEBUG main            d.u.i.k.p.i.AbstractProblemLoader Environment load took 148.61ns 
42608      INFO  main            d.u.i.k.p.i.AbstractProblemLoader Creating init config 
45412      DEBUG main            d.u.i.k.p.i.AbstractProblemLoader Init config took 2.8s 
45473      INFO  main            d.u.i.k.p.i.AbstractProblemLoader Replaying proof CompletionScopes[CompletionScopes::testBreakLabelWildcard()].JML normal_behavior operation contract.0 
45484      DEBUG main            d.u.i.k.p.i.IntermediateProofReplayer Proof replay took 8.78ms 
45485      DEBUG main            d.u.i.k.p.r.p.TestFile    ... success: reloaded. 
45486      INFO  main            d.u.i.k.p.r.p.TestFile    Now processing file /home/runner/work/key/key/key.core/../key.ui/examples/completionscopes/testCcatchContinueLabelWildcard.key 
45487      INFO  main            d.u.i.k.p.i.AbstractProblemLoader Loading environment from /home/runner/work/key/key/key.core/../key.ui/examples/completionscopes/testCcatchContinueLabelWildcard.key 
45487      DEBUG main            d.u.i.k.p.i.AbstractProblemLoader Environment load took 208.5ns 
45488      INFO  main            d.u.i.k.p.i.AbstractProblemLoader Creating init config 
48313      DEBUG main            d.u.i.k.p.i.AbstractProblemLoader Init config took 2.82s 
48359      INFO  main            d.u.i.k.p.i.AbstractProblemLoader Replaying proof CompletionScopes[CompletionScopes::testContinueLabelWildcard()].JML normal_behavior operation contract.0 
48361      DEBUG main            d.u.i.k.p.i.IntermediateProofReplayer Proof replay took 8ns 
48381      DEBUG Thread-19       d.u.i.k.l.o.ProgramSV     Match failed: Former match of  SchemaVariable incompatible with  the current match. 
48383      DEBUG Thread-19       d.u.i.k.l.o.ProgramSV     Match failed: Former match of  SchemaVariable incompatible with  the current match. 
48463      INFO  main            d.u.i.k.p.r.p.TestFile    ... finished proof: closed. 
48653      INFO  main            d.u.i.k.p.i.AbstractProblemLoader Loading environment from /home/runner/work/key/key/key.core/../key.ui/examples/completionscopes/testCcatchContinueLabelWildcard.key.proof 
48653      DEBUG main            d.u.i.k.p.i.AbstractProblemLoader Environment load took 130.3ns 
48654      INFO  main            d.u.i.k.p.i.AbstractProblemLoader Creating init config 
51483      DEBUG main            d.u.i.k.p.i.AbstractProblemLoader Init config took 2.83s 
51536      INFO  main            d.u.i.k.p.i.AbstractProblemLoader Replaying proof CompletionScopes[CompletionScopes::testContinueLabelWildcard()].JML normal_behavior operation contract.0 
51549      DEBUG main            d.u.i.k.p.i.IntermediateProofReplayer Proof replay took 10.35ms 
51550      DEBUG main            d.u.i.k.p.r.p.TestFile    ... success: reloaded. 
51551      INFO  main            d.u.i.k.p.r.p.TestFile    Now processing file /home/runner/work/key/key/key.core/../key.ui/examples/completionscopes/testCcatchBreakLabelNonmatchingNested.key 
51552      INFO  main            d.u.i.k.p.i.AbstractProblemLoader Loading environment from /home/runner/work/key/key/key.core/../key.ui/examples/completionscopes/testCcatchBreakLabelNonmatchingNested.key 
51552      DEBUG main            d.u.i.k.p.i.AbstractProblemLoader Environment load took 208.81ns 
51553      INFO  main            d.u.i.k.p.i.AbstractProblemLoader Creating init config 
54419      DEBUG main            d.u.i.k.p.i.AbstractProblemLoader Init config took 2.87s 
54481      INFO  main            d.u.i.k.p.i.AbstractProblemLoader Replaying proof CompletionScopes[CompletionScopes::testBreakLabelNonmatchingNested()].JML normal_behavior operation contract.0 
54483      DEBUG main            d.u.i.k.p.i.IntermediateProofReplayer Proof replay took 7.5ns 
54504      DEBUG Thread-22       d.u.i.k.l.o.ProgramSV     Match failed: Former match of  SchemaVariable incompatible with  the current match. 
54505      DEBUG Thread-22       d.u.i.k.l.o.ProgramSV     Match failed: Former match of  SchemaVariable incompatible with  the current match. 
54586      INFO  main            d.u.i.k.p.r.p.TestFile    ... finished proof: closed. 
54807      INFO  main            d.u.i.k.p.i.AbstractProblemLoader Loading environment from /home/runner/work/key/key/key.core/../key.ui/examples/completionscopes/testCcatchBreakLabelNonmatchingNested.key.proof 
54807      DEBUG main            d.u.i.k.p.i.AbstractProblemLoader Environment load took 148.5ns 
54808      INFO  main            d.u.i.k.p.i.AbstractProblemLoader Creating init config 
57605      DEBUG main            d.u.i.k.p.i.AbstractProblemLoader Init config took 2.8s 
57652      INFO  main            d.u.i.k.p.i.AbstractProblemLoader Replaying proof CompletionScopes[CompletionScopes::testBreakLabelNonmatchingNested()].JML normal_behavior operation contract.0 
57664      DEBUG main            d.u.i.k.p.i.IntermediateProofReplayer Proof replay took 10.44ms 
57665      DEBUG main            d.u.i.k.p.r.p.TestFile    ... success: reloaded. 
5973731    INFO  Test worker     d.u.i.k.p.r.RunAllProofsTestUnit Returning from test completionScopes 
5973735    INFO  Test worker     d.u.i.k.p.r.RunAllProofsTestUnit Running test reload_examples 
427        INFO  Timeout watchdog d.u.i.k.p.r.p.ForkedTestFileRunner Timeout watcher launched (2000 secs.) 
443        WARN  main            d.u.i.k.s.ProofSettings   The settings in /home/runner/.key/proof-settings.props are *not* read. 
476        INFO  main            d.u.i.k.p.r.p.TestFile    Now processing file /home/runner/work/key/key/key.core/../key.ui/examples/firstTouch/05-ReverseArray/reverseArray.key 
662        INFO  main            d.u.i.k.p.i.AbstractProblemLoader Loading environment from /home/runner/work/key/key/key.core/../key.ui/examples/firstTouch/05-ReverseArray/reverseArray.key 
682        DEBUG main            d.u.i.k.p.i.AbstractProblemLoader Environment load took 2.41ms 
967        INFO  main            d.u.i.k.p.i.AbstractProblemLoader Creating init config 
2151       DEBUG main            d.u.i.k.j.TypeConverter   No LDT found for Meta 
2152       DEBUG main            d.u.i.k.j.TypeConverter   No LDT found for Meta 
2155       DEBUG main            d.u.i.k.j.TypeConverter   No LDT found for Meta 
2156       DEBUG main            d.u.i.k.j.TypeConverter   No LDT found for Meta 
3790       DEBUG main            d.u.i.k.j.TypeConverter   No LDT found for JavaBigintExpression 
9704       DEBUG main            d.u.i.k.p.i.AbstractProblemLoader Init config took 8.74s 
9886       INFO  main            d.u.i.k.p.i.AbstractProblemLoader Replaying proof ReverseArray[ReverseArray::reverse()].JML normal_behavior operation contract.0 
9956       DEBUG main            d.u.i.k.p.i.IntermediateProofReplayer Proof replay took 34.7ns 
22389      INFO  main            d.u.i.k.p.r.p.TestFile    ... finished proof: closed. 
22660      INFO  main            d.u.i.k.p.i.AbstractProblemLoader Loading environment from /home/runner/work/key/key/key.core/../key.ui/examples/firstTouch/05-ReverseArray/reverseArray.key.proof 
22660      DEBUG main            d.u.i.k.p.i.AbstractProblemLoader Environment load took 228.51ns 
22664      INFO  main            d.u.i.k.p.i.AbstractProblemLoader Creating init config 
25929      DEBUG main            d.u.i.k.p.i.AbstractProblemLoader Init config took 3.26s 
25991      INFO  main            d.u.i.k.p.i.AbstractProblemLoader Replaying proof ReverseArray[ReverseArray::reverse()].JML normal_behavior operation contract.0 
27433      DEBUG main            d.u.i.k.p.i.IntermediateProofReplayer Proof replay took 1.39s 
27472      DEBUG main            d.u.i.k.p.r.p.TestFile    ... success: reloaded. 
27474      INFO  main            d.u.i.k.p.r.p.TestFile    Now processing file /home/runner/work/key/key/key.core/../key.ui/examples/standard_key/arith/saveProofTest.key.proof 
27474      INFO  main            d.u.i.k.p.i.AbstractProblemLoader Loading environment from /home/runner/work/key/key/key.core/../key.ui/examples/standard_key/arith/saveProofTest.key.proof 
27474      DEBUG main            d.u.i.k.p.i.AbstractProblemLoader Environment load took 220.71ns 
27477      INFO  main            d.u.i.k.p.i.AbstractProblemLoader Creating init config 
30352      DEBUG main            d.u.i.k.p.i.AbstractProblemLoader Init config took 2.88s 
30383      INFO  main            d.u.i.k.p.i.AbstractProblemLoader Replaying proof saveProofTest.key.proof 
30392      DEBUG main            d.u.i.k.p.i.IntermediateProofReplayer Proof replay took 4.34ms 
30394      INFO  main            d.u.i.k.p.r.p.TestFile    ... success: loaded 
30396      INFO  main            d.u.i.k.p.r.p.TestFile    Now processing file /home/runner/work/key/key/key.core/../key.ui/examples/heap/permutedSum/perm.proof 
30396      INFO  main            d.u.i.k.p.i.AbstractProblemLoader Loading environment from /home/runner/work/key/key/key.core/../key.ui/examples/heap/permutedSum/perm.proof 
30396      DEBUG main            d.u.i.k.p.i.AbstractProblemLoader Environment load took 441.71ns 
30400      INFO  main            d.u.i.k.p.i.AbstractProblemLoader Creating init config 
33532      DEBUG main            d.u.i.k.p.i.AbstractProblemLoader Init config took 3.13s 
33610      INFO  main            d.u.i.k.p.i.AbstractProblemLoader Replaying proof Perm[Perm::foo()].JML normal_behavior operation contract.0 
35109      DEBUG main            d.u.i.k.p.i.IntermediateProofReplayer Proof replay took 1.44s 
35113      INFO  main            d.u.i.k.p.r.p.TestFile    ... success: loaded 
35114      INFO  main            d.u.i.k.p.r.p.TestFile    Now processing file /home/runner/work/key/key/key.core/../key.ui/examples/firstTouch/05-ReverseArray/reverseArray.proof 
35115      INFO  main            d.u.i.k.p.i.AbstractProblemLoader Loading environment from /home/runner/work/key/key/key.core/../key.ui/examples/firstTouch/05-ReverseArray/reverseArray.proof 
35115      DEBUG main            d.u.i.k.p.i.AbstractProblemLoader Environment load took 221.31ns 
35119      INFO  main            d.u.i.k.p.i.AbstractProblemLoader Creating init config 
38208      DEBUG main            d.u.i.k.p.i.AbstractProblemLoader Init config took 3.09s 
38252      INFO  main            d.u.i.k.p.i.AbstractProblemLoader Replaying proof ReverseArray[ReverseArray::reverse()].JML normal_behavior operation contract.0 
39576      DEBUG main            d.u.i.k.p.i.IntermediateProofReplayer Proof replay took 1.28s 
39580      INFO  main            d.u.i.k.p.r.p.TestFile    ... success: loaded 
39581      INFO  main            d.u.i.k.p.r.p.TestFile    Now processing file /home/runner/work/key/key/key.core/../key.ui/examples/heap/verifyThis15_1_RelaxedPrefix/relax.proof 
39582      INFO  main            d.u.i.k.p.i.AbstractProblemLoader Loading environment from /home/runner/work/key/key/key.core/../key.ui/examples/heap/verifyThis15_1_RelaxedPrefix/relax.proof 
39582      DEBUG main            d.u.i.k.p.i.AbstractProblemLoader Environment load took 113.9ns 
39589      INFO  main            d.u.i.k.p.i.AbstractProblemLoader Creating init config 
42641      DEBUG main            d.u.i.k.p.i.AbstractProblemLoader Init config took 3.05s 
42692      INFO  main            d.u.i.k.p.i.AbstractProblemLoader Replaying proof Relaxed[Relaxed::isRelaxedPrefix([I,[I)].JML operation contract.0 
43263      DEBUG main            d.u.i.k.p.i.IntermediateProofReplayer Proof replay took 553.17ms 
43265      INFO  main            d.u.i.k.p.r.p.TestFile    ... success: loaded 
43267      INFO  main            d.u.i.k.p.r.p.TestFile    Now processing file /home/runner/work/key/key/key.core/../key.ui/examples/heap/verifyThis15_3_DLL/doUndo.proof 
43267      INFO  main            d.u.i.k.p.i.AbstractProblemLoader Loading environment from /home/runner/work/key/key/key.core/../key.ui/examples/heap/verifyThis15_3_DLL/doUndo.proof 
43267      DEBUG main            d.u.i.k.p.i.AbstractProblemLoader Environment load took 240.01ns 
43270      INFO  main            d.u.i.k.p.i.AbstractProblemLoader Creating init config 
44323      DEBUG main            d.u.i.k.j.r.ClassPreparationMethodBuilder clPrepBuilder: Inner Class detected. Reject building class initialisation methods. 
46583      DEBUG main            d.u.i.k.p.i.AbstractProblemLoader Init config took 3.31s 
46679      INFO  main            d.u.i.k.p.i.AbstractProblemLoader Replaying proof DoubleLinkedList[DoubleLinkedList::doUndo(DoubleLinkedList.Node,int)].JML normal_behavior operation contract.0 
47592      DEBUG main            d.u.i.k.p.i.IntermediateProofReplayer Proof replay took 873.25ms 
47594      INFO  main            d.u.i.k.p.r.p.TestFile    ... success: loaded 
47595      INFO  main            d.u.i.k.p.r.p.TestFile    Now processing file /home/runner/work/key/key/key.core/../key.ui/examples/heap/verifyThis15_2_ParallelGcd/parallelGcd.proof 
47596      INFO  main            d.u.i.k.p.i.AbstractProblemLoader Loading environment from /home/runner/work/key/key/key.core/../key.ui/examples/heap/verifyThis15_2_ParallelGcd/parallelGcd.proof 
47596      DEBUG main            d.u.i.k.p.i.AbstractProblemLoader Environment load took 260.81ns 
47598      INFO  main            d.u.i.k.p.i.AbstractProblemLoader Creating init config 
50636      DEBUG main            d.u.i.k.p.i.AbstractProblemLoader Init config took 3.04s 
50712      INFO  main            d.u.i.k.p.i.AbstractProblemLoader Replaying proof ParallelGcd[ParallelGcd::parallelGcd(int,int,[Z)].JML behavior operation contract.0 
51413      DEBUG main            d.u.i.k.p.i.IntermediateProofReplayer Proof replay took 686.11ms 
51414      INFO  main            d.u.i.k.p.r.p.TestFile    ... success: loaded 
6025350    INFO  Test worker     d.u.i.k.p.r.RunAllProofsTestUnit Returning from test reload_examples 
6025351    INFO  Test worker     d.u.i.k.p.r.RunAllProofsTestUnit Running test proofLoadRepair 
413        INFO  Timeout watchdog d.u.i.k.p.r.p.ForkedTestFileRunner Timeout watcher launched (2000 secs.) 
422        WARN  main            d.u.i.k.s.ProofSettings   The settings in /home/runner/.key/proof-settings.props are *not* read. 
463        INFO  main            d.u.i.k.p.r.p.TestFile    Now processing file /home/runner/work/key/key/key.core/../key.ui/examples/proofLoadRepair/disjConj-manipulated.proof 
592        INFO  main            d.u.i.k.p.i.AbstractProblemLoader Loading environment from /home/runner/work/key/key/key.core/../key.ui/examples/proofLoadRepair/disjConj-manipulated.proof 
634        DEBUG main            d.u.i.k.p.i.AbstractProblemLoader Environment load took 2.38ms 
918        INFO  main            d.u.i.k.p.i.AbstractProblemLoader Creating init config 
2009       DEBUG main            d.u.i.k.j.TypeConverter   No LDT found for Meta 
2010       DEBUG main            d.u.i.k.j.TypeConverter   No LDT found for Meta 
2011       DEBUG main            d.u.i.k.j.TypeConverter   No LDT found for Meta 
2011       DEBUG main            d.u.i.k.j.TypeConverter   No LDT found for Meta 
3536       DEBUG main            d.u.i.k.j.TypeConverter   No LDT found for JavaBigintExpression 
9663       DEBUG main            d.u.i.k.p.i.AbstractProblemLoader Init config took 8.74s 
9749       INFO  main            d.u.i.k.p.i.AbstractProblemLoader Replaying proof disjConj-manipulated.proof 
9806       WARN  main            d.u.i.k.p.i.IntermediateProofReplayer Proof contains wrong number of \assumes instatiations for andLeft 
9808       WARN  main            d.u.i.k.p.i.IntermediateProofReplayer Proof contains wrong number of \assumes instatiations for replace_known_right 
9814       WARN  main            d.u.i.k.p.i.IntermediateProofReplayer Proof contains wrong number of \assumes instatiations for close 
9817       DEBUG main            d.u.i.k.p.i.IntermediateProofReplayer Proof replay took 23.21ms 
9823       INFO  main            d.u.i.k.p.r.p.TestFile    ... success: loaded 
9832       INFO  main            d.u.i.k.p.r.p.TestFile    Now processing file /home/runner/work/key/key/key.core/../key.ui/examples/proofLoadRepair/insufficient-manipulated.proof 
9832       INFO  main            d.u.i.k.p.i.AbstractProblemLoader Loading environment from /home/runner/work/key/key/key.core/../key.ui/examples/proofLoadRepair/insufficient-manipulated.proof 
9833       DEBUG main            d.u.i.k.p.i.AbstractProblemLoader Environment load took 289.91ns 
9841       INFO  main            d.u.i.k.p.i.AbstractProblemLoader Creating init config 
13305      DEBUG main            d.u.i.k.p.i.AbstractProblemLoader Init config took 3.46s 
13324      INFO  main            d.u.i.k.p.i.AbstractProblemLoader Replaying proof insufficient-manipulated.proof 
13344      WARN  main            d.u.i.k.p.i.IntermediateProofReplayer Proof contains wrong number of \assumes instatiations for applyEq 
13360      DEBUG main            d.u.i.k.p.i.IntermediateProofReplayer Proof replay took 19.32ms 
13363      INFO  main            d.u.i.k.p.r.p.TestFile    ... success: loading failed 
13364      INFO  main            d.u.i.k.p.r.p.TestFile    Now processing file /home/runner/work/key/key/key.core/../key.ui/examples/../../key.core/src/test/resources/testcase/issues/1716/incorrectPolarity.proof 
13365      INFO  main            d.u.i.k.p.i.AbstractProblemLoader Loading environment from /home/runner/work/key/key/key.core/../key.ui/examples/../../key.core/src/test/resources/testcase/issues/1716/incorrectPolarity.proof 
13365      DEBUG main            d.u.i.k.p.i.AbstractProblemLoader Environment load took 120.6ns 
13369      INFO  main            d.u.i.k.p.i.AbstractProblemLoader Creating init config 
16710      DEBUG main            d.u.i.k.p.i.AbstractProblemLoader Init config took 3.34s 
16749      INFO  main            d.u.i.k.p.i.AbstractProblemLoader Replaying proof incorrectPolarity.proof 
16757      DEBUG main            d.u.i.k.p.i.IntermediateProofReplayer Proof replay took 226.91ns 
16758      INFO  main            d.u.i.k.p.r.p.TestFile    ... success: loading failed 
16762      INFO  main            d.u.i.k.p.r.p.TestFile    Now processing file /home/runner/work/key/key/key.core/../key.ui/examples/../../key.core/src/test/resources/testcase/issues/1716/incorrectPolarity2.proof 
16762      INFO  main            d.u.i.k.p.i.AbstractProblemLoader Loading environment from /home/runner/work/key/key/key.core/../key.ui/examples/../../key.core/src/test/resources/testcase/issues/1716/incorrectPolarity2.proof 
16762      DEBUG main            d.u.i.k.p.i.AbstractProblemLoader Environment load took 145.8ns 
16763      INFO  main            d.u.i.k.p.i.AbstractProblemLoader Creating init config 
19776      DEBUG main            d.u.i.k.p.i.AbstractProblemLoader Init config took 3.01s 
19831      INFO  main            d.u.i.k.p.i.AbstractProblemLoader Replaying proof incorrectPolarity2.proof 
19834      DEBUG main            d.u.i.k.p.i.IntermediateProofReplayer Proof replay took 406.61ns 
19834      INFO  main            d.u.i.k.p.r.p.TestFile    ... success: loading failed 
19835      INFO  main            d.u.i.k.p.r.p.TestFile    Now processing file /home/runner/work/key/key/key.core/../key.ui/examples/../../key.core/src/test/resources/testcase/issues/1716/incorrectPolarity3.proof 
19836      INFO  main            d.u.i.k.p.i.AbstractProblemLoader Loading environment from /home/runner/work/key/key/key.core/../key.ui/examples/../../key.core/src/test/resources/testcase/issues/1716/incorrectPolarity3.proof 
19836      DEBUG main            d.u.i.k.p.i.AbstractProblemLoader Environment load took 196.1ns 
19837      INFO  main            d.u.i.k.p.i.AbstractProblemLoader Creating init config 
22706      DEBUG main            d.u.i.k.p.i.AbstractProblemLoader Init config took 2.87s 
22729      INFO  main            d.u.i.k.p.i.AbstractProblemLoader Replaying proof incorrectPolarity3.proof 
22733      DEBUG main            d.u.i.k.p.i.IntermediateProofReplayer Proof replay took 1.78ms 
22733      INFO  main            d.u.i.k.p.r.p.TestFile    ... success: loading failed 
6048287    INFO  Test worker     d.u.i.k.p.r.RunAllProofsTestUnit Returning from test proofLoadRepair 
6048288    INFO  Test worker     d.u.i.k.p.r.RunAllProofsTestUnit Running test switch 
402        INFO  Timeout watchdog d.u.i.k.p.r.p.ForkedTestFileRunner Timeout watcher launched (2000 secs.) 
416        WARN  main            d.u.i.k.s.ProofSettings   The settings in /home/runner/.key/proof-settings.props are *not* read. 
464        INFO  main            d.u.i.k.p.r.p.TestFile    Now processing file /home/runner/work/key/key/key.core/../key.ui/examples/standard_key/java_dl/switch/labeled_case.key 
668        INFO  main            d.u.i.k.p.i.AbstractProblemLoader Loading environment from /home/runner/work/key/key/key.core/../key.ui/examples/standard_key/java_dl/switch/labeled_case.key 
691        DEBUG main            d.u.i.k.p.i.AbstractProblemLoader Environment load took 2.22ms 
979        INFO  main            d.u.i.k.p.i.AbstractProblemLoader Creating init config 
2102       DEBUG main            d.u.i.k.j.TypeConverter   No LDT found for Meta 
2103       DEBUG main            d.u.i.k.j.TypeConverter   No LDT found for Meta 
2107       DEBUG main            d.u.i.k.j.TypeConverter   No LDT found for Meta 
2108       DEBUG main            d.u.i.k.j.TypeConverter   No LDT found for Meta 
3709       DEBUG main            d.u.i.k.j.TypeConverter   No LDT found for JavaBigintExpression 
9482       DEBUG main            d.u.i.k.p.i.AbstractProblemLoader Init config took 8.5s 
9708       INFO  main            d.u.i.k.p.i.AbstractProblemLoader Replaying proof LabeledCase[LabeledCase::m(int)].JML normal_behavior operation contract.0 
9748       DEBUG main            d.u.i.k.p.i.IntermediateProofReplayer Proof replay took 38.5ns 
10478      INFO  main            d.u.i.k.p.r.p.TestFile    ... finished proof: closed. 
10647      INFO  main            d.u.i.k.p.i.AbstractProblemLoader Loading environment from /home/runner/work/key/key/key.core/../key.ui/examples/standard_key/java_dl/switch/labeled_case.key.proof 
10653      DEBUG main            d.u.i.k.p.i.AbstractProblemLoader Environment load took 6.29ms 
10655      INFO  main            d.u.i.k.p.i.AbstractProblemLoader Creating init config 
14022      DEBUG main            d.u.i.k.p.i.AbstractProblemLoader Init config took 3.37s 
14084      INFO  main            d.u.i.k.p.i.AbstractProblemLoader Replaying proof LabeledCase[LabeledCase::m(int)].JML normal_behavior operation contract.0 
14168      DEBUG main            d.u.i.k.p.i.IntermediateProofReplayer Proof replay took 78.42ms 
14184      DEBUG main            d.u.i.k.p.r.p.TestFile    ... success: reloaded. 
14187      INFO  main            d.u.i.k.p.r.p.TestFile    Now processing file /home/runner/work/key/key/key.core/../key.ui/examples/standard_key/java_dl/switch/empty_switch.key 
14188      INFO  main            d.u.i.k.p.i.AbstractProblemLoader Loading environment from /home/runner/work/key/key/key.core/../key.ui/examples/standard_key/java_dl/switch/empty_switch.key 
14188      DEBUG main            d.u.i.k.p.i.AbstractProblemLoader Environment load took 121.4ns 
14190      INFO  main            d.u.i.k.p.i.AbstractProblemLoader Creating init config 
17161      DEBUG main            d.u.i.k.p.i.AbstractProblemLoader Init config took 2.97s 
17189      INFO  main            d.u.i.k.p.i.AbstractProblemLoader Replaying proof empty_switch.key 
17192      DEBUG main            d.u.i.k.p.i.IntermediateProofReplayer Proof replay took 6.8ns 
17296      INFO  main            d.u.i.k.p.r.p.TestFile    ... finished proof: closed. 
17477      INFO  main            d.u.i.k.p.i.AbstractProblemLoader Loading environment from /home/runner/work/key/key/key.core/../key.ui/examples/standard_key/java_dl/switch/empty_switch.key.proof 
17478      DEBUG main            d.u.i.k.p.i.AbstractProblemLoader Environment load took 149.3ns 
17480      INFO  main            d.u.i.k.p.i.AbstractProblemLoader Creating init config 
20344      DEBUG main            d.u.i.k.p.i.AbstractProblemLoader Init config took 2.86s 
20370      INFO  main            d.u.i.k.p.i.AbstractProblemLoader Replaying proof empty_switch.key.proof 
20375      DEBUG main            d.u.i.k.p.i.IntermediateProofReplayer Proof replay took 2.33ms 
20376      DEBUG main            d.u.i.k.p.r.p.TestFile    ... success: reloaded. 
20377      INFO  main            d.u.i.k.p.r.p.TestFile    Now processing file /home/runner/work/key/key/key.core/../key.ui/examples/standard_key/java_dl/switch/empty_switch_null.key 
20378      INFO  main            d.u.i.k.p.i.AbstractProblemLoader Loading environment from /home/runner/work/key/key/key.core/../key.ui/examples/standard_key/java_dl/switch/empty_switch_null.key 
20378      DEBUG main            d.u.i.k.p.i.AbstractProblemLoader Environment load took 207.91ns 
20379      INFO  main            d.u.i.k.p.i.AbstractProblemLoader Creating init config 
23291      DEBUG main            d.u.i.k.p.i.AbstractProblemLoader Init config took 2.91s 
23314      INFO  main            d.u.i.k.p.i.AbstractProblemLoader Replaying proof empty_switch_null.key 
23317      DEBUG main            d.u.i.k.p.i.IntermediateProofReplayer Proof replay took 7.2ns 
23521      INFO  main            d.u.i.k.p.r.p.TestFile    ... finished proof: closed. 
23681      INFO  main            d.u.i.k.p.i.AbstractProblemLoader Loading environment from /home/runner/work/key/key/key.core/../key.ui/examples/standard_key/java_dl/switch/empty_switch_null.key.proof 
23681      DEBUG main            d.u.i.k.p.i.AbstractProblemLoader Environment load took 140.6ns 
23683      INFO  main            d.u.i.k.p.i.AbstractProblemLoader Creating init config 
26637      DEBUG main            d.u.i.k.p.i.AbstractProblemLoader Init config took 2.95s 
26661      INFO  main            d.u.i.k.p.i.AbstractProblemLoader Replaying proof empty_switch_null.key.proof 
26699      DEBUG main            d.u.i.k.p.i.IntermediateProofReplayer Proof replay took 35.02ms 
26701      DEBUG main            d.u.i.k.p.r.p.TestFile    ... success: reloaded. 
26701      INFO  main            d.u.i.k.p.r.p.TestFile    Now processing file /home/runner/work/key/key/key.core/../key.ui/examples/standard_key/java_dl/switch/empty_switch_null_catch.key 
26702      INFO  main            d.u.i.k.p.i.AbstractProblemLoader Loading environment from /home/runner/work/key/key/key.core/../key.ui/examples/standard_key/java_dl/switch/empty_switch_null_catch.key 
26702      DEBUG main            d.u.i.k.p.i.AbstractProblemLoader Environment load took 183.2ns 
26703      INFO  main            d.u.i.k.p.i.AbstractProblemLoader Creating init config 
29577      DEBUG main            d.u.i.k.p.i.AbstractProblemLoader Init config took 2.87s 
29601      INFO  main            d.u.i.k.p.i.AbstractProblemLoader Replaying proof empty_switch_null_catch.key 
29603      DEBUG main            d.u.i.k.p.i.IntermediateProofReplayer Proof replay took 8.1ns 
29808      INFO  main            d.u.i.k.p.r.p.TestFile    ... finished proof: closed. 
29976      INFO  main            d.u.i.k.p.i.AbstractProblemLoader Loading environment from /home/runner/work/key/key/key.core/../key.ui/examples/standard_key/java_dl/switch/empty_switch_null_catch.key.proof 
29977      DEBUG main            d.u.i.k.p.i.AbstractProblemLoader Environment load took 405.81ns 
29978      INFO  main            d.u.i.k.p.i.AbstractProblemLoader Creating init config 
32877      DEBUG main            d.u.i.k.p.i.AbstractProblemLoader Init config took 2.9s 
32900      INFO  main            d.u.i.k.p.i.AbstractProblemLoader Replaying proof empty_switch_null_catch.key.proof 
32941      DEBUG main            d.u.i.k.p.i.IntermediateProofReplayer Proof replay took 38.33ms 
32942      DEBUG main            d.u.i.k.p.r.p.TestFile    ... success: reloaded. 
32943      INFO  main            d.u.i.k.p.r.p.TestFile    Now processing file /home/runner/work/key/key/key.core/../key.ui/examples/standard_key/java_dl/switch/empty_switch_array_out_of_bounds.key 
32944      INFO  main            d.u.i.k.p.i.AbstractProblemLoader Loading environment from /home/runner/work/key/key/key.core/../key.ui/examples/standard_key/java_dl/switch/empty_switch_array_out_of_bounds.key 
32944      DEBUG main            d.u.i.k.p.i.AbstractProblemLoader Environment load took 110.3ns 
32945      INFO  main            d.u.i.k.p.i.AbstractProblemLoader Creating init config 
35787      DEBUG main            d.u.i.k.p.i.AbstractProblemLoader Init config took 2.84s 
35811      INFO  main            d.u.i.k.p.i.AbstractProblemLoader Replaying proof empty_switch_array_out_of_bounds.key 
35814      DEBUG main            d.u.i.k.p.i.IntermediateProofReplayer Proof replay took 6.8ns 
36117      INFO  main            d.u.i.k.p.r.p.TestFile    ... finished proof: closed. 
36309      INFO  main            d.u.i.k.p.i.AbstractProblemLoader Loading environment from /home/runner/work/key/key/key.core/../key.ui/examples/standard_key/java_dl/switch/empty_switch_array_out_of_bounds.key.proof 
36309      DEBUG main            d.u.i.k.p.i.AbstractProblemLoader Environment load took 404.51ns 
36310      INFO  main            d.u.i.k.p.i.AbstractProblemLoader Creating init config 
39182      DEBUG main            d.u.i.k.p.i.AbstractProblemLoader Init config took 2.87s 
39205      INFO  main            d.u.i.k.p.i.AbstractProblemLoader Replaying proof empty_switch_array_out_of_bounds.key.proof 
39282      DEBUG main            d.u.i.k.p.i.IntermediateProofReplayer Proof replay took 73.96ms 
39284      DEBUG main            d.u.i.k.p.r.p.TestFile    ... success: reloaded. 
39285      INFO  main            d.u.i.k.p.r.p.TestFile    Now processing file /home/runner/work/key/key/key.core/../key.ui/examples/standard_key/java_dl/switch/empty_switch_array_out_of_bounds_catch.key 
39285      INFO  main            d.u.i.k.p.i.AbstractProblemLoader Loading environment from /home/runner/work/key/key/key.core/../key.ui/examples/standard_key/java_dl/switch/empty_switch_array_out_of_bounds_catch.key 
39286      DEBUG main            d.u.i.k.p.i.AbstractProblemLoader Environment load took 596.72ns 
39287      INFO  main            d.u.i.k.p.i.AbstractProblemLoader Creating init config 
42121      DEBUG main            d.u.i.k.p.i.AbstractProblemLoader Init config took 2.83s 
42145      INFO  main            d.u.i.k.p.i.AbstractProblemLoader Replaying proof empty_switch_array_out_of_bounds_catch.key 
42149      DEBUG main            d.u.i.k.p.i.IntermediateProofReplayer Proof replay took 6.9ns 
42353      INFO  main            d.u.i.k.p.r.p.TestFile    ... finished proof: closed. 
42639      INFO  main            d.u.i.k.p.i.AbstractProblemLoader Loading environment from /home/runner/work/key/key/key.core/../key.ui/examples/standard_key/java_dl/switch/empty_switch_array_out_of_bounds_catch.key.proof 
42639      DEBUG main            d.u.i.k.p.i.AbstractProblemLoader Environment load took 130.8ns 
42640      INFO  main            d.u.i.k.p.i.AbstractProblemLoader Creating init config 
45421      DEBUG main            d.u.i.k.p.i.AbstractProblemLoader Init config took 2.78s 
45445      INFO  main            d.u.i.k.p.i.AbstractProblemLoader Replaying proof empty_switch_array_out_of_bounds_catch.key.proof 
45490      DEBUG main            d.u.i.k.p.i.IntermediateProofReplayer Proof replay took 42.34ms 
45492      DEBUG main            d.u.i.k.p.r.p.TestFile    ... success: reloaded. 
45493      INFO  main            d.u.i.k.p.r.p.TestFile    Now processing file /home/runner/work/key/key/key.core/../key.ui/examples/standard_key/java_dl/switch/switch_in_switch.key 
45493      INFO  main            d.u.i.k.p.i.AbstractProblemLoader Loading environment from /home/runner/work/key/key/key.core/../key.ui/examples/standard_key/java_dl/switch/switch_in_switch.key 
45493      DEBUG main            d.u.i.k.p.i.AbstractProblemLoader Environment load took 91.8ns 
45494      INFO  main            d.u.i.k.p.i.AbstractProblemLoader Creating init config 
48436      DEBUG main            d.u.i.k.p.i.AbstractProblemLoader Init config took 2.94s 
48485      INFO  main            d.u.i.k.p.i.AbstractProblemLoader Replaying proof SwitchInSwitch[SwitchInSwitch::m(int)].JML normal_behavior operation contract.0 
48487      DEBUG main            d.u.i.k.p.i.IntermediateProofReplayer Proof replay took 8.3ns 
53446      INFO  main            d.u.i.k.p.r.p.TestFile    ... finished proof: closed. 
53735      INFO  main            d.u.i.k.p.i.AbstractProblemLoader Loading environment from /home/runner/work/key/key/key.core/../key.ui/examples/standard_key/java_dl/switch/switch_in_switch.key.proof 
53736      DEBUG main            d.u.i.k.p.i.AbstractProblemLoader Environment load took 430.91ns 
53738      INFO  main            d.u.i.k.p.i.AbstractProblemLoader Creating init config 
56598      DEBUG main            d.u.i.k.p.i.AbstractProblemLoader Init config took 2.86s 
56647      INFO  main            d.u.i.k.p.i.AbstractProblemLoader Replaying proof SwitchInSwitch[SwitchInSwitch::m(int)].JML normal_behavior operation contract.0 
57214      DEBUG main            d.u.i.k.p.i.IntermediateProofReplayer Proof replay took 538.23ms 
57216      DEBUG main            d.u.i.k.p.r.p.TestFile    ... success: reloaded. 
57217      INFO  main            d.u.i.k.p.r.p.TestFile    Now processing file /home/runner/work/key/key/key.core/../key.ui/examples/standard_key/java_dl/switch/while_and_switch.key 
57218      INFO  main            d.u.i.k.p.i.AbstractProblemLoader Loading environment from /home/runner/work/key/key/key.core/../key.ui/examples/standard_key/java_dl/switch/while_and_switch.key 
57218      DEBUG main            d.u.i.k.p.i.AbstractProblemLoader Environment load took 195.6ns 
57219      INFO  main            d.u.i.k.p.i.AbstractProblemLoader Creating init config 
60268      DEBUG main            d.u.i.k.p.i.AbstractProblemLoader Init config took 3.05s 
60322      INFO  main            d.u.i.k.p.i.AbstractProblemLoader Replaying proof WhileAndSwitch[WhileAndSwitch::m(int)].JML normal_behavior operation contract.0 
60325      DEBUG main            d.u.i.k.p.i.IntermediateProofReplayer Proof replay took 7.6ns 
61133      INFO  main            d.u.i.k.p.r.p.TestFile    ... finished proof: closed. 
61376      INFO  main            d.u.i.k.p.i.AbstractProblemLoader Loading environment from /home/runner/work/key/key/key.core/../key.ui/examples/standard_key/java_dl/switch/while_and_switch.key.proof 
61376      DEBUG main            d.u.i.k.p.i.AbstractProblemLoader Environment load took 145.3ns 
61378      INFO  main            d.u.i.k.p.i.AbstractProblemLoader Creating init config 
64302      DEBUG main            d.u.i.k.p.i.AbstractProblemLoader Init config took 2.92s 
64355      INFO  main            d.u.i.k.p.i.AbstractProblemLoader Replaying proof WhileAndSwitch[WhileAndSwitch::m(int)].JML normal_behavior operation contract.0 
64571      DEBUG main            d.u.i.k.p.i.IntermediateProofReplayer Proof replay took 206.3ms 
64572      DEBUG main            d.u.i.k.p.r.p.TestFile    ... success: reloaded. 
64573      INFO  main            d.u.i.k.p.r.p.TestFile    Now processing file /home/runner/work/key/key/key.core/../key.ui/examples/standard_key/java_dl/switch/large_switch.key 
64574      INFO  main            d.u.i.k.p.i.AbstractProblemLoader Loading environment from /home/runner/work/key/key/key.core/../key.ui/examples/standard_key/java_dl/switch/large_switch.key 
64574      DEBUG main            d.u.i.k.p.i.AbstractProblemLoader Environment load took 203ns 
64575      INFO  main            d.u.i.k.p.i.AbstractProblemLoader Creating init config 
67594      DEBUG main            d.u.i.k.p.i.AbstractProblemLoader Init config took 3.02s 
67638      INFO  main            d.u.i.k.p.i.AbstractProblemLoader Replaying proof LargeSwitch[LargeSwitch::m(int)].JML normal_behavior operation contract.0 
67640      DEBUG main            d.u.i.k.p.i.IntermediateProofReplayer Proof replay took 7.4ns 
69153      INFO  main            d.u.i.k.p.r.p.TestFile    ... finished proof: closed. 
69394      INFO  main            d.u.i.k.p.i.AbstractProblemLoader Loading environment from /home/runner/work/key/key/key.core/../key.ui/examples/standard_key/java_dl/switch/large_switch.key.proof 
69399      DEBUG main            d.u.i.k.p.i.AbstractProblemLoader Environment load took 5.66ms 
69405      INFO  main            d.u.i.k.p.i.AbstractProblemLoader Creating init config 
72361      DEBUG main            d.u.i.k.p.i.AbstractProblemLoader Init config took 2.96s 
72434      INFO  main            d.u.i.k.p.i.AbstractProblemLoader Replaying proof LargeSwitch[LargeSwitch::m(int)].JML normal_behavior operation contract.0 
72939      DEBUG main            d.u.i.k.p.i.IntermediateProofReplayer Proof replay took 486.48ms 
72941      DEBUG main            d.u.i.k.p.r.p.TestFile    ... success: reloaded. 
6121426    INFO  Test worker     d.u.i.k.p.r.RunAllProofsTestUnit Returning from test switch 
6121426    INFO  Test worker     d.u.i.k.p.r.RunAllProofsTestUnit Running test redux 
429        INFO  Timeout watchdog d.u.i.k.p.r.p.ForkedTestFileRunner Timeout watcher launched (2000 secs.) 
446        WARN  main            d.u.i.k.s.ProofSettings   The settings in /home/runner/.key/proof-settings.props are *not* read. 
489        INFO  main            d.u.i.k.p.r.p.TestFile    Now processing file /home/runner/work/key/key/key.core/../key.ui/examples/redux/arrays/Arrays.copyOf.key 
618        INFO  main            d.u.i.k.p.i.AbstractProblemLoader Loading environment from /home/runner/work/key/key/key.core/../key.ui/examples/redux/arrays/Arrays.copyOf.key 
637        DEBUG main            d.u.i.k.p.i.AbstractProblemLoader Environment load took 2.22ms 
909        INFO  main            d.u.i.k.p.i.AbstractProblemLoader Creating init config 
2082       DEBUG main            d.u.i.k.j.TypeConverter   No LDT found for Meta 
2082       DEBUG main            d.u.i.k.j.TypeConverter   No LDT found for Meta 
2086       DEBUG main            d.u.i.k.j.TypeConverter   No LDT found for Meta 
2086       DEBUG main            d.u.i.k.j.TypeConverter   No LDT found for Meta 
3552       DEBUG main            d.u.i.k.j.TypeConverter   No LDT found for JavaBigintExpression 
10236      DEBUG main            d.u.i.k.p.i.AbstractProblemLoader Init config took 9.33s 
10466      INFO  main            d.u.i.k.p.i.AbstractProblemLoader Replaying proof Arrays[Arrays::copyOf([I,int)].JML normal_behavior operation contract.0 
10510      DEBUG main            d.u.i.k.p.i.IntermediateProofReplayer Proof replay took 38.5ns 
16128      INFO  main            d.u.i.k.p.r.p.TestFile    ... finished proof: closed. 
16402      INFO  main            d.u.i.k.p.i.AbstractProblemLoader Loading environment from /home/runner/work/key/key/key.core/../key.ui/examples/redux/arrays/Arrays.copyOf.key.proof 
16403      DEBUG main            d.u.i.k.p.i.AbstractProblemLoader Environment load took 227.31ns 
16406      INFO  main            d.u.i.k.p.i.AbstractProblemLoader Creating init config 
20327      DEBUG main            d.u.i.k.p.i.AbstractProblemLoader Init config took 3.92s 
20392      INFO  main            d.u.i.k.p.i.AbstractProblemLoader Replaying proof Arrays[Arrays::copyOf([I,int)].JML normal_behavior operation contract.0 
21020      DEBUG main            d.u.i.k.p.i.IntermediateProofReplayer Proof replay took 606.84ms 
21029      DEBUG main            d.u.i.k.p.r.p.TestFile    ... success: reloaded. 
21031      INFO  main            d.u.i.k.p.r.p.TestFile    Now processing file /home/runner/work/key/key/key.core/../key.ui/examples/redux/arrays/Arrays.copyOf.float.key 
21031      INFO  main            d.u.i.k.p.i.AbstractProblemLoader Loading environment from /home/runner/work/key/key/key.core/../key.ui/examples/redux/arrays/Arrays.copyOf.float.key 
21032      DEBUG main            d.u.i.k.p.i.AbstractProblemLoader Environment load took 223.91ns 
21033      INFO  main            d.u.i.k.p.i.AbstractProblemLoader Creating init config 
24976      DEBUG main            d.u.i.k.p.i.AbstractProblemLoader Init config took 3.94s 
25038      INFO  main            d.u.i.k.p.i.AbstractProblemLoader Replaying proof Arrays[Arrays::copyOf([F,int)].JML normal_behavior operation contract.0 
25040      DEBUG main            d.u.i.k.p.i.IntermediateProofReplayer Proof replay took 6.4ns 
25070      DEBUG main            d.u.i.k.m.s.ProofScriptEngine 1: 'macro autopilot' 
30164      DEBUG main            d.u.i.k.m.s.ProofScriptEngine 2: 'smt solver=Z3' 
30262      INFO  main            d.u.i.k.m.s.SMTCommand    Finished run on goal 17 in 66ms, result is valid 
30263      DEBUG main            d.u.i.k.m.s.ProofScriptEngine 3: 'tryclose' 
32145      INFO  main            d.u.i.k.p.r.p.TestFile    ... finished proof: closed. 
32371      INFO  main            d.u.i.k.p.i.AbstractProblemLoader Loading environment from /home/runner/work/key/key/key.core/../key.ui/examples/redux/arrays/Arrays.copyOf.float.key.proof 
32371      DEBUG main            d.u.i.k.p.i.AbstractProblemLoader Environment load took 434.31ns 
32375      INFO  main            d.u.i.k.p.i.AbstractProblemLoader Creating init config 
35995      DEBUG main            d.u.i.k.p.i.AbstractProblemLoader Init config took 3.62s 
36051      INFO  main            d.u.i.k.p.i.AbstractProblemLoader Replaying proof Arrays[Arrays::copyOf([F,int)].JML normal_behavior operation contract.0 
36133      INFO  main            d.u.i.k.s.SMTFocusResults Analyzing unsat core: (L_6) 
36914      DEBUG main            d.u.i.k.p.i.IntermediateProofReplayer Proof replay took 843.74ms 
36916      DEBUG main            d.u.i.k.p.r.p.TestFile    ... success: reloaded. 
36919      INFO  main            d.u.i.k.p.r.p.TestFile    Now processing file /home/runner/work/key/key/key.core/../key.ui/examples/redux/arrays/Arrays.copyOfRange.key 
36919      INFO  main            d.u.i.k.p.i.AbstractProblemLoader Loading environment from /home/runner/work/key/key/key.core/../key.ui/examples/redux/arrays/Arrays.copyOfRange.key 
36919      DEBUG main            d.u.i.k.p.i.AbstractProblemLoader Environment load took 211.1ns 
36922      INFO  main            d.u.i.k.p.i.AbstractProblemLoader Creating init config 
40788      DEBUG main            d.u.i.k.p.i.AbstractProblemLoader Init config took 3.87s 
40839      INFO  main            d.u.i.k.p.i.AbstractProblemLoader Replaying proof Arrays[Arrays::copyOfRange([I,int,int)].JML normal_behavior operation contract.0 
40840      DEBUG main            d.u.i.k.p.i.IntermediateProofReplayer Proof replay took 6.8ns 
45870      INFO  main            d.u.i.k.p.r.p.TestFile    ... finished proof: closed. 
46172      INFO  main            d.u.i.k.p.i.AbstractProblemLoader Loading environment from /home/runner/work/key/key/key.core/../key.ui/examples/redux/arrays/Arrays.copyOfRange.key.proof 
46172      DEBUG main            d.u.i.k.p.i.AbstractProblemLoader Environment load took 145.8ns 
46178      INFO  main            d.u.i.k.p.i.AbstractProblemLoader Creating init config 
49860      DEBUG main            d.u.i.k.p.i.AbstractProblemLoader Init config took 3.68s 
49928      INFO  main            d.u.i.k.p.i.AbstractProblemLoader Replaying proof Arrays[Arrays::copyOfRange([I,int,int)].JML normal_behavior operation contract.0 
50568      DEBUG main            d.u.i.k.p.i.IntermediateProofReplayer Proof replay took 619.32ms 
50570      DEBUG main            d.u.i.k.p.r.p.TestFile    ... success: reloaded. 
50571      INFO  main            d.u.i.k.p.r.p.TestFile    Now processing file /home/runner/work/key/key/key.core/../key.ui/examples/redux/arrays/Arrays.copyOfRange.float.key 
50571      INFO  main            d.u.i.k.p.i.AbstractProblemLoader Loading environment from /home/runner/work/key/key/key.core/../key.ui/examples/redux/arrays/Arrays.copyOfRange.float.key 
50571      DEBUG main            d.u.i.k.p.i.AbstractProblemLoader Environment load took 211.5ns 
50572      INFO  main            d.u.i.k.p.i.AbstractProblemLoader Creating init config 
54319      DEBUG main            d.u.i.k.p.i.AbstractProblemLoader Init config took 3.75s 
54396      INFO  main            d.u.i.k.p.i.AbstractProblemLoader Replaying proof Arrays[Arrays::copyOfRange([F,int,int)].JML normal_behavior operation contract.0 
54398      DEBUG main            d.u.i.k.p.i.IntermediateProofReplayer Proof replay took 6.5ns 
54400      DEBUG main            d.u.i.k.m.s.ProofScriptEngine 1: 'macro autopilot' 
61156      DEBUG main            d.u.i.k.m.s.ProofScriptEngine 2: 'smt solver=Z3' 
61195      INFO  main            d.u.i.k.m.s.SMTCommand    Finished run on goal 27 in 35ms, result is valid 
61195      DEBUG main            d.u.i.k.m.s.ProofScriptEngine 3: 'tryclose' 
64989      INFO  main            d.u.i.k.p.r.p.TestFile    ... finished proof: closed. 
65240      INFO  main            d.u.i.k.p.i.AbstractProblemLoader Loading environment from /home/runner/work/key/key/key.core/../key.ui/examples/redux/arrays/Arrays.copyOfRange.float.key.proof 
65240      DEBUG main            d.u.i.k.p.i.AbstractProblemLoader Environment load took 460.21ns 
65243      INFO  main            d.u.i.k.p.i.AbstractProblemLoader Creating init config 
68879      DEBUG main            d.u.i.k.p.i.AbstractProblemLoader Init config took 3.64s 
68929      INFO  main            d.u.i.k.p.i.AbstractProblemLoader Replaying proof Arrays[Arrays::copyOfRange([F,int,int)].JML normal_behavior operation contract.0 
69015      INFO  main            d.u.i.k.s.SMTFocusResults Analyzing unsat core: (L_8) 
70181      DEBUG main            d.u.i.k.p.i.IntermediateProofReplayer Proof replay took 1.22s 
70184      DEBUG main            d.u.i.k.p.r.p.TestFile    ... success: reloaded. 
70185      INFO  main            d.u.i.k.p.r.p.TestFile    Now processing file /home/runner/work/key/key/key.core/../key.ui/examples/redux/arrays/Arrays.equals.key 
70185      INFO  main            d.u.i.k.p.i.AbstractProblemLoader Loading environment from /home/runner/work/key/key/key.core/../key.ui/examples/redux/arrays/Arrays.equals.key 
70185      DEBUG main            d.u.i.k.p.i.AbstractProblemLoader Environment load took 205.71ns 
70186      INFO  main            d.u.i.k.p.i.AbstractProblemLoader Creating init config 
73792      DEBUG main            d.u.i.k.p.i.AbstractProblemLoader Init config took 3.61s 
73847      INFO  main            d.u.i.k.p.i.AbstractProblemLoader Replaying proof Arrays[Arrays::equals([B,[B)].JML normal_behavior operation contract.0 
73849      DEBUG main            d.u.i.k.p.i.IntermediateProofReplayer Proof replay took 6.6ns 
74454      INFO  main            d.u.i.k.p.r.p.TestFile    ... finished proof: closed. 
74821      INFO  main            d.u.i.k.p.i.AbstractProblemLoader Loading environment from /home/runner/work/key/key/key.core/../key.ui/examples/redux/arrays/Arrays.equals.key.proof 
74821      DEBUG main            d.u.i.k.p.i.AbstractProblemLoader Environment load took 400.61ns 
74823      INFO  main            d.u.i.k.p.i.AbstractProblemLoader Creating init config 
78307      DEBUG main            d.u.i.k.p.i.AbstractProblemLoader Init config took 3.48s 
78353      INFO  main            d.u.i.k.p.i.AbstractProblemLoader Replaying proof Arrays[Arrays::equals([B,[B)].JML normal_behavior operation contract.0 
78520      DEBUG main            d.u.i.k.p.i.IntermediateProofReplayer Proof replay took 162.45ms 
78521      DEBUG main            d.u.i.k.p.r.p.TestFile    ... success: reloaded. 
78522      INFO  main            d.u.i.k.p.r.p.TestFile    Now processing file /home/runner/work/key/key/key.core/../key.ui/examples/redux/arrays/Arrays.fill.key 
78522      INFO  main            d.u.i.k.p.i.AbstractProblemLoader Loading environment from /home/runner/work/key/key/key.core/../key.ui/examples/redux/arrays/Arrays.fill.key 
78523      DEBUG main            d.u.i.k.p.i.AbstractProblemLoader Environment load took 211.01ns 
78524      INFO  main            d.u.i.k.p.i.AbstractProblemLoader Creating init config 
82069      DEBUG main            d.u.i.k.p.i.AbstractProblemLoader Init config took 3.54s 
82113      INFO  main            d.u.i.k.p.i.AbstractProblemLoader Replaying proof Arrays[Arrays::fill([I,int)].JML normal_behavior operation contract.0 
82114      DEBUG main            d.u.i.k.p.i.IntermediateProofReplayer Proof replay took 6.3ns 
82317      INFO  main            d.u.i.k.p.r.p.TestFile    ... finished proof: closed. 
82529      INFO  main            d.u.i.k.p.i.AbstractProblemLoader Loading environment from /home/runner/work/key/key/key.core/../key.ui/examples/redux/arrays/Arrays.fill.key.proof 
82530      DEBUG main            d.u.i.k.p.i.AbstractProblemLoader Environment load took 138.4ns 
82531      INFO  main            d.u.i.k.p.i.AbstractProblemLoader Creating init config 
85956      DEBUG main            d.u.i.k.p.i.AbstractProblemLoader Init config took 3.42s 
86005      INFO  main            d.u.i.k.p.i.AbstractProblemLoader Replaying proof Arrays[Arrays::fill([I,int)].JML normal_behavior operation contract.0 
86044      DEBUG main            d.u.i.k.p.i.IntermediateProofReplayer Proof replay took 34.55ms 
86045      DEBUG main            d.u.i.k.p.r.p.TestFile    ... success: reloaded. 
86046      INFO  main            d.u.i.k.p.r.p.TestFile    Now processing file /home/runner/work/key/key/key.core/../key.ui/examples/redux/arrays/Arrays.fill.float.key 
86047      INFO  main            d.u.i.k.p.i.AbstractProblemLoader Loading environment from /home/runner/work/key/key/key.core/../key.ui/examples/redux/arrays/Arrays.fill.float.key 
86047      DEBUG main            d.u.i.k.p.i.AbstractProblemLoader Environment load took 223.31ns 
86048      INFO  main            d.u.i.k.p.i.AbstractProblemLoader Creating init config 
89565      DEBUG main            d.u.i.k.p.i.AbstractProblemLoader Init config took 3.52s 
89631      INFO  main            d.u.i.k.p.i.AbstractProblemLoader Replaying proof Arrays[Arrays::fill([F,float)].JML normal_behavior operation contract.0 
89632      DEBUG main            d.u.i.k.p.i.IntermediateProofReplayer Proof replay took 6.3ns 
89835      INFO  main            d.u.i.k.p.r.p.TestFile    ... finished proof: closed. 
90065      INFO  main            d.u.i.k.p.i.AbstractProblemLoader Loading environment from /home/runner/work/key/key/key.core/../key.ui/examples/redux/arrays/Arrays.fill.float.key.proof 
90065      DEBUG main            d.u.i.k.p.i.AbstractProblemLoader Environment load took 135.9ns 
90066      INFO  main            d.u.i.k.p.i.AbstractProblemLoader Creating init config 
93529      DEBUG main            d.u.i.k.p.i.AbstractProblemLoader Init config took 3.46s 
93570      INFO  main            d.u.i.k.p.i.AbstractProblemLoader Replaying proof Arrays[Arrays::fill([F,float)].JML normal_behavior operation contract.0 
93622      DEBUG main            d.u.i.k.p.i.IntermediateProofReplayer Proof replay took 49.48ms 
93623      DEBUG main            d.u.i.k.p.r.p.TestFile    ... success: reloaded. 
93624      INFO  main            d.u.i.k.p.r.p.TestFile    Now processing file /home/runner/work/key/key/key.core/../key.ui/examples/redux/arrays/Arrays.fillFromTo.key 
93624      INFO  main            d.u.i.k.p.i.AbstractProblemLoader Loading environment from /home/runner/work/key/key/key.core/../key.ui/examples/redux/arrays/Arrays.fillFromTo.key 
93625      DEBUG main            d.u.i.k.p.i.AbstractProblemLoader Environment load took 108.5ns 
93626      INFO  main            d.u.i.k.p.i.AbstractProblemLoader Creating init config 
97071      DEBUG main            d.u.i.k.p.i.AbstractProblemLoader Init config took 3.45s 
97113      INFO  main            d.u.i.k.p.i.AbstractProblemLoader Replaying proof Arrays[Arrays::fill([I,int,int,int)].JML normal_behavior operation contract.0 
97114      DEBUG main            d.u.i.k.p.i.IntermediateProofReplayer Proof replay took 6.5ns 
97720      INFO  main            d.u.i.k.p.r.p.TestFile    ... finished proof: closed. 
98029      INFO  main            d.u.i.k.p.i.AbstractProblemLoader Loading environment from /home/runner/work/key/key/key.core/../key.ui/examples/redux/arrays/Arrays.fillFromTo.key.proof 
98029      DEBUG main            d.u.i.k.p.i.AbstractProblemLoader Environment load took 555.61ns 
98031      INFO  main            d.u.i.k.p.i.AbstractProblemLoader Creating init config 
101480     DEBUG main            d.u.i.k.p.i.AbstractProblemLoader Init config took 3.45s 
101522     INFO  main            d.u.i.k.p.i.AbstractProblemLoader Replaying proof Arrays[Arrays::fill([I,int,int,int)].JML normal_behavior operation contract.0 
101652     DEBUG main            d.u.i.k.p.i.IntermediateProofReplayer Proof replay took 125.47ms 
101653     DEBUG main            d.u.i.k.p.r.p.TestFile    ... success: reloaded. 
101654     INFO  main            d.u.i.k.p.r.p.TestFile    Now processing file /home/runner/work/key/key/key.core/../key.ui/examples/redux/arrays/Arrays.fillFromTo.float.key 
101655     INFO  main            d.u.i.k.p.i.AbstractProblemLoader Loading environment from /home/runner/work/key/key/key.core/../key.ui/examples/redux/arrays/Arrays.fillFromTo.float.key 
101655     DEBUG main            d.u.i.k.p.i.AbstractProblemLoader Environment load took 202.31ns 
101656     INFO  main            d.u.i.k.p.i.AbstractProblemLoader Creating init config 
105260     DEBUG main            d.u.i.k.p.i.AbstractProblemLoader Init config took 3.6s 
105320     INFO  main            d.u.i.k.p.i.AbstractProblemLoader Replaying proof Arrays[Arrays::fill([F,int,int,float)].JML normal_behavior operation contract.0 
105321     DEBUG main            d.u.i.k.p.i.IntermediateProofReplayer Proof replay took 7.6ns 
106028     INFO  main            d.u.i.k.p.r.p.TestFile    ... finished proof: closed. 
106293     INFO  main            d.u.i.k.p.i.AbstractProblemLoader Loading environment from /home/runner/work/key/key/key.core/../key.ui/examples/redux/arrays/Arrays.fillFromTo.float.key.proof 
106294     DEBUG main            d.u.i.k.p.i.AbstractProblemLoader Environment load took 395.21ns 
106295     INFO  main            d.u.i.k.p.i.AbstractProblemLoader Creating init config 
109812     DEBUG main            d.u.i.k.p.i.AbstractProblemLoader Init config took 3.52s 
109853     INFO  main            d.u.i.k.p.i.AbstractProblemLoader Replaying proof Arrays[Arrays::fill([F,int,int,float)].JML normal_behavior operation contract.0 
110035     DEBUG main            d.u.i.k.p.i.IntermediateProofReplayer Proof replay took 176.73ms 
110036     DEBUG main            d.u.i.k.p.r.p.TestFile    ... success: reloaded. 
110037     INFO  main            d.u.i.k.p.r.p.TestFile    Now processing file /home/runner/work/key/key/key.core/../key.ui/examples/redux/arrays/ArrayCopy.arraycopy.normal.0.key 
110038     INFO  main            d.u.i.k.p.i.AbstractProblemLoader Loading environment from /home/runner/work/key/key/key.core/../key.ui/examples/redux/arrays/ArrayCopy.arraycopy.normal.0.key 
110038     DEBUG main            d.u.i.k.p.i.AbstractProblemLoader Environment load took 221.6ns 
110039     INFO  main            d.u.i.k.p.i.AbstractProblemLoader Creating init config 
113478     DEBUG main            d.u.i.k.p.i.AbstractProblemLoader Init config took 3.44s 
113518     INFO  main            d.u.i.k.p.i.AbstractProblemLoader Replaying proof ArrayCopy[ArrayCopy::arraycopy(java.lang.Object,int,java.lang.Object,int,int)].JML normal_behavior operation contract.0 
113519     DEBUG main            d.u.i.k.p.i.IntermediateProofReplayer Proof replay took 6.7ns 
120521     INFO  main            d.u.i.k.p.r.p.TestFile    ... finished proof: closed. 
120788     INFO  main            d.u.i.k.p.i.AbstractProblemLoader Loading environment from /home/runner/work/key/key/key.core/../key.ui/examples/redux/arrays/ArrayCopy.arraycopy.normal.0.key.proof 
120788     DEBUG main            d.u.i.k.p.i.AbstractProblemLoader Environment load took 208.81ns 
120791     INFO  main            d.u.i.k.p.i.AbstractProblemLoader Creating init config 
124291     DEBUG main            d.u.i.k.p.i.AbstractProblemLoader Init config took 3.5s 
124332     INFO  main            d.u.i.k.p.i.AbstractProblemLoader Replaying proof ArrayCopy[ArrayCopy::arraycopy(java.lang.Object,int,java.lang.Object,int,int)].JML normal_behavior operation contract.0 
125435     DEBUG main            d.u.i.k.p.i.IntermediateProofReplayer Proof replay took 1.09s 
125437     DEBUG main            d.u.i.k.p.r.p.TestFile    ... success: reloaded. 
125439     INFO  main            d.u.i.k.p.r.p.TestFile    Now processing file /home/runner/work/key/key/key.core/../key.ui/examples/redux/arrays/ArrayCopy.arraycopy.exceptional.0.key 
125439     INFO  main            d.u.i.k.p.i.AbstractProblemLoader Loading environment from /home/runner/work/key/key/key.core/../key.ui/examples/redux/arrays/ArrayCopy.arraycopy.exceptional.0.key 
125439     DEBUG main            d.u.i.k.p.i.AbstractProblemLoader Environment load took 207.1ns 
125440     INFO  main            d.u.i.k.p.i.AbstractProblemLoader Creating init config 
128954     DEBUG main            d.u.i.k.p.i.AbstractProblemLoader Init config took 3.51s 
128994     INFO  main            d.u.i.k.p.i.AbstractProblemLoader Replaying proof ArrayCopy[ArrayCopy::arraycopy(java.lang.Object,int,java.lang.Object,int,int)].JML exceptional_behavior operation contract.0 
128996     DEBUG main            d.u.i.k.p.i.IntermediateProofReplayer Proof replay took 7.8ns 
129398     INFO  main            d.u.i.k.p.r.p.TestFile    ... finished proof: closed. 
129654     INFO  main            d.u.i.k.p.i.AbstractProblemLoader Loading environment from /home/runner/work/key/key/key.core/../key.ui/examples/redux/arrays/ArrayCopy.arraycopy.exceptional.0.key.proof 
129654     DEBUG main            d.u.i.k.p.i.AbstractProblemLoader Environment load took 181.9ns 
129656     INFO  main            d.u.i.k.p.i.AbstractProblemLoader Creating init config 
133135     DEBUG main            d.u.i.k.p.i.AbstractProblemLoader Init config took 3.48s 
133176     INFO  main            d.u.i.k.p.i.AbstractProblemLoader Replaying proof ArrayCopy[ArrayCopy::arraycopy(java.lang.Object,int,java.lang.Object,int,int)].JML exceptional_behavior operation contract.0 
133310     DEBUG main            d.u.i.k.p.i.IntermediateProofReplayer Proof replay took 131.45ms 
133311     DEBUG main            d.u.i.k.p.r.p.TestFile    ... success: reloaded. 
133312     INFO  main            d.u.i.k.p.r.p.TestFile    Now processing file /home/runner/work/key/key/key.core/../key.ui/examples/redux/arrays/ArrayCopy.arraycopy.exceptional.1.key 
133313     INFO  main            d.u.i.k.p.i.AbstractProblemLoader Loading environment from /home/runner/work/key/key/key.core/../key.ui/examples/redux/arrays/ArrayCopy.arraycopy.exceptional.1.key 
133313     DEBUG main            d.u.i.k.p.i.AbstractProblemLoader Environment load took 215.6ns 
133314     INFO  main            d.u.i.k.p.i.AbstractProblemLoader Creating init config 
136820     DEBUG main            d.u.i.k.p.i.AbstractProblemLoader Init config took 3.51s 
136862     INFO  main            d.u.i.k.p.i.AbstractProblemLoader Replaying proof ArrayCopy[ArrayCopy::arraycopy(java.lang.Object,int,java.lang.Object,int,int)].JML exceptional_behavior operation contract.1 
136864     DEBUG main            d.u.i.k.p.i.IntermediateProofReplayer Proof replay took 7.3ns 
143653     INFO  main            d.u.i.k.p.r.p.TestFile    ... finished proof: closed. 
143918     INFO  main            d.u.i.k.p.i.AbstractProblemLoader Loading environment from /home/runner/work/key/key/key.core/../key.ui/examples/redux/arrays/ArrayCopy.arraycopy.exceptional.1.key.proof 
143918     DEBUG main            d.u.i.k.p.i.AbstractProblemLoader Environment load took 260.51ns 
143921     INFO  main            d.u.i.k.p.i.AbstractProblemLoader Creating init config 
147341     DEBUG main            d.u.i.k.p.i.AbstractProblemLoader Init config took 3.42s 
147379     INFO  main            d.u.i.k.p.i.AbstractProblemLoader Replaying proof ArrayCopy[ArrayCopy::arraycopy(java.lang.Object,int,java.lang.Object,int,int)].JML exceptional_behavior operation contract.1 
149214     DEBUG main            d.u.i.k.p.i.IntermediateProofReplayer Proof replay took 1.79s 
149217     DEBUG main            d.u.i.k.p.r.p.TestFile    ... success: reloaded. 
6270848    INFO  Test worker     d.u.i.k.p.r.RunAllProofsTestUnit Returning from test redux 
]]></system-out>
  <system-err><![CDATA[ANTLR Tool version 4.12.0 used for code generation does not match the current runtime version 4.13.0
ANTLR Tool version 4.12.0 used for code generation does not match the current runtime version 4.13.0
ANTLR Tool version 4.12.0 used for code generation does not match the current runtime version 4.13.0
ANTLR Tool version 4.12.0 used for code generation does not match the current runtime version 4.13.0
ANTLR Tool version 4.12.0 used for code generation does not match the current runtime version 4.13.0
ANTLR Tool version 4.12.0 used for code generation does not match the current runtime version 4.13.0
ANTLR Tool version 4.12.0 used for code generation does not match the current runtime version 4.13.0
ANTLR Tool version 4.12.0 used for code generation does not match the current runtime version 4.13.0
ANTLR Tool version 4.12.0 used for code generation does not match the current runtime version 4.13.0
ANTLR Tool version 4.12.0 used for code generation does not match the current runtime version 4.13.0
ANTLR Tool version 4.12.0 used for code generation does not match the current runtime version 4.13.0
ANTLR Tool version 4.12.0 used for code generation does not match the current runtime version 4.13.0
ANTLR Tool version 4.12.0 used for code generation does not match the current runtime version 4.13.0
ANTLR Tool version 4.12.0 used for code generation does not match the current runtime version 4.13.0
ANTLR Tool version 4.12.0 used for code generation does not match the current runtime version 4.13.0
ANTLR Tool version 4.12.0 used for code generation does not match the current runtime version 4.13.0
ANTLR Tool version 4.12.0 used for code generation does not match the current runtime version 4.13.0
ANTLR Tool version 4.12.0 used for code generation does not match the current runtime version 4.13.0
ANTLR Tool version 4.12.0 used for code generation does not match the current runtime version 4.13.0
ANTLR Tool version 4.12.0 used for code generation does not match the current runtime version 4.13.0
ANTLR Tool version 4.12.0 used for code generation does not match the current runtime version 4.13.0
ANTLR Tool version 4.12.0 used for code generation does not match the current runtime version 4.13.0
ANTLR Tool version 4.12.0 used for code generation does not match the current runtime version 4.13.0
ANTLR Tool version 4.12.0 used for code generation does not match the current runtime version 4.13.0
ANTLR Tool version 4.12.0 used for code generation does not match the current runtime version 4.13.0
ANTLR Tool version 4.12.0 used for code generation does not match the current runtime version 4.13.0
ANTLR Tool version 4.12.0 used for code generation does not match the current runtime version 4.13.0
ANTLR Tool version 4.12.0 used for code generation does not match the current runtime version 4.13.0
ANTLR Tool version 4.12.0 used for code generation does not match the current runtime version 4.13.0
ANTLR Tool version 4.12.0 used for code generation does not match the current runtime version 4.13.0
ANTLR Tool version 4.12.0 used for code generation does not match the current runtime version 4.13.0
ANTLR Tool version 4.12.0 used for code generation does not match the current runtime version 4.13.0
ANTLR Tool version 4.12.0 used for code generation does not match the current runtime version 4.13.0
ANTLR Tool version 4.12.0 used for code generation does not match the current runtime version 4.13.0
ANTLR Tool version 4.12.0 used for code generation does not match the current runtime version 4.13.0
ANTLR Tool version 4.12.0 used for code generation does not match the current runtime version 4.13.0
ANTLR Tool version 4.12.0 used for code generation does not match the current runtime version 4.13.0
ANTLR Tool version 4.12.0 used for code generation does not match the current runtime version 4.13.0
ANTLR Tool version 4.12.0 used for code generation does not match the current runtime version 4.13.0
ANTLR Tool version 4.12.0 used for code generation does not match the current runtime version 4.13.0
ANTLR Tool version 4.12.0 used for code generation does not match the current runtime version 4.13.0
ANTLR Tool version 4.12.0 used for code generation does not match the current runtime version 4.13.0
ANTLR Tool version 4.12.0 used for code generation does not match the current runtime version 4.13.0
ANTLR Tool version 4.12.0 used for code generation does not match the current runtime version 4.13.0
ANTLR Tool version 4.12.0 used for code generation does not match the current runtime version 4.13.0
ANTLR Tool version 4.12.0 used for code generation does not match the current runtime version 4.13.0
ANTLR Tool version 4.12.0 used for code generation does not match the current runtime version 4.13.0
ANTLR Tool version 4.12.0 used for code generation does not match the current runtime version 4.13.0
ANTLR Tool version 4.12.0 used for code generation does not match the current runtime version 4.13.0
ANTLR Tool version 4.12.0 used for code generation does not match the current runtime version 4.13.0
ANTLR Tool version 4.12.0 used for code generation does not match the current runtime version 4.13.0
ANTLR Tool version 4.12.0 used for code generation does not match the current runtime version 4.13.0
ANTLR Tool version 4.12.0 used for code generation does not match the current runtime version 4.13.0
ANTLR Tool version 4.12.0 used for code generation does not match the current runtime version 4.13.0
ANTLR Tool version 4.12.0 used for code generation does not match the current runtime version 4.13.0
ANTLR Tool version 4.12.0 used for code generation does not match the current runtime version 4.13.0
ANTLR Tool version 4.12.0 used for code generation does not match the current runtime version 4.13.0
ANTLR Tool version 4.12.0 used for code generation does not match the current runtime version 4.13.0
ANTLR Tool version 4.12.0 used for code generation does not match the current runtime version 4.13.0
ANTLR Tool version 4.12.0 used for code generation does not match the current runtime version 4.13.0
ANTLR Tool version 4.12.0 used for code generation does not match the current runtime version 4.13.0
ANTLR Tool version 4.12.0 used for code generation does not match the current runtime version 4.13.0
ANTLR Tool version 4.12.0 used for code generation does not match the current runtime version 4.13.0
ANTLR Tool version 4.12.0 used for code generation does not match the current runtime version 4.13.0
ANTLR Tool version 4.12.0 used for code generation does not match the current runtime version 4.13.0
ANTLR Tool version 4.12.0 used for code generation does not match the current runtime version 4.13.0
ANTLR Tool version 4.12.0 used for code generation does not match the current runtime version 4.13.0
ANTLR Tool version 4.12.0 used for code generation does not match the current runtime version 4.13.0
ANTLR Tool version 4.12.0 used for code generation does not match the current runtime version 4.13.0
ANTLR Tool version 4.12.0 used for code generation does not match the current runtime version 4.13.0
ANTLR Tool version 4.12.0 used for code generation does not match the current runtime version 4.13.0
ANTLR Tool version 4.12.0 used for code generation does not match the current runtime version 4.13.0
ANTLR Tool version 4.12.0 used for code generation does not match the current runtime version 4.13.0
ANTLR Tool version 4.12.0 used for code generation does not match the current runtime version 4.13.0
ANTLR Tool version 4.12.0 used for code generation does not match the current runtime version 4.13.0
ANTLR Tool version 4.12.0 used for code generation does not match the current runtime version 4.13.0
ANTLR Tool version 4.12.0 used for code generation does not match the current runtime version 4.13.0
ANTLR Tool version 4.12.0 used for code generation does not match the current runtime version 4.13.0
ANTLR Tool version 4.12.0 used for code generation does not match the current runtime version 4.13.0
ANTLR Tool version 4.12.0 used for code generation does not match the current runtime version 4.13.0
ANTLR Tool version 4.12.0 used for code generation does not match the current runtime version 4.13.0
ANTLR Tool version 4.12.0 used for code generation does not match the current runtime version 4.13.0
ANTLR Tool version 4.12.0 used for code generation does not match the current runtime version 4.13.0
ANTLR Tool version 4.12.0 used for code generation does not match the current runtime version 4.13.0
ANTLR Tool version 4.12.0 used for code generation does not match the current runtime version 4.13.0
ANTLR Tool version 4.12.0 used for code generation does not match the current runtime version 4.13.0
ANTLR Tool version 4.12.0 used for code generation does not match the current runtime version 4.13.0
ANTLR Tool version 4.12.0 used for code generation does not match the current runtime version 4.13.0
ANTLR Tool version 4.12.0 used for code generation does not match the current runtime version 4.13.0
ANTLR Tool version 4.12.0 used for code generation does not match the current runtime version 4.13.0
ANTLR Tool version 4.12.0 used for code generation does not match the current runtime version 4.13.0
ANTLR Tool version 4.12.0 used for code generation does not match the current runtime version 4.13.0
ANTLR Tool version 4.12.0 used for code generation does not match the current runtime version 4.13.0
ANTLR Tool version 4.12.0 used for code generation does not match the current runtime version 4.13.0
ANTLR Tool version 4.12.0 used for code generation does not match the current runtime version 4.13.0
ANTLR Tool version 4.12.0 used for code generation does not match the current runtime version 4.13.0
ANTLR Tool version 4.12.0 used for code generation does not match the current runtime version 4.13.0
ANTLR Tool version 4.12.0 used for code generation does not match the current runtime version 4.13.0
ANTLR Tool version 4.12.0 used for code generation does not match the current runtime version 4.13.0
ANTLR Tool version 4.12.0 used for code generation does not match the current runtime version 4.13.0
ANTLR Tool version 4.12.0 used for code generation does not match the current runtime version 4.13.0
ANTLR Tool version 4.12.0 used for code generation does not match the current runtime version 4.13.0
ANTLR Tool version 4.12.0 used for code generation does not match the current runtime version 4.13.0
ANTLR Tool version 4.12.0 used for code generation does not match the current runtime version 4.13.0
ANTLR Tool version 4.12.0 used for code generation does not match the current runtime version 4.13.0
ANTLR Tool version 4.12.0 used for code generation does not match the current runtime version 4.13.0
ANTLR Tool version 4.12.0 used for code generation does not match the current runtime version 4.13.0
ANTLR Tool version 4.12.0 used for code generation does not match the current runtime version 4.13.0
ANTLR Tool version 4.12.0 used for code generation does not match the current runtime version 4.13.0
ANTLR Tool version 4.12.0 used for code generation does not match the current runtime version 4.13.0
ANTLR Tool version 4.12.0 used for code generation does not match the current runtime version 4.13.0
ANTLR Tool version 4.12.0 used for code generation does not match the current runtime version 4.13.0
ANTLR Tool version 4.12.0 used for code generation does not match the current runtime version 4.13.0
ANTLR Tool version 4.12.0 used for code generation does not match the current runtime version 4.13.0
ANTLR Tool version 4.12.0 used for code generation does not match the current runtime version 4.13.0
ANTLR Tool version 4.12.0 used for code generation does not match the current runtime version 4.13.0
ANTLR Tool version 4.12.0 used for code generation does not match the current runtime version 4.13.0
ANTLR Tool version 4.12.0 used for code generation does not match the current runtime version 4.13.0
ANTLR Tool version 4.12.0 used for code generation does not match the current runtime version 4.13.0
ANTLR Tool version 4.12.0 used for code generation does not match the current runtime version 4.13.0
ANTLR Tool version 4.12.0 used for code generation does not match the current runtime version 4.13.0
ANTLR Tool version 4.12.0 used for code generation does not match the current runtime version 4.13.0
ANTLR Tool version 4.12.0 used for code generation does not match the current runtime version 4.13.0
ANTLR Tool version 4.12.0 used for code generation does not match the current runtime version 4.13.0
ANTLR Tool version 4.12.0 used for code generation does not match the current runtime version 4.13.0
ANTLR Tool version 4.12.0 used for code generation does not match the current runtime version 4.13.0
ANTLR Tool version 4.12.0 used for code generation does not match the current runtime version 4.13.0
ANTLR Tool version 4.12.0 used for code generation does not match the current runtime version 4.13.0
ANTLR Tool version 4.12.0 used for code generation does not match the current runtime version 4.13.0
ANTLR Tool version 4.12.0 used for code generation does not match the current runtime version 4.13.0
ANTLR Tool version 4.12.0 used for code generation does not match the current runtime version 4.13.0
ANTLR Tool version 4.12.0 used for code generation does not match the current runtime version 4.13.0
ANTLR Tool version 4.12.0 used for code generation does not match the current runtime version 4.13.0
ANTLR Tool version 4.12.0 used for code generation does not match the current runtime version 4.13.0
ANTLR Tool version 4.12.0 used for code generation does not match the current runtime version 4.13.0
ANTLR Tool version 4.12.0 used for code generation does not match the current runtime version 4.13.0
]]></system-err>
</testsuite>
