<?xml version="1.0" encoding="UTF-8"?>
<testsuite name="de.uka.ilkd.key.symbolic_execution.testcase.strategy.TestMethodBreakpointWithHitCount" tests="1" skipped="0" failures="0" errors="0" timestamp="2023-01-31T16:42:28" hostname="fv-az987-979" time="5.275">
  <properties/>
  <testcase name="testBreakpointStopCondition()" classname="de.uka.ilkd.key.symbolic_execution.testcase.strategy.TestMethodBreakpointWithHitCount" time="5.275"/>
  <system-out><![CDATA[]]></system-out>
  <system-err><![CDATA[]]></system-err>
</testsuite>
