<?xml version="1.0" encoding="UTF-8"?>
<testsuite name="de.uka.ilkd.key.util.DesignTests" tests="3" skipped="1" failures="0" errors="0" timestamp="2023-03-20T13:25:46" hostname="fv-az622-219" time="0.329">
  <properties/>
  <testcase name="testHashCodeImplemented()" classname="de.uka.ilkd.key.util.DesignTests" time="0.27"/>
  <testcase name="xtestTermSubclassVisibility()" classname="de.uka.ilkd.key.util.DesignTests" time="0.0">
    <skipped/>
  </testcase>
  <testcase name="testGuiSep()" classname="de.uka.ilkd.key.util.DesignTests" time="0.059"/>
  <system-out><![CDATA[]]></system-out>
  <system-err><![CDATA[]]></system-err>
</testsuite>
