<?xml version="1.0" encoding="UTF-8"?>
<testsuite name="de.uka.ilkd.key.rule.merge.MergeRuleTests" tests="11" skipped="0" failures="0" errors="0" timestamp="2023-05-02T16:41:21" hostname="fv-az456-320" time="88.715">
  <properties/>
  <testcase name="testDoManualGcdProof()" classname="de.uka.ilkd.key.rule.merge.MergeRuleTests" time="24.409"/>
  <testcase name="testLoadProofWithDiffVarsWithSameNameAndMPS()" classname="de.uka.ilkd.key.rule.merge.MergeRuleTests" time="4.05"/>
  <testcase name="testDoAutomaticGcdProofWithMergePointStatementAndBlockContract()" classname="de.uka.ilkd.key.rule.merge.MergeRuleTests" time="14.413"/>
  <testcase name="testLoadGcdProofWithPredAbstrAndUserChoices()" classname="de.uka.ilkd.key.rule.merge.MergeRuleTests" time="6.13"/>
  <testcase name="testLoadGcdProofWithPredAbstr()" classname="de.uka.ilkd.key.rule.merge.MergeRuleTests" time="5.284"/>
  <testcase name="testMergeThreeIndistinguishablePathConditionsWithITE()" classname="de.uka.ilkd.key.rule.merge.MergeRuleTests" time="3.424"/>
  <testcase name="testMergeIndistinguishablePathConditionsWithFullAnonymization()" classname="de.uka.ilkd.key.rule.merge.MergeRuleTests" time="3.377"/>
  <testcase name="testLoadClosedGcdProofWithMergePointStatements()" classname="de.uka.ilkd.key.rule.merge.MergeRuleTests" time="5.27"/>
  <testcase name="testMergeIndistinguishablePathConditionsWithITE()" classname="de.uka.ilkd.key.rule.merge.MergeRuleTests" time="3.376"/>
  <testcase name="testDoAutomaticGcdProofWithMergePointStatements()" classname="de.uka.ilkd.key.rule.merge.MergeRuleTests" time="14.103"/>
  <testcase name="testLoadGcdProof()" classname="de.uka.ilkd.key.rule.merge.MergeRuleTests" time="4.879"/>
  <system-out><![CDATA[543794     INFO  Test worker     d.u.i.k.p.i.AbstractProblemLoader Loading environment from src\test\resources\testcase\merge\gcd.key 
543794     DEBUG Test worker     d.u.i.k.p.i.AbstractProblemLoader Environment load took 496.1ns 
543794     INFO  Test worker     d.u.i.k.p.i.AbstractProblemLoader Creating init config 
543951     DEBUG Test worker     d.u.i.k.j.TypeConverter   No LDT found for Meta 
543951     DEBUG Test worker     d.u.i.k.j.TypeConverter   No LDT found for Meta 
543951     DEBUG Test worker     d.u.i.k.j.TypeConverter   No LDT found for Meta 
543951     DEBUG Test worker     d.u.i.k.j.TypeConverter   No LDT found for Meta 
544545     DEBUG Test worker     d.u.i.k.j.TypeConverter   No LDT found for JavaBigintExpression 
548455     DEBUG Test worker     d.u.i.k.p.i.AbstractProblemLoader Init config took 4.66s 
548517     INFO  Test worker     d.u.i.k.p.i.AbstractProblemLoader Replaying proof Gcd[Gcd::gcd(int,int)].JML normal_behavior operation contract.0 
548517     DEBUG Test worker     d.u.i.k.p.i.IntermediateProofReplayer Proof replay took 10.8ns 
568202     INFO  Test worker     d.u.i.k.p.i.AbstractProblemLoader Loading environment from src\test\resources\testcase\merge\A.differentVarsWithSameName.MPS.cut.closed.proof 
568202     DEBUG Test worker     d.u.i.k.p.i.AbstractProblemLoader Environment load took 2.29ms 
568217     INFO  Test worker     d.u.i.k.p.i.AbstractProblemLoader Creating init config 
571846     DEBUG Test worker     d.u.i.k.p.i.AbstractProblemLoader Init config took 3.64s 
571908     INFO  Test worker     d.u.i.k.p.i.AbstractProblemLoader Replaying proof A[A::m(boolean)].JML operation contract.0 
572252     DEBUG Test worker     d.u.i.k.p.i.IntermediateProofReplayer Proof replay took 344.55ms 
572252     INFO  Test worker     d.u.i.k.p.i.AbstractProblemLoader Loading environment from src\test\resources\testcase\merge\gcd.MPSAndBlockContract.key 
572252     DEBUG Test worker     d.u.i.k.p.i.AbstractProblemLoader Environment load took 116.6ns 
572268     INFO  Test worker     d.u.i.k.p.i.AbstractProblemLoader Creating init config 
575864     DEBUG Test worker     d.u.i.k.p.i.AbstractProblemLoader Init config took 3.6s 
575910     INFO  Test worker     d.u.i.k.p.i.AbstractProblemLoader Replaying proof Gcd[Gcd::gcdMPSAndBlockContract(int,int)].JML normal_behavior operation contract.0 
575910     DEBUG Test worker     d.u.i.k.p.i.IntermediateProofReplayer Proof replay took 18.3ns 
586666     INFO  Test worker     d.u.i.k.p.i.AbstractProblemLoader Loading environment from src\test\resources\testcase\merge\gcd.closed.predicateAbstractionWithUserChoices.proof 
586666     DEBUG Test worker     d.u.i.k.p.i.AbstractProblemLoader Environment load took 147.1ns 
586666     INFO  Test worker     d.u.i.k.p.i.AbstractProblemLoader Creating init config 
590309     DEBUG Test worker     d.u.i.k.p.i.AbstractProblemLoader Init config took 3.64s 
590434     INFO  Test worker     d.u.i.k.p.i.AbstractProblemLoader Replaying proof Gcd[Gcd::gcd(int,int)].JML normal_behavior operation contract.0 
592779     DEBUG Test worker     d.u.i.k.p.i.IntermediateProofReplayer Proof replay took 1.59s 
592795     INFO  Test worker     d.u.i.k.p.i.AbstractProblemLoader Loading environment from src\test\resources\testcase\merge\gcd.closed.predicateabstraction.proof 
592795     DEBUG Test worker     d.u.i.k.p.i.AbstractProblemLoader Environment load took 183.6ns 
592795     INFO  Test worker     d.u.i.k.p.i.AbstractProblemLoader Creating init config 
596578     DEBUG Test worker     d.u.i.k.p.i.AbstractProblemLoader Init config took 3.78s 
596625     INFO  Test worker     d.u.i.k.p.i.AbstractProblemLoader Replaying proof Gcd[Gcd::gcd(int,int)].JML normal_behavior operation contract.0 
598079     DEBUG Test worker     d.u.i.k.p.i.IntermediateProofReplayer Proof replay took 1.39s 
598079     INFO  Test worker     d.u.i.k.p.i.AbstractProblemLoader Loading environment from src\test\resources\testcase\merge\IndistinguishablePathConditions.twoJoins.proof 
598079     DEBUG Test worker     d.u.i.k.p.i.AbstractProblemLoader Environment load took 219ns 
598079     INFO  Test worker     d.u.i.k.p.i.AbstractProblemLoader Creating init config 
601472     DEBUG Test worker     d.u.i.k.p.i.AbstractProblemLoader Init config took 3.39s 
601503     INFO  Test worker     d.u.i.k.p.i.AbstractProblemLoader Replaying proof IndistinguishablePathConditions.twoJoins.proof 
601503     DEBUG Test worker     d.u.i.k.p.i.IntermediateProofReplayer Proof replay took 1.22ms 
601503     INFO  Test worker     d.u.i.k.p.i.AbstractProblemLoader Loading environment from src\test\resources\testcase\merge\IndistinguishablePathConditions.proof 
601503     DEBUG Test worker     d.u.i.k.p.i.AbstractProblemLoader Environment load took 400.9ns 
601503     INFO  Test worker     d.u.i.k.p.i.AbstractProblemLoader Creating init config 
604833     DEBUG Test worker     d.u.i.k.p.i.AbstractProblemLoader Init config took 3.32s 
604849     INFO  Test worker     d.u.i.k.p.i.AbstractProblemLoader Replaying proof IndistinguishablePathConditions.proof 
604849     DEBUG Test worker     d.u.i.k.p.i.IntermediateProofReplayer Proof replay took 738ns 
604880     INFO  Test worker     d.u.i.k.p.i.AbstractProblemLoader Loading environment from src\test\resources\testcase\merge\gcd.mergePointStatements.closed.proof 
604880     DEBUG Test worker     d.u.i.k.p.i.AbstractProblemLoader Environment load took 144.5ns 
604880     INFO  Test worker     d.u.i.k.p.i.AbstractProblemLoader Creating init config 
608367     DEBUG Test worker     d.u.i.k.p.i.AbstractProblemLoader Init config took 3.48s 
608430     INFO  Test worker     d.u.i.k.p.i.AbstractProblemLoader Replaying proof Gcd[Gcd::gcdMPS(int,int)].JML normal_behavior operation contract.0 
610150     DEBUG Test worker     d.u.i.k.p.i.IntermediateProofReplayer Proof replay took 1.66s 
610150     INFO  Test worker     d.u.i.k.p.i.AbstractProblemLoader Loading environment from src\test\resources\testcase\merge\IndistinguishablePathConditions.proof 
610150     DEBUG Test worker     d.u.i.k.p.i.AbstractProblemLoader Environment load took 156.4ns 
610165     INFO  Test worker     d.u.i.k.p.i.AbstractProblemLoader Creating init config 
613510     DEBUG Test worker     d.u.i.k.p.i.AbstractProblemLoader Init config took 3.35s 
613526     INFO  Test worker     d.u.i.k.p.i.AbstractProblemLoader Replaying proof IndistinguishablePathConditions.proof 
613526     DEBUG Test worker     d.u.i.k.p.i.IntermediateProofReplayer Proof replay took 925.9ns 
613526     INFO  Test worker     d.u.i.k.p.i.AbstractProblemLoader Loading environment from src\test\resources\testcase\merge\gcd.mergePointStatements.key 
613526     DEBUG Test worker     d.u.i.k.p.i.AbstractProblemLoader Environment load took 395ns 
613526     INFO  Test worker     d.u.i.k.p.i.AbstractProblemLoader Creating init config 
617075     DEBUG Test worker     d.u.i.k.p.i.AbstractProblemLoader Init config took 3.54s 
617122     INFO  Test worker     d.u.i.k.p.i.AbstractProblemLoader Replaying proof Gcd[Gcd::gcdMPS(int,int)].JML normal_behavior operation contract.0 
617122     DEBUG Test worker     d.u.i.k.p.i.IntermediateProofReplayer Proof replay took 25.1ns 
627644     INFO  Test worker     d.u.i.k.p.i.AbstractProblemLoader Loading environment from src\test\resources\testcase\merge\gcd.closed.proof 
627644     DEBUG Test worker     d.u.i.k.p.i.AbstractProblemLoader Environment load took 728.4ns 
627644     INFO  Test worker     d.u.i.k.p.i.AbstractProblemLoader Creating init config 
631132     DEBUG Test worker     d.u.i.k.p.i.AbstractProblemLoader Init config took 3.49s 
631195     INFO  Test worker     d.u.i.k.p.i.AbstractProblemLoader Replaying proof Gcd[Gcd::gcd(int,int)].JML normal_behavior operation contract.0 
632492     DEBUG Test worker     d.u.i.k.p.i.IntermediateProofReplayer Proof replay took 1.26s 
]]></system-out>
  <system-err><![CDATA[]]></system-err>
</testsuite>
