<?xml version="1.0" encoding="UTF-8"?>
<testsuite name="de.uka.ilkd.key.parser.TestTermParserSorts" tests="2" skipped="0" failures="0" errors="0" timestamp="2023-05-02T16:40:33" hostname="fv-az456-320" time="3.366">
  <properties/>
  <testcase name="testParseIntegerArgs()" classname="de.uka.ilkd.key.parser.TestTermParserSorts" time="0.026"/>
  <testcase name="testParseSequencePrettySyntax()" classname="de.uka.ilkd.key.parser.TestTermParserSorts" time="0.004"/>
  <system-out><![CDATA[495405     INFO  Test worker     d.u.i.k.n.KeyIO           Parsing took 0 ms 
495405     DEBUG Test worker     d.u.i.k.n.KeyIO           Load declarations of de.uka.ilkd.key.nparser.KeyAst$File:  <unknown>:1#1 
495405     INFO  Test worker     d.u.i.k.n.KeyIO           MODE: declarations took 0 ms 
495406     DEBUG Test worker     d.u.i.k.n.KeyIO           MODE: 2nd degree decls took 0 
495406     INFO  Test worker     d.u.i.k.n.KeyIO           Parsing took 0 ms 
495406     DEBUG Test worker     d.u.i.k.n.KeyIO           Load declarations of de.uka.ilkd.key.nparser.KeyAst$File:  <unknown>:1#1 
495406     INFO  Test worker     d.u.i.k.n.KeyIO           MODE: declarations took 0 ms 
495406     DEBUG Test worker     d.u.i.k.n.KeyIO           MODE: 2nd degree decls took 0 
495406     INFO  Test worker     d.u.i.k.n.KeyIO           Parsing took 0 ms 
495406     DEBUG Test worker     d.u.i.k.n.KeyIO           Load declarations of de.uka.ilkd.key.nparser.KeyAst$File:  <unknown>:1#1 
495406     INFO  Test worker     d.u.i.k.n.KeyIO           MODE: declarations took 0 ms 
495406     DEBUG Test worker     d.u.i.k.n.KeyIO           MODE: 2nd degree decls took 0 
498767     INFO  Test worker     d.u.i.k.n.KeyIO           Parsing took 0 ms 
498767     DEBUG Test worker     d.u.i.k.n.KeyIO           Load declarations of de.uka.ilkd.key.nparser.KeyAst$File:  <unknown>:1#1 
498767     INFO  Test worker     d.u.i.k.n.KeyIO           MODE: declarations took 0 ms 
498767     DEBUG Test worker     d.u.i.k.n.KeyIO           MODE: 2nd degree decls took 0 
498767     INFO  Test worker     d.u.i.k.n.KeyIO           Parsing took 0 ms 
498767     DEBUG Test worker     d.u.i.k.n.KeyIO           Load declarations of de.uka.ilkd.key.nparser.KeyAst$File:  <unknown>:1#1 
498767     INFO  Test worker     d.u.i.k.n.KeyIO           MODE: declarations took 0 ms 
498767     DEBUG Test worker     d.u.i.k.n.KeyIO           MODE: 2nd degree decls took 0 
498767     INFO  Test worker     d.u.i.k.n.KeyIO           Parsing took 0 ms 
498767     DEBUG Test worker     d.u.i.k.n.KeyIO           Load declarations of de.uka.ilkd.key.nparser.KeyAst$File:  <unknown>:1#1 
498767     INFO  Test worker     d.u.i.k.n.KeyIO           MODE: declarations took 0 ms 
498767     DEBUG Test worker     d.u.i.k.n.KeyIO           MODE: 2nd degree decls took 0 
]]></system-out>
  <system-err><![CDATA[]]></system-err>
</testsuite>
