<?xml version="1.0" encoding="UTF-8"?>
<testsuite name="de.uka.ilkd.key.parser.TestDeclParser" tests="14" skipped="2" failures="0" errors="0" timestamp="2023-05-02T16:36:28" hostname="fv-az456-320" time="12.682">
  <properties/>
  <testcase name="testGenericSortDecl1()" classname="de.uka.ilkd.key.parser.TestDeclParser" time="1.108"/>
  <testcase name="testGenericSortDecl2()" classname="de.uka.ilkd.key.parser.TestDeclParser" time="0.998"/>
  <testcase name="testGenericSortDecl3()" classname="de.uka.ilkd.key.parser.TestDeclParser" time="1.095"/>
  <testcase name="testGenericSortDecl4()" classname="de.uka.ilkd.key.parser.TestDeclParser" time="1.08"/>
  <testcase name="testGenericSortDecl5()" classname="de.uka.ilkd.key.parser.TestDeclParser" time="0.0">
    <skipped/>
  </testcase>
  <testcase name="testGenericSortDecl6()" classname="de.uka.ilkd.key.parser.TestDeclParser" time="0.997"/>
  <testcase name="testSortDecl()" classname="de.uka.ilkd.key.parser.TestDeclParser" time="1.064"/>
  <testcase name="testProxySortDecl()" classname="de.uka.ilkd.key.parser.TestDeclParser" time="1.004"/>
  <testcase name="testArrayDecl()" classname="de.uka.ilkd.key.parser.TestDeclParser" time="1.113"/>
  <testcase name="testAmbiguousDecls()" classname="de.uka.ilkd.key.parser.TestDeclParser" time="0.0">
    <skipped/>
  </testcase>
  <testcase name="testHeurDecl()" classname="de.uka.ilkd.key.parser.TestDeclParser" time="1.067"/>
  <testcase name="testFunctionDecl()" classname="de.uka.ilkd.key.parser.TestDeclParser" time="0.991"/>
  <testcase name="testPredicateDecl()" classname="de.uka.ilkd.key.parser.TestDeclParser" time="1.07"/>
  <testcase name="testSVDecl()" classname="de.uka.ilkd.key.parser.TestDeclParser" time="1.091"/>
  <system-out><![CDATA[251658     INFO  Test worker     d.u.i.k.n.KeyIO           Parsing took 0 ms 
251658     DEBUG Test worker     d.u.i.k.n.KeyIO           Load declarations of de.uka.ilkd.key.nparser.KeyAst$File:  <unknown>:1#1 
251658     INFO  Test worker     d.u.i.k.n.KeyIO           MODE: declarations took 0 ms 
251658     DEBUG Test worker     d.u.i.k.n.KeyIO           MODE: 2nd degree decls took 0 
251658     DEBUG Test worker     d.u.i.k.n.KeyIO           MODE: taclets took 0ms 
252658     INFO  Test worker     d.u.i.k.n.KeyIO           Parsing took 0 ms 
252658     DEBUG Test worker     d.u.i.k.n.KeyIO           Load declarations of de.uka.ilkd.key.nparser.KeyAst$File:  <unknown>:1#1 
252658     INFO  Test worker     d.u.i.k.n.KeyIO           MODE: declarations took 0 ms 
252658     DEBUG Test worker     d.u.i.k.n.KeyIO           MODE: 2nd degree decls took 0 
252658     DEBUG Test worker     d.u.i.k.n.KeyIO           MODE: taclets took 0ms 
253753     INFO  Test worker     d.u.i.k.n.KeyIO           Parsing took 0 ms 
253753     DEBUG Test worker     d.u.i.k.n.KeyIO           Load declarations of de.uka.ilkd.key.nparser.KeyAst$File:  <unknown>:1#1 
253753     INFO  Test worker     d.u.i.k.n.KeyIO           MODE: declarations took 0 ms 
253753     DEBUG Test worker     d.u.i.k.n.KeyIO           MODE: 2nd degree decls took 0 
253753     DEBUG Test worker     d.u.i.k.n.KeyIO           MODE: taclets took 0ms 
254831     INFO  Test worker     d.u.i.k.n.KeyIO           Parsing took 0 ms 
254831     DEBUG Test worker     d.u.i.k.n.KeyIO           Load declarations of de.uka.ilkd.key.nparser.KeyAst$File:  <unknown>:1#1 
254831     INFO  Test worker     d.u.i.k.n.KeyIO           MODE: declarations took 0 ms 
254831     DEBUG Test worker     d.u.i.k.n.KeyIO           MODE: 2nd degree decls took 0 
254831     DEBUG Test worker     d.u.i.k.n.KeyIO           MODE: taclets took 0ms 
255832     INFO  Test worker     d.u.i.k.n.KeyIO           Parsing took 0 ms 
255832     DEBUG Test worker     d.u.i.k.n.KeyIO           Load declarations of de.uka.ilkd.key.nparser.KeyAst$File:  <unknown>:1#1 
255832     INFO  Test worker     d.u.i.k.n.KeyIO           MODE: declarations took 0 ms 
255832     DEBUG Test worker     d.u.i.k.n.KeyIO           MODE: 2nd degree decls took 0 
255832     DEBUG Test worker     d.u.i.k.n.KeyIO           MODE: taclets took 0ms 
256896     INFO  Test worker     d.u.i.k.n.KeyIO           Parsing took 0 ms 
256896     DEBUG Test worker     d.u.i.k.n.KeyIO           Load declarations of de.uka.ilkd.key.nparser.KeyAst$File:  <unknown>:1#1 
256896     INFO  Test worker     d.u.i.k.n.KeyIO           MODE: declarations took 0 ms 
256896     DEBUG Test worker     d.u.i.k.n.KeyIO           MODE: 2nd degree decls took 0 
256896     DEBUG Test worker     d.u.i.k.n.KeyIO           MODE: taclets took 0ms 
257897     INFO  Test worker     d.u.i.k.n.KeyIO           Parsing took 0 ms 
257897     DEBUG Test worker     d.u.i.k.n.KeyIO           Load declarations of de.uka.ilkd.key.nparser.KeyAst$File:  <unknown>:1#1 
257897     INFO  Test worker     d.u.i.k.n.KeyIO           MODE: declarations took 0 ms 
257897     DEBUG Test worker     d.u.i.k.n.KeyIO           MODE: 2nd degree decls took 0 
257897     DEBUG Test worker     d.u.i.k.n.KeyIO           MODE: taclets took 0ms 
259006     INFO  Test worker     d.u.i.k.n.KeyIO           Parsing took 0 ms 
259006     DEBUG Test worker     d.u.i.k.n.KeyIO           Load declarations of de.uka.ilkd.key.nparser.KeyAst$File:  <unknown>:1#1 
259006     INFO  Test worker     d.u.i.k.n.KeyIO           MODE: declarations took 0 ms 
259006     DEBUG Test worker     d.u.i.k.n.KeyIO           MODE: 2nd degree decls took 0 
259006     DEBUG Test worker     d.u.i.k.n.KeyIO           MODE: taclets took 0ms 
260085     INFO  Test worker     d.u.i.k.n.KeyIO           Parsing took 0 ms 
260085     DEBUG Test worker     d.u.i.k.n.KeyIO           Load declarations of de.uka.ilkd.key.nparser.KeyAst$File:  <unknown>:1#1 
260085     INFO  Test worker     d.u.i.k.n.KeyIO           MODE: declarations took 0 ms 
260085     DEBUG Test worker     d.u.i.k.n.KeyIO           MODE: 2nd degree decls took 0 
260085     DEBUG Test worker     d.u.i.k.n.KeyIO           MODE: taclets took 0ms 
261070     INFO  Test worker     d.u.i.k.n.KeyIO           Parsing took 0 ms 
261070     DEBUG Test worker     d.u.i.k.n.KeyIO           Load declarations of de.uka.ilkd.key.nparser.KeyAst$File:  <unknown>:1#1 
261070     INFO  Test worker     d.u.i.k.n.KeyIO           MODE: declarations took 0 ms 
261070     DEBUG Test worker     d.u.i.k.n.KeyIO           MODE: 2nd degree decls took 0 
261070     DEBUG Test worker     d.u.i.k.n.KeyIO           MODE: taclets took 0ms 
262149     INFO  Test worker     d.u.i.k.n.KeyIO           Parsing took 0 ms 
262149     DEBUG Test worker     d.u.i.k.n.KeyIO           Load declarations of de.uka.ilkd.key.nparser.KeyAst$File:  <unknown>:1#1 
262149     INFO  Test worker     d.u.i.k.n.KeyIO           MODE: declarations took 0 ms 
262149     DEBUG Test worker     d.u.i.k.n.KeyIO           MODE: 2nd degree decls took 0 
262149     DEBUG Test worker     d.u.i.k.n.KeyIO           MODE: taclets took 0ms 
263227     INFO  Test worker     d.u.i.k.n.KeyIO           Parsing took 0 ms 
263227     DEBUG Test worker     d.u.i.k.n.KeyIO           Load declarations of de.uka.ilkd.key.nparser.KeyAst$File:  <unknown>:1#1 
263227     INFO  Test worker     d.u.i.k.n.KeyIO           MODE: declarations took 0 ms 
263227     DEBUG Test worker     d.u.i.k.n.KeyIO           MODE: 2nd degree decls took 0 
263227     DEBUG Test worker     d.u.i.k.n.KeyIO           MODE: taclets took 0ms 
]]></system-out>
  <system-err><![CDATA[]]></system-err>
</testsuite>
