<?xml version="1.0" encoding="UTF-8"?>
<testsuite name="de.uka.ilkd.key.proof.TestOneStepSimplifier" tests="1" skipped="0" failures="0" errors="0" timestamp="2023-05-02T16:40:36" hostname="fv-az456-320" time="4.516">
  <properties/>
  <testcase name="loadWithRestriction()" classname="de.uka.ilkd.key.proof.TestOneStepSimplifier" time="4.516"/>
  <system-out><![CDATA[498830     INFO  Test worker     d.u.i.k.p.i.AbstractProblemLoader Loading environment from src\test\resources\testcase\ossRestriction.proof 
498830     DEBUG Test worker     d.u.i.k.p.i.AbstractProblemLoader Environment load took 181.7ns 
498845     INFO  Test worker     d.u.i.k.p.i.AbstractProblemLoader Creating init config 
499001     DEBUG Test worker     d.u.i.k.j.TypeConverter   No LDT found for Meta 
499001     DEBUG Test worker     d.u.i.k.j.TypeConverter   No LDT found for Meta 
499001     DEBUG Test worker     d.u.i.k.j.TypeConverter   No LDT found for Meta 
499001     DEBUG Test worker     d.u.i.k.j.TypeConverter   No LDT found for Meta 
499752     DEBUG Test worker     d.u.i.k.j.TypeConverter   No LDT found for JavaBigintExpression 
503316     DEBUG Test worker     d.u.i.k.p.i.AbstractProblemLoader Init config took 4.48s 
503347     INFO  Test worker     d.u.i.k.p.i.AbstractProblemLoader Replaying proof ossRestriction.proof 
503347     DEBUG Test worker     d.u.i.k.p.i.IntermediateProofReplayer Proof replay took 1.03ms 
]]></system-out>
  <system-err><![CDATA[]]></system-err>
</testsuite>
