<?xml version="1.0" encoding="UTF-8"?>
<testsuite name="de.uka.ilkd.key.rule.merge.PredicateAbstractionLatticeTests" tests="3" skipped="0" failures="0" errors="0" timestamp="2023-05-02T16:42:50" hostname="fv-az456-320" time="6.895">
  <properties/>
  <testcase name="testToAndFromString()" classname="de.uka.ilkd.key.rule.merge.PredicateAbstractionLatticeTests" time="3.469"/>
  <testcase name="testCreateSignLatticeWithPredicates()" classname="de.uka.ilkd.key.rule.merge.PredicateAbstractionLatticeTests" time="3.426"/>
  <testcase name="testTrivialPredicatesLattice()" classname="de.uka.ilkd.key.rule.merge.PredicateAbstractionLatticeTests" time="0.0"/>
  <system-out><![CDATA[632508     INFO  Test worker     d.u.i.k.p.i.AbstractProblemLoader Loading environment from src\test\resources\testcase\merge\dummy.key 
632508     DEBUG Test worker     d.u.i.k.p.i.AbstractProblemLoader Environment load took 242.3ns 
632508     INFO  Test worker     d.u.i.k.p.i.AbstractProblemLoader Creating init config 
635946     DEBUG Test worker     d.u.i.k.p.i.AbstractProblemLoader Init config took 3.45s 
635978     INFO  Test worker     d.u.i.k.p.i.AbstractProblemLoader Replaying proof dummy.key 
635978     DEBUG Test worker     d.u.i.k.p.i.IntermediateProofReplayer Proof replay took 10ns 
635978     INFO  Test worker     d.u.i.k.p.i.AbstractProblemLoader Loading environment from src\test\resources\testcase\merge\dummy.key 
635978     DEBUG Test worker     d.u.i.k.p.i.AbstractProblemLoader Environment load took 132.5ns 
635978     INFO  Test worker     d.u.i.k.p.i.AbstractProblemLoader Creating init config 
639388     DEBUG Test worker     d.u.i.k.p.i.AbstractProblemLoader Init config took 3.41s 
639404     INFO  Test worker     d.u.i.k.p.i.AbstractProblemLoader Replaying proof dummy.key 
639404     DEBUG Test worker     d.u.i.k.p.i.IntermediateProofReplayer Proof replay took 9ns 
]]></system-out>
  <system-err><![CDATA[]]></system-err>
</testsuite>
