<?xml version="1.0" encoding="UTF-8"?>
<testsuite name="de.uka.ilkd.key.parser.TestParser" tests="5" skipped="1" failures="0" errors="0" timestamp="2023-05-02T16:38:07" hostname="fv-az456-320" time="5.585">
  <properties/>
  <testcase name="testConstantEvaluationError()" classname="de.uka.ilkd.key.parser.TestParser" time="1.11"/>
  <testcase name="testGenericSort()" classname="de.uka.ilkd.key.parser.TestParser" time="0.003"/>
  <testcase name="testIssue1566()" classname="de.uka.ilkd.key.parser.TestParser" time="3.467"/>
  <testcase name="testIssue39()" classname="de.uka.ilkd.key.parser.TestParser" time="1.001"/>
  <testcase name="testRelativeInclude()" classname="de.uka.ilkd.key.parser.TestParser" time="0.002">
    <skipped/>
  </testcase>
  <system-out><![CDATA[349400     INFO  Test worker     d.u.i.k.p.i.AbstractProblemLoader Loading environment from src\test\resources\testcase\parserErrorTest\AssignToArray.java 
349400     DEBUG Test worker     d.u.i.k.p.i.AbstractProblemLoader Environment load took 130.3ns 
349400     INFO  Test worker     d.u.i.k.p.i.AbstractProblemLoader Creating init config 
350510     INFO  Test worker     d.u.i.k.n.KeyIO           Parsing took 0 ms 
350510     DEBUG Test worker     d.u.i.k.n.KeyIO           Load declarations of de.uka.ilkd.key.nparser.KeyAst$File:  <unknown>:1#1 
350510     INFO  Test worker     d.u.i.k.n.KeyIO           MODE: declarations took 0 ms 
350510     DEBUG Test worker     d.u.i.k.n.KeyIO           MODE: 2nd degree decls took 0 
350510     DEBUG Test worker     d.u.i.k.n.KeyIO           MODE: taclets took 0ms 
350510     INFO  Test worker     d.u.i.k.p.i.AbstractProblemLoader Loading environment from src\test\resources\testcase\issues\1566\a.key 
350510     DEBUG Test worker     d.u.i.k.p.i.AbstractProblemLoader Environment load took 204.4ns 
350510     INFO  Test worker     d.u.i.k.p.i.AbstractProblemLoader Creating init config 
353965     DEBUG Test worker     d.u.i.k.p.i.AbstractProblemLoader Init config took 3.45s 
353981     INFO  Test worker     d.u.i.k.p.i.AbstractProblemLoader Replaying proof a.key 
353981     DEBUG Test worker     d.u.i.k.p.i.IntermediateProofReplayer Proof replay took 9.7ns 
353997     INFO  Test worker     d.u.i.k.p.i.AbstractProblemLoader Loading environment from src\test\resources\testcase\issues\39\A.java 
353997     DEBUG Test worker     d.u.i.k.p.i.AbstractProblemLoader Environment load took 205.5ns 
353997     INFO  Test worker     d.u.i.k.p.i.AbstractProblemLoader Creating init config 
]]></system-out>
  <system-err><![CDATA[]]></system-err>
</testsuite>
