<?xml version="1.0" encoding="UTF-8"?>
<testsuite name="de.uka.ilkd.key.logic.TestClashFreeSubst" tests="14" skipped="2" failures="0" errors="0" timestamp="2023-05-02T16:33:03" hostname="fv-az456-320" time="56.684">
  <properties/>
  <testcase name="testMultiShareBound()" classname="de.uka.ilkd.key.logic.TestClashFreeSubst" time="1.106"/>
  <testcase name="testClash()" classname="de.uka.ilkd.key.logic.TestClashFreeSubst" time="1.092"/>
  <testcase name="testShare()" classname="de.uka.ilkd.key.logic.TestClashFreeSubst" time="1.038"/>
  <testcase name="testSubst()" classname="de.uka.ilkd.key.logic.TestClashFreeSubst" time="1.046"/>
  <testcase name="testWary0()" classname="de.uka.ilkd.key.logic.TestClashFreeSubst" time="1.058"/>
  <testcase name="testWary1()" classname="de.uka.ilkd.key.logic.TestClashFreeSubst" time="1.046"/>
  <testcase name="testWary2()" classname="de.uka.ilkd.key.logic.TestClashFreeSubst" time="1.059"/>
  <testcase name="testClashInSubstTerm()" classname="de.uka.ilkd.key.logic.TestClashFreeSubst" time="1.043"/>
  <testcase name="testShareWary()" classname="de.uka.ilkd.key.logic.TestClashFreeSubst" time="1.062"/>
  <testcase name="testMultiSubst()" classname="de.uka.ilkd.key.logic.TestClashFreeSubst" time="1.022"/>
  <testcase name="xtestMultiClash()" classname="de.uka.ilkd.key.logic.TestClashFreeSubst" time="0.0">
    <skipped/>
  </testcase>
  <testcase name="testSubstInSubstTerm()" classname="de.uka.ilkd.key.logic.TestClashFreeSubst" time="1.065"/>
  <testcase name="testSubstWary()" classname="de.uka.ilkd.key.logic.TestClashFreeSubst" time="1.017"/>
  <testcase name="xtestMultiClash1()" classname="de.uka.ilkd.key.logic.TestClashFreeSubst" time="0.0">
    <skipped/>
  </testcase>
  <system-out><![CDATA[46026      INFO  Test worker     d.u.i.k.n.KeyIO           Parsing took 0 ms 
46026      DEBUG Test worker     d.u.i.k.n.KeyIO           Load declarations of de.uka.ilkd.key.nparser.KeyAst$File:  <unknown>:1#1 
46026      INFO  Test worker     d.u.i.k.n.KeyIO           MODE: declarations took 0 ms 
46042      DEBUG Test worker     d.u.i.k.n.KeyIO           MODE: 2nd degree decls took 16 
47120      INFO  Test worker     d.u.i.k.n.KeyIO           Parsing took 0 ms 
47120      DEBUG Test worker     d.u.i.k.n.KeyIO           Load declarations of de.uka.ilkd.key.nparser.KeyAst$File:  <unknown>:1#1 
47136      INFO  Test worker     d.u.i.k.n.KeyIO           MODE: declarations took 16 ms 
47136      DEBUG Test worker     d.u.i.k.n.KeyIO           MODE: 2nd degree decls took 0 
50622      INFO  Test worker     d.u.i.k.n.KeyIO           Parsing took 0 ms 
50622      DEBUG Test worker     d.u.i.k.n.KeyIO           Load declarations of de.uka.ilkd.key.nparser.KeyAst$File:  <unknown>:1#1 
50638      INFO  Test worker     d.u.i.k.n.KeyIO           MODE: declarations took 16 ms 
50638      DEBUG Test worker     d.u.i.k.n.KeyIO           MODE: 2nd degree decls took 0 
51717      INFO  Test worker     d.u.i.k.n.KeyIO           Parsing took 0 ms 
51717      DEBUG Test worker     d.u.i.k.n.KeyIO           Load declarations of de.uka.ilkd.key.nparser.KeyAst$File:  <unknown>:1#1 
51717      INFO  Test worker     d.u.i.k.n.KeyIO           MODE: declarations took 0 ms 
51717      DEBUG Test worker     d.u.i.k.n.KeyIO           MODE: 2nd degree decls took 0 
55204      INFO  Test worker     d.u.i.k.n.KeyIO           Parsing took 0 ms 
55204      DEBUG Test worker     d.u.i.k.n.KeyIO           Load declarations of de.uka.ilkd.key.nparser.KeyAst$File:  <unknown>:1#1 
55204      INFO  Test worker     d.u.i.k.n.KeyIO           MODE: declarations took 0 ms 
55204      DEBUG Test worker     d.u.i.k.n.KeyIO           MODE: 2nd degree decls took 0 
56235      INFO  Test worker     d.u.i.k.n.KeyIO           Parsing took 0 ms 
56235      DEBUG Test worker     d.u.i.k.n.KeyIO           Load declarations of de.uka.ilkd.key.nparser.KeyAst$File:  <unknown>:1#1 
56235      INFO  Test worker     d.u.i.k.n.KeyIO           MODE: declarations took 0 ms 
56235      DEBUG Test worker     d.u.i.k.n.KeyIO           MODE: 2nd degree decls took 0 
59629      INFO  Test worker     d.u.i.k.n.KeyIO           Parsing took 0 ms 
59645      DEBUG Test worker     d.u.i.k.n.KeyIO           Load declarations of de.uka.ilkd.key.nparser.KeyAst$File:  <unknown>:1#1 
59645      INFO  Test worker     d.u.i.k.n.KeyIO           MODE: declarations took 0 ms 
59645      DEBUG Test worker     d.u.i.k.n.KeyIO           MODE: 2nd degree decls took 0 
60667      INFO  Test worker     d.u.i.k.n.KeyIO           Parsing took 0 ms 
60667      DEBUG Test worker     d.u.i.k.n.KeyIO           Load declarations of de.uka.ilkd.key.nparser.KeyAst$File:  <unknown>:1#1 
60667      INFO  Test worker     d.u.i.k.n.KeyIO           MODE: declarations took 0 ms 
60667      DEBUG Test worker     d.u.i.k.n.KeyIO           MODE: 2nd degree decls took 0 
64075      INFO  Test worker     d.u.i.k.n.KeyIO           Parsing took 0 ms 
64075      DEBUG Test worker     d.u.i.k.n.KeyIO           Load declarations of de.uka.ilkd.key.nparser.KeyAst$File:  <unknown>:1#1 
64075      INFO  Test worker     d.u.i.k.n.KeyIO           MODE: declarations took 0 ms 
64075      DEBUG Test worker     d.u.i.k.n.KeyIO           MODE: 2nd degree decls took 0 
65122      INFO  Test worker     d.u.i.k.n.KeyIO           Parsing took 0 ms 
65122      DEBUG Test worker     d.u.i.k.n.KeyIO           Load declarations of de.uka.ilkd.key.nparser.KeyAst$File:  <unknown>:1#1 
65122      INFO  Test worker     d.u.i.k.n.KeyIO           MODE: declarations took 0 ms 
65122      DEBUG Test worker     d.u.i.k.n.KeyIO           MODE: 2nd degree decls took 0 
68547      INFO  Test worker     d.u.i.k.n.KeyIO           Parsing took 0 ms 
68547      DEBUG Test worker     d.u.i.k.n.KeyIO           Load declarations of de.uka.ilkd.key.nparser.KeyAst$File:  <unknown>:1#1 
68547      INFO  Test worker     d.u.i.k.n.KeyIO           MODE: declarations took 0 ms 
68547      DEBUG Test worker     d.u.i.k.n.KeyIO           MODE: 2nd degree decls took 0 
69579      INFO  Test worker     d.u.i.k.n.KeyIO           Parsing took 0 ms 
69579      DEBUG Test worker     d.u.i.k.n.KeyIO           Load declarations of de.uka.ilkd.key.nparser.KeyAst$File:  <unknown>:1#1 
69579      INFO  Test worker     d.u.i.k.n.KeyIO           MODE: declarations took 0 ms 
69595      DEBUG Test worker     d.u.i.k.n.KeyIO           MODE: 2nd degree decls took 16 
73018      INFO  Test worker     d.u.i.k.n.KeyIO           Parsing took 0 ms 
73018      DEBUG Test worker     d.u.i.k.n.KeyIO           Load declarations of de.uka.ilkd.key.nparser.KeyAst$File:  <unknown>:1#1 
73018      INFO  Test worker     d.u.i.k.n.KeyIO           MODE: declarations took 0 ms 
73018      DEBUG Test worker     d.u.i.k.n.KeyIO           MODE: 2nd degree decls took 0 
74066      INFO  Test worker     d.u.i.k.n.KeyIO           Parsing took 0 ms 
74066      DEBUG Test worker     d.u.i.k.n.KeyIO           Load declarations of de.uka.ilkd.key.nparser.KeyAst$File:  <unknown>:1#1 
74066      INFO  Test worker     d.u.i.k.n.KeyIO           MODE: declarations took 0 ms 
74066      DEBUG Test worker     d.u.i.k.n.KeyIO           MODE: 2nd degree decls took 0 
77427      INFO  Test worker     d.u.i.k.n.KeyIO           Parsing took 0 ms 
77427      DEBUG Test worker     d.u.i.k.n.KeyIO           Load declarations of de.uka.ilkd.key.nparser.KeyAst$File:  <unknown>:1#1 
77427      INFO  Test worker     d.u.i.k.n.KeyIO           MODE: declarations took 0 ms 
77427      DEBUG Test worker     d.u.i.k.n.KeyIO           MODE: 2nd degree decls took 0 
78458      INFO  Test worker     d.u.i.k.n.KeyIO           Parsing took 0 ms 
78458      DEBUG Test worker     d.u.i.k.n.KeyIO           Load declarations of de.uka.ilkd.key.nparser.KeyAst$File:  <unknown>:1#1 
78458      INFO  Test worker     d.u.i.k.n.KeyIO           MODE: declarations took 0 ms 
78458      DEBUG Test worker     d.u.i.k.n.KeyIO           MODE: 2nd degree decls took 0 
81836      INFO  Test worker     d.u.i.k.n.KeyIO           Parsing took 0 ms 
81836      DEBUG Test worker     d.u.i.k.n.KeyIO           Load declarations of de.uka.ilkd.key.nparser.KeyAst$File:  <unknown>:1#1 
81836      INFO  Test worker     d.u.i.k.n.KeyIO           MODE: declarations took 0 ms 
81836      DEBUG Test worker     d.u.i.k.n.KeyIO           MODE: 2nd degree decls took 0 
82867      INFO  Test worker     d.u.i.k.n.KeyIO           Parsing took 0 ms 
82867      DEBUG Test worker     d.u.i.k.n.KeyIO           Load declarations of de.uka.ilkd.key.nparser.KeyAst$File:  <unknown>:1#1 
82867      INFO  Test worker     d.u.i.k.n.KeyIO           MODE: declarations took 0 ms 
82867      DEBUG Test worker     d.u.i.k.n.KeyIO           MODE: 2nd degree decls took 0 
86214      INFO  Test worker     d.u.i.k.n.KeyIO           Parsing took 0 ms 
86214      DEBUG Test worker     d.u.i.k.n.KeyIO           Load declarations of de.uka.ilkd.key.nparser.KeyAst$File:  <unknown>:1#1 
86214      INFO  Test worker     d.u.i.k.n.KeyIO           MODE: declarations took 0 ms 
86214      DEBUG Test worker     d.u.i.k.n.KeyIO           MODE: 2nd degree decls took 0 
87215      INFO  Test worker     d.u.i.k.n.KeyIO           Parsing took 0 ms 
87215      DEBUG Test worker     d.u.i.k.n.KeyIO           Load declarations of de.uka.ilkd.key.nparser.KeyAst$File:  <unknown>:1#1 
87215      INFO  Test worker     d.u.i.k.n.KeyIO           MODE: declarations took 0 ms 
87215      DEBUG Test worker     d.u.i.k.n.KeyIO           MODE: 2nd degree decls took 0 
93939      INFO  Test worker     d.u.i.k.n.KeyIO           Parsing took 0 ms 
93939      DEBUG Test worker     d.u.i.k.n.KeyIO           Load declarations of de.uka.ilkd.key.nparser.KeyAst$File:  <unknown>:1#1 
93939      INFO  Test worker     d.u.i.k.n.KeyIO           MODE: declarations took 0 ms 
93939      DEBUG Test worker     d.u.i.k.n.KeyIO           MODE: 2nd degree decls took 0 
95002      INFO  Test worker     d.u.i.k.n.KeyIO           Parsing took 0 ms 
95002      DEBUG Test worker     d.u.i.k.n.KeyIO           Load declarations of de.uka.ilkd.key.nparser.KeyAst$File:  <unknown>:1#1 
95002      INFO  Test worker     d.u.i.k.n.KeyIO           MODE: declarations took 0 ms 
95002      DEBUG Test worker     d.u.i.k.n.KeyIO           MODE: 2nd degree decls took 0 
98318      INFO  Test worker     d.u.i.k.n.KeyIO           Parsing took 0 ms 
98318      DEBUG Test worker     d.u.i.k.n.KeyIO           Load declarations of de.uka.ilkd.key.nparser.KeyAst$File:  <unknown>:1#1 
98318      INFO  Test worker     d.u.i.k.n.KeyIO           MODE: declarations took 0 ms 
98318      DEBUG Test worker     d.u.i.k.n.KeyIO           MODE: 2nd degree decls took 0 
99318      INFO  Test worker     d.u.i.k.n.KeyIO           Parsing took 0 ms 
99318      DEBUG Test worker     d.u.i.k.n.KeyIO           Load declarations of de.uka.ilkd.key.nparser.KeyAst$File:  <unknown>:1#1 
99318      INFO  Test worker     d.u.i.k.n.KeyIO           MODE: declarations took 0 ms 
99318      DEBUG Test worker     d.u.i.k.n.KeyIO           MODE: 2nd degree decls took 0 
]]></system-out>
  <system-err><![CDATA[]]></system-err>
</testsuite>
