<?xml version="1.0" encoding="UTF-8"?>
<testsuite name="recoder.testsuite.transformation.TransformationTests" tests="3" skipped="3" failures="0" errors="0" timestamp="2023-06-15T12:56:34" hostname="fv-az1113-293" time="0.007">
  <properties/>
  <testcase name="testReadOnly()" classname="recoder.testsuite.transformation.TransformationTests" time="0.0">
    <skipped/>
  </testcase>
  <testcase name="testDefaultConstructorReferences1()" classname="recoder.testsuite.transformation.TransformationTests" time="0.0">
    <skipped/>
  </testcase>
  <testcase name="testDefaultConstructorReferences2()" classname="recoder.testsuite.transformation.TransformationTests" time="0.0">
    <skipped/>
  </testcase>
  <system-out><![CDATA[]]></system-out>
  <system-err><![CDATA[]]></system-err>
</testsuite>
