<?xml version="1.0" encoding="UTF-8"?>
<testsuite name="de.uka.ilkd.key.testcase.smt.testgen.TestTestgen" tests="1" skipped="0" failures="0" errors="0" timestamp="2023-05-15T06:40:15" hostname="fv-az1100-952" time="4.347">
  <properties/>
  <testcase name="testMiddle()" classname="de.uka.ilkd.key.testcase.smt.testgen.TestTestgen" time="4.347"/>
  <system-out><![CDATA[14816      WARN  Test worker     d.u.i.k.t.s.t.TestTestgen Warning: Z3_CE is not installed, tests skipped. 
14824      WARN  Test worker     d.u.i.k.t.s.t.TestTestgen Maybe use JVM system property "z3SolverPath" to define the path to the Z3 command. 
14825      INFO  Test worker     d.u.i.k.p.i.AbstractProblemLoader Loading environment from src/test/resources/testcase/smt/tg/middle.key 
14825      DEBUG Test worker     d.u.i.k.p.i.AbstractProblemLoader Environment load took 278.8ns 
14827      INFO  Test worker     d.u.i.k.p.i.AbstractProblemLoader Creating init config 
18444      DEBUG Test worker     d.u.i.k.p.i.AbstractProblemLoader Init config took 3.62s 
18525      INFO  Test worker     d.u.i.k.p.i.AbstractProblemLoader Replaying proof Middle[Middle::middle(int,int,int)].JML normal_behavior operation contract.0 
18528      DEBUG Test worker     d.u.i.k.p.i.IntermediateProofReplayer Proof replay took 12.7ns 
]]></system-out>
  <system-err><![CDATA[]]></system-err>
</testsuite>
