<?xml version="1.0" encoding="UTF-8"?>
<testsuite name="recoder.testsuite.basic.analysis.LocalVariableXReferenceCompletenessTest" tests="1" skipped="0" failures="0" errors="0" timestamp="2023-02-01T22:43:03" hostname="fv-az341-754" time="0.002">
  <properties/>
  <testcase name="testLocalVariableXReferenceCompletenessTest" classname="recoder.testsuite.basic.analysis.LocalVariableXReferenceCompletenessTest" time="0.002"/>
  <system-out><![CDATA[]]></system-out>
  <system-err><![CDATA[]]></system-err>
</testsuite>
