<?xml version="1.0" encoding="UTF-8"?>
<testsuite name="de.uka.ilkd.key.logic.TestClashFreeSubst" tests="14" skipped="2" failures="0" errors="0" timestamp="2023-04-15T11:05:14" hostname="fv-az269-753" time="46.408">
  <properties/>
  <testcase name="testMultiShareBound()" classname="de.uka.ilkd.key.logic.TestClashFreeSubst" time="0.909"/>
  <testcase name="testClash()" classname="de.uka.ilkd.key.logic.TestClashFreeSubst" time="0.898"/>
  <testcase name="testShare()" classname="de.uka.ilkd.key.logic.TestClashFreeSubst" time="0.831"/>
  <testcase name="testSubst()" classname="de.uka.ilkd.key.logic.TestClashFreeSubst" time="0.874"/>
  <testcase name="testWary0()" classname="de.uka.ilkd.key.logic.TestClashFreeSubst" time="0.85"/>
  <testcase name="testWary1()" classname="de.uka.ilkd.key.logic.TestClashFreeSubst" time="0.862"/>
  <testcase name="testWary2()" classname="de.uka.ilkd.key.logic.TestClashFreeSubst" time="0.878"/>
  <testcase name="testClashInSubstTerm()" classname="de.uka.ilkd.key.logic.TestClashFreeSubst" time="0.848"/>
  <testcase name="testShareWary()" classname="de.uka.ilkd.key.logic.TestClashFreeSubst" time="0.849"/>
  <testcase name="testMultiSubst()" classname="de.uka.ilkd.key.logic.TestClashFreeSubst" time="0.841"/>
  <testcase name="xtestMultiClash()" classname="de.uka.ilkd.key.logic.TestClashFreeSubst" time="0.0">
    <skipped/>
  </testcase>
  <testcase name="testSubstInSubstTerm()" classname="de.uka.ilkd.key.logic.TestClashFreeSubst" time="0.86"/>
  <testcase name="testSubstWary()" classname="de.uka.ilkd.key.logic.TestClashFreeSubst" time="0.842"/>
  <testcase name="xtestMultiClash1()" classname="de.uka.ilkd.key.logic.TestClashFreeSubst" time="0.0">
    <skipped/>
  </testcase>
  <system-out><![CDATA[38359      INFO  Test worker     d.u.i.k.n.KeyIO           Parsing took 0 ms 
38359      INFO  Test worker     d.u.i.k.n.KeyIO           MODE: declarations took 0 ms 
39256      INFO  Test worker     d.u.i.k.n.KeyIO           Parsing took 0 ms 
39256      INFO  Test worker     d.u.i.k.n.KeyIO           MODE: declarations took 0 ms 
42196      INFO  Test worker     d.u.i.k.n.KeyIO           Parsing took 0 ms 
42196      INFO  Test worker     d.u.i.k.n.KeyIO           MODE: declarations took 0 ms 
43080      INFO  Test worker     d.u.i.k.n.KeyIO           Parsing took 0 ms 
43080      INFO  Test worker     d.u.i.k.n.KeyIO           MODE: declarations took 0 ms 
45918      INFO  Test worker     d.u.i.k.n.KeyIO           Parsing took 0 ms 
45918      INFO  Test worker     d.u.i.k.n.KeyIO           MODE: declarations took 0 ms 
46738      INFO  Test worker     d.u.i.k.n.KeyIO           Parsing took 0 ms 
46738      INFO  Test worker     d.u.i.k.n.KeyIO           MODE: declarations took 0 ms 
49550      INFO  Test worker     d.u.i.k.n.KeyIO           Parsing took 0 ms 
49550      INFO  Test worker     d.u.i.k.n.KeyIO           MODE: declarations took 0 ms 
50419      INFO  Test worker     d.u.i.k.n.KeyIO           Parsing took 0 ms 
50419      INFO  Test worker     d.u.i.k.n.KeyIO           MODE: declarations took 0 ms 
53213      INFO  Test worker     d.u.i.k.n.KeyIO           Parsing took 0 ms 
53229      INFO  Test worker     d.u.i.k.n.KeyIO           MODE: declarations took 0 ms 
54063      INFO  Test worker     d.u.i.k.n.KeyIO           Parsing took 0 ms 
54063      INFO  Test worker     d.u.i.k.n.KeyIO           MODE: declarations took 0 ms 
56789      INFO  Test worker     d.u.i.k.n.KeyIO           Parsing took 0 ms 
56789      INFO  Test worker     d.u.i.k.n.KeyIO           MODE: declarations took 0 ms 
57656      INFO  Test worker     d.u.i.k.n.KeyIO           Parsing took 0 ms 
57656      INFO  Test worker     d.u.i.k.n.KeyIO           MODE: declarations took 0 ms 
60425      INFO  Test worker     d.u.i.k.n.KeyIO           Parsing took 0 ms 
60425      INFO  Test worker     d.u.i.k.n.KeyIO           MODE: declarations took 0 ms 
61291      INFO  Test worker     d.u.i.k.n.KeyIO           Parsing took 0 ms 
61291      INFO  Test worker     d.u.i.k.n.KeyIO           MODE: declarations took 0 ms 
64066      INFO  Test worker     d.u.i.k.n.KeyIO           Parsing took 0 ms 
64066      INFO  Test worker     d.u.i.k.n.KeyIO           MODE: declarations took 0 ms 
64913      INFO  Test worker     d.u.i.k.n.KeyIO           Parsing took 0 ms 
64913      INFO  Test worker     d.u.i.k.n.KeyIO           MODE: declarations took 0 ms 
67632      INFO  Test worker     d.u.i.k.n.KeyIO           Parsing took 0 ms 
67632      INFO  Test worker     d.u.i.k.n.KeyIO           MODE: declarations took 0 ms 
68479      INFO  Test worker     d.u.i.k.n.KeyIO           Parsing took 0 ms 
68479      INFO  Test worker     d.u.i.k.n.KeyIO           MODE: declarations took 0 ms 
71205      INFO  Test worker     d.u.i.k.n.KeyIO           Parsing took 0 ms 
71205      INFO  Test worker     d.u.i.k.n.KeyIO           MODE: declarations took 0 ms 
72044      INFO  Test worker     d.u.i.k.n.KeyIO           Parsing took 0 ms 
72044      INFO  Test worker     d.u.i.k.n.KeyIO           MODE: declarations took 0 ms 
77518      INFO  Test worker     d.u.i.k.n.KeyIO           Parsing took 0 ms 
77518      INFO  Test worker     d.u.i.k.n.KeyIO           MODE: declarations took 0 ms 
78356      INFO  Test worker     d.u.i.k.n.KeyIO           Parsing took 0 ms 
78356      INFO  Test worker     d.u.i.k.n.KeyIO           MODE: declarations took 0 ms 
81091      INFO  Test worker     d.u.i.k.n.KeyIO           Parsing took 0 ms 
81095      INFO  Test worker     d.u.i.k.n.KeyIO           MODE: declarations took 4 ms 
81914      INFO  Test worker     d.u.i.k.n.KeyIO           Parsing took 0 ms 
81914      INFO  Test worker     d.u.i.k.n.KeyIO           MODE: declarations took 0 ms 
]]></system-out>
  <system-err><![CDATA[]]></system-err>
</testsuite>
