<?xml version="1.0" encoding="UTF-8"?>
<testsuite name="de.uka.ilkd.key.testcase.smt.testgen.TestTestgen" tests="1" skipped="0" failures="0" errors="0" timestamp="2023-06-15T12:47:01" hostname="fv-az1113-293" time="7.626">
  <properties/>
  <testcase name="testMiddle()" classname="de.uka.ilkd.key.testcase.smt.testgen.TestTestgen" time="7.626"/>
  <system-out><![CDATA[28441      WARN  Test worker     d.u.i.k.t.s.t.TestTestgen Warning: Z3_CE is not installed, tests skipped. 
28441      WARN  Test worker     d.u.i.k.t.s.t.TestTestgen Maybe use JVM system property "z3SolverPath" to define the path to the Z3 command. 
28441      INFO  Test worker     d.u.i.k.p.i.AbstractProblemLoader Loading environment from src\test\resources\testcase\smt\tg\middle.key 
28441      DEBUG Test worker     d.u.i.k.p.i.AbstractProblemLoader Environment load took 740.8ns 
28457      INFO  Test worker     d.u.i.k.p.i.AbstractProblemLoader Creating init config 
35058      DEBUG Test worker     d.u.i.k.p.i.AbstractProblemLoader Init config took 6.61s 
35199      INFO  Test worker     d.u.i.k.p.i.AbstractProblemLoader Replaying proof Middle[Middle::middle(int,int,int)].JML normal_behavior operation contract.0 
35199      DEBUG Test worker     d.u.i.k.p.i.IntermediateProofReplayer Proof replay took 25.3ns 
]]></system-out>
  <system-err><![CDATA[]]></system-err>
</testsuite>
