<?xml version="1.0" encoding="UTF-8"?>
<testsuite name="de.uka.ilkd.key.parser.TestTermParser" tests="47" skipped="4" failures="0" errors="0" timestamp="2023-04-03T14:52:11" hostname="fv-az441-869" time="3.592">
  <properties/>
  <testcase name="testNotEqual()" classname="de.uka.ilkd.key.parser.TestTermParser" time="0.003"/>
  <testcase name="testProgramVariables()" classname="de.uka.ilkd.key.parser.TestTermParser" time="0.055"/>
  <testcase name="testAttributeWithSpecifiedSortOnObject()" classname="de.uka.ilkd.key.parser.TestTermParser" time="0.005"/>
  <testcase name="testCast()" classname="de.uka.ilkd.key.parser.TestTermParser" time="0.002"/>
  <testcase name="testJavaQueryAndAttribute_all()" classname="de.uka.ilkd.key.parser.TestTermParser" time="0.0">
    <skipped/>
  </testcase>
  <testcase name="test10()" classname="de.uka.ilkd.key.parser.TestTermParser" time="0.004"/>
  <testcase name="test11()" classname="de.uka.ilkd.key.parser.TestTermParser" time="0.002"/>
  <testcase name="test12()" classname="de.uka.ilkd.key.parser.TestTermParser" time="0.0">
    <skipped/>
  </testcase>
  <testcase name="test13()" classname="de.uka.ilkd.key.parser.TestTermParser" time="0.006"/>
  <testcase name="test14()" classname="de.uka.ilkd.key.parser.TestTermParser" time="0.003"/>
  <testcase name="test1a()" classname="de.uka.ilkd.key.parser.TestTermParser" time="0.003"/>
  <testcase name="testJavaAttributeAccess_4()" classname="de.uka.ilkd.key.parser.TestTermParser" time="0.004"/>
  <testcase name="testAttributeOnObject()" classname="de.uka.ilkd.key.parser.TestTermParser" time="0.003"/>
  <testcase name="testNegativeLiteralParsing1()" classname="de.uka.ilkd.key.parser.TestTermParser" time="0.002"/>
  <testcase name="testNegativeLiteralParsing2()" classname="de.uka.ilkd.key.parser.TestTermParser" time="0.001"/>
  <testcase name="testNegativeLiteralParsing3()" classname="de.uka.ilkd.key.parser.TestTermParser" time="0.003"/>
  <testcase name="xtestParsingArrayWithSpaces()" classname="de.uka.ilkd.key.parser.TestTermParser" time="0.0">
    <skipped/>
  </testcase>
  <testcase name="testAmbigiousFuncVarPred()" classname="de.uka.ilkd.key.parser.TestTermParser" time="0.001"/>
  <testcase name="test1()" classname="de.uka.ilkd.key.parser.TestTermParser" time="0.003"/>
  <testcase name="test2()" classname="de.uka.ilkd.key.parser.TestTermParser" time="0.002"/>
  <testcase name="test3()" classname="de.uka.ilkd.key.parser.TestTermParser" time="0.002"/>
  <testcase name="test5()" classname="de.uka.ilkd.key.parser.TestTermParser" time="0.003"/>
  <testcase name="test6()" classname="de.uka.ilkd.key.parser.TestTermParser" time="0.002"/>
  <testcase name="test7()" classname="de.uka.ilkd.key.parser.TestTermParser" time="0.003"/>
  <testcase name="test8()" classname="de.uka.ilkd.key.parser.TestTermParser" time="0.003"/>
  <testcase name="test9()" classname="de.uka.ilkd.key.parser.TestTermParser" time="0.003"/>
  <testcase name="testBindingUpdateTerm()" classname="de.uka.ilkd.key.parser.TestTermParser" time="0.002"/>
  <testcase name="testJavaStaticQuery()" classname="de.uka.ilkd.key.parser.TestTermParser" time="0.003"/>
  <testcase name="testInfix1()" classname="de.uka.ilkd.key.parser.TestTermParser" time="0.001"/>
  <testcase name="testInfix2()" classname="de.uka.ilkd.key.parser.TestTermParser" time="0.002"/>
  <testcase name="testInfix3()" classname="de.uka.ilkd.key.parser.TestTermParser" time="0.002"/>
  <testcase name="testInfix4()" classname="de.uka.ilkd.key.parser.TestTermParser" time="0.002"/>
  <testcase name="testIfThenElse()" classname="de.uka.ilkd.key.parser.TestTermParser" time="0.001"/>
  <testcase name="testJavaAttributeAccessBoth_1()" classname="de.uka.ilkd.key.parser.TestTermParser" time="0.003"/>
  <testcase name="testJavaAttributeAccessBoth_2()" classname="de.uka.ilkd.key.parser.TestTermParser" time="0.002"/>
  <testcase name="testJavaAttributeAccessBoth_3()" classname="de.uka.ilkd.key.parser.TestTermParser" time="0.005"/>
  <testcase name="testBindingUpdateTerm_1()" classname="de.uka.ilkd.key.parser.TestTermParser" time="0.003"/>
  <testcase name="testBindingUpdateTerm_3()" classname="de.uka.ilkd.key.parser.TestTermParser" time="0.005"/>
  <testcase name="testBindingUpdateTerm_4()" classname="de.uka.ilkd.key.parser.TestTermParser" time="0.002"/>
  <testcase name="testBindingUpdateTerm_5()" classname="de.uka.ilkd.key.parser.TestTermParser" time="0.003"/>
  <testcase name="testBindingUpdateTerm_6()" classname="de.uka.ilkd.key.parser.TestTermParser" time="0.003"/>
  <testcase name="testBindingUpdateTerm_7()" classname="de.uka.ilkd.key.parser.TestTermParser" time="0.002"/>
  <testcase name="testBindingUpdateTerm_8()" classname="de.uka.ilkd.key.parser.TestTermParser" time="0.003"/>
  <testcase name="testParsingArray()" classname="de.uka.ilkd.key.parser.TestTermParser" time="0.004"/>
  <testcase name="xtestBindingUpdateTermOldBindingAlternative()" classname="de.uka.ilkd.key.parser.TestTermParser" time="0.0">
    <skipped/>
  </testcase>
  <testcase name="testJavaStaticQueryWithParameter()" classname="de.uka.ilkd.key.parser.TestTermParser" time="0.004"/>
  <testcase name="testParsingArrayCombination()" classname="de.uka.ilkd.key.parser.TestTermParser" time="0.003"/>
  <system-out><![CDATA[362406     INFO  Test worker     d.u.i.k.n.KeyIO           Parsing took 0 ms 
362407     INFO  Test worker     d.u.i.k.n.KeyIO           MODE: declarations took 0 ms 
362409     WARN  Test worker     d.u.i.k.j.r.KeYCrossReferenceNameInfo Datatype T declared twice: Once in UNKNOWN:unknown and once in UNKNOWN:unknown, Keeping one from UNKNOWN:unknown 
362482     INFO  Test worker     d.u.i.k.n.KeyIO           Parsing took 0 ms 
362482     INFO  Test worker     d.u.i.k.n.KeyIO           MODE: declarations took 0 ms 
362537     WARN  Test worker     d.u.i.k.j.r.KeYCrossReferenceNameInfo Datatype T declared twice: Once in UNKNOWN:unknown and once in UNKNOWN:unknown, Keeping one from UNKNOWN:unknown 
362615     INFO  Test worker     d.u.i.k.n.KeyIO           Parsing took 0 ms 
362615     INFO  Test worker     d.u.i.k.n.KeyIO           MODE: declarations took 0 ms 
362620     WARN  Test worker     d.u.i.k.j.r.KeYCrossReferenceNameInfo Datatype T declared twice: Once in UNKNOWN:unknown and once in UNKNOWN:unknown, Keeping one from UNKNOWN:unknown 
362693     INFO  Test worker     d.u.i.k.n.KeyIO           Parsing took 0 ms 
362694     INFO  Test worker     d.u.i.k.n.KeyIO           MODE: declarations took 1 ms 
362695     WARN  Test worker     d.u.i.k.j.r.KeYCrossReferenceNameInfo Datatype T declared twice: Once in UNKNOWN:unknown and once in UNKNOWN:unknown, Keeping one from UNKNOWN:unknown 
362764     WARN  Test worker     d.u.i.k.j.r.KeYCrossReferenceNameInfo Datatype T declared twice: Once in UNKNOWN:unknown and once in UNKNOWN:unknown, Keeping one from UNKNOWN:unknown 
362835     INFO  Test worker     d.u.i.k.n.KeyIO           Parsing took 1 ms 
362835     INFO  Test worker     d.u.i.k.n.KeyIO           MODE: declarations took 0 ms 
362837     INFO  Test worker     d.u.i.k.p.TestTermParser  Out: \<{
  int x = 1;
  {
    int s = 2;
  }
}\> (equals(x,x)) 
362839     WARN  Test worker     d.u.i.k.j.r.KeYCrossReferenceNameInfo Datatype T declared twice: Once in UNKNOWN:unknown and once in UNKNOWN:unknown, Keeping one from UNKNOWN:unknown 
362910     INFO  Test worker     d.u.i.k.n.KeyIO           Parsing took 1 ms 
362910     INFO  Test worker     d.u.i.k.n.KeyIO           MODE: declarations took 0 ms 
362911     INFO  Test worker     d.u.i.k.p.TestTermParser  Out: \[{
  int x = 2;
  {
    String s = ""}";
  }
}\] (true) 
362913     WARN  Test worker     d.u.i.k.j.r.KeYCrossReferenceNameInfo Datatype T declared twice: Once in UNKNOWN:unknown and once in UNKNOWN:unknown, Keeping one from UNKNOWN:unknown 
362983     WARN  Test worker     d.u.i.k.j.r.KeYCrossReferenceNameInfo Datatype T declared twice: Once in UNKNOWN:unknown and once in UNKNOWN:unknown, Keeping one from UNKNOWN:unknown 
363054     INFO  Test worker     d.u.i.k.n.KeyIO           Parsing took 0 ms 
363054     INFO  Test worker     d.u.i.k.n.KeyIO           MODE: declarations took 0 ms 
363060     WARN  Test worker     d.u.i.k.j.r.KeYCrossReferenceNameInfo Datatype T declared twice: Once in UNKNOWN:unknown and once in UNKNOWN:unknown, Keeping one from UNKNOWN:unknown 
363134     INFO  Test worker     d.u.i.k.n.KeyIO           Parsing took 0 ms 
363135     INFO  Test worker     d.u.i.k.n.KeyIO           MODE: declarations took 1 ms 
363137     INFO  Test worker     d.u.i.k.p.TestTermParser  Out: \<{
  int[] i;
}\> (diamond(true)) 
363138     WARN  Test worker     d.u.i.k.j.r.KeYCrossReferenceNameInfo Datatype T declared twice: Once in UNKNOWN:unknown and once in UNKNOWN:unknown, Keeping one from UNKNOWN:unknown 
363206     INFO  Test worker     d.u.i.k.n.KeyIO           Parsing took 0 ms 
363207     INFO  Test worker     d.u.i.k.n.KeyIO           MODE: declarations took 1 ms 
363210     WARN  Test worker     d.u.i.k.j.r.KeYCrossReferenceNameInfo Datatype T declared twice: Once in UNKNOWN:unknown and once in UNKNOWN:unknown, Keeping one from UNKNOWN:unknown 
363302     INFO  Test worker     d.u.i.k.n.KeyIO           Parsing took 1 ms 
363302     INFO  Test worker     d.u.i.k.n.KeyIO           MODE: declarations took 0 ms 
363305     WARN  Test worker     d.u.i.k.j.r.KeYCrossReferenceNameInfo Datatype T declared twice: Once in UNKNOWN:unknown and once in UNKNOWN:unknown, Keeping one from UNKNOWN:unknown 
363380     INFO  Test worker     d.u.i.k.n.KeyIO           Parsing took 1 ms 
363380     INFO  Test worker     d.u.i.k.n.KeyIO           MODE: declarations took 0 ms 
363383     WARN  Test worker     d.u.i.k.j.r.KeYCrossReferenceNameInfo Datatype T declared twice: Once in UNKNOWN:unknown and once in UNKNOWN:unknown, Keeping one from UNKNOWN:unknown 
363477     INFO  Test worker     d.u.i.k.n.KeyIO           Parsing took 0 ms 
363477     INFO  Test worker     d.u.i.k.n.KeyIO           MODE: declarations took 0 ms 
363478     WARN  Test worker     d.u.i.k.j.r.KeYCrossReferenceNameInfo Datatype T declared twice: Once in UNKNOWN:unknown and once in UNKNOWN:unknown, Keeping one from UNKNOWN:unknown 
363569     INFO  Test worker     d.u.i.k.n.KeyIO           Parsing took 1 ms 
363569     INFO  Test worker     d.u.i.k.n.KeyIO           MODE: declarations took 0 ms 
363570     WARN  Test worker     d.u.i.k.j.r.KeYCrossReferenceNameInfo Datatype T declared twice: Once in UNKNOWN:unknown and once in UNKNOWN:unknown, Keeping one from UNKNOWN:unknown 
363642     INFO  Test worker     d.u.i.k.n.KeyIO           Parsing took 0 ms 
363642     INFO  Test worker     d.u.i.k.n.KeyIO           MODE: declarations took 0 ms 
363644     WARN  Test worker     d.u.i.k.j.r.KeYCrossReferenceNameInfo Datatype T declared twice: Once in UNKNOWN:unknown and once in UNKNOWN:unknown, Keeping one from UNKNOWN:unknown 
363715     WARN  Test worker     d.u.i.k.j.r.KeYCrossReferenceNameInfo Datatype T declared twice: Once in UNKNOWN:unknown and once in UNKNOWN:unknown, Keeping one from UNKNOWN:unknown 
363785     INFO  Test worker     d.u.i.k.n.KeyIO           Parsing took 0 ms 
363786     INFO  Test worker     d.u.i.k.n.KeyIO           MODE: declarations took 0 ms 
363787     WARN  Test worker     d.u.i.k.j.r.KeYCrossReferenceNameInfo Datatype T declared twice: Once in UNKNOWN:unknown and once in UNKNOWN:unknown, Keeping one from UNKNOWN:unknown 
363859     INFO  Test worker     d.u.i.k.n.KeyIO           Parsing took 0 ms 
363859     INFO  Test worker     d.u.i.k.n.KeyIO           MODE: declarations took 0 ms 
363861     WARN  Test worker     d.u.i.k.j.r.KeYCrossReferenceNameInfo Datatype T declared twice: Once in UNKNOWN:unknown and once in UNKNOWN:unknown, Keeping one from UNKNOWN:unknown 
363947     INFO  Test worker     d.u.i.k.n.KeyIO           Parsing took 1 ms 
363947     INFO  Test worker     d.u.i.k.n.KeyIO           MODE: declarations took 0 ms 
363949     WARN  Test worker     d.u.i.k.j.r.KeYCrossReferenceNameInfo Datatype T declared twice: Once in UNKNOWN:unknown and once in UNKNOWN:unknown, Keeping one from UNKNOWN:unknown 
364021     INFO  Test worker     d.u.i.k.n.KeyIO           Parsing took 0 ms 
364022     INFO  Test worker     d.u.i.k.n.KeyIO           MODE: declarations took 1 ms 
364024     WARN  Test worker     d.u.i.k.j.r.KeYCrossReferenceNameInfo Datatype T declared twice: Once in UNKNOWN:unknown and once in UNKNOWN:unknown, Keeping one from UNKNOWN:unknown 
364095     INFO  Test worker     d.u.i.k.n.KeyIO           Parsing took 0 ms 
364096     INFO  Test worker     d.u.i.k.n.KeyIO           MODE: declarations took 1 ms 
364099     WARN  Test worker     d.u.i.k.j.r.KeYCrossReferenceNameInfo Datatype T declared twice: Once in UNKNOWN:unknown and once in UNKNOWN:unknown, Keeping one from UNKNOWN:unknown 
364165     INFO  Test worker     d.u.i.k.n.KeyIO           Parsing took 0 ms 
364166     INFO  Test worker     d.u.i.k.n.KeyIO           MODE: declarations took 0 ms 
364168     WARN  Test worker     d.u.i.k.j.r.KeYCrossReferenceNameInfo Datatype T declared twice: Once in UNKNOWN:unknown and once in UNKNOWN:unknown, Keeping one from UNKNOWN:unknown 
364239     INFO  Test worker     d.u.i.k.n.KeyIO           Parsing took 0 ms 
364240     INFO  Test worker     d.u.i.k.n.KeyIO           MODE: declarations took 0 ms 
364242     WARN  Test worker     d.u.i.k.j.r.KeYCrossReferenceNameInfo Datatype T declared twice: Once in UNKNOWN:unknown and once in UNKNOWN:unknown, Keeping one from UNKNOWN:unknown 
364321     INFO  Test worker     d.u.i.k.n.KeyIO           Parsing took 0 ms 
364321     INFO  Test worker     d.u.i.k.n.KeyIO           MODE: declarations took 0 ms 
364324     WARN  Test worker     d.u.i.k.j.r.KeYCrossReferenceNameInfo Datatype T declared twice: Once in UNKNOWN:unknown and once in UNKNOWN:unknown, Keeping one from UNKNOWN:unknown 
364399     INFO  Test worker     d.u.i.k.n.KeyIO           Parsing took 0 ms 
364399     INFO  Test worker     d.u.i.k.n.KeyIO           MODE: declarations took 0 ms 
364402     WARN  Test worker     d.u.i.k.j.r.KeYCrossReferenceNameInfo Datatype T declared twice: Once in UNKNOWN:unknown and once in UNKNOWN:unknown, Keeping one from UNKNOWN:unknown 
364479     INFO  Test worker     d.u.i.k.n.KeyIO           Parsing took 0 ms 
364480     INFO  Test worker     d.u.i.k.n.KeyIO           MODE: declarations took 1 ms 
364482     WARN  Test worker     d.u.i.k.j.r.KeYCrossReferenceNameInfo Datatype T declared twice: Once in UNKNOWN:unknown and once in UNKNOWN:unknown, Keeping one from UNKNOWN:unknown 
364548     INFO  Test worker     d.u.i.k.n.KeyIO           Parsing took 0 ms 
364548     INFO  Test worker     d.u.i.k.n.KeyIO           MODE: declarations took 0 ms 
364550     WARN  Test worker     d.u.i.k.j.r.KeYCrossReferenceNameInfo Datatype T declared twice: Once in UNKNOWN:unknown and once in UNKNOWN:unknown, Keeping one from UNKNOWN:unknown 
364614     INFO  Test worker     d.u.i.k.n.KeyIO           Parsing took 0 ms 
364614     INFO  Test worker     d.u.i.k.n.KeyIO           MODE: declarations took 0 ms 
364616     WARN  Test worker     d.u.i.k.j.r.KeYCrossReferenceNameInfo Datatype T declared twice: Once in UNKNOWN:unknown and once in UNKNOWN:unknown, Keeping one from UNKNOWN:unknown 
364683     INFO  Test worker     d.u.i.k.n.KeyIO           Parsing took 0 ms 
364683     INFO  Test worker     d.u.i.k.n.KeyIO           MODE: declarations took 0 ms 
364685     WARN  Test worker     d.u.i.k.j.r.KeYCrossReferenceNameInfo Datatype T declared twice: Once in UNKNOWN:unknown and once in UNKNOWN:unknown, Keeping one from UNKNOWN:unknown 
364756     INFO  Test worker     d.u.i.k.n.KeyIO           Parsing took 0 ms 
364756     INFO  Test worker     d.u.i.k.n.KeyIO           MODE: declarations took 0 ms 
364758     WARN  Test worker     d.u.i.k.j.r.KeYCrossReferenceNameInfo Datatype T declared twice: Once in UNKNOWN:unknown and once in UNKNOWN:unknown, Keeping one from UNKNOWN:unknown 
364826     INFO  Test worker     d.u.i.k.n.KeyIO           Parsing took 0 ms 
364827     INFO  Test worker     d.u.i.k.n.KeyIO           MODE: declarations took 1 ms 
364829     WARN  Test worker     d.u.i.k.j.r.KeYCrossReferenceNameInfo Datatype T declared twice: Once in UNKNOWN:unknown and once in UNKNOWN:unknown, Keeping one from UNKNOWN:unknown 
364897     INFO  Test worker     d.u.i.k.n.KeyIO           Parsing took 0 ms 
364897     INFO  Test worker     d.u.i.k.n.KeyIO           MODE: declarations took 0 ms 
364899     WARN  Test worker     d.u.i.k.j.r.KeYCrossReferenceNameInfo Datatype T declared twice: Once in UNKNOWN:unknown and once in UNKNOWN:unknown, Keeping one from UNKNOWN:unknown 
365021     INFO  Test worker     d.u.i.k.n.KeyIO           Parsing took 0 ms 
365021     INFO  Test worker     d.u.i.k.n.KeyIO           MODE: declarations took 0 ms 
365024     WARN  Test worker     d.u.i.k.j.r.KeYCrossReferenceNameInfo Datatype T declared twice: Once in UNKNOWN:unknown and once in UNKNOWN:unknown, Keeping one from UNKNOWN:unknown 
365093     INFO  Test worker     d.u.i.k.n.KeyIO           Parsing took 0 ms 
365093     INFO  Test worker     d.u.i.k.n.KeyIO           MODE: declarations took 0 ms 
365096     WARN  Test worker     d.u.i.k.j.r.KeYCrossReferenceNameInfo Datatype T declared twice: Once in UNKNOWN:unknown and once in UNKNOWN:unknown, Keeping one from UNKNOWN:unknown 
365162     INFO  Test worker     d.u.i.k.n.KeyIO           Parsing took 0 ms 
365163     INFO  Test worker     d.u.i.k.n.KeyIO           MODE: declarations took 0 ms 
365166     WARN  Test worker     d.u.i.k.j.r.KeYCrossReferenceNameInfo Datatype T declared twice: Once in UNKNOWN:unknown and once in UNKNOWN:unknown, Keeping one from UNKNOWN:unknown 
365240     INFO  Test worker     d.u.i.k.n.KeyIO           Parsing took 0 ms 
365240     INFO  Test worker     d.u.i.k.n.KeyIO           MODE: declarations took 0 ms 
365243     WARN  Test worker     d.u.i.k.j.r.KeYCrossReferenceNameInfo Datatype T declared twice: Once in UNKNOWN:unknown and once in UNKNOWN:unknown, Keeping one from UNKNOWN:unknown 
365312     INFO  Test worker     d.u.i.k.n.KeyIO           Parsing took 1 ms 
365313     INFO  Test worker     d.u.i.k.n.KeyIO           MODE: declarations took 0 ms 
365316     WARN  Test worker     d.u.i.k.j.r.KeYCrossReferenceNameInfo Datatype T declared twice: Once in UNKNOWN:unknown and once in UNKNOWN:unknown, Keeping one from UNKNOWN:unknown 
365386     INFO  Test worker     d.u.i.k.n.KeyIO           Parsing took 0 ms 
365386     INFO  Test worker     d.u.i.k.n.KeyIO           MODE: declarations took 0 ms 
365388     WARN  Test worker     d.u.i.k.j.r.KeYCrossReferenceNameInfo Datatype T declared twice: Once in UNKNOWN:unknown and once in UNKNOWN:unknown, Keeping one from UNKNOWN:unknown 
365464     INFO  Test worker     d.u.i.k.n.KeyIO           Parsing took 0 ms 
365464     INFO  Test worker     d.u.i.k.n.KeyIO           MODE: declarations took 0 ms 
365466     WARN  Test worker     d.u.i.k.j.r.KeYCrossReferenceNameInfo Datatype T declared twice: Once in UNKNOWN:unknown and once in UNKNOWN:unknown, Keeping one from UNKNOWN:unknown 
365537     INFO  Test worker     d.u.i.k.n.KeyIO           Parsing took 0 ms 
365537     INFO  Test worker     d.u.i.k.n.KeyIO           MODE: declarations took 0 ms 
365539     WARN  Test worker     d.u.i.k.j.r.KeYCrossReferenceNameInfo Datatype T declared twice: Once in UNKNOWN:unknown and once in UNKNOWN:unknown, Keeping one from UNKNOWN:unknown 
365612     INFO  Test worker     d.u.i.k.n.KeyIO           Parsing took 0 ms 
365613     INFO  Test worker     d.u.i.k.n.KeyIO           MODE: declarations took 1 ms 
365614     WARN  Test worker     d.u.i.k.j.r.KeYCrossReferenceNameInfo Datatype T declared twice: Once in UNKNOWN:unknown and once in UNKNOWN:unknown, Keeping one from UNKNOWN:unknown 
365693     INFO  Test worker     d.u.i.k.n.KeyIO           Parsing took 0 ms 
365693     INFO  Test worker     d.u.i.k.n.KeyIO           MODE: declarations took 0 ms 
365696     WARN  Test worker     d.u.i.k.j.r.KeYCrossReferenceNameInfo Datatype T declared twice: Once in UNKNOWN:unknown and once in UNKNOWN:unknown, Keeping one from UNKNOWN:unknown 
365766     INFO  Test worker     d.u.i.k.n.KeyIO           Parsing took 0 ms 
365766     INFO  Test worker     d.u.i.k.n.KeyIO           MODE: declarations took 0 ms 
365770     WARN  Test worker     d.u.i.k.j.r.KeYCrossReferenceNameInfo Datatype T declared twice: Once in UNKNOWN:unknown and once in UNKNOWN:unknown, Keeping one from UNKNOWN:unknown 
365843     WARN  Test worker     d.u.i.k.j.r.KeYCrossReferenceNameInfo Datatype T declared twice: Once in UNKNOWN:unknown and once in UNKNOWN:unknown, Keeping one from UNKNOWN:unknown 
365913     INFO  Test worker     d.u.i.k.n.KeyIO           Parsing took 0 ms 
365913     INFO  Test worker     d.u.i.k.n.KeyIO           MODE: declarations took 0 ms 
365918     WARN  Test worker     d.u.i.k.j.r.KeYCrossReferenceNameInfo Datatype T declared twice: Once in UNKNOWN:unknown and once in UNKNOWN:unknown, Keeping one from UNKNOWN:unknown 
365994     INFO  Test worker     d.u.i.k.n.KeyIO           Parsing took 0 ms 
365994     INFO  Test worker     d.u.i.k.n.KeyIO           MODE: declarations took 0 ms 
]]></system-out>
  <system-err><![CDATA[]]></system-err>
</testsuite>
