<?xml version="1.0" encoding="UTF-8"?>
<testsuite name="de.uka.ilkd.key.parser.TestTermParserHeap" tests="39" skipped="0" failures="0" errors="0" timestamp="2023-04-03T14:52:18" hostname="fv-az441-869" time="131.931">
  <properties/>
  <testcase name="testBracketHeapUpdate()" classname="de.uka.ilkd.key.parser.TestTermParserHeap" time="0.017"/>
  <testcase name="testStore()" classname="de.uka.ilkd.key.parser.TestTermParserHeap" time="0.007"/>
  <testcase name="testUnknownConstant()" classname="de.uka.ilkd.key.parser.TestTermParserHeap" time="0.004"/>
  <testcase name="testAllFieldsSelector()" classname="de.uka.ilkd.key.parser.TestTermParserHeap" time="0.005"/>
  <testcase name="testParsePrettyPrintedSelect()" classname="de.uka.ilkd.key.parser.TestTermParserHeap" time="0.002"/>
  <testcase name="testAccessStaticMembers()" classname="de.uka.ilkd.key.parser.TestTermParserHeap" time="0.003"/>
  <testcase name="testAtOperator_1()" classname="de.uka.ilkd.key.parser.TestTermParserHeap" time="0.001"/>
  <testcase name="testAtOperator_2()" classname="de.uka.ilkd.key.parser.TestTermParserHeap" time="0.002"/>
  <testcase name="testAtOperator_3()" classname="de.uka.ilkd.key.parser.TestTermParserHeap" time="0.001"/>
  <testcase name="testAtOperator_4()" classname="de.uka.ilkd.key.parser.TestTermParserHeap" time="0.005"/>
  <testcase name="testAtOperator_5()" classname="de.uka.ilkd.key.parser.TestTermParserHeap" time="0.002"/>
  <testcase name="testAtOperator_6()" classname="de.uka.ilkd.key.parser.TestTermParserHeap" time="0.001"/>
  <testcase name="testAtOperator_7()" classname="de.uka.ilkd.key.parser.TestTermParserHeap" time="0.003"/>
  <testcase name="testAtOperator_8()" classname="de.uka.ilkd.key.parser.TestTermParserHeap" time="0.005"/>
  <testcase name="testVerifyExceptionIfAtOperatorNotPreceededBySelectTerm()" classname="de.uka.ilkd.key.parser.TestTermParserHeap" time="0.002"/>
  <testcase name="testBugResettingCounter()" classname="de.uka.ilkd.key.parser.TestTermParserHeap" time="0.002"/>
  <testcase name="testLocationSets()" classname="de.uka.ilkd.key.parser.TestTermParserHeap" time="0.002"/>
  <testcase name="testQuantifiedSelect()" classname="de.uka.ilkd.key.parser.TestTermParserHeap" time="0.003"/>
  <testcase name="testGenericObjectProperties()" classname="de.uka.ilkd.key.parser.TestTermParserHeap" time="0.003"/>
  <testcase name="testQueryInheritance_1()" classname="de.uka.ilkd.key.parser.TestTermParserHeap" time="0.001"/>
  <testcase name="testQueryInheritance_2()" classname="de.uka.ilkd.key.parser.TestTermParserHeap" time="0.002"/>
  <testcase name="testQueryInheritance_3()" classname="de.uka.ilkd.key.parser.TestTermParserHeap" time="0.005"/>
  <testcase name="testQueryInheritance_4()" classname="de.uka.ilkd.key.parser.TestTermParserHeap" time="0.001"/>
  <testcase name="testQueryInheritance_5()" classname="de.uka.ilkd.key.parser.TestTermParserHeap" time="0.001"/>
  <testcase name="testQueryInheritance_6()" classname="de.uka.ilkd.key.parser.TestTermParserHeap" time="0.002"/>
  <testcase name="testQueryInheritance_7()" classname="de.uka.ilkd.key.parser.TestTermParserHeap" time="0.003"/>
  <testcase name="testQueryInheritance_8()" classname="de.uka.ilkd.key.parser.TestTermParserHeap" time="0.003"/>
  <testcase name="testQueryInheritance_9()" classname="de.uka.ilkd.key.parser.TestTermParserHeap" time="0.001"/>
  <testcase name="testQueryBasic_10()" classname="de.uka.ilkd.key.parser.TestTermParserHeap" time="0.001"/>
  <testcase name="testQueryBasic_11()" classname="de.uka.ilkd.key.parser.TestTermParserHeap" time="0.001"/>
  <testcase name="testQueryBasic_1()" classname="de.uka.ilkd.key.parser.TestTermParserHeap" time="0.001"/>
  <testcase name="testQueryBasic_2()" classname="de.uka.ilkd.key.parser.TestTermParserHeap" time="0.001"/>
  <testcase name="testQueryBasic_3()" classname="de.uka.ilkd.key.parser.TestTermParserHeap" time="0.001"/>
  <testcase name="testQueryBasic_4()" classname="de.uka.ilkd.key.parser.TestTermParserHeap" time="0.002"/>
  <testcase name="testQueryBasic_5()" classname="de.uka.ilkd.key.parser.TestTermParserHeap" time="0.001"/>
  <testcase name="testQueryBasic_6()" classname="de.uka.ilkd.key.parser.TestTermParserHeap" time="0.002"/>
  <testcase name="testQueryBasic_7()" classname="de.uka.ilkd.key.parser.TestTermParserHeap" time="0.004"/>
  <testcase name="testQueryBasic_8()" classname="de.uka.ilkd.key.parser.TestTermParserHeap" time="0.001"/>
  <testcase name="testQueryBasic_9()" classname="de.uka.ilkd.key.parser.TestTermParserHeap" time="0.002"/>
  <system-out><![CDATA[369620     INFO  Test worker     d.u.i.k.n.KeyIO           Parsing took 0 ms 
369620     INFO  Test worker     d.u.i.k.n.KeyIO           MODE: declarations took 0 ms 
369620     INFO  Test worker     d.u.i.k.n.KeyIO           Parsing took 0 ms 
369620     INFO  Test worker     d.u.i.k.n.KeyIO           MODE: declarations took 0 ms 
369620     INFO  Test worker     d.u.i.k.n.KeyIO           Parsing took 0 ms 
369620     INFO  Test worker     d.u.i.k.n.KeyIO           MODE: declarations took 0 ms 
369620     INFO  Test worker     d.u.i.k.n.KeyIO           Parsing took 0 ms 
369620     INFO  Test worker     d.u.i.k.n.KeyIO           MODE: declarations took 0 ms 
369621     INFO  Test worker     d.u.i.k.n.KeyIO           Parsing took 0 ms 
369621     INFO  Test worker     d.u.i.k.n.KeyIO           MODE: declarations took 0 ms 
373213     INFO  Test worker     d.u.i.k.n.KeyIO           Parsing took 0 ms 
373213     INFO  Test worker     d.u.i.k.n.KeyIO           MODE: declarations took 0 ms 
373213     INFO  Test worker     d.u.i.k.n.KeyIO           Parsing took 0 ms 
373213     INFO  Test worker     d.u.i.k.n.KeyIO           MODE: declarations took 0 ms 
373213     INFO  Test worker     d.u.i.k.n.KeyIO           Parsing took 0 ms 
373213     INFO  Test worker     d.u.i.k.n.KeyIO           MODE: declarations took 0 ms 
373213     INFO  Test worker     d.u.i.k.n.KeyIO           Parsing took 0 ms 
373213     INFO  Test worker     d.u.i.k.n.KeyIO           MODE: declarations took 0 ms 
373213     INFO  Test worker     d.u.i.k.n.KeyIO           Parsing took 0 ms 
373213     INFO  Test worker     d.u.i.k.n.KeyIO           MODE: declarations took 0 ms 
376701     INFO  Test worker     d.u.i.k.n.KeyIO           Parsing took 0 ms 
376701     INFO  Test worker     d.u.i.k.n.KeyIO           MODE: declarations took 0 ms 
376701     INFO  Test worker     d.u.i.k.n.KeyIO           Parsing took 0 ms 
376701     INFO  Test worker     d.u.i.k.n.KeyIO           MODE: declarations took 0 ms 
376701     INFO  Test worker     d.u.i.k.n.KeyIO           Parsing took 0 ms 
376701     INFO  Test worker     d.u.i.k.n.KeyIO           MODE: declarations took 0 ms 
376701     INFO  Test worker     d.u.i.k.n.KeyIO           Parsing took 0 ms 
376701     INFO  Test worker     d.u.i.k.n.KeyIO           MODE: declarations took 0 ms 
376701     INFO  Test worker     d.u.i.k.n.KeyIO           Parsing took 0 ms 
376701     INFO  Test worker     d.u.i.k.n.KeyIO           MODE: declarations took 0 ms 
376702     INFO  Test worker     d.u.i.k.n.KeyIO           Parsing took 0 ms 
376702     INFO  Test worker     d.u.i.k.n.KeyIO           MODE: declarations took 0 ms 
380040     INFO  Test worker     d.u.i.k.n.KeyIO           Parsing took 1 ms 
380040     INFO  Test worker     d.u.i.k.n.KeyIO           MODE: declarations took 0 ms 
380040     INFO  Test worker     d.u.i.k.n.KeyIO           Parsing took 0 ms 
380040     INFO  Test worker     d.u.i.k.n.KeyIO           MODE: declarations took 0 ms 
380040     INFO  Test worker     d.u.i.k.n.KeyIO           Parsing took 0 ms 
380040     INFO  Test worker     d.u.i.k.n.KeyIO           MODE: declarations took 0 ms 
380040     INFO  Test worker     d.u.i.k.n.KeyIO           Parsing took 0 ms 
380040     INFO  Test worker     d.u.i.k.n.KeyIO           MODE: declarations took 0 ms 
380040     INFO  Test worker     d.u.i.k.n.KeyIO           Parsing took 0 ms 
380040     INFO  Test worker     d.u.i.k.n.KeyIO           MODE: declarations took 0 ms 
383559     INFO  Test worker     d.u.i.k.n.KeyIO           Parsing took 1 ms 
383559     INFO  Test worker     d.u.i.k.n.KeyIO           MODE: declarations took 0 ms 
383559     INFO  Test worker     d.u.i.k.n.KeyIO           Parsing took 0 ms 
383559     INFO  Test worker     d.u.i.k.n.KeyIO           MODE: declarations took 0 ms 
383559     INFO  Test worker     d.u.i.k.n.KeyIO           Parsing took 0 ms 
383559     INFO  Test worker     d.u.i.k.n.KeyIO           MODE: declarations took 0 ms 
383559     INFO  Test worker     d.u.i.k.n.KeyIO           Parsing took 0 ms 
383559     INFO  Test worker     d.u.i.k.n.KeyIO           MODE: declarations took 0 ms 
383559     INFO  Test worker     d.u.i.k.n.KeyIO           Parsing took 0 ms 
383559     INFO  Test worker     d.u.i.k.n.KeyIO           MODE: declarations took 0 ms 
387061     INFO  Test worker     d.u.i.k.n.KeyIO           Parsing took 0 ms 
387061     INFO  Test worker     d.u.i.k.n.KeyIO           MODE: declarations took 0 ms 
387061     INFO  Test worker     d.u.i.k.n.KeyIO           Parsing took 0 ms 
387061     INFO  Test worker     d.u.i.k.n.KeyIO           MODE: declarations took 0 ms 
387061     INFO  Test worker     d.u.i.k.n.KeyIO           Parsing took 0 ms 
387061     INFO  Test worker     d.u.i.k.n.KeyIO           MODE: declarations took 0 ms 
387061     INFO  Test worker     d.u.i.k.n.KeyIO           Parsing took 0 ms 
387061     INFO  Test worker     d.u.i.k.n.KeyIO           MODE: declarations took 0 ms 
387061     INFO  Test worker     d.u.i.k.n.KeyIO           Parsing took 0 ms 
387061     INFO  Test worker     d.u.i.k.n.KeyIO           MODE: declarations took 0 ms 
390465     INFO  Test worker     d.u.i.k.n.KeyIO           Parsing took 0 ms 
390466     INFO  Test worker     d.u.i.k.n.KeyIO           MODE: declarations took 1 ms 
390466     INFO  Test worker     d.u.i.k.n.KeyIO           Parsing took 0 ms 
390466     INFO  Test worker     d.u.i.k.n.KeyIO           MODE: declarations took 0 ms 
390466     INFO  Test worker     d.u.i.k.n.KeyIO           Parsing took 0 ms 
390466     INFO  Test worker     d.u.i.k.n.KeyIO           MODE: declarations took 0 ms 
390466     INFO  Test worker     d.u.i.k.n.KeyIO           Parsing took 0 ms 
390466     INFO  Test worker     d.u.i.k.n.KeyIO           MODE: declarations took 0 ms 
390466     INFO  Test worker     d.u.i.k.n.KeyIO           Parsing took 0 ms 
390466     INFO  Test worker     d.u.i.k.n.KeyIO           MODE: declarations took 0 ms 
393892     INFO  Test worker     d.u.i.k.n.KeyIO           Parsing took 0 ms 
393892     INFO  Test worker     d.u.i.k.n.KeyIO           MODE: declarations took 0 ms 
393892     INFO  Test worker     d.u.i.k.n.KeyIO           Parsing took 0 ms 
393892     INFO  Test worker     d.u.i.k.n.KeyIO           MODE: declarations took 0 ms 
393893     INFO  Test worker     d.u.i.k.n.KeyIO           Parsing took 1 ms 
393893     INFO  Test worker     d.u.i.k.n.KeyIO           MODE: declarations took 0 ms 
393893     INFO  Test worker     d.u.i.k.n.KeyIO           Parsing took 0 ms 
393893     INFO  Test worker     d.u.i.k.n.KeyIO           MODE: declarations took 0 ms 
393893     INFO  Test worker     d.u.i.k.n.KeyIO           Parsing took 0 ms 
393893     INFO  Test worker     d.u.i.k.n.KeyIO           MODE: declarations took 0 ms 
397454     INFO  Test worker     d.u.i.k.n.KeyIO           Parsing took 0 ms 
397454     INFO  Test worker     d.u.i.k.n.KeyIO           MODE: declarations took 0 ms 
397454     INFO  Test worker     d.u.i.k.n.KeyIO           Parsing took 0 ms 
397454     INFO  Test worker     d.u.i.k.n.KeyIO           MODE: declarations took 0 ms 
397454     INFO  Test worker     d.u.i.k.n.KeyIO           Parsing took 0 ms 
397455     INFO  Test worker     d.u.i.k.n.KeyIO           MODE: declarations took 1 ms 
397455     INFO  Test worker     d.u.i.k.n.KeyIO           Parsing took 0 ms 
397455     INFO  Test worker     d.u.i.k.n.KeyIO           MODE: declarations took 0 ms 
397455     INFO  Test worker     d.u.i.k.n.KeyIO           Parsing took 0 ms 
397455     INFO  Test worker     d.u.i.k.n.KeyIO           MODE: declarations took 0 ms 
400896     INFO  Test worker     d.u.i.k.n.KeyIO           Parsing took 0 ms 
400896     INFO  Test worker     d.u.i.k.n.KeyIO           MODE: declarations took 0 ms 
400896     INFO  Test worker     d.u.i.k.n.KeyIO           Parsing took 0 ms 
400896     INFO  Test worker     d.u.i.k.n.KeyIO           MODE: declarations took 0 ms 
400897     INFO  Test worker     d.u.i.k.n.KeyIO           Parsing took 0 ms 
400897     INFO  Test worker     d.u.i.k.n.KeyIO           MODE: declarations took 0 ms 
400897     INFO  Test worker     d.u.i.k.n.KeyIO           Parsing took 0 ms 
400897     INFO  Test worker     d.u.i.k.n.KeyIO           MODE: declarations took 0 ms 
400897     INFO  Test worker     d.u.i.k.n.KeyIO           Parsing took 0 ms 
400897     INFO  Test worker     d.u.i.k.n.KeyIO           MODE: declarations took 0 ms 
404365     INFO  Test worker     d.u.i.k.n.KeyIO           Parsing took 0 ms 
404366     INFO  Test worker     d.u.i.k.n.KeyIO           MODE: declarations took 0 ms 
404366     INFO  Test worker     d.u.i.k.n.KeyIO           Parsing took 0 ms 
404366     INFO  Test worker     d.u.i.k.n.KeyIO           MODE: declarations took 0 ms 
404366     INFO  Test worker     d.u.i.k.n.KeyIO           Parsing took 0 ms 
404366     INFO  Test worker     d.u.i.k.n.KeyIO           MODE: declarations took 0 ms 
404366     INFO  Test worker     d.u.i.k.n.KeyIO           Parsing took 0 ms 
404366     INFO  Test worker     d.u.i.k.n.KeyIO           MODE: declarations took 0 ms 
404366     INFO  Test worker     d.u.i.k.n.KeyIO           Parsing took 0 ms 
404366     INFO  Test worker     d.u.i.k.n.KeyIO           MODE: declarations took 0 ms 
407865     INFO  Test worker     d.u.i.k.n.KeyIO           Parsing took 0 ms 
407865     INFO  Test worker     d.u.i.k.n.KeyIO           MODE: declarations took 0 ms 
407865     INFO  Test worker     d.u.i.k.n.KeyIO           Parsing took 0 ms 
407866     INFO  Test worker     d.u.i.k.n.KeyIO           MODE: declarations took 0 ms 
407866     INFO  Test worker     d.u.i.k.n.KeyIO           Parsing took 0 ms 
407866     INFO  Test worker     d.u.i.k.n.KeyIO           MODE: declarations took 0 ms 
407866     INFO  Test worker     d.u.i.k.n.KeyIO           Parsing took 0 ms 
407866     INFO  Test worker     d.u.i.k.n.KeyIO           MODE: declarations took 0 ms 
407866     INFO  Test worker     d.u.i.k.n.KeyIO           Parsing took 0 ms 
407866     INFO  Test worker     d.u.i.k.n.KeyIO           MODE: declarations took 0 ms 
411304     INFO  Test worker     d.u.i.k.n.KeyIO           Parsing took 0 ms 
411305     INFO  Test worker     d.u.i.k.n.KeyIO           MODE: declarations took 1 ms 
411305     INFO  Test worker     d.u.i.k.n.KeyIO           Parsing took 0 ms 
411305     INFO  Test worker     d.u.i.k.n.KeyIO           MODE: declarations took 0 ms 
411305     INFO  Test worker     d.u.i.k.n.KeyIO           Parsing took 0 ms 
411305     INFO  Test worker     d.u.i.k.n.KeyIO           MODE: declarations took 0 ms 
411305     INFO  Test worker     d.u.i.k.n.KeyIO           Parsing took 0 ms 
411305     INFO  Test worker     d.u.i.k.n.KeyIO           MODE: declarations took 0 ms 
411305     INFO  Test worker     d.u.i.k.n.KeyIO           Parsing took 0 ms 
411305     INFO  Test worker     d.u.i.k.n.KeyIO           MODE: declarations took 0 ms 
414824     INFO  Test worker     d.u.i.k.n.KeyIO           Parsing took 0 ms 
414825     INFO  Test worker     d.u.i.k.n.KeyIO           MODE: declarations took 1 ms 
414825     INFO  Test worker     d.u.i.k.n.KeyIO           Parsing took 0 ms 
414825     INFO  Test worker     d.u.i.k.n.KeyIO           MODE: declarations took 0 ms 
414825     INFO  Test worker     d.u.i.k.n.KeyIO           Parsing took 0 ms 
414826     INFO  Test worker     d.u.i.k.n.KeyIO           MODE: declarations took 0 ms 
414826     INFO  Test worker     d.u.i.k.n.KeyIO           Parsing took 0 ms 
414826     INFO  Test worker     d.u.i.k.n.KeyIO           MODE: declarations took 0 ms 
414826     INFO  Test worker     d.u.i.k.n.KeyIO           Parsing took 0 ms 
414827     INFO  Test worker     d.u.i.k.n.KeyIO           MODE: declarations took 0 ms 
418319     INFO  Test worker     d.u.i.k.n.KeyIO           Parsing took 0 ms 
418319     INFO  Test worker     d.u.i.k.n.KeyIO           MODE: declarations took 0 ms 
418319     INFO  Test worker     d.u.i.k.n.KeyIO           Parsing took 0 ms 
418319     INFO  Test worker     d.u.i.k.n.KeyIO           MODE: declarations took 0 ms 
418319     INFO  Test worker     d.u.i.k.n.KeyIO           Parsing took 0 ms 
418319     INFO  Test worker     d.u.i.k.n.KeyIO           MODE: declarations took 0 ms 
418319     INFO  Test worker     d.u.i.k.n.KeyIO           Parsing took 0 ms 
418319     INFO  Test worker     d.u.i.k.n.KeyIO           MODE: declarations took 0 ms 
418319     INFO  Test worker     d.u.i.k.n.KeyIO           Parsing took 0 ms 
418319     INFO  Test worker     d.u.i.k.n.KeyIO           MODE: declarations took 0 ms 
418321     WARN  Test worker     d.u.i.k.n.KeYParser       [syntax-error] <unknown>:1:11: mismatched input '@' expecting {'/', ':=', '.', '(', ')', '{', '[', '@', PARALLEL, OR, AND, IMP, '=', NOT_EQUALS, '%', '*', '-', '+', '>', GREATEREQUAL, '<', LESSEQUAL, LGUILLEMETS, EQV} [@11,11:11='@',<153>,1:11] (termEOF) 
421743     INFO  Test worker     d.u.i.k.n.KeyIO           Parsing took 0 ms 
421743     INFO  Test worker     d.u.i.k.n.KeyIO           MODE: declarations took 0 ms 
421743     INFO  Test worker     d.u.i.k.n.KeyIO           Parsing took 0 ms 
421743     INFO  Test worker     d.u.i.k.n.KeyIO           MODE: declarations took 0 ms 
421743     INFO  Test worker     d.u.i.k.n.KeyIO           Parsing took 0 ms 
421743     INFO  Test worker     d.u.i.k.n.KeyIO           MODE: declarations took 0 ms 
421743     INFO  Test worker     d.u.i.k.n.KeyIO           Parsing took 0 ms 
421743     INFO  Test worker     d.u.i.k.n.KeyIO           MODE: declarations took 0 ms 
421743     INFO  Test worker     d.u.i.k.n.KeyIO           Parsing took 0 ms 
421743     INFO  Test worker     d.u.i.k.n.KeyIO           MODE: declarations took 0 ms 
425113     INFO  Test worker     d.u.i.k.n.KeyIO           Parsing took 0 ms 
425113     INFO  Test worker     d.u.i.k.n.KeyIO           MODE: declarations took 0 ms 
425113     INFO  Test worker     d.u.i.k.n.KeyIO           Parsing took 0 ms 
425113     INFO  Test worker     d.u.i.k.n.KeyIO           MODE: declarations took 0 ms 
425113     INFO  Test worker     d.u.i.k.n.KeyIO           Parsing took 0 ms 
425113     INFO  Test worker     d.u.i.k.n.KeyIO           MODE: declarations took 0 ms 
425113     INFO  Test worker     d.u.i.k.n.KeyIO           Parsing took 0 ms 
425113     INFO  Test worker     d.u.i.k.n.KeyIO           MODE: declarations took 0 ms 
425113     INFO  Test worker     d.u.i.k.n.KeyIO           Parsing took 0 ms 
425113     INFO  Test worker     d.u.i.k.n.KeyIO           MODE: declarations took 0 ms 
428524     INFO  Test worker     d.u.i.k.n.KeyIO           Parsing took 0 ms 
428524     INFO  Test worker     d.u.i.k.n.KeyIO           MODE: declarations took 0 ms 
428524     INFO  Test worker     d.u.i.k.n.KeyIO           Parsing took 0 ms 
428524     INFO  Test worker     d.u.i.k.n.KeyIO           MODE: declarations took 0 ms 
428524     INFO  Test worker     d.u.i.k.n.KeyIO           Parsing took 0 ms 
428525     INFO  Test worker     d.u.i.k.n.KeyIO           MODE: declarations took 0 ms 
428525     INFO  Test worker     d.u.i.k.n.KeyIO           Parsing took 0 ms 
428525     INFO  Test worker     d.u.i.k.n.KeyIO           MODE: declarations took 0 ms 
428525     INFO  Test worker     d.u.i.k.n.KeyIO           Parsing took 0 ms 
428525     INFO  Test worker     d.u.i.k.n.KeyIO           MODE: declarations took 0 ms 
431904     INFO  Test worker     d.u.i.k.n.KeyIO           Parsing took 0 ms 
431904     INFO  Test worker     d.u.i.k.n.KeyIO           MODE: declarations took 0 ms 
431904     INFO  Test worker     d.u.i.k.n.KeyIO           Parsing took 0 ms 
431904     INFO  Test worker     d.u.i.k.n.KeyIO           MODE: declarations took 0 ms 
431904     INFO  Test worker     d.u.i.k.n.KeyIO           Parsing took 0 ms 
431904     INFO  Test worker     d.u.i.k.n.KeyIO           MODE: declarations took 0 ms 
431904     INFO  Test worker     d.u.i.k.n.KeyIO           Parsing took 0 ms 
431904     INFO  Test worker     d.u.i.k.n.KeyIO           MODE: declarations took 0 ms 
431905     INFO  Test worker     d.u.i.k.n.KeyIO           Parsing took 0 ms 
431905     INFO  Test worker     d.u.i.k.n.KeyIO           MODE: declarations took 0 ms 
435303     INFO  Test worker     d.u.i.k.n.KeyIO           Parsing took 0 ms 
435303     INFO  Test worker     d.u.i.k.n.KeyIO           MODE: declarations took 0 ms 
435303     INFO  Test worker     d.u.i.k.n.KeyIO           Parsing took 0 ms 
435304     INFO  Test worker     d.u.i.k.n.KeyIO           MODE: declarations took 1 ms 
435304     INFO  Test worker     d.u.i.k.n.KeyIO           Parsing took 0 ms 
435304     INFO  Test worker     d.u.i.k.n.KeyIO           MODE: declarations took 0 ms 
435304     INFO  Test worker     d.u.i.k.n.KeyIO           Parsing took 0 ms 
435304     INFO  Test worker     d.u.i.k.n.KeyIO           MODE: declarations took 0 ms 
435304     INFO  Test worker     d.u.i.k.n.KeyIO           Parsing took 0 ms 
435304     INFO  Test worker     d.u.i.k.n.KeyIO           MODE: declarations took 0 ms 
438695     INFO  Test worker     d.u.i.k.n.KeyIO           Parsing took 1 ms 
438695     INFO  Test worker     d.u.i.k.n.KeyIO           MODE: declarations took 0 ms 
438695     INFO  Test worker     d.u.i.k.n.KeyIO           Parsing took 0 ms 
438695     INFO  Test worker     d.u.i.k.n.KeyIO           MODE: declarations took 0 ms 
438695     INFO  Test worker     d.u.i.k.n.KeyIO           Parsing took 0 ms 
438695     INFO  Test worker     d.u.i.k.n.KeyIO           MODE: declarations took 0 ms 
438695     INFO  Test worker     d.u.i.k.n.KeyIO           Parsing took 0 ms 
438695     INFO  Test worker     d.u.i.k.n.KeyIO           MODE: declarations took 0 ms 
438696     INFO  Test worker     d.u.i.k.n.KeyIO           Parsing took 0 ms 
438696     INFO  Test worker     d.u.i.k.n.KeyIO           MODE: declarations took 0 ms 
442084     INFO  Test worker     d.u.i.k.n.KeyIO           Parsing took 0 ms 
442085     INFO  Test worker     d.u.i.k.n.KeyIO           MODE: declarations took 0 ms 
442085     INFO  Test worker     d.u.i.k.n.KeyIO           Parsing took 0 ms 
442086     INFO  Test worker     d.u.i.k.n.KeyIO           MODE: declarations took 1 ms 
442086     INFO  Test worker     d.u.i.k.n.KeyIO           Parsing took 0 ms 
442086     INFO  Test worker     d.u.i.k.n.KeyIO           MODE: declarations took 0 ms 
442086     INFO  Test worker     d.u.i.k.n.KeyIO           Parsing took 0 ms 
442086     INFO  Test worker     d.u.i.k.n.KeyIO           MODE: declarations took 0 ms 
442086     INFO  Test worker     d.u.i.k.n.KeyIO           Parsing took 0 ms 
442087     INFO  Test worker     d.u.i.k.n.KeyIO           MODE: declarations took 0 ms 
445592     INFO  Test worker     d.u.i.k.n.KeyIO           Parsing took 0 ms 
445593     INFO  Test worker     d.u.i.k.n.KeyIO           MODE: declarations took 0 ms 
445593     INFO  Test worker     d.u.i.k.n.KeyIO           Parsing took 0 ms 
445593     INFO  Test worker     d.u.i.k.n.KeyIO           MODE: declarations took 0 ms 
445593     INFO  Test worker     d.u.i.k.n.KeyIO           Parsing took 0 ms 
445593     INFO  Test worker     d.u.i.k.n.KeyIO           MODE: declarations took 0 ms 
445593     INFO  Test worker     d.u.i.k.n.KeyIO           Parsing took 0 ms 
445593     INFO  Test worker     d.u.i.k.n.KeyIO           MODE: declarations took 0 ms 
445593     INFO  Test worker     d.u.i.k.n.KeyIO           Parsing took 0 ms 
445593     INFO  Test worker     d.u.i.k.n.KeyIO           MODE: declarations took 0 ms 
449055     INFO  Test worker     d.u.i.k.n.KeyIO           Parsing took 0 ms 
449056     INFO  Test worker     d.u.i.k.n.KeyIO           MODE: declarations took 0 ms 
449056     INFO  Test worker     d.u.i.k.n.KeyIO           Parsing took 0 ms 
449056     INFO  Test worker     d.u.i.k.n.KeyIO           MODE: declarations took 0 ms 
449056     INFO  Test worker     d.u.i.k.n.KeyIO           Parsing took 0 ms 
449056     INFO  Test worker     d.u.i.k.n.KeyIO           MODE: declarations took 0 ms 
449056     INFO  Test worker     d.u.i.k.n.KeyIO           Parsing took 0 ms 
449056     INFO  Test worker     d.u.i.k.n.KeyIO           MODE: declarations took 0 ms 
449056     INFO  Test worker     d.u.i.k.n.KeyIO           Parsing took 0 ms 
449056     INFO  Test worker     d.u.i.k.n.KeyIO           MODE: declarations took 0 ms 
452560     INFO  Test worker     d.u.i.k.n.KeyIO           Parsing took 0 ms 
452560     INFO  Test worker     d.u.i.k.n.KeyIO           MODE: declarations took 0 ms 
452561     INFO  Test worker     d.u.i.k.n.KeyIO           Parsing took 0 ms 
452561     INFO  Test worker     d.u.i.k.n.KeyIO           MODE: declarations took 0 ms 
452561     INFO  Test worker     d.u.i.k.n.KeyIO           Parsing took 0 ms 
452561     INFO  Test worker     d.u.i.k.n.KeyIO           MODE: declarations took 0 ms 
452561     INFO  Test worker     d.u.i.k.n.KeyIO           Parsing took 0 ms 
452561     INFO  Test worker     d.u.i.k.n.KeyIO           MODE: declarations took 0 ms 
452561     INFO  Test worker     d.u.i.k.n.KeyIO           Parsing took 0 ms 
452561     INFO  Test worker     d.u.i.k.n.KeyIO           MODE: declarations took 0 ms 
456019     INFO  Test worker     d.u.i.k.n.KeyIO           Parsing took 0 ms 
456020     INFO  Test worker     d.u.i.k.n.KeyIO           MODE: declarations took 0 ms 
456020     INFO  Test worker     d.u.i.k.n.KeyIO           Parsing took 0 ms 
456020     INFO  Test worker     d.u.i.k.n.KeyIO           MODE: declarations took 0 ms 
456020     INFO  Test worker     d.u.i.k.n.KeyIO           Parsing took 0 ms 
456020     INFO  Test worker     d.u.i.k.n.KeyIO           MODE: declarations took 0 ms 
456022     INFO  Test worker     d.u.i.k.n.KeyIO           Parsing took 0 ms 
456022     INFO  Test worker     d.u.i.k.n.KeyIO           MODE: declarations took 0 ms 
456022     INFO  Test worker     d.u.i.k.n.KeyIO           Parsing took 0 ms 
456022     INFO  Test worker     d.u.i.k.n.KeyIO           MODE: declarations took 0 ms 
459482     INFO  Test worker     d.u.i.k.n.KeyIO           Parsing took 0 ms 
459482     INFO  Test worker     d.u.i.k.n.KeyIO           MODE: declarations took 0 ms 
459482     INFO  Test worker     d.u.i.k.n.KeyIO           Parsing took 0 ms 
459482     INFO  Test worker     d.u.i.k.n.KeyIO           MODE: declarations took 0 ms 
459482     INFO  Test worker     d.u.i.k.n.KeyIO           Parsing took 0 ms 
459483     INFO  Test worker     d.u.i.k.n.KeyIO           MODE: declarations took 0 ms 
459483     INFO  Test worker     d.u.i.k.n.KeyIO           Parsing took 0 ms 
459483     INFO  Test worker     d.u.i.k.n.KeyIO           MODE: declarations took 0 ms 
459483     INFO  Test worker     d.u.i.k.n.KeyIO           Parsing took 0 ms 
459483     INFO  Test worker     d.u.i.k.n.KeyIO           MODE: declarations took 0 ms 
463046     INFO  Test worker     d.u.i.k.n.KeyIO           Parsing took 1 ms 
463046     INFO  Test worker     d.u.i.k.n.KeyIO           MODE: declarations took 0 ms 
463046     INFO  Test worker     d.u.i.k.n.KeyIO           Parsing took 0 ms 
463046     INFO  Test worker     d.u.i.k.n.KeyIO           MODE: declarations took 0 ms 
463046     INFO  Test worker     d.u.i.k.n.KeyIO           Parsing took 0 ms 
463046     INFO  Test worker     d.u.i.k.n.KeyIO           MODE: declarations took 0 ms 
463046     INFO  Test worker     d.u.i.k.n.KeyIO           Parsing took 0 ms 
463046     INFO  Test worker     d.u.i.k.n.KeyIO           MODE: declarations took 0 ms 
463046     INFO  Test worker     d.u.i.k.n.KeyIO           Parsing took 0 ms 
463046     INFO  Test worker     d.u.i.k.n.KeyIO           MODE: declarations took 0 ms 
466590     INFO  Test worker     d.u.i.k.n.KeyIO           Parsing took 0 ms 
466590     INFO  Test worker     d.u.i.k.n.KeyIO           MODE: declarations took 0 ms 
466590     INFO  Test worker     d.u.i.k.n.KeyIO           Parsing took 0 ms 
466590     INFO  Test worker     d.u.i.k.n.KeyIO           MODE: declarations took 0 ms 
466590     INFO  Test worker     d.u.i.k.n.KeyIO           Parsing took 0 ms 
466590     INFO  Test worker     d.u.i.k.n.KeyIO           MODE: declarations took 0 ms 
466590     INFO  Test worker     d.u.i.k.n.KeyIO           Parsing took 0 ms 
466590     INFO  Test worker     d.u.i.k.n.KeyIO           MODE: declarations took 0 ms 
466590     INFO  Test worker     d.u.i.k.n.KeyIO           Parsing took 0 ms 
466590     INFO  Test worker     d.u.i.k.n.KeyIO           MODE: declarations took 0 ms 
470096     INFO  Test worker     d.u.i.k.n.KeyIO           Parsing took 0 ms 
470097     INFO  Test worker     d.u.i.k.n.KeyIO           MODE: declarations took 1 ms 
470097     INFO  Test worker     d.u.i.k.n.KeyIO           Parsing took 0 ms 
470097     INFO  Test worker     d.u.i.k.n.KeyIO           MODE: declarations took 0 ms 
470097     INFO  Test worker     d.u.i.k.n.KeyIO           Parsing took 0 ms 
470097     INFO  Test worker     d.u.i.k.n.KeyIO           MODE: declarations took 0 ms 
470097     INFO  Test worker     d.u.i.k.n.KeyIO           Parsing took 0 ms 
470097     INFO  Test worker     d.u.i.k.n.KeyIO           MODE: declarations took 0 ms 
470097     INFO  Test worker     d.u.i.k.n.KeyIO           Parsing took 0 ms 
470097     INFO  Test worker     d.u.i.k.n.KeyIO           MODE: declarations took 0 ms 
473566     INFO  Test worker     d.u.i.k.n.KeyIO           Parsing took 0 ms 
473566     INFO  Test worker     d.u.i.k.n.KeyIO           MODE: declarations took 0 ms 
473566     INFO  Test worker     d.u.i.k.n.KeyIO           Parsing took 0 ms 
473566     INFO  Test worker     d.u.i.k.n.KeyIO           MODE: declarations took 0 ms 
473566     INFO  Test worker     d.u.i.k.n.KeyIO           Parsing took 0 ms 
473566     INFO  Test worker     d.u.i.k.n.KeyIO           MODE: declarations took 0 ms 
473566     INFO  Test worker     d.u.i.k.n.KeyIO           Parsing took 0 ms 
473566     INFO  Test worker     d.u.i.k.n.KeyIO           MODE: declarations took 0 ms 
473566     INFO  Test worker     d.u.i.k.n.KeyIO           Parsing took 0 ms 
473566     INFO  Test worker     d.u.i.k.n.KeyIO           MODE: declarations took 0 ms 
477084     INFO  Test worker     d.u.i.k.n.KeyIO           Parsing took 0 ms 
477084     INFO  Test worker     d.u.i.k.n.KeyIO           MODE: declarations took 0 ms 
477084     INFO  Test worker     d.u.i.k.n.KeyIO           Parsing took 0 ms 
477084     INFO  Test worker     d.u.i.k.n.KeyIO           MODE: declarations took 0 ms 
477084     INFO  Test worker     d.u.i.k.n.KeyIO           Parsing took 0 ms 
477084     INFO  Test worker     d.u.i.k.n.KeyIO           MODE: declarations took 0 ms 
477084     INFO  Test worker     d.u.i.k.n.KeyIO           Parsing took 0 ms 
477084     INFO  Test worker     d.u.i.k.n.KeyIO           MODE: declarations took 0 ms 
477084     INFO  Test worker     d.u.i.k.n.KeyIO           Parsing took 0 ms 
477084     INFO  Test worker     d.u.i.k.n.KeyIO           MODE: declarations took 0 ms 
480587     INFO  Test worker     d.u.i.k.n.KeyIO           Parsing took 0 ms 
480587     INFO  Test worker     d.u.i.k.n.KeyIO           MODE: declarations took 0 ms 
480587     INFO  Test worker     d.u.i.k.n.KeyIO           Parsing took 0 ms 
480587     INFO  Test worker     d.u.i.k.n.KeyIO           MODE: declarations took 0 ms 
480587     INFO  Test worker     d.u.i.k.n.KeyIO           Parsing took 0 ms 
480587     INFO  Test worker     d.u.i.k.n.KeyIO           MODE: declarations took 0 ms 
480587     INFO  Test worker     d.u.i.k.n.KeyIO           Parsing took 0 ms 
480587     INFO  Test worker     d.u.i.k.n.KeyIO           MODE: declarations took 0 ms 
480587     INFO  Test worker     d.u.i.k.n.KeyIO           Parsing took 0 ms 
480587     INFO  Test worker     d.u.i.k.n.KeyIO           MODE: declarations took 0 ms 
484072     INFO  Test worker     d.u.i.k.n.KeyIO           Parsing took 0 ms 
484073     INFO  Test worker     d.u.i.k.n.KeyIO           MODE: declarations took 0 ms 
484073     INFO  Test worker     d.u.i.k.n.KeyIO           Parsing took 0 ms 
484073     INFO  Test worker     d.u.i.k.n.KeyIO           MODE: declarations took 0 ms 
484073     INFO  Test worker     d.u.i.k.n.KeyIO           Parsing took 0 ms 
484073     INFO  Test worker     d.u.i.k.n.KeyIO           MODE: declarations took 0 ms 
484073     INFO  Test worker     d.u.i.k.n.KeyIO           Parsing took 0 ms 
484073     INFO  Test worker     d.u.i.k.n.KeyIO           MODE: declarations took 0 ms 
484073     INFO  Test worker     d.u.i.k.n.KeyIO           Parsing took 0 ms 
484073     INFO  Test worker     d.u.i.k.n.KeyIO           MODE: declarations took 0 ms 
487477     INFO  Test worker     d.u.i.k.n.KeyIO           Parsing took 0 ms 
487477     INFO  Test worker     d.u.i.k.n.KeyIO           MODE: declarations took 0 ms 
487477     INFO  Test worker     d.u.i.k.n.KeyIO           Parsing took 0 ms 
487477     INFO  Test worker     d.u.i.k.n.KeyIO           MODE: declarations took 0 ms 
487477     INFO  Test worker     d.u.i.k.n.KeyIO           Parsing took 0 ms 
487477     INFO  Test worker     d.u.i.k.n.KeyIO           MODE: declarations took 0 ms 
487477     INFO  Test worker     d.u.i.k.n.KeyIO           Parsing took 0 ms 
487477     INFO  Test worker     d.u.i.k.n.KeyIO           MODE: declarations took 0 ms 
487477     INFO  Test worker     d.u.i.k.n.KeyIO           Parsing took 0 ms 
487477     INFO  Test worker     d.u.i.k.n.KeyIO           MODE: declarations took 0 ms 
490949     INFO  Test worker     d.u.i.k.n.KeyIO           Parsing took 0 ms 
490949     INFO  Test worker     d.u.i.k.n.KeyIO           MODE: declarations took 0 ms 
490949     INFO  Test worker     d.u.i.k.n.KeyIO           Parsing took 0 ms 
490949     INFO  Test worker     d.u.i.k.n.KeyIO           MODE: declarations took 0 ms 
490949     INFO  Test worker     d.u.i.k.n.KeyIO           Parsing took 0 ms 
490950     INFO  Test worker     d.u.i.k.n.KeyIO           MODE: declarations took 0 ms 
490950     INFO  Test worker     d.u.i.k.n.KeyIO           Parsing took 0 ms 
490950     INFO  Test worker     d.u.i.k.n.KeyIO           MODE: declarations took 0 ms 
490950     INFO  Test worker     d.u.i.k.n.KeyIO           Parsing took 0 ms 
490950     INFO  Test worker     d.u.i.k.n.KeyIO           MODE: declarations took 0 ms 
494462     INFO  Test worker     d.u.i.k.n.KeyIO           Parsing took 0 ms 
494462     INFO  Test worker     d.u.i.k.n.KeyIO           MODE: declarations took 0 ms 
494462     INFO  Test worker     d.u.i.k.n.KeyIO           Parsing took 0 ms 
494462     INFO  Test worker     d.u.i.k.n.KeyIO           MODE: declarations took 0 ms 
494463     INFO  Test worker     d.u.i.k.n.KeyIO           Parsing took 1 ms 
494463     INFO  Test worker     d.u.i.k.n.KeyIO           MODE: declarations took 0 ms 
494463     INFO  Test worker     d.u.i.k.n.KeyIO           Parsing took 0 ms 
494463     INFO  Test worker     d.u.i.k.n.KeyIO           MODE: declarations took 0 ms 
494463     INFO  Test worker     d.u.i.k.n.KeyIO           Parsing took 0 ms 
494464     INFO  Test worker     d.u.i.k.n.KeyIO           MODE: declarations took 0 ms 
497992     INFO  Test worker     d.u.i.k.n.KeyIO           Parsing took 0 ms 
497992     INFO  Test worker     d.u.i.k.n.KeyIO           MODE: declarations took 0 ms 
497992     INFO  Test worker     d.u.i.k.n.KeyIO           Parsing took 0 ms 
497992     INFO  Test worker     d.u.i.k.n.KeyIO           MODE: declarations took 0 ms 
497992     INFO  Test worker     d.u.i.k.n.KeyIO           Parsing took 0 ms 
497992     INFO  Test worker     d.u.i.k.n.KeyIO           MODE: declarations took 0 ms 
497992     INFO  Test worker     d.u.i.k.n.KeyIO           Parsing took 0 ms 
497992     INFO  Test worker     d.u.i.k.n.KeyIO           MODE: declarations took 0 ms 
497992     INFO  Test worker     d.u.i.k.n.KeyIO           Parsing took 0 ms 
497992     INFO  Test worker     d.u.i.k.n.KeyIO           MODE: declarations took 0 ms 
501549     INFO  Test worker     d.u.i.k.n.KeyIO           Parsing took 0 ms 
501549     INFO  Test worker     d.u.i.k.n.KeyIO           MODE: declarations took 0 ms 
501549     INFO  Test worker     d.u.i.k.n.KeyIO           Parsing took 0 ms 
501549     INFO  Test worker     d.u.i.k.n.KeyIO           MODE: declarations took 0 ms 
501549     INFO  Test worker     d.u.i.k.n.KeyIO           Parsing took 0 ms 
501549     INFO  Test worker     d.u.i.k.n.KeyIO           MODE: declarations took 0 ms 
501549     INFO  Test worker     d.u.i.k.n.KeyIO           Parsing took 0 ms 
501549     INFO  Test worker     d.u.i.k.n.KeyIO           MODE: declarations took 0 ms 
501549     INFO  Test worker     d.u.i.k.n.KeyIO           Parsing took 0 ms 
501549     INFO  Test worker     d.u.i.k.n.KeyIO           MODE: declarations took 0 ms 
]]></system-out>
  <system-err><![CDATA[]]></system-err>
</testsuite>
