<?xml version="1.0" encoding="UTF-8"?>
<testsuite name="de.uka.ilkd.key.nparser.ExprTest" tests="23" skipped="0" failures="0" errors="0" timestamp="2023-04-03T14:50:05" hostname="fv-az441-869" time="2.581">
  <properties/>
  <testcase name="[1] (bprod{int y;}(1, 2, y) = 0)" classname="de.uka.ilkd.key.nparser.ExprTest" time="0.019"/>
  <testcase name="[2] 1 = 1 -&gt; 2 = 2" classname="de.uka.ilkd.key.nparser.ExprTest" time="0.015"/>
  <testcase name="[3] \&lt; { int x = 1; } \&gt; x=1" classname="de.uka.ilkd.key.nparser.ExprTest" time="1.03"/>
  <testcase name="[4] \&lt;{ int x = 1; {int s = 2;} }\&gt; x=x" classname="de.uka.ilkd.key.nparser.ExprTest" time="1.154"/>
  <testcase name="[5] true" classname="de.uka.ilkd.key.nparser.ExprTest" time="0.014"/>
  <testcase name="[6] true &amp; false" classname="de.uka.ilkd.key.nparser.ExprTest" time="0.014"/>
  <testcase name="[7] 0" classname="de.uka.ilkd.key.nparser.ExprTest" time="0.013"/>
  <testcase name="[8] 1" classname="de.uka.ilkd.key.nparser.ExprTest" time="0.013"/>
  <testcase name="[9] 42" classname="de.uka.ilkd.key.nparser.ExprTest" time="0.017"/>
  <testcase name="[10] -5" classname="de.uka.ilkd.key.nparser.ExprTest" time="0.013"/>
  <testcase name="[11] 1 + 1 = 2" classname="de.uka.ilkd.key.nparser.ExprTest" time="0.017"/>
  <testcase name="[12] \if (3=4) \then (1) \else (2)" classname="de.uka.ilkd.key.nparser.ExprTest" time="0.021"/>
  <testcase name="[13] \if (3=4 &amp; 1=1) \then (\if (3=4) \then (1) \else (2)) \else (2)" classname="de.uka.ilkd.key.nparser.ExprTest" time="0.019"/>
  <testcase name="[14] aa + bb*cc" classname="de.uka.ilkd.key.nparser.ExprTest" time="0.012"/>
  <testcase name="[15] aa%bb*cc &lt; -123" classname="de.uka.ilkd.key.nparser.ExprTest" time="0.015"/>
  <testcase name="[16] \forall int x; true" classname="de.uka.ilkd.key.nparser.ExprTest" time="0.013"/>
  <testcase name="[17] \forall numbers x; x = x" classname="de.uka.ilkd.key.nparser.ExprTest" time="0.014"/>
  <testcase name="[18] (int)3+2" classname="de.uka.ilkd.key.nparser.ExprTest" time="0.02"/>
  <testcase name="[19] 1.f + 1f = 20e-1f * (2f-1f)" classname="de.uka.ilkd.key.nparser.ExprTest" time="0.023"/>
  <testcase name="[20] 1.d + 1d &lt;= 20e+1d * .01d" classname="de.uka.ilkd.key.nparser.ExprTest" time="0.013"/>
  <testcase name="[21] 1f &lt;= 2f" classname="de.uka.ilkd.key.nparser.ExprTest" time="0.017"/>
  <testcase name="[22] 2d &gt; 1d" classname="de.uka.ilkd.key.nparser.ExprTest" time="0.028"/>
  <testcase name="[23] seqEmpty + seqEmpty" classname="de.uka.ilkd.key.nparser.ExprTest" time="0.016"/>
  <system-out><![CDATA[237135     INFO  Test worker     d.u.i.k.n.KeyIO           Parsing took 10 ms 
237137     INFO  Test worker     d.u.i.k.n.KeyIO           MODE: declarations took 1 ms 
237140     INFO  Test worker     d.u.i.k.n.ExprTest        Term: equals(bprod{y:int}(Z(1(#)),Z(2(#)),y),Z(0(#))) 
237154     INFO  Test worker     d.u.i.k.n.KeyIO           Parsing took 9 ms 
237155     INFO  Test worker     d.u.i.k.n.KeyIO           MODE: declarations took 1 ms 
237158     INFO  Test worker     d.u.i.k.n.ExprTest        Term: imp(equals(Z(1(#)),Z(1(#))),equals(Z(2(#)),Z(2(#)))) 
237170     INFO  Test worker     d.u.i.k.n.KeyIO           Parsing took 9 ms 
237172     INFO  Test worker     d.u.i.k.n.KeyIO           MODE: declarations took 1 ms 
238189     INFO  Test worker     d.u.i.k.n.ExprTest        Term: \<{
  int x = 1;
}\> (equals(x,Z(1(#)))) 
238207     INFO  Test worker     d.u.i.k.n.KeyIO           Parsing took 15 ms 
238209     INFO  Test worker     d.u.i.k.n.KeyIO           MODE: declarations took 2 ms 
239344     INFO  Test worker     d.u.i.k.n.ExprTest        Term: \<{
  int x = 1;
  {
    int s = 2;
  }
}\> (equals(x,x)) 
239355     INFO  Test worker     d.u.i.k.n.KeyIO           Parsing took 9 ms 
239357     INFO  Test worker     d.u.i.k.n.KeyIO           MODE: declarations took 1 ms 
239359     INFO  Test worker     d.u.i.k.n.ExprTest        Term: true 
239370     INFO  Test worker     d.u.i.k.n.KeyIO           Parsing took 8 ms 
239371     INFO  Test worker     d.u.i.k.n.KeyIO           MODE: declarations took 0 ms 
239374     INFO  Test worker     d.u.i.k.n.ExprTest        Term: and(true,false) 
239385     INFO  Test worker     d.u.i.k.n.KeyIO           Parsing took 9 ms 
239386     INFO  Test worker     d.u.i.k.n.KeyIO           MODE: declarations took 1 ms 
239388     INFO  Test worker     d.u.i.k.n.ExprTest        Term: Z(0(#)) 
239398     INFO  Test worker     d.u.i.k.n.KeyIO           Parsing took 8 ms 
239400     INFO  Test worker     d.u.i.k.n.KeyIO           MODE: declarations took 2 ms 
239402     INFO  Test worker     d.u.i.k.n.ExprTest        Term: Z(1(#)) 
239415     INFO  Test worker     d.u.i.k.n.KeyIO           Parsing took 8 ms 
239417     INFO  Test worker     d.u.i.k.n.KeyIO           MODE: declarations took 2 ms 
239419     INFO  Test worker     d.u.i.k.n.ExprTest        Term: Z(2(4(#))) 
239430     INFO  Test worker     d.u.i.k.n.KeyIO           Parsing took 9 ms 
239431     INFO  Test worker     d.u.i.k.n.KeyIO           MODE: declarations took 1 ms 
239433     INFO  Test worker     d.u.i.k.n.ExprTest        Term: Z(neglit(5(#))) 
239452     INFO  Test worker     d.u.i.k.n.KeyIO           Parsing took 8 ms 
239453     INFO  Test worker     d.u.i.k.n.KeyIO           MODE: declarations took 1 ms 
239458     INFO  Test worker     d.u.i.k.n.ExprTest        Term: equals(add(Z(1(#)),Z(1(#))),Z(2(#))) 
239471     INFO  Test worker     d.u.i.k.n.KeyIO           Parsing took 7 ms 
239472     INFO  Test worker     d.u.i.k.n.KeyIO           MODE: declarations took 1 ms 
239474     INFO  Test worker     d.u.i.k.n.ExprTest        Term: if-then-else(equals(Z(3(#)),Z(4(#))),Z(1(#)),Z(2(#))) 
239498     INFO  Test worker     d.u.i.k.n.KeyIO           Parsing took 12 ms 
239500     INFO  Test worker     d.u.i.k.n.KeyIO           MODE: declarations took 2 ms 
239503     INFO  Test worker     d.u.i.k.n.ExprTest        Term: if-then-else(and(equals(Z(3(#)),Z(4(#))),equals(Z(1(#)),Z(1(#)))),if-then-else(equals(Z(3(#)),Z(4(#))),Z(1(#)),Z(2(#))),Z(2(#))) 
239513     INFO  Test worker     d.u.i.k.n.KeyIO           Parsing took 8 ms 
239514     INFO  Test worker     d.u.i.k.n.KeyIO           MODE: declarations took 1 ms 
239516     INFO  Test worker     d.u.i.k.n.ExprTest        Term: add(aa,mul(bb,cc)) 
239529     INFO  Test worker     d.u.i.k.n.KeyIO           Parsing took 8 ms 
239530     INFO  Test worker     d.u.i.k.n.KeyIO           MODE: declarations took 1 ms 
239532     INFO  Test worker     d.u.i.k.n.ExprTest        Term: lt(mul(mod(aa,bb),cc),Z(neglit(3(2(1(#)))))) 
239543     INFO  Test worker     d.u.i.k.n.KeyIO           Parsing took 8 ms 
239544     INFO  Test worker     d.u.i.k.n.KeyIO           MODE: declarations took 1 ms 
239546     INFO  Test worker     d.u.i.k.n.ExprTest        Term: all{x:int}(true) 
239556     INFO  Test worker     d.u.i.k.n.KeyIO           Parsing took 7 ms 
239557     INFO  Test worker     d.u.i.k.n.KeyIO           MODE: declarations took 1 ms 
239561     INFO  Test worker     d.u.i.k.n.ExprTest        Term: all{x:numbers}(equals(x,x)) 
239574     INFO  Test worker     d.u.i.k.n.KeyIO           Parsing took 8 ms 
239581     INFO  Test worker     d.u.i.k.n.KeyIO           MODE: declarations took 6 ms 
239583     INFO  Test worker     d.u.i.k.n.ExprTest        Term: add(int::cast(Z(3(#))),Z(2(#))) 
239595     INFO  Test worker     d.u.i.k.n.KeyIO           Parsing took 8 ms 
239601     INFO  Test worker     d.u.i.k.n.KeyIO           MODE: declarations took 6 ms 
239605     INFO  Test worker     d.u.i.k.n.ExprTest        Term: equals(addFloat(FP(6(1(2(3(5(3(5(6(0(1(#))))))))))),FP(6(1(2(3(5(3(5(6(0(1(#)))))))))))),mulFloat(FP(4(2(8(1(4(7(3(7(0(1(#))))))))))),subFloat(FP(4(2(8(1(4(7(3(7(0(1(#))))))))))),FP(6(1(2(3(5(3(5(6(0(1(#)))))))))))))) 
239618     INFO  Test worker     d.u.i.k.n.KeyIO           Parsing took 8 ms 
239619     INFO  Test worker     d.u.i.k.n.KeyIO           MODE: declarations took 1 ms 
239622     INFO  Test worker     d.u.i.k.n.ExprTest        Term: leqDouble(addDouble(DFP(8(0(4(7(1(0(0(0(8(8(1(4(2(8(1(7(0(6(4(#)))))))))))))))))))),DFP(8(0(4(7(1(0(0(0(8(8(1(4(2(8(1(7(0(6(4(#))))))))))))))))))))),mulDouble(DFP(4(8(7(6(0(0(2(8(9(0(9(8(0(4(2(1(4(6(4(#)))))))))))))))))))),DFP(5(7(6(7(8(0(4(0(3(9(2(2(8(1(9(6(7(5(4(#)))))))))))))))))))))) 
239637     INFO  Test worker     d.u.i.k.n.KeyIO           Parsing took 11 ms 
239639     INFO  Test worker     d.u.i.k.n.KeyIO           MODE: declarations took 1 ms 
239641     INFO  Test worker     d.u.i.k.n.ExprTest        Term: leqFloat(FP(6(1(2(3(5(3(5(6(0(1(#))))))))))),FP(4(2(8(1(4(7(3(7(0(1(#)))))))))))) 
239661     INFO  Test worker     d.u.i.k.n.KeyIO           Parsing took 14 ms 
239663     INFO  Test worker     d.u.i.k.n.KeyIO           MODE: declarations took 1 ms 
239672     INFO  Test worker     d.u.i.k.n.ExprTest        Term: gtDouble(DFP(4(0(9(7(8(3(7(2(4(8(1(0(6(8(6(1(1(6(4(#)))))))))))))))))))),DFP(8(0(4(7(1(0(0(0(8(8(1(4(2(8(1(7(0(6(4(#))))))))))))))))))))) 
239699     INFO  Test worker     d.u.i.k.n.KeyIO           Parsing took 10 ms 
239701     INFO  Test worker     d.u.i.k.n.KeyIO           MODE: declarations took 2 ms 
239704     INFO  Test worker     d.u.i.k.n.ExprTest        Term: seqConcat(seqEmpty,seqEmpty) 
]]></system-out>
  <system-err><![CDATA[]]></system-err>
</testsuite>
