<?xml version="1.0" encoding="UTF-8"?>
<testsuite name="de.uka.ilkd.key.taclettranslation.TestTacletTranslator" tests="5" skipped="0" failures="0" errors="0" timestamp="2023-04-03T15:02:04" hostname="fv-az441-869" time="0.008">
  <properties/>
  <testcase name="testPropositional1()" classname="de.uka.ilkd.key.taclettranslation.TestTacletTranslator" time="0.003"/>
  <testcase name="testPropositional2()" classname="de.uka.ilkd.key.taclettranslation.TestTacletTranslator" time="0.001"/>
  <testcase name="testNegativePolarity()" classname="de.uka.ilkd.key.taclettranslation.TestTacletTranslator" time="0.001"/>
  <testcase name="testNoPolarity()" classname="de.uka.ilkd.key.taclettranslation.TestTacletTranslator" time="0.001"/>
  <testcase name="testPositivePolarity()" classname="de.uka.ilkd.key.taclettranslation.TestTacletTranslator" time="0.001"/>
  <system-out><![CDATA[956130     INFO  Test worker     d.u.i.k.n.KeyIO           Parsing took 0 ms 
956131     INFO  Test worker     d.u.i.k.n.KeyIO           MODE: declarations took 0 ms 
956133     INFO  Test worker     d.u.i.k.n.KeyIO           Parsing took 0 ms 
956133     INFO  Test worker     d.u.i.k.n.KeyIO           MODE: declarations took 0 ms 
956135     INFO  Test worker     d.u.i.k.n.KeyIO           Parsing took 0 ms 
956135     INFO  Test worker     d.u.i.k.n.KeyIO           MODE: declarations took 0 ms 
956136     INFO  Test worker     d.u.i.k.n.KeyIO           Parsing took 0 ms 
956136     INFO  Test worker     d.u.i.k.n.KeyIO           MODE: declarations took 0 ms 
956137     INFO  Test worker     d.u.i.k.n.KeyIO           Parsing took 0 ms 
956137     INFO  Test worker     d.u.i.k.n.KeyIO           MODE: declarations took 0 ms 
]]></system-out>
  <system-err><![CDATA[]]></system-err>
</testsuite>
