<?xml version="1.0" encoding="UTF-8"?>
<testsuite name="de.uka.ilkd.key.parser.TestTermParserSorts" tests="2" skipped="0" failures="0" errors="0" timestamp="2023-04-03T14:54:33" hostname="fv-az441-869" time="3.688">
  <properties/>
  <testcase name="testParseIntegerArgs()" classname="de.uka.ilkd.key.parser.TestTermParserSorts" time="0.018"/>
  <testcase name="testParseSequencePrettySyntax()" classname="de.uka.ilkd.key.parser.TestTermParserSorts" time="0.001"/>
  <system-out><![CDATA[505080     INFO  Test worker     d.u.i.k.n.KeyIO           Parsing took 0 ms 
505080     INFO  Test worker     d.u.i.k.n.KeyIO           MODE: declarations took 0 ms 
505080     INFO  Test worker     d.u.i.k.n.KeyIO           Parsing took 0 ms 
505080     INFO  Test worker     d.u.i.k.n.KeyIO           MODE: declarations took 0 ms 
505080     INFO  Test worker     d.u.i.k.n.KeyIO           Parsing took 0 ms 
505080     INFO  Test worker     d.u.i.k.n.KeyIO           MODE: declarations took 0 ms 
508767     INFO  Test worker     d.u.i.k.n.KeyIO           Parsing took 0 ms 
508767     INFO  Test worker     d.u.i.k.n.KeyIO           MODE: declarations took 0 ms 
508767     INFO  Test worker     d.u.i.k.n.KeyIO           Parsing took 0 ms 
508767     INFO  Test worker     d.u.i.k.n.KeyIO           MODE: declarations took 0 ms 
508767     INFO  Test worker     d.u.i.k.n.KeyIO           Parsing took 0 ms 
508767     INFO  Test worker     d.u.i.k.n.KeyIO           MODE: declarations took 0 ms 
]]></system-out>
  <system-err><![CDATA[]]></system-err>
</testsuite>
