<?xml version="1.0" encoding="UTF-8"?>
<testsuite name="de.uka.ilkd.key.logic.TestClashFreeSubst" tests="14" skipped="2" failures="0" errors="0" timestamp="2023-04-03T14:46:52" hostname="fv-az441-869" time="58.661">
  <properties/>
  <testcase name="testMultiShareBound()" classname="de.uka.ilkd.key.logic.TestClashFreeSubst" time="1.159"/>
  <testcase name="testClash()" classname="de.uka.ilkd.key.logic.TestClashFreeSubst" time="1.072"/>
  <testcase name="testShare()" classname="de.uka.ilkd.key.logic.TestClashFreeSubst" time="1.064"/>
  <testcase name="testSubst()" classname="de.uka.ilkd.key.logic.TestClashFreeSubst" time="1.143"/>
  <testcase name="testWary0()" classname="de.uka.ilkd.key.logic.TestClashFreeSubst" time="1.057"/>
  <testcase name="testWary1()" classname="de.uka.ilkd.key.logic.TestClashFreeSubst" time="1.107"/>
  <testcase name="testWary2()" classname="de.uka.ilkd.key.logic.TestClashFreeSubst" time="1.062"/>
  <testcase name="testClashInSubstTerm()" classname="de.uka.ilkd.key.logic.TestClashFreeSubst" time="1.061"/>
  <testcase name="testShareWary()" classname="de.uka.ilkd.key.logic.TestClashFreeSubst" time="1.037"/>
  <testcase name="testMultiSubst()" classname="de.uka.ilkd.key.logic.TestClashFreeSubst" time="1.113"/>
  <testcase name="xtestMultiClash()" classname="de.uka.ilkd.key.logic.TestClashFreeSubst" time="0.0">
    <skipped/>
  </testcase>
  <testcase name="testSubstInSubstTerm()" classname="de.uka.ilkd.key.logic.TestClashFreeSubst" time="1.056"/>
  <testcase name="testSubstWary()" classname="de.uka.ilkd.key.logic.TestClashFreeSubst" time="1.051"/>
  <testcase name="xtestMultiClash1()" classname="de.uka.ilkd.key.logic.TestClashFreeSubst" time="0.0">
    <skipped/>
  </testcase>
  <system-out><![CDATA[44223      INFO  Test worker     d.u.i.k.n.KeyIO           Parsing took 0 ms 
44224      INFO  Test worker     d.u.i.k.n.KeyIO           MODE: declarations took 0 ms 
45377      INFO  Test worker     d.u.i.k.n.KeyIO           Parsing took 1 ms 
45377      INFO  Test worker     d.u.i.k.n.KeyIO           MODE: declarations took 0 ms 
49087      INFO  Test worker     d.u.i.k.n.KeyIO           Parsing took 0 ms 
49087      INFO  Test worker     d.u.i.k.n.KeyIO           MODE: declarations took 0 ms 
50154      INFO  Test worker     d.u.i.k.n.KeyIO           Parsing took 0 ms 
50155      INFO  Test worker     d.u.i.k.n.KeyIO           MODE: declarations took 0 ms 
53766      INFO  Test worker     d.u.i.k.n.KeyIO           Parsing took 0 ms 
53766      INFO  Test worker     d.u.i.k.n.KeyIO           MODE: declarations took 0 ms 
54827      INFO  Test worker     d.u.i.k.n.KeyIO           Parsing took 0 ms 
54828      INFO  Test worker     d.u.i.k.n.KeyIO           MODE: declarations took 0 ms 
58413      INFO  Test worker     d.u.i.k.n.KeyIO           Parsing took 0 ms 
58414      INFO  Test worker     d.u.i.k.n.KeyIO           MODE: declarations took 0 ms 
59551      INFO  Test worker     d.u.i.k.n.KeyIO           Parsing took 1 ms 
59552      INFO  Test worker     d.u.i.k.n.KeyIO           MODE: declarations took 0 ms 
63113      INFO  Test worker     d.u.i.k.n.KeyIO           Parsing took 0 ms 
63114      INFO  Test worker     d.u.i.k.n.KeyIO           MODE: declarations took 0 ms 
64167      INFO  Test worker     d.u.i.k.n.KeyIO           Parsing took 0 ms 
64167      INFO  Test worker     d.u.i.k.n.KeyIO           MODE: declarations took 0 ms 
67717      INFO  Test worker     d.u.i.k.n.KeyIO           Parsing took 0 ms 
67717      INFO  Test worker     d.u.i.k.n.KeyIO           MODE: declarations took 0 ms 
68820      INFO  Test worker     d.u.i.k.n.KeyIO           Parsing took 1 ms 
68821      INFO  Test worker     d.u.i.k.n.KeyIO           MODE: declarations took 1 ms 
72292      INFO  Test worker     d.u.i.k.n.KeyIO           Parsing took 1 ms 
72293      INFO  Test worker     d.u.i.k.n.KeyIO           MODE: declarations took 1 ms 
73348      INFO  Test worker     d.u.i.k.n.KeyIO           Parsing took 0 ms 
73349      INFO  Test worker     d.u.i.k.n.KeyIO           MODE: declarations took 0 ms 
76851      INFO  Test worker     d.u.i.k.n.KeyIO           Parsing took 0 ms 
76851      INFO  Test worker     d.u.i.k.n.KeyIO           MODE: declarations took 0 ms 
77909      INFO  Test worker     d.u.i.k.n.KeyIO           Parsing took 0 ms 
77909      INFO  Test worker     d.u.i.k.n.KeyIO           MODE: declarations took 0 ms 
81367      INFO  Test worker     d.u.i.k.n.KeyIO           Parsing took 0 ms 
81367      INFO  Test worker     d.u.i.k.n.KeyIO           MODE: declarations took 0 ms 
82401      INFO  Test worker     d.u.i.k.n.KeyIO           Parsing took 0 ms 
82401      INFO  Test worker     d.u.i.k.n.KeyIO           MODE: declarations took 0 ms 
85877      INFO  Test worker     d.u.i.k.n.KeyIO           Parsing took 0 ms 
85878      INFO  Test worker     d.u.i.k.n.KeyIO           MODE: declarations took 0 ms 
86983      INFO  Test worker     d.u.i.k.n.KeyIO           Parsing took 0 ms 
86985      INFO  Test worker     d.u.i.k.n.KeyIO           MODE: declarations took 1 ms 
93835      INFO  Test worker     d.u.i.k.n.KeyIO           Parsing took 0 ms 
93838      INFO  Test worker     d.u.i.k.n.KeyIO           MODE: declarations took 1 ms 
94887      INFO  Test worker     d.u.i.k.n.KeyIO           Parsing took 0 ms 
94887      INFO  Test worker     d.u.i.k.n.KeyIO           MODE: declarations took 0 ms 
98392      INFO  Test worker     d.u.i.k.n.KeyIO           Parsing took 0 ms 
98392      INFO  Test worker     d.u.i.k.n.KeyIO           MODE: declarations took 0 ms 
99440      INFO  Test worker     d.u.i.k.n.KeyIO           Parsing took 0 ms 
99440      INFO  Test worker     d.u.i.k.n.KeyIO           MODE: declarations took 0 ms 
]]></system-out>
  <system-err><![CDATA[]]></system-err>
</testsuite>
