<?xml version="1.0" encoding="UTF-8"?>
<testsuite name="de.uka.ilkd.key.parser.TestDeclParser" tests="14" skipped="2" failures="0" errors="0" timestamp="2023-04-03T14:50:20" hostname="fv-az441-869" time="13.355">
  <properties/>
  <testcase name="testGenericSortDecl1()" classname="de.uka.ilkd.key.parser.TestDeclParser" time="1.145"/>
  <testcase name="testGenericSortDecl2()" classname="de.uka.ilkd.key.parser.TestDeclParser" time="1.07"/>
  <testcase name="testGenericSortDecl3()" classname="de.uka.ilkd.key.parser.TestDeclParser" time="1.109"/>
  <testcase name="testGenericSortDecl4()" classname="de.uka.ilkd.key.parser.TestDeclParser" time="1.113"/>
  <testcase name="testGenericSortDecl5()" classname="de.uka.ilkd.key.parser.TestDeclParser" time="0.0">
    <skipped/>
  </testcase>
  <testcase name="testGenericSortDecl6()" classname="de.uka.ilkd.key.parser.TestDeclParser" time="1.102"/>
  <testcase name="testSortDecl()" classname="de.uka.ilkd.key.parser.TestDeclParser" time="1.1"/>
  <testcase name="testProxySortDecl()" classname="de.uka.ilkd.key.parser.TestDeclParser" time="1.033"/>
  <testcase name="testArrayDecl()" classname="de.uka.ilkd.key.parser.TestDeclParser" time="1.296"/>
  <testcase name="testAmbiguousDecls()" classname="de.uka.ilkd.key.parser.TestDeclParser" time="0.001">
    <skipped/>
  </testcase>
  <testcase name="testHeurDecl()" classname="de.uka.ilkd.key.parser.TestDeclParser" time="1.097"/>
  <testcase name="testFunctionDecl()" classname="de.uka.ilkd.key.parser.TestDeclParser" time="1.109"/>
  <testcase name="testPredicateDecl()" classname="de.uka.ilkd.key.parser.TestDeclParser" time="1.094"/>
  <testcase name="testSVDecl()" classname="de.uka.ilkd.key.parser.TestDeclParser" time="1.081"/>
  <system-out><![CDATA[253043     INFO  Test worker     d.u.i.k.n.KeyIO           Parsing took 0 ms 
253043     INFO  Test worker     d.u.i.k.n.KeyIO           MODE: declarations took 0 ms 
254112     INFO  Test worker     d.u.i.k.n.KeyIO           Parsing took 0 ms 
254113     INFO  Test worker     d.u.i.k.n.KeyIO           MODE: declarations took 1 ms 
255222     INFO  Test worker     d.u.i.k.n.KeyIO           Parsing took 0 ms 
255222     INFO  Test worker     d.u.i.k.n.KeyIO           MODE: declarations took 0 ms 
256334     INFO  Test worker     d.u.i.k.n.KeyIO           Parsing took 0 ms 
256335     INFO  Test worker     d.u.i.k.n.KeyIO           MODE: declarations took 0 ms 
257436     INFO  Test worker     d.u.i.k.n.KeyIO           Parsing took 0 ms 
257436     INFO  Test worker     d.u.i.k.n.KeyIO           MODE: declarations took 0 ms 
258537     INFO  Test worker     d.u.i.k.n.KeyIO           Parsing took 0 ms 
258537     INFO  Test worker     d.u.i.k.n.KeyIO           MODE: declarations took 0 ms 
259571     INFO  Test worker     d.u.i.k.n.KeyIO           Parsing took 1 ms 
259571     INFO  Test worker     d.u.i.k.n.KeyIO           MODE: declarations took 0 ms 
260866     INFO  Test worker     d.u.i.k.n.KeyIO           Parsing took 0 ms 
260867     INFO  Test worker     d.u.i.k.n.KeyIO           MODE: declarations took 1 ms 
261965     INFO  Test worker     d.u.i.k.n.KeyIO           Parsing took 0 ms 
261966     INFO  Test worker     d.u.i.k.n.KeyIO           MODE: declarations took 0 ms 
263076     INFO  Test worker     d.u.i.k.n.KeyIO           Parsing took 0 ms 
263077     INFO  Test worker     d.u.i.k.n.KeyIO           MODE: declarations took 0 ms 
264163     INFO  Test worker     d.u.i.k.n.KeyIO           Parsing took 1 ms 
264165     INFO  Test worker     d.u.i.k.n.KeyIO           MODE: declarations took 1 ms 
265252     INFO  Test worker     d.u.i.k.n.KeyIO           Parsing took 0 ms 
265252     INFO  Test worker     d.u.i.k.n.KeyIO           MODE: declarations took 0 ms 
]]></system-out>
  <system-err><![CDATA[]]></system-err>
</testsuite>
