<?xml version="1.0" encoding="UTF-8"?>
<testsuite name="de.uka.ilkd.key.parser.TestTacletParser" tests="20" skipped="0" failures="0" errors="0" timestamp="2023-04-03T14:52:10" hostname="fv-az441-869" time="0.173">
  <properties/>
  <testcase name="testAllRight()" classname="de.uka.ilkd.key.parser.TestTacletParser" time="0.003"/>
  <testcase name="testSchemaJava0()" classname="de.uka.ilkd.key.parser.TestTacletParser" time="0.002"/>
  <testcase name="testSchemaJava1()" classname="de.uka.ilkd.key.parser.TestTacletParser" time="0.049"/>
  <testcase name="testSchemaJava2()" classname="de.uka.ilkd.key.parser.TestTacletParser" time="0.015"/>
  <testcase name="testSchemaJava4()" classname="de.uka.ilkd.key.parser.TestTacletParser" time="0.011"/>
  <testcase name="testSchemaJava6()" classname="de.uka.ilkd.key.parser.TestTacletParser" time="0.007"/>
  <testcase name="testSchemaJava8()" classname="de.uka.ilkd.key.parser.TestTacletParser" time="0.007"/>
  <testcase name="testCut()" classname="de.uka.ilkd.key.parser.TestTacletParser" time="0.003"/>
  <testcase name="testMakeInsertEq()" classname="de.uka.ilkd.key.parser.TestTacletParser" time="0.004"/>
  <testcase name="testAllLeft()" classname="de.uka.ilkd.key.parser.TestTacletParser" time="0.007"/>
  <testcase name="testClose()" classname="de.uka.ilkd.key.parser.TestTacletParser" time="0.005"/>
  <testcase name="testSchemaJava10()" classname="de.uka.ilkd.key.parser.TestTacletParser" time="0.005"/>
  <testcase name="testSchemaJava11()" classname="de.uka.ilkd.key.parser.TestTacletParser" time="0.021"/>
  <testcase name="testFIdempotent()" classname="de.uka.ilkd.key.parser.TestTacletParser" time="0.002"/>
  <testcase name="testImpRight()" classname="de.uka.ilkd.key.parser.TestTacletParser" time="0.004"/>
  <testcase name="testVarcondNew()" classname="de.uka.ilkd.key.parser.TestTacletParser" time="0.003"/>
  <testcase name="testFreeReplacewithVariables()" classname="de.uka.ilkd.key.parser.TestTacletParser" time="0.004"/>
  <testcase name="testImpLeft()" classname="de.uka.ilkd.key.parser.TestTacletParser" time="0.001"/>
  <testcase name="testContraposition()" classname="de.uka.ilkd.key.parser.TestTacletParser" time="0.002"/>
  <testcase name="testExConjSplit()" classname="de.uka.ilkd.key.parser.TestTacletParser" time="0.001"/>
  <system-out><![CDATA[362148     INFO  Test worker     d.u.i.k.n.KeyIO           Parsing took 0 ms 
362149     INFO  Test worker     d.u.i.k.n.KeyIO           MODE: declarations took 1 ms 
362150     INFO  Test worker     d.u.i.k.n.KeyIO           Parsing took 0 ms 
362150     INFO  Test worker     d.u.i.k.n.KeyIO           MODE: declarations took 0 ms 
362151     INFO  Test worker     d.u.i.k.n.KeyIO           Parsing took 0 ms 
362151     INFO  Test worker     d.u.i.k.n.KeyIO           MODE: declarations took 0 ms 
362152     INFO  Test worker     d.u.i.k.n.KeyIO           Parsing took 0 ms 
362152     INFO  Test worker     d.u.i.k.n.KeyIO           MODE: declarations took 0 ms 
362154     INFO  Test worker     d.u.i.k.n.KeyIO           Parsing took 0 ms 
362154     INFO  Test worker     d.u.i.k.n.KeyIO           MODE: declarations took 0 ms 
362155     WARN  Test worker     d.u.i.k.n.KeYParser       [syntax-error] <unknown>:2:21: extraneous input '<' expecting {MODALITY, FORALL, EXISTS, '\if', '\ifEx', 'true', 'false', '(', ')', '{', '@', NOT, '-', STRING_LITERAL, CHAR_LITERAL, BIN_LITERAL, HEX_LITERAL, IDENT, INT_LITERAL, FLOAT_LITERAL, DOUBLE_LITERAL, REAL_LITERAL} [@12,22:22='<',<173>,2:21] (argument_list, call, accessterm, primitive_term, primitive_labeled_term, bracket_term, atom_prefix, strong_arith_term_2, strong_arith_term_1, weak_arith_term, comparison_term, equality_term, term60, conjunction_term, disjunction_term, implication_term, equivalence_term, elementary_update_term, parallel_term, term, taclet, rulesOrAxioms, decls, file) 
362171     WARN  Test worker     d.u.i.k.n.KeYParser       [syntax-error] <unknown>:2:23: no viable alternative at input '{..' [@14,24:25='..',<144>,2:23] (atom_prefix, strong_arith_term_2, strong_arith_term_1, weak_arith_term, comparison_term, equality_term, term60, conjunction_term, disjunction_term, implication_term, equivalence_term, elementary_update_term, parallel_term, term, argument_list, call, accessterm, primitive_term, primitive_labeled_term, bracket_term, atom_prefix, strong_arith_term_2, strong_arith_term_1, weak_arith_term, comparison_term, equality_term, term60, conjunction_term, disjunction_term, implication_term, equivalence_term, elementary_update_term, parallel_term, term, taclet, rulesOrAxioms, decls, file) 
362174     WARN  Test worker     d.u.i.k.n.KeYParser       [syntax-error] <unknown>:2:33: mismatched input ';' expecting {',', ')'} [@21,34:34=';',<138>,2:33] (argument_list, call, accessterm, primitive_term, primitive_labeled_term, bracket_term, atom_prefix, strong_arith_term_2, strong_arith_term_1, weak_arith_term, comparison_term, equality_term, term60, conjunction_term, disjunction_term, implication_term, equivalence_term, elementary_update_term, parallel_term, term, taclet, rulesOrAxioms, decls, file) 
362176     WARN  Test worker     d.u.i.k.n.KeYParser       [syntax-error] <unknown>:2:41: no viable alternative at input '#i;' [@26,42:42=';',<138>,2:41] (option_list, taclet, rulesOrAxioms, decls, file) 
362182     WARN  Test worker     d.u.i.k.n.KeYParser       [syntax-error] <unknown>:2:43: mismatched input '<' expecting {'(', '{'} [@28,44:44='<',<173>,2:43] (taclet, rulesOrAxioms, decls, file) 
362182     WARN  Test worker     d.u.i.k.n.KeYParser       [syntax-error] <unknown>:2:47: mismatched input '+' expecting {'(', '{'} [@32,48:48='+',<167>,2:47] (taclet, rulesOrAxioms, decls, file) 
362182     WARN  Test worker     d.u.i.k.n.KeYParser       [syntax-error] <unknown>:2:52: extraneous input '..' expecting {'\lemma', '}', IDENT, '/*!'} [@37,53:54='..',<144>,2:52] (rulesOrAxioms, decls, file) 
362202     WARN  Test worker     d.u.i.k.n.KeYParser       [syntax-error] <unknown>:2:56: mismatched input '>' expecting {<EOF>, '\problem', '\chooseContract', '\proofObligation', '\proof'} [@40,57:57='>',<168>,2:56] (file) 
362206     INFO  Test worker     d.u.i.k.n.KeyIO           Parsing took 2 ms 
362210     INFO  Test worker     d.u.i.k.n.KeyIO           MODE: declarations took 0 ms 
362211     WARN  Test worker     d.u.i.k.n.KeYParser       [syntax-error] <unknown>:2:21: extraneous input '<' expecting {MODALITY, FORALL, EXISTS, '\if', '\ifEx', 'true', 'false', '(', ')', '{', '@', NOT, '-', STRING_LITERAL, CHAR_LITERAL, BIN_LITERAL, HEX_LITERAL, IDENT, INT_LITERAL, FLOAT_LITERAL, DOUBLE_LITERAL, REAL_LITERAL} [@12,22:22='<',<173>,2:21] (argument_list, call, accessterm, primitive_term, primitive_labeled_term, bracket_term, atom_prefix, strong_arith_term_2, strong_arith_term_1, weak_arith_term, comparison_term, equality_term, term60, conjunction_term, disjunction_term, implication_term, equivalence_term, elementary_update_term, parallel_term, term, taclet, rulesOrAxioms, decls, file) 
362214     WARN  Test worker     d.u.i.k.n.KeYParser       [syntax-error] <unknown>:2:23: no viable alternative at input '{..' [@14,24:25='..',<144>,2:23] (atom_prefix, strong_arith_term_2, strong_arith_term_1, weak_arith_term, comparison_term, equality_term, term60, conjunction_term, disjunction_term, implication_term, equivalence_term, elementary_update_term, parallel_term, term, argument_list, call, accessterm, primitive_term, primitive_labeled_term, bracket_term, atom_prefix, strong_arith_term_2, strong_arith_term_1, weak_arith_term, comparison_term, equality_term, term60, conjunction_term, disjunction_term, implication_term, equivalence_term, elementary_update_term, parallel_term, term, taclet, rulesOrAxioms, decls, file) 
362215     WARN  Test worker     d.u.i.k.n.KeYParser       [syntax-error] <unknown>:2:33: mismatched input ';' expecting {',', ')'} [@21,34:34=';',<138>,2:33] (argument_list, call, accessterm, primitive_term, primitive_labeled_term, bracket_term, atom_prefix, strong_arith_term_2, strong_arith_term_1, weak_arith_term, comparison_term, equality_term, term60, conjunction_term, disjunction_term, implication_term, equivalence_term, elementary_update_term, parallel_term, term, taclet, rulesOrAxioms, decls, file) 
362215     WARN  Test worker     d.u.i.k.n.KeYParser       [syntax-error] <unknown>:2:43: no viable alternative at input '#lab;' [@26,44:44=';',<138>,2:43] (option_list, taclet, rulesOrAxioms, decls, file) 
362216     WARN  Test worker     d.u.i.k.n.KeYParser       [syntax-error] <unknown>:2:45: mismatched input '<' expecting {'(', '{'} [@28,46:46='<',<173>,2:45] (taclet, rulesOrAxioms, decls, file) 
362216     WARN  Test worker     d.u.i.k.n.KeYParser       [syntax-error] <unknown>:2:50: mismatched input '+' expecting {'(', '{'} [@32,51:51='+',<167>,2:50] (taclet, rulesOrAxioms, decls, file) 
362217     WARN  Test worker     d.u.i.k.n.KeYParser       [syntax-error] <unknown>:2:56: extraneous input '..' expecting {'\lemma', '}', IDENT, '/*!'} [@38,57:58='..',<144>,2:56] (rulesOrAxioms, decls, file) 
362217     WARN  Test worker     d.u.i.k.n.KeYParser       [syntax-error] <unknown>:2:60: mismatched input '>' expecting {<EOF>, '\problem', '\chooseContract', '\proofObligation', '\proof'} [@41,61:61='>',<168>,2:60] (file) 
362220     INFO  Test worker     d.u.i.k.n.KeyIO           Parsing took 0 ms 
362221     INFO  Test worker     d.u.i.k.n.KeyIO           MODE: declarations took 0 ms 
362223     INFO  Test worker     d.u.i.k.n.KeyIO           Parsing took 0 ms 
362223     INFO  Test worker     d.u.i.k.n.KeyIO           MODE: declarations took 0 ms 
362231     INFO  Test worker     d.u.i.k.n.KeyIO           Parsing took 1 ms 
362232     INFO  Test worker     d.u.i.k.n.KeyIO           MODE: declarations took 0 ms 
362234     INFO  Test worker     d.u.i.k.n.KeyIO           Parsing took 1 ms 
362235     INFO  Test worker     d.u.i.k.n.KeyIO           MODE: declarations took 0 ms 
362238     INFO  Test worker     d.u.i.k.n.KeyIO           Parsing took 0 ms 
362239     INFO  Test worker     d.u.i.k.n.KeyIO           MODE: declarations took 0 ms 
362243     INFO  Test worker     d.u.i.k.n.KeyIO           Parsing took 0 ms 
362243     INFO  Test worker     d.u.i.k.n.KeyIO           MODE: declarations took 0 ms 
362246     INFO  Test worker     d.u.i.k.n.KeyIO           Parsing took 0 ms 
362246     INFO  Test worker     d.u.i.k.n.KeyIO           MODE: declarations took 0 ms 
362248     INFO  Test worker     d.u.i.k.n.KeyIO           Parsing took 0 ms 
362248     INFO  Test worker     d.u.i.k.n.KeyIO           MODE: declarations took 0 ms 
362250     INFO  Test worker     d.u.i.k.n.KeyIO           Parsing took 0 ms 
362250     INFO  Test worker     d.u.i.k.n.KeyIO           MODE: declarations took 0 ms 
362252     INFO  Test worker     d.u.i.k.n.KeyIO           Parsing took 1 ms 
362252     INFO  Test worker     d.u.i.k.n.KeyIO           MODE: declarations took 0 ms 
362254     INFO  Test worker     d.u.i.k.n.KeyIO           Parsing took 0 ms 
362254     INFO  Test worker     d.u.i.k.n.KeyIO           MODE: declarations took 0 ms 
362256     INFO  Test worker     d.u.i.k.n.KeyIO           Parsing took 0 ms 
362259     INFO  Test worker     d.u.i.k.n.KeyIO           MODE: declarations took 0 ms 
362261     INFO  Test worker     d.u.i.k.n.KeyIO           Parsing took 1 ms 
362262     INFO  Test worker     d.u.i.k.n.KeyIO           MODE: declarations took 0 ms 
362263     INFO  Test worker     d.u.i.k.n.KeyIO           Parsing took 0 ms 
362263     INFO  Test worker     d.u.i.k.n.KeyIO           MODE: declarations took 0 ms 
362268     INFO  Test worker     d.u.i.k.n.KeyIO           Parsing took 0 ms 
362270     INFO  Test worker     d.u.i.k.n.KeyIO           MODE: declarations took 0 ms 
362271     INFO  Test worker     d.u.i.k.n.KeyIO           Parsing took 0 ms 
362272     INFO  Test worker     d.u.i.k.n.KeyIO           MODE: declarations took 0 ms 
362276     INFO  Test worker     d.u.i.k.n.KeyIO           Parsing took 0 ms 
362277     INFO  Test worker     d.u.i.k.n.KeyIO           MODE: declarations took 0 ms 
362291     INFO  Test worker     d.u.i.k.n.KeyIO           Parsing took 10 ms 
362294     INFO  Test worker     d.u.i.k.n.KeyIO           MODE: declarations took 0 ms 
362297     INFO  Test worker     d.u.i.k.n.KeyIO           Parsing took 0 ms 
362297     INFO  Test worker     d.u.i.k.n.KeyIO           MODE: declarations took 0 ms 
362298     INFO  Test worker     d.u.i.k.n.KeyIO           Parsing took 0 ms 
362298     INFO  Test worker     d.u.i.k.n.KeyIO           MODE: declarations took 0 ms 
362301     INFO  Test worker     d.u.i.k.n.KeyIO           Parsing took 2 ms 
362301     INFO  Test worker     d.u.i.k.n.KeyIO           MODE: declarations took 0 ms 
362302     INFO  Test worker     d.u.i.k.n.KeyIO           Parsing took 0 ms 
362302     INFO  Test worker     d.u.i.k.n.KeyIO           MODE: declarations took 0 ms 
362304     INFO  Test worker     d.u.i.k.n.KeyIO           Parsing took 0 ms 
362304     INFO  Test worker     d.u.i.k.n.KeyIO           MODE: declarations took 0 ms 
362305     INFO  Test worker     d.u.i.k.n.KeyIO           Parsing took 0 ms 
362305     INFO  Test worker     d.u.i.k.n.KeyIO           MODE: declarations took 0 ms 
362306     INFO  Test worker     d.u.i.k.n.KeyIO           Parsing took 0 ms 
362306     INFO  Test worker     d.u.i.k.n.KeyIO           MODE: declarations took 0 ms 
362308     INFO  Test worker     d.u.i.k.n.KeyIO           Parsing took 0 ms 
362308     INFO  Test worker     d.u.i.k.n.KeyIO           MODE: declarations took 0 ms 
362309     INFO  Test worker     d.u.i.k.n.KeyIO           Parsing took 0 ms 
362309     INFO  Test worker     d.u.i.k.n.KeyIO           MODE: declarations took 0 ms 
362316     INFO  Test worker     d.u.i.k.n.KeyIO           Parsing took 0 ms 
362316     INFO  Test worker     d.u.i.k.n.KeyIO           MODE: declarations took 0 ms 
362317     INFO  Test worker     d.u.i.k.n.KeyIO           Parsing took 0 ms 
362317     INFO  Test worker     d.u.i.k.n.KeyIO           MODE: declarations took 0 ms 
362317     INFO  Test worker     d.u.i.k.n.KeyIO           Parsing took 0 ms 
362318     INFO  Test worker     d.u.i.k.n.KeyIO           MODE: declarations took 0 ms 
362319     INFO  Test worker     d.u.i.k.n.KeyIO           Parsing took 0 ms 
362319     INFO  Test worker     d.u.i.k.n.KeyIO           MODE: declarations took 0 ms 
362320     INFO  Test worker     d.u.i.k.n.KeyIO           Parsing took 0 ms 
362320     INFO  Test worker     d.u.i.k.n.KeyIO           MODE: declarations took 0 ms 
362321     INFO  Test worker     d.u.i.k.n.KeyIO           Parsing took 0 ms 
362321     INFO  Test worker     d.u.i.k.n.KeyIO           MODE: declarations took 0 ms 
]]></system-out>
  <system-err><![CDATA[]]></system-err>
</testsuite>
