<?xml version="1.0" encoding="UTF-8"?>
<testsuite name="de.uka.ilkd.key.nparser.ParseLDTsTests" tests="2" skipped="0" failures="0" errors="0" timestamp="2023-04-03T14:50:08" hostname="fv-az441-869" time="1.2">
  <properties/>
  <testcase name="testLDT()" classname="de.uka.ilkd.key.nparser.ParseLDTsTests" time="0.019"/>
  <testcase name="testSR()" classname="de.uka.ilkd.key.nparser.ParseLDTsTests" time="1.181"/>
  <system-out><![CDATA[239721     INFO  Test worker     d.u.i.k.n.KeyIO           Parsing took 10 ms 
239722     INFO  Test worker     d.u.i.k.n.KeyIO           MODE: declarations took 1 ms 
240217     INFO  Test worker     d.u.i.k.n.KeyIO           Parsing took 485 ms 
240220     INFO  Test worker     d.u.i.k.n.KeyIO           MODE: declarations took 2 ms 
]]></system-out>
  <system-err><![CDATA[]]></system-err>
</testsuite>
