<?xml version="1.0" encoding="UTF-8"?>
<testsuite name="de.uka.ilkd.key.strategy.quantifierHeuristics.TestTriggersSet" tests="2" skipped="1" failures="0" errors="0" timestamp="2023-02-04T15:25:01" hostname="fv-az419-804" time="0.005">
  <properties/>
  <testcase name="testTrigger1()" classname="de.uka.ilkd.key.strategy.quantifierHeuristics.TestTriggersSet" time="0.004"/>
  <testcase name="testTrigger2()" classname="de.uka.ilkd.key.strategy.quantifierHeuristics.TestTriggersSet" time="0.001">
    <skipped/>
  </testcase>
  <system-out><![CDATA[]]></system-out>
  <system-err><![CDATA[]]></system-err>
</testsuite>
