<?xml version="1.0" encoding="UTF-8"?>
<testsuite name="org.key_project.util.testcase.java.XMLUtilTest" tests="3" skipped="0" failures="0" errors="0" timestamp="2023-05-26T22:37:33" hostname="fv-az456-882" time="0.002">
  <properties/>
  <testcase name="testEncodeText()" classname="org.key_project.util.testcase.java.XMLUtilTest" time="0.0"/>
  <testcase name="testReplaceTags()" classname="org.key_project.util.testcase.java.XMLUtilTest" time="0.001"/>
  <testcase name="testRemoveTags()" classname="org.key_project.util.testcase.java.XMLUtilTest" time="0.001"/>
  <system-out><![CDATA[]]></system-out>
  <system-err><![CDATA[]]></system-err>
</testsuite>
