<?xml version="1.0" encoding="UTF-8"?>
<testsuite name="de.uka.ilkd.key.parser.TestDeclParser" tests="14" skipped="2" failures="0" errors="0" timestamp="2023-04-19T14:57:01" hostname="fv-az479-470" time="12.58">
  <properties/>
  <testcase name="testGenericSortDecl1()" classname="de.uka.ilkd.key.parser.TestDeclParser" time="1.283"/>
  <testcase name="testGenericSortDecl2()" classname="de.uka.ilkd.key.parser.TestDeclParser" time="1.106"/>
  <testcase name="testGenericSortDecl3()" classname="de.uka.ilkd.key.parser.TestDeclParser" time="1.059"/>
  <testcase name="testGenericSortDecl4()" classname="de.uka.ilkd.key.parser.TestDeclParser" time="0.97"/>
  <testcase name="testGenericSortDecl5()" classname="de.uka.ilkd.key.parser.TestDeclParser" time="0.0">
    <skipped/>
  </testcase>
  <testcase name="testGenericSortDecl6()" classname="de.uka.ilkd.key.parser.TestDeclParser" time="1.088"/>
  <testcase name="testSortDecl()" classname="de.uka.ilkd.key.parser.TestDeclParser" time="0.989"/>
  <testcase name="testProxySortDecl()" classname="de.uka.ilkd.key.parser.TestDeclParser" time="1.021"/>
  <testcase name="testArrayDecl()" classname="de.uka.ilkd.key.parser.TestDeclParser" time="0.928"/>
  <testcase name="testAmbiguousDecls()" classname="de.uka.ilkd.key.parser.TestDeclParser" time="0.001">
    <skipped/>
  </testcase>
  <testcase name="testHeurDecl()" classname="de.uka.ilkd.key.parser.TestDeclParser" time="1.115"/>
  <testcase name="testFunctionDecl()" classname="de.uka.ilkd.key.parser.TestDeclParser" time="1.04"/>
  <testcase name="testPredicateDecl()" classname="de.uka.ilkd.key.parser.TestDeclParser" time="0.929"/>
  <testcase name="testSVDecl()" classname="de.uka.ilkd.key.parser.TestDeclParser" time="1.049"/>
  <system-out><![CDATA[253954     INFO  Test worker     d.u.i.k.n.KeyIO           Parsing took 0 ms 
253954     INFO  Test worker     d.u.i.k.n.KeyIO           MODE: declarations took 0 ms 
255048     INFO  Test worker     d.u.i.k.n.KeyIO           Parsing took 0 ms 
255064     INFO  Test worker     d.u.i.k.n.KeyIO           MODE: declarations took 16 ms 
256112     INFO  Test worker     d.u.i.k.n.KeyIO           Parsing took 0 ms 
256112     INFO  Test worker     d.u.i.k.n.KeyIO           MODE: declarations took 0 ms 
257081     INFO  Test worker     d.u.i.k.n.KeyIO           Parsing took 0 ms 
257081     INFO  Test worker     d.u.i.k.n.KeyIO           MODE: declarations took 0 ms 
258176     INFO  Test worker     d.u.i.k.n.KeyIO           Parsing took 0 ms 
258176     INFO  Test worker     d.u.i.k.n.KeyIO           MODE: declarations took 0 ms 
259160     INFO  Test worker     d.u.i.k.n.KeyIO           Parsing took 0 ms 
259160     INFO  Test worker     d.u.i.k.n.KeyIO           MODE: declarations took 0 ms 
260192     INFO  Test worker     d.u.i.k.n.KeyIO           Parsing took 15 ms 
260192     INFO  Test worker     d.u.i.k.n.KeyIO           MODE: declarations took 0 ms 
261115     INFO  Test worker     d.u.i.k.n.KeyIO           Parsing took 0 ms 
261115     INFO  Test worker     d.u.i.k.n.KeyIO           MODE: declarations took 0 ms 
262225     INFO  Test worker     d.u.i.k.n.KeyIO           Parsing took 0 ms 
262225     INFO  Test worker     d.u.i.k.n.KeyIO           MODE: declarations took 0 ms 
263257     INFO  Test worker     d.u.i.k.n.KeyIO           Parsing took 0 ms 
263257     INFO  Test worker     d.u.i.k.n.KeyIO           MODE: declarations took 0 ms 
264195     INFO  Test worker     d.u.i.k.n.KeyIO           Parsing took 0 ms 
264195     INFO  Test worker     d.u.i.k.n.KeyIO           MODE: declarations took 0 ms 
265243     INFO  Test worker     d.u.i.k.n.KeyIO           Parsing took 0 ms 
265243     INFO  Test worker     d.u.i.k.n.KeyIO           MODE: declarations took 0 ms 
]]></system-out>
  <system-err><![CDATA[]]></system-err>
</testsuite>
