<?xml version="1.0" encoding="UTF-8"?>
<testsuite name="de.uka.ilkd.key.logic.TestClashFreeSubst" tests="14" skipped="2" failures="0" errors="0" timestamp="2023-04-19T14:53:53" hostname="fv-az479-470" time="54.741">
  <properties/>
  <testcase name="testMultiShareBound()" classname="de.uka.ilkd.key.logic.TestClashFreeSubst" time="1.066"/>
  <testcase name="testClash()" classname="de.uka.ilkd.key.logic.TestClashFreeSubst" time="1.157"/>
  <testcase name="testShare()" classname="de.uka.ilkd.key.logic.TestClashFreeSubst" time="1.033"/>
  <testcase name="testSubst()" classname="de.uka.ilkd.key.logic.TestClashFreeSubst" time="1.153"/>
  <testcase name="testWary0()" classname="de.uka.ilkd.key.logic.TestClashFreeSubst" time="1.015"/>
  <testcase name="testWary1()" classname="de.uka.ilkd.key.logic.TestClashFreeSubst" time="1.432"/>
  <testcase name="testWary2()" classname="de.uka.ilkd.key.logic.TestClashFreeSubst" time="0.976"/>
  <testcase name="testClashInSubstTerm()" classname="de.uka.ilkd.key.logic.TestClashFreeSubst" time="1.017"/>
  <testcase name="testShareWary()" classname="de.uka.ilkd.key.logic.TestClashFreeSubst" time="1.0"/>
  <testcase name="testMultiSubst()" classname="de.uka.ilkd.key.logic.TestClashFreeSubst" time="0.988"/>
  <testcase name="xtestMultiClash()" classname="de.uka.ilkd.key.logic.TestClashFreeSubst" time="0.001">
    <skipped/>
  </testcase>
  <testcase name="testSubstInSubstTerm()" classname="de.uka.ilkd.key.logic.TestClashFreeSubst" time="0.948"/>
  <testcase name="testSubstWary()" classname="de.uka.ilkd.key.logic.TestClashFreeSubst" time="0.977"/>
  <testcase name="xtestMultiClash1()" classname="de.uka.ilkd.key.logic.TestClashFreeSubst" time="0.0">
    <skipped/>
  </testcase>
  <system-out><![CDATA[64725      INFO  Test worker     d.u.i.k.n.KeyIO           Parsing took 0 ms 
64725      INFO  Test worker     d.u.i.k.n.KeyIO           MODE: declarations took 0 ms 
65773      INFO  Test worker     d.u.i.k.n.KeyIO           Parsing took 0 ms 
65788      INFO  Test worker     d.u.i.k.n.KeyIO           MODE: declarations took 0 ms 
69311      INFO  Test worker     d.u.i.k.n.KeyIO           Parsing took 0 ms 
69311      INFO  Test worker     d.u.i.k.n.KeyIO           MODE: declarations took 0 ms 
70468      INFO  Test worker     d.u.i.k.n.KeyIO           Parsing took 0 ms 
70468      INFO  Test worker     d.u.i.k.n.KeyIO           MODE: declarations took 0 ms 
74032      INFO  Test worker     d.u.i.k.n.KeyIO           Parsing took 0 ms 
74032      INFO  Test worker     d.u.i.k.n.KeyIO           MODE: declarations took 0 ms 
75048      INFO  Test worker     d.u.i.k.n.KeyIO           Parsing took 0 ms 
75064      INFO  Test worker     d.u.i.k.n.KeyIO           MODE: declarations took 0 ms 
78331      INFO  Test worker     d.u.i.k.n.KeyIO           Parsing took 0 ms 
78331      INFO  Test worker     d.u.i.k.n.KeyIO           MODE: declarations took 0 ms 
79472      INFO  Test worker     d.u.i.k.n.KeyIO           Parsing took 0 ms 
79472      INFO  Test worker     d.u.i.k.n.KeyIO           MODE: declarations took 0 ms 
82788      INFO  Test worker     d.u.i.k.n.KeyIO           Parsing took 0 ms 
82788      INFO  Test worker     d.u.i.k.n.KeyIO           MODE: declarations took 0 ms 
83803      INFO  Test worker     d.u.i.k.n.KeyIO           Parsing took 0 ms 
83803      INFO  Test worker     d.u.i.k.n.KeyIO           MODE: declarations took 0 ms 
87274      INFO  Test worker     d.u.i.k.n.KeyIO           Parsing took 0 ms 
87289      INFO  Test worker     d.u.i.k.n.KeyIO           MODE: declarations took 0 ms 
88712      INFO  Test worker     d.u.i.k.n.KeyIO           Parsing took 0 ms 
88712      INFO  Test worker     d.u.i.k.n.KeyIO           MODE: declarations took 0 ms 
91917      INFO  Test worker     d.u.i.k.n.KeyIO           Parsing took 0 ms 
91917      INFO  Test worker     d.u.i.k.n.KeyIO           MODE: declarations took 0 ms 
92887      INFO  Test worker     d.u.i.k.n.KeyIO           Parsing took 0 ms 
92887      INFO  Test worker     d.u.i.k.n.KeyIO           MODE: declarations took 0 ms 
96109      INFO  Test worker     d.u.i.k.n.KeyIO           Parsing took 0 ms 
96125      INFO  Test worker     d.u.i.k.n.KeyIO           MODE: declarations took 0 ms 
97125      INFO  Test worker     d.u.i.k.n.KeyIO           Parsing took 0 ms 
97125      INFO  Test worker     d.u.i.k.n.KeyIO           MODE: declarations took 0 ms 
100314     INFO  Test worker     d.u.i.k.n.KeyIO           Parsing took 0 ms 
100314     INFO  Test worker     d.u.i.k.n.KeyIO           MODE: declarations took 0 ms 
101283     INFO  Test worker     d.u.i.k.n.KeyIO           Parsing took 0 ms 
101283     INFO  Test worker     d.u.i.k.n.KeyIO           MODE: declarations took 0 ms 
104300     INFO  Test worker     d.u.i.k.n.KeyIO           Parsing took 0 ms 
104300     INFO  Test worker     d.u.i.k.n.KeyIO           MODE: declarations took 0 ms 
105269     INFO  Test worker     d.u.i.k.n.KeyIO           Parsing took 0 ms 
105269     INFO  Test worker     d.u.i.k.n.KeyIO           MODE: declarations took 0 ms 
111304     INFO  Test worker     d.u.i.k.n.KeyIO           Parsing took 0 ms 
111304     INFO  Test worker     d.u.i.k.n.KeyIO           MODE: declarations took 0 ms 
112243     INFO  Test worker     d.u.i.k.n.KeyIO           Parsing took 0 ms 
112243     INFO  Test worker     d.u.i.k.n.KeyIO           MODE: declarations took 0 ms 
115355     INFO  Test worker     d.u.i.k.n.KeyIO           Parsing took 0 ms 
115355     INFO  Test worker     d.u.i.k.n.KeyIO           MODE: declarations took 0 ms 
116324     INFO  Test worker     d.u.i.k.n.KeyIO           Parsing took 0 ms 
116324     INFO  Test worker     d.u.i.k.n.KeyIO           MODE: declarations took 0 ms 
]]></system-out>
  <system-err><![CDATA[]]></system-err>
</testsuite>
