<?xml version="1.0" encoding="UTF-8"?>
<testsuite name="de.uka.ilkd.key.parser.TestTermParserSorts" tests="2" skipped="0" failures="0" errors="0" timestamp="2023-04-19T15:00:54" hostname="fv-az479-470" time="3.146">
  <properties/>
  <testcase name="testParseIntegerArgs()" classname="de.uka.ilkd.key.parser.TestTermParserSorts" time="0.034"/>
  <testcase name="testParseSequencePrettySyntax()" classname="de.uka.ilkd.key.parser.TestTermParserSorts" time="0.003"/>
  <system-out><![CDATA[484924     INFO  Test worker     d.u.i.k.n.KeyIO           Parsing took 0 ms 
484924     INFO  Test worker     d.u.i.k.n.KeyIO           MODE: declarations took 0 ms 
484924     INFO  Test worker     d.u.i.k.n.KeyIO           Parsing took 0 ms 
484924     INFO  Test worker     d.u.i.k.n.KeyIO           MODE: declarations took 0 ms 
484924     INFO  Test worker     d.u.i.k.n.KeyIO           Parsing took 0 ms 
484924     INFO  Test worker     d.u.i.k.n.KeyIO           MODE: declarations took 0 ms 
488067     INFO  Test worker     d.u.i.k.n.KeyIO           Parsing took 0 ms 
488067     INFO  Test worker     d.u.i.k.n.KeyIO           MODE: declarations took 0 ms 
488067     INFO  Test worker     d.u.i.k.n.KeyIO           Parsing took 0 ms 
488067     INFO  Test worker     d.u.i.k.n.KeyIO           MODE: declarations took 0 ms 
488067     INFO  Test worker     d.u.i.k.n.KeyIO           Parsing took 0 ms 
488067     INFO  Test worker     d.u.i.k.n.KeyIO           MODE: declarations took 0 ms 
]]></system-out>
  <system-err><![CDATA[]]></system-err>
</testsuite>
