<?xml version="1.0" encoding="UTF-8"?>
<testsuite name="de.uka.ilkd.key.parser.TestTermParser" tests="47" skipped="4" failures="0" errors="0" timestamp="2023-04-19T14:58:41" hostname="fv-az479-470" time="4.625">
  <properties/>
  <testcase name="testNotEqual()" classname="de.uka.ilkd.key.parser.TestTermParser" time="0.002"/>
  <testcase name="testProgramVariables()" classname="de.uka.ilkd.key.parser.TestTermParser" time="0.072"/>
  <testcase name="testAttributeWithSpecifiedSortOnObject()" classname="de.uka.ilkd.key.parser.TestTermParser" time="0.021"/>
  <testcase name="testCast()" classname="de.uka.ilkd.key.parser.TestTermParser" time="0.005"/>
  <testcase name="testJavaQueryAndAttribute_all()" classname="de.uka.ilkd.key.parser.TestTermParser" time="0.0">
    <skipped/>
  </testcase>
  <testcase name="test10()" classname="de.uka.ilkd.key.parser.TestTermParser" time="0.009"/>
  <testcase name="test11()" classname="de.uka.ilkd.key.parser.TestTermParser" time="0.003"/>
  <testcase name="test12()" classname="de.uka.ilkd.key.parser.TestTermParser" time="0.001">
    <skipped/>
  </testcase>
  <testcase name="test13()" classname="de.uka.ilkd.key.parser.TestTermParser" time="0.01"/>
  <testcase name="test14()" classname="de.uka.ilkd.key.parser.TestTermParser" time="0.004"/>
  <testcase name="test1a()" classname="de.uka.ilkd.key.parser.TestTermParser" time="0.003"/>
  <testcase name="testJavaAttributeAccess_4()" classname="de.uka.ilkd.key.parser.TestTermParser" time="0.003"/>
  <testcase name="testAttributeOnObject()" classname="de.uka.ilkd.key.parser.TestTermParser" time="0.004"/>
  <testcase name="testNegativeLiteralParsing1()" classname="de.uka.ilkd.key.parser.TestTermParser" time="0.001"/>
  <testcase name="testNegativeLiteralParsing2()" classname="de.uka.ilkd.key.parser.TestTermParser" time="0.002"/>
  <testcase name="testNegativeLiteralParsing3()" classname="de.uka.ilkd.key.parser.TestTermParser" time="0.002"/>
  <testcase name="xtestParsingArrayWithSpaces()" classname="de.uka.ilkd.key.parser.TestTermParser" time="0.0">
    <skipped/>
  </testcase>
  <testcase name="testAmbigiousFuncVarPred()" classname="de.uka.ilkd.key.parser.TestTermParser" time="0.001"/>
  <testcase name="test1()" classname="de.uka.ilkd.key.parser.TestTermParser" time="0.002"/>
  <testcase name="test2()" classname="de.uka.ilkd.key.parser.TestTermParser" time="0.002"/>
  <testcase name="test3()" classname="de.uka.ilkd.key.parser.TestTermParser" time="0.002"/>
  <testcase name="test5()" classname="de.uka.ilkd.key.parser.TestTermParser" time="0.007"/>
  <testcase name="test6()" classname="de.uka.ilkd.key.parser.TestTermParser" time="0.003"/>
  <testcase name="test7()" classname="de.uka.ilkd.key.parser.TestTermParser" time="0.004"/>
  <testcase name="test8()" classname="de.uka.ilkd.key.parser.TestTermParser" time="0.002"/>
  <testcase name="test9()" classname="de.uka.ilkd.key.parser.TestTermParser" time="0.002"/>
  <testcase name="testBindingUpdateTerm()" classname="de.uka.ilkd.key.parser.TestTermParser" time="0.003"/>
  <testcase name="testJavaStaticQuery()" classname="de.uka.ilkd.key.parser.TestTermParser" time="0.004"/>
  <testcase name="testInfix1()" classname="de.uka.ilkd.key.parser.TestTermParser" time="0.009"/>
  <testcase name="testInfix2()" classname="de.uka.ilkd.key.parser.TestTermParser" time="0.004"/>
  <testcase name="testInfix3()" classname="de.uka.ilkd.key.parser.TestTermParser" time="0.003"/>
  <testcase name="testInfix4()" classname="de.uka.ilkd.key.parser.TestTermParser" time="0.003"/>
  <testcase name="testIfThenElse()" classname="de.uka.ilkd.key.parser.TestTermParser" time="0.005"/>
  <testcase name="testJavaAttributeAccessBoth_1()" classname="de.uka.ilkd.key.parser.TestTermParser" time="0.003"/>
  <testcase name="testJavaAttributeAccessBoth_2()" classname="de.uka.ilkd.key.parser.TestTermParser" time="0.004"/>
  <testcase name="testJavaAttributeAccessBoth_3()" classname="de.uka.ilkd.key.parser.TestTermParser" time="0.008"/>
  <testcase name="testBindingUpdateTerm_1()" classname="de.uka.ilkd.key.parser.TestTermParser" time="0.004"/>
  <testcase name="testBindingUpdateTerm_3()" classname="de.uka.ilkd.key.parser.TestTermParser" time="0.005"/>
  <testcase name="testBindingUpdateTerm_4()" classname="de.uka.ilkd.key.parser.TestTermParser" time="0.002"/>
  <testcase name="testBindingUpdateTerm_5()" classname="de.uka.ilkd.key.parser.TestTermParser" time="0.003"/>
  <testcase name="testBindingUpdateTerm_6()" classname="de.uka.ilkd.key.parser.TestTermParser" time="0.004"/>
  <testcase name="testBindingUpdateTerm_7()" classname="de.uka.ilkd.key.parser.TestTermParser" time="0.003"/>
  <testcase name="testBindingUpdateTerm_8()" classname="de.uka.ilkd.key.parser.TestTermParser" time="0.002"/>
  <testcase name="testParsingArray()" classname="de.uka.ilkd.key.parser.TestTermParser" time="0.004"/>
  <testcase name="xtestBindingUpdateTermOldBindingAlternative()" classname="de.uka.ilkd.key.parser.TestTermParser" time="0.0">
    <skipped/>
  </testcase>
  <testcase name="testJavaStaticQueryWithParameter()" classname="de.uka.ilkd.key.parser.TestTermParser" time="0.004"/>
  <testcase name="testParsingArrayCombination()" classname="de.uka.ilkd.key.parser.TestTermParser" time="0.004"/>
  <system-out><![CDATA[351945     INFO  Test worker     d.u.i.k.n.KeyIO           Parsing took 0 ms 
351945     INFO  Test worker     d.u.i.k.n.KeyIO           MODE: declarations took 0 ms 
351945     WARN  Test worker     d.u.i.k.j.r.KeYCrossReferenceNameInfo Datatype T declared twice: Once in UNKNOWN:unknown and once in UNKNOWN:unknown, Keeping one from UNKNOWN:unknown 
352038     INFO  Test worker     d.u.i.k.n.KeyIO           Parsing took 0 ms 
352038     INFO  Test worker     d.u.i.k.n.KeyIO           MODE: declarations took 0 ms 
352117     WARN  Test worker     d.u.i.k.j.r.KeYCrossReferenceNameInfo Datatype T declared twice: Once in UNKNOWN:unknown and once in UNKNOWN:unknown, Keeping one from UNKNOWN:unknown 
352210     INFO  Test worker     d.u.i.k.n.KeyIO           Parsing took 0 ms 
352226     INFO  Test worker     d.u.i.k.n.KeyIO           MODE: declarations took 0 ms 
352226     WARN  Test worker     d.u.i.k.j.r.KeYCrossReferenceNameInfo Datatype T declared twice: Once in UNKNOWN:unknown and once in UNKNOWN:unknown, Keeping one from UNKNOWN:unknown 
352320     INFO  Test worker     d.u.i.k.n.KeyIO           Parsing took 0 ms 
352320     INFO  Test worker     d.u.i.k.n.KeyIO           MODE: declarations took 0 ms 
352335     WARN  Test worker     d.u.i.k.j.r.KeYCrossReferenceNameInfo Datatype T declared twice: Once in UNKNOWN:unknown and once in UNKNOWN:unknown, Keeping one from UNKNOWN:unknown 
352413     WARN  Test worker     d.u.i.k.j.r.KeYCrossReferenceNameInfo Datatype T declared twice: Once in UNKNOWN:unknown and once in UNKNOWN:unknown, Keeping one from UNKNOWN:unknown 
352508     INFO  Test worker     d.u.i.k.n.KeyIO           Parsing took 0 ms 
352508     INFO  Test worker     d.u.i.k.n.KeyIO           MODE: declarations took 0 ms 
352523     INFO  Test worker     d.u.i.k.p.TestTermParser  Out: \<{
  int x = 1;
  {
    int s = 2;
  }
}\> (equals(x,x)) 
352523     WARN  Test worker     d.u.i.k.j.r.KeYCrossReferenceNameInfo Datatype T declared twice: Once in UNKNOWN:unknown and once in UNKNOWN:unknown, Keeping one from UNKNOWN:unknown 
352601     INFO  Test worker     d.u.i.k.n.KeyIO           Parsing took 0 ms 
352617     INFO  Test worker     d.u.i.k.n.KeyIO           MODE: declarations took 0 ms 
352617     INFO  Test worker     d.u.i.k.p.TestTermParser  Out: \[{
  int x = 2;
  {
    String s = ""}";
  }
}\] (true) 
352617     WARN  Test worker     d.u.i.k.j.r.KeYCrossReferenceNameInfo Datatype T declared twice: Once in UNKNOWN:unknown and once in UNKNOWN:unknown, Keeping one from UNKNOWN:unknown 
352711     WARN  Test worker     d.u.i.k.j.r.KeYCrossReferenceNameInfo Datatype T declared twice: Once in UNKNOWN:unknown and once in UNKNOWN:unknown, Keeping one from UNKNOWN:unknown 
352804     INFO  Test worker     d.u.i.k.n.KeyIO           Parsing took 0 ms 
352804     INFO  Test worker     d.u.i.k.n.KeyIO           MODE: declarations took 0 ms 
352804     WARN  Test worker     d.u.i.k.j.r.KeYCrossReferenceNameInfo Datatype T declared twice: Once in UNKNOWN:unknown and once in UNKNOWN:unknown, Keeping one from UNKNOWN:unknown 
352914     INFO  Test worker     d.u.i.k.n.KeyIO           Parsing took 0 ms 
352914     INFO  Test worker     d.u.i.k.n.KeyIO           MODE: declarations took 0 ms 
352914     INFO  Test worker     d.u.i.k.p.TestTermParser  Out: \<{
  int[] i;
}\> (diamond(true)) 
352914     WARN  Test worker     d.u.i.k.j.r.KeYCrossReferenceNameInfo Datatype T declared twice: Once in UNKNOWN:unknown and once in UNKNOWN:unknown, Keeping one from UNKNOWN:unknown 
353008     INFO  Test worker     d.u.i.k.n.KeyIO           Parsing took 0 ms 
353008     INFO  Test worker     d.u.i.k.n.KeyIO           MODE: declarations took 0 ms 
353008     WARN  Test worker     d.u.i.k.j.r.KeYCrossReferenceNameInfo Datatype T declared twice: Once in UNKNOWN:unknown and once in UNKNOWN:unknown, Keeping one from UNKNOWN:unknown 
353102     INFO  Test worker     d.u.i.k.n.KeyIO           Parsing took 0 ms 
353102     INFO  Test worker     d.u.i.k.n.KeyIO           MODE: declarations took 0 ms 
353102     WARN  Test worker     d.u.i.k.j.r.KeYCrossReferenceNameInfo Datatype T declared twice: Once in UNKNOWN:unknown and once in UNKNOWN:unknown, Keeping one from UNKNOWN:unknown 
353195     INFO  Test worker     d.u.i.k.n.KeyIO           Parsing took 0 ms 
353195     INFO  Test worker     d.u.i.k.n.KeyIO           MODE: declarations took 0 ms 
353195     WARN  Test worker     d.u.i.k.j.r.KeYCrossReferenceNameInfo Datatype T declared twice: Once in UNKNOWN:unknown and once in UNKNOWN:unknown, Keeping one from UNKNOWN:unknown 
353289     INFO  Test worker     d.u.i.k.n.KeyIO           Parsing took 0 ms 
353289     INFO  Test worker     d.u.i.k.n.KeyIO           MODE: declarations took 0 ms 
353289     WARN  Test worker     d.u.i.k.j.r.KeYCrossReferenceNameInfo Datatype T declared twice: Once in UNKNOWN:unknown and once in UNKNOWN:unknown, Keeping one from UNKNOWN:unknown 
353383     INFO  Test worker     d.u.i.k.n.KeyIO           Parsing took 0 ms 
353383     INFO  Test worker     d.u.i.k.n.KeyIO           MODE: declarations took 0 ms 
353383     WARN  Test worker     d.u.i.k.j.r.KeYCrossReferenceNameInfo Datatype T declared twice: Once in UNKNOWN:unknown and once in UNKNOWN:unknown, Keeping one from UNKNOWN:unknown 
353478     INFO  Test worker     d.u.i.k.n.KeyIO           Parsing took 0 ms 
353478     INFO  Test worker     d.u.i.k.n.KeyIO           MODE: declarations took 0 ms 
353478     WARN  Test worker     d.u.i.k.j.r.KeYCrossReferenceNameInfo Datatype T declared twice: Once in UNKNOWN:unknown and once in UNKNOWN:unknown, Keeping one from UNKNOWN:unknown 
353571     WARN  Test worker     d.u.i.k.j.r.KeYCrossReferenceNameInfo Datatype T declared twice: Once in UNKNOWN:unknown and once in UNKNOWN:unknown, Keeping one from UNKNOWN:unknown 
353665     INFO  Test worker     d.u.i.k.n.KeyIO           Parsing took 0 ms 
353665     INFO  Test worker     d.u.i.k.n.KeyIO           MODE: declarations took 0 ms 
353665     WARN  Test worker     d.u.i.k.j.r.KeYCrossReferenceNameInfo Datatype T declared twice: Once in UNKNOWN:unknown and once in UNKNOWN:unknown, Keeping one from UNKNOWN:unknown 
353759     INFO  Test worker     d.u.i.k.n.KeyIO           Parsing took 0 ms 
353759     INFO  Test worker     d.u.i.k.n.KeyIO           MODE: declarations took 0 ms 
353759     WARN  Test worker     d.u.i.k.j.r.KeYCrossReferenceNameInfo Datatype T declared twice: Once in UNKNOWN:unknown and once in UNKNOWN:unknown, Keeping one from UNKNOWN:unknown 
353837     INFO  Test worker     d.u.i.k.n.KeyIO           Parsing took 0 ms 
353853     INFO  Test worker     d.u.i.k.n.KeyIO           MODE: declarations took 0 ms 
353853     WARN  Test worker     d.u.i.k.j.r.KeYCrossReferenceNameInfo Datatype T declared twice: Once in UNKNOWN:unknown and once in UNKNOWN:unknown, Keeping one from UNKNOWN:unknown 
353946     INFO  Test worker     d.u.i.k.n.KeyIO           Parsing took 0 ms 
353946     INFO  Test worker     d.u.i.k.n.KeyIO           MODE: declarations took 0 ms 
353946     WARN  Test worker     d.u.i.k.j.r.KeYCrossReferenceNameInfo Datatype T declared twice: Once in UNKNOWN:unknown and once in UNKNOWN:unknown, Keeping one from UNKNOWN:unknown 
354056     INFO  Test worker     d.u.i.k.n.KeyIO           Parsing took 0 ms 
354056     INFO  Test worker     d.u.i.k.n.KeyIO           MODE: declarations took 0 ms 
354056     WARN  Test worker     d.u.i.k.j.r.KeYCrossReferenceNameInfo Datatype T declared twice: Once in UNKNOWN:unknown and once in UNKNOWN:unknown, Keeping one from UNKNOWN:unknown 
354165     INFO  Test worker     d.u.i.k.n.KeyIO           Parsing took 0 ms 
354165     INFO  Test worker     d.u.i.k.n.KeyIO           MODE: declarations took 0 ms 
354165     WARN  Test worker     d.u.i.k.j.r.KeYCrossReferenceNameInfo Datatype T declared twice: Once in UNKNOWN:unknown and once in UNKNOWN:unknown, Keeping one from UNKNOWN:unknown 
354259     INFO  Test worker     d.u.i.k.n.KeyIO           Parsing took 0 ms 
354259     INFO  Test worker     d.u.i.k.n.KeyIO           MODE: declarations took 0 ms 
354259     WARN  Test worker     d.u.i.k.j.r.KeYCrossReferenceNameInfo Datatype T declared twice: Once in UNKNOWN:unknown and once in UNKNOWN:unknown, Keeping one from UNKNOWN:unknown 
354368     INFO  Test worker     d.u.i.k.n.KeyIO           Parsing took 0 ms 
354368     INFO  Test worker     d.u.i.k.n.KeyIO           MODE: declarations took 0 ms 
354368     WARN  Test worker     d.u.i.k.j.r.KeYCrossReferenceNameInfo Datatype T declared twice: Once in UNKNOWN:unknown and once in UNKNOWN:unknown, Keeping one from UNKNOWN:unknown 
354478     INFO  Test worker     d.u.i.k.n.KeyIO           Parsing took 0 ms 
354478     INFO  Test worker     d.u.i.k.n.KeyIO           MODE: declarations took 0 ms 
354478     WARN  Test worker     d.u.i.k.j.r.KeYCrossReferenceNameInfo Datatype T declared twice: Once in UNKNOWN:unknown and once in UNKNOWN:unknown, Keeping one from UNKNOWN:unknown 
354587     INFO  Test worker     d.u.i.k.n.KeyIO           Parsing took 0 ms 
354587     INFO  Test worker     d.u.i.k.n.KeyIO           MODE: declarations took 0 ms 
354587     WARN  Test worker     d.u.i.k.j.r.KeYCrossReferenceNameInfo Datatype T declared twice: Once in UNKNOWN:unknown and once in UNKNOWN:unknown, Keeping one from UNKNOWN:unknown 
354681     INFO  Test worker     d.u.i.k.n.KeyIO           Parsing took 0 ms 
354681     INFO  Test worker     d.u.i.k.n.KeyIO           MODE: declarations took 0 ms 
354681     WARN  Test worker     d.u.i.k.j.r.KeYCrossReferenceNameInfo Datatype T declared twice: Once in UNKNOWN:unknown and once in UNKNOWN:unknown, Keeping one from UNKNOWN:unknown 
354775     INFO  Test worker     d.u.i.k.n.KeyIO           Parsing took 0 ms 
354775     INFO  Test worker     d.u.i.k.n.KeyIO           MODE: declarations took 0 ms 
354790     WARN  Test worker     d.u.i.k.j.r.KeYCrossReferenceNameInfo Datatype T declared twice: Once in UNKNOWN:unknown and once in UNKNOWN:unknown, Keeping one from UNKNOWN:unknown 
354884     INFO  Test worker     d.u.i.k.n.KeyIO           Parsing took 0 ms 
354884     INFO  Test worker     d.u.i.k.n.KeyIO           MODE: declarations took 0 ms 
354884     WARN  Test worker     d.u.i.k.j.r.KeYCrossReferenceNameInfo Datatype T declared twice: Once in UNKNOWN:unknown and once in UNKNOWN:unknown, Keeping one from UNKNOWN:unknown 
354994     INFO  Test worker     d.u.i.k.n.KeyIO           Parsing took 0 ms 
354994     INFO  Test worker     d.u.i.k.n.KeyIO           MODE: declarations took 0 ms 
354994     WARN  Test worker     d.u.i.k.j.r.KeYCrossReferenceNameInfo Datatype T declared twice: Once in UNKNOWN:unknown and once in UNKNOWN:unknown, Keeping one from UNKNOWN:unknown 
355087     INFO  Test worker     d.u.i.k.n.KeyIO           Parsing took 0 ms 
355087     INFO  Test worker     d.u.i.k.n.KeyIO           MODE: declarations took 0 ms 
355087     WARN  Test worker     d.u.i.k.j.r.KeYCrossReferenceNameInfo Datatype T declared twice: Once in UNKNOWN:unknown and once in UNKNOWN:unknown, Keeping one from UNKNOWN:unknown 
355181     INFO  Test worker     d.u.i.k.n.KeyIO           Parsing took 0 ms 
355181     INFO  Test worker     d.u.i.k.n.KeyIO           MODE: declarations took 0 ms 
355197     WARN  Test worker     d.u.i.k.j.r.KeYCrossReferenceNameInfo Datatype T declared twice: Once in UNKNOWN:unknown and once in UNKNOWN:unknown, Keeping one from UNKNOWN:unknown 
355291     INFO  Test worker     d.u.i.k.n.KeyIO           Parsing took 0 ms 
355291     INFO  Test worker     d.u.i.k.n.KeyIO           MODE: declarations took 0 ms 
355291     WARN  Test worker     d.u.i.k.j.r.KeYCrossReferenceNameInfo Datatype T declared twice: Once in UNKNOWN:unknown and once in UNKNOWN:unknown, Keeping one from UNKNOWN:unknown 
355384     INFO  Test worker     d.u.i.k.n.KeyIO           Parsing took 0 ms 
355384     INFO  Test worker     d.u.i.k.n.KeyIO           MODE: declarations took 0 ms 
355384     WARN  Test worker     d.u.i.k.j.r.KeYCrossReferenceNameInfo Datatype T declared twice: Once in UNKNOWN:unknown and once in UNKNOWN:unknown, Keeping one from UNKNOWN:unknown 
355494     INFO  Test worker     d.u.i.k.n.KeyIO           Parsing took 0 ms 
355494     INFO  Test worker     d.u.i.k.n.KeyIO           MODE: declarations took 0 ms 
355494     WARN  Test worker     d.u.i.k.j.r.KeYCrossReferenceNameInfo Datatype T declared twice: Once in UNKNOWN:unknown and once in UNKNOWN:unknown, Keeping one from UNKNOWN:unknown 
355588     INFO  Test worker     d.u.i.k.n.KeyIO           Parsing took 0 ms 
355604     INFO  Test worker     d.u.i.k.n.KeyIO           MODE: declarations took 16 ms 
355604     WARN  Test worker     d.u.i.k.j.r.KeYCrossReferenceNameInfo Datatype T declared twice: Once in UNKNOWN:unknown and once in UNKNOWN:unknown, Keeping one from UNKNOWN:unknown 
355697     INFO  Test worker     d.u.i.k.n.KeyIO           Parsing took 0 ms 
355697     INFO  Test worker     d.u.i.k.n.KeyIO           MODE: declarations took 0 ms 
355697     WARN  Test worker     d.u.i.k.j.r.KeYCrossReferenceNameInfo Datatype T declared twice: Once in UNKNOWN:unknown and once in UNKNOWN:unknown, Keeping one from UNKNOWN:unknown 
355791     INFO  Test worker     d.u.i.k.n.KeyIO           Parsing took 0 ms 
355807     INFO  Test worker     d.u.i.k.n.KeyIO           MODE: declarations took 0 ms 
355807     WARN  Test worker     d.u.i.k.j.r.KeYCrossReferenceNameInfo Datatype T declared twice: Once in UNKNOWN:unknown and once in UNKNOWN:unknown, Keeping one from UNKNOWN:unknown 
355885     INFO  Test worker     d.u.i.k.n.KeyIO           Parsing took 0 ms 
355885     INFO  Test worker     d.u.i.k.n.KeyIO           MODE: declarations took 0 ms 
355885     WARN  Test worker     d.u.i.k.j.r.KeYCrossReferenceNameInfo Datatype T declared twice: Once in UNKNOWN:unknown and once in UNKNOWN:unknown, Keeping one from UNKNOWN:unknown 
355995     INFO  Test worker     d.u.i.k.n.KeyIO           Parsing took 0 ms 
355995     INFO  Test worker     d.u.i.k.n.KeyIO           MODE: declarations took 0 ms 
355995     WARN  Test worker     d.u.i.k.j.r.KeYCrossReferenceNameInfo Datatype T declared twice: Once in UNKNOWN:unknown and once in UNKNOWN:unknown, Keeping one from UNKNOWN:unknown 
356089     INFO  Test worker     d.u.i.k.n.KeyIO           Parsing took 0 ms 
356089     INFO  Test worker     d.u.i.k.n.KeyIO           MODE: declarations took 0 ms 
356089     WARN  Test worker     d.u.i.k.j.r.KeYCrossReferenceNameInfo Datatype T declared twice: Once in UNKNOWN:unknown and once in UNKNOWN:unknown, Keeping one from UNKNOWN:unknown 
356182     INFO  Test worker     d.u.i.k.n.KeyIO           Parsing took 0 ms 
356182     INFO  Test worker     d.u.i.k.n.KeyIO           MODE: declarations took 0 ms 
356182     WARN  Test worker     d.u.i.k.j.r.KeYCrossReferenceNameInfo Datatype T declared twice: Once in UNKNOWN:unknown and once in UNKNOWN:unknown, Keeping one from UNKNOWN:unknown 
356276     INFO  Test worker     d.u.i.k.n.KeyIO           Parsing took 0 ms 
356276     INFO  Test worker     d.u.i.k.n.KeyIO           MODE: declarations took 0 ms 
356276     WARN  Test worker     d.u.i.k.j.r.KeYCrossReferenceNameInfo Datatype T declared twice: Once in UNKNOWN:unknown and once in UNKNOWN:unknown, Keeping one from UNKNOWN:unknown 
356370     WARN  Test worker     d.u.i.k.j.r.KeYCrossReferenceNameInfo Datatype T declared twice: Once in UNKNOWN:unknown and once in UNKNOWN:unknown, Keeping one from UNKNOWN:unknown 
356464     INFO  Test worker     d.u.i.k.n.KeyIO           Parsing took 0 ms 
356464     INFO  Test worker     d.u.i.k.n.KeyIO           MODE: declarations took 0 ms 
356464     WARN  Test worker     d.u.i.k.j.r.KeYCrossReferenceNameInfo Datatype T declared twice: Once in UNKNOWN:unknown and once in UNKNOWN:unknown, Keeping one from UNKNOWN:unknown 
356558     INFO  Test worker     d.u.i.k.n.KeyIO           Parsing took 0 ms 
356558     INFO  Test worker     d.u.i.k.n.KeyIO           MODE: declarations took 0 ms 
]]></system-out>
  <system-err><![CDATA[]]></system-err>
</testsuite>
