<?xml version="1.0" encoding="UTF-8"?>
<testsuite name="de.uka.ilkd.key.parser.TestTermParserHeap" tests="39" skipped="0" failures="0" errors="0" timestamp="2023-04-19T14:58:49" hostname="fv-az479-470" time="121.894">
  <properties/>
  <testcase name="testBracketHeapUpdate()" classname="de.uka.ilkd.key.parser.TestTermParserHeap" time="0.024"/>
  <testcase name="testStore()" classname="de.uka.ilkd.key.parser.TestTermParserHeap" time="0.01"/>
  <testcase name="testUnknownConstant()" classname="de.uka.ilkd.key.parser.TestTermParserHeap" time="0.005"/>
  <testcase name="testAllFieldsSelector()" classname="de.uka.ilkd.key.parser.TestTermParserHeap" time="0.001"/>
  <testcase name="testParsePrettyPrintedSelect()" classname="de.uka.ilkd.key.parser.TestTermParserHeap" time="0.003"/>
  <testcase name="testAccessStaticMembers()" classname="de.uka.ilkd.key.parser.TestTermParserHeap" time="0.018"/>
  <testcase name="testAtOperator_1()" classname="de.uka.ilkd.key.parser.TestTermParserHeap" time="0.006"/>
  <testcase name="testAtOperator_2()" classname="de.uka.ilkd.key.parser.TestTermParserHeap" time="0.002"/>
  <testcase name="testAtOperator_3()" classname="de.uka.ilkd.key.parser.TestTermParserHeap" time="0.005"/>
  <testcase name="testAtOperator_4()" classname="de.uka.ilkd.key.parser.TestTermParserHeap" time="0.009"/>
  <testcase name="testAtOperator_5()" classname="de.uka.ilkd.key.parser.TestTermParserHeap" time="0.003"/>
  <testcase name="testAtOperator_6()" classname="de.uka.ilkd.key.parser.TestTermParserHeap" time="0.003"/>
  <testcase name="testAtOperator_7()" classname="de.uka.ilkd.key.parser.TestTermParserHeap" time="0.002"/>
  <testcase name="testAtOperator_8()" classname="de.uka.ilkd.key.parser.TestTermParserHeap" time="0.006"/>
  <testcase name="testVerifyExceptionIfAtOperatorNotPreceededBySelectTerm()" classname="de.uka.ilkd.key.parser.TestTermParserHeap" time="0.004"/>
  <testcase name="testBugResettingCounter()" classname="de.uka.ilkd.key.parser.TestTermParserHeap" time="0.002"/>
  <testcase name="testLocationSets()" classname="de.uka.ilkd.key.parser.TestTermParserHeap" time="0.004"/>
  <testcase name="testQuantifiedSelect()" classname="de.uka.ilkd.key.parser.TestTermParserHeap" time="0.005"/>
  <testcase name="testGenericObjectProperties()" classname="de.uka.ilkd.key.parser.TestTermParserHeap" time="0.003"/>
  <testcase name="testQueryInheritance_1()" classname="de.uka.ilkd.key.parser.TestTermParserHeap" time="0.003"/>
  <testcase name="testQueryInheritance_2()" classname="de.uka.ilkd.key.parser.TestTermParserHeap" time="0.002"/>
  <testcase name="testQueryInheritance_3()" classname="de.uka.ilkd.key.parser.TestTermParserHeap" time="0.004"/>
  <testcase name="testQueryInheritance_4()" classname="de.uka.ilkd.key.parser.TestTermParserHeap" time="0.003"/>
  <testcase name="testQueryInheritance_5()" classname="de.uka.ilkd.key.parser.TestTermParserHeap" time="0.002"/>
  <testcase name="testQueryInheritance_6()" classname="de.uka.ilkd.key.parser.TestTermParserHeap" time="0.003"/>
  <testcase name="testQueryInheritance_7()" classname="de.uka.ilkd.key.parser.TestTermParserHeap" time="0.002"/>
  <testcase name="testQueryInheritance_8()" classname="de.uka.ilkd.key.parser.TestTermParserHeap" time="0.004"/>
  <testcase name="testQueryInheritance_9()" classname="de.uka.ilkd.key.parser.TestTermParserHeap" time="0.003"/>
  <testcase name="testQueryBasic_10()" classname="de.uka.ilkd.key.parser.TestTermParserHeap" time="0.003"/>
  <testcase name="testQueryBasic_11()" classname="de.uka.ilkd.key.parser.TestTermParserHeap" time="0.002"/>
  <testcase name="testQueryBasic_1()" classname="de.uka.ilkd.key.parser.TestTermParserHeap" time="0.002"/>
  <testcase name="testQueryBasic_2()" classname="de.uka.ilkd.key.parser.TestTermParserHeap" time="0.001"/>
  <testcase name="testQueryBasic_3()" classname="de.uka.ilkd.key.parser.TestTermParserHeap" time="0.003"/>
  <testcase name="testQueryBasic_4()" classname="de.uka.ilkd.key.parser.TestTermParserHeap" time="0.002"/>
  <testcase name="testQueryBasic_5()" classname="de.uka.ilkd.key.parser.TestTermParserHeap" time="0.002"/>
  <testcase name="testQueryBasic_6()" classname="de.uka.ilkd.key.parser.TestTermParserHeap" time="0.003"/>
  <testcase name="testQueryBasic_7()" classname="de.uka.ilkd.key.parser.TestTermParserHeap" time="0.004"/>
  <testcase name="testQueryBasic_8()" classname="de.uka.ilkd.key.parser.TestTermParserHeap" time="0.004"/>
  <testcase name="testQueryBasic_9()" classname="de.uka.ilkd.key.parser.TestTermParserHeap" time="0.004"/>
  <system-out><![CDATA[359888     INFO  Test worker     d.u.i.k.n.KeyIO           Parsing took 0 ms 
359888     INFO  Test worker     d.u.i.k.n.KeyIO           MODE: declarations took 0 ms 
359888     INFO  Test worker     d.u.i.k.n.KeyIO           Parsing took 0 ms 
359888     INFO  Test worker     d.u.i.k.n.KeyIO           MODE: declarations took 0 ms 
359888     INFO  Test worker     d.u.i.k.n.KeyIO           Parsing took 0 ms 
359888     INFO  Test worker     d.u.i.k.n.KeyIO           MODE: declarations took 0 ms 
359888     INFO  Test worker     d.u.i.k.n.KeyIO           Parsing took 0 ms 
359888     INFO  Test worker     d.u.i.k.n.KeyIO           MODE: declarations took 0 ms 
359888     INFO  Test worker     d.u.i.k.n.KeyIO           Parsing took 0 ms 
359888     INFO  Test worker     d.u.i.k.n.KeyIO           MODE: declarations took 0 ms 
363265     INFO  Test worker     d.u.i.k.n.KeyIO           Parsing took 0 ms 
363265     INFO  Test worker     d.u.i.k.n.KeyIO           MODE: declarations took 0 ms 
363265     INFO  Test worker     d.u.i.k.n.KeyIO           Parsing took 0 ms 
363265     INFO  Test worker     d.u.i.k.n.KeyIO           MODE: declarations took 0 ms 
363265     INFO  Test worker     d.u.i.k.n.KeyIO           Parsing took 0 ms 
363265     INFO  Test worker     d.u.i.k.n.KeyIO           MODE: declarations took 0 ms 
363265     INFO  Test worker     d.u.i.k.n.KeyIO           Parsing took 0 ms 
363265     INFO  Test worker     d.u.i.k.n.KeyIO           MODE: declarations took 0 ms 
363265     INFO  Test worker     d.u.i.k.n.KeyIO           Parsing took 0 ms 
363265     INFO  Test worker     d.u.i.k.n.KeyIO           MODE: declarations took 0 ms 
366612     INFO  Test worker     d.u.i.k.n.KeyIO           Parsing took 0 ms 
366612     INFO  Test worker     d.u.i.k.n.KeyIO           MODE: declarations took 0 ms 
366612     INFO  Test worker     d.u.i.k.n.KeyIO           Parsing took 0 ms 
366612     INFO  Test worker     d.u.i.k.n.KeyIO           MODE: declarations took 0 ms 
366612     INFO  Test worker     d.u.i.k.n.KeyIO           Parsing took 0 ms 
366612     INFO  Test worker     d.u.i.k.n.KeyIO           MODE: declarations took 0 ms 
366612     INFO  Test worker     d.u.i.k.n.KeyIO           Parsing took 0 ms 
366612     INFO  Test worker     d.u.i.k.n.KeyIO           MODE: declarations took 0 ms 
366612     INFO  Test worker     d.u.i.k.n.KeyIO           Parsing took 0 ms 
366612     INFO  Test worker     d.u.i.k.n.KeyIO           MODE: declarations took 0 ms 
366612     INFO  Test worker     d.u.i.k.n.KeyIO           Parsing took 0 ms 
366612     INFO  Test worker     d.u.i.k.n.KeyIO           MODE: declarations took 0 ms 
369879     INFO  Test worker     d.u.i.k.n.KeyIO           Parsing took 0 ms 
369879     INFO  Test worker     d.u.i.k.n.KeyIO           MODE: declarations took 0 ms 
369879     INFO  Test worker     d.u.i.k.n.KeyIO           Parsing took 0 ms 
369879     INFO  Test worker     d.u.i.k.n.KeyIO           MODE: declarations took 0 ms 
369879     INFO  Test worker     d.u.i.k.n.KeyIO           Parsing took 0 ms 
369879     INFO  Test worker     d.u.i.k.n.KeyIO           MODE: declarations took 0 ms 
369879     INFO  Test worker     d.u.i.k.n.KeyIO           Parsing took 0 ms 
369879     INFO  Test worker     d.u.i.k.n.KeyIO           MODE: declarations took 0 ms 
369879     INFO  Test worker     d.u.i.k.n.KeyIO           Parsing took 0 ms 
369879     INFO  Test worker     d.u.i.k.n.KeyIO           MODE: declarations took 0 ms 
373211     INFO  Test worker     d.u.i.k.n.KeyIO           Parsing took 0 ms 
373211     INFO  Test worker     d.u.i.k.n.KeyIO           MODE: declarations took 0 ms 
373211     INFO  Test worker     d.u.i.k.n.KeyIO           Parsing took 0 ms 
373211     INFO  Test worker     d.u.i.k.n.KeyIO           MODE: declarations took 0 ms 
373211     INFO  Test worker     d.u.i.k.n.KeyIO           Parsing took 0 ms 
373211     INFO  Test worker     d.u.i.k.n.KeyIO           MODE: declarations took 0 ms 
373211     INFO  Test worker     d.u.i.k.n.KeyIO           Parsing took 0 ms 
373211     INFO  Test worker     d.u.i.k.n.KeyIO           MODE: declarations took 0 ms 
373211     INFO  Test worker     d.u.i.k.n.KeyIO           Parsing took 0 ms 
373211     INFO  Test worker     d.u.i.k.n.KeyIO           MODE: declarations took 0 ms 
376433     INFO  Test worker     d.u.i.k.n.KeyIO           Parsing took 0 ms 
376433     INFO  Test worker     d.u.i.k.n.KeyIO           MODE: declarations took 0 ms 
376433     INFO  Test worker     d.u.i.k.n.KeyIO           Parsing took 0 ms 
376433     INFO  Test worker     d.u.i.k.n.KeyIO           MODE: declarations took 0 ms 
376433     INFO  Test worker     d.u.i.k.n.KeyIO           Parsing took 0 ms 
376433     INFO  Test worker     d.u.i.k.n.KeyIO           MODE: declarations took 0 ms 
376433     INFO  Test worker     d.u.i.k.n.KeyIO           Parsing took 0 ms 
376433     INFO  Test worker     d.u.i.k.n.KeyIO           MODE: declarations took 0 ms 
376433     INFO  Test worker     d.u.i.k.n.KeyIO           Parsing took 0 ms 
376433     INFO  Test worker     d.u.i.k.n.KeyIO           MODE: declarations took 0 ms 
379717     INFO  Test worker     d.u.i.k.n.KeyIO           Parsing took 0 ms 
379717     INFO  Test worker     d.u.i.k.n.KeyIO           MODE: declarations took 0 ms 
379717     INFO  Test worker     d.u.i.k.n.KeyIO           Parsing took 0 ms 
379717     INFO  Test worker     d.u.i.k.n.KeyIO           MODE: declarations took 0 ms 
379717     INFO  Test worker     d.u.i.k.n.KeyIO           Parsing took 0 ms 
379732     INFO  Test worker     d.u.i.k.n.KeyIO           MODE: declarations took 0 ms 
379732     INFO  Test worker     d.u.i.k.n.KeyIO           Parsing took 0 ms 
379732     INFO  Test worker     d.u.i.k.n.KeyIO           MODE: declarations took 0 ms 
379732     INFO  Test worker     d.u.i.k.n.KeyIO           Parsing took 0 ms 
379732     INFO  Test worker     d.u.i.k.n.KeyIO           MODE: declarations took 0 ms 
382954     INFO  Test worker     d.u.i.k.n.KeyIO           Parsing took 0 ms 
382954     INFO  Test worker     d.u.i.k.n.KeyIO           MODE: declarations took 0 ms 
382954     INFO  Test worker     d.u.i.k.n.KeyIO           Parsing took 0 ms 
382954     INFO  Test worker     d.u.i.k.n.KeyIO           MODE: declarations took 0 ms 
382954     INFO  Test worker     d.u.i.k.n.KeyIO           Parsing took 0 ms 
382954     INFO  Test worker     d.u.i.k.n.KeyIO           MODE: declarations took 0 ms 
382954     INFO  Test worker     d.u.i.k.n.KeyIO           Parsing took 0 ms 
382954     INFO  Test worker     d.u.i.k.n.KeyIO           MODE: declarations took 0 ms 
382954     INFO  Test worker     d.u.i.k.n.KeyIO           Parsing took 0 ms 
382954     INFO  Test worker     d.u.i.k.n.KeyIO           MODE: declarations took 0 ms 
386127     INFO  Test worker     d.u.i.k.n.KeyIO           Parsing took 0 ms 
386127     INFO  Test worker     d.u.i.k.n.KeyIO           MODE: declarations took 0 ms 
386127     INFO  Test worker     d.u.i.k.n.KeyIO           Parsing took 0 ms 
386127     INFO  Test worker     d.u.i.k.n.KeyIO           MODE: declarations took 0 ms 
386127     INFO  Test worker     d.u.i.k.n.KeyIO           Parsing took 0 ms 
386127     INFO  Test worker     d.u.i.k.n.KeyIO           MODE: declarations took 0 ms 
386127     INFO  Test worker     d.u.i.k.n.KeyIO           Parsing took 0 ms 
386127     INFO  Test worker     d.u.i.k.n.KeyIO           MODE: declarations took 0 ms 
386127     INFO  Test worker     d.u.i.k.n.KeyIO           Parsing took 0 ms 
386127     INFO  Test worker     d.u.i.k.n.KeyIO           MODE: declarations took 0 ms 
389331     INFO  Test worker     d.u.i.k.n.KeyIO           Parsing took 0 ms 
389331     INFO  Test worker     d.u.i.k.n.KeyIO           MODE: declarations took 0 ms 
389331     INFO  Test worker     d.u.i.k.n.KeyIO           Parsing took 0 ms 
389331     INFO  Test worker     d.u.i.k.n.KeyIO           MODE: declarations took 0 ms 
389331     INFO  Test worker     d.u.i.k.n.KeyIO           Parsing took 0 ms 
389331     INFO  Test worker     d.u.i.k.n.KeyIO           MODE: declarations took 0 ms 
389331     INFO  Test worker     d.u.i.k.n.KeyIO           Parsing took 0 ms 
389331     INFO  Test worker     d.u.i.k.n.KeyIO           MODE: declarations took 0 ms 
389331     INFO  Test worker     d.u.i.k.n.KeyIO           Parsing took 0 ms 
389331     INFO  Test worker     d.u.i.k.n.KeyIO           MODE: declarations took 0 ms 
392567     INFO  Test worker     d.u.i.k.n.KeyIO           Parsing took 0 ms 
392567     INFO  Test worker     d.u.i.k.n.KeyIO           MODE: declarations took 0 ms 
392567     INFO  Test worker     d.u.i.k.n.KeyIO           Parsing took 0 ms 
392567     INFO  Test worker     d.u.i.k.n.KeyIO           MODE: declarations took 0 ms 
392567     INFO  Test worker     d.u.i.k.n.KeyIO           Parsing took 0 ms 
392567     INFO  Test worker     d.u.i.k.n.KeyIO           MODE: declarations took 0 ms 
392567     INFO  Test worker     d.u.i.k.n.KeyIO           Parsing took 0 ms 
392567     INFO  Test worker     d.u.i.k.n.KeyIO           MODE: declarations took 0 ms 
392567     INFO  Test worker     d.u.i.k.n.KeyIO           Parsing took 0 ms 
392567     INFO  Test worker     d.u.i.k.n.KeyIO           MODE: declarations took 0 ms 
395887     INFO  Test worker     d.u.i.k.n.KeyIO           Parsing took 0 ms 
395887     INFO  Test worker     d.u.i.k.n.KeyIO           MODE: declarations took 0 ms 
395887     INFO  Test worker     d.u.i.k.n.KeyIO           Parsing took 0 ms 
395887     INFO  Test worker     d.u.i.k.n.KeyIO           MODE: declarations took 0 ms 
395887     INFO  Test worker     d.u.i.k.n.KeyIO           Parsing took 0 ms 
395887     INFO  Test worker     d.u.i.k.n.KeyIO           MODE: declarations took 0 ms 
395887     INFO  Test worker     d.u.i.k.n.KeyIO           Parsing took 0 ms 
395887     INFO  Test worker     d.u.i.k.n.KeyIO           MODE: declarations took 0 ms 
395887     INFO  Test worker     d.u.i.k.n.KeyIO           Parsing took 0 ms 
395887     INFO  Test worker     d.u.i.k.n.KeyIO           MODE: declarations took 0 ms 
399123     INFO  Test worker     d.u.i.k.n.KeyIO           Parsing took 0 ms 
399123     INFO  Test worker     d.u.i.k.n.KeyIO           MODE: declarations took 0 ms 
399123     INFO  Test worker     d.u.i.k.n.KeyIO           Parsing took 0 ms 
399123     INFO  Test worker     d.u.i.k.n.KeyIO           MODE: declarations took 0 ms 
399123     INFO  Test worker     d.u.i.k.n.KeyIO           Parsing took 0 ms 
399123     INFO  Test worker     d.u.i.k.n.KeyIO           MODE: declarations took 0 ms 
399123     INFO  Test worker     d.u.i.k.n.KeyIO           Parsing took 0 ms 
399123     INFO  Test worker     d.u.i.k.n.KeyIO           MODE: declarations took 0 ms 
399123     INFO  Test worker     d.u.i.k.n.KeyIO           Parsing took 0 ms 
399123     INFO  Test worker     d.u.i.k.n.KeyIO           MODE: declarations took 0 ms 
402298     INFO  Test worker     d.u.i.k.n.KeyIO           Parsing took 0 ms 
402313     INFO  Test worker     d.u.i.k.n.KeyIO           MODE: declarations took 0 ms 
402313     INFO  Test worker     d.u.i.k.n.KeyIO           Parsing took 0 ms 
402313     INFO  Test worker     d.u.i.k.n.KeyIO           MODE: declarations took 0 ms 
402313     INFO  Test worker     d.u.i.k.n.KeyIO           Parsing took 0 ms 
402313     INFO  Test worker     d.u.i.k.n.KeyIO           MODE: declarations took 0 ms 
402313     INFO  Test worker     d.u.i.k.n.KeyIO           Parsing took 0 ms 
402313     INFO  Test worker     d.u.i.k.n.KeyIO           MODE: declarations took 0 ms 
402313     INFO  Test worker     d.u.i.k.n.KeyIO           Parsing took 0 ms 
402313     INFO  Test worker     d.u.i.k.n.KeyIO           MODE: declarations took 0 ms 
405567     INFO  Test worker     d.u.i.k.n.KeyIO           Parsing took 0 ms 
405567     INFO  Test worker     d.u.i.k.n.KeyIO           MODE: declarations took 0 ms 
405567     INFO  Test worker     d.u.i.k.n.KeyIO           Parsing took 0 ms 
405567     INFO  Test worker     d.u.i.k.n.KeyIO           MODE: declarations took 0 ms 
405567     INFO  Test worker     d.u.i.k.n.KeyIO           Parsing took 0 ms 
405567     INFO  Test worker     d.u.i.k.n.KeyIO           MODE: declarations took 0 ms 
405567     INFO  Test worker     d.u.i.k.n.KeyIO           Parsing took 0 ms 
405567     INFO  Test worker     d.u.i.k.n.KeyIO           MODE: declarations took 0 ms 
405567     INFO  Test worker     d.u.i.k.n.KeyIO           Parsing took 0 ms 
405567     INFO  Test worker     d.u.i.k.n.KeyIO           MODE: declarations took 0 ms 
405567     WARN  Test worker     d.u.i.k.n.KeYParser       [syntax-error] <unknown>:1:11: mismatched input '@' expecting {'/', ':=', '.', '(', ')', '{', '[', '@', PARALLEL, OR, AND, IMP, '=', NOT_EQUALS, '%', '*', '-', '+', '>', GREATEREQUAL, '<', LESSEQUAL, LGUILLEMETS, EQV} [@11,11:11='@',<153>,1:11] (termEOF) 
408803     INFO  Test worker     d.u.i.k.n.KeyIO           Parsing took 0 ms 
408803     INFO  Test worker     d.u.i.k.n.KeyIO           MODE: declarations took 0 ms 
408803     INFO  Test worker     d.u.i.k.n.KeyIO           Parsing took 0 ms 
408803     INFO  Test worker     d.u.i.k.n.KeyIO           MODE: declarations took 0 ms 
408803     INFO  Test worker     d.u.i.k.n.KeyIO           Parsing took 0 ms 
408803     INFO  Test worker     d.u.i.k.n.KeyIO           MODE: declarations took 0 ms 
408803     INFO  Test worker     d.u.i.k.n.KeyIO           Parsing took 0 ms 
408803     INFO  Test worker     d.u.i.k.n.KeyIO           MODE: declarations took 0 ms 
408803     INFO  Test worker     d.u.i.k.n.KeyIO           Parsing took 0 ms 
408803     INFO  Test worker     d.u.i.k.n.KeyIO           MODE: declarations took 0 ms 
412165     INFO  Test worker     d.u.i.k.n.KeyIO           Parsing took 0 ms 
412165     INFO  Test worker     d.u.i.k.n.KeyIO           MODE: declarations took 0 ms 
412165     INFO  Test worker     d.u.i.k.n.KeyIO           Parsing took 0 ms 
412165     INFO  Test worker     d.u.i.k.n.KeyIO           MODE: declarations took 0 ms 
412165     INFO  Test worker     d.u.i.k.n.KeyIO           Parsing took 0 ms 
412165     INFO  Test worker     d.u.i.k.n.KeyIO           MODE: declarations took 0 ms 
412165     INFO  Test worker     d.u.i.k.n.KeyIO           Parsing took 0 ms 
412165     INFO  Test worker     d.u.i.k.n.KeyIO           MODE: declarations took 0 ms 
412165     INFO  Test worker     d.u.i.k.n.KeyIO           Parsing took 0 ms 
412165     INFO  Test worker     d.u.i.k.n.KeyIO           MODE: declarations took 0 ms 
415370     INFO  Test worker     d.u.i.k.n.KeyIO           Parsing took 0 ms 
415370     INFO  Test worker     d.u.i.k.n.KeyIO           MODE: declarations took 0 ms 
415370     INFO  Test worker     d.u.i.k.n.KeyIO           Parsing took 0 ms 
415370     INFO  Test worker     d.u.i.k.n.KeyIO           MODE: declarations took 0 ms 
415370     INFO  Test worker     d.u.i.k.n.KeyIO           Parsing took 0 ms 
415370     INFO  Test worker     d.u.i.k.n.KeyIO           MODE: declarations took 0 ms 
415370     INFO  Test worker     d.u.i.k.n.KeyIO           Parsing took 0 ms 
415370     INFO  Test worker     d.u.i.k.n.KeyIO           MODE: declarations took 0 ms 
415370     INFO  Test worker     d.u.i.k.n.KeyIO           Parsing took 0 ms 
415370     INFO  Test worker     d.u.i.k.n.KeyIO           MODE: declarations took 0 ms 
418591     INFO  Test worker     d.u.i.k.n.KeyIO           Parsing took 0 ms 
418591     INFO  Test worker     d.u.i.k.n.KeyIO           MODE: declarations took 0 ms 
418591     INFO  Test worker     d.u.i.k.n.KeyIO           Parsing took 0 ms 
418591     INFO  Test worker     d.u.i.k.n.KeyIO           MODE: declarations took 0 ms 
418591     INFO  Test worker     d.u.i.k.n.KeyIO           Parsing took 0 ms 
418607     INFO  Test worker     d.u.i.k.n.KeyIO           MODE: declarations took 0 ms 
418607     INFO  Test worker     d.u.i.k.n.KeyIO           Parsing took 0 ms 
418607     INFO  Test worker     d.u.i.k.n.KeyIO           MODE: declarations took 0 ms 
418607     INFO  Test worker     d.u.i.k.n.KeyIO           Parsing took 0 ms 
418607     INFO  Test worker     d.u.i.k.n.KeyIO           MODE: declarations took 0 ms 
421812     INFO  Test worker     d.u.i.k.n.KeyIO           Parsing took 0 ms 
421812     INFO  Test worker     d.u.i.k.n.KeyIO           MODE: declarations took 0 ms 
421812     INFO  Test worker     d.u.i.k.n.KeyIO           Parsing took 0 ms 
421812     INFO  Test worker     d.u.i.k.n.KeyIO           MODE: declarations took 0 ms 
421812     INFO  Test worker     d.u.i.k.n.KeyIO           Parsing took 0 ms 
421812     INFO  Test worker     d.u.i.k.n.KeyIO           MODE: declarations took 0 ms 
421812     INFO  Test worker     d.u.i.k.n.KeyIO           Parsing took 0 ms 
421812     INFO  Test worker     d.u.i.k.n.KeyIO           MODE: declarations took 0 ms 
421812     INFO  Test worker     d.u.i.k.n.KeyIO           Parsing took 0 ms 
421812     INFO  Test worker     d.u.i.k.n.KeyIO           MODE: declarations took 0 ms 
425049     INFO  Test worker     d.u.i.k.n.KeyIO           Parsing took 0 ms 
425049     INFO  Test worker     d.u.i.k.n.KeyIO           MODE: declarations took 0 ms 
425049     INFO  Test worker     d.u.i.k.n.KeyIO           Parsing took 0 ms 
425049     INFO  Test worker     d.u.i.k.n.KeyIO           MODE: declarations took 0 ms 
425049     INFO  Test worker     d.u.i.k.n.KeyIO           Parsing took 0 ms 
425049     INFO  Test worker     d.u.i.k.n.KeyIO           MODE: declarations took 0 ms 
425049     INFO  Test worker     d.u.i.k.n.KeyIO           Parsing took 0 ms 
425049     INFO  Test worker     d.u.i.k.n.KeyIO           MODE: declarations took 0 ms 
425049     INFO  Test worker     d.u.i.k.n.KeyIO           Parsing took 0 ms 
425049     INFO  Test worker     d.u.i.k.n.KeyIO           MODE: declarations took 0 ms 
428255     INFO  Test worker     d.u.i.k.n.KeyIO           Parsing took 0 ms 
428255     INFO  Test worker     d.u.i.k.n.KeyIO           MODE: declarations took 0 ms 
428255     INFO  Test worker     d.u.i.k.n.KeyIO           Parsing took 0 ms 
428255     INFO  Test worker     d.u.i.k.n.KeyIO           MODE: declarations took 0 ms 
428255     INFO  Test worker     d.u.i.k.n.KeyIO           Parsing took 0 ms 
428255     INFO  Test worker     d.u.i.k.n.KeyIO           MODE: declarations took 0 ms 
428255     INFO  Test worker     d.u.i.k.n.KeyIO           Parsing took 0 ms 
428255     INFO  Test worker     d.u.i.k.n.KeyIO           MODE: declarations took 0 ms 
428255     INFO  Test worker     d.u.i.k.n.KeyIO           Parsing took 0 ms 
428255     INFO  Test worker     d.u.i.k.n.KeyIO           MODE: declarations took 0 ms 
431461     INFO  Test worker     d.u.i.k.n.KeyIO           Parsing took 0 ms 
431461     INFO  Test worker     d.u.i.k.n.KeyIO           MODE: declarations took 0 ms 
431461     INFO  Test worker     d.u.i.k.n.KeyIO           Parsing took 0 ms 
431461     INFO  Test worker     d.u.i.k.n.KeyIO           MODE: declarations took 0 ms 
431461     INFO  Test worker     d.u.i.k.n.KeyIO           Parsing took 0 ms 
431461     INFO  Test worker     d.u.i.k.n.KeyIO           MODE: declarations took 0 ms 
431461     INFO  Test worker     d.u.i.k.n.KeyIO           Parsing took 0 ms 
431461     INFO  Test worker     d.u.i.k.n.KeyIO           MODE: declarations took 0 ms 
431461     INFO  Test worker     d.u.i.k.n.KeyIO           Parsing took 0 ms 
431461     INFO  Test worker     d.u.i.k.n.KeyIO           MODE: declarations took 0 ms 
434777     INFO  Test worker     d.u.i.k.n.KeyIO           Parsing took 0 ms 
434777     INFO  Test worker     d.u.i.k.n.KeyIO           MODE: declarations took 0 ms 
434777     INFO  Test worker     d.u.i.k.n.KeyIO           Parsing took 0 ms 
434777     INFO  Test worker     d.u.i.k.n.KeyIO           MODE: declarations took 0 ms 
434777     INFO  Test worker     d.u.i.k.n.KeyIO           Parsing took 0 ms 
434777     INFO  Test worker     d.u.i.k.n.KeyIO           MODE: declarations took 0 ms 
434777     INFO  Test worker     d.u.i.k.n.KeyIO           Parsing took 0 ms 
434777     INFO  Test worker     d.u.i.k.n.KeyIO           MODE: declarations took 0 ms 
434777     INFO  Test worker     d.u.i.k.n.KeyIO           Parsing took 0 ms 
434777     INFO  Test worker     d.u.i.k.n.KeyIO           MODE: declarations took 0 ms 
438029     INFO  Test worker     d.u.i.k.n.KeyIO           Parsing took 0 ms 
438029     INFO  Test worker     d.u.i.k.n.KeyIO           MODE: declarations took 0 ms 
438029     INFO  Test worker     d.u.i.k.n.KeyIO           Parsing took 0 ms 
438029     INFO  Test worker     d.u.i.k.n.KeyIO           MODE: declarations took 0 ms 
438029     INFO  Test worker     d.u.i.k.n.KeyIO           Parsing took 0 ms 
438029     INFO  Test worker     d.u.i.k.n.KeyIO           MODE: declarations took 0 ms 
438029     INFO  Test worker     d.u.i.k.n.KeyIO           Parsing took 0 ms 
438029     INFO  Test worker     d.u.i.k.n.KeyIO           MODE: declarations took 0 ms 
438029     INFO  Test worker     d.u.i.k.n.KeyIO           Parsing took 0 ms 
438029     INFO  Test worker     d.u.i.k.n.KeyIO           MODE: declarations took 0 ms 
441374     INFO  Test worker     d.u.i.k.n.KeyIO           Parsing took 0 ms 
441374     INFO  Test worker     d.u.i.k.n.KeyIO           MODE: declarations took 0 ms 
441374     INFO  Test worker     d.u.i.k.n.KeyIO           Parsing took 0 ms 
441374     INFO  Test worker     d.u.i.k.n.KeyIO           MODE: declarations took 0 ms 
441374     INFO  Test worker     d.u.i.k.n.KeyIO           Parsing took 0 ms 
441374     INFO  Test worker     d.u.i.k.n.KeyIO           MODE: declarations took 0 ms 
441374     INFO  Test worker     d.u.i.k.n.KeyIO           Parsing took 0 ms 
441374     INFO  Test worker     d.u.i.k.n.KeyIO           MODE: declarations took 0 ms 
441374     INFO  Test worker     d.u.i.k.n.KeyIO           Parsing took 0 ms 
441374     INFO  Test worker     d.u.i.k.n.KeyIO           MODE: declarations took 0 ms 
444611     INFO  Test worker     d.u.i.k.n.KeyIO           Parsing took 0 ms 
444611     INFO  Test worker     d.u.i.k.n.KeyIO           MODE: declarations took 0 ms 
444611     INFO  Test worker     d.u.i.k.n.KeyIO           Parsing took 0 ms 
444611     INFO  Test worker     d.u.i.k.n.KeyIO           MODE: declarations took 0 ms 
444611     INFO  Test worker     d.u.i.k.n.KeyIO           Parsing took 0 ms 
444611     INFO  Test worker     d.u.i.k.n.KeyIO           MODE: declarations took 0 ms 
444611     INFO  Test worker     d.u.i.k.n.KeyIO           Parsing took 0 ms 
444611     INFO  Test worker     d.u.i.k.n.KeyIO           MODE: declarations took 0 ms 
444611     INFO  Test worker     d.u.i.k.n.KeyIO           Parsing took 0 ms 
444611     INFO  Test worker     d.u.i.k.n.KeyIO           MODE: declarations took 0 ms 
447800     INFO  Test worker     d.u.i.k.n.KeyIO           Parsing took 0 ms 
447800     INFO  Test worker     d.u.i.k.n.KeyIO           MODE: declarations took 0 ms 
447800     INFO  Test worker     d.u.i.k.n.KeyIO           Parsing took 0 ms 
447800     INFO  Test worker     d.u.i.k.n.KeyIO           MODE: declarations took 0 ms 
447800     INFO  Test worker     d.u.i.k.n.KeyIO           Parsing took 0 ms 
447800     INFO  Test worker     d.u.i.k.n.KeyIO           MODE: declarations took 0 ms 
447800     INFO  Test worker     d.u.i.k.n.KeyIO           Parsing took 0 ms 
447800     INFO  Test worker     d.u.i.k.n.KeyIO           MODE: declarations took 0 ms 
447800     INFO  Test worker     d.u.i.k.n.KeyIO           Parsing took 0 ms 
447800     INFO  Test worker     d.u.i.k.n.KeyIO           MODE: declarations took 0 ms 
450958     INFO  Test worker     d.u.i.k.n.KeyIO           Parsing took 0 ms 
450958     INFO  Test worker     d.u.i.k.n.KeyIO           MODE: declarations took 0 ms 
450958     INFO  Test worker     d.u.i.k.n.KeyIO           Parsing took 0 ms 
450958     INFO  Test worker     d.u.i.k.n.KeyIO           MODE: declarations took 0 ms 
450958     INFO  Test worker     d.u.i.k.n.KeyIO           Parsing took 0 ms 
450958     INFO  Test worker     d.u.i.k.n.KeyIO           MODE: declarations took 0 ms 
450958     INFO  Test worker     d.u.i.k.n.KeyIO           Parsing took 0 ms 
450958     INFO  Test worker     d.u.i.k.n.KeyIO           MODE: declarations took 0 ms 
450958     INFO  Test worker     d.u.i.k.n.KeyIO           Parsing took 0 ms 
450958     INFO  Test worker     d.u.i.k.n.KeyIO           MODE: declarations took 0 ms 
454070     INFO  Test worker     d.u.i.k.n.KeyIO           Parsing took 0 ms 
454070     INFO  Test worker     d.u.i.k.n.KeyIO           MODE: declarations took 0 ms 
454070     INFO  Test worker     d.u.i.k.n.KeyIO           Parsing took 0 ms 
454070     INFO  Test worker     d.u.i.k.n.KeyIO           MODE: declarations took 0 ms 
454070     INFO  Test worker     d.u.i.k.n.KeyIO           Parsing took 0 ms 
454070     INFO  Test worker     d.u.i.k.n.KeyIO           MODE: declarations took 0 ms 
454070     INFO  Test worker     d.u.i.k.n.KeyIO           Parsing took 0 ms 
454070     INFO  Test worker     d.u.i.k.n.KeyIO           MODE: declarations took 0 ms 
454070     INFO  Test worker     d.u.i.k.n.KeyIO           Parsing took 0 ms 
454070     INFO  Test worker     d.u.i.k.n.KeyIO           MODE: declarations took 0 ms 
457196     INFO  Test worker     d.u.i.k.n.KeyIO           Parsing took 0 ms 
457196     INFO  Test worker     d.u.i.k.n.KeyIO           MODE: declarations took 0 ms 
457196     INFO  Test worker     d.u.i.k.n.KeyIO           Parsing took 0 ms 
457196     INFO  Test worker     d.u.i.k.n.KeyIO           MODE: declarations took 0 ms 
457196     INFO  Test worker     d.u.i.k.n.KeyIO           Parsing took 0 ms 
457196     INFO  Test worker     d.u.i.k.n.KeyIO           MODE: declarations took 0 ms 
457196     INFO  Test worker     d.u.i.k.n.KeyIO           Parsing took 0 ms 
457196     INFO  Test worker     d.u.i.k.n.KeyIO           MODE: declarations took 0 ms 
457196     INFO  Test worker     d.u.i.k.n.KeyIO           Parsing took 0 ms 
457196     INFO  Test worker     d.u.i.k.n.KeyIO           MODE: declarations took 0 ms 
460291     INFO  Test worker     d.u.i.k.n.KeyIO           Parsing took 0 ms 
460291     INFO  Test worker     d.u.i.k.n.KeyIO           MODE: declarations took 0 ms 
460291     INFO  Test worker     d.u.i.k.n.KeyIO           Parsing took 0 ms 
460291     INFO  Test worker     d.u.i.k.n.KeyIO           MODE: declarations took 0 ms 
460291     INFO  Test worker     d.u.i.k.n.KeyIO           Parsing took 0 ms 
460291     INFO  Test worker     d.u.i.k.n.KeyIO           MODE: declarations took 0 ms 
460291     INFO  Test worker     d.u.i.k.n.KeyIO           Parsing took 0 ms 
460291     INFO  Test worker     d.u.i.k.n.KeyIO           MODE: declarations took 0 ms 
460291     INFO  Test worker     d.u.i.k.n.KeyIO           Parsing took 0 ms 
460291     INFO  Test worker     d.u.i.k.n.KeyIO           MODE: declarations took 0 ms 
463310     INFO  Test worker     d.u.i.k.n.KeyIO           Parsing took 0 ms 
463310     INFO  Test worker     d.u.i.k.n.KeyIO           MODE: declarations took 0 ms 
463310     INFO  Test worker     d.u.i.k.n.KeyIO           Parsing took 0 ms 
463310     INFO  Test worker     d.u.i.k.n.KeyIO           MODE: declarations took 0 ms 
463310     INFO  Test worker     d.u.i.k.n.KeyIO           Parsing took 0 ms 
463310     INFO  Test worker     d.u.i.k.n.KeyIO           MODE: declarations took 0 ms 
463310     INFO  Test worker     d.u.i.k.n.KeyIO           Parsing took 0 ms 
463310     INFO  Test worker     d.u.i.k.n.KeyIO           MODE: declarations took 0 ms 
463310     INFO  Test worker     d.u.i.k.n.KeyIO           Parsing took 0 ms 
463310     INFO  Test worker     d.u.i.k.n.KeyIO           MODE: declarations took 0 ms 
466437     INFO  Test worker     d.u.i.k.n.KeyIO           Parsing took 0 ms 
466437     INFO  Test worker     d.u.i.k.n.KeyIO           MODE: declarations took 0 ms 
466437     INFO  Test worker     d.u.i.k.n.KeyIO           Parsing took 0 ms 
466437     INFO  Test worker     d.u.i.k.n.KeyIO           MODE: declarations took 0 ms 
466437     INFO  Test worker     d.u.i.k.n.KeyIO           Parsing took 0 ms 
466437     INFO  Test worker     d.u.i.k.n.KeyIO           MODE: declarations took 0 ms 
466437     INFO  Test worker     d.u.i.k.n.KeyIO           Parsing took 0 ms 
466437     INFO  Test worker     d.u.i.k.n.KeyIO           MODE: declarations took 0 ms 
466437     INFO  Test worker     d.u.i.k.n.KeyIO           Parsing took 0 ms 
466437     INFO  Test worker     d.u.i.k.n.KeyIO           MODE: declarations took 0 ms 
469503     INFO  Test worker     d.u.i.k.n.KeyIO           Parsing took 0 ms 
469503     INFO  Test worker     d.u.i.k.n.KeyIO           MODE: declarations took 0 ms 
469503     INFO  Test worker     d.u.i.k.n.KeyIO           Parsing took 0 ms 
469503     INFO  Test worker     d.u.i.k.n.KeyIO           MODE: declarations took 0 ms 
469503     INFO  Test worker     d.u.i.k.n.KeyIO           Parsing took 0 ms 
469503     INFO  Test worker     d.u.i.k.n.KeyIO           MODE: declarations took 0 ms 
469503     INFO  Test worker     d.u.i.k.n.KeyIO           Parsing took 0 ms 
469503     INFO  Test worker     d.u.i.k.n.KeyIO           MODE: declarations took 0 ms 
469503     INFO  Test worker     d.u.i.k.n.KeyIO           Parsing took 0 ms 
469503     INFO  Test worker     d.u.i.k.n.KeyIO           MODE: declarations took 0 ms 
472537     INFO  Test worker     d.u.i.k.n.KeyIO           Parsing took 0 ms 
472537     INFO  Test worker     d.u.i.k.n.KeyIO           MODE: declarations took 0 ms 
472537     INFO  Test worker     d.u.i.k.n.KeyIO           Parsing took 0 ms 
472537     INFO  Test worker     d.u.i.k.n.KeyIO           MODE: declarations took 0 ms 
472537     INFO  Test worker     d.u.i.k.n.KeyIO           Parsing took 0 ms 
472537     INFO  Test worker     d.u.i.k.n.KeyIO           MODE: declarations took 0 ms 
472537     INFO  Test worker     d.u.i.k.n.KeyIO           Parsing took 0 ms 
472537     INFO  Test worker     d.u.i.k.n.KeyIO           MODE: declarations took 0 ms 
472537     INFO  Test worker     d.u.i.k.n.KeyIO           Parsing took 0 ms 
472537     INFO  Test worker     d.u.i.k.n.KeyIO           MODE: declarations took 0 ms 
475664     INFO  Test worker     d.u.i.k.n.KeyIO           Parsing took 0 ms 
475664     INFO  Test worker     d.u.i.k.n.KeyIO           MODE: declarations took 0 ms 
475664     INFO  Test worker     d.u.i.k.n.KeyIO           Parsing took 0 ms 
475664     INFO  Test worker     d.u.i.k.n.KeyIO           MODE: declarations took 0 ms 
475664     INFO  Test worker     d.u.i.k.n.KeyIO           Parsing took 0 ms 
475664     INFO  Test worker     d.u.i.k.n.KeyIO           MODE: declarations took 0 ms 
475664     INFO  Test worker     d.u.i.k.n.KeyIO           Parsing took 0 ms 
475664     INFO  Test worker     d.u.i.k.n.KeyIO           MODE: declarations took 0 ms 
475664     INFO  Test worker     d.u.i.k.n.KeyIO           Parsing took 0 ms 
475664     INFO  Test worker     d.u.i.k.n.KeyIO           MODE: declarations took 0 ms 
478745     INFO  Test worker     d.u.i.k.n.KeyIO           Parsing took 0 ms 
478745     INFO  Test worker     d.u.i.k.n.KeyIO           MODE: declarations took 0 ms 
478745     INFO  Test worker     d.u.i.k.n.KeyIO           Parsing took 0 ms 
478745     INFO  Test worker     d.u.i.k.n.KeyIO           MODE: declarations took 0 ms 
478745     INFO  Test worker     d.u.i.k.n.KeyIO           Parsing took 0 ms 
478745     INFO  Test worker     d.u.i.k.n.KeyIO           MODE: declarations took 0 ms 
478745     INFO  Test worker     d.u.i.k.n.KeyIO           Parsing took 0 ms 
478745     INFO  Test worker     d.u.i.k.n.KeyIO           MODE: declarations took 0 ms 
478745     INFO  Test worker     d.u.i.k.n.KeyIO           Parsing took 0 ms 
478745     INFO  Test worker     d.u.i.k.n.KeyIO           MODE: declarations took 0 ms 
481762     INFO  Test worker     d.u.i.k.n.KeyIO           Parsing took 0 ms 
481762     INFO  Test worker     d.u.i.k.n.KeyIO           MODE: declarations took 0 ms 
481762     INFO  Test worker     d.u.i.k.n.KeyIO           Parsing took 0 ms 
481762     INFO  Test worker     d.u.i.k.n.KeyIO           MODE: declarations took 0 ms 
481762     INFO  Test worker     d.u.i.k.n.KeyIO           Parsing took 0 ms 
481762     INFO  Test worker     d.u.i.k.n.KeyIO           MODE: declarations took 0 ms 
481762     INFO  Test worker     d.u.i.k.n.KeyIO           Parsing took 0 ms 
481762     INFO  Test worker     d.u.i.k.n.KeyIO           MODE: declarations took 0 ms 
481762     INFO  Test worker     d.u.i.k.n.KeyIO           Parsing took 0 ms 
481762     INFO  Test worker     d.u.i.k.n.KeyIO           MODE: declarations took 0 ms 
]]></system-out>
  <system-err><![CDATA[]]></system-err>
</testsuite>
