<?xml version="1.0" encoding="UTF-8"?>
<testsuite name="de.uka.ilkd.key.nparser.ExprTest" tests="23" skipped="0" failures="0" errors="0" timestamp="2023-04-19T14:56:48" hostname="fv-az479-470" time="2.81">
  <properties/>
  <testcase name="[1] (bprod{int y;}(1, 2, y) = 0)" classname="de.uka.ilkd.key.nparser.ExprTest" time="0.039"/>
  <testcase name="[2] 1 = 1 -&gt; 2 = 2" classname="de.uka.ilkd.key.nparser.ExprTest" time="0.041"/>
  <testcase name="[3] \&lt; { int x = 1; } \&gt; x=1" classname="de.uka.ilkd.key.nparser.ExprTest" time="1.179"/>
  <testcase name="[4] \&lt;{ int x = 1; {int s = 2;} }\&gt; x=x" classname="de.uka.ilkd.key.nparser.ExprTest" time="1.099"/>
  <testcase name="[5] true" classname="de.uka.ilkd.key.nparser.ExprTest" time="0.02"/>
  <testcase name="[6] true &amp; false" classname="de.uka.ilkd.key.nparser.ExprTest" time="0.017"/>
  <testcase name="[7] 0" classname="de.uka.ilkd.key.nparser.ExprTest" time="0.028"/>
  <testcase name="[8] 1" classname="de.uka.ilkd.key.nparser.ExprTest" time="0.014"/>
  <testcase name="[9] 42" classname="de.uka.ilkd.key.nparser.ExprTest" time="0.014"/>
  <testcase name="[10] -5" classname="de.uka.ilkd.key.nparser.ExprTest" time="0.022"/>
  <testcase name="[11] 1 + 1 = 2" classname="de.uka.ilkd.key.nparser.ExprTest" time="0.018"/>
  <testcase name="[12] \if (3=4) \then (1) \else (2)" classname="de.uka.ilkd.key.nparser.ExprTest" time="0.065"/>
  <testcase name="[13] \if (3=4 &amp; 1=1) \then (\if (3=4) \then (1) \else (2)) \else (2)" classname="de.uka.ilkd.key.nparser.ExprTest" time="0.021"/>
  <testcase name="[14] aa + bb*cc" classname="de.uka.ilkd.key.nparser.ExprTest" time="0.025"/>
  <testcase name="[15] aa%bb*cc &lt; -123" classname="de.uka.ilkd.key.nparser.ExprTest" time="0.047"/>
  <testcase name="[16] \forall int x; true" classname="de.uka.ilkd.key.nparser.ExprTest" time="0.018"/>
  <testcase name="[17] \forall numbers x; x = x" classname="de.uka.ilkd.key.nparser.ExprTest" time="0.019"/>
  <testcase name="[18] (int)3+2" classname="de.uka.ilkd.key.nparser.ExprTest" time="0.017"/>
  <testcase name="[19] 1.f + 1f = 20e-1f * (2f-1f)" classname="de.uka.ilkd.key.nparser.ExprTest" time="0.023"/>
  <testcase name="[20] 1.d + 1d &lt;= 20e+1d * .01d" classname="de.uka.ilkd.key.nparser.ExprTest" time="0.015"/>
  <testcase name="[21] 1f &lt;= 2f" classname="de.uka.ilkd.key.nparser.ExprTest" time="0.014"/>
  <testcase name="[22] 2d &gt; 1d" classname="de.uka.ilkd.key.nparser.ExprTest" time="0.014"/>
  <testcase name="[23] seqEmpty + seqEmpty" classname="de.uka.ilkd.key.nparser.ExprTest" time="0.016"/>
  <system-out><![CDATA[238913     INFO  Test worker     d.u.i.k.n.KeyIO           Parsing took 31 ms 
238913     INFO  Test worker     d.u.i.k.n.KeyIO           MODE: declarations took 0 ms 
238913     INFO  Test worker     d.u.i.k.n.ExprTest        Term: equals(bprod{y:int}(Z(1(#)),Z(2(#)),y),Z(0(#))) 
238960     INFO  Test worker     d.u.i.k.n.KeyIO           Parsing took 31 ms 
238960     INFO  Test worker     d.u.i.k.n.KeyIO           MODE: declarations took 0 ms 
238960     INFO  Test worker     d.u.i.k.n.ExprTest        Term: imp(equals(Z(1(#)),Z(1(#))),equals(Z(2(#)),Z(2(#)))) 
238991     INFO  Test worker     d.u.i.k.n.KeyIO           Parsing took 31 ms 
238991     INFO  Test worker     d.u.i.k.n.KeyIO           MODE: declarations took 0 ms 
240148     INFO  Test worker     d.u.i.k.n.ExprTest        Term: \<{
  int x = 1;
}\> (equals(x,Z(1(#)))) 
240195     INFO  Test worker     d.u.i.k.n.KeyIO           Parsing took 47 ms 
240195     INFO  Test worker     d.u.i.k.n.KeyIO           MODE: declarations took 0 ms 
241243     INFO  Test worker     d.u.i.k.n.ExprTest        Term: \<{
  int x = 1;
  {
    int s = 2;
  }
}\> (equals(x,x)) 
241258     INFO  Test worker     d.u.i.k.n.KeyIO           Parsing took 15 ms 
241258     INFO  Test worker     d.u.i.k.n.KeyIO           MODE: declarations took 0 ms 
241258     INFO  Test worker     d.u.i.k.n.ExprTest        Term: true 
241274     INFO  Test worker     d.u.i.k.n.KeyIO           Parsing took 0 ms 
241274     INFO  Test worker     d.u.i.k.n.KeyIO           MODE: declarations took 0 ms 
241274     INFO  Test worker     d.u.i.k.n.ExprTest        Term: and(true,false) 
241305     INFO  Test worker     d.u.i.k.n.KeyIO           Parsing took 15 ms 
241305     INFO  Test worker     d.u.i.k.n.KeyIO           MODE: declarations took 0 ms 
241305     INFO  Test worker     d.u.i.k.n.ExprTest        Term: Z(0(#)) 
241321     INFO  Test worker     d.u.i.k.n.KeyIO           Parsing took 16 ms 
241321     INFO  Test worker     d.u.i.k.n.KeyIO           MODE: declarations took 0 ms 
241321     INFO  Test worker     d.u.i.k.n.ExprTest        Term: Z(1(#)) 
241336     INFO  Test worker     d.u.i.k.n.KeyIO           Parsing took 15 ms 
241336     INFO  Test worker     d.u.i.k.n.KeyIO           MODE: declarations took 0 ms 
241336     INFO  Test worker     d.u.i.k.n.ExprTest        Term: Z(2(4(#))) 
241352     INFO  Test worker     d.u.i.k.n.KeyIO           Parsing took 16 ms 
241352     INFO  Test worker     d.u.i.k.n.KeyIO           MODE: declarations took 0 ms 
241368     INFO  Test worker     d.u.i.k.n.ExprTest        Term: Z(neglit(5(#))) 
241368     INFO  Test worker     d.u.i.k.n.KeyIO           Parsing took 0 ms 
241383     INFO  Test worker     d.u.i.k.n.KeyIO           MODE: declarations took 0 ms 
241383     INFO  Test worker     d.u.i.k.n.ExprTest        Term: equals(add(Z(1(#)),Z(1(#))),Z(2(#))) 
241446     INFO  Test worker     d.u.i.k.n.KeyIO           Parsing took 63 ms 
241446     INFO  Test worker     d.u.i.k.n.KeyIO           MODE: declarations took 0 ms 
241446     INFO  Test worker     d.u.i.k.n.ExprTest        Term: if-then-else(equals(Z(3(#)),Z(4(#))),Z(1(#)),Z(2(#))) 
241461     INFO  Test worker     d.u.i.k.n.KeyIO           Parsing took 15 ms 
241461     INFO  Test worker     d.u.i.k.n.KeyIO           MODE: declarations took 0 ms 
241461     INFO  Test worker     d.u.i.k.n.ExprTest        Term: if-then-else(and(equals(Z(3(#)),Z(4(#))),equals(Z(1(#)),Z(1(#)))),if-then-else(equals(Z(3(#)),Z(4(#))),Z(1(#)),Z(2(#))),Z(2(#))) 
241477     INFO  Test worker     d.u.i.k.n.KeyIO           Parsing took 0 ms 
241493     INFO  Test worker     d.u.i.k.n.KeyIO           MODE: declarations took 16 ms 
241493     INFO  Test worker     d.u.i.k.n.ExprTest        Term: add(aa,mul(bb,cc)) 
241508     INFO  Test worker     d.u.i.k.n.KeyIO           Parsing took 15 ms 
241541     INFO  Test worker     d.u.i.k.n.KeyIO           MODE: declarations took 0 ms 
241541     INFO  Test worker     d.u.i.k.n.ExprTest        Term: lt(mul(mod(aa,bb),cc),Z(neglit(3(2(1(#)))))) 
241555     INFO  Test worker     d.u.i.k.n.KeyIO           Parsing took 0 ms 
241555     INFO  Test worker     d.u.i.k.n.KeyIO           MODE: declarations took 0 ms 
241555     INFO  Test worker     d.u.i.k.n.ExprTest        Term: all{x:int}(true) 
241571     INFO  Test worker     d.u.i.k.n.KeyIO           Parsing took 0 ms 
241571     INFO  Test worker     d.u.i.k.n.KeyIO           MODE: declarations took 0 ms 
241586     INFO  Test worker     d.u.i.k.n.ExprTest        Term: all{x:numbers}(equals(x,x)) 
241602     INFO  Test worker     d.u.i.k.n.KeyIO           Parsing took 16 ms 
241602     INFO  Test worker     d.u.i.k.n.KeyIO           MODE: declarations took 0 ms 
241602     INFO  Test worker     d.u.i.k.n.ExprTest        Term: add(int::cast(Z(3(#))),Z(2(#))) 
241618     INFO  Test worker     d.u.i.k.n.KeyIO           Parsing took 16 ms 
241618     INFO  Test worker     d.u.i.k.n.KeyIO           MODE: declarations took 0 ms 
241618     INFO  Test worker     d.u.i.k.n.ExprTest        Term: equals(addFloat(FP(6(1(2(3(5(3(5(6(0(1(#))))))))))),FP(6(1(2(3(5(3(5(6(0(1(#)))))))))))),mulFloat(FP(4(2(8(1(4(7(3(7(0(1(#))))))))))),subFloat(FP(4(2(8(1(4(7(3(7(0(1(#))))))))))),FP(6(1(2(3(5(3(5(6(0(1(#)))))))))))))) 
241633     INFO  Test worker     d.u.i.k.n.KeyIO           Parsing took 0 ms 
241633     INFO  Test worker     d.u.i.k.n.KeyIO           MODE: declarations took 0 ms 
241633     INFO  Test worker     d.u.i.k.n.ExprTest        Term: leqDouble(addDouble(DFP(8(0(4(7(1(0(0(0(8(8(1(4(2(8(1(7(0(6(4(#)))))))))))))))))))),DFP(8(0(4(7(1(0(0(0(8(8(1(4(2(8(1(7(0(6(4(#))))))))))))))))))))),mulDouble(DFP(4(8(7(6(0(0(2(8(9(0(9(8(0(4(2(1(4(6(4(#)))))))))))))))))))),DFP(5(7(6(7(8(0(4(0(3(9(2(2(8(1(9(6(7(5(4(#)))))))))))))))))))))) 
241649     INFO  Test worker     d.u.i.k.n.KeyIO           Parsing took 0 ms 
241649     INFO  Test worker     d.u.i.k.n.KeyIO           MODE: declarations took 0 ms 
241649     INFO  Test worker     d.u.i.k.n.ExprTest        Term: leqFloat(FP(6(1(2(3(5(3(5(6(0(1(#))))))))))),FP(4(2(8(1(4(7(3(7(0(1(#)))))))))))) 
241665     INFO  Test worker     d.u.i.k.n.KeyIO           Parsing took 0 ms 
241665     INFO  Test worker     d.u.i.k.n.KeyIO           MODE: declarations took 0 ms 
241665     INFO  Test worker     d.u.i.k.n.ExprTest        Term: gtDouble(DFP(4(0(9(7(8(3(7(2(4(8(1(0(6(8(6(1(1(6(4(#)))))))))))))))))))),DFP(8(0(4(7(1(0(0(0(8(8(1(4(2(8(1(7(0(6(4(#))))))))))))))))))))) 
241680     INFO  Test worker     d.u.i.k.n.KeyIO           Parsing took 0 ms 
241680     INFO  Test worker     d.u.i.k.n.KeyIO           MODE: declarations took 0 ms 
241680     INFO  Test worker     d.u.i.k.n.ExprTest        Term: seqConcat(seqEmpty,seqEmpty) 
]]></system-out>
  <system-err><![CDATA[]]></system-err>
</testsuite>
