<?xml version="1.0" encoding="UTF-8"?>
<testsuite name="de.uka.ilkd.key.speclang.njml.TextualTranslatorTest" tests="2" skipped="0" failures="0" errors="0" timestamp="2023-04-19T15:08:01" hostname="fv-az479-470" time="0.007">
  <properties/>
  <testcase name="constructsOrderRightAssertAssume()" classname="de.uka.ilkd.key.speclang.njml.TextualTranslatorTest" time="0.004"/>
  <testcase name="constructsOrderRightAssumeAssert()" classname="de.uka.ilkd.key.speclang.njml.TextualTranslatorTest" time="0.002"/>
  <system-out><![CDATA[]]></system-out>
  <system-err><![CDATA[]]></system-err>
</testsuite>
