<?xml version="1.0" encoding="UTF-8"?>
<testsuite name="de.uka.ilkd.key.nparser.ParseLDTsTests" tests="2" skipped="0" failures="0" errors="0" timestamp="2023-04-19T14:56:50" hostname="fv-az479-470" time="0.974">
  <properties/>
  <testcase name="testLDT()" classname="de.uka.ilkd.key.nparser.ParseLDTsTests" time="0.065"/>
  <testcase name="testSR()" classname="de.uka.ilkd.key.nparser.ParseLDTsTests" time="0.909"/>
  <system-out><![CDATA[241745     INFO  Test worker     d.u.i.k.n.KeyIO           Parsing took 49 ms 
241745     INFO  Test worker     d.u.i.k.n.KeyIO           MODE: declarations took 0 ms 
242102     INFO  Test worker     d.u.i.k.n.KeyIO           Parsing took 343 ms 
242118     INFO  Test worker     d.u.i.k.n.KeyIO           MODE: declarations took 0 ms 
]]></system-out>
  <system-err><![CDATA[]]></system-err>
</testsuite>
