<?xml version="1.0" encoding="UTF-8"?>
<testsuite name="de.uka.ilkd.key.rule.tacletbuilder.TestTacletBuild" tests="5" skipped="0" failures="0" errors="0" timestamp="2023-04-19T15:03:24" hostname="fv-az479-470" time="4.095">
  <properties/>
  <testcase name="testSchemavariablesInAddrulesRespectPrefix()" classname="de.uka.ilkd.key.rule.tacletbuilder.TestTacletBuild" time="4.092"/>
  <testcase name="testUniquenessOfIfAndFindVarSVBothInIf()" classname="de.uka.ilkd.key.rule.tacletbuilder.TestTacletBuild" time="0.001"/>
  <testcase name="test0()" classname="de.uka.ilkd.key.rule.tacletbuilder.TestTacletBuild" time="0.001"/>
  <testcase name="testUniquenessOfIfAndFindVarSVsInFind()" classname="de.uka.ilkd.key.rule.tacletbuilder.TestTacletBuild" time="0.0"/>
  <testcase name="testUniquenessOfIfAndFindVarSVsInIfAndFind()" classname="de.uka.ilkd.key.rule.tacletbuilder.TestTacletBuild" time="0.0"/>
  <system-out><![CDATA[635854     INFO  Test worker     d.u.i.k.n.KeyIO           Parsing took 0 ms 
635854     INFO  Test worker     d.u.i.k.n.KeyIO           MODE: declarations took 0 ms 
]]></system-out>
  <system-err><![CDATA[]]></system-err>
</testsuite>
