<?xml version="1.0" encoding="UTF-8"?>
<testsuite name="recoder.testsuite.basic.analysis.TypeXReferenceCompletenessTest" tests="1" skipped="0" failures="0" errors="0" timestamp="2023-03-26T13:56:24" hostname="fv-az341-959" time="0.002">
  <properties/>
  <testcase name="testTypeXReferenceCompleteness" classname="recoder.testsuite.basic.analysis.TypeXReferenceCompletenessTest" time="0.002"/>
  <system-out><![CDATA[]]></system-out>
  <system-err><![CDATA[]]></system-err>
</testsuite>
