<?xml version="1.0" encoding="UTF-8"?>
<testsuite name="recoder.testsuite.basic.syntax.CloneTest" tests="1" skipped="0" failures="0" errors="0" timestamp="2023-03-31T12:27:27" hostname="fv-az1125-590" time="0.003">
  <properties/>
  <testcase name="testClone" classname="recoder.testsuite.basic.syntax.CloneTest" time="0.003"/>
  <system-out><![CDATA[]]></system-out>
  <system-err><![CDATA[]]></system-err>
</testsuite>
