<?xml version="1.0" encoding="UTF-8"?>
<testsuite name="de.uka.ilkd.key.testcase.smt.testgen.TestTestgen" tests="1" skipped="0" failures="0" errors="0" timestamp="2023-06-05T07:13:37" hostname="fv-az1230-342" time="7.794">
  <properties/>
  <testcase name="testMiddle()" classname="de.uka.ilkd.key.testcase.smt.testgen.TestTestgen" time="7.794"/>
  <system-out><![CDATA[27130      WARN  Test worker     d.u.i.k.t.s.t.TestTestgen Warning: Z3_CE is not installed, tests skipped. 
27130      WARN  Test worker     d.u.i.k.t.s.t.TestTestgen Maybe use JVM system property "z3SolverPath" to define the path to the Z3 command. 
27130      INFO  Test worker     d.u.i.k.p.i.AbstractProblemLoader Loading environment from src\test\resources\testcase\smt\tg\middle.key 
27130      DEBUG Test worker     d.u.i.k.p.i.AbstractProblemLoader Environment load took 293.4ns 
27146      INFO  Test worker     d.u.i.k.p.i.AbstractProblemLoader Creating init config 
33747      DEBUG Test worker     d.u.i.k.p.i.AbstractProblemLoader Init config took 6.6s 
33872      INFO  Test worker     d.u.i.k.p.i.AbstractProblemLoader Replaying proof Middle[Middle::middle(int,int,int)].JML normal_behavior operation contract.0 
33888      DEBUG Test worker     d.u.i.k.p.i.IntermediateProofReplayer Proof replay took 23.6ns 
]]></system-out>
  <system-err><![CDATA[]]></system-err>
</testsuite>
