<?xml version="1.0" encoding="UTF-8"?>
<testsuite name="de.uka.ilkd.key.gui.plugins.javac.JavaCompilerCheckFacadeTest" tests="1" skipped="0" failures="0" errors="0" timestamp="2023-05-01T14:08:45" hostname="fv-az282-660" time="1.177">
  <properties/>
  <testcase name="compile1()" classname="de.uka.ilkd.key.gui.plugins.javac.JavaCompilerCheckFacadeTest" time="1.177"/>
  <system-out><![CDATA[D:\a\key\key\key.ui\examples\firstTouch\06-BinarySearch\src
234        INFO  Test worker     d.u.i.k.g.p.j.JavaCompilerCheckFacade Javac check is triggered. To disable use property -PKEY_JAVAC_DISABLE=true 
1141       INFO  Thread-3        d.u.i.k.g.p.j.JavaCompilerCheckFacade Javac check took 766 ms. 
]]></system-out>
  <system-err><![CDATA[]]></system-err>
</testsuite>
