<?xml version="1.0" encoding="UTF-8"?>
<testsuite name="de.uka.ilkd.key.speclang.njml.NJmlTranslatorTests" tests="2" skipped="0" failures="0" errors="0" timestamp="2023-02-06T20:05:09" hostname="fv-az440-923" time="2.789">
  <properties/>
  <testcase name="testWarnRequires()" classname="de.uka.ilkd.key.speclang.njml.NJmlTranslatorTests" time="0.001"/>
  <testcase name="testIgnoreOpenJML()" classname="de.uka.ilkd.key.speclang.njml.NJmlTranslatorTests" time="0.001"/>
  <system-out><![CDATA[]]></system-out>
  <system-err><![CDATA[]]></system-err>
</testsuite>
