<?xml version="1.0" encoding="UTF-8"?>
<testsuite name="de.uka.ilkd.key.proof.runallproofs.RunAllProofsInfFlow" tests="30" skipped="0" failures="0" errors="0" timestamp="2023-03-30T12:18:01" hostname="fv-az566-451" time="3272.596">
  <properties/>
  <testcase name="ToyVoting" classname="de.uka.ilkd.key.proof.runallproofs.RunAllProofsInfFlow" time="28.846"/>
  <testcase name="ConditionalConfidential" classname="de.uka.ilkd.key.proof.runallproofs.RunAllProofsInfFlow" time="17.141"/>
  <testcase name="SumExample" classname="de.uka.ilkd.key.proof.runallproofs.RunAllProofsInfFlow" time="11.165"/>
  <testcase name="ToyBanking" classname="de.uka.ilkd.key.proof.runallproofs.RunAllProofsInfFlow" time="135.851"/>
  <testcase name="BlockContracts" classname="de.uka.ilkd.key.proof.runallproofs.RunAllProofsInfFlow" time="72.185"/>
  <testcase name="MethodContracts" classname="de.uka.ilkd.key.proof.runallproofs.RunAllProofsInfFlow" time="81.816"/>
  <testcase name="LoopInvariants" classname="de.uka.ilkd.key.proof.runallproofs.RunAllProofsInfFlow" time="81.683"/>
  <testcase name="MiniExamples" classname="de.uka.ilkd.key.proof.runallproofs.RunAllProofsInfFlow" time="109.446"/>
  <testcase name="NewObjects" classname="de.uka.ilkd.key.proof.runallproofs.RunAllProofsInfFlow" time="89.825"/>
  <testcase name="passwordfile.SecurePasswordFile(passwordfile.SecurePasswordFile___userIndex()).JML accessible clause.0.key" classname="de.uka.ilkd.key.proof.runallproofs.RunAllProofsInfFlow" time="10.284"/>
  <testcase name="SimpleEvoting" classname="de.uka.ilkd.key.proof.runallproofs.RunAllProofsInfFlow" time="193.659"/>
  <testcase name="ToyVoting_nomacro" classname="de.uka.ilkd.key.proof.runallproofs.RunAllProofsInfFlow" time="41.312"/>
  <testcase name="ConditionalConfidential_nomacro" classname="de.uka.ilkd.key.proof.runallproofs.RunAllProofsInfFlow" time="0.001"/>
  <testcase name="SumExample_nomacro" classname="de.uka.ilkd.key.proof.runallproofs.RunAllProofsInfFlow" time="13.578"/>
  <testcase name="ToyBanking_nomacro" classname="de.uka.ilkd.key.proof.runallproofs.RunAllProofsInfFlow" time="95.883"/>
  <testcase name="BlockContracts_nomacro" classname="de.uka.ilkd.key.proof.runallproofs.RunAllProofsInfFlow" time="94.334"/>
  <testcase name="MethodContracts_nomacro" classname="de.uka.ilkd.key.proof.runallproofs.RunAllProofsInfFlow" time="85.703"/>
  <testcase name="LoopInvariants_nomacro" classname="de.uka.ilkd.key.proof.runallproofs.RunAllProofsInfFlow" time="130.93"/>
  <testcase name="MiniExamples_nomacro" classname="de.uka.ilkd.key.proof.runallproofs.RunAllProofsInfFlow" time="119.425"/>
  <testcase name="NewObjects_nomacro" classname="de.uka.ilkd.key.proof.runallproofs.RunAllProofsInfFlow" time="158.007"/>
  <testcase name="SimpleEvoting_nomacro" classname="de.uka.ilkd.key.proof.runallproofs.RunAllProofsInfFlow" time="160.205"/>
  <testcase name="ToyVoting_fullmacro" classname="de.uka.ilkd.key.proof.runallproofs.RunAllProofsInfFlow" time="70.311"/>
  <testcase name="SumExample_fullmacro" classname="de.uka.ilkd.key.proof.runallproofs.RunAllProofsInfFlow" time="12.723"/>
  <testcase name="ToyBanking_fullmacro" classname="de.uka.ilkd.key.proof.runallproofs.RunAllProofsInfFlow" time="308.409"/>
  <testcase name="BlockContracts_fullmacro" classname="de.uka.ilkd.key.proof.runallproofs.RunAllProofsInfFlow" time="100.083"/>
  <testcase name="MethodContracts_fullmacro" classname="de.uka.ilkd.key.proof.runallproofs.RunAllProofsInfFlow" time="87.293"/>
  <testcase name="InformationFlow_fullmacro" classname="de.uka.ilkd.key.proof.runallproofs.RunAllProofsInfFlow" time="393.423"/>
  <testcase name="MiniExamples_fullmacro" classname="de.uka.ilkd.key.proof.runallproofs.RunAllProofsInfFlow" time="117.893"/>
  <testcase name="NewObjects_fullmacro" classname="de.uka.ilkd.key.proof.runallproofs.RunAllProofsInfFlow" time="231.321"/>
  <testcase name="SimpleEvoting_fullmacro" classname="de.uka.ilkd.key.proof.runallproofs.RunAllProofsInfFlow" time="219.833"/>
  <system-out><![CDATA[12:18:00,951 |-INFO in ch.qos.logback.classic.LoggerContext[default] - This is logback-classic version 1.4.6
12:18:00,986 |-INFO in ch.qos.logback.classic.LoggerContext[default] - Could NOT find resource [logback-test.xml]
12:18:01,004 |-INFO in ch.qos.logback.classic.LoggerContext[default] - Found resource [logback.xml] at [file:/home/runner/work/key/key/key.core/build/resources/test/logback.xml]
12:18:01,136 |-INFO in ch.qos.logback.core.model.processor.AppenderModelHandler - Processing appender named [STDOUT]
12:18:01,137 |-INFO in ch.qos.logback.core.model.processor.AppenderModelHandler - About to instantiate appender of type [ch.qos.logback.core.ConsoleAppender]
12:18:01,163 |-WARN in ch.qos.logback.core.model.processor.ImplicitModelHandler - Ignoring unknown property [file] in [ch.qos.logback.core.ConsoleAppender]
12:18:01,163 |-WARN in ch.qos.logback.core.model.processor.ImplicitModelHandler - Ignoring unknown property [append] in [ch.qos.logback.core.ConsoleAppender]
12:18:01,164 |-INFO in ch.qos.logback.core.model.processor.ImplicitModelHandler - Assuming default type [ch.qos.logback.classic.encoder.PatternLayoutEncoder] for [encoder] property
12:18:01,181 |-INFO in ch.qos.logback.classic.model.processor.RootLoggerModelHandler - Setting level of ROOT logger to WARN
12:18:01,195 |-INFO in ch.qos.logback.core.model.processor.AppenderRefModelHandler - Attaching appender named [STDOUT] to Logger[ROOT]
12:18:01,195 |-INFO in ch.qos.logback.core.model.processor.DefaultProcessor@403132fc - End of configuration.
12:18:01,196 |-INFO in ch.qos.logback.classic.joran.JoranConfigurator@71c5b236 - Registering current configuration as safe fallback point

Running test ToyVoting
12:18:01,580 |-INFO in ch.qos.logback.classic.LoggerContext[default] - This is logback-classic version 1.4.6
12:18:01,610 |-INFO in ch.qos.logback.classic.LoggerContext[default] - Could NOT find resource [logback-test.xml]
12:18:01,630 |-INFO in ch.qos.logback.classic.LoggerContext[default] - Found resource [logback.xml] at [file:/home/runner/work/key/key/key.core/build/resources/test/logback.xml]
12:18:01,853 |-INFO in ch.qos.logback.core.model.processor.AppenderModelHandler - Processing appender named [STDOUT]
12:18:01,854 |-INFO in ch.qos.logback.core.model.processor.AppenderModelHandler - About to instantiate appender of type [ch.qos.logback.core.ConsoleAppender]
12:18:01,871 |-WARN in ch.qos.logback.core.model.processor.ImplicitModelHandler - Ignoring unknown property [file] in [ch.qos.logback.core.ConsoleAppender]
12:18:01,871 |-WARN in ch.qos.logback.core.model.processor.ImplicitModelHandler - Ignoring unknown property [append] in [ch.qos.logback.core.ConsoleAppender]
12:18:01,872 |-INFO in ch.qos.logback.core.model.processor.ImplicitModelHandler - Assuming default type [ch.qos.logback.classic.encoder.PatternLayoutEncoder] for [encoder] property
12:18:01,894 |-INFO in ch.qos.logback.classic.model.processor.RootLoggerModelHandler - Setting level of ROOT logger to WARN
12:18:01,900 |-INFO in ch.qos.logback.core.model.processor.AppenderRefModelHandler - Attaching appender named [STDOUT] to Logger[ROOT]
12:18:01,900 |-INFO in ch.qos.logback.core.model.processor.DefaultProcessor@8297b3a - End of configuration.
12:18:01,901 |-INFO in ch.qos.logback.classic.joran.JoranConfigurator@2362f559 - Registering current configuration as safe fallback point

438        WARN  main            d.u.i.k.s.ProofSettings   No proof-settings could be loaded, using defaults java.io.FileNotFoundException: /home/runner/.key/proof-settings.props (No such file or directory)
	at java.base/java.io.FileInputStream.open0(Native Method)

Returning from test ToyVoting
Running test ConditionalConfidential
12:18:30,436 |-INFO in ch.qos.logback.classic.LoggerContext[default] - This is logback-classic version 1.4.6
12:18:30,470 |-INFO in ch.qos.logback.classic.LoggerContext[default] - Could NOT find resource [logback-test.xml]
12:18:30,500 |-INFO in ch.qos.logback.classic.LoggerContext[default] - Found resource [logback.xml] at [file:/home/runner/work/key/key/key.core/build/resources/test/logback.xml]
12:18:30,686 |-INFO in ch.qos.logback.core.model.processor.AppenderModelHandler - Processing appender named [STDOUT]
12:18:30,686 |-INFO in ch.qos.logback.core.model.processor.AppenderModelHandler - About to instantiate appender of type [ch.qos.logback.core.ConsoleAppender]
12:18:30,702 |-WARN in ch.qos.logback.core.model.processor.ImplicitModelHandler - Ignoring unknown property [file] in [ch.qos.logback.core.ConsoleAppender]
12:18:30,702 |-WARN in ch.qos.logback.core.model.processor.ImplicitModelHandler - Ignoring unknown property [append] in [ch.qos.logback.core.ConsoleAppender]
12:18:30,703 |-INFO in ch.qos.logback.core.model.processor.ImplicitModelHandler - Assuming default type [ch.qos.logback.classic.encoder.PatternLayoutEncoder] for [encoder] property
12:18:30,726 |-INFO in ch.qos.logback.classic.model.processor.RootLoggerModelHandler - Setting level of ROOT logger to WARN
12:18:30,732 |-INFO in ch.qos.logback.core.model.processor.AppenderRefModelHandler - Attaching appender named [STDOUT] to Logger[ROOT]
12:18:30,732 |-INFO in ch.qos.logback.core.model.processor.DefaultProcessor@8297b3a - End of configuration.
12:18:30,733 |-INFO in ch.qos.logback.classic.joran.JoranConfigurator@2362f559 - Registering current configuration as safe fallback point

416        WARN  main            d.u.i.k.s.ProofSettings   The settings in /home/runner/.key/proof-settings.props are *not* read. 
Returning from test ConditionalConfidential
Running test SumExample
12:18:47,526 |-INFO in ch.qos.logback.classic.LoggerContext[default] - This is logback-classic version 1.4.6
12:18:47,555 |-INFO in ch.qos.logback.classic.LoggerContext[default] - Could NOT find resource [logback-test.xml]
12:18:47,576 |-INFO in ch.qos.logback.classic.LoggerContext[default] - Found resource [logback.xml] at [file:/home/runner/work/key/key/key.core/build/resources/test/logback.xml]
12:18:47,762 |-INFO in ch.qos.logback.core.model.processor.AppenderModelHandler - Processing appender named [STDOUT]
12:18:47,762 |-INFO in ch.qos.logback.core.model.processor.AppenderModelHandler - About to instantiate appender of type [ch.qos.logback.core.ConsoleAppender]
12:18:47,784 |-WARN in ch.qos.logback.core.model.processor.ImplicitModelHandler - Ignoring unknown property [file] in [ch.qos.logback.core.ConsoleAppender]
12:18:47,784 |-WARN in ch.qos.logback.core.model.processor.ImplicitModelHandler - Ignoring unknown property [append] in [ch.qos.logback.core.ConsoleAppender]
12:18:47,785 |-INFO in ch.qos.logback.core.model.processor.ImplicitModelHandler - Assuming default type [ch.qos.logback.classic.encoder.PatternLayoutEncoder] for [encoder] property
12:18:47,822 |-INFO in ch.qos.logback.classic.model.processor.RootLoggerModelHandler - Setting level of ROOT logger to WARN
12:18:47,838 |-INFO in ch.qos.logback.core.model.processor.AppenderRefModelHandler - Attaching appender named [STDOUT] to Logger[ROOT]
12:18:47,838 |-INFO in ch.qos.logback.core.model.processor.DefaultProcessor@7817fd62 - End of configuration.
12:18:47,839 |-INFO in ch.qos.logback.classic.joran.JoranConfigurator@8297b3a - Registering current configuration as safe fallback point

492        WARN  main            d.u.i.k.s.ProofSettings   The settings in /home/runner/.key/proof-settings.props are *not* read. 
Returning from test SumExample
Running test ToyBanking
12:18:58,709 |-INFO in ch.qos.logback.classic.LoggerContext[default] - This is logback-classic version 1.4.6
12:18:58,752 |-INFO in ch.qos.logback.classic.LoggerContext[default] - Could NOT find resource [logback-test.xml]
12:18:58,774 |-INFO in ch.qos.logback.classic.LoggerContext[default] - Found resource [logback.xml] at [file:/home/runner/work/key/key/key.core/build/resources/test/logback.xml]
12:18:58,965 |-INFO in ch.qos.logback.core.model.processor.AppenderModelHandler - Processing appender named [STDOUT]
12:18:58,965 |-INFO in ch.qos.logback.core.model.processor.AppenderModelHandler - About to instantiate appender of type [ch.qos.logback.core.ConsoleAppender]
12:18:58,981 |-WARN in ch.qos.logback.core.model.processor.ImplicitModelHandler - Ignoring unknown property [file] in [ch.qos.logback.core.ConsoleAppender]
12:18:58,982 |-WARN in ch.qos.logback.core.model.processor.ImplicitModelHandler - Ignoring unknown property [append] in [ch.qos.logback.core.ConsoleAppender]
12:18:58,983 |-INFO in ch.qos.logback.core.model.processor.ImplicitModelHandler - Assuming default type [ch.qos.logback.classic.encoder.PatternLayoutEncoder] for [encoder] property
12:18:59,005 |-INFO in ch.qos.logback.classic.model.processor.RootLoggerModelHandler - Setting level of ROOT logger to WARN
12:18:59,011 |-INFO in ch.qos.logback.core.model.processor.AppenderRefModelHandler - Attaching appender named [STDOUT] to Logger[ROOT]
12:18:59,011 |-INFO in ch.qos.logback.core.model.processor.DefaultProcessor@7817fd62 - End of configuration.
12:18:59,012 |-INFO in ch.qos.logback.classic.joran.JoranConfigurator@8297b3a - Registering current configuration as safe fallback point

493        WARN  main            d.u.i.k.s.ProofSettings   The settings in /home/runner/.key/proof-settings.props are *not* read. 
Returning from test ToyBanking
Running test BlockContracts
12:21:14,546 |-INFO in ch.qos.logback.classic.LoggerContext[default] - This is logback-classic version 1.4.6
12:21:14,590 |-INFO in ch.qos.logback.classic.LoggerContext[default] - Could NOT find resource [logback-test.xml]
12:21:14,610 |-INFO in ch.qos.logback.classic.LoggerContext[default] - Found resource [logback.xml] at [file:/home/runner/work/key/key/key.core/build/resources/test/logback.xml]
12:21:14,778 |-INFO in ch.qos.logback.core.model.processor.AppenderModelHandler - Processing appender named [STDOUT]
12:21:14,778 |-INFO in ch.qos.logback.core.model.processor.AppenderModelHandler - About to instantiate appender of type [ch.qos.logback.core.ConsoleAppender]
12:21:14,797 |-WARN in ch.qos.logback.core.model.processor.ImplicitModelHandler - Ignoring unknown property [file] in [ch.qos.logback.core.ConsoleAppender]
12:21:14,797 |-WARN in ch.qos.logback.core.model.processor.ImplicitModelHandler - Ignoring unknown property [append] in [ch.qos.logback.core.ConsoleAppender]
12:21:14,798 |-INFO in ch.qos.logback.core.model.processor.ImplicitModelHandler - Assuming default type [ch.qos.logback.classic.encoder.PatternLayoutEncoder] for [encoder] property
12:21:14,832 |-INFO in ch.qos.logback.classic.model.processor.RootLoggerModelHandler - Setting level of ROOT logger to WARN
12:21:14,849 |-INFO in ch.qos.logback.core.model.processor.AppenderRefModelHandler - Attaching appender named [STDOUT] to Logger[ROOT]
12:21:14,850 |-INFO in ch.qos.logback.core.model.processor.DefaultProcessor@7817fd62 - End of configuration.
12:21:14,850 |-INFO in ch.qos.logback.classic.joran.JoranConfigurator@8297b3a - Registering current configuration as safe fallback point

434        WARN  main            d.u.i.k.s.ProofSettings   The settings in /home/runner/.key/proof-settings.props are *not* read. 
Returning from test BlockContracts
Running test MethodContracts
12:22:26,731 |-INFO in ch.qos.logback.classic.LoggerContext[default] - This is logback-classic version 1.4.6
12:22:26,772 |-INFO in ch.qos.logback.classic.LoggerContext[default] - Could NOT find resource [logback-test.xml]
12:22:26,792 |-INFO in ch.qos.logback.classic.LoggerContext[default] - Found resource [logback.xml] at [file:/home/runner/work/key/key/key.core/build/resources/test/logback.xml]
12:22:26,981 |-INFO in ch.qos.logback.core.model.processor.AppenderModelHandler - Processing appender named [STDOUT]
12:22:26,981 |-INFO in ch.qos.logback.core.model.processor.AppenderModelHandler - About to instantiate appender of type [ch.qos.logback.core.ConsoleAppender]
12:22:26,999 |-WARN in ch.qos.logback.core.model.processor.ImplicitModelHandler - Ignoring unknown property [file] in [ch.qos.logback.core.ConsoleAppender]
12:22:26,999 |-WARN in ch.qos.logback.core.model.processor.ImplicitModelHandler - Ignoring unknown property [append] in [ch.qos.logback.core.ConsoleAppender]
12:22:27,000 |-INFO in ch.qos.logback.core.model.processor.ImplicitModelHandler - Assuming default type [ch.qos.logback.classic.encoder.PatternLayoutEncoder] for [encoder] property
12:22:27,023 |-INFO in ch.qos.logback.classic.model.processor.RootLoggerModelHandler - Setting level of ROOT logger to WARN
12:22:27,029 |-INFO in ch.qos.logback.core.model.processor.AppenderRefModelHandler - Attaching appender named [STDOUT] to Logger[ROOT]
12:22:27,029 |-INFO in ch.qos.logback.core.model.processor.DefaultProcessor@7817fd62 - End of configuration.
12:22:27,030 |-INFO in ch.qos.logback.classic.joran.JoranConfigurator@8297b3a - Registering current configuration as safe fallback point

419        WARN  main            d.u.i.k.s.ProofSettings   The settings in /home/runner/.key/proof-settings.props are *not* read. 
Returning from test MethodContracts
Running test LoopInvariants
12:23:48,549 |-INFO in ch.qos.logback.classic.LoggerContext[default] - This is logback-classic version 1.4.6
12:23:48,591 |-INFO in ch.qos.logback.classic.LoggerContext[default] - Could NOT find resource [logback-test.xml]
12:23:48,611 |-INFO in ch.qos.logback.classic.LoggerContext[default] - Found resource [logback.xml] at [file:/home/runner/work/key/key/key.core/build/resources/test/logback.xml]
12:23:48,813 |-INFO in ch.qos.logback.core.model.processor.AppenderModelHandler - Processing appender named [STDOUT]
12:23:48,813 |-INFO in ch.qos.logback.core.model.processor.AppenderModelHandler - About to instantiate appender of type [ch.qos.logback.core.ConsoleAppender]
12:23:48,830 |-WARN in ch.qos.logback.core.model.processor.ImplicitModelHandler - Ignoring unknown property [file] in [ch.qos.logback.core.ConsoleAppender]
12:23:48,830 |-WARN in ch.qos.logback.core.model.processor.ImplicitModelHandler - Ignoring unknown property [append] in [ch.qos.logback.core.ConsoleAppender]
12:23:48,831 |-INFO in ch.qos.logback.core.model.processor.ImplicitModelHandler - Assuming default type [ch.qos.logback.classic.encoder.PatternLayoutEncoder] for [encoder] property
12:23:48,855 |-INFO in ch.qos.logback.classic.model.processor.RootLoggerModelHandler - Setting level of ROOT logger to WARN
12:23:48,861 |-INFO in ch.qos.logback.core.model.processor.AppenderRefModelHandler - Attaching appender named [STDOUT] to Logger[ROOT]
12:23:48,861 |-INFO in ch.qos.logback.core.model.processor.DefaultProcessor@7817fd62 - End of configuration.
12:23:48,862 |-INFO in ch.qos.logback.classic.joran.JoranConfigurator@8297b3a - Registering current configuration as safe fallback point

432        WARN  main            d.u.i.k.s.ProofSettings   The settings in /home/runner/.key/proof-settings.props are *not* read. 
Returning from test LoopInvariants
Running test MiniExamples
12:25:10,245 |-INFO in ch.qos.logback.classic.LoggerContext[default] - This is logback-classic version 1.4.6
12:25:10,276 |-INFO in ch.qos.logback.classic.LoggerContext[default] - Could NOT find resource [logback-test.xml]
12:25:10,297 |-INFO in ch.qos.logback.classic.LoggerContext[default] - Found resource [logback.xml] at [file:/home/runner/work/key/key/key.core/build/resources/test/logback.xml]
12:25:10,462 |-INFO in ch.qos.logback.core.model.processor.AppenderModelHandler - Processing appender named [STDOUT]
12:25:10,462 |-INFO in ch.qos.logback.core.model.processor.AppenderModelHandler - About to instantiate appender of type [ch.qos.logback.core.ConsoleAppender]
12:25:10,492 |-WARN in ch.qos.logback.core.model.processor.ImplicitModelHandler - Ignoring unknown property [file] in [ch.qos.logback.core.ConsoleAppender]
12:25:10,492 |-WARN in ch.qos.logback.core.model.processor.ImplicitModelHandler - Ignoring unknown property [append] in [ch.qos.logback.core.ConsoleAppender]
12:25:10,493 |-INFO in ch.qos.logback.core.model.processor.ImplicitModelHandler - Assuming default type [ch.qos.logback.classic.encoder.PatternLayoutEncoder] for [encoder] property
12:25:10,518 |-INFO in ch.qos.logback.classic.model.processor.RootLoggerModelHandler - Setting level of ROOT logger to WARN
12:25:10,523 |-INFO in ch.qos.logback.core.model.processor.AppenderRefModelHandler - Attaching appender named [STDOUT] to Logger[ROOT]
12:25:10,524 |-INFO in ch.qos.logback.core.model.processor.DefaultProcessor@7817fd62 - End of configuration.
12:25:10,525 |-INFO in ch.qos.logback.classic.joran.JoranConfigurator@8297b3a - Registering current configuration as safe fallback point

399        WARN  main            d.u.i.k.s.ProofSettings   The settings in /home/runner/.key/proof-settings.props are *not* read. 
Returning from test MiniExamples
Running test NewObjects
12:26:59,697 |-INFO in ch.qos.logback.classic.LoggerContext[default] - This is logback-classic version 1.4.6
12:26:59,732 |-INFO in ch.qos.logback.classic.LoggerContext[default] - Could NOT find resource [logback-test.xml]
12:26:59,756 |-INFO in ch.qos.logback.classic.LoggerContext[default] - Found resource [logback.xml] at [file:/home/runner/work/key/key/key.core/build/resources/test/logback.xml]
12:26:59,939 |-INFO in ch.qos.logback.core.model.processor.AppenderModelHandler - Processing appender named [STDOUT]
12:26:59,939 |-INFO in ch.qos.logback.core.model.processor.AppenderModelHandler - About to instantiate appender of type [ch.qos.logback.core.ConsoleAppender]
12:26:59,956 |-WARN in ch.qos.logback.core.model.processor.ImplicitModelHandler - Ignoring unknown property [file] in [ch.qos.logback.core.ConsoleAppender]
12:26:59,956 |-WARN in ch.qos.logback.core.model.processor.ImplicitModelHandler - Ignoring unknown property [append] in [ch.qos.logback.core.ConsoleAppender]
12:26:59,957 |-INFO in ch.qos.logback.core.model.processor.ImplicitModelHandler - Assuming default type [ch.qos.logback.classic.encoder.PatternLayoutEncoder] for [encoder] property
12:26:59,980 |-INFO in ch.qos.logback.classic.model.processor.RootLoggerModelHandler - Setting level of ROOT logger to WARN
12:26:59,985 |-INFO in ch.qos.logback.core.model.processor.AppenderRefModelHandler - Attaching appender named [STDOUT] to Logger[ROOT]
12:26:59,986 |-INFO in ch.qos.logback.core.model.processor.DefaultProcessor@7817fd62 - End of configuration.
12:26:59,987 |-INFO in ch.qos.logback.classic.joran.JoranConfigurator@8297b3a - Registering current configuration as safe fallback point

422        WARN  main            d.u.i.k.s.ProofSettings   The settings in /home/runner/.key/proof-settings.props are *not* read. 
Returning from test NewObjects
Running test passwordfile.SecurePasswordFile(passwordfile.SecurePasswordFile___userIndex()).JML accessible clause.0.key
12:28:29,498 |-INFO in ch.qos.logback.classic.LoggerContext[default] - This is logback-classic version 1.4.6
12:28:29,527 |-INFO in ch.qos.logback.classic.LoggerContext[default] - Could NOT find resource [logback-test.xml]
12:28:29,564 |-INFO in ch.qos.logback.classic.LoggerContext[default] - Found resource [logback.xml] at [file:/home/runner/work/key/key/key.core/build/resources/test/logback.xml]
12:28:29,766 |-INFO in ch.qos.logback.core.model.processor.AppenderModelHandler - Processing appender named [STDOUT]
12:28:29,766 |-INFO in ch.qos.logback.core.model.processor.AppenderModelHandler - About to instantiate appender of type [ch.qos.logback.core.ConsoleAppender]
12:28:29,784 |-WARN in ch.qos.logback.core.model.processor.ImplicitModelHandler - Ignoring unknown property [file] in [ch.qos.logback.core.ConsoleAppender]
12:28:29,784 |-WARN in ch.qos.logback.core.model.processor.ImplicitModelHandler - Ignoring unknown property [append] in [ch.qos.logback.core.ConsoleAppender]
12:28:29,785 |-INFO in ch.qos.logback.core.model.processor.ImplicitModelHandler - Assuming default type [ch.qos.logback.classic.encoder.PatternLayoutEncoder] for [encoder] property
12:28:29,808 |-INFO in ch.qos.logback.classic.model.processor.RootLoggerModelHandler - Setting level of ROOT logger to WARN
12:28:29,815 |-INFO in ch.qos.logback.core.model.processor.AppenderRefModelHandler - Attaching appender named [STDOUT] to Logger[ROOT]
12:28:29,815 |-INFO in ch.qos.logback.core.model.processor.DefaultProcessor@7817fd62 - End of configuration.
12:28:29,816 |-INFO in ch.qos.logback.classic.joran.JoranConfigurator@8297b3a - Registering current configuration as safe fallback point

436        WARN  main            d.u.i.k.s.ProofSettings   The settings in /home/runner/.key/proof-settings.props are *not* read. 
Returning from test passwordfile.SecurePasswordFile(passwordfile.SecurePasswordFile___userIndex()).JML accessible clause.0.key
Running test SimpleEvoting
12:28:39,797 |-INFO in ch.qos.logback.classic.LoggerContext[default] - This is logback-classic version 1.4.6
12:28:39,828 |-INFO in ch.qos.logback.classic.LoggerContext[default] - Could NOT find resource [logback-test.xml]
12:28:39,847 |-INFO in ch.qos.logback.classic.LoggerContext[default] - Found resource [logback.xml] at [file:/home/runner/work/key/key/key.core/build/resources/test/logback.xml]
12:28:40,008 |-INFO in ch.qos.logback.core.model.processor.AppenderModelHandler - Processing appender named [STDOUT]
12:28:40,008 |-INFO in ch.qos.logback.core.model.processor.AppenderModelHandler - About to instantiate appender of type [ch.qos.logback.core.ConsoleAppender]
12:28:40,026 |-WARN in ch.qos.logback.core.model.processor.ImplicitModelHandler - Ignoring unknown property [file] in [ch.qos.logback.core.ConsoleAppender]
12:28:40,026 |-WARN in ch.qos.logback.core.model.processor.ImplicitModelHandler - Ignoring unknown property [append] in [ch.qos.logback.core.ConsoleAppender]
12:28:40,027 |-INFO in ch.qos.logback.core.model.processor.ImplicitModelHandler - Assuming default type [ch.qos.logback.classic.encoder.PatternLayoutEncoder] for [encoder] property
12:28:40,051 |-INFO in ch.qos.logback.classic.model.processor.RootLoggerModelHandler - Setting level of ROOT logger to WARN
12:28:40,057 |-INFO in ch.qos.logback.core.model.processor.AppenderRefModelHandler - Attaching appender named [STDOUT] to Logger[ROOT]
12:28:40,057 |-INFO in ch.qos.logback.core.model.processor.DefaultProcessor@7817fd62 - End of configuration.
12:28:40,058 |-INFO in ch.qos.logback.classic.joran.JoranConfigurator@8297b3a - Registering current configuration as safe fallback point

406        WARN  main            d.u.i.k.s.ProofSettings   The settings in /home/runner/.key/proof-settings.props are *not* read. 
Returning from test SimpleEvoting
Running test ToyVoting_nomacro
12:31:53,450 |-INFO in ch.qos.logback.classic.LoggerContext[default] - This is logback-classic version 1.4.6
12:31:53,479 |-INFO in ch.qos.logback.classic.LoggerContext[default] - Could NOT find resource [logback-test.xml]
12:31:53,507 |-INFO in ch.qos.logback.classic.LoggerContext[default] - Found resource [logback.xml] at [file:/home/runner/work/key/key/key.core/build/resources/test/logback.xml]
12:31:53,720 |-INFO in ch.qos.logback.core.model.processor.AppenderModelHandler - Processing appender named [STDOUT]
12:31:53,720 |-INFO in ch.qos.logback.core.model.processor.AppenderModelHandler - About to instantiate appender of type [ch.qos.logback.core.ConsoleAppender]
12:31:53,736 |-WARN in ch.qos.logback.core.model.processor.ImplicitModelHandler - Ignoring unknown property [file] in [ch.qos.logback.core.ConsoleAppender]
12:31:53,737 |-WARN in ch.qos.logback.core.model.processor.ImplicitModelHandler - Ignoring unknown property [append] in [ch.qos.logback.core.ConsoleAppender]
12:31:53,738 |-INFO in ch.qos.logback.core.model.processor.ImplicitModelHandler - Assuming default type [ch.qos.logback.classic.encoder.PatternLayoutEncoder] for [encoder] property
12:31:53,760 |-INFO in ch.qos.logback.classic.model.processor.RootLoggerModelHandler - Setting level of ROOT logger to WARN
12:31:53,765 |-INFO in ch.qos.logback.core.model.processor.AppenderRefModelHandler - Attaching appender named [STDOUT] to Logger[ROOT]
12:31:53,765 |-INFO in ch.qos.logback.core.model.processor.DefaultProcessor@7817fd62 - End of configuration.
12:31:53,766 |-INFO in ch.qos.logback.classic.joran.JoranConfigurator@8297b3a - Registering current configuration as safe fallback point

434        WARN  main            d.u.i.k.s.ProofSettings   The settings in /home/runner/.key/proof-settings.props are *not* read. 
Returning from test ToyVoting_nomacro
Running test ConditionalConfidential_nomacro
Returning from test ConditionalConfidential_nomacro
Running test SumExample_nomacro
12:32:34,783 |-INFO in ch.qos.logback.classic.LoggerContext[default] - This is logback-classic version 1.4.6
12:32:34,814 |-INFO in ch.qos.logback.classic.LoggerContext[default] - Could NOT find resource [logback-test.xml]
12:32:34,846 |-INFO in ch.qos.logback.classic.LoggerContext[default] - Found resource [logback.xml] at [file:/home/runner/work/key/key/key.core/build/resources/test/logback.xml]
12:32:35,052 |-INFO in ch.qos.logback.core.model.processor.AppenderModelHandler - Processing appender named [STDOUT]
12:32:35,053 |-INFO in ch.qos.logback.core.model.processor.AppenderModelHandler - About to instantiate appender of type [ch.qos.logback.core.ConsoleAppender]
12:32:35,068 |-WARN in ch.qos.logback.core.model.processor.ImplicitModelHandler - Ignoring unknown property [file] in [ch.qos.logback.core.ConsoleAppender]
12:32:35,068 |-WARN in ch.qos.logback.core.model.processor.ImplicitModelHandler - Ignoring unknown property [append] in [ch.qos.logback.core.ConsoleAppender]
12:32:35,069 |-INFO in ch.qos.logback.core.model.processor.ImplicitModelHandler - Assuming default type [ch.qos.logback.classic.encoder.PatternLayoutEncoder] for [encoder] property
12:32:35,092 |-INFO in ch.qos.logback.classic.model.processor.RootLoggerModelHandler - Setting level of ROOT logger to WARN
12:32:35,097 |-INFO in ch.qos.logback.core.model.processor.AppenderRefModelHandler - Attaching appender named [STDOUT] to Logger[ROOT]
12:32:35,098 |-INFO in ch.qos.logback.core.model.processor.DefaultProcessor@7817fd62 - End of configuration.
12:32:35,098 |-INFO in ch.qos.logback.classic.joran.JoranConfigurator@8297b3a - Registering current configuration as safe fallback point

458        WARN  main            d.u.i.k.s.ProofSettings   The settings in /home/runner/.key/proof-settings.props are *not* read. 
Returning from test SumExample_nomacro
Running test ToyBanking_nomacro
12:32:48,357 |-INFO in ch.qos.logback.classic.LoggerContext[default] - This is logback-classic version 1.4.6
12:32:48,389 |-INFO in ch.qos.logback.classic.LoggerContext[default] - Could NOT find resource [logback-test.xml]
12:32:48,408 |-INFO in ch.qos.logback.classic.LoggerContext[default] - Found resource [logback.xml] at [file:/home/runner/work/key/key/key.core/build/resources/test/logback.xml]
12:32:48,637 |-INFO in ch.qos.logback.core.model.processor.AppenderModelHandler - Processing appender named [STDOUT]
12:32:48,637 |-INFO in ch.qos.logback.core.model.processor.AppenderModelHandler - About to instantiate appender of type [ch.qos.logback.core.ConsoleAppender]
12:32:48,656 |-WARN in ch.qos.logback.core.model.processor.ImplicitModelHandler - Ignoring unknown property [file] in [ch.qos.logback.core.ConsoleAppender]
12:32:48,656 |-WARN in ch.qos.logback.core.model.processor.ImplicitModelHandler - Ignoring unknown property [append] in [ch.qos.logback.core.ConsoleAppender]
12:32:48,657 |-INFO in ch.qos.logback.core.model.processor.ImplicitModelHandler - Assuming default type [ch.qos.logback.classic.encoder.PatternLayoutEncoder] for [encoder] property
12:32:48,679 |-INFO in ch.qos.logback.classic.model.processor.RootLoggerModelHandler - Setting level of ROOT logger to WARN
12:32:48,685 |-INFO in ch.qos.logback.core.model.processor.AppenderRefModelHandler - Attaching appender named [STDOUT] to Logger[ROOT]
12:32:48,685 |-INFO in ch.qos.logback.core.model.processor.DefaultProcessor@7817fd62 - End of configuration.
12:32:48,686 |-INFO in ch.qos.logback.classic.joran.JoranConfigurator@8297b3a - Registering current configuration as safe fallback point

491        WARN  main            d.u.i.k.s.ProofSettings   The settings in /home/runner/.key/proof-settings.props are *not* read. 
Returning from test ToyBanking_nomacro
Running test BlockContracts_nomacro
12:34:24,233 |-INFO in ch.qos.logback.classic.LoggerContext[default] - This is logback-classic version 1.4.6
12:34:24,262 |-INFO in ch.qos.logback.classic.LoggerContext[default] - Could NOT find resource [logback-test.xml]
12:34:24,283 |-INFO in ch.qos.logback.classic.LoggerContext[default] - Found resource [logback.xml] at [file:/home/runner/work/key/key/key.core/build/resources/test/logback.xml]
12:34:24,503 |-INFO in ch.qos.logback.core.model.processor.AppenderModelHandler - Processing appender named [STDOUT]
12:34:24,503 |-INFO in ch.qos.logback.core.model.processor.AppenderModelHandler - About to instantiate appender of type [ch.qos.logback.core.ConsoleAppender]
12:34:24,527 |-WARN in ch.qos.logback.core.model.processor.ImplicitModelHandler - Ignoring unknown property [file] in [ch.qos.logback.core.ConsoleAppender]
12:34:24,527 |-WARN in ch.qos.logback.core.model.processor.ImplicitModelHandler - Ignoring unknown property [append] in [ch.qos.logback.core.ConsoleAppender]
12:34:24,528 |-INFO in ch.qos.logback.core.model.processor.ImplicitModelHandler - Assuming default type [ch.qos.logback.classic.encoder.PatternLayoutEncoder] for [encoder] property
12:34:24,559 |-INFO in ch.qos.logback.classic.model.processor.RootLoggerModelHandler - Setting level of ROOT logger to WARN
12:34:24,575 |-INFO in ch.qos.logback.core.model.processor.AppenderRefModelHandler - Attaching appender named [STDOUT] to Logger[ROOT]
12:34:24,575 |-INFO in ch.qos.logback.core.model.processor.DefaultProcessor@7817fd62 - End of configuration.
12:34:24,576 |-INFO in ch.qos.logback.classic.joran.JoranConfigurator@8297b3a - Registering current configuration as safe fallback point

517        WARN  main            d.u.i.k.s.ProofSettings   The settings in /home/runner/.key/proof-settings.props are *not* read. 
Returning from test BlockContracts_nomacro
Running test MethodContracts_nomacro
12:35:58,571 |-INFO in ch.qos.logback.classic.LoggerContext[default] - This is logback-classic version 1.4.6
12:35:58,607 |-INFO in ch.qos.logback.classic.LoggerContext[default] - Could NOT find resource [logback-test.xml]
12:35:58,640 |-INFO in ch.qos.logback.classic.LoggerContext[default] - Found resource [logback.xml] at [file:/home/runner/work/key/key/key.core/build/resources/test/logback.xml]
12:35:58,828 |-INFO in ch.qos.logback.core.model.processor.AppenderModelHandler - Processing appender named [STDOUT]
12:35:58,828 |-INFO in ch.qos.logback.core.model.processor.AppenderModelHandler - About to instantiate appender of type [ch.qos.logback.core.ConsoleAppender]
12:35:58,844 |-WARN in ch.qos.logback.core.model.processor.ImplicitModelHandler - Ignoring unknown property [file] in [ch.qos.logback.core.ConsoleAppender]
12:35:58,844 |-WARN in ch.qos.logback.core.model.processor.ImplicitModelHandler - Ignoring unknown property [append] in [ch.qos.logback.core.ConsoleAppender]
12:35:58,845 |-INFO in ch.qos.logback.core.model.processor.ImplicitModelHandler - Assuming default type [ch.qos.logback.classic.encoder.PatternLayoutEncoder] for [encoder] property
12:35:58,867 |-INFO in ch.qos.logback.classic.model.processor.RootLoggerModelHandler - Setting level of ROOT logger to WARN
12:35:58,873 |-INFO in ch.qos.logback.core.model.processor.AppenderRefModelHandler - Attaching appender named [STDOUT] to Logger[ROOT]
12:35:58,873 |-INFO in ch.qos.logback.core.model.processor.DefaultProcessor@7817fd62 - End of configuration.
12:35:58,874 |-INFO in ch.qos.logback.classic.joran.JoranConfigurator@8297b3a - Registering current configuration as safe fallback point

429        WARN  main            d.u.i.k.s.ProofSettings   The settings in /home/runner/.key/proof-settings.props are *not* read. 
Returning from test MethodContracts_nomacro
Running test LoopInvariants_nomacro
12:37:24,290 |-INFO in ch.qos.logback.classic.LoggerContext[default] - This is logback-classic version 1.4.6
12:37:24,332 |-INFO in ch.qos.logback.classic.LoggerContext[default] - Could NOT find resource [logback-test.xml]
12:37:24,354 |-INFO in ch.qos.logback.classic.LoggerContext[default] - Found resource [logback.xml] at [file:/home/runner/work/key/key/key.core/build/resources/test/logback.xml]
12:37:24,526 |-INFO in ch.qos.logback.core.model.processor.AppenderModelHandler - Processing appender named [STDOUT]
12:37:24,527 |-INFO in ch.qos.logback.core.model.processor.AppenderModelHandler - About to instantiate appender of type [ch.qos.logback.core.ConsoleAppender]
12:37:24,549 |-WARN in ch.qos.logback.core.model.processor.ImplicitModelHandler - Ignoring unknown property [file] in [ch.qos.logback.core.ConsoleAppender]
12:37:24,549 |-WARN in ch.qos.logback.core.model.processor.ImplicitModelHandler - Ignoring unknown property [append] in [ch.qos.logback.core.ConsoleAppender]
12:37:24,550 |-INFO in ch.qos.logback.core.model.processor.ImplicitModelHandler - Assuming default type [ch.qos.logback.classic.encoder.PatternLayoutEncoder] for [encoder] property
12:37:24,577 |-INFO in ch.qos.logback.classic.model.processor.RootLoggerModelHandler - Setting level of ROOT logger to WARN
12:37:24,593 |-INFO in ch.qos.logback.core.model.processor.AppenderRefModelHandler - Attaching appender named [STDOUT] to Logger[ROOT]
12:37:24,594 |-INFO in ch.qos.logback.core.model.processor.DefaultProcessor@7817fd62 - End of configuration.
12:37:24,594 |-INFO in ch.qos.logback.classic.joran.JoranConfigurator@8297b3a - Registering current configuration as safe fallback point

435        WARN  main            d.u.i.k.s.ProofSettings   The settings in /home/runner/.key/proof-settings.props are *not* read. 
Returning from test LoopInvariants_nomacro
Running test MiniExamples_nomacro
12:39:35,209 |-INFO in ch.qos.logback.classic.LoggerContext[default] - This is logback-classic version 1.4.6
12:39:35,241 |-INFO in ch.qos.logback.classic.LoggerContext[default] - Could NOT find resource [logback-test.xml]
12:39:35,262 |-INFO in ch.qos.logback.classic.LoggerContext[default] - Found resource [logback.xml] at [file:/home/runner/work/key/key/key.core/build/resources/test/logback.xml]
12:39:35,437 |-INFO in ch.qos.logback.core.model.processor.AppenderModelHandler - Processing appender named [STDOUT]
12:39:35,438 |-INFO in ch.qos.logback.core.model.processor.AppenderModelHandler - About to instantiate appender of type [ch.qos.logback.core.ConsoleAppender]
12:39:35,464 |-WARN in ch.qos.logback.core.model.processor.ImplicitModelHandler - Ignoring unknown property [file] in [ch.qos.logback.core.ConsoleAppender]
12:39:35,464 |-WARN in ch.qos.logback.core.model.processor.ImplicitModelHandler - Ignoring unknown property [append] in [ch.qos.logback.core.ConsoleAppender]
12:39:35,465 |-INFO in ch.qos.logback.core.model.processor.ImplicitModelHandler - Assuming default type [ch.qos.logback.classic.encoder.PatternLayoutEncoder] for [encoder] property
12:39:35,493 |-INFO in ch.qos.logback.classic.model.processor.RootLoggerModelHandler - Setting level of ROOT logger to WARN
12:39:35,509 |-INFO in ch.qos.logback.core.model.processor.AppenderRefModelHandler - Attaching appender named [STDOUT] to Logger[ROOT]
12:39:35,510 |-INFO in ch.qos.logback.core.model.processor.DefaultProcessor@7817fd62 - End of configuration.
12:39:35,512 |-INFO in ch.qos.logback.classic.joran.JoranConfigurator@8297b3a - Registering current configuration as safe fallback point

482        WARN  main            d.u.i.k.s.ProofSettings   The settings in /home/runner/.key/proof-settings.props are *not* read. 
Returning from test MiniExamples_nomacro
Running test NewObjects_nomacro
12:41:34,641 |-INFO in ch.qos.logback.classic.LoggerContext[default] - This is logback-classic version 1.4.6
12:41:34,674 |-INFO in ch.qos.logback.classic.LoggerContext[default] - Could NOT find resource [logback-test.xml]
12:41:34,694 |-INFO in ch.qos.logback.classic.LoggerContext[default] - Found resource [logback.xml] at [file:/home/runner/work/key/key/key.core/build/resources/test/logback.xml]
12:41:34,896 |-INFO in ch.qos.logback.core.model.processor.AppenderModelHandler - Processing appender named [STDOUT]
12:41:34,897 |-INFO in ch.qos.logback.core.model.processor.AppenderModelHandler - About to instantiate appender of type [ch.qos.logback.core.ConsoleAppender]
12:41:34,914 |-WARN in ch.qos.logback.core.model.processor.ImplicitModelHandler - Ignoring unknown property [file] in [ch.qos.logback.core.ConsoleAppender]
12:41:34,914 |-WARN in ch.qos.logback.core.model.processor.ImplicitModelHandler - Ignoring unknown property [append] in [ch.qos.logback.core.ConsoleAppender]
12:41:34,915 |-INFO in ch.qos.logback.core.model.processor.ImplicitModelHandler - Assuming default type [ch.qos.logback.classic.encoder.PatternLayoutEncoder] for [encoder] property
12:41:34,938 |-INFO in ch.qos.logback.classic.model.processor.RootLoggerModelHandler - Setting level of ROOT logger to WARN
12:41:34,943 |-INFO in ch.qos.logback.core.model.processor.AppenderRefModelHandler - Attaching appender named [STDOUT] to Logger[ROOT]
12:41:34,944 |-INFO in ch.qos.logback.core.model.processor.DefaultProcessor@7817fd62 - End of configuration.
12:41:34,945 |-INFO in ch.qos.logback.classic.joran.JoranConfigurator@8297b3a - Registering current configuration as safe fallback point

502        WARN  main            d.u.i.k.s.ProofSettings   The settings in /home/runner/.key/proof-settings.props are *not* read. 
Returning from test NewObjects_nomacro
Running test SimpleEvoting_nomacro
12:44:12,634 |-INFO in ch.qos.logback.classic.LoggerContext[default] - This is logback-classic version 1.4.6
12:44:12,666 |-INFO in ch.qos.logback.classic.LoggerContext[default] - Could NOT find resource [logback-test.xml]
12:44:12,689 |-INFO in ch.qos.logback.classic.LoggerContext[default] - Found resource [logback.xml] at [file:/home/runner/work/key/key/key.core/build/resources/test/logback.xml]
12:44:12,885 |-INFO in ch.qos.logback.core.model.processor.AppenderModelHandler - Processing appender named [STDOUT]
12:44:12,885 |-INFO in ch.qos.logback.core.model.processor.AppenderModelHandler - About to instantiate appender of type [ch.qos.logback.core.ConsoleAppender]
12:44:12,902 |-WARN in ch.qos.logback.core.model.processor.ImplicitModelHandler - Ignoring unknown property [file] in [ch.qos.logback.core.ConsoleAppender]
12:44:12,903 |-WARN in ch.qos.logback.core.model.processor.ImplicitModelHandler - Ignoring unknown property [append] in [ch.qos.logback.core.ConsoleAppender]
12:44:12,904 |-INFO in ch.qos.logback.core.model.processor.ImplicitModelHandler - Assuming default type [ch.qos.logback.classic.encoder.PatternLayoutEncoder] for [encoder] property
12:44:12,929 |-INFO in ch.qos.logback.classic.model.processor.RootLoggerModelHandler - Setting level of ROOT logger to WARN
12:44:12,935 |-INFO in ch.qos.logback.core.model.processor.AppenderRefModelHandler - Attaching appender named [STDOUT] to Logger[ROOT]
12:44:12,936 |-INFO in ch.qos.logback.core.model.processor.DefaultProcessor@7817fd62 - End of configuration.
12:44:12,936 |-INFO in ch.qos.logback.classic.joran.JoranConfigurator@8297b3a - Registering current configuration as safe fallback point

424        WARN  main            d.u.i.k.s.ProofSettings   The settings in /home/runner/.key/proof-settings.props are *not* read. 
Returning from test SimpleEvoting_nomacro
Running test ToyVoting_fullmacro
12:46:52,844 |-INFO in ch.qos.logback.classic.LoggerContext[default] - This is logback-classic version 1.4.6
12:46:52,902 |-INFO in ch.qos.logback.classic.LoggerContext[default] - Could NOT find resource [logback-test.xml]
12:46:52,934 |-INFO in ch.qos.logback.classic.LoggerContext[default] - Found resource [logback.xml] at [file:/home/runner/work/key/key/key.core/build/resources/test/logback.xml]
12:46:53,125 |-INFO in ch.qos.logback.core.model.processor.AppenderModelHandler - Processing appender named [STDOUT]
12:46:53,125 |-INFO in ch.qos.logback.core.model.processor.AppenderModelHandler - About to instantiate appender of type [ch.qos.logback.core.ConsoleAppender]
12:46:53,142 |-WARN in ch.qos.logback.core.model.processor.ImplicitModelHandler - Ignoring unknown property [file] in [ch.qos.logback.core.ConsoleAppender]
12:46:53,142 |-WARN in ch.qos.logback.core.model.processor.ImplicitModelHandler - Ignoring unknown property [append] in [ch.qos.logback.core.ConsoleAppender]
12:46:53,143 |-INFO in ch.qos.logback.core.model.processor.ImplicitModelHandler - Assuming default type [ch.qos.logback.classic.encoder.PatternLayoutEncoder] for [encoder] property
12:46:53,167 |-INFO in ch.qos.logback.classic.model.processor.RootLoggerModelHandler - Setting level of ROOT logger to WARN
12:46:53,172 |-INFO in ch.qos.logback.core.model.processor.AppenderRefModelHandler - Attaching appender named [STDOUT] to Logger[ROOT]
12:46:53,172 |-INFO in ch.qos.logback.core.model.processor.DefaultProcessor@7817fd62 - End of configuration.
12:46:53,173 |-INFO in ch.qos.logback.classic.joran.JoranConfigurator@8297b3a - Registering current configuration as safe fallback point

472        WARN  main            d.u.i.k.s.ProofSettings   The settings in /home/runner/.key/proof-settings.props are *not* read. 
Returning from test ToyVoting_fullmacro
Running test SumExample_fullmacro
12:48:03,143 |-INFO in ch.qos.logback.classic.LoggerContext[default] - This is logback-classic version 1.4.6
12:48:03,184 |-INFO in ch.qos.logback.classic.LoggerContext[default] - Could NOT find resource [logback-test.xml]
12:48:03,203 |-INFO in ch.qos.logback.classic.LoggerContext[default] - Found resource [logback.xml] at [file:/home/runner/work/key/key/key.core/build/resources/test/logback.xml]
12:48:03,389 |-INFO in ch.qos.logback.core.model.processor.AppenderModelHandler - Processing appender named [STDOUT]
12:48:03,389 |-INFO in ch.qos.logback.core.model.processor.AppenderModelHandler - About to instantiate appender of type [ch.qos.logback.core.ConsoleAppender]
12:48:03,420 |-WARN in ch.qos.logback.core.model.processor.ImplicitModelHandler - Ignoring unknown property [file] in [ch.qos.logback.core.ConsoleAppender]
12:48:03,420 |-WARN in ch.qos.logback.core.model.processor.ImplicitModelHandler - Ignoring unknown property [append] in [ch.qos.logback.core.ConsoleAppender]
12:48:03,424 |-INFO in ch.qos.logback.core.model.processor.ImplicitModelHandler - Assuming default type [ch.qos.logback.classic.encoder.PatternLayoutEncoder] for [encoder] property
12:48:03,457 |-INFO in ch.qos.logback.classic.model.processor.RootLoggerModelHandler - Setting level of ROOT logger to WARN
12:48:03,474 |-INFO in ch.qos.logback.core.model.processor.AppenderRefModelHandler - Attaching appender named [STDOUT] to Logger[ROOT]
12:48:03,474 |-INFO in ch.qos.logback.core.model.processor.DefaultProcessor@7817fd62 - End of configuration.
12:48:03,475 |-INFO in ch.qos.logback.classic.joran.JoranConfigurator@8297b3a - Registering current configuration as safe fallback point

476        WARN  main            d.u.i.k.s.ProofSettings   The settings in /home/runner/.key/proof-settings.props are *not* read. 
Returning from test SumExample_fullmacro
Running test ToyBanking_fullmacro
12:48:15,914 |-INFO in ch.qos.logback.classic.LoggerContext[default] - This is logback-classic version 1.4.6
12:48:15,964 |-INFO in ch.qos.logback.classic.LoggerContext[default] - Could NOT find resource [logback-test.xml]
12:48:15,993 |-INFO in ch.qos.logback.classic.LoggerContext[default] - Found resource [logback.xml] at [file:/home/runner/work/key/key/key.core/build/resources/test/logback.xml]
12:48:16,148 |-INFO in ch.qos.logback.core.model.processor.AppenderModelHandler - Processing appender named [STDOUT]
12:48:16,148 |-INFO in ch.qos.logback.core.model.processor.AppenderModelHandler - About to instantiate appender of type [ch.qos.logback.core.ConsoleAppender]
12:48:16,170 |-WARN in ch.qos.logback.core.model.processor.ImplicitModelHandler - Ignoring unknown property [file] in [ch.qos.logback.core.ConsoleAppender]
12:48:16,170 |-WARN in ch.qos.logback.core.model.processor.ImplicitModelHandler - Ignoring unknown property [append] in [ch.qos.logback.core.ConsoleAppender]
12:48:16,171 |-INFO in ch.qos.logback.core.model.processor.ImplicitModelHandler - Assuming default type [ch.qos.logback.classic.encoder.PatternLayoutEncoder] for [encoder] property
12:48:16,213 |-INFO in ch.qos.logback.classic.model.processor.RootLoggerModelHandler - Setting level of ROOT logger to WARN
12:48:16,227 |-INFO in ch.qos.logback.core.model.processor.AppenderRefModelHandler - Attaching appender named [STDOUT] to Logger[ROOT]
12:48:16,227 |-INFO in ch.qos.logback.core.model.processor.DefaultProcessor@8297b3a - End of configuration.
12:48:16,228 |-INFO in ch.qos.logback.classic.joran.JoranConfigurator@2362f559 - Registering current configuration as safe fallback point

505        WARN  main            d.u.i.k.s.ProofSettings   The settings in /home/runner/.key/proof-settings.props are *not* read. 
Returning from test ToyBanking_fullmacro
Running test BlockContracts_fullmacro
12:53:24,289 |-INFO in ch.qos.logback.classic.LoggerContext[default] - This is logback-classic version 1.4.6
12:53:24,321 |-INFO in ch.qos.logback.classic.LoggerContext[default] - Could NOT find resource [logback-test.xml]
12:53:24,341 |-INFO in ch.qos.logback.classic.LoggerContext[default] - Found resource [logback.xml] at [file:/home/runner/work/key/key/key.core/build/resources/test/logback.xml]
12:53:24,527 |-INFO in ch.qos.logback.core.model.processor.AppenderModelHandler - Processing appender named [STDOUT]
12:53:24,528 |-INFO in ch.qos.logback.core.model.processor.AppenderModelHandler - About to instantiate appender of type [ch.qos.logback.core.ConsoleAppender]
12:53:24,546 |-WARN in ch.qos.logback.core.model.processor.ImplicitModelHandler - Ignoring unknown property [file] in [ch.qos.logback.core.ConsoleAppender]
12:53:24,546 |-WARN in ch.qos.logback.core.model.processor.ImplicitModelHandler - Ignoring unknown property [append] in [ch.qos.logback.core.ConsoleAppender]
12:53:24,547 |-INFO in ch.qos.logback.core.model.processor.ImplicitModelHandler - Assuming default type [ch.qos.logback.classic.encoder.PatternLayoutEncoder] for [encoder] property
12:53:24,570 |-INFO in ch.qos.logback.classic.model.processor.RootLoggerModelHandler - Setting level of ROOT logger to WARN
12:53:24,576 |-INFO in ch.qos.logback.core.model.processor.AppenderRefModelHandler - Attaching appender named [STDOUT] to Logger[ROOT]
12:53:24,576 |-INFO in ch.qos.logback.core.model.processor.DefaultProcessor@7817fd62 - End of configuration.
12:53:24,577 |-INFO in ch.qos.logback.classic.joran.JoranConfigurator@8297b3a - Registering current configuration as safe fallback point

418        WARN  main            d.u.i.k.s.ProofSettings   The settings in /home/runner/.key/proof-settings.props are *not* read. 
Returning from test BlockContracts_fullmacro
Running test MethodContracts_fullmacro
12:55:04,367 |-INFO in ch.qos.logback.classic.LoggerContext[default] - This is logback-classic version 1.4.6
12:55:04,396 |-INFO in ch.qos.logback.classic.LoggerContext[default] - Could NOT find resource [logback-test.xml]
12:55:04,416 |-INFO in ch.qos.logback.classic.LoggerContext[default] - Found resource [logback.xml] at [file:/home/runner/work/key/key/key.core/build/resources/test/logback.xml]
12:55:04,613 |-INFO in ch.qos.logback.core.model.processor.AppenderModelHandler - Processing appender named [STDOUT]
12:55:04,613 |-INFO in ch.qos.logback.core.model.processor.AppenderModelHandler - About to instantiate appender of type [ch.qos.logback.core.ConsoleAppender]
12:55:04,638 |-WARN in ch.qos.logback.core.model.processor.ImplicitModelHandler - Ignoring unknown property [file] in [ch.qos.logback.core.ConsoleAppender]
12:55:04,639 |-WARN in ch.qos.logback.core.model.processor.ImplicitModelHandler - Ignoring unknown property [append] in [ch.qos.logback.core.ConsoleAppender]
12:55:04,640 |-INFO in ch.qos.logback.core.model.processor.ImplicitModelHandler - Assuming default type [ch.qos.logback.classic.encoder.PatternLayoutEncoder] for [encoder] property
12:55:04,671 |-INFO in ch.qos.logback.classic.model.processor.RootLoggerModelHandler - Setting level of ROOT logger to WARN
12:55:04,684 |-INFO in ch.qos.logback.core.model.processor.AppenderRefModelHandler - Attaching appender named [STDOUT] to Logger[ROOT]
12:55:04,684 |-INFO in ch.qos.logback.core.model.processor.DefaultProcessor@7817fd62 - End of configuration.
12:55:04,685 |-INFO in ch.qos.logback.classic.joran.JoranConfigurator@8297b3a - Registering current configuration as safe fallback point

463        WARN  main            d.u.i.k.s.ProofSettings   The settings in /home/runner/.key/proof-settings.props are *not* read. 
Returning from test MethodContracts_fullmacro
Running test InformationFlow_fullmacro
12:56:31,656 |-INFO in ch.qos.logback.classic.LoggerContext[default] - This is logback-classic version 1.4.6
12:56:31,695 |-INFO in ch.qos.logback.classic.LoggerContext[default] - Could NOT find resource [logback-test.xml]
12:56:31,714 |-INFO in ch.qos.logback.classic.LoggerContext[default] - Found resource [logback.xml] at [file:/home/runner/work/key/key/key.core/build/resources/test/logback.xml]
12:56:31,903 |-INFO in ch.qos.logback.core.model.processor.AppenderModelHandler - Processing appender named [STDOUT]
12:56:31,903 |-INFO in ch.qos.logback.core.model.processor.AppenderModelHandler - About to instantiate appender of type [ch.qos.logback.core.ConsoleAppender]
12:56:31,920 |-WARN in ch.qos.logback.core.model.processor.ImplicitModelHandler - Ignoring unknown property [file] in [ch.qos.logback.core.ConsoleAppender]
12:56:31,920 |-WARN in ch.qos.logback.core.model.processor.ImplicitModelHandler - Ignoring unknown property [append] in [ch.qos.logback.core.ConsoleAppender]
12:56:31,921 |-INFO in ch.qos.logback.core.model.processor.ImplicitModelHandler - Assuming default type [ch.qos.logback.classic.encoder.PatternLayoutEncoder] for [encoder] property
12:56:31,950 |-INFO in ch.qos.logback.classic.model.processor.RootLoggerModelHandler - Setting level of ROOT logger to WARN
12:56:31,965 |-INFO in ch.qos.logback.core.model.processor.AppenderRefModelHandler - Attaching appender named [STDOUT] to Logger[ROOT]
12:56:31,966 |-INFO in ch.qos.logback.core.model.processor.DefaultProcessor@7817fd62 - End of configuration.
12:56:31,970 |-INFO in ch.qos.logback.classic.joran.JoranConfigurator@8297b3a - Registering current configuration as safe fallback point

468        WARN  main            d.u.i.k.s.ProofSettings   The settings in /home/runner/.key/proof-settings.props are *not* read. 
Returning from test InformationFlow_fullmacro
Running test MiniExamples_fullmacro
13:03:05,096 |-INFO in ch.qos.logback.classic.LoggerContext[default] - This is logback-classic version 1.4.6
13:03:05,128 |-INFO in ch.qos.logback.classic.LoggerContext[default] - Could NOT find resource [logback-test.xml]
13:03:05,156 |-INFO in ch.qos.logback.classic.LoggerContext[default] - Found resource [logback.xml] at [file:/home/runner/work/key/key/key.core/build/resources/test/logback.xml]
13:03:05,337 |-INFO in ch.qos.logback.core.model.processor.AppenderModelHandler - Processing appender named [STDOUT]
13:03:05,337 |-INFO in ch.qos.logback.core.model.processor.AppenderModelHandler - About to instantiate appender of type [ch.qos.logback.core.ConsoleAppender]
13:03:05,366 |-WARN in ch.qos.logback.core.model.processor.ImplicitModelHandler - Ignoring unknown property [file] in [ch.qos.logback.core.ConsoleAppender]
13:03:05,366 |-WARN in ch.qos.logback.core.model.processor.ImplicitModelHandler - Ignoring unknown property [append] in [ch.qos.logback.core.ConsoleAppender]
13:03:05,368 |-INFO in ch.qos.logback.core.model.processor.ImplicitModelHandler - Assuming default type [ch.qos.logback.classic.encoder.PatternLayoutEncoder] for [encoder] property
13:03:05,412 |-INFO in ch.qos.logback.classic.model.processor.RootLoggerModelHandler - Setting level of ROOT logger to WARN
13:03:05,427 |-INFO in ch.qos.logback.core.model.processor.AppenderRefModelHandler - Attaching appender named [STDOUT] to Logger[ROOT]
13:03:05,428 |-INFO in ch.qos.logback.core.model.processor.DefaultProcessor@7817fd62 - End of configuration.
13:03:05,429 |-INFO in ch.qos.logback.classic.joran.JoranConfigurator@8297b3a - Registering current configuration as safe fallback point

506        WARN  main            d.u.i.k.s.ProofSettings   The settings in /home/runner/.key/proof-settings.props are *not* read. 
Returning from test MiniExamples_fullmacro
Running test NewObjects_fullmacro
13:05:02,977 |-INFO in ch.qos.logback.classic.LoggerContext[default] - This is logback-classic version 1.4.6
13:05:03,010 |-INFO in ch.qos.logback.classic.LoggerContext[default] - Could NOT find resource [logback-test.xml]
13:05:03,031 |-INFO in ch.qos.logback.classic.LoggerContext[default] - Found resource [logback.xml] at [file:/home/runner/work/key/key/key.core/build/resources/test/logback.xml]
13:05:03,228 |-INFO in ch.qos.logback.core.model.processor.AppenderModelHandler - Processing appender named [STDOUT]
13:05:03,228 |-INFO in ch.qos.logback.core.model.processor.AppenderModelHandler - About to instantiate appender of type [ch.qos.logback.core.ConsoleAppender]
13:05:03,246 |-WARN in ch.qos.logback.core.model.processor.ImplicitModelHandler - Ignoring unknown property [file] in [ch.qos.logback.core.ConsoleAppender]
13:05:03,246 |-WARN in ch.qos.logback.core.model.processor.ImplicitModelHandler - Ignoring unknown property [append] in [ch.qos.logback.core.ConsoleAppender]
13:05:03,248 |-INFO in ch.qos.logback.core.model.processor.ImplicitModelHandler - Assuming default type [ch.qos.logback.classic.encoder.PatternLayoutEncoder] for [encoder] property
13:05:03,271 |-INFO in ch.qos.logback.classic.model.processor.RootLoggerModelHandler - Setting level of ROOT logger to WARN
13:05:03,277 |-INFO in ch.qos.logback.core.model.processor.AppenderRefModelHandler - Attaching appender named [STDOUT] to Logger[ROOT]
13:05:03,277 |-INFO in ch.qos.logback.core.model.processor.DefaultProcessor@7817fd62 - End of configuration.
13:05:03,278 |-INFO in ch.qos.logback.classic.joran.JoranConfigurator@8297b3a - Registering current configuration as safe fallback point

441        WARN  main            d.u.i.k.s.ProofSettings   The settings in /home/runner/.key/proof-settings.props are *not* read. 
Returning from test NewObjects_fullmacro
Running test SimpleEvoting_fullmacro
13:08:54,305 |-INFO in ch.qos.logback.classic.LoggerContext[default] - This is logback-classic version 1.4.6
13:08:54,337 |-INFO in ch.qos.logback.classic.LoggerContext[default] - Could NOT find resource [logback-test.xml]
13:08:54,358 |-INFO in ch.qos.logback.classic.LoggerContext[default] - Found resource [logback.xml] at [file:/home/runner/work/key/key/key.core/build/resources/test/logback.xml]
13:08:54,547 |-INFO in ch.qos.logback.core.model.processor.AppenderModelHandler - Processing appender named [STDOUT]
13:08:54,547 |-INFO in ch.qos.logback.core.model.processor.AppenderModelHandler - About to instantiate appender of type [ch.qos.logback.core.ConsoleAppender]
13:08:54,565 |-WARN in ch.qos.logback.core.model.processor.ImplicitModelHandler - Ignoring unknown property [file] in [ch.qos.logback.core.ConsoleAppender]
13:08:54,565 |-WARN in ch.qos.logback.core.model.processor.ImplicitModelHandler - Ignoring unknown property [append] in [ch.qos.logback.core.ConsoleAppender]
13:08:54,566 |-INFO in ch.qos.logback.core.model.processor.ImplicitModelHandler - Assuming default type [ch.qos.logback.classic.encoder.PatternLayoutEncoder] for [encoder] property
13:08:54,589 |-INFO in ch.qos.logback.classic.model.processor.RootLoggerModelHandler - Setting level of ROOT logger to WARN
13:08:54,595 |-INFO in ch.qos.logback.core.model.processor.AppenderRefModelHandler - Attaching appender named [STDOUT] to Logger[ROOT]
13:08:54,595 |-INFO in ch.qos.logback.core.model.processor.DefaultProcessor@7817fd62 - End of configuration.
13:08:54,596 |-INFO in ch.qos.logback.classic.joran.JoranConfigurator@8297b3a - Registering current configuration as safe fallback point

410        WARN  main            d.u.i.k.s.ProofSettings   The settings in /home/runner/.key/proof-settings.props are *not* read. 
Returning from test SimpleEvoting_fullmacro
]]></system-out>
  <system-err><![CDATA[Timeout watcher launched (1000 secs.)
Timeout watcher launched (1000 secs.)
Timeout watcher launched (1000 secs.)
Timeout watcher launched (1000 secs.)
Timeout watcher launched (1000 secs.)
Timeout watcher launched (1000 secs.)
Timeout watcher launched (1000 secs.)
Timeout watcher launched (1000 secs.)
Timeout watcher launched (1000 secs.)
Timeout watcher launched (1000 secs.)
Timeout watcher launched (1000 secs.)
Timeout watcher launched (1000 secs.)
Timeout watcher launched (1000 secs.)
Timeout watcher launched (1000 secs.)
Timeout watcher launched (1000 secs.)
Timeout watcher launched (1000 secs.)
Timeout watcher launched (1000 secs.)
Timeout watcher launched (1000 secs.)
Timeout watcher launched (1000 secs.)
Timeout watcher launched (1000 secs.)
Timeout watcher launched (1000 secs.)
Timeout watcher launched (1000 secs.)
Timeout watcher launched (1000 secs.)
Timeout watcher launched (1000 secs.)
Timeout watcher launched (1000 secs.)
Timeout watcher launched (1000 secs.)
Timeout watcher launched (1000 secs.)
Timeout watcher launched (1000 secs.)
Timeout watcher launched (1000 secs.)
]]></system-err>
</testsuite>
