<?xml version="1.0" encoding="UTF-8"?>
<testsuite name="de.uka.ilkd.key.java.TestKeYRecoderMapping" tests="2" skipped="0" failures="0" errors="0" timestamp="2023-03-07T16:45:41" hostname="fv-az351-898" time="0.005">
  <properties/>
  <testcase name="testtoRecoder()" classname="de.uka.ilkd.key.java.TestKeYRecoderMapping" time="0.001"/>
  <testcase name="testtoKeY()" classname="de.uka.ilkd.key.java.TestKeYRecoderMapping" time="0.001"/>
  <system-out><![CDATA[]]></system-out>
  <system-err><![CDATA[]]></system-err>
</testsuite>
