<?xml version="1.0" encoding="UTF-8"?>
<testsuite name="de.uka.ilkd.key.parser.TestDeclParser" tests="14" skipped="2" failures="0" errors="0" timestamp="2023-05-31T11:36:13" hostname="fv-az456-882" time="20.923">
  <properties/>
  <testcase name="testGenericSortDecl1()" classname="de.uka.ilkd.key.parser.TestDeclParser" time="1.872"/>
  <testcase name="testGenericSortDecl2()" classname="de.uka.ilkd.key.parser.TestDeclParser" time="1.731"/>
  <testcase name="testGenericSortDecl3()" classname="de.uka.ilkd.key.parser.TestDeclParser" time="1.786"/>
  <testcase name="testGenericSortDecl4()" classname="de.uka.ilkd.key.parser.TestDeclParser" time="1.671"/>
  <testcase name="testGenericSortDecl5()" classname="de.uka.ilkd.key.parser.TestDeclParser" time="0.0">
    <skipped/>
  </testcase>
  <testcase name="testGenericSortDecl6()" classname="de.uka.ilkd.key.parser.TestDeclParser" time="1.729"/>
  <testcase name="testSortDecl()" classname="de.uka.ilkd.key.parser.TestDeclParser" time="1.756"/>
  <testcase name="testProxySortDecl()" classname="de.uka.ilkd.key.parser.TestDeclParser" time="1.711"/>
  <testcase name="testArrayDecl()" classname="de.uka.ilkd.key.parser.TestDeclParser" time="1.754"/>
  <testcase name="testAmbiguousDecls()" classname="de.uka.ilkd.key.parser.TestDeclParser" time="0.0">
    <skipped/>
  </testcase>
  <testcase name="testHeurDecl()" classname="de.uka.ilkd.key.parser.TestDeclParser" time="1.768"/>
  <testcase name="testFunctionDecl()" classname="de.uka.ilkd.key.parser.TestDeclParser" time="1.722"/>
  <testcase name="testPredicateDecl()" classname="de.uka.ilkd.key.parser.TestDeclParser" time="1.734"/>
  <testcase name="testSVDecl()" classname="de.uka.ilkd.key.parser.TestDeclParser" time="1.683"/>
  <system-out><![CDATA[393397     INFO  Test worker     d.u.i.k.n.KeyIO           Parsing took 0 ms 
393397     DEBUG Test worker     d.u.i.k.n.KeyIO           Load declarations of de.uka.ilkd.key.nparser.KeyAst$File:  <unknown>:1#1 
393397     INFO  Test worker     d.u.i.k.n.KeyIO           MODE: declarations took 0 ms 
393397     DEBUG Test worker     d.u.i.k.n.KeyIO           MODE: 2nd degree decls took 0 
393397     DEBUG Test worker     d.u.i.k.n.KeyIO           MODE: taclets took 0ms 
395131     INFO  Test worker     d.u.i.k.n.KeyIO           Parsing took 0 ms 
395131     DEBUG Test worker     d.u.i.k.n.KeyIO           Load declarations of de.uka.ilkd.key.nparser.KeyAst$File:  <unknown>:1#1 
395131     INFO  Test worker     d.u.i.k.n.KeyIO           MODE: declarations took 0 ms 
395131     DEBUG Test worker     d.u.i.k.n.KeyIO           MODE: 2nd degree decls took 0 
395131     DEBUG Test worker     d.u.i.k.n.KeyIO           MODE: taclets took 0ms 
396914     INFO  Test worker     d.u.i.k.n.KeyIO           Parsing took 0 ms 
396914     DEBUG Test worker     d.u.i.k.n.KeyIO           Load declarations of de.uka.ilkd.key.nparser.KeyAst$File:  <unknown>:1#1 
396914     INFO  Test worker     d.u.i.k.n.KeyIO           MODE: declarations took 0 ms 
396914     DEBUG Test worker     d.u.i.k.n.KeyIO           MODE: 2nd degree decls took 0 
396914     DEBUG Test worker     d.u.i.k.n.KeyIO           MODE: taclets took 0ms 
398574     INFO  Test worker     d.u.i.k.n.KeyIO           Parsing took 0 ms 
398574     DEBUG Test worker     d.u.i.k.n.KeyIO           Load declarations of de.uka.ilkd.key.nparser.KeyAst$File:  <unknown>:1#1 
398574     INFO  Test worker     d.u.i.k.n.KeyIO           MODE: declarations took 0 ms 
398574     DEBUG Test worker     d.u.i.k.n.KeyIO           MODE: 2nd degree decls took 0 
398574     DEBUG Test worker     d.u.i.k.n.KeyIO           MODE: taclets took 0ms 
400316     INFO  Test worker     d.u.i.k.n.KeyIO           Parsing took 0 ms 
400316     DEBUG Test worker     d.u.i.k.n.KeyIO           Load declarations of de.uka.ilkd.key.nparser.KeyAst$File:  <unknown>:1#1 
400316     INFO  Test worker     d.u.i.k.n.KeyIO           MODE: declarations took 0 ms 
400316     DEBUG Test worker     d.u.i.k.n.KeyIO           MODE: 2nd degree decls took 0 
400316     DEBUG Test worker     d.u.i.k.n.KeyIO           MODE: taclets took 0ms 
402082     INFO  Test worker     d.u.i.k.n.KeyIO           Parsing took 0 ms 
402082     DEBUG Test worker     d.u.i.k.n.KeyIO           Load declarations of de.uka.ilkd.key.nparser.KeyAst$File:  <unknown>:1#1 
402082     INFO  Test worker     d.u.i.k.n.KeyIO           MODE: declarations took 0 ms 
402082     DEBUG Test worker     d.u.i.k.n.KeyIO           MODE: 2nd degree decls took 0 
402082     DEBUG Test worker     d.u.i.k.n.KeyIO           MODE: taclets took 0ms 
403768     INFO  Test worker     d.u.i.k.n.KeyIO           Parsing took 0 ms 
403783     DEBUG Test worker     d.u.i.k.n.KeyIO           Load declarations of de.uka.ilkd.key.nparser.KeyAst$File:  <unknown>:1#1 
403783     INFO  Test worker     d.u.i.k.n.KeyIO           MODE: declarations took 0 ms 
403783     DEBUG Test worker     d.u.i.k.n.KeyIO           MODE: 2nd degree decls took 0 
403783     DEBUG Test worker     d.u.i.k.n.KeyIO           MODE: taclets took 0ms 
405538     INFO  Test worker     d.u.i.k.n.KeyIO           Parsing took 0 ms 
405538     DEBUG Test worker     d.u.i.k.n.KeyIO           Load declarations of de.uka.ilkd.key.nparser.KeyAst$File:  <unknown>:1#1 
405538     INFO  Test worker     d.u.i.k.n.KeyIO           MODE: declarations took 0 ms 
405538     DEBUG Test worker     d.u.i.k.n.KeyIO           MODE: 2nd degree decls took 0 
405538     DEBUG Test worker     d.u.i.k.n.KeyIO           MODE: taclets took 0ms 
407308     INFO  Test worker     d.u.i.k.n.KeyIO           Parsing took 0 ms 
407308     DEBUG Test worker     d.u.i.k.n.KeyIO           Load declarations of de.uka.ilkd.key.nparser.KeyAst$File:  <unknown>:1#1 
407308     INFO  Test worker     d.u.i.k.n.KeyIO           MODE: declarations took 0 ms 
407308     DEBUG Test worker     d.u.i.k.n.KeyIO           MODE: 2nd degree decls took 0 
407308     DEBUG Test worker     d.u.i.k.n.KeyIO           MODE: taclets took 0ms 
409035     INFO  Test worker     d.u.i.k.n.KeyIO           Parsing took 0 ms 
409035     DEBUG Test worker     d.u.i.k.n.KeyIO           Load declarations of de.uka.ilkd.key.nparser.KeyAst$File:  <unknown>:1#1 
409035     INFO  Test worker     d.u.i.k.n.KeyIO           MODE: declarations took 0 ms 
409035     DEBUG Test worker     d.u.i.k.n.KeyIO           MODE: 2nd degree decls took 0 
409035     DEBUG Test worker     d.u.i.k.n.KeyIO           MODE: taclets took 0ms 
410765     INFO  Test worker     d.u.i.k.n.KeyIO           Parsing took 0 ms 
410765     DEBUG Test worker     d.u.i.k.n.KeyIO           Load declarations of de.uka.ilkd.key.nparser.KeyAst$File:  <unknown>:1#1 
410765     INFO  Test worker     d.u.i.k.n.KeyIO           MODE: declarations took 0 ms 
410765     DEBUG Test worker     d.u.i.k.n.KeyIO           MODE: 2nd degree decls took 0 
410765     DEBUG Test worker     d.u.i.k.n.KeyIO           MODE: taclets took 0ms 
412450     INFO  Test worker     d.u.i.k.n.KeyIO           Parsing took 0 ms 
412450     DEBUG Test worker     d.u.i.k.n.KeyIO           Load declarations of de.uka.ilkd.key.nparser.KeyAst$File:  <unknown>:1#1 
412450     INFO  Test worker     d.u.i.k.n.KeyIO           MODE: declarations took 0 ms 
412450     DEBUG Test worker     d.u.i.k.n.KeyIO           MODE: 2nd degree decls took 0 
412450     DEBUG Test worker     d.u.i.k.n.KeyIO           MODE: taclets took 0ms 
]]></system-out>
  <system-err><![CDATA[]]></system-err>
</testsuite>
