<?xml version="1.0" encoding="UTF-8"?>
<testsuite name="de.uka.ilkd.key.rule.merge.PredicateAbstractionLatticeTests" tests="3" skipped="0" failures="0" errors="0" timestamp="2023-05-31T11:45:42" hostname="fv-az456-882" time="10.712">
  <properties/>
  <testcase name="testToAndFromString()" classname="de.uka.ilkd.key.rule.merge.PredicateAbstractionLatticeTests" time="5.388"/>
  <testcase name="testCreateSignLatticeWithPredicates()" classname="de.uka.ilkd.key.rule.merge.PredicateAbstractionLatticeTests" time="5.324"/>
  <testcase name="testTrivialPredicatesLattice()" classname="de.uka.ilkd.key.rule.merge.PredicateAbstractionLatticeTests" time="0.0"/>
  <system-out><![CDATA[959808     INFO  Test worker     d.u.i.k.p.i.AbstractProblemLoader Loading environment from src\test\resources\testcase\merge\dummy.key 
959808     DEBUG Test worker     d.u.i.k.p.i.AbstractProblemLoader Environment load took 243.5ns 
959808     INFO  Test worker     d.u.i.k.p.i.AbstractProblemLoader Creating init config 
965167     DEBUG Test worker     d.u.i.k.p.i.AbstractProblemLoader Init config took 5.36s 
965198     INFO  Test worker     d.u.i.k.p.i.AbstractProblemLoader Replaying proof dummy.key 
965198     DEBUG Test worker     d.u.i.k.p.i.IntermediateProofReplayer Proof replay took 10.7ns 
965198     INFO  Test worker     d.u.i.k.p.i.AbstractProblemLoader Loading environment from src\test\resources\testcase\merge\dummy.key 
965198     DEBUG Test worker     d.u.i.k.p.i.AbstractProblemLoader Environment load took 170ns 
965198     INFO  Test worker     d.u.i.k.p.i.AbstractProblemLoader Creating init config 
970491     DEBUG Test worker     d.u.i.k.p.i.AbstractProblemLoader Init config took 5.3s 
970522     INFO  Test worker     d.u.i.k.p.i.AbstractProblemLoader Replaying proof dummy.key 
970522     DEBUG Test worker     d.u.i.k.p.i.IntermediateProofReplayer Proof replay took 11.1ns 
]]></system-out>
  <system-err><![CDATA[]]></system-err>
</testsuite>
