<?xml version="1.0" encoding="UTF-8"?>
<testsuite name="de.uka.ilkd.key.parser.TestTermParserSorts" tests="2" skipped="0" failures="0" errors="0" timestamp="2023-05-31T11:42:39" hostname="fv-az456-882" time="5.23">
  <properties/>
  <testcase name="testParseIntegerArgs()" classname="de.uka.ilkd.key.parser.TestTermParserSorts" time="0.019"/>
  <testcase name="testParseSequencePrettySyntax()" classname="de.uka.ilkd.key.parser.TestTermParserSorts" time="0.002"/>
  <system-out><![CDATA[777574     INFO  Test worker     d.u.i.k.n.KeyIO           Parsing took 0 ms 
777574     DEBUG Test worker     d.u.i.k.n.KeyIO           Load declarations of de.uka.ilkd.key.nparser.KeyAst$File:  <unknown>:1#1 
777574     INFO  Test worker     d.u.i.k.n.KeyIO           MODE: declarations took 0 ms 
777574     DEBUG Test worker     d.u.i.k.n.KeyIO           MODE: 2nd degree decls took 0 
777574     INFO  Test worker     d.u.i.k.n.KeyIO           Parsing took 0 ms 
777574     DEBUG Test worker     d.u.i.k.n.KeyIO           Load declarations of de.uka.ilkd.key.nparser.KeyAst$File:  <unknown>:1#1 
777574     INFO  Test worker     d.u.i.k.n.KeyIO           MODE: declarations took 0 ms 
777574     DEBUG Test worker     d.u.i.k.n.KeyIO           MODE: 2nd degree decls took 0 
777574     INFO  Test worker     d.u.i.k.n.KeyIO           Parsing took 0 ms 
777574     DEBUG Test worker     d.u.i.k.n.KeyIO           Load declarations of de.uka.ilkd.key.nparser.KeyAst$File:  <unknown>:1#1 
777574     INFO  Test worker     d.u.i.k.n.KeyIO           MODE: declarations took 0 ms 
777574     DEBUG Test worker     d.u.i.k.n.KeyIO           MODE: 2nd degree decls took 0 
782802     INFO  Test worker     d.u.i.k.n.KeyIO           Parsing took 0 ms 
782802     DEBUG Test worker     d.u.i.k.n.KeyIO           Load declarations of de.uka.ilkd.key.nparser.KeyAst$File:  <unknown>:1#1 
782802     INFO  Test worker     d.u.i.k.n.KeyIO           MODE: declarations took 0 ms 
782802     DEBUG Test worker     d.u.i.k.n.KeyIO           MODE: 2nd degree decls took 0 
782802     INFO  Test worker     d.u.i.k.n.KeyIO           Parsing took 0 ms 
782802     DEBUG Test worker     d.u.i.k.n.KeyIO           Load declarations of de.uka.ilkd.key.nparser.KeyAst$File:  <unknown>:1#1 
782802     INFO  Test worker     d.u.i.k.n.KeyIO           MODE: declarations took 0 ms 
782802     DEBUG Test worker     d.u.i.k.n.KeyIO           MODE: 2nd degree decls took 0 
782802     INFO  Test worker     d.u.i.k.n.KeyIO           Parsing took 0 ms 
782802     DEBUG Test worker     d.u.i.k.n.KeyIO           Load declarations of de.uka.ilkd.key.nparser.KeyAst$File:  <unknown>:1#1 
782802     INFO  Test worker     d.u.i.k.n.KeyIO           MODE: declarations took 0 ms 
782802     DEBUG Test worker     d.u.i.k.n.KeyIO           MODE: 2nd degree decls took 0 
]]></system-out>
  <system-err><![CDATA[]]></system-err>
</testsuite>
