<?xml version="1.0" encoding="UTF-8"?>
<testsuite name="de.uka.ilkd.key.util.TestProofStarter" tests="2" skipped="0" failures="0" errors="0" timestamp="2023-05-31T11:54:12" hostname="fv-az456-882" time="75.961">
  <properties/>
  <testcase name="testDirectProofWithOneStepSimplification()" classname="de.uka.ilkd.key.util.TestProofStarter" time="38.589"/>
  <testcase name="testDirectProof()" classname="de.uka.ilkd.key.util.TestProofStarter" time="37.372"/>
  <system-out><![CDATA[1470485    INFO  Test worker     d.u.i.k.p.i.AbstractProblemLoader Loading environment from src\test\resources\testcase\proofStarter\CC\project.key 
1470485    DEBUG Test worker     d.u.i.k.p.i.AbstractProblemLoader Environment load took 211.3ns 
1470485    INFO  Test worker     d.u.i.k.p.i.AbstractProblemLoader Creating init config 
1476218    DEBUG Test worker     d.u.i.k.p.i.AbstractProblemLoader Init config took 5.73s 
1476280    INFO  Test worker     d.u.i.k.p.i.AbstractProblemLoader Replaying proof CC[CC::calcCoinIndex([I,[I)].JML normal_behavior operation contract.0 
1476280    DEBUG Test worker     d.u.i.k.p.i.IntermediateProofReplayer Proof replay took 2.1ns 
1509058    INFO  Test worker     d.u.i.k.p.i.AbstractProblemLoader Loading environment from src\test\resources\testcase\proofStarter\CC\project.key 
1509058    DEBUG Test worker     d.u.i.k.p.i.AbstractProblemLoader Environment load took 172.7ns 
1509058    INFO  Test worker     d.u.i.k.p.i.AbstractProblemLoader Creating init config 
1514901    DEBUG Test worker     d.u.i.k.p.i.AbstractProblemLoader Init config took 5.84s 
1514964    INFO  Test worker     d.u.i.k.p.i.AbstractProblemLoader Replaying proof CC[CC::calcCoinIndex([I,[I)].JML normal_behavior operation contract.0 
1514964    DEBUG Test worker     d.u.i.k.p.i.IntermediateProofReplayer Proof replay took 2.8ns 
]]></system-out>
  <system-err><![CDATA[]]></system-err>
</testsuite>
