<?xml version="1.0" encoding="UTF-8"?>
<testsuite name="de.uka.ilkd.key.rule.merge.MergeRuleTests" tests="11" skipped="0" failures="0" errors="0" timestamp="2023-05-31T11:43:50" hostname="fv-az456-882" time="111.199">
  <properties/>
  <testcase name="testDoManualGcdProof()" classname="de.uka.ilkd.key.rule.merge.MergeRuleTests" time="27.965"/>
  <testcase name="testLoadProofWithDiffVarsWithSameNameAndMPS()" classname="de.uka.ilkd.key.rule.merge.MergeRuleTests" time="5.959"/>
  <testcase name="testDoAutomaticGcdProofWithMergePointStatementAndBlockContract()" classname="de.uka.ilkd.key.rule.merge.MergeRuleTests" time="16.773"/>
  <testcase name="testLoadGcdProofWithPredAbstrAndUserChoices()" classname="de.uka.ilkd.key.rule.merge.MergeRuleTests" time="6.698"/>
  <testcase name="testLoadGcdProofWithPredAbstr()" classname="de.uka.ilkd.key.rule.merge.MergeRuleTests" time="7.251"/>
  <testcase name="testMergeThreeIndistinguishablePathConditionsWithITE()" classname="de.uka.ilkd.key.rule.merge.MergeRuleTests" time="5.224"/>
  <testcase name="testMergeIndistinguishablePathConditionsWithFullAnonymization()" classname="de.uka.ilkd.key.rule.merge.MergeRuleTests" time="5.241"/>
  <testcase name="testLoadClosedGcdProofWithMergePointStatements()" classname="de.uka.ilkd.key.rule.merge.MergeRuleTests" time="7.414"/>
  <testcase name="testMergeIndistinguishablePathConditionsWithITE()" classname="de.uka.ilkd.key.rule.merge.MergeRuleTests" time="5.508"/>
  <testcase name="testDoAutomaticGcdProofWithMergePointStatements()" classname="de.uka.ilkd.key.rule.merge.MergeRuleTests" time="16.281"/>
  <testcase name="testLoadGcdProof()" classname="de.uka.ilkd.key.rule.merge.MergeRuleTests" time="6.88"/>
  <system-out><![CDATA[848599     INFO  Test worker     d.u.i.k.p.i.AbstractProblemLoader Loading environment from src\test\resources\testcase\merge\gcd.key 
848599     DEBUG Test worker     d.u.i.k.p.i.AbstractProblemLoader Environment load took 146.2ns 
848615     INFO  Test worker     d.u.i.k.p.i.AbstractProblemLoader Creating init config 
848819     DEBUG Test worker     d.u.i.k.j.TypeConverter   No LDT found for Meta 
848819     DEBUG Test worker     d.u.i.k.j.TypeConverter   No LDT found for Meta 
848819     DEBUG Test worker     d.u.i.k.j.TypeConverter   No LDT found for Meta 
848819     DEBUG Test worker     d.u.i.k.j.TypeConverter   No LDT found for Meta 
849782     DEBUG Test worker     d.u.i.k.j.TypeConverter   No LDT found for JavaBigintExpression 
855530     DEBUG Test worker     d.u.i.k.p.i.AbstractProblemLoader Init config took 6.92s 
855592     INFO  Test worker     d.u.i.k.p.i.AbstractProblemLoader Replaying proof Gcd[Gcd::gcd(int,int)].JML normal_behavior operation contract.0 
855592     DEBUG Test worker     d.u.i.k.p.i.IntermediateProofReplayer Proof replay took 10.2ns 
876574     INFO  Test worker     d.u.i.k.p.i.AbstractProblemLoader Loading environment from src\test\resources\testcase\merge\A.differentVarsWithSameName.MPS.cut.closed.proof 
876574     DEBUG Test worker     d.u.i.k.p.i.AbstractProblemLoader Environment load took 355.7ns 
876574     INFO  Test worker     d.u.i.k.p.i.AbstractProblemLoader Creating init config 
882139     DEBUG Test worker     d.u.i.k.p.i.AbstractProblemLoader Init config took 5.57s 
882202     INFO  Test worker     d.u.i.k.p.i.AbstractProblemLoader Replaying proof A[A::m(boolean)].JML operation contract.0 
882536     DEBUG Test worker     d.u.i.k.p.i.IntermediateProofReplayer Proof replay took 333.52ms 
882536     INFO  Test worker     d.u.i.k.p.i.AbstractProblemLoader Loading environment from src\test\resources\testcase\merge\gcd.MPSAndBlockContract.key 
882536     DEBUG Test worker     d.u.i.k.p.i.AbstractProblemLoader Environment load took 109.5ns 
882552     INFO  Test worker     d.u.i.k.p.i.AbstractProblemLoader Creating init config 
888036     DEBUG Test worker     d.u.i.k.p.i.AbstractProblemLoader Init config took 5.49s 
888099     INFO  Test worker     d.u.i.k.p.i.AbstractProblemLoader Replaying proof Gcd[Gcd::gcdMPSAndBlockContract(int,int)].JML normal_behavior operation contract.0 
888099     DEBUG Test worker     d.u.i.k.p.i.IntermediateProofReplayer Proof replay took 16ns 
899312     INFO  Test worker     d.u.i.k.p.i.AbstractProblemLoader Loading environment from src\test\resources\testcase\merge\gcd.closed.predicateAbstractionWithUserChoices.proof 
899313     DEBUG Test worker     d.u.i.k.p.i.AbstractProblemLoader Environment load took 556.4ns 
899316     INFO  Test worker     d.u.i.k.p.i.AbstractProblemLoader Creating init config 
904905     DEBUG Test worker     d.u.i.k.p.i.AbstractProblemLoader Init config took 5.6s 
904967     INFO  Test worker     d.u.i.k.p.i.AbstractProblemLoader Replaying proof Gcd[Gcd::gcd(int,int)].JML normal_behavior operation contract.0 
905992     DEBUG Test worker     d.u.i.k.p.i.IntermediateProofReplayer Proof replay took 959.56ms 
906007     INFO  Test worker     d.u.i.k.p.i.AbstractProblemLoader Loading environment from src\test\resources\testcase\merge\gcd.closed.predicateabstraction.proof 
906007     DEBUG Test worker     d.u.i.k.p.i.AbstractProblemLoader Environment load took 137.2ns 
906007     INFO  Test worker     d.u.i.k.p.i.AbstractProblemLoader Creating init config 
911662     DEBUG Test worker     d.u.i.k.p.i.AbstractProblemLoader Init config took 5.66s 
911709     INFO  Test worker     d.u.i.k.p.i.AbstractProblemLoader Replaying proof Gcd[Gcd::gcd(int,int)].JML normal_behavior operation contract.0 
913258     DEBUG Test worker     d.u.i.k.p.i.IntermediateProofReplayer Proof replay took 1.44s 
913258     INFO  Test worker     d.u.i.k.p.i.AbstractProblemLoader Loading environment from src\test\resources\testcase\merge\IndistinguishablePathConditions.twoJoins.proof 
913258     DEBUG Test worker     d.u.i.k.p.i.AbstractProblemLoader Environment load took 394.4ns 
913274     INFO  Test worker     d.u.i.k.p.i.AbstractProblemLoader Creating init config 
918436     DEBUG Test worker     d.u.i.k.p.i.AbstractProblemLoader Init config took 5.17s 
918467     INFO  Test worker     d.u.i.k.p.i.AbstractProblemLoader Replaying proof IndistinguishablePathConditions.twoJoins.proof 
918467     DEBUG Test worker     d.u.i.k.p.i.IntermediateProofReplayer Proof replay took 1.21ms 
918482     INFO  Test worker     d.u.i.k.p.i.AbstractProblemLoader Loading environment from src\test\resources\testcase\merge\IndistinguishablePathConditions.proof 
918482     DEBUG Test worker     d.u.i.k.p.i.AbstractProblemLoader Environment load took 167.3ns 
918482     INFO  Test worker     d.u.i.k.p.i.AbstractProblemLoader Creating init config 
923661     DEBUG Test worker     d.u.i.k.p.i.AbstractProblemLoader Init config took 5.18s 
923692     INFO  Test worker     d.u.i.k.p.i.AbstractProblemLoader Replaying proof IndistinguishablePathConditions.proof 
923692     DEBUG Test worker     d.u.i.k.p.i.IntermediateProofReplayer Proof replay took 652.1ns 
923723     INFO  Test worker     d.u.i.k.p.i.AbstractProblemLoader Loading environment from src\test\resources\testcase\merge\gcd.mergePointStatements.closed.proof 
923723     DEBUG Test worker     d.u.i.k.p.i.AbstractProblemLoader Environment load took 173.7ns 
923723     INFO  Test worker     d.u.i.k.p.i.AbstractProblemLoader Creating init config 
929465     DEBUG Test worker     d.u.i.k.p.i.AbstractProblemLoader Init config took 5.74s 
929512     INFO  Test worker     d.u.i.k.p.i.AbstractProblemLoader Replaying proof Gcd[Gcd::gcdMPS(int,int)].JML normal_behavior operation contract.0 
931137     DEBUG Test worker     d.u.i.k.p.i.IntermediateProofReplayer Proof replay took 1.53s 
931137     INFO  Test worker     d.u.i.k.p.i.AbstractProblemLoader Loading environment from src\test\resources\testcase\merge\IndistinguishablePathConditions.proof 
931153     DEBUG Test worker     d.u.i.k.p.i.AbstractProblemLoader Environment load took 368.6ns 
931153     INFO  Test worker     d.u.i.k.p.i.AbstractProblemLoader Creating init config 
936630     DEBUG Test worker     d.u.i.k.p.i.AbstractProblemLoader Init config took 5.48s 
936645     INFO  Test worker     d.u.i.k.p.i.AbstractProblemLoader Replaying proof IndistinguishablePathConditions.proof 
936645     DEBUG Test worker     d.u.i.k.p.i.IntermediateProofReplayer Proof replay took 1.4ms 
936661     INFO  Test worker     d.u.i.k.p.i.AbstractProblemLoader Loading environment from src\test\resources\testcase\merge\gcd.mergePointStatements.key 
936661     DEBUG Test worker     d.u.i.k.p.i.AbstractProblemLoader Environment load took 499.6ns 
936661     INFO  Test worker     d.u.i.k.p.i.AbstractProblemLoader Creating init config 
941972     DEBUG Test worker     d.u.i.k.p.i.AbstractProblemLoader Init config took 5.31s 
942018     INFO  Test worker     d.u.i.k.p.i.AbstractProblemLoader Replaying proof Gcd[Gcd::gcdMPS(int,int)].JML normal_behavior operation contract.0 
942034     DEBUG Test worker     d.u.i.k.p.i.IntermediateProofReplayer Proof replay took 16.9ns 
952926     INFO  Test worker     d.u.i.k.p.i.AbstractProblemLoader Loading environment from src\test\resources\testcase\merge\gcd.closed.proof 
952942     DEBUG Test worker     d.u.i.k.p.i.AbstractProblemLoader Environment load took 5.19ms 
952942     INFO  Test worker     d.u.i.k.p.i.AbstractProblemLoader Creating init config 
958333     DEBUG Test worker     d.u.i.k.p.i.AbstractProblemLoader Init config took 5.39s 
958380     INFO  Test worker     d.u.i.k.p.i.AbstractProblemLoader Replaying proof Gcd[Gcd::gcd(int,int)].JML normal_behavior operation contract.0 
959808     DEBUG Test worker     d.u.i.k.p.i.IntermediateProofReplayer Proof replay took 1.35s 
]]></system-out>
  <system-err><![CDATA[]]></system-err>
</testsuite>
