<?xml version="1.0" encoding="UTF-8"?>
<testsuite name="de.uka.ilkd.key.proof.TestOneStepSimplifier" tests="1" skipped="0" failures="0" errors="0" timestamp="2023-05-31T11:42:45" hostname="fv-az456-882" time="7.157">
  <properties/>
  <testcase name="loadWithRestriction()" classname="de.uka.ilkd.key.proof.TestOneStepSimplifier" time="7.157"/>
  <system-out><![CDATA[782880     INFO  Test worker     d.u.i.k.p.i.AbstractProblemLoader Loading environment from src\test\resources\testcase\ossRestriction.proof 
782880     DEBUG Test worker     d.u.i.k.p.i.AbstractProblemLoader Environment load took 194.5ns 
782896     INFO  Test worker     d.u.i.k.p.i.AbstractProblemLoader Creating init config 
783182     DEBUG Test worker     d.u.i.k.j.TypeConverter   No LDT found for Meta 
783182     DEBUG Test worker     d.u.i.k.j.TypeConverter   No LDT found for Meta 
783182     DEBUG Test worker     d.u.i.k.j.TypeConverter   No LDT found for Meta 
783182     DEBUG Test worker     d.u.i.k.j.TypeConverter   No LDT found for Meta 
784188     DEBUG Test worker     d.u.i.k.j.TypeConverter   No LDT found for JavaBigintExpression 
789989     DEBUG Test worker     d.u.i.k.p.i.AbstractProblemLoader Init config took 7.1s 
790020     INFO  Test worker     d.u.i.k.p.i.AbstractProblemLoader Replaying proof ossRestriction.proof 
790036     DEBUG Test worker     d.u.i.k.p.i.IntermediateProofReplayer Proof replay took 2.25ms 
]]></system-out>
  <system-err><![CDATA[]]></system-err>
</testsuite>
