<?xml version="1.0" encoding="UTF-8"?>
<testsuite name="de.uka.ilkd.key.parser.TestTermParserHeap" tests="39" skipped="0" failures="0" errors="0" timestamp="2023-05-31T11:39:10" hostname="fv-az456-882" time="204.719">
  <properties/>
  <testcase name="testBracketHeapUpdate()" classname="de.uka.ilkd.key.parser.TestTermParserHeap" time="0.025"/>
  <testcase name="testStore()" classname="de.uka.ilkd.key.parser.TestTermParserHeap" time="0.015"/>
  <testcase name="testUnknownConstant()" classname="de.uka.ilkd.key.parser.TestTermParserHeap" time="0.01"/>
  <testcase name="testAllFieldsSelector()" classname="de.uka.ilkd.key.parser.TestTermParserHeap" time="0.006"/>
  <testcase name="testParsePrettyPrintedSelect()" classname="de.uka.ilkd.key.parser.TestTermParserHeap" time="0.005"/>
  <testcase name="testAccessStaticMembers()" classname="de.uka.ilkd.key.parser.TestTermParserHeap" time="0.01"/>
  <testcase name="testAtOperator_1()" classname="de.uka.ilkd.key.parser.TestTermParserHeap" time="0.004"/>
  <testcase name="testAtOperator_2()" classname="de.uka.ilkd.key.parser.TestTermParserHeap" time="0.007"/>
  <testcase name="testAtOperator_3()" classname="de.uka.ilkd.key.parser.TestTermParserHeap" time="0.014"/>
  <testcase name="testAtOperator_4()" classname="de.uka.ilkd.key.parser.TestTermParserHeap" time="0.012"/>
  <testcase name="testAtOperator_5()" classname="de.uka.ilkd.key.parser.TestTermParserHeap" time="0.006"/>
  <testcase name="testAtOperator_6()" classname="de.uka.ilkd.key.parser.TestTermParserHeap" time="0.004"/>
  <testcase name="testAtOperator_7()" classname="de.uka.ilkd.key.parser.TestTermParserHeap" time="0.004"/>
  <testcase name="testAtOperator_8()" classname="de.uka.ilkd.key.parser.TestTermParserHeap" time="0.01"/>
  <testcase name="testVerifyExceptionIfAtOperatorNotPreceededBySelectTerm()" classname="de.uka.ilkd.key.parser.TestTermParserHeap" time="0.008"/>
  <testcase name="testBugResettingCounter()" classname="de.uka.ilkd.key.parser.TestTermParserHeap" time="0.007"/>
  <testcase name="testLocationSets()" classname="de.uka.ilkd.key.parser.TestTermParserHeap" time="0.004"/>
  <testcase name="testQuantifiedSelect()" classname="de.uka.ilkd.key.parser.TestTermParserHeap" time="0.009"/>
  <testcase name="testGenericObjectProperties()" classname="de.uka.ilkd.key.parser.TestTermParserHeap" time="0.005"/>
  <testcase name="testQueryInheritance_1()" classname="de.uka.ilkd.key.parser.TestTermParserHeap" time="0.006"/>
  <testcase name="testQueryInheritance_2()" classname="de.uka.ilkd.key.parser.TestTermParserHeap" time="0.004"/>
  <testcase name="testQueryInheritance_3()" classname="de.uka.ilkd.key.parser.TestTermParserHeap" time="0.006"/>
  <testcase name="testQueryInheritance_4()" classname="de.uka.ilkd.key.parser.TestTermParserHeap" time="0.005"/>
  <testcase name="testQueryInheritance_5()" classname="de.uka.ilkd.key.parser.TestTermParserHeap" time="0.004"/>
  <testcase name="testQueryInheritance_6()" classname="de.uka.ilkd.key.parser.TestTermParserHeap" time="0.005"/>
  <testcase name="testQueryInheritance_7()" classname="de.uka.ilkd.key.parser.TestTermParserHeap" time="0.005"/>
  <testcase name="testQueryInheritance_8()" classname="de.uka.ilkd.key.parser.TestTermParserHeap" time="0.005"/>
  <testcase name="testQueryInheritance_9()" classname="de.uka.ilkd.key.parser.TestTermParserHeap" time="0.002"/>
  <testcase name="testQueryBasic_10()" classname="de.uka.ilkd.key.parser.TestTermParserHeap" time="0.004"/>
  <testcase name="testQueryBasic_11()" classname="de.uka.ilkd.key.parser.TestTermParserHeap" time="0.008"/>
  <testcase name="testQueryBasic_1()" classname="de.uka.ilkd.key.parser.TestTermParserHeap" time="0.004"/>
  <testcase name="testQueryBasic_2()" classname="de.uka.ilkd.key.parser.TestTermParserHeap" time="0.007"/>
  <testcase name="testQueryBasic_3()" classname="de.uka.ilkd.key.parser.TestTermParserHeap" time="0.007"/>
  <testcase name="testQueryBasic_4()" classname="de.uka.ilkd.key.parser.TestTermParserHeap" time="0.006"/>
  <testcase name="testQueryBasic_5()" classname="de.uka.ilkd.key.parser.TestTermParserHeap" time="0.006"/>
  <testcase name="testQueryBasic_6()" classname="de.uka.ilkd.key.parser.TestTermParserHeap" time="0.004"/>
  <testcase name="testQueryBasic_7()" classname="de.uka.ilkd.key.parser.TestTermParserHeap" time="0.008"/>
  <testcase name="testQueryBasic_8()" classname="de.uka.ilkd.key.parser.TestTermParserHeap" time="0.002"/>
  <testcase name="testQueryBasic_9()" classname="de.uka.ilkd.key.parser.TestTermParserHeap" time="0.005"/>
  <system-out><![CDATA[567840     INFO  Test worker     d.u.i.k.n.KeyIO           Parsing took 0 ms 
567840     DEBUG Test worker     d.u.i.k.n.KeyIO           Load declarations of de.uka.ilkd.key.nparser.KeyAst$File:  <unknown>:1#1 
567840     INFO  Test worker     d.u.i.k.n.KeyIO           MODE: declarations took 0 ms 
567840     DEBUG Test worker     d.u.i.k.n.KeyIO           MODE: 2nd degree decls took 0 
567840     INFO  Test worker     d.u.i.k.n.KeyIO           Parsing took 0 ms 
567840     DEBUG Test worker     d.u.i.k.n.KeyIO           Load declarations of de.uka.ilkd.key.nparser.KeyAst$File:  <unknown>:1#1 
567840     INFO  Test worker     d.u.i.k.n.KeyIO           MODE: declarations took 0 ms 
567840     DEBUG Test worker     d.u.i.k.n.KeyIO           MODE: 2nd degree decls took 0 
567840     INFO  Test worker     d.u.i.k.n.KeyIO           Parsing took 0 ms 
567840     DEBUG Test worker     d.u.i.k.n.KeyIO           Load declarations of de.uka.ilkd.key.nparser.KeyAst$File:  <unknown>:1#1 
567840     INFO  Test worker     d.u.i.k.n.KeyIO           MODE: declarations took 0 ms 
567840     DEBUG Test worker     d.u.i.k.n.KeyIO           MODE: 2nd degree decls took 0 
567840     INFO  Test worker     d.u.i.k.n.KeyIO           Parsing took 0 ms 
567840     DEBUG Test worker     d.u.i.k.n.KeyIO           Load declarations of de.uka.ilkd.key.nparser.KeyAst$File:  <unknown>:1#1 
567840     INFO  Test worker     d.u.i.k.n.KeyIO           MODE: declarations took 0 ms 
567840     DEBUG Test worker     d.u.i.k.n.KeyIO           MODE: 2nd degree decls took 0 
567840     INFO  Test worker     d.u.i.k.n.KeyIO           Parsing took 0 ms 
567840     DEBUG Test worker     d.u.i.k.n.KeyIO           Load declarations of de.uka.ilkd.key.nparser.KeyAst$File:  <unknown>:1#1 
567840     INFO  Test worker     d.u.i.k.n.KeyIO           MODE: declarations took 0 ms 
567840     DEBUG Test worker     d.u.i.k.n.KeyIO           MODE: 2nd degree decls took 0 
573341     INFO  Test worker     d.u.i.k.n.KeyIO           Parsing took 0 ms 
573341     DEBUG Test worker     d.u.i.k.n.KeyIO           Load declarations of de.uka.ilkd.key.nparser.KeyAst$File:  <unknown>:1#1 
573341     INFO  Test worker     d.u.i.k.n.KeyIO           MODE: declarations took 0 ms 
573341     DEBUG Test worker     d.u.i.k.n.KeyIO           MODE: 2nd degree decls took 0 
573341     INFO  Test worker     d.u.i.k.n.KeyIO           Parsing took 0 ms 
573341     DEBUG Test worker     d.u.i.k.n.KeyIO           Load declarations of de.uka.ilkd.key.nparser.KeyAst$File:  <unknown>:1#1 
573341     INFO  Test worker     d.u.i.k.n.KeyIO           MODE: declarations took 0 ms 
573341     DEBUG Test worker     d.u.i.k.n.KeyIO           MODE: 2nd degree decls took 0 
573341     INFO  Test worker     d.u.i.k.n.KeyIO           Parsing took 0 ms 
573341     DEBUG Test worker     d.u.i.k.n.KeyIO           Load declarations of de.uka.ilkd.key.nparser.KeyAst$File:  <unknown>:1#1 
573341     INFO  Test worker     d.u.i.k.n.KeyIO           MODE: declarations took 0 ms 
573341     DEBUG Test worker     d.u.i.k.n.KeyIO           MODE: 2nd degree decls took 0 
573341     INFO  Test worker     d.u.i.k.n.KeyIO           Parsing took 0 ms 
573341     DEBUG Test worker     d.u.i.k.n.KeyIO           Load declarations of de.uka.ilkd.key.nparser.KeyAst$File:  <unknown>:1#1 
573341     INFO  Test worker     d.u.i.k.n.KeyIO           MODE: declarations took 0 ms 
573341     DEBUG Test worker     d.u.i.k.n.KeyIO           MODE: 2nd degree decls took 0 
573341     INFO  Test worker     d.u.i.k.n.KeyIO           Parsing took 0 ms 
573341     DEBUG Test worker     d.u.i.k.n.KeyIO           Load declarations of de.uka.ilkd.key.nparser.KeyAst$File:  <unknown>:1#1 
573341     INFO  Test worker     d.u.i.k.n.KeyIO           MODE: declarations took 0 ms 
573341     DEBUG Test worker     d.u.i.k.n.KeyIO           MODE: 2nd degree decls took 0 
578640     INFO  Test worker     d.u.i.k.n.KeyIO           Parsing took 0 ms 
578640     DEBUG Test worker     d.u.i.k.n.KeyIO           Load declarations of de.uka.ilkd.key.nparser.KeyAst$File:  <unknown>:1#1 
578640     INFO  Test worker     d.u.i.k.n.KeyIO           MODE: declarations took 0 ms 
578640     DEBUG Test worker     d.u.i.k.n.KeyIO           MODE: 2nd degree decls took 0 
578640     INFO  Test worker     d.u.i.k.n.KeyIO           Parsing took 0 ms 
578640     DEBUG Test worker     d.u.i.k.n.KeyIO           Load declarations of de.uka.ilkd.key.nparser.KeyAst$File:  <unknown>:1#1 
578640     INFO  Test worker     d.u.i.k.n.KeyIO           MODE: declarations took 0 ms 
578640     DEBUG Test worker     d.u.i.k.n.KeyIO           MODE: 2nd degree decls took 0 
578640     INFO  Test worker     d.u.i.k.n.KeyIO           Parsing took 0 ms 
578640     DEBUG Test worker     d.u.i.k.n.KeyIO           Load declarations of de.uka.ilkd.key.nparser.KeyAst$File:  <unknown>:1#1 
578640     INFO  Test worker     d.u.i.k.n.KeyIO           MODE: declarations took 0 ms 
578640     DEBUG Test worker     d.u.i.k.n.KeyIO           MODE: 2nd degree decls took 0 
578640     INFO  Test worker     d.u.i.k.n.KeyIO           Parsing took 0 ms 
578640     DEBUG Test worker     d.u.i.k.n.KeyIO           Load declarations of de.uka.ilkd.key.nparser.KeyAst$File:  <unknown>:1#1 
578640     INFO  Test worker     d.u.i.k.n.KeyIO           MODE: declarations took 0 ms 
578640     DEBUG Test worker     d.u.i.k.n.KeyIO           MODE: 2nd degree decls took 0 
578640     INFO  Test worker     d.u.i.k.n.KeyIO           Parsing took 0 ms 
578640     DEBUG Test worker     d.u.i.k.n.KeyIO           Load declarations of de.uka.ilkd.key.nparser.KeyAst$File:  <unknown>:1#1 
578640     INFO  Test worker     d.u.i.k.n.KeyIO           MODE: declarations took 0 ms 
578640     DEBUG Test worker     d.u.i.k.n.KeyIO           MODE: 2nd degree decls took 0 
578640     INFO  Test worker     d.u.i.k.n.KeyIO           Parsing took 0 ms 
578640     DEBUG Test worker     d.u.i.k.n.KeyIO           Load declarations of de.uka.ilkd.key.nparser.KeyAst$File:  <unknown>:1#1 
578640     INFO  Test worker     d.u.i.k.n.KeyIO           MODE: declarations took 0 ms 
578640     DEBUG Test worker     d.u.i.k.n.KeyIO           MODE: 2nd degree decls took 0 
584180     INFO  Test worker     d.u.i.k.n.KeyIO           Parsing took 0 ms 
584180     DEBUG Test worker     d.u.i.k.n.KeyIO           Load declarations of de.uka.ilkd.key.nparser.KeyAst$File:  <unknown>:1#1 
584180     INFO  Test worker     d.u.i.k.n.KeyIO           MODE: declarations took 0 ms 
584180     DEBUG Test worker     d.u.i.k.n.KeyIO           MODE: 2nd degree decls took 0 
584180     INFO  Test worker     d.u.i.k.n.KeyIO           Parsing took 0 ms 
584180     DEBUG Test worker     d.u.i.k.n.KeyIO           Load declarations of de.uka.ilkd.key.nparser.KeyAst$File:  <unknown>:1#1 
584180     INFO  Test worker     d.u.i.k.n.KeyIO           MODE: declarations took 0 ms 
584180     DEBUG Test worker     d.u.i.k.n.KeyIO           MODE: 2nd degree decls took 0 
584180     INFO  Test worker     d.u.i.k.n.KeyIO           Parsing took 0 ms 
584180     DEBUG Test worker     d.u.i.k.n.KeyIO           Load declarations of de.uka.ilkd.key.nparser.KeyAst$File:  <unknown>:1#1 
584180     INFO  Test worker     d.u.i.k.n.KeyIO           MODE: declarations took 0 ms 
584180     DEBUG Test worker     d.u.i.k.n.KeyIO           MODE: 2nd degree decls took 0 
584180     INFO  Test worker     d.u.i.k.n.KeyIO           Parsing took 0 ms 
584180     DEBUG Test worker     d.u.i.k.n.KeyIO           Load declarations of de.uka.ilkd.key.nparser.KeyAst$File:  <unknown>:1#1 
584180     INFO  Test worker     d.u.i.k.n.KeyIO           MODE: declarations took 0 ms 
584180     DEBUG Test worker     d.u.i.k.n.KeyIO           MODE: 2nd degree decls took 0 
584180     INFO  Test worker     d.u.i.k.n.KeyIO           Parsing took 0 ms 
584180     DEBUG Test worker     d.u.i.k.n.KeyIO           Load declarations of de.uka.ilkd.key.nparser.KeyAst$File:  <unknown>:1#1 
584180     INFO  Test worker     d.u.i.k.n.KeyIO           MODE: declarations took 0 ms 
584180     DEBUG Test worker     d.u.i.k.n.KeyIO           MODE: 2nd degree decls took 0 
589316     INFO  Test worker     d.u.i.k.n.KeyIO           Parsing took 0 ms 
589316     DEBUG Test worker     d.u.i.k.n.KeyIO           Load declarations of de.uka.ilkd.key.nparser.KeyAst$File:  <unknown>:1#1 
589316     INFO  Test worker     d.u.i.k.n.KeyIO           MODE: declarations took 0 ms 
589316     DEBUG Test worker     d.u.i.k.n.KeyIO           MODE: 2nd degree decls took 0 
589316     INFO  Test worker     d.u.i.k.n.KeyIO           Parsing took 0 ms 
589316     DEBUG Test worker     d.u.i.k.n.KeyIO           Load declarations of de.uka.ilkd.key.nparser.KeyAst$File:  <unknown>:1#1 
589332     INFO  Test worker     d.u.i.k.n.KeyIO           MODE: declarations took 16 ms 
589332     DEBUG Test worker     d.u.i.k.n.KeyIO           MODE: 2nd degree decls took 0 
589332     INFO  Test worker     d.u.i.k.n.KeyIO           Parsing took 0 ms 
589332     DEBUG Test worker     d.u.i.k.n.KeyIO           Load declarations of de.uka.ilkd.key.nparser.KeyAst$File:  <unknown>:1#1 
589332     INFO  Test worker     d.u.i.k.n.KeyIO           MODE: declarations took 0 ms 
589332     DEBUG Test worker     d.u.i.k.n.KeyIO           MODE: 2nd degree decls took 0 
589332     INFO  Test worker     d.u.i.k.n.KeyIO           Parsing took 0 ms 
589332     DEBUG Test worker     d.u.i.k.n.KeyIO           Load declarations of de.uka.ilkd.key.nparser.KeyAst$File:  <unknown>:1#1 
589332     INFO  Test worker     d.u.i.k.n.KeyIO           MODE: declarations took 0 ms 
589332     DEBUG Test worker     d.u.i.k.n.KeyIO           MODE: 2nd degree decls took 0 
589332     INFO  Test worker     d.u.i.k.n.KeyIO           Parsing took 0 ms 
589332     DEBUG Test worker     d.u.i.k.n.KeyIO           Load declarations of de.uka.ilkd.key.nparser.KeyAst$File:  <unknown>:1#1 
589332     INFO  Test worker     d.u.i.k.n.KeyIO           MODE: declarations took 0 ms 
589332     DEBUG Test worker     d.u.i.k.n.KeyIO           MODE: 2nd degree decls took 0 
594403     INFO  Test worker     d.u.i.k.n.KeyIO           Parsing took 0 ms 
594403     DEBUG Test worker     d.u.i.k.n.KeyIO           Load declarations of de.uka.ilkd.key.nparser.KeyAst$File:  <unknown>:1#1 
594403     INFO  Test worker     d.u.i.k.n.KeyIO           MODE: declarations took 0 ms 
594403     DEBUG Test worker     d.u.i.k.n.KeyIO           MODE: 2nd degree decls took 0 
594403     INFO  Test worker     d.u.i.k.n.KeyIO           Parsing took 0 ms 
594403     DEBUG Test worker     d.u.i.k.n.KeyIO           Load declarations of de.uka.ilkd.key.nparser.KeyAst$File:  <unknown>:1#1 
594403     INFO  Test worker     d.u.i.k.n.KeyIO           MODE: declarations took 0 ms 
594403     DEBUG Test worker     d.u.i.k.n.KeyIO           MODE: 2nd degree decls took 0 
594403     INFO  Test worker     d.u.i.k.n.KeyIO           Parsing took 0 ms 
594403     DEBUG Test worker     d.u.i.k.n.KeyIO           Load declarations of de.uka.ilkd.key.nparser.KeyAst$File:  <unknown>:1#1 
594403     INFO  Test worker     d.u.i.k.n.KeyIO           MODE: declarations took 0 ms 
594403     DEBUG Test worker     d.u.i.k.n.KeyIO           MODE: 2nd degree decls took 0 
594403     INFO  Test worker     d.u.i.k.n.KeyIO           Parsing took 0 ms 
594403     DEBUG Test worker     d.u.i.k.n.KeyIO           Load declarations of de.uka.ilkd.key.nparser.KeyAst$File:  <unknown>:1#1 
594403     INFO  Test worker     d.u.i.k.n.KeyIO           MODE: declarations took 0 ms 
594403     DEBUG Test worker     d.u.i.k.n.KeyIO           MODE: 2nd degree decls took 0 
594403     INFO  Test worker     d.u.i.k.n.KeyIO           Parsing took 0 ms 
594403     DEBUG Test worker     d.u.i.k.n.KeyIO           Load declarations of de.uka.ilkd.key.nparser.KeyAst$File:  <unknown>:1#1 
594403     INFO  Test worker     d.u.i.k.n.KeyIO           MODE: declarations took 0 ms 
594403     DEBUG Test worker     d.u.i.k.n.KeyIO           MODE: 2nd degree decls took 0 
599578     INFO  Test worker     d.u.i.k.n.KeyIO           Parsing took 0 ms 
599578     DEBUG Test worker     d.u.i.k.n.KeyIO           Load declarations of de.uka.ilkd.key.nparser.KeyAst$File:  <unknown>:1#1 
599578     INFO  Test worker     d.u.i.k.n.KeyIO           MODE: declarations took 0 ms 
599578     DEBUG Test worker     d.u.i.k.n.KeyIO           MODE: 2nd degree decls took 0 
599578     INFO  Test worker     d.u.i.k.n.KeyIO           Parsing took 0 ms 
599578     DEBUG Test worker     d.u.i.k.n.KeyIO           Load declarations of de.uka.ilkd.key.nparser.KeyAst$File:  <unknown>:1#1 
599578     INFO  Test worker     d.u.i.k.n.KeyIO           MODE: declarations took 0 ms 
599578     DEBUG Test worker     d.u.i.k.n.KeyIO           MODE: 2nd degree decls took 0 
599578     INFO  Test worker     d.u.i.k.n.KeyIO           Parsing took 0 ms 
599578     DEBUG Test worker     d.u.i.k.n.KeyIO           Load declarations of de.uka.ilkd.key.nparser.KeyAst$File:  <unknown>:1#1 
599578     INFO  Test worker     d.u.i.k.n.KeyIO           MODE: declarations took 0 ms 
599578     DEBUG Test worker     d.u.i.k.n.KeyIO           MODE: 2nd degree decls took 0 
599578     INFO  Test worker     d.u.i.k.n.KeyIO           Parsing took 0 ms 
599578     DEBUG Test worker     d.u.i.k.n.KeyIO           Load declarations of de.uka.ilkd.key.nparser.KeyAst$File:  <unknown>:1#1 
599578     INFO  Test worker     d.u.i.k.n.KeyIO           MODE: declarations took 0 ms 
599578     DEBUG Test worker     d.u.i.k.n.KeyIO           MODE: 2nd degree decls took 0 
599578     INFO  Test worker     d.u.i.k.n.KeyIO           Parsing took 0 ms 
599578     DEBUG Test worker     d.u.i.k.n.KeyIO           Load declarations of de.uka.ilkd.key.nparser.KeyAst$File:  <unknown>:1#1 
599578     INFO  Test worker     d.u.i.k.n.KeyIO           MODE: declarations took 0 ms 
599578     DEBUG Test worker     d.u.i.k.n.KeyIO           MODE: 2nd degree decls took 0 
604740     INFO  Test worker     d.u.i.k.n.KeyIO           Parsing took 0 ms 
604740     DEBUG Test worker     d.u.i.k.n.KeyIO           Load declarations of de.uka.ilkd.key.nparser.KeyAst$File:  <unknown>:1#1 
604740     INFO  Test worker     d.u.i.k.n.KeyIO           MODE: declarations took 0 ms 
604740     DEBUG Test worker     d.u.i.k.n.KeyIO           MODE: 2nd degree decls took 0 
604740     INFO  Test worker     d.u.i.k.n.KeyIO           Parsing took 0 ms 
604740     DEBUG Test worker     d.u.i.k.n.KeyIO           Load declarations of de.uka.ilkd.key.nparser.KeyAst$File:  <unknown>:1#1 
604740     INFO  Test worker     d.u.i.k.n.KeyIO           MODE: declarations took 0 ms 
604740     DEBUG Test worker     d.u.i.k.n.KeyIO           MODE: 2nd degree decls took 0 
604740     INFO  Test worker     d.u.i.k.n.KeyIO           Parsing took 0 ms 
604740     DEBUG Test worker     d.u.i.k.n.KeyIO           Load declarations of de.uka.ilkd.key.nparser.KeyAst$File:  <unknown>:1#1 
604740     INFO  Test worker     d.u.i.k.n.KeyIO           MODE: declarations took 0 ms 
604740     DEBUG Test worker     d.u.i.k.n.KeyIO           MODE: 2nd degree decls took 0 
604740     INFO  Test worker     d.u.i.k.n.KeyIO           Parsing took 0 ms 
604740     DEBUG Test worker     d.u.i.k.n.KeyIO           Load declarations of de.uka.ilkd.key.nparser.KeyAst$File:  <unknown>:1#1 
604740     INFO  Test worker     d.u.i.k.n.KeyIO           MODE: declarations took 0 ms 
604740     DEBUG Test worker     d.u.i.k.n.KeyIO           MODE: 2nd degree decls took 0 
604740     INFO  Test worker     d.u.i.k.n.KeyIO           Parsing took 0 ms 
604740     DEBUG Test worker     d.u.i.k.n.KeyIO           Load declarations of de.uka.ilkd.key.nparser.KeyAst$File:  <unknown>:1#1 
604740     INFO  Test worker     d.u.i.k.n.KeyIO           MODE: declarations took 0 ms 
604740     DEBUG Test worker     d.u.i.k.n.KeyIO           MODE: 2nd degree decls took 0 
609846     INFO  Test worker     d.u.i.k.n.KeyIO           Parsing took 0 ms 
609846     DEBUG Test worker     d.u.i.k.n.KeyIO           Load declarations of de.uka.ilkd.key.nparser.KeyAst$File:  <unknown>:1#1 
609846     INFO  Test worker     d.u.i.k.n.KeyIO           MODE: declarations took 0 ms 
609846     DEBUG Test worker     d.u.i.k.n.KeyIO           MODE: 2nd degree decls took 0 
609846     INFO  Test worker     d.u.i.k.n.KeyIO           Parsing took 0 ms 
609846     DEBUG Test worker     d.u.i.k.n.KeyIO           Load declarations of de.uka.ilkd.key.nparser.KeyAst$File:  <unknown>:1#1 
609846     INFO  Test worker     d.u.i.k.n.KeyIO           MODE: declarations took 0 ms 
609846     DEBUG Test worker     d.u.i.k.n.KeyIO           MODE: 2nd degree decls took 0 
609846     INFO  Test worker     d.u.i.k.n.KeyIO           Parsing took 0 ms 
609846     DEBUG Test worker     d.u.i.k.n.KeyIO           Load declarations of de.uka.ilkd.key.nparser.KeyAst$File:  <unknown>:1#1 
609846     INFO  Test worker     d.u.i.k.n.KeyIO           MODE: declarations took 0 ms 
609846     DEBUG Test worker     d.u.i.k.n.KeyIO           MODE: 2nd degree decls took 0 
609846     INFO  Test worker     d.u.i.k.n.KeyIO           Parsing took 0 ms 
609846     DEBUG Test worker     d.u.i.k.n.KeyIO           Load declarations of de.uka.ilkd.key.nparser.KeyAst$File:  <unknown>:1#1 
609846     INFO  Test worker     d.u.i.k.n.KeyIO           MODE: declarations took 0 ms 
609846     DEBUG Test worker     d.u.i.k.n.KeyIO           MODE: 2nd degree decls took 0 
609846     INFO  Test worker     d.u.i.k.n.KeyIO           Parsing took 0 ms 
609846     DEBUG Test worker     d.u.i.k.n.KeyIO           Load declarations of de.uka.ilkd.key.nparser.KeyAst$File:  <unknown>:1#1 
609846     INFO  Test worker     d.u.i.k.n.KeyIO           MODE: declarations took 0 ms 
609846     DEBUG Test worker     d.u.i.k.n.KeyIO           MODE: 2nd degree decls took 0 
614999     INFO  Test worker     d.u.i.k.n.KeyIO           Parsing took 0 ms 
614999     DEBUG Test worker     d.u.i.k.n.KeyIO           Load declarations of de.uka.ilkd.key.nparser.KeyAst$File:  <unknown>:1#1 
614999     INFO  Test worker     d.u.i.k.n.KeyIO           MODE: declarations took 0 ms 
614999     DEBUG Test worker     d.u.i.k.n.KeyIO           MODE: 2nd degree decls took 0 
614999     INFO  Test worker     d.u.i.k.n.KeyIO           Parsing took 0 ms 
614999     DEBUG Test worker     d.u.i.k.n.KeyIO           Load declarations of de.uka.ilkd.key.nparser.KeyAst$File:  <unknown>:1#1 
614999     INFO  Test worker     d.u.i.k.n.KeyIO           MODE: declarations took 0 ms 
614999     DEBUG Test worker     d.u.i.k.n.KeyIO           MODE: 2nd degree decls took 0 
614999     INFO  Test worker     d.u.i.k.n.KeyIO           Parsing took 0 ms 
614999     DEBUG Test worker     d.u.i.k.n.KeyIO           Load declarations of de.uka.ilkd.key.nparser.KeyAst$File:  <unknown>:1#1 
614999     INFO  Test worker     d.u.i.k.n.KeyIO           MODE: declarations took 0 ms 
614999     DEBUG Test worker     d.u.i.k.n.KeyIO           MODE: 2nd degree decls took 0 
614999     INFO  Test worker     d.u.i.k.n.KeyIO           Parsing took 0 ms 
614999     DEBUG Test worker     d.u.i.k.n.KeyIO           Load declarations of de.uka.ilkd.key.nparser.KeyAst$File:  <unknown>:1#1 
614999     INFO  Test worker     d.u.i.k.n.KeyIO           MODE: declarations took 0 ms 
614999     DEBUG Test worker     d.u.i.k.n.KeyIO           MODE: 2nd degree decls took 0 
614999     INFO  Test worker     d.u.i.k.n.KeyIO           Parsing took 0 ms 
614999     DEBUG Test worker     d.u.i.k.n.KeyIO           Load declarations of de.uka.ilkd.key.nparser.KeyAst$File:  <unknown>:1#1 
614999     INFO  Test worker     d.u.i.k.n.KeyIO           MODE: declarations took 0 ms 
614999     DEBUG Test worker     d.u.i.k.n.KeyIO           MODE: 2nd degree decls took 0 
620208     INFO  Test worker     d.u.i.k.n.KeyIO           Parsing took 0 ms 
620208     DEBUG Test worker     d.u.i.k.n.KeyIO           Load declarations of de.uka.ilkd.key.nparser.KeyAst$File:  <unknown>:1#1 
620208     INFO  Test worker     d.u.i.k.n.KeyIO           MODE: declarations took 0 ms 
620208     DEBUG Test worker     d.u.i.k.n.KeyIO           MODE: 2nd degree decls took 0 
620208     INFO  Test worker     d.u.i.k.n.KeyIO           Parsing took 0 ms 
620208     DEBUG Test worker     d.u.i.k.n.KeyIO           Load declarations of de.uka.ilkd.key.nparser.KeyAst$File:  <unknown>:1#1 
620224     INFO  Test worker     d.u.i.k.n.KeyIO           MODE: declarations took 16 ms 
620224     DEBUG Test worker     d.u.i.k.n.KeyIO           MODE: 2nd degree decls took 0 
620224     INFO  Test worker     d.u.i.k.n.KeyIO           Parsing took 0 ms 
620224     DEBUG Test worker     d.u.i.k.n.KeyIO           Load declarations of de.uka.ilkd.key.nparser.KeyAst$File:  <unknown>:1#1 
620224     INFO  Test worker     d.u.i.k.n.KeyIO           MODE: declarations took 0 ms 
620224     DEBUG Test worker     d.u.i.k.n.KeyIO           MODE: 2nd degree decls took 0 
620224     INFO  Test worker     d.u.i.k.n.KeyIO           Parsing took 0 ms 
620224     DEBUG Test worker     d.u.i.k.n.KeyIO           Load declarations of de.uka.ilkd.key.nparser.KeyAst$File:  <unknown>:1#1 
620224     INFO  Test worker     d.u.i.k.n.KeyIO           MODE: declarations took 0 ms 
620224     DEBUG Test worker     d.u.i.k.n.KeyIO           MODE: 2nd degree decls took 0 
620224     INFO  Test worker     d.u.i.k.n.KeyIO           Parsing took 0 ms 
620224     DEBUG Test worker     d.u.i.k.n.KeyIO           Load declarations of de.uka.ilkd.key.nparser.KeyAst$File:  <unknown>:1#1 
620224     INFO  Test worker     d.u.i.k.n.KeyIO           MODE: declarations took 0 ms 
620224     DEBUG Test worker     d.u.i.k.n.KeyIO           MODE: 2nd degree decls took 0 
625437     INFO  Test worker     d.u.i.k.n.KeyIO           Parsing took 0 ms 
625437     DEBUG Test worker     d.u.i.k.n.KeyIO           Load declarations of de.uka.ilkd.key.nparser.KeyAst$File:  <unknown>:1#1 
625437     INFO  Test worker     d.u.i.k.n.KeyIO           MODE: declarations took 0 ms 
625437     DEBUG Test worker     d.u.i.k.n.KeyIO           MODE: 2nd degree decls took 0 
625437     INFO  Test worker     d.u.i.k.n.KeyIO           Parsing took 0 ms 
625437     DEBUG Test worker     d.u.i.k.n.KeyIO           Load declarations of de.uka.ilkd.key.nparser.KeyAst$File:  <unknown>:1#1 
625437     INFO  Test worker     d.u.i.k.n.KeyIO           MODE: declarations took 0 ms 
625437     DEBUG Test worker     d.u.i.k.n.KeyIO           MODE: 2nd degree decls took 0 
625437     INFO  Test worker     d.u.i.k.n.KeyIO           Parsing took 0 ms 
625437     DEBUG Test worker     d.u.i.k.n.KeyIO           Load declarations of de.uka.ilkd.key.nparser.KeyAst$File:  <unknown>:1#1 
625437     INFO  Test worker     d.u.i.k.n.KeyIO           MODE: declarations took 0 ms 
625437     DEBUG Test worker     d.u.i.k.n.KeyIO           MODE: 2nd degree decls took 0 
625437     INFO  Test worker     d.u.i.k.n.KeyIO           Parsing took 0 ms 
625437     DEBUG Test worker     d.u.i.k.n.KeyIO           Load declarations of de.uka.ilkd.key.nparser.KeyAst$File:  <unknown>:1#1 
625437     INFO  Test worker     d.u.i.k.n.KeyIO           MODE: declarations took 0 ms 
625437     DEBUG Test worker     d.u.i.k.n.KeyIO           MODE: 2nd degree decls took 0 
625437     INFO  Test worker     d.u.i.k.n.KeyIO           Parsing took 0 ms 
625437     DEBUG Test worker     d.u.i.k.n.KeyIO           Load declarations of de.uka.ilkd.key.nparser.KeyAst$File:  <unknown>:1#1 
625437     INFO  Test worker     d.u.i.k.n.KeyIO           MODE: declarations took 0 ms 
625437     DEBUG Test worker     d.u.i.k.n.KeyIO           MODE: 2nd degree decls took 0 
631035     INFO  Test worker     d.u.i.k.n.KeyIO           Parsing took 0 ms 
631035     DEBUG Test worker     d.u.i.k.n.KeyIO           Load declarations of de.uka.ilkd.key.nparser.KeyAst$File:  <unknown>:1#1 
631035     INFO  Test worker     d.u.i.k.n.KeyIO           MODE: declarations took 0 ms 
631035     DEBUG Test worker     d.u.i.k.n.KeyIO           MODE: 2nd degree decls took 0 
631035     INFO  Test worker     d.u.i.k.n.KeyIO           Parsing took 0 ms 
631035     DEBUG Test worker     d.u.i.k.n.KeyIO           Load declarations of de.uka.ilkd.key.nparser.KeyAst$File:  <unknown>:1#1 
631035     INFO  Test worker     d.u.i.k.n.KeyIO           MODE: declarations took 0 ms 
631035     DEBUG Test worker     d.u.i.k.n.KeyIO           MODE: 2nd degree decls took 0 
631035     INFO  Test worker     d.u.i.k.n.KeyIO           Parsing took 0 ms 
631035     DEBUG Test worker     d.u.i.k.n.KeyIO           Load declarations of de.uka.ilkd.key.nparser.KeyAst$File:  <unknown>:1#1 
631035     INFO  Test worker     d.u.i.k.n.KeyIO           MODE: declarations took 0 ms 
631035     DEBUG Test worker     d.u.i.k.n.KeyIO           MODE: 2nd degree decls took 0 
631035     INFO  Test worker     d.u.i.k.n.KeyIO           Parsing took 0 ms 
631035     DEBUG Test worker     d.u.i.k.n.KeyIO           Load declarations of de.uka.ilkd.key.nparser.KeyAst$File:  <unknown>:1#1 
631035     INFO  Test worker     d.u.i.k.n.KeyIO           MODE: declarations took 0 ms 
631035     DEBUG Test worker     d.u.i.k.n.KeyIO           MODE: 2nd degree decls took 0 
631035     INFO  Test worker     d.u.i.k.n.KeyIO           Parsing took 0 ms 
631035     DEBUG Test worker     d.u.i.k.n.KeyIO           Load declarations of de.uka.ilkd.key.nparser.KeyAst$File:  <unknown>:1#1 
631035     INFO  Test worker     d.u.i.k.n.KeyIO           MODE: declarations took 0 ms 
631035     DEBUG Test worker     d.u.i.k.n.KeyIO           MODE: 2nd degree decls took 0 
636496     INFO  Test worker     d.u.i.k.n.KeyIO           Parsing took 0 ms 
636496     DEBUG Test worker     d.u.i.k.n.KeyIO           Load declarations of de.uka.ilkd.key.nparser.KeyAst$File:  <unknown>:1#1 
636496     INFO  Test worker     d.u.i.k.n.KeyIO           MODE: declarations took 0 ms 
636496     DEBUG Test worker     d.u.i.k.n.KeyIO           MODE: 2nd degree decls took 0 
636496     INFO  Test worker     d.u.i.k.n.KeyIO           Parsing took 0 ms 
636496     DEBUG Test worker     d.u.i.k.n.KeyIO           Load declarations of de.uka.ilkd.key.nparser.KeyAst$File:  <unknown>:1#1 
636496     INFO  Test worker     d.u.i.k.n.KeyIO           MODE: declarations took 0 ms 
636496     DEBUG Test worker     d.u.i.k.n.KeyIO           MODE: 2nd degree decls took 0 
636496     INFO  Test worker     d.u.i.k.n.KeyIO           Parsing took 0 ms 
636496     DEBUG Test worker     d.u.i.k.n.KeyIO           Load declarations of de.uka.ilkd.key.nparser.KeyAst$File:  <unknown>:1#1 
636496     INFO  Test worker     d.u.i.k.n.KeyIO           MODE: declarations took 0 ms 
636496     DEBUG Test worker     d.u.i.k.n.KeyIO           MODE: 2nd degree decls took 0 
636496     INFO  Test worker     d.u.i.k.n.KeyIO           Parsing took 0 ms 
636496     DEBUG Test worker     d.u.i.k.n.KeyIO           Load declarations of de.uka.ilkd.key.nparser.KeyAst$File:  <unknown>:1#1 
636496     INFO  Test worker     d.u.i.k.n.KeyIO           MODE: declarations took 0 ms 
636496     DEBUG Test worker     d.u.i.k.n.KeyIO           MODE: 2nd degree decls took 0 
636496     INFO  Test worker     d.u.i.k.n.KeyIO           Parsing took 0 ms 
636496     DEBUG Test worker     d.u.i.k.n.KeyIO           Load declarations of de.uka.ilkd.key.nparser.KeyAst$File:  <unknown>:1#1 
636496     INFO  Test worker     d.u.i.k.n.KeyIO           MODE: declarations took 0 ms 
636496     DEBUG Test worker     d.u.i.k.n.KeyIO           MODE: 2nd degree decls took 0 
641990     INFO  Test worker     d.u.i.k.n.KeyIO           Parsing took 0 ms 
641990     DEBUG Test worker     d.u.i.k.n.KeyIO           Load declarations of de.uka.ilkd.key.nparser.KeyAst$File:  <unknown>:1#1 
641990     INFO  Test worker     d.u.i.k.n.KeyIO           MODE: declarations took 0 ms 
641990     DEBUG Test worker     d.u.i.k.n.KeyIO           MODE: 2nd degree decls took 0 
641990     INFO  Test worker     d.u.i.k.n.KeyIO           Parsing took 0 ms 
641990     DEBUG Test worker     d.u.i.k.n.KeyIO           Load declarations of de.uka.ilkd.key.nparser.KeyAst$File:  <unknown>:1#1 
641990     INFO  Test worker     d.u.i.k.n.KeyIO           MODE: declarations took 0 ms 
641990     DEBUG Test worker     d.u.i.k.n.KeyIO           MODE: 2nd degree decls took 0 
641990     INFO  Test worker     d.u.i.k.n.KeyIO           Parsing took 0 ms 
641990     DEBUG Test worker     d.u.i.k.n.KeyIO           Load declarations of de.uka.ilkd.key.nparser.KeyAst$File:  <unknown>:1#1 
641990     INFO  Test worker     d.u.i.k.n.KeyIO           MODE: declarations took 0 ms 
641990     DEBUG Test worker     d.u.i.k.n.KeyIO           MODE: 2nd degree decls took 0 
641990     INFO  Test worker     d.u.i.k.n.KeyIO           Parsing took 0 ms 
641990     DEBUG Test worker     d.u.i.k.n.KeyIO           Load declarations of de.uka.ilkd.key.nparser.KeyAst$File:  <unknown>:1#1 
641990     INFO  Test worker     d.u.i.k.n.KeyIO           MODE: declarations took 0 ms 
641990     DEBUG Test worker     d.u.i.k.n.KeyIO           MODE: 2nd degree decls took 0 
641990     INFO  Test worker     d.u.i.k.n.KeyIO           Parsing took 0 ms 
641990     DEBUG Test worker     d.u.i.k.n.KeyIO           Load declarations of de.uka.ilkd.key.nparser.KeyAst$File:  <unknown>:1#1 
641990     INFO  Test worker     d.u.i.k.n.KeyIO           MODE: declarations took 0 ms 
641990     DEBUG Test worker     d.u.i.k.n.KeyIO           MODE: 2nd degree decls took 0 
641990     WARN  Test worker     d.u.i.k.n.KeYParser       [syntax-error] <unknown>:1:11: mismatched input '@' expecting {'/', ':=', '.', '(', ')', '{', '[', '@', PARALLEL, OR, AND, IMP, '=', NOT_EQUALS, '%', '*', '-', '+', '>', GREATEREQUAL, '<', LESSEQUAL, LGUILLEMETS, EQV} [@11,11:11='@',<153>,1:11] (termEOF) 
647773     INFO  Test worker     d.u.i.k.n.KeyIO           Parsing took 0 ms 
647773     DEBUG Test worker     d.u.i.k.n.KeyIO           Load declarations of de.uka.ilkd.key.nparser.KeyAst$File:  <unknown>:1#1 
647773     INFO  Test worker     d.u.i.k.n.KeyIO           MODE: declarations took 0 ms 
647773     DEBUG Test worker     d.u.i.k.n.KeyIO           MODE: 2nd degree decls took 0 
647773     INFO  Test worker     d.u.i.k.n.KeyIO           Parsing took 0 ms 
647773     DEBUG Test worker     d.u.i.k.n.KeyIO           Load declarations of de.uka.ilkd.key.nparser.KeyAst$File:  <unknown>:1#1 
647773     INFO  Test worker     d.u.i.k.n.KeyIO           MODE: declarations took 0 ms 
647773     DEBUG Test worker     d.u.i.k.n.KeyIO           MODE: 2nd degree decls took 0 
647773     INFO  Test worker     d.u.i.k.n.KeyIO           Parsing took 0 ms 
647773     DEBUG Test worker     d.u.i.k.n.KeyIO           Load declarations of de.uka.ilkd.key.nparser.KeyAst$File:  <unknown>:1#1 
647773     INFO  Test worker     d.u.i.k.n.KeyIO           MODE: declarations took 0 ms 
647773     DEBUG Test worker     d.u.i.k.n.KeyIO           MODE: 2nd degree decls took 0 
647773     INFO  Test worker     d.u.i.k.n.KeyIO           Parsing took 0 ms 
647773     DEBUG Test worker     d.u.i.k.n.KeyIO           Load declarations of de.uka.ilkd.key.nparser.KeyAst$File:  <unknown>:1#1 
647773     INFO  Test worker     d.u.i.k.n.KeyIO           MODE: declarations took 0 ms 
647773     DEBUG Test worker     d.u.i.k.n.KeyIO           MODE: 2nd degree decls took 0 
647773     INFO  Test worker     d.u.i.k.n.KeyIO           Parsing took 0 ms 
647773     DEBUG Test worker     d.u.i.k.n.KeyIO           Load declarations of de.uka.ilkd.key.nparser.KeyAst$File:  <unknown>:1#1 
647773     INFO  Test worker     d.u.i.k.n.KeyIO           MODE: declarations took 0 ms 
647773     DEBUG Test worker     d.u.i.k.n.KeyIO           MODE: 2nd degree decls took 0 
653427     INFO  Test worker     d.u.i.k.n.KeyIO           Parsing took 0 ms 
653427     DEBUG Test worker     d.u.i.k.n.KeyIO           Load declarations of de.uka.ilkd.key.nparser.KeyAst$File:  <unknown>:1#1 
653427     INFO  Test worker     d.u.i.k.n.KeyIO           MODE: declarations took 0 ms 
653427     DEBUG Test worker     d.u.i.k.n.KeyIO           MODE: 2nd degree decls took 0 
653427     INFO  Test worker     d.u.i.k.n.KeyIO           Parsing took 0 ms 
653427     DEBUG Test worker     d.u.i.k.n.KeyIO           Load declarations of de.uka.ilkd.key.nparser.KeyAst$File:  <unknown>:1#1 
653427     INFO  Test worker     d.u.i.k.n.KeyIO           MODE: declarations took 0 ms 
653427     DEBUG Test worker     d.u.i.k.n.KeyIO           MODE: 2nd degree decls took 0 
653427     INFO  Test worker     d.u.i.k.n.KeyIO           Parsing took 0 ms 
653427     DEBUG Test worker     d.u.i.k.n.KeyIO           Load declarations of de.uka.ilkd.key.nparser.KeyAst$File:  <unknown>:1#1 
653427     INFO  Test worker     d.u.i.k.n.KeyIO           MODE: declarations took 0 ms 
653427     DEBUG Test worker     d.u.i.k.n.KeyIO           MODE: 2nd degree decls took 0 
653427     INFO  Test worker     d.u.i.k.n.KeyIO           Parsing took 0 ms 
653427     DEBUG Test worker     d.u.i.k.n.KeyIO           Load declarations of de.uka.ilkd.key.nparser.KeyAst$File:  <unknown>:1#1 
653427     INFO  Test worker     d.u.i.k.n.KeyIO           MODE: declarations took 0 ms 
653427     DEBUG Test worker     d.u.i.k.n.KeyIO           MODE: 2nd degree decls took 0 
653427     INFO  Test worker     d.u.i.k.n.KeyIO           Parsing took 0 ms 
653427     DEBUG Test worker     d.u.i.k.n.KeyIO           Load declarations of de.uka.ilkd.key.nparser.KeyAst$File:  <unknown>:1#1 
653427     INFO  Test worker     d.u.i.k.n.KeyIO           MODE: declarations took 0 ms 
653427     DEBUG Test worker     d.u.i.k.n.KeyIO           MODE: 2nd degree decls took 0 
659056     INFO  Test worker     d.u.i.k.n.KeyIO           Parsing took 0 ms 
659056     DEBUG Test worker     d.u.i.k.n.KeyIO           Load declarations of de.uka.ilkd.key.nparser.KeyAst$File:  <unknown>:1#1 
659056     INFO  Test worker     d.u.i.k.n.KeyIO           MODE: declarations took 0 ms 
659056     DEBUG Test worker     d.u.i.k.n.KeyIO           MODE: 2nd degree decls took 0 
659056     INFO  Test worker     d.u.i.k.n.KeyIO           Parsing took 0 ms 
659056     DEBUG Test worker     d.u.i.k.n.KeyIO           Load declarations of de.uka.ilkd.key.nparser.KeyAst$File:  <unknown>:1#1 
659056     INFO  Test worker     d.u.i.k.n.KeyIO           MODE: declarations took 0 ms 
659056     DEBUG Test worker     d.u.i.k.n.KeyIO           MODE: 2nd degree decls took 0 
659056     INFO  Test worker     d.u.i.k.n.KeyIO           Parsing took 0 ms 
659071     DEBUG Test worker     d.u.i.k.n.KeyIO           Load declarations of de.uka.ilkd.key.nparser.KeyAst$File:  <unknown>:1#1 
659071     INFO  Test worker     d.u.i.k.n.KeyIO           MODE: declarations took 0 ms 
659071     DEBUG Test worker     d.u.i.k.n.KeyIO           MODE: 2nd degree decls took 0 
659071     INFO  Test worker     d.u.i.k.n.KeyIO           Parsing took 0 ms 
659071     DEBUG Test worker     d.u.i.k.n.KeyIO           Load declarations of de.uka.ilkd.key.nparser.KeyAst$File:  <unknown>:1#1 
659071     INFO  Test worker     d.u.i.k.n.KeyIO           MODE: declarations took 0 ms 
659071     DEBUG Test worker     d.u.i.k.n.KeyIO           MODE: 2nd degree decls took 0 
659071     INFO  Test worker     d.u.i.k.n.KeyIO           Parsing took 0 ms 
659071     DEBUG Test worker     d.u.i.k.n.KeyIO           Load declarations of de.uka.ilkd.key.nparser.KeyAst$File:  <unknown>:1#1 
659071     INFO  Test worker     d.u.i.k.n.KeyIO           MODE: declarations took 0 ms 
659071     DEBUG Test worker     d.u.i.k.n.KeyIO           MODE: 2nd degree decls took 0 
664646     INFO  Test worker     d.u.i.k.n.KeyIO           Parsing took 0 ms 
664646     DEBUG Test worker     d.u.i.k.n.KeyIO           Load declarations of de.uka.ilkd.key.nparser.KeyAst$File:  <unknown>:1#1 
664646     INFO  Test worker     d.u.i.k.n.KeyIO           MODE: declarations took 0 ms 
664646     DEBUG Test worker     d.u.i.k.n.KeyIO           MODE: 2nd degree decls took 0 
664646     INFO  Test worker     d.u.i.k.n.KeyIO           Parsing took 0 ms 
664646     DEBUG Test worker     d.u.i.k.n.KeyIO           Load declarations of de.uka.ilkd.key.nparser.KeyAst$File:  <unknown>:1#1 
664646     INFO  Test worker     d.u.i.k.n.KeyIO           MODE: declarations took 0 ms 
664646     DEBUG Test worker     d.u.i.k.n.KeyIO           MODE: 2nd degree decls took 0 
664646     INFO  Test worker     d.u.i.k.n.KeyIO           Parsing took 0 ms 
664646     DEBUG Test worker     d.u.i.k.n.KeyIO           Load declarations of de.uka.ilkd.key.nparser.KeyAst$File:  <unknown>:1#1 
664646     INFO  Test worker     d.u.i.k.n.KeyIO           MODE: declarations took 0 ms 
664646     DEBUG Test worker     d.u.i.k.n.KeyIO           MODE: 2nd degree decls took 0 
664646     INFO  Test worker     d.u.i.k.n.KeyIO           Parsing took 0 ms 
664646     DEBUG Test worker     d.u.i.k.n.KeyIO           Load declarations of de.uka.ilkd.key.nparser.KeyAst$File:  <unknown>:1#1 
664646     INFO  Test worker     d.u.i.k.n.KeyIO           MODE: declarations took 0 ms 
664646     DEBUG Test worker     d.u.i.k.n.KeyIO           MODE: 2nd degree decls took 0 
664646     INFO  Test worker     d.u.i.k.n.KeyIO           Parsing took 0 ms 
664646     DEBUG Test worker     d.u.i.k.n.KeyIO           Load declarations of de.uka.ilkd.key.nparser.KeyAst$File:  <unknown>:1#1 
664646     INFO  Test worker     d.u.i.k.n.KeyIO           MODE: declarations took 0 ms 
664646     DEBUG Test worker     d.u.i.k.n.KeyIO           MODE: 2nd degree decls took 0 
670080     INFO  Test worker     d.u.i.k.n.KeyIO           Parsing took 0 ms 
670080     DEBUG Test worker     d.u.i.k.n.KeyIO           Load declarations of de.uka.ilkd.key.nparser.KeyAst$File:  <unknown>:1#1 
670080     INFO  Test worker     d.u.i.k.n.KeyIO           MODE: declarations took 0 ms 
670080     DEBUG Test worker     d.u.i.k.n.KeyIO           MODE: 2nd degree decls took 0 
670080     INFO  Test worker     d.u.i.k.n.KeyIO           Parsing took 0 ms 
670080     DEBUG Test worker     d.u.i.k.n.KeyIO           Load declarations of de.uka.ilkd.key.nparser.KeyAst$File:  <unknown>:1#1 
670080     INFO  Test worker     d.u.i.k.n.KeyIO           MODE: declarations took 0 ms 
670080     DEBUG Test worker     d.u.i.k.n.KeyIO           MODE: 2nd degree decls took 0 
670080     INFO  Test worker     d.u.i.k.n.KeyIO           Parsing took 0 ms 
670080     DEBUG Test worker     d.u.i.k.n.KeyIO           Load declarations of de.uka.ilkd.key.nparser.KeyAst$File:  <unknown>:1#1 
670080     INFO  Test worker     d.u.i.k.n.KeyIO           MODE: declarations took 0 ms 
670080     DEBUG Test worker     d.u.i.k.n.KeyIO           MODE: 2nd degree decls took 0 
670080     INFO  Test worker     d.u.i.k.n.KeyIO           Parsing took 0 ms 
670080     DEBUG Test worker     d.u.i.k.n.KeyIO           Load declarations of de.uka.ilkd.key.nparser.KeyAst$File:  <unknown>:1#1 
670080     INFO  Test worker     d.u.i.k.n.KeyIO           MODE: declarations took 0 ms 
670080     DEBUG Test worker     d.u.i.k.n.KeyIO           MODE: 2nd degree decls took 0 
670080     INFO  Test worker     d.u.i.k.n.KeyIO           Parsing took 0 ms 
670080     DEBUG Test worker     d.u.i.k.n.KeyIO           Load declarations of de.uka.ilkd.key.nparser.KeyAst$File:  <unknown>:1#1 
670080     INFO  Test worker     d.u.i.k.n.KeyIO           MODE: declarations took 0 ms 
670080     DEBUG Test worker     d.u.i.k.n.KeyIO           MODE: 2nd degree decls took 0 
675590     INFO  Test worker     d.u.i.k.n.KeyIO           Parsing took 0 ms 
675590     DEBUG Test worker     d.u.i.k.n.KeyIO           Load declarations of de.uka.ilkd.key.nparser.KeyAst$File:  <unknown>:1#1 
675590     INFO  Test worker     d.u.i.k.n.KeyIO           MODE: declarations took 0 ms 
675590     DEBUG Test worker     d.u.i.k.n.KeyIO           MODE: 2nd degree decls took 0 
675590     INFO  Test worker     d.u.i.k.n.KeyIO           Parsing took 0 ms 
675590     DEBUG Test worker     d.u.i.k.n.KeyIO           Load declarations of de.uka.ilkd.key.nparser.KeyAst$File:  <unknown>:1#1 
675590     INFO  Test worker     d.u.i.k.n.KeyIO           MODE: declarations took 0 ms 
675590     DEBUG Test worker     d.u.i.k.n.KeyIO           MODE: 2nd degree decls took 0 
675590     INFO  Test worker     d.u.i.k.n.KeyIO           Parsing took 0 ms 
675590     DEBUG Test worker     d.u.i.k.n.KeyIO           Load declarations of de.uka.ilkd.key.nparser.KeyAst$File:  <unknown>:1#1 
675590     INFO  Test worker     d.u.i.k.n.KeyIO           MODE: declarations took 0 ms 
675590     DEBUG Test worker     d.u.i.k.n.KeyIO           MODE: 2nd degree decls took 0 
675590     INFO  Test worker     d.u.i.k.n.KeyIO           Parsing took 0 ms 
675590     DEBUG Test worker     d.u.i.k.n.KeyIO           Load declarations of de.uka.ilkd.key.nparser.KeyAst$File:  <unknown>:1#1 
675590     INFO  Test worker     d.u.i.k.n.KeyIO           MODE: declarations took 0 ms 
675590     DEBUG Test worker     d.u.i.k.n.KeyIO           MODE: 2nd degree decls took 0 
675590     INFO  Test worker     d.u.i.k.n.KeyIO           Parsing took 0 ms 
675590     DEBUG Test worker     d.u.i.k.n.KeyIO           Load declarations of de.uka.ilkd.key.nparser.KeyAst$File:  <unknown>:1#1 
675590     INFO  Test worker     d.u.i.k.n.KeyIO           MODE: declarations took 0 ms 
675590     DEBUG Test worker     d.u.i.k.n.KeyIO           MODE: 2nd degree decls took 0 
681033     INFO  Test worker     d.u.i.k.n.KeyIO           Parsing took 0 ms 
681033     DEBUG Test worker     d.u.i.k.n.KeyIO           Load declarations of de.uka.ilkd.key.nparser.KeyAst$File:  <unknown>:1#1 
681033     INFO  Test worker     d.u.i.k.n.KeyIO           MODE: declarations took 0 ms 
681033     DEBUG Test worker     d.u.i.k.n.KeyIO           MODE: 2nd degree decls took 0 
681033     INFO  Test worker     d.u.i.k.n.KeyIO           Parsing took 0 ms 
681033     DEBUG Test worker     d.u.i.k.n.KeyIO           Load declarations of de.uka.ilkd.key.nparser.KeyAst$File:  <unknown>:1#1 
681033     INFO  Test worker     d.u.i.k.n.KeyIO           MODE: declarations took 0 ms 
681033     DEBUG Test worker     d.u.i.k.n.KeyIO           MODE: 2nd degree decls took 0 
681033     INFO  Test worker     d.u.i.k.n.KeyIO           Parsing took 0 ms 
681033     DEBUG Test worker     d.u.i.k.n.KeyIO           Load declarations of de.uka.ilkd.key.nparser.KeyAst$File:  <unknown>:1#1 
681033     INFO  Test worker     d.u.i.k.n.KeyIO           MODE: declarations took 0 ms 
681033     DEBUG Test worker     d.u.i.k.n.KeyIO           MODE: 2nd degree decls took 0 
681033     INFO  Test worker     d.u.i.k.n.KeyIO           Parsing took 0 ms 
681033     DEBUG Test worker     d.u.i.k.n.KeyIO           Load declarations of de.uka.ilkd.key.nparser.KeyAst$File:  <unknown>:1#1 
681033     INFO  Test worker     d.u.i.k.n.KeyIO           MODE: declarations took 0 ms 
681033     DEBUG Test worker     d.u.i.k.n.KeyIO           MODE: 2nd degree decls took 0 
681033     INFO  Test worker     d.u.i.k.n.KeyIO           Parsing took 0 ms 
681033     DEBUG Test worker     d.u.i.k.n.KeyIO           Load declarations of de.uka.ilkd.key.nparser.KeyAst$File:  <unknown>:1#1 
681033     INFO  Test worker     d.u.i.k.n.KeyIO           MODE: declarations took 0 ms 
681033     DEBUG Test worker     d.u.i.k.n.KeyIO           MODE: 2nd degree decls took 0 
686466     INFO  Test worker     d.u.i.k.n.KeyIO           Parsing took 0 ms 
686466     DEBUG Test worker     d.u.i.k.n.KeyIO           Load declarations of de.uka.ilkd.key.nparser.KeyAst$File:  <unknown>:1#1 
686466     INFO  Test worker     d.u.i.k.n.KeyIO           MODE: declarations took 0 ms 
686466     DEBUG Test worker     d.u.i.k.n.KeyIO           MODE: 2nd degree decls took 0 
686466     INFO  Test worker     d.u.i.k.n.KeyIO           Parsing took 0 ms 
686466     DEBUG Test worker     d.u.i.k.n.KeyIO           Load declarations of de.uka.ilkd.key.nparser.KeyAst$File:  <unknown>:1#1 
686466     INFO  Test worker     d.u.i.k.n.KeyIO           MODE: declarations took 0 ms 
686466     DEBUG Test worker     d.u.i.k.n.KeyIO           MODE: 2nd degree decls took 0 
686466     INFO  Test worker     d.u.i.k.n.KeyIO           Parsing took 0 ms 
686466     DEBUG Test worker     d.u.i.k.n.KeyIO           Load declarations of de.uka.ilkd.key.nparser.KeyAst$File:  <unknown>:1#1 
686466     INFO  Test worker     d.u.i.k.n.KeyIO           MODE: declarations took 0 ms 
686466     DEBUG Test worker     d.u.i.k.n.KeyIO           MODE: 2nd degree decls took 0 
686466     INFO  Test worker     d.u.i.k.n.KeyIO           Parsing took 0 ms 
686466     DEBUG Test worker     d.u.i.k.n.KeyIO           Load declarations of de.uka.ilkd.key.nparser.KeyAst$File:  <unknown>:1#1 
686466     INFO  Test worker     d.u.i.k.n.KeyIO           MODE: declarations took 0 ms 
686466     DEBUG Test worker     d.u.i.k.n.KeyIO           MODE: 2nd degree decls took 0 
686466     INFO  Test worker     d.u.i.k.n.KeyIO           Parsing took 0 ms 
686466     DEBUG Test worker     d.u.i.k.n.KeyIO           Load declarations of de.uka.ilkd.key.nparser.KeyAst$File:  <unknown>:1#1 
686482     INFO  Test worker     d.u.i.k.n.KeyIO           MODE: declarations took 16 ms 
686482     DEBUG Test worker     d.u.i.k.n.KeyIO           MODE: 2nd degree decls took 0 
692055     INFO  Test worker     d.u.i.k.n.KeyIO           Parsing took 0 ms 
692055     DEBUG Test worker     d.u.i.k.n.KeyIO           Load declarations of de.uka.ilkd.key.nparser.KeyAst$File:  <unknown>:1#1 
692055     INFO  Test worker     d.u.i.k.n.KeyIO           MODE: declarations took 0 ms 
692055     DEBUG Test worker     d.u.i.k.n.KeyIO           MODE: 2nd degree decls took 0 
692055     INFO  Test worker     d.u.i.k.n.KeyIO           Parsing took 0 ms 
692055     DEBUG Test worker     d.u.i.k.n.KeyIO           Load declarations of de.uka.ilkd.key.nparser.KeyAst$File:  <unknown>:1#1 
692055     INFO  Test worker     d.u.i.k.n.KeyIO           MODE: declarations took 0 ms 
692055     DEBUG Test worker     d.u.i.k.n.KeyIO           MODE: 2nd degree decls took 0 
692055     INFO  Test worker     d.u.i.k.n.KeyIO           Parsing took 0 ms 
692055     DEBUG Test worker     d.u.i.k.n.KeyIO           Load declarations of de.uka.ilkd.key.nparser.KeyAst$File:  <unknown>:1#1 
692055     INFO  Test worker     d.u.i.k.n.KeyIO           MODE: declarations took 0 ms 
692055     DEBUG Test worker     d.u.i.k.n.KeyIO           MODE: 2nd degree decls took 0 
692055     INFO  Test worker     d.u.i.k.n.KeyIO           Parsing took 0 ms 
692055     DEBUG Test worker     d.u.i.k.n.KeyIO           Load declarations of de.uka.ilkd.key.nparser.KeyAst$File:  <unknown>:1#1 
692055     INFO  Test worker     d.u.i.k.n.KeyIO           MODE: declarations took 0 ms 
692055     DEBUG Test worker     d.u.i.k.n.KeyIO           MODE: 2nd degree decls took 0 
692055     INFO  Test worker     d.u.i.k.n.KeyIO           Parsing took 0 ms 
692055     DEBUG Test worker     d.u.i.k.n.KeyIO           Load declarations of de.uka.ilkd.key.nparser.KeyAst$File:  <unknown>:1#1 
692055     INFO  Test worker     d.u.i.k.n.KeyIO           MODE: declarations took 0 ms 
692055     DEBUG Test worker     d.u.i.k.n.KeyIO           MODE: 2nd degree decls took 0 
697527     INFO  Test worker     d.u.i.k.n.KeyIO           Parsing took 0 ms 
697527     DEBUG Test worker     d.u.i.k.n.KeyIO           Load declarations of de.uka.ilkd.key.nparser.KeyAst$File:  <unknown>:1#1 
697527     INFO  Test worker     d.u.i.k.n.KeyIO           MODE: declarations took 0 ms 
697527     DEBUG Test worker     d.u.i.k.n.KeyIO           MODE: 2nd degree decls took 0 
697527     INFO  Test worker     d.u.i.k.n.KeyIO           Parsing took 0 ms 
697527     DEBUG Test worker     d.u.i.k.n.KeyIO           Load declarations of de.uka.ilkd.key.nparser.KeyAst$File:  <unknown>:1#1 
697527     INFO  Test worker     d.u.i.k.n.KeyIO           MODE: declarations took 0 ms 
697527     DEBUG Test worker     d.u.i.k.n.KeyIO           MODE: 2nd degree decls took 0 
697527     INFO  Test worker     d.u.i.k.n.KeyIO           Parsing took 0 ms 
697527     DEBUG Test worker     d.u.i.k.n.KeyIO           Load declarations of de.uka.ilkd.key.nparser.KeyAst$File:  <unknown>:1#1 
697527     INFO  Test worker     d.u.i.k.n.KeyIO           MODE: declarations took 0 ms 
697527     DEBUG Test worker     d.u.i.k.n.KeyIO           MODE: 2nd degree decls took 0 
697527     INFO  Test worker     d.u.i.k.n.KeyIO           Parsing took 0 ms 
697527     DEBUG Test worker     d.u.i.k.n.KeyIO           Load declarations of de.uka.ilkd.key.nparser.KeyAst$File:  <unknown>:1#1 
697527     INFO  Test worker     d.u.i.k.n.KeyIO           MODE: declarations took 0 ms 
697527     DEBUG Test worker     d.u.i.k.n.KeyIO           MODE: 2nd degree decls took 0 
697527     INFO  Test worker     d.u.i.k.n.KeyIO           Parsing took 0 ms 
697527     DEBUG Test worker     d.u.i.k.n.KeyIO           Load declarations of de.uka.ilkd.key.nparser.KeyAst$File:  <unknown>:1#1 
697527     INFO  Test worker     d.u.i.k.n.KeyIO           MODE: declarations took 0 ms 
697527     DEBUG Test worker     d.u.i.k.n.KeyIO           MODE: 2nd degree decls took 0 
703019     INFO  Test worker     d.u.i.k.n.KeyIO           Parsing took 0 ms 
703019     DEBUG Test worker     d.u.i.k.n.KeyIO           Load declarations of de.uka.ilkd.key.nparser.KeyAst$File:  <unknown>:1#1 
703019     INFO  Test worker     d.u.i.k.n.KeyIO           MODE: declarations took 0 ms 
703019     DEBUG Test worker     d.u.i.k.n.KeyIO           MODE: 2nd degree decls took 0 
703019     INFO  Test worker     d.u.i.k.n.KeyIO           Parsing took 0 ms 
703019     DEBUG Test worker     d.u.i.k.n.KeyIO           Load declarations of de.uka.ilkd.key.nparser.KeyAst$File:  <unknown>:1#1 
703019     INFO  Test worker     d.u.i.k.n.KeyIO           MODE: declarations took 0 ms 
703019     DEBUG Test worker     d.u.i.k.n.KeyIO           MODE: 2nd degree decls took 0 
703019     INFO  Test worker     d.u.i.k.n.KeyIO           Parsing took 0 ms 
703019     DEBUG Test worker     d.u.i.k.n.KeyIO           Load declarations of de.uka.ilkd.key.nparser.KeyAst$File:  <unknown>:1#1 
703019     INFO  Test worker     d.u.i.k.n.KeyIO           MODE: declarations took 0 ms 
703019     DEBUG Test worker     d.u.i.k.n.KeyIO           MODE: 2nd degree decls took 0 
703019     INFO  Test worker     d.u.i.k.n.KeyIO           Parsing took 0 ms 
703019     DEBUG Test worker     d.u.i.k.n.KeyIO           Load declarations of de.uka.ilkd.key.nparser.KeyAst$File:  <unknown>:1#1 
703019     INFO  Test worker     d.u.i.k.n.KeyIO           MODE: declarations took 0 ms 
703019     DEBUG Test worker     d.u.i.k.n.KeyIO           MODE: 2nd degree decls took 0 
703019     INFO  Test worker     d.u.i.k.n.KeyIO           Parsing took 0 ms 
703019     DEBUG Test worker     d.u.i.k.n.KeyIO           Load declarations of de.uka.ilkd.key.nparser.KeyAst$File:  <unknown>:1#1 
703019     INFO  Test worker     d.u.i.k.n.KeyIO           MODE: declarations took 0 ms 
703019     DEBUG Test worker     d.u.i.k.n.KeyIO           MODE: 2nd degree decls took 0 
708479     INFO  Test worker     d.u.i.k.n.KeyIO           Parsing took 0 ms 
708479     DEBUG Test worker     d.u.i.k.n.KeyIO           Load declarations of de.uka.ilkd.key.nparser.KeyAst$File:  <unknown>:1#1 
708479     INFO  Test worker     d.u.i.k.n.KeyIO           MODE: declarations took 0 ms 
708479     DEBUG Test worker     d.u.i.k.n.KeyIO           MODE: 2nd degree decls took 0 
708479     INFO  Test worker     d.u.i.k.n.KeyIO           Parsing took 0 ms 
708479     DEBUG Test worker     d.u.i.k.n.KeyIO           Load declarations of de.uka.ilkd.key.nparser.KeyAst$File:  <unknown>:1#1 
708479     INFO  Test worker     d.u.i.k.n.KeyIO           MODE: declarations took 0 ms 
708479     DEBUG Test worker     d.u.i.k.n.KeyIO           MODE: 2nd degree decls took 0 
708479     INFO  Test worker     d.u.i.k.n.KeyIO           Parsing took 0 ms 
708479     DEBUG Test worker     d.u.i.k.n.KeyIO           Load declarations of de.uka.ilkd.key.nparser.KeyAst$File:  <unknown>:1#1 
708479     INFO  Test worker     d.u.i.k.n.KeyIO           MODE: declarations took 0 ms 
708479     DEBUG Test worker     d.u.i.k.n.KeyIO           MODE: 2nd degree decls took 0 
708479     INFO  Test worker     d.u.i.k.n.KeyIO           Parsing took 0 ms 
708479     DEBUG Test worker     d.u.i.k.n.KeyIO           Load declarations of de.uka.ilkd.key.nparser.KeyAst$File:  <unknown>:1#1 
708479     INFO  Test worker     d.u.i.k.n.KeyIO           MODE: declarations took 0 ms 
708479     DEBUG Test worker     d.u.i.k.n.KeyIO           MODE: 2nd degree decls took 0 
708479     INFO  Test worker     d.u.i.k.n.KeyIO           Parsing took 0 ms 
708479     DEBUG Test worker     d.u.i.k.n.KeyIO           Load declarations of de.uka.ilkd.key.nparser.KeyAst$File:  <unknown>:1#1 
708479     INFO  Test worker     d.u.i.k.n.KeyIO           MODE: declarations took 0 ms 
708479     DEBUG Test worker     d.u.i.k.n.KeyIO           MODE: 2nd degree decls took 0 
714011     INFO  Test worker     d.u.i.k.n.KeyIO           Parsing took 0 ms 
714011     DEBUG Test worker     d.u.i.k.n.KeyIO           Load declarations of de.uka.ilkd.key.nparser.KeyAst$File:  <unknown>:1#1 
714011     INFO  Test worker     d.u.i.k.n.KeyIO           MODE: declarations took 0 ms 
714011     DEBUG Test worker     d.u.i.k.n.KeyIO           MODE: 2nd degree decls took 0 
714011     INFO  Test worker     d.u.i.k.n.KeyIO           Parsing took 0 ms 
714011     DEBUG Test worker     d.u.i.k.n.KeyIO           Load declarations of de.uka.ilkd.key.nparser.KeyAst$File:  <unknown>:1#1 
714011     INFO  Test worker     d.u.i.k.n.KeyIO           MODE: declarations took 0 ms 
714011     DEBUG Test worker     d.u.i.k.n.KeyIO           MODE: 2nd degree decls took 0 
714011     INFO  Test worker     d.u.i.k.n.KeyIO           Parsing took 0 ms 
714011     DEBUG Test worker     d.u.i.k.n.KeyIO           Load declarations of de.uka.ilkd.key.nparser.KeyAst$File:  <unknown>:1#1 
714011     INFO  Test worker     d.u.i.k.n.KeyIO           MODE: declarations took 0 ms 
714011     DEBUG Test worker     d.u.i.k.n.KeyIO           MODE: 2nd degree decls took 0 
714011     INFO  Test worker     d.u.i.k.n.KeyIO           Parsing took 0 ms 
714011     DEBUG Test worker     d.u.i.k.n.KeyIO           Load declarations of de.uka.ilkd.key.nparser.KeyAst$File:  <unknown>:1#1 
714011     INFO  Test worker     d.u.i.k.n.KeyIO           MODE: declarations took 0 ms 
714011     DEBUG Test worker     d.u.i.k.n.KeyIO           MODE: 2nd degree decls took 0 
714011     INFO  Test worker     d.u.i.k.n.KeyIO           Parsing took 0 ms 
714011     DEBUG Test worker     d.u.i.k.n.KeyIO           Load declarations of de.uka.ilkd.key.nparser.KeyAst$File:  <unknown>:1#1 
714011     INFO  Test worker     d.u.i.k.n.KeyIO           MODE: declarations took 0 ms 
714011     DEBUG Test worker     d.u.i.k.n.KeyIO           MODE: 2nd degree decls took 0 
719492     INFO  Test worker     d.u.i.k.n.KeyIO           Parsing took 0 ms 
719492     DEBUG Test worker     d.u.i.k.n.KeyIO           Load declarations of de.uka.ilkd.key.nparser.KeyAst$File:  <unknown>:1#1 
719492     INFO  Test worker     d.u.i.k.n.KeyIO           MODE: declarations took 0 ms 
719492     DEBUG Test worker     d.u.i.k.n.KeyIO           MODE: 2nd degree decls took 0 
719492     INFO  Test worker     d.u.i.k.n.KeyIO           Parsing took 0 ms 
719492     DEBUG Test worker     d.u.i.k.n.KeyIO           Load declarations of de.uka.ilkd.key.nparser.KeyAst$File:  <unknown>:1#1 
719492     INFO  Test worker     d.u.i.k.n.KeyIO           MODE: declarations took 0 ms 
719492     DEBUG Test worker     d.u.i.k.n.KeyIO           MODE: 2nd degree decls took 0 
719492     INFO  Test worker     d.u.i.k.n.KeyIO           Parsing took 0 ms 
719492     DEBUG Test worker     d.u.i.k.n.KeyIO           Load declarations of de.uka.ilkd.key.nparser.KeyAst$File:  <unknown>:1#1 
719492     INFO  Test worker     d.u.i.k.n.KeyIO           MODE: declarations took 0 ms 
719492     DEBUG Test worker     d.u.i.k.n.KeyIO           MODE: 2nd degree decls took 0 
719492     INFO  Test worker     d.u.i.k.n.KeyIO           Parsing took 0 ms 
719492     DEBUG Test worker     d.u.i.k.n.KeyIO           Load declarations of de.uka.ilkd.key.nparser.KeyAst$File:  <unknown>:1#1 
719492     INFO  Test worker     d.u.i.k.n.KeyIO           MODE: declarations took 0 ms 
719492     DEBUG Test worker     d.u.i.k.n.KeyIO           MODE: 2nd degree decls took 0 
719492     INFO  Test worker     d.u.i.k.n.KeyIO           Parsing took 0 ms 
719492     DEBUG Test worker     d.u.i.k.n.KeyIO           Load declarations of de.uka.ilkd.key.nparser.KeyAst$File:  <unknown>:1#1 
719492     INFO  Test worker     d.u.i.k.n.KeyIO           MODE: declarations took 0 ms 
719492     DEBUG Test worker     d.u.i.k.n.KeyIO           MODE: 2nd degree decls took 0 
725004     INFO  Test worker     d.u.i.k.n.KeyIO           Parsing took 0 ms 
725004     DEBUG Test worker     d.u.i.k.n.KeyIO           Load declarations of de.uka.ilkd.key.nparser.KeyAst$File:  <unknown>:1#1 
725004     INFO  Test worker     d.u.i.k.n.KeyIO           MODE: declarations took 0 ms 
725004     DEBUG Test worker     d.u.i.k.n.KeyIO           MODE: 2nd degree decls took 0 
725004     INFO  Test worker     d.u.i.k.n.KeyIO           Parsing took 0 ms 
725004     DEBUG Test worker     d.u.i.k.n.KeyIO           Load declarations of de.uka.ilkd.key.nparser.KeyAst$File:  <unknown>:1#1 
725004     INFO  Test worker     d.u.i.k.n.KeyIO           MODE: declarations took 0 ms 
725004     DEBUG Test worker     d.u.i.k.n.KeyIO           MODE: 2nd degree decls took 0 
725004     INFO  Test worker     d.u.i.k.n.KeyIO           Parsing took 0 ms 
725004     DEBUG Test worker     d.u.i.k.n.KeyIO           Load declarations of de.uka.ilkd.key.nparser.KeyAst$File:  <unknown>:1#1 
725004     INFO  Test worker     d.u.i.k.n.KeyIO           MODE: declarations took 0 ms 
725004     DEBUG Test worker     d.u.i.k.n.KeyIO           MODE: 2nd degree decls took 0 
725004     INFO  Test worker     d.u.i.k.n.KeyIO           Parsing took 0 ms 
725004     DEBUG Test worker     d.u.i.k.n.KeyIO           Load declarations of de.uka.ilkd.key.nparser.KeyAst$File:  <unknown>:1#1 
725004     INFO  Test worker     d.u.i.k.n.KeyIO           MODE: declarations took 0 ms 
725004     DEBUG Test worker     d.u.i.k.n.KeyIO           MODE: 2nd degree decls took 0 
725004     INFO  Test worker     d.u.i.k.n.KeyIO           Parsing took 0 ms 
725004     DEBUG Test worker     d.u.i.k.n.KeyIO           Load declarations of de.uka.ilkd.key.nparser.KeyAst$File:  <unknown>:1#1 
725004     INFO  Test worker     d.u.i.k.n.KeyIO           MODE: declarations took 0 ms 
725004     DEBUG Test worker     d.u.i.k.n.KeyIO           MODE: 2nd degree decls took 0 
730501     INFO  Test worker     d.u.i.k.n.KeyIO           Parsing took 0 ms 
730501     DEBUG Test worker     d.u.i.k.n.KeyIO           Load declarations of de.uka.ilkd.key.nparser.KeyAst$File:  <unknown>:1#1 
730501     INFO  Test worker     d.u.i.k.n.KeyIO           MODE: declarations took 0 ms 
730501     DEBUG Test worker     d.u.i.k.n.KeyIO           MODE: 2nd degree decls took 0 
730501     INFO  Test worker     d.u.i.k.n.KeyIO           Parsing took 0 ms 
730501     DEBUG Test worker     d.u.i.k.n.KeyIO           Load declarations of de.uka.ilkd.key.nparser.KeyAst$File:  <unknown>:1#1 
730501     INFO  Test worker     d.u.i.k.n.KeyIO           MODE: declarations took 0 ms 
730501     DEBUG Test worker     d.u.i.k.n.KeyIO           MODE: 2nd degree decls took 0 
730501     INFO  Test worker     d.u.i.k.n.KeyIO           Parsing took 0 ms 
730501     DEBUG Test worker     d.u.i.k.n.KeyIO           Load declarations of de.uka.ilkd.key.nparser.KeyAst$File:  <unknown>:1#1 
730501     INFO  Test worker     d.u.i.k.n.KeyIO           MODE: declarations took 0 ms 
730501     DEBUG Test worker     d.u.i.k.n.KeyIO           MODE: 2nd degree decls took 0 
730501     INFO  Test worker     d.u.i.k.n.KeyIO           Parsing took 0 ms 
730501     DEBUG Test worker     d.u.i.k.n.KeyIO           Load declarations of de.uka.ilkd.key.nparser.KeyAst$File:  <unknown>:1#1 
730501     INFO  Test worker     d.u.i.k.n.KeyIO           MODE: declarations took 0 ms 
730501     DEBUG Test worker     d.u.i.k.n.KeyIO           MODE: 2nd degree decls took 0 
730501     INFO  Test worker     d.u.i.k.n.KeyIO           Parsing took 0 ms 
730501     DEBUG Test worker     d.u.i.k.n.KeyIO           Load declarations of de.uka.ilkd.key.nparser.KeyAst$File:  <unknown>:1#1 
730501     INFO  Test worker     d.u.i.k.n.KeyIO           MODE: declarations took 0 ms 
730501     DEBUG Test worker     d.u.i.k.n.KeyIO           MODE: 2nd degree decls took 0 
735898     INFO  Test worker     d.u.i.k.n.KeyIO           Parsing took 0 ms 
735898     DEBUG Test worker     d.u.i.k.n.KeyIO           Load declarations of de.uka.ilkd.key.nparser.KeyAst$File:  <unknown>:1#1 
735898     INFO  Test worker     d.u.i.k.n.KeyIO           MODE: declarations took 0 ms 
735898     DEBUG Test worker     d.u.i.k.n.KeyIO           MODE: 2nd degree decls took 0 
735898     INFO  Test worker     d.u.i.k.n.KeyIO           Parsing took 0 ms 
735914     DEBUG Test worker     d.u.i.k.n.KeyIO           Load declarations of de.uka.ilkd.key.nparser.KeyAst$File:  <unknown>:1#1 
735914     INFO  Test worker     d.u.i.k.n.KeyIO           MODE: declarations took 0 ms 
735914     DEBUG Test worker     d.u.i.k.n.KeyIO           MODE: 2nd degree decls took 0 
735914     INFO  Test worker     d.u.i.k.n.KeyIO           Parsing took 0 ms 
735914     DEBUG Test worker     d.u.i.k.n.KeyIO           Load declarations of de.uka.ilkd.key.nparser.KeyAst$File:  <unknown>:1#1 
735914     INFO  Test worker     d.u.i.k.n.KeyIO           MODE: declarations took 0 ms 
735914     DEBUG Test worker     d.u.i.k.n.KeyIO           MODE: 2nd degree decls took 0 
735914     INFO  Test worker     d.u.i.k.n.KeyIO           Parsing took 0 ms 
735914     DEBUG Test worker     d.u.i.k.n.KeyIO           Load declarations of de.uka.ilkd.key.nparser.KeyAst$File:  <unknown>:1#1 
735914     INFO  Test worker     d.u.i.k.n.KeyIO           MODE: declarations took 0 ms 
735914     DEBUG Test worker     d.u.i.k.n.KeyIO           MODE: 2nd degree decls took 0 
735914     INFO  Test worker     d.u.i.k.n.KeyIO           Parsing took 0 ms 
735914     DEBUG Test worker     d.u.i.k.n.KeyIO           Load declarations of de.uka.ilkd.key.nparser.KeyAst$File:  <unknown>:1#1 
735914     INFO  Test worker     d.u.i.k.n.KeyIO           MODE: declarations took 0 ms 
735914     DEBUG Test worker     d.u.i.k.n.KeyIO           MODE: 2nd degree decls took 0 
741266     INFO  Test worker     d.u.i.k.n.KeyIO           Parsing took 0 ms 
741266     DEBUG Test worker     d.u.i.k.n.KeyIO           Load declarations of de.uka.ilkd.key.nparser.KeyAst$File:  <unknown>:1#1 
741266     INFO  Test worker     d.u.i.k.n.KeyIO           MODE: declarations took 0 ms 
741266     DEBUG Test worker     d.u.i.k.n.KeyIO           MODE: 2nd degree decls took 0 
741266     INFO  Test worker     d.u.i.k.n.KeyIO           Parsing took 0 ms 
741266     DEBUG Test worker     d.u.i.k.n.KeyIO           Load declarations of de.uka.ilkd.key.nparser.KeyAst$File:  <unknown>:1#1 
741266     INFO  Test worker     d.u.i.k.n.KeyIO           MODE: declarations took 0 ms 
741266     DEBUG Test worker     d.u.i.k.n.KeyIO           MODE: 2nd degree decls took 0 
741266     INFO  Test worker     d.u.i.k.n.KeyIO           Parsing took 0 ms 
741266     DEBUG Test worker     d.u.i.k.n.KeyIO           Load declarations of de.uka.ilkd.key.nparser.KeyAst$File:  <unknown>:1#1 
741266     INFO  Test worker     d.u.i.k.n.KeyIO           MODE: declarations took 0 ms 
741266     DEBUG Test worker     d.u.i.k.n.KeyIO           MODE: 2nd degree decls took 0 
741266     INFO  Test worker     d.u.i.k.n.KeyIO           Parsing took 0 ms 
741266     DEBUG Test worker     d.u.i.k.n.KeyIO           Load declarations of de.uka.ilkd.key.nparser.KeyAst$File:  <unknown>:1#1 
741266     INFO  Test worker     d.u.i.k.n.KeyIO           MODE: declarations took 0 ms 
741266     DEBUG Test worker     d.u.i.k.n.KeyIO           MODE: 2nd degree decls took 0 
741266     INFO  Test worker     d.u.i.k.n.KeyIO           Parsing took 0 ms 
741266     DEBUG Test worker     d.u.i.k.n.KeyIO           Load declarations of de.uka.ilkd.key.nparser.KeyAst$File:  <unknown>:1#1 
741266     INFO  Test worker     d.u.i.k.n.KeyIO           MODE: declarations took 0 ms 
741266     DEBUG Test worker     d.u.i.k.n.KeyIO           MODE: 2nd degree decls took 0 
746568     INFO  Test worker     d.u.i.k.n.KeyIO           Parsing took 0 ms 
746568     DEBUG Test worker     d.u.i.k.n.KeyIO           Load declarations of de.uka.ilkd.key.nparser.KeyAst$File:  <unknown>:1#1 
746568     INFO  Test worker     d.u.i.k.n.KeyIO           MODE: declarations took 0 ms 
746568     DEBUG Test worker     d.u.i.k.n.KeyIO           MODE: 2nd degree decls took 0 
746568     INFO  Test worker     d.u.i.k.n.KeyIO           Parsing took 0 ms 
746568     DEBUG Test worker     d.u.i.k.n.KeyIO           Load declarations of de.uka.ilkd.key.nparser.KeyAst$File:  <unknown>:1#1 
746568     INFO  Test worker     d.u.i.k.n.KeyIO           MODE: declarations took 0 ms 
746568     DEBUG Test worker     d.u.i.k.n.KeyIO           MODE: 2nd degree decls took 0 
746568     INFO  Test worker     d.u.i.k.n.KeyIO           Parsing took 0 ms 
746568     DEBUG Test worker     d.u.i.k.n.KeyIO           Load declarations of de.uka.ilkd.key.nparser.KeyAst$File:  <unknown>:1#1 
746568     INFO  Test worker     d.u.i.k.n.KeyIO           MODE: declarations took 0 ms 
746568     DEBUG Test worker     d.u.i.k.n.KeyIO           MODE: 2nd degree decls took 0 
746568     INFO  Test worker     d.u.i.k.n.KeyIO           Parsing took 0 ms 
746568     DEBUG Test worker     d.u.i.k.n.KeyIO           Load declarations of de.uka.ilkd.key.nparser.KeyAst$File:  <unknown>:1#1 
746568     INFO  Test worker     d.u.i.k.n.KeyIO           MODE: declarations took 0 ms 
746568     DEBUG Test worker     d.u.i.k.n.KeyIO           MODE: 2nd degree decls took 0 
746568     INFO  Test worker     d.u.i.k.n.KeyIO           Parsing took 0 ms 
746568     DEBUG Test worker     d.u.i.k.n.KeyIO           Load declarations of de.uka.ilkd.key.nparser.KeyAst$File:  <unknown>:1#1 
746568     INFO  Test worker     d.u.i.k.n.KeyIO           MODE: declarations took 0 ms 
746568     DEBUG Test worker     d.u.i.k.n.KeyIO           MODE: 2nd degree decls took 0 
751733     INFO  Test worker     d.u.i.k.n.KeyIO           Parsing took 0 ms 
751733     DEBUG Test worker     d.u.i.k.n.KeyIO           Load declarations of de.uka.ilkd.key.nparser.KeyAst$File:  <unknown>:1#1 
751733     INFO  Test worker     d.u.i.k.n.KeyIO           MODE: declarations took 0 ms 
751733     DEBUG Test worker     d.u.i.k.n.KeyIO           MODE: 2nd degree decls took 0 
751733     INFO  Test worker     d.u.i.k.n.KeyIO           Parsing took 0 ms 
751733     DEBUG Test worker     d.u.i.k.n.KeyIO           Load declarations of de.uka.ilkd.key.nparser.KeyAst$File:  <unknown>:1#1 
751733     INFO  Test worker     d.u.i.k.n.KeyIO           MODE: declarations took 0 ms 
751733     DEBUG Test worker     d.u.i.k.n.KeyIO           MODE: 2nd degree decls took 0 
751733     INFO  Test worker     d.u.i.k.n.KeyIO           Parsing took 0 ms 
751733     DEBUG Test worker     d.u.i.k.n.KeyIO           Load declarations of de.uka.ilkd.key.nparser.KeyAst$File:  <unknown>:1#1 
751733     INFO  Test worker     d.u.i.k.n.KeyIO           MODE: declarations took 0 ms 
751733     DEBUG Test worker     d.u.i.k.n.KeyIO           MODE: 2nd degree decls took 0 
751733     INFO  Test worker     d.u.i.k.n.KeyIO           Parsing took 0 ms 
751733     DEBUG Test worker     d.u.i.k.n.KeyIO           Load declarations of de.uka.ilkd.key.nparser.KeyAst$File:  <unknown>:1#1 
751733     INFO  Test worker     d.u.i.k.n.KeyIO           MODE: declarations took 0 ms 
751733     DEBUG Test worker     d.u.i.k.n.KeyIO           MODE: 2nd degree decls took 0 
751733     INFO  Test worker     d.u.i.k.n.KeyIO           Parsing took 0 ms 
751733     DEBUG Test worker     d.u.i.k.n.KeyIO           Load declarations of de.uka.ilkd.key.nparser.KeyAst$File:  <unknown>:1#1 
751733     INFO  Test worker     d.u.i.k.n.KeyIO           MODE: declarations took 0 ms 
751733     DEBUG Test worker     d.u.i.k.n.KeyIO           MODE: 2nd degree decls took 0 
757223     INFO  Test worker     d.u.i.k.n.KeyIO           Parsing took 0 ms 
757223     DEBUG Test worker     d.u.i.k.n.KeyIO           Load declarations of de.uka.ilkd.key.nparser.KeyAst$File:  <unknown>:1#1 
757223     INFO  Test worker     d.u.i.k.n.KeyIO           MODE: declarations took 0 ms 
757223     DEBUG Test worker     d.u.i.k.n.KeyIO           MODE: 2nd degree decls took 0 
757223     INFO  Test worker     d.u.i.k.n.KeyIO           Parsing took 0 ms 
757223     DEBUG Test worker     d.u.i.k.n.KeyIO           Load declarations of de.uka.ilkd.key.nparser.KeyAst$File:  <unknown>:1#1 
757223     INFO  Test worker     d.u.i.k.n.KeyIO           MODE: declarations took 0 ms 
757223     DEBUG Test worker     d.u.i.k.n.KeyIO           MODE: 2nd degree decls took 0 
757223     INFO  Test worker     d.u.i.k.n.KeyIO           Parsing took 0 ms 
757223     DEBUG Test worker     d.u.i.k.n.KeyIO           Load declarations of de.uka.ilkd.key.nparser.KeyAst$File:  <unknown>:1#1 
757223     INFO  Test worker     d.u.i.k.n.KeyIO           MODE: declarations took 0 ms 
757223     DEBUG Test worker     d.u.i.k.n.KeyIO           MODE: 2nd degree decls took 0 
757223     INFO  Test worker     d.u.i.k.n.KeyIO           Parsing took 0 ms 
757223     DEBUG Test worker     d.u.i.k.n.KeyIO           Load declarations of de.uka.ilkd.key.nparser.KeyAst$File:  <unknown>:1#1 
757223     INFO  Test worker     d.u.i.k.n.KeyIO           MODE: declarations took 0 ms 
757223     DEBUG Test worker     d.u.i.k.n.KeyIO           MODE: 2nd degree decls took 0 
757223     INFO  Test worker     d.u.i.k.n.KeyIO           Parsing took 0 ms 
757223     DEBUG Test worker     d.u.i.k.n.KeyIO           Load declarations of de.uka.ilkd.key.nparser.KeyAst$File:  <unknown>:1#1 
757223     INFO  Test worker     d.u.i.k.n.KeyIO           MODE: declarations took 0 ms 
757223     DEBUG Test worker     d.u.i.k.n.KeyIO           MODE: 2nd degree decls took 0 
762281     INFO  Test worker     d.u.i.k.n.KeyIO           Parsing took 0 ms 
762281     DEBUG Test worker     d.u.i.k.n.KeyIO           Load declarations of de.uka.ilkd.key.nparser.KeyAst$File:  <unknown>:1#1 
762281     INFO  Test worker     d.u.i.k.n.KeyIO           MODE: declarations took 0 ms 
762281     DEBUG Test worker     d.u.i.k.n.KeyIO           MODE: 2nd degree decls took 0 
762281     INFO  Test worker     d.u.i.k.n.KeyIO           Parsing took 0 ms 
762281     DEBUG Test worker     d.u.i.k.n.KeyIO           Load declarations of de.uka.ilkd.key.nparser.KeyAst$File:  <unknown>:1#1 
762281     INFO  Test worker     d.u.i.k.n.KeyIO           MODE: declarations took 0 ms 
762281     DEBUG Test worker     d.u.i.k.n.KeyIO           MODE: 2nd degree decls took 0 
762281     INFO  Test worker     d.u.i.k.n.KeyIO           Parsing took 0 ms 
762281     DEBUG Test worker     d.u.i.k.n.KeyIO           Load declarations of de.uka.ilkd.key.nparser.KeyAst$File:  <unknown>:1#1 
762281     INFO  Test worker     d.u.i.k.n.KeyIO           MODE: declarations took 0 ms 
762281     DEBUG Test worker     d.u.i.k.n.KeyIO           MODE: 2nd degree decls took 0 
762281     INFO  Test worker     d.u.i.k.n.KeyIO           Parsing took 0 ms 
762281     DEBUG Test worker     d.u.i.k.n.KeyIO           Load declarations of de.uka.ilkd.key.nparser.KeyAst$File:  <unknown>:1#1 
762281     INFO  Test worker     d.u.i.k.n.KeyIO           MODE: declarations took 0 ms 
762281     DEBUG Test worker     d.u.i.k.n.KeyIO           MODE: 2nd degree decls took 0 
762297     INFO  Test worker     d.u.i.k.n.KeyIO           Parsing took 16 ms 
762297     DEBUG Test worker     d.u.i.k.n.KeyIO           Load declarations of de.uka.ilkd.key.nparser.KeyAst$File:  <unknown>:1#1 
762297     INFO  Test worker     d.u.i.k.n.KeyIO           MODE: declarations took 0 ms 
762297     DEBUG Test worker     d.u.i.k.n.KeyIO           MODE: 2nd degree decls took 0 
767466     INFO  Test worker     d.u.i.k.n.KeyIO           Parsing took 0 ms 
767466     DEBUG Test worker     d.u.i.k.n.KeyIO           Load declarations of de.uka.ilkd.key.nparser.KeyAst$File:  <unknown>:1#1 
767466     INFO  Test worker     d.u.i.k.n.KeyIO           MODE: declarations took 0 ms 
767466     DEBUG Test worker     d.u.i.k.n.KeyIO           MODE: 2nd degree decls took 0 
767466     INFO  Test worker     d.u.i.k.n.KeyIO           Parsing took 0 ms 
767466     DEBUG Test worker     d.u.i.k.n.KeyIO           Load declarations of de.uka.ilkd.key.nparser.KeyAst$File:  <unknown>:1#1 
767466     INFO  Test worker     d.u.i.k.n.KeyIO           MODE: declarations took 0 ms 
767466     DEBUG Test worker     d.u.i.k.n.KeyIO           MODE: 2nd degree decls took 0 
767466     INFO  Test worker     d.u.i.k.n.KeyIO           Parsing took 0 ms 
767466     DEBUG Test worker     d.u.i.k.n.KeyIO           Load declarations of de.uka.ilkd.key.nparser.KeyAst$File:  <unknown>:1#1 
767466     INFO  Test worker     d.u.i.k.n.KeyIO           MODE: declarations took 0 ms 
767466     DEBUG Test worker     d.u.i.k.n.KeyIO           MODE: 2nd degree decls took 0 
767466     INFO  Test worker     d.u.i.k.n.KeyIO           Parsing took 0 ms 
767466     DEBUG Test worker     d.u.i.k.n.KeyIO           Load declarations of de.uka.ilkd.key.nparser.KeyAst$File:  <unknown>:1#1 
767466     INFO  Test worker     d.u.i.k.n.KeyIO           MODE: declarations took 0 ms 
767466     DEBUG Test worker     d.u.i.k.n.KeyIO           MODE: 2nd degree decls took 0 
767466     INFO  Test worker     d.u.i.k.n.KeyIO           Parsing took 0 ms 
767466     DEBUG Test worker     d.u.i.k.n.KeyIO           Load declarations of de.uka.ilkd.key.nparser.KeyAst$File:  <unknown>:1#1 
767466     INFO  Test worker     d.u.i.k.n.KeyIO           MODE: declarations took 0 ms 
767466     DEBUG Test worker     d.u.i.k.n.KeyIO           MODE: 2nd degree decls took 0 
772554     INFO  Test worker     d.u.i.k.n.KeyIO           Parsing took 0 ms 
772554     DEBUG Test worker     d.u.i.k.n.KeyIO           Load declarations of de.uka.ilkd.key.nparser.KeyAst$File:  <unknown>:1#1 
772554     INFO  Test worker     d.u.i.k.n.KeyIO           MODE: declarations took 0 ms 
772554     DEBUG Test worker     d.u.i.k.n.KeyIO           MODE: 2nd degree decls took 0 
772554     INFO  Test worker     d.u.i.k.n.KeyIO           Parsing took 0 ms 
772554     DEBUG Test worker     d.u.i.k.n.KeyIO           Load declarations of de.uka.ilkd.key.nparser.KeyAst$File:  <unknown>:1#1 
772554     INFO  Test worker     d.u.i.k.n.KeyIO           MODE: declarations took 0 ms 
772554     DEBUG Test worker     d.u.i.k.n.KeyIO           MODE: 2nd degree decls took 0 
772554     INFO  Test worker     d.u.i.k.n.KeyIO           Parsing took 0 ms 
772554     DEBUG Test worker     d.u.i.k.n.KeyIO           Load declarations of de.uka.ilkd.key.nparser.KeyAst$File:  <unknown>:1#1 
772554     INFO  Test worker     d.u.i.k.n.KeyIO           MODE: declarations took 0 ms 
772554     DEBUG Test worker     d.u.i.k.n.KeyIO           MODE: 2nd degree decls took 0 
772554     INFO  Test worker     d.u.i.k.n.KeyIO           Parsing took 0 ms 
772554     DEBUG Test worker     d.u.i.k.n.KeyIO           Load declarations of de.uka.ilkd.key.nparser.KeyAst$File:  <unknown>:1#1 
772554     INFO  Test worker     d.u.i.k.n.KeyIO           MODE: declarations took 0 ms 
772554     DEBUG Test worker     d.u.i.k.n.KeyIO           MODE: 2nd degree decls took 0 
772554     INFO  Test worker     d.u.i.k.n.KeyIO           Parsing took 0 ms 
772554     DEBUG Test worker     d.u.i.k.n.KeyIO           Load declarations of de.uka.ilkd.key.nparser.KeyAst$File:  <unknown>:1#1 
772554     INFO  Test worker     d.u.i.k.n.KeyIO           MODE: declarations took 0 ms 
772554     DEBUG Test worker     d.u.i.k.n.KeyIO           MODE: 2nd degree decls took 0 
]]></system-out>
  <system-err><![CDATA[]]></system-err>
</testsuite>
