<?xml version="1.0" encoding="UTF-8"?>
<testsuite name="de.uka.ilkd.key.rule.loop.LoopScopeInvRuleTests" tests="1" skipped="0" failures="0" errors="0" timestamp="2023-05-31T11:43:30" hostname="fv-az456-882" time="8.468">
  <properties/>
  <testcase name="testDoAutomaticProofOfBenchmarkWithLabeledBreaksAndContinues()" classname="de.uka.ilkd.key.rule.loop.LoopScopeInvRuleTests" time="8.468"/>
  <system-out><![CDATA[827933     INFO  Test worker     d.u.i.k.p.i.AbstractProblemLoader Loading environment from src\test\resources\testcase\loopScopeInvRule\Test.key 
827933     DEBUG Test worker     d.u.i.k.p.i.AbstractProblemLoader Environment load took 558.8ns 
827949     INFO  Test worker     d.u.i.k.p.i.AbstractProblemLoader Creating init config 
828160     DEBUG Test worker     d.u.i.k.j.TypeConverter   No LDT found for Meta 
828160     DEBUG Test worker     d.u.i.k.j.TypeConverter   No LDT found for Meta 
828160     DEBUG Test worker     d.u.i.k.j.TypeConverter   No LDT found for Meta 
828160     DEBUG Test worker     d.u.i.k.j.TypeConverter   No LDT found for Meta 
829303     DEBUG Test worker     d.u.i.k.j.TypeConverter   No LDT found for JavaBigintExpression 
835438     DEBUG Test worker     d.u.i.k.p.i.AbstractProblemLoader Init config took 7.49s 
835484     INFO  Test worker     d.u.i.k.p.i.AbstractProblemLoader Replaying proof Test[Test::loopScopeRuleBenchmark(int,boolean)].JML normal_behavior operation contract.0 
835500     DEBUG Test worker     d.u.i.k.p.i.IntermediateProofReplayer Proof replay took 169ns 
]]></system-out>
  <system-err><![CDATA[]]></system-err>
</testsuite>
