<?xml version="1.0" encoding="UTF-8"?>
<testsuite name="de.uka.ilkd.key.parser.TestDeclParser" tests="14" skipped="2" failures="0" errors="0" timestamp="2023-05-31T10:48:53" hostname="fv-az405-424" time="16.34">
  <properties/>
  <testcase name="testGenericSortDecl1()" classname="de.uka.ilkd.key.parser.TestDeclParser" time="1.538"/>
  <testcase name="testGenericSortDecl2()" classname="de.uka.ilkd.key.parser.TestDeclParser" time="1.344"/>
  <testcase name="testGenericSortDecl3()" classname="de.uka.ilkd.key.parser.TestDeclParser" time="1.366"/>
  <testcase name="testGenericSortDecl4()" classname="de.uka.ilkd.key.parser.TestDeclParser" time="1.338"/>
  <testcase name="testGenericSortDecl5()" classname="de.uka.ilkd.key.parser.TestDeclParser" time="0.0">
    <skipped/>
  </testcase>
  <testcase name="testGenericSortDecl6()" classname="de.uka.ilkd.key.parser.TestDeclParser" time="1.345"/>
  <testcase name="testSortDecl()" classname="de.uka.ilkd.key.parser.TestDeclParser" time="1.348"/>
  <testcase name="testProxySortDecl()" classname="de.uka.ilkd.key.parser.TestDeclParser" time="1.339"/>
  <testcase name="testArrayDecl()" classname="de.uka.ilkd.key.parser.TestDeclParser" time="1.346"/>
  <testcase name="testAmbiguousDecls()" classname="de.uka.ilkd.key.parser.TestDeclParser" time="0.001">
    <skipped/>
  </testcase>
  <testcase name="testHeurDecl()" classname="de.uka.ilkd.key.parser.TestDeclParser" time="1.334"/>
  <testcase name="testFunctionDecl()" classname="de.uka.ilkd.key.parser.TestDeclParser" time="1.307"/>
  <testcase name="testPredicateDecl()" classname="de.uka.ilkd.key.parser.TestDeclParser" time="1.368"/>
  <testcase name="testSVDecl()" classname="de.uka.ilkd.key.parser.TestDeclParser" time="1.362"/>
  <system-out><![CDATA[330743     INFO  Test worker     d.u.i.k.n.KeyIO           Parsing took 0 ms 
330743     DEBUG Test worker     d.u.i.k.n.KeyIO           Load declarations of de.uka.ilkd.key.nparser.KeyAst$File:  <unknown>:1#1 
330743     INFO  Test worker     d.u.i.k.n.KeyIO           MODE: declarations took 0 ms 
330743     DEBUG Test worker     d.u.i.k.n.KeyIO           MODE: 2nd degree decls took 0 
330743     DEBUG Test worker     d.u.i.k.n.KeyIO           MODE: taclets took 0ms 
332088     INFO  Test worker     d.u.i.k.n.KeyIO           Parsing took 0 ms 
332088     DEBUG Test worker     d.u.i.k.n.KeyIO           Load declarations of de.uka.ilkd.key.nparser.KeyAst$File:  <unknown>:1#1 
332088     INFO  Test worker     d.u.i.k.n.KeyIO           MODE: declarations took 0 ms 
332088     DEBUG Test worker     d.u.i.k.n.KeyIO           MODE: 2nd degree decls took 0 
332088     DEBUG Test worker     d.u.i.k.n.KeyIO           MODE: taclets took 0ms 
333449     INFO  Test worker     d.u.i.k.n.KeyIO           Parsing took 0 ms 
333449     DEBUG Test worker     d.u.i.k.n.KeyIO           Load declarations of de.uka.ilkd.key.nparser.KeyAst$File:  <unknown>:1#1 
333449     INFO  Test worker     d.u.i.k.n.KeyIO           MODE: declarations took 0 ms 
333449     DEBUG Test worker     d.u.i.k.n.KeyIO           MODE: 2nd degree decls took 0 
333449     DEBUG Test worker     d.u.i.k.n.KeyIO           MODE: taclets took 0ms 
334793     INFO  Test worker     d.u.i.k.n.KeyIO           Parsing took 0 ms 
334793     DEBUG Test worker     d.u.i.k.n.KeyIO           Load declarations of de.uka.ilkd.key.nparser.KeyAst$File:  <unknown>:1#1 
334793     INFO  Test worker     d.u.i.k.n.KeyIO           MODE: declarations took 0 ms 
334793     DEBUG Test worker     d.u.i.k.n.KeyIO           MODE: 2nd degree decls took 0 
334793     DEBUG Test worker     d.u.i.k.n.KeyIO           MODE: taclets took 0ms 
336137     INFO  Test worker     d.u.i.k.n.KeyIO           Parsing took 0 ms 
336137     DEBUG Test worker     d.u.i.k.n.KeyIO           Load declarations of de.uka.ilkd.key.nparser.KeyAst$File:  <unknown>:1#1 
336137     INFO  Test worker     d.u.i.k.n.KeyIO           MODE: declarations took 0 ms 
336137     DEBUG Test worker     d.u.i.k.n.KeyIO           MODE: 2nd degree decls took 0 
336137     DEBUG Test worker     d.u.i.k.n.KeyIO           MODE: taclets took 0ms 
337498     INFO  Test worker     d.u.i.k.n.KeyIO           Parsing took 0 ms 
337498     DEBUG Test worker     d.u.i.k.n.KeyIO           Load declarations of de.uka.ilkd.key.nparser.KeyAst$File:  <unknown>:1#1 
337498     INFO  Test worker     d.u.i.k.n.KeyIO           MODE: declarations took 0 ms 
337498     DEBUG Test worker     d.u.i.k.n.KeyIO           MODE: 2nd degree decls took 0 
337498     DEBUG Test worker     d.u.i.k.n.KeyIO           MODE: taclets took 0ms 
338827     INFO  Test worker     d.u.i.k.n.KeyIO           Parsing took 0 ms 
338827     DEBUG Test worker     d.u.i.k.n.KeyIO           Load declarations of de.uka.ilkd.key.nparser.KeyAst$File:  <unknown>:1#1 
338827     INFO  Test worker     d.u.i.k.n.KeyIO           MODE: declarations took 0 ms 
338827     DEBUG Test worker     d.u.i.k.n.KeyIO           MODE: 2nd degree decls took 0 
338827     DEBUG Test worker     d.u.i.k.n.KeyIO           MODE: taclets took 0ms 
340171     INFO  Test worker     d.u.i.k.n.KeyIO           Parsing took 0 ms 
340171     DEBUG Test worker     d.u.i.k.n.KeyIO           Load declarations of de.uka.ilkd.key.nparser.KeyAst$File:  <unknown>:1#1 
340171     INFO  Test worker     d.u.i.k.n.KeyIO           MODE: declarations took 0 ms 
340171     DEBUG Test worker     d.u.i.k.n.KeyIO           MODE: 2nd degree decls took 0 
340171     DEBUG Test worker     d.u.i.k.n.KeyIO           MODE: taclets took 0ms 
341501     INFO  Test worker     d.u.i.k.n.KeyIO           Parsing took 0 ms 
341501     DEBUG Test worker     d.u.i.k.n.KeyIO           Load declarations of de.uka.ilkd.key.nparser.KeyAst$File:  <unknown>:1#1 
341501     INFO  Test worker     d.u.i.k.n.KeyIO           MODE: declarations took 0 ms 
341501     DEBUG Test worker     d.u.i.k.n.KeyIO           MODE: 2nd degree decls took 0 
341501     DEBUG Test worker     d.u.i.k.n.KeyIO           MODE: taclets took 0ms 
342815     INFO  Test worker     d.u.i.k.n.KeyIO           Parsing took 0 ms 
342815     DEBUG Test worker     d.u.i.k.n.KeyIO           Load declarations of de.uka.ilkd.key.nparser.KeyAst$File:  <unknown>:1#1 
342815     INFO  Test worker     d.u.i.k.n.KeyIO           MODE: declarations took 0 ms 
342815     DEBUG Test worker     d.u.i.k.n.KeyIO           MODE: 2nd degree decls took 0 
342815     DEBUG Test worker     d.u.i.k.n.KeyIO           MODE: taclets took 0ms 
344175     INFO  Test worker     d.u.i.k.n.KeyIO           Parsing took 0 ms 
344175     DEBUG Test worker     d.u.i.k.n.KeyIO           Load declarations of de.uka.ilkd.key.nparser.KeyAst$File:  <unknown>:1#1 
344175     INFO  Test worker     d.u.i.k.n.KeyIO           MODE: declarations took 0 ms 
344175     DEBUG Test worker     d.u.i.k.n.KeyIO           MODE: 2nd degree decls took 0 
344190     DEBUG Test worker     d.u.i.k.n.KeyIO           MODE: taclets took 0ms 
345537     INFO  Test worker     d.u.i.k.n.KeyIO           Parsing took 0 ms 
345537     DEBUG Test worker     d.u.i.k.n.KeyIO           Load declarations of de.uka.ilkd.key.nparser.KeyAst$File:  <unknown>:1#1 
345537     INFO  Test worker     d.u.i.k.n.KeyIO           MODE: declarations took 0 ms 
345537     DEBUG Test worker     d.u.i.k.n.KeyIO           MODE: 2nd degree decls took 0 
345537     DEBUG Test worker     d.u.i.k.n.KeyIO           MODE: taclets took 0ms 
]]></system-out>
  <system-err><![CDATA[]]></system-err>
</testsuite>
