<?xml version="1.0" encoding="UTF-8"?>
<testsuite name="de.uka.ilkd.key.parser.TestTermParserSorts" tests="2" skipped="0" failures="0" errors="0" timestamp="2023-05-31T10:54:15" hostname="fv-az405-424" time="4.522">
  <properties/>
  <testcase name="testParseIntegerArgs()" classname="de.uka.ilkd.key.parser.TestTermParserSorts" time="0.02"/>
  <testcase name="testParseSequencePrettySyntax()" classname="de.uka.ilkd.key.parser.TestTermParserSorts" time="0.004"/>
  <system-out><![CDATA[651495     INFO  Test worker     d.u.i.k.n.KeyIO           Parsing took 0 ms 
651495     DEBUG Test worker     d.u.i.k.n.KeyIO           Load declarations of de.uka.ilkd.key.nparser.KeyAst$File:  <unknown>:1#1 
651495     INFO  Test worker     d.u.i.k.n.KeyIO           MODE: declarations took 0 ms 
651495     DEBUG Test worker     d.u.i.k.n.KeyIO           MODE: 2nd degree decls took 0 
651495     INFO  Test worker     d.u.i.k.n.KeyIO           Parsing took 0 ms 
651495     DEBUG Test worker     d.u.i.k.n.KeyIO           Load declarations of de.uka.ilkd.key.nparser.KeyAst$File:  <unknown>:1#1 
651495     INFO  Test worker     d.u.i.k.n.KeyIO           MODE: declarations took 0 ms 
651495     DEBUG Test worker     d.u.i.k.n.KeyIO           MODE: 2nd degree decls took 0 
651495     INFO  Test worker     d.u.i.k.n.KeyIO           Parsing took 0 ms 
651495     DEBUG Test worker     d.u.i.k.n.KeyIO           Load declarations of de.uka.ilkd.key.nparser.KeyAst$File:  <unknown>:1#1 
651495     INFO  Test worker     d.u.i.k.n.KeyIO           MODE: declarations took 0 ms 
651495     DEBUG Test worker     d.u.i.k.n.KeyIO           MODE: 2nd degree decls took 0 
656013     INFO  Test worker     d.u.i.k.n.KeyIO           Parsing took 0 ms 
656013     DEBUG Test worker     d.u.i.k.n.KeyIO           Load declarations of de.uka.ilkd.key.nparser.KeyAst$File:  <unknown>:1#1 
656013     INFO  Test worker     d.u.i.k.n.KeyIO           MODE: declarations took 0 ms 
656013     DEBUG Test worker     d.u.i.k.n.KeyIO           MODE: 2nd degree decls took 0 
656013     INFO  Test worker     d.u.i.k.n.KeyIO           Parsing took 0 ms 
656013     DEBUG Test worker     d.u.i.k.n.KeyIO           Load declarations of de.uka.ilkd.key.nparser.KeyAst$File:  <unknown>:1#1 
656013     INFO  Test worker     d.u.i.k.n.KeyIO           MODE: declarations took 0 ms 
656013     DEBUG Test worker     d.u.i.k.n.KeyIO           MODE: 2nd degree decls took 0 
656013     INFO  Test worker     d.u.i.k.n.KeyIO           Parsing took 0 ms 
656013     DEBUG Test worker     d.u.i.k.n.KeyIO           Load declarations of de.uka.ilkd.key.nparser.KeyAst$File:  <unknown>:1#1 
656013     INFO  Test worker     d.u.i.k.n.KeyIO           MODE: declarations took 0 ms 
656013     DEBUG Test worker     d.u.i.k.n.KeyIO           MODE: 2nd degree decls took 0 
]]></system-out>
  <system-err><![CDATA[]]></system-err>
</testsuite>
