<?xml version="1.0" encoding="UTF-8"?>
<testsuite name="de.uka.ilkd.key.util.TestEqualsModProofIrrelevancy" tests="1" skipped="0" failures="0" errors="0" timestamp="2023-05-31T11:03:55" hostname="fv-az405-424" time="13.073">
  <properties/>
  <testcase name="testJavaProof()" classname="de.uka.ilkd.key.util.TestEqualsModProofIrrelevancy" time="13.073"/>
  <system-out><![CDATA[1231485    INFO  Test worker     d.u.i.k.p.i.AbstractProblemLoader Loading environment from src\test\resources\testcase\..\..\..\..\..\key.ui\examples\heap\verifyThis15_1_RelaxedPrefix\relax.proof 
1231485    DEBUG Test worker     d.u.i.k.p.i.AbstractProblemLoader Environment load took 195.9ns 
1231516    INFO  Test worker     d.u.i.k.p.i.AbstractProblemLoader Creating init config 
1231704    DEBUG Test worker     d.u.i.k.j.TypeConverter   No LDT found for Meta 
1231704    DEBUG Test worker     d.u.i.k.j.TypeConverter   No LDT found for Meta 
1231704    DEBUG Test worker     d.u.i.k.j.TypeConverter   No LDT found for Meta 
1231704    DEBUG Test worker     d.u.i.k.j.TypeConverter   No LDT found for Meta 
1232501    DEBUG Test worker     d.u.i.k.j.TypeConverter   No LDT found for JavaBigintExpression 
1237660    DEBUG Test worker     d.u.i.k.p.i.AbstractProblemLoader Init config took 6.14s 
1237738    INFO  Test worker     d.u.i.k.p.i.AbstractProblemLoader Replaying proof Relaxed[Relaxed::isRelaxedPrefix([I,[I)].JML operation contract.0 
1238708    DEBUG Test worker     d.u.i.k.p.i.IntermediateProofReplayer Proof replay took 937.09ms 
1238708    INFO  Test worker     d.u.i.k.p.i.AbstractProblemLoader Loading environment from src\test\resources\testcase\..\..\..\..\..\key.ui\examples\heap\verifyThis15_1_RelaxedPrefix\relax.proof 
1238708    DEBUG Test worker     d.u.i.k.p.i.AbstractProblemLoader Environment load took 414.5ns 
1238708    INFO  Test worker     d.u.i.k.p.i.AbstractProblemLoader Creating init config 
1243475    DEBUG Test worker     d.u.i.k.p.i.AbstractProblemLoader Init config took 4.76s 
1243521    INFO  Test worker     d.u.i.k.p.i.AbstractProblemLoader Replaying proof Relaxed[Relaxed::isRelaxedPrefix([I,[I)].JML operation contract.0 
1244288    DEBUG Test worker     d.u.i.k.p.i.IntermediateProofReplayer Proof replay took 731.75ms 
]]></system-out>
  <system-err><![CDATA[]]></system-err>
</testsuite>
