<?xml version="1.0" encoding="UTF-8"?>
<testsuite name="de.uka.ilkd.key.rule.loop.LoopScopeInvRuleTests" tests="1" skipped="0" failures="0" errors="0" timestamp="2023-05-31T10:54:59" hostname="fv-az405-424" time="6.947">
  <properties/>
  <testcase name="testDoAutomaticProofOfBenchmarkWithLabeledBreaksAndContinues()" classname="de.uka.ilkd.key.rule.loop.LoopScopeInvRuleTests" time="6.947"/>
  <system-out><![CDATA[695069     INFO  Test worker     d.u.i.k.p.i.AbstractProblemLoader Loading environment from src\test\resources\testcase\loopScopeInvRule\Test.key 
695069     DEBUG Test worker     d.u.i.k.p.i.AbstractProblemLoader Environment load took 248.2ns 
695069     INFO  Test worker     d.u.i.k.p.i.AbstractProblemLoader Creating init config 
695304     DEBUG Test worker     d.u.i.k.j.TypeConverter   No LDT found for Meta 
695304     DEBUG Test worker     d.u.i.k.j.TypeConverter   No LDT found for Meta 
695304     DEBUG Test worker     d.u.i.k.j.TypeConverter   No LDT found for Meta 
695304     DEBUG Test worker     d.u.i.k.j.TypeConverter   No LDT found for Meta 
696210     DEBUG Test worker     d.u.i.k.j.TypeConverter   No LDT found for JavaBigintExpression 
701166     DEBUG Test worker     d.u.i.k.p.i.AbstractProblemLoader Init config took 6.09s 
701217     INFO  Test worker     d.u.i.k.p.i.AbstractProblemLoader Replaying proof Test[Test::loopScopeRuleBenchmark(int,boolean)].JML normal_behavior operation contract.0 
701217     DEBUG Test worker     d.u.i.k.p.i.IntermediateProofReplayer Proof replay took 17.7ns 
]]></system-out>
  <system-err><![CDATA[]]></system-err>
</testsuite>
