<?xml version="1.0" encoding="UTF-8"?>
<testsuite name="de.uka.ilkd.key.parser.TestParser" tests="5" skipped="1" failures="0" errors="0" timestamp="2023-05-31T10:51:04" hostname="fv-az405-424" time="7.33">
  <properties/>
  <testcase name="testConstantEvaluationError()" classname="de.uka.ilkd.key.parser.TestParser" time="1.437"/>
  <testcase name="testGenericSort()" classname="de.uka.ilkd.key.parser.TestParser" time="0.003"/>
  <testcase name="testIssue1566()" classname="de.uka.ilkd.key.parser.TestParser" time="4.518"/>
  <testcase name="testIssue39()" classname="de.uka.ilkd.key.parser.TestParser" time="1.369"/>
  <testcase name="testRelativeInclude()" classname="de.uka.ilkd.key.parser.TestParser" time="0.003">
    <skipped/>
  </testcase>
  <system-out><![CDATA[459750     INFO  Test worker     d.u.i.k.p.i.AbstractProblemLoader Loading environment from src\test\resources\testcase\parserErrorTest\AssignToArray.java 
459750     DEBUG Test worker     d.u.i.k.p.i.AbstractProblemLoader Environment load took 115.2ns 
459750     INFO  Test worker     d.u.i.k.p.i.AbstractProblemLoader Creating init config 
461173     INFO  Test worker     d.u.i.k.n.KeyIO           Parsing took 0 ms 
461189     DEBUG Test worker     d.u.i.k.n.KeyIO           Load declarations of de.uka.ilkd.key.nparser.KeyAst$File:  <unknown>:1#1 
461189     INFO  Test worker     d.u.i.k.n.KeyIO           MODE: declarations took 0 ms 
461189     DEBUG Test worker     d.u.i.k.n.KeyIO           MODE: 2nd degree decls took 0 
461189     DEBUG Test worker     d.u.i.k.n.KeyIO           MODE: taclets took 0ms 
461189     INFO  Test worker     d.u.i.k.p.i.AbstractProblemLoader Loading environment from src\test\resources\testcase\issues\1566\a.key 
461189     DEBUG Test worker     d.u.i.k.p.i.AbstractProblemLoader Environment load took 139.9ns 
461189     INFO  Test worker     d.u.i.k.p.i.AbstractProblemLoader Creating init config 
465676     DEBUG Test worker     d.u.i.k.p.i.AbstractProblemLoader Init config took 4.49s 
465692     INFO  Test worker     d.u.i.k.p.i.AbstractProblemLoader Replaying proof a.key 
465692     DEBUG Test worker     d.u.i.k.p.i.IntermediateProofReplayer Proof replay took 9.1ns 
465708     INFO  Test worker     d.u.i.k.p.i.AbstractProblemLoader Loading environment from src\test\resources\testcase\issues\39\A.java 
465708     DEBUG Test worker     d.u.i.k.p.i.AbstractProblemLoader Environment load took 128.8ns 
465708     INFO  Test worker     d.u.i.k.p.i.AbstractProblemLoader Creating init config 
]]></system-out>
  <system-err><![CDATA[]]></system-err>
</testsuite>
