<?xml version="1.0" encoding="UTF-8"?>
<testsuite name="de.uka.ilkd.key.rule.merge.PredicateAbstractionLatticeTests" tests="3" skipped="0" failures="0" errors="0" timestamp="2023-05-31T10:56:58" hostname="fv-az405-424" time="10.146">
  <properties/>
  <testcase name="testToAndFromString()" classname="de.uka.ilkd.key.rule.merge.PredicateAbstractionLatticeTests" time="5.314"/>
  <testcase name="testCreateSignLatticeWithPredicates()" classname="de.uka.ilkd.key.rule.merge.PredicateAbstractionLatticeTests" time="4.832"/>
  <testcase name="testTrivialPredicatesLattice()" classname="de.uka.ilkd.key.rule.merge.PredicateAbstractionLatticeTests" time="0.0"/>
  <system-out><![CDATA[814135     INFO  Test worker     d.u.i.k.p.i.AbstractProblemLoader Loading environment from src\test\resources\testcase\merge\dummy.key 
814135     DEBUG Test worker     d.u.i.k.p.i.AbstractProblemLoader Environment load took 225.6ns 
814135     INFO  Test worker     d.u.i.k.p.i.AbstractProblemLoader Creating init config 
819419     DEBUG Test worker     d.u.i.k.p.i.AbstractProblemLoader Init config took 5.28s 
819450     INFO  Test worker     d.u.i.k.p.i.AbstractProblemLoader Replaying proof dummy.key 
819450     DEBUG Test worker     d.u.i.k.p.i.IntermediateProofReplayer Proof replay took 10.2ns 
819450     INFO  Test worker     d.u.i.k.p.i.AbstractProblemLoader Loading environment from src\test\resources\testcase\merge\dummy.key 
819450     DEBUG Test worker     d.u.i.k.p.i.AbstractProblemLoader Environment load took 159.7ns 
819466     INFO  Test worker     d.u.i.k.p.i.AbstractProblemLoader Creating init config 
824266     DEBUG Test worker     d.u.i.k.p.i.AbstractProblemLoader Init config took 4.8s 
824282     INFO  Test worker     d.u.i.k.p.i.AbstractProblemLoader Replaying proof dummy.key 
824282     DEBUG Test worker     d.u.i.k.p.i.IntermediateProofReplayer Proof replay took 8.5ns 
]]></system-out>
  <system-err><![CDATA[]]></system-err>
</testsuite>
