<?xml version="1.0" encoding="UTF-8"?>
<testsuite name="de.uka.ilkd.key.logic.TestClashFreeSubst" tests="14" skipped="2" failures="0" errors="0" timestamp="2023-05-31T10:44:23" hostname="fv-az405-424" time="79.047">
  <properties/>
  <testcase name="testMultiShareBound()" classname="de.uka.ilkd.key.logic.TestClashFreeSubst" time="1.494"/>
  <testcase name="testClash()" classname="de.uka.ilkd.key.logic.TestClashFreeSubst" time="1.476"/>
  <testcase name="testShare()" classname="de.uka.ilkd.key.logic.TestClashFreeSubst" time="1.469"/>
  <testcase name="testSubst()" classname="de.uka.ilkd.key.logic.TestClashFreeSubst" time="1.423"/>
  <testcase name="testWary0()" classname="de.uka.ilkd.key.logic.TestClashFreeSubst" time="1.463"/>
  <testcase name="testWary1()" classname="de.uka.ilkd.key.logic.TestClashFreeSubst" time="1.431"/>
  <testcase name="testWary2()" classname="de.uka.ilkd.key.logic.TestClashFreeSubst" time="1.402"/>
  <testcase name="testClashInSubstTerm()" classname="de.uka.ilkd.key.logic.TestClashFreeSubst" time="1.5"/>
  <testcase name="testShareWary()" classname="de.uka.ilkd.key.logic.TestClashFreeSubst" time="1.484"/>
  <testcase name="testMultiSubst()" classname="de.uka.ilkd.key.logic.TestClashFreeSubst" time="1.579"/>
  <testcase name="xtestMultiClash()" classname="de.uka.ilkd.key.logic.TestClashFreeSubst" time="0.0">
    <skipped/>
  </testcase>
  <testcase name="testSubstInSubstTerm()" classname="de.uka.ilkd.key.logic.TestClashFreeSubst" time="1.423"/>
  <testcase name="testSubstWary()" classname="de.uka.ilkd.key.logic.TestClashFreeSubst" time="1.376"/>
  <testcase name="xtestMultiClash1()" classname="de.uka.ilkd.key.logic.TestClashFreeSubst" time="0.0">
    <skipped/>
  </testcase>
  <system-out><![CDATA[58800      INFO  Test worker     d.u.i.k.n.KeyIO           Parsing took 0 ms 
58800      DEBUG Test worker     d.u.i.k.n.KeyIO           Load declarations of de.uka.ilkd.key.nparser.KeyAst$File:  <unknown>:1#1 
58800      INFO  Test worker     d.u.i.k.n.KeyIO           MODE: declarations took 0 ms 
58800      DEBUG Test worker     d.u.i.k.n.KeyIO           MODE: 2nd degree decls took 0 
60286      INFO  Test worker     d.u.i.k.n.KeyIO           Parsing took 0 ms 
60286      DEBUG Test worker     d.u.i.k.n.KeyIO           Load declarations of de.uka.ilkd.key.nparser.KeyAst$File:  <unknown>:1#1 
60286      INFO  Test worker     d.u.i.k.n.KeyIO           MODE: declarations took 0 ms 
60286      DEBUG Test worker     d.u.i.k.n.KeyIO           MODE: 2nd degree decls took 0 
65241      INFO  Test worker     d.u.i.k.n.KeyIO           Parsing took 0 ms 
65241      DEBUG Test worker     d.u.i.k.n.KeyIO           Load declarations of de.uka.ilkd.key.nparser.KeyAst$File:  <unknown>:1#1 
65241      INFO  Test worker     d.u.i.k.n.KeyIO           MODE: declarations took 0 ms 
65241      DEBUG Test worker     d.u.i.k.n.KeyIO           MODE: 2nd degree decls took 0 
66711      INFO  Test worker     d.u.i.k.n.KeyIO           Parsing took 0 ms 
66711      DEBUG Test worker     d.u.i.k.n.KeyIO           Load declarations of de.uka.ilkd.key.nparser.KeyAst$File:  <unknown>:1#1 
66711      INFO  Test worker     d.u.i.k.n.KeyIO           MODE: declarations took 0 ms 
66711      DEBUG Test worker     d.u.i.k.n.KeyIO           MODE: 2nd degree decls took 0 
71495      INFO  Test worker     d.u.i.k.n.KeyIO           Parsing took 0 ms 
71495      DEBUG Test worker     d.u.i.k.n.KeyIO           Load declarations of de.uka.ilkd.key.nparser.KeyAst$File:  <unknown>:1#1 
71495      INFO  Test worker     d.u.i.k.n.KeyIO           MODE: declarations took 0 ms 
71495      DEBUG Test worker     d.u.i.k.n.KeyIO           MODE: 2nd degree decls took 0 
72949      INFO  Test worker     d.u.i.k.n.KeyIO           Parsing took 0 ms 
72949      DEBUG Test worker     d.u.i.k.n.KeyIO           Load declarations of de.uka.ilkd.key.nparser.KeyAst$File:  <unknown>:1#1 
72949      INFO  Test worker     d.u.i.k.n.KeyIO           MODE: declarations took 0 ms 
72949      DEBUG Test worker     d.u.i.k.n.KeyIO           MODE: 2nd degree decls took 0 
77749      INFO  Test worker     d.u.i.k.n.KeyIO           Parsing took 0 ms 
77749      DEBUG Test worker     d.u.i.k.n.KeyIO           Load declarations of de.uka.ilkd.key.nparser.KeyAst$File:  <unknown>:1#1 
77749      INFO  Test worker     d.u.i.k.n.KeyIO           MODE: declarations took 0 ms 
77749      DEBUG Test worker     d.u.i.k.n.KeyIO           MODE: 2nd degree decls took 0 
79156      INFO  Test worker     d.u.i.k.n.KeyIO           Parsing took 0 ms 
79156      DEBUG Test worker     d.u.i.k.n.KeyIO           Load declarations of de.uka.ilkd.key.nparser.KeyAst$File:  <unknown>:1#1 
79156      INFO  Test worker     d.u.i.k.n.KeyIO           MODE: declarations took 0 ms 
79156      DEBUG Test worker     d.u.i.k.n.KeyIO           MODE: 2nd degree decls took 0 
83908      INFO  Test worker     d.u.i.k.n.KeyIO           Parsing took 0 ms 
83908      DEBUG Test worker     d.u.i.k.n.KeyIO           Load declarations of de.uka.ilkd.key.nparser.KeyAst$File:  <unknown>:1#1 
83908      INFO  Test worker     d.u.i.k.n.KeyIO           MODE: declarations took 0 ms 
83908      DEBUG Test worker     d.u.i.k.n.KeyIO           MODE: 2nd degree decls took 0 
85346      INFO  Test worker     d.u.i.k.n.KeyIO           Parsing took 0 ms 
85346      DEBUG Test worker     d.u.i.k.n.KeyIO           Load declarations of de.uka.ilkd.key.nparser.KeyAst$File:  <unknown>:1#1 
85346      INFO  Test worker     d.u.i.k.n.KeyIO           MODE: declarations took 0 ms 
85346      DEBUG Test worker     d.u.i.k.n.KeyIO           MODE: 2nd degree decls took 0 
90023      INFO  Test worker     d.u.i.k.n.KeyIO           Parsing took 0 ms 
90038      DEBUG Test worker     d.u.i.k.n.KeyIO           Load declarations of de.uka.ilkd.key.nparser.KeyAst$File:  <unknown>:1#1 
90038      INFO  Test worker     d.u.i.k.n.KeyIO           MODE: declarations took 0 ms 
90038      DEBUG Test worker     d.u.i.k.n.KeyIO           MODE: 2nd degree decls took 0 
91461      INFO  Test worker     d.u.i.k.n.KeyIO           Parsing took 0 ms 
91461      DEBUG Test worker     d.u.i.k.n.KeyIO           Load declarations of de.uka.ilkd.key.nparser.KeyAst$File:  <unknown>:1#1 
91461      INFO  Test worker     d.u.i.k.n.KeyIO           MODE: declarations took 0 ms 
91461      DEBUG Test worker     d.u.i.k.n.KeyIO           MODE: 2nd degree decls took 0 
96088      INFO  Test worker     d.u.i.k.n.KeyIO           Parsing took 0 ms 
96088      DEBUG Test worker     d.u.i.k.n.KeyIO           Load declarations of de.uka.ilkd.key.nparser.KeyAst$File:  <unknown>:1#1 
96088      INFO  Test worker     d.u.i.k.n.KeyIO           MODE: declarations took 0 ms 
96088      DEBUG Test worker     d.u.i.k.n.KeyIO           MODE: 2nd degree decls took 0 
97495      INFO  Test worker     d.u.i.k.n.KeyIO           Parsing took 0 ms 
97495      DEBUG Test worker     d.u.i.k.n.KeyIO           Load declarations of de.uka.ilkd.key.nparser.KeyAst$File:  <unknown>:1#1 
97495      INFO  Test worker     d.u.i.k.n.KeyIO           MODE: declarations took 0 ms 
97495      DEBUG Test worker     d.u.i.k.n.KeyIO           MODE: 2nd degree decls took 0 
102186     INFO  Test worker     d.u.i.k.n.KeyIO           Parsing took 0 ms 
102186     DEBUG Test worker     d.u.i.k.n.KeyIO           Load declarations of de.uka.ilkd.key.nparser.KeyAst$File:  <unknown>:1#1 
102186     INFO  Test worker     d.u.i.k.n.KeyIO           MODE: declarations took 0 ms 
102186     DEBUG Test worker     d.u.i.k.n.KeyIO           MODE: 2nd degree decls took 0 
103688     INFO  Test worker     d.u.i.k.n.KeyIO           Parsing took 0 ms 
103688     DEBUG Test worker     d.u.i.k.n.KeyIO           Load declarations of de.uka.ilkd.key.nparser.KeyAst$File:  <unknown>:1#1 
103688     INFO  Test worker     d.u.i.k.n.KeyIO           MODE: declarations took 0 ms 
103688     DEBUG Test worker     d.u.i.k.n.KeyIO           MODE: 2nd degree decls took 0 
108362     INFO  Test worker     d.u.i.k.n.KeyIO           Parsing took 0 ms 
108362     DEBUG Test worker     d.u.i.k.n.KeyIO           Load declarations of de.uka.ilkd.key.nparser.KeyAst$File:  <unknown>:1#1 
108362     INFO  Test worker     d.u.i.k.n.KeyIO           MODE: declarations took 0 ms 
108362     DEBUG Test worker     d.u.i.k.n.KeyIO           MODE: 2nd degree decls took 0 
109832     INFO  Test worker     d.u.i.k.n.KeyIO           Parsing took 0 ms 
109832     DEBUG Test worker     d.u.i.k.n.KeyIO           Load declarations of de.uka.ilkd.key.nparser.KeyAst$File:  <unknown>:1#1 
109832     INFO  Test worker     d.u.i.k.n.KeyIO           MODE: declarations took 0 ms 
109832     DEBUG Test worker     d.u.i.k.n.KeyIO           MODE: 2nd degree decls took 0 
114475     INFO  Test worker     d.u.i.k.n.KeyIO           Parsing took 0 ms 
114475     DEBUG Test worker     d.u.i.k.n.KeyIO           Load declarations of de.uka.ilkd.key.nparser.KeyAst$File:  <unknown>:1#1 
114475     INFO  Test worker     d.u.i.k.n.KeyIO           MODE: declarations took 0 ms 
114475     DEBUG Test worker     d.u.i.k.n.KeyIO           MODE: 2nd degree decls took 0 
116054     INFO  Test worker     d.u.i.k.n.KeyIO           Parsing took 0 ms 
116054     DEBUG Test worker     d.u.i.k.n.KeyIO           Load declarations of de.uka.ilkd.key.nparser.KeyAst$File:  <unknown>:1#1 
116054     INFO  Test worker     d.u.i.k.n.KeyIO           MODE: declarations took 0 ms 
116054     DEBUG Test worker     d.u.i.k.n.KeyIO           MODE: 2nd degree decls took 0 
125889     INFO  Test worker     d.u.i.k.n.KeyIO           Parsing took 0 ms 
125889     DEBUG Test worker     d.u.i.k.n.KeyIO           Load declarations of de.uka.ilkd.key.nparser.KeyAst$File:  <unknown>:1#1 
125889     INFO  Test worker     d.u.i.k.n.KeyIO           MODE: declarations took 0 ms 
125889     DEBUG Test worker     d.u.i.k.n.KeyIO           MODE: 2nd degree decls took 0 
127295     INFO  Test worker     d.u.i.k.n.KeyIO           Parsing took 0 ms 
127295     DEBUG Test worker     d.u.i.k.n.KeyIO           Load declarations of de.uka.ilkd.key.nparser.KeyAst$File:  <unknown>:1#1 
127295     INFO  Test worker     d.u.i.k.n.KeyIO           MODE: declarations took 0 ms 
127295     DEBUG Test worker     d.u.i.k.n.KeyIO           MODE: 2nd degree decls took 0 
131845     INFO  Test worker     d.u.i.k.n.KeyIO           Parsing took 0 ms 
131845     DEBUG Test worker     d.u.i.k.n.KeyIO           Load declarations of de.uka.ilkd.key.nparser.KeyAst$File:  <unknown>:1#1 
131845     INFO  Test worker     d.u.i.k.n.KeyIO           MODE: declarations took 0 ms 
131860     DEBUG Test worker     d.u.i.k.n.KeyIO           MODE: 2nd degree decls took 0 
133220     INFO  Test worker     d.u.i.k.n.KeyIO           Parsing took 0 ms 
133220     DEBUG Test worker     d.u.i.k.n.KeyIO           Load declarations of de.uka.ilkd.key.nparser.KeyAst$File:  <unknown>:1#1 
133220     INFO  Test worker     d.u.i.k.n.KeyIO           MODE: declarations took 0 ms 
133220     DEBUG Test worker     d.u.i.k.n.KeyIO           MODE: 2nd degree decls took 0 
]]></system-out>
  <system-err><![CDATA[]]></system-err>
</testsuite>
