<?xml version="1.0" encoding="UTF-8"?>
<testsuite name="de.uka.ilkd.key.symbolic_execution.testcase.util.TestSideProofStore" tests="2" skipped="0" failures="0" errors="0" timestamp="2023-04-05T12:24:02" hostname="fv-az389-890" time="0.007">
  <properties/>
  <testcase name="testEnabledState()" classname="de.uka.ilkd.key.symbolic_execution.testcase.util.TestSideProofStore" time="0.001"/>
  <testcase name="testProofManagement()" classname="de.uka.ilkd.key.symbolic_execution.testcase.util.TestSideProofStore" time="0.005"/>
  <system-out><![CDATA[]]></system-out>
  <system-err><![CDATA[]]></system-err>
</testsuite>
