<?xml version="1.0" encoding="UTF-8"?>
<testsuite name="de.uka.ilkd.key.symbolic_execution.testcase.util.TestSymbolicExecutionUtil" tests="2" skipped="0" failures="0" errors="0" timestamp="2023-04-05T12:24:02" hostname="fv-az389-890" time="3.649">
  <properties/>
  <testcase name="test1ImproveReadability()" classname="de.uka.ilkd.key.symbolic_execution.testcase.util.TestSymbolicExecutionUtil" time="3.648"/>
  <testcase name="test2GetAndSetChoiceSetting()" classname="de.uka.ilkd.key.symbolic_execution.testcase.util.TestSymbolicExecutionUtil" time="0.001"/>
  <system-out><![CDATA[]]></system-out>
  <system-err><![CDATA[]]></system-err>
</testsuite>
