<?xml version="1.0" encoding="UTF-8"?>
<testsuite name="de.uka.ilkd.key.parser.TestDeclParser" tests="14" skipped="2" failures="0" errors="0" timestamp="2023-06-12T22:16:42" hostname="fv-az618-737" time="18.969">
  <properties/>
  <testcase name="testGenericSortDecl1()" classname="de.uka.ilkd.key.parser.TestDeclParser" time="1.597"/>
  <testcase name="testGenericSortDecl2()" classname="de.uka.ilkd.key.parser.TestDeclParser" time="1.548"/>
  <testcase name="testGenericSortDecl3()" classname="de.uka.ilkd.key.parser.TestDeclParser" time="1.602"/>
  <testcase name="testGenericSortDecl4()" classname="de.uka.ilkd.key.parser.TestDeclParser" time="1.596"/>
  <testcase name="testGenericSortDecl5()" classname="de.uka.ilkd.key.parser.TestDeclParser" time="0.0">
    <skipped/>
  </testcase>
  <testcase name="testGenericSortDecl6()" classname="de.uka.ilkd.key.parser.TestDeclParser" time="1.584"/>
  <testcase name="testSortDecl()" classname="de.uka.ilkd.key.parser.TestDeclParser" time="1.549"/>
  <testcase name="testProxySortDecl()" classname="de.uka.ilkd.key.parser.TestDeclParser" time="1.589"/>
  <testcase name="testArrayDecl()" classname="de.uka.ilkd.key.parser.TestDeclParser" time="1.607"/>
  <testcase name="testAmbiguousDecls()" classname="de.uka.ilkd.key.parser.TestDeclParser" time="0.0">
    <skipped/>
  </testcase>
  <testcase name="testHeurDecl()" classname="de.uka.ilkd.key.parser.TestDeclParser" time="1.586"/>
  <testcase name="testFunctionDecl()" classname="de.uka.ilkd.key.parser.TestDeclParser" time="1.535"/>
  <testcase name="testPredicateDecl()" classname="de.uka.ilkd.key.parser.TestDeclParser" time="1.583"/>
  <testcase name="testSVDecl()" classname="de.uka.ilkd.key.parser.TestDeclParser" time="1.59"/>
  <system-out><![CDATA[361886     INFO  Test worker     d.u.i.k.n.KeyIO           Parsing took 0 ms 
361886     DEBUG Test worker     d.u.i.k.n.KeyIO           Load declarations of de.uka.ilkd.key.nparser.KeyAst$File:  <unknown>:1#1 
361886     INFO  Test worker     d.u.i.k.n.KeyIO           MODE: declarations took 0 ms 
361886     DEBUG Test worker     d.u.i.k.n.KeyIO           MODE: 2nd degree decls took 0 
361886     DEBUG Test worker     d.u.i.k.n.KeyIO           MODE: taclets took 0ms 
363436     INFO  Test worker     d.u.i.k.n.KeyIO           Parsing took 0 ms 
363436     DEBUG Test worker     d.u.i.k.n.KeyIO           Load declarations of de.uka.ilkd.key.nparser.KeyAst$File:  <unknown>:1#1 
363436     INFO  Test worker     d.u.i.k.n.KeyIO           MODE: declarations took 0 ms 
363436     DEBUG Test worker     d.u.i.k.n.KeyIO           MODE: 2nd degree decls took 0 
363436     DEBUG Test worker     d.u.i.k.n.KeyIO           MODE: taclets took 0ms 
365037     INFO  Test worker     d.u.i.k.n.KeyIO           Parsing took 0 ms 
365037     DEBUG Test worker     d.u.i.k.n.KeyIO           Load declarations of de.uka.ilkd.key.nparser.KeyAst$File:  <unknown>:1#1 
365037     INFO  Test worker     d.u.i.k.n.KeyIO           MODE: declarations took 0 ms 
365037     DEBUG Test worker     d.u.i.k.n.KeyIO           MODE: 2nd degree decls took 0 
365037     DEBUG Test worker     d.u.i.k.n.KeyIO           MODE: taclets took 0ms 
366638     INFO  Test worker     d.u.i.k.n.KeyIO           Parsing took 0 ms 
366638     DEBUG Test worker     d.u.i.k.n.KeyIO           Load declarations of de.uka.ilkd.key.nparser.KeyAst$File:  <unknown>:1#1 
366638     INFO  Test worker     d.u.i.k.n.KeyIO           MODE: declarations took 0 ms 
366638     DEBUG Test worker     d.u.i.k.n.KeyIO           MODE: 2nd degree decls took 0 
366638     DEBUG Test worker     d.u.i.k.n.KeyIO           MODE: taclets took 0ms 
368218     INFO  Test worker     d.u.i.k.n.KeyIO           Parsing took 0 ms 
368218     DEBUG Test worker     d.u.i.k.n.KeyIO           Load declarations of de.uka.ilkd.key.nparser.KeyAst$File:  <unknown>:1#1 
368218     INFO  Test worker     d.u.i.k.n.KeyIO           MODE: declarations took 0 ms 
368218     DEBUG Test worker     d.u.i.k.n.KeyIO           MODE: 2nd degree decls took 0 
368218     DEBUG Test worker     d.u.i.k.n.KeyIO           MODE: taclets took 0ms 
369776     INFO  Test worker     d.u.i.k.n.KeyIO           Parsing took 0 ms 
369776     DEBUG Test worker     d.u.i.k.n.KeyIO           Load declarations of de.uka.ilkd.key.nparser.KeyAst$File:  <unknown>:1#1 
369776     INFO  Test worker     d.u.i.k.n.KeyIO           MODE: declarations took 0 ms 
369776     DEBUG Test worker     d.u.i.k.n.KeyIO           MODE: 2nd degree decls took 0 
369776     DEBUG Test worker     d.u.i.k.n.KeyIO           MODE: taclets took 0ms 
371341     INFO  Test worker     d.u.i.k.n.KeyIO           Parsing took 0 ms 
371341     DEBUG Test worker     d.u.i.k.n.KeyIO           Load declarations of de.uka.ilkd.key.nparser.KeyAst$File:  <unknown>:1#1 
371356     INFO  Test worker     d.u.i.k.n.KeyIO           MODE: declarations took 15 ms 
371356     DEBUG Test worker     d.u.i.k.n.KeyIO           MODE: 2nd degree decls took 0 
371356     DEBUG Test worker     d.u.i.k.n.KeyIO           MODE: taclets took 0ms 
372954     INFO  Test worker     d.u.i.k.n.KeyIO           Parsing took 0 ms 
372954     DEBUG Test worker     d.u.i.k.n.KeyIO           Load declarations of de.uka.ilkd.key.nparser.KeyAst$File:  <unknown>:1#1 
372954     INFO  Test worker     d.u.i.k.n.KeyIO           MODE: declarations took 0 ms 
372954     DEBUG Test worker     d.u.i.k.n.KeyIO           MODE: 2nd degree decls took 0 
372954     DEBUG Test worker     d.u.i.k.n.KeyIO           MODE: taclets took 0ms 
374549     INFO  Test worker     d.u.i.k.n.KeyIO           Parsing took 0 ms 
374549     DEBUG Test worker     d.u.i.k.n.KeyIO           Load declarations of de.uka.ilkd.key.nparser.KeyAst$File:  <unknown>:1#1 
374549     INFO  Test worker     d.u.i.k.n.KeyIO           MODE: declarations took 0 ms 
374549     DEBUG Test worker     d.u.i.k.n.KeyIO           MODE: 2nd degree decls took 0 
374549     DEBUG Test worker     d.u.i.k.n.KeyIO           MODE: taclets took 0ms 
376089     INFO  Test worker     d.u.i.k.n.KeyIO           Parsing took 0 ms 
376089     DEBUG Test worker     d.u.i.k.n.KeyIO           Load declarations of de.uka.ilkd.key.nparser.KeyAst$File:  <unknown>:1#1 
376089     INFO  Test worker     d.u.i.k.n.KeyIO           MODE: declarations took 0 ms 
376089     DEBUG Test worker     d.u.i.k.n.KeyIO           MODE: 2nd degree decls took 0 
376089     DEBUG Test worker     d.u.i.k.n.KeyIO           MODE: taclets took 0ms 
377668     INFO  Test worker     d.u.i.k.n.KeyIO           Parsing took 0 ms 
377668     DEBUG Test worker     d.u.i.k.n.KeyIO           Load declarations of de.uka.ilkd.key.nparser.KeyAst$File:  <unknown>:1#1 
377668     INFO  Test worker     d.u.i.k.n.KeyIO           MODE: declarations took 0 ms 
377668     DEBUG Test worker     d.u.i.k.n.KeyIO           MODE: 2nd degree decls took 0 
377668     DEBUG Test worker     d.u.i.k.n.KeyIO           MODE: taclets took 0ms 
379267     INFO  Test worker     d.u.i.k.n.KeyIO           Parsing took 0 ms 
379267     DEBUG Test worker     d.u.i.k.n.KeyIO           Load declarations of de.uka.ilkd.key.nparser.KeyAst$File:  <unknown>:1#1 
379267     INFO  Test worker     d.u.i.k.n.KeyIO           MODE: declarations took 0 ms 
379267     DEBUG Test worker     d.u.i.k.n.KeyIO           MODE: 2nd degree decls took 0 
379267     DEBUG Test worker     d.u.i.k.n.KeyIO           MODE: taclets took 0ms 
]]></system-out>
  <system-err><![CDATA[]]></system-err>
</testsuite>
