<?xml version="1.0" encoding="UTF-8"?>
<testsuite name="de.uka.ilkd.key.parser.TestParser" tests="5" skipped="1" failures="0" errors="0" timestamp="2023-06-12T22:19:11" hostname="fv-az618-737" time="8.463">
  <properties/>
  <testcase name="testConstantEvaluationError()" classname="de.uka.ilkd.key.parser.TestParser" time="1.657"/>
  <testcase name="testGenericSort()" classname="de.uka.ilkd.key.parser.TestParser" time="0.002"/>
  <testcase name="testIssue1566()" classname="de.uka.ilkd.key.parser.TestParser" time="5.174"/>
  <testcase name="testIssue39()" classname="de.uka.ilkd.key.parser.TestParser" time="1.627"/>
  <testcase name="testRelativeInclude()" classname="de.uka.ilkd.key.parser.TestParser" time="0.002">
    <skipped/>
  </testcase>
  <system-out><![CDATA[508954     INFO  Test worker     d.u.i.k.p.i.AbstractProblemLoader Loading environment from src\test\resources\testcase\parserErrorTest\AssignToArray.java 
508954     DEBUG Test worker     d.u.i.k.p.i.AbstractProblemLoader Environment load took 130.3ns 
508954     INFO  Test worker     d.u.i.k.p.i.AbstractProblemLoader Creating init config 
510622     INFO  Test worker     d.u.i.k.n.KeyIO           Parsing took 0 ms 
510622     DEBUG Test worker     d.u.i.k.n.KeyIO           Load declarations of de.uka.ilkd.key.nparser.KeyAst$File:  <unknown>:1#1 
510622     INFO  Test worker     d.u.i.k.n.KeyIO           MODE: declarations took 0 ms 
510622     DEBUG Test worker     d.u.i.k.n.KeyIO           MODE: 2nd degree decls took 0 
510622     DEBUG Test worker     d.u.i.k.n.KeyIO           MODE: taclets took 0ms 
510622     INFO  Test worker     d.u.i.k.p.i.AbstractProblemLoader Loading environment from src\test\resources\testcase\issues\1566\a.key 
510622     DEBUG Test worker     d.u.i.k.p.i.AbstractProblemLoader Environment load took 140.2ns 
510622     INFO  Test worker     d.u.i.k.p.i.AbstractProblemLoader Creating init config 
515757     DEBUG Test worker     d.u.i.k.p.i.AbstractProblemLoader Init config took 5.14s 
515773     INFO  Test worker     d.u.i.k.p.i.AbstractProblemLoader Replaying proof a.key 
515789     DEBUG Test worker     d.u.i.k.p.i.IntermediateProofReplayer Proof replay took 10.9ns 
515789     INFO  Test worker     d.u.i.k.p.i.AbstractProblemLoader Loading environment from src\test\resources\testcase\issues\39\A.java 
515789     DEBUG Test worker     d.u.i.k.p.i.AbstractProblemLoader Environment load took 141.5ns 
515789     INFO  Test worker     d.u.i.k.p.i.AbstractProblemLoader Creating init config 
]]></system-out>
  <system-err><![CDATA[]]></system-err>
</testsuite>
