<?xml version="1.0" encoding="UTF-8"?>
<testsuite name="de.uka.ilkd.key.parser.TestTermParserHeap" tests="39" skipped="0" failures="0" errors="0" timestamp="2023-06-12T22:19:30" hostname="fv-az618-737" time="194.782">
  <properties/>
  <testcase name="testBracketHeapUpdate()" classname="de.uka.ilkd.key.parser.TestTermParserHeap" time="0.035"/>
  <testcase name="testStore()" classname="de.uka.ilkd.key.parser.TestTermParserHeap" time="0.011"/>
  <testcase name="testUnknownConstant()" classname="de.uka.ilkd.key.parser.TestTermParserHeap" time="0.002"/>
  <testcase name="testAllFieldsSelector()" classname="de.uka.ilkd.key.parser.TestTermParserHeap" time="0.004"/>
  <testcase name="testParsePrettyPrintedSelect()" classname="de.uka.ilkd.key.parser.TestTermParserHeap" time="0.007"/>
  <testcase name="testAccessStaticMembers()" classname="de.uka.ilkd.key.parser.TestTermParserHeap" time="0.008"/>
  <testcase name="testAtOperator_1()" classname="de.uka.ilkd.key.parser.TestTermParserHeap" time="0.001"/>
  <testcase name="testAtOperator_2()" classname="de.uka.ilkd.key.parser.TestTermParserHeap" time="0.012"/>
  <testcase name="testAtOperator_3()" classname="de.uka.ilkd.key.parser.TestTermParserHeap" time="0.004"/>
  <testcase name="testAtOperator_4()" classname="de.uka.ilkd.key.parser.TestTermParserHeap" time="0.014"/>
  <testcase name="testAtOperator_5()" classname="de.uka.ilkd.key.parser.TestTermParserHeap" time="0.006"/>
  <testcase name="testAtOperator_6()" classname="de.uka.ilkd.key.parser.TestTermParserHeap" time="0.01"/>
  <testcase name="testAtOperator_7()" classname="de.uka.ilkd.key.parser.TestTermParserHeap" time="0.004"/>
  <testcase name="testAtOperator_8()" classname="de.uka.ilkd.key.parser.TestTermParserHeap" time="0.009"/>
  <testcase name="testVerifyExceptionIfAtOperatorNotPreceededBySelectTerm()" classname="de.uka.ilkd.key.parser.TestTermParserHeap" time="0.01"/>
  <testcase name="testBugResettingCounter()" classname="de.uka.ilkd.key.parser.TestTermParserHeap" time="0.007"/>
  <testcase name="testLocationSets()" classname="de.uka.ilkd.key.parser.TestTermParserHeap" time="0.009"/>
  <testcase name="testQuantifiedSelect()" classname="de.uka.ilkd.key.parser.TestTermParserHeap" time="0.006"/>
  <testcase name="testGenericObjectProperties()" classname="de.uka.ilkd.key.parser.TestTermParserHeap" time="0.003"/>
  <testcase name="testQueryInheritance_1()" classname="de.uka.ilkd.key.parser.TestTermParserHeap" time="0.004"/>
  <testcase name="testQueryInheritance_2()" classname="de.uka.ilkd.key.parser.TestTermParserHeap" time="0.008"/>
  <testcase name="testQueryInheritance_3()" classname="de.uka.ilkd.key.parser.TestTermParserHeap" time="0.006"/>
  <testcase name="testQueryInheritance_4()" classname="de.uka.ilkd.key.parser.TestTermParserHeap" time="0.003"/>
  <testcase name="testQueryInheritance_5()" classname="de.uka.ilkd.key.parser.TestTermParserHeap" time="0.003"/>
  <testcase name="testQueryInheritance_6()" classname="de.uka.ilkd.key.parser.TestTermParserHeap" time="0.007"/>
  <testcase name="testQueryInheritance_7()" classname="de.uka.ilkd.key.parser.TestTermParserHeap" time="0.004"/>
  <testcase name="testQueryInheritance_8()" classname="de.uka.ilkd.key.parser.TestTermParserHeap" time="0.007"/>
  <testcase name="testQueryInheritance_9()" classname="de.uka.ilkd.key.parser.TestTermParserHeap" time="0.004"/>
  <testcase name="testQueryBasic_10()" classname="de.uka.ilkd.key.parser.TestTermParserHeap" time="0.003"/>
  <testcase name="testQueryBasic_11()" classname="de.uka.ilkd.key.parser.TestTermParserHeap" time="0.005"/>
  <testcase name="testQueryBasic_1()" classname="de.uka.ilkd.key.parser.TestTermParserHeap" time="0.004"/>
  <testcase name="testQueryBasic_2()" classname="de.uka.ilkd.key.parser.TestTermParserHeap" time="0.004"/>
  <testcase name="testQueryBasic_3()" classname="de.uka.ilkd.key.parser.TestTermParserHeap" time="0.005"/>
  <testcase name="testQueryBasic_4()" classname="de.uka.ilkd.key.parser.TestTermParserHeap" time="0.009"/>
  <testcase name="testQueryBasic_5()" classname="de.uka.ilkd.key.parser.TestTermParserHeap" time="0.002"/>
  <testcase name="testQueryBasic_6()" classname="de.uka.ilkd.key.parser.TestTermParserHeap" time="0.005"/>
  <testcase name="testQueryBasic_7()" classname="de.uka.ilkd.key.parser.TestTermParserHeap" time="0.004"/>
  <testcase name="testQueryBasic_8()" classname="de.uka.ilkd.key.parser.TestTermParserHeap" time="0.004"/>
  <testcase name="testQueryBasic_9()" classname="de.uka.ilkd.key.parser.TestTermParserHeap" time="0.002"/>
  <system-out><![CDATA[527503     INFO  Test worker     d.u.i.k.n.KeyIO           Parsing took 0 ms 
527503     DEBUG Test worker     d.u.i.k.n.KeyIO           Load declarations of de.uka.ilkd.key.nparser.KeyAst$File:  <unknown>:1#1 
527503     INFO  Test worker     d.u.i.k.n.KeyIO           MODE: declarations took 0 ms 
527503     DEBUG Test worker     d.u.i.k.n.KeyIO           MODE: 2nd degree decls took 0 
527503     INFO  Test worker     d.u.i.k.n.KeyIO           Parsing took 0 ms 
527503     DEBUG Test worker     d.u.i.k.n.KeyIO           Load declarations of de.uka.ilkd.key.nparser.KeyAst$File:  <unknown>:1#1 
527503     INFO  Test worker     d.u.i.k.n.KeyIO           MODE: declarations took 0 ms 
527503     DEBUG Test worker     d.u.i.k.n.KeyIO           MODE: 2nd degree decls took 0 
527503     INFO  Test worker     d.u.i.k.n.KeyIO           Parsing took 0 ms 
527503     DEBUG Test worker     d.u.i.k.n.KeyIO           Load declarations of de.uka.ilkd.key.nparser.KeyAst$File:  <unknown>:1#1 
527503     INFO  Test worker     d.u.i.k.n.KeyIO           MODE: declarations took 0 ms 
527503     DEBUG Test worker     d.u.i.k.n.KeyIO           MODE: 2nd degree decls took 0 
527503     INFO  Test worker     d.u.i.k.n.KeyIO           Parsing took 0 ms 
527503     DEBUG Test worker     d.u.i.k.n.KeyIO           Load declarations of de.uka.ilkd.key.nparser.KeyAst$File:  <unknown>:1#1 
527503     INFO  Test worker     d.u.i.k.n.KeyIO           MODE: declarations took 0 ms 
527503     DEBUG Test worker     d.u.i.k.n.KeyIO           MODE: 2nd degree decls took 0 
527503     INFO  Test worker     d.u.i.k.n.KeyIO           Parsing took 0 ms 
527503     DEBUG Test worker     d.u.i.k.n.KeyIO           Load declarations of de.uka.ilkd.key.nparser.KeyAst$File:  <unknown>:1#1 
527503     INFO  Test worker     d.u.i.k.n.KeyIO           MODE: declarations took 0 ms 
527503     DEBUG Test worker     d.u.i.k.n.KeyIO           MODE: 2nd degree decls took 0 
532730     INFO  Test worker     d.u.i.k.n.KeyIO           Parsing took 0 ms 
532730     DEBUG Test worker     d.u.i.k.n.KeyIO           Load declarations of de.uka.ilkd.key.nparser.KeyAst$File:  <unknown>:1#1 
532730     INFO  Test worker     d.u.i.k.n.KeyIO           MODE: declarations took 0 ms 
532730     DEBUG Test worker     d.u.i.k.n.KeyIO           MODE: 2nd degree decls took 0 
532730     INFO  Test worker     d.u.i.k.n.KeyIO           Parsing took 0 ms 
532730     DEBUG Test worker     d.u.i.k.n.KeyIO           Load declarations of de.uka.ilkd.key.nparser.KeyAst$File:  <unknown>:1#1 
532730     INFO  Test worker     d.u.i.k.n.KeyIO           MODE: declarations took 0 ms 
532730     DEBUG Test worker     d.u.i.k.n.KeyIO           MODE: 2nd degree decls took 0 
532730     INFO  Test worker     d.u.i.k.n.KeyIO           Parsing took 0 ms 
532730     DEBUG Test worker     d.u.i.k.n.KeyIO           Load declarations of de.uka.ilkd.key.nparser.KeyAst$File:  <unknown>:1#1 
532730     INFO  Test worker     d.u.i.k.n.KeyIO           MODE: declarations took 0 ms 
532730     DEBUG Test worker     d.u.i.k.n.KeyIO           MODE: 2nd degree decls took 0 
532730     INFO  Test worker     d.u.i.k.n.KeyIO           Parsing took 0 ms 
532730     DEBUG Test worker     d.u.i.k.n.KeyIO           Load declarations of de.uka.ilkd.key.nparser.KeyAst$File:  <unknown>:1#1 
532730     INFO  Test worker     d.u.i.k.n.KeyIO           MODE: declarations took 0 ms 
532730     DEBUG Test worker     d.u.i.k.n.KeyIO           MODE: 2nd degree decls took 0 
532730     INFO  Test worker     d.u.i.k.n.KeyIO           Parsing took 0 ms 
532730     DEBUG Test worker     d.u.i.k.n.KeyIO           Load declarations of de.uka.ilkd.key.nparser.KeyAst$File:  <unknown>:1#1 
532730     INFO  Test worker     d.u.i.k.n.KeyIO           MODE: declarations took 0 ms 
532730     DEBUG Test worker     d.u.i.k.n.KeyIO           MODE: 2nd degree decls took 0 
537971     INFO  Test worker     d.u.i.k.n.KeyIO           Parsing took 0 ms 
537971     DEBUG Test worker     d.u.i.k.n.KeyIO           Load declarations of de.uka.ilkd.key.nparser.KeyAst$File:  <unknown>:1#1 
537971     INFO  Test worker     d.u.i.k.n.KeyIO           MODE: declarations took 0 ms 
537971     DEBUG Test worker     d.u.i.k.n.KeyIO           MODE: 2nd degree decls took 0 
537971     INFO  Test worker     d.u.i.k.n.KeyIO           Parsing took 0 ms 
537971     DEBUG Test worker     d.u.i.k.n.KeyIO           Load declarations of de.uka.ilkd.key.nparser.KeyAst$File:  <unknown>:1#1 
537971     INFO  Test worker     d.u.i.k.n.KeyIO           MODE: declarations took 0 ms 
537971     DEBUG Test worker     d.u.i.k.n.KeyIO           MODE: 2nd degree decls took 0 
537971     INFO  Test worker     d.u.i.k.n.KeyIO           Parsing took 0 ms 
537971     DEBUG Test worker     d.u.i.k.n.KeyIO           Load declarations of de.uka.ilkd.key.nparser.KeyAst$File:  <unknown>:1#1 
537971     INFO  Test worker     d.u.i.k.n.KeyIO           MODE: declarations took 0 ms 
537971     DEBUG Test worker     d.u.i.k.n.KeyIO           MODE: 2nd degree decls took 0 
537971     INFO  Test worker     d.u.i.k.n.KeyIO           Parsing took 0 ms 
537971     DEBUG Test worker     d.u.i.k.n.KeyIO           Load declarations of de.uka.ilkd.key.nparser.KeyAst$File:  <unknown>:1#1 
537971     INFO  Test worker     d.u.i.k.n.KeyIO           MODE: declarations took 0 ms 
537971     DEBUG Test worker     d.u.i.k.n.KeyIO           MODE: 2nd degree decls took 0 
537971     INFO  Test worker     d.u.i.k.n.KeyIO           Parsing took 0 ms 
537971     DEBUG Test worker     d.u.i.k.n.KeyIO           Load declarations of de.uka.ilkd.key.nparser.KeyAst$File:  <unknown>:1#1 
537971     INFO  Test worker     d.u.i.k.n.KeyIO           MODE: declarations took 0 ms 
537971     DEBUG Test worker     d.u.i.k.n.KeyIO           MODE: 2nd degree decls took 0 
537971     INFO  Test worker     d.u.i.k.n.KeyIO           Parsing took 0 ms 
537971     DEBUG Test worker     d.u.i.k.n.KeyIO           Load declarations of de.uka.ilkd.key.nparser.KeyAst$File:  <unknown>:1#1 
537971     INFO  Test worker     d.u.i.k.n.KeyIO           MODE: declarations took 0 ms 
537971     DEBUG Test worker     d.u.i.k.n.KeyIO           MODE: 2nd degree decls took 0 
543142     INFO  Test worker     d.u.i.k.n.KeyIO           Parsing took 0 ms 
543142     DEBUG Test worker     d.u.i.k.n.KeyIO           Load declarations of de.uka.ilkd.key.nparser.KeyAst$File:  <unknown>:1#1 
543142     INFO  Test worker     d.u.i.k.n.KeyIO           MODE: declarations took 0 ms 
543142     DEBUG Test worker     d.u.i.k.n.KeyIO           MODE: 2nd degree decls took 0 
543142     INFO  Test worker     d.u.i.k.n.KeyIO           Parsing took 0 ms 
543142     DEBUG Test worker     d.u.i.k.n.KeyIO           Load declarations of de.uka.ilkd.key.nparser.KeyAst$File:  <unknown>:1#1 
543142     INFO  Test worker     d.u.i.k.n.KeyIO           MODE: declarations took 0 ms 
543142     DEBUG Test worker     d.u.i.k.n.KeyIO           MODE: 2nd degree decls took 0 
543142     INFO  Test worker     d.u.i.k.n.KeyIO           Parsing took 0 ms 
543142     DEBUG Test worker     d.u.i.k.n.KeyIO           Load declarations of de.uka.ilkd.key.nparser.KeyAst$File:  <unknown>:1#1 
543142     INFO  Test worker     d.u.i.k.n.KeyIO           MODE: declarations took 0 ms 
543142     DEBUG Test worker     d.u.i.k.n.KeyIO           MODE: 2nd degree decls took 0 
543142     INFO  Test worker     d.u.i.k.n.KeyIO           Parsing took 0 ms 
543142     DEBUG Test worker     d.u.i.k.n.KeyIO           Load declarations of de.uka.ilkd.key.nparser.KeyAst$File:  <unknown>:1#1 
543142     INFO  Test worker     d.u.i.k.n.KeyIO           MODE: declarations took 0 ms 
543142     DEBUG Test worker     d.u.i.k.n.KeyIO           MODE: 2nd degree decls took 0 
543142     INFO  Test worker     d.u.i.k.n.KeyIO           Parsing took 0 ms 
543142     DEBUG Test worker     d.u.i.k.n.KeyIO           Load declarations of de.uka.ilkd.key.nparser.KeyAst$File:  <unknown>:1#1 
543142     INFO  Test worker     d.u.i.k.n.KeyIO           MODE: declarations took 0 ms 
543142     DEBUG Test worker     d.u.i.k.n.KeyIO           MODE: 2nd degree decls took 0 
548290     INFO  Test worker     d.u.i.k.n.KeyIO           Parsing took 0 ms 
548290     DEBUG Test worker     d.u.i.k.n.KeyIO           Load declarations of de.uka.ilkd.key.nparser.KeyAst$File:  <unknown>:1#1 
548290     INFO  Test worker     d.u.i.k.n.KeyIO           MODE: declarations took 0 ms 
548290     DEBUG Test worker     d.u.i.k.n.KeyIO           MODE: 2nd degree decls took 0 
548290     INFO  Test worker     d.u.i.k.n.KeyIO           Parsing took 0 ms 
548290     DEBUG Test worker     d.u.i.k.n.KeyIO           Load declarations of de.uka.ilkd.key.nparser.KeyAst$File:  <unknown>:1#1 
548290     INFO  Test worker     d.u.i.k.n.KeyIO           MODE: declarations took 0 ms 
548290     DEBUG Test worker     d.u.i.k.n.KeyIO           MODE: 2nd degree decls took 0 
548290     INFO  Test worker     d.u.i.k.n.KeyIO           Parsing took 0 ms 
548290     DEBUG Test worker     d.u.i.k.n.KeyIO           Load declarations of de.uka.ilkd.key.nparser.KeyAst$File:  <unknown>:1#1 
548290     INFO  Test worker     d.u.i.k.n.KeyIO           MODE: declarations took 0 ms 
548290     DEBUG Test worker     d.u.i.k.n.KeyIO           MODE: 2nd degree decls took 0 
548290     INFO  Test worker     d.u.i.k.n.KeyIO           Parsing took 0 ms 
548290     DEBUG Test worker     d.u.i.k.n.KeyIO           Load declarations of de.uka.ilkd.key.nparser.KeyAst$File:  <unknown>:1#1 
548290     INFO  Test worker     d.u.i.k.n.KeyIO           MODE: declarations took 0 ms 
548290     DEBUG Test worker     d.u.i.k.n.KeyIO           MODE: 2nd degree decls took 0 
548290     INFO  Test worker     d.u.i.k.n.KeyIO           Parsing took 0 ms 
548290     DEBUG Test worker     d.u.i.k.n.KeyIO           Load declarations of de.uka.ilkd.key.nparser.KeyAst$File:  <unknown>:1#1 
548290     INFO  Test worker     d.u.i.k.n.KeyIO           MODE: declarations took 0 ms 
548290     DEBUG Test worker     d.u.i.k.n.KeyIO           MODE: 2nd degree decls took 0 
553419     INFO  Test worker     d.u.i.k.n.KeyIO           Parsing took 0 ms 
553419     DEBUG Test worker     d.u.i.k.n.KeyIO           Load declarations of de.uka.ilkd.key.nparser.KeyAst$File:  <unknown>:1#1 
553419     INFO  Test worker     d.u.i.k.n.KeyIO           MODE: declarations took 0 ms 
553419     DEBUG Test worker     d.u.i.k.n.KeyIO           MODE: 2nd degree decls took 0 
553419     INFO  Test worker     d.u.i.k.n.KeyIO           Parsing took 0 ms 
553419     DEBUG Test worker     d.u.i.k.n.KeyIO           Load declarations of de.uka.ilkd.key.nparser.KeyAst$File:  <unknown>:1#1 
553419     INFO  Test worker     d.u.i.k.n.KeyIO           MODE: declarations took 0 ms 
553419     DEBUG Test worker     d.u.i.k.n.KeyIO           MODE: 2nd degree decls took 0 
553419     INFO  Test worker     d.u.i.k.n.KeyIO           Parsing took 0 ms 
553419     DEBUG Test worker     d.u.i.k.n.KeyIO           Load declarations of de.uka.ilkd.key.nparser.KeyAst$File:  <unknown>:1#1 
553419     INFO  Test worker     d.u.i.k.n.KeyIO           MODE: declarations took 0 ms 
553419     DEBUG Test worker     d.u.i.k.n.KeyIO           MODE: 2nd degree decls took 0 
553419     INFO  Test worker     d.u.i.k.n.KeyIO           Parsing took 0 ms 
553419     DEBUG Test worker     d.u.i.k.n.KeyIO           Load declarations of de.uka.ilkd.key.nparser.KeyAst$File:  <unknown>:1#1 
553419     INFO  Test worker     d.u.i.k.n.KeyIO           MODE: declarations took 0 ms 
553419     DEBUG Test worker     d.u.i.k.n.KeyIO           MODE: 2nd degree decls took 0 
553419     INFO  Test worker     d.u.i.k.n.KeyIO           Parsing took 0 ms 
553419     DEBUG Test worker     d.u.i.k.n.KeyIO           Load declarations of de.uka.ilkd.key.nparser.KeyAst$File:  <unknown>:1#1 
553419     INFO  Test worker     d.u.i.k.n.KeyIO           MODE: declarations took 0 ms 
553419     DEBUG Test worker     d.u.i.k.n.KeyIO           MODE: 2nd degree decls took 0 
558520     INFO  Test worker     d.u.i.k.n.KeyIO           Parsing took 0 ms 
558520     DEBUG Test worker     d.u.i.k.n.KeyIO           Load declarations of de.uka.ilkd.key.nparser.KeyAst$File:  <unknown>:1#1 
558520     INFO  Test worker     d.u.i.k.n.KeyIO           MODE: declarations took 0 ms 
558520     DEBUG Test worker     d.u.i.k.n.KeyIO           MODE: 2nd degree decls took 0 
558520     INFO  Test worker     d.u.i.k.n.KeyIO           Parsing took 0 ms 
558520     DEBUG Test worker     d.u.i.k.n.KeyIO           Load declarations of de.uka.ilkd.key.nparser.KeyAst$File:  <unknown>:1#1 
558520     INFO  Test worker     d.u.i.k.n.KeyIO           MODE: declarations took 0 ms 
558520     DEBUG Test worker     d.u.i.k.n.KeyIO           MODE: 2nd degree decls took 0 
558520     INFO  Test worker     d.u.i.k.n.KeyIO           Parsing took 0 ms 
558520     DEBUG Test worker     d.u.i.k.n.KeyIO           Load declarations of de.uka.ilkd.key.nparser.KeyAst$File:  <unknown>:1#1 
558520     INFO  Test worker     d.u.i.k.n.KeyIO           MODE: declarations took 0 ms 
558520     DEBUG Test worker     d.u.i.k.n.KeyIO           MODE: 2nd degree decls took 0 
558520     INFO  Test worker     d.u.i.k.n.KeyIO           Parsing took 0 ms 
558520     DEBUG Test worker     d.u.i.k.n.KeyIO           Load declarations of de.uka.ilkd.key.nparser.KeyAst$File:  <unknown>:1#1 
558520     INFO  Test worker     d.u.i.k.n.KeyIO           MODE: declarations took 0 ms 
558520     DEBUG Test worker     d.u.i.k.n.KeyIO           MODE: 2nd degree decls took 0 
558520     INFO  Test worker     d.u.i.k.n.KeyIO           Parsing took 0 ms 
558520     DEBUG Test worker     d.u.i.k.n.KeyIO           Load declarations of de.uka.ilkd.key.nparser.KeyAst$File:  <unknown>:1#1 
558520     INFO  Test worker     d.u.i.k.n.KeyIO           MODE: declarations took 0 ms 
558520     DEBUG Test worker     d.u.i.k.n.KeyIO           MODE: 2nd degree decls took 0 
563619     INFO  Test worker     d.u.i.k.n.KeyIO           Parsing took 0 ms 
563619     DEBUG Test worker     d.u.i.k.n.KeyIO           Load declarations of de.uka.ilkd.key.nparser.KeyAst$File:  <unknown>:1#1 
563619     INFO  Test worker     d.u.i.k.n.KeyIO           MODE: declarations took 0 ms 
563619     DEBUG Test worker     d.u.i.k.n.KeyIO           MODE: 2nd degree decls took 0 
563619     INFO  Test worker     d.u.i.k.n.KeyIO           Parsing took 0 ms 
563619     DEBUG Test worker     d.u.i.k.n.KeyIO           Load declarations of de.uka.ilkd.key.nparser.KeyAst$File:  <unknown>:1#1 
563619     INFO  Test worker     d.u.i.k.n.KeyIO           MODE: declarations took 0 ms 
563619     DEBUG Test worker     d.u.i.k.n.KeyIO           MODE: 2nd degree decls took 0 
563619     INFO  Test worker     d.u.i.k.n.KeyIO           Parsing took 0 ms 
563619     DEBUG Test worker     d.u.i.k.n.KeyIO           Load declarations of de.uka.ilkd.key.nparser.KeyAst$File:  <unknown>:1#1 
563619     INFO  Test worker     d.u.i.k.n.KeyIO           MODE: declarations took 0 ms 
563619     DEBUG Test worker     d.u.i.k.n.KeyIO           MODE: 2nd degree decls took 0 
563619     INFO  Test worker     d.u.i.k.n.KeyIO           Parsing took 0 ms 
563619     DEBUG Test worker     d.u.i.k.n.KeyIO           Load declarations of de.uka.ilkd.key.nparser.KeyAst$File:  <unknown>:1#1 
563619     INFO  Test worker     d.u.i.k.n.KeyIO           MODE: declarations took 0 ms 
563619     DEBUG Test worker     d.u.i.k.n.KeyIO           MODE: 2nd degree decls took 0 
563619     INFO  Test worker     d.u.i.k.n.KeyIO           Parsing took 0 ms 
563619     DEBUG Test worker     d.u.i.k.n.KeyIO           Load declarations of de.uka.ilkd.key.nparser.KeyAst$File:  <unknown>:1#1 
563619     INFO  Test worker     d.u.i.k.n.KeyIO           MODE: declarations took 0 ms 
563619     DEBUG Test worker     d.u.i.k.n.KeyIO           MODE: 2nd degree decls took 0 
568759     INFO  Test worker     d.u.i.k.n.KeyIO           Parsing took 0 ms 
568759     DEBUG Test worker     d.u.i.k.n.KeyIO           Load declarations of de.uka.ilkd.key.nparser.KeyAst$File:  <unknown>:1#1 
568759     INFO  Test worker     d.u.i.k.n.KeyIO           MODE: declarations took 0 ms 
568759     DEBUG Test worker     d.u.i.k.n.KeyIO           MODE: 2nd degree decls took 0 
568759     INFO  Test worker     d.u.i.k.n.KeyIO           Parsing took 0 ms 
568759     DEBUG Test worker     d.u.i.k.n.KeyIO           Load declarations of de.uka.ilkd.key.nparser.KeyAst$File:  <unknown>:1#1 
568759     INFO  Test worker     d.u.i.k.n.KeyIO           MODE: declarations took 0 ms 
568759     DEBUG Test worker     d.u.i.k.n.KeyIO           MODE: 2nd degree decls took 0 
568759     INFO  Test worker     d.u.i.k.n.KeyIO           Parsing took 0 ms 
568759     DEBUG Test worker     d.u.i.k.n.KeyIO           Load declarations of de.uka.ilkd.key.nparser.KeyAst$File:  <unknown>:1#1 
568759     INFO  Test worker     d.u.i.k.n.KeyIO           MODE: declarations took 0 ms 
568759     DEBUG Test worker     d.u.i.k.n.KeyIO           MODE: 2nd degree decls took 0 
568759     INFO  Test worker     d.u.i.k.n.KeyIO           Parsing took 0 ms 
568759     DEBUG Test worker     d.u.i.k.n.KeyIO           Load declarations of de.uka.ilkd.key.nparser.KeyAst$File:  <unknown>:1#1 
568759     INFO  Test worker     d.u.i.k.n.KeyIO           MODE: declarations took 0 ms 
568759     DEBUG Test worker     d.u.i.k.n.KeyIO           MODE: 2nd degree decls took 0 
568759     INFO  Test worker     d.u.i.k.n.KeyIO           Parsing took 0 ms 
568759     DEBUG Test worker     d.u.i.k.n.KeyIO           Load declarations of de.uka.ilkd.key.nparser.KeyAst$File:  <unknown>:1#1 
568759     INFO  Test worker     d.u.i.k.n.KeyIO           MODE: declarations took 0 ms 
568759     DEBUG Test worker     d.u.i.k.n.KeyIO           MODE: 2nd degree decls took 0 
573857     INFO  Test worker     d.u.i.k.n.KeyIO           Parsing took 0 ms 
573857     DEBUG Test worker     d.u.i.k.n.KeyIO           Load declarations of de.uka.ilkd.key.nparser.KeyAst$File:  <unknown>:1#1 
573857     INFO  Test worker     d.u.i.k.n.KeyIO           MODE: declarations took 0 ms 
573857     DEBUG Test worker     d.u.i.k.n.KeyIO           MODE: 2nd degree decls took 0 
573857     INFO  Test worker     d.u.i.k.n.KeyIO           Parsing took 0 ms 
573857     DEBUG Test worker     d.u.i.k.n.KeyIO           Load declarations of de.uka.ilkd.key.nparser.KeyAst$File:  <unknown>:1#1 
573857     INFO  Test worker     d.u.i.k.n.KeyIO           MODE: declarations took 0 ms 
573857     DEBUG Test worker     d.u.i.k.n.KeyIO           MODE: 2nd degree decls took 0 
573857     INFO  Test worker     d.u.i.k.n.KeyIO           Parsing took 0 ms 
573857     DEBUG Test worker     d.u.i.k.n.KeyIO           Load declarations of de.uka.ilkd.key.nparser.KeyAst$File:  <unknown>:1#1 
573857     INFO  Test worker     d.u.i.k.n.KeyIO           MODE: declarations took 0 ms 
573857     DEBUG Test worker     d.u.i.k.n.KeyIO           MODE: 2nd degree decls took 0 
573857     INFO  Test worker     d.u.i.k.n.KeyIO           Parsing took 0 ms 
573857     DEBUG Test worker     d.u.i.k.n.KeyIO           Load declarations of de.uka.ilkd.key.nparser.KeyAst$File:  <unknown>:1#1 
573857     INFO  Test worker     d.u.i.k.n.KeyIO           MODE: declarations took 0 ms 
573857     DEBUG Test worker     d.u.i.k.n.KeyIO           MODE: 2nd degree decls took 0 
573857     INFO  Test worker     d.u.i.k.n.KeyIO           Parsing took 0 ms 
573857     DEBUG Test worker     d.u.i.k.n.KeyIO           Load declarations of de.uka.ilkd.key.nparser.KeyAst$File:  <unknown>:1#1 
573857     INFO  Test worker     d.u.i.k.n.KeyIO           MODE: declarations took 0 ms 
573857     DEBUG Test worker     d.u.i.k.n.KeyIO           MODE: 2nd degree decls took 0 
579009     INFO  Test worker     d.u.i.k.n.KeyIO           Parsing took 0 ms 
579009     DEBUG Test worker     d.u.i.k.n.KeyIO           Load declarations of de.uka.ilkd.key.nparser.KeyAst$File:  <unknown>:1#1 
579009     INFO  Test worker     d.u.i.k.n.KeyIO           MODE: declarations took 0 ms 
579009     DEBUG Test worker     d.u.i.k.n.KeyIO           MODE: 2nd degree decls took 0 
579009     INFO  Test worker     d.u.i.k.n.KeyIO           Parsing took 0 ms 
579009     DEBUG Test worker     d.u.i.k.n.KeyIO           Load declarations of de.uka.ilkd.key.nparser.KeyAst$File:  <unknown>:1#1 
579009     INFO  Test worker     d.u.i.k.n.KeyIO           MODE: declarations took 0 ms 
579009     DEBUG Test worker     d.u.i.k.n.KeyIO           MODE: 2nd degree decls took 0 
579009     INFO  Test worker     d.u.i.k.n.KeyIO           Parsing took 0 ms 
579009     DEBUG Test worker     d.u.i.k.n.KeyIO           Load declarations of de.uka.ilkd.key.nparser.KeyAst$File:  <unknown>:1#1 
579009     INFO  Test worker     d.u.i.k.n.KeyIO           MODE: declarations took 0 ms 
579009     DEBUG Test worker     d.u.i.k.n.KeyIO           MODE: 2nd degree decls took 0 
579009     INFO  Test worker     d.u.i.k.n.KeyIO           Parsing took 0 ms 
579009     DEBUG Test worker     d.u.i.k.n.KeyIO           Load declarations of de.uka.ilkd.key.nparser.KeyAst$File:  <unknown>:1#1 
579009     INFO  Test worker     d.u.i.k.n.KeyIO           MODE: declarations took 0 ms 
579009     DEBUG Test worker     d.u.i.k.n.KeyIO           MODE: 2nd degree decls took 0 
579009     INFO  Test worker     d.u.i.k.n.KeyIO           Parsing took 0 ms 
579009     DEBUG Test worker     d.u.i.k.n.KeyIO           Load declarations of de.uka.ilkd.key.nparser.KeyAst$File:  <unknown>:1#1 
579009     INFO  Test worker     d.u.i.k.n.KeyIO           MODE: declarations took 0 ms 
579009     DEBUG Test worker     d.u.i.k.n.KeyIO           MODE: 2nd degree decls took 0 
584087     INFO  Test worker     d.u.i.k.n.KeyIO           Parsing took 0 ms 
584087     DEBUG Test worker     d.u.i.k.n.KeyIO           Load declarations of de.uka.ilkd.key.nparser.KeyAst$File:  <unknown>:1#1 
584087     INFO  Test worker     d.u.i.k.n.KeyIO           MODE: declarations took 0 ms 
584087     DEBUG Test worker     d.u.i.k.n.KeyIO           MODE: 2nd degree decls took 0 
584087     INFO  Test worker     d.u.i.k.n.KeyIO           Parsing took 0 ms 
584087     DEBUG Test worker     d.u.i.k.n.KeyIO           Load declarations of de.uka.ilkd.key.nparser.KeyAst$File:  <unknown>:1#1 
584087     INFO  Test worker     d.u.i.k.n.KeyIO           MODE: declarations took 0 ms 
584087     DEBUG Test worker     d.u.i.k.n.KeyIO           MODE: 2nd degree decls took 0 
584087     INFO  Test worker     d.u.i.k.n.KeyIO           Parsing took 0 ms 
584087     DEBUG Test worker     d.u.i.k.n.KeyIO           Load declarations of de.uka.ilkd.key.nparser.KeyAst$File:  <unknown>:1#1 
584103     INFO  Test worker     d.u.i.k.n.KeyIO           MODE: declarations took 16 ms 
584103     DEBUG Test worker     d.u.i.k.n.KeyIO           MODE: 2nd degree decls took 0 
584103     INFO  Test worker     d.u.i.k.n.KeyIO           Parsing took 0 ms 
584103     DEBUG Test worker     d.u.i.k.n.KeyIO           Load declarations of de.uka.ilkd.key.nparser.KeyAst$File:  <unknown>:1#1 
584103     INFO  Test worker     d.u.i.k.n.KeyIO           MODE: declarations took 0 ms 
584103     DEBUG Test worker     d.u.i.k.n.KeyIO           MODE: 2nd degree decls took 0 
584103     INFO  Test worker     d.u.i.k.n.KeyIO           Parsing took 0 ms 
584103     DEBUG Test worker     d.u.i.k.n.KeyIO           Load declarations of de.uka.ilkd.key.nparser.KeyAst$File:  <unknown>:1#1 
584103     INFO  Test worker     d.u.i.k.n.KeyIO           MODE: declarations took 0 ms 
584103     DEBUG Test worker     d.u.i.k.n.KeyIO           MODE: 2nd degree decls took 0 
589187     INFO  Test worker     d.u.i.k.n.KeyIO           Parsing took 0 ms 
589187     DEBUG Test worker     d.u.i.k.n.KeyIO           Load declarations of de.uka.ilkd.key.nparser.KeyAst$File:  <unknown>:1#1 
589187     INFO  Test worker     d.u.i.k.n.KeyIO           MODE: declarations took 0 ms 
589187     DEBUG Test worker     d.u.i.k.n.KeyIO           MODE: 2nd degree decls took 0 
589187     INFO  Test worker     d.u.i.k.n.KeyIO           Parsing took 0 ms 
589187     DEBUG Test worker     d.u.i.k.n.KeyIO           Load declarations of de.uka.ilkd.key.nparser.KeyAst$File:  <unknown>:1#1 
589187     INFO  Test worker     d.u.i.k.n.KeyIO           MODE: declarations took 0 ms 
589187     DEBUG Test worker     d.u.i.k.n.KeyIO           MODE: 2nd degree decls took 0 
589187     INFO  Test worker     d.u.i.k.n.KeyIO           Parsing took 0 ms 
589187     DEBUG Test worker     d.u.i.k.n.KeyIO           Load declarations of de.uka.ilkd.key.nparser.KeyAst$File:  <unknown>:1#1 
589187     INFO  Test worker     d.u.i.k.n.KeyIO           MODE: declarations took 0 ms 
589187     DEBUG Test worker     d.u.i.k.n.KeyIO           MODE: 2nd degree decls took 0 
589187     INFO  Test worker     d.u.i.k.n.KeyIO           Parsing took 0 ms 
589187     DEBUG Test worker     d.u.i.k.n.KeyIO           Load declarations of de.uka.ilkd.key.nparser.KeyAst$File:  <unknown>:1#1 
589187     INFO  Test worker     d.u.i.k.n.KeyIO           MODE: declarations took 0 ms 
589187     DEBUG Test worker     d.u.i.k.n.KeyIO           MODE: 2nd degree decls took 0 
589187     INFO  Test worker     d.u.i.k.n.KeyIO           Parsing took 0 ms 
589187     DEBUG Test worker     d.u.i.k.n.KeyIO           Load declarations of de.uka.ilkd.key.nparser.KeyAst$File:  <unknown>:1#1 
589187     INFO  Test worker     d.u.i.k.n.KeyIO           MODE: declarations took 0 ms 
589187     DEBUG Test worker     d.u.i.k.n.KeyIO           MODE: 2nd degree decls took 0 
594285     INFO  Test worker     d.u.i.k.n.KeyIO           Parsing took 0 ms 
594301     DEBUG Test worker     d.u.i.k.n.KeyIO           Load declarations of de.uka.ilkd.key.nparser.KeyAst$File:  <unknown>:1#1 
594301     INFO  Test worker     d.u.i.k.n.KeyIO           MODE: declarations took 0 ms 
594301     DEBUG Test worker     d.u.i.k.n.KeyIO           MODE: 2nd degree decls took 0 
594301     INFO  Test worker     d.u.i.k.n.KeyIO           Parsing took 0 ms 
594301     DEBUG Test worker     d.u.i.k.n.KeyIO           Load declarations of de.uka.ilkd.key.nparser.KeyAst$File:  <unknown>:1#1 
594301     INFO  Test worker     d.u.i.k.n.KeyIO           MODE: declarations took 0 ms 
594301     DEBUG Test worker     d.u.i.k.n.KeyIO           MODE: 2nd degree decls took 0 
594301     INFO  Test worker     d.u.i.k.n.KeyIO           Parsing took 0 ms 
594301     DEBUG Test worker     d.u.i.k.n.KeyIO           Load declarations of de.uka.ilkd.key.nparser.KeyAst$File:  <unknown>:1#1 
594301     INFO  Test worker     d.u.i.k.n.KeyIO           MODE: declarations took 0 ms 
594301     DEBUG Test worker     d.u.i.k.n.KeyIO           MODE: 2nd degree decls took 0 
594301     INFO  Test worker     d.u.i.k.n.KeyIO           Parsing took 0 ms 
594301     DEBUG Test worker     d.u.i.k.n.KeyIO           Load declarations of de.uka.ilkd.key.nparser.KeyAst$File:  <unknown>:1#1 
594301     INFO  Test worker     d.u.i.k.n.KeyIO           MODE: declarations took 0 ms 
594301     DEBUG Test worker     d.u.i.k.n.KeyIO           MODE: 2nd degree decls took 0 
594301     INFO  Test worker     d.u.i.k.n.KeyIO           Parsing took 0 ms 
594301     DEBUG Test worker     d.u.i.k.n.KeyIO           Load declarations of de.uka.ilkd.key.nparser.KeyAst$File:  <unknown>:1#1 
594301     INFO  Test worker     d.u.i.k.n.KeyIO           MODE: declarations took 0 ms 
594301     DEBUG Test worker     d.u.i.k.n.KeyIO           MODE: 2nd degree decls took 0 
599359     INFO  Test worker     d.u.i.k.n.KeyIO           Parsing took 0 ms 
599359     DEBUG Test worker     d.u.i.k.n.KeyIO           Load declarations of de.uka.ilkd.key.nparser.KeyAst$File:  <unknown>:1#1 
599359     INFO  Test worker     d.u.i.k.n.KeyIO           MODE: declarations took 0 ms 
599359     DEBUG Test worker     d.u.i.k.n.KeyIO           MODE: 2nd degree decls took 0 
599359     INFO  Test worker     d.u.i.k.n.KeyIO           Parsing took 0 ms 
599359     DEBUG Test worker     d.u.i.k.n.KeyIO           Load declarations of de.uka.ilkd.key.nparser.KeyAst$File:  <unknown>:1#1 
599359     INFO  Test worker     d.u.i.k.n.KeyIO           MODE: declarations took 0 ms 
599359     DEBUG Test worker     d.u.i.k.n.KeyIO           MODE: 2nd degree decls took 0 
599359     INFO  Test worker     d.u.i.k.n.KeyIO           Parsing took 0 ms 
599359     DEBUG Test worker     d.u.i.k.n.KeyIO           Load declarations of de.uka.ilkd.key.nparser.KeyAst$File:  <unknown>:1#1 
599359     INFO  Test worker     d.u.i.k.n.KeyIO           MODE: declarations took 0 ms 
599359     DEBUG Test worker     d.u.i.k.n.KeyIO           MODE: 2nd degree decls took 0 
599359     INFO  Test worker     d.u.i.k.n.KeyIO           Parsing took 0 ms 
599359     DEBUG Test worker     d.u.i.k.n.KeyIO           Load declarations of de.uka.ilkd.key.nparser.KeyAst$File:  <unknown>:1#1 
599359     INFO  Test worker     d.u.i.k.n.KeyIO           MODE: declarations took 0 ms 
599359     DEBUG Test worker     d.u.i.k.n.KeyIO           MODE: 2nd degree decls took 0 
599359     INFO  Test worker     d.u.i.k.n.KeyIO           Parsing took 0 ms 
599359     DEBUG Test worker     d.u.i.k.n.KeyIO           Load declarations of de.uka.ilkd.key.nparser.KeyAst$File:  <unknown>:1#1 
599359     INFO  Test worker     d.u.i.k.n.KeyIO           MODE: declarations took 0 ms 
599359     DEBUG Test worker     d.u.i.k.n.KeyIO           MODE: 2nd degree decls took 0 
599374     WARN  Test worker     d.u.i.k.n.KeYParser       [syntax-error] null:1:11: mismatched input '@' expecting {'/', ':=', '.', '(', ')', '{', '[', '@', PARALLEL, OR, AND, IMP, '=', NOT_EQUALS, '%', '*', '-', '+', '>', GREATEREQUAL, '<', LESSEQUAL, LGUILLEMETS, EQV} [@11,11:11='@',<155>,1:11] (termEOF) 
604454     INFO  Test worker     d.u.i.k.n.KeyIO           Parsing took 0 ms 
604454     DEBUG Test worker     d.u.i.k.n.KeyIO           Load declarations of de.uka.ilkd.key.nparser.KeyAst$File:  <unknown>:1#1 
604454     INFO  Test worker     d.u.i.k.n.KeyIO           MODE: declarations took 0 ms 
604454     DEBUG Test worker     d.u.i.k.n.KeyIO           MODE: 2nd degree decls took 0 
604454     INFO  Test worker     d.u.i.k.n.KeyIO           Parsing took 0 ms 
604454     DEBUG Test worker     d.u.i.k.n.KeyIO           Load declarations of de.uka.ilkd.key.nparser.KeyAst$File:  <unknown>:1#1 
604454     INFO  Test worker     d.u.i.k.n.KeyIO           MODE: declarations took 0 ms 
604454     DEBUG Test worker     d.u.i.k.n.KeyIO           MODE: 2nd degree decls took 0 
604454     INFO  Test worker     d.u.i.k.n.KeyIO           Parsing took 0 ms 
604454     DEBUG Test worker     d.u.i.k.n.KeyIO           Load declarations of de.uka.ilkd.key.nparser.KeyAst$File:  <unknown>:1#1 
604454     INFO  Test worker     d.u.i.k.n.KeyIO           MODE: declarations took 0 ms 
604454     DEBUG Test worker     d.u.i.k.n.KeyIO           MODE: 2nd degree decls took 0 
604454     INFO  Test worker     d.u.i.k.n.KeyIO           Parsing took 0 ms 
604454     DEBUG Test worker     d.u.i.k.n.KeyIO           Load declarations of de.uka.ilkd.key.nparser.KeyAst$File:  <unknown>:1#1 
604454     INFO  Test worker     d.u.i.k.n.KeyIO           MODE: declarations took 0 ms 
604454     DEBUG Test worker     d.u.i.k.n.KeyIO           MODE: 2nd degree decls took 0 
604454     INFO  Test worker     d.u.i.k.n.KeyIO           Parsing took 0 ms 
604454     DEBUG Test worker     d.u.i.k.n.KeyIO           Load declarations of de.uka.ilkd.key.nparser.KeyAst$File:  <unknown>:1#1 
604454     INFO  Test worker     d.u.i.k.n.KeyIO           MODE: declarations took 0 ms 
604454     DEBUG Test worker     d.u.i.k.n.KeyIO           MODE: 2nd degree decls took 0 
609552     INFO  Test worker     d.u.i.k.n.KeyIO           Parsing took 0 ms 
609552     DEBUG Test worker     d.u.i.k.n.KeyIO           Load declarations of de.uka.ilkd.key.nparser.KeyAst$File:  <unknown>:1#1 
609552     INFO  Test worker     d.u.i.k.n.KeyIO           MODE: declarations took 0 ms 
609552     DEBUG Test worker     d.u.i.k.n.KeyIO           MODE: 2nd degree decls took 0 
609552     INFO  Test worker     d.u.i.k.n.KeyIO           Parsing took 0 ms 
609552     DEBUG Test worker     d.u.i.k.n.KeyIO           Load declarations of de.uka.ilkd.key.nparser.KeyAst$File:  <unknown>:1#1 
609552     INFO  Test worker     d.u.i.k.n.KeyIO           MODE: declarations took 0 ms 
609552     DEBUG Test worker     d.u.i.k.n.KeyIO           MODE: 2nd degree decls took 0 
609568     INFO  Test worker     d.u.i.k.n.KeyIO           Parsing took 0 ms 
609568     DEBUG Test worker     d.u.i.k.n.KeyIO           Load declarations of de.uka.ilkd.key.nparser.KeyAst$File:  <unknown>:1#1 
609568     INFO  Test worker     d.u.i.k.n.KeyIO           MODE: declarations took 0 ms 
609568     DEBUG Test worker     d.u.i.k.n.KeyIO           MODE: 2nd degree decls took 0 
609568     INFO  Test worker     d.u.i.k.n.KeyIO           Parsing took 0 ms 
609568     DEBUG Test worker     d.u.i.k.n.KeyIO           Load declarations of de.uka.ilkd.key.nparser.KeyAst$File:  <unknown>:1#1 
609568     INFO  Test worker     d.u.i.k.n.KeyIO           MODE: declarations took 0 ms 
609568     DEBUG Test worker     d.u.i.k.n.KeyIO           MODE: 2nd degree decls took 0 
609568     INFO  Test worker     d.u.i.k.n.KeyIO           Parsing took 0 ms 
609568     DEBUG Test worker     d.u.i.k.n.KeyIO           Load declarations of de.uka.ilkd.key.nparser.KeyAst$File:  <unknown>:1#1 
609568     INFO  Test worker     d.u.i.k.n.KeyIO           MODE: declarations took 0 ms 
609568     DEBUG Test worker     d.u.i.k.n.KeyIO           MODE: 2nd degree decls took 0 
614610     INFO  Test worker     d.u.i.k.n.KeyIO           Parsing took 0 ms 
614610     DEBUG Test worker     d.u.i.k.n.KeyIO           Load declarations of de.uka.ilkd.key.nparser.KeyAst$File:  <unknown>:1#1 
614610     INFO  Test worker     d.u.i.k.n.KeyIO           MODE: declarations took 0 ms 
614610     DEBUG Test worker     d.u.i.k.n.KeyIO           MODE: 2nd degree decls took 0 
614610     INFO  Test worker     d.u.i.k.n.KeyIO           Parsing took 0 ms 
614610     DEBUG Test worker     d.u.i.k.n.KeyIO           Load declarations of de.uka.ilkd.key.nparser.KeyAst$File:  <unknown>:1#1 
614610     INFO  Test worker     d.u.i.k.n.KeyIO           MODE: declarations took 0 ms 
614610     DEBUG Test worker     d.u.i.k.n.KeyIO           MODE: 2nd degree decls took 0 
614610     INFO  Test worker     d.u.i.k.n.KeyIO           Parsing took 0 ms 
614610     DEBUG Test worker     d.u.i.k.n.KeyIO           Load declarations of de.uka.ilkd.key.nparser.KeyAst$File:  <unknown>:1#1 
614610     INFO  Test worker     d.u.i.k.n.KeyIO           MODE: declarations took 0 ms 
614610     DEBUG Test worker     d.u.i.k.n.KeyIO           MODE: 2nd degree decls took 0 
614610     INFO  Test worker     d.u.i.k.n.KeyIO           Parsing took 0 ms 
614610     DEBUG Test worker     d.u.i.k.n.KeyIO           Load declarations of de.uka.ilkd.key.nparser.KeyAst$File:  <unknown>:1#1 
614610     INFO  Test worker     d.u.i.k.n.KeyIO           MODE: declarations took 0 ms 
614610     DEBUG Test worker     d.u.i.k.n.KeyIO           MODE: 2nd degree decls took 0 
614610     INFO  Test worker     d.u.i.k.n.KeyIO           Parsing took 0 ms 
614610     DEBUG Test worker     d.u.i.k.n.KeyIO           Load declarations of de.uka.ilkd.key.nparser.KeyAst$File:  <unknown>:1#1 
614610     INFO  Test worker     d.u.i.k.n.KeyIO           MODE: declarations took 0 ms 
614610     DEBUG Test worker     d.u.i.k.n.KeyIO           MODE: 2nd degree decls took 0 
619936     INFO  Test worker     d.u.i.k.n.KeyIO           Parsing took 0 ms 
619936     DEBUG Test worker     d.u.i.k.n.KeyIO           Load declarations of de.uka.ilkd.key.nparser.KeyAst$File:  <unknown>:1#1 
619936     INFO  Test worker     d.u.i.k.n.KeyIO           MODE: declarations took 0 ms 
619936     DEBUG Test worker     d.u.i.k.n.KeyIO           MODE: 2nd degree decls took 0 
619936     INFO  Test worker     d.u.i.k.n.KeyIO           Parsing took 0 ms 
619936     DEBUG Test worker     d.u.i.k.n.KeyIO           Load declarations of de.uka.ilkd.key.nparser.KeyAst$File:  <unknown>:1#1 
619936     INFO  Test worker     d.u.i.k.n.KeyIO           MODE: declarations took 0 ms 
619936     DEBUG Test worker     d.u.i.k.n.KeyIO           MODE: 2nd degree decls took 0 
619936     INFO  Test worker     d.u.i.k.n.KeyIO           Parsing took 0 ms 
619936     DEBUG Test worker     d.u.i.k.n.KeyIO           Load declarations of de.uka.ilkd.key.nparser.KeyAst$File:  <unknown>:1#1 
619936     INFO  Test worker     d.u.i.k.n.KeyIO           MODE: declarations took 0 ms 
619936     DEBUG Test worker     d.u.i.k.n.KeyIO           MODE: 2nd degree decls took 0 
619936     INFO  Test worker     d.u.i.k.n.KeyIO           Parsing took 0 ms 
619936     DEBUG Test worker     d.u.i.k.n.KeyIO           Load declarations of de.uka.ilkd.key.nparser.KeyAst$File:  <unknown>:1#1 
619936     INFO  Test worker     d.u.i.k.n.KeyIO           MODE: declarations took 0 ms 
619936     DEBUG Test worker     d.u.i.k.n.KeyIO           MODE: 2nd degree decls took 0 
619936     INFO  Test worker     d.u.i.k.n.KeyIO           Parsing took 0 ms 
619936     DEBUG Test worker     d.u.i.k.n.KeyIO           Load declarations of de.uka.ilkd.key.nparser.KeyAst$File:  <unknown>:1#1 
619936     INFO  Test worker     d.u.i.k.n.KeyIO           MODE: declarations took 0 ms 
619936     DEBUG Test worker     d.u.i.k.n.KeyIO           MODE: 2nd degree decls took 0 
625242     INFO  Test worker     d.u.i.k.n.KeyIO           Parsing took 0 ms 
625242     DEBUG Test worker     d.u.i.k.n.KeyIO           Load declarations of de.uka.ilkd.key.nparser.KeyAst$File:  <unknown>:1#1 
625242     INFO  Test worker     d.u.i.k.n.KeyIO           MODE: declarations took 0 ms 
625242     DEBUG Test worker     d.u.i.k.n.KeyIO           MODE: 2nd degree decls took 0 
625242     INFO  Test worker     d.u.i.k.n.KeyIO           Parsing took 0 ms 
625242     DEBUG Test worker     d.u.i.k.n.KeyIO           Load declarations of de.uka.ilkd.key.nparser.KeyAst$File:  <unknown>:1#1 
625242     INFO  Test worker     d.u.i.k.n.KeyIO           MODE: declarations took 0 ms 
625242     DEBUG Test worker     d.u.i.k.n.KeyIO           MODE: 2nd degree decls took 0 
625242     INFO  Test worker     d.u.i.k.n.KeyIO           Parsing took 0 ms 
625242     DEBUG Test worker     d.u.i.k.n.KeyIO           Load declarations of de.uka.ilkd.key.nparser.KeyAst$File:  <unknown>:1#1 
625242     INFO  Test worker     d.u.i.k.n.KeyIO           MODE: declarations took 0 ms 
625242     DEBUG Test worker     d.u.i.k.n.KeyIO           MODE: 2nd degree decls took 0 
625242     INFO  Test worker     d.u.i.k.n.KeyIO           Parsing took 0 ms 
625242     DEBUG Test worker     d.u.i.k.n.KeyIO           Load declarations of de.uka.ilkd.key.nparser.KeyAst$File:  <unknown>:1#1 
625242     INFO  Test worker     d.u.i.k.n.KeyIO           MODE: declarations took 0 ms 
625242     DEBUG Test worker     d.u.i.k.n.KeyIO           MODE: 2nd degree decls took 0 
625242     INFO  Test worker     d.u.i.k.n.KeyIO           Parsing took 0 ms 
625242     DEBUG Test worker     d.u.i.k.n.KeyIO           Load declarations of de.uka.ilkd.key.nparser.KeyAst$File:  <unknown>:1#1 
625242     INFO  Test worker     d.u.i.k.n.KeyIO           MODE: declarations took 0 ms 
625242     DEBUG Test worker     d.u.i.k.n.KeyIO           MODE: 2nd degree decls took 0 
630303     INFO  Test worker     d.u.i.k.n.KeyIO           Parsing took 0 ms 
630303     DEBUG Test worker     d.u.i.k.n.KeyIO           Load declarations of de.uka.ilkd.key.nparser.KeyAst$File:  <unknown>:1#1 
630303     INFO  Test worker     d.u.i.k.n.KeyIO           MODE: declarations took 0 ms 
630303     DEBUG Test worker     d.u.i.k.n.KeyIO           MODE: 2nd degree decls took 0 
630303     INFO  Test worker     d.u.i.k.n.KeyIO           Parsing took 0 ms 
630303     DEBUG Test worker     d.u.i.k.n.KeyIO           Load declarations of de.uka.ilkd.key.nparser.KeyAst$File:  <unknown>:1#1 
630303     INFO  Test worker     d.u.i.k.n.KeyIO           MODE: declarations took 0 ms 
630303     DEBUG Test worker     d.u.i.k.n.KeyIO           MODE: 2nd degree decls took 0 
630303     INFO  Test worker     d.u.i.k.n.KeyIO           Parsing took 0 ms 
630303     DEBUG Test worker     d.u.i.k.n.KeyIO           Load declarations of de.uka.ilkd.key.nparser.KeyAst$File:  <unknown>:1#1 
630303     INFO  Test worker     d.u.i.k.n.KeyIO           MODE: declarations took 0 ms 
630303     DEBUG Test worker     d.u.i.k.n.KeyIO           MODE: 2nd degree decls took 0 
630303     INFO  Test worker     d.u.i.k.n.KeyIO           Parsing took 0 ms 
630303     DEBUG Test worker     d.u.i.k.n.KeyIO           Load declarations of de.uka.ilkd.key.nparser.KeyAst$File:  <unknown>:1#1 
630303     INFO  Test worker     d.u.i.k.n.KeyIO           MODE: declarations took 0 ms 
630303     DEBUG Test worker     d.u.i.k.n.KeyIO           MODE: 2nd degree decls took 0 
630303     INFO  Test worker     d.u.i.k.n.KeyIO           Parsing took 0 ms 
630303     DEBUG Test worker     d.u.i.k.n.KeyIO           Load declarations of de.uka.ilkd.key.nparser.KeyAst$File:  <unknown>:1#1 
630303     INFO  Test worker     d.u.i.k.n.KeyIO           MODE: declarations took 0 ms 
630303     DEBUG Test worker     d.u.i.k.n.KeyIO           MODE: 2nd degree decls took 0 
635402     INFO  Test worker     d.u.i.k.n.KeyIO           Parsing took 0 ms 
635402     DEBUG Test worker     d.u.i.k.n.KeyIO           Load declarations of de.uka.ilkd.key.nparser.KeyAst$File:  <unknown>:1#1 
635402     INFO  Test worker     d.u.i.k.n.KeyIO           MODE: declarations took 0 ms 
635402     DEBUG Test worker     d.u.i.k.n.KeyIO           MODE: 2nd degree decls took 0 
635402     INFO  Test worker     d.u.i.k.n.KeyIO           Parsing took 0 ms 
635402     DEBUG Test worker     d.u.i.k.n.KeyIO           Load declarations of de.uka.ilkd.key.nparser.KeyAst$File:  <unknown>:1#1 
635402     INFO  Test worker     d.u.i.k.n.KeyIO           MODE: declarations took 0 ms 
635402     DEBUG Test worker     d.u.i.k.n.KeyIO           MODE: 2nd degree decls took 0 
635402     INFO  Test worker     d.u.i.k.n.KeyIO           Parsing took 0 ms 
635402     DEBUG Test worker     d.u.i.k.n.KeyIO           Load declarations of de.uka.ilkd.key.nparser.KeyAst$File:  <unknown>:1#1 
635402     INFO  Test worker     d.u.i.k.n.KeyIO           MODE: declarations took 0 ms 
635402     DEBUG Test worker     d.u.i.k.n.KeyIO           MODE: 2nd degree decls took 0 
635402     INFO  Test worker     d.u.i.k.n.KeyIO           Parsing took 0 ms 
635402     DEBUG Test worker     d.u.i.k.n.KeyIO           Load declarations of de.uka.ilkd.key.nparser.KeyAst$File:  <unknown>:1#1 
635402     INFO  Test worker     d.u.i.k.n.KeyIO           MODE: declarations took 0 ms 
635402     DEBUG Test worker     d.u.i.k.n.KeyIO           MODE: 2nd degree decls took 0 
635402     INFO  Test worker     d.u.i.k.n.KeyIO           Parsing took 0 ms 
635402     DEBUG Test worker     d.u.i.k.n.KeyIO           Load declarations of de.uka.ilkd.key.nparser.KeyAst$File:  <unknown>:1#1 
635402     INFO  Test worker     d.u.i.k.n.KeyIO           MODE: declarations took 0 ms 
635418     DEBUG Test worker     d.u.i.k.n.KeyIO           MODE: 2nd degree decls took 0 
640520     INFO  Test worker     d.u.i.k.n.KeyIO           Parsing took 0 ms 
640520     DEBUG Test worker     d.u.i.k.n.KeyIO           Load declarations of de.uka.ilkd.key.nparser.KeyAst$File:  <unknown>:1#1 
640520     INFO  Test worker     d.u.i.k.n.KeyIO           MODE: declarations took 0 ms 
640520     DEBUG Test worker     d.u.i.k.n.KeyIO           MODE: 2nd degree decls took 0 
640520     INFO  Test worker     d.u.i.k.n.KeyIO           Parsing took 0 ms 
640520     DEBUG Test worker     d.u.i.k.n.KeyIO           Load declarations of de.uka.ilkd.key.nparser.KeyAst$File:  <unknown>:1#1 
640520     INFO  Test worker     d.u.i.k.n.KeyIO           MODE: declarations took 0 ms 
640520     DEBUG Test worker     d.u.i.k.n.KeyIO           MODE: 2nd degree decls took 0 
640520     INFO  Test worker     d.u.i.k.n.KeyIO           Parsing took 0 ms 
640520     DEBUG Test worker     d.u.i.k.n.KeyIO           Load declarations of de.uka.ilkd.key.nparser.KeyAst$File:  <unknown>:1#1 
640520     INFO  Test worker     d.u.i.k.n.KeyIO           MODE: declarations took 0 ms 
640520     DEBUG Test worker     d.u.i.k.n.KeyIO           MODE: 2nd degree decls took 0 
640520     INFO  Test worker     d.u.i.k.n.KeyIO           Parsing took 0 ms 
640520     DEBUG Test worker     d.u.i.k.n.KeyIO           Load declarations of de.uka.ilkd.key.nparser.KeyAst$File:  <unknown>:1#1 
640520     INFO  Test worker     d.u.i.k.n.KeyIO           MODE: declarations took 0 ms 
640520     DEBUG Test worker     d.u.i.k.n.KeyIO           MODE: 2nd degree decls took 0 
640520     INFO  Test worker     d.u.i.k.n.KeyIO           Parsing took 0 ms 
640520     DEBUG Test worker     d.u.i.k.n.KeyIO           Load declarations of de.uka.ilkd.key.nparser.KeyAst$File:  <unknown>:1#1 
640520     INFO  Test worker     d.u.i.k.n.KeyIO           MODE: declarations took 0 ms 
640520     DEBUG Test worker     d.u.i.k.n.KeyIO           MODE: 2nd degree decls took 0 
645597     INFO  Test worker     d.u.i.k.n.KeyIO           Parsing took 0 ms 
645597     DEBUG Test worker     d.u.i.k.n.KeyIO           Load declarations of de.uka.ilkd.key.nparser.KeyAst$File:  <unknown>:1#1 
645597     INFO  Test worker     d.u.i.k.n.KeyIO           MODE: declarations took 0 ms 
645597     DEBUG Test worker     d.u.i.k.n.KeyIO           MODE: 2nd degree decls took 0 
645597     INFO  Test worker     d.u.i.k.n.KeyIO           Parsing took 0 ms 
645597     DEBUG Test worker     d.u.i.k.n.KeyIO           Load declarations of de.uka.ilkd.key.nparser.KeyAst$File:  <unknown>:1#1 
645597     INFO  Test worker     d.u.i.k.n.KeyIO           MODE: declarations took 0 ms 
645597     DEBUG Test worker     d.u.i.k.n.KeyIO           MODE: 2nd degree decls took 0 
645597     INFO  Test worker     d.u.i.k.n.KeyIO           Parsing took 0 ms 
645597     DEBUG Test worker     d.u.i.k.n.KeyIO           Load declarations of de.uka.ilkd.key.nparser.KeyAst$File:  <unknown>:1#1 
645597     INFO  Test worker     d.u.i.k.n.KeyIO           MODE: declarations took 0 ms 
645597     DEBUG Test worker     d.u.i.k.n.KeyIO           MODE: 2nd degree decls took 0 
645597     INFO  Test worker     d.u.i.k.n.KeyIO           Parsing took 0 ms 
645597     DEBUG Test worker     d.u.i.k.n.KeyIO           Load declarations of de.uka.ilkd.key.nparser.KeyAst$File:  <unknown>:1#1 
645597     INFO  Test worker     d.u.i.k.n.KeyIO           MODE: declarations took 0 ms 
645597     DEBUG Test worker     d.u.i.k.n.KeyIO           MODE: 2nd degree decls took 0 
645597     INFO  Test worker     d.u.i.k.n.KeyIO           Parsing took 0 ms 
645597     DEBUG Test worker     d.u.i.k.n.KeyIO           Load declarations of de.uka.ilkd.key.nparser.KeyAst$File:  <unknown>:1#1 
645597     INFO  Test worker     d.u.i.k.n.KeyIO           MODE: declarations took 0 ms 
645597     DEBUG Test worker     d.u.i.k.n.KeyIO           MODE: 2nd degree decls took 0 
650705     INFO  Test worker     d.u.i.k.n.KeyIO           Parsing took 0 ms 
650705     DEBUG Test worker     d.u.i.k.n.KeyIO           Load declarations of de.uka.ilkd.key.nparser.KeyAst$File:  <unknown>:1#1 
650705     INFO  Test worker     d.u.i.k.n.KeyIO           MODE: declarations took 0 ms 
650705     DEBUG Test worker     d.u.i.k.n.KeyIO           MODE: 2nd degree decls took 0 
650705     INFO  Test worker     d.u.i.k.n.KeyIO           Parsing took 0 ms 
650705     DEBUG Test worker     d.u.i.k.n.KeyIO           Load declarations of de.uka.ilkd.key.nparser.KeyAst$File:  <unknown>:1#1 
650705     INFO  Test worker     d.u.i.k.n.KeyIO           MODE: declarations took 0 ms 
650705     DEBUG Test worker     d.u.i.k.n.KeyIO           MODE: 2nd degree decls took 0 
650705     INFO  Test worker     d.u.i.k.n.KeyIO           Parsing took 0 ms 
650705     DEBUG Test worker     d.u.i.k.n.KeyIO           Load declarations of de.uka.ilkd.key.nparser.KeyAst$File:  <unknown>:1#1 
650705     INFO  Test worker     d.u.i.k.n.KeyIO           MODE: declarations took 0 ms 
650705     DEBUG Test worker     d.u.i.k.n.KeyIO           MODE: 2nd degree decls took 0 
650705     INFO  Test worker     d.u.i.k.n.KeyIO           Parsing took 0 ms 
650705     DEBUG Test worker     d.u.i.k.n.KeyIO           Load declarations of de.uka.ilkd.key.nparser.KeyAst$File:  <unknown>:1#1 
650705     INFO  Test worker     d.u.i.k.n.KeyIO           MODE: declarations took 0 ms 
650705     DEBUG Test worker     d.u.i.k.n.KeyIO           MODE: 2nd degree decls took 0 
650705     INFO  Test worker     d.u.i.k.n.KeyIO           Parsing took 0 ms 
650705     DEBUG Test worker     d.u.i.k.n.KeyIO           Load declarations of de.uka.ilkd.key.nparser.KeyAst$File:  <unknown>:1#1 
650705     INFO  Test worker     d.u.i.k.n.KeyIO           MODE: declarations took 0 ms 
650705     DEBUG Test worker     d.u.i.k.n.KeyIO           MODE: 2nd degree decls took 0 
655839     INFO  Test worker     d.u.i.k.n.KeyIO           Parsing took 0 ms 
655839     DEBUG Test worker     d.u.i.k.n.KeyIO           Load declarations of de.uka.ilkd.key.nparser.KeyAst$File:  <unknown>:1#1 
655839     INFO  Test worker     d.u.i.k.n.KeyIO           MODE: declarations took 0 ms 
655839     DEBUG Test worker     d.u.i.k.n.KeyIO           MODE: 2nd degree decls took 0 
655839     INFO  Test worker     d.u.i.k.n.KeyIO           Parsing took 0 ms 
655839     DEBUG Test worker     d.u.i.k.n.KeyIO           Load declarations of de.uka.ilkd.key.nparser.KeyAst$File:  <unknown>:1#1 
655839     INFO  Test worker     d.u.i.k.n.KeyIO           MODE: declarations took 0 ms 
655839     DEBUG Test worker     d.u.i.k.n.KeyIO           MODE: 2nd degree decls took 0 
655839     INFO  Test worker     d.u.i.k.n.KeyIO           Parsing took 0 ms 
655839     DEBUG Test worker     d.u.i.k.n.KeyIO           Load declarations of de.uka.ilkd.key.nparser.KeyAst$File:  <unknown>:1#1 
655839     INFO  Test worker     d.u.i.k.n.KeyIO           MODE: declarations took 0 ms 
655839     DEBUG Test worker     d.u.i.k.n.KeyIO           MODE: 2nd degree decls took 0 
655839     INFO  Test worker     d.u.i.k.n.KeyIO           Parsing took 0 ms 
655839     DEBUG Test worker     d.u.i.k.n.KeyIO           Load declarations of de.uka.ilkd.key.nparser.KeyAst$File:  <unknown>:1#1 
655839     INFO  Test worker     d.u.i.k.n.KeyIO           MODE: declarations took 0 ms 
655839     DEBUG Test worker     d.u.i.k.n.KeyIO           MODE: 2nd degree decls took 0 
655839     INFO  Test worker     d.u.i.k.n.KeyIO           Parsing took 0 ms 
655839     DEBUG Test worker     d.u.i.k.n.KeyIO           Load declarations of de.uka.ilkd.key.nparser.KeyAst$File:  <unknown>:1#1 
655839     INFO  Test worker     d.u.i.k.n.KeyIO           MODE: declarations took 0 ms 
655839     DEBUG Test worker     d.u.i.k.n.KeyIO           MODE: 2nd degree decls took 0 
660936     INFO  Test worker     d.u.i.k.n.KeyIO           Parsing took 0 ms 
660936     DEBUG Test worker     d.u.i.k.n.KeyIO           Load declarations of de.uka.ilkd.key.nparser.KeyAst$File:  <unknown>:1#1 
660936     INFO  Test worker     d.u.i.k.n.KeyIO           MODE: declarations took 0 ms 
660936     DEBUG Test worker     d.u.i.k.n.KeyIO           MODE: 2nd degree decls took 0 
660936     INFO  Test worker     d.u.i.k.n.KeyIO           Parsing took 0 ms 
660936     DEBUG Test worker     d.u.i.k.n.KeyIO           Load declarations of de.uka.ilkd.key.nparser.KeyAst$File:  <unknown>:1#1 
660936     INFO  Test worker     d.u.i.k.n.KeyIO           MODE: declarations took 0 ms 
660936     DEBUG Test worker     d.u.i.k.n.KeyIO           MODE: 2nd degree decls took 0 
660936     INFO  Test worker     d.u.i.k.n.KeyIO           Parsing took 0 ms 
660936     DEBUG Test worker     d.u.i.k.n.KeyIO           Load declarations of de.uka.ilkd.key.nparser.KeyAst$File:  <unknown>:1#1 
660936     INFO  Test worker     d.u.i.k.n.KeyIO           MODE: declarations took 0 ms 
660936     DEBUG Test worker     d.u.i.k.n.KeyIO           MODE: 2nd degree decls took 0 
660936     INFO  Test worker     d.u.i.k.n.KeyIO           Parsing took 0 ms 
660936     DEBUG Test worker     d.u.i.k.n.KeyIO           Load declarations of de.uka.ilkd.key.nparser.KeyAst$File:  <unknown>:1#1 
660936     INFO  Test worker     d.u.i.k.n.KeyIO           MODE: declarations took 0 ms 
660936     DEBUG Test worker     d.u.i.k.n.KeyIO           MODE: 2nd degree decls took 0 
660936     INFO  Test worker     d.u.i.k.n.KeyIO           Parsing took 0 ms 
660936     DEBUG Test worker     d.u.i.k.n.KeyIO           Load declarations of de.uka.ilkd.key.nparser.KeyAst$File:  <unknown>:1#1 
660936     INFO  Test worker     d.u.i.k.n.KeyIO           MODE: declarations took 0 ms 
660936     DEBUG Test worker     d.u.i.k.n.KeyIO           MODE: 2nd degree decls took 0 
666086     INFO  Test worker     d.u.i.k.n.KeyIO           Parsing took 0 ms 
666086     DEBUG Test worker     d.u.i.k.n.KeyIO           Load declarations of de.uka.ilkd.key.nparser.KeyAst$File:  <unknown>:1#1 
666086     INFO  Test worker     d.u.i.k.n.KeyIO           MODE: declarations took 0 ms 
666086     DEBUG Test worker     d.u.i.k.n.KeyIO           MODE: 2nd degree decls took 0 
666086     INFO  Test worker     d.u.i.k.n.KeyIO           Parsing took 0 ms 
666086     DEBUG Test worker     d.u.i.k.n.KeyIO           Load declarations of de.uka.ilkd.key.nparser.KeyAst$File:  <unknown>:1#1 
666086     INFO  Test worker     d.u.i.k.n.KeyIO           MODE: declarations took 0 ms 
666086     DEBUG Test worker     d.u.i.k.n.KeyIO           MODE: 2nd degree decls took 0 
666086     INFO  Test worker     d.u.i.k.n.KeyIO           Parsing took 0 ms 
666086     DEBUG Test worker     d.u.i.k.n.KeyIO           Load declarations of de.uka.ilkd.key.nparser.KeyAst$File:  <unknown>:1#1 
666086     INFO  Test worker     d.u.i.k.n.KeyIO           MODE: declarations took 0 ms 
666086     DEBUG Test worker     d.u.i.k.n.KeyIO           MODE: 2nd degree decls took 0 
666086     INFO  Test worker     d.u.i.k.n.KeyIO           Parsing took 0 ms 
666086     DEBUG Test worker     d.u.i.k.n.KeyIO           Load declarations of de.uka.ilkd.key.nparser.KeyAst$File:  <unknown>:1#1 
666086     INFO  Test worker     d.u.i.k.n.KeyIO           MODE: declarations took 0 ms 
666086     DEBUG Test worker     d.u.i.k.n.KeyIO           MODE: 2nd degree decls took 0 
666086     INFO  Test worker     d.u.i.k.n.KeyIO           Parsing took 0 ms 
666086     DEBUG Test worker     d.u.i.k.n.KeyIO           Load declarations of de.uka.ilkd.key.nparser.KeyAst$File:  <unknown>:1#1 
666086     INFO  Test worker     d.u.i.k.n.KeyIO           MODE: declarations took 0 ms 
666086     DEBUG Test worker     d.u.i.k.n.KeyIO           MODE: 2nd degree decls took 0 
671214     INFO  Test worker     d.u.i.k.n.KeyIO           Parsing took 0 ms 
671214     DEBUG Test worker     d.u.i.k.n.KeyIO           Load declarations of de.uka.ilkd.key.nparser.KeyAst$File:  <unknown>:1#1 
671214     INFO  Test worker     d.u.i.k.n.KeyIO           MODE: declarations took 0 ms 
671214     DEBUG Test worker     d.u.i.k.n.KeyIO           MODE: 2nd degree decls took 0 
671214     INFO  Test worker     d.u.i.k.n.KeyIO           Parsing took 0 ms 
671214     DEBUG Test worker     d.u.i.k.n.KeyIO           Load declarations of de.uka.ilkd.key.nparser.KeyAst$File:  <unknown>:1#1 
671214     INFO  Test worker     d.u.i.k.n.KeyIO           MODE: declarations took 0 ms 
671214     DEBUG Test worker     d.u.i.k.n.KeyIO           MODE: 2nd degree decls took 0 
671214     INFO  Test worker     d.u.i.k.n.KeyIO           Parsing took 0 ms 
671214     DEBUG Test worker     d.u.i.k.n.KeyIO           Load declarations of de.uka.ilkd.key.nparser.KeyAst$File:  <unknown>:1#1 
671214     INFO  Test worker     d.u.i.k.n.KeyIO           MODE: declarations took 0 ms 
671214     DEBUG Test worker     d.u.i.k.n.KeyIO           MODE: 2nd degree decls took 0 
671214     INFO  Test worker     d.u.i.k.n.KeyIO           Parsing took 0 ms 
671214     DEBUG Test worker     d.u.i.k.n.KeyIO           Load declarations of de.uka.ilkd.key.nparser.KeyAst$File:  <unknown>:1#1 
671214     INFO  Test worker     d.u.i.k.n.KeyIO           MODE: declarations took 0 ms 
671214     DEBUG Test worker     d.u.i.k.n.KeyIO           MODE: 2nd degree decls took 0 
671214     INFO  Test worker     d.u.i.k.n.KeyIO           Parsing took 0 ms 
671214     DEBUG Test worker     d.u.i.k.n.KeyIO           Load declarations of de.uka.ilkd.key.nparser.KeyAst$File:  <unknown>:1#1 
671214     INFO  Test worker     d.u.i.k.n.KeyIO           MODE: declarations took 0 ms 
671214     DEBUG Test worker     d.u.i.k.n.KeyIO           MODE: 2nd degree decls took 0 
676299     INFO  Test worker     d.u.i.k.n.KeyIO           Parsing took 0 ms 
676299     DEBUG Test worker     d.u.i.k.n.KeyIO           Load declarations of de.uka.ilkd.key.nparser.KeyAst$File:  <unknown>:1#1 
676299     INFO  Test worker     d.u.i.k.n.KeyIO           MODE: declarations took 0 ms 
676299     DEBUG Test worker     d.u.i.k.n.KeyIO           MODE: 2nd degree decls took 0 
676299     INFO  Test worker     d.u.i.k.n.KeyIO           Parsing took 0 ms 
676299     DEBUG Test worker     d.u.i.k.n.KeyIO           Load declarations of de.uka.ilkd.key.nparser.KeyAst$File:  <unknown>:1#1 
676315     INFO  Test worker     d.u.i.k.n.KeyIO           MODE: declarations took 16 ms 
676315     DEBUG Test worker     d.u.i.k.n.KeyIO           MODE: 2nd degree decls took 0 
676315     INFO  Test worker     d.u.i.k.n.KeyIO           Parsing took 0 ms 
676315     DEBUG Test worker     d.u.i.k.n.KeyIO           Load declarations of de.uka.ilkd.key.nparser.KeyAst$File:  <unknown>:1#1 
676315     INFO  Test worker     d.u.i.k.n.KeyIO           MODE: declarations took 0 ms 
676315     DEBUG Test worker     d.u.i.k.n.KeyIO           MODE: 2nd degree decls took 0 
676315     INFO  Test worker     d.u.i.k.n.KeyIO           Parsing took 0 ms 
676315     DEBUG Test worker     d.u.i.k.n.KeyIO           Load declarations of de.uka.ilkd.key.nparser.KeyAst$File:  <unknown>:1#1 
676315     INFO  Test worker     d.u.i.k.n.KeyIO           MODE: declarations took 0 ms 
676315     DEBUG Test worker     d.u.i.k.n.KeyIO           MODE: 2nd degree decls took 0 
676315     INFO  Test worker     d.u.i.k.n.KeyIO           Parsing took 0 ms 
676315     DEBUG Test worker     d.u.i.k.n.KeyIO           Load declarations of de.uka.ilkd.key.nparser.KeyAst$File:  <unknown>:1#1 
676315     INFO  Test worker     d.u.i.k.n.KeyIO           MODE: declarations took 0 ms 
676315     DEBUG Test worker     d.u.i.k.n.KeyIO           MODE: 2nd degree decls took 0 
681409     INFO  Test worker     d.u.i.k.n.KeyIO           Parsing took 0 ms 
681409     DEBUG Test worker     d.u.i.k.n.KeyIO           Load declarations of de.uka.ilkd.key.nparser.KeyAst$File:  <unknown>:1#1 
681409     INFO  Test worker     d.u.i.k.n.KeyIO           MODE: declarations took 0 ms 
681409     DEBUG Test worker     d.u.i.k.n.KeyIO           MODE: 2nd degree decls took 0 
681409     INFO  Test worker     d.u.i.k.n.KeyIO           Parsing took 0 ms 
681409     DEBUG Test worker     d.u.i.k.n.KeyIO           Load declarations of de.uka.ilkd.key.nparser.KeyAst$File:  <unknown>:1#1 
681409     INFO  Test worker     d.u.i.k.n.KeyIO           MODE: declarations took 0 ms 
681409     DEBUG Test worker     d.u.i.k.n.KeyIO           MODE: 2nd degree decls took 0 
681409     INFO  Test worker     d.u.i.k.n.KeyIO           Parsing took 0 ms 
681409     DEBUG Test worker     d.u.i.k.n.KeyIO           Load declarations of de.uka.ilkd.key.nparser.KeyAst$File:  <unknown>:1#1 
681409     INFO  Test worker     d.u.i.k.n.KeyIO           MODE: declarations took 0 ms 
681409     DEBUG Test worker     d.u.i.k.n.KeyIO           MODE: 2nd degree decls took 0 
681409     INFO  Test worker     d.u.i.k.n.KeyIO           Parsing took 0 ms 
681409     DEBUG Test worker     d.u.i.k.n.KeyIO           Load declarations of de.uka.ilkd.key.nparser.KeyAst$File:  <unknown>:1#1 
681409     INFO  Test worker     d.u.i.k.n.KeyIO           MODE: declarations took 0 ms 
681409     DEBUG Test worker     d.u.i.k.n.KeyIO           MODE: 2nd degree decls took 0 
681409     INFO  Test worker     d.u.i.k.n.KeyIO           Parsing took 0 ms 
681409     DEBUG Test worker     d.u.i.k.n.KeyIO           Load declarations of de.uka.ilkd.key.nparser.KeyAst$File:  <unknown>:1#1 
681409     INFO  Test worker     d.u.i.k.n.KeyIO           MODE: declarations took 0 ms 
681409     DEBUG Test worker     d.u.i.k.n.KeyIO           MODE: 2nd degree decls took 0 
686548     INFO  Test worker     d.u.i.k.n.KeyIO           Parsing took 0 ms 
686548     DEBUG Test worker     d.u.i.k.n.KeyIO           Load declarations of de.uka.ilkd.key.nparser.KeyAst$File:  <unknown>:1#1 
686548     INFO  Test worker     d.u.i.k.n.KeyIO           MODE: declarations took 0 ms 
686548     DEBUG Test worker     d.u.i.k.n.KeyIO           MODE: 2nd degree decls took 0 
686548     INFO  Test worker     d.u.i.k.n.KeyIO           Parsing took 0 ms 
686548     DEBUG Test worker     d.u.i.k.n.KeyIO           Load declarations of de.uka.ilkd.key.nparser.KeyAst$File:  <unknown>:1#1 
686548     INFO  Test worker     d.u.i.k.n.KeyIO           MODE: declarations took 0 ms 
686548     DEBUG Test worker     d.u.i.k.n.KeyIO           MODE: 2nd degree decls took 0 
686548     INFO  Test worker     d.u.i.k.n.KeyIO           Parsing took 0 ms 
686548     DEBUG Test worker     d.u.i.k.n.KeyIO           Load declarations of de.uka.ilkd.key.nparser.KeyAst$File:  <unknown>:1#1 
686548     INFO  Test worker     d.u.i.k.n.KeyIO           MODE: declarations took 0 ms 
686548     DEBUG Test worker     d.u.i.k.n.KeyIO           MODE: 2nd degree decls took 0 
686548     INFO  Test worker     d.u.i.k.n.KeyIO           Parsing took 0 ms 
686548     DEBUG Test worker     d.u.i.k.n.KeyIO           Load declarations of de.uka.ilkd.key.nparser.KeyAst$File:  <unknown>:1#1 
686548     INFO  Test worker     d.u.i.k.n.KeyIO           MODE: declarations took 0 ms 
686548     DEBUG Test worker     d.u.i.k.n.KeyIO           MODE: 2nd degree decls took 0 
686548     INFO  Test worker     d.u.i.k.n.KeyIO           Parsing took 0 ms 
686548     DEBUG Test worker     d.u.i.k.n.KeyIO           Load declarations of de.uka.ilkd.key.nparser.KeyAst$File:  <unknown>:1#1 
686548     INFO  Test worker     d.u.i.k.n.KeyIO           MODE: declarations took 0 ms 
686548     DEBUG Test worker     d.u.i.k.n.KeyIO           MODE: 2nd degree decls took 0 
691639     INFO  Test worker     d.u.i.k.n.KeyIO           Parsing took 0 ms 
691639     DEBUG Test worker     d.u.i.k.n.KeyIO           Load declarations of de.uka.ilkd.key.nparser.KeyAst$File:  <unknown>:1#1 
691639     INFO  Test worker     d.u.i.k.n.KeyIO           MODE: declarations took 0 ms 
691639     DEBUG Test worker     d.u.i.k.n.KeyIO           MODE: 2nd degree decls took 0 
691639     INFO  Test worker     d.u.i.k.n.KeyIO           Parsing took 0 ms 
691639     DEBUG Test worker     d.u.i.k.n.KeyIO           Load declarations of de.uka.ilkd.key.nparser.KeyAst$File:  <unknown>:1#1 
691639     INFO  Test worker     d.u.i.k.n.KeyIO           MODE: declarations took 0 ms 
691639     DEBUG Test worker     d.u.i.k.n.KeyIO           MODE: 2nd degree decls took 0 
691639     INFO  Test worker     d.u.i.k.n.KeyIO           Parsing took 0 ms 
691639     DEBUG Test worker     d.u.i.k.n.KeyIO           Load declarations of de.uka.ilkd.key.nparser.KeyAst$File:  <unknown>:1#1 
691639     INFO  Test worker     d.u.i.k.n.KeyIO           MODE: declarations took 0 ms 
691639     DEBUG Test worker     d.u.i.k.n.KeyIO           MODE: 2nd degree decls took 0 
691639     INFO  Test worker     d.u.i.k.n.KeyIO           Parsing took 0 ms 
691639     DEBUG Test worker     d.u.i.k.n.KeyIO           Load declarations of de.uka.ilkd.key.nparser.KeyAst$File:  <unknown>:1#1 
691639     INFO  Test worker     d.u.i.k.n.KeyIO           MODE: declarations took 0 ms 
691639     DEBUG Test worker     d.u.i.k.n.KeyIO           MODE: 2nd degree decls took 0 
691639     INFO  Test worker     d.u.i.k.n.KeyIO           Parsing took 0 ms 
691639     DEBUG Test worker     d.u.i.k.n.KeyIO           Load declarations of de.uka.ilkd.key.nparser.KeyAst$File:  <unknown>:1#1 
691639     INFO  Test worker     d.u.i.k.n.KeyIO           MODE: declarations took 0 ms 
691639     DEBUG Test worker     d.u.i.k.n.KeyIO           MODE: 2nd degree decls took 0 
696712     INFO  Test worker     d.u.i.k.n.KeyIO           Parsing took 0 ms 
696712     DEBUG Test worker     d.u.i.k.n.KeyIO           Load declarations of de.uka.ilkd.key.nparser.KeyAst$File:  <unknown>:1#1 
696712     INFO  Test worker     d.u.i.k.n.KeyIO           MODE: declarations took 0 ms 
696712     DEBUG Test worker     d.u.i.k.n.KeyIO           MODE: 2nd degree decls took 0 
696712     INFO  Test worker     d.u.i.k.n.KeyIO           Parsing took 0 ms 
696712     DEBUG Test worker     d.u.i.k.n.KeyIO           Load declarations of de.uka.ilkd.key.nparser.KeyAst$File:  <unknown>:1#1 
696712     INFO  Test worker     d.u.i.k.n.KeyIO           MODE: declarations took 0 ms 
696712     DEBUG Test worker     d.u.i.k.n.KeyIO           MODE: 2nd degree decls took 0 
696712     INFO  Test worker     d.u.i.k.n.KeyIO           Parsing took 0 ms 
696712     DEBUG Test worker     d.u.i.k.n.KeyIO           Load declarations of de.uka.ilkd.key.nparser.KeyAst$File:  <unknown>:1#1 
696712     INFO  Test worker     d.u.i.k.n.KeyIO           MODE: declarations took 0 ms 
696712     DEBUG Test worker     d.u.i.k.n.KeyIO           MODE: 2nd degree decls took 0 
696712     INFO  Test worker     d.u.i.k.n.KeyIO           Parsing took 0 ms 
696712     DEBUG Test worker     d.u.i.k.n.KeyIO           Load declarations of de.uka.ilkd.key.nparser.KeyAst$File:  <unknown>:1#1 
696712     INFO  Test worker     d.u.i.k.n.KeyIO           MODE: declarations took 0 ms 
696712     DEBUG Test worker     d.u.i.k.n.KeyIO           MODE: 2nd degree decls took 0 
696712     INFO  Test worker     d.u.i.k.n.KeyIO           Parsing took 0 ms 
696712     DEBUG Test worker     d.u.i.k.n.KeyIO           Load declarations of de.uka.ilkd.key.nparser.KeyAst$File:  <unknown>:1#1 
696712     INFO  Test worker     d.u.i.k.n.KeyIO           MODE: declarations took 0 ms 
696712     DEBUG Test worker     d.u.i.k.n.KeyIO           MODE: 2nd degree decls took 0 
701836     INFO  Test worker     d.u.i.k.n.KeyIO           Parsing took 0 ms 
701836     DEBUG Test worker     d.u.i.k.n.KeyIO           Load declarations of de.uka.ilkd.key.nparser.KeyAst$File:  <unknown>:1#1 
701836     INFO  Test worker     d.u.i.k.n.KeyIO           MODE: declarations took 0 ms 
701836     DEBUG Test worker     d.u.i.k.n.KeyIO           MODE: 2nd degree decls took 0 
701836     INFO  Test worker     d.u.i.k.n.KeyIO           Parsing took 0 ms 
701836     DEBUG Test worker     d.u.i.k.n.KeyIO           Load declarations of de.uka.ilkd.key.nparser.KeyAst$File:  <unknown>:1#1 
701836     INFO  Test worker     d.u.i.k.n.KeyIO           MODE: declarations took 0 ms 
701836     DEBUG Test worker     d.u.i.k.n.KeyIO           MODE: 2nd degree decls took 0 
701836     INFO  Test worker     d.u.i.k.n.KeyIO           Parsing took 0 ms 
701836     DEBUG Test worker     d.u.i.k.n.KeyIO           Load declarations of de.uka.ilkd.key.nparser.KeyAst$File:  <unknown>:1#1 
701836     INFO  Test worker     d.u.i.k.n.KeyIO           MODE: declarations took 0 ms 
701836     DEBUG Test worker     d.u.i.k.n.KeyIO           MODE: 2nd degree decls took 0 
701836     INFO  Test worker     d.u.i.k.n.KeyIO           Parsing took 0 ms 
701836     DEBUG Test worker     d.u.i.k.n.KeyIO           Load declarations of de.uka.ilkd.key.nparser.KeyAst$File:  <unknown>:1#1 
701836     INFO  Test worker     d.u.i.k.n.KeyIO           MODE: declarations took 0 ms 
701836     DEBUG Test worker     d.u.i.k.n.KeyIO           MODE: 2nd degree decls took 0 
701836     INFO  Test worker     d.u.i.k.n.KeyIO           Parsing took 0 ms 
701836     DEBUG Test worker     d.u.i.k.n.KeyIO           Load declarations of de.uka.ilkd.key.nparser.KeyAst$File:  <unknown>:1#1 
701836     INFO  Test worker     d.u.i.k.n.KeyIO           MODE: declarations took 0 ms 
701836     DEBUG Test worker     d.u.i.k.n.KeyIO           MODE: 2nd degree decls took 0 
706975     INFO  Test worker     d.u.i.k.n.KeyIO           Parsing took 0 ms 
706975     DEBUG Test worker     d.u.i.k.n.KeyIO           Load declarations of de.uka.ilkd.key.nparser.KeyAst$File:  <unknown>:1#1 
706975     INFO  Test worker     d.u.i.k.n.KeyIO           MODE: declarations took 0 ms 
706975     DEBUG Test worker     d.u.i.k.n.KeyIO           MODE: 2nd degree decls took 0 
706975     INFO  Test worker     d.u.i.k.n.KeyIO           Parsing took 0 ms 
706975     DEBUG Test worker     d.u.i.k.n.KeyIO           Load declarations of de.uka.ilkd.key.nparser.KeyAst$File:  <unknown>:1#1 
706975     INFO  Test worker     d.u.i.k.n.KeyIO           MODE: declarations took 0 ms 
706975     DEBUG Test worker     d.u.i.k.n.KeyIO           MODE: 2nd degree decls took 0 
706975     INFO  Test worker     d.u.i.k.n.KeyIO           Parsing took 0 ms 
706975     DEBUG Test worker     d.u.i.k.n.KeyIO           Load declarations of de.uka.ilkd.key.nparser.KeyAst$File:  <unknown>:1#1 
706975     INFO  Test worker     d.u.i.k.n.KeyIO           MODE: declarations took 0 ms 
706975     DEBUG Test worker     d.u.i.k.n.KeyIO           MODE: 2nd degree decls took 0 
706975     INFO  Test worker     d.u.i.k.n.KeyIO           Parsing took 0 ms 
706975     DEBUG Test worker     d.u.i.k.n.KeyIO           Load declarations of de.uka.ilkd.key.nparser.KeyAst$File:  <unknown>:1#1 
706975     INFO  Test worker     d.u.i.k.n.KeyIO           MODE: declarations took 0 ms 
706975     DEBUG Test worker     d.u.i.k.n.KeyIO           MODE: 2nd degree decls took 0 
706975     INFO  Test worker     d.u.i.k.n.KeyIO           Parsing took 0 ms 
706975     DEBUG Test worker     d.u.i.k.n.KeyIO           Load declarations of de.uka.ilkd.key.nparser.KeyAst$File:  <unknown>:1#1 
706975     INFO  Test worker     d.u.i.k.n.KeyIO           MODE: declarations took 0 ms 
706975     DEBUG Test worker     d.u.i.k.n.KeyIO           MODE: 2nd degree decls took 0 
712075     INFO  Test worker     d.u.i.k.n.KeyIO           Parsing took 0 ms 
712075     DEBUG Test worker     d.u.i.k.n.KeyIO           Load declarations of de.uka.ilkd.key.nparser.KeyAst$File:  <unknown>:1#1 
712075     INFO  Test worker     d.u.i.k.n.KeyIO           MODE: declarations took 0 ms 
712075     DEBUG Test worker     d.u.i.k.n.KeyIO           MODE: 2nd degree decls took 0 
712075     INFO  Test worker     d.u.i.k.n.KeyIO           Parsing took 0 ms 
712075     DEBUG Test worker     d.u.i.k.n.KeyIO           Load declarations of de.uka.ilkd.key.nparser.KeyAst$File:  <unknown>:1#1 
712075     INFO  Test worker     d.u.i.k.n.KeyIO           MODE: declarations took 0 ms 
712075     DEBUG Test worker     d.u.i.k.n.KeyIO           MODE: 2nd degree decls took 0 
712075     INFO  Test worker     d.u.i.k.n.KeyIO           Parsing took 0 ms 
712075     DEBUG Test worker     d.u.i.k.n.KeyIO           Load declarations of de.uka.ilkd.key.nparser.KeyAst$File:  <unknown>:1#1 
712075     INFO  Test worker     d.u.i.k.n.KeyIO           MODE: declarations took 0 ms 
712075     DEBUG Test worker     d.u.i.k.n.KeyIO           MODE: 2nd degree decls took 0 
712075     INFO  Test worker     d.u.i.k.n.KeyIO           Parsing took 0 ms 
712075     DEBUG Test worker     d.u.i.k.n.KeyIO           Load declarations of de.uka.ilkd.key.nparser.KeyAst$File:  <unknown>:1#1 
712075     INFO  Test worker     d.u.i.k.n.KeyIO           MODE: declarations took 0 ms 
712075     DEBUG Test worker     d.u.i.k.n.KeyIO           MODE: 2nd degree decls took 0 
712075     INFO  Test worker     d.u.i.k.n.KeyIO           Parsing took 0 ms 
712075     DEBUG Test worker     d.u.i.k.n.KeyIO           Load declarations of de.uka.ilkd.key.nparser.KeyAst$File:  <unknown>:1#1 
712075     INFO  Test worker     d.u.i.k.n.KeyIO           MODE: declarations took 0 ms 
712075     DEBUG Test worker     d.u.i.k.n.KeyIO           MODE: 2nd degree decls took 0 
717166     INFO  Test worker     d.u.i.k.n.KeyIO           Parsing took 0 ms 
717166     DEBUG Test worker     d.u.i.k.n.KeyIO           Load declarations of de.uka.ilkd.key.nparser.KeyAst$File:  <unknown>:1#1 
717166     INFO  Test worker     d.u.i.k.n.KeyIO           MODE: declarations took 0 ms 
717166     DEBUG Test worker     d.u.i.k.n.KeyIO           MODE: 2nd degree decls took 0 
717166     INFO  Test worker     d.u.i.k.n.KeyIO           Parsing took 0 ms 
717166     DEBUG Test worker     d.u.i.k.n.KeyIO           Load declarations of de.uka.ilkd.key.nparser.KeyAst$File:  <unknown>:1#1 
717166     INFO  Test worker     d.u.i.k.n.KeyIO           MODE: declarations took 0 ms 
717166     DEBUG Test worker     d.u.i.k.n.KeyIO           MODE: 2nd degree decls took 0 
717166     INFO  Test worker     d.u.i.k.n.KeyIO           Parsing took 0 ms 
717166     DEBUG Test worker     d.u.i.k.n.KeyIO           Load declarations of de.uka.ilkd.key.nparser.KeyAst$File:  <unknown>:1#1 
717166     INFO  Test worker     d.u.i.k.n.KeyIO           MODE: declarations took 0 ms 
717166     DEBUG Test worker     d.u.i.k.n.KeyIO           MODE: 2nd degree decls took 0 
717166     INFO  Test worker     d.u.i.k.n.KeyIO           Parsing took 0 ms 
717166     DEBUG Test worker     d.u.i.k.n.KeyIO           Load declarations of de.uka.ilkd.key.nparser.KeyAst$File:  <unknown>:1#1 
717166     INFO  Test worker     d.u.i.k.n.KeyIO           MODE: declarations took 0 ms 
717166     DEBUG Test worker     d.u.i.k.n.KeyIO           MODE: 2nd degree decls took 0 
717166     INFO  Test worker     d.u.i.k.n.KeyIO           Parsing took 0 ms 
717166     DEBUG Test worker     d.u.i.k.n.KeyIO           Load declarations of de.uka.ilkd.key.nparser.KeyAst$File:  <unknown>:1#1 
717166     INFO  Test worker     d.u.i.k.n.KeyIO           MODE: declarations took 0 ms 
717166     DEBUG Test worker     d.u.i.k.n.KeyIO           MODE: 2nd degree decls took 0 
722283     INFO  Test worker     d.u.i.k.n.KeyIO           Parsing took 0 ms 
722283     DEBUG Test worker     d.u.i.k.n.KeyIO           Load declarations of de.uka.ilkd.key.nparser.KeyAst$File:  <unknown>:1#1 
722283     INFO  Test worker     d.u.i.k.n.KeyIO           MODE: declarations took 0 ms 
722283     DEBUG Test worker     d.u.i.k.n.KeyIO           MODE: 2nd degree decls took 0 
722283     INFO  Test worker     d.u.i.k.n.KeyIO           Parsing took 0 ms 
722283     DEBUG Test worker     d.u.i.k.n.KeyIO           Load declarations of de.uka.ilkd.key.nparser.KeyAst$File:  <unknown>:1#1 
722283     INFO  Test worker     d.u.i.k.n.KeyIO           MODE: declarations took 0 ms 
722283     DEBUG Test worker     d.u.i.k.n.KeyIO           MODE: 2nd degree decls took 0 
722283     INFO  Test worker     d.u.i.k.n.KeyIO           Parsing took 0 ms 
722283     DEBUG Test worker     d.u.i.k.n.KeyIO           Load declarations of de.uka.ilkd.key.nparser.KeyAst$File:  <unknown>:1#1 
722283     INFO  Test worker     d.u.i.k.n.KeyIO           MODE: declarations took 0 ms 
722283     DEBUG Test worker     d.u.i.k.n.KeyIO           MODE: 2nd degree decls took 0 
722283     INFO  Test worker     d.u.i.k.n.KeyIO           Parsing took 0 ms 
722283     DEBUG Test worker     d.u.i.k.n.KeyIO           Load declarations of de.uka.ilkd.key.nparser.KeyAst$File:  <unknown>:1#1 
722283     INFO  Test worker     d.u.i.k.n.KeyIO           MODE: declarations took 0 ms 
722283     DEBUG Test worker     d.u.i.k.n.KeyIO           MODE: 2nd degree decls took 0 
722283     INFO  Test worker     d.u.i.k.n.KeyIO           Parsing took 0 ms 
722283     DEBUG Test worker     d.u.i.k.n.KeyIO           Load declarations of de.uka.ilkd.key.nparser.KeyAst$File:  <unknown>:1#1 
722283     INFO  Test worker     d.u.i.k.n.KeyIO           MODE: declarations took 0 ms 
722283     DEBUG Test worker     d.u.i.k.n.KeyIO           MODE: 2nd degree decls took 0 
]]></system-out>
  <system-err><![CDATA[]]></system-err>
</testsuite>
