<?xml version="1.0" encoding="UTF-8"?>
<testsuite name="de.uka.ilkd.key.rule.TestSchemaModalOperators" tests="4" skipped="0" failures="0" errors="0" timestamp="2023-06-12T22:23:33" hostname="fv-az618-737" time="1.755">
  <properties/>
  <testcase name="testSchemaModalities1()" classname="de.uka.ilkd.key.rule.TestSchemaModalOperators" time="1.72"/>
  <testcase name="testSchemaModalities2()" classname="de.uka.ilkd.key.rule.TestSchemaModalOperators" time="0.011"/>
  <testcase name="testSchemaModalities3()" classname="de.uka.ilkd.key.rule.TestSchemaModalOperators" time="0.01"/>
  <testcase name="testSchemaModalities4()" classname="de.uka.ilkd.key.rule.TestSchemaModalOperators" time="0.012"/>
  <system-out><![CDATA[772587     INFO  Test worker     d.u.i.k.n.KeyIO           Parsing took 16 ms 
772587     DEBUG Test worker     d.u.i.k.n.KeyIO           Load declarations of de.uka.ilkd.key.nparser.KeyAst$File:  D:\a\key\key\key.core\src\test\resources\testcase\testrules.key:9#1 
772587     INFO  Test worker     d.u.i.k.n.KeyIO           MODE: declarations took 0 ms 
772587     DEBUG Test worker     d.u.i.k.n.KeyIO           MODE: 2nd degree decls took 0 
772619     DEBUG Test worker     d.u.i.k.n.KeyIO           MODE: taclets took 32ms 
]]></system-out>
  <system-err><![CDATA[]]></system-err>
</testsuite>
