<?xml version="1.0" encoding="UTF-8"?>
<testsuite name="de.uka.ilkd.key.logic.TestTermLabelManager" tests="21" skipped="0" failures="0" errors="0" timestamp="2023-06-12T22:13:49" hostname="fv-az618-737" time="97.506">
  <properties/>
  <testcase name="testInstantiateLabels_directChildPolicies_allRules()" classname="de.uka.ilkd.key.logic.TestTermLabelManager" time="6.71"/>
  <testcase name="testInstantiateLabels_childAndGrandchildPolicies_ruleSpecific()" classname="de.uka.ilkd.key.logic.TestTermLabelManager" time="5.057"/>
  <testcase name="testParseLabel()" classname="de.uka.ilkd.key.logic.TestTermLabelManager" time="5.05"/>
  <testcase name="testrefactorGoal_childrenAndGrandchildren_ruleSpecific()" classname="de.uka.ilkd.key.logic.TestTermLabelManager" time="5.068"/>
  <testcase name="testrefactorGoal_directChildren_allRules()" classname="de.uka.ilkd.key.logic.TestTermLabelManager" time="5.043"/>
  <testcase name="testInstantiateLabels_childAndGrandchildPolicies_allRules()" classname="de.uka.ilkd.key.logic.TestTermLabelManager" time="5.0"/>
  <testcase name="testInstantiateLabels_taclet()" classname="de.uka.ilkd.key.logic.TestTermLabelManager" time="5.028"/>
  <testcase name="testrefactorGoal_none_ruleSpecific()" classname="de.uka.ilkd.key.logic.TestTermLabelManager" time="5.015"/>
  <testcase name="testInstantiateLabels_updates_ruleSpecific()" classname="de.uka.ilkd.key.logic.TestTermLabelManager" time="5.056"/>
  <testcase name="testrefactorGoal_sequent_ruleSpecific()" classname="de.uka.ilkd.key.logic.TestTermLabelManager" time="5.059"/>
  <testcase name="testInstantiateLabels_updates_allRules()" classname="de.uka.ilkd.key.logic.TestTermLabelManager" time="5.057"/>
  <testcase name="testrefactorGoal_sequent_allRules()" classname="de.uka.ilkd.key.logic.TestTermLabelManager" time="5.046"/>
  <testcase name="testrefactorGoal_childrenAndGrandchildren_allRules()" classname="de.uka.ilkd.key.logic.TestTermLabelManager" time="5.032"/>
  <testcase name="testGetTermLabelManager()" classname="de.uka.ilkd.key.logic.TestTermLabelManager" time="0.004"/>
  <testcase name="testInstantiateLabels_applicationTermPolicies()" classname="de.uka.ilkd.key.logic.TestTermLabelManager" time="5.018"/>
  <testcase name="testInstantiateLabels_modalityTermPolicies()" classname="de.uka.ilkd.key.logic.TestTermLabelManager" time="5.045"/>
  <testcase name="testrefactorGoal_none_allRules()" classname="de.uka.ilkd.key.logic.TestTermLabelManager" time="5.027"/>
  <testcase name="testInstantiateLabels_null()" classname="de.uka.ilkd.key.logic.TestTermLabelManager" time="0.0"/>
  <testcase name="testrefactorGoal_directChildren_ruleSpecific()" classname="de.uka.ilkd.key.logic.TestTermLabelManager" time="5.045"/>
  <testcase name="testInstantiateLabels_directChildPolicies_ruleSpecific()" classname="de.uka.ilkd.key.logic.TestTermLabelManager" time="5.048"/>
  <testcase name="testGetSupportedTermLabelNames()" classname="de.uka.ilkd.key.logic.TestTermLabelManager" time="5.087"/>
  <system-out><![CDATA[187177     INFO  Test worker     d.u.i.k.p.i.AbstractProblemLoader Loading environment from src\test\resources\testcase\termLabels\flatSteps\FlatSteps.java 
187177     DEBUG Test worker     d.u.i.k.p.i.AbstractProblemLoader Environment load took 320.2ns 
187177     INFO  Test worker     d.u.i.k.p.i.AbstractProblemLoader Creating init config 
187427     DEBUG Test worker     d.u.i.k.j.TypeConverter   No LDT found for Meta 
187427     DEBUG Test worker     d.u.i.k.j.TypeConverter   No LDT found for Meta 
187443     DEBUG Test worker     d.u.i.k.j.TypeConverter   No LDT found for Meta 
187443     DEBUG Test worker     d.u.i.k.j.TypeConverter   No LDT found for Meta 
188427     DEBUG Test worker     d.u.i.k.j.TypeConverter   No LDT found for JavaBigintExpression 
193891     DEBUG Test worker     d.u.i.k.p.i.AbstractProblemLoader Init config took 6.7s 
193891     INFO  Test worker     d.u.i.k.p.i.AbstractProblemLoader Loading environment from src\test\resources\testcase\termLabels\flatSteps\FlatSteps.java 
193891     DEBUG Test worker     d.u.i.k.p.i.AbstractProblemLoader Environment load took 276.2ns 
193891     INFO  Test worker     d.u.i.k.p.i.AbstractProblemLoader Creating init config 
198948     DEBUG Test worker     d.u.i.k.p.i.AbstractProblemLoader Init config took 5.05s 
198948     INFO  Test worker     d.u.i.k.p.i.AbstractProblemLoader Loading environment from src\test\resources\testcase\termLabels\flatSteps\FlatSteps.java 
198948     DEBUG Test worker     d.u.i.k.p.i.AbstractProblemLoader Environment load took 240.3ns 
198963     INFO  Test worker     d.u.i.k.p.i.AbstractProblemLoader Creating init config 
203998     DEBUG Test worker     d.u.i.k.p.i.AbstractProblemLoader Init config took 5.04s 
203998     INFO  Test worker     d.u.i.k.p.i.AbstractProblemLoader Loading environment from src\test\resources\testcase\termLabels\flatSteps\FlatSteps.java 
203998     DEBUG Test worker     d.u.i.k.p.i.AbstractProblemLoader Environment load took 680.8ns 
204014     INFO  Test worker     d.u.i.k.p.i.AbstractProblemLoader Creating init config 
209050     DEBUG Test worker     d.u.i.k.p.i.AbstractProblemLoader Init config took 5.04s 
209066     INFO  Test worker     d.u.i.k.p.i.AbstractProblemLoader Loading environment from src\test\resources\testcase\termLabels\flatSteps\FlatSteps.java 
209066     DEBUG Test worker     d.u.i.k.p.i.AbstractProblemLoader Environment load took 194.5ns 
209066     INFO  Test worker     d.u.i.k.p.i.AbstractProblemLoader Creating init config 
214110     DEBUG Test worker     d.u.i.k.p.i.AbstractProblemLoader Init config took 5.04s 
214125     INFO  Test worker     d.u.i.k.p.i.AbstractProblemLoader Loading environment from src\test\resources\testcase\termLabels\flatSteps\FlatSteps.java 
214125     DEBUG Test worker     d.u.i.k.p.i.AbstractProblemLoader Environment load took 610.9ns 
214125     INFO  Test worker     d.u.i.k.p.i.AbstractProblemLoader Creating init config 
219111     DEBUG Test worker     d.u.i.k.p.i.AbstractProblemLoader Init config took 4.98s 
219111     INFO  Test worker     d.u.i.k.p.i.AbstractProblemLoader Loading environment from src\test\resources\testcase\termLabels\flatSteps\FlatSteps.java 
219111     DEBUG Test worker     d.u.i.k.p.i.AbstractProblemLoader Environment load took 594.5ns 
219142     INFO  Test worker     d.u.i.k.p.i.AbstractProblemLoader Creating init config 
224139     DEBUG Test worker     d.u.i.k.p.i.AbstractProblemLoader Init config took 5s 
224139     INFO  Test worker     d.u.i.k.p.i.AbstractProblemLoader Loading environment from src\test\resources\testcase\termLabels\flatSteps\FlatSteps.java 
224155     DEBUG Test worker     d.u.i.k.p.i.AbstractProblemLoader Environment load took 632ns 
224155     INFO  Test worker     d.u.i.k.p.i.AbstractProblemLoader Creating init config 
229139     DEBUG Test worker     d.u.i.k.p.i.AbstractProblemLoader Init config took 4.99s 
229155     INFO  Test worker     d.u.i.k.p.i.AbstractProblemLoader Loading environment from src\test\resources\testcase\termLabels\flatSteps\FlatSteps.java 
229170     DEBUG Test worker     d.u.i.k.p.i.AbstractProblemLoader Environment load took 1.99ms 
229170     INFO  Test worker     d.u.i.k.p.i.AbstractProblemLoader Creating init config 
234212     DEBUG Test worker     d.u.i.k.p.i.AbstractProblemLoader Init config took 5.04s 
234227     INFO  Test worker     d.u.i.k.p.i.AbstractProblemLoader Loading environment from src\test\resources\testcase\termLabels\flatSteps\FlatSteps.java 
234227     DEBUG Test worker     d.u.i.k.p.i.AbstractProblemLoader Environment load took 225.2ns 
234227     INFO  Test worker     d.u.i.k.p.i.AbstractProblemLoader Creating init config 
239256     DEBUG Test worker     d.u.i.k.p.i.AbstractProblemLoader Init config took 5.04s 
239272     INFO  Test worker     d.u.i.k.p.i.AbstractProblemLoader Loading environment from src\test\resources\testcase\termLabels\flatSteps\FlatSteps.java 
239272     DEBUG Test worker     d.u.i.k.p.i.AbstractProblemLoader Environment load took 587.7ns 
239287     INFO  Test worker     d.u.i.k.p.i.AbstractProblemLoader Creating init config 
244330     DEBUG Test worker     d.u.i.k.p.i.AbstractProblemLoader Init config took 5.05s 
244330     INFO  Test worker     d.u.i.k.p.i.AbstractProblemLoader Loading environment from src\test\resources\testcase\termLabels\flatSteps\FlatSteps.java 
244330     DEBUG Test worker     d.u.i.k.p.i.AbstractProblemLoader Environment load took 225.1ns 
244346     INFO  Test worker     d.u.i.k.p.i.AbstractProblemLoader Creating init config 
249360     DEBUG Test worker     d.u.i.k.p.i.AbstractProblemLoader Init config took 5.03s 
249376     INFO  Test worker     d.u.i.k.p.i.AbstractProblemLoader Loading environment from src\test\resources\testcase\termLabels\flatSteps\FlatSteps.java 
249376     DEBUG Test worker     d.u.i.k.p.i.AbstractProblemLoader Environment load took 605.3ns 
249391     INFO  Test worker     d.u.i.k.p.i.AbstractProblemLoader Creating init config 
254405     DEBUG Test worker     d.u.i.k.p.i.AbstractProblemLoader Init config took 5.01s 
254424     INFO  Test worker     d.u.i.k.p.i.AbstractProblemLoader Loading environment from src\test\resources\testcase\termLabels\flatSteps\FlatSteps.java 
254424     DEBUG Test worker     d.u.i.k.p.i.AbstractProblemLoader Environment load took 219.5ns 
254424     INFO  Test worker     d.u.i.k.p.i.AbstractProblemLoader Creating init config 
259415     DEBUG Test worker     d.u.i.k.p.i.AbstractProblemLoader Init config took 5s 
259431     INFO  Test worker     d.u.i.k.p.i.AbstractProblemLoader Loading environment from src\test\resources\testcase\termLabels\flatSteps\FlatSteps.java 
259431     DEBUG Test worker     d.u.i.k.p.i.AbstractProblemLoader Environment load took 604.1ns 
259431     INFO  Test worker     d.u.i.k.p.i.AbstractProblemLoader Creating init config 
264476     DEBUG Test worker     d.u.i.k.p.i.AbstractProblemLoader Init config took 5.05s 
264476     INFO  Test worker     d.u.i.k.p.i.AbstractProblemLoader Loading environment from src\test\resources\testcase\termLabels\flatSteps\FlatSteps.java 
264476     DEBUG Test worker     d.u.i.k.p.i.AbstractProblemLoader Environment load took 264ns 
264476     INFO  Test worker     d.u.i.k.p.i.AbstractProblemLoader Creating init config 
269488     DEBUG Test worker     d.u.i.k.p.i.AbstractProblemLoader Init config took 5.01s 
269503     INFO  Test worker     d.u.i.k.p.i.AbstractProblemLoader Loading environment from src\test\resources\testcase\termLabels\flatSteps\FlatSteps.java 
269503     DEBUG Test worker     d.u.i.k.p.i.AbstractProblemLoader Environment load took 243.5ns 
269519     INFO  Test worker     d.u.i.k.p.i.AbstractProblemLoader Creating init config 
274535     DEBUG Test worker     d.u.i.k.p.i.AbstractProblemLoader Init config took 5.02s 
274550     INFO  Test worker     d.u.i.k.p.i.AbstractProblemLoader Loading environment from src\test\resources\testcase\termLabels\flatSteps\FlatSteps.java 
274550     DEBUG Test worker     d.u.i.k.p.i.AbstractProblemLoader Environment load took 223.9ns 
274550     INFO  Test worker     d.u.i.k.p.i.AbstractProblemLoader Creating init config 
279598     DEBUG Test worker     d.u.i.k.p.i.AbstractProblemLoader Init config took 5.05s 
279614     INFO  Test worker     d.u.i.k.p.i.AbstractProblemLoader Loading environment from src\test\resources\testcase\termLabels\flatSteps\FlatSteps.java 
279614     DEBUG Test worker     d.u.i.k.p.i.AbstractProblemLoader Environment load took 1.47ms 
279614     INFO  Test worker     d.u.i.k.p.i.AbstractProblemLoader Creating init config 
284687     DEBUG Test worker     d.u.i.k.p.i.AbstractProblemLoader Init config took 5.07s 
]]></system-out>
  <system-err><![CDATA[]]></system-err>
</testsuite>
