<?xml version="1.0" encoding="UTF-8"?>
<testsuite name="de.uka.ilkd.key.rule.loop.LoopScopeInvRuleTests" tests="1" skipped="0" failures="0" errors="0" timestamp="2023-06-12T22:23:35" hostname="fv-az618-737" time="7.657">
  <properties/>
  <testcase name="testDoAutomaticProofOfBenchmarkWithLabeledBreaksAndContinues()" classname="de.uka.ilkd.key.rule.loop.LoopScopeInvRuleTests" time="7.657"/>
  <system-out><![CDATA[772681     INFO  Test worker     d.u.i.k.p.i.AbstractProblemLoader Loading environment from src\test\resources\testcase\loopScopeInvRule\Test.key 
772681     DEBUG Test worker     d.u.i.k.p.i.AbstractProblemLoader Environment load took 160.3ns 
772681     INFO  Test worker     d.u.i.k.p.i.AbstractProblemLoader Creating init config 
772869     DEBUG Test worker     d.u.i.k.j.TypeConverter   No LDT found for Meta 
772869     DEBUG Test worker     d.u.i.k.j.TypeConverter   No LDT found for Meta 
772869     DEBUG Test worker     d.u.i.k.j.TypeConverter   No LDT found for Meta 
772869     DEBUG Test worker     d.u.i.k.j.TypeConverter   No LDT found for Meta 
773824     DEBUG Test worker     d.u.i.k.j.TypeConverter   No LDT found for JavaBigintExpression 
779539     DEBUG Test worker     d.u.i.k.p.i.AbstractProblemLoader Init config took 6.86s 
779586     INFO  Test worker     d.u.i.k.p.i.AbstractProblemLoader Replaying proof Test[Test::loopScopeRuleBenchmark(int,boolean)].JML normal_behavior operation contract.0 
779586     DEBUG Test worker     d.u.i.k.p.i.IntermediateProofReplayer Proof replay took 60.6ns 
]]></system-out>
  <system-err><![CDATA[]]></system-err>
</testsuite>
