<?xml version="1.0" encoding="UTF-8"?>
<testsuite name="de.uka.ilkd.key.parser.TestTermParserSorts" tests="2" skipped="0" failures="0" errors="0" timestamp="2023-06-12T22:22:50" hostname="fv-az618-737" time="5.065">
  <properties/>
  <testcase name="testParseIntegerArgs()" classname="de.uka.ilkd.key.parser.TestTermParserSorts" time="0.018"/>
  <testcase name="testParseSequencePrettySyntax()" classname="de.uka.ilkd.key.parser.TestTermParserSorts" time="0.004"/>
  <system-out><![CDATA[727381     INFO  Test worker     d.u.i.k.n.KeyIO           Parsing took 0 ms 
727381     DEBUG Test worker     d.u.i.k.n.KeyIO           Load declarations of de.uka.ilkd.key.nparser.KeyAst$File:  <unknown>:1#1 
727381     INFO  Test worker     d.u.i.k.n.KeyIO           MODE: declarations took 0 ms 
727381     DEBUG Test worker     d.u.i.k.n.KeyIO           MODE: 2nd degree decls took 0 
727381     INFO  Test worker     d.u.i.k.n.KeyIO           Parsing took 0 ms 
727381     DEBUG Test worker     d.u.i.k.n.KeyIO           Load declarations of de.uka.ilkd.key.nparser.KeyAst$File:  <unknown>:1#1 
727381     INFO  Test worker     d.u.i.k.n.KeyIO           MODE: declarations took 0 ms 
727381     DEBUG Test worker     d.u.i.k.n.KeyIO           MODE: 2nd degree decls took 0 
727381     INFO  Test worker     d.u.i.k.n.KeyIO           Parsing took 0 ms 
727381     DEBUG Test worker     d.u.i.k.n.KeyIO           Load declarations of de.uka.ilkd.key.nparser.KeyAst$File:  <unknown>:1#1 
727381     INFO  Test worker     d.u.i.k.n.KeyIO           MODE: declarations took 0 ms 
727381     DEBUG Test worker     d.u.i.k.n.KeyIO           MODE: 2nd degree decls took 0 
732442     INFO  Test worker     d.u.i.k.n.KeyIO           Parsing took 0 ms 
732442     DEBUG Test worker     d.u.i.k.n.KeyIO           Load declarations of de.uka.ilkd.key.nparser.KeyAst$File:  <unknown>:1#1 
732442     INFO  Test worker     d.u.i.k.n.KeyIO           MODE: declarations took 0 ms 
732442     DEBUG Test worker     d.u.i.k.n.KeyIO           MODE: 2nd degree decls took 0 
732442     INFO  Test worker     d.u.i.k.n.KeyIO           Parsing took 0 ms 
732442     DEBUG Test worker     d.u.i.k.n.KeyIO           Load declarations of de.uka.ilkd.key.nparser.KeyAst$File:  <unknown>:1#1 
732442     INFO  Test worker     d.u.i.k.n.KeyIO           MODE: declarations took 0 ms 
732442     DEBUG Test worker     d.u.i.k.n.KeyIO           MODE: 2nd degree decls took 0 
732442     INFO  Test worker     d.u.i.k.n.KeyIO           Parsing took 0 ms 
732442     DEBUG Test worker     d.u.i.k.n.KeyIO           Load declarations of de.uka.ilkd.key.nparser.KeyAst$File:  <unknown>:1#1 
732442     INFO  Test worker     d.u.i.k.n.KeyIO           MODE: declarations took 0 ms 
732442     DEBUG Test worker     d.u.i.k.n.KeyIO           MODE: 2nd degree decls took 0 
]]></system-out>
  <system-err><![CDATA[]]></system-err>
</testsuite>
