<?xml version="1.0" encoding="UTF-8"?>
<testsuite name="de.uka.ilkd.key.logic.TestClashFreeSubst" tests="14" skipped="2" failures="0" errors="0" timestamp="2023-06-12T22:11:45" hostname="fv-az618-737" time="85.171">
  <properties/>
  <testcase name="testMultiShareBound()" classname="de.uka.ilkd.key.logic.TestClashFreeSubst" time="1.721"/>
  <testcase name="testClash()" classname="de.uka.ilkd.key.logic.TestClashFreeSubst" time="1.576"/>
  <testcase name="testShare()" classname="de.uka.ilkd.key.logic.TestClashFreeSubst" time="1.572"/>
  <testcase name="testSubst()" classname="de.uka.ilkd.key.logic.TestClashFreeSubst" time="1.585"/>
  <testcase name="testWary0()" classname="de.uka.ilkd.key.logic.TestClashFreeSubst" time="1.54"/>
  <testcase name="testWary1()" classname="de.uka.ilkd.key.logic.TestClashFreeSubst" time="1.594"/>
  <testcase name="testWary2()" classname="de.uka.ilkd.key.logic.TestClashFreeSubst" time="1.601"/>
  <testcase name="testClashInSubstTerm()" classname="de.uka.ilkd.key.logic.TestClashFreeSubst" time="1.576"/>
  <testcase name="testShareWary()" classname="de.uka.ilkd.key.logic.TestClashFreeSubst" time="1.574"/>
  <testcase name="testMultiSubst()" classname="de.uka.ilkd.key.logic.TestClashFreeSubst" time="1.621"/>
  <testcase name="xtestMultiClash()" classname="de.uka.ilkd.key.logic.TestClashFreeSubst" time="0.0">
    <skipped/>
  </testcase>
  <testcase name="testSubstInSubstTerm()" classname="de.uka.ilkd.key.logic.TestClashFreeSubst" time="1.56"/>
  <testcase name="testSubstWary()" classname="de.uka.ilkd.key.logic.TestClashFreeSubst" time="1.552"/>
  <testcase name="xtestMultiClash1()" classname="de.uka.ilkd.key.logic.TestClashFreeSubst" time="0.0">
    <skipped/>
  </testcase>
  <system-out><![CDATA[62957      INFO  Test worker     d.u.i.k.n.KeyIO           Parsing took 0 ms 
62957      DEBUG Test worker     d.u.i.k.n.KeyIO           Load declarations of de.uka.ilkd.key.nparser.KeyAst$File:  <unknown>:1#1 
62957      INFO  Test worker     d.u.i.k.n.KeyIO           MODE: declarations took 0 ms 
62957      DEBUG Test worker     d.u.i.k.n.KeyIO           MODE: 2nd degree decls took 0 
64668      INFO  Test worker     d.u.i.k.n.KeyIO           Parsing took 0 ms 
64668      DEBUG Test worker     d.u.i.k.n.KeyIO           Load declarations of de.uka.ilkd.key.nparser.KeyAst$File:  <unknown>:1#1 
64668      INFO  Test worker     d.u.i.k.n.KeyIO           MODE: declarations took 0 ms 
64668      DEBUG Test worker     d.u.i.k.n.KeyIO           MODE: 2nd degree decls took 0 
69867      INFO  Test worker     d.u.i.k.n.KeyIO           Parsing took 0 ms 
69867      DEBUG Test worker     d.u.i.k.n.KeyIO           Load declarations of de.uka.ilkd.key.nparser.KeyAst$File:  <unknown>:1#1 
69867      INFO  Test worker     d.u.i.k.n.KeyIO           MODE: declarations took 0 ms 
69867      DEBUG Test worker     d.u.i.k.n.KeyIO           MODE: 2nd degree decls took 0 
71438      INFO  Test worker     d.u.i.k.n.KeyIO           Parsing took 0 ms 
71438      DEBUG Test worker     d.u.i.k.n.KeyIO           Load declarations of de.uka.ilkd.key.nparser.KeyAst$File:  <unknown>:1#1 
71438      INFO  Test worker     d.u.i.k.n.KeyIO           MODE: declarations took 0 ms 
71438      DEBUG Test worker     d.u.i.k.n.KeyIO           MODE: 2nd degree decls took 0 
76592      INFO  Test worker     d.u.i.k.n.KeyIO           Parsing took 0 ms 
76592      DEBUG Test worker     d.u.i.k.n.KeyIO           Load declarations of de.uka.ilkd.key.nparser.KeyAst$File:  <unknown>:1#1 
76592      INFO  Test worker     d.u.i.k.n.KeyIO           MODE: declarations took 0 ms 
76592      DEBUG Test worker     d.u.i.k.n.KeyIO           MODE: 2nd degree decls took 0 
78146      INFO  Test worker     d.u.i.k.n.KeyIO           Parsing took 0 ms 
78146      DEBUG Test worker     d.u.i.k.n.KeyIO           Load declarations of de.uka.ilkd.key.nparser.KeyAst$File:  <unknown>:1#1 
78162      INFO  Test worker     d.u.i.k.n.KeyIO           MODE: declarations took 16 ms 
78162      DEBUG Test worker     d.u.i.k.n.KeyIO           MODE: 2nd degree decls took 0 
83288      INFO  Test worker     d.u.i.k.n.KeyIO           Parsing took 0 ms 
83288      DEBUG Test worker     d.u.i.k.n.KeyIO           Load declarations of de.uka.ilkd.key.nparser.KeyAst$File:  <unknown>:1#1 
83288      INFO  Test worker     d.u.i.k.n.KeyIO           MODE: declarations took 0 ms 
83288      DEBUG Test worker     d.u.i.k.n.KeyIO           MODE: 2nd degree decls took 0 
84858      INFO  Test worker     d.u.i.k.n.KeyIO           Parsing took 0 ms 
84858      DEBUG Test worker     d.u.i.k.n.KeyIO           Load declarations of de.uka.ilkd.key.nparser.KeyAst$File:  <unknown>:1#1 
84858      INFO  Test worker     d.u.i.k.n.KeyIO           MODE: declarations took 0 ms 
84858      DEBUG Test worker     d.u.i.k.n.KeyIO           MODE: 2nd degree decls took 0 
89946      INFO  Test worker     d.u.i.k.n.KeyIO           Parsing took 0 ms 
89946      DEBUG Test worker     d.u.i.k.n.KeyIO           Load declarations of de.uka.ilkd.key.nparser.KeyAst$File:  <unknown>:1#1 
89946      INFO  Test worker     d.u.i.k.n.KeyIO           MODE: declarations took 0 ms 
89946      DEBUG Test worker     d.u.i.k.n.KeyIO           MODE: 2nd degree decls took 0 
91485      INFO  Test worker     d.u.i.k.n.KeyIO           Parsing took 0 ms 
91485      DEBUG Test worker     d.u.i.k.n.KeyIO           Load declarations of de.uka.ilkd.key.nparser.KeyAst$File:  <unknown>:1#1 
91485      INFO  Test worker     d.u.i.k.n.KeyIO           MODE: declarations took 0 ms 
91485      DEBUG Test worker     d.u.i.k.n.KeyIO           MODE: 2nd degree decls took 0 
96536      INFO  Test worker     d.u.i.k.n.KeyIO           Parsing took 0 ms 
96536      DEBUG Test worker     d.u.i.k.n.KeyIO           Load declarations of de.uka.ilkd.key.nparser.KeyAst$File:  <unknown>:1#1 
96536      INFO  Test worker     d.u.i.k.n.KeyIO           MODE: declarations took 0 ms 
96536      DEBUG Test worker     d.u.i.k.n.KeyIO           MODE: 2nd degree decls took 0 
98112      INFO  Test worker     d.u.i.k.n.KeyIO           Parsing took 0 ms 
98112      DEBUG Test worker     d.u.i.k.n.KeyIO           Load declarations of de.uka.ilkd.key.nparser.KeyAst$File:  <unknown>:1#1 
98112      INFO  Test worker     d.u.i.k.n.KeyIO           MODE: declarations took 0 ms 
98112      DEBUG Test worker     d.u.i.k.n.KeyIO           MODE: 2nd degree decls took 0 
103194     INFO  Test worker     d.u.i.k.n.KeyIO           Parsing took 0 ms 
103194     DEBUG Test worker     d.u.i.k.n.KeyIO           Load declarations of de.uka.ilkd.key.nparser.KeyAst$File:  <unknown>:1#1 
103194     INFO  Test worker     d.u.i.k.n.KeyIO           MODE: declarations took 0 ms 
103194     DEBUG Test worker     d.u.i.k.n.KeyIO           MODE: 2nd degree decls took 0 
104783     INFO  Test worker     d.u.i.k.n.KeyIO           Parsing took 0 ms 
104783     DEBUG Test worker     d.u.i.k.n.KeyIO           Load declarations of de.uka.ilkd.key.nparser.KeyAst$File:  <unknown>:1#1 
104783     INFO  Test worker     d.u.i.k.n.KeyIO           MODE: declarations took 0 ms 
104783     DEBUG Test worker     d.u.i.k.n.KeyIO           MODE: 2nd degree decls took 0 
109847     INFO  Test worker     d.u.i.k.n.KeyIO           Parsing took 0 ms 
109847     DEBUG Test worker     d.u.i.k.n.KeyIO           Load declarations of de.uka.ilkd.key.nparser.KeyAst$File:  <unknown>:1#1 
109847     INFO  Test worker     d.u.i.k.n.KeyIO           MODE: declarations took 0 ms 
109847     DEBUG Test worker     d.u.i.k.n.KeyIO           MODE: 2nd degree decls took 0 
111409     INFO  Test worker     d.u.i.k.n.KeyIO           Parsing took 0 ms 
111409     DEBUG Test worker     d.u.i.k.n.KeyIO           Load declarations of de.uka.ilkd.key.nparser.KeyAst$File:  <unknown>:1#1 
111409     INFO  Test worker     d.u.i.k.n.KeyIO           MODE: declarations took 0 ms 
111409     DEBUG Test worker     d.u.i.k.n.KeyIO           MODE: 2nd degree decls took 0 
116497     INFO  Test worker     d.u.i.k.n.KeyIO           Parsing took 0 ms 
116497     DEBUG Test worker     d.u.i.k.n.KeyIO           Load declarations of de.uka.ilkd.key.nparser.KeyAst$File:  <unknown>:1#1 
116497     INFO  Test worker     d.u.i.k.n.KeyIO           MODE: declarations took 0 ms 
116497     DEBUG Test worker     d.u.i.k.n.KeyIO           MODE: 2nd degree decls took 0 
118061     INFO  Test worker     d.u.i.k.n.KeyIO           Parsing took 0 ms 
118061     DEBUG Test worker     d.u.i.k.n.KeyIO           Load declarations of de.uka.ilkd.key.nparser.KeyAst$File:  <unknown>:1#1 
118061     INFO  Test worker     d.u.i.k.n.KeyIO           MODE: declarations took 0 ms 
118061     DEBUG Test worker     d.u.i.k.n.KeyIO           MODE: 2nd degree decls took 0 
123124     INFO  Test worker     d.u.i.k.n.KeyIO           Parsing took 0 ms 
123124     DEBUG Test worker     d.u.i.k.n.KeyIO           Load declarations of de.uka.ilkd.key.nparser.KeyAst$File:  <unknown>:1#1 
123124     INFO  Test worker     d.u.i.k.n.KeyIO           MODE: declarations took 0 ms 
123124     DEBUG Test worker     d.u.i.k.n.KeyIO           MODE: 2nd degree decls took 0 
124745     INFO  Test worker     d.u.i.k.n.KeyIO           Parsing took 0 ms 
124745     DEBUG Test worker     d.u.i.k.n.KeyIO           Load declarations of de.uka.ilkd.key.nparser.KeyAst$File:  <unknown>:1#1 
124746     INFO  Test worker     d.u.i.k.n.KeyIO           MODE: declarations took 1 ms 
124746     DEBUG Test worker     d.u.i.k.n.KeyIO           MODE: 2nd degree decls took 0 
134797     INFO  Test worker     d.u.i.k.n.KeyIO           Parsing took 0 ms 
134797     DEBUG Test worker     d.u.i.k.n.KeyIO           Load declarations of de.uka.ilkd.key.nparser.KeyAst$File:  <unknown>:1#1 
134812     INFO  Test worker     d.u.i.k.n.KeyIO           MODE: declarations took 15 ms 
134812     DEBUG Test worker     d.u.i.k.n.KeyIO           MODE: 2nd degree decls took 0 
136355     INFO  Test worker     d.u.i.k.n.KeyIO           Parsing took 0 ms 
136355     DEBUG Test worker     d.u.i.k.n.KeyIO           Load declarations of de.uka.ilkd.key.nparser.KeyAst$File:  <unknown>:1#1 
136355     INFO  Test worker     d.u.i.k.n.KeyIO           MODE: declarations took 0 ms 
136355     DEBUG Test worker     d.u.i.k.n.KeyIO           MODE: 2nd degree decls took 0 
141494     INFO  Test worker     d.u.i.k.n.KeyIO           Parsing took 0 ms 
141494     DEBUG Test worker     d.u.i.k.n.KeyIO           Load declarations of de.uka.ilkd.key.nparser.KeyAst$File:  <unknown>:1#1 
141494     INFO  Test worker     d.u.i.k.n.KeyIO           MODE: declarations took 0 ms 
141494     DEBUG Test worker     d.u.i.k.n.KeyIO           MODE: 2nd degree decls took 0 
143038     INFO  Test worker     d.u.i.k.n.KeyIO           Parsing took 0 ms 
143038     DEBUG Test worker     d.u.i.k.n.KeyIO           Load declarations of de.uka.ilkd.key.nparser.KeyAst$File:  <unknown>:1#1 
143038     INFO  Test worker     d.u.i.k.n.KeyIO           MODE: declarations took 0 ms 
143038     DEBUG Test worker     d.u.i.k.n.KeyIO           MODE: 2nd degree decls took 0 
]]></system-out>
  <system-err><![CDATA[]]></system-err>
</testsuite>
