<?xml version="1.0" encoding="UTF-8"?>
<testsuite name="de.uka.ilkd.key.nparser.ParseLDTsTests" tests="2" skipped="0" failures="0" errors="0" timestamp="2023-02-02T11:24:18" hostname="fv-az566-316" time="0.915">
  <properties/>
  <testcase name="testLDT()" classname="de.uka.ilkd.key.nparser.ParseLDTsTests" time="0.016"/>
  <testcase name="testSR()" classname="de.uka.ilkd.key.nparser.ParseLDTsTests" time="0.898"/>
  <system-out><![CDATA[]]></system-out>
  <system-err><![CDATA[]]></system-err>
</testsuite>
