<?xml version="1.0" encoding="UTF-8"?>
<testsuite name="de.uka.ilkd.key.java.TestKeYRecoderMapping" tests="2" skipped="0" failures="0" errors="0" timestamp="2023-02-02T11:21:18" hostname="fv-az566-316" time="0.001">
  <properties/>
  <testcase name="testtoRecoder()" classname="de.uka.ilkd.key.java.TestKeYRecoderMapping" time="0.001"/>
  <testcase name="testtoKeY()" classname="de.uka.ilkd.key.java.TestKeYRecoderMapping" time="0.0"/>
  <system-out><![CDATA[]]></system-out>
  <system-err><![CDATA[]]></system-err>
</testsuite>
