<?xml version="1.0" encoding="UTF-8"?>
<testsuite name="de.uka.ilkd.key.symbolic_execution.testcase.TestSymbolicLayoutWriterAndReader" tests="1" skipped="0" failures="0" errors="0" timestamp="2023-04-03T19:38:20" hostname="fv-az173-808" time="0.028">
  <properties/>
  <testcase name="testWritingAndReading()" classname="de.uka.ilkd.key.symbolic_execution.testcase.TestSymbolicLayoutWriterAndReader" time="0.028"/>
  <system-out><![CDATA[]]></system-out>
  <system-err><![CDATA[]]></system-err>
</testsuite>
