<?xml version="1.0" encoding="UTF-8"?>
<testsuite name="org.key_project.util.testcase.collection.TestLeftistHeapOfInteger" tests="5" skipped="0" failures="0" errors="0" timestamp="2023-06-05T22:25:40" hostname="fv-az454-800" time="0.077">
  <properties/>
  <testcase name="testInsertElements()" classname="org.key_project.util.testcase.collection.TestLeftistHeapOfInteger" time="0.005"/>
  <testcase name="testInsertHeap()" classname="org.key_project.util.testcase.collection.TestLeftistHeapOfInteger" time="0.017"/>
  <testcase name="testInsertIterator()" classname="org.key_project.util.testcase.collection.TestLeftistHeapOfInteger" time="0.01"/>
  <testcase name="testLargeHeap()" classname="org.key_project.util.testcase.collection.TestLeftistHeapOfInteger" time="0.038"/>
  <testcase name="testRemoveAll()" classname="org.key_project.util.testcase.collection.TestLeftistHeapOfInteger" time="0.001"/>
  <system-out><![CDATA[]]></system-out>
  <system-err><![CDATA[]]></system-err>
</testsuite>
