<?xml version="1.0" encoding="UTF-8"?>
<testsuite name="de.uka.ilkd.key.parser.TestDeclParser" tests="14" skipped="2" failures="0" errors="0" timestamp="2023-06-05T16:50:33" hostname="fv-az250-601" time="19.607">
  <properties/>
  <testcase name="testGenericSortDecl1()" classname="de.uka.ilkd.key.parser.TestDeclParser" time="1.725"/>
  <testcase name="testGenericSortDecl2()" classname="de.uka.ilkd.key.parser.TestDeclParser" time="1.621"/>
  <testcase name="testGenericSortDecl3()" classname="de.uka.ilkd.key.parser.TestDeclParser" time="1.661"/>
  <testcase name="testGenericSortDecl4()" classname="de.uka.ilkd.key.parser.TestDeclParser" time="1.607"/>
  <testcase name="testGenericSortDecl5()" classname="de.uka.ilkd.key.parser.TestDeclParser" time="0.0">
    <skipped/>
  </testcase>
  <testcase name="testGenericSortDecl6()" classname="de.uka.ilkd.key.parser.TestDeclParser" time="1.613"/>
  <testcase name="testSortDecl()" classname="de.uka.ilkd.key.parser.TestDeclParser" time="1.663"/>
  <testcase name="testProxySortDecl()" classname="de.uka.ilkd.key.parser.TestDeclParser" time="1.636"/>
  <testcase name="testArrayDecl()" classname="de.uka.ilkd.key.parser.TestDeclParser" time="1.627"/>
  <testcase name="testAmbiguousDecls()" classname="de.uka.ilkd.key.parser.TestDeclParser" time="0.0">
    <skipped/>
  </testcase>
  <testcase name="testHeurDecl()" classname="de.uka.ilkd.key.parser.TestDeclParser" time="1.608"/>
  <testcase name="testFunctionDecl()" classname="de.uka.ilkd.key.parser.TestDeclParser" time="1.578"/>
  <testcase name="testPredicateDecl()" classname="de.uka.ilkd.key.parser.TestDeclParser" time="1.629"/>
  <testcase name="testSVDecl()" classname="de.uka.ilkd.key.parser.TestDeclParser" time="1.636"/>
  <system-out><![CDATA[398284     INFO  Test worker     d.u.i.k.n.KeyIO           Parsing took 0 ms 
398284     DEBUG Test worker     d.u.i.k.n.KeyIO           Load declarations of de.uka.ilkd.key.nparser.KeyAst$File:  <unknown>:1#1 
398284     INFO  Test worker     d.u.i.k.n.KeyIO           MODE: declarations took 0 ms 
398284     DEBUG Test worker     d.u.i.k.n.KeyIO           MODE: 2nd degree decls took 0 
398284     DEBUG Test worker     d.u.i.k.n.KeyIO           MODE: taclets took 0ms 
399910     INFO  Test worker     d.u.i.k.n.KeyIO           Parsing took 0 ms 
399910     DEBUG Test worker     d.u.i.k.n.KeyIO           Load declarations of de.uka.ilkd.key.nparser.KeyAst$File:  <unknown>:1#1 
399910     INFO  Test worker     d.u.i.k.n.KeyIO           MODE: declarations took 0 ms 
399910     DEBUG Test worker     d.u.i.k.n.KeyIO           MODE: 2nd degree decls took 0 
399910     DEBUG Test worker     d.u.i.k.n.KeyIO           MODE: taclets took 0ms 
401566     INFO  Test worker     d.u.i.k.n.KeyIO           Parsing took 0 ms 
401566     DEBUG Test worker     d.u.i.k.n.KeyIO           Load declarations of de.uka.ilkd.key.nparser.KeyAst$File:  <unknown>:1#1 
401566     INFO  Test worker     d.u.i.k.n.KeyIO           MODE: declarations took 0 ms 
401566     DEBUG Test worker     d.u.i.k.n.KeyIO           MODE: 2nd degree decls took 0 
401566     DEBUG Test worker     d.u.i.k.n.KeyIO           MODE: taclets took 0ms 
403176     INFO  Test worker     d.u.i.k.n.KeyIO           Parsing took 0 ms 
403176     DEBUG Test worker     d.u.i.k.n.KeyIO           Load declarations of de.uka.ilkd.key.nparser.KeyAst$File:  <unknown>:1#1 
403176     INFO  Test worker     d.u.i.k.n.KeyIO           MODE: declarations took 0 ms 
403176     DEBUG Test worker     d.u.i.k.n.KeyIO           MODE: 2nd degree decls took 0 
403176     DEBUG Test worker     d.u.i.k.n.KeyIO           MODE: taclets took 0ms 
404787     INFO  Test worker     d.u.i.k.n.KeyIO           Parsing took 0 ms 
404787     DEBUG Test worker     d.u.i.k.n.KeyIO           Load declarations of de.uka.ilkd.key.nparser.KeyAst$File:  <unknown>:1#1 
404787     INFO  Test worker     d.u.i.k.n.KeyIO           MODE: declarations took 0 ms 
404787     DEBUG Test worker     d.u.i.k.n.KeyIO           MODE: 2nd degree decls took 0 
404787     DEBUG Test worker     d.u.i.k.n.KeyIO           MODE: taclets took 0ms 
406445     INFO  Test worker     d.u.i.k.n.KeyIO           Parsing took 0 ms 
406445     DEBUG Test worker     d.u.i.k.n.KeyIO           Load declarations of de.uka.ilkd.key.nparser.KeyAst$File:  <unknown>:1#1 
406445     INFO  Test worker     d.u.i.k.n.KeyIO           MODE: declarations took 0 ms 
406445     DEBUG Test worker     d.u.i.k.n.KeyIO           MODE: 2nd degree decls took 0 
406445     DEBUG Test worker     d.u.i.k.n.KeyIO           MODE: taclets took 0ms 
408070     INFO  Test worker     d.u.i.k.n.KeyIO           Parsing took 0 ms 
408086     DEBUG Test worker     d.u.i.k.n.KeyIO           Load declarations of de.uka.ilkd.key.nparser.KeyAst$File:  <unknown>:1#1 
408086     INFO  Test worker     d.u.i.k.n.KeyIO           MODE: declarations took 0 ms 
408086     DEBUG Test worker     d.u.i.k.n.KeyIO           MODE: 2nd degree decls took 0 
408086     DEBUG Test worker     d.u.i.k.n.KeyIO           MODE: taclets took 0ms 
409711     INFO  Test worker     d.u.i.k.n.KeyIO           Parsing took 0 ms 
409711     DEBUG Test worker     d.u.i.k.n.KeyIO           Load declarations of de.uka.ilkd.key.nparser.KeyAst$File:  <unknown>:1#1 
409711     INFO  Test worker     d.u.i.k.n.KeyIO           MODE: declarations took 0 ms 
409711     DEBUG Test worker     d.u.i.k.n.KeyIO           MODE: 2nd degree decls took 0 
409711     DEBUG Test worker     d.u.i.k.n.KeyIO           MODE: taclets took 0ms 
411323     INFO  Test worker     d.u.i.k.n.KeyIO           Parsing took 0 ms 
411323     DEBUG Test worker     d.u.i.k.n.KeyIO           Load declarations of de.uka.ilkd.key.nparser.KeyAst$File:  <unknown>:1#1 
411323     INFO  Test worker     d.u.i.k.n.KeyIO           MODE: declarations took 0 ms 
411323     DEBUG Test worker     d.u.i.k.n.KeyIO           MODE: 2nd degree decls took 0 
411323     DEBUG Test worker     d.u.i.k.n.KeyIO           MODE: taclets took 0ms 
412902     INFO  Test worker     d.u.i.k.n.KeyIO           Parsing took 0 ms 
412902     DEBUG Test worker     d.u.i.k.n.KeyIO           Load declarations of de.uka.ilkd.key.nparser.KeyAst$File:  <unknown>:1#1 
412902     INFO  Test worker     d.u.i.k.n.KeyIO           MODE: declarations took 0 ms 
412902     DEBUG Test worker     d.u.i.k.n.KeyIO           MODE: 2nd degree decls took 0 
412902     DEBUG Test worker     d.u.i.k.n.KeyIO           MODE: taclets took 0ms 
414530     INFO  Test worker     d.u.i.k.n.KeyIO           Parsing took 0 ms 
414530     DEBUG Test worker     d.u.i.k.n.KeyIO           Load declarations of de.uka.ilkd.key.nparser.KeyAst$File:  <unknown>:1#1 
414530     INFO  Test worker     d.u.i.k.n.KeyIO           MODE: declarations took 0 ms 
414530     DEBUG Test worker     d.u.i.k.n.KeyIO           MODE: 2nd degree decls took 0 
414530     DEBUG Test worker     d.u.i.k.n.KeyIO           MODE: taclets took 0ms 
416171     INFO  Test worker     d.u.i.k.n.KeyIO           Parsing took 0 ms 
416171     DEBUG Test worker     d.u.i.k.n.KeyIO           Load declarations of de.uka.ilkd.key.nparser.KeyAst$File:  <unknown>:1#1 
416171     INFO  Test worker     d.u.i.k.n.KeyIO           MODE: declarations took 0 ms 
416171     DEBUG Test worker     d.u.i.k.n.KeyIO           MODE: 2nd degree decls took 0 
416171     DEBUG Test worker     d.u.i.k.n.KeyIO           MODE: taclets took 0ms 
]]></system-out>
  <system-err><![CDATA[]]></system-err>
</testsuite>
