<?xml version="1.0" encoding="UTF-8"?>
<testsuite name="de.uka.ilkd.key.parser.TestTermParserSorts" tests="2" skipped="0" failures="0" errors="0" timestamp="2023-06-05T16:56:49" hostname="fv-az250-601" time="5.35">
  <properties/>
  <testcase name="testParseIntegerArgs()" classname="de.uka.ilkd.key.parser.TestTermParserSorts" time="0.028"/>
  <testcase name="testParseSequencePrettySyntax()" classname="de.uka.ilkd.key.parser.TestTermParserSorts" time="0.004"/>
  <system-out><![CDATA[772627     INFO  Test worker     d.u.i.k.n.KeyIO           Parsing took 0 ms 
772627     DEBUG Test worker     d.u.i.k.n.KeyIO           Load declarations of de.uka.ilkd.key.nparser.KeyAst$File:  <unknown>:1#1 
772627     INFO  Test worker     d.u.i.k.n.KeyIO           MODE: declarations took 0 ms 
772627     DEBUG Test worker     d.u.i.k.n.KeyIO           MODE: 2nd degree decls took 0 
772627     INFO  Test worker     d.u.i.k.n.KeyIO           Parsing took 0 ms 
772627     DEBUG Test worker     d.u.i.k.n.KeyIO           Load declarations of de.uka.ilkd.key.nparser.KeyAst$File:  <unknown>:1#1 
772627     INFO  Test worker     d.u.i.k.n.KeyIO           MODE: declarations took 0 ms 
772627     DEBUG Test worker     d.u.i.k.n.KeyIO           MODE: 2nd degree decls took 0 
772627     INFO  Test worker     d.u.i.k.n.KeyIO           Parsing took 0 ms 
772627     DEBUG Test worker     d.u.i.k.n.KeyIO           Load declarations of de.uka.ilkd.key.nparser.KeyAst$File:  <unknown>:1#1 
772627     INFO  Test worker     d.u.i.k.n.KeyIO           MODE: declarations took 0 ms 
772627     DEBUG Test worker     d.u.i.k.n.KeyIO           MODE: 2nd degree decls took 0 
777973     INFO  Test worker     d.u.i.k.n.KeyIO           Parsing took 0 ms 
777973     DEBUG Test worker     d.u.i.k.n.KeyIO           Load declarations of de.uka.ilkd.key.nparser.KeyAst$File:  <unknown>:1#1 
777973     INFO  Test worker     d.u.i.k.n.KeyIO           MODE: declarations took 0 ms 
777973     DEBUG Test worker     d.u.i.k.n.KeyIO           MODE: 2nd degree decls took 0 
777973     INFO  Test worker     d.u.i.k.n.KeyIO           Parsing took 0 ms 
777973     DEBUG Test worker     d.u.i.k.n.KeyIO           Load declarations of de.uka.ilkd.key.nparser.KeyAst$File:  <unknown>:1#1 
777973     INFO  Test worker     d.u.i.k.n.KeyIO           MODE: declarations took 0 ms 
777973     DEBUG Test worker     d.u.i.k.n.KeyIO           MODE: 2nd degree decls took 0 
777973     INFO  Test worker     d.u.i.k.n.KeyIO           Parsing took 0 ms 
777973     DEBUG Test worker     d.u.i.k.n.KeyIO           Load declarations of de.uka.ilkd.key.nparser.KeyAst$File:  <unknown>:1#1 
777973     INFO  Test worker     d.u.i.k.n.KeyIO           MODE: declarations took 0 ms 
777973     DEBUG Test worker     d.u.i.k.n.KeyIO           MODE: 2nd degree decls took 0 
]]></system-out>
  <system-err><![CDATA[]]></system-err>
</testsuite>
