<?xml version="1.0" encoding="UTF-8"?>
<testsuite name="de.uka.ilkd.key.rule.loop.LoopScopeInvRuleTests" tests="1" skipped="0" failures="0" errors="0" timestamp="2023-06-05T16:57:40" hostname="fv-az250-601" time="8.238">
  <properties/>
  <testcase name="testDoAutomaticProofOfBenchmarkWithLabeledBreaksAndContinues()" classname="de.uka.ilkd.key.rule.loop.LoopScopeInvRuleTests" time="8.238"/>
  <system-out><![CDATA[824280     INFO  Test worker     d.u.i.k.p.i.AbstractProblemLoader Loading environment from src\test\resources\testcase\loopScopeInvRule\Test.key 
824280     DEBUG Test worker     d.u.i.k.p.i.AbstractProblemLoader Environment load took 164.4ns 
824280     INFO  Test worker     d.u.i.k.p.i.AbstractProblemLoader Creating init config 
824530     DEBUG Test worker     d.u.i.k.j.TypeConverter   No LDT found for Meta 
824530     DEBUG Test worker     d.u.i.k.j.TypeConverter   No LDT found for Meta 
824530     DEBUG Test worker     d.u.i.k.j.TypeConverter   No LDT found for Meta 
824530     DEBUG Test worker     d.u.i.k.j.TypeConverter   No LDT found for Meta 
825375     DEBUG Test worker     d.u.i.k.j.TypeConverter   No LDT found for JavaBigintExpression 
831583     DEBUG Test worker     d.u.i.k.p.i.AbstractProblemLoader Init config took 7.29s 
831630     INFO  Test worker     d.u.i.k.p.i.AbstractProblemLoader Replaying proof Test[Test::loopScopeRuleBenchmark(int,boolean)].JML normal_behavior operation contract.0 
831646     DEBUG Test worker     d.u.i.k.p.i.IntermediateProofReplayer Proof replay took 21.2ns 
]]></system-out>
  <system-err><![CDATA[]]></system-err>
</testsuite>
