<?xml version="1.0" encoding="UTF-8"?>
<testsuite name="de.uka.ilkd.key.java.TestContextStatementBlock" tests="1" skipped="0" failures="0" errors="0" timestamp="2023-06-05T16:44:40" hostname="fv-az250-601" time="2.065">
  <properties/>
  <testcase name="testContextTermInstantiation()" classname="de.uka.ilkd.key.java.TestContextStatementBlock" time="2.065"/>
  <system-out><![CDATA[45495      INFO  Test worker     d.u.i.k.n.KeyIO           Parsing took 16 ms 
45495      DEBUG Test worker     d.u.i.k.n.KeyIO           Load declarations of de.uka.ilkd.key.nparser.KeyAst$File:  D:\a\key\key\key.core\src\test\resources\testcase\testrules.key:9#1 
45495      INFO  Test worker     d.u.i.k.n.KeyIO           MODE: declarations took 0 ms 
45495      DEBUG Test worker     d.u.i.k.n.KeyIO           MODE: 2nd degree decls took 0 
45652      DEBUG Test worker     d.u.i.k.n.KeyIO           MODE: taclets took 157ms 
]]></system-out>
  <system-err><![CDATA[]]></system-err>
</testsuite>
