<?xml version="1.0" encoding="UTF-8"?>
<testsuite name="de.uka.ilkd.key.taclettranslation.TestTacletTranslator" tests="5" skipped="0" failures="0" errors="0" timestamp="2023-06-05T17:08:07" hostname="fv-az250-601" time="0.035">
  <properties/>
  <testcase name="testPropositional1()" classname="de.uka.ilkd.key.taclettranslation.TestTacletTranslator" time="0.014"/>
  <testcase name="testPropositional2()" classname="de.uka.ilkd.key.taclettranslation.TestTacletTranslator" time="0.004"/>
  <testcase name="testNegativePolarity()" classname="de.uka.ilkd.key.taclettranslation.TestTacletTranslator" time="0.007"/>
  <testcase name="testNoPolarity()" classname="de.uka.ilkd.key.taclettranslation.TestTacletTranslator" time="0.003"/>
  <testcase name="testPositivePolarity()" classname="de.uka.ilkd.key.taclettranslation.TestTacletTranslator" time="0.004"/>
  <system-out><![CDATA[1450826    INFO  Test worker     d.u.i.k.n.KeyIO           Parsing took 0 ms 
1450826    DEBUG Test worker     d.u.i.k.n.KeyIO           Load declarations of de.uka.ilkd.key.nparser.KeyAst$File:  <unknown>:1#1 
1450826    INFO  Test worker     d.u.i.k.n.KeyIO           MODE: declarations took 0 ms 
1450826    DEBUG Test worker     d.u.i.k.n.KeyIO           MODE: 2nd degree decls took 0 
1450826    DEBUG Test worker     d.u.i.k.n.KeyIO           MODE: taclets took 0ms 
1450841    INFO  Test worker     d.u.i.k.n.KeyIO           Parsing took 0 ms 
1450841    DEBUG Test worker     d.u.i.k.n.KeyIO           Load declarations of de.uka.ilkd.key.nparser.KeyAst$File:  <unknown>:1#1 
1450841    INFO  Test worker     d.u.i.k.n.KeyIO           MODE: declarations took 0 ms 
1450841    DEBUG Test worker     d.u.i.k.n.KeyIO           MODE: 2nd degree decls took 0 
1450841    DEBUG Test worker     d.u.i.k.n.KeyIO           MODE: taclets took 0ms 
1450841    INFO  Test worker     d.u.i.k.n.KeyIO           Parsing took 0 ms 
1450841    DEBUG Test worker     d.u.i.k.n.KeyIO           Load declarations of de.uka.ilkd.key.nparser.KeyAst$File:  <unknown>:1#1 
1450841    INFO  Test worker     d.u.i.k.n.KeyIO           MODE: declarations took 0 ms 
1450841    DEBUG Test worker     d.u.i.k.n.KeyIO           MODE: 2nd degree decls took 0 
1450841    DEBUG Test worker     d.u.i.k.n.KeyIO           MODE: taclets took 0ms 
1450841    INFO  Test worker     d.u.i.k.n.KeyIO           Parsing took 0 ms 
1450841    DEBUG Test worker     d.u.i.k.n.KeyIO           Load declarations of de.uka.ilkd.key.nparser.KeyAst$File:  <unknown>:1#1 
1450841    INFO  Test worker     d.u.i.k.n.KeyIO           MODE: declarations took 0 ms 
1450841    DEBUG Test worker     d.u.i.k.n.KeyIO           MODE: 2nd degree decls took 0 
1450841    DEBUG Test worker     d.u.i.k.n.KeyIO           MODE: taclets took 0ms 
1450857    INFO  Test worker     d.u.i.k.n.KeyIO           Parsing took 0 ms 
1450857    DEBUG Test worker     d.u.i.k.n.KeyIO           Load declarations of de.uka.ilkd.key.nparser.KeyAst$File:  <unknown>:1#1 
1450857    INFO  Test worker     d.u.i.k.n.KeyIO           MODE: declarations took 0 ms 
1450857    DEBUG Test worker     d.u.i.k.n.KeyIO           MODE: 2nd degree decls took 0 
1450857    DEBUG Test worker     d.u.i.k.n.KeyIO           MODE: taclets took 0ms 
]]></system-out>
  <system-err><![CDATA[]]></system-err>
</testsuite>
