<?xml version="1.0" encoding="UTF-8"?>
<testsuite name="de.uka.ilkd.key.util.TestProofStarter" tests="2" skipped="0" failures="0" errors="0" timestamp="2023-06-05T17:08:23" hostname="fv-az250-601" time="78.393">
  <properties/>
  <testcase name="testDirectProofWithOneStepSimplification()" classname="de.uka.ilkd.key.util.TestProofStarter" time="41.039"/>
  <testcase name="testDirectProof()" classname="de.uka.ilkd.key.util.TestProofStarter" time="37.354"/>
  <system-out><![CDATA[1467025    INFO  Test worker     d.u.i.k.p.i.AbstractProblemLoader Loading environment from src\test\resources\testcase\proofStarter\CC\project.key 
1467025    DEBUG Test worker     d.u.i.k.p.i.AbstractProblemLoader Environment load took 248.8ns 
1467025    INFO  Test worker     d.u.i.k.p.i.AbstractProblemLoader Creating init config 
1472622    DEBUG Test worker     d.u.i.k.p.i.AbstractProblemLoader Init config took 5.6s 
1472700    INFO  Test worker     d.u.i.k.p.i.AbstractProblemLoader Replaying proof CC[CC::calcCoinIndex([I,[I)].JML normal_behavior operation contract.0 
1472700    DEBUG Test worker     d.u.i.k.p.i.IntermediateProofReplayer Proof replay took 3.4ns 
1508055    INFO  Test worker     d.u.i.k.p.i.AbstractProblemLoader Loading environment from src\test\resources\testcase\proofStarter\CC\project.key 
1508055    DEBUG Test worker     d.u.i.k.p.i.AbstractProblemLoader Environment load took 277ns 
1508071    INFO  Test worker     d.u.i.k.p.i.AbstractProblemLoader Creating init config 
1513528    DEBUG Test worker     d.u.i.k.p.i.AbstractProblemLoader Init config took 5.47s 
1513622    INFO  Test worker     d.u.i.k.p.i.AbstractProblemLoader Replaying proof CC[CC::calcCoinIndex([I,[I)].JML normal_behavior operation contract.0 
1513622    DEBUG Test worker     d.u.i.k.p.i.IntermediateProofReplayer Proof replay took 2.9ns 
]]></system-out>
  <system-err><![CDATA[]]></system-err>
</testsuite>
