<?xml version="1.0" encoding="UTF-8"?>
<testsuite name="de.uka.ilkd.key.util.TestEqualsModProofIrrelevancy" tests="1" skipped="0" failures="0" errors="0" timestamp="2023-06-05T17:08:08" hostname="fv-az250-601" time="14.912">
  <properties/>
  <testcase name="testJavaProof()" classname="de.uka.ilkd.key.util.TestEqualsModProofIrrelevancy" time="14.912"/>
  <system-out><![CDATA[1452046    INFO  Test worker     d.u.i.k.p.i.AbstractProblemLoader Loading environment from src\test\resources\testcase\..\..\..\..\..\key.ui\examples\heap\verifyThis15_1_RelaxedPrefix\relax.proof 
1452046    DEBUG Test worker     d.u.i.k.p.i.AbstractProblemLoader Environment load took 222.8ns 
1452062    INFO  Test worker     d.u.i.k.p.i.AbstractProblemLoader Creating init config 
1452280    DEBUG Test worker     d.u.i.k.j.TypeConverter   No LDT found for Meta 
1452280    DEBUG Test worker     d.u.i.k.j.TypeConverter   No LDT found for Meta 
1452280    DEBUG Test worker     d.u.i.k.j.TypeConverter   No LDT found for Meta 
1452280    DEBUG Test worker     d.u.i.k.j.TypeConverter   No LDT found for Meta 
1453171    DEBUG Test worker     d.u.i.k.j.TypeConverter   No LDT found for JavaBigintExpression 
1459253    DEBUG Test worker     d.u.i.k.p.i.AbstractProblemLoader Init config took 7.18s 
1459347    INFO  Test worker     d.u.i.k.p.i.AbstractProblemLoader Replaying proof Relaxed[Relaxed::isRelaxedPrefix([I,[I)].JML operation contract.0 
1460223    DEBUG Test worker     d.u.i.k.p.i.IntermediateProofReplayer Proof replay took 845.55ms 
1460238    INFO  Test worker     d.u.i.k.p.i.AbstractProblemLoader Loading environment from src\test\resources\testcase\..\..\..\..\..\key.ui\examples\heap\verifyThis15_1_RelaxedPrefix\relax.proof 
1460238    DEBUG Test worker     d.u.i.k.p.i.AbstractProblemLoader Environment load took 398ns 
1460238    INFO  Test worker     d.u.i.k.p.i.AbstractProblemLoader Creating init config 
1465868    DEBUG Test worker     d.u.i.k.p.i.AbstractProblemLoader Init config took 5.63s 
1465931    INFO  Test worker     d.u.i.k.p.i.AbstractProblemLoader Replaying proof Relaxed[Relaxed::isRelaxedPrefix([I,[I)].JML operation contract.0 
1466619    DEBUG Test worker     d.u.i.k.p.i.IntermediateProofReplayer Proof replay took 644.54ms 
]]></system-out>
  <system-err><![CDATA[]]></system-err>
</testsuite>
