<?xml version="1.0" encoding="UTF-8"?>
<testsuite name="org.key_project.slicing.EndToEndTests" tests="11" skipped="0" failures="0" errors="0" timestamp="2023-05-02T18:37:58" hostname="fv-az1230-668" time="290.578">
  <properties/>
  <testcase name="sliceIfThenElseSplit()" classname="org.key_project.slicing.EndToEndTests" time="70.972"/>
  <testcase name="deduplicateChecksMergabilityCorrectly()" classname="org.key_project.slicing.EndToEndTests" time="9.776"/>
  <testcase name="sliceDuplicatesAway()" classname="org.key_project.slicing.EndToEndTests" time="38.984"/>
  <testcase name="sliceMultipleIterations()" classname="org.key_project.slicing.EndToEndTests" time="72.496"/>
  <testcase name="sliceDuplicatesAwayOpenGoals()" classname="org.key_project.slicing.EndToEndTests" time="38.287"/>
  <testcase name="sliceCutExample()" classname="org.key_project.slicing.EndToEndTests" time="9.526"/>
  <testcase name="sliceAgathaWithOpenGoal()" classname="org.key_project.slicing.EndToEndTests" time="9.372"/>
  <testcase name="sliceSimpleSMT()" classname="org.key_project.slicing.EndToEndTests" time="0.063"/>
  <testcase name="sliceWithOpenGoal()" classname="org.key_project.slicing.EndToEndTests" time="18.856"/>
  <testcase name="sliceAgatha()" classname="org.key_project.slicing.EndToEndTests" time="9.515"/>
  <testcase name="sliceJavaProof()" classname="org.key_project.slicing.EndToEndTests" time="12.72"/>
  <system-out><![CDATA[[18:37:58.744] ?[34mINFO ?[0;39m ?[36mEndToEndTests?[0;39m - Loading D:\a\key\key\keyext.slicing\src\test\resources\testcase\ifThenElseSplit.proof
[18:37:58.921] ?[31mWARN ?[0;39m ?[36mProofIndependentSettings?[0;39m - The settings in C:\Users\runneradmin\.key\proofIndependentSettings.props are *not* read due to flag 'key.disregardSettings'
[18:37:58.944] ?[34mINFO ?[0;39m ?[36mAbstractProblemLoader?[0;39m - Loading environment from src\test\resources\testcase\ifThenElseSplit.proof
[18:37:59.134] ?[34mINFO ?[0;39m ?[36mAbstractProblemLoader?[0;39m - Creating init config
[18:37:59.179] ?[31mWARN ?[0;39m ?[36mProofSettings?[0;39m - The settings in C:\Users\runneradmin\.key\proof-settings.props are *not* read.
[18:38:11.801] ?[34mINFO ?[0;39m ?[36mAbstractProblemLoader?[0;39m - Replaying proof ifThenElseSplit.proof
[18:38:21.506] ?[34mINFO ?[0;39m ?[36mKeyStrokeSettings?[0;39m - Save keyboard shortcuts to: C:\Users\runneradmin\.key\keystrokes.properties
[18:38:21.830] ?[34mINFO ?[0;39m ?[36mAbstractProblemLoader?[0;39m - Loading environment from C:\Users\RUNNER~1\AppData\Local\Temp\proof886066924036194010.proof
[18:38:21.940] ?[34mINFO ?[0;39m ?[36mAbstractProblemLoader?[0;39m - Creating init config
[18:38:25.975] ?[34mINFO ?[0;39m ?[36mAbstractProblemLoader?[0;39m - Replaying proof proof886066924036194010.proof
[18:38:26.005] ?[34mINFO ?[0;39m ?[36mAbstractProblemLoader?[0;39m - Loading environment from C:\Users\RUNNER~1\AppData\Local\Temp\KeYslice4431471790993425908\ifThenElseSplit_slice1.proof
[18:38:26.005] ?[34mINFO ?[0;39m ?[36mAbstractProblemLoader?[0;39m - Creating init config
[18:38:29.683] ?[34mINFO ?[0;39m ?[36mAbstractProblemLoader?[0;39m - Replaying proof ifThenElseSplit_slice1.proof
[18:38:29.706] ?[34mINFO ?[0;39m ?[36mEndToEndTests?[0;39m - Loading D:\a\key\key\keyext.slicing\src\test\resources\testcase\ifThenElseSplit.proof
[18:38:29.709] ?[34mINFO ?[0;39m ?[36mAbstractProblemLoader?[0;39m - Loading environment from src\test\resources\testcase\ifThenElseSplit.proof
[18:38:29.713] ?[34mINFO ?[0;39m ?[36mAbstractProblemLoader?[0;39m - Creating init config
[18:38:33.085] ?[34mINFO ?[0;39m ?[36mAbstractProblemLoader?[0;39m - Replaying proof ifThenElseSplit.proof
[18:38:33.116] ?[34mINFO ?[0;39m ?[36mDependencyAnalyzer?[0;39m - merging 2 and 3
[18:38:33.132] ?[34mINFO ?[0;39m ?[36mAbstractProblemLoader?[0;39m - Loading environment from C:\Users\RUNNER~1\AppData\Local\Temp\proof3993955249686626863.proof
[18:38:33.132] ?[34mINFO ?[0;39m ?[36mAbstractProblemLoader?[0;39m - Creating init config
[18:38:36.576] ?[34mINFO ?[0;39m ?[36mAbstractProblemLoader?[0;39m - Replaying proof proof3993955249686626863.proof
[18:38:36.591] ?[34mINFO ?[0;39m ?[36mAbstractProblemLoader?[0;39m - Loading environment from C:\Users\RUNNER~1\AppData\Local\Temp\KeYslice13139375800092984150\ifThenElseSplit_slice1.proof
[18:38:36.607] ?[34mINFO ?[0;39m ?[36mAbstractProblemLoader?[0;39m - Creating init config
[18:38:39.938] ?[34mINFO ?[0;39m ?[36mAbstractProblemLoader?[0;39m - Replaying proof ifThenElseSplit_slice1.proof
[18:38:39.954] ?[34mINFO ?[0;39m ?[36mEndToEndTests?[0;39m - Loading C:\Users\RUNNER~1\AppData\Local\Temp\KeYslice13139375800092984150\ifThenElseSplit_slice1.proof
[18:38:39.954] ?[34mINFO ?[0;39m ?[36mAbstractProblemLoader?[0;39m - Loading environment from C:\Users\RUNNER~1\AppData\Local\Temp\KeYslice13139375800092984150\ifThenElseSplit_slice1.proof
[18:38:39.970] ?[34mINFO ?[0;39m ?[36mAbstractProblemLoader?[0;39m - Creating init config
[18:38:43.321] ?[34mINFO ?[0;39m ?[36mAbstractProblemLoader?[0;39m - Replaying proof ifThenElseSplit_slice1.proof
[18:38:43.352] ?[34mINFO ?[0;39m ?[36mDependencyAnalyzer?[0;39m - merging 3 and 4
[18:38:43.352] ?[34mINFO ?[0;39m ?[36mAbstractProblemLoader?[0;39m - Loading environment from C:\Users\RUNNER~1\AppData\Local\Temp\proof6320829155032929622.proof
[18:38:43.368] ?[34mINFO ?[0;39m ?[36mAbstractProblemLoader?[0;39m - Creating init config
[18:38:46.624] ?[34mINFO ?[0;39m ?[36mAbstractProblemLoader?[0;39m - Replaying proof proof6320829155032929622.proof
[18:38:46.640] ?[34mINFO ?[0;39m ?[36mAbstractProblemLoader?[0;39m - Loading environment from C:\Users\RUNNER~1\AppData\Local\Temp\KeYslice5752318801560725846\ifThenElseSplit_slice2.proof
[18:38:46.640] ?[34mINFO ?[0;39m ?[36mAbstractProblemLoader?[0;39m - Creating init config
[18:38:49.984] ?[34mINFO ?[0;39m ?[36mAbstractProblemLoader?[0;39m - Replaying proof ifThenElseSplit_slice2.proof
[18:38:50.000] ?[34mINFO ?[0;39m ?[36mEndToEndTests?[0;39m - Loading C:\Users\RUNNER~1\AppData\Local\Temp\KeYslice5752318801560725846\ifThenElseSplit_slice2.proof
[18:38:50.000] ?[34mINFO ?[0;39m ?[36mAbstractProblemLoader?[0;39m - Loading environment from C:\Users\RUNNER~1\AppData\Local\Temp\KeYslice5752318801560725846\ifThenElseSplit_slice2.proof
[18:38:50.000] ?[34mINFO ?[0;39m ?[36mAbstractProblemLoader?[0;39m - Creating init config
[18:38:53.253] ?[34mINFO ?[0;39m ?[36mAbstractProblemLoader?[0;39m - Replaying proof ifThenElseSplit_slice2.proof
[18:38:53.269] ?[34mINFO ?[0;39m ?[36mDependencyAnalyzer?[0;39m - merging 4 and 5
[18:38:53.285] ?[34mINFO ?[0;39m ?[36mAbstractProblemLoader?[0;39m - Loading environment from C:\Users\RUNNER~1\AppData\Local\Temp\proof601168873187418857.proof
[18:38:53.285] ?[34mINFO ?[0;39m ?[36mAbstractProblemLoader?[0;39m - Creating init config
[18:38:56.494] ?[34mINFO ?[0;39m ?[36mAbstractProblemLoader?[0;39m - Replaying proof proof601168873187418857.proof
[18:38:56.509] ?[34mINFO ?[0;39m ?[36mAbstractProblemLoader?[0;39m - Loading environment from C:\Users\RUNNER~1\AppData\Local\Temp\KeYslice8280924863863769789\ifThenElseSplit_slice3.proof
[18:38:56.509] ?[34mINFO ?[0;39m ?[36mAbstractProblemLoader?[0;39m - Creating init config
[18:38:59.834] ?[34mINFO ?[0;39m ?[36mAbstractProblemLoader?[0;39m - Replaying proof ifThenElseSplit_slice3.proof
[18:38:59.850] ?[34mINFO ?[0;39m ?[36mEndToEndTests?[0;39m - Loading C:\Users\RUNNER~1\AppData\Local\Temp\KeYslice8280924863863769789\ifThenElseSplit_slice3.proof
[18:38:59.850] ?[34mINFO ?[0;39m ?[36mAbstractProblemLoader?[0;39m - Loading environment from C:\Users\RUNNER~1\AppData\Local\Temp\KeYslice8280924863863769789\ifThenElseSplit_slice3.proof
[18:38:59.850] ?[34mINFO ?[0;39m ?[36mAbstractProblemLoader?[0;39m - Creating init config
[18:39:03.092] ?[34mINFO ?[0;39m ?[36mAbstractProblemLoader?[0;39m - Replaying proof ifThenElseSplit_slice3.proof
[18:39:03.107] ?[34mINFO ?[0;39m ?[36mDependencyAnalyzer?[0;39m - merging 5 and 6
[18:39:03.107] ?[34mINFO ?[0;39m ?[36mAbstractProblemLoader?[0;39m - Loading environment from C:\Users\RUNNER~1\AppData\Local\Temp\proof13673258703173005625.proof
[18:39:03.123] ?[34mINFO ?[0;39m ?[36mAbstractProblemLoader?[0;39m - Creating init config
[18:39:06.477] ?[34mINFO ?[0;39m ?[36mAbstractProblemLoader?[0;39m - Replaying proof proof13673258703173005625.proof
[18:39:06.508] ?[34mINFO ?[0;39m ?[36mAbstractProblemLoader?[0;39m - Loading environment from C:\Users\RUNNER~1\AppData\Local\Temp\KeYslice1367991830187191239\ifThenElseSplit_slice4.proof
[18:39:06.508] ?[34mINFO ?[0;39m ?[36mAbstractProblemLoader?[0;39m - Creating init config
[18:39:09.704] ?[34mINFO ?[0;39m ?[36mAbstractProblemLoader?[0;39m - Replaying proof ifThenElseSplit_slice4.proof
[18:39:09.719] ?[34mINFO ?[0;39m ?[36mEndToEndTests?[0;39m - Loading D:\a\key\key\keyext.slicing\src\test\resources\testcase\deduplicateCheck4.proof
[18:39:09.719] ?[34mINFO ?[0;39m ?[36mAbstractProblemLoader?[0;39m - Loading environment from src\test\resources\testcase\deduplicateCheck4.proof
[18:39:09.735] ?[34mINFO ?[0;39m ?[36mAbstractProblemLoader?[0;39m - Creating init config
[18:39:12.968] ?[34mINFO ?[0;39m ?[36mAbstractProblemLoader?[0;39m - Replaying proof deduplicateCheck4.proof
[18:39:13.009] ?[34mINFO ?[0;39m ?[36mAbstractProblemLoader?[0;39m - Loading environment from C:\Users\RUNNER~1\AppData\Local\Temp\proof1084440915856383583.proof
[18:39:13.009] ?[34mINFO ?[0;39m ?[36mAbstractProblemLoader?[0;39m - Creating init config
[18:39:16.192] ?[34mINFO ?[0;39m ?[36mAbstractProblemLoader?[0;39m - Replaying proof proof1084440915856383583.proof
[18:39:16.232] ?[34mINFO ?[0;39m ?[36mAbstractProblemLoader?[0;39m - Loading environment from C:\Users\RUNNER~1\AppData\Local\Temp\KeYslice13707240112000689277\deduplicateCheck4_slice1.proof
[18:39:16.236] ?[34mINFO ?[0;39m ?[36mAbstractProblemLoader?[0;39m - Creating init config
[18:39:19.481] ?[34mINFO ?[0;39m ?[36mAbstractProblemLoader?[0;39m - Replaying proof deduplicateCheck4_slice1.proof
[18:39:19.497] ?[34mINFO ?[0;39m ?[36mEndToEndTests?[0;39m - Loading D:\a\key\key\keyext.slicing\src\test\resources\testcase\exampleDuplicate.proof
[18:39:19.497] ?[34mINFO ?[0;39m ?[36mAbstractProblemLoader?[0;39m - Loading environment from src\test\resources\testcase\exampleDuplicate.proof
[18:39:19.497] ?[34mINFO ?[0;39m ?[36mAbstractProblemLoader?[0;39m - Creating init config
[18:39:22.704] ?[34mINFO ?[0;39m ?[36mAbstractProblemLoader?[0;39m - Replaying proof exampleDuplicate.proof
[18:39:22.735] ?[34mINFO ?[0;39m ?[36mDependencyAnalyzer?[0;39m - merging 2 and 3
[18:39:22.735] ?[34mINFO ?[0;39m ?[36mAbstractProblemLoader?[0;39m - Loading environment from C:\Users\RUNNER~1\AppData\Local\Temp\proof7011309507017078930.proof
[18:39:22.735] ?[34mINFO ?[0;39m ?[36mAbstractProblemLoader?[0;39m - Creating init config
[18:39:25.897] ?[34mINFO ?[0;39m ?[36mAbstractProblemLoader?[0;39m - Replaying proof proof7011309507017078930.proof
[18:39:25.912] ?[34mINFO ?[0;39m ?[36mAbstractProblemLoader?[0;39m - Loading environment from C:\Users\RUNNER~1\AppData\Local\Temp\KeYslice12684879754374864652\exampleDuplicate_slice1.proof
[18:39:25.912] ?[34mINFO ?[0;39m ?[36mAbstractProblemLoader?[0;39m - Creating init config
[18:39:29.196] ?[34mINFO ?[0;39m ?[36mAbstractProblemLoader?[0;39m - Replaying proof exampleDuplicate_slice1.proof
[18:39:29.227] ?[34mINFO ?[0;39m ?[36mEndToEndTests?[0;39m - Loading C:\Users\RUNNER~1\AppData\Local\Temp\KeYslice12684879754374864652\exampleDuplicate_slice1.proof
[18:39:29.227] ?[34mINFO ?[0;39m ?[36mAbstractProblemLoader?[0;39m - Loading environment from C:\Users\RUNNER~1\AppData\Local\Temp\KeYslice12684879754374864652\exampleDuplicate_slice1.proof
[18:39:29.227] ?[34mINFO ?[0;39m ?[36mAbstractProblemLoader?[0;39m - Creating init config
[18:39:32.467] ?[34mINFO ?[0;39m ?[36mAbstractProblemLoader?[0;39m - Replaying proof exampleDuplicate_slice1.proof
[18:39:32.483] ?[34mINFO ?[0;39m ?[36mDependencyAnalyzer?[0;39m - merging 3 and 4
[18:39:32.498] ?[34mINFO ?[0;39m ?[36mAbstractProblemLoader?[0;39m - Loading environment from C:\Users\RUNNER~1\AppData\Local\Temp\proof15220817568749700048.proof
[18:39:32.498] ?[34mINFO ?[0;39m ?[36mAbstractProblemLoader?[0;39m - Creating init config
[18:39:35.756] ?[34mINFO ?[0;39m ?[36mAbstractProblemLoader?[0;39m - Replaying proof proof15220817568749700048.proof
[18:39:35.772] ?[34mINFO ?[0;39m ?[36mAbstractProblemLoader?[0;39m - Loading environment from C:\Users\RUNNER~1\AppData\Local\Temp\KeYslice1946654240153946253\exampleDuplicate_slice2.proof
[18:39:35.787] ?[34mINFO ?[0;39m ?[36mAbstractProblemLoader?[0;39m - Creating init config
[18:39:39.057] ?[34mINFO ?[0;39m ?[36mAbstractProblemLoader?[0;39m - Replaying proof exampleDuplicate_slice2.proof
[18:39:39.073] ?[34mINFO ?[0;39m ?[36mEndToEndTests?[0;39m - Loading C:\Users\RUNNER~1\AppData\Local\Temp\KeYslice1946654240153946253\exampleDuplicate_slice2.proof
[18:39:39.073] ?[34mINFO ?[0;39m ?[36mAbstractProblemLoader?[0;39m - Loading environment from C:\Users\RUNNER~1\AppData\Local\Temp\KeYslice1946654240153946253\exampleDuplicate_slice2.proof
[18:39:39.089] ?[34mINFO ?[0;39m ?[36mAbstractProblemLoader?[0;39m - Creating init config
[18:39:42.270] ?[34mINFO ?[0;39m ?[36mAbstractProblemLoader?[0;39m - Replaying proof exampleDuplicate_slice2.proof
[18:39:42.301] ?[34mINFO ?[0;39m ?[36mDependencyAnalyzer?[0;39m - merging 4 and 5
[18:39:42.301] ?[34mINFO ?[0;39m ?[36mAbstractProblemLoader?[0;39m - Loading environment from C:\Users\RUNNER~1\AppData\Local\Temp\proof14615428700530569811.proof
[18:39:42.301] ?[34mINFO ?[0;39m ?[36mAbstractProblemLoader?[0;39m - Creating init config
[18:39:45.496] ?[34mINFO ?[0;39m ?[36mAbstractProblemLoader?[0;39m - Replaying proof proof14615428700530569811.proof
[18:39:45.511] ?[34mINFO ?[0;39m ?[36mAbstractProblemLoader?[0;39m - Loading environment from C:\Users\RUNNER~1\AppData\Local\Temp\KeYslice18216456398048528035\exampleDuplicate_slice3.proof
[18:39:45.511] ?[34mINFO ?[0;39m ?[36mAbstractProblemLoader?[0;39m - Creating init config
[18:39:48.793] ?[34mINFO ?[0;39m ?[36mAbstractProblemLoader?[0;39m - Replaying proof exampleDuplicate_slice3.proof
[18:39:48.814] ?[34mINFO ?[0;39m ?[36mEndToEndTests?[0;39m - Loading C:\Users\RUNNER~1\AppData\Local\Temp\KeYslice18216456398048528035\exampleDuplicate_slice3.proof
[18:39:48.814] ?[34mINFO ?[0;39m ?[36mAbstractProblemLoader?[0;39m - Loading environment from C:\Users\RUNNER~1\AppData\Local\Temp\KeYslice18216456398048528035\exampleDuplicate_slice3.proof
[18:39:48.814] ?[34mINFO ?[0;39m ?[36mAbstractProblemLoader?[0;39m - Creating init config
[18:39:51.968] ?[34mINFO ?[0;39m ?[36mAbstractProblemLoader?[0;39m - Replaying proof exampleDuplicate_slice3.proof
[18:39:51.984] ?[34mINFO ?[0;39m ?[36mAbstractProblemLoader?[0;39m - Loading environment from C:\Users\RUNNER~1\AppData\Local\Temp\proof7686424623497780645.proof
[18:39:51.984] ?[34mINFO ?[0;39m ?[36mAbstractProblemLoader?[0;39m - Creating init config
[18:39:55.125] ?[34mINFO ?[0;39m ?[36mAbstractProblemLoader?[0;39m - Replaying proof proof7686424623497780645.proof
[18:39:55.157] ?[34mINFO ?[0;39m ?[36mAbstractProblemLoader?[0;39m - Loading environment from C:\Users\RUNNER~1\AppData\Local\Temp\KeYslice7226488391516427412\exampleDuplicate_slice4.proof
[18:39:55.157] ?[34mINFO ?[0;39m ?[36mAbstractProblemLoader?[0;39m - Creating init config
[18:39:58.451] ?[34mINFO ?[0;39m ?[36mAbstractProblemLoader?[0;39m - Replaying proof exampleDuplicate_slice4.proof
[18:39:58.482] ?[34mINFO ?[0;39m ?[36mEndToEndTests?[0;39m - Loading D:\a\key\key\keyext.slicing\src\test\resources\testcase\..\..\..\..\..\key.ui\examples\firstTouch\05-ReverseArray\reverseArray.proof
[18:39:58.482] ?[34mINFO ?[0;39m ?[36mAbstractProblemLoader?[0;39m - Loading environment from src\test\resources\testcase\..\..\..\..\..\key.ui\examples\firstTouch\05-ReverseArray\reverseArray.proof
[18:39:58.482] ?[34mINFO ?[0;39m ?[36mAbstractProblemLoader?[0;39m - Creating init config
[18:40:02.011] ?[34mINFO ?[0;39m ?[36mAbstractProblemLoader?[0;39m - Replaying proof ReverseArray[ReverseArray::reverse()].JML normal_behavior operation contract.0
[18:40:05.247] ?[34mINFO ?[0;39m ?[36mDependencyAnalyzer?[0;39m - merging 1354 and 4678
[18:40:05.262] ?[34mINFO ?[0;39m ?[36mDependencyAnalyzer?[0;39m - merging 1010 and 4663
[18:40:05.294] ?[34mINFO ?[0;39m ?[36mDependencyAnalyzer?[0;39m - merging 3958 and 4306
[18:40:05.309] ?[34mINFO ?[0;39m ?[36mDependencyAnalyzer?[0;39m - merging 2591 and 3795
[18:40:05.387] ?[34mINFO ?[0;39m ?[36mAbstractProblemLoader?[0;39m - Loading environment from C:\Users\RUNNER~1\AppData\Local\Temp\proof6706831764109308185.proof
[18:40:05.387] ?[34mINFO ?[0;39m ?[36mAbstractProblemLoader?[0;39m - Creating init config
[18:40:08.954] ?[34mINFO ?[0;39m ?[36mAbstractProblemLoader?[0;39m - Replaying proof ReverseArray[ReverseArray::reverse()].JML normal_behavior operation contract.0
[18:40:10.189] ?[34mINFO ?[0;39m ?[36mAbstractProblemLoader?[0;39m - Loading environment from C:\Users\RUNNER~1\AppData\Local\Temp\KeYslice16146918650158766116\reverseArray_slice1.proof
[18:40:10.204] ?[34mINFO ?[0;39m ?[36mAbstractProblemLoader?[0;39m - Creating init config
[18:40:13.795] ?[34mINFO ?[0;39m ?[36mAbstractProblemLoader?[0;39m - Replaying proof ReverseArray[ReverseArray::reverse()].JML normal_behavior operation contract.0
[18:40:15.453] ?[34mINFO ?[0;39m ?[36mEndToEndTests?[0;39m - Loading C:\Users\RUNNER~1\AppData\Local\Temp\KeYslice16146918650158766116\reverseArray_slice1.proof
[18:40:15.453] ?[34mINFO ?[0;39m ?[36mAbstractProblemLoader?[0;39m - Loading environment from C:\Users\RUNNER~1\AppData\Local\Temp\KeYslice16146918650158766116\reverseArray_slice1.proof
[18:40:15.453] ?[34mINFO ?[0;39m ?[36mAbstractProblemLoader?[0;39m - Creating init config
[18:40:19.001] ?[34mINFO ?[0;39m ?[36mAbstractProblemLoader?[0;39m - Replaying proof ReverseArray[ReverseArray::reverse()].JML normal_behavior operation contract.0
[18:40:20.592] ?[34mINFO ?[0;39m ?[36mDependencyAnalyzer?[0;39m - merging 879 and 3479
[18:40:20.592] ?[34mINFO ?[0;39m ?[36mDependencyAnalyzer?[0;39m - merging 2219 and 2914
[18:40:20.592] ?[34mINFO ?[0;39m ?[36mDependencyAnalyzer?[0;39m - merging 2973 and 3148
[18:40:20.608] ?[34mINFO ?[0;39m ?[36mDependencyAnalyzer?[0;39m - merging 943 and 3370
[18:40:20.624] ?[34mINFO ?[0;39m ?[36mDependencyAnalyzer?[0;39m - merging 947 and 3782
[18:40:20.624] ?[34mINFO ?[0;39m ?[36mDependencyAnalyzer?[0;39m - merging 880 and 3473
[18:40:20.640] ?[34mINFO ?[0;39m ?[36mDependencyAnalyzer?[0;39m - merging 1281 and 3384
[18:40:20.655] ?[34mINFO ?[0;39m ?[36mAbstractProblemLoader?[0;39m - Loading environment from C:\Users\RUNNER~1\AppData\Local\Temp\proof7271668068067308703.proof
[18:40:20.671] ?[34mINFO ?[0;39m ?[36mAbstractProblemLoader?[0;39m - Creating init config
[18:40:24.180] ?[34mINFO ?[0;39m ?[36mAbstractProblemLoader?[0;39m - Replaying proof ReverseArray[ReverseArray::reverse()].JML normal_behavior operation contract.0
[18:40:25.056] ?[34mINFO ?[0;39m ?[36mAbstractProblemLoader?[0;39m - Loading environment from C:\Users\RUNNER~1\AppData\Local\Temp\KeYslice2139571366195510256\reverseArray_slice2.proof
[18:40:25.056] ?[34mINFO ?[0;39m ?[36mAbstractProblemLoader?[0;39m - Creating init config
[18:40:28.598] ?[34mINFO ?[0;39m ?[36mAbstractProblemLoader?[0;39m - Replaying proof ReverseArray[ReverseArray::reverse()].JML normal_behavior operation contract.0
[18:40:29.893] ?[34mINFO ?[0;39m ?[36mEndToEndTests?[0;39m - Loading C:\Users\RUNNER~1\AppData\Local\Temp\KeYslice2139571366195510256\reverseArray_slice2.proof
[18:40:29.893] ?[34mINFO ?[0;39m ?[36mAbstractProblemLoader?[0;39m - Loading environment from C:\Users\RUNNER~1\AppData\Local\Temp\KeYslice2139571366195510256\reverseArray_slice2.proof
[18:40:29.908] ?[34mINFO ?[0;39m ?[36mAbstractProblemLoader?[0;39m - Creating init config
[18:40:33.402] ?[34mINFO ?[0;39m ?[36mAbstractProblemLoader?[0;39m - Replaying proof ReverseArray[ReverseArray::reverse()].JML normal_behavior operation contract.0
[18:40:34.715] ?[34mINFO ?[0;39m ?[36mDependencyAnalyzer?[0;39m - merging 781 and 3569
[18:40:34.715] ?[34mINFO ?[0;39m ?[36mDependencyAnalyzer?[0;39m - merging 782 and 3554
[18:40:34.715] ?[34mINFO ?[0;39m ?[36mDependencyAnalyzer?[0;39m - merging 883 and 3474
[18:40:34.731] ?[34mINFO ?[0;39m ?[36mDependencyAnalyzer?[0;39m - merging 946 and 3368
[18:40:34.731] ?[34mINFO ?[0;39m ?[36mDependencyAnalyzer?[0;39m - merging 1301 and 3381
[18:40:34.731] ?[34mINFO ?[0;39m ?[36mDependencyAnalyzer?[0;39m - merging 2973 and 3147
[18:40:34.746] ?[34mINFO ?[0;39m ?[36mDependencyAnalyzer?[0;39m - merging 882 and 3469
[18:40:34.746] ?[34mINFO ?[0;39m ?[36mDependencyAnalyzer?[0;39m - merging 2220 and 2914
[18:40:34.762] ?[34mINFO ?[0;39m ?[36mDependencyAnalyzer?[0;39m - merging 949 and 3776
[18:40:34.762] ?[34mINFO ?[0;39m ?[36mAbstractProblemLoader?[0;39m - Loading environment from C:\Users\RUNNER~1\AppData\Local\Temp\proof11814717050529089878.proof
[18:40:34.778] ?[34mINFO ?[0;39m ?[36mAbstractProblemLoader?[0;39m - Creating init config
[18:40:38.280] ?[34mINFO ?[0;39m ?[36mAbstractProblemLoader?[0;39m - Replaying proof ReverseArray[ReverseArray::reverse()].JML normal_behavior operation contract.0
[18:40:39.078] ?[34mINFO ?[0;39m ?[36mAbstractProblemLoader?[0;39m - Loading environment from C:\Users\RUNNER~1\AppData\Local\Temp\KeYslice12384066165951488379\reverseArray_slice3.proof
[18:40:39.078] ?[34mINFO ?[0;39m ?[36mAbstractProblemLoader?[0;39m - Creating init config
[18:40:42.607] ?[34mINFO ?[0;39m ?[36mAbstractProblemLoader?[0;39m - Replaying proof ReverseArray[ReverseArray::reverse()].JML normal_behavior operation contract.0
[18:40:43.745] ?[34mINFO ?[0;39m ?[36mEndToEndTests?[0;39m - Loading C:\Users\RUNNER~1\AppData\Local\Temp\KeYslice12384066165951488379\reverseArray_slice3.proof
[18:40:43.745] ?[34mINFO ?[0;39m ?[36mAbstractProblemLoader?[0;39m - Loading environment from C:\Users\RUNNER~1\AppData\Local\Temp\KeYslice12384066165951488379\reverseArray_slice3.proof
[18:40:43.745] ?[34mINFO ?[0;39m ?[36mAbstractProblemLoader?[0;39m - Creating init config
[18:40:47.149] ?[34mINFO ?[0;39m ?[36mAbstractProblemLoader?[0;39m - Replaying proof ReverseArray[ReverseArray::reverse()].JML normal_behavior operation contract.0
[18:40:48.357] ?[34mINFO ?[0;39m ?[36mDependencyAnalyzer?[0;39m - merging 785 and 3548
[18:40:48.373] ?[34mINFO ?[0;39m ?[36mDependencyAnalyzer?[0;39m - merging 1302 and 3378
[18:40:48.373] ?[34mINFO ?[0;39m ?[36mDependencyAnalyzer?[0;39m - merging 1296 and 3803
[18:40:48.373] ?[34mINFO ?[0;39m ?[36mDependencyAnalyzer?[0;39m - merging 757 and 3651
[18:40:48.373] ?[34mINFO ?[0;39m ?[36mDependencyAnalyzer?[0;39m - merging 886 and 3469
[18:40:48.388] ?[34mINFO ?[0;39m ?[36mDependencyAnalyzer?[0;39m - merging 756 and 3657
[18:40:48.388] ?[34mINFO ?[0;39m ?[36mDependencyAnalyzer?[0;39m - merging 784 and 3562
[18:40:48.388] ?[34mINFO ?[0;39m ?[36mDependencyAnalyzer?[0;39m - merging 2973 and 3146
[18:40:48.388] ?[34mINFO ?[0;39m ?[36mDependencyAnalyzer?[0;39m - merging 885 and 3465
[18:40:48.404] ?[34mINFO ?[0;39m ?[36mDependencyAnalyzer?[0;39m - merging 2221 and 2914
[18:40:48.404] ?[34mINFO ?[0;39m ?[36mDependencyAnalyzer?[0;39m - merging 1285 and 3379
[18:40:48.419] ?[34mINFO ?[0;39m ?[36mAbstractProblemLoader?[0;39m - Loading environment from C:\Users\RUNNER~1\AppData\Local\Temp\proof7283279392190099342.proof
[18:40:48.419] ?[34mINFO ?[0;39m ?[36mAbstractProblemLoader?[0;39m - Creating init config
[18:40:51.921] ?[34mINFO ?[0;39m ?[36mAbstractProblemLoader?[0;39m - Replaying proof ReverseArray[ReverseArray::reverse()].JML normal_behavior operation contract.0
[18:40:52.685] ?[34mINFO ?[0;39m ?[36mAbstractProblemLoader?[0;39m - Loading environment from C:\Users\RUNNER~1\AppData\Local\Temp\KeYslice507501091500790549\reverseArray_slice4.proof
[18:40:52.700] ?[34mINFO ?[0;39m ?[36mAbstractProblemLoader?[0;39m - Creating init config
[18:40:56.237] ?[34mINFO ?[0;39m ?[36mAbstractProblemLoader?[0;39m - Replaying proof ReverseArray[ReverseArray::reverse()].JML normal_behavior operation contract.0
[18:40:57.469] ?[34mINFO ?[0;39m ?[36mEndToEndTests?[0;39m - Loading C:\Users\RUNNER~1\AppData\Local\Temp\KeYslice507501091500790549\reverseArray_slice4.proof
[18:40:57.469] ?[34mINFO ?[0;39m ?[36mAbstractProblemLoader?[0;39m - Loading environment from C:\Users\RUNNER~1\AppData\Local\Temp\KeYslice507501091500790549\reverseArray_slice4.proof
[18:40:57.469] ?[34mINFO ?[0;39m ?[36mAbstractProblemLoader?[0;39m - Creating init config
[18:41:00.906] ?[34mINFO ?[0;39m ?[36mAbstractProblemLoader?[0;39m - Replaying proof ReverseArray[ReverseArray::reverse()].JML normal_behavior operation contract.0
[18:41:02.089] ?[34mINFO ?[0;39m ?[36mDependencyAnalyzer?[0;39m - merging 760 and 3648
[18:41:02.089] ?[34mINFO ?[0;39m ?[36mDependencyAnalyzer?[0;39m - merging 1298 and 3793
[18:41:02.105] ?[34mINFO ?[0;39m ?[36mDependencyAnalyzer?[0;39m - merging 622 and 3786
[18:41:02.105] ?[34mINFO ?[0;39m ?[36mDependencyAnalyzer?[0;39m - merging 2973 and 3145
[18:41:02.105] ?[34mINFO ?[0;39m ?[36mDependencyAnalyzer?[0;39m - merging 889 and 3465
[18:41:02.105] ?[34mINFO ?[0;39m ?[36mDependencyAnalyzer?[0;39m - merging 888 and 3464
[18:41:02.120] ?[34mINFO ?[0;39m ?[36mDependencyAnalyzer?[0;39m - merging 787 and 3555
[18:41:02.120] ?[34mINFO ?[0;39m ?[36mDependencyAnalyzer?[0;39m - merging 1396 and 3388
[18:41:02.120] ?[34mINFO ?[0;39m ?[36mDependencyAnalyzer?[0;39m - merging 2222 and 2914
[18:41:02.120] ?[34mINFO ?[0;39m ?[36mDependencyAnalyzer?[0;39m - merging 788 and 3542
[18:41:02.136] ?[34mINFO ?[0;39m ?[36mDependencyAnalyzer?[0;39m - merging 1288 and 3376
[18:41:02.136] ?[34mINFO ?[0;39m ?[36mDependencyAnalyzer?[0;39m - merging 759 and 3643
[18:41:02.152] ?[34mINFO ?[0;39m ?[36mAbstractProblemLoader?[0;39m - Loading environment from C:\Users\RUNNER~1\AppData\Local\Temp\proof4717671982296172108.proof
[18:41:02.152] ?[34mINFO ?[0;39m ?[36mAbstractProblemLoader?[0;39m - Creating init config
[18:41:05.569] ?[34mINFO ?[0;39m ?[36mAbstractProblemLoader?[0;39m - Replaying proof ReverseArray[ReverseArray::reverse()].JML normal_behavior operation contract.0
[18:41:06.415] ?[34mINFO ?[0;39m ?[36mAbstractProblemLoader?[0;39m - Loading environment from C:\Users\RUNNER~1\AppData\Local\Temp\KeYslice3883925998819935107\reverseArray_slice5.proof
[18:41:06.415] ?[34mINFO ?[0;39m ?[36mAbstractProblemLoader?[0;39m - Creating init config
[18:41:09.857] ?[34mINFO ?[0;39m ?[36mAbstractProblemLoader?[0;39m - Replaying proof ReverseArray[ReverseArray::reverse()].JML normal_behavior operation contract.0
[18:41:10.980] ?[34mINFO ?[0;39m ?[36mEndToEndTests?[0;39m - Loading D:\a\key\key\keyext.slicing\src\test\resources\testcase\exampleDuplicateOpen.proof
[18:41:10.980] ?[34mINFO ?[0;39m ?[36mAbstractProblemLoader?[0;39m - Loading environment from src\test\resources\testcase\exampleDuplicateOpen.proof
[18:41:10.980] ?[34mINFO ?[0;39m ?[36mAbstractProblemLoader?[0;39m - Creating init config
[18:41:14.257] ?[34mINFO ?[0;39m ?[36mAbstractProblemLoader?[0;39m - Replaying proof exampleDuplicateOpen.proof
[18:41:14.272] ?[34mINFO ?[0;39m ?[36mDependencyAnalyzer?[0;39m - merging 2 and 3
[18:41:14.272] ?[34mINFO ?[0;39m ?[36mAbstractProblemLoader?[0;39m - Loading environment from C:\Users\RUNNER~1\AppData\Local\Temp\proof10868803753812940864.proof
[18:41:14.272] ?[34mINFO ?[0;39m ?[36mAbstractProblemLoader?[0;39m - Creating init config
[18:41:17.450] ?[34mINFO ?[0;39m ?[36mAbstractProblemLoader?[0;39m - Replaying proof proof10868803753812940864.proof
[18:41:17.465] ?[34mINFO ?[0;39m ?[36mAbstractProblemLoader?[0;39m - Loading environment from C:\Users\RUNNER~1\AppData\Local\Temp\KeYslice1817762270861975968\exampleDuplicateOpen_slice1.proof
[18:41:17.465] ?[34mINFO ?[0;39m ?[36mAbstractProblemLoader?[0;39m - Creating init config
[18:41:20.663] ?[34mINFO ?[0;39m ?[36mAbstractProblemLoader?[0;39m - Replaying proof exampleDuplicateOpen_slice1.proof
[18:41:20.679] ?[34mINFO ?[0;39m ?[36mEndToEndTests?[0;39m - Loading C:\Users\RUNNER~1\AppData\Local\Temp\KeYslice1817762270861975968\exampleDuplicateOpen_slice1.proof
[18:41:20.679] ?[34mINFO ?[0;39m ?[36mAbstractProblemLoader?[0;39m - Loading environment from C:\Users\RUNNER~1\AppData\Local\Temp\KeYslice1817762270861975968\exampleDuplicateOpen_slice1.proof
[18:41:20.679] ?[34mINFO ?[0;39m ?[36mAbstractProblemLoader?[0;39m - Creating init config
[18:41:23.926] ?[34mINFO ?[0;39m ?[36mAbstractProblemLoader?[0;39m - Replaying proof exampleDuplicateOpen_slice1.proof
[18:41:23.941] ?[34mINFO ?[0;39m ?[36mDependencyAnalyzer?[0;39m - merging 3 and 4
[18:41:23.941] ?[34mINFO ?[0;39m ?[36mAbstractProblemLoader?[0;39m - Loading environment from C:\Users\RUNNER~1\AppData\Local\Temp\proof15965149225893132311.proof
[18:41:23.957] ?[34mINFO ?[0;39m ?[36mAbstractProblemLoader?[0;39m - Creating init config
[18:41:27.151] ?[34mINFO ?[0;39m ?[36mAbstractProblemLoader?[0;39m - Replaying proof proof15965149225893132311.proof
[18:41:27.166] ?[34mINFO ?[0;39m ?[36mAbstractProblemLoader?[0;39m - Loading environment from C:\Users\RUNNER~1\AppData\Local\Temp\KeYslice17782434251464829068\exampleDuplicateOpen_slice2.proof
[18:41:27.166] ?[34mINFO ?[0;39m ?[36mAbstractProblemLoader?[0;39m - Creating init config
[18:41:30.235] ?[34mINFO ?[0;39m ?[36mAbstractProblemLoader?[0;39m - Replaying proof exampleDuplicateOpen_slice2.proof
[18:41:30.251] ?[34mINFO ?[0;39m ?[36mEndToEndTests?[0;39m - Loading C:\Users\RUNNER~1\AppData\Local\Temp\KeYslice17782434251464829068\exampleDuplicateOpen_slice2.proof
[18:41:30.251] ?[34mINFO ?[0;39m ?[36mAbstractProblemLoader?[0;39m - Loading environment from C:\Users\RUNNER~1\AppData\Local\Temp\KeYslice17782434251464829068\exampleDuplicateOpen_slice2.proof
[18:41:30.251] ?[34mINFO ?[0;39m ?[36mAbstractProblemLoader?[0;39m - Creating init config
[18:41:33.465] ?[34mINFO ?[0;39m ?[36mAbstractProblemLoader?[0;39m - Replaying proof exampleDuplicateOpen_slice2.proof
[18:41:33.481] ?[34mINFO ?[0;39m ?[36mDependencyAnalyzer?[0;39m - merging 4 and 5
[18:41:33.481] ?[34mINFO ?[0;39m ?[36mAbstractProblemLoader?[0;39m - Loading environment from C:\Users\RUNNER~1\AppData\Local\Temp\proof16443566374988634242.proof
[18:41:33.481] ?[34mINFO ?[0;39m ?[36mAbstractProblemLoader?[0;39m - Creating init config
[18:41:36.636] ?[34mINFO ?[0;39m ?[36mAbstractProblemLoader?[0;39m - Replaying proof proof16443566374988634242.proof
[18:41:36.652] ?[34mINFO ?[0;39m ?[36mAbstractProblemLoader?[0;39m - Loading environment from C:\Users\RUNNER~1\AppData\Local\Temp\KeYslice10561753993920857594\exampleDuplicateOpen_slice3.proof
[18:41:36.652] ?[34mINFO ?[0;39m ?[36mAbstractProblemLoader?[0;39m - Creating init config
[18:41:39.815] ?[34mINFO ?[0;39m ?[36mAbstractProblemLoader?[0;39m - Replaying proof exampleDuplicateOpen_slice3.proof
[18:41:39.831] ?[34mINFO ?[0;39m ?[36mEndToEndTests?[0;39m - Loading C:\Users\RUNNER~1\AppData\Local\Temp\KeYslice10561753993920857594\exampleDuplicateOpen_slice3.proof
[18:41:39.831] ?[34mINFO ?[0;39m ?[36mAbstractProblemLoader?[0;39m - Loading environment from C:\Users\RUNNER~1\AppData\Local\Temp\KeYslice10561753993920857594\exampleDuplicateOpen_slice3.proof
[18:41:39.831] ?[34mINFO ?[0;39m ?[36mAbstractProblemLoader?[0;39m - Creating init config
[18:41:42.951] ?[34mINFO ?[0;39m ?[36mAbstractProblemLoader?[0;39m - Replaying proof exampleDuplicateOpen_slice3.proof
[18:41:42.967] ?[34mINFO ?[0;39m ?[36mAbstractProblemLoader?[0;39m - Loading environment from C:\Users\RUNNER~1\AppData\Local\Temp\proof1632875627192478793.proof
[18:41:42.967] ?[34mINFO ?[0;39m ?[36mAbstractProblemLoader?[0;39m - Creating init config
[18:41:46.057] ?[34mINFO ?[0;39m ?[36mAbstractProblemLoader?[0;39m - Replaying proof proof1632875627192478793.proof
[18:41:46.073] ?[34mINFO ?[0;39m ?[36mAbstractProblemLoader?[0;39m - Loading environment from C:\Users\RUNNER~1\AppData\Local\Temp\KeYslice3344601022791460652\exampleDuplicateOpen_slice4.proof
[18:41:46.073] ?[34mINFO ?[0;39m ?[36mAbstractProblemLoader?[0;39m - Creating init config
[18:41:49.251] ?[34mINFO ?[0;39m ?[36mAbstractProblemLoader?[0;39m - Replaying proof exampleDuplicateOpen_slice4.proof
[18:41:49.267] ?[34mINFO ?[0;39m ?[36mEndToEndTests?[0;39m - Loading D:\a\key\key\keyext.slicing\src\test\resources\testcase\cutExample.proof
[18:41:49.267] ?[34mINFO ?[0;39m ?[36mAbstractProblemLoader?[0;39m - Loading environment from src\test\resources\testcase\cutExample.proof
[18:41:49.267] ?[34mINFO ?[0;39m ?[36mAbstractProblemLoader?[0;39m - Creating init config
[18:41:52.453] ?[34mINFO ?[0;39m ?[36mAbstractProblemLoader?[0;39m - Replaying proof cutExample.proof
[18:41:52.469] ?[34mINFO ?[0;39m ?[36mAbstractProblemLoader?[0;39m - Loading environment from C:\Users\RUNNER~1\AppData\Local\Temp\proof9075343434901403955.proof
[18:41:52.469] ?[34mINFO ?[0;39m ?[36mAbstractProblemLoader?[0;39m - Creating init config
[18:41:55.623] ?[34mINFO ?[0;39m ?[36mAbstractProblemLoader?[0;39m - Replaying proof proof9075343434901403955.proof
[18:41:55.623] ?[34mINFO ?[0;39m ?[36mAbstractProblemLoader?[0;39m - Loading environment from C:\Users\RUNNER~1\AppData\Local\Temp\KeYslice14146427170703178601\cutExample_slice1.proof
[18:41:55.639] ?[34mINFO ?[0;39m ?[36mAbstractProblemLoader?[0;39m - Creating init config
[18:41:58.776] ?[34mINFO ?[0;39m ?[36mAbstractProblemLoader?[0;39m - Replaying proof cutExample_slice1.proof
[18:41:58.793] ?[34mINFO ?[0;39m ?[36mEndToEndTests?[0;39m - Loading D:\a\key\key\keyext.slicing\src\test\resources\testcase\agathaOpenGoal.proof
[18:41:58.793] ?[34mINFO ?[0;39m ?[36mAbstractProblemLoader?[0;39m - Loading environment from src\test\resources\testcase\agathaOpenGoal.proof
[18:41:58.793] ?[34mINFO ?[0;39m ?[36mAbstractProblemLoader?[0;39m - Creating init config
[18:42:01.915] ?[34mINFO ?[0;39m ?[36mAbstractProblemLoader?[0;39m - Replaying proof agathaOpenGoal.proof
[18:42:01.977] ?[34mINFO ?[0;39m ?[36mAbstractProblemLoader?[0;39m - Loading environment from C:\Users\RUNNER~1\AppData\Local\Temp\proof4010332605584936800.proof
[18:42:01.977] ?[34mINFO ?[0;39m ?[36mAbstractProblemLoader?[0;39m - Creating init config
[18:42:05.026] ?[34mINFO ?[0;39m ?[36mAbstractProblemLoader?[0;39m - Replaying proof proof4010332605584936800.proof
[18:42:05.057] ?[34mINFO ?[0;39m ?[36mAbstractProblemLoader?[0;39m - Loading environment from C:\Users\RUNNER~1\AppData\Local\Temp\KeYslice5423351534864665130\agathaOpenGoal_slice1.proof
[18:42:05.057] ?[34mINFO ?[0;39m ?[36mAbstractProblemLoader?[0;39m - Creating init config
[18:42:08.150] ?[34mINFO ?[0;39m ?[36mAbstractProblemLoader?[0;39m - Replaying proof agathaOpenGoal_slice1.proof
[18:42:08.244] ?[34mINFO ?[0;39m ?[36mEndToEndTests?[0;39m - Loading D:\a\key\key\keyext.slicing\src\test\resources\testcase\openGoal1.proof
[18:42:08.244] ?[34mINFO ?[0;39m ?[36mAbstractProblemLoader?[0;39m - Loading environment from src\test\resources\testcase\openGoal1.proof
[18:42:08.244] ?[34mINFO ?[0;39m ?[36mAbstractProblemLoader?[0;39m - Creating init config
[18:42:11.334] ?[34mINFO ?[0;39m ?[36mAbstractProblemLoader?[0;39m - Replaying proof openGoal1.proof
[18:42:11.334] ?[34mINFO ?[0;39m ?[36mAbstractProblemLoader?[0;39m - Loading environment from C:\Users\RUNNER~1\AppData\Local\Temp\proof6659565767909348358.proof
[18:42:11.350] ?[34mINFO ?[0;39m ?[36mAbstractProblemLoader?[0;39m - Creating init config
[18:42:14.471] ?[34mINFO ?[0;39m ?[36mAbstractProblemLoader?[0;39m - Replaying proof proof6659565767909348358.proof
[18:42:14.487] ?[34mINFO ?[0;39m ?[36mAbstractProblemLoader?[0;39m - Loading environment from C:\Users\RUNNER~1\AppData\Local\Temp\KeYslice4458411773602457124\openGoal1_slice1.proof
[18:42:14.487] ?[34mINFO ?[0;39m ?[36mAbstractProblemLoader?[0;39m - Creating init config
[18:42:17.668] ?[34mINFO ?[0;39m ?[36mAbstractProblemLoader?[0;39m - Replaying proof openGoal1_slice1.proof
[18:42:17.668] ?[34mINFO ?[0;39m ?[36mEndToEndTests?[0;39m - Loading D:\a\key\key\keyext.slicing\src\test\resources\testcase\openGoal2.proof
[18:42:17.668] ?[34mINFO ?[0;39m ?[36mAbstractProblemLoader?[0;39m - Loading environment from src\test\resources\testcase\openGoal2.proof
[18:42:17.668] ?[34mINFO ?[0;39m ?[36mAbstractProblemLoader?[0;39m - Creating init config
[18:42:20.740] ?[34mINFO ?[0;39m ?[36mAbstractProblemLoader?[0;39m - Replaying proof openGoal2.proof
[18:42:20.740] ?[34mINFO ?[0;39m ?[36mAbstractProblemLoader?[0;39m - Loading environment from C:\Users\RUNNER~1\AppData\Local\Temp\proof6223612349154395045.proof
[18:42:20.740] ?[34mINFO ?[0;39m ?[36mAbstractProblemLoader?[0;39m - Creating init config
[18:42:23.897] ?[34mINFO ?[0;39m ?[36mAbstractProblemLoader?[0;39m - Replaying proof proof6223612349154395045.proof
[18:42:23.913] ?[34mINFO ?[0;39m ?[36mAbstractProblemLoader?[0;39m - Loading environment from C:\Users\RUNNER~1\AppData\Local\Temp\KeYslice15673437188613159870\openGoal2_slice1.proof
[18:42:23.913] ?[34mINFO ?[0;39m ?[36mAbstractProblemLoader?[0;39m - Creating init config
[18:42:27.071] ?[34mINFO ?[0;39m ?[36mAbstractProblemLoader?[0;39m - Replaying proof openGoal2_slice1.proof
[18:42:27.087] ?[34mINFO ?[0;39m ?[36mEndToEndTests?[0;39m - Loading D:\a\key\key\keyext.slicing\src\test\resources\testcase\agatha.proof
[18:42:27.087] ?[34mINFO ?[0;39m ?[36mAbstractProblemLoader?[0;39m - Loading environment from src\test\resources\testcase\agatha.proof
[18:42:27.087] ?[34mINFO ?[0;39m ?[36mAbstractProblemLoader?[0;39m - Creating init config
[18:42:30.289] ?[34mINFO ?[0;39m ?[36mAbstractProblemLoader?[0;39m - Replaying proof agatha.proof
[18:42:30.320] ?[34mINFO ?[0;39m ?[36mAbstractProblemLoader?[0;39m - Loading environment from C:\Users\RUNNER~1\AppData\Local\Temp\proof6490551041555454064.proof
[18:42:30.320] ?[34mINFO ?[0;39m ?[36mAbstractProblemLoader?[0;39m - Creating init config
[18:42:33.421] ?[34mINFO ?[0;39m ?[36mAbstractProblemLoader?[0;39m - Replaying proof proof6490551041555454064.proof
[18:42:33.453] ?[34mINFO ?[0;39m ?[36mAbstractProblemLoader?[0;39m - Loading environment from C:\Users\RUNNER~1\AppData\Local\Temp\KeYslice6532107506076195794\agatha_slice1.proof
[18:42:33.453] ?[34mINFO ?[0;39m ?[36mAbstractProblemLoader?[0;39m - Creating init config
[18:42:36.589] ?[34mINFO ?[0;39m ?[36mAbstractProblemLoader?[0;39m - Replaying proof agatha_slice1.proof
[18:42:36.605] ?[34mINFO ?[0;39m ?[36mEndToEndTests?[0;39m - Loading D:\a\key\key\keyext.slicing\src\test\resources\testcase\..\..\..\..\..\key.ui\examples\heap\verifyThis15_2_ParallelGcd\parallelGcd.proof
[18:42:36.605] ?[34mINFO ?[0;39m ?[36mAbstractProblemLoader?[0;39m - Loading environment from src\test\resources\testcase\..\..\..\..\..\key.ui\examples\heap\verifyThis15_2_ParallelGcd\parallelGcd.proof
[18:42:36.620] ?[34mINFO ?[0;39m ?[36mAbstractProblemLoader?[0;39m - Creating init config
[18:42:40.085] ?[34mINFO ?[0;39m ?[36mAbstractProblemLoader?[0;39m - Replaying proof ParallelGcd[ParallelGcd::parallelGcd(int,int,[Z)].JML behavior operation contract.0
[18:42:41.057] ?[34mINFO ?[0;39m ?[36mAbstractProblemLoader?[0;39m - Loading environment from C:\Users\RUNNER~1\AppData\Local\Temp\proof6997916817660946656.proof
[18:42:41.057] ?[34mINFO ?[0;39m ?[36mAbstractProblemLoader?[0;39m - Creating init config
[18:42:44.484] ?[34mINFO ?[0;39m ?[36mAbstractProblemLoader?[0;39m - Replaying proof ParallelGcd[ParallelGcd::parallelGcd(int,int,[Z)].JML behavior operation contract.0
[18:42:45.219] ?[34mINFO ?[0;39m ?[36mAbstractProblemLoader?[0;39m - Loading environment from C:\Users\RUNNER~1\AppData\Local\Temp\KeYslice3527921891747821993\parallelGcd_slice1.proof
[18:42:45.235] ?[34mINFO ?[0;39m ?[36mAbstractProblemLoader?[0;39m - Creating init config
[18:42:48.672] ?[34mINFO ?[0;39m ?[36mAbstractProblemLoader?[0;39m - Replaying proof ParallelGcd[ParallelGcd::parallelGcd(int,int,[Z)].JML behavior operation contract.0
]]></system-out>
  <system-err><![CDATA[]]></system-err>
</testsuite>
