<?xml version="1.0" encoding="UTF-8"?>
<testsuite name="de.uka.ilkd.key.proof_references.testcase.analyst.TestProgramVariableReferencesAnalyst" tests="63" skipped="0" failures="0" errors="0" timestamp="2023-04-04T15:37:52" hostname="fv-az1135-934" time="199.968">
  <properties/>
  <testcase name="testAssignments_decrementEnd()" classname="de.uka.ilkd.key.proof_references.testcase.analyst.TestProgramVariableReferencesAnalyst" time="3.39"/>
  <testcase name="testConditionalsAndOther_ifEquals()" classname="de.uka.ilkd.key.proof_references.testcase.analyst.TestProgramVariableReferencesAnalyst" time="3.358"/>
  <testcase name="testConditionalsAndOther_doWhileEquals()" classname="de.uka.ilkd.key.proof_references.testcase.analyst.TestProgramVariableReferencesAnalyst" time="3.206"/>
  <testcase name="testVariableDeclarationAssign()" classname="de.uka.ilkd.key.proof_references.testcase.analyst.TestProgramVariableReferencesAnalyst" time="3.086"/>
  <testcase name="testConditionalsAndOther_forEquals()" classname="de.uka.ilkd.key.proof_references.testcase.analyst.TestProgramVariableReferencesAnalyst" time="3.224"/>
  <testcase name="testAssignments_assignmentWithSelf()" classname="de.uka.ilkd.key.proof_references.testcase.analyst.TestProgramVariableReferencesAnalyst" time="3.169"/>
  <testcase name="testConditionalsAndOther_ifGreaterEquals()" classname="de.uka.ilkd.key.proof_references.testcase.analyst.TestProgramVariableReferencesAnalyst" time="3.208"/>
  <testcase name="testAssignments_incrementBegin()" classname="de.uka.ilkd.key.proof_references.testcase.analyst.TestProgramVariableReferencesAnalyst" time="3.347"/>
  <testcase name="testActiveUseStaticFieldWriteAccess2()" classname="de.uka.ilkd.key.proof_references.testcase.analyst.TestProgramVariableReferencesAnalyst" time="3.065"/>
  <testcase name="testConditionalsAndOther_returnBoolean()" classname="de.uka.ilkd.key.proof_references.testcase.analyst.TestProgramVariableReferencesAnalyst" time="3.228"/>
  <testcase name="testConditionalsAndOther_whileEquals()" classname="de.uka.ilkd.key.proof_references.testcase.analyst.TestProgramVariableReferencesAnalyst" time="3.225"/>
  <testcase name="testConditionalsAndOther_questionLess()" classname="de.uka.ilkd.key.proof_references.testcase.analyst.TestProgramVariableReferencesAnalyst" time="3.254"/>
  <testcase name="testAssignment_to_primitive_array_component()" classname="de.uka.ilkd.key.proof_references.testcase.analyst.TestProgramVariableReferencesAnalyst" time="3.05"/>
  <testcase name="testAssignments_incrementArrayEnd()" classname="de.uka.ilkd.key.proof_references.testcase.analyst.TestProgramVariableReferencesAnalyst" time="3.316"/>
  <testcase name="testConditionalsAndOther_doWhileBoolean()" classname="de.uka.ilkd.key.proof_references.testcase.analyst.TestProgramVariableReferencesAnalyst" time="3.26"/>
  <testcase name="testConditionalsAndOther_returnEquals()" classname="de.uka.ilkd.key.proof_references.testcase.analyst.TestProgramVariableReferencesAnalyst" time="3.285"/>
  <testcase name="testActiveUseStaticFieldReadAccess2()" classname="de.uka.ilkd.key.proof_references.testcase.analyst.TestProgramVariableReferencesAnalyst" time="2.988"/>
  <testcase name="testAssignments_decrementBegin()" classname="de.uka.ilkd.key.proof_references.testcase.analyst.TestProgramVariableReferencesAnalyst" time="3.233"/>
  <testcase name="testConditionalsAndOther_switchInt()" classname="de.uka.ilkd.key.proof_references.testcase.analyst.TestProgramVariableReferencesAnalyst" time="3.263"/>
  <testcase name="testConditionalsAndOther_questionGreaterEquals()" classname="de.uka.ilkd.key.proof_references.testcase.analyst.TestProgramVariableReferencesAnalyst" time="3.156"/>
  <testcase name="testConditionalsAndOther_returnComplex()" classname="de.uka.ilkd.key.proof_references.testcase.analyst.TestProgramVariableReferencesAnalyst" time="3.23"/>
  <testcase name="testConditionalsAndOther_ifLess()" classname="de.uka.ilkd.key.proof_references.testcase.analyst.TestProgramVariableReferencesAnalyst" time="3.165"/>
  <testcase name="testEval_order_array_access5()" classname="de.uka.ilkd.key.proof_references.testcase.analyst.TestProgramVariableReferencesAnalyst" time="3.007"/>
  <testcase name="testAssignments_incrementEnd()" classname="de.uka.ilkd.key.proof_references.testcase.analyst.TestProgramVariableReferencesAnalyst" time="3.289"/>
  <testcase name="testConditionalsAndOther_forBoolean()" classname="de.uka.ilkd.key.proof_references.testcase.analyst.TestProgramVariableReferencesAnalyst" time="3.193"/>
  <testcase name="testAssignment_read_attribute()" classname="de.uka.ilkd.key.proof_references.testcase.analyst.TestProgramVariableReferencesAnalyst" time="3.059"/>
  <testcase name="testConditionalsAndOther_whileBoolean()" classname="de.uka.ilkd.key.proof_references.testcase.analyst.TestProgramVariableReferencesAnalyst" time="3.271"/>
  <testcase name="testArrayLength()" classname="de.uka.ilkd.key.proof_references.testcase.analyst.TestProgramVariableReferencesAnalyst" time="3.193"/>
  <testcase name="testAssignments_assign()" classname="de.uka.ilkd.key.proof_references.testcase.analyst.TestProgramVariableReferencesAnalyst" time="3.245"/>
  <testcase name="testAssignments_incrementArrayBegin()" classname="de.uka.ilkd.key.proof_references.testcase.analyst.TestProgramVariableReferencesAnalyst" time="3.366"/>
  <testcase name="testAssignment()" classname="de.uka.ilkd.key.proof_references.testcase.analyst.TestProgramVariableReferencesAnalyst" time="3.124"/>
  <testcase name="testConditionalsAndOther_ifBoolean()" classname="de.uka.ilkd.key.proof_references.testcase.analyst.TestProgramVariableReferencesAnalyst" time="3.256"/>
  <testcase name="testAssignment_read_length()" classname="de.uka.ilkd.key.proof_references.testcase.analyst.TestProgramVariableReferencesAnalyst" time="3.076"/>
  <testcase name="testConditionalsAndOther_questionNotEquals()" classname="de.uka.ilkd.key.proof_references.testcase.analyst.TestProgramVariableReferencesAnalyst" time="3.163"/>
  <testcase name="testAssignments_decrementArrayBegin()" classname="de.uka.ilkd.key.proof_references.testcase.analyst.TestProgramVariableReferencesAnalyst" time="3.33"/>
  <testcase name="testConditionalsAndOther_ifGreater()" classname="de.uka.ilkd.key.proof_references.testcase.analyst.TestProgramVariableReferencesAnalyst" time="3.087"/>
  <testcase name="testConditionalsAndOther_questionIncrementsAndDecrements()" classname="de.uka.ilkd.key.proof_references.testcase.analyst.TestProgramVariableReferencesAnalyst" time="3.42"/>
  <testcase name="testAssignment_write_static_attribute()" classname="de.uka.ilkd.key.proof_references.testcase.analyst.TestProgramVariableReferencesAnalyst" time="3.028"/>
  <testcase name="testConditionalsAndOther_questionBoolean()" classname="de.uka.ilkd.key.proof_references.testcase.analyst.TestProgramVariableReferencesAnalyst" time="3.065"/>
  <testcase name="testConditionalsAndOther_ifLessEquals()" classname="de.uka.ilkd.key.proof_references.testcase.analyst.TestProgramVariableReferencesAnalyst" time="3.015"/>
  <testcase name="testConditionalsAndOther_questionGreater()" classname="de.uka.ilkd.key.proof_references.testcase.analyst.TestProgramVariableReferencesAnalyst" time="3.035"/>
  <testcase name="testEval_order_access4()" classname="de.uka.ilkd.key.proof_references.testcase.analyst.TestProgramVariableReferencesAnalyst" time="3.019"/>
  <testcase name="testAssignment_to_reference_array_component()" classname="de.uka.ilkd.key.proof_references.testcase.analyst.TestProgramVariableReferencesAnalyst" time="3.239"/>
  <testcase name="testAssignments_decrementArrayEnd()" classname="de.uka.ilkd.key.proof_references.testcase.analyst.TestProgramVariableReferencesAnalyst" time="3.202"/>
  <testcase name="testAssignments_add()" classname="de.uka.ilkd.key.proof_references.testcase.analyst.TestProgramVariableReferencesAnalyst" time="3.247"/>
  <testcase name="testAssignments_div()" classname="de.uka.ilkd.key.proof_references.testcase.analyst.TestProgramVariableReferencesAnalyst" time="3.112"/>
  <testcase name="testAssignments_mod()" classname="de.uka.ilkd.key.proof_references.testcase.analyst.TestProgramVariableReferencesAnalyst" time="3.226"/>
  <testcase name="testAssignments_mul()" classname="de.uka.ilkd.key.proof_references.testcase.analyst.TestProgramVariableReferencesAnalyst" time="3.195"/>
  <testcase name="testAssignments_sub()" classname="de.uka.ilkd.key.proof_references.testcase.analyst.TestProgramVariableReferencesAnalyst" time="3.206"/>
  <testcase name="testAssignments_nestedValueAdd()" classname="de.uka.ilkd.key.proof_references.testcase.analyst.TestProgramVariableReferencesAnalyst" time="3.252"/>
  <testcase name="testAssignments_nestedArray()" classname="de.uka.ilkd.key.proof_references.testcase.analyst.TestProgramVariableReferencesAnalyst" time="3.155"/>
  <testcase name="testAssignments_nestedValue()" classname="de.uka.ilkd.key.proof_references.testcase.analyst.TestProgramVariableReferencesAnalyst" time="3.133"/>
  <testcase name="testConditionalsAndOther_methodCallAssignment()" classname="de.uka.ilkd.key.proof_references.testcase.analyst.TestProgramVariableReferencesAnalyst" time="3.187"/>
  <testcase name="testConditionalsAndOther_questionEquals()" classname="de.uka.ilkd.key.proof_references.testcase.analyst.TestProgramVariableReferencesAnalyst" time="2.97"/>
  <testcase name="testConditionalsAndOther_ifIncrementsAndDecrements()" classname="de.uka.ilkd.key.proof_references.testcase.analyst.TestProgramVariableReferencesAnalyst" time="3.36"/>
  <testcase name="testConditionalsAndOther_ifNotEquals()" classname="de.uka.ilkd.key.proof_references.testcase.analyst.TestProgramVariableReferencesAnalyst" time="3.065"/>
  <testcase name="testAssignment_write_attribute()" classname="de.uka.ilkd.key.proof_references.testcase.analyst.TestProgramVariableReferencesAnalyst" time="2.866"/>
  <testcase name="testConditionalsAndOther_methodCallConditional()" classname="de.uka.ilkd.key.proof_references.testcase.analyst.TestProgramVariableReferencesAnalyst" time="3.052"/>
  <testcase name="testConditionalsAndOther_questionLessEquals()" classname="de.uka.ilkd.key.proof_references.testcase.analyst.TestProgramVariableReferencesAnalyst" time="3.074"/>
  <testcase name="testConditionalsAndOther_throwsNestedException()" classname="de.uka.ilkd.key.proof_references.testcase.analyst.TestProgramVariableReferencesAnalyst" time="3.171"/>
  <testcase name="testConditionalsAndOther_methodCall()" classname="de.uka.ilkd.key.proof_references.testcase.analyst.TestProgramVariableReferencesAnalyst" time="3.062"/>
  <testcase name="testConditionalsAndOther_throwsException()" classname="de.uka.ilkd.key.proof_references.testcase.analyst.TestProgramVariableReferencesAnalyst" time="3.161"/>
  <testcase name="testAssignment_array2()" classname="de.uka.ilkd.key.proof_references.testcase.analyst.TestProgramVariableReferencesAnalyst" time="3.016"/>
  <system-out><![CDATA[]]></system-out>
  <system-err><![CDATA[]]></system-err>
</testsuite>
