<?xml version="1.0" encoding="UTF-8"?>
<testsuite name="de.uka.ilkd.key.testcase.smt.testgen.TestTestgen" tests="1" skipped="0" failures="0" errors="0" timestamp="2023-05-26T21:21:11" hostname="fv-az627-608" time="3.524">
  <properties/>
  <testcase name="testMiddle()" classname="de.uka.ilkd.key.testcase.smt.testgen.TestTestgen" time="3.524"/>
  <system-out><![CDATA[10487      WARN  Test worker     d.u.i.k.t.s.t.TestTestgen Warning: Z3_CE is not installed, tests skipped. 
10487      WARN  Test worker     d.u.i.k.t.s.t.TestTestgen Maybe use JVM system property "z3SolverPath" to define the path to the Z3 command. 
10489      INFO  Test worker     d.u.i.k.p.i.AbstractProblemLoader Loading environment from src/test/resources/testcase/smt/tg/middle.key 
10489      DEBUG Test worker     d.u.i.k.p.i.AbstractProblemLoader Environment load took 486ns 
10491      INFO  Test worker     d.u.i.k.p.i.AbstractProblemLoader Creating init config 
13491      DEBUG Test worker     d.u.i.k.p.i.AbstractProblemLoader Init config took 3s 
13552      INFO  Test worker     d.u.i.k.p.i.AbstractProblemLoader Replaying proof Middle[Middle::middle(int,int,int)].JML normal_behavior operation contract.0 
13554      DEBUG Test worker     d.u.i.k.p.i.IntermediateProofReplayer Proof replay took 12.5ns 
]]></system-out>
  <system-err><![CDATA[]]></system-err>
</testsuite>
