<?xml version="1.0" encoding="UTF-8"?>
<testsuite name="de.uka.ilkd.key.util.TestProofStarter" tests="2" skipped="0" failures="0" errors="0" timestamp="2023-06-05T21:27:36" hostname="fv-az192-928" time="79.438">
  <properties/>
  <testcase name="testDirectProofWithOneStepSimplification()" classname="de.uka.ilkd.key.util.TestProofStarter" time="41.589"/>
  <testcase name="testDirectProof()" classname="de.uka.ilkd.key.util.TestProofStarter" time="37.849"/>
  <system-out><![CDATA[1406403    INFO  Test worker     d.u.i.k.p.i.AbstractProblemLoader Loading environment from src\test\resources\testcase\proofStarter\CC\project.key 
1406419    DEBUG Test worker     d.u.i.k.p.i.AbstractProblemLoader Environment load took 327.6ns 
1406419    INFO  Test worker     d.u.i.k.p.i.AbstractProblemLoader Creating init config 
1411673    DEBUG Test worker     d.u.i.k.p.i.AbstractProblemLoader Init config took 5.26s 
1411751    INFO  Test worker     d.u.i.k.p.i.AbstractProblemLoader Replaying proof CC[CC::calcCoinIndex([I,[I)].JML normal_behavior operation contract.0 
1411751    DEBUG Test worker     d.u.i.k.p.i.IntermediateProofReplayer Proof replay took 3.9ns 
1447977    INFO  Test worker     d.u.i.k.p.i.AbstractProblemLoader Loading environment from src\test\resources\testcase\proofStarter\CC\project.key 
1447977    DEBUG Test worker     d.u.i.k.p.i.AbstractProblemLoader Environment load took 293ns 
1447977    INFO  Test worker     d.u.i.k.p.i.AbstractProblemLoader Creating init config 
1453307    DEBUG Test worker     d.u.i.k.p.i.AbstractProblemLoader Init config took 5.33s 
1453385    INFO  Test worker     d.u.i.k.p.i.AbstractProblemLoader Replaying proof CC[CC::calcCoinIndex([I,[I)].JML normal_behavior operation contract.0 
1453385    DEBUG Test worker     d.u.i.k.p.i.IntermediateProofReplayer Proof replay took 22.1ns 
]]></system-out>
  <system-err><![CDATA[]]></system-err>
</testsuite>
