<?xml version="1.0" encoding="UTF-8"?>
<testsuite name="de.uka.ilkd.key.logic.TestTermLabelManager" tests="21" skipped="0" failures="0" errors="0" timestamp="2023-06-05T21:07:24" hostname="fv-az192-928" time="98.543">
  <properties/>
  <testcase name="testInstantiateLabels_directChildPolicies_allRules()" classname="de.uka.ilkd.key.logic.TestTermLabelManager" time="7.324"/>
  <testcase name="testInstantiateLabels_childAndGrandchildPolicies_ruleSpecific()" classname="de.uka.ilkd.key.logic.TestTermLabelManager" time="5.223"/>
  <testcase name="testParseLabel()" classname="de.uka.ilkd.key.logic.TestTermLabelManager" time="5.084"/>
  <testcase name="testrefactorGoal_childrenAndGrandchildren_ruleSpecific()" classname="de.uka.ilkd.key.logic.TestTermLabelManager" time="5.302"/>
  <testcase name="testrefactorGoal_directChildren_allRules()" classname="de.uka.ilkd.key.logic.TestTermLabelManager" time="5.048"/>
  <testcase name="testInstantiateLabels_childAndGrandchildPolicies_allRules()" classname="de.uka.ilkd.key.logic.TestTermLabelManager" time="5.066"/>
  <testcase name="testInstantiateLabels_taclet()" classname="de.uka.ilkd.key.logic.TestTermLabelManager" time="5.002"/>
  <testcase name="testrefactorGoal_none_ruleSpecific()" classname="de.uka.ilkd.key.logic.TestTermLabelManager" time="5.142"/>
  <testcase name="testInstantiateLabels_updates_ruleSpecific()" classname="de.uka.ilkd.key.logic.TestTermLabelManager" time="5.08"/>
  <testcase name="testrefactorGoal_sequent_ruleSpecific()" classname="de.uka.ilkd.key.logic.TestTermLabelManager" time="5.19"/>
  <testcase name="testInstantiateLabels_updates_allRules()" classname="de.uka.ilkd.key.logic.TestTermLabelManager" time="4.942"/>
  <testcase name="testrefactorGoal_sequent_allRules()" classname="de.uka.ilkd.key.logic.TestTermLabelManager" time="5.098"/>
  <testcase name="testrefactorGoal_childrenAndGrandchildren_allRules()" classname="de.uka.ilkd.key.logic.TestTermLabelManager" time="5.08"/>
  <testcase name="testGetTermLabelManager()" classname="de.uka.ilkd.key.logic.TestTermLabelManager" time="0.005"/>
  <testcase name="testInstantiateLabels_applicationTermPolicies()" classname="de.uka.ilkd.key.logic.TestTermLabelManager" time="5.089"/>
  <testcase name="testInstantiateLabels_modalityTermPolicies()" classname="de.uka.ilkd.key.logic.TestTermLabelManager" time="4.908"/>
  <testcase name="testrefactorGoal_none_allRules()" classname="de.uka.ilkd.key.logic.TestTermLabelManager" time="4.972"/>
  <testcase name="testInstantiateLabels_null()" classname="de.uka.ilkd.key.logic.TestTermLabelManager" time="0.0"/>
  <testcase name="testrefactorGoal_directChildren_ruleSpecific()" classname="de.uka.ilkd.key.logic.TestTermLabelManager" time="5.002"/>
  <testcase name="testInstantiateLabels_directChildPolicies_ruleSpecific()" classname="de.uka.ilkd.key.logic.TestTermLabelManager" time="5.003"/>
  <testcase name="testGetSupportedTermLabelNames()" classname="de.uka.ilkd.key.logic.TestTermLabelManager" time="4.971"/>
  <system-out><![CDATA[194254     INFO  Test worker     d.u.i.k.p.i.AbstractProblemLoader Loading environment from src\test\resources\testcase\termLabels\flatSteps\FlatSteps.java 
194254     DEBUG Test worker     d.u.i.k.p.i.AbstractProblemLoader Environment load took 334ns 
194254     INFO  Test worker     d.u.i.k.p.i.AbstractProblemLoader Creating init config 
194614     DEBUG Test worker     d.u.i.k.j.TypeConverter   No LDT found for Meta 
194629     DEBUG Test worker     d.u.i.k.j.TypeConverter   No LDT found for Meta 
194629     DEBUG Test worker     d.u.i.k.j.TypeConverter   No LDT found for Meta 
194629     DEBUG Test worker     d.u.i.k.j.TypeConverter   No LDT found for Meta 
195755     DEBUG Test worker     d.u.i.k.j.TypeConverter   No LDT found for JavaBigintExpression 
201570     DEBUG Test worker     d.u.i.k.p.i.AbstractProblemLoader Init config took 7.3s 
201586     INFO  Test worker     d.u.i.k.p.i.AbstractProblemLoader Loading environment from src\test\resources\testcase\termLabels\flatSteps\FlatSteps.java 
201586     DEBUG Test worker     d.u.i.k.p.i.AbstractProblemLoader Environment load took 805ns 
201586     INFO  Test worker     d.u.i.k.p.i.AbstractProblemLoader Creating init config 
206793     DEBUG Test worker     d.u.i.k.p.i.AbstractProblemLoader Init config took 5.2s 
206793     INFO  Test worker     d.u.i.k.p.i.AbstractProblemLoader Loading environment from src\test\resources\testcase\termLabels\flatSteps\FlatSteps.java 
206793     DEBUG Test worker     d.u.i.k.p.i.AbstractProblemLoader Environment load took 296.4ns 
206793     INFO  Test worker     d.u.i.k.p.i.AbstractProblemLoader Creating init config 
211862     DEBUG Test worker     d.u.i.k.p.i.AbstractProblemLoader Init config took 5.07s 
211878     INFO  Test worker     d.u.i.k.p.i.AbstractProblemLoader Loading environment from src\test\resources\testcase\termLabels\flatSteps\FlatSteps.java 
211878     DEBUG Test worker     d.u.i.k.p.i.AbstractProblemLoader Environment load took 243.7ns 
211878     INFO  Test worker     d.u.i.k.p.i.AbstractProblemLoader Creating init config 
217149     DEBUG Test worker     d.u.i.k.p.i.AbstractProblemLoader Init config took 5.27s 
217180     INFO  Test worker     d.u.i.k.p.i.AbstractProblemLoader Loading environment from src\test\resources\testcase\termLabels\flatSteps\FlatSteps.java 
217180     DEBUG Test worker     d.u.i.k.p.i.AbstractProblemLoader Environment load took 731.4ns 
217180     INFO  Test worker     d.u.i.k.p.i.AbstractProblemLoader Creating init config 
222214     DEBUG Test worker     d.u.i.k.p.i.AbstractProblemLoader Init config took 5.03s 
222230     INFO  Test worker     d.u.i.k.p.i.AbstractProblemLoader Loading environment from src\test\resources\testcase\termLabels\flatSteps\FlatSteps.java 
222230     DEBUG Test worker     d.u.i.k.p.i.AbstractProblemLoader Environment load took 649.5ns 
222246     INFO  Test worker     d.u.i.k.p.i.AbstractProblemLoader Creating init config 
227282     DEBUG Test worker     d.u.i.k.p.i.AbstractProblemLoader Init config took 5.05s 
227297     INFO  Test worker     d.u.i.k.p.i.AbstractProblemLoader Loading environment from src\test\resources\testcase\termLabels\flatSteps\FlatSteps.java 
227297     DEBUG Test worker     d.u.i.k.p.i.AbstractProblemLoader Environment load took 305.4ns 
227297     INFO  Test worker     d.u.i.k.p.i.AbstractProblemLoader Creating init config 
232300     DEBUG Test worker     d.u.i.k.p.i.AbstractProblemLoader Init config took 5s 
232300     INFO  Test worker     d.u.i.k.p.i.AbstractProblemLoader Loading environment from src\test\resources\testcase\termLabels\flatSteps\FlatSteps.java 
232300     DEBUG Test worker     d.u.i.k.p.i.AbstractProblemLoader Environment load took 655.2ns 
232315     INFO  Test worker     d.u.i.k.p.i.AbstractProblemLoader Creating init config 
237428     DEBUG Test worker     d.u.i.k.p.i.AbstractProblemLoader Init config took 5.12s 
237443     INFO  Test worker     d.u.i.k.p.i.AbstractProblemLoader Loading environment from src\test\resources\testcase\termLabels\flatSteps\FlatSteps.java 
237443     DEBUG Test worker     d.u.i.k.p.i.AbstractProblemLoader Environment load took 2.33ms 
237443     INFO  Test worker     d.u.i.k.p.i.AbstractProblemLoader Creating init config 
242524     DEBUG Test worker     d.u.i.k.p.i.AbstractProblemLoader Init config took 5.07s 
242524     INFO  Test worker     d.u.i.k.p.i.AbstractProblemLoader Loading environment from src\test\resources\testcase\termLabels\flatSteps\FlatSteps.java 
242524     DEBUG Test worker     d.u.i.k.p.i.AbstractProblemLoader Environment load took 243.8ns 
242524     INFO  Test worker     d.u.i.k.p.i.AbstractProblemLoader Creating init config 
247699     DEBUG Test worker     d.u.i.k.p.i.AbstractProblemLoader Init config took 5.16s 
247714     INFO  Test worker     d.u.i.k.p.i.AbstractProblemLoader Loading environment from src\test\resources\testcase\termLabels\flatSteps\FlatSteps.java 
247714     DEBUG Test worker     d.u.i.k.p.i.AbstractProblemLoader Environment load took 236.7ns 
247714     INFO  Test worker     d.u.i.k.p.i.AbstractProblemLoader Creating init config 
252656     DEBUG Test worker     d.u.i.k.p.i.AbstractProblemLoader Init config took 4.95s 
252671     INFO  Test worker     d.u.i.k.p.i.AbstractProblemLoader Loading environment from src\test\resources\testcase\termLabels\flatSteps\FlatSteps.java 
252673     DEBUG Test worker     d.u.i.k.p.i.AbstractProblemLoader Environment load took 292.1ns 
252674     INFO  Test worker     d.u.i.k.p.i.AbstractProblemLoader Creating init config 
257738     DEBUG Test worker     d.u.i.k.p.i.AbstractProblemLoader Init config took 5.07s 
257754     INFO  Test worker     d.u.i.k.p.i.AbstractProblemLoader Loading environment from src\test\resources\testcase\termLabels\flatSteps\FlatSteps.java 
257754     DEBUG Test worker     d.u.i.k.p.i.AbstractProblemLoader Environment load took 274.6ns 
257754     INFO  Test worker     d.u.i.k.p.i.AbstractProblemLoader Creating init config 
262834     DEBUG Test worker     d.u.i.k.p.i.AbstractProblemLoader Init config took 5.07s 
262850     INFO  Test worker     d.u.i.k.p.i.AbstractProblemLoader Loading environment from src\test\resources\testcase\termLabels\flatSteps\FlatSteps.java 
262850     DEBUG Test worker     d.u.i.k.p.i.AbstractProblemLoader Environment load took 261.8ns 
262850     INFO  Test worker     d.u.i.k.p.i.AbstractProblemLoader Creating init config 
267915     DEBUG Test worker     d.u.i.k.p.i.AbstractProblemLoader Init config took 5.06s 
267930     INFO  Test worker     d.u.i.k.p.i.AbstractProblemLoader Loading environment from src\test\resources\testcase\termLabels\flatSteps\FlatSteps.java 
267930     DEBUG Test worker     d.u.i.k.p.i.AbstractProblemLoader Environment load took 308ns 
267930     INFO  Test worker     d.u.i.k.p.i.AbstractProblemLoader Creating init config 
272839     DEBUG Test worker     d.u.i.k.p.i.AbstractProblemLoader Init config took 4.9s 
272839     INFO  Test worker     d.u.i.k.p.i.AbstractProblemLoader Loading environment from src\test\resources\testcase\termLabels\flatSteps\FlatSteps.java 
272839     DEBUG Test worker     d.u.i.k.p.i.AbstractProblemLoader Environment load took 286.2ns 
272839     INFO  Test worker     d.u.i.k.p.i.AbstractProblemLoader Creating init config 
277796     DEBUG Test worker     d.u.i.k.p.i.AbstractProblemLoader Init config took 4.94s 
277811     INFO  Test worker     d.u.i.k.p.i.AbstractProblemLoader Loading environment from src\test\resources\testcase\termLabels\flatSteps\FlatSteps.java 
277811     DEBUG Test worker     d.u.i.k.p.i.AbstractProblemLoader Environment load took 319ns 
277811     INFO  Test worker     d.u.i.k.p.i.AbstractProblemLoader Creating init config 
282800     DEBUG Test worker     d.u.i.k.p.i.AbstractProblemLoader Init config took 4.98s 
282815     INFO  Test worker     d.u.i.k.p.i.AbstractProblemLoader Loading environment from src\test\resources\testcase\termLabels\flatSteps\FlatSteps.java 
282815     DEBUG Test worker     d.u.i.k.p.i.AbstractProblemLoader Environment load took 633.4ns 
282815     INFO  Test worker     d.u.i.k.p.i.AbstractProblemLoader Creating init config 
287818     DEBUG Test worker     d.u.i.k.p.i.AbstractProblemLoader Init config took 5s 
287818     INFO  Test worker     d.u.i.k.p.i.AbstractProblemLoader Loading environment from src\test\resources\testcase\termLabels\flatSteps\FlatSteps.java 
287818     DEBUG Test worker     d.u.i.k.p.i.AbstractProblemLoader Environment load took 268.6ns 
287834     INFO  Test worker     d.u.i.k.p.i.AbstractProblemLoader Creating init config 
292789     DEBUG Test worker     d.u.i.k.p.i.AbstractProblemLoader Init config took 4.97s 
]]></system-out>
  <system-err><![CDATA[]]></system-err>
</testsuite>
