<?xml version="1.0" encoding="UTF-8"?>
<testsuite name="de.uka.ilkd.key.parser.TestTermParserSorts" tests="2" skipped="0" failures="0" errors="0" timestamp="2023-06-05T21:16:25" hostname="fv-az192-928" time="5.101">
  <properties/>
  <testcase name="testParseIntegerArgs()" classname="de.uka.ilkd.key.parser.TestTermParserSorts" time="0.03"/>
  <testcase name="testParseSequencePrettySyntax()" classname="de.uka.ilkd.key.parser.TestTermParserSorts" time="0.004"/>
  <system-out><![CDATA[734546     INFO  Test worker     d.u.i.k.n.KeyIO           Parsing took 0 ms 
734546     DEBUG Test worker     d.u.i.k.n.KeyIO           Load declarations of de.uka.ilkd.key.nparser.KeyAst$File:  <unknown>:1#1 
734546     INFO  Test worker     d.u.i.k.n.KeyIO           MODE: declarations took 0 ms 
734546     DEBUG Test worker     d.u.i.k.n.KeyIO           MODE: 2nd degree decls took 0 
734546     INFO  Test worker     d.u.i.k.n.KeyIO           Parsing took 0 ms 
734546     DEBUG Test worker     d.u.i.k.n.KeyIO           Load declarations of de.uka.ilkd.key.nparser.KeyAst$File:  <unknown>:1#1 
734546     INFO  Test worker     d.u.i.k.n.KeyIO           MODE: declarations took 0 ms 
734546     DEBUG Test worker     d.u.i.k.n.KeyIO           MODE: 2nd degree decls took 0 
734546     INFO  Test worker     d.u.i.k.n.KeyIO           Parsing took 0 ms 
734546     DEBUG Test worker     d.u.i.k.n.KeyIO           Load declarations of de.uka.ilkd.key.nparser.KeyAst$File:  <unknown>:1#1 
734546     INFO  Test worker     d.u.i.k.n.KeyIO           MODE: declarations took 0 ms 
734546     DEBUG Test worker     d.u.i.k.n.KeyIO           MODE: 2nd degree decls took 0 
739643     INFO  Test worker     d.u.i.k.n.KeyIO           Parsing took 0 ms 
739643     DEBUG Test worker     d.u.i.k.n.KeyIO           Load declarations of de.uka.ilkd.key.nparser.KeyAst$File:  <unknown>:1#1 
739643     INFO  Test worker     d.u.i.k.n.KeyIO           MODE: declarations took 0 ms 
739643     DEBUG Test worker     d.u.i.k.n.KeyIO           MODE: 2nd degree decls took 0 
739643     INFO  Test worker     d.u.i.k.n.KeyIO           Parsing took 0 ms 
739643     DEBUG Test worker     d.u.i.k.n.KeyIO           Load declarations of de.uka.ilkd.key.nparser.KeyAst$File:  <unknown>:1#1 
739643     INFO  Test worker     d.u.i.k.n.KeyIO           MODE: declarations took 0 ms 
739643     DEBUG Test worker     d.u.i.k.n.KeyIO           MODE: 2nd degree decls took 0 
739643     INFO  Test worker     d.u.i.k.n.KeyIO           Parsing took 0 ms 
739643     DEBUG Test worker     d.u.i.k.n.KeyIO           Load declarations of de.uka.ilkd.key.nparser.KeyAst$File:  <unknown>:1#1 
739643     INFO  Test worker     d.u.i.k.n.KeyIO           MODE: declarations took 0 ms 
739643     DEBUG Test worker     d.u.i.k.n.KeyIO           MODE: 2nd degree decls took 0 
]]></system-out>
  <system-err><![CDATA[]]></system-err>
</testsuite>
