<?xml version="1.0" encoding="UTF-8"?>
<testsuite name="de.uka.ilkd.key.logic.TestPosInOcc" tests="2" skipped="0" failures="0" errors="0" timestamp="2023-06-05T21:06:54" hostname="fv-az192-928" time="0.004">
  <properties/>
  <testcase name="testReplaceConstrainedFormula()" classname="de.uka.ilkd.key.logic.TestPosInOcc" time="0.0"/>
  <testcase name="testIterator()" classname="de.uka.ilkd.key.logic.TestPosInOcc" time="0.002"/>
  <system-out><![CDATA[]]></system-out>
  <system-err><![CDATA[]]></system-err>
</testsuite>
