<?xml version="1.0" encoding="UTF-8"?>
<testsuite name="de.uka.ilkd.key.logic.TestClashFreeSubst" tests="14" skipped="2" failures="0" errors="0" timestamp="2023-06-05T21:05:17" hostname="fv-az192-928" time="88.148">
  <properties/>
  <testcase name="testMultiShareBound()" classname="de.uka.ilkd.key.logic.TestClashFreeSubst" time="1.672"/>
  <testcase name="testClash()" classname="de.uka.ilkd.key.logic.TestClashFreeSubst" time="1.711"/>
  <testcase name="testShare()" classname="de.uka.ilkd.key.logic.TestClashFreeSubst" time="1.629"/>
  <testcase name="testSubst()" classname="de.uka.ilkd.key.logic.TestClashFreeSubst" time="1.605"/>
  <testcase name="testWary0()" classname="de.uka.ilkd.key.logic.TestClashFreeSubst" time="1.602"/>
  <testcase name="testWary1()" classname="de.uka.ilkd.key.logic.TestClashFreeSubst" time="1.623"/>
  <testcase name="testWary2()" classname="de.uka.ilkd.key.logic.TestClashFreeSubst" time="1.639"/>
  <testcase name="testClashInSubstTerm()" classname="de.uka.ilkd.key.logic.TestClashFreeSubst" time="1.618"/>
  <testcase name="testShareWary()" classname="de.uka.ilkd.key.logic.TestClashFreeSubst" time="1.662"/>
  <testcase name="testMultiSubst()" classname="de.uka.ilkd.key.logic.TestClashFreeSubst" time="1.663"/>
  <testcase name="xtestMultiClash()" classname="de.uka.ilkd.key.logic.TestClashFreeSubst" time="0.0">
    <skipped/>
  </testcase>
  <testcase name="testSubstInSubstTerm()" classname="de.uka.ilkd.key.logic.TestClashFreeSubst" time="1.586"/>
  <testcase name="testSubstWary()" classname="de.uka.ilkd.key.logic.TestClashFreeSubst" time="1.622"/>
  <testcase name="xtestMultiClash1()" classname="de.uka.ilkd.key.logic.TestClashFreeSubst" time="0.0">
    <skipped/>
  </testcase>
  <system-out><![CDATA[66832      INFO  Test worker     d.u.i.k.n.KeyIO           Parsing took 0 ms 
66832      DEBUG Test worker     d.u.i.k.n.KeyIO           Load declarations of de.uka.ilkd.key.nparser.KeyAst$File:  <unknown>:1#1 
66832      INFO  Test worker     d.u.i.k.n.KeyIO           MODE: declarations took 0 ms 
66832      DEBUG Test worker     d.u.i.k.n.KeyIO           MODE: 2nd degree decls took 0 
68489      INFO  Test worker     d.u.i.k.n.KeyIO           Parsing took 0 ms 
68489      DEBUG Test worker     d.u.i.k.n.KeyIO           Load declarations of de.uka.ilkd.key.nparser.KeyAst$File:  <unknown>:1#1 
68489      INFO  Test worker     d.u.i.k.n.KeyIO           MODE: declarations took 0 ms 
68489      DEBUG Test worker     d.u.i.k.n.KeyIO           MODE: 2nd degree decls took 0 
73867      INFO  Test worker     d.u.i.k.n.KeyIO           Parsing took 0 ms 
73867      DEBUG Test worker     d.u.i.k.n.KeyIO           Load declarations of de.uka.ilkd.key.nparser.KeyAst$File:  <unknown>:1#1 
73882      INFO  Test worker     d.u.i.k.n.KeyIO           MODE: declarations took 15 ms 
73882      DEBUG Test worker     d.u.i.k.n.KeyIO           MODE: 2nd degree decls took 0 
75571      INFO  Test worker     d.u.i.k.n.KeyIO           Parsing took 0 ms 
75571      DEBUG Test worker     d.u.i.k.n.KeyIO           Load declarations of de.uka.ilkd.key.nparser.KeyAst$File:  <unknown>:1#1 
75571      INFO  Test worker     d.u.i.k.n.KeyIO           MODE: declarations took 0 ms 
75571      DEBUG Test worker     d.u.i.k.n.KeyIO           MODE: 2nd degree decls took 0 
80933      INFO  Test worker     d.u.i.k.n.KeyIO           Parsing took 0 ms 
80933      DEBUG Test worker     d.u.i.k.n.KeyIO           Load declarations of de.uka.ilkd.key.nparser.KeyAst$File:  <unknown>:1#1 
80933      INFO  Test worker     d.u.i.k.n.KeyIO           MODE: declarations took 0 ms 
80933      DEBUG Test worker     d.u.i.k.n.KeyIO           MODE: 2nd degree decls took 0 
82559      INFO  Test worker     d.u.i.k.n.KeyIO           Parsing took 0 ms 
82559      DEBUG Test worker     d.u.i.k.n.KeyIO           Load declarations of de.uka.ilkd.key.nparser.KeyAst$File:  <unknown>:1#1 
82559      INFO  Test worker     d.u.i.k.n.KeyIO           MODE: declarations took 0 ms 
82559      DEBUG Test worker     d.u.i.k.n.KeyIO           MODE: 2nd degree decls took 0 
87906      INFO  Test worker     d.u.i.k.n.KeyIO           Parsing took 15 ms 
87906      DEBUG Test worker     d.u.i.k.n.KeyIO           Load declarations of de.uka.ilkd.key.nparser.KeyAst$File:  <unknown>:1#1 
87906      INFO  Test worker     d.u.i.k.n.KeyIO           MODE: declarations took 0 ms 
87906      DEBUG Test worker     d.u.i.k.n.KeyIO           MODE: 2nd degree decls took 0 
89500      INFO  Test worker     d.u.i.k.n.KeyIO           Parsing took 0 ms 
89500      DEBUG Test worker     d.u.i.k.n.KeyIO           Load declarations of de.uka.ilkd.key.nparser.KeyAst$File:  <unknown>:1#1 
89500      INFO  Test worker     d.u.i.k.n.KeyIO           MODE: declarations took 0 ms 
89500      DEBUG Test worker     d.u.i.k.n.KeyIO           MODE: 2nd degree decls took 0 
94849      INFO  Test worker     d.u.i.k.n.KeyIO           Parsing took 0 ms 
94849      DEBUG Test worker     d.u.i.k.n.KeyIO           Load declarations of de.uka.ilkd.key.nparser.KeyAst$File:  <unknown>:1#1 
94849      INFO  Test worker     d.u.i.k.n.KeyIO           MODE: declarations took 0 ms 
94849      DEBUG Test worker     d.u.i.k.n.KeyIO           MODE: 2nd degree decls took 0 
96442      INFO  Test worker     d.u.i.k.n.KeyIO           Parsing took 0 ms 
96442      DEBUG Test worker     d.u.i.k.n.KeyIO           Load declarations of de.uka.ilkd.key.nparser.KeyAst$File:  <unknown>:1#1 
96442      INFO  Test worker     d.u.i.k.n.KeyIO           MODE: declarations took 0 ms 
96442      DEBUG Test worker     d.u.i.k.n.KeyIO           MODE: 2nd degree decls took 0 
101791     INFO  Test worker     d.u.i.k.n.KeyIO           Parsing took 0 ms 
101791     DEBUG Test worker     d.u.i.k.n.KeyIO           Load declarations of de.uka.ilkd.key.nparser.KeyAst$File:  <unknown>:1#1 
101791     INFO  Test worker     d.u.i.k.n.KeyIO           MODE: declarations took 0 ms 
101791     DEBUG Test worker     d.u.i.k.n.KeyIO           MODE: 2nd degree decls took 0 
103401     INFO  Test worker     d.u.i.k.n.KeyIO           Parsing took 0 ms 
103401     DEBUG Test worker     d.u.i.k.n.KeyIO           Load declarations of de.uka.ilkd.key.nparser.KeyAst$File:  <unknown>:1#1 
103401     INFO  Test worker     d.u.i.k.n.KeyIO           MODE: declarations took 0 ms 
103401     DEBUG Test worker     d.u.i.k.n.KeyIO           MODE: 2nd degree decls took 0 
108592     INFO  Test worker     d.u.i.k.n.KeyIO           Parsing took 0 ms 
108592     DEBUG Test worker     d.u.i.k.n.KeyIO           Load declarations of de.uka.ilkd.key.nparser.KeyAst$File:  <unknown>:1#1 
108592     INFO  Test worker     d.u.i.k.n.KeyIO           MODE: declarations took 0 ms 
108592     DEBUG Test worker     d.u.i.k.n.KeyIO           MODE: 2nd degree decls took 0 
110219     INFO  Test worker     d.u.i.k.n.KeyIO           Parsing took 0 ms 
110219     DEBUG Test worker     d.u.i.k.n.KeyIO           Load declarations of de.uka.ilkd.key.nparser.KeyAst$File:  <unknown>:1#1 
110219     INFO  Test worker     d.u.i.k.n.KeyIO           MODE: declarations took 0 ms 
110219     DEBUG Test worker     d.u.i.k.n.KeyIO           MODE: 2nd degree decls took 0 
115503     INFO  Test worker     d.u.i.k.n.KeyIO           Parsing took 0 ms 
115503     DEBUG Test worker     d.u.i.k.n.KeyIO           Load declarations of de.uka.ilkd.key.nparser.KeyAst$File:  <unknown>:1#1 
115503     INFO  Test worker     d.u.i.k.n.KeyIO           MODE: declarations took 0 ms 
115503     DEBUG Test worker     d.u.i.k.n.KeyIO           MODE: 2nd degree decls took 0 
117114     INFO  Test worker     d.u.i.k.n.KeyIO           Parsing took 0 ms 
117114     DEBUG Test worker     d.u.i.k.n.KeyIO           Load declarations of de.uka.ilkd.key.nparser.KeyAst$File:  <unknown>:1#1 
117114     INFO  Test worker     d.u.i.k.n.KeyIO           MODE: declarations took 0 ms 
117114     DEBUG Test worker     d.u.i.k.n.KeyIO           MODE: 2nd degree decls took 0 
122367     INFO  Test worker     d.u.i.k.n.KeyIO           Parsing took 0 ms 
122367     DEBUG Test worker     d.u.i.k.n.KeyIO           Load declarations of de.uka.ilkd.key.nparser.KeyAst$File:  <unknown>:1#1 
122367     INFO  Test worker     d.u.i.k.n.KeyIO           MODE: declarations took 0 ms 
122367     DEBUG Test worker     d.u.i.k.n.KeyIO           MODE: 2nd degree decls took 0 
124025     INFO  Test worker     d.u.i.k.n.KeyIO           Parsing took 0 ms 
124025     DEBUG Test worker     d.u.i.k.n.KeyIO           Load declarations of de.uka.ilkd.key.nparser.KeyAst$File:  <unknown>:1#1 
124025     INFO  Test worker     d.u.i.k.n.KeyIO           MODE: declarations took 0 ms 
124025     DEBUG Test worker     d.u.i.k.n.KeyIO           MODE: 2nd degree decls took 0 
129387     INFO  Test worker     d.u.i.k.n.KeyIO           Parsing took 0 ms 
129387     DEBUG Test worker     d.u.i.k.n.KeyIO           Load declarations of de.uka.ilkd.key.nparser.KeyAst$File:  <unknown>:1#1 
129387     INFO  Test worker     d.u.i.k.n.KeyIO           MODE: declarations took 0 ms 
129387     DEBUG Test worker     d.u.i.k.n.KeyIO           MODE: 2nd degree decls took 0 
131029     INFO  Test worker     d.u.i.k.n.KeyIO           Parsing took 0 ms 
131029     DEBUG Test worker     d.u.i.k.n.KeyIO           Load declarations of de.uka.ilkd.key.nparser.KeyAst$File:  <unknown>:1#1 
131029     INFO  Test worker     d.u.i.k.n.KeyIO           MODE: declarations took 0 ms 
131045     DEBUG Test worker     d.u.i.k.n.KeyIO           MODE: 2nd degree decls took 0 
141550     INFO  Test worker     d.u.i.k.n.KeyIO           Parsing took 0 ms 
141550     DEBUG Test worker     d.u.i.k.n.KeyIO           Load declarations of de.uka.ilkd.key.nparser.KeyAst$File:  <unknown>:1#1 
141550     INFO  Test worker     d.u.i.k.n.KeyIO           MODE: declarations took 0 ms 
141550     DEBUG Test worker     d.u.i.k.n.KeyIO           MODE: 2nd degree decls took 0 
143129     INFO  Test worker     d.u.i.k.n.KeyIO           Parsing took 0 ms 
143129     DEBUG Test worker     d.u.i.k.n.KeyIO           Load declarations of de.uka.ilkd.key.nparser.KeyAst$File:  <unknown>:1#1 
143129     INFO  Test worker     d.u.i.k.n.KeyIO           MODE: declarations took 0 ms 
143129     DEBUG Test worker     d.u.i.k.n.KeyIO           MODE: 2nd degree decls took 0 
148241     INFO  Test worker     d.u.i.k.n.KeyIO           Parsing took 0 ms 
148241     DEBUG Test worker     d.u.i.k.n.KeyIO           Load declarations of de.uka.ilkd.key.nparser.KeyAst$File:  <unknown>:1#1 
148241     INFO  Test worker     d.u.i.k.n.KeyIO           MODE: declarations took 0 ms 
148241     DEBUG Test worker     d.u.i.k.n.KeyIO           MODE: 2nd degree decls took 0 
149836     INFO  Test worker     d.u.i.k.n.KeyIO           Parsing took 0 ms 
149836     DEBUG Test worker     d.u.i.k.n.KeyIO           Load declarations of de.uka.ilkd.key.nparser.KeyAst$File:  <unknown>:1#1 
149851     INFO  Test worker     d.u.i.k.n.KeyIO           MODE: declarations took 15 ms 
149851     DEBUG Test worker     d.u.i.k.n.KeyIO           MODE: 2nd degree decls took 0 
]]></system-out>
  <system-err><![CDATA[]]></system-err>
</testsuite>
