<?xml version="1.0" encoding="UTF-8"?>
<testsuite name="de.uka.ilkd.key.parser.TestDeclParser" tests="14" skipped="2" failures="0" errors="0" timestamp="2023-06-05T21:10:21" hostname="fv-az192-928" time="18.865">
  <properties/>
  <testcase name="testGenericSortDecl1()" classname="de.uka.ilkd.key.parser.TestDeclParser" time="1.7"/>
  <testcase name="testGenericSortDecl2()" classname="de.uka.ilkd.key.parser.TestDeclParser" time="1.56"/>
  <testcase name="testGenericSortDecl3()" classname="de.uka.ilkd.key.parser.TestDeclParser" time="1.537"/>
  <testcase name="testGenericSortDecl4()" classname="de.uka.ilkd.key.parser.TestDeclParser" time="1.543"/>
  <testcase name="testGenericSortDecl5()" classname="de.uka.ilkd.key.parser.TestDeclParser" time="0.0">
    <skipped/>
  </testcase>
  <testcase name="testGenericSortDecl6()" classname="de.uka.ilkd.key.parser.TestDeclParser" time="1.542"/>
  <testcase name="testSortDecl()" classname="de.uka.ilkd.key.parser.TestDeclParser" time="1.568"/>
  <testcase name="testProxySortDecl()" classname="de.uka.ilkd.key.parser.TestDeclParser" time="1.58"/>
  <testcase name="testArrayDecl()" classname="de.uka.ilkd.key.parser.TestDeclParser" time="1.577"/>
  <testcase name="testAmbiguousDecls()" classname="de.uka.ilkd.key.parser.TestDeclParser" time="0.0">
    <skipped/>
  </testcase>
  <testcase name="testHeurDecl()" classname="de.uka.ilkd.key.parser.TestDeclParser" time="1.554"/>
  <testcase name="testFunctionDecl()" classname="de.uka.ilkd.key.parser.TestDeclParser" time="1.572"/>
  <testcase name="testPredicateDecl()" classname="de.uka.ilkd.key.parser.TestDeclParser" time="1.603"/>
  <testcase name="testSVDecl()" classname="de.uka.ilkd.key.parser.TestDeclParser" time="1.526"/>
  <system-out><![CDATA[372578     INFO  Test worker     d.u.i.k.n.KeyIO           Parsing took 0 ms 
372578     DEBUG Test worker     d.u.i.k.n.KeyIO           Load declarations of de.uka.ilkd.key.nparser.KeyAst$File:  <unknown>:1#1 
372578     INFO  Test worker     d.u.i.k.n.KeyIO           MODE: declarations took 0 ms 
372578     DEBUG Test worker     d.u.i.k.n.KeyIO           MODE: 2nd degree decls took 0 
372578     DEBUG Test worker     d.u.i.k.n.KeyIO           MODE: taclets took 0ms 
374157     INFO  Test worker     d.u.i.k.n.KeyIO           Parsing took 0 ms 
374157     DEBUG Test worker     d.u.i.k.n.KeyIO           Load declarations of de.uka.ilkd.key.nparser.KeyAst$File:  <unknown>:1#1 
374157     INFO  Test worker     d.u.i.k.n.KeyIO           MODE: declarations took 0 ms 
374157     DEBUG Test worker     d.u.i.k.n.KeyIO           MODE: 2nd degree decls took 0 
374157     DEBUG Test worker     d.u.i.k.n.KeyIO           MODE: taclets took 0ms 
375705     INFO  Test worker     d.u.i.k.n.KeyIO           Parsing took 0 ms 
375705     DEBUG Test worker     d.u.i.k.n.KeyIO           Load declarations of de.uka.ilkd.key.nparser.KeyAst$File:  <unknown>:1#1 
375705     INFO  Test worker     d.u.i.k.n.KeyIO           MODE: declarations took 0 ms 
375705     DEBUG Test worker     d.u.i.k.n.KeyIO           MODE: 2nd degree decls took 0 
375705     DEBUG Test worker     d.u.i.k.n.KeyIO           MODE: taclets took 0ms 
377237     INFO  Test worker     d.u.i.k.n.KeyIO           Parsing took 0 ms 
377237     DEBUG Test worker     d.u.i.k.n.KeyIO           Load declarations of de.uka.ilkd.key.nparser.KeyAst$File:  <unknown>:1#1 
377237     INFO  Test worker     d.u.i.k.n.KeyIO           MODE: declarations took 0 ms 
377237     DEBUG Test worker     d.u.i.k.n.KeyIO           MODE: 2nd degree decls took 0 
377237     DEBUG Test worker     d.u.i.k.n.KeyIO           MODE: taclets took 0ms 
378785     INFO  Test worker     d.u.i.k.n.KeyIO           Parsing took 0 ms 
378785     DEBUG Test worker     d.u.i.k.n.KeyIO           Load declarations of de.uka.ilkd.key.nparser.KeyAst$File:  <unknown>:1#1 
378785     INFO  Test worker     d.u.i.k.n.KeyIO           MODE: declarations took 0 ms 
378785     DEBUG Test worker     d.u.i.k.n.KeyIO           MODE: 2nd degree decls took 0 
378785     DEBUG Test worker     d.u.i.k.n.KeyIO           MODE: taclets took 0ms 
380348     INFO  Test worker     d.u.i.k.n.KeyIO           Parsing took 0 ms 
380348     DEBUG Test worker     d.u.i.k.n.KeyIO           Load declarations of de.uka.ilkd.key.nparser.KeyAst$File:  <unknown>:1#1 
380348     INFO  Test worker     d.u.i.k.n.KeyIO           MODE: declarations took 0 ms 
380348     DEBUG Test worker     d.u.i.k.n.KeyIO           MODE: 2nd degree decls took 0 
380348     DEBUG Test worker     d.u.i.k.n.KeyIO           MODE: taclets took 0ms 
381927     INFO  Test worker     d.u.i.k.n.KeyIO           Parsing took 0 ms 
381927     DEBUG Test worker     d.u.i.k.n.KeyIO           Load declarations of de.uka.ilkd.key.nparser.KeyAst$File:  <unknown>:1#1 
381927     INFO  Test worker     d.u.i.k.n.KeyIO           MODE: declarations took 0 ms 
381927     DEBUG Test worker     d.u.i.k.n.KeyIO           MODE: 2nd degree decls took 0 
381927     DEBUG Test worker     d.u.i.k.n.KeyIO           MODE: taclets took 0ms 
383491     INFO  Test worker     d.u.i.k.n.KeyIO           Parsing took 0 ms 
383491     DEBUG Test worker     d.u.i.k.n.KeyIO           Load declarations of de.uka.ilkd.key.nparser.KeyAst$File:  <unknown>:1#1 
383491     INFO  Test worker     d.u.i.k.n.KeyIO           MODE: declarations took 0 ms 
383506     DEBUG Test worker     d.u.i.k.n.KeyIO           MODE: 2nd degree decls took 15 
383506     DEBUG Test worker     d.u.i.k.n.KeyIO           MODE: taclets took 0ms 
385054     INFO  Test worker     d.u.i.k.n.KeyIO           Parsing took 0 ms 
385054     DEBUG Test worker     d.u.i.k.n.KeyIO           Load declarations of de.uka.ilkd.key.nparser.KeyAst$File:  <unknown>:1#1 
385054     INFO  Test worker     d.u.i.k.n.KeyIO           MODE: declarations took 0 ms 
385054     DEBUG Test worker     d.u.i.k.n.KeyIO           MODE: 2nd degree decls took 0 
385054     DEBUG Test worker     d.u.i.k.n.KeyIO           MODE: taclets took 0ms 
386632     INFO  Test worker     d.u.i.k.n.KeyIO           Parsing took 0 ms 
386632     DEBUG Test worker     d.u.i.k.n.KeyIO           Load declarations of de.uka.ilkd.key.nparser.KeyAst$File:  <unknown>:1#1 
386632     INFO  Test worker     d.u.i.k.n.KeyIO           MODE: declarations took 0 ms 
386632     DEBUG Test worker     d.u.i.k.n.KeyIO           MODE: 2nd degree decls took 0 
386632     DEBUG Test worker     d.u.i.k.n.KeyIO           MODE: taclets took 0ms 
388229     INFO  Test worker     d.u.i.k.n.KeyIO           Parsing took 0 ms 
388229     DEBUG Test worker     d.u.i.k.n.KeyIO           Load declarations of de.uka.ilkd.key.nparser.KeyAst$File:  <unknown>:1#1 
388229     INFO  Test worker     d.u.i.k.n.KeyIO           MODE: declarations took 0 ms 
388229     DEBUG Test worker     d.u.i.k.n.KeyIO           MODE: 2nd degree decls took 0 
388229     DEBUG Test worker     d.u.i.k.n.KeyIO           MODE: taclets took 0ms 
389761     INFO  Test worker     d.u.i.k.n.KeyIO           Parsing took 0 ms 
389761     DEBUG Test worker     d.u.i.k.n.KeyIO           Load declarations of de.uka.ilkd.key.nparser.KeyAst$File:  <unknown>:1#1 
389761     INFO  Test worker     d.u.i.k.n.KeyIO           MODE: declarations took 0 ms 
389761     DEBUG Test worker     d.u.i.k.n.KeyIO           MODE: 2nd degree decls took 0 
389761     DEBUG Test worker     d.u.i.k.n.KeyIO           MODE: taclets took 0ms 
]]></system-out>
  <system-err><![CDATA[]]></system-err>
</testsuite>
