<?xml version="1.0" encoding="UTF-8"?>
<testsuite name="de.uka.ilkd.key.parser.TestTermParserHeap" tests="39" skipped="0" failures="0" errors="0" timestamp="2023-06-05T21:13:07" hostname="fv-az192-928" time="192.689">
  <properties/>
  <testcase name="testBracketHeapUpdate()" classname="de.uka.ilkd.key.parser.TestTermParserHeap" time="0.037"/>
  <testcase name="testStore()" classname="de.uka.ilkd.key.parser.TestTermParserHeap" time="0.015"/>
  <testcase name="testUnknownConstant()" classname="de.uka.ilkd.key.parser.TestTermParserHeap" time="0.011"/>
  <testcase name="testAllFieldsSelector()" classname="de.uka.ilkd.key.parser.TestTermParserHeap" time="0.005"/>
  <testcase name="testParsePrettyPrintedSelect()" classname="de.uka.ilkd.key.parser.TestTermParserHeap" time="0.005"/>
  <testcase name="testAccessStaticMembers()" classname="de.uka.ilkd.key.parser.TestTermParserHeap" time="0.016"/>
  <testcase name="testAtOperator_1()" classname="de.uka.ilkd.key.parser.TestTermParserHeap" time="0.004"/>
  <testcase name="testAtOperator_2()" classname="de.uka.ilkd.key.parser.TestTermParserHeap" time="0.004"/>
  <testcase name="testAtOperator_3()" classname="de.uka.ilkd.key.parser.TestTermParserHeap" time="0.005"/>
  <testcase name="testAtOperator_4()" classname="de.uka.ilkd.key.parser.TestTermParserHeap" time="0.01"/>
  <testcase name="testAtOperator_5()" classname="de.uka.ilkd.key.parser.TestTermParserHeap" time="0.005"/>
  <testcase name="testAtOperator_6()" classname="de.uka.ilkd.key.parser.TestTermParserHeap" time="0.009"/>
  <testcase name="testAtOperator_7()" classname="de.uka.ilkd.key.parser.TestTermParserHeap" time="0.005"/>
  <testcase name="testAtOperator_8()" classname="de.uka.ilkd.key.parser.TestTermParserHeap" time="0.01"/>
  <testcase name="testVerifyExceptionIfAtOperatorNotPreceededBySelectTerm()" classname="de.uka.ilkd.key.parser.TestTermParserHeap" time="0.014"/>
  <testcase name="testBugResettingCounter()" classname="de.uka.ilkd.key.parser.TestTermParserHeap" time="0.005"/>
  <testcase name="testLocationSets()" classname="de.uka.ilkd.key.parser.TestTermParserHeap" time="0.006"/>
  <testcase name="testQuantifiedSelect()" classname="de.uka.ilkd.key.parser.TestTermParserHeap" time="0.006"/>
  <testcase name="testGenericObjectProperties()" classname="de.uka.ilkd.key.parser.TestTermParserHeap" time="0.006"/>
  <testcase name="testQueryInheritance_1()" classname="de.uka.ilkd.key.parser.TestTermParserHeap" time="0.003"/>
  <testcase name="testQueryInheritance_2()" classname="de.uka.ilkd.key.parser.TestTermParserHeap" time="0.009"/>
  <testcase name="testQueryInheritance_3()" classname="de.uka.ilkd.key.parser.TestTermParserHeap" time="0.005"/>
  <testcase name="testQueryInheritance_4()" classname="de.uka.ilkd.key.parser.TestTermParserHeap" time="0.004"/>
  <testcase name="testQueryInheritance_5()" classname="de.uka.ilkd.key.parser.TestTermParserHeap" time="0.005"/>
  <testcase name="testQueryInheritance_6()" classname="de.uka.ilkd.key.parser.TestTermParserHeap" time="0.005"/>
  <testcase name="testQueryInheritance_7()" classname="de.uka.ilkd.key.parser.TestTermParserHeap" time="0.004"/>
  <testcase name="testQueryInheritance_8()" classname="de.uka.ilkd.key.parser.TestTermParserHeap" time="0.006"/>
  <testcase name="testQueryInheritance_9()" classname="de.uka.ilkd.key.parser.TestTermParserHeap" time="0.006"/>
  <testcase name="testQueryBasic_10()" classname="de.uka.ilkd.key.parser.TestTermParserHeap" time="0.005"/>
  <testcase name="testQueryBasic_11()" classname="de.uka.ilkd.key.parser.TestTermParserHeap" time="0.006"/>
  <testcase name="testQueryBasic_1()" classname="de.uka.ilkd.key.parser.TestTermParserHeap" time="0.002"/>
  <testcase name="testQueryBasic_2()" classname="de.uka.ilkd.key.parser.TestTermParserHeap" time="0.005"/>
  <testcase name="testQueryBasic_3()" classname="de.uka.ilkd.key.parser.TestTermParserHeap" time="0.011"/>
  <testcase name="testQueryBasic_4()" classname="de.uka.ilkd.key.parser.TestTermParserHeap" time="0.007"/>
  <testcase name="testQueryBasic_5()" classname="de.uka.ilkd.key.parser.TestTermParserHeap" time="0.002"/>
  <testcase name="testQueryBasic_6()" classname="de.uka.ilkd.key.parser.TestTermParserHeap" time="0.007"/>
  <testcase name="testQueryBasic_7()" classname="de.uka.ilkd.key.parser.TestTermParserHeap" time="0.005"/>
  <testcase name="testQueryBasic_8()" classname="de.uka.ilkd.key.parser.TestTermParserHeap" time="0.005"/>
  <testcase name="testQueryBasic_9()" classname="de.uka.ilkd.key.parser.TestTermParserHeap" time="0.005"/>
  <system-out><![CDATA[536842     INFO  Test worker     d.u.i.k.n.KeyIO           Parsing took 0 ms 
536842     DEBUG Test worker     d.u.i.k.n.KeyIO           Load declarations of de.uka.ilkd.key.nparser.KeyAst$File:  <unknown>:1#1 
536842     INFO  Test worker     d.u.i.k.n.KeyIO           MODE: declarations took 0 ms 
536858     DEBUG Test worker     d.u.i.k.n.KeyIO           MODE: 2nd degree decls took 0 
536858     INFO  Test worker     d.u.i.k.n.KeyIO           Parsing took 0 ms 
536858     DEBUG Test worker     d.u.i.k.n.KeyIO           Load declarations of de.uka.ilkd.key.nparser.KeyAst$File:  <unknown>:1#1 
536858     INFO  Test worker     d.u.i.k.n.KeyIO           MODE: declarations took 0 ms 
536858     DEBUG Test worker     d.u.i.k.n.KeyIO           MODE: 2nd degree decls took 0 
536858     INFO  Test worker     d.u.i.k.n.KeyIO           Parsing took 0 ms 
536858     DEBUG Test worker     d.u.i.k.n.KeyIO           Load declarations of de.uka.ilkd.key.nparser.KeyAst$File:  <unknown>:1#1 
536858     INFO  Test worker     d.u.i.k.n.KeyIO           MODE: declarations took 0 ms 
536858     DEBUG Test worker     d.u.i.k.n.KeyIO           MODE: 2nd degree decls took 0 
536858     INFO  Test worker     d.u.i.k.n.KeyIO           Parsing took 0 ms 
536858     DEBUG Test worker     d.u.i.k.n.KeyIO           Load declarations of de.uka.ilkd.key.nparser.KeyAst$File:  <unknown>:1#1 
536858     INFO  Test worker     d.u.i.k.n.KeyIO           MODE: declarations took 0 ms 
536858     DEBUG Test worker     d.u.i.k.n.KeyIO           MODE: 2nd degree decls took 0 
536858     INFO  Test worker     d.u.i.k.n.KeyIO           Parsing took 0 ms 
536858     DEBUG Test worker     d.u.i.k.n.KeyIO           Load declarations of de.uka.ilkd.key.nparser.KeyAst$File:  <unknown>:1#1 
536858     INFO  Test worker     d.u.i.k.n.KeyIO           MODE: declarations took 0 ms 
536858     DEBUG Test worker     d.u.i.k.n.KeyIO           MODE: 2nd degree decls took 0 
542080     INFO  Test worker     d.u.i.k.n.KeyIO           Parsing took 0 ms 
542080     DEBUG Test worker     d.u.i.k.n.KeyIO           Load declarations of de.uka.ilkd.key.nparser.KeyAst$File:  <unknown>:1#1 
542080     INFO  Test worker     d.u.i.k.n.KeyIO           MODE: declarations took 0 ms 
542080     DEBUG Test worker     d.u.i.k.n.KeyIO           MODE: 2nd degree decls took 0 
542080     INFO  Test worker     d.u.i.k.n.KeyIO           Parsing took 0 ms 
542080     DEBUG Test worker     d.u.i.k.n.KeyIO           Load declarations of de.uka.ilkd.key.nparser.KeyAst$File:  <unknown>:1#1 
542080     INFO  Test worker     d.u.i.k.n.KeyIO           MODE: declarations took 0 ms 
542080     DEBUG Test worker     d.u.i.k.n.KeyIO           MODE: 2nd degree decls took 0 
542080     INFO  Test worker     d.u.i.k.n.KeyIO           Parsing took 0 ms 
542080     DEBUG Test worker     d.u.i.k.n.KeyIO           Load declarations of de.uka.ilkd.key.nparser.KeyAst$File:  <unknown>:1#1 
542080     INFO  Test worker     d.u.i.k.n.KeyIO           MODE: declarations took 0 ms 
542080     DEBUG Test worker     d.u.i.k.n.KeyIO           MODE: 2nd degree decls took 0 
542080     INFO  Test worker     d.u.i.k.n.KeyIO           Parsing took 0 ms 
542080     DEBUG Test worker     d.u.i.k.n.KeyIO           Load declarations of de.uka.ilkd.key.nparser.KeyAst$File:  <unknown>:1#1 
542080     INFO  Test worker     d.u.i.k.n.KeyIO           MODE: declarations took 0 ms 
542080     DEBUG Test worker     d.u.i.k.n.KeyIO           MODE: 2nd degree decls took 0 
542080     INFO  Test worker     d.u.i.k.n.KeyIO           Parsing took 0 ms 
542080     DEBUG Test worker     d.u.i.k.n.KeyIO           Load declarations of de.uka.ilkd.key.nparser.KeyAst$File:  <unknown>:1#1 
542080     INFO  Test worker     d.u.i.k.n.KeyIO           MODE: declarations took 0 ms 
542080     DEBUG Test worker     d.u.i.k.n.KeyIO           MODE: 2nd degree decls took 0 
547240     INFO  Test worker     d.u.i.k.n.KeyIO           Parsing took 0 ms 
547240     DEBUG Test worker     d.u.i.k.n.KeyIO           Load declarations of de.uka.ilkd.key.nparser.KeyAst$File:  <unknown>:1#1 
547240     INFO  Test worker     d.u.i.k.n.KeyIO           MODE: declarations took 0 ms 
547255     DEBUG Test worker     d.u.i.k.n.KeyIO           MODE: 2nd degree decls took 0 
547255     INFO  Test worker     d.u.i.k.n.KeyIO           Parsing took 0 ms 
547255     DEBUG Test worker     d.u.i.k.n.KeyIO           Load declarations of de.uka.ilkd.key.nparser.KeyAst$File:  <unknown>:1#1 
547255     INFO  Test worker     d.u.i.k.n.KeyIO           MODE: declarations took 0 ms 
547255     DEBUG Test worker     d.u.i.k.n.KeyIO           MODE: 2nd degree decls took 0 
547255     INFO  Test worker     d.u.i.k.n.KeyIO           Parsing took 0 ms 
547255     DEBUG Test worker     d.u.i.k.n.KeyIO           Load declarations of de.uka.ilkd.key.nparser.KeyAst$File:  <unknown>:1#1 
547255     INFO  Test worker     d.u.i.k.n.KeyIO           MODE: declarations took 0 ms 
547255     DEBUG Test worker     d.u.i.k.n.KeyIO           MODE: 2nd degree decls took 0 
547255     INFO  Test worker     d.u.i.k.n.KeyIO           Parsing took 0 ms 
547255     DEBUG Test worker     d.u.i.k.n.KeyIO           Load declarations of de.uka.ilkd.key.nparser.KeyAst$File:  <unknown>:1#1 
547255     INFO  Test worker     d.u.i.k.n.KeyIO           MODE: declarations took 0 ms 
547255     DEBUG Test worker     d.u.i.k.n.KeyIO           MODE: 2nd degree decls took 0 
547255     INFO  Test worker     d.u.i.k.n.KeyIO           Parsing took 0 ms 
547255     DEBUG Test worker     d.u.i.k.n.KeyIO           Load declarations of de.uka.ilkd.key.nparser.KeyAst$File:  <unknown>:1#1 
547255     INFO  Test worker     d.u.i.k.n.KeyIO           MODE: declarations took 0 ms 
547255     DEBUG Test worker     d.u.i.k.n.KeyIO           MODE: 2nd degree decls took 0 
547255     INFO  Test worker     d.u.i.k.n.KeyIO           Parsing took 0 ms 
547255     DEBUG Test worker     d.u.i.k.n.KeyIO           Load declarations of de.uka.ilkd.key.nparser.KeyAst$File:  <unknown>:1#1 
547255     INFO  Test worker     d.u.i.k.n.KeyIO           MODE: declarations took 0 ms 
547255     DEBUG Test worker     d.u.i.k.n.KeyIO           MODE: 2nd degree decls took 0 
552476     INFO  Test worker     d.u.i.k.n.KeyIO           Parsing took 0 ms 
552476     DEBUG Test worker     d.u.i.k.n.KeyIO           Load declarations of de.uka.ilkd.key.nparser.KeyAst$File:  <unknown>:1#1 
552476     INFO  Test worker     d.u.i.k.n.KeyIO           MODE: declarations took 0 ms 
552476     DEBUG Test worker     d.u.i.k.n.KeyIO           MODE: 2nd degree decls took 0 
552476     INFO  Test worker     d.u.i.k.n.KeyIO           Parsing took 0 ms 
552476     DEBUG Test worker     d.u.i.k.n.KeyIO           Load declarations of de.uka.ilkd.key.nparser.KeyAst$File:  <unknown>:1#1 
552476     INFO  Test worker     d.u.i.k.n.KeyIO           MODE: declarations took 0 ms 
552476     DEBUG Test worker     d.u.i.k.n.KeyIO           MODE: 2nd degree decls took 0 
552476     INFO  Test worker     d.u.i.k.n.KeyIO           Parsing took 0 ms 
552476     DEBUG Test worker     d.u.i.k.n.KeyIO           Load declarations of de.uka.ilkd.key.nparser.KeyAst$File:  <unknown>:1#1 
552476     INFO  Test worker     d.u.i.k.n.KeyIO           MODE: declarations took 0 ms 
552476     DEBUG Test worker     d.u.i.k.n.KeyIO           MODE: 2nd degree decls took 0 
552476     INFO  Test worker     d.u.i.k.n.KeyIO           Parsing took 0 ms 
552476     DEBUG Test worker     d.u.i.k.n.KeyIO           Load declarations of de.uka.ilkd.key.nparser.KeyAst$File:  <unknown>:1#1 
552476     INFO  Test worker     d.u.i.k.n.KeyIO           MODE: declarations took 0 ms 
552476     DEBUG Test worker     d.u.i.k.n.KeyIO           MODE: 2nd degree decls took 0 
552476     INFO  Test worker     d.u.i.k.n.KeyIO           Parsing took 0 ms 
552476     DEBUG Test worker     d.u.i.k.n.KeyIO           Load declarations of de.uka.ilkd.key.nparser.KeyAst$File:  <unknown>:1#1 
552476     INFO  Test worker     d.u.i.k.n.KeyIO           MODE: declarations took 0 ms 
552476     DEBUG Test worker     d.u.i.k.n.KeyIO           MODE: 2nd degree decls took 0 
557682     INFO  Test worker     d.u.i.k.n.KeyIO           Parsing took 0 ms 
557682     DEBUG Test worker     d.u.i.k.n.KeyIO           Load declarations of de.uka.ilkd.key.nparser.KeyAst$File:  <unknown>:1#1 
557682     INFO  Test worker     d.u.i.k.n.KeyIO           MODE: declarations took 0 ms 
557682     DEBUG Test worker     d.u.i.k.n.KeyIO           MODE: 2nd degree decls took 0 
557682     INFO  Test worker     d.u.i.k.n.KeyIO           Parsing took 0 ms 
557682     DEBUG Test worker     d.u.i.k.n.KeyIO           Load declarations of de.uka.ilkd.key.nparser.KeyAst$File:  <unknown>:1#1 
557682     INFO  Test worker     d.u.i.k.n.KeyIO           MODE: declarations took 0 ms 
557682     DEBUG Test worker     d.u.i.k.n.KeyIO           MODE: 2nd degree decls took 0 
557682     INFO  Test worker     d.u.i.k.n.KeyIO           Parsing took 0 ms 
557682     DEBUG Test worker     d.u.i.k.n.KeyIO           Load declarations of de.uka.ilkd.key.nparser.KeyAst$File:  <unknown>:1#1 
557682     INFO  Test worker     d.u.i.k.n.KeyIO           MODE: declarations took 0 ms 
557682     DEBUG Test worker     d.u.i.k.n.KeyIO           MODE: 2nd degree decls took 0 
557682     INFO  Test worker     d.u.i.k.n.KeyIO           Parsing took 0 ms 
557682     DEBUG Test worker     d.u.i.k.n.KeyIO           Load declarations of de.uka.ilkd.key.nparser.KeyAst$File:  <unknown>:1#1 
557682     INFO  Test worker     d.u.i.k.n.KeyIO           MODE: declarations took 0 ms 
557682     DEBUG Test worker     d.u.i.k.n.KeyIO           MODE: 2nd degree decls took 0 
557682     INFO  Test worker     d.u.i.k.n.KeyIO           Parsing took 0 ms 
557682     DEBUG Test worker     d.u.i.k.n.KeyIO           Load declarations of de.uka.ilkd.key.nparser.KeyAst$File:  <unknown>:1#1 
557682     INFO  Test worker     d.u.i.k.n.KeyIO           MODE: declarations took 0 ms 
557682     DEBUG Test worker     d.u.i.k.n.KeyIO           MODE: 2nd degree decls took 0 
562747     INFO  Test worker     d.u.i.k.n.KeyIO           Parsing took 0 ms 
562747     DEBUG Test worker     d.u.i.k.n.KeyIO           Load declarations of de.uka.ilkd.key.nparser.KeyAst$File:  <unknown>:1#1 
562747     INFO  Test worker     d.u.i.k.n.KeyIO           MODE: declarations took 0 ms 
562747     DEBUG Test worker     d.u.i.k.n.KeyIO           MODE: 2nd degree decls took 0 
562747     INFO  Test worker     d.u.i.k.n.KeyIO           Parsing took 0 ms 
562747     DEBUG Test worker     d.u.i.k.n.KeyIO           Load declarations of de.uka.ilkd.key.nparser.KeyAst$File:  <unknown>:1#1 
562747     INFO  Test worker     d.u.i.k.n.KeyIO           MODE: declarations took 0 ms 
562747     DEBUG Test worker     d.u.i.k.n.KeyIO           MODE: 2nd degree decls took 0 
562747     INFO  Test worker     d.u.i.k.n.KeyIO           Parsing took 0 ms 
562747     DEBUG Test worker     d.u.i.k.n.KeyIO           Load declarations of de.uka.ilkd.key.nparser.KeyAst$File:  <unknown>:1#1 
562747     INFO  Test worker     d.u.i.k.n.KeyIO           MODE: declarations took 0 ms 
562747     DEBUG Test worker     d.u.i.k.n.KeyIO           MODE: 2nd degree decls took 0 
562747     INFO  Test worker     d.u.i.k.n.KeyIO           Parsing took 0 ms 
562747     DEBUG Test worker     d.u.i.k.n.KeyIO           Load declarations of de.uka.ilkd.key.nparser.KeyAst$File:  <unknown>:1#1 
562747     INFO  Test worker     d.u.i.k.n.KeyIO           MODE: declarations took 0 ms 
562747     DEBUG Test worker     d.u.i.k.n.KeyIO           MODE: 2nd degree decls took 0 
562747     INFO  Test worker     d.u.i.k.n.KeyIO           Parsing took 0 ms 
562747     DEBUG Test worker     d.u.i.k.n.KeyIO           Load declarations of de.uka.ilkd.key.nparser.KeyAst$File:  <unknown>:1#1 
562747     INFO  Test worker     d.u.i.k.n.KeyIO           MODE: declarations took 0 ms 
562747     DEBUG Test worker     d.u.i.k.n.KeyIO           MODE: 2nd degree decls took 0 
567782     INFO  Test worker     d.u.i.k.n.KeyIO           Parsing took 0 ms 
567782     DEBUG Test worker     d.u.i.k.n.KeyIO           Load declarations of de.uka.ilkd.key.nparser.KeyAst$File:  <unknown>:1#1 
567782     INFO  Test worker     d.u.i.k.n.KeyIO           MODE: declarations took 0 ms 
567782     DEBUG Test worker     d.u.i.k.n.KeyIO           MODE: 2nd degree decls took 0 
567782     INFO  Test worker     d.u.i.k.n.KeyIO           Parsing took 0 ms 
567782     DEBUG Test worker     d.u.i.k.n.KeyIO           Load declarations of de.uka.ilkd.key.nparser.KeyAst$File:  <unknown>:1#1 
567782     INFO  Test worker     d.u.i.k.n.KeyIO           MODE: declarations took 0 ms 
567782     DEBUG Test worker     d.u.i.k.n.KeyIO           MODE: 2nd degree decls took 0 
567782     INFO  Test worker     d.u.i.k.n.KeyIO           Parsing took 0 ms 
567782     DEBUG Test worker     d.u.i.k.n.KeyIO           Load declarations of de.uka.ilkd.key.nparser.KeyAst$File:  <unknown>:1#1 
567782     INFO  Test worker     d.u.i.k.n.KeyIO           MODE: declarations took 0 ms 
567782     DEBUG Test worker     d.u.i.k.n.KeyIO           MODE: 2nd degree decls took 0 
567782     INFO  Test worker     d.u.i.k.n.KeyIO           Parsing took 0 ms 
567782     DEBUG Test worker     d.u.i.k.n.KeyIO           Load declarations of de.uka.ilkd.key.nparser.KeyAst$File:  <unknown>:1#1 
567782     INFO  Test worker     d.u.i.k.n.KeyIO           MODE: declarations took 0 ms 
567782     DEBUG Test worker     d.u.i.k.n.KeyIO           MODE: 2nd degree decls took 0 
567782     INFO  Test worker     d.u.i.k.n.KeyIO           Parsing took 0 ms 
567782     DEBUG Test worker     d.u.i.k.n.KeyIO           Load declarations of de.uka.ilkd.key.nparser.KeyAst$File:  <unknown>:1#1 
567782     INFO  Test worker     d.u.i.k.n.KeyIO           MODE: declarations took 0 ms 
567782     DEBUG Test worker     d.u.i.k.n.KeyIO           MODE: 2nd degree decls took 0 
572926     INFO  Test worker     d.u.i.k.n.KeyIO           Parsing took 0 ms 
572926     DEBUG Test worker     d.u.i.k.n.KeyIO           Load declarations of de.uka.ilkd.key.nparser.KeyAst$File:  <unknown>:1#1 
572926     INFO  Test worker     d.u.i.k.n.KeyIO           MODE: declarations took 0 ms 
572926     DEBUG Test worker     d.u.i.k.n.KeyIO           MODE: 2nd degree decls took 0 
572926     INFO  Test worker     d.u.i.k.n.KeyIO           Parsing took 0 ms 
572926     DEBUG Test worker     d.u.i.k.n.KeyIO           Load declarations of de.uka.ilkd.key.nparser.KeyAst$File:  <unknown>:1#1 
572926     INFO  Test worker     d.u.i.k.n.KeyIO           MODE: declarations took 0 ms 
572926     DEBUG Test worker     d.u.i.k.n.KeyIO           MODE: 2nd degree decls took 0 
572926     INFO  Test worker     d.u.i.k.n.KeyIO           Parsing took 0 ms 
572926     DEBUG Test worker     d.u.i.k.n.KeyIO           Load declarations of de.uka.ilkd.key.nparser.KeyAst$File:  <unknown>:1#1 
572926     INFO  Test worker     d.u.i.k.n.KeyIO           MODE: declarations took 0 ms 
572926     DEBUG Test worker     d.u.i.k.n.KeyIO           MODE: 2nd degree decls took 0 
572926     INFO  Test worker     d.u.i.k.n.KeyIO           Parsing took 0 ms 
572926     DEBUG Test worker     d.u.i.k.n.KeyIO           Load declarations of de.uka.ilkd.key.nparser.KeyAst$File:  <unknown>:1#1 
572926     INFO  Test worker     d.u.i.k.n.KeyIO           MODE: declarations took 0 ms 
572926     DEBUG Test worker     d.u.i.k.n.KeyIO           MODE: 2nd degree decls took 0 
572926     INFO  Test worker     d.u.i.k.n.KeyIO           Parsing took 0 ms 
572926     DEBUG Test worker     d.u.i.k.n.KeyIO           Load declarations of de.uka.ilkd.key.nparser.KeyAst$File:  <unknown>:1#1 
572926     INFO  Test worker     d.u.i.k.n.KeyIO           MODE: declarations took 0 ms 
572926     DEBUG Test worker     d.u.i.k.n.KeyIO           MODE: 2nd degree decls took 0 
577930     INFO  Test worker     d.u.i.k.n.KeyIO           Parsing took 0 ms 
577930     DEBUG Test worker     d.u.i.k.n.KeyIO           Load declarations of de.uka.ilkd.key.nparser.KeyAst$File:  <unknown>:1#1 
577930     INFO  Test worker     d.u.i.k.n.KeyIO           MODE: declarations took 0 ms 
577930     DEBUG Test worker     d.u.i.k.n.KeyIO           MODE: 2nd degree decls took 0 
577930     INFO  Test worker     d.u.i.k.n.KeyIO           Parsing took 0 ms 
577930     DEBUG Test worker     d.u.i.k.n.KeyIO           Load declarations of de.uka.ilkd.key.nparser.KeyAst$File:  <unknown>:1#1 
577930     INFO  Test worker     d.u.i.k.n.KeyIO           MODE: declarations took 0 ms 
577930     DEBUG Test worker     d.u.i.k.n.KeyIO           MODE: 2nd degree decls took 0 
577930     INFO  Test worker     d.u.i.k.n.KeyIO           Parsing took 0 ms 
577930     DEBUG Test worker     d.u.i.k.n.KeyIO           Load declarations of de.uka.ilkd.key.nparser.KeyAst$File:  <unknown>:1#1 
577930     INFO  Test worker     d.u.i.k.n.KeyIO           MODE: declarations took 0 ms 
577930     DEBUG Test worker     d.u.i.k.n.KeyIO           MODE: 2nd degree decls took 0 
577930     INFO  Test worker     d.u.i.k.n.KeyIO           Parsing took 0 ms 
577930     DEBUG Test worker     d.u.i.k.n.KeyIO           Load declarations of de.uka.ilkd.key.nparser.KeyAst$File:  <unknown>:1#1 
577930     INFO  Test worker     d.u.i.k.n.KeyIO           MODE: declarations took 0 ms 
577930     DEBUG Test worker     d.u.i.k.n.KeyIO           MODE: 2nd degree decls took 0 
577930     INFO  Test worker     d.u.i.k.n.KeyIO           Parsing took 0 ms 
577930     DEBUG Test worker     d.u.i.k.n.KeyIO           Load declarations of de.uka.ilkd.key.nparser.KeyAst$File:  <unknown>:1#1 
577930     INFO  Test worker     d.u.i.k.n.KeyIO           MODE: declarations took 0 ms 
577930     DEBUG Test worker     d.u.i.k.n.KeyIO           MODE: 2nd degree decls took 0 
583011     INFO  Test worker     d.u.i.k.n.KeyIO           Parsing took 0 ms 
583011     DEBUG Test worker     d.u.i.k.n.KeyIO           Load declarations of de.uka.ilkd.key.nparser.KeyAst$File:  <unknown>:1#1 
583011     INFO  Test worker     d.u.i.k.n.KeyIO           MODE: declarations took 0 ms 
583011     DEBUG Test worker     d.u.i.k.n.KeyIO           MODE: 2nd degree decls took 0 
583011     INFO  Test worker     d.u.i.k.n.KeyIO           Parsing took 0 ms 
583011     DEBUG Test worker     d.u.i.k.n.KeyIO           Load declarations of de.uka.ilkd.key.nparser.KeyAst$File:  <unknown>:1#1 
583011     INFO  Test worker     d.u.i.k.n.KeyIO           MODE: declarations took 0 ms 
583011     DEBUG Test worker     d.u.i.k.n.KeyIO           MODE: 2nd degree decls took 0 
583011     INFO  Test worker     d.u.i.k.n.KeyIO           Parsing took 0 ms 
583011     DEBUG Test worker     d.u.i.k.n.KeyIO           Load declarations of de.uka.ilkd.key.nparser.KeyAst$File:  <unknown>:1#1 
583011     INFO  Test worker     d.u.i.k.n.KeyIO           MODE: declarations took 0 ms 
583011     DEBUG Test worker     d.u.i.k.n.KeyIO           MODE: 2nd degree decls took 0 
583011     INFO  Test worker     d.u.i.k.n.KeyIO           Parsing took 0 ms 
583011     DEBUG Test worker     d.u.i.k.n.KeyIO           Load declarations of de.uka.ilkd.key.nparser.KeyAst$File:  <unknown>:1#1 
583011     INFO  Test worker     d.u.i.k.n.KeyIO           MODE: declarations took 0 ms 
583011     DEBUG Test worker     d.u.i.k.n.KeyIO           MODE: 2nd degree decls took 0 
583011     INFO  Test worker     d.u.i.k.n.KeyIO           Parsing took 0 ms 
583011     DEBUG Test worker     d.u.i.k.n.KeyIO           Load declarations of de.uka.ilkd.key.nparser.KeyAst$File:  <unknown>:1#1 
583011     INFO  Test worker     d.u.i.k.n.KeyIO           MODE: declarations took 0 ms 
583011     DEBUG Test worker     d.u.i.k.n.KeyIO           MODE: 2nd degree decls took 0 
588031     INFO  Test worker     d.u.i.k.n.KeyIO           Parsing took 0 ms 
588031     DEBUG Test worker     d.u.i.k.n.KeyIO           Load declarations of de.uka.ilkd.key.nparser.KeyAst$File:  <unknown>:1#1 
588031     INFO  Test worker     d.u.i.k.n.KeyIO           MODE: declarations took 0 ms 
588031     DEBUG Test worker     d.u.i.k.n.KeyIO           MODE: 2nd degree decls took 0 
588031     INFO  Test worker     d.u.i.k.n.KeyIO           Parsing took 0 ms 
588031     DEBUG Test worker     d.u.i.k.n.KeyIO           Load declarations of de.uka.ilkd.key.nparser.KeyAst$File:  <unknown>:1#1 
588031     INFO  Test worker     d.u.i.k.n.KeyIO           MODE: declarations took 0 ms 
588031     DEBUG Test worker     d.u.i.k.n.KeyIO           MODE: 2nd degree decls took 0 
588031     INFO  Test worker     d.u.i.k.n.KeyIO           Parsing took 0 ms 
588031     DEBUG Test worker     d.u.i.k.n.KeyIO           Load declarations of de.uka.ilkd.key.nparser.KeyAst$File:  <unknown>:1#1 
588031     INFO  Test worker     d.u.i.k.n.KeyIO           MODE: declarations took 0 ms 
588031     DEBUG Test worker     d.u.i.k.n.KeyIO           MODE: 2nd degree decls took 0 
588031     INFO  Test worker     d.u.i.k.n.KeyIO           Parsing took 0 ms 
588031     DEBUG Test worker     d.u.i.k.n.KeyIO           Load declarations of de.uka.ilkd.key.nparser.KeyAst$File:  <unknown>:1#1 
588031     INFO  Test worker     d.u.i.k.n.KeyIO           MODE: declarations took 0 ms 
588031     DEBUG Test worker     d.u.i.k.n.KeyIO           MODE: 2nd degree decls took 0 
588031     INFO  Test worker     d.u.i.k.n.KeyIO           Parsing took 0 ms 
588031     DEBUG Test worker     d.u.i.k.n.KeyIO           Load declarations of de.uka.ilkd.key.nparser.KeyAst$File:  <unknown>:1#1 
588031     INFO  Test worker     d.u.i.k.n.KeyIO           MODE: declarations took 0 ms 
588031     DEBUG Test worker     d.u.i.k.n.KeyIO           MODE: 2nd degree decls took 0 
593081     INFO  Test worker     d.u.i.k.n.KeyIO           Parsing took 0 ms 
593081     DEBUG Test worker     d.u.i.k.n.KeyIO           Load declarations of de.uka.ilkd.key.nparser.KeyAst$File:  <unknown>:1#1 
593081     INFO  Test worker     d.u.i.k.n.KeyIO           MODE: declarations took 0 ms 
593081     DEBUG Test worker     d.u.i.k.n.KeyIO           MODE: 2nd degree decls took 0 
593081     INFO  Test worker     d.u.i.k.n.KeyIO           Parsing took 0 ms 
593081     DEBUG Test worker     d.u.i.k.n.KeyIO           Load declarations of de.uka.ilkd.key.nparser.KeyAst$File:  <unknown>:1#1 
593081     INFO  Test worker     d.u.i.k.n.KeyIO           MODE: declarations took 0 ms 
593081     DEBUG Test worker     d.u.i.k.n.KeyIO           MODE: 2nd degree decls took 0 
593081     INFO  Test worker     d.u.i.k.n.KeyIO           Parsing took 0 ms 
593081     DEBUG Test worker     d.u.i.k.n.KeyIO           Load declarations of de.uka.ilkd.key.nparser.KeyAst$File:  <unknown>:1#1 
593081     INFO  Test worker     d.u.i.k.n.KeyIO           MODE: declarations took 0 ms 
593081     DEBUG Test worker     d.u.i.k.n.KeyIO           MODE: 2nd degree decls took 0 
593081     INFO  Test worker     d.u.i.k.n.KeyIO           Parsing took 0 ms 
593097     DEBUG Test worker     d.u.i.k.n.KeyIO           Load declarations of de.uka.ilkd.key.nparser.KeyAst$File:  <unknown>:1#1 
593097     INFO  Test worker     d.u.i.k.n.KeyIO           MODE: declarations took 0 ms 
593097     DEBUG Test worker     d.u.i.k.n.KeyIO           MODE: 2nd degree decls took 0 
593097     INFO  Test worker     d.u.i.k.n.KeyIO           Parsing took 0 ms 
593097     DEBUG Test worker     d.u.i.k.n.KeyIO           Load declarations of de.uka.ilkd.key.nparser.KeyAst$File:  <unknown>:1#1 
593097     INFO  Test worker     d.u.i.k.n.KeyIO           MODE: declarations took 0 ms 
593097     DEBUG Test worker     d.u.i.k.n.KeyIO           MODE: 2nd degree decls took 0 
598163     INFO  Test worker     d.u.i.k.n.KeyIO           Parsing took 0 ms 
598163     DEBUG Test worker     d.u.i.k.n.KeyIO           Load declarations of de.uka.ilkd.key.nparser.KeyAst$File:  <unknown>:1#1 
598163     INFO  Test worker     d.u.i.k.n.KeyIO           MODE: declarations took 0 ms 
598163     DEBUG Test worker     d.u.i.k.n.KeyIO           MODE: 2nd degree decls took 0 
598163     INFO  Test worker     d.u.i.k.n.KeyIO           Parsing took 0 ms 
598178     DEBUG Test worker     d.u.i.k.n.KeyIO           Load declarations of de.uka.ilkd.key.nparser.KeyAst$File:  <unknown>:1#1 
598178     INFO  Test worker     d.u.i.k.n.KeyIO           MODE: declarations took 0 ms 
598178     DEBUG Test worker     d.u.i.k.n.KeyIO           MODE: 2nd degree decls took 0 
598178     INFO  Test worker     d.u.i.k.n.KeyIO           Parsing took 0 ms 
598178     DEBUG Test worker     d.u.i.k.n.KeyIO           Load declarations of de.uka.ilkd.key.nparser.KeyAst$File:  <unknown>:1#1 
598178     INFO  Test worker     d.u.i.k.n.KeyIO           MODE: declarations took 0 ms 
598178     DEBUG Test worker     d.u.i.k.n.KeyIO           MODE: 2nd degree decls took 0 
598178     INFO  Test worker     d.u.i.k.n.KeyIO           Parsing took 0 ms 
598178     DEBUG Test worker     d.u.i.k.n.KeyIO           Load declarations of de.uka.ilkd.key.nparser.KeyAst$File:  <unknown>:1#1 
598178     INFO  Test worker     d.u.i.k.n.KeyIO           MODE: declarations took 0 ms 
598178     DEBUG Test worker     d.u.i.k.n.KeyIO           MODE: 2nd degree decls took 0 
598178     INFO  Test worker     d.u.i.k.n.KeyIO           Parsing took 0 ms 
598178     DEBUG Test worker     d.u.i.k.n.KeyIO           Load declarations of de.uka.ilkd.key.nparser.KeyAst$File:  <unknown>:1#1 
598178     INFO  Test worker     d.u.i.k.n.KeyIO           MODE: declarations took 0 ms 
598178     DEBUG Test worker     d.u.i.k.n.KeyIO           MODE: 2nd degree decls took 0 
603244     INFO  Test worker     d.u.i.k.n.KeyIO           Parsing took 0 ms 
603244     DEBUG Test worker     d.u.i.k.n.KeyIO           Load declarations of de.uka.ilkd.key.nparser.KeyAst$File:  <unknown>:1#1 
603244     INFO  Test worker     d.u.i.k.n.KeyIO           MODE: declarations took 0 ms 
603244     DEBUG Test worker     d.u.i.k.n.KeyIO           MODE: 2nd degree decls took 0 
603244     INFO  Test worker     d.u.i.k.n.KeyIO           Parsing took 0 ms 
603244     DEBUG Test worker     d.u.i.k.n.KeyIO           Load declarations of de.uka.ilkd.key.nparser.KeyAst$File:  <unknown>:1#1 
603244     INFO  Test worker     d.u.i.k.n.KeyIO           MODE: declarations took 0 ms 
603244     DEBUG Test worker     d.u.i.k.n.KeyIO           MODE: 2nd degree decls took 0 
603244     INFO  Test worker     d.u.i.k.n.KeyIO           Parsing took 0 ms 
603244     DEBUG Test worker     d.u.i.k.n.KeyIO           Load declarations of de.uka.ilkd.key.nparser.KeyAst$File:  <unknown>:1#1 
603244     INFO  Test worker     d.u.i.k.n.KeyIO           MODE: declarations took 0 ms 
603244     DEBUG Test worker     d.u.i.k.n.KeyIO           MODE: 2nd degree decls took 0 
603244     INFO  Test worker     d.u.i.k.n.KeyIO           Parsing took 0 ms 
603244     DEBUG Test worker     d.u.i.k.n.KeyIO           Load declarations of de.uka.ilkd.key.nparser.KeyAst$File:  <unknown>:1#1 
603244     INFO  Test worker     d.u.i.k.n.KeyIO           MODE: declarations took 0 ms 
603244     DEBUG Test worker     d.u.i.k.n.KeyIO           MODE: 2nd degree decls took 0 
603244     INFO  Test worker     d.u.i.k.n.KeyIO           Parsing took 0 ms 
603244     DEBUG Test worker     d.u.i.k.n.KeyIO           Load declarations of de.uka.ilkd.key.nparser.KeyAst$File:  <unknown>:1#1 
603244     INFO  Test worker     d.u.i.k.n.KeyIO           MODE: declarations took 0 ms 
603244     DEBUG Test worker     d.u.i.k.n.KeyIO           MODE: 2nd degree decls took 0 
608310     INFO  Test worker     d.u.i.k.n.KeyIO           Parsing took 0 ms 
608310     DEBUG Test worker     d.u.i.k.n.KeyIO           Load declarations of de.uka.ilkd.key.nparser.KeyAst$File:  <unknown>:1#1 
608310     INFO  Test worker     d.u.i.k.n.KeyIO           MODE: declarations took 0 ms 
608310     DEBUG Test worker     d.u.i.k.n.KeyIO           MODE: 2nd degree decls took 0 
608310     INFO  Test worker     d.u.i.k.n.KeyIO           Parsing took 0 ms 
608310     DEBUG Test worker     d.u.i.k.n.KeyIO           Load declarations of de.uka.ilkd.key.nparser.KeyAst$File:  <unknown>:1#1 
608310     INFO  Test worker     d.u.i.k.n.KeyIO           MODE: declarations took 0 ms 
608310     DEBUG Test worker     d.u.i.k.n.KeyIO           MODE: 2nd degree decls took 0 
608310     INFO  Test worker     d.u.i.k.n.KeyIO           Parsing took 0 ms 
608310     DEBUG Test worker     d.u.i.k.n.KeyIO           Load declarations of de.uka.ilkd.key.nparser.KeyAst$File:  <unknown>:1#1 
608310     INFO  Test worker     d.u.i.k.n.KeyIO           MODE: declarations took 0 ms 
608310     DEBUG Test worker     d.u.i.k.n.KeyIO           MODE: 2nd degree decls took 0 
608310     INFO  Test worker     d.u.i.k.n.KeyIO           Parsing took 0 ms 
608310     DEBUG Test worker     d.u.i.k.n.KeyIO           Load declarations of de.uka.ilkd.key.nparser.KeyAst$File:  <unknown>:1#1 
608310     INFO  Test worker     d.u.i.k.n.KeyIO           MODE: declarations took 0 ms 
608310     DEBUG Test worker     d.u.i.k.n.KeyIO           MODE: 2nd degree decls took 0 
608325     INFO  Test worker     d.u.i.k.n.KeyIO           Parsing took 0 ms 
608325     DEBUG Test worker     d.u.i.k.n.KeyIO           Load declarations of de.uka.ilkd.key.nparser.KeyAst$File:  <unknown>:1#1 
608325     INFO  Test worker     d.u.i.k.n.KeyIO           MODE: declarations took 0 ms 
608325     DEBUG Test worker     d.u.i.k.n.KeyIO           MODE: 2nd degree decls took 0 
608325     WARN  Test worker     d.u.i.k.n.KeYParser       [syntax-error] <unknown>:1:11: mismatched input '@' expecting {'/', ':=', '.', '(', ')', '{', '[', '@', PARALLEL, OR, AND, IMP, '=', NOT_EQUALS, '%', '*', '-', '+', '>', GREATEREQUAL, '<', LESSEQUAL, LGUILLEMETS, EQV} [@11,11:11='@',<153>,1:11] (termEOF) 
613407     INFO  Test worker     d.u.i.k.n.KeyIO           Parsing took 0 ms 
613407     DEBUG Test worker     d.u.i.k.n.KeyIO           Load declarations of de.uka.ilkd.key.nparser.KeyAst$File:  <unknown>:1#1 
613407     INFO  Test worker     d.u.i.k.n.KeyIO           MODE: declarations took 0 ms 
613407     DEBUG Test worker     d.u.i.k.n.KeyIO           MODE: 2nd degree decls took 0 
613407     INFO  Test worker     d.u.i.k.n.KeyIO           Parsing took 0 ms 
613407     DEBUG Test worker     d.u.i.k.n.KeyIO           Load declarations of de.uka.ilkd.key.nparser.KeyAst$File:  <unknown>:1#1 
613407     INFO  Test worker     d.u.i.k.n.KeyIO           MODE: declarations took 0 ms 
613407     DEBUG Test worker     d.u.i.k.n.KeyIO           MODE: 2nd degree decls took 0 
613407     INFO  Test worker     d.u.i.k.n.KeyIO           Parsing took 0 ms 
613407     DEBUG Test worker     d.u.i.k.n.KeyIO           Load declarations of de.uka.ilkd.key.nparser.KeyAst$File:  <unknown>:1#1 
613407     INFO  Test worker     d.u.i.k.n.KeyIO           MODE: declarations took 0 ms 
613407     DEBUG Test worker     d.u.i.k.n.KeyIO           MODE: 2nd degree decls took 0 
613407     INFO  Test worker     d.u.i.k.n.KeyIO           Parsing took 0 ms 
613407     DEBUG Test worker     d.u.i.k.n.KeyIO           Load declarations of de.uka.ilkd.key.nparser.KeyAst$File:  <unknown>:1#1 
613407     INFO  Test worker     d.u.i.k.n.KeyIO           MODE: declarations took 0 ms 
613407     DEBUG Test worker     d.u.i.k.n.KeyIO           MODE: 2nd degree decls took 0 
613407     INFO  Test worker     d.u.i.k.n.KeyIO           Parsing took 0 ms 
613423     DEBUG Test worker     d.u.i.k.n.KeyIO           Load declarations of de.uka.ilkd.key.nparser.KeyAst$File:  <unknown>:1#1 
613423     INFO  Test worker     d.u.i.k.n.KeyIO           MODE: declarations took 0 ms 
613423     DEBUG Test worker     d.u.i.k.n.KeyIO           MODE: 2nd degree decls took 0 
618444     INFO  Test worker     d.u.i.k.n.KeyIO           Parsing took 0 ms 
618444     DEBUG Test worker     d.u.i.k.n.KeyIO           Load declarations of de.uka.ilkd.key.nparser.KeyAst$File:  <unknown>:1#1 
618444     INFO  Test worker     d.u.i.k.n.KeyIO           MODE: declarations took 0 ms 
618444     DEBUG Test worker     d.u.i.k.n.KeyIO           MODE: 2nd degree decls took 0 
618444     INFO  Test worker     d.u.i.k.n.KeyIO           Parsing took 0 ms 
618444     DEBUG Test worker     d.u.i.k.n.KeyIO           Load declarations of de.uka.ilkd.key.nparser.KeyAst$File:  <unknown>:1#1 
618444     INFO  Test worker     d.u.i.k.n.KeyIO           MODE: declarations took 0 ms 
618444     DEBUG Test worker     d.u.i.k.n.KeyIO           MODE: 2nd degree decls took 0 
618444     INFO  Test worker     d.u.i.k.n.KeyIO           Parsing took 0 ms 
618444     DEBUG Test worker     d.u.i.k.n.KeyIO           Load declarations of de.uka.ilkd.key.nparser.KeyAst$File:  <unknown>:1#1 
618444     INFO  Test worker     d.u.i.k.n.KeyIO           MODE: declarations took 0 ms 
618444     DEBUG Test worker     d.u.i.k.n.KeyIO           MODE: 2nd degree decls took 0 
618444     INFO  Test worker     d.u.i.k.n.KeyIO           Parsing took 0 ms 
618444     DEBUG Test worker     d.u.i.k.n.KeyIO           Load declarations of de.uka.ilkd.key.nparser.KeyAst$File:  <unknown>:1#1 
618444     INFO  Test worker     d.u.i.k.n.KeyIO           MODE: declarations took 0 ms 
618444     DEBUG Test worker     d.u.i.k.n.KeyIO           MODE: 2nd degree decls took 0 
618444     INFO  Test worker     d.u.i.k.n.KeyIO           Parsing took 0 ms 
618444     DEBUG Test worker     d.u.i.k.n.KeyIO           Load declarations of de.uka.ilkd.key.nparser.KeyAst$File:  <unknown>:1#1 
618444     INFO  Test worker     d.u.i.k.n.KeyIO           MODE: declarations took 0 ms 
618444     DEBUG Test worker     d.u.i.k.n.KeyIO           MODE: 2nd degree decls took 0 
623541     INFO  Test worker     d.u.i.k.n.KeyIO           Parsing took 0 ms 
623541     DEBUG Test worker     d.u.i.k.n.KeyIO           Load declarations of de.uka.ilkd.key.nparser.KeyAst$File:  <unknown>:1#1 
623541     INFO  Test worker     d.u.i.k.n.KeyIO           MODE: declarations took 0 ms 
623541     DEBUG Test worker     d.u.i.k.n.KeyIO           MODE: 2nd degree decls took 0 
623541     INFO  Test worker     d.u.i.k.n.KeyIO           Parsing took 0 ms 
623541     DEBUG Test worker     d.u.i.k.n.KeyIO           Load declarations of de.uka.ilkd.key.nparser.KeyAst$File:  <unknown>:1#1 
623541     INFO  Test worker     d.u.i.k.n.KeyIO           MODE: declarations took 0 ms 
623541     DEBUG Test worker     d.u.i.k.n.KeyIO           MODE: 2nd degree decls took 0 
623541     INFO  Test worker     d.u.i.k.n.KeyIO           Parsing took 0 ms 
623541     DEBUG Test worker     d.u.i.k.n.KeyIO           Load declarations of de.uka.ilkd.key.nparser.KeyAst$File:  <unknown>:1#1 
623541     INFO  Test worker     d.u.i.k.n.KeyIO           MODE: declarations took 0 ms 
623541     DEBUG Test worker     d.u.i.k.n.KeyIO           MODE: 2nd degree decls took 0 
623541     INFO  Test worker     d.u.i.k.n.KeyIO           Parsing took 0 ms 
623541     DEBUG Test worker     d.u.i.k.n.KeyIO           Load declarations of de.uka.ilkd.key.nparser.KeyAst$File:  <unknown>:1#1 
623541     INFO  Test worker     d.u.i.k.n.KeyIO           MODE: declarations took 0 ms 
623541     DEBUG Test worker     d.u.i.k.n.KeyIO           MODE: 2nd degree decls took 0 
623541     INFO  Test worker     d.u.i.k.n.KeyIO           Parsing took 0 ms 
623541     DEBUG Test worker     d.u.i.k.n.KeyIO           Load declarations of de.uka.ilkd.key.nparser.KeyAst$File:  <unknown>:1#1 
623541     INFO  Test worker     d.u.i.k.n.KeyIO           MODE: declarations took 0 ms 
623541     DEBUG Test worker     d.u.i.k.n.KeyIO           MODE: 2nd degree decls took 0 
628514     INFO  Test worker     d.u.i.k.n.KeyIO           Parsing took 0 ms 
628514     DEBUG Test worker     d.u.i.k.n.KeyIO           Load declarations of de.uka.ilkd.key.nparser.KeyAst$File:  <unknown>:1#1 
628514     INFO  Test worker     d.u.i.k.n.KeyIO           MODE: declarations took 0 ms 
628514     DEBUG Test worker     d.u.i.k.n.KeyIO           MODE: 2nd degree decls took 0 
628514     INFO  Test worker     d.u.i.k.n.KeyIO           Parsing took 0 ms 
628514     DEBUG Test worker     d.u.i.k.n.KeyIO           Load declarations of de.uka.ilkd.key.nparser.KeyAst$File:  <unknown>:1#1 
628514     INFO  Test worker     d.u.i.k.n.KeyIO           MODE: declarations took 0 ms 
628514     DEBUG Test worker     d.u.i.k.n.KeyIO           MODE: 2nd degree decls took 0 
628514     INFO  Test worker     d.u.i.k.n.KeyIO           Parsing took 0 ms 
628514     DEBUG Test worker     d.u.i.k.n.KeyIO           Load declarations of de.uka.ilkd.key.nparser.KeyAst$File:  <unknown>:1#1 
628514     INFO  Test worker     d.u.i.k.n.KeyIO           MODE: declarations took 0 ms 
628514     DEBUG Test worker     d.u.i.k.n.KeyIO           MODE: 2nd degree decls took 0 
628514     INFO  Test worker     d.u.i.k.n.KeyIO           Parsing took 0 ms 
628514     DEBUG Test worker     d.u.i.k.n.KeyIO           Load declarations of de.uka.ilkd.key.nparser.KeyAst$File:  <unknown>:1#1 
628514     INFO  Test worker     d.u.i.k.n.KeyIO           MODE: declarations took 0 ms 
628514     DEBUG Test worker     d.u.i.k.n.KeyIO           MODE: 2nd degree decls took 0 
628514     INFO  Test worker     d.u.i.k.n.KeyIO           Parsing took 0 ms 
628514     DEBUG Test worker     d.u.i.k.n.KeyIO           Load declarations of de.uka.ilkd.key.nparser.KeyAst$File:  <unknown>:1#1 
628514     INFO  Test worker     d.u.i.k.n.KeyIO           MODE: declarations took 0 ms 
628514     DEBUG Test worker     d.u.i.k.n.KeyIO           MODE: 2nd degree decls took 0 
633548     INFO  Test worker     d.u.i.k.n.KeyIO           Parsing took 0 ms 
633548     DEBUG Test worker     d.u.i.k.n.KeyIO           Load declarations of de.uka.ilkd.key.nparser.KeyAst$File:  <unknown>:1#1 
633548     INFO  Test worker     d.u.i.k.n.KeyIO           MODE: declarations took 0 ms 
633548     DEBUG Test worker     d.u.i.k.n.KeyIO           MODE: 2nd degree decls took 0 
633548     INFO  Test worker     d.u.i.k.n.KeyIO           Parsing took 0 ms 
633548     DEBUG Test worker     d.u.i.k.n.KeyIO           Load declarations of de.uka.ilkd.key.nparser.KeyAst$File:  <unknown>:1#1 
633548     INFO  Test worker     d.u.i.k.n.KeyIO           MODE: declarations took 0 ms 
633548     DEBUG Test worker     d.u.i.k.n.KeyIO           MODE: 2nd degree decls took 0 
633548     INFO  Test worker     d.u.i.k.n.KeyIO           Parsing took 0 ms 
633548     DEBUG Test worker     d.u.i.k.n.KeyIO           Load declarations of de.uka.ilkd.key.nparser.KeyAst$File:  <unknown>:1#1 
633548     INFO  Test worker     d.u.i.k.n.KeyIO           MODE: declarations took 0 ms 
633548     DEBUG Test worker     d.u.i.k.n.KeyIO           MODE: 2nd degree decls took 0 
633548     INFO  Test worker     d.u.i.k.n.KeyIO           Parsing took 0 ms 
633548     DEBUG Test worker     d.u.i.k.n.KeyIO           Load declarations of de.uka.ilkd.key.nparser.KeyAst$File:  <unknown>:1#1 
633564     INFO  Test worker     d.u.i.k.n.KeyIO           MODE: declarations took 16 ms 
633564     DEBUG Test worker     d.u.i.k.n.KeyIO           MODE: 2nd degree decls took 0 
633564     INFO  Test worker     d.u.i.k.n.KeyIO           Parsing took 0 ms 
633564     DEBUG Test worker     d.u.i.k.n.KeyIO           Load declarations of de.uka.ilkd.key.nparser.KeyAst$File:  <unknown>:1#1 
633564     INFO  Test worker     d.u.i.k.n.KeyIO           MODE: declarations took 0 ms 
633564     DEBUG Test worker     d.u.i.k.n.KeyIO           MODE: 2nd degree decls took 0 
638566     INFO  Test worker     d.u.i.k.n.KeyIO           Parsing took 0 ms 
638566     DEBUG Test worker     d.u.i.k.n.KeyIO           Load declarations of de.uka.ilkd.key.nparser.KeyAst$File:  <unknown>:1#1 
638566     INFO  Test worker     d.u.i.k.n.KeyIO           MODE: declarations took 0 ms 
638566     DEBUG Test worker     d.u.i.k.n.KeyIO           MODE: 2nd degree decls took 0 
638566     INFO  Test worker     d.u.i.k.n.KeyIO           Parsing took 0 ms 
638566     DEBUG Test worker     d.u.i.k.n.KeyIO           Load declarations of de.uka.ilkd.key.nparser.KeyAst$File:  <unknown>:1#1 
638566     INFO  Test worker     d.u.i.k.n.KeyIO           MODE: declarations took 0 ms 
638566     DEBUG Test worker     d.u.i.k.n.KeyIO           MODE: 2nd degree decls took 0 
638566     INFO  Test worker     d.u.i.k.n.KeyIO           Parsing took 0 ms 
638566     DEBUG Test worker     d.u.i.k.n.KeyIO           Load declarations of de.uka.ilkd.key.nparser.KeyAst$File:  <unknown>:1#1 
638566     INFO  Test worker     d.u.i.k.n.KeyIO           MODE: declarations took 0 ms 
638566     DEBUG Test worker     d.u.i.k.n.KeyIO           MODE: 2nd degree decls took 0 
638566     INFO  Test worker     d.u.i.k.n.KeyIO           Parsing took 0 ms 
638566     DEBUG Test worker     d.u.i.k.n.KeyIO           Load declarations of de.uka.ilkd.key.nparser.KeyAst$File:  <unknown>:1#1 
638566     INFO  Test worker     d.u.i.k.n.KeyIO           MODE: declarations took 0 ms 
638566     DEBUG Test worker     d.u.i.k.n.KeyIO           MODE: 2nd degree decls took 0 
638566     INFO  Test worker     d.u.i.k.n.KeyIO           Parsing took 0 ms 
638566     DEBUG Test worker     d.u.i.k.n.KeyIO           Load declarations of de.uka.ilkd.key.nparser.KeyAst$File:  <unknown>:1#1 
638566     INFO  Test worker     d.u.i.k.n.KeyIO           MODE: declarations took 0 ms 
638566     DEBUG Test worker     d.u.i.k.n.KeyIO           MODE: 2nd degree decls took 0 
643616     INFO  Test worker     d.u.i.k.n.KeyIO           Parsing took 0 ms 
643616     DEBUG Test worker     d.u.i.k.n.KeyIO           Load declarations of de.uka.ilkd.key.nparser.KeyAst$File:  <unknown>:1#1 
643616     INFO  Test worker     d.u.i.k.n.KeyIO           MODE: declarations took 0 ms 
643616     DEBUG Test worker     d.u.i.k.n.KeyIO           MODE: 2nd degree decls took 0 
643616     INFO  Test worker     d.u.i.k.n.KeyIO           Parsing took 0 ms 
643616     DEBUG Test worker     d.u.i.k.n.KeyIO           Load declarations of de.uka.ilkd.key.nparser.KeyAst$File:  <unknown>:1#1 
643616     INFO  Test worker     d.u.i.k.n.KeyIO           MODE: declarations took 0 ms 
643616     DEBUG Test worker     d.u.i.k.n.KeyIO           MODE: 2nd degree decls took 0 
643616     INFO  Test worker     d.u.i.k.n.KeyIO           Parsing took 0 ms 
643616     DEBUG Test worker     d.u.i.k.n.KeyIO           Load declarations of de.uka.ilkd.key.nparser.KeyAst$File:  <unknown>:1#1 
643616     INFO  Test worker     d.u.i.k.n.KeyIO           MODE: declarations took 0 ms 
643616     DEBUG Test worker     d.u.i.k.n.KeyIO           MODE: 2nd degree decls took 0 
643616     INFO  Test worker     d.u.i.k.n.KeyIO           Parsing took 0 ms 
643616     DEBUG Test worker     d.u.i.k.n.KeyIO           Load declarations of de.uka.ilkd.key.nparser.KeyAst$File:  <unknown>:1#1 
643616     INFO  Test worker     d.u.i.k.n.KeyIO           MODE: declarations took 0 ms 
643616     DEBUG Test worker     d.u.i.k.n.KeyIO           MODE: 2nd degree decls took 0 
643616     INFO  Test worker     d.u.i.k.n.KeyIO           Parsing took 0 ms 
643616     DEBUG Test worker     d.u.i.k.n.KeyIO           Load declarations of de.uka.ilkd.key.nparser.KeyAst$File:  <unknown>:1#1 
643616     INFO  Test worker     d.u.i.k.n.KeyIO           MODE: declarations took 0 ms 
643616     DEBUG Test worker     d.u.i.k.n.KeyIO           MODE: 2nd degree decls took 0 
648573     INFO  Test worker     d.u.i.k.n.KeyIO           Parsing took 0 ms 
648573     DEBUG Test worker     d.u.i.k.n.KeyIO           Load declarations of de.uka.ilkd.key.nparser.KeyAst$File:  <unknown>:1#1 
648573     INFO  Test worker     d.u.i.k.n.KeyIO           MODE: declarations took 0 ms 
648573     DEBUG Test worker     d.u.i.k.n.KeyIO           MODE: 2nd degree decls took 0 
648573     INFO  Test worker     d.u.i.k.n.KeyIO           Parsing took 0 ms 
648573     DEBUG Test worker     d.u.i.k.n.KeyIO           Load declarations of de.uka.ilkd.key.nparser.KeyAst$File:  <unknown>:1#1 
648573     INFO  Test worker     d.u.i.k.n.KeyIO           MODE: declarations took 0 ms 
648573     DEBUG Test worker     d.u.i.k.n.KeyIO           MODE: 2nd degree decls took 0 
648573     INFO  Test worker     d.u.i.k.n.KeyIO           Parsing took 0 ms 
648573     DEBUG Test worker     d.u.i.k.n.KeyIO           Load declarations of de.uka.ilkd.key.nparser.KeyAst$File:  <unknown>:1#1 
648573     INFO  Test worker     d.u.i.k.n.KeyIO           MODE: declarations took 0 ms 
648573     DEBUG Test worker     d.u.i.k.n.KeyIO           MODE: 2nd degree decls took 0 
648573     INFO  Test worker     d.u.i.k.n.KeyIO           Parsing took 0 ms 
648573     DEBUG Test worker     d.u.i.k.n.KeyIO           Load declarations of de.uka.ilkd.key.nparser.KeyAst$File:  <unknown>:1#1 
648573     INFO  Test worker     d.u.i.k.n.KeyIO           MODE: declarations took 0 ms 
648573     DEBUG Test worker     d.u.i.k.n.KeyIO           MODE: 2nd degree decls took 0 
648573     INFO  Test worker     d.u.i.k.n.KeyIO           Parsing took 0 ms 
648573     DEBUG Test worker     d.u.i.k.n.KeyIO           Load declarations of de.uka.ilkd.key.nparser.KeyAst$File:  <unknown>:1#1 
648573     INFO  Test worker     d.u.i.k.n.KeyIO           MODE: declarations took 0 ms 
648573     DEBUG Test worker     d.u.i.k.n.KeyIO           MODE: 2nd degree decls took 0 
653654     INFO  Test worker     d.u.i.k.n.KeyIO           Parsing took 0 ms 
653654     DEBUG Test worker     d.u.i.k.n.KeyIO           Load declarations of de.uka.ilkd.key.nparser.KeyAst$File:  <unknown>:1#1 
653654     INFO  Test worker     d.u.i.k.n.KeyIO           MODE: declarations took 0 ms 
653654     DEBUG Test worker     d.u.i.k.n.KeyIO           MODE: 2nd degree decls took 0 
653654     INFO  Test worker     d.u.i.k.n.KeyIO           Parsing took 0 ms 
653654     DEBUG Test worker     d.u.i.k.n.KeyIO           Load declarations of de.uka.ilkd.key.nparser.KeyAst$File:  <unknown>:1#1 
653654     INFO  Test worker     d.u.i.k.n.KeyIO           MODE: declarations took 0 ms 
653654     DEBUG Test worker     d.u.i.k.n.KeyIO           MODE: 2nd degree decls took 0 
653654     INFO  Test worker     d.u.i.k.n.KeyIO           Parsing took 0 ms 
653654     DEBUG Test worker     d.u.i.k.n.KeyIO           Load declarations of de.uka.ilkd.key.nparser.KeyAst$File:  <unknown>:1#1 
653654     INFO  Test worker     d.u.i.k.n.KeyIO           MODE: declarations took 0 ms 
653654     DEBUG Test worker     d.u.i.k.n.KeyIO           MODE: 2nd degree decls took 0 
653654     INFO  Test worker     d.u.i.k.n.KeyIO           Parsing took 0 ms 
653654     DEBUG Test worker     d.u.i.k.n.KeyIO           Load declarations of de.uka.ilkd.key.nparser.KeyAst$File:  <unknown>:1#1 
653669     INFO  Test worker     d.u.i.k.n.KeyIO           MODE: declarations took 15 ms 
653669     DEBUG Test worker     d.u.i.k.n.KeyIO           MODE: 2nd degree decls took 0 
653669     INFO  Test worker     d.u.i.k.n.KeyIO           Parsing took 0 ms 
653669     DEBUG Test worker     d.u.i.k.n.KeyIO           Load declarations of de.uka.ilkd.key.nparser.KeyAst$File:  <unknown>:1#1 
653669     INFO  Test worker     d.u.i.k.n.KeyIO           MODE: declarations took 0 ms 
653669     DEBUG Test worker     d.u.i.k.n.KeyIO           MODE: 2nd degree decls took 0 
658703     INFO  Test worker     d.u.i.k.n.KeyIO           Parsing took 0 ms 
658703     DEBUG Test worker     d.u.i.k.n.KeyIO           Load declarations of de.uka.ilkd.key.nparser.KeyAst$File:  <unknown>:1#1 
658703     INFO  Test worker     d.u.i.k.n.KeyIO           MODE: declarations took 0 ms 
658703     DEBUG Test worker     d.u.i.k.n.KeyIO           MODE: 2nd degree decls took 0 
658703     INFO  Test worker     d.u.i.k.n.KeyIO           Parsing took 0 ms 
658703     DEBUG Test worker     d.u.i.k.n.KeyIO           Load declarations of de.uka.ilkd.key.nparser.KeyAst$File:  <unknown>:1#1 
658703     INFO  Test worker     d.u.i.k.n.KeyIO           MODE: declarations took 0 ms 
658703     DEBUG Test worker     d.u.i.k.n.KeyIO           MODE: 2nd degree decls took 0 
658703     INFO  Test worker     d.u.i.k.n.KeyIO           Parsing took 0 ms 
658703     DEBUG Test worker     d.u.i.k.n.KeyIO           Load declarations of de.uka.ilkd.key.nparser.KeyAst$File:  <unknown>:1#1 
658703     INFO  Test worker     d.u.i.k.n.KeyIO           MODE: declarations took 0 ms 
658703     DEBUG Test worker     d.u.i.k.n.KeyIO           MODE: 2nd degree decls took 0 
658703     INFO  Test worker     d.u.i.k.n.KeyIO           Parsing took 0 ms 
658703     DEBUG Test worker     d.u.i.k.n.KeyIO           Load declarations of de.uka.ilkd.key.nparser.KeyAst$File:  <unknown>:1#1 
658703     INFO  Test worker     d.u.i.k.n.KeyIO           MODE: declarations took 0 ms 
658703     DEBUG Test worker     d.u.i.k.n.KeyIO           MODE: 2nd degree decls took 0 
658703     INFO  Test worker     d.u.i.k.n.KeyIO           Parsing took 0 ms 
658703     DEBUG Test worker     d.u.i.k.n.KeyIO           Load declarations of de.uka.ilkd.key.nparser.KeyAst$File:  <unknown>:1#1 
658703     INFO  Test worker     d.u.i.k.n.KeyIO           MODE: declarations took 0 ms 
658703     DEBUG Test worker     d.u.i.k.n.KeyIO           MODE: 2nd degree decls took 0 
663849     INFO  Test worker     d.u.i.k.n.KeyIO           Parsing took 0 ms 
663849     DEBUG Test worker     d.u.i.k.n.KeyIO           Load declarations of de.uka.ilkd.key.nparser.KeyAst$File:  <unknown>:1#1 
663849     INFO  Test worker     d.u.i.k.n.KeyIO           MODE: declarations took 0 ms 
663849     DEBUG Test worker     d.u.i.k.n.KeyIO           MODE: 2nd degree decls took 0 
663849     INFO  Test worker     d.u.i.k.n.KeyIO           Parsing took 0 ms 
663849     DEBUG Test worker     d.u.i.k.n.KeyIO           Load declarations of de.uka.ilkd.key.nparser.KeyAst$File:  <unknown>:1#1 
663849     INFO  Test worker     d.u.i.k.n.KeyIO           MODE: declarations took 0 ms 
663849     DEBUG Test worker     d.u.i.k.n.KeyIO           MODE: 2nd degree decls took 0 
663849     INFO  Test worker     d.u.i.k.n.KeyIO           Parsing took 0 ms 
663849     DEBUG Test worker     d.u.i.k.n.KeyIO           Load declarations of de.uka.ilkd.key.nparser.KeyAst$File:  <unknown>:1#1 
663849     INFO  Test worker     d.u.i.k.n.KeyIO           MODE: declarations took 0 ms 
663849     DEBUG Test worker     d.u.i.k.n.KeyIO           MODE: 2nd degree decls took 0 
663849     INFO  Test worker     d.u.i.k.n.KeyIO           Parsing took 0 ms 
663849     DEBUG Test worker     d.u.i.k.n.KeyIO           Load declarations of de.uka.ilkd.key.nparser.KeyAst$File:  <unknown>:1#1 
663849     INFO  Test worker     d.u.i.k.n.KeyIO           MODE: declarations took 0 ms 
663849     DEBUG Test worker     d.u.i.k.n.KeyIO           MODE: 2nd degree decls took 0 
663849     INFO  Test worker     d.u.i.k.n.KeyIO           Parsing took 0 ms 
663849     DEBUG Test worker     d.u.i.k.n.KeyIO           Load declarations of de.uka.ilkd.key.nparser.KeyAst$File:  <unknown>:1#1 
663849     INFO  Test worker     d.u.i.k.n.KeyIO           MODE: declarations took 0 ms 
663849     DEBUG Test worker     d.u.i.k.n.KeyIO           MODE: 2nd degree decls took 0 
668915     INFO  Test worker     d.u.i.k.n.KeyIO           Parsing took 0 ms 
668915     DEBUG Test worker     d.u.i.k.n.KeyIO           Load declarations of de.uka.ilkd.key.nparser.KeyAst$File:  <unknown>:1#1 
668915     INFO  Test worker     d.u.i.k.n.KeyIO           MODE: declarations took 0 ms 
668915     DEBUG Test worker     d.u.i.k.n.KeyIO           MODE: 2nd degree decls took 0 
668915     INFO  Test worker     d.u.i.k.n.KeyIO           Parsing took 0 ms 
668915     DEBUG Test worker     d.u.i.k.n.KeyIO           Load declarations of de.uka.ilkd.key.nparser.KeyAst$File:  <unknown>:1#1 
668915     INFO  Test worker     d.u.i.k.n.KeyIO           MODE: declarations took 0 ms 
668915     DEBUG Test worker     d.u.i.k.n.KeyIO           MODE: 2nd degree decls took 0 
668915     INFO  Test worker     d.u.i.k.n.KeyIO           Parsing took 0 ms 
668915     DEBUG Test worker     d.u.i.k.n.KeyIO           Load declarations of de.uka.ilkd.key.nparser.KeyAst$File:  <unknown>:1#1 
668915     INFO  Test worker     d.u.i.k.n.KeyIO           MODE: declarations took 0 ms 
668915     DEBUG Test worker     d.u.i.k.n.KeyIO           MODE: 2nd degree decls took 0 
668915     INFO  Test worker     d.u.i.k.n.KeyIO           Parsing took 0 ms 
668915     DEBUG Test worker     d.u.i.k.n.KeyIO           Load declarations of de.uka.ilkd.key.nparser.KeyAst$File:  <unknown>:1#1 
668915     INFO  Test worker     d.u.i.k.n.KeyIO           MODE: declarations took 0 ms 
668915     DEBUG Test worker     d.u.i.k.n.KeyIO           MODE: 2nd degree decls took 0 
668915     INFO  Test worker     d.u.i.k.n.KeyIO           Parsing took 0 ms 
668915     DEBUG Test worker     d.u.i.k.n.KeyIO           Load declarations of de.uka.ilkd.key.nparser.KeyAst$File:  <unknown>:1#1 
668915     INFO  Test worker     d.u.i.k.n.KeyIO           MODE: declarations took 0 ms 
668915     DEBUG Test worker     d.u.i.k.n.KeyIO           MODE: 2nd degree decls took 0 
673967     INFO  Test worker     d.u.i.k.n.KeyIO           Parsing took 0 ms 
673967     DEBUG Test worker     d.u.i.k.n.KeyIO           Load declarations of de.uka.ilkd.key.nparser.KeyAst$File:  <unknown>:1#1 
673967     INFO  Test worker     d.u.i.k.n.KeyIO           MODE: declarations took 0 ms 
673967     DEBUG Test worker     d.u.i.k.n.KeyIO           MODE: 2nd degree decls took 0 
673967     INFO  Test worker     d.u.i.k.n.KeyIO           Parsing took 0 ms 
673967     DEBUG Test worker     d.u.i.k.n.KeyIO           Load declarations of de.uka.ilkd.key.nparser.KeyAst$File:  <unknown>:1#1 
673967     INFO  Test worker     d.u.i.k.n.KeyIO           MODE: declarations took 0 ms 
673967     DEBUG Test worker     d.u.i.k.n.KeyIO           MODE: 2nd degree decls took 0 
673967     INFO  Test worker     d.u.i.k.n.KeyIO           Parsing took 0 ms 
673967     DEBUG Test worker     d.u.i.k.n.KeyIO           Load declarations of de.uka.ilkd.key.nparser.KeyAst$File:  <unknown>:1#1 
673967     INFO  Test worker     d.u.i.k.n.KeyIO           MODE: declarations took 0 ms 
673967     DEBUG Test worker     d.u.i.k.n.KeyIO           MODE: 2nd degree decls took 0 
673967     INFO  Test worker     d.u.i.k.n.KeyIO           Parsing took 0 ms 
673967     DEBUG Test worker     d.u.i.k.n.KeyIO           Load declarations of de.uka.ilkd.key.nparser.KeyAst$File:  <unknown>:1#1 
673967     INFO  Test worker     d.u.i.k.n.KeyIO           MODE: declarations took 0 ms 
673967     DEBUG Test worker     d.u.i.k.n.KeyIO           MODE: 2nd degree decls took 0 
673967     INFO  Test worker     d.u.i.k.n.KeyIO           Parsing took 0 ms 
673967     DEBUG Test worker     d.u.i.k.n.KeyIO           Load declarations of de.uka.ilkd.key.nparser.KeyAst$File:  <unknown>:1#1 
673967     INFO  Test worker     d.u.i.k.n.KeyIO           MODE: declarations took 0 ms 
673967     DEBUG Test worker     d.u.i.k.n.KeyIO           MODE: 2nd degree decls took 0 
678908     INFO  Test worker     d.u.i.k.n.KeyIO           Parsing took 0 ms 
678908     DEBUG Test worker     d.u.i.k.n.KeyIO           Load declarations of de.uka.ilkd.key.nparser.KeyAst$File:  <unknown>:1#1 
678924     INFO  Test worker     d.u.i.k.n.KeyIO           MODE: declarations took 16 ms 
678924     DEBUG Test worker     d.u.i.k.n.KeyIO           MODE: 2nd degree decls took 0 
678924     INFO  Test worker     d.u.i.k.n.KeyIO           Parsing took 0 ms 
678924     DEBUG Test worker     d.u.i.k.n.KeyIO           Load declarations of de.uka.ilkd.key.nparser.KeyAst$File:  <unknown>:1#1 
678924     INFO  Test worker     d.u.i.k.n.KeyIO           MODE: declarations took 0 ms 
678924     DEBUG Test worker     d.u.i.k.n.KeyIO           MODE: 2nd degree decls took 0 
678924     INFO  Test worker     d.u.i.k.n.KeyIO           Parsing took 0 ms 
678924     DEBUG Test worker     d.u.i.k.n.KeyIO           Load declarations of de.uka.ilkd.key.nparser.KeyAst$File:  <unknown>:1#1 
678924     INFO  Test worker     d.u.i.k.n.KeyIO           MODE: declarations took 0 ms 
678924     DEBUG Test worker     d.u.i.k.n.KeyIO           MODE: 2nd degree decls took 0 
678924     INFO  Test worker     d.u.i.k.n.KeyIO           Parsing took 0 ms 
678924     DEBUG Test worker     d.u.i.k.n.KeyIO           Load declarations of de.uka.ilkd.key.nparser.KeyAst$File:  <unknown>:1#1 
678924     INFO  Test worker     d.u.i.k.n.KeyIO           MODE: declarations took 0 ms 
678924     DEBUG Test worker     d.u.i.k.n.KeyIO           MODE: 2nd degree decls took 0 
678924     INFO  Test worker     d.u.i.k.n.KeyIO           Parsing took 0 ms 
678924     DEBUG Test worker     d.u.i.k.n.KeyIO           Load declarations of de.uka.ilkd.key.nparser.KeyAst$File:  <unknown>:1#1 
678924     INFO  Test worker     d.u.i.k.n.KeyIO           MODE: declarations took 0 ms 
678924     DEBUG Test worker     d.u.i.k.n.KeyIO           MODE: 2nd degree decls took 0 
684037     INFO  Test worker     d.u.i.k.n.KeyIO           Parsing took 0 ms 
684037     DEBUG Test worker     d.u.i.k.n.KeyIO           Load declarations of de.uka.ilkd.key.nparser.KeyAst$File:  <unknown>:1#1 
684037     INFO  Test worker     d.u.i.k.n.KeyIO           MODE: declarations took 0 ms 
684037     DEBUG Test worker     d.u.i.k.n.KeyIO           MODE: 2nd degree decls took 0 
684037     INFO  Test worker     d.u.i.k.n.KeyIO           Parsing took 0 ms 
684037     DEBUG Test worker     d.u.i.k.n.KeyIO           Load declarations of de.uka.ilkd.key.nparser.KeyAst$File:  <unknown>:1#1 
684037     INFO  Test worker     d.u.i.k.n.KeyIO           MODE: declarations took 0 ms 
684037     DEBUG Test worker     d.u.i.k.n.KeyIO           MODE: 2nd degree decls took 0 
684037     INFO  Test worker     d.u.i.k.n.KeyIO           Parsing took 0 ms 
684037     DEBUG Test worker     d.u.i.k.n.KeyIO           Load declarations of de.uka.ilkd.key.nparser.KeyAst$File:  <unknown>:1#1 
684037     INFO  Test worker     d.u.i.k.n.KeyIO           MODE: declarations took 0 ms 
684037     DEBUG Test worker     d.u.i.k.n.KeyIO           MODE: 2nd degree decls took 0 
684037     INFO  Test worker     d.u.i.k.n.KeyIO           Parsing took 0 ms 
684037     DEBUG Test worker     d.u.i.k.n.KeyIO           Load declarations of de.uka.ilkd.key.nparser.KeyAst$File:  <unknown>:1#1 
684037     INFO  Test worker     d.u.i.k.n.KeyIO           MODE: declarations took 0 ms 
684037     DEBUG Test worker     d.u.i.k.n.KeyIO           MODE: 2nd degree decls took 0 
684037     INFO  Test worker     d.u.i.k.n.KeyIO           Parsing took 0 ms 
684037     DEBUG Test worker     d.u.i.k.n.KeyIO           Load declarations of de.uka.ilkd.key.nparser.KeyAst$File:  <unknown>:1#1 
684037     INFO  Test worker     d.u.i.k.n.KeyIO           MODE: declarations took 0 ms 
684037     DEBUG Test worker     d.u.i.k.n.KeyIO           MODE: 2nd degree decls took 0 
689009     INFO  Test worker     d.u.i.k.n.KeyIO           Parsing took 0 ms 
689009     DEBUG Test worker     d.u.i.k.n.KeyIO           Load declarations of de.uka.ilkd.key.nparser.KeyAst$File:  <unknown>:1#1 
689009     INFO  Test worker     d.u.i.k.n.KeyIO           MODE: declarations took 0 ms 
689009     DEBUG Test worker     d.u.i.k.n.KeyIO           MODE: 2nd degree decls took 0 
689009     INFO  Test worker     d.u.i.k.n.KeyIO           Parsing took 0 ms 
689009     DEBUG Test worker     d.u.i.k.n.KeyIO           Load declarations of de.uka.ilkd.key.nparser.KeyAst$File:  <unknown>:1#1 
689009     INFO  Test worker     d.u.i.k.n.KeyIO           MODE: declarations took 0 ms 
689009     DEBUG Test worker     d.u.i.k.n.KeyIO           MODE: 2nd degree decls took 0 
689009     INFO  Test worker     d.u.i.k.n.KeyIO           Parsing took 0 ms 
689009     DEBUG Test worker     d.u.i.k.n.KeyIO           Load declarations of de.uka.ilkd.key.nparser.KeyAst$File:  <unknown>:1#1 
689009     INFO  Test worker     d.u.i.k.n.KeyIO           MODE: declarations took 0 ms 
689009     DEBUG Test worker     d.u.i.k.n.KeyIO           MODE: 2nd degree decls took 0 
689009     INFO  Test worker     d.u.i.k.n.KeyIO           Parsing took 0 ms 
689009     DEBUG Test worker     d.u.i.k.n.KeyIO           Load declarations of de.uka.ilkd.key.nparser.KeyAst$File:  <unknown>:1#1 
689009     INFO  Test worker     d.u.i.k.n.KeyIO           MODE: declarations took 0 ms 
689009     DEBUG Test worker     d.u.i.k.n.KeyIO           MODE: 2nd degree decls took 0 
689009     INFO  Test worker     d.u.i.k.n.KeyIO           Parsing took 0 ms 
689009     DEBUG Test worker     d.u.i.k.n.KeyIO           Load declarations of de.uka.ilkd.key.nparser.KeyAst$File:  <unknown>:1#1 
689009     INFO  Test worker     d.u.i.k.n.KeyIO           MODE: declarations took 0 ms 
689009     DEBUG Test worker     d.u.i.k.n.KeyIO           MODE: 2nd degree decls took 0 
693997     INFO  Test worker     d.u.i.k.n.KeyIO           Parsing took 0 ms 
693997     DEBUG Test worker     d.u.i.k.n.KeyIO           Load declarations of de.uka.ilkd.key.nparser.KeyAst$File:  <unknown>:1#1 
693997     INFO  Test worker     d.u.i.k.n.KeyIO           MODE: declarations took 0 ms 
693997     DEBUG Test worker     d.u.i.k.n.KeyIO           MODE: 2nd degree decls took 0 
693997     INFO  Test worker     d.u.i.k.n.KeyIO           Parsing took 0 ms 
693997     DEBUG Test worker     d.u.i.k.n.KeyIO           Load declarations of de.uka.ilkd.key.nparser.KeyAst$File:  <unknown>:1#1 
693997     INFO  Test worker     d.u.i.k.n.KeyIO           MODE: declarations took 0 ms 
693997     DEBUG Test worker     d.u.i.k.n.KeyIO           MODE: 2nd degree decls took 0 
693997     INFO  Test worker     d.u.i.k.n.KeyIO           Parsing took 0 ms 
693997     DEBUG Test worker     d.u.i.k.n.KeyIO           Load declarations of de.uka.ilkd.key.nparser.KeyAst$File:  <unknown>:1#1 
693997     INFO  Test worker     d.u.i.k.n.KeyIO           MODE: declarations took 0 ms 
693997     DEBUG Test worker     d.u.i.k.n.KeyIO           MODE: 2nd degree decls took 0 
693997     INFO  Test worker     d.u.i.k.n.KeyIO           Parsing took 0 ms 
693997     DEBUG Test worker     d.u.i.k.n.KeyIO           Load declarations of de.uka.ilkd.key.nparser.KeyAst$File:  <unknown>:1#1 
693997     INFO  Test worker     d.u.i.k.n.KeyIO           MODE: declarations took 0 ms 
693997     DEBUG Test worker     d.u.i.k.n.KeyIO           MODE: 2nd degree decls took 0 
693997     INFO  Test worker     d.u.i.k.n.KeyIO           Parsing took 0 ms 
693997     DEBUG Test worker     d.u.i.k.n.KeyIO           Load declarations of de.uka.ilkd.key.nparser.KeyAst$File:  <unknown>:1#1 
693997     INFO  Test worker     d.u.i.k.n.KeyIO           MODE: declarations took 0 ms 
693997     DEBUG Test worker     d.u.i.k.n.KeyIO           MODE: 2nd degree decls took 0 
698984     INFO  Test worker     d.u.i.k.n.KeyIO           Parsing took 0 ms 
698984     DEBUG Test worker     d.u.i.k.n.KeyIO           Load declarations of de.uka.ilkd.key.nparser.KeyAst$File:  <unknown>:1#1 
698984     INFO  Test worker     d.u.i.k.n.KeyIO           MODE: declarations took 0 ms 
698984     DEBUG Test worker     d.u.i.k.n.KeyIO           MODE: 2nd degree decls took 0 
698984     INFO  Test worker     d.u.i.k.n.KeyIO           Parsing took 0 ms 
698984     DEBUG Test worker     d.u.i.k.n.KeyIO           Load declarations of de.uka.ilkd.key.nparser.KeyAst$File:  <unknown>:1#1 
698984     INFO  Test worker     d.u.i.k.n.KeyIO           MODE: declarations took 0 ms 
698984     DEBUG Test worker     d.u.i.k.n.KeyIO           MODE: 2nd degree decls took 0 
698984     INFO  Test worker     d.u.i.k.n.KeyIO           Parsing took 0 ms 
698984     DEBUG Test worker     d.u.i.k.n.KeyIO           Load declarations of de.uka.ilkd.key.nparser.KeyAst$File:  <unknown>:1#1 
699000     INFO  Test worker     d.u.i.k.n.KeyIO           MODE: declarations took 16 ms 
699000     DEBUG Test worker     d.u.i.k.n.KeyIO           MODE: 2nd degree decls took 0 
699000     INFO  Test worker     d.u.i.k.n.KeyIO           Parsing took 0 ms 
699000     DEBUG Test worker     d.u.i.k.n.KeyIO           Load declarations of de.uka.ilkd.key.nparser.KeyAst$File:  <unknown>:1#1 
699000     INFO  Test worker     d.u.i.k.n.KeyIO           MODE: declarations took 0 ms 
699000     DEBUG Test worker     d.u.i.k.n.KeyIO           MODE: 2nd degree decls took 0 
699000     INFO  Test worker     d.u.i.k.n.KeyIO           Parsing took 0 ms 
699000     DEBUG Test worker     d.u.i.k.n.KeyIO           Load declarations of de.uka.ilkd.key.nparser.KeyAst$File:  <unknown>:1#1 
699000     INFO  Test worker     d.u.i.k.n.KeyIO           MODE: declarations took 0 ms 
699000     DEBUG Test worker     d.u.i.k.n.KeyIO           MODE: 2nd degree decls took 0 
703965     INFO  Test worker     d.u.i.k.n.KeyIO           Parsing took 0 ms 
703965     DEBUG Test worker     d.u.i.k.n.KeyIO           Load declarations of de.uka.ilkd.key.nparser.KeyAst$File:  <unknown>:1#1 
703965     INFO  Test worker     d.u.i.k.n.KeyIO           MODE: declarations took 0 ms 
703965     DEBUG Test worker     d.u.i.k.n.KeyIO           MODE: 2nd degree decls took 0 
703965     INFO  Test worker     d.u.i.k.n.KeyIO           Parsing took 0 ms 
703965     DEBUG Test worker     d.u.i.k.n.KeyIO           Load declarations of de.uka.ilkd.key.nparser.KeyAst$File:  <unknown>:1#1 
703965     INFO  Test worker     d.u.i.k.n.KeyIO           MODE: declarations took 0 ms 
703965     DEBUG Test worker     d.u.i.k.n.KeyIO           MODE: 2nd degree decls took 0 
703965     INFO  Test worker     d.u.i.k.n.KeyIO           Parsing took 0 ms 
703965     DEBUG Test worker     d.u.i.k.n.KeyIO           Load declarations of de.uka.ilkd.key.nparser.KeyAst$File:  <unknown>:1#1 
703965     INFO  Test worker     d.u.i.k.n.KeyIO           MODE: declarations took 0 ms 
703965     DEBUG Test worker     d.u.i.k.n.KeyIO           MODE: 2nd degree decls took 0 
703965     INFO  Test worker     d.u.i.k.n.KeyIO           Parsing took 0 ms 
703965     DEBUG Test worker     d.u.i.k.n.KeyIO           Load declarations of de.uka.ilkd.key.nparser.KeyAst$File:  <unknown>:1#1 
703965     INFO  Test worker     d.u.i.k.n.KeyIO           MODE: declarations took 0 ms 
703965     DEBUG Test worker     d.u.i.k.n.KeyIO           MODE: 2nd degree decls took 0 
703965     INFO  Test worker     d.u.i.k.n.KeyIO           Parsing took 0 ms 
703965     DEBUG Test worker     d.u.i.k.n.KeyIO           Load declarations of de.uka.ilkd.key.nparser.KeyAst$File:  <unknown>:1#1 
703965     INFO  Test worker     d.u.i.k.n.KeyIO           MODE: declarations took 0 ms 
703965     DEBUG Test worker     d.u.i.k.n.KeyIO           MODE: 2nd degree decls took 0 
709125     INFO  Test worker     d.u.i.k.n.KeyIO           Parsing took 0 ms 
709125     DEBUG Test worker     d.u.i.k.n.KeyIO           Load declarations of de.uka.ilkd.key.nparser.KeyAst$File:  <unknown>:1#1 
709125     INFO  Test worker     d.u.i.k.n.KeyIO           MODE: declarations took 0 ms 
709125     DEBUG Test worker     d.u.i.k.n.KeyIO           MODE: 2nd degree decls took 0 
709125     INFO  Test worker     d.u.i.k.n.KeyIO           Parsing took 0 ms 
709125     DEBUG Test worker     d.u.i.k.n.KeyIO           Load declarations of de.uka.ilkd.key.nparser.KeyAst$File:  <unknown>:1#1 
709125     INFO  Test worker     d.u.i.k.n.KeyIO           MODE: declarations took 0 ms 
709125     DEBUG Test worker     d.u.i.k.n.KeyIO           MODE: 2nd degree decls took 0 
709125     INFO  Test worker     d.u.i.k.n.KeyIO           Parsing took 0 ms 
709125     DEBUG Test worker     d.u.i.k.n.KeyIO           Load declarations of de.uka.ilkd.key.nparser.KeyAst$File:  <unknown>:1#1 
709125     INFO  Test worker     d.u.i.k.n.KeyIO           MODE: declarations took 0 ms 
709125     DEBUG Test worker     d.u.i.k.n.KeyIO           MODE: 2nd degree decls took 0 
709125     INFO  Test worker     d.u.i.k.n.KeyIO           Parsing took 0 ms 
709125     DEBUG Test worker     d.u.i.k.n.KeyIO           Load declarations of de.uka.ilkd.key.nparser.KeyAst$File:  <unknown>:1#1 
709125     INFO  Test worker     d.u.i.k.n.KeyIO           MODE: declarations took 0 ms 
709125     DEBUG Test worker     d.u.i.k.n.KeyIO           MODE: 2nd degree decls took 0 
709125     INFO  Test worker     d.u.i.k.n.KeyIO           Parsing took 0 ms 
709125     DEBUG Test worker     d.u.i.k.n.KeyIO           Load declarations of de.uka.ilkd.key.nparser.KeyAst$File:  <unknown>:1#1 
709125     INFO  Test worker     d.u.i.k.n.KeyIO           MODE: declarations took 0 ms 
709125     DEBUG Test worker     d.u.i.k.n.KeyIO           MODE: 2nd degree decls took 0 
714205     INFO  Test worker     d.u.i.k.n.KeyIO           Parsing took 0 ms 
714205     DEBUG Test worker     d.u.i.k.n.KeyIO           Load declarations of de.uka.ilkd.key.nparser.KeyAst$File:  <unknown>:1#1 
714205     INFO  Test worker     d.u.i.k.n.KeyIO           MODE: declarations took 0 ms 
714205     DEBUG Test worker     d.u.i.k.n.KeyIO           MODE: 2nd degree decls took 0 
714205     INFO  Test worker     d.u.i.k.n.KeyIO           Parsing took 0 ms 
714205     DEBUG Test worker     d.u.i.k.n.KeyIO           Load declarations of de.uka.ilkd.key.nparser.KeyAst$File:  <unknown>:1#1 
714205     INFO  Test worker     d.u.i.k.n.KeyIO           MODE: declarations took 0 ms 
714205     DEBUG Test worker     d.u.i.k.n.KeyIO           MODE: 2nd degree decls took 0 
714205     INFO  Test worker     d.u.i.k.n.KeyIO           Parsing took 0 ms 
714205     DEBUG Test worker     d.u.i.k.n.KeyIO           Load declarations of de.uka.ilkd.key.nparser.KeyAst$File:  <unknown>:1#1 
714205     INFO  Test worker     d.u.i.k.n.KeyIO           MODE: declarations took 0 ms 
714205     DEBUG Test worker     d.u.i.k.n.KeyIO           MODE: 2nd degree decls took 0 
714205     INFO  Test worker     d.u.i.k.n.KeyIO           Parsing took 0 ms 
714205     DEBUG Test worker     d.u.i.k.n.KeyIO           Load declarations of de.uka.ilkd.key.nparser.KeyAst$File:  <unknown>:1#1 
714205     INFO  Test worker     d.u.i.k.n.KeyIO           MODE: declarations took 0 ms 
714205     DEBUG Test worker     d.u.i.k.n.KeyIO           MODE: 2nd degree decls took 0 
714205     INFO  Test worker     d.u.i.k.n.KeyIO           Parsing took 0 ms 
714205     DEBUG Test worker     d.u.i.k.n.KeyIO           Load declarations of de.uka.ilkd.key.nparser.KeyAst$File:  <unknown>:1#1 
714205     INFO  Test worker     d.u.i.k.n.KeyIO           MODE: declarations took 0 ms 
714205     DEBUG Test worker     d.u.i.k.n.KeyIO           MODE: 2nd degree decls took 0 
719364     INFO  Test worker     d.u.i.k.n.KeyIO           Parsing took 0 ms 
719364     DEBUG Test worker     d.u.i.k.n.KeyIO           Load declarations of de.uka.ilkd.key.nparser.KeyAst$File:  <unknown>:1#1 
719364     INFO  Test worker     d.u.i.k.n.KeyIO           MODE: declarations took 0 ms 
719364     DEBUG Test worker     d.u.i.k.n.KeyIO           MODE: 2nd degree decls took 0 
719364     INFO  Test worker     d.u.i.k.n.KeyIO           Parsing took 0 ms 
719364     DEBUG Test worker     d.u.i.k.n.KeyIO           Load declarations of de.uka.ilkd.key.nparser.KeyAst$File:  <unknown>:1#1 
719364     INFO  Test worker     d.u.i.k.n.KeyIO           MODE: declarations took 0 ms 
719364     DEBUG Test worker     d.u.i.k.n.KeyIO           MODE: 2nd degree decls took 0 
719364     INFO  Test worker     d.u.i.k.n.KeyIO           Parsing took 0 ms 
719364     DEBUG Test worker     d.u.i.k.n.KeyIO           Load declarations of de.uka.ilkd.key.nparser.KeyAst$File:  <unknown>:1#1 
719364     INFO  Test worker     d.u.i.k.n.KeyIO           MODE: declarations took 0 ms 
719364     DEBUG Test worker     d.u.i.k.n.KeyIO           MODE: 2nd degree decls took 0 
719364     INFO  Test worker     d.u.i.k.n.KeyIO           Parsing took 0 ms 
719364     DEBUG Test worker     d.u.i.k.n.KeyIO           Load declarations of de.uka.ilkd.key.nparser.KeyAst$File:  <unknown>:1#1 
719364     INFO  Test worker     d.u.i.k.n.KeyIO           MODE: declarations took 0 ms 
719364     DEBUG Test worker     d.u.i.k.n.KeyIO           MODE: 2nd degree decls took 0 
719364     INFO  Test worker     d.u.i.k.n.KeyIO           Parsing took 0 ms 
719364     DEBUG Test worker     d.u.i.k.n.KeyIO           Load declarations of de.uka.ilkd.key.nparser.KeyAst$File:  <unknown>:1#1 
719364     INFO  Test worker     d.u.i.k.n.KeyIO           MODE: declarations took 0 ms 
719364     DEBUG Test worker     d.u.i.k.n.KeyIO           MODE: 2nd degree decls took 0 
724460     INFO  Test worker     d.u.i.k.n.KeyIO           Parsing took 0 ms 
724460     DEBUG Test worker     d.u.i.k.n.KeyIO           Load declarations of de.uka.ilkd.key.nparser.KeyAst$File:  <unknown>:1#1 
724460     INFO  Test worker     d.u.i.k.n.KeyIO           MODE: declarations took 0 ms 
724460     DEBUG Test worker     d.u.i.k.n.KeyIO           MODE: 2nd degree decls took 0 
724460     INFO  Test worker     d.u.i.k.n.KeyIO           Parsing took 0 ms 
724460     DEBUG Test worker     d.u.i.k.n.KeyIO           Load declarations of de.uka.ilkd.key.nparser.KeyAst$File:  <unknown>:1#1 
724460     INFO  Test worker     d.u.i.k.n.KeyIO           MODE: declarations took 0 ms 
724460     DEBUG Test worker     d.u.i.k.n.KeyIO           MODE: 2nd degree decls took 0 
724460     INFO  Test worker     d.u.i.k.n.KeyIO           Parsing took 0 ms 
724460     DEBUG Test worker     d.u.i.k.n.KeyIO           Load declarations of de.uka.ilkd.key.nparser.KeyAst$File:  <unknown>:1#1 
724460     INFO  Test worker     d.u.i.k.n.KeyIO           MODE: declarations took 0 ms 
724476     DEBUG Test worker     d.u.i.k.n.KeyIO           MODE: 2nd degree decls took 0 
724476     INFO  Test worker     d.u.i.k.n.KeyIO           Parsing took 0 ms 
724476     DEBUG Test worker     d.u.i.k.n.KeyIO           Load declarations of de.uka.ilkd.key.nparser.KeyAst$File:  <unknown>:1#1 
724476     INFO  Test worker     d.u.i.k.n.KeyIO           MODE: declarations took 0 ms 
724476     DEBUG Test worker     d.u.i.k.n.KeyIO           MODE: 2nd degree decls took 0 
724476     INFO  Test worker     d.u.i.k.n.KeyIO           Parsing took 0 ms 
724476     DEBUG Test worker     d.u.i.k.n.KeyIO           Load declarations of de.uka.ilkd.key.nparser.KeyAst$File:  <unknown>:1#1 
724476     INFO  Test worker     d.u.i.k.n.KeyIO           MODE: declarations took 0 ms 
724476     DEBUG Test worker     d.u.i.k.n.KeyIO           MODE: 2nd degree decls took 0 
729526     INFO  Test worker     d.u.i.k.n.KeyIO           Parsing took 0 ms 
729526     DEBUG Test worker     d.u.i.k.n.KeyIO           Load declarations of de.uka.ilkd.key.nparser.KeyAst$File:  <unknown>:1#1 
729526     INFO  Test worker     d.u.i.k.n.KeyIO           MODE: declarations took 0 ms 
729526     DEBUG Test worker     d.u.i.k.n.KeyIO           MODE: 2nd degree decls took 0 
729526     INFO  Test worker     d.u.i.k.n.KeyIO           Parsing took 0 ms 
729526     DEBUG Test worker     d.u.i.k.n.KeyIO           Load declarations of de.uka.ilkd.key.nparser.KeyAst$File:  <unknown>:1#1 
729526     INFO  Test worker     d.u.i.k.n.KeyIO           MODE: declarations took 0 ms 
729526     DEBUG Test worker     d.u.i.k.n.KeyIO           MODE: 2nd degree decls took 0 
729526     INFO  Test worker     d.u.i.k.n.KeyIO           Parsing took 0 ms 
729526     DEBUG Test worker     d.u.i.k.n.KeyIO           Load declarations of de.uka.ilkd.key.nparser.KeyAst$File:  <unknown>:1#1 
729526     INFO  Test worker     d.u.i.k.n.KeyIO           MODE: declarations took 0 ms 
729526     DEBUG Test worker     d.u.i.k.n.KeyIO           MODE: 2nd degree decls took 0 
729526     INFO  Test worker     d.u.i.k.n.KeyIO           Parsing took 0 ms 
729526     DEBUG Test worker     d.u.i.k.n.KeyIO           Load declarations of de.uka.ilkd.key.nparser.KeyAst$File:  <unknown>:1#1 
729526     INFO  Test worker     d.u.i.k.n.KeyIO           MODE: declarations took 0 ms 
729526     DEBUG Test worker     d.u.i.k.n.KeyIO           MODE: 2nd degree decls took 0 
729526     INFO  Test worker     d.u.i.k.n.KeyIO           Parsing took 0 ms 
729526     DEBUG Test worker     d.u.i.k.n.KeyIO           Load declarations of de.uka.ilkd.key.nparser.KeyAst$File:  <unknown>:1#1 
729526     INFO  Test worker     d.u.i.k.n.KeyIO           MODE: declarations took 0 ms 
729526     DEBUG Test worker     d.u.i.k.n.KeyIO           MODE: 2nd degree decls took 0 
]]></system-out>
  <system-err><![CDATA[]]></system-err>
</testsuite>
