<?xml version="1.0" encoding="UTF-8"?>
<testsuite name="de.uka.ilkd.key.rule.merge.PredicateAbstractionLatticeTests" tests="3" skipped="0" failures="0" errors="0" timestamp="2023-06-05T21:19:33" hostname="fv-az192-928" time="10.241">
  <properties/>
  <testcase name="testToAndFromString()" classname="de.uka.ilkd.key.rule.merge.PredicateAbstractionLatticeTests" time="5.112"/>
  <testcase name="testCreateSignLatticeWithPredicates()" classname="de.uka.ilkd.key.rule.merge.PredicateAbstractionLatticeTests" time="5.129"/>
  <testcase name="testTrivialPredicatesLattice()" classname="de.uka.ilkd.key.rule.merge.PredicateAbstractionLatticeTests" time="0.0"/>
  <system-out><![CDATA[923135     INFO  Test worker     d.u.i.k.p.i.AbstractProblemLoader Loading environment from src\test\resources\testcase\merge\dummy.key 
923151     DEBUG Test worker     d.u.i.k.p.i.AbstractProblemLoader Environment load took 302.3ns 
923151     INFO  Test worker     d.u.i.k.p.i.AbstractProblemLoader Creating init config 
928217     DEBUG Test worker     d.u.i.k.p.i.AbstractProblemLoader Init config took 5.07s 
928232     INFO  Test worker     d.u.i.k.p.i.AbstractProblemLoader Replaying proof dummy.key 
928232     DEBUG Test worker     d.u.i.k.p.i.IntermediateProofReplayer Proof replay took 10.7ns 
928248     INFO  Test worker     d.u.i.k.p.i.AbstractProblemLoader Loading environment from src\test\resources\testcase\merge\dummy.key 
928248     DEBUG Test worker     d.u.i.k.p.i.AbstractProblemLoader Environment load took 442.2ns 
928248     INFO  Test worker     d.u.i.k.p.i.AbstractProblemLoader Creating init config 
933361     DEBUG Test worker     d.u.i.k.p.i.AbstractProblemLoader Init config took 5.11s 
933377     INFO  Test worker     d.u.i.k.p.i.AbstractProblemLoader Replaying proof dummy.key 
933377     DEBUG Test worker     d.u.i.k.p.i.IntermediateProofReplayer Proof replay took 9.7ns 
]]></system-out>
  <system-err><![CDATA[]]></system-err>
</testsuite>
