<?xml version="1.0" encoding="UTF-8"?>
<testsuite name="de.uka.ilkd.key.parser.TestParser" tests="5" skipped="1" failures="0" errors="0" timestamp="2023-06-05T21:12:49" hostname="fv-az192-928" time="8.436">
  <properties/>
  <testcase name="testConstantEvaluationError()" classname="de.uka.ilkd.key.parser.TestParser" time="1.659"/>
  <testcase name="testGenericSort()" classname="de.uka.ilkd.key.parser.TestParser" time="0.003"/>
  <testcase name="testIssue1566()" classname="de.uka.ilkd.key.parser.TestParser" time="5.187"/>
  <testcase name="testIssue39()" classname="de.uka.ilkd.key.parser.TestParser" time="1.584"/>
  <testcase name="testRelativeInclude()" classname="de.uka.ilkd.key.parser.TestParser" time="0.003">
    <skipped/>
  </testcase>
  <system-out><![CDATA[518657     INFO  Test worker     d.u.i.k.p.i.AbstractProblemLoader Loading environment from src\test\resources\testcase\parserErrorTest\AssignToArray.java 
518657     DEBUG Test worker     d.u.i.k.p.i.AbstractProblemLoader Environment load took 195ns 
518657     INFO  Test worker     d.u.i.k.p.i.AbstractProblemLoader Creating init config 
520315     INFO  Test worker     d.u.i.k.n.KeyIO           Parsing took 0 ms 
520315     DEBUG Test worker     d.u.i.k.n.KeyIO           Load declarations of de.uka.ilkd.key.nparser.KeyAst$File:  <unknown>:1#1 
520315     INFO  Test worker     d.u.i.k.n.KeyIO           MODE: declarations took 0 ms 
520315     DEBUG Test worker     d.u.i.k.n.KeyIO           MODE: 2nd degree decls took 0 
520315     DEBUG Test worker     d.u.i.k.n.KeyIO           MODE: taclets took 0ms 
520315     INFO  Test worker     d.u.i.k.p.i.AbstractProblemLoader Loading environment from src\test\resources\testcase\issues\1566\a.key 
520315     DEBUG Test worker     d.u.i.k.p.i.AbstractProblemLoader Environment load took 282.1ns 
520331     INFO  Test worker     d.u.i.k.p.i.AbstractProblemLoader Creating init config 
525475     DEBUG Test worker     d.u.i.k.p.i.AbstractProblemLoader Init config took 5.15s 
525491     INFO  Test worker     d.u.i.k.p.i.AbstractProblemLoader Replaying proof a.key 
525507     DEBUG Test worker     d.u.i.k.p.i.IntermediateProofReplayer Proof replay took 10.3ns 
525507     INFO  Test worker     d.u.i.k.p.i.AbstractProblemLoader Loading environment from src\test\resources\testcase\issues\39\A.java 
525507     DEBUG Test worker     d.u.i.k.p.i.AbstractProblemLoader Environment load took 239.1ns 
525507     INFO  Test worker     d.u.i.k.p.i.AbstractProblemLoader Creating init config 
]]></system-out>
  <system-err><![CDATA[]]></system-err>
</testsuite>
