<?xml version="1.0" encoding="UTF-8"?>
<testsuite name="de.uka.ilkd.key.proof.TestOneStepSimplifier" tests="1" skipped="0" failures="0" errors="0" timestamp="2023-06-05T21:16:30" hostname="fv-az192-928" time="7.018">
  <properties/>
  <testcase name="loadWithRestriction()" classname="de.uka.ilkd.key.proof.TestOneStepSimplifier" time="7.018"/>
  <system-out><![CDATA[739706     INFO  Test worker     d.u.i.k.p.i.AbstractProblemLoader Loading environment from src\test\resources\testcase\ossRestriction.proof 
739706     DEBUG Test worker     d.u.i.k.p.i.AbstractProblemLoader Environment load took 261.5ns 
739706     INFO  Test worker     d.u.i.k.p.i.AbstractProblemLoader Creating init config 
739956     DEBUG Test worker     d.u.i.k.j.TypeConverter   No LDT found for Meta 
739956     DEBUG Test worker     d.u.i.k.j.TypeConverter   No LDT found for Meta 
739956     DEBUG Test worker     d.u.i.k.j.TypeConverter   No LDT found for Meta 
739956     DEBUG Test worker     d.u.i.k.j.TypeConverter   No LDT found for Meta 
740988     DEBUG Test worker     d.u.i.k.j.TypeConverter   No LDT found for JavaBigintExpression 
746677     DEBUG Test worker     d.u.i.k.p.i.AbstractProblemLoader Init config took 6.96s 
746708     INFO  Test worker     d.u.i.k.p.i.AbstractProblemLoader Replaying proof ossRestriction.proof 
746724     DEBUG Test worker     d.u.i.k.p.i.IntermediateProofReplayer Proof replay took 1.3ms 
]]></system-out>
  <system-err><![CDATA[]]></system-err>
</testsuite>
