<?xml version="1.0" encoding="UTF-8"?>
<testsuite name="de.uka.ilkd.key.proof.io.consistency.TestProofBundleIO" tests="3" skipped="0" failures="0" errors="0" timestamp="2023-06-05T21:16:51" hostname="fv-az192-928" time="12.629">
  <properties/>
  <testcase name="testSimpleFileRepo()" classname="de.uka.ilkd.key.proof.io.consistency.TestProofBundleIO" time="0.06"/>
  <testcase name="testComplexBundleGeneration()" classname="de.uka.ilkd.key.proof.io.consistency.TestProofBundleIO" time="1.95"/>
  <testcase name="testSimpleBundleGeneration()" classname="de.uka.ilkd.key.proof.io.consistency.TestProofBundleIO" time="10.618"/>
  <system-out><![CDATA[761124     INFO  Test worker     d.u.i.k.p.i.AbstractProblemLoader Loading environment from D:\a\key\key\key.core\src\test\resources\testcase\proofBundle\complexBundleGeneration\test.key 
761124     DEBUG Test worker     d.u.i.k.p.i.AbstractProblemLoader Environment load took 247.3ns 
761124     INFO  Test worker     d.u.i.k.p.i.AbstractProblemLoader Creating init config 
761734     DEBUG Test worker     d.u.i.k.p.i.AbstractProblemLoader Init config took 612.35ms 
761796     INFO  Test worker     d.u.i.k.p.i.AbstractProblemLoader Replaying proof Test[Test::constant()].JML normal_behavior operation contract.0 
761796     DEBUG Test worker     d.u.i.k.p.i.IntermediateProofReplayer Proof replay took 10.9ns 
762234     INFO  Test worker     d.u.i.k.p.i.AbstractProblemLoader Loading environment from D:\a\key\key\key.core\src\test\resources\testcase\proofBundle\complexBundleGeneration\test.zproof 
762326     DEBUG Test worker     d.u.i.k.p.i.AbstractProblemLoader Environment load took 84.49ms 
762329     INFO  Test worker     d.u.i.k.p.i.AbstractProblemLoader Creating init config 
762954     DEBUG Test worker     d.u.i.k.p.i.AbstractProblemLoader Init config took 633.21ms 
763000     INFO  Test worker     d.u.i.k.p.i.AbstractProblemLoader Replaying proof Test[Test::constant()].JML normal_behavior operation contract.0 
763063     DEBUG Test worker     d.u.i.k.p.i.IntermediateProofReplayer Proof replay took 57ms 
763078     INFO  Test worker     d.u.i.k.p.i.AbstractProblemLoader Loading environment from D:\a\key\key\key.core\src\test\resources\testcase\proofBundle\simpleBundleGeneration\test.key 
763078     DEBUG Test worker     d.u.i.k.p.i.AbstractProblemLoader Environment load took 132.5ns 
763078     INFO  Test worker     d.u.i.k.p.i.AbstractProblemLoader Creating init config 
768238     DEBUG Test worker     d.u.i.k.p.i.AbstractProblemLoader Init config took 5.16s 
768301     INFO  Test worker     d.u.i.k.p.i.AbstractProblemLoader Replaying proof Test[Test::constant()].JML normal_behavior operation contract.0 
768301     DEBUG Test worker     d.u.i.k.p.i.IntermediateProofReplayer Proof replay took 11.7ns 
768426     INFO  Test worker     d.u.i.k.p.i.AbstractProblemLoader Loading environment from D:\a\key\key\key.core\src\test\resources\testcase\proofBundle\simpleBundleGeneration\test.zproof 
768426     DEBUG Test worker     d.u.i.k.p.i.AbstractProblemLoader Environment load took 5.28ms 
768441     INFO  Test worker     d.u.i.k.p.i.AbstractProblemLoader Creating init config 
773601     DEBUG Test worker     d.u.i.k.p.i.AbstractProblemLoader Init config took 5.16s 
773663     INFO  Test worker     d.u.i.k.p.i.AbstractProblemLoader Replaying proof Test[Test::constant()].JML normal_behavior operation contract.0 
773679     DEBUG Test worker     d.u.i.k.p.i.IntermediateProofReplayer Proof replay took 18.21ms 
]]></system-out>
  <system-err><![CDATA[]]></system-err>
</testsuite>
