<?xml version="1.0" encoding="UTF-8"?>
<testsuite name="de.uka.ilkd.key.rule.loop.LoopScopeInvRuleTests" tests="1" skipped="0" failures="0" errors="0" timestamp="2023-06-05T21:17:14" hostname="fv-az192-928" time="8.217">
  <properties/>
  <testcase name="testDoAutomaticProofOfBenchmarkWithLabeledBreaksAndContinues()" classname="de.uka.ilkd.key.rule.loop.LoopScopeInvRuleTests" time="8.217"/>
  <system-out><![CDATA[784014     INFO  Test worker     d.u.i.k.p.i.AbstractProblemLoader Loading environment from src\test\resources\testcase\loopScopeInvRule\Test.key 
784014     DEBUG Test worker     d.u.i.k.p.i.AbstractProblemLoader Environment load took 286.3ns 
784014     INFO  Test worker     d.u.i.k.p.i.AbstractProblemLoader Creating init config 
784358     DEBUG Test worker     d.u.i.k.j.TypeConverter   No LDT found for Meta 
784358     DEBUG Test worker     d.u.i.k.j.TypeConverter   No LDT found for Meta 
784358     DEBUG Test worker     d.u.i.k.j.TypeConverter   No LDT found for Meta 
784358     DEBUG Test worker     d.u.i.k.j.TypeConverter   No LDT found for Meta 
785343     DEBUG Test worker     d.u.i.k.j.TypeConverter   No LDT found for JavaBigintExpression 
791190     DEBUG Test worker     d.u.i.k.p.i.AbstractProblemLoader Init config took 7.18s 
791252     INFO  Test worker     d.u.i.k.p.i.AbstractProblemLoader Replaying proof Test[Test::loopScopeRuleBenchmark(int,boolean)].JML normal_behavior operation contract.0 
791268     DEBUG Test worker     d.u.i.k.p.i.IntermediateProofReplayer Proof replay took 19.8ns 
]]></system-out>
  <system-err><![CDATA[]]></system-err>
</testsuite>
