<?xml version="1.0" encoding="UTF-8"?>
<testsuite name="de.uka.ilkd.key.macros.scripts.ScriptLineParserTest" tests="1" skipped="0" failures="0" errors="0" timestamp="2023-06-12T18:40:44" hostname="fv-az401-939" time="0.014">
  <properties/>
  <testcase name="test()" classname="de.uka.ilkd.key.macros.scripts.ScriptLineParserTest" time="0.014"/>
  <system-out><![CDATA[]]></system-out>
  <system-err><![CDATA[213296     INFO  Test worker     d.u.i.k.m.s.ScriptLineParserTest {key1=value1, #3=long defvalue, key2=value two, #literal=macro key1=value1 key2="value two" defval3 "long defvalue", #1=macro, #2=defval3} 
213296     INFO  Test worker     d.u.i.k.m.s.ScriptLineParserTest {#literal=command, #1=command} 
213296     INFO  Test worker     d.u.i.k.m.s.ScriptLineParserTest {with=line breaks in 
 values, #literal=multiline 
 command 
 with="line breaks in 
 values", #1=multiline, #2=command} 
213296     INFO  Test worker     d.u.i.k.m.s.ScriptLineParserTest {#literal=select formula="a;b", formula=a;b, #1=select} 
213296     INFO  Test worker     d.u.i.k.m.s.ScriptLineParserTest {#literal=hyphened-command, #1=hyphened-command} 
]]></system-err>
</testsuite>
