<?xml version="1.0" encoding="UTF-8"?>
<testsuite name="de.uka.ilkd.key.logic.TestTermLabelManager" tests="21" skipped="0" failures="19" errors="0" timestamp="2023-06-12T18:37:28" hostname="fv-az401-939" time="195.809">
  <properties/>
  <testcase name="testInstantiateLabels_directChildPolicies_allRules()" classname="de.uka.ilkd.key.logic.TestTermLabelManager" time="192.884">
    <failure message="JavaBuildingIssue{node=super.$prepare()range=Optional.empty, message='Unsupported element detected given by Java Parser: MethodCallExpr. Please extend the KeY-Java-Hierarchy'} (file: src/test/resources/testcase/termLabels/flatSteps/FlatSteps.java; caused by: JavaBuildingExceptions{issues=[JavaBuildingIssue{node=super.$prepare()range=Optional.empty, message='Unsupported element detected given by Java Parser: MethodCallExpr. Please extend the KeY-Java-Hierarchy'}]})" type="de.uka.ilkd.key.proof.io.ProblemLoaderException">JavaBuildingIssue{node=super.$prepare()range=Optional.empty, message='Unsupported element detected given by Java Parser: MethodCallExpr. Please extend the KeY-Java-Hierarchy'} (file: src/test/resources/testcase/termLabels/flatSteps/FlatSteps.java; caused by: JavaBuildingExceptions{issues=[JavaBuildingIssue{node=super.$prepare()range=Optional.empty, message='Unsupported element detected given by Java Parser: MethodCallExpr. Please extend the KeY-Java-Hierarchy'}]})
	at app//de.uka.ilkd.key.control.AbstractUserInterfaceControl.load(AbstractUserInterfaceControl.java:225)
	at app//de.uka.ilkd.key.control.KeYEnvironment.load(KeYEnvironment.java:282)
	at app//de.uka.ilkd.key.control.KeYEnvironment.load(KeYEnvironment.java:251)
	at app//de.uka.ilkd.key.control.KeYEnvironment.load(KeYEnvironment.java:225)
	at app//de.uka.ilkd.key.control.KeYEnvironment.load(KeYEnvironment.java:185)
	at app//de.uka.ilkd.key.logic.TestTermLabelManager.createTestServices(TestTermLabelManager.java:584)
	at app//de.uka.ilkd.key.logic.TestTermLabelManager.testInstantiateLabels_directChildPolicies_allRules(TestTermLabelManager.java:344)
	at java.base@17.0.7/jdk.internal.reflect.NativeMethodAccessorImpl.invoke0(Native Method)
	at java.base@17.0.7/jdk.internal.reflect.NativeMethodAccessorImpl.invoke(NativeMethodAccessorImpl.java:77)
	at java.base@17.0.7/jdk.internal.reflect.DelegatingMethodAccessorImpl.invoke(DelegatingMethodAccessorImpl.java:43)
	at java.base@17.0.7/java.lang.reflect.Method.invoke(Method.java:568)
	at app//org.junit.platform.commons.util.ReflectionUtils.invokeMethod(ReflectionUtils.java:727)
	at app//org.junit.jupiter.engine.execution.MethodInvocation.proceed(MethodInvocation.java:60)
	at app//org.junit.jupiter.engine.execution.InvocationInterceptorChain$ValidatingInvocation.proceed(InvocationInterceptorChain.java:131)
	at app//org.junit.jupiter.engine.extension.TimeoutExtension.intercept(TimeoutExtension.java:156)
	at app//org.junit.jupiter.engine.extension.TimeoutExtension.interceptTestableMethod(TimeoutExtension.java:147)
	at app//org.junit.jupiter.engine.extension.TimeoutExtension.interceptTestMethod(TimeoutExtension.java:86)
	at app//org.junit.jupiter.engine.execution.InterceptingExecutableInvoker$ReflectiveInterceptorCall.lambda$ofVoidMethod$0(InterceptingExecutableInvoker.java:103)
	at app//org.junit.jupiter.engine.execution.InterceptingExecutableInvoker.lambda$invoke$0(InterceptingExecutableInvoker.java:93)
	at app//org.junit.jupiter.engine.execution.InvocationInterceptorChain$InterceptedInvocation.proceed(InvocationInterceptorChain.java:106)
	at app//org.junit.jupiter.engine.execution.InvocationInterceptorChain.proceed(InvocationInterceptorChain.java:64)
	at app//org.junit.jupiter.engine.execution.InvocationInterceptorChain.chainAndInvoke(InvocationInterceptorChain.java:45)
	at app//org.junit.jupiter.engine.execution.InvocationInterceptorChain.invoke(InvocationInterceptorChain.java:37)
	at app//org.junit.jupiter.engine.execution.InterceptingExecutableInvoker.invoke(InterceptingExecutableInvoker.java:92)
	at app//org.junit.jupiter.engine.execution.InterceptingExecutableInvoker.invoke(InterceptingExecutableInvoker.java:86)
	at app//org.junit.jupiter.engine.descriptor.TestMethodTestDescriptor.lambda$invokeTestMethod$7(TestMethodTestDescriptor.java:217)
	at app//org.junit.platform.engine.support.hierarchical.ThrowableCollector.execute(ThrowableCollector.java:73)
	at app//org.junit.jupiter.engine.descriptor.TestMethodTestDescriptor.invokeTestMethod(TestMethodTestDescriptor.java:213)
	at app//org.junit.jupiter.engine.descriptor.TestMethodTestDescriptor.execute(TestMethodTestDescriptor.java:138)
	at app//org.junit.jupiter.engine.descriptor.TestMethodTestDescriptor.execute(TestMethodTestDescriptor.java:68)
	at app//org.junit.platform.engine.support.hierarchical.NodeTestTask.lambda$executeRecursively$6(NodeTestTask.java:151)
	at app//org.junit.platform.engine.support.hierarchical.ThrowableCollector.execute(ThrowableCollector.java:73)
	at app//org.junit.platform.engine.support.hierarchical.NodeTestTask.lambda$executeRecursively$8(NodeTestTask.java:141)
	at app//org.junit.platform.engine.support.hierarchical.Node.around(Node.java:137)
	at app//org.junit.platform.engine.support.hierarchical.NodeTestTask.lambda$executeRecursively$9(NodeTestTask.java:139)
	at app//org.junit.platform.engine.support.hierarchical.ThrowableCollector.execute(ThrowableCollector.java:73)
	at app//org.junit.platform.engine.support.hierarchical.NodeTestTask.executeRecursively(NodeTestTask.java:138)
	at app//org.junit.platform.engine.support.hierarchical.NodeTestTask.execute(NodeTestTask.java:95)
	at java.base@17.0.7/java.util.ArrayList.forEach(ArrayList.java:1511)
	at app//org.junit.platform.engine.support.hierarchical.SameThreadHierarchicalTestExecutorService.invokeAll(SameThreadHierarchicalTestExecutorService.java:41)
	at app//org.junit.platform.engine.support.hierarchical.NodeTestTask.lambda$executeRecursively$6(NodeTestTask.java:155)
	at app//org.junit.platform.engine.support.hierarchical.ThrowableCollector.execute(ThrowableCollector.java:73)
	at app//org.junit.platform.engine.support.hierarchical.NodeTestTask.lambda$executeRecursively$8(NodeTestTask.java:141)
	at app//org.junit.platform.engine.support.hierarchical.Node.around(Node.java:137)
	at app//org.junit.platform.engine.support.hierarchical.NodeTestTask.lambda$executeRecursively$9(NodeTestTask.java:139)
	at app//org.junit.platform.engine.support.hierarchical.ThrowableCollector.execute(ThrowableCollector.java:73)
	at app//org.junit.platform.engine.support.hierarchical.NodeTestTask.executeRecursively(NodeTestTask.java:138)
	at app//org.junit.platform.engine.support.hierarchical.NodeTestTask.execute(NodeTestTask.java:95)
	at java.base@17.0.7/java.util.ArrayList.forEach(ArrayList.java:1511)
	at app//org.junit.platform.engine.support.hierarchical.SameThreadHierarchicalTestExecutorService.invokeAll(SameThreadHierarchicalTestExecutorService.java:41)
	at app//org.junit.platform.engine.support.hierarchical.NodeTestTask.lambda$executeRecursively$6(NodeTestTask.java:155)
	at app//org.junit.platform.engine.support.hierarchical.ThrowableCollector.execute(ThrowableCollector.java:73)
	at app//org.junit.platform.engine.support.hierarchical.NodeTestTask.lambda$executeRecursively$8(NodeTestTask.java:141)
	at app//org.junit.platform.engine.support.hierarchical.Node.around(Node.java:137)
	at app//org.junit.platform.engine.support.hierarchical.NodeTestTask.lambda$executeRecursively$9(NodeTestTask.java:139)
	at app//org.junit.platform.engine.support.hierarchical.ThrowableCollector.execute(ThrowableCollector.java:73)
	at app//org.junit.platform.engine.support.hierarchical.NodeTestTask.executeRecursively(NodeTestTask.java:138)
	at app//org.junit.platform.engine.support.hierarchical.NodeTestTask.execute(NodeTestTask.java:95)
	at app//org.junit.platform.engine.support.hierarchical.SameThreadHierarchicalTestExecutorService.submit(SameThreadHierarchicalTestExecutorService.java:35)
	at app//org.junit.platform.engine.support.hierarchical.HierarchicalTestExecutor.execute(HierarchicalTestExecutor.java:57)
	at app//org.junit.platform.engine.support.hierarchical.HierarchicalTestEngine.execute(HierarchicalTestEngine.java:54)
	at app//org.junit.platform.launcher.core.EngineExecutionOrchestrator.execute(EngineExecutionOrchestrator.java:107)
	at app//org.junit.platform.launcher.core.EngineExecutionOrchestrator.execute(EngineExecutionOrchestrator.java:88)
	at app//org.junit.platform.launcher.core.EngineExecutionOrchestrator.lambda$execute$0(EngineExecutionOrchestrator.java:54)
	at app//org.junit.platform.launcher.core.EngineExecutionOrchestrator.withInterceptedStreams(EngineExecutionOrchestrator.java:67)
	at app//org.junit.platform.launcher.core.EngineExecutionOrchestrator.execute(EngineExecutionOrchestrator.java:52)
	at app//org.junit.platform.launcher.core.DefaultLauncher.execute(DefaultLauncher.java:114)
	at app//org.junit.platform.launcher.core.DefaultLauncher.execute(DefaultLauncher.java:86)
	at app//org.junit.platform.launcher.core.DefaultLauncherSession$DelegatingLauncher.execute(DefaultLauncherSession.java:86)
	at org.gradle.api.internal.tasks.testing.junitplatform.JUnitPlatformTestClassProcessor$CollectAllTestClassesExecutor.processAllTestClasses(JUnitPlatformTestClassProcessor.java:110)
	at org.gradle.api.internal.tasks.testing.junitplatform.JUnitPlatformTestClassProcessor$CollectAllTestClassesExecutor.access$000(JUnitPlatformTestClassProcessor.java:90)
	at org.gradle.api.internal.tasks.testing.junitplatform.JUnitPlatformTestClassProcessor.stop(JUnitPlatformTestClassProcessor.java:85)
	at org.gradle.api.internal.tasks.testing.SuiteTestClassProcessor.stop(SuiteTestClassProcessor.java:62)
	at java.base@17.0.7/jdk.internal.reflect.NativeMethodAccessorImpl.invoke0(Native Method)
	at java.base@17.0.7/jdk.internal.reflect.NativeMethodAccessorImpl.invoke(NativeMethodAccessorImpl.java:77)
	at java.base@17.0.7/jdk.internal.reflect.DelegatingMethodAccessorImpl.invoke(DelegatingMethodAccessorImpl.java:43)
	at java.base@17.0.7/java.lang.reflect.Method.invoke(Method.java:568)
	at org.gradle.internal.dispatch.ReflectionDispatch.dispatch(ReflectionDispatch.java:36)
	at org.gradle.internal.dispatch.ReflectionDispatch.dispatch(ReflectionDispatch.java:24)
	at org.gradle.internal.dispatch.ContextClassLoaderDispatch.dispatch(ContextClassLoaderDispatch.java:33)
	at org.gradle.internal.dispatch.ProxyDispatchAdapter$DispatchingInvocationHandler.invoke(ProxyDispatchAdapter.java:94)
	at jdk.proxy2/jdk.proxy2.$Proxy5.stop(Unknown Source)
	at org.gradle.api.internal.tasks.testing.worker.TestWorker$3.run(TestWorker.java:193)
	at org.gradle.api.internal.tasks.testing.worker.TestWorker.executeAndMaintainThreadName(TestWorker.java:129)
	at org.gradle.api.internal.tasks.testing.worker.TestWorker.execute(TestWorker.java:100)
	at org.gradle.api.internal.tasks.testing.worker.TestWorker.execute(TestWorker.java:60)
	at org.gradle.process.internal.worker.child.ActionExecutionWorker.execute(ActionExecutionWorker.java:56)
	at org.gradle.process.internal.worker.child.SystemApplicationClassLoaderWorker.call(SystemApplicationClassLoaderWorker.java:113)
	at org.gradle.process.internal.worker.child.SystemApplicationClassLoaderWorker.call(SystemApplicationClassLoaderWorker.java:65)
	at app//worker.org.gradle.process.internal.worker.GradleWorkerMain.run(GradleWorkerMain.java:69)
	at app//worker.org.gradle.process.internal.worker.GradleWorkerMain.main(GradleWorkerMain.java:74)
Caused by: JavaBuildingExceptions{issues=[JavaBuildingIssue{node=super.$prepare()range=Optional.empty, message='Unsupported element detected given by Java Parser: MethodCallExpr. Please extend the KeY-Java-Hierarchy'}]}
	at app//de.uka.ilkd.key.java.JP2KeYVisitor.reportError(JP2KeYConverter.java:119)
	at app//de.uka.ilkd.key.java.JP2KeYVisitor.reportUnsupportedElement(JP2KeYConverter.java:123)
	at app//de.uka.ilkd.key.java.JP2KeYVisitor.visit(JP2KeYConverter.java:708)
	at app//de.uka.ilkd.key.java.JP2KeYVisitor.visit(JP2KeYConverter.java:91)
	at app//com.github.javaparser.ast.expr.MethodCallExpr.accept(MethodCallExpr.java:116)
	at app//de.uka.ilkd.key.java.JP2KeYVisitor.accept(JP2KeYConverter.java:374)
	at app//de.uka.ilkd.key.java.JP2KeYVisitor.visit(JP2KeYConverter.java:541)
	at app//de.uka.ilkd.key.java.JP2KeYVisitor.visit(JP2KeYConverter.java:91)
	at app//com.github.javaparser.ast.stmt.ExpressionStmt.accept(ExpressionStmt.java:71)
	at app//de.uka.ilkd.key.java.JP2KeYVisitor.map(JP2KeYConverter.java:430)
	at app//de.uka.ilkd.key.java.JP2KeYVisitor.visit(JP2KeYConverter.java:279)
	at app//de.uka.ilkd.key.java.JP2KeYVisitor.visit(JP2KeYConverter.java:91)
	at app//com.github.javaparser.ast.stmt.BlockStmt.accept(BlockStmt.java:70)
	at app//de.uka.ilkd.key.java.JP2KeYVisitor.accept(JP2KeYConverter.java:374)
	at app//de.uka.ilkd.key.java.JP2KeYVisitor.accepto(JP2KeYConverter.java:447)
	at app//de.uka.ilkd.key.java.JP2KeYVisitor.visit(JP2KeYConverter.java:737)
	at app//de.uka.ilkd.key.java.JP2KeYVisitor.visit(JP2KeYConverter.java:91)
	at app//com.github.javaparser.ast.body.MethodDeclaration.accept(MethodDeclaration.java:98)
	at app//de.uka.ilkd.key.java.JP2KeYVisitor.map(JP2KeYConverter.java:430)
	at app//de.uka.ilkd.key.java.JP2KeYVisitor.visit(JP2KeYConverter.java:331)
	at app//de.uka.ilkd.key.java.JP2KeYVisitor.visit(JP2KeYConverter.java:91)
	at app//com.github.javaparser.ast.body.ClassOrInterfaceDeclaration.accept(ClassOrInterfaceDeclaration.java:95)
	at app//de.uka.ilkd.key.java.JP2KeYVisitor.map(JP2KeYConverter.java:430)
	at app//de.uka.ilkd.key.java.JP2KeYVisitor.visit(JP2KeYConverter.java:419)
	at app//de.uka.ilkd.key.java.JP2KeYVisitor.visit(JP2KeYConverter.java:91)
	at app//com.github.javaparser.ast.CompilationUnit.accept(CompilationUnit.java:124)
	at app//de.uka.ilkd.key.java.JP2KeYConverter.process(JP2KeYConverter.java:85)
	at app//de.uka.ilkd.key.java.JP2KeYConverter.processCompilationUnit(JP2KeYConverter.java:81)
	at app//de.uka.ilkd.key.java.JavaService.parseLibraryClasses0(JavaService.java:545)
	at app//de.uka.ilkd.key.java.JavaService.parseSpecialClasses(JavaService.java:520)
	at app//de.uka.ilkd.key.java.JavaService.recoderCompilationUnitsAsFiles(JavaService.java:177)
	at app//de.uka.ilkd.key.java.JavaService.readCompilationUnitsAsFiles(JavaService.java:153)
	at app//de.uka.ilkd.key.proof.init.ProblemInitializer.readJava(ProblemInitializer.java:277)
	at app//de.uka.ilkd.key.proof.init.ProblemInitializer.prepare(ProblemInitializer.java:529)
	at app//de.uka.ilkd.key.proof.init.ProblemInitializer.prepare(ProblemInitializer.java:471)
	at app//de.uka.ilkd.key.proof.io.AbstractProblemLoader.createInitConfig(AbstractProblemLoader.java:557)
	at app//de.uka.ilkd.key.proof.io.AbstractProblemLoader.loadEnvironment(AbstractProblemLoader.java:317)
	at app//de.uka.ilkd.key.proof.io.AbstractProblemLoader.load(AbstractProblemLoader.java:275)
	at app//de.uka.ilkd.key.proof.io.AbstractProblemLoader.load(AbstractProblemLoader.java:257)
	at app//de.uka.ilkd.key.control.AbstractUserInterfaceControl.load(AbstractUserInterfaceControl.java:212)
	... 90 more
</failure>
  </testcase>
  <testcase name="testInstantiateLabels_childAndGrandchildPolicies_ruleSpecific()" classname="de.uka.ilkd.key.logic.TestTermLabelManager" time="0.134">
    <failure message="org.opentest4j.AssertionFailedError: Unexpected exception thrown: de.uka.ilkd.key.proof.io.ProblemLoaderException: JavaBuildingIssue{node=super.$prepare()range=Optional.empty, message='Unsupported element detected given by Java Parser: MethodCallExpr. Please extend the KeY-Java-Hierarchy'}" type="org.opentest4j.AssertionFailedError">org.opentest4j.AssertionFailedError: Unexpected exception thrown: de.uka.ilkd.key.proof.io.ProblemLoaderException: JavaBuildingIssue{node=super.$prepare()range=Optional.empty, message='Unsupported element detected given by Java Parser: MethodCallExpr. Please extend the KeY-Java-Hierarchy'}
	at app//org.junit.jupiter.api.AssertionFailureBuilder.build(AssertionFailureBuilder.java:152)
	at app//org.junit.jupiter.api.AssertDoesNotThrow.createAssertionFailedError(AssertDoesNotThrow.java:84)
	at app//org.junit.jupiter.api.AssertDoesNotThrow.assertDoesNotThrow(AssertDoesNotThrow.java:75)
	at app//org.junit.jupiter.api.AssertDoesNotThrow.assertDoesNotThrow(AssertDoesNotThrow.java:58)
	at app//org.junit.jupiter.api.Assertions.assertDoesNotThrow(Assertions.java:3196)
	at app//de.uka.ilkd.key.logic.TestTermLabelManager.testInstantiateLabels_childAndGrandchildPolicies_ruleSpecific(TestTermLabelManager.java:307)
	at java.base@17.0.7/jdk.internal.reflect.NativeMethodAccessorImpl.invoke0(Native Method)
	at java.base@17.0.7/jdk.internal.reflect.NativeMethodAccessorImpl.invoke(NativeMethodAccessorImpl.java:77)
	at java.base@17.0.7/jdk.internal.reflect.DelegatingMethodAccessorImpl.invoke(DelegatingMethodAccessorImpl.java:43)
	at java.base@17.0.7/java.lang.reflect.Method.invoke(Method.java:568)
	at app//org.junit.platform.commons.util.ReflectionUtils.invokeMethod(ReflectionUtils.java:727)
	at app//org.junit.jupiter.engine.execution.MethodInvocation.proceed(MethodInvocation.java:60)
	at app//org.junit.jupiter.engine.execution.InvocationInterceptorChain$ValidatingInvocation.proceed(InvocationInterceptorChain.java:131)
	at app//org.junit.jupiter.engine.extension.TimeoutExtension.intercept(TimeoutExtension.java:156)
	at app//org.junit.jupiter.engine.extension.TimeoutExtension.interceptTestableMethod(TimeoutExtension.java:147)
	at app//org.junit.jupiter.engine.extension.TimeoutExtension.interceptTestMethod(TimeoutExtension.java:86)
	at app//org.junit.jupiter.engine.execution.InterceptingExecutableInvoker$ReflectiveInterceptorCall.lambda$ofVoidMethod$0(InterceptingExecutableInvoker.java:103)
	at app//org.junit.jupiter.engine.execution.InterceptingExecutableInvoker.lambda$invoke$0(InterceptingExecutableInvoker.java:93)
	at app//org.junit.jupiter.engine.execution.InvocationInterceptorChain$InterceptedInvocation.proceed(InvocationInterceptorChain.java:106)
	at app//org.junit.jupiter.engine.execution.InvocationInterceptorChain.proceed(InvocationInterceptorChain.java:64)
	at app//org.junit.jupiter.engine.execution.InvocationInterceptorChain.chainAndInvoke(InvocationInterceptorChain.java:45)
	at app//org.junit.jupiter.engine.execution.InvocationInterceptorChain.invoke(InvocationInterceptorChain.java:37)
	at app//org.junit.jupiter.engine.execution.InterceptingExecutableInvoker.invoke(InterceptingExecutableInvoker.java:92)
	at app//org.junit.jupiter.engine.execution.InterceptingExecutableInvoker.invoke(InterceptingExecutableInvoker.java:86)
	at app//org.junit.jupiter.engine.descriptor.TestMethodTestDescriptor.lambda$invokeTestMethod$7(TestMethodTestDescriptor.java:217)
	at app//org.junit.platform.engine.support.hierarchical.ThrowableCollector.execute(ThrowableCollector.java:73)
	at app//org.junit.jupiter.engine.descriptor.TestMethodTestDescriptor.invokeTestMethod(TestMethodTestDescriptor.java:213)
	at app//org.junit.jupiter.engine.descriptor.TestMethodTestDescriptor.execute(TestMethodTestDescriptor.java:138)
	at app//org.junit.jupiter.engine.descriptor.TestMethodTestDescriptor.execute(TestMethodTestDescriptor.java:68)
	at app//org.junit.platform.engine.support.hierarchical.NodeTestTask.lambda$executeRecursively$6(NodeTestTask.java:151)
	at app//org.junit.platform.engine.support.hierarchical.ThrowableCollector.execute(ThrowableCollector.java:73)
	at app//org.junit.platform.engine.support.hierarchical.NodeTestTask.lambda$executeRecursively$8(NodeTestTask.java:141)
	at app//org.junit.platform.engine.support.hierarchical.Node.around(Node.java:137)
	at app//org.junit.platform.engine.support.hierarchical.NodeTestTask.lambda$executeRecursively$9(NodeTestTask.java:139)
	at app//org.junit.platform.engine.support.hierarchical.ThrowableCollector.execute(ThrowableCollector.java:73)
	at app//org.junit.platform.engine.support.hierarchical.NodeTestTask.executeRecursively(NodeTestTask.java:138)
	at app//org.junit.platform.engine.support.hierarchical.NodeTestTask.execute(NodeTestTask.java:95)
	at java.base@17.0.7/java.util.ArrayList.forEach(ArrayList.java:1511)
	at app//org.junit.platform.engine.support.hierarchical.SameThreadHierarchicalTestExecutorService.invokeAll(SameThreadHierarchicalTestExecutorService.java:41)
	at app//org.junit.platform.engine.support.hierarchical.NodeTestTask.lambda$executeRecursively$6(NodeTestTask.java:155)
	at app//org.junit.platform.engine.support.hierarchical.ThrowableCollector.execute(ThrowableCollector.java:73)
	at app//org.junit.platform.engine.support.hierarchical.NodeTestTask.lambda$executeRecursively$8(NodeTestTask.java:141)
	at app//org.junit.platform.engine.support.hierarchical.Node.around(Node.java:137)
	at app//org.junit.platform.engine.support.hierarchical.NodeTestTask.lambda$executeRecursively$9(NodeTestTask.java:139)
	at app//org.junit.platform.engine.support.hierarchical.ThrowableCollector.execute(ThrowableCollector.java:73)
	at app//org.junit.platform.engine.support.hierarchical.NodeTestTask.executeRecursively(NodeTestTask.java:138)
	at app//org.junit.platform.engine.support.hierarchical.NodeTestTask.execute(NodeTestTask.java:95)
	at java.base@17.0.7/java.util.ArrayList.forEach(ArrayList.java:1511)
	at app//org.junit.platform.engine.support.hierarchical.SameThreadHierarchicalTestExecutorService.invokeAll(SameThreadHierarchicalTestExecutorService.java:41)
	at app//org.junit.platform.engine.support.hierarchical.NodeTestTask.lambda$executeRecursively$6(NodeTestTask.java:155)
	at app//org.junit.platform.engine.support.hierarchical.ThrowableCollector.execute(ThrowableCollector.java:73)
	at app//org.junit.platform.engine.support.hierarchical.NodeTestTask.lambda$executeRecursively$8(NodeTestTask.java:141)
	at app//org.junit.platform.engine.support.hierarchical.Node.around(Node.java:137)
	at app//org.junit.platform.engine.support.hierarchical.NodeTestTask.lambda$executeRecursively$9(NodeTestTask.java:139)
	at app//org.junit.platform.engine.support.hierarchical.ThrowableCollector.execute(ThrowableCollector.java:73)
	at app//org.junit.platform.engine.support.hierarchical.NodeTestTask.executeRecursively(NodeTestTask.java:138)
	at app//org.junit.platform.engine.support.hierarchical.NodeTestTask.execute(NodeTestTask.java:95)
	at app//org.junit.platform.engine.support.hierarchical.SameThreadHierarchicalTestExecutorService.submit(SameThreadHierarchicalTestExecutorService.java:35)
	at app//org.junit.platform.engine.support.hierarchical.HierarchicalTestExecutor.execute(HierarchicalTestExecutor.java:57)
	at app//org.junit.platform.engine.support.hierarchical.HierarchicalTestEngine.execute(HierarchicalTestEngine.java:54)
	at app//org.junit.platform.launcher.core.EngineExecutionOrchestrator.execute(EngineExecutionOrchestrator.java:107)
	at app//org.junit.platform.launcher.core.EngineExecutionOrchestrator.execute(EngineExecutionOrchestrator.java:88)
	at app//org.junit.platform.launcher.core.EngineExecutionOrchestrator.lambda$execute$0(EngineExecutionOrchestrator.java:54)
	at app//org.junit.platform.launcher.core.EngineExecutionOrchestrator.withInterceptedStreams(EngineExecutionOrchestrator.java:67)
	at app//org.junit.platform.launcher.core.EngineExecutionOrchestrator.execute(EngineExecutionOrchestrator.java:52)
	at app//org.junit.platform.launcher.core.DefaultLauncher.execute(DefaultLauncher.java:114)
	at app//org.junit.platform.launcher.core.DefaultLauncher.execute(DefaultLauncher.java:86)
	at app//org.junit.platform.launcher.core.DefaultLauncherSession$DelegatingLauncher.execute(DefaultLauncherSession.java:86)
	at org.gradle.api.internal.tasks.testing.junitplatform.JUnitPlatformTestClassProcessor$CollectAllTestClassesExecutor.processAllTestClasses(JUnitPlatformTestClassProcessor.java:110)
	at org.gradle.api.internal.tasks.testing.junitplatform.JUnitPlatformTestClassProcessor$CollectAllTestClassesExecutor.access$000(JUnitPlatformTestClassProcessor.java:90)
	at org.gradle.api.internal.tasks.testing.junitplatform.JUnitPlatformTestClassProcessor.stop(JUnitPlatformTestClassProcessor.java:85)
	at org.gradle.api.internal.tasks.testing.SuiteTestClassProcessor.stop(SuiteTestClassProcessor.java:62)
	at java.base@17.0.7/jdk.internal.reflect.NativeMethodAccessorImpl.invoke0(Native Method)
	at java.base@17.0.7/jdk.internal.reflect.NativeMethodAccessorImpl.invoke(NativeMethodAccessorImpl.java:77)
	at java.base@17.0.7/jdk.internal.reflect.DelegatingMethodAccessorImpl.invoke(DelegatingMethodAccessorImpl.java:43)
	at java.base@17.0.7/java.lang.reflect.Method.invoke(Method.java:568)
	at org.gradle.internal.dispatch.ReflectionDispatch.dispatch(ReflectionDispatch.java:36)
	at org.gradle.internal.dispatch.ReflectionDispatch.dispatch(ReflectionDispatch.java:24)
	at org.gradle.internal.dispatch.ContextClassLoaderDispatch.dispatch(ContextClassLoaderDispatch.java:33)
	at org.gradle.internal.dispatch.ProxyDispatchAdapter$DispatchingInvocationHandler.invoke(ProxyDispatchAdapter.java:94)
	at jdk.proxy2/jdk.proxy2.$Proxy5.stop(Unknown Source)
	at org.gradle.api.internal.tasks.testing.worker.TestWorker$3.run(TestWorker.java:193)
	at org.gradle.api.internal.tasks.testing.worker.TestWorker.executeAndMaintainThreadName(TestWorker.java:129)
	at org.gradle.api.internal.tasks.testing.worker.TestWorker.execute(TestWorker.java:100)
	at org.gradle.api.internal.tasks.testing.worker.TestWorker.execute(TestWorker.java:60)
	at org.gradle.process.internal.worker.child.ActionExecutionWorker.execute(ActionExecutionWorker.java:56)
	at org.gradle.process.internal.worker.child.SystemApplicationClassLoaderWorker.call(SystemApplicationClassLoaderWorker.java:113)
	at org.gradle.process.internal.worker.child.SystemApplicationClassLoaderWorker.call(SystemApplicationClassLoaderWorker.java:65)
	at app//worker.org.gradle.process.internal.worker.GradleWorkerMain.run(GradleWorkerMain.java:69)
	at app//worker.org.gradle.process.internal.worker.GradleWorkerMain.main(GradleWorkerMain.java:74)
Caused by: JavaBuildingIssue{node=super.$prepare()range=Optional.empty, message='Unsupported element detected given by Java Parser: MethodCallExpr. Please extend the KeY-Java-Hierarchy'} (file: src/test/resources/testcase/termLabels/flatSteps/FlatSteps.java; caused by: JavaBuildingExceptions{issues=[JavaBuildingIssue{node=super.$prepare()range=Optional.empty, message='Unsupported element detected given by Java Parser: MethodCallExpr. Please extend the KeY-Java-Hierarchy'}]})
	at app//de.uka.ilkd.key.control.AbstractUserInterfaceControl.load(AbstractUserInterfaceControl.java:225)
	at app//de.uka.ilkd.key.control.KeYEnvironment.load(KeYEnvironment.java:282)
	at app//de.uka.ilkd.key.control.KeYEnvironment.load(KeYEnvironment.java:251)
	at app//de.uka.ilkd.key.control.KeYEnvironment.load(KeYEnvironment.java:225)
	at app//de.uka.ilkd.key.control.KeYEnvironment.load(KeYEnvironment.java:185)
	at app//de.uka.ilkd.key.logic.TestTermLabelManager.createTestServices(TestTermLabelManager.java:584)
	at app//de.uka.ilkd.key.logic.TestTermLabelManager.lambda$testInstantiateLabels_childAndGrandchildPolicies_ruleSpecific$3(TestTermLabelManager.java:308)
	at app//org.junit.jupiter.api.AssertDoesNotThrow.assertDoesNotThrow(AssertDoesNotThrow.java:71)
	... 87 more
Caused by: JavaBuildingExceptions{issues=[JavaBuildingIssue{node=super.$prepare()range=Optional.empty, message='Unsupported element detected given by Java Parser: MethodCallExpr. Please extend the KeY-Java-Hierarchy'}]}
	at app//de.uka.ilkd.key.java.JP2KeYVisitor.reportError(JP2KeYConverter.java:119)
	at app//de.uka.ilkd.key.java.JP2KeYVisitor.reportUnsupportedElement(JP2KeYConverter.java:123)
	at app//de.uka.ilkd.key.java.JP2KeYVisitor.visit(JP2KeYConverter.java:708)
	at app//de.uka.ilkd.key.java.JP2KeYVisitor.visit(JP2KeYConverter.java:91)
	at app//com.github.javaparser.ast.expr.MethodCallExpr.accept(MethodCallExpr.java:116)
	at app//de.uka.ilkd.key.java.JP2KeYVisitor.accept(JP2KeYConverter.java:374)
	at app//de.uka.ilkd.key.java.JP2KeYVisitor.visit(JP2KeYConverter.java:541)
	at app//de.uka.ilkd.key.java.JP2KeYVisitor.visit(JP2KeYConverter.java:91)
	at app//com.github.javaparser.ast.stmt.ExpressionStmt.accept(ExpressionStmt.java:71)
	at app//de.uka.ilkd.key.java.JP2KeYVisitor.map(JP2KeYConverter.java:430)
	at app//de.uka.ilkd.key.java.JP2KeYVisitor.visit(JP2KeYConverter.java:279)
	at app//de.uka.ilkd.key.java.JP2KeYVisitor.visit(JP2KeYConverter.java:91)
	at app//com.github.javaparser.ast.stmt.BlockStmt.accept(BlockStmt.java:70)
	at app//de.uka.ilkd.key.java.JP2KeYVisitor.accept(JP2KeYConverter.java:374)
	at app//de.uka.ilkd.key.java.JP2KeYVisitor.accepto(JP2KeYConverter.java:447)
	at app//de.uka.ilkd.key.java.JP2KeYVisitor.visit(JP2KeYConverter.java:737)
	at app//de.uka.ilkd.key.java.JP2KeYVisitor.visit(JP2KeYConverter.java:91)
	at app//com.github.javaparser.ast.body.MethodDeclaration.accept(MethodDeclaration.java:98)
	at app//de.uka.ilkd.key.java.JP2KeYVisitor.map(JP2KeYConverter.java:430)
	at app//de.uka.ilkd.key.java.JP2KeYVisitor.visit(JP2KeYConverter.java:331)
	at app//de.uka.ilkd.key.java.JP2KeYVisitor.visit(JP2KeYConverter.java:91)
	at app//com.github.javaparser.ast.body.ClassOrInterfaceDeclaration.accept(ClassOrInterfaceDeclaration.java:95)
	at app//de.uka.ilkd.key.java.JP2KeYVisitor.map(JP2KeYConverter.java:430)
	at app//de.uka.ilkd.key.java.JP2KeYVisitor.visit(JP2KeYConverter.java:419)
	at app//de.uka.ilkd.key.java.JP2KeYVisitor.visit(JP2KeYConverter.java:91)
	at app//com.github.javaparser.ast.CompilationUnit.accept(CompilationUnit.java:124)
	at app//de.uka.ilkd.key.java.JP2KeYConverter.process(JP2KeYConverter.java:85)
	at app//de.uka.ilkd.key.java.JP2KeYConverter.processCompilationUnit(JP2KeYConverter.java:81)
	at app//de.uka.ilkd.key.java.JavaService.parseLibraryClasses0(JavaService.java:545)
	at app//de.uka.ilkd.key.java.JavaService.parseSpecialClasses(JavaService.java:520)
	at app//de.uka.ilkd.key.java.JavaService.recoderCompilationUnitsAsFiles(JavaService.java:177)
	at app//de.uka.ilkd.key.java.JavaService.readCompilationUnitsAsFiles(JavaService.java:153)
	at app//de.uka.ilkd.key.proof.init.ProblemInitializer.readJava(ProblemInitializer.java:277)
	at app//de.uka.ilkd.key.proof.init.ProblemInitializer.prepare(ProblemInitializer.java:529)
	at app//de.uka.ilkd.key.proof.init.ProblemInitializer.prepare(ProblemInitializer.java:471)
	at app//de.uka.ilkd.key.proof.io.AbstractProblemLoader.createInitConfig(AbstractProblemLoader.java:557)
	at app//de.uka.ilkd.key.proof.io.AbstractProblemLoader.loadEnvironment(AbstractProblemLoader.java:317)
	at app//de.uka.ilkd.key.proof.io.AbstractProblemLoader.load(AbstractProblemLoader.java:275)
	at app//de.uka.ilkd.key.proof.io.AbstractProblemLoader.load(AbstractProblemLoader.java:257)
	at app//de.uka.ilkd.key.control.AbstractUserInterfaceControl.load(AbstractUserInterfaceControl.java:212)
	... 94 more
</failure>
  </testcase>
  <testcase name="testParseLabel()" classname="de.uka.ilkd.key.logic.TestTermLabelManager" time="0.159">
    <failure message="org.opentest4j.AssertionFailedError: Unexpected exception thrown: de.uka.ilkd.key.proof.io.ProblemLoaderException: JavaBuildingIssue{node=super.$prepare()range=Optional.empty, message='Unsupported element detected given by Java Parser: MethodCallExpr. Please extend the KeY-Java-Hierarchy'}" type="org.opentest4j.AssertionFailedError">org.opentest4j.AssertionFailedError: Unexpected exception thrown: de.uka.ilkd.key.proof.io.ProblemLoaderException: JavaBuildingIssue{node=super.$prepare()range=Optional.empty, message='Unsupported element detected given by Java Parser: MethodCallExpr. Please extend the KeY-Java-Hierarchy'}
	at app//org.junit.jupiter.api.AssertionFailureBuilder.build(AssertionFailureBuilder.java:152)
	at app//org.junit.jupiter.api.AssertDoesNotThrow.createAssertionFailedError(AssertDoesNotThrow.java:84)
	at app//org.junit.jupiter.api.AssertDoesNotThrow.assertDoesNotThrow(AssertDoesNotThrow.java:75)
	at app//org.junit.jupiter.api.AssertDoesNotThrow.assertDoesNotThrow(AssertDoesNotThrow.java:58)
	at app//org.junit.jupiter.api.Assertions.assertDoesNotThrow(Assertions.java:3196)
	at app//de.uka.ilkd.key.logic.TestTermLabelManager.testParseLabel(TestTermLabelManager.java:514)
	at java.base@17.0.7/jdk.internal.reflect.NativeMethodAccessorImpl.invoke0(Native Method)
	at java.base@17.0.7/jdk.internal.reflect.NativeMethodAccessorImpl.invoke(NativeMethodAccessorImpl.java:77)
	at java.base@17.0.7/jdk.internal.reflect.DelegatingMethodAccessorImpl.invoke(DelegatingMethodAccessorImpl.java:43)
	at java.base@17.0.7/java.lang.reflect.Method.invoke(Method.java:568)
	at app//org.junit.platform.commons.util.ReflectionUtils.invokeMethod(ReflectionUtils.java:727)
	at app//org.junit.jupiter.engine.execution.MethodInvocation.proceed(MethodInvocation.java:60)
	at app//org.junit.jupiter.engine.execution.InvocationInterceptorChain$ValidatingInvocation.proceed(InvocationInterceptorChain.java:131)
	at app//org.junit.jupiter.engine.extension.TimeoutExtension.intercept(TimeoutExtension.java:156)
	at app//org.junit.jupiter.engine.extension.TimeoutExtension.interceptTestableMethod(TimeoutExtension.java:147)
	at app//org.junit.jupiter.engine.extension.TimeoutExtension.interceptTestMethod(TimeoutExtension.java:86)
	at app//org.junit.jupiter.engine.execution.InterceptingExecutableInvoker$ReflectiveInterceptorCall.lambda$ofVoidMethod$0(InterceptingExecutableInvoker.java:103)
	at app//org.junit.jupiter.engine.execution.InterceptingExecutableInvoker.lambda$invoke$0(InterceptingExecutableInvoker.java:93)
	at app//org.junit.jupiter.engine.execution.InvocationInterceptorChain$InterceptedInvocation.proceed(InvocationInterceptorChain.java:106)
	at app//org.junit.jupiter.engine.execution.InvocationInterceptorChain.proceed(InvocationInterceptorChain.java:64)
	at app//org.junit.jupiter.engine.execution.InvocationInterceptorChain.chainAndInvoke(InvocationInterceptorChain.java:45)
	at app//org.junit.jupiter.engine.execution.InvocationInterceptorChain.invoke(InvocationInterceptorChain.java:37)
	at app//org.junit.jupiter.engine.execution.InterceptingExecutableInvoker.invoke(InterceptingExecutableInvoker.java:92)
	at app//org.junit.jupiter.engine.execution.InterceptingExecutableInvoker.invoke(InterceptingExecutableInvoker.java:86)
	at app//org.junit.jupiter.engine.descriptor.TestMethodTestDescriptor.lambda$invokeTestMethod$7(TestMethodTestDescriptor.java:217)
	at app//org.junit.platform.engine.support.hierarchical.ThrowableCollector.execute(ThrowableCollector.java:73)
	at app//org.junit.jupiter.engine.descriptor.TestMethodTestDescriptor.invokeTestMethod(TestMethodTestDescriptor.java:213)
	at app//org.junit.jupiter.engine.descriptor.TestMethodTestDescriptor.execute(TestMethodTestDescriptor.java:138)
	at app//org.junit.jupiter.engine.descriptor.TestMethodTestDescriptor.execute(TestMethodTestDescriptor.java:68)
	at app//org.junit.platform.engine.support.hierarchical.NodeTestTask.lambda$executeRecursively$6(NodeTestTask.java:151)
	at app//org.junit.platform.engine.support.hierarchical.ThrowableCollector.execute(ThrowableCollector.java:73)
	at app//org.junit.platform.engine.support.hierarchical.NodeTestTask.lambda$executeRecursively$8(NodeTestTask.java:141)
	at app//org.junit.platform.engine.support.hierarchical.Node.around(Node.java:137)
	at app//org.junit.platform.engine.support.hierarchical.NodeTestTask.lambda$executeRecursively$9(NodeTestTask.java:139)
	at app//org.junit.platform.engine.support.hierarchical.ThrowableCollector.execute(ThrowableCollector.java:73)
	at app//org.junit.platform.engine.support.hierarchical.NodeTestTask.executeRecursively(NodeTestTask.java:138)
	at app//org.junit.platform.engine.support.hierarchical.NodeTestTask.execute(NodeTestTask.java:95)
	at java.base@17.0.7/java.util.ArrayList.forEach(ArrayList.java:1511)
	at app//org.junit.platform.engine.support.hierarchical.SameThreadHierarchicalTestExecutorService.invokeAll(SameThreadHierarchicalTestExecutorService.java:41)
	at app//org.junit.platform.engine.support.hierarchical.NodeTestTask.lambda$executeRecursively$6(NodeTestTask.java:155)
	at app//org.junit.platform.engine.support.hierarchical.ThrowableCollector.execute(ThrowableCollector.java:73)
	at app//org.junit.platform.engine.support.hierarchical.NodeTestTask.lambda$executeRecursively$8(NodeTestTask.java:141)
	at app//org.junit.platform.engine.support.hierarchical.Node.around(Node.java:137)
	at app//org.junit.platform.engine.support.hierarchical.NodeTestTask.lambda$executeRecursively$9(NodeTestTask.java:139)
	at app//org.junit.platform.engine.support.hierarchical.ThrowableCollector.execute(ThrowableCollector.java:73)
	at app//org.junit.platform.engine.support.hierarchical.NodeTestTask.executeRecursively(NodeTestTask.java:138)
	at app//org.junit.platform.engine.support.hierarchical.NodeTestTask.execute(NodeTestTask.java:95)
	at java.base@17.0.7/java.util.ArrayList.forEach(ArrayList.java:1511)
	at app//org.junit.platform.engine.support.hierarchical.SameThreadHierarchicalTestExecutorService.invokeAll(SameThreadHierarchicalTestExecutorService.java:41)
	at app//org.junit.platform.engine.support.hierarchical.NodeTestTask.lambda$executeRecursively$6(NodeTestTask.java:155)
	at app//org.junit.platform.engine.support.hierarchical.ThrowableCollector.execute(ThrowableCollector.java:73)
	at app//org.junit.platform.engine.support.hierarchical.NodeTestTask.lambda$executeRecursively$8(NodeTestTask.java:141)
	at app//org.junit.platform.engine.support.hierarchical.Node.around(Node.java:137)
	at app//org.junit.platform.engine.support.hierarchical.NodeTestTask.lambda$executeRecursively$9(NodeTestTask.java:139)
	at app//org.junit.platform.engine.support.hierarchical.ThrowableCollector.execute(ThrowableCollector.java:73)
	at app//org.junit.platform.engine.support.hierarchical.NodeTestTask.executeRecursively(NodeTestTask.java:138)
	at app//org.junit.platform.engine.support.hierarchical.NodeTestTask.execute(NodeTestTask.java:95)
	at app//org.junit.platform.engine.support.hierarchical.SameThreadHierarchicalTestExecutorService.submit(SameThreadHierarchicalTestExecutorService.java:35)
	at app//org.junit.platform.engine.support.hierarchical.HierarchicalTestExecutor.execute(HierarchicalTestExecutor.java:57)
	at app//org.junit.platform.engine.support.hierarchical.HierarchicalTestEngine.execute(HierarchicalTestEngine.java:54)
	at app//org.junit.platform.launcher.core.EngineExecutionOrchestrator.execute(EngineExecutionOrchestrator.java:107)
	at app//org.junit.platform.launcher.core.EngineExecutionOrchestrator.execute(EngineExecutionOrchestrator.java:88)
	at app//org.junit.platform.launcher.core.EngineExecutionOrchestrator.lambda$execute$0(EngineExecutionOrchestrator.java:54)
	at app//org.junit.platform.launcher.core.EngineExecutionOrchestrator.withInterceptedStreams(EngineExecutionOrchestrator.java:67)
	at app//org.junit.platform.launcher.core.EngineExecutionOrchestrator.execute(EngineExecutionOrchestrator.java:52)
	at app//org.junit.platform.launcher.core.DefaultLauncher.execute(DefaultLauncher.java:114)
	at app//org.junit.platform.launcher.core.DefaultLauncher.execute(DefaultLauncher.java:86)
	at app//org.junit.platform.launcher.core.DefaultLauncherSession$DelegatingLauncher.execute(DefaultLauncherSession.java:86)
	at org.gradle.api.internal.tasks.testing.junitplatform.JUnitPlatformTestClassProcessor$CollectAllTestClassesExecutor.processAllTestClasses(JUnitPlatformTestClassProcessor.java:110)
	at org.gradle.api.internal.tasks.testing.junitplatform.JUnitPlatformTestClassProcessor$CollectAllTestClassesExecutor.access$000(JUnitPlatformTestClassProcessor.java:90)
	at org.gradle.api.internal.tasks.testing.junitplatform.JUnitPlatformTestClassProcessor.stop(JUnitPlatformTestClassProcessor.java:85)
	at org.gradle.api.internal.tasks.testing.SuiteTestClassProcessor.stop(SuiteTestClassProcessor.java:62)
	at java.base@17.0.7/jdk.internal.reflect.NativeMethodAccessorImpl.invoke0(Native Method)
	at java.base@17.0.7/jdk.internal.reflect.NativeMethodAccessorImpl.invoke(NativeMethodAccessorImpl.java:77)
	at java.base@17.0.7/jdk.internal.reflect.DelegatingMethodAccessorImpl.invoke(DelegatingMethodAccessorImpl.java:43)
	at java.base@17.0.7/java.lang.reflect.Method.invoke(Method.java:568)
	at org.gradle.internal.dispatch.ReflectionDispatch.dispatch(ReflectionDispatch.java:36)
	at org.gradle.internal.dispatch.ReflectionDispatch.dispatch(ReflectionDispatch.java:24)
	at org.gradle.internal.dispatch.ContextClassLoaderDispatch.dispatch(ContextClassLoaderDispatch.java:33)
	at org.gradle.internal.dispatch.ProxyDispatchAdapter$DispatchingInvocationHandler.invoke(ProxyDispatchAdapter.java:94)
	at jdk.proxy2/jdk.proxy2.$Proxy5.stop(Unknown Source)
	at org.gradle.api.internal.tasks.testing.worker.TestWorker$3.run(TestWorker.java:193)
	at org.gradle.api.internal.tasks.testing.worker.TestWorker.executeAndMaintainThreadName(TestWorker.java:129)
	at org.gradle.api.internal.tasks.testing.worker.TestWorker.execute(TestWorker.java:100)
	at org.gradle.api.internal.tasks.testing.worker.TestWorker.execute(TestWorker.java:60)
	at org.gradle.process.internal.worker.child.ActionExecutionWorker.execute(ActionExecutionWorker.java:56)
	at org.gradle.process.internal.worker.child.SystemApplicationClassLoaderWorker.call(SystemApplicationClassLoaderWorker.java:113)
	at org.gradle.process.internal.worker.child.SystemApplicationClassLoaderWorker.call(SystemApplicationClassLoaderWorker.java:65)
	at app//worker.org.gradle.process.internal.worker.GradleWorkerMain.run(GradleWorkerMain.java:69)
	at app//worker.org.gradle.process.internal.worker.GradleWorkerMain.main(GradleWorkerMain.java:74)
Caused by: JavaBuildingIssue{node=super.$prepare()range=Optional.empty, message='Unsupported element detected given by Java Parser: MethodCallExpr. Please extend the KeY-Java-Hierarchy'} (file: src/test/resources/testcase/termLabels/flatSteps/FlatSteps.java; caused by: JavaBuildingExceptions{issues=[JavaBuildingIssue{node=super.$prepare()range=Optional.empty, message='Unsupported element detected given by Java Parser: MethodCallExpr. Please extend the KeY-Java-Hierarchy'}]})
	at app//de.uka.ilkd.key.control.AbstractUserInterfaceControl.load(AbstractUserInterfaceControl.java:225)
	at app//de.uka.ilkd.key.control.KeYEnvironment.load(KeYEnvironment.java:282)
	at app//de.uka.ilkd.key.control.KeYEnvironment.load(KeYEnvironment.java:251)
	at app//de.uka.ilkd.key.control.KeYEnvironment.load(KeYEnvironment.java:225)
	at app//de.uka.ilkd.key.control.KeYEnvironment.load(KeYEnvironment.java:185)
	at app//de.uka.ilkd.key.logic.TestTermLabelManager.createTestServices(TestTermLabelManager.java:584)
	at app//de.uka.ilkd.key.logic.TestTermLabelManager.lambda$testParseLabel$8(TestTermLabelManager.java:515)
	at app//org.junit.jupiter.api.AssertDoesNotThrow.assertDoesNotThrow(AssertDoesNotThrow.java:71)
	... 87 more
Caused by: JavaBuildingExceptions{issues=[JavaBuildingIssue{node=super.$prepare()range=Optional.empty, message='Unsupported element detected given by Java Parser: MethodCallExpr. Please extend the KeY-Java-Hierarchy'}]}
	at app//de.uka.ilkd.key.java.JP2KeYVisitor.reportError(JP2KeYConverter.java:119)
	at app//de.uka.ilkd.key.java.JP2KeYVisitor.reportUnsupportedElement(JP2KeYConverter.java:123)
	at app//de.uka.ilkd.key.java.JP2KeYVisitor.visit(JP2KeYConverter.java:708)
	at app//de.uka.ilkd.key.java.JP2KeYVisitor.visit(JP2KeYConverter.java:91)
	at app//com.github.javaparser.ast.expr.MethodCallExpr.accept(MethodCallExpr.java:116)
	at app//de.uka.ilkd.key.java.JP2KeYVisitor.accept(JP2KeYConverter.java:374)
	at app//de.uka.ilkd.key.java.JP2KeYVisitor.visit(JP2KeYConverter.java:541)
	at app//de.uka.ilkd.key.java.JP2KeYVisitor.visit(JP2KeYConverter.java:91)
	at app//com.github.javaparser.ast.stmt.ExpressionStmt.accept(ExpressionStmt.java:71)
	at app//de.uka.ilkd.key.java.JP2KeYVisitor.map(JP2KeYConverter.java:430)
	at app//de.uka.ilkd.key.java.JP2KeYVisitor.visit(JP2KeYConverter.java:279)
	at app//de.uka.ilkd.key.java.JP2KeYVisitor.visit(JP2KeYConverter.java:91)
	at app//com.github.javaparser.ast.stmt.BlockStmt.accept(BlockStmt.java:70)
	at app//de.uka.ilkd.key.java.JP2KeYVisitor.accept(JP2KeYConverter.java:374)
	at app//de.uka.ilkd.key.java.JP2KeYVisitor.accepto(JP2KeYConverter.java:447)
	at app//de.uka.ilkd.key.java.JP2KeYVisitor.visit(JP2KeYConverter.java:737)
	at app//de.uka.ilkd.key.java.JP2KeYVisitor.visit(JP2KeYConverter.java:91)
	at app//com.github.javaparser.ast.body.MethodDeclaration.accept(MethodDeclaration.java:98)
	at app//de.uka.ilkd.key.java.JP2KeYVisitor.map(JP2KeYConverter.java:430)
	at app//de.uka.ilkd.key.java.JP2KeYVisitor.visit(JP2KeYConverter.java:331)
	at app//de.uka.ilkd.key.java.JP2KeYVisitor.visit(JP2KeYConverter.java:91)
	at app//com.github.javaparser.ast.body.ClassOrInterfaceDeclaration.accept(ClassOrInterfaceDeclaration.java:95)
	at app//de.uka.ilkd.key.java.JP2KeYVisitor.map(JP2KeYConverter.java:430)
	at app//de.uka.ilkd.key.java.JP2KeYVisitor.visit(JP2KeYConverter.java:419)
	at app//de.uka.ilkd.key.java.JP2KeYVisitor.visit(JP2KeYConverter.java:91)
	at app//com.github.javaparser.ast.CompilationUnit.accept(CompilationUnit.java:124)
	at app//de.uka.ilkd.key.java.JP2KeYConverter.process(JP2KeYConverter.java:85)
	at app//de.uka.ilkd.key.java.JP2KeYConverter.processCompilationUnit(JP2KeYConverter.java:81)
	at app//de.uka.ilkd.key.java.JavaService.parseLibraryClasses0(JavaService.java:545)
	at app//de.uka.ilkd.key.java.JavaService.parseSpecialClasses(JavaService.java:520)
	at app//de.uka.ilkd.key.java.JavaService.recoderCompilationUnitsAsFiles(JavaService.java:177)
	at app//de.uka.ilkd.key.java.JavaService.readCompilationUnitsAsFiles(JavaService.java:153)
	at app//de.uka.ilkd.key.proof.init.ProblemInitializer.readJava(ProblemInitializer.java:277)
	at app//de.uka.ilkd.key.proof.init.ProblemInitializer.prepare(ProblemInitializer.java:529)
	at app//de.uka.ilkd.key.proof.init.ProblemInitializer.prepare(ProblemInitializer.java:471)
	at app//de.uka.ilkd.key.proof.io.AbstractProblemLoader.createInitConfig(AbstractProblemLoader.java:557)
	at app//de.uka.ilkd.key.proof.io.AbstractProblemLoader.loadEnvironment(AbstractProblemLoader.java:317)
	at app//de.uka.ilkd.key.proof.io.AbstractProblemLoader.load(AbstractProblemLoader.java:275)
	at app//de.uka.ilkd.key.proof.io.AbstractProblemLoader.load(AbstractProblemLoader.java:257)
	at app//de.uka.ilkd.key.control.AbstractUserInterfaceControl.load(AbstractUserInterfaceControl.java:212)
	... 94 more
</failure>
  </testcase>
  <testcase name="testrefactorGoal_childrenAndGrandchildren_ruleSpecific()" classname="de.uka.ilkd.key.logic.TestTermLabelManager" time="0.138">
    <failure message="JavaBuildingIssue{node=super.$prepare()range=Optional.empty, message='Unsupported element detected given by Java Parser: MethodCallExpr. Please extend the KeY-Java-Hierarchy'} (file: src/test/resources/testcase/termLabels/flatSteps/FlatSteps.java; caused by: JavaBuildingExceptions{issues=[JavaBuildingIssue{node=super.$prepare()range=Optional.empty, message='Unsupported element detected given by Java Parser: MethodCallExpr. Please extend the KeY-Java-Hierarchy'}]})" type="de.uka.ilkd.key.proof.io.ProblemLoaderException">JavaBuildingIssue{node=super.$prepare()range=Optional.empty, message='Unsupported element detected given by Java Parser: MethodCallExpr. Please extend the KeY-Java-Hierarchy'} (file: src/test/resources/testcase/termLabels/flatSteps/FlatSteps.java; caused by: JavaBuildingExceptions{issues=[JavaBuildingIssue{node=super.$prepare()range=Optional.empty, message='Unsupported element detected given by Java Parser: MethodCallExpr. Please extend the KeY-Java-Hierarchy'}]})
	at app//de.uka.ilkd.key.control.AbstractUserInterfaceControl.load(AbstractUserInterfaceControl.java:225)
	at app//de.uka.ilkd.key.control.KeYEnvironment.load(KeYEnvironment.java:282)
	at app//de.uka.ilkd.key.control.KeYEnvironment.load(KeYEnvironment.java:251)
	at app//de.uka.ilkd.key.control.KeYEnvironment.load(KeYEnvironment.java:225)
	at app//de.uka.ilkd.key.control.KeYEnvironment.load(KeYEnvironment.java:185)
	at app//de.uka.ilkd.key.logic.TestTermLabelManager.createTestServices(TestTermLabelManager.java:584)
	at app//de.uka.ilkd.key.logic.TestTermLabelManager.doRefactoringTestLogging(TestTermLabelManager.java:108)
	at app//de.uka.ilkd.key.logic.TestTermLabelManager.testrefactorGoal_childrenAndGrandchildren_ruleSpecific(TestTermLabelManager.java:54)
	at java.base@17.0.7/jdk.internal.reflect.NativeMethodAccessorImpl.invoke0(Native Method)
	at java.base@17.0.7/jdk.internal.reflect.NativeMethodAccessorImpl.invoke(NativeMethodAccessorImpl.java:77)
	at java.base@17.0.7/jdk.internal.reflect.DelegatingMethodAccessorImpl.invoke(DelegatingMethodAccessorImpl.java:43)
	at java.base@17.0.7/java.lang.reflect.Method.invoke(Method.java:568)
	at app//org.junit.platform.commons.util.ReflectionUtils.invokeMethod(ReflectionUtils.java:727)
	at app//org.junit.jupiter.engine.execution.MethodInvocation.proceed(MethodInvocation.java:60)
	at app//org.junit.jupiter.engine.execution.InvocationInterceptorChain$ValidatingInvocation.proceed(InvocationInterceptorChain.java:131)
	at app//org.junit.jupiter.engine.extension.TimeoutExtension.intercept(TimeoutExtension.java:156)
	at app//org.junit.jupiter.engine.extension.TimeoutExtension.interceptTestableMethod(TimeoutExtension.java:147)
	at app//org.junit.jupiter.engine.extension.TimeoutExtension.interceptTestMethod(TimeoutExtension.java:86)
	at app//org.junit.jupiter.engine.execution.InterceptingExecutableInvoker$ReflectiveInterceptorCall.lambda$ofVoidMethod$0(InterceptingExecutableInvoker.java:103)
	at app//org.junit.jupiter.engine.execution.InterceptingExecutableInvoker.lambda$invoke$0(InterceptingExecutableInvoker.java:93)
	at app//org.junit.jupiter.engine.execution.InvocationInterceptorChain$InterceptedInvocation.proceed(InvocationInterceptorChain.java:106)
	at app//org.junit.jupiter.engine.execution.InvocationInterceptorChain.proceed(InvocationInterceptorChain.java:64)
	at app//org.junit.jupiter.engine.execution.InvocationInterceptorChain.chainAndInvoke(InvocationInterceptorChain.java:45)
	at app//org.junit.jupiter.engine.execution.InvocationInterceptorChain.invoke(InvocationInterceptorChain.java:37)
	at app//org.junit.jupiter.engine.execution.InterceptingExecutableInvoker.invoke(InterceptingExecutableInvoker.java:92)
	at app//org.junit.jupiter.engine.execution.InterceptingExecutableInvoker.invoke(InterceptingExecutableInvoker.java:86)
	at app//org.junit.jupiter.engine.descriptor.TestMethodTestDescriptor.lambda$invokeTestMethod$7(TestMethodTestDescriptor.java:217)
	at app//org.junit.platform.engine.support.hierarchical.ThrowableCollector.execute(ThrowableCollector.java:73)
	at app//org.junit.jupiter.engine.descriptor.TestMethodTestDescriptor.invokeTestMethod(TestMethodTestDescriptor.java:213)
	at app//org.junit.jupiter.engine.descriptor.TestMethodTestDescriptor.execute(TestMethodTestDescriptor.java:138)
	at app//org.junit.jupiter.engine.descriptor.TestMethodTestDescriptor.execute(TestMethodTestDescriptor.java:68)
	at app//org.junit.platform.engine.support.hierarchical.NodeTestTask.lambda$executeRecursively$6(NodeTestTask.java:151)
	at app//org.junit.platform.engine.support.hierarchical.ThrowableCollector.execute(ThrowableCollector.java:73)
	at app//org.junit.platform.engine.support.hierarchical.NodeTestTask.lambda$executeRecursively$8(NodeTestTask.java:141)
	at app//org.junit.platform.engine.support.hierarchical.Node.around(Node.java:137)
	at app//org.junit.platform.engine.support.hierarchical.NodeTestTask.lambda$executeRecursively$9(NodeTestTask.java:139)
	at app//org.junit.platform.engine.support.hierarchical.ThrowableCollector.execute(ThrowableCollector.java:73)
	at app//org.junit.platform.engine.support.hierarchical.NodeTestTask.executeRecursively(NodeTestTask.java:138)
	at app//org.junit.platform.engine.support.hierarchical.NodeTestTask.execute(NodeTestTask.java:95)
	at java.base@17.0.7/java.util.ArrayList.forEach(ArrayList.java:1511)
	at app//org.junit.platform.engine.support.hierarchical.SameThreadHierarchicalTestExecutorService.invokeAll(SameThreadHierarchicalTestExecutorService.java:41)
	at app//org.junit.platform.engine.support.hierarchical.NodeTestTask.lambda$executeRecursively$6(NodeTestTask.java:155)
	at app//org.junit.platform.engine.support.hierarchical.ThrowableCollector.execute(ThrowableCollector.java:73)
	at app//org.junit.platform.engine.support.hierarchical.NodeTestTask.lambda$executeRecursively$8(NodeTestTask.java:141)
	at app//org.junit.platform.engine.support.hierarchical.Node.around(Node.java:137)
	at app//org.junit.platform.engine.support.hierarchical.NodeTestTask.lambda$executeRecursively$9(NodeTestTask.java:139)
	at app//org.junit.platform.engine.support.hierarchical.ThrowableCollector.execute(ThrowableCollector.java:73)
	at app//org.junit.platform.engine.support.hierarchical.NodeTestTask.executeRecursively(NodeTestTask.java:138)
	at app//org.junit.platform.engine.support.hierarchical.NodeTestTask.execute(NodeTestTask.java:95)
	at java.base@17.0.7/java.util.ArrayList.forEach(ArrayList.java:1511)
	at app//org.junit.platform.engine.support.hierarchical.SameThreadHierarchicalTestExecutorService.invokeAll(SameThreadHierarchicalTestExecutorService.java:41)
	at app//org.junit.platform.engine.support.hierarchical.NodeTestTask.lambda$executeRecursively$6(NodeTestTask.java:155)
	at app//org.junit.platform.engine.support.hierarchical.ThrowableCollector.execute(ThrowableCollector.java:73)
	at app//org.junit.platform.engine.support.hierarchical.NodeTestTask.lambda$executeRecursively$8(NodeTestTask.java:141)
	at app//org.junit.platform.engine.support.hierarchical.Node.around(Node.java:137)
	at app//org.junit.platform.engine.support.hierarchical.NodeTestTask.lambda$executeRecursively$9(NodeTestTask.java:139)
	at app//org.junit.platform.engine.support.hierarchical.ThrowableCollector.execute(ThrowableCollector.java:73)
	at app//org.junit.platform.engine.support.hierarchical.NodeTestTask.executeRecursively(NodeTestTask.java:138)
	at app//org.junit.platform.engine.support.hierarchical.NodeTestTask.execute(NodeTestTask.java:95)
	at app//org.junit.platform.engine.support.hierarchical.SameThreadHierarchicalTestExecutorService.submit(SameThreadHierarchicalTestExecutorService.java:35)
	at app//org.junit.platform.engine.support.hierarchical.HierarchicalTestExecutor.execute(HierarchicalTestExecutor.java:57)
	at app//org.junit.platform.engine.support.hierarchical.HierarchicalTestEngine.execute(HierarchicalTestEngine.java:54)
	at app//org.junit.platform.launcher.core.EngineExecutionOrchestrator.execute(EngineExecutionOrchestrator.java:107)
	at app//org.junit.platform.launcher.core.EngineExecutionOrchestrator.execute(EngineExecutionOrchestrator.java:88)
	at app//org.junit.platform.launcher.core.EngineExecutionOrchestrator.lambda$execute$0(EngineExecutionOrchestrator.java:54)
	at app//org.junit.platform.launcher.core.EngineExecutionOrchestrator.withInterceptedStreams(EngineExecutionOrchestrator.java:67)
	at app//org.junit.platform.launcher.core.EngineExecutionOrchestrator.execute(EngineExecutionOrchestrator.java:52)
	at app//org.junit.platform.launcher.core.DefaultLauncher.execute(DefaultLauncher.java:114)
	at app//org.junit.platform.launcher.core.DefaultLauncher.execute(DefaultLauncher.java:86)
	at app//org.junit.platform.launcher.core.DefaultLauncherSession$DelegatingLauncher.execute(DefaultLauncherSession.java:86)
	at org.gradle.api.internal.tasks.testing.junitplatform.JUnitPlatformTestClassProcessor$CollectAllTestClassesExecutor.processAllTestClasses(JUnitPlatformTestClassProcessor.java:110)
	at org.gradle.api.internal.tasks.testing.junitplatform.JUnitPlatformTestClassProcessor$CollectAllTestClassesExecutor.access$000(JUnitPlatformTestClassProcessor.java:90)
	at org.gradle.api.internal.tasks.testing.junitplatform.JUnitPlatformTestClassProcessor.stop(JUnitPlatformTestClassProcessor.java:85)
	at org.gradle.api.internal.tasks.testing.SuiteTestClassProcessor.stop(SuiteTestClassProcessor.java:62)
	at java.base@17.0.7/jdk.internal.reflect.NativeMethodAccessorImpl.invoke0(Native Method)
	at java.base@17.0.7/jdk.internal.reflect.NativeMethodAccessorImpl.invoke(NativeMethodAccessorImpl.java:77)
	at java.base@17.0.7/jdk.internal.reflect.DelegatingMethodAccessorImpl.invoke(DelegatingMethodAccessorImpl.java:43)
	at java.base@17.0.7/java.lang.reflect.Method.invoke(Method.java:568)
	at org.gradle.internal.dispatch.ReflectionDispatch.dispatch(ReflectionDispatch.java:36)
	at org.gradle.internal.dispatch.ReflectionDispatch.dispatch(ReflectionDispatch.java:24)
	at org.gradle.internal.dispatch.ContextClassLoaderDispatch.dispatch(ContextClassLoaderDispatch.java:33)
	at org.gradle.internal.dispatch.ProxyDispatchAdapter$DispatchingInvocationHandler.invoke(ProxyDispatchAdapter.java:94)
	at jdk.proxy2/jdk.proxy2.$Proxy5.stop(Unknown Source)
	at org.gradle.api.internal.tasks.testing.worker.TestWorker$3.run(TestWorker.java:193)
	at org.gradle.api.internal.tasks.testing.worker.TestWorker.executeAndMaintainThreadName(TestWorker.java:129)
	at org.gradle.api.internal.tasks.testing.worker.TestWorker.execute(TestWorker.java:100)
	at org.gradle.api.internal.tasks.testing.worker.TestWorker.execute(TestWorker.java:60)
	at org.gradle.process.internal.worker.child.ActionExecutionWorker.execute(ActionExecutionWorker.java:56)
	at org.gradle.process.internal.worker.child.SystemApplicationClassLoaderWorker.call(SystemApplicationClassLoaderWorker.java:113)
	at org.gradle.process.internal.worker.child.SystemApplicationClassLoaderWorker.call(SystemApplicationClassLoaderWorker.java:65)
	at app//worker.org.gradle.process.internal.worker.GradleWorkerMain.run(GradleWorkerMain.java:69)
	at app//worker.org.gradle.process.internal.worker.GradleWorkerMain.main(GradleWorkerMain.java:74)
Caused by: JavaBuildingExceptions{issues=[JavaBuildingIssue{node=super.$prepare()range=Optional.empty, message='Unsupported element detected given by Java Parser: MethodCallExpr. Please extend the KeY-Java-Hierarchy'}]}
	at app//de.uka.ilkd.key.java.JP2KeYVisitor.reportError(JP2KeYConverter.java:119)
	at app//de.uka.ilkd.key.java.JP2KeYVisitor.reportUnsupportedElement(JP2KeYConverter.java:123)
	at app//de.uka.ilkd.key.java.JP2KeYVisitor.visit(JP2KeYConverter.java:708)
	at app//de.uka.ilkd.key.java.JP2KeYVisitor.visit(JP2KeYConverter.java:91)
	at app//com.github.javaparser.ast.expr.MethodCallExpr.accept(MethodCallExpr.java:116)
	at app//de.uka.ilkd.key.java.JP2KeYVisitor.accept(JP2KeYConverter.java:374)
	at app//de.uka.ilkd.key.java.JP2KeYVisitor.visit(JP2KeYConverter.java:541)
	at app//de.uka.ilkd.key.java.JP2KeYVisitor.visit(JP2KeYConverter.java:91)
	at app//com.github.javaparser.ast.stmt.ExpressionStmt.accept(ExpressionStmt.java:71)
	at app//de.uka.ilkd.key.java.JP2KeYVisitor.map(JP2KeYConverter.java:430)
	at app//de.uka.ilkd.key.java.JP2KeYVisitor.visit(JP2KeYConverter.java:279)
	at app//de.uka.ilkd.key.java.JP2KeYVisitor.visit(JP2KeYConverter.java:91)
	at app//com.github.javaparser.ast.stmt.BlockStmt.accept(BlockStmt.java:70)
	at app//de.uka.ilkd.key.java.JP2KeYVisitor.accept(JP2KeYConverter.java:374)
	at app//de.uka.ilkd.key.java.JP2KeYVisitor.accepto(JP2KeYConverter.java:447)
	at app//de.uka.ilkd.key.java.JP2KeYVisitor.visit(JP2KeYConverter.java:737)
	at app//de.uka.ilkd.key.java.JP2KeYVisitor.visit(JP2KeYConverter.java:91)
	at app//com.github.javaparser.ast.body.MethodDeclaration.accept(MethodDeclaration.java:98)
	at app//de.uka.ilkd.key.java.JP2KeYVisitor.map(JP2KeYConverter.java:430)
	at app//de.uka.ilkd.key.java.JP2KeYVisitor.visit(JP2KeYConverter.java:331)
	at app//de.uka.ilkd.key.java.JP2KeYVisitor.visit(JP2KeYConverter.java:91)
	at app//com.github.javaparser.ast.body.ClassOrInterfaceDeclaration.accept(ClassOrInterfaceDeclaration.java:95)
	at app//de.uka.ilkd.key.java.JP2KeYVisitor.map(JP2KeYConverter.java:430)
	at app//de.uka.ilkd.key.java.JP2KeYVisitor.visit(JP2KeYConverter.java:419)
	at app//de.uka.ilkd.key.java.JP2KeYVisitor.visit(JP2KeYConverter.java:91)
	at app//com.github.javaparser.ast.CompilationUnit.accept(CompilationUnit.java:124)
	at app//de.uka.ilkd.key.java.JP2KeYConverter.process(JP2KeYConverter.java:85)
	at app//de.uka.ilkd.key.java.JP2KeYConverter.processCompilationUnit(JP2KeYConverter.java:81)
	at app//de.uka.ilkd.key.java.JavaService.parseLibraryClasses0(JavaService.java:545)
	at app//de.uka.ilkd.key.java.JavaService.parseSpecialClasses(JavaService.java:520)
	at app//de.uka.ilkd.key.java.JavaService.recoderCompilationUnitsAsFiles(JavaService.java:177)
	at app//de.uka.ilkd.key.java.JavaService.readCompilationUnitsAsFiles(JavaService.java:153)
	at app//de.uka.ilkd.key.proof.init.ProblemInitializer.readJava(ProblemInitializer.java:277)
	at app//de.uka.ilkd.key.proof.init.ProblemInitializer.prepare(ProblemInitializer.java:529)
	at app//de.uka.ilkd.key.proof.init.ProblemInitializer.prepare(ProblemInitializer.java:471)
	at app//de.uka.ilkd.key.proof.io.AbstractProblemLoader.createInitConfig(AbstractProblemLoader.java:557)
	at app//de.uka.ilkd.key.proof.io.AbstractProblemLoader.loadEnvironment(AbstractProblemLoader.java:317)
	at app//de.uka.ilkd.key.proof.io.AbstractProblemLoader.load(AbstractProblemLoader.java:275)
	at app//de.uka.ilkd.key.proof.io.AbstractProblemLoader.load(AbstractProblemLoader.java:257)
	at app//de.uka.ilkd.key.control.AbstractUserInterfaceControl.load(AbstractUserInterfaceControl.java:212)
	... 91 more
</failure>
  </testcase>
  <testcase name="testrefactorGoal_directChildren_allRules()" classname="de.uka.ilkd.key.logic.TestTermLabelManager" time="0.12">
    <failure message="JavaBuildingIssue{node=super.$prepare()range=Optional.empty, message='Unsupported element detected given by Java Parser: MethodCallExpr. Please extend the KeY-Java-Hierarchy'} (file: src/test/resources/testcase/termLabels/flatSteps/FlatSteps.java; caused by: JavaBuildingExceptions{issues=[JavaBuildingIssue{node=super.$prepare()range=Optional.empty, message='Unsupported element detected given by Java Parser: MethodCallExpr. Please extend the KeY-Java-Hierarchy'}]})" type="de.uka.ilkd.key.proof.io.ProblemLoaderException">JavaBuildingIssue{node=super.$prepare()range=Optional.empty, message='Unsupported element detected given by Java Parser: MethodCallExpr. Please extend the KeY-Java-Hierarchy'} (file: src/test/resources/testcase/termLabels/flatSteps/FlatSteps.java; caused by: JavaBuildingExceptions{issues=[JavaBuildingIssue{node=super.$prepare()range=Optional.empty, message='Unsupported element detected given by Java Parser: MethodCallExpr. Please extend the KeY-Java-Hierarchy'}]})
	at app//de.uka.ilkd.key.control.AbstractUserInterfaceControl.load(AbstractUserInterfaceControl.java:225)
	at app//de.uka.ilkd.key.control.KeYEnvironment.load(KeYEnvironment.java:282)
	at app//de.uka.ilkd.key.control.KeYEnvironment.load(KeYEnvironment.java:251)
	at app//de.uka.ilkd.key.control.KeYEnvironment.load(KeYEnvironment.java:225)
	at app//de.uka.ilkd.key.control.KeYEnvironment.load(KeYEnvironment.java:185)
	at app//de.uka.ilkd.key.logic.TestTermLabelManager.createTestServices(TestTermLabelManager.java:584)
	at app//de.uka.ilkd.key.logic.TestTermLabelManager.doRefactoringTestLogging(TestTermLabelManager.java:108)
	at app//de.uka.ilkd.key.logic.TestTermLabelManager.testrefactorGoal_directChildren_allRules(TestTermLabelManager.java:61)
	at java.base@17.0.7/jdk.internal.reflect.NativeMethodAccessorImpl.invoke0(Native Method)
	at java.base@17.0.7/jdk.internal.reflect.NativeMethodAccessorImpl.invoke(NativeMethodAccessorImpl.java:77)
	at java.base@17.0.7/jdk.internal.reflect.DelegatingMethodAccessorImpl.invoke(DelegatingMethodAccessorImpl.java:43)
	at java.base@17.0.7/java.lang.reflect.Method.invoke(Method.java:568)
	at app//org.junit.platform.commons.util.ReflectionUtils.invokeMethod(ReflectionUtils.java:727)
	at app//org.junit.jupiter.engine.execution.MethodInvocation.proceed(MethodInvocation.java:60)
	at app//org.junit.jupiter.engine.execution.InvocationInterceptorChain$ValidatingInvocation.proceed(InvocationInterceptorChain.java:131)
	at app//org.junit.jupiter.engine.extension.TimeoutExtension.intercept(TimeoutExtension.java:156)
	at app//org.junit.jupiter.engine.extension.TimeoutExtension.interceptTestableMethod(TimeoutExtension.java:147)
	at app//org.junit.jupiter.engine.extension.TimeoutExtension.interceptTestMethod(TimeoutExtension.java:86)
	at app//org.junit.jupiter.engine.execution.InterceptingExecutableInvoker$ReflectiveInterceptorCall.lambda$ofVoidMethod$0(InterceptingExecutableInvoker.java:103)
	at app//org.junit.jupiter.engine.execution.InterceptingExecutableInvoker.lambda$invoke$0(InterceptingExecutableInvoker.java:93)
	at app//org.junit.jupiter.engine.execution.InvocationInterceptorChain$InterceptedInvocation.proceed(InvocationInterceptorChain.java:106)
	at app//org.junit.jupiter.engine.execution.InvocationInterceptorChain.proceed(InvocationInterceptorChain.java:64)
	at app//org.junit.jupiter.engine.execution.InvocationInterceptorChain.chainAndInvoke(InvocationInterceptorChain.java:45)
	at app//org.junit.jupiter.engine.execution.InvocationInterceptorChain.invoke(InvocationInterceptorChain.java:37)
	at app//org.junit.jupiter.engine.execution.InterceptingExecutableInvoker.invoke(InterceptingExecutableInvoker.java:92)
	at app//org.junit.jupiter.engine.execution.InterceptingExecutableInvoker.invoke(InterceptingExecutableInvoker.java:86)
	at app//org.junit.jupiter.engine.descriptor.TestMethodTestDescriptor.lambda$invokeTestMethod$7(TestMethodTestDescriptor.java:217)
	at app//org.junit.platform.engine.support.hierarchical.ThrowableCollector.execute(ThrowableCollector.java:73)
	at app//org.junit.jupiter.engine.descriptor.TestMethodTestDescriptor.invokeTestMethod(TestMethodTestDescriptor.java:213)
	at app//org.junit.jupiter.engine.descriptor.TestMethodTestDescriptor.execute(TestMethodTestDescriptor.java:138)
	at app//org.junit.jupiter.engine.descriptor.TestMethodTestDescriptor.execute(TestMethodTestDescriptor.java:68)
	at app//org.junit.platform.engine.support.hierarchical.NodeTestTask.lambda$executeRecursively$6(NodeTestTask.java:151)
	at app//org.junit.platform.engine.support.hierarchical.ThrowableCollector.execute(ThrowableCollector.java:73)
	at app//org.junit.platform.engine.support.hierarchical.NodeTestTask.lambda$executeRecursively$8(NodeTestTask.java:141)
	at app//org.junit.platform.engine.support.hierarchical.Node.around(Node.java:137)
	at app//org.junit.platform.engine.support.hierarchical.NodeTestTask.lambda$executeRecursively$9(NodeTestTask.java:139)
	at app//org.junit.platform.engine.support.hierarchical.ThrowableCollector.execute(ThrowableCollector.java:73)
	at app//org.junit.platform.engine.support.hierarchical.NodeTestTask.executeRecursively(NodeTestTask.java:138)
	at app//org.junit.platform.engine.support.hierarchical.NodeTestTask.execute(NodeTestTask.java:95)
	at java.base@17.0.7/java.util.ArrayList.forEach(ArrayList.java:1511)
	at app//org.junit.platform.engine.support.hierarchical.SameThreadHierarchicalTestExecutorService.invokeAll(SameThreadHierarchicalTestExecutorService.java:41)
	at app//org.junit.platform.engine.support.hierarchical.NodeTestTask.lambda$executeRecursively$6(NodeTestTask.java:155)
	at app//org.junit.platform.engine.support.hierarchical.ThrowableCollector.execute(ThrowableCollector.java:73)
	at app//org.junit.platform.engine.support.hierarchical.NodeTestTask.lambda$executeRecursively$8(NodeTestTask.java:141)
	at app//org.junit.platform.engine.support.hierarchical.Node.around(Node.java:137)
	at app//org.junit.platform.engine.support.hierarchical.NodeTestTask.lambda$executeRecursively$9(NodeTestTask.java:139)
	at app//org.junit.platform.engine.support.hierarchical.ThrowableCollector.execute(ThrowableCollector.java:73)
	at app//org.junit.platform.engine.support.hierarchical.NodeTestTask.executeRecursively(NodeTestTask.java:138)
	at app//org.junit.platform.engine.support.hierarchical.NodeTestTask.execute(NodeTestTask.java:95)
	at java.base@17.0.7/java.util.ArrayList.forEach(ArrayList.java:1511)
	at app//org.junit.platform.engine.support.hierarchical.SameThreadHierarchicalTestExecutorService.invokeAll(SameThreadHierarchicalTestExecutorService.java:41)
	at app//org.junit.platform.engine.support.hierarchical.NodeTestTask.lambda$executeRecursively$6(NodeTestTask.java:155)
	at app//org.junit.platform.engine.support.hierarchical.ThrowableCollector.execute(ThrowableCollector.java:73)
	at app//org.junit.platform.engine.support.hierarchical.NodeTestTask.lambda$executeRecursively$8(NodeTestTask.java:141)
	at app//org.junit.platform.engine.support.hierarchical.Node.around(Node.java:137)
	at app//org.junit.platform.engine.support.hierarchical.NodeTestTask.lambda$executeRecursively$9(NodeTestTask.java:139)
	at app//org.junit.platform.engine.support.hierarchical.ThrowableCollector.execute(ThrowableCollector.java:73)
	at app//org.junit.platform.engine.support.hierarchical.NodeTestTask.executeRecursively(NodeTestTask.java:138)
	at app//org.junit.platform.engine.support.hierarchical.NodeTestTask.execute(NodeTestTask.java:95)
	at app//org.junit.platform.engine.support.hierarchical.SameThreadHierarchicalTestExecutorService.submit(SameThreadHierarchicalTestExecutorService.java:35)
	at app//org.junit.platform.engine.support.hierarchical.HierarchicalTestExecutor.execute(HierarchicalTestExecutor.java:57)
	at app//org.junit.platform.engine.support.hierarchical.HierarchicalTestEngine.execute(HierarchicalTestEngine.java:54)
	at app//org.junit.platform.launcher.core.EngineExecutionOrchestrator.execute(EngineExecutionOrchestrator.java:107)
	at app//org.junit.platform.launcher.core.EngineExecutionOrchestrator.execute(EngineExecutionOrchestrator.java:88)
	at app//org.junit.platform.launcher.core.EngineExecutionOrchestrator.lambda$execute$0(EngineExecutionOrchestrator.java:54)
	at app//org.junit.platform.launcher.core.EngineExecutionOrchestrator.withInterceptedStreams(EngineExecutionOrchestrator.java:67)
	at app//org.junit.platform.launcher.core.EngineExecutionOrchestrator.execute(EngineExecutionOrchestrator.java:52)
	at app//org.junit.platform.launcher.core.DefaultLauncher.execute(DefaultLauncher.java:114)
	at app//org.junit.platform.launcher.core.DefaultLauncher.execute(DefaultLauncher.java:86)
	at app//org.junit.platform.launcher.core.DefaultLauncherSession$DelegatingLauncher.execute(DefaultLauncherSession.java:86)
	at org.gradle.api.internal.tasks.testing.junitplatform.JUnitPlatformTestClassProcessor$CollectAllTestClassesExecutor.processAllTestClasses(JUnitPlatformTestClassProcessor.java:110)
	at org.gradle.api.internal.tasks.testing.junitplatform.JUnitPlatformTestClassProcessor$CollectAllTestClassesExecutor.access$000(JUnitPlatformTestClassProcessor.java:90)
	at org.gradle.api.internal.tasks.testing.junitplatform.JUnitPlatformTestClassProcessor.stop(JUnitPlatformTestClassProcessor.java:85)
	at org.gradle.api.internal.tasks.testing.SuiteTestClassProcessor.stop(SuiteTestClassProcessor.java:62)
	at java.base@17.0.7/jdk.internal.reflect.NativeMethodAccessorImpl.invoke0(Native Method)
	at java.base@17.0.7/jdk.internal.reflect.NativeMethodAccessorImpl.invoke(NativeMethodAccessorImpl.java:77)
	at java.base@17.0.7/jdk.internal.reflect.DelegatingMethodAccessorImpl.invoke(DelegatingMethodAccessorImpl.java:43)
	at java.base@17.0.7/java.lang.reflect.Method.invoke(Method.java:568)
	at org.gradle.internal.dispatch.ReflectionDispatch.dispatch(ReflectionDispatch.java:36)
	at org.gradle.internal.dispatch.ReflectionDispatch.dispatch(ReflectionDispatch.java:24)
	at org.gradle.internal.dispatch.ContextClassLoaderDispatch.dispatch(ContextClassLoaderDispatch.java:33)
	at org.gradle.internal.dispatch.ProxyDispatchAdapter$DispatchingInvocationHandler.invoke(ProxyDispatchAdapter.java:94)
	at jdk.proxy2/jdk.proxy2.$Proxy5.stop(Unknown Source)
	at org.gradle.api.internal.tasks.testing.worker.TestWorker$3.run(TestWorker.java:193)
	at org.gradle.api.internal.tasks.testing.worker.TestWorker.executeAndMaintainThreadName(TestWorker.java:129)
	at org.gradle.api.internal.tasks.testing.worker.TestWorker.execute(TestWorker.java:100)
	at org.gradle.api.internal.tasks.testing.worker.TestWorker.execute(TestWorker.java:60)
	at org.gradle.process.internal.worker.child.ActionExecutionWorker.execute(ActionExecutionWorker.java:56)
	at org.gradle.process.internal.worker.child.SystemApplicationClassLoaderWorker.call(SystemApplicationClassLoaderWorker.java:113)
	at org.gradle.process.internal.worker.child.SystemApplicationClassLoaderWorker.call(SystemApplicationClassLoaderWorker.java:65)
	at app//worker.org.gradle.process.internal.worker.GradleWorkerMain.run(GradleWorkerMain.java:69)
	at app//worker.org.gradle.process.internal.worker.GradleWorkerMain.main(GradleWorkerMain.java:74)
Caused by: JavaBuildingExceptions{issues=[JavaBuildingIssue{node=super.$prepare()range=Optional.empty, message='Unsupported element detected given by Java Parser: MethodCallExpr. Please extend the KeY-Java-Hierarchy'}]}
	at app//de.uka.ilkd.key.java.JP2KeYVisitor.reportError(JP2KeYConverter.java:119)
	at app//de.uka.ilkd.key.java.JP2KeYVisitor.reportUnsupportedElement(JP2KeYConverter.java:123)
	at app//de.uka.ilkd.key.java.JP2KeYVisitor.visit(JP2KeYConverter.java:708)
	at app//de.uka.ilkd.key.java.JP2KeYVisitor.visit(JP2KeYConverter.java:91)
	at app//com.github.javaparser.ast.expr.MethodCallExpr.accept(MethodCallExpr.java:116)
	at app//de.uka.ilkd.key.java.JP2KeYVisitor.accept(JP2KeYConverter.java:374)
	at app//de.uka.ilkd.key.java.JP2KeYVisitor.visit(JP2KeYConverter.java:541)
	at app//de.uka.ilkd.key.java.JP2KeYVisitor.visit(JP2KeYConverter.java:91)
	at app//com.github.javaparser.ast.stmt.ExpressionStmt.accept(ExpressionStmt.java:71)
	at app//de.uka.ilkd.key.java.JP2KeYVisitor.map(JP2KeYConverter.java:430)
	at app//de.uka.ilkd.key.java.JP2KeYVisitor.visit(JP2KeYConverter.java:279)
	at app//de.uka.ilkd.key.java.JP2KeYVisitor.visit(JP2KeYConverter.java:91)
	at app//com.github.javaparser.ast.stmt.BlockStmt.accept(BlockStmt.java:70)
	at app//de.uka.ilkd.key.java.JP2KeYVisitor.accept(JP2KeYConverter.java:374)
	at app//de.uka.ilkd.key.java.JP2KeYVisitor.accepto(JP2KeYConverter.java:447)
	at app//de.uka.ilkd.key.java.JP2KeYVisitor.visit(JP2KeYConverter.java:737)
	at app//de.uka.ilkd.key.java.JP2KeYVisitor.visit(JP2KeYConverter.java:91)
	at app//com.github.javaparser.ast.body.MethodDeclaration.accept(MethodDeclaration.java:98)
	at app//de.uka.ilkd.key.java.JP2KeYVisitor.map(JP2KeYConverter.java:430)
	at app//de.uka.ilkd.key.java.JP2KeYVisitor.visit(JP2KeYConverter.java:331)
	at app//de.uka.ilkd.key.java.JP2KeYVisitor.visit(JP2KeYConverter.java:91)
	at app//com.github.javaparser.ast.body.ClassOrInterfaceDeclaration.accept(ClassOrInterfaceDeclaration.java:95)
	at app//de.uka.ilkd.key.java.JP2KeYVisitor.map(JP2KeYConverter.java:430)
	at app//de.uka.ilkd.key.java.JP2KeYVisitor.visit(JP2KeYConverter.java:419)
	at app//de.uka.ilkd.key.java.JP2KeYVisitor.visit(JP2KeYConverter.java:91)
	at app//com.github.javaparser.ast.CompilationUnit.accept(CompilationUnit.java:124)
	at app//de.uka.ilkd.key.java.JP2KeYConverter.process(JP2KeYConverter.java:85)
	at app//de.uka.ilkd.key.java.JP2KeYConverter.processCompilationUnit(JP2KeYConverter.java:81)
	at app//de.uka.ilkd.key.java.JavaService.parseLibraryClasses0(JavaService.java:545)
	at app//de.uka.ilkd.key.java.JavaService.parseSpecialClasses(JavaService.java:520)
	at app//de.uka.ilkd.key.java.JavaService.recoderCompilationUnitsAsFiles(JavaService.java:177)
	at app//de.uka.ilkd.key.java.JavaService.readCompilationUnitsAsFiles(JavaService.java:153)
	at app//de.uka.ilkd.key.proof.init.ProblemInitializer.readJava(ProblemInitializer.java:277)
	at app//de.uka.ilkd.key.proof.init.ProblemInitializer.prepare(ProblemInitializer.java:529)
	at app//de.uka.ilkd.key.proof.init.ProblemInitializer.prepare(ProblemInitializer.java:471)
	at app//de.uka.ilkd.key.proof.io.AbstractProblemLoader.createInitConfig(AbstractProblemLoader.java:557)
	at app//de.uka.ilkd.key.proof.io.AbstractProblemLoader.loadEnvironment(AbstractProblemLoader.java:317)
	at app//de.uka.ilkd.key.proof.io.AbstractProblemLoader.load(AbstractProblemLoader.java:275)
	at app//de.uka.ilkd.key.proof.io.AbstractProblemLoader.load(AbstractProblemLoader.java:257)
	at app//de.uka.ilkd.key.control.AbstractUserInterfaceControl.load(AbstractUserInterfaceControl.java:212)
	... 91 more
</failure>
  </testcase>
  <testcase name="testInstantiateLabels_childAndGrandchildPolicies_allRules()" classname="de.uka.ilkd.key.logic.TestTermLabelManager" time="0.355">
    <failure message="org.opentest4j.AssertionFailedError: Unexpected exception thrown: de.uka.ilkd.key.proof.io.ProblemLoaderException: JavaBuildingIssue{node=super.$prepare()range=Optional.empty, message='Unsupported element detected given by Java Parser: MethodCallExpr. Please extend the KeY-Java-Hierarchy'}" type="org.opentest4j.AssertionFailedError">org.opentest4j.AssertionFailedError: Unexpected exception thrown: de.uka.ilkd.key.proof.io.ProblemLoaderException: JavaBuildingIssue{node=super.$prepare()range=Optional.empty, message='Unsupported element detected given by Java Parser: MethodCallExpr. Please extend the KeY-Java-Hierarchy'}
	at app//org.junit.jupiter.api.AssertionFailureBuilder.build(AssertionFailureBuilder.java:152)
	at app//org.junit.jupiter.api.AssertDoesNotThrow.createAssertionFailedError(AssertDoesNotThrow.java:84)
	at app//org.junit.jupiter.api.AssertDoesNotThrow.assertDoesNotThrow(AssertDoesNotThrow.java:75)
	at app//org.junit.jupiter.api.AssertDoesNotThrow.assertDoesNotThrow(AssertDoesNotThrow.java:58)
	at app//org.junit.jupiter.api.Assertions.assertDoesNotThrow(Assertions.java:3196)
	at app//de.uka.ilkd.key.logic.TestTermLabelManager.testInstantiateLabels_childAndGrandchildPolicies_allRules(TestTermLabelManager.java:259)
	at java.base@17.0.7/jdk.internal.reflect.NativeMethodAccessorImpl.invoke0(Native Method)
	at java.base@17.0.7/jdk.internal.reflect.NativeMethodAccessorImpl.invoke(NativeMethodAccessorImpl.java:77)
	at java.base@17.0.7/jdk.internal.reflect.DelegatingMethodAccessorImpl.invoke(DelegatingMethodAccessorImpl.java:43)
	at java.base@17.0.7/java.lang.reflect.Method.invoke(Method.java:568)
	at app//org.junit.platform.commons.util.ReflectionUtils.invokeMethod(ReflectionUtils.java:727)
	at app//org.junit.jupiter.engine.execution.MethodInvocation.proceed(MethodInvocation.java:60)
	at app//org.junit.jupiter.engine.execution.InvocationInterceptorChain$ValidatingInvocation.proceed(InvocationInterceptorChain.java:131)
	at app//org.junit.jupiter.engine.extension.TimeoutExtension.intercept(TimeoutExtension.java:156)
	at app//org.junit.jupiter.engine.extension.TimeoutExtension.interceptTestableMethod(TimeoutExtension.java:147)
	at app//org.junit.jupiter.engine.extension.TimeoutExtension.interceptTestMethod(TimeoutExtension.java:86)
	at app//org.junit.jupiter.engine.execution.InterceptingExecutableInvoker$ReflectiveInterceptorCall.lambda$ofVoidMethod$0(InterceptingExecutableInvoker.java:103)
	at app//org.junit.jupiter.engine.execution.InterceptingExecutableInvoker.lambda$invoke$0(InterceptingExecutableInvoker.java:93)
	at app//org.junit.jupiter.engine.execution.InvocationInterceptorChain$InterceptedInvocation.proceed(InvocationInterceptorChain.java:106)
	at app//org.junit.jupiter.engine.execution.InvocationInterceptorChain.proceed(InvocationInterceptorChain.java:64)
	at app//org.junit.jupiter.engine.execution.InvocationInterceptorChain.chainAndInvoke(InvocationInterceptorChain.java:45)
	at app//org.junit.jupiter.engine.execution.InvocationInterceptorChain.invoke(InvocationInterceptorChain.java:37)
	at app//org.junit.jupiter.engine.execution.InterceptingExecutableInvoker.invoke(InterceptingExecutableInvoker.java:92)
	at app//org.junit.jupiter.engine.execution.InterceptingExecutableInvoker.invoke(InterceptingExecutableInvoker.java:86)
	at app//org.junit.jupiter.engine.descriptor.TestMethodTestDescriptor.lambda$invokeTestMethod$7(TestMethodTestDescriptor.java:217)
	at app//org.junit.platform.engine.support.hierarchical.ThrowableCollector.execute(ThrowableCollector.java:73)
	at app//org.junit.jupiter.engine.descriptor.TestMethodTestDescriptor.invokeTestMethod(TestMethodTestDescriptor.java:213)
	at app//org.junit.jupiter.engine.descriptor.TestMethodTestDescriptor.execute(TestMethodTestDescriptor.java:138)
	at app//org.junit.jupiter.engine.descriptor.TestMethodTestDescriptor.execute(TestMethodTestDescriptor.java:68)
	at app//org.junit.platform.engine.support.hierarchical.NodeTestTask.lambda$executeRecursively$6(NodeTestTask.java:151)
	at app//org.junit.platform.engine.support.hierarchical.ThrowableCollector.execute(ThrowableCollector.java:73)
	at app//org.junit.platform.engine.support.hierarchical.NodeTestTask.lambda$executeRecursively$8(NodeTestTask.java:141)
	at app//org.junit.platform.engine.support.hierarchical.Node.around(Node.java:137)
	at app//org.junit.platform.engine.support.hierarchical.NodeTestTask.lambda$executeRecursively$9(NodeTestTask.java:139)
	at app//org.junit.platform.engine.support.hierarchical.ThrowableCollector.execute(ThrowableCollector.java:73)
	at app//org.junit.platform.engine.support.hierarchical.NodeTestTask.executeRecursively(NodeTestTask.java:138)
	at app//org.junit.platform.engine.support.hierarchical.NodeTestTask.execute(NodeTestTask.java:95)
	at java.base@17.0.7/java.util.ArrayList.forEach(ArrayList.java:1511)
	at app//org.junit.platform.engine.support.hierarchical.SameThreadHierarchicalTestExecutorService.invokeAll(SameThreadHierarchicalTestExecutorService.java:41)
	at app//org.junit.platform.engine.support.hierarchical.NodeTestTask.lambda$executeRecursively$6(NodeTestTask.java:155)
	at app//org.junit.platform.engine.support.hierarchical.ThrowableCollector.execute(ThrowableCollector.java:73)
	at app//org.junit.platform.engine.support.hierarchical.NodeTestTask.lambda$executeRecursively$8(NodeTestTask.java:141)
	at app//org.junit.platform.engine.support.hierarchical.Node.around(Node.java:137)
	at app//org.junit.platform.engine.support.hierarchical.NodeTestTask.lambda$executeRecursively$9(NodeTestTask.java:139)
	at app//org.junit.platform.engine.support.hierarchical.ThrowableCollector.execute(ThrowableCollector.java:73)
	at app//org.junit.platform.engine.support.hierarchical.NodeTestTask.executeRecursively(NodeTestTask.java:138)
	at app//org.junit.platform.engine.support.hierarchical.NodeTestTask.execute(NodeTestTask.java:95)
	at java.base@17.0.7/java.util.ArrayList.forEach(ArrayList.java:1511)
	at app//org.junit.platform.engine.support.hierarchical.SameThreadHierarchicalTestExecutorService.invokeAll(SameThreadHierarchicalTestExecutorService.java:41)
	at app//org.junit.platform.engine.support.hierarchical.NodeTestTask.lambda$executeRecursively$6(NodeTestTask.java:155)
	at app//org.junit.platform.engine.support.hierarchical.ThrowableCollector.execute(ThrowableCollector.java:73)
	at app//org.junit.platform.engine.support.hierarchical.NodeTestTask.lambda$executeRecursively$8(NodeTestTask.java:141)
	at app//org.junit.platform.engine.support.hierarchical.Node.around(Node.java:137)
	at app//org.junit.platform.engine.support.hierarchical.NodeTestTask.lambda$executeRecursively$9(NodeTestTask.java:139)
	at app//org.junit.platform.engine.support.hierarchical.ThrowableCollector.execute(ThrowableCollector.java:73)
	at app//org.junit.platform.engine.support.hierarchical.NodeTestTask.executeRecursively(NodeTestTask.java:138)
	at app//org.junit.platform.engine.support.hierarchical.NodeTestTask.execute(NodeTestTask.java:95)
	at app//org.junit.platform.engine.support.hierarchical.SameThreadHierarchicalTestExecutorService.submit(SameThreadHierarchicalTestExecutorService.java:35)
	at app//org.junit.platform.engine.support.hierarchical.HierarchicalTestExecutor.execute(HierarchicalTestExecutor.java:57)
	at app//org.junit.platform.engine.support.hierarchical.HierarchicalTestEngine.execute(HierarchicalTestEngine.java:54)
	at app//org.junit.platform.launcher.core.EngineExecutionOrchestrator.execute(EngineExecutionOrchestrator.java:107)
	at app//org.junit.platform.launcher.core.EngineExecutionOrchestrator.execute(EngineExecutionOrchestrator.java:88)
	at app//org.junit.platform.launcher.core.EngineExecutionOrchestrator.lambda$execute$0(EngineExecutionOrchestrator.java:54)
	at app//org.junit.platform.launcher.core.EngineExecutionOrchestrator.withInterceptedStreams(EngineExecutionOrchestrator.java:67)
	at app//org.junit.platform.launcher.core.EngineExecutionOrchestrator.execute(EngineExecutionOrchestrator.java:52)
	at app//org.junit.platform.launcher.core.DefaultLauncher.execute(DefaultLauncher.java:114)
	at app//org.junit.platform.launcher.core.DefaultLauncher.execute(DefaultLauncher.java:86)
	at app//org.junit.platform.launcher.core.DefaultLauncherSession$DelegatingLauncher.execute(DefaultLauncherSession.java:86)
	at org.gradle.api.internal.tasks.testing.junitplatform.JUnitPlatformTestClassProcessor$CollectAllTestClassesExecutor.processAllTestClasses(JUnitPlatformTestClassProcessor.java:110)
	at org.gradle.api.internal.tasks.testing.junitplatform.JUnitPlatformTestClassProcessor$CollectAllTestClassesExecutor.access$000(JUnitPlatformTestClassProcessor.java:90)
	at org.gradle.api.internal.tasks.testing.junitplatform.JUnitPlatformTestClassProcessor.stop(JUnitPlatformTestClassProcessor.java:85)
	at org.gradle.api.internal.tasks.testing.SuiteTestClassProcessor.stop(SuiteTestClassProcessor.java:62)
	at java.base@17.0.7/jdk.internal.reflect.NativeMethodAccessorImpl.invoke0(Native Method)
	at java.base@17.0.7/jdk.internal.reflect.NativeMethodAccessorImpl.invoke(NativeMethodAccessorImpl.java:77)
	at java.base@17.0.7/jdk.internal.reflect.DelegatingMethodAccessorImpl.invoke(DelegatingMethodAccessorImpl.java:43)
	at java.base@17.0.7/java.lang.reflect.Method.invoke(Method.java:568)
	at org.gradle.internal.dispatch.ReflectionDispatch.dispatch(ReflectionDispatch.java:36)
	at org.gradle.internal.dispatch.ReflectionDispatch.dispatch(ReflectionDispatch.java:24)
	at org.gradle.internal.dispatch.ContextClassLoaderDispatch.dispatch(ContextClassLoaderDispatch.java:33)
	at org.gradle.internal.dispatch.ProxyDispatchAdapter$DispatchingInvocationHandler.invoke(ProxyDispatchAdapter.java:94)
	at jdk.proxy2/jdk.proxy2.$Proxy5.stop(Unknown Source)
	at org.gradle.api.internal.tasks.testing.worker.TestWorker$3.run(TestWorker.java:193)
	at org.gradle.api.internal.tasks.testing.worker.TestWorker.executeAndMaintainThreadName(TestWorker.java:129)
	at org.gradle.api.internal.tasks.testing.worker.TestWorker.execute(TestWorker.java:100)
	at org.gradle.api.internal.tasks.testing.worker.TestWorker.execute(TestWorker.java:60)
	at org.gradle.process.internal.worker.child.ActionExecutionWorker.execute(ActionExecutionWorker.java:56)
	at org.gradle.process.internal.worker.child.SystemApplicationClassLoaderWorker.call(SystemApplicationClassLoaderWorker.java:113)
	at org.gradle.process.internal.worker.child.SystemApplicationClassLoaderWorker.call(SystemApplicationClassLoaderWorker.java:65)
	at app//worker.org.gradle.process.internal.worker.GradleWorkerMain.run(GradleWorkerMain.java:69)
	at app//worker.org.gradle.process.internal.worker.GradleWorkerMain.main(GradleWorkerMain.java:74)
Caused by: JavaBuildingIssue{node=super.$prepare()range=Optional.empty, message='Unsupported element detected given by Java Parser: MethodCallExpr. Please extend the KeY-Java-Hierarchy'} (file: src/test/resources/testcase/termLabels/flatSteps/FlatSteps.java; caused by: JavaBuildingExceptions{issues=[JavaBuildingIssue{node=super.$prepare()range=Optional.empty, message='Unsupported element detected given by Java Parser: MethodCallExpr. Please extend the KeY-Java-Hierarchy'}]})
	at app//de.uka.ilkd.key.control.AbstractUserInterfaceControl.load(AbstractUserInterfaceControl.java:225)
	at app//de.uka.ilkd.key.control.KeYEnvironment.load(KeYEnvironment.java:282)
	at app//de.uka.ilkd.key.control.KeYEnvironment.load(KeYEnvironment.java:251)
	at app//de.uka.ilkd.key.control.KeYEnvironment.load(KeYEnvironment.java:225)
	at app//de.uka.ilkd.key.control.KeYEnvironment.load(KeYEnvironment.java:185)
	at app//de.uka.ilkd.key.logic.TestTermLabelManager.createTestServices(TestTermLabelManager.java:584)
	at app//de.uka.ilkd.key.logic.TestTermLabelManager.lambda$testInstantiateLabels_childAndGrandchildPolicies_allRules$2(TestTermLabelManager.java:260)
	at app//org.junit.jupiter.api.AssertDoesNotThrow.assertDoesNotThrow(AssertDoesNotThrow.java:71)
	... 87 more
Caused by: JavaBuildingExceptions{issues=[JavaBuildingIssue{node=super.$prepare()range=Optional.empty, message='Unsupported element detected given by Java Parser: MethodCallExpr. Please extend the KeY-Java-Hierarchy'}]}
	at app//de.uka.ilkd.key.java.JP2KeYVisitor.reportError(JP2KeYConverter.java:119)
	at app//de.uka.ilkd.key.java.JP2KeYVisitor.reportUnsupportedElement(JP2KeYConverter.java:123)
	at app//de.uka.ilkd.key.java.JP2KeYVisitor.visit(JP2KeYConverter.java:708)
	at app//de.uka.ilkd.key.java.JP2KeYVisitor.visit(JP2KeYConverter.java:91)
	at app//com.github.javaparser.ast.expr.MethodCallExpr.accept(MethodCallExpr.java:116)
	at app//de.uka.ilkd.key.java.JP2KeYVisitor.accept(JP2KeYConverter.java:374)
	at app//de.uka.ilkd.key.java.JP2KeYVisitor.visit(JP2KeYConverter.java:541)
	at app//de.uka.ilkd.key.java.JP2KeYVisitor.visit(JP2KeYConverter.java:91)
	at app//com.github.javaparser.ast.stmt.ExpressionStmt.accept(ExpressionStmt.java:71)
	at app//de.uka.ilkd.key.java.JP2KeYVisitor.map(JP2KeYConverter.java:430)
	at app//de.uka.ilkd.key.java.JP2KeYVisitor.visit(JP2KeYConverter.java:279)
	at app//de.uka.ilkd.key.java.JP2KeYVisitor.visit(JP2KeYConverter.java:91)
	at app//com.github.javaparser.ast.stmt.BlockStmt.accept(BlockStmt.java:70)
	at app//de.uka.ilkd.key.java.JP2KeYVisitor.accept(JP2KeYConverter.java:374)
	at app//de.uka.ilkd.key.java.JP2KeYVisitor.accepto(JP2KeYConverter.java:447)
	at app//de.uka.ilkd.key.java.JP2KeYVisitor.visit(JP2KeYConverter.java:737)
	at app//de.uka.ilkd.key.java.JP2KeYVisitor.visit(JP2KeYConverter.java:91)
	at app//com.github.javaparser.ast.body.MethodDeclaration.accept(MethodDeclaration.java:98)
	at app//de.uka.ilkd.key.java.JP2KeYVisitor.map(JP2KeYConverter.java:430)
	at app//de.uka.ilkd.key.java.JP2KeYVisitor.visit(JP2KeYConverter.java:331)
	at app//de.uka.ilkd.key.java.JP2KeYVisitor.visit(JP2KeYConverter.java:91)
	at app//com.github.javaparser.ast.body.ClassOrInterfaceDeclaration.accept(ClassOrInterfaceDeclaration.java:95)
	at app//de.uka.ilkd.key.java.JP2KeYVisitor.map(JP2KeYConverter.java:430)
	at app//de.uka.ilkd.key.java.JP2KeYVisitor.visit(JP2KeYConverter.java:419)
	at app//de.uka.ilkd.key.java.JP2KeYVisitor.visit(JP2KeYConverter.java:91)
	at app//com.github.javaparser.ast.CompilationUnit.accept(CompilationUnit.java:124)
	at app//de.uka.ilkd.key.java.JP2KeYConverter.process(JP2KeYConverter.java:85)
	at app//de.uka.ilkd.key.java.JP2KeYConverter.processCompilationUnit(JP2KeYConverter.java:81)
	at app//de.uka.ilkd.key.java.JavaService.parseLibraryClasses0(JavaService.java:545)
	at app//de.uka.ilkd.key.java.JavaService.parseSpecialClasses(JavaService.java:520)
	at app//de.uka.ilkd.key.java.JavaService.recoderCompilationUnitsAsFiles(JavaService.java:177)
	at app//de.uka.ilkd.key.java.JavaService.readCompilationUnitsAsFiles(JavaService.java:153)
	at app//de.uka.ilkd.key.proof.init.ProblemInitializer.readJava(ProblemInitializer.java:277)
	at app//de.uka.ilkd.key.proof.init.ProblemInitializer.prepare(ProblemInitializer.java:529)
	at app//de.uka.ilkd.key.proof.init.ProblemInitializer.prepare(ProblemInitializer.java:471)
	at app//de.uka.ilkd.key.proof.io.AbstractProblemLoader.createInitConfig(AbstractProblemLoader.java:557)
	at app//de.uka.ilkd.key.proof.io.AbstractProblemLoader.loadEnvironment(AbstractProblemLoader.java:317)
	at app//de.uka.ilkd.key.proof.io.AbstractProblemLoader.load(AbstractProblemLoader.java:275)
	at app//de.uka.ilkd.key.proof.io.AbstractProblemLoader.load(AbstractProblemLoader.java:257)
	at app//de.uka.ilkd.key.control.AbstractUserInterfaceControl.load(AbstractUserInterfaceControl.java:212)
	... 94 more
</failure>
  </testcase>
  <testcase name="testInstantiateLabels_taclet()" classname="de.uka.ilkd.key.logic.TestTermLabelManager" time="0.212">
    <failure message="org.opentest4j.AssertionFailedError: Unexpected exception thrown: de.uka.ilkd.key.proof.io.ProblemLoaderException: JavaBuildingIssue{node=super.$prepare()range=Optional.empty, message='Unsupported element detected given by Java Parser: MethodCallExpr. Please extend the KeY-Java-Hierarchy'}" type="org.opentest4j.AssertionFailedError">org.opentest4j.AssertionFailedError: Unexpected exception thrown: de.uka.ilkd.key.proof.io.ProblemLoaderException: JavaBuildingIssue{node=super.$prepare()range=Optional.empty, message='Unsupported element detected given by Java Parser: MethodCallExpr. Please extend the KeY-Java-Hierarchy'}
	at app//org.junit.jupiter.api.AssertionFailureBuilder.build(AssertionFailureBuilder.java:152)
	at app//org.junit.jupiter.api.AssertDoesNotThrow.createAssertionFailedError(AssertDoesNotThrow.java:84)
	at app//org.junit.jupiter.api.AssertDoesNotThrow.assertDoesNotThrow(AssertDoesNotThrow.java:75)
	at app//org.junit.jupiter.api.AssertDoesNotThrow.assertDoesNotThrow(AssertDoesNotThrow.java:58)
	at app//org.junit.jupiter.api.Assertions.assertDoesNotThrow(Assertions.java:3196)
	at app//de.uka.ilkd.key.logic.TestTermLabelManager.testInstantiateLabels_taclet(TestTermLabelManager.java:467)
	at java.base@17.0.7/jdk.internal.reflect.NativeMethodAccessorImpl.invoke0(Native Method)
	at java.base@17.0.7/jdk.internal.reflect.NativeMethodAccessorImpl.invoke(NativeMethodAccessorImpl.java:77)
	at java.base@17.0.7/jdk.internal.reflect.DelegatingMethodAccessorImpl.invoke(DelegatingMethodAccessorImpl.java:43)
	at java.base@17.0.7/java.lang.reflect.Method.invoke(Method.java:568)
	at app//org.junit.platform.commons.util.ReflectionUtils.invokeMethod(ReflectionUtils.java:727)
	at app//org.junit.jupiter.engine.execution.MethodInvocation.proceed(MethodInvocation.java:60)
	at app//org.junit.jupiter.engine.execution.InvocationInterceptorChain$ValidatingInvocation.proceed(InvocationInterceptorChain.java:131)
	at app//org.junit.jupiter.engine.extension.TimeoutExtension.intercept(TimeoutExtension.java:156)
	at app//org.junit.jupiter.engine.extension.TimeoutExtension.interceptTestableMethod(TimeoutExtension.java:147)
	at app//org.junit.jupiter.engine.extension.TimeoutExtension.interceptTestMethod(TimeoutExtension.java:86)
	at app//org.junit.jupiter.engine.execution.InterceptingExecutableInvoker$ReflectiveInterceptorCall.lambda$ofVoidMethod$0(InterceptingExecutableInvoker.java:103)
	at app//org.junit.jupiter.engine.execution.InterceptingExecutableInvoker.lambda$invoke$0(InterceptingExecutableInvoker.java:93)
	at app//org.junit.jupiter.engine.execution.InvocationInterceptorChain$InterceptedInvocation.proceed(InvocationInterceptorChain.java:106)
	at app//org.junit.jupiter.engine.execution.InvocationInterceptorChain.proceed(InvocationInterceptorChain.java:64)
	at app//org.junit.jupiter.engine.execution.InvocationInterceptorChain.chainAndInvoke(InvocationInterceptorChain.java:45)
	at app//org.junit.jupiter.engine.execution.InvocationInterceptorChain.invoke(InvocationInterceptorChain.java:37)
	at app//org.junit.jupiter.engine.execution.InterceptingExecutableInvoker.invoke(InterceptingExecutableInvoker.java:92)
	at app//org.junit.jupiter.engine.execution.InterceptingExecutableInvoker.invoke(InterceptingExecutableInvoker.java:86)
	at app//org.junit.jupiter.engine.descriptor.TestMethodTestDescriptor.lambda$invokeTestMethod$7(TestMethodTestDescriptor.java:217)
	at app//org.junit.platform.engine.support.hierarchical.ThrowableCollector.execute(ThrowableCollector.java:73)
	at app//org.junit.jupiter.engine.descriptor.TestMethodTestDescriptor.invokeTestMethod(TestMethodTestDescriptor.java:213)
	at app//org.junit.jupiter.engine.descriptor.TestMethodTestDescriptor.execute(TestMethodTestDescriptor.java:138)
	at app//org.junit.jupiter.engine.descriptor.TestMethodTestDescriptor.execute(TestMethodTestDescriptor.java:68)
	at app//org.junit.platform.engine.support.hierarchical.NodeTestTask.lambda$executeRecursively$6(NodeTestTask.java:151)
	at app//org.junit.platform.engine.support.hierarchical.ThrowableCollector.execute(ThrowableCollector.java:73)
	at app//org.junit.platform.engine.support.hierarchical.NodeTestTask.lambda$executeRecursively$8(NodeTestTask.java:141)
	at app//org.junit.platform.engine.support.hierarchical.Node.around(Node.java:137)
	at app//org.junit.platform.engine.support.hierarchical.NodeTestTask.lambda$executeRecursively$9(NodeTestTask.java:139)
	at app//org.junit.platform.engine.support.hierarchical.ThrowableCollector.execute(ThrowableCollector.java:73)
	at app//org.junit.platform.engine.support.hierarchical.NodeTestTask.executeRecursively(NodeTestTask.java:138)
	at app//org.junit.platform.engine.support.hierarchical.NodeTestTask.execute(NodeTestTask.java:95)
	at java.base@17.0.7/java.util.ArrayList.forEach(ArrayList.java:1511)
	at app//org.junit.platform.engine.support.hierarchical.SameThreadHierarchicalTestExecutorService.invokeAll(SameThreadHierarchicalTestExecutorService.java:41)
	at app//org.junit.platform.engine.support.hierarchical.NodeTestTask.lambda$executeRecursively$6(NodeTestTask.java:155)
	at app//org.junit.platform.engine.support.hierarchical.ThrowableCollector.execute(ThrowableCollector.java:73)
	at app//org.junit.platform.engine.support.hierarchical.NodeTestTask.lambda$executeRecursively$8(NodeTestTask.java:141)
	at app//org.junit.platform.engine.support.hierarchical.Node.around(Node.java:137)
	at app//org.junit.platform.engine.support.hierarchical.NodeTestTask.lambda$executeRecursively$9(NodeTestTask.java:139)
	at app//org.junit.platform.engine.support.hierarchical.ThrowableCollector.execute(ThrowableCollector.java:73)
	at app//org.junit.platform.engine.support.hierarchical.NodeTestTask.executeRecursively(NodeTestTask.java:138)
	at app//org.junit.platform.engine.support.hierarchical.NodeTestTask.execute(NodeTestTask.java:95)
	at java.base@17.0.7/java.util.ArrayList.forEach(ArrayList.java:1511)
	at app//org.junit.platform.engine.support.hierarchical.SameThreadHierarchicalTestExecutorService.invokeAll(SameThreadHierarchicalTestExecutorService.java:41)
	at app//org.junit.platform.engine.support.hierarchical.NodeTestTask.lambda$executeRecursively$6(NodeTestTask.java:155)
	at app//org.junit.platform.engine.support.hierarchical.ThrowableCollector.execute(ThrowableCollector.java:73)
	at app//org.junit.platform.engine.support.hierarchical.NodeTestTask.lambda$executeRecursively$8(NodeTestTask.java:141)
	at app//org.junit.platform.engine.support.hierarchical.Node.around(Node.java:137)
	at app//org.junit.platform.engine.support.hierarchical.NodeTestTask.lambda$executeRecursively$9(NodeTestTask.java:139)
	at app//org.junit.platform.engine.support.hierarchical.ThrowableCollector.execute(ThrowableCollector.java:73)
	at app//org.junit.platform.engine.support.hierarchical.NodeTestTask.executeRecursively(NodeTestTask.java:138)
	at app//org.junit.platform.engine.support.hierarchical.NodeTestTask.execute(NodeTestTask.java:95)
	at app//org.junit.platform.engine.support.hierarchical.SameThreadHierarchicalTestExecutorService.submit(SameThreadHierarchicalTestExecutorService.java:35)
	at app//org.junit.platform.engine.support.hierarchical.HierarchicalTestExecutor.execute(HierarchicalTestExecutor.java:57)
	at app//org.junit.platform.engine.support.hierarchical.HierarchicalTestEngine.execute(HierarchicalTestEngine.java:54)
	at app//org.junit.platform.launcher.core.EngineExecutionOrchestrator.execute(EngineExecutionOrchestrator.java:107)
	at app//org.junit.platform.launcher.core.EngineExecutionOrchestrator.execute(EngineExecutionOrchestrator.java:88)
	at app//org.junit.platform.launcher.core.EngineExecutionOrchestrator.lambda$execute$0(EngineExecutionOrchestrator.java:54)
	at app//org.junit.platform.launcher.core.EngineExecutionOrchestrator.withInterceptedStreams(EngineExecutionOrchestrator.java:67)
	at app//org.junit.platform.launcher.core.EngineExecutionOrchestrator.execute(EngineExecutionOrchestrator.java:52)
	at app//org.junit.platform.launcher.core.DefaultLauncher.execute(DefaultLauncher.java:114)
	at app//org.junit.platform.launcher.core.DefaultLauncher.execute(DefaultLauncher.java:86)
	at app//org.junit.platform.launcher.core.DefaultLauncherSession$DelegatingLauncher.execute(DefaultLauncherSession.java:86)
	at org.gradle.api.internal.tasks.testing.junitplatform.JUnitPlatformTestClassProcessor$CollectAllTestClassesExecutor.processAllTestClasses(JUnitPlatformTestClassProcessor.java:110)
	at org.gradle.api.internal.tasks.testing.junitplatform.JUnitPlatformTestClassProcessor$CollectAllTestClassesExecutor.access$000(JUnitPlatformTestClassProcessor.java:90)
	at org.gradle.api.internal.tasks.testing.junitplatform.JUnitPlatformTestClassProcessor.stop(JUnitPlatformTestClassProcessor.java:85)
	at org.gradle.api.internal.tasks.testing.SuiteTestClassProcessor.stop(SuiteTestClassProcessor.java:62)
	at java.base@17.0.7/jdk.internal.reflect.NativeMethodAccessorImpl.invoke0(Native Method)
	at java.base@17.0.7/jdk.internal.reflect.NativeMethodAccessorImpl.invoke(NativeMethodAccessorImpl.java:77)
	at java.base@17.0.7/jdk.internal.reflect.DelegatingMethodAccessorImpl.invoke(DelegatingMethodAccessorImpl.java:43)
	at java.base@17.0.7/java.lang.reflect.Method.invoke(Method.java:568)
	at org.gradle.internal.dispatch.ReflectionDispatch.dispatch(ReflectionDispatch.java:36)
	at org.gradle.internal.dispatch.ReflectionDispatch.dispatch(ReflectionDispatch.java:24)
	at org.gradle.internal.dispatch.ContextClassLoaderDispatch.dispatch(ContextClassLoaderDispatch.java:33)
	at org.gradle.internal.dispatch.ProxyDispatchAdapter$DispatchingInvocationHandler.invoke(ProxyDispatchAdapter.java:94)
	at jdk.proxy2/jdk.proxy2.$Proxy5.stop(Unknown Source)
	at org.gradle.api.internal.tasks.testing.worker.TestWorker$3.run(TestWorker.java:193)
	at org.gradle.api.internal.tasks.testing.worker.TestWorker.executeAndMaintainThreadName(TestWorker.java:129)
	at org.gradle.api.internal.tasks.testing.worker.TestWorker.execute(TestWorker.java:100)
	at org.gradle.api.internal.tasks.testing.worker.TestWorker.execute(TestWorker.java:60)
	at org.gradle.process.internal.worker.child.ActionExecutionWorker.execute(ActionExecutionWorker.java:56)
	at org.gradle.process.internal.worker.child.SystemApplicationClassLoaderWorker.call(SystemApplicationClassLoaderWorker.java:113)
	at org.gradle.process.internal.worker.child.SystemApplicationClassLoaderWorker.call(SystemApplicationClassLoaderWorker.java:65)
	at app//worker.org.gradle.process.internal.worker.GradleWorkerMain.run(GradleWorkerMain.java:69)
	at app//worker.org.gradle.process.internal.worker.GradleWorkerMain.main(GradleWorkerMain.java:74)
Caused by: JavaBuildingIssue{node=super.$prepare()range=Optional.empty, message='Unsupported element detected given by Java Parser: MethodCallExpr. Please extend the KeY-Java-Hierarchy'} (file: src/test/resources/testcase/termLabels/flatSteps/FlatSteps.java; caused by: JavaBuildingExceptions{issues=[JavaBuildingIssue{node=super.$prepare()range=Optional.empty, message='Unsupported element detected given by Java Parser: MethodCallExpr. Please extend the KeY-Java-Hierarchy'}]})
	at app//de.uka.ilkd.key.control.AbstractUserInterfaceControl.load(AbstractUserInterfaceControl.java:225)
	at app//de.uka.ilkd.key.control.KeYEnvironment.load(KeYEnvironment.java:282)
	at app//de.uka.ilkd.key.control.KeYEnvironment.load(KeYEnvironment.java:251)
	at app//de.uka.ilkd.key.control.KeYEnvironment.load(KeYEnvironment.java:225)
	at app//de.uka.ilkd.key.control.KeYEnvironment.load(KeYEnvironment.java:185)
	at app//de.uka.ilkd.key.logic.TestTermLabelManager.createTestServices(TestTermLabelManager.java:584)
	at app//de.uka.ilkd.key.logic.TestTermLabelManager.lambda$testInstantiateLabels_taclet$7(TestTermLabelManager.java:468)
	at app//org.junit.jupiter.api.AssertDoesNotThrow.assertDoesNotThrow(AssertDoesNotThrow.java:71)
	... 87 more
Caused by: JavaBuildingExceptions{issues=[JavaBuildingIssue{node=super.$prepare()range=Optional.empty, message='Unsupported element detected given by Java Parser: MethodCallExpr. Please extend the KeY-Java-Hierarchy'}]}
	at app//de.uka.ilkd.key.java.JP2KeYVisitor.reportError(JP2KeYConverter.java:119)
	at app//de.uka.ilkd.key.java.JP2KeYVisitor.reportUnsupportedElement(JP2KeYConverter.java:123)
	at app//de.uka.ilkd.key.java.JP2KeYVisitor.visit(JP2KeYConverter.java:708)
	at app//de.uka.ilkd.key.java.JP2KeYVisitor.visit(JP2KeYConverter.java:91)
	at app//com.github.javaparser.ast.expr.MethodCallExpr.accept(MethodCallExpr.java:116)
	at app//de.uka.ilkd.key.java.JP2KeYVisitor.accept(JP2KeYConverter.java:374)
	at app//de.uka.ilkd.key.java.JP2KeYVisitor.visit(JP2KeYConverter.java:541)
	at app//de.uka.ilkd.key.java.JP2KeYVisitor.visit(JP2KeYConverter.java:91)
	at app//com.github.javaparser.ast.stmt.ExpressionStmt.accept(ExpressionStmt.java:71)
	at app//de.uka.ilkd.key.java.JP2KeYVisitor.map(JP2KeYConverter.java:430)
	at app//de.uka.ilkd.key.java.JP2KeYVisitor.visit(JP2KeYConverter.java:279)
	at app//de.uka.ilkd.key.java.JP2KeYVisitor.visit(JP2KeYConverter.java:91)
	at app//com.github.javaparser.ast.stmt.BlockStmt.accept(BlockStmt.java:70)
	at app//de.uka.ilkd.key.java.JP2KeYVisitor.accept(JP2KeYConverter.java:374)
	at app//de.uka.ilkd.key.java.JP2KeYVisitor.accepto(JP2KeYConverter.java:447)
	at app//de.uka.ilkd.key.java.JP2KeYVisitor.visit(JP2KeYConverter.java:737)
	at app//de.uka.ilkd.key.java.JP2KeYVisitor.visit(JP2KeYConverter.java:91)
	at app//com.github.javaparser.ast.body.MethodDeclaration.accept(MethodDeclaration.java:98)
	at app//de.uka.ilkd.key.java.JP2KeYVisitor.map(JP2KeYConverter.java:430)
	at app//de.uka.ilkd.key.java.JP2KeYVisitor.visit(JP2KeYConverter.java:331)
	at app//de.uka.ilkd.key.java.JP2KeYVisitor.visit(JP2KeYConverter.java:91)
	at app//com.github.javaparser.ast.body.ClassOrInterfaceDeclaration.accept(ClassOrInterfaceDeclaration.java:95)
	at app//de.uka.ilkd.key.java.JP2KeYVisitor.map(JP2KeYConverter.java:430)
	at app//de.uka.ilkd.key.java.JP2KeYVisitor.visit(JP2KeYConverter.java:419)
	at app//de.uka.ilkd.key.java.JP2KeYVisitor.visit(JP2KeYConverter.java:91)
	at app//com.github.javaparser.ast.CompilationUnit.accept(CompilationUnit.java:124)
	at app//de.uka.ilkd.key.java.JP2KeYConverter.process(JP2KeYConverter.java:85)
	at app//de.uka.ilkd.key.java.JP2KeYConverter.processCompilationUnit(JP2KeYConverter.java:81)
	at app//de.uka.ilkd.key.java.JavaService.parseLibraryClasses0(JavaService.java:545)
	at app//de.uka.ilkd.key.java.JavaService.parseSpecialClasses(JavaService.java:520)
	at app//de.uka.ilkd.key.java.JavaService.recoderCompilationUnitsAsFiles(JavaService.java:177)
	at app//de.uka.ilkd.key.java.JavaService.readCompilationUnitsAsFiles(JavaService.java:153)
	at app//de.uka.ilkd.key.proof.init.ProblemInitializer.readJava(ProblemInitializer.java:277)
	at app//de.uka.ilkd.key.proof.init.ProblemInitializer.prepare(ProblemInitializer.java:529)
	at app//de.uka.ilkd.key.proof.init.ProblemInitializer.prepare(ProblemInitializer.java:471)
	at app//de.uka.ilkd.key.proof.io.AbstractProblemLoader.createInitConfig(AbstractProblemLoader.java:557)
	at app//de.uka.ilkd.key.proof.io.AbstractProblemLoader.loadEnvironment(AbstractProblemLoader.java:317)
	at app//de.uka.ilkd.key.proof.io.AbstractProblemLoader.load(AbstractProblemLoader.java:275)
	at app//de.uka.ilkd.key.proof.io.AbstractProblemLoader.load(AbstractProblemLoader.java:257)
	at app//de.uka.ilkd.key.control.AbstractUserInterfaceControl.load(AbstractUserInterfaceControl.java:212)
	... 94 more
</failure>
  </testcase>
  <testcase name="testrefactorGoal_none_ruleSpecific()" classname="de.uka.ilkd.key.logic.TestTermLabelManager" time="0.172">
    <failure message="JavaBuildingIssue{node=super.$prepare()range=Optional.empty, message='Unsupported element detected given by Java Parser: MethodCallExpr. Please extend the KeY-Java-Hierarchy'} (file: src/test/resources/testcase/termLabels/flatSteps/FlatSteps.java; caused by: JavaBuildingExceptions{issues=[JavaBuildingIssue{node=super.$prepare()range=Optional.empty, message='Unsupported element detected given by Java Parser: MethodCallExpr. Please extend the KeY-Java-Hierarchy'}]})" type="de.uka.ilkd.key.proof.io.ProblemLoaderException">JavaBuildingIssue{node=super.$prepare()range=Optional.empty, message='Unsupported element detected given by Java Parser: MethodCallExpr. Please extend the KeY-Java-Hierarchy'} (file: src/test/resources/testcase/termLabels/flatSteps/FlatSteps.java; caused by: JavaBuildingExceptions{issues=[JavaBuildingIssue{node=super.$prepare()range=Optional.empty, message='Unsupported element detected given by Java Parser: MethodCallExpr. Please extend the KeY-Java-Hierarchy'}]})
	at app//de.uka.ilkd.key.control.AbstractUserInterfaceControl.load(AbstractUserInterfaceControl.java:225)
	at app//de.uka.ilkd.key.control.KeYEnvironment.load(KeYEnvironment.java:282)
	at app//de.uka.ilkd.key.control.KeYEnvironment.load(KeYEnvironment.java:251)
	at app//de.uka.ilkd.key.control.KeYEnvironment.load(KeYEnvironment.java:225)
	at app//de.uka.ilkd.key.control.KeYEnvironment.load(KeYEnvironment.java:185)
	at app//de.uka.ilkd.key.logic.TestTermLabelManager.createTestServices(TestTermLabelManager.java:584)
	at app//de.uka.ilkd.key.logic.TestTermLabelManager.doRefactoringTestLogging(TestTermLabelManager.java:108)
	at app//de.uka.ilkd.key.logic.TestTermLabelManager.testrefactorGoal_none_ruleSpecific(TestTermLabelManager.java:85)
	at java.base@17.0.7/jdk.internal.reflect.NativeMethodAccessorImpl.invoke0(Native Method)
	at java.base@17.0.7/jdk.internal.reflect.NativeMethodAccessorImpl.invoke(NativeMethodAccessorImpl.java:77)
	at java.base@17.0.7/jdk.internal.reflect.DelegatingMethodAccessorImpl.invoke(DelegatingMethodAccessorImpl.java:43)
	at java.base@17.0.7/java.lang.reflect.Method.invoke(Method.java:568)
	at app//org.junit.platform.commons.util.ReflectionUtils.invokeMethod(ReflectionUtils.java:727)
	at app//org.junit.jupiter.engine.execution.MethodInvocation.proceed(MethodInvocation.java:60)
	at app//org.junit.jupiter.engine.execution.InvocationInterceptorChain$ValidatingInvocation.proceed(InvocationInterceptorChain.java:131)
	at app//org.junit.jupiter.engine.extension.TimeoutExtension.intercept(TimeoutExtension.java:156)
	at app//org.junit.jupiter.engine.extension.TimeoutExtension.interceptTestableMethod(TimeoutExtension.java:147)
	at app//org.junit.jupiter.engine.extension.TimeoutExtension.interceptTestMethod(TimeoutExtension.java:86)
	at app//org.junit.jupiter.engine.execution.InterceptingExecutableInvoker$ReflectiveInterceptorCall.lambda$ofVoidMethod$0(InterceptingExecutableInvoker.java:103)
	at app//org.junit.jupiter.engine.execution.InterceptingExecutableInvoker.lambda$invoke$0(InterceptingExecutableInvoker.java:93)
	at app//org.junit.jupiter.engine.execution.InvocationInterceptorChain$InterceptedInvocation.proceed(InvocationInterceptorChain.java:106)
	at app//org.junit.jupiter.engine.execution.InvocationInterceptorChain.proceed(InvocationInterceptorChain.java:64)
	at app//org.junit.jupiter.engine.execution.InvocationInterceptorChain.chainAndInvoke(InvocationInterceptorChain.java:45)
	at app//org.junit.jupiter.engine.execution.InvocationInterceptorChain.invoke(InvocationInterceptorChain.java:37)
	at app//org.junit.jupiter.engine.execution.InterceptingExecutableInvoker.invoke(InterceptingExecutableInvoker.java:92)
	at app//org.junit.jupiter.engine.execution.InterceptingExecutableInvoker.invoke(InterceptingExecutableInvoker.java:86)
	at app//org.junit.jupiter.engine.descriptor.TestMethodTestDescriptor.lambda$invokeTestMethod$7(TestMethodTestDescriptor.java:217)
	at app//org.junit.platform.engine.support.hierarchical.ThrowableCollector.execute(ThrowableCollector.java:73)
	at app//org.junit.jupiter.engine.descriptor.TestMethodTestDescriptor.invokeTestMethod(TestMethodTestDescriptor.java:213)
	at app//org.junit.jupiter.engine.descriptor.TestMethodTestDescriptor.execute(TestMethodTestDescriptor.java:138)
	at app//org.junit.jupiter.engine.descriptor.TestMethodTestDescriptor.execute(TestMethodTestDescriptor.java:68)
	at app//org.junit.platform.engine.support.hierarchical.NodeTestTask.lambda$executeRecursively$6(NodeTestTask.java:151)
	at app//org.junit.platform.engine.support.hierarchical.ThrowableCollector.execute(ThrowableCollector.java:73)
	at app//org.junit.platform.engine.support.hierarchical.NodeTestTask.lambda$executeRecursively$8(NodeTestTask.java:141)
	at app//org.junit.platform.engine.support.hierarchical.Node.around(Node.java:137)
	at app//org.junit.platform.engine.support.hierarchical.NodeTestTask.lambda$executeRecursively$9(NodeTestTask.java:139)
	at app//org.junit.platform.engine.support.hierarchical.ThrowableCollector.execute(ThrowableCollector.java:73)
	at app//org.junit.platform.engine.support.hierarchical.NodeTestTask.executeRecursively(NodeTestTask.java:138)
	at app//org.junit.platform.engine.support.hierarchical.NodeTestTask.execute(NodeTestTask.java:95)
	at java.base@17.0.7/java.util.ArrayList.forEach(ArrayList.java:1511)
	at app//org.junit.platform.engine.support.hierarchical.SameThreadHierarchicalTestExecutorService.invokeAll(SameThreadHierarchicalTestExecutorService.java:41)
	at app//org.junit.platform.engine.support.hierarchical.NodeTestTask.lambda$executeRecursively$6(NodeTestTask.java:155)
	at app//org.junit.platform.engine.support.hierarchical.ThrowableCollector.execute(ThrowableCollector.java:73)
	at app//org.junit.platform.engine.support.hierarchical.NodeTestTask.lambda$executeRecursively$8(NodeTestTask.java:141)
	at app//org.junit.platform.engine.support.hierarchical.Node.around(Node.java:137)
	at app//org.junit.platform.engine.support.hierarchical.NodeTestTask.lambda$executeRecursively$9(NodeTestTask.java:139)
	at app//org.junit.platform.engine.support.hierarchical.ThrowableCollector.execute(ThrowableCollector.java:73)
	at app//org.junit.platform.engine.support.hierarchical.NodeTestTask.executeRecursively(NodeTestTask.java:138)
	at app//org.junit.platform.engine.support.hierarchical.NodeTestTask.execute(NodeTestTask.java:95)
	at java.base@17.0.7/java.util.ArrayList.forEach(ArrayList.java:1511)
	at app//org.junit.platform.engine.support.hierarchical.SameThreadHierarchicalTestExecutorService.invokeAll(SameThreadHierarchicalTestExecutorService.java:41)
	at app//org.junit.platform.engine.support.hierarchical.NodeTestTask.lambda$executeRecursively$6(NodeTestTask.java:155)
	at app//org.junit.platform.engine.support.hierarchical.ThrowableCollector.execute(ThrowableCollector.java:73)
	at app//org.junit.platform.engine.support.hierarchical.NodeTestTask.lambda$executeRecursively$8(NodeTestTask.java:141)
	at app//org.junit.platform.engine.support.hierarchical.Node.around(Node.java:137)
	at app//org.junit.platform.engine.support.hierarchical.NodeTestTask.lambda$executeRecursively$9(NodeTestTask.java:139)
	at app//org.junit.platform.engine.support.hierarchical.ThrowableCollector.execute(ThrowableCollector.java:73)
	at app//org.junit.platform.engine.support.hierarchical.NodeTestTask.executeRecursively(NodeTestTask.java:138)
	at app//org.junit.platform.engine.support.hierarchical.NodeTestTask.execute(NodeTestTask.java:95)
	at app//org.junit.platform.engine.support.hierarchical.SameThreadHierarchicalTestExecutorService.submit(SameThreadHierarchicalTestExecutorService.java:35)
	at app//org.junit.platform.engine.support.hierarchical.HierarchicalTestExecutor.execute(HierarchicalTestExecutor.java:57)
	at app//org.junit.platform.engine.support.hierarchical.HierarchicalTestEngine.execute(HierarchicalTestEngine.java:54)
	at app//org.junit.platform.launcher.core.EngineExecutionOrchestrator.execute(EngineExecutionOrchestrator.java:107)
	at app//org.junit.platform.launcher.core.EngineExecutionOrchestrator.execute(EngineExecutionOrchestrator.java:88)
	at app//org.junit.platform.launcher.core.EngineExecutionOrchestrator.lambda$execute$0(EngineExecutionOrchestrator.java:54)
	at app//org.junit.platform.launcher.core.EngineExecutionOrchestrator.withInterceptedStreams(EngineExecutionOrchestrator.java:67)
	at app//org.junit.platform.launcher.core.EngineExecutionOrchestrator.execute(EngineExecutionOrchestrator.java:52)
	at app//org.junit.platform.launcher.core.DefaultLauncher.execute(DefaultLauncher.java:114)
	at app//org.junit.platform.launcher.core.DefaultLauncher.execute(DefaultLauncher.java:86)
	at app//org.junit.platform.launcher.core.DefaultLauncherSession$DelegatingLauncher.execute(DefaultLauncherSession.java:86)
	at org.gradle.api.internal.tasks.testing.junitplatform.JUnitPlatformTestClassProcessor$CollectAllTestClassesExecutor.processAllTestClasses(JUnitPlatformTestClassProcessor.java:110)
	at org.gradle.api.internal.tasks.testing.junitplatform.JUnitPlatformTestClassProcessor$CollectAllTestClassesExecutor.access$000(JUnitPlatformTestClassProcessor.java:90)
	at org.gradle.api.internal.tasks.testing.junitplatform.JUnitPlatformTestClassProcessor.stop(JUnitPlatformTestClassProcessor.java:85)
	at org.gradle.api.internal.tasks.testing.SuiteTestClassProcessor.stop(SuiteTestClassProcessor.java:62)
	at java.base@17.0.7/jdk.internal.reflect.NativeMethodAccessorImpl.invoke0(Native Method)
	at java.base@17.0.7/jdk.internal.reflect.NativeMethodAccessorImpl.invoke(NativeMethodAccessorImpl.java:77)
	at java.base@17.0.7/jdk.internal.reflect.DelegatingMethodAccessorImpl.invoke(DelegatingMethodAccessorImpl.java:43)
	at java.base@17.0.7/java.lang.reflect.Method.invoke(Method.java:568)
	at org.gradle.internal.dispatch.ReflectionDispatch.dispatch(ReflectionDispatch.java:36)
	at org.gradle.internal.dispatch.ReflectionDispatch.dispatch(ReflectionDispatch.java:24)
	at org.gradle.internal.dispatch.ContextClassLoaderDispatch.dispatch(ContextClassLoaderDispatch.java:33)
	at org.gradle.internal.dispatch.ProxyDispatchAdapter$DispatchingInvocationHandler.invoke(ProxyDispatchAdapter.java:94)
	at jdk.proxy2/jdk.proxy2.$Proxy5.stop(Unknown Source)
	at org.gradle.api.internal.tasks.testing.worker.TestWorker$3.run(TestWorker.java:193)
	at org.gradle.api.internal.tasks.testing.worker.TestWorker.executeAndMaintainThreadName(TestWorker.java:129)
	at org.gradle.api.internal.tasks.testing.worker.TestWorker.execute(TestWorker.java:100)
	at org.gradle.api.internal.tasks.testing.worker.TestWorker.execute(TestWorker.java:60)
	at org.gradle.process.internal.worker.child.ActionExecutionWorker.execute(ActionExecutionWorker.java:56)
	at org.gradle.process.internal.worker.child.SystemApplicationClassLoaderWorker.call(SystemApplicationClassLoaderWorker.java:113)
	at org.gradle.process.internal.worker.child.SystemApplicationClassLoaderWorker.call(SystemApplicationClassLoaderWorker.java:65)
	at app//worker.org.gradle.process.internal.worker.GradleWorkerMain.run(GradleWorkerMain.java:69)
	at app//worker.org.gradle.process.internal.worker.GradleWorkerMain.main(GradleWorkerMain.java:74)
Caused by: JavaBuildingExceptions{issues=[JavaBuildingIssue{node=super.$prepare()range=Optional.empty, message='Unsupported element detected given by Java Parser: MethodCallExpr. Please extend the KeY-Java-Hierarchy'}]}
	at app//de.uka.ilkd.key.java.JP2KeYVisitor.reportError(JP2KeYConverter.java:119)
	at app//de.uka.ilkd.key.java.JP2KeYVisitor.reportUnsupportedElement(JP2KeYConverter.java:123)
	at app//de.uka.ilkd.key.java.JP2KeYVisitor.visit(JP2KeYConverter.java:708)
	at app//de.uka.ilkd.key.java.JP2KeYVisitor.visit(JP2KeYConverter.java:91)
	at app//com.github.javaparser.ast.expr.MethodCallExpr.accept(MethodCallExpr.java:116)
	at app//de.uka.ilkd.key.java.JP2KeYVisitor.accept(JP2KeYConverter.java:374)
	at app//de.uka.ilkd.key.java.JP2KeYVisitor.visit(JP2KeYConverter.java:541)
	at app//de.uka.ilkd.key.java.JP2KeYVisitor.visit(JP2KeYConverter.java:91)
	at app//com.github.javaparser.ast.stmt.ExpressionStmt.accept(ExpressionStmt.java:71)
	at app//de.uka.ilkd.key.java.JP2KeYVisitor.map(JP2KeYConverter.java:430)
	at app//de.uka.ilkd.key.java.JP2KeYVisitor.visit(JP2KeYConverter.java:279)
	at app//de.uka.ilkd.key.java.JP2KeYVisitor.visit(JP2KeYConverter.java:91)
	at app//com.github.javaparser.ast.stmt.BlockStmt.accept(BlockStmt.java:70)
	at app//de.uka.ilkd.key.java.JP2KeYVisitor.accept(JP2KeYConverter.java:374)
	at app//de.uka.ilkd.key.java.JP2KeYVisitor.accepto(JP2KeYConverter.java:447)
	at app//de.uka.ilkd.key.java.JP2KeYVisitor.visit(JP2KeYConverter.java:737)
	at app//de.uka.ilkd.key.java.JP2KeYVisitor.visit(JP2KeYConverter.java:91)
	at app//com.github.javaparser.ast.body.MethodDeclaration.accept(MethodDeclaration.java:98)
	at app//de.uka.ilkd.key.java.JP2KeYVisitor.map(JP2KeYConverter.java:430)
	at app//de.uka.ilkd.key.java.JP2KeYVisitor.visit(JP2KeYConverter.java:331)
	at app//de.uka.ilkd.key.java.JP2KeYVisitor.visit(JP2KeYConverter.java:91)
	at app//com.github.javaparser.ast.body.ClassOrInterfaceDeclaration.accept(ClassOrInterfaceDeclaration.java:95)
	at app//de.uka.ilkd.key.java.JP2KeYVisitor.map(JP2KeYConverter.java:430)
	at app//de.uka.ilkd.key.java.JP2KeYVisitor.visit(JP2KeYConverter.java:419)
	at app//de.uka.ilkd.key.java.JP2KeYVisitor.visit(JP2KeYConverter.java:91)
	at app//com.github.javaparser.ast.CompilationUnit.accept(CompilationUnit.java:124)
	at app//de.uka.ilkd.key.java.JP2KeYConverter.process(JP2KeYConverter.java:85)
	at app//de.uka.ilkd.key.java.JP2KeYConverter.processCompilationUnit(JP2KeYConverter.java:81)
	at app//de.uka.ilkd.key.java.JavaService.parseLibraryClasses0(JavaService.java:545)
	at app//de.uka.ilkd.key.java.JavaService.parseSpecialClasses(JavaService.java:520)
	at app//de.uka.ilkd.key.java.JavaService.recoderCompilationUnitsAsFiles(JavaService.java:177)
	at app//de.uka.ilkd.key.java.JavaService.readCompilationUnitsAsFiles(JavaService.java:153)
	at app//de.uka.ilkd.key.proof.init.ProblemInitializer.readJava(ProblemInitializer.java:277)
	at app//de.uka.ilkd.key.proof.init.ProblemInitializer.prepare(ProblemInitializer.java:529)
	at app//de.uka.ilkd.key.proof.init.ProblemInitializer.prepare(ProblemInitializer.java:471)
	at app//de.uka.ilkd.key.proof.io.AbstractProblemLoader.createInitConfig(AbstractProblemLoader.java:557)
	at app//de.uka.ilkd.key.proof.io.AbstractProblemLoader.loadEnvironment(AbstractProblemLoader.java:317)
	at app//de.uka.ilkd.key.proof.io.AbstractProblemLoader.load(AbstractProblemLoader.java:275)
	at app//de.uka.ilkd.key.proof.io.AbstractProblemLoader.load(AbstractProblemLoader.java:257)
	at app//de.uka.ilkd.key.control.AbstractUserInterfaceControl.load(AbstractUserInterfaceControl.java:212)
	... 91 more
</failure>
  </testcase>
  <testcase name="testInstantiateLabels_updates_ruleSpecific()" classname="de.uka.ilkd.key.logic.TestTermLabelManager" time="0.143">
    <failure message="org.opentest4j.AssertionFailedError: Unexpected exception thrown: de.uka.ilkd.key.proof.io.ProblemLoaderException: JavaBuildingIssue{node=super.$prepare()range=Optional.empty, message='Unsupported element detected given by Java Parser: MethodCallExpr. Please extend the KeY-Java-Hierarchy'}" type="org.opentest4j.AssertionFailedError">org.opentest4j.AssertionFailedError: Unexpected exception thrown: de.uka.ilkd.key.proof.io.ProblemLoaderException: JavaBuildingIssue{node=super.$prepare()range=Optional.empty, message='Unsupported element detected given by Java Parser: MethodCallExpr. Please extend the KeY-Java-Hierarchy'}
	at app//org.junit.jupiter.api.AssertionFailureBuilder.build(AssertionFailureBuilder.java:152)
	at app//org.junit.jupiter.api.AssertDoesNotThrow.createAssertionFailedError(AssertDoesNotThrow.java:84)
	at app//org.junit.jupiter.api.AssertDoesNotThrow.assertDoesNotThrow(AssertDoesNotThrow.java:75)
	at app//org.junit.jupiter.api.AssertDoesNotThrow.assertDoesNotThrow(AssertDoesNotThrow.java:58)
	at app//org.junit.jupiter.api.Assertions.assertDoesNotThrow(Assertions.java:3196)
	at app//de.uka.ilkd.key.logic.TestTermLabelManager.testInstantiateLabels_updates_ruleSpecific(TestTermLabelManager.java:234)
	at java.base@17.0.7/jdk.internal.reflect.NativeMethodAccessorImpl.invoke0(Native Method)
	at java.base@17.0.7/jdk.internal.reflect.NativeMethodAccessorImpl.invoke(NativeMethodAccessorImpl.java:77)
	at java.base@17.0.7/jdk.internal.reflect.DelegatingMethodAccessorImpl.invoke(DelegatingMethodAccessorImpl.java:43)
	at java.base@17.0.7/java.lang.reflect.Method.invoke(Method.java:568)
	at app//org.junit.platform.commons.util.ReflectionUtils.invokeMethod(ReflectionUtils.java:727)
	at app//org.junit.jupiter.engine.execution.MethodInvocation.proceed(MethodInvocation.java:60)
	at app//org.junit.jupiter.engine.execution.InvocationInterceptorChain$ValidatingInvocation.proceed(InvocationInterceptorChain.java:131)
	at app//org.junit.jupiter.engine.extension.TimeoutExtension.intercept(TimeoutExtension.java:156)
	at app//org.junit.jupiter.engine.extension.TimeoutExtension.interceptTestableMethod(TimeoutExtension.java:147)
	at app//org.junit.jupiter.engine.extension.TimeoutExtension.interceptTestMethod(TimeoutExtension.java:86)
	at app//org.junit.jupiter.engine.execution.InterceptingExecutableInvoker$ReflectiveInterceptorCall.lambda$ofVoidMethod$0(InterceptingExecutableInvoker.java:103)
	at app//org.junit.jupiter.engine.execution.InterceptingExecutableInvoker.lambda$invoke$0(InterceptingExecutableInvoker.java:93)
	at app//org.junit.jupiter.engine.execution.InvocationInterceptorChain$InterceptedInvocation.proceed(InvocationInterceptorChain.java:106)
	at app//org.junit.jupiter.engine.execution.InvocationInterceptorChain.proceed(InvocationInterceptorChain.java:64)
	at app//org.junit.jupiter.engine.execution.InvocationInterceptorChain.chainAndInvoke(InvocationInterceptorChain.java:45)
	at app//org.junit.jupiter.engine.execution.InvocationInterceptorChain.invoke(InvocationInterceptorChain.java:37)
	at app//org.junit.jupiter.engine.execution.InterceptingExecutableInvoker.invoke(InterceptingExecutableInvoker.java:92)
	at app//org.junit.jupiter.engine.execution.InterceptingExecutableInvoker.invoke(InterceptingExecutableInvoker.java:86)
	at app//org.junit.jupiter.engine.descriptor.TestMethodTestDescriptor.lambda$invokeTestMethod$7(TestMethodTestDescriptor.java:217)
	at app//org.junit.platform.engine.support.hierarchical.ThrowableCollector.execute(ThrowableCollector.java:73)
	at app//org.junit.jupiter.engine.descriptor.TestMethodTestDescriptor.invokeTestMethod(TestMethodTestDescriptor.java:213)
	at app//org.junit.jupiter.engine.descriptor.TestMethodTestDescriptor.execute(TestMethodTestDescriptor.java:138)
	at app//org.junit.jupiter.engine.descriptor.TestMethodTestDescriptor.execute(TestMethodTestDescriptor.java:68)
	at app//org.junit.platform.engine.support.hierarchical.NodeTestTask.lambda$executeRecursively$6(NodeTestTask.java:151)
	at app//org.junit.platform.engine.support.hierarchical.ThrowableCollector.execute(ThrowableCollector.java:73)
	at app//org.junit.platform.engine.support.hierarchical.NodeTestTask.lambda$executeRecursively$8(NodeTestTask.java:141)
	at app//org.junit.platform.engine.support.hierarchical.Node.around(Node.java:137)
	at app//org.junit.platform.engine.support.hierarchical.NodeTestTask.lambda$executeRecursively$9(NodeTestTask.java:139)
	at app//org.junit.platform.engine.support.hierarchical.ThrowableCollector.execute(ThrowableCollector.java:73)
	at app//org.junit.platform.engine.support.hierarchical.NodeTestTask.executeRecursively(NodeTestTask.java:138)
	at app//org.junit.platform.engine.support.hierarchical.NodeTestTask.execute(NodeTestTask.java:95)
	at java.base@17.0.7/java.util.ArrayList.forEach(ArrayList.java:1511)
	at app//org.junit.platform.engine.support.hierarchical.SameThreadHierarchicalTestExecutorService.invokeAll(SameThreadHierarchicalTestExecutorService.java:41)
	at app//org.junit.platform.engine.support.hierarchical.NodeTestTask.lambda$executeRecursively$6(NodeTestTask.java:155)
	at app//org.junit.platform.engine.support.hierarchical.ThrowableCollector.execute(ThrowableCollector.java:73)
	at app//org.junit.platform.engine.support.hierarchical.NodeTestTask.lambda$executeRecursively$8(NodeTestTask.java:141)
	at app//org.junit.platform.engine.support.hierarchical.Node.around(Node.java:137)
	at app//org.junit.platform.engine.support.hierarchical.NodeTestTask.lambda$executeRecursively$9(NodeTestTask.java:139)
	at app//org.junit.platform.engine.support.hierarchical.ThrowableCollector.execute(ThrowableCollector.java:73)
	at app//org.junit.platform.engine.support.hierarchical.NodeTestTask.executeRecursively(NodeTestTask.java:138)
	at app//org.junit.platform.engine.support.hierarchical.NodeTestTask.execute(NodeTestTask.java:95)
	at java.base@17.0.7/java.util.ArrayList.forEach(ArrayList.java:1511)
	at app//org.junit.platform.engine.support.hierarchical.SameThreadHierarchicalTestExecutorService.invokeAll(SameThreadHierarchicalTestExecutorService.java:41)
	at app//org.junit.platform.engine.support.hierarchical.NodeTestTask.lambda$executeRecursively$6(NodeTestTask.java:155)
	at app//org.junit.platform.engine.support.hierarchical.ThrowableCollector.execute(ThrowableCollector.java:73)
	at app//org.junit.platform.engine.support.hierarchical.NodeTestTask.lambda$executeRecursively$8(NodeTestTask.java:141)
	at app//org.junit.platform.engine.support.hierarchical.Node.around(Node.java:137)
	at app//org.junit.platform.engine.support.hierarchical.NodeTestTask.lambda$executeRecursively$9(NodeTestTask.java:139)
	at app//org.junit.platform.engine.support.hierarchical.ThrowableCollector.execute(ThrowableCollector.java:73)
	at app//org.junit.platform.engine.support.hierarchical.NodeTestTask.executeRecursively(NodeTestTask.java:138)
	at app//org.junit.platform.engine.support.hierarchical.NodeTestTask.execute(NodeTestTask.java:95)
	at app//org.junit.platform.engine.support.hierarchical.SameThreadHierarchicalTestExecutorService.submit(SameThreadHierarchicalTestExecutorService.java:35)
	at app//org.junit.platform.engine.support.hierarchical.HierarchicalTestExecutor.execute(HierarchicalTestExecutor.java:57)
	at app//org.junit.platform.engine.support.hierarchical.HierarchicalTestEngine.execute(HierarchicalTestEngine.java:54)
	at app//org.junit.platform.launcher.core.EngineExecutionOrchestrator.execute(EngineExecutionOrchestrator.java:107)
	at app//org.junit.platform.launcher.core.EngineExecutionOrchestrator.execute(EngineExecutionOrchestrator.java:88)
	at app//org.junit.platform.launcher.core.EngineExecutionOrchestrator.lambda$execute$0(EngineExecutionOrchestrator.java:54)
	at app//org.junit.platform.launcher.core.EngineExecutionOrchestrator.withInterceptedStreams(EngineExecutionOrchestrator.java:67)
	at app//org.junit.platform.launcher.core.EngineExecutionOrchestrator.execute(EngineExecutionOrchestrator.java:52)
	at app//org.junit.platform.launcher.core.DefaultLauncher.execute(DefaultLauncher.java:114)
	at app//org.junit.platform.launcher.core.DefaultLauncher.execute(DefaultLauncher.java:86)
	at app//org.junit.platform.launcher.core.DefaultLauncherSession$DelegatingLauncher.execute(DefaultLauncherSession.java:86)
	at org.gradle.api.internal.tasks.testing.junitplatform.JUnitPlatformTestClassProcessor$CollectAllTestClassesExecutor.processAllTestClasses(JUnitPlatformTestClassProcessor.java:110)
	at org.gradle.api.internal.tasks.testing.junitplatform.JUnitPlatformTestClassProcessor$CollectAllTestClassesExecutor.access$000(JUnitPlatformTestClassProcessor.java:90)
	at org.gradle.api.internal.tasks.testing.junitplatform.JUnitPlatformTestClassProcessor.stop(JUnitPlatformTestClassProcessor.java:85)
	at org.gradle.api.internal.tasks.testing.SuiteTestClassProcessor.stop(SuiteTestClassProcessor.java:62)
	at java.base@17.0.7/jdk.internal.reflect.NativeMethodAccessorImpl.invoke0(Native Method)
	at java.base@17.0.7/jdk.internal.reflect.NativeMethodAccessorImpl.invoke(NativeMethodAccessorImpl.java:77)
	at java.base@17.0.7/jdk.internal.reflect.DelegatingMethodAccessorImpl.invoke(DelegatingMethodAccessorImpl.java:43)
	at java.base@17.0.7/java.lang.reflect.Method.invoke(Method.java:568)
	at org.gradle.internal.dispatch.ReflectionDispatch.dispatch(ReflectionDispatch.java:36)
	at org.gradle.internal.dispatch.ReflectionDispatch.dispatch(ReflectionDispatch.java:24)
	at org.gradle.internal.dispatch.ContextClassLoaderDispatch.dispatch(ContextClassLoaderDispatch.java:33)
	at org.gradle.internal.dispatch.ProxyDispatchAdapter$DispatchingInvocationHandler.invoke(ProxyDispatchAdapter.java:94)
	at jdk.proxy2/jdk.proxy2.$Proxy5.stop(Unknown Source)
	at org.gradle.api.internal.tasks.testing.worker.TestWorker$3.run(TestWorker.java:193)
	at org.gradle.api.internal.tasks.testing.worker.TestWorker.executeAndMaintainThreadName(TestWorker.java:129)
	at org.gradle.api.internal.tasks.testing.worker.TestWorker.execute(TestWorker.java:100)
	at org.gradle.api.internal.tasks.testing.worker.TestWorker.execute(TestWorker.java:60)
	at org.gradle.process.internal.worker.child.ActionExecutionWorker.execute(ActionExecutionWorker.java:56)
	at org.gradle.process.internal.worker.child.SystemApplicationClassLoaderWorker.call(SystemApplicationClassLoaderWorker.java:113)
	at org.gradle.process.internal.worker.child.SystemApplicationClassLoaderWorker.call(SystemApplicationClassLoaderWorker.java:65)
	at app//worker.org.gradle.process.internal.worker.GradleWorkerMain.run(GradleWorkerMain.java:69)
	at app//worker.org.gradle.process.internal.worker.GradleWorkerMain.main(GradleWorkerMain.java:74)
Caused by: JavaBuildingIssue{node=super.$prepare()range=Optional.empty, message='Unsupported element detected given by Java Parser: MethodCallExpr. Please extend the KeY-Java-Hierarchy'} (file: src/test/resources/testcase/termLabels/flatSteps/FlatSteps.java; caused by: JavaBuildingExceptions{issues=[JavaBuildingIssue{node=super.$prepare()range=Optional.empty, message='Unsupported element detected given by Java Parser: MethodCallExpr. Please extend the KeY-Java-Hierarchy'}]})
	at app//de.uka.ilkd.key.control.AbstractUserInterfaceControl.load(AbstractUserInterfaceControl.java:225)
	at app//de.uka.ilkd.key.control.KeYEnvironment.load(KeYEnvironment.java:282)
	at app//de.uka.ilkd.key.control.KeYEnvironment.load(KeYEnvironment.java:251)
	at app//de.uka.ilkd.key.control.KeYEnvironment.load(KeYEnvironment.java:225)
	at app//de.uka.ilkd.key.control.KeYEnvironment.load(KeYEnvironment.java:185)
	at app//de.uka.ilkd.key.logic.TestTermLabelManager.createTestServices(TestTermLabelManager.java:584)
	at app//de.uka.ilkd.key.logic.TestTermLabelManager.lambda$testInstantiateLabels_updates_ruleSpecific$1(TestTermLabelManager.java:235)
	at app//org.junit.jupiter.api.AssertDoesNotThrow.assertDoesNotThrow(AssertDoesNotThrow.java:71)
	... 87 more
Caused by: JavaBuildingExceptions{issues=[JavaBuildingIssue{node=super.$prepare()range=Optional.empty, message='Unsupported element detected given by Java Parser: MethodCallExpr. Please extend the KeY-Java-Hierarchy'}]}
	at app//de.uka.ilkd.key.java.JP2KeYVisitor.reportError(JP2KeYConverter.java:119)
	at app//de.uka.ilkd.key.java.JP2KeYVisitor.reportUnsupportedElement(JP2KeYConverter.java:123)
	at app//de.uka.ilkd.key.java.JP2KeYVisitor.visit(JP2KeYConverter.java:708)
	at app//de.uka.ilkd.key.java.JP2KeYVisitor.visit(JP2KeYConverter.java:91)
	at app//com.github.javaparser.ast.expr.MethodCallExpr.accept(MethodCallExpr.java:116)
	at app//de.uka.ilkd.key.java.JP2KeYVisitor.accept(JP2KeYConverter.java:374)
	at app//de.uka.ilkd.key.java.JP2KeYVisitor.visit(JP2KeYConverter.java:541)
	at app//de.uka.ilkd.key.java.JP2KeYVisitor.visit(JP2KeYConverter.java:91)
	at app//com.github.javaparser.ast.stmt.ExpressionStmt.accept(ExpressionStmt.java:71)
	at app//de.uka.ilkd.key.java.JP2KeYVisitor.map(JP2KeYConverter.java:430)
	at app//de.uka.ilkd.key.java.JP2KeYVisitor.visit(JP2KeYConverter.java:279)
	at app//de.uka.ilkd.key.java.JP2KeYVisitor.visit(JP2KeYConverter.java:91)
	at app//com.github.javaparser.ast.stmt.BlockStmt.accept(BlockStmt.java:70)
	at app//de.uka.ilkd.key.java.JP2KeYVisitor.accept(JP2KeYConverter.java:374)
	at app//de.uka.ilkd.key.java.JP2KeYVisitor.accepto(JP2KeYConverter.java:447)
	at app//de.uka.ilkd.key.java.JP2KeYVisitor.visit(JP2KeYConverter.java:737)
	at app//de.uka.ilkd.key.java.JP2KeYVisitor.visit(JP2KeYConverter.java:91)
	at app//com.github.javaparser.ast.body.MethodDeclaration.accept(MethodDeclaration.java:98)
	at app//de.uka.ilkd.key.java.JP2KeYVisitor.map(JP2KeYConverter.java:430)
	at app//de.uka.ilkd.key.java.JP2KeYVisitor.visit(JP2KeYConverter.java:331)
	at app//de.uka.ilkd.key.java.JP2KeYVisitor.visit(JP2KeYConverter.java:91)
	at app//com.github.javaparser.ast.body.ClassOrInterfaceDeclaration.accept(ClassOrInterfaceDeclaration.java:95)
	at app//de.uka.ilkd.key.java.JP2KeYVisitor.map(JP2KeYConverter.java:430)
	at app//de.uka.ilkd.key.java.JP2KeYVisitor.visit(JP2KeYConverter.java:419)
	at app//de.uka.ilkd.key.java.JP2KeYVisitor.visit(JP2KeYConverter.java:91)
	at app//com.github.javaparser.ast.CompilationUnit.accept(CompilationUnit.java:124)
	at app//de.uka.ilkd.key.java.JP2KeYConverter.process(JP2KeYConverter.java:85)
	at app//de.uka.ilkd.key.java.JP2KeYConverter.processCompilationUnit(JP2KeYConverter.java:81)
	at app//de.uka.ilkd.key.java.JavaService.parseLibraryClasses0(JavaService.java:545)
	at app//de.uka.ilkd.key.java.JavaService.parseSpecialClasses(JavaService.java:520)
	at app//de.uka.ilkd.key.java.JavaService.recoderCompilationUnitsAsFiles(JavaService.java:177)
	at app//de.uka.ilkd.key.java.JavaService.readCompilationUnitsAsFiles(JavaService.java:153)
	at app//de.uka.ilkd.key.proof.init.ProblemInitializer.readJava(ProblemInitializer.java:277)
	at app//de.uka.ilkd.key.proof.init.ProblemInitializer.prepare(ProblemInitializer.java:529)
	at app//de.uka.ilkd.key.proof.init.ProblemInitializer.prepare(ProblemInitializer.java:471)
	at app//de.uka.ilkd.key.proof.io.AbstractProblemLoader.createInitConfig(AbstractProblemLoader.java:557)
	at app//de.uka.ilkd.key.proof.io.AbstractProblemLoader.loadEnvironment(AbstractProblemLoader.java:317)
	at app//de.uka.ilkd.key.proof.io.AbstractProblemLoader.load(AbstractProblemLoader.java:275)
	at app//de.uka.ilkd.key.proof.io.AbstractProblemLoader.load(AbstractProblemLoader.java:257)
	at app//de.uka.ilkd.key.control.AbstractUserInterfaceControl.load(AbstractUserInterfaceControl.java:212)
	... 94 more
</failure>
  </testcase>
  <testcase name="testrefactorGoal_sequent_ruleSpecific()" classname="de.uka.ilkd.key.logic.TestTermLabelManager" time="0.123">
    <failure message="JavaBuildingIssue{node=super.$prepare()range=Optional.empty, message='Unsupported element detected given by Java Parser: MethodCallExpr. Please extend the KeY-Java-Hierarchy'} (file: src/test/resources/testcase/termLabels/flatSteps/FlatSteps.java; caused by: JavaBuildingExceptions{issues=[JavaBuildingIssue{node=super.$prepare()range=Optional.empty, message='Unsupported element detected given by Java Parser: MethodCallExpr. Please extend the KeY-Java-Hierarchy'}]})" type="de.uka.ilkd.key.proof.io.ProblemLoaderException">JavaBuildingIssue{node=super.$prepare()range=Optional.empty, message='Unsupported element detected given by Java Parser: MethodCallExpr. Please extend the KeY-Java-Hierarchy'} (file: src/test/resources/testcase/termLabels/flatSteps/FlatSteps.java; caused by: JavaBuildingExceptions{issues=[JavaBuildingIssue{node=super.$prepare()range=Optional.empty, message='Unsupported element detected given by Java Parser: MethodCallExpr. Please extend the KeY-Java-Hierarchy'}]})
	at app//de.uka.ilkd.key.control.AbstractUserInterfaceControl.load(AbstractUserInterfaceControl.java:225)
	at app//de.uka.ilkd.key.control.KeYEnvironment.load(KeYEnvironment.java:282)
	at app//de.uka.ilkd.key.control.KeYEnvironment.load(KeYEnvironment.java:251)
	at app//de.uka.ilkd.key.control.KeYEnvironment.load(KeYEnvironment.java:225)
	at app//de.uka.ilkd.key.control.KeYEnvironment.load(KeYEnvironment.java:185)
	at app//de.uka.ilkd.key.logic.TestTermLabelManager.createTestServices(TestTermLabelManager.java:584)
	at app//de.uka.ilkd.key.logic.TestTermLabelManager.doRefactoringTestLogging(TestTermLabelManager.java:108)
	at app//de.uka.ilkd.key.logic.TestTermLabelManager.testrefactorGoal_sequent_ruleSpecific(TestTermLabelManager.java:101)
	at java.base@17.0.7/jdk.internal.reflect.NativeMethodAccessorImpl.invoke0(Native Method)
	at java.base@17.0.7/jdk.internal.reflect.NativeMethodAccessorImpl.invoke(NativeMethodAccessorImpl.java:77)
	at java.base@17.0.7/jdk.internal.reflect.DelegatingMethodAccessorImpl.invoke(DelegatingMethodAccessorImpl.java:43)
	at java.base@17.0.7/java.lang.reflect.Method.invoke(Method.java:568)
	at app//org.junit.platform.commons.util.ReflectionUtils.invokeMethod(ReflectionUtils.java:727)
	at app//org.junit.jupiter.engine.execution.MethodInvocation.proceed(MethodInvocation.java:60)
	at app//org.junit.jupiter.engine.execution.InvocationInterceptorChain$ValidatingInvocation.proceed(InvocationInterceptorChain.java:131)
	at app//org.junit.jupiter.engine.extension.TimeoutExtension.intercept(TimeoutExtension.java:156)
	at app//org.junit.jupiter.engine.extension.TimeoutExtension.interceptTestableMethod(TimeoutExtension.java:147)
	at app//org.junit.jupiter.engine.extension.TimeoutExtension.interceptTestMethod(TimeoutExtension.java:86)
	at app//org.junit.jupiter.engine.execution.InterceptingExecutableInvoker$ReflectiveInterceptorCall.lambda$ofVoidMethod$0(InterceptingExecutableInvoker.java:103)
	at app//org.junit.jupiter.engine.execution.InterceptingExecutableInvoker.lambda$invoke$0(InterceptingExecutableInvoker.java:93)
	at app//org.junit.jupiter.engine.execution.InvocationInterceptorChain$InterceptedInvocation.proceed(InvocationInterceptorChain.java:106)
	at app//org.junit.jupiter.engine.execution.InvocationInterceptorChain.proceed(InvocationInterceptorChain.java:64)
	at app//org.junit.jupiter.engine.execution.InvocationInterceptorChain.chainAndInvoke(InvocationInterceptorChain.java:45)
	at app//org.junit.jupiter.engine.execution.InvocationInterceptorChain.invoke(InvocationInterceptorChain.java:37)
	at app//org.junit.jupiter.engine.execution.InterceptingExecutableInvoker.invoke(InterceptingExecutableInvoker.java:92)
	at app//org.junit.jupiter.engine.execution.InterceptingExecutableInvoker.invoke(InterceptingExecutableInvoker.java:86)
	at app//org.junit.jupiter.engine.descriptor.TestMethodTestDescriptor.lambda$invokeTestMethod$7(TestMethodTestDescriptor.java:217)
	at app//org.junit.platform.engine.support.hierarchical.ThrowableCollector.execute(ThrowableCollector.java:73)
	at app//org.junit.jupiter.engine.descriptor.TestMethodTestDescriptor.invokeTestMethod(TestMethodTestDescriptor.java:213)
	at app//org.junit.jupiter.engine.descriptor.TestMethodTestDescriptor.execute(TestMethodTestDescriptor.java:138)
	at app//org.junit.jupiter.engine.descriptor.TestMethodTestDescriptor.execute(TestMethodTestDescriptor.java:68)
	at app//org.junit.platform.engine.support.hierarchical.NodeTestTask.lambda$executeRecursively$6(NodeTestTask.java:151)
	at app//org.junit.platform.engine.support.hierarchical.ThrowableCollector.execute(ThrowableCollector.java:73)
	at app//org.junit.platform.engine.support.hierarchical.NodeTestTask.lambda$executeRecursively$8(NodeTestTask.java:141)
	at app//org.junit.platform.engine.support.hierarchical.Node.around(Node.java:137)
	at app//org.junit.platform.engine.support.hierarchical.NodeTestTask.lambda$executeRecursively$9(NodeTestTask.java:139)
	at app//org.junit.platform.engine.support.hierarchical.ThrowableCollector.execute(ThrowableCollector.java:73)
	at app//org.junit.platform.engine.support.hierarchical.NodeTestTask.executeRecursively(NodeTestTask.java:138)
	at app//org.junit.platform.engine.support.hierarchical.NodeTestTask.execute(NodeTestTask.java:95)
	at java.base@17.0.7/java.util.ArrayList.forEach(ArrayList.java:1511)
	at app//org.junit.platform.engine.support.hierarchical.SameThreadHierarchicalTestExecutorService.invokeAll(SameThreadHierarchicalTestExecutorService.java:41)
	at app//org.junit.platform.engine.support.hierarchical.NodeTestTask.lambda$executeRecursively$6(NodeTestTask.java:155)
	at app//org.junit.platform.engine.support.hierarchical.ThrowableCollector.execute(ThrowableCollector.java:73)
	at app//org.junit.platform.engine.support.hierarchical.NodeTestTask.lambda$executeRecursively$8(NodeTestTask.java:141)
	at app//org.junit.platform.engine.support.hierarchical.Node.around(Node.java:137)
	at app//org.junit.platform.engine.support.hierarchical.NodeTestTask.lambda$executeRecursively$9(NodeTestTask.java:139)
	at app//org.junit.platform.engine.support.hierarchical.ThrowableCollector.execute(ThrowableCollector.java:73)
	at app//org.junit.platform.engine.support.hierarchical.NodeTestTask.executeRecursively(NodeTestTask.java:138)
	at app//org.junit.platform.engine.support.hierarchical.NodeTestTask.execute(NodeTestTask.java:95)
	at java.base@17.0.7/java.util.ArrayList.forEach(ArrayList.java:1511)
	at app//org.junit.platform.engine.support.hierarchical.SameThreadHierarchicalTestExecutorService.invokeAll(SameThreadHierarchicalTestExecutorService.java:41)
	at app//org.junit.platform.engine.support.hierarchical.NodeTestTask.lambda$executeRecursively$6(NodeTestTask.java:155)
	at app//org.junit.platform.engine.support.hierarchical.ThrowableCollector.execute(ThrowableCollector.java:73)
	at app//org.junit.platform.engine.support.hierarchical.NodeTestTask.lambda$executeRecursively$8(NodeTestTask.java:141)
	at app//org.junit.platform.engine.support.hierarchical.Node.around(Node.java:137)
	at app//org.junit.platform.engine.support.hierarchical.NodeTestTask.lambda$executeRecursively$9(NodeTestTask.java:139)
	at app//org.junit.platform.engine.support.hierarchical.ThrowableCollector.execute(ThrowableCollector.java:73)
	at app//org.junit.platform.engine.support.hierarchical.NodeTestTask.executeRecursively(NodeTestTask.java:138)
	at app//org.junit.platform.engine.support.hierarchical.NodeTestTask.execute(NodeTestTask.java:95)
	at app//org.junit.platform.engine.support.hierarchical.SameThreadHierarchicalTestExecutorService.submit(SameThreadHierarchicalTestExecutorService.java:35)
	at app//org.junit.platform.engine.support.hierarchical.HierarchicalTestExecutor.execute(HierarchicalTestExecutor.java:57)
	at app//org.junit.platform.engine.support.hierarchical.HierarchicalTestEngine.execute(HierarchicalTestEngine.java:54)
	at app//org.junit.platform.launcher.core.EngineExecutionOrchestrator.execute(EngineExecutionOrchestrator.java:107)
	at app//org.junit.platform.launcher.core.EngineExecutionOrchestrator.execute(EngineExecutionOrchestrator.java:88)
	at app//org.junit.platform.launcher.core.EngineExecutionOrchestrator.lambda$execute$0(EngineExecutionOrchestrator.java:54)
	at app//org.junit.platform.launcher.core.EngineExecutionOrchestrator.withInterceptedStreams(EngineExecutionOrchestrator.java:67)
	at app//org.junit.platform.launcher.core.EngineExecutionOrchestrator.execute(EngineExecutionOrchestrator.java:52)
	at app//org.junit.platform.launcher.core.DefaultLauncher.execute(DefaultLauncher.java:114)
	at app//org.junit.platform.launcher.core.DefaultLauncher.execute(DefaultLauncher.java:86)
	at app//org.junit.platform.launcher.core.DefaultLauncherSession$DelegatingLauncher.execute(DefaultLauncherSession.java:86)
	at org.gradle.api.internal.tasks.testing.junitplatform.JUnitPlatformTestClassProcessor$CollectAllTestClassesExecutor.processAllTestClasses(JUnitPlatformTestClassProcessor.java:110)
	at org.gradle.api.internal.tasks.testing.junitplatform.JUnitPlatformTestClassProcessor$CollectAllTestClassesExecutor.access$000(JUnitPlatformTestClassProcessor.java:90)
	at org.gradle.api.internal.tasks.testing.junitplatform.JUnitPlatformTestClassProcessor.stop(JUnitPlatformTestClassProcessor.java:85)
	at org.gradle.api.internal.tasks.testing.SuiteTestClassProcessor.stop(SuiteTestClassProcessor.java:62)
	at java.base@17.0.7/jdk.internal.reflect.NativeMethodAccessorImpl.invoke0(Native Method)
	at java.base@17.0.7/jdk.internal.reflect.NativeMethodAccessorImpl.invoke(NativeMethodAccessorImpl.java:77)
	at java.base@17.0.7/jdk.internal.reflect.DelegatingMethodAccessorImpl.invoke(DelegatingMethodAccessorImpl.java:43)
	at java.base@17.0.7/java.lang.reflect.Method.invoke(Method.java:568)
	at org.gradle.internal.dispatch.ReflectionDispatch.dispatch(ReflectionDispatch.java:36)
	at org.gradle.internal.dispatch.ReflectionDispatch.dispatch(ReflectionDispatch.java:24)
	at org.gradle.internal.dispatch.ContextClassLoaderDispatch.dispatch(ContextClassLoaderDispatch.java:33)
	at org.gradle.internal.dispatch.ProxyDispatchAdapter$DispatchingInvocationHandler.invoke(ProxyDispatchAdapter.java:94)
	at jdk.proxy2/jdk.proxy2.$Proxy5.stop(Unknown Source)
	at org.gradle.api.internal.tasks.testing.worker.TestWorker$3.run(TestWorker.java:193)
	at org.gradle.api.internal.tasks.testing.worker.TestWorker.executeAndMaintainThreadName(TestWorker.java:129)
	at org.gradle.api.internal.tasks.testing.worker.TestWorker.execute(TestWorker.java:100)
	at org.gradle.api.internal.tasks.testing.worker.TestWorker.execute(TestWorker.java:60)
	at org.gradle.process.internal.worker.child.ActionExecutionWorker.execute(ActionExecutionWorker.java:56)
	at org.gradle.process.internal.worker.child.SystemApplicationClassLoaderWorker.call(SystemApplicationClassLoaderWorker.java:113)
	at org.gradle.process.internal.worker.child.SystemApplicationClassLoaderWorker.call(SystemApplicationClassLoaderWorker.java:65)
	at app//worker.org.gradle.process.internal.worker.GradleWorkerMain.run(GradleWorkerMain.java:69)
	at app//worker.org.gradle.process.internal.worker.GradleWorkerMain.main(GradleWorkerMain.java:74)
Caused by: JavaBuildingExceptions{issues=[JavaBuildingIssue{node=super.$prepare()range=Optional.empty, message='Unsupported element detected given by Java Parser: MethodCallExpr. Please extend the KeY-Java-Hierarchy'}]}
	at app//de.uka.ilkd.key.java.JP2KeYVisitor.reportError(JP2KeYConverter.java:119)
	at app//de.uka.ilkd.key.java.JP2KeYVisitor.reportUnsupportedElement(JP2KeYConverter.java:123)
	at app//de.uka.ilkd.key.java.JP2KeYVisitor.visit(JP2KeYConverter.java:708)
	at app//de.uka.ilkd.key.java.JP2KeYVisitor.visit(JP2KeYConverter.java:91)
	at app//com.github.javaparser.ast.expr.MethodCallExpr.accept(MethodCallExpr.java:116)
	at app//de.uka.ilkd.key.java.JP2KeYVisitor.accept(JP2KeYConverter.java:374)
	at app//de.uka.ilkd.key.java.JP2KeYVisitor.visit(JP2KeYConverter.java:541)
	at app//de.uka.ilkd.key.java.JP2KeYVisitor.visit(JP2KeYConverter.java:91)
	at app//com.github.javaparser.ast.stmt.ExpressionStmt.accept(ExpressionStmt.java:71)
	at app//de.uka.ilkd.key.java.JP2KeYVisitor.map(JP2KeYConverter.java:430)
	at app//de.uka.ilkd.key.java.JP2KeYVisitor.visit(JP2KeYConverter.java:279)
	at app//de.uka.ilkd.key.java.JP2KeYVisitor.visit(JP2KeYConverter.java:91)
	at app//com.github.javaparser.ast.stmt.BlockStmt.accept(BlockStmt.java:70)
	at app//de.uka.ilkd.key.java.JP2KeYVisitor.accept(JP2KeYConverter.java:374)
	at app//de.uka.ilkd.key.java.JP2KeYVisitor.accepto(JP2KeYConverter.java:447)
	at app//de.uka.ilkd.key.java.JP2KeYVisitor.visit(JP2KeYConverter.java:737)
	at app//de.uka.ilkd.key.java.JP2KeYVisitor.visit(JP2KeYConverter.java:91)
	at app//com.github.javaparser.ast.body.MethodDeclaration.accept(MethodDeclaration.java:98)
	at app//de.uka.ilkd.key.java.JP2KeYVisitor.map(JP2KeYConverter.java:430)
	at app//de.uka.ilkd.key.java.JP2KeYVisitor.visit(JP2KeYConverter.java:331)
	at app//de.uka.ilkd.key.java.JP2KeYVisitor.visit(JP2KeYConverter.java:91)
	at app//com.github.javaparser.ast.body.ClassOrInterfaceDeclaration.accept(ClassOrInterfaceDeclaration.java:95)
	at app//de.uka.ilkd.key.java.JP2KeYVisitor.map(JP2KeYConverter.java:430)
	at app//de.uka.ilkd.key.java.JP2KeYVisitor.visit(JP2KeYConverter.java:419)
	at app//de.uka.ilkd.key.java.JP2KeYVisitor.visit(JP2KeYConverter.java:91)
	at app//com.github.javaparser.ast.CompilationUnit.accept(CompilationUnit.java:124)
	at app//de.uka.ilkd.key.java.JP2KeYConverter.process(JP2KeYConverter.java:85)
	at app//de.uka.ilkd.key.java.JP2KeYConverter.processCompilationUnit(JP2KeYConverter.java:81)
	at app//de.uka.ilkd.key.java.JavaService.parseLibraryClasses0(JavaService.java:545)
	at app//de.uka.ilkd.key.java.JavaService.parseSpecialClasses(JavaService.java:520)
	at app//de.uka.ilkd.key.java.JavaService.recoderCompilationUnitsAsFiles(JavaService.java:177)
	at app//de.uka.ilkd.key.java.JavaService.readCompilationUnitsAsFiles(JavaService.java:153)
	at app//de.uka.ilkd.key.proof.init.ProblemInitializer.readJava(ProblemInitializer.java:277)
	at app//de.uka.ilkd.key.proof.init.ProblemInitializer.prepare(ProblemInitializer.java:529)
	at app//de.uka.ilkd.key.proof.init.ProblemInitializer.prepare(ProblemInitializer.java:471)
	at app//de.uka.ilkd.key.proof.io.AbstractProblemLoader.createInitConfig(AbstractProblemLoader.java:557)
	at app//de.uka.ilkd.key.proof.io.AbstractProblemLoader.loadEnvironment(AbstractProblemLoader.java:317)
	at app//de.uka.ilkd.key.proof.io.AbstractProblemLoader.load(AbstractProblemLoader.java:275)
	at app//de.uka.ilkd.key.proof.io.AbstractProblemLoader.load(AbstractProblemLoader.java:257)
	at app//de.uka.ilkd.key.control.AbstractUserInterfaceControl.load(AbstractUserInterfaceControl.java:212)
	... 91 more
</failure>
  </testcase>
  <testcase name="testInstantiateLabels_updates_allRules()" classname="de.uka.ilkd.key.logic.TestTermLabelManager" time="0.131">
    <failure message="org.opentest4j.AssertionFailedError: Unexpected exception thrown: de.uka.ilkd.key.proof.io.ProblemLoaderException: JavaBuildingIssue{node=super.$prepare()range=Optional.empty, message='Unsupported element detected given by Java Parser: MethodCallExpr. Please extend the KeY-Java-Hierarchy'}" type="org.opentest4j.AssertionFailedError">org.opentest4j.AssertionFailedError: Unexpected exception thrown: de.uka.ilkd.key.proof.io.ProblemLoaderException: JavaBuildingIssue{node=super.$prepare()range=Optional.empty, message='Unsupported element detected given by Java Parser: MethodCallExpr. Please extend the KeY-Java-Hierarchy'}
	at app//org.junit.jupiter.api.AssertionFailureBuilder.build(AssertionFailureBuilder.java:152)
	at app//org.junit.jupiter.api.AssertDoesNotThrow.createAssertionFailedError(AssertDoesNotThrow.java:84)
	at app//org.junit.jupiter.api.AssertDoesNotThrow.assertDoesNotThrow(AssertDoesNotThrow.java:75)
	at app//org.junit.jupiter.api.AssertDoesNotThrow.assertDoesNotThrow(AssertDoesNotThrow.java:58)
	at app//org.junit.jupiter.api.Assertions.assertDoesNotThrow(Assertions.java:3196)
	at app//de.uka.ilkd.key.logic.TestTermLabelManager.testInstantiateLabels_updates_allRules(TestTermLabelManager.java:207)
	at java.base@17.0.7/jdk.internal.reflect.NativeMethodAccessorImpl.invoke0(Native Method)
	at java.base@17.0.7/jdk.internal.reflect.NativeMethodAccessorImpl.invoke(NativeMethodAccessorImpl.java:77)
	at java.base@17.0.7/jdk.internal.reflect.DelegatingMethodAccessorImpl.invoke(DelegatingMethodAccessorImpl.java:43)
	at java.base@17.0.7/java.lang.reflect.Method.invoke(Method.java:568)
	at app//org.junit.platform.commons.util.ReflectionUtils.invokeMethod(ReflectionUtils.java:727)
	at app//org.junit.jupiter.engine.execution.MethodInvocation.proceed(MethodInvocation.java:60)
	at app//org.junit.jupiter.engine.execution.InvocationInterceptorChain$ValidatingInvocation.proceed(InvocationInterceptorChain.java:131)
	at app//org.junit.jupiter.engine.extension.TimeoutExtension.intercept(TimeoutExtension.java:156)
	at app//org.junit.jupiter.engine.extension.TimeoutExtension.interceptTestableMethod(TimeoutExtension.java:147)
	at app//org.junit.jupiter.engine.extension.TimeoutExtension.interceptTestMethod(TimeoutExtension.java:86)
	at app//org.junit.jupiter.engine.execution.InterceptingExecutableInvoker$ReflectiveInterceptorCall.lambda$ofVoidMethod$0(InterceptingExecutableInvoker.java:103)
	at app//org.junit.jupiter.engine.execution.InterceptingExecutableInvoker.lambda$invoke$0(InterceptingExecutableInvoker.java:93)
	at app//org.junit.jupiter.engine.execution.InvocationInterceptorChain$InterceptedInvocation.proceed(InvocationInterceptorChain.java:106)
	at app//org.junit.jupiter.engine.execution.InvocationInterceptorChain.proceed(InvocationInterceptorChain.java:64)
	at app//org.junit.jupiter.engine.execution.InvocationInterceptorChain.chainAndInvoke(InvocationInterceptorChain.java:45)
	at app//org.junit.jupiter.engine.execution.InvocationInterceptorChain.invoke(InvocationInterceptorChain.java:37)
	at app//org.junit.jupiter.engine.execution.InterceptingExecutableInvoker.invoke(InterceptingExecutableInvoker.java:92)
	at app//org.junit.jupiter.engine.execution.InterceptingExecutableInvoker.invoke(InterceptingExecutableInvoker.java:86)
	at app//org.junit.jupiter.engine.descriptor.TestMethodTestDescriptor.lambda$invokeTestMethod$7(TestMethodTestDescriptor.java:217)
	at app//org.junit.platform.engine.support.hierarchical.ThrowableCollector.execute(ThrowableCollector.java:73)
	at app//org.junit.jupiter.engine.descriptor.TestMethodTestDescriptor.invokeTestMethod(TestMethodTestDescriptor.java:213)
	at app//org.junit.jupiter.engine.descriptor.TestMethodTestDescriptor.execute(TestMethodTestDescriptor.java:138)
	at app//org.junit.jupiter.engine.descriptor.TestMethodTestDescriptor.execute(TestMethodTestDescriptor.java:68)
	at app//org.junit.platform.engine.support.hierarchical.NodeTestTask.lambda$executeRecursively$6(NodeTestTask.java:151)
	at app//org.junit.platform.engine.support.hierarchical.ThrowableCollector.execute(ThrowableCollector.java:73)
	at app//org.junit.platform.engine.support.hierarchical.NodeTestTask.lambda$executeRecursively$8(NodeTestTask.java:141)
	at app//org.junit.platform.engine.support.hierarchical.Node.around(Node.java:137)
	at app//org.junit.platform.engine.support.hierarchical.NodeTestTask.lambda$executeRecursively$9(NodeTestTask.java:139)
	at app//org.junit.platform.engine.support.hierarchical.ThrowableCollector.execute(ThrowableCollector.java:73)
	at app//org.junit.platform.engine.support.hierarchical.NodeTestTask.executeRecursively(NodeTestTask.java:138)
	at app//org.junit.platform.engine.support.hierarchical.NodeTestTask.execute(NodeTestTask.java:95)
	at java.base@17.0.7/java.util.ArrayList.forEach(ArrayList.java:1511)
	at app//org.junit.platform.engine.support.hierarchical.SameThreadHierarchicalTestExecutorService.invokeAll(SameThreadHierarchicalTestExecutorService.java:41)
	at app//org.junit.platform.engine.support.hierarchical.NodeTestTask.lambda$executeRecursively$6(NodeTestTask.java:155)
	at app//org.junit.platform.engine.support.hierarchical.ThrowableCollector.execute(ThrowableCollector.java:73)
	at app//org.junit.platform.engine.support.hierarchical.NodeTestTask.lambda$executeRecursively$8(NodeTestTask.java:141)
	at app//org.junit.platform.engine.support.hierarchical.Node.around(Node.java:137)
	at app//org.junit.platform.engine.support.hierarchical.NodeTestTask.lambda$executeRecursively$9(NodeTestTask.java:139)
	at app//org.junit.platform.engine.support.hierarchical.ThrowableCollector.execute(ThrowableCollector.java:73)
	at app//org.junit.platform.engine.support.hierarchical.NodeTestTask.executeRecursively(NodeTestTask.java:138)
	at app//org.junit.platform.engine.support.hierarchical.NodeTestTask.execute(NodeTestTask.java:95)
	at java.base@17.0.7/java.util.ArrayList.forEach(ArrayList.java:1511)
	at app//org.junit.platform.engine.support.hierarchical.SameThreadHierarchicalTestExecutorService.invokeAll(SameThreadHierarchicalTestExecutorService.java:41)
	at app//org.junit.platform.engine.support.hierarchical.NodeTestTask.lambda$executeRecursively$6(NodeTestTask.java:155)
	at app//org.junit.platform.engine.support.hierarchical.ThrowableCollector.execute(ThrowableCollector.java:73)
	at app//org.junit.platform.engine.support.hierarchical.NodeTestTask.lambda$executeRecursively$8(NodeTestTask.java:141)
	at app//org.junit.platform.engine.support.hierarchical.Node.around(Node.java:137)
	at app//org.junit.platform.engine.support.hierarchical.NodeTestTask.lambda$executeRecursively$9(NodeTestTask.java:139)
	at app//org.junit.platform.engine.support.hierarchical.ThrowableCollector.execute(ThrowableCollector.java:73)
	at app//org.junit.platform.engine.support.hierarchical.NodeTestTask.executeRecursively(NodeTestTask.java:138)
	at app//org.junit.platform.engine.support.hierarchical.NodeTestTask.execute(NodeTestTask.java:95)
	at app//org.junit.platform.engine.support.hierarchical.SameThreadHierarchicalTestExecutorService.submit(SameThreadHierarchicalTestExecutorService.java:35)
	at app//org.junit.platform.engine.support.hierarchical.HierarchicalTestExecutor.execute(HierarchicalTestExecutor.java:57)
	at app//org.junit.platform.engine.support.hierarchical.HierarchicalTestEngine.execute(HierarchicalTestEngine.java:54)
	at app//org.junit.platform.launcher.core.EngineExecutionOrchestrator.execute(EngineExecutionOrchestrator.java:107)
	at app//org.junit.platform.launcher.core.EngineExecutionOrchestrator.execute(EngineExecutionOrchestrator.java:88)
	at app//org.junit.platform.launcher.core.EngineExecutionOrchestrator.lambda$execute$0(EngineExecutionOrchestrator.java:54)
	at app//org.junit.platform.launcher.core.EngineExecutionOrchestrator.withInterceptedStreams(EngineExecutionOrchestrator.java:67)
	at app//org.junit.platform.launcher.core.EngineExecutionOrchestrator.execute(EngineExecutionOrchestrator.java:52)
	at app//org.junit.platform.launcher.core.DefaultLauncher.execute(DefaultLauncher.java:114)
	at app//org.junit.platform.launcher.core.DefaultLauncher.execute(DefaultLauncher.java:86)
	at app//org.junit.platform.launcher.core.DefaultLauncherSession$DelegatingLauncher.execute(DefaultLauncherSession.java:86)
	at org.gradle.api.internal.tasks.testing.junitplatform.JUnitPlatformTestClassProcessor$CollectAllTestClassesExecutor.processAllTestClasses(JUnitPlatformTestClassProcessor.java:110)
	at org.gradle.api.internal.tasks.testing.junitplatform.JUnitPlatformTestClassProcessor$CollectAllTestClassesExecutor.access$000(JUnitPlatformTestClassProcessor.java:90)
	at org.gradle.api.internal.tasks.testing.junitplatform.JUnitPlatformTestClassProcessor.stop(JUnitPlatformTestClassProcessor.java:85)
	at org.gradle.api.internal.tasks.testing.SuiteTestClassProcessor.stop(SuiteTestClassProcessor.java:62)
	at java.base@17.0.7/jdk.internal.reflect.NativeMethodAccessorImpl.invoke0(Native Method)
	at java.base@17.0.7/jdk.internal.reflect.NativeMethodAccessorImpl.invoke(NativeMethodAccessorImpl.java:77)
	at java.base@17.0.7/jdk.internal.reflect.DelegatingMethodAccessorImpl.invoke(DelegatingMethodAccessorImpl.java:43)
	at java.base@17.0.7/java.lang.reflect.Method.invoke(Method.java:568)
	at org.gradle.internal.dispatch.ReflectionDispatch.dispatch(ReflectionDispatch.java:36)
	at org.gradle.internal.dispatch.ReflectionDispatch.dispatch(ReflectionDispatch.java:24)
	at org.gradle.internal.dispatch.ContextClassLoaderDispatch.dispatch(ContextClassLoaderDispatch.java:33)
	at org.gradle.internal.dispatch.ProxyDispatchAdapter$DispatchingInvocationHandler.invoke(ProxyDispatchAdapter.java:94)
	at jdk.proxy2/jdk.proxy2.$Proxy5.stop(Unknown Source)
	at org.gradle.api.internal.tasks.testing.worker.TestWorker$3.run(TestWorker.java:193)
	at org.gradle.api.internal.tasks.testing.worker.TestWorker.executeAndMaintainThreadName(TestWorker.java:129)
	at org.gradle.api.internal.tasks.testing.worker.TestWorker.execute(TestWorker.java:100)
	at org.gradle.api.internal.tasks.testing.worker.TestWorker.execute(TestWorker.java:60)
	at org.gradle.process.internal.worker.child.ActionExecutionWorker.execute(ActionExecutionWorker.java:56)
	at org.gradle.process.internal.worker.child.SystemApplicationClassLoaderWorker.call(SystemApplicationClassLoaderWorker.java:113)
	at org.gradle.process.internal.worker.child.SystemApplicationClassLoaderWorker.call(SystemApplicationClassLoaderWorker.java:65)
	at app//worker.org.gradle.process.internal.worker.GradleWorkerMain.run(GradleWorkerMain.java:69)
	at app//worker.org.gradle.process.internal.worker.GradleWorkerMain.main(GradleWorkerMain.java:74)
Caused by: JavaBuildingIssue{node=super.$prepare()range=Optional.empty, message='Unsupported element detected given by Java Parser: MethodCallExpr. Please extend the KeY-Java-Hierarchy'} (file: src/test/resources/testcase/termLabels/flatSteps/FlatSteps.java; caused by: JavaBuildingExceptions{issues=[JavaBuildingIssue{node=super.$prepare()range=Optional.empty, message='Unsupported element detected given by Java Parser: MethodCallExpr. Please extend the KeY-Java-Hierarchy'}]})
	at app//de.uka.ilkd.key.control.AbstractUserInterfaceControl.load(AbstractUserInterfaceControl.java:225)
	at app//de.uka.ilkd.key.control.KeYEnvironment.load(KeYEnvironment.java:282)
	at app//de.uka.ilkd.key.control.KeYEnvironment.load(KeYEnvironment.java:251)
	at app//de.uka.ilkd.key.control.KeYEnvironment.load(KeYEnvironment.java:225)
	at app//de.uka.ilkd.key.control.KeYEnvironment.load(KeYEnvironment.java:185)
	at app//de.uka.ilkd.key.logic.TestTermLabelManager.createTestServices(TestTermLabelManager.java:584)
	at app//de.uka.ilkd.key.logic.TestTermLabelManager.lambda$testInstantiateLabels_updates_allRules$0(TestTermLabelManager.java:208)
	at app//org.junit.jupiter.api.AssertDoesNotThrow.assertDoesNotThrow(AssertDoesNotThrow.java:71)
	... 87 more
Caused by: JavaBuildingExceptions{issues=[JavaBuildingIssue{node=super.$prepare()range=Optional.empty, message='Unsupported element detected given by Java Parser: MethodCallExpr. Please extend the KeY-Java-Hierarchy'}]}
	at app//de.uka.ilkd.key.java.JP2KeYVisitor.reportError(JP2KeYConverter.java:119)
	at app//de.uka.ilkd.key.java.JP2KeYVisitor.reportUnsupportedElement(JP2KeYConverter.java:123)
	at app//de.uka.ilkd.key.java.JP2KeYVisitor.visit(JP2KeYConverter.java:708)
	at app//de.uka.ilkd.key.java.JP2KeYVisitor.visit(JP2KeYConverter.java:91)
	at app//com.github.javaparser.ast.expr.MethodCallExpr.accept(MethodCallExpr.java:116)
	at app//de.uka.ilkd.key.java.JP2KeYVisitor.accept(JP2KeYConverter.java:374)
	at app//de.uka.ilkd.key.java.JP2KeYVisitor.visit(JP2KeYConverter.java:541)
	at app//de.uka.ilkd.key.java.JP2KeYVisitor.visit(JP2KeYConverter.java:91)
	at app//com.github.javaparser.ast.stmt.ExpressionStmt.accept(ExpressionStmt.java:71)
	at app//de.uka.ilkd.key.java.JP2KeYVisitor.map(JP2KeYConverter.java:430)
	at app//de.uka.ilkd.key.java.JP2KeYVisitor.visit(JP2KeYConverter.java:279)
	at app//de.uka.ilkd.key.java.JP2KeYVisitor.visit(JP2KeYConverter.java:91)
	at app//com.github.javaparser.ast.stmt.BlockStmt.accept(BlockStmt.java:70)
	at app//de.uka.ilkd.key.java.JP2KeYVisitor.accept(JP2KeYConverter.java:374)
	at app//de.uka.ilkd.key.java.JP2KeYVisitor.accepto(JP2KeYConverter.java:447)
	at app//de.uka.ilkd.key.java.JP2KeYVisitor.visit(JP2KeYConverter.java:737)
	at app//de.uka.ilkd.key.java.JP2KeYVisitor.visit(JP2KeYConverter.java:91)
	at app//com.github.javaparser.ast.body.MethodDeclaration.accept(MethodDeclaration.java:98)
	at app//de.uka.ilkd.key.java.JP2KeYVisitor.map(JP2KeYConverter.java:430)
	at app//de.uka.ilkd.key.java.JP2KeYVisitor.visit(JP2KeYConverter.java:331)
	at app//de.uka.ilkd.key.java.JP2KeYVisitor.visit(JP2KeYConverter.java:91)
	at app//com.github.javaparser.ast.body.ClassOrInterfaceDeclaration.accept(ClassOrInterfaceDeclaration.java:95)
	at app//de.uka.ilkd.key.java.JP2KeYVisitor.map(JP2KeYConverter.java:430)
	at app//de.uka.ilkd.key.java.JP2KeYVisitor.visit(JP2KeYConverter.java:419)
	at app//de.uka.ilkd.key.java.JP2KeYVisitor.visit(JP2KeYConverter.java:91)
	at app//com.github.javaparser.ast.CompilationUnit.accept(CompilationUnit.java:124)
	at app//de.uka.ilkd.key.java.JP2KeYConverter.process(JP2KeYConverter.java:85)
	at app//de.uka.ilkd.key.java.JP2KeYConverter.processCompilationUnit(JP2KeYConverter.java:81)
	at app//de.uka.ilkd.key.java.JavaService.parseLibraryClasses0(JavaService.java:545)
	at app//de.uka.ilkd.key.java.JavaService.parseSpecialClasses(JavaService.java:520)
	at app//de.uka.ilkd.key.java.JavaService.recoderCompilationUnitsAsFiles(JavaService.java:177)
	at app//de.uka.ilkd.key.java.JavaService.readCompilationUnitsAsFiles(JavaService.java:153)
	at app//de.uka.ilkd.key.proof.init.ProblemInitializer.readJava(ProblemInitializer.java:277)
	at app//de.uka.ilkd.key.proof.init.ProblemInitializer.prepare(ProblemInitializer.java:529)
	at app//de.uka.ilkd.key.proof.init.ProblemInitializer.prepare(ProblemInitializer.java:471)
	at app//de.uka.ilkd.key.proof.io.AbstractProblemLoader.createInitConfig(AbstractProblemLoader.java:557)
	at app//de.uka.ilkd.key.proof.io.AbstractProblemLoader.loadEnvironment(AbstractProblemLoader.java:317)
	at app//de.uka.ilkd.key.proof.io.AbstractProblemLoader.load(AbstractProblemLoader.java:275)
	at app//de.uka.ilkd.key.proof.io.AbstractProblemLoader.load(AbstractProblemLoader.java:257)
	at app//de.uka.ilkd.key.control.AbstractUserInterfaceControl.load(AbstractUserInterfaceControl.java:212)
	... 94 more
</failure>
  </testcase>
  <testcase name="testrefactorGoal_sequent_allRules()" classname="de.uka.ilkd.key.logic.TestTermLabelManager" time="0.123">
    <failure message="JavaBuildingIssue{node=super.$prepare()range=Optional.empty, message='Unsupported element detected given by Java Parser: MethodCallExpr. Please extend the KeY-Java-Hierarchy'} (file: src/test/resources/testcase/termLabels/flatSteps/FlatSteps.java; caused by: JavaBuildingExceptions{issues=[JavaBuildingIssue{node=super.$prepare()range=Optional.empty, message='Unsupported element detected given by Java Parser: MethodCallExpr. Please extend the KeY-Java-Hierarchy'}]})" type="de.uka.ilkd.key.proof.io.ProblemLoaderException">JavaBuildingIssue{node=super.$prepare()range=Optional.empty, message='Unsupported element detected given by Java Parser: MethodCallExpr. Please extend the KeY-Java-Hierarchy'} (file: src/test/resources/testcase/termLabels/flatSteps/FlatSteps.java; caused by: JavaBuildingExceptions{issues=[JavaBuildingIssue{node=super.$prepare()range=Optional.empty, message='Unsupported element detected given by Java Parser: MethodCallExpr. Please extend the KeY-Java-Hierarchy'}]})
	at app//de.uka.ilkd.key.control.AbstractUserInterfaceControl.load(AbstractUserInterfaceControl.java:225)
	at app//de.uka.ilkd.key.control.KeYEnvironment.load(KeYEnvironment.java:282)
	at app//de.uka.ilkd.key.control.KeYEnvironment.load(KeYEnvironment.java:251)
	at app//de.uka.ilkd.key.control.KeYEnvironment.load(KeYEnvironment.java:225)
	at app//de.uka.ilkd.key.control.KeYEnvironment.load(KeYEnvironment.java:185)
	at app//de.uka.ilkd.key.logic.TestTermLabelManager.createTestServices(TestTermLabelManager.java:584)
	at app//de.uka.ilkd.key.logic.TestTermLabelManager.doRefactoringTestLogging(TestTermLabelManager.java:108)
	at app//de.uka.ilkd.key.logic.TestTermLabelManager.testrefactorGoal_sequent_allRules(TestTermLabelManager.java:93)
	at java.base@17.0.7/jdk.internal.reflect.NativeMethodAccessorImpl.invoke0(Native Method)
	at java.base@17.0.7/jdk.internal.reflect.NativeMethodAccessorImpl.invoke(NativeMethodAccessorImpl.java:77)
	at java.base@17.0.7/jdk.internal.reflect.DelegatingMethodAccessorImpl.invoke(DelegatingMethodAccessorImpl.java:43)
	at java.base@17.0.7/java.lang.reflect.Method.invoke(Method.java:568)
	at app//org.junit.platform.commons.util.ReflectionUtils.invokeMethod(ReflectionUtils.java:727)
	at app//org.junit.jupiter.engine.execution.MethodInvocation.proceed(MethodInvocation.java:60)
	at app//org.junit.jupiter.engine.execution.InvocationInterceptorChain$ValidatingInvocation.proceed(InvocationInterceptorChain.java:131)
	at app//org.junit.jupiter.engine.extension.TimeoutExtension.intercept(TimeoutExtension.java:156)
	at app//org.junit.jupiter.engine.extension.TimeoutExtension.interceptTestableMethod(TimeoutExtension.java:147)
	at app//org.junit.jupiter.engine.extension.TimeoutExtension.interceptTestMethod(TimeoutExtension.java:86)
	at app//org.junit.jupiter.engine.execution.InterceptingExecutableInvoker$ReflectiveInterceptorCall.lambda$ofVoidMethod$0(InterceptingExecutableInvoker.java:103)
	at app//org.junit.jupiter.engine.execution.InterceptingExecutableInvoker.lambda$invoke$0(InterceptingExecutableInvoker.java:93)
	at app//org.junit.jupiter.engine.execution.InvocationInterceptorChain$InterceptedInvocation.proceed(InvocationInterceptorChain.java:106)
	at app//org.junit.jupiter.engine.execution.InvocationInterceptorChain.proceed(InvocationInterceptorChain.java:64)
	at app//org.junit.jupiter.engine.execution.InvocationInterceptorChain.chainAndInvoke(InvocationInterceptorChain.java:45)
	at app//org.junit.jupiter.engine.execution.InvocationInterceptorChain.invoke(InvocationInterceptorChain.java:37)
	at app//org.junit.jupiter.engine.execution.InterceptingExecutableInvoker.invoke(InterceptingExecutableInvoker.java:92)
	at app//org.junit.jupiter.engine.execution.InterceptingExecutableInvoker.invoke(InterceptingExecutableInvoker.java:86)
	at app//org.junit.jupiter.engine.descriptor.TestMethodTestDescriptor.lambda$invokeTestMethod$7(TestMethodTestDescriptor.java:217)
	at app//org.junit.platform.engine.support.hierarchical.ThrowableCollector.execute(ThrowableCollector.java:73)
	at app//org.junit.jupiter.engine.descriptor.TestMethodTestDescriptor.invokeTestMethod(TestMethodTestDescriptor.java:213)
	at app//org.junit.jupiter.engine.descriptor.TestMethodTestDescriptor.execute(TestMethodTestDescriptor.java:138)
	at app//org.junit.jupiter.engine.descriptor.TestMethodTestDescriptor.execute(TestMethodTestDescriptor.java:68)
	at app//org.junit.platform.engine.support.hierarchical.NodeTestTask.lambda$executeRecursively$6(NodeTestTask.java:151)
	at app//org.junit.platform.engine.support.hierarchical.ThrowableCollector.execute(ThrowableCollector.java:73)
	at app//org.junit.platform.engine.support.hierarchical.NodeTestTask.lambda$executeRecursively$8(NodeTestTask.java:141)
	at app//org.junit.platform.engine.support.hierarchical.Node.around(Node.java:137)
	at app//org.junit.platform.engine.support.hierarchical.NodeTestTask.lambda$executeRecursively$9(NodeTestTask.java:139)
	at app//org.junit.platform.engine.support.hierarchical.ThrowableCollector.execute(ThrowableCollector.java:73)
	at app//org.junit.platform.engine.support.hierarchical.NodeTestTask.executeRecursively(NodeTestTask.java:138)
	at app//org.junit.platform.engine.support.hierarchical.NodeTestTask.execute(NodeTestTask.java:95)
	at java.base@17.0.7/java.util.ArrayList.forEach(ArrayList.java:1511)
	at app//org.junit.platform.engine.support.hierarchical.SameThreadHierarchicalTestExecutorService.invokeAll(SameThreadHierarchicalTestExecutorService.java:41)
	at app//org.junit.platform.engine.support.hierarchical.NodeTestTask.lambda$executeRecursively$6(NodeTestTask.java:155)
	at app//org.junit.platform.engine.support.hierarchical.ThrowableCollector.execute(ThrowableCollector.java:73)
	at app//org.junit.platform.engine.support.hierarchical.NodeTestTask.lambda$executeRecursively$8(NodeTestTask.java:141)
	at app//org.junit.platform.engine.support.hierarchical.Node.around(Node.java:137)
	at app//org.junit.platform.engine.support.hierarchical.NodeTestTask.lambda$executeRecursively$9(NodeTestTask.java:139)
	at app//org.junit.platform.engine.support.hierarchical.ThrowableCollector.execute(ThrowableCollector.java:73)
	at app//org.junit.platform.engine.support.hierarchical.NodeTestTask.executeRecursively(NodeTestTask.java:138)
	at app//org.junit.platform.engine.support.hierarchical.NodeTestTask.execute(NodeTestTask.java:95)
	at java.base@17.0.7/java.util.ArrayList.forEach(ArrayList.java:1511)
	at app//org.junit.platform.engine.support.hierarchical.SameThreadHierarchicalTestExecutorService.invokeAll(SameThreadHierarchicalTestExecutorService.java:41)
	at app//org.junit.platform.engine.support.hierarchical.NodeTestTask.lambda$executeRecursively$6(NodeTestTask.java:155)
	at app//org.junit.platform.engine.support.hierarchical.ThrowableCollector.execute(ThrowableCollector.java:73)
	at app//org.junit.platform.engine.support.hierarchical.NodeTestTask.lambda$executeRecursively$8(NodeTestTask.java:141)
	at app//org.junit.platform.engine.support.hierarchical.Node.around(Node.java:137)
	at app//org.junit.platform.engine.support.hierarchical.NodeTestTask.lambda$executeRecursively$9(NodeTestTask.java:139)
	at app//org.junit.platform.engine.support.hierarchical.ThrowableCollector.execute(ThrowableCollector.java:73)
	at app//org.junit.platform.engine.support.hierarchical.NodeTestTask.executeRecursively(NodeTestTask.java:138)
	at app//org.junit.platform.engine.support.hierarchical.NodeTestTask.execute(NodeTestTask.java:95)
	at app//org.junit.platform.engine.support.hierarchical.SameThreadHierarchicalTestExecutorService.submit(SameThreadHierarchicalTestExecutorService.java:35)
	at app//org.junit.platform.engine.support.hierarchical.HierarchicalTestExecutor.execute(HierarchicalTestExecutor.java:57)
	at app//org.junit.platform.engine.support.hierarchical.HierarchicalTestEngine.execute(HierarchicalTestEngine.java:54)
	at app//org.junit.platform.launcher.core.EngineExecutionOrchestrator.execute(EngineExecutionOrchestrator.java:107)
	at app//org.junit.platform.launcher.core.EngineExecutionOrchestrator.execute(EngineExecutionOrchestrator.java:88)
	at app//org.junit.platform.launcher.core.EngineExecutionOrchestrator.lambda$execute$0(EngineExecutionOrchestrator.java:54)
	at app//org.junit.platform.launcher.core.EngineExecutionOrchestrator.withInterceptedStreams(EngineExecutionOrchestrator.java:67)
	at app//org.junit.platform.launcher.core.EngineExecutionOrchestrator.execute(EngineExecutionOrchestrator.java:52)
	at app//org.junit.platform.launcher.core.DefaultLauncher.execute(DefaultLauncher.java:114)
	at app//org.junit.platform.launcher.core.DefaultLauncher.execute(DefaultLauncher.java:86)
	at app//org.junit.platform.launcher.core.DefaultLauncherSession$DelegatingLauncher.execute(DefaultLauncherSession.java:86)
	at org.gradle.api.internal.tasks.testing.junitplatform.JUnitPlatformTestClassProcessor$CollectAllTestClassesExecutor.processAllTestClasses(JUnitPlatformTestClassProcessor.java:110)
	at org.gradle.api.internal.tasks.testing.junitplatform.JUnitPlatformTestClassProcessor$CollectAllTestClassesExecutor.access$000(JUnitPlatformTestClassProcessor.java:90)
	at org.gradle.api.internal.tasks.testing.junitplatform.JUnitPlatformTestClassProcessor.stop(JUnitPlatformTestClassProcessor.java:85)
	at org.gradle.api.internal.tasks.testing.SuiteTestClassProcessor.stop(SuiteTestClassProcessor.java:62)
	at java.base@17.0.7/jdk.internal.reflect.NativeMethodAccessorImpl.invoke0(Native Method)
	at java.base@17.0.7/jdk.internal.reflect.NativeMethodAccessorImpl.invoke(NativeMethodAccessorImpl.java:77)
	at java.base@17.0.7/jdk.internal.reflect.DelegatingMethodAccessorImpl.invoke(DelegatingMethodAccessorImpl.java:43)
	at java.base@17.0.7/java.lang.reflect.Method.invoke(Method.java:568)
	at org.gradle.internal.dispatch.ReflectionDispatch.dispatch(ReflectionDispatch.java:36)
	at org.gradle.internal.dispatch.ReflectionDispatch.dispatch(ReflectionDispatch.java:24)
	at org.gradle.internal.dispatch.ContextClassLoaderDispatch.dispatch(ContextClassLoaderDispatch.java:33)
	at org.gradle.internal.dispatch.ProxyDispatchAdapter$DispatchingInvocationHandler.invoke(ProxyDispatchAdapter.java:94)
	at jdk.proxy2/jdk.proxy2.$Proxy5.stop(Unknown Source)
	at org.gradle.api.internal.tasks.testing.worker.TestWorker$3.run(TestWorker.java:193)
	at org.gradle.api.internal.tasks.testing.worker.TestWorker.executeAndMaintainThreadName(TestWorker.java:129)
	at org.gradle.api.internal.tasks.testing.worker.TestWorker.execute(TestWorker.java:100)
	at org.gradle.api.internal.tasks.testing.worker.TestWorker.execute(TestWorker.java:60)
	at org.gradle.process.internal.worker.child.ActionExecutionWorker.execute(ActionExecutionWorker.java:56)
	at org.gradle.process.internal.worker.child.SystemApplicationClassLoaderWorker.call(SystemApplicationClassLoaderWorker.java:113)
	at org.gradle.process.internal.worker.child.SystemApplicationClassLoaderWorker.call(SystemApplicationClassLoaderWorker.java:65)
	at app//worker.org.gradle.process.internal.worker.GradleWorkerMain.run(GradleWorkerMain.java:69)
	at app//worker.org.gradle.process.internal.worker.GradleWorkerMain.main(GradleWorkerMain.java:74)
Caused by: JavaBuildingExceptions{issues=[JavaBuildingIssue{node=super.$prepare()range=Optional.empty, message='Unsupported element detected given by Java Parser: MethodCallExpr. Please extend the KeY-Java-Hierarchy'}]}
	at app//de.uka.ilkd.key.java.JP2KeYVisitor.reportError(JP2KeYConverter.java:119)
	at app//de.uka.ilkd.key.java.JP2KeYVisitor.reportUnsupportedElement(JP2KeYConverter.java:123)
	at app//de.uka.ilkd.key.java.JP2KeYVisitor.visit(JP2KeYConverter.java:708)
	at app//de.uka.ilkd.key.java.JP2KeYVisitor.visit(JP2KeYConverter.java:91)
	at app//com.github.javaparser.ast.expr.MethodCallExpr.accept(MethodCallExpr.java:116)
	at app//de.uka.ilkd.key.java.JP2KeYVisitor.accept(JP2KeYConverter.java:374)
	at app//de.uka.ilkd.key.java.JP2KeYVisitor.visit(JP2KeYConverter.java:541)
	at app//de.uka.ilkd.key.java.JP2KeYVisitor.visit(JP2KeYConverter.java:91)
	at app//com.github.javaparser.ast.stmt.ExpressionStmt.accept(ExpressionStmt.java:71)
	at app//de.uka.ilkd.key.java.JP2KeYVisitor.map(JP2KeYConverter.java:430)
	at app//de.uka.ilkd.key.java.JP2KeYVisitor.visit(JP2KeYConverter.java:279)
	at app//de.uka.ilkd.key.java.JP2KeYVisitor.visit(JP2KeYConverter.java:91)
	at app//com.github.javaparser.ast.stmt.BlockStmt.accept(BlockStmt.java:70)
	at app//de.uka.ilkd.key.java.JP2KeYVisitor.accept(JP2KeYConverter.java:374)
	at app//de.uka.ilkd.key.java.JP2KeYVisitor.accepto(JP2KeYConverter.java:447)
	at app//de.uka.ilkd.key.java.JP2KeYVisitor.visit(JP2KeYConverter.java:737)
	at app//de.uka.ilkd.key.java.JP2KeYVisitor.visit(JP2KeYConverter.java:91)
	at app//com.github.javaparser.ast.body.MethodDeclaration.accept(MethodDeclaration.java:98)
	at app//de.uka.ilkd.key.java.JP2KeYVisitor.map(JP2KeYConverter.java:430)
	at app//de.uka.ilkd.key.java.JP2KeYVisitor.visit(JP2KeYConverter.java:331)
	at app//de.uka.ilkd.key.java.JP2KeYVisitor.visit(JP2KeYConverter.java:91)
	at app//com.github.javaparser.ast.body.ClassOrInterfaceDeclaration.accept(ClassOrInterfaceDeclaration.java:95)
	at app//de.uka.ilkd.key.java.JP2KeYVisitor.map(JP2KeYConverter.java:430)
	at app//de.uka.ilkd.key.java.JP2KeYVisitor.visit(JP2KeYConverter.java:419)
	at app//de.uka.ilkd.key.java.JP2KeYVisitor.visit(JP2KeYConverter.java:91)
	at app//com.github.javaparser.ast.CompilationUnit.accept(CompilationUnit.java:124)
	at app//de.uka.ilkd.key.java.JP2KeYConverter.process(JP2KeYConverter.java:85)
	at app//de.uka.ilkd.key.java.JP2KeYConverter.processCompilationUnit(JP2KeYConverter.java:81)
	at app//de.uka.ilkd.key.java.JavaService.parseLibraryClasses0(JavaService.java:545)
	at app//de.uka.ilkd.key.java.JavaService.parseSpecialClasses(JavaService.java:520)
	at app//de.uka.ilkd.key.java.JavaService.recoderCompilationUnitsAsFiles(JavaService.java:177)
	at app//de.uka.ilkd.key.java.JavaService.readCompilationUnitsAsFiles(JavaService.java:153)
	at app//de.uka.ilkd.key.proof.init.ProblemInitializer.readJava(ProblemInitializer.java:277)
	at app//de.uka.ilkd.key.proof.init.ProblemInitializer.prepare(ProblemInitializer.java:529)
	at app//de.uka.ilkd.key.proof.init.ProblemInitializer.prepare(ProblemInitializer.java:471)
	at app//de.uka.ilkd.key.proof.io.AbstractProblemLoader.createInitConfig(AbstractProblemLoader.java:557)
	at app//de.uka.ilkd.key.proof.io.AbstractProblemLoader.loadEnvironment(AbstractProblemLoader.java:317)
	at app//de.uka.ilkd.key.proof.io.AbstractProblemLoader.load(AbstractProblemLoader.java:275)
	at app//de.uka.ilkd.key.proof.io.AbstractProblemLoader.load(AbstractProblemLoader.java:257)
	at app//de.uka.ilkd.key.control.AbstractUserInterfaceControl.load(AbstractUserInterfaceControl.java:212)
	... 91 more
</failure>
  </testcase>
  <testcase name="testrefactorGoal_childrenAndGrandchildren_allRules()" classname="de.uka.ilkd.key.logic.TestTermLabelManager" time="0.134">
    <failure message="JavaBuildingIssue{node=super.$prepare()range=Optional.empty, message='Unsupported element detected given by Java Parser: MethodCallExpr. Please extend the KeY-Java-Hierarchy'} (file: src/test/resources/testcase/termLabels/flatSteps/FlatSteps.java; caused by: JavaBuildingExceptions{issues=[JavaBuildingIssue{node=super.$prepare()range=Optional.empty, message='Unsupported element detected given by Java Parser: MethodCallExpr. Please extend the KeY-Java-Hierarchy'}]})" type="de.uka.ilkd.key.proof.io.ProblemLoaderException">JavaBuildingIssue{node=super.$prepare()range=Optional.empty, message='Unsupported element detected given by Java Parser: MethodCallExpr. Please extend the KeY-Java-Hierarchy'} (file: src/test/resources/testcase/termLabels/flatSteps/FlatSteps.java; caused by: JavaBuildingExceptions{issues=[JavaBuildingIssue{node=super.$prepare()range=Optional.empty, message='Unsupported element detected given by Java Parser: MethodCallExpr. Please extend the KeY-Java-Hierarchy'}]})
	at app//de.uka.ilkd.key.control.AbstractUserInterfaceControl.load(AbstractUserInterfaceControl.java:225)
	at app//de.uka.ilkd.key.control.KeYEnvironment.load(KeYEnvironment.java:282)
	at app//de.uka.ilkd.key.control.KeYEnvironment.load(KeYEnvironment.java:251)
	at app//de.uka.ilkd.key.control.KeYEnvironment.load(KeYEnvironment.java:225)
	at app//de.uka.ilkd.key.control.KeYEnvironment.load(KeYEnvironment.java:185)
	at app//de.uka.ilkd.key.logic.TestTermLabelManager.createTestServices(TestTermLabelManager.java:584)
	at app//de.uka.ilkd.key.logic.TestTermLabelManager.doRefactoringTestLogging(TestTermLabelManager.java:108)
	at app//de.uka.ilkd.key.logic.TestTermLabelManager.testrefactorGoal_childrenAndGrandchildren_allRules(TestTermLabelManager.java:47)
	at java.base@17.0.7/jdk.internal.reflect.NativeMethodAccessorImpl.invoke0(Native Method)
	at java.base@17.0.7/jdk.internal.reflect.NativeMethodAccessorImpl.invoke(NativeMethodAccessorImpl.java:77)
	at java.base@17.0.7/jdk.internal.reflect.DelegatingMethodAccessorImpl.invoke(DelegatingMethodAccessorImpl.java:43)
	at java.base@17.0.7/java.lang.reflect.Method.invoke(Method.java:568)
	at app//org.junit.platform.commons.util.ReflectionUtils.invokeMethod(ReflectionUtils.java:727)
	at app//org.junit.jupiter.engine.execution.MethodInvocation.proceed(MethodInvocation.java:60)
	at app//org.junit.jupiter.engine.execution.InvocationInterceptorChain$ValidatingInvocation.proceed(InvocationInterceptorChain.java:131)
	at app//org.junit.jupiter.engine.extension.TimeoutExtension.intercept(TimeoutExtension.java:156)
	at app//org.junit.jupiter.engine.extension.TimeoutExtension.interceptTestableMethod(TimeoutExtension.java:147)
	at app//org.junit.jupiter.engine.extension.TimeoutExtension.interceptTestMethod(TimeoutExtension.java:86)
	at app//org.junit.jupiter.engine.execution.InterceptingExecutableInvoker$ReflectiveInterceptorCall.lambda$ofVoidMethod$0(InterceptingExecutableInvoker.java:103)
	at app//org.junit.jupiter.engine.execution.InterceptingExecutableInvoker.lambda$invoke$0(InterceptingExecutableInvoker.java:93)
	at app//org.junit.jupiter.engine.execution.InvocationInterceptorChain$InterceptedInvocation.proceed(InvocationInterceptorChain.java:106)
	at app//org.junit.jupiter.engine.execution.InvocationInterceptorChain.proceed(InvocationInterceptorChain.java:64)
	at app//org.junit.jupiter.engine.execution.InvocationInterceptorChain.chainAndInvoke(InvocationInterceptorChain.java:45)
	at app//org.junit.jupiter.engine.execution.InvocationInterceptorChain.invoke(InvocationInterceptorChain.java:37)
	at app//org.junit.jupiter.engine.execution.InterceptingExecutableInvoker.invoke(InterceptingExecutableInvoker.java:92)
	at app//org.junit.jupiter.engine.execution.InterceptingExecutableInvoker.invoke(InterceptingExecutableInvoker.java:86)
	at app//org.junit.jupiter.engine.descriptor.TestMethodTestDescriptor.lambda$invokeTestMethod$7(TestMethodTestDescriptor.java:217)
	at app//org.junit.platform.engine.support.hierarchical.ThrowableCollector.execute(ThrowableCollector.java:73)
	at app//org.junit.jupiter.engine.descriptor.TestMethodTestDescriptor.invokeTestMethod(TestMethodTestDescriptor.java:213)
	at app//org.junit.jupiter.engine.descriptor.TestMethodTestDescriptor.execute(TestMethodTestDescriptor.java:138)
	at app//org.junit.jupiter.engine.descriptor.TestMethodTestDescriptor.execute(TestMethodTestDescriptor.java:68)
	at app//org.junit.platform.engine.support.hierarchical.NodeTestTask.lambda$executeRecursively$6(NodeTestTask.java:151)
	at app//org.junit.platform.engine.support.hierarchical.ThrowableCollector.execute(ThrowableCollector.java:73)
	at app//org.junit.platform.engine.support.hierarchical.NodeTestTask.lambda$executeRecursively$8(NodeTestTask.java:141)
	at app//org.junit.platform.engine.support.hierarchical.Node.around(Node.java:137)
	at app//org.junit.platform.engine.support.hierarchical.NodeTestTask.lambda$executeRecursively$9(NodeTestTask.java:139)
	at app//org.junit.platform.engine.support.hierarchical.ThrowableCollector.execute(ThrowableCollector.java:73)
	at app//org.junit.platform.engine.support.hierarchical.NodeTestTask.executeRecursively(NodeTestTask.java:138)
	at app//org.junit.platform.engine.support.hierarchical.NodeTestTask.execute(NodeTestTask.java:95)
	at java.base@17.0.7/java.util.ArrayList.forEach(ArrayList.java:1511)
	at app//org.junit.platform.engine.support.hierarchical.SameThreadHierarchicalTestExecutorService.invokeAll(SameThreadHierarchicalTestExecutorService.java:41)
	at app//org.junit.platform.engine.support.hierarchical.NodeTestTask.lambda$executeRecursively$6(NodeTestTask.java:155)
	at app//org.junit.platform.engine.support.hierarchical.ThrowableCollector.execute(ThrowableCollector.java:73)
	at app//org.junit.platform.engine.support.hierarchical.NodeTestTask.lambda$executeRecursively$8(NodeTestTask.java:141)
	at app//org.junit.platform.engine.support.hierarchical.Node.around(Node.java:137)
	at app//org.junit.platform.engine.support.hierarchical.NodeTestTask.lambda$executeRecursively$9(NodeTestTask.java:139)
	at app//org.junit.platform.engine.support.hierarchical.ThrowableCollector.execute(ThrowableCollector.java:73)
	at app//org.junit.platform.engine.support.hierarchical.NodeTestTask.executeRecursively(NodeTestTask.java:138)
	at app//org.junit.platform.engine.support.hierarchical.NodeTestTask.execute(NodeTestTask.java:95)
	at java.base@17.0.7/java.util.ArrayList.forEach(ArrayList.java:1511)
	at app//org.junit.platform.engine.support.hierarchical.SameThreadHierarchicalTestExecutorService.invokeAll(SameThreadHierarchicalTestExecutorService.java:41)
	at app//org.junit.platform.engine.support.hierarchical.NodeTestTask.lambda$executeRecursively$6(NodeTestTask.java:155)
	at app//org.junit.platform.engine.support.hierarchical.ThrowableCollector.execute(ThrowableCollector.java:73)
	at app//org.junit.platform.engine.support.hierarchical.NodeTestTask.lambda$executeRecursively$8(NodeTestTask.java:141)
	at app//org.junit.platform.engine.support.hierarchical.Node.around(Node.java:137)
	at app//org.junit.platform.engine.support.hierarchical.NodeTestTask.lambda$executeRecursively$9(NodeTestTask.java:139)
	at app//org.junit.platform.engine.support.hierarchical.ThrowableCollector.execute(ThrowableCollector.java:73)
	at app//org.junit.platform.engine.support.hierarchical.NodeTestTask.executeRecursively(NodeTestTask.java:138)
	at app//org.junit.platform.engine.support.hierarchical.NodeTestTask.execute(NodeTestTask.java:95)
	at app//org.junit.platform.engine.support.hierarchical.SameThreadHierarchicalTestExecutorService.submit(SameThreadHierarchicalTestExecutorService.java:35)
	at app//org.junit.platform.engine.support.hierarchical.HierarchicalTestExecutor.execute(HierarchicalTestExecutor.java:57)
	at app//org.junit.platform.engine.support.hierarchical.HierarchicalTestEngine.execute(HierarchicalTestEngine.java:54)
	at app//org.junit.platform.launcher.core.EngineExecutionOrchestrator.execute(EngineExecutionOrchestrator.java:107)
	at app//org.junit.platform.launcher.core.EngineExecutionOrchestrator.execute(EngineExecutionOrchestrator.java:88)
	at app//org.junit.platform.launcher.core.EngineExecutionOrchestrator.lambda$execute$0(EngineExecutionOrchestrator.java:54)
	at app//org.junit.platform.launcher.core.EngineExecutionOrchestrator.withInterceptedStreams(EngineExecutionOrchestrator.java:67)
	at app//org.junit.platform.launcher.core.EngineExecutionOrchestrator.execute(EngineExecutionOrchestrator.java:52)
	at app//org.junit.platform.launcher.core.DefaultLauncher.execute(DefaultLauncher.java:114)
	at app//org.junit.platform.launcher.core.DefaultLauncher.execute(DefaultLauncher.java:86)
	at app//org.junit.platform.launcher.core.DefaultLauncherSession$DelegatingLauncher.execute(DefaultLauncherSession.java:86)
	at org.gradle.api.internal.tasks.testing.junitplatform.JUnitPlatformTestClassProcessor$CollectAllTestClassesExecutor.processAllTestClasses(JUnitPlatformTestClassProcessor.java:110)
	at org.gradle.api.internal.tasks.testing.junitplatform.JUnitPlatformTestClassProcessor$CollectAllTestClassesExecutor.access$000(JUnitPlatformTestClassProcessor.java:90)
	at org.gradle.api.internal.tasks.testing.junitplatform.JUnitPlatformTestClassProcessor.stop(JUnitPlatformTestClassProcessor.java:85)
	at org.gradle.api.internal.tasks.testing.SuiteTestClassProcessor.stop(SuiteTestClassProcessor.java:62)
	at java.base@17.0.7/jdk.internal.reflect.NativeMethodAccessorImpl.invoke0(Native Method)
	at java.base@17.0.7/jdk.internal.reflect.NativeMethodAccessorImpl.invoke(NativeMethodAccessorImpl.java:77)
	at java.base@17.0.7/jdk.internal.reflect.DelegatingMethodAccessorImpl.invoke(DelegatingMethodAccessorImpl.java:43)
	at java.base@17.0.7/java.lang.reflect.Method.invoke(Method.java:568)
	at org.gradle.internal.dispatch.ReflectionDispatch.dispatch(ReflectionDispatch.java:36)
	at org.gradle.internal.dispatch.ReflectionDispatch.dispatch(ReflectionDispatch.java:24)
	at org.gradle.internal.dispatch.ContextClassLoaderDispatch.dispatch(ContextClassLoaderDispatch.java:33)
	at org.gradle.internal.dispatch.ProxyDispatchAdapter$DispatchingInvocationHandler.invoke(ProxyDispatchAdapter.java:94)
	at jdk.proxy2/jdk.proxy2.$Proxy5.stop(Unknown Source)
	at org.gradle.api.internal.tasks.testing.worker.TestWorker$3.run(TestWorker.java:193)
	at org.gradle.api.internal.tasks.testing.worker.TestWorker.executeAndMaintainThreadName(TestWorker.java:129)
	at org.gradle.api.internal.tasks.testing.worker.TestWorker.execute(TestWorker.java:100)
	at org.gradle.api.internal.tasks.testing.worker.TestWorker.execute(TestWorker.java:60)
	at org.gradle.process.internal.worker.child.ActionExecutionWorker.execute(ActionExecutionWorker.java:56)
	at org.gradle.process.internal.worker.child.SystemApplicationClassLoaderWorker.call(SystemApplicationClassLoaderWorker.java:113)
	at org.gradle.process.internal.worker.child.SystemApplicationClassLoaderWorker.call(SystemApplicationClassLoaderWorker.java:65)
	at app//worker.org.gradle.process.internal.worker.GradleWorkerMain.run(GradleWorkerMain.java:69)
	at app//worker.org.gradle.process.internal.worker.GradleWorkerMain.main(GradleWorkerMain.java:74)
Caused by: JavaBuildingExceptions{issues=[JavaBuildingIssue{node=super.$prepare()range=Optional.empty, message='Unsupported element detected given by Java Parser: MethodCallExpr. Please extend the KeY-Java-Hierarchy'}]}
	at app//de.uka.ilkd.key.java.JP2KeYVisitor.reportError(JP2KeYConverter.java:119)
	at app//de.uka.ilkd.key.java.JP2KeYVisitor.reportUnsupportedElement(JP2KeYConverter.java:123)
	at app//de.uka.ilkd.key.java.JP2KeYVisitor.visit(JP2KeYConverter.java:708)
	at app//de.uka.ilkd.key.java.JP2KeYVisitor.visit(JP2KeYConverter.java:91)
	at app//com.github.javaparser.ast.expr.MethodCallExpr.accept(MethodCallExpr.java:116)
	at app//de.uka.ilkd.key.java.JP2KeYVisitor.accept(JP2KeYConverter.java:374)
	at app//de.uka.ilkd.key.java.JP2KeYVisitor.visit(JP2KeYConverter.java:541)
	at app//de.uka.ilkd.key.java.JP2KeYVisitor.visit(JP2KeYConverter.java:91)
	at app//com.github.javaparser.ast.stmt.ExpressionStmt.accept(ExpressionStmt.java:71)
	at app//de.uka.ilkd.key.java.JP2KeYVisitor.map(JP2KeYConverter.java:430)
	at app//de.uka.ilkd.key.java.JP2KeYVisitor.visit(JP2KeYConverter.java:279)
	at app//de.uka.ilkd.key.java.JP2KeYVisitor.visit(JP2KeYConverter.java:91)
	at app//com.github.javaparser.ast.stmt.BlockStmt.accept(BlockStmt.java:70)
	at app//de.uka.ilkd.key.java.JP2KeYVisitor.accept(JP2KeYConverter.java:374)
	at app//de.uka.ilkd.key.java.JP2KeYVisitor.accepto(JP2KeYConverter.java:447)
	at app//de.uka.ilkd.key.java.JP2KeYVisitor.visit(JP2KeYConverter.java:737)
	at app//de.uka.ilkd.key.java.JP2KeYVisitor.visit(JP2KeYConverter.java:91)
	at app//com.github.javaparser.ast.body.MethodDeclaration.accept(MethodDeclaration.java:98)
	at app//de.uka.ilkd.key.java.JP2KeYVisitor.map(JP2KeYConverter.java:430)
	at app//de.uka.ilkd.key.java.JP2KeYVisitor.visit(JP2KeYConverter.java:331)
	at app//de.uka.ilkd.key.java.JP2KeYVisitor.visit(JP2KeYConverter.java:91)
	at app//com.github.javaparser.ast.body.ClassOrInterfaceDeclaration.accept(ClassOrInterfaceDeclaration.java:95)
	at app//de.uka.ilkd.key.java.JP2KeYVisitor.map(JP2KeYConverter.java:430)
	at app//de.uka.ilkd.key.java.JP2KeYVisitor.visit(JP2KeYConverter.java:419)
	at app//de.uka.ilkd.key.java.JP2KeYVisitor.visit(JP2KeYConverter.java:91)
	at app//com.github.javaparser.ast.CompilationUnit.accept(CompilationUnit.java:124)
	at app//de.uka.ilkd.key.java.JP2KeYConverter.process(JP2KeYConverter.java:85)
	at app//de.uka.ilkd.key.java.JP2KeYConverter.processCompilationUnit(JP2KeYConverter.java:81)
	at app//de.uka.ilkd.key.java.JavaService.parseLibraryClasses0(JavaService.java:545)
	at app//de.uka.ilkd.key.java.JavaService.parseSpecialClasses(JavaService.java:520)
	at app//de.uka.ilkd.key.java.JavaService.recoderCompilationUnitsAsFiles(JavaService.java:177)
	at app//de.uka.ilkd.key.java.JavaService.readCompilationUnitsAsFiles(JavaService.java:153)
	at app//de.uka.ilkd.key.proof.init.ProblemInitializer.readJava(ProblemInitializer.java:277)
	at app//de.uka.ilkd.key.proof.init.ProblemInitializer.prepare(ProblemInitializer.java:529)
	at app//de.uka.ilkd.key.proof.init.ProblemInitializer.prepare(ProblemInitializer.java:471)
	at app//de.uka.ilkd.key.proof.io.AbstractProblemLoader.createInitConfig(AbstractProblemLoader.java:557)
	at app//de.uka.ilkd.key.proof.io.AbstractProblemLoader.loadEnvironment(AbstractProblemLoader.java:317)
	at app//de.uka.ilkd.key.proof.io.AbstractProblemLoader.load(AbstractProblemLoader.java:275)
	at app//de.uka.ilkd.key.proof.io.AbstractProblemLoader.load(AbstractProblemLoader.java:257)
	at app//de.uka.ilkd.key.control.AbstractUserInterfaceControl.load(AbstractUserInterfaceControl.java:212)
	... 91 more
</failure>
  </testcase>
  <testcase name="testGetTermLabelManager()" classname="de.uka.ilkd.key.logic.TestTermLabelManager" time="0.0"/>
  <testcase name="testInstantiateLabels_applicationTermPolicies()" classname="de.uka.ilkd.key.logic.TestTermLabelManager" time="0.139">
    <failure message="org.opentest4j.AssertionFailedError: Unexpected exception thrown: de.uka.ilkd.key.proof.io.ProblemLoaderException: JavaBuildingIssue{node=super.$prepare()range=Optional.empty, message='Unsupported element detected given by Java Parser: MethodCallExpr. Please extend the KeY-Java-Hierarchy'}" type="org.opentest4j.AssertionFailedError">org.opentest4j.AssertionFailedError: Unexpected exception thrown: de.uka.ilkd.key.proof.io.ProblemLoaderException: JavaBuildingIssue{node=super.$prepare()range=Optional.empty, message='Unsupported element detected given by Java Parser: MethodCallExpr. Please extend the KeY-Java-Hierarchy'}
	at app//org.junit.jupiter.api.AssertionFailureBuilder.build(AssertionFailureBuilder.java:152)
	at app//org.junit.jupiter.api.AssertDoesNotThrow.createAssertionFailedError(AssertDoesNotThrow.java:84)
	at app//org.junit.jupiter.api.AssertDoesNotThrow.assertDoesNotThrow(AssertDoesNotThrow.java:75)
	at app//org.junit.jupiter.api.AssertDoesNotThrow.assertDoesNotThrow(AssertDoesNotThrow.java:58)
	at app//org.junit.jupiter.api.Assertions.assertDoesNotThrow(Assertions.java:3196)
	at app//de.uka.ilkd.key.logic.TestTermLabelManager.testInstantiateLabels_applicationTermPolicies(TestTermLabelManager.java:446)
	at java.base@17.0.7/jdk.internal.reflect.NativeMethodAccessorImpl.invoke0(Native Method)
	at java.base@17.0.7/jdk.internal.reflect.NativeMethodAccessorImpl.invoke(NativeMethodAccessorImpl.java:77)
	at java.base@17.0.7/jdk.internal.reflect.DelegatingMethodAccessorImpl.invoke(DelegatingMethodAccessorImpl.java:43)
	at java.base@17.0.7/java.lang.reflect.Method.invoke(Method.java:568)
	at app//org.junit.platform.commons.util.ReflectionUtils.invokeMethod(ReflectionUtils.java:727)
	at app//org.junit.jupiter.engine.execution.MethodInvocation.proceed(MethodInvocation.java:60)
	at app//org.junit.jupiter.engine.execution.InvocationInterceptorChain$ValidatingInvocation.proceed(InvocationInterceptorChain.java:131)
	at app//org.junit.jupiter.engine.extension.TimeoutExtension.intercept(TimeoutExtension.java:156)
	at app//org.junit.jupiter.engine.extension.TimeoutExtension.interceptTestableMethod(TimeoutExtension.java:147)
	at app//org.junit.jupiter.engine.extension.TimeoutExtension.interceptTestMethod(TimeoutExtension.java:86)
	at app//org.junit.jupiter.engine.execution.InterceptingExecutableInvoker$ReflectiveInterceptorCall.lambda$ofVoidMethod$0(InterceptingExecutableInvoker.java:103)
	at app//org.junit.jupiter.engine.execution.InterceptingExecutableInvoker.lambda$invoke$0(InterceptingExecutableInvoker.java:93)
	at app//org.junit.jupiter.engine.execution.InvocationInterceptorChain$InterceptedInvocation.proceed(InvocationInterceptorChain.java:106)
	at app//org.junit.jupiter.engine.execution.InvocationInterceptorChain.proceed(InvocationInterceptorChain.java:64)
	at app//org.junit.jupiter.engine.execution.InvocationInterceptorChain.chainAndInvoke(InvocationInterceptorChain.java:45)
	at app//org.junit.jupiter.engine.execution.InvocationInterceptorChain.invoke(InvocationInterceptorChain.java:37)
	at app//org.junit.jupiter.engine.execution.InterceptingExecutableInvoker.invoke(InterceptingExecutableInvoker.java:92)
	at app//org.junit.jupiter.engine.execution.InterceptingExecutableInvoker.invoke(InterceptingExecutableInvoker.java:86)
	at app//org.junit.jupiter.engine.descriptor.TestMethodTestDescriptor.lambda$invokeTestMethod$7(TestMethodTestDescriptor.java:217)
	at app//org.junit.platform.engine.support.hierarchical.ThrowableCollector.execute(ThrowableCollector.java:73)
	at app//org.junit.jupiter.engine.descriptor.TestMethodTestDescriptor.invokeTestMethod(TestMethodTestDescriptor.java:213)
	at app//org.junit.jupiter.engine.descriptor.TestMethodTestDescriptor.execute(TestMethodTestDescriptor.java:138)
	at app//org.junit.jupiter.engine.descriptor.TestMethodTestDescriptor.execute(TestMethodTestDescriptor.java:68)
	at app//org.junit.platform.engine.support.hierarchical.NodeTestTask.lambda$executeRecursively$6(NodeTestTask.java:151)
	at app//org.junit.platform.engine.support.hierarchical.ThrowableCollector.execute(ThrowableCollector.java:73)
	at app//org.junit.platform.engine.support.hierarchical.NodeTestTask.lambda$executeRecursively$8(NodeTestTask.java:141)
	at app//org.junit.platform.engine.support.hierarchical.Node.around(Node.java:137)
	at app//org.junit.platform.engine.support.hierarchical.NodeTestTask.lambda$executeRecursively$9(NodeTestTask.java:139)
	at app//org.junit.platform.engine.support.hierarchical.ThrowableCollector.execute(ThrowableCollector.java:73)
	at app//org.junit.platform.engine.support.hierarchical.NodeTestTask.executeRecursively(NodeTestTask.java:138)
	at app//org.junit.platform.engine.support.hierarchical.NodeTestTask.execute(NodeTestTask.java:95)
	at java.base@17.0.7/java.util.ArrayList.forEach(ArrayList.java:1511)
	at app//org.junit.platform.engine.support.hierarchical.SameThreadHierarchicalTestExecutorService.invokeAll(SameThreadHierarchicalTestExecutorService.java:41)
	at app//org.junit.platform.engine.support.hierarchical.NodeTestTask.lambda$executeRecursively$6(NodeTestTask.java:155)
	at app//org.junit.platform.engine.support.hierarchical.ThrowableCollector.execute(ThrowableCollector.java:73)
	at app//org.junit.platform.engine.support.hierarchical.NodeTestTask.lambda$executeRecursively$8(NodeTestTask.java:141)
	at app//org.junit.platform.engine.support.hierarchical.Node.around(Node.java:137)
	at app//org.junit.platform.engine.support.hierarchical.NodeTestTask.lambda$executeRecursively$9(NodeTestTask.java:139)
	at app//org.junit.platform.engine.support.hierarchical.ThrowableCollector.execute(ThrowableCollector.java:73)
	at app//org.junit.platform.engine.support.hierarchical.NodeTestTask.executeRecursively(NodeTestTask.java:138)
	at app//org.junit.platform.engine.support.hierarchical.NodeTestTask.execute(NodeTestTask.java:95)
	at java.base@17.0.7/java.util.ArrayList.forEach(ArrayList.java:1511)
	at app//org.junit.platform.engine.support.hierarchical.SameThreadHierarchicalTestExecutorService.invokeAll(SameThreadHierarchicalTestExecutorService.java:41)
	at app//org.junit.platform.engine.support.hierarchical.NodeTestTask.lambda$executeRecursively$6(NodeTestTask.java:155)
	at app//org.junit.platform.engine.support.hierarchical.ThrowableCollector.execute(ThrowableCollector.java:73)
	at app//org.junit.platform.engine.support.hierarchical.NodeTestTask.lambda$executeRecursively$8(NodeTestTask.java:141)
	at app//org.junit.platform.engine.support.hierarchical.Node.around(Node.java:137)
	at app//org.junit.platform.engine.support.hierarchical.NodeTestTask.lambda$executeRecursively$9(NodeTestTask.java:139)
	at app//org.junit.platform.engine.support.hierarchical.ThrowableCollector.execute(ThrowableCollector.java:73)
	at app//org.junit.platform.engine.support.hierarchical.NodeTestTask.executeRecursively(NodeTestTask.java:138)
	at app//org.junit.platform.engine.support.hierarchical.NodeTestTask.execute(NodeTestTask.java:95)
	at app//org.junit.platform.engine.support.hierarchical.SameThreadHierarchicalTestExecutorService.submit(SameThreadHierarchicalTestExecutorService.java:35)
	at app//org.junit.platform.engine.support.hierarchical.HierarchicalTestExecutor.execute(HierarchicalTestExecutor.java:57)
	at app//org.junit.platform.engine.support.hierarchical.HierarchicalTestEngine.execute(HierarchicalTestEngine.java:54)
	at app//org.junit.platform.launcher.core.EngineExecutionOrchestrator.execute(EngineExecutionOrchestrator.java:107)
	at app//org.junit.platform.launcher.core.EngineExecutionOrchestrator.execute(EngineExecutionOrchestrator.java:88)
	at app//org.junit.platform.launcher.core.EngineExecutionOrchestrator.lambda$execute$0(EngineExecutionOrchestrator.java:54)
	at app//org.junit.platform.launcher.core.EngineExecutionOrchestrator.withInterceptedStreams(EngineExecutionOrchestrator.java:67)
	at app//org.junit.platform.launcher.core.EngineExecutionOrchestrator.execute(EngineExecutionOrchestrator.java:52)
	at app//org.junit.platform.launcher.core.DefaultLauncher.execute(DefaultLauncher.java:114)
	at app//org.junit.platform.launcher.core.DefaultLauncher.execute(DefaultLauncher.java:86)
	at app//org.junit.platform.launcher.core.DefaultLauncherSession$DelegatingLauncher.execute(DefaultLauncherSession.java:86)
	at org.gradle.api.internal.tasks.testing.junitplatform.JUnitPlatformTestClassProcessor$CollectAllTestClassesExecutor.processAllTestClasses(JUnitPlatformTestClassProcessor.java:110)
	at org.gradle.api.internal.tasks.testing.junitplatform.JUnitPlatformTestClassProcessor$CollectAllTestClassesExecutor.access$000(JUnitPlatformTestClassProcessor.java:90)
	at org.gradle.api.internal.tasks.testing.junitplatform.JUnitPlatformTestClassProcessor.stop(JUnitPlatformTestClassProcessor.java:85)
	at org.gradle.api.internal.tasks.testing.SuiteTestClassProcessor.stop(SuiteTestClassProcessor.java:62)
	at java.base@17.0.7/jdk.internal.reflect.NativeMethodAccessorImpl.invoke0(Native Method)
	at java.base@17.0.7/jdk.internal.reflect.NativeMethodAccessorImpl.invoke(NativeMethodAccessorImpl.java:77)
	at java.base@17.0.7/jdk.internal.reflect.DelegatingMethodAccessorImpl.invoke(DelegatingMethodAccessorImpl.java:43)
	at java.base@17.0.7/java.lang.reflect.Method.invoke(Method.java:568)
	at org.gradle.internal.dispatch.ReflectionDispatch.dispatch(ReflectionDispatch.java:36)
	at org.gradle.internal.dispatch.ReflectionDispatch.dispatch(ReflectionDispatch.java:24)
	at org.gradle.internal.dispatch.ContextClassLoaderDispatch.dispatch(ContextClassLoaderDispatch.java:33)
	at org.gradle.internal.dispatch.ProxyDispatchAdapter$DispatchingInvocationHandler.invoke(ProxyDispatchAdapter.java:94)
	at jdk.proxy2/jdk.proxy2.$Proxy5.stop(Unknown Source)
	at org.gradle.api.internal.tasks.testing.worker.TestWorker$3.run(TestWorker.java:193)
	at org.gradle.api.internal.tasks.testing.worker.TestWorker.executeAndMaintainThreadName(TestWorker.java:129)
	at org.gradle.api.internal.tasks.testing.worker.TestWorker.execute(TestWorker.java:100)
	at org.gradle.api.internal.tasks.testing.worker.TestWorker.execute(TestWorker.java:60)
	at org.gradle.process.internal.worker.child.ActionExecutionWorker.execute(ActionExecutionWorker.java:56)
	at org.gradle.process.internal.worker.child.SystemApplicationClassLoaderWorker.call(SystemApplicationClassLoaderWorker.java:113)
	at org.gradle.process.internal.worker.child.SystemApplicationClassLoaderWorker.call(SystemApplicationClassLoaderWorker.java:65)
	at app//worker.org.gradle.process.internal.worker.GradleWorkerMain.run(GradleWorkerMain.java:69)
	at app//worker.org.gradle.process.internal.worker.GradleWorkerMain.main(GradleWorkerMain.java:74)
Caused by: JavaBuildingIssue{node=super.$prepare()range=Optional.empty, message='Unsupported element detected given by Java Parser: MethodCallExpr. Please extend the KeY-Java-Hierarchy'} (file: src/test/resources/testcase/termLabels/flatSteps/FlatSteps.java; caused by: JavaBuildingExceptions{issues=[JavaBuildingIssue{node=super.$prepare()range=Optional.empty, message='Unsupported element detected given by Java Parser: MethodCallExpr. Please extend the KeY-Java-Hierarchy'}]})
	at app//de.uka.ilkd.key.control.AbstractUserInterfaceControl.load(AbstractUserInterfaceControl.java:225)
	at app//de.uka.ilkd.key.control.KeYEnvironment.load(KeYEnvironment.java:282)
	at app//de.uka.ilkd.key.control.KeYEnvironment.load(KeYEnvironment.java:251)
	at app//de.uka.ilkd.key.control.KeYEnvironment.load(KeYEnvironment.java:225)
	at app//de.uka.ilkd.key.control.KeYEnvironment.load(KeYEnvironment.java:185)
	at app//de.uka.ilkd.key.logic.TestTermLabelManager.createTestServices(TestTermLabelManager.java:584)
	at app//de.uka.ilkd.key.logic.TestTermLabelManager.lambda$testInstantiateLabels_applicationTermPolicies$6(TestTermLabelManager.java:447)
	at app//org.junit.jupiter.api.AssertDoesNotThrow.assertDoesNotThrow(AssertDoesNotThrow.java:71)
	... 87 more
Caused by: JavaBuildingExceptions{issues=[JavaBuildingIssue{node=super.$prepare()range=Optional.empty, message='Unsupported element detected given by Java Parser: MethodCallExpr. Please extend the KeY-Java-Hierarchy'}]}
	at app//de.uka.ilkd.key.java.JP2KeYVisitor.reportError(JP2KeYConverter.java:119)
	at app//de.uka.ilkd.key.java.JP2KeYVisitor.reportUnsupportedElement(JP2KeYConverter.java:123)
	at app//de.uka.ilkd.key.java.JP2KeYVisitor.visit(JP2KeYConverter.java:708)
	at app//de.uka.ilkd.key.java.JP2KeYVisitor.visit(JP2KeYConverter.java:91)
	at app//com.github.javaparser.ast.expr.MethodCallExpr.accept(MethodCallExpr.java:116)
	at app//de.uka.ilkd.key.java.JP2KeYVisitor.accept(JP2KeYConverter.java:374)
	at app//de.uka.ilkd.key.java.JP2KeYVisitor.visit(JP2KeYConverter.java:541)
	at app//de.uka.ilkd.key.java.JP2KeYVisitor.visit(JP2KeYConverter.java:91)
	at app//com.github.javaparser.ast.stmt.ExpressionStmt.accept(ExpressionStmt.java:71)
	at app//de.uka.ilkd.key.java.JP2KeYVisitor.map(JP2KeYConverter.java:430)
	at app//de.uka.ilkd.key.java.JP2KeYVisitor.visit(JP2KeYConverter.java:279)
	at app//de.uka.ilkd.key.java.JP2KeYVisitor.visit(JP2KeYConverter.java:91)
	at app//com.github.javaparser.ast.stmt.BlockStmt.accept(BlockStmt.java:70)
	at app//de.uka.ilkd.key.java.JP2KeYVisitor.accept(JP2KeYConverter.java:374)
	at app//de.uka.ilkd.key.java.JP2KeYVisitor.accepto(JP2KeYConverter.java:447)
	at app//de.uka.ilkd.key.java.JP2KeYVisitor.visit(JP2KeYConverter.java:737)
	at app//de.uka.ilkd.key.java.JP2KeYVisitor.visit(JP2KeYConverter.java:91)
	at app//com.github.javaparser.ast.body.MethodDeclaration.accept(MethodDeclaration.java:98)
	at app//de.uka.ilkd.key.java.JP2KeYVisitor.map(JP2KeYConverter.java:430)
	at app//de.uka.ilkd.key.java.JP2KeYVisitor.visit(JP2KeYConverter.java:331)
	at app//de.uka.ilkd.key.java.JP2KeYVisitor.visit(JP2KeYConverter.java:91)
	at app//com.github.javaparser.ast.body.ClassOrInterfaceDeclaration.accept(ClassOrInterfaceDeclaration.java:95)
	at app//de.uka.ilkd.key.java.JP2KeYVisitor.map(JP2KeYConverter.java:430)
	at app//de.uka.ilkd.key.java.JP2KeYVisitor.visit(JP2KeYConverter.java:419)
	at app//de.uka.ilkd.key.java.JP2KeYVisitor.visit(JP2KeYConverter.java:91)
	at app//com.github.javaparser.ast.CompilationUnit.accept(CompilationUnit.java:124)
	at app//de.uka.ilkd.key.java.JP2KeYConverter.process(JP2KeYConverter.java:85)
	at app//de.uka.ilkd.key.java.JP2KeYConverter.processCompilationUnit(JP2KeYConverter.java:81)
	at app//de.uka.ilkd.key.java.JavaService.parseLibraryClasses0(JavaService.java:545)
	at app//de.uka.ilkd.key.java.JavaService.parseSpecialClasses(JavaService.java:520)
	at app//de.uka.ilkd.key.java.JavaService.recoderCompilationUnitsAsFiles(JavaService.java:177)
	at app//de.uka.ilkd.key.java.JavaService.readCompilationUnitsAsFiles(JavaService.java:153)
	at app//de.uka.ilkd.key.proof.init.ProblemInitializer.readJava(ProblemInitializer.java:277)
	at app//de.uka.ilkd.key.proof.init.ProblemInitializer.prepare(ProblemInitializer.java:529)
	at app//de.uka.ilkd.key.proof.init.ProblemInitializer.prepare(ProblemInitializer.java:471)
	at app//de.uka.ilkd.key.proof.io.AbstractProblemLoader.createInitConfig(AbstractProblemLoader.java:557)
	at app//de.uka.ilkd.key.proof.io.AbstractProblemLoader.loadEnvironment(AbstractProblemLoader.java:317)
	at app//de.uka.ilkd.key.proof.io.AbstractProblemLoader.load(AbstractProblemLoader.java:275)
	at app//de.uka.ilkd.key.proof.io.AbstractProblemLoader.load(AbstractProblemLoader.java:257)
	at app//de.uka.ilkd.key.control.AbstractUserInterfaceControl.load(AbstractUserInterfaceControl.java:212)
	... 94 more
</failure>
  </testcase>
  <testcase name="testInstantiateLabels_modalityTermPolicies()" classname="de.uka.ilkd.key.logic.TestTermLabelManager" time="0.26">
    <failure message="org.opentest4j.AssertionFailedError: Unexpected exception thrown: de.uka.ilkd.key.proof.io.ProblemLoaderException: JavaBuildingIssue{node=super.$prepare()range=Optional.empty, message='Unsupported element detected given by Java Parser: MethodCallExpr. Please extend the KeY-Java-Hierarchy'}" type="org.opentest4j.AssertionFailedError">org.opentest4j.AssertionFailedError: Unexpected exception thrown: de.uka.ilkd.key.proof.io.ProblemLoaderException: JavaBuildingIssue{node=super.$prepare()range=Optional.empty, message='Unsupported element detected given by Java Parser: MethodCallExpr. Please extend the KeY-Java-Hierarchy'}
	at app//org.junit.jupiter.api.AssertionFailureBuilder.build(AssertionFailureBuilder.java:152)
	at app//org.junit.jupiter.api.AssertDoesNotThrow.createAssertionFailedError(AssertDoesNotThrow.java:84)
	at app//org.junit.jupiter.api.AssertDoesNotThrow.assertDoesNotThrow(AssertDoesNotThrow.java:75)
	at app//org.junit.jupiter.api.AssertDoesNotThrow.assertDoesNotThrow(AssertDoesNotThrow.java:58)
	at app//org.junit.jupiter.api.Assertions.assertDoesNotThrow(Assertions.java:3196)
	at app//de.uka.ilkd.key.logic.TestTermLabelManager.testInstantiateLabels_modalityTermPolicies(TestTermLabelManager.java:413)
	at java.base@17.0.7/jdk.internal.reflect.NativeMethodAccessorImpl.invoke0(Native Method)
	at java.base@17.0.7/jdk.internal.reflect.NativeMethodAccessorImpl.invoke(NativeMethodAccessorImpl.java:77)
	at java.base@17.0.7/jdk.internal.reflect.DelegatingMethodAccessorImpl.invoke(DelegatingMethodAccessorImpl.java:43)
	at java.base@17.0.7/java.lang.reflect.Method.invoke(Method.java:568)
	at app//org.junit.platform.commons.util.ReflectionUtils.invokeMethod(ReflectionUtils.java:727)
	at app//org.junit.jupiter.engine.execution.MethodInvocation.proceed(MethodInvocation.java:60)
	at app//org.junit.jupiter.engine.execution.InvocationInterceptorChain$ValidatingInvocation.proceed(InvocationInterceptorChain.java:131)
	at app//org.junit.jupiter.engine.extension.TimeoutExtension.intercept(TimeoutExtension.java:156)
	at app//org.junit.jupiter.engine.extension.TimeoutExtension.interceptTestableMethod(TimeoutExtension.java:147)
	at app//org.junit.jupiter.engine.extension.TimeoutExtension.interceptTestMethod(TimeoutExtension.java:86)
	at app//org.junit.jupiter.engine.execution.InterceptingExecutableInvoker$ReflectiveInterceptorCall.lambda$ofVoidMethod$0(InterceptingExecutableInvoker.java:103)
	at app//org.junit.jupiter.engine.execution.InterceptingExecutableInvoker.lambda$invoke$0(InterceptingExecutableInvoker.java:93)
	at app//org.junit.jupiter.engine.execution.InvocationInterceptorChain$InterceptedInvocation.proceed(InvocationInterceptorChain.java:106)
	at app//org.junit.jupiter.engine.execution.InvocationInterceptorChain.proceed(InvocationInterceptorChain.java:64)
	at app//org.junit.jupiter.engine.execution.InvocationInterceptorChain.chainAndInvoke(InvocationInterceptorChain.java:45)
	at app//org.junit.jupiter.engine.execution.InvocationInterceptorChain.invoke(InvocationInterceptorChain.java:37)
	at app//org.junit.jupiter.engine.execution.InterceptingExecutableInvoker.invoke(InterceptingExecutableInvoker.java:92)
	at app//org.junit.jupiter.engine.execution.InterceptingExecutableInvoker.invoke(InterceptingExecutableInvoker.java:86)
	at app//org.junit.jupiter.engine.descriptor.TestMethodTestDescriptor.lambda$invokeTestMethod$7(TestMethodTestDescriptor.java:217)
	at app//org.junit.platform.engine.support.hierarchical.ThrowableCollector.execute(ThrowableCollector.java:73)
	at app//org.junit.jupiter.engine.descriptor.TestMethodTestDescriptor.invokeTestMethod(TestMethodTestDescriptor.java:213)
	at app//org.junit.jupiter.engine.descriptor.TestMethodTestDescriptor.execute(TestMethodTestDescriptor.java:138)
	at app//org.junit.jupiter.engine.descriptor.TestMethodTestDescriptor.execute(TestMethodTestDescriptor.java:68)
	at app//org.junit.platform.engine.support.hierarchical.NodeTestTask.lambda$executeRecursively$6(NodeTestTask.java:151)
	at app//org.junit.platform.engine.support.hierarchical.ThrowableCollector.execute(ThrowableCollector.java:73)
	at app//org.junit.platform.engine.support.hierarchical.NodeTestTask.lambda$executeRecursively$8(NodeTestTask.java:141)
	at app//org.junit.platform.engine.support.hierarchical.Node.around(Node.java:137)
	at app//org.junit.platform.engine.support.hierarchical.NodeTestTask.lambda$executeRecursively$9(NodeTestTask.java:139)
	at app//org.junit.platform.engine.support.hierarchical.ThrowableCollector.execute(ThrowableCollector.java:73)
	at app//org.junit.platform.engine.support.hierarchical.NodeTestTask.executeRecursively(NodeTestTask.java:138)
	at app//org.junit.platform.engine.support.hierarchical.NodeTestTask.execute(NodeTestTask.java:95)
	at java.base@17.0.7/java.util.ArrayList.forEach(ArrayList.java:1511)
	at app//org.junit.platform.engine.support.hierarchical.SameThreadHierarchicalTestExecutorService.invokeAll(SameThreadHierarchicalTestExecutorService.java:41)
	at app//org.junit.platform.engine.support.hierarchical.NodeTestTask.lambda$executeRecursively$6(NodeTestTask.java:155)
	at app//org.junit.platform.engine.support.hierarchical.ThrowableCollector.execute(ThrowableCollector.java:73)
	at app//org.junit.platform.engine.support.hierarchical.NodeTestTask.lambda$executeRecursively$8(NodeTestTask.java:141)
	at app//org.junit.platform.engine.support.hierarchical.Node.around(Node.java:137)
	at app//org.junit.platform.engine.support.hierarchical.NodeTestTask.lambda$executeRecursively$9(NodeTestTask.java:139)
	at app//org.junit.platform.engine.support.hierarchical.ThrowableCollector.execute(ThrowableCollector.java:73)
	at app//org.junit.platform.engine.support.hierarchical.NodeTestTask.executeRecursively(NodeTestTask.java:138)
	at app//org.junit.platform.engine.support.hierarchical.NodeTestTask.execute(NodeTestTask.java:95)
	at java.base@17.0.7/java.util.ArrayList.forEach(ArrayList.java:1511)
	at app//org.junit.platform.engine.support.hierarchical.SameThreadHierarchicalTestExecutorService.invokeAll(SameThreadHierarchicalTestExecutorService.java:41)
	at app//org.junit.platform.engine.support.hierarchical.NodeTestTask.lambda$executeRecursively$6(NodeTestTask.java:155)
	at app//org.junit.platform.engine.support.hierarchical.ThrowableCollector.execute(ThrowableCollector.java:73)
	at app//org.junit.platform.engine.support.hierarchical.NodeTestTask.lambda$executeRecursively$8(NodeTestTask.java:141)
	at app//org.junit.platform.engine.support.hierarchical.Node.around(Node.java:137)
	at app//org.junit.platform.engine.support.hierarchical.NodeTestTask.lambda$executeRecursively$9(NodeTestTask.java:139)
	at app//org.junit.platform.engine.support.hierarchical.ThrowableCollector.execute(ThrowableCollector.java:73)
	at app//org.junit.platform.engine.support.hierarchical.NodeTestTask.executeRecursively(NodeTestTask.java:138)
	at app//org.junit.platform.engine.support.hierarchical.NodeTestTask.execute(NodeTestTask.java:95)
	at app//org.junit.platform.engine.support.hierarchical.SameThreadHierarchicalTestExecutorService.submit(SameThreadHierarchicalTestExecutorService.java:35)
	at app//org.junit.platform.engine.support.hierarchical.HierarchicalTestExecutor.execute(HierarchicalTestExecutor.java:57)
	at app//org.junit.platform.engine.support.hierarchical.HierarchicalTestEngine.execute(HierarchicalTestEngine.java:54)
	at app//org.junit.platform.launcher.core.EngineExecutionOrchestrator.execute(EngineExecutionOrchestrator.java:107)
	at app//org.junit.platform.launcher.core.EngineExecutionOrchestrator.execute(EngineExecutionOrchestrator.java:88)
	at app//org.junit.platform.launcher.core.EngineExecutionOrchestrator.lambda$execute$0(EngineExecutionOrchestrator.java:54)
	at app//org.junit.platform.launcher.core.EngineExecutionOrchestrator.withInterceptedStreams(EngineExecutionOrchestrator.java:67)
	at app//org.junit.platform.launcher.core.EngineExecutionOrchestrator.execute(EngineExecutionOrchestrator.java:52)
	at app//org.junit.platform.launcher.core.DefaultLauncher.execute(DefaultLauncher.java:114)
	at app//org.junit.platform.launcher.core.DefaultLauncher.execute(DefaultLauncher.java:86)
	at app//org.junit.platform.launcher.core.DefaultLauncherSession$DelegatingLauncher.execute(DefaultLauncherSession.java:86)
	at org.gradle.api.internal.tasks.testing.junitplatform.JUnitPlatformTestClassProcessor$CollectAllTestClassesExecutor.processAllTestClasses(JUnitPlatformTestClassProcessor.java:110)
	at org.gradle.api.internal.tasks.testing.junitplatform.JUnitPlatformTestClassProcessor$CollectAllTestClassesExecutor.access$000(JUnitPlatformTestClassProcessor.java:90)
	at org.gradle.api.internal.tasks.testing.junitplatform.JUnitPlatformTestClassProcessor.stop(JUnitPlatformTestClassProcessor.java:85)
	at org.gradle.api.internal.tasks.testing.SuiteTestClassProcessor.stop(SuiteTestClassProcessor.java:62)
	at java.base@17.0.7/jdk.internal.reflect.NativeMethodAccessorImpl.invoke0(Native Method)
	at java.base@17.0.7/jdk.internal.reflect.NativeMethodAccessorImpl.invoke(NativeMethodAccessorImpl.java:77)
	at java.base@17.0.7/jdk.internal.reflect.DelegatingMethodAccessorImpl.invoke(DelegatingMethodAccessorImpl.java:43)
	at java.base@17.0.7/java.lang.reflect.Method.invoke(Method.java:568)
	at org.gradle.internal.dispatch.ReflectionDispatch.dispatch(ReflectionDispatch.java:36)
	at org.gradle.internal.dispatch.ReflectionDispatch.dispatch(ReflectionDispatch.java:24)
	at org.gradle.internal.dispatch.ContextClassLoaderDispatch.dispatch(ContextClassLoaderDispatch.java:33)
	at org.gradle.internal.dispatch.ProxyDispatchAdapter$DispatchingInvocationHandler.invoke(ProxyDispatchAdapter.java:94)
	at jdk.proxy2/jdk.proxy2.$Proxy5.stop(Unknown Source)
	at org.gradle.api.internal.tasks.testing.worker.TestWorker$3.run(TestWorker.java:193)
	at org.gradle.api.internal.tasks.testing.worker.TestWorker.executeAndMaintainThreadName(TestWorker.java:129)
	at org.gradle.api.internal.tasks.testing.worker.TestWorker.execute(TestWorker.java:100)
	at org.gradle.api.internal.tasks.testing.worker.TestWorker.execute(TestWorker.java:60)
	at org.gradle.process.internal.worker.child.ActionExecutionWorker.execute(ActionExecutionWorker.java:56)
	at org.gradle.process.internal.worker.child.SystemApplicationClassLoaderWorker.call(SystemApplicationClassLoaderWorker.java:113)
	at org.gradle.process.internal.worker.child.SystemApplicationClassLoaderWorker.call(SystemApplicationClassLoaderWorker.java:65)
	at app//worker.org.gradle.process.internal.worker.GradleWorkerMain.run(GradleWorkerMain.java:69)
	at app//worker.org.gradle.process.internal.worker.GradleWorkerMain.main(GradleWorkerMain.java:74)
Caused by: JavaBuildingIssue{node=super.$prepare()range=Optional.empty, message='Unsupported element detected given by Java Parser: MethodCallExpr. Please extend the KeY-Java-Hierarchy'} (file: src/test/resources/testcase/termLabels/flatSteps/FlatSteps.java; caused by: JavaBuildingExceptions{issues=[JavaBuildingIssue{node=super.$prepare()range=Optional.empty, message='Unsupported element detected given by Java Parser: MethodCallExpr. Please extend the KeY-Java-Hierarchy'}]})
	at app//de.uka.ilkd.key.control.AbstractUserInterfaceControl.load(AbstractUserInterfaceControl.java:225)
	at app//de.uka.ilkd.key.control.KeYEnvironment.load(KeYEnvironment.java:282)
	at app//de.uka.ilkd.key.control.KeYEnvironment.load(KeYEnvironment.java:251)
	at app//de.uka.ilkd.key.control.KeYEnvironment.load(KeYEnvironment.java:225)
	at app//de.uka.ilkd.key.control.KeYEnvironment.load(KeYEnvironment.java:185)
	at app//de.uka.ilkd.key.logic.TestTermLabelManager.createTestServices(TestTermLabelManager.java:584)
	at app//de.uka.ilkd.key.logic.TestTermLabelManager.lambda$testInstantiateLabels_modalityTermPolicies$5(TestTermLabelManager.java:414)
	at app//org.junit.jupiter.api.AssertDoesNotThrow.assertDoesNotThrow(AssertDoesNotThrow.java:71)
	... 87 more
Caused by: JavaBuildingExceptions{issues=[JavaBuildingIssue{node=super.$prepare()range=Optional.empty, message='Unsupported element detected given by Java Parser: MethodCallExpr. Please extend the KeY-Java-Hierarchy'}]}
	at app//de.uka.ilkd.key.java.JP2KeYVisitor.reportError(JP2KeYConverter.java:119)
	at app//de.uka.ilkd.key.java.JP2KeYVisitor.reportUnsupportedElement(JP2KeYConverter.java:123)
	at app//de.uka.ilkd.key.java.JP2KeYVisitor.visit(JP2KeYConverter.java:708)
	at app//de.uka.ilkd.key.java.JP2KeYVisitor.visit(JP2KeYConverter.java:91)
	at app//com.github.javaparser.ast.expr.MethodCallExpr.accept(MethodCallExpr.java:116)
	at app//de.uka.ilkd.key.java.JP2KeYVisitor.accept(JP2KeYConverter.java:374)
	at app//de.uka.ilkd.key.java.JP2KeYVisitor.visit(JP2KeYConverter.java:541)
	at app//de.uka.ilkd.key.java.JP2KeYVisitor.visit(JP2KeYConverter.java:91)
	at app//com.github.javaparser.ast.stmt.ExpressionStmt.accept(ExpressionStmt.java:71)
	at app//de.uka.ilkd.key.java.JP2KeYVisitor.map(JP2KeYConverter.java:430)
	at app//de.uka.ilkd.key.java.JP2KeYVisitor.visit(JP2KeYConverter.java:279)
	at app//de.uka.ilkd.key.java.JP2KeYVisitor.visit(JP2KeYConverter.java:91)
	at app//com.github.javaparser.ast.stmt.BlockStmt.accept(BlockStmt.java:70)
	at app//de.uka.ilkd.key.java.JP2KeYVisitor.accept(JP2KeYConverter.java:374)
	at app//de.uka.ilkd.key.java.JP2KeYVisitor.accepto(JP2KeYConverter.java:447)
	at app//de.uka.ilkd.key.java.JP2KeYVisitor.visit(JP2KeYConverter.java:737)
	at app//de.uka.ilkd.key.java.JP2KeYVisitor.visit(JP2KeYConverter.java:91)
	at app//com.github.javaparser.ast.body.MethodDeclaration.accept(MethodDeclaration.java:98)
	at app//de.uka.ilkd.key.java.JP2KeYVisitor.map(JP2KeYConverter.java:430)
	at app//de.uka.ilkd.key.java.JP2KeYVisitor.visit(JP2KeYConverter.java:331)
	at app//de.uka.ilkd.key.java.JP2KeYVisitor.visit(JP2KeYConverter.java:91)
	at app//com.github.javaparser.ast.body.ClassOrInterfaceDeclaration.accept(ClassOrInterfaceDeclaration.java:95)
	at app//de.uka.ilkd.key.java.JP2KeYVisitor.map(JP2KeYConverter.java:430)
	at app//de.uka.ilkd.key.java.JP2KeYVisitor.visit(JP2KeYConverter.java:419)
	at app//de.uka.ilkd.key.java.JP2KeYVisitor.visit(JP2KeYConverter.java:91)
	at app//com.github.javaparser.ast.CompilationUnit.accept(CompilationUnit.java:124)
	at app//de.uka.ilkd.key.java.JP2KeYConverter.process(JP2KeYConverter.java:85)
	at app//de.uka.ilkd.key.java.JP2KeYConverter.processCompilationUnit(JP2KeYConverter.java:81)
	at app//de.uka.ilkd.key.java.JavaService.parseLibraryClasses0(JavaService.java:545)
	at app//de.uka.ilkd.key.java.JavaService.parseSpecialClasses(JavaService.java:520)
	at app//de.uka.ilkd.key.java.JavaService.recoderCompilationUnitsAsFiles(JavaService.java:177)
	at app//de.uka.ilkd.key.java.JavaService.readCompilationUnitsAsFiles(JavaService.java:153)
	at app//de.uka.ilkd.key.proof.init.ProblemInitializer.readJava(ProblemInitializer.java:277)
	at app//de.uka.ilkd.key.proof.init.ProblemInitializer.prepare(ProblemInitializer.java:529)
	at app//de.uka.ilkd.key.proof.init.ProblemInitializer.prepare(ProblemInitializer.java:471)
	at app//de.uka.ilkd.key.proof.io.AbstractProblemLoader.createInitConfig(AbstractProblemLoader.java:557)
	at app//de.uka.ilkd.key.proof.io.AbstractProblemLoader.loadEnvironment(AbstractProblemLoader.java:317)
	at app//de.uka.ilkd.key.proof.io.AbstractProblemLoader.load(AbstractProblemLoader.java:275)
	at app//de.uka.ilkd.key.proof.io.AbstractProblemLoader.load(AbstractProblemLoader.java:257)
	at app//de.uka.ilkd.key.control.AbstractUserInterfaceControl.load(AbstractUserInterfaceControl.java:212)
	... 94 more
</failure>
  </testcase>
  <testcase name="testrefactorGoal_none_allRules()" classname="de.uka.ilkd.key.logic.TestTermLabelManager" time="0.128">
    <failure message="JavaBuildingIssue{node=super.$prepare()range=Optional.empty, message='Unsupported element detected given by Java Parser: MethodCallExpr. Please extend the KeY-Java-Hierarchy'} (file: src/test/resources/testcase/termLabels/flatSteps/FlatSteps.java; caused by: JavaBuildingExceptions{issues=[JavaBuildingIssue{node=super.$prepare()range=Optional.empty, message='Unsupported element detected given by Java Parser: MethodCallExpr. Please extend the KeY-Java-Hierarchy'}]})" type="de.uka.ilkd.key.proof.io.ProblemLoaderException">JavaBuildingIssue{node=super.$prepare()range=Optional.empty, message='Unsupported element detected given by Java Parser: MethodCallExpr. Please extend the KeY-Java-Hierarchy'} (file: src/test/resources/testcase/termLabels/flatSteps/FlatSteps.java; caused by: JavaBuildingExceptions{issues=[JavaBuildingIssue{node=super.$prepare()range=Optional.empty, message='Unsupported element detected given by Java Parser: MethodCallExpr. Please extend the KeY-Java-Hierarchy'}]})
	at app//de.uka.ilkd.key.control.AbstractUserInterfaceControl.load(AbstractUserInterfaceControl.java:225)
	at app//de.uka.ilkd.key.control.KeYEnvironment.load(KeYEnvironment.java:282)
	at app//de.uka.ilkd.key.control.KeYEnvironment.load(KeYEnvironment.java:251)
	at app//de.uka.ilkd.key.control.KeYEnvironment.load(KeYEnvironment.java:225)
	at app//de.uka.ilkd.key.control.KeYEnvironment.load(KeYEnvironment.java:185)
	at app//de.uka.ilkd.key.logic.TestTermLabelManager.createTestServices(TestTermLabelManager.java:584)
	at app//de.uka.ilkd.key.logic.TestTermLabelManager.doRefactoringTestLogging(TestTermLabelManager.java:108)
	at app//de.uka.ilkd.key.logic.TestTermLabelManager.testrefactorGoal_none_allRules(TestTermLabelManager.java:77)
	at java.base@17.0.7/jdk.internal.reflect.NativeMethodAccessorImpl.invoke0(Native Method)
	at java.base@17.0.7/jdk.internal.reflect.NativeMethodAccessorImpl.invoke(NativeMethodAccessorImpl.java:77)
	at java.base@17.0.7/jdk.internal.reflect.DelegatingMethodAccessorImpl.invoke(DelegatingMethodAccessorImpl.java:43)
	at java.base@17.0.7/java.lang.reflect.Method.invoke(Method.java:568)
	at app//org.junit.platform.commons.util.ReflectionUtils.invokeMethod(ReflectionUtils.java:727)
	at app//org.junit.jupiter.engine.execution.MethodInvocation.proceed(MethodInvocation.java:60)
	at app//org.junit.jupiter.engine.execution.InvocationInterceptorChain$ValidatingInvocation.proceed(InvocationInterceptorChain.java:131)
	at app//org.junit.jupiter.engine.extension.TimeoutExtension.intercept(TimeoutExtension.java:156)
	at app//org.junit.jupiter.engine.extension.TimeoutExtension.interceptTestableMethod(TimeoutExtension.java:147)
	at app//org.junit.jupiter.engine.extension.TimeoutExtension.interceptTestMethod(TimeoutExtension.java:86)
	at app//org.junit.jupiter.engine.execution.InterceptingExecutableInvoker$ReflectiveInterceptorCall.lambda$ofVoidMethod$0(InterceptingExecutableInvoker.java:103)
	at app//org.junit.jupiter.engine.execution.InterceptingExecutableInvoker.lambda$invoke$0(InterceptingExecutableInvoker.java:93)
	at app//org.junit.jupiter.engine.execution.InvocationInterceptorChain$InterceptedInvocation.proceed(InvocationInterceptorChain.java:106)
	at app//org.junit.jupiter.engine.execution.InvocationInterceptorChain.proceed(InvocationInterceptorChain.java:64)
	at app//org.junit.jupiter.engine.execution.InvocationInterceptorChain.chainAndInvoke(InvocationInterceptorChain.java:45)
	at app//org.junit.jupiter.engine.execution.InvocationInterceptorChain.invoke(InvocationInterceptorChain.java:37)
	at app//org.junit.jupiter.engine.execution.InterceptingExecutableInvoker.invoke(InterceptingExecutableInvoker.java:92)
	at app//org.junit.jupiter.engine.execution.InterceptingExecutableInvoker.invoke(InterceptingExecutableInvoker.java:86)
	at app//org.junit.jupiter.engine.descriptor.TestMethodTestDescriptor.lambda$invokeTestMethod$7(TestMethodTestDescriptor.java:217)
	at app//org.junit.platform.engine.support.hierarchical.ThrowableCollector.execute(ThrowableCollector.java:73)
	at app//org.junit.jupiter.engine.descriptor.TestMethodTestDescriptor.invokeTestMethod(TestMethodTestDescriptor.java:213)
	at app//org.junit.jupiter.engine.descriptor.TestMethodTestDescriptor.execute(TestMethodTestDescriptor.java:138)
	at app//org.junit.jupiter.engine.descriptor.TestMethodTestDescriptor.execute(TestMethodTestDescriptor.java:68)
	at app//org.junit.platform.engine.support.hierarchical.NodeTestTask.lambda$executeRecursively$6(NodeTestTask.java:151)
	at app//org.junit.platform.engine.support.hierarchical.ThrowableCollector.execute(ThrowableCollector.java:73)
	at app//org.junit.platform.engine.support.hierarchical.NodeTestTask.lambda$executeRecursively$8(NodeTestTask.java:141)
	at app//org.junit.platform.engine.support.hierarchical.Node.around(Node.java:137)
	at app//org.junit.platform.engine.support.hierarchical.NodeTestTask.lambda$executeRecursively$9(NodeTestTask.java:139)
	at app//org.junit.platform.engine.support.hierarchical.ThrowableCollector.execute(ThrowableCollector.java:73)
	at app//org.junit.platform.engine.support.hierarchical.NodeTestTask.executeRecursively(NodeTestTask.java:138)
	at app//org.junit.platform.engine.support.hierarchical.NodeTestTask.execute(NodeTestTask.java:95)
	at java.base@17.0.7/java.util.ArrayList.forEach(ArrayList.java:1511)
	at app//org.junit.platform.engine.support.hierarchical.SameThreadHierarchicalTestExecutorService.invokeAll(SameThreadHierarchicalTestExecutorService.java:41)
	at app//org.junit.platform.engine.support.hierarchical.NodeTestTask.lambda$executeRecursively$6(NodeTestTask.java:155)
	at app//org.junit.platform.engine.support.hierarchical.ThrowableCollector.execute(ThrowableCollector.java:73)
	at app//org.junit.platform.engine.support.hierarchical.NodeTestTask.lambda$executeRecursively$8(NodeTestTask.java:141)
	at app//org.junit.platform.engine.support.hierarchical.Node.around(Node.java:137)
	at app//org.junit.platform.engine.support.hierarchical.NodeTestTask.lambda$executeRecursively$9(NodeTestTask.java:139)
	at app//org.junit.platform.engine.support.hierarchical.ThrowableCollector.execute(ThrowableCollector.java:73)
	at app//org.junit.platform.engine.support.hierarchical.NodeTestTask.executeRecursively(NodeTestTask.java:138)
	at app//org.junit.platform.engine.support.hierarchical.NodeTestTask.execute(NodeTestTask.java:95)
	at java.base@17.0.7/java.util.ArrayList.forEach(ArrayList.java:1511)
	at app//org.junit.platform.engine.support.hierarchical.SameThreadHierarchicalTestExecutorService.invokeAll(SameThreadHierarchicalTestExecutorService.java:41)
	at app//org.junit.platform.engine.support.hierarchical.NodeTestTask.lambda$executeRecursively$6(NodeTestTask.java:155)
	at app//org.junit.platform.engine.support.hierarchical.ThrowableCollector.execute(ThrowableCollector.java:73)
	at app//org.junit.platform.engine.support.hierarchical.NodeTestTask.lambda$executeRecursively$8(NodeTestTask.java:141)
	at app//org.junit.platform.engine.support.hierarchical.Node.around(Node.java:137)
	at app//org.junit.platform.engine.support.hierarchical.NodeTestTask.lambda$executeRecursively$9(NodeTestTask.java:139)
	at app//org.junit.platform.engine.support.hierarchical.ThrowableCollector.execute(ThrowableCollector.java:73)
	at app//org.junit.platform.engine.support.hierarchical.NodeTestTask.executeRecursively(NodeTestTask.java:138)
	at app//org.junit.platform.engine.support.hierarchical.NodeTestTask.execute(NodeTestTask.java:95)
	at app//org.junit.platform.engine.support.hierarchical.SameThreadHierarchicalTestExecutorService.submit(SameThreadHierarchicalTestExecutorService.java:35)
	at app//org.junit.platform.engine.support.hierarchical.HierarchicalTestExecutor.execute(HierarchicalTestExecutor.java:57)
	at app//org.junit.platform.engine.support.hierarchical.HierarchicalTestEngine.execute(HierarchicalTestEngine.java:54)
	at app//org.junit.platform.launcher.core.EngineExecutionOrchestrator.execute(EngineExecutionOrchestrator.java:107)
	at app//org.junit.platform.launcher.core.EngineExecutionOrchestrator.execute(EngineExecutionOrchestrator.java:88)
	at app//org.junit.platform.launcher.core.EngineExecutionOrchestrator.lambda$execute$0(EngineExecutionOrchestrator.java:54)
	at app//org.junit.platform.launcher.core.EngineExecutionOrchestrator.withInterceptedStreams(EngineExecutionOrchestrator.java:67)
	at app//org.junit.platform.launcher.core.EngineExecutionOrchestrator.execute(EngineExecutionOrchestrator.java:52)
	at app//org.junit.platform.launcher.core.DefaultLauncher.execute(DefaultLauncher.java:114)
	at app//org.junit.platform.launcher.core.DefaultLauncher.execute(DefaultLauncher.java:86)
	at app//org.junit.platform.launcher.core.DefaultLauncherSession$DelegatingLauncher.execute(DefaultLauncherSession.java:86)
	at org.gradle.api.internal.tasks.testing.junitplatform.JUnitPlatformTestClassProcessor$CollectAllTestClassesExecutor.processAllTestClasses(JUnitPlatformTestClassProcessor.java:110)
	at org.gradle.api.internal.tasks.testing.junitplatform.JUnitPlatformTestClassProcessor$CollectAllTestClassesExecutor.access$000(JUnitPlatformTestClassProcessor.java:90)
	at org.gradle.api.internal.tasks.testing.junitplatform.JUnitPlatformTestClassProcessor.stop(JUnitPlatformTestClassProcessor.java:85)
	at org.gradle.api.internal.tasks.testing.SuiteTestClassProcessor.stop(SuiteTestClassProcessor.java:62)
	at java.base@17.0.7/jdk.internal.reflect.NativeMethodAccessorImpl.invoke0(Native Method)
	at java.base@17.0.7/jdk.internal.reflect.NativeMethodAccessorImpl.invoke(NativeMethodAccessorImpl.java:77)
	at java.base@17.0.7/jdk.internal.reflect.DelegatingMethodAccessorImpl.invoke(DelegatingMethodAccessorImpl.java:43)
	at java.base@17.0.7/java.lang.reflect.Method.invoke(Method.java:568)
	at org.gradle.internal.dispatch.ReflectionDispatch.dispatch(ReflectionDispatch.java:36)
	at org.gradle.internal.dispatch.ReflectionDispatch.dispatch(ReflectionDispatch.java:24)
	at org.gradle.internal.dispatch.ContextClassLoaderDispatch.dispatch(ContextClassLoaderDispatch.java:33)
	at org.gradle.internal.dispatch.ProxyDispatchAdapter$DispatchingInvocationHandler.invoke(ProxyDispatchAdapter.java:94)
	at jdk.proxy2/jdk.proxy2.$Proxy5.stop(Unknown Source)
	at org.gradle.api.internal.tasks.testing.worker.TestWorker$3.run(TestWorker.java:193)
	at org.gradle.api.internal.tasks.testing.worker.TestWorker.executeAndMaintainThreadName(TestWorker.java:129)
	at org.gradle.api.internal.tasks.testing.worker.TestWorker.execute(TestWorker.java:100)
	at org.gradle.api.internal.tasks.testing.worker.TestWorker.execute(TestWorker.java:60)
	at org.gradle.process.internal.worker.child.ActionExecutionWorker.execute(ActionExecutionWorker.java:56)
	at org.gradle.process.internal.worker.child.SystemApplicationClassLoaderWorker.call(SystemApplicationClassLoaderWorker.java:113)
	at org.gradle.process.internal.worker.child.SystemApplicationClassLoaderWorker.call(SystemApplicationClassLoaderWorker.java:65)
	at app//worker.org.gradle.process.internal.worker.GradleWorkerMain.run(GradleWorkerMain.java:69)
	at app//worker.org.gradle.process.internal.worker.GradleWorkerMain.main(GradleWorkerMain.java:74)
Caused by: JavaBuildingExceptions{issues=[JavaBuildingIssue{node=super.$prepare()range=Optional.empty, message='Unsupported element detected given by Java Parser: MethodCallExpr. Please extend the KeY-Java-Hierarchy'}]}
	at app//de.uka.ilkd.key.java.JP2KeYVisitor.reportError(JP2KeYConverter.java:119)
	at app//de.uka.ilkd.key.java.JP2KeYVisitor.reportUnsupportedElement(JP2KeYConverter.java:123)
	at app//de.uka.ilkd.key.java.JP2KeYVisitor.visit(JP2KeYConverter.java:708)
	at app//de.uka.ilkd.key.java.JP2KeYVisitor.visit(JP2KeYConverter.java:91)
	at app//com.github.javaparser.ast.expr.MethodCallExpr.accept(MethodCallExpr.java:116)
	at app//de.uka.ilkd.key.java.JP2KeYVisitor.accept(JP2KeYConverter.java:374)
	at app//de.uka.ilkd.key.java.JP2KeYVisitor.visit(JP2KeYConverter.java:541)
	at app//de.uka.ilkd.key.java.JP2KeYVisitor.visit(JP2KeYConverter.java:91)
	at app//com.github.javaparser.ast.stmt.ExpressionStmt.accept(ExpressionStmt.java:71)
	at app//de.uka.ilkd.key.java.JP2KeYVisitor.map(JP2KeYConverter.java:430)
	at app//de.uka.ilkd.key.java.JP2KeYVisitor.visit(JP2KeYConverter.java:279)
	at app//de.uka.ilkd.key.java.JP2KeYVisitor.visit(JP2KeYConverter.java:91)
	at app//com.github.javaparser.ast.stmt.BlockStmt.accept(BlockStmt.java:70)
	at app//de.uka.ilkd.key.java.JP2KeYVisitor.accept(JP2KeYConverter.java:374)
	at app//de.uka.ilkd.key.java.JP2KeYVisitor.accepto(JP2KeYConverter.java:447)
	at app//de.uka.ilkd.key.java.JP2KeYVisitor.visit(JP2KeYConverter.java:737)
	at app//de.uka.ilkd.key.java.JP2KeYVisitor.visit(JP2KeYConverter.java:91)
	at app//com.github.javaparser.ast.body.MethodDeclaration.accept(MethodDeclaration.java:98)
	at app//de.uka.ilkd.key.java.JP2KeYVisitor.map(JP2KeYConverter.java:430)
	at app//de.uka.ilkd.key.java.JP2KeYVisitor.visit(JP2KeYConverter.java:331)
	at app//de.uka.ilkd.key.java.JP2KeYVisitor.visit(JP2KeYConverter.java:91)
	at app//com.github.javaparser.ast.body.ClassOrInterfaceDeclaration.accept(ClassOrInterfaceDeclaration.java:95)
	at app//de.uka.ilkd.key.java.JP2KeYVisitor.map(JP2KeYConverter.java:430)
	at app//de.uka.ilkd.key.java.JP2KeYVisitor.visit(JP2KeYConverter.java:419)
	at app//de.uka.ilkd.key.java.JP2KeYVisitor.visit(JP2KeYConverter.java:91)
	at app//com.github.javaparser.ast.CompilationUnit.accept(CompilationUnit.java:124)
	at app//de.uka.ilkd.key.java.JP2KeYConverter.process(JP2KeYConverter.java:85)
	at app//de.uka.ilkd.key.java.JP2KeYConverter.processCompilationUnit(JP2KeYConverter.java:81)
	at app//de.uka.ilkd.key.java.JavaService.parseLibraryClasses0(JavaService.java:545)
	at app//de.uka.ilkd.key.java.JavaService.parseSpecialClasses(JavaService.java:520)
	at app//de.uka.ilkd.key.java.JavaService.recoderCompilationUnitsAsFiles(JavaService.java:177)
	at app//de.uka.ilkd.key.java.JavaService.readCompilationUnitsAsFiles(JavaService.java:153)
	at app//de.uka.ilkd.key.proof.init.ProblemInitializer.readJava(ProblemInitializer.java:277)
	at app//de.uka.ilkd.key.proof.init.ProblemInitializer.prepare(ProblemInitializer.java:529)
	at app//de.uka.ilkd.key.proof.init.ProblemInitializer.prepare(ProblemInitializer.java:471)
	at app//de.uka.ilkd.key.proof.io.AbstractProblemLoader.createInitConfig(AbstractProblemLoader.java:557)
	at app//de.uka.ilkd.key.proof.io.AbstractProblemLoader.loadEnvironment(AbstractProblemLoader.java:317)
	at app//de.uka.ilkd.key.proof.io.AbstractProblemLoader.load(AbstractProblemLoader.java:275)
	at app//de.uka.ilkd.key.proof.io.AbstractProblemLoader.load(AbstractProblemLoader.java:257)
	at app//de.uka.ilkd.key.control.AbstractUserInterfaceControl.load(AbstractUserInterfaceControl.java:212)
	... 91 more
</failure>
  </testcase>
  <testcase name="testInstantiateLabels_null()" classname="de.uka.ilkd.key.logic.TestTermLabelManager" time="0.001"/>
  <testcase name="testrefactorGoal_directChildren_ruleSpecific()" classname="de.uka.ilkd.key.logic.TestTermLabelManager" time="0.133">
    <failure message="JavaBuildingIssue{node=super.$prepare()range=Optional.empty, message='Unsupported element detected given by Java Parser: MethodCallExpr. Please extend the KeY-Java-Hierarchy'} (file: src/test/resources/testcase/termLabels/flatSteps/FlatSteps.java; caused by: JavaBuildingExceptions{issues=[JavaBuildingIssue{node=super.$prepare()range=Optional.empty, message='Unsupported element detected given by Java Parser: MethodCallExpr. Please extend the KeY-Java-Hierarchy'}]})" type="de.uka.ilkd.key.proof.io.ProblemLoaderException">JavaBuildingIssue{node=super.$prepare()range=Optional.empty, message='Unsupported element detected given by Java Parser: MethodCallExpr. Please extend the KeY-Java-Hierarchy'} (file: src/test/resources/testcase/termLabels/flatSteps/FlatSteps.java; caused by: JavaBuildingExceptions{issues=[JavaBuildingIssue{node=super.$prepare()range=Optional.empty, message='Unsupported element detected given by Java Parser: MethodCallExpr. Please extend the KeY-Java-Hierarchy'}]})
	at app//de.uka.ilkd.key.control.AbstractUserInterfaceControl.load(AbstractUserInterfaceControl.java:225)
	at app//de.uka.ilkd.key.control.KeYEnvironment.load(KeYEnvironment.java:282)
	at app//de.uka.ilkd.key.control.KeYEnvironment.load(KeYEnvironment.java:251)
	at app//de.uka.ilkd.key.control.KeYEnvironment.load(KeYEnvironment.java:225)
	at app//de.uka.ilkd.key.control.KeYEnvironment.load(KeYEnvironment.java:185)
	at app//de.uka.ilkd.key.logic.TestTermLabelManager.createTestServices(TestTermLabelManager.java:584)
	at app//de.uka.ilkd.key.logic.TestTermLabelManager.doRefactoringTestLogging(TestTermLabelManager.java:108)
	at app//de.uka.ilkd.key.logic.TestTermLabelManager.testrefactorGoal_directChildren_ruleSpecific(TestTermLabelManager.java:69)
	at java.base@17.0.7/jdk.internal.reflect.NativeMethodAccessorImpl.invoke0(Native Method)
	at java.base@17.0.7/jdk.internal.reflect.NativeMethodAccessorImpl.invoke(NativeMethodAccessorImpl.java:77)
	at java.base@17.0.7/jdk.internal.reflect.DelegatingMethodAccessorImpl.invoke(DelegatingMethodAccessorImpl.java:43)
	at java.base@17.0.7/java.lang.reflect.Method.invoke(Method.java:568)
	at app//org.junit.platform.commons.util.ReflectionUtils.invokeMethod(ReflectionUtils.java:727)
	at app//org.junit.jupiter.engine.execution.MethodInvocation.proceed(MethodInvocation.java:60)
	at app//org.junit.jupiter.engine.execution.InvocationInterceptorChain$ValidatingInvocation.proceed(InvocationInterceptorChain.java:131)
	at app//org.junit.jupiter.engine.extension.TimeoutExtension.intercept(TimeoutExtension.java:156)
	at app//org.junit.jupiter.engine.extension.TimeoutExtension.interceptTestableMethod(TimeoutExtension.java:147)
	at app//org.junit.jupiter.engine.extension.TimeoutExtension.interceptTestMethod(TimeoutExtension.java:86)
	at app//org.junit.jupiter.engine.execution.InterceptingExecutableInvoker$ReflectiveInterceptorCall.lambda$ofVoidMethod$0(InterceptingExecutableInvoker.java:103)
	at app//org.junit.jupiter.engine.execution.InterceptingExecutableInvoker.lambda$invoke$0(InterceptingExecutableInvoker.java:93)
	at app//org.junit.jupiter.engine.execution.InvocationInterceptorChain$InterceptedInvocation.proceed(InvocationInterceptorChain.java:106)
	at app//org.junit.jupiter.engine.execution.InvocationInterceptorChain.proceed(InvocationInterceptorChain.java:64)
	at app//org.junit.jupiter.engine.execution.InvocationInterceptorChain.chainAndInvoke(InvocationInterceptorChain.java:45)
	at app//org.junit.jupiter.engine.execution.InvocationInterceptorChain.invoke(InvocationInterceptorChain.java:37)
	at app//org.junit.jupiter.engine.execution.InterceptingExecutableInvoker.invoke(InterceptingExecutableInvoker.java:92)
	at app//org.junit.jupiter.engine.execution.InterceptingExecutableInvoker.invoke(InterceptingExecutableInvoker.java:86)
	at app//org.junit.jupiter.engine.descriptor.TestMethodTestDescriptor.lambda$invokeTestMethod$7(TestMethodTestDescriptor.java:217)
	at app//org.junit.platform.engine.support.hierarchical.ThrowableCollector.execute(ThrowableCollector.java:73)
	at app//org.junit.jupiter.engine.descriptor.TestMethodTestDescriptor.invokeTestMethod(TestMethodTestDescriptor.java:213)
	at app//org.junit.jupiter.engine.descriptor.TestMethodTestDescriptor.execute(TestMethodTestDescriptor.java:138)
	at app//org.junit.jupiter.engine.descriptor.TestMethodTestDescriptor.execute(TestMethodTestDescriptor.java:68)
	at app//org.junit.platform.engine.support.hierarchical.NodeTestTask.lambda$executeRecursively$6(NodeTestTask.java:151)
	at app//org.junit.platform.engine.support.hierarchical.ThrowableCollector.execute(ThrowableCollector.java:73)
	at app//org.junit.platform.engine.support.hierarchical.NodeTestTask.lambda$executeRecursively$8(NodeTestTask.java:141)
	at app//org.junit.platform.engine.support.hierarchical.Node.around(Node.java:137)
	at app//org.junit.platform.engine.support.hierarchical.NodeTestTask.lambda$executeRecursively$9(NodeTestTask.java:139)
	at app//org.junit.platform.engine.support.hierarchical.ThrowableCollector.execute(ThrowableCollector.java:73)
	at app//org.junit.platform.engine.support.hierarchical.NodeTestTask.executeRecursively(NodeTestTask.java:138)
	at app//org.junit.platform.engine.support.hierarchical.NodeTestTask.execute(NodeTestTask.java:95)
	at java.base@17.0.7/java.util.ArrayList.forEach(ArrayList.java:1511)
	at app//org.junit.platform.engine.support.hierarchical.SameThreadHierarchicalTestExecutorService.invokeAll(SameThreadHierarchicalTestExecutorService.java:41)
	at app//org.junit.platform.engine.support.hierarchical.NodeTestTask.lambda$executeRecursively$6(NodeTestTask.java:155)
	at app//org.junit.platform.engine.support.hierarchical.ThrowableCollector.execute(ThrowableCollector.java:73)
	at app//org.junit.platform.engine.support.hierarchical.NodeTestTask.lambda$executeRecursively$8(NodeTestTask.java:141)
	at app//org.junit.platform.engine.support.hierarchical.Node.around(Node.java:137)
	at app//org.junit.platform.engine.support.hierarchical.NodeTestTask.lambda$executeRecursively$9(NodeTestTask.java:139)
	at app//org.junit.platform.engine.support.hierarchical.ThrowableCollector.execute(ThrowableCollector.java:73)
	at app//org.junit.platform.engine.support.hierarchical.NodeTestTask.executeRecursively(NodeTestTask.java:138)
	at app//org.junit.platform.engine.support.hierarchical.NodeTestTask.execute(NodeTestTask.java:95)
	at java.base@17.0.7/java.util.ArrayList.forEach(ArrayList.java:1511)
	at app//org.junit.platform.engine.support.hierarchical.SameThreadHierarchicalTestExecutorService.invokeAll(SameThreadHierarchicalTestExecutorService.java:41)
	at app//org.junit.platform.engine.support.hierarchical.NodeTestTask.lambda$executeRecursively$6(NodeTestTask.java:155)
	at app//org.junit.platform.engine.support.hierarchical.ThrowableCollector.execute(ThrowableCollector.java:73)
	at app//org.junit.platform.engine.support.hierarchical.NodeTestTask.lambda$executeRecursively$8(NodeTestTask.java:141)
	at app//org.junit.platform.engine.support.hierarchical.Node.around(Node.java:137)
	at app//org.junit.platform.engine.support.hierarchical.NodeTestTask.lambda$executeRecursively$9(NodeTestTask.java:139)
	at app//org.junit.platform.engine.support.hierarchical.ThrowableCollector.execute(ThrowableCollector.java:73)
	at app//org.junit.platform.engine.support.hierarchical.NodeTestTask.executeRecursively(NodeTestTask.java:138)
	at app//org.junit.platform.engine.support.hierarchical.NodeTestTask.execute(NodeTestTask.java:95)
	at app//org.junit.platform.engine.support.hierarchical.SameThreadHierarchicalTestExecutorService.submit(SameThreadHierarchicalTestExecutorService.java:35)
	at app//org.junit.platform.engine.support.hierarchical.HierarchicalTestExecutor.execute(HierarchicalTestExecutor.java:57)
	at app//org.junit.platform.engine.support.hierarchical.HierarchicalTestEngine.execute(HierarchicalTestEngine.java:54)
	at app//org.junit.platform.launcher.core.EngineExecutionOrchestrator.execute(EngineExecutionOrchestrator.java:107)
	at app//org.junit.platform.launcher.core.EngineExecutionOrchestrator.execute(EngineExecutionOrchestrator.java:88)
	at app//org.junit.platform.launcher.core.EngineExecutionOrchestrator.lambda$execute$0(EngineExecutionOrchestrator.java:54)
	at app//org.junit.platform.launcher.core.EngineExecutionOrchestrator.withInterceptedStreams(EngineExecutionOrchestrator.java:67)
	at app//org.junit.platform.launcher.core.EngineExecutionOrchestrator.execute(EngineExecutionOrchestrator.java:52)
	at app//org.junit.platform.launcher.core.DefaultLauncher.execute(DefaultLauncher.java:114)
	at app//org.junit.platform.launcher.core.DefaultLauncher.execute(DefaultLauncher.java:86)
	at app//org.junit.platform.launcher.core.DefaultLauncherSession$DelegatingLauncher.execute(DefaultLauncherSession.java:86)
	at org.gradle.api.internal.tasks.testing.junitplatform.JUnitPlatformTestClassProcessor$CollectAllTestClassesExecutor.processAllTestClasses(JUnitPlatformTestClassProcessor.java:110)
	at org.gradle.api.internal.tasks.testing.junitplatform.JUnitPlatformTestClassProcessor$CollectAllTestClassesExecutor.access$000(JUnitPlatformTestClassProcessor.java:90)
	at org.gradle.api.internal.tasks.testing.junitplatform.JUnitPlatformTestClassProcessor.stop(JUnitPlatformTestClassProcessor.java:85)
	at org.gradle.api.internal.tasks.testing.SuiteTestClassProcessor.stop(SuiteTestClassProcessor.java:62)
	at java.base@17.0.7/jdk.internal.reflect.NativeMethodAccessorImpl.invoke0(Native Method)
	at java.base@17.0.7/jdk.internal.reflect.NativeMethodAccessorImpl.invoke(NativeMethodAccessorImpl.java:77)
	at java.base@17.0.7/jdk.internal.reflect.DelegatingMethodAccessorImpl.invoke(DelegatingMethodAccessorImpl.java:43)
	at java.base@17.0.7/java.lang.reflect.Method.invoke(Method.java:568)
	at org.gradle.internal.dispatch.ReflectionDispatch.dispatch(ReflectionDispatch.java:36)
	at org.gradle.internal.dispatch.ReflectionDispatch.dispatch(ReflectionDispatch.java:24)
	at org.gradle.internal.dispatch.ContextClassLoaderDispatch.dispatch(ContextClassLoaderDispatch.java:33)
	at org.gradle.internal.dispatch.ProxyDispatchAdapter$DispatchingInvocationHandler.invoke(ProxyDispatchAdapter.java:94)
	at jdk.proxy2/jdk.proxy2.$Proxy5.stop(Unknown Source)
	at org.gradle.api.internal.tasks.testing.worker.TestWorker$3.run(TestWorker.java:193)
	at org.gradle.api.internal.tasks.testing.worker.TestWorker.executeAndMaintainThreadName(TestWorker.java:129)
	at org.gradle.api.internal.tasks.testing.worker.TestWorker.execute(TestWorker.java:100)
	at org.gradle.api.internal.tasks.testing.worker.TestWorker.execute(TestWorker.java:60)
	at org.gradle.process.internal.worker.child.ActionExecutionWorker.execute(ActionExecutionWorker.java:56)
	at org.gradle.process.internal.worker.child.SystemApplicationClassLoaderWorker.call(SystemApplicationClassLoaderWorker.java:113)
	at org.gradle.process.internal.worker.child.SystemApplicationClassLoaderWorker.call(SystemApplicationClassLoaderWorker.java:65)
	at app//worker.org.gradle.process.internal.worker.GradleWorkerMain.run(GradleWorkerMain.java:69)
	at app//worker.org.gradle.process.internal.worker.GradleWorkerMain.main(GradleWorkerMain.java:74)
Caused by: JavaBuildingExceptions{issues=[JavaBuildingIssue{node=super.$prepare()range=Optional.empty, message='Unsupported element detected given by Java Parser: MethodCallExpr. Please extend the KeY-Java-Hierarchy'}]}
	at app//de.uka.ilkd.key.java.JP2KeYVisitor.reportError(JP2KeYConverter.java:119)
	at app//de.uka.ilkd.key.java.JP2KeYVisitor.reportUnsupportedElement(JP2KeYConverter.java:123)
	at app//de.uka.ilkd.key.java.JP2KeYVisitor.visit(JP2KeYConverter.java:708)
	at app//de.uka.ilkd.key.java.JP2KeYVisitor.visit(JP2KeYConverter.java:91)
	at app//com.github.javaparser.ast.expr.MethodCallExpr.accept(MethodCallExpr.java:116)
	at app//de.uka.ilkd.key.java.JP2KeYVisitor.accept(JP2KeYConverter.java:374)
	at app//de.uka.ilkd.key.java.JP2KeYVisitor.visit(JP2KeYConverter.java:541)
	at app//de.uka.ilkd.key.java.JP2KeYVisitor.visit(JP2KeYConverter.java:91)
	at app//com.github.javaparser.ast.stmt.ExpressionStmt.accept(ExpressionStmt.java:71)
	at app//de.uka.ilkd.key.java.JP2KeYVisitor.map(JP2KeYConverter.java:430)
	at app//de.uka.ilkd.key.java.JP2KeYVisitor.visit(JP2KeYConverter.java:279)
	at app//de.uka.ilkd.key.java.JP2KeYVisitor.visit(JP2KeYConverter.java:91)
	at app//com.github.javaparser.ast.stmt.BlockStmt.accept(BlockStmt.java:70)
	at app//de.uka.ilkd.key.java.JP2KeYVisitor.accept(JP2KeYConverter.java:374)
	at app//de.uka.ilkd.key.java.JP2KeYVisitor.accepto(JP2KeYConverter.java:447)
	at app//de.uka.ilkd.key.java.JP2KeYVisitor.visit(JP2KeYConverter.java:737)
	at app//de.uka.ilkd.key.java.JP2KeYVisitor.visit(JP2KeYConverter.java:91)
	at app//com.github.javaparser.ast.body.MethodDeclaration.accept(MethodDeclaration.java:98)
	at app//de.uka.ilkd.key.java.JP2KeYVisitor.map(JP2KeYConverter.java:430)
	at app//de.uka.ilkd.key.java.JP2KeYVisitor.visit(JP2KeYConverter.java:331)
	at app//de.uka.ilkd.key.java.JP2KeYVisitor.visit(JP2KeYConverter.java:91)
	at app//com.github.javaparser.ast.body.ClassOrInterfaceDeclaration.accept(ClassOrInterfaceDeclaration.java:95)
	at app//de.uka.ilkd.key.java.JP2KeYVisitor.map(JP2KeYConverter.java:430)
	at app//de.uka.ilkd.key.java.JP2KeYVisitor.visit(JP2KeYConverter.java:419)
	at app//de.uka.ilkd.key.java.JP2KeYVisitor.visit(JP2KeYConverter.java:91)
	at app//com.github.javaparser.ast.CompilationUnit.accept(CompilationUnit.java:124)
	at app//de.uka.ilkd.key.java.JP2KeYConverter.process(JP2KeYConverter.java:85)
	at app//de.uka.ilkd.key.java.JP2KeYConverter.processCompilationUnit(JP2KeYConverter.java:81)
	at app//de.uka.ilkd.key.java.JavaService.parseLibraryClasses0(JavaService.java:545)
	at app//de.uka.ilkd.key.java.JavaService.parseSpecialClasses(JavaService.java:520)
	at app//de.uka.ilkd.key.java.JavaService.recoderCompilationUnitsAsFiles(JavaService.java:177)
	at app//de.uka.ilkd.key.java.JavaService.readCompilationUnitsAsFiles(JavaService.java:153)
	at app//de.uka.ilkd.key.proof.init.ProblemInitializer.readJava(ProblemInitializer.java:277)
	at app//de.uka.ilkd.key.proof.init.ProblemInitializer.prepare(ProblemInitializer.java:529)
	at app//de.uka.ilkd.key.proof.init.ProblemInitializer.prepare(ProblemInitializer.java:471)
	at app//de.uka.ilkd.key.proof.io.AbstractProblemLoader.createInitConfig(AbstractProblemLoader.java:557)
	at app//de.uka.ilkd.key.proof.io.AbstractProblemLoader.loadEnvironment(AbstractProblemLoader.java:317)
	at app//de.uka.ilkd.key.proof.io.AbstractProblemLoader.load(AbstractProblemLoader.java:275)
	at app//de.uka.ilkd.key.proof.io.AbstractProblemLoader.load(AbstractProblemLoader.java:257)
	at app//de.uka.ilkd.key.control.AbstractUserInterfaceControl.load(AbstractUserInterfaceControl.java:212)
	... 91 more
</failure>
  </testcase>
  <testcase name="testInstantiateLabels_directChildPolicies_ruleSpecific()" classname="de.uka.ilkd.key.logic.TestTermLabelManager" time="0.132">
    <failure message="org.opentest4j.AssertionFailedError: Unexpected exception thrown: de.uka.ilkd.key.proof.io.ProblemLoaderException: JavaBuildingIssue{node=super.$prepare()range=Optional.empty, message='Unsupported element detected given by Java Parser: MethodCallExpr. Please extend the KeY-Java-Hierarchy'}" type="org.opentest4j.AssertionFailedError">org.opentest4j.AssertionFailedError: Unexpected exception thrown: de.uka.ilkd.key.proof.io.ProblemLoaderException: JavaBuildingIssue{node=super.$prepare()range=Optional.empty, message='Unsupported element detected given by Java Parser: MethodCallExpr. Please extend the KeY-Java-Hierarchy'}
	at app//org.junit.jupiter.api.AssertionFailureBuilder.build(AssertionFailureBuilder.java:152)
	at app//org.junit.jupiter.api.AssertDoesNotThrow.createAssertionFailedError(AssertDoesNotThrow.java:84)
	at app//org.junit.jupiter.api.AssertDoesNotThrow.assertDoesNotThrow(AssertDoesNotThrow.java:75)
	at app//org.junit.jupiter.api.AssertDoesNotThrow.assertDoesNotThrow(AssertDoesNotThrow.java:58)
	at app//org.junit.jupiter.api.Assertions.assertDoesNotThrow(Assertions.java:3196)
	at app//de.uka.ilkd.key.logic.TestTermLabelManager.testInstantiateLabels_directChildPolicies_ruleSpecific(TestTermLabelManager.java:381)
	at java.base@17.0.7/jdk.internal.reflect.NativeMethodAccessorImpl.invoke0(Native Method)
	at java.base@17.0.7/jdk.internal.reflect.NativeMethodAccessorImpl.invoke(NativeMethodAccessorImpl.java:77)
	at java.base@17.0.7/jdk.internal.reflect.DelegatingMethodAccessorImpl.invoke(DelegatingMethodAccessorImpl.java:43)
	at java.base@17.0.7/java.lang.reflect.Method.invoke(Method.java:568)
	at app//org.junit.platform.commons.util.ReflectionUtils.invokeMethod(ReflectionUtils.java:727)
	at app//org.junit.jupiter.engine.execution.MethodInvocation.proceed(MethodInvocation.java:60)
	at app//org.junit.jupiter.engine.execution.InvocationInterceptorChain$ValidatingInvocation.proceed(InvocationInterceptorChain.java:131)
	at app//org.junit.jupiter.engine.extension.TimeoutExtension.intercept(TimeoutExtension.java:156)
	at app//org.junit.jupiter.engine.extension.TimeoutExtension.interceptTestableMethod(TimeoutExtension.java:147)
	at app//org.junit.jupiter.engine.extension.TimeoutExtension.interceptTestMethod(TimeoutExtension.java:86)
	at app//org.junit.jupiter.engine.execution.InterceptingExecutableInvoker$ReflectiveInterceptorCall.lambda$ofVoidMethod$0(InterceptingExecutableInvoker.java:103)
	at app//org.junit.jupiter.engine.execution.InterceptingExecutableInvoker.lambda$invoke$0(InterceptingExecutableInvoker.java:93)
	at app//org.junit.jupiter.engine.execution.InvocationInterceptorChain$InterceptedInvocation.proceed(InvocationInterceptorChain.java:106)
	at app//org.junit.jupiter.engine.execution.InvocationInterceptorChain.proceed(InvocationInterceptorChain.java:64)
	at app//org.junit.jupiter.engine.execution.InvocationInterceptorChain.chainAndInvoke(InvocationInterceptorChain.java:45)
	at app//org.junit.jupiter.engine.execution.InvocationInterceptorChain.invoke(InvocationInterceptorChain.java:37)
	at app//org.junit.jupiter.engine.execution.InterceptingExecutableInvoker.invoke(InterceptingExecutableInvoker.java:92)
	at app//org.junit.jupiter.engine.execution.InterceptingExecutableInvoker.invoke(InterceptingExecutableInvoker.java:86)
	at app//org.junit.jupiter.engine.descriptor.TestMethodTestDescriptor.lambda$invokeTestMethod$7(TestMethodTestDescriptor.java:217)
	at app//org.junit.platform.engine.support.hierarchical.ThrowableCollector.execute(ThrowableCollector.java:73)
	at app//org.junit.jupiter.engine.descriptor.TestMethodTestDescriptor.invokeTestMethod(TestMethodTestDescriptor.java:213)
	at app//org.junit.jupiter.engine.descriptor.TestMethodTestDescriptor.execute(TestMethodTestDescriptor.java:138)
	at app//org.junit.jupiter.engine.descriptor.TestMethodTestDescriptor.execute(TestMethodTestDescriptor.java:68)
	at app//org.junit.platform.engine.support.hierarchical.NodeTestTask.lambda$executeRecursively$6(NodeTestTask.java:151)
	at app//org.junit.platform.engine.support.hierarchical.ThrowableCollector.execute(ThrowableCollector.java:73)
	at app//org.junit.platform.engine.support.hierarchical.NodeTestTask.lambda$executeRecursively$8(NodeTestTask.java:141)
	at app//org.junit.platform.engine.support.hierarchical.Node.around(Node.java:137)
	at app//org.junit.platform.engine.support.hierarchical.NodeTestTask.lambda$executeRecursively$9(NodeTestTask.java:139)
	at app//org.junit.platform.engine.support.hierarchical.ThrowableCollector.execute(ThrowableCollector.java:73)
	at app//org.junit.platform.engine.support.hierarchical.NodeTestTask.executeRecursively(NodeTestTask.java:138)
	at app//org.junit.platform.engine.support.hierarchical.NodeTestTask.execute(NodeTestTask.java:95)
	at java.base@17.0.7/java.util.ArrayList.forEach(ArrayList.java:1511)
	at app//org.junit.platform.engine.support.hierarchical.SameThreadHierarchicalTestExecutorService.invokeAll(SameThreadHierarchicalTestExecutorService.java:41)
	at app//org.junit.platform.engine.support.hierarchical.NodeTestTask.lambda$executeRecursively$6(NodeTestTask.java:155)
	at app//org.junit.platform.engine.support.hierarchical.ThrowableCollector.execute(ThrowableCollector.java:73)
	at app//org.junit.platform.engine.support.hierarchical.NodeTestTask.lambda$executeRecursively$8(NodeTestTask.java:141)
	at app//org.junit.platform.engine.support.hierarchical.Node.around(Node.java:137)
	at app//org.junit.platform.engine.support.hierarchical.NodeTestTask.lambda$executeRecursively$9(NodeTestTask.java:139)
	at app//org.junit.platform.engine.support.hierarchical.ThrowableCollector.execute(ThrowableCollector.java:73)
	at app//org.junit.platform.engine.support.hierarchical.NodeTestTask.executeRecursively(NodeTestTask.java:138)
	at app//org.junit.platform.engine.support.hierarchical.NodeTestTask.execute(NodeTestTask.java:95)
	at java.base@17.0.7/java.util.ArrayList.forEach(ArrayList.java:1511)
	at app//org.junit.platform.engine.support.hierarchical.SameThreadHierarchicalTestExecutorService.invokeAll(SameThreadHierarchicalTestExecutorService.java:41)
	at app//org.junit.platform.engine.support.hierarchical.NodeTestTask.lambda$executeRecursively$6(NodeTestTask.java:155)
	at app//org.junit.platform.engine.support.hierarchical.ThrowableCollector.execute(ThrowableCollector.java:73)
	at app//org.junit.platform.engine.support.hierarchical.NodeTestTask.lambda$executeRecursively$8(NodeTestTask.java:141)
	at app//org.junit.platform.engine.support.hierarchical.Node.around(Node.java:137)
	at app//org.junit.platform.engine.support.hierarchical.NodeTestTask.lambda$executeRecursively$9(NodeTestTask.java:139)
	at app//org.junit.platform.engine.support.hierarchical.ThrowableCollector.execute(ThrowableCollector.java:73)
	at app//org.junit.platform.engine.support.hierarchical.NodeTestTask.executeRecursively(NodeTestTask.java:138)
	at app//org.junit.platform.engine.support.hierarchical.NodeTestTask.execute(NodeTestTask.java:95)
	at app//org.junit.platform.engine.support.hierarchical.SameThreadHierarchicalTestExecutorService.submit(SameThreadHierarchicalTestExecutorService.java:35)
	at app//org.junit.platform.engine.support.hierarchical.HierarchicalTestExecutor.execute(HierarchicalTestExecutor.java:57)
	at app//org.junit.platform.engine.support.hierarchical.HierarchicalTestEngine.execute(HierarchicalTestEngine.java:54)
	at app//org.junit.platform.launcher.core.EngineExecutionOrchestrator.execute(EngineExecutionOrchestrator.java:107)
	at app//org.junit.platform.launcher.core.EngineExecutionOrchestrator.execute(EngineExecutionOrchestrator.java:88)
	at app//org.junit.platform.launcher.core.EngineExecutionOrchestrator.lambda$execute$0(EngineExecutionOrchestrator.java:54)
	at app//org.junit.platform.launcher.core.EngineExecutionOrchestrator.withInterceptedStreams(EngineExecutionOrchestrator.java:67)
	at app//org.junit.platform.launcher.core.EngineExecutionOrchestrator.execute(EngineExecutionOrchestrator.java:52)
	at app//org.junit.platform.launcher.core.DefaultLauncher.execute(DefaultLauncher.java:114)
	at app//org.junit.platform.launcher.core.DefaultLauncher.execute(DefaultLauncher.java:86)
	at app//org.junit.platform.launcher.core.DefaultLauncherSession$DelegatingLauncher.execute(DefaultLauncherSession.java:86)
	at org.gradle.api.internal.tasks.testing.junitplatform.JUnitPlatformTestClassProcessor$CollectAllTestClassesExecutor.processAllTestClasses(JUnitPlatformTestClassProcessor.java:110)
	at org.gradle.api.internal.tasks.testing.junitplatform.JUnitPlatformTestClassProcessor$CollectAllTestClassesExecutor.access$000(JUnitPlatformTestClassProcessor.java:90)
	at org.gradle.api.internal.tasks.testing.junitplatform.JUnitPlatformTestClassProcessor.stop(JUnitPlatformTestClassProcessor.java:85)
	at org.gradle.api.internal.tasks.testing.SuiteTestClassProcessor.stop(SuiteTestClassProcessor.java:62)
	at java.base@17.0.7/jdk.internal.reflect.NativeMethodAccessorImpl.invoke0(Native Method)
	at java.base@17.0.7/jdk.internal.reflect.NativeMethodAccessorImpl.invoke(NativeMethodAccessorImpl.java:77)
	at java.base@17.0.7/jdk.internal.reflect.DelegatingMethodAccessorImpl.invoke(DelegatingMethodAccessorImpl.java:43)
	at java.base@17.0.7/java.lang.reflect.Method.invoke(Method.java:568)
	at org.gradle.internal.dispatch.ReflectionDispatch.dispatch(ReflectionDispatch.java:36)
	at org.gradle.internal.dispatch.ReflectionDispatch.dispatch(ReflectionDispatch.java:24)
	at org.gradle.internal.dispatch.ContextClassLoaderDispatch.dispatch(ContextClassLoaderDispatch.java:33)
	at org.gradle.internal.dispatch.ProxyDispatchAdapter$DispatchingInvocationHandler.invoke(ProxyDispatchAdapter.java:94)
	at jdk.proxy2/jdk.proxy2.$Proxy5.stop(Unknown Source)
	at org.gradle.api.internal.tasks.testing.worker.TestWorker$3.run(TestWorker.java:193)
	at org.gradle.api.internal.tasks.testing.worker.TestWorker.executeAndMaintainThreadName(TestWorker.java:129)
	at org.gradle.api.internal.tasks.testing.worker.TestWorker.execute(TestWorker.java:100)
	at org.gradle.api.internal.tasks.testing.worker.TestWorker.execute(TestWorker.java:60)
	at org.gradle.process.internal.worker.child.ActionExecutionWorker.execute(ActionExecutionWorker.java:56)
	at org.gradle.process.internal.worker.child.SystemApplicationClassLoaderWorker.call(SystemApplicationClassLoaderWorker.java:113)
	at org.gradle.process.internal.worker.child.SystemApplicationClassLoaderWorker.call(SystemApplicationClassLoaderWorker.java:65)
	at app//worker.org.gradle.process.internal.worker.GradleWorkerMain.run(GradleWorkerMain.java:69)
	at app//worker.org.gradle.process.internal.worker.GradleWorkerMain.main(GradleWorkerMain.java:74)
Caused by: JavaBuildingIssue{node=super.$prepare()range=Optional.empty, message='Unsupported element detected given by Java Parser: MethodCallExpr. Please extend the KeY-Java-Hierarchy'} (file: src/test/resources/testcase/termLabels/flatSteps/FlatSteps.java; caused by: JavaBuildingExceptions{issues=[JavaBuildingIssue{node=super.$prepare()range=Optional.empty, message='Unsupported element detected given by Java Parser: MethodCallExpr. Please extend the KeY-Java-Hierarchy'}]})
	at app//de.uka.ilkd.key.control.AbstractUserInterfaceControl.load(AbstractUserInterfaceControl.java:225)
	at app//de.uka.ilkd.key.control.KeYEnvironment.load(KeYEnvironment.java:282)
	at app//de.uka.ilkd.key.control.KeYEnvironment.load(KeYEnvironment.java:251)
	at app//de.uka.ilkd.key.control.KeYEnvironment.load(KeYEnvironment.java:225)
	at app//de.uka.ilkd.key.control.KeYEnvironment.load(KeYEnvironment.java:185)
	at app//de.uka.ilkd.key.logic.TestTermLabelManager.createTestServices(TestTermLabelManager.java:584)
	at app//de.uka.ilkd.key.logic.TestTermLabelManager.lambda$testInstantiateLabels_directChildPolicies_ruleSpecific$4(TestTermLabelManager.java:382)
	at app//org.junit.jupiter.api.AssertDoesNotThrow.assertDoesNotThrow(AssertDoesNotThrow.java:71)
	... 87 more
Caused by: JavaBuildingExceptions{issues=[JavaBuildingIssue{node=super.$prepare()range=Optional.empty, message='Unsupported element detected given by Java Parser: MethodCallExpr. Please extend the KeY-Java-Hierarchy'}]}
	at app//de.uka.ilkd.key.java.JP2KeYVisitor.reportError(JP2KeYConverter.java:119)
	at app//de.uka.ilkd.key.java.JP2KeYVisitor.reportUnsupportedElement(JP2KeYConverter.java:123)
	at app//de.uka.ilkd.key.java.JP2KeYVisitor.visit(JP2KeYConverter.java:708)
	at app//de.uka.ilkd.key.java.JP2KeYVisitor.visit(JP2KeYConverter.java:91)
	at app//com.github.javaparser.ast.expr.MethodCallExpr.accept(MethodCallExpr.java:116)
	at app//de.uka.ilkd.key.java.JP2KeYVisitor.accept(JP2KeYConverter.java:374)
	at app//de.uka.ilkd.key.java.JP2KeYVisitor.visit(JP2KeYConverter.java:541)
	at app//de.uka.ilkd.key.java.JP2KeYVisitor.visit(JP2KeYConverter.java:91)
	at app//com.github.javaparser.ast.stmt.ExpressionStmt.accept(ExpressionStmt.java:71)
	at app//de.uka.ilkd.key.java.JP2KeYVisitor.map(JP2KeYConverter.java:430)
	at app//de.uka.ilkd.key.java.JP2KeYVisitor.visit(JP2KeYConverter.java:279)
	at app//de.uka.ilkd.key.java.JP2KeYVisitor.visit(JP2KeYConverter.java:91)
	at app//com.github.javaparser.ast.stmt.BlockStmt.accept(BlockStmt.java:70)
	at app//de.uka.ilkd.key.java.JP2KeYVisitor.accept(JP2KeYConverter.java:374)
	at app//de.uka.ilkd.key.java.JP2KeYVisitor.accepto(JP2KeYConverter.java:447)
	at app//de.uka.ilkd.key.java.JP2KeYVisitor.visit(JP2KeYConverter.java:737)
	at app//de.uka.ilkd.key.java.JP2KeYVisitor.visit(JP2KeYConverter.java:91)
	at app//com.github.javaparser.ast.body.MethodDeclaration.accept(MethodDeclaration.java:98)
	at app//de.uka.ilkd.key.java.JP2KeYVisitor.map(JP2KeYConverter.java:430)
	at app//de.uka.ilkd.key.java.JP2KeYVisitor.visit(JP2KeYConverter.java:331)
	at app//de.uka.ilkd.key.java.JP2KeYVisitor.visit(JP2KeYConverter.java:91)
	at app//com.github.javaparser.ast.body.ClassOrInterfaceDeclaration.accept(ClassOrInterfaceDeclaration.java:95)
	at app//de.uka.ilkd.key.java.JP2KeYVisitor.map(JP2KeYConverter.java:430)
	at app//de.uka.ilkd.key.java.JP2KeYVisitor.visit(JP2KeYConverter.java:419)
	at app//de.uka.ilkd.key.java.JP2KeYVisitor.visit(JP2KeYConverter.java:91)
	at app//com.github.javaparser.ast.CompilationUnit.accept(CompilationUnit.java:124)
	at app//de.uka.ilkd.key.java.JP2KeYConverter.process(JP2KeYConverter.java:85)
	at app//de.uka.ilkd.key.java.JP2KeYConverter.processCompilationUnit(JP2KeYConverter.java:81)
	at app//de.uka.ilkd.key.java.JavaService.parseLibraryClasses0(JavaService.java:545)
	at app//de.uka.ilkd.key.java.JavaService.parseSpecialClasses(JavaService.java:520)
	at app//de.uka.ilkd.key.java.JavaService.recoderCompilationUnitsAsFiles(JavaService.java:177)
	at app//de.uka.ilkd.key.java.JavaService.readCompilationUnitsAsFiles(JavaService.java:153)
	at app//de.uka.ilkd.key.proof.init.ProblemInitializer.readJava(ProblemInitializer.java:277)
	at app//de.uka.ilkd.key.proof.init.ProblemInitializer.prepare(ProblemInitializer.java:529)
	at app//de.uka.ilkd.key.proof.init.ProblemInitializer.prepare(ProblemInitializer.java:471)
	at app//de.uka.ilkd.key.proof.io.AbstractProblemLoader.createInitConfig(AbstractProblemLoader.java:557)
	at app//de.uka.ilkd.key.proof.io.AbstractProblemLoader.loadEnvironment(AbstractProblemLoader.java:317)
	at app//de.uka.ilkd.key.proof.io.AbstractProblemLoader.load(AbstractProblemLoader.java:275)
	at app//de.uka.ilkd.key.proof.io.AbstractProblemLoader.load(AbstractProblemLoader.java:257)
	at app//de.uka.ilkd.key.control.AbstractUserInterfaceControl.load(AbstractUserInterfaceControl.java:212)
	... 94 more
</failure>
  </testcase>
  <testcase name="testGetSupportedTermLabelNames()" classname="de.uka.ilkd.key.logic.TestTermLabelManager" time="0.152">
    <failure message="org.opentest4j.AssertionFailedError: Unexpected exception thrown: de.uka.ilkd.key.proof.io.ProblemLoaderException: JavaBuildingIssue{node=super.$prepare()range=Optional.empty, message='Unsupported element detected given by Java Parser: MethodCallExpr. Please extend the KeY-Java-Hierarchy'}" type="org.opentest4j.AssertionFailedError">org.opentest4j.AssertionFailedError: Unexpected exception thrown: de.uka.ilkd.key.proof.io.ProblemLoaderException: JavaBuildingIssue{node=super.$prepare()range=Optional.empty, message='Unsupported element detected given by Java Parser: MethodCallExpr. Please extend the KeY-Java-Hierarchy'}
	at app//org.junit.jupiter.api.AssertionFailureBuilder.build(AssertionFailureBuilder.java:152)
	at app//org.junit.jupiter.api.AssertDoesNotThrow.createAssertionFailedError(AssertDoesNotThrow.java:84)
	at app//org.junit.jupiter.api.AssertDoesNotThrow.assertDoesNotThrow(AssertDoesNotThrow.java:75)
	at app//org.junit.jupiter.api.AssertDoesNotThrow.assertDoesNotThrow(AssertDoesNotThrow.java:58)
	at app//org.junit.jupiter.api.Assertions.assertDoesNotThrow(Assertions.java:3196)
	at app//de.uka.ilkd.key.logic.TestTermLabelManager.testGetSupportedTermLabelNames(TestTermLabelManager.java:552)
	at java.base@17.0.7/jdk.internal.reflect.NativeMethodAccessorImpl.invoke0(Native Method)
	at java.base@17.0.7/jdk.internal.reflect.NativeMethodAccessorImpl.invoke(NativeMethodAccessorImpl.java:77)
	at java.base@17.0.7/jdk.internal.reflect.DelegatingMethodAccessorImpl.invoke(DelegatingMethodAccessorImpl.java:43)
	at java.base@17.0.7/java.lang.reflect.Method.invoke(Method.java:568)
	at app//org.junit.platform.commons.util.ReflectionUtils.invokeMethod(ReflectionUtils.java:727)
	at app//org.junit.jupiter.engine.execution.MethodInvocation.proceed(MethodInvocation.java:60)
	at app//org.junit.jupiter.engine.execution.InvocationInterceptorChain$ValidatingInvocation.proceed(InvocationInterceptorChain.java:131)
	at app//org.junit.jupiter.engine.extension.TimeoutExtension.intercept(TimeoutExtension.java:156)
	at app//org.junit.jupiter.engine.extension.TimeoutExtension.interceptTestableMethod(TimeoutExtension.java:147)
	at app//org.junit.jupiter.engine.extension.TimeoutExtension.interceptTestMethod(TimeoutExtension.java:86)
	at app//org.junit.jupiter.engine.execution.InterceptingExecutableInvoker$ReflectiveInterceptorCall.lambda$ofVoidMethod$0(InterceptingExecutableInvoker.java:103)
	at app//org.junit.jupiter.engine.execution.InterceptingExecutableInvoker.lambda$invoke$0(InterceptingExecutableInvoker.java:93)
	at app//org.junit.jupiter.engine.execution.InvocationInterceptorChain$InterceptedInvocation.proceed(InvocationInterceptorChain.java:106)
	at app//org.junit.jupiter.engine.execution.InvocationInterceptorChain.proceed(InvocationInterceptorChain.java:64)
	at app//org.junit.jupiter.engine.execution.InvocationInterceptorChain.chainAndInvoke(InvocationInterceptorChain.java:45)
	at app//org.junit.jupiter.engine.execution.InvocationInterceptorChain.invoke(InvocationInterceptorChain.java:37)
	at app//org.junit.jupiter.engine.execution.InterceptingExecutableInvoker.invoke(InterceptingExecutableInvoker.java:92)
	at app//org.junit.jupiter.engine.execution.InterceptingExecutableInvoker.invoke(InterceptingExecutableInvoker.java:86)
	at app//org.junit.jupiter.engine.descriptor.TestMethodTestDescriptor.lambda$invokeTestMethod$7(TestMethodTestDescriptor.java:217)
	at app//org.junit.platform.engine.support.hierarchical.ThrowableCollector.execute(ThrowableCollector.java:73)
	at app//org.junit.jupiter.engine.descriptor.TestMethodTestDescriptor.invokeTestMethod(TestMethodTestDescriptor.java:213)
	at app//org.junit.jupiter.engine.descriptor.TestMethodTestDescriptor.execute(TestMethodTestDescriptor.java:138)
	at app//org.junit.jupiter.engine.descriptor.TestMethodTestDescriptor.execute(TestMethodTestDescriptor.java:68)
	at app//org.junit.platform.engine.support.hierarchical.NodeTestTask.lambda$executeRecursively$6(NodeTestTask.java:151)
	at app//org.junit.platform.engine.support.hierarchical.ThrowableCollector.execute(ThrowableCollector.java:73)
	at app//org.junit.platform.engine.support.hierarchical.NodeTestTask.lambda$executeRecursively$8(NodeTestTask.java:141)
	at app//org.junit.platform.engine.support.hierarchical.Node.around(Node.java:137)
	at app//org.junit.platform.engine.support.hierarchical.NodeTestTask.lambda$executeRecursively$9(NodeTestTask.java:139)
	at app//org.junit.platform.engine.support.hierarchical.ThrowableCollector.execute(ThrowableCollector.java:73)
	at app//org.junit.platform.engine.support.hierarchical.NodeTestTask.executeRecursively(NodeTestTask.java:138)
	at app//org.junit.platform.engine.support.hierarchical.NodeTestTask.execute(NodeTestTask.java:95)
	at java.base@17.0.7/java.util.ArrayList.forEach(ArrayList.java:1511)
	at app//org.junit.platform.engine.support.hierarchical.SameThreadHierarchicalTestExecutorService.invokeAll(SameThreadHierarchicalTestExecutorService.java:41)
	at app//org.junit.platform.engine.support.hierarchical.NodeTestTask.lambda$executeRecursively$6(NodeTestTask.java:155)
	at app//org.junit.platform.engine.support.hierarchical.ThrowableCollector.execute(ThrowableCollector.java:73)
	at app//org.junit.platform.engine.support.hierarchical.NodeTestTask.lambda$executeRecursively$8(NodeTestTask.java:141)
	at app//org.junit.platform.engine.support.hierarchical.Node.around(Node.java:137)
	at app//org.junit.platform.engine.support.hierarchical.NodeTestTask.lambda$executeRecursively$9(NodeTestTask.java:139)
	at app//org.junit.platform.engine.support.hierarchical.ThrowableCollector.execute(ThrowableCollector.java:73)
	at app//org.junit.platform.engine.support.hierarchical.NodeTestTask.executeRecursively(NodeTestTask.java:138)
	at app//org.junit.platform.engine.support.hierarchical.NodeTestTask.execute(NodeTestTask.java:95)
	at java.base@17.0.7/java.util.ArrayList.forEach(ArrayList.java:1511)
	at app//org.junit.platform.engine.support.hierarchical.SameThreadHierarchicalTestExecutorService.invokeAll(SameThreadHierarchicalTestExecutorService.java:41)
	at app//org.junit.platform.engine.support.hierarchical.NodeTestTask.lambda$executeRecursively$6(NodeTestTask.java:155)
	at app//org.junit.platform.engine.support.hierarchical.ThrowableCollector.execute(ThrowableCollector.java:73)
	at app//org.junit.platform.engine.support.hierarchical.NodeTestTask.lambda$executeRecursively$8(NodeTestTask.java:141)
	at app//org.junit.platform.engine.support.hierarchical.Node.around(Node.java:137)
	at app//org.junit.platform.engine.support.hierarchical.NodeTestTask.lambda$executeRecursively$9(NodeTestTask.java:139)
	at app//org.junit.platform.engine.support.hierarchical.ThrowableCollector.execute(ThrowableCollector.java:73)
	at app//org.junit.platform.engine.support.hierarchical.NodeTestTask.executeRecursively(NodeTestTask.java:138)
	at app//org.junit.platform.engine.support.hierarchical.NodeTestTask.execute(NodeTestTask.java:95)
	at app//org.junit.platform.engine.support.hierarchical.SameThreadHierarchicalTestExecutorService.submit(SameThreadHierarchicalTestExecutorService.java:35)
	at app//org.junit.platform.engine.support.hierarchical.HierarchicalTestExecutor.execute(HierarchicalTestExecutor.java:57)
	at app//org.junit.platform.engine.support.hierarchical.HierarchicalTestEngine.execute(HierarchicalTestEngine.java:54)
	at app//org.junit.platform.launcher.core.EngineExecutionOrchestrator.execute(EngineExecutionOrchestrator.java:107)
	at app//org.junit.platform.launcher.core.EngineExecutionOrchestrator.execute(EngineExecutionOrchestrator.java:88)
	at app//org.junit.platform.launcher.core.EngineExecutionOrchestrator.lambda$execute$0(EngineExecutionOrchestrator.java:54)
	at app//org.junit.platform.launcher.core.EngineExecutionOrchestrator.withInterceptedStreams(EngineExecutionOrchestrator.java:67)
	at app//org.junit.platform.launcher.core.EngineExecutionOrchestrator.execute(EngineExecutionOrchestrator.java:52)
	at app//org.junit.platform.launcher.core.DefaultLauncher.execute(DefaultLauncher.java:114)
	at app//org.junit.platform.launcher.core.DefaultLauncher.execute(DefaultLauncher.java:86)
	at app//org.junit.platform.launcher.core.DefaultLauncherSession$DelegatingLauncher.execute(DefaultLauncherSession.java:86)
	at org.gradle.api.internal.tasks.testing.junitplatform.JUnitPlatformTestClassProcessor$CollectAllTestClassesExecutor.processAllTestClasses(JUnitPlatformTestClassProcessor.java:110)
	at org.gradle.api.internal.tasks.testing.junitplatform.JUnitPlatformTestClassProcessor$CollectAllTestClassesExecutor.access$000(JUnitPlatformTestClassProcessor.java:90)
	at org.gradle.api.internal.tasks.testing.junitplatform.JUnitPlatformTestClassProcessor.stop(JUnitPlatformTestClassProcessor.java:85)
	at org.gradle.api.internal.tasks.testing.SuiteTestClassProcessor.stop(SuiteTestClassProcessor.java:62)
	at java.base@17.0.7/jdk.internal.reflect.NativeMethodAccessorImpl.invoke0(Native Method)
	at java.base@17.0.7/jdk.internal.reflect.NativeMethodAccessorImpl.invoke(NativeMethodAccessorImpl.java:77)
	at java.base@17.0.7/jdk.internal.reflect.DelegatingMethodAccessorImpl.invoke(DelegatingMethodAccessorImpl.java:43)
	at java.base@17.0.7/java.lang.reflect.Method.invoke(Method.java:568)
	at org.gradle.internal.dispatch.ReflectionDispatch.dispatch(ReflectionDispatch.java:36)
	at org.gradle.internal.dispatch.ReflectionDispatch.dispatch(ReflectionDispatch.java:24)
	at org.gradle.internal.dispatch.ContextClassLoaderDispatch.dispatch(ContextClassLoaderDispatch.java:33)
	at org.gradle.internal.dispatch.ProxyDispatchAdapter$DispatchingInvocationHandler.invoke(ProxyDispatchAdapter.java:94)
	at jdk.proxy2/jdk.proxy2.$Proxy5.stop(Unknown Source)
	at org.gradle.api.internal.tasks.testing.worker.TestWorker$3.run(TestWorker.java:193)
	at org.gradle.api.internal.tasks.testing.worker.TestWorker.executeAndMaintainThreadName(TestWorker.java:129)
	at org.gradle.api.internal.tasks.testing.worker.TestWorker.execute(TestWorker.java:100)
	at org.gradle.api.internal.tasks.testing.worker.TestWorker.execute(TestWorker.java:60)
	at org.gradle.process.internal.worker.child.ActionExecutionWorker.execute(ActionExecutionWorker.java:56)
	at org.gradle.process.internal.worker.child.SystemApplicationClassLoaderWorker.call(SystemApplicationClassLoaderWorker.java:113)
	at org.gradle.process.internal.worker.child.SystemApplicationClassLoaderWorker.call(SystemApplicationClassLoaderWorker.java:65)
	at app//worker.org.gradle.process.internal.worker.GradleWorkerMain.run(GradleWorkerMain.java:69)
	at app//worker.org.gradle.process.internal.worker.GradleWorkerMain.main(GradleWorkerMain.java:74)
Caused by: JavaBuildingIssue{node=super.$prepare()range=Optional.empty, message='Unsupported element detected given by Java Parser: MethodCallExpr. Please extend the KeY-Java-Hierarchy'} (file: src/test/resources/testcase/termLabels/flatSteps/FlatSteps.java; caused by: JavaBuildingExceptions{issues=[JavaBuildingIssue{node=super.$prepare()range=Optional.empty, message='Unsupported element detected given by Java Parser: MethodCallExpr. Please extend the KeY-Java-Hierarchy'}]})
	at app//de.uka.ilkd.key.control.AbstractUserInterfaceControl.load(AbstractUserInterfaceControl.java:225)
	at app//de.uka.ilkd.key.control.KeYEnvironment.load(KeYEnvironment.java:282)
	at app//de.uka.ilkd.key.control.KeYEnvironment.load(KeYEnvironment.java:251)
	at app//de.uka.ilkd.key.control.KeYEnvironment.load(KeYEnvironment.java:225)
	at app//de.uka.ilkd.key.control.KeYEnvironment.load(KeYEnvironment.java:185)
	at app//de.uka.ilkd.key.logic.TestTermLabelManager.createTestServices(TestTermLabelManager.java:584)
	at app//de.uka.ilkd.key.logic.TestTermLabelManager.lambda$testGetSupportedTermLabelNames$9(TestTermLabelManager.java:553)
	at app//org.junit.jupiter.api.AssertDoesNotThrow.assertDoesNotThrow(AssertDoesNotThrow.java:71)
	... 87 more
Caused by: JavaBuildingExceptions{issues=[JavaBuildingIssue{node=super.$prepare()range=Optional.empty, message='Unsupported element detected given by Java Parser: MethodCallExpr. Please extend the KeY-Java-Hierarchy'}]}
	at app//de.uka.ilkd.key.java.JP2KeYVisitor.reportError(JP2KeYConverter.java:119)
	at app//de.uka.ilkd.key.java.JP2KeYVisitor.reportUnsupportedElement(JP2KeYConverter.java:123)
	at app//de.uka.ilkd.key.java.JP2KeYVisitor.visit(JP2KeYConverter.java:708)
	at app//de.uka.ilkd.key.java.JP2KeYVisitor.visit(JP2KeYConverter.java:91)
	at app//com.github.javaparser.ast.expr.MethodCallExpr.accept(MethodCallExpr.java:116)
	at app//de.uka.ilkd.key.java.JP2KeYVisitor.accept(JP2KeYConverter.java:374)
	at app//de.uka.ilkd.key.java.JP2KeYVisitor.visit(JP2KeYConverter.java:541)
	at app//de.uka.ilkd.key.java.JP2KeYVisitor.visit(JP2KeYConverter.java:91)
	at app//com.github.javaparser.ast.stmt.ExpressionStmt.accept(ExpressionStmt.java:71)
	at app//de.uka.ilkd.key.java.JP2KeYVisitor.map(JP2KeYConverter.java:430)
	at app//de.uka.ilkd.key.java.JP2KeYVisitor.visit(JP2KeYConverter.java:279)
	at app//de.uka.ilkd.key.java.JP2KeYVisitor.visit(JP2KeYConverter.java:91)
	at app//com.github.javaparser.ast.stmt.BlockStmt.accept(BlockStmt.java:70)
	at app//de.uka.ilkd.key.java.JP2KeYVisitor.accept(JP2KeYConverter.java:374)
	at app//de.uka.ilkd.key.java.JP2KeYVisitor.accepto(JP2KeYConverter.java:447)
	at app//de.uka.ilkd.key.java.JP2KeYVisitor.visit(JP2KeYConverter.java:737)
	at app//de.uka.ilkd.key.java.JP2KeYVisitor.visit(JP2KeYConverter.java:91)
	at app//com.github.javaparser.ast.body.MethodDeclaration.accept(MethodDeclaration.java:98)
	at app//de.uka.ilkd.key.java.JP2KeYVisitor.map(JP2KeYConverter.java:430)
	at app//de.uka.ilkd.key.java.JP2KeYVisitor.visit(JP2KeYConverter.java:331)
	at app//de.uka.ilkd.key.java.JP2KeYVisitor.visit(JP2KeYConverter.java:91)
	at app//com.github.javaparser.ast.body.ClassOrInterfaceDeclaration.accept(ClassOrInterfaceDeclaration.java:95)
	at app//de.uka.ilkd.key.java.JP2KeYVisitor.map(JP2KeYConverter.java:430)
	at app//de.uka.ilkd.key.java.JP2KeYVisitor.visit(JP2KeYConverter.java:419)
	at app//de.uka.ilkd.key.java.JP2KeYVisitor.visit(JP2KeYConverter.java:91)
	at app//com.github.javaparser.ast.CompilationUnit.accept(CompilationUnit.java:124)
	at app//de.uka.ilkd.key.java.JP2KeYConverter.process(JP2KeYConverter.java:85)
	at app//de.uka.ilkd.key.java.JP2KeYConverter.processCompilationUnit(JP2KeYConverter.java:81)
	at app//de.uka.ilkd.key.java.JavaService.parseLibraryClasses0(JavaService.java:545)
	at app//de.uka.ilkd.key.java.JavaService.parseSpecialClasses(JavaService.java:520)
	at app//de.uka.ilkd.key.java.JavaService.recoderCompilationUnitsAsFiles(JavaService.java:177)
	at app//de.uka.ilkd.key.java.JavaService.readCompilationUnitsAsFiles(JavaService.java:153)
	at app//de.uka.ilkd.key.proof.init.ProblemInitializer.readJava(ProblemInitializer.java:277)
	at app//de.uka.ilkd.key.proof.init.ProblemInitializer.prepare(ProblemInitializer.java:529)
	at app//de.uka.ilkd.key.proof.init.ProblemInitializer.prepare(ProblemInitializer.java:471)
	at app//de.uka.ilkd.key.proof.io.AbstractProblemLoader.createInitConfig(AbstractProblemLoader.java:557)
	at app//de.uka.ilkd.key.proof.io.AbstractProblemLoader.loadEnvironment(AbstractProblemLoader.java:317)
	at app//de.uka.ilkd.key.proof.io.AbstractProblemLoader.load(AbstractProblemLoader.java:275)
	at app//de.uka.ilkd.key.proof.io.AbstractProblemLoader.load(AbstractProblemLoader.java:257)
	at app//de.uka.ilkd.key.control.AbstractUserInterfaceControl.load(AbstractUserInterfaceControl.java:212)
	... 94 more
</failure>
  </testcase>
  <system-out><![CDATA[]]></system-out>
  <system-err><![CDATA[17191      INFO  Test worker     d.u.i.k.p.i.AbstractProblemLoader Loading environment from src/test/resources/testcase/termLabels/flatSteps/FlatSteps.java 
17307      DEBUG Test worker     d.u.i.k.p.i.AbstractProblemLoader Environment load took 85.32ms 
17308      INFO  Test worker     d.u.i.k.p.i.AbstractProblemLoader Creating init config 
18231      ERROR Test worker     d.u.i.k.n.b.AbstractBuilder  de.uka.ilkd.key.java.JavaBuildingExceptions: JavaBuildingIssue{node=PrintStream.$allocate()range=Optional.empty, message='Unsupported element detected given by Java Parser: MethodCallExpr. Please extend the KeY-Java-Hierarchy'}
	at de.uka.ilkd.key.java.JP2KeYVisitor.reportError(JP2KeYConverter.java:119)

18233      ERROR Test worker     d.u.i.k.n.b.TacletPBuilder Error in parsing taclet. de.uka.ilkd.key.util.parsing.BuildingException: JavaBuildingIssue{node=PrintStream.$allocate()range=Optional.empty, message='Unsupported element detected given by Java Parser: MethodCallExpr. Please extend the KeY-Java-Hierarchy'} at file:/home/runner/work/key/key/key.core/build/resources/main/de/uka/ilkd/key/proof/rules/integerRulesCommon.key:37:15
	at de.uka.ilkd.key.nparser.builder.AbstractBuilder.accept(AbstractBuilder.java:54)
Caused by: de.uka.ilkd.key.java.JavaBuildingExceptions: JavaBuildingIssue{node=PrintStream.$allocate()range=Optional.empty, message='Unsupported element detected given by Java Parser: MethodCallExpr. Please extend the KeY-Java-Hierarchy'}
	at de.uka.ilkd.key.java.JP2KeYVisitor.reportError(JP2KeYConverter.java:119)

18719      ERROR Test worker     d.u.i.k.n.b.AbstractBuilder  de.uka.ilkd.key.java.JavaBuildingExceptions: JavaBuildingIssue{node=PrintStream.$allocate()range=Optional.empty, message='Unsupported element detected given by Java Parser: MethodCallExpr. Please extend the KeY-Java-Hierarchy'}
	at de.uka.ilkd.key.java.JP2KeYVisitor.reportError(JP2KeYConverter.java:119)

18727      ERROR Test worker     d.u.i.k.n.b.TacletPBuilder Error in parsing taclet. de.uka.ilkd.key.util.parsing.BuildingException: JavaBuildingIssue{node=PrintStream.$allocate()range=Optional.empty, message='Unsupported element detected given by Java Parser: MethodCallExpr. Please extend the KeY-Java-Hierarchy'} at file:/home/runner/work/key/key/key.core/build/resources/main/de/uka/ilkd/key/proof/rules/integerRulesCommon.key:43:15
	at de.uka.ilkd.key.nparser.builder.AbstractBuilder.accept(AbstractBuilder.java:54)
Caused by: de.uka.ilkd.key.java.JavaBuildingExceptions: JavaBuildingIssue{node=PrintStream.$allocate()range=Optional.empty, message='Unsupported element detected given by Java Parser: MethodCallExpr. Please extend the KeY-Java-Hierarchy'}
	at de.uka.ilkd.key.java.JP2KeYVisitor.reportError(JP2KeYConverter.java:119)

19084      ERROR Test worker     d.u.i.k.n.b.AbstractBuilder  de.uka.ilkd.key.java.JavaBuildingExceptions: JavaBuildingIssue{node=PrintStream.$allocate()range=Optional.empty, message='Unsupported element detected given by Java Parser: MethodCallExpr. Please extend the KeY-Java-Hierarchy'}
	at de.uka.ilkd.key.java.JP2KeYVisitor.reportError(JP2KeYConverter.java:119)

19085      ERROR Test worker     d.u.i.k.n.b.TacletPBuilder Error in parsing taclet. de.uka.ilkd.key.util.parsing.BuildingException: JavaBuildingIssue{node=PrintStream.$allocate()range=Optional.empty, message='Unsupported element detected given by Java Parser: MethodCallExpr. Please extend the KeY-Java-Hierarchy'} at file:/home/runner/work/key/key/key.core/build/resources/main/de/uka/ilkd/key/proof/rules/integerRulesCommon.key:52:15
	at de.uka.ilkd.key.nparser.builder.AbstractBuilder.accept(AbstractBuilder.java:54)
Caused by: de.uka.ilkd.key.java.JavaBuildingExceptions: JavaBuildingIssue{node=PrintStream.$allocate()range=Optional.empty, message='Unsupported element detected given by Java Parser: MethodCallExpr. Please extend the KeY-Java-Hierarchy'}
	at de.uka.ilkd.key.java.JP2KeYVisitor.reportError(JP2KeYConverter.java:119)

19588      ERROR Test worker     d.u.i.k.n.b.AbstractBuilder  de.uka.ilkd.key.java.JavaBuildingExceptions: JavaBuildingIssue{node=PrintStream.$allocate()range=Optional.empty, message='Unsupported element detected given by Java Parser: MethodCallExpr. Please extend the KeY-Java-Hierarchy'}
	at de.uka.ilkd.key.java.JP2KeYVisitor.reportError(JP2KeYConverter.java:119)

19590      ERROR Test worker     d.u.i.k.n.b.TacletPBuilder Error in parsing taclet. de.uka.ilkd.key.util.parsing.BuildingException: JavaBuildingIssue{node=PrintStream.$allocate()range=Optional.empty, message='Unsupported element detected given by Java Parser: MethodCallExpr. Please extend the KeY-Java-Hierarchy'} at file:/home/runner/work/key/key/key.core/build/resources/main/de/uka/ilkd/key/proof/rules/integerRulesCommon.key:65:15
	at de.uka.ilkd.key.nparser.builder.AbstractBuilder.accept(AbstractBuilder.java:54)
Caused by: de.uka.ilkd.key.java.JavaBuildingExceptions: JavaBuildingIssue{node=PrintStream.$allocate()range=Optional.empty, message='Unsupported element detected given by Java Parser: MethodCallExpr. Please extend the KeY-Java-Hierarchy'}
	at de.uka.ilkd.key.java.JP2KeYVisitor.reportError(JP2KeYConverter.java:119)

20004      ERROR Test worker     d.u.i.k.n.b.AbstractBuilder  de.uka.ilkd.key.java.JavaBuildingExceptions: JavaBuildingIssue{node=PrintStream.$allocate()range=Optional.empty, message='Unsupported element detected given by Java Parser: MethodCallExpr. Please extend the KeY-Java-Hierarchy'}
	at de.uka.ilkd.key.java.JP2KeYVisitor.reportError(JP2KeYConverter.java:119)

20006      ERROR Test worker     d.u.i.k.n.b.TacletPBuilder Error in parsing taclet. de.uka.ilkd.key.util.parsing.BuildingException: JavaBuildingIssue{node=PrintStream.$allocate()range=Optional.empty, message='Unsupported element detected given by Java Parser: MethodCallExpr. Please extend the KeY-Java-Hierarchy'} at file:/home/runner/work/key/key/key.core/build/resources/main/de/uka/ilkd/key/proof/rules/integerRulesCommon.key:73:15
	at de.uka.ilkd.key.nparser.builder.AbstractBuilder.accept(AbstractBuilder.java:54)
Caused by: de.uka.ilkd.key.java.JavaBuildingExceptions: JavaBuildingIssue{node=PrintStream.$allocate()range=Optional.empty, message='Unsupported element detected given by Java Parser: MethodCallExpr. Please extend the KeY-Java-Hierarchy'}
	at de.uka.ilkd.key.java.JP2KeYVisitor.reportError(JP2KeYConverter.java:119)

20339      ERROR Test worker     d.u.i.k.n.b.AbstractBuilder  de.uka.ilkd.key.java.JavaBuildingExceptions: JavaBuildingIssue{node=PrintStream.$allocate()range=Optional.empty, message='Unsupported element detected given by Java Parser: MethodCallExpr. Please extend the KeY-Java-Hierarchy'}
	at de.uka.ilkd.key.java.JP2KeYVisitor.reportError(JP2KeYConverter.java:119)

20340      ERROR Test worker     d.u.i.k.n.b.TacletPBuilder Error in parsing taclet. de.uka.ilkd.key.util.parsing.BuildingException: JavaBuildingIssue{node=PrintStream.$allocate()range=Optional.empty, message='Unsupported element detected given by Java Parser: MethodCallExpr. Please extend the KeY-Java-Hierarchy'} at file:/home/runner/work/key/key/key.core/build/resources/main/de/uka/ilkd/key/proof/rules/integerRulesCommon.key:81:15
	at de.uka.ilkd.key.nparser.builder.AbstractBuilder.accept(AbstractBuilder.java:54)
Caused by: de.uka.ilkd.key.java.JavaBuildingExceptions: JavaBuildingIssue{node=PrintStream.$allocate()range=Optional.empty, message='Unsupported element detected given by Java Parser: MethodCallExpr. Please extend the KeY-Java-Hierarchy'}
	at de.uka.ilkd.key.java.JP2KeYVisitor.reportError(JP2KeYConverter.java:119)

20622      ERROR Test worker     d.u.i.k.n.b.AbstractBuilder  de.uka.ilkd.key.java.JavaBuildingExceptions: JavaBuildingIssue{node=PrintStream.$allocate()range=Optional.empty, message='Unsupported element detected given by Java Parser: MethodCallExpr. Please extend the KeY-Java-Hierarchy'}
	at de.uka.ilkd.key.java.JP2KeYVisitor.reportError(JP2KeYConverter.java:119)

20624      ERROR Test worker     d.u.i.k.n.b.TacletPBuilder Error in parsing taclet. de.uka.ilkd.key.util.parsing.BuildingException: JavaBuildingIssue{node=PrintStream.$allocate()range=Optional.empty, message='Unsupported element detected given by Java Parser: MethodCallExpr. Please extend the KeY-Java-Hierarchy'} at file:/home/runner/work/key/key/key.core/build/resources/main/de/uka/ilkd/key/proof/rules/integerRulesCommon.key:89:15
	at de.uka.ilkd.key.nparser.builder.AbstractBuilder.accept(AbstractBuilder.java:54)
Caused by: de.uka.ilkd.key.java.JavaBuildingExceptions: JavaBuildingIssue{node=PrintStream.$allocate()range=Optional.empty, message='Unsupported element detected given by Java Parser: MethodCallExpr. Please extend the KeY-Java-Hierarchy'}
	at de.uka.ilkd.key.java.JP2KeYVisitor.reportError(JP2KeYConverter.java:119)

20906      ERROR Test worker     d.u.i.k.n.b.AbstractBuilder  de.uka.ilkd.key.java.JavaBuildingExceptions: JavaBuildingIssue{node=PrintStream.$allocate()range=Optional.empty, message='Unsupported element detected given by Java Parser: MethodCallExpr. Please extend the KeY-Java-Hierarchy'}
	at de.uka.ilkd.key.java.JP2KeYVisitor.reportError(JP2KeYConverter.java:119)

20907      ERROR Test worker     d.u.i.k.n.b.TacletPBuilder Error in parsing taclet. de.uka.ilkd.key.util.parsing.BuildingException: JavaBuildingIssue{node=PrintStream.$allocate()range=Optional.empty, message='Unsupported element detected given by Java Parser: MethodCallExpr. Please extend the KeY-Java-Hierarchy'} at file:/home/runner/work/key/key/key.core/build/resources/main/de/uka/ilkd/key/proof/rules/integerRulesCommon.key:97:15
	at de.uka.ilkd.key.nparser.builder.AbstractBuilder.accept(AbstractBuilder.java:54)
Caused by: de.uka.ilkd.key.java.JavaBuildingExceptions: JavaBuildingIssue{node=PrintStream.$allocate()range=Optional.empty, message='Unsupported element detected given by Java Parser: MethodCallExpr. Please extend the KeY-Java-Hierarchy'}
	at de.uka.ilkd.key.java.JP2KeYVisitor.reportError(JP2KeYConverter.java:119)

21198      ERROR Test worker     d.u.i.k.n.b.AbstractBuilder  de.uka.ilkd.key.java.JavaBuildingExceptions: JavaBuildingIssue{node=PrintStream.$allocate()range=Optional.empty, message='Unsupported element detected given by Java Parser: MethodCallExpr. Please extend the KeY-Java-Hierarchy'}
	at de.uka.ilkd.key.java.JP2KeYVisitor.reportError(JP2KeYConverter.java:119)

21200      ERROR Test worker     d.u.i.k.n.b.TacletPBuilder Error in parsing taclet. de.uka.ilkd.key.util.parsing.BuildingException: JavaBuildingIssue{node=PrintStream.$allocate()range=Optional.empty, message='Unsupported element detected given by Java Parser: MethodCallExpr. Please extend the KeY-Java-Hierarchy'} at file:/home/runner/work/key/key/key.core/build/resources/main/de/uka/ilkd/key/proof/rules/integerRulesCommon.key:105:15
	at de.uka.ilkd.key.nparser.builder.AbstractBuilder.accept(AbstractBuilder.java:54)
Caused by: de.uka.ilkd.key.java.JavaBuildingExceptions: JavaBuildingIssue{node=PrintStream.$allocate()range=Optional.empty, message='Unsupported element detected given by Java Parser: MethodCallExpr. Please extend the KeY-Java-Hierarchy'}
	at de.uka.ilkd.key.java.JP2KeYVisitor.reportError(JP2KeYConverter.java:119)

21493      ERROR Test worker     d.u.i.k.n.b.AbstractBuilder  de.uka.ilkd.key.java.JavaBuildingExceptions: JavaBuildingIssue{node=PrintStream.$allocate()range=Optional.empty, message='Unsupported element detected given by Java Parser: MethodCallExpr. Please extend the KeY-Java-Hierarchy'}
	at de.uka.ilkd.key.java.JP2KeYVisitor.reportError(JP2KeYConverter.java:119)

21494      ERROR Test worker     d.u.i.k.n.b.TacletPBuilder Error in parsing taclet. de.uka.ilkd.key.util.parsing.BuildingException: JavaBuildingIssue{node=PrintStream.$allocate()range=Optional.empty, message='Unsupported element detected given by Java Parser: MethodCallExpr. Please extend the KeY-Java-Hierarchy'} at file:/home/runner/work/key/key/key.core/build/resources/main/de/uka/ilkd/key/proof/rules/integerRulesCommon.key:113:15
	at de.uka.ilkd.key.nparser.builder.AbstractBuilder.accept(AbstractBuilder.java:54)
Caused by: de.uka.ilkd.key.java.JavaBuildingExceptions: JavaBuildingIssue{node=PrintStream.$allocate()range=Optional.empty, message='Unsupported element detected given by Java Parser: MethodCallExpr. Please extend the KeY-Java-Hierarchy'}
	at de.uka.ilkd.key.java.JP2KeYVisitor.reportError(JP2KeYConverter.java:119)

21843      ERROR Test worker     d.u.i.k.n.b.AbstractBuilder  de.uka.ilkd.key.java.JavaBuildingExceptions: JavaBuildingIssue{node=PrintStream.$allocate()range=Optional.empty, message='Unsupported element detected given by Java Parser: MethodCallExpr. Please extend the KeY-Java-Hierarchy'}
	at de.uka.ilkd.key.java.JP2KeYVisitor.reportError(JP2KeYConverter.java:119)

21845      ERROR Test worker     d.u.i.k.n.b.TacletPBuilder Error in parsing taclet. de.uka.ilkd.key.util.parsing.BuildingException: JavaBuildingIssue{node=PrintStream.$allocate()range=Optional.empty, message='Unsupported element detected given by Java Parser: MethodCallExpr. Please extend the KeY-Java-Hierarchy'} at file:/home/runner/work/key/key/key.core/build/resources/main/de/uka/ilkd/key/proof/rules/integerRulesCommon.key:120:15
	at de.uka.ilkd.key.nparser.builder.AbstractBuilder.accept(AbstractBuilder.java:54)
Caused by: de.uka.ilkd.key.java.JavaBuildingExceptions: JavaBuildingIssue{node=PrintStream.$allocate()range=Optional.empty, message='Unsupported element detected given by Java Parser: MethodCallExpr. Please extend the KeY-Java-Hierarchy'}
	at de.uka.ilkd.key.java.JP2KeYVisitor.reportError(JP2KeYConverter.java:119)

22320      ERROR Test worker     d.u.i.k.n.b.AbstractBuilder  de.uka.ilkd.key.java.JavaBuildingExceptions: JavaBuildingIssue{node=PrintStream.$allocate()range=Optional.empty, message='Unsupported element detected given by Java Parser: MethodCallExpr. Please extend the KeY-Java-Hierarchy'}
	at de.uka.ilkd.key.java.JP2KeYVisitor.reportError(JP2KeYConverter.java:119)

22320      ERROR Test worker     d.u.i.k.n.b.TacletPBuilder Error in parsing taclet. de.uka.ilkd.key.util.parsing.BuildingException: JavaBuildingIssue{node=PrintStream.$allocate()range=Optional.empty, message='Unsupported element detected given by Java Parser: MethodCallExpr. Please extend the KeY-Java-Hierarchy'} at file:/home/runner/work/key/key/key.core/build/resources/main/de/uka/ilkd/key/proof/rules/integerRulesCommon.key:127:15
	at de.uka.ilkd.key.nparser.builder.AbstractBuilder.accept(AbstractBuilder.java:54)
Caused by: de.uka.ilkd.key.java.JavaBuildingExceptions: JavaBuildingIssue{node=PrintStream.$allocate()range=Optional.empty, message='Unsupported element detected given by Java Parser: MethodCallExpr. Please extend the KeY-Java-Hierarchy'}
	at de.uka.ilkd.key.java.JP2KeYVisitor.reportError(JP2KeYConverter.java:119)

23004      DEBUG Test worker     d.u.i.k.j.TypeConverter   No LDT found for Meta 
23005      DEBUG Test worker     d.u.i.k.j.TypeConverter   No LDT found for Meta 
23022      DEBUG Test worker     d.u.i.k.j.TypeConverter   No LDT found for Meta 
23023      DEBUG Test worker     d.u.i.k.j.TypeConverter   No LDT found for Meta 
24209      ERROR Test worker     d.u.i.k.n.b.AbstractBuilder  de.uka.ilkd.key.java.JavaBuildingExceptions: JavaBuildingIssue{node=PrintStream.$allocate()range=Optional.empty, message='Unsupported element detected given by Java Parser: MethodCallExpr. Please extend the KeY-Java-Hierarchy'}
	at de.uka.ilkd.key.java.JP2KeYVisitor.reportError(JP2KeYConverter.java:119)

24209      ERROR Test worker     d.u.i.k.n.b.TacletPBuilder Error in parsing taclet. de.uka.ilkd.key.util.parsing.BuildingException: JavaBuildingIssue{node=PrintStream.$allocate()range=Optional.empty, message='Unsupported element detected given by Java Parser: MethodCallExpr. Please extend the KeY-Java-Hierarchy'} at file:/home/runner/work/key/key/key.core/build/resources/main/de/uka/ilkd/key/proof/rules/floatRulesAssumeStrictfp.key:77:15
	at de.uka.ilkd.key.nparser.builder.AbstractBuilder.accept(AbstractBuilder.java:54)
Caused by: de.uka.ilkd.key.java.JavaBuildingExceptions: JavaBuildingIssue{node=PrintStream.$allocate()range=Optional.empty, message='Unsupported element detected given by Java Parser: MethodCallExpr. Please extend the KeY-Java-Hierarchy'}
	at de.uka.ilkd.key.java.JP2KeYVisitor.reportError(JP2KeYConverter.java:119)

24209      ERROR Test worker     d.u.i.k.n.b.TacletPBuilder Override: #loc (program Variable) #loc (program Variable) 
24210      ERROR Test worker     d.u.i.k.n.b.TacletPBuilder Override: #se (program SimpleExpression) #se (program SimpleExpression) 
24210      ERROR Test worker     d.u.i.k.n.b.TacletPBuilder Override: post (formula) post (formula) 
24498      ERROR Test worker     d.u.i.k.n.b.AbstractBuilder  de.uka.ilkd.key.java.JavaBuildingExceptions: JavaBuildingIssue{node=PrintStream.$allocate()range=Optional.empty, message='Unsupported element detected given by Java Parser: MethodCallExpr. Please extend the KeY-Java-Hierarchy'}
	at de.uka.ilkd.key.java.JP2KeYVisitor.reportError(JP2KeYConverter.java:119)

24498      ERROR Test worker     d.u.i.k.n.b.TacletPBuilder Error in parsing taclet. de.uka.ilkd.key.util.parsing.BuildingException: JavaBuildingIssue{node=PrintStream.$allocate()range=Optional.empty, message='Unsupported element detected given by Java Parser: MethodCallExpr. Please extend the KeY-Java-Hierarchy'} at file:/home/runner/work/key/key/key.core/build/resources/main/de/uka/ilkd/key/proof/rules/floatRulesAssumeStrictfp.key:87:15
	at de.uka.ilkd.key.nparser.builder.AbstractBuilder.accept(AbstractBuilder.java:54)
Caused by: de.uka.ilkd.key.java.JavaBuildingExceptions: JavaBuildingIssue{node=PrintStream.$allocate()range=Optional.empty, message='Unsupported element detected given by Java Parser: MethodCallExpr. Please extend the KeY-Java-Hierarchy'}
	at de.uka.ilkd.key.java.JP2KeYVisitor.reportError(JP2KeYConverter.java:119)

24499      ERROR Test worker     d.u.i.k.n.b.TacletPBuilder Override: #loc (program Variable) #loc (program Variable) 
24499      ERROR Test worker     d.u.i.k.n.b.TacletPBuilder Override: #se (program SimpleExpression) #se (program SimpleExpression) 
24499      ERROR Test worker     d.u.i.k.n.b.TacletPBuilder Override: post (formula) post (formula) 
24778      ERROR Test worker     d.u.i.k.n.b.AbstractBuilder  de.uka.ilkd.key.java.JavaBuildingExceptions: JavaBuildingIssue{node=PrintStream.$allocate()range=Optional.empty, message='Unsupported element detected given by Java Parser: MethodCallExpr. Please extend the KeY-Java-Hierarchy'}
	at de.uka.ilkd.key.java.JP2KeYVisitor.reportError(JP2KeYConverter.java:119)

24778      ERROR Test worker     d.u.i.k.n.b.TacletPBuilder Error in parsing taclet. de.uka.ilkd.key.util.parsing.BuildingException: JavaBuildingIssue{node=PrintStream.$allocate()range=Optional.empty, message='Unsupported element detected given by Java Parser: MethodCallExpr. Please extend the KeY-Java-Hierarchy'} at file:/home/runner/work/key/key/key.core/build/resources/main/de/uka/ilkd/key/proof/rules/floatRulesAssumeStrictfp.key:97:15
	at de.uka.ilkd.key.nparser.builder.AbstractBuilder.accept(AbstractBuilder.java:54)
Caused by: de.uka.ilkd.key.java.JavaBuildingExceptions: JavaBuildingIssue{node=PrintStream.$allocate()range=Optional.empty, message='Unsupported element detected given by Java Parser: MethodCallExpr. Please extend the KeY-Java-Hierarchy'}
	at de.uka.ilkd.key.java.JP2KeYVisitor.reportError(JP2KeYConverter.java:119)

24779      ERROR Test worker     d.u.i.k.n.b.TacletPBuilder Override: #loc (program Variable) #loc (program Variable) 
24779      ERROR Test worker     d.u.i.k.n.b.TacletPBuilder Override: #se (program SimpleExpression) #se (program SimpleExpression) 
24779      ERROR Test worker     d.u.i.k.n.b.TacletPBuilder Override: post (formula) post (formula) 
25073      ERROR Test worker     d.u.i.k.n.b.AbstractBuilder  de.uka.ilkd.key.java.JavaBuildingExceptions: JavaBuildingIssue{node=PrintStream.$allocate()range=Optional.empty, message='Unsupported element detected given by Java Parser: MethodCallExpr. Please extend the KeY-Java-Hierarchy'}
	at de.uka.ilkd.key.java.JP2KeYVisitor.reportError(JP2KeYConverter.java:119)

25074      ERROR Test worker     d.u.i.k.n.b.TacletPBuilder Error in parsing taclet. de.uka.ilkd.key.util.parsing.BuildingException: JavaBuildingIssue{node=PrintStream.$allocate()range=Optional.empty, message='Unsupported element detected given by Java Parser: MethodCallExpr. Please extend the KeY-Java-Hierarchy'} at file:/home/runner/work/key/key/key.core/build/resources/main/de/uka/ilkd/key/proof/rules/floatRulesAssumeStrictfp.key:107:15
	at de.uka.ilkd.key.nparser.builder.AbstractBuilder.accept(AbstractBuilder.java:54)
Caused by: de.uka.ilkd.key.java.JavaBuildingExceptions: JavaBuildingIssue{node=PrintStream.$allocate()range=Optional.empty, message='Unsupported element detected given by Java Parser: MethodCallExpr. Please extend the KeY-Java-Hierarchy'}
	at de.uka.ilkd.key.java.JP2KeYVisitor.reportError(JP2KeYConverter.java:119)

25077      ERROR Test worker     d.u.i.k.n.b.TacletPBuilder Override: #loc (program Variable) #loc (program Variable) 
25077      ERROR Test worker     d.u.i.k.n.b.TacletPBuilder Override: #se (program SimpleExpression) #se (program SimpleExpression) 
25077      ERROR Test worker     d.u.i.k.n.b.TacletPBuilder Override: post (formula) post (formula) 
25359      ERROR Test worker     d.u.i.k.n.b.AbstractBuilder  de.uka.ilkd.key.java.JavaBuildingExceptions: JavaBuildingIssue{node=PrintStream.$allocate()range=Optional.empty, message='Unsupported element detected given by Java Parser: MethodCallExpr. Please extend the KeY-Java-Hierarchy'}
	at de.uka.ilkd.key.java.JP2KeYVisitor.reportError(JP2KeYConverter.java:119)

25359      ERROR Test worker     d.u.i.k.n.b.TacletPBuilder Error in parsing taclet. de.uka.ilkd.key.util.parsing.BuildingException: JavaBuildingIssue{node=PrintStream.$allocate()range=Optional.empty, message='Unsupported element detected given by Java Parser: MethodCallExpr. Please extend the KeY-Java-Hierarchy'} at file:/home/runner/work/key/key/key.core/build/resources/main/de/uka/ilkd/key/proof/rules/floatRulesAssumeStrictfp.key:117:15
	at de.uka.ilkd.key.nparser.builder.AbstractBuilder.accept(AbstractBuilder.java:54)
Caused by: de.uka.ilkd.key.java.JavaBuildingExceptions: JavaBuildingIssue{node=PrintStream.$allocate()range=Optional.empty, message='Unsupported element detected given by Java Parser: MethodCallExpr. Please extend the KeY-Java-Hierarchy'}
	at de.uka.ilkd.key.java.JP2KeYVisitor.reportError(JP2KeYConverter.java:119)

25361      ERROR Test worker     d.u.i.k.n.b.TacletPBuilder Override: #loc (program Variable) #loc (program Variable) 
25361      ERROR Test worker     d.u.i.k.n.b.TacletPBuilder Override: post (formula) post (formula) 
25640      ERROR Test worker     d.u.i.k.n.b.AbstractBuilder  de.uka.ilkd.key.java.JavaBuildingExceptions: JavaBuildingIssue{node=PrintStream.$allocate()range=Optional.empty, message='Unsupported element detected given by Java Parser: MethodCallExpr. Please extend the KeY-Java-Hierarchy'}
	at de.uka.ilkd.key.java.JP2KeYVisitor.reportError(JP2KeYConverter.java:119)

25641      ERROR Test worker     d.u.i.k.n.b.TacletPBuilder Error in parsing taclet. de.uka.ilkd.key.util.parsing.BuildingException: JavaBuildingIssue{node=PrintStream.$allocate()range=Optional.empty, message='Unsupported element detected given by Java Parser: MethodCallExpr. Please extend the KeY-Java-Hierarchy'} at file:/home/runner/work/key/key/key.core/build/resources/main/de/uka/ilkd/key/proof/rules/floatRulesAssumeStrictfp.key:128:15
	at de.uka.ilkd.key.nparser.builder.AbstractBuilder.accept(AbstractBuilder.java:54)
Caused by: de.uka.ilkd.key.java.JavaBuildingExceptions: JavaBuildingIssue{node=PrintStream.$allocate()range=Optional.empty, message='Unsupported element detected given by Java Parser: MethodCallExpr. Please extend the KeY-Java-Hierarchy'}
	at de.uka.ilkd.key.java.JP2KeYVisitor.reportError(JP2KeYConverter.java:119)

25641      ERROR Test worker     d.u.i.k.n.b.TacletPBuilder Override: #loc (program Variable) #loc (program Variable) 
25641      ERROR Test worker     d.u.i.k.n.b.TacletPBuilder Override: #se (program SimpleExpression) #se (program SimpleExpression) 
25641      ERROR Test worker     d.u.i.k.n.b.TacletPBuilder Override: post (formula) post (formula) 
25916      ERROR Test worker     d.u.i.k.n.b.AbstractBuilder  de.uka.ilkd.key.java.JavaBuildingExceptions: JavaBuildingIssue{node=PrintStream.$allocate()range=Optional.empty, message='Unsupported element detected given by Java Parser: MethodCallExpr. Please extend the KeY-Java-Hierarchy'}
	at de.uka.ilkd.key.java.JP2KeYVisitor.reportError(JP2KeYConverter.java:119)

25917      ERROR Test worker     d.u.i.k.n.b.TacletPBuilder Error in parsing taclet. de.uka.ilkd.key.util.parsing.BuildingException: JavaBuildingIssue{node=PrintStream.$allocate()range=Optional.empty, message='Unsupported element detected given by Java Parser: MethodCallExpr. Please extend the KeY-Java-Hierarchy'} at file:/home/runner/work/key/key/key.core/build/resources/main/de/uka/ilkd/key/proof/rules/floatRulesAssumeStrictfp.key:138:15
	at de.uka.ilkd.key.nparser.builder.AbstractBuilder.accept(AbstractBuilder.java:54)
Caused by: de.uka.ilkd.key.java.JavaBuildingExceptions: JavaBuildingIssue{node=PrintStream.$allocate()range=Optional.empty, message='Unsupported element detected given by Java Parser: MethodCallExpr. Please extend the KeY-Java-Hierarchy'}
	at de.uka.ilkd.key.java.JP2KeYVisitor.reportError(JP2KeYConverter.java:119)

25918      ERROR Test worker     d.u.i.k.n.b.TacletPBuilder Override: #loc (program Variable) #loc (program Variable) 
25918      ERROR Test worker     d.u.i.k.n.b.TacletPBuilder Override: #se1 (program SimpleExpression) #se1 (program SimpleExpression) 
25919      ERROR Test worker     d.u.i.k.n.b.TacletPBuilder Override: #se2 (program SimpleExpression) #se2 (program SimpleExpression) 
25919      ERROR Test worker     d.u.i.k.n.b.TacletPBuilder Override: post (formula) post (formula) 
26338      ERROR Test worker     d.u.i.k.n.b.AbstractBuilder  de.uka.ilkd.key.java.JavaBuildingExceptions: JavaBuildingIssue{node=PrintStream.$allocate()range=Optional.empty, message='Unsupported element detected given by Java Parser: MethodCallExpr. Please extend the KeY-Java-Hierarchy'}
	at de.uka.ilkd.key.java.JP2KeYVisitor.reportError(JP2KeYConverter.java:119)

26340      ERROR Test worker     d.u.i.k.n.b.TacletPBuilder Error in parsing taclet. de.uka.ilkd.key.util.parsing.BuildingException: JavaBuildingIssue{node=PrintStream.$allocate()range=Optional.empty, message='Unsupported element detected given by Java Parser: MethodCallExpr. Please extend the KeY-Java-Hierarchy'} at file:/home/runner/work/key/key/key.core/build/resources/main/de/uka/ilkd/key/proof/rules/floatRulesAssumeStrictfp.key:149:15
	at de.uka.ilkd.key.nparser.builder.AbstractBuilder.accept(AbstractBuilder.java:54)
Caused by: de.uka.ilkd.key.java.JavaBuildingExceptions: JavaBuildingIssue{node=PrintStream.$allocate()range=Optional.empty, message='Unsupported element detected given by Java Parser: MethodCallExpr. Please extend the KeY-Java-Hierarchy'}
	at de.uka.ilkd.key.java.JP2KeYVisitor.reportError(JP2KeYConverter.java:119)

26341      ERROR Test worker     d.u.i.k.n.b.TacletPBuilder Override: #loc (program Variable) #loc (program Variable) 
26341      ERROR Test worker     d.u.i.k.n.b.TacletPBuilder Override: #se (program SimpleExpression) #se (program SimpleExpression) 
26341      ERROR Test worker     d.u.i.k.n.b.TacletPBuilder Override: post (formula) post (formula) 
26611      ERROR Test worker     d.u.i.k.n.b.AbstractBuilder  de.uka.ilkd.key.java.JavaBuildingExceptions: JavaBuildingIssue{node=PrintStream.$allocate()range=Optional.empty, message='Unsupported element detected given by Java Parser: MethodCallExpr. Please extend the KeY-Java-Hierarchy'}
	at de.uka.ilkd.key.java.JP2KeYVisitor.reportError(JP2KeYConverter.java:119)

26618      ERROR Test worker     d.u.i.k.n.b.TacletPBuilder Error in parsing taclet. de.uka.ilkd.key.util.parsing.BuildingException: JavaBuildingIssue{node=PrintStream.$allocate()range=Optional.empty, message='Unsupported element detected given by Java Parser: MethodCallExpr. Please extend the KeY-Java-Hierarchy'} at file:/home/runner/work/key/key/key.core/build/resources/main/de/uka/ilkd/key/proof/rules/floatRulesAssumeStrictfp.key:159:15
	at de.uka.ilkd.key.nparser.builder.AbstractBuilder.accept(AbstractBuilder.java:54)
Caused by: de.uka.ilkd.key.java.JavaBuildingExceptions: JavaBuildingIssue{node=PrintStream.$allocate()range=Optional.empty, message='Unsupported element detected given by Java Parser: MethodCallExpr. Please extend the KeY-Java-Hierarchy'}
	at de.uka.ilkd.key.java.JP2KeYVisitor.reportError(JP2KeYConverter.java:119)

26619      ERROR Test worker     d.u.i.k.n.b.TacletPBuilder Override: #loc (program Variable) #loc (program Variable) 
26620      ERROR Test worker     d.u.i.k.n.b.TacletPBuilder Override: #se (program SimpleExpression) #se (program SimpleExpression) 
26620      ERROR Test worker     d.u.i.k.n.b.TacletPBuilder Override: post (formula) post (formula) 
26898      ERROR Test worker     d.u.i.k.n.b.AbstractBuilder  de.uka.ilkd.key.java.JavaBuildingExceptions: JavaBuildingIssue{node=PrintStream.$allocate()range=Optional.empty, message='Unsupported element detected given by Java Parser: MethodCallExpr. Please extend the KeY-Java-Hierarchy'}
	at de.uka.ilkd.key.java.JP2KeYVisitor.reportError(JP2KeYConverter.java:119)

26899      ERROR Test worker     d.u.i.k.n.b.TacletPBuilder Error in parsing taclet. de.uka.ilkd.key.util.parsing.BuildingException: JavaBuildingIssue{node=PrintStream.$allocate()range=Optional.empty, message='Unsupported element detected given by Java Parser: MethodCallExpr. Please extend the KeY-Java-Hierarchy'} at file:/home/runner/work/key/key/key.core/build/resources/main/de/uka/ilkd/key/proof/rules/floatRulesAssumeStrictfp.key:169:15
	at de.uka.ilkd.key.nparser.builder.AbstractBuilder.accept(AbstractBuilder.java:54)
Caused by: de.uka.ilkd.key.java.JavaBuildingExceptions: JavaBuildingIssue{node=PrintStream.$allocate()range=Optional.empty, message='Unsupported element detected given by Java Parser: MethodCallExpr. Please extend the KeY-Java-Hierarchy'}
	at de.uka.ilkd.key.java.JP2KeYVisitor.reportError(JP2KeYConverter.java:119)

27794      ERROR Test worker     d.u.i.k.n.b.AbstractBuilder  de.uka.ilkd.key.java.JavaBuildingExceptions: JavaBuildingIssue{node=PrintStream.$allocate()range=Optional.empty, message='Unsupported element detected given by Java Parser: MethodCallExpr. Please extend the KeY-Java-Hierarchy'}
	at de.uka.ilkd.key.java.JP2KeYVisitor.reportError(JP2KeYConverter.java:119)

27795      ERROR Test worker     d.u.i.k.n.b.TacletPBuilder Error in parsing taclet. de.uka.ilkd.key.util.parsing.BuildingException: JavaBuildingIssue{node=PrintStream.$allocate()range=Optional.empty, message='Unsupported element detected given by Java Parser: MethodCallExpr. Please extend the KeY-Java-Hierarchy'} at file:/home/runner/work/key/key/key.core/build/resources/main/de/uka/ilkd/key/proof/rules/assertions.key:16:15
	at de.uka.ilkd.key.nparser.builder.AbstractBuilder.accept(AbstractBuilder.java:54)
Caused by: de.uka.ilkd.key.java.JavaBuildingExceptions: JavaBuildingIssue{node=PrintStream.$allocate()range=Optional.empty, message='Unsupported element detected given by Java Parser: MethodCallExpr. Please extend the KeY-Java-Hierarchy'}
	at de.uka.ilkd.key.java.JP2KeYVisitor.reportError(JP2KeYConverter.java:119)

28169      ERROR Test worker     d.u.i.k.n.b.AbstractBuilder  de.uka.ilkd.key.java.JavaBuildingExceptions: JavaBuildingIssue{node=PrintStream.$allocate()range=Optional.empty, message='Unsupported element detected given by Java Parser: MethodCallExpr. Please extend the KeY-Java-Hierarchy'}
	at de.uka.ilkd.key.java.JP2KeYVisitor.reportError(JP2KeYConverter.java:119)

28170      ERROR Test worker     d.u.i.k.n.b.TacletPBuilder Error in parsing taclet. de.uka.ilkd.key.util.parsing.BuildingException: JavaBuildingIssue{node=PrintStream.$allocate()range=Optional.empty, message='Unsupported element detected given by Java Parser: MethodCallExpr. Please extend the KeY-Java-Hierarchy'} at file:/home/runner/work/key/key/key.core/build/resources/main/de/uka/ilkd/key/proof/rules/assertions.key:25:15
	at de.uka.ilkd.key.nparser.builder.AbstractBuilder.accept(AbstractBuilder.java:54)
Caused by: de.uka.ilkd.key.java.JavaBuildingExceptions: JavaBuildingIssue{node=PrintStream.$allocate()range=Optional.empty, message='Unsupported element detected given by Java Parser: MethodCallExpr. Please extend the KeY-Java-Hierarchy'}
	at de.uka.ilkd.key.java.JP2KeYVisitor.reportError(JP2KeYConverter.java:119)

28473      ERROR Test worker     d.u.i.k.n.b.AbstractBuilder  de.uka.ilkd.key.java.JavaBuildingExceptions: JavaBuildingIssue{node=PrintStream.$allocate()range=Optional.empty, message='Unsupported element detected given by Java Parser: MethodCallExpr. Please extend the KeY-Java-Hierarchy'}
	at de.uka.ilkd.key.java.JP2KeYVisitor.reportError(JP2KeYConverter.java:119)

28476      ERROR Test worker     d.u.i.k.n.b.TacletPBuilder Error in parsing taclet. de.uka.ilkd.key.util.parsing.BuildingException: JavaBuildingIssue{node=PrintStream.$allocate()range=Optional.empty, message='Unsupported element detected given by Java Parser: MethodCallExpr. Please extend the KeY-Java-Hierarchy'} at file:/home/runner/work/key/key/key.core/build/resources/main/de/uka/ilkd/key/proof/rules/assertions.key:34:15
	at de.uka.ilkd.key.nparser.builder.AbstractBuilder.accept(AbstractBuilder.java:54)
Caused by: de.uka.ilkd.key.java.JavaBuildingExceptions: JavaBuildingIssue{node=PrintStream.$allocate()range=Optional.empty, message='Unsupported element detected given by Java Parser: MethodCallExpr. Please extend the KeY-Java-Hierarchy'}
	at de.uka.ilkd.key.java.JP2KeYVisitor.reportError(JP2KeYConverter.java:119)

28784      ERROR Test worker     d.u.i.k.n.b.AbstractBuilder  de.uka.ilkd.key.java.JavaBuildingExceptions: JavaBuildingIssue{node=PrintStream.$allocate()range=Optional.empty, message='Unsupported element detected given by Java Parser: MethodCallExpr. Please extend the KeY-Java-Hierarchy'}
	at de.uka.ilkd.key.java.JP2KeYVisitor.reportError(JP2KeYConverter.java:119)

28786      ERROR Test worker     d.u.i.k.n.b.TacletPBuilder Error in parsing taclet. de.uka.ilkd.key.util.parsing.BuildingException: JavaBuildingIssue{node=PrintStream.$allocate()range=Optional.empty, message='Unsupported element detected given by Java Parser: MethodCallExpr. Please extend the KeY-Java-Hierarchy'} at file:/home/runner/work/key/key/key.core/build/resources/main/de/uka/ilkd/key/proof/rules/assertions.key:43:15
	at de.uka.ilkd.key.nparser.builder.AbstractBuilder.accept(AbstractBuilder.java:54)
Caused by: de.uka.ilkd.key.java.JavaBuildingExceptions: JavaBuildingIssue{node=PrintStream.$allocate()range=Optional.empty, message='Unsupported element detected given by Java Parser: MethodCallExpr. Please extend the KeY-Java-Hierarchy'}
	at de.uka.ilkd.key.java.JP2KeYVisitor.reportError(JP2KeYConverter.java:119)

29090      ERROR Test worker     d.u.i.k.n.b.AbstractBuilder  de.uka.ilkd.key.java.JavaBuildingExceptions: JavaBuildingIssue{node=PrintStream.$allocate()range=Optional.empty, message='Unsupported element detected given by Java Parser: MethodCallExpr. Please extend the KeY-Java-Hierarchy'}
	at de.uka.ilkd.key.java.JP2KeYVisitor.reportError(JP2KeYConverter.java:119)

29091      ERROR Test worker     d.u.i.k.n.b.TacletPBuilder Error in parsing taclet. de.uka.ilkd.key.util.parsing.BuildingException: JavaBuildingIssue{node=PrintStream.$allocate()range=Optional.empty, message='Unsupported element detected given by Java Parser: MethodCallExpr. Please extend the KeY-Java-Hierarchy'} at file:/home/runner/work/key/key/key.core/build/resources/main/de/uka/ilkd/key/proof/rules/assertions.key:54:15
	at de.uka.ilkd.key.nparser.builder.AbstractBuilder.accept(AbstractBuilder.java:54)
Caused by: de.uka.ilkd.key.java.JavaBuildingExceptions: JavaBuildingIssue{node=PrintStream.$allocate()range=Optional.empty, message='Unsupported element detected given by Java Parser: MethodCallExpr. Please extend the KeY-Java-Hierarchy'}
	at de.uka.ilkd.key.java.JP2KeYVisitor.reportError(JP2KeYConverter.java:119)

29383      ERROR Test worker     d.u.i.k.n.b.AbstractBuilder  de.uka.ilkd.key.java.JavaBuildingExceptions: JavaBuildingIssue{node=PrintStream.$allocate()range=Optional.empty, message='Unsupported element detected given by Java Parser: MethodCallExpr. Please extend the KeY-Java-Hierarchy'}
	at de.uka.ilkd.key.java.JP2KeYVisitor.reportError(JP2KeYConverter.java:119)

29384      ERROR Test worker     d.u.i.k.n.b.TacletPBuilder Error in parsing taclet. de.uka.ilkd.key.util.parsing.BuildingException: JavaBuildingIssue{node=PrintStream.$allocate()range=Optional.empty, message='Unsupported element detected given by Java Parser: MethodCallExpr. Please extend the KeY-Java-Hierarchy'} at file:/home/runner/work/key/key/key.core/build/resources/main/de/uka/ilkd/key/proof/rules/assertions.key:66:15
	at de.uka.ilkd.key.nparser.builder.AbstractBuilder.accept(AbstractBuilder.java:54)
Caused by: de.uka.ilkd.key.java.JavaBuildingExceptions: JavaBuildingIssue{node=PrintStream.$allocate()range=Optional.empty, message='Unsupported element detected given by Java Parser: MethodCallExpr. Please extend the KeY-Java-Hierarchy'}
	at de.uka.ilkd.key.java.JP2KeYVisitor.reportError(JP2KeYConverter.java:119)

29671      ERROR Test worker     d.u.i.k.n.b.AbstractBuilder  de.uka.ilkd.key.java.JavaBuildingExceptions: JavaBuildingIssue{node=PrintStream.$allocate()range=Optional.empty, message='Unsupported element detected given by Java Parser: MethodCallExpr. Please extend the KeY-Java-Hierarchy'}
	at de.uka.ilkd.key.java.JP2KeYVisitor.reportError(JP2KeYConverter.java:119)

29672      ERROR Test worker     d.u.i.k.n.b.TacletPBuilder Error in parsing taclet. de.uka.ilkd.key.util.parsing.BuildingException: JavaBuildingIssue{node=PrintStream.$allocate()range=Optional.empty, message='Unsupported element detected given by Java Parser: MethodCallExpr. Please extend the KeY-Java-Hierarchy'} at file:/home/runner/work/key/key/key.core/build/resources/main/de/uka/ilkd/key/proof/rules/assertions.key:78:15
	at de.uka.ilkd.key.nparser.builder.AbstractBuilder.accept(AbstractBuilder.java:54)
Caused by: de.uka.ilkd.key.java.JavaBuildingExceptions: JavaBuildingIssue{node=PrintStream.$allocate()range=Optional.empty, message='Unsupported element detected given by Java Parser: MethodCallExpr. Please extend the KeY-Java-Hierarchy'}
	at de.uka.ilkd.key.java.JP2KeYVisitor.reportError(JP2KeYConverter.java:119)

30054      ERROR Test worker     d.u.i.k.n.b.AbstractBuilder  de.uka.ilkd.key.java.JavaBuildingExceptions: JavaBuildingIssue{node=PrintStream.$allocate()range=Optional.empty, message='Unsupported element detected given by Java Parser: MethodCallExpr. Please extend the KeY-Java-Hierarchy'}
	at de.uka.ilkd.key.java.JP2KeYVisitor.reportError(JP2KeYConverter.java:119)

30054      ERROR Test worker     d.u.i.k.n.b.TacletPBuilder Error in parsing taclet. de.uka.ilkd.key.util.parsing.BuildingException: JavaBuildingIssue{node=PrintStream.$allocate()range=Optional.empty, message='Unsupported element detected given by Java Parser: MethodCallExpr. Please extend the KeY-Java-Hierarchy'} at file:/home/runner/work/key/key/key.core/build/resources/main/de/uka/ilkd/key/proof/rules/assertions.key:93:15
	at de.uka.ilkd.key.nparser.builder.AbstractBuilder.accept(AbstractBuilder.java:54)
Caused by: de.uka.ilkd.key.java.JavaBuildingExceptions: JavaBuildingIssue{node=PrintStream.$allocate()range=Optional.empty, message='Unsupported element detected given by Java Parser: MethodCallExpr. Please extend the KeY-Java-Hierarchy'}
	at de.uka.ilkd.key.java.JP2KeYVisitor.reportError(JP2KeYConverter.java:119)

30335      ERROR Test worker     d.u.i.k.n.b.AbstractBuilder  de.uka.ilkd.key.java.JavaBuildingExceptions: JavaBuildingIssue{node=PrintStream.$allocate()range=Optional.empty, message='Unsupported element detected given by Java Parser: MethodCallExpr. Please extend the KeY-Java-Hierarchy'}
	at de.uka.ilkd.key.java.JP2KeYVisitor.reportError(JP2KeYConverter.java:119)

30336      ERROR Test worker     d.u.i.k.n.b.TacletPBuilder Error in parsing taclet. de.uka.ilkd.key.util.parsing.BuildingException: JavaBuildingIssue{node=PrintStream.$allocate()range=Optional.empty, message='Unsupported element detected given by Java Parser: MethodCallExpr. Please extend the KeY-Java-Hierarchy'} at file:/home/runner/work/key/key/key.core/build/resources/main/de/uka/ilkd/key/proof/rules/assertions.key:100:15
	at de.uka.ilkd.key.nparser.builder.AbstractBuilder.accept(AbstractBuilder.java:54)
Caused by: de.uka.ilkd.key.java.JavaBuildingExceptions: JavaBuildingIssue{node=PrintStream.$allocate()range=Optional.empty, message='Unsupported element detected given by Java Parser: MethodCallExpr. Please extend the KeY-Java-Hierarchy'}
	at de.uka.ilkd.key.java.JP2KeYVisitor.reportError(JP2KeYConverter.java:119)

30606      ERROR Test worker     d.u.i.k.n.b.AbstractBuilder  de.uka.ilkd.key.java.JavaBuildingExceptions: JavaBuildingIssue{node=PrintStream.$allocate()range=Optional.empty, message='Unsupported element detected given by Java Parser: MethodCallExpr. Please extend the KeY-Java-Hierarchy'}
	at de.uka.ilkd.key.java.JP2KeYVisitor.reportError(JP2KeYConverter.java:119)

30607      ERROR Test worker     d.u.i.k.n.b.TacletPBuilder Error in parsing taclet. de.uka.ilkd.key.util.parsing.BuildingException: JavaBuildingIssue{node=PrintStream.$allocate()range=Optional.empty, message='Unsupported element detected given by Java Parser: MethodCallExpr. Please extend the KeY-Java-Hierarchy'} at file:/home/runner/work/key/key/key.core/build/resources/main/de/uka/ilkd/key/proof/rules/assertions.key:115:20
	at de.uka.ilkd.key.nparser.builder.AbstractBuilder.accept(AbstractBuilder.java:54)
Caused by: de.uka.ilkd.key.java.JavaBuildingExceptions: JavaBuildingIssue{node=PrintStream.$allocate()range=Optional.empty, message='Unsupported element detected given by Java Parser: MethodCallExpr. Please extend the KeY-Java-Hierarchy'}
	at de.uka.ilkd.key.java.JP2KeYVisitor.reportError(JP2KeYConverter.java:119)

30608      ERROR Test worker     d.u.i.k.n.b.TacletPBuilder Override: f (variable) f (variable) 
30608      ERROR Test worker     d.u.i.k.n.b.TacletPBuilder Override: o (variable) o (variable) 
30609      ERROR Test worker     d.u.i.k.n.b.TacletPBuilder Override: oldHeap (Heap skolem term) oldHeap (Heap skolem term) 
30876      ERROR Test worker     d.u.i.k.n.b.AbstractBuilder  de.uka.ilkd.key.java.JavaBuildingExceptions: JavaBuildingIssue{node=PrintStream.$allocate()range=Optional.empty, message='Unsupported element detected given by Java Parser: MethodCallExpr. Please extend the KeY-Java-Hierarchy'}
	at de.uka.ilkd.key.java.JP2KeYVisitor.reportError(JP2KeYConverter.java:119)

30877      ERROR Test worker     d.u.i.k.n.b.TacletPBuilder Error in parsing taclet. de.uka.ilkd.key.util.parsing.BuildingException: JavaBuildingIssue{node=PrintStream.$allocate()range=Optional.empty, message='Unsupported element detected given by Java Parser: MethodCallExpr. Please extend the KeY-Java-Hierarchy'} at file:/home/runner/work/key/key/key.core/build/resources/main/de/uka/ilkd/key/proof/rules/assertions.key:136:20
	at de.uka.ilkd.key.nparser.builder.AbstractBuilder.accept(AbstractBuilder.java:54)
Caused by: de.uka.ilkd.key.java.JavaBuildingExceptions: JavaBuildingIssue{node=PrintStream.$allocate()range=Optional.empty, message='Unsupported element detected given by Java Parser: MethodCallExpr. Please extend the KeY-Java-Hierarchy'}
	at de.uka.ilkd.key.java.JP2KeYVisitor.reportError(JP2KeYConverter.java:119)

31145      ERROR Test worker     d.u.i.k.n.b.AbstractBuilder  de.uka.ilkd.key.java.JavaBuildingExceptions: JavaBuildingIssue{node=PrintStream.$allocate()range=Optional.empty, message='Unsupported element detected given by Java Parser: MethodCallExpr. Please extend the KeY-Java-Hierarchy'}
	at de.uka.ilkd.key.java.JP2KeYVisitor.reportError(JP2KeYConverter.java:119)

31146      ERROR Test worker     d.u.i.k.n.b.TacletPBuilder Error in parsing taclet. de.uka.ilkd.key.util.parsing.BuildingException: JavaBuildingIssue{node=PrintStream.$allocate()range=Optional.empty, message='Unsupported element detected given by Java Parser: MethodCallExpr. Please extend the KeY-Java-Hierarchy'} at file:/home/runner/work/key/key/key.core/build/resources/main/de/uka/ilkd/key/proof/rules/javaRules.key:106:13
	at de.uka.ilkd.key.nparser.builder.AbstractBuilder.accept(AbstractBuilder.java:54)
Caused by: de.uka.ilkd.key.java.JavaBuildingExceptions: JavaBuildingIssue{node=PrintStream.$allocate()range=Optional.empty, message='Unsupported element detected given by Java Parser: MethodCallExpr. Please extend the KeY-Java-Hierarchy'}
	at de.uka.ilkd.key.java.JP2KeYVisitor.reportError(JP2KeYConverter.java:119)

31419      ERROR Test worker     d.u.i.k.n.b.AbstractBuilder  de.uka.ilkd.key.java.JavaBuildingExceptions: JavaBuildingIssue{node=PrintStream.$allocate()range=Optional.empty, message='Unsupported element detected given by Java Parser: MethodCallExpr. Please extend the KeY-Java-Hierarchy'}
	at de.uka.ilkd.key.java.JP2KeYVisitor.reportError(JP2KeYConverter.java:119)

31420      ERROR Test worker     d.u.i.k.n.b.TacletPBuilder Error in parsing taclet. de.uka.ilkd.key.util.parsing.BuildingException: JavaBuildingIssue{node=PrintStream.$allocate()range=Optional.empty, message='Unsupported element detected given by Java Parser: MethodCallExpr. Please extend the KeY-Java-Hierarchy'} at file:/home/runner/work/key/key/key.core/build/resources/main/de/uka/ilkd/key/proof/rules/javaRules.key:121:13
	at de.uka.ilkd.key.nparser.builder.AbstractBuilder.accept(AbstractBuilder.java:54)
Caused by: de.uka.ilkd.key.java.JavaBuildingExceptions: JavaBuildingIssue{node=PrintStream.$allocate()range=Optional.empty, message='Unsupported element detected given by Java Parser: MethodCallExpr. Please extend the KeY-Java-Hierarchy'}
	at de.uka.ilkd.key.java.JP2KeYVisitor.reportError(JP2KeYConverter.java:119)

31789      ERROR Test worker     d.u.i.k.n.b.AbstractBuilder  de.uka.ilkd.key.java.JavaBuildingExceptions: JavaBuildingIssue{node=PrintStream.$allocate()range=Optional.empty, message='Unsupported element detected given by Java Parser: MethodCallExpr. Please extend the KeY-Java-Hierarchy'}
	at de.uka.ilkd.key.java.JP2KeYVisitor.reportError(JP2KeYConverter.java:119)

31789      ERROR Test worker     d.u.i.k.n.b.TacletPBuilder Error in parsing taclet. de.uka.ilkd.key.util.parsing.BuildingException: JavaBuildingIssue{node=PrintStream.$allocate()range=Optional.empty, message='Unsupported element detected given by Java Parser: MethodCallExpr. Please extend the KeY-Java-Hierarchy'} at file:/home/runner/work/key/key/key.core/build/resources/main/de/uka/ilkd/key/proof/rules/javaRules.key:135:13
	at de.uka.ilkd.key.nparser.builder.AbstractBuilder.accept(AbstractBuilder.java:54)
Caused by: de.uka.ilkd.key.java.JavaBuildingExceptions: JavaBuildingIssue{node=PrintStream.$allocate()range=Optional.empty, message='Unsupported element detected given by Java Parser: MethodCallExpr. Please extend the KeY-Java-Hierarchy'}
	at de.uka.ilkd.key.java.JP2KeYVisitor.reportError(JP2KeYConverter.java:119)

32056      ERROR Test worker     d.u.i.k.n.b.AbstractBuilder  de.uka.ilkd.key.java.JavaBuildingExceptions: JavaBuildingIssue{node=PrintStream.$allocate()range=Optional.empty, message='Unsupported element detected given by Java Parser: MethodCallExpr. Please extend the KeY-Java-Hierarchy'}
	at de.uka.ilkd.key.java.JP2KeYVisitor.reportError(JP2KeYConverter.java:119)

32057      ERROR Test worker     d.u.i.k.n.b.TacletPBuilder Error in parsing taclet. de.uka.ilkd.key.util.parsing.BuildingException: JavaBuildingIssue{node=PrintStream.$allocate()range=Optional.empty, message='Unsupported element detected given by Java Parser: MethodCallExpr. Please extend the KeY-Java-Hierarchy'} at file:/home/runner/work/key/key/key.core/build/resources/main/de/uka/ilkd/key/proof/rules/javaRules.key:145:13
	at de.uka.ilkd.key.nparser.builder.AbstractBuilder.accept(AbstractBuilder.java:54)
Caused by: de.uka.ilkd.key.java.JavaBuildingExceptions: JavaBuildingIssue{node=PrintStream.$allocate()range=Optional.empty, message='Unsupported element detected given by Java Parser: MethodCallExpr. Please extend the KeY-Java-Hierarchy'}
	at de.uka.ilkd.key.java.JP2KeYVisitor.reportError(JP2KeYConverter.java:119)

32328      ERROR Test worker     d.u.i.k.n.b.AbstractBuilder  de.uka.ilkd.key.java.JavaBuildingExceptions: JavaBuildingIssue{node=PrintStream.$allocate()range=Optional.empty, message='Unsupported element detected given by Java Parser: MethodCallExpr. Please extend the KeY-Java-Hierarchy'}
	at de.uka.ilkd.key.java.JP2KeYVisitor.reportError(JP2KeYConverter.java:119)

32329      ERROR Test worker     d.u.i.k.n.b.TacletPBuilder Error in parsing taclet. de.uka.ilkd.key.util.parsing.BuildingException: JavaBuildingIssue{node=PrintStream.$allocate()range=Optional.empty, message='Unsupported element detected given by Java Parser: MethodCallExpr. Please extend the KeY-Java-Hierarchy'} at file:/home/runner/work/key/key/key.core/build/resources/main/de/uka/ilkd/key/proof/rules/javaRules.key:155:13
	at de.uka.ilkd.key.nparser.builder.AbstractBuilder.accept(AbstractBuilder.java:54)
Caused by: de.uka.ilkd.key.java.JavaBuildingExceptions: JavaBuildingIssue{node=PrintStream.$allocate()range=Optional.empty, message='Unsupported element detected given by Java Parser: MethodCallExpr. Please extend the KeY-Java-Hierarchy'}
	at de.uka.ilkd.key.java.JP2KeYVisitor.reportError(JP2KeYConverter.java:119)

32607      ERROR Test worker     d.u.i.k.n.b.AbstractBuilder  de.uka.ilkd.key.java.JavaBuildingExceptions: JavaBuildingIssue{node=PrintStream.$allocate()range=Optional.empty, message='Unsupported element detected given by Java Parser: MethodCallExpr. Please extend the KeY-Java-Hierarchy'}
	at de.uka.ilkd.key.java.JP2KeYVisitor.reportError(JP2KeYConverter.java:119)

32607      ERROR Test worker     d.u.i.k.n.b.TacletPBuilder Error in parsing taclet. de.uka.ilkd.key.util.parsing.BuildingException: JavaBuildingIssue{node=PrintStream.$allocate()range=Optional.empty, message='Unsupported element detected given by Java Parser: MethodCallExpr. Please extend the KeY-Java-Hierarchy'} at file:/home/runner/work/key/key/key.core/build/resources/main/de/uka/ilkd/key/proof/rules/javaRules.key:165:13
	at de.uka.ilkd.key.nparser.builder.AbstractBuilder.accept(AbstractBuilder.java:54)
Caused by: de.uka.ilkd.key.java.JavaBuildingExceptions: JavaBuildingIssue{node=PrintStream.$allocate()range=Optional.empty, message='Unsupported element detected given by Java Parser: MethodCallExpr. Please extend the KeY-Java-Hierarchy'}
	at de.uka.ilkd.key.java.JP2KeYVisitor.reportError(JP2KeYConverter.java:119)

32874      ERROR Test worker     d.u.i.k.n.b.AbstractBuilder  de.uka.ilkd.key.java.JavaBuildingExceptions: JavaBuildingIssue{node=PrintStream.$allocate()range=Optional.empty, message='Unsupported element detected given by Java Parser: MethodCallExpr. Please extend the KeY-Java-Hierarchy'}
	at de.uka.ilkd.key.java.JP2KeYVisitor.reportError(JP2KeYConverter.java:119)

32876      ERROR Test worker     d.u.i.k.n.b.TacletPBuilder Error in parsing taclet. de.uka.ilkd.key.util.parsing.BuildingException: JavaBuildingIssue{node=PrintStream.$allocate()range=Optional.empty, message='Unsupported element detected given by Java Parser: MethodCallExpr. Please extend the KeY-Java-Hierarchy'} at file:/home/runner/work/key/key/key.core/build/resources/main/de/uka/ilkd/key/proof/rules/javaRules.key:176:13
	at de.uka.ilkd.key.nparser.builder.AbstractBuilder.accept(AbstractBuilder.java:54)
Caused by: de.uka.ilkd.key.java.JavaBuildingExceptions: JavaBuildingIssue{node=PrintStream.$allocate()range=Optional.empty, message='Unsupported element detected given by Java Parser: MethodCallExpr. Please extend the KeY-Java-Hierarchy'}
	at de.uka.ilkd.key.java.JP2KeYVisitor.reportError(JP2KeYConverter.java:119)

33140      ERROR Test worker     d.u.i.k.n.b.AbstractBuilder  de.uka.ilkd.key.java.JavaBuildingExceptions: JavaBuildingIssue{node=PrintStream.$allocate()range=Optional.empty, message='Unsupported element detected given by Java Parser: MethodCallExpr. Please extend the KeY-Java-Hierarchy'}
	at de.uka.ilkd.key.java.JP2KeYVisitor.reportError(JP2KeYConverter.java:119)

33142      ERROR Test worker     d.u.i.k.n.b.TacletPBuilder Error in parsing taclet. de.uka.ilkd.key.util.parsing.BuildingException: JavaBuildingIssue{node=PrintStream.$allocate()range=Optional.empty, message='Unsupported element detected given by Java Parser: MethodCallExpr. Please extend the KeY-Java-Hierarchy'} at file:/home/runner/work/key/key/key.core/build/resources/main/de/uka/ilkd/key/proof/rules/javaRules.key:187:13
	at de.uka.ilkd.key.nparser.builder.AbstractBuilder.accept(AbstractBuilder.java:54)
Caused by: de.uka.ilkd.key.java.JavaBuildingExceptions: JavaBuildingIssue{node=PrintStream.$allocate()range=Optional.empty, message='Unsupported element detected given by Java Parser: MethodCallExpr. Please extend the KeY-Java-Hierarchy'}
	at de.uka.ilkd.key.java.JP2KeYVisitor.reportError(JP2KeYConverter.java:119)

33398      ERROR Test worker     d.u.i.k.n.b.AbstractBuilder  de.uka.ilkd.key.java.JavaBuildingExceptions: JavaBuildingIssue{node=PrintStream.$allocate()range=Optional.empty, message='Unsupported element detected given by Java Parser: MethodCallExpr. Please extend the KeY-Java-Hierarchy'}
	at de.uka.ilkd.key.java.JP2KeYVisitor.reportError(JP2KeYConverter.java:119)

33399      ERROR Test worker     d.u.i.k.n.b.TacletPBuilder Error in parsing taclet. de.uka.ilkd.key.util.parsing.BuildingException: JavaBuildingIssue{node=PrintStream.$allocate()range=Optional.empty, message='Unsupported element detected given by Java Parser: MethodCallExpr. Please extend the KeY-Java-Hierarchy'} at file:/home/runner/work/key/key/key.core/build/resources/main/de/uka/ilkd/key/proof/rules/javaRules.key:198:13
	at de.uka.ilkd.key.nparser.builder.AbstractBuilder.accept(AbstractBuilder.java:54)
Caused by: de.uka.ilkd.key.java.JavaBuildingExceptions: JavaBuildingIssue{node=PrintStream.$allocate()range=Optional.empty, message='Unsupported element detected given by Java Parser: MethodCallExpr. Please extend the KeY-Java-Hierarchy'}
	at de.uka.ilkd.key.java.JP2KeYVisitor.reportError(JP2KeYConverter.java:119)

33656      ERROR Test worker     d.u.i.k.n.b.AbstractBuilder  de.uka.ilkd.key.java.JavaBuildingExceptions: JavaBuildingIssue{node=PrintStream.$allocate()range=Optional.empty, message='Unsupported element detected given by Java Parser: MethodCallExpr. Please extend the KeY-Java-Hierarchy'}
	at de.uka.ilkd.key.java.JP2KeYVisitor.reportError(JP2KeYConverter.java:119)

33657      ERROR Test worker     d.u.i.k.n.b.TacletPBuilder Error in parsing taclet. de.uka.ilkd.key.util.parsing.BuildingException: JavaBuildingIssue{node=PrintStream.$allocate()range=Optional.empty, message='Unsupported element detected given by Java Parser: MethodCallExpr. Please extend the KeY-Java-Hierarchy'} at file:/home/runner/work/key/key/key.core/build/resources/main/de/uka/ilkd/key/proof/rules/javaRules.key:209:13
	at de.uka.ilkd.key.nparser.builder.AbstractBuilder.accept(AbstractBuilder.java:54)
Caused by: de.uka.ilkd.key.java.JavaBuildingExceptions: JavaBuildingIssue{node=PrintStream.$allocate()range=Optional.empty, message='Unsupported element detected given by Java Parser: MethodCallExpr. Please extend the KeY-Java-Hierarchy'}
	at de.uka.ilkd.key.java.JP2KeYVisitor.reportError(JP2KeYConverter.java:119)

33916      ERROR Test worker     d.u.i.k.n.b.AbstractBuilder  de.uka.ilkd.key.java.JavaBuildingExceptions: JavaBuildingIssue{node=PrintStream.$allocate()range=Optional.empty, message='Unsupported element detected given by Java Parser: MethodCallExpr. Please extend the KeY-Java-Hierarchy'}
	at de.uka.ilkd.key.java.JP2KeYVisitor.reportError(JP2KeYConverter.java:119)

33917      ERROR Test worker     d.u.i.k.n.b.TacletPBuilder Error in parsing taclet. de.uka.ilkd.key.util.parsing.BuildingException: JavaBuildingIssue{node=PrintStream.$allocate()range=Optional.empty, message='Unsupported element detected given by Java Parser: MethodCallExpr. Please extend the KeY-Java-Hierarchy'} at file:/home/runner/work/key/key/key.core/build/resources/main/de/uka/ilkd/key/proof/rules/javaRules.key:220:13
	at de.uka.ilkd.key.nparser.builder.AbstractBuilder.accept(AbstractBuilder.java:54)
Caused by: de.uka.ilkd.key.java.JavaBuildingExceptions: JavaBuildingIssue{node=PrintStream.$allocate()range=Optional.empty, message='Unsupported element detected given by Java Parser: MethodCallExpr. Please extend the KeY-Java-Hierarchy'}
	at de.uka.ilkd.key.java.JP2KeYVisitor.reportError(JP2KeYConverter.java:119)

34178      ERROR Test worker     d.u.i.k.n.b.AbstractBuilder  de.uka.ilkd.key.java.JavaBuildingExceptions: JavaBuildingIssue{node=PrintStream.$allocate()range=Optional.empty, message='Unsupported element detected given by Java Parser: MethodCallExpr. Please extend the KeY-Java-Hierarchy'}
	at de.uka.ilkd.key.java.JP2KeYVisitor.reportError(JP2KeYConverter.java:119)

34179      ERROR Test worker     d.u.i.k.n.b.TacletPBuilder Error in parsing taclet. de.uka.ilkd.key.util.parsing.BuildingException: JavaBuildingIssue{node=PrintStream.$allocate()range=Optional.empty, message='Unsupported element detected given by Java Parser: MethodCallExpr. Please extend the KeY-Java-Hierarchy'} at file:/home/runner/work/key/key/key.core/build/resources/main/de/uka/ilkd/key/proof/rules/javaRules.key:231:13
	at de.uka.ilkd.key.nparser.builder.AbstractBuilder.accept(AbstractBuilder.java:54)
Caused by: de.uka.ilkd.key.java.JavaBuildingExceptions: JavaBuildingIssue{node=PrintStream.$allocate()range=Optional.empty, message='Unsupported element detected given by Java Parser: MethodCallExpr. Please extend the KeY-Java-Hierarchy'}
	at de.uka.ilkd.key.java.JP2KeYVisitor.reportError(JP2KeYConverter.java:119)

34435      ERROR Test worker     d.u.i.k.n.b.AbstractBuilder  de.uka.ilkd.key.java.JavaBuildingExceptions: JavaBuildingIssue{node=PrintStream.$allocate()range=Optional.empty, message='Unsupported element detected given by Java Parser: MethodCallExpr. Please extend the KeY-Java-Hierarchy'}
	at de.uka.ilkd.key.java.JP2KeYVisitor.reportError(JP2KeYConverter.java:119)

34436      ERROR Test worker     d.u.i.k.n.b.TacletPBuilder Error in parsing taclet. de.uka.ilkd.key.util.parsing.BuildingException: JavaBuildingIssue{node=PrintStream.$allocate()range=Optional.empty, message='Unsupported element detected given by Java Parser: MethodCallExpr. Please extend the KeY-Java-Hierarchy'} at file:/home/runner/work/key/key/key.core/build/resources/main/de/uka/ilkd/key/proof/rules/javaRules.key:242:13
	at de.uka.ilkd.key.nparser.builder.AbstractBuilder.accept(AbstractBuilder.java:54)
Caused by: de.uka.ilkd.key.java.JavaBuildingExceptions: JavaBuildingIssue{node=PrintStream.$allocate()range=Optional.empty, message='Unsupported element detected given by Java Parser: MethodCallExpr. Please extend the KeY-Java-Hierarchy'}
	at de.uka.ilkd.key.java.JP2KeYVisitor.reportError(JP2KeYConverter.java:119)

34695      ERROR Test worker     d.u.i.k.n.b.AbstractBuilder  de.uka.ilkd.key.java.JavaBuildingExceptions: JavaBuildingIssue{node=PrintStream.$allocate()range=Optional.empty, message='Unsupported element detected given by Java Parser: MethodCallExpr. Please extend the KeY-Java-Hierarchy'}
	at de.uka.ilkd.key.java.JP2KeYVisitor.reportError(JP2KeYConverter.java:119)

34697      ERROR Test worker     d.u.i.k.n.b.TacletPBuilder Error in parsing taclet. de.uka.ilkd.key.util.parsing.BuildingException: JavaBuildingIssue{node=PrintStream.$allocate()range=Optional.empty, message='Unsupported element detected given by Java Parser: MethodCallExpr. Please extend the KeY-Java-Hierarchy'} at file:/home/runner/work/key/key/key.core/build/resources/main/de/uka/ilkd/key/proof/rules/javaRules.key:257:15
	at de.uka.ilkd.key.nparser.builder.AbstractBuilder.accept(AbstractBuilder.java:54)
Caused by: de.uka.ilkd.key.java.JavaBuildingExceptions: JavaBuildingIssue{node=PrintStream.$allocate()range=Optional.empty, message='Unsupported element detected given by Java Parser: MethodCallExpr. Please extend the KeY-Java-Hierarchy'}
	at de.uka.ilkd.key.java.JP2KeYVisitor.reportError(JP2KeYConverter.java:119)

35076      ERROR Test worker     d.u.i.k.n.b.AbstractBuilder  de.uka.ilkd.key.java.JavaBuildingExceptions: JavaBuildingIssue{node=PrintStream.$allocate()range=Optional.empty, message='Unsupported element detected given by Java Parser: MethodCallExpr. Please extend the KeY-Java-Hierarchy'}
	at de.uka.ilkd.key.java.JP2KeYVisitor.reportError(JP2KeYConverter.java:119)

35077      ERROR Test worker     d.u.i.k.n.b.TacletPBuilder Error in parsing taclet. de.uka.ilkd.key.util.parsing.BuildingException: JavaBuildingIssue{node=PrintStream.$allocate()range=Optional.empty, message='Unsupported element detected given by Java Parser: MethodCallExpr. Please extend the KeY-Java-Hierarchy'} at file:/home/runner/work/key/key/key.core/build/resources/main/de/uka/ilkd/key/proof/rules/javaRules.key:263:15
	at de.uka.ilkd.key.nparser.builder.AbstractBuilder.accept(AbstractBuilder.java:54)
Caused by: de.uka.ilkd.key.java.JavaBuildingExceptions: JavaBuildingIssue{node=PrintStream.$allocate()range=Optional.empty, message='Unsupported element detected given by Java Parser: MethodCallExpr. Please extend the KeY-Java-Hierarchy'}
	at de.uka.ilkd.key.java.JP2KeYVisitor.reportError(JP2KeYConverter.java:119)

35331      ERROR Test worker     d.u.i.k.n.b.AbstractBuilder  de.uka.ilkd.key.java.JavaBuildingExceptions: JavaBuildingIssue{node=PrintStream.$allocate()range=Optional.empty, message='Unsupported element detected given by Java Parser: MethodCallExpr. Please extend the KeY-Java-Hierarchy'}
	at de.uka.ilkd.key.java.JP2KeYVisitor.reportError(JP2KeYConverter.java:119)

35331      ERROR Test worker     d.u.i.k.n.b.TacletPBuilder Error in parsing taclet. de.uka.ilkd.key.util.parsing.BuildingException: JavaBuildingIssue{node=PrintStream.$allocate()range=Optional.empty, message='Unsupported element detected given by Java Parser: MethodCallExpr. Please extend the KeY-Java-Hierarchy'} at file:/home/runner/work/key/key/key.core/build/resources/main/de/uka/ilkd/key/proof/rules/javaRules.key:271:15
	at de.uka.ilkd.key.nparser.builder.AbstractBuilder.accept(AbstractBuilder.java:54)
Caused by: de.uka.ilkd.key.java.JavaBuildingExceptions: JavaBuildingIssue{node=PrintStream.$allocate()range=Optional.empty, message='Unsupported element detected given by Java Parser: MethodCallExpr. Please extend the KeY-Java-Hierarchy'}
	at de.uka.ilkd.key.java.JP2KeYVisitor.reportError(JP2KeYConverter.java:119)

35585      ERROR Test worker     d.u.i.k.n.b.AbstractBuilder  de.uka.ilkd.key.java.JavaBuildingExceptions: JavaBuildingIssue{node=PrintStream.$allocate()range=Optional.empty, message='Unsupported element detected given by Java Parser: MethodCallExpr. Please extend the KeY-Java-Hierarchy'}
	at de.uka.ilkd.key.java.JP2KeYVisitor.reportError(JP2KeYConverter.java:119)

35585      ERROR Test worker     d.u.i.k.n.b.TacletPBuilder Error in parsing taclet. de.uka.ilkd.key.util.parsing.BuildingException: JavaBuildingIssue{node=PrintStream.$allocate()range=Optional.empty, message='Unsupported element detected given by Java Parser: MethodCallExpr. Please extend the KeY-Java-Hierarchy'} at file:/home/runner/work/key/key/key.core/build/resources/main/de/uka/ilkd/key/proof/rules/javaRules.key:279:15
	at de.uka.ilkd.key.nparser.builder.AbstractBuilder.accept(AbstractBuilder.java:54)
Caused by: de.uka.ilkd.key.java.JavaBuildingExceptions: JavaBuildingIssue{node=PrintStream.$allocate()range=Optional.empty, message='Unsupported element detected given by Java Parser: MethodCallExpr. Please extend the KeY-Java-Hierarchy'}
	at de.uka.ilkd.key.java.JP2KeYVisitor.reportError(JP2KeYConverter.java:119)

35845      ERROR Test worker     d.u.i.k.n.b.AbstractBuilder  de.uka.ilkd.key.java.JavaBuildingExceptions: JavaBuildingIssue{node=PrintStream.$allocate()range=Optional.empty, message='Unsupported element detected given by Java Parser: MethodCallExpr. Please extend the KeY-Java-Hierarchy'}
	at de.uka.ilkd.key.java.JP2KeYVisitor.reportError(JP2KeYConverter.java:119)

35848      ERROR Test worker     d.u.i.k.n.b.TacletPBuilder Error in parsing taclet. de.uka.ilkd.key.util.parsing.BuildingException: JavaBuildingIssue{node=PrintStream.$allocate()range=Optional.empty, message='Unsupported element detected given by Java Parser: MethodCallExpr. Please extend the KeY-Java-Hierarchy'} at file:/home/runner/work/key/key/key.core/build/resources/main/de/uka/ilkd/key/proof/rules/javaRules.key:287:15
	at de.uka.ilkd.key.nparser.builder.AbstractBuilder.accept(AbstractBuilder.java:54)
Caused by: de.uka.ilkd.key.java.JavaBuildingExceptions: JavaBuildingIssue{node=PrintStream.$allocate()range=Optional.empty, message='Unsupported element detected given by Java Parser: MethodCallExpr. Please extend the KeY-Java-Hierarchy'}
	at de.uka.ilkd.key.java.JP2KeYVisitor.reportError(JP2KeYConverter.java:119)

36100      ERROR Test worker     d.u.i.k.n.b.AbstractBuilder  de.uka.ilkd.key.java.JavaBuildingExceptions: JavaBuildingIssue{node=PrintStream.$allocate()range=Optional.empty, message='Unsupported element detected given by Java Parser: MethodCallExpr. Please extend the KeY-Java-Hierarchy'}
	at de.uka.ilkd.key.java.JP2KeYVisitor.reportError(JP2KeYConverter.java:119)

36101      ERROR Test worker     d.u.i.k.n.b.TacletPBuilder Error in parsing taclet. de.uka.ilkd.key.util.parsing.BuildingException: JavaBuildingIssue{node=PrintStream.$allocate()range=Optional.empty, message='Unsupported element detected given by Java Parser: MethodCallExpr. Please extend the KeY-Java-Hierarchy'} at file:/home/runner/work/key/key/key.core/build/resources/main/de/uka/ilkd/key/proof/rules/javaRules.key:297:15
	at de.uka.ilkd.key.nparser.builder.AbstractBuilder.accept(AbstractBuilder.java:54)
Caused by: de.uka.ilkd.key.java.JavaBuildingExceptions: JavaBuildingIssue{node=PrintStream.$allocate()range=Optional.empty, message='Unsupported element detected given by Java Parser: MethodCallExpr. Please extend the KeY-Java-Hierarchy'}
	at de.uka.ilkd.key.java.JP2KeYVisitor.reportError(JP2KeYConverter.java:119)

36355      ERROR Test worker     d.u.i.k.n.b.AbstractBuilder  de.uka.ilkd.key.java.JavaBuildingExceptions: JavaBuildingIssue{node=PrintStream.$allocate()range=Optional.empty, message='Unsupported element detected given by Java Parser: MethodCallExpr. Please extend the KeY-Java-Hierarchy'}
	at de.uka.ilkd.key.java.JP2KeYVisitor.reportError(JP2KeYConverter.java:119)

36356      ERROR Test worker     d.u.i.k.n.b.TacletPBuilder Error in parsing taclet. de.uka.ilkd.key.util.parsing.BuildingException: JavaBuildingIssue{node=PrintStream.$allocate()range=Optional.empty, message='Unsupported element detected given by Java Parser: MethodCallExpr. Please extend the KeY-Java-Hierarchy'} at file:/home/runner/work/key/key/key.core/build/resources/main/de/uka/ilkd/key/proof/rules/javaRules.key:307:15
	at de.uka.ilkd.key.nparser.builder.AbstractBuilder.accept(AbstractBuilder.java:54)
Caused by: de.uka.ilkd.key.java.JavaBuildingExceptions: JavaBuildingIssue{node=PrintStream.$allocate()range=Optional.empty, message='Unsupported element detected given by Java Parser: MethodCallExpr. Please extend the KeY-Java-Hierarchy'}
	at de.uka.ilkd.key.java.JP2KeYVisitor.reportError(JP2KeYConverter.java:119)

36610      ERROR Test worker     d.u.i.k.n.b.AbstractBuilder  de.uka.ilkd.key.java.JavaBuildingExceptions: JavaBuildingIssue{node=PrintStream.$allocate()range=Optional.empty, message='Unsupported element detected given by Java Parser: MethodCallExpr. Please extend the KeY-Java-Hierarchy'}
	at de.uka.ilkd.key.java.JP2KeYVisitor.reportError(JP2KeYConverter.java:119)

36611      ERROR Test worker     d.u.i.k.n.b.TacletPBuilder Error in parsing taclet. de.uka.ilkd.key.util.parsing.BuildingException: JavaBuildingIssue{node=PrintStream.$allocate()range=Optional.empty, message='Unsupported element detected given by Java Parser: MethodCallExpr. Please extend the KeY-Java-Hierarchy'} at file:/home/runner/work/key/key/key.core/build/resources/main/de/uka/ilkd/key/proof/rules/javaRules.key:317:15
	at de.uka.ilkd.key.nparser.builder.AbstractBuilder.accept(AbstractBuilder.java:54)
Caused by: de.uka.ilkd.key.java.JavaBuildingExceptions: JavaBuildingIssue{node=PrintStream.$allocate()range=Optional.empty, message='Unsupported element detected given by Java Parser: MethodCallExpr. Please extend the KeY-Java-Hierarchy'}
	at de.uka.ilkd.key.java.JP2KeYVisitor.reportError(JP2KeYConverter.java:119)

36879      ERROR Test worker     d.u.i.k.n.b.AbstractBuilder  de.uka.ilkd.key.java.JavaBuildingExceptions: JavaBuildingIssue{node=PrintStream.$allocate()range=Optional.empty, message='Unsupported element detected given by Java Parser: MethodCallExpr. Please extend the KeY-Java-Hierarchy'}
	at de.uka.ilkd.key.java.JP2KeYVisitor.reportError(JP2KeYConverter.java:119)

36881      ERROR Test worker     d.u.i.k.n.b.TacletPBuilder Error in parsing taclet. de.uka.ilkd.key.util.parsing.BuildingException: JavaBuildingIssue{node=PrintStream.$allocate()range=Optional.empty, message='Unsupported element detected given by Java Parser: MethodCallExpr. Please extend the KeY-Java-Hierarchy'} at file:/home/runner/work/key/key/key.core/build/resources/main/de/uka/ilkd/key/proof/rules/javaRules.key:329:15
	at de.uka.ilkd.key.nparser.builder.AbstractBuilder.accept(AbstractBuilder.java:54)
Caused by: de.uka.ilkd.key.java.JavaBuildingExceptions: JavaBuildingIssue{node=PrintStream.$allocate()range=Optional.empty, message='Unsupported element detected given by Java Parser: MethodCallExpr. Please extend the KeY-Java-Hierarchy'}
	at de.uka.ilkd.key.java.JP2KeYVisitor.reportError(JP2KeYConverter.java:119)

37149      ERROR Test worker     d.u.i.k.n.b.AbstractBuilder  de.uka.ilkd.key.java.JavaBuildingExceptions: JavaBuildingIssue{node=PrintStream.$allocate()range=Optional.empty, message='Unsupported element detected given by Java Parser: MethodCallExpr. Please extend the KeY-Java-Hierarchy'}
	at de.uka.ilkd.key.java.JP2KeYVisitor.reportError(JP2KeYConverter.java:119)

37151      ERROR Test worker     d.u.i.k.n.b.TacletPBuilder Error in parsing taclet. de.uka.ilkd.key.util.parsing.BuildingException: JavaBuildingIssue{node=PrintStream.$allocate()range=Optional.empty, message='Unsupported element detected given by Java Parser: MethodCallExpr. Please extend the KeY-Java-Hierarchy'} at file:/home/runner/work/key/key/key.core/build/resources/main/de/uka/ilkd/key/proof/rules/javaRules.key:403:15
	at de.uka.ilkd.key.nparser.builder.AbstractBuilder.accept(AbstractBuilder.java:54)
Caused by: de.uka.ilkd.key.java.JavaBuildingExceptions: JavaBuildingIssue{node=PrintStream.$allocate()range=Optional.empty, message='Unsupported element detected given by Java Parser: MethodCallExpr. Please extend the KeY-Java-Hierarchy'}
	at de.uka.ilkd.key.java.JP2KeYVisitor.reportError(JP2KeYConverter.java:119)

37407      ERROR Test worker     d.u.i.k.n.b.AbstractBuilder  de.uka.ilkd.key.java.JavaBuildingExceptions: JavaBuildingIssue{node=PrintStream.$allocate()range=Optional.empty, message='Unsupported element detected given by Java Parser: MethodCallExpr. Please extend the KeY-Java-Hierarchy'}
	at de.uka.ilkd.key.java.JP2KeYVisitor.reportError(JP2KeYConverter.java:119)

37408      ERROR Test worker     d.u.i.k.n.b.TacletPBuilder Error in parsing taclet. de.uka.ilkd.key.util.parsing.BuildingException: JavaBuildingIssue{node=PrintStream.$allocate()range=Optional.empty, message='Unsupported element detected given by Java Parser: MethodCallExpr. Please extend the KeY-Java-Hierarchy'} at file:/home/runner/work/key/key/key.core/build/resources/main/de/uka/ilkd/key/proof/rules/javaRules.key:411:15
	at de.uka.ilkd.key.nparser.builder.AbstractBuilder.accept(AbstractBuilder.java:54)
Caused by: de.uka.ilkd.key.java.JavaBuildingExceptions: JavaBuildingIssue{node=PrintStream.$allocate()range=Optional.empty, message='Unsupported element detected given by Java Parser: MethodCallExpr. Please extend the KeY-Java-Hierarchy'}
	at de.uka.ilkd.key.java.JP2KeYVisitor.reportError(JP2KeYConverter.java:119)

37674      ERROR Test worker     d.u.i.k.n.b.AbstractBuilder  de.uka.ilkd.key.java.JavaBuildingExceptions: JavaBuildingIssue{node=PrintStream.$allocate()range=Optional.empty, message='Unsupported element detected given by Java Parser: MethodCallExpr. Please extend the KeY-Java-Hierarchy'}
	at de.uka.ilkd.key.java.JP2KeYVisitor.reportError(JP2KeYConverter.java:119)

37674      ERROR Test worker     d.u.i.k.n.b.TacletPBuilder Error in parsing taclet. de.uka.ilkd.key.util.parsing.BuildingException: JavaBuildingIssue{node=PrintStream.$allocate()range=Optional.empty, message='Unsupported element detected given by Java Parser: MethodCallExpr. Please extend the KeY-Java-Hierarchy'} at file:/home/runner/work/key/key/key.core/build/resources/main/de/uka/ilkd/key/proof/rules/javaRules.key:419:15
	at de.uka.ilkd.key.nparser.builder.AbstractBuilder.accept(AbstractBuilder.java:54)
Caused by: de.uka.ilkd.key.java.JavaBuildingExceptions: JavaBuildingIssue{node=PrintStream.$allocate()range=Optional.empty, message='Unsupported element detected given by Java Parser: MethodCallExpr. Please extend the KeY-Java-Hierarchy'}
	at de.uka.ilkd.key.java.JP2KeYVisitor.reportError(JP2KeYConverter.java:119)

37944      ERROR Test worker     d.u.i.k.n.b.AbstractBuilder  de.uka.ilkd.key.java.JavaBuildingExceptions: JavaBuildingIssue{node=PrintStream.$allocate()range=Optional.empty, message='Unsupported element detected given by Java Parser: MethodCallExpr. Please extend the KeY-Java-Hierarchy'}
	at de.uka.ilkd.key.java.JP2KeYVisitor.reportError(JP2KeYConverter.java:119)

37945      ERROR Test worker     d.u.i.k.n.b.TacletPBuilder Error in parsing taclet. de.uka.ilkd.key.util.parsing.BuildingException: JavaBuildingIssue{node=PrintStream.$allocate()range=Optional.empty, message='Unsupported element detected given by Java Parser: MethodCallExpr. Please extend the KeY-Java-Hierarchy'} at file:/home/runner/work/key/key/key.core/build/resources/main/de/uka/ilkd/key/proof/rules/javaRules.key:427:15
	at de.uka.ilkd.key.nparser.builder.AbstractBuilder.accept(AbstractBuilder.java:54)
Caused by: de.uka.ilkd.key.java.JavaBuildingExceptions: JavaBuildingIssue{node=PrintStream.$allocate()range=Optional.empty, message='Unsupported element detected given by Java Parser: MethodCallExpr. Please extend the KeY-Java-Hierarchy'}
	at de.uka.ilkd.key.java.JP2KeYVisitor.reportError(JP2KeYConverter.java:119)

38351      ERROR Test worker     d.u.i.k.n.b.AbstractBuilder  de.uka.ilkd.key.java.JavaBuildingExceptions: JavaBuildingIssue{node=PrintStream.$allocate()range=Optional.empty, message='Unsupported element detected given by Java Parser: MethodCallExpr. Please extend the KeY-Java-Hierarchy'}
	at de.uka.ilkd.key.java.JP2KeYVisitor.reportError(JP2KeYConverter.java:119)

38352      ERROR Test worker     d.u.i.k.n.b.TacletPBuilder Error in parsing taclet. de.uka.ilkd.key.util.parsing.BuildingException: JavaBuildingIssue{node=PrintStream.$allocate()range=Optional.empty, message='Unsupported element detected given by Java Parser: MethodCallExpr. Please extend the KeY-Java-Hierarchy'} at file:/home/runner/work/key/key/key.core/build/resources/main/de/uka/ilkd/key/proof/rules/javaRules.key:434:15
	at de.uka.ilkd.key.nparser.builder.AbstractBuilder.accept(AbstractBuilder.java:54)
Caused by: de.uka.ilkd.key.java.JavaBuildingExceptions: JavaBuildingIssue{node=PrintStream.$allocate()range=Optional.empty, message='Unsupported element detected given by Java Parser: MethodCallExpr. Please extend the KeY-Java-Hierarchy'}
	at de.uka.ilkd.key.java.JP2KeYVisitor.reportError(JP2KeYConverter.java:119)

38598      ERROR Test worker     d.u.i.k.n.b.AbstractBuilder  de.uka.ilkd.key.java.JavaBuildingExceptions: JavaBuildingIssue{node=PrintStream.$allocate()range=Optional.empty, message='Unsupported element detected given by Java Parser: MethodCallExpr. Please extend the KeY-Java-Hierarchy'}
	at de.uka.ilkd.key.java.JP2KeYVisitor.reportError(JP2KeYConverter.java:119)

38598      ERROR Test worker     d.u.i.k.n.b.TacletPBuilder Error in parsing taclet. de.uka.ilkd.key.util.parsing.BuildingException: JavaBuildingIssue{node=PrintStream.$allocate()range=Optional.empty, message='Unsupported element detected given by Java Parser: MethodCallExpr. Please extend the KeY-Java-Hierarchy'} at file:/home/runner/work/key/key/key.core/build/resources/main/de/uka/ilkd/key/proof/rules/javaRules.key:441:15
	at de.uka.ilkd.key.nparser.builder.AbstractBuilder.accept(AbstractBuilder.java:54)
Caused by: de.uka.ilkd.key.java.JavaBuildingExceptions: JavaBuildingIssue{node=PrintStream.$allocate()range=Optional.empty, message='Unsupported element detected given by Java Parser: MethodCallExpr. Please extend the KeY-Java-Hierarchy'}
	at de.uka.ilkd.key.java.JP2KeYVisitor.reportError(JP2KeYConverter.java:119)

38858      ERROR Test worker     d.u.i.k.n.b.AbstractBuilder  de.uka.ilkd.key.java.JavaBuildingExceptions: JavaBuildingIssue{node=PrintStream.$allocate()range=Optional.empty, message='Unsupported element detected given by Java Parser: MethodCallExpr. Please extend the KeY-Java-Hierarchy'}
	at de.uka.ilkd.key.java.JP2KeYVisitor.reportError(JP2KeYConverter.java:119)

38860      ERROR Test worker     d.u.i.k.n.b.TacletPBuilder Error in parsing taclet. de.uka.ilkd.key.util.parsing.BuildingException: JavaBuildingIssue{node=PrintStream.$allocate()range=Optional.empty, message='Unsupported element detected given by Java Parser: MethodCallExpr. Please extend the KeY-Java-Hierarchy'} at file:/home/runner/work/key/key/key.core/build/resources/main/de/uka/ilkd/key/proof/rules/javaRules.key:448:15
	at de.uka.ilkd.key.nparser.builder.AbstractBuilder.accept(AbstractBuilder.java:54)
Caused by: de.uka.ilkd.key.java.JavaBuildingExceptions: JavaBuildingIssue{node=PrintStream.$allocate()range=Optional.empty, message='Unsupported element detected given by Java Parser: MethodCallExpr. Please extend the KeY-Java-Hierarchy'}
	at de.uka.ilkd.key.java.JP2KeYVisitor.reportError(JP2KeYConverter.java:119)

39111      ERROR Test worker     d.u.i.k.n.b.AbstractBuilder  de.uka.ilkd.key.java.JavaBuildingExceptions: JavaBuildingIssue{node=PrintStream.$allocate()range=Optional.empty, message='Unsupported element detected given by Java Parser: MethodCallExpr. Please extend the KeY-Java-Hierarchy'}
	at de.uka.ilkd.key.java.JP2KeYVisitor.reportError(JP2KeYConverter.java:119)

39113      ERROR Test worker     d.u.i.k.n.b.TacletPBuilder Error in parsing taclet. de.uka.ilkd.key.util.parsing.BuildingException: JavaBuildingIssue{node=PrintStream.$allocate()range=Optional.empty, message='Unsupported element detected given by Java Parser: MethodCallExpr. Please extend the KeY-Java-Hierarchy'} at file:/home/runner/work/key/key/key.core/build/resources/main/de/uka/ilkd/key/proof/rules/javaRules.key:455:15
	at de.uka.ilkd.key.nparser.builder.AbstractBuilder.accept(AbstractBuilder.java:54)
Caused by: de.uka.ilkd.key.java.JavaBuildingExceptions: JavaBuildingIssue{node=PrintStream.$allocate()range=Optional.empty, message='Unsupported element detected given by Java Parser: MethodCallExpr. Please extend the KeY-Java-Hierarchy'}
	at de.uka.ilkd.key.java.JP2KeYVisitor.reportError(JP2KeYConverter.java:119)

39362      ERROR Test worker     d.u.i.k.n.b.AbstractBuilder  de.uka.ilkd.key.java.JavaBuildingExceptions: JavaBuildingIssue{node=PrintStream.$allocate()range=Optional.empty, message='Unsupported element detected given by Java Parser: MethodCallExpr. Please extend the KeY-Java-Hierarchy'}
	at de.uka.ilkd.key.java.JP2KeYVisitor.reportError(JP2KeYConverter.java:119)

39362      ERROR Test worker     d.u.i.k.n.b.TacletPBuilder Error in parsing taclet. de.uka.ilkd.key.util.parsing.BuildingException: JavaBuildingIssue{node=PrintStream.$allocate()range=Optional.empty, message='Unsupported element detected given by Java Parser: MethodCallExpr. Please extend the KeY-Java-Hierarchy'} at file:/home/runner/work/key/key/key.core/build/resources/main/de/uka/ilkd/key/proof/rules/javaRules.key:466:15
	at de.uka.ilkd.key.nparser.builder.AbstractBuilder.accept(AbstractBuilder.java:54)
Caused by: de.uka.ilkd.key.java.JavaBuildingExceptions: JavaBuildingIssue{node=PrintStream.$allocate()range=Optional.empty, message='Unsupported element detected given by Java Parser: MethodCallExpr. Please extend the KeY-Java-Hierarchy'}
	at de.uka.ilkd.key.java.JP2KeYVisitor.reportError(JP2KeYConverter.java:119)

39607      ERROR Test worker     d.u.i.k.n.b.AbstractBuilder  de.uka.ilkd.key.java.JavaBuildingExceptions: JavaBuildingIssue{node=PrintStream.$allocate()range=Optional.empty, message='Unsupported element detected given by Java Parser: MethodCallExpr. Please extend the KeY-Java-Hierarchy'}
	at de.uka.ilkd.key.java.JP2KeYVisitor.reportError(JP2KeYConverter.java:119)

39607      ERROR Test worker     d.u.i.k.n.b.TacletPBuilder Error in parsing taclet. de.uka.ilkd.key.util.parsing.BuildingException: JavaBuildingIssue{node=PrintStream.$allocate()range=Optional.empty, message='Unsupported element detected given by Java Parser: MethodCallExpr. Please extend the KeY-Java-Hierarchy'} at file:/home/runner/work/key/key/key.core/build/resources/main/de/uka/ilkd/key/proof/rules/javaRules.key:472:15
	at de.uka.ilkd.key.nparser.builder.AbstractBuilder.accept(AbstractBuilder.java:54)
Caused by: de.uka.ilkd.key.java.JavaBuildingExceptions: JavaBuildingIssue{node=PrintStream.$allocate()range=Optional.empty, message='Unsupported element detected given by Java Parser: MethodCallExpr. Please extend the KeY-Java-Hierarchy'}
	at de.uka.ilkd.key.java.JP2KeYVisitor.reportError(JP2KeYConverter.java:119)

39865      ERROR Test worker     d.u.i.k.n.b.AbstractBuilder  de.uka.ilkd.key.java.JavaBuildingExceptions: JavaBuildingIssue{node=PrintStream.$allocate()range=Optional.empty, message='Unsupported element detected given by Java Parser: MethodCallExpr. Please extend the KeY-Java-Hierarchy'}
	at de.uka.ilkd.key.java.JP2KeYVisitor.reportError(JP2KeYConverter.java:119)

39865      ERROR Test worker     d.u.i.k.n.b.TacletPBuilder Error in parsing taclet. de.uka.ilkd.key.util.parsing.BuildingException: JavaBuildingIssue{node=PrintStream.$allocate()range=Optional.empty, message='Unsupported element detected given by Java Parser: MethodCallExpr. Please extend the KeY-Java-Hierarchy'} at file:/home/runner/work/key/key/key.core/build/resources/main/de/uka/ilkd/key/proof/rules/javaRules.key:482:15
	at de.uka.ilkd.key.nparser.builder.AbstractBuilder.accept(AbstractBuilder.java:54)
Caused by: de.uka.ilkd.key.java.JavaBuildingExceptions: JavaBuildingIssue{node=PrintStream.$allocate()range=Optional.empty, message='Unsupported element detected given by Java Parser: MethodCallExpr. Please extend the KeY-Java-Hierarchy'}
	at de.uka.ilkd.key.java.JP2KeYVisitor.reportError(JP2KeYConverter.java:119)

40114      ERROR Test worker     d.u.i.k.n.b.AbstractBuilder  de.uka.ilkd.key.java.JavaBuildingExceptions: JavaBuildingIssue{node=PrintStream.$allocate()range=Optional.empty, message='Unsupported element detected given by Java Parser: MethodCallExpr. Please extend the KeY-Java-Hierarchy'}
	at de.uka.ilkd.key.java.JP2KeYVisitor.reportError(JP2KeYConverter.java:119)

40115      ERROR Test worker     d.u.i.k.n.b.TacletPBuilder Error in parsing taclet. de.uka.ilkd.key.util.parsing.BuildingException: JavaBuildingIssue{node=PrintStream.$allocate()range=Optional.empty, message='Unsupported element detected given by Java Parser: MethodCallExpr. Please extend the KeY-Java-Hierarchy'} at file:/home/runner/work/key/key/key.core/build/resources/main/de/uka/ilkd/key/proof/rules/javaRules.key:488:15
	at de.uka.ilkd.key.nparser.builder.AbstractBuilder.accept(AbstractBuilder.java:54)
Caused by: de.uka.ilkd.key.java.JavaBuildingExceptions: JavaBuildingIssue{node=PrintStream.$allocate()range=Optional.empty, message='Unsupported element detected given by Java Parser: MethodCallExpr. Please extend the KeY-Java-Hierarchy'}
	at de.uka.ilkd.key.java.JP2KeYVisitor.reportError(JP2KeYConverter.java:119)

40523      ERROR Test worker     d.u.i.k.n.b.AbstractBuilder  de.uka.ilkd.key.java.JavaBuildingExceptions: JavaBuildingIssue{node=PrintStream.$allocate()range=Optional.empty, message='Unsupported element detected given by Java Parser: MethodCallExpr. Please extend the KeY-Java-Hierarchy'}
	at de.uka.ilkd.key.java.JP2KeYVisitor.reportError(JP2KeYConverter.java:119)

40523      ERROR Test worker     d.u.i.k.n.b.TacletPBuilder Error in parsing taclet. de.uka.ilkd.key.util.parsing.BuildingException: JavaBuildingIssue{node=PrintStream.$allocate()range=Optional.empty, message='Unsupported element detected given by Java Parser: MethodCallExpr. Please extend the KeY-Java-Hierarchy'} at file:/home/runner/work/key/key/key.core/build/resources/main/de/uka/ilkd/key/proof/rules/javaRules.key:494:15
	at de.uka.ilkd.key.nparser.builder.AbstractBuilder.accept(AbstractBuilder.java:54)
Caused by: de.uka.ilkd.key.java.JavaBuildingExceptions: JavaBuildingIssue{node=PrintStream.$allocate()range=Optional.empty, message='Unsupported element detected given by Java Parser: MethodCallExpr. Please extend the KeY-Java-Hierarchy'}
	at de.uka.ilkd.key.java.JP2KeYVisitor.reportError(JP2KeYConverter.java:119)

40768      ERROR Test worker     d.u.i.k.n.b.AbstractBuilder  de.uka.ilkd.key.java.JavaBuildingExceptions: JavaBuildingIssue{node=PrintStream.$allocate()range=Optional.empty, message='Unsupported element detected given by Java Parser: MethodCallExpr. Please extend the KeY-Java-Hierarchy'}
	at de.uka.ilkd.key.java.JP2KeYVisitor.reportError(JP2KeYConverter.java:119)

40768      ERROR Test worker     d.u.i.k.n.b.TacletPBuilder Error in parsing taclet. de.uka.ilkd.key.util.parsing.BuildingException: JavaBuildingIssue{node=PrintStream.$allocate()range=Optional.empty, message='Unsupported element detected given by Java Parser: MethodCallExpr. Please extend the KeY-Java-Hierarchy'} at file:/home/runner/work/key/key/key.core/build/resources/main/de/uka/ilkd/key/proof/rules/javaRules.key:500:15
	at de.uka.ilkd.key.nparser.builder.AbstractBuilder.accept(AbstractBuilder.java:54)
Caused by: de.uka.ilkd.key.java.JavaBuildingExceptions: JavaBuildingIssue{node=PrintStream.$allocate()range=Optional.empty, message='Unsupported element detected given by Java Parser: MethodCallExpr. Please extend the KeY-Java-Hierarchy'}
	at de.uka.ilkd.key.java.JP2KeYVisitor.reportError(JP2KeYConverter.java:119)

41016      ERROR Test worker     d.u.i.k.n.b.AbstractBuilder  de.uka.ilkd.key.java.JavaBuildingExceptions: JavaBuildingIssue{node=PrintStream.$allocate()range=Optional.empty, message='Unsupported element detected given by Java Parser: MethodCallExpr. Please extend the KeY-Java-Hierarchy'}
	at de.uka.ilkd.key.java.JP2KeYVisitor.reportError(JP2KeYConverter.java:119)

41017      ERROR Test worker     d.u.i.k.n.b.TacletPBuilder Error in parsing taclet. de.uka.ilkd.key.util.parsing.BuildingException: JavaBuildingIssue{node=PrintStream.$allocate()range=Optional.empty, message='Unsupported element detected given by Java Parser: MethodCallExpr. Please extend the KeY-Java-Hierarchy'} at file:/home/runner/work/key/key/key.core/build/resources/main/de/uka/ilkd/key/proof/rules/javaRules.key:506:15
	at de.uka.ilkd.key.nparser.builder.AbstractBuilder.accept(AbstractBuilder.java:54)
Caused by: de.uka.ilkd.key.java.JavaBuildingExceptions: JavaBuildingIssue{node=PrintStream.$allocate()range=Optional.empty, message='Unsupported element detected given by Java Parser: MethodCallExpr. Please extend the KeY-Java-Hierarchy'}
	at de.uka.ilkd.key.java.JP2KeYVisitor.reportError(JP2KeYConverter.java:119)

41264      ERROR Test worker     d.u.i.k.n.b.AbstractBuilder  de.uka.ilkd.key.java.JavaBuildingExceptions: JavaBuildingIssue{node=PrintStream.$allocate()range=Optional.empty, message='Unsupported element detected given by Java Parser: MethodCallExpr. Please extend the KeY-Java-Hierarchy'}
	at de.uka.ilkd.key.java.JP2KeYVisitor.reportError(JP2KeYConverter.java:119)

41265      ERROR Test worker     d.u.i.k.n.b.TacletPBuilder Error in parsing taclet. de.uka.ilkd.key.util.parsing.BuildingException: JavaBuildingIssue{node=PrintStream.$allocate()range=Optional.empty, message='Unsupported element detected given by Java Parser: MethodCallExpr. Please extend the KeY-Java-Hierarchy'} at file:/home/runner/work/key/key/key.core/build/resources/main/de/uka/ilkd/key/proof/rules/javaRules.key:523:15
	at de.uka.ilkd.key.nparser.builder.AbstractBuilder.accept(AbstractBuilder.java:54)
Caused by: de.uka.ilkd.key.java.JavaBuildingExceptions: JavaBuildingIssue{node=PrintStream.$allocate()range=Optional.empty, message='Unsupported element detected given by Java Parser: MethodCallExpr. Please extend the KeY-Java-Hierarchy'}
	at de.uka.ilkd.key.java.JP2KeYVisitor.reportError(JP2KeYConverter.java:119)

41505      ERROR Test worker     d.u.i.k.n.b.AbstractBuilder  de.uka.ilkd.key.java.JavaBuildingExceptions: JavaBuildingIssue{node=PrintStream.$allocate()range=Optional.empty, message='Unsupported element detected given by Java Parser: MethodCallExpr. Please extend the KeY-Java-Hierarchy'}
	at de.uka.ilkd.key.java.JP2KeYVisitor.reportError(JP2KeYConverter.java:119)

41505      ERROR Test worker     d.u.i.k.n.b.TacletPBuilder Error in parsing taclet. de.uka.ilkd.key.util.parsing.BuildingException: JavaBuildingIssue{node=PrintStream.$allocate()range=Optional.empty, message='Unsupported element detected given by Java Parser: MethodCallExpr. Please extend the KeY-Java-Hierarchy'} at file:/home/runner/work/key/key/key.core/build/resources/main/de/uka/ilkd/key/proof/rules/javaRules.key:546:15
	at de.uka.ilkd.key.nparser.builder.AbstractBuilder.accept(AbstractBuilder.java:54)
Caused by: de.uka.ilkd.key.java.JavaBuildingExceptions: JavaBuildingIssue{node=PrintStream.$allocate()range=Optional.empty, message='Unsupported element detected given by Java Parser: MethodCallExpr. Please extend the KeY-Java-Hierarchy'}
	at de.uka.ilkd.key.java.JP2KeYVisitor.reportError(JP2KeYConverter.java:119)

41759      ERROR Test worker     d.u.i.k.n.b.AbstractBuilder  de.uka.ilkd.key.java.JavaBuildingExceptions: JavaBuildingIssue{node=PrintStream.$allocate()range=Optional.empty, message='Unsupported element detected given by Java Parser: MethodCallExpr. Please extend the KeY-Java-Hierarchy'}
	at de.uka.ilkd.key.java.JP2KeYVisitor.reportError(JP2KeYConverter.java:119)

41760      ERROR Test worker     d.u.i.k.n.b.TacletPBuilder Error in parsing taclet. de.uka.ilkd.key.util.parsing.BuildingException: JavaBuildingIssue{node=PrintStream.$allocate()range=Optional.empty, message='Unsupported element detected given by Java Parser: MethodCallExpr. Please extend the KeY-Java-Hierarchy'} at file:/home/runner/work/key/key/key.core/build/resources/main/de/uka/ilkd/key/proof/rules/javaRules.key:574:15
	at de.uka.ilkd.key.nparser.builder.AbstractBuilder.accept(AbstractBuilder.java:54)
Caused by: de.uka.ilkd.key.java.JavaBuildingExceptions: JavaBuildingIssue{node=PrintStream.$allocate()range=Optional.empty, message='Unsupported element detected given by Java Parser: MethodCallExpr. Please extend the KeY-Java-Hierarchy'}
	at de.uka.ilkd.key.java.JP2KeYVisitor.reportError(JP2KeYConverter.java:119)

42027      ERROR Test worker     d.u.i.k.n.b.AbstractBuilder  de.uka.ilkd.key.java.JavaBuildingExceptions: JavaBuildingIssue{node=PrintStream.$allocate()range=Optional.empty, message='Unsupported element detected given by Java Parser: MethodCallExpr. Please extend the KeY-Java-Hierarchy'}
	at de.uka.ilkd.key.java.JP2KeYVisitor.reportError(JP2KeYConverter.java:119)

42027      ERROR Test worker     d.u.i.k.n.b.TacletPBuilder Error in parsing taclet. de.uka.ilkd.key.util.parsing.BuildingException: JavaBuildingIssue{node=PrintStream.$allocate()range=Optional.empty, message='Unsupported element detected given by Java Parser: MethodCallExpr. Please extend the KeY-Java-Hierarchy'} at file:/home/runner/work/key/key/key.core/build/resources/main/de/uka/ilkd/key/proof/rules/javaRules.key:590:15
	at de.uka.ilkd.key.nparser.builder.AbstractBuilder.accept(AbstractBuilder.java:54)
Caused by: de.uka.ilkd.key.java.JavaBuildingExceptions: JavaBuildingIssue{node=PrintStream.$allocate()range=Optional.empty, message='Unsupported element detected given by Java Parser: MethodCallExpr. Please extend the KeY-Java-Hierarchy'}
	at de.uka.ilkd.key.java.JP2KeYVisitor.reportError(JP2KeYConverter.java:119)

42274      ERROR Test worker     d.u.i.k.n.b.AbstractBuilder  de.uka.ilkd.key.java.JavaBuildingExceptions: JavaBuildingIssue{node=PrintStream.$allocate()range=Optional.empty, message='Unsupported element detected given by Java Parser: MethodCallExpr. Please extend the KeY-Java-Hierarchy'}
	at de.uka.ilkd.key.java.JP2KeYVisitor.reportError(JP2KeYConverter.java:119)

42274      ERROR Test worker     d.u.i.k.n.b.TacletPBuilder Error in parsing taclet. de.uka.ilkd.key.util.parsing.BuildingException: JavaBuildingIssue{node=PrintStream.$allocate()range=Optional.empty, message='Unsupported element detected given by Java Parser: MethodCallExpr. Please extend the KeY-Java-Hierarchy'} at file:/home/runner/work/key/key/key.core/build/resources/main/de/uka/ilkd/key/proof/rules/javaRules.key:596:15
	at de.uka.ilkd.key.nparser.builder.AbstractBuilder.accept(AbstractBuilder.java:54)
Caused by: de.uka.ilkd.key.java.JavaBuildingExceptions: JavaBuildingIssue{node=PrintStream.$allocate()range=Optional.empty, message='Unsupported element detected given by Java Parser: MethodCallExpr. Please extend the KeY-Java-Hierarchy'}
	at de.uka.ilkd.key.java.JP2KeYVisitor.reportError(JP2KeYConverter.java:119)

42522      ERROR Test worker     d.u.i.k.n.b.AbstractBuilder  de.uka.ilkd.key.java.JavaBuildingExceptions: JavaBuildingIssue{node=PrintStream.$allocate()range=Optional.empty, message='Unsupported element detected given by Java Parser: MethodCallExpr. Please extend the KeY-Java-Hierarchy'}
	at de.uka.ilkd.key.java.JP2KeYVisitor.reportError(JP2KeYConverter.java:119)

42522      ERROR Test worker     d.u.i.k.n.b.TacletPBuilder Error in parsing taclet. de.uka.ilkd.key.util.parsing.BuildingException: JavaBuildingIssue{node=PrintStream.$allocate()range=Optional.empty, message='Unsupported element detected given by Java Parser: MethodCallExpr. Please extend the KeY-Java-Hierarchy'} at file:/home/runner/work/key/key/key.core/build/resources/main/de/uka/ilkd/key/proof/rules/javaRules.key:605:15
	at de.uka.ilkd.key.nparser.builder.AbstractBuilder.accept(AbstractBuilder.java:54)
Caused by: de.uka.ilkd.key.java.JavaBuildingExceptions: JavaBuildingIssue{node=PrintStream.$allocate()range=Optional.empty, message='Unsupported element detected given by Java Parser: MethodCallExpr. Please extend the KeY-Java-Hierarchy'}
	at de.uka.ilkd.key.java.JP2KeYVisitor.reportError(JP2KeYConverter.java:119)

42767      ERROR Test worker     d.u.i.k.n.b.AbstractBuilder  de.uka.ilkd.key.java.JavaBuildingExceptions: JavaBuildingIssue{node=PrintStream.$allocate()range=Optional.empty, message='Unsupported element detected given by Java Parser: MethodCallExpr. Please extend the KeY-Java-Hierarchy'}
	at de.uka.ilkd.key.java.JP2KeYVisitor.reportError(JP2KeYConverter.java:119)

42767      ERROR Test worker     d.u.i.k.n.b.TacletPBuilder Error in parsing taclet. de.uka.ilkd.key.util.parsing.BuildingException: JavaBuildingIssue{node=PrintStream.$allocate()range=Optional.empty, message='Unsupported element detected given by Java Parser: MethodCallExpr. Please extend the KeY-Java-Hierarchy'} at file:/home/runner/work/key/key/key.core/build/resources/main/de/uka/ilkd/key/proof/rules/javaRules.key:613:15
	at de.uka.ilkd.key.nparser.builder.AbstractBuilder.accept(AbstractBuilder.java:54)
Caused by: de.uka.ilkd.key.java.JavaBuildingExceptions: JavaBuildingIssue{node=PrintStream.$allocate()range=Optional.empty, message='Unsupported element detected given by Java Parser: MethodCallExpr. Please extend the KeY-Java-Hierarchy'}
	at de.uka.ilkd.key.java.JP2KeYVisitor.reportError(JP2KeYConverter.java:119)

43047      ERROR Test worker     d.u.i.k.n.b.AbstractBuilder  de.uka.ilkd.key.java.JavaBuildingExceptions: JavaBuildingIssue{node=PrintStream.$allocate()range=Optional.empty, message='Unsupported element detected given by Java Parser: MethodCallExpr. Please extend the KeY-Java-Hierarchy'}
	at de.uka.ilkd.key.java.JP2KeYVisitor.reportError(JP2KeYConverter.java:119)

43048      ERROR Test worker     d.u.i.k.n.b.TacletPBuilder Error in parsing taclet. de.uka.ilkd.key.util.parsing.BuildingException: JavaBuildingIssue{node=PrintStream.$allocate()range=Optional.empty, message='Unsupported element detected given by Java Parser: MethodCallExpr. Please extend the KeY-Java-Hierarchy'} at file:/home/runner/work/key/key/key.core/build/resources/main/de/uka/ilkd/key/proof/rules/javaRules.key:622:15
	at de.uka.ilkd.key.nparser.builder.AbstractBuilder.accept(AbstractBuilder.java:54)
Caused by: de.uka.ilkd.key.java.JavaBuildingExceptions: JavaBuildingIssue{node=PrintStream.$allocate()range=Optional.empty, message='Unsupported element detected given by Java Parser: MethodCallExpr. Please extend the KeY-Java-Hierarchy'}
	at de.uka.ilkd.key.java.JP2KeYVisitor.reportError(JP2KeYConverter.java:119)

43310      ERROR Test worker     d.u.i.k.n.b.AbstractBuilder  de.uka.ilkd.key.java.JavaBuildingExceptions: JavaBuildingIssue{node=PrintStream.$allocate()range=Optional.empty, message='Unsupported element detected given by Java Parser: MethodCallExpr. Please extend the KeY-Java-Hierarchy'}
	at de.uka.ilkd.key.java.JP2KeYVisitor.reportError(JP2KeYConverter.java:119)

43310      ERROR Test worker     d.u.i.k.n.b.TacletPBuilder Error in parsing taclet. de.uka.ilkd.key.util.parsing.BuildingException: JavaBuildingIssue{node=PrintStream.$allocate()range=Optional.empty, message='Unsupported element detected given by Java Parser: MethodCallExpr. Please extend the KeY-Java-Hierarchy'} at file:/home/runner/work/key/key/key.core/build/resources/main/de/uka/ilkd/key/proof/rules/javaRules.key:630:15
	at de.uka.ilkd.key.nparser.builder.AbstractBuilder.accept(AbstractBuilder.java:54)
Caused by: de.uka.ilkd.key.java.JavaBuildingExceptions: JavaBuildingIssue{node=PrintStream.$allocate()range=Optional.empty, message='Unsupported element detected given by Java Parser: MethodCallExpr. Please extend the KeY-Java-Hierarchy'}
	at de.uka.ilkd.key.java.JP2KeYVisitor.reportError(JP2KeYConverter.java:119)

43669      ERROR Test worker     d.u.i.k.n.b.AbstractBuilder  de.uka.ilkd.key.java.JavaBuildingExceptions: JavaBuildingIssue{node=PrintStream.$allocate()range=Optional.empty, message='Unsupported element detected given by Java Parser: MethodCallExpr. Please extend the KeY-Java-Hierarchy'}
	at de.uka.ilkd.key.java.JP2KeYVisitor.reportError(JP2KeYConverter.java:119)

43670      ERROR Test worker     d.u.i.k.n.b.TacletPBuilder Error in parsing taclet. de.uka.ilkd.key.util.parsing.BuildingException: JavaBuildingIssue{node=PrintStream.$allocate()range=Optional.empty, message='Unsupported element detected given by Java Parser: MethodCallExpr. Please extend the KeY-Java-Hierarchy'} at file:/home/runner/work/key/key/key.core/build/resources/main/de/uka/ilkd/key/proof/rules/javaRules.key:639:15
	at de.uka.ilkd.key.nparser.builder.AbstractBuilder.accept(AbstractBuilder.java:54)
Caused by: de.uka.ilkd.key.java.JavaBuildingExceptions: JavaBuildingIssue{node=PrintStream.$allocate()range=Optional.empty, message='Unsupported element detected given by Java Parser: MethodCallExpr. Please extend the KeY-Java-Hierarchy'}
	at de.uka.ilkd.key.java.JP2KeYVisitor.reportError(JP2KeYConverter.java:119)

43917      ERROR Test worker     d.u.i.k.n.b.AbstractBuilder  de.uka.ilkd.key.java.JavaBuildingExceptions: JavaBuildingIssue{node=PrintStream.$allocate()range=Optional.empty, message='Unsupported element detected given by Java Parser: MethodCallExpr. Please extend the KeY-Java-Hierarchy'}
	at de.uka.ilkd.key.java.JP2KeYVisitor.reportError(JP2KeYConverter.java:119)

43918      ERROR Test worker     d.u.i.k.n.b.TacletPBuilder Error in parsing taclet. de.uka.ilkd.key.util.parsing.BuildingException: JavaBuildingIssue{node=PrintStream.$allocate()range=Optional.empty, message='Unsupported element detected given by Java Parser: MethodCallExpr. Please extend the KeY-Java-Hierarchy'} at file:/home/runner/work/key/key/key.core/build/resources/main/de/uka/ilkd/key/proof/rules/javaRules.key:647:15
	at de.uka.ilkd.key.nparser.builder.AbstractBuilder.accept(AbstractBuilder.java:54)
Caused by: de.uka.ilkd.key.java.JavaBuildingExceptions: JavaBuildingIssue{node=PrintStream.$allocate()range=Optional.empty, message='Unsupported element detected given by Java Parser: MethodCallExpr. Please extend the KeY-Java-Hierarchy'}
	at de.uka.ilkd.key.java.JP2KeYVisitor.reportError(JP2KeYConverter.java:119)

44160      ERROR Test worker     d.u.i.k.n.b.AbstractBuilder  de.uka.ilkd.key.java.JavaBuildingExceptions: JavaBuildingIssue{node=PrintStream.$allocate()range=Optional.empty, message='Unsupported element detected given by Java Parser: MethodCallExpr. Please extend the KeY-Java-Hierarchy'}
	at de.uka.ilkd.key.java.JP2KeYVisitor.reportError(JP2KeYConverter.java:119)

44161      ERROR Test worker     d.u.i.k.n.b.TacletPBuilder Error in parsing taclet. de.uka.ilkd.key.util.parsing.BuildingException: JavaBuildingIssue{node=PrintStream.$allocate()range=Optional.empty, message='Unsupported element detected given by Java Parser: MethodCallExpr. Please extend the KeY-Java-Hierarchy'} at file:/home/runner/work/key/key/key.core/build/resources/main/de/uka/ilkd/key/proof/rules/javaRules.key:656:15
	at de.uka.ilkd.key.nparser.builder.AbstractBuilder.accept(AbstractBuilder.java:54)
Caused by: de.uka.ilkd.key.java.JavaBuildingExceptions: JavaBuildingIssue{node=PrintStream.$allocate()range=Optional.empty, message='Unsupported element detected given by Java Parser: MethodCallExpr. Please extend the KeY-Java-Hierarchy'}
	at de.uka.ilkd.key.java.JP2KeYVisitor.reportError(JP2KeYConverter.java:119)

44405      ERROR Test worker     d.u.i.k.n.b.AbstractBuilder  de.uka.ilkd.key.java.JavaBuildingExceptions: JavaBuildingIssue{node=PrintStream.$allocate()range=Optional.empty, message='Unsupported element detected given by Java Parser: MethodCallExpr. Please extend the KeY-Java-Hierarchy'}
	at de.uka.ilkd.key.java.JP2KeYVisitor.reportError(JP2KeYConverter.java:119)

44405      ERROR Test worker     d.u.i.k.n.b.TacletPBuilder Error in parsing taclet. de.uka.ilkd.key.util.parsing.BuildingException: JavaBuildingIssue{node=PrintStream.$allocate()range=Optional.empty, message='Unsupported element detected given by Java Parser: MethodCallExpr. Please extend the KeY-Java-Hierarchy'} at file:/home/runner/work/key/key/key.core/build/resources/main/de/uka/ilkd/key/proof/rules/javaRules.key:664:15
	at de.uka.ilkd.key.nparser.builder.AbstractBuilder.accept(AbstractBuilder.java:54)
Caused by: de.uka.ilkd.key.java.JavaBuildingExceptions: JavaBuildingIssue{node=PrintStream.$allocate()range=Optional.empty, message='Unsupported element detected given by Java Parser: MethodCallExpr. Please extend the KeY-Java-Hierarchy'}
	at de.uka.ilkd.key.java.JP2KeYVisitor.reportError(JP2KeYConverter.java:119)

44647      ERROR Test worker     d.u.i.k.n.b.AbstractBuilder  de.uka.ilkd.key.java.JavaBuildingExceptions: JavaBuildingIssue{node=PrintStream.$allocate()range=Optional.empty, message='Unsupported element detected given by Java Parser: MethodCallExpr. Please extend the KeY-Java-Hierarchy'}
	at de.uka.ilkd.key.java.JP2KeYVisitor.reportError(JP2KeYConverter.java:119)

44648      ERROR Test worker     d.u.i.k.n.b.TacletPBuilder Error in parsing taclet. de.uka.ilkd.key.util.parsing.BuildingException: JavaBuildingIssue{node=PrintStream.$allocate()range=Optional.empty, message='Unsupported element detected given by Java Parser: MethodCallExpr. Please extend the KeY-Java-Hierarchy'} at file:/home/runner/work/key/key/key.core/build/resources/main/de/uka/ilkd/key/proof/rules/javaRules.key:673:15
	at de.uka.ilkd.key.nparser.builder.AbstractBuilder.accept(AbstractBuilder.java:54)
Caused by: de.uka.ilkd.key.java.JavaBuildingExceptions: JavaBuildingIssue{node=PrintStream.$allocate()range=Optional.empty, message='Unsupported element detected given by Java Parser: MethodCallExpr. Please extend the KeY-Java-Hierarchy'}
	at de.uka.ilkd.key.java.JP2KeYVisitor.reportError(JP2KeYConverter.java:119)

44893      ERROR Test worker     d.u.i.k.n.b.AbstractBuilder  de.uka.ilkd.key.java.JavaBuildingExceptions: JavaBuildingIssue{node=PrintStream.$allocate()range=Optional.empty, message='Unsupported element detected given by Java Parser: MethodCallExpr. Please extend the KeY-Java-Hierarchy'}
	at de.uka.ilkd.key.java.JP2KeYVisitor.reportError(JP2KeYConverter.java:119)

44893      ERROR Test worker     d.u.i.k.n.b.TacletPBuilder Error in parsing taclet. de.uka.ilkd.key.util.parsing.BuildingException: JavaBuildingIssue{node=PrintStream.$allocate()range=Optional.empty, message='Unsupported element detected given by Java Parser: MethodCallExpr. Please extend the KeY-Java-Hierarchy'} at file:/home/runner/work/key/key/key.core/build/resources/main/de/uka/ilkd/key/proof/rules/javaRules.key:681:15
	at de.uka.ilkd.key.nparser.builder.AbstractBuilder.accept(AbstractBuilder.java:54)
Caused by: de.uka.ilkd.key.java.JavaBuildingExceptions: JavaBuildingIssue{node=PrintStream.$allocate()range=Optional.empty, message='Unsupported element detected given by Java Parser: MethodCallExpr. Please extend the KeY-Java-Hierarchy'}
	at de.uka.ilkd.key.java.JP2KeYVisitor.reportError(JP2KeYConverter.java:119)

45140      ERROR Test worker     d.u.i.k.n.b.AbstractBuilder  de.uka.ilkd.key.java.JavaBuildingExceptions: JavaBuildingIssue{node=PrintStream.$allocate()range=Optional.empty, message='Unsupported element detected given by Java Parser: MethodCallExpr. Please extend the KeY-Java-Hierarchy'}
	at de.uka.ilkd.key.java.JP2KeYVisitor.reportError(JP2KeYConverter.java:119)

45140      ERROR Test worker     d.u.i.k.n.b.TacletPBuilder Error in parsing taclet. de.uka.ilkd.key.util.parsing.BuildingException: JavaBuildingIssue{node=PrintStream.$allocate()range=Optional.empty, message='Unsupported element detected given by Java Parser: MethodCallExpr. Please extend the KeY-Java-Hierarchy'} at file:/home/runner/work/key/key/key.core/build/resources/main/de/uka/ilkd/key/proof/rules/javaRules.key:693:15
	at de.uka.ilkd.key.nparser.builder.AbstractBuilder.accept(AbstractBuilder.java:54)
Caused by: de.uka.ilkd.key.java.JavaBuildingExceptions: JavaBuildingIssue{node=PrintStream.$allocate()range=Optional.empty, message='Unsupported element detected given by Java Parser: MethodCallExpr. Please extend the KeY-Java-Hierarchy'}
	at de.uka.ilkd.key.java.JP2KeYVisitor.reportError(JP2KeYConverter.java:119)

45387      ERROR Test worker     d.u.i.k.n.b.AbstractBuilder  de.uka.ilkd.key.java.JavaBuildingExceptions: JavaBuildingIssue{node=PrintStream.$allocate()range=Optional.empty, message='Unsupported element detected given by Java Parser: MethodCallExpr. Please extend the KeY-Java-Hierarchy'}
	at de.uka.ilkd.key.java.JP2KeYVisitor.reportError(JP2KeYConverter.java:119)

45387      ERROR Test worker     d.u.i.k.n.b.TacletPBuilder Error in parsing taclet. de.uka.ilkd.key.util.parsing.BuildingException: JavaBuildingIssue{node=PrintStream.$allocate()range=Optional.empty, message='Unsupported element detected given by Java Parser: MethodCallExpr. Please extend the KeY-Java-Hierarchy'} at file:/home/runner/work/key/key/key.core/build/resources/main/de/uka/ilkd/key/proof/rules/javaRules.key:701:15
	at de.uka.ilkd.key.nparser.builder.AbstractBuilder.accept(AbstractBuilder.java:54)
Caused by: de.uka.ilkd.key.java.JavaBuildingExceptions: JavaBuildingIssue{node=PrintStream.$allocate()range=Optional.empty, message='Unsupported element detected given by Java Parser: MethodCallExpr. Please extend the KeY-Java-Hierarchy'}
	at de.uka.ilkd.key.java.JP2KeYVisitor.reportError(JP2KeYConverter.java:119)

45632      ERROR Test worker     d.u.i.k.n.b.AbstractBuilder  de.uka.ilkd.key.java.JavaBuildingExceptions: JavaBuildingIssue{node=PrintStream.$allocate()range=Optional.empty, message='Unsupported element detected given by Java Parser: MethodCallExpr. Please extend the KeY-Java-Hierarchy'}
	at de.uka.ilkd.key.java.JP2KeYVisitor.reportError(JP2KeYConverter.java:119)

45633      ERROR Test worker     d.u.i.k.n.b.TacletPBuilder Error in parsing taclet. de.uka.ilkd.key.util.parsing.BuildingException: JavaBuildingIssue{node=PrintStream.$allocate()range=Optional.empty, message='Unsupported element detected given by Java Parser: MethodCallExpr. Please extend the KeY-Java-Hierarchy'} at file:/home/runner/work/key/key/key.core/build/resources/main/de/uka/ilkd/key/proof/rules/javaRules.key:715:15
	at de.uka.ilkd.key.nparser.builder.AbstractBuilder.accept(AbstractBuilder.java:54)
Caused by: de.uka.ilkd.key.java.JavaBuildingExceptions: JavaBuildingIssue{node=PrintStream.$allocate()range=Optional.empty, message='Unsupported element detected given by Java Parser: MethodCallExpr. Please extend the KeY-Java-Hierarchy'}
	at de.uka.ilkd.key.java.JP2KeYVisitor.reportError(JP2KeYConverter.java:119)

45889      ERROR Test worker     d.u.i.k.n.b.AbstractBuilder  de.uka.ilkd.key.java.JavaBuildingExceptions: JavaBuildingIssue{node=PrintStream.$allocate()range=Optional.empty, message='Unsupported element detected given by Java Parser: MethodCallExpr. Please extend the KeY-Java-Hierarchy'}
	at de.uka.ilkd.key.java.JP2KeYVisitor.reportError(JP2KeYConverter.java:119)

45889      ERROR Test worker     d.u.i.k.n.b.TacletPBuilder Error in parsing taclet. de.uka.ilkd.key.util.parsing.BuildingException: JavaBuildingIssue{node=PrintStream.$allocate()range=Optional.empty, message='Unsupported element detected given by Java Parser: MethodCallExpr. Please extend the KeY-Java-Hierarchy'} at file:/home/runner/work/key/key/key.core/build/resources/main/de/uka/ilkd/key/proof/rules/javaRules.key:722:15
	at de.uka.ilkd.key.nparser.builder.AbstractBuilder.accept(AbstractBuilder.java:54)
Caused by: de.uka.ilkd.key.java.JavaBuildingExceptions: JavaBuildingIssue{node=PrintStream.$allocate()range=Optional.empty, message='Unsupported element detected given by Java Parser: MethodCallExpr. Please extend the KeY-Java-Hierarchy'}
	at de.uka.ilkd.key.java.JP2KeYVisitor.reportError(JP2KeYConverter.java:119)

46143      ERROR Test worker     d.u.i.k.n.b.AbstractBuilder  de.uka.ilkd.key.java.JavaBuildingExceptions: JavaBuildingIssue{node=PrintStream.$allocate()range=Optional.empty, message='Unsupported element detected given by Java Parser: MethodCallExpr. Please extend the KeY-Java-Hierarchy'}
	at de.uka.ilkd.key.java.JP2KeYVisitor.reportError(JP2KeYConverter.java:119)

46143      ERROR Test worker     d.u.i.k.n.b.TacletPBuilder Error in parsing taclet. de.uka.ilkd.key.util.parsing.BuildingException: JavaBuildingIssue{node=PrintStream.$allocate()range=Optional.empty, message='Unsupported element detected given by Java Parser: MethodCallExpr. Please extend the KeY-Java-Hierarchy'} at file:/home/runner/work/key/key/key.core/build/resources/main/de/uka/ilkd/key/proof/rules/javaRules.key:730:15
	at de.uka.ilkd.key.nparser.builder.AbstractBuilder.accept(AbstractBuilder.java:54)
Caused by: de.uka.ilkd.key.java.JavaBuildingExceptions: JavaBuildingIssue{node=PrintStream.$allocate()range=Optional.empty, message='Unsupported element detected given by Java Parser: MethodCallExpr. Please extend the KeY-Java-Hierarchy'}
	at de.uka.ilkd.key.java.JP2KeYVisitor.reportError(JP2KeYConverter.java:119)

46385      ERROR Test worker     d.u.i.k.n.b.AbstractBuilder  de.uka.ilkd.key.java.JavaBuildingExceptions: JavaBuildingIssue{node=PrintStream.$allocate()range=Optional.empty, message='Unsupported element detected given by Java Parser: MethodCallExpr. Please extend the KeY-Java-Hierarchy'}
	at de.uka.ilkd.key.java.JP2KeYVisitor.reportError(JP2KeYConverter.java:119)

46385      ERROR Test worker     d.u.i.k.n.b.TacletPBuilder Error in parsing taclet. de.uka.ilkd.key.util.parsing.BuildingException: JavaBuildingIssue{node=PrintStream.$allocate()range=Optional.empty, message='Unsupported element detected given by Java Parser: MethodCallExpr. Please extend the KeY-Java-Hierarchy'} at file:/home/runner/work/key/key/key.core/build/resources/main/de/uka/ilkd/key/proof/rules/javaRules.key:739:15
	at de.uka.ilkd.key.nparser.builder.AbstractBuilder.accept(AbstractBuilder.java:54)
Caused by: de.uka.ilkd.key.java.JavaBuildingExceptions: JavaBuildingIssue{node=PrintStream.$allocate()range=Optional.empty, message='Unsupported element detected given by Java Parser: MethodCallExpr. Please extend the KeY-Java-Hierarchy'}
	at de.uka.ilkd.key.java.JP2KeYVisitor.reportError(JP2KeYConverter.java:119)

46776      ERROR Test worker     d.u.i.k.n.b.AbstractBuilder  de.uka.ilkd.key.java.JavaBuildingExceptions: JavaBuildingIssue{node=PrintStream.$allocate()range=Optional.empty, message='Unsupported element detected given by Java Parser: MethodCallExpr. Please extend the KeY-Java-Hierarchy'}
	at de.uka.ilkd.key.java.JP2KeYVisitor.reportError(JP2KeYConverter.java:119)

46776      ERROR Test worker     d.u.i.k.n.b.TacletPBuilder Error in parsing taclet. de.uka.ilkd.key.util.parsing.BuildingException: JavaBuildingIssue{node=PrintStream.$allocate()range=Optional.empty, message='Unsupported element detected given by Java Parser: MethodCallExpr. Please extend the KeY-Java-Hierarchy'} at file:/home/runner/work/key/key/key.core/build/resources/main/de/uka/ilkd/key/proof/rules/javaRules.key:746:15
	at de.uka.ilkd.key.nparser.builder.AbstractBuilder.accept(AbstractBuilder.java:54)
Caused by: de.uka.ilkd.key.java.JavaBuildingExceptions: JavaBuildingIssue{node=PrintStream.$allocate()range=Optional.empty, message='Unsupported element detected given by Java Parser: MethodCallExpr. Please extend the KeY-Java-Hierarchy'}
	at de.uka.ilkd.key.java.JP2KeYVisitor.reportError(JP2KeYConverter.java:119)

47020      ERROR Test worker     d.u.i.k.n.b.AbstractBuilder  de.uka.ilkd.key.java.JavaBuildingExceptions: JavaBuildingIssue{node=PrintStream.$allocate()range=Optional.empty, message='Unsupported element detected given by Java Parser: MethodCallExpr. Please extend the KeY-Java-Hierarchy'}
	at de.uka.ilkd.key.java.JP2KeYVisitor.reportError(JP2KeYConverter.java:119)

47020      ERROR Test worker     d.u.i.k.n.b.TacletPBuilder Error in parsing taclet. de.uka.ilkd.key.util.parsing.BuildingException: JavaBuildingIssue{node=PrintStream.$allocate()range=Optional.empty, message='Unsupported element detected given by Java Parser: MethodCallExpr. Please extend the KeY-Java-Hierarchy'} at file:/home/runner/work/key/key/key.core/build/resources/main/de/uka/ilkd/key/proof/rules/javaRules.key:754:15
	at de.uka.ilkd.key.nparser.builder.AbstractBuilder.accept(AbstractBuilder.java:54)
Caused by: de.uka.ilkd.key.java.JavaBuildingExceptions: JavaBuildingIssue{node=PrintStream.$allocate()range=Optional.empty, message='Unsupported element detected given by Java Parser: MethodCallExpr. Please extend the KeY-Java-Hierarchy'}
	at de.uka.ilkd.key.java.JP2KeYVisitor.reportError(JP2KeYConverter.java:119)

47270      ERROR Test worker     d.u.i.k.n.b.AbstractBuilder  de.uka.ilkd.key.java.JavaBuildingExceptions: JavaBuildingIssue{node=PrintStream.$allocate()range=Optional.empty, message='Unsupported element detected given by Java Parser: MethodCallExpr. Please extend the KeY-Java-Hierarchy'}
	at de.uka.ilkd.key.java.JP2KeYVisitor.reportError(JP2KeYConverter.java:119)

47271      ERROR Test worker     d.u.i.k.n.b.TacletPBuilder Error in parsing taclet. de.uka.ilkd.key.util.parsing.BuildingException: JavaBuildingIssue{node=PrintStream.$allocate()range=Optional.empty, message='Unsupported element detected given by Java Parser: MethodCallExpr. Please extend the KeY-Java-Hierarchy'} at file:/home/runner/work/key/key/key.core/build/resources/main/de/uka/ilkd/key/proof/rules/javaRules.key:763:15
	at de.uka.ilkd.key.nparser.builder.AbstractBuilder.accept(AbstractBuilder.java:54)
Caused by: de.uka.ilkd.key.java.JavaBuildingExceptions: JavaBuildingIssue{node=PrintStream.$allocate()range=Optional.empty, message='Unsupported element detected given by Java Parser: MethodCallExpr. Please extend the KeY-Java-Hierarchy'}
	at de.uka.ilkd.key.java.JP2KeYVisitor.reportError(JP2KeYConverter.java:119)

47512      ERROR Test worker     d.u.i.k.n.b.AbstractBuilder  de.uka.ilkd.key.java.JavaBuildingExceptions: JavaBuildingIssue{node=PrintStream.$allocate()range=Optional.empty, message='Unsupported element detected given by Java Parser: MethodCallExpr. Please extend the KeY-Java-Hierarchy'}
	at de.uka.ilkd.key.java.JP2KeYVisitor.reportError(JP2KeYConverter.java:119)

47513      ERROR Test worker     d.u.i.k.n.b.TacletPBuilder Error in parsing taclet. de.uka.ilkd.key.util.parsing.BuildingException: JavaBuildingIssue{node=PrintStream.$allocate()range=Optional.empty, message='Unsupported element detected given by Java Parser: MethodCallExpr. Please extend the KeY-Java-Hierarchy'} at file:/home/runner/work/key/key/key.core/build/resources/main/de/uka/ilkd/key/proof/rules/javaRules.key:770:15
	at de.uka.ilkd.key.nparser.builder.AbstractBuilder.accept(AbstractBuilder.java:54)
Caused by: de.uka.ilkd.key.java.JavaBuildingExceptions: JavaBuildingIssue{node=PrintStream.$allocate()range=Optional.empty, message='Unsupported element detected given by Java Parser: MethodCallExpr. Please extend the KeY-Java-Hierarchy'}
	at de.uka.ilkd.key.java.JP2KeYVisitor.reportError(JP2KeYConverter.java:119)

47768      ERROR Test worker     d.u.i.k.n.b.AbstractBuilder  de.uka.ilkd.key.java.JavaBuildingExceptions: JavaBuildingIssue{node=PrintStream.$allocate()range=Optional.empty, message='Unsupported element detected given by Java Parser: MethodCallExpr. Please extend the KeY-Java-Hierarchy'}
	at de.uka.ilkd.key.java.JP2KeYVisitor.reportError(JP2KeYConverter.java:119)

47769      ERROR Test worker     d.u.i.k.n.b.TacletPBuilder Error in parsing taclet. de.uka.ilkd.key.util.parsing.BuildingException: JavaBuildingIssue{node=PrintStream.$allocate()range=Optional.empty, message='Unsupported element detected given by Java Parser: MethodCallExpr. Please extend the KeY-Java-Hierarchy'} at file:/home/runner/work/key/key/key.core/build/resources/main/de/uka/ilkd/key/proof/rules/javaRules.key:778:15
	at de.uka.ilkd.key.nparser.builder.AbstractBuilder.accept(AbstractBuilder.java:54)
Caused by: de.uka.ilkd.key.java.JavaBuildingExceptions: JavaBuildingIssue{node=PrintStream.$allocate()range=Optional.empty, message='Unsupported element detected given by Java Parser: MethodCallExpr. Please extend the KeY-Java-Hierarchy'}
	at de.uka.ilkd.key.java.JP2KeYVisitor.reportError(JP2KeYConverter.java:119)

48014      ERROR Test worker     d.u.i.k.n.b.AbstractBuilder  de.uka.ilkd.key.java.JavaBuildingExceptions: JavaBuildingIssue{node=PrintStream.$allocate()range=Optional.empty, message='Unsupported element detected given by Java Parser: MethodCallExpr. Please extend the KeY-Java-Hierarchy'}
	at de.uka.ilkd.key.java.JP2KeYVisitor.reportError(JP2KeYConverter.java:119)

48015      ERROR Test worker     d.u.i.k.n.b.TacletPBuilder Error in parsing taclet. de.uka.ilkd.key.util.parsing.BuildingException: JavaBuildingIssue{node=PrintStream.$allocate()range=Optional.empty, message='Unsupported element detected given by Java Parser: MethodCallExpr. Please extend the KeY-Java-Hierarchy'} at file:/home/runner/work/key/key/key.core/build/resources/main/de/uka/ilkd/key/proof/rules/javaRules.key:787:15
	at de.uka.ilkd.key.nparser.builder.AbstractBuilder.accept(AbstractBuilder.java:54)
Caused by: de.uka.ilkd.key.java.JavaBuildingExceptions: JavaBuildingIssue{node=PrintStream.$allocate()range=Optional.empty, message='Unsupported element detected given by Java Parser: MethodCallExpr. Please extend the KeY-Java-Hierarchy'}
	at de.uka.ilkd.key.java.JP2KeYVisitor.reportError(JP2KeYConverter.java:119)

48261      ERROR Test worker     d.u.i.k.n.b.AbstractBuilder  de.uka.ilkd.key.java.JavaBuildingExceptions: JavaBuildingIssue{node=PrintStream.$allocate()range=Optional.empty, message='Unsupported element detected given by Java Parser: MethodCallExpr. Please extend the KeY-Java-Hierarchy'}
	at de.uka.ilkd.key.java.JP2KeYVisitor.reportError(JP2KeYConverter.java:119)

48261      ERROR Test worker     d.u.i.k.n.b.TacletPBuilder Error in parsing taclet. de.uka.ilkd.key.util.parsing.BuildingException: JavaBuildingIssue{node=PrintStream.$allocate()range=Optional.empty, message='Unsupported element detected given by Java Parser: MethodCallExpr. Please extend the KeY-Java-Hierarchy'} at file:/home/runner/work/key/key/key.core/build/resources/main/de/uka/ilkd/key/proof/rules/javaRules.key:794:15
	at de.uka.ilkd.key.nparser.builder.AbstractBuilder.accept(AbstractBuilder.java:54)
Caused by: de.uka.ilkd.key.java.JavaBuildingExceptions: JavaBuildingIssue{node=PrintStream.$allocate()range=Optional.empty, message='Unsupported element detected given by Java Parser: MethodCallExpr. Please extend the KeY-Java-Hierarchy'}
	at de.uka.ilkd.key.java.JP2KeYVisitor.reportError(JP2KeYConverter.java:119)

48501      ERROR Test worker     d.u.i.k.n.b.AbstractBuilder  de.uka.ilkd.key.java.JavaBuildingExceptions: JavaBuildingIssue{node=PrintStream.$allocate()range=Optional.empty, message='Unsupported element detected given by Java Parser: MethodCallExpr. Please extend the KeY-Java-Hierarchy'}
	at de.uka.ilkd.key.java.JP2KeYVisitor.reportError(JP2KeYConverter.java:119)

48502      ERROR Test worker     d.u.i.k.n.b.TacletPBuilder Error in parsing taclet. de.uka.ilkd.key.util.parsing.BuildingException: JavaBuildingIssue{node=PrintStream.$allocate()range=Optional.empty, message='Unsupported element detected given by Java Parser: MethodCallExpr. Please extend the KeY-Java-Hierarchy'} at file:/home/runner/work/key/key/key.core/build/resources/main/de/uka/ilkd/key/proof/rules/javaRules.key:802:15
	at de.uka.ilkd.key.nparser.builder.AbstractBuilder.accept(AbstractBuilder.java:54)
Caused by: de.uka.ilkd.key.java.JavaBuildingExceptions: JavaBuildingIssue{node=PrintStream.$allocate()range=Optional.empty, message='Unsupported element detected given by Java Parser: MethodCallExpr. Please extend the KeY-Java-Hierarchy'}
	at de.uka.ilkd.key.java.JP2KeYVisitor.reportError(JP2KeYConverter.java:119)

48742      ERROR Test worker     d.u.i.k.n.b.AbstractBuilder  de.uka.ilkd.key.java.JavaBuildingExceptions: JavaBuildingIssue{node=PrintStream.$allocate()range=Optional.empty, message='Unsupported element detected given by Java Parser: MethodCallExpr. Please extend the KeY-Java-Hierarchy'}
	at de.uka.ilkd.key.java.JP2KeYVisitor.reportError(JP2KeYConverter.java:119)

48742      ERROR Test worker     d.u.i.k.n.b.TacletPBuilder Error in parsing taclet. de.uka.ilkd.key.util.parsing.BuildingException: JavaBuildingIssue{node=PrintStream.$allocate()range=Optional.empty, message='Unsupported element detected given by Java Parser: MethodCallExpr. Please extend the KeY-Java-Hierarchy'} at file:/home/runner/work/key/key/key.core/build/resources/main/de/uka/ilkd/key/proof/rules/javaRules.key:811:15
	at de.uka.ilkd.key.nparser.builder.AbstractBuilder.accept(AbstractBuilder.java:54)
Caused by: de.uka.ilkd.key.java.JavaBuildingExceptions: JavaBuildingIssue{node=PrintStream.$allocate()range=Optional.empty, message='Unsupported element detected given by Java Parser: MethodCallExpr. Please extend the KeY-Java-Hierarchy'}
	at de.uka.ilkd.key.java.JP2KeYVisitor.reportError(JP2KeYConverter.java:119)

48985      ERROR Test worker     d.u.i.k.n.b.AbstractBuilder  de.uka.ilkd.key.java.JavaBuildingExceptions: JavaBuildingIssue{node=PrintStream.$allocate()range=Optional.empty, message='Unsupported element detected given by Java Parser: MethodCallExpr. Please extend the KeY-Java-Hierarchy'}
	at de.uka.ilkd.key.java.JP2KeYVisitor.reportError(JP2KeYConverter.java:119)

48985      ERROR Test worker     d.u.i.k.n.b.TacletPBuilder Error in parsing taclet. de.uka.ilkd.key.util.parsing.BuildingException: JavaBuildingIssue{node=PrintStream.$allocate()range=Optional.empty, message='Unsupported element detected given by Java Parser: MethodCallExpr. Please extend the KeY-Java-Hierarchy'} at file:/home/runner/work/key/key/key.core/build/resources/main/de/uka/ilkd/key/proof/rules/javaRules.key:819:15
	at de.uka.ilkd.key.nparser.builder.AbstractBuilder.accept(AbstractBuilder.java:54)
Caused by: de.uka.ilkd.key.java.JavaBuildingExceptions: JavaBuildingIssue{node=PrintStream.$allocate()range=Optional.empty, message='Unsupported element detected given by Java Parser: MethodCallExpr. Please extend the KeY-Java-Hierarchy'}
	at de.uka.ilkd.key.java.JP2KeYVisitor.reportError(JP2KeYConverter.java:119)

49234      ERROR Test worker     d.u.i.k.n.b.AbstractBuilder  de.uka.ilkd.key.java.JavaBuildingExceptions: JavaBuildingIssue{node=PrintStream.$allocate()range=Optional.empty, message='Unsupported element detected given by Java Parser: MethodCallExpr. Please extend the KeY-Java-Hierarchy'}
	at de.uka.ilkd.key.java.JP2KeYVisitor.reportError(JP2KeYConverter.java:119)

49235      ERROR Test worker     d.u.i.k.n.b.TacletPBuilder Error in parsing taclet. de.uka.ilkd.key.util.parsing.BuildingException: JavaBuildingIssue{node=PrintStream.$allocate()range=Optional.empty, message='Unsupported element detected given by Java Parser: MethodCallExpr. Please extend the KeY-Java-Hierarchy'} at file:/home/runner/work/key/key/key.core/build/resources/main/de/uka/ilkd/key/proof/rules/javaRules.key:827:15
	at de.uka.ilkd.key.nparser.builder.AbstractBuilder.accept(AbstractBuilder.java:54)
Caused by: de.uka.ilkd.key.java.JavaBuildingExceptions: JavaBuildingIssue{node=PrintStream.$allocate()range=Optional.empty, message='Unsupported element detected given by Java Parser: MethodCallExpr. Please extend the KeY-Java-Hierarchy'}
	at de.uka.ilkd.key.java.JP2KeYVisitor.reportError(JP2KeYConverter.java:119)

49637      ERROR Test worker     d.u.i.k.n.b.AbstractBuilder  de.uka.ilkd.key.java.JavaBuildingExceptions: JavaBuildingIssue{node=PrintStream.$allocate()range=Optional.empty, message='Unsupported element detected given by Java Parser: MethodCallExpr. Please extend the KeY-Java-Hierarchy'}
	at de.uka.ilkd.key.java.JP2KeYVisitor.reportError(JP2KeYConverter.java:119)

49638      ERROR Test worker     d.u.i.k.n.b.TacletPBuilder Error in parsing taclet. de.uka.ilkd.key.util.parsing.BuildingException: JavaBuildingIssue{node=PrintStream.$allocate()range=Optional.empty, message='Unsupported element detected given by Java Parser: MethodCallExpr. Please extend the KeY-Java-Hierarchy'} at file:/home/runner/work/key/key/key.core/build/resources/main/de/uka/ilkd/key/proof/rules/javaRules.key:836:15
	at de.uka.ilkd.key.nparser.builder.AbstractBuilder.accept(AbstractBuilder.java:54)
Caused by: de.uka.ilkd.key.java.JavaBuildingExceptions: JavaBuildingIssue{node=PrintStream.$allocate()range=Optional.empty, message='Unsupported element detected given by Java Parser: MethodCallExpr. Please extend the KeY-Java-Hierarchy'}
	at de.uka.ilkd.key.java.JP2KeYVisitor.reportError(JP2KeYConverter.java:119)

49890      ERROR Test worker     d.u.i.k.n.b.AbstractBuilder  de.uka.ilkd.key.java.JavaBuildingExceptions: JavaBuildingIssue{node=PrintStream.$allocate()range=Optional.empty, message='Unsupported element detected given by Java Parser: MethodCallExpr. Please extend the KeY-Java-Hierarchy'}
	at de.uka.ilkd.key.java.JP2KeYVisitor.reportError(JP2KeYConverter.java:119)

49891      ERROR Test worker     d.u.i.k.n.b.TacletPBuilder Error in parsing taclet. de.uka.ilkd.key.util.parsing.BuildingException: JavaBuildingIssue{node=PrintStream.$allocate()range=Optional.empty, message='Unsupported element detected given by Java Parser: MethodCallExpr. Please extend the KeY-Java-Hierarchy'} at file:/home/runner/work/key/key/key.core/build/resources/main/de/uka/ilkd/key/proof/rules/javaRules.key:843:15
	at de.uka.ilkd.key.nparser.builder.AbstractBuilder.accept(AbstractBuilder.java:54)
Caused by: de.uka.ilkd.key.java.JavaBuildingExceptions: JavaBuildingIssue{node=PrintStream.$allocate()range=Optional.empty, message='Unsupported element detected given by Java Parser: MethodCallExpr. Please extend the KeY-Java-Hierarchy'}
	at de.uka.ilkd.key.java.JP2KeYVisitor.reportError(JP2KeYConverter.java:119)

50140      ERROR Test worker     d.u.i.k.n.b.AbstractBuilder  de.uka.ilkd.key.java.JavaBuildingExceptions: JavaBuildingIssue{node=PrintStream.$allocate()range=Optional.empty, message='Unsupported element detected given by Java Parser: MethodCallExpr. Please extend the KeY-Java-Hierarchy'}
	at de.uka.ilkd.key.java.JP2KeYVisitor.reportError(JP2KeYConverter.java:119)

50140      ERROR Test worker     d.u.i.k.n.b.TacletPBuilder Error in parsing taclet. de.uka.ilkd.key.util.parsing.BuildingException: JavaBuildingIssue{node=PrintStream.$allocate()range=Optional.empty, message='Unsupported element detected given by Java Parser: MethodCallExpr. Please extend the KeY-Java-Hierarchy'} at file:/home/runner/work/key/key/key.core/build/resources/main/de/uka/ilkd/key/proof/rules/javaRules.key:851:15
	at de.uka.ilkd.key.nparser.builder.AbstractBuilder.accept(AbstractBuilder.java:54)
Caused by: de.uka.ilkd.key.java.JavaBuildingExceptions: JavaBuildingIssue{node=PrintStream.$allocate()range=Optional.empty, message='Unsupported element detected given by Java Parser: MethodCallExpr. Please extend the KeY-Java-Hierarchy'}
	at de.uka.ilkd.key.java.JP2KeYVisitor.reportError(JP2KeYConverter.java:119)

50383      ERROR Test worker     d.u.i.k.n.b.AbstractBuilder  de.uka.ilkd.key.java.JavaBuildingExceptions: JavaBuildingIssue{node=PrintStream.$allocate()range=Optional.empty, message='Unsupported element detected given by Java Parser: MethodCallExpr. Please extend the KeY-Java-Hierarchy'}
	at de.uka.ilkd.key.java.JP2KeYVisitor.reportError(JP2KeYConverter.java:119)

50383      ERROR Test worker     d.u.i.k.n.b.TacletPBuilder Error in parsing taclet. de.uka.ilkd.key.util.parsing.BuildingException: JavaBuildingIssue{node=PrintStream.$allocate()range=Optional.empty, message='Unsupported element detected given by Java Parser: MethodCallExpr. Please extend the KeY-Java-Hierarchy'} at file:/home/runner/work/key/key/key.core/build/resources/main/de/uka/ilkd/key/proof/rules/javaRules.key:860:15
	at de.uka.ilkd.key.nparser.builder.AbstractBuilder.accept(AbstractBuilder.java:54)
Caused by: de.uka.ilkd.key.java.JavaBuildingExceptions: JavaBuildingIssue{node=PrintStream.$allocate()range=Optional.empty, message='Unsupported element detected given by Java Parser: MethodCallExpr. Please extend the KeY-Java-Hierarchy'}
	at de.uka.ilkd.key.java.JP2KeYVisitor.reportError(JP2KeYConverter.java:119)

50634      ERROR Test worker     d.u.i.k.n.b.AbstractBuilder  de.uka.ilkd.key.java.JavaBuildingExceptions: JavaBuildingIssue{node=PrintStream.$allocate()range=Optional.empty, message='Unsupported element detected given by Java Parser: MethodCallExpr. Please extend the KeY-Java-Hierarchy'}
	at de.uka.ilkd.key.java.JP2KeYVisitor.reportError(JP2KeYConverter.java:119)

50635      ERROR Test worker     d.u.i.k.n.b.TacletPBuilder Error in parsing taclet. de.uka.ilkd.key.util.parsing.BuildingException: JavaBuildingIssue{node=PrintStream.$allocate()range=Optional.empty, message='Unsupported element detected given by Java Parser: MethodCallExpr. Please extend the KeY-Java-Hierarchy'} at file:/home/runner/work/key/key/key.core/build/resources/main/de/uka/ilkd/key/proof/rules/javaRules.key:867:15
	at de.uka.ilkd.key.nparser.builder.AbstractBuilder.accept(AbstractBuilder.java:54)
Caused by: de.uka.ilkd.key.java.JavaBuildingExceptions: JavaBuildingIssue{node=PrintStream.$allocate()range=Optional.empty, message='Unsupported element detected given by Java Parser: MethodCallExpr. Please extend the KeY-Java-Hierarchy'}
	at de.uka.ilkd.key.java.JP2KeYVisitor.reportError(JP2KeYConverter.java:119)

50889      ERROR Test worker     d.u.i.k.n.b.AbstractBuilder  de.uka.ilkd.key.java.JavaBuildingExceptions: JavaBuildingIssue{node=PrintStream.$allocate()range=Optional.empty, message='Unsupported element detected given by Java Parser: MethodCallExpr. Please extend the KeY-Java-Hierarchy'}
	at de.uka.ilkd.key.java.JP2KeYVisitor.reportError(JP2KeYConverter.java:119)

50890      ERROR Test worker     d.u.i.k.n.b.TacletPBuilder Error in parsing taclet. de.uka.ilkd.key.util.parsing.BuildingException: JavaBuildingIssue{node=PrintStream.$allocate()range=Optional.empty, message='Unsupported element detected given by Java Parser: MethodCallExpr. Please extend the KeY-Java-Hierarchy'} at file:/home/runner/work/key/key/key.core/build/resources/main/de/uka/ilkd/key/proof/rules/javaRules.key:875:15
	at de.uka.ilkd.key.nparser.builder.AbstractBuilder.accept(AbstractBuilder.java:54)
Caused by: de.uka.ilkd.key.java.JavaBuildingExceptions: JavaBuildingIssue{node=PrintStream.$allocate()range=Optional.empty, message='Unsupported element detected given by Java Parser: MethodCallExpr. Please extend the KeY-Java-Hierarchy'}
	at de.uka.ilkd.key.java.JP2KeYVisitor.reportError(JP2KeYConverter.java:119)

51139      ERROR Test worker     d.u.i.k.n.b.AbstractBuilder  de.uka.ilkd.key.java.JavaBuildingExceptions: JavaBuildingIssue{node=PrintStream.$allocate()range=Optional.empty, message='Unsupported element detected given by Java Parser: MethodCallExpr. Please extend the KeY-Java-Hierarchy'}
	at de.uka.ilkd.key.java.JP2KeYVisitor.reportError(JP2KeYConverter.java:119)

51139      ERROR Test worker     d.u.i.k.n.b.TacletPBuilder Error in parsing taclet. de.uka.ilkd.key.util.parsing.BuildingException: JavaBuildingIssue{node=PrintStream.$allocate()range=Optional.empty, message='Unsupported element detected given by Java Parser: MethodCallExpr. Please extend the KeY-Java-Hierarchy'} at file:/home/runner/work/key/key/key.core/build/resources/main/de/uka/ilkd/key/proof/rules/javaRules.key:884:15
	at de.uka.ilkd.key.nparser.builder.AbstractBuilder.accept(AbstractBuilder.java:54)
Caused by: de.uka.ilkd.key.java.JavaBuildingExceptions: JavaBuildingIssue{node=PrintStream.$allocate()range=Optional.empty, message='Unsupported element detected given by Java Parser: MethodCallExpr. Please extend the KeY-Java-Hierarchy'}
	at de.uka.ilkd.key.java.JP2KeYVisitor.reportError(JP2KeYConverter.java:119)

51389      ERROR Test worker     d.u.i.k.n.b.AbstractBuilder  de.uka.ilkd.key.java.JavaBuildingExceptions: JavaBuildingIssue{node=PrintStream.$allocate()range=Optional.empty, message='Unsupported element detected given by Java Parser: MethodCallExpr. Please extend the KeY-Java-Hierarchy'}
	at de.uka.ilkd.key.java.JP2KeYVisitor.reportError(JP2KeYConverter.java:119)

51390      ERROR Test worker     d.u.i.k.n.b.TacletPBuilder Error in parsing taclet. de.uka.ilkd.key.util.parsing.BuildingException: JavaBuildingIssue{node=PrintStream.$allocate()range=Optional.empty, message='Unsupported element detected given by Java Parser: MethodCallExpr. Please extend the KeY-Java-Hierarchy'} at file:/home/runner/work/key/key/key.core/build/resources/main/de/uka/ilkd/key/proof/rules/javaRules.key:892:15
	at de.uka.ilkd.key.nparser.builder.AbstractBuilder.accept(AbstractBuilder.java:54)
Caused by: de.uka.ilkd.key.java.JavaBuildingExceptions: JavaBuildingIssue{node=PrintStream.$allocate()range=Optional.empty, message='Unsupported element detected given by Java Parser: MethodCallExpr. Please extend the KeY-Java-Hierarchy'}
	at de.uka.ilkd.key.java.JP2KeYVisitor.reportError(JP2KeYConverter.java:119)

51637      ERROR Test worker     d.u.i.k.n.b.AbstractBuilder  de.uka.ilkd.key.java.JavaBuildingExceptions: JavaBuildingIssue{node=PrintStream.$allocate()range=Optional.empty, message='Unsupported element detected given by Java Parser: MethodCallExpr. Please extend the KeY-Java-Hierarchy'}
	at de.uka.ilkd.key.java.JP2KeYVisitor.reportError(JP2KeYConverter.java:119)

51638      ERROR Test worker     d.u.i.k.n.b.TacletPBuilder Error in parsing taclet. de.uka.ilkd.key.util.parsing.BuildingException: JavaBuildingIssue{node=PrintStream.$allocate()range=Optional.empty, message='Unsupported element detected given by Java Parser: MethodCallExpr. Please extend the KeY-Java-Hierarchy'} at file:/home/runner/work/key/key/key.core/build/resources/main/de/uka/ilkd/key/proof/rules/javaRules.key:900:15
	at de.uka.ilkd.key.nparser.builder.AbstractBuilder.accept(AbstractBuilder.java:54)
Caused by: de.uka.ilkd.key.java.JavaBuildingExceptions: JavaBuildingIssue{node=PrintStream.$allocate()range=Optional.empty, message='Unsupported element detected given by Java Parser: MethodCallExpr. Please extend the KeY-Java-Hierarchy'}
	at de.uka.ilkd.key.java.JP2KeYVisitor.reportError(JP2KeYConverter.java:119)

51890      ERROR Test worker     d.u.i.k.n.b.AbstractBuilder  de.uka.ilkd.key.java.JavaBuildingExceptions: JavaBuildingIssue{node=PrintStream.$allocate()range=Optional.empty, message='Unsupported element detected given by Java Parser: MethodCallExpr. Please extend the KeY-Java-Hierarchy'}
	at de.uka.ilkd.key.java.JP2KeYVisitor.reportError(JP2KeYConverter.java:119)

51891      ERROR Test worker     d.u.i.k.n.b.TacletPBuilder Error in parsing taclet. de.uka.ilkd.key.util.parsing.BuildingException: JavaBuildingIssue{node=PrintStream.$allocate()range=Optional.empty, message='Unsupported element detected given by Java Parser: MethodCallExpr. Please extend the KeY-Java-Hierarchy'} at file:/home/runner/work/key/key/key.core/build/resources/main/de/uka/ilkd/key/proof/rules/javaRules.key:909:15
	at de.uka.ilkd.key.nparser.builder.AbstractBuilder.accept(AbstractBuilder.java:54)
Caused by: de.uka.ilkd.key.java.JavaBuildingExceptions: JavaBuildingIssue{node=PrintStream.$allocate()range=Optional.empty, message='Unsupported element detected given by Java Parser: MethodCallExpr. Please extend the KeY-Java-Hierarchy'}
	at de.uka.ilkd.key.java.JP2KeYVisitor.reportError(JP2KeYConverter.java:119)

52132      ERROR Test worker     d.u.i.k.n.b.AbstractBuilder  de.uka.ilkd.key.java.JavaBuildingExceptions: JavaBuildingIssue{node=PrintStream.$allocate()range=Optional.empty, message='Unsupported element detected given by Java Parser: MethodCallExpr. Please extend the KeY-Java-Hierarchy'}
	at de.uka.ilkd.key.java.JP2KeYVisitor.reportError(JP2KeYConverter.java:119)

52132      ERROR Test worker     d.u.i.k.n.b.TacletPBuilder Error in parsing taclet. de.uka.ilkd.key.util.parsing.BuildingException: JavaBuildingIssue{node=PrintStream.$allocate()range=Optional.empty, message='Unsupported element detected given by Java Parser: MethodCallExpr. Please extend the KeY-Java-Hierarchy'} at file:/home/runner/work/key/key/key.core/build/resources/main/de/uka/ilkd/key/proof/rules/javaRules.key:925:15
	at de.uka.ilkd.key.nparser.builder.AbstractBuilder.accept(AbstractBuilder.java:54)
Caused by: de.uka.ilkd.key.java.JavaBuildingExceptions: JavaBuildingIssue{node=PrintStream.$allocate()range=Optional.empty, message='Unsupported element detected given by Java Parser: MethodCallExpr. Please extend the KeY-Java-Hierarchy'}
	at de.uka.ilkd.key.java.JP2KeYVisitor.reportError(JP2KeYConverter.java:119)

52533      ERROR Test worker     d.u.i.k.n.b.AbstractBuilder  de.uka.ilkd.key.java.JavaBuildingExceptions: JavaBuildingIssue{node=PrintStream.$allocate()range=Optional.empty, message='Unsupported element detected given by Java Parser: MethodCallExpr. Please extend the KeY-Java-Hierarchy'}
	at de.uka.ilkd.key.java.JP2KeYVisitor.reportError(JP2KeYConverter.java:119)

52534      ERROR Test worker     d.u.i.k.n.b.TacletPBuilder Error in parsing taclet. de.uka.ilkd.key.util.parsing.BuildingException: JavaBuildingIssue{node=PrintStream.$allocate()range=Optional.empty, message='Unsupported element detected given by Java Parser: MethodCallExpr. Please extend the KeY-Java-Hierarchy'} at file:/home/runner/work/key/key/key.core/build/resources/main/de/uka/ilkd/key/proof/rules/javaRules.key:935:15
	at de.uka.ilkd.key.nparser.builder.AbstractBuilder.accept(AbstractBuilder.java:54)
Caused by: de.uka.ilkd.key.java.JavaBuildingExceptions: JavaBuildingIssue{node=PrintStream.$allocate()range=Optional.empty, message='Unsupported element detected given by Java Parser: MethodCallExpr. Please extend the KeY-Java-Hierarchy'}
	at de.uka.ilkd.key.java.JP2KeYVisitor.reportError(JP2KeYConverter.java:119)

52776      ERROR Test worker     d.u.i.k.n.b.AbstractBuilder  de.uka.ilkd.key.java.JavaBuildingExceptions: JavaBuildingIssue{node=PrintStream.$allocate()range=Optional.empty, message='Unsupported element detected given by Java Parser: MethodCallExpr. Please extend the KeY-Java-Hierarchy'}
	at de.uka.ilkd.key.java.JP2KeYVisitor.reportError(JP2KeYConverter.java:119)

52776      ERROR Test worker     d.u.i.k.n.b.TacletPBuilder Error in parsing taclet. de.uka.ilkd.key.util.parsing.BuildingException: JavaBuildingIssue{node=PrintStream.$allocate()range=Optional.empty, message='Unsupported element detected given by Java Parser: MethodCallExpr. Please extend the KeY-Java-Hierarchy'} at file:/home/runner/work/key/key/key.core/build/resources/main/de/uka/ilkd/key/proof/rules/javaRules.key:945:15
	at de.uka.ilkd.key.nparser.builder.AbstractBuilder.accept(AbstractBuilder.java:54)
Caused by: de.uka.ilkd.key.java.JavaBuildingExceptions: JavaBuildingIssue{node=PrintStream.$allocate()range=Optional.empty, message='Unsupported element detected given by Java Parser: MethodCallExpr. Please extend the KeY-Java-Hierarchy'}
	at de.uka.ilkd.key.java.JP2KeYVisitor.reportError(JP2KeYConverter.java:119)

53017      ERROR Test worker     d.u.i.k.n.b.AbstractBuilder  de.uka.ilkd.key.java.JavaBuildingExceptions: JavaBuildingIssue{node=PrintStream.$allocate()range=Optional.empty, message='Unsupported element detected given by Java Parser: MethodCallExpr. Please extend the KeY-Java-Hierarchy'}
	at de.uka.ilkd.key.java.JP2KeYVisitor.reportError(JP2KeYConverter.java:119)

53018      ERROR Test worker     d.u.i.k.n.b.TacletPBuilder Error in parsing taclet. de.uka.ilkd.key.util.parsing.BuildingException: JavaBuildingIssue{node=PrintStream.$allocate()range=Optional.empty, message='Unsupported element detected given by Java Parser: MethodCallExpr. Please extend the KeY-Java-Hierarchy'} at file:/home/runner/work/key/key/key.core/build/resources/main/de/uka/ilkd/key/proof/rules/javaRules.key:959:15
	at de.uka.ilkd.key.nparser.builder.AbstractBuilder.accept(AbstractBuilder.java:54)
Caused by: de.uka.ilkd.key.java.JavaBuildingExceptions: JavaBuildingIssue{node=PrintStream.$allocate()range=Optional.empty, message='Unsupported element detected given by Java Parser: MethodCallExpr. Please extend the KeY-Java-Hierarchy'}
	at de.uka.ilkd.key.java.JP2KeYVisitor.reportError(JP2KeYConverter.java:119)

53265      ERROR Test worker     d.u.i.k.n.b.AbstractBuilder  de.uka.ilkd.key.java.JavaBuildingExceptions: JavaBuildingIssue{node=PrintStream.$allocate()range=Optional.empty, message='Unsupported element detected given by Java Parser: MethodCallExpr. Please extend the KeY-Java-Hierarchy'}
	at de.uka.ilkd.key.java.JP2KeYVisitor.reportError(JP2KeYConverter.java:119)

53266      ERROR Test worker     d.u.i.k.n.b.TacletPBuilder Error in parsing taclet. de.uka.ilkd.key.util.parsing.BuildingException: JavaBuildingIssue{node=PrintStream.$allocate()range=Optional.empty, message='Unsupported element detected given by Java Parser: MethodCallExpr. Please extend the KeY-Java-Hierarchy'} at file:/home/runner/work/key/key/key.core/build/resources/main/de/uka/ilkd/key/proof/rules/javaRules.key:975:20
	at de.uka.ilkd.key.nparser.builder.AbstractBuilder.accept(AbstractBuilder.java:54)
Caused by: de.uka.ilkd.key.java.JavaBuildingExceptions: JavaBuildingIssue{node=PrintStream.$allocate()range=Optional.empty, message='Unsupported element detected given by Java Parser: MethodCallExpr. Please extend the KeY-Java-Hierarchy'}
	at de.uka.ilkd.key.java.JP2KeYVisitor.reportError(JP2KeYConverter.java:119)

53507      ERROR Test worker     d.u.i.k.n.b.AbstractBuilder  de.uka.ilkd.key.java.JavaBuildingExceptions: JavaBuildingIssue{node=PrintStream.$allocate()range=Optional.empty, message='Unsupported element detected given by Java Parser: MethodCallExpr. Please extend the KeY-Java-Hierarchy'}
	at de.uka.ilkd.key.java.JP2KeYVisitor.reportError(JP2KeYConverter.java:119)

53507      ERROR Test worker     d.u.i.k.n.b.TacletPBuilder Error in parsing taclet. de.uka.ilkd.key.util.parsing.BuildingException: JavaBuildingIssue{node=PrintStream.$allocate()range=Optional.empty, message='Unsupported element detected given by Java Parser: MethodCallExpr. Please extend the KeY-Java-Hierarchy'} at file:/home/runner/work/key/key/key.core/build/resources/main/de/uka/ilkd/key/proof/rules/javaRules.key:990:15
	at de.uka.ilkd.key.nparser.builder.AbstractBuilder.accept(AbstractBuilder.java:54)
Caused by: de.uka.ilkd.key.java.JavaBuildingExceptions: JavaBuildingIssue{node=PrintStream.$allocate()range=Optional.empty, message='Unsupported element detected given by Java Parser: MethodCallExpr. Please extend the KeY-Java-Hierarchy'}
	at de.uka.ilkd.key.java.JP2KeYVisitor.reportError(JP2KeYConverter.java:119)

53751      ERROR Test worker     d.u.i.k.n.b.AbstractBuilder  de.uka.ilkd.key.java.JavaBuildingExceptions: JavaBuildingIssue{node=PrintStream.$allocate()range=Optional.empty, message='Unsupported element detected given by Java Parser: MethodCallExpr. Please extend the KeY-Java-Hierarchy'}
	at de.uka.ilkd.key.java.JP2KeYVisitor.reportError(JP2KeYConverter.java:119)

53752      ERROR Test worker     d.u.i.k.n.b.TacletPBuilder Error in parsing taclet. de.uka.ilkd.key.util.parsing.BuildingException: JavaBuildingIssue{node=PrintStream.$allocate()range=Optional.empty, message='Unsupported element detected given by Java Parser: MethodCallExpr. Please extend the KeY-Java-Hierarchy'} at file:/home/runner/work/key/key/key.core/build/resources/main/de/uka/ilkd/key/proof/rules/javaRules.key:1001:15
	at de.uka.ilkd.key.nparser.builder.AbstractBuilder.accept(AbstractBuilder.java:54)
Caused by: de.uka.ilkd.key.java.JavaBuildingExceptions: JavaBuildingIssue{node=PrintStream.$allocate()range=Optional.empty, message='Unsupported element detected given by Java Parser: MethodCallExpr. Please extend the KeY-Java-Hierarchy'}
	at de.uka.ilkd.key.java.JP2KeYVisitor.reportError(JP2KeYConverter.java:119)

54004      ERROR Test worker     d.u.i.k.n.b.AbstractBuilder  de.uka.ilkd.key.java.JavaBuildingExceptions: JavaBuildingIssue{node=PrintStream.$allocate()range=Optional.empty, message='Unsupported element detected given by Java Parser: MethodCallExpr. Please extend the KeY-Java-Hierarchy'}
	at de.uka.ilkd.key.java.JP2KeYVisitor.reportError(JP2KeYConverter.java:119)

54005      ERROR Test worker     d.u.i.k.n.b.TacletPBuilder Error in parsing taclet. de.uka.ilkd.key.util.parsing.BuildingException: JavaBuildingIssue{node=PrintStream.$allocate()range=Optional.empty, message='Unsupported element detected given by Java Parser: MethodCallExpr. Please extend the KeY-Java-Hierarchy'} at file:/home/runner/work/key/key/key.core/build/resources/main/de/uka/ilkd/key/proof/rules/javaRules.key:1018:20
	at de.uka.ilkd.key.nparser.builder.AbstractBuilder.accept(AbstractBuilder.java:54)
Caused by: de.uka.ilkd.key.java.JavaBuildingExceptions: JavaBuildingIssue{node=PrintStream.$allocate()range=Optional.empty, message='Unsupported element detected given by Java Parser: MethodCallExpr. Please extend the KeY-Java-Hierarchy'}
	at de.uka.ilkd.key.java.JP2KeYVisitor.reportError(JP2KeYConverter.java:119)

54255      ERROR Test worker     d.u.i.k.n.b.AbstractBuilder  de.uka.ilkd.key.java.JavaBuildingExceptions: JavaBuildingIssue{node=PrintStream.$allocate()range=Optional.empty, message='Unsupported element detected given by Java Parser: MethodCallExpr. Please extend the KeY-Java-Hierarchy'}
	at de.uka.ilkd.key.java.JP2KeYVisitor.reportError(JP2KeYConverter.java:119)

54255      ERROR Test worker     d.u.i.k.n.b.TacletPBuilder Error in parsing taclet. de.uka.ilkd.key.util.parsing.BuildingException: JavaBuildingIssue{node=PrintStream.$allocate()range=Optional.empty, message='Unsupported element detected given by Java Parser: MethodCallExpr. Please extend the KeY-Java-Hierarchy'} at file:/home/runner/work/key/key/key.core/build/resources/main/de/uka/ilkd/key/proof/rules/javaRules.key:1034:15
	at de.uka.ilkd.key.nparser.builder.AbstractBuilder.accept(AbstractBuilder.java:54)
Caused by: de.uka.ilkd.key.java.JavaBuildingExceptions: JavaBuildingIssue{node=PrintStream.$allocate()range=Optional.empty, message='Unsupported element detected given by Java Parser: MethodCallExpr. Please extend the KeY-Java-Hierarchy'}
	at de.uka.ilkd.key.java.JP2KeYVisitor.reportError(JP2KeYConverter.java:119)

54497      ERROR Test worker     d.u.i.k.n.b.AbstractBuilder  de.uka.ilkd.key.java.JavaBuildingExceptions: JavaBuildingIssue{node=PrintStream.$allocate()range=Optional.empty, message='Unsupported element detected given by Java Parser: MethodCallExpr. Please extend the KeY-Java-Hierarchy'}
	at de.uka.ilkd.key.java.JP2KeYVisitor.reportError(JP2KeYConverter.java:119)

54498      ERROR Test worker     d.u.i.k.n.b.TacletPBuilder Error in parsing taclet. de.uka.ilkd.key.util.parsing.BuildingException: JavaBuildingIssue{node=PrintStream.$allocate()range=Optional.empty, message='Unsupported element detected given by Java Parser: MethodCallExpr. Please extend the KeY-Java-Hierarchy'} at file:/home/runner/work/key/key/key.core/build/resources/main/de/uka/ilkd/key/proof/rules/javaRules.key:1044:15
	at de.uka.ilkd.key.nparser.builder.AbstractBuilder.accept(AbstractBuilder.java:54)
Caused by: de.uka.ilkd.key.java.JavaBuildingExceptions: JavaBuildingIssue{node=PrintStream.$allocate()range=Optional.empty, message='Unsupported element detected given by Java Parser: MethodCallExpr. Please extend the KeY-Java-Hierarchy'}
	at de.uka.ilkd.key.java.JP2KeYVisitor.reportError(JP2KeYConverter.java:119)

54748      ERROR Test worker     d.u.i.k.n.b.AbstractBuilder  de.uka.ilkd.key.java.JavaBuildingExceptions: JavaBuildingIssue{node=PrintStream.$allocate()range=Optional.empty, message='Unsupported element detected given by Java Parser: MethodCallExpr. Please extend the KeY-Java-Hierarchy'}
	at de.uka.ilkd.key.java.JP2KeYVisitor.reportError(JP2KeYConverter.java:119)

54748      ERROR Test worker     d.u.i.k.n.b.TacletPBuilder Error in parsing taclet. de.uka.ilkd.key.util.parsing.BuildingException: JavaBuildingIssue{node=PrintStream.$allocate()range=Optional.empty, message='Unsupported element detected given by Java Parser: MethodCallExpr. Please extend the KeY-Java-Hierarchy'} at file:/home/runner/work/key/key/key.core/build/resources/main/de/uka/ilkd/key/proof/rules/javaRules.key:1063:20
	at de.uka.ilkd.key.nparser.builder.AbstractBuilder.accept(AbstractBuilder.java:54)
Caused by: de.uka.ilkd.key.java.JavaBuildingExceptions: JavaBuildingIssue{node=PrintStream.$allocate()range=Optional.empty, message='Unsupported element detected given by Java Parser: MethodCallExpr. Please extend the KeY-Java-Hierarchy'}
	at de.uka.ilkd.key.java.JP2KeYVisitor.reportError(JP2KeYConverter.java:119)

55159      ERROR Test worker     d.u.i.k.n.b.AbstractBuilder  de.uka.ilkd.key.java.JavaBuildingExceptions: JavaBuildingIssue{node=PrintStream.$allocate()range=Optional.empty, message='Unsupported element detected given by Java Parser: MethodCallExpr. Please extend the KeY-Java-Hierarchy'}
	at de.uka.ilkd.key.java.JP2KeYVisitor.reportError(JP2KeYConverter.java:119)

55160      ERROR Test worker     d.u.i.k.n.b.TacletPBuilder Error in parsing taclet. de.uka.ilkd.key.util.parsing.BuildingException: JavaBuildingIssue{node=PrintStream.$allocate()range=Optional.empty, message='Unsupported element detected given by Java Parser: MethodCallExpr. Please extend the KeY-Java-Hierarchy'} at file:/home/runner/work/key/key/key.core/build/resources/main/de/uka/ilkd/key/proof/rules/javaRules.key:1081:15
	at de.uka.ilkd.key.nparser.builder.AbstractBuilder.accept(AbstractBuilder.java:54)
Caused by: de.uka.ilkd.key.java.JavaBuildingExceptions: JavaBuildingIssue{node=PrintStream.$allocate()range=Optional.empty, message='Unsupported element detected given by Java Parser: MethodCallExpr. Please extend the KeY-Java-Hierarchy'}
	at de.uka.ilkd.key.java.JP2KeYVisitor.reportError(JP2KeYConverter.java:119)

55403      ERROR Test worker     d.u.i.k.n.b.AbstractBuilder  de.uka.ilkd.key.java.JavaBuildingExceptions: JavaBuildingIssue{node=PrintStream.$allocate()range=Optional.empty, message='Unsupported element detected given by Java Parser: MethodCallExpr. Please extend the KeY-Java-Hierarchy'}
	at de.uka.ilkd.key.java.JP2KeYVisitor.reportError(JP2KeYConverter.java:119)

55404      ERROR Test worker     d.u.i.k.n.b.TacletPBuilder Error in parsing taclet. de.uka.ilkd.key.util.parsing.BuildingException: JavaBuildingIssue{node=PrintStream.$allocate()range=Optional.empty, message='Unsupported element detected given by Java Parser: MethodCallExpr. Please extend the KeY-Java-Hierarchy'} at file:/home/runner/work/key/key/key.core/build/resources/main/de/uka/ilkd/key/proof/rules/javaRules.key:1094:15
	at de.uka.ilkd.key.nparser.builder.AbstractBuilder.accept(AbstractBuilder.java:54)
Caused by: de.uka.ilkd.key.java.JavaBuildingExceptions: JavaBuildingIssue{node=PrintStream.$allocate()range=Optional.empty, message='Unsupported element detected given by Java Parser: MethodCallExpr. Please extend the KeY-Java-Hierarchy'}
	at de.uka.ilkd.key.java.JP2KeYVisitor.reportError(JP2KeYConverter.java:119)

55647      ERROR Test worker     d.u.i.k.n.b.AbstractBuilder  de.uka.ilkd.key.java.JavaBuildingExceptions: JavaBuildingIssue{node=PrintStream.$allocate()range=Optional.empty, message='Unsupported element detected given by Java Parser: MethodCallExpr. Please extend the KeY-Java-Hierarchy'}
	at de.uka.ilkd.key.java.JP2KeYVisitor.reportError(JP2KeYConverter.java:119)

55647      ERROR Test worker     d.u.i.k.n.b.TacletPBuilder Error in parsing taclet. de.uka.ilkd.key.util.parsing.BuildingException: JavaBuildingIssue{node=PrintStream.$allocate()range=Optional.empty, message='Unsupported element detected given by Java Parser: MethodCallExpr. Please extend the KeY-Java-Hierarchy'} at file:/home/runner/work/key/key/key.core/build/resources/main/de/uka/ilkd/key/proof/rules/javaRules.key:1100:15
	at de.uka.ilkd.key.nparser.builder.AbstractBuilder.accept(AbstractBuilder.java:54)
Caused by: de.uka.ilkd.key.java.JavaBuildingExceptions: JavaBuildingIssue{node=PrintStream.$allocate()range=Optional.empty, message='Unsupported element detected given by Java Parser: MethodCallExpr. Please extend the KeY-Java-Hierarchy'}
	at de.uka.ilkd.key.java.JP2KeYVisitor.reportError(JP2KeYConverter.java:119)

55895      ERROR Test worker     d.u.i.k.n.b.AbstractBuilder  de.uka.ilkd.key.java.JavaBuildingExceptions: JavaBuildingIssue{node=PrintStream.$allocate()range=Optional.empty, message='Unsupported element detected given by Java Parser: MethodCallExpr. Please extend the KeY-Java-Hierarchy'}
	at de.uka.ilkd.key.java.JP2KeYVisitor.reportError(JP2KeYConverter.java:119)

55895      ERROR Test worker     d.u.i.k.n.b.TacletPBuilder Error in parsing taclet. de.uka.ilkd.key.util.parsing.BuildingException: JavaBuildingIssue{node=PrintStream.$allocate()range=Optional.empty, message='Unsupported element detected given by Java Parser: MethodCallExpr. Please extend the KeY-Java-Hierarchy'} at file:/home/runner/work/key/key/key.core/build/resources/main/de/uka/ilkd/key/proof/rules/javaRules.key:1114:15
	at de.uka.ilkd.key.nparser.builder.AbstractBuilder.accept(AbstractBuilder.java:54)
Caused by: de.uka.ilkd.key.java.JavaBuildingExceptions: JavaBuildingIssue{node=PrintStream.$allocate()range=Optional.empty, message='Unsupported element detected given by Java Parser: MethodCallExpr. Please extend the KeY-Java-Hierarchy'}
	at de.uka.ilkd.key.java.JP2KeYVisitor.reportError(JP2KeYConverter.java:119)

56142      ERROR Test worker     d.u.i.k.n.b.AbstractBuilder  de.uka.ilkd.key.java.JavaBuildingExceptions: JavaBuildingIssue{node=PrintStream.$allocate()range=Optional.empty, message='Unsupported element detected given by Java Parser: MethodCallExpr. Please extend the KeY-Java-Hierarchy'}
	at de.uka.ilkd.key.java.JP2KeYVisitor.reportError(JP2KeYConverter.java:119)

56143      ERROR Test worker     d.u.i.k.n.b.TacletPBuilder Error in parsing taclet. de.uka.ilkd.key.util.parsing.BuildingException: JavaBuildingIssue{node=PrintStream.$allocate()range=Optional.empty, message='Unsupported element detected given by Java Parser: MethodCallExpr. Please extend the KeY-Java-Hierarchy'} at file:/home/runner/work/key/key/key.core/build/resources/main/de/uka/ilkd/key/proof/rules/javaRules.key:1124:15
	at de.uka.ilkd.key.nparser.builder.AbstractBuilder.accept(AbstractBuilder.java:54)
Caused by: de.uka.ilkd.key.java.JavaBuildingExceptions: JavaBuildingIssue{node=PrintStream.$allocate()range=Optional.empty, message='Unsupported element detected given by Java Parser: MethodCallExpr. Please extend the KeY-Java-Hierarchy'}
	at de.uka.ilkd.key.java.JP2KeYVisitor.reportError(JP2KeYConverter.java:119)

56390      ERROR Test worker     d.u.i.k.n.b.AbstractBuilder  de.uka.ilkd.key.java.JavaBuildingExceptions: JavaBuildingIssue{node=PrintStream.$allocate()range=Optional.empty, message='Unsupported element detected given by Java Parser: MethodCallExpr. Please extend the KeY-Java-Hierarchy'}
	at de.uka.ilkd.key.java.JP2KeYVisitor.reportError(JP2KeYConverter.java:119)

56390      ERROR Test worker     d.u.i.k.n.b.TacletPBuilder Error in parsing taclet. de.uka.ilkd.key.util.parsing.BuildingException: JavaBuildingIssue{node=PrintStream.$allocate()range=Optional.empty, message='Unsupported element detected given by Java Parser: MethodCallExpr. Please extend the KeY-Java-Hierarchy'} at file:/home/runner/work/key/key/key.core/build/resources/main/de/uka/ilkd/key/proof/rules/javaRules.key:1135:15
	at de.uka.ilkd.key.nparser.builder.AbstractBuilder.accept(AbstractBuilder.java:54)
Caused by: de.uka.ilkd.key.java.JavaBuildingExceptions: JavaBuildingIssue{node=PrintStream.$allocate()range=Optional.empty, message='Unsupported element detected given by Java Parser: MethodCallExpr. Please extend the KeY-Java-Hierarchy'}
	at de.uka.ilkd.key.java.JP2KeYVisitor.reportError(JP2KeYConverter.java:119)

56631      ERROR Test worker     d.u.i.k.n.b.AbstractBuilder  de.uka.ilkd.key.java.JavaBuildingExceptions: JavaBuildingIssue{node=PrintStream.$allocate()range=Optional.empty, message='Unsupported element detected given by Java Parser: MethodCallExpr. Please extend the KeY-Java-Hierarchy'}
	at de.uka.ilkd.key.java.JP2KeYVisitor.reportError(JP2KeYConverter.java:119)

56631      ERROR Test worker     d.u.i.k.n.b.TacletPBuilder Error in parsing taclet. de.uka.ilkd.key.util.parsing.BuildingException: JavaBuildingIssue{node=PrintStream.$allocate()range=Optional.empty, message='Unsupported element detected given by Java Parser: MethodCallExpr. Please extend the KeY-Java-Hierarchy'} at file:/home/runner/work/key/key/key.core/build/resources/main/de/uka/ilkd/key/proof/rules/javaRules.key:1142:15
	at de.uka.ilkd.key.nparser.builder.AbstractBuilder.accept(AbstractBuilder.java:54)
Caused by: de.uka.ilkd.key.java.JavaBuildingExceptions: JavaBuildingIssue{node=PrintStream.$allocate()range=Optional.empty, message='Unsupported element detected given by Java Parser: MethodCallExpr. Please extend the KeY-Java-Hierarchy'}
	at de.uka.ilkd.key.java.JP2KeYVisitor.reportError(JP2KeYConverter.java:119)

56875      ERROR Test worker     d.u.i.k.n.b.AbstractBuilder  de.uka.ilkd.key.java.JavaBuildingExceptions: JavaBuildingIssue{node=PrintStream.$allocate()range=Optional.empty, message='Unsupported element detected given by Java Parser: MethodCallExpr. Please extend the KeY-Java-Hierarchy'}
	at de.uka.ilkd.key.java.JP2KeYVisitor.reportError(JP2KeYConverter.java:119)

56875      ERROR Test worker     d.u.i.k.n.b.TacletPBuilder Error in parsing taclet. de.uka.ilkd.key.util.parsing.BuildingException: JavaBuildingIssue{node=PrintStream.$allocate()range=Optional.empty, message='Unsupported element detected given by Java Parser: MethodCallExpr. Please extend the KeY-Java-Hierarchy'} at file:/home/runner/work/key/key/key.core/build/resources/main/de/uka/ilkd/key/proof/rules/javaRules.key:1151:15
	at de.uka.ilkd.key.nparser.builder.AbstractBuilder.accept(AbstractBuilder.java:54)
Caused by: de.uka.ilkd.key.java.JavaBuildingExceptions: JavaBuildingIssue{node=PrintStream.$allocate()range=Optional.empty, message='Unsupported element detected given by Java Parser: MethodCallExpr. Please extend the KeY-Java-Hierarchy'}
	at de.uka.ilkd.key.java.JP2KeYVisitor.reportError(JP2KeYConverter.java:119)

57138      ERROR Test worker     d.u.i.k.n.b.AbstractBuilder  de.uka.ilkd.key.java.JavaBuildingExceptions: JavaBuildingIssue{node=PrintStream.$allocate()range=Optional.empty, message='Unsupported element detected given by Java Parser: MethodCallExpr. Please extend the KeY-Java-Hierarchy'}
	at de.uka.ilkd.key.java.JP2KeYVisitor.reportError(JP2KeYConverter.java:119)

57139      ERROR Test worker     d.u.i.k.n.b.TacletPBuilder Error in parsing taclet. de.uka.ilkd.key.util.parsing.BuildingException: JavaBuildingIssue{node=PrintStream.$allocate()range=Optional.empty, message='Unsupported element detected given by Java Parser: MethodCallExpr. Please extend the KeY-Java-Hierarchy'} at file:/home/runner/work/key/key/key.core/build/resources/main/de/uka/ilkd/key/proof/rules/javaRules.key:1157:15
	at de.uka.ilkd.key.nparser.builder.AbstractBuilder.accept(AbstractBuilder.java:54)
Caused by: de.uka.ilkd.key.java.JavaBuildingExceptions: JavaBuildingIssue{node=PrintStream.$allocate()range=Optional.empty, message='Unsupported element detected given by Java Parser: MethodCallExpr. Please extend the KeY-Java-Hierarchy'}
	at de.uka.ilkd.key.java.JP2KeYVisitor.reportError(JP2KeYConverter.java:119)

57383      ERROR Test worker     d.u.i.k.n.b.AbstractBuilder  de.uka.ilkd.key.java.JavaBuildingExceptions: JavaBuildingIssue{node=PrintStream.$allocate()range=Optional.empty, message='Unsupported element detected given by Java Parser: MethodCallExpr. Please extend the KeY-Java-Hierarchy'}
	at de.uka.ilkd.key.java.JP2KeYVisitor.reportError(JP2KeYConverter.java:119)

57384      ERROR Test worker     d.u.i.k.n.b.TacletPBuilder Error in parsing taclet. de.uka.ilkd.key.util.parsing.BuildingException: JavaBuildingIssue{node=PrintStream.$allocate()range=Optional.empty, message='Unsupported element detected given by Java Parser: MethodCallExpr. Please extend the KeY-Java-Hierarchy'} at file:/home/runner/work/key/key/key.core/build/resources/main/de/uka/ilkd/key/proof/rules/javaRules.key:1164:15
	at de.uka.ilkd.key.nparser.builder.AbstractBuilder.accept(AbstractBuilder.java:54)
Caused by: de.uka.ilkd.key.java.JavaBuildingExceptions: JavaBuildingIssue{node=PrintStream.$allocate()range=Optional.empty, message='Unsupported element detected given by Java Parser: MethodCallExpr. Please extend the KeY-Java-Hierarchy'}
	at de.uka.ilkd.key.java.JP2KeYVisitor.reportError(JP2KeYConverter.java:119)

57631      ERROR Test worker     d.u.i.k.n.b.AbstractBuilder  de.uka.ilkd.key.java.JavaBuildingExceptions: JavaBuildingIssue{node=PrintStream.$allocate()range=Optional.empty, message='Unsupported element detected given by Java Parser: MethodCallExpr. Please extend the KeY-Java-Hierarchy'}
	at de.uka.ilkd.key.java.JP2KeYVisitor.reportError(JP2KeYConverter.java:119)

57632      ERROR Test worker     d.u.i.k.n.b.TacletPBuilder Error in parsing taclet. de.uka.ilkd.key.util.parsing.BuildingException: JavaBuildingIssue{node=PrintStream.$allocate()range=Optional.empty, message='Unsupported element detected given by Java Parser: MethodCallExpr. Please extend the KeY-Java-Hierarchy'} at file:/home/runner/work/key/key/key.core/build/resources/main/de/uka/ilkd/key/proof/rules/javaRules.key:1171:15
	at de.uka.ilkd.key.nparser.builder.AbstractBuilder.accept(AbstractBuilder.java:54)
Caused by: de.uka.ilkd.key.java.JavaBuildingExceptions: JavaBuildingIssue{node=PrintStream.$allocate()range=Optional.empty, message='Unsupported element detected given by Java Parser: MethodCallExpr. Please extend the KeY-Java-Hierarchy'}
	at de.uka.ilkd.key.java.JP2KeYVisitor.reportError(JP2KeYConverter.java:119)

58018      ERROR Test worker     d.u.i.k.n.b.AbstractBuilder  de.uka.ilkd.key.java.JavaBuildingExceptions: JavaBuildingIssue{node=PrintStream.$allocate()range=Optional.empty, message='Unsupported element detected given by Java Parser: MethodCallExpr. Please extend the KeY-Java-Hierarchy'}
	at de.uka.ilkd.key.java.JP2KeYVisitor.reportError(JP2KeYConverter.java:119)

58018      ERROR Test worker     d.u.i.k.n.b.TacletPBuilder Error in parsing taclet. de.uka.ilkd.key.util.parsing.BuildingException: JavaBuildingIssue{node=PrintStream.$allocate()range=Optional.empty, message='Unsupported element detected given by Java Parser: MethodCallExpr. Please extend the KeY-Java-Hierarchy'} at file:/home/runner/work/key/key/key.core/build/resources/main/de/uka/ilkd/key/proof/rules/javaRules.key:1178:15
	at de.uka.ilkd.key.nparser.builder.AbstractBuilder.accept(AbstractBuilder.java:54)
Caused by: de.uka.ilkd.key.java.JavaBuildingExceptions: JavaBuildingIssue{node=PrintStream.$allocate()range=Optional.empty, message='Unsupported element detected given by Java Parser: MethodCallExpr. Please extend the KeY-Java-Hierarchy'}
	at de.uka.ilkd.key.java.JP2KeYVisitor.reportError(JP2KeYConverter.java:119)

58261      ERROR Test worker     d.u.i.k.n.b.AbstractBuilder  de.uka.ilkd.key.java.JavaBuildingExceptions: JavaBuildingIssue{node=PrintStream.$allocate()range=Optional.empty, message='Unsupported element detected given by Java Parser: MethodCallExpr. Please extend the KeY-Java-Hierarchy'}
	at de.uka.ilkd.key.java.JP2KeYVisitor.reportError(JP2KeYConverter.java:119)

58261      ERROR Test worker     d.u.i.k.n.b.TacletPBuilder Error in parsing taclet. de.uka.ilkd.key.util.parsing.BuildingException: JavaBuildingIssue{node=PrintStream.$allocate()range=Optional.empty, message='Unsupported element detected given by Java Parser: MethodCallExpr. Please extend the KeY-Java-Hierarchy'} at file:/home/runner/work/key/key/key.core/build/resources/main/de/uka/ilkd/key/proof/rules/javaRules.key:1184:15
	at de.uka.ilkd.key.nparser.builder.AbstractBuilder.accept(AbstractBuilder.java:54)
Caused by: de.uka.ilkd.key.java.JavaBuildingExceptions: JavaBuildingIssue{node=PrintStream.$allocate()range=Optional.empty, message='Unsupported element detected given by Java Parser: MethodCallExpr. Please extend the KeY-Java-Hierarchy'}
	at de.uka.ilkd.key.java.JP2KeYVisitor.reportError(JP2KeYConverter.java:119)

58499      ERROR Test worker     d.u.i.k.n.b.AbstractBuilder  de.uka.ilkd.key.java.JavaBuildingExceptions: JavaBuildingIssue{node=PrintStream.$allocate()range=Optional.empty, message='Unsupported element detected given by Java Parser: MethodCallExpr. Please extend the KeY-Java-Hierarchy'}
	at de.uka.ilkd.key.java.JP2KeYVisitor.reportError(JP2KeYConverter.java:119)

58499      ERROR Test worker     d.u.i.k.n.b.TacletPBuilder Error in parsing taclet. de.uka.ilkd.key.util.parsing.BuildingException: JavaBuildingIssue{node=PrintStream.$allocate()range=Optional.empty, message='Unsupported element detected given by Java Parser: MethodCallExpr. Please extend the KeY-Java-Hierarchy'} at file:/home/runner/work/key/key/key.core/build/resources/main/de/uka/ilkd/key/proof/rules/javaRules.key:1191:15
	at de.uka.ilkd.key.nparser.builder.AbstractBuilder.accept(AbstractBuilder.java:54)
Caused by: de.uka.ilkd.key.java.JavaBuildingExceptions: JavaBuildingIssue{node=PrintStream.$allocate()range=Optional.empty, message='Unsupported element detected given by Java Parser: MethodCallExpr. Please extend the KeY-Java-Hierarchy'}
	at de.uka.ilkd.key.java.JP2KeYVisitor.reportError(JP2KeYConverter.java:119)

58741      ERROR Test worker     d.u.i.k.n.b.AbstractBuilder  de.uka.ilkd.key.java.JavaBuildingExceptions: JavaBuildingIssue{node=PrintStream.$allocate()range=Optional.empty, message='Unsupported element detected given by Java Parser: MethodCallExpr. Please extend the KeY-Java-Hierarchy'}
	at de.uka.ilkd.key.java.JP2KeYVisitor.reportError(JP2KeYConverter.java:119)

58742      ERROR Test worker     d.u.i.k.n.b.TacletPBuilder Error in parsing taclet. de.uka.ilkd.key.util.parsing.BuildingException: JavaBuildingIssue{node=PrintStream.$allocate()range=Optional.empty, message='Unsupported element detected given by Java Parser: MethodCallExpr. Please extend the KeY-Java-Hierarchy'} at file:/home/runner/work/key/key/key.core/build/resources/main/de/uka/ilkd/key/proof/rules/javaRules.key:1198:15
	at de.uka.ilkd.key.nparser.builder.AbstractBuilder.accept(AbstractBuilder.java:54)
Caused by: de.uka.ilkd.key.java.JavaBuildingExceptions: JavaBuildingIssue{node=PrintStream.$allocate()range=Optional.empty, message='Unsupported element detected given by Java Parser: MethodCallExpr. Please extend the KeY-Java-Hierarchy'}
	at de.uka.ilkd.key.java.JP2KeYVisitor.reportError(JP2KeYConverter.java:119)

58981      ERROR Test worker     d.u.i.k.n.b.AbstractBuilder  de.uka.ilkd.key.java.JavaBuildingExceptions: JavaBuildingIssue{node=PrintStream.$allocate()range=Optional.empty, message='Unsupported element detected given by Java Parser: MethodCallExpr. Please extend the KeY-Java-Hierarchy'}
	at de.uka.ilkd.key.java.JP2KeYVisitor.reportError(JP2KeYConverter.java:119)

58981      ERROR Test worker     d.u.i.k.n.b.TacletPBuilder Error in parsing taclet. de.uka.ilkd.key.util.parsing.BuildingException: JavaBuildingIssue{node=PrintStream.$allocate()range=Optional.empty, message='Unsupported element detected given by Java Parser: MethodCallExpr. Please extend the KeY-Java-Hierarchy'} at file:/home/runner/work/key/key/key.core/build/resources/main/de/uka/ilkd/key/proof/rules/javaRules.key:1205:15
	at de.uka.ilkd.key.nparser.builder.AbstractBuilder.accept(AbstractBuilder.java:54)
Caused by: de.uka.ilkd.key.java.JavaBuildingExceptions: JavaBuildingIssue{node=PrintStream.$allocate()range=Optional.empty, message='Unsupported element detected given by Java Parser: MethodCallExpr. Please extend the KeY-Java-Hierarchy'}
	at de.uka.ilkd.key.java.JP2KeYVisitor.reportError(JP2KeYConverter.java:119)

59220      ERROR Test worker     d.u.i.k.n.b.AbstractBuilder  de.uka.ilkd.key.java.JavaBuildingExceptions: JavaBuildingIssue{node=PrintStream.$allocate()range=Optional.empty, message='Unsupported element detected given by Java Parser: MethodCallExpr. Please extend the KeY-Java-Hierarchy'}
	at de.uka.ilkd.key.java.JP2KeYVisitor.reportError(JP2KeYConverter.java:119)

59220      ERROR Test worker     d.u.i.k.n.b.TacletPBuilder Error in parsing taclet. de.uka.ilkd.key.util.parsing.BuildingException: JavaBuildingIssue{node=PrintStream.$allocate()range=Optional.empty, message='Unsupported element detected given by Java Parser: MethodCallExpr. Please extend the KeY-Java-Hierarchy'} at file:/home/runner/work/key/key/key.core/build/resources/main/de/uka/ilkd/key/proof/rules/javaRules.key:1212:15
	at de.uka.ilkd.key.nparser.builder.AbstractBuilder.accept(AbstractBuilder.java:54)
Caused by: de.uka.ilkd.key.java.JavaBuildingExceptions: JavaBuildingIssue{node=PrintStream.$allocate()range=Optional.empty, message='Unsupported element detected given by Java Parser: MethodCallExpr. Please extend the KeY-Java-Hierarchy'}
	at de.uka.ilkd.key.java.JP2KeYVisitor.reportError(JP2KeYConverter.java:119)

59466      ERROR Test worker     d.u.i.k.n.b.AbstractBuilder  de.uka.ilkd.key.java.JavaBuildingExceptions: JavaBuildingIssue{node=PrintStream.$allocate()range=Optional.empty, message='Unsupported element detected given by Java Parser: MethodCallExpr. Please extend the KeY-Java-Hierarchy'}
	at de.uka.ilkd.key.java.JP2KeYVisitor.reportError(JP2KeYConverter.java:119)

59466      ERROR Test worker     d.u.i.k.n.b.TacletPBuilder Error in parsing taclet. de.uka.ilkd.key.util.parsing.BuildingException: JavaBuildingIssue{node=PrintStream.$allocate()range=Optional.empty, message='Unsupported element detected given by Java Parser: MethodCallExpr. Please extend the KeY-Java-Hierarchy'} at file:/home/runner/work/key/key/key.core/build/resources/main/de/uka/ilkd/key/proof/rules/javaRules.key:1220:15
	at de.uka.ilkd.key.nparser.builder.AbstractBuilder.accept(AbstractBuilder.java:54)
Caused by: de.uka.ilkd.key.java.JavaBuildingExceptions: JavaBuildingIssue{node=PrintStream.$allocate()range=Optional.empty, message='Unsupported element detected given by Java Parser: MethodCallExpr. Please extend the KeY-Java-Hierarchy'}
	at de.uka.ilkd.key.java.JP2KeYVisitor.reportError(JP2KeYConverter.java:119)

59711      ERROR Test worker     d.u.i.k.n.b.AbstractBuilder  de.uka.ilkd.key.java.JavaBuildingExceptions: JavaBuildingIssue{node=PrintStream.$allocate()range=Optional.empty, message='Unsupported element detected given by Java Parser: MethodCallExpr. Please extend the KeY-Java-Hierarchy'}
	at de.uka.ilkd.key.java.JP2KeYVisitor.reportError(JP2KeYConverter.java:119)

59711      ERROR Test worker     d.u.i.k.n.b.TacletPBuilder Error in parsing taclet. de.uka.ilkd.key.util.parsing.BuildingException: JavaBuildingIssue{node=PrintStream.$allocate()range=Optional.empty, message='Unsupported element detected given by Java Parser: MethodCallExpr. Please extend the KeY-Java-Hierarchy'} at file:/home/runner/work/key/key/key.core/build/resources/main/de/uka/ilkd/key/proof/rules/javaRules.key:1230:15
	at de.uka.ilkd.key.nparser.builder.AbstractBuilder.accept(AbstractBuilder.java:54)
Caused by: de.uka.ilkd.key.java.JavaBuildingExceptions: JavaBuildingIssue{node=PrintStream.$allocate()range=Optional.empty, message='Unsupported element detected given by Java Parser: MethodCallExpr. Please extend the KeY-Java-Hierarchy'}
	at de.uka.ilkd.key.java.JP2KeYVisitor.reportError(JP2KeYConverter.java:119)

59953      ERROR Test worker     d.u.i.k.n.b.AbstractBuilder  de.uka.ilkd.key.java.JavaBuildingExceptions: JavaBuildingIssue{node=PrintStream.$allocate()range=Optional.empty, message='Unsupported element detected given by Java Parser: MethodCallExpr. Please extend the KeY-Java-Hierarchy'}
	at de.uka.ilkd.key.java.JP2KeYVisitor.reportError(JP2KeYConverter.java:119)

59954      ERROR Test worker     d.u.i.k.n.b.TacletPBuilder Error in parsing taclet. de.uka.ilkd.key.util.parsing.BuildingException: JavaBuildingIssue{node=PrintStream.$allocate()range=Optional.empty, message='Unsupported element detected given by Java Parser: MethodCallExpr. Please extend the KeY-Java-Hierarchy'} at file:/home/runner/work/key/key/key.core/build/resources/main/de/uka/ilkd/key/proof/rules/javaRules.key:1238:15
	at de.uka.ilkd.key.nparser.builder.AbstractBuilder.accept(AbstractBuilder.java:54)
Caused by: de.uka.ilkd.key.java.JavaBuildingExceptions: JavaBuildingIssue{node=PrintStream.$allocate()range=Optional.empty, message='Unsupported element detected given by Java Parser: MethodCallExpr. Please extend the KeY-Java-Hierarchy'}
	at de.uka.ilkd.key.java.JP2KeYVisitor.reportError(JP2KeYConverter.java:119)

60198      ERROR Test worker     d.u.i.k.n.b.AbstractBuilder  de.uka.ilkd.key.java.JavaBuildingExceptions: JavaBuildingIssue{node=PrintStream.$allocate()range=Optional.empty, message='Unsupported element detected given by Java Parser: MethodCallExpr. Please extend the KeY-Java-Hierarchy'}
	at de.uka.ilkd.key.java.JP2KeYVisitor.reportError(JP2KeYConverter.java:119)

60198      ERROR Test worker     d.u.i.k.n.b.TacletPBuilder Error in parsing taclet. de.uka.ilkd.key.util.parsing.BuildingException: JavaBuildingIssue{node=PrintStream.$allocate()range=Optional.empty, message='Unsupported element detected given by Java Parser: MethodCallExpr. Please extend the KeY-Java-Hierarchy'} at file:/home/runner/work/key/key/key.core/build/resources/main/de/uka/ilkd/key/proof/rules/javaRules.key:1245:15
	at de.uka.ilkd.key.nparser.builder.AbstractBuilder.accept(AbstractBuilder.java:54)
Caused by: de.uka.ilkd.key.java.JavaBuildingExceptions: JavaBuildingIssue{node=PrintStream.$allocate()range=Optional.empty, message='Unsupported element detected given by Java Parser: MethodCallExpr. Please extend the KeY-Java-Hierarchy'}
	at de.uka.ilkd.key.java.JP2KeYVisitor.reportError(JP2KeYConverter.java:119)

60595      ERROR Test worker     d.u.i.k.n.b.AbstractBuilder  de.uka.ilkd.key.java.JavaBuildingExceptions: JavaBuildingIssue{node=PrintStream.$allocate()range=Optional.empty, message='Unsupported element detected given by Java Parser: MethodCallExpr. Please extend the KeY-Java-Hierarchy'}
	at de.uka.ilkd.key.java.JP2KeYVisitor.reportError(JP2KeYConverter.java:119)

60596      ERROR Test worker     d.u.i.k.n.b.TacletPBuilder Error in parsing taclet. de.uka.ilkd.key.util.parsing.BuildingException: JavaBuildingIssue{node=PrintStream.$allocate()range=Optional.empty, message='Unsupported element detected given by Java Parser: MethodCallExpr. Please extend the KeY-Java-Hierarchy'} at file:/home/runner/work/key/key/key.core/build/resources/main/de/uka/ilkd/key/proof/rules/javaRules.key:1254:15
	at de.uka.ilkd.key.nparser.builder.AbstractBuilder.accept(AbstractBuilder.java:54)
Caused by: de.uka.ilkd.key.java.JavaBuildingExceptions: JavaBuildingIssue{node=PrintStream.$allocate()range=Optional.empty, message='Unsupported element detected given by Java Parser: MethodCallExpr. Please extend the KeY-Java-Hierarchy'}
	at de.uka.ilkd.key.java.JP2KeYVisitor.reportError(JP2KeYConverter.java:119)

60835      ERROR Test worker     d.u.i.k.n.b.AbstractBuilder  de.uka.ilkd.key.java.JavaBuildingExceptions: JavaBuildingIssue{node=PrintStream.$allocate()range=Optional.empty, message='Unsupported element detected given by Java Parser: MethodCallExpr. Please extend the KeY-Java-Hierarchy'}
	at de.uka.ilkd.key.java.JP2KeYVisitor.reportError(JP2KeYConverter.java:119)

60835      ERROR Test worker     d.u.i.k.n.b.TacletPBuilder Error in parsing taclet. de.uka.ilkd.key.util.parsing.BuildingException: JavaBuildingIssue{node=PrintStream.$allocate()range=Optional.empty, message='Unsupported element detected given by Java Parser: MethodCallExpr. Please extend the KeY-Java-Hierarchy'} at file:/home/runner/work/key/key/key.core/build/resources/main/de/uka/ilkd/key/proof/rules/javaRules.key:1262:15
	at de.uka.ilkd.key.nparser.builder.AbstractBuilder.accept(AbstractBuilder.java:54)
Caused by: de.uka.ilkd.key.java.JavaBuildingExceptions: JavaBuildingIssue{node=PrintStream.$allocate()range=Optional.empty, message='Unsupported element detected given by Java Parser: MethodCallExpr. Please extend the KeY-Java-Hierarchy'}
	at de.uka.ilkd.key.java.JP2KeYVisitor.reportError(JP2KeYConverter.java:119)

61079      ERROR Test worker     d.u.i.k.n.b.AbstractBuilder  de.uka.ilkd.key.java.JavaBuildingExceptions: JavaBuildingIssue{node=PrintStream.$allocate()range=Optional.empty, message='Unsupported element detected given by Java Parser: MethodCallExpr. Please extend the KeY-Java-Hierarchy'}
	at de.uka.ilkd.key.java.JP2KeYVisitor.reportError(JP2KeYConverter.java:119)

61080      ERROR Test worker     d.u.i.k.n.b.TacletPBuilder Error in parsing taclet. de.uka.ilkd.key.util.parsing.BuildingException: JavaBuildingIssue{node=PrintStream.$allocate()range=Optional.empty, message='Unsupported element detected given by Java Parser: MethodCallExpr. Please extend the KeY-Java-Hierarchy'} at file:/home/runner/work/key/key/key.core/build/resources/main/de/uka/ilkd/key/proof/rules/javaRules.key:1271:15
	at de.uka.ilkd.key.nparser.builder.AbstractBuilder.accept(AbstractBuilder.java:54)
Caused by: de.uka.ilkd.key.java.JavaBuildingExceptions: JavaBuildingIssue{node=PrintStream.$allocate()range=Optional.empty, message='Unsupported element detected given by Java Parser: MethodCallExpr. Please extend the KeY-Java-Hierarchy'}
	at de.uka.ilkd.key.java.JP2KeYVisitor.reportError(JP2KeYConverter.java:119)

61319      ERROR Test worker     d.u.i.k.n.b.AbstractBuilder  de.uka.ilkd.key.java.JavaBuildingExceptions: JavaBuildingIssue{node=PrintStream.$allocate()range=Optional.empty, message='Unsupported element detected given by Java Parser: MethodCallExpr. Please extend the KeY-Java-Hierarchy'}
	at de.uka.ilkd.key.java.JP2KeYVisitor.reportError(JP2KeYConverter.java:119)

61319      ERROR Test worker     d.u.i.k.n.b.TacletPBuilder Error in parsing taclet. de.uka.ilkd.key.util.parsing.BuildingException: JavaBuildingIssue{node=PrintStream.$allocate()range=Optional.empty, message='Unsupported element detected given by Java Parser: MethodCallExpr. Please extend the KeY-Java-Hierarchy'} at file:/home/runner/work/key/key/key.core/build/resources/main/de/uka/ilkd/key/proof/rules/javaRules.key:1279:15
	at de.uka.ilkd.key.nparser.builder.AbstractBuilder.accept(AbstractBuilder.java:54)
Caused by: de.uka.ilkd.key.java.JavaBuildingExceptions: JavaBuildingIssue{node=PrintStream.$allocate()range=Optional.empty, message='Unsupported element detected given by Java Parser: MethodCallExpr. Please extend the KeY-Java-Hierarchy'}
	at de.uka.ilkd.key.java.JP2KeYVisitor.reportError(JP2KeYConverter.java:119)

61565      ERROR Test worker     d.u.i.k.n.b.AbstractBuilder  de.uka.ilkd.key.java.JavaBuildingExceptions: JavaBuildingIssue{node=PrintStream.$allocate()range=Optional.empty, message='Unsupported element detected given by Java Parser: MethodCallExpr. Please extend the KeY-Java-Hierarchy'}
	at de.uka.ilkd.key.java.JP2KeYVisitor.reportError(JP2KeYConverter.java:119)

61566      ERROR Test worker     d.u.i.k.n.b.TacletPBuilder Error in parsing taclet. de.uka.ilkd.key.util.parsing.BuildingException: JavaBuildingIssue{node=PrintStream.$allocate()range=Optional.empty, message='Unsupported element detected given by Java Parser: MethodCallExpr. Please extend the KeY-Java-Hierarchy'} at file:/home/runner/work/key/key/key.core/build/resources/main/de/uka/ilkd/key/proof/rules/javaRules.key:1287:20
	at de.uka.ilkd.key.nparser.builder.AbstractBuilder.accept(AbstractBuilder.java:54)
Caused by: de.uka.ilkd.key.java.JavaBuildingExceptions: JavaBuildingIssue{node=PrintStream.$allocate()range=Optional.empty, message='Unsupported element detected given by Java Parser: MethodCallExpr. Please extend the KeY-Java-Hierarchy'}
	at de.uka.ilkd.key.java.JP2KeYVisitor.reportError(JP2KeYConverter.java:119)

61808      ERROR Test worker     d.u.i.k.n.b.AbstractBuilder  de.uka.ilkd.key.java.JavaBuildingExceptions: JavaBuildingIssue{node=PrintStream.$allocate()range=Optional.empty, message='Unsupported element detected given by Java Parser: MethodCallExpr. Please extend the KeY-Java-Hierarchy'}
	at de.uka.ilkd.key.java.JP2KeYVisitor.reportError(JP2KeYConverter.java:119)

61808      ERROR Test worker     d.u.i.k.n.b.TacletPBuilder Error in parsing taclet. de.uka.ilkd.key.util.parsing.BuildingException: JavaBuildingIssue{node=PrintStream.$allocate()range=Optional.empty, message='Unsupported element detected given by Java Parser: MethodCallExpr. Please extend the KeY-Java-Hierarchy'} at file:/home/runner/work/key/key/key.core/build/resources/main/de/uka/ilkd/key/proof/rules/javaRules.key:1297:20
	at de.uka.ilkd.key.nparser.builder.AbstractBuilder.accept(AbstractBuilder.java:54)
Caused by: de.uka.ilkd.key.java.JavaBuildingExceptions: JavaBuildingIssue{node=PrintStream.$allocate()range=Optional.empty, message='Unsupported element detected given by Java Parser: MethodCallExpr. Please extend the KeY-Java-Hierarchy'}
	at de.uka.ilkd.key.java.JP2KeYVisitor.reportError(JP2KeYConverter.java:119)

62050      ERROR Test worker     d.u.i.k.n.b.AbstractBuilder  de.uka.ilkd.key.java.JavaBuildingExceptions: JavaBuildingIssue{node=PrintStream.$allocate()range=Optional.empty, message='Unsupported element detected given by Java Parser: MethodCallExpr. Please extend the KeY-Java-Hierarchy'}
	at de.uka.ilkd.key.java.JP2KeYVisitor.reportError(JP2KeYConverter.java:119)

62051      ERROR Test worker     d.u.i.k.n.b.TacletPBuilder Error in parsing taclet. de.uka.ilkd.key.util.parsing.BuildingException: JavaBuildingIssue{node=PrintStream.$allocate()range=Optional.empty, message='Unsupported element detected given by Java Parser: MethodCallExpr. Please extend the KeY-Java-Hierarchy'} at file:/home/runner/work/key/key/key.core/build/resources/main/de/uka/ilkd/key/proof/rules/javaRules.key:1307:15
	at de.uka.ilkd.key.nparser.builder.AbstractBuilder.accept(AbstractBuilder.java:54)
Caused by: de.uka.ilkd.key.java.JavaBuildingExceptions: JavaBuildingIssue{node=PrintStream.$allocate()range=Optional.empty, message='Unsupported element detected given by Java Parser: MethodCallExpr. Please extend the KeY-Java-Hierarchy'}
	at de.uka.ilkd.key.java.JP2KeYVisitor.reportError(JP2KeYConverter.java:119)

62294      ERROR Test worker     d.u.i.k.n.b.AbstractBuilder  de.uka.ilkd.key.java.JavaBuildingExceptions: JavaBuildingIssue{node=PrintStream.$allocate()range=Optional.empty, message='Unsupported element detected given by Java Parser: MethodCallExpr. Please extend the KeY-Java-Hierarchy'}
	at de.uka.ilkd.key.java.JP2KeYVisitor.reportError(JP2KeYConverter.java:119)

62294      ERROR Test worker     d.u.i.k.n.b.TacletPBuilder Error in parsing taclet. de.uka.ilkd.key.util.parsing.BuildingException: JavaBuildingIssue{node=PrintStream.$allocate()range=Optional.empty, message='Unsupported element detected given by Java Parser: MethodCallExpr. Please extend the KeY-Java-Hierarchy'} at file:/home/runner/work/key/key/key.core/build/resources/main/de/uka/ilkd/key/proof/rules/javaRules.key:1313:15
	at de.uka.ilkd.key.nparser.builder.AbstractBuilder.accept(AbstractBuilder.java:54)
Caused by: de.uka.ilkd.key.java.JavaBuildingExceptions: JavaBuildingIssue{node=PrintStream.$allocate()range=Optional.empty, message='Unsupported element detected given by Java Parser: MethodCallExpr. Please extend the KeY-Java-Hierarchy'}
	at de.uka.ilkd.key.java.JP2KeYVisitor.reportError(JP2KeYConverter.java:119)

62540      ERROR Test worker     d.u.i.k.n.b.AbstractBuilder  de.uka.ilkd.key.java.JavaBuildingExceptions: JavaBuildingIssue{node=PrintStream.$allocate()range=Optional.empty, message='Unsupported element detected given by Java Parser: MethodCallExpr. Please extend the KeY-Java-Hierarchy'}
	at de.uka.ilkd.key.java.JP2KeYVisitor.reportError(JP2KeYConverter.java:119)

62541      ERROR Test worker     d.u.i.k.n.b.TacletPBuilder Error in parsing taclet. de.uka.ilkd.key.util.parsing.BuildingException: JavaBuildingIssue{node=PrintStream.$allocate()range=Optional.empty, message='Unsupported element detected given by Java Parser: MethodCallExpr. Please extend the KeY-Java-Hierarchy'} at file:/home/runner/work/key/key/key.core/build/resources/main/de/uka/ilkd/key/proof/rules/javaRules.key:1320:20
	at de.uka.ilkd.key.nparser.builder.AbstractBuilder.accept(AbstractBuilder.java:54)
Caused by: de.uka.ilkd.key.java.JavaBuildingExceptions: JavaBuildingIssue{node=PrintStream.$allocate()range=Optional.empty, message='Unsupported element detected given by Java Parser: MethodCallExpr. Please extend the KeY-Java-Hierarchy'}
	at de.uka.ilkd.key.java.JP2KeYVisitor.reportError(JP2KeYConverter.java:119)

62923      ERROR Test worker     d.u.i.k.n.b.AbstractBuilder  de.uka.ilkd.key.java.JavaBuildingExceptions: JavaBuildingIssue{node=PrintStream.$allocate()range=Optional.empty, message='Unsupported element detected given by Java Parser: MethodCallExpr. Please extend the KeY-Java-Hierarchy'}
	at de.uka.ilkd.key.java.JP2KeYVisitor.reportError(JP2KeYConverter.java:119)

62924      ERROR Test worker     d.u.i.k.n.b.TacletPBuilder Error in parsing taclet. de.uka.ilkd.key.util.parsing.BuildingException: JavaBuildingIssue{node=PrintStream.$allocate()range=Optional.empty, message='Unsupported element detected given by Java Parser: MethodCallExpr. Please extend the KeY-Java-Hierarchy'} at file:/home/runner/work/key/key/key.core/build/resources/main/de/uka/ilkd/key/proof/rules/javaRules.key:1327:20
	at de.uka.ilkd.key.nparser.builder.AbstractBuilder.accept(AbstractBuilder.java:54)
Caused by: de.uka.ilkd.key.java.JavaBuildingExceptions: JavaBuildingIssue{node=PrintStream.$allocate()range=Optional.empty, message='Unsupported element detected given by Java Parser: MethodCallExpr. Please extend the KeY-Java-Hierarchy'}
	at de.uka.ilkd.key.java.JP2KeYVisitor.reportError(JP2KeYConverter.java:119)

63169      ERROR Test worker     d.u.i.k.n.b.AbstractBuilder  de.uka.ilkd.key.java.JavaBuildingExceptions: JavaBuildingIssue{node=PrintStream.$allocate()range=Optional.empty, message='Unsupported element detected given by Java Parser: MethodCallExpr. Please extend the KeY-Java-Hierarchy'}
	at de.uka.ilkd.key.java.JP2KeYVisitor.reportError(JP2KeYConverter.java:119)

63169      ERROR Test worker     d.u.i.k.n.b.TacletPBuilder Error in parsing taclet. de.uka.ilkd.key.util.parsing.BuildingException: JavaBuildingIssue{node=PrintStream.$allocate()range=Optional.empty, message='Unsupported element detected given by Java Parser: MethodCallExpr. Please extend the KeY-Java-Hierarchy'} at file:/home/runner/work/key/key/key.core/build/resources/main/de/uka/ilkd/key/proof/rules/javaRules.key:1334:20
	at de.uka.ilkd.key.nparser.builder.AbstractBuilder.accept(AbstractBuilder.java:54)
Caused by: de.uka.ilkd.key.java.JavaBuildingExceptions: JavaBuildingIssue{node=PrintStream.$allocate()range=Optional.empty, message='Unsupported element detected given by Java Parser: MethodCallExpr. Please extend the KeY-Java-Hierarchy'}
	at de.uka.ilkd.key.java.JP2KeYVisitor.reportError(JP2KeYConverter.java:119)

63417      ERROR Test worker     d.u.i.k.n.b.AbstractBuilder  de.uka.ilkd.key.java.JavaBuildingExceptions: JavaBuildingIssue{node=PrintStream.$allocate()range=Optional.empty, message='Unsupported element detected given by Java Parser: MethodCallExpr. Please extend the KeY-Java-Hierarchy'}
	at de.uka.ilkd.key.java.JP2KeYVisitor.reportError(JP2KeYConverter.java:119)

63417      ERROR Test worker     d.u.i.k.n.b.TacletPBuilder Error in parsing taclet. de.uka.ilkd.key.util.parsing.BuildingException: JavaBuildingIssue{node=PrintStream.$allocate()range=Optional.empty, message='Unsupported element detected given by Java Parser: MethodCallExpr. Please extend the KeY-Java-Hierarchy'} at file:/home/runner/work/key/key/key.core/build/resources/main/de/uka/ilkd/key/proof/rules/javaRules.key:1341:20
	at de.uka.ilkd.key.nparser.builder.AbstractBuilder.accept(AbstractBuilder.java:54)
Caused by: de.uka.ilkd.key.java.JavaBuildingExceptions: JavaBuildingIssue{node=PrintStream.$allocate()range=Optional.empty, message='Unsupported element detected given by Java Parser: MethodCallExpr. Please extend the KeY-Java-Hierarchy'}
	at de.uka.ilkd.key.java.JP2KeYVisitor.reportError(JP2KeYConverter.java:119)

63660      ERROR Test worker     d.u.i.k.n.b.AbstractBuilder  de.uka.ilkd.key.java.JavaBuildingExceptions: JavaBuildingIssue{node=PrintStream.$allocate()range=Optional.empty, message='Unsupported element detected given by Java Parser: MethodCallExpr. Please extend the KeY-Java-Hierarchy'}
	at de.uka.ilkd.key.java.JP2KeYVisitor.reportError(JP2KeYConverter.java:119)

63661      ERROR Test worker     d.u.i.k.n.b.TacletPBuilder Error in parsing taclet. de.uka.ilkd.key.util.parsing.BuildingException: JavaBuildingIssue{node=PrintStream.$allocate()range=Optional.empty, message='Unsupported element detected given by Java Parser: MethodCallExpr. Please extend the KeY-Java-Hierarchy'} at file:/home/runner/work/key/key/key.core/build/resources/main/de/uka/ilkd/key/proof/rules/javaRules.key:1347:15
	at de.uka.ilkd.key.nparser.builder.AbstractBuilder.accept(AbstractBuilder.java:54)
Caused by: de.uka.ilkd.key.java.JavaBuildingExceptions: JavaBuildingIssue{node=PrintStream.$allocate()range=Optional.empty, message='Unsupported element detected given by Java Parser: MethodCallExpr. Please extend the KeY-Java-Hierarchy'}
	at de.uka.ilkd.key.java.JP2KeYVisitor.reportError(JP2KeYConverter.java:119)

63899      ERROR Test worker     d.u.i.k.n.b.AbstractBuilder  de.uka.ilkd.key.java.JavaBuildingExceptions: JavaBuildingIssue{node=PrintStream.$allocate()range=Optional.empty, message='Unsupported element detected given by Java Parser: MethodCallExpr. Please extend the KeY-Java-Hierarchy'}
	at de.uka.ilkd.key.java.JP2KeYVisitor.reportError(JP2KeYConverter.java:119)

63899      ERROR Test worker     d.u.i.k.n.b.TacletPBuilder Error in parsing taclet. de.uka.ilkd.key.util.parsing.BuildingException: JavaBuildingIssue{node=PrintStream.$allocate()range=Optional.empty, message='Unsupported element detected given by Java Parser: MethodCallExpr. Please extend the KeY-Java-Hierarchy'} at file:/home/runner/work/key/key/key.core/build/resources/main/de/uka/ilkd/key/proof/rules/javaRules.key:1353:15
	at de.uka.ilkd.key.nparser.builder.AbstractBuilder.accept(AbstractBuilder.java:54)
Caused by: de.uka.ilkd.key.java.JavaBuildingExceptions: JavaBuildingIssue{node=PrintStream.$allocate()range=Optional.empty, message='Unsupported element detected given by Java Parser: MethodCallExpr. Please extend the KeY-Java-Hierarchy'}
	at de.uka.ilkd.key.java.JP2KeYVisitor.reportError(JP2KeYConverter.java:119)

64137      ERROR Test worker     d.u.i.k.n.b.AbstractBuilder  de.uka.ilkd.key.java.JavaBuildingExceptions: JavaBuildingIssue{node=PrintStream.$allocate()range=Optional.empty, message='Unsupported element detected given by Java Parser: MethodCallExpr. Please extend the KeY-Java-Hierarchy'}
	at de.uka.ilkd.key.java.JP2KeYVisitor.reportError(JP2KeYConverter.java:119)

64138      ERROR Test worker     d.u.i.k.n.b.TacletPBuilder Error in parsing taclet. de.uka.ilkd.key.util.parsing.BuildingException: JavaBuildingIssue{node=PrintStream.$allocate()range=Optional.empty, message='Unsupported element detected given by Java Parser: MethodCallExpr. Please extend the KeY-Java-Hierarchy'} at file:/home/runner/work/key/key/key.core/build/resources/main/de/uka/ilkd/key/proof/rules/javaRules.key:1359:15
	at de.uka.ilkd.key.nparser.builder.AbstractBuilder.accept(AbstractBuilder.java:54)
Caused by: de.uka.ilkd.key.java.JavaBuildingExceptions: JavaBuildingIssue{node=PrintStream.$allocate()range=Optional.empty, message='Unsupported element detected given by Java Parser: MethodCallExpr. Please extend the KeY-Java-Hierarchy'}
	at de.uka.ilkd.key.java.JP2KeYVisitor.reportError(JP2KeYConverter.java:119)

64378      ERROR Test worker     d.u.i.k.n.b.AbstractBuilder  de.uka.ilkd.key.java.JavaBuildingExceptions: JavaBuildingIssue{node=PrintStream.$allocate()range=Optional.empty, message='Unsupported element detected given by Java Parser: MethodCallExpr. Please extend the KeY-Java-Hierarchy'}
	at de.uka.ilkd.key.java.JP2KeYVisitor.reportError(JP2KeYConverter.java:119)

64378      ERROR Test worker     d.u.i.k.n.b.TacletPBuilder Error in parsing taclet. de.uka.ilkd.key.util.parsing.BuildingException: JavaBuildingIssue{node=PrintStream.$allocate()range=Optional.empty, message='Unsupported element detected given by Java Parser: MethodCallExpr. Please extend the KeY-Java-Hierarchy'} at file:/home/runner/work/key/key/key.core/build/resources/main/de/uka/ilkd/key/proof/rules/javaRules.key:1365:15
	at de.uka.ilkd.key.nparser.builder.AbstractBuilder.accept(AbstractBuilder.java:54)
Caused by: de.uka.ilkd.key.java.JavaBuildingExceptions: JavaBuildingIssue{node=PrintStream.$allocate()range=Optional.empty, message='Unsupported element detected given by Java Parser: MethodCallExpr. Please extend the KeY-Java-Hierarchy'}
	at de.uka.ilkd.key.java.JP2KeYVisitor.reportError(JP2KeYConverter.java:119)

64617      ERROR Test worker     d.u.i.k.n.b.AbstractBuilder  de.uka.ilkd.key.java.JavaBuildingExceptions: JavaBuildingIssue{node=PrintStream.$allocate()range=Optional.empty, message='Unsupported element detected given by Java Parser: MethodCallExpr. Please extend the KeY-Java-Hierarchy'}
	at de.uka.ilkd.key.java.JP2KeYVisitor.reportError(JP2KeYConverter.java:119)

64617      ERROR Test worker     d.u.i.k.n.b.TacletPBuilder Error in parsing taclet. de.uka.ilkd.key.util.parsing.BuildingException: JavaBuildingIssue{node=PrintStream.$allocate()range=Optional.empty, message='Unsupported element detected given by Java Parser: MethodCallExpr. Please extend the KeY-Java-Hierarchy'} at file:/home/runner/work/key/key/key.core/build/resources/main/de/uka/ilkd/key/proof/rules/javaRules.key:1371:15
	at de.uka.ilkd.key.nparser.builder.AbstractBuilder.accept(AbstractBuilder.java:54)
Caused by: de.uka.ilkd.key.java.JavaBuildingExceptions: JavaBuildingIssue{node=PrintStream.$allocate()range=Optional.empty, message='Unsupported element detected given by Java Parser: MethodCallExpr. Please extend the KeY-Java-Hierarchy'}
	at de.uka.ilkd.key.java.JP2KeYVisitor.reportError(JP2KeYConverter.java:119)

64857      ERROR Test worker     d.u.i.k.n.b.AbstractBuilder  de.uka.ilkd.key.java.JavaBuildingExceptions: JavaBuildingIssue{node=PrintStream.$allocate()range=Optional.empty, message='Unsupported element detected given by Java Parser: MethodCallExpr. Please extend the KeY-Java-Hierarchy'}
	at de.uka.ilkd.key.java.JP2KeYVisitor.reportError(JP2KeYConverter.java:119)

64857      ERROR Test worker     d.u.i.k.n.b.TacletPBuilder Error in parsing taclet. de.uka.ilkd.key.util.parsing.BuildingException: JavaBuildingIssue{node=PrintStream.$allocate()range=Optional.empty, message='Unsupported element detected given by Java Parser: MethodCallExpr. Please extend the KeY-Java-Hierarchy'} at file:/home/runner/work/key/key/key.core/build/resources/main/de/uka/ilkd/key/proof/rules/javaRules.key:1378:15
	at de.uka.ilkd.key.nparser.builder.AbstractBuilder.accept(AbstractBuilder.java:54)
Caused by: de.uka.ilkd.key.java.JavaBuildingExceptions: JavaBuildingIssue{node=PrintStream.$allocate()range=Optional.empty, message='Unsupported element detected given by Java Parser: MethodCallExpr. Please extend the KeY-Java-Hierarchy'}
	at de.uka.ilkd.key.java.JP2KeYVisitor.reportError(JP2KeYConverter.java:119)

65096      ERROR Test worker     d.u.i.k.n.b.AbstractBuilder  de.uka.ilkd.key.java.JavaBuildingExceptions: JavaBuildingIssue{node=PrintStream.$allocate()range=Optional.empty, message='Unsupported element detected given by Java Parser: MethodCallExpr. Please extend the KeY-Java-Hierarchy'}
	at de.uka.ilkd.key.java.JP2KeYVisitor.reportError(JP2KeYConverter.java:119)

65097      ERROR Test worker     d.u.i.k.n.b.TacletPBuilder Error in parsing taclet. de.uka.ilkd.key.util.parsing.BuildingException: JavaBuildingIssue{node=PrintStream.$allocate()range=Optional.empty, message='Unsupported element detected given by Java Parser: MethodCallExpr. Please extend the KeY-Java-Hierarchy'} at file:/home/runner/work/key/key/key.core/build/resources/main/de/uka/ilkd/key/proof/rules/javaRules.key:1385:15
	at de.uka.ilkd.key.nparser.builder.AbstractBuilder.accept(AbstractBuilder.java:54)
Caused by: de.uka.ilkd.key.java.JavaBuildingExceptions: JavaBuildingIssue{node=PrintStream.$allocate()range=Optional.empty, message='Unsupported element detected given by Java Parser: MethodCallExpr. Please extend the KeY-Java-Hierarchy'}
	at de.uka.ilkd.key.java.JP2KeYVisitor.reportError(JP2KeYConverter.java:119)

65480      ERROR Test worker     d.u.i.k.n.b.AbstractBuilder  de.uka.ilkd.key.java.JavaBuildingExceptions: JavaBuildingIssue{node=PrintStream.$allocate()range=Optional.empty, message='Unsupported element detected given by Java Parser: MethodCallExpr. Please extend the KeY-Java-Hierarchy'}
	at de.uka.ilkd.key.java.JP2KeYVisitor.reportError(JP2KeYConverter.java:119)

65481      ERROR Test worker     d.u.i.k.n.b.TacletPBuilder Error in parsing taclet. de.uka.ilkd.key.util.parsing.BuildingException: JavaBuildingIssue{node=PrintStream.$allocate()range=Optional.empty, message='Unsupported element detected given by Java Parser: MethodCallExpr. Please extend the KeY-Java-Hierarchy'} at file:/home/runner/work/key/key/key.core/build/resources/main/de/uka/ilkd/key/proof/rules/javaRules.key:1392:15
	at de.uka.ilkd.key.nparser.builder.AbstractBuilder.accept(AbstractBuilder.java:54)
Caused by: de.uka.ilkd.key.java.JavaBuildingExceptions: JavaBuildingIssue{node=PrintStream.$allocate()range=Optional.empty, message='Unsupported element detected given by Java Parser: MethodCallExpr. Please extend the KeY-Java-Hierarchy'}
	at de.uka.ilkd.key.java.JP2KeYVisitor.reportError(JP2KeYConverter.java:119)

65718      ERROR Test worker     d.u.i.k.n.b.AbstractBuilder  de.uka.ilkd.key.java.JavaBuildingExceptions: JavaBuildingIssue{node=PrintStream.$allocate()range=Optional.empty, message='Unsupported element detected given by Java Parser: MethodCallExpr. Please extend the KeY-Java-Hierarchy'}
	at de.uka.ilkd.key.java.JP2KeYVisitor.reportError(JP2KeYConverter.java:119)

65718      ERROR Test worker     d.u.i.k.n.b.TacletPBuilder Error in parsing taclet. de.uka.ilkd.key.util.parsing.BuildingException: JavaBuildingIssue{node=PrintStream.$allocate()range=Optional.empty, message='Unsupported element detected given by Java Parser: MethodCallExpr. Please extend the KeY-Java-Hierarchy'} at file:/home/runner/work/key/key/key.core/build/resources/main/de/uka/ilkd/key/proof/rules/javaRules.key:1402:15
	at de.uka.ilkd.key.nparser.builder.AbstractBuilder.accept(AbstractBuilder.java:54)
Caused by: de.uka.ilkd.key.java.JavaBuildingExceptions: JavaBuildingIssue{node=PrintStream.$allocate()range=Optional.empty, message='Unsupported element detected given by Java Parser: MethodCallExpr. Please extend the KeY-Java-Hierarchy'}
	at de.uka.ilkd.key.java.JP2KeYVisitor.reportError(JP2KeYConverter.java:119)

65962      ERROR Test worker     d.u.i.k.n.b.AbstractBuilder  de.uka.ilkd.key.java.JavaBuildingExceptions: JavaBuildingIssue{node=PrintStream.$allocate()range=Optional.empty, message='Unsupported element detected given by Java Parser: MethodCallExpr. Please extend the KeY-Java-Hierarchy'}
	at de.uka.ilkd.key.java.JP2KeYVisitor.reportError(JP2KeYConverter.java:119)

65962      ERROR Test worker     d.u.i.k.n.b.TacletPBuilder Error in parsing taclet. de.uka.ilkd.key.util.parsing.BuildingException: JavaBuildingIssue{node=PrintStream.$allocate()range=Optional.empty, message='Unsupported element detected given by Java Parser: MethodCallExpr. Please extend the KeY-Java-Hierarchy'} at file:/home/runner/work/key/key/key.core/build/resources/main/de/uka/ilkd/key/proof/rules/javaRules.key:1411:15
	at de.uka.ilkd.key.nparser.builder.AbstractBuilder.accept(AbstractBuilder.java:54)
Caused by: de.uka.ilkd.key.java.JavaBuildingExceptions: JavaBuildingIssue{node=PrintStream.$allocate()range=Optional.empty, message='Unsupported element detected given by Java Parser: MethodCallExpr. Please extend the KeY-Java-Hierarchy'}
	at de.uka.ilkd.key.java.JP2KeYVisitor.reportError(JP2KeYConverter.java:119)

66207      ERROR Test worker     d.u.i.k.n.b.AbstractBuilder  de.uka.ilkd.key.java.JavaBuildingExceptions: JavaBuildingIssue{node=PrintStream.$allocate()range=Optional.empty, message='Unsupported element detected given by Java Parser: MethodCallExpr. Please extend the KeY-Java-Hierarchy'}
	at de.uka.ilkd.key.java.JP2KeYVisitor.reportError(JP2KeYConverter.java:119)

66207      ERROR Test worker     d.u.i.k.n.b.TacletPBuilder Error in parsing taclet. de.uka.ilkd.key.util.parsing.BuildingException: JavaBuildingIssue{node=PrintStream.$allocate()range=Optional.empty, message='Unsupported element detected given by Java Parser: MethodCallExpr. Please extend the KeY-Java-Hierarchy'} at file:/home/runner/work/key/key/key.core/build/resources/main/de/uka/ilkd/key/proof/rules/javaRules.key:1417:15
	at de.uka.ilkd.key.nparser.builder.AbstractBuilder.accept(AbstractBuilder.java:54)
Caused by: de.uka.ilkd.key.java.JavaBuildingExceptions: JavaBuildingIssue{node=PrintStream.$allocate()range=Optional.empty, message='Unsupported element detected given by Java Parser: MethodCallExpr. Please extend the KeY-Java-Hierarchy'}
	at de.uka.ilkd.key.java.JP2KeYVisitor.reportError(JP2KeYConverter.java:119)

66455      ERROR Test worker     d.u.i.k.n.b.AbstractBuilder  de.uka.ilkd.key.java.JavaBuildingExceptions: JavaBuildingIssue{node=PrintStream.$allocate()range=Optional.empty, message='Unsupported element detected given by Java Parser: MethodCallExpr. Please extend the KeY-Java-Hierarchy'}
	at de.uka.ilkd.key.java.JP2KeYVisitor.reportError(JP2KeYConverter.java:119)

66455      ERROR Test worker     d.u.i.k.n.b.TacletPBuilder Error in parsing taclet. de.uka.ilkd.key.util.parsing.BuildingException: JavaBuildingIssue{node=PrintStream.$allocate()range=Optional.empty, message='Unsupported element detected given by Java Parser: MethodCallExpr. Please extend the KeY-Java-Hierarchy'} at file:/home/runner/work/key/key/key.core/build/resources/main/de/uka/ilkd/key/proof/rules/javaRules.key:1424:15
	at de.uka.ilkd.key.nparser.builder.AbstractBuilder.accept(AbstractBuilder.java:54)
Caused by: de.uka.ilkd.key.java.JavaBuildingExceptions: JavaBuildingIssue{node=PrintStream.$allocate()range=Optional.empty, message='Unsupported element detected given by Java Parser: MethodCallExpr. Please extend the KeY-Java-Hierarchy'}
	at de.uka.ilkd.key.java.JP2KeYVisitor.reportError(JP2KeYConverter.java:119)

66698      ERROR Test worker     d.u.i.k.n.b.AbstractBuilder  de.uka.ilkd.key.java.JavaBuildingExceptions: JavaBuildingIssue{node=PrintStream.$allocate()range=Optional.empty, message='Unsupported element detected given by Java Parser: MethodCallExpr. Please extend the KeY-Java-Hierarchy'}
	at de.uka.ilkd.key.java.JP2KeYVisitor.reportError(JP2KeYConverter.java:119)

66698      ERROR Test worker     d.u.i.k.n.b.TacletPBuilder Error in parsing taclet. de.uka.ilkd.key.util.parsing.BuildingException: JavaBuildingIssue{node=PrintStream.$allocate()range=Optional.empty, message='Unsupported element detected given by Java Parser: MethodCallExpr. Please extend the KeY-Java-Hierarchy'} at file:/home/runner/work/key/key/key.core/build/resources/main/de/uka/ilkd/key/proof/rules/javaRules.key:1430:15
	at de.uka.ilkd.key.nparser.builder.AbstractBuilder.accept(AbstractBuilder.java:54)
Caused by: de.uka.ilkd.key.java.JavaBuildingExceptions: JavaBuildingIssue{node=PrintStream.$allocate()range=Optional.empty, message='Unsupported element detected given by Java Parser: MethodCallExpr. Please extend the KeY-Java-Hierarchy'}
	at de.uka.ilkd.key.java.JP2KeYVisitor.reportError(JP2KeYConverter.java:119)

66938      ERROR Test worker     d.u.i.k.n.b.AbstractBuilder  de.uka.ilkd.key.java.JavaBuildingExceptions: JavaBuildingIssue{node=PrintStream.$allocate()range=Optional.empty, message='Unsupported element detected given by Java Parser: MethodCallExpr. Please extend the KeY-Java-Hierarchy'}
	at de.uka.ilkd.key.java.JP2KeYVisitor.reportError(JP2KeYConverter.java:119)

66939      ERROR Test worker     d.u.i.k.n.b.TacletPBuilder Error in parsing taclet. de.uka.ilkd.key.util.parsing.BuildingException: JavaBuildingIssue{node=PrintStream.$allocate()range=Optional.empty, message='Unsupported element detected given by Java Parser: MethodCallExpr. Please extend the KeY-Java-Hierarchy'} at file:/home/runner/work/key/key/key.core/build/resources/main/de/uka/ilkd/key/proof/rules/javaRules.key:1437:15
	at de.uka.ilkd.key.nparser.builder.AbstractBuilder.accept(AbstractBuilder.java:54)
Caused by: de.uka.ilkd.key.java.JavaBuildingExceptions: JavaBuildingIssue{node=PrintStream.$allocate()range=Optional.empty, message='Unsupported element detected given by Java Parser: MethodCallExpr. Please extend the KeY-Java-Hierarchy'}
	at de.uka.ilkd.key.java.JP2KeYVisitor.reportError(JP2KeYConverter.java:119)

67180      ERROR Test worker     d.u.i.k.n.b.AbstractBuilder  de.uka.ilkd.key.java.JavaBuildingExceptions: JavaBuildingIssue{node=PrintStream.$allocate()range=Optional.empty, message='Unsupported element detected given by Java Parser: MethodCallExpr. Please extend the KeY-Java-Hierarchy'}
	at de.uka.ilkd.key.java.JP2KeYVisitor.reportError(JP2KeYConverter.java:119)

67180      ERROR Test worker     d.u.i.k.n.b.TacletPBuilder Error in parsing taclet. de.uka.ilkd.key.util.parsing.BuildingException: JavaBuildingIssue{node=PrintStream.$allocate()range=Optional.empty, message='Unsupported element detected given by Java Parser: MethodCallExpr. Please extend the KeY-Java-Hierarchy'} at file:/home/runner/work/key/key/key.core/build/resources/main/de/uka/ilkd/key/proof/rules/javaRules.key:1443:15
	at de.uka.ilkd.key.nparser.builder.AbstractBuilder.accept(AbstractBuilder.java:54)
Caused by: de.uka.ilkd.key.java.JavaBuildingExceptions: JavaBuildingIssue{node=PrintStream.$allocate()range=Optional.empty, message='Unsupported element detected given by Java Parser: MethodCallExpr. Please extend the KeY-Java-Hierarchy'}
	at de.uka.ilkd.key.java.JP2KeYVisitor.reportError(JP2KeYConverter.java:119)

67418      ERROR Test worker     d.u.i.k.n.b.AbstractBuilder  de.uka.ilkd.key.java.JavaBuildingExceptions: JavaBuildingIssue{node=PrintStream.$allocate()range=Optional.empty, message='Unsupported element detected given by Java Parser: MethodCallExpr. Please extend the KeY-Java-Hierarchy'}
	at de.uka.ilkd.key.java.JP2KeYVisitor.reportError(JP2KeYConverter.java:119)

67418      ERROR Test worker     d.u.i.k.n.b.TacletPBuilder Error in parsing taclet. de.uka.ilkd.key.util.parsing.BuildingException: JavaBuildingIssue{node=PrintStream.$allocate()range=Optional.empty, message='Unsupported element detected given by Java Parser: MethodCallExpr. Please extend the KeY-Java-Hierarchy'} at file:/home/runner/work/key/key/key.core/build/resources/main/de/uka/ilkd/key/proof/rules/javaRules.key:1450:15
	at de.uka.ilkd.key.nparser.builder.AbstractBuilder.accept(AbstractBuilder.java:54)
Caused by: de.uka.ilkd.key.java.JavaBuildingExceptions: JavaBuildingIssue{node=PrintStream.$allocate()range=Optional.empty, message='Unsupported element detected given by Java Parser: MethodCallExpr. Please extend the KeY-Java-Hierarchy'}
	at de.uka.ilkd.key.java.JP2KeYVisitor.reportError(JP2KeYConverter.java:119)

67805      ERROR Test worker     d.u.i.k.n.b.AbstractBuilder  de.uka.ilkd.key.java.JavaBuildingExceptions: JavaBuildingIssue{node=PrintStream.$allocate()range=Optional.empty, message='Unsupported element detected given by Java Parser: MethodCallExpr. Please extend the KeY-Java-Hierarchy'}
	at de.uka.ilkd.key.java.JP2KeYVisitor.reportError(JP2KeYConverter.java:119)

67806      ERROR Test worker     d.u.i.k.n.b.TacletPBuilder Error in parsing taclet. de.uka.ilkd.key.util.parsing.BuildingException: JavaBuildingIssue{node=PrintStream.$allocate()range=Optional.empty, message='Unsupported element detected given by Java Parser: MethodCallExpr. Please extend the KeY-Java-Hierarchy'} at file:/home/runner/work/key/key/key.core/build/resources/main/de/uka/ilkd/key/proof/rules/javaRules.key:1456:15
	at de.uka.ilkd.key.nparser.builder.AbstractBuilder.accept(AbstractBuilder.java:54)
Caused by: de.uka.ilkd.key.java.JavaBuildingExceptions: JavaBuildingIssue{node=PrintStream.$allocate()range=Optional.empty, message='Unsupported element detected given by Java Parser: MethodCallExpr. Please extend the KeY-Java-Hierarchy'}
	at de.uka.ilkd.key.java.JP2KeYVisitor.reportError(JP2KeYConverter.java:119)

68049      ERROR Test worker     d.u.i.k.n.b.AbstractBuilder  de.uka.ilkd.key.java.JavaBuildingExceptions: JavaBuildingIssue{node=PrintStream.$allocate()range=Optional.empty, message='Unsupported element detected given by Java Parser: MethodCallExpr. Please extend the KeY-Java-Hierarchy'}
	at de.uka.ilkd.key.java.JP2KeYVisitor.reportError(JP2KeYConverter.java:119)

68049      ERROR Test worker     d.u.i.k.n.b.TacletPBuilder Error in parsing taclet. de.uka.ilkd.key.util.parsing.BuildingException: JavaBuildingIssue{node=PrintStream.$allocate()range=Optional.empty, message='Unsupported element detected given by Java Parser: MethodCallExpr. Please extend the KeY-Java-Hierarchy'} at file:/home/runner/work/key/key/key.core/build/resources/main/de/uka/ilkd/key/proof/rules/javaRules.key:1467:20
	at de.uka.ilkd.key.nparser.builder.AbstractBuilder.accept(AbstractBuilder.java:54)
Caused by: de.uka.ilkd.key.java.JavaBuildingExceptions: JavaBuildingIssue{node=PrintStream.$allocate()range=Optional.empty, message='Unsupported element detected given by Java Parser: MethodCallExpr. Please extend the KeY-Java-Hierarchy'}
	at de.uka.ilkd.key.java.JP2KeYVisitor.reportError(JP2KeYConverter.java:119)

68291      ERROR Test worker     d.u.i.k.n.b.AbstractBuilder  de.uka.ilkd.key.java.JavaBuildingExceptions: JavaBuildingIssue{node=PrintStream.$allocate()range=Optional.empty, message='Unsupported element detected given by Java Parser: MethodCallExpr. Please extend the KeY-Java-Hierarchy'}
	at de.uka.ilkd.key.java.JP2KeYVisitor.reportError(JP2KeYConverter.java:119)

68292      ERROR Test worker     d.u.i.k.n.b.TacletPBuilder Error in parsing taclet. de.uka.ilkd.key.util.parsing.BuildingException: JavaBuildingIssue{node=PrintStream.$allocate()range=Optional.empty, message='Unsupported element detected given by Java Parser: MethodCallExpr. Please extend the KeY-Java-Hierarchy'} at file:/home/runner/work/key/key/key.core/build/resources/main/de/uka/ilkd/key/proof/rules/javaRules.key:1481:20
	at de.uka.ilkd.key.nparser.builder.AbstractBuilder.accept(AbstractBuilder.java:54)
Caused by: de.uka.ilkd.key.java.JavaBuildingExceptions: JavaBuildingIssue{node=PrintStream.$allocate()range=Optional.empty, message='Unsupported element detected given by Java Parser: MethodCallExpr. Please extend the KeY-Java-Hierarchy'}
	at de.uka.ilkd.key.java.JP2KeYVisitor.reportError(JP2KeYConverter.java:119)

68535      ERROR Test worker     d.u.i.k.n.b.AbstractBuilder  de.uka.ilkd.key.java.JavaBuildingExceptions: JavaBuildingIssue{node=PrintStream.$allocate()range=Optional.empty, message='Unsupported element detected given by Java Parser: MethodCallExpr. Please extend the KeY-Java-Hierarchy'}
	at de.uka.ilkd.key.java.JP2KeYVisitor.reportError(JP2KeYConverter.java:119)

68536      ERROR Test worker     d.u.i.k.n.b.TacletPBuilder Error in parsing taclet. de.uka.ilkd.key.util.parsing.BuildingException: JavaBuildingIssue{node=PrintStream.$allocate()range=Optional.empty, message='Unsupported element detected given by Java Parser: MethodCallExpr. Please extend the KeY-Java-Hierarchy'} at file:/home/runner/work/key/key/key.core/build/resources/main/de/uka/ilkd/key/proof/rules/javaRules.key:1493:20
	at de.uka.ilkd.key.nparser.builder.AbstractBuilder.accept(AbstractBuilder.java:54)
Caused by: de.uka.ilkd.key.java.JavaBuildingExceptions: JavaBuildingIssue{node=PrintStream.$allocate()range=Optional.empty, message='Unsupported element detected given by Java Parser: MethodCallExpr. Please extend the KeY-Java-Hierarchy'}
	at de.uka.ilkd.key.java.JP2KeYVisitor.reportError(JP2KeYConverter.java:119)

68783      ERROR Test worker     d.u.i.k.n.b.AbstractBuilder  de.uka.ilkd.key.java.JavaBuildingExceptions: JavaBuildingIssue{node=PrintStream.$allocate()range=Optional.empty, message='Unsupported element detected given by Java Parser: MethodCallExpr. Please extend the KeY-Java-Hierarchy'}
	at de.uka.ilkd.key.java.JP2KeYVisitor.reportError(JP2KeYConverter.java:119)

68783      ERROR Test worker     d.u.i.k.n.b.TacletPBuilder Error in parsing taclet. de.uka.ilkd.key.util.parsing.BuildingException: JavaBuildingIssue{node=PrintStream.$allocate()range=Optional.empty, message='Unsupported element detected given by Java Parser: MethodCallExpr. Please extend the KeY-Java-Hierarchy'} at file:/home/runner/work/key/key/key.core/build/resources/main/de/uka/ilkd/key/proof/rules/javaRules.key:1505:15
	at de.uka.ilkd.key.nparser.builder.AbstractBuilder.accept(AbstractBuilder.java:54)
Caused by: de.uka.ilkd.key.java.JavaBuildingExceptions: JavaBuildingIssue{node=PrintStream.$allocate()range=Optional.empty, message='Unsupported element detected given by Java Parser: MethodCallExpr. Please extend the KeY-Java-Hierarchy'}
	at de.uka.ilkd.key.java.JP2KeYVisitor.reportError(JP2KeYConverter.java:119)

69023      ERROR Test worker     d.u.i.k.n.b.AbstractBuilder  de.uka.ilkd.key.java.JavaBuildingExceptions: JavaBuildingIssue{node=PrintStream.$allocate()range=Optional.empty, message='Unsupported element detected given by Java Parser: MethodCallExpr. Please extend the KeY-Java-Hierarchy'}
	at de.uka.ilkd.key.java.JP2KeYVisitor.reportError(JP2KeYConverter.java:119)

69024      ERROR Test worker     d.u.i.k.n.b.TacletPBuilder Error in parsing taclet. de.uka.ilkd.key.util.parsing.BuildingException: JavaBuildingIssue{node=PrintStream.$allocate()range=Optional.empty, message='Unsupported element detected given by Java Parser: MethodCallExpr. Please extend the KeY-Java-Hierarchy'} at file:/home/runner/work/key/key/key.core/build/resources/main/de/uka/ilkd/key/proof/rules/javaRules.key:1516:15
	at de.uka.ilkd.key.nparser.builder.AbstractBuilder.accept(AbstractBuilder.java:54)
Caused by: de.uka.ilkd.key.java.JavaBuildingExceptions: JavaBuildingIssue{node=PrintStream.$allocate()range=Optional.empty, message='Unsupported element detected given by Java Parser: MethodCallExpr. Please extend the KeY-Java-Hierarchy'}
	at de.uka.ilkd.key.java.JP2KeYVisitor.reportError(JP2KeYConverter.java:119)

69269      ERROR Test worker     d.u.i.k.n.b.AbstractBuilder  de.uka.ilkd.key.java.JavaBuildingExceptions: JavaBuildingIssue{node=PrintStream.$allocate()range=Optional.empty, message='Unsupported element detected given by Java Parser: MethodCallExpr. Please extend the KeY-Java-Hierarchy'}
	at de.uka.ilkd.key.java.JP2KeYVisitor.reportError(JP2KeYConverter.java:119)

69269      ERROR Test worker     d.u.i.k.n.b.TacletPBuilder Error in parsing taclet. de.uka.ilkd.key.util.parsing.BuildingException: JavaBuildingIssue{node=PrintStream.$allocate()range=Optional.empty, message='Unsupported element detected given by Java Parser: MethodCallExpr. Please extend the KeY-Java-Hierarchy'} at file:/home/runner/work/key/key/key.core/build/resources/main/de/uka/ilkd/key/proof/rules/javaRules.key:1539:15
	at de.uka.ilkd.key.nparser.builder.AbstractBuilder.accept(AbstractBuilder.java:54)
Caused by: de.uka.ilkd.key.java.JavaBuildingExceptions: JavaBuildingIssue{node=PrintStream.$allocate()range=Optional.empty, message='Unsupported element detected given by Java Parser: MethodCallExpr. Please extend the KeY-Java-Hierarchy'}
	at de.uka.ilkd.key.java.JP2KeYVisitor.reportError(JP2KeYConverter.java:119)

69507      ERROR Test worker     d.u.i.k.n.b.AbstractBuilder  de.uka.ilkd.key.java.JavaBuildingExceptions: JavaBuildingIssue{node=PrintStream.$allocate()range=Optional.empty, message='Unsupported element detected given by Java Parser: MethodCallExpr. Please extend the KeY-Java-Hierarchy'}
	at de.uka.ilkd.key.java.JP2KeYVisitor.reportError(JP2KeYConverter.java:119)

69507      ERROR Test worker     d.u.i.k.n.b.TacletPBuilder Error in parsing taclet. de.uka.ilkd.key.util.parsing.BuildingException: JavaBuildingIssue{node=PrintStream.$allocate()range=Optional.empty, message='Unsupported element detected given by Java Parser: MethodCallExpr. Please extend the KeY-Java-Hierarchy'} at file:/home/runner/work/key/key/key.core/build/resources/main/de/uka/ilkd/key/proof/rules/javaRules.key:1546:15
	at de.uka.ilkd.key.nparser.builder.AbstractBuilder.accept(AbstractBuilder.java:54)
Caused by: de.uka.ilkd.key.java.JavaBuildingExceptions: JavaBuildingIssue{node=PrintStream.$allocate()range=Optional.empty, message='Unsupported element detected given by Java Parser: MethodCallExpr. Please extend the KeY-Java-Hierarchy'}
	at de.uka.ilkd.key.java.JP2KeYVisitor.reportError(JP2KeYConverter.java:119)

69748      ERROR Test worker     d.u.i.k.n.b.AbstractBuilder  de.uka.ilkd.key.java.JavaBuildingExceptions: JavaBuildingIssue{node=PrintStream.$allocate()range=Optional.empty, message='Unsupported element detected given by Java Parser: MethodCallExpr. Please extend the KeY-Java-Hierarchy'}
	at de.uka.ilkd.key.java.JP2KeYVisitor.reportError(JP2KeYConverter.java:119)

69748      ERROR Test worker     d.u.i.k.n.b.TacletPBuilder Error in parsing taclet. de.uka.ilkd.key.util.parsing.BuildingException: JavaBuildingIssue{node=PrintStream.$allocate()range=Optional.empty, message='Unsupported element detected given by Java Parser: MethodCallExpr. Please extend the KeY-Java-Hierarchy'} at file:/home/runner/work/key/key/key.core/build/resources/main/de/uka/ilkd/key/proof/rules/javaRules.key:1554:15
	at de.uka.ilkd.key.nparser.builder.AbstractBuilder.accept(AbstractBuilder.java:54)
Caused by: de.uka.ilkd.key.java.JavaBuildingExceptions: JavaBuildingIssue{node=PrintStream.$allocate()range=Optional.empty, message='Unsupported element detected given by Java Parser: MethodCallExpr. Please extend the KeY-Java-Hierarchy'}
	at de.uka.ilkd.key.java.JP2KeYVisitor.reportError(JP2KeYConverter.java:119)

70123      ERROR Test worker     d.u.i.k.n.b.AbstractBuilder  de.uka.ilkd.key.java.JavaBuildingExceptions: JavaBuildingIssue{node=PrintStream.$allocate()range=Optional.empty, message='Unsupported element detected given by Java Parser: MethodCallExpr. Please extend the KeY-Java-Hierarchy'}
	at de.uka.ilkd.key.java.JP2KeYVisitor.reportError(JP2KeYConverter.java:119)

70124      ERROR Test worker     d.u.i.k.n.b.TacletPBuilder Error in parsing taclet. de.uka.ilkd.key.util.parsing.BuildingException: JavaBuildingIssue{node=PrintStream.$allocate()range=Optional.empty, message='Unsupported element detected given by Java Parser: MethodCallExpr. Please extend the KeY-Java-Hierarchy'} at file:/home/runner/work/key/key/key.core/build/resources/main/de/uka/ilkd/key/proof/rules/javaRules.key:1566:15
	at de.uka.ilkd.key.nparser.builder.AbstractBuilder.accept(AbstractBuilder.java:54)
Caused by: de.uka.ilkd.key.java.JavaBuildingExceptions: JavaBuildingIssue{node=PrintStream.$allocate()range=Optional.empty, message='Unsupported element detected given by Java Parser: MethodCallExpr. Please extend the KeY-Java-Hierarchy'}
	at de.uka.ilkd.key.java.JP2KeYVisitor.reportError(JP2KeYConverter.java:119)

70366      ERROR Test worker     d.u.i.k.n.b.AbstractBuilder  de.uka.ilkd.key.java.JavaBuildingExceptions: JavaBuildingIssue{node=PrintStream.$allocate()range=Optional.empty, message='Unsupported element detected given by Java Parser: MethodCallExpr. Please extend the KeY-Java-Hierarchy'}
	at de.uka.ilkd.key.java.JP2KeYVisitor.reportError(JP2KeYConverter.java:119)

70366      ERROR Test worker     d.u.i.k.n.b.TacletPBuilder Error in parsing taclet. de.uka.ilkd.key.util.parsing.BuildingException: JavaBuildingIssue{node=PrintStream.$allocate()range=Optional.empty, message='Unsupported element detected given by Java Parser: MethodCallExpr. Please extend the KeY-Java-Hierarchy'} at file:/home/runner/work/key/key/key.core/build/resources/main/de/uka/ilkd/key/proof/rules/javaRules.key:1575:15
	at de.uka.ilkd.key.nparser.builder.AbstractBuilder.accept(AbstractBuilder.java:54)
Caused by: de.uka.ilkd.key.java.JavaBuildingExceptions: JavaBuildingIssue{node=PrintStream.$allocate()range=Optional.empty, message='Unsupported element detected given by Java Parser: MethodCallExpr. Please extend the KeY-Java-Hierarchy'}
	at de.uka.ilkd.key.java.JP2KeYVisitor.reportError(JP2KeYConverter.java:119)

70605      ERROR Test worker     d.u.i.k.n.b.AbstractBuilder  de.uka.ilkd.key.java.JavaBuildingExceptions: JavaBuildingIssue{node=PrintStream.$allocate()range=Optional.empty, message='Unsupported element detected given by Java Parser: MethodCallExpr. Please extend the KeY-Java-Hierarchy'}
	at de.uka.ilkd.key.java.JP2KeYVisitor.reportError(JP2KeYConverter.java:119)

70606      ERROR Test worker     d.u.i.k.n.b.TacletPBuilder Error in parsing taclet. de.uka.ilkd.key.util.parsing.BuildingException: JavaBuildingIssue{node=PrintStream.$allocate()range=Optional.empty, message='Unsupported element detected given by Java Parser: MethodCallExpr. Please extend the KeY-Java-Hierarchy'} at file:/home/runner/work/key/key/key.core/build/resources/main/de/uka/ilkd/key/proof/rules/javaRules.key:1583:15
	at de.uka.ilkd.key.nparser.builder.AbstractBuilder.accept(AbstractBuilder.java:54)
Caused by: de.uka.ilkd.key.java.JavaBuildingExceptions: JavaBuildingIssue{node=PrintStream.$allocate()range=Optional.empty, message='Unsupported element detected given by Java Parser: MethodCallExpr. Please extend the KeY-Java-Hierarchy'}
	at de.uka.ilkd.key.java.JP2KeYVisitor.reportError(JP2KeYConverter.java:119)

70844      ERROR Test worker     d.u.i.k.n.b.AbstractBuilder  de.uka.ilkd.key.java.JavaBuildingExceptions: JavaBuildingIssue{node=PrintStream.$allocate()range=Optional.empty, message='Unsupported element detected given by Java Parser: MethodCallExpr. Please extend the KeY-Java-Hierarchy'}
	at de.uka.ilkd.key.java.JP2KeYVisitor.reportError(JP2KeYConverter.java:119)

70844      ERROR Test worker     d.u.i.k.n.b.TacletPBuilder Error in parsing taclet. de.uka.ilkd.key.util.parsing.BuildingException: JavaBuildingIssue{node=PrintStream.$allocate()range=Optional.empty, message='Unsupported element detected given by Java Parser: MethodCallExpr. Please extend the KeY-Java-Hierarchy'} at file:/home/runner/work/key/key/key.core/build/resources/main/de/uka/ilkd/key/proof/rules/javaRules.key:1591:15
	at de.uka.ilkd.key.nparser.builder.AbstractBuilder.accept(AbstractBuilder.java:54)
Caused by: de.uka.ilkd.key.java.JavaBuildingExceptions: JavaBuildingIssue{node=PrintStream.$allocate()range=Optional.empty, message='Unsupported element detected given by Java Parser: MethodCallExpr. Please extend the KeY-Java-Hierarchy'}
	at de.uka.ilkd.key.java.JP2KeYVisitor.reportError(JP2KeYConverter.java:119)

71088      ERROR Test worker     d.u.i.k.n.b.AbstractBuilder  de.uka.ilkd.key.java.JavaBuildingExceptions: JavaBuildingIssue{node=PrintStream.$allocate()range=Optional.empty, message='Unsupported element detected given by Java Parser: MethodCallExpr. Please extend the KeY-Java-Hierarchy'}
	at de.uka.ilkd.key.java.JP2KeYVisitor.reportError(JP2KeYConverter.java:119)

71088      ERROR Test worker     d.u.i.k.n.b.TacletPBuilder Error in parsing taclet. de.uka.ilkd.key.util.parsing.BuildingException: JavaBuildingIssue{node=PrintStream.$allocate()range=Optional.empty, message='Unsupported element detected given by Java Parser: MethodCallExpr. Please extend the KeY-Java-Hierarchy'} at file:/home/runner/work/key/key/key.core/build/resources/main/de/uka/ilkd/key/proof/rules/javaRules.key:1599:15
	at de.uka.ilkd.key.nparser.builder.AbstractBuilder.accept(AbstractBuilder.java:54)
Caused by: de.uka.ilkd.key.java.JavaBuildingExceptions: JavaBuildingIssue{node=PrintStream.$allocate()range=Optional.empty, message='Unsupported element detected given by Java Parser: MethodCallExpr. Please extend the KeY-Java-Hierarchy'}
	at de.uka.ilkd.key.java.JP2KeYVisitor.reportError(JP2KeYConverter.java:119)

71325      ERROR Test worker     d.u.i.k.n.b.AbstractBuilder  de.uka.ilkd.key.java.JavaBuildingExceptions: JavaBuildingIssue{node=PrintStream.$allocate()range=Optional.empty, message='Unsupported element detected given by Java Parser: MethodCallExpr. Please extend the KeY-Java-Hierarchy'}
	at de.uka.ilkd.key.java.JP2KeYVisitor.reportError(JP2KeYConverter.java:119)

71325      ERROR Test worker     d.u.i.k.n.b.TacletPBuilder Error in parsing taclet. de.uka.ilkd.key.util.parsing.BuildingException: JavaBuildingIssue{node=PrintStream.$allocate()range=Optional.empty, message='Unsupported element detected given by Java Parser: MethodCallExpr. Please extend the KeY-Java-Hierarchy'} at file:/home/runner/work/key/key/key.core/build/resources/main/de/uka/ilkd/key/proof/rules/javaRules.key:1607:15
	at de.uka.ilkd.key.nparser.builder.AbstractBuilder.accept(AbstractBuilder.java:54)
Caused by: de.uka.ilkd.key.java.JavaBuildingExceptions: JavaBuildingIssue{node=PrintStream.$allocate()range=Optional.empty, message='Unsupported element detected given by Java Parser: MethodCallExpr. Please extend the KeY-Java-Hierarchy'}
	at de.uka.ilkd.key.java.JP2KeYVisitor.reportError(JP2KeYConverter.java:119)

71563      ERROR Test worker     d.u.i.k.n.b.AbstractBuilder  de.uka.ilkd.key.java.JavaBuildingExceptions: JavaBuildingIssue{node=PrintStream.$allocate()range=Optional.empty, message='Unsupported element detected given by Java Parser: MethodCallExpr. Please extend the KeY-Java-Hierarchy'}
	at de.uka.ilkd.key.java.JP2KeYVisitor.reportError(JP2KeYConverter.java:119)

71564      ERROR Test worker     d.u.i.k.n.b.TacletPBuilder Error in parsing taclet. de.uka.ilkd.key.util.parsing.BuildingException: JavaBuildingIssue{node=PrintStream.$allocate()range=Optional.empty, message='Unsupported element detected given by Java Parser: MethodCallExpr. Please extend the KeY-Java-Hierarchy'} at file:/home/runner/work/key/key/key.core/build/resources/main/de/uka/ilkd/key/proof/rules/javaRules.key:1615:15
	at de.uka.ilkd.key.nparser.builder.AbstractBuilder.accept(AbstractBuilder.java:54)
Caused by: de.uka.ilkd.key.java.JavaBuildingExceptions: JavaBuildingIssue{node=PrintStream.$allocate()range=Optional.empty, message='Unsupported element detected given by Java Parser: MethodCallExpr. Please extend the KeY-Java-Hierarchy'}
	at de.uka.ilkd.key.java.JP2KeYVisitor.reportError(JP2KeYConverter.java:119)

71802      ERROR Test worker     d.u.i.k.n.b.AbstractBuilder  de.uka.ilkd.key.java.JavaBuildingExceptions: JavaBuildingIssue{node=PrintStream.$allocate()range=Optional.empty, message='Unsupported element detected given by Java Parser: MethodCallExpr. Please extend the KeY-Java-Hierarchy'}
	at de.uka.ilkd.key.java.JP2KeYVisitor.reportError(JP2KeYConverter.java:119)

71803      ERROR Test worker     d.u.i.k.n.b.TacletPBuilder Error in parsing taclet. de.uka.ilkd.key.util.parsing.BuildingException: JavaBuildingIssue{node=PrintStream.$allocate()range=Optional.empty, message='Unsupported element detected given by Java Parser: MethodCallExpr. Please extend the KeY-Java-Hierarchy'} at file:/home/runner/work/key/key/key.core/build/resources/main/de/uka/ilkd/key/proof/rules/javaRules.key:1623:15
	at de.uka.ilkd.key.nparser.builder.AbstractBuilder.accept(AbstractBuilder.java:54)
Caused by: de.uka.ilkd.key.java.JavaBuildingExceptions: JavaBuildingIssue{node=PrintStream.$allocate()range=Optional.empty, message='Unsupported element detected given by Java Parser: MethodCallExpr. Please extend the KeY-Java-Hierarchy'}
	at de.uka.ilkd.key.java.JP2KeYVisitor.reportError(JP2KeYConverter.java:119)

72040      ERROR Test worker     d.u.i.k.n.b.AbstractBuilder  de.uka.ilkd.key.java.JavaBuildingExceptions: JavaBuildingIssue{node=PrintStream.$allocate()range=Optional.empty, message='Unsupported element detected given by Java Parser: MethodCallExpr. Please extend the KeY-Java-Hierarchy'}
	at de.uka.ilkd.key.java.JP2KeYVisitor.reportError(JP2KeYConverter.java:119)

72040      ERROR Test worker     d.u.i.k.n.b.TacletPBuilder Error in parsing taclet. de.uka.ilkd.key.util.parsing.BuildingException: JavaBuildingIssue{node=PrintStream.$allocate()range=Optional.empty, message='Unsupported element detected given by Java Parser: MethodCallExpr. Please extend the KeY-Java-Hierarchy'} at file:/home/runner/work/key/key/key.core/build/resources/main/de/uka/ilkd/key/proof/rules/javaRules.key:1631:15
	at de.uka.ilkd.key.nparser.builder.AbstractBuilder.accept(AbstractBuilder.java:54)
Caused by: de.uka.ilkd.key.java.JavaBuildingExceptions: JavaBuildingIssue{node=PrintStream.$allocate()range=Optional.empty, message='Unsupported element detected given by Java Parser: MethodCallExpr. Please extend the KeY-Java-Hierarchy'}
	at de.uka.ilkd.key.java.JP2KeYVisitor.reportError(JP2KeYConverter.java:119)

72423      ERROR Test worker     d.u.i.k.n.b.AbstractBuilder  de.uka.ilkd.key.java.JavaBuildingExceptions: JavaBuildingIssue{node=PrintStream.$allocate()range=Optional.empty, message='Unsupported element detected given by Java Parser: MethodCallExpr. Please extend the KeY-Java-Hierarchy'}
	at de.uka.ilkd.key.java.JP2KeYVisitor.reportError(JP2KeYConverter.java:119)

72423      ERROR Test worker     d.u.i.k.n.b.TacletPBuilder Error in parsing taclet. de.uka.ilkd.key.util.parsing.BuildingException: JavaBuildingIssue{node=PrintStream.$allocate()range=Optional.empty, message='Unsupported element detected given by Java Parser: MethodCallExpr. Please extend the KeY-Java-Hierarchy'} at file:/home/runner/work/key/key/key.core/build/resources/main/de/uka/ilkd/key/proof/rules/javaRules.key:1639:15
	at de.uka.ilkd.key.nparser.builder.AbstractBuilder.accept(AbstractBuilder.java:54)
Caused by: de.uka.ilkd.key.java.JavaBuildingExceptions: JavaBuildingIssue{node=PrintStream.$allocate()range=Optional.empty, message='Unsupported element detected given by Java Parser: MethodCallExpr. Please extend the KeY-Java-Hierarchy'}
	at de.uka.ilkd.key.java.JP2KeYVisitor.reportError(JP2KeYConverter.java:119)

72667      ERROR Test worker     d.u.i.k.n.b.AbstractBuilder  de.uka.ilkd.key.java.JavaBuildingExceptions: JavaBuildingIssue{node=PrintStream.$allocate()range=Optional.empty, message='Unsupported element detected given by Java Parser: MethodCallExpr. Please extend the KeY-Java-Hierarchy'}
	at de.uka.ilkd.key.java.JP2KeYVisitor.reportError(JP2KeYConverter.java:119)

72667      ERROR Test worker     d.u.i.k.n.b.TacletPBuilder Error in parsing taclet. de.uka.ilkd.key.util.parsing.BuildingException: JavaBuildingIssue{node=PrintStream.$allocate()range=Optional.empty, message='Unsupported element detected given by Java Parser: MethodCallExpr. Please extend the KeY-Java-Hierarchy'} at file:/home/runner/work/key/key/key.core/build/resources/main/de/uka/ilkd/key/proof/rules/javaRules.key:1647:15
	at de.uka.ilkd.key.nparser.builder.AbstractBuilder.accept(AbstractBuilder.java:54)
Caused by: de.uka.ilkd.key.java.JavaBuildingExceptions: JavaBuildingIssue{node=PrintStream.$allocate()range=Optional.empty, message='Unsupported element detected given by Java Parser: MethodCallExpr. Please extend the KeY-Java-Hierarchy'}
	at de.uka.ilkd.key.java.JP2KeYVisitor.reportError(JP2KeYConverter.java:119)

72910      ERROR Test worker     d.u.i.k.n.b.AbstractBuilder  de.uka.ilkd.key.java.JavaBuildingExceptions: JavaBuildingIssue{node=PrintStream.$allocate()range=Optional.empty, message='Unsupported element detected given by Java Parser: MethodCallExpr. Please extend the KeY-Java-Hierarchy'}
	at de.uka.ilkd.key.java.JP2KeYVisitor.reportError(JP2KeYConverter.java:119)

72910      ERROR Test worker     d.u.i.k.n.b.TacletPBuilder Error in parsing taclet. de.uka.ilkd.key.util.parsing.BuildingException: JavaBuildingIssue{node=PrintStream.$allocate()range=Optional.empty, message='Unsupported element detected given by Java Parser: MethodCallExpr. Please extend the KeY-Java-Hierarchy'} at file:/home/runner/work/key/key/key.core/build/resources/main/de/uka/ilkd/key/proof/rules/javaRules.key:1655:15
	at de.uka.ilkd.key.nparser.builder.AbstractBuilder.accept(AbstractBuilder.java:54)
Caused by: de.uka.ilkd.key.java.JavaBuildingExceptions: JavaBuildingIssue{node=PrintStream.$allocate()range=Optional.empty, message='Unsupported element detected given by Java Parser: MethodCallExpr. Please extend the KeY-Java-Hierarchy'}
	at de.uka.ilkd.key.java.JP2KeYVisitor.reportError(JP2KeYConverter.java:119)

73157      ERROR Test worker     d.u.i.k.n.b.AbstractBuilder  de.uka.ilkd.key.java.JavaBuildingExceptions: JavaBuildingIssue{node=PrintStream.$allocate()range=Optional.empty, message='Unsupported element detected given by Java Parser: MethodCallExpr. Please extend the KeY-Java-Hierarchy'}
	at de.uka.ilkd.key.java.JP2KeYVisitor.reportError(JP2KeYConverter.java:119)

73158      ERROR Test worker     d.u.i.k.n.b.TacletPBuilder Error in parsing taclet. de.uka.ilkd.key.util.parsing.BuildingException: JavaBuildingIssue{node=PrintStream.$allocate()range=Optional.empty, message='Unsupported element detected given by Java Parser: MethodCallExpr. Please extend the KeY-Java-Hierarchy'} at file:/home/runner/work/key/key/key.core/build/resources/main/de/uka/ilkd/key/proof/rules/javaRules.key:1667:15
	at de.uka.ilkd.key.nparser.builder.AbstractBuilder.accept(AbstractBuilder.java:54)
Caused by: de.uka.ilkd.key.java.JavaBuildingExceptions: JavaBuildingIssue{node=PrintStream.$allocate()range=Optional.empty, message='Unsupported element detected given by Java Parser: MethodCallExpr. Please extend the KeY-Java-Hierarchy'}
	at de.uka.ilkd.key.java.JP2KeYVisitor.reportError(JP2KeYConverter.java:119)

73399      ERROR Test worker     d.u.i.k.n.b.AbstractBuilder  de.uka.ilkd.key.java.JavaBuildingExceptions: JavaBuildingIssue{node=PrintStream.$allocate()range=Optional.empty, message='Unsupported element detected given by Java Parser: MethodCallExpr. Please extend the KeY-Java-Hierarchy'}
	at de.uka.ilkd.key.java.JP2KeYVisitor.reportError(JP2KeYConverter.java:119)

73399      ERROR Test worker     d.u.i.k.n.b.TacletPBuilder Error in parsing taclet. de.uka.ilkd.key.util.parsing.BuildingException: JavaBuildingIssue{node=PrintStream.$allocate()range=Optional.empty, message='Unsupported element detected given by Java Parser: MethodCallExpr. Please extend the KeY-Java-Hierarchy'} at file:/home/runner/work/key/key/key.core/build/resources/main/de/uka/ilkd/key/proof/rules/javaRules.key:1675:15
	at de.uka.ilkd.key.nparser.builder.AbstractBuilder.accept(AbstractBuilder.java:54)
Caused by: de.uka.ilkd.key.java.JavaBuildingExceptions: JavaBuildingIssue{node=PrintStream.$allocate()range=Optional.empty, message='Unsupported element detected given by Java Parser: MethodCallExpr. Please extend the KeY-Java-Hierarchy'}
	at de.uka.ilkd.key.java.JP2KeYVisitor.reportError(JP2KeYConverter.java:119)

73637      ERROR Test worker     d.u.i.k.n.b.AbstractBuilder  de.uka.ilkd.key.java.JavaBuildingExceptions: JavaBuildingIssue{node=PrintStream.$allocate()range=Optional.empty, message='Unsupported element detected given by Java Parser: MethodCallExpr. Please extend the KeY-Java-Hierarchy'}
	at de.uka.ilkd.key.java.JP2KeYVisitor.reportError(JP2KeYConverter.java:119)

73637      ERROR Test worker     d.u.i.k.n.b.TacletPBuilder Error in parsing taclet. de.uka.ilkd.key.util.parsing.BuildingException: JavaBuildingIssue{node=PrintStream.$allocate()range=Optional.empty, message='Unsupported element detected given by Java Parser: MethodCallExpr. Please extend the KeY-Java-Hierarchy'} at file:/home/runner/work/key/key/key.core/build/resources/main/de/uka/ilkd/key/proof/rules/javaRules.key:1683:15
	at de.uka.ilkd.key.nparser.builder.AbstractBuilder.accept(AbstractBuilder.java:54)
Caused by: de.uka.ilkd.key.java.JavaBuildingExceptions: JavaBuildingIssue{node=PrintStream.$allocate()range=Optional.empty, message='Unsupported element detected given by Java Parser: MethodCallExpr. Please extend the KeY-Java-Hierarchy'}
	at de.uka.ilkd.key.java.JP2KeYVisitor.reportError(JP2KeYConverter.java:119)

73885      ERROR Test worker     d.u.i.k.n.b.AbstractBuilder  de.uka.ilkd.key.java.JavaBuildingExceptions: JavaBuildingIssue{node=PrintStream.$allocate()range=Optional.empty, message='Unsupported element detected given by Java Parser: MethodCallExpr. Please extend the KeY-Java-Hierarchy'}
	at de.uka.ilkd.key.java.JP2KeYVisitor.reportError(JP2KeYConverter.java:119)

73886      ERROR Test worker     d.u.i.k.n.b.TacletPBuilder Error in parsing taclet. de.uka.ilkd.key.util.parsing.BuildingException: JavaBuildingIssue{node=PrintStream.$allocate()range=Optional.empty, message='Unsupported element detected given by Java Parser: MethodCallExpr. Please extend the KeY-Java-Hierarchy'} at file:/home/runner/work/key/key/key.core/build/resources/main/de/uka/ilkd/key/proof/rules/javaRules.key:1691:15
	at de.uka.ilkd.key.nparser.builder.AbstractBuilder.accept(AbstractBuilder.java:54)
Caused by: de.uka.ilkd.key.java.JavaBuildingExceptions: JavaBuildingIssue{node=PrintStream.$allocate()range=Optional.empty, message='Unsupported element detected given by Java Parser: MethodCallExpr. Please extend the KeY-Java-Hierarchy'}
	at de.uka.ilkd.key.java.JP2KeYVisitor.reportError(JP2KeYConverter.java:119)

74125      ERROR Test worker     d.u.i.k.n.b.AbstractBuilder  de.uka.ilkd.key.java.JavaBuildingExceptions: JavaBuildingIssue{node=PrintStream.$allocate()range=Optional.empty, message='Unsupported element detected given by Java Parser: MethodCallExpr. Please extend the KeY-Java-Hierarchy'}
	at de.uka.ilkd.key.java.JP2KeYVisitor.reportError(JP2KeYConverter.java:119)

74125      ERROR Test worker     d.u.i.k.n.b.TacletPBuilder Error in parsing taclet. de.uka.ilkd.key.util.parsing.BuildingException: JavaBuildingIssue{node=PrintStream.$allocate()range=Optional.empty, message='Unsupported element detected given by Java Parser: MethodCallExpr. Please extend the KeY-Java-Hierarchy'} at file:/home/runner/work/key/key/key.core/build/resources/main/de/uka/ilkd/key/proof/rules/javaRules.key:1703:15
	at de.uka.ilkd.key.nparser.builder.AbstractBuilder.accept(AbstractBuilder.java:54)
Caused by: de.uka.ilkd.key.java.JavaBuildingExceptions: JavaBuildingIssue{node=PrintStream.$allocate()range=Optional.empty, message='Unsupported element detected given by Java Parser: MethodCallExpr. Please extend the KeY-Java-Hierarchy'}
	at de.uka.ilkd.key.java.JP2KeYVisitor.reportError(JP2KeYConverter.java:119)

74367      ERROR Test worker     d.u.i.k.n.b.AbstractBuilder  de.uka.ilkd.key.java.JavaBuildingExceptions: JavaBuildingIssue{node=PrintStream.$allocate()range=Optional.empty, message='Unsupported element detected given by Java Parser: MethodCallExpr. Please extend the KeY-Java-Hierarchy'}
	at de.uka.ilkd.key.java.JP2KeYVisitor.reportError(JP2KeYConverter.java:119)

74368      ERROR Test worker     d.u.i.k.n.b.TacletPBuilder Error in parsing taclet. de.uka.ilkd.key.util.parsing.BuildingException: JavaBuildingIssue{node=PrintStream.$allocate()range=Optional.empty, message='Unsupported element detected given by Java Parser: MethodCallExpr. Please extend the KeY-Java-Hierarchy'} at file:/home/runner/work/key/key/key.core/build/resources/main/de/uka/ilkd/key/proof/rules/javaRules.key:1710:15
	at de.uka.ilkd.key.nparser.builder.AbstractBuilder.accept(AbstractBuilder.java:54)
Caused by: de.uka.ilkd.key.java.JavaBuildingExceptions: JavaBuildingIssue{node=PrintStream.$allocate()range=Optional.empty, message='Unsupported element detected given by Java Parser: MethodCallExpr. Please extend the KeY-Java-Hierarchy'}
	at de.uka.ilkd.key.java.JP2KeYVisitor.reportError(JP2KeYConverter.java:119)

74728      ERROR Test worker     d.u.i.k.n.b.AbstractBuilder  de.uka.ilkd.key.java.JavaBuildingExceptions: JavaBuildingIssue{node=PrintStream.$allocate()range=Optional.empty, message='Unsupported element detected given by Java Parser: MethodCallExpr. Please extend the KeY-Java-Hierarchy'}
	at de.uka.ilkd.key.java.JP2KeYVisitor.reportError(JP2KeYConverter.java:119)

74729      ERROR Test worker     d.u.i.k.n.b.TacletPBuilder Error in parsing taclet. de.uka.ilkd.key.util.parsing.BuildingException: JavaBuildingIssue{node=PrintStream.$allocate()range=Optional.empty, message='Unsupported element detected given by Java Parser: MethodCallExpr. Please extend the KeY-Java-Hierarchy'} at file:/home/runner/work/key/key/key.core/build/resources/main/de/uka/ilkd/key/proof/rules/javaRules.key:1718:15
	at de.uka.ilkd.key.nparser.builder.AbstractBuilder.accept(AbstractBuilder.java:54)
Caused by: de.uka.ilkd.key.java.JavaBuildingExceptions: JavaBuildingIssue{node=PrintStream.$allocate()range=Optional.empty, message='Unsupported element detected given by Java Parser: MethodCallExpr. Please extend the KeY-Java-Hierarchy'}
	at de.uka.ilkd.key.java.JP2KeYVisitor.reportError(JP2KeYConverter.java:119)

74968      ERROR Test worker     d.u.i.k.n.b.AbstractBuilder  de.uka.ilkd.key.java.JavaBuildingExceptions: JavaBuildingIssue{node=PrintStream.$allocate()range=Optional.empty, message='Unsupported element detected given by Java Parser: MethodCallExpr. Please extend the KeY-Java-Hierarchy'}
	at de.uka.ilkd.key.java.JP2KeYVisitor.reportError(JP2KeYConverter.java:119)

74968      ERROR Test worker     d.u.i.k.n.b.TacletPBuilder Error in parsing taclet. de.uka.ilkd.key.util.parsing.BuildingException: JavaBuildingIssue{node=PrintStream.$allocate()range=Optional.empty, message='Unsupported element detected given by Java Parser: MethodCallExpr. Please extend the KeY-Java-Hierarchy'} at file:/home/runner/work/key/key/key.core/build/resources/main/de/uka/ilkd/key/proof/rules/javaRules.key:1724:15
	at de.uka.ilkd.key.nparser.builder.AbstractBuilder.accept(AbstractBuilder.java:54)
Caused by: de.uka.ilkd.key.java.JavaBuildingExceptions: JavaBuildingIssue{node=PrintStream.$allocate()range=Optional.empty, message='Unsupported element detected given by Java Parser: MethodCallExpr. Please extend the KeY-Java-Hierarchy'}
	at de.uka.ilkd.key.java.JP2KeYVisitor.reportError(JP2KeYConverter.java:119)

75209      ERROR Test worker     d.u.i.k.n.b.AbstractBuilder  de.uka.ilkd.key.java.JavaBuildingExceptions: JavaBuildingIssue{node=PrintStream.$allocate()range=Optional.empty, message='Unsupported element detected given by Java Parser: MethodCallExpr. Please extend the KeY-Java-Hierarchy'}
	at de.uka.ilkd.key.java.JP2KeYVisitor.reportError(JP2KeYConverter.java:119)

75209      ERROR Test worker     d.u.i.k.n.b.TacletPBuilder Error in parsing taclet. de.uka.ilkd.key.util.parsing.BuildingException: JavaBuildingIssue{node=PrintStream.$allocate()range=Optional.empty, message='Unsupported element detected given by Java Parser: MethodCallExpr. Please extend the KeY-Java-Hierarchy'} at file:/home/runner/work/key/key/key.core/build/resources/main/de/uka/ilkd/key/proof/rules/javaRules.key:1731:15
	at de.uka.ilkd.key.nparser.builder.AbstractBuilder.accept(AbstractBuilder.java:54)
Caused by: de.uka.ilkd.key.java.JavaBuildingExceptions: JavaBuildingIssue{node=PrintStream.$allocate()range=Optional.empty, message='Unsupported element detected given by Java Parser: MethodCallExpr. Please extend the KeY-Java-Hierarchy'}
	at de.uka.ilkd.key.java.JP2KeYVisitor.reportError(JP2KeYConverter.java:119)

75449      ERROR Test worker     d.u.i.k.n.b.AbstractBuilder  de.uka.ilkd.key.java.JavaBuildingExceptions: JavaBuildingIssue{node=PrintStream.$allocate()range=Optional.empty, message='Unsupported element detected given by Java Parser: MethodCallExpr. Please extend the KeY-Java-Hierarchy'}
	at de.uka.ilkd.key.java.JP2KeYVisitor.reportError(JP2KeYConverter.java:119)

75449      ERROR Test worker     d.u.i.k.n.b.TacletPBuilder Error in parsing taclet. de.uka.ilkd.key.util.parsing.BuildingException: JavaBuildingIssue{node=PrintStream.$allocate()range=Optional.empty, message='Unsupported element detected given by Java Parser: MethodCallExpr. Please extend the KeY-Java-Hierarchy'} at file:/home/runner/work/key/key/key.core/build/resources/main/de/uka/ilkd/key/proof/rules/javaRules.key:1738:15
	at de.uka.ilkd.key.nparser.builder.AbstractBuilder.accept(AbstractBuilder.java:54)
Caused by: de.uka.ilkd.key.java.JavaBuildingExceptions: JavaBuildingIssue{node=PrintStream.$allocate()range=Optional.empty, message='Unsupported element detected given by Java Parser: MethodCallExpr. Please extend the KeY-Java-Hierarchy'}
	at de.uka.ilkd.key.java.JP2KeYVisitor.reportError(JP2KeYConverter.java:119)

75686      ERROR Test worker     d.u.i.k.n.b.AbstractBuilder  de.uka.ilkd.key.java.JavaBuildingExceptions: JavaBuildingIssue{node=PrintStream.$allocate()range=Optional.empty, message='Unsupported element detected given by Java Parser: MethodCallExpr. Please extend the KeY-Java-Hierarchy'}
	at de.uka.ilkd.key.java.JP2KeYVisitor.reportError(JP2KeYConverter.java:119)

75687      ERROR Test worker     d.u.i.k.n.b.TacletPBuilder Error in parsing taclet. de.uka.ilkd.key.util.parsing.BuildingException: JavaBuildingIssue{node=PrintStream.$allocate()range=Optional.empty, message='Unsupported element detected given by Java Parser: MethodCallExpr. Please extend the KeY-Java-Hierarchy'} at file:/home/runner/work/key/key/key.core/build/resources/main/de/uka/ilkd/key/proof/rules/javaRules.key:1744:15
	at de.uka.ilkd.key.nparser.builder.AbstractBuilder.accept(AbstractBuilder.java:54)
Caused by: de.uka.ilkd.key.java.JavaBuildingExceptions: JavaBuildingIssue{node=PrintStream.$allocate()range=Optional.empty, message='Unsupported element detected given by Java Parser: MethodCallExpr. Please extend the KeY-Java-Hierarchy'}
	at de.uka.ilkd.key.java.JP2KeYVisitor.reportError(JP2KeYConverter.java:119)

75924      ERROR Test worker     d.u.i.k.n.b.AbstractBuilder  de.uka.ilkd.key.java.JavaBuildingExceptions: JavaBuildingIssue{node=PrintStream.$allocate()range=Optional.empty, message='Unsupported element detected given by Java Parser: MethodCallExpr. Please extend the KeY-Java-Hierarchy'}
	at de.uka.ilkd.key.java.JP2KeYVisitor.reportError(JP2KeYConverter.java:119)

75924      ERROR Test worker     d.u.i.k.n.b.TacletPBuilder Error in parsing taclet. de.uka.ilkd.key.util.parsing.BuildingException: JavaBuildingIssue{node=PrintStream.$allocate()range=Optional.empty, message='Unsupported element detected given by Java Parser: MethodCallExpr. Please extend the KeY-Java-Hierarchy'} at file:/home/runner/work/key/key/key.core/build/resources/main/de/uka/ilkd/key/proof/rules/javaRules.key:1751:15
	at de.uka.ilkd.key.nparser.builder.AbstractBuilder.accept(AbstractBuilder.java:54)
Caused by: de.uka.ilkd.key.java.JavaBuildingExceptions: JavaBuildingIssue{node=PrintStream.$allocate()range=Optional.empty, message='Unsupported element detected given by Java Parser: MethodCallExpr. Please extend the KeY-Java-Hierarchy'}
	at de.uka.ilkd.key.java.JP2KeYVisitor.reportError(JP2KeYConverter.java:119)

76167      ERROR Test worker     d.u.i.k.n.b.AbstractBuilder  de.uka.ilkd.key.java.JavaBuildingExceptions: JavaBuildingIssue{node=PrintStream.$allocate()range=Optional.empty, message='Unsupported element detected given by Java Parser: MethodCallExpr. Please extend the KeY-Java-Hierarchy'}
	at de.uka.ilkd.key.java.JP2KeYVisitor.reportError(JP2KeYConverter.java:119)

76167      ERROR Test worker     d.u.i.k.n.b.TacletPBuilder Error in parsing taclet. de.uka.ilkd.key.util.parsing.BuildingException: JavaBuildingIssue{node=PrintStream.$allocate()range=Optional.empty, message='Unsupported element detected given by Java Parser: MethodCallExpr. Please extend the KeY-Java-Hierarchy'} at file:/home/runner/work/key/key/key.core/build/resources/main/de/uka/ilkd/key/proof/rules/javaRules.key:1759:15
	at de.uka.ilkd.key.nparser.builder.AbstractBuilder.accept(AbstractBuilder.java:54)
Caused by: de.uka.ilkd.key.java.JavaBuildingExceptions: JavaBuildingIssue{node=PrintStream.$allocate()range=Optional.empty, message='Unsupported element detected given by Java Parser: MethodCallExpr. Please extend the KeY-Java-Hierarchy'}
	at de.uka.ilkd.key.java.JP2KeYVisitor.reportError(JP2KeYConverter.java:119)

76406      ERROR Test worker     d.u.i.k.n.b.AbstractBuilder  de.uka.ilkd.key.java.JavaBuildingExceptions: JavaBuildingIssue{node=PrintStream.$allocate()range=Optional.empty, message='Unsupported element detected given by Java Parser: MethodCallExpr. Please extend the KeY-Java-Hierarchy'}
	at de.uka.ilkd.key.java.JP2KeYVisitor.reportError(JP2KeYConverter.java:119)

76407      ERROR Test worker     d.u.i.k.n.b.TacletPBuilder Error in parsing taclet. de.uka.ilkd.key.util.parsing.BuildingException: JavaBuildingIssue{node=PrintStream.$allocate()range=Optional.empty, message='Unsupported element detected given by Java Parser: MethodCallExpr. Please extend the KeY-Java-Hierarchy'} at file:/home/runner/work/key/key/key.core/build/resources/main/de/uka/ilkd/key/proof/rules/javaRules.key:1765:15
	at de.uka.ilkd.key.nparser.builder.AbstractBuilder.accept(AbstractBuilder.java:54)
Caused by: de.uka.ilkd.key.java.JavaBuildingExceptions: JavaBuildingIssue{node=PrintStream.$allocate()range=Optional.empty, message='Unsupported element detected given by Java Parser: MethodCallExpr. Please extend the KeY-Java-Hierarchy'}
	at de.uka.ilkd.key.java.JP2KeYVisitor.reportError(JP2KeYConverter.java:119)

76776      ERROR Test worker     d.u.i.k.n.b.AbstractBuilder  de.uka.ilkd.key.java.JavaBuildingExceptions: JavaBuildingIssue{node=PrintStream.$allocate()range=Optional.empty, message='Unsupported element detected given by Java Parser: MethodCallExpr. Please extend the KeY-Java-Hierarchy'}
	at de.uka.ilkd.key.java.JP2KeYVisitor.reportError(JP2KeYConverter.java:119)

76776      ERROR Test worker     d.u.i.k.n.b.TacletPBuilder Error in parsing taclet. de.uka.ilkd.key.util.parsing.BuildingException: JavaBuildingIssue{node=PrintStream.$allocate()range=Optional.empty, message='Unsupported element detected given by Java Parser: MethodCallExpr. Please extend the KeY-Java-Hierarchy'} at file:/home/runner/work/key/key/key.core/build/resources/main/de/uka/ilkd/key/proof/rules/javaRules.key:1772:15
	at de.uka.ilkd.key.nparser.builder.AbstractBuilder.accept(AbstractBuilder.java:54)
Caused by: de.uka.ilkd.key.java.JavaBuildingExceptions: JavaBuildingIssue{node=PrintStream.$allocate()range=Optional.empty, message='Unsupported element detected given by Java Parser: MethodCallExpr. Please extend the KeY-Java-Hierarchy'}
	at de.uka.ilkd.key.java.JP2KeYVisitor.reportError(JP2KeYConverter.java:119)

77016      ERROR Test worker     d.u.i.k.n.b.AbstractBuilder  de.uka.ilkd.key.java.JavaBuildingExceptions: JavaBuildingIssue{node=PrintStream.$allocate()range=Optional.empty, message='Unsupported element detected given by Java Parser: MethodCallExpr. Please extend the KeY-Java-Hierarchy'}
	at de.uka.ilkd.key.java.JP2KeYVisitor.reportError(JP2KeYConverter.java:119)

77017      ERROR Test worker     d.u.i.k.n.b.TacletPBuilder Error in parsing taclet. de.uka.ilkd.key.util.parsing.BuildingException: JavaBuildingIssue{node=PrintStream.$allocate()range=Optional.empty, message='Unsupported element detected given by Java Parser: MethodCallExpr. Please extend the KeY-Java-Hierarchy'} at file:/home/runner/work/key/key/key.core/build/resources/main/de/uka/ilkd/key/proof/rules/javaRules.key:1780:15
	at de.uka.ilkd.key.nparser.builder.AbstractBuilder.accept(AbstractBuilder.java:54)
Caused by: de.uka.ilkd.key.java.JavaBuildingExceptions: JavaBuildingIssue{node=PrintStream.$allocate()range=Optional.empty, message='Unsupported element detected given by Java Parser: MethodCallExpr. Please extend the KeY-Java-Hierarchy'}
	at de.uka.ilkd.key.java.JP2KeYVisitor.reportError(JP2KeYConverter.java:119)

77255      ERROR Test worker     d.u.i.k.n.b.AbstractBuilder  de.uka.ilkd.key.java.JavaBuildingExceptions: JavaBuildingIssue{node=PrintStream.$allocate()range=Optional.empty, message='Unsupported element detected given by Java Parser: MethodCallExpr. Please extend the KeY-Java-Hierarchy'}
	at de.uka.ilkd.key.java.JP2KeYVisitor.reportError(JP2KeYConverter.java:119)

77256      ERROR Test worker     d.u.i.k.n.b.TacletPBuilder Error in parsing taclet. de.uka.ilkd.key.util.parsing.BuildingException: JavaBuildingIssue{node=PrintStream.$allocate()range=Optional.empty, message='Unsupported element detected given by Java Parser: MethodCallExpr. Please extend the KeY-Java-Hierarchy'} at file:/home/runner/work/key/key/key.core/build/resources/main/de/uka/ilkd/key/proof/rules/javaRules.key:1786:15
	at de.uka.ilkd.key.nparser.builder.AbstractBuilder.accept(AbstractBuilder.java:54)
Caused by: de.uka.ilkd.key.java.JavaBuildingExceptions: JavaBuildingIssue{node=PrintStream.$allocate()range=Optional.empty, message='Unsupported element detected given by Java Parser: MethodCallExpr. Please extend the KeY-Java-Hierarchy'}
	at de.uka.ilkd.key.java.JP2KeYVisitor.reportError(JP2KeYConverter.java:119)

77495      ERROR Test worker     d.u.i.k.n.b.AbstractBuilder  de.uka.ilkd.key.java.JavaBuildingExceptions: JavaBuildingIssue{node=PrintStream.$allocate()range=Optional.empty, message='Unsupported element detected given by Java Parser: MethodCallExpr. Please extend the KeY-Java-Hierarchy'}
	at de.uka.ilkd.key.java.JP2KeYVisitor.reportError(JP2KeYConverter.java:119)

77495      ERROR Test worker     d.u.i.k.n.b.TacletPBuilder Error in parsing taclet. de.uka.ilkd.key.util.parsing.BuildingException: JavaBuildingIssue{node=PrintStream.$allocate()range=Optional.empty, message='Unsupported element detected given by Java Parser: MethodCallExpr. Please extend the KeY-Java-Hierarchy'} at file:/home/runner/work/key/key/key.core/build/resources/main/de/uka/ilkd/key/proof/rules/javaRules.key:1793:15
	at de.uka.ilkd.key.nparser.builder.AbstractBuilder.accept(AbstractBuilder.java:54)
Caused by: de.uka.ilkd.key.java.JavaBuildingExceptions: JavaBuildingIssue{node=PrintStream.$allocate()range=Optional.empty, message='Unsupported element detected given by Java Parser: MethodCallExpr. Please extend the KeY-Java-Hierarchy'}
	at de.uka.ilkd.key.java.JP2KeYVisitor.reportError(JP2KeYConverter.java:119)

77735      ERROR Test worker     d.u.i.k.n.b.AbstractBuilder  de.uka.ilkd.key.java.JavaBuildingExceptions: JavaBuildingIssue{node=PrintStream.$allocate()range=Optional.empty, message='Unsupported element detected given by Java Parser: MethodCallExpr. Please extend the KeY-Java-Hierarchy'}
	at de.uka.ilkd.key.java.JP2KeYVisitor.reportError(JP2KeYConverter.java:119)

77735      ERROR Test worker     d.u.i.k.n.b.TacletPBuilder Error in parsing taclet. de.uka.ilkd.key.util.parsing.BuildingException: JavaBuildingIssue{node=PrintStream.$allocate()range=Optional.empty, message='Unsupported element detected given by Java Parser: MethodCallExpr. Please extend the KeY-Java-Hierarchy'} at file:/home/runner/work/key/key/key.core/build/resources/main/de/uka/ilkd/key/proof/rules/javaRules.key:1801:15
	at de.uka.ilkd.key.nparser.builder.AbstractBuilder.accept(AbstractBuilder.java:54)
Caused by: de.uka.ilkd.key.java.JavaBuildingExceptions: JavaBuildingIssue{node=PrintStream.$allocate()range=Optional.empty, message='Unsupported element detected given by Java Parser: MethodCallExpr. Please extend the KeY-Java-Hierarchy'}
	at de.uka.ilkd.key.java.JP2KeYVisitor.reportError(JP2KeYConverter.java:119)

77977      ERROR Test worker     d.u.i.k.n.b.AbstractBuilder  de.uka.ilkd.key.java.JavaBuildingExceptions: JavaBuildingIssue{node=PrintStream.$allocate()range=Optional.empty, message='Unsupported element detected given by Java Parser: MethodCallExpr. Please extend the KeY-Java-Hierarchy'}
	at de.uka.ilkd.key.java.JP2KeYVisitor.reportError(JP2KeYConverter.java:119)

77978      ERROR Test worker     d.u.i.k.n.b.TacletPBuilder Error in parsing taclet. de.uka.ilkd.key.util.parsing.BuildingException: JavaBuildingIssue{node=PrintStream.$allocate()range=Optional.empty, message='Unsupported element detected given by Java Parser: MethodCallExpr. Please extend the KeY-Java-Hierarchy'} at file:/home/runner/work/key/key/key.core/build/resources/main/de/uka/ilkd/key/proof/rules/javaRules.key:1807:15
	at de.uka.ilkd.key.nparser.builder.AbstractBuilder.accept(AbstractBuilder.java:54)
Caused by: de.uka.ilkd.key.java.JavaBuildingExceptions: JavaBuildingIssue{node=PrintStream.$allocate()range=Optional.empty, message='Unsupported element detected given by Java Parser: MethodCallExpr. Please extend the KeY-Java-Hierarchy'}
	at de.uka.ilkd.key.java.JP2KeYVisitor.reportError(JP2KeYConverter.java:119)

78218      ERROR Test worker     d.u.i.k.n.b.AbstractBuilder  de.uka.ilkd.key.java.JavaBuildingExceptions: JavaBuildingIssue{node=PrintStream.$allocate()range=Optional.empty, message='Unsupported element detected given by Java Parser: MethodCallExpr. Please extend the KeY-Java-Hierarchy'}
	at de.uka.ilkd.key.java.JP2KeYVisitor.reportError(JP2KeYConverter.java:119)

78218      ERROR Test worker     d.u.i.k.n.b.TacletPBuilder Error in parsing taclet. de.uka.ilkd.key.util.parsing.BuildingException: JavaBuildingIssue{node=PrintStream.$allocate()range=Optional.empty, message='Unsupported element detected given by Java Parser: MethodCallExpr. Please extend the KeY-Java-Hierarchy'} at file:/home/runner/work/key/key/key.core/build/resources/main/de/uka/ilkd/key/proof/rules/javaRules.key:1814:15
	at de.uka.ilkd.key.nparser.builder.AbstractBuilder.accept(AbstractBuilder.java:54)
Caused by: de.uka.ilkd.key.java.JavaBuildingExceptions: JavaBuildingIssue{node=PrintStream.$allocate()range=Optional.empty, message='Unsupported element detected given by Java Parser: MethodCallExpr. Please extend the KeY-Java-Hierarchy'}
	at de.uka.ilkd.key.java.JP2KeYVisitor.reportError(JP2KeYConverter.java:119)

78459      ERROR Test worker     d.u.i.k.n.b.AbstractBuilder  de.uka.ilkd.key.java.JavaBuildingExceptions: JavaBuildingIssue{node=PrintStream.$allocate()range=Optional.empty, message='Unsupported element detected given by Java Parser: MethodCallExpr. Please extend the KeY-Java-Hierarchy'}
	at de.uka.ilkd.key.java.JP2KeYVisitor.reportError(JP2KeYConverter.java:119)

78459      ERROR Test worker     d.u.i.k.n.b.TacletPBuilder Error in parsing taclet. de.uka.ilkd.key.util.parsing.BuildingException: JavaBuildingIssue{node=PrintStream.$allocate()range=Optional.empty, message='Unsupported element detected given by Java Parser: MethodCallExpr. Please extend the KeY-Java-Hierarchy'} at file:/home/runner/work/key/key/key.core/build/resources/main/de/uka/ilkd/key/proof/rules/javaRules.key:1822:15
	at de.uka.ilkd.key.nparser.builder.AbstractBuilder.accept(AbstractBuilder.java:54)
Caused by: de.uka.ilkd.key.java.JavaBuildingExceptions: JavaBuildingIssue{node=PrintStream.$allocate()range=Optional.empty, message='Unsupported element detected given by Java Parser: MethodCallExpr. Please extend the KeY-Java-Hierarchy'}
	at de.uka.ilkd.key.java.JP2KeYVisitor.reportError(JP2KeYConverter.java:119)

78813      ERROR Test worker     d.u.i.k.n.b.AbstractBuilder  de.uka.ilkd.key.java.JavaBuildingExceptions: JavaBuildingIssue{node=PrintStream.$allocate()range=Optional.empty, message='Unsupported element detected given by Java Parser: MethodCallExpr. Please extend the KeY-Java-Hierarchy'}
	at de.uka.ilkd.key.java.JP2KeYVisitor.reportError(JP2KeYConverter.java:119)

78814      ERROR Test worker     d.u.i.k.n.b.TacletPBuilder Error in parsing taclet. de.uka.ilkd.key.util.parsing.BuildingException: JavaBuildingIssue{node=PrintStream.$allocate()range=Optional.empty, message='Unsupported element detected given by Java Parser: MethodCallExpr. Please extend the KeY-Java-Hierarchy'} at file:/home/runner/work/key/key/key.core/build/resources/main/de/uka/ilkd/key/proof/rules/javaRules.key:1828:15
	at de.uka.ilkd.key.nparser.builder.AbstractBuilder.accept(AbstractBuilder.java:54)
Caused by: de.uka.ilkd.key.java.JavaBuildingExceptions: JavaBuildingIssue{node=PrintStream.$allocate()range=Optional.empty, message='Unsupported element detected given by Java Parser: MethodCallExpr. Please extend the KeY-Java-Hierarchy'}
	at de.uka.ilkd.key.java.JP2KeYVisitor.reportError(JP2KeYConverter.java:119)

79072      ERROR Test worker     d.u.i.k.n.b.AbstractBuilder  de.uka.ilkd.key.java.JavaBuildingExceptions: JavaBuildingIssue{node=PrintStream.$allocate()range=Optional.empty, message='Unsupported element detected given by Java Parser: MethodCallExpr. Please extend the KeY-Java-Hierarchy'}
	at de.uka.ilkd.key.java.JP2KeYVisitor.reportError(JP2KeYConverter.java:119)

79073      ERROR Test worker     d.u.i.k.n.b.TacletPBuilder Error in parsing taclet. de.uka.ilkd.key.util.parsing.BuildingException: JavaBuildingIssue{node=PrintStream.$allocate()range=Optional.empty, message='Unsupported element detected given by Java Parser: MethodCallExpr. Please extend the KeY-Java-Hierarchy'} at file:/home/runner/work/key/key/key.core/build/resources/main/de/uka/ilkd/key/proof/rules/javaRules.key:1835:15
	at de.uka.ilkd.key.nparser.builder.AbstractBuilder.accept(AbstractBuilder.java:54)
Caused by: de.uka.ilkd.key.java.JavaBuildingExceptions: JavaBuildingIssue{node=PrintStream.$allocate()range=Optional.empty, message='Unsupported element detected given by Java Parser: MethodCallExpr. Please extend the KeY-Java-Hierarchy'}
	at de.uka.ilkd.key.java.JP2KeYVisitor.reportError(JP2KeYConverter.java:119)

79311      ERROR Test worker     d.u.i.k.n.b.AbstractBuilder  de.uka.ilkd.key.java.JavaBuildingExceptions: JavaBuildingIssue{node=PrintStream.$allocate()range=Optional.empty, message='Unsupported element detected given by Java Parser: MethodCallExpr. Please extend the KeY-Java-Hierarchy'}
	at de.uka.ilkd.key.java.JP2KeYVisitor.reportError(JP2KeYConverter.java:119)

79311      ERROR Test worker     d.u.i.k.n.b.TacletPBuilder Error in parsing taclet. de.uka.ilkd.key.util.parsing.BuildingException: JavaBuildingIssue{node=PrintStream.$allocate()range=Optional.empty, message='Unsupported element detected given by Java Parser: MethodCallExpr. Please extend the KeY-Java-Hierarchy'} at file:/home/runner/work/key/key/key.core/build/resources/main/de/uka/ilkd/key/proof/rules/javaRules.key:1843:15
	at de.uka.ilkd.key.nparser.builder.AbstractBuilder.accept(AbstractBuilder.java:54)
Caused by: de.uka.ilkd.key.java.JavaBuildingExceptions: JavaBuildingIssue{node=PrintStream.$allocate()range=Optional.empty, message='Unsupported element detected given by Java Parser: MethodCallExpr. Please extend the KeY-Java-Hierarchy'}
	at de.uka.ilkd.key.java.JP2KeYVisitor.reportError(JP2KeYConverter.java:119)

79550      ERROR Test worker     d.u.i.k.n.b.AbstractBuilder  de.uka.ilkd.key.java.JavaBuildingExceptions: JavaBuildingIssue{node=PrintStream.$allocate()range=Optional.empty, message='Unsupported element detected given by Java Parser: MethodCallExpr. Please extend the KeY-Java-Hierarchy'}
	at de.uka.ilkd.key.java.JP2KeYVisitor.reportError(JP2KeYConverter.java:119)

79551      ERROR Test worker     d.u.i.k.n.b.TacletPBuilder Error in parsing taclet. de.uka.ilkd.key.util.parsing.BuildingException: JavaBuildingIssue{node=PrintStream.$allocate()range=Optional.empty, message='Unsupported element detected given by Java Parser: MethodCallExpr. Please extend the KeY-Java-Hierarchy'} at file:/home/runner/work/key/key/key.core/build/resources/main/de/uka/ilkd/key/proof/rules/javaRules.key:1849:15
	at de.uka.ilkd.key.nparser.builder.AbstractBuilder.accept(AbstractBuilder.java:54)
Caused by: de.uka.ilkd.key.java.JavaBuildingExceptions: JavaBuildingIssue{node=PrintStream.$allocate()range=Optional.empty, message='Unsupported element detected given by Java Parser: MethodCallExpr. Please extend the KeY-Java-Hierarchy'}
	at de.uka.ilkd.key.java.JP2KeYVisitor.reportError(JP2KeYConverter.java:119)

79812      ERROR Test worker     d.u.i.k.n.b.AbstractBuilder  de.uka.ilkd.key.java.JavaBuildingExceptions: JavaBuildingIssue{node=PrintStream.$allocate()range=Optional.empty, message='Unsupported element detected given by Java Parser: MethodCallExpr. Please extend the KeY-Java-Hierarchy'}
	at de.uka.ilkd.key.java.JP2KeYVisitor.reportError(JP2KeYConverter.java:119)

79812      ERROR Test worker     d.u.i.k.n.b.TacletPBuilder Error in parsing taclet. de.uka.ilkd.key.util.parsing.BuildingException: JavaBuildingIssue{node=PrintStream.$allocate()range=Optional.empty, message='Unsupported element detected given by Java Parser: MethodCallExpr. Please extend the KeY-Java-Hierarchy'} at file:/home/runner/work/key/key/key.core/build/resources/main/de/uka/ilkd/key/proof/rules/javaRules.key:1856:15
	at de.uka.ilkd.key.nparser.builder.AbstractBuilder.accept(AbstractBuilder.java:54)
Caused by: de.uka.ilkd.key.java.JavaBuildingExceptions: JavaBuildingIssue{node=PrintStream.$allocate()range=Optional.empty, message='Unsupported element detected given by Java Parser: MethodCallExpr. Please extend the KeY-Java-Hierarchy'}
	at de.uka.ilkd.key.java.JP2KeYVisitor.reportError(JP2KeYConverter.java:119)

80049      ERROR Test worker     d.u.i.k.n.b.AbstractBuilder  de.uka.ilkd.key.java.JavaBuildingExceptions: JavaBuildingIssue{node=PrintStream.$allocate()range=Optional.empty, message='Unsupported element detected given by Java Parser: MethodCallExpr. Please extend the KeY-Java-Hierarchy'}
	at de.uka.ilkd.key.java.JP2KeYVisitor.reportError(JP2KeYConverter.java:119)

80050      ERROR Test worker     d.u.i.k.n.b.TacletPBuilder Error in parsing taclet. de.uka.ilkd.key.util.parsing.BuildingException: JavaBuildingIssue{node=PrintStream.$allocate()range=Optional.empty, message='Unsupported element detected given by Java Parser: MethodCallExpr. Please extend the KeY-Java-Hierarchy'} at file:/home/runner/work/key/key/key.core/build/resources/main/de/uka/ilkd/key/proof/rules/javaRules.key:1864:15
	at de.uka.ilkd.key.nparser.builder.AbstractBuilder.accept(AbstractBuilder.java:54)
Caused by: de.uka.ilkd.key.java.JavaBuildingExceptions: JavaBuildingIssue{node=PrintStream.$allocate()range=Optional.empty, message='Unsupported element detected given by Java Parser: MethodCallExpr. Please extend the KeY-Java-Hierarchy'}
	at de.uka.ilkd.key.java.JP2KeYVisitor.reportError(JP2KeYConverter.java:119)

80288      ERROR Test worker     d.u.i.k.n.b.AbstractBuilder  de.uka.ilkd.key.java.JavaBuildingExceptions: JavaBuildingIssue{node=PrintStream.$allocate()range=Optional.empty, message='Unsupported element detected given by Java Parser: MethodCallExpr. Please extend the KeY-Java-Hierarchy'}
	at de.uka.ilkd.key.java.JP2KeYVisitor.reportError(JP2KeYConverter.java:119)

80288      ERROR Test worker     d.u.i.k.n.b.TacletPBuilder Error in parsing taclet. de.uka.ilkd.key.util.parsing.BuildingException: JavaBuildingIssue{node=PrintStream.$allocate()range=Optional.empty, message='Unsupported element detected given by Java Parser: MethodCallExpr. Please extend the KeY-Java-Hierarchy'} at file:/home/runner/work/key/key/key.core/build/resources/main/de/uka/ilkd/key/proof/rules/javaRules.key:1870:15
	at de.uka.ilkd.key.nparser.builder.AbstractBuilder.accept(AbstractBuilder.java:54)
Caused by: de.uka.ilkd.key.java.JavaBuildingExceptions: JavaBuildingIssue{node=PrintStream.$allocate()range=Optional.empty, message='Unsupported element detected given by Java Parser: MethodCallExpr. Please extend the KeY-Java-Hierarchy'}
	at de.uka.ilkd.key.java.JP2KeYVisitor.reportError(JP2KeYConverter.java:119)

80533      ERROR Test worker     d.u.i.k.n.b.AbstractBuilder  de.uka.ilkd.key.java.JavaBuildingExceptions: JavaBuildingIssue{node=PrintStream.$allocate()range=Optional.empty, message='Unsupported element detected given by Java Parser: MethodCallExpr. Please extend the KeY-Java-Hierarchy'}
	at de.uka.ilkd.key.java.JP2KeYVisitor.reportError(JP2KeYConverter.java:119)

80533      ERROR Test worker     d.u.i.k.n.b.TacletPBuilder Error in parsing taclet. de.uka.ilkd.key.util.parsing.BuildingException: JavaBuildingIssue{node=PrintStream.$allocate()range=Optional.empty, message='Unsupported element detected given by Java Parser: MethodCallExpr. Please extend the KeY-Java-Hierarchy'} at file:/home/runner/work/key/key/key.core/build/resources/main/de/uka/ilkd/key/proof/rules/javaRules.key:1877:15
	at de.uka.ilkd.key.nparser.builder.AbstractBuilder.accept(AbstractBuilder.java:54)
Caused by: de.uka.ilkd.key.java.JavaBuildingExceptions: JavaBuildingIssue{node=PrintStream.$allocate()range=Optional.empty, message='Unsupported element detected given by Java Parser: MethodCallExpr. Please extend the KeY-Java-Hierarchy'}
	at de.uka.ilkd.key.java.JP2KeYVisitor.reportError(JP2KeYConverter.java:119)

80886      ERROR Test worker     d.u.i.k.n.b.AbstractBuilder  de.uka.ilkd.key.java.JavaBuildingExceptions: JavaBuildingIssue{node=PrintStream.$allocate()range=Optional.empty, message='Unsupported element detected given by Java Parser: MethodCallExpr. Please extend the KeY-Java-Hierarchy'}
	at de.uka.ilkd.key.java.JP2KeYVisitor.reportError(JP2KeYConverter.java:119)

80886      ERROR Test worker     d.u.i.k.n.b.TacletPBuilder Error in parsing taclet. de.uka.ilkd.key.util.parsing.BuildingException: JavaBuildingIssue{node=PrintStream.$allocate()range=Optional.empty, message='Unsupported element detected given by Java Parser: MethodCallExpr. Please extend the KeY-Java-Hierarchy'} at file:/home/runner/work/key/key/key.core/build/resources/main/de/uka/ilkd/key/proof/rules/javaRules.key:1885:15
	at de.uka.ilkd.key.nparser.builder.AbstractBuilder.accept(AbstractBuilder.java:54)
Caused by: de.uka.ilkd.key.java.JavaBuildingExceptions: JavaBuildingIssue{node=PrintStream.$allocate()range=Optional.empty, message='Unsupported element detected given by Java Parser: MethodCallExpr. Please extend the KeY-Java-Hierarchy'}
	at de.uka.ilkd.key.java.JP2KeYVisitor.reportError(JP2KeYConverter.java:119)

81123      ERROR Test worker     d.u.i.k.n.b.AbstractBuilder  de.uka.ilkd.key.java.JavaBuildingExceptions: JavaBuildingIssue{node=PrintStream.$allocate()range=Optional.empty, message='Unsupported element detected given by Java Parser: MethodCallExpr. Please extend the KeY-Java-Hierarchy'}
	at de.uka.ilkd.key.java.JP2KeYVisitor.reportError(JP2KeYConverter.java:119)

81124      ERROR Test worker     d.u.i.k.n.b.TacletPBuilder Error in parsing taclet. de.uka.ilkd.key.util.parsing.BuildingException: JavaBuildingIssue{node=PrintStream.$allocate()range=Optional.empty, message='Unsupported element detected given by Java Parser: MethodCallExpr. Please extend the KeY-Java-Hierarchy'} at file:/home/runner/work/key/key/key.core/build/resources/main/de/uka/ilkd/key/proof/rules/javaRules.key:1891:15
	at de.uka.ilkd.key.nparser.builder.AbstractBuilder.accept(AbstractBuilder.java:54)
Caused by: de.uka.ilkd.key.java.JavaBuildingExceptions: JavaBuildingIssue{node=PrintStream.$allocate()range=Optional.empty, message='Unsupported element detected given by Java Parser: MethodCallExpr. Please extend the KeY-Java-Hierarchy'}
	at de.uka.ilkd.key.java.JP2KeYVisitor.reportError(JP2KeYConverter.java:119)

81368      ERROR Test worker     d.u.i.k.n.b.AbstractBuilder  de.uka.ilkd.key.java.JavaBuildingExceptions: JavaBuildingIssue{node=PrintStream.$allocate()range=Optional.empty, message='Unsupported element detected given by Java Parser: MethodCallExpr. Please extend the KeY-Java-Hierarchy'}
	at de.uka.ilkd.key.java.JP2KeYVisitor.reportError(JP2KeYConverter.java:119)

81368      ERROR Test worker     d.u.i.k.n.b.TacletPBuilder Error in parsing taclet. de.uka.ilkd.key.util.parsing.BuildingException: JavaBuildingIssue{node=PrintStream.$allocate()range=Optional.empty, message='Unsupported element detected given by Java Parser: MethodCallExpr. Please extend the KeY-Java-Hierarchy'} at file:/home/runner/work/key/key/key.core/build/resources/main/de/uka/ilkd/key/proof/rules/javaRules.key:1898:15
	at de.uka.ilkd.key.nparser.builder.AbstractBuilder.accept(AbstractBuilder.java:54)
Caused by: de.uka.ilkd.key.java.JavaBuildingExceptions: JavaBuildingIssue{node=PrintStream.$allocate()range=Optional.empty, message='Unsupported element detected given by Java Parser: MethodCallExpr. Please extend the KeY-Java-Hierarchy'}
	at de.uka.ilkd.key.java.JP2KeYVisitor.reportError(JP2KeYConverter.java:119)

81611      ERROR Test worker     d.u.i.k.n.b.AbstractBuilder  de.uka.ilkd.key.java.JavaBuildingExceptions: JavaBuildingIssue{node=PrintStream.$allocate()range=Optional.empty, message='Unsupported element detected given by Java Parser: MethodCallExpr. Please extend the KeY-Java-Hierarchy'}
	at de.uka.ilkd.key.java.JP2KeYVisitor.reportError(JP2KeYConverter.java:119)

81611      ERROR Test worker     d.u.i.k.n.b.TacletPBuilder Error in parsing taclet. de.uka.ilkd.key.util.parsing.BuildingException: JavaBuildingIssue{node=PrintStream.$allocate()range=Optional.empty, message='Unsupported element detected given by Java Parser: MethodCallExpr. Please extend the KeY-Java-Hierarchy'} at file:/home/runner/work/key/key/key.core/build/resources/main/de/uka/ilkd/key/proof/rules/javaRules.key:1906:15
	at de.uka.ilkd.key.nparser.builder.AbstractBuilder.accept(AbstractBuilder.java:54)
Caused by: de.uka.ilkd.key.java.JavaBuildingExceptions: JavaBuildingIssue{node=PrintStream.$allocate()range=Optional.empty, message='Unsupported element detected given by Java Parser: MethodCallExpr. Please extend the KeY-Java-Hierarchy'}
	at de.uka.ilkd.key.java.JP2KeYVisitor.reportError(JP2KeYConverter.java:119)

81851      ERROR Test worker     d.u.i.k.n.b.AbstractBuilder  de.uka.ilkd.key.java.JavaBuildingExceptions: JavaBuildingIssue{node=PrintStream.$allocate()range=Optional.empty, message='Unsupported element detected given by Java Parser: MethodCallExpr. Please extend the KeY-Java-Hierarchy'}
	at de.uka.ilkd.key.java.JP2KeYVisitor.reportError(JP2KeYConverter.java:119)

81851      ERROR Test worker     d.u.i.k.n.b.TacletPBuilder Error in parsing taclet. de.uka.ilkd.key.util.parsing.BuildingException: JavaBuildingIssue{node=PrintStream.$allocate()range=Optional.empty, message='Unsupported element detected given by Java Parser: MethodCallExpr. Please extend the KeY-Java-Hierarchy'} at file:/home/runner/work/key/key/key.core/build/resources/main/de/uka/ilkd/key/proof/rules/javaRules.key:1912:15
	at de.uka.ilkd.key.nparser.builder.AbstractBuilder.accept(AbstractBuilder.java:54)
Caused by: de.uka.ilkd.key.java.JavaBuildingExceptions: JavaBuildingIssue{node=PrintStream.$allocate()range=Optional.empty, message='Unsupported element detected given by Java Parser: MethodCallExpr. Please extend the KeY-Java-Hierarchy'}
	at de.uka.ilkd.key.java.JP2KeYVisitor.reportError(JP2KeYConverter.java:119)

82097      ERROR Test worker     d.u.i.k.n.b.AbstractBuilder  de.uka.ilkd.key.java.JavaBuildingExceptions: JavaBuildingIssue{node=PrintStream.$allocate()range=Optional.empty, message='Unsupported element detected given by Java Parser: MethodCallExpr. Please extend the KeY-Java-Hierarchy'}
	at de.uka.ilkd.key.java.JP2KeYVisitor.reportError(JP2KeYConverter.java:119)

82097      ERROR Test worker     d.u.i.k.n.b.TacletPBuilder Error in parsing taclet. de.uka.ilkd.key.util.parsing.BuildingException: JavaBuildingIssue{node=PrintStream.$allocate()range=Optional.empty, message='Unsupported element detected given by Java Parser: MethodCallExpr. Please extend the KeY-Java-Hierarchy'} at file:/home/runner/work/key/key/key.core/build/resources/main/de/uka/ilkd/key/proof/rules/javaRules.key:1919:15
	at de.uka.ilkd.key.nparser.builder.AbstractBuilder.accept(AbstractBuilder.java:54)
Caused by: de.uka.ilkd.key.java.JavaBuildingExceptions: JavaBuildingIssue{node=PrintStream.$allocate()range=Optional.empty, message='Unsupported element detected given by Java Parser: MethodCallExpr. Please extend the KeY-Java-Hierarchy'}
	at de.uka.ilkd.key.java.JP2KeYVisitor.reportError(JP2KeYConverter.java:119)

82342      ERROR Test worker     d.u.i.k.n.b.AbstractBuilder  de.uka.ilkd.key.java.JavaBuildingExceptions: JavaBuildingIssue{node=PrintStream.$allocate()range=Optional.empty, message='Unsupported element detected given by Java Parser: MethodCallExpr. Please extend the KeY-Java-Hierarchy'}
	at de.uka.ilkd.key.java.JP2KeYVisitor.reportError(JP2KeYConverter.java:119)

82342      ERROR Test worker     d.u.i.k.n.b.TacletPBuilder Error in parsing taclet. de.uka.ilkd.key.util.parsing.BuildingException: JavaBuildingIssue{node=PrintStream.$allocate()range=Optional.empty, message='Unsupported element detected given by Java Parser: MethodCallExpr. Please extend the KeY-Java-Hierarchy'} at file:/home/runner/work/key/key/key.core/build/resources/main/de/uka/ilkd/key/proof/rules/javaRules.key:1927:15
	at de.uka.ilkd.key.nparser.builder.AbstractBuilder.accept(AbstractBuilder.java:54)
Caused by: de.uka.ilkd.key.java.JavaBuildingExceptions: JavaBuildingIssue{node=PrintStream.$allocate()range=Optional.empty, message='Unsupported element detected given by Java Parser: MethodCallExpr. Please extend the KeY-Java-Hierarchy'}
	at de.uka.ilkd.key.java.JP2KeYVisitor.reportError(JP2KeYConverter.java:119)

82580      ERROR Test worker     d.u.i.k.n.b.AbstractBuilder  de.uka.ilkd.key.java.JavaBuildingExceptions: JavaBuildingIssue{node=PrintStream.$allocate()range=Optional.empty, message='Unsupported element detected given by Java Parser: MethodCallExpr. Please extend the KeY-Java-Hierarchy'}
	at de.uka.ilkd.key.java.JP2KeYVisitor.reportError(JP2KeYConverter.java:119)

82581      ERROR Test worker     d.u.i.k.n.b.TacletPBuilder Error in parsing taclet. de.uka.ilkd.key.util.parsing.BuildingException: JavaBuildingIssue{node=PrintStream.$allocate()range=Optional.empty, message='Unsupported element detected given by Java Parser: MethodCallExpr. Please extend the KeY-Java-Hierarchy'} at file:/home/runner/work/key/key/key.core/build/resources/main/de/uka/ilkd/key/proof/rules/javaRules.key:1937:15
	at de.uka.ilkd.key.nparser.builder.AbstractBuilder.accept(AbstractBuilder.java:54)
Caused by: de.uka.ilkd.key.java.JavaBuildingExceptions: JavaBuildingIssue{node=PrintStream.$allocate()range=Optional.empty, message='Unsupported element detected given by Java Parser: MethodCallExpr. Please extend the KeY-Java-Hierarchy'}
	at de.uka.ilkd.key.java.JP2KeYVisitor.reportError(JP2KeYConverter.java:119)

82936      ERROR Test worker     d.u.i.k.n.b.AbstractBuilder  de.uka.ilkd.key.java.JavaBuildingExceptions: JavaBuildingIssue{node=PrintStream.$allocate()range=Optional.empty, message='Unsupported element detected given by Java Parser: MethodCallExpr. Please extend the KeY-Java-Hierarchy'}
	at de.uka.ilkd.key.java.JP2KeYVisitor.reportError(JP2KeYConverter.java:119)

82936      ERROR Test worker     d.u.i.k.n.b.TacletPBuilder Error in parsing taclet. de.uka.ilkd.key.util.parsing.BuildingException: JavaBuildingIssue{node=PrintStream.$allocate()range=Optional.empty, message='Unsupported element detected given by Java Parser: MethodCallExpr. Please extend the KeY-Java-Hierarchy'} at file:/home/runner/work/key/key/key.core/build/resources/main/de/uka/ilkd/key/proof/rules/javaRules.key:1949:15
	at de.uka.ilkd.key.nparser.builder.AbstractBuilder.accept(AbstractBuilder.java:54)
Caused by: de.uka.ilkd.key.java.JavaBuildingExceptions: JavaBuildingIssue{node=PrintStream.$allocate()range=Optional.empty, message='Unsupported element detected given by Java Parser: MethodCallExpr. Please extend the KeY-Java-Hierarchy'}
	at de.uka.ilkd.key.java.JP2KeYVisitor.reportError(JP2KeYConverter.java:119)

83182      ERROR Test worker     d.u.i.k.n.b.AbstractBuilder  de.uka.ilkd.key.java.JavaBuildingExceptions: JavaBuildingIssue{node=PrintStream.$allocate()range=Optional.empty, message='Unsupported element detected given by Java Parser: MethodCallExpr. Please extend the KeY-Java-Hierarchy'}
	at de.uka.ilkd.key.java.JP2KeYVisitor.reportError(JP2KeYConverter.java:119)

83182      ERROR Test worker     d.u.i.k.n.b.TacletPBuilder Error in parsing taclet. de.uka.ilkd.key.util.parsing.BuildingException: JavaBuildingIssue{node=PrintStream.$allocate()range=Optional.empty, message='Unsupported element detected given by Java Parser: MethodCallExpr. Please extend the KeY-Java-Hierarchy'} at file:/home/runner/work/key/key/key.core/build/resources/main/de/uka/ilkd/key/proof/rules/javaRules.key:1959:15
	at de.uka.ilkd.key.nparser.builder.AbstractBuilder.accept(AbstractBuilder.java:54)
Caused by: de.uka.ilkd.key.java.JavaBuildingExceptions: JavaBuildingIssue{node=PrintStream.$allocate()range=Optional.empty, message='Unsupported element detected given by Java Parser: MethodCallExpr. Please extend the KeY-Java-Hierarchy'}
	at de.uka.ilkd.key.java.JP2KeYVisitor.reportError(JP2KeYConverter.java:119)

83419      ERROR Test worker     d.u.i.k.n.b.AbstractBuilder  de.uka.ilkd.key.java.JavaBuildingExceptions: JavaBuildingIssue{node=PrintStream.$allocate()range=Optional.empty, message='Unsupported element detected given by Java Parser: MethodCallExpr. Please extend the KeY-Java-Hierarchy'}
	at de.uka.ilkd.key.java.JP2KeYVisitor.reportError(JP2KeYConverter.java:119)

83419      ERROR Test worker     d.u.i.k.n.b.TacletPBuilder Error in parsing taclet. de.uka.ilkd.key.util.parsing.BuildingException: JavaBuildingIssue{node=PrintStream.$allocate()range=Optional.empty, message='Unsupported element detected given by Java Parser: MethodCallExpr. Please extend the KeY-Java-Hierarchy'} at file:/home/runner/work/key/key/key.core/build/resources/main/de/uka/ilkd/key/proof/rules/javaRules.key:1966:15
	at de.uka.ilkd.key.nparser.builder.AbstractBuilder.accept(AbstractBuilder.java:54)
Caused by: de.uka.ilkd.key.java.JavaBuildingExceptions: JavaBuildingIssue{node=PrintStream.$allocate()range=Optional.empty, message='Unsupported element detected given by Java Parser: MethodCallExpr. Please extend the KeY-Java-Hierarchy'}
	at de.uka.ilkd.key.java.JP2KeYVisitor.reportError(JP2KeYConverter.java:119)

83658      ERROR Test worker     d.u.i.k.n.b.AbstractBuilder  de.uka.ilkd.key.java.JavaBuildingExceptions: JavaBuildingIssue{node=PrintStream.$allocate()range=Optional.empty, message='Unsupported element detected given by Java Parser: MethodCallExpr. Please extend the KeY-Java-Hierarchy'}
	at de.uka.ilkd.key.java.JP2KeYVisitor.reportError(JP2KeYConverter.java:119)

83658      ERROR Test worker     d.u.i.k.n.b.TacletPBuilder Error in parsing taclet. de.uka.ilkd.key.util.parsing.BuildingException: JavaBuildingIssue{node=PrintStream.$allocate()range=Optional.empty, message='Unsupported element detected given by Java Parser: MethodCallExpr. Please extend the KeY-Java-Hierarchy'} at file:/home/runner/work/key/key/key.core/build/resources/main/de/uka/ilkd/key/proof/rules/javaRules.key:1978:15
	at de.uka.ilkd.key.nparser.builder.AbstractBuilder.accept(AbstractBuilder.java:54)
Caused by: de.uka.ilkd.key.java.JavaBuildingExceptions: JavaBuildingIssue{node=PrintStream.$allocate()range=Optional.empty, message='Unsupported element detected given by Java Parser: MethodCallExpr. Please extend the KeY-Java-Hierarchy'}
	at de.uka.ilkd.key.java.JP2KeYVisitor.reportError(JP2KeYConverter.java:119)

83898      ERROR Test worker     d.u.i.k.n.b.AbstractBuilder  de.uka.ilkd.key.java.JavaBuildingExceptions: JavaBuildingIssue{node=PrintStream.$allocate()range=Optional.empty, message='Unsupported element detected given by Java Parser: MethodCallExpr. Please extend the KeY-Java-Hierarchy'}
	at de.uka.ilkd.key.java.JP2KeYVisitor.reportError(JP2KeYConverter.java:119)

83898      ERROR Test worker     d.u.i.k.n.b.TacletPBuilder Error in parsing taclet. de.uka.ilkd.key.util.parsing.BuildingException: JavaBuildingIssue{node=PrintStream.$allocate()range=Optional.empty, message='Unsupported element detected given by Java Parser: MethodCallExpr. Please extend the KeY-Java-Hierarchy'} at file:/home/runner/work/key/key/key.core/build/resources/main/de/uka/ilkd/key/proof/rules/javaRules.key:1988:15
	at de.uka.ilkd.key.nparser.builder.AbstractBuilder.accept(AbstractBuilder.java:54)
Caused by: de.uka.ilkd.key.java.JavaBuildingExceptions: JavaBuildingIssue{node=PrintStream.$allocate()range=Optional.empty, message='Unsupported element detected given by Java Parser: MethodCallExpr. Please extend the KeY-Java-Hierarchy'}
	at de.uka.ilkd.key.java.JP2KeYVisitor.reportError(JP2KeYConverter.java:119)

84137      ERROR Test worker     d.u.i.k.n.b.AbstractBuilder  de.uka.ilkd.key.java.JavaBuildingExceptions: JavaBuildingIssue{node=PrintStream.$allocate()range=Optional.empty, message='Unsupported element detected given by Java Parser: MethodCallExpr. Please extend the KeY-Java-Hierarchy'}
	at de.uka.ilkd.key.java.JP2KeYVisitor.reportError(JP2KeYConverter.java:119)

84138      ERROR Test worker     d.u.i.k.n.b.TacletPBuilder Error in parsing taclet. de.uka.ilkd.key.util.parsing.BuildingException: JavaBuildingIssue{node=PrintStream.$allocate()range=Optional.empty, message='Unsupported element detected given by Java Parser: MethodCallExpr. Please extend the KeY-Java-Hierarchy'} at file:/home/runner/work/key/key/key.core/build/resources/main/de/uka/ilkd/key/proof/rules/javaRules.key:1995:15
	at de.uka.ilkd.key.nparser.builder.AbstractBuilder.accept(AbstractBuilder.java:54)
Caused by: de.uka.ilkd.key.java.JavaBuildingExceptions: JavaBuildingIssue{node=PrintStream.$allocate()range=Optional.empty, message='Unsupported element detected given by Java Parser: MethodCallExpr. Please extend the KeY-Java-Hierarchy'}
	at de.uka.ilkd.key.java.JP2KeYVisitor.reportError(JP2KeYConverter.java:119)

84374      ERROR Test worker     d.u.i.k.n.b.AbstractBuilder  de.uka.ilkd.key.java.JavaBuildingExceptions: JavaBuildingIssue{node=PrintStream.$allocate()range=Optional.empty, message='Unsupported element detected given by Java Parser: MethodCallExpr. Please extend the KeY-Java-Hierarchy'}
	at de.uka.ilkd.key.java.JP2KeYVisitor.reportError(JP2KeYConverter.java:119)

84375      ERROR Test worker     d.u.i.k.n.b.TacletPBuilder Error in parsing taclet. de.uka.ilkd.key.util.parsing.BuildingException: JavaBuildingIssue{node=PrintStream.$allocate()range=Optional.empty, message='Unsupported element detected given by Java Parser: MethodCallExpr. Please extend the KeY-Java-Hierarchy'} at file:/home/runner/work/key/key/key.core/build/resources/main/de/uka/ilkd/key/proof/rules/javaRules.key:2007:15
	at de.uka.ilkd.key.nparser.builder.AbstractBuilder.accept(AbstractBuilder.java:54)
Caused by: de.uka.ilkd.key.java.JavaBuildingExceptions: JavaBuildingIssue{node=PrintStream.$allocate()range=Optional.empty, message='Unsupported element detected given by Java Parser: MethodCallExpr. Please extend the KeY-Java-Hierarchy'}
	at de.uka.ilkd.key.java.JP2KeYVisitor.reportError(JP2KeYConverter.java:119)

84736      ERROR Test worker     d.u.i.k.n.b.AbstractBuilder  de.uka.ilkd.key.java.JavaBuildingExceptions: JavaBuildingIssue{node=PrintStream.$allocate()range=Optional.empty, message='Unsupported element detected given by Java Parser: MethodCallExpr. Please extend the KeY-Java-Hierarchy'}
	at de.uka.ilkd.key.java.JP2KeYVisitor.reportError(JP2KeYConverter.java:119)

84736      ERROR Test worker     d.u.i.k.n.b.TacletPBuilder Error in parsing taclet. de.uka.ilkd.key.util.parsing.BuildingException: JavaBuildingIssue{node=PrintStream.$allocate()range=Optional.empty, message='Unsupported element detected given by Java Parser: MethodCallExpr. Please extend the KeY-Java-Hierarchy'} at file:/home/runner/work/key/key/key.core/build/resources/main/de/uka/ilkd/key/proof/rules/javaRules.key:2017:15
	at de.uka.ilkd.key.nparser.builder.AbstractBuilder.accept(AbstractBuilder.java:54)
Caused by: de.uka.ilkd.key.java.JavaBuildingExceptions: JavaBuildingIssue{node=PrintStream.$allocate()range=Optional.empty, message='Unsupported element detected given by Java Parser: MethodCallExpr. Please extend the KeY-Java-Hierarchy'}
	at de.uka.ilkd.key.java.JP2KeYVisitor.reportError(JP2KeYConverter.java:119)

84976      ERROR Test worker     d.u.i.k.n.b.AbstractBuilder  de.uka.ilkd.key.java.JavaBuildingExceptions: JavaBuildingIssue{node=PrintStream.$allocate()range=Optional.empty, message='Unsupported element detected given by Java Parser: MethodCallExpr. Please extend the KeY-Java-Hierarchy'}
	at de.uka.ilkd.key.java.JP2KeYVisitor.reportError(JP2KeYConverter.java:119)

84977      ERROR Test worker     d.u.i.k.n.b.TacletPBuilder Error in parsing taclet. de.uka.ilkd.key.util.parsing.BuildingException: JavaBuildingIssue{node=PrintStream.$allocate()range=Optional.empty, message='Unsupported element detected given by Java Parser: MethodCallExpr. Please extend the KeY-Java-Hierarchy'} at file:/home/runner/work/key/key/key.core/build/resources/main/de/uka/ilkd/key/proof/rules/javaRules.key:2024:15
	at de.uka.ilkd.key.nparser.builder.AbstractBuilder.accept(AbstractBuilder.java:54)
Caused by: de.uka.ilkd.key.java.JavaBuildingExceptions: JavaBuildingIssue{node=PrintStream.$allocate()range=Optional.empty, message='Unsupported element detected given by Java Parser: MethodCallExpr. Please extend the KeY-Java-Hierarchy'}
	at de.uka.ilkd.key.java.JP2KeYVisitor.reportError(JP2KeYConverter.java:119)

85220      ERROR Test worker     d.u.i.k.n.b.AbstractBuilder  de.uka.ilkd.key.java.JavaBuildingExceptions: JavaBuildingIssue{node=PrintStream.$allocate()range=Optional.empty, message='Unsupported element detected given by Java Parser: MethodCallExpr. Please extend the KeY-Java-Hierarchy'}
	at de.uka.ilkd.key.java.JP2KeYVisitor.reportError(JP2KeYConverter.java:119)

85220      ERROR Test worker     d.u.i.k.n.b.TacletPBuilder Error in parsing taclet. de.uka.ilkd.key.util.parsing.BuildingException: JavaBuildingIssue{node=PrintStream.$allocate()range=Optional.empty, message='Unsupported element detected given by Java Parser: MethodCallExpr. Please extend the KeY-Java-Hierarchy'} at file:/home/runner/work/key/key/key.core/build/resources/main/de/uka/ilkd/key/proof/rules/javaRules.key:2036:15
	at de.uka.ilkd.key.nparser.builder.AbstractBuilder.accept(AbstractBuilder.java:54)
Caused by: de.uka.ilkd.key.java.JavaBuildingExceptions: JavaBuildingIssue{node=PrintStream.$allocate()range=Optional.empty, message='Unsupported element detected given by Java Parser: MethodCallExpr. Please extend the KeY-Java-Hierarchy'}
	at de.uka.ilkd.key.java.JP2KeYVisitor.reportError(JP2KeYConverter.java:119)

85462      ERROR Test worker     d.u.i.k.n.b.AbstractBuilder  de.uka.ilkd.key.java.JavaBuildingExceptions: JavaBuildingIssue{node=PrintStream.$allocate()range=Optional.empty, message='Unsupported element detected given by Java Parser: MethodCallExpr. Please extend the KeY-Java-Hierarchy'}
	at de.uka.ilkd.key.java.JP2KeYVisitor.reportError(JP2KeYConverter.java:119)

85462      ERROR Test worker     d.u.i.k.n.b.TacletPBuilder Error in parsing taclet. de.uka.ilkd.key.util.parsing.BuildingException: JavaBuildingIssue{node=PrintStream.$allocate()range=Optional.empty, message='Unsupported element detected given by Java Parser: MethodCallExpr. Please extend the KeY-Java-Hierarchy'} at file:/home/runner/work/key/key/key.core/build/resources/main/de/uka/ilkd/key/proof/rules/javaRules.key:2046:15
	at de.uka.ilkd.key.nparser.builder.AbstractBuilder.accept(AbstractBuilder.java:54)
Caused by: de.uka.ilkd.key.java.JavaBuildingExceptions: JavaBuildingIssue{node=PrintStream.$allocate()range=Optional.empty, message='Unsupported element detected given by Java Parser: MethodCallExpr. Please extend the KeY-Java-Hierarchy'}
	at de.uka.ilkd.key.java.JP2KeYVisitor.reportError(JP2KeYConverter.java:119)

85700      ERROR Test worker     d.u.i.k.n.b.AbstractBuilder  de.uka.ilkd.key.java.JavaBuildingExceptions: JavaBuildingIssue{node=PrintStream.$allocate()range=Optional.empty, message='Unsupported element detected given by Java Parser: MethodCallExpr. Please extend the KeY-Java-Hierarchy'}
	at de.uka.ilkd.key.java.JP2KeYVisitor.reportError(JP2KeYConverter.java:119)

85700      ERROR Test worker     d.u.i.k.n.b.TacletPBuilder Error in parsing taclet. de.uka.ilkd.key.util.parsing.BuildingException: JavaBuildingIssue{node=PrintStream.$allocate()range=Optional.empty, message='Unsupported element detected given by Java Parser: MethodCallExpr. Please extend the KeY-Java-Hierarchy'} at file:/home/runner/work/key/key/key.core/build/resources/main/de/uka/ilkd/key/proof/rules/javaRules.key:2053:15
	at de.uka.ilkd.key.nparser.builder.AbstractBuilder.accept(AbstractBuilder.java:54)
Caused by: de.uka.ilkd.key.java.JavaBuildingExceptions: JavaBuildingIssue{node=PrintStream.$allocate()range=Optional.empty, message='Unsupported element detected given by Java Parser: MethodCallExpr. Please extend the KeY-Java-Hierarchy'}
	at de.uka.ilkd.key.java.JP2KeYVisitor.reportError(JP2KeYConverter.java:119)

85944      ERROR Test worker     d.u.i.k.n.b.AbstractBuilder  de.uka.ilkd.key.java.JavaBuildingExceptions: JavaBuildingIssue{node=PrintStream.$allocate()range=Optional.empty, message='Unsupported element detected given by Java Parser: MethodCallExpr. Please extend the KeY-Java-Hierarchy'}
	at de.uka.ilkd.key.java.JP2KeYVisitor.reportError(JP2KeYConverter.java:119)

85944      ERROR Test worker     d.u.i.k.n.b.TacletPBuilder Error in parsing taclet. de.uka.ilkd.key.util.parsing.BuildingException: JavaBuildingIssue{node=PrintStream.$allocate()range=Optional.empty, message='Unsupported element detected given by Java Parser: MethodCallExpr. Please extend the KeY-Java-Hierarchy'} at file:/home/runner/work/key/key/key.core/build/resources/main/de/uka/ilkd/key/proof/rules/javaRules.key:2065:15
	at de.uka.ilkd.key.nparser.builder.AbstractBuilder.accept(AbstractBuilder.java:54)
Caused by: de.uka.ilkd.key.java.JavaBuildingExceptions: JavaBuildingIssue{node=PrintStream.$allocate()range=Optional.empty, message='Unsupported element detected given by Java Parser: MethodCallExpr. Please extend the KeY-Java-Hierarchy'}
	at de.uka.ilkd.key.java.JP2KeYVisitor.reportError(JP2KeYConverter.java:119)

86184      ERROR Test worker     d.u.i.k.n.b.AbstractBuilder  de.uka.ilkd.key.java.JavaBuildingExceptions: JavaBuildingIssue{node=PrintStream.$allocate()range=Optional.empty, message='Unsupported element detected given by Java Parser: MethodCallExpr. Please extend the KeY-Java-Hierarchy'}
	at de.uka.ilkd.key.java.JP2KeYVisitor.reportError(JP2KeYConverter.java:119)

86184      ERROR Test worker     d.u.i.k.n.b.TacletPBuilder Error in parsing taclet. de.uka.ilkd.key.util.parsing.BuildingException: JavaBuildingIssue{node=PrintStream.$allocate()range=Optional.empty, message='Unsupported element detected given by Java Parser: MethodCallExpr. Please extend the KeY-Java-Hierarchy'} at file:/home/runner/work/key/key/key.core/build/resources/main/de/uka/ilkd/key/proof/rules/javaRules.key:2075:15
	at de.uka.ilkd.key.nparser.builder.AbstractBuilder.accept(AbstractBuilder.java:54)
Caused by: de.uka.ilkd.key.java.JavaBuildingExceptions: JavaBuildingIssue{node=PrintStream.$allocate()range=Optional.empty, message='Unsupported element detected given by Java Parser: MethodCallExpr. Please extend the KeY-Java-Hierarchy'}
	at de.uka.ilkd.key.java.JP2KeYVisitor.reportError(JP2KeYConverter.java:119)

86556      ERROR Test worker     d.u.i.k.n.b.AbstractBuilder  de.uka.ilkd.key.java.JavaBuildingExceptions: JavaBuildingIssue{node=PrintStream.$allocate()range=Optional.empty, message='Unsupported element detected given by Java Parser: MethodCallExpr. Please extend the KeY-Java-Hierarchy'}
	at de.uka.ilkd.key.java.JP2KeYVisitor.reportError(JP2KeYConverter.java:119)

86556      ERROR Test worker     d.u.i.k.n.b.TacletPBuilder Error in parsing taclet. de.uka.ilkd.key.util.parsing.BuildingException: JavaBuildingIssue{node=PrintStream.$allocate()range=Optional.empty, message='Unsupported element detected given by Java Parser: MethodCallExpr. Please extend the KeY-Java-Hierarchy'} at file:/home/runner/work/key/key/key.core/build/resources/main/de/uka/ilkd/key/proof/rules/javaRules.key:2082:15
	at de.uka.ilkd.key.nparser.builder.AbstractBuilder.accept(AbstractBuilder.java:54)
Caused by: de.uka.ilkd.key.java.JavaBuildingExceptions: JavaBuildingIssue{node=PrintStream.$allocate()range=Optional.empty, message='Unsupported element detected given by Java Parser: MethodCallExpr. Please extend the KeY-Java-Hierarchy'}
	at de.uka.ilkd.key.java.JP2KeYVisitor.reportError(JP2KeYConverter.java:119)

86800      ERROR Test worker     d.u.i.k.n.b.AbstractBuilder  de.uka.ilkd.key.java.JavaBuildingExceptions: JavaBuildingIssue{node=PrintStream.$allocate()range=Optional.empty, message='Unsupported element detected given by Java Parser: MethodCallExpr. Please extend the KeY-Java-Hierarchy'}
	at de.uka.ilkd.key.java.JP2KeYVisitor.reportError(JP2KeYConverter.java:119)

86800      ERROR Test worker     d.u.i.k.n.b.TacletPBuilder Error in parsing taclet. de.uka.ilkd.key.util.parsing.BuildingException: JavaBuildingIssue{node=PrintStream.$allocate()range=Optional.empty, message='Unsupported element detected given by Java Parser: MethodCallExpr. Please extend the KeY-Java-Hierarchy'} at file:/home/runner/work/key/key/key.core/build/resources/main/de/uka/ilkd/key/proof/rules/javaRules.key:2094:15
	at de.uka.ilkd.key.nparser.builder.AbstractBuilder.accept(AbstractBuilder.java:54)
Caused by: de.uka.ilkd.key.java.JavaBuildingExceptions: JavaBuildingIssue{node=PrintStream.$allocate()range=Optional.empty, message='Unsupported element detected given by Java Parser: MethodCallExpr. Please extend the KeY-Java-Hierarchy'}
	at de.uka.ilkd.key.java.JP2KeYVisitor.reportError(JP2KeYConverter.java:119)

87039      ERROR Test worker     d.u.i.k.n.b.AbstractBuilder  de.uka.ilkd.key.java.JavaBuildingExceptions: JavaBuildingIssue{node=PrintStream.$allocate()range=Optional.empty, message='Unsupported element detected given by Java Parser: MethodCallExpr. Please extend the KeY-Java-Hierarchy'}
	at de.uka.ilkd.key.java.JP2KeYVisitor.reportError(JP2KeYConverter.java:119)

87042      ERROR Test worker     d.u.i.k.n.b.TacletPBuilder Error in parsing taclet. de.uka.ilkd.key.util.parsing.BuildingException: JavaBuildingIssue{node=PrintStream.$allocate()range=Optional.empty, message='Unsupported element detected given by Java Parser: MethodCallExpr. Please extend the KeY-Java-Hierarchy'} at file:/home/runner/work/key/key/key.core/build/resources/main/de/uka/ilkd/key/proof/rules/javaRules.key:2104:15
	at de.uka.ilkd.key.nparser.builder.AbstractBuilder.accept(AbstractBuilder.java:54)
Caused by: de.uka.ilkd.key.java.JavaBuildingExceptions: JavaBuildingIssue{node=PrintStream.$allocate()range=Optional.empty, message='Unsupported element detected given by Java Parser: MethodCallExpr. Please extend the KeY-Java-Hierarchy'}
	at de.uka.ilkd.key.java.JP2KeYVisitor.reportError(JP2KeYConverter.java:119)

87283      ERROR Test worker     d.u.i.k.n.b.AbstractBuilder  de.uka.ilkd.key.java.JavaBuildingExceptions: JavaBuildingIssue{node=PrintStream.$allocate()range=Optional.empty, message='Unsupported element detected given by Java Parser: MethodCallExpr. Please extend the KeY-Java-Hierarchy'}
	at de.uka.ilkd.key.java.JP2KeYVisitor.reportError(JP2KeYConverter.java:119)

87283      ERROR Test worker     d.u.i.k.n.b.TacletPBuilder Error in parsing taclet. de.uka.ilkd.key.util.parsing.BuildingException: JavaBuildingIssue{node=PrintStream.$allocate()range=Optional.empty, message='Unsupported element detected given by Java Parser: MethodCallExpr. Please extend the KeY-Java-Hierarchy'} at file:/home/runner/work/key/key/key.core/build/resources/main/de/uka/ilkd/key/proof/rules/javaRules.key:2111:15
	at de.uka.ilkd.key.nparser.builder.AbstractBuilder.accept(AbstractBuilder.java:54)
Caused by: de.uka.ilkd.key.java.JavaBuildingExceptions: JavaBuildingIssue{node=PrintStream.$allocate()range=Optional.empty, message='Unsupported element detected given by Java Parser: MethodCallExpr. Please extend the KeY-Java-Hierarchy'}
	at de.uka.ilkd.key.java.JP2KeYVisitor.reportError(JP2KeYConverter.java:119)

87519      ERROR Test worker     d.u.i.k.n.b.AbstractBuilder  de.uka.ilkd.key.java.JavaBuildingExceptions: JavaBuildingIssue{node=PrintStream.$allocate()range=Optional.empty, message='Unsupported element detected given by Java Parser: MethodCallExpr. Please extend the KeY-Java-Hierarchy'}
	at de.uka.ilkd.key.java.JP2KeYVisitor.reportError(JP2KeYConverter.java:119)

87520      ERROR Test worker     d.u.i.k.n.b.TacletPBuilder Error in parsing taclet. de.uka.ilkd.key.util.parsing.BuildingException: JavaBuildingIssue{node=PrintStream.$allocate()range=Optional.empty, message='Unsupported element detected given by Java Parser: MethodCallExpr. Please extend the KeY-Java-Hierarchy'} at file:/home/runner/work/key/key/key.core/build/resources/main/de/uka/ilkd/key/proof/rules/javaRules.key:2123:15
	at de.uka.ilkd.key.nparser.builder.AbstractBuilder.accept(AbstractBuilder.java:54)
Caused by: de.uka.ilkd.key.java.JavaBuildingExceptions: JavaBuildingIssue{node=PrintStream.$allocate()range=Optional.empty, message='Unsupported element detected given by Java Parser: MethodCallExpr. Please extend the KeY-Java-Hierarchy'}
	at de.uka.ilkd.key.java.JP2KeYVisitor.reportError(JP2KeYConverter.java:119)

87758      ERROR Test worker     d.u.i.k.n.b.AbstractBuilder  de.uka.ilkd.key.java.JavaBuildingExceptions: JavaBuildingIssue{node=PrintStream.$allocate()range=Optional.empty, message='Unsupported element detected given by Java Parser: MethodCallExpr. Please extend the KeY-Java-Hierarchy'}
	at de.uka.ilkd.key.java.JP2KeYVisitor.reportError(JP2KeYConverter.java:119)

87759      ERROR Test worker     d.u.i.k.n.b.TacletPBuilder Error in parsing taclet. de.uka.ilkd.key.util.parsing.BuildingException: JavaBuildingIssue{node=PrintStream.$allocate()range=Optional.empty, message='Unsupported element detected given by Java Parser: MethodCallExpr. Please extend the KeY-Java-Hierarchy'} at file:/home/runner/work/key/key/key.core/build/resources/main/de/uka/ilkd/key/proof/rules/javaRules.key:2133:15
	at de.uka.ilkd.key.nparser.builder.AbstractBuilder.accept(AbstractBuilder.java:54)
Caused by: de.uka.ilkd.key.java.JavaBuildingExceptions: JavaBuildingIssue{node=PrintStream.$allocate()range=Optional.empty, message='Unsupported element detected given by Java Parser: MethodCallExpr. Please extend the KeY-Java-Hierarchy'}
	at de.uka.ilkd.key.java.JP2KeYVisitor.reportError(JP2KeYConverter.java:119)

87997      ERROR Test worker     d.u.i.k.n.b.AbstractBuilder  de.uka.ilkd.key.java.JavaBuildingExceptions: JavaBuildingIssue{node=PrintStream.$allocate()range=Optional.empty, message='Unsupported element detected given by Java Parser: MethodCallExpr. Please extend the KeY-Java-Hierarchy'}
	at de.uka.ilkd.key.java.JP2KeYVisitor.reportError(JP2KeYConverter.java:119)

87997      ERROR Test worker     d.u.i.k.n.b.TacletPBuilder Error in parsing taclet. de.uka.ilkd.key.util.parsing.BuildingException: JavaBuildingIssue{node=PrintStream.$allocate()range=Optional.empty, message='Unsupported element detected given by Java Parser: MethodCallExpr. Please extend the KeY-Java-Hierarchy'} at file:/home/runner/work/key/key/key.core/build/resources/main/de/uka/ilkd/key/proof/rules/javaRules.key:2140:15
	at de.uka.ilkd.key.nparser.builder.AbstractBuilder.accept(AbstractBuilder.java:54)
Caused by: de.uka.ilkd.key.java.JavaBuildingExceptions: JavaBuildingIssue{node=PrintStream.$allocate()range=Optional.empty, message='Unsupported element detected given by Java Parser: MethodCallExpr. Please extend the KeY-Java-Hierarchy'}
	at de.uka.ilkd.key.java.JP2KeYVisitor.reportError(JP2KeYConverter.java:119)

88339      ERROR Test worker     d.u.i.k.n.b.AbstractBuilder  de.uka.ilkd.key.java.JavaBuildingExceptions: JavaBuildingIssue{node=PrintStream.$allocate()range=Optional.empty, message='Unsupported element detected given by Java Parser: MethodCallExpr. Please extend the KeY-Java-Hierarchy'}
	at de.uka.ilkd.key.java.JP2KeYVisitor.reportError(JP2KeYConverter.java:119)

88340      ERROR Test worker     d.u.i.k.n.b.TacletPBuilder Error in parsing taclet. de.uka.ilkd.key.util.parsing.BuildingException: JavaBuildingIssue{node=PrintStream.$allocate()range=Optional.empty, message='Unsupported element detected given by Java Parser: MethodCallExpr. Please extend the KeY-Java-Hierarchy'} at file:/home/runner/work/key/key/key.core/build/resources/main/de/uka/ilkd/key/proof/rules/javaRules.key:2152:15
	at de.uka.ilkd.key.nparser.builder.AbstractBuilder.accept(AbstractBuilder.java:54)
Caused by: de.uka.ilkd.key.java.JavaBuildingExceptions: JavaBuildingIssue{node=PrintStream.$allocate()range=Optional.empty, message='Unsupported element detected given by Java Parser: MethodCallExpr. Please extend the KeY-Java-Hierarchy'}
	at de.uka.ilkd.key.java.JP2KeYVisitor.reportError(JP2KeYConverter.java:119)

88578      ERROR Test worker     d.u.i.k.n.b.AbstractBuilder  de.uka.ilkd.key.java.JavaBuildingExceptions: JavaBuildingIssue{node=PrintStream.$allocate()range=Optional.empty, message='Unsupported element detected given by Java Parser: MethodCallExpr. Please extend the KeY-Java-Hierarchy'}
	at de.uka.ilkd.key.java.JP2KeYVisitor.reportError(JP2KeYConverter.java:119)

88578      ERROR Test worker     d.u.i.k.n.b.TacletPBuilder Error in parsing taclet. de.uka.ilkd.key.util.parsing.BuildingException: JavaBuildingIssue{node=PrintStream.$allocate()range=Optional.empty, message='Unsupported element detected given by Java Parser: MethodCallExpr. Please extend the KeY-Java-Hierarchy'} at file:/home/runner/work/key/key/key.core/build/resources/main/de/uka/ilkd/key/proof/rules/javaRules.key:2162:15
	at de.uka.ilkd.key.nparser.builder.AbstractBuilder.accept(AbstractBuilder.java:54)
Caused by: de.uka.ilkd.key.java.JavaBuildingExceptions: JavaBuildingIssue{node=PrintStream.$allocate()range=Optional.empty, message='Unsupported element detected given by Java Parser: MethodCallExpr. Please extend the KeY-Java-Hierarchy'}
	at de.uka.ilkd.key.java.JP2KeYVisitor.reportError(JP2KeYConverter.java:119)

88817      ERROR Test worker     d.u.i.k.n.b.AbstractBuilder  de.uka.ilkd.key.java.JavaBuildingExceptions: JavaBuildingIssue{node=PrintStream.$allocate()range=Optional.empty, message='Unsupported element detected given by Java Parser: MethodCallExpr. Please extend the KeY-Java-Hierarchy'}
	at de.uka.ilkd.key.java.JP2KeYVisitor.reportError(JP2KeYConverter.java:119)

88818      ERROR Test worker     d.u.i.k.n.b.TacletPBuilder Error in parsing taclet. de.uka.ilkd.key.util.parsing.BuildingException: JavaBuildingIssue{node=PrintStream.$allocate()range=Optional.empty, message='Unsupported element detected given by Java Parser: MethodCallExpr. Please extend the KeY-Java-Hierarchy'} at file:/home/runner/work/key/key/key.core/build/resources/main/de/uka/ilkd/key/proof/rules/javaRules.key:2169:15
	at de.uka.ilkd.key.nparser.builder.AbstractBuilder.accept(AbstractBuilder.java:54)
Caused by: de.uka.ilkd.key.java.JavaBuildingExceptions: JavaBuildingIssue{node=PrintStream.$allocate()range=Optional.empty, message='Unsupported element detected given by Java Parser: MethodCallExpr. Please extend the KeY-Java-Hierarchy'}
	at de.uka.ilkd.key.java.JP2KeYVisitor.reportError(JP2KeYConverter.java:119)

89062      ERROR Test worker     d.u.i.k.n.b.AbstractBuilder  de.uka.ilkd.key.java.JavaBuildingExceptions: JavaBuildingIssue{node=PrintStream.$allocate()range=Optional.empty, message='Unsupported element detected given by Java Parser: MethodCallExpr. Please extend the KeY-Java-Hierarchy'}
	at de.uka.ilkd.key.java.JP2KeYVisitor.reportError(JP2KeYConverter.java:119)

89063      ERROR Test worker     d.u.i.k.n.b.TacletPBuilder Error in parsing taclet. de.uka.ilkd.key.util.parsing.BuildingException: JavaBuildingIssue{node=PrintStream.$allocate()range=Optional.empty, message='Unsupported element detected given by Java Parser: MethodCallExpr. Please extend the KeY-Java-Hierarchy'} at file:/home/runner/work/key/key/key.core/build/resources/main/de/uka/ilkd/key/proof/rules/javaRules.key:2181:15
	at de.uka.ilkd.key.nparser.builder.AbstractBuilder.accept(AbstractBuilder.java:54)
Caused by: de.uka.ilkd.key.java.JavaBuildingExceptions: JavaBuildingIssue{node=PrintStream.$allocate()range=Optional.empty, message='Unsupported element detected given by Java Parser: MethodCallExpr. Please extend the KeY-Java-Hierarchy'}
	at de.uka.ilkd.key.java.JP2KeYVisitor.reportError(JP2KeYConverter.java:119)

89305      ERROR Test worker     d.u.i.k.n.b.AbstractBuilder  de.uka.ilkd.key.java.JavaBuildingExceptions: JavaBuildingIssue{node=PrintStream.$allocate()range=Optional.empty, message='Unsupported element detected given by Java Parser: MethodCallExpr. Please extend the KeY-Java-Hierarchy'}
	at de.uka.ilkd.key.java.JP2KeYVisitor.reportError(JP2KeYConverter.java:119)

89306      ERROR Test worker     d.u.i.k.n.b.TacletPBuilder Error in parsing taclet. de.uka.ilkd.key.util.parsing.BuildingException: JavaBuildingIssue{node=PrintStream.$allocate()range=Optional.empty, message='Unsupported element detected given by Java Parser: MethodCallExpr. Please extend the KeY-Java-Hierarchy'} at file:/home/runner/work/key/key/key.core/build/resources/main/de/uka/ilkd/key/proof/rules/javaRules.key:2191:15
	at de.uka.ilkd.key.nparser.builder.AbstractBuilder.accept(AbstractBuilder.java:54)
Caused by: de.uka.ilkd.key.java.JavaBuildingExceptions: JavaBuildingIssue{node=PrintStream.$allocate()range=Optional.empty, message='Unsupported element detected given by Java Parser: MethodCallExpr. Please extend the KeY-Java-Hierarchy'}
	at de.uka.ilkd.key.java.JP2KeYVisitor.reportError(JP2KeYConverter.java:119)

89545      ERROR Test worker     d.u.i.k.n.b.AbstractBuilder  de.uka.ilkd.key.java.JavaBuildingExceptions: JavaBuildingIssue{node=PrintStream.$allocate()range=Optional.empty, message='Unsupported element detected given by Java Parser: MethodCallExpr. Please extend the KeY-Java-Hierarchy'}
	at de.uka.ilkd.key.java.JP2KeYVisitor.reportError(JP2KeYConverter.java:119)

89545      ERROR Test worker     d.u.i.k.n.b.TacletPBuilder Error in parsing taclet. de.uka.ilkd.key.util.parsing.BuildingException: JavaBuildingIssue{node=PrintStream.$allocate()range=Optional.empty, message='Unsupported element detected given by Java Parser: MethodCallExpr. Please extend the KeY-Java-Hierarchy'} at file:/home/runner/work/key/key/key.core/build/resources/main/de/uka/ilkd/key/proof/rules/javaRules.key:2198:15
	at de.uka.ilkd.key.nparser.builder.AbstractBuilder.accept(AbstractBuilder.java:54)
Caused by: de.uka.ilkd.key.java.JavaBuildingExceptions: JavaBuildingIssue{node=PrintStream.$allocate()range=Optional.empty, message='Unsupported element detected given by Java Parser: MethodCallExpr. Please extend the KeY-Java-Hierarchy'}
	at de.uka.ilkd.key.java.JP2KeYVisitor.reportError(JP2KeYConverter.java:119)

89784      ERROR Test worker     d.u.i.k.n.b.AbstractBuilder  de.uka.ilkd.key.java.JavaBuildingExceptions: JavaBuildingIssue{node=PrintStream.$allocate()range=Optional.empty, message='Unsupported element detected given by Java Parser: MethodCallExpr. Please extend the KeY-Java-Hierarchy'}
	at de.uka.ilkd.key.java.JP2KeYVisitor.reportError(JP2KeYConverter.java:119)

89784      ERROR Test worker     d.u.i.k.n.b.TacletPBuilder Error in parsing taclet. de.uka.ilkd.key.util.parsing.BuildingException: JavaBuildingIssue{node=PrintStream.$allocate()range=Optional.empty, message='Unsupported element detected given by Java Parser: MethodCallExpr. Please extend the KeY-Java-Hierarchy'} at file:/home/runner/work/key/key/key.core/build/resources/main/de/uka/ilkd/key/proof/rules/javaRules.key:2210:15
	at de.uka.ilkd.key.nparser.builder.AbstractBuilder.accept(AbstractBuilder.java:54)
Caused by: de.uka.ilkd.key.java.JavaBuildingExceptions: JavaBuildingIssue{node=PrintStream.$allocate()range=Optional.empty, message='Unsupported element detected given by Java Parser: MethodCallExpr. Please extend the KeY-Java-Hierarchy'}
	at de.uka.ilkd.key.java.JP2KeYVisitor.reportError(JP2KeYConverter.java:119)

90125      ERROR Test worker     d.u.i.k.n.b.AbstractBuilder  de.uka.ilkd.key.java.JavaBuildingExceptions: JavaBuildingIssue{node=PrintStream.$allocate()range=Optional.empty, message='Unsupported element detected given by Java Parser: MethodCallExpr. Please extend the KeY-Java-Hierarchy'}
	at de.uka.ilkd.key.java.JP2KeYVisitor.reportError(JP2KeYConverter.java:119)

90126      ERROR Test worker     d.u.i.k.n.b.TacletPBuilder Error in parsing taclet. de.uka.ilkd.key.util.parsing.BuildingException: JavaBuildingIssue{node=PrintStream.$allocate()range=Optional.empty, message='Unsupported element detected given by Java Parser: MethodCallExpr. Please extend the KeY-Java-Hierarchy'} at file:/home/runner/work/key/key/key.core/build/resources/main/de/uka/ilkd/key/proof/rules/javaRules.key:2220:15
	at de.uka.ilkd.key.nparser.builder.AbstractBuilder.accept(AbstractBuilder.java:54)
Caused by: de.uka.ilkd.key.java.JavaBuildingExceptions: JavaBuildingIssue{node=PrintStream.$allocate()range=Optional.empty, message='Unsupported element detected given by Java Parser: MethodCallExpr. Please extend the KeY-Java-Hierarchy'}
	at de.uka.ilkd.key.java.JP2KeYVisitor.reportError(JP2KeYConverter.java:119)

90365      ERROR Test worker     d.u.i.k.n.b.AbstractBuilder  de.uka.ilkd.key.java.JavaBuildingExceptions: JavaBuildingIssue{node=PrintStream.$allocate()range=Optional.empty, message='Unsupported element detected given by Java Parser: MethodCallExpr. Please extend the KeY-Java-Hierarchy'}
	at de.uka.ilkd.key.java.JP2KeYVisitor.reportError(JP2KeYConverter.java:119)

90365      ERROR Test worker     d.u.i.k.n.b.TacletPBuilder Error in parsing taclet. de.uka.ilkd.key.util.parsing.BuildingException: JavaBuildingIssue{node=PrintStream.$allocate()range=Optional.empty, message='Unsupported element detected given by Java Parser: MethodCallExpr. Please extend the KeY-Java-Hierarchy'} at file:/home/runner/work/key/key/key.core/build/resources/main/de/uka/ilkd/key/proof/rules/javaRules.key:2227:15
	at de.uka.ilkd.key.nparser.builder.AbstractBuilder.accept(AbstractBuilder.java:54)
Caused by: de.uka.ilkd.key.java.JavaBuildingExceptions: JavaBuildingIssue{node=PrintStream.$allocate()range=Optional.empty, message='Unsupported element detected given by Java Parser: MethodCallExpr. Please extend the KeY-Java-Hierarchy'}
	at de.uka.ilkd.key.java.JP2KeYVisitor.reportError(JP2KeYConverter.java:119)

90602      ERROR Test worker     d.u.i.k.n.b.AbstractBuilder  de.uka.ilkd.key.java.JavaBuildingExceptions: JavaBuildingIssue{node=PrintStream.$allocate()range=Optional.empty, message='Unsupported element detected given by Java Parser: MethodCallExpr. Please extend the KeY-Java-Hierarchy'}
	at de.uka.ilkd.key.java.JP2KeYVisitor.reportError(JP2KeYConverter.java:119)

90603      ERROR Test worker     d.u.i.k.n.b.TacletPBuilder Error in parsing taclet. de.uka.ilkd.key.util.parsing.BuildingException: JavaBuildingIssue{node=PrintStream.$allocate()range=Optional.empty, message='Unsupported element detected given by Java Parser: MethodCallExpr. Please extend the KeY-Java-Hierarchy'} at file:/home/runner/work/key/key/key.core/build/resources/main/de/uka/ilkd/key/proof/rules/javaRules.key:2239:15
	at de.uka.ilkd.key.nparser.builder.AbstractBuilder.accept(AbstractBuilder.java:54)
Caused by: de.uka.ilkd.key.java.JavaBuildingExceptions: JavaBuildingIssue{node=PrintStream.$allocate()range=Optional.empty, message='Unsupported element detected given by Java Parser: MethodCallExpr. Please extend the KeY-Java-Hierarchy'}
	at de.uka.ilkd.key.java.JP2KeYVisitor.reportError(JP2KeYConverter.java:119)

90845      ERROR Test worker     d.u.i.k.n.b.AbstractBuilder  de.uka.ilkd.key.java.JavaBuildingExceptions: JavaBuildingIssue{node=PrintStream.$allocate()range=Optional.empty, message='Unsupported element detected given by Java Parser: MethodCallExpr. Please extend the KeY-Java-Hierarchy'}
	at de.uka.ilkd.key.java.JP2KeYVisitor.reportError(JP2KeYConverter.java:119)

90846      ERROR Test worker     d.u.i.k.n.b.TacletPBuilder Error in parsing taclet. de.uka.ilkd.key.util.parsing.BuildingException: JavaBuildingIssue{node=PrintStream.$allocate()range=Optional.empty, message='Unsupported element detected given by Java Parser: MethodCallExpr. Please extend the KeY-Java-Hierarchy'} at file:/home/runner/work/key/key/key.core/build/resources/main/de/uka/ilkd/key/proof/rules/javaRules.key:2249:15
	at de.uka.ilkd.key.nparser.builder.AbstractBuilder.accept(AbstractBuilder.java:54)
Caused by: de.uka.ilkd.key.java.JavaBuildingExceptions: JavaBuildingIssue{node=PrintStream.$allocate()range=Optional.empty, message='Unsupported element detected given by Java Parser: MethodCallExpr. Please extend the KeY-Java-Hierarchy'}
	at de.uka.ilkd.key.java.JP2KeYVisitor.reportError(JP2KeYConverter.java:119)

91083      ERROR Test worker     d.u.i.k.n.b.AbstractBuilder  de.uka.ilkd.key.java.JavaBuildingExceptions: JavaBuildingIssue{node=PrintStream.$allocate()range=Optional.empty, message='Unsupported element detected given by Java Parser: MethodCallExpr. Please extend the KeY-Java-Hierarchy'}
	at de.uka.ilkd.key.java.JP2KeYVisitor.reportError(JP2KeYConverter.java:119)

91084      ERROR Test worker     d.u.i.k.n.b.TacletPBuilder Error in parsing taclet. de.uka.ilkd.key.util.parsing.BuildingException: JavaBuildingIssue{node=PrintStream.$allocate()range=Optional.empty, message='Unsupported element detected given by Java Parser: MethodCallExpr. Please extend the KeY-Java-Hierarchy'} at file:/home/runner/work/key/key/key.core/build/resources/main/de/uka/ilkd/key/proof/rules/javaRules.key:2256:15
	at de.uka.ilkd.key.nparser.builder.AbstractBuilder.accept(AbstractBuilder.java:54)
Caused by: de.uka.ilkd.key.java.JavaBuildingExceptions: JavaBuildingIssue{node=PrintStream.$allocate()range=Optional.empty, message='Unsupported element detected given by Java Parser: MethodCallExpr. Please extend the KeY-Java-Hierarchy'}
	at de.uka.ilkd.key.java.JP2KeYVisitor.reportError(JP2KeYConverter.java:119)

91325      ERROR Test worker     d.u.i.k.n.b.AbstractBuilder  de.uka.ilkd.key.java.JavaBuildingExceptions: JavaBuildingIssue{node=PrintStream.$allocate()range=Optional.empty, message='Unsupported element detected given by Java Parser: MethodCallExpr. Please extend the KeY-Java-Hierarchy'}
	at de.uka.ilkd.key.java.JP2KeYVisitor.reportError(JP2KeYConverter.java:119)

91326      ERROR Test worker     d.u.i.k.n.b.TacletPBuilder Error in parsing taclet. de.uka.ilkd.key.util.parsing.BuildingException: JavaBuildingIssue{node=PrintStream.$allocate()range=Optional.empty, message='Unsupported element detected given by Java Parser: MethodCallExpr. Please extend the KeY-Java-Hierarchy'} at file:/home/runner/work/key/key/key.core/build/resources/main/de/uka/ilkd/key/proof/rules/javaRules.key:2268:15
	at de.uka.ilkd.key.nparser.builder.AbstractBuilder.accept(AbstractBuilder.java:54)
Caused by: de.uka.ilkd.key.java.JavaBuildingExceptions: JavaBuildingIssue{node=PrintStream.$allocate()range=Optional.empty, message='Unsupported element detected given by Java Parser: MethodCallExpr. Please extend the KeY-Java-Hierarchy'}
	at de.uka.ilkd.key.java.JP2KeYVisitor.reportError(JP2KeYConverter.java:119)

91565      ERROR Test worker     d.u.i.k.n.b.AbstractBuilder  de.uka.ilkd.key.java.JavaBuildingExceptions: JavaBuildingIssue{node=PrintStream.$allocate()range=Optional.empty, message='Unsupported element detected given by Java Parser: MethodCallExpr. Please extend the KeY-Java-Hierarchy'}
	at de.uka.ilkd.key.java.JP2KeYVisitor.reportError(JP2KeYConverter.java:119)

91565      ERROR Test worker     d.u.i.k.n.b.TacletPBuilder Error in parsing taclet. de.uka.ilkd.key.util.parsing.BuildingException: JavaBuildingIssue{node=PrintStream.$allocate()range=Optional.empty, message='Unsupported element detected given by Java Parser: MethodCallExpr. Please extend the KeY-Java-Hierarchy'} at file:/home/runner/work/key/key/key.core/build/resources/main/de/uka/ilkd/key/proof/rules/javaRules.key:2278:15
	at de.uka.ilkd.key.nparser.builder.AbstractBuilder.accept(AbstractBuilder.java:54)
Caused by: de.uka.ilkd.key.java.JavaBuildingExceptions: JavaBuildingIssue{node=PrintStream.$allocate()range=Optional.empty, message='Unsupported element detected given by Java Parser: MethodCallExpr. Please extend the KeY-Java-Hierarchy'}
	at de.uka.ilkd.key.java.JP2KeYVisitor.reportError(JP2KeYConverter.java:119)

91910      ERROR Test worker     d.u.i.k.n.b.AbstractBuilder  de.uka.ilkd.key.java.JavaBuildingExceptions: JavaBuildingIssue{node=PrintStream.$allocate()range=Optional.empty, message='Unsupported element detected given by Java Parser: MethodCallExpr. Please extend the KeY-Java-Hierarchy'}
	at de.uka.ilkd.key.java.JP2KeYVisitor.reportError(JP2KeYConverter.java:119)

91910      ERROR Test worker     d.u.i.k.n.b.TacletPBuilder Error in parsing taclet. de.uka.ilkd.key.util.parsing.BuildingException: JavaBuildingIssue{node=PrintStream.$allocate()range=Optional.empty, message='Unsupported element detected given by Java Parser: MethodCallExpr. Please extend the KeY-Java-Hierarchy'} at file:/home/runner/work/key/key/key.core/build/resources/main/de/uka/ilkd/key/proof/rules/javaRules.key:2289:15
	at de.uka.ilkd.key.nparser.builder.AbstractBuilder.accept(AbstractBuilder.java:54)
Caused by: de.uka.ilkd.key.java.JavaBuildingExceptions: JavaBuildingIssue{node=PrintStream.$allocate()range=Optional.empty, message='Unsupported element detected given by Java Parser: MethodCallExpr. Please extend the KeY-Java-Hierarchy'}
	at de.uka.ilkd.key.java.JP2KeYVisitor.reportError(JP2KeYConverter.java:119)

92154      ERROR Test worker     d.u.i.k.n.b.AbstractBuilder  de.uka.ilkd.key.java.JavaBuildingExceptions: JavaBuildingIssue{node=PrintStream.$allocate()range=Optional.empty, message='Unsupported element detected given by Java Parser: MethodCallExpr. Please extend the KeY-Java-Hierarchy'}
	at de.uka.ilkd.key.java.JP2KeYVisitor.reportError(JP2KeYConverter.java:119)

92155      ERROR Test worker     d.u.i.k.n.b.TacletPBuilder Error in parsing taclet. de.uka.ilkd.key.util.parsing.BuildingException: JavaBuildingIssue{node=PrintStream.$allocate()range=Optional.empty, message='Unsupported element detected given by Java Parser: MethodCallExpr. Please extend the KeY-Java-Hierarchy'} at file:/home/runner/work/key/key/key.core/build/resources/main/de/uka/ilkd/key/proof/rules/javaRules.key:2295:15
	at de.uka.ilkd.key.nparser.builder.AbstractBuilder.accept(AbstractBuilder.java:54)
Caused by: de.uka.ilkd.key.java.JavaBuildingExceptions: JavaBuildingIssue{node=PrintStream.$allocate()range=Optional.empty, message='Unsupported element detected given by Java Parser: MethodCallExpr. Please extend the KeY-Java-Hierarchy'}
	at de.uka.ilkd.key.java.JP2KeYVisitor.reportError(JP2KeYConverter.java:119)

92397      ERROR Test worker     d.u.i.k.n.b.AbstractBuilder  de.uka.ilkd.key.java.JavaBuildingExceptions: JavaBuildingIssue{node=PrintStream.$allocate()range=Optional.empty, message='Unsupported element detected given by Java Parser: MethodCallExpr. Please extend the KeY-Java-Hierarchy'}
	at de.uka.ilkd.key.java.JP2KeYVisitor.reportError(JP2KeYConverter.java:119)

92398      ERROR Test worker     d.u.i.k.n.b.TacletPBuilder Error in parsing taclet. de.uka.ilkd.key.util.parsing.BuildingException: JavaBuildingIssue{node=PrintStream.$allocate()range=Optional.empty, message='Unsupported element detected given by Java Parser: MethodCallExpr. Please extend the KeY-Java-Hierarchy'} at file:/home/runner/work/key/key/key.core/build/resources/main/de/uka/ilkd/key/proof/rules/javaRules.key:2302:15
	at de.uka.ilkd.key.nparser.builder.AbstractBuilder.accept(AbstractBuilder.java:54)
Caused by: de.uka.ilkd.key.java.JavaBuildingExceptions: JavaBuildingIssue{node=PrintStream.$allocate()range=Optional.empty, message='Unsupported element detected given by Java Parser: MethodCallExpr. Please extend the KeY-Java-Hierarchy'}
	at de.uka.ilkd.key.java.JP2KeYVisitor.reportError(JP2KeYConverter.java:119)

92644      ERROR Test worker     d.u.i.k.n.b.AbstractBuilder  de.uka.ilkd.key.java.JavaBuildingExceptions: JavaBuildingIssue{node=PrintStream.$allocate()range=Optional.empty, message='Unsupported element detected given by Java Parser: MethodCallExpr. Please extend the KeY-Java-Hierarchy'}
	at de.uka.ilkd.key.java.JP2KeYVisitor.reportError(JP2KeYConverter.java:119)

92645      ERROR Test worker     d.u.i.k.n.b.TacletPBuilder Error in parsing taclet. de.uka.ilkd.key.util.parsing.BuildingException: JavaBuildingIssue{node=PrintStream.$allocate()range=Optional.empty, message='Unsupported element detected given by Java Parser: MethodCallExpr. Please extend the KeY-Java-Hierarchy'} at file:/home/runner/work/key/key/key.core/build/resources/main/de/uka/ilkd/key/proof/rules/javaRules.key:2309:15
	at de.uka.ilkd.key.nparser.builder.AbstractBuilder.accept(AbstractBuilder.java:54)
Caused by: de.uka.ilkd.key.java.JavaBuildingExceptions: JavaBuildingIssue{node=PrintStream.$allocate()range=Optional.empty, message='Unsupported element detected given by Java Parser: MethodCallExpr. Please extend the KeY-Java-Hierarchy'}
	at de.uka.ilkd.key.java.JP2KeYVisitor.reportError(JP2KeYConverter.java:119)

92895      ERROR Test worker     d.u.i.k.n.b.AbstractBuilder  de.uka.ilkd.key.java.JavaBuildingExceptions: JavaBuildingIssue{node=PrintStream.$allocate()range=Optional.empty, message='Unsupported element detected given by Java Parser: MethodCallExpr. Please extend the KeY-Java-Hierarchy'}
	at de.uka.ilkd.key.java.JP2KeYVisitor.reportError(JP2KeYConverter.java:119)

92895      ERROR Test worker     d.u.i.k.n.b.TacletPBuilder Error in parsing taclet. de.uka.ilkd.key.util.parsing.BuildingException: JavaBuildingIssue{node=PrintStream.$allocate()range=Optional.empty, message='Unsupported element detected given by Java Parser: MethodCallExpr. Please extend the KeY-Java-Hierarchy'} at file:/home/runner/work/key/key/key.core/build/resources/main/de/uka/ilkd/key/proof/rules/javaRules.key:2316:15
	at de.uka.ilkd.key.nparser.builder.AbstractBuilder.accept(AbstractBuilder.java:54)
Caused by: de.uka.ilkd.key.java.JavaBuildingExceptions: JavaBuildingIssue{node=PrintStream.$allocate()range=Optional.empty, message='Unsupported element detected given by Java Parser: MethodCallExpr. Please extend the KeY-Java-Hierarchy'}
	at de.uka.ilkd.key.java.JP2KeYVisitor.reportError(JP2KeYConverter.java:119)

93133      ERROR Test worker     d.u.i.k.n.b.AbstractBuilder  de.uka.ilkd.key.java.JavaBuildingExceptions: JavaBuildingIssue{node=PrintStream.$allocate()range=Optional.empty, message='Unsupported element detected given by Java Parser: MethodCallExpr. Please extend the KeY-Java-Hierarchy'}
	at de.uka.ilkd.key.java.JP2KeYVisitor.reportError(JP2KeYConverter.java:119)

93133      ERROR Test worker     d.u.i.k.n.b.TacletPBuilder Error in parsing taclet. de.uka.ilkd.key.util.parsing.BuildingException: JavaBuildingIssue{node=PrintStream.$allocate()range=Optional.empty, message='Unsupported element detected given by Java Parser: MethodCallExpr. Please extend the KeY-Java-Hierarchy'} at file:/home/runner/work/key/key/key.core/build/resources/main/de/uka/ilkd/key/proof/rules/javaRules.key:2323:15
	at de.uka.ilkd.key.nparser.builder.AbstractBuilder.accept(AbstractBuilder.java:54)
Caused by: de.uka.ilkd.key.java.JavaBuildingExceptions: JavaBuildingIssue{node=PrintStream.$allocate()range=Optional.empty, message='Unsupported element detected given by Java Parser: MethodCallExpr. Please extend the KeY-Java-Hierarchy'}
	at de.uka.ilkd.key.java.JP2KeYVisitor.reportError(JP2KeYConverter.java:119)

93370      ERROR Test worker     d.u.i.k.n.b.AbstractBuilder  de.uka.ilkd.key.java.JavaBuildingExceptions: JavaBuildingIssue{node=PrintStream.$allocate()range=Optional.empty, message='Unsupported element detected given by Java Parser: MethodCallExpr. Please extend the KeY-Java-Hierarchy'}
	at de.uka.ilkd.key.java.JP2KeYVisitor.reportError(JP2KeYConverter.java:119)

93370      ERROR Test worker     d.u.i.k.n.b.TacletPBuilder Error in parsing taclet. de.uka.ilkd.key.util.parsing.BuildingException: JavaBuildingIssue{node=PrintStream.$allocate()range=Optional.empty, message='Unsupported element detected given by Java Parser: MethodCallExpr. Please extend the KeY-Java-Hierarchy'} at file:/home/runner/work/key/key/key.core/build/resources/main/de/uka/ilkd/key/proof/rules/javaRules.key:2330:15
	at de.uka.ilkd.key.nparser.builder.AbstractBuilder.accept(AbstractBuilder.java:54)
Caused by: de.uka.ilkd.key.java.JavaBuildingExceptions: JavaBuildingIssue{node=PrintStream.$allocate()range=Optional.empty, message='Unsupported element detected given by Java Parser: MethodCallExpr. Please extend the KeY-Java-Hierarchy'}
	at de.uka.ilkd.key.java.JP2KeYVisitor.reportError(JP2KeYConverter.java:119)

93721      ERROR Test worker     d.u.i.k.n.b.AbstractBuilder  de.uka.ilkd.key.java.JavaBuildingExceptions: JavaBuildingIssue{node=PrintStream.$allocate()range=Optional.empty, message='Unsupported element detected given by Java Parser: MethodCallExpr. Please extend the KeY-Java-Hierarchy'}
	at de.uka.ilkd.key.java.JP2KeYVisitor.reportError(JP2KeYConverter.java:119)

93721      ERROR Test worker     d.u.i.k.n.b.TacletPBuilder Error in parsing taclet. de.uka.ilkd.key.util.parsing.BuildingException: JavaBuildingIssue{node=PrintStream.$allocate()range=Optional.empty, message='Unsupported element detected given by Java Parser: MethodCallExpr. Please extend the KeY-Java-Hierarchy'} at file:/home/runner/work/key/key/key.core/build/resources/main/de/uka/ilkd/key/proof/rules/javaRules.key:2337:15
	at de.uka.ilkd.key.nparser.builder.AbstractBuilder.accept(AbstractBuilder.java:54)
Caused by: de.uka.ilkd.key.java.JavaBuildingExceptions: JavaBuildingIssue{node=PrintStream.$allocate()range=Optional.empty, message='Unsupported element detected given by Java Parser: MethodCallExpr. Please extend the KeY-Java-Hierarchy'}
	at de.uka.ilkd.key.java.JP2KeYVisitor.reportError(JP2KeYConverter.java:119)

93961      ERROR Test worker     d.u.i.k.n.b.AbstractBuilder  de.uka.ilkd.key.java.JavaBuildingExceptions: JavaBuildingIssue{node=PrintStream.$allocate()range=Optional.empty, message='Unsupported element detected given by Java Parser: MethodCallExpr. Please extend the KeY-Java-Hierarchy'}
	at de.uka.ilkd.key.java.JP2KeYVisitor.reportError(JP2KeYConverter.java:119)

93962      ERROR Test worker     d.u.i.k.n.b.TacletPBuilder Error in parsing taclet. de.uka.ilkd.key.util.parsing.BuildingException: JavaBuildingIssue{node=PrintStream.$allocate()range=Optional.empty, message='Unsupported element detected given by Java Parser: MethodCallExpr. Please extend the KeY-Java-Hierarchy'} at file:/home/runner/work/key/key/key.core/build/resources/main/de/uka/ilkd/key/proof/rules/javaRules.key:2344:15
	at de.uka.ilkd.key.nparser.builder.AbstractBuilder.accept(AbstractBuilder.java:54)
Caused by: de.uka.ilkd.key.java.JavaBuildingExceptions: JavaBuildingIssue{node=PrintStream.$allocate()range=Optional.empty, message='Unsupported element detected given by Java Parser: MethodCallExpr. Please extend the KeY-Java-Hierarchy'}
	at de.uka.ilkd.key.java.JP2KeYVisitor.reportError(JP2KeYConverter.java:119)

94199      ERROR Test worker     d.u.i.k.n.b.AbstractBuilder  de.uka.ilkd.key.java.JavaBuildingExceptions: JavaBuildingIssue{node=PrintStream.$allocate()range=Optional.empty, message='Unsupported element detected given by Java Parser: MethodCallExpr. Please extend the KeY-Java-Hierarchy'}
	at de.uka.ilkd.key.java.JP2KeYVisitor.reportError(JP2KeYConverter.java:119)

94199      ERROR Test worker     d.u.i.k.n.b.TacletPBuilder Error in parsing taclet. de.uka.ilkd.key.util.parsing.BuildingException: JavaBuildingIssue{node=PrintStream.$allocate()range=Optional.empty, message='Unsupported element detected given by Java Parser: MethodCallExpr. Please extend the KeY-Java-Hierarchy'} at file:/home/runner/work/key/key/key.core/build/resources/main/de/uka/ilkd/key/proof/rules/javaRules.key:2355:15
	at de.uka.ilkd.key.nparser.builder.AbstractBuilder.accept(AbstractBuilder.java:54)
Caused by: de.uka.ilkd.key.java.JavaBuildingExceptions: JavaBuildingIssue{node=PrintStream.$allocate()range=Optional.empty, message='Unsupported element detected given by Java Parser: MethodCallExpr. Please extend the KeY-Java-Hierarchy'}
	at de.uka.ilkd.key.java.JP2KeYVisitor.reportError(JP2KeYConverter.java:119)

94435      ERROR Test worker     d.u.i.k.n.b.AbstractBuilder  de.uka.ilkd.key.java.JavaBuildingExceptions: JavaBuildingIssue{node=PrintStream.$allocate()range=Optional.empty, message='Unsupported element detected given by Java Parser: MethodCallExpr. Please extend the KeY-Java-Hierarchy'}
	at de.uka.ilkd.key.java.JP2KeYVisitor.reportError(JP2KeYConverter.java:119)

94435      ERROR Test worker     d.u.i.k.n.b.TacletPBuilder Error in parsing taclet. de.uka.ilkd.key.util.parsing.BuildingException: JavaBuildingIssue{node=PrintStream.$allocate()range=Optional.empty, message='Unsupported element detected given by Java Parser: MethodCallExpr. Please extend the KeY-Java-Hierarchy'} at file:/home/runner/work/key/key/key.core/build/resources/main/de/uka/ilkd/key/proof/rules/javaRules.key:2360:15
	at de.uka.ilkd.key.nparser.builder.AbstractBuilder.accept(AbstractBuilder.java:54)
Caused by: de.uka.ilkd.key.java.JavaBuildingExceptions: JavaBuildingIssue{node=PrintStream.$allocate()range=Optional.empty, message='Unsupported element detected given by Java Parser: MethodCallExpr. Please extend the KeY-Java-Hierarchy'}
	at de.uka.ilkd.key.java.JP2KeYVisitor.reportError(JP2KeYConverter.java:119)

94673      ERROR Test worker     d.u.i.k.n.b.AbstractBuilder  de.uka.ilkd.key.java.JavaBuildingExceptions: JavaBuildingIssue{node=PrintStream.$allocate()range=Optional.empty, message='Unsupported element detected given by Java Parser: MethodCallExpr. Please extend the KeY-Java-Hierarchy'}
	at de.uka.ilkd.key.java.JP2KeYVisitor.reportError(JP2KeYConverter.java:119)

94673      ERROR Test worker     d.u.i.k.n.b.TacletPBuilder Error in parsing taclet. de.uka.ilkd.key.util.parsing.BuildingException: JavaBuildingIssue{node=PrintStream.$allocate()range=Optional.empty, message='Unsupported element detected given by Java Parser: MethodCallExpr. Please extend the KeY-Java-Hierarchy'} at file:/home/runner/work/key/key/key.core/build/resources/main/de/uka/ilkd/key/proof/rules/javaRules.key:2366:15
	at de.uka.ilkd.key.nparser.builder.AbstractBuilder.accept(AbstractBuilder.java:54)
Caused by: de.uka.ilkd.key.java.JavaBuildingExceptions: JavaBuildingIssue{node=PrintStream.$allocate()range=Optional.empty, message='Unsupported element detected given by Java Parser: MethodCallExpr. Please extend the KeY-Java-Hierarchy'}
	at de.uka.ilkd.key.java.JP2KeYVisitor.reportError(JP2KeYConverter.java:119)

94909      ERROR Test worker     d.u.i.k.n.b.AbstractBuilder  de.uka.ilkd.key.java.JavaBuildingExceptions: JavaBuildingIssue{node=PrintStream.$allocate()range=Optional.empty, message='Unsupported element detected given by Java Parser: MethodCallExpr. Please extend the KeY-Java-Hierarchy'}
	at de.uka.ilkd.key.java.JP2KeYVisitor.reportError(JP2KeYConverter.java:119)

94910      ERROR Test worker     d.u.i.k.n.b.TacletPBuilder Error in parsing taclet. de.uka.ilkd.key.util.parsing.BuildingException: JavaBuildingIssue{node=PrintStream.$allocate()range=Optional.empty, message='Unsupported element detected given by Java Parser: MethodCallExpr. Please extend the KeY-Java-Hierarchy'} at file:/home/runner/work/key/key/key.core/build/resources/main/de/uka/ilkd/key/proof/rules/javaRules.key:2376:15
	at de.uka.ilkd.key.nparser.builder.AbstractBuilder.accept(AbstractBuilder.java:54)
Caused by: de.uka.ilkd.key.java.JavaBuildingExceptions: JavaBuildingIssue{node=PrintStream.$allocate()range=Optional.empty, message='Unsupported element detected given by Java Parser: MethodCallExpr. Please extend the KeY-Java-Hierarchy'}
	at de.uka.ilkd.key.java.JP2KeYVisitor.reportError(JP2KeYConverter.java:119)

95243      ERROR Test worker     d.u.i.k.n.b.AbstractBuilder  de.uka.ilkd.key.java.JavaBuildingExceptions: JavaBuildingIssue{node=PrintStream.$allocate()range=Optional.empty, message='Unsupported element detected given by Java Parser: MethodCallExpr. Please extend the KeY-Java-Hierarchy'}
	at de.uka.ilkd.key.java.JP2KeYVisitor.reportError(JP2KeYConverter.java:119)

95244      ERROR Test worker     d.u.i.k.n.b.TacletPBuilder Error in parsing taclet. de.uka.ilkd.key.util.parsing.BuildingException: JavaBuildingIssue{node=PrintStream.$allocate()range=Optional.empty, message='Unsupported element detected given by Java Parser: MethodCallExpr. Please extend the KeY-Java-Hierarchy'} at file:/home/runner/work/key/key/key.core/build/resources/main/de/uka/ilkd/key/proof/rules/javaRules.key:2384:15
	at de.uka.ilkd.key.nparser.builder.AbstractBuilder.accept(AbstractBuilder.java:54)
Caused by: de.uka.ilkd.key.java.JavaBuildingExceptions: JavaBuildingIssue{node=PrintStream.$allocate()range=Optional.empty, message='Unsupported element detected given by Java Parser: MethodCallExpr. Please extend the KeY-Java-Hierarchy'}
	at de.uka.ilkd.key.java.JP2KeYVisitor.reportError(JP2KeYConverter.java:119)

95480      ERROR Test worker     d.u.i.k.n.b.AbstractBuilder  de.uka.ilkd.key.java.JavaBuildingExceptions: JavaBuildingIssue{node=PrintStream.$allocate()range=Optional.empty, message='Unsupported element detected given by Java Parser: MethodCallExpr. Please extend the KeY-Java-Hierarchy'}
	at de.uka.ilkd.key.java.JP2KeYVisitor.reportError(JP2KeYConverter.java:119)

95480      ERROR Test worker     d.u.i.k.n.b.TacletPBuilder Error in parsing taclet. de.uka.ilkd.key.util.parsing.BuildingException: JavaBuildingIssue{node=PrintStream.$allocate()range=Optional.empty, message='Unsupported element detected given by Java Parser: MethodCallExpr. Please extend the KeY-Java-Hierarchy'} at file:/home/runner/work/key/key/key.core/build/resources/main/de/uka/ilkd/key/proof/rules/javaRules.key:2392:15
	at de.uka.ilkd.key.nparser.builder.AbstractBuilder.accept(AbstractBuilder.java:54)
Caused by: de.uka.ilkd.key.java.JavaBuildingExceptions: JavaBuildingIssue{node=PrintStream.$allocate()range=Optional.empty, message='Unsupported element detected given by Java Parser: MethodCallExpr. Please extend the KeY-Java-Hierarchy'}
	at de.uka.ilkd.key.java.JP2KeYVisitor.reportError(JP2KeYConverter.java:119)

95720      ERROR Test worker     d.u.i.k.n.b.AbstractBuilder  de.uka.ilkd.key.java.JavaBuildingExceptions: JavaBuildingIssue{node=PrintStream.$allocate()range=Optional.empty, message='Unsupported element detected given by Java Parser: MethodCallExpr. Please extend the KeY-Java-Hierarchy'}
	at de.uka.ilkd.key.java.JP2KeYVisitor.reportError(JP2KeYConverter.java:119)

95720      ERROR Test worker     d.u.i.k.n.b.TacletPBuilder Error in parsing taclet. de.uka.ilkd.key.util.parsing.BuildingException: JavaBuildingIssue{node=PrintStream.$allocate()range=Optional.empty, message='Unsupported element detected given by Java Parser: MethodCallExpr. Please extend the KeY-Java-Hierarchy'} at file:/home/runner/work/key/key/key.core/build/resources/main/de/uka/ilkd/key/proof/rules/javaRules.key:2400:15
	at de.uka.ilkd.key.nparser.builder.AbstractBuilder.accept(AbstractBuilder.java:54)
Caused by: de.uka.ilkd.key.java.JavaBuildingExceptions: JavaBuildingIssue{node=PrintStream.$allocate()range=Optional.empty, message='Unsupported element detected given by Java Parser: MethodCallExpr. Please extend the KeY-Java-Hierarchy'}
	at de.uka.ilkd.key.java.JP2KeYVisitor.reportError(JP2KeYConverter.java:119)

95968      ERROR Test worker     d.u.i.k.n.b.AbstractBuilder  de.uka.ilkd.key.java.JavaBuildingExceptions: JavaBuildingIssue{node=PrintStream.$allocate()range=Optional.empty, message='Unsupported element detected given by Java Parser: MethodCallExpr. Please extend the KeY-Java-Hierarchy'}
	at de.uka.ilkd.key.java.JP2KeYVisitor.reportError(JP2KeYConverter.java:119)

95969      ERROR Test worker     d.u.i.k.n.b.TacletPBuilder Error in parsing taclet. de.uka.ilkd.key.util.parsing.BuildingException: JavaBuildingIssue{node=PrintStream.$allocate()range=Optional.empty, message='Unsupported element detected given by Java Parser: MethodCallExpr. Please extend the KeY-Java-Hierarchy'} at file:/home/runner/work/key/key/key.core/build/resources/main/de/uka/ilkd/key/proof/rules/javaRules.key:2408:15
	at de.uka.ilkd.key.nparser.builder.AbstractBuilder.accept(AbstractBuilder.java:54)
Caused by: de.uka.ilkd.key.java.JavaBuildingExceptions: JavaBuildingIssue{node=PrintStream.$allocate()range=Optional.empty, message='Unsupported element detected given by Java Parser: MethodCallExpr. Please extend the KeY-Java-Hierarchy'}
	at de.uka.ilkd.key.java.JP2KeYVisitor.reportError(JP2KeYConverter.java:119)

96207      ERROR Test worker     d.u.i.k.n.b.AbstractBuilder  de.uka.ilkd.key.java.JavaBuildingExceptions: JavaBuildingIssue{node=PrintStream.$allocate()range=Optional.empty, message='Unsupported element detected given by Java Parser: MethodCallExpr. Please extend the KeY-Java-Hierarchy'}
	at de.uka.ilkd.key.java.JP2KeYVisitor.reportError(JP2KeYConverter.java:119)

96207      ERROR Test worker     d.u.i.k.n.b.TacletPBuilder Error in parsing taclet. de.uka.ilkd.key.util.parsing.BuildingException: JavaBuildingIssue{node=PrintStream.$allocate()range=Optional.empty, message='Unsupported element detected given by Java Parser: MethodCallExpr. Please extend the KeY-Java-Hierarchy'} at file:/home/runner/work/key/key/key.core/build/resources/main/de/uka/ilkd/key/proof/rules/javaRules.key:2416:15
	at de.uka.ilkd.key.nparser.builder.AbstractBuilder.accept(AbstractBuilder.java:54)
Caused by: de.uka.ilkd.key.java.JavaBuildingExceptions: JavaBuildingIssue{node=PrintStream.$allocate()range=Optional.empty, message='Unsupported element detected given by Java Parser: MethodCallExpr. Please extend the KeY-Java-Hierarchy'}
	at de.uka.ilkd.key.java.JP2KeYVisitor.reportError(JP2KeYConverter.java:119)

96451      ERROR Test worker     d.u.i.k.n.b.AbstractBuilder  de.uka.ilkd.key.java.JavaBuildingExceptions: JavaBuildingIssue{node=PrintStream.$allocate()range=Optional.empty, message='Unsupported element detected given by Java Parser: MethodCallExpr. Please extend the KeY-Java-Hierarchy'}
	at de.uka.ilkd.key.java.JP2KeYVisitor.reportError(JP2KeYConverter.java:119)

96451      ERROR Test worker     d.u.i.k.n.b.TacletPBuilder Error in parsing taclet. de.uka.ilkd.key.util.parsing.BuildingException: JavaBuildingIssue{node=PrintStream.$allocate()range=Optional.empty, message='Unsupported element detected given by Java Parser: MethodCallExpr. Please extend the KeY-Java-Hierarchy'} at file:/home/runner/work/key/key/key.core/build/resources/main/de/uka/ilkd/key/proof/rules/javaRules.key:2424:15
	at de.uka.ilkd.key.nparser.builder.AbstractBuilder.accept(AbstractBuilder.java:54)
Caused by: de.uka.ilkd.key.java.JavaBuildingExceptions: JavaBuildingIssue{node=PrintStream.$allocate()range=Optional.empty, message='Unsupported element detected given by Java Parser: MethodCallExpr. Please extend the KeY-Java-Hierarchy'}
	at de.uka.ilkd.key.java.JP2KeYVisitor.reportError(JP2KeYConverter.java:119)

96783      ERROR Test worker     d.u.i.k.n.b.AbstractBuilder  de.uka.ilkd.key.java.JavaBuildingExceptions: JavaBuildingIssue{node=PrintStream.$allocate()range=Optional.empty, message='Unsupported element detected given by Java Parser: MethodCallExpr. Please extend the KeY-Java-Hierarchy'}
	at de.uka.ilkd.key.java.JP2KeYVisitor.reportError(JP2KeYConverter.java:119)

96784      ERROR Test worker     d.u.i.k.n.b.TacletPBuilder Error in parsing taclet. de.uka.ilkd.key.util.parsing.BuildingException: JavaBuildingIssue{node=PrintStream.$allocate()range=Optional.empty, message='Unsupported element detected given by Java Parser: MethodCallExpr. Please extend the KeY-Java-Hierarchy'} at file:/home/runner/work/key/key/key.core/build/resources/main/de/uka/ilkd/key/proof/rules/javaRules.key:2432:15
	at de.uka.ilkd.key.nparser.builder.AbstractBuilder.accept(AbstractBuilder.java:54)
Caused by: de.uka.ilkd.key.java.JavaBuildingExceptions: JavaBuildingIssue{node=PrintStream.$allocate()range=Optional.empty, message='Unsupported element detected given by Java Parser: MethodCallExpr. Please extend the KeY-Java-Hierarchy'}
	at de.uka.ilkd.key.java.JP2KeYVisitor.reportError(JP2KeYConverter.java:119)

97028      ERROR Test worker     d.u.i.k.n.b.AbstractBuilder  de.uka.ilkd.key.java.JavaBuildingExceptions: JavaBuildingIssue{node=PrintStream.$allocate()range=Optional.empty, message='Unsupported element detected given by Java Parser: MethodCallExpr. Please extend the KeY-Java-Hierarchy'}
	at de.uka.ilkd.key.java.JP2KeYVisitor.reportError(JP2KeYConverter.java:119)

97028      ERROR Test worker     d.u.i.k.n.b.TacletPBuilder Error in parsing taclet. de.uka.ilkd.key.util.parsing.BuildingException: JavaBuildingIssue{node=PrintStream.$allocate()range=Optional.empty, message='Unsupported element detected given by Java Parser: MethodCallExpr. Please extend the KeY-Java-Hierarchy'} at file:/home/runner/work/key/key/key.core/build/resources/main/de/uka/ilkd/key/proof/rules/javaRules.key:2440:15
	at de.uka.ilkd.key.nparser.builder.AbstractBuilder.accept(AbstractBuilder.java:54)
Caused by: de.uka.ilkd.key.java.JavaBuildingExceptions: JavaBuildingIssue{node=PrintStream.$allocate()range=Optional.empty, message='Unsupported element detected given by Java Parser: MethodCallExpr. Please extend the KeY-Java-Hierarchy'}
	at de.uka.ilkd.key.java.JP2KeYVisitor.reportError(JP2KeYConverter.java:119)

97273      ERROR Test worker     d.u.i.k.n.b.AbstractBuilder  de.uka.ilkd.key.java.JavaBuildingExceptions: JavaBuildingIssue{node=PrintStream.$allocate()range=Optional.empty, message='Unsupported element detected given by Java Parser: MethodCallExpr. Please extend the KeY-Java-Hierarchy'}
	at de.uka.ilkd.key.java.JP2KeYVisitor.reportError(JP2KeYConverter.java:119)

97273      ERROR Test worker     d.u.i.k.n.b.TacletPBuilder Error in parsing taclet. de.uka.ilkd.key.util.parsing.BuildingException: JavaBuildingIssue{node=PrintStream.$allocate()range=Optional.empty, message='Unsupported element detected given by Java Parser: MethodCallExpr. Please extend the KeY-Java-Hierarchy'} at file:/home/runner/work/key/key/key.core/build/resources/main/de/uka/ilkd/key/proof/rules/javaRules.key:2448:15
	at de.uka.ilkd.key.nparser.builder.AbstractBuilder.accept(AbstractBuilder.java:54)
Caused by: de.uka.ilkd.key.java.JavaBuildingExceptions: JavaBuildingIssue{node=PrintStream.$allocate()range=Optional.empty, message='Unsupported element detected given by Java Parser: MethodCallExpr. Please extend the KeY-Java-Hierarchy'}
	at de.uka.ilkd.key.java.JP2KeYVisitor.reportError(JP2KeYConverter.java:119)

97513      ERROR Test worker     d.u.i.k.n.b.AbstractBuilder  de.uka.ilkd.key.java.JavaBuildingExceptions: JavaBuildingIssue{node=PrintStream.$allocate()range=Optional.empty, message='Unsupported element detected given by Java Parser: MethodCallExpr. Please extend the KeY-Java-Hierarchy'}
	at de.uka.ilkd.key.java.JP2KeYVisitor.reportError(JP2KeYConverter.java:119)

97514      ERROR Test worker     d.u.i.k.n.b.TacletPBuilder Error in parsing taclet. de.uka.ilkd.key.util.parsing.BuildingException: JavaBuildingIssue{node=PrintStream.$allocate()range=Optional.empty, message='Unsupported element detected given by Java Parser: MethodCallExpr. Please extend the KeY-Java-Hierarchy'} at file:/home/runner/work/key/key/key.core/build/resources/main/de/uka/ilkd/key/proof/rules/javaRules.key:2456:15
	at de.uka.ilkd.key.nparser.builder.AbstractBuilder.accept(AbstractBuilder.java:54)
Caused by: de.uka.ilkd.key.java.JavaBuildingExceptions: JavaBuildingIssue{node=PrintStream.$allocate()range=Optional.empty, message='Unsupported element detected given by Java Parser: MethodCallExpr. Please extend the KeY-Java-Hierarchy'}
	at de.uka.ilkd.key.java.JP2KeYVisitor.reportError(JP2KeYConverter.java:119)

97758      ERROR Test worker     d.u.i.k.n.b.AbstractBuilder  de.uka.ilkd.key.java.JavaBuildingExceptions: JavaBuildingIssue{node=PrintStream.$allocate()range=Optional.empty, message='Unsupported element detected given by Java Parser: MethodCallExpr. Please extend the KeY-Java-Hierarchy'}
	at de.uka.ilkd.key.java.JP2KeYVisitor.reportError(JP2KeYConverter.java:119)

97758      ERROR Test worker     d.u.i.k.n.b.TacletPBuilder Error in parsing taclet. de.uka.ilkd.key.util.parsing.BuildingException: JavaBuildingIssue{node=PrintStream.$allocate()range=Optional.empty, message='Unsupported element detected given by Java Parser: MethodCallExpr. Please extend the KeY-Java-Hierarchy'} at file:/home/runner/work/key/key/key.core/build/resources/main/de/uka/ilkd/key/proof/rules/javaRules.key:2464:15
	at de.uka.ilkd.key.nparser.builder.AbstractBuilder.accept(AbstractBuilder.java:54)
Caused by: de.uka.ilkd.key.java.JavaBuildingExceptions: JavaBuildingIssue{node=PrintStream.$allocate()range=Optional.empty, message='Unsupported element detected given by Java Parser: MethodCallExpr. Please extend the KeY-Java-Hierarchy'}
	at de.uka.ilkd.key.java.JP2KeYVisitor.reportError(JP2KeYConverter.java:119)

97998      ERROR Test worker     d.u.i.k.n.b.AbstractBuilder  de.uka.ilkd.key.java.JavaBuildingExceptions: JavaBuildingIssue{node=PrintStream.$allocate()range=Optional.empty, message='Unsupported element detected given by Java Parser: MethodCallExpr. Please extend the KeY-Java-Hierarchy'}
	at de.uka.ilkd.key.java.JP2KeYVisitor.reportError(JP2KeYConverter.java:119)

97998      ERROR Test worker     d.u.i.k.n.b.TacletPBuilder Error in parsing taclet. de.uka.ilkd.key.util.parsing.BuildingException: JavaBuildingIssue{node=PrintStream.$allocate()range=Optional.empty, message='Unsupported element detected given by Java Parser: MethodCallExpr. Please extend the KeY-Java-Hierarchy'} at file:/home/runner/work/key/key/key.core/build/resources/main/de/uka/ilkd/key/proof/rules/javaRules.key:2472:15
	at de.uka.ilkd.key.nparser.builder.AbstractBuilder.accept(AbstractBuilder.java:54)
Caused by: de.uka.ilkd.key.java.JavaBuildingExceptions: JavaBuildingIssue{node=PrintStream.$allocate()range=Optional.empty, message='Unsupported element detected given by Java Parser: MethodCallExpr. Please extend the KeY-Java-Hierarchy'}
	at de.uka.ilkd.key.java.JP2KeYVisitor.reportError(JP2KeYConverter.java:119)

98324      ERROR Test worker     d.u.i.k.n.b.AbstractBuilder  de.uka.ilkd.key.java.JavaBuildingExceptions: JavaBuildingIssue{node=PrintStream.$allocate()range=Optional.empty, message='Unsupported element detected given by Java Parser: MethodCallExpr. Please extend the KeY-Java-Hierarchy'}
	at de.uka.ilkd.key.java.JP2KeYVisitor.reportError(JP2KeYConverter.java:119)

98324      ERROR Test worker     d.u.i.k.n.b.TacletPBuilder Error in parsing taclet. de.uka.ilkd.key.util.parsing.BuildingException: JavaBuildingIssue{node=PrintStream.$allocate()range=Optional.empty, message='Unsupported element detected given by Java Parser: MethodCallExpr. Please extend the KeY-Java-Hierarchy'} at file:/home/runner/work/key/key/key.core/build/resources/main/de/uka/ilkd/key/proof/rules/javaRules.key:2480:15
	at de.uka.ilkd.key.nparser.builder.AbstractBuilder.accept(AbstractBuilder.java:54)
Caused by: de.uka.ilkd.key.java.JavaBuildingExceptions: JavaBuildingIssue{node=PrintStream.$allocate()range=Optional.empty, message='Unsupported element detected given by Java Parser: MethodCallExpr. Please extend the KeY-Java-Hierarchy'}
	at de.uka.ilkd.key.java.JP2KeYVisitor.reportError(JP2KeYConverter.java:119)

98563      ERROR Test worker     d.u.i.k.n.b.AbstractBuilder  de.uka.ilkd.key.java.JavaBuildingExceptions: JavaBuildingIssue{node=PrintStream.$allocate()range=Optional.empty, message='Unsupported element detected given by Java Parser: MethodCallExpr. Please extend the KeY-Java-Hierarchy'}
	at de.uka.ilkd.key.java.JP2KeYVisitor.reportError(JP2KeYConverter.java:119)

98564      ERROR Test worker     d.u.i.k.n.b.TacletPBuilder Error in parsing taclet. de.uka.ilkd.key.util.parsing.BuildingException: JavaBuildingIssue{node=PrintStream.$allocate()range=Optional.empty, message='Unsupported element detected given by Java Parser: MethodCallExpr. Please extend the KeY-Java-Hierarchy'} at file:/home/runner/work/key/key/key.core/build/resources/main/de/uka/ilkd/key/proof/rules/javaRules.key:2488:15
	at de.uka.ilkd.key.nparser.builder.AbstractBuilder.accept(AbstractBuilder.java:54)
Caused by: de.uka.ilkd.key.java.JavaBuildingExceptions: JavaBuildingIssue{node=PrintStream.$allocate()range=Optional.empty, message='Unsupported element detected given by Java Parser: MethodCallExpr. Please extend the KeY-Java-Hierarchy'}
	at de.uka.ilkd.key.java.JP2KeYVisitor.reportError(JP2KeYConverter.java:119)

98801      ERROR Test worker     d.u.i.k.n.b.AbstractBuilder  de.uka.ilkd.key.java.JavaBuildingExceptions: JavaBuildingIssue{node=PrintStream.$allocate()range=Optional.empty, message='Unsupported element detected given by Java Parser: MethodCallExpr. Please extend the KeY-Java-Hierarchy'}
	at de.uka.ilkd.key.java.JP2KeYVisitor.reportError(JP2KeYConverter.java:119)

98802      ERROR Test worker     d.u.i.k.n.b.TacletPBuilder Error in parsing taclet. de.uka.ilkd.key.util.parsing.BuildingException: JavaBuildingIssue{node=PrintStream.$allocate()range=Optional.empty, message='Unsupported element detected given by Java Parser: MethodCallExpr. Please extend the KeY-Java-Hierarchy'} at file:/home/runner/work/key/key/key.core/build/resources/main/de/uka/ilkd/key/proof/rules/javaRules.key:2496:15
	at de.uka.ilkd.key.nparser.builder.AbstractBuilder.accept(AbstractBuilder.java:54)
Caused by: de.uka.ilkd.key.java.JavaBuildingExceptions: JavaBuildingIssue{node=PrintStream.$allocate()range=Optional.empty, message='Unsupported element detected given by Java Parser: MethodCallExpr. Please extend the KeY-Java-Hierarchy'}
	at de.uka.ilkd.key.java.JP2KeYVisitor.reportError(JP2KeYConverter.java:119)

99043      ERROR Test worker     d.u.i.k.n.b.AbstractBuilder  de.uka.ilkd.key.java.JavaBuildingExceptions: JavaBuildingIssue{node=PrintStream.$allocate()range=Optional.empty, message='Unsupported element detected given by Java Parser: MethodCallExpr. Please extend the KeY-Java-Hierarchy'}
	at de.uka.ilkd.key.java.JP2KeYVisitor.reportError(JP2KeYConverter.java:119)

99043      ERROR Test worker     d.u.i.k.n.b.TacletPBuilder Error in parsing taclet. de.uka.ilkd.key.util.parsing.BuildingException: JavaBuildingIssue{node=PrintStream.$allocate()range=Optional.empty, message='Unsupported element detected given by Java Parser: MethodCallExpr. Please extend the KeY-Java-Hierarchy'} at file:/home/runner/work/key/key/key.core/build/resources/main/de/uka/ilkd/key/proof/rules/javaRules.key:2504:15
	at de.uka.ilkd.key.nparser.builder.AbstractBuilder.accept(AbstractBuilder.java:54)
Caused by: de.uka.ilkd.key.java.JavaBuildingExceptions: JavaBuildingIssue{node=PrintStream.$allocate()range=Optional.empty, message='Unsupported element detected given by Java Parser: MethodCallExpr. Please extend the KeY-Java-Hierarchy'}
	at de.uka.ilkd.key.java.JP2KeYVisitor.reportError(JP2KeYConverter.java:119)

99287      ERROR Test worker     d.u.i.k.n.b.AbstractBuilder  de.uka.ilkd.key.java.JavaBuildingExceptions: JavaBuildingIssue{node=PrintStream.$allocate()range=Optional.empty, message='Unsupported element detected given by Java Parser: MethodCallExpr. Please extend the KeY-Java-Hierarchy'}
	at de.uka.ilkd.key.java.JP2KeYVisitor.reportError(JP2KeYConverter.java:119)

99288      ERROR Test worker     d.u.i.k.n.b.TacletPBuilder Error in parsing taclet. de.uka.ilkd.key.util.parsing.BuildingException: JavaBuildingIssue{node=PrintStream.$allocate()range=Optional.empty, message='Unsupported element detected given by Java Parser: MethodCallExpr. Please extend the KeY-Java-Hierarchy'} at file:/home/runner/work/key/key/key.core/build/resources/main/de/uka/ilkd/key/proof/rules/javaRules.key:2512:15
	at de.uka.ilkd.key.nparser.builder.AbstractBuilder.accept(AbstractBuilder.java:54)
Caused by: de.uka.ilkd.key.java.JavaBuildingExceptions: JavaBuildingIssue{node=PrintStream.$allocate()range=Optional.empty, message='Unsupported element detected given by Java Parser: MethodCallExpr. Please extend the KeY-Java-Hierarchy'}
	at de.uka.ilkd.key.java.JP2KeYVisitor.reportError(JP2KeYConverter.java:119)

99524      ERROR Test worker     d.u.i.k.n.b.AbstractBuilder  de.uka.ilkd.key.java.JavaBuildingExceptions: JavaBuildingIssue{node=PrintStream.$allocate()range=Optional.empty, message='Unsupported element detected given by Java Parser: MethodCallExpr. Please extend the KeY-Java-Hierarchy'}
	at de.uka.ilkd.key.java.JP2KeYVisitor.reportError(JP2KeYConverter.java:119)

99524      ERROR Test worker     d.u.i.k.n.b.TacletPBuilder Error in parsing taclet. de.uka.ilkd.key.util.parsing.BuildingException: JavaBuildingIssue{node=PrintStream.$allocate()range=Optional.empty, message='Unsupported element detected given by Java Parser: MethodCallExpr. Please extend the KeY-Java-Hierarchy'} at file:/home/runner/work/key/key/key.core/build/resources/main/de/uka/ilkd/key/proof/rules/javaRules.key:2520:15
	at de.uka.ilkd.key.nparser.builder.AbstractBuilder.accept(AbstractBuilder.java:54)
Caused by: de.uka.ilkd.key.java.JavaBuildingExceptions: JavaBuildingIssue{node=PrintStream.$allocate()range=Optional.empty, message='Unsupported element detected given by Java Parser: MethodCallExpr. Please extend the KeY-Java-Hierarchy'}
	at de.uka.ilkd.key.java.JP2KeYVisitor.reportError(JP2KeYConverter.java:119)

99862      ERROR Test worker     d.u.i.k.n.b.AbstractBuilder  de.uka.ilkd.key.java.JavaBuildingExceptions: JavaBuildingIssue{node=PrintStream.$allocate()range=Optional.empty, message='Unsupported element detected given by Java Parser: MethodCallExpr. Please extend the KeY-Java-Hierarchy'}
	at de.uka.ilkd.key.java.JP2KeYVisitor.reportError(JP2KeYConverter.java:119)

99863      ERROR Test worker     d.u.i.k.n.b.TacletPBuilder Error in parsing taclet. de.uka.ilkd.key.util.parsing.BuildingException: JavaBuildingIssue{node=PrintStream.$allocate()range=Optional.empty, message='Unsupported element detected given by Java Parser: MethodCallExpr. Please extend the KeY-Java-Hierarchy'} at file:/home/runner/work/key/key/key.core/build/resources/main/de/uka/ilkd/key/proof/rules/javaRules.key:2528:15
	at de.uka.ilkd.key.nparser.builder.AbstractBuilder.accept(AbstractBuilder.java:54)
Caused by: de.uka.ilkd.key.java.JavaBuildingExceptions: JavaBuildingIssue{node=PrintStream.$allocate()range=Optional.empty, message='Unsupported element detected given by Java Parser: MethodCallExpr. Please extend the KeY-Java-Hierarchy'}
	at de.uka.ilkd.key.java.JP2KeYVisitor.reportError(JP2KeYConverter.java:119)

100100     ERROR Test worker     d.u.i.k.n.b.AbstractBuilder  de.uka.ilkd.key.java.JavaBuildingExceptions: JavaBuildingIssue{node=PrintStream.$allocate()range=Optional.empty, message='Unsupported element detected given by Java Parser: MethodCallExpr. Please extend the KeY-Java-Hierarchy'}
	at de.uka.ilkd.key.java.JP2KeYVisitor.reportError(JP2KeYConverter.java:119)

100101     ERROR Test worker     d.u.i.k.n.b.TacletPBuilder Error in parsing taclet. de.uka.ilkd.key.util.parsing.BuildingException: JavaBuildingIssue{node=PrintStream.$allocate()range=Optional.empty, message='Unsupported element detected given by Java Parser: MethodCallExpr. Please extend the KeY-Java-Hierarchy'} at file:/home/runner/work/key/key/key.core/build/resources/main/de/uka/ilkd/key/proof/rules/javaRules.key:2536:15
	at de.uka.ilkd.key.nparser.builder.AbstractBuilder.accept(AbstractBuilder.java:54)
Caused by: de.uka.ilkd.key.java.JavaBuildingExceptions: JavaBuildingIssue{node=PrintStream.$allocate()range=Optional.empty, message='Unsupported element detected given by Java Parser: MethodCallExpr. Please extend the KeY-Java-Hierarchy'}
	at de.uka.ilkd.key.java.JP2KeYVisitor.reportError(JP2KeYConverter.java:119)

100338     ERROR Test worker     d.u.i.k.n.b.AbstractBuilder  de.uka.ilkd.key.java.JavaBuildingExceptions: JavaBuildingIssue{node=PrintStream.$allocate()range=Optional.empty, message='Unsupported element detected given by Java Parser: MethodCallExpr. Please extend the KeY-Java-Hierarchy'}
	at de.uka.ilkd.key.java.JP2KeYVisitor.reportError(JP2KeYConverter.java:119)

100338     ERROR Test worker     d.u.i.k.n.b.TacletPBuilder Error in parsing taclet. de.uka.ilkd.key.util.parsing.BuildingException: JavaBuildingIssue{node=PrintStream.$allocate()range=Optional.empty, message='Unsupported element detected given by Java Parser: MethodCallExpr. Please extend the KeY-Java-Hierarchy'} at file:/home/runner/work/key/key/key.core/build/resources/main/de/uka/ilkd/key/proof/rules/javaRules.key:2544:15
	at de.uka.ilkd.key.nparser.builder.AbstractBuilder.accept(AbstractBuilder.java:54)
Caused by: de.uka.ilkd.key.java.JavaBuildingExceptions: JavaBuildingIssue{node=PrintStream.$allocate()range=Optional.empty, message='Unsupported element detected given by Java Parser: MethodCallExpr. Please extend the KeY-Java-Hierarchy'}
	at de.uka.ilkd.key.java.JP2KeYVisitor.reportError(JP2KeYConverter.java:119)

100574     ERROR Test worker     d.u.i.k.n.b.AbstractBuilder  de.uka.ilkd.key.java.JavaBuildingExceptions: JavaBuildingIssue{node=PrintStream.$allocate()range=Optional.empty, message='Unsupported element detected given by Java Parser: MethodCallExpr. Please extend the KeY-Java-Hierarchy'}
	at de.uka.ilkd.key.java.JP2KeYVisitor.reportError(JP2KeYConverter.java:119)

100574     ERROR Test worker     d.u.i.k.n.b.TacletPBuilder Error in parsing taclet. de.uka.ilkd.key.util.parsing.BuildingException: JavaBuildingIssue{node=PrintStream.$allocate()range=Optional.empty, message='Unsupported element detected given by Java Parser: MethodCallExpr. Please extend the KeY-Java-Hierarchy'} at file:/home/runner/work/key/key/key.core/build/resources/main/de/uka/ilkd/key/proof/rules/javaRules.key:2552:15
	at de.uka.ilkd.key.nparser.builder.AbstractBuilder.accept(AbstractBuilder.java:54)
Caused by: de.uka.ilkd.key.java.JavaBuildingExceptions: JavaBuildingIssue{node=PrintStream.$allocate()range=Optional.empty, message='Unsupported element detected given by Java Parser: MethodCallExpr. Please extend the KeY-Java-Hierarchy'}
	at de.uka.ilkd.key.java.JP2KeYVisitor.reportError(JP2KeYConverter.java:119)

100814     ERROR Test worker     d.u.i.k.n.b.AbstractBuilder  de.uka.ilkd.key.java.JavaBuildingExceptions: JavaBuildingIssue{node=PrintStream.$allocate()range=Optional.empty, message='Unsupported element detected given by Java Parser: MethodCallExpr. Please extend the KeY-Java-Hierarchy'}
	at de.uka.ilkd.key.java.JP2KeYVisitor.reportError(JP2KeYConverter.java:119)

100814     ERROR Test worker     d.u.i.k.n.b.TacletPBuilder Error in parsing taclet. de.uka.ilkd.key.util.parsing.BuildingException: JavaBuildingIssue{node=PrintStream.$allocate()range=Optional.empty, message='Unsupported element detected given by Java Parser: MethodCallExpr. Please extend the KeY-Java-Hierarchy'} at file:/home/runner/work/key/key/key.core/build/resources/main/de/uka/ilkd/key/proof/rules/javaRules.key:2560:15
	at de.uka.ilkd.key.nparser.builder.AbstractBuilder.accept(AbstractBuilder.java:54)
Caused by: de.uka.ilkd.key.java.JavaBuildingExceptions: JavaBuildingIssue{node=PrintStream.$allocate()range=Optional.empty, message='Unsupported element detected given by Java Parser: MethodCallExpr. Please extend the KeY-Java-Hierarchy'}
	at de.uka.ilkd.key.java.JP2KeYVisitor.reportError(JP2KeYConverter.java:119)

101053     ERROR Test worker     d.u.i.k.n.b.AbstractBuilder  de.uka.ilkd.key.java.JavaBuildingExceptions: JavaBuildingIssue{node=PrintStream.$allocate()range=Optional.empty, message='Unsupported element detected given by Java Parser: MethodCallExpr. Please extend the KeY-Java-Hierarchy'}
	at de.uka.ilkd.key.java.JP2KeYVisitor.reportError(JP2KeYConverter.java:119)

101053     ERROR Test worker     d.u.i.k.n.b.TacletPBuilder Error in parsing taclet. de.uka.ilkd.key.util.parsing.BuildingException: JavaBuildingIssue{node=PrintStream.$allocate()range=Optional.empty, message='Unsupported element detected given by Java Parser: MethodCallExpr. Please extend the KeY-Java-Hierarchy'} at file:/home/runner/work/key/key/key.core/build/resources/main/de/uka/ilkd/key/proof/rules/javaRules.key:2568:15
	at de.uka.ilkd.key.nparser.builder.AbstractBuilder.accept(AbstractBuilder.java:54)
Caused by: de.uka.ilkd.key.java.JavaBuildingExceptions: JavaBuildingIssue{node=PrintStream.$allocate()range=Optional.empty, message='Unsupported element detected given by Java Parser: MethodCallExpr. Please extend the KeY-Java-Hierarchy'}
	at de.uka.ilkd.key.java.JP2KeYVisitor.reportError(JP2KeYConverter.java:119)

101379     ERROR Test worker     d.u.i.k.n.b.AbstractBuilder  de.uka.ilkd.key.java.JavaBuildingExceptions: JavaBuildingIssue{node=PrintStream.$allocate()range=Optional.empty, message='Unsupported element detected given by Java Parser: MethodCallExpr. Please extend the KeY-Java-Hierarchy'}
	at de.uka.ilkd.key.java.JP2KeYVisitor.reportError(JP2KeYConverter.java:119)

101379     ERROR Test worker     d.u.i.k.n.b.TacletPBuilder Error in parsing taclet. de.uka.ilkd.key.util.parsing.BuildingException: JavaBuildingIssue{node=PrintStream.$allocate()range=Optional.empty, message='Unsupported element detected given by Java Parser: MethodCallExpr. Please extend the KeY-Java-Hierarchy'} at file:/home/runner/work/key/key/key.core/build/resources/main/de/uka/ilkd/key/proof/rules/javaRules.key:2576:15
	at de.uka.ilkd.key.nparser.builder.AbstractBuilder.accept(AbstractBuilder.java:54)
Caused by: de.uka.ilkd.key.java.JavaBuildingExceptions: JavaBuildingIssue{node=PrintStream.$allocate()range=Optional.empty, message='Unsupported element detected given by Java Parser: MethodCallExpr. Please extend the KeY-Java-Hierarchy'}
	at de.uka.ilkd.key.java.JP2KeYVisitor.reportError(JP2KeYConverter.java:119)

101616     ERROR Test worker     d.u.i.k.n.b.AbstractBuilder  de.uka.ilkd.key.java.JavaBuildingExceptions: JavaBuildingIssue{node=PrintStream.$allocate()range=Optional.empty, message='Unsupported element detected given by Java Parser: MethodCallExpr. Please extend the KeY-Java-Hierarchy'}
	at de.uka.ilkd.key.java.JP2KeYVisitor.reportError(JP2KeYConverter.java:119)

101616     ERROR Test worker     d.u.i.k.n.b.TacletPBuilder Error in parsing taclet. de.uka.ilkd.key.util.parsing.BuildingException: JavaBuildingIssue{node=PrintStream.$allocate()range=Optional.empty, message='Unsupported element detected given by Java Parser: MethodCallExpr. Please extend the KeY-Java-Hierarchy'} at file:/home/runner/work/key/key/key.core/build/resources/main/de/uka/ilkd/key/proof/rules/javaRules.key:2584:15
	at de.uka.ilkd.key.nparser.builder.AbstractBuilder.accept(AbstractBuilder.java:54)
Caused by: de.uka.ilkd.key.java.JavaBuildingExceptions: JavaBuildingIssue{node=PrintStream.$allocate()range=Optional.empty, message='Unsupported element detected given by Java Parser: MethodCallExpr. Please extend the KeY-Java-Hierarchy'}
	at de.uka.ilkd.key.java.JP2KeYVisitor.reportError(JP2KeYConverter.java:119)

101854     ERROR Test worker     d.u.i.k.n.b.AbstractBuilder  de.uka.ilkd.key.java.JavaBuildingExceptions: JavaBuildingIssue{node=PrintStream.$allocate()range=Optional.empty, message='Unsupported element detected given by Java Parser: MethodCallExpr. Please extend the KeY-Java-Hierarchy'}
	at de.uka.ilkd.key.java.JP2KeYVisitor.reportError(JP2KeYConverter.java:119)

101854     ERROR Test worker     d.u.i.k.n.b.TacletPBuilder Error in parsing taclet. de.uka.ilkd.key.util.parsing.BuildingException: JavaBuildingIssue{node=PrintStream.$allocate()range=Optional.empty, message='Unsupported element detected given by Java Parser: MethodCallExpr. Please extend the KeY-Java-Hierarchy'} at file:/home/runner/work/key/key/key.core/build/resources/main/de/uka/ilkd/key/proof/rules/javaRules.key:2592:15
	at de.uka.ilkd.key.nparser.builder.AbstractBuilder.accept(AbstractBuilder.java:54)
Caused by: de.uka.ilkd.key.java.JavaBuildingExceptions: JavaBuildingIssue{node=PrintStream.$allocate()range=Optional.empty, message='Unsupported element detected given by Java Parser: MethodCallExpr. Please extend the KeY-Java-Hierarchy'}
	at de.uka.ilkd.key.java.JP2KeYVisitor.reportError(JP2KeYConverter.java:119)

102091     ERROR Test worker     d.u.i.k.n.b.AbstractBuilder  de.uka.ilkd.key.java.JavaBuildingExceptions: JavaBuildingIssue{node=PrintStream.$allocate()range=Optional.empty, message='Unsupported element detected given by Java Parser: MethodCallExpr. Please extend the KeY-Java-Hierarchy'}
	at de.uka.ilkd.key.java.JP2KeYVisitor.reportError(JP2KeYConverter.java:119)

102091     ERROR Test worker     d.u.i.k.n.b.TacletPBuilder Error in parsing taclet. de.uka.ilkd.key.util.parsing.BuildingException: JavaBuildingIssue{node=PrintStream.$allocate()range=Optional.empty, message='Unsupported element detected given by Java Parser: MethodCallExpr. Please extend the KeY-Java-Hierarchy'} at file:/home/runner/work/key/key/key.core/build/resources/main/de/uka/ilkd/key/proof/rules/javaRules.key:2600:15
	at de.uka.ilkd.key.nparser.builder.AbstractBuilder.accept(AbstractBuilder.java:54)
Caused by: de.uka.ilkd.key.java.JavaBuildingExceptions: JavaBuildingIssue{node=PrintStream.$allocate()range=Optional.empty, message='Unsupported element detected given by Java Parser: MethodCallExpr. Please extend the KeY-Java-Hierarchy'}
	at de.uka.ilkd.key.java.JP2KeYVisitor.reportError(JP2KeYConverter.java:119)

102328     ERROR Test worker     d.u.i.k.n.b.AbstractBuilder  de.uka.ilkd.key.java.JavaBuildingExceptions: JavaBuildingIssue{node=PrintStream.$allocate()range=Optional.empty, message='Unsupported element detected given by Java Parser: MethodCallExpr. Please extend the KeY-Java-Hierarchy'}
	at de.uka.ilkd.key.java.JP2KeYVisitor.reportError(JP2KeYConverter.java:119)

102328     ERROR Test worker     d.u.i.k.n.b.TacletPBuilder Error in parsing taclet. de.uka.ilkd.key.util.parsing.BuildingException: JavaBuildingIssue{node=PrintStream.$allocate()range=Optional.empty, message='Unsupported element detected given by Java Parser: MethodCallExpr. Please extend the KeY-Java-Hierarchy'} at file:/home/runner/work/key/key/key.core/build/resources/main/de/uka/ilkd/key/proof/rules/javaRules.key:2608:15
	at de.uka.ilkd.key.nparser.builder.AbstractBuilder.accept(AbstractBuilder.java:54)
Caused by: de.uka.ilkd.key.java.JavaBuildingExceptions: JavaBuildingIssue{node=PrintStream.$allocate()range=Optional.empty, message='Unsupported element detected given by Java Parser: MethodCallExpr. Please extend the KeY-Java-Hierarchy'}
	at de.uka.ilkd.key.java.JP2KeYVisitor.reportError(JP2KeYConverter.java:119)

102662     ERROR Test worker     d.u.i.k.n.b.AbstractBuilder  de.uka.ilkd.key.java.JavaBuildingExceptions: JavaBuildingIssue{node=PrintStream.$allocate()range=Optional.empty, message='Unsupported element detected given by Java Parser: MethodCallExpr. Please extend the KeY-Java-Hierarchy'}
	at de.uka.ilkd.key.java.JP2KeYVisitor.reportError(JP2KeYConverter.java:119)

102662     ERROR Test worker     d.u.i.k.n.b.TacletPBuilder Error in parsing taclet. de.uka.ilkd.key.util.parsing.BuildingException: JavaBuildingIssue{node=PrintStream.$allocate()range=Optional.empty, message='Unsupported element detected given by Java Parser: MethodCallExpr. Please extend the KeY-Java-Hierarchy'} at file:/home/runner/work/key/key/key.core/build/resources/main/de/uka/ilkd/key/proof/rules/javaRules.key:2616:15
	at de.uka.ilkd.key.nparser.builder.AbstractBuilder.accept(AbstractBuilder.java:54)
Caused by: de.uka.ilkd.key.java.JavaBuildingExceptions: JavaBuildingIssue{node=PrintStream.$allocate()range=Optional.empty, message='Unsupported element detected given by Java Parser: MethodCallExpr. Please extend the KeY-Java-Hierarchy'}
	at de.uka.ilkd.key.java.JP2KeYVisitor.reportError(JP2KeYConverter.java:119)

102910     ERROR Test worker     d.u.i.k.n.b.AbstractBuilder  de.uka.ilkd.key.java.JavaBuildingExceptions: JavaBuildingIssue{node=PrintStream.$allocate()range=Optional.empty, message='Unsupported element detected given by Java Parser: MethodCallExpr. Please extend the KeY-Java-Hierarchy'}
	at de.uka.ilkd.key.java.JP2KeYVisitor.reportError(JP2KeYConverter.java:119)

102910     ERROR Test worker     d.u.i.k.n.b.TacletPBuilder Error in parsing taclet. de.uka.ilkd.key.util.parsing.BuildingException: JavaBuildingIssue{node=PrintStream.$allocate()range=Optional.empty, message='Unsupported element detected given by Java Parser: MethodCallExpr. Please extend the KeY-Java-Hierarchy'} at file:/home/runner/work/key/key/key.core/build/resources/main/de/uka/ilkd/key/proof/rules/javaRules.key:2624:15
	at de.uka.ilkd.key.nparser.builder.AbstractBuilder.accept(AbstractBuilder.java:54)
Caused by: de.uka.ilkd.key.java.JavaBuildingExceptions: JavaBuildingIssue{node=PrintStream.$allocate()range=Optional.empty, message='Unsupported element detected given by Java Parser: MethodCallExpr. Please extend the KeY-Java-Hierarchy'}
	at de.uka.ilkd.key.java.JP2KeYVisitor.reportError(JP2KeYConverter.java:119)

103148     ERROR Test worker     d.u.i.k.n.b.AbstractBuilder  de.uka.ilkd.key.java.JavaBuildingExceptions: JavaBuildingIssue{node=PrintStream.$allocate()range=Optional.empty, message='Unsupported element detected given by Java Parser: MethodCallExpr. Please extend the KeY-Java-Hierarchy'}
	at de.uka.ilkd.key.java.JP2KeYVisitor.reportError(JP2KeYConverter.java:119)

103148     ERROR Test worker     d.u.i.k.n.b.TacletPBuilder Error in parsing taclet. de.uka.ilkd.key.util.parsing.BuildingException: JavaBuildingIssue{node=PrintStream.$allocate()range=Optional.empty, message='Unsupported element detected given by Java Parser: MethodCallExpr. Please extend the KeY-Java-Hierarchy'} at file:/home/runner/work/key/key/key.core/build/resources/main/de/uka/ilkd/key/proof/rules/javaRules.key:2632:15
	at de.uka.ilkd.key.nparser.builder.AbstractBuilder.accept(AbstractBuilder.java:54)
Caused by: de.uka.ilkd.key.java.JavaBuildingExceptions: JavaBuildingIssue{node=PrintStream.$allocate()range=Optional.empty, message='Unsupported element detected given by Java Parser: MethodCallExpr. Please extend the KeY-Java-Hierarchy'}
	at de.uka.ilkd.key.java.JP2KeYVisitor.reportError(JP2KeYConverter.java:119)

103388     ERROR Test worker     d.u.i.k.n.b.AbstractBuilder  de.uka.ilkd.key.java.JavaBuildingExceptions: JavaBuildingIssue{node=PrintStream.$allocate()range=Optional.empty, message='Unsupported element detected given by Java Parser: MethodCallExpr. Please extend the KeY-Java-Hierarchy'}
	at de.uka.ilkd.key.java.JP2KeYVisitor.reportError(JP2KeYConverter.java:119)

103388     ERROR Test worker     d.u.i.k.n.b.TacletPBuilder Error in parsing taclet. de.uka.ilkd.key.util.parsing.BuildingException: JavaBuildingIssue{node=PrintStream.$allocate()range=Optional.empty, message='Unsupported element detected given by Java Parser: MethodCallExpr. Please extend the KeY-Java-Hierarchy'} at file:/home/runner/work/key/key/key.core/build/resources/main/de/uka/ilkd/key/proof/rules/javaRules.key:2640:15
	at de.uka.ilkd.key.nparser.builder.AbstractBuilder.accept(AbstractBuilder.java:54)
Caused by: de.uka.ilkd.key.java.JavaBuildingExceptions: JavaBuildingIssue{node=PrintStream.$allocate()range=Optional.empty, message='Unsupported element detected given by Java Parser: MethodCallExpr. Please extend the KeY-Java-Hierarchy'}
	at de.uka.ilkd.key.java.JP2KeYVisitor.reportError(JP2KeYConverter.java:119)

103634     ERROR Test worker     d.u.i.k.n.b.AbstractBuilder  de.uka.ilkd.key.java.JavaBuildingExceptions: JavaBuildingIssue{node=PrintStream.$allocate()range=Optional.empty, message='Unsupported element detected given by Java Parser: MethodCallExpr. Please extend the KeY-Java-Hierarchy'}
	at de.uka.ilkd.key.java.JP2KeYVisitor.reportError(JP2KeYConverter.java:119)

103634     ERROR Test worker     d.u.i.k.n.b.TacletPBuilder Error in parsing taclet. de.uka.ilkd.key.util.parsing.BuildingException: JavaBuildingIssue{node=PrintStream.$allocate()range=Optional.empty, message='Unsupported element detected given by Java Parser: MethodCallExpr. Please extend the KeY-Java-Hierarchy'} at file:/home/runner/work/key/key/key.core/build/resources/main/de/uka/ilkd/key/proof/rules/javaRules.key:2648:15
	at de.uka.ilkd.key.nparser.builder.AbstractBuilder.accept(AbstractBuilder.java:54)
Caused by: de.uka.ilkd.key.java.JavaBuildingExceptions: JavaBuildingIssue{node=PrintStream.$allocate()range=Optional.empty, message='Unsupported element detected given by Java Parser: MethodCallExpr. Please extend the KeY-Java-Hierarchy'}
	at de.uka.ilkd.key.java.JP2KeYVisitor.reportError(JP2KeYConverter.java:119)

103962     ERROR Test worker     d.u.i.k.n.b.AbstractBuilder  de.uka.ilkd.key.java.JavaBuildingExceptions: JavaBuildingIssue{node=PrintStream.$allocate()range=Optional.empty, message='Unsupported element detected given by Java Parser: MethodCallExpr. Please extend the KeY-Java-Hierarchy'}
	at de.uka.ilkd.key.java.JP2KeYVisitor.reportError(JP2KeYConverter.java:119)

103962     ERROR Test worker     d.u.i.k.n.b.TacletPBuilder Error in parsing taclet. de.uka.ilkd.key.util.parsing.BuildingException: JavaBuildingIssue{node=PrintStream.$allocate()range=Optional.empty, message='Unsupported element detected given by Java Parser: MethodCallExpr. Please extend the KeY-Java-Hierarchy'} at file:/home/runner/work/key/key/key.core/build/resources/main/de/uka/ilkd/key/proof/rules/javaRules.key:2663:15
	at de.uka.ilkd.key.nparser.builder.AbstractBuilder.accept(AbstractBuilder.java:54)
Caused by: de.uka.ilkd.key.java.JavaBuildingExceptions: JavaBuildingIssue{node=PrintStream.$allocate()range=Optional.empty, message='Unsupported element detected given by Java Parser: MethodCallExpr. Please extend the KeY-Java-Hierarchy'}
	at de.uka.ilkd.key.java.JP2KeYVisitor.reportError(JP2KeYConverter.java:119)

104198     ERROR Test worker     d.u.i.k.n.b.AbstractBuilder  de.uka.ilkd.key.java.JavaBuildingExceptions: JavaBuildingIssue{node=PrintStream.$allocate()range=Optional.empty, message='Unsupported element detected given by Java Parser: MethodCallExpr. Please extend the KeY-Java-Hierarchy'}
	at de.uka.ilkd.key.java.JP2KeYVisitor.reportError(JP2KeYConverter.java:119)

104199     ERROR Test worker     d.u.i.k.n.b.TacletPBuilder Error in parsing taclet. de.uka.ilkd.key.util.parsing.BuildingException: JavaBuildingIssue{node=PrintStream.$allocate()range=Optional.empty, message='Unsupported element detected given by Java Parser: MethodCallExpr. Please extend the KeY-Java-Hierarchy'} at file:/home/runner/work/key/key/key.core/build/resources/main/de/uka/ilkd/key/proof/rules/javaRules.key:2670:15
	at de.uka.ilkd.key.nparser.builder.AbstractBuilder.accept(AbstractBuilder.java:54)
Caused by: de.uka.ilkd.key.java.JavaBuildingExceptions: JavaBuildingIssue{node=PrintStream.$allocate()range=Optional.empty, message='Unsupported element detected given by Java Parser: MethodCallExpr. Please extend the KeY-Java-Hierarchy'}
	at de.uka.ilkd.key.java.JP2KeYVisitor.reportError(JP2KeYConverter.java:119)

104447     ERROR Test worker     d.u.i.k.n.b.AbstractBuilder  de.uka.ilkd.key.java.JavaBuildingExceptions: JavaBuildingIssue{node=PrintStream.$allocate()range=Optional.empty, message='Unsupported element detected given by Java Parser: MethodCallExpr. Please extend the KeY-Java-Hierarchy'}
	at de.uka.ilkd.key.java.JP2KeYVisitor.reportError(JP2KeYConverter.java:119)

104448     ERROR Test worker     d.u.i.k.n.b.TacletPBuilder Error in parsing taclet. de.uka.ilkd.key.util.parsing.BuildingException: JavaBuildingIssue{node=PrintStream.$allocate()range=Optional.empty, message='Unsupported element detected given by Java Parser: MethodCallExpr. Please extend the KeY-Java-Hierarchy'} at file:/home/runner/work/key/key/key.core/build/resources/main/de/uka/ilkd/key/proof/rules/javaRules.key:2678:15
	at de.uka.ilkd.key.nparser.builder.AbstractBuilder.accept(AbstractBuilder.java:54)
Caused by: de.uka.ilkd.key.java.JavaBuildingExceptions: JavaBuildingIssue{node=PrintStream.$allocate()range=Optional.empty, message='Unsupported element detected given by Java Parser: MethodCallExpr. Please extend the KeY-Java-Hierarchy'}
	at de.uka.ilkd.key.java.JP2KeYVisitor.reportError(JP2KeYConverter.java:119)

104692     ERROR Test worker     d.u.i.k.n.b.AbstractBuilder  de.uka.ilkd.key.java.JavaBuildingExceptions: JavaBuildingIssue{node=PrintStream.$allocate()range=Optional.empty, message='Unsupported element detected given by Java Parser: MethodCallExpr. Please extend the KeY-Java-Hierarchy'}
	at de.uka.ilkd.key.java.JP2KeYVisitor.reportError(JP2KeYConverter.java:119)

104692     ERROR Test worker     d.u.i.k.n.b.TacletPBuilder Error in parsing taclet. de.uka.ilkd.key.util.parsing.BuildingException: JavaBuildingIssue{node=PrintStream.$allocate()range=Optional.empty, message='Unsupported element detected given by Java Parser: MethodCallExpr. Please extend the KeY-Java-Hierarchy'} at file:/home/runner/work/key/key/key.core/build/resources/main/de/uka/ilkd/key/proof/rules/javaRules.key:2685:15
	at de.uka.ilkd.key.nparser.builder.AbstractBuilder.accept(AbstractBuilder.java:54)
Caused by: de.uka.ilkd.key.java.JavaBuildingExceptions: JavaBuildingIssue{node=PrintStream.$allocate()range=Optional.empty, message='Unsupported element detected given by Java Parser: MethodCallExpr. Please extend the KeY-Java-Hierarchy'}
	at de.uka.ilkd.key.java.JP2KeYVisitor.reportError(JP2KeYConverter.java:119)

104938     ERROR Test worker     d.u.i.k.n.b.AbstractBuilder  de.uka.ilkd.key.java.JavaBuildingExceptions: JavaBuildingIssue{node=PrintStream.$allocate()range=Optional.empty, message='Unsupported element detected given by Java Parser: MethodCallExpr. Please extend the KeY-Java-Hierarchy'}
	at de.uka.ilkd.key.java.JP2KeYVisitor.reportError(JP2KeYConverter.java:119)

104938     ERROR Test worker     d.u.i.k.n.b.TacletPBuilder Error in parsing taclet. de.uka.ilkd.key.util.parsing.BuildingException: JavaBuildingIssue{node=PrintStream.$allocate()range=Optional.empty, message='Unsupported element detected given by Java Parser: MethodCallExpr. Please extend the KeY-Java-Hierarchy'} at file:/home/runner/work/key/key/key.core/build/resources/main/de/uka/ilkd/key/proof/rules/javaRules.key:2693:15
	at de.uka.ilkd.key.nparser.builder.AbstractBuilder.accept(AbstractBuilder.java:54)
Caused by: de.uka.ilkd.key.java.JavaBuildingExceptions: JavaBuildingIssue{node=PrintStream.$allocate()range=Optional.empty, message='Unsupported element detected given by Java Parser: MethodCallExpr. Please extend the KeY-Java-Hierarchy'}
	at de.uka.ilkd.key.java.JP2KeYVisitor.reportError(JP2KeYConverter.java:119)

105186     ERROR Test worker     d.u.i.k.n.b.AbstractBuilder  de.uka.ilkd.key.java.JavaBuildingExceptions: JavaBuildingIssue{node=PrintStream.$allocate()range=Optional.empty, message='Unsupported element detected given by Java Parser: MethodCallExpr. Please extend the KeY-Java-Hierarchy'}
	at de.uka.ilkd.key.java.JP2KeYVisitor.reportError(JP2KeYConverter.java:119)

105187     ERROR Test worker     d.u.i.k.n.b.TacletPBuilder Error in parsing taclet. de.uka.ilkd.key.util.parsing.BuildingException: JavaBuildingIssue{node=PrintStream.$allocate()range=Optional.empty, message='Unsupported element detected given by Java Parser: MethodCallExpr. Please extend the KeY-Java-Hierarchy'} at file:/home/runner/work/key/key/key.core/build/resources/main/de/uka/ilkd/key/proof/rules/javaRules.key:2701:15
	at de.uka.ilkd.key.nparser.builder.AbstractBuilder.accept(AbstractBuilder.java:54)
Caused by: de.uka.ilkd.key.java.JavaBuildingExceptions: JavaBuildingIssue{node=PrintStream.$allocate()range=Optional.empty, message='Unsupported element detected given by Java Parser: MethodCallExpr. Please extend the KeY-Java-Hierarchy'}
	at de.uka.ilkd.key.java.JP2KeYVisitor.reportError(JP2KeYConverter.java:119)

105509     ERROR Test worker     d.u.i.k.n.b.AbstractBuilder  de.uka.ilkd.key.java.JavaBuildingExceptions: JavaBuildingIssue{node=PrintStream.$allocate()range=Optional.empty, message='Unsupported element detected given by Java Parser: MethodCallExpr. Please extend the KeY-Java-Hierarchy'}
	at de.uka.ilkd.key.java.JP2KeYVisitor.reportError(JP2KeYConverter.java:119)

105510     ERROR Test worker     d.u.i.k.n.b.TacletPBuilder Error in parsing taclet. de.uka.ilkd.key.util.parsing.BuildingException: JavaBuildingIssue{node=PrintStream.$allocate()range=Optional.empty, message='Unsupported element detected given by Java Parser: MethodCallExpr. Please extend the KeY-Java-Hierarchy'} at file:/home/runner/work/key/key/key.core/build/resources/main/de/uka/ilkd/key/proof/rules/javaRules.key:2710:15
	at de.uka.ilkd.key.nparser.builder.AbstractBuilder.accept(AbstractBuilder.java:54)
Caused by: de.uka.ilkd.key.java.JavaBuildingExceptions: JavaBuildingIssue{node=PrintStream.$allocate()range=Optional.empty, message='Unsupported element detected given by Java Parser: MethodCallExpr. Please extend the KeY-Java-Hierarchy'}
	at de.uka.ilkd.key.java.JP2KeYVisitor.reportError(JP2KeYConverter.java:119)

105748     ERROR Test worker     d.u.i.k.n.b.AbstractBuilder  de.uka.ilkd.key.java.JavaBuildingExceptions: JavaBuildingIssue{node=PrintStream.$allocate()range=Optional.empty, message='Unsupported element detected given by Java Parser: MethodCallExpr. Please extend the KeY-Java-Hierarchy'}
	at de.uka.ilkd.key.java.JP2KeYVisitor.reportError(JP2KeYConverter.java:119)

105748     ERROR Test worker     d.u.i.k.n.b.TacletPBuilder Error in parsing taclet. de.uka.ilkd.key.util.parsing.BuildingException: JavaBuildingIssue{node=PrintStream.$allocate()range=Optional.empty, message='Unsupported element detected given by Java Parser: MethodCallExpr. Please extend the KeY-Java-Hierarchy'} at file:/home/runner/work/key/key/key.core/build/resources/main/de/uka/ilkd/key/proof/rules/javaRules.key:2718:15
	at de.uka.ilkd.key.nparser.builder.AbstractBuilder.accept(AbstractBuilder.java:54)
Caused by: de.uka.ilkd.key.java.JavaBuildingExceptions: JavaBuildingIssue{node=PrintStream.$allocate()range=Optional.empty, message='Unsupported element detected given by Java Parser: MethodCallExpr. Please extend the KeY-Java-Hierarchy'}
	at de.uka.ilkd.key.java.JP2KeYVisitor.reportError(JP2KeYConverter.java:119)

105991     ERROR Test worker     d.u.i.k.n.b.AbstractBuilder  de.uka.ilkd.key.java.JavaBuildingExceptions: JavaBuildingIssue{node=PrintStream.$allocate()range=Optional.empty, message='Unsupported element detected given by Java Parser: MethodCallExpr. Please extend the KeY-Java-Hierarchy'}
	at de.uka.ilkd.key.java.JP2KeYVisitor.reportError(JP2KeYConverter.java:119)

105991     ERROR Test worker     d.u.i.k.n.b.TacletPBuilder Error in parsing taclet. de.uka.ilkd.key.util.parsing.BuildingException: JavaBuildingIssue{node=PrintStream.$allocate()range=Optional.empty, message='Unsupported element detected given by Java Parser: MethodCallExpr. Please extend the KeY-Java-Hierarchy'} at file:/home/runner/work/key/key/key.core/build/resources/main/de/uka/ilkd/key/proof/rules/javaRules.key:2725:15
	at de.uka.ilkd.key.nparser.builder.AbstractBuilder.accept(AbstractBuilder.java:54)
Caused by: de.uka.ilkd.key.java.JavaBuildingExceptions: JavaBuildingIssue{node=PrintStream.$allocate()range=Optional.empty, message='Unsupported element detected given by Java Parser: MethodCallExpr. Please extend the KeY-Java-Hierarchy'}
	at de.uka.ilkd.key.java.JP2KeYVisitor.reportError(JP2KeYConverter.java:119)

106240     ERROR Test worker     d.u.i.k.n.b.AbstractBuilder  de.uka.ilkd.key.java.JavaBuildingExceptions: JavaBuildingIssue{node=PrintStream.$allocate()range=Optional.empty, message='Unsupported element detected given by Java Parser: MethodCallExpr. Please extend the KeY-Java-Hierarchy'}
	at de.uka.ilkd.key.java.JP2KeYVisitor.reportError(JP2KeYConverter.java:119)

106240     ERROR Test worker     d.u.i.k.n.b.TacletPBuilder Error in parsing taclet. de.uka.ilkd.key.util.parsing.BuildingException: JavaBuildingIssue{node=PrintStream.$allocate()range=Optional.empty, message='Unsupported element detected given by Java Parser: MethodCallExpr. Please extend the KeY-Java-Hierarchy'} at file:/home/runner/work/key/key/key.core/build/resources/main/de/uka/ilkd/key/proof/rules/javaRules.key:2733:15
	at de.uka.ilkd.key.nparser.builder.AbstractBuilder.accept(AbstractBuilder.java:54)
Caused by: de.uka.ilkd.key.java.JavaBuildingExceptions: JavaBuildingIssue{node=PrintStream.$allocate()range=Optional.empty, message='Unsupported element detected given by Java Parser: MethodCallExpr. Please extend the KeY-Java-Hierarchy'}
	at de.uka.ilkd.key.java.JP2KeYVisitor.reportError(JP2KeYConverter.java:119)

106482     ERROR Test worker     d.u.i.k.n.b.AbstractBuilder  de.uka.ilkd.key.java.JavaBuildingExceptions: JavaBuildingIssue{node=PrintStream.$allocate()range=Optional.empty, message='Unsupported element detected given by Java Parser: MethodCallExpr. Please extend the KeY-Java-Hierarchy'}
	at de.uka.ilkd.key.java.JP2KeYVisitor.reportError(JP2KeYConverter.java:119)

106482     ERROR Test worker     d.u.i.k.n.b.TacletPBuilder Error in parsing taclet. de.uka.ilkd.key.util.parsing.BuildingException: JavaBuildingIssue{node=PrintStream.$allocate()range=Optional.empty, message='Unsupported element detected given by Java Parser: MethodCallExpr. Please extend the KeY-Java-Hierarchy'} at file:/home/runner/work/key/key/key.core/build/resources/main/de/uka/ilkd/key/proof/rules/javaRules.key:2741:15
	at de.uka.ilkd.key.nparser.builder.AbstractBuilder.accept(AbstractBuilder.java:54)
Caused by: de.uka.ilkd.key.java.JavaBuildingExceptions: JavaBuildingIssue{node=PrintStream.$allocate()range=Optional.empty, message='Unsupported element detected given by Java Parser: MethodCallExpr. Please extend the KeY-Java-Hierarchy'}
	at de.uka.ilkd.key.java.JP2KeYVisitor.reportError(JP2KeYConverter.java:119)

106794     ERROR Test worker     d.u.i.k.n.b.AbstractBuilder  de.uka.ilkd.key.java.JavaBuildingExceptions: JavaBuildingIssue{node=PrintStream.$allocate()range=Optional.empty, message='Unsupported element detected given by Java Parser: MethodCallExpr. Please extend the KeY-Java-Hierarchy'}
	at de.uka.ilkd.key.java.JP2KeYVisitor.reportError(JP2KeYConverter.java:119)

106794     ERROR Test worker     d.u.i.k.n.b.TacletPBuilder Error in parsing taclet. de.uka.ilkd.key.util.parsing.BuildingException: JavaBuildingIssue{node=PrintStream.$allocate()range=Optional.empty, message='Unsupported element detected given by Java Parser: MethodCallExpr. Please extend the KeY-Java-Hierarchy'} at file:/home/runner/work/key/key/key.core/build/resources/main/de/uka/ilkd/key/proof/rules/javaRules.key:2750:15
	at de.uka.ilkd.key.nparser.builder.AbstractBuilder.accept(AbstractBuilder.java:54)
Caused by: de.uka.ilkd.key.java.JavaBuildingExceptions: JavaBuildingIssue{node=PrintStream.$allocate()range=Optional.empty, message='Unsupported element detected given by Java Parser: MethodCallExpr. Please extend the KeY-Java-Hierarchy'}
	at de.uka.ilkd.key.java.JP2KeYVisitor.reportError(JP2KeYConverter.java:119)

107033     ERROR Test worker     d.u.i.k.n.b.AbstractBuilder  de.uka.ilkd.key.java.JavaBuildingExceptions: JavaBuildingIssue{node=PrintStream.$allocate()range=Optional.empty, message='Unsupported element detected given by Java Parser: MethodCallExpr. Please extend the KeY-Java-Hierarchy'}
	at de.uka.ilkd.key.java.JP2KeYVisitor.reportError(JP2KeYConverter.java:119)

107033     ERROR Test worker     d.u.i.k.n.b.TacletPBuilder Error in parsing taclet. de.uka.ilkd.key.util.parsing.BuildingException: JavaBuildingIssue{node=PrintStream.$allocate()range=Optional.empty, message='Unsupported element detected given by Java Parser: MethodCallExpr. Please extend the KeY-Java-Hierarchy'} at file:/home/runner/work/key/key/key.core/build/resources/main/de/uka/ilkd/key/proof/rules/javaRules.key:2758:15
	at de.uka.ilkd.key.nparser.builder.AbstractBuilder.accept(AbstractBuilder.java:54)
Caused by: de.uka.ilkd.key.java.JavaBuildingExceptions: JavaBuildingIssue{node=PrintStream.$allocate()range=Optional.empty, message='Unsupported element detected given by Java Parser: MethodCallExpr. Please extend the KeY-Java-Hierarchy'}
	at de.uka.ilkd.key.java.JP2KeYVisitor.reportError(JP2KeYConverter.java:119)

107293     ERROR Test worker     d.u.i.k.n.b.AbstractBuilder  de.uka.ilkd.key.java.JavaBuildingExceptions: JavaBuildingIssue{node=PrintStream.$allocate()range=Optional.empty, message='Unsupported element detected given by Java Parser: MethodCallExpr. Please extend the KeY-Java-Hierarchy'}
	at de.uka.ilkd.key.java.JP2KeYVisitor.reportError(JP2KeYConverter.java:119)

107293     ERROR Test worker     d.u.i.k.n.b.TacletPBuilder Error in parsing taclet. de.uka.ilkd.key.util.parsing.BuildingException: JavaBuildingIssue{node=PrintStream.$allocate()range=Optional.empty, message='Unsupported element detected given by Java Parser: MethodCallExpr. Please extend the KeY-Java-Hierarchy'} at file:/home/runner/work/key/key/key.core/build/resources/main/de/uka/ilkd/key/proof/rules/javaRules.key:2767:15
	at de.uka.ilkd.key.nparser.builder.AbstractBuilder.accept(AbstractBuilder.java:54)
Caused by: de.uka.ilkd.key.java.JavaBuildingExceptions: JavaBuildingIssue{node=PrintStream.$allocate()range=Optional.empty, message='Unsupported element detected given by Java Parser: MethodCallExpr. Please extend the KeY-Java-Hierarchy'}
	at de.uka.ilkd.key.java.JP2KeYVisitor.reportError(JP2KeYConverter.java:119)

107533     ERROR Test worker     d.u.i.k.n.b.AbstractBuilder  de.uka.ilkd.key.java.JavaBuildingExceptions: JavaBuildingIssue{node=PrintStream.$allocate()range=Optional.empty, message='Unsupported element detected given by Java Parser: MethodCallExpr. Please extend the KeY-Java-Hierarchy'}
	at de.uka.ilkd.key.java.JP2KeYVisitor.reportError(JP2KeYConverter.java:119)

107534     ERROR Test worker     d.u.i.k.n.b.TacletPBuilder Error in parsing taclet. de.uka.ilkd.key.util.parsing.BuildingException: JavaBuildingIssue{node=PrintStream.$allocate()range=Optional.empty, message='Unsupported element detected given by Java Parser: MethodCallExpr. Please extend the KeY-Java-Hierarchy'} at file:/home/runner/work/key/key/key.core/build/resources/main/de/uka/ilkd/key/proof/rules/javaRules.key:2779:15
	at de.uka.ilkd.key.nparser.builder.AbstractBuilder.accept(AbstractBuilder.java:54)
Caused by: de.uka.ilkd.key.java.JavaBuildingExceptions: JavaBuildingIssue{node=PrintStream.$allocate()range=Optional.empty, message='Unsupported element detected given by Java Parser: MethodCallExpr. Please extend the KeY-Java-Hierarchy'}
	at de.uka.ilkd.key.java.JP2KeYVisitor.reportError(JP2KeYConverter.java:119)

107779     ERROR Test worker     d.u.i.k.n.b.AbstractBuilder  de.uka.ilkd.key.java.JavaBuildingExceptions: JavaBuildingIssue{node=PrintStream.$allocate()range=Optional.empty, message='Unsupported element detected given by Java Parser: MethodCallExpr. Please extend the KeY-Java-Hierarchy'}
	at de.uka.ilkd.key.java.JP2KeYVisitor.reportError(JP2KeYConverter.java:119)

107779     ERROR Test worker     d.u.i.k.n.b.TacletPBuilder Error in parsing taclet. de.uka.ilkd.key.util.parsing.BuildingException: JavaBuildingIssue{node=PrintStream.$allocate()range=Optional.empty, message='Unsupported element detected given by Java Parser: MethodCallExpr. Please extend the KeY-Java-Hierarchy'} at file:/home/runner/work/key/key/key.core/build/resources/main/de/uka/ilkd/key/proof/rules/javaRules.key:2789:15
	at de.uka.ilkd.key.nparser.builder.AbstractBuilder.accept(AbstractBuilder.java:54)
Caused by: de.uka.ilkd.key.java.JavaBuildingExceptions: JavaBuildingIssue{node=PrintStream.$allocate()range=Optional.empty, message='Unsupported element detected given by Java Parser: MethodCallExpr. Please extend the KeY-Java-Hierarchy'}
	at de.uka.ilkd.key.java.JP2KeYVisitor.reportError(JP2KeYConverter.java:119)

108113     ERROR Test worker     d.u.i.k.n.b.AbstractBuilder  de.uka.ilkd.key.java.JavaBuildingExceptions: JavaBuildingIssue{node=PrintStream.$allocate()range=Optional.empty, message='Unsupported element detected given by Java Parser: MethodCallExpr. Please extend the KeY-Java-Hierarchy'}
	at de.uka.ilkd.key.java.JP2KeYVisitor.reportError(JP2KeYConverter.java:119)

108113     ERROR Test worker     d.u.i.k.n.b.TacletPBuilder Error in parsing taclet. de.uka.ilkd.key.util.parsing.BuildingException: JavaBuildingIssue{node=PrintStream.$allocate()range=Optional.empty, message='Unsupported element detected given by Java Parser: MethodCallExpr. Please extend the KeY-Java-Hierarchy'} at file:/home/runner/work/key/key/key.core/build/resources/main/de/uka/ilkd/key/proof/rules/javaRules.key:2802:15
	at de.uka.ilkd.key.nparser.builder.AbstractBuilder.accept(AbstractBuilder.java:54)
Caused by: de.uka.ilkd.key.java.JavaBuildingExceptions: JavaBuildingIssue{node=PrintStream.$allocate()range=Optional.empty, message='Unsupported element detected given by Java Parser: MethodCallExpr. Please extend the KeY-Java-Hierarchy'}
	at de.uka.ilkd.key.java.JP2KeYVisitor.reportError(JP2KeYConverter.java:119)

108357     ERROR Test worker     d.u.i.k.n.b.AbstractBuilder  de.uka.ilkd.key.java.JavaBuildingExceptions: JavaBuildingIssue{node=PrintStream.$allocate()range=Optional.empty, message='Unsupported element detected given by Java Parser: MethodCallExpr. Please extend the KeY-Java-Hierarchy'}
	at de.uka.ilkd.key.java.JP2KeYVisitor.reportError(JP2KeYConverter.java:119)

108358     ERROR Test worker     d.u.i.k.n.b.TacletPBuilder Error in parsing taclet. de.uka.ilkd.key.util.parsing.BuildingException: JavaBuildingIssue{node=PrintStream.$allocate()range=Optional.empty, message='Unsupported element detected given by Java Parser: MethodCallExpr. Please extend the KeY-Java-Hierarchy'} at file:/home/runner/work/key/key/key.core/build/resources/main/de/uka/ilkd/key/proof/rules/javaRules.key:2816:15
	at de.uka.ilkd.key.nparser.builder.AbstractBuilder.accept(AbstractBuilder.java:54)
Caused by: de.uka.ilkd.key.java.JavaBuildingExceptions: JavaBuildingIssue{node=PrintStream.$allocate()range=Optional.empty, message='Unsupported element detected given by Java Parser: MethodCallExpr. Please extend the KeY-Java-Hierarchy'}
	at de.uka.ilkd.key.java.JP2KeYVisitor.reportError(JP2KeYConverter.java:119)

108592     ERROR Test worker     d.u.i.k.n.b.AbstractBuilder  de.uka.ilkd.key.java.JavaBuildingExceptions: JavaBuildingIssue{node=PrintStream.$allocate()range=Optional.empty, message='Unsupported element detected given by Java Parser: MethodCallExpr. Please extend the KeY-Java-Hierarchy'}
	at de.uka.ilkd.key.java.JP2KeYVisitor.reportError(JP2KeYConverter.java:119)

108593     ERROR Test worker     d.u.i.k.n.b.TacletPBuilder Error in parsing taclet. de.uka.ilkd.key.util.parsing.BuildingException: JavaBuildingIssue{node=PrintStream.$allocate()range=Optional.empty, message='Unsupported element detected given by Java Parser: MethodCallExpr. Please extend the KeY-Java-Hierarchy'} at file:/home/runner/work/key/key/key.core/build/resources/main/de/uka/ilkd/key/proof/rules/javaRules.key:2828:15
	at de.uka.ilkd.key.nparser.builder.AbstractBuilder.accept(AbstractBuilder.java:54)
Caused by: de.uka.ilkd.key.java.JavaBuildingExceptions: JavaBuildingIssue{node=PrintStream.$allocate()range=Optional.empty, message='Unsupported element detected given by Java Parser: MethodCallExpr. Please extend the KeY-Java-Hierarchy'}
	at de.uka.ilkd.key.java.JP2KeYVisitor.reportError(JP2KeYConverter.java:119)

108827     ERROR Test worker     d.u.i.k.n.b.AbstractBuilder  de.uka.ilkd.key.java.JavaBuildingExceptions: JavaBuildingIssue{node=PrintStream.$allocate()range=Optional.empty, message='Unsupported element detected given by Java Parser: MethodCallExpr. Please extend the KeY-Java-Hierarchy'}
	at de.uka.ilkd.key.java.JP2KeYVisitor.reportError(JP2KeYConverter.java:119)

108828     ERROR Test worker     d.u.i.k.n.b.TacletPBuilder Error in parsing taclet. de.uka.ilkd.key.util.parsing.BuildingException: JavaBuildingIssue{node=PrintStream.$allocate()range=Optional.empty, message='Unsupported element detected given by Java Parser: MethodCallExpr. Please extend the KeY-Java-Hierarchy'} at file:/home/runner/work/key/key/key.core/build/resources/main/de/uka/ilkd/key/proof/rules/javaRules.key:2838:15
	at de.uka.ilkd.key.nparser.builder.AbstractBuilder.accept(AbstractBuilder.java:54)
Caused by: de.uka.ilkd.key.java.JavaBuildingExceptions: JavaBuildingIssue{node=PrintStream.$allocate()range=Optional.empty, message='Unsupported element detected given by Java Parser: MethodCallExpr. Please extend the KeY-Java-Hierarchy'}
	at de.uka.ilkd.key.java.JP2KeYVisitor.reportError(JP2KeYConverter.java:119)

109138     ERROR Test worker     d.u.i.k.n.b.AbstractBuilder  de.uka.ilkd.key.java.JavaBuildingExceptions: JavaBuildingIssue{node=PrintStream.$allocate()range=Optional.empty, message='Unsupported element detected given by Java Parser: MethodCallExpr. Please extend the KeY-Java-Hierarchy'}
	at de.uka.ilkd.key.java.JP2KeYVisitor.reportError(JP2KeYConverter.java:119)

109139     ERROR Test worker     d.u.i.k.n.b.TacletPBuilder Error in parsing taclet. de.uka.ilkd.key.util.parsing.BuildingException: JavaBuildingIssue{node=PrintStream.$allocate()range=Optional.empty, message='Unsupported element detected given by Java Parser: MethodCallExpr. Please extend the KeY-Java-Hierarchy'} at file:/home/runner/work/key/key/key.core/build/resources/main/de/uka/ilkd/key/proof/rules/javaRules.key:2849:15
	at de.uka.ilkd.key.nparser.builder.AbstractBuilder.accept(AbstractBuilder.java:54)
Caused by: de.uka.ilkd.key.java.JavaBuildingExceptions: JavaBuildingIssue{node=PrintStream.$allocate()range=Optional.empty, message='Unsupported element detected given by Java Parser: MethodCallExpr. Please extend the KeY-Java-Hierarchy'}
	at de.uka.ilkd.key.java.JP2KeYVisitor.reportError(JP2KeYConverter.java:119)

109382     ERROR Test worker     d.u.i.k.n.b.AbstractBuilder  de.uka.ilkd.key.java.JavaBuildingExceptions: JavaBuildingIssue{node=PrintStream.$allocate()range=Optional.empty, message='Unsupported element detected given by Java Parser: MethodCallExpr. Please extend the KeY-Java-Hierarchy'}
	at de.uka.ilkd.key.java.JP2KeYVisitor.reportError(JP2KeYConverter.java:119)

109382     ERROR Test worker     d.u.i.k.n.b.TacletPBuilder Error in parsing taclet. de.uka.ilkd.key.util.parsing.BuildingException: JavaBuildingIssue{node=PrintStream.$allocate()range=Optional.empty, message='Unsupported element detected given by Java Parser: MethodCallExpr. Please extend the KeY-Java-Hierarchy'} at file:/home/runner/work/key/key/key.core/build/resources/main/de/uka/ilkd/key/proof/rules/javaRules.key:2860:15
	at de.uka.ilkd.key.nparser.builder.AbstractBuilder.accept(AbstractBuilder.java:54)
Caused by: de.uka.ilkd.key.java.JavaBuildingExceptions: JavaBuildingIssue{node=PrintStream.$allocate()range=Optional.empty, message='Unsupported element detected given by Java Parser: MethodCallExpr. Please extend the KeY-Java-Hierarchy'}
	at de.uka.ilkd.key.java.JP2KeYVisitor.reportError(JP2KeYConverter.java:119)

109619     ERROR Test worker     d.u.i.k.n.b.AbstractBuilder  de.uka.ilkd.key.java.JavaBuildingExceptions: JavaBuildingIssue{node=PrintStream.$allocate()range=Optional.empty, message='Unsupported element detected given by Java Parser: MethodCallExpr. Please extend the KeY-Java-Hierarchy'}
	at de.uka.ilkd.key.java.JP2KeYVisitor.reportError(JP2KeYConverter.java:119)

109619     ERROR Test worker     d.u.i.k.n.b.TacletPBuilder Error in parsing taclet. de.uka.ilkd.key.util.parsing.BuildingException: JavaBuildingIssue{node=PrintStream.$allocate()range=Optional.empty, message='Unsupported element detected given by Java Parser: MethodCallExpr. Please extend the KeY-Java-Hierarchy'} at file:/home/runner/work/key/key/key.core/build/resources/main/de/uka/ilkd/key/proof/rules/javaRules.key:2868:15
	at de.uka.ilkd.key.nparser.builder.AbstractBuilder.accept(AbstractBuilder.java:54)
Caused by: de.uka.ilkd.key.java.JavaBuildingExceptions: JavaBuildingIssue{node=PrintStream.$allocate()range=Optional.empty, message='Unsupported element detected given by Java Parser: MethodCallExpr. Please extend the KeY-Java-Hierarchy'}
	at de.uka.ilkd.key.java.JP2KeYVisitor.reportError(JP2KeYConverter.java:119)

109864     ERROR Test worker     d.u.i.k.n.b.AbstractBuilder  de.uka.ilkd.key.java.JavaBuildingExceptions: JavaBuildingIssue{node=PrintStream.$allocate()range=Optional.empty, message='Unsupported element detected given by Java Parser: MethodCallExpr. Please extend the KeY-Java-Hierarchy'}
	at de.uka.ilkd.key.java.JP2KeYVisitor.reportError(JP2KeYConverter.java:119)

109864     ERROR Test worker     d.u.i.k.n.b.TacletPBuilder Error in parsing taclet. de.uka.ilkd.key.util.parsing.BuildingException: JavaBuildingIssue{node=PrintStream.$allocate()range=Optional.empty, message='Unsupported element detected given by Java Parser: MethodCallExpr. Please extend the KeY-Java-Hierarchy'} at file:/home/runner/work/key/key/key.core/build/resources/main/de/uka/ilkd/key/proof/rules/javaRules.key:2876:15
	at de.uka.ilkd.key.nparser.builder.AbstractBuilder.accept(AbstractBuilder.java:54)
Caused by: de.uka.ilkd.key.java.JavaBuildingExceptions: JavaBuildingIssue{node=PrintStream.$allocate()range=Optional.empty, message='Unsupported element detected given by Java Parser: MethodCallExpr. Please extend the KeY-Java-Hierarchy'}
	at de.uka.ilkd.key.java.JP2KeYVisitor.reportError(JP2KeYConverter.java:119)

110104     ERROR Test worker     d.u.i.k.n.b.AbstractBuilder  de.uka.ilkd.key.java.JavaBuildingExceptions: JavaBuildingIssue{node=PrintStream.$allocate()range=Optional.empty, message='Unsupported element detected given by Java Parser: MethodCallExpr. Please extend the KeY-Java-Hierarchy'}
	at de.uka.ilkd.key.java.JP2KeYVisitor.reportError(JP2KeYConverter.java:119)

110105     ERROR Test worker     d.u.i.k.n.b.TacletPBuilder Error in parsing taclet. de.uka.ilkd.key.util.parsing.BuildingException: JavaBuildingIssue{node=PrintStream.$allocate()range=Optional.empty, message='Unsupported element detected given by Java Parser: MethodCallExpr. Please extend the KeY-Java-Hierarchy'} at file:/home/runner/work/key/key/key.core/build/resources/main/de/uka/ilkd/key/proof/rules/javaRules.key:2888:15
	at de.uka.ilkd.key.nparser.builder.AbstractBuilder.accept(AbstractBuilder.java:54)
Caused by: de.uka.ilkd.key.java.JavaBuildingExceptions: JavaBuildingIssue{node=PrintStream.$allocate()range=Optional.empty, message='Unsupported element detected given by Java Parser: MethodCallExpr. Please extend the KeY-Java-Hierarchy'}
	at de.uka.ilkd.key.java.JP2KeYVisitor.reportError(JP2KeYConverter.java:119)

110416     ERROR Test worker     d.u.i.k.n.b.AbstractBuilder  de.uka.ilkd.key.java.JavaBuildingExceptions: JavaBuildingIssue{node=PrintStream.$allocate()range=Optional.empty, message='Unsupported element detected given by Java Parser: MethodCallExpr. Please extend the KeY-Java-Hierarchy'}
	at de.uka.ilkd.key.java.JP2KeYVisitor.reportError(JP2KeYConverter.java:119)

110416     ERROR Test worker     d.u.i.k.n.b.TacletPBuilder Error in parsing taclet. de.uka.ilkd.key.util.parsing.BuildingException: JavaBuildingIssue{node=PrintStream.$allocate()range=Optional.empty, message='Unsupported element detected given by Java Parser: MethodCallExpr. Please extend the KeY-Java-Hierarchy'} at file:/home/runner/work/key/key/key.core/build/resources/main/de/uka/ilkd/key/proof/rules/javaRules.key:2904:15
	at de.uka.ilkd.key.nparser.builder.AbstractBuilder.accept(AbstractBuilder.java:54)
Caused by: de.uka.ilkd.key.java.JavaBuildingExceptions: JavaBuildingIssue{node=PrintStream.$allocate()range=Optional.empty, message='Unsupported element detected given by Java Parser: MethodCallExpr. Please extend the KeY-Java-Hierarchy'}
	at de.uka.ilkd.key.java.JP2KeYVisitor.reportError(JP2KeYConverter.java:119)

110659     ERROR Test worker     d.u.i.k.n.b.AbstractBuilder  de.uka.ilkd.key.java.JavaBuildingExceptions: JavaBuildingIssue{node=PrintStream.$allocate()range=Optional.empty, message='Unsupported element detected given by Java Parser: MethodCallExpr. Please extend the KeY-Java-Hierarchy'}
	at de.uka.ilkd.key.java.JP2KeYVisitor.reportError(JP2KeYConverter.java:119)

110660     ERROR Test worker     d.u.i.k.n.b.TacletPBuilder Error in parsing taclet. de.uka.ilkd.key.util.parsing.BuildingException: JavaBuildingIssue{node=PrintStream.$allocate()range=Optional.empty, message='Unsupported element detected given by Java Parser: MethodCallExpr. Please extend the KeY-Java-Hierarchy'} at file:/home/runner/work/key/key/key.core/build/resources/main/de/uka/ilkd/key/proof/rules/javaRules.key:2932:15
	at de.uka.ilkd.key.nparser.builder.AbstractBuilder.accept(AbstractBuilder.java:54)
Caused by: de.uka.ilkd.key.java.JavaBuildingExceptions: JavaBuildingIssue{node=PrintStream.$allocate()range=Optional.empty, message='Unsupported element detected given by Java Parser: MethodCallExpr. Please extend the KeY-Java-Hierarchy'}
	at de.uka.ilkd.key.java.JP2KeYVisitor.reportError(JP2KeYConverter.java:119)

110902     ERROR Test worker     d.u.i.k.n.b.AbstractBuilder  de.uka.ilkd.key.java.JavaBuildingExceptions: JavaBuildingIssue{node=PrintStream.$allocate()range=Optional.empty, message='Unsupported element detected given by Java Parser: MethodCallExpr. Please extend the KeY-Java-Hierarchy'}
	at de.uka.ilkd.key.java.JP2KeYVisitor.reportError(JP2KeYConverter.java:119)

110903     ERROR Test worker     d.u.i.k.n.b.TacletPBuilder Error in parsing taclet. de.uka.ilkd.key.util.parsing.BuildingException: JavaBuildingIssue{node=PrintStream.$allocate()range=Optional.empty, message='Unsupported element detected given by Java Parser: MethodCallExpr. Please extend the KeY-Java-Hierarchy'} at file:/home/runner/work/key/key/key.core/build/resources/main/de/uka/ilkd/key/proof/rules/javaRules.key:2963:20
	at de.uka.ilkd.key.nparser.builder.AbstractBuilder.accept(AbstractBuilder.java:54)
Caused by: de.uka.ilkd.key.java.JavaBuildingExceptions: JavaBuildingIssue{node=PrintStream.$allocate()range=Optional.empty, message='Unsupported element detected given by Java Parser: MethodCallExpr. Please extend the KeY-Java-Hierarchy'}
	at de.uka.ilkd.key.java.JP2KeYVisitor.reportError(JP2KeYConverter.java:119)

111137     ERROR Test worker     d.u.i.k.n.b.AbstractBuilder  de.uka.ilkd.key.java.JavaBuildingExceptions: JavaBuildingIssue{node=PrintStream.$allocate()range=Optional.empty, message='Unsupported element detected given by Java Parser: MethodCallExpr. Please extend the KeY-Java-Hierarchy'}
	at de.uka.ilkd.key.java.JP2KeYVisitor.reportError(JP2KeYConverter.java:119)

111138     ERROR Test worker     d.u.i.k.n.b.TacletPBuilder Error in parsing taclet. de.uka.ilkd.key.util.parsing.BuildingException: JavaBuildingIssue{node=PrintStream.$allocate()range=Optional.empty, message='Unsupported element detected given by Java Parser: MethodCallExpr. Please extend the KeY-Java-Hierarchy'} at file:/home/runner/work/key/key/key.core/build/resources/main/de/uka/ilkd/key/proof/rules/javaRules.key:2989:15
	at de.uka.ilkd.key.nparser.builder.AbstractBuilder.accept(AbstractBuilder.java:54)
Caused by: de.uka.ilkd.key.java.JavaBuildingExceptions: JavaBuildingIssue{node=PrintStream.$allocate()range=Optional.empty, message='Unsupported element detected given by Java Parser: MethodCallExpr. Please extend the KeY-Java-Hierarchy'}
	at de.uka.ilkd.key.java.JP2KeYVisitor.reportError(JP2KeYConverter.java:119)

111384     ERROR Test worker     d.u.i.k.n.b.AbstractBuilder  de.uka.ilkd.key.java.JavaBuildingExceptions: JavaBuildingIssue{node=PrintStream.$allocate()range=Optional.empty, message='Unsupported element detected given by Java Parser: MethodCallExpr. Please extend the KeY-Java-Hierarchy'}
	at de.uka.ilkd.key.java.JP2KeYVisitor.reportError(JP2KeYConverter.java:119)

111384     ERROR Test worker     d.u.i.k.n.b.TacletPBuilder Error in parsing taclet. de.uka.ilkd.key.util.parsing.BuildingException: JavaBuildingIssue{node=PrintStream.$allocate()range=Optional.empty, message='Unsupported element detected given by Java Parser: MethodCallExpr. Please extend the KeY-Java-Hierarchy'} at file:/home/runner/work/key/key/key.core/build/resources/main/de/uka/ilkd/key/proof/rules/javaRules.key:2999:20
	at de.uka.ilkd.key.nparser.builder.AbstractBuilder.accept(AbstractBuilder.java:54)
Caused by: de.uka.ilkd.key.java.JavaBuildingExceptions: JavaBuildingIssue{node=PrintStream.$allocate()range=Optional.empty, message='Unsupported element detected given by Java Parser: MethodCallExpr. Please extend the KeY-Java-Hierarchy'}
	at de.uka.ilkd.key.java.JP2KeYVisitor.reportError(JP2KeYConverter.java:119)

111689     ERROR Test worker     d.u.i.k.n.b.AbstractBuilder  de.uka.ilkd.key.java.JavaBuildingExceptions: JavaBuildingIssue{node=PrintStream.$allocate()range=Optional.empty, message='Unsupported element detected given by Java Parser: MethodCallExpr. Please extend the KeY-Java-Hierarchy'}
	at de.uka.ilkd.key.java.JP2KeYVisitor.reportError(JP2KeYConverter.java:119)

111689     ERROR Test worker     d.u.i.k.n.b.TacletPBuilder Error in parsing taclet. de.uka.ilkd.key.util.parsing.BuildingException: JavaBuildingIssue{node=PrintStream.$allocate()range=Optional.empty, message='Unsupported element detected given by Java Parser: MethodCallExpr. Please extend the KeY-Java-Hierarchy'} at file:/home/runner/work/key/key/key.core/build/resources/main/de/uka/ilkd/key/proof/rules/javaRules.key:3030:15
	at de.uka.ilkd.key.nparser.builder.AbstractBuilder.accept(AbstractBuilder.java:54)
Caused by: de.uka.ilkd.key.java.JavaBuildingExceptions: JavaBuildingIssue{node=PrintStream.$allocate()range=Optional.empty, message='Unsupported element detected given by Java Parser: MethodCallExpr. Please extend the KeY-Java-Hierarchy'}
	at de.uka.ilkd.key.java.JP2KeYVisitor.reportError(JP2KeYConverter.java:119)

111932     ERROR Test worker     d.u.i.k.n.b.AbstractBuilder  de.uka.ilkd.key.java.JavaBuildingExceptions: JavaBuildingIssue{node=PrintStream.$allocate()range=Optional.empty, message='Unsupported element detected given by Java Parser: MethodCallExpr. Please extend the KeY-Java-Hierarchy'}
	at de.uka.ilkd.key.java.JP2KeYVisitor.reportError(JP2KeYConverter.java:119)

111932     ERROR Test worker     d.u.i.k.n.b.TacletPBuilder Error in parsing taclet. de.uka.ilkd.key.util.parsing.BuildingException: JavaBuildingIssue{node=PrintStream.$allocate()range=Optional.empty, message='Unsupported element detected given by Java Parser: MethodCallExpr. Please extend the KeY-Java-Hierarchy'} at file:/home/runner/work/key/key/key.core/build/resources/main/de/uka/ilkd/key/proof/rules/javaRules.key:3049:15
	at de.uka.ilkd.key.nparser.builder.AbstractBuilder.accept(AbstractBuilder.java:54)
Caused by: de.uka.ilkd.key.java.JavaBuildingExceptions: JavaBuildingIssue{node=PrintStream.$allocate()range=Optional.empty, message='Unsupported element detected given by Java Parser: MethodCallExpr. Please extend the KeY-Java-Hierarchy'}
	at de.uka.ilkd.key.java.JP2KeYVisitor.reportError(JP2KeYConverter.java:119)

112170     ERROR Test worker     d.u.i.k.n.b.AbstractBuilder  de.uka.ilkd.key.java.JavaBuildingExceptions: JavaBuildingIssue{node=PrintStream.$allocate()range=Optional.empty, message='Unsupported element detected given by Java Parser: MethodCallExpr. Please extend the KeY-Java-Hierarchy'}
	at de.uka.ilkd.key.java.JP2KeYVisitor.reportError(JP2KeYConverter.java:119)

112171     ERROR Test worker     d.u.i.k.n.b.TacletPBuilder Error in parsing taclet. de.uka.ilkd.key.util.parsing.BuildingException: JavaBuildingIssue{node=PrintStream.$allocate()range=Optional.empty, message='Unsupported element detected given by Java Parser: MethodCallExpr. Please extend the KeY-Java-Hierarchy'} at file:/home/runner/work/key/key/key.core/build/resources/main/de/uka/ilkd/key/proof/rules/javaRules.key:3075:15
	at de.uka.ilkd.key.nparser.builder.AbstractBuilder.accept(AbstractBuilder.java:54)
Caused by: de.uka.ilkd.key.java.JavaBuildingExceptions: JavaBuildingIssue{node=PrintStream.$allocate()range=Optional.empty, message='Unsupported element detected given by Java Parser: MethodCallExpr. Please extend the KeY-Java-Hierarchy'}
	at de.uka.ilkd.key.java.JP2KeYVisitor.reportError(JP2KeYConverter.java:119)

112410     ERROR Test worker     d.u.i.k.n.b.AbstractBuilder  de.uka.ilkd.key.java.JavaBuildingExceptions: JavaBuildingIssue{node=PrintStream.$allocate()range=Optional.empty, message='Unsupported element detected given by Java Parser: MethodCallExpr. Please extend the KeY-Java-Hierarchy'}
	at de.uka.ilkd.key.java.JP2KeYVisitor.reportError(JP2KeYConverter.java:119)

112410     ERROR Test worker     d.u.i.k.n.b.TacletPBuilder Error in parsing taclet. de.uka.ilkd.key.util.parsing.BuildingException: JavaBuildingIssue{node=PrintStream.$allocate()range=Optional.empty, message='Unsupported element detected given by Java Parser: MethodCallExpr. Please extend the KeY-Java-Hierarchy'} at file:/home/runner/work/key/key/key.core/build/resources/main/de/uka/ilkd/key/proof/rules/javaRules.key:3105:20
	at de.uka.ilkd.key.nparser.builder.AbstractBuilder.accept(AbstractBuilder.java:54)
Caused by: de.uka.ilkd.key.java.JavaBuildingExceptions: JavaBuildingIssue{node=PrintStream.$allocate()range=Optional.empty, message='Unsupported element detected given by Java Parser: MethodCallExpr. Please extend the KeY-Java-Hierarchy'}
	at de.uka.ilkd.key.java.JP2KeYVisitor.reportError(JP2KeYConverter.java:119)

112724     ERROR Test worker     d.u.i.k.n.b.AbstractBuilder  de.uka.ilkd.key.java.JavaBuildingExceptions: JavaBuildingIssue{node=PrintStream.$allocate()range=Optional.empty, message='Unsupported element detected given by Java Parser: MethodCallExpr. Please extend the KeY-Java-Hierarchy'}
	at de.uka.ilkd.key.java.JP2KeYVisitor.reportError(JP2KeYConverter.java:119)

112724     ERROR Test worker     d.u.i.k.n.b.TacletPBuilder Error in parsing taclet. de.uka.ilkd.key.util.parsing.BuildingException: JavaBuildingIssue{node=PrintStream.$allocate()range=Optional.empty, message='Unsupported element detected given by Java Parser: MethodCallExpr. Please extend the KeY-Java-Hierarchy'} at file:/home/runner/work/key/key/key.core/build/resources/main/de/uka/ilkd/key/proof/rules/javaRules.key:3128:15
	at de.uka.ilkd.key.nparser.builder.AbstractBuilder.accept(AbstractBuilder.java:54)
Caused by: de.uka.ilkd.key.java.JavaBuildingExceptions: JavaBuildingIssue{node=PrintStream.$allocate()range=Optional.empty, message='Unsupported element detected given by Java Parser: MethodCallExpr. Please extend the KeY-Java-Hierarchy'}
	at de.uka.ilkd.key.java.JP2KeYVisitor.reportError(JP2KeYConverter.java:119)

112967     ERROR Test worker     d.u.i.k.n.b.AbstractBuilder  de.uka.ilkd.key.java.JavaBuildingExceptions: JavaBuildingIssue{node=PrintStream.$allocate()range=Optional.empty, message='Unsupported element detected given by Java Parser: MethodCallExpr. Please extend the KeY-Java-Hierarchy'}
	at de.uka.ilkd.key.java.JP2KeYVisitor.reportError(JP2KeYConverter.java:119)

112968     ERROR Test worker     d.u.i.k.n.b.TacletPBuilder Error in parsing taclet. de.uka.ilkd.key.util.parsing.BuildingException: JavaBuildingIssue{node=PrintStream.$allocate()range=Optional.empty, message='Unsupported element detected given by Java Parser: MethodCallExpr. Please extend the KeY-Java-Hierarchy'} at file:/home/runner/work/key/key/key.core/build/resources/main/de/uka/ilkd/key/proof/rules/javaRules.key:3138:20
	at de.uka.ilkd.key.nparser.builder.AbstractBuilder.accept(AbstractBuilder.java:54)
Caused by: de.uka.ilkd.key.java.JavaBuildingExceptions: JavaBuildingIssue{node=PrintStream.$allocate()range=Optional.empty, message='Unsupported element detected given by Java Parser: MethodCallExpr. Please extend the KeY-Java-Hierarchy'}
	at de.uka.ilkd.key.java.JP2KeYVisitor.reportError(JP2KeYConverter.java:119)

113204     ERROR Test worker     d.u.i.k.n.b.AbstractBuilder  de.uka.ilkd.key.java.JavaBuildingExceptions: JavaBuildingIssue{node=PrintStream.$allocate()range=Optional.empty, message='Unsupported element detected given by Java Parser: MethodCallExpr. Please extend the KeY-Java-Hierarchy'}
	at de.uka.ilkd.key.java.JP2KeYVisitor.reportError(JP2KeYConverter.java:119)

113204     ERROR Test worker     d.u.i.k.n.b.TacletPBuilder Error in parsing taclet. de.uka.ilkd.key.util.parsing.BuildingException: JavaBuildingIssue{node=PrintStream.$allocate()range=Optional.empty, message='Unsupported element detected given by Java Parser: MethodCallExpr. Please extend the KeY-Java-Hierarchy'} at file:/home/runner/work/key/key/key.core/build/resources/main/de/uka/ilkd/key/proof/rules/javaRules.key:3167:15
	at de.uka.ilkd.key.nparser.builder.AbstractBuilder.accept(AbstractBuilder.java:54)
Caused by: de.uka.ilkd.key.java.JavaBuildingExceptions: JavaBuildingIssue{node=PrintStream.$allocate()range=Optional.empty, message='Unsupported element detected given by Java Parser: MethodCallExpr. Please extend the KeY-Java-Hierarchy'}
	at de.uka.ilkd.key.java.JP2KeYVisitor.reportError(JP2KeYConverter.java:119)

113443     ERROR Test worker     d.u.i.k.n.b.AbstractBuilder  de.uka.ilkd.key.java.JavaBuildingExceptions: JavaBuildingIssue{node=PrintStream.$allocate()range=Optional.empty, message='Unsupported element detected given by Java Parser: MethodCallExpr. Please extend the KeY-Java-Hierarchy'}
	at de.uka.ilkd.key.java.JP2KeYVisitor.reportError(JP2KeYConverter.java:119)

113443     ERROR Test worker     d.u.i.k.n.b.TacletPBuilder Error in parsing taclet. de.uka.ilkd.key.util.parsing.BuildingException: JavaBuildingIssue{node=PrintStream.$allocate()range=Optional.empty, message='Unsupported element detected given by Java Parser: MethodCallExpr. Please extend the KeY-Java-Hierarchy'} at file:/home/runner/work/key/key/key.core/build/resources/main/de/uka/ilkd/key/proof/rules/javaRules.key:3186:15
	at de.uka.ilkd.key.nparser.builder.AbstractBuilder.accept(AbstractBuilder.java:54)
Caused by: de.uka.ilkd.key.java.JavaBuildingExceptions: JavaBuildingIssue{node=PrintStream.$allocate()range=Optional.empty, message='Unsupported element detected given by Java Parser: MethodCallExpr. Please extend the KeY-Java-Hierarchy'}
	at de.uka.ilkd.key.java.JP2KeYVisitor.reportError(JP2KeYConverter.java:119)

113762     ERROR Test worker     d.u.i.k.n.b.AbstractBuilder  de.uka.ilkd.key.java.JavaBuildingExceptions: JavaBuildingIssue{node=PrintStream.$allocate()range=Optional.empty, message='Unsupported element detected given by Java Parser: MethodCallExpr. Please extend the KeY-Java-Hierarchy'}
	at de.uka.ilkd.key.java.JP2KeYVisitor.reportError(JP2KeYConverter.java:119)

113763     ERROR Test worker     d.u.i.k.n.b.TacletPBuilder Error in parsing taclet. de.uka.ilkd.key.util.parsing.BuildingException: JavaBuildingIssue{node=PrintStream.$allocate()range=Optional.empty, message='Unsupported element detected given by Java Parser: MethodCallExpr. Please extend the KeY-Java-Hierarchy'} at file:/home/runner/work/key/key/key.core/build/resources/main/de/uka/ilkd/key/proof/rules/javaRules.key:3213:20
	at de.uka.ilkd.key.nparser.builder.AbstractBuilder.accept(AbstractBuilder.java:54)
Caused by: de.uka.ilkd.key.java.JavaBuildingExceptions: JavaBuildingIssue{node=PrintStream.$allocate()range=Optional.empty, message='Unsupported element detected given by Java Parser: MethodCallExpr. Please extend the KeY-Java-Hierarchy'}
	at de.uka.ilkd.key.java.JP2KeYVisitor.reportError(JP2KeYConverter.java:119)

114003     ERROR Test worker     d.u.i.k.n.b.AbstractBuilder  de.uka.ilkd.key.java.JavaBuildingExceptions: JavaBuildingIssue{node=PrintStream.$allocate()range=Optional.empty, message='Unsupported element detected given by Java Parser: MethodCallExpr. Please extend the KeY-Java-Hierarchy'}
	at de.uka.ilkd.key.java.JP2KeYVisitor.reportError(JP2KeYConverter.java:119)

114004     ERROR Test worker     d.u.i.k.n.b.TacletPBuilder Error in parsing taclet. de.uka.ilkd.key.util.parsing.BuildingException: JavaBuildingIssue{node=PrintStream.$allocate()range=Optional.empty, message='Unsupported element detected given by Java Parser: MethodCallExpr. Please extend the KeY-Java-Hierarchy'} at file:/home/runner/work/key/key/key.core/build/resources/main/de/uka/ilkd/key/proof/rules/javaRules.key:3235:15
	at de.uka.ilkd.key.nparser.builder.AbstractBuilder.accept(AbstractBuilder.java:54)
Caused by: de.uka.ilkd.key.java.JavaBuildingExceptions: JavaBuildingIssue{node=PrintStream.$allocate()range=Optional.empty, message='Unsupported element detected given by Java Parser: MethodCallExpr. Please extend the KeY-Java-Hierarchy'}
	at de.uka.ilkd.key.java.JP2KeYVisitor.reportError(JP2KeYConverter.java:119)

114242     ERROR Test worker     d.u.i.k.n.b.AbstractBuilder  de.uka.ilkd.key.java.JavaBuildingExceptions: JavaBuildingIssue{node=PrintStream.$allocate()range=Optional.empty, message='Unsupported element detected given by Java Parser: MethodCallExpr. Please extend the KeY-Java-Hierarchy'}
	at de.uka.ilkd.key.java.JP2KeYVisitor.reportError(JP2KeYConverter.java:119)

114242     ERROR Test worker     d.u.i.k.n.b.TacletPBuilder Error in parsing taclet. de.uka.ilkd.key.util.parsing.BuildingException: JavaBuildingIssue{node=PrintStream.$allocate()range=Optional.empty, message='Unsupported element detected given by Java Parser: MethodCallExpr. Please extend the KeY-Java-Hierarchy'} at file:/home/runner/work/key/key/key.core/build/resources/main/de/uka/ilkd/key/proof/rules/javaRules.key:3244:15
	at de.uka.ilkd.key.nparser.builder.AbstractBuilder.accept(AbstractBuilder.java:54)
Caused by: de.uka.ilkd.key.java.JavaBuildingExceptions: JavaBuildingIssue{node=PrintStream.$allocate()range=Optional.empty, message='Unsupported element detected given by Java Parser: MethodCallExpr. Please extend the KeY-Java-Hierarchy'}
	at de.uka.ilkd.key.java.JP2KeYVisitor.reportError(JP2KeYConverter.java:119)

114477     ERROR Test worker     d.u.i.k.n.b.AbstractBuilder  de.uka.ilkd.key.java.JavaBuildingExceptions: JavaBuildingIssue{node=PrintStream.$allocate()range=Optional.empty, message='Unsupported element detected given by Java Parser: MethodCallExpr. Please extend the KeY-Java-Hierarchy'}
	at de.uka.ilkd.key.java.JP2KeYVisitor.reportError(JP2KeYConverter.java:119)

114477     ERROR Test worker     d.u.i.k.n.b.TacletPBuilder Error in parsing taclet. de.uka.ilkd.key.util.parsing.BuildingException: JavaBuildingIssue{node=PrintStream.$allocate()range=Optional.empty, message='Unsupported element detected given by Java Parser: MethodCallExpr. Please extend the KeY-Java-Hierarchy'} at file:/home/runner/work/key/key/key.core/build/resources/main/de/uka/ilkd/key/proof/rules/javaRules.key:3266:15
	at de.uka.ilkd.key.nparser.builder.AbstractBuilder.accept(AbstractBuilder.java:54)
Caused by: de.uka.ilkd.key.java.JavaBuildingExceptions: JavaBuildingIssue{node=PrintStream.$allocate()range=Optional.empty, message='Unsupported element detected given by Java Parser: MethodCallExpr. Please extend the KeY-Java-Hierarchy'}
	at de.uka.ilkd.key.java.JP2KeYVisitor.reportError(JP2KeYConverter.java:119)

114780     ERROR Test worker     d.u.i.k.n.b.AbstractBuilder  de.uka.ilkd.key.java.JavaBuildingExceptions: JavaBuildingIssue{node=PrintStream.$allocate()range=Optional.empty, message='Unsupported element detected given by Java Parser: MethodCallExpr. Please extend the KeY-Java-Hierarchy'}
	at de.uka.ilkd.key.java.JP2KeYVisitor.reportError(JP2KeYConverter.java:119)

114780     ERROR Test worker     d.u.i.k.n.b.TacletPBuilder Error in parsing taclet. de.uka.ilkd.key.util.parsing.BuildingException: JavaBuildingIssue{node=PrintStream.$allocate()range=Optional.empty, message='Unsupported element detected given by Java Parser: MethodCallExpr. Please extend the KeY-Java-Hierarchy'} at file:/home/runner/work/key/key/key.core/build/resources/main/de/uka/ilkd/key/proof/rules/javaRules.key:3285:15
	at de.uka.ilkd.key.nparser.builder.AbstractBuilder.accept(AbstractBuilder.java:54)
Caused by: de.uka.ilkd.key.java.JavaBuildingExceptions: JavaBuildingIssue{node=PrintStream.$allocate()range=Optional.empty, message='Unsupported element detected given by Java Parser: MethodCallExpr. Please extend the KeY-Java-Hierarchy'}
	at de.uka.ilkd.key.java.JP2KeYVisitor.reportError(JP2KeYConverter.java:119)

115021     ERROR Test worker     d.u.i.k.n.b.AbstractBuilder  de.uka.ilkd.key.java.JavaBuildingExceptions: JavaBuildingIssue{node=PrintStream.$allocate()range=Optional.empty, message='Unsupported element detected given by Java Parser: MethodCallExpr. Please extend the KeY-Java-Hierarchy'}
	at de.uka.ilkd.key.java.JP2KeYVisitor.reportError(JP2KeYConverter.java:119)

115021     ERROR Test worker     d.u.i.k.n.b.TacletPBuilder Error in parsing taclet. de.uka.ilkd.key.util.parsing.BuildingException: JavaBuildingIssue{node=PrintStream.$allocate()range=Optional.empty, message='Unsupported element detected given by Java Parser: MethodCallExpr. Please extend the KeY-Java-Hierarchy'} at file:/home/runner/work/key/key/key.core/build/resources/main/de/uka/ilkd/key/proof/rules/javaRules.key:3301:15
	at de.uka.ilkd.key.nparser.builder.AbstractBuilder.accept(AbstractBuilder.java:54)
Caused by: de.uka.ilkd.key.java.JavaBuildingExceptions: JavaBuildingIssue{node=PrintStream.$allocate()range=Optional.empty, message='Unsupported element detected given by Java Parser: MethodCallExpr. Please extend the KeY-Java-Hierarchy'}
	at de.uka.ilkd.key.java.JP2KeYVisitor.reportError(JP2KeYConverter.java:119)

115262     ERROR Test worker     d.u.i.k.n.b.AbstractBuilder  de.uka.ilkd.key.java.JavaBuildingExceptions: JavaBuildingIssue{node=PrintStream.$allocate()range=Optional.empty, message='Unsupported element detected given by Java Parser: MethodCallExpr. Please extend the KeY-Java-Hierarchy'}
	at de.uka.ilkd.key.java.JP2KeYVisitor.reportError(JP2KeYConverter.java:119)

115262     ERROR Test worker     d.u.i.k.n.b.TacletPBuilder Error in parsing taclet. de.uka.ilkd.key.util.parsing.BuildingException: JavaBuildingIssue{node=PrintStream.$allocate()range=Optional.empty, message='Unsupported element detected given by Java Parser: MethodCallExpr. Please extend the KeY-Java-Hierarchy'} at file:/home/runner/work/key/key/key.core/build/resources/main/de/uka/ilkd/key/proof/rules/javaRules.key:3312:20
	at de.uka.ilkd.key.nparser.builder.AbstractBuilder.accept(AbstractBuilder.java:54)
Caused by: de.uka.ilkd.key.java.JavaBuildingExceptions: JavaBuildingIssue{node=PrintStream.$allocate()range=Optional.empty, message='Unsupported element detected given by Java Parser: MethodCallExpr. Please extend the KeY-Java-Hierarchy'}
	at de.uka.ilkd.key.java.JP2KeYVisitor.reportError(JP2KeYConverter.java:119)

115503     ERROR Test worker     d.u.i.k.n.b.AbstractBuilder  de.uka.ilkd.key.java.JavaBuildingExceptions: JavaBuildingIssue{node=PrintStream.$allocate()range=Optional.empty, message='Unsupported element detected given by Java Parser: MethodCallExpr. Please extend the KeY-Java-Hierarchy'}
	at de.uka.ilkd.key.java.JP2KeYVisitor.reportError(JP2KeYConverter.java:119)

115503     ERROR Test worker     d.u.i.k.n.b.TacletPBuilder Error in parsing taclet. de.uka.ilkd.key.util.parsing.BuildingException: JavaBuildingIssue{node=PrintStream.$allocate()range=Optional.empty, message='Unsupported element detected given by Java Parser: MethodCallExpr. Please extend the KeY-Java-Hierarchy'} at file:/home/runner/work/key/key/key.core/build/resources/main/de/uka/ilkd/key/proof/rules/javaRules.key:3333:20
	at de.uka.ilkd.key.nparser.builder.AbstractBuilder.accept(AbstractBuilder.java:54)
Caused by: de.uka.ilkd.key.java.JavaBuildingExceptions: JavaBuildingIssue{node=PrintStream.$allocate()range=Optional.empty, message='Unsupported element detected given by Java Parser: MethodCallExpr. Please extend the KeY-Java-Hierarchy'}
	at de.uka.ilkd.key.java.JP2KeYVisitor.reportError(JP2KeYConverter.java:119)

115745     ERROR Test worker     d.u.i.k.n.b.AbstractBuilder  de.uka.ilkd.key.java.JavaBuildingExceptions: JavaBuildingIssue{node=PrintStream.$allocate()range=Optional.empty, message='Unsupported element detected given by Java Parser: MethodCallExpr. Please extend the KeY-Java-Hierarchy'}
	at de.uka.ilkd.key.java.JP2KeYVisitor.reportError(JP2KeYConverter.java:119)

115746     ERROR Test worker     d.u.i.k.n.b.TacletPBuilder Error in parsing taclet. de.uka.ilkd.key.util.parsing.BuildingException: JavaBuildingIssue{node=PrintStream.$allocate()range=Optional.empty, message='Unsupported element detected given by Java Parser: MethodCallExpr. Please extend the KeY-Java-Hierarchy'} at file:/home/runner/work/key/key/key.core/build/resources/main/de/uka/ilkd/key/proof/rules/javaRules.key:3350:20
	at de.uka.ilkd.key.nparser.builder.AbstractBuilder.accept(AbstractBuilder.java:54)
Caused by: de.uka.ilkd.key.java.JavaBuildingExceptions: JavaBuildingIssue{node=PrintStream.$allocate()range=Optional.empty, message='Unsupported element detected given by Java Parser: MethodCallExpr. Please extend the KeY-Java-Hierarchy'}
	at de.uka.ilkd.key.java.JP2KeYVisitor.reportError(JP2KeYConverter.java:119)

116051     ERROR Test worker     d.u.i.k.n.b.AbstractBuilder  de.uka.ilkd.key.java.JavaBuildingExceptions: JavaBuildingIssue{node=PrintStream.$allocate()range=Optional.empty, message='Unsupported element detected given by Java Parser: MethodCallExpr. Please extend the KeY-Java-Hierarchy'}
	at de.uka.ilkd.key.java.JP2KeYVisitor.reportError(JP2KeYConverter.java:119)

116051     ERROR Test worker     d.u.i.k.n.b.TacletPBuilder Error in parsing taclet. de.uka.ilkd.key.util.parsing.BuildingException: JavaBuildingIssue{node=PrintStream.$allocate()range=Optional.empty, message='Unsupported element detected given by Java Parser: MethodCallExpr. Please extend the KeY-Java-Hierarchy'} at file:/home/runner/work/key/key/key.core/build/resources/main/de/uka/ilkd/key/proof/rules/javaRules.key:3366:15
	at de.uka.ilkd.key.nparser.builder.AbstractBuilder.accept(AbstractBuilder.java:54)
Caused by: de.uka.ilkd.key.java.JavaBuildingExceptions: JavaBuildingIssue{node=PrintStream.$allocate()range=Optional.empty, message='Unsupported element detected given by Java Parser: MethodCallExpr. Please extend the KeY-Java-Hierarchy'}
	at de.uka.ilkd.key.java.JP2KeYVisitor.reportError(JP2KeYConverter.java:119)

116296     ERROR Test worker     d.u.i.k.n.b.AbstractBuilder  de.uka.ilkd.key.java.JavaBuildingExceptions: JavaBuildingIssue{node=PrintStream.$allocate()range=Optional.empty, message='Unsupported element detected given by Java Parser: MethodCallExpr. Please extend the KeY-Java-Hierarchy'}
	at de.uka.ilkd.key.java.JP2KeYVisitor.reportError(JP2KeYConverter.java:119)

116296     ERROR Test worker     d.u.i.k.n.b.TacletPBuilder Error in parsing taclet. de.uka.ilkd.key.util.parsing.BuildingException: JavaBuildingIssue{node=PrintStream.$allocate()range=Optional.empty, message='Unsupported element detected given by Java Parser: MethodCallExpr. Please extend the KeY-Java-Hierarchy'} at file:/home/runner/work/key/key/key.core/build/resources/main/de/uka/ilkd/key/proof/rules/javaRules.key:3377:15
	at de.uka.ilkd.key.nparser.builder.AbstractBuilder.accept(AbstractBuilder.java:54)
Caused by: de.uka.ilkd.key.java.JavaBuildingExceptions: JavaBuildingIssue{node=PrintStream.$allocate()range=Optional.empty, message='Unsupported element detected given by Java Parser: MethodCallExpr. Please extend the KeY-Java-Hierarchy'}
	at de.uka.ilkd.key.java.JP2KeYVisitor.reportError(JP2KeYConverter.java:119)

116535     ERROR Test worker     d.u.i.k.n.b.AbstractBuilder  de.uka.ilkd.key.java.JavaBuildingExceptions: JavaBuildingIssue{node=PrintStream.$allocate()range=Optional.empty, message='Unsupported element detected given by Java Parser: MethodCallExpr. Please extend the KeY-Java-Hierarchy'}
	at de.uka.ilkd.key.java.JP2KeYVisitor.reportError(JP2KeYConverter.java:119)

116536     ERROR Test worker     d.u.i.k.n.b.TacletPBuilder Error in parsing taclet. de.uka.ilkd.key.util.parsing.BuildingException: JavaBuildingIssue{node=PrintStream.$allocate()range=Optional.empty, message='Unsupported element detected given by Java Parser: MethodCallExpr. Please extend the KeY-Java-Hierarchy'} at file:/home/runner/work/key/key/key.core/build/resources/main/de/uka/ilkd/key/proof/rules/javaRules.key:3388:15
	at de.uka.ilkd.key.nparser.builder.AbstractBuilder.accept(AbstractBuilder.java:54)
Caused by: de.uka.ilkd.key.java.JavaBuildingExceptions: JavaBuildingIssue{node=PrintStream.$allocate()range=Optional.empty, message='Unsupported element detected given by Java Parser: MethodCallExpr. Please extend the KeY-Java-Hierarchy'}
	at de.uka.ilkd.key.java.JP2KeYVisitor.reportError(JP2KeYConverter.java:119)

116836     ERROR Test worker     d.u.i.k.n.b.AbstractBuilder  de.uka.ilkd.key.java.JavaBuildingExceptions: JavaBuildingIssue{node=PrintStream.$allocate()range=Optional.empty, message='Unsupported element detected given by Java Parser: MethodCallExpr. Please extend the KeY-Java-Hierarchy'}
	at de.uka.ilkd.key.java.JP2KeYVisitor.reportError(JP2KeYConverter.java:119)

116837     ERROR Test worker     d.u.i.k.n.b.TacletPBuilder Error in parsing taclet. de.uka.ilkd.key.util.parsing.BuildingException: JavaBuildingIssue{node=PrintStream.$allocate()range=Optional.empty, message='Unsupported element detected given by Java Parser: MethodCallExpr. Please extend the KeY-Java-Hierarchy'} at file:/home/runner/work/key/key/key.core/build/resources/main/de/uka/ilkd/key/proof/rules/javaRules.key:3398:15
	at de.uka.ilkd.key.nparser.builder.AbstractBuilder.accept(AbstractBuilder.java:54)
Caused by: de.uka.ilkd.key.java.JavaBuildingExceptions: JavaBuildingIssue{node=PrintStream.$allocate()range=Optional.empty, message='Unsupported element detected given by Java Parser: MethodCallExpr. Please extend the KeY-Java-Hierarchy'}
	at de.uka.ilkd.key.java.JP2KeYVisitor.reportError(JP2KeYConverter.java:119)

117079     ERROR Test worker     d.u.i.k.n.b.AbstractBuilder  de.uka.ilkd.key.java.JavaBuildingExceptions: JavaBuildingIssue{node=PrintStream.$allocate()range=Optional.empty, message='Unsupported element detected given by Java Parser: MethodCallExpr. Please extend the KeY-Java-Hierarchy'}
	at de.uka.ilkd.key.java.JP2KeYVisitor.reportError(JP2KeYConverter.java:119)

117079     ERROR Test worker     d.u.i.k.n.b.TacletPBuilder Error in parsing taclet. de.uka.ilkd.key.util.parsing.BuildingException: JavaBuildingIssue{node=PrintStream.$allocate()range=Optional.empty, message='Unsupported element detected given by Java Parser: MethodCallExpr. Please extend the KeY-Java-Hierarchy'} at file:/home/runner/work/key/key/key.core/build/resources/main/de/uka/ilkd/key/proof/rules/javaRules.key:3417:15
	at de.uka.ilkd.key.nparser.builder.AbstractBuilder.accept(AbstractBuilder.java:54)
Caused by: de.uka.ilkd.key.java.JavaBuildingExceptions: JavaBuildingIssue{node=PrintStream.$allocate()range=Optional.empty, message='Unsupported element detected given by Java Parser: MethodCallExpr. Please extend the KeY-Java-Hierarchy'}
	at de.uka.ilkd.key.java.JP2KeYVisitor.reportError(JP2KeYConverter.java:119)

117324     ERROR Test worker     d.u.i.k.n.b.AbstractBuilder  de.uka.ilkd.key.java.JavaBuildingExceptions: JavaBuildingIssue{node=PrintStream.$allocate()range=Optional.empty, message='Unsupported element detected given by Java Parser: MethodCallExpr. Please extend the KeY-Java-Hierarchy'}
	at de.uka.ilkd.key.java.JP2KeYVisitor.reportError(JP2KeYConverter.java:119)

117324     ERROR Test worker     d.u.i.k.n.b.TacletPBuilder Error in parsing taclet. de.uka.ilkd.key.util.parsing.BuildingException: JavaBuildingIssue{node=PrintStream.$allocate()range=Optional.empty, message='Unsupported element detected given by Java Parser: MethodCallExpr. Please extend the KeY-Java-Hierarchy'} at file:/home/runner/work/key/key/key.core/build/resources/main/de/uka/ilkd/key/proof/rules/javaRules.key:3437:20
	at de.uka.ilkd.key.nparser.builder.AbstractBuilder.accept(AbstractBuilder.java:54)
Caused by: de.uka.ilkd.key.java.JavaBuildingExceptions: JavaBuildingIssue{node=PrintStream.$allocate()range=Optional.empty, message='Unsupported element detected given by Java Parser: MethodCallExpr. Please extend the KeY-Java-Hierarchy'}
	at de.uka.ilkd.key.java.JP2KeYVisitor.reportError(JP2KeYConverter.java:119)

117568     ERROR Test worker     d.u.i.k.n.b.AbstractBuilder  de.uka.ilkd.key.java.JavaBuildingExceptions: JavaBuildingIssue{node=PrintStream.$allocate()range=Optional.empty, message='Unsupported element detected given by Java Parser: MethodCallExpr. Please extend the KeY-Java-Hierarchy'}
	at de.uka.ilkd.key.java.JP2KeYVisitor.reportError(JP2KeYConverter.java:119)

117568     ERROR Test worker     d.u.i.k.n.b.TacletPBuilder Error in parsing taclet. de.uka.ilkd.key.util.parsing.BuildingException: JavaBuildingIssue{node=PrintStream.$allocate()range=Optional.empty, message='Unsupported element detected given by Java Parser: MethodCallExpr. Please extend the KeY-Java-Hierarchy'} at file:/home/runner/work/key/key/key.core/build/resources/main/de/uka/ilkd/key/proof/rules/javaRules.key:3455:20
	at de.uka.ilkd.key.nparser.builder.AbstractBuilder.accept(AbstractBuilder.java:54)
Caused by: de.uka.ilkd.key.java.JavaBuildingExceptions: JavaBuildingIssue{node=PrintStream.$allocate()range=Optional.empty, message='Unsupported element detected given by Java Parser: MethodCallExpr. Please extend the KeY-Java-Hierarchy'}
	at de.uka.ilkd.key.java.JP2KeYVisitor.reportError(JP2KeYConverter.java:119)

117870     ERROR Test worker     d.u.i.k.n.b.AbstractBuilder  de.uka.ilkd.key.java.JavaBuildingExceptions: JavaBuildingIssue{node=PrintStream.$allocate()range=Optional.empty, message='Unsupported element detected given by Java Parser: MethodCallExpr. Please extend the KeY-Java-Hierarchy'}
	at de.uka.ilkd.key.java.JP2KeYVisitor.reportError(JP2KeYConverter.java:119)

117870     ERROR Test worker     d.u.i.k.n.b.TacletPBuilder Error in parsing taclet. de.uka.ilkd.key.util.parsing.BuildingException: JavaBuildingIssue{node=PrintStream.$allocate()range=Optional.empty, message='Unsupported element detected given by Java Parser: MethodCallExpr. Please extend the KeY-Java-Hierarchy'} at file:/home/runner/work/key/key/key.core/build/resources/main/de/uka/ilkd/key/proof/rules/javaRules.key:3473:15
	at de.uka.ilkd.key.nparser.builder.AbstractBuilder.accept(AbstractBuilder.java:54)
Caused by: de.uka.ilkd.key.java.JavaBuildingExceptions: JavaBuildingIssue{node=PrintStream.$allocate()range=Optional.empty, message='Unsupported element detected given by Java Parser: MethodCallExpr. Please extend the KeY-Java-Hierarchy'}
	at de.uka.ilkd.key.java.JP2KeYVisitor.reportError(JP2KeYConverter.java:119)

118113     ERROR Test worker     d.u.i.k.n.b.AbstractBuilder  de.uka.ilkd.key.java.JavaBuildingExceptions: JavaBuildingIssue{node=PrintStream.$allocate()range=Optional.empty, message='Unsupported element detected given by Java Parser: MethodCallExpr. Please extend the KeY-Java-Hierarchy'}
	at de.uka.ilkd.key.java.JP2KeYVisitor.reportError(JP2KeYConverter.java:119)

118113     ERROR Test worker     d.u.i.k.n.b.TacletPBuilder Error in parsing taclet. de.uka.ilkd.key.util.parsing.BuildingException: JavaBuildingIssue{node=PrintStream.$allocate()range=Optional.empty, message='Unsupported element detected given by Java Parser: MethodCallExpr. Please extend the KeY-Java-Hierarchy'} at file:/home/runner/work/key/key/key.core/build/resources/main/de/uka/ilkd/key/proof/rules/javaRules.key:3489:15
	at de.uka.ilkd.key.nparser.builder.AbstractBuilder.accept(AbstractBuilder.java:54)
Caused by: de.uka.ilkd.key.java.JavaBuildingExceptions: JavaBuildingIssue{node=PrintStream.$allocate()range=Optional.empty, message='Unsupported element detected given by Java Parser: MethodCallExpr. Please extend the KeY-Java-Hierarchy'}
	at de.uka.ilkd.key.java.JP2KeYVisitor.reportError(JP2KeYConverter.java:119)

118351     ERROR Test worker     d.u.i.k.n.b.AbstractBuilder  de.uka.ilkd.key.java.JavaBuildingExceptions: JavaBuildingIssue{node=PrintStream.$allocate()range=Optional.empty, message='Unsupported element detected given by Java Parser: MethodCallExpr. Please extend the KeY-Java-Hierarchy'}
	at de.uka.ilkd.key.java.JP2KeYVisitor.reportError(JP2KeYConverter.java:119)

118352     ERROR Test worker     d.u.i.k.n.b.TacletPBuilder Error in parsing taclet. de.uka.ilkd.key.util.parsing.BuildingException: JavaBuildingIssue{node=PrintStream.$allocate()range=Optional.empty, message='Unsupported element detected given by Java Parser: MethodCallExpr. Please extend the KeY-Java-Hierarchy'} at file:/home/runner/work/key/key/key.core/build/resources/main/de/uka/ilkd/key/proof/rules/javaRules.key:3495:15
	at de.uka.ilkd.key.nparser.builder.AbstractBuilder.accept(AbstractBuilder.java:54)
Caused by: de.uka.ilkd.key.java.JavaBuildingExceptions: JavaBuildingIssue{node=PrintStream.$allocate()range=Optional.empty, message='Unsupported element detected given by Java Parser: MethodCallExpr. Please extend the KeY-Java-Hierarchy'}
	at de.uka.ilkd.key.java.JP2KeYVisitor.reportError(JP2KeYConverter.java:119)

118596     ERROR Test worker     d.u.i.k.n.b.AbstractBuilder  de.uka.ilkd.key.java.JavaBuildingExceptions: JavaBuildingIssue{node=PrintStream.$allocate()range=Optional.empty, message='Unsupported element detected given by Java Parser: MethodCallExpr. Please extend the KeY-Java-Hierarchy'}
	at de.uka.ilkd.key.java.JP2KeYVisitor.reportError(JP2KeYConverter.java:119)

118596     ERROR Test worker     d.u.i.k.n.b.TacletPBuilder Error in parsing taclet. de.uka.ilkd.key.util.parsing.BuildingException: JavaBuildingIssue{node=PrintStream.$allocate()range=Optional.empty, message='Unsupported element detected given by Java Parser: MethodCallExpr. Please extend the KeY-Java-Hierarchy'} at file:/home/runner/work/key/key/key.core/build/resources/main/de/uka/ilkd/key/proof/rules/javaRules.key:3501:15
	at de.uka.ilkd.key.nparser.builder.AbstractBuilder.accept(AbstractBuilder.java:54)
Caused by: de.uka.ilkd.key.java.JavaBuildingExceptions: JavaBuildingIssue{node=PrintStream.$allocate()range=Optional.empty, message='Unsupported element detected given by Java Parser: MethodCallExpr. Please extend the KeY-Java-Hierarchy'}
	at de.uka.ilkd.key.java.JP2KeYVisitor.reportError(JP2KeYConverter.java:119)

118896     ERROR Test worker     d.u.i.k.n.b.AbstractBuilder  de.uka.ilkd.key.java.JavaBuildingExceptions: JavaBuildingIssue{node=PrintStream.$allocate()range=Optional.empty, message='Unsupported element detected given by Java Parser: MethodCallExpr. Please extend the KeY-Java-Hierarchy'}
	at de.uka.ilkd.key.java.JP2KeYVisitor.reportError(JP2KeYConverter.java:119)

118897     ERROR Test worker     d.u.i.k.n.b.TacletPBuilder Error in parsing taclet. de.uka.ilkd.key.util.parsing.BuildingException: JavaBuildingIssue{node=PrintStream.$allocate()range=Optional.empty, message='Unsupported element detected given by Java Parser: MethodCallExpr. Please extend the KeY-Java-Hierarchy'} at file:/home/runner/work/key/key/key.core/build/resources/main/de/uka/ilkd/key/proof/rules/javaRules.key:3506:15
	at de.uka.ilkd.key.nparser.builder.AbstractBuilder.accept(AbstractBuilder.java:54)
Caused by: de.uka.ilkd.key.java.JavaBuildingExceptions: JavaBuildingIssue{node=PrintStream.$allocate()range=Optional.empty, message='Unsupported element detected given by Java Parser: MethodCallExpr. Please extend the KeY-Java-Hierarchy'}
	at de.uka.ilkd.key.java.JP2KeYVisitor.reportError(JP2KeYConverter.java:119)

119137     ERROR Test worker     d.u.i.k.n.b.AbstractBuilder  de.uka.ilkd.key.java.JavaBuildingExceptions: JavaBuildingIssue{node=PrintStream.$allocate()range=Optional.empty, message='Unsupported element detected given by Java Parser: MethodCallExpr. Please extend the KeY-Java-Hierarchy'}
	at de.uka.ilkd.key.java.JP2KeYVisitor.reportError(JP2KeYConverter.java:119)

119137     ERROR Test worker     d.u.i.k.n.b.TacletPBuilder Error in parsing taclet. de.uka.ilkd.key.util.parsing.BuildingException: JavaBuildingIssue{node=PrintStream.$allocate()range=Optional.empty, message='Unsupported element detected given by Java Parser: MethodCallExpr. Please extend the KeY-Java-Hierarchy'} at file:/home/runner/work/key/key/key.core/build/resources/main/de/uka/ilkd/key/proof/rules/javaRules.key:3511:20
	at de.uka.ilkd.key.nparser.builder.AbstractBuilder.accept(AbstractBuilder.java:54)
Caused by: de.uka.ilkd.key.java.JavaBuildingExceptions: JavaBuildingIssue{node=PrintStream.$allocate()range=Optional.empty, message='Unsupported element detected given by Java Parser: MethodCallExpr. Please extend the KeY-Java-Hierarchy'}
	at de.uka.ilkd.key.java.JP2KeYVisitor.reportError(JP2KeYConverter.java:119)

119377     ERROR Test worker     d.u.i.k.n.b.AbstractBuilder  de.uka.ilkd.key.java.JavaBuildingExceptions: JavaBuildingIssue{node=PrintStream.$allocate()range=Optional.empty, message='Unsupported element detected given by Java Parser: MethodCallExpr. Please extend the KeY-Java-Hierarchy'}
	at de.uka.ilkd.key.java.JP2KeYVisitor.reportError(JP2KeYConverter.java:119)

119377     ERROR Test worker     d.u.i.k.n.b.TacletPBuilder Error in parsing taclet. de.uka.ilkd.key.util.parsing.BuildingException: JavaBuildingIssue{node=PrintStream.$allocate()range=Optional.empty, message='Unsupported element detected given by Java Parser: MethodCallExpr. Please extend the KeY-Java-Hierarchy'} at file:/home/runner/work/key/key/key.core/build/resources/main/de/uka/ilkd/key/proof/rules/javaRules.key:3517:20
	at de.uka.ilkd.key.nparser.builder.AbstractBuilder.accept(AbstractBuilder.java:54)
Caused by: de.uka.ilkd.key.java.JavaBuildingExceptions: JavaBuildingIssue{node=PrintStream.$allocate()range=Optional.empty, message='Unsupported element detected given by Java Parser: MethodCallExpr. Please extend the KeY-Java-Hierarchy'}
	at de.uka.ilkd.key.java.JP2KeYVisitor.reportError(JP2KeYConverter.java:119)

119620     ERROR Test worker     d.u.i.k.n.b.AbstractBuilder  de.uka.ilkd.key.java.JavaBuildingExceptions: JavaBuildingIssue{node=PrintStream.$allocate()range=Optional.empty, message='Unsupported element detected given by Java Parser: MethodCallExpr. Please extend the KeY-Java-Hierarchy'}
	at de.uka.ilkd.key.java.JP2KeYVisitor.reportError(JP2KeYConverter.java:119)

119621     ERROR Test worker     d.u.i.k.n.b.TacletPBuilder Error in parsing taclet. de.uka.ilkd.key.util.parsing.BuildingException: JavaBuildingIssue{node=PrintStream.$allocate()range=Optional.empty, message='Unsupported element detected given by Java Parser: MethodCallExpr. Please extend the KeY-Java-Hierarchy'} at file:/home/runner/work/key/key/key.core/build/resources/main/de/uka/ilkd/key/proof/rules/javaRules.key:3523:20
	at de.uka.ilkd.key.nparser.builder.AbstractBuilder.accept(AbstractBuilder.java:54)
Caused by: de.uka.ilkd.key.java.JavaBuildingExceptions: JavaBuildingIssue{node=PrintStream.$allocate()range=Optional.empty, message='Unsupported element detected given by Java Parser: MethodCallExpr. Please extend the KeY-Java-Hierarchy'}
	at de.uka.ilkd.key.java.JP2KeYVisitor.reportError(JP2KeYConverter.java:119)

119921     ERROR Test worker     d.u.i.k.n.b.AbstractBuilder  de.uka.ilkd.key.java.JavaBuildingExceptions: JavaBuildingIssue{node=PrintStream.$allocate()range=Optional.empty, message='Unsupported element detected given by Java Parser: MethodCallExpr. Please extend the KeY-Java-Hierarchy'}
	at de.uka.ilkd.key.java.JP2KeYVisitor.reportError(JP2KeYConverter.java:119)

119921     ERROR Test worker     d.u.i.k.n.b.TacletPBuilder Error in parsing taclet. de.uka.ilkd.key.util.parsing.BuildingException: JavaBuildingIssue{node=PrintStream.$allocate()range=Optional.empty, message='Unsupported element detected given by Java Parser: MethodCallExpr. Please extend the KeY-Java-Hierarchy'} at file:/home/runner/work/key/key/key.core/build/resources/main/de/uka/ilkd/key/proof/rules/javaRules.key:3528:20
	at de.uka.ilkd.key.nparser.builder.AbstractBuilder.accept(AbstractBuilder.java:54)
Caused by: de.uka.ilkd.key.java.JavaBuildingExceptions: JavaBuildingIssue{node=PrintStream.$allocate()range=Optional.empty, message='Unsupported element detected given by Java Parser: MethodCallExpr. Please extend the KeY-Java-Hierarchy'}
	at de.uka.ilkd.key.java.JP2KeYVisitor.reportError(JP2KeYConverter.java:119)

120161     ERROR Test worker     d.u.i.k.n.b.AbstractBuilder  de.uka.ilkd.key.java.JavaBuildingExceptions: JavaBuildingIssue{node=PrintStream.$allocate()range=Optional.empty, message='Unsupported element detected given by Java Parser: MethodCallExpr. Please extend the KeY-Java-Hierarchy'}
	at de.uka.ilkd.key.java.JP2KeYVisitor.reportError(JP2KeYConverter.java:119)

120161     ERROR Test worker     d.u.i.k.n.b.TacletPBuilder Error in parsing taclet. de.uka.ilkd.key.util.parsing.BuildingException: JavaBuildingIssue{node=PrintStream.$allocate()range=Optional.empty, message='Unsupported element detected given by Java Parser: MethodCallExpr. Please extend the KeY-Java-Hierarchy'} at file:/home/runner/work/key/key/key.core/build/resources/main/de/uka/ilkd/key/proof/rules/javaRules.key:3533:15
	at de.uka.ilkd.key.nparser.builder.AbstractBuilder.accept(AbstractBuilder.java:54)
Caused by: de.uka.ilkd.key.java.JavaBuildingExceptions: JavaBuildingIssue{node=PrintStream.$allocate()range=Optional.empty, message='Unsupported element detected given by Java Parser: MethodCallExpr. Please extend the KeY-Java-Hierarchy'}
	at de.uka.ilkd.key.java.JP2KeYVisitor.reportError(JP2KeYConverter.java:119)

120423     ERROR Test worker     d.u.i.k.n.b.AbstractBuilder  de.uka.ilkd.key.java.JavaBuildingExceptions: JavaBuildingIssue{node=PrintStream.$allocate()range=Optional.empty, message='Unsupported element detected given by Java Parser: MethodCallExpr. Please extend the KeY-Java-Hierarchy'}
	at de.uka.ilkd.key.java.JP2KeYVisitor.reportError(JP2KeYConverter.java:119)

120425     ERROR Test worker     d.u.i.k.n.b.TacletPBuilder Error in parsing taclet. de.uka.ilkd.key.util.parsing.BuildingException: JavaBuildingIssue{node=PrintStream.$allocate()range=Optional.empty, message='Unsupported element detected given by Java Parser: MethodCallExpr. Please extend the KeY-Java-Hierarchy'} at file:/home/runner/work/key/key/key.core/build/resources/main/de/uka/ilkd/key/proof/rules/javaRules.key:3538:15
	at de.uka.ilkd.key.nparser.builder.AbstractBuilder.accept(AbstractBuilder.java:54)
Caused by: de.uka.ilkd.key.java.JavaBuildingExceptions: JavaBuildingIssue{node=PrintStream.$allocate()range=Optional.empty, message='Unsupported element detected given by Java Parser: MethodCallExpr. Please extend the KeY-Java-Hierarchy'}
	at de.uka.ilkd.key.java.JP2KeYVisitor.reportError(JP2KeYConverter.java:119)

120712     ERROR Test worker     d.u.i.k.n.b.AbstractBuilder  de.uka.ilkd.key.java.JavaBuildingExceptions: JavaBuildingIssue{node=PrintStream.$allocate()range=Optional.empty, message='Unsupported element detected given by Java Parser: MethodCallExpr. Please extend the KeY-Java-Hierarchy'}
	at de.uka.ilkd.key.java.JP2KeYVisitor.reportError(JP2KeYConverter.java:119)

120712     ERROR Test worker     d.u.i.k.n.b.TacletPBuilder Error in parsing taclet. de.uka.ilkd.key.util.parsing.BuildingException: JavaBuildingIssue{node=PrintStream.$allocate()range=Optional.empty, message='Unsupported element detected given by Java Parser: MethodCallExpr. Please extend the KeY-Java-Hierarchy'} at file:/home/runner/work/key/key/key.core/build/resources/main/de/uka/ilkd/key/proof/rules/javaRules.key:3545:23
	at de.uka.ilkd.key.nparser.builder.AbstractBuilder.accept(AbstractBuilder.java:54)
Caused by: de.uka.ilkd.key.java.JavaBuildingExceptions: JavaBuildingIssue{node=PrintStream.$allocate()range=Optional.empty, message='Unsupported element detected given by Java Parser: MethodCallExpr. Please extend the KeY-Java-Hierarchy'}
	at de.uka.ilkd.key.java.JP2KeYVisitor.reportError(JP2KeYConverter.java:119)

120952     ERROR Test worker     d.u.i.k.n.b.AbstractBuilder  de.uka.ilkd.key.java.JavaBuildingExceptions: JavaBuildingIssue{node=PrintStream.$allocate()range=Optional.empty, message='Unsupported element detected given by Java Parser: MethodCallExpr. Please extend the KeY-Java-Hierarchy'}
	at de.uka.ilkd.key.java.JP2KeYVisitor.reportError(JP2KeYConverter.java:119)

120952     ERROR Test worker     d.u.i.k.n.b.TacletPBuilder Error in parsing taclet. de.uka.ilkd.key.util.parsing.BuildingException: JavaBuildingIssue{node=PrintStream.$allocate()range=Optional.empty, message='Unsupported element detected given by Java Parser: MethodCallExpr. Please extend the KeY-Java-Hierarchy'} at file:/home/runner/work/key/key/key.core/build/resources/main/de/uka/ilkd/key/proof/rules/javaRules.key:3551:18
	at de.uka.ilkd.key.nparser.builder.AbstractBuilder.accept(AbstractBuilder.java:54)
Caused by: de.uka.ilkd.key.java.JavaBuildingExceptions: JavaBuildingIssue{node=PrintStream.$allocate()range=Optional.empty, message='Unsupported element detected given by Java Parser: MethodCallExpr. Please extend the KeY-Java-Hierarchy'}
	at de.uka.ilkd.key.java.JP2KeYVisitor.reportError(JP2KeYConverter.java:119)

121191     ERROR Test worker     d.u.i.k.n.b.AbstractBuilder  de.uka.ilkd.key.java.JavaBuildingExceptions: JavaBuildingIssue{node=PrintStream.$allocate()range=Optional.empty, message='Unsupported element detected given by Java Parser: MethodCallExpr. Please extend the KeY-Java-Hierarchy'}
	at de.uka.ilkd.key.java.JP2KeYVisitor.reportError(JP2KeYConverter.java:119)

121191     ERROR Test worker     d.u.i.k.n.b.TacletPBuilder Error in parsing taclet. de.uka.ilkd.key.util.parsing.BuildingException: JavaBuildingIssue{node=PrintStream.$allocate()range=Optional.empty, message='Unsupported element detected given by Java Parser: MethodCallExpr. Please extend the KeY-Java-Hierarchy'} at file:/home/runner/work/key/key/key.core/build/resources/main/de/uka/ilkd/key/proof/rules/javaRules.key:3557:23
	at de.uka.ilkd.key.nparser.builder.AbstractBuilder.accept(AbstractBuilder.java:54)
Caused by: de.uka.ilkd.key.java.JavaBuildingExceptions: JavaBuildingIssue{node=PrintStream.$allocate()range=Optional.empty, message='Unsupported element detected given by Java Parser: MethodCallExpr. Please extend the KeY-Java-Hierarchy'}
	at de.uka.ilkd.key.java.JP2KeYVisitor.reportError(JP2KeYConverter.java:119)

121437     ERROR Test worker     d.u.i.k.n.b.AbstractBuilder  de.uka.ilkd.key.java.JavaBuildingExceptions: JavaBuildingIssue{node=PrintStream.$allocate()range=Optional.empty, message='Unsupported element detected given by Java Parser: MethodCallExpr. Please extend the KeY-Java-Hierarchy'}
	at de.uka.ilkd.key.java.JP2KeYVisitor.reportError(JP2KeYConverter.java:119)

121437     ERROR Test worker     d.u.i.k.n.b.TacletPBuilder Error in parsing taclet. de.uka.ilkd.key.util.parsing.BuildingException: JavaBuildingIssue{node=PrintStream.$allocate()range=Optional.empty, message='Unsupported element detected given by Java Parser: MethodCallExpr. Please extend the KeY-Java-Hierarchy'} at file:/home/runner/work/key/key/key.core/build/resources/main/de/uka/ilkd/key/proof/rules/javaRules.key:3563:18
	at de.uka.ilkd.key.nparser.builder.AbstractBuilder.accept(AbstractBuilder.java:54)
Caused by: de.uka.ilkd.key.java.JavaBuildingExceptions: JavaBuildingIssue{node=PrintStream.$allocate()range=Optional.empty, message='Unsupported element detected given by Java Parser: MethodCallExpr. Please extend the KeY-Java-Hierarchy'}
	at de.uka.ilkd.key.java.JP2KeYVisitor.reportError(JP2KeYConverter.java:119)

121716     ERROR Test worker     d.u.i.k.n.b.AbstractBuilder  de.uka.ilkd.key.java.JavaBuildingExceptions: JavaBuildingIssue{node=PrintStream.$allocate()range=Optional.empty, message='Unsupported element detected given by Java Parser: MethodCallExpr. Please extend the KeY-Java-Hierarchy'}
	at de.uka.ilkd.key.java.JP2KeYVisitor.reportError(JP2KeYConverter.java:119)

121716     ERROR Test worker     d.u.i.k.n.b.TacletPBuilder Error in parsing taclet. de.uka.ilkd.key.util.parsing.BuildingException: JavaBuildingIssue{node=PrintStream.$allocate()range=Optional.empty, message='Unsupported element detected given by Java Parser: MethodCallExpr. Please extend the KeY-Java-Hierarchy'} at file:/home/runner/work/key/key/key.core/build/resources/main/de/uka/ilkd/key/proof/rules/javaRules.key:3569:15
	at de.uka.ilkd.key.nparser.builder.AbstractBuilder.accept(AbstractBuilder.java:54)
Caused by: de.uka.ilkd.key.java.JavaBuildingExceptions: JavaBuildingIssue{node=PrintStream.$allocate()range=Optional.empty, message='Unsupported element detected given by Java Parser: MethodCallExpr. Please extend the KeY-Java-Hierarchy'}
	at de.uka.ilkd.key.java.JP2KeYVisitor.reportError(JP2KeYConverter.java:119)

121954     ERROR Test worker     d.u.i.k.n.b.AbstractBuilder  de.uka.ilkd.key.java.JavaBuildingExceptions: JavaBuildingIssue{node=PrintStream.$allocate()range=Optional.empty, message='Unsupported element detected given by Java Parser: MethodCallExpr. Please extend the KeY-Java-Hierarchy'}
	at de.uka.ilkd.key.java.JP2KeYVisitor.reportError(JP2KeYConverter.java:119)

121954     ERROR Test worker     d.u.i.k.n.b.TacletPBuilder Error in parsing taclet. de.uka.ilkd.key.util.parsing.BuildingException: JavaBuildingIssue{node=PrintStream.$allocate()range=Optional.empty, message='Unsupported element detected given by Java Parser: MethodCallExpr. Please extend the KeY-Java-Hierarchy'} at file:/home/runner/work/key/key/key.core/build/resources/main/de/uka/ilkd/key/proof/rules/javaRules.key:3576:15
	at de.uka.ilkd.key.nparser.builder.AbstractBuilder.accept(AbstractBuilder.java:54)
Caused by: de.uka.ilkd.key.java.JavaBuildingExceptions: JavaBuildingIssue{node=PrintStream.$allocate()range=Optional.empty, message='Unsupported element detected given by Java Parser: MethodCallExpr. Please extend the KeY-Java-Hierarchy'}
	at de.uka.ilkd.key.java.JP2KeYVisitor.reportError(JP2KeYConverter.java:119)

122191     ERROR Test worker     d.u.i.k.n.b.AbstractBuilder  de.uka.ilkd.key.java.JavaBuildingExceptions: JavaBuildingIssue{node=PrintStream.$allocate()range=Optional.empty, message='Unsupported element detected given by Java Parser: MethodCallExpr. Please extend the KeY-Java-Hierarchy'}
	at de.uka.ilkd.key.java.JP2KeYVisitor.reportError(JP2KeYConverter.java:119)

122191     ERROR Test worker     d.u.i.k.n.b.TacletPBuilder Error in parsing taclet. de.uka.ilkd.key.util.parsing.BuildingException: JavaBuildingIssue{node=PrintStream.$allocate()range=Optional.empty, message='Unsupported element detected given by Java Parser: MethodCallExpr. Please extend the KeY-Java-Hierarchy'} at file:/home/runner/work/key/key/key.core/build/resources/main/de/uka/ilkd/key/proof/rules/javaRules.key:3583:15
	at de.uka.ilkd.key.nparser.builder.AbstractBuilder.accept(AbstractBuilder.java:54)
Caused by: de.uka.ilkd.key.java.JavaBuildingExceptions: JavaBuildingIssue{node=PrintStream.$allocate()range=Optional.empty, message='Unsupported element detected given by Java Parser: MethodCallExpr. Please extend the KeY-Java-Hierarchy'}
	at de.uka.ilkd.key.java.JP2KeYVisitor.reportError(JP2KeYConverter.java:119)

122468     ERROR Test worker     d.u.i.k.n.b.AbstractBuilder  de.uka.ilkd.key.java.JavaBuildingExceptions: JavaBuildingIssue{node=PrintStream.$allocate()range=Optional.empty, message='Unsupported element detected given by Java Parser: MethodCallExpr. Please extend the KeY-Java-Hierarchy'}
	at de.uka.ilkd.key.java.JP2KeYVisitor.reportError(JP2KeYConverter.java:119)

122468     ERROR Test worker     d.u.i.k.n.b.TacletPBuilder Error in parsing taclet. de.uka.ilkd.key.util.parsing.BuildingException: JavaBuildingIssue{node=PrintStream.$allocate()range=Optional.empty, message='Unsupported element detected given by Java Parser: MethodCallExpr. Please extend the KeY-Java-Hierarchy'} at file:/home/runner/work/key/key/key.core/build/resources/main/de/uka/ilkd/key/proof/rules/javaRules.key:3589:15
	at de.uka.ilkd.key.nparser.builder.AbstractBuilder.accept(AbstractBuilder.java:54)
Caused by: de.uka.ilkd.key.java.JavaBuildingExceptions: JavaBuildingIssue{node=PrintStream.$allocate()range=Optional.empty, message='Unsupported element detected given by Java Parser: MethodCallExpr. Please extend the KeY-Java-Hierarchy'}
	at de.uka.ilkd.key.java.JP2KeYVisitor.reportError(JP2KeYConverter.java:119)

122703     ERROR Test worker     d.u.i.k.n.b.AbstractBuilder  de.uka.ilkd.key.java.JavaBuildingExceptions: JavaBuildingIssue{node=PrintStream.$allocate()range=Optional.empty, message='Unsupported element detected given by Java Parser: MethodCallExpr. Please extend the KeY-Java-Hierarchy'}
	at de.uka.ilkd.key.java.JP2KeYVisitor.reportError(JP2KeYConverter.java:119)

122703     ERROR Test worker     d.u.i.k.n.b.TacletPBuilder Error in parsing taclet. de.uka.ilkd.key.util.parsing.BuildingException: JavaBuildingIssue{node=PrintStream.$allocate()range=Optional.empty, message='Unsupported element detected given by Java Parser: MethodCallExpr. Please extend the KeY-Java-Hierarchy'} at file:/home/runner/work/key/key/key.core/build/resources/main/de/uka/ilkd/key/proof/rules/javaRules.key:3596:15
	at de.uka.ilkd.key.nparser.builder.AbstractBuilder.accept(AbstractBuilder.java:54)
Caused by: de.uka.ilkd.key.java.JavaBuildingExceptions: JavaBuildingIssue{node=PrintStream.$allocate()range=Optional.empty, message='Unsupported element detected given by Java Parser: MethodCallExpr. Please extend the KeY-Java-Hierarchy'}
	at de.uka.ilkd.key.java.JP2KeYVisitor.reportError(JP2KeYConverter.java:119)

122940     ERROR Test worker     d.u.i.k.n.b.AbstractBuilder  de.uka.ilkd.key.java.JavaBuildingExceptions: JavaBuildingIssue{node=PrintStream.$allocate()range=Optional.empty, message='Unsupported element detected given by Java Parser: MethodCallExpr. Please extend the KeY-Java-Hierarchy'}
	at de.uka.ilkd.key.java.JP2KeYVisitor.reportError(JP2KeYConverter.java:119)

122941     ERROR Test worker     d.u.i.k.n.b.TacletPBuilder Error in parsing taclet. de.uka.ilkd.key.util.parsing.BuildingException: JavaBuildingIssue{node=PrintStream.$allocate()range=Optional.empty, message='Unsupported element detected given by Java Parser: MethodCallExpr. Please extend the KeY-Java-Hierarchy'} at file:/home/runner/work/key/key/key.core/build/resources/main/de/uka/ilkd/key/proof/rules/javaRules.key:3608:15
	at de.uka.ilkd.key.nparser.builder.AbstractBuilder.accept(AbstractBuilder.java:54)
Caused by: de.uka.ilkd.key.java.JavaBuildingExceptions: JavaBuildingIssue{node=PrintStream.$allocate()range=Optional.empty, message='Unsupported element detected given by Java Parser: MethodCallExpr. Please extend the KeY-Java-Hierarchy'}
	at de.uka.ilkd.key.java.JP2KeYVisitor.reportError(JP2KeYConverter.java:119)

123227     ERROR Test worker     d.u.i.k.n.b.AbstractBuilder  de.uka.ilkd.key.java.JavaBuildingExceptions: JavaBuildingIssue{node=PrintStream.$allocate()range=Optional.empty, message='Unsupported element detected given by Java Parser: MethodCallExpr. Please extend the KeY-Java-Hierarchy'}
	at de.uka.ilkd.key.java.JP2KeYVisitor.reportError(JP2KeYConverter.java:119)

123227     ERROR Test worker     d.u.i.k.n.b.TacletPBuilder Error in parsing taclet. de.uka.ilkd.key.util.parsing.BuildingException: JavaBuildingIssue{node=PrintStream.$allocate()range=Optional.empty, message='Unsupported element detected given by Java Parser: MethodCallExpr. Please extend the KeY-Java-Hierarchy'} at file:/home/runner/work/key/key/key.core/build/resources/main/de/uka/ilkd/key/proof/rules/javaRules.key:3622:15
	at de.uka.ilkd.key.nparser.builder.AbstractBuilder.accept(AbstractBuilder.java:54)
Caused by: de.uka.ilkd.key.java.JavaBuildingExceptions: JavaBuildingIssue{node=PrintStream.$allocate()range=Optional.empty, message='Unsupported element detected given by Java Parser: MethodCallExpr. Please extend the KeY-Java-Hierarchy'}
	at de.uka.ilkd.key.java.JP2KeYVisitor.reportError(JP2KeYConverter.java:119)

123468     ERROR Test worker     d.u.i.k.n.b.AbstractBuilder  de.uka.ilkd.key.java.JavaBuildingExceptions: JavaBuildingIssue{node=PrintStream.$allocate()range=Optional.empty, message='Unsupported element detected given by Java Parser: MethodCallExpr. Please extend the KeY-Java-Hierarchy'}
	at de.uka.ilkd.key.java.JP2KeYVisitor.reportError(JP2KeYConverter.java:119)

123468     ERROR Test worker     d.u.i.k.n.b.TacletPBuilder Error in parsing taclet. de.uka.ilkd.key.util.parsing.BuildingException: JavaBuildingIssue{node=PrintStream.$allocate()range=Optional.empty, message='Unsupported element detected given by Java Parser: MethodCallExpr. Please extend the KeY-Java-Hierarchy'} at file:/home/runner/work/key/key/key.core/build/resources/main/de/uka/ilkd/key/proof/rules/javaRules.key:3635:15
	at de.uka.ilkd.key.nparser.builder.AbstractBuilder.accept(AbstractBuilder.java:54)
Caused by: de.uka.ilkd.key.java.JavaBuildingExceptions: JavaBuildingIssue{node=PrintStream.$allocate()range=Optional.empty, message='Unsupported element detected given by Java Parser: MethodCallExpr. Please extend the KeY-Java-Hierarchy'}
	at de.uka.ilkd.key.java.JP2KeYVisitor.reportError(JP2KeYConverter.java:119)

123704     ERROR Test worker     d.u.i.k.n.b.AbstractBuilder  de.uka.ilkd.key.java.JavaBuildingExceptions: JavaBuildingIssue{node=PrintStream.$allocate()range=Optional.empty, message='Unsupported element detected given by Java Parser: MethodCallExpr. Please extend the KeY-Java-Hierarchy'}
	at de.uka.ilkd.key.java.JP2KeYVisitor.reportError(JP2KeYConverter.java:119)

123704     ERROR Test worker     d.u.i.k.n.b.TacletPBuilder Error in parsing taclet. de.uka.ilkd.key.util.parsing.BuildingException: JavaBuildingIssue{node=PrintStream.$allocate()range=Optional.empty, message='Unsupported element detected given by Java Parser: MethodCallExpr. Please extend the KeY-Java-Hierarchy'} at file:/home/runner/work/key/key/key.core/build/resources/main/de/uka/ilkd/key/proof/rules/javaRules.key:3650:15
	at de.uka.ilkd.key.nparser.builder.AbstractBuilder.accept(AbstractBuilder.java:54)
Caused by: de.uka.ilkd.key.java.JavaBuildingExceptions: JavaBuildingIssue{node=PrintStream.$allocate()range=Optional.empty, message='Unsupported element detected given by Java Parser: MethodCallExpr. Please extend the KeY-Java-Hierarchy'}
	at de.uka.ilkd.key.java.JP2KeYVisitor.reportError(JP2KeYConverter.java:119)

123993     ERROR Test worker     d.u.i.k.n.b.AbstractBuilder  de.uka.ilkd.key.java.JavaBuildingExceptions: JavaBuildingIssue{node=PrintStream.$allocate()range=Optional.empty, message='Unsupported element detected given by Java Parser: MethodCallExpr. Please extend the KeY-Java-Hierarchy'}
	at de.uka.ilkd.key.java.JP2KeYVisitor.reportError(JP2KeYConverter.java:119)

123993     ERROR Test worker     d.u.i.k.n.b.TacletPBuilder Error in parsing taclet. de.uka.ilkd.key.util.parsing.BuildingException: JavaBuildingIssue{node=PrintStream.$allocate()range=Optional.empty, message='Unsupported element detected given by Java Parser: MethodCallExpr. Please extend the KeY-Java-Hierarchy'} at file:/home/runner/work/key/key/key.core/build/resources/main/de/uka/ilkd/key/proof/rules/javaRules.key:3671:15
	at de.uka.ilkd.key.nparser.builder.AbstractBuilder.accept(AbstractBuilder.java:54)
Caused by: de.uka.ilkd.key.java.JavaBuildingExceptions: JavaBuildingIssue{node=PrintStream.$allocate()range=Optional.empty, message='Unsupported element detected given by Java Parser: MethodCallExpr. Please extend the KeY-Java-Hierarchy'}
	at de.uka.ilkd.key.java.JP2KeYVisitor.reportError(JP2KeYConverter.java:119)

124231     ERROR Test worker     d.u.i.k.n.b.AbstractBuilder  de.uka.ilkd.key.java.JavaBuildingExceptions: JavaBuildingIssue{node=PrintStream.$allocate()range=Optional.empty, message='Unsupported element detected given by Java Parser: MethodCallExpr. Please extend the KeY-Java-Hierarchy'}
	at de.uka.ilkd.key.java.JP2KeYVisitor.reportError(JP2KeYConverter.java:119)

124232     ERROR Test worker     d.u.i.k.n.b.TacletPBuilder Error in parsing taclet. de.uka.ilkd.key.util.parsing.BuildingException: JavaBuildingIssue{node=PrintStream.$allocate()range=Optional.empty, message='Unsupported element detected given by Java Parser: MethodCallExpr. Please extend the KeY-Java-Hierarchy'} at file:/home/runner/work/key/key/key.core/build/resources/main/de/uka/ilkd/key/proof/rules/javaRules.key:3682:15
	at de.uka.ilkd.key.nparser.builder.AbstractBuilder.accept(AbstractBuilder.java:54)
Caused by: de.uka.ilkd.key.java.JavaBuildingExceptions: JavaBuildingIssue{node=PrintStream.$allocate()range=Optional.empty, message='Unsupported element detected given by Java Parser: MethodCallExpr. Please extend the KeY-Java-Hierarchy'}
	at de.uka.ilkd.key.java.JP2KeYVisitor.reportError(JP2KeYConverter.java:119)

124467     ERROR Test worker     d.u.i.k.n.b.AbstractBuilder  de.uka.ilkd.key.java.JavaBuildingExceptions: JavaBuildingIssue{node=PrintStream.$allocate()range=Optional.empty, message='Unsupported element detected given by Java Parser: MethodCallExpr. Please extend the KeY-Java-Hierarchy'}
	at de.uka.ilkd.key.java.JP2KeYVisitor.reportError(JP2KeYConverter.java:119)

124467     ERROR Test worker     d.u.i.k.n.b.TacletPBuilder Error in parsing taclet. de.uka.ilkd.key.util.parsing.BuildingException: JavaBuildingIssue{node=PrintStream.$allocate()range=Optional.empty, message='Unsupported element detected given by Java Parser: MethodCallExpr. Please extend the KeY-Java-Hierarchy'} at file:/home/runner/work/key/key/key.core/build/resources/main/de/uka/ilkd/key/proof/rules/javaRules.key:3695:15
	at de.uka.ilkd.key.nparser.builder.AbstractBuilder.accept(AbstractBuilder.java:54)
Caused by: de.uka.ilkd.key.java.JavaBuildingExceptions: JavaBuildingIssue{node=PrintStream.$allocate()range=Optional.empty, message='Unsupported element detected given by Java Parser: MethodCallExpr. Please extend the KeY-Java-Hierarchy'}
	at de.uka.ilkd.key.java.JP2KeYVisitor.reportError(JP2KeYConverter.java:119)

124742     ERROR Test worker     d.u.i.k.n.b.AbstractBuilder  de.uka.ilkd.key.java.JavaBuildingExceptions: JavaBuildingIssue{node=PrintStream.$allocate()range=Optional.empty, message='Unsupported element detected given by Java Parser: MethodCallExpr. Please extend the KeY-Java-Hierarchy'}
	at de.uka.ilkd.key.java.JP2KeYVisitor.reportError(JP2KeYConverter.java:119)

124742     ERROR Test worker     d.u.i.k.n.b.TacletPBuilder Error in parsing taclet. de.uka.ilkd.key.util.parsing.BuildingException: JavaBuildingIssue{node=PrintStream.$allocate()range=Optional.empty, message='Unsupported element detected given by Java Parser: MethodCallExpr. Please extend the KeY-Java-Hierarchy'} at file:/home/runner/work/key/key/key.core/build/resources/main/de/uka/ilkd/key/proof/rules/javaRules.key:3702:15
	at de.uka.ilkd.key.nparser.builder.AbstractBuilder.accept(AbstractBuilder.java:54)
Caused by: de.uka.ilkd.key.java.JavaBuildingExceptions: JavaBuildingIssue{node=PrintStream.$allocate()range=Optional.empty, message='Unsupported element detected given by Java Parser: MethodCallExpr. Please extend the KeY-Java-Hierarchy'}
	at de.uka.ilkd.key.java.JP2KeYVisitor.reportError(JP2KeYConverter.java:119)

124986     ERROR Test worker     d.u.i.k.n.b.AbstractBuilder  de.uka.ilkd.key.java.JavaBuildingExceptions: JavaBuildingIssue{node=PrintStream.$allocate()range=Optional.empty, message='Unsupported element detected given by Java Parser: MethodCallExpr. Please extend the KeY-Java-Hierarchy'}
	at de.uka.ilkd.key.java.JP2KeYVisitor.reportError(JP2KeYConverter.java:119)

124987     ERROR Test worker     d.u.i.k.n.b.TacletPBuilder Error in parsing taclet. de.uka.ilkd.key.util.parsing.BuildingException: JavaBuildingIssue{node=PrintStream.$allocate()range=Optional.empty, message='Unsupported element detected given by Java Parser: MethodCallExpr. Please extend the KeY-Java-Hierarchy'} at file:/home/runner/work/key/key/key.core/build/resources/main/de/uka/ilkd/key/proof/rules/javaRules.key:3712:15
	at de.uka.ilkd.key.nparser.builder.AbstractBuilder.accept(AbstractBuilder.java:54)
Caused by: de.uka.ilkd.key.java.JavaBuildingExceptions: JavaBuildingIssue{node=PrintStream.$allocate()range=Optional.empty, message='Unsupported element detected given by Java Parser: MethodCallExpr. Please extend the KeY-Java-Hierarchy'}
	at de.uka.ilkd.key.java.JP2KeYVisitor.reportError(JP2KeYConverter.java:119)

125224     ERROR Test worker     d.u.i.k.n.b.AbstractBuilder  de.uka.ilkd.key.java.JavaBuildingExceptions: JavaBuildingIssue{node=PrintStream.$allocate()range=Optional.empty, message='Unsupported element detected given by Java Parser: MethodCallExpr. Please extend the KeY-Java-Hierarchy'}
	at de.uka.ilkd.key.java.JP2KeYVisitor.reportError(JP2KeYConverter.java:119)

125224     ERROR Test worker     d.u.i.k.n.b.TacletPBuilder Error in parsing taclet. de.uka.ilkd.key.util.parsing.BuildingException: JavaBuildingIssue{node=PrintStream.$allocate()range=Optional.empty, message='Unsupported element detected given by Java Parser: MethodCallExpr. Please extend the KeY-Java-Hierarchy'} at file:/home/runner/work/key/key/key.core/build/resources/main/de/uka/ilkd/key/proof/rules/javaRules.key:3723:15
	at de.uka.ilkd.key.nparser.builder.AbstractBuilder.accept(AbstractBuilder.java:54)
Caused by: de.uka.ilkd.key.java.JavaBuildingExceptions: JavaBuildingIssue{node=PrintStream.$allocate()range=Optional.empty, message='Unsupported element detected given by Java Parser: MethodCallExpr. Please extend the KeY-Java-Hierarchy'}
	at de.uka.ilkd.key.java.JP2KeYVisitor.reportError(JP2KeYConverter.java:119)

125512     ERROR Test worker     d.u.i.k.n.b.AbstractBuilder  de.uka.ilkd.key.java.JavaBuildingExceptions: JavaBuildingIssue{node=PrintStream.$allocate()range=Optional.empty, message='Unsupported element detected given by Java Parser: MethodCallExpr. Please extend the KeY-Java-Hierarchy'}
	at de.uka.ilkd.key.java.JP2KeYVisitor.reportError(JP2KeYConverter.java:119)

125512     ERROR Test worker     d.u.i.k.n.b.TacletPBuilder Error in parsing taclet. de.uka.ilkd.key.util.parsing.BuildingException: JavaBuildingIssue{node=PrintStream.$allocate()range=Optional.empty, message='Unsupported element detected given by Java Parser: MethodCallExpr. Please extend the KeY-Java-Hierarchy'} at file:/home/runner/work/key/key/key.core/build/resources/main/de/uka/ilkd/key/proof/rules/javaRules.key:3735:15
	at de.uka.ilkd.key.nparser.builder.AbstractBuilder.accept(AbstractBuilder.java:54)
Caused by: de.uka.ilkd.key.java.JavaBuildingExceptions: JavaBuildingIssue{node=PrintStream.$allocate()range=Optional.empty, message='Unsupported element detected given by Java Parser: MethodCallExpr. Please extend the KeY-Java-Hierarchy'}
	at de.uka.ilkd.key.java.JP2KeYVisitor.reportError(JP2KeYConverter.java:119)

125748     ERROR Test worker     d.u.i.k.n.b.AbstractBuilder  de.uka.ilkd.key.java.JavaBuildingExceptions: JavaBuildingIssue{node=PrintStream.$allocate()range=Optional.empty, message='Unsupported element detected given by Java Parser: MethodCallExpr. Please extend the KeY-Java-Hierarchy'}
	at de.uka.ilkd.key.java.JP2KeYVisitor.reportError(JP2KeYConverter.java:119)

125748     ERROR Test worker     d.u.i.k.n.b.TacletPBuilder Error in parsing taclet. de.uka.ilkd.key.util.parsing.BuildingException: JavaBuildingIssue{node=PrintStream.$allocate()range=Optional.empty, message='Unsupported element detected given by Java Parser: MethodCallExpr. Please extend the KeY-Java-Hierarchy'} at file:/home/runner/work/key/key/key.core/build/resources/main/de/uka/ilkd/key/proof/rules/javaRules.key:3747:15
	at de.uka.ilkd.key.nparser.builder.AbstractBuilder.accept(AbstractBuilder.java:54)
Caused by: de.uka.ilkd.key.java.JavaBuildingExceptions: JavaBuildingIssue{node=PrintStream.$allocate()range=Optional.empty, message='Unsupported element detected given by Java Parser: MethodCallExpr. Please extend the KeY-Java-Hierarchy'}
	at de.uka.ilkd.key.java.JP2KeYVisitor.reportError(JP2KeYConverter.java:119)

125985     ERROR Test worker     d.u.i.k.n.b.AbstractBuilder  de.uka.ilkd.key.java.JavaBuildingExceptions: JavaBuildingIssue{node=PrintStream.$allocate()range=Optional.empty, message='Unsupported element detected given by Java Parser: MethodCallExpr. Please extend the KeY-Java-Hierarchy'}
	at de.uka.ilkd.key.java.JP2KeYVisitor.reportError(JP2KeYConverter.java:119)

125985     ERROR Test worker     d.u.i.k.n.b.TacletPBuilder Error in parsing taclet. de.uka.ilkd.key.util.parsing.BuildingException: JavaBuildingIssue{node=PrintStream.$allocate()range=Optional.empty, message='Unsupported element detected given by Java Parser: MethodCallExpr. Please extend the KeY-Java-Hierarchy'} at file:/home/runner/work/key/key/key.core/build/resources/main/de/uka/ilkd/key/proof/rules/javaRules.key:3761:15
	at de.uka.ilkd.key.nparser.builder.AbstractBuilder.accept(AbstractBuilder.java:54)
Caused by: de.uka.ilkd.key.java.JavaBuildingExceptions: JavaBuildingIssue{node=PrintStream.$allocate()range=Optional.empty, message='Unsupported element detected given by Java Parser: MethodCallExpr. Please extend the KeY-Java-Hierarchy'}
	at de.uka.ilkd.key.java.JP2KeYVisitor.reportError(JP2KeYConverter.java:119)

126277     ERROR Test worker     d.u.i.k.n.b.AbstractBuilder  de.uka.ilkd.key.java.JavaBuildingExceptions: JavaBuildingIssue{node=PrintStream.$allocate()range=Optional.empty, message='Unsupported element detected given by Java Parser: MethodCallExpr. Please extend the KeY-Java-Hierarchy'}
	at de.uka.ilkd.key.java.JP2KeYVisitor.reportError(JP2KeYConverter.java:119)

126277     ERROR Test worker     d.u.i.k.n.b.TacletPBuilder Error in parsing taclet. de.uka.ilkd.key.util.parsing.BuildingException: JavaBuildingIssue{node=PrintStream.$allocate()range=Optional.empty, message='Unsupported element detected given by Java Parser: MethodCallExpr. Please extend the KeY-Java-Hierarchy'} at file:/home/runner/work/key/key/key.core/build/resources/main/de/uka/ilkd/key/proof/rules/javaRules.key:3769:15
	at de.uka.ilkd.key.nparser.builder.AbstractBuilder.accept(AbstractBuilder.java:54)
Caused by: de.uka.ilkd.key.java.JavaBuildingExceptions: JavaBuildingIssue{node=PrintStream.$allocate()range=Optional.empty, message='Unsupported element detected given by Java Parser: MethodCallExpr. Please extend the KeY-Java-Hierarchy'}
	at de.uka.ilkd.key.java.JP2KeYVisitor.reportError(JP2KeYConverter.java:119)

126513     ERROR Test worker     d.u.i.k.n.b.AbstractBuilder  de.uka.ilkd.key.java.JavaBuildingExceptions: JavaBuildingIssue{node=PrintStream.$allocate()range=Optional.empty, message='Unsupported element detected given by Java Parser: MethodCallExpr. Please extend the KeY-Java-Hierarchy'}
	at de.uka.ilkd.key.java.JP2KeYVisitor.reportError(JP2KeYConverter.java:119)

126513     ERROR Test worker     d.u.i.k.n.b.TacletPBuilder Error in parsing taclet. de.uka.ilkd.key.util.parsing.BuildingException: JavaBuildingIssue{node=PrintStream.$allocate()range=Optional.empty, message='Unsupported element detected given by Java Parser: MethodCallExpr. Please extend the KeY-Java-Hierarchy'} at file:/home/runner/work/key/key/key.core/build/resources/main/de/uka/ilkd/key/proof/rules/javaRules.key:3780:15
	at de.uka.ilkd.key.nparser.builder.AbstractBuilder.accept(AbstractBuilder.java:54)
Caused by: de.uka.ilkd.key.java.JavaBuildingExceptions: JavaBuildingIssue{node=PrintStream.$allocate()range=Optional.empty, message='Unsupported element detected given by Java Parser: MethodCallExpr. Please extend the KeY-Java-Hierarchy'}
	at de.uka.ilkd.key.java.JP2KeYVisitor.reportError(JP2KeYConverter.java:119)

126753     ERROR Test worker     d.u.i.k.n.b.AbstractBuilder  de.uka.ilkd.key.java.JavaBuildingExceptions: JavaBuildingIssue{node=PrintStream.$allocate()range=Optional.empty, message='Unsupported element detected given by Java Parser: MethodCallExpr. Please extend the KeY-Java-Hierarchy'}
	at de.uka.ilkd.key.java.JP2KeYVisitor.reportError(JP2KeYConverter.java:119)

126754     ERROR Test worker     d.u.i.k.n.b.TacletPBuilder Error in parsing taclet. de.uka.ilkd.key.util.parsing.BuildingException: JavaBuildingIssue{node=PrintStream.$allocate()range=Optional.empty, message='Unsupported element detected given by Java Parser: MethodCallExpr. Please extend the KeY-Java-Hierarchy'} at file:/home/runner/work/key/key/key.core/build/resources/main/de/uka/ilkd/key/proof/rules/javaRules.key:3792:15
	at de.uka.ilkd.key.nparser.builder.AbstractBuilder.accept(AbstractBuilder.java:54)
Caused by: de.uka.ilkd.key.java.JavaBuildingExceptions: JavaBuildingIssue{node=PrintStream.$allocate()range=Optional.empty, message='Unsupported element detected given by Java Parser: MethodCallExpr. Please extend the KeY-Java-Hierarchy'}
	at de.uka.ilkd.key.java.JP2KeYVisitor.reportError(JP2KeYConverter.java:119)

127034     ERROR Test worker     d.u.i.k.n.b.AbstractBuilder  de.uka.ilkd.key.java.JavaBuildingExceptions: JavaBuildingIssue{node=PrintStream.$allocate()range=Optional.empty, message='Unsupported element detected given by Java Parser: MethodCallExpr. Please extend the KeY-Java-Hierarchy'}
	at de.uka.ilkd.key.java.JP2KeYVisitor.reportError(JP2KeYConverter.java:119)

127035     ERROR Test worker     d.u.i.k.n.b.TacletPBuilder Error in parsing taclet. de.uka.ilkd.key.util.parsing.BuildingException: JavaBuildingIssue{node=PrintStream.$allocate()range=Optional.empty, message='Unsupported element detected given by Java Parser: MethodCallExpr. Please extend the KeY-Java-Hierarchy'} at file:/home/runner/work/key/key/key.core/build/resources/main/de/uka/ilkd/key/proof/rules/javaRules.key:3803:15
	at de.uka.ilkd.key.nparser.builder.AbstractBuilder.accept(AbstractBuilder.java:54)
Caused by: de.uka.ilkd.key.java.JavaBuildingExceptions: JavaBuildingIssue{node=PrintStream.$allocate()range=Optional.empty, message='Unsupported element detected given by Java Parser: MethodCallExpr. Please extend the KeY-Java-Hierarchy'}
	at de.uka.ilkd.key.java.JP2KeYVisitor.reportError(JP2KeYConverter.java:119)

127270     ERROR Test worker     d.u.i.k.n.b.AbstractBuilder  de.uka.ilkd.key.java.JavaBuildingExceptions: JavaBuildingIssue{node=PrintStream.$allocate()range=Optional.empty, message='Unsupported element detected given by Java Parser: MethodCallExpr. Please extend the KeY-Java-Hierarchy'}
	at de.uka.ilkd.key.java.JP2KeYVisitor.reportError(JP2KeYConverter.java:119)

127270     ERROR Test worker     d.u.i.k.n.b.TacletPBuilder Error in parsing taclet. de.uka.ilkd.key.util.parsing.BuildingException: JavaBuildingIssue{node=PrintStream.$allocate()range=Optional.empty, message='Unsupported element detected given by Java Parser: MethodCallExpr. Please extend the KeY-Java-Hierarchy'} at file:/home/runner/work/key/key/key.core/build/resources/main/de/uka/ilkd/key/proof/rules/javaRules.key:3810:15
	at de.uka.ilkd.key.nparser.builder.AbstractBuilder.accept(AbstractBuilder.java:54)
Caused by: de.uka.ilkd.key.java.JavaBuildingExceptions: JavaBuildingIssue{node=PrintStream.$allocate()range=Optional.empty, message='Unsupported element detected given by Java Parser: MethodCallExpr. Please extend the KeY-Java-Hierarchy'}
	at de.uka.ilkd.key.java.JP2KeYVisitor.reportError(JP2KeYConverter.java:119)

127506     ERROR Test worker     d.u.i.k.n.b.AbstractBuilder  de.uka.ilkd.key.java.JavaBuildingExceptions: JavaBuildingIssue{node=PrintStream.$allocate()range=Optional.empty, message='Unsupported element detected given by Java Parser: MethodCallExpr. Please extend the KeY-Java-Hierarchy'}
	at de.uka.ilkd.key.java.JP2KeYVisitor.reportError(JP2KeYConverter.java:119)

127506     ERROR Test worker     d.u.i.k.n.b.TacletPBuilder Error in parsing taclet. de.uka.ilkd.key.util.parsing.BuildingException: JavaBuildingIssue{node=PrintStream.$allocate()range=Optional.empty, message='Unsupported element detected given by Java Parser: MethodCallExpr. Please extend the KeY-Java-Hierarchy'} at file:/home/runner/work/key/key/key.core/build/resources/main/de/uka/ilkd/key/proof/rules/javaRules.key:3817:15
	at de.uka.ilkd.key.nparser.builder.AbstractBuilder.accept(AbstractBuilder.java:54)
Caused by: de.uka.ilkd.key.java.JavaBuildingExceptions: JavaBuildingIssue{node=PrintStream.$allocate()range=Optional.empty, message='Unsupported element detected given by Java Parser: MethodCallExpr. Please extend the KeY-Java-Hierarchy'}
	at de.uka.ilkd.key.java.JP2KeYVisitor.reportError(JP2KeYConverter.java:119)

127789     ERROR Test worker     d.u.i.k.n.b.AbstractBuilder  de.uka.ilkd.key.java.JavaBuildingExceptions: JavaBuildingIssue{node=PrintStream.$allocate()range=Optional.empty, message='Unsupported element detected given by Java Parser: MethodCallExpr. Please extend the KeY-Java-Hierarchy'}
	at de.uka.ilkd.key.java.JP2KeYVisitor.reportError(JP2KeYConverter.java:119)

127789     ERROR Test worker     d.u.i.k.n.b.TacletPBuilder Error in parsing taclet. de.uka.ilkd.key.util.parsing.BuildingException: JavaBuildingIssue{node=PrintStream.$allocate()range=Optional.empty, message='Unsupported element detected given by Java Parser: MethodCallExpr. Please extend the KeY-Java-Hierarchy'} at file:/home/runner/work/key/key/key.core/build/resources/main/de/uka/ilkd/key/proof/rules/javaRules.key:3828:15
	at de.uka.ilkd.key.nparser.builder.AbstractBuilder.accept(AbstractBuilder.java:54)
Caused by: de.uka.ilkd.key.java.JavaBuildingExceptions: JavaBuildingIssue{node=PrintStream.$allocate()range=Optional.empty, message='Unsupported element detected given by Java Parser: MethodCallExpr. Please extend the KeY-Java-Hierarchy'}
	at de.uka.ilkd.key.java.JP2KeYVisitor.reportError(JP2KeYConverter.java:119)

128060     ERROR Test worker     d.u.i.k.n.b.AbstractBuilder  de.uka.ilkd.key.java.JavaBuildingExceptions: JavaBuildingIssue{node=PrintStream.$allocate()range=Optional.empty, message='Unsupported element detected given by Java Parser: MethodCallExpr. Please extend the KeY-Java-Hierarchy'}
	at de.uka.ilkd.key.java.JP2KeYVisitor.reportError(JP2KeYConverter.java:119)

128060     ERROR Test worker     d.u.i.k.n.b.TacletPBuilder Error in parsing taclet. de.uka.ilkd.key.util.parsing.BuildingException: JavaBuildingIssue{node=PrintStream.$allocate()range=Optional.empty, message='Unsupported element detected given by Java Parser: MethodCallExpr. Please extend the KeY-Java-Hierarchy'} at file:/home/runner/work/key/key/key.core/build/resources/main/de/uka/ilkd/key/proof/rules/loopRules.key:26:15
	at de.uka.ilkd.key.nparser.builder.AbstractBuilder.accept(AbstractBuilder.java:54)
Caused by: de.uka.ilkd.key.java.JavaBuildingExceptions: JavaBuildingIssue{node=PrintStream.$allocate()range=Optional.empty, message='Unsupported element detected given by Java Parser: MethodCallExpr. Please extend the KeY-Java-Hierarchy'}
	at de.uka.ilkd.key.java.JP2KeYVisitor.reportError(JP2KeYConverter.java:119)

128340     ERROR Test worker     d.u.i.k.n.b.AbstractBuilder  de.uka.ilkd.key.java.JavaBuildingExceptions: JavaBuildingIssue{node=PrintStream.$allocate()range=Optional.empty, message='Unsupported element detected given by Java Parser: MethodCallExpr. Please extend the KeY-Java-Hierarchy'}
	at de.uka.ilkd.key.java.JP2KeYVisitor.reportError(JP2KeYConverter.java:119)

128340     ERROR Test worker     d.u.i.k.n.b.TacletPBuilder Error in parsing taclet. de.uka.ilkd.key.util.parsing.BuildingException: JavaBuildingIssue{node=PrintStream.$allocate()range=Optional.empty, message='Unsupported element detected given by Java Parser: MethodCallExpr. Please extend the KeY-Java-Hierarchy'} at file:/home/runner/work/key/key/key.core/build/resources/main/de/uka/ilkd/key/proof/rules/loopRules.key:34:15
	at de.uka.ilkd.key.nparser.builder.AbstractBuilder.accept(AbstractBuilder.java:54)
Caused by: de.uka.ilkd.key.java.JavaBuildingExceptions: JavaBuildingIssue{node=PrintStream.$allocate()range=Optional.empty, message='Unsupported element detected given by Java Parser: MethodCallExpr. Please extend the KeY-Java-Hierarchy'}
	at de.uka.ilkd.key.java.JP2KeYVisitor.reportError(JP2KeYConverter.java:119)

128575     ERROR Test worker     d.u.i.k.n.b.AbstractBuilder  de.uka.ilkd.key.java.JavaBuildingExceptions: JavaBuildingIssue{node=PrintStream.$allocate()range=Optional.empty, message='Unsupported element detected given by Java Parser: MethodCallExpr. Please extend the KeY-Java-Hierarchy'}
	at de.uka.ilkd.key.java.JP2KeYVisitor.reportError(JP2KeYConverter.java:119)

128576     ERROR Test worker     d.u.i.k.n.b.TacletPBuilder Error in parsing taclet. de.uka.ilkd.key.util.parsing.BuildingException: JavaBuildingIssue{node=PrintStream.$allocate()range=Optional.empty, message='Unsupported element detected given by Java Parser: MethodCallExpr. Please extend the KeY-Java-Hierarchy'} at file:/home/runner/work/key/key/key.core/build/resources/main/de/uka/ilkd/key/proof/rules/loopRules.key:45:15
	at de.uka.ilkd.key.nparser.builder.AbstractBuilder.accept(AbstractBuilder.java:54)
Caused by: de.uka.ilkd.key.java.JavaBuildingExceptions: JavaBuildingIssue{node=PrintStream.$allocate()range=Optional.empty, message='Unsupported element detected given by Java Parser: MethodCallExpr. Please extend the KeY-Java-Hierarchy'}
	at de.uka.ilkd.key.java.JP2KeYVisitor.reportError(JP2KeYConverter.java:119)

128811     ERROR Test worker     d.u.i.k.n.b.AbstractBuilder  de.uka.ilkd.key.java.JavaBuildingExceptions: JavaBuildingIssue{node=PrintStream.$allocate()range=Optional.empty, message='Unsupported element detected given by Java Parser: MethodCallExpr. Please extend the KeY-Java-Hierarchy'}
	at de.uka.ilkd.key.java.JP2KeYVisitor.reportError(JP2KeYConverter.java:119)

128811     ERROR Test worker     d.u.i.k.n.b.TacletPBuilder Error in parsing taclet. de.uka.ilkd.key.util.parsing.BuildingException: JavaBuildingIssue{node=PrintStream.$allocate()range=Optional.empty, message='Unsupported element detected given by Java Parser: MethodCallExpr. Please extend the KeY-Java-Hierarchy'} at file:/home/runner/work/key/key/key.core/build/resources/main/de/uka/ilkd/key/proof/rules/loopRules.key:52:15
	at de.uka.ilkd.key.nparser.builder.AbstractBuilder.accept(AbstractBuilder.java:54)
Caused by: de.uka.ilkd.key.java.JavaBuildingExceptions: JavaBuildingIssue{node=PrintStream.$allocate()range=Optional.empty, message='Unsupported element detected given by Java Parser: MethodCallExpr. Please extend the KeY-Java-Hierarchy'}
	at de.uka.ilkd.key.java.JP2KeYVisitor.reportError(JP2KeYConverter.java:119)

129117     ERROR Test worker     d.u.i.k.n.b.AbstractBuilder  de.uka.ilkd.key.java.JavaBuildingExceptions: JavaBuildingIssue{node=PrintStream.$allocate()range=Optional.empty, message='Unsupported element detected given by Java Parser: MethodCallExpr. Please extend the KeY-Java-Hierarchy'}
	at de.uka.ilkd.key.java.JP2KeYVisitor.reportError(JP2KeYConverter.java:119)

129117     ERROR Test worker     d.u.i.k.n.b.TacletPBuilder Error in parsing taclet. de.uka.ilkd.key.util.parsing.BuildingException: JavaBuildingIssue{node=PrintStream.$allocate()range=Optional.empty, message='Unsupported element detected given by Java Parser: MethodCallExpr. Please extend the KeY-Java-Hierarchy'} at file:/home/runner/work/key/key/key.core/build/resources/main/de/uka/ilkd/key/proof/rules/activeUse.key:25:15
	at de.uka.ilkd.key.nparser.builder.AbstractBuilder.accept(AbstractBuilder.java:54)
Caused by: de.uka.ilkd.key.java.JavaBuildingExceptions: JavaBuildingIssue{node=PrintStream.$allocate()range=Optional.empty, message='Unsupported element detected given by Java Parser: MethodCallExpr. Please extend the KeY-Java-Hierarchy'}
	at de.uka.ilkd.key.java.JP2KeYVisitor.reportError(JP2KeYConverter.java:119)

129365     ERROR Test worker     d.u.i.k.n.b.AbstractBuilder  de.uka.ilkd.key.java.JavaBuildingExceptions: JavaBuildingIssue{node=PrintStream.$allocate()range=Optional.empty, message='Unsupported element detected given by Java Parser: MethodCallExpr. Please extend the KeY-Java-Hierarchy'}
	at de.uka.ilkd.key.java.JP2KeYVisitor.reportError(JP2KeYConverter.java:119)

129365     ERROR Test worker     d.u.i.k.n.b.TacletPBuilder Error in parsing taclet. de.uka.ilkd.key.util.parsing.BuildingException: JavaBuildingIssue{node=PrintStream.$allocate()range=Optional.empty, message='Unsupported element detected given by Java Parser: MethodCallExpr. Please extend the KeY-Java-Hierarchy'} at file:/home/runner/work/key/key/key.core/build/resources/main/de/uka/ilkd/key/proof/rules/activeUse.key:38:15
	at de.uka.ilkd.key.nparser.builder.AbstractBuilder.accept(AbstractBuilder.java:54)
Caused by: de.uka.ilkd.key.java.JavaBuildingExceptions: JavaBuildingIssue{node=PrintStream.$allocate()range=Optional.empty, message='Unsupported element detected given by Java Parser: MethodCallExpr. Please extend the KeY-Java-Hierarchy'}
	at de.uka.ilkd.key.java.JP2KeYVisitor.reportError(JP2KeYConverter.java:119)

129600     ERROR Test worker     d.u.i.k.n.b.AbstractBuilder  de.uka.ilkd.key.java.JavaBuildingExceptions: JavaBuildingIssue{node=PrintStream.$allocate()range=Optional.empty, message='Unsupported element detected given by Java Parser: MethodCallExpr. Please extend the KeY-Java-Hierarchy'}
	at de.uka.ilkd.key.java.JP2KeYVisitor.reportError(JP2KeYConverter.java:119)

129601     ERROR Test worker     d.u.i.k.n.b.TacletPBuilder Error in parsing taclet. de.uka.ilkd.key.util.parsing.BuildingException: JavaBuildingIssue{node=PrintStream.$allocate()range=Optional.empty, message='Unsupported element detected given by Java Parser: MethodCallExpr. Please extend the KeY-Java-Hierarchy'} at file:/home/runner/work/key/key/key.core/build/resources/main/de/uka/ilkd/key/proof/rules/activeUse.key:52:15
	at de.uka.ilkd.key.nparser.builder.AbstractBuilder.accept(AbstractBuilder.java:54)
Caused by: de.uka.ilkd.key.java.JavaBuildingExceptions: JavaBuildingIssue{node=PrintStream.$allocate()range=Optional.empty, message='Unsupported element detected given by Java Parser: MethodCallExpr. Please extend the KeY-Java-Hierarchy'}
	at de.uka.ilkd.key.java.JP2KeYVisitor.reportError(JP2KeYConverter.java:119)

129601     ERROR Test worker     d.u.i.k.n.b.TacletPBuilder Override: #arr (program Expression) #arr (program Expression) 
129601     ERROR Test worker     d.u.i.k.n.b.TacletPBuilder Override: #idx (program Expression) #idx (program Expression) 
129879     ERROR Test worker     d.u.i.k.n.b.AbstractBuilder  de.uka.ilkd.key.java.JavaBuildingExceptions: JavaBuildingIssue{node=PrintStream.$allocate()range=Optional.empty, message='Unsupported element detected given by Java Parser: MethodCallExpr. Please extend the KeY-Java-Hierarchy'}
	at de.uka.ilkd.key.java.JP2KeYVisitor.reportError(JP2KeYConverter.java:119)

129880     ERROR Test worker     d.u.i.k.n.b.TacletPBuilder Error in parsing taclet. de.uka.ilkd.key.util.parsing.BuildingException: JavaBuildingIssue{node=PrintStream.$allocate()range=Optional.empty, message='Unsupported element detected given by Java Parser: MethodCallExpr. Please extend the KeY-Java-Hierarchy'} at file:/home/runner/work/key/key/key.core/build/resources/main/de/uka/ilkd/key/proof/rules/activeUse.key:66:15
	at de.uka.ilkd.key.nparser.builder.AbstractBuilder.accept(AbstractBuilder.java:54)
Caused by: de.uka.ilkd.key.java.JavaBuildingExceptions: JavaBuildingIssue{node=PrintStream.$allocate()range=Optional.empty, message='Unsupported element detected given by Java Parser: MethodCallExpr. Please extend the KeY-Java-Hierarchy'}
	at de.uka.ilkd.key.java.JP2KeYVisitor.reportError(JP2KeYConverter.java:119)

130115     ERROR Test worker     d.u.i.k.n.b.AbstractBuilder  de.uka.ilkd.key.java.JavaBuildingExceptions: JavaBuildingIssue{node=PrintStream.$allocate()range=Optional.empty, message='Unsupported element detected given by Java Parser: MethodCallExpr. Please extend the KeY-Java-Hierarchy'}
	at de.uka.ilkd.key.java.JP2KeYVisitor.reportError(JP2KeYConverter.java:119)

130115     ERROR Test worker     d.u.i.k.n.b.TacletPBuilder Error in parsing taclet. de.uka.ilkd.key.util.parsing.BuildingException: JavaBuildingIssue{node=PrintStream.$allocate()range=Optional.empty, message='Unsupported element detected given by Java Parser: MethodCallExpr. Please extend the KeY-Java-Hierarchy'} at file:/home/runner/work/key/key/key.core/build/resources/main/de/uka/ilkd/key/proof/rules/activeUse.key:79:15
	at de.uka.ilkd.key.nparser.builder.AbstractBuilder.accept(AbstractBuilder.java:54)
Caused by: de.uka.ilkd.key.java.JavaBuildingExceptions: JavaBuildingIssue{node=PrintStream.$allocate()range=Optional.empty, message='Unsupported element detected given by Java Parser: MethodCallExpr. Please extend the KeY-Java-Hierarchy'}
	at de.uka.ilkd.key.java.JP2KeYVisitor.reportError(JP2KeYConverter.java:119)

130386     ERROR Test worker     d.u.i.k.n.b.AbstractBuilder  de.uka.ilkd.key.java.JavaBuildingExceptions: JavaBuildingIssue{node=PrintStream.$allocate()range=Optional.empty, message='Unsupported element detected given by Java Parser: MethodCallExpr. Please extend the KeY-Java-Hierarchy'}
	at de.uka.ilkd.key.java.JP2KeYVisitor.reportError(JP2KeYConverter.java:119)

130386     ERROR Test worker     d.u.i.k.n.b.TacletPBuilder Error in parsing taclet. de.uka.ilkd.key.util.parsing.BuildingException: JavaBuildingIssue{node=PrintStream.$allocate()range=Optional.empty, message='Unsupported element detected given by Java Parser: MethodCallExpr. Please extend the KeY-Java-Hierarchy'} at file:/home/runner/work/key/key/key.core/build/resources/main/de/uka/ilkd/key/proof/rules/activeUse.key:92:15
	at de.uka.ilkd.key.nparser.builder.AbstractBuilder.accept(AbstractBuilder.java:54)
Caused by: de.uka.ilkd.key.java.JavaBuildingExceptions: JavaBuildingIssue{node=PrintStream.$allocate()range=Optional.empty, message='Unsupported element detected given by Java Parser: MethodCallExpr. Please extend the KeY-Java-Hierarchy'}
	at de.uka.ilkd.key.java.JP2KeYVisitor.reportError(JP2KeYConverter.java:119)

130621     ERROR Test worker     d.u.i.k.n.b.AbstractBuilder  de.uka.ilkd.key.java.JavaBuildingExceptions: JavaBuildingIssue{node=PrintStream.$allocate()range=Optional.empty, message='Unsupported element detected given by Java Parser: MethodCallExpr. Please extend the KeY-Java-Hierarchy'}
	at de.uka.ilkd.key.java.JP2KeYVisitor.reportError(JP2KeYConverter.java:119)

130621     ERROR Test worker     d.u.i.k.n.b.TacletPBuilder Error in parsing taclet. de.uka.ilkd.key.util.parsing.BuildingException: JavaBuildingIssue{node=PrintStream.$allocate()range=Optional.empty, message='Unsupported element detected given by Java Parser: MethodCallExpr. Please extend the KeY-Java-Hierarchy'} at file:/home/runner/work/key/key/key.core/build/resources/main/de/uka/ilkd/key/proof/rules/activeUse.key:105:15
	at de.uka.ilkd.key.nparser.builder.AbstractBuilder.accept(AbstractBuilder.java:54)
Caused by: de.uka.ilkd.key.java.JavaBuildingExceptions: JavaBuildingIssue{node=PrintStream.$allocate()range=Optional.empty, message='Unsupported element detected given by Java Parser: MethodCallExpr. Please extend the KeY-Java-Hierarchy'}
	at de.uka.ilkd.key.java.JP2KeYVisitor.reportError(JP2KeYConverter.java:119)

130893     ERROR Test worker     d.u.i.k.n.b.AbstractBuilder  de.uka.ilkd.key.java.JavaBuildingExceptions: JavaBuildingIssue{node=PrintStream.$allocate()range=Optional.empty, message='Unsupported element detected given by Java Parser: MethodCallExpr. Please extend the KeY-Java-Hierarchy'}
	at de.uka.ilkd.key.java.JP2KeYVisitor.reportError(JP2KeYConverter.java:119)

130894     ERROR Test worker     d.u.i.k.n.b.TacletPBuilder Error in parsing taclet. de.uka.ilkd.key.util.parsing.BuildingException: JavaBuildingIssue{node=PrintStream.$allocate()range=Optional.empty, message='Unsupported element detected given by Java Parser: MethodCallExpr. Please extend the KeY-Java-Hierarchy'} at file:/home/runner/work/key/key/key.core/build/resources/main/de/uka/ilkd/key/proof/rules/activeUse.key:115:15
	at de.uka.ilkd.key.nparser.builder.AbstractBuilder.accept(AbstractBuilder.java:54)
Caused by: de.uka.ilkd.key.java.JavaBuildingExceptions: JavaBuildingIssue{node=PrintStream.$allocate()range=Optional.empty, message='Unsupported element detected given by Java Parser: MethodCallExpr. Please extend the KeY-Java-Hierarchy'}
	at de.uka.ilkd.key.java.JP2KeYVisitor.reportError(JP2KeYConverter.java:119)

131130     ERROR Test worker     d.u.i.k.n.b.AbstractBuilder  de.uka.ilkd.key.java.JavaBuildingExceptions: JavaBuildingIssue{node=PrintStream.$allocate()range=Optional.empty, message='Unsupported element detected given by Java Parser: MethodCallExpr. Please extend the KeY-Java-Hierarchy'}
	at de.uka.ilkd.key.java.JP2KeYVisitor.reportError(JP2KeYConverter.java:119)

131130     ERROR Test worker     d.u.i.k.n.b.TacletPBuilder Error in parsing taclet. de.uka.ilkd.key.util.parsing.BuildingException: JavaBuildingIssue{node=PrintStream.$allocate()range=Optional.empty, message='Unsupported element detected given by Java Parser: MethodCallExpr. Please extend the KeY-Java-Hierarchy'} at file:/home/runner/work/key/key/key.core/build/resources/main/de/uka/ilkd/key/proof/rules/activeUse.key:129:15
	at de.uka.ilkd.key.nparser.builder.AbstractBuilder.accept(AbstractBuilder.java:54)
Caused by: de.uka.ilkd.key.java.JavaBuildingExceptions: JavaBuildingIssue{node=PrintStream.$allocate()range=Optional.empty, message='Unsupported element detected given by Java Parser: MethodCallExpr. Please extend the KeY-Java-Hierarchy'}
	at de.uka.ilkd.key.java.JP2KeYVisitor.reportError(JP2KeYConverter.java:119)

131370     ERROR Test worker     d.u.i.k.n.b.AbstractBuilder  de.uka.ilkd.key.java.JavaBuildingExceptions: JavaBuildingIssue{node=PrintStream.$allocate()range=Optional.empty, message='Unsupported element detected given by Java Parser: MethodCallExpr. Please extend the KeY-Java-Hierarchy'}
	at de.uka.ilkd.key.java.JP2KeYVisitor.reportError(JP2KeYConverter.java:119)

131370     ERROR Test worker     d.u.i.k.n.b.TacletPBuilder Error in parsing taclet. de.uka.ilkd.key.util.parsing.BuildingException: JavaBuildingIssue{node=PrintStream.$allocate()range=Optional.empty, message='Unsupported element detected given by Java Parser: MethodCallExpr. Please extend the KeY-Java-Hierarchy'} at file:/home/runner/work/key/key/key.core/build/resources/main/de/uka/ilkd/key/proof/rules/activeUse.key:141:15
	at de.uka.ilkd.key.nparser.builder.AbstractBuilder.accept(AbstractBuilder.java:54)
Caused by: de.uka.ilkd.key.java.JavaBuildingExceptions: JavaBuildingIssue{node=PrintStream.$allocate()range=Optional.empty, message='Unsupported element detected given by Java Parser: MethodCallExpr. Please extend the KeY-Java-Hierarchy'}
	at de.uka.ilkd.key.java.JP2KeYVisitor.reportError(JP2KeYConverter.java:119)

131370     ERROR Test worker     d.u.i.k.n.b.TacletPBuilder Override: #arr (program Expression) #arr (program Expression) 
131370     ERROR Test worker     d.u.i.k.n.b.TacletPBuilder Override: #idx (program Expression) #idx (program Expression) 
131636     ERROR Test worker     d.u.i.k.n.b.AbstractBuilder  de.uka.ilkd.key.java.JavaBuildingExceptions: JavaBuildingIssue{node=PrintStream.$allocate()range=Optional.empty, message='Unsupported element detected given by Java Parser: MethodCallExpr. Please extend the KeY-Java-Hierarchy'}
	at de.uka.ilkd.key.java.JP2KeYVisitor.reportError(JP2KeYConverter.java:119)

131637     ERROR Test worker     d.u.i.k.n.b.TacletPBuilder Error in parsing taclet. de.uka.ilkd.key.util.parsing.BuildingException: JavaBuildingIssue{node=PrintStream.$allocate()range=Optional.empty, message='Unsupported element detected given by Java Parser: MethodCallExpr. Please extend the KeY-Java-Hierarchy'} at file:/home/runner/work/key/key/key.core/build/resources/main/de/uka/ilkd/key/proof/rules/activeUse.key:154:15
	at de.uka.ilkd.key.nparser.builder.AbstractBuilder.accept(AbstractBuilder.java:54)
Caused by: de.uka.ilkd.key.java.JavaBuildingExceptions: JavaBuildingIssue{node=PrintStream.$allocate()range=Optional.empty, message='Unsupported element detected given by Java Parser: MethodCallExpr. Please extend the KeY-Java-Hierarchy'}
	at de.uka.ilkd.key.java.JP2KeYVisitor.reportError(JP2KeYConverter.java:119)

131637     ERROR Test worker     d.u.i.k.n.b.TacletPBuilder Override: #arr (program Expression) #arr (program Expression) 
131637     ERROR Test worker     d.u.i.k.n.b.TacletPBuilder Override: #idx (program Expression) #idx (program Expression) 
131873     ERROR Test worker     d.u.i.k.n.b.AbstractBuilder  de.uka.ilkd.key.java.JavaBuildingExceptions: JavaBuildingIssue{node=PrintStream.$allocate()range=Optional.empty, message='Unsupported element detected given by Java Parser: MethodCallExpr. Please extend the KeY-Java-Hierarchy'}
	at de.uka.ilkd.key.java.JP2KeYVisitor.reportError(JP2KeYConverter.java:119)

131874     ERROR Test worker     d.u.i.k.n.b.TacletPBuilder Error in parsing taclet. de.uka.ilkd.key.util.parsing.BuildingException: JavaBuildingIssue{node=PrintStream.$allocate()range=Optional.empty, message='Unsupported element detected given by Java Parser: MethodCallExpr. Please extend the KeY-Java-Hierarchy'} at file:/home/runner/work/key/key/key.core/build/resources/main/de/uka/ilkd/key/proof/rules/activeUse.key:167:15
	at de.uka.ilkd.key.nparser.builder.AbstractBuilder.accept(AbstractBuilder.java:54)
Caused by: de.uka.ilkd.key.java.JavaBuildingExceptions: JavaBuildingIssue{node=PrintStream.$allocate()range=Optional.empty, message='Unsupported element detected given by Java Parser: MethodCallExpr. Please extend the KeY-Java-Hierarchy'}
	at de.uka.ilkd.key.java.JP2KeYVisitor.reportError(JP2KeYConverter.java:119)

132150     ERROR Test worker     d.u.i.k.n.b.AbstractBuilder  de.uka.ilkd.key.java.JavaBuildingExceptions: JavaBuildingIssue{node=PrintStream.$allocate()range=Optional.empty, message='Unsupported element detected given by Java Parser: MethodCallExpr. Please extend the KeY-Java-Hierarchy'}
	at de.uka.ilkd.key.java.JP2KeYVisitor.reportError(JP2KeYConverter.java:119)

132150     ERROR Test worker     d.u.i.k.n.b.TacletPBuilder Error in parsing taclet. de.uka.ilkd.key.util.parsing.BuildingException: JavaBuildingIssue{node=PrintStream.$allocate()range=Optional.empty, message='Unsupported element detected given by Java Parser: MethodCallExpr. Please extend the KeY-Java-Hierarchy'} at file:/home/runner/work/key/key/key.core/build/resources/main/de/uka/ilkd/key/proof/rules/activeUse.key:179:15
	at de.uka.ilkd.key.nparser.builder.AbstractBuilder.accept(AbstractBuilder.java:54)
Caused by: de.uka.ilkd.key.java.JavaBuildingExceptions: JavaBuildingIssue{node=PrintStream.$allocate()range=Optional.empty, message='Unsupported element detected given by Java Parser: MethodCallExpr. Please extend the KeY-Java-Hierarchy'}
	at de.uka.ilkd.key.java.JP2KeYVisitor.reportError(JP2KeYConverter.java:119)

132386     ERROR Test worker     d.u.i.k.n.b.AbstractBuilder  de.uka.ilkd.key.java.JavaBuildingExceptions: JavaBuildingIssue{node=PrintStream.$allocate()range=Optional.empty, message='Unsupported element detected given by Java Parser: MethodCallExpr. Please extend the KeY-Java-Hierarchy'}
	at de.uka.ilkd.key.java.JP2KeYVisitor.reportError(JP2KeYConverter.java:119)

132386     ERROR Test worker     d.u.i.k.n.b.TacletPBuilder Error in parsing taclet. de.uka.ilkd.key.util.parsing.BuildingException: JavaBuildingIssue{node=PrintStream.$allocate()range=Optional.empty, message='Unsupported element detected given by Java Parser: MethodCallExpr. Please extend the KeY-Java-Hierarchy'} at file:/home/runner/work/key/key/key.core/build/resources/main/de/uka/ilkd/key/proof/rules/activeUse.key:191:15
	at de.uka.ilkd.key.nparser.builder.AbstractBuilder.accept(AbstractBuilder.java:54)
Caused by: de.uka.ilkd.key.java.JavaBuildingExceptions: JavaBuildingIssue{node=PrintStream.$allocate()range=Optional.empty, message='Unsupported element detected given by Java Parser: MethodCallExpr. Please extend the KeY-Java-Hierarchy'}
	at de.uka.ilkd.key.java.JP2KeYVisitor.reportError(JP2KeYConverter.java:119)

132652     ERROR Test worker     d.u.i.k.n.b.AbstractBuilder  de.uka.ilkd.key.java.JavaBuildingExceptions: JavaBuildingIssue{node=PrintStream.$allocate()range=Optional.empty, message='Unsupported element detected given by Java Parser: MethodCallExpr. Please extend the KeY-Java-Hierarchy'}
	at de.uka.ilkd.key.java.JP2KeYVisitor.reportError(JP2KeYConverter.java:119)

132653     ERROR Test worker     d.u.i.k.n.b.TacletPBuilder Error in parsing taclet. de.uka.ilkd.key.util.parsing.BuildingException: JavaBuildingIssue{node=PrintStream.$allocate()range=Optional.empty, message='Unsupported element detected given by Java Parser: MethodCallExpr. Please extend the KeY-Java-Hierarchy'} at file:/home/runner/work/key/key/key.core/build/resources/main/de/uka/ilkd/key/proof/rules/activeUse.key:203:15
	at de.uka.ilkd.key.nparser.builder.AbstractBuilder.accept(AbstractBuilder.java:54)
Caused by: de.uka.ilkd.key.java.JavaBuildingExceptions: JavaBuildingIssue{node=PrintStream.$allocate()range=Optional.empty, message='Unsupported element detected given by Java Parser: MethodCallExpr. Please extend the KeY-Java-Hierarchy'}
	at de.uka.ilkd.key.java.JP2KeYVisitor.reportError(JP2KeYConverter.java:119)

132888     ERROR Test worker     d.u.i.k.n.b.AbstractBuilder  de.uka.ilkd.key.java.JavaBuildingExceptions: JavaBuildingIssue{node=PrintStream.$allocate()range=Optional.empty, message='Unsupported element detected given by Java Parser: MethodCallExpr. Please extend the KeY-Java-Hierarchy'}
	at de.uka.ilkd.key.java.JP2KeYVisitor.reportError(JP2KeYConverter.java:119)

132888     ERROR Test worker     d.u.i.k.n.b.TacletPBuilder Error in parsing taclet. de.uka.ilkd.key.util.parsing.BuildingException: JavaBuildingIssue{node=PrintStream.$allocate()range=Optional.empty, message='Unsupported element detected given by Java Parser: MethodCallExpr. Please extend the KeY-Java-Hierarchy'} at file:/home/runner/work/key/key/key.core/build/resources/main/de/uka/ilkd/key/proof/rules/activeUse.key:212:15
	at de.uka.ilkd.key.nparser.builder.AbstractBuilder.accept(AbstractBuilder.java:54)
Caused by: de.uka.ilkd.key.java.JavaBuildingExceptions: JavaBuildingIssue{node=PrintStream.$allocate()range=Optional.empty, message='Unsupported element detected given by Java Parser: MethodCallExpr. Please extend the KeY-Java-Hierarchy'}
	at de.uka.ilkd.key.java.JP2KeYVisitor.reportError(JP2KeYConverter.java:119)

133164     ERROR Test worker     d.u.i.k.n.b.AbstractBuilder  de.uka.ilkd.key.java.JavaBuildingExceptions: JavaBuildingIssue{node=PrintStream.$allocate()range=Optional.empty, message='Unsupported element detected given by Java Parser: MethodCallExpr. Please extend the KeY-Java-Hierarchy'}
	at de.uka.ilkd.key.java.JP2KeYVisitor.reportError(JP2KeYConverter.java:119)

133165     ERROR Test worker     d.u.i.k.n.b.TacletPBuilder Error in parsing taclet. de.uka.ilkd.key.util.parsing.BuildingException: JavaBuildingIssue{node=PrintStream.$allocate()range=Optional.empty, message='Unsupported element detected given by Java Parser: MethodCallExpr. Please extend the KeY-Java-Hierarchy'} at file:/home/runner/work/key/key/key.core/build/resources/main/de/uka/ilkd/key/proof/rules/activeUse.key:224:15
	at de.uka.ilkd.key.nparser.builder.AbstractBuilder.accept(AbstractBuilder.java:54)
Caused by: de.uka.ilkd.key.java.JavaBuildingExceptions: JavaBuildingIssue{node=PrintStream.$allocate()range=Optional.empty, message='Unsupported element detected given by Java Parser: MethodCallExpr. Please extend the KeY-Java-Hierarchy'}
	at de.uka.ilkd.key.java.JP2KeYVisitor.reportError(JP2KeYConverter.java:119)

133405     ERROR Test worker     d.u.i.k.n.b.AbstractBuilder  de.uka.ilkd.key.java.JavaBuildingExceptions: JavaBuildingIssue{node=PrintStream.$allocate()range=Optional.empty, message='Unsupported element detected given by Java Parser: MethodCallExpr. Please extend the KeY-Java-Hierarchy'}
	at de.uka.ilkd.key.java.JP2KeYVisitor.reportError(JP2KeYConverter.java:119)

133406     ERROR Test worker     d.u.i.k.n.b.TacletPBuilder Error in parsing taclet. de.uka.ilkd.key.util.parsing.BuildingException: JavaBuildingIssue{node=PrintStream.$allocate()range=Optional.empty, message='Unsupported element detected given by Java Parser: MethodCallExpr. Please extend the KeY-Java-Hierarchy'} at file:/home/runner/work/key/key/key.core/build/resources/main/de/uka/ilkd/key/proof/rules/activeUse.key:240:15
	at de.uka.ilkd.key.nparser.builder.AbstractBuilder.accept(AbstractBuilder.java:54)
Caused by: de.uka.ilkd.key.java.JavaBuildingExceptions: JavaBuildingIssue{node=PrintStream.$allocate()range=Optional.empty, message='Unsupported element detected given by Java Parser: MethodCallExpr. Please extend the KeY-Java-Hierarchy'}
	at de.uka.ilkd.key.java.JP2KeYVisitor.reportError(JP2KeYConverter.java:119)

133669     ERROR Test worker     d.u.i.k.n.b.AbstractBuilder  de.uka.ilkd.key.java.JavaBuildingExceptions: JavaBuildingIssue{node=PrintStream.$allocate()range=Optional.empty, message='Unsupported element detected given by Java Parser: MethodCallExpr. Please extend the KeY-Java-Hierarchy'}
	at de.uka.ilkd.key.java.JP2KeYVisitor.reportError(JP2KeYConverter.java:119)

133670     ERROR Test worker     d.u.i.k.n.b.TacletPBuilder Error in parsing taclet. de.uka.ilkd.key.util.parsing.BuildingException: JavaBuildingIssue{node=PrintStream.$allocate()range=Optional.empty, message='Unsupported element detected given by Java Parser: MethodCallExpr. Please extend the KeY-Java-Hierarchy'} at file:/home/runner/work/key/key/key.core/build/resources/main/de/uka/ilkd/key/proof/rules/activeUse.key:254:15
	at de.uka.ilkd.key.nparser.builder.AbstractBuilder.accept(AbstractBuilder.java:54)
Caused by: de.uka.ilkd.key.java.JavaBuildingExceptions: JavaBuildingIssue{node=PrintStream.$allocate()range=Optional.empty, message='Unsupported element detected given by Java Parser: MethodCallExpr. Please extend the KeY-Java-Hierarchy'}
	at de.uka.ilkd.key.java.JP2KeYVisitor.reportError(JP2KeYConverter.java:119)

133909     ERROR Test worker     d.u.i.k.n.b.AbstractBuilder  de.uka.ilkd.key.java.JavaBuildingExceptions: JavaBuildingIssue{node=PrintStream.$allocate()range=Optional.empty, message='Unsupported element detected given by Java Parser: MethodCallExpr. Please extend the KeY-Java-Hierarchy'}
	at de.uka.ilkd.key.java.JP2KeYVisitor.reportError(JP2KeYConverter.java:119)

133910     ERROR Test worker     d.u.i.k.n.b.TacletPBuilder Error in parsing taclet. de.uka.ilkd.key.util.parsing.BuildingException: JavaBuildingIssue{node=PrintStream.$allocate()range=Optional.empty, message='Unsupported element detected given by Java Parser: MethodCallExpr. Please extend the KeY-Java-Hierarchy'} at file:/home/runner/work/key/key/key.core/build/resources/main/de/uka/ilkd/key/proof/rules/activeUse.key:268:15
	at de.uka.ilkd.key.nparser.builder.AbstractBuilder.accept(AbstractBuilder.java:54)
Caused by: de.uka.ilkd.key.java.JavaBuildingExceptions: JavaBuildingIssue{node=PrintStream.$allocate()range=Optional.empty, message='Unsupported element detected given by Java Parser: MethodCallExpr. Please extend the KeY-Java-Hierarchy'}
	at de.uka.ilkd.key.java.JP2KeYVisitor.reportError(JP2KeYConverter.java:119)

134178     ERROR Test worker     d.u.i.k.n.b.AbstractBuilder  de.uka.ilkd.key.java.JavaBuildingExceptions: JavaBuildingIssue{node=PrintStream.$allocate()range=Optional.empty, message='Unsupported element detected given by Java Parser: MethodCallExpr. Please extend the KeY-Java-Hierarchy'}
	at de.uka.ilkd.key.java.JP2KeYVisitor.reportError(JP2KeYConverter.java:119)

134179     ERROR Test worker     d.u.i.k.n.b.TacletPBuilder Error in parsing taclet. de.uka.ilkd.key.util.parsing.BuildingException: JavaBuildingIssue{node=PrintStream.$allocate()range=Optional.empty, message='Unsupported element detected given by Java Parser: MethodCallExpr. Please extend the KeY-Java-Hierarchy'} at file:/home/runner/work/key/key/key.core/build/resources/main/de/uka/ilkd/key/proof/rules/activeUse.key:282:15
	at de.uka.ilkd.key.nparser.builder.AbstractBuilder.accept(AbstractBuilder.java:54)
Caused by: de.uka.ilkd.key.java.JavaBuildingExceptions: JavaBuildingIssue{node=PrintStream.$allocate()range=Optional.empty, message='Unsupported element detected given by Java Parser: MethodCallExpr. Please extend the KeY-Java-Hierarchy'}
	at de.uka.ilkd.key.java.JP2KeYVisitor.reportError(JP2KeYConverter.java:119)

134417     ERROR Test worker     d.u.i.k.n.b.AbstractBuilder  de.uka.ilkd.key.java.JavaBuildingExceptions: JavaBuildingIssue{node=PrintStream.$allocate()range=Optional.empty, message='Unsupported element detected given by Java Parser: MethodCallExpr. Please extend the KeY-Java-Hierarchy'}
	at de.uka.ilkd.key.java.JP2KeYVisitor.reportError(JP2KeYConverter.java:119)

134418     ERROR Test worker     d.u.i.k.n.b.TacletPBuilder Error in parsing taclet. de.uka.ilkd.key.util.parsing.BuildingException: JavaBuildingIssue{node=PrintStream.$allocate()range=Optional.empty, message='Unsupported element detected given by Java Parser: MethodCallExpr. Please extend the KeY-Java-Hierarchy'} at file:/home/runner/work/key/key/key.core/build/resources/main/de/uka/ilkd/key/proof/rules/activeUse.key:296:15
	at de.uka.ilkd.key.nparser.builder.AbstractBuilder.accept(AbstractBuilder.java:54)
Caused by: de.uka.ilkd.key.java.JavaBuildingExceptions: JavaBuildingIssue{node=PrintStream.$allocate()range=Optional.empty, message='Unsupported element detected given by Java Parser: MethodCallExpr. Please extend the KeY-Java-Hierarchy'}
	at de.uka.ilkd.key.java.JP2KeYVisitor.reportError(JP2KeYConverter.java:119)

134680     ERROR Test worker     d.u.i.k.n.b.AbstractBuilder  de.uka.ilkd.key.java.JavaBuildingExceptions: JavaBuildingIssue{node=PrintStream.$allocate()range=Optional.empty, message='Unsupported element detected given by Java Parser: MethodCallExpr. Please extend the KeY-Java-Hierarchy'}
	at de.uka.ilkd.key.java.JP2KeYVisitor.reportError(JP2KeYConverter.java:119)

134681     ERROR Test worker     d.u.i.k.n.b.TacletPBuilder Error in parsing taclet. de.uka.ilkd.key.util.parsing.BuildingException: JavaBuildingIssue{node=PrintStream.$allocate()range=Optional.empty, message='Unsupported element detected given by Java Parser: MethodCallExpr. Please extend the KeY-Java-Hierarchy'} at file:/home/runner/work/key/key/key.core/build/resources/main/de/uka/ilkd/key/proof/rules/activeUse.key:310:15
	at de.uka.ilkd.key.nparser.builder.AbstractBuilder.accept(AbstractBuilder.java:54)
Caused by: de.uka.ilkd.key.java.JavaBuildingExceptions: JavaBuildingIssue{node=PrintStream.$allocate()range=Optional.empty, message='Unsupported element detected given by Java Parser: MethodCallExpr. Please extend the KeY-Java-Hierarchy'}
	at de.uka.ilkd.key.java.JP2KeYVisitor.reportError(JP2KeYConverter.java:119)

134917     ERROR Test worker     d.u.i.k.n.b.AbstractBuilder  de.uka.ilkd.key.java.JavaBuildingExceptions: JavaBuildingIssue{node=PrintStream.$allocate()range=Optional.empty, message='Unsupported element detected given by Java Parser: MethodCallExpr. Please extend the KeY-Java-Hierarchy'}
	at de.uka.ilkd.key.java.JP2KeYVisitor.reportError(JP2KeYConverter.java:119)

134917     ERROR Test worker     d.u.i.k.n.b.TacletPBuilder Error in parsing taclet. de.uka.ilkd.key.util.parsing.BuildingException: JavaBuildingIssue{node=PrintStream.$allocate()range=Optional.empty, message='Unsupported element detected given by Java Parser: MethodCallExpr. Please extend the KeY-Java-Hierarchy'} at file:/home/runner/work/key/key/key.core/build/resources/main/de/uka/ilkd/key/proof/rules/activeUse.key:324:15
	at de.uka.ilkd.key.nparser.builder.AbstractBuilder.accept(AbstractBuilder.java:54)
Caused by: de.uka.ilkd.key.java.JavaBuildingExceptions: JavaBuildingIssue{node=PrintStream.$allocate()range=Optional.empty, message='Unsupported element detected given by Java Parser: MethodCallExpr. Please extend the KeY-Java-Hierarchy'}
	at de.uka.ilkd.key.java.JP2KeYVisitor.reportError(JP2KeYConverter.java:119)

135189     ERROR Test worker     d.u.i.k.n.b.AbstractBuilder  de.uka.ilkd.key.java.JavaBuildingExceptions: JavaBuildingIssue{node=PrintStream.$allocate()range=Optional.empty, message='Unsupported element detected given by Java Parser: MethodCallExpr. Please extend the KeY-Java-Hierarchy'}
	at de.uka.ilkd.key.java.JP2KeYVisitor.reportError(JP2KeYConverter.java:119)

135189     ERROR Test worker     d.u.i.k.n.b.TacletPBuilder Error in parsing taclet. de.uka.ilkd.key.util.parsing.BuildingException: JavaBuildingIssue{node=PrintStream.$allocate()range=Optional.empty, message='Unsupported element detected given by Java Parser: MethodCallExpr. Please extend the KeY-Java-Hierarchy'} at file:/home/runner/work/key/key/key.core/build/resources/main/de/uka/ilkd/key/proof/rules/activeUse.key:338:15
	at de.uka.ilkd.key.nparser.builder.AbstractBuilder.accept(AbstractBuilder.java:54)
Caused by: de.uka.ilkd.key.java.JavaBuildingExceptions: JavaBuildingIssue{node=PrintStream.$allocate()range=Optional.empty, message='Unsupported element detected given by Java Parser: MethodCallExpr. Please extend the KeY-Java-Hierarchy'}
	at de.uka.ilkd.key.java.JP2KeYVisitor.reportError(JP2KeYConverter.java:119)

135426     ERROR Test worker     d.u.i.k.n.b.AbstractBuilder  de.uka.ilkd.key.java.JavaBuildingExceptions: JavaBuildingIssue{node=PrintStream.$allocate()range=Optional.empty, message='Unsupported element detected given by Java Parser: MethodCallExpr. Please extend the KeY-Java-Hierarchy'}
	at de.uka.ilkd.key.java.JP2KeYVisitor.reportError(JP2KeYConverter.java:119)

135426     ERROR Test worker     d.u.i.k.n.b.TacletPBuilder Error in parsing taclet. de.uka.ilkd.key.util.parsing.BuildingException: JavaBuildingIssue{node=PrintStream.$allocate()range=Optional.empty, message='Unsupported element detected given by Java Parser: MethodCallExpr. Please extend the KeY-Java-Hierarchy'} at file:/home/runner/work/key/key/key.core/build/resources/main/de/uka/ilkd/key/proof/rules/activeUse.key:352:15
	at de.uka.ilkd.key.nparser.builder.AbstractBuilder.accept(AbstractBuilder.java:54)
Caused by: de.uka.ilkd.key.java.JavaBuildingExceptions: JavaBuildingIssue{node=PrintStream.$allocate()range=Optional.empty, message='Unsupported element detected given by Java Parser: MethodCallExpr. Please extend the KeY-Java-Hierarchy'}
	at de.uka.ilkd.key.java.JP2KeYVisitor.reportError(JP2KeYConverter.java:119)

135694     ERROR Test worker     d.u.i.k.n.b.AbstractBuilder  de.uka.ilkd.key.java.JavaBuildingExceptions: JavaBuildingIssue{node=PrintStream.$allocate()range=Optional.empty, message='Unsupported element detected given by Java Parser: MethodCallExpr. Please extend the KeY-Java-Hierarchy'}
	at de.uka.ilkd.key.java.JP2KeYVisitor.reportError(JP2KeYConverter.java:119)

135695     ERROR Test worker     d.u.i.k.n.b.TacletPBuilder Error in parsing taclet. de.uka.ilkd.key.util.parsing.BuildingException: JavaBuildingIssue{node=PrintStream.$allocate()range=Optional.empty, message='Unsupported element detected given by Java Parser: MethodCallExpr. Please extend the KeY-Java-Hierarchy'} at file:/home/runner/work/key/key/key.core/build/resources/main/de/uka/ilkd/key/proof/rules/activeUse.key:366:15
	at de.uka.ilkd.key.nparser.builder.AbstractBuilder.accept(AbstractBuilder.java:54)
Caused by: de.uka.ilkd.key.java.JavaBuildingExceptions: JavaBuildingIssue{node=PrintStream.$allocate()range=Optional.empty, message='Unsupported element detected given by Java Parser: MethodCallExpr. Please extend the KeY-Java-Hierarchy'}
	at de.uka.ilkd.key.java.JP2KeYVisitor.reportError(JP2KeYConverter.java:119)

135933     ERROR Test worker     d.u.i.k.n.b.AbstractBuilder  de.uka.ilkd.key.java.JavaBuildingExceptions: JavaBuildingIssue{node=PrintStream.$allocate()range=Optional.empty, message='Unsupported element detected given by Java Parser: MethodCallExpr. Please extend the KeY-Java-Hierarchy'}
	at de.uka.ilkd.key.java.JP2KeYVisitor.reportError(JP2KeYConverter.java:119)

135934     ERROR Test worker     d.u.i.k.n.b.TacletPBuilder Error in parsing taclet. de.uka.ilkd.key.util.parsing.BuildingException: JavaBuildingIssue{node=PrintStream.$allocate()range=Optional.empty, message='Unsupported element detected given by Java Parser: MethodCallExpr. Please extend the KeY-Java-Hierarchy'} at file:/home/runner/work/key/key/key.core/build/resources/main/de/uka/ilkd/key/proof/rules/activeUse.key:380:15
	at de.uka.ilkd.key.nparser.builder.AbstractBuilder.accept(AbstractBuilder.java:54)
Caused by: de.uka.ilkd.key.java.JavaBuildingExceptions: JavaBuildingIssue{node=PrintStream.$allocate()range=Optional.empty, message='Unsupported element detected given by Java Parser: MethodCallExpr. Please extend the KeY-Java-Hierarchy'}
	at de.uka.ilkd.key.java.JP2KeYVisitor.reportError(JP2KeYConverter.java:119)

136199     ERROR Test worker     d.u.i.k.n.b.AbstractBuilder  de.uka.ilkd.key.java.JavaBuildingExceptions: JavaBuildingIssue{node=PrintStream.$allocate()range=Optional.empty, message='Unsupported element detected given by Java Parser: MethodCallExpr. Please extend the KeY-Java-Hierarchy'}
	at de.uka.ilkd.key.java.JP2KeYVisitor.reportError(JP2KeYConverter.java:119)

136199     ERROR Test worker     d.u.i.k.n.b.TacletPBuilder Error in parsing taclet. de.uka.ilkd.key.util.parsing.BuildingException: JavaBuildingIssue{node=PrintStream.$allocate()range=Optional.empty, message='Unsupported element detected given by Java Parser: MethodCallExpr. Please extend the KeY-Java-Hierarchy'} at file:/home/runner/work/key/key/key.core/build/resources/main/de/uka/ilkd/key/proof/rules/activeUse.key:394:15
	at de.uka.ilkd.key.nparser.builder.AbstractBuilder.accept(AbstractBuilder.java:54)
Caused by: de.uka.ilkd.key.java.JavaBuildingExceptions: JavaBuildingIssue{node=PrintStream.$allocate()range=Optional.empty, message='Unsupported element detected given by Java Parser: MethodCallExpr. Please extend the KeY-Java-Hierarchy'}
	at de.uka.ilkd.key.java.JP2KeYVisitor.reportError(JP2KeYConverter.java:119)

136455     ERROR Test worker     d.u.i.k.n.b.AbstractBuilder  de.uka.ilkd.key.java.JavaBuildingExceptions: JavaBuildingIssue{node=PrintStream.$allocate()range=Optional.empty, message='Unsupported element detected given by Java Parser: MethodCallExpr. Please extend the KeY-Java-Hierarchy'}
	at de.uka.ilkd.key.java.JP2KeYVisitor.reportError(JP2KeYConverter.java:119)

136455     ERROR Test worker     d.u.i.k.n.b.TacletPBuilder Error in parsing taclet. de.uka.ilkd.key.util.parsing.BuildingException: JavaBuildingIssue{node=PrintStream.$allocate()range=Optional.empty, message='Unsupported element detected given by Java Parser: MethodCallExpr. Please extend the KeY-Java-Hierarchy'} at file:/home/runner/work/key/key/key.core/build/resources/main/de/uka/ilkd/key/proof/rules/activeUse.key:408:15
	at de.uka.ilkd.key.nparser.builder.AbstractBuilder.accept(AbstractBuilder.java:54)
Caused by: de.uka.ilkd.key.java.JavaBuildingExceptions: JavaBuildingIssue{node=PrintStream.$allocate()range=Optional.empty, message='Unsupported element detected given by Java Parser: MethodCallExpr. Please extend the KeY-Java-Hierarchy'}
	at de.uka.ilkd.key.java.JP2KeYVisitor.reportError(JP2KeYConverter.java:119)

136733     ERROR Test worker     d.u.i.k.n.b.AbstractBuilder  de.uka.ilkd.key.java.JavaBuildingExceptions: JavaBuildingIssue{node=PrintStream.$allocate()range=Optional.empty, message='Unsupported element detected given by Java Parser: MethodCallExpr. Please extend the KeY-Java-Hierarchy'}
	at de.uka.ilkd.key.java.JP2KeYVisitor.reportError(JP2KeYConverter.java:119)

136733     ERROR Test worker     d.u.i.k.n.b.TacletPBuilder Error in parsing taclet. de.uka.ilkd.key.util.parsing.BuildingException: JavaBuildingIssue{node=PrintStream.$allocate()range=Optional.empty, message='Unsupported element detected given by Java Parser: MethodCallExpr. Please extend the KeY-Java-Hierarchy'} at file:/home/runner/work/key/key/key.core/build/resources/main/de/uka/ilkd/key/proof/rules/activeUse.key:422:15
	at de.uka.ilkd.key.nparser.builder.AbstractBuilder.accept(AbstractBuilder.java:54)
Caused by: de.uka.ilkd.key.java.JavaBuildingExceptions: JavaBuildingIssue{node=PrintStream.$allocate()range=Optional.empty, message='Unsupported element detected given by Java Parser: MethodCallExpr. Please extend the KeY-Java-Hierarchy'}
	at de.uka.ilkd.key.java.JP2KeYVisitor.reportError(JP2KeYConverter.java:119)

136995     ERROR Test worker     d.u.i.k.n.b.AbstractBuilder  de.uka.ilkd.key.java.JavaBuildingExceptions: JavaBuildingIssue{node=PrintStream.$allocate()range=Optional.empty, message='Unsupported element detected given by Java Parser: MethodCallExpr. Please extend the KeY-Java-Hierarchy'}
	at de.uka.ilkd.key.java.JP2KeYVisitor.reportError(JP2KeYConverter.java:119)

136996     ERROR Test worker     d.u.i.k.n.b.TacletPBuilder Error in parsing taclet. de.uka.ilkd.key.util.parsing.BuildingException: JavaBuildingIssue{node=PrintStream.$allocate()range=Optional.empty, message='Unsupported element detected given by Java Parser: MethodCallExpr. Please extend the KeY-Java-Hierarchy'} at file:/home/runner/work/key/key/key.core/build/resources/main/de/uka/ilkd/key/proof/rules/activeUse.key:436:15
	at de.uka.ilkd.key.nparser.builder.AbstractBuilder.accept(AbstractBuilder.java:54)
Caused by: de.uka.ilkd.key.java.JavaBuildingExceptions: JavaBuildingIssue{node=PrintStream.$allocate()range=Optional.empty, message='Unsupported element detected given by Java Parser: MethodCallExpr. Please extend the KeY-Java-Hierarchy'}
	at de.uka.ilkd.key.java.JP2KeYVisitor.reportError(JP2KeYConverter.java:119)

137233     ERROR Test worker     d.u.i.k.n.b.AbstractBuilder  de.uka.ilkd.key.java.JavaBuildingExceptions: JavaBuildingIssue{node=PrintStream.$allocate()range=Optional.empty, message='Unsupported element detected given by Java Parser: MethodCallExpr. Please extend the KeY-Java-Hierarchy'}
	at de.uka.ilkd.key.java.JP2KeYVisitor.reportError(JP2KeYConverter.java:119)

137233     ERROR Test worker     d.u.i.k.n.b.TacletPBuilder Error in parsing taclet. de.uka.ilkd.key.util.parsing.BuildingException: JavaBuildingIssue{node=PrintStream.$allocate()range=Optional.empty, message='Unsupported element detected given by Java Parser: MethodCallExpr. Please extend the KeY-Java-Hierarchy'} at file:/home/runner/work/key/key/key.core/build/resources/main/de/uka/ilkd/key/proof/rules/activeUse.key:450:15
	at de.uka.ilkd.key.nparser.builder.AbstractBuilder.accept(AbstractBuilder.java:54)
Caused by: de.uka.ilkd.key.java.JavaBuildingExceptions: JavaBuildingIssue{node=PrintStream.$allocate()range=Optional.empty, message='Unsupported element detected given by Java Parser: MethodCallExpr. Please extend the KeY-Java-Hierarchy'}
	at de.uka.ilkd.key.java.JP2KeYVisitor.reportError(JP2KeYConverter.java:119)

137494     ERROR Test worker     d.u.i.k.n.b.AbstractBuilder  de.uka.ilkd.key.java.JavaBuildingExceptions: JavaBuildingIssue{node=PrintStream.$allocate()range=Optional.empty, message='Unsupported element detected given by Java Parser: MethodCallExpr. Please extend the KeY-Java-Hierarchy'}
	at de.uka.ilkd.key.java.JP2KeYVisitor.reportError(JP2KeYConverter.java:119)

137495     ERROR Test worker     d.u.i.k.n.b.TacletPBuilder Error in parsing taclet. de.uka.ilkd.key.util.parsing.BuildingException: JavaBuildingIssue{node=PrintStream.$allocate()range=Optional.empty, message='Unsupported element detected given by Java Parser: MethodCallExpr. Please extend the KeY-Java-Hierarchy'} at file:/home/runner/work/key/key/key.core/build/resources/main/de/uka/ilkd/key/proof/rules/activeUse.key:468:15
	at de.uka.ilkd.key.nparser.builder.AbstractBuilder.accept(AbstractBuilder.java:54)
Caused by: de.uka.ilkd.key.java.JavaBuildingExceptions: JavaBuildingIssue{node=PrintStream.$allocate()range=Optional.empty, message='Unsupported element detected given by Java Parser: MethodCallExpr. Please extend the KeY-Java-Hierarchy'}
	at de.uka.ilkd.key.java.JP2KeYVisitor.reportError(JP2KeYConverter.java:119)

137734     ERROR Test worker     d.u.i.k.n.b.AbstractBuilder  de.uka.ilkd.key.java.JavaBuildingExceptions: JavaBuildingIssue{node=PrintStream.$allocate()range=Optional.empty, message='Unsupported element detected given by Java Parser: MethodCallExpr. Please extend the KeY-Java-Hierarchy'}
	at de.uka.ilkd.key.java.JP2KeYVisitor.reportError(JP2KeYConverter.java:119)

137735     ERROR Test worker     d.u.i.k.n.b.TacletPBuilder Error in parsing taclet. de.uka.ilkd.key.util.parsing.BuildingException: JavaBuildingIssue{node=PrintStream.$allocate()range=Optional.empty, message='Unsupported element detected given by Java Parser: MethodCallExpr. Please extend the KeY-Java-Hierarchy'} at file:/home/runner/work/key/key/key.core/build/resources/main/de/uka/ilkd/key/proof/rules/activeUse.key:483:15
	at de.uka.ilkd.key.nparser.builder.AbstractBuilder.accept(AbstractBuilder.java:54)
Caused by: de.uka.ilkd.key.java.JavaBuildingExceptions: JavaBuildingIssue{node=PrintStream.$allocate()range=Optional.empty, message='Unsupported element detected given by Java Parser: MethodCallExpr. Please extend the KeY-Java-Hierarchy'}
	at de.uka.ilkd.key.java.JP2KeYVisitor.reportError(JP2KeYConverter.java:119)

138000     ERROR Test worker     d.u.i.k.n.b.AbstractBuilder  de.uka.ilkd.key.java.JavaBuildingExceptions: JavaBuildingIssue{node=PrintStream.$allocate()range=Optional.empty, message='Unsupported element detected given by Java Parser: MethodCallExpr. Please extend the KeY-Java-Hierarchy'}
	at de.uka.ilkd.key.java.JP2KeYVisitor.reportError(JP2KeYConverter.java:119)

138000     ERROR Test worker     d.u.i.k.n.b.TacletPBuilder Error in parsing taclet. de.uka.ilkd.key.util.parsing.BuildingException: JavaBuildingIssue{node=PrintStream.$allocate()range=Optional.empty, message='Unsupported element detected given by Java Parser: MethodCallExpr. Please extend the KeY-Java-Hierarchy'} at file:/home/runner/work/key/key/key.core/build/resources/main/de/uka/ilkd/key/proof/rules/activeUse.key:496:15
	at de.uka.ilkd.key.nparser.builder.AbstractBuilder.accept(AbstractBuilder.java:54)
Caused by: de.uka.ilkd.key.java.JavaBuildingExceptions: JavaBuildingIssue{node=PrintStream.$allocate()range=Optional.empty, message='Unsupported element detected given by Java Parser: MethodCallExpr. Please extend the KeY-Java-Hierarchy'}
	at de.uka.ilkd.key.java.JP2KeYVisitor.reportError(JP2KeYConverter.java:119)

138273     ERROR Test worker     d.u.i.k.n.b.AbstractBuilder  de.uka.ilkd.key.java.JavaBuildingExceptions: JavaBuildingIssue{node=PrintStream.$allocate()range=Optional.empty, message='Unsupported element detected given by Java Parser: MethodCallExpr. Please extend the KeY-Java-Hierarchy'}
	at de.uka.ilkd.key.java.JP2KeYVisitor.reportError(JP2KeYConverter.java:119)

138274     ERROR Test worker     d.u.i.k.n.b.TacletPBuilder Error in parsing taclet. de.uka.ilkd.key.util.parsing.BuildingException: JavaBuildingIssue{node=PrintStream.$allocate()range=Optional.empty, message='Unsupported element detected given by Java Parser: MethodCallExpr. Please extend the KeY-Java-Hierarchy'} at file:/home/runner/work/key/key/key.core/build/resources/main/de/uka/ilkd/key/proof/rules/activeUse.key:509:15
	at de.uka.ilkd.key.nparser.builder.AbstractBuilder.accept(AbstractBuilder.java:54)
Caused by: de.uka.ilkd.key.java.JavaBuildingExceptions: JavaBuildingIssue{node=PrintStream.$allocate()range=Optional.empty, message='Unsupported element detected given by Java Parser: MethodCallExpr. Please extend the KeY-Java-Hierarchy'}
	at de.uka.ilkd.key.java.JP2KeYVisitor.reportError(JP2KeYConverter.java:119)

138510     ERROR Test worker     d.u.i.k.n.b.AbstractBuilder  de.uka.ilkd.key.java.JavaBuildingExceptions: JavaBuildingIssue{node=PrintStream.$allocate()range=Optional.empty, message='Unsupported element detected given by Java Parser: MethodCallExpr. Please extend the KeY-Java-Hierarchy'}
	at de.uka.ilkd.key.java.JP2KeYVisitor.reportError(JP2KeYConverter.java:119)

138511     ERROR Test worker     d.u.i.k.n.b.TacletPBuilder Error in parsing taclet. de.uka.ilkd.key.util.parsing.BuildingException: JavaBuildingIssue{node=PrintStream.$allocate()range=Optional.empty, message='Unsupported element detected given by Java Parser: MethodCallExpr. Please extend the KeY-Java-Hierarchy'} at file:/home/runner/work/key/key/key.core/build/resources/main/de/uka/ilkd/key/proof/rules/activeUse.key:522:15
	at de.uka.ilkd.key.nparser.builder.AbstractBuilder.accept(AbstractBuilder.java:54)
Caused by: de.uka.ilkd.key.java.JavaBuildingExceptions: JavaBuildingIssue{node=PrintStream.$allocate()range=Optional.empty, message='Unsupported element detected given by Java Parser: MethodCallExpr. Please extend the KeY-Java-Hierarchy'}
	at de.uka.ilkd.key.java.JP2KeYVisitor.reportError(JP2KeYConverter.java:119)

138770     ERROR Test worker     d.u.i.k.n.b.AbstractBuilder  de.uka.ilkd.key.java.JavaBuildingExceptions: JavaBuildingIssue{node=PrintStream.$allocate()range=Optional.empty, message='Unsupported element detected given by Java Parser: MethodCallExpr. Please extend the KeY-Java-Hierarchy'}
	at de.uka.ilkd.key.java.JP2KeYVisitor.reportError(JP2KeYConverter.java:119)

138770     ERROR Test worker     d.u.i.k.n.b.TacletPBuilder Error in parsing taclet. de.uka.ilkd.key.util.parsing.BuildingException: JavaBuildingIssue{node=PrintStream.$allocate()range=Optional.empty, message='Unsupported element detected given by Java Parser: MethodCallExpr. Please extend the KeY-Java-Hierarchy'} at file:/home/runner/work/key/key/key.core/build/resources/main/de/uka/ilkd/key/proof/rules/activeUse.key:535:15
	at de.uka.ilkd.key.nparser.builder.AbstractBuilder.accept(AbstractBuilder.java:54)
Caused by: de.uka.ilkd.key.java.JavaBuildingExceptions: JavaBuildingIssue{node=PrintStream.$allocate()range=Optional.empty, message='Unsupported element detected given by Java Parser: MethodCallExpr. Please extend the KeY-Java-Hierarchy'}
	at de.uka.ilkd.key.java.JP2KeYVisitor.reportError(JP2KeYConverter.java:119)

139030     ERROR Test worker     d.u.i.k.n.b.AbstractBuilder  de.uka.ilkd.key.java.JavaBuildingExceptions: JavaBuildingIssue{node=PrintStream.$allocate()range=Optional.empty, message='Unsupported element detected given by Java Parser: MethodCallExpr. Please extend the KeY-Java-Hierarchy'}
	at de.uka.ilkd.key.java.JP2KeYVisitor.reportError(JP2KeYConverter.java:119)

139030     ERROR Test worker     d.u.i.k.n.b.TacletPBuilder Error in parsing taclet. de.uka.ilkd.key.util.parsing.BuildingException: JavaBuildingIssue{node=PrintStream.$allocate()range=Optional.empty, message='Unsupported element detected given by Java Parser: MethodCallExpr. Please extend the KeY-Java-Hierarchy'} at file:/home/runner/work/key/key/key.core/build/resources/main/de/uka/ilkd/key/proof/rules/activeUse.key:548:15
	at de.uka.ilkd.key.nparser.builder.AbstractBuilder.accept(AbstractBuilder.java:54)
Caused by: de.uka.ilkd.key.java.JavaBuildingExceptions: JavaBuildingIssue{node=PrintStream.$allocate()range=Optional.empty, message='Unsupported element detected given by Java Parser: MethodCallExpr. Please extend the KeY-Java-Hierarchy'}
	at de.uka.ilkd.key.java.JP2KeYVisitor.reportError(JP2KeYConverter.java:119)

139310     ERROR Test worker     d.u.i.k.n.b.AbstractBuilder  de.uka.ilkd.key.java.JavaBuildingExceptions: JavaBuildingIssue{node=PrintStream.$allocate()range=Optional.empty, message='Unsupported element detected given by Java Parser: MethodCallExpr. Please extend the KeY-Java-Hierarchy'}
	at de.uka.ilkd.key.java.JP2KeYVisitor.reportError(JP2KeYConverter.java:119)

139310     ERROR Test worker     d.u.i.k.n.b.TacletPBuilder Error in parsing taclet. de.uka.ilkd.key.util.parsing.BuildingException: JavaBuildingIssue{node=PrintStream.$allocate()range=Optional.empty, message='Unsupported element detected given by Java Parser: MethodCallExpr. Please extend the KeY-Java-Hierarchy'} at file:/home/runner/work/key/key/key.core/build/resources/main/de/uka/ilkd/key/proof/rules/activeUse.key:561:15
	at de.uka.ilkd.key.nparser.builder.AbstractBuilder.accept(AbstractBuilder.java:54)
Caused by: de.uka.ilkd.key.java.JavaBuildingExceptions: JavaBuildingIssue{node=PrintStream.$allocate()range=Optional.empty, message='Unsupported element detected given by Java Parser: MethodCallExpr. Please extend the KeY-Java-Hierarchy'}
	at de.uka.ilkd.key.java.JP2KeYVisitor.reportError(JP2KeYConverter.java:119)

139546     ERROR Test worker     d.u.i.k.n.b.AbstractBuilder  de.uka.ilkd.key.java.JavaBuildingExceptions: JavaBuildingIssue{node=PrintStream.$allocate()range=Optional.empty, message='Unsupported element detected given by Java Parser: MethodCallExpr. Please extend the KeY-Java-Hierarchy'}
	at de.uka.ilkd.key.java.JP2KeYVisitor.reportError(JP2KeYConverter.java:119)

139547     ERROR Test worker     d.u.i.k.n.b.TacletPBuilder Error in parsing taclet. de.uka.ilkd.key.util.parsing.BuildingException: JavaBuildingIssue{node=PrintStream.$allocate()range=Optional.empty, message='Unsupported element detected given by Java Parser: MethodCallExpr. Please extend the KeY-Java-Hierarchy'} at file:/home/runner/work/key/key/key.core/build/resources/main/de/uka/ilkd/key/proof/rules/activeUse.key:574:15
	at de.uka.ilkd.key.nparser.builder.AbstractBuilder.accept(AbstractBuilder.java:54)
Caused by: de.uka.ilkd.key.java.JavaBuildingExceptions: JavaBuildingIssue{node=PrintStream.$allocate()range=Optional.empty, message='Unsupported element detected given by Java Parser: MethodCallExpr. Please extend the KeY-Java-Hierarchy'}
	at de.uka.ilkd.key.java.JP2KeYVisitor.reportError(JP2KeYConverter.java:119)

139807     ERROR Test worker     d.u.i.k.n.b.AbstractBuilder  de.uka.ilkd.key.java.JavaBuildingExceptions: JavaBuildingIssue{node=PrintStream.$allocate()range=Optional.empty, message='Unsupported element detected given by Java Parser: MethodCallExpr. Please extend the KeY-Java-Hierarchy'}
	at de.uka.ilkd.key.java.JP2KeYVisitor.reportError(JP2KeYConverter.java:119)

139807     ERROR Test worker     d.u.i.k.n.b.TacletPBuilder Error in parsing taclet. de.uka.ilkd.key.util.parsing.BuildingException: JavaBuildingIssue{node=PrintStream.$allocate()range=Optional.empty, message='Unsupported element detected given by Java Parser: MethodCallExpr. Please extend the KeY-Java-Hierarchy'} at file:/home/runner/work/key/key/key.core/build/resources/main/de/uka/ilkd/key/proof/rules/activeUse.key:587:15
	at de.uka.ilkd.key.nparser.builder.AbstractBuilder.accept(AbstractBuilder.java:54)
Caused by: de.uka.ilkd.key.java.JavaBuildingExceptions: JavaBuildingIssue{node=PrintStream.$allocate()range=Optional.empty, message='Unsupported element detected given by Java Parser: MethodCallExpr. Please extend the KeY-Java-Hierarchy'}
	at de.uka.ilkd.key.java.JP2KeYVisitor.reportError(JP2KeYConverter.java:119)

140067     ERROR Test worker     d.u.i.k.n.b.AbstractBuilder  de.uka.ilkd.key.java.JavaBuildingExceptions: JavaBuildingIssue{node=PrintStream.$allocate()range=Optional.empty, message='Unsupported element detected given by Java Parser: MethodCallExpr. Please extend the KeY-Java-Hierarchy'}
	at de.uka.ilkd.key.java.JP2KeYVisitor.reportError(JP2KeYConverter.java:119)

140068     ERROR Test worker     d.u.i.k.n.b.TacletPBuilder Error in parsing taclet. de.uka.ilkd.key.util.parsing.BuildingException: JavaBuildingIssue{node=PrintStream.$allocate()range=Optional.empty, message='Unsupported element detected given by Java Parser: MethodCallExpr. Please extend the KeY-Java-Hierarchy'} at file:/home/runner/work/key/key/key.core/build/resources/main/de/uka/ilkd/key/proof/rules/activeUse.key:600:15
	at de.uka.ilkd.key.nparser.builder.AbstractBuilder.accept(AbstractBuilder.java:54)
Caused by: de.uka.ilkd.key.java.JavaBuildingExceptions: JavaBuildingIssue{node=PrintStream.$allocate()range=Optional.empty, message='Unsupported element detected given by Java Parser: MethodCallExpr. Please extend the KeY-Java-Hierarchy'}
	at de.uka.ilkd.key.java.JP2KeYVisitor.reportError(JP2KeYConverter.java:119)

140305     ERROR Test worker     d.u.i.k.n.b.AbstractBuilder  de.uka.ilkd.key.java.JavaBuildingExceptions: JavaBuildingIssue{node=PrintStream.$allocate()range=Optional.empty, message='Unsupported element detected given by Java Parser: MethodCallExpr. Please extend the KeY-Java-Hierarchy'}
	at de.uka.ilkd.key.java.JP2KeYVisitor.reportError(JP2KeYConverter.java:119)

140305     ERROR Test worker     d.u.i.k.n.b.TacletPBuilder Error in parsing taclet. de.uka.ilkd.key.util.parsing.BuildingException: JavaBuildingIssue{node=PrintStream.$allocate()range=Optional.empty, message='Unsupported element detected given by Java Parser: MethodCallExpr. Please extend the KeY-Java-Hierarchy'} at file:/home/runner/work/key/key/key.core/build/resources/main/de/uka/ilkd/key/proof/rules/activeUse.key:613:15
	at de.uka.ilkd.key.nparser.builder.AbstractBuilder.accept(AbstractBuilder.java:54)
Caused by: de.uka.ilkd.key.java.JavaBuildingExceptions: JavaBuildingIssue{node=PrintStream.$allocate()range=Optional.empty, message='Unsupported element detected given by Java Parser: MethodCallExpr. Please extend the KeY-Java-Hierarchy'}
	at de.uka.ilkd.key.java.JP2KeYVisitor.reportError(JP2KeYConverter.java:119)

140563     ERROR Test worker     d.u.i.k.n.b.AbstractBuilder  de.uka.ilkd.key.java.JavaBuildingExceptions: JavaBuildingIssue{node=PrintStream.$allocate()range=Optional.empty, message='Unsupported element detected given by Java Parser: MethodCallExpr. Please extend the KeY-Java-Hierarchy'}
	at de.uka.ilkd.key.java.JP2KeYVisitor.reportError(JP2KeYConverter.java:119)

140564     ERROR Test worker     d.u.i.k.n.b.TacletPBuilder Error in parsing taclet. de.uka.ilkd.key.util.parsing.BuildingException: JavaBuildingIssue{node=PrintStream.$allocate()range=Optional.empty, message='Unsupported element detected given by Java Parser: MethodCallExpr. Please extend the KeY-Java-Hierarchy'} at file:/home/runner/work/key/key/key.core/build/resources/main/de/uka/ilkd/key/proof/rules/activeUse.key:626:15
	at de.uka.ilkd.key.nparser.builder.AbstractBuilder.accept(AbstractBuilder.java:54)
Caused by: de.uka.ilkd.key.java.JavaBuildingExceptions: JavaBuildingIssue{node=PrintStream.$allocate()range=Optional.empty, message='Unsupported element detected given by Java Parser: MethodCallExpr. Please extend the KeY-Java-Hierarchy'}
	at de.uka.ilkd.key.java.JP2KeYVisitor.reportError(JP2KeYConverter.java:119)

140820     ERROR Test worker     d.u.i.k.n.b.AbstractBuilder  de.uka.ilkd.key.java.JavaBuildingExceptions: JavaBuildingIssue{node=PrintStream.$allocate()range=Optional.empty, message='Unsupported element detected given by Java Parser: MethodCallExpr. Please extend the KeY-Java-Hierarchy'}
	at de.uka.ilkd.key.java.JP2KeYVisitor.reportError(JP2KeYConverter.java:119)

140820     ERROR Test worker     d.u.i.k.n.b.TacletPBuilder Error in parsing taclet. de.uka.ilkd.key.util.parsing.BuildingException: JavaBuildingIssue{node=PrintStream.$allocate()range=Optional.empty, message='Unsupported element detected given by Java Parser: MethodCallExpr. Please extend the KeY-Java-Hierarchy'} at file:/home/runner/work/key/key/key.core/build/resources/main/de/uka/ilkd/key/proof/rules/activeUse.key:639:15
	at de.uka.ilkd.key.nparser.builder.AbstractBuilder.accept(AbstractBuilder.java:54)
Caused by: de.uka.ilkd.key.java.JavaBuildingExceptions: JavaBuildingIssue{node=PrintStream.$allocate()range=Optional.empty, message='Unsupported element detected given by Java Parser: MethodCallExpr. Please extend the KeY-Java-Hierarchy'}
	at de.uka.ilkd.key.java.JP2KeYVisitor.reportError(JP2KeYConverter.java:119)

141078     ERROR Test worker     d.u.i.k.n.b.AbstractBuilder  de.uka.ilkd.key.java.JavaBuildingExceptions: JavaBuildingIssue{node=PrintStream.$allocate()range=Optional.empty, message='Unsupported element detected given by Java Parser: MethodCallExpr. Please extend the KeY-Java-Hierarchy'}
	at de.uka.ilkd.key.java.JP2KeYVisitor.reportError(JP2KeYConverter.java:119)

141078     ERROR Test worker     d.u.i.k.n.b.TacletPBuilder Error in parsing taclet. de.uka.ilkd.key.util.parsing.BuildingException: JavaBuildingIssue{node=PrintStream.$allocate()range=Optional.empty, message='Unsupported element detected given by Java Parser: MethodCallExpr. Please extend the KeY-Java-Hierarchy'} at file:/home/runner/work/key/key/key.core/build/resources/main/de/uka/ilkd/key/proof/rules/activeUse.key:652:15
	at de.uka.ilkd.key.nparser.builder.AbstractBuilder.accept(AbstractBuilder.java:54)
Caused by: de.uka.ilkd.key.java.JavaBuildingExceptions: JavaBuildingIssue{node=PrintStream.$allocate()range=Optional.empty, message='Unsupported element detected given by Java Parser: MethodCallExpr. Please extend the KeY-Java-Hierarchy'}
	at de.uka.ilkd.key.java.JP2KeYVisitor.reportError(JP2KeYConverter.java:119)

141334     ERROR Test worker     d.u.i.k.n.b.AbstractBuilder  de.uka.ilkd.key.java.JavaBuildingExceptions: JavaBuildingIssue{node=PrintStream.$allocate()range=Optional.empty, message='Unsupported element detected given by Java Parser: MethodCallExpr. Please extend the KeY-Java-Hierarchy'}
	at de.uka.ilkd.key.java.JP2KeYVisitor.reportError(JP2KeYConverter.java:119)

141334     ERROR Test worker     d.u.i.k.n.b.TacletPBuilder Error in parsing taclet. de.uka.ilkd.key.util.parsing.BuildingException: JavaBuildingIssue{node=PrintStream.$allocate()range=Optional.empty, message='Unsupported element detected given by Java Parser: MethodCallExpr. Please extend the KeY-Java-Hierarchy'} at file:/home/runner/work/key/key/key.core/build/resources/main/de/uka/ilkd/key/proof/rules/activeUse.key:665:15
	at de.uka.ilkd.key.nparser.builder.AbstractBuilder.accept(AbstractBuilder.java:54)
Caused by: de.uka.ilkd.key.java.JavaBuildingExceptions: JavaBuildingIssue{node=PrintStream.$allocate()range=Optional.empty, message='Unsupported element detected given by Java Parser: MethodCallExpr. Please extend the KeY-Java-Hierarchy'}
	at de.uka.ilkd.key.java.JP2KeYVisitor.reportError(JP2KeYConverter.java:119)

141593     ERROR Test worker     d.u.i.k.n.b.AbstractBuilder  de.uka.ilkd.key.java.JavaBuildingExceptions: JavaBuildingIssue{node=PrintStream.$allocate()range=Optional.empty, message='Unsupported element detected given by Java Parser: MethodCallExpr. Please extend the KeY-Java-Hierarchy'}
	at de.uka.ilkd.key.java.JP2KeYVisitor.reportError(JP2KeYConverter.java:119)

141594     ERROR Test worker     d.u.i.k.n.b.TacletPBuilder Error in parsing taclet. de.uka.ilkd.key.util.parsing.BuildingException: JavaBuildingIssue{node=PrintStream.$allocate()range=Optional.empty, message='Unsupported element detected given by Java Parser: MethodCallExpr. Please extend the KeY-Java-Hierarchy'} at file:/home/runner/work/key/key/key.core/build/resources/main/de/uka/ilkd/key/proof/rules/activeUse.key:678:15
	at de.uka.ilkd.key.nparser.builder.AbstractBuilder.accept(AbstractBuilder.java:54)
Caused by: de.uka.ilkd.key.java.JavaBuildingExceptions: JavaBuildingIssue{node=PrintStream.$allocate()range=Optional.empty, message='Unsupported element detected given by Java Parser: MethodCallExpr. Please extend the KeY-Java-Hierarchy'}
	at de.uka.ilkd.key.java.JP2KeYVisitor.reportError(JP2KeYConverter.java:119)

141847     ERROR Test worker     d.u.i.k.n.b.AbstractBuilder  de.uka.ilkd.key.java.JavaBuildingExceptions: JavaBuildingIssue{node=PrintStream.$allocate()range=Optional.empty, message='Unsupported element detected given by Java Parser: MethodCallExpr. Please extend the KeY-Java-Hierarchy'}
	at de.uka.ilkd.key.java.JP2KeYVisitor.reportError(JP2KeYConverter.java:119)

141848     ERROR Test worker     d.u.i.k.n.b.TacletPBuilder Error in parsing taclet. de.uka.ilkd.key.util.parsing.BuildingException: JavaBuildingIssue{node=PrintStream.$allocate()range=Optional.empty, message='Unsupported element detected given by Java Parser: MethodCallExpr. Please extend the KeY-Java-Hierarchy'} at file:/home/runner/work/key/key/key.core/build/resources/main/de/uka/ilkd/key/proof/rules/instanceAllocation.key:59:15
	at de.uka.ilkd.key.nparser.builder.AbstractBuilder.accept(AbstractBuilder.java:54)
Caused by: de.uka.ilkd.key.java.JavaBuildingExceptions: JavaBuildingIssue{node=PrintStream.$allocate()range=Optional.empty, message='Unsupported element detected given by Java Parser: MethodCallExpr. Please extend the KeY-Java-Hierarchy'}
	at de.uka.ilkd.key.java.JP2KeYVisitor.reportError(JP2KeYConverter.java:119)

142116     ERROR Test worker     d.u.i.k.n.b.AbstractBuilder  de.uka.ilkd.key.java.JavaBuildingExceptions: JavaBuildingIssue{node=PrintStream.$allocate()range=Optional.empty, message='Unsupported element detected given by Java Parser: MethodCallExpr. Please extend the KeY-Java-Hierarchy'}
	at de.uka.ilkd.key.java.JP2KeYVisitor.reportError(JP2KeYConverter.java:119)

142116     ERROR Test worker     d.u.i.k.n.b.TacletPBuilder Error in parsing taclet. de.uka.ilkd.key.util.parsing.BuildingException: JavaBuildingIssue{node=PrintStream.$allocate()range=Optional.empty, message='Unsupported element detected given by Java Parser: MethodCallExpr. Please extend the KeY-Java-Hierarchy'} at file:/home/runner/work/key/key/key.core/build/resources/main/de/uka/ilkd/key/proof/rules/instanceAllocation.key:65:15
	at de.uka.ilkd.key.nparser.builder.AbstractBuilder.accept(AbstractBuilder.java:54)
Caused by: de.uka.ilkd.key.java.JavaBuildingExceptions: JavaBuildingIssue{node=PrintStream.$allocate()range=Optional.empty, message='Unsupported element detected given by Java Parser: MethodCallExpr. Please extend the KeY-Java-Hierarchy'}
	at de.uka.ilkd.key.java.JP2KeYVisitor.reportError(JP2KeYConverter.java:119)

142371     ERROR Test worker     d.u.i.k.n.b.AbstractBuilder  de.uka.ilkd.key.java.JavaBuildingExceptions: JavaBuildingIssue{node=PrintStream.$allocate()range=Optional.empty, message='Unsupported element detected given by Java Parser: MethodCallExpr. Please extend the KeY-Java-Hierarchy'}
	at de.uka.ilkd.key.java.JP2KeYVisitor.reportError(JP2KeYConverter.java:119)

142371     ERROR Test worker     d.u.i.k.n.b.TacletPBuilder Error in parsing taclet. de.uka.ilkd.key.util.parsing.BuildingException: JavaBuildingIssue{node=PrintStream.$allocate()range=Optional.empty, message='Unsupported element detected given by Java Parser: MethodCallExpr. Please extend the KeY-Java-Hierarchy'} at file:/home/runner/work/key/key/key.core/build/resources/main/de/uka/ilkd/key/proof/rules/instanceAllocation.key:71:15
	at de.uka.ilkd.key.nparser.builder.AbstractBuilder.accept(AbstractBuilder.java:54)
Caused by: de.uka.ilkd.key.java.JavaBuildingExceptions: JavaBuildingIssue{node=PrintStream.$allocate()range=Optional.empty, message='Unsupported element detected given by Java Parser: MethodCallExpr. Please extend the KeY-Java-Hierarchy'}
	at de.uka.ilkd.key.java.JP2KeYVisitor.reportError(JP2KeYConverter.java:119)

142624     ERROR Test worker     d.u.i.k.n.b.AbstractBuilder  de.uka.ilkd.key.java.JavaBuildingExceptions: JavaBuildingIssue{node=PrintStream.$allocate()range=Optional.empty, message='Unsupported element detected given by Java Parser: MethodCallExpr. Please extend the KeY-Java-Hierarchy'}
	at de.uka.ilkd.key.java.JP2KeYVisitor.reportError(JP2KeYConverter.java:119)

142624     ERROR Test worker     d.u.i.k.n.b.TacletPBuilder Error in parsing taclet. de.uka.ilkd.key.util.parsing.BuildingException: JavaBuildingIssue{node=PrintStream.$allocate()range=Optional.empty, message='Unsupported element detected given by Java Parser: MethodCallExpr. Please extend the KeY-Java-Hierarchy'} at file:/home/runner/work/key/key/key.core/build/resources/main/de/uka/ilkd/key/proof/rules/instanceAllocation.key:81:15
	at de.uka.ilkd.key.nparser.builder.AbstractBuilder.accept(AbstractBuilder.java:54)
Caused by: de.uka.ilkd.key.java.JavaBuildingExceptions: JavaBuildingIssue{node=PrintStream.$allocate()range=Optional.empty, message='Unsupported element detected given by Java Parser: MethodCallExpr. Please extend the KeY-Java-Hierarchy'}
	at de.uka.ilkd.key.java.JP2KeYVisitor.reportError(JP2KeYConverter.java:119)

142880     ERROR Test worker     d.u.i.k.n.b.AbstractBuilder  de.uka.ilkd.key.java.JavaBuildingExceptions: JavaBuildingIssue{node=PrintStream.$allocate()range=Optional.empty, message='Unsupported element detected given by Java Parser: MethodCallExpr. Please extend the KeY-Java-Hierarchy'}
	at de.uka.ilkd.key.java.JP2KeYVisitor.reportError(JP2KeYConverter.java:119)

142880     ERROR Test worker     d.u.i.k.n.b.TacletPBuilder Error in parsing taclet. de.uka.ilkd.key.util.parsing.BuildingException: JavaBuildingIssue{node=PrintStream.$allocate()range=Optional.empty, message='Unsupported element detected given by Java Parser: MethodCallExpr. Please extend the KeY-Java-Hierarchy'} at file:/home/runner/work/key/key/key.core/build/resources/main/de/uka/ilkd/key/proof/rules/instanceAllocation.key:95:20
	at de.uka.ilkd.key.nparser.builder.AbstractBuilder.accept(AbstractBuilder.java:54)
Caused by: de.uka.ilkd.key.java.JavaBuildingExceptions: JavaBuildingIssue{node=PrintStream.$allocate()range=Optional.empty, message='Unsupported element detected given by Java Parser: MethodCallExpr. Please extend the KeY-Java-Hierarchy'}
	at de.uka.ilkd.key.java.JP2KeYVisitor.reportError(JP2KeYConverter.java:119)

143134     ERROR Test worker     d.u.i.k.n.b.AbstractBuilder  de.uka.ilkd.key.java.JavaBuildingExceptions: JavaBuildingIssue{node=PrintStream.$allocate()range=Optional.empty, message='Unsupported element detected given by Java Parser: MethodCallExpr. Please extend the KeY-Java-Hierarchy'}
	at de.uka.ilkd.key.java.JP2KeYVisitor.reportError(JP2KeYConverter.java:119)

143134     ERROR Test worker     d.u.i.k.n.b.TacletPBuilder Error in parsing taclet. de.uka.ilkd.key.util.parsing.BuildingException: JavaBuildingIssue{node=PrintStream.$allocate()range=Optional.empty, message='Unsupported element detected given by Java Parser: MethodCallExpr. Please extend the KeY-Java-Hierarchy'} at file:/home/runner/work/key/key/key.core/build/resources/main/de/uka/ilkd/key/proof/rules/instanceAllocation.key:112:20
	at de.uka.ilkd.key.nparser.builder.AbstractBuilder.accept(AbstractBuilder.java:54)
Caused by: de.uka.ilkd.key.java.JavaBuildingExceptions: JavaBuildingIssue{node=PrintStream.$allocate()range=Optional.empty, message='Unsupported element detected given by Java Parser: MethodCallExpr. Please extend the KeY-Java-Hierarchy'}
	at de.uka.ilkd.key.java.JP2KeYVisitor.reportError(JP2KeYConverter.java:119)

143393     ERROR Test worker     d.u.i.k.n.b.AbstractBuilder  de.uka.ilkd.key.java.JavaBuildingExceptions: JavaBuildingIssue{node=PrintStream.$allocate()range=Optional.empty, message='Unsupported element detected given by Java Parser: MethodCallExpr. Please extend the KeY-Java-Hierarchy'}
	at de.uka.ilkd.key.java.JP2KeYVisitor.reportError(JP2KeYConverter.java:119)

143394     ERROR Test worker     d.u.i.k.n.b.TacletPBuilder Error in parsing taclet. de.uka.ilkd.key.util.parsing.BuildingException: JavaBuildingIssue{node=PrintStream.$allocate()range=Optional.empty, message='Unsupported element detected given by Java Parser: MethodCallExpr. Please extend the KeY-Java-Hierarchy'} at file:/home/runner/work/key/key/key.core/build/resources/main/de/uka/ilkd/key/proof/rules/instanceAllocation.key:135:20
	at de.uka.ilkd.key.nparser.builder.AbstractBuilder.accept(AbstractBuilder.java:54)
Caused by: de.uka.ilkd.key.java.JavaBuildingExceptions: JavaBuildingIssue{node=PrintStream.$allocate()range=Optional.empty, message='Unsupported element detected given by Java Parser: MethodCallExpr. Please extend the KeY-Java-Hierarchy'}
	at de.uka.ilkd.key.java.JP2KeYVisitor.reportError(JP2KeYConverter.java:119)

143653     ERROR Test worker     d.u.i.k.n.b.AbstractBuilder  de.uka.ilkd.key.java.JavaBuildingExceptions: JavaBuildingIssue{node=PrintStream.$allocate()range=Optional.empty, message='Unsupported element detected given by Java Parser: MethodCallExpr. Please extend the KeY-Java-Hierarchy'}
	at de.uka.ilkd.key.java.JP2KeYVisitor.reportError(JP2KeYConverter.java:119)

143653     ERROR Test worker     d.u.i.k.n.b.TacletPBuilder Error in parsing taclet. de.uka.ilkd.key.util.parsing.BuildingException: JavaBuildingIssue{node=PrintStream.$allocate()range=Optional.empty, message='Unsupported element detected given by Java Parser: MethodCallExpr. Please extend the KeY-Java-Hierarchy'} at file:/home/runner/work/key/key/key.core/build/resources/main/de/uka/ilkd/key/proof/rules/instanceAllocation.key:147:20
	at de.uka.ilkd.key.nparser.builder.AbstractBuilder.accept(AbstractBuilder.java:54)
Caused by: de.uka.ilkd.key.java.JavaBuildingExceptions: JavaBuildingIssue{node=PrintStream.$allocate()range=Optional.empty, message='Unsupported element detected given by Java Parser: MethodCallExpr. Please extend the KeY-Java-Hierarchy'}
	at de.uka.ilkd.key.java.JP2KeYVisitor.reportError(JP2KeYConverter.java:119)

143906     ERROR Test worker     d.u.i.k.n.b.AbstractBuilder  de.uka.ilkd.key.java.JavaBuildingExceptions: JavaBuildingIssue{node=PrintStream.$allocate()range=Optional.empty, message='Unsupported element detected given by Java Parser: MethodCallExpr. Please extend the KeY-Java-Hierarchy'}
	at de.uka.ilkd.key.java.JP2KeYVisitor.reportError(JP2KeYConverter.java:119)

143906     ERROR Test worker     d.u.i.k.n.b.TacletPBuilder Error in parsing taclet. de.uka.ilkd.key.util.parsing.BuildingException: JavaBuildingIssue{node=PrintStream.$allocate()range=Optional.empty, message='Unsupported element detected given by Java Parser: MethodCallExpr. Please extend the KeY-Java-Hierarchy'} at file:/home/runner/work/key/key/key.core/build/resources/main/de/uka/ilkd/key/proof/rules/instanceAllocation.key:168:15
	at de.uka.ilkd.key.nparser.builder.AbstractBuilder.accept(AbstractBuilder.java:54)
Caused by: de.uka.ilkd.key.java.JavaBuildingExceptions: JavaBuildingIssue{node=PrintStream.$allocate()range=Optional.empty, message='Unsupported element detected given by Java Parser: MethodCallExpr. Please extend the KeY-Java-Hierarchy'}
	at de.uka.ilkd.key.java.JP2KeYVisitor.reportError(JP2KeYConverter.java:119)

144161     ERROR Test worker     d.u.i.k.n.b.AbstractBuilder  de.uka.ilkd.key.java.JavaBuildingExceptions: JavaBuildingIssue{node=PrintStream.$allocate()range=Optional.empty, message='Unsupported element detected given by Java Parser: MethodCallExpr. Please extend the KeY-Java-Hierarchy'}
	at de.uka.ilkd.key.java.JP2KeYVisitor.reportError(JP2KeYConverter.java:119)

144161     ERROR Test worker     d.u.i.k.n.b.TacletPBuilder Error in parsing taclet. de.uka.ilkd.key.util.parsing.BuildingException: JavaBuildingIssue{node=PrintStream.$allocate()range=Optional.empty, message='Unsupported element detected given by Java Parser: MethodCallExpr. Please extend the KeY-Java-Hierarchy'} at file:/home/runner/work/key/key/key.core/build/resources/main/de/uka/ilkd/key/proof/rules/instanceAllocation.key:180:15
	at de.uka.ilkd.key.nparser.builder.AbstractBuilder.accept(AbstractBuilder.java:54)
Caused by: de.uka.ilkd.key.java.JavaBuildingExceptions: JavaBuildingIssue{node=PrintStream.$allocate()range=Optional.empty, message='Unsupported element detected given by Java Parser: MethodCallExpr. Please extend the KeY-Java-Hierarchy'}
	at de.uka.ilkd.key.java.JP2KeYVisitor.reportError(JP2KeYConverter.java:119)

144416     ERROR Test worker     d.u.i.k.n.b.AbstractBuilder  de.uka.ilkd.key.java.JavaBuildingExceptions: JavaBuildingIssue{node=PrintStream.$allocate()range=Optional.empty, message='Unsupported element detected given by Java Parser: MethodCallExpr. Please extend the KeY-Java-Hierarchy'}
	at de.uka.ilkd.key.java.JP2KeYVisitor.reportError(JP2KeYConverter.java:119)

144416     ERROR Test worker     d.u.i.k.n.b.TacletPBuilder Error in parsing taclet. de.uka.ilkd.key.util.parsing.BuildingException: JavaBuildingIssue{node=PrintStream.$allocate()range=Optional.empty, message='Unsupported element detected given by Java Parser: MethodCallExpr. Please extend the KeY-Java-Hierarchy'} at file:/home/runner/work/key/key/key.core/build/resources/main/de/uka/ilkd/key/proof/rules/instanceAllocation.key:190:15
	at de.uka.ilkd.key.nparser.builder.AbstractBuilder.accept(AbstractBuilder.java:54)
Caused by: de.uka.ilkd.key.java.JavaBuildingExceptions: JavaBuildingIssue{node=PrintStream.$allocate()range=Optional.empty, message='Unsupported element detected given by Java Parser: MethodCallExpr. Please extend the KeY-Java-Hierarchy'}
	at de.uka.ilkd.key.java.JP2KeYVisitor.reportError(JP2KeYConverter.java:119)

144687     ERROR Test worker     d.u.i.k.n.b.AbstractBuilder  de.uka.ilkd.key.java.JavaBuildingExceptions: JavaBuildingIssue{node=PrintStream.$allocate()range=Optional.empty, message='Unsupported element detected given by Java Parser: MethodCallExpr. Please extend the KeY-Java-Hierarchy'}
	at de.uka.ilkd.key.java.JP2KeYVisitor.reportError(JP2KeYConverter.java:119)

144688     ERROR Test worker     d.u.i.k.n.b.TacletPBuilder Error in parsing taclet. de.uka.ilkd.key.util.parsing.BuildingException: JavaBuildingIssue{node=PrintStream.$allocate()range=Optional.empty, message='Unsupported element detected given by Java Parser: MethodCallExpr. Please extend the KeY-Java-Hierarchy'} at file:/home/runner/work/key/key/key.core/build/resources/main/de/uka/ilkd/key/proof/rules/java5.key:49:15
	at de.uka.ilkd.key.nparser.builder.AbstractBuilder.accept(AbstractBuilder.java:54)
Caused by: de.uka.ilkd.key.java.JavaBuildingExceptions: JavaBuildingIssue{node=PrintStream.$allocate()range=Optional.empty, message='Unsupported element detected given by Java Parser: MethodCallExpr. Please extend the KeY-Java-Hierarchy'}
	at de.uka.ilkd.key.java.JP2KeYVisitor.reportError(JP2KeYConverter.java:119)

144971     ERROR Test worker     d.u.i.k.n.b.AbstractBuilder  de.uka.ilkd.key.java.JavaBuildingExceptions: JavaBuildingIssue{node=PrintStream.$allocate()range=Optional.empty, message='Unsupported element detected given by Java Parser: MethodCallExpr. Please extend the KeY-Java-Hierarchy'}
	at de.uka.ilkd.key.java.JP2KeYVisitor.reportError(JP2KeYConverter.java:119)

144972     ERROR Test worker     d.u.i.k.n.b.TacletPBuilder Error in parsing taclet. de.uka.ilkd.key.util.parsing.BuildingException: JavaBuildingIssue{node=PrintStream.$allocate()range=Optional.empty, message='Unsupported element detected given by Java Parser: MethodCallExpr. Please extend the KeY-Java-Hierarchy'} at file:/home/runner/work/key/key/key.core/build/resources/main/de/uka/ilkd/key/proof/rules/integerAssignment2UpdateRules.key:38:15
	at de.uka.ilkd.key.nparser.builder.AbstractBuilder.accept(AbstractBuilder.java:54)
Caused by: de.uka.ilkd.key.java.JavaBuildingExceptions: JavaBuildingIssue{node=PrintStream.$allocate()range=Optional.empty, message='Unsupported element detected given by Java Parser: MethodCallExpr. Please extend the KeY-Java-Hierarchy'}
	at de.uka.ilkd.key.java.JP2KeYVisitor.reportError(JP2KeYConverter.java:119)

145242     ERROR Test worker     d.u.i.k.n.b.AbstractBuilder  de.uka.ilkd.key.java.JavaBuildingExceptions: JavaBuildingIssue{node=PrintStream.$allocate()range=Optional.empty, message='Unsupported element detected given by Java Parser: MethodCallExpr. Please extend the KeY-Java-Hierarchy'}
	at de.uka.ilkd.key.java.JP2KeYVisitor.reportError(JP2KeYConverter.java:119)

145242     ERROR Test worker     d.u.i.k.n.b.TacletPBuilder Error in parsing taclet. de.uka.ilkd.key.util.parsing.BuildingException: JavaBuildingIssue{node=PrintStream.$allocate()range=Optional.empty, message='Unsupported element detected given by Java Parser: MethodCallExpr. Please extend the KeY-Java-Hierarchy'} at file:/home/runner/work/key/key/key.core/build/resources/main/de/uka/ilkd/key/proof/rules/integerAssignment2UpdateRules.key:52:15
	at de.uka.ilkd.key.nparser.builder.AbstractBuilder.accept(AbstractBuilder.java:54)
Caused by: de.uka.ilkd.key.java.JavaBuildingExceptions: JavaBuildingIssue{node=PrintStream.$allocate()range=Optional.empty, message='Unsupported element detected given by Java Parser: MethodCallExpr. Please extend the KeY-Java-Hierarchy'}
	at de.uka.ilkd.key.java.JP2KeYVisitor.reportError(JP2KeYConverter.java:119)

145504     ERROR Test worker     d.u.i.k.n.b.AbstractBuilder  de.uka.ilkd.key.java.JavaBuildingExceptions: JavaBuildingIssue{node=PrintStream.$allocate()range=Optional.empty, message='Unsupported element detected given by Java Parser: MethodCallExpr. Please extend the KeY-Java-Hierarchy'}
	at de.uka.ilkd.key.java.JP2KeYVisitor.reportError(JP2KeYConverter.java:119)

145505     ERROR Test worker     d.u.i.k.n.b.TacletPBuilder Error in parsing taclet. de.uka.ilkd.key.util.parsing.BuildingException: JavaBuildingIssue{node=PrintStream.$allocate()range=Optional.empty, message='Unsupported element detected given by Java Parser: MethodCallExpr. Please extend the KeY-Java-Hierarchy'} at file:/home/runner/work/key/key/key.core/build/resources/main/de/uka/ilkd/key/proof/rules/integerAssignment2UpdateRules.key:66:15
	at de.uka.ilkd.key.nparser.builder.AbstractBuilder.accept(AbstractBuilder.java:54)
Caused by: de.uka.ilkd.key.java.JavaBuildingExceptions: JavaBuildingIssue{node=PrintStream.$allocate()range=Optional.empty, message='Unsupported element detected given by Java Parser: MethodCallExpr. Please extend the KeY-Java-Hierarchy'}
	at de.uka.ilkd.key.java.JP2KeYVisitor.reportError(JP2KeYConverter.java:119)

145773     ERROR Test worker     d.u.i.k.n.b.AbstractBuilder  de.uka.ilkd.key.java.JavaBuildingExceptions: JavaBuildingIssue{node=PrintStream.$allocate()range=Optional.empty, message='Unsupported element detected given by Java Parser: MethodCallExpr. Please extend the KeY-Java-Hierarchy'}
	at de.uka.ilkd.key.java.JP2KeYVisitor.reportError(JP2KeYConverter.java:119)

145774     ERROR Test worker     d.u.i.k.n.b.TacletPBuilder Error in parsing taclet. de.uka.ilkd.key.util.parsing.BuildingException: JavaBuildingIssue{node=PrintStream.$allocate()range=Optional.empty, message='Unsupported element detected given by Java Parser: MethodCallExpr. Please extend the KeY-Java-Hierarchy'} at file:/home/runner/work/key/key/key.core/build/resources/main/de/uka/ilkd/key/proof/rules/integerAssignment2UpdateRules.key:80:15
	at de.uka.ilkd.key.nparser.builder.AbstractBuilder.accept(AbstractBuilder.java:54)
Caused by: de.uka.ilkd.key.java.JavaBuildingExceptions: JavaBuildingIssue{node=PrintStream.$allocate()range=Optional.empty, message='Unsupported element detected given by Java Parser: MethodCallExpr. Please extend the KeY-Java-Hierarchy'}
	at de.uka.ilkd.key.java.JP2KeYVisitor.reportError(JP2KeYConverter.java:119)

146036     ERROR Test worker     d.u.i.k.n.b.AbstractBuilder  de.uka.ilkd.key.java.JavaBuildingExceptions: JavaBuildingIssue{node=PrintStream.$allocate()range=Optional.empty, message='Unsupported element detected given by Java Parser: MethodCallExpr. Please extend the KeY-Java-Hierarchy'}
	at de.uka.ilkd.key.java.JP2KeYVisitor.reportError(JP2KeYConverter.java:119)

146036     ERROR Test worker     d.u.i.k.n.b.TacletPBuilder Error in parsing taclet. de.uka.ilkd.key.util.parsing.BuildingException: JavaBuildingIssue{node=PrintStream.$allocate()range=Optional.empty, message='Unsupported element detected given by Java Parser: MethodCallExpr. Please extend the KeY-Java-Hierarchy'} at file:/home/runner/work/key/key/key.core/build/resources/main/de/uka/ilkd/key/proof/rules/integerAssignment2UpdateRules.key:100:20
	at de.uka.ilkd.key.nparser.builder.AbstractBuilder.accept(AbstractBuilder.java:54)
Caused by: de.uka.ilkd.key.java.JavaBuildingExceptions: JavaBuildingIssue{node=PrintStream.$allocate()range=Optional.empty, message='Unsupported element detected given by Java Parser: MethodCallExpr. Please extend the KeY-Java-Hierarchy'}
	at de.uka.ilkd.key.java.JP2KeYVisitor.reportError(JP2KeYConverter.java:119)

146295     ERROR Test worker     d.u.i.k.n.b.AbstractBuilder  de.uka.ilkd.key.java.JavaBuildingExceptions: JavaBuildingIssue{node=PrintStream.$allocate()range=Optional.empty, message='Unsupported element detected given by Java Parser: MethodCallExpr. Please extend the KeY-Java-Hierarchy'}
	at de.uka.ilkd.key.java.JP2KeYVisitor.reportError(JP2KeYConverter.java:119)

146295     ERROR Test worker     d.u.i.k.n.b.TacletPBuilder Error in parsing taclet. de.uka.ilkd.key.util.parsing.BuildingException: JavaBuildingIssue{node=PrintStream.$allocate()range=Optional.empty, message='Unsupported element detected given by Java Parser: MethodCallExpr. Please extend the KeY-Java-Hierarchy'} at file:/home/runner/work/key/key/key.core/build/resources/main/de/uka/ilkd/key/proof/rules/integerAssignment2UpdateRules.key:112:20
	at de.uka.ilkd.key.nparser.builder.AbstractBuilder.accept(AbstractBuilder.java:54)
Caused by: de.uka.ilkd.key.java.JavaBuildingExceptions: JavaBuildingIssue{node=PrintStream.$allocate()range=Optional.empty, message='Unsupported element detected given by Java Parser: MethodCallExpr. Please extend the KeY-Java-Hierarchy'}
	at de.uka.ilkd.key.java.JP2KeYVisitor.reportError(JP2KeYConverter.java:119)

146550     ERROR Test worker     d.u.i.k.n.b.AbstractBuilder  de.uka.ilkd.key.java.JavaBuildingExceptions: JavaBuildingIssue{node=PrintStream.$allocate()range=Optional.empty, message='Unsupported element detected given by Java Parser: MethodCallExpr. Please extend the KeY-Java-Hierarchy'}
	at de.uka.ilkd.key.java.JP2KeYVisitor.reportError(JP2KeYConverter.java:119)

146550     ERROR Test worker     d.u.i.k.n.b.TacletPBuilder Error in parsing taclet. de.uka.ilkd.key.util.parsing.BuildingException: JavaBuildingIssue{node=PrintStream.$allocate()range=Optional.empty, message='Unsupported element detected given by Java Parser: MethodCallExpr. Please extend the KeY-Java-Hierarchy'} at file:/home/runner/work/key/key/key.core/build/resources/main/de/uka/ilkd/key/proof/rules/integerAssignment2UpdateRules.key:124:20
	at de.uka.ilkd.key.nparser.builder.AbstractBuilder.accept(AbstractBuilder.java:54)
Caused by: de.uka.ilkd.key.java.JavaBuildingExceptions: JavaBuildingIssue{node=PrintStream.$allocate()range=Optional.empty, message='Unsupported element detected given by Java Parser: MethodCallExpr. Please extend the KeY-Java-Hierarchy'}
	at de.uka.ilkd.key.java.JP2KeYVisitor.reportError(JP2KeYConverter.java:119)

146815     ERROR Test worker     d.u.i.k.n.b.AbstractBuilder  de.uka.ilkd.key.java.JavaBuildingExceptions: JavaBuildingIssue{node=PrintStream.$allocate()range=Optional.empty, message='Unsupported element detected given by Java Parser: MethodCallExpr. Please extend the KeY-Java-Hierarchy'}
	at de.uka.ilkd.key.java.JP2KeYVisitor.reportError(JP2KeYConverter.java:119)

146815     ERROR Test worker     d.u.i.k.n.b.TacletPBuilder Error in parsing taclet. de.uka.ilkd.key.util.parsing.BuildingException: JavaBuildingIssue{node=PrintStream.$allocate()range=Optional.empty, message='Unsupported element detected given by Java Parser: MethodCallExpr. Please extend the KeY-Java-Hierarchy'} at file:/home/runner/work/key/key/key.core/build/resources/main/de/uka/ilkd/key/proof/rules/integerAssignment2UpdateRules.key:140:20
	at de.uka.ilkd.key.nparser.builder.AbstractBuilder.accept(AbstractBuilder.java:54)
Caused by: de.uka.ilkd.key.java.JavaBuildingExceptions: JavaBuildingIssue{node=PrintStream.$allocate()range=Optional.empty, message='Unsupported element detected given by Java Parser: MethodCallExpr. Please extend the KeY-Java-Hierarchy'}
	at de.uka.ilkd.key.java.JP2KeYVisitor.reportError(JP2KeYConverter.java:119)

147070     ERROR Test worker     d.u.i.k.n.b.AbstractBuilder  de.uka.ilkd.key.java.JavaBuildingExceptions: JavaBuildingIssue{node=PrintStream.$allocate()range=Optional.empty, message='Unsupported element detected given by Java Parser: MethodCallExpr. Please extend the KeY-Java-Hierarchy'}
	at de.uka.ilkd.key.java.JP2KeYVisitor.reportError(JP2KeYConverter.java:119)

147070     ERROR Test worker     d.u.i.k.n.b.TacletPBuilder Error in parsing taclet. de.uka.ilkd.key.util.parsing.BuildingException: JavaBuildingIssue{node=PrintStream.$allocate()range=Optional.empty, message='Unsupported element detected given by Java Parser: MethodCallExpr. Please extend the KeY-Java-Hierarchy'} at file:/home/runner/work/key/key/key.core/build/resources/main/de/uka/ilkd/key/proof/rules/integerAssignment2UpdateRules.key:157:15
	at de.uka.ilkd.key.nparser.builder.AbstractBuilder.accept(AbstractBuilder.java:54)
Caused by: de.uka.ilkd.key.java.JavaBuildingExceptions: JavaBuildingIssue{node=PrintStream.$allocate()range=Optional.empty, message='Unsupported element detected given by Java Parser: MethodCallExpr. Please extend the KeY-Java-Hierarchy'}
	at de.uka.ilkd.key.java.JP2KeYVisitor.reportError(JP2KeYConverter.java:119)

147322     ERROR Test worker     d.u.i.k.n.b.AbstractBuilder  de.uka.ilkd.key.java.JavaBuildingExceptions: JavaBuildingIssue{node=PrintStream.$allocate()range=Optional.empty, message='Unsupported element detected given by Java Parser: MethodCallExpr. Please extend the KeY-Java-Hierarchy'}
	at de.uka.ilkd.key.java.JP2KeYVisitor.reportError(JP2KeYConverter.java:119)

147322     ERROR Test worker     d.u.i.k.n.b.TacletPBuilder Error in parsing taclet. de.uka.ilkd.key.util.parsing.BuildingException: JavaBuildingIssue{node=PrintStream.$allocate()range=Optional.empty, message='Unsupported element detected given by Java Parser: MethodCallExpr. Please extend the KeY-Java-Hierarchy'} at file:/home/runner/work/key/key/key.core/build/resources/main/de/uka/ilkd/key/proof/rules/integerAssignment2UpdateRules.key:168:15
	at de.uka.ilkd.key.nparser.builder.AbstractBuilder.accept(AbstractBuilder.java:54)
Caused by: de.uka.ilkd.key.java.JavaBuildingExceptions: JavaBuildingIssue{node=PrintStream.$allocate()range=Optional.empty, message='Unsupported element detected given by Java Parser: MethodCallExpr. Please extend the KeY-Java-Hierarchy'}
	at de.uka.ilkd.key.java.JP2KeYVisitor.reportError(JP2KeYConverter.java:119)

147580     ERROR Test worker     d.u.i.k.n.b.AbstractBuilder  de.uka.ilkd.key.java.JavaBuildingExceptions: JavaBuildingIssue{node=PrintStream.$allocate()range=Optional.empty, message='Unsupported element detected given by Java Parser: MethodCallExpr. Please extend the KeY-Java-Hierarchy'}
	at de.uka.ilkd.key.java.JP2KeYVisitor.reportError(JP2KeYConverter.java:119)

147580     ERROR Test worker     d.u.i.k.n.b.TacletPBuilder Error in parsing taclet. de.uka.ilkd.key.util.parsing.BuildingException: JavaBuildingIssue{node=PrintStream.$allocate()range=Optional.empty, message='Unsupported element detected given by Java Parser: MethodCallExpr. Please extend the KeY-Java-Hierarchy'} at file:/home/runner/work/key/key/key.core/build/resources/main/de/uka/ilkd/key/proof/rules/integerAssignment2UpdateRules.key:179:15
	at de.uka.ilkd.key.nparser.builder.AbstractBuilder.accept(AbstractBuilder.java:54)
Caused by: de.uka.ilkd.key.java.JavaBuildingExceptions: JavaBuildingIssue{node=PrintStream.$allocate()range=Optional.empty, message='Unsupported element detected given by Java Parser: MethodCallExpr. Please extend the KeY-Java-Hierarchy'}
	at de.uka.ilkd.key.java.JP2KeYVisitor.reportError(JP2KeYConverter.java:119)

147832     ERROR Test worker     d.u.i.k.n.b.AbstractBuilder  de.uka.ilkd.key.java.JavaBuildingExceptions: JavaBuildingIssue{node=PrintStream.$allocate()range=Optional.empty, message='Unsupported element detected given by Java Parser: MethodCallExpr. Please extend the KeY-Java-Hierarchy'}
	at de.uka.ilkd.key.java.JP2KeYVisitor.reportError(JP2KeYConverter.java:119)

147832     ERROR Test worker     d.u.i.k.n.b.TacletPBuilder Error in parsing taclet. de.uka.ilkd.key.util.parsing.BuildingException: JavaBuildingIssue{node=PrintStream.$allocate()range=Optional.empty, message='Unsupported element detected given by Java Parser: MethodCallExpr. Please extend the KeY-Java-Hierarchy'} at file:/home/runner/work/key/key/key.core/build/resources/main/de/uka/ilkd/key/proof/rules/integerAssignment2UpdateRules.key:194:15
	at de.uka.ilkd.key.nparser.builder.AbstractBuilder.accept(AbstractBuilder.java:54)
Caused by: de.uka.ilkd.key.java.JavaBuildingExceptions: JavaBuildingIssue{node=PrintStream.$allocate()range=Optional.empty, message='Unsupported element detected given by Java Parser: MethodCallExpr. Please extend the KeY-Java-Hierarchy'}
	at de.uka.ilkd.key.java.JP2KeYVisitor.reportError(JP2KeYConverter.java:119)

148088     ERROR Test worker     d.u.i.k.n.b.AbstractBuilder  de.uka.ilkd.key.java.JavaBuildingExceptions: JavaBuildingIssue{node=PrintStream.$allocate()range=Optional.empty, message='Unsupported element detected given by Java Parser: MethodCallExpr. Please extend the KeY-Java-Hierarchy'}
	at de.uka.ilkd.key.java.JP2KeYVisitor.reportError(JP2KeYConverter.java:119)

148088     ERROR Test worker     d.u.i.k.n.b.TacletPBuilder Error in parsing taclet. de.uka.ilkd.key.util.parsing.BuildingException: JavaBuildingIssue{node=PrintStream.$allocate()range=Optional.empty, message='Unsupported element detected given by Java Parser: MethodCallExpr. Please extend the KeY-Java-Hierarchy'} at file:/home/runner/work/key/key/key.core/build/resources/main/de/uka/ilkd/key/proof/rules/integerAssignment2UpdateRules.key:210:15
	at de.uka.ilkd.key.nparser.builder.AbstractBuilder.accept(AbstractBuilder.java:54)
Caused by: de.uka.ilkd.key.java.JavaBuildingExceptions: JavaBuildingIssue{node=PrintStream.$allocate()range=Optional.empty, message='Unsupported element detected given by Java Parser: MethodCallExpr. Please extend the KeY-Java-Hierarchy'}
	at de.uka.ilkd.key.java.JP2KeYVisitor.reportError(JP2KeYConverter.java:119)

148339     ERROR Test worker     d.u.i.k.n.b.AbstractBuilder  de.uka.ilkd.key.java.JavaBuildingExceptions: JavaBuildingIssue{node=PrintStream.$allocate()range=Optional.empty, message='Unsupported element detected given by Java Parser: MethodCallExpr. Please extend the KeY-Java-Hierarchy'}
	at de.uka.ilkd.key.java.JP2KeYVisitor.reportError(JP2KeYConverter.java:119)

148339     ERROR Test worker     d.u.i.k.n.b.TacletPBuilder Error in parsing taclet. de.uka.ilkd.key.util.parsing.BuildingException: JavaBuildingIssue{node=PrintStream.$allocate()range=Optional.empty, message='Unsupported element detected given by Java Parser: MethodCallExpr. Please extend the KeY-Java-Hierarchy'} at file:/home/runner/work/key/key/key.core/build/resources/main/de/uka/ilkd/key/proof/rules/integerAssignment2UpdateRules.key:224:15
	at de.uka.ilkd.key.nparser.builder.AbstractBuilder.accept(AbstractBuilder.java:54)
Caused by: de.uka.ilkd.key.java.JavaBuildingExceptions: JavaBuildingIssue{node=PrintStream.$allocate()range=Optional.empty, message='Unsupported element detected given by Java Parser: MethodCallExpr. Please extend the KeY-Java-Hierarchy'}
	at de.uka.ilkd.key.java.JP2KeYVisitor.reportError(JP2KeYConverter.java:119)

148589     ERROR Test worker     d.u.i.k.n.b.AbstractBuilder  de.uka.ilkd.key.java.JavaBuildingExceptions: JavaBuildingIssue{node=PrintStream.$allocate()range=Optional.empty, message='Unsupported element detected given by Java Parser: MethodCallExpr. Please extend the KeY-Java-Hierarchy'}
	at de.uka.ilkd.key.java.JP2KeYVisitor.reportError(JP2KeYConverter.java:119)

148589     ERROR Test worker     d.u.i.k.n.b.TacletPBuilder Error in parsing taclet. de.uka.ilkd.key.util.parsing.BuildingException: JavaBuildingIssue{node=PrintStream.$allocate()range=Optional.empty, message='Unsupported element detected given by Java Parser: MethodCallExpr. Please extend the KeY-Java-Hierarchy'} at file:/home/runner/work/key/key/key.core/build/resources/main/de/uka/ilkd/key/proof/rules/integerAssignment2UpdateRules.key:238:15
	at de.uka.ilkd.key.nparser.builder.AbstractBuilder.accept(AbstractBuilder.java:54)
Caused by: de.uka.ilkd.key.java.JavaBuildingExceptions: JavaBuildingIssue{node=PrintStream.$allocate()range=Optional.empty, message='Unsupported element detected given by Java Parser: MethodCallExpr. Please extend the KeY-Java-Hierarchy'}
	at de.uka.ilkd.key.java.JP2KeYVisitor.reportError(JP2KeYConverter.java:119)

148842     ERROR Test worker     d.u.i.k.n.b.AbstractBuilder  de.uka.ilkd.key.java.JavaBuildingExceptions: JavaBuildingIssue{node=PrintStream.$allocate()range=Optional.empty, message='Unsupported element detected given by Java Parser: MethodCallExpr. Please extend the KeY-Java-Hierarchy'}
	at de.uka.ilkd.key.java.JP2KeYVisitor.reportError(JP2KeYConverter.java:119)

148842     ERROR Test worker     d.u.i.k.n.b.TacletPBuilder Error in parsing taclet. de.uka.ilkd.key.util.parsing.BuildingException: JavaBuildingIssue{node=PrintStream.$allocate()range=Optional.empty, message='Unsupported element detected given by Java Parser: MethodCallExpr. Please extend the KeY-Java-Hierarchy'} at file:/home/runner/work/key/key/key.core/build/resources/main/de/uka/ilkd/key/proof/rules/integerAssignment2UpdateRules.key:256:15
	at de.uka.ilkd.key.nparser.builder.AbstractBuilder.accept(AbstractBuilder.java:54)
Caused by: de.uka.ilkd.key.java.JavaBuildingExceptions: JavaBuildingIssue{node=PrintStream.$allocate()range=Optional.empty, message='Unsupported element detected given by Java Parser: MethodCallExpr. Please extend the KeY-Java-Hierarchy'}
	at de.uka.ilkd.key.java.JP2KeYVisitor.reportError(JP2KeYConverter.java:119)

149092     ERROR Test worker     d.u.i.k.n.b.AbstractBuilder  de.uka.ilkd.key.java.JavaBuildingExceptions: JavaBuildingIssue{node=PrintStream.$allocate()range=Optional.empty, message='Unsupported element detected given by Java Parser: MethodCallExpr. Please extend the KeY-Java-Hierarchy'}
	at de.uka.ilkd.key.java.JP2KeYVisitor.reportError(JP2KeYConverter.java:119)

149093     ERROR Test worker     d.u.i.k.n.b.TacletPBuilder Error in parsing taclet. de.uka.ilkd.key.util.parsing.BuildingException: JavaBuildingIssue{node=PrintStream.$allocate()range=Optional.empty, message='Unsupported element detected given by Java Parser: MethodCallExpr. Please extend the KeY-Java-Hierarchy'} at file:/home/runner/work/key/key/key.core/build/resources/main/de/uka/ilkd/key/proof/rules/integerAssignment2UpdateRules.key:276:15
	at de.uka.ilkd.key.nparser.builder.AbstractBuilder.accept(AbstractBuilder.java:54)
Caused by: de.uka.ilkd.key.java.JavaBuildingExceptions: JavaBuildingIssue{node=PrintStream.$allocate()range=Optional.empty, message='Unsupported element detected given by Java Parser: MethodCallExpr. Please extend the KeY-Java-Hierarchy'}
	at de.uka.ilkd.key.java.JP2KeYVisitor.reportError(JP2KeYConverter.java:119)

149346     ERROR Test worker     d.u.i.k.n.b.AbstractBuilder  de.uka.ilkd.key.java.JavaBuildingExceptions: JavaBuildingIssue{node=PrintStream.$allocate()range=Optional.empty, message='Unsupported element detected given by Java Parser: MethodCallExpr. Please extend the KeY-Java-Hierarchy'}
	at de.uka.ilkd.key.java.JP2KeYVisitor.reportError(JP2KeYConverter.java:119)

149346     ERROR Test worker     d.u.i.k.n.b.TacletPBuilder Error in parsing taclet. de.uka.ilkd.key.util.parsing.BuildingException: JavaBuildingIssue{node=PrintStream.$allocate()range=Optional.empty, message='Unsupported element detected given by Java Parser: MethodCallExpr. Please extend the KeY-Java-Hierarchy'} at file:/home/runner/work/key/key/key.core/build/resources/main/de/uka/ilkd/key/proof/rules/integerAssignment2UpdateRules.key:290:15
	at de.uka.ilkd.key.nparser.builder.AbstractBuilder.accept(AbstractBuilder.java:54)
Caused by: de.uka.ilkd.key.java.JavaBuildingExceptions: JavaBuildingIssue{node=PrintStream.$allocate()range=Optional.empty, message='Unsupported element detected given by Java Parser: MethodCallExpr. Please extend the KeY-Java-Hierarchy'}
	at de.uka.ilkd.key.java.JP2KeYVisitor.reportError(JP2KeYConverter.java:119)

149597     ERROR Test worker     d.u.i.k.n.b.AbstractBuilder  de.uka.ilkd.key.java.JavaBuildingExceptions: JavaBuildingIssue{node=PrintStream.$allocate()range=Optional.empty, message='Unsupported element detected given by Java Parser: MethodCallExpr. Please extend the KeY-Java-Hierarchy'}
	at de.uka.ilkd.key.java.JP2KeYVisitor.reportError(JP2KeYConverter.java:119)

149597     ERROR Test worker     d.u.i.k.n.b.TacletPBuilder Error in parsing taclet. de.uka.ilkd.key.util.parsing.BuildingException: JavaBuildingIssue{node=PrintStream.$allocate()range=Optional.empty, message='Unsupported element detected given by Java Parser: MethodCallExpr. Please extend the KeY-Java-Hierarchy'} at file:/home/runner/work/key/key/key.core/build/resources/main/de/uka/ilkd/key/proof/rules/integerAssignment2UpdateRules.key:304:15
	at de.uka.ilkd.key.nparser.builder.AbstractBuilder.accept(AbstractBuilder.java:54)
Caused by: de.uka.ilkd.key.java.JavaBuildingExceptions: JavaBuildingIssue{node=PrintStream.$allocate()range=Optional.empty, message='Unsupported element detected given by Java Parser: MethodCallExpr. Please extend the KeY-Java-Hierarchy'}
	at de.uka.ilkd.key.java.JP2KeYVisitor.reportError(JP2KeYConverter.java:119)

149853     ERROR Test worker     d.u.i.k.n.b.AbstractBuilder  de.uka.ilkd.key.java.JavaBuildingExceptions: JavaBuildingIssue{node=PrintStream.$allocate()range=Optional.empty, message='Unsupported element detected given by Java Parser: MethodCallExpr. Please extend the KeY-Java-Hierarchy'}
	at de.uka.ilkd.key.java.JP2KeYVisitor.reportError(JP2KeYConverter.java:119)

149853     ERROR Test worker     d.u.i.k.n.b.TacletPBuilder Error in parsing taclet. de.uka.ilkd.key.util.parsing.BuildingException: JavaBuildingIssue{node=PrintStream.$allocate()range=Optional.empty, message='Unsupported element detected given by Java Parser: MethodCallExpr. Please extend the KeY-Java-Hierarchy'} at file:/home/runner/work/key/key/key.core/build/resources/main/de/uka/ilkd/key/proof/rules/integerAssignment2UpdateRules.key:319:15
	at de.uka.ilkd.key.nparser.builder.AbstractBuilder.accept(AbstractBuilder.java:54)
Caused by: de.uka.ilkd.key.java.JavaBuildingExceptions: JavaBuildingIssue{node=PrintStream.$allocate()range=Optional.empty, message='Unsupported element detected given by Java Parser: MethodCallExpr. Please extend the KeY-Java-Hierarchy'}
	at de.uka.ilkd.key.java.JP2KeYVisitor.reportError(JP2KeYConverter.java:119)

150105     ERROR Test worker     d.u.i.k.n.b.AbstractBuilder  de.uka.ilkd.key.java.JavaBuildingExceptions: JavaBuildingIssue{node=PrintStream.$allocate()range=Optional.empty, message='Unsupported element detected given by Java Parser: MethodCallExpr. Please extend the KeY-Java-Hierarchy'}
	at de.uka.ilkd.key.java.JP2KeYVisitor.reportError(JP2KeYConverter.java:119)

150106     ERROR Test worker     d.u.i.k.n.b.TacletPBuilder Error in parsing taclet. de.uka.ilkd.key.util.parsing.BuildingException: JavaBuildingIssue{node=PrintStream.$allocate()range=Optional.empty, message='Unsupported element detected given by Java Parser: MethodCallExpr. Please extend the KeY-Java-Hierarchy'} at file:/home/runner/work/key/key/key.core/build/resources/main/de/uka/ilkd/key/proof/rules/integerAssignment2UpdateRules.key:335:15
	at de.uka.ilkd.key.nparser.builder.AbstractBuilder.accept(AbstractBuilder.java:54)
Caused by: de.uka.ilkd.key.java.JavaBuildingExceptions: JavaBuildingIssue{node=PrintStream.$allocate()range=Optional.empty, message='Unsupported element detected given by Java Parser: MethodCallExpr. Please extend the KeY-Java-Hierarchy'}
	at de.uka.ilkd.key.java.JP2KeYVisitor.reportError(JP2KeYConverter.java:119)

150358     ERROR Test worker     d.u.i.k.n.b.AbstractBuilder  de.uka.ilkd.key.java.JavaBuildingExceptions: JavaBuildingIssue{node=PrintStream.$allocate()range=Optional.empty, message='Unsupported element detected given by Java Parser: MethodCallExpr. Please extend the KeY-Java-Hierarchy'}
	at de.uka.ilkd.key.java.JP2KeYVisitor.reportError(JP2KeYConverter.java:119)

150358     ERROR Test worker     d.u.i.k.n.b.TacletPBuilder Error in parsing taclet. de.uka.ilkd.key.util.parsing.BuildingException: JavaBuildingIssue{node=PrintStream.$allocate()range=Optional.empty, message='Unsupported element detected given by Java Parser: MethodCallExpr. Please extend the KeY-Java-Hierarchy'} at file:/home/runner/work/key/key/key.core/build/resources/main/de/uka/ilkd/key/proof/rules/integerAssignment2UpdateRules.key:350:15
	at de.uka.ilkd.key.nparser.builder.AbstractBuilder.accept(AbstractBuilder.java:54)
Caused by: de.uka.ilkd.key.java.JavaBuildingExceptions: JavaBuildingIssue{node=PrintStream.$allocate()range=Optional.empty, message='Unsupported element detected given by Java Parser: MethodCallExpr. Please extend the KeY-Java-Hierarchy'}
	at de.uka.ilkd.key.java.JP2KeYVisitor.reportError(JP2KeYConverter.java:119)

150611     ERROR Test worker     d.u.i.k.n.b.AbstractBuilder  de.uka.ilkd.key.java.JavaBuildingExceptions: JavaBuildingIssue{node=PrintStream.$allocate()range=Optional.empty, message='Unsupported element detected given by Java Parser: MethodCallExpr. Please extend the KeY-Java-Hierarchy'}
	at de.uka.ilkd.key.java.JP2KeYVisitor.reportError(JP2KeYConverter.java:119)

150611     ERROR Test worker     d.u.i.k.n.b.TacletPBuilder Error in parsing taclet. de.uka.ilkd.key.util.parsing.BuildingException: JavaBuildingIssue{node=PrintStream.$allocate()range=Optional.empty, message='Unsupported element detected given by Java Parser: MethodCallExpr. Please extend the KeY-Java-Hierarchy'} at file:/home/runner/work/key/key/key.core/build/resources/main/de/uka/ilkd/key/proof/rules/integerAssignment2UpdateRules.key:365:15
	at de.uka.ilkd.key.nparser.builder.AbstractBuilder.accept(AbstractBuilder.java:54)
Caused by: de.uka.ilkd.key.java.JavaBuildingExceptions: JavaBuildingIssue{node=PrintStream.$allocate()range=Optional.empty, message='Unsupported element detected given by Java Parser: MethodCallExpr. Please extend the KeY-Java-Hierarchy'}
	at de.uka.ilkd.key.java.JP2KeYVisitor.reportError(JP2KeYConverter.java:119)

150865     ERROR Test worker     d.u.i.k.n.b.AbstractBuilder  de.uka.ilkd.key.java.JavaBuildingExceptions: JavaBuildingIssue{node=PrintStream.$allocate()range=Optional.empty, message='Unsupported element detected given by Java Parser: MethodCallExpr. Please extend the KeY-Java-Hierarchy'}
	at de.uka.ilkd.key.java.JP2KeYVisitor.reportError(JP2KeYConverter.java:119)

150865     ERROR Test worker     d.u.i.k.n.b.TacletPBuilder Error in parsing taclet. de.uka.ilkd.key.util.parsing.BuildingException: JavaBuildingIssue{node=PrintStream.$allocate()range=Optional.empty, message='Unsupported element detected given by Java Parser: MethodCallExpr. Please extend the KeY-Java-Hierarchy'} at file:/home/runner/work/key/key/key.core/build/resources/main/de/uka/ilkd/key/proof/rules/integerAssignment2UpdateRules.key:380:15
	at de.uka.ilkd.key.nparser.builder.AbstractBuilder.accept(AbstractBuilder.java:54)
Caused by: de.uka.ilkd.key.java.JavaBuildingExceptions: JavaBuildingIssue{node=PrintStream.$allocate()range=Optional.empty, message='Unsupported element detected given by Java Parser: MethodCallExpr. Please extend the KeY-Java-Hierarchy'}
	at de.uka.ilkd.key.java.JP2KeYVisitor.reportError(JP2KeYConverter.java:119)

151120     ERROR Test worker     d.u.i.k.n.b.AbstractBuilder  de.uka.ilkd.key.java.JavaBuildingExceptions: JavaBuildingIssue{node=PrintStream.$allocate()range=Optional.empty, message='Unsupported element detected given by Java Parser: MethodCallExpr. Please extend the KeY-Java-Hierarchy'}
	at de.uka.ilkd.key.java.JP2KeYVisitor.reportError(JP2KeYConverter.java:119)

151120     ERROR Test worker     d.u.i.k.n.b.TacletPBuilder Error in parsing taclet. de.uka.ilkd.key.util.parsing.BuildingException: JavaBuildingIssue{node=PrintStream.$allocate()range=Optional.empty, message='Unsupported element detected given by Java Parser: MethodCallExpr. Please extend the KeY-Java-Hierarchy'} at file:/home/runner/work/key/key/key.core/build/resources/main/de/uka/ilkd/key/proof/rules/integerAssignment2UpdateRules.key:397:15
	at de.uka.ilkd.key.nparser.builder.AbstractBuilder.accept(AbstractBuilder.java:54)
Caused by: de.uka.ilkd.key.java.JavaBuildingExceptions: JavaBuildingIssue{node=PrintStream.$allocate()range=Optional.empty, message='Unsupported element detected given by Java Parser: MethodCallExpr. Please extend the KeY-Java-Hierarchy'}
	at de.uka.ilkd.key.java.JP2KeYVisitor.reportError(JP2KeYConverter.java:119)

151378     ERROR Test worker     d.u.i.k.n.b.AbstractBuilder  de.uka.ilkd.key.java.JavaBuildingExceptions: JavaBuildingIssue{node=PrintStream.$allocate()range=Optional.empty, message='Unsupported element detected given by Java Parser: MethodCallExpr. Please extend the KeY-Java-Hierarchy'}
	at de.uka.ilkd.key.java.JP2KeYVisitor.reportError(JP2KeYConverter.java:119)

151378     ERROR Test worker     d.u.i.k.n.b.TacletPBuilder Error in parsing taclet. de.uka.ilkd.key.util.parsing.BuildingException: JavaBuildingIssue{node=PrintStream.$allocate()range=Optional.empty, message='Unsupported element detected given by Java Parser: MethodCallExpr. Please extend the KeY-Java-Hierarchy'} at file:/home/runner/work/key/key/key.core/build/resources/main/de/uka/ilkd/key/proof/rules/integerAssignment2UpdateRules.key:408:15
	at de.uka.ilkd.key.nparser.builder.AbstractBuilder.accept(AbstractBuilder.java:54)
Caused by: de.uka.ilkd.key.java.JavaBuildingExceptions: JavaBuildingIssue{node=PrintStream.$allocate()range=Optional.empty, message='Unsupported element detected given by Java Parser: MethodCallExpr. Please extend the KeY-Java-Hierarchy'}
	at de.uka.ilkd.key.java.JP2KeYVisitor.reportError(JP2KeYConverter.java:119)

151630     ERROR Test worker     d.u.i.k.n.b.AbstractBuilder  de.uka.ilkd.key.java.JavaBuildingExceptions: JavaBuildingIssue{node=PrintStream.$allocate()range=Optional.empty, message='Unsupported element detected given by Java Parser: MethodCallExpr. Please extend the KeY-Java-Hierarchy'}
	at de.uka.ilkd.key.java.JP2KeYVisitor.reportError(JP2KeYConverter.java:119)

151631     ERROR Test worker     d.u.i.k.n.b.TacletPBuilder Error in parsing taclet. de.uka.ilkd.key.util.parsing.BuildingException: JavaBuildingIssue{node=PrintStream.$allocate()range=Optional.empty, message='Unsupported element detected given by Java Parser: MethodCallExpr. Please extend the KeY-Java-Hierarchy'} at file:/home/runner/work/key/key/key.core/build/resources/main/de/uka/ilkd/key/proof/rules/integerAssignment2UpdateRules.key:419:15
	at de.uka.ilkd.key.nparser.builder.AbstractBuilder.accept(AbstractBuilder.java:54)
Caused by: de.uka.ilkd.key.java.JavaBuildingExceptions: JavaBuildingIssue{node=PrintStream.$allocate()range=Optional.empty, message='Unsupported element detected given by Java Parser: MethodCallExpr. Please extend the KeY-Java-Hierarchy'}
	at de.uka.ilkd.key.java.JP2KeYVisitor.reportError(JP2KeYConverter.java:119)

151884     ERROR Test worker     d.u.i.k.n.b.AbstractBuilder  de.uka.ilkd.key.java.JavaBuildingExceptions: JavaBuildingIssue{node=PrintStream.$allocate()range=Optional.empty, message='Unsupported element detected given by Java Parser: MethodCallExpr. Please extend the KeY-Java-Hierarchy'}
	at de.uka.ilkd.key.java.JP2KeYVisitor.reportError(JP2KeYConverter.java:119)

151884     ERROR Test worker     d.u.i.k.n.b.TacletPBuilder Error in parsing taclet. de.uka.ilkd.key.util.parsing.BuildingException: JavaBuildingIssue{node=PrintStream.$allocate()range=Optional.empty, message='Unsupported element detected given by Java Parser: MethodCallExpr. Please extend the KeY-Java-Hierarchy'} at file:/home/runner/work/key/key/key.core/build/resources/main/de/uka/ilkd/key/proof/rules/integerAssignment2UpdateRules.key:430:15
	at de.uka.ilkd.key.nparser.builder.AbstractBuilder.accept(AbstractBuilder.java:54)
Caused by: de.uka.ilkd.key.java.JavaBuildingExceptions: JavaBuildingIssue{node=PrintStream.$allocate()range=Optional.empty, message='Unsupported element detected given by Java Parser: MethodCallExpr. Please extend the KeY-Java-Hierarchy'}
	at de.uka.ilkd.key.java.JP2KeYVisitor.reportError(JP2KeYConverter.java:119)

152139     ERROR Test worker     d.u.i.k.n.b.AbstractBuilder  de.uka.ilkd.key.java.JavaBuildingExceptions: JavaBuildingIssue{node=PrintStream.$allocate()range=Optional.empty, message='Unsupported element detected given by Java Parser: MethodCallExpr. Please extend the KeY-Java-Hierarchy'}
	at de.uka.ilkd.key.java.JP2KeYVisitor.reportError(JP2KeYConverter.java:119)

152139     ERROR Test worker     d.u.i.k.n.b.TacletPBuilder Error in parsing taclet. de.uka.ilkd.key.util.parsing.BuildingException: JavaBuildingIssue{node=PrintStream.$allocate()range=Optional.empty, message='Unsupported element detected given by Java Parser: MethodCallExpr. Please extend the KeY-Java-Hierarchy'} at file:/home/runner/work/key/key/key.core/build/resources/main/de/uka/ilkd/key/proof/rules/integerAssignment2UpdateRules.key:443:15
	at de.uka.ilkd.key.nparser.builder.AbstractBuilder.accept(AbstractBuilder.java:54)
Caused by: de.uka.ilkd.key.java.JavaBuildingExceptions: JavaBuildingIssue{node=PrintStream.$allocate()range=Optional.empty, message='Unsupported element detected given by Java Parser: MethodCallExpr. Please extend the KeY-Java-Hierarchy'}
	at de.uka.ilkd.key.java.JP2KeYVisitor.reportError(JP2KeYConverter.java:119)

152397     ERROR Test worker     d.u.i.k.n.b.AbstractBuilder  de.uka.ilkd.key.java.JavaBuildingExceptions: JavaBuildingIssue{node=PrintStream.$allocate()range=Optional.empty, message='Unsupported element detected given by Java Parser: MethodCallExpr. Please extend the KeY-Java-Hierarchy'}
	at de.uka.ilkd.key.java.JP2KeYVisitor.reportError(JP2KeYConverter.java:119)

152397     ERROR Test worker     d.u.i.k.n.b.TacletPBuilder Error in parsing taclet. de.uka.ilkd.key.util.parsing.BuildingException: JavaBuildingIssue{node=PrintStream.$allocate()range=Optional.empty, message='Unsupported element detected given by Java Parser: MethodCallExpr. Please extend the KeY-Java-Hierarchy'} at file:/home/runner/work/key/key/key.core/build/resources/main/de/uka/ilkd/key/proof/rules/integerAssignment2UpdateRules.key:454:15
	at de.uka.ilkd.key.nparser.builder.AbstractBuilder.accept(AbstractBuilder.java:54)
Caused by: de.uka.ilkd.key.java.JavaBuildingExceptions: JavaBuildingIssue{node=PrintStream.$allocate()range=Optional.empty, message='Unsupported element detected given by Java Parser: MethodCallExpr. Please extend the KeY-Java-Hierarchy'}
	at de.uka.ilkd.key.java.JP2KeYVisitor.reportError(JP2KeYConverter.java:119)

152675     ERROR Test worker     d.u.i.k.n.b.AbstractBuilder  de.uka.ilkd.key.java.JavaBuildingExceptions: JavaBuildingIssue{node=PrintStream.$allocate()range=Optional.empty, message='Unsupported element detected given by Java Parser: MethodCallExpr. Please extend the KeY-Java-Hierarchy'}
	at de.uka.ilkd.key.java.JP2KeYVisitor.reportError(JP2KeYConverter.java:119)

152675     ERROR Test worker     d.u.i.k.n.b.TacletPBuilder Error in parsing taclet. de.uka.ilkd.key.util.parsing.BuildingException: JavaBuildingIssue{node=PrintStream.$allocate()range=Optional.empty, message='Unsupported element detected given by Java Parser: MethodCallExpr. Please extend the KeY-Java-Hierarchy'} at file:/home/runner/work/key/key/key.core/build/resources/main/de/uka/ilkd/key/proof/rules/integerAssignment2UpdateRules.key:466:15
	at de.uka.ilkd.key.nparser.builder.AbstractBuilder.accept(AbstractBuilder.java:54)
Caused by: de.uka.ilkd.key.java.JavaBuildingExceptions: JavaBuildingIssue{node=PrintStream.$allocate()range=Optional.empty, message='Unsupported element detected given by Java Parser: MethodCallExpr. Please extend the KeY-Java-Hierarchy'}
	at de.uka.ilkd.key.java.JP2KeYVisitor.reportError(JP2KeYConverter.java:119)

152954     ERROR Test worker     d.u.i.k.n.b.AbstractBuilder  de.uka.ilkd.key.java.JavaBuildingExceptions: JavaBuildingIssue{node=PrintStream.$allocate()range=Optional.empty, message='Unsupported element detected given by Java Parser: MethodCallExpr. Please extend the KeY-Java-Hierarchy'}
	at de.uka.ilkd.key.java.JP2KeYVisitor.reportError(JP2KeYConverter.java:119)

152954     ERROR Test worker     d.u.i.k.n.b.TacletPBuilder Error in parsing taclet. de.uka.ilkd.key.util.parsing.BuildingException: JavaBuildingIssue{node=PrintStream.$allocate()range=Optional.empty, message='Unsupported element detected given by Java Parser: MethodCallExpr. Please extend the KeY-Java-Hierarchy'} at file:/home/runner/work/key/key/key.core/build/resources/main/de/uka/ilkd/key/proof/rules/integerAssignment2UpdateRules.key:478:15
	at de.uka.ilkd.key.nparser.builder.AbstractBuilder.accept(AbstractBuilder.java:54)
Caused by: de.uka.ilkd.key.java.JavaBuildingExceptions: JavaBuildingIssue{node=PrintStream.$allocate()range=Optional.empty, message='Unsupported element detected given by Java Parser: MethodCallExpr. Please extend the KeY-Java-Hierarchy'}
	at de.uka.ilkd.key.java.JP2KeYVisitor.reportError(JP2KeYConverter.java:119)

153236     ERROR Test worker     d.u.i.k.n.b.AbstractBuilder  de.uka.ilkd.key.java.JavaBuildingExceptions: JavaBuildingIssue{node=PrintStream.$allocate()range=Optional.empty, message='Unsupported element detected given by Java Parser: MethodCallExpr. Please extend the KeY-Java-Hierarchy'}
	at de.uka.ilkd.key.java.JP2KeYVisitor.reportError(JP2KeYConverter.java:119)

153237     ERROR Test worker     d.u.i.k.n.b.TacletPBuilder Error in parsing taclet. de.uka.ilkd.key.util.parsing.BuildingException: JavaBuildingIssue{node=PrintStream.$allocate()range=Optional.empty, message='Unsupported element detected given by Java Parser: MethodCallExpr. Please extend the KeY-Java-Hierarchy'} at file:/home/runner/work/key/key/key.core/build/resources/main/de/uka/ilkd/key/proof/rules/integerAssignment2UpdateRules.key:491:15
	at de.uka.ilkd.key.nparser.builder.AbstractBuilder.accept(AbstractBuilder.java:54)
Caused by: de.uka.ilkd.key.java.JavaBuildingExceptions: JavaBuildingIssue{node=PrintStream.$allocate()range=Optional.empty, message='Unsupported element detected given by Java Parser: MethodCallExpr. Please extend the KeY-Java-Hierarchy'}
	at de.uka.ilkd.key.java.JP2KeYVisitor.reportError(JP2KeYConverter.java:119)

153545     ERROR Test worker     d.u.i.k.n.b.AbstractBuilder  de.uka.ilkd.key.java.JavaBuildingExceptions: JavaBuildingIssue{node=PrintStream.$allocate()range=Optional.empty, message='Unsupported element detected given by Java Parser: MethodCallExpr. Please extend the KeY-Java-Hierarchy'}
	at de.uka.ilkd.key.java.JP2KeYVisitor.reportError(JP2KeYConverter.java:119)

153546     ERROR Test worker     d.u.i.k.n.b.TacletPBuilder Error in parsing taclet. de.uka.ilkd.key.util.parsing.BuildingException: JavaBuildingIssue{node=PrintStream.$allocate()range=Optional.empty, message='Unsupported element detected given by Java Parser: MethodCallExpr. Please extend the KeY-Java-Hierarchy'} at file:/home/runner/work/key/key/key.core/build/resources/main/de/uka/ilkd/key/proof/rules/integerAssignment2UpdateRules.key:502:15
	at de.uka.ilkd.key.nparser.builder.AbstractBuilder.accept(AbstractBuilder.java:54)
Caused by: de.uka.ilkd.key.java.JavaBuildingExceptions: JavaBuildingIssue{node=PrintStream.$allocate()range=Optional.empty, message='Unsupported element detected given by Java Parser: MethodCallExpr. Please extend the KeY-Java-Hierarchy'}
	at de.uka.ilkd.key.java.JP2KeYVisitor.reportError(JP2KeYConverter.java:119)

153848     ERROR Test worker     d.u.i.k.n.b.AbstractBuilder  de.uka.ilkd.key.java.JavaBuildingExceptions: JavaBuildingIssue{node=PrintStream.$allocate()range=Optional.empty, message='Unsupported element detected given by Java Parser: MethodCallExpr. Please extend the KeY-Java-Hierarchy'}
	at de.uka.ilkd.key.java.JP2KeYVisitor.reportError(JP2KeYConverter.java:119)

153855     ERROR Test worker     d.u.i.k.n.b.TacletPBuilder Error in parsing taclet. de.uka.ilkd.key.util.parsing.BuildingException: JavaBuildingIssue{node=PrintStream.$allocate()range=Optional.empty, message='Unsupported element detected given by Java Parser: MethodCallExpr. Please extend the KeY-Java-Hierarchy'} at file:/home/runner/work/key/key/key.core/build/resources/main/de/uka/ilkd/key/proof/rules/integerAssignment2UpdateRules.key:513:15
	at de.uka.ilkd.key.nparser.builder.AbstractBuilder.accept(AbstractBuilder.java:54)
Caused by: de.uka.ilkd.key.java.JavaBuildingExceptions: JavaBuildingIssue{node=PrintStream.$allocate()range=Optional.empty, message='Unsupported element detected given by Java Parser: MethodCallExpr. Please extend the KeY-Java-Hierarchy'}
	at de.uka.ilkd.key.java.JP2KeYVisitor.reportError(JP2KeYConverter.java:119)

154172     ERROR Test worker     d.u.i.k.n.b.AbstractBuilder  de.uka.ilkd.key.java.JavaBuildingExceptions: JavaBuildingIssue{node=PrintStream.$allocate()range=Optional.empty, message='Unsupported element detected given by Java Parser: MethodCallExpr. Please extend the KeY-Java-Hierarchy'}
	at de.uka.ilkd.key.java.JP2KeYVisitor.reportError(JP2KeYConverter.java:119)

154173     ERROR Test worker     d.u.i.k.n.b.TacletPBuilder Error in parsing taclet. de.uka.ilkd.key.util.parsing.BuildingException: JavaBuildingIssue{node=PrintStream.$allocate()range=Optional.empty, message='Unsupported element detected given by Java Parser: MethodCallExpr. Please extend the KeY-Java-Hierarchy'} at file:/home/runner/work/key/key/key.core/build/resources/main/de/uka/ilkd/key/proof/rules/integerAssignment2UpdateRules.key:524:15
	at de.uka.ilkd.key.nparser.builder.AbstractBuilder.accept(AbstractBuilder.java:54)
Caused by: de.uka.ilkd.key.java.JavaBuildingExceptions: JavaBuildingIssue{node=PrintStream.$allocate()range=Optional.empty, message='Unsupported element detected given by Java Parser: MethodCallExpr. Please extend the KeY-Java-Hierarchy'}
	at de.uka.ilkd.key.java.JP2KeYVisitor.reportError(JP2KeYConverter.java:119)

154474     ERROR Test worker     d.u.i.k.n.b.AbstractBuilder  de.uka.ilkd.key.java.JavaBuildingExceptions: JavaBuildingIssue{node=PrintStream.$allocate()range=Optional.empty, message='Unsupported element detected given by Java Parser: MethodCallExpr. Please extend the KeY-Java-Hierarchy'}
	at de.uka.ilkd.key.java.JP2KeYVisitor.reportError(JP2KeYConverter.java:119)

154475     ERROR Test worker     d.u.i.k.n.b.TacletPBuilder Error in parsing taclet. de.uka.ilkd.key.util.parsing.BuildingException: JavaBuildingIssue{node=PrintStream.$allocate()range=Optional.empty, message='Unsupported element detected given by Java Parser: MethodCallExpr. Please extend the KeY-Java-Hierarchy'} at file:/home/runner/work/key/key/key.core/build/resources/main/de/uka/ilkd/key/proof/rules/integerAssignment2UpdateRules.key:537:15
	at de.uka.ilkd.key.nparser.builder.AbstractBuilder.accept(AbstractBuilder.java:54)
Caused by: de.uka.ilkd.key.java.JavaBuildingExceptions: JavaBuildingIssue{node=PrintStream.$allocate()range=Optional.empty, message='Unsupported element detected given by Java Parser: MethodCallExpr. Please extend the KeY-Java-Hierarchy'}
	at de.uka.ilkd.key.java.JP2KeYVisitor.reportError(JP2KeYConverter.java:119)

154764     ERROR Test worker     d.u.i.k.n.b.AbstractBuilder  de.uka.ilkd.key.java.JavaBuildingExceptions: JavaBuildingIssue{node=PrintStream.$allocate()range=Optional.empty, message='Unsupported element detected given by Java Parser: MethodCallExpr. Please extend the KeY-Java-Hierarchy'}
	at de.uka.ilkd.key.java.JP2KeYVisitor.reportError(JP2KeYConverter.java:119)

154765     ERROR Test worker     d.u.i.k.n.b.TacletPBuilder Error in parsing taclet. de.uka.ilkd.key.util.parsing.BuildingException: JavaBuildingIssue{node=PrintStream.$allocate()range=Optional.empty, message='Unsupported element detected given by Java Parser: MethodCallExpr. Please extend the KeY-Java-Hierarchy'} at file:/home/runner/work/key/key/key.core/build/resources/main/de/uka/ilkd/key/proof/rules/integerAssignment2UpdateRules.key:552:15
	at de.uka.ilkd.key.nparser.builder.AbstractBuilder.accept(AbstractBuilder.java:54)
Caused by: de.uka.ilkd.key.java.JavaBuildingExceptions: JavaBuildingIssue{node=PrintStream.$allocate()range=Optional.empty, message='Unsupported element detected given by Java Parser: MethodCallExpr. Please extend the KeY-Java-Hierarchy'}
	at de.uka.ilkd.key.java.JP2KeYVisitor.reportError(JP2KeYConverter.java:119)

155058     ERROR Test worker     d.u.i.k.n.b.AbstractBuilder  de.uka.ilkd.key.java.JavaBuildingExceptions: JavaBuildingIssue{node=PrintStream.$allocate()range=Optional.empty, message='Unsupported element detected given by Java Parser: MethodCallExpr. Please extend the KeY-Java-Hierarchy'}
	at de.uka.ilkd.key.java.JP2KeYVisitor.reportError(JP2KeYConverter.java:119)

155059     ERROR Test worker     d.u.i.k.n.b.TacletPBuilder Error in parsing taclet. de.uka.ilkd.key.util.parsing.BuildingException: JavaBuildingIssue{node=PrintStream.$allocate()range=Optional.empty, message='Unsupported element detected given by Java Parser: MethodCallExpr. Please extend the KeY-Java-Hierarchy'} at file:/home/runner/work/key/key/key.core/build/resources/main/de/uka/ilkd/key/proof/rules/integerAssignment2UpdateRules.key:569:15
	at de.uka.ilkd.key.nparser.builder.AbstractBuilder.accept(AbstractBuilder.java:54)
Caused by: de.uka.ilkd.key.java.JavaBuildingExceptions: JavaBuildingIssue{node=PrintStream.$allocate()range=Optional.empty, message='Unsupported element detected given by Java Parser: MethodCallExpr. Please extend the KeY-Java-Hierarchy'}
	at de.uka.ilkd.key.java.JP2KeYVisitor.reportError(JP2KeYConverter.java:119)

155347     ERROR Test worker     d.u.i.k.n.b.AbstractBuilder  de.uka.ilkd.key.java.JavaBuildingExceptions: JavaBuildingIssue{node=PrintStream.$allocate()range=Optional.empty, message='Unsupported element detected given by Java Parser: MethodCallExpr. Please extend the KeY-Java-Hierarchy'}
	at de.uka.ilkd.key.java.JP2KeYVisitor.reportError(JP2KeYConverter.java:119)

155348     ERROR Test worker     d.u.i.k.n.b.TacletPBuilder Error in parsing taclet. de.uka.ilkd.key.util.parsing.BuildingException: JavaBuildingIssue{node=PrintStream.$allocate()range=Optional.empty, message='Unsupported element detected given by Java Parser: MethodCallExpr. Please extend the KeY-Java-Hierarchy'} at file:/home/runner/work/key/key/key.core/build/resources/main/de/uka/ilkd/key/proof/rules/integerAssignment2UpdateRules.key:584:15
	at de.uka.ilkd.key.nparser.builder.AbstractBuilder.accept(AbstractBuilder.java:54)
Caused by: de.uka.ilkd.key.java.JavaBuildingExceptions: JavaBuildingIssue{node=PrintStream.$allocate()range=Optional.empty, message='Unsupported element detected given by Java Parser: MethodCallExpr. Please extend the KeY-Java-Hierarchy'}
	at de.uka.ilkd.key.java.JP2KeYVisitor.reportError(JP2KeYConverter.java:119)

155653     ERROR Test worker     d.u.i.k.n.b.AbstractBuilder  de.uka.ilkd.key.java.JavaBuildingExceptions: JavaBuildingIssue{node=PrintStream.$allocate()range=Optional.empty, message='Unsupported element detected given by Java Parser: MethodCallExpr. Please extend the KeY-Java-Hierarchy'}
	at de.uka.ilkd.key.java.JP2KeYVisitor.reportError(JP2KeYConverter.java:119)

155654     ERROR Test worker     d.u.i.k.n.b.TacletPBuilder Error in parsing taclet. de.uka.ilkd.key.util.parsing.BuildingException: JavaBuildingIssue{node=PrintStream.$allocate()range=Optional.empty, message='Unsupported element detected given by Java Parser: MethodCallExpr. Please extend the KeY-Java-Hierarchy'} at file:/home/runner/work/key/key/key.core/build/resources/main/de/uka/ilkd/key/proof/rules/integerAssignment2UpdateRules.key:601:15
	at de.uka.ilkd.key.nparser.builder.AbstractBuilder.accept(AbstractBuilder.java:54)
Caused by: de.uka.ilkd.key.java.JavaBuildingExceptions: JavaBuildingIssue{node=PrintStream.$allocate()range=Optional.empty, message='Unsupported element detected given by Java Parser: MethodCallExpr. Please extend the KeY-Java-Hierarchy'}
	at de.uka.ilkd.key.java.JP2KeYVisitor.reportError(JP2KeYConverter.java:119)

155959     ERROR Test worker     d.u.i.k.n.b.AbstractBuilder  de.uka.ilkd.key.java.JavaBuildingExceptions: JavaBuildingIssue{node=PrintStream.$allocate()range=Optional.empty, message='Unsupported element detected given by Java Parser: MethodCallExpr. Please extend the KeY-Java-Hierarchy'}
	at de.uka.ilkd.key.java.JP2KeYVisitor.reportError(JP2KeYConverter.java:119)

155960     ERROR Test worker     d.u.i.k.n.b.TacletPBuilder Error in parsing taclet. de.uka.ilkd.key.util.parsing.BuildingException: JavaBuildingIssue{node=PrintStream.$allocate()range=Optional.empty, message='Unsupported element detected given by Java Parser: MethodCallExpr. Please extend the KeY-Java-Hierarchy'} at file:/home/runner/work/key/key/key.core/build/resources/main/de/uka/ilkd/key/proof/rules/integerAssignment2UpdateRules.key:616:15
	at de.uka.ilkd.key.nparser.builder.AbstractBuilder.accept(AbstractBuilder.java:54)
Caused by: de.uka.ilkd.key.java.JavaBuildingExceptions: JavaBuildingIssue{node=PrintStream.$allocate()range=Optional.empty, message='Unsupported element detected given by Java Parser: MethodCallExpr. Please extend the KeY-Java-Hierarchy'}
	at de.uka.ilkd.key.java.JP2KeYVisitor.reportError(JP2KeYConverter.java:119)

156264     ERROR Test worker     d.u.i.k.n.b.AbstractBuilder  de.uka.ilkd.key.java.JavaBuildingExceptions: JavaBuildingIssue{node=PrintStream.$allocate()range=Optional.empty, message='Unsupported element detected given by Java Parser: MethodCallExpr. Please extend the KeY-Java-Hierarchy'}
	at de.uka.ilkd.key.java.JP2KeYVisitor.reportError(JP2KeYConverter.java:119)

156265     ERROR Test worker     d.u.i.k.n.b.TacletPBuilder Error in parsing taclet. de.uka.ilkd.key.util.parsing.BuildingException: JavaBuildingIssue{node=PrintStream.$allocate()range=Optional.empty, message='Unsupported element detected given by Java Parser: MethodCallExpr. Please extend the KeY-Java-Hierarchy'} at file:/home/runner/work/key/key/key.core/build/resources/main/de/uka/ilkd/key/proof/rules/integerAssignment2UpdateRules.key:634:15
	at de.uka.ilkd.key.nparser.builder.AbstractBuilder.accept(AbstractBuilder.java:54)
Caused by: de.uka.ilkd.key.java.JavaBuildingExceptions: JavaBuildingIssue{node=PrintStream.$allocate()range=Optional.empty, message='Unsupported element detected given by Java Parser: MethodCallExpr. Please extend the KeY-Java-Hierarchy'}
	at de.uka.ilkd.key.java.JP2KeYVisitor.reportError(JP2KeYConverter.java:119)

156567     ERROR Test worker     d.u.i.k.n.b.AbstractBuilder  de.uka.ilkd.key.java.JavaBuildingExceptions: JavaBuildingIssue{node=PrintStream.$allocate()range=Optional.empty, message='Unsupported element detected given by Java Parser: MethodCallExpr. Please extend the KeY-Java-Hierarchy'}
	at de.uka.ilkd.key.java.JP2KeYVisitor.reportError(JP2KeYConverter.java:119)

156568     ERROR Test worker     d.u.i.k.n.b.TacletPBuilder Error in parsing taclet. de.uka.ilkd.key.util.parsing.BuildingException: JavaBuildingIssue{node=PrintStream.$allocate()range=Optional.empty, message='Unsupported element detected given by Java Parser: MethodCallExpr. Please extend the KeY-Java-Hierarchy'} at file:/home/runner/work/key/key/key.core/build/resources/main/de/uka/ilkd/key/proof/rules/integerAssignment2UpdateRules.key:648:15
	at de.uka.ilkd.key.nparser.builder.AbstractBuilder.accept(AbstractBuilder.java:54)
Caused by: de.uka.ilkd.key.java.JavaBuildingExceptions: JavaBuildingIssue{node=PrintStream.$allocate()range=Optional.empty, message='Unsupported element detected given by Java Parser: MethodCallExpr. Please extend the KeY-Java-Hierarchy'}
	at de.uka.ilkd.key.java.JP2KeYVisitor.reportError(JP2KeYConverter.java:119)

156871     ERROR Test worker     d.u.i.k.n.b.AbstractBuilder  de.uka.ilkd.key.java.JavaBuildingExceptions: JavaBuildingIssue{node=PrintStream.$allocate()range=Optional.empty, message='Unsupported element detected given by Java Parser: MethodCallExpr. Please extend the KeY-Java-Hierarchy'}
	at de.uka.ilkd.key.java.JP2KeYVisitor.reportError(JP2KeYConverter.java:119)

156872     ERROR Test worker     d.u.i.k.n.b.TacletPBuilder Error in parsing taclet. de.uka.ilkd.key.util.parsing.BuildingException: JavaBuildingIssue{node=PrintStream.$allocate()range=Optional.empty, message='Unsupported element detected given by Java Parser: MethodCallExpr. Please extend the KeY-Java-Hierarchy'} at file:/home/runner/work/key/key/key.core/build/resources/main/de/uka/ilkd/key/proof/rules/integerAssignment2UpdateRules.key:662:15
	at de.uka.ilkd.key.nparser.builder.AbstractBuilder.accept(AbstractBuilder.java:54)
Caused by: de.uka.ilkd.key.java.JavaBuildingExceptions: JavaBuildingIssue{node=PrintStream.$allocate()range=Optional.empty, message='Unsupported element detected given by Java Parser: MethodCallExpr. Please extend the KeY-Java-Hierarchy'}
	at de.uka.ilkd.key.java.JP2KeYVisitor.reportError(JP2KeYConverter.java:119)

157193     ERROR Test worker     d.u.i.k.n.b.AbstractBuilder  de.uka.ilkd.key.java.JavaBuildingExceptions: JavaBuildingIssue{node=PrintStream.$allocate()range=Optional.empty, message='Unsupported element detected given by Java Parser: MethodCallExpr. Please extend the KeY-Java-Hierarchy'}
	at de.uka.ilkd.key.java.JP2KeYVisitor.reportError(JP2KeYConverter.java:119)

157194     ERROR Test worker     d.u.i.k.n.b.TacletPBuilder Error in parsing taclet. de.uka.ilkd.key.util.parsing.BuildingException: JavaBuildingIssue{node=PrintStream.$allocate()range=Optional.empty, message='Unsupported element detected given by Java Parser: MethodCallExpr. Please extend the KeY-Java-Hierarchy'} at file:/home/runner/work/key/key/key.core/build/resources/main/de/uka/ilkd/key/proof/rules/integerAssignment2UpdateRules.key:670:15
	at de.uka.ilkd.key.nparser.builder.AbstractBuilder.accept(AbstractBuilder.java:54)
Caused by: de.uka.ilkd.key.java.JavaBuildingExceptions: JavaBuildingIssue{node=PrintStream.$allocate()range=Optional.empty, message='Unsupported element detected given by Java Parser: MethodCallExpr. Please extend the KeY-Java-Hierarchy'}
	at de.uka.ilkd.key.java.JP2KeYVisitor.reportError(JP2KeYConverter.java:119)

157485     ERROR Test worker     d.u.i.k.n.b.AbstractBuilder  de.uka.ilkd.key.java.JavaBuildingExceptions: JavaBuildingIssue{node=PrintStream.$allocate()range=Optional.empty, message='Unsupported element detected given by Java Parser: MethodCallExpr. Please extend the KeY-Java-Hierarchy'}
	at de.uka.ilkd.key.java.JP2KeYVisitor.reportError(JP2KeYConverter.java:119)

157486     ERROR Test worker     d.u.i.k.n.b.TacletPBuilder Error in parsing taclet. de.uka.ilkd.key.util.parsing.BuildingException: JavaBuildingIssue{node=PrintStream.$allocate()range=Optional.empty, message='Unsupported element detected given by Java Parser: MethodCallExpr. Please extend the KeY-Java-Hierarchy'} at file:/home/runner/work/key/key/key.core/build/resources/main/de/uka/ilkd/key/proof/rules/integerAssignment2UpdateRules.key:682:15
	at de.uka.ilkd.key.nparser.builder.AbstractBuilder.accept(AbstractBuilder.java:54)
Caused by: de.uka.ilkd.key.java.JavaBuildingExceptions: JavaBuildingIssue{node=PrintStream.$allocate()range=Optional.empty, message='Unsupported element detected given by Java Parser: MethodCallExpr. Please extend the KeY-Java-Hierarchy'}
	at de.uka.ilkd.key.java.JP2KeYVisitor.reportError(JP2KeYConverter.java:119)

157758     ERROR Test worker     d.u.i.k.n.b.AbstractBuilder  de.uka.ilkd.key.java.JavaBuildingExceptions: JavaBuildingIssue{node=PrintStream.$allocate()range=Optional.empty, message='Unsupported element detected given by Java Parser: MethodCallExpr. Please extend the KeY-Java-Hierarchy'}
	at de.uka.ilkd.key.java.JP2KeYVisitor.reportError(JP2KeYConverter.java:119)

157759     ERROR Test worker     d.u.i.k.n.b.TacletPBuilder Error in parsing taclet. de.uka.ilkd.key.util.parsing.BuildingException: JavaBuildingIssue{node=PrintStream.$allocate()range=Optional.empty, message='Unsupported element detected given by Java Parser: MethodCallExpr. Please extend the KeY-Java-Hierarchy'} at file:/home/runner/work/key/key/key.core/build/resources/main/de/uka/ilkd/key/proof/rules/integerAssignment2UpdateRules.key:696:15
	at de.uka.ilkd.key.nparser.builder.AbstractBuilder.accept(AbstractBuilder.java:54)
Caused by: de.uka.ilkd.key.java.JavaBuildingExceptions: JavaBuildingIssue{node=PrintStream.$allocate()range=Optional.empty, message='Unsupported element detected given by Java Parser: MethodCallExpr. Please extend the KeY-Java-Hierarchy'}
	at de.uka.ilkd.key.java.JP2KeYVisitor.reportError(JP2KeYConverter.java:119)

158030     ERROR Test worker     d.u.i.k.n.b.AbstractBuilder  de.uka.ilkd.key.java.JavaBuildingExceptions: JavaBuildingIssue{node=PrintStream.$allocate()range=Optional.empty, message='Unsupported element detected given by Java Parser: MethodCallExpr. Please extend the KeY-Java-Hierarchy'}
	at de.uka.ilkd.key.java.JP2KeYVisitor.reportError(JP2KeYConverter.java:119)

158030     ERROR Test worker     d.u.i.k.n.b.TacletPBuilder Error in parsing taclet. de.uka.ilkd.key.util.parsing.BuildingException: JavaBuildingIssue{node=PrintStream.$allocate()range=Optional.empty, message='Unsupported element detected given by Java Parser: MethodCallExpr. Please extend the KeY-Java-Hierarchy'} at file:/home/runner/work/key/key/key.core/build/resources/main/de/uka/ilkd/key/proof/rules/integerAssignment2UpdateRules.key:710:15
	at de.uka.ilkd.key.nparser.builder.AbstractBuilder.accept(AbstractBuilder.java:54)
Caused by: de.uka.ilkd.key.java.JavaBuildingExceptions: JavaBuildingIssue{node=PrintStream.$allocate()range=Optional.empty, message='Unsupported element detected given by Java Parser: MethodCallExpr. Please extend the KeY-Java-Hierarchy'}
	at de.uka.ilkd.key.java.JP2KeYVisitor.reportError(JP2KeYConverter.java:119)

158308     ERROR Test worker     d.u.i.k.n.b.AbstractBuilder  de.uka.ilkd.key.java.JavaBuildingExceptions: JavaBuildingIssue{node=PrintStream.$allocate()range=Optional.empty, message='Unsupported element detected given by Java Parser: MethodCallExpr. Please extend the KeY-Java-Hierarchy'}
	at de.uka.ilkd.key.java.JP2KeYVisitor.reportError(JP2KeYConverter.java:119)

158309     ERROR Test worker     d.u.i.k.n.b.TacletPBuilder Error in parsing taclet. de.uka.ilkd.key.util.parsing.BuildingException: JavaBuildingIssue{node=PrintStream.$allocate()range=Optional.empty, message='Unsupported element detected given by Java Parser: MethodCallExpr. Please extend the KeY-Java-Hierarchy'} at file:/home/runner/work/key/key/key.core/build/resources/main/de/uka/ilkd/key/proof/rules/integerAssignment2UpdateRules.key:724:15
	at de.uka.ilkd.key.nparser.builder.AbstractBuilder.accept(AbstractBuilder.java:54)
Caused by: de.uka.ilkd.key.java.JavaBuildingExceptions: JavaBuildingIssue{node=PrintStream.$allocate()range=Optional.empty, message='Unsupported element detected given by Java Parser: MethodCallExpr. Please extend the KeY-Java-Hierarchy'}
	at de.uka.ilkd.key.java.JP2KeYVisitor.reportError(JP2KeYConverter.java:119)

158656     ERROR Test worker     d.u.i.k.n.b.AbstractBuilder  de.uka.ilkd.key.java.JavaBuildingExceptions: JavaBuildingIssue{node=PrintStream.$allocate()range=Optional.empty, message='Unsupported element detected given by Java Parser: MethodCallExpr. Please extend the KeY-Java-Hierarchy'}
	at de.uka.ilkd.key.java.JP2KeYVisitor.reportError(JP2KeYConverter.java:119)

158656     ERROR Test worker     d.u.i.k.n.b.TacletPBuilder Error in parsing taclet. de.uka.ilkd.key.util.parsing.BuildingException: JavaBuildingIssue{node=PrintStream.$allocate()range=Optional.empty, message='Unsupported element detected given by Java Parser: MethodCallExpr. Please extend the KeY-Java-Hierarchy'} at file:/home/runner/work/key/key/key.core/build/resources/main/de/uka/ilkd/key/proof/rules/integerAssignment2UpdateRules.key:738:15
	at de.uka.ilkd.key.nparser.builder.AbstractBuilder.accept(AbstractBuilder.java:54)
Caused by: de.uka.ilkd.key.java.JavaBuildingExceptions: JavaBuildingIssue{node=PrintStream.$allocate()range=Optional.empty, message='Unsupported element detected given by Java Parser: MethodCallExpr. Please extend the KeY-Java-Hierarchy'}
	at de.uka.ilkd.key.java.JP2KeYVisitor.reportError(JP2KeYConverter.java:119)

159012     ERROR Test worker     d.u.i.k.n.b.AbstractBuilder  de.uka.ilkd.key.java.JavaBuildingExceptions: JavaBuildingIssue{node=PrintStream.$allocate()range=Optional.empty, message='Unsupported element detected given by Java Parser: MethodCallExpr. Please extend the KeY-Java-Hierarchy'}
	at de.uka.ilkd.key.java.JP2KeYVisitor.reportError(JP2KeYConverter.java:119)

159012     ERROR Test worker     d.u.i.k.n.b.TacletPBuilder Error in parsing taclet. de.uka.ilkd.key.util.parsing.BuildingException: JavaBuildingIssue{node=PrintStream.$allocate()range=Optional.empty, message='Unsupported element detected given by Java Parser: MethodCallExpr. Please extend the KeY-Java-Hierarchy'} at file:/home/runner/work/key/key/key.core/build/resources/main/de/uka/ilkd/key/proof/rules/integerAssignment2UpdateRules.key:752:15
	at de.uka.ilkd.key.nparser.builder.AbstractBuilder.accept(AbstractBuilder.java:54)
Caused by: de.uka.ilkd.key.java.JavaBuildingExceptions: JavaBuildingIssue{node=PrintStream.$allocate()range=Optional.empty, message='Unsupported element detected given by Java Parser: MethodCallExpr. Please extend the KeY-Java-Hierarchy'}
	at de.uka.ilkd.key.java.JP2KeYVisitor.reportError(JP2KeYConverter.java:119)

159369     ERROR Test worker     d.u.i.k.n.b.AbstractBuilder  de.uka.ilkd.key.java.JavaBuildingExceptions: JavaBuildingIssue{node=PrintStream.$allocate()range=Optional.empty, message='Unsupported element detected given by Java Parser: MethodCallExpr. Please extend the KeY-Java-Hierarchy'}
	at de.uka.ilkd.key.java.JP2KeYVisitor.reportError(JP2KeYConverter.java:119)

159370     ERROR Test worker     d.u.i.k.n.b.TacletPBuilder Error in parsing taclet. de.uka.ilkd.key.util.parsing.BuildingException: JavaBuildingIssue{node=PrintStream.$allocate()range=Optional.empty, message='Unsupported element detected given by Java Parser: MethodCallExpr. Please extend the KeY-Java-Hierarchy'} at file:/home/runner/work/key/key/key.core/build/resources/main/de/uka/ilkd/key/proof/rules/integerAssignment2UpdateRules.key:764:15
	at de.uka.ilkd.key.nparser.builder.AbstractBuilder.accept(AbstractBuilder.java:54)
Caused by: de.uka.ilkd.key.java.JavaBuildingExceptions: JavaBuildingIssue{node=PrintStream.$allocate()range=Optional.empty, message='Unsupported element detected given by Java Parser: MethodCallExpr. Please extend the KeY-Java-Hierarchy'}
	at de.uka.ilkd.key.java.JP2KeYVisitor.reportError(JP2KeYConverter.java:119)

159699     ERROR Test worker     d.u.i.k.n.b.AbstractBuilder  de.uka.ilkd.key.java.JavaBuildingExceptions: JavaBuildingIssue{node=PrintStream.$allocate()range=Optional.empty, message='Unsupported element detected given by Java Parser: MethodCallExpr. Please extend the KeY-Java-Hierarchy'}
	at de.uka.ilkd.key.java.JP2KeYVisitor.reportError(JP2KeYConverter.java:119)

159700     ERROR Test worker     d.u.i.k.n.b.TacletPBuilder Error in parsing taclet. de.uka.ilkd.key.util.parsing.BuildingException: JavaBuildingIssue{node=PrintStream.$allocate()range=Optional.empty, message='Unsupported element detected given by Java Parser: MethodCallExpr. Please extend the KeY-Java-Hierarchy'} at file:/home/runner/work/key/key/key.core/build/resources/main/de/uka/ilkd/key/proof/rules/integerAssignment2UpdateRules.key:779:15
	at de.uka.ilkd.key.nparser.builder.AbstractBuilder.accept(AbstractBuilder.java:54)
Caused by: de.uka.ilkd.key.java.JavaBuildingExceptions: JavaBuildingIssue{node=PrintStream.$allocate()range=Optional.empty, message='Unsupported element detected given by Java Parser: MethodCallExpr. Please extend the KeY-Java-Hierarchy'}
	at de.uka.ilkd.key.java.JP2KeYVisitor.reportError(JP2KeYConverter.java:119)

160055     ERROR Test worker     d.u.i.k.n.b.AbstractBuilder  de.uka.ilkd.key.java.JavaBuildingExceptions: JavaBuildingIssue{node=PrintStream.$allocate()range=Optional.empty, message='Unsupported element detected given by Java Parser: MethodCallExpr. Please extend the KeY-Java-Hierarchy'}
	at de.uka.ilkd.key.java.JP2KeYVisitor.reportError(JP2KeYConverter.java:119)

160055     ERROR Test worker     d.u.i.k.n.b.TacletPBuilder Error in parsing taclet. de.uka.ilkd.key.util.parsing.BuildingException: JavaBuildingIssue{node=PrintStream.$allocate()range=Optional.empty, message='Unsupported element detected given by Java Parser: MethodCallExpr. Please extend the KeY-Java-Hierarchy'} at file:/home/runner/work/key/key/key.core/build/resources/main/de/uka/ilkd/key/proof/rules/integerAssignment2UpdateRules.key:794:15
	at de.uka.ilkd.key.nparser.builder.AbstractBuilder.accept(AbstractBuilder.java:54)
Caused by: de.uka.ilkd.key.java.JavaBuildingExceptions: JavaBuildingIssue{node=PrintStream.$allocate()range=Optional.empty, message='Unsupported element detected given by Java Parser: MethodCallExpr. Please extend the KeY-Java-Hierarchy'}
	at de.uka.ilkd.key.java.JP2KeYVisitor.reportError(JP2KeYConverter.java:119)

160386     ERROR Test worker     d.u.i.k.n.b.AbstractBuilder  de.uka.ilkd.key.java.JavaBuildingExceptions: JavaBuildingIssue{node=PrintStream.$allocate()range=Optional.empty, message='Unsupported element detected given by Java Parser: MethodCallExpr. Please extend the KeY-Java-Hierarchy'}
	at de.uka.ilkd.key.java.JP2KeYVisitor.reportError(JP2KeYConverter.java:119)

160386     ERROR Test worker     d.u.i.k.n.b.TacletPBuilder Error in parsing taclet. de.uka.ilkd.key.util.parsing.BuildingException: JavaBuildingIssue{node=PrintStream.$allocate()range=Optional.empty, message='Unsupported element detected given by Java Parser: MethodCallExpr. Please extend the KeY-Java-Hierarchy'} at file:/home/runner/work/key/key/key.core/build/resources/main/de/uka/ilkd/key/proof/rules/integerAssignment2UpdateRules.key:808:15
	at de.uka.ilkd.key.nparser.builder.AbstractBuilder.accept(AbstractBuilder.java:54)
Caused by: de.uka.ilkd.key.java.JavaBuildingExceptions: JavaBuildingIssue{node=PrintStream.$allocate()range=Optional.empty, message='Unsupported element detected given by Java Parser: MethodCallExpr. Please extend the KeY-Java-Hierarchy'}
	at de.uka.ilkd.key.java.JP2KeYVisitor.reportError(JP2KeYConverter.java:119)

160720     ERROR Test worker     d.u.i.k.n.b.AbstractBuilder  de.uka.ilkd.key.java.JavaBuildingExceptions: JavaBuildingIssue{node=PrintStream.$allocate()range=Optional.empty, message='Unsupported element detected given by Java Parser: MethodCallExpr. Please extend the KeY-Java-Hierarchy'}
	at de.uka.ilkd.key.java.JP2KeYVisitor.reportError(JP2KeYConverter.java:119)

160720     ERROR Test worker     d.u.i.k.n.b.TacletPBuilder Error in parsing taclet. de.uka.ilkd.key.util.parsing.BuildingException: JavaBuildingIssue{node=PrintStream.$allocate()range=Optional.empty, message='Unsupported element detected given by Java Parser: MethodCallExpr. Please extend the KeY-Java-Hierarchy'} at file:/home/runner/work/key/key/key.core/build/resources/main/de/uka/ilkd/key/proof/rules/floatAssignment2UpdateRules.key:42:15
	at de.uka.ilkd.key.nparser.builder.AbstractBuilder.accept(AbstractBuilder.java:54)
Caused by: de.uka.ilkd.key.java.JavaBuildingExceptions: JavaBuildingIssue{node=PrintStream.$allocate()range=Optional.empty, message='Unsupported element detected given by Java Parser: MethodCallExpr. Please extend the KeY-Java-Hierarchy'}
	at de.uka.ilkd.key.java.JP2KeYVisitor.reportError(JP2KeYConverter.java:119)

161027     ERROR Test worker     d.u.i.k.n.b.AbstractBuilder  de.uka.ilkd.key.java.JavaBuildingExceptions: JavaBuildingIssue{node=PrintStream.$allocate()range=Optional.empty, message='Unsupported element detected given by Java Parser: MethodCallExpr. Please extend the KeY-Java-Hierarchy'}
	at de.uka.ilkd.key.java.JP2KeYVisitor.reportError(JP2KeYConverter.java:119)

161027     ERROR Test worker     d.u.i.k.n.b.TacletPBuilder Error in parsing taclet. de.uka.ilkd.key.util.parsing.BuildingException: JavaBuildingIssue{node=PrintStream.$allocate()range=Optional.empty, message='Unsupported element detected given by Java Parser: MethodCallExpr. Please extend the KeY-Java-Hierarchy'} at file:/home/runner/work/key/key/key.core/build/resources/main/de/uka/ilkd/key/proof/rules/floatAssignment2UpdateRules.key:50:15
	at de.uka.ilkd.key.nparser.builder.AbstractBuilder.accept(AbstractBuilder.java:54)
Caused by: de.uka.ilkd.key.java.JavaBuildingExceptions: JavaBuildingIssue{node=PrintStream.$allocate()range=Optional.empty, message='Unsupported element detected given by Java Parser: MethodCallExpr. Please extend the KeY-Java-Hierarchy'}
	at de.uka.ilkd.key.java.JP2KeYVisitor.reportError(JP2KeYConverter.java:119)

161268     ERROR Test worker     d.u.i.k.n.b.AbstractBuilder  de.uka.ilkd.key.java.JavaBuildingExceptions: JavaBuildingIssue{node=PrintStream.$allocate()range=Optional.empty, message='Unsupported element detected given by Java Parser: MethodCallExpr. Please extend the KeY-Java-Hierarchy'}
	at de.uka.ilkd.key.java.JP2KeYVisitor.reportError(JP2KeYConverter.java:119)

161268     ERROR Test worker     d.u.i.k.n.b.TacletPBuilder Error in parsing taclet. de.uka.ilkd.key.util.parsing.BuildingException: JavaBuildingIssue{node=PrintStream.$allocate()range=Optional.empty, message='Unsupported element detected given by Java Parser: MethodCallExpr. Please extend the KeY-Java-Hierarchy'} at file:/home/runner/work/key/key/key.core/build/resources/main/de/uka/ilkd/key/proof/rules/floatAssignment2UpdateRules.key:58:15
	at de.uka.ilkd.key.nparser.builder.AbstractBuilder.accept(AbstractBuilder.java:54)
Caused by: de.uka.ilkd.key.java.JavaBuildingExceptions: JavaBuildingIssue{node=PrintStream.$allocate()range=Optional.empty, message='Unsupported element detected given by Java Parser: MethodCallExpr. Please extend the KeY-Java-Hierarchy'}
	at de.uka.ilkd.key.java.JP2KeYVisitor.reportError(JP2KeYConverter.java:119)

161505     ERROR Test worker     d.u.i.k.n.b.AbstractBuilder  de.uka.ilkd.key.java.JavaBuildingExceptions: JavaBuildingIssue{node=PrintStream.$allocate()range=Optional.empty, message='Unsupported element detected given by Java Parser: MethodCallExpr. Please extend the KeY-Java-Hierarchy'}
	at de.uka.ilkd.key.java.JP2KeYVisitor.reportError(JP2KeYConverter.java:119)

161505     ERROR Test worker     d.u.i.k.n.b.TacletPBuilder Error in parsing taclet. de.uka.ilkd.key.util.parsing.BuildingException: JavaBuildingIssue{node=PrintStream.$allocate()range=Optional.empty, message='Unsupported element detected given by Java Parser: MethodCallExpr. Please extend the KeY-Java-Hierarchy'} at file:/home/runner/work/key/key/key.core/build/resources/main/de/uka/ilkd/key/proof/rules/floatAssignment2UpdateRules.key:66:15
	at de.uka.ilkd.key.nparser.builder.AbstractBuilder.accept(AbstractBuilder.java:54)
Caused by: de.uka.ilkd.key.java.JavaBuildingExceptions: JavaBuildingIssue{node=PrintStream.$allocate()range=Optional.empty, message='Unsupported element detected given by Java Parser: MethodCallExpr. Please extend the KeY-Java-Hierarchy'}
	at de.uka.ilkd.key.java.JP2KeYVisitor.reportError(JP2KeYConverter.java:119)

161743     ERROR Test worker     d.u.i.k.n.b.AbstractBuilder  de.uka.ilkd.key.java.JavaBuildingExceptions: JavaBuildingIssue{node=PrintStream.$allocate()range=Optional.empty, message='Unsupported element detected given by Java Parser: MethodCallExpr. Please extend the KeY-Java-Hierarchy'}
	at de.uka.ilkd.key.java.JP2KeYVisitor.reportError(JP2KeYConverter.java:119)

161744     ERROR Test worker     d.u.i.k.n.b.TacletPBuilder Error in parsing taclet. de.uka.ilkd.key.util.parsing.BuildingException: JavaBuildingIssue{node=PrintStream.$allocate()range=Optional.empty, message='Unsupported element detected given by Java Parser: MethodCallExpr. Please extend the KeY-Java-Hierarchy'} at file:/home/runner/work/key/key/key.core/build/resources/main/de/uka/ilkd/key/proof/rules/floatAssignment2UpdateRules.key:74:15
	at de.uka.ilkd.key.nparser.builder.AbstractBuilder.accept(AbstractBuilder.java:54)
Caused by: de.uka.ilkd.key.java.JavaBuildingExceptions: JavaBuildingIssue{node=PrintStream.$allocate()range=Optional.empty, message='Unsupported element detected given by Java Parser: MethodCallExpr. Please extend the KeY-Java-Hierarchy'}
	at de.uka.ilkd.key.java.JP2KeYVisitor.reportError(JP2KeYConverter.java:119)

161982     ERROR Test worker     d.u.i.k.n.b.AbstractBuilder  de.uka.ilkd.key.java.JavaBuildingExceptions: JavaBuildingIssue{node=PrintStream.$allocate()range=Optional.empty, message='Unsupported element detected given by Java Parser: MethodCallExpr. Please extend the KeY-Java-Hierarchy'}
	at de.uka.ilkd.key.java.JP2KeYVisitor.reportError(JP2KeYConverter.java:119)

161982     ERROR Test worker     d.u.i.k.n.b.TacletPBuilder Error in parsing taclet. de.uka.ilkd.key.util.parsing.BuildingException: JavaBuildingIssue{node=PrintStream.$allocate()range=Optional.empty, message='Unsupported element detected given by Java Parser: MethodCallExpr. Please extend the KeY-Java-Hierarchy'} at file:/home/runner/work/key/key/key.core/build/resources/main/de/uka/ilkd/key/proof/rules/floatAssignment2UpdateRules.key:82:15
	at de.uka.ilkd.key.nparser.builder.AbstractBuilder.accept(AbstractBuilder.java:54)
Caused by: de.uka.ilkd.key.java.JavaBuildingExceptions: JavaBuildingIssue{node=PrintStream.$allocate()range=Optional.empty, message='Unsupported element detected given by Java Parser: MethodCallExpr. Please extend the KeY-Java-Hierarchy'}
	at de.uka.ilkd.key.java.JP2KeYVisitor.reportError(JP2KeYConverter.java:119)

162220     ERROR Test worker     d.u.i.k.n.b.AbstractBuilder  de.uka.ilkd.key.java.JavaBuildingExceptions: JavaBuildingIssue{node=PrintStream.$allocate()range=Optional.empty, message='Unsupported element detected given by Java Parser: MethodCallExpr. Please extend the KeY-Java-Hierarchy'}
	at de.uka.ilkd.key.java.JP2KeYVisitor.reportError(JP2KeYConverter.java:119)

162220     ERROR Test worker     d.u.i.k.n.b.TacletPBuilder Error in parsing taclet. de.uka.ilkd.key.util.parsing.BuildingException: JavaBuildingIssue{node=PrintStream.$allocate()range=Optional.empty, message='Unsupported element detected given by Java Parser: MethodCallExpr. Please extend the KeY-Java-Hierarchy'} at file:/home/runner/work/key/key/key.core/build/resources/main/de/uka/ilkd/key/proof/rules/floatAssignment2UpdateRules.key:93:15
	at de.uka.ilkd.key.nparser.builder.AbstractBuilder.accept(AbstractBuilder.java:54)
Caused by: de.uka.ilkd.key.java.JavaBuildingExceptions: JavaBuildingIssue{node=PrintStream.$allocate()range=Optional.empty, message='Unsupported element detected given by Java Parser: MethodCallExpr. Please extend the KeY-Java-Hierarchy'}
	at de.uka.ilkd.key.java.JP2KeYVisitor.reportError(JP2KeYConverter.java:119)

162469     ERROR Test worker     d.u.i.k.n.b.AbstractBuilder  de.uka.ilkd.key.java.JavaBuildingExceptions: JavaBuildingIssue{node=PrintStream.$allocate()range=Optional.empty, message='Unsupported element detected given by Java Parser: MethodCallExpr. Please extend the KeY-Java-Hierarchy'}
	at de.uka.ilkd.key.java.JP2KeYVisitor.reportError(JP2KeYConverter.java:119)

162469     ERROR Test worker     d.u.i.k.n.b.TacletPBuilder Error in parsing taclet. de.uka.ilkd.key.util.parsing.BuildingException: JavaBuildingIssue{node=PrintStream.$allocate()range=Optional.empty, message='Unsupported element detected given by Java Parser: MethodCallExpr. Please extend the KeY-Java-Hierarchy'} at file:/home/runner/work/key/key/key.core/build/resources/main/de/uka/ilkd/key/proof/rules/floatAssignment2UpdateRules.key:101:15
	at de.uka.ilkd.key.nparser.builder.AbstractBuilder.accept(AbstractBuilder.java:54)
Caused by: de.uka.ilkd.key.java.JavaBuildingExceptions: JavaBuildingIssue{node=PrintStream.$allocate()range=Optional.empty, message='Unsupported element detected given by Java Parser: MethodCallExpr. Please extend the KeY-Java-Hierarchy'}
	at de.uka.ilkd.key.java.JP2KeYVisitor.reportError(JP2KeYConverter.java:119)

162707     ERROR Test worker     d.u.i.k.n.b.AbstractBuilder  de.uka.ilkd.key.java.JavaBuildingExceptions: JavaBuildingIssue{node=PrintStream.$allocate()range=Optional.empty, message='Unsupported element detected given by Java Parser: MethodCallExpr. Please extend the KeY-Java-Hierarchy'}
	at de.uka.ilkd.key.java.JP2KeYVisitor.reportError(JP2KeYConverter.java:119)

162707     ERROR Test worker     d.u.i.k.n.b.TacletPBuilder Error in parsing taclet. de.uka.ilkd.key.util.parsing.BuildingException: JavaBuildingIssue{node=PrintStream.$allocate()range=Optional.empty, message='Unsupported element detected given by Java Parser: MethodCallExpr. Please extend the KeY-Java-Hierarchy'} at file:/home/runner/work/key/key/key.core/build/resources/main/de/uka/ilkd/key/proof/rules/floatAssignment2UpdateRules.key:109:15
	at de.uka.ilkd.key.nparser.builder.AbstractBuilder.accept(AbstractBuilder.java:54)
Caused by: de.uka.ilkd.key.java.JavaBuildingExceptions: JavaBuildingIssue{node=PrintStream.$allocate()range=Optional.empty, message='Unsupported element detected given by Java Parser: MethodCallExpr. Please extend the KeY-Java-Hierarchy'}
	at de.uka.ilkd.key.java.JP2KeYVisitor.reportError(JP2KeYConverter.java:119)

162950     ERROR Test worker     d.u.i.k.n.b.AbstractBuilder  de.uka.ilkd.key.java.JavaBuildingExceptions: JavaBuildingIssue{node=PrintStream.$allocate()range=Optional.empty, message='Unsupported element detected given by Java Parser: MethodCallExpr. Please extend the KeY-Java-Hierarchy'}
	at de.uka.ilkd.key.java.JP2KeYVisitor.reportError(JP2KeYConverter.java:119)

162950     ERROR Test worker     d.u.i.k.n.b.TacletPBuilder Error in parsing taclet. de.uka.ilkd.key.util.parsing.BuildingException: JavaBuildingIssue{node=PrintStream.$allocate()range=Optional.empty, message='Unsupported element detected given by Java Parser: MethodCallExpr. Please extend the KeY-Java-Hierarchy'} at file:/home/runner/work/key/key/key.core/build/resources/main/de/uka/ilkd/key/proof/rules/floatAssignment2UpdateRules.key:117:15
	at de.uka.ilkd.key.nparser.builder.AbstractBuilder.accept(AbstractBuilder.java:54)
Caused by: de.uka.ilkd.key.java.JavaBuildingExceptions: JavaBuildingIssue{node=PrintStream.$allocate()range=Optional.empty, message='Unsupported element detected given by Java Parser: MethodCallExpr. Please extend the KeY-Java-Hierarchy'}
	at de.uka.ilkd.key.java.JP2KeYVisitor.reportError(JP2KeYConverter.java:119)

163237     ERROR Test worker     d.u.i.k.n.b.AbstractBuilder  de.uka.ilkd.key.java.JavaBuildingExceptions: JavaBuildingIssue{node=PrintStream.$allocate()range=Optional.empty, message='Unsupported element detected given by Java Parser: MethodCallExpr. Please extend the KeY-Java-Hierarchy'}
	at de.uka.ilkd.key.java.JP2KeYVisitor.reportError(JP2KeYConverter.java:119)

163237     ERROR Test worker     d.u.i.k.n.b.TacletPBuilder Error in parsing taclet. de.uka.ilkd.key.util.parsing.BuildingException: JavaBuildingIssue{node=PrintStream.$allocate()range=Optional.empty, message='Unsupported element detected given by Java Parser: MethodCallExpr. Please extend the KeY-Java-Hierarchy'} at file:/home/runner/work/key/key/key.core/build/resources/main/de/uka/ilkd/key/proof/rules/floatAssignment2UpdateRules.key:125:15
	at de.uka.ilkd.key.nparser.builder.AbstractBuilder.accept(AbstractBuilder.java:54)
Caused by: de.uka.ilkd.key.java.JavaBuildingExceptions: JavaBuildingIssue{node=PrintStream.$allocate()range=Optional.empty, message='Unsupported element detected given by Java Parser: MethodCallExpr. Please extend the KeY-Java-Hierarchy'}
	at de.uka.ilkd.key.java.JP2KeYVisitor.reportError(JP2KeYConverter.java:119)

163479     ERROR Test worker     d.u.i.k.n.b.AbstractBuilder  de.uka.ilkd.key.java.JavaBuildingExceptions: JavaBuildingIssue{node=PrintStream.$allocate()range=Optional.empty, message='Unsupported element detected given by Java Parser: MethodCallExpr. Please extend the KeY-Java-Hierarchy'}
	at de.uka.ilkd.key.java.JP2KeYVisitor.reportError(JP2KeYConverter.java:119)

163479     ERROR Test worker     d.u.i.k.n.b.TacletPBuilder Error in parsing taclet. de.uka.ilkd.key.util.parsing.BuildingException: JavaBuildingIssue{node=PrintStream.$allocate()range=Optional.empty, message='Unsupported element detected given by Java Parser: MethodCallExpr. Please extend the KeY-Java-Hierarchy'} at file:/home/runner/work/key/key/key.core/build/resources/main/de/uka/ilkd/key/proof/rules/floatAssignment2UpdateRules.key:133:15
	at de.uka.ilkd.key.nparser.builder.AbstractBuilder.accept(AbstractBuilder.java:54)
Caused by: de.uka.ilkd.key.java.JavaBuildingExceptions: JavaBuildingIssue{node=PrintStream.$allocate()range=Optional.empty, message='Unsupported element detected given by Java Parser: MethodCallExpr. Please extend the KeY-Java-Hierarchy'}
	at de.uka.ilkd.key.java.JP2KeYVisitor.reportError(JP2KeYConverter.java:119)

163715     ERROR Test worker     d.u.i.k.n.b.AbstractBuilder  de.uka.ilkd.key.java.JavaBuildingExceptions: JavaBuildingIssue{node=PrintStream.$allocate()range=Optional.empty, message='Unsupported element detected given by Java Parser: MethodCallExpr. Please extend the KeY-Java-Hierarchy'}
	at de.uka.ilkd.key.java.JP2KeYVisitor.reportError(JP2KeYConverter.java:119)

163716     ERROR Test worker     d.u.i.k.n.b.TacletPBuilder Error in parsing taclet. de.uka.ilkd.key.util.parsing.BuildingException: JavaBuildingIssue{node=PrintStream.$allocate()range=Optional.empty, message='Unsupported element detected given by Java Parser: MethodCallExpr. Please extend the KeY-Java-Hierarchy'} at file:/home/runner/work/key/key/key.core/build/resources/main/de/uka/ilkd/key/proof/rules/floatAssignment2UpdateRules.key:143:15
	at de.uka.ilkd.key.nparser.builder.AbstractBuilder.accept(AbstractBuilder.java:54)
Caused by: de.uka.ilkd.key.java.JavaBuildingExceptions: JavaBuildingIssue{node=PrintStream.$allocate()range=Optional.empty, message='Unsupported element detected given by Java Parser: MethodCallExpr. Please extend the KeY-Java-Hierarchy'}
	at de.uka.ilkd.key.java.JP2KeYVisitor.reportError(JP2KeYConverter.java:119)

163966     ERROR Test worker     d.u.i.k.n.b.AbstractBuilder  de.uka.ilkd.key.java.JavaBuildingExceptions: JavaBuildingIssue{node=PrintStream.$allocate()range=Optional.empty, message='Unsupported element detected given by Java Parser: MethodCallExpr. Please extend the KeY-Java-Hierarchy'}
	at de.uka.ilkd.key.java.JP2KeYVisitor.reportError(JP2KeYConverter.java:119)

163966     ERROR Test worker     d.u.i.k.n.b.TacletPBuilder Error in parsing taclet. de.uka.ilkd.key.util.parsing.BuildingException: JavaBuildingIssue{node=PrintStream.$allocate()range=Optional.empty, message='Unsupported element detected given by Java Parser: MethodCallExpr. Please extend the KeY-Java-Hierarchy'} at file:/home/runner/work/key/key/key.core/build/resources/main/de/uka/ilkd/key/proof/rules/floatAssignment2UpdateRules.key:153:15
	at de.uka.ilkd.key.nparser.builder.AbstractBuilder.accept(AbstractBuilder.java:54)
Caused by: de.uka.ilkd.key.java.JavaBuildingExceptions: JavaBuildingIssue{node=PrintStream.$allocate()range=Optional.empty, message='Unsupported element detected given by Java Parser: MethodCallExpr. Please extend the KeY-Java-Hierarchy'}
	at de.uka.ilkd.key.java.JP2KeYVisitor.reportError(JP2KeYConverter.java:119)

164205     ERROR Test worker     d.u.i.k.n.b.AbstractBuilder  de.uka.ilkd.key.java.JavaBuildingExceptions: JavaBuildingIssue{node=PrintStream.$allocate()range=Optional.empty, message='Unsupported element detected given by Java Parser: MethodCallExpr. Please extend the KeY-Java-Hierarchy'}
	at de.uka.ilkd.key.java.JP2KeYVisitor.reportError(JP2KeYConverter.java:119)

164205     ERROR Test worker     d.u.i.k.n.b.TacletPBuilder Error in parsing taclet. de.uka.ilkd.key.util.parsing.BuildingException: JavaBuildingIssue{node=PrintStream.$allocate()range=Optional.empty, message='Unsupported element detected given by Java Parser: MethodCallExpr. Please extend the KeY-Java-Hierarchy'} at file:/home/runner/work/key/key/key.core/build/resources/main/de/uka/ilkd/key/proof/rules/floatAssignment2UpdateRules.key:165:15
	at de.uka.ilkd.key.nparser.builder.AbstractBuilder.accept(AbstractBuilder.java:54)
Caused by: de.uka.ilkd.key.java.JavaBuildingExceptions: JavaBuildingIssue{node=PrintStream.$allocate()range=Optional.empty, message='Unsupported element detected given by Java Parser: MethodCallExpr. Please extend the KeY-Java-Hierarchy'}
	at de.uka.ilkd.key.java.JP2KeYVisitor.reportError(JP2KeYConverter.java:119)

164443     ERROR Test worker     d.u.i.k.n.b.AbstractBuilder  de.uka.ilkd.key.java.JavaBuildingExceptions: JavaBuildingIssue{node=PrintStream.$allocate()range=Optional.empty, message='Unsupported element detected given by Java Parser: MethodCallExpr. Please extend the KeY-Java-Hierarchy'}
	at de.uka.ilkd.key.java.JP2KeYVisitor.reportError(JP2KeYConverter.java:119)

164444     ERROR Test worker     d.u.i.k.n.b.TacletPBuilder Error in parsing taclet. de.uka.ilkd.key.util.parsing.BuildingException: JavaBuildingIssue{node=PrintStream.$allocate()range=Optional.empty, message='Unsupported element detected given by Java Parser: MethodCallExpr. Please extend the KeY-Java-Hierarchy'} at file:/home/runner/work/key/key/key.core/build/resources/main/de/uka/ilkd/key/proof/rules/floatAssignment2UpdateRules.key:177:15
	at de.uka.ilkd.key.nparser.builder.AbstractBuilder.accept(AbstractBuilder.java:54)
Caused by: de.uka.ilkd.key.java.JavaBuildingExceptions: JavaBuildingIssue{node=PrintStream.$allocate()range=Optional.empty, message='Unsupported element detected given by Java Parser: MethodCallExpr. Please extend the KeY-Java-Hierarchy'}
	at de.uka.ilkd.key.java.JP2KeYVisitor.reportError(JP2KeYConverter.java:119)

164686     ERROR Test worker     d.u.i.k.n.b.AbstractBuilder  de.uka.ilkd.key.java.JavaBuildingExceptions: JavaBuildingIssue{node=PrintStream.$allocate()range=Optional.empty, message='Unsupported element detected given by Java Parser: MethodCallExpr. Please extend the KeY-Java-Hierarchy'}
	at de.uka.ilkd.key.java.JP2KeYVisitor.reportError(JP2KeYConverter.java:119)

164687     ERROR Test worker     d.u.i.k.n.b.TacletPBuilder Error in parsing taclet. de.uka.ilkd.key.util.parsing.BuildingException: JavaBuildingIssue{node=PrintStream.$allocate()range=Optional.empty, message='Unsupported element detected given by Java Parser: MethodCallExpr. Please extend the KeY-Java-Hierarchy'} at file:/home/runner/work/key/key/key.core/build/resources/main/de/uka/ilkd/key/proof/rules/floatAssignment2UpdateRules.key:189:15
	at de.uka.ilkd.key.nparser.builder.AbstractBuilder.accept(AbstractBuilder.java:54)
Caused by: de.uka.ilkd.key.java.JavaBuildingExceptions: JavaBuildingIssue{node=PrintStream.$allocate()range=Optional.empty, message='Unsupported element detected given by Java Parser: MethodCallExpr. Please extend the KeY-Java-Hierarchy'}
	at de.uka.ilkd.key.java.JP2KeYVisitor.reportError(JP2KeYConverter.java:119)

164925     ERROR Test worker     d.u.i.k.n.b.AbstractBuilder  de.uka.ilkd.key.java.JavaBuildingExceptions: JavaBuildingIssue{node=PrintStream.$allocate()range=Optional.empty, message='Unsupported element detected given by Java Parser: MethodCallExpr. Please extend the KeY-Java-Hierarchy'}
	at de.uka.ilkd.key.java.JP2KeYVisitor.reportError(JP2KeYConverter.java:119)

164926     ERROR Test worker     d.u.i.k.n.b.TacletPBuilder Error in parsing taclet. de.uka.ilkd.key.util.parsing.BuildingException: JavaBuildingIssue{node=PrintStream.$allocate()range=Optional.empty, message='Unsupported element detected given by Java Parser: MethodCallExpr. Please extend the KeY-Java-Hierarchy'} at file:/home/runner/work/key/key/key.core/build/resources/main/de/uka/ilkd/key/proof/rules/floatAssignment2UpdateRules.key:201:15
	at de.uka.ilkd.key.nparser.builder.AbstractBuilder.accept(AbstractBuilder.java:54)
Caused by: de.uka.ilkd.key.java.JavaBuildingExceptions: JavaBuildingIssue{node=PrintStream.$allocate()range=Optional.empty, message='Unsupported element detected given by Java Parser: MethodCallExpr. Please extend the KeY-Java-Hierarchy'}
	at de.uka.ilkd.key.java.JP2KeYVisitor.reportError(JP2KeYConverter.java:119)

165167     ERROR Test worker     d.u.i.k.n.b.AbstractBuilder  de.uka.ilkd.key.java.JavaBuildingExceptions: JavaBuildingIssue{node=PrintStream.$allocate()range=Optional.empty, message='Unsupported element detected given by Java Parser: MethodCallExpr. Please extend the KeY-Java-Hierarchy'}
	at de.uka.ilkd.key.java.JP2KeYVisitor.reportError(JP2KeYConverter.java:119)

165167     ERROR Test worker     d.u.i.k.n.b.TacletPBuilder Error in parsing taclet. de.uka.ilkd.key.util.parsing.BuildingException: JavaBuildingIssue{node=PrintStream.$allocate()range=Optional.empty, message='Unsupported element detected given by Java Parser: MethodCallExpr. Please extend the KeY-Java-Hierarchy'} at file:/home/runner/work/key/key/key.core/build/resources/main/de/uka/ilkd/key/proof/rules/floatAssignment2UpdateRules.key:214:15
	at de.uka.ilkd.key.nparser.builder.AbstractBuilder.accept(AbstractBuilder.java:54)
Caused by: de.uka.ilkd.key.java.JavaBuildingExceptions: JavaBuildingIssue{node=PrintStream.$allocate()range=Optional.empty, message='Unsupported element detected given by Java Parser: MethodCallExpr. Please extend the KeY-Java-Hierarchy'}
	at de.uka.ilkd.key.java.JP2KeYVisitor.reportError(JP2KeYConverter.java:119)

165482     ERROR Test worker     d.u.i.k.n.b.AbstractBuilder  de.uka.ilkd.key.java.JavaBuildingExceptions: JavaBuildingIssue{node=PrintStream.$allocate()range=Optional.empty, message='Unsupported element detected given by Java Parser: MethodCallExpr. Please extend the KeY-Java-Hierarchy'}
	at de.uka.ilkd.key.java.JP2KeYVisitor.reportError(JP2KeYConverter.java:119)

165483     ERROR Test worker     d.u.i.k.n.b.TacletPBuilder Error in parsing taclet. de.uka.ilkd.key.util.parsing.BuildingException: JavaBuildingIssue{node=PrintStream.$allocate()range=Optional.empty, message='Unsupported element detected given by Java Parser: MethodCallExpr. Please extend the KeY-Java-Hierarchy'} at file:/home/runner/work/key/key/key.core/build/resources/main/de/uka/ilkd/key/proof/rules/floatAssignment2UpdateRules.key:226:15
	at de.uka.ilkd.key.nparser.builder.AbstractBuilder.accept(AbstractBuilder.java:54)
Caused by: de.uka.ilkd.key.java.JavaBuildingExceptions: JavaBuildingIssue{node=PrintStream.$allocate()range=Optional.empty, message='Unsupported element detected given by Java Parser: MethodCallExpr. Please extend the KeY-Java-Hierarchy'}
	at de.uka.ilkd.key.java.JP2KeYVisitor.reportError(JP2KeYConverter.java:119)

165719     ERROR Test worker     d.u.i.k.n.b.AbstractBuilder  de.uka.ilkd.key.java.JavaBuildingExceptions: JavaBuildingIssue{node=PrintStream.$allocate()range=Optional.empty, message='Unsupported element detected given by Java Parser: MethodCallExpr. Please extend the KeY-Java-Hierarchy'}
	at de.uka.ilkd.key.java.JP2KeYVisitor.reportError(JP2KeYConverter.java:119)

165720     ERROR Test worker     d.u.i.k.n.b.TacletPBuilder Error in parsing taclet. de.uka.ilkd.key.util.parsing.BuildingException: JavaBuildingIssue{node=PrintStream.$allocate()range=Optional.empty, message='Unsupported element detected given by Java Parser: MethodCallExpr. Please extend the KeY-Java-Hierarchy'} at file:/home/runner/work/key/key/key.core/build/resources/main/de/uka/ilkd/key/proof/rules/floatAssignment2UpdateRules.key:238:15
	at de.uka.ilkd.key.nparser.builder.AbstractBuilder.accept(AbstractBuilder.java:54)
Caused by: de.uka.ilkd.key.java.JavaBuildingExceptions: JavaBuildingIssue{node=PrintStream.$allocate()range=Optional.empty, message='Unsupported element detected given by Java Parser: MethodCallExpr. Please extend the KeY-Java-Hierarchy'}
	at de.uka.ilkd.key.java.JP2KeYVisitor.reportError(JP2KeYConverter.java:119)

165963     ERROR Test worker     d.u.i.k.n.b.AbstractBuilder  de.uka.ilkd.key.java.JavaBuildingExceptions: JavaBuildingIssue{node=PrintStream.$allocate()range=Optional.empty, message='Unsupported element detected given by Java Parser: MethodCallExpr. Please extend the KeY-Java-Hierarchy'}
	at de.uka.ilkd.key.java.JP2KeYVisitor.reportError(JP2KeYConverter.java:119)

165963     ERROR Test worker     d.u.i.k.n.b.TacletPBuilder Error in parsing taclet. de.uka.ilkd.key.util.parsing.BuildingException: JavaBuildingIssue{node=PrintStream.$allocate()range=Optional.empty, message='Unsupported element detected given by Java Parser: MethodCallExpr. Please extend the KeY-Java-Hierarchy'} at file:/home/runner/work/key/key/key.core/build/resources/main/de/uka/ilkd/key/proof/rules/floatAssignment2UpdateRules.key:250:15
	at de.uka.ilkd.key.nparser.builder.AbstractBuilder.accept(AbstractBuilder.java:54)
Caused by: de.uka.ilkd.key.java.JavaBuildingExceptions: JavaBuildingIssue{node=PrintStream.$allocate()range=Optional.empty, message='Unsupported element detected given by Java Parser: MethodCallExpr. Please extend the KeY-Java-Hierarchy'}
	at de.uka.ilkd.key.java.JP2KeYVisitor.reportError(JP2KeYConverter.java:119)

166201     ERROR Test worker     d.u.i.k.n.b.AbstractBuilder  de.uka.ilkd.key.java.JavaBuildingExceptions: JavaBuildingIssue{node=PrintStream.$allocate()range=Optional.empty, message='Unsupported element detected given by Java Parser: MethodCallExpr. Please extend the KeY-Java-Hierarchy'}
	at de.uka.ilkd.key.java.JP2KeYVisitor.reportError(JP2KeYConverter.java:119)

166201     ERROR Test worker     d.u.i.k.n.b.TacletPBuilder Error in parsing taclet. de.uka.ilkd.key.util.parsing.BuildingException: JavaBuildingIssue{node=PrintStream.$allocate()range=Optional.empty, message='Unsupported element detected given by Java Parser: MethodCallExpr. Please extend the KeY-Java-Hierarchy'} at file:/home/runner/work/key/key/key.core/build/resources/main/de/uka/ilkd/key/proof/rules/floatAssignment2UpdateRules.key:264:15
	at de.uka.ilkd.key.nparser.builder.AbstractBuilder.accept(AbstractBuilder.java:54)
Caused by: de.uka.ilkd.key.java.JavaBuildingExceptions: JavaBuildingIssue{node=PrintStream.$allocate()range=Optional.empty, message='Unsupported element detected given by Java Parser: MethodCallExpr. Please extend the KeY-Java-Hierarchy'}
	at de.uka.ilkd.key.java.JP2KeYVisitor.reportError(JP2KeYConverter.java:119)

166440     ERROR Test worker     d.u.i.k.n.b.AbstractBuilder  de.uka.ilkd.key.java.JavaBuildingExceptions: JavaBuildingIssue{node=PrintStream.$allocate()range=Optional.empty, message='Unsupported element detected given by Java Parser: MethodCallExpr. Please extend the KeY-Java-Hierarchy'}
	at de.uka.ilkd.key.java.JP2KeYVisitor.reportError(JP2KeYConverter.java:119)

166441     ERROR Test worker     d.u.i.k.n.b.TacletPBuilder Error in parsing taclet. de.uka.ilkd.key.util.parsing.BuildingException: JavaBuildingIssue{node=PrintStream.$allocate()range=Optional.empty, message='Unsupported element detected given by Java Parser: MethodCallExpr. Please extend the KeY-Java-Hierarchy'} at file:/home/runner/work/key/key/key.core/build/resources/main/de/uka/ilkd/key/proof/rules/floatAssignment2UpdateRules.key:276:15
	at de.uka.ilkd.key.nparser.builder.AbstractBuilder.accept(AbstractBuilder.java:54)
Caused by: de.uka.ilkd.key.java.JavaBuildingExceptions: JavaBuildingIssue{node=PrintStream.$allocate()range=Optional.empty, message='Unsupported element detected given by Java Parser: MethodCallExpr. Please extend the KeY-Java-Hierarchy'}
	at de.uka.ilkd.key.java.JP2KeYVisitor.reportError(JP2KeYConverter.java:119)

166680     ERROR Test worker     d.u.i.k.n.b.AbstractBuilder  de.uka.ilkd.key.java.JavaBuildingExceptions: JavaBuildingIssue{node=PrintStream.$allocate()range=Optional.empty, message='Unsupported element detected given by Java Parser: MethodCallExpr. Please extend the KeY-Java-Hierarchy'}
	at de.uka.ilkd.key.java.JP2KeYVisitor.reportError(JP2KeYConverter.java:119)

166680     ERROR Test worker     d.u.i.k.n.b.TacletPBuilder Error in parsing taclet. de.uka.ilkd.key.util.parsing.BuildingException: JavaBuildingIssue{node=PrintStream.$allocate()range=Optional.empty, message='Unsupported element detected given by Java Parser: MethodCallExpr. Please extend the KeY-Java-Hierarchy'} at file:/home/runner/work/key/key/key.core/build/resources/main/de/uka/ilkd/key/proof/rules/floatAssignment2UpdateRules.key:288:15
	at de.uka.ilkd.key.nparser.builder.AbstractBuilder.accept(AbstractBuilder.java:54)
Caused by: de.uka.ilkd.key.java.JavaBuildingExceptions: JavaBuildingIssue{node=PrintStream.$allocate()range=Optional.empty, message='Unsupported element detected given by Java Parser: MethodCallExpr. Please extend the KeY-Java-Hierarchy'}
	at de.uka.ilkd.key.java.JP2KeYVisitor.reportError(JP2KeYConverter.java:119)

166927     ERROR Test worker     d.u.i.k.n.b.AbstractBuilder  de.uka.ilkd.key.java.JavaBuildingExceptions: JavaBuildingIssue{node=PrintStream.$allocate()range=Optional.empty, message='Unsupported element detected given by Java Parser: MethodCallExpr. Please extend the KeY-Java-Hierarchy'}
	at de.uka.ilkd.key.java.JP2KeYVisitor.reportError(JP2KeYConverter.java:119)

166927     ERROR Test worker     d.u.i.k.n.b.TacletPBuilder Error in parsing taclet. de.uka.ilkd.key.util.parsing.BuildingException: JavaBuildingIssue{node=PrintStream.$allocate()range=Optional.empty, message='Unsupported element detected given by Java Parser: MethodCallExpr. Please extend the KeY-Java-Hierarchy'} at file:/home/runner/work/key/key/key.core/build/resources/main/de/uka/ilkd/key/proof/rules/floatAssignment2UpdateRules.key:300:15
	at de.uka.ilkd.key.nparser.builder.AbstractBuilder.accept(AbstractBuilder.java:54)
Caused by: de.uka.ilkd.key.java.JavaBuildingExceptions: JavaBuildingIssue{node=PrintStream.$allocate()range=Optional.empty, message='Unsupported element detected given by Java Parser: MethodCallExpr. Please extend the KeY-Java-Hierarchy'}
	at de.uka.ilkd.key.java.JP2KeYVisitor.reportError(JP2KeYConverter.java:119)

167167     ERROR Test worker     d.u.i.k.n.b.AbstractBuilder  de.uka.ilkd.key.java.JavaBuildingExceptions: JavaBuildingIssue{node=PrintStream.$allocate()range=Optional.empty, message='Unsupported element detected given by Java Parser: MethodCallExpr. Please extend the KeY-Java-Hierarchy'}
	at de.uka.ilkd.key.java.JP2KeYVisitor.reportError(JP2KeYConverter.java:119)

167167     ERROR Test worker     d.u.i.k.n.b.TacletPBuilder Error in parsing taclet. de.uka.ilkd.key.util.parsing.BuildingException: JavaBuildingIssue{node=PrintStream.$allocate()range=Optional.empty, message='Unsupported element detected given by Java Parser: MethodCallExpr. Please extend the KeY-Java-Hierarchy'} at file:/home/runner/work/key/key/key.core/build/resources/main/de/uka/ilkd/key/proof/rules/floatAssignment2UpdateRules.key:312:15
	at de.uka.ilkd.key.nparser.builder.AbstractBuilder.accept(AbstractBuilder.java:54)
Caused by: de.uka.ilkd.key.java.JavaBuildingExceptions: JavaBuildingIssue{node=PrintStream.$allocate()range=Optional.empty, message='Unsupported element detected given by Java Parser: MethodCallExpr. Please extend the KeY-Java-Hierarchy'}
	at de.uka.ilkd.key.java.JP2KeYVisitor.reportError(JP2KeYConverter.java:119)

167514     ERROR Test worker     d.u.i.k.n.b.AbstractBuilder  de.uka.ilkd.key.java.JavaBuildingExceptions: JavaBuildingIssue{node=PrintStream.$allocate()range=Optional.empty, message='Unsupported element detected given by Java Parser: MethodCallExpr. Please extend the KeY-Java-Hierarchy'}
	at de.uka.ilkd.key.java.JP2KeYVisitor.reportError(JP2KeYConverter.java:119)

167515     ERROR Test worker     d.u.i.k.n.b.TacletPBuilder Error in parsing taclet. de.uka.ilkd.key.util.parsing.BuildingException: JavaBuildingIssue{node=PrintStream.$allocate()range=Optional.empty, message='Unsupported element detected given by Java Parser: MethodCallExpr. Please extend the KeY-Java-Hierarchy'} at file:/home/runner/work/key/key/key.core/build/resources/main/de/uka/ilkd/key/proof/rules/floatAssignment2UpdateRules.key:324:15
	at de.uka.ilkd.key.nparser.builder.AbstractBuilder.accept(AbstractBuilder.java:54)
Caused by: de.uka.ilkd.key.java.JavaBuildingExceptions: JavaBuildingIssue{node=PrintStream.$allocate()range=Optional.empty, message='Unsupported element detected given by Java Parser: MethodCallExpr. Please extend the KeY-Java-Hierarchy'}
	at de.uka.ilkd.key.java.JP2KeYVisitor.reportError(JP2KeYConverter.java:119)

167785     ERROR Test worker     d.u.i.k.n.b.AbstractBuilder  de.uka.ilkd.key.java.JavaBuildingExceptions: JavaBuildingIssue{node=PrintStream.$allocate()range=Optional.empty, message='Unsupported element detected given by Java Parser: MethodCallExpr. Please extend the KeY-Java-Hierarchy'}
	at de.uka.ilkd.key.java.JP2KeYVisitor.reportError(JP2KeYConverter.java:119)

167786     ERROR Test worker     d.u.i.k.n.b.TacletPBuilder Error in parsing taclet. de.uka.ilkd.key.util.parsing.BuildingException: JavaBuildingIssue{node=PrintStream.$allocate()range=Optional.empty, message='Unsupported element detected given by Java Parser: MethodCallExpr. Please extend the KeY-Java-Hierarchy'} at file:/home/runner/work/key/key/key.core/build/resources/main/de/uka/ilkd/key/proof/rules/floatAssignment2UpdateRules.key:336:15
	at de.uka.ilkd.key.nparser.builder.AbstractBuilder.accept(AbstractBuilder.java:54)
Caused by: de.uka.ilkd.key.java.JavaBuildingExceptions: JavaBuildingIssue{node=PrintStream.$allocate()range=Optional.empty, message='Unsupported element detected given by Java Parser: MethodCallExpr. Please extend the KeY-Java-Hierarchy'}
	at de.uka.ilkd.key.java.JP2KeYVisitor.reportError(JP2KeYConverter.java:119)

168064     ERROR Test worker     d.u.i.k.n.b.AbstractBuilder  de.uka.ilkd.key.java.JavaBuildingExceptions: JavaBuildingIssue{node=PrintStream.$allocate()range=Optional.empty, message='Unsupported element detected given by Java Parser: MethodCallExpr. Please extend the KeY-Java-Hierarchy'}
	at de.uka.ilkd.key.java.JP2KeYVisitor.reportError(JP2KeYConverter.java:119)

168065     ERROR Test worker     d.u.i.k.n.b.TacletPBuilder Error in parsing taclet. de.uka.ilkd.key.util.parsing.BuildingException: JavaBuildingIssue{node=PrintStream.$allocate()range=Optional.empty, message='Unsupported element detected given by Java Parser: MethodCallExpr. Please extend the KeY-Java-Hierarchy'} at file:/home/runner/work/key/key/key.core/build/resources/main/de/uka/ilkd/key/proof/rules/floatAssignment2UpdateRules.key:348:15
	at de.uka.ilkd.key.nparser.builder.AbstractBuilder.accept(AbstractBuilder.java:54)
Caused by: de.uka.ilkd.key.java.JavaBuildingExceptions: JavaBuildingIssue{node=PrintStream.$allocate()range=Optional.empty, message='Unsupported element detected given by Java Parser: MethodCallExpr. Please extend the KeY-Java-Hierarchy'}
	at de.uka.ilkd.key.java.JP2KeYVisitor.reportError(JP2KeYConverter.java:119)

168343     ERROR Test worker     d.u.i.k.n.b.AbstractBuilder  de.uka.ilkd.key.java.JavaBuildingExceptions: JavaBuildingIssue{node=PrintStream.$allocate()range=Optional.empty, message='Unsupported element detected given by Java Parser: MethodCallExpr. Please extend the KeY-Java-Hierarchy'}
	at de.uka.ilkd.key.java.JP2KeYVisitor.reportError(JP2KeYConverter.java:119)

168344     ERROR Test worker     d.u.i.k.n.b.TacletPBuilder Error in parsing taclet. de.uka.ilkd.key.util.parsing.BuildingException: JavaBuildingIssue{node=PrintStream.$allocate()range=Optional.empty, message='Unsupported element detected given by Java Parser: MethodCallExpr. Please extend the KeY-Java-Hierarchy'} at file:/home/runner/work/key/key/key.core/build/resources/main/de/uka/ilkd/key/proof/rules/floatAssignment2UpdateRules.key:361:15
	at de.uka.ilkd.key.nparser.builder.AbstractBuilder.accept(AbstractBuilder.java:54)
Caused by: de.uka.ilkd.key.java.JavaBuildingExceptions: JavaBuildingIssue{node=PrintStream.$allocate()range=Optional.empty, message='Unsupported element detected given by Java Parser: MethodCallExpr. Please extend the KeY-Java-Hierarchy'}
	at de.uka.ilkd.key.java.JP2KeYVisitor.reportError(JP2KeYConverter.java:119)

168625     ERROR Test worker     d.u.i.k.n.b.AbstractBuilder  de.uka.ilkd.key.java.JavaBuildingExceptions: JavaBuildingIssue{node=PrintStream.$allocate()range=Optional.empty, message='Unsupported element detected given by Java Parser: MethodCallExpr. Please extend the KeY-Java-Hierarchy'}
	at de.uka.ilkd.key.java.JP2KeYVisitor.reportError(JP2KeYConverter.java:119)

168627     ERROR Test worker     d.u.i.k.n.b.TacletPBuilder Error in parsing taclet. de.uka.ilkd.key.util.parsing.BuildingException: JavaBuildingIssue{node=PrintStream.$allocate()range=Optional.empty, message='Unsupported element detected given by Java Parser: MethodCallExpr. Please extend the KeY-Java-Hierarchy'} at file:/home/runner/work/key/key/key.core/build/resources/main/de/uka/ilkd/key/proof/rules/floatAssignment2UpdateRules.key:372:15
	at de.uka.ilkd.key.nparser.builder.AbstractBuilder.accept(AbstractBuilder.java:54)
Caused by: de.uka.ilkd.key.java.JavaBuildingExceptions: JavaBuildingIssue{node=PrintStream.$allocate()range=Optional.empty, message='Unsupported element detected given by Java Parser: MethodCallExpr. Please extend the KeY-Java-Hierarchy'}
	at de.uka.ilkd.key.java.JP2KeYVisitor.reportError(JP2KeYConverter.java:119)

168909     ERROR Test worker     d.u.i.k.n.b.AbstractBuilder  de.uka.ilkd.key.java.JavaBuildingExceptions: JavaBuildingIssue{node=PrintStream.$allocate()range=Optional.empty, message='Unsupported element detected given by Java Parser: MethodCallExpr. Please extend the KeY-Java-Hierarchy'}
	at de.uka.ilkd.key.java.JP2KeYVisitor.reportError(JP2KeYConverter.java:119)

168910     ERROR Test worker     d.u.i.k.n.b.TacletPBuilder Error in parsing taclet. de.uka.ilkd.key.util.parsing.BuildingException: JavaBuildingIssue{node=PrintStream.$allocate()range=Optional.empty, message='Unsupported element detected given by Java Parser: MethodCallExpr. Please extend the KeY-Java-Hierarchy'} at file:/home/runner/work/key/key/key.core/build/resources/main/de/uka/ilkd/key/proof/rules/floatAssignment2UpdateRules.key:385:15
	at de.uka.ilkd.key.nparser.builder.AbstractBuilder.accept(AbstractBuilder.java:54)
Caused by: de.uka.ilkd.key.java.JavaBuildingExceptions: JavaBuildingIssue{node=PrintStream.$allocate()range=Optional.empty, message='Unsupported element detected given by Java Parser: MethodCallExpr. Please extend the KeY-Java-Hierarchy'}
	at de.uka.ilkd.key.java.JP2KeYVisitor.reportError(JP2KeYConverter.java:119)

169190     ERROR Test worker     d.u.i.k.n.b.AbstractBuilder  de.uka.ilkd.key.java.JavaBuildingExceptions: JavaBuildingIssue{node=PrintStream.$allocate()range=Optional.empty, message='Unsupported element detected given by Java Parser: MethodCallExpr. Please extend the KeY-Java-Hierarchy'}
	at de.uka.ilkd.key.java.JP2KeYVisitor.reportError(JP2KeYConverter.java:119)

169191     ERROR Test worker     d.u.i.k.n.b.TacletPBuilder Error in parsing taclet. de.uka.ilkd.key.util.parsing.BuildingException: JavaBuildingIssue{node=PrintStream.$allocate()range=Optional.empty, message='Unsupported element detected given by Java Parser: MethodCallExpr. Please extend the KeY-Java-Hierarchy'} at file:/home/runner/work/key/key/key.core/build/resources/main/de/uka/ilkd/key/proof/rules/floatAssignment2UpdateRules.key:397:15
	at de.uka.ilkd.key.nparser.builder.AbstractBuilder.accept(AbstractBuilder.java:54)
Caused by: de.uka.ilkd.key.java.JavaBuildingExceptions: JavaBuildingIssue{node=PrintStream.$allocate()range=Optional.empty, message='Unsupported element detected given by Java Parser: MethodCallExpr. Please extend the KeY-Java-Hierarchy'}
	at de.uka.ilkd.key.java.JP2KeYVisitor.reportError(JP2KeYConverter.java:119)

169510     ERROR Test worker     d.u.i.k.n.b.AbstractBuilder  de.uka.ilkd.key.java.JavaBuildingExceptions: JavaBuildingIssue{node=PrintStream.$allocate()range=Optional.empty, message='Unsupported element detected given by Java Parser: MethodCallExpr. Please extend the KeY-Java-Hierarchy'}
	at de.uka.ilkd.key.java.JP2KeYVisitor.reportError(JP2KeYConverter.java:119)

169511     ERROR Test worker     d.u.i.k.n.b.TacletPBuilder Error in parsing taclet. de.uka.ilkd.key.util.parsing.BuildingException: JavaBuildingIssue{node=PrintStream.$allocate()range=Optional.empty, message='Unsupported element detected given by Java Parser: MethodCallExpr. Please extend the KeY-Java-Hierarchy'} at file:/home/runner/work/key/key/key.core/build/resources/main/de/uka/ilkd/key/proof/rules/floatAssignment2UpdateRules.key:407:15
	at de.uka.ilkd.key.nparser.builder.AbstractBuilder.accept(AbstractBuilder.java:54)
Caused by: de.uka.ilkd.key.java.JavaBuildingExceptions: JavaBuildingIssue{node=PrintStream.$allocate()range=Optional.empty, message='Unsupported element detected given by Java Parser: MethodCallExpr. Please extend the KeY-Java-Hierarchy'}
	at de.uka.ilkd.key.java.JP2KeYVisitor.reportError(JP2KeYConverter.java:119)

169915     ERROR Test worker     d.u.i.k.n.b.AbstractBuilder  de.uka.ilkd.key.java.JavaBuildingExceptions: JavaBuildingIssue{node=PrintStream.$allocate()range=Optional.empty, message='Unsupported element detected given by Java Parser: MethodCallExpr. Please extend the KeY-Java-Hierarchy'}
	at de.uka.ilkd.key.java.JP2KeYVisitor.reportError(JP2KeYConverter.java:119)

169916     ERROR Test worker     d.u.i.k.n.b.TacletPBuilder Error in parsing taclet. de.uka.ilkd.key.util.parsing.BuildingException: JavaBuildingIssue{node=PrintStream.$allocate()range=Optional.empty, message='Unsupported element detected given by Java Parser: MethodCallExpr. Please extend the KeY-Java-Hierarchy'} at file:/home/runner/work/key/key/key.core/build/resources/main/de/uka/ilkd/key/proof/rules/floatAssignment2UpdateRules.key:421:15
	at de.uka.ilkd.key.nparser.builder.AbstractBuilder.accept(AbstractBuilder.java:54)
Caused by: de.uka.ilkd.key.java.JavaBuildingExceptions: JavaBuildingIssue{node=PrintStream.$allocate()range=Optional.empty, message='Unsupported element detected given by Java Parser: MethodCallExpr. Please extend the KeY-Java-Hierarchy'}
	at de.uka.ilkd.key.java.JP2KeYVisitor.reportError(JP2KeYConverter.java:119)

170195     ERROR Test worker     d.u.i.k.n.b.AbstractBuilder  de.uka.ilkd.key.java.JavaBuildingExceptions: JavaBuildingIssue{node=PrintStream.$allocate()range=Optional.empty, message='Unsupported element detected given by Java Parser: MethodCallExpr. Please extend the KeY-Java-Hierarchy'}
	at de.uka.ilkd.key.java.JP2KeYVisitor.reportError(JP2KeYConverter.java:119)

170196     ERROR Test worker     d.u.i.k.n.b.TacletPBuilder Error in parsing taclet. de.uka.ilkd.key.util.parsing.BuildingException: JavaBuildingIssue{node=PrintStream.$allocate()range=Optional.empty, message='Unsupported element detected given by Java Parser: MethodCallExpr. Please extend the KeY-Java-Hierarchy'} at file:/home/runner/work/key/key/key.core/build/resources/main/de/uka/ilkd/key/proof/rules/floatAssignment2UpdateRules.key:431:15
	at de.uka.ilkd.key.nparser.builder.AbstractBuilder.accept(AbstractBuilder.java:54)
Caused by: de.uka.ilkd.key.java.JavaBuildingExceptions: JavaBuildingIssue{node=PrintStream.$allocate()range=Optional.empty, message='Unsupported element detected given by Java Parser: MethodCallExpr. Please extend the KeY-Java-Hierarchy'}
	at de.uka.ilkd.key.java.JP2KeYVisitor.reportError(JP2KeYConverter.java:119)

170476     ERROR Test worker     d.u.i.k.n.b.AbstractBuilder  de.uka.ilkd.key.java.JavaBuildingExceptions: JavaBuildingIssue{node=PrintStream.$allocate()range=Optional.empty, message='Unsupported element detected given by Java Parser: MethodCallExpr. Please extend the KeY-Java-Hierarchy'}
	at de.uka.ilkd.key.java.JP2KeYVisitor.reportError(JP2KeYConverter.java:119)

170477     ERROR Test worker     d.u.i.k.n.b.TacletPBuilder Error in parsing taclet. de.uka.ilkd.key.util.parsing.BuildingException: JavaBuildingIssue{node=PrintStream.$allocate()range=Optional.empty, message='Unsupported element detected given by Java Parser: MethodCallExpr. Please extend the KeY-Java-Hierarchy'} at file:/home/runner/work/key/key/key.core/build/resources/main/de/uka/ilkd/key/proof/rules/floatAssignment2UpdateRules.key:441:15
	at de.uka.ilkd.key.nparser.builder.AbstractBuilder.accept(AbstractBuilder.java:54)
Caused by: de.uka.ilkd.key.java.JavaBuildingExceptions: JavaBuildingIssue{node=PrintStream.$allocate()range=Optional.empty, message='Unsupported element detected given by Java Parser: MethodCallExpr. Please extend the KeY-Java-Hierarchy'}
	at de.uka.ilkd.key.java.JP2KeYVisitor.reportError(JP2KeYConverter.java:119)

170754     ERROR Test worker     d.u.i.k.n.b.AbstractBuilder  de.uka.ilkd.key.java.JavaBuildingExceptions: JavaBuildingIssue{node=PrintStream.$allocate()range=Optional.empty, message='Unsupported element detected given by Java Parser: MethodCallExpr. Please extend the KeY-Java-Hierarchy'}
	at de.uka.ilkd.key.java.JP2KeYVisitor.reportError(JP2KeYConverter.java:119)

170755     ERROR Test worker     d.u.i.k.n.b.TacletPBuilder Error in parsing taclet. de.uka.ilkd.key.util.parsing.BuildingException: JavaBuildingIssue{node=PrintStream.$allocate()range=Optional.empty, message='Unsupported element detected given by Java Parser: MethodCallExpr. Please extend the KeY-Java-Hierarchy'} at file:/home/runner/work/key/key/key.core/build/resources/main/de/uka/ilkd/key/proof/rules/floatAssignment2UpdateRules.key:452:15
	at de.uka.ilkd.key.nparser.builder.AbstractBuilder.accept(AbstractBuilder.java:54)
Caused by: de.uka.ilkd.key.java.JavaBuildingExceptions: JavaBuildingIssue{node=PrintStream.$allocate()range=Optional.empty, message='Unsupported element detected given by Java Parser: MethodCallExpr. Please extend the KeY-Java-Hierarchy'}
	at de.uka.ilkd.key.java.JP2KeYVisitor.reportError(JP2KeYConverter.java:119)

171036     ERROR Test worker     d.u.i.k.n.b.AbstractBuilder  de.uka.ilkd.key.java.JavaBuildingExceptions: JavaBuildingIssue{node=PrintStream.$allocate()range=Optional.empty, message='Unsupported element detected given by Java Parser: MethodCallExpr. Please extend the KeY-Java-Hierarchy'}
	at de.uka.ilkd.key.java.JP2KeYVisitor.reportError(JP2KeYConverter.java:119)

171037     ERROR Test worker     d.u.i.k.n.b.TacletPBuilder Error in parsing taclet. de.uka.ilkd.key.util.parsing.BuildingException: JavaBuildingIssue{node=PrintStream.$allocate()range=Optional.empty, message='Unsupported element detected given by Java Parser: MethodCallExpr. Please extend the KeY-Java-Hierarchy'} at file:/home/runner/work/key/key/key.core/build/resources/main/de/uka/ilkd/key/proof/rules/floatAssignment2UpdateRules.key:463:15
	at de.uka.ilkd.key.nparser.builder.AbstractBuilder.accept(AbstractBuilder.java:54)
Caused by: de.uka.ilkd.key.java.JavaBuildingExceptions: JavaBuildingIssue{node=PrintStream.$allocate()range=Optional.empty, message='Unsupported element detected given by Java Parser: MethodCallExpr. Please extend the KeY-Java-Hierarchy'}
	at de.uka.ilkd.key.java.JP2KeYVisitor.reportError(JP2KeYConverter.java:119)

171318     ERROR Test worker     d.u.i.k.n.b.AbstractBuilder  de.uka.ilkd.key.java.JavaBuildingExceptions: JavaBuildingIssue{node=PrintStream.$allocate()range=Optional.empty, message='Unsupported element detected given by Java Parser: MethodCallExpr. Please extend the KeY-Java-Hierarchy'}
	at de.uka.ilkd.key.java.JP2KeYVisitor.reportError(JP2KeYConverter.java:119)

171319     ERROR Test worker     d.u.i.k.n.b.TacletPBuilder Error in parsing taclet. de.uka.ilkd.key.util.parsing.BuildingException: JavaBuildingIssue{node=PrintStream.$allocate()range=Optional.empty, message='Unsupported element detected given by Java Parser: MethodCallExpr. Please extend the KeY-Java-Hierarchy'} at file:/home/runner/work/key/key/key.core/build/resources/main/de/uka/ilkd/key/proof/rules/floatAssignment2UpdateRules.key:473:15
	at de.uka.ilkd.key.nparser.builder.AbstractBuilder.accept(AbstractBuilder.java:54)
Caused by: de.uka.ilkd.key.java.JavaBuildingExceptions: JavaBuildingIssue{node=PrintStream.$allocate()range=Optional.empty, message='Unsupported element detected given by Java Parser: MethodCallExpr. Please extend the KeY-Java-Hierarchy'}
	at de.uka.ilkd.key.java.JP2KeYVisitor.reportError(JP2KeYConverter.java:119)

171609     ERROR Test worker     d.u.i.k.n.b.AbstractBuilder  de.uka.ilkd.key.java.JavaBuildingExceptions: JavaBuildingIssue{node=PrintStream.$allocate()range=Optional.empty, message='Unsupported element detected given by Java Parser: MethodCallExpr. Please extend the KeY-Java-Hierarchy'}
	at de.uka.ilkd.key.java.JP2KeYVisitor.reportError(JP2KeYConverter.java:119)

171610     ERROR Test worker     d.u.i.k.n.b.TacletPBuilder Error in parsing taclet. de.uka.ilkd.key.util.parsing.BuildingException: JavaBuildingIssue{node=PrintStream.$allocate()range=Optional.empty, message='Unsupported element detected given by Java Parser: MethodCallExpr. Please extend the KeY-Java-Hierarchy'} at file:/home/runner/work/key/key/key.core/build/resources/main/de/uka/ilkd/key/proof/rules/floatAssignment2UpdateRules.key:485:15
	at de.uka.ilkd.key.nparser.builder.AbstractBuilder.accept(AbstractBuilder.java:54)
Caused by: de.uka.ilkd.key.java.JavaBuildingExceptions: JavaBuildingIssue{node=PrintStream.$allocate()range=Optional.empty, message='Unsupported element detected given by Java Parser: MethodCallExpr. Please extend the KeY-Java-Hierarchy'}
	at de.uka.ilkd.key.java.JP2KeYVisitor.reportError(JP2KeYConverter.java:119)

171896     ERROR Test worker     d.u.i.k.n.b.AbstractBuilder  de.uka.ilkd.key.java.JavaBuildingExceptions: JavaBuildingIssue{node=PrintStream.$allocate()range=Optional.empty, message='Unsupported element detected given by Java Parser: MethodCallExpr. Please extend the KeY-Java-Hierarchy'}
	at de.uka.ilkd.key.java.JP2KeYVisitor.reportError(JP2KeYConverter.java:119)

171897     ERROR Test worker     d.u.i.k.n.b.TacletPBuilder Error in parsing taclet. de.uka.ilkd.key.util.parsing.BuildingException: JavaBuildingIssue{node=PrintStream.$allocate()range=Optional.empty, message='Unsupported element detected given by Java Parser: MethodCallExpr. Please extend the KeY-Java-Hierarchy'} at file:/home/runner/work/key/key/key.core/build/resources/main/de/uka/ilkd/key/proof/rules/floatAssignment2UpdateRules.key:493:15
	at de.uka.ilkd.key.nparser.builder.AbstractBuilder.accept(AbstractBuilder.java:54)
Caused by: de.uka.ilkd.key.java.JavaBuildingExceptions: JavaBuildingIssue{node=PrintStream.$allocate()range=Optional.empty, message='Unsupported element detected given by Java Parser: MethodCallExpr. Please extend the KeY-Java-Hierarchy'}
	at de.uka.ilkd.key.java.JP2KeYVisitor.reportError(JP2KeYConverter.java:119)

172464     ERROR Test worker     d.u.i.k.n.b.AbstractBuilder  de.uka.ilkd.key.java.JavaBuildingExceptions: JavaBuildingIssue{node=PrintStream.$allocate()range=Optional.empty, message='Unsupported element detected given by Java Parser: MethodCallExpr. Please extend the KeY-Java-Hierarchy'}
	at de.uka.ilkd.key.java.JP2KeYVisitor.reportError(JP2KeYConverter.java:119)

172465     ERROR Test worker     d.u.i.k.n.b.TacletPBuilder Error in parsing taclet. de.uka.ilkd.key.util.parsing.BuildingException: JavaBuildingIssue{node=PrintStream.$allocate()range=Optional.empty, message='Unsupported element detected given by Java Parser: MethodCallExpr. Please extend the KeY-Java-Hierarchy'} at file:/home/runner/work/key/key/key.core/build/resources/main/de/uka/ilkd/key/proof/rules/bigint.key:22:15
	at de.uka.ilkd.key.nparser.builder.AbstractBuilder.accept(AbstractBuilder.java:54)
Caused by: de.uka.ilkd.key.java.JavaBuildingExceptions: JavaBuildingIssue{node=PrintStream.$allocate()range=Optional.empty, message='Unsupported element detected given by Java Parser: MethodCallExpr. Please extend the KeY-Java-Hierarchy'}
	at de.uka.ilkd.key.java.JP2KeYVisitor.reportError(JP2KeYConverter.java:119)

172753     ERROR Test worker     d.u.i.k.n.b.AbstractBuilder  de.uka.ilkd.key.java.JavaBuildingExceptions: JavaBuildingIssue{node=PrintStream.$allocate()range=Optional.empty, message='Unsupported element detected given by Java Parser: MethodCallExpr. Please extend the KeY-Java-Hierarchy'}
	at de.uka.ilkd.key.java.JP2KeYVisitor.reportError(JP2KeYConverter.java:119)

172754     ERROR Test worker     d.u.i.k.n.b.TacletPBuilder Error in parsing taclet. de.uka.ilkd.key.util.parsing.BuildingException: JavaBuildingIssue{node=PrintStream.$allocate()range=Optional.empty, message='Unsupported element detected given by Java Parser: MethodCallExpr. Please extend the KeY-Java-Hierarchy'} at file:/home/runner/work/key/key/key.core/build/resources/main/de/uka/ilkd/key/proof/rules/bigint.key:31:15
	at de.uka.ilkd.key.nparser.builder.AbstractBuilder.accept(AbstractBuilder.java:54)
Caused by: de.uka.ilkd.key.java.JavaBuildingExceptions: JavaBuildingIssue{node=PrintStream.$allocate()range=Optional.empty, message='Unsupported element detected given by Java Parser: MethodCallExpr. Please extend the KeY-Java-Hierarchy'}
	at de.uka.ilkd.key.java.JP2KeYVisitor.reportError(JP2KeYConverter.java:119)

173015     ERROR Test worker     d.u.i.k.n.b.AbstractBuilder  de.uka.ilkd.key.java.JavaBuildingExceptions: JavaBuildingIssue{node=PrintStream.$allocate()range=Optional.empty, message='Unsupported element detected given by Java Parser: MethodCallExpr. Please extend the KeY-Java-Hierarchy'}
	at de.uka.ilkd.key.java.JP2KeYVisitor.reportError(JP2KeYConverter.java:119)

173016     ERROR Test worker     d.u.i.k.n.b.TacletPBuilder Error in parsing taclet. de.uka.ilkd.key.util.parsing.BuildingException: JavaBuildingIssue{node=PrintStream.$allocate()range=Optional.empty, message='Unsupported element detected given by Java Parser: MethodCallExpr. Please extend the KeY-Java-Hierarchy'} at file:/home/runner/work/key/key/key.core/build/resources/main/de/uka/ilkd/key/proof/rules/bigint.key:42:15
	at de.uka.ilkd.key.nparser.builder.AbstractBuilder.accept(AbstractBuilder.java:54)
Caused by: de.uka.ilkd.key.java.JavaBuildingExceptions: JavaBuildingIssue{node=PrintStream.$allocate()range=Optional.empty, message='Unsupported element detected given by Java Parser: MethodCallExpr. Please extend the KeY-Java-Hierarchy'}
	at de.uka.ilkd.key.java.JP2KeYVisitor.reportError(JP2KeYConverter.java:119)

173282     ERROR Test worker     d.u.i.k.n.b.AbstractBuilder  de.uka.ilkd.key.java.JavaBuildingExceptions: JavaBuildingIssue{node=PrintStream.$allocate()range=Optional.empty, message='Unsupported element detected given by Java Parser: MethodCallExpr. Please extend the KeY-Java-Hierarchy'}
	at de.uka.ilkd.key.java.JP2KeYVisitor.reportError(JP2KeYConverter.java:119)

173283     ERROR Test worker     d.u.i.k.n.b.TacletPBuilder Error in parsing taclet. de.uka.ilkd.key.util.parsing.BuildingException: JavaBuildingIssue{node=PrintStream.$allocate()range=Optional.empty, message='Unsupported element detected given by Java Parser: MethodCallExpr. Please extend the KeY-Java-Hierarchy'} at file:/home/runner/work/key/key/key.core/build/resources/main/de/uka/ilkd/key/proof/rules/bigint.key:53:15
	at de.uka.ilkd.key.nparser.builder.AbstractBuilder.accept(AbstractBuilder.java:54)
Caused by: de.uka.ilkd.key.java.JavaBuildingExceptions: JavaBuildingIssue{node=PrintStream.$allocate()range=Optional.empty, message='Unsupported element detected given by Java Parser: MethodCallExpr. Please extend the KeY-Java-Hierarchy'}
	at de.uka.ilkd.key.java.JP2KeYVisitor.reportError(JP2KeYConverter.java:119)

173545     ERROR Test worker     d.u.i.k.n.b.AbstractBuilder  de.uka.ilkd.key.java.JavaBuildingExceptions: JavaBuildingIssue{node=PrintStream.$allocate()range=Optional.empty, message='Unsupported element detected given by Java Parser: MethodCallExpr. Please extend the KeY-Java-Hierarchy'}
	at de.uka.ilkd.key.java.JP2KeYVisitor.reportError(JP2KeYConverter.java:119)

173547     ERROR Test worker     d.u.i.k.n.b.TacletPBuilder Error in parsing taclet. de.uka.ilkd.key.util.parsing.BuildingException: JavaBuildingIssue{node=PrintStream.$allocate()range=Optional.empty, message='Unsupported element detected given by Java Parser: MethodCallExpr. Please extend the KeY-Java-Hierarchy'} at file:/home/runner/work/key/key/key.core/build/resources/main/de/uka/ilkd/key/proof/rules/bigint.key:63:15
	at de.uka.ilkd.key.nparser.builder.AbstractBuilder.accept(AbstractBuilder.java:54)
Caused by: de.uka.ilkd.key.java.JavaBuildingExceptions: JavaBuildingIssue{node=PrintStream.$allocate()range=Optional.empty, message='Unsupported element detected given by Java Parser: MethodCallExpr. Please extend the KeY-Java-Hierarchy'}
	at de.uka.ilkd.key.java.JP2KeYVisitor.reportError(JP2KeYConverter.java:119)

173810     ERROR Test worker     d.u.i.k.n.b.AbstractBuilder  de.uka.ilkd.key.java.JavaBuildingExceptions: JavaBuildingIssue{node=PrintStream.$allocate()range=Optional.empty, message='Unsupported element detected given by Java Parser: MethodCallExpr. Please extend the KeY-Java-Hierarchy'}
	at de.uka.ilkd.key.java.JP2KeYVisitor.reportError(JP2KeYConverter.java:119)

173811     ERROR Test worker     d.u.i.k.n.b.TacletPBuilder Error in parsing taclet. de.uka.ilkd.key.util.parsing.BuildingException: JavaBuildingIssue{node=PrintStream.$allocate()range=Optional.empty, message='Unsupported element detected given by Java Parser: MethodCallExpr. Please extend the KeY-Java-Hierarchy'} at file:/home/runner/work/key/key/key.core/build/resources/main/de/uka/ilkd/key/proof/rules/bigint.key:76:20
	at de.uka.ilkd.key.nparser.builder.AbstractBuilder.accept(AbstractBuilder.java:54)
Caused by: de.uka.ilkd.key.java.JavaBuildingExceptions: JavaBuildingIssue{node=PrintStream.$allocate()range=Optional.empty, message='Unsupported element detected given by Java Parser: MethodCallExpr. Please extend the KeY-Java-Hierarchy'}
	at de.uka.ilkd.key.java.JP2KeYVisitor.reportError(JP2KeYConverter.java:119)

174077     ERROR Test worker     d.u.i.k.n.b.AbstractBuilder  de.uka.ilkd.key.java.JavaBuildingExceptions: JavaBuildingIssue{node=PrintStream.$allocate()range=Optional.empty, message='Unsupported element detected given by Java Parser: MethodCallExpr. Please extend the KeY-Java-Hierarchy'}
	at de.uka.ilkd.key.java.JP2KeYVisitor.reportError(JP2KeYConverter.java:119)

174078     ERROR Test worker     d.u.i.k.n.b.TacletPBuilder Error in parsing taclet. de.uka.ilkd.key.util.parsing.BuildingException: JavaBuildingIssue{node=PrintStream.$allocate()range=Optional.empty, message='Unsupported element detected given by Java Parser: MethodCallExpr. Please extend the KeY-Java-Hierarchy'} at file:/home/runner/work/key/key/key.core/build/resources/main/de/uka/ilkd/key/proof/rules/bigint.key:88:20
	at de.uka.ilkd.key.nparser.builder.AbstractBuilder.accept(AbstractBuilder.java:54)
Caused by: de.uka.ilkd.key.java.JavaBuildingExceptions: JavaBuildingIssue{node=PrintStream.$allocate()range=Optional.empty, message='Unsupported element detected given by Java Parser: MethodCallExpr. Please extend the KeY-Java-Hierarchy'}
	at de.uka.ilkd.key.java.JP2KeYVisitor.reportError(JP2KeYConverter.java:119)

174342     ERROR Test worker     d.u.i.k.n.b.AbstractBuilder  de.uka.ilkd.key.java.JavaBuildingExceptions: JavaBuildingIssue{node=PrintStream.$allocate()range=Optional.empty, message='Unsupported element detected given by Java Parser: MethodCallExpr. Please extend the KeY-Java-Hierarchy'}
	at de.uka.ilkd.key.java.JP2KeYVisitor.reportError(JP2KeYConverter.java:119)

174344     ERROR Test worker     d.u.i.k.n.b.TacletPBuilder Error in parsing taclet. de.uka.ilkd.key.util.parsing.BuildingException: JavaBuildingIssue{node=PrintStream.$allocate()range=Optional.empty, message='Unsupported element detected given by Java Parser: MethodCallExpr. Please extend the KeY-Java-Hierarchy'} at file:/home/runner/work/key/key/key.core/build/resources/main/de/uka/ilkd/key/proof/rules/bigint.key:100:20
	at de.uka.ilkd.key.nparser.builder.AbstractBuilder.accept(AbstractBuilder.java:54)
Caused by: de.uka.ilkd.key.java.JavaBuildingExceptions: JavaBuildingIssue{node=PrintStream.$allocate()range=Optional.empty, message='Unsupported element detected given by Java Parser: MethodCallExpr. Please extend the KeY-Java-Hierarchy'}
	at de.uka.ilkd.key.java.JP2KeYVisitor.reportError(JP2KeYConverter.java:119)

174740     ERROR Test worker     d.u.i.k.n.b.AbstractBuilder  de.uka.ilkd.key.java.JavaBuildingExceptions: JavaBuildingIssue{node=PrintStream.$allocate()range=Optional.empty, message='Unsupported element detected given by Java Parser: MethodCallExpr. Please extend the KeY-Java-Hierarchy'}
	at de.uka.ilkd.key.java.JP2KeYVisitor.reportError(JP2KeYConverter.java:119)

174741     ERROR Test worker     d.u.i.k.n.b.TacletPBuilder Error in parsing taclet. de.uka.ilkd.key.util.parsing.BuildingException: JavaBuildingIssue{node=PrintStream.$allocate()range=Optional.empty, message='Unsupported element detected given by Java Parser: MethodCallExpr. Please extend the KeY-Java-Hierarchy'} at file:/home/runner/work/key/key/key.core/build/resources/main/de/uka/ilkd/key/proof/rules/bigint.key:112:20
	at de.uka.ilkd.key.nparser.builder.AbstractBuilder.accept(AbstractBuilder.java:54)
Caused by: de.uka.ilkd.key.java.JavaBuildingExceptions: JavaBuildingIssue{node=PrintStream.$allocate()range=Optional.empty, message='Unsupported element detected given by Java Parser: MethodCallExpr. Please extend the KeY-Java-Hierarchy'}
	at de.uka.ilkd.key.java.JP2KeYVisitor.reportError(JP2KeYConverter.java:119)

175110     ERROR Test worker     d.u.i.k.n.b.AbstractBuilder  de.uka.ilkd.key.java.JavaBuildingExceptions: JavaBuildingIssue{node=PrintStream.$allocate()range=Optional.empty, message='Unsupported element detected given by Java Parser: MethodCallExpr. Please extend the KeY-Java-Hierarchy'}
	at de.uka.ilkd.key.java.JP2KeYVisitor.reportError(JP2KeYConverter.java:119)

175111     ERROR Test worker     d.u.i.k.n.b.TacletPBuilder Error in parsing taclet. de.uka.ilkd.key.util.parsing.BuildingException: JavaBuildingIssue{node=PrintStream.$allocate()range=Optional.empty, message='Unsupported element detected given by Java Parser: MethodCallExpr. Please extend the KeY-Java-Hierarchy'} at file:/home/runner/work/key/key/key.core/build/resources/main/de/uka/ilkd/key/proof/rules/bigint.key:128:15
	at de.uka.ilkd.key.nparser.builder.AbstractBuilder.accept(AbstractBuilder.java:54)
Caused by: de.uka.ilkd.key.java.JavaBuildingExceptions: JavaBuildingIssue{node=PrintStream.$allocate()range=Optional.empty, message='Unsupported element detected given by Java Parser: MethodCallExpr. Please extend the KeY-Java-Hierarchy'}
	at de.uka.ilkd.key.java.JP2KeYVisitor.reportError(JP2KeYConverter.java:119)

175361     ERROR Test worker     d.u.i.k.n.b.AbstractBuilder  de.uka.ilkd.key.java.JavaBuildingExceptions: JavaBuildingIssue{node=PrintStream.$allocate()range=Optional.empty, message='Unsupported element detected given by Java Parser: MethodCallExpr. Please extend the KeY-Java-Hierarchy'}
	at de.uka.ilkd.key.java.JP2KeYVisitor.reportError(JP2KeYConverter.java:119)

175362     ERROR Test worker     d.u.i.k.n.b.TacletPBuilder Error in parsing taclet. de.uka.ilkd.key.util.parsing.BuildingException: JavaBuildingIssue{node=PrintStream.$allocate()range=Optional.empty, message='Unsupported element detected given by Java Parser: MethodCallExpr. Please extend the KeY-Java-Hierarchy'} at file:/home/runner/work/key/key/key.core/build/resources/main/de/uka/ilkd/key/proof/rules/bigint.key:139:15
	at de.uka.ilkd.key.nparser.builder.AbstractBuilder.accept(AbstractBuilder.java:54)
Caused by: de.uka.ilkd.key.java.JavaBuildingExceptions: JavaBuildingIssue{node=PrintStream.$allocate()range=Optional.empty, message='Unsupported element detected given by Java Parser: MethodCallExpr. Please extend the KeY-Java-Hierarchy'}
	at de.uka.ilkd.key.java.JP2KeYVisitor.reportError(JP2KeYConverter.java:119)

175603     ERROR Test worker     d.u.i.k.n.b.AbstractBuilder  de.uka.ilkd.key.java.JavaBuildingExceptions: JavaBuildingIssue{node=PrintStream.$allocate()range=Optional.empty, message='Unsupported element detected given by Java Parser: MethodCallExpr. Please extend the KeY-Java-Hierarchy'}
	at de.uka.ilkd.key.java.JP2KeYVisitor.reportError(JP2KeYConverter.java:119)

175603     ERROR Test worker     d.u.i.k.n.b.TacletPBuilder Error in parsing taclet. de.uka.ilkd.key.util.parsing.BuildingException: JavaBuildingIssue{node=PrintStream.$allocate()range=Optional.empty, message='Unsupported element detected given by Java Parser: MethodCallExpr. Please extend the KeY-Java-Hierarchy'} at file:/home/runner/work/key/key/key.core/build/resources/main/de/uka/ilkd/key/proof/rules/bigint.key:150:15
	at de.uka.ilkd.key.nparser.builder.AbstractBuilder.accept(AbstractBuilder.java:54)
Caused by: de.uka.ilkd.key.java.JavaBuildingExceptions: JavaBuildingIssue{node=PrintStream.$allocate()range=Optional.empty, message='Unsupported element detected given by Java Parser: MethodCallExpr. Please extend the KeY-Java-Hierarchy'}
	at de.uka.ilkd.key.java.JP2KeYVisitor.reportError(JP2KeYConverter.java:119)

175843     ERROR Test worker     d.u.i.k.n.b.AbstractBuilder  de.uka.ilkd.key.java.JavaBuildingExceptions: JavaBuildingIssue{node=PrintStream.$allocate()range=Optional.empty, message='Unsupported element detected given by Java Parser: MethodCallExpr. Please extend the KeY-Java-Hierarchy'}
	at de.uka.ilkd.key.java.JP2KeYVisitor.reportError(JP2KeYConverter.java:119)

175843     ERROR Test worker     d.u.i.k.n.b.TacletPBuilder Error in parsing taclet. de.uka.ilkd.key.util.parsing.BuildingException: JavaBuildingIssue{node=PrintStream.$allocate()range=Optional.empty, message='Unsupported element detected given by Java Parser: MethodCallExpr. Please extend the KeY-Java-Hierarchy'} at file:/home/runner/work/key/key/key.core/build/resources/main/de/uka/ilkd/key/proof/rules/bigint.key:161:15
	at de.uka.ilkd.key.nparser.builder.AbstractBuilder.accept(AbstractBuilder.java:54)
Caused by: de.uka.ilkd.key.java.JavaBuildingExceptions: JavaBuildingIssue{node=PrintStream.$allocate()range=Optional.empty, message='Unsupported element detected given by Java Parser: MethodCallExpr. Please extend the KeY-Java-Hierarchy'}
	at de.uka.ilkd.key.java.JP2KeYVisitor.reportError(JP2KeYConverter.java:119)

176080     ERROR Test worker     d.u.i.k.n.b.AbstractBuilder  de.uka.ilkd.key.java.JavaBuildingExceptions: JavaBuildingIssue{node=PrintStream.$allocate()range=Optional.empty, message='Unsupported element detected given by Java Parser: MethodCallExpr. Please extend the KeY-Java-Hierarchy'}
	at de.uka.ilkd.key.java.JP2KeYVisitor.reportError(JP2KeYConverter.java:119)

176081     ERROR Test worker     d.u.i.k.n.b.TacletPBuilder Error in parsing taclet. de.uka.ilkd.key.util.parsing.BuildingException: JavaBuildingIssue{node=PrintStream.$allocate()range=Optional.empty, message='Unsupported element detected given by Java Parser: MethodCallExpr. Please extend the KeY-Java-Hierarchy'} at file:/home/runner/work/key/key/key.core/build/resources/main/de/uka/ilkd/key/proof/rules/bigint.key:176:15
	at de.uka.ilkd.key.nparser.builder.AbstractBuilder.accept(AbstractBuilder.java:54)
Caused by: de.uka.ilkd.key.java.JavaBuildingExceptions: JavaBuildingIssue{node=PrintStream.$allocate()range=Optional.empty, message='Unsupported element detected given by Java Parser: MethodCallExpr. Please extend the KeY-Java-Hierarchy'}
	at de.uka.ilkd.key.java.JP2KeYVisitor.reportError(JP2KeYConverter.java:119)

176318     ERROR Test worker     d.u.i.k.n.b.AbstractBuilder  de.uka.ilkd.key.java.JavaBuildingExceptions: JavaBuildingIssue{node=PrintStream.$allocate()range=Optional.empty, message='Unsupported element detected given by Java Parser: MethodCallExpr. Please extend the KeY-Java-Hierarchy'}
	at de.uka.ilkd.key.java.JP2KeYVisitor.reportError(JP2KeYConverter.java:119)

176319     ERROR Test worker     d.u.i.k.n.b.TacletPBuilder Error in parsing taclet. de.uka.ilkd.key.util.parsing.BuildingException: JavaBuildingIssue{node=PrintStream.$allocate()range=Optional.empty, message='Unsupported element detected given by Java Parser: MethodCallExpr. Please extend the KeY-Java-Hierarchy'} at file:/home/runner/work/key/key/key.core/build/resources/main/de/uka/ilkd/key/proof/rules/bigint.key:190:15
	at de.uka.ilkd.key.nparser.builder.AbstractBuilder.accept(AbstractBuilder.java:54)
Caused by: de.uka.ilkd.key.java.JavaBuildingExceptions: JavaBuildingIssue{node=PrintStream.$allocate()range=Optional.empty, message='Unsupported element detected given by Java Parser: MethodCallExpr. Please extend the KeY-Java-Hierarchy'}
	at de.uka.ilkd.key.java.JP2KeYVisitor.reportError(JP2KeYConverter.java:119)

176558     ERROR Test worker     d.u.i.k.n.b.AbstractBuilder  de.uka.ilkd.key.java.JavaBuildingExceptions: JavaBuildingIssue{node=PrintStream.$allocate()range=Optional.empty, message='Unsupported element detected given by Java Parser: MethodCallExpr. Please extend the KeY-Java-Hierarchy'}
	at de.uka.ilkd.key.java.JP2KeYVisitor.reportError(JP2KeYConverter.java:119)

176558     ERROR Test worker     d.u.i.k.n.b.TacletPBuilder Error in parsing taclet. de.uka.ilkd.key.util.parsing.BuildingException: JavaBuildingIssue{node=PrintStream.$allocate()range=Optional.empty, message='Unsupported element detected given by Java Parser: MethodCallExpr. Please extend the KeY-Java-Hierarchy'} at file:/home/runner/work/key/key/key.core/build/resources/main/de/uka/ilkd/key/proof/rules/bigint.key:204:15
	at de.uka.ilkd.key.nparser.builder.AbstractBuilder.accept(AbstractBuilder.java:54)
Caused by: de.uka.ilkd.key.java.JavaBuildingExceptions: JavaBuildingIssue{node=PrintStream.$allocate()range=Optional.empty, message='Unsupported element detected given by Java Parser: MethodCallExpr. Please extend the KeY-Java-Hierarchy'}
	at de.uka.ilkd.key.java.JP2KeYVisitor.reportError(JP2KeYConverter.java:119)

177026     ERROR Test worker     d.u.i.k.n.b.AbstractBuilder  de.uka.ilkd.key.java.JavaBuildingExceptions: JavaBuildingIssue{node=PrintStream.$allocate()range=Optional.empty, message='Unsupported element detected given by Java Parser: MethodCallExpr. Please extend the KeY-Java-Hierarchy'}
	at de.uka.ilkd.key.java.JP2KeYVisitor.reportError(JP2KeYConverter.java:119)

177026     ERROR Test worker     d.u.i.k.n.b.TacletPBuilder Error in parsing taclet. de.uka.ilkd.key.util.parsing.BuildingException: JavaBuildingIssue{node=PrintStream.$allocate()range=Optional.empty, message='Unsupported element detected given by Java Parser: MethodCallExpr. Please extend the KeY-Java-Hierarchy'} at file:/home/runner/work/key/key/key.core/build/resources/main/de/uka/ilkd/key/proof/rules/bigint.key:218:15
	at de.uka.ilkd.key.nparser.builder.AbstractBuilder.accept(AbstractBuilder.java:54)
Caused by: de.uka.ilkd.key.java.JavaBuildingExceptions: JavaBuildingIssue{node=PrintStream.$allocate()range=Optional.empty, message='Unsupported element detected given by Java Parser: MethodCallExpr. Please extend the KeY-Java-Hierarchy'}
	at de.uka.ilkd.key.java.JP2KeYVisitor.reportError(JP2KeYConverter.java:119)

177263     ERROR Test worker     d.u.i.k.n.b.AbstractBuilder  de.uka.ilkd.key.java.JavaBuildingExceptions: JavaBuildingIssue{node=PrintStream.$allocate()range=Optional.empty, message='Unsupported element detected given by Java Parser: MethodCallExpr. Please extend the KeY-Java-Hierarchy'}
	at de.uka.ilkd.key.java.JP2KeYVisitor.reportError(JP2KeYConverter.java:119)

177263     ERROR Test worker     d.u.i.k.n.b.TacletPBuilder Error in parsing taclet. de.uka.ilkd.key.util.parsing.BuildingException: JavaBuildingIssue{node=PrintStream.$allocate()range=Optional.empty, message='Unsupported element detected given by Java Parser: MethodCallExpr. Please extend the KeY-Java-Hierarchy'} at file:/home/runner/work/key/key/key.core/build/resources/main/de/uka/ilkd/key/proof/rules/bigint.key:236:15
	at de.uka.ilkd.key.nparser.builder.AbstractBuilder.accept(AbstractBuilder.java:54)
Caused by: de.uka.ilkd.key.java.JavaBuildingExceptions: JavaBuildingIssue{node=PrintStream.$allocate()range=Optional.empty, message='Unsupported element detected given by Java Parser: MethodCallExpr. Please extend the KeY-Java-Hierarchy'}
	at de.uka.ilkd.key.java.JP2KeYVisitor.reportError(JP2KeYConverter.java:119)

177517     ERROR Test worker     d.u.i.k.n.b.AbstractBuilder  de.uka.ilkd.key.java.JavaBuildingExceptions: JavaBuildingIssue{node=PrintStream.$allocate()range=Optional.empty, message='Unsupported element detected given by Java Parser: MethodCallExpr. Please extend the KeY-Java-Hierarchy'}
	at de.uka.ilkd.key.java.JP2KeYVisitor.reportError(JP2KeYConverter.java:119)

177517     ERROR Test worker     d.u.i.k.n.b.TacletPBuilder Error in parsing taclet. de.uka.ilkd.key.util.parsing.BuildingException: JavaBuildingIssue{node=PrintStream.$allocate()range=Optional.empty, message='Unsupported element detected given by Java Parser: MethodCallExpr. Please extend the KeY-Java-Hierarchy'} at file:/home/runner/work/key/key/key.core/build/resources/main/de/uka/ilkd/key/proof/rules/bigint.key:246:15
	at de.uka.ilkd.key.nparser.builder.AbstractBuilder.accept(AbstractBuilder.java:54)
Caused by: de.uka.ilkd.key.java.JavaBuildingExceptions: JavaBuildingIssue{node=PrintStream.$allocate()range=Optional.empty, message='Unsupported element detected given by Java Parser: MethodCallExpr. Please extend the KeY-Java-Hierarchy'}
	at de.uka.ilkd.key.java.JP2KeYVisitor.reportError(JP2KeYConverter.java:119)

177769     ERROR Test worker     d.u.i.k.n.b.AbstractBuilder  de.uka.ilkd.key.java.JavaBuildingExceptions: JavaBuildingIssue{node=PrintStream.$allocate()range=Optional.empty, message='Unsupported element detected given by Java Parser: MethodCallExpr. Please extend the KeY-Java-Hierarchy'}
	at de.uka.ilkd.key.java.JP2KeYVisitor.reportError(JP2KeYConverter.java:119)

177769     ERROR Test worker     d.u.i.k.n.b.TacletPBuilder Error in parsing taclet. de.uka.ilkd.key.util.parsing.BuildingException: JavaBuildingIssue{node=PrintStream.$allocate()range=Optional.empty, message='Unsupported element detected given by Java Parser: MethodCallExpr. Please extend the KeY-Java-Hierarchy'} at file:/home/runner/work/key/key/key.core/build/resources/main/de/uka/ilkd/key/proof/rules/bigint.key:256:15
	at de.uka.ilkd.key.nparser.builder.AbstractBuilder.accept(AbstractBuilder.java:54)
Caused by: de.uka.ilkd.key.java.JavaBuildingExceptions: JavaBuildingIssue{node=PrintStream.$allocate()range=Optional.empty, message='Unsupported element detected given by Java Parser: MethodCallExpr. Please extend the KeY-Java-Hierarchy'}
	at de.uka.ilkd.key.java.JP2KeYVisitor.reportError(JP2KeYConverter.java:119)

178008     ERROR Test worker     d.u.i.k.n.b.AbstractBuilder  de.uka.ilkd.key.java.JavaBuildingExceptions: JavaBuildingIssue{node=PrintStream.$allocate()range=Optional.empty, message='Unsupported element detected given by Java Parser: MethodCallExpr. Please extend the KeY-Java-Hierarchy'}
	at de.uka.ilkd.key.java.JP2KeYVisitor.reportError(JP2KeYConverter.java:119)

178008     ERROR Test worker     d.u.i.k.n.b.TacletPBuilder Error in parsing taclet. de.uka.ilkd.key.util.parsing.BuildingException: JavaBuildingIssue{node=PrintStream.$allocate()range=Optional.empty, message='Unsupported element detected given by Java Parser: MethodCallExpr. Please extend the KeY-Java-Hierarchy'} at file:/home/runner/work/key/key/key.core/build/resources/main/de/uka/ilkd/key/proof/rules/bigint.key:271:15
	at de.uka.ilkd.key.nparser.builder.AbstractBuilder.accept(AbstractBuilder.java:54)
Caused by: de.uka.ilkd.key.java.JavaBuildingExceptions: JavaBuildingIssue{node=PrintStream.$allocate()range=Optional.empty, message='Unsupported element detected given by Java Parser: MethodCallExpr. Please extend the KeY-Java-Hierarchy'}
	at de.uka.ilkd.key.java.JP2KeYVisitor.reportError(JP2KeYConverter.java:119)

178256     ERROR Test worker     d.u.i.k.n.b.AbstractBuilder  de.uka.ilkd.key.java.JavaBuildingExceptions: JavaBuildingIssue{node=PrintStream.$allocate()range=Optional.empty, message='Unsupported element detected given by Java Parser: MethodCallExpr. Please extend the KeY-Java-Hierarchy'}
	at de.uka.ilkd.key.java.JP2KeYVisitor.reportError(JP2KeYConverter.java:119)

178257     ERROR Test worker     d.u.i.k.n.b.TacletPBuilder Error in parsing taclet. de.uka.ilkd.key.util.parsing.BuildingException: JavaBuildingIssue{node=PrintStream.$allocate()range=Optional.empty, message='Unsupported element detected given by Java Parser: MethodCallExpr. Please extend the KeY-Java-Hierarchy'} at file:/home/runner/work/key/key/key.core/build/resources/main/de/uka/ilkd/key/proof/rules/bigint.key:281:15
	at de.uka.ilkd.key.nparser.builder.AbstractBuilder.accept(AbstractBuilder.java:54)
Caused by: de.uka.ilkd.key.java.JavaBuildingExceptions: JavaBuildingIssue{node=PrintStream.$allocate()range=Optional.empty, message='Unsupported element detected given by Java Parser: MethodCallExpr. Please extend the KeY-Java-Hierarchy'}
	at de.uka.ilkd.key.java.JP2KeYVisitor.reportError(JP2KeYConverter.java:119)

178498     ERROR Test worker     d.u.i.k.n.b.AbstractBuilder  de.uka.ilkd.key.java.JavaBuildingExceptions: JavaBuildingIssue{node=PrintStream.$allocate()range=Optional.empty, message='Unsupported element detected given by Java Parser: MethodCallExpr. Please extend the KeY-Java-Hierarchy'}
	at de.uka.ilkd.key.java.JP2KeYVisitor.reportError(JP2KeYConverter.java:119)

178498     ERROR Test worker     d.u.i.k.n.b.TacletPBuilder Error in parsing taclet. de.uka.ilkd.key.util.parsing.BuildingException: JavaBuildingIssue{node=PrintStream.$allocate()range=Optional.empty, message='Unsupported element detected given by Java Parser: MethodCallExpr. Please extend the KeY-Java-Hierarchy'} at file:/home/runner/work/key/key/key.core/build/resources/main/de/uka/ilkd/key/proof/rules/bigint.key:289:15
	at de.uka.ilkd.key.nparser.builder.AbstractBuilder.accept(AbstractBuilder.java:54)
Caused by: de.uka.ilkd.key.java.JavaBuildingExceptions: JavaBuildingIssue{node=PrintStream.$allocate()range=Optional.empty, message='Unsupported element detected given by Java Parser: MethodCallExpr. Please extend the KeY-Java-Hierarchy'}
	at de.uka.ilkd.key.java.JP2KeYVisitor.reportError(JP2KeYConverter.java:119)

178757     ERROR Test worker     d.u.i.k.n.b.AbstractBuilder  de.uka.ilkd.key.java.JavaBuildingExceptions: JavaBuildingIssue{node=PrintStream.$allocate()range=Optional.empty, message='Unsupported element detected given by Java Parser: MethodCallExpr. Please extend the KeY-Java-Hierarchy'}
	at de.uka.ilkd.key.java.JP2KeYVisitor.reportError(JP2KeYConverter.java:119)

178757     ERROR Test worker     d.u.i.k.n.b.TacletPBuilder Error in parsing taclet. de.uka.ilkd.key.util.parsing.BuildingException: JavaBuildingIssue{node=PrintStream.$allocate()range=Optional.empty, message='Unsupported element detected given by Java Parser: MethodCallExpr. Please extend the KeY-Java-Hierarchy'} at file:/home/runner/work/key/key/key.core/build/resources/main/de/uka/ilkd/key/proof/rules/bigint.key:297:15
	at de.uka.ilkd.key.nparser.builder.AbstractBuilder.accept(AbstractBuilder.java:54)
Caused by: de.uka.ilkd.key.java.JavaBuildingExceptions: JavaBuildingIssue{node=PrintStream.$allocate()range=Optional.empty, message='Unsupported element detected given by Java Parser: MethodCallExpr. Please extend the KeY-Java-Hierarchy'}
	at de.uka.ilkd.key.java.JP2KeYVisitor.reportError(JP2KeYConverter.java:119)

179031     ERROR Test worker     d.u.i.k.n.b.AbstractBuilder  de.uka.ilkd.key.java.JavaBuildingExceptions: JavaBuildingIssue{node=PrintStream.$allocate()range=Optional.empty, message='Unsupported element detected given by Java Parser: MethodCallExpr. Please extend the KeY-Java-Hierarchy'}
	at de.uka.ilkd.key.java.JP2KeYVisitor.reportError(JP2KeYConverter.java:119)

179031     ERROR Test worker     d.u.i.k.n.b.TacletPBuilder Error in parsing taclet. de.uka.ilkd.key.util.parsing.BuildingException: JavaBuildingIssue{node=PrintStream.$allocate()range=Optional.empty, message='Unsupported element detected given by Java Parser: MethodCallExpr. Please extend the KeY-Java-Hierarchy'} at file:/home/runner/work/key/key/key.core/build/resources/main/de/uka/ilkd/key/proof/rules/bigint.key:308:15
	at de.uka.ilkd.key.nparser.builder.AbstractBuilder.accept(AbstractBuilder.java:54)
Caused by: de.uka.ilkd.key.java.JavaBuildingExceptions: JavaBuildingIssue{node=PrintStream.$allocate()range=Optional.empty, message='Unsupported element detected given by Java Parser: MethodCallExpr. Please extend the KeY-Java-Hierarchy'}
	at de.uka.ilkd.key.java.JP2KeYVisitor.reportError(JP2KeYConverter.java:119)

179282     ERROR Test worker     d.u.i.k.n.b.AbstractBuilder  de.uka.ilkd.key.java.JavaBuildingExceptions: JavaBuildingIssue{node=PrintStream.$allocate()range=Optional.empty, message='Unsupported element detected given by Java Parser: MethodCallExpr. Please extend the KeY-Java-Hierarchy'}
	at de.uka.ilkd.key.java.JP2KeYVisitor.reportError(JP2KeYConverter.java:119)

179282     ERROR Test worker     d.u.i.k.n.b.TacletPBuilder Error in parsing taclet. de.uka.ilkd.key.util.parsing.BuildingException: JavaBuildingIssue{node=PrintStream.$allocate()range=Optional.empty, message='Unsupported element detected given by Java Parser: MethodCallExpr. Please extend the KeY-Java-Hierarchy'} at file:/home/runner/work/key/key/key.core/build/resources/main/de/uka/ilkd/key/proof/rules/adtProgramDecompositionRules.key:17:15
	at de.uka.ilkd.key.nparser.builder.AbstractBuilder.accept(AbstractBuilder.java:54)
Caused by: de.uka.ilkd.key.java.JavaBuildingExceptions: JavaBuildingIssue{node=PrintStream.$allocate()range=Optional.empty, message='Unsupported element detected given by Java Parser: MethodCallExpr. Please extend the KeY-Java-Hierarchy'}
	at de.uka.ilkd.key.java.JP2KeYVisitor.reportError(JP2KeYConverter.java:119)

179283     ERROR Test worker     d.u.i.k.n.b.TacletPBuilder Override: #v (program Variable) #v (program Variable) 
179283     ERROR Test worker     d.u.i.k.n.b.TacletPBuilder Override: post (formula) post (formula) 
179518     ERROR Test worker     d.u.i.k.n.b.AbstractBuilder  de.uka.ilkd.key.java.JavaBuildingExceptions: JavaBuildingIssue{node=PrintStream.$allocate()range=Optional.empty, message='Unsupported element detected given by Java Parser: MethodCallExpr. Please extend the KeY-Java-Hierarchy'}
	at de.uka.ilkd.key.java.JP2KeYVisitor.reportError(JP2KeYConverter.java:119)

179518     ERROR Test worker     d.u.i.k.n.b.TacletPBuilder Error in parsing taclet. de.uka.ilkd.key.util.parsing.BuildingException: JavaBuildingIssue{node=PrintStream.$allocate()range=Optional.empty, message='Unsupported element detected given by Java Parser: MethodCallExpr. Please extend the KeY-Java-Hierarchy'} at file:/home/runner/work/key/key/key.core/build/resources/main/de/uka/ilkd/key/proof/rules/adtProgramDecompositionRules.key:30:15
	at de.uka.ilkd.key.nparser.builder.AbstractBuilder.accept(AbstractBuilder.java:54)
Caused by: de.uka.ilkd.key.java.JavaBuildingExceptions: JavaBuildingIssue{node=PrintStream.$allocate()range=Optional.empty, message='Unsupported element detected given by Java Parser: MethodCallExpr. Please extend the KeY-Java-Hierarchy'}
	at de.uka.ilkd.key.java.JP2KeYVisitor.reportError(JP2KeYConverter.java:119)

179518     ERROR Test worker     d.u.i.k.n.b.TacletPBuilder Override: #v (program Variable) #v (program Variable) 
179518     ERROR Test worker     d.u.i.k.n.b.TacletPBuilder Override: #vLeftNew (program Variable) #vLeftNew (program Variable) 
179518     ERROR Test worker     d.u.i.k.n.b.TacletPBuilder Override: #nseLeft (program NonSimpleExpression) #nseLeft (program NonSimpleExpression) 
179518     ERROR Test worker     d.u.i.k.n.b.TacletPBuilder Override: #eRight (program Expression) #eRight (program Expression) 
179518     ERROR Test worker     d.u.i.k.n.b.TacletPBuilder Override: post (formula) post (formula) 
179760     ERROR Test worker     d.u.i.k.n.b.AbstractBuilder  de.uka.ilkd.key.java.JavaBuildingExceptions: JavaBuildingIssue{node=PrintStream.$allocate()range=Optional.empty, message='Unsupported element detected given by Java Parser: MethodCallExpr. Please extend the KeY-Java-Hierarchy'}
	at de.uka.ilkd.key.java.JP2KeYVisitor.reportError(JP2KeYConverter.java:119)

179760     ERROR Test worker     d.u.i.k.n.b.TacletPBuilder Error in parsing taclet. de.uka.ilkd.key.util.parsing.BuildingException: JavaBuildingIssue{node=PrintStream.$allocate()range=Optional.empty, message='Unsupported element detected given by Java Parser: MethodCallExpr. Please extend the KeY-Java-Hierarchy'} at file:/home/runner/work/key/key/key.core/build/resources/main/de/uka/ilkd/key/proof/rules/adtProgramDecompositionRules.key:43:15
	at de.uka.ilkd.key.nparser.builder.AbstractBuilder.accept(AbstractBuilder.java:54)
Caused by: de.uka.ilkd.key.java.JavaBuildingExceptions: JavaBuildingIssue{node=PrintStream.$allocate()range=Optional.empty, message='Unsupported element detected given by Java Parser: MethodCallExpr. Please extend the KeY-Java-Hierarchy'}
	at de.uka.ilkd.key.java.JP2KeYVisitor.reportError(JP2KeYConverter.java:119)

179760     ERROR Test worker     d.u.i.k.n.b.TacletPBuilder Override: #v (program Variable) #v (program Variable) 
179760     ERROR Test worker     d.u.i.k.n.b.TacletPBuilder Override: #vRightNew (program Variable) #vRightNew (program Variable) 
179760     ERROR Test worker     d.u.i.k.n.b.TacletPBuilder Override: #seLeft (program SimpleExpression) #seLeft (program SimpleExpression) 
179760     ERROR Test worker     d.u.i.k.n.b.TacletPBuilder Override: #nseRight (program NonSimpleExpression) #nseRight (program NonSimpleExpression) 
179762     ERROR Test worker     d.u.i.k.n.b.TacletPBuilder Override: post (formula) post (formula) 
180001     ERROR Test worker     d.u.i.k.n.b.AbstractBuilder  de.uka.ilkd.key.java.JavaBuildingExceptions: JavaBuildingIssue{node=PrintStream.$allocate()range=Optional.empty, message='Unsupported element detected given by Java Parser: MethodCallExpr. Please extend the KeY-Java-Hierarchy'}
	at de.uka.ilkd.key.java.JP2KeYVisitor.reportError(JP2KeYConverter.java:119)

180001     ERROR Test worker     d.u.i.k.n.b.TacletPBuilder Error in parsing taclet. de.uka.ilkd.key.util.parsing.BuildingException: JavaBuildingIssue{node=PrintStream.$allocate()range=Optional.empty, message='Unsupported element detected given by Java Parser: MethodCallExpr. Please extend the KeY-Java-Hierarchy'} at file:/home/runner/work/key/key/key.core/build/resources/main/de/uka/ilkd/key/proof/rules/adtProgramDecompositionRules.key:56:15
	at de.uka.ilkd.key.nparser.builder.AbstractBuilder.accept(AbstractBuilder.java:54)
Caused by: de.uka.ilkd.key.java.JavaBuildingExceptions: JavaBuildingIssue{node=PrintStream.$allocate()range=Optional.empty, message='Unsupported element detected given by Java Parser: MethodCallExpr. Please extend the KeY-Java-Hierarchy'}
	at de.uka.ilkd.key.java.JP2KeYVisitor.reportError(JP2KeYConverter.java:119)

180001     ERROR Test worker     d.u.i.k.n.b.TacletPBuilder Override: #v (program Variable) #v (program Variable) 
180001     ERROR Test worker     d.u.i.k.n.b.TacletPBuilder Override: #vLeftNew (program Variable) #vLeftNew (program Variable) 
180001     ERROR Test worker     d.u.i.k.n.b.TacletPBuilder Override: #nseLeft (program NonSimpleExpression) #nseLeft (program NonSimpleExpression) 
180001     ERROR Test worker     d.u.i.k.n.b.TacletPBuilder Override: #eRight (program Expression) #eRight (program Expression) 
180001     ERROR Test worker     d.u.i.k.n.b.TacletPBuilder Override: post (formula) post (formula) 
180238     ERROR Test worker     d.u.i.k.n.b.AbstractBuilder  de.uka.ilkd.key.java.JavaBuildingExceptions: JavaBuildingIssue{node=PrintStream.$allocate()range=Optional.empty, message='Unsupported element detected given by Java Parser: MethodCallExpr. Please extend the KeY-Java-Hierarchy'}
	at de.uka.ilkd.key.java.JP2KeYVisitor.reportError(JP2KeYConverter.java:119)

180239     ERROR Test worker     d.u.i.k.n.b.TacletPBuilder Error in parsing taclet. de.uka.ilkd.key.util.parsing.BuildingException: JavaBuildingIssue{node=PrintStream.$allocate()range=Optional.empty, message='Unsupported element detected given by Java Parser: MethodCallExpr. Please extend the KeY-Java-Hierarchy'} at file:/home/runner/work/key/key/key.core/build/resources/main/de/uka/ilkd/key/proof/rules/adtProgramDecompositionRules.key:69:15
	at de.uka.ilkd.key.nparser.builder.AbstractBuilder.accept(AbstractBuilder.java:54)
Caused by: de.uka.ilkd.key.java.JavaBuildingExceptions: JavaBuildingIssue{node=PrintStream.$allocate()range=Optional.empty, message='Unsupported element detected given by Java Parser: MethodCallExpr. Please extend the KeY-Java-Hierarchy'}
	at de.uka.ilkd.key.java.JP2KeYVisitor.reportError(JP2KeYConverter.java:119)

180239     ERROR Test worker     d.u.i.k.n.b.TacletPBuilder Override: #v (program Variable) #v (program Variable) 
180239     ERROR Test worker     d.u.i.k.n.b.TacletPBuilder Override: #vRightNew (program Variable) #vRightNew (program Variable) 
180239     ERROR Test worker     d.u.i.k.n.b.TacletPBuilder Override: #seLeft (program SimpleExpression) #seLeft (program SimpleExpression) 
180239     ERROR Test worker     d.u.i.k.n.b.TacletPBuilder Override: #nseRight (program NonSimpleExpression) #nseRight (program NonSimpleExpression) 
180239     ERROR Test worker     d.u.i.k.n.b.TacletPBuilder Override: post (formula) post (formula) 
180475     ERROR Test worker     d.u.i.k.n.b.AbstractBuilder  de.uka.ilkd.key.java.JavaBuildingExceptions: JavaBuildingIssue{node=PrintStream.$allocate()range=Optional.empty, message='Unsupported element detected given by Java Parser: MethodCallExpr. Please extend the KeY-Java-Hierarchy'}
	at de.uka.ilkd.key.java.JP2KeYVisitor.reportError(JP2KeYConverter.java:119)

180475     ERROR Test worker     d.u.i.k.n.b.TacletPBuilder Error in parsing taclet. de.uka.ilkd.key.util.parsing.BuildingException: JavaBuildingIssue{node=PrintStream.$allocate()range=Optional.empty, message='Unsupported element detected given by Java Parser: MethodCallExpr. Please extend the KeY-Java-Hierarchy'} at file:/home/runner/work/key/key/key.core/build/resources/main/de/uka/ilkd/key/proof/rules/adtProgramDecompositionRules.key:82:15
	at de.uka.ilkd.key.nparser.builder.AbstractBuilder.accept(AbstractBuilder.java:54)
Caused by: de.uka.ilkd.key.java.JavaBuildingExceptions: JavaBuildingIssue{node=PrintStream.$allocate()range=Optional.empty, message='Unsupported element detected given by Java Parser: MethodCallExpr. Please extend the KeY-Java-Hierarchy'}
	at de.uka.ilkd.key.java.JP2KeYVisitor.reportError(JP2KeYConverter.java:119)

180475     ERROR Test worker     d.u.i.k.n.b.TacletPBuilder Override: #v (program Variable) #v (program Variable) 
180475     ERROR Test worker     d.u.i.k.n.b.TacletPBuilder Override: post (formula) post (formula) 
180778     ERROR Test worker     d.u.i.k.n.b.AbstractBuilder  de.uka.ilkd.key.java.JavaBuildingExceptions: JavaBuildingIssue{node=PrintStream.$allocate()range=Optional.empty, message='Unsupported element detected given by Java Parser: MethodCallExpr. Please extend the KeY-Java-Hierarchy'}
	at de.uka.ilkd.key.java.JP2KeYVisitor.reportError(JP2KeYConverter.java:119)

180779     ERROR Test worker     d.u.i.k.n.b.TacletPBuilder Error in parsing taclet. de.uka.ilkd.key.util.parsing.BuildingException: JavaBuildingIssue{node=PrintStream.$allocate()range=Optional.empty, message='Unsupported element detected given by Java Parser: MethodCallExpr. Please extend the KeY-Java-Hierarchy'} at file:/home/runner/work/key/key/key.core/build/resources/main/de/uka/ilkd/key/proof/rules/adtProgramDecompositionRules.key:94:15
	at de.uka.ilkd.key.nparser.builder.AbstractBuilder.accept(AbstractBuilder.java:54)
Caused by: de.uka.ilkd.key.java.JavaBuildingExceptions: JavaBuildingIssue{node=PrintStream.$allocate()range=Optional.empty, message='Unsupported element detected given by Java Parser: MethodCallExpr. Please extend the KeY-Java-Hierarchy'}
	at de.uka.ilkd.key.java.JP2KeYVisitor.reportError(JP2KeYConverter.java:119)

180779     ERROR Test worker     d.u.i.k.n.b.TacletPBuilder Override: #v (program Variable) #v (program Variable) 
180779     ERROR Test worker     d.u.i.k.n.b.TacletPBuilder Override: #a (program Variable) #a (program Variable) 
180779     ERROR Test worker     d.u.i.k.n.b.TacletPBuilder Override: post (formula) post (formula) 
181014     ERROR Test worker     d.u.i.k.n.b.AbstractBuilder  de.uka.ilkd.key.java.JavaBuildingExceptions: JavaBuildingIssue{node=PrintStream.$allocate()range=Optional.empty, message='Unsupported element detected given by Java Parser: MethodCallExpr. Please extend the KeY-Java-Hierarchy'}
	at de.uka.ilkd.key.java.JP2KeYVisitor.reportError(JP2KeYConverter.java:119)

181014     ERROR Test worker     d.u.i.k.n.b.TacletPBuilder Error in parsing taclet. de.uka.ilkd.key.util.parsing.BuildingException: JavaBuildingIssue{node=PrintStream.$allocate()range=Optional.empty, message='Unsupported element detected given by Java Parser: MethodCallExpr. Please extend the KeY-Java-Hierarchy'} at file:/home/runner/work/key/key/key.core/build/resources/main/de/uka/ilkd/key/proof/rules/adtProgramDecompositionRules.key:107:15
	at de.uka.ilkd.key.nparser.builder.AbstractBuilder.accept(AbstractBuilder.java:54)
Caused by: de.uka.ilkd.key.java.JavaBuildingExceptions: JavaBuildingIssue{node=PrintStream.$allocate()range=Optional.empty, message='Unsupported element detected given by Java Parser: MethodCallExpr. Please extend the KeY-Java-Hierarchy'}
	at de.uka.ilkd.key.java.JP2KeYVisitor.reportError(JP2KeYConverter.java:119)

181014     ERROR Test worker     d.u.i.k.n.b.TacletPBuilder Override: #v (program Variable) #v (program Variable) 
181014     ERROR Test worker     d.u.i.k.n.b.TacletPBuilder Override: #a (program Variable) #a (program Variable) 
181014     ERROR Test worker     d.u.i.k.n.b.TacletPBuilder Override: post (formula) post (formula) 
181251     ERROR Test worker     d.u.i.k.n.b.AbstractBuilder  de.uka.ilkd.key.java.JavaBuildingExceptions: JavaBuildingIssue{node=PrintStream.$allocate()range=Optional.empty, message='Unsupported element detected given by Java Parser: MethodCallExpr. Please extend the KeY-Java-Hierarchy'}
	at de.uka.ilkd.key.java.JP2KeYVisitor.reportError(JP2KeYConverter.java:119)

181251     ERROR Test worker     d.u.i.k.n.b.TacletPBuilder Error in parsing taclet. de.uka.ilkd.key.util.parsing.BuildingException: JavaBuildingIssue{node=PrintStream.$allocate()range=Optional.empty, message='Unsupported element detected given by Java Parser: MethodCallExpr. Please extend the KeY-Java-Hierarchy'} at file:/home/runner/work/key/key/key.core/build/resources/main/de/uka/ilkd/key/proof/rules/adtProgramDecompositionRules.key:119:15
	at de.uka.ilkd.key.nparser.builder.AbstractBuilder.accept(AbstractBuilder.java:54)
Caused by: de.uka.ilkd.key.java.JavaBuildingExceptions: JavaBuildingIssue{node=PrintStream.$allocate()range=Optional.empty, message='Unsupported element detected given by Java Parser: MethodCallExpr. Please extend the KeY-Java-Hierarchy'}
	at de.uka.ilkd.key.java.JP2KeYVisitor.reportError(JP2KeYConverter.java:119)

181251     ERROR Test worker     d.u.i.k.n.b.TacletPBuilder Override: #v (program Variable) #v (program Variable) 
181251     ERROR Test worker     d.u.i.k.n.b.TacletPBuilder Override: #vObjNew (program Variable) #vObjNew (program Variable) 
181251     ERROR Test worker     d.u.i.k.n.b.TacletPBuilder Override: #nseObj (program NonSimpleExpression) #nseObj (program NonSimpleExpression) 
181251     ERROR Test worker     d.u.i.k.n.b.TacletPBuilder Override: post (formula) post (formula) 
181486     ERROR Test worker     d.u.i.k.n.b.AbstractBuilder  de.uka.ilkd.key.java.JavaBuildingExceptions: JavaBuildingIssue{node=PrintStream.$allocate()range=Optional.empty, message='Unsupported element detected given by Java Parser: MethodCallExpr. Please extend the KeY-Java-Hierarchy'}
	at de.uka.ilkd.key.java.JP2KeYVisitor.reportError(JP2KeYConverter.java:119)

181486     ERROR Test worker     d.u.i.k.n.b.TacletPBuilder Error in parsing taclet. de.uka.ilkd.key.util.parsing.BuildingException: JavaBuildingIssue{node=PrintStream.$allocate()range=Optional.empty, message='Unsupported element detected given by Java Parser: MethodCallExpr. Please extend the KeY-Java-Hierarchy'} at file:/home/runner/work/key/key/key.core/build/resources/main/de/uka/ilkd/key/proof/rules/adtProgramDecompositionRules.key:131:15
	at de.uka.ilkd.key.nparser.builder.AbstractBuilder.accept(AbstractBuilder.java:54)
Caused by: de.uka.ilkd.key.java.JavaBuildingExceptions: JavaBuildingIssue{node=PrintStream.$allocate()range=Optional.empty, message='Unsupported element detected given by Java Parser: MethodCallExpr. Please extend the KeY-Java-Hierarchy'}
	at de.uka.ilkd.key.java.JP2KeYVisitor.reportError(JP2KeYConverter.java:119)

181487     ERROR Test worker     d.u.i.k.n.b.TacletPBuilder Override: #v (program Variable) #v (program Variable) 
181487     ERROR Test worker     d.u.i.k.n.b.TacletPBuilder Override: #vLeftNew (program Variable) #vLeftNew (program Variable) 
181487     ERROR Test worker     d.u.i.k.n.b.TacletPBuilder Override: #nseLeft (program NonSimpleExpression) #nseLeft (program NonSimpleExpression) 
181487     ERROR Test worker     d.u.i.k.n.b.TacletPBuilder Override: #eRight (program Expression) #eRight (program Expression) 
181487     ERROR Test worker     d.u.i.k.n.b.TacletPBuilder Override: post (formula) post (formula) 
181725     ERROR Test worker     d.u.i.k.n.b.AbstractBuilder  de.uka.ilkd.key.java.JavaBuildingExceptions: JavaBuildingIssue{node=PrintStream.$allocate()range=Optional.empty, message='Unsupported element detected given by Java Parser: MethodCallExpr. Please extend the KeY-Java-Hierarchy'}
	at de.uka.ilkd.key.java.JP2KeYVisitor.reportError(JP2KeYConverter.java:119)

181725     ERROR Test worker     d.u.i.k.n.b.TacletPBuilder Error in parsing taclet. de.uka.ilkd.key.util.parsing.BuildingException: JavaBuildingIssue{node=PrintStream.$allocate()range=Optional.empty, message='Unsupported element detected given by Java Parser: MethodCallExpr. Please extend the KeY-Java-Hierarchy'} at file:/home/runner/work/key/key/key.core/build/resources/main/de/uka/ilkd/key/proof/rules/adtProgramDecompositionRules.key:150:15
	at de.uka.ilkd.key.nparser.builder.AbstractBuilder.accept(AbstractBuilder.java:54)
Caused by: de.uka.ilkd.key.java.JavaBuildingExceptions: JavaBuildingIssue{node=PrintStream.$allocate()range=Optional.empty, message='Unsupported element detected given by Java Parser: MethodCallExpr. Please extend the KeY-Java-Hierarchy'}
	at de.uka.ilkd.key.java.JP2KeYVisitor.reportError(JP2KeYConverter.java:119)

181725     ERROR Test worker     d.u.i.k.n.b.TacletPBuilder Override: #v (program Variable) #v (program Variable) 
181725     ERROR Test worker     d.u.i.k.n.b.TacletPBuilder Override: #vRightNew (program Variable) #vRightNew (program Variable) 
181725     ERROR Test worker     d.u.i.k.n.b.TacletPBuilder Override: #seLeft (program SimpleExpression) #seLeft (program SimpleExpression) 
181725     ERROR Test worker     d.u.i.k.n.b.TacletPBuilder Override: #nseRight (program NonSimpleExpression) #nseRight (program NonSimpleExpression) 
181725     ERROR Test worker     d.u.i.k.n.b.TacletPBuilder Override: post (formula) post (formula) 
181965     ERROR Test worker     d.u.i.k.n.b.AbstractBuilder  de.uka.ilkd.key.java.JavaBuildingExceptions: JavaBuildingIssue{node=PrintStream.$allocate()range=Optional.empty, message='Unsupported element detected given by Java Parser: MethodCallExpr. Please extend the KeY-Java-Hierarchy'}
	at de.uka.ilkd.key.java.JP2KeYVisitor.reportError(JP2KeYConverter.java:119)

181965     ERROR Test worker     d.u.i.k.n.b.TacletPBuilder Error in parsing taclet. de.uka.ilkd.key.util.parsing.BuildingException: JavaBuildingIssue{node=PrintStream.$allocate()range=Optional.empty, message='Unsupported element detected given by Java Parser: MethodCallExpr. Please extend the KeY-Java-Hierarchy'} at file:/home/runner/work/key/key/key.core/build/resources/main/de/uka/ilkd/key/proof/rules/adtProgramDecompositionRules.key:163:15
	at de.uka.ilkd.key.nparser.builder.AbstractBuilder.accept(AbstractBuilder.java:54)
Caused by: de.uka.ilkd.key.java.JavaBuildingExceptions: JavaBuildingIssue{node=PrintStream.$allocate()range=Optional.empty, message='Unsupported element detected given by Java Parser: MethodCallExpr. Please extend the KeY-Java-Hierarchy'}
	at de.uka.ilkd.key.java.JP2KeYVisitor.reportError(JP2KeYConverter.java:119)

181965     ERROR Test worker     d.u.i.k.n.b.TacletPBuilder Override: #v (program Variable) #v (program Variable) 
181965     ERROR Test worker     d.u.i.k.n.b.TacletPBuilder Override: #vLeftNew (program Variable) #vLeftNew (program Variable) 
181965     ERROR Test worker     d.u.i.k.n.b.TacletPBuilder Override: #nseLeft (program NonSimpleExpression) #nseLeft (program NonSimpleExpression) 
181965     ERROR Test worker     d.u.i.k.n.b.TacletPBuilder Override: #eRight (program Expression) #eRight (program Expression) 
181965     ERROR Test worker     d.u.i.k.n.b.TacletPBuilder Override: post (formula) post (formula) 
182201     ERROR Test worker     d.u.i.k.n.b.AbstractBuilder  de.uka.ilkd.key.java.JavaBuildingExceptions: JavaBuildingIssue{node=PrintStream.$allocate()range=Optional.empty, message='Unsupported element detected given by Java Parser: MethodCallExpr. Please extend the KeY-Java-Hierarchy'}
	at de.uka.ilkd.key.java.JP2KeYVisitor.reportError(JP2KeYConverter.java:119)

182202     ERROR Test worker     d.u.i.k.n.b.TacletPBuilder Error in parsing taclet. de.uka.ilkd.key.util.parsing.BuildingException: JavaBuildingIssue{node=PrintStream.$allocate()range=Optional.empty, message='Unsupported element detected given by Java Parser: MethodCallExpr. Please extend the KeY-Java-Hierarchy'} at file:/home/runner/work/key/key/key.core/build/resources/main/de/uka/ilkd/key/proof/rules/adtProgramDecompositionRules.key:176:15
	at de.uka.ilkd.key.nparser.builder.AbstractBuilder.accept(AbstractBuilder.java:54)
Caused by: de.uka.ilkd.key.java.JavaBuildingExceptions: JavaBuildingIssue{node=PrintStream.$allocate()range=Optional.empty, message='Unsupported element detected given by Java Parser: MethodCallExpr. Please extend the KeY-Java-Hierarchy'}
	at de.uka.ilkd.key.java.JP2KeYVisitor.reportError(JP2KeYConverter.java:119)

182202     ERROR Test worker     d.u.i.k.n.b.TacletPBuilder Override: #v (program Variable) #v (program Variable) 
182202     ERROR Test worker     d.u.i.k.n.b.TacletPBuilder Override: #vRightNew (program Variable) #vRightNew (program Variable) 
182202     ERROR Test worker     d.u.i.k.n.b.TacletPBuilder Override: #seLeft (program SimpleExpression) #seLeft (program SimpleExpression) 
182202     ERROR Test worker     d.u.i.k.n.b.TacletPBuilder Override: #nseRight (program NonSimpleExpression) #nseRight (program NonSimpleExpression) 
182203     ERROR Test worker     d.u.i.k.n.b.TacletPBuilder Override: post (formula) post (formula) 
182537     ERROR Test worker     d.u.i.k.n.b.AbstractBuilder  de.uka.ilkd.key.java.JavaBuildingExceptions: JavaBuildingIssue{node=PrintStream.$allocate()range=Optional.empty, message='Unsupported element detected given by Java Parser: MethodCallExpr. Please extend the KeY-Java-Hierarchy'}
	at de.uka.ilkd.key.java.JP2KeYVisitor.reportError(JP2KeYConverter.java:119)

182538     ERROR Test worker     d.u.i.k.n.b.TacletPBuilder Error in parsing taclet. de.uka.ilkd.key.util.parsing.BuildingException: JavaBuildingIssue{node=PrintStream.$allocate()range=Optional.empty, message='Unsupported element detected given by Java Parser: MethodCallExpr. Please extend the KeY-Java-Hierarchy'} at file:/home/runner/work/key/key/key.core/build/resources/main/de/uka/ilkd/key/proof/rules/adtProgramDecompositionRules.key:189:15
	at de.uka.ilkd.key.nparser.builder.AbstractBuilder.accept(AbstractBuilder.java:54)
Caused by: de.uka.ilkd.key.java.JavaBuildingExceptions: JavaBuildingIssue{node=PrintStream.$allocate()range=Optional.empty, message='Unsupported element detected given by Java Parser: MethodCallExpr. Please extend the KeY-Java-Hierarchy'}
	at de.uka.ilkd.key.java.JP2KeYVisitor.reportError(JP2KeYConverter.java:119)

182539     ERROR Test worker     d.u.i.k.n.b.TacletPBuilder Override: #v (program Variable) #v (program Variable) 
182540     ERROR Test worker     d.u.i.k.n.b.TacletPBuilder Override: #vLeftNew (program Variable) #vLeftNew (program Variable) 
182540     ERROR Test worker     d.u.i.k.n.b.TacletPBuilder Override: #nseLeft (program NonSimpleExpression) #nseLeft (program NonSimpleExpression) 
182540     ERROR Test worker     d.u.i.k.n.b.TacletPBuilder Override: #eRight (program Expression) #eRight (program Expression) 
182540     ERROR Test worker     d.u.i.k.n.b.TacletPBuilder Override: post (formula) post (formula) 
182816     ERROR Test worker     d.u.i.k.n.b.AbstractBuilder  de.uka.ilkd.key.java.JavaBuildingExceptions: JavaBuildingIssue{node=PrintStream.$allocate()range=Optional.empty, message='Unsupported element detected given by Java Parser: MethodCallExpr. Please extend the KeY-Java-Hierarchy'}
	at de.uka.ilkd.key.java.JP2KeYVisitor.reportError(JP2KeYConverter.java:119)

182817     ERROR Test worker     d.u.i.k.n.b.TacletPBuilder Error in parsing taclet. de.uka.ilkd.key.util.parsing.BuildingException: JavaBuildingIssue{node=PrintStream.$allocate()range=Optional.empty, message='Unsupported element detected given by Java Parser: MethodCallExpr. Please extend the KeY-Java-Hierarchy'} at file:/home/runner/work/key/key/key.core/build/resources/main/de/uka/ilkd/key/proof/rules/adtProgramDecompositionRules.key:202:15
	at de.uka.ilkd.key.nparser.builder.AbstractBuilder.accept(AbstractBuilder.java:54)
Caused by: de.uka.ilkd.key.java.JavaBuildingExceptions: JavaBuildingIssue{node=PrintStream.$allocate()range=Optional.empty, message='Unsupported element detected given by Java Parser: MethodCallExpr. Please extend the KeY-Java-Hierarchy'}
	at de.uka.ilkd.key.java.JP2KeYVisitor.reportError(JP2KeYConverter.java:119)

182817     ERROR Test worker     d.u.i.k.n.b.TacletPBuilder Override: #v (program Variable) #v (program Variable) 
182817     ERROR Test worker     d.u.i.k.n.b.TacletPBuilder Override: #vRightNew (program Variable) #vRightNew (program Variable) 
182817     ERROR Test worker     d.u.i.k.n.b.TacletPBuilder Override: #seLeft (program SimpleExpression) #seLeft (program SimpleExpression) 
182818     ERROR Test worker     d.u.i.k.n.b.TacletPBuilder Override: #nseRight (program NonSimpleExpression) #nseRight (program NonSimpleExpression) 
182818     ERROR Test worker     d.u.i.k.n.b.TacletPBuilder Override: post (formula) post (formula) 
183092     ERROR Test worker     d.u.i.k.n.b.AbstractBuilder  de.uka.ilkd.key.java.JavaBuildingExceptions: JavaBuildingIssue{node=PrintStream.$allocate()range=Optional.empty, message='Unsupported element detected given by Java Parser: MethodCallExpr. Please extend the KeY-Java-Hierarchy'}
	at de.uka.ilkd.key.java.JP2KeYVisitor.reportError(JP2KeYConverter.java:119)

183093     ERROR Test worker     d.u.i.k.n.b.TacletPBuilder Error in parsing taclet. de.uka.ilkd.key.util.parsing.BuildingException: JavaBuildingIssue{node=PrintStream.$allocate()range=Optional.empty, message='Unsupported element detected given by Java Parser: MethodCallExpr. Please extend the KeY-Java-Hierarchy'} at file:/home/runner/work/key/key/key.core/build/resources/main/de/uka/ilkd/key/proof/rules/adtProgramDecompositionRules.key:215:15
	at de.uka.ilkd.key.nparser.builder.AbstractBuilder.accept(AbstractBuilder.java:54)
Caused by: de.uka.ilkd.key.java.JavaBuildingExceptions: JavaBuildingIssue{node=PrintStream.$allocate()range=Optional.empty, message='Unsupported element detected given by Java Parser: MethodCallExpr. Please extend the KeY-Java-Hierarchy'}
	at de.uka.ilkd.key.java.JP2KeYVisitor.reportError(JP2KeYConverter.java:119)

183094     ERROR Test worker     d.u.i.k.n.b.TacletPBuilder Override: #v (program Variable) #v (program Variable) 
183094     ERROR Test worker     d.u.i.k.n.b.TacletPBuilder Override: #vLeftNew (program Variable) #vLeftNew (program Variable) 
183094     ERROR Test worker     d.u.i.k.n.b.TacletPBuilder Override: #nseLeft (program NonSimpleExpression) #nseLeft (program NonSimpleExpression) 
183094     ERROR Test worker     d.u.i.k.n.b.TacletPBuilder Override: #eRight (program Expression) #eRight (program Expression) 
183094     ERROR Test worker     d.u.i.k.n.b.TacletPBuilder Override: post (formula) post (formula) 
183369     ERROR Test worker     d.u.i.k.n.b.AbstractBuilder  de.uka.ilkd.key.java.JavaBuildingExceptions: JavaBuildingIssue{node=PrintStream.$allocate()range=Optional.empty, message='Unsupported element detected given by Java Parser: MethodCallExpr. Please extend the KeY-Java-Hierarchy'}
	at de.uka.ilkd.key.java.JP2KeYVisitor.reportError(JP2KeYConverter.java:119)

183369     ERROR Test worker     d.u.i.k.n.b.TacletPBuilder Error in parsing taclet. de.uka.ilkd.key.util.parsing.BuildingException: JavaBuildingIssue{node=PrintStream.$allocate()range=Optional.empty, message='Unsupported element detected given by Java Parser: MethodCallExpr. Please extend the KeY-Java-Hierarchy'} at file:/home/runner/work/key/key/key.core/build/resources/main/de/uka/ilkd/key/proof/rules/adtProgramDecompositionRules.key:228:15
	at de.uka.ilkd.key.nparser.builder.AbstractBuilder.accept(AbstractBuilder.java:54)
Caused by: de.uka.ilkd.key.java.JavaBuildingExceptions: JavaBuildingIssue{node=PrintStream.$allocate()range=Optional.empty, message='Unsupported element detected given by Java Parser: MethodCallExpr. Please extend the KeY-Java-Hierarchy'}
	at de.uka.ilkd.key.java.JP2KeYVisitor.reportError(JP2KeYConverter.java:119)

183370     ERROR Test worker     d.u.i.k.n.b.TacletPBuilder Override: #v (program Variable) #v (program Variable) 
183370     ERROR Test worker     d.u.i.k.n.b.TacletPBuilder Override: #seLeft (program SimpleExpression) #seLeft (program SimpleExpression) 
183370     ERROR Test worker     d.u.i.k.n.b.TacletPBuilder Override: #eRight (program Expression) #eRight (program Expression) 
183370     ERROR Test worker     d.u.i.k.n.b.TacletPBuilder Override: post (formula) post (formula) 
183648     ERROR Test worker     d.u.i.k.n.b.AbstractBuilder  de.uka.ilkd.key.java.JavaBuildingExceptions: JavaBuildingIssue{node=PrintStream.$allocate()range=Optional.empty, message='Unsupported element detected given by Java Parser: MethodCallExpr. Please extend the KeY-Java-Hierarchy'}
	at de.uka.ilkd.key.java.JP2KeYVisitor.reportError(JP2KeYConverter.java:119)

183649     ERROR Test worker     d.u.i.k.n.b.TacletPBuilder Error in parsing taclet. de.uka.ilkd.key.util.parsing.BuildingException: JavaBuildingIssue{node=PrintStream.$allocate()range=Optional.empty, message='Unsupported element detected given by Java Parser: MethodCallExpr. Please extend the KeY-Java-Hierarchy'} at file:/home/runner/work/key/key/key.core/build/resources/main/de/uka/ilkd/key/proof/rules/adtProgramDecompositionRules.key:243:15
	at de.uka.ilkd.key.nparser.builder.AbstractBuilder.accept(AbstractBuilder.java:54)
Caused by: de.uka.ilkd.key.java.JavaBuildingExceptions: JavaBuildingIssue{node=PrintStream.$allocate()range=Optional.empty, message='Unsupported element detected given by Java Parser: MethodCallExpr. Please extend the KeY-Java-Hierarchy'}
	at de.uka.ilkd.key.java.JP2KeYVisitor.reportError(JP2KeYConverter.java:119)

183649     ERROR Test worker     d.u.i.k.n.b.TacletPBuilder Override: #v (program Variable) #v (program Variable) 
183649     ERROR Test worker     d.u.i.k.n.b.TacletPBuilder Override: #vRightNew (program Variable) #vRightNew (program Variable) 
183650     ERROR Test worker     d.u.i.k.n.b.TacletPBuilder Override: #seLeft (program SimpleExpression) #seLeft (program SimpleExpression) 
183650     ERROR Test worker     d.u.i.k.n.b.TacletPBuilder Override: #nseRight (program NonSimpleExpression) #nseRight (program NonSimpleExpression) 
183650     ERROR Test worker     d.u.i.k.n.b.TacletPBuilder Override: post (formula) post (formula) 
183927     ERROR Test worker     d.u.i.k.n.b.AbstractBuilder  de.uka.ilkd.key.java.JavaBuildingExceptions: JavaBuildingIssue{node=PrintStream.$allocate()range=Optional.empty, message='Unsupported element detected given by Java Parser: MethodCallExpr. Please extend the KeY-Java-Hierarchy'}
	at de.uka.ilkd.key.java.JP2KeYVisitor.reportError(JP2KeYConverter.java:119)

183928     ERROR Test worker     d.u.i.k.n.b.TacletPBuilder Error in parsing taclet. de.uka.ilkd.key.util.parsing.BuildingException: JavaBuildingIssue{node=PrintStream.$allocate()range=Optional.empty, message='Unsupported element detected given by Java Parser: MethodCallExpr. Please extend the KeY-Java-Hierarchy'} at file:/home/runner/work/key/key/key.core/build/resources/main/de/uka/ilkd/key/proof/rules/adtProgramDecompositionRules.key:256:15
	at de.uka.ilkd.key.nparser.builder.AbstractBuilder.accept(AbstractBuilder.java:54)
Caused by: de.uka.ilkd.key.java.JavaBuildingExceptions: JavaBuildingIssue{node=PrintStream.$allocate()range=Optional.empty, message='Unsupported element detected given by Java Parser: MethodCallExpr. Please extend the KeY-Java-Hierarchy'}
	at de.uka.ilkd.key.java.JP2KeYVisitor.reportError(JP2KeYConverter.java:119)

183928     ERROR Test worker     d.u.i.k.n.b.TacletPBuilder Override: #v (program Variable) #v (program Variable) 
183929     ERROR Test worker     d.u.i.k.n.b.TacletPBuilder Override: post (formula) post (formula) 
184205     ERROR Test worker     d.u.i.k.n.b.AbstractBuilder  de.uka.ilkd.key.java.JavaBuildingExceptions: JavaBuildingIssue{node=PrintStream.$allocate()range=Optional.empty, message='Unsupported element detected given by Java Parser: MethodCallExpr. Please extend the KeY-Java-Hierarchy'}
	at de.uka.ilkd.key.java.JP2KeYVisitor.reportError(JP2KeYConverter.java:119)

184206     ERROR Test worker     d.u.i.k.n.b.TacletPBuilder Error in parsing taclet. de.uka.ilkd.key.util.parsing.BuildingException: JavaBuildingIssue{node=PrintStream.$allocate()range=Optional.empty, message='Unsupported element detected given by Java Parser: MethodCallExpr. Please extend the KeY-Java-Hierarchy'} at file:/home/runner/work/key/key/key.core/build/resources/main/de/uka/ilkd/key/proof/rules/adtProgramDecompositionRules.key:268:15
	at de.uka.ilkd.key.nparser.builder.AbstractBuilder.accept(AbstractBuilder.java:54)
Caused by: de.uka.ilkd.key.java.JavaBuildingExceptions: JavaBuildingIssue{node=PrintStream.$allocate()range=Optional.empty, message='Unsupported element detected given by Java Parser: MethodCallExpr. Please extend the KeY-Java-Hierarchy'}
	at de.uka.ilkd.key.java.JP2KeYVisitor.reportError(JP2KeYConverter.java:119)

184207     ERROR Test worker     d.u.i.k.n.b.TacletPBuilder Override: #v (program Variable) #v (program Variable) 
184207     ERROR Test worker     d.u.i.k.n.b.TacletPBuilder Override: #vNew (program Variable) #vNew (program Variable) 
184207     ERROR Test worker     d.u.i.k.n.b.TacletPBuilder Override: #nse (program NonSimpleExpression) #nse (program NonSimpleExpression) 
184208     ERROR Test worker     d.u.i.k.n.b.TacletPBuilder Override: post (formula) post (formula) 
184598     ERROR Test worker     d.u.i.k.n.b.AbstractBuilder  de.uka.ilkd.key.java.JavaBuildingExceptions: JavaBuildingIssue{node=PrintStream.$allocate()range=Optional.empty, message='Unsupported element detected given by Java Parser: MethodCallExpr. Please extend the KeY-Java-Hierarchy'}
	at de.uka.ilkd.key.java.JP2KeYVisitor.reportError(JP2KeYConverter.java:119)

184599     ERROR Test worker     d.u.i.k.n.b.TacletPBuilder Error in parsing taclet. de.uka.ilkd.key.util.parsing.BuildingException: JavaBuildingIssue{node=PrintStream.$allocate()range=Optional.empty, message='Unsupported element detected given by Java Parser: MethodCallExpr. Please extend the KeY-Java-Hierarchy'} at file:/home/runner/work/key/key/key.core/build/resources/main/de/uka/ilkd/key/proof/rules/adtProgramDecompositionRules.key:281:15
	at de.uka.ilkd.key.nparser.builder.AbstractBuilder.accept(AbstractBuilder.java:54)
Caused by: de.uka.ilkd.key.java.JavaBuildingExceptions: JavaBuildingIssue{node=PrintStream.$allocate()range=Optional.empty, message='Unsupported element detected given by Java Parser: MethodCallExpr. Please extend the KeY-Java-Hierarchy'}
	at de.uka.ilkd.key.java.JP2KeYVisitor.reportError(JP2KeYConverter.java:119)

184599     ERROR Test worker     d.u.i.k.n.b.TacletPBuilder Override: #v (program Variable) #v (program Variable) 
184600     ERROR Test worker     d.u.i.k.n.b.TacletPBuilder Override: #vNew (program Variable) #vNew (program Variable) 
184600     ERROR Test worker     d.u.i.k.n.b.TacletPBuilder Override: #nse (program NonSimpleExpression) #nse (program NonSimpleExpression) 
184600     ERROR Test worker     d.u.i.k.n.b.TacletPBuilder Override: post (formula) post (formula) 
184875     ERROR Test worker     d.u.i.k.n.b.AbstractBuilder  de.uka.ilkd.key.java.JavaBuildingExceptions: JavaBuildingIssue{node=PrintStream.$allocate()range=Optional.empty, message='Unsupported element detected given by Java Parser: MethodCallExpr. Please extend the KeY-Java-Hierarchy'}
	at de.uka.ilkd.key.java.JP2KeYVisitor.reportError(JP2KeYConverter.java:119)

184876     ERROR Test worker     d.u.i.k.n.b.TacletPBuilder Error in parsing taclet. de.uka.ilkd.key.util.parsing.BuildingException: JavaBuildingIssue{node=PrintStream.$allocate()range=Optional.empty, message='Unsupported element detected given by Java Parser: MethodCallExpr. Please extend the KeY-Java-Hierarchy'} at file:/home/runner/work/key/key/key.core/build/resources/main/de/uka/ilkd/key/proof/rules/adtProgramDecompositionRules.key:294:15
	at de.uka.ilkd.key.nparser.builder.AbstractBuilder.accept(AbstractBuilder.java:54)
Caused by: de.uka.ilkd.key.java.JavaBuildingExceptions: JavaBuildingIssue{node=PrintStream.$allocate()range=Optional.empty, message='Unsupported element detected given by Java Parser: MethodCallExpr. Please extend the KeY-Java-Hierarchy'}
	at de.uka.ilkd.key.java.JP2KeYVisitor.reportError(JP2KeYConverter.java:119)

185762     ERROR Test worker     d.u.i.k.n.b.AbstractBuilder  de.uka.ilkd.key.java.JavaBuildingExceptions: JavaBuildingIssue{node=PrintStream.$allocate()range=Optional.empty, message='Unsupported element detected given by Java Parser: MethodCallExpr. Please extend the KeY-Java-Hierarchy'}
	at de.uka.ilkd.key.java.JP2KeYVisitor.reportError(JP2KeYConverter.java:119)

185771     ERROR Test worker     d.u.i.k.n.b.TacletPBuilder Error in parsing taclet. de.uka.ilkd.key.util.parsing.BuildingException: JavaBuildingIssue{node=PrintStream.$allocate()range=Optional.empty, message='Unsupported element detected given by Java Parser: MethodCallExpr. Please extend the KeY-Java-Hierarchy'} at file:/home/runner/work/key/key/key.core/build/resources/main/de/uka/ilkd/key/proof/rules/forLoopRules.key:12:15
	at de.uka.ilkd.key.nparser.builder.AbstractBuilder.accept(AbstractBuilder.java:54)
Caused by: de.uka.ilkd.key.java.JavaBuildingExceptions: JavaBuildingIssue{node=PrintStream.$allocate()range=Optional.empty, message='Unsupported element detected given by Java Parser: MethodCallExpr. Please extend the KeY-Java-Hierarchy'}
	at de.uka.ilkd.key.java.JP2KeYVisitor.reportError(JP2KeYConverter.java:119)

186127     ERROR Test worker     d.u.i.k.n.b.AbstractBuilder  de.uka.ilkd.key.java.JavaBuildingExceptions: JavaBuildingIssue{node=PrintStream.$allocate()range=Optional.empty, message='Unsupported element detected given by Java Parser: MethodCallExpr. Please extend the KeY-Java-Hierarchy'}
	at de.uka.ilkd.key.java.JP2KeYVisitor.reportError(JP2KeYConverter.java:119)

186127     ERROR Test worker     d.u.i.k.n.b.TacletPBuilder Error in parsing taclet. de.uka.ilkd.key.util.parsing.BuildingException: JavaBuildingIssue{node=PrintStream.$allocate()range=Optional.empty, message='Unsupported element detected given by Java Parser: MethodCallExpr. Please extend the KeY-Java-Hierarchy'} at file:/home/runner/work/key/key/key.core/build/resources/main/de/uka/ilkd/key/proof/rules/execRules.key:26:13
	at de.uka.ilkd.key.nparser.builder.AbstractBuilder.accept(AbstractBuilder.java:54)
Caused by: de.uka.ilkd.key.java.JavaBuildingExceptions: JavaBuildingIssue{node=PrintStream.$allocate()range=Optional.empty, message='Unsupported element detected given by Java Parser: MethodCallExpr. Please extend the KeY-Java-Hierarchy'}
	at de.uka.ilkd.key.java.JP2KeYVisitor.reportError(JP2KeYConverter.java:119)

186552     ERROR Test worker     d.u.i.k.n.b.AbstractBuilder  de.uka.ilkd.key.java.JavaBuildingExceptions: JavaBuildingIssue{node=PrintStream.$allocate()range=Optional.empty, message='Unsupported element detected given by Java Parser: MethodCallExpr. Please extend the KeY-Java-Hierarchy'}
	at de.uka.ilkd.key.java.JP2KeYVisitor.reportError(JP2KeYConverter.java:119)

186553     ERROR Test worker     d.u.i.k.n.b.TacletPBuilder Error in parsing taclet. de.uka.ilkd.key.util.parsing.BuildingException: JavaBuildingIssue{node=PrintStream.$allocate()range=Optional.empty, message='Unsupported element detected given by Java Parser: MethodCallExpr. Please extend the KeY-Java-Hierarchy'} at file:/home/runner/work/key/key/key.core/build/resources/main/de/uka/ilkd/key/proof/rules/execRules.key:37:13
	at de.uka.ilkd.key.nparser.builder.AbstractBuilder.accept(AbstractBuilder.java:54)
Caused by: de.uka.ilkd.key.java.JavaBuildingExceptions: JavaBuildingIssue{node=PrintStream.$allocate()range=Optional.empty, message='Unsupported element detected given by Java Parser: MethodCallExpr. Please extend the KeY-Java-Hierarchy'}
	at de.uka.ilkd.key.java.JP2KeYVisitor.reportError(JP2KeYConverter.java:119)

186932     ERROR Test worker     d.u.i.k.n.b.AbstractBuilder  de.uka.ilkd.key.java.JavaBuildingExceptions: JavaBuildingIssue{node=PrintStream.$allocate()range=Optional.empty, message='Unsupported element detected given by Java Parser: MethodCallExpr. Please extend the KeY-Java-Hierarchy'}
	at de.uka.ilkd.key.java.JP2KeYVisitor.reportError(JP2KeYConverter.java:119)

186933     ERROR Test worker     d.u.i.k.n.b.TacletPBuilder Error in parsing taclet. de.uka.ilkd.key.util.parsing.BuildingException: JavaBuildingIssue{node=PrintStream.$allocate()range=Optional.empty, message='Unsupported element detected given by Java Parser: MethodCallExpr. Please extend the KeY-Java-Hierarchy'} at file:/home/runner/work/key/key/key.core/build/resources/main/de/uka/ilkd/key/proof/rules/execRules.key:50:13
	at de.uka.ilkd.key.nparser.builder.AbstractBuilder.accept(AbstractBuilder.java:54)
Caused by: de.uka.ilkd.key.java.JavaBuildingExceptions: JavaBuildingIssue{node=PrintStream.$allocate()range=Optional.empty, message='Unsupported element detected given by Java Parser: MethodCallExpr. Please extend the KeY-Java-Hierarchy'}
	at de.uka.ilkd.key.java.JP2KeYVisitor.reportError(JP2KeYConverter.java:119)

187212     ERROR Test worker     d.u.i.k.n.b.AbstractBuilder  de.uka.ilkd.key.java.JavaBuildingExceptions: JavaBuildingIssue{node=PrintStream.$allocate()range=Optional.empty, message='Unsupported element detected given by Java Parser: MethodCallExpr. Please extend the KeY-Java-Hierarchy'}
	at de.uka.ilkd.key.java.JP2KeYVisitor.reportError(JP2KeYConverter.java:119)

187213     ERROR Test worker     d.u.i.k.n.b.TacletPBuilder Error in parsing taclet. de.uka.ilkd.key.util.parsing.BuildingException: JavaBuildingIssue{node=PrintStream.$allocate()range=Optional.empty, message='Unsupported element detected given by Java Parser: MethodCallExpr. Please extend the KeY-Java-Hierarchy'} at file:/home/runner/work/key/key/key.core/build/resources/main/de/uka/ilkd/key/proof/rules/execRules.key:64:13
	at de.uka.ilkd.key.nparser.builder.AbstractBuilder.accept(AbstractBuilder.java:54)
Caused by: de.uka.ilkd.key.java.JavaBuildingExceptions: JavaBuildingIssue{node=PrintStream.$allocate()range=Optional.empty, message='Unsupported element detected given by Java Parser: MethodCallExpr. Please extend the KeY-Java-Hierarchy'}
	at de.uka.ilkd.key.java.JP2KeYVisitor.reportError(JP2KeYConverter.java:119)

187490     ERROR Test worker     d.u.i.k.n.b.AbstractBuilder  de.uka.ilkd.key.java.JavaBuildingExceptions: JavaBuildingIssue{node=PrintStream.$allocate()range=Optional.empty, message='Unsupported element detected given by Java Parser: MethodCallExpr. Please extend the KeY-Java-Hierarchy'}
	at de.uka.ilkd.key.java.JP2KeYVisitor.reportError(JP2KeYConverter.java:119)

187491     ERROR Test worker     d.u.i.k.n.b.TacletPBuilder Error in parsing taclet. de.uka.ilkd.key.util.parsing.BuildingException: JavaBuildingIssue{node=PrintStream.$allocate()range=Optional.empty, message='Unsupported element detected given by Java Parser: MethodCallExpr. Please extend the KeY-Java-Hierarchy'} at file:/home/runner/work/key/key/key.core/build/resources/main/de/uka/ilkd/key/proof/rules/execRules.key:83:13
	at de.uka.ilkd.key.nparser.builder.AbstractBuilder.accept(AbstractBuilder.java:54)
Caused by: de.uka.ilkd.key.java.JavaBuildingExceptions: JavaBuildingIssue{node=PrintStream.$allocate()range=Optional.empty, message='Unsupported element detected given by Java Parser: MethodCallExpr. Please extend the KeY-Java-Hierarchy'}
	at de.uka.ilkd.key.java.JP2KeYVisitor.reportError(JP2KeYConverter.java:119)

187769     ERROR Test worker     d.u.i.k.n.b.AbstractBuilder  de.uka.ilkd.key.java.JavaBuildingExceptions: JavaBuildingIssue{node=PrintStream.$allocate()range=Optional.empty, message='Unsupported element detected given by Java Parser: MethodCallExpr. Please extend the KeY-Java-Hierarchy'}
	at de.uka.ilkd.key.java.JP2KeYVisitor.reportError(JP2KeYConverter.java:119)

187770     ERROR Test worker     d.u.i.k.n.b.TacletPBuilder Error in parsing taclet. de.uka.ilkd.key.util.parsing.BuildingException: JavaBuildingIssue{node=PrintStream.$allocate()range=Optional.empty, message='Unsupported element detected given by Java Parser: MethodCallExpr. Please extend the KeY-Java-Hierarchy'} at file:/home/runner/work/key/key/key.core/build/resources/main/de/uka/ilkd/key/proof/rules/execRules.key:97:13
	at de.uka.ilkd.key.nparser.builder.AbstractBuilder.accept(AbstractBuilder.java:54)
Caused by: de.uka.ilkd.key.java.JavaBuildingExceptions: JavaBuildingIssue{node=PrintStream.$allocate()range=Optional.empty, message='Unsupported element detected given by Java Parser: MethodCallExpr. Please extend the KeY-Java-Hierarchy'}
	at de.uka.ilkd.key.java.JP2KeYVisitor.reportError(JP2KeYConverter.java:119)

188060     ERROR Test worker     d.u.i.k.n.b.AbstractBuilder  de.uka.ilkd.key.java.JavaBuildingExceptions: JavaBuildingIssue{node=PrintStream.$allocate()range=Optional.empty, message='Unsupported element detected given by Java Parser: MethodCallExpr. Please extend the KeY-Java-Hierarchy'}
	at de.uka.ilkd.key.java.JP2KeYVisitor.reportError(JP2KeYConverter.java:119)

188061     ERROR Test worker     d.u.i.k.n.b.TacletPBuilder Error in parsing taclet. de.uka.ilkd.key.util.parsing.BuildingException: JavaBuildingIssue{node=PrintStream.$allocate()range=Optional.empty, message='Unsupported element detected given by Java Parser: MethodCallExpr. Please extend the KeY-Java-Hierarchy'} at file:/home/runner/work/key/key/key.core/build/resources/main/de/uka/ilkd/key/proof/rules/execRules.key:111:13
	at de.uka.ilkd.key.nparser.builder.AbstractBuilder.accept(AbstractBuilder.java:54)
Caused by: de.uka.ilkd.key.java.JavaBuildingExceptions: JavaBuildingIssue{node=PrintStream.$allocate()range=Optional.empty, message='Unsupported element detected given by Java Parser: MethodCallExpr. Please extend the KeY-Java-Hierarchy'}
	at de.uka.ilkd.key.java.JP2KeYVisitor.reportError(JP2KeYConverter.java:119)

188341     ERROR Test worker     d.u.i.k.n.b.AbstractBuilder  de.uka.ilkd.key.java.JavaBuildingExceptions: JavaBuildingIssue{node=PrintStream.$allocate()range=Optional.empty, message='Unsupported element detected given by Java Parser: MethodCallExpr. Please extend the KeY-Java-Hierarchy'}
	at de.uka.ilkd.key.java.JP2KeYVisitor.reportError(JP2KeYConverter.java:119)

188342     ERROR Test worker     d.u.i.k.n.b.TacletPBuilder Error in parsing taclet. de.uka.ilkd.key.util.parsing.BuildingException: JavaBuildingIssue{node=PrintStream.$allocate()range=Optional.empty, message='Unsupported element detected given by Java Parser: MethodCallExpr. Please extend the KeY-Java-Hierarchy'} at file:/home/runner/work/key/key/key.core/build/resources/main/de/uka/ilkd/key/proof/rules/execRules.key:125:13
	at de.uka.ilkd.key.nparser.builder.AbstractBuilder.accept(AbstractBuilder.java:54)
Caused by: de.uka.ilkd.key.java.JavaBuildingExceptions: JavaBuildingIssue{node=PrintStream.$allocate()range=Optional.empty, message='Unsupported element detected given by Java Parser: MethodCallExpr. Please extend the KeY-Java-Hierarchy'}
	at de.uka.ilkd.key.java.JP2KeYVisitor.reportError(JP2KeYConverter.java:119)

188617     ERROR Test worker     d.u.i.k.n.b.AbstractBuilder  de.uka.ilkd.key.java.JavaBuildingExceptions: JavaBuildingIssue{node=PrintStream.$allocate()range=Optional.empty, message='Unsupported element detected given by Java Parser: MethodCallExpr. Please extend the KeY-Java-Hierarchy'}
	at de.uka.ilkd.key.java.JP2KeYVisitor.reportError(JP2KeYConverter.java:119)

188618     ERROR Test worker     d.u.i.k.n.b.TacletPBuilder Error in parsing taclet. de.uka.ilkd.key.util.parsing.BuildingException: JavaBuildingIssue{node=PrintStream.$allocate()range=Optional.empty, message='Unsupported element detected given by Java Parser: MethodCallExpr. Please extend the KeY-Java-Hierarchy'} at file:/home/runner/work/key/key/key.core/build/resources/main/de/uka/ilkd/key/proof/rules/execRules.key:139:13
	at de.uka.ilkd.key.nparser.builder.AbstractBuilder.accept(AbstractBuilder.java:54)
Caused by: de.uka.ilkd.key.java.JavaBuildingExceptions: JavaBuildingIssue{node=PrintStream.$allocate()range=Optional.empty, message='Unsupported element detected given by Java Parser: MethodCallExpr. Please extend the KeY-Java-Hierarchy'}
	at de.uka.ilkd.key.java.JP2KeYVisitor.reportError(JP2KeYConverter.java:119)

189075     ERROR Test worker     d.u.i.k.n.b.AbstractBuilder  de.uka.ilkd.key.java.JavaBuildingExceptions: JavaBuildingIssue{node=PrintStream.$allocate()range=Optional.empty, message='Unsupported element detected given by Java Parser: MethodCallExpr. Please extend the KeY-Java-Hierarchy'}
	at de.uka.ilkd.key.java.JP2KeYVisitor.reportError(JP2KeYConverter.java:119)

189075     ERROR Test worker     d.u.i.k.n.b.TacletPBuilder Error in parsing taclet. de.uka.ilkd.key.util.parsing.BuildingException: JavaBuildingIssue{node=PrintStream.$allocate()range=Optional.empty, message='Unsupported element detected given by Java Parser: MethodCallExpr. Please extend the KeY-Java-Hierarchy'} at file:/home/runner/work/key/key/key.core/build/resources/main/de/uka/ilkd/key/proof/rules/execRules.key:153:13
	at de.uka.ilkd.key.nparser.builder.AbstractBuilder.accept(AbstractBuilder.java:54)
Caused by: de.uka.ilkd.key.java.JavaBuildingExceptions: JavaBuildingIssue{node=PrintStream.$allocate()range=Optional.empty, message='Unsupported element detected given by Java Parser: MethodCallExpr. Please extend the KeY-Java-Hierarchy'}
	at de.uka.ilkd.key.java.JP2KeYVisitor.reportError(JP2KeYConverter.java:119)

189337     ERROR Test worker     d.u.i.k.n.b.AbstractBuilder  de.uka.ilkd.key.java.JavaBuildingExceptions: JavaBuildingIssue{node=PrintStream.$allocate()range=Optional.empty, message='Unsupported element detected given by Java Parser: MethodCallExpr. Please extend the KeY-Java-Hierarchy'}
	at de.uka.ilkd.key.java.JP2KeYVisitor.reportError(JP2KeYConverter.java:119)

189338     ERROR Test worker     d.u.i.k.n.b.TacletPBuilder Error in parsing taclet. de.uka.ilkd.key.util.parsing.BuildingException: JavaBuildingIssue{node=PrintStream.$allocate()range=Optional.empty, message='Unsupported element detected given by Java Parser: MethodCallExpr. Please extend the KeY-Java-Hierarchy'} at file:/home/runner/work/key/key/key.core/build/resources/main/de/uka/ilkd/key/proof/rules/execRules.key:170:15
	at de.uka.ilkd.key.nparser.builder.AbstractBuilder.accept(AbstractBuilder.java:54)
Caused by: de.uka.ilkd.key.java.JavaBuildingExceptions: JavaBuildingIssue{node=PrintStream.$allocate()range=Optional.empty, message='Unsupported element detected given by Java Parser: MethodCallExpr. Please extend the KeY-Java-Hierarchy'}
	at de.uka.ilkd.key.java.JP2KeYVisitor.reportError(JP2KeYConverter.java:119)

189597     ERROR Test worker     d.u.i.k.n.b.AbstractBuilder  de.uka.ilkd.key.java.JavaBuildingExceptions: JavaBuildingIssue{node=PrintStream.$allocate()range=Optional.empty, message='Unsupported element detected given by Java Parser: MethodCallExpr. Please extend the KeY-Java-Hierarchy'}
	at de.uka.ilkd.key.java.JP2KeYVisitor.reportError(JP2KeYConverter.java:119)

189598     ERROR Test worker     d.u.i.k.n.b.TacletPBuilder Error in parsing taclet. de.uka.ilkd.key.util.parsing.BuildingException: JavaBuildingIssue{node=PrintStream.$allocate()range=Optional.empty, message='Unsupported element detected given by Java Parser: MethodCallExpr. Please extend the KeY-Java-Hierarchy'} at file:/home/runner/work/key/key/key.core/build/resources/main/de/uka/ilkd/key/proof/rules/execRules.key:187:15
	at de.uka.ilkd.key.nparser.builder.AbstractBuilder.accept(AbstractBuilder.java:54)
Caused by: de.uka.ilkd.key.java.JavaBuildingExceptions: JavaBuildingIssue{node=PrintStream.$allocate()range=Optional.empty, message='Unsupported element detected given by Java Parser: MethodCallExpr. Please extend the KeY-Java-Hierarchy'}
	at de.uka.ilkd.key.java.JP2KeYVisitor.reportError(JP2KeYConverter.java:119)

189891     ERROR Test worker     d.u.i.k.n.b.AbstractBuilder  de.uka.ilkd.key.java.JavaBuildingExceptions: JavaBuildingIssue{node=PrintStream.$allocate()range=Optional.empty, message='Unsupported element detected given by Java Parser: MethodCallExpr. Please extend the KeY-Java-Hierarchy'}
	at de.uka.ilkd.key.java.JP2KeYVisitor.reportError(JP2KeYConverter.java:119)

189891     ERROR Test worker     d.u.i.k.n.b.TacletPBuilder Error in parsing taclet. de.uka.ilkd.key.util.parsing.BuildingException: JavaBuildingIssue{node=PrintStream.$allocate()range=Optional.empty, message='Unsupported element detected given by Java Parser: MethodCallExpr. Please extend the KeY-Java-Hierarchy'} at file:/home/runner/work/key/key/key.core/build/resources/main/de/uka/ilkd/key/proof/rules/execRules.key:218:15
	at de.uka.ilkd.key.nparser.builder.AbstractBuilder.accept(AbstractBuilder.java:54)
Caused by: de.uka.ilkd.key.java.JavaBuildingExceptions: JavaBuildingIssue{node=PrintStream.$allocate()range=Optional.empty, message='Unsupported element detected given by Java Parser: MethodCallExpr. Please extend the KeY-Java-Hierarchy'}
	at de.uka.ilkd.key.java.JP2KeYVisitor.reportError(JP2KeYConverter.java:119)

190154     ERROR Test worker     d.u.i.k.n.b.AbstractBuilder  de.uka.ilkd.key.java.JavaBuildingExceptions: JavaBuildingIssue{node=PrintStream.$allocate()range=Optional.empty, message='Unsupported element detected given by Java Parser: MethodCallExpr. Please extend the KeY-Java-Hierarchy'}
	at de.uka.ilkd.key.java.JP2KeYVisitor.reportError(JP2KeYConverter.java:119)

190155     ERROR Test worker     d.u.i.k.n.b.TacletPBuilder Error in parsing taclet. de.uka.ilkd.key.util.parsing.BuildingException: JavaBuildingIssue{node=PrintStream.$allocate()range=Optional.empty, message='Unsupported element detected given by Java Parser: MethodCallExpr. Please extend the KeY-Java-Hierarchy'} at file:/home/runner/work/key/key/key.core/build/resources/main/de/uka/ilkd/key/proof/rules/execRules.key:235:15
	at de.uka.ilkd.key.nparser.builder.AbstractBuilder.accept(AbstractBuilder.java:54)
Caused by: de.uka.ilkd.key.java.JavaBuildingExceptions: JavaBuildingIssue{node=PrintStream.$allocate()range=Optional.empty, message='Unsupported element detected given by Java Parser: MethodCallExpr. Please extend the KeY-Java-Hierarchy'}
	at de.uka.ilkd.key.java.JP2KeYVisitor.reportError(JP2KeYConverter.java:119)

190417     ERROR Test worker     d.u.i.k.n.b.AbstractBuilder  de.uka.ilkd.key.java.JavaBuildingExceptions: JavaBuildingIssue{node=PrintStream.$allocate()range=Optional.empty, message='Unsupported element detected given by Java Parser: MethodCallExpr. Please extend the KeY-Java-Hierarchy'}
	at de.uka.ilkd.key.java.JP2KeYVisitor.reportError(JP2KeYConverter.java:119)

190418     ERROR Test worker     d.u.i.k.n.b.TacletPBuilder Error in parsing taclet. de.uka.ilkd.key.util.parsing.BuildingException: JavaBuildingIssue{node=PrintStream.$allocate()range=Optional.empty, message='Unsupported element detected given by Java Parser: MethodCallExpr. Please extend the KeY-Java-Hierarchy'} at file:/home/runner/work/key/key/key.core/build/resources/main/de/uka/ilkd/key/proof/rules/execRules.key:252:15
	at de.uka.ilkd.key.nparser.builder.AbstractBuilder.accept(AbstractBuilder.java:54)
Caused by: de.uka.ilkd.key.java.JavaBuildingExceptions: JavaBuildingIssue{node=PrintStream.$allocate()range=Optional.empty, message='Unsupported element detected given by Java Parser: MethodCallExpr. Please extend the KeY-Java-Hierarchy'}
	at de.uka.ilkd.key.java.JP2KeYVisitor.reportError(JP2KeYConverter.java:119)

190785     ERROR Test worker     d.u.i.k.n.b.AbstractBuilder  de.uka.ilkd.key.java.JavaBuildingExceptions: JavaBuildingIssue{node=PrintStream.$allocate()range=Optional.empty, message='Unsupported element detected given by Java Parser: MethodCallExpr. Please extend the KeY-Java-Hierarchy'}
	at de.uka.ilkd.key.java.JP2KeYVisitor.reportError(JP2KeYConverter.java:119)

190786     ERROR Test worker     d.u.i.k.n.b.TacletPBuilder Error in parsing taclet. de.uka.ilkd.key.util.parsing.BuildingException: JavaBuildingIssue{node=PrintStream.$allocate()range=Optional.empty, message='Unsupported element detected given by Java Parser: MethodCallExpr. Please extend the KeY-Java-Hierarchy'} at file:/home/runner/work/key/key/key.core/build/resources/main/de/uka/ilkd/key/proof/rules/execRules.key:269:15
	at de.uka.ilkd.key.nparser.builder.AbstractBuilder.accept(AbstractBuilder.java:54)
Caused by: de.uka.ilkd.key.java.JavaBuildingExceptions: JavaBuildingIssue{node=PrintStream.$allocate()range=Optional.empty, message='Unsupported element detected given by Java Parser: MethodCallExpr. Please extend the KeY-Java-Hierarchy'}
	at de.uka.ilkd.key.java.JP2KeYVisitor.reportError(JP2KeYConverter.java:119)

191047     ERROR Test worker     d.u.i.k.n.b.AbstractBuilder  de.uka.ilkd.key.java.JavaBuildingExceptions: JavaBuildingIssue{node=PrintStream.$allocate()range=Optional.empty, message='Unsupported element detected given by Java Parser: MethodCallExpr. Please extend the KeY-Java-Hierarchy'}
	at de.uka.ilkd.key.java.JP2KeYVisitor.reportError(JP2KeYConverter.java:119)

191048     ERROR Test worker     d.u.i.k.n.b.TacletPBuilder Error in parsing taclet. de.uka.ilkd.key.util.parsing.BuildingException: JavaBuildingIssue{node=PrintStream.$allocate()range=Optional.empty, message='Unsupported element detected given by Java Parser: MethodCallExpr. Please extend the KeY-Java-Hierarchy'} at file:/home/runner/work/key/key/key.core/build/resources/main/de/uka/ilkd/key/proof/rules/execRules.key:286:15
	at de.uka.ilkd.key.nparser.builder.AbstractBuilder.accept(AbstractBuilder.java:54)
Caused by: de.uka.ilkd.key.java.JavaBuildingExceptions: JavaBuildingIssue{node=PrintStream.$allocate()range=Optional.empty, message='Unsupported element detected given by Java Parser: MethodCallExpr. Please extend the KeY-Java-Hierarchy'}
	at de.uka.ilkd.key.java.JP2KeYVisitor.reportError(JP2KeYConverter.java:119)

191303     ERROR Test worker     d.u.i.k.n.b.AbstractBuilder  de.uka.ilkd.key.java.JavaBuildingExceptions: JavaBuildingIssue{node=PrintStream.$allocate()range=Optional.empty, message='Unsupported element detected given by Java Parser: MethodCallExpr. Please extend the KeY-Java-Hierarchy'}
	at de.uka.ilkd.key.java.JP2KeYVisitor.reportError(JP2KeYConverter.java:119)

191307     ERROR Test worker     d.u.i.k.n.b.TacletPBuilder Error in parsing taclet. de.uka.ilkd.key.util.parsing.BuildingException: JavaBuildingIssue{node=PrintStream.$allocate()range=Optional.empty, message='Unsupported element detected given by Java Parser: MethodCallExpr. Please extend the KeY-Java-Hierarchy'} at file:/home/runner/work/key/key/key.core/build/resources/main/de/uka/ilkd/key/proof/rules/execRules.key:303:15
	at de.uka.ilkd.key.nparser.builder.AbstractBuilder.accept(AbstractBuilder.java:54)
Caused by: de.uka.ilkd.key.java.JavaBuildingExceptions: JavaBuildingIssue{node=PrintStream.$allocate()range=Optional.empty, message='Unsupported element detected given by Java Parser: MethodCallExpr. Please extend the KeY-Java-Hierarchy'}
	at de.uka.ilkd.key.java.JP2KeYVisitor.reportError(JP2KeYConverter.java:119)

191549     ERROR Test worker     d.u.i.k.n.b.AbstractBuilder  de.uka.ilkd.key.java.JavaBuildingExceptions: JavaBuildingIssue{node=PrintStream.$allocate()range=Optional.empty, message='Unsupported element detected given by Java Parser: MethodCallExpr. Please extend the KeY-Java-Hierarchy'}
	at de.uka.ilkd.key.java.JP2KeYVisitor.reportError(JP2KeYConverter.java:119)

191550     ERROR Test worker     d.u.i.k.n.b.TacletPBuilder Error in parsing taclet. de.uka.ilkd.key.util.parsing.BuildingException: JavaBuildingIssue{node=PrintStream.$allocate()range=Optional.empty, message='Unsupported element detected given by Java Parser: MethodCallExpr. Please extend the KeY-Java-Hierarchy'} at file:/home/runner/work/key/key/key.core/build/resources/main/de/uka/ilkd/key/proof/rules/execRules.key:320:15
	at de.uka.ilkd.key.nparser.builder.AbstractBuilder.accept(AbstractBuilder.java:54)
Caused by: de.uka.ilkd.key.java.JavaBuildingExceptions: JavaBuildingIssue{node=PrintStream.$allocate()range=Optional.empty, message='Unsupported element detected given by Java Parser: MethodCallExpr. Please extend the KeY-Java-Hierarchy'}
	at de.uka.ilkd.key.java.JP2KeYVisitor.reportError(JP2KeYConverter.java:119)

191789     ERROR Test worker     d.u.i.k.n.b.AbstractBuilder  de.uka.ilkd.key.java.JavaBuildingExceptions: JavaBuildingIssue{node=PrintStream.$allocate()range=Optional.empty, message='Unsupported element detected given by Java Parser: MethodCallExpr. Please extend the KeY-Java-Hierarchy'}
	at de.uka.ilkd.key.java.JP2KeYVisitor.reportError(JP2KeYConverter.java:119)

191789     ERROR Test worker     d.u.i.k.n.b.TacletPBuilder Error in parsing taclet. de.uka.ilkd.key.util.parsing.BuildingException: JavaBuildingIssue{node=PrintStream.$allocate()range=Optional.empty, message='Unsupported element detected given by Java Parser: MethodCallExpr. Please extend the KeY-Java-Hierarchy'} at file:/home/runner/work/key/key/key.core/build/resources/main/de/uka/ilkd/key/proof/rules/execRules.key:337:15
	at de.uka.ilkd.key.nparser.builder.AbstractBuilder.accept(AbstractBuilder.java:54)
Caused by: de.uka.ilkd.key.java.JavaBuildingExceptions: JavaBuildingIssue{node=PrintStream.$allocate()range=Optional.empty, message='Unsupported element detected given by Java Parser: MethodCallExpr. Please extend the KeY-Java-Hierarchy'}
	at de.uka.ilkd.key.java.JP2KeYVisitor.reportError(JP2KeYConverter.java:119)

192027     ERROR Test worker     d.u.i.k.n.b.AbstractBuilder  de.uka.ilkd.key.java.JavaBuildingExceptions: JavaBuildingIssue{node=PrintStream.$allocate()range=Optional.empty, message='Unsupported element detected given by Java Parser: MethodCallExpr. Please extend the KeY-Java-Hierarchy'}
	at de.uka.ilkd.key.java.JP2KeYVisitor.reportError(JP2KeYConverter.java:119)

192027     ERROR Test worker     d.u.i.k.n.b.TacletPBuilder Error in parsing taclet. de.uka.ilkd.key.util.parsing.BuildingException: JavaBuildingIssue{node=PrintStream.$allocate()range=Optional.empty, message='Unsupported element detected given by Java Parser: MethodCallExpr. Please extend the KeY-Java-Hierarchy'} at file:/home/runner/work/key/key/key.core/build/resources/main/de/uka/ilkd/key/proof/rules/execRules.key:355:13
	at de.uka.ilkd.key.nparser.builder.AbstractBuilder.accept(AbstractBuilder.java:54)
Caused by: de.uka.ilkd.key.java.JavaBuildingExceptions: JavaBuildingIssue{node=PrintStream.$allocate()range=Optional.empty, message='Unsupported element detected given by Java Parser: MethodCallExpr. Please extend the KeY-Java-Hierarchy'}
	at de.uka.ilkd.key.java.JP2KeYVisitor.reportError(JP2KeYConverter.java:119)

192338     ERROR Test worker     d.u.i.k.n.b.AbstractBuilder  de.uka.ilkd.key.java.JavaBuildingExceptions: JavaBuildingIssue{node=PrintStream.$allocate()range=Optional.empty, message='Unsupported element detected given by Java Parser: MethodCallExpr. Please extend the KeY-Java-Hierarchy'}
	at de.uka.ilkd.key.java.JP2KeYVisitor.reportError(JP2KeYConverter.java:119)

192338     ERROR Test worker     d.u.i.k.n.b.TacletPBuilder Error in parsing taclet. de.uka.ilkd.key.util.parsing.BuildingException: JavaBuildingIssue{node=PrintStream.$allocate()range=Optional.empty, message='Unsupported element detected given by Java Parser: MethodCallExpr. Please extend the KeY-Java-Hierarchy'} at file:/home/runner/work/key/key/key.core/build/resources/main/de/uka/ilkd/key/proof/rules/execRules.key:370:15
	at de.uka.ilkd.key.nparser.builder.AbstractBuilder.accept(AbstractBuilder.java:54)
Caused by: de.uka.ilkd.key.java.JavaBuildingExceptions: JavaBuildingIssue{node=PrintStream.$allocate()range=Optional.empty, message='Unsupported element detected given by Java Parser: MethodCallExpr. Please extend the KeY-Java-Hierarchy'}
	at de.uka.ilkd.key.java.JP2KeYVisitor.reportError(JP2KeYConverter.java:119)

192732     ERROR Test worker     d.u.i.k.n.b.AbstractBuilder  de.uka.ilkd.key.java.JavaBuildingExceptions: JavaBuildingIssue{node=PrintStream.$allocate()range=Optional.empty, message='Unsupported element detected given by Java Parser: MethodCallExpr. Please extend the KeY-Java-Hierarchy'}
	at de.uka.ilkd.key.java.JP2KeYVisitor.reportError(JP2KeYConverter.java:119)

192732     ERROR Test worker     d.u.i.k.n.b.TacletPBuilder Error in parsing taclet. de.uka.ilkd.key.util.parsing.BuildingException: JavaBuildingIssue{node=PrintStream.$allocate()range=Optional.empty, message='Unsupported element detected given by Java Parser: MethodCallExpr. Please extend the KeY-Java-Hierarchy'} at file:/home/runner/work/key/key/key.core/build/resources/main/de/uka/ilkd/key/proof/rules/execRules.key:388:15
	at de.uka.ilkd.key.nparser.builder.AbstractBuilder.accept(AbstractBuilder.java:54)
Caused by: de.uka.ilkd.key.java.JavaBuildingExceptions: JavaBuildingIssue{node=PrintStream.$allocate()range=Optional.empty, message='Unsupported element detected given by Java Parser: MethodCallExpr. Please extend the KeY-Java-Hierarchy'}
	at de.uka.ilkd.key.java.JP2KeYVisitor.reportError(JP2KeYConverter.java:119)

192966     ERROR Test worker     d.u.i.k.n.b.AbstractBuilder  de.uka.ilkd.key.java.JavaBuildingExceptions: JavaBuildingIssue{node=PrintStream.$allocate()range=Optional.empty, message='Unsupported element detected given by Java Parser: MethodCallExpr. Please extend the KeY-Java-Hierarchy'}
	at de.uka.ilkd.key.java.JP2KeYVisitor.reportError(JP2KeYConverter.java:119)

192967     ERROR Test worker     d.u.i.k.n.b.TacletPBuilder Error in parsing taclet. de.uka.ilkd.key.util.parsing.BuildingException: JavaBuildingIssue{node=PrintStream.$allocate()range=Optional.empty, message='Unsupported element detected given by Java Parser: MethodCallExpr. Please extend the KeY-Java-Hierarchy'} at file:/home/runner/work/key/key/key.core/build/resources/main/de/uka/ilkd/key/proof/rules/execRules.key:405:15
	at de.uka.ilkd.key.nparser.builder.AbstractBuilder.accept(AbstractBuilder.java:54)
Caused by: de.uka.ilkd.key.java.JavaBuildingExceptions: JavaBuildingIssue{node=PrintStream.$allocate()range=Optional.empty, message='Unsupported element detected given by Java Parser: MethodCallExpr. Please extend the KeY-Java-Hierarchy'}
	at de.uka.ilkd.key.java.JP2KeYVisitor.reportError(JP2KeYConverter.java:119)

193206     ERROR Test worker     d.u.i.k.n.b.AbstractBuilder  de.uka.ilkd.key.java.JavaBuildingExceptions: JavaBuildingIssue{node=PrintStream.$allocate()range=Optional.empty, message='Unsupported element detected given by Java Parser: MethodCallExpr. Please extend the KeY-Java-Hierarchy'}
	at de.uka.ilkd.key.java.JP2KeYVisitor.reportError(JP2KeYConverter.java:119)

193207     ERROR Test worker     d.u.i.k.n.b.TacletPBuilder Error in parsing taclet. de.uka.ilkd.key.util.parsing.BuildingException: JavaBuildingIssue{node=PrintStream.$allocate()range=Optional.empty, message='Unsupported element detected given by Java Parser: MethodCallExpr. Please extend the KeY-Java-Hierarchy'} at file:/home/runner/work/key/key/key.core/build/resources/main/de/uka/ilkd/key/proof/rules/execRules.key:422:15
	at de.uka.ilkd.key.nparser.builder.AbstractBuilder.accept(AbstractBuilder.java:54)
Caused by: de.uka.ilkd.key.java.JavaBuildingExceptions: JavaBuildingIssue{node=PrintStream.$allocate()range=Optional.empty, message='Unsupported element detected given by Java Parser: MethodCallExpr. Please extend the KeY-Java-Hierarchy'}
	at de.uka.ilkd.key.java.JP2KeYVisitor.reportError(JP2KeYConverter.java:119)

193449     ERROR Test worker     d.u.i.k.n.b.AbstractBuilder  de.uka.ilkd.key.java.JavaBuildingExceptions: JavaBuildingIssue{node=PrintStream.$allocate()range=Optional.empty, message='Unsupported element detected given by Java Parser: MethodCallExpr. Please extend the KeY-Java-Hierarchy'}
	at de.uka.ilkd.key.java.JP2KeYVisitor.reportError(JP2KeYConverter.java:119)

193449     ERROR Test worker     d.u.i.k.n.b.TacletPBuilder Error in parsing taclet. de.uka.ilkd.key.util.parsing.BuildingException: JavaBuildingIssue{node=PrintStream.$allocate()range=Optional.empty, message='Unsupported element detected given by Java Parser: MethodCallExpr. Please extend the KeY-Java-Hierarchy'} at file:/home/runner/work/key/key/key.core/build/resources/main/de/uka/ilkd/key/proof/rules/execRules.key:439:15
	at de.uka.ilkd.key.nparser.builder.AbstractBuilder.accept(AbstractBuilder.java:54)
Caused by: de.uka.ilkd.key.java.JavaBuildingExceptions: JavaBuildingIssue{node=PrintStream.$allocate()range=Optional.empty, message='Unsupported element detected given by Java Parser: MethodCallExpr. Please extend the KeY-Java-Hierarchy'}
	at de.uka.ilkd.key.java.JP2KeYVisitor.reportError(JP2KeYConverter.java:119)

193688     ERROR Test worker     d.u.i.k.n.b.AbstractBuilder  de.uka.ilkd.key.java.JavaBuildingExceptions: JavaBuildingIssue{node=PrintStream.$allocate()range=Optional.empty, message='Unsupported element detected given by Java Parser: MethodCallExpr. Please extend the KeY-Java-Hierarchy'}
	at de.uka.ilkd.key.java.JP2KeYVisitor.reportError(JP2KeYConverter.java:119)

193688     ERROR Test worker     d.u.i.k.n.b.TacletPBuilder Error in parsing taclet. de.uka.ilkd.key.util.parsing.BuildingException: JavaBuildingIssue{node=PrintStream.$allocate()range=Optional.empty, message='Unsupported element detected given by Java Parser: MethodCallExpr. Please extend the KeY-Java-Hierarchy'} at file:/home/runner/work/key/key/key.core/build/resources/main/de/uka/ilkd/key/proof/rules/execRules.key:456:15
	at de.uka.ilkd.key.nparser.builder.AbstractBuilder.accept(AbstractBuilder.java:54)
Caused by: de.uka.ilkd.key.java.JavaBuildingExceptions: JavaBuildingIssue{node=PrintStream.$allocate()range=Optional.empty, message='Unsupported element detected given by Java Parser: MethodCallExpr. Please extend the KeY-Java-Hierarchy'}
	at de.uka.ilkd.key.java.JP2KeYVisitor.reportError(JP2KeYConverter.java:119)

193927     ERROR Test worker     d.u.i.k.n.b.AbstractBuilder  de.uka.ilkd.key.java.JavaBuildingExceptions: JavaBuildingIssue{node=PrintStream.$allocate()range=Optional.empty, message='Unsupported element detected given by Java Parser: MethodCallExpr. Please extend the KeY-Java-Hierarchy'}
	at de.uka.ilkd.key.java.JP2KeYVisitor.reportError(JP2KeYConverter.java:119)

193927     ERROR Test worker     d.u.i.k.n.b.TacletPBuilder Error in parsing taclet. de.uka.ilkd.key.util.parsing.BuildingException: JavaBuildingIssue{node=PrintStream.$allocate()range=Optional.empty, message='Unsupported element detected given by Java Parser: MethodCallExpr. Please extend the KeY-Java-Hierarchy'} at file:/home/runner/work/key/key/key.core/build/resources/main/de/uka/ilkd/key/proof/rules/execRules.key:473:15
	at de.uka.ilkd.key.nparser.builder.AbstractBuilder.accept(AbstractBuilder.java:54)
Caused by: de.uka.ilkd.key.java.JavaBuildingExceptions: JavaBuildingIssue{node=PrintStream.$allocate()range=Optional.empty, message='Unsupported element detected given by Java Parser: MethodCallExpr. Please extend the KeY-Java-Hierarchy'}
	at de.uka.ilkd.key.java.JP2KeYVisitor.reportError(JP2KeYConverter.java:119)

194199     ERROR Test worker     d.u.i.k.n.b.AbstractBuilder  de.uka.ilkd.key.java.JavaBuildingExceptions: JavaBuildingIssue{node=PrintStream.$allocate()range=Optional.empty, message='Unsupported element detected given by Java Parser: MethodCallExpr. Please extend the KeY-Java-Hierarchy'}
	at de.uka.ilkd.key.java.JP2KeYVisitor.reportError(JP2KeYConverter.java:119)

194199     ERROR Test worker     d.u.i.k.n.b.TacletPBuilder Error in parsing taclet. de.uka.ilkd.key.util.parsing.BuildingException: JavaBuildingIssue{node=PrintStream.$allocate()range=Optional.empty, message='Unsupported element detected given by Java Parser: MethodCallExpr. Please extend the KeY-Java-Hierarchy'} at file:/home/runner/work/key/key/key.core/build/resources/main/de/uka/ilkd/key/proof/rules/execRules.key:490:15
	at de.uka.ilkd.key.nparser.builder.AbstractBuilder.accept(AbstractBuilder.java:54)
Caused by: de.uka.ilkd.key.java.JavaBuildingExceptions: JavaBuildingIssue{node=PrintStream.$allocate()range=Optional.empty, message='Unsupported element detected given by Java Parser: MethodCallExpr. Please extend the KeY-Java-Hierarchy'}
	at de.uka.ilkd.key.java.JP2KeYVisitor.reportError(JP2KeYConverter.java:119)

194436     ERROR Test worker     d.u.i.k.n.b.AbstractBuilder  de.uka.ilkd.key.java.JavaBuildingExceptions: JavaBuildingIssue{node=PrintStream.$allocate()range=Optional.empty, message='Unsupported element detected given by Java Parser: MethodCallExpr. Please extend the KeY-Java-Hierarchy'}
	at de.uka.ilkd.key.java.JP2KeYVisitor.reportError(JP2KeYConverter.java:119)

194436     ERROR Test worker     d.u.i.k.n.b.TacletPBuilder Error in parsing taclet. de.uka.ilkd.key.util.parsing.BuildingException: JavaBuildingIssue{node=PrintStream.$allocate()range=Optional.empty, message='Unsupported element detected given by Java Parser: MethodCallExpr. Please extend the KeY-Java-Hierarchy'} at file:/home/runner/work/key/key/key.core/build/resources/main/de/uka/ilkd/key/proof/rules/execRules.key:507:15
	at de.uka.ilkd.key.nparser.builder.AbstractBuilder.accept(AbstractBuilder.java:54)
Caused by: de.uka.ilkd.key.java.JavaBuildingExceptions: JavaBuildingIssue{node=PrintStream.$allocate()range=Optional.empty, message='Unsupported element detected given by Java Parser: MethodCallExpr. Please extend the KeY-Java-Hierarchy'}
	at de.uka.ilkd.key.java.JP2KeYVisitor.reportError(JP2KeYConverter.java:119)

194670     ERROR Test worker     d.u.i.k.n.b.AbstractBuilder  de.uka.ilkd.key.java.JavaBuildingExceptions: JavaBuildingIssue{node=PrintStream.$allocate()range=Optional.empty, message='Unsupported element detected given by Java Parser: MethodCallExpr. Please extend the KeY-Java-Hierarchy'}
	at de.uka.ilkd.key.java.JP2KeYVisitor.reportError(JP2KeYConverter.java:119)

194671     ERROR Test worker     d.u.i.k.n.b.TacletPBuilder Error in parsing taclet. de.uka.ilkd.key.util.parsing.BuildingException: JavaBuildingIssue{node=PrintStream.$allocate()range=Optional.empty, message='Unsupported element detected given by Java Parser: MethodCallExpr. Please extend the KeY-Java-Hierarchy'} at file:/home/runner/work/key/key/key.core/build/resources/main/de/uka/ilkd/key/proof/rules/execRules.key:523:15
	at de.uka.ilkd.key.nparser.builder.AbstractBuilder.accept(AbstractBuilder.java:54)
Caused by: de.uka.ilkd.key.java.JavaBuildingExceptions: JavaBuildingIssue{node=PrintStream.$allocate()range=Optional.empty, message='Unsupported element detected given by Java Parser: MethodCallExpr. Please extend the KeY-Java-Hierarchy'}
	at de.uka.ilkd.key.java.JP2KeYVisitor.reportError(JP2KeYConverter.java:119)

194907     ERROR Test worker     d.u.i.k.n.b.AbstractBuilder  de.uka.ilkd.key.java.JavaBuildingExceptions: JavaBuildingIssue{node=PrintStream.$allocate()range=Optional.empty, message='Unsupported element detected given by Java Parser: MethodCallExpr. Please extend the KeY-Java-Hierarchy'}
	at de.uka.ilkd.key.java.JP2KeYVisitor.reportError(JP2KeYConverter.java:119)

194907     ERROR Test worker     d.u.i.k.n.b.TacletPBuilder Error in parsing taclet. de.uka.ilkd.key.util.parsing.BuildingException: JavaBuildingIssue{node=PrintStream.$allocate()range=Optional.empty, message='Unsupported element detected given by Java Parser: MethodCallExpr. Please extend the KeY-Java-Hierarchy'} at file:/home/runner/work/key/key/key.core/build/resources/main/de/uka/ilkd/key/proof/rules/execRules.key:541:15
	at de.uka.ilkd.key.nparser.builder.AbstractBuilder.accept(AbstractBuilder.java:54)
Caused by: de.uka.ilkd.key.java.JavaBuildingExceptions: JavaBuildingIssue{node=PrintStream.$allocate()range=Optional.empty, message='Unsupported element detected given by Java Parser: MethodCallExpr. Please extend the KeY-Java-Hierarchy'}
	at de.uka.ilkd.key.java.JP2KeYVisitor.reportError(JP2KeYConverter.java:119)

195153     ERROR Test worker     d.u.i.k.n.b.AbstractBuilder  de.uka.ilkd.key.java.JavaBuildingExceptions: JavaBuildingIssue{node=PrintStream.$allocate()range=Optional.empty, message='Unsupported element detected given by Java Parser: MethodCallExpr. Please extend the KeY-Java-Hierarchy'}
	at de.uka.ilkd.key.java.JP2KeYVisitor.reportError(JP2KeYConverter.java:119)

195153     ERROR Test worker     d.u.i.k.n.b.TacletPBuilder Error in parsing taclet. de.uka.ilkd.key.util.parsing.BuildingException: JavaBuildingIssue{node=PrintStream.$allocate()range=Optional.empty, message='Unsupported element detected given by Java Parser: MethodCallExpr. Please extend the KeY-Java-Hierarchy'} at file:/home/runner/work/key/key/key.core/build/resources/main/de/uka/ilkd/key/proof/rules/execRules.key:558:15
	at de.uka.ilkd.key.nparser.builder.AbstractBuilder.accept(AbstractBuilder.java:54)
Caused by: de.uka.ilkd.key.java.JavaBuildingExceptions: JavaBuildingIssue{node=PrintStream.$allocate()range=Optional.empty, message='Unsupported element detected given by Java Parser: MethodCallExpr. Please extend the KeY-Java-Hierarchy'}
	at de.uka.ilkd.key.java.JP2KeYVisitor.reportError(JP2KeYConverter.java:119)

195389     ERROR Test worker     d.u.i.k.n.b.AbstractBuilder  de.uka.ilkd.key.java.JavaBuildingExceptions: JavaBuildingIssue{node=PrintStream.$allocate()range=Optional.empty, message='Unsupported element detected given by Java Parser: MethodCallExpr. Please extend the KeY-Java-Hierarchy'}
	at de.uka.ilkd.key.java.JP2KeYVisitor.reportError(JP2KeYConverter.java:119)

195389     ERROR Test worker     d.u.i.k.n.b.TacletPBuilder Error in parsing taclet. de.uka.ilkd.key.util.parsing.BuildingException: JavaBuildingIssue{node=PrintStream.$allocate()range=Optional.empty, message='Unsupported element detected given by Java Parser: MethodCallExpr. Please extend the KeY-Java-Hierarchy'} at file:/home/runner/work/key/key/key.core/build/resources/main/de/uka/ilkd/key/proof/rules/execRules.key:575:15
	at de.uka.ilkd.key.nparser.builder.AbstractBuilder.accept(AbstractBuilder.java:54)
Caused by: de.uka.ilkd.key.java.JavaBuildingExceptions: JavaBuildingIssue{node=PrintStream.$allocate()range=Optional.empty, message='Unsupported element detected given by Java Parser: MethodCallExpr. Please extend the KeY-Java-Hierarchy'}
	at de.uka.ilkd.key.java.JP2KeYVisitor.reportError(JP2KeYConverter.java:119)

195678     ERROR Test worker     d.u.i.k.n.b.AbstractBuilder  de.uka.ilkd.key.java.JavaBuildingExceptions: JavaBuildingIssue{node=PrintStream.$allocate()range=Optional.empty, message='Unsupported element detected given by Java Parser: MethodCallExpr. Please extend the KeY-Java-Hierarchy'}
	at de.uka.ilkd.key.java.JP2KeYVisitor.reportError(JP2KeYConverter.java:119)

195678     ERROR Test worker     d.u.i.k.n.b.TacletPBuilder Error in parsing taclet. de.uka.ilkd.key.util.parsing.BuildingException: JavaBuildingIssue{node=PrintStream.$allocate()range=Optional.empty, message='Unsupported element detected given by Java Parser: MethodCallExpr. Please extend the KeY-Java-Hierarchy'} at file:/home/runner/work/key/key/key.core/build/resources/main/de/uka/ilkd/key/proof/rules/execRules.key:592:15
	at de.uka.ilkd.key.nparser.builder.AbstractBuilder.accept(AbstractBuilder.java:54)
Caused by: de.uka.ilkd.key.java.JavaBuildingExceptions: JavaBuildingIssue{node=PrintStream.$allocate()range=Optional.empty, message='Unsupported element detected given by Java Parser: MethodCallExpr. Please extend the KeY-Java-Hierarchy'}
	at de.uka.ilkd.key.java.JP2KeYVisitor.reportError(JP2KeYConverter.java:119)

195914     ERROR Test worker     d.u.i.k.n.b.AbstractBuilder  de.uka.ilkd.key.java.JavaBuildingExceptions: JavaBuildingIssue{node=PrintStream.$allocate()range=Optional.empty, message='Unsupported element detected given by Java Parser: MethodCallExpr. Please extend the KeY-Java-Hierarchy'}
	at de.uka.ilkd.key.java.JP2KeYVisitor.reportError(JP2KeYConverter.java:119)

195914     ERROR Test worker     d.u.i.k.n.b.TacletPBuilder Error in parsing taclet. de.uka.ilkd.key.util.parsing.BuildingException: JavaBuildingIssue{node=PrintStream.$allocate()range=Optional.empty, message='Unsupported element detected given by Java Parser: MethodCallExpr. Please extend the KeY-Java-Hierarchy'} at file:/home/runner/work/key/key/key.core/build/resources/main/de/uka/ilkd/key/proof/rules/execRules.key:609:15
	at de.uka.ilkd.key.nparser.builder.AbstractBuilder.accept(AbstractBuilder.java:54)
Caused by: de.uka.ilkd.key.java.JavaBuildingExceptions: JavaBuildingIssue{node=PrintStream.$allocate()range=Optional.empty, message='Unsupported element detected given by Java Parser: MethodCallExpr. Please extend the KeY-Java-Hierarchy'}
	at de.uka.ilkd.key.java.JP2KeYVisitor.reportError(JP2KeYConverter.java:119)

196148     ERROR Test worker     d.u.i.k.n.b.AbstractBuilder  de.uka.ilkd.key.java.JavaBuildingExceptions: JavaBuildingIssue{node=PrintStream.$allocate()range=Optional.empty, message='Unsupported element detected given by Java Parser: MethodCallExpr. Please extend the KeY-Java-Hierarchy'}
	at de.uka.ilkd.key.java.JP2KeYVisitor.reportError(JP2KeYConverter.java:119)

196148     ERROR Test worker     d.u.i.k.n.b.TacletPBuilder Error in parsing taclet. de.uka.ilkd.key.util.parsing.BuildingException: JavaBuildingIssue{node=PrintStream.$allocate()range=Optional.empty, message='Unsupported element detected given by Java Parser: MethodCallExpr. Please extend the KeY-Java-Hierarchy'} at file:/home/runner/work/key/key/key.core/build/resources/main/de/uka/ilkd/key/proof/rules/execRules.key:626:15
	at de.uka.ilkd.key.nparser.builder.AbstractBuilder.accept(AbstractBuilder.java:54)
Caused by: de.uka.ilkd.key.java.JavaBuildingExceptions: JavaBuildingIssue{node=PrintStream.$allocate()range=Optional.empty, message='Unsupported element detected given by Java Parser: MethodCallExpr. Please extend the KeY-Java-Hierarchy'}
	at de.uka.ilkd.key.java.JP2KeYVisitor.reportError(JP2KeYConverter.java:119)

196383     ERROR Test worker     d.u.i.k.n.b.AbstractBuilder  de.uka.ilkd.key.java.JavaBuildingExceptions: JavaBuildingIssue{node=PrintStream.$allocate()range=Optional.empty, message='Unsupported element detected given by Java Parser: MethodCallExpr. Please extend the KeY-Java-Hierarchy'}
	at de.uka.ilkd.key.java.JP2KeYVisitor.reportError(JP2KeYConverter.java:119)

196383     ERROR Test worker     d.u.i.k.n.b.TacletPBuilder Error in parsing taclet. de.uka.ilkd.key.util.parsing.BuildingException: JavaBuildingIssue{node=PrintStream.$allocate()range=Optional.empty, message='Unsupported element detected given by Java Parser: MethodCallExpr. Please extend the KeY-Java-Hierarchy'} at file:/home/runner/work/key/key/key.core/build/resources/main/de/uka/ilkd/key/proof/rules/execRules.key:643:15
	at de.uka.ilkd.key.nparser.builder.AbstractBuilder.accept(AbstractBuilder.java:54)
Caused by: de.uka.ilkd.key.java.JavaBuildingExceptions: JavaBuildingIssue{node=PrintStream.$allocate()range=Optional.empty, message='Unsupported element detected given by Java Parser: MethodCallExpr. Please extend the KeY-Java-Hierarchy'}
	at de.uka.ilkd.key.java.JP2KeYVisitor.reportError(JP2KeYConverter.java:119)

196619     ERROR Test worker     d.u.i.k.n.b.AbstractBuilder  de.uka.ilkd.key.java.JavaBuildingExceptions: JavaBuildingIssue{node=PrintStream.$allocate()range=Optional.empty, message='Unsupported element detected given by Java Parser: MethodCallExpr. Please extend the KeY-Java-Hierarchy'}
	at de.uka.ilkd.key.java.JP2KeYVisitor.reportError(JP2KeYConverter.java:119)

196619     ERROR Test worker     d.u.i.k.n.b.TacletPBuilder Error in parsing taclet. de.uka.ilkd.key.util.parsing.BuildingException: JavaBuildingIssue{node=PrintStream.$allocate()range=Optional.empty, message='Unsupported element detected given by Java Parser: MethodCallExpr. Please extend the KeY-Java-Hierarchy'} at file:/home/runner/work/key/key/key.core/build/resources/main/de/uka/ilkd/key/proof/rules/execRules.key:659:15
	at de.uka.ilkd.key.nparser.builder.AbstractBuilder.accept(AbstractBuilder.java:54)
Caused by: de.uka.ilkd.key.java.JavaBuildingExceptions: JavaBuildingIssue{node=PrintStream.$allocate()range=Optional.empty, message='Unsupported element detected given by Java Parser: MethodCallExpr. Please extend the KeY-Java-Hierarchy'}
	at de.uka.ilkd.key.java.JP2KeYVisitor.reportError(JP2KeYConverter.java:119)

196858     ERROR Test worker     d.u.i.k.n.b.AbstractBuilder  de.uka.ilkd.key.java.JavaBuildingExceptions: JavaBuildingIssue{node=PrintStream.$allocate()range=Optional.empty, message='Unsupported element detected given by Java Parser: MethodCallExpr. Please extend the KeY-Java-Hierarchy'}
	at de.uka.ilkd.key.java.JP2KeYVisitor.reportError(JP2KeYConverter.java:119)

196858     ERROR Test worker     d.u.i.k.n.b.TacletPBuilder Error in parsing taclet. de.uka.ilkd.key.util.parsing.BuildingException: JavaBuildingIssue{node=PrintStream.$allocate()range=Optional.empty, message='Unsupported element detected given by Java Parser: MethodCallExpr. Please extend the KeY-Java-Hierarchy'} at file:/home/runner/work/key/key/key.core/build/resources/main/de/uka/ilkd/key/proof/rules/execRules.key:675:15
	at de.uka.ilkd.key.nparser.builder.AbstractBuilder.accept(AbstractBuilder.java:54)
Caused by: de.uka.ilkd.key.java.JavaBuildingExceptions: JavaBuildingIssue{node=PrintStream.$allocate()range=Optional.empty, message='Unsupported element detected given by Java Parser: MethodCallExpr. Please extend the KeY-Java-Hierarchy'}
	at de.uka.ilkd.key.java.JP2KeYVisitor.reportError(JP2KeYConverter.java:119)

197179     ERROR Test worker     d.u.i.k.n.b.AbstractBuilder  de.uka.ilkd.key.java.JavaBuildingExceptions: JavaBuildingIssue{node=PrintStream.$allocate()range=Optional.empty, message='Unsupported element detected given by Java Parser: MethodCallExpr. Please extend the KeY-Java-Hierarchy'}
	at de.uka.ilkd.key.java.JP2KeYVisitor.reportError(JP2KeYConverter.java:119)

197179     ERROR Test worker     d.u.i.k.n.b.TacletPBuilder Error in parsing taclet. de.uka.ilkd.key.util.parsing.BuildingException: JavaBuildingIssue{node=PrintStream.$allocate()range=Optional.empty, message='Unsupported element detected given by Java Parser: MethodCallExpr. Please extend the KeY-Java-Hierarchy'} at file:/home/runner/work/key/key/key.core/build/resources/main/de/uka/ilkd/key/proof/rules/execRules.key:691:15
	at de.uka.ilkd.key.nparser.builder.AbstractBuilder.accept(AbstractBuilder.java:54)
Caused by: de.uka.ilkd.key.java.JavaBuildingExceptions: JavaBuildingIssue{node=PrintStream.$allocate()range=Optional.empty, message='Unsupported element detected given by Java Parser: MethodCallExpr. Please extend the KeY-Java-Hierarchy'}
	at de.uka.ilkd.key.java.JP2KeYVisitor.reportError(JP2KeYConverter.java:119)

197438     ERROR Test worker     d.u.i.k.n.b.AbstractBuilder  de.uka.ilkd.key.java.JavaBuildingExceptions: JavaBuildingIssue{node=PrintStream.$allocate()range=Optional.empty, message='Unsupported element detected given by Java Parser: MethodCallExpr. Please extend the KeY-Java-Hierarchy'}
	at de.uka.ilkd.key.java.JP2KeYVisitor.reportError(JP2KeYConverter.java:119)

197439     ERROR Test worker     d.u.i.k.n.b.TacletPBuilder Error in parsing taclet. de.uka.ilkd.key.util.parsing.BuildingException: JavaBuildingIssue{node=PrintStream.$allocate()range=Optional.empty, message='Unsupported element detected given by Java Parser: MethodCallExpr. Please extend the KeY-Java-Hierarchy'} at file:/home/runner/work/key/key/key.core/build/resources/main/de/uka/ilkd/key/proof/rules/execRules.key:711:15
	at de.uka.ilkd.key.nparser.builder.AbstractBuilder.accept(AbstractBuilder.java:54)
Caused by: de.uka.ilkd.key.java.JavaBuildingExceptions: JavaBuildingIssue{node=PrintStream.$allocate()range=Optional.empty, message='Unsupported element detected given by Java Parser: MethodCallExpr. Please extend the KeY-Java-Hierarchy'}
	at de.uka.ilkd.key.java.JP2KeYVisitor.reportError(JP2KeYConverter.java:119)

197725     ERROR Test worker     d.u.i.k.n.b.AbstractBuilder  de.uka.ilkd.key.java.JavaBuildingExceptions: JavaBuildingIssue{node=PrintStream.$allocate()range=Optional.empty, message='Unsupported element detected given by Java Parser: MethodCallExpr. Please extend the KeY-Java-Hierarchy'}
	at de.uka.ilkd.key.java.JP2KeYVisitor.reportError(JP2KeYConverter.java:119)

197726     ERROR Test worker     d.u.i.k.n.b.TacletPBuilder Error in parsing taclet. de.uka.ilkd.key.util.parsing.BuildingException: JavaBuildingIssue{node=PrintStream.$allocate()range=Optional.empty, message='Unsupported element detected given by Java Parser: MethodCallExpr. Please extend the KeY-Java-Hierarchy'} at file:/home/runner/work/key/key/key.core/build/resources/main/de/uka/ilkd/key/proof/rules/execRules.key:728:15
	at de.uka.ilkd.key.nparser.builder.AbstractBuilder.accept(AbstractBuilder.java:54)
Caused by: de.uka.ilkd.key.java.JavaBuildingExceptions: JavaBuildingIssue{node=PrintStream.$allocate()range=Optional.empty, message='Unsupported element detected given by Java Parser: MethodCallExpr. Please extend the KeY-Java-Hierarchy'}
	at de.uka.ilkd.key.java.JP2KeYVisitor.reportError(JP2KeYConverter.java:119)

198012     ERROR Test worker     d.u.i.k.n.b.AbstractBuilder  de.uka.ilkd.key.java.JavaBuildingExceptions: JavaBuildingIssue{node=PrintStream.$allocate()range=Optional.empty, message='Unsupported element detected given by Java Parser: MethodCallExpr. Please extend the KeY-Java-Hierarchy'}
	at de.uka.ilkd.key.java.JP2KeYVisitor.reportError(JP2KeYConverter.java:119)

198013     ERROR Test worker     d.u.i.k.n.b.TacletPBuilder Error in parsing taclet. de.uka.ilkd.key.util.parsing.BuildingException: JavaBuildingIssue{node=PrintStream.$allocate()range=Optional.empty, message='Unsupported element detected given by Java Parser: MethodCallExpr. Please extend the KeY-Java-Hierarchy'} at file:/home/runner/work/key/key/key.core/build/resources/main/de/uka/ilkd/key/proof/rules/execRules.key:745:15
	at de.uka.ilkd.key.nparser.builder.AbstractBuilder.accept(AbstractBuilder.java:54)
Caused by: de.uka.ilkd.key.java.JavaBuildingExceptions: JavaBuildingIssue{node=PrintStream.$allocate()range=Optional.empty, message='Unsupported element detected given by Java Parser: MethodCallExpr. Please extend the KeY-Java-Hierarchy'}
	at de.uka.ilkd.key.java.JP2KeYVisitor.reportError(JP2KeYConverter.java:119)

198299     ERROR Test worker     d.u.i.k.n.b.AbstractBuilder  de.uka.ilkd.key.java.JavaBuildingExceptions: JavaBuildingIssue{node=PrintStream.$allocate()range=Optional.empty, message='Unsupported element detected given by Java Parser: MethodCallExpr. Please extend the KeY-Java-Hierarchy'}
	at de.uka.ilkd.key.java.JP2KeYVisitor.reportError(JP2KeYConverter.java:119)

198300     ERROR Test worker     d.u.i.k.n.b.TacletPBuilder Error in parsing taclet. de.uka.ilkd.key.util.parsing.BuildingException: JavaBuildingIssue{node=PrintStream.$allocate()range=Optional.empty, message='Unsupported element detected given by Java Parser: MethodCallExpr. Please extend the KeY-Java-Hierarchy'} at file:/home/runner/work/key/key/key.core/build/resources/main/de/uka/ilkd/key/proof/rules/execRules.key:762:15
	at de.uka.ilkd.key.nparser.builder.AbstractBuilder.accept(AbstractBuilder.java:54)
Caused by: de.uka.ilkd.key.java.JavaBuildingExceptions: JavaBuildingIssue{node=PrintStream.$allocate()range=Optional.empty, message='Unsupported element detected given by Java Parser: MethodCallExpr. Please extend the KeY-Java-Hierarchy'}
	at de.uka.ilkd.key.java.JP2KeYVisitor.reportError(JP2KeYConverter.java:119)

198585     ERROR Test worker     d.u.i.k.n.b.AbstractBuilder  de.uka.ilkd.key.java.JavaBuildingExceptions: JavaBuildingIssue{node=PrintStream.$allocate()range=Optional.empty, message='Unsupported element detected given by Java Parser: MethodCallExpr. Please extend the KeY-Java-Hierarchy'}
	at de.uka.ilkd.key.java.JP2KeYVisitor.reportError(JP2KeYConverter.java:119)

198586     ERROR Test worker     d.u.i.k.n.b.TacletPBuilder Error in parsing taclet. de.uka.ilkd.key.util.parsing.BuildingException: JavaBuildingIssue{node=PrintStream.$allocate()range=Optional.empty, message='Unsupported element detected given by Java Parser: MethodCallExpr. Please extend the KeY-Java-Hierarchy'} at file:/home/runner/work/key/key/key.core/build/resources/main/de/uka/ilkd/key/proof/rules/execRules.key:779:15
	at de.uka.ilkd.key.nparser.builder.AbstractBuilder.accept(AbstractBuilder.java:54)
Caused by: de.uka.ilkd.key.java.JavaBuildingExceptions: JavaBuildingIssue{node=PrintStream.$allocate()range=Optional.empty, message='Unsupported element detected given by Java Parser: MethodCallExpr. Please extend the KeY-Java-Hierarchy'}
	at de.uka.ilkd.key.java.JP2KeYVisitor.reportError(JP2KeYConverter.java:119)

198957     ERROR Test worker     d.u.i.k.n.b.AbstractBuilder  de.uka.ilkd.key.java.JavaBuildingExceptions: JavaBuildingIssue{node=PrintStream.$allocate()range=Optional.empty, message='Unsupported element detected given by Java Parser: MethodCallExpr. Please extend the KeY-Java-Hierarchy'}
	at de.uka.ilkd.key.java.JP2KeYVisitor.reportError(JP2KeYConverter.java:119)

198958     ERROR Test worker     d.u.i.k.n.b.TacletPBuilder Error in parsing taclet. de.uka.ilkd.key.util.parsing.BuildingException: JavaBuildingIssue{node=PrintStream.$allocate()range=Optional.empty, message='Unsupported element detected given by Java Parser: MethodCallExpr. Please extend the KeY-Java-Hierarchy'} at file:/home/runner/work/key/key/key.core/build/resources/main/de/uka/ilkd/key/proof/rules/execRules.key:795:15
	at de.uka.ilkd.key.nparser.builder.AbstractBuilder.accept(AbstractBuilder.java:54)
Caused by: de.uka.ilkd.key.java.JavaBuildingExceptions: JavaBuildingIssue{node=PrintStream.$allocate()range=Optional.empty, message='Unsupported element detected given by Java Parser: MethodCallExpr. Please extend the KeY-Java-Hierarchy'}
	at de.uka.ilkd.key.java.JP2KeYVisitor.reportError(JP2KeYConverter.java:119)

199240     ERROR Test worker     d.u.i.k.n.b.AbstractBuilder  de.uka.ilkd.key.java.JavaBuildingExceptions: JavaBuildingIssue{node=PrintStream.$allocate()range=Optional.empty, message='Unsupported element detected given by Java Parser: MethodCallExpr. Please extend the KeY-Java-Hierarchy'}
	at de.uka.ilkd.key.java.JP2KeYVisitor.reportError(JP2KeYConverter.java:119)

199241     ERROR Test worker     d.u.i.k.n.b.TacletPBuilder Error in parsing taclet. de.uka.ilkd.key.util.parsing.BuildingException: JavaBuildingIssue{node=PrintStream.$allocate()range=Optional.empty, message='Unsupported element detected given by Java Parser: MethodCallExpr. Please extend the KeY-Java-Hierarchy'} at file:/home/runner/work/key/key/key.core/build/resources/main/de/uka/ilkd/key/proof/rules/execRules.key:811:15
	at de.uka.ilkd.key.nparser.builder.AbstractBuilder.accept(AbstractBuilder.java:54)
Caused by: de.uka.ilkd.key.java.JavaBuildingExceptions: JavaBuildingIssue{node=PrintStream.$allocate()range=Optional.empty, message='Unsupported element detected given by Java Parser: MethodCallExpr. Please extend the KeY-Java-Hierarchy'}
	at de.uka.ilkd.key.java.JP2KeYVisitor.reportError(JP2KeYConverter.java:119)

199529     ERROR Test worker     d.u.i.k.n.b.AbstractBuilder  de.uka.ilkd.key.java.JavaBuildingExceptions: JavaBuildingIssue{node=PrintStream.$allocate()range=Optional.empty, message='Unsupported element detected given by Java Parser: MethodCallExpr. Please extend the KeY-Java-Hierarchy'}
	at de.uka.ilkd.key.java.JP2KeYVisitor.reportError(JP2KeYConverter.java:119)

199530     ERROR Test worker     d.u.i.k.n.b.TacletPBuilder Error in parsing taclet. de.uka.ilkd.key.util.parsing.BuildingException: JavaBuildingIssue{node=PrintStream.$allocate()range=Optional.empty, message='Unsupported element detected given by Java Parser: MethodCallExpr. Please extend the KeY-Java-Hierarchy'} at file:/home/runner/work/key/key/key.core/build/resources/main/de/uka/ilkd/key/proof/rules/execRules.key:827:15
	at de.uka.ilkd.key.nparser.builder.AbstractBuilder.accept(AbstractBuilder.java:54)
Caused by: de.uka.ilkd.key.java.JavaBuildingExceptions: JavaBuildingIssue{node=PrintStream.$allocate()range=Optional.empty, message='Unsupported element detected given by Java Parser: MethodCallExpr. Please extend the KeY-Java-Hierarchy'}
	at de.uka.ilkd.key.java.JP2KeYVisitor.reportError(JP2KeYConverter.java:119)

199815     ERROR Test worker     d.u.i.k.n.b.AbstractBuilder  de.uka.ilkd.key.java.JavaBuildingExceptions: JavaBuildingIssue{node=PrintStream.$allocate()range=Optional.empty, message='Unsupported element detected given by Java Parser: MethodCallExpr. Please extend the KeY-Java-Hierarchy'}
	at de.uka.ilkd.key.java.JP2KeYVisitor.reportError(JP2KeYConverter.java:119)

199816     ERROR Test worker     d.u.i.k.n.b.TacletPBuilder Error in parsing taclet. de.uka.ilkd.key.util.parsing.BuildingException: JavaBuildingIssue{node=PrintStream.$allocate()range=Optional.empty, message='Unsupported element detected given by Java Parser: MethodCallExpr. Please extend the KeY-Java-Hierarchy'} at file:/home/runner/work/key/key/key.core/build/resources/main/de/uka/ilkd/key/proof/rules/execRules.key:843:15
	at de.uka.ilkd.key.nparser.builder.AbstractBuilder.accept(AbstractBuilder.java:54)
Caused by: de.uka.ilkd.key.java.JavaBuildingExceptions: JavaBuildingIssue{node=PrintStream.$allocate()range=Optional.empty, message='Unsupported element detected given by Java Parser: MethodCallExpr. Please extend the KeY-Java-Hierarchy'}
	at de.uka.ilkd.key.java.JP2KeYVisitor.reportError(JP2KeYConverter.java:119)

200104     ERROR Test worker     d.u.i.k.n.b.AbstractBuilder  de.uka.ilkd.key.java.JavaBuildingExceptions: JavaBuildingIssue{node=PrintStream.$allocate()range=Optional.empty, message='Unsupported element detected given by Java Parser: MethodCallExpr. Please extend the KeY-Java-Hierarchy'}
	at de.uka.ilkd.key.java.JP2KeYVisitor.reportError(JP2KeYConverter.java:119)

200105     ERROR Test worker     d.u.i.k.n.b.TacletPBuilder Error in parsing taclet. de.uka.ilkd.key.util.parsing.BuildingException: JavaBuildingIssue{node=PrintStream.$allocate()range=Optional.empty, message='Unsupported element detected given by Java Parser: MethodCallExpr. Please extend the KeY-Java-Hierarchy'} at file:/home/runner/work/key/key/key.core/build/resources/main/de/uka/ilkd/key/proof/rules/execRules.key:861:15
	at de.uka.ilkd.key.nparser.builder.AbstractBuilder.accept(AbstractBuilder.java:54)
Caused by: de.uka.ilkd.key.java.JavaBuildingExceptions: JavaBuildingIssue{node=PrintStream.$allocate()range=Optional.empty, message='Unsupported element detected given by Java Parser: MethodCallExpr. Please extend the KeY-Java-Hierarchy'}
	at de.uka.ilkd.key.java.JP2KeYVisitor.reportError(JP2KeYConverter.java:119)

200474     ERROR Test worker     d.u.i.k.n.b.AbstractBuilder  de.uka.ilkd.key.java.JavaBuildingExceptions: JavaBuildingIssue{node=PrintStream.$allocate()range=Optional.empty, message='Unsupported element detected given by Java Parser: MethodCallExpr. Please extend the KeY-Java-Hierarchy'}
	at de.uka.ilkd.key.java.JP2KeYVisitor.reportError(JP2KeYConverter.java:119)

200474     ERROR Test worker     d.u.i.k.n.b.TacletPBuilder Error in parsing taclet. de.uka.ilkd.key.util.parsing.BuildingException: JavaBuildingIssue{node=PrintStream.$allocate()range=Optional.empty, message='Unsupported element detected given by Java Parser: MethodCallExpr. Please extend the KeY-Java-Hierarchy'} at file:/home/runner/work/key/key/key.core/build/resources/main/de/uka/ilkd/key/proof/rules/execRules.key:878:15
	at de.uka.ilkd.key.nparser.builder.AbstractBuilder.accept(AbstractBuilder.java:54)
Caused by: de.uka.ilkd.key.java.JavaBuildingExceptions: JavaBuildingIssue{node=PrintStream.$allocate()range=Optional.empty, message='Unsupported element detected given by Java Parser: MethodCallExpr. Please extend the KeY-Java-Hierarchy'}
	at de.uka.ilkd.key.java.JP2KeYVisitor.reportError(JP2KeYConverter.java:119)

200756     ERROR Test worker     d.u.i.k.n.b.AbstractBuilder  de.uka.ilkd.key.java.JavaBuildingExceptions: JavaBuildingIssue{node=PrintStream.$allocate()range=Optional.empty, message='Unsupported element detected given by Java Parser: MethodCallExpr. Please extend the KeY-Java-Hierarchy'}
	at de.uka.ilkd.key.java.JP2KeYVisitor.reportError(JP2KeYConverter.java:119)

200757     ERROR Test worker     d.u.i.k.n.b.TacletPBuilder Error in parsing taclet. de.uka.ilkd.key.util.parsing.BuildingException: JavaBuildingIssue{node=PrintStream.$allocate()range=Optional.empty, message='Unsupported element detected given by Java Parser: MethodCallExpr. Please extend the KeY-Java-Hierarchy'} at file:/home/runner/work/key/key/key.core/build/resources/main/de/uka/ilkd/key/proof/rules/execRules.key:894:15
	at de.uka.ilkd.key.nparser.builder.AbstractBuilder.accept(AbstractBuilder.java:54)
Caused by: de.uka.ilkd.key.java.JavaBuildingExceptions: JavaBuildingIssue{node=PrintStream.$allocate()range=Optional.empty, message='Unsupported element detected given by Java Parser: MethodCallExpr. Please extend the KeY-Java-Hierarchy'}
	at de.uka.ilkd.key.java.JP2KeYVisitor.reportError(JP2KeYConverter.java:119)

201039     ERROR Test worker     d.u.i.k.n.b.AbstractBuilder  de.uka.ilkd.key.java.JavaBuildingExceptions: JavaBuildingIssue{node=PrintStream.$allocate()range=Optional.empty, message='Unsupported element detected given by Java Parser: MethodCallExpr. Please extend the KeY-Java-Hierarchy'}
	at de.uka.ilkd.key.java.JP2KeYVisitor.reportError(JP2KeYConverter.java:119)

201040     ERROR Test worker     d.u.i.k.n.b.TacletPBuilder Error in parsing taclet. de.uka.ilkd.key.util.parsing.BuildingException: JavaBuildingIssue{node=PrintStream.$allocate()range=Optional.empty, message='Unsupported element detected given by Java Parser: MethodCallExpr. Please extend the KeY-Java-Hierarchy'} at file:/home/runner/work/key/key/key.core/build/resources/main/de/uka/ilkd/key/proof/rules/execRules.key:910:15
	at de.uka.ilkd.key.nparser.builder.AbstractBuilder.accept(AbstractBuilder.java:54)
Caused by: de.uka.ilkd.key.java.JavaBuildingExceptions: JavaBuildingIssue{node=PrintStream.$allocate()range=Optional.empty, message='Unsupported element detected given by Java Parser: MethodCallExpr. Please extend the KeY-Java-Hierarchy'}
	at de.uka.ilkd.key.java.JP2KeYVisitor.reportError(JP2KeYConverter.java:119)

201322     ERROR Test worker     d.u.i.k.n.b.AbstractBuilder  de.uka.ilkd.key.java.JavaBuildingExceptions: JavaBuildingIssue{node=PrintStream.$allocate()range=Optional.empty, message='Unsupported element detected given by Java Parser: MethodCallExpr. Please extend the KeY-Java-Hierarchy'}
	at de.uka.ilkd.key.java.JP2KeYVisitor.reportError(JP2KeYConverter.java:119)

201323     ERROR Test worker     d.u.i.k.n.b.TacletPBuilder Error in parsing taclet. de.uka.ilkd.key.util.parsing.BuildingException: JavaBuildingIssue{node=PrintStream.$allocate()range=Optional.empty, message='Unsupported element detected given by Java Parser: MethodCallExpr. Please extend the KeY-Java-Hierarchy'} at file:/home/runner/work/key/key/key.core/build/resources/main/de/uka/ilkd/key/proof/rules/execRules.key:926:15
	at de.uka.ilkd.key.nparser.builder.AbstractBuilder.accept(AbstractBuilder.java:54)
Caused by: de.uka.ilkd.key.java.JavaBuildingExceptions: JavaBuildingIssue{node=PrintStream.$allocate()range=Optional.empty, message='Unsupported element detected given by Java Parser: MethodCallExpr. Please extend the KeY-Java-Hierarchy'}
	at de.uka.ilkd.key.java.JP2KeYVisitor.reportError(JP2KeYConverter.java:119)

201610     ERROR Test worker     d.u.i.k.n.b.AbstractBuilder  de.uka.ilkd.key.java.JavaBuildingExceptions: JavaBuildingIssue{node=PrintStream.$allocate()range=Optional.empty, message='Unsupported element detected given by Java Parser: MethodCallExpr. Please extend the KeY-Java-Hierarchy'}
	at de.uka.ilkd.key.java.JP2KeYVisitor.reportError(JP2KeYConverter.java:119)

201611     ERROR Test worker     d.u.i.k.n.b.TacletPBuilder Error in parsing taclet. de.uka.ilkd.key.util.parsing.BuildingException: JavaBuildingIssue{node=PrintStream.$allocate()range=Optional.empty, message='Unsupported element detected given by Java Parser: MethodCallExpr. Please extend the KeY-Java-Hierarchy'} at file:/home/runner/work/key/key/key.core/build/resources/main/de/uka/ilkd/key/proof/rules/execRules.key:942:15
	at de.uka.ilkd.key.nparser.builder.AbstractBuilder.accept(AbstractBuilder.java:54)
Caused by: de.uka.ilkd.key.java.JavaBuildingExceptions: JavaBuildingIssue{node=PrintStream.$allocate()range=Optional.empty, message='Unsupported element detected given by Java Parser: MethodCallExpr. Please extend the KeY-Java-Hierarchy'}
	at de.uka.ilkd.key.java.JP2KeYVisitor.reportError(JP2KeYConverter.java:119)

201984     ERROR Test worker     d.u.i.k.n.b.AbstractBuilder  de.uka.ilkd.key.java.JavaBuildingExceptions: JavaBuildingIssue{node=PrintStream.$allocate()range=Optional.empty, message='Unsupported element detected given by Java Parser: MethodCallExpr. Please extend the KeY-Java-Hierarchy'}
	at de.uka.ilkd.key.java.JP2KeYVisitor.reportError(JP2KeYConverter.java:119)

201985     ERROR Test worker     d.u.i.k.n.b.TacletPBuilder Error in parsing taclet. de.uka.ilkd.key.util.parsing.BuildingException: JavaBuildingIssue{node=PrintStream.$allocate()range=Optional.empty, message='Unsupported element detected given by Java Parser: MethodCallExpr. Please extend the KeY-Java-Hierarchy'} at file:/home/runner/work/key/key/key.core/build/resources/main/de/uka/ilkd/key/proof/rules/execRules.key:958:15
	at de.uka.ilkd.key.nparser.builder.AbstractBuilder.accept(AbstractBuilder.java:54)
Caused by: de.uka.ilkd.key.java.JavaBuildingExceptions: JavaBuildingIssue{node=PrintStream.$allocate()range=Optional.empty, message='Unsupported element detected given by Java Parser: MethodCallExpr. Please extend the KeY-Java-Hierarchy'}
	at de.uka.ilkd.key.java.JP2KeYVisitor.reportError(JP2KeYConverter.java:119)

202267     ERROR Test worker     d.u.i.k.n.b.AbstractBuilder  de.uka.ilkd.key.java.JavaBuildingExceptions: JavaBuildingIssue{node=PrintStream.$allocate()range=Optional.empty, message='Unsupported element detected given by Java Parser: MethodCallExpr. Please extend the KeY-Java-Hierarchy'}
	at de.uka.ilkd.key.java.JP2KeYVisitor.reportError(JP2KeYConverter.java:119)

202268     ERROR Test worker     d.u.i.k.n.b.TacletPBuilder Error in parsing taclet. de.uka.ilkd.key.util.parsing.BuildingException: JavaBuildingIssue{node=PrintStream.$allocate()range=Optional.empty, message='Unsupported element detected given by Java Parser: MethodCallExpr. Please extend the KeY-Java-Hierarchy'} at file:/home/runner/work/key/key/key.core/build/resources/main/de/uka/ilkd/key/proof/rules/execRules.key:974:15
	at de.uka.ilkd.key.nparser.builder.AbstractBuilder.accept(AbstractBuilder.java:54)
Caused by: de.uka.ilkd.key.java.JavaBuildingExceptions: JavaBuildingIssue{node=PrintStream.$allocate()range=Optional.empty, message='Unsupported element detected given by Java Parser: MethodCallExpr. Please extend the KeY-Java-Hierarchy'}
	at de.uka.ilkd.key.java.JP2KeYVisitor.reportError(JP2KeYConverter.java:119)

202563     ERROR Test worker     d.u.i.k.n.b.AbstractBuilder  de.uka.ilkd.key.java.JavaBuildingExceptions: JavaBuildingIssue{node=PrintStream.$allocate()range=Optional.empty, message='Unsupported element detected given by Java Parser: MethodCallExpr. Please extend the KeY-Java-Hierarchy'}
	at de.uka.ilkd.key.java.JP2KeYVisitor.reportError(JP2KeYConverter.java:119)

202564     ERROR Test worker     d.u.i.k.n.b.TacletPBuilder Error in parsing taclet. de.uka.ilkd.key.util.parsing.BuildingException: JavaBuildingIssue{node=PrintStream.$allocate()range=Optional.empty, message='Unsupported element detected given by Java Parser: MethodCallExpr. Please extend the KeY-Java-Hierarchy'} at file:/home/runner/work/key/key/key.core/build/resources/main/de/uka/ilkd/key/proof/rules/execRules.key:994:15
	at de.uka.ilkd.key.nparser.builder.AbstractBuilder.accept(AbstractBuilder.java:54)
Caused by: de.uka.ilkd.key.java.JavaBuildingExceptions: JavaBuildingIssue{node=PrintStream.$allocate()range=Optional.empty, message='Unsupported element detected given by Java Parser: MethodCallExpr. Please extend the KeY-Java-Hierarchy'}
	at de.uka.ilkd.key.java.JP2KeYVisitor.reportError(JP2KeYConverter.java:119)

202846     ERROR Test worker     d.u.i.k.n.b.AbstractBuilder  de.uka.ilkd.key.java.JavaBuildingExceptions: JavaBuildingIssue{node=PrintStream.$allocate()range=Optional.empty, message='Unsupported element detected given by Java Parser: MethodCallExpr. Please extend the KeY-Java-Hierarchy'}
	at de.uka.ilkd.key.java.JP2KeYVisitor.reportError(JP2KeYConverter.java:119)

202847     ERROR Test worker     d.u.i.k.n.b.TacletPBuilder Error in parsing taclet. de.uka.ilkd.key.util.parsing.BuildingException: JavaBuildingIssue{node=PrintStream.$allocate()range=Optional.empty, message='Unsupported element detected given by Java Parser: MethodCallExpr. Please extend the KeY-Java-Hierarchy'} at file:/home/runner/work/key/key/key.core/build/resources/main/de/uka/ilkd/key/proof/rules/execRules.key:1011:15
	at de.uka.ilkd.key.nparser.builder.AbstractBuilder.accept(AbstractBuilder.java:54)
Caused by: de.uka.ilkd.key.java.JavaBuildingExceptions: JavaBuildingIssue{node=PrintStream.$allocate()range=Optional.empty, message='Unsupported element detected given by Java Parser: MethodCallExpr. Please extend the KeY-Java-Hierarchy'}
	at de.uka.ilkd.key.java.JP2KeYVisitor.reportError(JP2KeYConverter.java:119)

203114     ERROR Test worker     d.u.i.k.n.b.AbstractBuilder  de.uka.ilkd.key.java.JavaBuildingExceptions: JavaBuildingIssue{node=PrintStream.$allocate()range=Optional.empty, message='Unsupported element detected given by Java Parser: MethodCallExpr. Please extend the KeY-Java-Hierarchy'}
	at de.uka.ilkd.key.java.JP2KeYVisitor.reportError(JP2KeYConverter.java:119)

203115     ERROR Test worker     d.u.i.k.n.b.TacletPBuilder Error in parsing taclet. de.uka.ilkd.key.util.parsing.BuildingException: JavaBuildingIssue{node=PrintStream.$allocate()range=Optional.empty, message='Unsupported element detected given by Java Parser: MethodCallExpr. Please extend the KeY-Java-Hierarchy'} at file:/home/runner/work/key/key/key.core/build/resources/main/de/uka/ilkd/key/proof/rules/execRules.key:1027:15
	at de.uka.ilkd.key.nparser.builder.AbstractBuilder.accept(AbstractBuilder.java:54)
Caused by: de.uka.ilkd.key.java.JavaBuildingExceptions: JavaBuildingIssue{node=PrintStream.$allocate()range=Optional.empty, message='Unsupported element detected given by Java Parser: MethodCallExpr. Please extend the KeY-Java-Hierarchy'}
	at de.uka.ilkd.key.java.JP2KeYVisitor.reportError(JP2KeYConverter.java:119)

203381     ERROR Test worker     d.u.i.k.n.b.AbstractBuilder  de.uka.ilkd.key.java.JavaBuildingExceptions: JavaBuildingIssue{node=PrintStream.$allocate()range=Optional.empty, message='Unsupported element detected given by Java Parser: MethodCallExpr. Please extend the KeY-Java-Hierarchy'}
	at de.uka.ilkd.key.java.JP2KeYVisitor.reportError(JP2KeYConverter.java:119)

203382     ERROR Test worker     d.u.i.k.n.b.TacletPBuilder Error in parsing taclet. de.uka.ilkd.key.util.parsing.BuildingException: JavaBuildingIssue{node=PrintStream.$allocate()range=Optional.empty, message='Unsupported element detected given by Java Parser: MethodCallExpr. Please extend the KeY-Java-Hierarchy'} at file:/home/runner/work/key/key/key.core/build/resources/main/de/uka/ilkd/key/proof/rules/execRules.key:1043:15
	at de.uka.ilkd.key.nparser.builder.AbstractBuilder.accept(AbstractBuilder.java:54)
Caused by: de.uka.ilkd.key.java.JavaBuildingExceptions: JavaBuildingIssue{node=PrintStream.$allocate()range=Optional.empty, message='Unsupported element detected given by Java Parser: MethodCallExpr. Please extend the KeY-Java-Hierarchy'}
	at de.uka.ilkd.key.java.JP2KeYVisitor.reportError(JP2KeYConverter.java:119)

203753     ERROR Test worker     d.u.i.k.n.b.AbstractBuilder  de.uka.ilkd.key.java.JavaBuildingExceptions: JavaBuildingIssue{node=PrintStream.$allocate()range=Optional.empty, message='Unsupported element detected given by Java Parser: MethodCallExpr. Please extend the KeY-Java-Hierarchy'}
	at de.uka.ilkd.key.java.JP2KeYVisitor.reportError(JP2KeYConverter.java:119)

203754     ERROR Test worker     d.u.i.k.n.b.TacletPBuilder Error in parsing taclet. de.uka.ilkd.key.util.parsing.BuildingException: JavaBuildingIssue{node=PrintStream.$allocate()range=Optional.empty, message='Unsupported element detected given by Java Parser: MethodCallExpr. Please extend the KeY-Java-Hierarchy'} at file:/home/runner/work/key/key/key.core/build/resources/main/de/uka/ilkd/key/proof/rules/execRules.key:1059:15
	at de.uka.ilkd.key.nparser.builder.AbstractBuilder.accept(AbstractBuilder.java:54)
Caused by: de.uka.ilkd.key.java.JavaBuildingExceptions: JavaBuildingIssue{node=PrintStream.$allocate()range=Optional.empty, message='Unsupported element detected given by Java Parser: MethodCallExpr. Please extend the KeY-Java-Hierarchy'}
	at de.uka.ilkd.key.java.JP2KeYVisitor.reportError(JP2KeYConverter.java:119)

204018     ERROR Test worker     d.u.i.k.n.b.AbstractBuilder  de.uka.ilkd.key.java.JavaBuildingExceptions: JavaBuildingIssue{node=PrintStream.$allocate()range=Optional.empty, message='Unsupported element detected given by Java Parser: MethodCallExpr. Please extend the KeY-Java-Hierarchy'}
	at de.uka.ilkd.key.java.JP2KeYVisitor.reportError(JP2KeYConverter.java:119)

204019     ERROR Test worker     d.u.i.k.n.b.TacletPBuilder Error in parsing taclet. de.uka.ilkd.key.util.parsing.BuildingException: JavaBuildingIssue{node=PrintStream.$allocate()range=Optional.empty, message='Unsupported element detected given by Java Parser: MethodCallExpr. Please extend the KeY-Java-Hierarchy'} at file:/home/runner/work/key/key/key.core/build/resources/main/de/uka/ilkd/key/proof/rules/execRules.key:1075:15
	at de.uka.ilkd.key.nparser.builder.AbstractBuilder.accept(AbstractBuilder.java:54)
Caused by: de.uka.ilkd.key.java.JavaBuildingExceptions: JavaBuildingIssue{node=PrintStream.$allocate()range=Optional.empty, message='Unsupported element detected given by Java Parser: MethodCallExpr. Please extend the KeY-Java-Hierarchy'}
	at de.uka.ilkd.key.java.JP2KeYVisitor.reportError(JP2KeYConverter.java:119)

204287     ERROR Test worker     d.u.i.k.n.b.AbstractBuilder  de.uka.ilkd.key.java.JavaBuildingExceptions: JavaBuildingIssue{node=PrintStream.$allocate()range=Optional.empty, message='Unsupported element detected given by Java Parser: MethodCallExpr. Please extend the KeY-Java-Hierarchy'}
	at de.uka.ilkd.key.java.JP2KeYVisitor.reportError(JP2KeYConverter.java:119)

204288     ERROR Test worker     d.u.i.k.n.b.TacletPBuilder Error in parsing taclet. de.uka.ilkd.key.util.parsing.BuildingException: JavaBuildingIssue{node=PrintStream.$allocate()range=Optional.empty, message='Unsupported element detected given by Java Parser: MethodCallExpr. Please extend the KeY-Java-Hierarchy'} at file:/home/runner/work/key/key/key.core/build/resources/main/de/uka/ilkd/key/proof/rules/execRules.key:1091:15
	at de.uka.ilkd.key.nparser.builder.AbstractBuilder.accept(AbstractBuilder.java:54)
Caused by: de.uka.ilkd.key.java.JavaBuildingExceptions: JavaBuildingIssue{node=PrintStream.$allocate()range=Optional.empty, message='Unsupported element detected given by Java Parser: MethodCallExpr. Please extend the KeY-Java-Hierarchy'}
	at de.uka.ilkd.key.java.JP2KeYVisitor.reportError(JP2KeYConverter.java:119)

204550     ERROR Test worker     d.u.i.k.n.b.AbstractBuilder  de.uka.ilkd.key.java.JavaBuildingExceptions: JavaBuildingIssue{node=PrintStream.$allocate()range=Optional.empty, message='Unsupported element detected given by Java Parser: MethodCallExpr. Please extend the KeY-Java-Hierarchy'}
	at de.uka.ilkd.key.java.JP2KeYVisitor.reportError(JP2KeYConverter.java:119)

204551     ERROR Test worker     d.u.i.k.n.b.TacletPBuilder Error in parsing taclet. de.uka.ilkd.key.util.parsing.BuildingException: JavaBuildingIssue{node=PrintStream.$allocate()range=Optional.empty, message='Unsupported element detected given by Java Parser: MethodCallExpr. Please extend the KeY-Java-Hierarchy'} at file:/home/runner/work/key/key/key.core/build/resources/main/de/uka/ilkd/key/proof/rules/execRules.key:1107:15
	at de.uka.ilkd.key.nparser.builder.AbstractBuilder.accept(AbstractBuilder.java:54)
Caused by: de.uka.ilkd.key.java.JavaBuildingExceptions: JavaBuildingIssue{node=PrintStream.$allocate()range=Optional.empty, message='Unsupported element detected given by Java Parser: MethodCallExpr. Please extend the KeY-Java-Hierarchy'}
	at de.uka.ilkd.key.java.JP2KeYVisitor.reportError(JP2KeYConverter.java:119)

204813     ERROR Test worker     d.u.i.k.n.b.AbstractBuilder  de.uka.ilkd.key.java.JavaBuildingExceptions: JavaBuildingIssue{node=PrintStream.$allocate()range=Optional.empty, message='Unsupported element detected given by Java Parser: MethodCallExpr. Please extend the KeY-Java-Hierarchy'}
	at de.uka.ilkd.key.java.JP2KeYVisitor.reportError(JP2KeYConverter.java:119)

204814     ERROR Test worker     d.u.i.k.n.b.TacletPBuilder Error in parsing taclet. de.uka.ilkd.key.util.parsing.BuildingException: JavaBuildingIssue{node=PrintStream.$allocate()range=Optional.empty, message='Unsupported element detected given by Java Parser: MethodCallExpr. Please extend the KeY-Java-Hierarchy'} at file:/home/runner/work/key/key/key.core/build/resources/main/de/uka/ilkd/key/proof/rules/execRules.key:1123:15
	at de.uka.ilkd.key.nparser.builder.AbstractBuilder.accept(AbstractBuilder.java:54)
Caused by: de.uka.ilkd.key.java.JavaBuildingExceptions: JavaBuildingIssue{node=PrintStream.$allocate()range=Optional.empty, message='Unsupported element detected given by Java Parser: MethodCallExpr. Please extend the KeY-Java-Hierarchy'}
	at de.uka.ilkd.key.java.JP2KeYVisitor.reportError(JP2KeYConverter.java:119)

205226     ERROR Test worker     d.u.i.k.n.b.AbstractBuilder  de.uka.ilkd.key.java.JavaBuildingExceptions: JavaBuildingIssue{node=PrintStream.$allocate()range=Optional.empty, message='Unsupported element detected given by Java Parser: MethodCallExpr. Please extend the KeY-Java-Hierarchy'}
	at de.uka.ilkd.key.java.JP2KeYVisitor.reportError(JP2KeYConverter.java:119)

205226     ERROR Test worker     d.u.i.k.n.b.TacletPBuilder Error in parsing taclet. de.uka.ilkd.key.util.parsing.BuildingException: JavaBuildingIssue{node=PrintStream.$allocate()range=Optional.empty, message='Unsupported element detected given by Java Parser: MethodCallExpr. Please extend the KeY-Java-Hierarchy'} at file:/home/runner/work/key/key/key.core/build/resources/main/de/uka/ilkd/key/proof/rules/loopScopeRules.key:38:16
	at de.uka.ilkd.key.nparser.builder.AbstractBuilder.accept(AbstractBuilder.java:54)
Caused by: de.uka.ilkd.key.java.JavaBuildingExceptions: JavaBuildingIssue{node=PrintStream.$allocate()range=Optional.empty, message='Unsupported element detected given by Java Parser: MethodCallExpr. Please extend the KeY-Java-Hierarchy'}
	at de.uka.ilkd.key.java.JP2KeYVisitor.reportError(JP2KeYConverter.java:119)

205227     ERROR Test worker     d.u.i.k.n.b.TacletPBuilder Override: inv (formula) inv (formula) 
205227     ERROR Test worker     d.u.i.k.n.b.TacletPBuilder Override: freeInv (formula) freeInv (formula) 
205227     ERROR Test worker     d.u.i.k.n.b.TacletPBuilder Override: loopFormula (formula) loopFormula (formula) 
205227     ERROR Test worker     d.u.i.k.n.b.TacletPBuilder Override: #loopStmt (program Statement) #loopStmt (program Statement) 
205228     ERROR Test worker     d.u.i.k.n.b.TacletPBuilder Override: anon_heap_LOOP (Heap skolem term) anon_heap_LOOP (Heap skolem term) 
205228     ERROR Test worker     d.u.i.k.n.b.TacletPBuilder Override: anon_savedHeap_LOOP (Heap skolem term) anon_savedHeap_LOOP (Heap skolem term) 
205228     ERROR Test worker     d.u.i.k.n.b.TacletPBuilder Override: anon_permissions_LOOP (Heap skolem term) anon_permissions_LOOP (Heap skolem term) 
205228     ERROR Test worker     d.u.i.k.n.b.TacletPBuilder Override: #heapBefore_LOOP (program Variable) #heapBefore_LOOP (program Variable) 
205228     ERROR Test worker     d.u.i.k.n.b.TacletPBuilder Override: #savedHeapBefore_LOOP (program Variable) #savedHeapBefore_LOOP (program Variable) 
205228     ERROR Test worker     d.u.i.k.n.b.TacletPBuilder Override: #permissionsBefore_LOOP (program Variable) #permissionsBefore_LOOP (program Variable) 
205531     ERROR Test worker     d.u.i.k.n.b.AbstractBuilder  de.uka.ilkd.key.java.JavaBuildingExceptions: JavaBuildingIssue{node=PrintStream.$allocate()range=Optional.empty, message='Unsupported element detected given by Java Parser: MethodCallExpr. Please extend the KeY-Java-Hierarchy'}
	at de.uka.ilkd.key.java.JP2KeYVisitor.reportError(JP2KeYConverter.java:119)

205531     ERROR Test worker     d.u.i.k.n.b.TacletPBuilder Error in parsing taclet. de.uka.ilkd.key.util.parsing.BuildingException: JavaBuildingIssue{node=PrintStream.$allocate()range=Optional.empty, message='Unsupported element detected given by Java Parser: MethodCallExpr. Please extend the KeY-Java-Hierarchy'} at file:/home/runner/work/key/key/key.core/build/resources/main/de/uka/ilkd/key/proof/rules/loopScopeRules.key:110:16
	at de.uka.ilkd.key.nparser.builder.AbstractBuilder.accept(AbstractBuilder.java:54)
Caused by: de.uka.ilkd.key.java.JavaBuildingExceptions: JavaBuildingIssue{node=PrintStream.$allocate()range=Optional.empty, message='Unsupported element detected given by Java Parser: MethodCallExpr. Please extend the KeY-Java-Hierarchy'}
	at de.uka.ilkd.key.java.JP2KeYVisitor.reportError(JP2KeYConverter.java:119)

205823     ERROR Test worker     d.u.i.k.n.b.AbstractBuilder  de.uka.ilkd.key.java.JavaBuildingExceptions: JavaBuildingIssue{node=PrintStream.$allocate()range=Optional.empty, message='Unsupported element detected given by Java Parser: MethodCallExpr. Please extend the KeY-Java-Hierarchy'}
	at de.uka.ilkd.key.java.JP2KeYVisitor.reportError(JP2KeYConverter.java:119)

205824     ERROR Test worker     d.u.i.k.n.b.TacletPBuilder Error in parsing taclet. de.uka.ilkd.key.util.parsing.BuildingException: JavaBuildingIssue{node=PrintStream.$allocate()range=Optional.empty, message='Unsupported element detected given by Java Parser: MethodCallExpr. Please extend the KeY-Java-Hierarchy'} at file:/home/runner/work/key/key/key.core/build/resources/main/de/uka/ilkd/key/proof/rules/loopScopeRules.key:160:16
	at de.uka.ilkd.key.nparser.builder.AbstractBuilder.accept(AbstractBuilder.java:54)
Caused by: de.uka.ilkd.key.java.JavaBuildingExceptions: JavaBuildingIssue{node=PrintStream.$allocate()range=Optional.empty, message='Unsupported element detected given by Java Parser: MethodCallExpr. Please extend the KeY-Java-Hierarchy'}
	at de.uka.ilkd.key.java.JP2KeYVisitor.reportError(JP2KeYConverter.java:119)

205824     ERROR Test worker     d.u.i.k.n.b.TacletPBuilder Override: inv (formula) inv (formula) 
205824     ERROR Test worker     d.u.i.k.n.b.TacletPBuilder Override: freeInv (formula) freeInv (formula) 
205824     ERROR Test worker     d.u.i.k.n.b.TacletPBuilder Override: variantTerm (any term) variantTerm (any term) 
205825     ERROR Test worker     d.u.i.k.n.b.TacletPBuilder Override: loopFormula (formula) loopFormula (formula) 
205825     ERROR Test worker     d.u.i.k.n.b.TacletPBuilder Override: #loopStmt (program Statement) #loopStmt (program Statement) 
205825     ERROR Test worker     d.u.i.k.n.b.TacletPBuilder Override: #variant (program Variable) #variant (program Variable) 
205825     ERROR Test worker     d.u.i.k.n.b.TacletPBuilder Override: anon_heap_LOOP (Heap skolem term) anon_heap_LOOP (Heap skolem term) 
205825     ERROR Test worker     d.u.i.k.n.b.TacletPBuilder Override: anon_savedHeap_LOOP (Heap skolem term) anon_savedHeap_LOOP (Heap skolem term) 
205825     ERROR Test worker     d.u.i.k.n.b.TacletPBuilder Override: anon_permissions_LOOP (Heap skolem term) anon_permissions_LOOP (Heap skolem term) 
205825     ERROR Test worker     d.u.i.k.n.b.TacletPBuilder Override: #heapBefore_LOOP (program Variable) #heapBefore_LOOP (program Variable) 
205825     ERROR Test worker     d.u.i.k.n.b.TacletPBuilder Override: #savedHeapBefore_LOOP (program Variable) #savedHeapBefore_LOOP (program Variable) 
205825     ERROR Test worker     d.u.i.k.n.b.TacletPBuilder Override: #permissionsBefore_LOOP (program Variable) #permissionsBefore_LOOP (program Variable) 
206110     ERROR Test worker     d.u.i.k.n.b.AbstractBuilder  de.uka.ilkd.key.java.JavaBuildingExceptions: JavaBuildingIssue{node=PrintStream.$allocate()range=Optional.empty, message='Unsupported element detected given by Java Parser: MethodCallExpr. Please extend the KeY-Java-Hierarchy'}
	at de.uka.ilkd.key.java.JP2KeYVisitor.reportError(JP2KeYConverter.java:119)

206110     ERROR Test worker     d.u.i.k.n.b.TacletPBuilder Error in parsing taclet. de.uka.ilkd.key.util.parsing.BuildingException: JavaBuildingIssue{node=PrintStream.$allocate()range=Optional.empty, message='Unsupported element detected given by Java Parser: MethodCallExpr. Please extend the KeY-Java-Hierarchy'} at file:/home/runner/work/key/key/key.core/build/resources/main/de/uka/ilkd/key/proof/rules/loopScopeRules.key:207:16
	at de.uka.ilkd.key.nparser.builder.AbstractBuilder.accept(AbstractBuilder.java:54)
Caused by: de.uka.ilkd.key.java.JavaBuildingExceptions: JavaBuildingIssue{node=PrintStream.$allocate()range=Optional.empty, message='Unsupported element detected given by Java Parser: MethodCallExpr. Please extend the KeY-Java-Hierarchy'}
	at de.uka.ilkd.key.java.JP2KeYVisitor.reportError(JP2KeYConverter.java:119)

206110     ERROR Test worker     d.u.i.k.n.b.TacletPBuilder Override: inv (formula) inv (formula) 
206110     ERROR Test worker     d.u.i.k.n.b.TacletPBuilder Override: freeInv (formula) freeInv (formula) 
206110     ERROR Test worker     d.u.i.k.n.b.TacletPBuilder Override: loopFormula (formula) loopFormula (formula) 
206111     ERROR Test worker     d.u.i.k.n.b.TacletPBuilder Override: #loopStmt (program Statement) #loopStmt (program Statement) 
206111     ERROR Test worker     d.u.i.k.n.b.TacletPBuilder Override: anon_heap_LOOP (Heap skolem term) anon_heap_LOOP (Heap skolem term) 
206111     ERROR Test worker     d.u.i.k.n.b.TacletPBuilder Override: anon_savedHeap_LOOP (Heap skolem term) anon_savedHeap_LOOP (Heap skolem term) 
206111     ERROR Test worker     d.u.i.k.n.b.TacletPBuilder Override: anon_permissions_LOOP (Heap skolem term) anon_permissions_LOOP (Heap skolem term) 
206112     ERROR Test worker     d.u.i.k.n.b.TacletPBuilder Override: #heapBefore_LOOP (program Variable) #heapBefore_LOOP (program Variable) 
206112     ERROR Test worker     d.u.i.k.n.b.TacletPBuilder Override: #savedHeapBefore_LOOP (program Variable) #savedHeapBefore_LOOP (program Variable) 
206112     ERROR Test worker     d.u.i.k.n.b.TacletPBuilder Override: #permissionsBefore_LOOP (program Variable) #permissionsBefore_LOOP (program Variable) 
206469     ERROR Test worker     d.u.i.k.n.b.AbstractBuilder  de.uka.ilkd.key.java.JavaBuildingExceptions: JavaBuildingIssue{node=PrintStream.$allocate()range=Optional.empty, message='Unsupported element detected given by Java Parser: MethodCallExpr. Please extend the KeY-Java-Hierarchy'}
	at de.uka.ilkd.key.java.JP2KeYVisitor.reportError(JP2KeYConverter.java:119)

206469     ERROR Test worker     d.u.i.k.n.b.TacletPBuilder Error in parsing taclet. de.uka.ilkd.key.util.parsing.BuildingException: JavaBuildingIssue{node=PrintStream.$allocate()range=Optional.empty, message='Unsupported element detected given by Java Parser: MethodCallExpr. Please extend the KeY-Java-Hierarchy'} at file:/home/runner/work/key/key/key.core/build/resources/main/de/uka/ilkd/key/proof/rules/loopScopeRules.key:297:16
	at de.uka.ilkd.key.nparser.builder.AbstractBuilder.accept(AbstractBuilder.java:54)
Caused by: de.uka.ilkd.key.java.JavaBuildingExceptions: JavaBuildingIssue{node=PrintStream.$allocate()range=Optional.empty, message='Unsupported element detected given by Java Parser: MethodCallExpr. Please extend the KeY-Java-Hierarchy'}
	at de.uka.ilkd.key.java.JP2KeYVisitor.reportError(JP2KeYConverter.java:119)

206791     ERROR Test worker     d.u.i.k.n.b.AbstractBuilder  de.uka.ilkd.key.java.JavaBuildingExceptions: JavaBuildingIssue{node=PrintStream.$allocate()range=Optional.empty, message='Unsupported element detected given by Java Parser: MethodCallExpr. Please extend the KeY-Java-Hierarchy'}
	at de.uka.ilkd.key.java.JP2KeYVisitor.reportError(JP2KeYConverter.java:119)

206792     ERROR Test worker     d.u.i.k.n.b.TacletPBuilder Error in parsing taclet. de.uka.ilkd.key.util.parsing.BuildingException: JavaBuildingIssue{node=PrintStream.$allocate()range=Optional.empty, message='Unsupported element detected given by Java Parser: MethodCallExpr. Please extend the KeY-Java-Hierarchy'} at file:/home/runner/work/key/key/key.core/build/resources/main/de/uka/ilkd/key/proof/rules/loopScopeRules.key:375:15
	at de.uka.ilkd.key.nparser.builder.AbstractBuilder.accept(AbstractBuilder.java:54)
Caused by: de.uka.ilkd.key.java.JavaBuildingExceptions: JavaBuildingIssue{node=PrintStream.$allocate()range=Optional.empty, message='Unsupported element detected given by Java Parser: MethodCallExpr. Please extend the KeY-Java-Hierarchy'}
	at de.uka.ilkd.key.java.JP2KeYVisitor.reportError(JP2KeYConverter.java:119)

207028     ERROR Test worker     d.u.i.k.n.b.AbstractBuilder  de.uka.ilkd.key.java.JavaBuildingExceptions: JavaBuildingIssue{node=PrintStream.$allocate()range=Optional.empty, message='Unsupported element detected given by Java Parser: MethodCallExpr. Please extend the KeY-Java-Hierarchy'}
	at de.uka.ilkd.key.java.JP2KeYVisitor.reportError(JP2KeYConverter.java:119)

207028     ERROR Test worker     d.u.i.k.n.b.TacletPBuilder Error in parsing taclet. de.uka.ilkd.key.util.parsing.BuildingException: JavaBuildingIssue{node=PrintStream.$allocate()range=Optional.empty, message='Unsupported element detected given by Java Parser: MethodCallExpr. Please extend the KeY-Java-Hierarchy'} at file:/home/runner/work/key/key/key.core/build/resources/main/de/uka/ilkd/key/proof/rules/loopScopeRules.key:381:15
	at de.uka.ilkd.key.nparser.builder.AbstractBuilder.accept(AbstractBuilder.java:54)
Caused by: de.uka.ilkd.key.java.JavaBuildingExceptions: JavaBuildingIssue{node=PrintStream.$allocate()range=Optional.empty, message='Unsupported element detected given by Java Parser: MethodCallExpr. Please extend the KeY-Java-Hierarchy'}
	at de.uka.ilkd.key.java.JP2KeYVisitor.reportError(JP2KeYConverter.java:119)

207267     ERROR Test worker     d.u.i.k.n.b.AbstractBuilder  de.uka.ilkd.key.java.JavaBuildingExceptions: JavaBuildingIssue{node=PrintStream.$allocate()range=Optional.empty, message='Unsupported element detected given by Java Parser: MethodCallExpr. Please extend the KeY-Java-Hierarchy'}
	at de.uka.ilkd.key.java.JP2KeYVisitor.reportError(JP2KeYConverter.java:119)

207268     ERROR Test worker     d.u.i.k.n.b.TacletPBuilder Error in parsing taclet. de.uka.ilkd.key.util.parsing.BuildingException: JavaBuildingIssue{node=PrintStream.$allocate()range=Optional.empty, message='Unsupported element detected given by Java Parser: MethodCallExpr. Please extend the KeY-Java-Hierarchy'} at file:/home/runner/work/key/key/key.core/build/resources/main/de/uka/ilkd/key/proof/rules/loopScopeRules.key:387:15
	at de.uka.ilkd.key.nparser.builder.AbstractBuilder.accept(AbstractBuilder.java:54)
Caused by: de.uka.ilkd.key.java.JavaBuildingExceptions: JavaBuildingIssue{node=PrintStream.$allocate()range=Optional.empty, message='Unsupported element detected given by Java Parser: MethodCallExpr. Please extend the KeY-Java-Hierarchy'}
	at de.uka.ilkd.key.java.JP2KeYVisitor.reportError(JP2KeYConverter.java:119)

207502     ERROR Test worker     d.u.i.k.n.b.AbstractBuilder  de.uka.ilkd.key.java.JavaBuildingExceptions: JavaBuildingIssue{node=PrintStream.$allocate()range=Optional.empty, message='Unsupported element detected given by Java Parser: MethodCallExpr. Please extend the KeY-Java-Hierarchy'}
	at de.uka.ilkd.key.java.JP2KeYVisitor.reportError(JP2KeYConverter.java:119)

207503     ERROR Test worker     d.u.i.k.n.b.TacletPBuilder Error in parsing taclet. de.uka.ilkd.key.util.parsing.BuildingException: JavaBuildingIssue{node=PrintStream.$allocate()range=Optional.empty, message='Unsupported element detected given by Java Parser: MethodCallExpr. Please extend the KeY-Java-Hierarchy'} at file:/home/runner/work/key/key/key.core/build/resources/main/de/uka/ilkd/key/proof/rules/loopScopeRules.key:395:15
	at de.uka.ilkd.key.nparser.builder.AbstractBuilder.accept(AbstractBuilder.java:54)
Caused by: de.uka.ilkd.key.java.JavaBuildingExceptions: JavaBuildingIssue{node=PrintStream.$allocate()range=Optional.empty, message='Unsupported element detected given by Java Parser: MethodCallExpr. Please extend the KeY-Java-Hierarchy'}
	at de.uka.ilkd.key.java.JP2KeYVisitor.reportError(JP2KeYConverter.java:119)

207503     ERROR Test worker     d.u.i.k.n.b.TacletPBuilder Override: #lsStmt (program Statement) #lsStmt (program Statement) 
207741     ERROR Test worker     d.u.i.k.n.b.AbstractBuilder  de.uka.ilkd.key.java.JavaBuildingExceptions: JavaBuildingIssue{node=PrintStream.$allocate()range=Optional.empty, message='Unsupported element detected given by Java Parser: MethodCallExpr. Please extend the KeY-Java-Hierarchy'}
	at de.uka.ilkd.key.java.JP2KeYVisitor.reportError(JP2KeYConverter.java:119)

207741     ERROR Test worker     d.u.i.k.n.b.TacletPBuilder Error in parsing taclet. de.uka.ilkd.key.util.parsing.BuildingException: JavaBuildingIssue{node=PrintStream.$allocate()range=Optional.empty, message='Unsupported element detected given by Java Parser: MethodCallExpr. Please extend the KeY-Java-Hierarchy'} at file:/home/runner/work/key/key/key.core/build/resources/main/de/uka/ilkd/key/proof/rules/loopScopeRules.key:410:15
	at de.uka.ilkd.key.nparser.builder.AbstractBuilder.accept(AbstractBuilder.java:54)
Caused by: de.uka.ilkd.key.java.JavaBuildingExceptions: JavaBuildingIssue{node=PrintStream.$allocate()range=Optional.empty, message='Unsupported element detected given by Java Parser: MethodCallExpr. Please extend the KeY-Java-Hierarchy'}
	at de.uka.ilkd.key.java.JP2KeYVisitor.reportError(JP2KeYConverter.java:119)

208012     ERROR Test worker     d.u.i.k.n.b.AbstractBuilder  de.uka.ilkd.key.java.JavaBuildingExceptions: JavaBuildingIssue{node=PrintStream.$allocate()range=Optional.empty, message='Unsupported element detected given by Java Parser: MethodCallExpr. Please extend the KeY-Java-Hierarchy'}
	at de.uka.ilkd.key.java.JP2KeYVisitor.reportError(JP2KeYConverter.java:119)

208013     ERROR Test worker     d.u.i.k.n.b.TacletPBuilder Error in parsing taclet. de.uka.ilkd.key.util.parsing.BuildingException: JavaBuildingIssue{node=PrintStream.$allocate()range=Optional.empty, message='Unsupported element detected given by Java Parser: MethodCallExpr. Please extend the KeY-Java-Hierarchy'} at file:/home/runner/work/key/key/key.core/build/resources/main/de/uka/ilkd/key/proof/rules/loopScopeRules.key:418:15
	at de.uka.ilkd.key.nparser.builder.AbstractBuilder.accept(AbstractBuilder.java:54)
Caused by: de.uka.ilkd.key.java.JavaBuildingExceptions: JavaBuildingIssue{node=PrintStream.$allocate()range=Optional.empty, message='Unsupported element detected given by Java Parser: MethodCallExpr. Please extend the KeY-Java-Hierarchy'}
	at de.uka.ilkd.key.java.JP2KeYVisitor.reportError(JP2KeYConverter.java:119)

208248     ERROR Test worker     d.u.i.k.n.b.AbstractBuilder  de.uka.ilkd.key.java.JavaBuildingExceptions: JavaBuildingIssue{node=PrintStream.$allocate()range=Optional.empty, message='Unsupported element detected given by Java Parser: MethodCallExpr. Please extend the KeY-Java-Hierarchy'}
	at de.uka.ilkd.key.java.JP2KeYVisitor.reportError(JP2KeYConverter.java:119)

208249     ERROR Test worker     d.u.i.k.n.b.TacletPBuilder Error in parsing taclet. de.uka.ilkd.key.util.parsing.BuildingException: JavaBuildingIssue{node=PrintStream.$allocate()range=Optional.empty, message='Unsupported element detected given by Java Parser: MethodCallExpr. Please extend the KeY-Java-Hierarchy'} at file:/home/runner/work/key/key/key.core/build/resources/main/de/uka/ilkd/key/proof/rules/loopScopeRules.key:424:15
	at de.uka.ilkd.key.nparser.builder.AbstractBuilder.accept(AbstractBuilder.java:54)
Caused by: de.uka.ilkd.key.java.JavaBuildingExceptions: JavaBuildingIssue{node=PrintStream.$allocate()range=Optional.empty, message='Unsupported element detected given by Java Parser: MethodCallExpr. Please extend the KeY-Java-Hierarchy'}
	at de.uka.ilkd.key.java.JP2KeYVisitor.reportError(JP2KeYConverter.java:119)

208484     ERROR Test worker     d.u.i.k.n.b.AbstractBuilder  de.uka.ilkd.key.java.JavaBuildingExceptions: JavaBuildingIssue{node=PrintStream.$allocate()range=Optional.empty, message='Unsupported element detected given by Java Parser: MethodCallExpr. Please extend the KeY-Java-Hierarchy'}
	at de.uka.ilkd.key.java.JP2KeYVisitor.reportError(JP2KeYConverter.java:119)

208484     ERROR Test worker     d.u.i.k.n.b.TacletPBuilder Error in parsing taclet. de.uka.ilkd.key.util.parsing.BuildingException: JavaBuildingIssue{node=PrintStream.$allocate()range=Optional.empty, message='Unsupported element detected given by Java Parser: MethodCallExpr. Please extend the KeY-Java-Hierarchy'} at file:/home/runner/work/key/key/key.core/build/resources/main/de/uka/ilkd/key/proof/rules/loopScopeRules.key:430:15
	at de.uka.ilkd.key.nparser.builder.AbstractBuilder.accept(AbstractBuilder.java:54)
Caused by: de.uka.ilkd.key.java.JavaBuildingExceptions: JavaBuildingIssue{node=PrintStream.$allocate()range=Optional.empty, message='Unsupported element detected given by Java Parser: MethodCallExpr. Please extend the KeY-Java-Hierarchy'}
	at de.uka.ilkd.key.java.JP2KeYVisitor.reportError(JP2KeYConverter.java:119)

208718     ERROR Test worker     d.u.i.k.n.b.AbstractBuilder  de.uka.ilkd.key.java.JavaBuildingExceptions: JavaBuildingIssue{node=PrintStream.$allocate()range=Optional.empty, message='Unsupported element detected given by Java Parser: MethodCallExpr. Please extend the KeY-Java-Hierarchy'}
	at de.uka.ilkd.key.java.JP2KeYVisitor.reportError(JP2KeYConverter.java:119)

208719     ERROR Test worker     d.u.i.k.n.b.TacletPBuilder Error in parsing taclet. de.uka.ilkd.key.util.parsing.BuildingException: JavaBuildingIssue{node=PrintStream.$allocate()range=Optional.empty, message='Unsupported element detected given by Java Parser: MethodCallExpr. Please extend the KeY-Java-Hierarchy'} at file:/home/runner/work/key/key/key.core/build/resources/main/de/uka/ilkd/key/proof/rules/loopScopeRules.key:436:15
	at de.uka.ilkd.key.nparser.builder.AbstractBuilder.accept(AbstractBuilder.java:54)
Caused by: de.uka.ilkd.key.java.JavaBuildingExceptions: JavaBuildingIssue{node=PrintStream.$allocate()range=Optional.empty, message='Unsupported element detected given by Java Parser: MethodCallExpr. Please extend the KeY-Java-Hierarchy'}
	at de.uka.ilkd.key.java.JP2KeYVisitor.reportError(JP2KeYConverter.java:119)

208958     ERROR Test worker     d.u.i.k.n.b.AbstractBuilder  de.uka.ilkd.key.java.JavaBuildingExceptions: JavaBuildingIssue{node=PrintStream.$allocate()range=Optional.empty, message='Unsupported element detected given by Java Parser: MethodCallExpr. Please extend the KeY-Java-Hierarchy'}
	at de.uka.ilkd.key.java.JP2KeYVisitor.reportError(JP2KeYConverter.java:119)

208958     ERROR Test worker     d.u.i.k.n.b.TacletPBuilder Error in parsing taclet. de.uka.ilkd.key.util.parsing.BuildingException: JavaBuildingIssue{node=PrintStream.$allocate()range=Optional.empty, message='Unsupported element detected given by Java Parser: MethodCallExpr. Please extend the KeY-Java-Hierarchy'} at file:/home/runner/work/key/key/key.core/build/resources/main/de/uka/ilkd/key/proof/rules/loopScopeRules.key:446:15
	at de.uka.ilkd.key.nparser.builder.AbstractBuilder.accept(AbstractBuilder.java:54)
Caused by: de.uka.ilkd.key.java.JavaBuildingExceptions: JavaBuildingIssue{node=PrintStream.$allocate()range=Optional.empty, message='Unsupported element detected given by Java Parser: MethodCallExpr. Please extend the KeY-Java-Hierarchy'}
	at de.uka.ilkd.key.java.JP2KeYVisitor.reportError(JP2KeYConverter.java:119)

209239     ERROR Test worker     d.u.i.k.n.b.AbstractBuilder  de.uka.ilkd.key.java.JavaBuildingExceptions: JavaBuildingIssue{node=PrintStream.$allocate()range=Optional.empty, message='Unsupported element detected given by Java Parser: MethodCallExpr. Please extend the KeY-Java-Hierarchy'}
	at de.uka.ilkd.key.java.JP2KeYVisitor.reportError(JP2KeYConverter.java:119)

209239     ERROR Test worker     d.u.i.k.n.b.TacletPBuilder Error in parsing taclet. de.uka.ilkd.key.util.parsing.BuildingException: JavaBuildingIssue{node=PrintStream.$allocate()range=Optional.empty, message='Unsupported element detected given by Java Parser: MethodCallExpr. Please extend the KeY-Java-Hierarchy'} at file:/home/runner/work/key/key/key.core/build/resources/main/de/uka/ilkd/key/proof/rules/loopScopeRules.key:452:15
	at de.uka.ilkd.key.nparser.builder.AbstractBuilder.accept(AbstractBuilder.java:54)
Caused by: de.uka.ilkd.key.java.JavaBuildingExceptions: JavaBuildingIssue{node=PrintStream.$allocate()range=Optional.empty, message='Unsupported element detected given by Java Parser: MethodCallExpr. Please extend the KeY-Java-Hierarchy'}
	at de.uka.ilkd.key.java.JP2KeYVisitor.reportError(JP2KeYConverter.java:119)

209473     ERROR Test worker     d.u.i.k.n.b.AbstractBuilder  de.uka.ilkd.key.java.JavaBuildingExceptions: JavaBuildingIssue{node=PrintStream.$allocate()range=Optional.empty, message='Unsupported element detected given by Java Parser: MethodCallExpr. Please extend the KeY-Java-Hierarchy'}
	at de.uka.ilkd.key.java.JP2KeYVisitor.reportError(JP2KeYConverter.java:119)

209474     ERROR Test worker     d.u.i.k.n.b.TacletPBuilder Error in parsing taclet. de.uka.ilkd.key.util.parsing.BuildingException: JavaBuildingIssue{node=PrintStream.$allocate()range=Optional.empty, message='Unsupported element detected given by Java Parser: MethodCallExpr. Please extend the KeY-Java-Hierarchy'} at file:/home/runner/work/key/key/key.core/build/resources/main/de/uka/ilkd/key/proof/rules/loopScopeRules.key:458:15
	at de.uka.ilkd.key.nparser.builder.AbstractBuilder.accept(AbstractBuilder.java:54)
Caused by: de.uka.ilkd.key.java.JavaBuildingExceptions: JavaBuildingIssue{node=PrintStream.$allocate()range=Optional.empty, message='Unsupported element detected given by Java Parser: MethodCallExpr. Please extend the KeY-Java-Hierarchy'}
	at de.uka.ilkd.key.java.JP2KeYVisitor.reportError(JP2KeYConverter.java:119)

209708     ERROR Test worker     d.u.i.k.n.b.AbstractBuilder  de.uka.ilkd.key.java.JavaBuildingExceptions: JavaBuildingIssue{node=PrintStream.$allocate()range=Optional.empty, message='Unsupported element detected given by Java Parser: MethodCallExpr. Please extend the KeY-Java-Hierarchy'}
	at de.uka.ilkd.key.java.JP2KeYVisitor.reportError(JP2KeYConverter.java:119)

209708     ERROR Test worker     d.u.i.k.n.b.TacletPBuilder Error in parsing taclet. de.uka.ilkd.key.util.parsing.BuildingException: JavaBuildingIssue{node=PrintStream.$allocate()range=Optional.empty, message='Unsupported element detected given by Java Parser: MethodCallExpr. Please extend the KeY-Java-Hierarchy'} at file:/home/runner/work/key/key/key.core/build/resources/main/de/uka/ilkd/key/proof/rules/loopScopeRules.key:464:15
	at de.uka.ilkd.key.nparser.builder.AbstractBuilder.accept(AbstractBuilder.java:54)
Caused by: de.uka.ilkd.key.java.JavaBuildingExceptions: JavaBuildingIssue{node=PrintStream.$allocate()range=Optional.empty, message='Unsupported element detected given by Java Parser: MethodCallExpr. Please extend the KeY-Java-Hierarchy'}
	at de.uka.ilkd.key.java.JP2KeYVisitor.reportError(JP2KeYConverter.java:119)

209835     ERROR Test worker     d.u.i.k.j.KeYJPMapping    Duplicate registration of node: boolean, formerNode: /*@ pure @*/
boolean 
209851     INFO  Test worker     d.u.i.k.p.i.AbstractProblemLoader Loading environment from src/test/resources/testcase/termLabels/flatSteps/FlatSteps.java 
209851     DEBUG Test worker     d.u.i.k.p.i.AbstractProblemLoader Environment load took 492.31ns 
209852     INFO  Test worker     d.u.i.k.p.i.AbstractProblemLoader Creating init config 
209958     ERROR Test worker     d.u.i.k.j.KeYJPMapping    Duplicate registration of node: boolean, formerNode: /*@ pure @*/
boolean 
209984     INFO  Test worker     d.u.i.k.p.i.AbstractProblemLoader Loading environment from src/test/resources/testcase/termLabels/flatSteps/FlatSteps.java 
209985     DEBUG Test worker     d.u.i.k.p.i.AbstractProblemLoader Environment load took 376.21ns 
209985     INFO  Test worker     d.u.i.k.p.i.AbstractProblemLoader Creating init config 
210130     ERROR Test worker     d.u.i.k.j.KeYJPMapping    Duplicate registration of node: boolean, formerNode: /*@ pure @*/
boolean 
210148     INFO  Test worker     d.u.i.k.p.i.AbstractProblemLoader Loading environment from src/test/resources/testcase/termLabels/flatSteps/FlatSteps.java 
210148     DEBUG Test worker     d.u.i.k.p.i.AbstractProblemLoader Environment load took 397.31ns 
210149     INFO  Test worker     d.u.i.k.p.i.AbstractProblemLoader Creating init config 
210276     ERROR Test worker     d.u.i.k.j.KeYJPMapping    Duplicate registration of node: boolean, formerNode: /*@ pure @*/
boolean 
210283     INFO  Test worker     d.u.i.k.p.i.AbstractProblemLoader Loading environment from src/test/resources/testcase/termLabels/flatSteps/FlatSteps.java 
210284     DEBUG Test worker     d.u.i.k.p.i.AbstractProblemLoader Environment load took 122.6ns 
210284     INFO  Test worker     d.u.i.k.p.i.AbstractProblemLoader Creating init config 
210398     ERROR Test worker     d.u.i.k.j.KeYJPMapping    Duplicate registration of node: boolean, formerNode: /*@ pure @*/
boolean 
210405     INFO  Test worker     d.u.i.k.p.i.AbstractProblemLoader Loading environment from src/test/resources/testcase/termLabels/flatSteps/FlatSteps.java 
210405     DEBUG Test worker     d.u.i.k.p.i.AbstractProblemLoader Environment load took 107.7ns 
210405     INFO  Test worker     d.u.i.k.p.i.AbstractProblemLoader Creating init config 
210754     ERROR Test worker     d.u.i.k.j.KeYJPMapping    Duplicate registration of node: boolean, formerNode: /*@ pure @*/
boolean 
210760     INFO  Test worker     d.u.i.k.p.i.AbstractProblemLoader Loading environment from src/test/resources/testcase/termLabels/flatSteps/FlatSteps.java 
210760     DEBUG Test worker     d.u.i.k.p.i.AbstractProblemLoader Environment load took 144.8ns 
210760     INFO  Test worker     d.u.i.k.p.i.AbstractProblemLoader Creating init config 
210967     ERROR Test worker     d.u.i.k.j.KeYJPMapping    Duplicate registration of node: boolean, formerNode: /*@ pure @*/
boolean 
210972     INFO  Test worker     d.u.i.k.p.i.AbstractProblemLoader Loading environment from src/test/resources/testcase/termLabels/flatSteps/FlatSteps.java 
210972     DEBUG Test worker     d.u.i.k.p.i.AbstractProblemLoader Environment load took 114.3ns 
210972     INFO  Test worker     d.u.i.k.p.i.AbstractProblemLoader Creating init config 
211126     ERROR Test worker     d.u.i.k.j.KeYJPMapping    Duplicate registration of node: boolean, formerNode: /*@ pure @*/
boolean 
211146     INFO  Test worker     d.u.i.k.p.i.AbstractProblemLoader Loading environment from src/test/resources/testcase/termLabels/flatSteps/FlatSteps.java 
211147     DEBUG Test worker     d.u.i.k.p.i.AbstractProblemLoader Environment load took 806.22ns 
211148     INFO  Test worker     d.u.i.k.p.i.AbstractProblemLoader Creating init config 
211277     ERROR Test worker     d.u.i.k.j.KeYJPMapping    Duplicate registration of node: boolean, formerNode: /*@ pure @*/
boolean 
211289     INFO  Test worker     d.u.i.k.p.i.AbstractProblemLoader Loading environment from src/test/resources/testcase/termLabels/flatSteps/FlatSteps.java 
211290     DEBUG Test worker     d.u.i.k.p.i.AbstractProblemLoader Environment load took 324.91ns 
211290     INFO  Test worker     d.u.i.k.p.i.AbstractProblemLoader Creating init config 
211405     ERROR Test worker     d.u.i.k.j.KeYJPMapping    Duplicate registration of node: boolean, formerNode: /*@ pure @*/
boolean 
211414     INFO  Test worker     d.u.i.k.p.i.AbstractProblemLoader Loading environment from src/test/resources/testcase/termLabels/flatSteps/FlatSteps.java 
211415     DEBUG Test worker     d.u.i.k.p.i.AbstractProblemLoader Environment load took 371.71ns 
211415     INFO  Test worker     d.u.i.k.p.i.AbstractProblemLoader Creating init config 
211537     ERROR Test worker     d.u.i.k.j.KeYJPMapping    Duplicate registration of node: boolean, formerNode: /*@ pure @*/
boolean 
211549     INFO  Test worker     d.u.i.k.p.i.AbstractProblemLoader Loading environment from src/test/resources/testcase/termLabels/flatSteps/FlatSteps.java 
211549     DEBUG Test worker     d.u.i.k.p.i.AbstractProblemLoader Environment load took 334.11ns 
211550     INFO  Test worker     d.u.i.k.p.i.AbstractProblemLoader Creating init config 
211665     ERROR Test worker     d.u.i.k.j.KeYJPMapping    Duplicate registration of node: boolean, formerNode: /*@ pure @*/
boolean 
211673     INFO  Test worker     d.u.i.k.p.i.AbstractProblemLoader Loading environment from src/test/resources/testcase/termLabels/flatSteps/FlatSteps.java 
211673     DEBUG Test worker     d.u.i.k.p.i.AbstractProblemLoader Environment load took 344.51ns 
211674     INFO  Test worker     d.u.i.k.p.i.AbstractProblemLoader Creating init config 
211792     ERROR Test worker     d.u.i.k.j.KeYJPMapping    Duplicate registration of node: boolean, formerNode: /*@ pure @*/
boolean 
211810     INFO  Test worker     d.u.i.k.p.i.AbstractProblemLoader Loading environment from src/test/resources/testcase/termLabels/flatSteps/FlatSteps.java 
211810     DEBUG Test worker     d.u.i.k.p.i.AbstractProblemLoader Environment load took 337.21ns 
211810     INFO  Test worker     d.u.i.k.p.i.AbstractProblemLoader Creating init config 
211938     ERROR Test worker     d.u.i.k.j.KeYJPMapping    Duplicate registration of node: boolean, formerNode: /*@ pure @*/
boolean 
211950     INFO  Test worker     d.u.i.k.p.i.AbstractProblemLoader Loading environment from src/test/resources/testcase/termLabels/flatSteps/FlatSteps.java 
211950     DEBUG Test worker     d.u.i.k.p.i.AbstractProblemLoader Environment load took 331.01ns 
211951     INFO  Test worker     d.u.i.k.p.i.AbstractProblemLoader Creating init config 
212201     ERROR Test worker     d.u.i.k.j.KeYJPMapping    Duplicate registration of node: boolean, formerNode: /*@ pure @*/
boolean 
212211     INFO  Test worker     d.u.i.k.p.i.AbstractProblemLoader Loading environment from src/test/resources/testcase/termLabels/flatSteps/FlatSteps.java 
212211     DEBUG Test worker     d.u.i.k.p.i.AbstractProblemLoader Environment load took 317.31ns 
212212     INFO  Test worker     d.u.i.k.p.i.AbstractProblemLoader Creating init config 
212329     ERROR Test worker     d.u.i.k.j.KeYJPMapping    Duplicate registration of node: boolean, formerNode: /*@ pure @*/
boolean 
212343     INFO  Test worker     d.u.i.k.p.i.AbstractProblemLoader Loading environment from src/test/resources/testcase/termLabels/flatSteps/FlatSteps.java 
212344     DEBUG Test worker     d.u.i.k.p.i.AbstractProblemLoader Environment load took 326.41ns 
212345     INFO  Test worker     d.u.i.k.p.i.AbstractProblemLoader Creating init config 
212464     ERROR Test worker     d.u.i.k.j.KeYJPMapping    Duplicate registration of node: boolean, formerNode: /*@ pure @*/
boolean 
212478     INFO  Test worker     d.u.i.k.p.i.AbstractProblemLoader Loading environment from src/test/resources/testcase/termLabels/flatSteps/FlatSteps.java 
212478     DEBUG Test worker     d.u.i.k.p.i.AbstractProblemLoader Environment load took 354.11ns 
212478     INFO  Test worker     d.u.i.k.p.i.AbstractProblemLoader Creating init config 
212595     ERROR Test worker     d.u.i.k.j.KeYJPMapping    Duplicate registration of node: boolean, formerNode: /*@ pure @*/
boolean 
212621     INFO  Test worker     d.u.i.k.p.i.AbstractProblemLoader Loading environment from src/test/resources/testcase/termLabels/flatSteps/FlatSteps.java 
212621     DEBUG Test worker     d.u.i.k.p.i.AbstractProblemLoader Environment load took 353.21ns 
212621     INFO  Test worker     d.u.i.k.p.i.AbstractProblemLoader Creating init config 
212762     ERROR Test worker     d.u.i.k.j.KeYJPMapping    Duplicate registration of node: boolean, formerNode: /*@ pure @*/
boolean 
]]></system-err>
</testsuite>
