<?xml version="1.0" encoding="UTF-8"?>
<testsuite name="de.uka.ilkd.key.parser.TestDeclParser" tests="14" skipped="2" failures="0" errors="0" timestamp="2023-06-09T13:52:03" hostname="fv-az1113-551" time="20.402">
  <properties/>
  <testcase name="testGenericSortDecl1()" classname="de.uka.ilkd.key.parser.TestDeclParser" time="1.755"/>
  <testcase name="testGenericSortDecl2()" classname="de.uka.ilkd.key.parser.TestDeclParser" time="1.618"/>
  <testcase name="testGenericSortDecl3()" classname="de.uka.ilkd.key.parser.TestDeclParser" time="1.632"/>
  <testcase name="testGenericSortDecl4()" classname="de.uka.ilkd.key.parser.TestDeclParser" time="1.728"/>
  <testcase name="testGenericSortDecl5()" classname="de.uka.ilkd.key.parser.TestDeclParser" time="0.0">
    <skipped/>
  </testcase>
  <testcase name="testGenericSortDecl6()" classname="de.uka.ilkd.key.parser.TestDeclParser" time="1.765"/>
  <testcase name="testSortDecl()" classname="de.uka.ilkd.key.parser.TestDeclParser" time="1.642"/>
  <testcase name="testProxySortDecl()" classname="de.uka.ilkd.key.parser.TestDeclParser" time="1.708"/>
  <testcase name="testArrayDecl()" classname="de.uka.ilkd.key.parser.TestDeclParser" time="1.696"/>
  <testcase name="testAmbiguousDecls()" classname="de.uka.ilkd.key.parser.TestDeclParser" time="0.0">
    <skipped/>
  </testcase>
  <testcase name="testHeurDecl()" classname="de.uka.ilkd.key.parser.TestDeclParser" time="1.737"/>
  <testcase name="testFunctionDecl()" classname="de.uka.ilkd.key.parser.TestDeclParser" time="1.775"/>
  <testcase name="testPredicateDecl()" classname="de.uka.ilkd.key.parser.TestDeclParser" time="1.701"/>
  <testcase name="testSVDecl()" classname="de.uka.ilkd.key.parser.TestDeclParser" time="1.642"/>
  <system-out><![CDATA[381541     INFO  Test worker     d.u.i.k.n.KeyIO           Parsing took 0 ms 
381541     DEBUG Test worker     d.u.i.k.n.KeyIO           Load declarations of de.uka.ilkd.key.nparser.KeyAst$File:  <unknown>:1#1 
381541     INFO  Test worker     d.u.i.k.n.KeyIO           MODE: declarations took 0 ms 
381541     DEBUG Test worker     d.u.i.k.n.KeyIO           MODE: 2nd degree decls took 0 
381541     DEBUG Test worker     d.u.i.k.n.KeyIO           MODE: taclets took 0ms 
383157     INFO  Test worker     d.u.i.k.n.KeyIO           Parsing took 0 ms 
383157     DEBUG Test worker     d.u.i.k.n.KeyIO           Load declarations of de.uka.ilkd.key.nparser.KeyAst$File:  <unknown>:1#1 
383172     INFO  Test worker     d.u.i.k.n.KeyIO           MODE: declarations took 15 ms 
383172     DEBUG Test worker     d.u.i.k.n.KeyIO           MODE: 2nd degree decls took 0 
383172     DEBUG Test worker     d.u.i.k.n.KeyIO           MODE: taclets took 0ms 
384791     INFO  Test worker     d.u.i.k.n.KeyIO           Parsing took 0 ms 
384791     DEBUG Test worker     d.u.i.k.n.KeyIO           Load declarations of de.uka.ilkd.key.nparser.KeyAst$File:  <unknown>:1#1 
384791     INFO  Test worker     d.u.i.k.n.KeyIO           MODE: declarations took 0 ms 
384791     DEBUG Test worker     d.u.i.k.n.KeyIO           MODE: 2nd degree decls took 0 
384791     DEBUG Test worker     d.u.i.k.n.KeyIO           MODE: taclets took 0ms 
386526     INFO  Test worker     d.u.i.k.n.KeyIO           Parsing took 0 ms 
386526     DEBUG Test worker     d.u.i.k.n.KeyIO           Load declarations of de.uka.ilkd.key.nparser.KeyAst$File:  <unknown>:1#1 
386526     INFO  Test worker     d.u.i.k.n.KeyIO           MODE: declarations took 0 ms 
386526     DEBUG Test worker     d.u.i.k.n.KeyIO           MODE: 2nd degree decls took 0 
386526     DEBUG Test worker     d.u.i.k.n.KeyIO           MODE: taclets took 0ms 
388285     INFO  Test worker     d.u.i.k.n.KeyIO           Parsing took 0 ms 
388285     DEBUG Test worker     d.u.i.k.n.KeyIO           Load declarations of de.uka.ilkd.key.nparser.KeyAst$File:  <unknown>:1#1 
388285     INFO  Test worker     d.u.i.k.n.KeyIO           MODE: declarations took 0 ms 
388285     DEBUG Test worker     d.u.i.k.n.KeyIO           MODE: 2nd degree decls took 0 
388285     DEBUG Test worker     d.u.i.k.n.KeyIO           MODE: taclets took 0ms 
389933     INFO  Test worker     d.u.i.k.n.KeyIO           Parsing took 0 ms 
389933     DEBUG Test worker     d.u.i.k.n.KeyIO           Load declarations of de.uka.ilkd.key.nparser.KeyAst$File:  <unknown>:1#1 
389933     INFO  Test worker     d.u.i.k.n.KeyIO           MODE: declarations took 0 ms 
389933     DEBUG Test worker     d.u.i.k.n.KeyIO           MODE: 2nd degree decls took 0 
389933     DEBUG Test worker     d.u.i.k.n.KeyIO           MODE: taclets took 0ms 
391636     INFO  Test worker     d.u.i.k.n.KeyIO           Parsing took 0 ms 
391636     DEBUG Test worker     d.u.i.k.n.KeyIO           Load declarations of de.uka.ilkd.key.nparser.KeyAst$File:  <unknown>:1#1 
391636     INFO  Test worker     d.u.i.k.n.KeyIO           MODE: declarations took 0 ms 
391636     DEBUG Test worker     d.u.i.k.n.KeyIO           MODE: 2nd degree decls took 0 
391636     DEBUG Test worker     d.u.i.k.n.KeyIO           MODE: taclets took 0ms 
393346     INFO  Test worker     d.u.i.k.n.KeyIO           Parsing took 0 ms 
393346     DEBUG Test worker     d.u.i.k.n.KeyIO           Load declarations of de.uka.ilkd.key.nparser.KeyAst$File:  <unknown>:1#1 
393346     INFO  Test worker     d.u.i.k.n.KeyIO           MODE: declarations took 0 ms 
393347     DEBUG Test worker     d.u.i.k.n.KeyIO           MODE: 2nd degree decls took 1 
393347     DEBUG Test worker     d.u.i.k.n.KeyIO           MODE: taclets took 0ms 
395070     INFO  Test worker     d.u.i.k.n.KeyIO           Parsing took 0 ms 
395070     DEBUG Test worker     d.u.i.k.n.KeyIO           Load declarations of de.uka.ilkd.key.nparser.KeyAst$File:  <unknown>:1#1 
395070     INFO  Test worker     d.u.i.k.n.KeyIO           MODE: declarations took 0 ms 
395070     DEBUG Test worker     d.u.i.k.n.KeyIO           MODE: 2nd degree decls took 0 
395070     DEBUG Test worker     d.u.i.k.n.KeyIO           MODE: taclets took 0ms 
396846     INFO  Test worker     d.u.i.k.n.KeyIO           Parsing took 0 ms 
396846     DEBUG Test worker     d.u.i.k.n.KeyIO           Load declarations of de.uka.ilkd.key.nparser.KeyAst$File:  <unknown>:1#1 
396846     INFO  Test worker     d.u.i.k.n.KeyIO           MODE: declarations took 0 ms 
396846     DEBUG Test worker     d.u.i.k.n.KeyIO           MODE: 2nd degree decls took 0 
396846     DEBUG Test worker     d.u.i.k.n.KeyIO           MODE: taclets took 0ms 
398531     INFO  Test worker     d.u.i.k.n.KeyIO           Parsing took 0 ms 
398531     DEBUG Test worker     d.u.i.k.n.KeyIO           Load declarations of de.uka.ilkd.key.nparser.KeyAst$File:  <unknown>:1#1 
398531     INFO  Test worker     d.u.i.k.n.KeyIO           MODE: declarations took 0 ms 
398531     DEBUG Test worker     d.u.i.k.n.KeyIO           MODE: 2nd degree decls took 0 
398531     DEBUG Test worker     d.u.i.k.n.KeyIO           MODE: taclets took 0ms 
400179     INFO  Test worker     d.u.i.k.n.KeyIO           Parsing took 0 ms 
400179     DEBUG Test worker     d.u.i.k.n.KeyIO           Load declarations of de.uka.ilkd.key.nparser.KeyAst$File:  <unknown>:1#1 
400179     INFO  Test worker     d.u.i.k.n.KeyIO           MODE: declarations took 0 ms 
400179     DEBUG Test worker     d.u.i.k.n.KeyIO           MODE: 2nd degree decls took 0 
400179     DEBUG Test worker     d.u.i.k.n.KeyIO           MODE: taclets took 0ms 
]]></system-out>
  <system-err><![CDATA[]]></system-err>
</testsuite>
