<?xml version="1.0" encoding="UTF-8"?>
<testsuite name="de.uka.ilkd.key.proof.TestOneStepSimplifier" tests="1" skipped="0" failures="0" errors="0" timestamp="2023-06-09T13:58:29" hostname="fv-az1113-551" time="6.78">
  <properties/>
  <testcase name="loadWithRestriction()" classname="de.uka.ilkd.key.proof.TestOneStepSimplifier" time="6.78"/>
  <system-out><![CDATA[765782     INFO  Test worker     d.u.i.k.p.i.AbstractProblemLoader Loading environment from src\test\resources\testcase\ossRestriction.proof 
765782     DEBUG Test worker     d.u.i.k.p.i.AbstractProblemLoader Environment load took 223.1ns 
765782     INFO  Test worker     d.u.i.k.p.i.AbstractProblemLoader Creating init config 
766054     DEBUG Test worker     d.u.i.k.j.TypeConverter   No LDT found for Meta 
766054     DEBUG Test worker     d.u.i.k.j.TypeConverter   No LDT found for Meta 
766069     DEBUG Test worker     d.u.i.k.j.TypeConverter   No LDT found for Meta 
766069     DEBUG Test worker     d.u.i.k.j.TypeConverter   No LDT found for Meta 
766952     DEBUG Test worker     d.u.i.k.j.TypeConverter   No LDT found for JavaBigintExpression 
772509     DEBUG Test worker     d.u.i.k.p.i.AbstractProblemLoader Init config took 6.73s 
772556     INFO  Test worker     d.u.i.k.p.i.AbstractProblemLoader Replaying proof ossRestriction.proof 
772556     DEBUG Test worker     d.u.i.k.p.i.IntermediateProofReplayer Proof replay took 1.37ms 
]]></system-out>
  <system-err><![CDATA[]]></system-err>
</testsuite>
