<?xml version="1.0" encoding="UTF-8"?>
<testsuite name="de.uka.ilkd.key.logic.TestTermLabelManager" tests="21" skipped="0" failures="0" errors="0" timestamp="2023-06-09T13:49:02" hostname="fv-az1113-551" time="100.764">
  <properties/>
  <testcase name="testInstantiateLabels_directChildPolicies_allRules()" classname="de.uka.ilkd.key.logic.TestTermLabelManager" time="7.462"/>
  <testcase name="testInstantiateLabels_childAndGrandchildPolicies_ruleSpecific()" classname="de.uka.ilkd.key.logic.TestTermLabelManager" time="5.243"/>
  <testcase name="testParseLabel()" classname="de.uka.ilkd.key.logic.TestTermLabelManager" time="5.234"/>
  <testcase name="testrefactorGoal_childrenAndGrandchildren_ruleSpecific()" classname="de.uka.ilkd.key.logic.TestTermLabelManager" time="5.262"/>
  <testcase name="testrefactorGoal_directChildren_allRules()" classname="de.uka.ilkd.key.logic.TestTermLabelManager" time="5.295"/>
  <testcase name="testInstantiateLabels_childAndGrandchildPolicies_allRules()" classname="de.uka.ilkd.key.logic.TestTermLabelManager" time="5.206"/>
  <testcase name="testInstantiateLabels_taclet()" classname="de.uka.ilkd.key.logic.TestTermLabelManager" time="5.127"/>
  <testcase name="testrefactorGoal_none_ruleSpecific()" classname="de.uka.ilkd.key.logic.TestTermLabelManager" time="5.292"/>
  <testcase name="testInstantiateLabels_updates_ruleSpecific()" classname="de.uka.ilkd.key.logic.TestTermLabelManager" time="5.057"/>
  <testcase name="testrefactorGoal_sequent_ruleSpecific()" classname="de.uka.ilkd.key.logic.TestTermLabelManager" time="5.082"/>
  <testcase name="testInstantiateLabels_updates_allRules()" classname="de.uka.ilkd.key.logic.TestTermLabelManager" time="5.235"/>
  <testcase name="testrefactorGoal_sequent_allRules()" classname="de.uka.ilkd.key.logic.TestTermLabelManager" time="5.198"/>
  <testcase name="testrefactorGoal_childrenAndGrandchildren_allRules()" classname="de.uka.ilkd.key.logic.TestTermLabelManager" time="5.071"/>
  <testcase name="testGetTermLabelManager()" classname="de.uka.ilkd.key.logic.TestTermLabelManager" time="0.004"/>
  <testcase name="testInstantiateLabels_applicationTermPolicies()" classname="de.uka.ilkd.key.logic.TestTermLabelManager" time="5.153"/>
  <testcase name="testInstantiateLabels_modalityTermPolicies()" classname="de.uka.ilkd.key.logic.TestTermLabelManager" time="5.057"/>
  <testcase name="testrefactorGoal_none_allRules()" classname="de.uka.ilkd.key.logic.TestTermLabelManager" time="5.268"/>
  <testcase name="testInstantiateLabels_null()" classname="de.uka.ilkd.key.logic.TestTermLabelManager" time="0.0"/>
  <testcase name="testrefactorGoal_directChildren_ruleSpecific()" classname="de.uka.ilkd.key.logic.TestTermLabelManager" time="5.286"/>
  <testcase name="testInstantiateLabels_directChildPolicies_ruleSpecific()" classname="de.uka.ilkd.key.logic.TestTermLabelManager" time="5.097"/>
  <testcase name="testGetSupportedTermLabelNames()" classname="de.uka.ilkd.key.logic.TestTermLabelManager" time="5.12"/>
  <system-out><![CDATA[199662     INFO  Test worker     d.u.i.k.p.i.AbstractProblemLoader Loading environment from src\test\resources\testcase\termLabels\flatSteps\FlatSteps.java 
199662     DEBUG Test worker     d.u.i.k.p.i.AbstractProblemLoader Environment load took 318.7ns 
199662     INFO  Test worker     d.u.i.k.p.i.AbstractProblemLoader Creating init config 
200100     DEBUG Test worker     d.u.i.k.j.TypeConverter   No LDT found for Meta 
200100     DEBUG Test worker     d.u.i.k.j.TypeConverter   No LDT found for Meta 
200100     DEBUG Test worker     d.u.i.k.j.TypeConverter   No LDT found for Meta 
200100     DEBUG Test worker     d.u.i.k.j.TypeConverter   No LDT found for Meta 
201259     DEBUG Test worker     d.u.i.k.j.TypeConverter   No LDT found for JavaBigintExpression 
207119     DEBUG Test worker     d.u.i.k.p.i.AbstractProblemLoader Init config took 7.46s 
207135     INFO  Test worker     d.u.i.k.p.i.AbstractProblemLoader Loading environment from src\test\resources\testcase\termLabels\flatSteps\FlatSteps.java 
207135     DEBUG Test worker     d.u.i.k.p.i.AbstractProblemLoader Environment load took 348.7ns 
207135     INFO  Test worker     d.u.i.k.p.i.AbstractProblemLoader Creating init config 
212362     DEBUG Test worker     d.u.i.k.p.i.AbstractProblemLoader Init config took 5.23s 
212378     INFO  Test worker     d.u.i.k.p.i.AbstractProblemLoader Loading environment from src\test\resources\testcase\termLabels\flatSteps\FlatSteps.java 
212378     DEBUG Test worker     d.u.i.k.p.i.AbstractProblemLoader Environment load took 639.3ns 
212378     INFO  Test worker     d.u.i.k.p.i.AbstractProblemLoader Creating init config 
217597     DEBUG Test worker     d.u.i.k.p.i.AbstractProblemLoader Init config took 5.21s 
217597     INFO  Test worker     d.u.i.k.p.i.AbstractProblemLoader Loading environment from src\test\resources\testcase\termLabels\flatSteps\FlatSteps.java 
217597     DEBUG Test worker     d.u.i.k.p.i.AbstractProblemLoader Environment load took 906.5ns 
217597     INFO  Test worker     d.u.i.k.p.i.AbstractProblemLoader Creating init config 
222845     DEBUG Test worker     d.u.i.k.p.i.AbstractProblemLoader Init config took 5.24s 
222860     INFO  Test worker     d.u.i.k.p.i.AbstractProblemLoader Loading environment from src\test\resources\testcase\termLabels\flatSteps\FlatSteps.java 
222860     DEBUG Test worker     d.u.i.k.p.i.AbstractProblemLoader Environment load took 577.1ns 
222860     INFO  Test worker     d.u.i.k.p.i.AbstractProblemLoader Creating init config 
228157     DEBUG Test worker     d.u.i.k.p.i.AbstractProblemLoader Init config took 5.28s 
228157     INFO  Test worker     d.u.i.k.p.i.AbstractProblemLoader Loading environment from src\test\resources\testcase\termLabels\flatSteps\FlatSteps.java 
228157     DEBUG Test worker     d.u.i.k.p.i.AbstractProblemLoader Environment load took 620.9ns 
228172     INFO  Test worker     d.u.i.k.p.i.AbstractProblemLoader Creating init config 
233364     DEBUG Test worker     d.u.i.k.p.i.AbstractProblemLoader Init config took 5.2s 
233364     INFO  Test worker     d.u.i.k.p.i.AbstractProblemLoader Loading environment from src\test\resources\testcase\termLabels\flatSteps\FlatSteps.java 
233364     DEBUG Test worker     d.u.i.k.p.i.AbstractProblemLoader Environment load took 255.3ns 
233380     INFO  Test worker     d.u.i.k.p.i.AbstractProblemLoader Creating init config 
238475     DEBUG Test worker     d.u.i.k.p.i.AbstractProblemLoader Init config took 5.11s 
238506     INFO  Test worker     d.u.i.k.p.i.AbstractProblemLoader Loading environment from src\test\resources\testcase\termLabels\flatSteps\FlatSteps.java 
238506     DEBUG Test worker     d.u.i.k.p.i.AbstractProblemLoader Environment load took 810.4ns 
238506     INFO  Test worker     d.u.i.k.p.i.AbstractProblemLoader Creating init config 
243769     DEBUG Test worker     d.u.i.k.p.i.AbstractProblemLoader Init config took 5.26s 
243784     INFO  Test worker     d.u.i.k.p.i.AbstractProblemLoader Loading environment from src\test\resources\testcase\termLabels\flatSteps\FlatSteps.java 
243784     DEBUG Test worker     d.u.i.k.p.i.AbstractProblemLoader Environment load took 1.35ms 
243784     INFO  Test worker     d.u.i.k.p.i.AbstractProblemLoader Creating init config 
248842     DEBUG Test worker     d.u.i.k.p.i.AbstractProblemLoader Init config took 5.05s 
248842     INFO  Test worker     d.u.i.k.p.i.AbstractProblemLoader Loading environment from src\test\resources\testcase\termLabels\flatSteps\FlatSteps.java 
248842     DEBUG Test worker     d.u.i.k.p.i.AbstractProblemLoader Environment load took 195.4ns 
248842     INFO  Test worker     d.u.i.k.p.i.AbstractProblemLoader Creating init config 
253909     DEBUG Test worker     d.u.i.k.p.i.AbstractProblemLoader Init config took 5.06s 
253925     INFO  Test worker     d.u.i.k.p.i.AbstractProblemLoader Loading environment from src\test\resources\testcase\termLabels\flatSteps\FlatSteps.java 
253925     DEBUG Test worker     d.u.i.k.p.i.AbstractProblemLoader Environment load took 276.8ns 
253925     INFO  Test worker     d.u.i.k.p.i.AbstractProblemLoader Creating init config 
259160     DEBUG Test worker     d.u.i.k.p.i.AbstractProblemLoader Init config took 5.23s 
259160     INFO  Test worker     d.u.i.k.p.i.AbstractProblemLoader Loading environment from src\test\resources\testcase\termLabels\flatSteps\FlatSteps.java 
259160     DEBUG Test worker     d.u.i.k.p.i.AbstractProblemLoader Environment load took 249.6ns 
259176     INFO  Test worker     d.u.i.k.p.i.AbstractProblemLoader Creating init config 
264342     DEBUG Test worker     d.u.i.k.p.i.AbstractProblemLoader Init config took 5.18s 
264358     INFO  Test worker     d.u.i.k.p.i.AbstractProblemLoader Loading environment from src\test\resources\testcase\termLabels\flatSteps\FlatSteps.java 
264358     DEBUG Test worker     d.u.i.k.p.i.AbstractProblemLoader Environment load took 430.8ns 
264358     INFO  Test worker     d.u.i.k.p.i.AbstractProblemLoader Creating init config 
269414     DEBUG Test worker     d.u.i.k.p.i.AbstractProblemLoader Init config took 5.05s 
269429     INFO  Test worker     d.u.i.k.p.i.AbstractProblemLoader Loading environment from src\test\resources\testcase\termLabels\flatSteps\FlatSteps.java 
269429     DEBUG Test worker     d.u.i.k.p.i.AbstractProblemLoader Environment load took 199.3ns 
269429     INFO  Test worker     d.u.i.k.p.i.AbstractProblemLoader Creating init config 
274588     DEBUG Test worker     d.u.i.k.p.i.AbstractProblemLoader Init config took 5.15s 
274588     INFO  Test worker     d.u.i.k.p.i.AbstractProblemLoader Loading environment from src\test\resources\testcase\termLabels\flatSteps\FlatSteps.java 
274588     DEBUG Test worker     d.u.i.k.p.i.AbstractProblemLoader Environment load took 249.5ns 
274588     INFO  Test worker     d.u.i.k.p.i.AbstractProblemLoader Creating init config 
279646     DEBUG Test worker     d.u.i.k.p.i.AbstractProblemLoader Init config took 5.05s 
279646     INFO  Test worker     d.u.i.k.p.i.AbstractProblemLoader Loading environment from src\test\resources\testcase\termLabels\flatSteps\FlatSteps.java 
279661     DEBUG Test worker     d.u.i.k.p.i.AbstractProblemLoader Environment load took 279.4ns 
279661     INFO  Test worker     d.u.i.k.p.i.AbstractProblemLoader Creating init config 
284914     DEBUG Test worker     d.u.i.k.p.i.AbstractProblemLoader Init config took 5.25s 
284930     INFO  Test worker     d.u.i.k.p.i.AbstractProblemLoader Loading environment from src\test\resources\testcase\termLabels\flatSteps\FlatSteps.java 
284930     DEBUG Test worker     d.u.i.k.p.i.AbstractProblemLoader Environment load took 859.6ns 
284945     INFO  Test worker     d.u.i.k.p.i.AbstractProblemLoader Creating init config 
290187     DEBUG Test worker     d.u.i.k.p.i.AbstractProblemLoader Init config took 5.25s 
290203     INFO  Test worker     d.u.i.k.p.i.AbstractProblemLoader Loading environment from src\test\resources\testcase\termLabels\flatSteps\FlatSteps.java 
290203     DEBUG Test worker     d.u.i.k.p.i.AbstractProblemLoader Environment load took 269.6ns 
290203     INFO  Test worker     d.u.i.k.p.i.AbstractProblemLoader Creating init config 
295301     DEBUG Test worker     d.u.i.k.p.i.AbstractProblemLoader Init config took 5.1s 
295301     INFO  Test worker     d.u.i.k.p.i.AbstractProblemLoader Loading environment from src\test\resources\testcase\termLabels\flatSteps\FlatSteps.java 
295301     DEBUG Test worker     d.u.i.k.p.i.AbstractProblemLoader Environment load took 1.01ms 
295301     INFO  Test worker     d.u.i.k.p.i.AbstractProblemLoader Creating init config 
300418     DEBUG Test worker     d.u.i.k.p.i.AbstractProblemLoader Init config took 5.1s 
]]></system-out>
  <system-err><![CDATA[]]></system-err>
</testsuite>
