<?xml version="1.0" encoding="UTF-8"?>
<testsuite name="de.uka.ilkd.key.parser.TestTermParserHeap" tests="39" skipped="0" failures="0" errors="0" timestamp="2023-06-09T13:54:55" hostname="fv-az1113-551" time="203.093">
  <properties/>
  <testcase name="testBracketHeapUpdate()" classname="de.uka.ilkd.key.parser.TestTermParserHeap" time="0.026"/>
  <testcase name="testStore()" classname="de.uka.ilkd.key.parser.TestTermParserHeap" time="0.014"/>
  <testcase name="testUnknownConstant()" classname="de.uka.ilkd.key.parser.TestTermParserHeap" time="0.007"/>
  <testcase name="testAllFieldsSelector()" classname="de.uka.ilkd.key.parser.TestTermParserHeap" time="0.004"/>
  <testcase name="testParsePrettyPrintedSelect()" classname="de.uka.ilkd.key.parser.TestTermParserHeap" time="0.005"/>
  <testcase name="testAccessStaticMembers()" classname="de.uka.ilkd.key.parser.TestTermParserHeap" time="0.01"/>
  <testcase name="testAtOperator_1()" classname="de.uka.ilkd.key.parser.TestTermParserHeap" time="0.008"/>
  <testcase name="testAtOperator_2()" classname="de.uka.ilkd.key.parser.TestTermParserHeap" time="0.005"/>
  <testcase name="testAtOperator_3()" classname="de.uka.ilkd.key.parser.TestTermParserHeap" time="0.006"/>
  <testcase name="testAtOperator_4()" classname="de.uka.ilkd.key.parser.TestTermParserHeap" time="0.016"/>
  <testcase name="testAtOperator_5()" classname="de.uka.ilkd.key.parser.TestTermParserHeap" time="0.007"/>
  <testcase name="testAtOperator_6()" classname="de.uka.ilkd.key.parser.TestTermParserHeap" time="0.007"/>
  <testcase name="testAtOperator_7()" classname="de.uka.ilkd.key.parser.TestTermParserHeap" time="0.004"/>
  <testcase name="testAtOperator_8()" classname="de.uka.ilkd.key.parser.TestTermParserHeap" time="0.009"/>
  <testcase name="testVerifyExceptionIfAtOperatorNotPreceededBySelectTerm()" classname="de.uka.ilkd.key.parser.TestTermParserHeap" time="0.006"/>
  <testcase name="testBugResettingCounter()" classname="de.uka.ilkd.key.parser.TestTermParserHeap" time="0.003"/>
  <testcase name="testLocationSets()" classname="de.uka.ilkd.key.parser.TestTermParserHeap" time="0.003"/>
  <testcase name="testQuantifiedSelect()" classname="de.uka.ilkd.key.parser.TestTermParserHeap" time="0.006"/>
  <testcase name="testGenericObjectProperties()" classname="de.uka.ilkd.key.parser.TestTermParserHeap" time="0.005"/>
  <testcase name="testQueryInheritance_1()" classname="de.uka.ilkd.key.parser.TestTermParserHeap" time="0.002"/>
  <testcase name="testQueryInheritance_2()" classname="de.uka.ilkd.key.parser.TestTermParserHeap" time="0.008"/>
  <testcase name="testQueryInheritance_3()" classname="de.uka.ilkd.key.parser.TestTermParserHeap" time="0.008"/>
  <testcase name="testQueryInheritance_4()" classname="de.uka.ilkd.key.parser.TestTermParserHeap" time="0.005"/>
  <testcase name="testQueryInheritance_5()" classname="de.uka.ilkd.key.parser.TestTermParserHeap" time="0.005"/>
  <testcase name="testQueryInheritance_6()" classname="de.uka.ilkd.key.parser.TestTermParserHeap" time="0.003"/>
  <testcase name="testQueryInheritance_7()" classname="de.uka.ilkd.key.parser.TestTermParserHeap" time="0.005"/>
  <testcase name="testQueryInheritance_8()" classname="de.uka.ilkd.key.parser.TestTermParserHeap" time="0.005"/>
  <testcase name="testQueryInheritance_9()" classname="de.uka.ilkd.key.parser.TestTermParserHeap" time="0.005"/>
  <testcase name="testQueryBasic_10()" classname="de.uka.ilkd.key.parser.TestTermParserHeap" time="0.004"/>
  <testcase name="testQueryBasic_11()" classname="de.uka.ilkd.key.parser.TestTermParserHeap" time="0.004"/>
  <testcase name="testQueryBasic_1()" classname="de.uka.ilkd.key.parser.TestTermParserHeap" time="0.004"/>
  <testcase name="testQueryBasic_2()" classname="de.uka.ilkd.key.parser.TestTermParserHeap" time="0.005"/>
  <testcase name="testQueryBasic_3()" classname="de.uka.ilkd.key.parser.TestTermParserHeap" time="0.01"/>
  <testcase name="testQueryBasic_4()" classname="de.uka.ilkd.key.parser.TestTermParserHeap" time="0.008"/>
  <testcase name="testQueryBasic_5()" classname="de.uka.ilkd.key.parser.TestTermParserHeap" time="0.005"/>
  <testcase name="testQueryBasic_6()" classname="de.uka.ilkd.key.parser.TestTermParserHeap" time="0.004"/>
  <testcase name="testQueryBasic_7()" classname="de.uka.ilkd.key.parser.TestTermParserHeap" time="0.005"/>
  <testcase name="testQueryBasic_8()" classname="de.uka.ilkd.key.parser.TestTermParserHeap" time="0.005"/>
  <testcase name="testQueryBasic_9()" classname="de.uka.ilkd.key.parser.TestTermParserHeap" time="0.004"/>
  <system-out><![CDATA[551986     INFO  Test worker     d.u.i.k.n.KeyIO           Parsing took 0 ms 
551986     DEBUG Test worker     d.u.i.k.n.KeyIO           Load declarations of de.uka.ilkd.key.nparser.KeyAst$File:  <unknown>:1#1 
551986     INFO  Test worker     d.u.i.k.n.KeyIO           MODE: declarations took 0 ms 
551986     DEBUG Test worker     d.u.i.k.n.KeyIO           MODE: 2nd degree decls took 0 
551986     INFO  Test worker     d.u.i.k.n.KeyIO           Parsing took 0 ms 
551986     DEBUG Test worker     d.u.i.k.n.KeyIO           Load declarations of de.uka.ilkd.key.nparser.KeyAst$File:  <unknown>:1#1 
551986     INFO  Test worker     d.u.i.k.n.KeyIO           MODE: declarations took 0 ms 
551986     DEBUG Test worker     d.u.i.k.n.KeyIO           MODE: 2nd degree decls took 0 
551986     INFO  Test worker     d.u.i.k.n.KeyIO           Parsing took 0 ms 
551986     DEBUG Test worker     d.u.i.k.n.KeyIO           Load declarations of de.uka.ilkd.key.nparser.KeyAst$File:  <unknown>:1#1 
551986     INFO  Test worker     d.u.i.k.n.KeyIO           MODE: declarations took 0 ms 
551986     DEBUG Test worker     d.u.i.k.n.KeyIO           MODE: 2nd degree decls took 0 
551986     INFO  Test worker     d.u.i.k.n.KeyIO           Parsing took 0 ms 
551986     DEBUG Test worker     d.u.i.k.n.KeyIO           Load declarations of de.uka.ilkd.key.nparser.KeyAst$File:  <unknown>:1#1 
551986     INFO  Test worker     d.u.i.k.n.KeyIO           MODE: declarations took 0 ms 
551986     DEBUG Test worker     d.u.i.k.n.KeyIO           MODE: 2nd degree decls took 0 
551986     INFO  Test worker     d.u.i.k.n.KeyIO           Parsing took 0 ms 
551986     DEBUG Test worker     d.u.i.k.n.KeyIO           Load declarations of de.uka.ilkd.key.nparser.KeyAst$File:  <unknown>:1#1 
551986     INFO  Test worker     d.u.i.k.n.KeyIO           MODE: declarations took 0 ms 
551986     DEBUG Test worker     d.u.i.k.n.KeyIO           MODE: 2nd degree decls took 0 
557326     INFO  Test worker     d.u.i.k.n.KeyIO           Parsing took 0 ms 
557326     DEBUG Test worker     d.u.i.k.n.KeyIO           Load declarations of de.uka.ilkd.key.nparser.KeyAst$File:  <unknown>:1#1 
557326     INFO  Test worker     d.u.i.k.n.KeyIO           MODE: declarations took 0 ms 
557326     DEBUG Test worker     d.u.i.k.n.KeyIO           MODE: 2nd degree decls took 0 
557326     INFO  Test worker     d.u.i.k.n.KeyIO           Parsing took 0 ms 
557326     DEBUG Test worker     d.u.i.k.n.KeyIO           Load declarations of de.uka.ilkd.key.nparser.KeyAst$File:  <unknown>:1#1 
557326     INFO  Test worker     d.u.i.k.n.KeyIO           MODE: declarations took 0 ms 
557326     DEBUG Test worker     d.u.i.k.n.KeyIO           MODE: 2nd degree decls took 0 
557326     INFO  Test worker     d.u.i.k.n.KeyIO           Parsing took 0 ms 
557326     DEBUG Test worker     d.u.i.k.n.KeyIO           Load declarations of de.uka.ilkd.key.nparser.KeyAst$File:  <unknown>:1#1 
557326     INFO  Test worker     d.u.i.k.n.KeyIO           MODE: declarations took 0 ms 
557342     DEBUG Test worker     d.u.i.k.n.KeyIO           MODE: 2nd degree decls took 0 
557342     INFO  Test worker     d.u.i.k.n.KeyIO           Parsing took 0 ms 
557342     DEBUG Test worker     d.u.i.k.n.KeyIO           Load declarations of de.uka.ilkd.key.nparser.KeyAst$File:  <unknown>:1#1 
557342     INFO  Test worker     d.u.i.k.n.KeyIO           MODE: declarations took 0 ms 
557342     DEBUG Test worker     d.u.i.k.n.KeyIO           MODE: 2nd degree decls took 0 
557342     INFO  Test worker     d.u.i.k.n.KeyIO           Parsing took 0 ms 
557342     DEBUG Test worker     d.u.i.k.n.KeyIO           Load declarations of de.uka.ilkd.key.nparser.KeyAst$File:  <unknown>:1#1 
557342     INFO  Test worker     d.u.i.k.n.KeyIO           MODE: declarations took 0 ms 
557342     DEBUG Test worker     d.u.i.k.n.KeyIO           MODE: 2nd degree decls took 0 
562683     INFO  Test worker     d.u.i.k.n.KeyIO           Parsing took 0 ms 
562699     DEBUG Test worker     d.u.i.k.n.KeyIO           Load declarations of de.uka.ilkd.key.nparser.KeyAst$File:  <unknown>:1#1 
562699     INFO  Test worker     d.u.i.k.n.KeyIO           MODE: declarations took 0 ms 
562699     DEBUG Test worker     d.u.i.k.n.KeyIO           MODE: 2nd degree decls took 0 
562699     INFO  Test worker     d.u.i.k.n.KeyIO           Parsing took 0 ms 
562699     DEBUG Test worker     d.u.i.k.n.KeyIO           Load declarations of de.uka.ilkd.key.nparser.KeyAst$File:  <unknown>:1#1 
562699     INFO  Test worker     d.u.i.k.n.KeyIO           MODE: declarations took 0 ms 
562699     DEBUG Test worker     d.u.i.k.n.KeyIO           MODE: 2nd degree decls took 0 
562699     INFO  Test worker     d.u.i.k.n.KeyIO           Parsing took 0 ms 
562699     DEBUG Test worker     d.u.i.k.n.KeyIO           Load declarations of de.uka.ilkd.key.nparser.KeyAst$File:  <unknown>:1#1 
562699     INFO  Test worker     d.u.i.k.n.KeyIO           MODE: declarations took 0 ms 
562699     DEBUG Test worker     d.u.i.k.n.KeyIO           MODE: 2nd degree decls took 0 
562699     INFO  Test worker     d.u.i.k.n.KeyIO           Parsing took 0 ms 
562699     DEBUG Test worker     d.u.i.k.n.KeyIO           Load declarations of de.uka.ilkd.key.nparser.KeyAst$File:  <unknown>:1#1 
562699     INFO  Test worker     d.u.i.k.n.KeyIO           MODE: declarations took 0 ms 
562699     DEBUG Test worker     d.u.i.k.n.KeyIO           MODE: 2nd degree decls took 0 
562699     INFO  Test worker     d.u.i.k.n.KeyIO           Parsing took 0 ms 
562699     DEBUG Test worker     d.u.i.k.n.KeyIO           Load declarations of de.uka.ilkd.key.nparser.KeyAst$File:  <unknown>:1#1 
562699     INFO  Test worker     d.u.i.k.n.KeyIO           MODE: declarations took 0 ms 
562699     DEBUG Test worker     d.u.i.k.n.KeyIO           MODE: 2nd degree decls took 0 
562699     INFO  Test worker     d.u.i.k.n.KeyIO           Parsing took 0 ms 
562699     DEBUG Test worker     d.u.i.k.n.KeyIO           Load declarations of de.uka.ilkd.key.nparser.KeyAst$File:  <unknown>:1#1 
562699     INFO  Test worker     d.u.i.k.n.KeyIO           MODE: declarations took 0 ms 
562699     DEBUG Test worker     d.u.i.k.n.KeyIO           MODE: 2nd degree decls took 0 
567925     INFO  Test worker     d.u.i.k.n.KeyIO           Parsing took 0 ms 
567925     DEBUG Test worker     d.u.i.k.n.KeyIO           Load declarations of de.uka.ilkd.key.nparser.KeyAst$File:  <unknown>:1#1 
567925     INFO  Test worker     d.u.i.k.n.KeyIO           MODE: declarations took 0 ms 
567925     DEBUG Test worker     d.u.i.k.n.KeyIO           MODE: 2nd degree decls took 0 
567925     INFO  Test worker     d.u.i.k.n.KeyIO           Parsing took 0 ms 
567925     DEBUG Test worker     d.u.i.k.n.KeyIO           Load declarations of de.uka.ilkd.key.nparser.KeyAst$File:  <unknown>:1#1 
567925     INFO  Test worker     d.u.i.k.n.KeyIO           MODE: declarations took 0 ms 
567925     DEBUG Test worker     d.u.i.k.n.KeyIO           MODE: 2nd degree decls took 0 
567925     INFO  Test worker     d.u.i.k.n.KeyIO           Parsing took 0 ms 
567925     DEBUG Test worker     d.u.i.k.n.KeyIO           Load declarations of de.uka.ilkd.key.nparser.KeyAst$File:  <unknown>:1#1 
567925     INFO  Test worker     d.u.i.k.n.KeyIO           MODE: declarations took 0 ms 
567925     DEBUG Test worker     d.u.i.k.n.KeyIO           MODE: 2nd degree decls took 0 
567925     INFO  Test worker     d.u.i.k.n.KeyIO           Parsing took 0 ms 
567925     DEBUG Test worker     d.u.i.k.n.KeyIO           Load declarations of de.uka.ilkd.key.nparser.KeyAst$File:  <unknown>:1#1 
567925     INFO  Test worker     d.u.i.k.n.KeyIO           MODE: declarations took 0 ms 
567925     DEBUG Test worker     d.u.i.k.n.KeyIO           MODE: 2nd degree decls took 0 
567925     INFO  Test worker     d.u.i.k.n.KeyIO           Parsing took 0 ms 
567925     DEBUG Test worker     d.u.i.k.n.KeyIO           Load declarations of de.uka.ilkd.key.nparser.KeyAst$File:  <unknown>:1#1 
567925     INFO  Test worker     d.u.i.k.n.KeyIO           MODE: declarations took 0 ms 
567925     DEBUG Test worker     d.u.i.k.n.KeyIO           MODE: 2nd degree decls took 0 
573240     INFO  Test worker     d.u.i.k.n.KeyIO           Parsing took 0 ms 
573240     DEBUG Test worker     d.u.i.k.n.KeyIO           Load declarations of de.uka.ilkd.key.nparser.KeyAst$File:  <unknown>:1#1 
573240     INFO  Test worker     d.u.i.k.n.KeyIO           MODE: declarations took 0 ms 
573240     DEBUG Test worker     d.u.i.k.n.KeyIO           MODE: 2nd degree decls took 0 
573240     INFO  Test worker     d.u.i.k.n.KeyIO           Parsing took 0 ms 
573240     DEBUG Test worker     d.u.i.k.n.KeyIO           Load declarations of de.uka.ilkd.key.nparser.KeyAst$File:  <unknown>:1#1 
573240     INFO  Test worker     d.u.i.k.n.KeyIO           MODE: declarations took 0 ms 
573240     DEBUG Test worker     d.u.i.k.n.KeyIO           MODE: 2nd degree decls took 0 
573240     INFO  Test worker     d.u.i.k.n.KeyIO           Parsing took 0 ms 
573240     DEBUG Test worker     d.u.i.k.n.KeyIO           Load declarations of de.uka.ilkd.key.nparser.KeyAst$File:  <unknown>:1#1 
573240     INFO  Test worker     d.u.i.k.n.KeyIO           MODE: declarations took 0 ms 
573240     DEBUG Test worker     d.u.i.k.n.KeyIO           MODE: 2nd degree decls took 0 
573240     INFO  Test worker     d.u.i.k.n.KeyIO           Parsing took 0 ms 
573240     DEBUG Test worker     d.u.i.k.n.KeyIO           Load declarations of de.uka.ilkd.key.nparser.KeyAst$File:  <unknown>:1#1 
573240     INFO  Test worker     d.u.i.k.n.KeyIO           MODE: declarations took 0 ms 
573240     DEBUG Test worker     d.u.i.k.n.KeyIO           MODE: 2nd degree decls took 0 
573240     INFO  Test worker     d.u.i.k.n.KeyIO           Parsing took 0 ms 
573240     DEBUG Test worker     d.u.i.k.n.KeyIO           Load declarations of de.uka.ilkd.key.nparser.KeyAst$File:  <unknown>:1#1 
573240     INFO  Test worker     d.u.i.k.n.KeyIO           MODE: declarations took 0 ms 
573240     DEBUG Test worker     d.u.i.k.n.KeyIO           MODE: 2nd degree decls took 0 
578464     INFO  Test worker     d.u.i.k.n.KeyIO           Parsing took 0 ms 
578464     DEBUG Test worker     d.u.i.k.n.KeyIO           Load declarations of de.uka.ilkd.key.nparser.KeyAst$File:  <unknown>:1#1 
578464     INFO  Test worker     d.u.i.k.n.KeyIO           MODE: declarations took 0 ms 
578464     DEBUG Test worker     d.u.i.k.n.KeyIO           MODE: 2nd degree decls took 0 
578464     INFO  Test worker     d.u.i.k.n.KeyIO           Parsing took 0 ms 
578464     DEBUG Test worker     d.u.i.k.n.KeyIO           Load declarations of de.uka.ilkd.key.nparser.KeyAst$File:  <unknown>:1#1 
578464     INFO  Test worker     d.u.i.k.n.KeyIO           MODE: declarations took 0 ms 
578464     DEBUG Test worker     d.u.i.k.n.KeyIO           MODE: 2nd degree decls took 0 
578464     INFO  Test worker     d.u.i.k.n.KeyIO           Parsing took 0 ms 
578464     DEBUG Test worker     d.u.i.k.n.KeyIO           Load declarations of de.uka.ilkd.key.nparser.KeyAst$File:  <unknown>:1#1 
578464     INFO  Test worker     d.u.i.k.n.KeyIO           MODE: declarations took 0 ms 
578464     DEBUG Test worker     d.u.i.k.n.KeyIO           MODE: 2nd degree decls took 0 
578464     INFO  Test worker     d.u.i.k.n.KeyIO           Parsing took 0 ms 
578464     DEBUG Test worker     d.u.i.k.n.KeyIO           Load declarations of de.uka.ilkd.key.nparser.KeyAst$File:  <unknown>:1#1 
578464     INFO  Test worker     d.u.i.k.n.KeyIO           MODE: declarations took 0 ms 
578464     DEBUG Test worker     d.u.i.k.n.KeyIO           MODE: 2nd degree decls took 0 
578480     INFO  Test worker     d.u.i.k.n.KeyIO           Parsing took 0 ms 
578480     DEBUG Test worker     d.u.i.k.n.KeyIO           Load declarations of de.uka.ilkd.key.nparser.KeyAst$File:  <unknown>:1#1 
578480     INFO  Test worker     d.u.i.k.n.KeyIO           MODE: declarations took 0 ms 
578480     DEBUG Test worker     d.u.i.k.n.KeyIO           MODE: 2nd degree decls took 0 
583707     INFO  Test worker     d.u.i.k.n.KeyIO           Parsing took 0 ms 
583707     DEBUG Test worker     d.u.i.k.n.KeyIO           Load declarations of de.uka.ilkd.key.nparser.KeyAst$File:  <unknown>:1#1 
583707     INFO  Test worker     d.u.i.k.n.KeyIO           MODE: declarations took 0 ms 
583707     DEBUG Test worker     d.u.i.k.n.KeyIO           MODE: 2nd degree decls took 0 
583707     INFO  Test worker     d.u.i.k.n.KeyIO           Parsing took 0 ms 
583707     DEBUG Test worker     d.u.i.k.n.KeyIO           Load declarations of de.uka.ilkd.key.nparser.KeyAst$File:  <unknown>:1#1 
583707     INFO  Test worker     d.u.i.k.n.KeyIO           MODE: declarations took 0 ms 
583707     DEBUG Test worker     d.u.i.k.n.KeyIO           MODE: 2nd degree decls took 0 
583707     INFO  Test worker     d.u.i.k.n.KeyIO           Parsing took 0 ms 
583707     DEBUG Test worker     d.u.i.k.n.KeyIO           Load declarations of de.uka.ilkd.key.nparser.KeyAst$File:  <unknown>:1#1 
583707     INFO  Test worker     d.u.i.k.n.KeyIO           MODE: declarations took 0 ms 
583707     DEBUG Test worker     d.u.i.k.n.KeyIO           MODE: 2nd degree decls took 0 
583707     INFO  Test worker     d.u.i.k.n.KeyIO           Parsing took 0 ms 
583707     DEBUG Test worker     d.u.i.k.n.KeyIO           Load declarations of de.uka.ilkd.key.nparser.KeyAst$File:  <unknown>:1#1 
583707     INFO  Test worker     d.u.i.k.n.KeyIO           MODE: declarations took 0 ms 
583707     DEBUG Test worker     d.u.i.k.n.KeyIO           MODE: 2nd degree decls took 0 
583707     INFO  Test worker     d.u.i.k.n.KeyIO           Parsing took 0 ms 
583707     DEBUG Test worker     d.u.i.k.n.KeyIO           Load declarations of de.uka.ilkd.key.nparser.KeyAst$File:  <unknown>:1#1 
583707     INFO  Test worker     d.u.i.k.n.KeyIO           MODE: declarations took 0 ms 
583707     DEBUG Test worker     d.u.i.k.n.KeyIO           MODE: 2nd degree decls took 0 
588892     INFO  Test worker     d.u.i.k.n.KeyIO           Parsing took 0 ms 
588892     DEBUG Test worker     d.u.i.k.n.KeyIO           Load declarations of de.uka.ilkd.key.nparser.KeyAst$File:  <unknown>:1#1 
588892     INFO  Test worker     d.u.i.k.n.KeyIO           MODE: declarations took 0 ms 
588892     DEBUG Test worker     d.u.i.k.n.KeyIO           MODE: 2nd degree decls took 0 
588892     INFO  Test worker     d.u.i.k.n.KeyIO           Parsing took 0 ms 
588892     DEBUG Test worker     d.u.i.k.n.KeyIO           Load declarations of de.uka.ilkd.key.nparser.KeyAst$File:  <unknown>:1#1 
588892     INFO  Test worker     d.u.i.k.n.KeyIO           MODE: declarations took 0 ms 
588892     DEBUG Test worker     d.u.i.k.n.KeyIO           MODE: 2nd degree decls took 0 
588892     INFO  Test worker     d.u.i.k.n.KeyIO           Parsing took 0 ms 
588892     DEBUG Test worker     d.u.i.k.n.KeyIO           Load declarations of de.uka.ilkd.key.nparser.KeyAst$File:  <unknown>:1#1 
588892     INFO  Test worker     d.u.i.k.n.KeyIO           MODE: declarations took 0 ms 
588892     DEBUG Test worker     d.u.i.k.n.KeyIO           MODE: 2nd degree decls took 0 
588892     INFO  Test worker     d.u.i.k.n.KeyIO           Parsing took 0 ms 
588892     DEBUG Test worker     d.u.i.k.n.KeyIO           Load declarations of de.uka.ilkd.key.nparser.KeyAst$File:  <unknown>:1#1 
588892     INFO  Test worker     d.u.i.k.n.KeyIO           MODE: declarations took 0 ms 
588892     DEBUG Test worker     d.u.i.k.n.KeyIO           MODE: 2nd degree decls took 0 
588892     INFO  Test worker     d.u.i.k.n.KeyIO           Parsing took 0 ms 
588892     DEBUG Test worker     d.u.i.k.n.KeyIO           Load declarations of de.uka.ilkd.key.nparser.KeyAst$File:  <unknown>:1#1 
588892     INFO  Test worker     d.u.i.k.n.KeyIO           MODE: declarations took 0 ms 
588892     DEBUG Test worker     d.u.i.k.n.KeyIO           MODE: 2nd degree decls took 0 
594055     INFO  Test worker     d.u.i.k.n.KeyIO           Parsing took 0 ms 
594055     DEBUG Test worker     d.u.i.k.n.KeyIO           Load declarations of de.uka.ilkd.key.nparser.KeyAst$File:  <unknown>:1#1 
594055     INFO  Test worker     d.u.i.k.n.KeyIO           MODE: declarations took 0 ms 
594055     DEBUG Test worker     d.u.i.k.n.KeyIO           MODE: 2nd degree decls took 0 
594055     INFO  Test worker     d.u.i.k.n.KeyIO           Parsing took 0 ms 
594055     DEBUG Test worker     d.u.i.k.n.KeyIO           Load declarations of de.uka.ilkd.key.nparser.KeyAst$File:  <unknown>:1#1 
594055     INFO  Test worker     d.u.i.k.n.KeyIO           MODE: declarations took 0 ms 
594055     DEBUG Test worker     d.u.i.k.n.KeyIO           MODE: 2nd degree decls took 0 
594055     INFO  Test worker     d.u.i.k.n.KeyIO           Parsing took 0 ms 
594055     DEBUG Test worker     d.u.i.k.n.KeyIO           Load declarations of de.uka.ilkd.key.nparser.KeyAst$File:  <unknown>:1#1 
594055     INFO  Test worker     d.u.i.k.n.KeyIO           MODE: declarations took 0 ms 
594055     DEBUG Test worker     d.u.i.k.n.KeyIO           MODE: 2nd degree decls took 0 
594055     INFO  Test worker     d.u.i.k.n.KeyIO           Parsing took 0 ms 
594055     DEBUG Test worker     d.u.i.k.n.KeyIO           Load declarations of de.uka.ilkd.key.nparser.KeyAst$File:  <unknown>:1#1 
594055     INFO  Test worker     d.u.i.k.n.KeyIO           MODE: declarations took 0 ms 
594055     DEBUG Test worker     d.u.i.k.n.KeyIO           MODE: 2nd degree decls took 0 
594055     INFO  Test worker     d.u.i.k.n.KeyIO           Parsing took 0 ms 
594055     DEBUG Test worker     d.u.i.k.n.KeyIO           Load declarations of de.uka.ilkd.key.nparser.KeyAst$File:  <unknown>:1#1 
594055     INFO  Test worker     d.u.i.k.n.KeyIO           MODE: declarations took 0 ms 
594055     DEBUG Test worker     d.u.i.k.n.KeyIO           MODE: 2nd degree decls took 0 
599346     INFO  Test worker     d.u.i.k.n.KeyIO           Parsing took 0 ms 
599346     DEBUG Test worker     d.u.i.k.n.KeyIO           Load declarations of de.uka.ilkd.key.nparser.KeyAst$File:  <unknown>:1#1 
599346     INFO  Test worker     d.u.i.k.n.KeyIO           MODE: declarations took 0 ms 
599346     DEBUG Test worker     d.u.i.k.n.KeyIO           MODE: 2nd degree decls took 0 
599346     INFO  Test worker     d.u.i.k.n.KeyIO           Parsing took 0 ms 
599346     DEBUG Test worker     d.u.i.k.n.KeyIO           Load declarations of de.uka.ilkd.key.nparser.KeyAst$File:  <unknown>:1#1 
599346     INFO  Test worker     d.u.i.k.n.KeyIO           MODE: declarations took 0 ms 
599361     DEBUG Test worker     d.u.i.k.n.KeyIO           MODE: 2nd degree decls took 0 
599361     INFO  Test worker     d.u.i.k.n.KeyIO           Parsing took 0 ms 
599361     DEBUG Test worker     d.u.i.k.n.KeyIO           Load declarations of de.uka.ilkd.key.nparser.KeyAst$File:  <unknown>:1#1 
599361     INFO  Test worker     d.u.i.k.n.KeyIO           MODE: declarations took 0 ms 
599361     DEBUG Test worker     d.u.i.k.n.KeyIO           MODE: 2nd degree decls took 0 
599361     INFO  Test worker     d.u.i.k.n.KeyIO           Parsing took 0 ms 
599361     DEBUG Test worker     d.u.i.k.n.KeyIO           Load declarations of de.uka.ilkd.key.nparser.KeyAst$File:  <unknown>:1#1 
599361     INFO  Test worker     d.u.i.k.n.KeyIO           MODE: declarations took 0 ms 
599361     DEBUG Test worker     d.u.i.k.n.KeyIO           MODE: 2nd degree decls took 0 
599361     INFO  Test worker     d.u.i.k.n.KeyIO           Parsing took 0 ms 
599361     DEBUG Test worker     d.u.i.k.n.KeyIO           Load declarations of de.uka.ilkd.key.nparser.KeyAst$File:  <unknown>:1#1 
599361     INFO  Test worker     d.u.i.k.n.KeyIO           MODE: declarations took 0 ms 
599361     DEBUG Test worker     d.u.i.k.n.KeyIO           MODE: 2nd degree decls took 0 
604613     INFO  Test worker     d.u.i.k.n.KeyIO           Parsing took 0 ms 
604629     DEBUG Test worker     d.u.i.k.n.KeyIO           Load declarations of de.uka.ilkd.key.nparser.KeyAst$File:  <unknown>:1#1 
604629     INFO  Test worker     d.u.i.k.n.KeyIO           MODE: declarations took 0 ms 
604629     DEBUG Test worker     d.u.i.k.n.KeyIO           MODE: 2nd degree decls took 0 
604629     INFO  Test worker     d.u.i.k.n.KeyIO           Parsing took 0 ms 
604629     DEBUG Test worker     d.u.i.k.n.KeyIO           Load declarations of de.uka.ilkd.key.nparser.KeyAst$File:  <unknown>:1#1 
604629     INFO  Test worker     d.u.i.k.n.KeyIO           MODE: declarations took 0 ms 
604629     DEBUG Test worker     d.u.i.k.n.KeyIO           MODE: 2nd degree decls took 0 
604629     INFO  Test worker     d.u.i.k.n.KeyIO           Parsing took 0 ms 
604629     DEBUG Test worker     d.u.i.k.n.KeyIO           Load declarations of de.uka.ilkd.key.nparser.KeyAst$File:  <unknown>:1#1 
604629     INFO  Test worker     d.u.i.k.n.KeyIO           MODE: declarations took 0 ms 
604629     DEBUG Test worker     d.u.i.k.n.KeyIO           MODE: 2nd degree decls took 0 
604629     INFO  Test worker     d.u.i.k.n.KeyIO           Parsing took 0 ms 
604629     DEBUG Test worker     d.u.i.k.n.KeyIO           Load declarations of de.uka.ilkd.key.nparser.KeyAst$File:  <unknown>:1#1 
604629     INFO  Test worker     d.u.i.k.n.KeyIO           MODE: declarations took 0 ms 
604629     DEBUG Test worker     d.u.i.k.n.KeyIO           MODE: 2nd degree decls took 0 
604629     INFO  Test worker     d.u.i.k.n.KeyIO           Parsing took 0 ms 
604629     DEBUG Test worker     d.u.i.k.n.KeyIO           Load declarations of de.uka.ilkd.key.nparser.KeyAst$File:  <unknown>:1#1 
604629     INFO  Test worker     d.u.i.k.n.KeyIO           MODE: declarations took 0 ms 
604629     DEBUG Test worker     d.u.i.k.n.KeyIO           MODE: 2nd degree decls took 0 
609917     INFO  Test worker     d.u.i.k.n.KeyIO           Parsing took 0 ms 
609917     DEBUG Test worker     d.u.i.k.n.KeyIO           Load declarations of de.uka.ilkd.key.nparser.KeyAst$File:  <unknown>:1#1 
609933     INFO  Test worker     d.u.i.k.n.KeyIO           MODE: declarations took 16 ms 
609933     DEBUG Test worker     d.u.i.k.n.KeyIO           MODE: 2nd degree decls took 0 
609933     INFO  Test worker     d.u.i.k.n.KeyIO           Parsing took 0 ms 
609933     DEBUG Test worker     d.u.i.k.n.KeyIO           Load declarations of de.uka.ilkd.key.nparser.KeyAst$File:  <unknown>:1#1 
609933     INFO  Test worker     d.u.i.k.n.KeyIO           MODE: declarations took 0 ms 
609933     DEBUG Test worker     d.u.i.k.n.KeyIO           MODE: 2nd degree decls took 0 
609933     INFO  Test worker     d.u.i.k.n.KeyIO           Parsing took 0 ms 
609933     DEBUG Test worker     d.u.i.k.n.KeyIO           Load declarations of de.uka.ilkd.key.nparser.KeyAst$File:  <unknown>:1#1 
609933     INFO  Test worker     d.u.i.k.n.KeyIO           MODE: declarations took 0 ms 
609933     DEBUG Test worker     d.u.i.k.n.KeyIO           MODE: 2nd degree decls took 0 
609933     INFO  Test worker     d.u.i.k.n.KeyIO           Parsing took 0 ms 
609933     DEBUG Test worker     d.u.i.k.n.KeyIO           Load declarations of de.uka.ilkd.key.nparser.KeyAst$File:  <unknown>:1#1 
609933     INFO  Test worker     d.u.i.k.n.KeyIO           MODE: declarations took 0 ms 
609933     DEBUG Test worker     d.u.i.k.n.KeyIO           MODE: 2nd degree decls took 0 
609933     INFO  Test worker     d.u.i.k.n.KeyIO           Parsing took 0 ms 
609933     DEBUG Test worker     d.u.i.k.n.KeyIO           Load declarations of de.uka.ilkd.key.nparser.KeyAst$File:  <unknown>:1#1 
609933     INFO  Test worker     d.u.i.k.n.KeyIO           MODE: declarations took 0 ms 
609933     DEBUG Test worker     d.u.i.k.n.KeyIO           MODE: 2nd degree decls took 0 
615116     INFO  Test worker     d.u.i.k.n.KeyIO           Parsing took 0 ms 
615116     DEBUG Test worker     d.u.i.k.n.KeyIO           Load declarations of de.uka.ilkd.key.nparser.KeyAst$File:  <unknown>:1#1 
615116     INFO  Test worker     d.u.i.k.n.KeyIO           MODE: declarations took 0 ms 
615116     DEBUG Test worker     d.u.i.k.n.KeyIO           MODE: 2nd degree decls took 0 
615116     INFO  Test worker     d.u.i.k.n.KeyIO           Parsing took 0 ms 
615116     DEBUG Test worker     d.u.i.k.n.KeyIO           Load declarations of de.uka.ilkd.key.nparser.KeyAst$File:  <unknown>:1#1 
615116     INFO  Test worker     d.u.i.k.n.KeyIO           MODE: declarations took 0 ms 
615116     DEBUG Test worker     d.u.i.k.n.KeyIO           MODE: 2nd degree decls took 0 
615116     INFO  Test worker     d.u.i.k.n.KeyIO           Parsing took 0 ms 
615116     DEBUG Test worker     d.u.i.k.n.KeyIO           Load declarations of de.uka.ilkd.key.nparser.KeyAst$File:  <unknown>:1#1 
615116     INFO  Test worker     d.u.i.k.n.KeyIO           MODE: declarations took 0 ms 
615116     DEBUG Test worker     d.u.i.k.n.KeyIO           MODE: 2nd degree decls took 0 
615116     INFO  Test worker     d.u.i.k.n.KeyIO           Parsing took 0 ms 
615116     DEBUG Test worker     d.u.i.k.n.KeyIO           Load declarations of de.uka.ilkd.key.nparser.KeyAst$File:  <unknown>:1#1 
615116     INFO  Test worker     d.u.i.k.n.KeyIO           MODE: declarations took 0 ms 
615116     DEBUG Test worker     d.u.i.k.n.KeyIO           MODE: 2nd degree decls took 0 
615116     INFO  Test worker     d.u.i.k.n.KeyIO           Parsing took 0 ms 
615116     DEBUG Test worker     d.u.i.k.n.KeyIO           Load declarations of de.uka.ilkd.key.nparser.KeyAst$File:  <unknown>:1#1 
615116     INFO  Test worker     d.u.i.k.n.KeyIO           MODE: declarations took 0 ms 
615116     DEBUG Test worker     d.u.i.k.n.KeyIO           MODE: 2nd degree decls took 0 
620415     INFO  Test worker     d.u.i.k.n.KeyIO           Parsing took 0 ms 
620415     DEBUG Test worker     d.u.i.k.n.KeyIO           Load declarations of de.uka.ilkd.key.nparser.KeyAst$File:  <unknown>:1#1 
620415     INFO  Test worker     d.u.i.k.n.KeyIO           MODE: declarations took 0 ms 
620415     DEBUG Test worker     d.u.i.k.n.KeyIO           MODE: 2nd degree decls took 0 
620415     INFO  Test worker     d.u.i.k.n.KeyIO           Parsing took 0 ms 
620415     DEBUG Test worker     d.u.i.k.n.KeyIO           Load declarations of de.uka.ilkd.key.nparser.KeyAst$File:  <unknown>:1#1 
620415     INFO  Test worker     d.u.i.k.n.KeyIO           MODE: declarations took 0 ms 
620415     DEBUG Test worker     d.u.i.k.n.KeyIO           MODE: 2nd degree decls took 0 
620415     INFO  Test worker     d.u.i.k.n.KeyIO           Parsing took 0 ms 
620415     DEBUG Test worker     d.u.i.k.n.KeyIO           Load declarations of de.uka.ilkd.key.nparser.KeyAst$File:  <unknown>:1#1 
620415     INFO  Test worker     d.u.i.k.n.KeyIO           MODE: declarations took 0 ms 
620415     DEBUG Test worker     d.u.i.k.n.KeyIO           MODE: 2nd degree decls took 0 
620415     INFO  Test worker     d.u.i.k.n.KeyIO           Parsing took 0 ms 
620415     DEBUG Test worker     d.u.i.k.n.KeyIO           Load declarations of de.uka.ilkd.key.nparser.KeyAst$File:  <unknown>:1#1 
620415     INFO  Test worker     d.u.i.k.n.KeyIO           MODE: declarations took 0 ms 
620415     DEBUG Test worker     d.u.i.k.n.KeyIO           MODE: 2nd degree decls took 0 
620415     INFO  Test worker     d.u.i.k.n.KeyIO           Parsing took 0 ms 
620415     DEBUG Test worker     d.u.i.k.n.KeyIO           Load declarations of de.uka.ilkd.key.nparser.KeyAst$File:  <unknown>:1#1 
620415     INFO  Test worker     d.u.i.k.n.KeyIO           MODE: declarations took 0 ms 
620415     DEBUG Test worker     d.u.i.k.n.KeyIO           MODE: 2nd degree decls took 0 
625649     INFO  Test worker     d.u.i.k.n.KeyIO           Parsing took 0 ms 
625649     DEBUG Test worker     d.u.i.k.n.KeyIO           Load declarations of de.uka.ilkd.key.nparser.KeyAst$File:  <unknown>:1#1 
625649     INFO  Test worker     d.u.i.k.n.KeyIO           MODE: declarations took 0 ms 
625649     DEBUG Test worker     d.u.i.k.n.KeyIO           MODE: 2nd degree decls took 0 
625649     INFO  Test worker     d.u.i.k.n.KeyIO           Parsing took 0 ms 
625649     DEBUG Test worker     d.u.i.k.n.KeyIO           Load declarations of de.uka.ilkd.key.nparser.KeyAst$File:  <unknown>:1#1 
625649     INFO  Test worker     d.u.i.k.n.KeyIO           MODE: declarations took 0 ms 
625649     DEBUG Test worker     d.u.i.k.n.KeyIO           MODE: 2nd degree decls took 0 
625649     INFO  Test worker     d.u.i.k.n.KeyIO           Parsing took 0 ms 
625649     DEBUG Test worker     d.u.i.k.n.KeyIO           Load declarations of de.uka.ilkd.key.nparser.KeyAst$File:  <unknown>:1#1 
625649     INFO  Test worker     d.u.i.k.n.KeyIO           MODE: declarations took 0 ms 
625649     DEBUG Test worker     d.u.i.k.n.KeyIO           MODE: 2nd degree decls took 0 
625649     INFO  Test worker     d.u.i.k.n.KeyIO           Parsing took 0 ms 
625649     DEBUG Test worker     d.u.i.k.n.KeyIO           Load declarations of de.uka.ilkd.key.nparser.KeyAst$File:  <unknown>:1#1 
625649     INFO  Test worker     d.u.i.k.n.KeyIO           MODE: declarations took 0 ms 
625649     DEBUG Test worker     d.u.i.k.n.KeyIO           MODE: 2nd degree decls took 0 
625649     INFO  Test worker     d.u.i.k.n.KeyIO           Parsing took 0 ms 
625649     DEBUG Test worker     d.u.i.k.n.KeyIO           Load declarations of de.uka.ilkd.key.nparser.KeyAst$File:  <unknown>:1#1 
625649     INFO  Test worker     d.u.i.k.n.KeyIO           MODE: declarations took 0 ms 
625649     DEBUG Test worker     d.u.i.k.n.KeyIO           MODE: 2nd degree decls took 0 
625649     WARN  Test worker     d.u.i.k.n.KeYParser       [syntax-error] null:1:11: mismatched input '@' expecting {'/', ':=', '.', '(', ')', '{', '[', '@', PARALLEL, OR, AND, IMP, '=', NOT_EQUALS, '%', '*', '-', '+', '>', GREATEREQUAL, '<', LESSEQUAL, LGUILLEMETS, EQV} [@11,11:11='@',<155>,1:11] (termEOF) 
631057     INFO  Test worker     d.u.i.k.n.KeyIO           Parsing took 0 ms 
631057     DEBUG Test worker     d.u.i.k.n.KeyIO           Load declarations of de.uka.ilkd.key.nparser.KeyAst$File:  <unknown>:1#1 
631057     INFO  Test worker     d.u.i.k.n.KeyIO           MODE: declarations took 0 ms 
631057     DEBUG Test worker     d.u.i.k.n.KeyIO           MODE: 2nd degree decls took 0 
631057     INFO  Test worker     d.u.i.k.n.KeyIO           Parsing took 0 ms 
631057     DEBUG Test worker     d.u.i.k.n.KeyIO           Load declarations of de.uka.ilkd.key.nparser.KeyAst$File:  <unknown>:1#1 
631057     INFO  Test worker     d.u.i.k.n.KeyIO           MODE: declarations took 0 ms 
631057     DEBUG Test worker     d.u.i.k.n.KeyIO           MODE: 2nd degree decls took 0 
631057     INFO  Test worker     d.u.i.k.n.KeyIO           Parsing took 0 ms 
631057     DEBUG Test worker     d.u.i.k.n.KeyIO           Load declarations of de.uka.ilkd.key.nparser.KeyAst$File:  <unknown>:1#1 
631057     INFO  Test worker     d.u.i.k.n.KeyIO           MODE: declarations took 0 ms 
631057     DEBUG Test worker     d.u.i.k.n.KeyIO           MODE: 2nd degree decls took 0 
631057     INFO  Test worker     d.u.i.k.n.KeyIO           Parsing took 0 ms 
631057     DEBUG Test worker     d.u.i.k.n.KeyIO           Load declarations of de.uka.ilkd.key.nparser.KeyAst$File:  <unknown>:1#1 
631057     INFO  Test worker     d.u.i.k.n.KeyIO           MODE: declarations took 0 ms 
631057     DEBUG Test worker     d.u.i.k.n.KeyIO           MODE: 2nd degree decls took 0 
631057     INFO  Test worker     d.u.i.k.n.KeyIO           Parsing took 0 ms 
631057     DEBUG Test worker     d.u.i.k.n.KeyIO           Load declarations of de.uka.ilkd.key.nparser.KeyAst$File:  <unknown>:1#1 
631057     INFO  Test worker     d.u.i.k.n.KeyIO           MODE: declarations took 0 ms 
631057     DEBUG Test worker     d.u.i.k.n.KeyIO           MODE: 2nd degree decls took 0 
636611     INFO  Test worker     d.u.i.k.n.KeyIO           Parsing took 0 ms 
636611     DEBUG Test worker     d.u.i.k.n.KeyIO           Load declarations of de.uka.ilkd.key.nparser.KeyAst$File:  <unknown>:1#1 
636611     INFO  Test worker     d.u.i.k.n.KeyIO           MODE: declarations took 0 ms 
636611     DEBUG Test worker     d.u.i.k.n.KeyIO           MODE: 2nd degree decls took 0 
636611     INFO  Test worker     d.u.i.k.n.KeyIO           Parsing took 0 ms 
636611     DEBUG Test worker     d.u.i.k.n.KeyIO           Load declarations of de.uka.ilkd.key.nparser.KeyAst$File:  <unknown>:1#1 
636611     INFO  Test worker     d.u.i.k.n.KeyIO           MODE: declarations took 0 ms 
636611     DEBUG Test worker     d.u.i.k.n.KeyIO           MODE: 2nd degree decls took 0 
636611     INFO  Test worker     d.u.i.k.n.KeyIO           Parsing took 0 ms 
636611     DEBUG Test worker     d.u.i.k.n.KeyIO           Load declarations of de.uka.ilkd.key.nparser.KeyAst$File:  <unknown>:1#1 
636611     INFO  Test worker     d.u.i.k.n.KeyIO           MODE: declarations took 0 ms 
636611     DEBUG Test worker     d.u.i.k.n.KeyIO           MODE: 2nd degree decls took 0 
636611     INFO  Test worker     d.u.i.k.n.KeyIO           Parsing took 0 ms 
636611     DEBUG Test worker     d.u.i.k.n.KeyIO           Load declarations of de.uka.ilkd.key.nparser.KeyAst$File:  <unknown>:1#1 
636611     INFO  Test worker     d.u.i.k.n.KeyIO           MODE: declarations took 0 ms 
636611     DEBUG Test worker     d.u.i.k.n.KeyIO           MODE: 2nd degree decls took 0 
636611     INFO  Test worker     d.u.i.k.n.KeyIO           Parsing took 0 ms 
636611     DEBUG Test worker     d.u.i.k.n.KeyIO           Load declarations of de.uka.ilkd.key.nparser.KeyAst$File:  <unknown>:1#1 
636611     INFO  Test worker     d.u.i.k.n.KeyIO           MODE: declarations took 0 ms 
636611     DEBUG Test worker     d.u.i.k.n.KeyIO           MODE: 2nd degree decls took 0 
642029     INFO  Test worker     d.u.i.k.n.KeyIO           Parsing took 0 ms 
642029     DEBUG Test worker     d.u.i.k.n.KeyIO           Load declarations of de.uka.ilkd.key.nparser.KeyAst$File:  <unknown>:1#1 
642029     INFO  Test worker     d.u.i.k.n.KeyIO           MODE: declarations took 0 ms 
642029     DEBUG Test worker     d.u.i.k.n.KeyIO           MODE: 2nd degree decls took 0 
642029     INFO  Test worker     d.u.i.k.n.KeyIO           Parsing took 0 ms 
642029     DEBUG Test worker     d.u.i.k.n.KeyIO           Load declarations of de.uka.ilkd.key.nparser.KeyAst$File:  <unknown>:1#1 
642029     INFO  Test worker     d.u.i.k.n.KeyIO           MODE: declarations took 0 ms 
642029     DEBUG Test worker     d.u.i.k.n.KeyIO           MODE: 2nd degree decls took 0 
642029     INFO  Test worker     d.u.i.k.n.KeyIO           Parsing took 0 ms 
642029     DEBUG Test worker     d.u.i.k.n.KeyIO           Load declarations of de.uka.ilkd.key.nparser.KeyAst$File:  <unknown>:1#1 
642029     INFO  Test worker     d.u.i.k.n.KeyIO           MODE: declarations took 0 ms 
642029     DEBUG Test worker     d.u.i.k.n.KeyIO           MODE: 2nd degree decls took 0 
642029     INFO  Test worker     d.u.i.k.n.KeyIO           Parsing took 0 ms 
642029     DEBUG Test worker     d.u.i.k.n.KeyIO           Load declarations of de.uka.ilkd.key.nparser.KeyAst$File:  <unknown>:1#1 
642029     INFO  Test worker     d.u.i.k.n.KeyIO           MODE: declarations took 0 ms 
642029     DEBUG Test worker     d.u.i.k.n.KeyIO           MODE: 2nd degree decls took 0 
642029     INFO  Test worker     d.u.i.k.n.KeyIO           Parsing took 0 ms 
642029     DEBUG Test worker     d.u.i.k.n.KeyIO           Load declarations of de.uka.ilkd.key.nparser.KeyAst$File:  <unknown>:1#1 
642029     INFO  Test worker     d.u.i.k.n.KeyIO           MODE: declarations took 0 ms 
642029     DEBUG Test worker     d.u.i.k.n.KeyIO           MODE: 2nd degree decls took 0 
647457     INFO  Test worker     d.u.i.k.n.KeyIO           Parsing took 0 ms 
647457     DEBUG Test worker     d.u.i.k.n.KeyIO           Load declarations of de.uka.ilkd.key.nparser.KeyAst$File:  <unknown>:1#1 
647457     INFO  Test worker     d.u.i.k.n.KeyIO           MODE: declarations took 0 ms 
647457     DEBUG Test worker     d.u.i.k.n.KeyIO           MODE: 2nd degree decls took 0 
647457     INFO  Test worker     d.u.i.k.n.KeyIO           Parsing took 0 ms 
647457     DEBUG Test worker     d.u.i.k.n.KeyIO           Load declarations of de.uka.ilkd.key.nparser.KeyAst$File:  <unknown>:1#1 
647457     INFO  Test worker     d.u.i.k.n.KeyIO           MODE: declarations took 0 ms 
647457     DEBUG Test worker     d.u.i.k.n.KeyIO           MODE: 2nd degree decls took 0 
647457     INFO  Test worker     d.u.i.k.n.KeyIO           Parsing took 0 ms 
647457     DEBUG Test worker     d.u.i.k.n.KeyIO           Load declarations of de.uka.ilkd.key.nparser.KeyAst$File:  <unknown>:1#1 
647457     INFO  Test worker     d.u.i.k.n.KeyIO           MODE: declarations took 0 ms 
647457     DEBUG Test worker     d.u.i.k.n.KeyIO           MODE: 2nd degree decls took 0 
647457     INFO  Test worker     d.u.i.k.n.KeyIO           Parsing took 0 ms 
647457     DEBUG Test worker     d.u.i.k.n.KeyIO           Load declarations of de.uka.ilkd.key.nparser.KeyAst$File:  <unknown>:1#1 
647457     INFO  Test worker     d.u.i.k.n.KeyIO           MODE: declarations took 0 ms 
647457     DEBUG Test worker     d.u.i.k.n.KeyIO           MODE: 2nd degree decls took 0 
647457     INFO  Test worker     d.u.i.k.n.KeyIO           Parsing took 0 ms 
647457     DEBUG Test worker     d.u.i.k.n.KeyIO           Load declarations of de.uka.ilkd.key.nparser.KeyAst$File:  <unknown>:1#1 
647457     INFO  Test worker     d.u.i.k.n.KeyIO           MODE: declarations took 0 ms 
647457     DEBUG Test worker     d.u.i.k.n.KeyIO           MODE: 2nd degree decls took 0 
652818     INFO  Test worker     d.u.i.k.n.KeyIO           Parsing took 0 ms 
652818     DEBUG Test worker     d.u.i.k.n.KeyIO           Load declarations of de.uka.ilkd.key.nparser.KeyAst$File:  <unknown>:1#1 
652818     INFO  Test worker     d.u.i.k.n.KeyIO           MODE: declarations took 0 ms 
652818     DEBUG Test worker     d.u.i.k.n.KeyIO           MODE: 2nd degree decls took 0 
652818     INFO  Test worker     d.u.i.k.n.KeyIO           Parsing took 0 ms 
652818     DEBUG Test worker     d.u.i.k.n.KeyIO           Load declarations of de.uka.ilkd.key.nparser.KeyAst$File:  <unknown>:1#1 
652818     INFO  Test worker     d.u.i.k.n.KeyIO           MODE: declarations took 0 ms 
652818     DEBUG Test worker     d.u.i.k.n.KeyIO           MODE: 2nd degree decls took 0 
652818     INFO  Test worker     d.u.i.k.n.KeyIO           Parsing took 0 ms 
652818     DEBUG Test worker     d.u.i.k.n.KeyIO           Load declarations of de.uka.ilkd.key.nparser.KeyAst$File:  <unknown>:1#1 
652818     INFO  Test worker     d.u.i.k.n.KeyIO           MODE: declarations took 0 ms 
652818     DEBUG Test worker     d.u.i.k.n.KeyIO           MODE: 2nd degree decls took 0 
652818     INFO  Test worker     d.u.i.k.n.KeyIO           Parsing took 0 ms 
652818     DEBUG Test worker     d.u.i.k.n.KeyIO           Load declarations of de.uka.ilkd.key.nparser.KeyAst$File:  <unknown>:1#1 
652818     INFO  Test worker     d.u.i.k.n.KeyIO           MODE: declarations took 0 ms 
652818     DEBUG Test worker     d.u.i.k.n.KeyIO           MODE: 2nd degree decls took 0 
652818     INFO  Test worker     d.u.i.k.n.KeyIO           Parsing took 0 ms 
652818     DEBUG Test worker     d.u.i.k.n.KeyIO           Load declarations of de.uka.ilkd.key.nparser.KeyAst$File:  <unknown>:1#1 
652818     INFO  Test worker     d.u.i.k.n.KeyIO           MODE: declarations took 0 ms 
652818     DEBUG Test worker     d.u.i.k.n.KeyIO           MODE: 2nd degree decls took 0 
658092     INFO  Test worker     d.u.i.k.n.KeyIO           Parsing took 0 ms 
658092     DEBUG Test worker     d.u.i.k.n.KeyIO           Load declarations of de.uka.ilkd.key.nparser.KeyAst$File:  <unknown>:1#1 
658092     INFO  Test worker     d.u.i.k.n.KeyIO           MODE: declarations took 0 ms 
658092     DEBUG Test worker     d.u.i.k.n.KeyIO           MODE: 2nd degree decls took 0 
658092     INFO  Test worker     d.u.i.k.n.KeyIO           Parsing took 0 ms 
658092     DEBUG Test worker     d.u.i.k.n.KeyIO           Load declarations of de.uka.ilkd.key.nparser.KeyAst$File:  <unknown>:1#1 
658092     INFO  Test worker     d.u.i.k.n.KeyIO           MODE: declarations took 0 ms 
658092     DEBUG Test worker     d.u.i.k.n.KeyIO           MODE: 2nd degree decls took 0 
658092     INFO  Test worker     d.u.i.k.n.KeyIO           Parsing took 0 ms 
658092     DEBUG Test worker     d.u.i.k.n.KeyIO           Load declarations of de.uka.ilkd.key.nparser.KeyAst$File:  <unknown>:1#1 
658092     INFO  Test worker     d.u.i.k.n.KeyIO           MODE: declarations took 0 ms 
658092     DEBUG Test worker     d.u.i.k.n.KeyIO           MODE: 2nd degree decls took 0 
658092     INFO  Test worker     d.u.i.k.n.KeyIO           Parsing took 0 ms 
658092     DEBUG Test worker     d.u.i.k.n.KeyIO           Load declarations of de.uka.ilkd.key.nparser.KeyAst$File:  <unknown>:1#1 
658092     INFO  Test worker     d.u.i.k.n.KeyIO           MODE: declarations took 0 ms 
658092     DEBUG Test worker     d.u.i.k.n.KeyIO           MODE: 2nd degree decls took 0 
658092     INFO  Test worker     d.u.i.k.n.KeyIO           Parsing took 0 ms 
658092     DEBUG Test worker     d.u.i.k.n.KeyIO           Load declarations of de.uka.ilkd.key.nparser.KeyAst$File:  <unknown>:1#1 
658092     INFO  Test worker     d.u.i.k.n.KeyIO           MODE: declarations took 0 ms 
658092     DEBUG Test worker     d.u.i.k.n.KeyIO           MODE: 2nd degree decls took 0 
663593     INFO  Test worker     d.u.i.k.n.KeyIO           Parsing took 0 ms 
663593     DEBUG Test worker     d.u.i.k.n.KeyIO           Load declarations of de.uka.ilkd.key.nparser.KeyAst$File:  <unknown>:1#1 
663593     INFO  Test worker     d.u.i.k.n.KeyIO           MODE: declarations took 0 ms 
663593     DEBUG Test worker     d.u.i.k.n.KeyIO           MODE: 2nd degree decls took 0 
663608     INFO  Test worker     d.u.i.k.n.KeyIO           Parsing took 0 ms 
663608     DEBUG Test worker     d.u.i.k.n.KeyIO           Load declarations of de.uka.ilkd.key.nparser.KeyAst$File:  <unknown>:1#1 
663608     INFO  Test worker     d.u.i.k.n.KeyIO           MODE: declarations took 0 ms 
663608     DEBUG Test worker     d.u.i.k.n.KeyIO           MODE: 2nd degree decls took 0 
663608     INFO  Test worker     d.u.i.k.n.KeyIO           Parsing took 0 ms 
663608     DEBUG Test worker     d.u.i.k.n.KeyIO           Load declarations of de.uka.ilkd.key.nparser.KeyAst$File:  <unknown>:1#1 
663608     INFO  Test worker     d.u.i.k.n.KeyIO           MODE: declarations took 0 ms 
663608     DEBUG Test worker     d.u.i.k.n.KeyIO           MODE: 2nd degree decls took 0 
663608     INFO  Test worker     d.u.i.k.n.KeyIO           Parsing took 0 ms 
663608     DEBUG Test worker     d.u.i.k.n.KeyIO           Load declarations of de.uka.ilkd.key.nparser.KeyAst$File:  <unknown>:1#1 
663608     INFO  Test worker     d.u.i.k.n.KeyIO           MODE: declarations took 0 ms 
663608     DEBUG Test worker     d.u.i.k.n.KeyIO           MODE: 2nd degree decls took 0 
663608     INFO  Test worker     d.u.i.k.n.KeyIO           Parsing took 0 ms 
663608     DEBUG Test worker     d.u.i.k.n.KeyIO           Load declarations of de.uka.ilkd.key.nparser.KeyAst$File:  <unknown>:1#1 
663608     INFO  Test worker     d.u.i.k.n.KeyIO           MODE: declarations took 0 ms 
663608     DEBUG Test worker     d.u.i.k.n.KeyIO           MODE: 2nd degree decls took 0 
668881     INFO  Test worker     d.u.i.k.n.KeyIO           Parsing took 0 ms 
668881     DEBUG Test worker     d.u.i.k.n.KeyIO           Load declarations of de.uka.ilkd.key.nparser.KeyAst$File:  <unknown>:1#1 
668881     INFO  Test worker     d.u.i.k.n.KeyIO           MODE: declarations took 0 ms 
668881     DEBUG Test worker     d.u.i.k.n.KeyIO           MODE: 2nd degree decls took 0 
668881     INFO  Test worker     d.u.i.k.n.KeyIO           Parsing took 0 ms 
668881     DEBUG Test worker     d.u.i.k.n.KeyIO           Load declarations of de.uka.ilkd.key.nparser.KeyAst$File:  <unknown>:1#1 
668881     INFO  Test worker     d.u.i.k.n.KeyIO           MODE: declarations took 0 ms 
668881     DEBUG Test worker     d.u.i.k.n.KeyIO           MODE: 2nd degree decls took 0 
668881     INFO  Test worker     d.u.i.k.n.KeyIO           Parsing took 0 ms 
668881     DEBUG Test worker     d.u.i.k.n.KeyIO           Load declarations of de.uka.ilkd.key.nparser.KeyAst$File:  <unknown>:1#1 
668881     INFO  Test worker     d.u.i.k.n.KeyIO           MODE: declarations took 0 ms 
668881     DEBUG Test worker     d.u.i.k.n.KeyIO           MODE: 2nd degree decls took 0 
668881     INFO  Test worker     d.u.i.k.n.KeyIO           Parsing took 0 ms 
668881     DEBUG Test worker     d.u.i.k.n.KeyIO           Load declarations of de.uka.ilkd.key.nparser.KeyAst$File:  <unknown>:1#1 
668881     INFO  Test worker     d.u.i.k.n.KeyIO           MODE: declarations took 0 ms 
668881     DEBUG Test worker     d.u.i.k.n.KeyIO           MODE: 2nd degree decls took 0 
668881     INFO  Test worker     d.u.i.k.n.KeyIO           Parsing took 0 ms 
668881     DEBUG Test worker     d.u.i.k.n.KeyIO           Load declarations of de.uka.ilkd.key.nparser.KeyAst$File:  <unknown>:1#1 
668881     INFO  Test worker     d.u.i.k.n.KeyIO           MODE: declarations took 0 ms 
668881     DEBUG Test worker     d.u.i.k.n.KeyIO           MODE: 2nd degree decls took 0 
674171     INFO  Test worker     d.u.i.k.n.KeyIO           Parsing took 0 ms 
674171     DEBUG Test worker     d.u.i.k.n.KeyIO           Load declarations of de.uka.ilkd.key.nparser.KeyAst$File:  <unknown>:1#1 
674171     INFO  Test worker     d.u.i.k.n.KeyIO           MODE: declarations took 0 ms 
674171     DEBUG Test worker     d.u.i.k.n.KeyIO           MODE: 2nd degree decls took 0 
674171     INFO  Test worker     d.u.i.k.n.KeyIO           Parsing took 0 ms 
674171     DEBUG Test worker     d.u.i.k.n.KeyIO           Load declarations of de.uka.ilkd.key.nparser.KeyAst$File:  <unknown>:1#1 
674171     INFO  Test worker     d.u.i.k.n.KeyIO           MODE: declarations took 0 ms 
674171     DEBUG Test worker     d.u.i.k.n.KeyIO           MODE: 2nd degree decls took 0 
674171     INFO  Test worker     d.u.i.k.n.KeyIO           Parsing took 0 ms 
674171     DEBUG Test worker     d.u.i.k.n.KeyIO           Load declarations of de.uka.ilkd.key.nparser.KeyAst$File:  <unknown>:1#1 
674171     INFO  Test worker     d.u.i.k.n.KeyIO           MODE: declarations took 0 ms 
674171     DEBUG Test worker     d.u.i.k.n.KeyIO           MODE: 2nd degree decls took 0 
674171     INFO  Test worker     d.u.i.k.n.KeyIO           Parsing took 0 ms 
674171     DEBUG Test worker     d.u.i.k.n.KeyIO           Load declarations of de.uka.ilkd.key.nparser.KeyAst$File:  <unknown>:1#1 
674171     INFO  Test worker     d.u.i.k.n.KeyIO           MODE: declarations took 0 ms 
674171     DEBUG Test worker     d.u.i.k.n.KeyIO           MODE: 2nd degree decls took 0 
674171     INFO  Test worker     d.u.i.k.n.KeyIO           Parsing took 0 ms 
674171     DEBUG Test worker     d.u.i.k.n.KeyIO           Load declarations of de.uka.ilkd.key.nparser.KeyAst$File:  <unknown>:1#1 
674171     INFO  Test worker     d.u.i.k.n.KeyIO           MODE: declarations took 0 ms 
674171     DEBUG Test worker     d.u.i.k.n.KeyIO           MODE: 2nd degree decls took 0 
679664     INFO  Test worker     d.u.i.k.n.KeyIO           Parsing took 0 ms 
679664     DEBUG Test worker     d.u.i.k.n.KeyIO           Load declarations of de.uka.ilkd.key.nparser.KeyAst$File:  <unknown>:1#1 
679664     INFO  Test worker     d.u.i.k.n.KeyIO           MODE: declarations took 0 ms 
679664     DEBUG Test worker     d.u.i.k.n.KeyIO           MODE: 2nd degree decls took 0 
679664     INFO  Test worker     d.u.i.k.n.KeyIO           Parsing took 0 ms 
679664     DEBUG Test worker     d.u.i.k.n.KeyIO           Load declarations of de.uka.ilkd.key.nparser.KeyAst$File:  <unknown>:1#1 
679664     INFO  Test worker     d.u.i.k.n.KeyIO           MODE: declarations took 0 ms 
679664     DEBUG Test worker     d.u.i.k.n.KeyIO           MODE: 2nd degree decls took 0 
679664     INFO  Test worker     d.u.i.k.n.KeyIO           Parsing took 0 ms 
679664     DEBUG Test worker     d.u.i.k.n.KeyIO           Load declarations of de.uka.ilkd.key.nparser.KeyAst$File:  <unknown>:1#1 
679664     INFO  Test worker     d.u.i.k.n.KeyIO           MODE: declarations took 0 ms 
679664     DEBUG Test worker     d.u.i.k.n.KeyIO           MODE: 2nd degree decls took 0 
679664     INFO  Test worker     d.u.i.k.n.KeyIO           Parsing took 0 ms 
679664     DEBUG Test worker     d.u.i.k.n.KeyIO           Load declarations of de.uka.ilkd.key.nparser.KeyAst$File:  <unknown>:1#1 
679664     INFO  Test worker     d.u.i.k.n.KeyIO           MODE: declarations took 0 ms 
679664     DEBUG Test worker     d.u.i.k.n.KeyIO           MODE: 2nd degree decls took 0 
679664     INFO  Test worker     d.u.i.k.n.KeyIO           Parsing took 0 ms 
679664     DEBUG Test worker     d.u.i.k.n.KeyIO           Load declarations of de.uka.ilkd.key.nparser.KeyAst$File:  <unknown>:1#1 
679664     INFO  Test worker     d.u.i.k.n.KeyIO           MODE: declarations took 0 ms 
679664     DEBUG Test worker     d.u.i.k.n.KeyIO           MODE: 2nd degree decls took 0 
685096     INFO  Test worker     d.u.i.k.n.KeyIO           Parsing took 0 ms 
685096     DEBUG Test worker     d.u.i.k.n.KeyIO           Load declarations of de.uka.ilkd.key.nparser.KeyAst$File:  <unknown>:1#1 
685096     INFO  Test worker     d.u.i.k.n.KeyIO           MODE: declarations took 0 ms 
685096     DEBUG Test worker     d.u.i.k.n.KeyIO           MODE: 2nd degree decls took 0 
685096     INFO  Test worker     d.u.i.k.n.KeyIO           Parsing took 0 ms 
685096     DEBUG Test worker     d.u.i.k.n.KeyIO           Load declarations of de.uka.ilkd.key.nparser.KeyAst$File:  <unknown>:1#1 
685096     INFO  Test worker     d.u.i.k.n.KeyIO           MODE: declarations took 0 ms 
685096     DEBUG Test worker     d.u.i.k.n.KeyIO           MODE: 2nd degree decls took 0 
685096     INFO  Test worker     d.u.i.k.n.KeyIO           Parsing took 0 ms 
685096     DEBUG Test worker     d.u.i.k.n.KeyIO           Load declarations of de.uka.ilkd.key.nparser.KeyAst$File:  <unknown>:1#1 
685096     INFO  Test worker     d.u.i.k.n.KeyIO           MODE: declarations took 0 ms 
685096     DEBUG Test worker     d.u.i.k.n.KeyIO           MODE: 2nd degree decls took 0 
685096     INFO  Test worker     d.u.i.k.n.KeyIO           Parsing took 0 ms 
685096     DEBUG Test worker     d.u.i.k.n.KeyIO           Load declarations of de.uka.ilkd.key.nparser.KeyAst$File:  <unknown>:1#1 
685096     INFO  Test worker     d.u.i.k.n.KeyIO           MODE: declarations took 0 ms 
685096     DEBUG Test worker     d.u.i.k.n.KeyIO           MODE: 2nd degree decls took 0 
685096     INFO  Test worker     d.u.i.k.n.KeyIO           Parsing took 0 ms 
685096     DEBUG Test worker     d.u.i.k.n.KeyIO           Load declarations of de.uka.ilkd.key.nparser.KeyAst$File:  <unknown>:1#1 
685096     INFO  Test worker     d.u.i.k.n.KeyIO           MODE: declarations took 0 ms 
685096     DEBUG Test worker     d.u.i.k.n.KeyIO           MODE: 2nd degree decls took 0 
690792     INFO  Test worker     d.u.i.k.n.KeyIO           Parsing took 0 ms 
690792     DEBUG Test worker     d.u.i.k.n.KeyIO           Load declarations of de.uka.ilkd.key.nparser.KeyAst$File:  <unknown>:1#1 
690792     INFO  Test worker     d.u.i.k.n.KeyIO           MODE: declarations took 0 ms 
690792     DEBUG Test worker     d.u.i.k.n.KeyIO           MODE: 2nd degree decls took 0 
690792     INFO  Test worker     d.u.i.k.n.KeyIO           Parsing took 0 ms 
690792     DEBUG Test worker     d.u.i.k.n.KeyIO           Load declarations of de.uka.ilkd.key.nparser.KeyAst$File:  <unknown>:1#1 
690792     INFO  Test worker     d.u.i.k.n.KeyIO           MODE: declarations took 0 ms 
690792     DEBUG Test worker     d.u.i.k.n.KeyIO           MODE: 2nd degree decls took 0 
690792     INFO  Test worker     d.u.i.k.n.KeyIO           Parsing took 0 ms 
690792     DEBUG Test worker     d.u.i.k.n.KeyIO           Load declarations of de.uka.ilkd.key.nparser.KeyAst$File:  <unknown>:1#1 
690792     INFO  Test worker     d.u.i.k.n.KeyIO           MODE: declarations took 0 ms 
690792     DEBUG Test worker     d.u.i.k.n.KeyIO           MODE: 2nd degree decls took 0 
690792     INFO  Test worker     d.u.i.k.n.KeyIO           Parsing took 0 ms 
690792     DEBUG Test worker     d.u.i.k.n.KeyIO           Load declarations of de.uka.ilkd.key.nparser.KeyAst$File:  <unknown>:1#1 
690792     INFO  Test worker     d.u.i.k.n.KeyIO           MODE: declarations took 0 ms 
690792     DEBUG Test worker     d.u.i.k.n.KeyIO           MODE: 2nd degree decls took 0 
690792     INFO  Test worker     d.u.i.k.n.KeyIO           Parsing took 0 ms 
690792     DEBUG Test worker     d.u.i.k.n.KeyIO           Load declarations of de.uka.ilkd.key.nparser.KeyAst$File:  <unknown>:1#1 
690808     INFO  Test worker     d.u.i.k.n.KeyIO           MODE: declarations took 16 ms 
690808     DEBUG Test worker     d.u.i.k.n.KeyIO           MODE: 2nd degree decls took 0 
696271     INFO  Test worker     d.u.i.k.n.KeyIO           Parsing took 0 ms 
696271     DEBUG Test worker     d.u.i.k.n.KeyIO           Load declarations of de.uka.ilkd.key.nparser.KeyAst$File:  <unknown>:1#1 
696271     INFO  Test worker     d.u.i.k.n.KeyIO           MODE: declarations took 0 ms 
696271     DEBUG Test worker     d.u.i.k.n.KeyIO           MODE: 2nd degree decls took 0 
696271     INFO  Test worker     d.u.i.k.n.KeyIO           Parsing took 0 ms 
696271     DEBUG Test worker     d.u.i.k.n.KeyIO           Load declarations of de.uka.ilkd.key.nparser.KeyAst$File:  <unknown>:1#1 
696271     INFO  Test worker     d.u.i.k.n.KeyIO           MODE: declarations took 0 ms 
696271     DEBUG Test worker     d.u.i.k.n.KeyIO           MODE: 2nd degree decls took 0 
696271     INFO  Test worker     d.u.i.k.n.KeyIO           Parsing took 0 ms 
696271     DEBUG Test worker     d.u.i.k.n.KeyIO           Load declarations of de.uka.ilkd.key.nparser.KeyAst$File:  <unknown>:1#1 
696271     INFO  Test worker     d.u.i.k.n.KeyIO           MODE: declarations took 0 ms 
696271     DEBUG Test worker     d.u.i.k.n.KeyIO           MODE: 2nd degree decls took 0 
696271     INFO  Test worker     d.u.i.k.n.KeyIO           Parsing took 0 ms 
696271     DEBUG Test worker     d.u.i.k.n.KeyIO           Load declarations of de.uka.ilkd.key.nparser.KeyAst$File:  <unknown>:1#1 
696271     INFO  Test worker     d.u.i.k.n.KeyIO           MODE: declarations took 0 ms 
696271     DEBUG Test worker     d.u.i.k.n.KeyIO           MODE: 2nd degree decls took 0 
696271     INFO  Test worker     d.u.i.k.n.KeyIO           Parsing took 0 ms 
696271     DEBUG Test worker     d.u.i.k.n.KeyIO           Load declarations of de.uka.ilkd.key.nparser.KeyAst$File:  <unknown>:1#1 
696271     INFO  Test worker     d.u.i.k.n.KeyIO           MODE: declarations took 0 ms 
696271     DEBUG Test worker     d.u.i.k.n.KeyIO           MODE: 2nd degree decls took 0 
701648     INFO  Test worker     d.u.i.k.n.KeyIO           Parsing took 0 ms 
701648     DEBUG Test worker     d.u.i.k.n.KeyIO           Load declarations of de.uka.ilkd.key.nparser.KeyAst$File:  <unknown>:1#1 
701648     INFO  Test worker     d.u.i.k.n.KeyIO           MODE: declarations took 0 ms 
701648     DEBUG Test worker     d.u.i.k.n.KeyIO           MODE: 2nd degree decls took 0 
701648     INFO  Test worker     d.u.i.k.n.KeyIO           Parsing took 0 ms 
701648     DEBUG Test worker     d.u.i.k.n.KeyIO           Load declarations of de.uka.ilkd.key.nparser.KeyAst$File:  <unknown>:1#1 
701648     INFO  Test worker     d.u.i.k.n.KeyIO           MODE: declarations took 0 ms 
701648     DEBUG Test worker     d.u.i.k.n.KeyIO           MODE: 2nd degree decls took 0 
701648     INFO  Test worker     d.u.i.k.n.KeyIO           Parsing took 0 ms 
701648     DEBUG Test worker     d.u.i.k.n.KeyIO           Load declarations of de.uka.ilkd.key.nparser.KeyAst$File:  <unknown>:1#1 
701648     INFO  Test worker     d.u.i.k.n.KeyIO           MODE: declarations took 0 ms 
701648     DEBUG Test worker     d.u.i.k.n.KeyIO           MODE: 2nd degree decls took 0 
701648     INFO  Test worker     d.u.i.k.n.KeyIO           Parsing took 0 ms 
701648     DEBUG Test worker     d.u.i.k.n.KeyIO           Load declarations of de.uka.ilkd.key.nparser.KeyAst$File:  <unknown>:1#1 
701648     INFO  Test worker     d.u.i.k.n.KeyIO           MODE: declarations took 0 ms 
701648     DEBUG Test worker     d.u.i.k.n.KeyIO           MODE: 2nd degree decls took 0 
701648     INFO  Test worker     d.u.i.k.n.KeyIO           Parsing took 0 ms 
701648     DEBUG Test worker     d.u.i.k.n.KeyIO           Load declarations of de.uka.ilkd.key.nparser.KeyAst$File:  <unknown>:1#1 
701663     INFO  Test worker     d.u.i.k.n.KeyIO           MODE: declarations took 15 ms 
701663     DEBUG Test worker     d.u.i.k.n.KeyIO           MODE: 2nd degree decls took 0 
706960     INFO  Test worker     d.u.i.k.n.KeyIO           Parsing took 0 ms 
706960     DEBUG Test worker     d.u.i.k.n.KeyIO           Load declarations of de.uka.ilkd.key.nparser.KeyAst$File:  <unknown>:1#1 
706960     INFO  Test worker     d.u.i.k.n.KeyIO           MODE: declarations took 0 ms 
706960     DEBUG Test worker     d.u.i.k.n.KeyIO           MODE: 2nd degree decls took 0 
706960     INFO  Test worker     d.u.i.k.n.KeyIO           Parsing took 0 ms 
706960     DEBUG Test worker     d.u.i.k.n.KeyIO           Load declarations of de.uka.ilkd.key.nparser.KeyAst$File:  <unknown>:1#1 
706960     INFO  Test worker     d.u.i.k.n.KeyIO           MODE: declarations took 0 ms 
706960     DEBUG Test worker     d.u.i.k.n.KeyIO           MODE: 2nd degree decls took 0 
706960     INFO  Test worker     d.u.i.k.n.KeyIO           Parsing took 0 ms 
706960     DEBUG Test worker     d.u.i.k.n.KeyIO           Load declarations of de.uka.ilkd.key.nparser.KeyAst$File:  <unknown>:1#1 
706960     INFO  Test worker     d.u.i.k.n.KeyIO           MODE: declarations took 0 ms 
706960     DEBUG Test worker     d.u.i.k.n.KeyIO           MODE: 2nd degree decls took 0 
706960     INFO  Test worker     d.u.i.k.n.KeyIO           Parsing took 0 ms 
706960     DEBUG Test worker     d.u.i.k.n.KeyIO           Load declarations of de.uka.ilkd.key.nparser.KeyAst$File:  <unknown>:1#1 
706960     INFO  Test worker     d.u.i.k.n.KeyIO           MODE: declarations took 0 ms 
706960     DEBUG Test worker     d.u.i.k.n.KeyIO           MODE: 2nd degree decls took 0 
706960     INFO  Test worker     d.u.i.k.n.KeyIO           Parsing took 0 ms 
706960     DEBUG Test worker     d.u.i.k.n.KeyIO           Load declarations of de.uka.ilkd.key.nparser.KeyAst$File:  <unknown>:1#1 
706960     INFO  Test worker     d.u.i.k.n.KeyIO           MODE: declarations took 0 ms 
706960     DEBUG Test worker     d.u.i.k.n.KeyIO           MODE: 2nd degree decls took 0 
712230     INFO  Test worker     d.u.i.k.n.KeyIO           Parsing took 0 ms 
712230     DEBUG Test worker     d.u.i.k.n.KeyIO           Load declarations of de.uka.ilkd.key.nparser.KeyAst$File:  <unknown>:1#1 
712230     INFO  Test worker     d.u.i.k.n.KeyIO           MODE: declarations took 0 ms 
712230     DEBUG Test worker     d.u.i.k.n.KeyIO           MODE: 2nd degree decls took 0 
712230     INFO  Test worker     d.u.i.k.n.KeyIO           Parsing took 0 ms 
712230     DEBUG Test worker     d.u.i.k.n.KeyIO           Load declarations of de.uka.ilkd.key.nparser.KeyAst$File:  <unknown>:1#1 
712246     INFO  Test worker     d.u.i.k.n.KeyIO           MODE: declarations took 16 ms 
712246     DEBUG Test worker     d.u.i.k.n.KeyIO           MODE: 2nd degree decls took 0 
712246     INFO  Test worker     d.u.i.k.n.KeyIO           Parsing took 0 ms 
712246     DEBUG Test worker     d.u.i.k.n.KeyIO           Load declarations of de.uka.ilkd.key.nparser.KeyAst$File:  <unknown>:1#1 
712246     INFO  Test worker     d.u.i.k.n.KeyIO           MODE: declarations took 0 ms 
712246     DEBUG Test worker     d.u.i.k.n.KeyIO           MODE: 2nd degree decls took 0 
712246     INFO  Test worker     d.u.i.k.n.KeyIO           Parsing took 0 ms 
712246     DEBUG Test worker     d.u.i.k.n.KeyIO           Load declarations of de.uka.ilkd.key.nparser.KeyAst$File:  <unknown>:1#1 
712246     INFO  Test worker     d.u.i.k.n.KeyIO           MODE: declarations took 0 ms 
712246     DEBUG Test worker     d.u.i.k.n.KeyIO           MODE: 2nd degree decls took 0 
712246     INFO  Test worker     d.u.i.k.n.KeyIO           Parsing took 0 ms 
712246     DEBUG Test worker     d.u.i.k.n.KeyIO           Load declarations of de.uka.ilkd.key.nparser.KeyAst$File:  <unknown>:1#1 
712246     INFO  Test worker     d.u.i.k.n.KeyIO           MODE: declarations took 0 ms 
712246     DEBUG Test worker     d.u.i.k.n.KeyIO           MODE: 2nd degree decls took 0 
717615     INFO  Test worker     d.u.i.k.n.KeyIO           Parsing took 0 ms 
717615     DEBUG Test worker     d.u.i.k.n.KeyIO           Load declarations of de.uka.ilkd.key.nparser.KeyAst$File:  <unknown>:1#1 
717615     INFO  Test worker     d.u.i.k.n.KeyIO           MODE: declarations took 0 ms 
717615     DEBUG Test worker     d.u.i.k.n.KeyIO           MODE: 2nd degree decls took 0 
717615     INFO  Test worker     d.u.i.k.n.KeyIO           Parsing took 0 ms 
717615     DEBUG Test worker     d.u.i.k.n.KeyIO           Load declarations of de.uka.ilkd.key.nparser.KeyAst$File:  <unknown>:1#1 
717615     INFO  Test worker     d.u.i.k.n.KeyIO           MODE: declarations took 0 ms 
717615     DEBUG Test worker     d.u.i.k.n.KeyIO           MODE: 2nd degree decls took 0 
717615     INFO  Test worker     d.u.i.k.n.KeyIO           Parsing took 0 ms 
717615     DEBUG Test worker     d.u.i.k.n.KeyIO           Load declarations of de.uka.ilkd.key.nparser.KeyAst$File:  <unknown>:1#1 
717615     INFO  Test worker     d.u.i.k.n.KeyIO           MODE: declarations took 0 ms 
717615     DEBUG Test worker     d.u.i.k.n.KeyIO           MODE: 2nd degree decls took 0 
717615     INFO  Test worker     d.u.i.k.n.KeyIO           Parsing took 0 ms 
717615     DEBUG Test worker     d.u.i.k.n.KeyIO           Load declarations of de.uka.ilkd.key.nparser.KeyAst$File:  <unknown>:1#1 
717615     INFO  Test worker     d.u.i.k.n.KeyIO           MODE: declarations took 0 ms 
717615     DEBUG Test worker     d.u.i.k.n.KeyIO           MODE: 2nd degree decls took 0 
717615     INFO  Test worker     d.u.i.k.n.KeyIO           Parsing took 0 ms 
717615     DEBUG Test worker     d.u.i.k.n.KeyIO           Load declarations of de.uka.ilkd.key.nparser.KeyAst$File:  <unknown>:1#1 
717615     INFO  Test worker     d.u.i.k.n.KeyIO           MODE: declarations took 0 ms 
717615     DEBUG Test worker     d.u.i.k.n.KeyIO           MODE: 2nd degree decls took 0 
722959     INFO  Test worker     d.u.i.k.n.KeyIO           Parsing took 0 ms 
722959     DEBUG Test worker     d.u.i.k.n.KeyIO           Load declarations of de.uka.ilkd.key.nparser.KeyAst$File:  <unknown>:1#1 
722959     INFO  Test worker     d.u.i.k.n.KeyIO           MODE: declarations took 0 ms 
722959     DEBUG Test worker     d.u.i.k.n.KeyIO           MODE: 2nd degree decls took 0 
722959     INFO  Test worker     d.u.i.k.n.KeyIO           Parsing took 0 ms 
722959     DEBUG Test worker     d.u.i.k.n.KeyIO           Load declarations of de.uka.ilkd.key.nparser.KeyAst$File:  <unknown>:1#1 
722959     INFO  Test worker     d.u.i.k.n.KeyIO           MODE: declarations took 0 ms 
722959     DEBUG Test worker     d.u.i.k.n.KeyIO           MODE: 2nd degree decls took 0 
722959     INFO  Test worker     d.u.i.k.n.KeyIO           Parsing took 0 ms 
722959     DEBUG Test worker     d.u.i.k.n.KeyIO           Load declarations of de.uka.ilkd.key.nparser.KeyAst$File:  <unknown>:1#1 
722959     INFO  Test worker     d.u.i.k.n.KeyIO           MODE: declarations took 0 ms 
722959     DEBUG Test worker     d.u.i.k.n.KeyIO           MODE: 2nd degree decls took 0 
722959     INFO  Test worker     d.u.i.k.n.KeyIO           Parsing took 0 ms 
722959     DEBUG Test worker     d.u.i.k.n.KeyIO           Load declarations of de.uka.ilkd.key.nparser.KeyAst$File:  <unknown>:1#1 
722959     INFO  Test worker     d.u.i.k.n.KeyIO           MODE: declarations took 0 ms 
722959     DEBUG Test worker     d.u.i.k.n.KeyIO           MODE: 2nd degree decls took 0 
722959     INFO  Test worker     d.u.i.k.n.KeyIO           Parsing took 0 ms 
722959     DEBUG Test worker     d.u.i.k.n.KeyIO           Load declarations of de.uka.ilkd.key.nparser.KeyAst$File:  <unknown>:1#1 
722959     INFO  Test worker     d.u.i.k.n.KeyIO           MODE: declarations took 0 ms 
722959     DEBUG Test worker     d.u.i.k.n.KeyIO           MODE: 2nd degree decls took 0 
728453     INFO  Test worker     d.u.i.k.n.KeyIO           Parsing took 0 ms 
728453     DEBUG Test worker     d.u.i.k.n.KeyIO           Load declarations of de.uka.ilkd.key.nparser.KeyAst$File:  <unknown>:1#1 
728453     INFO  Test worker     d.u.i.k.n.KeyIO           MODE: declarations took 0 ms 
728453     DEBUG Test worker     d.u.i.k.n.KeyIO           MODE: 2nd degree decls took 0 
728453     INFO  Test worker     d.u.i.k.n.KeyIO           Parsing took 0 ms 
728453     DEBUG Test worker     d.u.i.k.n.KeyIO           Load declarations of de.uka.ilkd.key.nparser.KeyAst$File:  <unknown>:1#1 
728453     INFO  Test worker     d.u.i.k.n.KeyIO           MODE: declarations took 0 ms 
728453     DEBUG Test worker     d.u.i.k.n.KeyIO           MODE: 2nd degree decls took 0 
728453     INFO  Test worker     d.u.i.k.n.KeyIO           Parsing took 0 ms 
728453     DEBUG Test worker     d.u.i.k.n.KeyIO           Load declarations of de.uka.ilkd.key.nparser.KeyAst$File:  <unknown>:1#1 
728453     INFO  Test worker     d.u.i.k.n.KeyIO           MODE: declarations took 0 ms 
728453     DEBUG Test worker     d.u.i.k.n.KeyIO           MODE: 2nd degree decls took 0 
728453     INFO  Test worker     d.u.i.k.n.KeyIO           Parsing took 0 ms 
728453     DEBUG Test worker     d.u.i.k.n.KeyIO           Load declarations of de.uka.ilkd.key.nparser.KeyAst$File:  <unknown>:1#1 
728453     INFO  Test worker     d.u.i.k.n.KeyIO           MODE: declarations took 0 ms 
728453     DEBUG Test worker     d.u.i.k.n.KeyIO           MODE: 2nd degree decls took 0 
728453     INFO  Test worker     d.u.i.k.n.KeyIO           Parsing took 0 ms 
728453     DEBUG Test worker     d.u.i.k.n.KeyIO           Load declarations of de.uka.ilkd.key.nparser.KeyAst$File:  <unknown>:1#1 
728453     INFO  Test worker     d.u.i.k.n.KeyIO           MODE: declarations took 0 ms 
728453     DEBUG Test worker     d.u.i.k.n.KeyIO           MODE: 2nd degree decls took 0 
733806     INFO  Test worker     d.u.i.k.n.KeyIO           Parsing took 0 ms 
733806     DEBUG Test worker     d.u.i.k.n.KeyIO           Load declarations of de.uka.ilkd.key.nparser.KeyAst$File:  <unknown>:1#1 
733806     INFO  Test worker     d.u.i.k.n.KeyIO           MODE: declarations took 0 ms 
733806     DEBUG Test worker     d.u.i.k.n.KeyIO           MODE: 2nd degree decls took 0 
733806     INFO  Test worker     d.u.i.k.n.KeyIO           Parsing took 0 ms 
733806     DEBUG Test worker     d.u.i.k.n.KeyIO           Load declarations of de.uka.ilkd.key.nparser.KeyAst$File:  <unknown>:1#1 
733806     INFO  Test worker     d.u.i.k.n.KeyIO           MODE: declarations took 0 ms 
733806     DEBUG Test worker     d.u.i.k.n.KeyIO           MODE: 2nd degree decls took 0 
733806     INFO  Test worker     d.u.i.k.n.KeyIO           Parsing took 0 ms 
733806     DEBUG Test worker     d.u.i.k.n.KeyIO           Load declarations of de.uka.ilkd.key.nparser.KeyAst$File:  <unknown>:1#1 
733806     INFO  Test worker     d.u.i.k.n.KeyIO           MODE: declarations took 0 ms 
733806     DEBUG Test worker     d.u.i.k.n.KeyIO           MODE: 2nd degree decls took 0 
733806     INFO  Test worker     d.u.i.k.n.KeyIO           Parsing took 0 ms 
733806     DEBUG Test worker     d.u.i.k.n.KeyIO           Load declarations of de.uka.ilkd.key.nparser.KeyAst$File:  <unknown>:1#1 
733806     INFO  Test worker     d.u.i.k.n.KeyIO           MODE: declarations took 0 ms 
733806     DEBUG Test worker     d.u.i.k.n.KeyIO           MODE: 2nd degree decls took 0 
733806     INFO  Test worker     d.u.i.k.n.KeyIO           Parsing took 0 ms 
733806     DEBUG Test worker     d.u.i.k.n.KeyIO           Load declarations of de.uka.ilkd.key.nparser.KeyAst$File:  <unknown>:1#1 
733806     INFO  Test worker     d.u.i.k.n.KeyIO           MODE: declarations took 0 ms 
733806     DEBUG Test worker     d.u.i.k.n.KeyIO           MODE: 2nd degree decls took 0 
739074     INFO  Test worker     d.u.i.k.n.KeyIO           Parsing took 0 ms 
739074     DEBUG Test worker     d.u.i.k.n.KeyIO           Load declarations of de.uka.ilkd.key.nparser.KeyAst$File:  <unknown>:1#1 
739074     INFO  Test worker     d.u.i.k.n.KeyIO           MODE: declarations took 0 ms 
739074     DEBUG Test worker     d.u.i.k.n.KeyIO           MODE: 2nd degree decls took 0 
739074     INFO  Test worker     d.u.i.k.n.KeyIO           Parsing took 0 ms 
739074     DEBUG Test worker     d.u.i.k.n.KeyIO           Load declarations of de.uka.ilkd.key.nparser.KeyAst$File:  <unknown>:1#1 
739074     INFO  Test worker     d.u.i.k.n.KeyIO           MODE: declarations took 0 ms 
739074     DEBUG Test worker     d.u.i.k.n.KeyIO           MODE: 2nd degree decls took 0 
739074     INFO  Test worker     d.u.i.k.n.KeyIO           Parsing took 0 ms 
739074     DEBUG Test worker     d.u.i.k.n.KeyIO           Load declarations of de.uka.ilkd.key.nparser.KeyAst$File:  <unknown>:1#1 
739074     INFO  Test worker     d.u.i.k.n.KeyIO           MODE: declarations took 0 ms 
739074     DEBUG Test worker     d.u.i.k.n.KeyIO           MODE: 2nd degree decls took 0 
739074     INFO  Test worker     d.u.i.k.n.KeyIO           Parsing took 0 ms 
739074     DEBUG Test worker     d.u.i.k.n.KeyIO           Load declarations of de.uka.ilkd.key.nparser.KeyAst$File:  <unknown>:1#1 
739074     INFO  Test worker     d.u.i.k.n.KeyIO           MODE: declarations took 0 ms 
739074     DEBUG Test worker     d.u.i.k.n.KeyIO           MODE: 2nd degree decls took 0 
739074     INFO  Test worker     d.u.i.k.n.KeyIO           Parsing took 0 ms 
739074     DEBUG Test worker     d.u.i.k.n.KeyIO           Load declarations of de.uka.ilkd.key.nparser.KeyAst$File:  <unknown>:1#1 
739074     INFO  Test worker     d.u.i.k.n.KeyIO           MODE: declarations took 0 ms 
739074     DEBUG Test worker     d.u.i.k.n.KeyIO           MODE: 2nd degree decls took 0 
744497     INFO  Test worker     d.u.i.k.n.KeyIO           Parsing took 0 ms 
744497     DEBUG Test worker     d.u.i.k.n.KeyIO           Load declarations of de.uka.ilkd.key.nparser.KeyAst$File:  <unknown>:1#1 
744497     INFO  Test worker     d.u.i.k.n.KeyIO           MODE: declarations took 0 ms 
744497     DEBUG Test worker     d.u.i.k.n.KeyIO           MODE: 2nd degree decls took 0 
744497     INFO  Test worker     d.u.i.k.n.KeyIO           Parsing took 0 ms 
744497     DEBUG Test worker     d.u.i.k.n.KeyIO           Load declarations of de.uka.ilkd.key.nparser.KeyAst$File:  <unknown>:1#1 
744497     INFO  Test worker     d.u.i.k.n.KeyIO           MODE: declarations took 0 ms 
744497     DEBUG Test worker     d.u.i.k.n.KeyIO           MODE: 2nd degree decls took 0 
744497     INFO  Test worker     d.u.i.k.n.KeyIO           Parsing took 0 ms 
744497     DEBUG Test worker     d.u.i.k.n.KeyIO           Load declarations of de.uka.ilkd.key.nparser.KeyAst$File:  <unknown>:1#1 
744497     INFO  Test worker     d.u.i.k.n.KeyIO           MODE: declarations took 0 ms 
744497     DEBUG Test worker     d.u.i.k.n.KeyIO           MODE: 2nd degree decls took 0 
744497     INFO  Test worker     d.u.i.k.n.KeyIO           Parsing took 0 ms 
744497     DEBUG Test worker     d.u.i.k.n.KeyIO           Load declarations of de.uka.ilkd.key.nparser.KeyAst$File:  <unknown>:1#1 
744497     INFO  Test worker     d.u.i.k.n.KeyIO           MODE: declarations took 0 ms 
744497     DEBUG Test worker     d.u.i.k.n.KeyIO           MODE: 2nd degree decls took 0 
744497     INFO  Test worker     d.u.i.k.n.KeyIO           Parsing took 0 ms 
744497     DEBUG Test worker     d.u.i.k.n.KeyIO           Load declarations of de.uka.ilkd.key.nparser.KeyAst$File:  <unknown>:1#1 
744497     INFO  Test worker     d.u.i.k.n.KeyIO           MODE: declarations took 0 ms 
744497     DEBUG Test worker     d.u.i.k.n.KeyIO           MODE: 2nd degree decls took 0 
749690     INFO  Test worker     d.u.i.k.n.KeyIO           Parsing took 0 ms 
749690     DEBUG Test worker     d.u.i.k.n.KeyIO           Load declarations of de.uka.ilkd.key.nparser.KeyAst$File:  <unknown>:1#1 
749690     INFO  Test worker     d.u.i.k.n.KeyIO           MODE: declarations took 0 ms 
749690     DEBUG Test worker     d.u.i.k.n.KeyIO           MODE: 2nd degree decls took 0 
749690     INFO  Test worker     d.u.i.k.n.KeyIO           Parsing took 0 ms 
749690     DEBUG Test worker     d.u.i.k.n.KeyIO           Load declarations of de.uka.ilkd.key.nparser.KeyAst$File:  <unknown>:1#1 
749690     INFO  Test worker     d.u.i.k.n.KeyIO           MODE: declarations took 0 ms 
749690     DEBUG Test worker     d.u.i.k.n.KeyIO           MODE: 2nd degree decls took 0 
749690     INFO  Test worker     d.u.i.k.n.KeyIO           Parsing took 0 ms 
749690     DEBUG Test worker     d.u.i.k.n.KeyIO           Load declarations of de.uka.ilkd.key.nparser.KeyAst$File:  <unknown>:1#1 
749690     INFO  Test worker     d.u.i.k.n.KeyIO           MODE: declarations took 0 ms 
749690     DEBUG Test worker     d.u.i.k.n.KeyIO           MODE: 2nd degree decls took 0 
749690     INFO  Test worker     d.u.i.k.n.KeyIO           Parsing took 0 ms 
749690     DEBUG Test worker     d.u.i.k.n.KeyIO           Load declarations of de.uka.ilkd.key.nparser.KeyAst$File:  <unknown>:1#1 
749690     INFO  Test worker     d.u.i.k.n.KeyIO           MODE: declarations took 0 ms 
749690     DEBUG Test worker     d.u.i.k.n.KeyIO           MODE: 2nd degree decls took 0 
749690     INFO  Test worker     d.u.i.k.n.KeyIO           Parsing took 0 ms 
749690     DEBUG Test worker     d.u.i.k.n.KeyIO           Load declarations of de.uka.ilkd.key.nparser.KeyAst$File:  <unknown>:1#1 
749690     INFO  Test worker     d.u.i.k.n.KeyIO           MODE: declarations took 0 ms 
749690     DEBUG Test worker     d.u.i.k.n.KeyIO           MODE: 2nd degree decls took 0 
755075     INFO  Test worker     d.u.i.k.n.KeyIO           Parsing took 0 ms 
755075     DEBUG Test worker     d.u.i.k.n.KeyIO           Load declarations of de.uka.ilkd.key.nparser.KeyAst$File:  <unknown>:1#1 
755075     INFO  Test worker     d.u.i.k.n.KeyIO           MODE: declarations took 0 ms 
755075     DEBUG Test worker     d.u.i.k.n.KeyIO           MODE: 2nd degree decls took 0 
755075     INFO  Test worker     d.u.i.k.n.KeyIO           Parsing took 0 ms 
755075     DEBUG Test worker     d.u.i.k.n.KeyIO           Load declarations of de.uka.ilkd.key.nparser.KeyAst$File:  <unknown>:1#1 
755075     INFO  Test worker     d.u.i.k.n.KeyIO           MODE: declarations took 0 ms 
755075     DEBUG Test worker     d.u.i.k.n.KeyIO           MODE: 2nd degree decls took 0 
755075     INFO  Test worker     d.u.i.k.n.KeyIO           Parsing took 0 ms 
755075     DEBUG Test worker     d.u.i.k.n.KeyIO           Load declarations of de.uka.ilkd.key.nparser.KeyAst$File:  <unknown>:1#1 
755075     INFO  Test worker     d.u.i.k.n.KeyIO           MODE: declarations took 0 ms 
755075     DEBUG Test worker     d.u.i.k.n.KeyIO           MODE: 2nd degree decls took 0 
755075     INFO  Test worker     d.u.i.k.n.KeyIO           Parsing took 0 ms 
755075     DEBUG Test worker     d.u.i.k.n.KeyIO           Load declarations of de.uka.ilkd.key.nparser.KeyAst$File:  <unknown>:1#1 
755075     INFO  Test worker     d.u.i.k.n.KeyIO           MODE: declarations took 0 ms 
755075     DEBUG Test worker     d.u.i.k.n.KeyIO           MODE: 2nd degree decls took 0 
755075     INFO  Test worker     d.u.i.k.n.KeyIO           Parsing took 0 ms 
755075     DEBUG Test worker     d.u.i.k.n.KeyIO           Load declarations of de.uka.ilkd.key.nparser.KeyAst$File:  <unknown>:1#1 
755075     INFO  Test worker     d.u.i.k.n.KeyIO           MODE: declarations took 0 ms 
755075     DEBUG Test worker     d.u.i.k.n.KeyIO           MODE: 2nd degree decls took 0 
]]></system-out>
  <system-err><![CDATA[]]></system-err>
</testsuite>
