<?xml version="1.0" encoding="UTF-8"?>
<testsuite name="de.uka.ilkd.key.taclettranslation.TestTacletTranslator" tests="5" skipped="0" failures="0" errors="0" timestamp="2023-06-09T14:09:39" hostname="fv-az1113-551" time="0.032">
  <properties/>
  <testcase name="testPropositional1()" classname="de.uka.ilkd.key.taclettranslation.TestTacletTranslator" time="0.015"/>
  <testcase name="testPropositional2()" classname="de.uka.ilkd.key.taclettranslation.TestTacletTranslator" time="0.004"/>
  <testcase name="testNegativePolarity()" classname="de.uka.ilkd.key.taclettranslation.TestTacletTranslator" time="0.004"/>
  <testcase name="testNoPolarity()" classname="de.uka.ilkd.key.taclettranslation.TestTacletTranslator" time="0.003"/>
  <testcase name="testPositivePolarity()" classname="de.uka.ilkd.key.taclettranslation.TestTacletTranslator" time="0.004"/>
  <system-out><![CDATA[1436185    INFO  Test worker     d.u.i.k.n.KeyIO           Parsing took 0 ms 
1436185    DEBUG Test worker     d.u.i.k.n.KeyIO           Load declarations of de.uka.ilkd.key.nparser.KeyAst$File:  <unknown>:1#1 
1436185    INFO  Test worker     d.u.i.k.n.KeyIO           MODE: declarations took 0 ms 
1436185    DEBUG Test worker     d.u.i.k.n.KeyIO           MODE: 2nd degree decls took 0 
1436185    DEBUG Test worker     d.u.i.k.n.KeyIO           MODE: taclets took 0ms 
1436201    INFO  Test worker     d.u.i.k.n.KeyIO           Parsing took 0 ms 
1436201    DEBUG Test worker     d.u.i.k.n.KeyIO           Load declarations of de.uka.ilkd.key.nparser.KeyAst$File:  <unknown>:1#1 
1436201    INFO  Test worker     d.u.i.k.n.KeyIO           MODE: declarations took 0 ms 
1436201    DEBUG Test worker     d.u.i.k.n.KeyIO           MODE: 2nd degree decls took 0 
1436201    DEBUG Test worker     d.u.i.k.n.KeyIO           MODE: taclets took 0ms 
1436201    INFO  Test worker     d.u.i.k.n.KeyIO           Parsing took 0 ms 
1436201    DEBUG Test worker     d.u.i.k.n.KeyIO           Load declarations of de.uka.ilkd.key.nparser.KeyAst$File:  <unknown>:1#1 
1436201    INFO  Test worker     d.u.i.k.n.KeyIO           MODE: declarations took 0 ms 
1436201    DEBUG Test worker     d.u.i.k.n.KeyIO           MODE: 2nd degree decls took 0 
1436217    DEBUG Test worker     d.u.i.k.n.KeyIO           MODE: taclets took 16ms 
1436217    INFO  Test worker     d.u.i.k.n.KeyIO           Parsing took 0 ms 
1436217    DEBUG Test worker     d.u.i.k.n.KeyIO           Load declarations of de.uka.ilkd.key.nparser.KeyAst$File:  <unknown>:1#1 
1436217    INFO  Test worker     d.u.i.k.n.KeyIO           MODE: declarations took 0 ms 
1436217    DEBUG Test worker     d.u.i.k.n.KeyIO           MODE: 2nd degree decls took 0 
1436217    DEBUG Test worker     d.u.i.k.n.KeyIO           MODE: taclets took 0ms 
1436217    INFO  Test worker     d.u.i.k.n.KeyIO           Parsing took 0 ms 
1436217    DEBUG Test worker     d.u.i.k.n.KeyIO           Load declarations of de.uka.ilkd.key.nparser.KeyAst$File:  <unknown>:1#1 
1436217    INFO  Test worker     d.u.i.k.n.KeyIO           MODE: declarations took 0 ms 
1436217    DEBUG Test worker     d.u.i.k.n.KeyIO           MODE: 2nd degree decls took 0 
1436217    DEBUG Test worker     d.u.i.k.n.KeyIO           MODE: taclets took 0ms 
]]></system-out>
  <system-err><![CDATA[]]></system-err>
</testsuite>
