<?xml version="1.0" encoding="UTF-8"?>
<testsuite name="de.uka.ilkd.key.rule.merge.PredicateAbstractionLatticeTests" tests="3" skipped="0" failures="0" errors="0" timestamp="2023-06-09T14:01:25" hostname="fv-az1113-551" time="11.13">
  <properties/>
  <testcase name="testToAndFromString()" classname="de.uka.ilkd.key.rule.merge.PredicateAbstractionLatticeTests" time="5.584"/>
  <testcase name="testCreateSignLatticeWithPredicates()" classname="de.uka.ilkd.key.rule.merge.PredicateAbstractionLatticeTests" time="5.546"/>
  <testcase name="testTrivialPredicatesLattice()" classname="de.uka.ilkd.key.rule.merge.PredicateAbstractionLatticeTests" time="0.0"/>
  <system-out><![CDATA[942074     INFO  Test worker     d.u.i.k.p.i.AbstractProblemLoader Loading environment from src\test\resources\testcase\merge\dummy.key 
942089     DEBUG Test worker     d.u.i.k.p.i.AbstractProblemLoader Environment load took 330.9ns 
942089     INFO  Test worker     d.u.i.k.p.i.AbstractProblemLoader Creating init config 
947644     DEBUG Test worker     d.u.i.k.p.i.AbstractProblemLoader Init config took 5.55s 
947659     INFO  Test worker     d.u.i.k.p.i.AbstractProblemLoader Replaying proof dummy.key 
947659     DEBUG Test worker     d.u.i.k.p.i.IntermediateProofReplayer Proof replay took 26ns 
947659     INFO  Test worker     d.u.i.k.p.i.AbstractProblemLoader Loading environment from src\test\resources\testcase\merge\dummy.key 
947659     DEBUG Test worker     d.u.i.k.p.i.AbstractProblemLoader Environment load took 195.2ns 
947659     INFO  Test worker     d.u.i.k.p.i.AbstractProblemLoader Creating init config 
953191     DEBUG Test worker     d.u.i.k.p.i.AbstractProblemLoader Init config took 5.52s 
953205     INFO  Test worker     d.u.i.k.p.i.AbstractProblemLoader Replaying proof dummy.key 
953205     DEBUG Test worker     d.u.i.k.p.i.IntermediateProofReplayer Proof replay took 10.7ns 
]]></system-out>
  <system-err><![CDATA[]]></system-err>
</testsuite>
