<?xml version="1.0" encoding="UTF-8"?>
<testsuite name="de.uka.ilkd.key.util.TestProofStarter" tests="2" skipped="0" failures="0" errors="0" timestamp="2023-06-06T10:07:30" hostname="fv-az811-996" time="55.337">
  <properties/>
  <testcase name="testDirectProofWithOneStepSimplification()" classname="de.uka.ilkd.key.util.TestProofStarter" time="29.089"/>
  <testcase name="testDirectProof()" classname="de.uka.ilkd.key.util.TestProofStarter" time="26.248"/>
  <system-out><![CDATA[1137736    INFO  Test worker     d.u.i.k.p.i.AbstractProblemLoader Loading environment from src\test\resources\testcase\proofStarter\CC\project.key 
1137736    DEBUG Test worker     d.u.i.k.p.i.AbstractProblemLoader Environment load took 147.7ns 
1137736    INFO  Test worker     d.u.i.k.p.i.AbstractProblemLoader Creating init config 
1142077    DEBUG Test worker     d.u.i.k.p.i.AbstractProblemLoader Init config took 4.34s 
1142139    INFO  Test worker     d.u.i.k.p.i.AbstractProblemLoader Replaying proof CC[CC::calcCoinIndex([I,[I)].JML normal_behavior operation contract.0 
1142139    DEBUG Test worker     d.u.i.k.p.i.IntermediateProofReplayer Proof replay took 2.3ns 
1166817    INFO  Test worker     d.u.i.k.p.i.AbstractProblemLoader Loading environment from src\test\resources\testcase\proofStarter\CC\project.key 
1166817    DEBUG Test worker     d.u.i.k.p.i.AbstractProblemLoader Environment load took 204.1ns 
1166817    INFO  Test worker     d.u.i.k.p.i.AbstractProblemLoader Creating init config 
1171194    DEBUG Test worker     d.u.i.k.p.i.AbstractProblemLoader Init config took 4.37s 
1171241    INFO  Test worker     d.u.i.k.p.i.AbstractProblemLoader Replaying proof CC[CC::calcCoinIndex([I,[I)].JML normal_behavior operation contract.0 
1171241    DEBUG Test worker     d.u.i.k.p.i.IntermediateProofReplayer Proof replay took 2.2ns 
]]></system-out>
  <system-err><![CDATA[]]></system-err>
</testsuite>
