<?xml version="1.0" encoding="UTF-8"?>
<testsuite name="de.uka.ilkd.key.parser.TestTermParserSorts" tests="2" skipped="0" failures="0" errors="0" timestamp="2023-06-06T09:58:37" hostname="fv-az811-996" time="4.239">
  <properties/>
  <testcase name="testParseIntegerArgs()" classname="de.uka.ilkd.key.parser.TestTermParserSorts" time="0.02"/>
  <testcase name="testParseSequencePrettySyntax()" classname="de.uka.ilkd.key.parser.TestTermParserSorts" time="0.003"/>
  <system-out><![CDATA[605305     INFO  Test worker     d.u.i.k.n.KeyIO           Parsing took 0 ms 
605305     DEBUG Test worker     d.u.i.k.n.KeyIO           Load declarations of de.uka.ilkd.key.nparser.KeyAst$File:  <unknown>:1#1 
605305     INFO  Test worker     d.u.i.k.n.KeyIO           MODE: declarations took 0 ms 
605305     DEBUG Test worker     d.u.i.k.n.KeyIO           MODE: 2nd degree decls took 0 
605305     INFO  Test worker     d.u.i.k.n.KeyIO           Parsing took 0 ms 
605305     DEBUG Test worker     d.u.i.k.n.KeyIO           Load declarations of de.uka.ilkd.key.nparser.KeyAst$File:  <unknown>:1#1 
605305     INFO  Test worker     d.u.i.k.n.KeyIO           MODE: declarations took 0 ms 
605305     DEBUG Test worker     d.u.i.k.n.KeyIO           MODE: 2nd degree decls took 0 
605305     INFO  Test worker     d.u.i.k.n.KeyIO           Parsing took 0 ms 
605305     DEBUG Test worker     d.u.i.k.n.KeyIO           Load declarations of de.uka.ilkd.key.nparser.KeyAst$File:  <unknown>:1#1 
605305     INFO  Test worker     d.u.i.k.n.KeyIO           MODE: declarations took 0 ms 
605305     DEBUG Test worker     d.u.i.k.n.KeyIO           MODE: 2nd degree decls took 0 
609557     INFO  Test worker     d.u.i.k.n.KeyIO           Parsing took 0 ms 
609557     DEBUG Test worker     d.u.i.k.n.KeyIO           Load declarations of de.uka.ilkd.key.nparser.KeyAst$File:  <unknown>:1#1 
609557     INFO  Test worker     d.u.i.k.n.KeyIO           MODE: declarations took 0 ms 
609557     DEBUG Test worker     d.u.i.k.n.KeyIO           MODE: 2nd degree decls took 0 
609557     INFO  Test worker     d.u.i.k.n.KeyIO           Parsing took 0 ms 
609557     DEBUG Test worker     d.u.i.k.n.KeyIO           Load declarations of de.uka.ilkd.key.nparser.KeyAst$File:  <unknown>:1#1 
609557     INFO  Test worker     d.u.i.k.n.KeyIO           MODE: declarations took 0 ms 
609557     DEBUG Test worker     d.u.i.k.n.KeyIO           MODE: 2nd degree decls took 0 
609557     INFO  Test worker     d.u.i.k.n.KeyIO           Parsing took 0 ms 
609557     DEBUG Test worker     d.u.i.k.n.KeyIO           Load declarations of de.uka.ilkd.key.nparser.KeyAst$File:  <unknown>:1#1 
609557     INFO  Test worker     d.u.i.k.n.KeyIO           MODE: declarations took 0 ms 
609557     DEBUG Test worker     d.u.i.k.n.KeyIO           MODE: 2nd degree decls took 0 
]]></system-out>
  <system-err><![CDATA[]]></system-err>
</testsuite>
