<?xml version="1.0" encoding="UTF-8"?>
<testsuite name="de.uka.ilkd.key.taclettranslation.TestTacletTranslator" tests="5" skipped="0" failures="0" errors="0" timestamp="2023-06-06T10:07:17" hostname="fv-az811-996" time="0.019">
  <properties/>
  <testcase name="testPropositional1()" classname="de.uka.ilkd.key.taclettranslation.TestTacletTranslator" time="0.008"/>
  <testcase name="testPropositional2()" classname="de.uka.ilkd.key.taclettranslation.TestTacletTranslator" time="0.003"/>
  <testcase name="testNegativePolarity()" classname="de.uka.ilkd.key.taclettranslation.TestTacletTranslator" time="0.003"/>
  <testcase name="testNoPolarity()" classname="de.uka.ilkd.key.taclettranslation.TestTacletTranslator" time="0.002"/>
  <testcase name="testPositivePolarity()" classname="de.uka.ilkd.key.taclettranslation.TestTacletTranslator" time="0.003"/>
  <system-out><![CDATA[1125128    INFO  Test worker     d.u.i.k.n.KeyIO           Parsing took 0 ms 
1125128    DEBUG Test worker     d.u.i.k.n.KeyIO           Load declarations of de.uka.ilkd.key.nparser.KeyAst$File:  <unknown>:1#1 
1125128    INFO  Test worker     d.u.i.k.n.KeyIO           MODE: declarations took 0 ms 
1125128    DEBUG Test worker     d.u.i.k.n.KeyIO           MODE: 2nd degree decls took 0 
1125128    DEBUG Test worker     d.u.i.k.n.KeyIO           MODE: taclets took 0ms 
1125128    INFO  Test worker     d.u.i.k.n.KeyIO           Parsing took 0 ms 
1125128    DEBUG Test worker     d.u.i.k.n.KeyIO           Load declarations of de.uka.ilkd.key.nparser.KeyAst$File:  <unknown>:1#1 
1125128    INFO  Test worker     d.u.i.k.n.KeyIO           MODE: declarations took 0 ms 
1125128    DEBUG Test worker     d.u.i.k.n.KeyIO           MODE: 2nd degree decls took 0 
1125128    DEBUG Test worker     d.u.i.k.n.KeyIO           MODE: taclets took 0ms 
1125144    INFO  Test worker     d.u.i.k.n.KeyIO           Parsing took 0 ms 
1125144    DEBUG Test worker     d.u.i.k.n.KeyIO           Load declarations of de.uka.ilkd.key.nparser.KeyAst$File:  <unknown>:1#1 
1125144    INFO  Test worker     d.u.i.k.n.KeyIO           MODE: declarations took 0 ms 
1125144    DEBUG Test worker     d.u.i.k.n.KeyIO           MODE: 2nd degree decls took 0 
1125144    DEBUG Test worker     d.u.i.k.n.KeyIO           MODE: taclets took 0ms 
1125144    INFO  Test worker     d.u.i.k.n.KeyIO           Parsing took 0 ms 
1125144    DEBUG Test worker     d.u.i.k.n.KeyIO           Load declarations of de.uka.ilkd.key.nparser.KeyAst$File:  <unknown>:1#1 
1125144    INFO  Test worker     d.u.i.k.n.KeyIO           MODE: declarations took 0 ms 
1125144    DEBUG Test worker     d.u.i.k.n.KeyIO           MODE: 2nd degree decls took 0 
1125144    DEBUG Test worker     d.u.i.k.n.KeyIO           MODE: taclets took 0ms 
1125144    INFO  Test worker     d.u.i.k.n.KeyIO           Parsing took 0 ms 
1125144    DEBUG Test worker     d.u.i.k.n.KeyIO           Load declarations of de.uka.ilkd.key.nparser.KeyAst$File:  <unknown>:1#1 
1125144    INFO  Test worker     d.u.i.k.n.KeyIO           MODE: declarations took 0 ms 
1125144    DEBUG Test worker     d.u.i.k.n.KeyIO           MODE: 2nd degree decls took 0 
1125144    DEBUG Test worker     d.u.i.k.n.KeyIO           MODE: taclets took 0ms 
]]></system-out>
  <system-err><![CDATA[]]></system-err>
</testsuite>
