<?xml version="1.0" encoding="UTF-8"?>
<testsuite name="de.uka.ilkd.key.rule.merge.PredicateAbstractionLatticeTests" tests="3" skipped="0" failures="0" errors="0" timestamp="2023-06-06T10:00:56" hostname="fv-az811-996" time="8.462">
  <properties/>
  <testcase name="testToAndFromString()" classname="de.uka.ilkd.key.rule.merge.PredicateAbstractionLatticeTests" time="4.235"/>
  <testcase name="testCreateSignLatticeWithPredicates()" classname="de.uka.ilkd.key.rule.merge.PredicateAbstractionLatticeTests" time="4.226"/>
  <testcase name="testTrivialPredicatesLattice()" classname="de.uka.ilkd.key.rule.merge.PredicateAbstractionLatticeTests" time="0.0"/>
  <system-out><![CDATA[743847     INFO  Test worker     d.u.i.k.p.i.AbstractProblemLoader Loading environment from src\test\resources\testcase\merge\dummy.key 
743847     DEBUG Test worker     d.u.i.k.p.i.AbstractProblemLoader Environment load took 133ns 
743847     INFO  Test worker     d.u.i.k.p.i.AbstractProblemLoader Creating init config 
748067     DEBUG Test worker     d.u.i.k.p.i.AbstractProblemLoader Init config took 4.22s 
748083     INFO  Test worker     d.u.i.k.p.i.AbstractProblemLoader Replaying proof dummy.key 
748083     DEBUG Test worker     d.u.i.k.p.i.IntermediateProofReplayer Proof replay took 10.5ns 
748099     INFO  Test worker     d.u.i.k.p.i.AbstractProblemLoader Loading environment from src\test\resources\testcase\merge\dummy.key 
748099     DEBUG Test worker     d.u.i.k.p.i.AbstractProblemLoader Environment load took 182.9ns 
748099     INFO  Test worker     d.u.i.k.p.i.AbstractProblemLoader Creating init config 
752278     DEBUG Test worker     d.u.i.k.p.i.AbstractProblemLoader Init config took 4.19s 
752294     INFO  Test worker     d.u.i.k.p.i.AbstractProblemLoader Replaying proof dummy.key 
752310     DEBUG Test worker     d.u.i.k.p.i.IntermediateProofReplayer Proof replay took 9.4ns 
]]></system-out>
  <system-err><![CDATA[]]></system-err>
</testsuite>
