<?xml version="1.0" encoding="UTF-8"?>
<testsuite name="de.uka.ilkd.key.rule.loop.LoopScopeInvRuleTests" tests="1" skipped="0" failures="0" errors="0" timestamp="2023-06-06T09:59:16" hostname="fv-az811-996" time="6.04">
  <properties/>
  <testcase name="testDoAutomaticProofOfBenchmarkWithLabeledBreaksAndContinues()" classname="de.uka.ilkd.key.rule.loop.LoopScopeInvRuleTests" time="6.04"/>
  <system-out><![CDATA[643477     INFO  Test worker     d.u.i.k.p.i.AbstractProblemLoader Loading environment from src\test\resources\testcase\loopScopeInvRule\Test.key 
643477     DEBUG Test worker     d.u.i.k.p.i.AbstractProblemLoader Environment load took 160.7ns 
643477     INFO  Test worker     d.u.i.k.p.i.AbstractProblemLoader Creating init config 
643727     DEBUG Test worker     d.u.i.k.j.TypeConverter   No LDT found for Meta 
643727     DEBUG Test worker     d.u.i.k.j.TypeConverter   No LDT found for Meta 
643727     DEBUG Test worker     d.u.i.k.j.TypeConverter   No LDT found for Meta 
643727     DEBUG Test worker     d.u.i.k.j.TypeConverter   No LDT found for Meta 
644326     DEBUG Test worker     d.u.i.k.j.TypeConverter   No LDT found for JavaBigintExpression 
648822     DEBUG Test worker     d.u.i.k.p.i.AbstractProblemLoader Init config took 5.34s 
648869     INFO  Test worker     d.u.i.k.p.i.AbstractProblemLoader Replaying proof Test[Test::loopScopeRuleBenchmark(int,boolean)].JML normal_behavior operation contract.0 
648869     DEBUG Test worker     d.u.i.k.p.i.IntermediateProofReplayer Proof replay took 87.6ns 
]]></system-out>
  <system-err><![CDATA[]]></system-err>
</testsuite>
