<?xml version="1.0" encoding="UTF-8"?>
<testsuite name="de.uka.ilkd.key.parser.TestDeclParser" tests="14" skipped="2" failures="0" errors="0" timestamp="2023-06-06T09:53:38" hostname="fv-az811-996" time="15.372">
  <properties/>
  <testcase name="testGenericSortDecl1()" classname="de.uka.ilkd.key.parser.TestDeclParser" time="1.363"/>
  <testcase name="testGenericSortDecl2()" classname="de.uka.ilkd.key.parser.TestDeclParser" time="1.297"/>
  <testcase name="testGenericSortDecl3()" classname="de.uka.ilkd.key.parser.TestDeclParser" time="1.253"/>
  <testcase name="testGenericSortDecl4()" classname="de.uka.ilkd.key.parser.TestDeclParser" time="1.271"/>
  <testcase name="testGenericSortDecl5()" classname="de.uka.ilkd.key.parser.TestDeclParser" time="0.0">
    <skipped/>
  </testcase>
  <testcase name="testGenericSortDecl6()" classname="de.uka.ilkd.key.parser.TestDeclParser" time="1.242"/>
  <testcase name="testSortDecl()" classname="de.uka.ilkd.key.parser.TestDeclParser" time="1.281"/>
  <testcase name="testProxySortDecl()" classname="de.uka.ilkd.key.parser.TestDeclParser" time="1.252"/>
  <testcase name="testArrayDecl()" classname="de.uka.ilkd.key.parser.TestDeclParser" time="1.282"/>
  <testcase name="testAmbiguousDecls()" classname="de.uka.ilkd.key.parser.TestDeclParser" time="0.0">
    <skipped/>
  </testcase>
  <testcase name="testHeurDecl()" classname="de.uka.ilkd.key.parser.TestDeclParser" time="1.286"/>
  <testcase name="testFunctionDecl()" classname="de.uka.ilkd.key.parser.TestDeclParser" time="1.257"/>
  <testcase name="testPredicateDecl()" classname="de.uka.ilkd.key.parser.TestDeclParser" time="1.299"/>
  <testcase name="testSVDecl()" classname="de.uka.ilkd.key.parser.TestDeclParser" time="1.287"/>
  <system-out><![CDATA[306758     INFO  Test worker     d.u.i.k.n.KeyIO           Parsing took 0 ms 
306758     DEBUG Test worker     d.u.i.k.n.KeyIO           Load declarations of de.uka.ilkd.key.nparser.KeyAst$File:  <unknown>:1#1 
306758     INFO  Test worker     d.u.i.k.n.KeyIO           MODE: declarations took 0 ms 
306758     DEBUG Test worker     d.u.i.k.n.KeyIO           MODE: 2nd degree decls took 0 
306758     DEBUG Test worker     d.u.i.k.n.KeyIO           MODE: taclets took 0ms 
308059     INFO  Test worker     d.u.i.k.n.KeyIO           Parsing took 0 ms 
308059     DEBUG Test worker     d.u.i.k.n.KeyIO           Load declarations of de.uka.ilkd.key.nparser.KeyAst$File:  <unknown>:1#1 
308059     INFO  Test worker     d.u.i.k.n.KeyIO           MODE: declarations took 0 ms 
308059     DEBUG Test worker     d.u.i.k.n.KeyIO           MODE: 2nd degree decls took 0 
308059     DEBUG Test worker     d.u.i.k.n.KeyIO           MODE: taclets took 0ms 
309309     INFO  Test worker     d.u.i.k.n.KeyIO           Parsing took 0 ms 
309309     DEBUG Test worker     d.u.i.k.n.KeyIO           Load declarations of de.uka.ilkd.key.nparser.KeyAst$File:  <unknown>:1#1 
309309     INFO  Test worker     d.u.i.k.n.KeyIO           MODE: declarations took 0 ms 
309309     DEBUG Test worker     d.u.i.k.n.KeyIO           MODE: 2nd degree decls took 0 
309309     DEBUG Test worker     d.u.i.k.n.KeyIO           MODE: taclets took 0ms 
310576     INFO  Test worker     d.u.i.k.n.KeyIO           Parsing took 0 ms 
310576     DEBUG Test worker     d.u.i.k.n.KeyIO           Load declarations of de.uka.ilkd.key.nparser.KeyAst$File:  <unknown>:1#1 
310576     INFO  Test worker     d.u.i.k.n.KeyIO           MODE: declarations took 0 ms 
310576     DEBUG Test worker     d.u.i.k.n.KeyIO           MODE: 2nd degree decls took 0 
310576     DEBUG Test worker     d.u.i.k.n.KeyIO           MODE: taclets took 0ms 
311826     INFO  Test worker     d.u.i.k.n.KeyIO           Parsing took 0 ms 
311826     DEBUG Test worker     d.u.i.k.n.KeyIO           Load declarations of de.uka.ilkd.key.nparser.KeyAst$File:  <unknown>:1#1 
311826     INFO  Test worker     d.u.i.k.n.KeyIO           MODE: declarations took 0 ms 
311826     DEBUG Test worker     d.u.i.k.n.KeyIO           MODE: 2nd degree decls took 0 
311826     DEBUG Test worker     d.u.i.k.n.KeyIO           MODE: taclets took 0ms 
313101     INFO  Test worker     d.u.i.k.n.KeyIO           Parsing took 0 ms 
313101     DEBUG Test worker     d.u.i.k.n.KeyIO           Load declarations of de.uka.ilkd.key.nparser.KeyAst$File:  <unknown>:1#1 
313101     INFO  Test worker     d.u.i.k.n.KeyIO           MODE: declarations took 0 ms 
313101     DEBUG Test worker     d.u.i.k.n.KeyIO           MODE: 2nd degree decls took 0 
313101     DEBUG Test worker     d.u.i.k.n.KeyIO           MODE: taclets took 0ms 
314360     INFO  Test worker     d.u.i.k.n.KeyIO           Parsing took 0 ms 
314360     DEBUG Test worker     d.u.i.k.n.KeyIO           Load declarations of de.uka.ilkd.key.nparser.KeyAst$File:  <unknown>:1#1 
314360     INFO  Test worker     d.u.i.k.n.KeyIO           MODE: declarations took 0 ms 
314360     DEBUG Test worker     d.u.i.k.n.KeyIO           MODE: 2nd degree decls took 0 
314360     DEBUG Test worker     d.u.i.k.n.KeyIO           MODE: taclets took 0ms 
315642     INFO  Test worker     d.u.i.k.n.KeyIO           Parsing took 0 ms 
315642     DEBUG Test worker     d.u.i.k.n.KeyIO           Load declarations of de.uka.ilkd.key.nparser.KeyAst$File:  <unknown>:1#1 
315642     INFO  Test worker     d.u.i.k.n.KeyIO           MODE: declarations took 0 ms 
315642     DEBUG Test worker     d.u.i.k.n.KeyIO           MODE: 2nd degree decls took 0 
315642     DEBUG Test worker     d.u.i.k.n.KeyIO           MODE: taclets took 0ms 
316924     INFO  Test worker     d.u.i.k.n.KeyIO           Parsing took 0 ms 
316924     DEBUG Test worker     d.u.i.k.n.KeyIO           Load declarations of de.uka.ilkd.key.nparser.KeyAst$File:  <unknown>:1#1 
316924     INFO  Test worker     d.u.i.k.n.KeyIO           MODE: declarations took 0 ms 
316924     DEBUG Test worker     d.u.i.k.n.KeyIO           MODE: 2nd degree decls took 0 
316924     DEBUG Test worker     d.u.i.k.n.KeyIO           MODE: taclets took 0ms 
318177     INFO  Test worker     d.u.i.k.n.KeyIO           Parsing took 0 ms 
318177     DEBUG Test worker     d.u.i.k.n.KeyIO           Load declarations of de.uka.ilkd.key.nparser.KeyAst$File:  <unknown>:1#1 
318177     INFO  Test worker     d.u.i.k.n.KeyIO           MODE: declarations took 0 ms 
318177     DEBUG Test worker     d.u.i.k.n.KeyIO           MODE: 2nd degree decls took 0 
318177     DEBUG Test worker     d.u.i.k.n.KeyIO           MODE: taclets took 0ms 
319484     INFO  Test worker     d.u.i.k.n.KeyIO           Parsing took 0 ms 
319484     DEBUG Test worker     d.u.i.k.n.KeyIO           Load declarations of de.uka.ilkd.key.nparser.KeyAst$File:  <unknown>:1#1 
319484     INFO  Test worker     d.u.i.k.n.KeyIO           MODE: declarations took 0 ms 
319484     DEBUG Test worker     d.u.i.k.n.KeyIO           MODE: 2nd degree decls took 0 
319484     DEBUG Test worker     d.u.i.k.n.KeyIO           MODE: taclets took 0ms 
320777     INFO  Test worker     d.u.i.k.n.KeyIO           Parsing took 0 ms 
320777     DEBUG Test worker     d.u.i.k.n.KeyIO           Load declarations of de.uka.ilkd.key.nparser.KeyAst$File:  <unknown>:1#1 
320777     INFO  Test worker     d.u.i.k.n.KeyIO           MODE: declarations took 0 ms 
320777     DEBUG Test worker     d.u.i.k.n.KeyIO           MODE: 2nd degree decls took 0 
320777     DEBUG Test worker     d.u.i.k.n.KeyIO           MODE: taclets took 0ms 
]]></system-out>
  <system-err><![CDATA[]]></system-err>
</testsuite>
