<?xml version="1.0" encoding="UTF-8"?>
<testsuite name="de.uka.ilkd.key.util.TestEqualsModProofIrrelevancy" tests="1" skipped="0" failures="0" errors="0" timestamp="2023-06-06T10:07:18" hostname="fv-az811-996" time="11.585">
  <properties/>
  <testcase name="testJavaProof()" classname="de.uka.ilkd.key.util.TestEqualsModProofIrrelevancy" time="11.585"/>
  <system-out><![CDATA[1126060    INFO  Test worker     d.u.i.k.p.i.AbstractProblemLoader Loading environment from src\test\resources\testcase\..\..\..\..\..\key.ui\examples\heap\verifyThis15_1_RelaxedPrefix\relax.proof 
1126060    DEBUG Test worker     d.u.i.k.p.i.AbstractProblemLoader Environment load took 711.7ns 
1126076    INFO  Test worker     d.u.i.k.p.i.AbstractProblemLoader Creating init config 
1126248    DEBUG Test worker     d.u.i.k.j.TypeConverter   No LDT found for Meta 
1126248    DEBUG Test worker     d.u.i.k.j.TypeConverter   No LDT found for Meta 
1126248    DEBUG Test worker     d.u.i.k.j.TypeConverter   No LDT found for Meta 
1126248    DEBUG Test worker     d.u.i.k.j.TypeConverter   No LDT found for Meta 
1127014    DEBUG Test worker     d.u.i.k.j.TypeConverter   No LDT found for JavaBigintExpression 
1131607    DEBUG Test worker     d.u.i.k.p.i.AbstractProblemLoader Init config took 5.54s 
1131670    INFO  Test worker     d.u.i.k.p.i.AbstractProblemLoader Replaying proof Relaxed[Relaxed::isRelaxedPrefix([I,[I)].JML operation contract.0 
1132593    DEBUG Test worker     d.u.i.k.p.i.IntermediateProofReplayer Proof replay took 896.17ms 
1132608    INFO  Test worker     d.u.i.k.p.i.AbstractProblemLoader Loading environment from src\test\resources\testcase\..\..\..\..\..\key.ui\examples\heap\verifyThis15_1_RelaxedPrefix\relax.proof 
1132608    DEBUG Test worker     d.u.i.k.p.i.AbstractProblemLoader Environment load took 434.8ns 
1132608    INFO  Test worker     d.u.i.k.p.i.AbstractProblemLoader Creating init config 
1136951    DEBUG Test worker     d.u.i.k.p.i.AbstractProblemLoader Init config took 4.34s 
1136999    INFO  Test worker     d.u.i.k.p.i.AbstractProblemLoader Replaying proof Relaxed[Relaxed::isRelaxedPrefix([I,[I)].JML operation contract.0 
1137405    DEBUG Test worker     d.u.i.k.p.i.IntermediateProofReplayer Proof replay took 388.81ms 
]]></system-out>
  <system-err><![CDATA[]]></system-err>
</testsuite>
