<?xml version="1.0" encoding="UTF-8"?>
<testsuite name="de.uka.ilkd.key.speclang.njml.JMLParserExceptionTest" tests="6" skipped="4" failures="0" errors="0" timestamp="2023-06-06T10:06:54" hostname="fv-az811-996" time="2.617">
  <properties/>
  <testcase name="case Bevhavioural.java" classname="de.uka.ilkd.key.speclang.njml.JMLParserExceptionTest" time="0.001">
    <skipped/>
  </testcase>
  <testcase name="case IllegalInv.java" classname="de.uka.ilkd.key.speclang.njml.JMLParserExceptionTest" time="0.001">
    <skipped/>
  </testcase>
  <testcase name="case KeyTest.java" classname="de.uka.ilkd.key.speclang.njml.JMLParserExceptionTest" time="0.001">
    <skipped/>
  </testcase>
  <testcase name="case TypeError.java" classname="de.uka.ilkd.key.speclang.njml.JMLParserExceptionTest" time="0.002">
    <skipped/>
  </testcase>
  <testcase name="case UnknownVar.java" classname="de.uka.ilkd.key.speclang.njml.JMLParserExceptionTest" time="1.265"/>
  <testcase name="case UnknownVarInJML.java" classname="de.uka.ilkd.key.speclang.njml.JMLParserExceptionTest" time="1.346"/>
  <system-out><![CDATA[1101776    INFO  Test worker     d.u.i.k.p.i.AbstractProblemLoader Loading environment from D:\a\key\key\key.core\build\resources\test\de\uka\ilkd\key\speclang\njml\exceptional\UnknownVar.java 
1101776    DEBUG Test worker     d.u.i.k.p.i.AbstractProblemLoader Environment load took 705ns 
1101776    INFO  Test worker     d.u.i.k.p.i.AbstractProblemLoader Creating init config 
1103041    INFO  Test worker     d.u.i.k.p.i.AbstractProblemLoader Loading environment from D:\a\key\key\key.core\build\resources\test\de\uka\ilkd\key\speclang\njml\exceptional\UnknownVarInJML.java 
1103041    DEBUG Test worker     d.u.i.k.p.i.AbstractProblemLoader Environment load took 104ns 
1103041    INFO  Test worker     d.u.i.k.p.i.AbstractProblemLoader Creating init config 
]]></system-out>
  <system-err><![CDATA[]]></system-err>
</testsuite>
