<?xml version="1.0" encoding="UTF-8"?>
<testsuite name="de.uka.ilkd.key.logic.TestClashFreeSubst" tests="14" skipped="2" failures="0" errors="0" timestamp="2023-06-06T09:49:29" hostname="fv-az811-996" time="75.117">
  <properties/>
  <testcase name="testMultiShareBound()" classname="de.uka.ilkd.key.logic.TestClashFreeSubst" time="1.548"/>
  <testcase name="testClash()" classname="de.uka.ilkd.key.logic.TestClashFreeSubst" time="1.508"/>
  <testcase name="testShare()" classname="de.uka.ilkd.key.logic.TestClashFreeSubst" time="1.338"/>
  <testcase name="testSubst()" classname="de.uka.ilkd.key.logic.TestClashFreeSubst" time="1.557"/>
  <testcase name="testWary0()" classname="de.uka.ilkd.key.logic.TestClashFreeSubst" time="1.387"/>
  <testcase name="testWary1()" classname="de.uka.ilkd.key.logic.TestClashFreeSubst" time="1.373"/>
  <testcase name="testWary2()" classname="de.uka.ilkd.key.logic.TestClashFreeSubst" time="1.352"/>
  <testcase name="testClashInSubstTerm()" classname="de.uka.ilkd.key.logic.TestClashFreeSubst" time="1.542"/>
  <testcase name="testShareWary()" classname="de.uka.ilkd.key.logic.TestClashFreeSubst" time="1.362"/>
  <testcase name="testMultiSubst()" classname="de.uka.ilkd.key.logic.TestClashFreeSubst" time="1.358"/>
  <testcase name="xtestMultiClash()" classname="de.uka.ilkd.key.logic.TestClashFreeSubst" time="0.0">
    <skipped/>
  </testcase>
  <testcase name="testSubstInSubstTerm()" classname="de.uka.ilkd.key.logic.TestClashFreeSubst" time="1.281"/>
  <testcase name="testSubstWary()" classname="de.uka.ilkd.key.logic.TestClashFreeSubst" time="1.3"/>
  <testcase name="xtestMultiClash1()" classname="de.uka.ilkd.key.logic.TestClashFreeSubst" time="0.0">
    <skipped/>
  </testcase>
  <system-out><![CDATA[56669      INFO  Test worker     d.u.i.k.n.KeyIO           Parsing took 0 ms 
56669      DEBUG Test worker     d.u.i.k.n.KeyIO           Load declarations of de.uka.ilkd.key.nparser.KeyAst$File:  <unknown>:1#1 
56669      INFO  Test worker     d.u.i.k.n.KeyIO           MODE: declarations took 0 ms 
56669      DEBUG Test worker     d.u.i.k.n.KeyIO           MODE: 2nd degree decls took 0 
58217      INFO  Test worker     d.u.i.k.n.KeyIO           Parsing took 16 ms 
58217      DEBUG Test worker     d.u.i.k.n.KeyIO           Load declarations of de.uka.ilkd.key.nparser.KeyAst$File:  <unknown>:1#1 
58217      INFO  Test worker     d.u.i.k.n.KeyIO           MODE: declarations took 0 ms 
58217      DEBUG Test worker     d.u.i.k.n.KeyIO           MODE: 2nd degree decls took 0 
62987      INFO  Test worker     d.u.i.k.n.KeyIO           Parsing took 0 ms 
62987      DEBUG Test worker     d.u.i.k.n.KeyIO           Load declarations of de.uka.ilkd.key.nparser.KeyAst$File:  <unknown>:1#1 
62987      INFO  Test worker     d.u.i.k.n.KeyIO           MODE: declarations took 0 ms 
62987      DEBUG Test worker     d.u.i.k.n.KeyIO           MODE: 2nd degree decls took 0 
64493      INFO  Test worker     d.u.i.k.n.KeyIO           Parsing took 0 ms 
64493      DEBUG Test worker     d.u.i.k.n.KeyIO           Load declarations of de.uka.ilkd.key.nparser.KeyAst$File:  <unknown>:1#1 
64493      INFO  Test worker     d.u.i.k.n.KeyIO           MODE: declarations took 0 ms 
64493      DEBUG Test worker     d.u.i.k.n.KeyIO           MODE: 2nd degree decls took 0 
69052      INFO  Test worker     d.u.i.k.n.KeyIO           Parsing took 0 ms 
69052      DEBUG Test worker     d.u.i.k.n.KeyIO           Load declarations of de.uka.ilkd.key.nparser.KeyAst$File:  <unknown>:1#1 
69052      INFO  Test worker     d.u.i.k.n.KeyIO           MODE: declarations took 0 ms 
69052      DEBUG Test worker     d.u.i.k.n.KeyIO           MODE: 2nd degree decls took 0 
70397      INFO  Test worker     d.u.i.k.n.KeyIO           Parsing took 0 ms 
70397      DEBUG Test worker     d.u.i.k.n.KeyIO           Load declarations of de.uka.ilkd.key.nparser.KeyAst$File:  <unknown>:1#1 
70397      INFO  Test worker     d.u.i.k.n.KeyIO           MODE: declarations took 0 ms 
70397      DEBUG Test worker     d.u.i.k.n.KeyIO           MODE: 2nd degree decls took 0 
75192      INFO  Test worker     d.u.i.k.n.KeyIO           Parsing took 0 ms 
75193      DEBUG Test worker     d.u.i.k.n.KeyIO           Load declarations of de.uka.ilkd.key.nparser.KeyAst$File:  <unknown>:1#1 
75193      INFO  Test worker     d.u.i.k.n.KeyIO           MODE: declarations took 0 ms 
75193      DEBUG Test worker     d.u.i.k.n.KeyIO           MODE: 2nd degree decls took 0 
76743      INFO  Test worker     d.u.i.k.n.KeyIO           Parsing took 0 ms 
76743      DEBUG Test worker     d.u.i.k.n.KeyIO           Load declarations of de.uka.ilkd.key.nparser.KeyAst$File:  <unknown>:1#1 
76743      INFO  Test worker     d.u.i.k.n.KeyIO           MODE: declarations took 0 ms 
76743      DEBUG Test worker     d.u.i.k.n.KeyIO           MODE: 2nd degree decls took 0 
81452      INFO  Test worker     d.u.i.k.n.KeyIO           Parsing took 0 ms 
81452      DEBUG Test worker     d.u.i.k.n.KeyIO           Load declarations of de.uka.ilkd.key.nparser.KeyAst$File:  <unknown>:1#1 
81452      INFO  Test worker     d.u.i.k.n.KeyIO           MODE: declarations took 0 ms 
81452      DEBUG Test worker     d.u.i.k.n.KeyIO           MODE: 2nd degree decls took 0 
82827      INFO  Test worker     d.u.i.k.n.KeyIO           Parsing took 0 ms 
82827      DEBUG Test worker     d.u.i.k.n.KeyIO           Load declarations of de.uka.ilkd.key.nparser.KeyAst$File:  <unknown>:1#1 
82827      INFO  Test worker     d.u.i.k.n.KeyIO           MODE: declarations took 0 ms 
82827      DEBUG Test worker     d.u.i.k.n.KeyIO           MODE: 2nd degree decls took 0 
87262      INFO  Test worker     d.u.i.k.n.KeyIO           Parsing took 0 ms 
87262      DEBUG Test worker     d.u.i.k.n.KeyIO           Load declarations of de.uka.ilkd.key.nparser.KeyAst$File:  <unknown>:1#1 
87262      INFO  Test worker     d.u.i.k.n.KeyIO           MODE: declarations took 0 ms 
87262      DEBUG Test worker     d.u.i.k.n.KeyIO           MODE: 2nd degree decls took 0 
88630      INFO  Test worker     d.u.i.k.n.KeyIO           Parsing took 0 ms 
88630      DEBUG Test worker     d.u.i.k.n.KeyIO           Load declarations of de.uka.ilkd.key.nparser.KeyAst$File:  <unknown>:1#1 
88630      INFO  Test worker     d.u.i.k.n.KeyIO           MODE: declarations took 0 ms 
88630      DEBUG Test worker     d.u.i.k.n.KeyIO           MODE: 2nd degree decls took 0 
93233      INFO  Test worker     d.u.i.k.n.KeyIO           Parsing took 0 ms 
93233      DEBUG Test worker     d.u.i.k.n.KeyIO           Load declarations of de.uka.ilkd.key.nparser.KeyAst$File:  <unknown>:1#1 
93233      INFO  Test worker     d.u.i.k.n.KeyIO           MODE: declarations took 0 ms 
93233      DEBUG Test worker     d.u.i.k.n.KeyIO           MODE: 2nd degree decls took 0 
94569      INFO  Test worker     d.u.i.k.n.KeyIO           Parsing took 0 ms 
94569      DEBUG Test worker     d.u.i.k.n.KeyIO           Load declarations of de.uka.ilkd.key.nparser.KeyAst$File:  <unknown>:1#1 
94569      INFO  Test worker     d.u.i.k.n.KeyIO           MODE: declarations took 0 ms 
94569      DEBUG Test worker     d.u.i.k.n.KeyIO           MODE: 2nd degree decls took 0 
98983      INFO  Test worker     d.u.i.k.n.KeyIO           Parsing took 0 ms 
98983      DEBUG Test worker     d.u.i.k.n.KeyIO           Load declarations of de.uka.ilkd.key.nparser.KeyAst$File:  <unknown>:1#1 
98983      INFO  Test worker     d.u.i.k.n.KeyIO           MODE: declarations took 0 ms 
98983      DEBUG Test worker     d.u.i.k.n.KeyIO           MODE: 2nd degree decls took 0 
100513     INFO  Test worker     d.u.i.k.n.KeyIO           Parsing took 0 ms 
100513     DEBUG Test worker     d.u.i.k.n.KeyIO           Load declarations of de.uka.ilkd.key.nparser.KeyAst$File:  <unknown>:1#1 
100513     INFO  Test worker     d.u.i.k.n.KeyIO           MODE: declarations took 0 ms 
100513     DEBUG Test worker     d.u.i.k.n.KeyIO           MODE: 2nd degree decls took 0 
104911     INFO  Test worker     d.u.i.k.n.KeyIO           Parsing took 0 ms 
104911     DEBUG Test worker     d.u.i.k.n.KeyIO           Load declarations of de.uka.ilkd.key.nparser.KeyAst$File:  <unknown>:1#1 
104911     INFO  Test worker     d.u.i.k.n.KeyIO           MODE: declarations took 0 ms 
104911     DEBUG Test worker     d.u.i.k.n.KeyIO           MODE: 2nd degree decls took 0 
106217     INFO  Test worker     d.u.i.k.n.KeyIO           Parsing took 0 ms 
106217     DEBUG Test worker     d.u.i.k.n.KeyIO           Load declarations of de.uka.ilkd.key.nparser.KeyAst$File:  <unknown>:1#1 
106264     INFO  Test worker     d.u.i.k.n.KeyIO           MODE: declarations took 47 ms 
106279     DEBUG Test worker     d.u.i.k.n.KeyIO           MODE: 2nd degree decls took 15 
110710     INFO  Test worker     d.u.i.k.n.KeyIO           Parsing took 0 ms 
110710     DEBUG Test worker     d.u.i.k.n.KeyIO           Load declarations of de.uka.ilkd.key.nparser.KeyAst$File:  <unknown>:1#1 
110710     INFO  Test worker     d.u.i.k.n.KeyIO           MODE: declarations took 0 ms 
110710     DEBUG Test worker     d.u.i.k.n.KeyIO           MODE: 2nd degree decls took 0 
112049     INFO  Test worker     d.u.i.k.n.KeyIO           Parsing took 0 ms 
112049     DEBUG Test worker     d.u.i.k.n.KeyIO           Load declarations of de.uka.ilkd.key.nparser.KeyAst$File:  <unknown>:1#1 
112049     INFO  Test worker     d.u.i.k.n.KeyIO           MODE: declarations took 0 ms 
112065     DEBUG Test worker     d.u.i.k.n.KeyIO           MODE: 2nd degree decls took 0 
120776     INFO  Test worker     d.u.i.k.n.KeyIO           Parsing took 0 ms 
120776     DEBUG Test worker     d.u.i.k.n.KeyIO           Load declarations of de.uka.ilkd.key.nparser.KeyAst$File:  <unknown>:1#1 
120776     INFO  Test worker     d.u.i.k.n.KeyIO           MODE: declarations took 0 ms 
120776     DEBUG Test worker     d.u.i.k.n.KeyIO           MODE: 2nd degree decls took 0 
122047     INFO  Test worker     d.u.i.k.n.KeyIO           Parsing took 0 ms 
122047     DEBUG Test worker     d.u.i.k.n.KeyIO           Load declarations of de.uka.ilkd.key.nparser.KeyAst$File:  <unknown>:1#1 
122047     INFO  Test worker     d.u.i.k.n.KeyIO           MODE: declarations took 0 ms 
122047     DEBUG Test worker     d.u.i.k.n.KeyIO           MODE: 2nd degree decls took 0 
126301     INFO  Test worker     d.u.i.k.n.KeyIO           Parsing took 0 ms 
126301     DEBUG Test worker     d.u.i.k.n.KeyIO           Load declarations of de.uka.ilkd.key.nparser.KeyAst$File:  <unknown>:1#1 
126301     INFO  Test worker     d.u.i.k.n.KeyIO           MODE: declarations took 0 ms 
126301     DEBUG Test worker     d.u.i.k.n.KeyIO           MODE: 2nd degree decls took 0 
127592     INFO  Test worker     d.u.i.k.n.KeyIO           Parsing took 0 ms 
127592     DEBUG Test worker     d.u.i.k.n.KeyIO           Load declarations of de.uka.ilkd.key.nparser.KeyAst$File:  <unknown>:1#1 
127592     INFO  Test worker     d.u.i.k.n.KeyIO           MODE: declarations took 0 ms 
127592     DEBUG Test worker     d.u.i.k.n.KeyIO           MODE: 2nd degree decls took 0 
]]></system-out>
  <system-err><![CDATA[]]></system-err>
</testsuite>
