<?xml version="1.0" encoding="UTF-8"?>
<testsuite name="de.uka.ilkd.key.logic.TestTermLabelManager" tests="21" skipped="0" failures="0" errors="0" timestamp="2023-05-02T18:22:03" hostname="fv-az1230-668" time="63.969">
  <properties/>
  <testcase name="testInstantiateLabels_directChildPolicies_allRules()" classname="de.uka.ilkd.key.logic.TestTermLabelManager" time="4.71"/>
  <testcase name="testInstantiateLabels_childAndGrandchildPolicies_ruleSpecific()" classname="de.uka.ilkd.key.logic.TestTermLabelManager" time="3.338"/>
  <testcase name="testParseLabel()" classname="de.uka.ilkd.key.logic.TestTermLabelManager" time="3.207"/>
  <testcase name="testrefactorGoal_childrenAndGrandchildren_ruleSpecific()" classname="de.uka.ilkd.key.logic.TestTermLabelManager" time="3.294"/>
  <testcase name="testrefactorGoal_directChildren_allRules()" classname="de.uka.ilkd.key.logic.TestTermLabelManager" time="3.298"/>
  <testcase name="testInstantiateLabels_childAndGrandchildPolicies_allRules()" classname="de.uka.ilkd.key.logic.TestTermLabelManager" time="3.296"/>
  <testcase name="testInstantiateLabels_taclet()" classname="de.uka.ilkd.key.logic.TestTermLabelManager" time="3.271"/>
  <testcase name="testrefactorGoal_none_ruleSpecific()" classname="de.uka.ilkd.key.logic.TestTermLabelManager" time="3.288"/>
  <testcase name="testInstantiateLabels_updates_ruleSpecific()" classname="de.uka.ilkd.key.logic.TestTermLabelManager" time="3.293"/>
  <testcase name="testrefactorGoal_sequent_ruleSpecific()" classname="de.uka.ilkd.key.logic.TestTermLabelManager" time="3.276"/>
  <testcase name="testInstantiateLabels_updates_allRules()" classname="de.uka.ilkd.key.logic.TestTermLabelManager" time="3.317"/>
  <testcase name="testrefactorGoal_sequent_allRules()" classname="de.uka.ilkd.key.logic.TestTermLabelManager" time="3.267"/>
  <testcase name="testrefactorGoal_childrenAndGrandchildren_allRules()" classname="de.uka.ilkd.key.logic.TestTermLabelManager" time="3.343"/>
  <testcase name="testGetTermLabelManager()" classname="de.uka.ilkd.key.logic.TestTermLabelManager" time="0.004"/>
  <testcase name="testInstantiateLabels_applicationTermPolicies()" classname="de.uka.ilkd.key.logic.TestTermLabelManager" time="3.26"/>
  <testcase name="testInstantiateLabels_modalityTermPolicies()" classname="de.uka.ilkd.key.logic.TestTermLabelManager" time="3.311"/>
  <testcase name="testrefactorGoal_none_allRules()" classname="de.uka.ilkd.key.logic.TestTermLabelManager" time="3.359"/>
  <testcase name="testInstantiateLabels_null()" classname="de.uka.ilkd.key.logic.TestTermLabelManager" time="0.001"/>
  <testcase name="testrefactorGoal_directChildren_ruleSpecific()" classname="de.uka.ilkd.key.logic.TestTermLabelManager" time="3.256"/>
  <testcase name="testInstantiateLabels_directChildPolicies_ruleSpecific()" classname="de.uka.ilkd.key.logic.TestTermLabelManager" time="3.323"/>
  <testcase name="testGetSupportedTermLabelNames()" classname="de.uka.ilkd.key.logic.TestTermLabelManager" time="3.232"/>
  <system-out><![CDATA[124542     INFO  Test worker     d.u.i.k.p.i.AbstractProblemLoader Loading environment from src\test\resources\testcase\termLabels\flatSteps\FlatSteps.java 
124557     DEBUG Test worker     d.u.i.k.p.i.AbstractProblemLoader Environment load took 1.77ms 
124557     INFO  Test worker     d.u.i.k.p.i.AbstractProblemLoader Creating init config 
124729     DEBUG Test worker     d.u.i.k.j.TypeConverter   No LDT found for Meta 
124729     DEBUG Test worker     d.u.i.k.j.TypeConverter   No LDT found for Meta 
124729     DEBUG Test worker     d.u.i.k.j.TypeConverter   No LDT found for Meta 
124729     DEBUG Test worker     d.u.i.k.j.TypeConverter   No LDT found for Meta 
125526     DEBUG Test worker     d.u.i.k.j.TypeConverter   No LDT found for JavaBigintExpression 
129253     DEBUG Test worker     d.u.i.k.p.i.AbstractProblemLoader Init config took 4.7s 
129269     INFO  Test worker     d.u.i.k.p.i.AbstractProblemLoader Loading environment from src\test\resources\testcase\termLabels\flatSteps\FlatSteps.java 
129269     DEBUG Test worker     d.u.i.k.p.i.AbstractProblemLoader Environment load took 548.7ns 
129269     INFO  Test worker     d.u.i.k.p.i.AbstractProblemLoader Creating init config 
132591     DEBUG Test worker     d.u.i.k.p.i.AbstractProblemLoader Init config took 3.32s 
132591     INFO  Test worker     d.u.i.k.p.i.AbstractProblemLoader Loading environment from src\test\resources\testcase\termLabels\flatSteps\FlatSteps.java 
132591     DEBUG Test worker     d.u.i.k.p.i.AbstractProblemLoader Environment load took 205.7ns 
132591     INFO  Test worker     d.u.i.k.p.i.AbstractProblemLoader Creating init config 
135782     DEBUG Test worker     d.u.i.k.p.i.AbstractProblemLoader Init config took 3.19s 
135798     INFO  Test worker     d.u.i.k.p.i.AbstractProblemLoader Loading environment from src\test\resources\testcase\termLabels\flatSteps\FlatSteps.java 
135798     DEBUG Test worker     d.u.i.k.p.i.AbstractProblemLoader Environment load took 217.1ns 
135798     INFO  Test worker     d.u.i.k.p.i.AbstractProblemLoader Creating init config 
139076     DEBUG Test worker     d.u.i.k.p.i.AbstractProblemLoader Init config took 3.29s 
139108     INFO  Test worker     d.u.i.k.p.i.AbstractProblemLoader Loading environment from src\test\resources\testcase\termLabels\flatSteps\FlatSteps.java 
139108     DEBUG Test worker     d.u.i.k.p.i.AbstractProblemLoader Environment load took 179ns 
139108     INFO  Test worker     d.u.i.k.p.i.AbstractProblemLoader Creating init config 
142375     DEBUG Test worker     d.u.i.k.p.i.AbstractProblemLoader Init config took 3.27s 
142391     INFO  Test worker     d.u.i.k.p.i.AbstractProblemLoader Loading environment from src\test\resources\testcase\termLabels\flatSteps\FlatSteps.java 
142391     DEBUG Test worker     d.u.i.k.p.i.AbstractProblemLoader Environment load took 191.5ns 
142391     INFO  Test worker     d.u.i.k.p.i.AbstractProblemLoader Creating init config 
145687     DEBUG Test worker     d.u.i.k.p.i.AbstractProblemLoader Init config took 3.3s 
145703     INFO  Test worker     d.u.i.k.p.i.AbstractProblemLoader Loading environment from src\test\resources\testcase\termLabels\flatSteps\FlatSteps.java 
145703     DEBUG Test worker     d.u.i.k.p.i.AbstractProblemLoader Environment load took 220.2ns 
145703     INFO  Test worker     d.u.i.k.p.i.AbstractProblemLoader Creating init config 
148959     DEBUG Test worker     d.u.i.k.p.i.AbstractProblemLoader Init config took 3.26s 
148959     INFO  Test worker     d.u.i.k.p.i.AbstractProblemLoader Loading environment from src\test\resources\testcase\termLabels\flatSteps\FlatSteps.java 
148959     DEBUG Test worker     d.u.i.k.p.i.AbstractProblemLoader Environment load took 739.2ns 
148959     INFO  Test worker     d.u.i.k.p.i.AbstractProblemLoader Creating init config 
152233     DEBUG Test worker     d.u.i.k.p.i.AbstractProblemLoader Init config took 3.26s 
152248     INFO  Test worker     d.u.i.k.p.i.AbstractProblemLoader Loading environment from src\test\resources\testcase\termLabels\flatSteps\FlatSteps.java 
152248     DEBUG Test worker     d.u.i.k.p.i.AbstractProblemLoader Environment load took 191.3ns 
152248     INFO  Test worker     d.u.i.k.p.i.AbstractProblemLoader Creating init config 
155541     DEBUG Test worker     d.u.i.k.p.i.AbstractProblemLoader Init config took 3.29s 
155541     INFO  Test worker     d.u.i.k.p.i.AbstractProblemLoader Loading environment from src\test\resources\testcase\termLabels\flatSteps\FlatSteps.java 
155541     DEBUG Test worker     d.u.i.k.p.i.AbstractProblemLoader Environment load took 694.1ns 
155541     INFO  Test worker     d.u.i.k.p.i.AbstractProblemLoader Creating init config 
158803     DEBUG Test worker     d.u.i.k.p.i.AbstractProblemLoader Init config took 3.26s 
158818     INFO  Test worker     d.u.i.k.p.i.AbstractProblemLoader Loading environment from src\test\resources\testcase\termLabels\flatSteps\FlatSteps.java 
158818     DEBUG Test worker     d.u.i.k.p.i.AbstractProblemLoader Environment load took 172.8ns 
158818     INFO  Test worker     d.u.i.k.p.i.AbstractProblemLoader Creating init config 
162135     DEBUG Test worker     d.u.i.k.p.i.AbstractProblemLoader Init config took 3.32s 
162135     INFO  Test worker     d.u.i.k.p.i.AbstractProblemLoader Loading environment from src\test\resources\testcase\termLabels\flatSteps\FlatSteps.java 
162135     DEBUG Test worker     d.u.i.k.p.i.AbstractProblemLoader Environment load took 516.9ns 
162150     INFO  Test worker     d.u.i.k.p.i.AbstractProblemLoader Creating init config 
165387     DEBUG Test worker     d.u.i.k.p.i.AbstractProblemLoader Init config took 3.25s 
165402     INFO  Test worker     d.u.i.k.p.i.AbstractProblemLoader Loading environment from src\test\resources\testcase\termLabels\flatSteps\FlatSteps.java 
165402     DEBUG Test worker     d.u.i.k.p.i.AbstractProblemLoader Environment load took 529.6ns 
165402     INFO  Test worker     d.u.i.k.p.i.AbstractProblemLoader Creating init config 
168746     DEBUG Test worker     d.u.i.k.p.i.AbstractProblemLoader Init config took 3.33s 
168761     INFO  Test worker     d.u.i.k.p.i.AbstractProblemLoader Loading environment from src\test\resources\testcase\termLabels\flatSteps\FlatSteps.java 
168761     DEBUG Test worker     d.u.i.k.p.i.AbstractProblemLoader Environment load took 517.5ns 
168761     INFO  Test worker     d.u.i.k.p.i.AbstractProblemLoader Creating init config 
172010     DEBUG Test worker     d.u.i.k.p.i.AbstractProblemLoader Init config took 3.24s 
172010     INFO  Test worker     d.u.i.k.p.i.AbstractProblemLoader Loading environment from src\test\resources\testcase\termLabels\flatSteps\FlatSteps.java 
172010     DEBUG Test worker     d.u.i.k.p.i.AbstractProblemLoader Environment load took 352.7ns 
172025     INFO  Test worker     d.u.i.k.p.i.AbstractProblemLoader Creating init config 
175306     DEBUG Test worker     d.u.i.k.p.i.AbstractProblemLoader Init config took 3.29s 
175322     INFO  Test worker     d.u.i.k.p.i.AbstractProblemLoader Loading environment from src\test\resources\testcase\termLabels\flatSteps\FlatSteps.java 
175322     DEBUG Test worker     d.u.i.k.p.i.AbstractProblemLoader Environment load took 474.9ns 
175322     INFO  Test worker     d.u.i.k.p.i.AbstractProblemLoader Creating init config 
178665     DEBUG Test worker     d.u.i.k.p.i.AbstractProblemLoader Init config took 3.34s 
178696     INFO  Test worker     d.u.i.k.p.i.AbstractProblemLoader Loading environment from src\test\resources\testcase\termLabels\flatSteps\FlatSteps.java 
178696     DEBUG Test worker     d.u.i.k.p.i.AbstractProblemLoader Environment load took 555.4ns 
178712     INFO  Test worker     d.u.i.k.p.i.AbstractProblemLoader Creating init config 
181940     DEBUG Test worker     d.u.i.k.p.i.AbstractProblemLoader Init config took 3.24s 
181956     INFO  Test worker     d.u.i.k.p.i.AbstractProblemLoader Loading environment from src\test\resources\testcase\termLabels\flatSteps\FlatSteps.java 
181956     DEBUG Test worker     d.u.i.k.p.i.AbstractProblemLoader Environment load took 202.1ns 
181956     INFO  Test worker     d.u.i.k.p.i.AbstractProblemLoader Creating init config 
185280     DEBUG Test worker     d.u.i.k.p.i.AbstractProblemLoader Init config took 3.31s 
185280     INFO  Test worker     d.u.i.k.p.i.AbstractProblemLoader Loading environment from src\test\resources\testcase\termLabels\flatSteps\FlatSteps.java 
185280     DEBUG Test worker     d.u.i.k.p.i.AbstractProblemLoader Environment load took 626.3ns 
185280     INFO  Test worker     d.u.i.k.p.i.AbstractProblemLoader Creating init config 
188512     DEBUG Test worker     d.u.i.k.p.i.AbstractProblemLoader Init config took 3.23s 
]]></system-out>
  <system-err><![CDATA[]]></system-err>
</testsuite>
