<?xml version="1.0" encoding="UTF-8"?>
<testsuite name="de.uka.ilkd.key.rule.merge.PredicateAbstractionLatticeTests" tests="3" skipped="0" failures="0" errors="0" timestamp="2023-05-02T18:30:12" hostname="fv-az1230-668" time="6.652">
  <properties/>
  <testcase name="testToAndFromString()" classname="de.uka.ilkd.key.rule.merge.PredicateAbstractionLatticeTests" time="3.368"/>
  <testcase name="testCreateSignLatticeWithPredicates()" classname="de.uka.ilkd.key.rule.merge.PredicateAbstractionLatticeTests" time="3.284"/>
  <testcase name="testTrivialPredicatesLattice()" classname="de.uka.ilkd.key.rule.merge.PredicateAbstractionLatticeTests" time="0.0"/>
  <system-out><![CDATA[613435     INFO  Test worker     d.u.i.k.p.i.AbstractProblemLoader Loading environment from src\test\resources\testcase\merge\dummy.key 
613435     DEBUG Test worker     d.u.i.k.p.i.AbstractProblemLoader Environment load took 127ns 
613435     INFO  Test worker     d.u.i.k.p.i.AbstractProblemLoader Creating init config 
616789     DEBUG Test worker     d.u.i.k.p.i.AbstractProblemLoader Init config took 3.34s 
616804     INFO  Test worker     d.u.i.k.p.i.AbstractProblemLoader Replaying proof dummy.key 
616804     DEBUG Test worker     d.u.i.k.p.i.IntermediateProofReplayer Proof replay took 10ns 
616804     INFO  Test worker     d.u.i.k.p.i.AbstractProblemLoader Loading environment from src\test\resources\testcase\merge\dummy.key 
616804     DEBUG Test worker     d.u.i.k.p.i.AbstractProblemLoader Environment load took 122.8ns 
616804     INFO  Test worker     d.u.i.k.p.i.AbstractProblemLoader Creating init config 
620072     DEBUG Test worker     d.u.i.k.p.i.AbstractProblemLoader Init config took 3.26s 
620088     INFO  Test worker     d.u.i.k.p.i.AbstractProblemLoader Replaying proof dummy.key 
620088     DEBUG Test worker     d.u.i.k.p.i.IntermediateProofReplayer Proof replay took 9.9ns 
]]></system-out>
  <system-err><![CDATA[]]></system-err>
</testsuite>
