<?xml version="1.0" encoding="UTF-8"?>
<testsuite name="de.uka.ilkd.key.util.TestProofStarter" tests="2" skipped="0" failures="0" errors="0" timestamp="2023-05-02T18:35:18" hostname="fv-az1230-668" time="70.697">
  <properties/>
  <testcase name="testDirectProofWithOneStepSimplification()" classname="de.uka.ilkd.key.util.TestProofStarter" time="38.634"/>
  <testcase name="testDirectProof()" classname="de.uka.ilkd.key.util.TestProofStarter" time="32.063"/>
  <system-out><![CDATA[919430     INFO  Test worker     d.u.i.k.p.i.AbstractProblemLoader Loading environment from src\test\resources\testcase\proofStarter\CC\project.key 
919430     DEBUG Test worker     d.u.i.k.p.i.AbstractProblemLoader Environment load took 158ns 
919434     INFO  Test worker     d.u.i.k.p.i.AbstractProblemLoader Creating init config 
919589     DEBUG Test worker     d.u.i.k.j.TypeConverter   No LDT found for Meta 
919589     DEBUG Test worker     d.u.i.k.j.TypeConverter   No LDT found for Meta 
919589     DEBUG Test worker     d.u.i.k.j.TypeConverter   No LDT found for Meta 
919589     DEBUG Test worker     d.u.i.k.j.TypeConverter   No LDT found for Meta 
920182     DEBUG Test worker     d.u.i.k.j.TypeConverter   No LDT found for JavaBigintExpression 
924337     DEBUG Test worker     d.u.i.k.p.i.AbstractProblemLoader Init config took 4.91s 
925603     INFO  Test worker     d.u.i.k.p.i.AbstractProblemLoader Replaying proof CC[CC::calcCoinIndex([I,[I)].JML normal_behavior operation contract.0 
925619     DEBUG Test worker     d.u.i.k.p.i.IntermediateProofReplayer Proof replay took 11.2ns 
958033     INFO  Test worker     d.u.i.k.p.i.AbstractProblemLoader Loading environment from src\test\resources\testcase\proofStarter\CC\project.key 
958033     DEBUG Test worker     d.u.i.k.p.i.AbstractProblemLoader Environment load took 185.2ns 
958033     INFO  Test worker     d.u.i.k.p.i.AbstractProblemLoader Creating init config 
961523     DEBUG Test worker     d.u.i.k.p.i.AbstractProblemLoader Init config took 3.49s 
961586     INFO  Test worker     d.u.i.k.p.i.AbstractProblemLoader Replaying proof CC[CC::calcCoinIndex([I,[I)].JML normal_behavior operation contract.0 
961586     DEBUG Test worker     d.u.i.k.p.i.IntermediateProofReplayer Proof replay took 9.2ns 
]]></system-out>
  <system-err><![CDATA[]]></system-err>
</testsuite>
