<?xml version="1.0" encoding="UTF-8"?>
<testsuite name="de.uka.ilkd.key.taclettranslation.TestTacletTranslator" tests="5" skipped="0" failures="0" errors="0" timestamp="2023-05-02T18:35:16" hostname="fv-az1230-668" time="0.022">
  <properties/>
  <testcase name="testPropositional1()" classname="de.uka.ilkd.key.taclettranslation.TestTacletTranslator" time="0.009"/>
  <testcase name="testPropositional2()" classname="de.uka.ilkd.key.taclettranslation.TestTacletTranslator" time="0.003"/>
  <testcase name="testNegativePolarity()" classname="de.uka.ilkd.key.taclettranslation.TestTacletTranslator" time="0.002"/>
  <testcase name="testNoPolarity()" classname="de.uka.ilkd.key.taclettranslation.TestTacletTranslator" time="0.002"/>
  <testcase name="testPositivePolarity()" classname="de.uka.ilkd.key.taclettranslation.TestTacletTranslator" time="0.003"/>
  <system-out><![CDATA[918019     INFO  Test worker     d.u.i.k.n.KeyIO           Parsing took 0 ms 
918019     DEBUG Test worker     d.u.i.k.n.KeyIO           Load declarations of de.uka.ilkd.key.nparser.KeyAst$File:  <unknown>:1#1 
918019     INFO  Test worker     d.u.i.k.n.KeyIO           MODE: declarations took 0 ms 
918019     DEBUG Test worker     d.u.i.k.n.KeyIO           MODE: 2nd degree decls took 0 
918019     DEBUG Test worker     d.u.i.k.n.KeyIO           MODE: taclets took 0ms 
918035     INFO  Test worker     d.u.i.k.n.KeyIO           Parsing took 0 ms 
918035     DEBUG Test worker     d.u.i.k.n.KeyIO           Load declarations of de.uka.ilkd.key.nparser.KeyAst$File:  <unknown>:1#1 
918035     INFO  Test worker     d.u.i.k.n.KeyIO           MODE: declarations took 0 ms 
918035     DEBUG Test worker     d.u.i.k.n.KeyIO           MODE: 2nd degree decls took 0 
918035     DEBUG Test worker     d.u.i.k.n.KeyIO           MODE: taclets took 0ms 
918035     INFO  Test worker     d.u.i.k.n.KeyIO           Parsing took 0 ms 
918035     DEBUG Test worker     d.u.i.k.n.KeyIO           Load declarations of de.uka.ilkd.key.nparser.KeyAst$File:  <unknown>:1#1 
918035     INFO  Test worker     d.u.i.k.n.KeyIO           MODE: declarations took 0 ms 
918035     DEBUG Test worker     d.u.i.k.n.KeyIO           MODE: 2nd degree decls took 0 
918035     DEBUG Test worker     d.u.i.k.n.KeyIO           MODE: taclets took 0ms 
918035     INFO  Test worker     d.u.i.k.n.KeyIO           Parsing took 0 ms 
918035     DEBUG Test worker     d.u.i.k.n.KeyIO           Load declarations of de.uka.ilkd.key.nparser.KeyAst$File:  <unknown>:1#1 
918035     INFO  Test worker     d.u.i.k.n.KeyIO           MODE: declarations took 0 ms 
918035     DEBUG Test worker     d.u.i.k.n.KeyIO           MODE: 2nd degree decls took 0 
918035     DEBUG Test worker     d.u.i.k.n.KeyIO           MODE: taclets took 0ms 
918035     INFO  Test worker     d.u.i.k.n.KeyIO           Parsing took 0 ms 
918035     DEBUG Test worker     d.u.i.k.n.KeyIO           Load declarations of de.uka.ilkd.key.nparser.KeyAst$File:  <unknown>:1#1 
918035     INFO  Test worker     d.u.i.k.n.KeyIO           MODE: declarations took 0 ms 
918035     DEBUG Test worker     d.u.i.k.n.KeyIO           MODE: 2nd degree decls took 0 
918035     DEBUG Test worker     d.u.i.k.n.KeyIO           MODE: taclets took 0ms 
]]></system-out>
  <system-err><![CDATA[]]></system-err>
</testsuite>
