<?xml version="1.0" encoding="UTF-8"?>
<testsuite name="de.uka.ilkd.key.parser.TestDeclParser" tests="14" skipped="2" failures="0" errors="0" timestamp="2023-05-02T18:23:59" hostname="fv-az1230-668" time="13.05">
  <properties/>
  <testcase name="testGenericSortDecl1()" classname="de.uka.ilkd.key.parser.TestDeclParser" time="1.241"/>
  <testcase name="testGenericSortDecl2()" classname="de.uka.ilkd.key.parser.TestDeclParser" time="1.131"/>
  <testcase name="testGenericSortDecl3()" classname="de.uka.ilkd.key.parser.TestDeclParser" time="1.073"/>
  <testcase name="testGenericSortDecl4()" classname="de.uka.ilkd.key.parser.TestDeclParser" time="0.997"/>
  <testcase name="testGenericSortDecl5()" classname="de.uka.ilkd.key.parser.TestDeclParser" time="0.0">
    <skipped/>
  </testcase>
  <testcase name="testGenericSortDecl6()" classname="de.uka.ilkd.key.parser.TestDeclParser" time="1.138"/>
  <testcase name="testSortDecl()" classname="de.uka.ilkd.key.parser.TestDeclParser" time="1.089"/>
  <testcase name="testProxySortDecl()" classname="de.uka.ilkd.key.parser.TestDeclParser" time="1.081"/>
  <testcase name="testArrayDecl()" classname="de.uka.ilkd.key.parser.TestDeclParser" time="1.018"/>
  <testcase name="testAmbiguousDecls()" classname="de.uka.ilkd.key.parser.TestDeclParser" time="0.001">
    <skipped/>
  </testcase>
  <testcase name="testHeurDecl()" classname="de.uka.ilkd.key.parser.TestDeclParser" time="1.103"/>
  <testcase name="testFunctionDecl()" classname="de.uka.ilkd.key.parser.TestDeclParser" time="1.105"/>
  <testcase name="testPredicateDecl()" classname="de.uka.ilkd.key.parser.TestDeclParser" time="1.062"/>
  <testcase name="testSVDecl()" classname="de.uka.ilkd.key.parser.TestDeclParser" time="1.007"/>
  <system-out><![CDATA[241887     INFO  Test worker     d.u.i.k.n.KeyIO           Parsing took 0 ms 
241887     DEBUG Test worker     d.u.i.k.n.KeyIO           Load declarations of de.uka.ilkd.key.nparser.KeyAst$File:  <unknown>:1#1 
241887     INFO  Test worker     d.u.i.k.n.KeyIO           MODE: declarations took 0 ms 
241887     DEBUG Test worker     d.u.i.k.n.KeyIO           MODE: 2nd degree decls took 0 
241887     DEBUG Test worker     d.u.i.k.n.KeyIO           MODE: taclets took 0ms 
243032     INFO  Test worker     d.u.i.k.n.KeyIO           Parsing took 0 ms 
243032     DEBUG Test worker     d.u.i.k.n.KeyIO           Load declarations of de.uka.ilkd.key.nparser.KeyAst$File:  <unknown>:1#1 
243032     INFO  Test worker     d.u.i.k.n.KeyIO           MODE: declarations took 0 ms 
243032     DEBUG Test worker     d.u.i.k.n.KeyIO           MODE: 2nd degree decls took 0 
243032     DEBUG Test worker     d.u.i.k.n.KeyIO           MODE: taclets took 0ms 
244112     INFO  Test worker     d.u.i.k.n.KeyIO           Parsing took 0 ms 
244112     DEBUG Test worker     d.u.i.k.n.KeyIO           Load declarations of de.uka.ilkd.key.nparser.KeyAst$File:  <unknown>:1#1 
244112     INFO  Test worker     d.u.i.k.n.KeyIO           MODE: declarations took 0 ms 
244112     DEBUG Test worker     d.u.i.k.n.KeyIO           MODE: 2nd degree decls took 0 
244112     DEBUG Test worker     d.u.i.k.n.KeyIO           MODE: taclets took 0ms 
245102     INFO  Test worker     d.u.i.k.n.KeyIO           Parsing took 0 ms 
245102     DEBUG Test worker     d.u.i.k.n.KeyIO           Load declarations of de.uka.ilkd.key.nparser.KeyAst$File:  <unknown>:1#1 
245102     INFO  Test worker     d.u.i.k.n.KeyIO           MODE: declarations took 0 ms 
245102     DEBUG Test worker     d.u.i.k.n.KeyIO           MODE: 2nd degree decls took 0 
245102     DEBUG Test worker     d.u.i.k.n.KeyIO           MODE: taclets took 0ms 
246242     INFO  Test worker     d.u.i.k.n.KeyIO           Parsing took 0 ms 
246242     DEBUG Test worker     d.u.i.k.n.KeyIO           Load declarations of de.uka.ilkd.key.nparser.KeyAst$File:  <unknown>:1#1 
246242     INFO  Test worker     d.u.i.k.n.KeyIO           MODE: declarations took 0 ms 
246242     DEBUG Test worker     d.u.i.k.n.KeyIO           MODE: 2nd degree decls took 0 
246242     DEBUG Test worker     d.u.i.k.n.KeyIO           MODE: taclets took 0ms 
247330     INFO  Test worker     d.u.i.k.n.KeyIO           Parsing took 0 ms 
247330     DEBUG Test worker     d.u.i.k.n.KeyIO           Load declarations of de.uka.ilkd.key.nparser.KeyAst$File:  <unknown>:1#1 
247330     INFO  Test worker     d.u.i.k.n.KeyIO           MODE: declarations took 0 ms 
247330     DEBUG Test worker     d.u.i.k.n.KeyIO           MODE: 2nd degree decls took 0 
247330     DEBUG Test worker     d.u.i.k.n.KeyIO           MODE: taclets took 0ms 
248404     INFO  Test worker     d.u.i.k.n.KeyIO           Parsing took 0 ms 
248404     DEBUG Test worker     d.u.i.k.n.KeyIO           Load declarations of de.uka.ilkd.key.nparser.KeyAst$File:  <unknown>:1#1 
248404     INFO  Test worker     d.u.i.k.n.KeyIO           MODE: declarations took 0 ms 
248404     DEBUG Test worker     d.u.i.k.n.KeyIO           MODE: 2nd degree decls took 0 
248404     DEBUG Test worker     d.u.i.k.n.KeyIO           MODE: taclets took 0ms 
249416     INFO  Test worker     d.u.i.k.n.KeyIO           Parsing took 0 ms 
249416     DEBUG Test worker     d.u.i.k.n.KeyIO           Load declarations of de.uka.ilkd.key.nparser.KeyAst$File:  <unknown>:1#1 
249416     INFO  Test worker     d.u.i.k.n.KeyIO           MODE: declarations took 0 ms 
249431     DEBUG Test worker     d.u.i.k.n.KeyIO           MODE: 2nd degree decls took 15 
249431     DEBUG Test worker     d.u.i.k.n.KeyIO           MODE: taclets took 0ms 
250526     INFO  Test worker     d.u.i.k.n.KeyIO           Parsing took 0 ms 
250526     DEBUG Test worker     d.u.i.k.n.KeyIO           Load declarations of de.uka.ilkd.key.nparser.KeyAst$File:  <unknown>:1#1 
250526     INFO  Test worker     d.u.i.k.n.KeyIO           MODE: declarations took 0 ms 
250526     DEBUG Test worker     d.u.i.k.n.KeyIO           MODE: 2nd degree decls took 0 
250526     DEBUG Test worker     d.u.i.k.n.KeyIO           MODE: taclets took 0ms 
251625     INFO  Test worker     d.u.i.k.n.KeyIO           Parsing took 0 ms 
251625     DEBUG Test worker     d.u.i.k.n.KeyIO           Load declarations of de.uka.ilkd.key.nparser.KeyAst$File:  <unknown>:1#1 
251625     INFO  Test worker     d.u.i.k.n.KeyIO           MODE: declarations took 0 ms 
251641     DEBUG Test worker     d.u.i.k.n.KeyIO           MODE: 2nd degree decls took 16 
251641     DEBUG Test worker     d.u.i.k.n.KeyIO           MODE: taclets took 0ms 
252702     INFO  Test worker     d.u.i.k.n.KeyIO           Parsing took 0 ms 
252702     DEBUG Test worker     d.u.i.k.n.KeyIO           Load declarations of de.uka.ilkd.key.nparser.KeyAst$File:  <unknown>:1#1 
252702     INFO  Test worker     d.u.i.k.n.KeyIO           MODE: declarations took 0 ms 
252702     DEBUG Test worker     d.u.i.k.n.KeyIO           MODE: 2nd degree decls took 0 
252702     DEBUG Test worker     d.u.i.k.n.KeyIO           MODE: taclets took 0ms 
253702     INFO  Test worker     d.u.i.k.n.KeyIO           Parsing took 0 ms 
253702     DEBUG Test worker     d.u.i.k.n.KeyIO           Load declarations of de.uka.ilkd.key.nparser.KeyAst$File:  <unknown>:1#1 
253702     INFO  Test worker     d.u.i.k.n.KeyIO           MODE: declarations took 0 ms 
253702     DEBUG Test worker     d.u.i.k.n.KeyIO           MODE: 2nd degree decls took 0 
253702     DEBUG Test worker     d.u.i.k.n.KeyIO           MODE: taclets took 0ms 
]]></system-out>
  <system-err><![CDATA[]]></system-err>
</testsuite>
