<?xml version="1.0" encoding="UTF-8"?>
<testsuite name="de.uka.ilkd.key.proof.TestOneStepSimplifier" tests="1" skipped="0" failures="0" errors="0" timestamp="2023-05-02T18:28:05" hostname="fv-az1230-668" time="4.406">
  <properties/>
  <testcase name="loadWithRestriction()" classname="de.uka.ilkd.key.proof.TestOneStepSimplifier" time="4.406"/>
  <system-out><![CDATA[486904     INFO  Test worker     d.u.i.k.p.i.AbstractProblemLoader Loading environment from src\test\resources\testcase\ossRestriction.proof 
486904     DEBUG Test worker     d.u.i.k.p.i.AbstractProblemLoader Environment load took 155.1ns 
486904     INFO  Test worker     d.u.i.k.p.i.AbstractProblemLoader Creating init config 
487046     DEBUG Test worker     d.u.i.k.j.TypeConverter   No LDT found for Meta 
487046     DEBUG Test worker     d.u.i.k.j.TypeConverter   No LDT found for Meta 
487046     DEBUG Test worker     d.u.i.k.j.TypeConverter   No LDT found for Meta 
487046     DEBUG Test worker     d.u.i.k.j.TypeConverter   No LDT found for Meta 
487576     DEBUG Test worker     d.u.i.k.j.TypeConverter   No LDT found for JavaBigintExpression 
491265     DEBUG Test worker     d.u.i.k.p.i.AbstractProblemLoader Init config took 4.36s 
491296     INFO  Test worker     d.u.i.k.p.i.AbstractProblemLoader Replaying proof ossRestriction.proof 
491312     DEBUG Test worker     d.u.i.k.p.i.IntermediateProofReplayer Proof replay took 993.6ns 
]]></system-out>
  <system-err><![CDATA[]]></system-err>
</testsuite>
