<?xml version="1.0" encoding="UTF-8"?>
<testsuite name="de.uka.ilkd.key.logic.TestClashFreeSubst" tests="14" skipped="2" failures="0" errors="0" timestamp="2023-05-02T18:20:41" hostname="fv-az1230-668" time="56.448">
  <properties/>
  <testcase name="testMultiShareBound()" classname="de.uka.ilkd.key.logic.TestClashFreeSubst" time="1.107"/>
  <testcase name="testClash()" classname="de.uka.ilkd.key.logic.TestClashFreeSubst" time="1.063"/>
  <testcase name="testShare()" classname="de.uka.ilkd.key.logic.TestClashFreeSubst" time="1.098"/>
  <testcase name="testSubst()" classname="de.uka.ilkd.key.logic.TestClashFreeSubst" time="1.016"/>
  <testcase name="testWary0()" classname="de.uka.ilkd.key.logic.TestClashFreeSubst" time="1.071"/>
  <testcase name="testWary1()" classname="de.uka.ilkd.key.logic.TestClashFreeSubst" time="1.017"/>
  <testcase name="testWary2()" classname="de.uka.ilkd.key.logic.TestClashFreeSubst" time="1.045"/>
  <testcase name="testClashInSubstTerm()" classname="de.uka.ilkd.key.logic.TestClashFreeSubst" time="1.047"/>
  <testcase name="testShareWary()" classname="de.uka.ilkd.key.logic.TestClashFreeSubst" time="1.037"/>
  <testcase name="testMultiSubst()" classname="de.uka.ilkd.key.logic.TestClashFreeSubst" time="1.04"/>
  <testcase name="xtestMultiClash()" classname="de.uka.ilkd.key.logic.TestClashFreeSubst" time="0.0">
    <skipped/>
  </testcase>
  <testcase name="testSubstInSubstTerm()" classname="de.uka.ilkd.key.logic.TestClashFreeSubst" time="1.05"/>
  <testcase name="testSubstWary()" classname="de.uka.ilkd.key.logic.TestClashFreeSubst" time="1.07"/>
  <testcase name="xtestMultiClash1()" classname="de.uka.ilkd.key.logic.TestClashFreeSubst" time="0.0">
    <skipped/>
  </testcase>
  <system-out><![CDATA[42172      INFO  Test worker     d.u.i.k.n.KeyIO           Parsing took 0 ms 
42172      DEBUG Test worker     d.u.i.k.n.KeyIO           Load declarations of de.uka.ilkd.key.nparser.KeyAst$File:  <unknown>:1#1 
42172      INFO  Test worker     d.u.i.k.n.KeyIO           MODE: declarations took 0 ms 
42172      DEBUG Test worker     d.u.i.k.n.KeyIO           MODE: 2nd degree decls took 0 
43266      INFO  Test worker     d.u.i.k.n.KeyIO           Parsing took 0 ms 
43266      DEBUG Test worker     d.u.i.k.n.KeyIO           Load declarations of de.uka.ilkd.key.nparser.KeyAst$File:  <unknown>:1#1 
43266      INFO  Test worker     d.u.i.k.n.KeyIO           MODE: declarations took 0 ms 
43266      DEBUG Test worker     d.u.i.k.n.KeyIO           MODE: 2nd degree decls took 0 
46706      INFO  Test worker     d.u.i.k.n.KeyIO           Parsing took 0 ms 
46706      DEBUG Test worker     d.u.i.k.n.KeyIO           Load declarations of de.uka.ilkd.key.nparser.KeyAst$File:  <unknown>:1#1 
46706      INFO  Test worker     d.u.i.k.n.KeyIO           MODE: declarations took 0 ms 
46706      DEBUG Test worker     d.u.i.k.n.KeyIO           MODE: 2nd degree decls took 0 
47767      INFO  Test worker     d.u.i.k.n.KeyIO           Parsing took 0 ms 
47767      DEBUG Test worker     d.u.i.k.n.KeyIO           Load declarations of de.uka.ilkd.key.nparser.KeyAst$File:  <unknown>:1#1 
47767      INFO  Test worker     d.u.i.k.n.KeyIO           MODE: declarations took 0 ms 
47767      DEBUG Test worker     d.u.i.k.n.KeyIO           MODE: 2nd degree decls took 0 
51277      INFO  Test worker     d.u.i.k.n.KeyIO           Parsing took 0 ms 
51277      DEBUG Test worker     d.u.i.k.n.KeyIO           Load declarations of de.uka.ilkd.key.nparser.KeyAst$File:  <unknown>:1#1 
51277      INFO  Test worker     d.u.i.k.n.KeyIO           MODE: declarations took 0 ms 
51277      DEBUG Test worker     d.u.i.k.n.KeyIO           MODE: 2nd degree decls took 0 
52360      INFO  Test worker     d.u.i.k.n.KeyIO           Parsing took 0 ms 
52360      DEBUG Test worker     d.u.i.k.n.KeyIO           Load declarations of de.uka.ilkd.key.nparser.KeyAst$File:  <unknown>:1#1 
52360      INFO  Test worker     d.u.i.k.n.KeyIO           MODE: declarations took 0 ms 
52360      DEBUG Test worker     d.u.i.k.n.KeyIO           MODE: 2nd degree decls took 0 
55775      INFO  Test worker     d.u.i.k.n.KeyIO           Parsing took 0 ms 
55775      DEBUG Test worker     d.u.i.k.n.KeyIO           Load declarations of de.uka.ilkd.key.nparser.KeyAst$File:  <unknown>:1#1 
55775      INFO  Test worker     d.u.i.k.n.KeyIO           MODE: declarations took 0 ms 
55775      DEBUG Test worker     d.u.i.k.n.KeyIO           MODE: 2nd degree decls took 0 
56791      INFO  Test worker     d.u.i.k.n.KeyIO           Parsing took 0 ms 
56791      DEBUG Test worker     d.u.i.k.n.KeyIO           Load declarations of de.uka.ilkd.key.nparser.KeyAst$File:  <unknown>:1#1 
56791      INFO  Test worker     d.u.i.k.n.KeyIO           MODE: declarations took 0 ms 
56791      DEBUG Test worker     d.u.i.k.n.KeyIO           MODE: 2nd degree decls took 0 
60081      INFO  Test worker     d.u.i.k.n.KeyIO           Parsing took 0 ms 
60081      DEBUG Test worker     d.u.i.k.n.KeyIO           Load declarations of de.uka.ilkd.key.nparser.KeyAst$File:  <unknown>:1#1 
60097      INFO  Test worker     d.u.i.k.n.KeyIO           MODE: declarations took 16 ms 
60097      DEBUG Test worker     d.u.i.k.n.KeyIO           MODE: 2nd degree decls took 0 
61147      INFO  Test worker     d.u.i.k.n.KeyIO           Parsing took 0 ms 
61147      DEBUG Test worker     d.u.i.k.n.KeyIO           Load declarations of de.uka.ilkd.key.nparser.KeyAst$File:  <unknown>:1#1 
61147      INFO  Test worker     d.u.i.k.n.KeyIO           MODE: declarations took 0 ms 
61147      DEBUG Test worker     d.u.i.k.n.KeyIO           MODE: 2nd degree decls took 0 
64510      INFO  Test worker     d.u.i.k.n.KeyIO           Parsing took 0 ms 
64510      DEBUG Test worker     d.u.i.k.n.KeyIO           Load declarations of de.uka.ilkd.key.nparser.KeyAst$File:  <unknown>:1#1 
64510      INFO  Test worker     d.u.i.k.n.KeyIO           MODE: declarations took 0 ms 
64510      DEBUG Test worker     d.u.i.k.n.KeyIO           MODE: 2nd degree decls took 0 
65523      INFO  Test worker     d.u.i.k.n.KeyIO           Parsing took 0 ms 
65523      DEBUG Test worker     d.u.i.k.n.KeyIO           Load declarations of de.uka.ilkd.key.nparser.KeyAst$File:  <unknown>:1#1 
65523      INFO  Test worker     d.u.i.k.n.KeyIO           MODE: declarations took 0 ms 
65523      DEBUG Test worker     d.u.i.k.n.KeyIO           MODE: 2nd degree decls took 0 
68957      INFO  Test worker     d.u.i.k.n.KeyIO           Parsing took 0 ms 
68957      DEBUG Test worker     d.u.i.k.n.KeyIO           Load declarations of de.uka.ilkd.key.nparser.KeyAst$File:  <unknown>:1#1 
68957      INFO  Test worker     d.u.i.k.n.KeyIO           MODE: declarations took 0 ms 
68957      DEBUG Test worker     d.u.i.k.n.KeyIO           MODE: 2nd degree decls took 0 
69995      INFO  Test worker     d.u.i.k.n.KeyIO           Parsing took 0 ms 
69995      DEBUG Test worker     d.u.i.k.n.KeyIO           Load declarations of de.uka.ilkd.key.nparser.KeyAst$File:  <unknown>:1#1 
69995      INFO  Test worker     d.u.i.k.n.KeyIO           MODE: declarations took 0 ms 
69995      DEBUG Test worker     d.u.i.k.n.KeyIO           MODE: 2nd degree decls took 0 
73298      INFO  Test worker     d.u.i.k.n.KeyIO           Parsing took 0 ms 
73298      DEBUG Test worker     d.u.i.k.n.KeyIO           Load declarations of de.uka.ilkd.key.nparser.KeyAst$File:  <unknown>:1#1 
73298      INFO  Test worker     d.u.i.k.n.KeyIO           MODE: declarations took 0 ms 
73298      DEBUG Test worker     d.u.i.k.n.KeyIO           MODE: 2nd degree decls took 0 
74342      INFO  Test worker     d.u.i.k.n.KeyIO           Parsing took 0 ms 
74342      DEBUG Test worker     d.u.i.k.n.KeyIO           Load declarations of de.uka.ilkd.key.nparser.KeyAst$File:  <unknown>:1#1 
74342      INFO  Test worker     d.u.i.k.n.KeyIO           MODE: declarations took 0 ms 
74342      DEBUG Test worker     d.u.i.k.n.KeyIO           MODE: 2nd degree decls took 0 
77711      INFO  Test worker     d.u.i.k.n.KeyIO           Parsing took 0 ms 
77711      DEBUG Test worker     d.u.i.k.n.KeyIO           Load declarations of de.uka.ilkd.key.nparser.KeyAst$File:  <unknown>:1#1 
77711      INFO  Test worker     d.u.i.k.n.KeyIO           MODE: declarations took 0 ms 
77711      DEBUG Test worker     d.u.i.k.n.KeyIO           MODE: 2nd degree decls took 0 
78748      INFO  Test worker     d.u.i.k.n.KeyIO           Parsing took 0 ms 
78748      DEBUG Test worker     d.u.i.k.n.KeyIO           Load declarations of de.uka.ilkd.key.nparser.KeyAst$File:  <unknown>:1#1 
78748      INFO  Test worker     d.u.i.k.n.KeyIO           MODE: declarations took 0 ms 
78748      DEBUG Test worker     d.u.i.k.n.KeyIO           MODE: 2nd degree decls took 0 
82097      INFO  Test worker     d.u.i.k.n.KeyIO           Parsing took 0 ms 
82097      DEBUG Test worker     d.u.i.k.n.KeyIO           Load declarations of de.uka.ilkd.key.nparser.KeyAst$File:  <unknown>:1#1 
82097      INFO  Test worker     d.u.i.k.n.KeyIO           MODE: declarations took 0 ms 
82097      DEBUG Test worker     d.u.i.k.n.KeyIO           MODE: 2nd degree decls took 0 
83134      INFO  Test worker     d.u.i.k.n.KeyIO           Parsing took 0 ms 
83134      DEBUG Test worker     d.u.i.k.n.KeyIO           Load declarations of de.uka.ilkd.key.nparser.KeyAst$File:  <unknown>:1#1 
83134      INFO  Test worker     d.u.i.k.n.KeyIO           MODE: declarations took 0 ms 
83134      DEBUG Test worker     d.u.i.k.n.KeyIO           MODE: 2nd degree decls took 0 
89884      INFO  Test worker     d.u.i.k.n.KeyIO           Parsing took 0 ms 
89884      DEBUG Test worker     d.u.i.k.n.KeyIO           Load declarations of de.uka.ilkd.key.nparser.KeyAst$File:  <unknown>:1#1 
89899      INFO  Test worker     d.u.i.k.n.KeyIO           MODE: declarations took 15 ms 
89899      DEBUG Test worker     d.u.i.k.n.KeyIO           MODE: 2nd degree decls took 0 
90933      INFO  Test worker     d.u.i.k.n.KeyIO           Parsing took 0 ms 
90933      DEBUG Test worker     d.u.i.k.n.KeyIO           Load declarations of de.uka.ilkd.key.nparser.KeyAst$File:  <unknown>:1#1 
90933      INFO  Test worker     d.u.i.k.n.KeyIO           MODE: declarations took 0 ms 
90933      DEBUG Test worker     d.u.i.k.n.KeyIO           MODE: 2nd degree decls took 0 
94218      INFO  Test worker     d.u.i.k.n.KeyIO           Parsing took 0 ms 
94218      DEBUG Test worker     d.u.i.k.n.KeyIO           Load declarations of de.uka.ilkd.key.nparser.KeyAst$File:  <unknown>:1#1 
94218      INFO  Test worker     d.u.i.k.n.KeyIO           MODE: declarations took 0 ms 
94234      DEBUG Test worker     d.u.i.k.n.KeyIO           MODE: 2nd degree decls took 16 
95286      INFO  Test worker     d.u.i.k.n.KeyIO           Parsing took 0 ms 
95286      DEBUG Test worker     d.u.i.k.n.KeyIO           Load declarations of de.uka.ilkd.key.nparser.KeyAst$File:  <unknown>:1#1 
95286      INFO  Test worker     d.u.i.k.n.KeyIO           MODE: declarations took 0 ms 
95286      DEBUG Test worker     d.u.i.k.n.KeyIO           MODE: 2nd degree decls took 0 
]]></system-out>
  <system-err><![CDATA[]]></system-err>
</testsuite>
