<?xml version="1.0" encoding="UTF-8"?>
<testsuite name="de.uka.ilkd.key.rule.loop.LoopScopeInvRuleTests" tests="1" skipped="0" failures="0" errors="0" timestamp="2023-05-02T18:28:36" hostname="fv-az1230-668" time="5.628">
  <properties/>
  <testcase name="testDoAutomaticProofOfBenchmarkWithLabeledBreaksAndContinues()" classname="de.uka.ilkd.key.rule.loop.LoopScopeInvRuleTests" time="5.628"/>
  <system-out><![CDATA[517582     INFO  Test worker     d.u.i.k.p.i.AbstractProblemLoader Loading environment from src\test\resources\testcase\loopScopeInvRule\Test.key 
517582     DEBUG Test worker     d.u.i.k.p.i.AbstractProblemLoader Environment load took 164.2ns 
517582     INFO  Test worker     d.u.i.k.p.i.AbstractProblemLoader Creating init config 
517754     DEBUG Test worker     d.u.i.k.j.TypeConverter   No LDT found for Meta 
517754     DEBUG Test worker     d.u.i.k.j.TypeConverter   No LDT found for Meta 
517754     DEBUG Test worker     d.u.i.k.j.TypeConverter   No LDT found for Meta 
517754     DEBUG Test worker     d.u.i.k.j.TypeConverter   No LDT found for Meta 
518422     DEBUG Test worker     d.u.i.k.j.TypeConverter   No LDT found for JavaBigintExpression 
522430     DEBUG Test worker     d.u.i.k.p.i.AbstractProblemLoader Init config took 4.85s 
522493     INFO  Test worker     d.u.i.k.p.i.AbstractProblemLoader Replaying proof Test[Test::loopScopeRuleBenchmark(int,boolean)].JML normal_behavior operation contract.0 
522493     DEBUG Test worker     d.u.i.k.p.i.IntermediateProofReplayer Proof replay took 23.6ns 
]]></system-out>
  <system-err><![CDATA[]]></system-err>
</testsuite>
