<?xml version="1.0" encoding="UTF-8"?>
<testsuite name="recoder.testsuite.basic.analysis.ReferenceCompletenessTest" tests="1" skipped="0" failures="0" errors="0" timestamp="2023-03-22T17:34:57" hostname="fv-az255-473" time="0.001">
  <properties/>
  <testcase name="testReferenceCompleteness" classname="recoder.testsuite.basic.analysis.ReferenceCompletenessTest" time="0.001"/>
  <system-out><![CDATA[]]></system-out>
  <system-err><![CDATA[]]></system-err>
</testsuite>
