<?xml version="1.0" encoding="UTF-8"?>
<testsuite name="de.uka.ilkd.key.util.removegenerics.TestClassDeclaration" tests="5" skipped="0" failures="0" errors="0" timestamp="2023-04-07T14:43:02" hostname="fv-az256-523" time="0.12">
  <properties/>
  <testcase name="testComparable()" classname="de.uka.ilkd.key.util.removegenerics.TestClassDeclaration" time="0.06"/>
  <testcase name="testClassDecl1()" classname="de.uka.ilkd.key.util.removegenerics.TestClassDeclaration" time="0.003"/>
  <testcase name="testOverriddenMethods()" classname="de.uka.ilkd.key.util.removegenerics.TestClassDeclaration" time="0.012"/>
  <testcase name="testInterfaceDecl1()" classname="de.uka.ilkd.key.util.removegenerics.TestClassDeclaration" time="0.003"/>
  <testcase name="testOveriddenMethods2()" classname="de.uka.ilkd.key.util.removegenerics.TestClassDeclaration" time="0.015"/>
  <system-out><![CDATA[]]></system-out>
  <system-err><![CDATA[]]></system-err>
</testsuite>
