<?xml version="1.0" encoding="UTF-8"?>
<testsuite name="de.uka.ilkd.key.taclettranslation.TestTacletTranslator" tests="5" skipped="0" failures="0" errors="0" timestamp="2023-04-21T11:54:11" hostname="fv-az1230-243" time="0.025">
  <properties/>
  <testcase name="testPropositional1()" classname="de.uka.ilkd.key.taclettranslation.TestTacletTranslator" time="0.012"/>
  <testcase name="testPropositional2()" classname="de.uka.ilkd.key.taclettranslation.TestTacletTranslator" time="0.003"/>
  <testcase name="testNegativePolarity()" classname="de.uka.ilkd.key.taclettranslation.TestTacletTranslator" time="0.003"/>
  <testcase name="testNoPolarity()" classname="de.uka.ilkd.key.taclettranslation.TestTacletTranslator" time="0.002"/>
  <testcase name="testPositivePolarity()" classname="de.uka.ilkd.key.taclettranslation.TestTacletTranslator" time="0.003"/>
  <system-out><![CDATA[909763     INFO  Test worker     d.u.i.k.n.KeyIO           Parsing took 0 ms 
909763     DEBUG Test worker     d.u.i.k.n.KeyIO           Load declarations of de.uka.ilkd.key.nparser.KeyAst$File:  <unknown>:1#1 
909763     INFO  Test worker     d.u.i.k.n.KeyIO           MODE: declarations took 0 ms 
909763     DEBUG Test worker     d.u.i.k.n.KeyIO           MODE: 2nd degree decls took 0 
909765     DEBUG Test worker     d.u.i.k.n.KeyIO           MODE: taclets took 0ms 
909774     INFO  Test worker     d.u.i.k.n.KeyIO           Parsing took 0 ms 
909774     DEBUG Test worker     d.u.i.k.n.KeyIO           Load declarations of de.uka.ilkd.key.nparser.KeyAst$File:  <unknown>:1#1 
909774     INFO  Test worker     d.u.i.k.n.KeyIO           MODE: declarations took 0 ms 
909774     DEBUG Test worker     d.u.i.k.n.KeyIO           MODE: 2nd degree decls took 0 
909774     DEBUG Test worker     d.u.i.k.n.KeyIO           MODE: taclets took 0ms 
909779     INFO  Test worker     d.u.i.k.n.KeyIO           Parsing took 0 ms 
909779     DEBUG Test worker     d.u.i.k.n.KeyIO           Load declarations of de.uka.ilkd.key.nparser.KeyAst$File:  <unknown>:1#1 
909779     INFO  Test worker     d.u.i.k.n.KeyIO           MODE: declarations took 0 ms 
909779     DEBUG Test worker     d.u.i.k.n.KeyIO           MODE: 2nd degree decls took 0 
909779     DEBUG Test worker     d.u.i.k.n.KeyIO           MODE: taclets took 0ms 
909779     INFO  Test worker     d.u.i.k.n.KeyIO           Parsing took 0 ms 
909779     DEBUG Test worker     d.u.i.k.n.KeyIO           Load declarations of de.uka.ilkd.key.nparser.KeyAst$File:  <unknown>:1#1 
909779     INFO  Test worker     d.u.i.k.n.KeyIO           MODE: declarations took 0 ms 
909779     DEBUG Test worker     d.u.i.k.n.KeyIO           MODE: 2nd degree decls took 0 
909779     DEBUG Test worker     d.u.i.k.n.KeyIO           MODE: taclets took 0ms 
909779     INFO  Test worker     d.u.i.k.n.KeyIO           Parsing took 0 ms 
909779     DEBUG Test worker     d.u.i.k.n.KeyIO           Load declarations of de.uka.ilkd.key.nparser.KeyAst$File:  <unknown>:1#1 
909779     INFO  Test worker     d.u.i.k.n.KeyIO           MODE: declarations took 0 ms 
909779     DEBUG Test worker     d.u.i.k.n.KeyIO           MODE: 2nd degree decls took 0 
909779     DEBUG Test worker     d.u.i.k.n.KeyIO           MODE: taclets took 0ms 
]]></system-out>
  <system-err><![CDATA[]]></system-err>
</testsuite>
