<?xml version="1.0" encoding="UTF-8"?>
<testsuite name="de.uka.ilkd.key.parser.TestTermParserHeap" tests="39" skipped="0" failures="0" errors="0" timestamp="2023-04-21T11:44:51" hostname="fv-az1230-243" time="124.637">
  <properties/>
  <testcase name="testBracketHeapUpdate()" classname="de.uka.ilkd.key.parser.TestTermParserHeap" time="0.018"/>
  <testcase name="testStore()" classname="de.uka.ilkd.key.parser.TestTermParserHeap" time="0.01"/>
  <testcase name="testUnknownConstant()" classname="de.uka.ilkd.key.parser.TestTermParserHeap" time="0.004"/>
  <testcase name="testAllFieldsSelector()" classname="de.uka.ilkd.key.parser.TestTermParserHeap" time="0.004"/>
  <testcase name="testParsePrettyPrintedSelect()" classname="de.uka.ilkd.key.parser.TestTermParserHeap" time="0.005"/>
  <testcase name="testAccessStaticMembers()" classname="de.uka.ilkd.key.parser.TestTermParserHeap" time="0.008"/>
  <testcase name="testAtOperator_1()" classname="de.uka.ilkd.key.parser.TestTermParserHeap" time="0.004"/>
  <testcase name="testAtOperator_2()" classname="de.uka.ilkd.key.parser.TestTermParserHeap" time="0.003"/>
  <testcase name="testAtOperator_3()" classname="de.uka.ilkd.key.parser.TestTermParserHeap" time="0.007"/>
  <testcase name="testAtOperator_4()" classname="de.uka.ilkd.key.parser.TestTermParserHeap" time="0.014"/>
  <testcase name="testAtOperator_5()" classname="de.uka.ilkd.key.parser.TestTermParserHeap" time="0.004"/>
  <testcase name="testAtOperator_6()" classname="de.uka.ilkd.key.parser.TestTermParserHeap" time="0.002"/>
  <testcase name="testAtOperator_7()" classname="de.uka.ilkd.key.parser.TestTermParserHeap" time="0.007"/>
  <testcase name="testAtOperator_8()" classname="de.uka.ilkd.key.parser.TestTermParserHeap" time="0.008"/>
  <testcase name="testVerifyExceptionIfAtOperatorNotPreceededBySelectTerm()" classname="de.uka.ilkd.key.parser.TestTermParserHeap" time="0.006"/>
  <testcase name="testBugResettingCounter()" classname="de.uka.ilkd.key.parser.TestTermParserHeap" time="0.004"/>
  <testcase name="testLocationSets()" classname="de.uka.ilkd.key.parser.TestTermParserHeap" time="0.006"/>
  <testcase name="testQuantifiedSelect()" classname="de.uka.ilkd.key.parser.TestTermParserHeap" time="0.004"/>
  <testcase name="testGenericObjectProperties()" classname="de.uka.ilkd.key.parser.TestTermParserHeap" time="0.003"/>
  <testcase name="testQueryInheritance_1()" classname="de.uka.ilkd.key.parser.TestTermParserHeap" time="0.005"/>
  <testcase name="testQueryInheritance_2()" classname="de.uka.ilkd.key.parser.TestTermParserHeap" time="0.141"/>
  <testcase name="testQueryInheritance_3()" classname="de.uka.ilkd.key.parser.TestTermParserHeap" time="0.005"/>
  <testcase name="testQueryInheritance_4()" classname="de.uka.ilkd.key.parser.TestTermParserHeap" time="0.001"/>
  <testcase name="testQueryInheritance_5()" classname="de.uka.ilkd.key.parser.TestTermParserHeap" time="0.002"/>
  <testcase name="testQueryInheritance_6()" classname="de.uka.ilkd.key.parser.TestTermParserHeap" time="0.003"/>
  <testcase name="testQueryInheritance_7()" classname="de.uka.ilkd.key.parser.TestTermParserHeap" time="0.003"/>
  <testcase name="testQueryInheritance_8()" classname="de.uka.ilkd.key.parser.TestTermParserHeap" time="0.005"/>
  <testcase name="testQueryInheritance_9()" classname="de.uka.ilkd.key.parser.TestTermParserHeap" time="0.004"/>
  <testcase name="testQueryBasic_10()" classname="de.uka.ilkd.key.parser.TestTermParserHeap" time="0.003"/>
  <testcase name="testQueryBasic_11()" classname="de.uka.ilkd.key.parser.TestTermParserHeap" time="0.003"/>
  <testcase name="testQueryBasic_1()" classname="de.uka.ilkd.key.parser.TestTermParserHeap" time="0.003"/>
  <testcase name="testQueryBasic_2()" classname="de.uka.ilkd.key.parser.TestTermParserHeap" time="0.003"/>
  <testcase name="testQueryBasic_3()" classname="de.uka.ilkd.key.parser.TestTermParserHeap" time="0.005"/>
  <testcase name="testQueryBasic_4()" classname="de.uka.ilkd.key.parser.TestTermParserHeap" time="0.006"/>
  <testcase name="testQueryBasic_5()" classname="de.uka.ilkd.key.parser.TestTermParserHeap" time="0.002"/>
  <testcase name="testQueryBasic_6()" classname="de.uka.ilkd.key.parser.TestTermParserHeap" time="0.003"/>
  <testcase name="testQueryBasic_7()" classname="de.uka.ilkd.key.parser.TestTermParserHeap" time="0.004"/>
  <testcase name="testQueryBasic_8()" classname="de.uka.ilkd.key.parser.TestTermParserHeap" time="0.004"/>
  <testcase name="testQueryBasic_9()" classname="de.uka.ilkd.key.parser.TestTermParserHeap" time="0.003"/>
  <system-out><![CDATA[349889     INFO  Test worker     d.u.i.k.n.KeyIO           Parsing took 0 ms 
349889     DEBUG Test worker     d.u.i.k.n.KeyIO           Load declarations of de.uka.ilkd.key.nparser.KeyAst$File:  <unknown>:1#1 
349889     INFO  Test worker     d.u.i.k.n.KeyIO           MODE: declarations took 0 ms 
349889     DEBUG Test worker     d.u.i.k.n.KeyIO           MODE: 2nd degree decls took 0 
349889     INFO  Test worker     d.u.i.k.n.KeyIO           Parsing took 0 ms 
349889     DEBUG Test worker     d.u.i.k.n.KeyIO           Load declarations of de.uka.ilkd.key.nparser.KeyAst$File:  <unknown>:1#1 
349889     INFO  Test worker     d.u.i.k.n.KeyIO           MODE: declarations took 0 ms 
349889     DEBUG Test worker     d.u.i.k.n.KeyIO           MODE: 2nd degree decls took 0 
349889     INFO  Test worker     d.u.i.k.n.KeyIO           Parsing took 0 ms 
349889     DEBUG Test worker     d.u.i.k.n.KeyIO           Load declarations of de.uka.ilkd.key.nparser.KeyAst$File:  <unknown>:1#1 
349889     INFO  Test worker     d.u.i.k.n.KeyIO           MODE: declarations took 0 ms 
349889     DEBUG Test worker     d.u.i.k.n.KeyIO           MODE: 2nd degree decls took 0 
349889     INFO  Test worker     d.u.i.k.n.KeyIO           Parsing took 0 ms 
349889     DEBUG Test worker     d.u.i.k.n.KeyIO           Load declarations of de.uka.ilkd.key.nparser.KeyAst$File:  <unknown>:1#1 
349889     INFO  Test worker     d.u.i.k.n.KeyIO           MODE: declarations took 0 ms 
349889     DEBUG Test worker     d.u.i.k.n.KeyIO           MODE: 2nd degree decls took 0 
349889     INFO  Test worker     d.u.i.k.n.KeyIO           Parsing took 0 ms 
349889     DEBUG Test worker     d.u.i.k.n.KeyIO           Load declarations of de.uka.ilkd.key.nparser.KeyAst$File:  <unknown>:1#1 
349889     INFO  Test worker     d.u.i.k.n.KeyIO           MODE: declarations took 0 ms 
349889     DEBUG Test worker     d.u.i.k.n.KeyIO           MODE: 2nd degree decls took 0 
353231     INFO  Test worker     d.u.i.k.n.KeyIO           Parsing took 0 ms 
353231     DEBUG Test worker     d.u.i.k.n.KeyIO           Load declarations of de.uka.ilkd.key.nparser.KeyAst$File:  <unknown>:1#1 
353231     INFO  Test worker     d.u.i.k.n.KeyIO           MODE: declarations took 0 ms 
353231     DEBUG Test worker     d.u.i.k.n.KeyIO           MODE: 2nd degree decls took 0 
353231     INFO  Test worker     d.u.i.k.n.KeyIO           Parsing took 0 ms 
353231     DEBUG Test worker     d.u.i.k.n.KeyIO           Load declarations of de.uka.ilkd.key.nparser.KeyAst$File:  <unknown>:1#1 
353231     INFO  Test worker     d.u.i.k.n.KeyIO           MODE: declarations took 0 ms 
353231     DEBUG Test worker     d.u.i.k.n.KeyIO           MODE: 2nd degree decls took 0 
353231     INFO  Test worker     d.u.i.k.n.KeyIO           Parsing took 0 ms 
353231     DEBUG Test worker     d.u.i.k.n.KeyIO           Load declarations of de.uka.ilkd.key.nparser.KeyAst$File:  <unknown>:1#1 
353231     INFO  Test worker     d.u.i.k.n.KeyIO           MODE: declarations took 0 ms 
353231     DEBUG Test worker     d.u.i.k.n.KeyIO           MODE: 2nd degree decls took 0 
353231     INFO  Test worker     d.u.i.k.n.KeyIO           Parsing took 0 ms 
353231     DEBUG Test worker     d.u.i.k.n.KeyIO           Load declarations of de.uka.ilkd.key.nparser.KeyAst$File:  <unknown>:1#1 
353231     INFO  Test worker     d.u.i.k.n.KeyIO           MODE: declarations took 0 ms 
353231     DEBUG Test worker     d.u.i.k.n.KeyIO           MODE: 2nd degree decls took 0 
353231     INFO  Test worker     d.u.i.k.n.KeyIO           Parsing took 0 ms 
353231     DEBUG Test worker     d.u.i.k.n.KeyIO           Load declarations of de.uka.ilkd.key.nparser.KeyAst$File:  <unknown>:1#1 
353231     INFO  Test worker     d.u.i.k.n.KeyIO           MODE: declarations took 0 ms 
353231     DEBUG Test worker     d.u.i.k.n.KeyIO           MODE: 2nd degree decls took 0 
356622     INFO  Test worker     d.u.i.k.n.KeyIO           Parsing took 0 ms 
356622     DEBUG Test worker     d.u.i.k.n.KeyIO           Load declarations of de.uka.ilkd.key.nparser.KeyAst$File:  <unknown>:1#1 
356622     INFO  Test worker     d.u.i.k.n.KeyIO           MODE: declarations took 0 ms 
356622     DEBUG Test worker     d.u.i.k.n.KeyIO           MODE: 2nd degree decls took 0 
356622     INFO  Test worker     d.u.i.k.n.KeyIO           Parsing took 0 ms 
356622     DEBUG Test worker     d.u.i.k.n.KeyIO           Load declarations of de.uka.ilkd.key.nparser.KeyAst$File:  <unknown>:1#1 
356622     INFO  Test worker     d.u.i.k.n.KeyIO           MODE: declarations took 0 ms 
356622     DEBUG Test worker     d.u.i.k.n.KeyIO           MODE: 2nd degree decls took 0 
356622     INFO  Test worker     d.u.i.k.n.KeyIO           Parsing took 0 ms 
356622     DEBUG Test worker     d.u.i.k.n.KeyIO           Load declarations of de.uka.ilkd.key.nparser.KeyAst$File:  <unknown>:1#1 
356622     INFO  Test worker     d.u.i.k.n.KeyIO           MODE: declarations took 0 ms 
356622     DEBUG Test worker     d.u.i.k.n.KeyIO           MODE: 2nd degree decls took 0 
356622     INFO  Test worker     d.u.i.k.n.KeyIO           Parsing took 0 ms 
356622     DEBUG Test worker     d.u.i.k.n.KeyIO           Load declarations of de.uka.ilkd.key.nparser.KeyAst$File:  <unknown>:1#1 
356622     INFO  Test worker     d.u.i.k.n.KeyIO           MODE: declarations took 0 ms 
356622     DEBUG Test worker     d.u.i.k.n.KeyIO           MODE: 2nd degree decls took 0 
356622     INFO  Test worker     d.u.i.k.n.KeyIO           Parsing took 0 ms 
356622     DEBUG Test worker     d.u.i.k.n.KeyIO           Load declarations of de.uka.ilkd.key.nparser.KeyAst$File:  <unknown>:1#1 
356622     INFO  Test worker     d.u.i.k.n.KeyIO           MODE: declarations took 0 ms 
356622     DEBUG Test worker     d.u.i.k.n.KeyIO           MODE: 2nd degree decls took 0 
356622     INFO  Test worker     d.u.i.k.n.KeyIO           Parsing took 0 ms 
356622     DEBUG Test worker     d.u.i.k.n.KeyIO           Load declarations of de.uka.ilkd.key.nparser.KeyAst$File:  <unknown>:1#1 
356622     INFO  Test worker     d.u.i.k.n.KeyIO           MODE: declarations took 0 ms 
356622     DEBUG Test worker     d.u.i.k.n.KeyIO           MODE: 2nd degree decls took 0 
359968     INFO  Test worker     d.u.i.k.n.KeyIO           Parsing took 0 ms 
359968     DEBUG Test worker     d.u.i.k.n.KeyIO           Load declarations of de.uka.ilkd.key.nparser.KeyAst$File:  <unknown>:1#1 
359968     INFO  Test worker     d.u.i.k.n.KeyIO           MODE: declarations took 0 ms 
359968     DEBUG Test worker     d.u.i.k.n.KeyIO           MODE: 2nd degree decls took 0 
359968     INFO  Test worker     d.u.i.k.n.KeyIO           Parsing took 0 ms 
359968     DEBUG Test worker     d.u.i.k.n.KeyIO           Load declarations of de.uka.ilkd.key.nparser.KeyAst$File:  <unknown>:1#1 
359968     INFO  Test worker     d.u.i.k.n.KeyIO           MODE: declarations took 0 ms 
359968     DEBUG Test worker     d.u.i.k.n.KeyIO           MODE: 2nd degree decls took 0 
359968     INFO  Test worker     d.u.i.k.n.KeyIO           Parsing took 0 ms 
359968     DEBUG Test worker     d.u.i.k.n.KeyIO           Load declarations of de.uka.ilkd.key.nparser.KeyAst$File:  <unknown>:1#1 
359968     INFO  Test worker     d.u.i.k.n.KeyIO           MODE: declarations took 0 ms 
359968     DEBUG Test worker     d.u.i.k.n.KeyIO           MODE: 2nd degree decls took 0 
359968     INFO  Test worker     d.u.i.k.n.KeyIO           Parsing took 0 ms 
359968     DEBUG Test worker     d.u.i.k.n.KeyIO           Load declarations of de.uka.ilkd.key.nparser.KeyAst$File:  <unknown>:1#1 
359968     INFO  Test worker     d.u.i.k.n.KeyIO           MODE: declarations took 0 ms 
359968     DEBUG Test worker     d.u.i.k.n.KeyIO           MODE: 2nd degree decls took 0 
359968     INFO  Test worker     d.u.i.k.n.KeyIO           Parsing took 0 ms 
359968     DEBUG Test worker     d.u.i.k.n.KeyIO           Load declarations of de.uka.ilkd.key.nparser.KeyAst$File:  <unknown>:1#1 
359968     INFO  Test worker     d.u.i.k.n.KeyIO           MODE: declarations took 0 ms 
359968     DEBUG Test worker     d.u.i.k.n.KeyIO           MODE: 2nd degree decls took 0 
363379     INFO  Test worker     d.u.i.k.n.KeyIO           Parsing took 0 ms 
363379     DEBUG Test worker     d.u.i.k.n.KeyIO           Load declarations of de.uka.ilkd.key.nparser.KeyAst$File:  <unknown>:1#1 
363379     INFO  Test worker     d.u.i.k.n.KeyIO           MODE: declarations took 0 ms 
363379     DEBUG Test worker     d.u.i.k.n.KeyIO           MODE: 2nd degree decls took 0 
363379     INFO  Test worker     d.u.i.k.n.KeyIO           Parsing took 0 ms 
363379     DEBUG Test worker     d.u.i.k.n.KeyIO           Load declarations of de.uka.ilkd.key.nparser.KeyAst$File:  <unknown>:1#1 
363379     INFO  Test worker     d.u.i.k.n.KeyIO           MODE: declarations took 0 ms 
363379     DEBUG Test worker     d.u.i.k.n.KeyIO           MODE: 2nd degree decls took 0 
363379     INFO  Test worker     d.u.i.k.n.KeyIO           Parsing took 0 ms 
363379     DEBUG Test worker     d.u.i.k.n.KeyIO           Load declarations of de.uka.ilkd.key.nparser.KeyAst$File:  <unknown>:1#1 
363379     INFO  Test worker     d.u.i.k.n.KeyIO           MODE: declarations took 0 ms 
363379     DEBUG Test worker     d.u.i.k.n.KeyIO           MODE: 2nd degree decls took 0 
363379     INFO  Test worker     d.u.i.k.n.KeyIO           Parsing took 0 ms 
363379     DEBUG Test worker     d.u.i.k.n.KeyIO           Load declarations of de.uka.ilkd.key.nparser.KeyAst$File:  <unknown>:1#1 
363379     INFO  Test worker     d.u.i.k.n.KeyIO           MODE: declarations took 0 ms 
363379     DEBUG Test worker     d.u.i.k.n.KeyIO           MODE: 2nd degree decls took 0 
363379     INFO  Test worker     d.u.i.k.n.KeyIO           Parsing took 0 ms 
363379     DEBUG Test worker     d.u.i.k.n.KeyIO           Load declarations of de.uka.ilkd.key.nparser.KeyAst$File:  <unknown>:1#1 
363379     INFO  Test worker     d.u.i.k.n.KeyIO           MODE: declarations took 0 ms 
363379     DEBUG Test worker     d.u.i.k.n.KeyIO           MODE: 2nd degree decls took 0 
366684     INFO  Test worker     d.u.i.k.n.KeyIO           Parsing took 0 ms 
366684     DEBUG Test worker     d.u.i.k.n.KeyIO           Load declarations of de.uka.ilkd.key.nparser.KeyAst$File:  <unknown>:1#1 
366684     INFO  Test worker     d.u.i.k.n.KeyIO           MODE: declarations took 0 ms 
366684     DEBUG Test worker     d.u.i.k.n.KeyIO           MODE: 2nd degree decls took 0 
366684     INFO  Test worker     d.u.i.k.n.KeyIO           Parsing took 0 ms 
366684     DEBUG Test worker     d.u.i.k.n.KeyIO           Load declarations of de.uka.ilkd.key.nparser.KeyAst$File:  <unknown>:1#1 
366684     INFO  Test worker     d.u.i.k.n.KeyIO           MODE: declarations took 0 ms 
366684     DEBUG Test worker     d.u.i.k.n.KeyIO           MODE: 2nd degree decls took 0 
366684     INFO  Test worker     d.u.i.k.n.KeyIO           Parsing took 0 ms 
366684     DEBUG Test worker     d.u.i.k.n.KeyIO           Load declarations of de.uka.ilkd.key.nparser.KeyAst$File:  <unknown>:1#1 
366684     INFO  Test worker     d.u.i.k.n.KeyIO           MODE: declarations took 0 ms 
366684     DEBUG Test worker     d.u.i.k.n.KeyIO           MODE: 2nd degree decls took 0 
366684     INFO  Test worker     d.u.i.k.n.KeyIO           Parsing took 0 ms 
366684     DEBUG Test worker     d.u.i.k.n.KeyIO           Load declarations of de.uka.ilkd.key.nparser.KeyAst$File:  <unknown>:1#1 
366684     INFO  Test worker     d.u.i.k.n.KeyIO           MODE: declarations took 0 ms 
366684     DEBUG Test worker     d.u.i.k.n.KeyIO           MODE: 2nd degree decls took 0 
366684     INFO  Test worker     d.u.i.k.n.KeyIO           Parsing took 0 ms 
366684     DEBUG Test worker     d.u.i.k.n.KeyIO           Load declarations of de.uka.ilkd.key.nparser.KeyAst$File:  <unknown>:1#1 
366684     INFO  Test worker     d.u.i.k.n.KeyIO           MODE: declarations took 0 ms 
366684     DEBUG Test worker     d.u.i.k.n.KeyIO           MODE: 2nd degree decls took 0 
369927     INFO  Test worker     d.u.i.k.n.KeyIO           Parsing took 0 ms 
369927     DEBUG Test worker     d.u.i.k.n.KeyIO           Load declarations of de.uka.ilkd.key.nparser.KeyAst$File:  <unknown>:1#1 
369927     INFO  Test worker     d.u.i.k.n.KeyIO           MODE: declarations took 0 ms 
369927     DEBUG Test worker     d.u.i.k.n.KeyIO           MODE: 2nd degree decls took 0 
369927     INFO  Test worker     d.u.i.k.n.KeyIO           Parsing took 0 ms 
369927     DEBUG Test worker     d.u.i.k.n.KeyIO           Load declarations of de.uka.ilkd.key.nparser.KeyAst$File:  <unknown>:1#1 
369927     INFO  Test worker     d.u.i.k.n.KeyIO           MODE: declarations took 0 ms 
369927     DEBUG Test worker     d.u.i.k.n.KeyIO           MODE: 2nd degree decls took 0 
369927     INFO  Test worker     d.u.i.k.n.KeyIO           Parsing took 0 ms 
369927     DEBUG Test worker     d.u.i.k.n.KeyIO           Load declarations of de.uka.ilkd.key.nparser.KeyAst$File:  <unknown>:1#1 
369927     INFO  Test worker     d.u.i.k.n.KeyIO           MODE: declarations took 0 ms 
369927     DEBUG Test worker     d.u.i.k.n.KeyIO           MODE: 2nd degree decls took 0 
369927     INFO  Test worker     d.u.i.k.n.KeyIO           Parsing took 0 ms 
369927     DEBUG Test worker     d.u.i.k.n.KeyIO           Load declarations of de.uka.ilkd.key.nparser.KeyAst$File:  <unknown>:1#1 
369927     INFO  Test worker     d.u.i.k.n.KeyIO           MODE: declarations took 0 ms 
369927     DEBUG Test worker     d.u.i.k.n.KeyIO           MODE: 2nd degree decls took 0 
369927     INFO  Test worker     d.u.i.k.n.KeyIO           Parsing took 0 ms 
369927     DEBUG Test worker     d.u.i.k.n.KeyIO           Load declarations of de.uka.ilkd.key.nparser.KeyAst$File:  <unknown>:1#1 
369927     INFO  Test worker     d.u.i.k.n.KeyIO           MODE: declarations took 0 ms 
369927     DEBUG Test worker     d.u.i.k.n.KeyIO           MODE: 2nd degree decls took 0 
373132     INFO  Test worker     d.u.i.k.n.KeyIO           Parsing took 0 ms 
373132     DEBUG Test worker     d.u.i.k.n.KeyIO           Load declarations of de.uka.ilkd.key.nparser.KeyAst$File:  <unknown>:1#1 
373132     INFO  Test worker     d.u.i.k.n.KeyIO           MODE: declarations took 0 ms 
373132     DEBUG Test worker     d.u.i.k.n.KeyIO           MODE: 2nd degree decls took 0 
373132     INFO  Test worker     d.u.i.k.n.KeyIO           Parsing took 0 ms 
373132     DEBUG Test worker     d.u.i.k.n.KeyIO           Load declarations of de.uka.ilkd.key.nparser.KeyAst$File:  <unknown>:1#1 
373132     INFO  Test worker     d.u.i.k.n.KeyIO           MODE: declarations took 0 ms 
373132     DEBUG Test worker     d.u.i.k.n.KeyIO           MODE: 2nd degree decls took 0 
373132     INFO  Test worker     d.u.i.k.n.KeyIO           Parsing took 0 ms 
373132     DEBUG Test worker     d.u.i.k.n.KeyIO           Load declarations of de.uka.ilkd.key.nparser.KeyAst$File:  <unknown>:1#1 
373132     INFO  Test worker     d.u.i.k.n.KeyIO           MODE: declarations took 0 ms 
373148     DEBUG Test worker     d.u.i.k.n.KeyIO           MODE: 2nd degree decls took 0 
373148     INFO  Test worker     d.u.i.k.n.KeyIO           Parsing took 0 ms 
373148     DEBUG Test worker     d.u.i.k.n.KeyIO           Load declarations of de.uka.ilkd.key.nparser.KeyAst$File:  <unknown>:1#1 
373148     INFO  Test worker     d.u.i.k.n.KeyIO           MODE: declarations took 0 ms 
373148     DEBUG Test worker     d.u.i.k.n.KeyIO           MODE: 2nd degree decls took 0 
373148     INFO  Test worker     d.u.i.k.n.KeyIO           Parsing took 0 ms 
373148     DEBUG Test worker     d.u.i.k.n.KeyIO           Load declarations of de.uka.ilkd.key.nparser.KeyAst$File:  <unknown>:1#1 
373148     INFO  Test worker     d.u.i.k.n.KeyIO           MODE: declarations took 0 ms 
373148     DEBUG Test worker     d.u.i.k.n.KeyIO           MODE: 2nd degree decls took 0 
376329     INFO  Test worker     d.u.i.k.n.KeyIO           Parsing took 0 ms 
376329     DEBUG Test worker     d.u.i.k.n.KeyIO           Load declarations of de.uka.ilkd.key.nparser.KeyAst$File:  <unknown>:1#1 
376329     INFO  Test worker     d.u.i.k.n.KeyIO           MODE: declarations took 0 ms 
376329     DEBUG Test worker     d.u.i.k.n.KeyIO           MODE: 2nd degree decls took 0 
376329     INFO  Test worker     d.u.i.k.n.KeyIO           Parsing took 0 ms 
376345     DEBUG Test worker     d.u.i.k.n.KeyIO           Load declarations of de.uka.ilkd.key.nparser.KeyAst$File:  <unknown>:1#1 
376345     INFO  Test worker     d.u.i.k.n.KeyIO           MODE: declarations took 0 ms 
376345     DEBUG Test worker     d.u.i.k.n.KeyIO           MODE: 2nd degree decls took 0 
376345     INFO  Test worker     d.u.i.k.n.KeyIO           Parsing took 0 ms 
376345     DEBUG Test worker     d.u.i.k.n.KeyIO           Load declarations of de.uka.ilkd.key.nparser.KeyAst$File:  <unknown>:1#1 
376345     INFO  Test worker     d.u.i.k.n.KeyIO           MODE: declarations took 0 ms 
376345     DEBUG Test worker     d.u.i.k.n.KeyIO           MODE: 2nd degree decls took 0 
376345     INFO  Test worker     d.u.i.k.n.KeyIO           Parsing took 0 ms 
376345     DEBUG Test worker     d.u.i.k.n.KeyIO           Load declarations of de.uka.ilkd.key.nparser.KeyAst$File:  <unknown>:1#1 
376345     INFO  Test worker     d.u.i.k.n.KeyIO           MODE: declarations took 0 ms 
376345     DEBUG Test worker     d.u.i.k.n.KeyIO           MODE: 2nd degree decls took 0 
376345     INFO  Test worker     d.u.i.k.n.KeyIO           Parsing took 0 ms 
376345     DEBUG Test worker     d.u.i.k.n.KeyIO           Load declarations of de.uka.ilkd.key.nparser.KeyAst$File:  <unknown>:1#1 
376345     INFO  Test worker     d.u.i.k.n.KeyIO           MODE: declarations took 0 ms 
376345     DEBUG Test worker     d.u.i.k.n.KeyIO           MODE: 2nd degree decls took 0 
379598     INFO  Test worker     d.u.i.k.n.KeyIO           Parsing took 0 ms 
379598     DEBUG Test worker     d.u.i.k.n.KeyIO           Load declarations of de.uka.ilkd.key.nparser.KeyAst$File:  <unknown>:1#1 
379598     INFO  Test worker     d.u.i.k.n.KeyIO           MODE: declarations took 0 ms 
379598     DEBUG Test worker     d.u.i.k.n.KeyIO           MODE: 2nd degree decls took 0 
379598     INFO  Test worker     d.u.i.k.n.KeyIO           Parsing took 0 ms 
379598     DEBUG Test worker     d.u.i.k.n.KeyIO           Load declarations of de.uka.ilkd.key.nparser.KeyAst$File:  <unknown>:1#1 
379598     INFO  Test worker     d.u.i.k.n.KeyIO           MODE: declarations took 0 ms 
379598     DEBUG Test worker     d.u.i.k.n.KeyIO           MODE: 2nd degree decls took 0 
379598     INFO  Test worker     d.u.i.k.n.KeyIO           Parsing took 0 ms 
379598     DEBUG Test worker     d.u.i.k.n.KeyIO           Load declarations of de.uka.ilkd.key.nparser.KeyAst$File:  <unknown>:1#1 
379598     INFO  Test worker     d.u.i.k.n.KeyIO           MODE: declarations took 0 ms 
379598     DEBUG Test worker     d.u.i.k.n.KeyIO           MODE: 2nd degree decls took 0 
379598     INFO  Test worker     d.u.i.k.n.KeyIO           Parsing took 0 ms 
379598     DEBUG Test worker     d.u.i.k.n.KeyIO           Load declarations of de.uka.ilkd.key.nparser.KeyAst$File:  <unknown>:1#1 
379598     INFO  Test worker     d.u.i.k.n.KeyIO           MODE: declarations took 0 ms 
379598     DEBUG Test worker     d.u.i.k.n.KeyIO           MODE: 2nd degree decls took 0 
379598     INFO  Test worker     d.u.i.k.n.KeyIO           Parsing took 0 ms 
379598     DEBUG Test worker     d.u.i.k.n.KeyIO           Load declarations of de.uka.ilkd.key.nparser.KeyAst$File:  <unknown>:1#1 
379598     INFO  Test worker     d.u.i.k.n.KeyIO           MODE: declarations took 0 ms 
379598     DEBUG Test worker     d.u.i.k.n.KeyIO           MODE: 2nd degree decls took 0 
382834     INFO  Test worker     d.u.i.k.n.KeyIO           Parsing took 0 ms 
382834     DEBUG Test worker     d.u.i.k.n.KeyIO           Load declarations of de.uka.ilkd.key.nparser.KeyAst$File:  <unknown>:1#1 
382834     INFO  Test worker     d.u.i.k.n.KeyIO           MODE: declarations took 0 ms 
382834     DEBUG Test worker     d.u.i.k.n.KeyIO           MODE: 2nd degree decls took 0 
382834     INFO  Test worker     d.u.i.k.n.KeyIO           Parsing took 0 ms 
382834     DEBUG Test worker     d.u.i.k.n.KeyIO           Load declarations of de.uka.ilkd.key.nparser.KeyAst$File:  <unknown>:1#1 
382834     INFO  Test worker     d.u.i.k.n.KeyIO           MODE: declarations took 0 ms 
382834     DEBUG Test worker     d.u.i.k.n.KeyIO           MODE: 2nd degree decls took 0 
382834     INFO  Test worker     d.u.i.k.n.KeyIO           Parsing took 0 ms 
382834     DEBUG Test worker     d.u.i.k.n.KeyIO           Load declarations of de.uka.ilkd.key.nparser.KeyAst$File:  <unknown>:1#1 
382834     INFO  Test worker     d.u.i.k.n.KeyIO           MODE: declarations took 0 ms 
382834     DEBUG Test worker     d.u.i.k.n.KeyIO           MODE: 2nd degree decls took 0 
382834     INFO  Test worker     d.u.i.k.n.KeyIO           Parsing took 0 ms 
382834     DEBUG Test worker     d.u.i.k.n.KeyIO           Load declarations of de.uka.ilkd.key.nparser.KeyAst$File:  <unknown>:1#1 
382834     INFO  Test worker     d.u.i.k.n.KeyIO           MODE: declarations took 0 ms 
382834     DEBUG Test worker     d.u.i.k.n.KeyIO           MODE: 2nd degree decls took 0 
382834     INFO  Test worker     d.u.i.k.n.KeyIO           Parsing took 0 ms 
382834     DEBUG Test worker     d.u.i.k.n.KeyIO           Load declarations of de.uka.ilkd.key.nparser.KeyAst$File:  <unknown>:1#1 
382834     INFO  Test worker     d.u.i.k.n.KeyIO           MODE: declarations took 0 ms 
382834     DEBUG Test worker     d.u.i.k.n.KeyIO           MODE: 2nd degree decls took 0 
386111     INFO  Test worker     d.u.i.k.n.KeyIO           Parsing took 0 ms 
386111     DEBUG Test worker     d.u.i.k.n.KeyIO           Load declarations of de.uka.ilkd.key.nparser.KeyAst$File:  <unknown>:1#1 
386111     INFO  Test worker     d.u.i.k.n.KeyIO           MODE: declarations took 0 ms 
386111     DEBUG Test worker     d.u.i.k.n.KeyIO           MODE: 2nd degree decls took 0 
386111     INFO  Test worker     d.u.i.k.n.KeyIO           Parsing took 0 ms 
386111     DEBUG Test worker     d.u.i.k.n.KeyIO           Load declarations of de.uka.ilkd.key.nparser.KeyAst$File:  <unknown>:1#1 
386111     INFO  Test worker     d.u.i.k.n.KeyIO           MODE: declarations took 0 ms 
386111     DEBUG Test worker     d.u.i.k.n.KeyIO           MODE: 2nd degree decls took 0 
386111     INFO  Test worker     d.u.i.k.n.KeyIO           Parsing took 0 ms 
386111     DEBUG Test worker     d.u.i.k.n.KeyIO           Load declarations of de.uka.ilkd.key.nparser.KeyAst$File:  <unknown>:1#1 
386111     INFO  Test worker     d.u.i.k.n.KeyIO           MODE: declarations took 0 ms 
386111     DEBUG Test worker     d.u.i.k.n.KeyIO           MODE: 2nd degree decls took 0 
386111     INFO  Test worker     d.u.i.k.n.KeyIO           Parsing took 0 ms 
386111     DEBUG Test worker     d.u.i.k.n.KeyIO           Load declarations of de.uka.ilkd.key.nparser.KeyAst$File:  <unknown>:1#1 
386111     INFO  Test worker     d.u.i.k.n.KeyIO           MODE: declarations took 0 ms 
386111     DEBUG Test worker     d.u.i.k.n.KeyIO           MODE: 2nd degree decls took 0 
386111     INFO  Test worker     d.u.i.k.n.KeyIO           Parsing took 0 ms 
386111     DEBUG Test worker     d.u.i.k.n.KeyIO           Load declarations of de.uka.ilkd.key.nparser.KeyAst$File:  <unknown>:1#1 
386111     INFO  Test worker     d.u.i.k.n.KeyIO           MODE: declarations took 0 ms 
386111     DEBUG Test worker     d.u.i.k.n.KeyIO           MODE: 2nd degree decls took 0 
389382     INFO  Test worker     d.u.i.k.n.KeyIO           Parsing took 0 ms 
389382     DEBUG Test worker     d.u.i.k.n.KeyIO           Load declarations of de.uka.ilkd.key.nparser.KeyAst$File:  <unknown>:1#1 
389382     INFO  Test worker     d.u.i.k.n.KeyIO           MODE: declarations took 0 ms 
389382     DEBUG Test worker     d.u.i.k.n.KeyIO           MODE: 2nd degree decls took 0 
389382     INFO  Test worker     d.u.i.k.n.KeyIO           Parsing took 0 ms 
389382     DEBUG Test worker     d.u.i.k.n.KeyIO           Load declarations of de.uka.ilkd.key.nparser.KeyAst$File:  <unknown>:1#1 
389382     INFO  Test worker     d.u.i.k.n.KeyIO           MODE: declarations took 0 ms 
389382     DEBUG Test worker     d.u.i.k.n.KeyIO           MODE: 2nd degree decls took 0 
389382     INFO  Test worker     d.u.i.k.n.KeyIO           Parsing took 0 ms 
389382     DEBUG Test worker     d.u.i.k.n.KeyIO           Load declarations of de.uka.ilkd.key.nparser.KeyAst$File:  <unknown>:1#1 
389398     INFO  Test worker     d.u.i.k.n.KeyIO           MODE: declarations took 16 ms 
389398     DEBUG Test worker     d.u.i.k.n.KeyIO           MODE: 2nd degree decls took 0 
389398     INFO  Test worker     d.u.i.k.n.KeyIO           Parsing took 0 ms 
389398     DEBUG Test worker     d.u.i.k.n.KeyIO           Load declarations of de.uka.ilkd.key.nparser.KeyAst$File:  <unknown>:1#1 
389398     INFO  Test worker     d.u.i.k.n.KeyIO           MODE: declarations took 0 ms 
389398     DEBUG Test worker     d.u.i.k.n.KeyIO           MODE: 2nd degree decls took 0 
389398     INFO  Test worker     d.u.i.k.n.KeyIO           Parsing took 0 ms 
389398     DEBUG Test worker     d.u.i.k.n.KeyIO           Load declarations of de.uka.ilkd.key.nparser.KeyAst$File:  <unknown>:1#1 
389398     INFO  Test worker     d.u.i.k.n.KeyIO           MODE: declarations took 0 ms 
389398     DEBUG Test worker     d.u.i.k.n.KeyIO           MODE: 2nd degree decls took 0 
392625     INFO  Test worker     d.u.i.k.n.KeyIO           Parsing took 0 ms 
392625     DEBUG Test worker     d.u.i.k.n.KeyIO           Load declarations of de.uka.ilkd.key.nparser.KeyAst$File:  <unknown>:1#1 
392625     INFO  Test worker     d.u.i.k.n.KeyIO           MODE: declarations took 0 ms 
392625     DEBUG Test worker     d.u.i.k.n.KeyIO           MODE: 2nd degree decls took 0 
392641     INFO  Test worker     d.u.i.k.n.KeyIO           Parsing took 0 ms 
392641     DEBUG Test worker     d.u.i.k.n.KeyIO           Load declarations of de.uka.ilkd.key.nparser.KeyAst$File:  <unknown>:1#1 
392641     INFO  Test worker     d.u.i.k.n.KeyIO           MODE: declarations took 0 ms 
392641     DEBUG Test worker     d.u.i.k.n.KeyIO           MODE: 2nd degree decls took 0 
392641     INFO  Test worker     d.u.i.k.n.KeyIO           Parsing took 0 ms 
392641     DEBUG Test worker     d.u.i.k.n.KeyIO           Load declarations of de.uka.ilkd.key.nparser.KeyAst$File:  <unknown>:1#1 
392641     INFO  Test worker     d.u.i.k.n.KeyIO           MODE: declarations took 0 ms 
392641     DEBUG Test worker     d.u.i.k.n.KeyIO           MODE: 2nd degree decls took 0 
392641     INFO  Test worker     d.u.i.k.n.KeyIO           Parsing took 0 ms 
392641     DEBUG Test worker     d.u.i.k.n.KeyIO           Load declarations of de.uka.ilkd.key.nparser.KeyAst$File:  <unknown>:1#1 
392641     INFO  Test worker     d.u.i.k.n.KeyIO           MODE: declarations took 0 ms 
392641     DEBUG Test worker     d.u.i.k.n.KeyIO           MODE: 2nd degree decls took 0 
392641     INFO  Test worker     d.u.i.k.n.KeyIO           Parsing took 0 ms 
392641     DEBUG Test worker     d.u.i.k.n.KeyIO           Load declarations of de.uka.ilkd.key.nparser.KeyAst$File:  <unknown>:1#1 
392641     INFO  Test worker     d.u.i.k.n.KeyIO           MODE: declarations took 0 ms 
392641     DEBUG Test worker     d.u.i.k.n.KeyIO           MODE: 2nd degree decls took 0 
395913     INFO  Test worker     d.u.i.k.n.KeyIO           Parsing took 0 ms 
395913     DEBUG Test worker     d.u.i.k.n.KeyIO           Load declarations of de.uka.ilkd.key.nparser.KeyAst$File:  <unknown>:1#1 
395913     INFO  Test worker     d.u.i.k.n.KeyIO           MODE: declarations took 0 ms 
395913     DEBUG Test worker     d.u.i.k.n.KeyIO           MODE: 2nd degree decls took 0 
395913     INFO  Test worker     d.u.i.k.n.KeyIO           Parsing took 0 ms 
395913     DEBUG Test worker     d.u.i.k.n.KeyIO           Load declarations of de.uka.ilkd.key.nparser.KeyAst$File:  <unknown>:1#1 
395913     INFO  Test worker     d.u.i.k.n.KeyIO           MODE: declarations took 0 ms 
395913     DEBUG Test worker     d.u.i.k.n.KeyIO           MODE: 2nd degree decls took 0 
395913     INFO  Test worker     d.u.i.k.n.KeyIO           Parsing took 0 ms 
395913     DEBUG Test worker     d.u.i.k.n.KeyIO           Load declarations of de.uka.ilkd.key.nparser.KeyAst$File:  <unknown>:1#1 
395913     INFO  Test worker     d.u.i.k.n.KeyIO           MODE: declarations took 0 ms 
395913     DEBUG Test worker     d.u.i.k.n.KeyIO           MODE: 2nd degree decls took 0 
395913     INFO  Test worker     d.u.i.k.n.KeyIO           Parsing took 0 ms 
395913     DEBUG Test worker     d.u.i.k.n.KeyIO           Load declarations of de.uka.ilkd.key.nparser.KeyAst$File:  <unknown>:1#1 
395913     INFO  Test worker     d.u.i.k.n.KeyIO           MODE: declarations took 0 ms 
395913     DEBUG Test worker     d.u.i.k.n.KeyIO           MODE: 2nd degree decls took 0 
395913     INFO  Test worker     d.u.i.k.n.KeyIO           Parsing took 0 ms 
395913     DEBUG Test worker     d.u.i.k.n.KeyIO           Load declarations of de.uka.ilkd.key.nparser.KeyAst$File:  <unknown>:1#1 
395913     INFO  Test worker     d.u.i.k.n.KeyIO           MODE: declarations took 0 ms 
395913     DEBUG Test worker     d.u.i.k.n.KeyIO           MODE: 2nd degree decls took 0 
395913     WARN  Test worker     d.u.i.k.n.KeYParser       [syntax-error] <unknown>:1:11: mismatched input '@' expecting {'/', ':=', '.', '(', ')', '{', '[', '@', PARALLEL, OR, AND, IMP, '=', NOT_EQUALS, '%', '*', '-', '+', '>', GREATEREQUAL, '<', LESSEQUAL, LGUILLEMETS, EQV} [@11,11:11='@',<153>,1:11] (termEOF) 
399108     INFO  Test worker     d.u.i.k.n.KeyIO           Parsing took 0 ms 
399108     DEBUG Test worker     d.u.i.k.n.KeyIO           Load declarations of de.uka.ilkd.key.nparser.KeyAst$File:  <unknown>:1#1 
399108     INFO  Test worker     d.u.i.k.n.KeyIO           MODE: declarations took 0 ms 
399108     DEBUG Test worker     d.u.i.k.n.KeyIO           MODE: 2nd degree decls took 0 
399108     INFO  Test worker     d.u.i.k.n.KeyIO           Parsing took 0 ms 
399108     DEBUG Test worker     d.u.i.k.n.KeyIO           Load declarations of de.uka.ilkd.key.nparser.KeyAst$File:  <unknown>:1#1 
399108     INFO  Test worker     d.u.i.k.n.KeyIO           MODE: declarations took 0 ms 
399108     DEBUG Test worker     d.u.i.k.n.KeyIO           MODE: 2nd degree decls took 0 
399108     INFO  Test worker     d.u.i.k.n.KeyIO           Parsing took 0 ms 
399108     DEBUG Test worker     d.u.i.k.n.KeyIO           Load declarations of de.uka.ilkd.key.nparser.KeyAst$File:  <unknown>:1#1 
399108     INFO  Test worker     d.u.i.k.n.KeyIO           MODE: declarations took 0 ms 
399108     DEBUG Test worker     d.u.i.k.n.KeyIO           MODE: 2nd degree decls took 0 
399108     INFO  Test worker     d.u.i.k.n.KeyIO           Parsing took 0 ms 
399108     DEBUG Test worker     d.u.i.k.n.KeyIO           Load declarations of de.uka.ilkd.key.nparser.KeyAst$File:  <unknown>:1#1 
399108     INFO  Test worker     d.u.i.k.n.KeyIO           MODE: declarations took 0 ms 
399108     DEBUG Test worker     d.u.i.k.n.KeyIO           MODE: 2nd degree decls took 0 
399108     INFO  Test worker     d.u.i.k.n.KeyIO           Parsing took 0 ms 
399108     DEBUG Test worker     d.u.i.k.n.KeyIO           Load declarations of de.uka.ilkd.key.nparser.KeyAst$File:  <unknown>:1#1 
399108     INFO  Test worker     d.u.i.k.n.KeyIO           MODE: declarations took 0 ms 
399108     DEBUG Test worker     d.u.i.k.n.KeyIO           MODE: 2nd degree decls took 0 
402389     INFO  Test worker     d.u.i.k.n.KeyIO           Parsing took 0 ms 
402389     DEBUG Test worker     d.u.i.k.n.KeyIO           Load declarations of de.uka.ilkd.key.nparser.KeyAst$File:  <unknown>:1#1 
402389     INFO  Test worker     d.u.i.k.n.KeyIO           MODE: declarations took 0 ms 
402389     DEBUG Test worker     d.u.i.k.n.KeyIO           MODE: 2nd degree decls took 0 
402389     INFO  Test worker     d.u.i.k.n.KeyIO           Parsing took 0 ms 
402389     DEBUG Test worker     d.u.i.k.n.KeyIO           Load declarations of de.uka.ilkd.key.nparser.KeyAst$File:  <unknown>:1#1 
402389     INFO  Test worker     d.u.i.k.n.KeyIO           MODE: declarations took 0 ms 
402389     DEBUG Test worker     d.u.i.k.n.KeyIO           MODE: 2nd degree decls took 0 
402389     INFO  Test worker     d.u.i.k.n.KeyIO           Parsing took 0 ms 
402389     DEBUG Test worker     d.u.i.k.n.KeyIO           Load declarations of de.uka.ilkd.key.nparser.KeyAst$File:  <unknown>:1#1 
402389     INFO  Test worker     d.u.i.k.n.KeyIO           MODE: declarations took 0 ms 
402389     DEBUG Test worker     d.u.i.k.n.KeyIO           MODE: 2nd degree decls took 0 
402389     INFO  Test worker     d.u.i.k.n.KeyIO           Parsing took 0 ms 
402389     DEBUG Test worker     d.u.i.k.n.KeyIO           Load declarations of de.uka.ilkd.key.nparser.KeyAst$File:  <unknown>:1#1 
402389     INFO  Test worker     d.u.i.k.n.KeyIO           MODE: declarations took 0 ms 
402389     DEBUG Test worker     d.u.i.k.n.KeyIO           MODE: 2nd degree decls took 0 
402389     INFO  Test worker     d.u.i.k.n.KeyIO           Parsing took 0 ms 
402389     DEBUG Test worker     d.u.i.k.n.KeyIO           Load declarations of de.uka.ilkd.key.nparser.KeyAst$File:  <unknown>:1#1 
402389     INFO  Test worker     d.u.i.k.n.KeyIO           MODE: declarations took 0 ms 
402389     DEBUG Test worker     d.u.i.k.n.KeyIO           MODE: 2nd degree decls took 0 
405648     INFO  Test worker     d.u.i.k.n.KeyIO           Parsing took 0 ms 
405648     DEBUG Test worker     d.u.i.k.n.KeyIO           Load declarations of de.uka.ilkd.key.nparser.KeyAst$File:  <unknown>:1#1 
405648     INFO  Test worker     d.u.i.k.n.KeyIO           MODE: declarations took 0 ms 
405648     DEBUG Test worker     d.u.i.k.n.KeyIO           MODE: 2nd degree decls took 0 
405648     INFO  Test worker     d.u.i.k.n.KeyIO           Parsing took 0 ms 
405648     DEBUG Test worker     d.u.i.k.n.KeyIO           Load declarations of de.uka.ilkd.key.nparser.KeyAst$File:  <unknown>:1#1 
405648     INFO  Test worker     d.u.i.k.n.KeyIO           MODE: declarations took 0 ms 
405648     DEBUG Test worker     d.u.i.k.n.KeyIO           MODE: 2nd degree decls took 0 
405648     INFO  Test worker     d.u.i.k.n.KeyIO           Parsing took 0 ms 
405648     DEBUG Test worker     d.u.i.k.n.KeyIO           Load declarations of de.uka.ilkd.key.nparser.KeyAst$File:  <unknown>:1#1 
405648     INFO  Test worker     d.u.i.k.n.KeyIO           MODE: declarations took 0 ms 
405648     DEBUG Test worker     d.u.i.k.n.KeyIO           MODE: 2nd degree decls took 0 
405648     INFO  Test worker     d.u.i.k.n.KeyIO           Parsing took 0 ms 
405648     DEBUG Test worker     d.u.i.k.n.KeyIO           Load declarations of de.uka.ilkd.key.nparser.KeyAst$File:  <unknown>:1#1 
405648     INFO  Test worker     d.u.i.k.n.KeyIO           MODE: declarations took 0 ms 
405648     DEBUG Test worker     d.u.i.k.n.KeyIO           MODE: 2nd degree decls took 0 
405648     INFO  Test worker     d.u.i.k.n.KeyIO           Parsing took 0 ms 
405648     DEBUG Test worker     d.u.i.k.n.KeyIO           Load declarations of de.uka.ilkd.key.nparser.KeyAst$File:  <unknown>:1#1 
405648     INFO  Test worker     d.u.i.k.n.KeyIO           MODE: declarations took 0 ms 
405648     DEBUG Test worker     d.u.i.k.n.KeyIO           MODE: 2nd degree decls took 0 
408853     INFO  Test worker     d.u.i.k.n.KeyIO           Parsing took 0 ms 
408868     DEBUG Test worker     d.u.i.k.n.KeyIO           Load declarations of de.uka.ilkd.key.nparser.KeyAst$File:  <unknown>:1#1 
408868     INFO  Test worker     d.u.i.k.n.KeyIO           MODE: declarations took 0 ms 
408868     DEBUG Test worker     d.u.i.k.n.KeyIO           MODE: 2nd degree decls took 0 
408868     INFO  Test worker     d.u.i.k.n.KeyIO           Parsing took 0 ms 
408868     DEBUG Test worker     d.u.i.k.n.KeyIO           Load declarations of de.uka.ilkd.key.nparser.KeyAst$File:  <unknown>:1#1 
408868     INFO  Test worker     d.u.i.k.n.KeyIO           MODE: declarations took 0 ms 
408868     DEBUG Test worker     d.u.i.k.n.KeyIO           MODE: 2nd degree decls took 0 
408868     INFO  Test worker     d.u.i.k.n.KeyIO           Parsing took 0 ms 
408868     DEBUG Test worker     d.u.i.k.n.KeyIO           Load declarations of de.uka.ilkd.key.nparser.KeyAst$File:  <unknown>:1#1 
408868     INFO  Test worker     d.u.i.k.n.KeyIO           MODE: declarations took 0 ms 
408868     DEBUG Test worker     d.u.i.k.n.KeyIO           MODE: 2nd degree decls took 0 
408868     INFO  Test worker     d.u.i.k.n.KeyIO           Parsing took 0 ms 
408868     DEBUG Test worker     d.u.i.k.n.KeyIO           Load declarations of de.uka.ilkd.key.nparser.KeyAst$File:  <unknown>:1#1 
408868     INFO  Test worker     d.u.i.k.n.KeyIO           MODE: declarations took 0 ms 
408868     DEBUG Test worker     d.u.i.k.n.KeyIO           MODE: 2nd degree decls took 0 
408868     INFO  Test worker     d.u.i.k.n.KeyIO           Parsing took 0 ms 
408868     DEBUG Test worker     d.u.i.k.n.KeyIO           Load declarations of de.uka.ilkd.key.nparser.KeyAst$File:  <unknown>:1#1 
408868     INFO  Test worker     d.u.i.k.n.KeyIO           MODE: declarations took 0 ms 
408868     DEBUG Test worker     d.u.i.k.n.KeyIO           MODE: 2nd degree decls took 0 
412063     INFO  Test worker     d.u.i.k.n.KeyIO           Parsing took 0 ms 
412063     DEBUG Test worker     d.u.i.k.n.KeyIO           Load declarations of de.uka.ilkd.key.nparser.KeyAst$File:  <unknown>:1#1 
412063     INFO  Test worker     d.u.i.k.n.KeyIO           MODE: declarations took 0 ms 
412063     DEBUG Test worker     d.u.i.k.n.KeyIO           MODE: 2nd degree decls took 0 
412063     INFO  Test worker     d.u.i.k.n.KeyIO           Parsing took 0 ms 
412063     DEBUG Test worker     d.u.i.k.n.KeyIO           Load declarations of de.uka.ilkd.key.nparser.KeyAst$File:  <unknown>:1#1 
412063     INFO  Test worker     d.u.i.k.n.KeyIO           MODE: declarations took 0 ms 
412063     DEBUG Test worker     d.u.i.k.n.KeyIO           MODE: 2nd degree decls took 0 
412063     INFO  Test worker     d.u.i.k.n.KeyIO           Parsing took 0 ms 
412063     DEBUG Test worker     d.u.i.k.n.KeyIO           Load declarations of de.uka.ilkd.key.nparser.KeyAst$File:  <unknown>:1#1 
412063     INFO  Test worker     d.u.i.k.n.KeyIO           MODE: declarations took 0 ms 
412063     DEBUG Test worker     d.u.i.k.n.KeyIO           MODE: 2nd degree decls took 0 
412063     INFO  Test worker     d.u.i.k.n.KeyIO           Parsing took 0 ms 
412063     DEBUG Test worker     d.u.i.k.n.KeyIO           Load declarations of de.uka.ilkd.key.nparser.KeyAst$File:  <unknown>:1#1 
412063     INFO  Test worker     d.u.i.k.n.KeyIO           MODE: declarations took 0 ms 
412063     DEBUG Test worker     d.u.i.k.n.KeyIO           MODE: 2nd degree decls took 0 
412063     INFO  Test worker     d.u.i.k.n.KeyIO           Parsing took 0 ms 
412063     DEBUG Test worker     d.u.i.k.n.KeyIO           Load declarations of de.uka.ilkd.key.nparser.KeyAst$File:  <unknown>:1#1 
412063     INFO  Test worker     d.u.i.k.n.KeyIO           MODE: declarations took 0 ms 
412063     DEBUG Test worker     d.u.i.k.n.KeyIO           MODE: 2nd degree decls took 0 
415314     INFO  Test worker     d.u.i.k.n.KeyIO           Parsing took 0 ms 
415314     DEBUG Test worker     d.u.i.k.n.KeyIO           Load declarations of de.uka.ilkd.key.nparser.KeyAst$File:  <unknown>:1#1 
415314     INFO  Test worker     d.u.i.k.n.KeyIO           MODE: declarations took 0 ms 
415314     DEBUG Test worker     d.u.i.k.n.KeyIO           MODE: 2nd degree decls took 0 
415314     INFO  Test worker     d.u.i.k.n.KeyIO           Parsing took 0 ms 
415314     DEBUG Test worker     d.u.i.k.n.KeyIO           Load declarations of de.uka.ilkd.key.nparser.KeyAst$File:  <unknown>:1#1 
415314     INFO  Test worker     d.u.i.k.n.KeyIO           MODE: declarations took 0 ms 
415314     DEBUG Test worker     d.u.i.k.n.KeyIO           MODE: 2nd degree decls took 0 
415314     INFO  Test worker     d.u.i.k.n.KeyIO           Parsing took 0 ms 
415314     DEBUG Test worker     d.u.i.k.n.KeyIO           Load declarations of de.uka.ilkd.key.nparser.KeyAst$File:  <unknown>:1#1 
415314     INFO  Test worker     d.u.i.k.n.KeyIO           MODE: declarations took 0 ms 
415314     DEBUG Test worker     d.u.i.k.n.KeyIO           MODE: 2nd degree decls took 0 
415346     INFO  Test worker     d.u.i.k.n.KeyIO           Parsing took 0 ms 
415346     DEBUG Test worker     d.u.i.k.n.KeyIO           Load declarations of de.uka.ilkd.key.nparser.KeyAst$File:  <unknown>:1#1 
415346     INFO  Test worker     d.u.i.k.n.KeyIO           MODE: declarations took 0 ms 
415346     DEBUG Test worker     d.u.i.k.n.KeyIO           MODE: 2nd degree decls took 0 
415346     INFO  Test worker     d.u.i.k.n.KeyIO           Parsing took 0 ms 
415346     DEBUG Test worker     d.u.i.k.n.KeyIO           Load declarations of de.uka.ilkd.key.nparser.KeyAst$File:  <unknown>:1#1 
415346     INFO  Test worker     d.u.i.k.n.KeyIO           MODE: declarations took 0 ms 
415346     DEBUG Test worker     d.u.i.k.n.KeyIO           MODE: 2nd degree decls took 0 
418695     INFO  Test worker     d.u.i.k.n.KeyIO           Parsing took 0 ms 
418695     DEBUG Test worker     d.u.i.k.n.KeyIO           Load declarations of de.uka.ilkd.key.nparser.KeyAst$File:  <unknown>:1#1 
418695     INFO  Test worker     d.u.i.k.n.KeyIO           MODE: declarations took 0 ms 
418695     DEBUG Test worker     d.u.i.k.n.KeyIO           MODE: 2nd degree decls took 0 
418710     INFO  Test worker     d.u.i.k.n.KeyIO           Parsing took 0 ms 
418710     DEBUG Test worker     d.u.i.k.n.KeyIO           Load declarations of de.uka.ilkd.key.nparser.KeyAst$File:  <unknown>:1#1 
418710     INFO  Test worker     d.u.i.k.n.KeyIO           MODE: declarations took 0 ms 
418710     DEBUG Test worker     d.u.i.k.n.KeyIO           MODE: 2nd degree decls took 0 
418710     INFO  Test worker     d.u.i.k.n.KeyIO           Parsing took 0 ms 
418710     DEBUG Test worker     d.u.i.k.n.KeyIO           Load declarations of de.uka.ilkd.key.nparser.KeyAst$File:  <unknown>:1#1 
418710     INFO  Test worker     d.u.i.k.n.KeyIO           MODE: declarations took 0 ms 
418710     DEBUG Test worker     d.u.i.k.n.KeyIO           MODE: 2nd degree decls took 0 
418710     INFO  Test worker     d.u.i.k.n.KeyIO           Parsing took 0 ms 
418710     DEBUG Test worker     d.u.i.k.n.KeyIO           Load declarations of de.uka.ilkd.key.nparser.KeyAst$File:  <unknown>:1#1 
418710     INFO  Test worker     d.u.i.k.n.KeyIO           MODE: declarations took 0 ms 
418710     DEBUG Test worker     d.u.i.k.n.KeyIO           MODE: 2nd degree decls took 0 
418710     INFO  Test worker     d.u.i.k.n.KeyIO           Parsing took 0 ms 
418710     DEBUG Test worker     d.u.i.k.n.KeyIO           Load declarations of de.uka.ilkd.key.nparser.KeyAst$File:  <unknown>:1#1 
418710     INFO  Test worker     d.u.i.k.n.KeyIO           MODE: declarations took 0 ms 
418710     DEBUG Test worker     d.u.i.k.n.KeyIO           MODE: 2nd degree decls took 0 
421964     INFO  Test worker     d.u.i.k.n.KeyIO           Parsing took 0 ms 
421964     DEBUG Test worker     d.u.i.k.n.KeyIO           Load declarations of de.uka.ilkd.key.nparser.KeyAst$File:  <unknown>:1#1 
421964     INFO  Test worker     d.u.i.k.n.KeyIO           MODE: declarations took 0 ms 
421964     DEBUG Test worker     d.u.i.k.n.KeyIO           MODE: 2nd degree decls took 0 
421964     INFO  Test worker     d.u.i.k.n.KeyIO           Parsing took 0 ms 
421964     DEBUG Test worker     d.u.i.k.n.KeyIO           Load declarations of de.uka.ilkd.key.nparser.KeyAst$File:  <unknown>:1#1 
421964     INFO  Test worker     d.u.i.k.n.KeyIO           MODE: declarations took 0 ms 
421964     DEBUG Test worker     d.u.i.k.n.KeyIO           MODE: 2nd degree decls took 0 
421964     INFO  Test worker     d.u.i.k.n.KeyIO           Parsing took 0 ms 
421964     DEBUG Test worker     d.u.i.k.n.KeyIO           Load declarations of de.uka.ilkd.key.nparser.KeyAst$File:  <unknown>:1#1 
421964     INFO  Test worker     d.u.i.k.n.KeyIO           MODE: declarations took 0 ms 
421964     DEBUG Test worker     d.u.i.k.n.KeyIO           MODE: 2nd degree decls took 0 
421964     INFO  Test worker     d.u.i.k.n.KeyIO           Parsing took 0 ms 
421964     DEBUG Test worker     d.u.i.k.n.KeyIO           Load declarations of de.uka.ilkd.key.nparser.KeyAst$File:  <unknown>:1#1 
421964     INFO  Test worker     d.u.i.k.n.KeyIO           MODE: declarations took 0 ms 
421964     DEBUG Test worker     d.u.i.k.n.KeyIO           MODE: 2nd degree decls took 0 
421964     INFO  Test worker     d.u.i.k.n.KeyIO           Parsing took 0 ms 
421964     DEBUG Test worker     d.u.i.k.n.KeyIO           Load declarations of de.uka.ilkd.key.nparser.KeyAst$File:  <unknown>:1#1 
421964     INFO  Test worker     d.u.i.k.n.KeyIO           MODE: declarations took 0 ms 
421964     DEBUG Test worker     d.u.i.k.n.KeyIO           MODE: 2nd degree decls took 0 
425232     INFO  Test worker     d.u.i.k.n.KeyIO           Parsing took 0 ms 
425232     DEBUG Test worker     d.u.i.k.n.KeyIO           Load declarations of de.uka.ilkd.key.nparser.KeyAst$File:  <unknown>:1#1 
425232     INFO  Test worker     d.u.i.k.n.KeyIO           MODE: declarations took 0 ms 
425232     DEBUG Test worker     d.u.i.k.n.KeyIO           MODE: 2nd degree decls took 0 
425232     INFO  Test worker     d.u.i.k.n.KeyIO           Parsing took 0 ms 
425232     DEBUG Test worker     d.u.i.k.n.KeyIO           Load declarations of de.uka.ilkd.key.nparser.KeyAst$File:  <unknown>:1#1 
425232     INFO  Test worker     d.u.i.k.n.KeyIO           MODE: declarations took 0 ms 
425232     DEBUG Test worker     d.u.i.k.n.KeyIO           MODE: 2nd degree decls took 0 
425232     INFO  Test worker     d.u.i.k.n.KeyIO           Parsing took 0 ms 
425232     DEBUG Test worker     d.u.i.k.n.KeyIO           Load declarations of de.uka.ilkd.key.nparser.KeyAst$File:  <unknown>:1#1 
425232     INFO  Test worker     d.u.i.k.n.KeyIO           MODE: declarations took 0 ms 
425232     DEBUG Test worker     d.u.i.k.n.KeyIO           MODE: 2nd degree decls took 0 
425232     INFO  Test worker     d.u.i.k.n.KeyIO           Parsing took 0 ms 
425232     DEBUG Test worker     d.u.i.k.n.KeyIO           Load declarations of de.uka.ilkd.key.nparser.KeyAst$File:  <unknown>:1#1 
425232     INFO  Test worker     d.u.i.k.n.KeyIO           MODE: declarations took 0 ms 
425232     DEBUG Test worker     d.u.i.k.n.KeyIO           MODE: 2nd degree decls took 0 
425232     INFO  Test worker     d.u.i.k.n.KeyIO           Parsing took 0 ms 
425232     DEBUG Test worker     d.u.i.k.n.KeyIO           Load declarations of de.uka.ilkd.key.nparser.KeyAst$File:  <unknown>:1#1 
425232     INFO  Test worker     d.u.i.k.n.KeyIO           MODE: declarations took 0 ms 
425232     DEBUG Test worker     d.u.i.k.n.KeyIO           MODE: 2nd degree decls took 0 
428459     INFO  Test worker     d.u.i.k.n.KeyIO           Parsing took 0 ms 
428459     DEBUG Test worker     d.u.i.k.n.KeyIO           Load declarations of de.uka.ilkd.key.nparser.KeyAst$File:  <unknown>:1#1 
428459     INFO  Test worker     d.u.i.k.n.KeyIO           MODE: declarations took 0 ms 
428459     DEBUG Test worker     d.u.i.k.n.KeyIO           MODE: 2nd degree decls took 0 
428459     INFO  Test worker     d.u.i.k.n.KeyIO           Parsing took 0 ms 
428459     DEBUG Test worker     d.u.i.k.n.KeyIO           Load declarations of de.uka.ilkd.key.nparser.KeyAst$File:  <unknown>:1#1 
428459     INFO  Test worker     d.u.i.k.n.KeyIO           MODE: declarations took 0 ms 
428459     DEBUG Test worker     d.u.i.k.n.KeyIO           MODE: 2nd degree decls took 0 
428459     INFO  Test worker     d.u.i.k.n.KeyIO           Parsing took 0 ms 
428459     DEBUG Test worker     d.u.i.k.n.KeyIO           Load declarations of de.uka.ilkd.key.nparser.KeyAst$File:  <unknown>:1#1 
428459     INFO  Test worker     d.u.i.k.n.KeyIO           MODE: declarations took 0 ms 
428459     DEBUG Test worker     d.u.i.k.n.KeyIO           MODE: 2nd degree decls took 0 
428459     INFO  Test worker     d.u.i.k.n.KeyIO           Parsing took 0 ms 
428459     DEBUG Test worker     d.u.i.k.n.KeyIO           Load declarations of de.uka.ilkd.key.nparser.KeyAst$File:  <unknown>:1#1 
428459     INFO  Test worker     d.u.i.k.n.KeyIO           MODE: declarations took 0 ms 
428459     DEBUG Test worker     d.u.i.k.n.KeyIO           MODE: 2nd degree decls took 0 
428459     INFO  Test worker     d.u.i.k.n.KeyIO           Parsing took 0 ms 
428459     DEBUG Test worker     d.u.i.k.n.KeyIO           Load declarations of de.uka.ilkd.key.nparser.KeyAst$File:  <unknown>:1#1 
428459     INFO  Test worker     d.u.i.k.n.KeyIO           MODE: declarations took 0 ms 
428459     DEBUG Test worker     d.u.i.k.n.KeyIO           MODE: 2nd degree decls took 0 
431731     INFO  Test worker     d.u.i.k.n.KeyIO           Parsing took 0 ms 
431731     DEBUG Test worker     d.u.i.k.n.KeyIO           Load declarations of de.uka.ilkd.key.nparser.KeyAst$File:  <unknown>:1#1 
431731     INFO  Test worker     d.u.i.k.n.KeyIO           MODE: declarations took 0 ms 
431731     DEBUG Test worker     d.u.i.k.n.KeyIO           MODE: 2nd degree decls took 0 
431731     INFO  Test worker     d.u.i.k.n.KeyIO           Parsing took 0 ms 
431731     DEBUG Test worker     d.u.i.k.n.KeyIO           Load declarations of de.uka.ilkd.key.nparser.KeyAst$File:  <unknown>:1#1 
431731     INFO  Test worker     d.u.i.k.n.KeyIO           MODE: declarations took 0 ms 
431731     DEBUG Test worker     d.u.i.k.n.KeyIO           MODE: 2nd degree decls took 0 
431731     INFO  Test worker     d.u.i.k.n.KeyIO           Parsing took 0 ms 
431731     DEBUG Test worker     d.u.i.k.n.KeyIO           Load declarations of de.uka.ilkd.key.nparser.KeyAst$File:  <unknown>:1#1 
431731     INFO  Test worker     d.u.i.k.n.KeyIO           MODE: declarations took 0 ms 
431731     DEBUG Test worker     d.u.i.k.n.KeyIO           MODE: 2nd degree decls took 0 
431731     INFO  Test worker     d.u.i.k.n.KeyIO           Parsing took 0 ms 
431731     DEBUG Test worker     d.u.i.k.n.KeyIO           Load declarations of de.uka.ilkd.key.nparser.KeyAst$File:  <unknown>:1#1 
431731     INFO  Test worker     d.u.i.k.n.KeyIO           MODE: declarations took 0 ms 
431731     DEBUG Test worker     d.u.i.k.n.KeyIO           MODE: 2nd degree decls took 0 
431731     INFO  Test worker     d.u.i.k.n.KeyIO           Parsing took 0 ms 
431731     DEBUG Test worker     d.u.i.k.n.KeyIO           Load declarations of de.uka.ilkd.key.nparser.KeyAst$File:  <unknown>:1#1 
431731     INFO  Test worker     d.u.i.k.n.KeyIO           MODE: declarations took 0 ms 
431731     DEBUG Test worker     d.u.i.k.n.KeyIO           MODE: 2nd degree decls took 0 
435012     INFO  Test worker     d.u.i.k.n.KeyIO           Parsing took 0 ms 
435012     DEBUG Test worker     d.u.i.k.n.KeyIO           Load declarations of de.uka.ilkd.key.nparser.KeyAst$File:  <unknown>:1#1 
435012     INFO  Test worker     d.u.i.k.n.KeyIO           MODE: declarations took 0 ms 
435012     DEBUG Test worker     d.u.i.k.n.KeyIO           MODE: 2nd degree decls took 0 
435012     INFO  Test worker     d.u.i.k.n.KeyIO           Parsing took 0 ms 
435012     DEBUG Test worker     d.u.i.k.n.KeyIO           Load declarations of de.uka.ilkd.key.nparser.KeyAst$File:  <unknown>:1#1 
435012     INFO  Test worker     d.u.i.k.n.KeyIO           MODE: declarations took 0 ms 
435012     DEBUG Test worker     d.u.i.k.n.KeyIO           MODE: 2nd degree decls took 0 
435012     INFO  Test worker     d.u.i.k.n.KeyIO           Parsing took 0 ms 
435012     DEBUG Test worker     d.u.i.k.n.KeyIO           Load declarations of de.uka.ilkd.key.nparser.KeyAst$File:  <unknown>:1#1 
435012     INFO  Test worker     d.u.i.k.n.KeyIO           MODE: declarations took 0 ms 
435012     DEBUG Test worker     d.u.i.k.n.KeyIO           MODE: 2nd degree decls took 0 
435012     INFO  Test worker     d.u.i.k.n.KeyIO           Parsing took 0 ms 
435012     DEBUG Test worker     d.u.i.k.n.KeyIO           Load declarations of de.uka.ilkd.key.nparser.KeyAst$File:  <unknown>:1#1 
435012     INFO  Test worker     d.u.i.k.n.KeyIO           MODE: declarations took 0 ms 
435012     DEBUG Test worker     d.u.i.k.n.KeyIO           MODE: 2nd degree decls took 0 
435012     INFO  Test worker     d.u.i.k.n.KeyIO           Parsing took 0 ms 
435012     DEBUG Test worker     d.u.i.k.n.KeyIO           Load declarations of de.uka.ilkd.key.nparser.KeyAst$File:  <unknown>:1#1 
435012     INFO  Test worker     d.u.i.k.n.KeyIO           MODE: declarations took 0 ms 
435012     DEBUG Test worker     d.u.i.k.n.KeyIO           MODE: 2nd degree decls took 0 
438577     INFO  Test worker     d.u.i.k.n.KeyIO           Parsing took 0 ms 
438577     DEBUG Test worker     d.u.i.k.n.KeyIO           Load declarations of de.uka.ilkd.key.nparser.KeyAst$File:  <unknown>:1#1 
438577     INFO  Test worker     d.u.i.k.n.KeyIO           MODE: declarations took 0 ms 
438577     DEBUG Test worker     d.u.i.k.n.KeyIO           MODE: 2nd degree decls took 0 
438577     INFO  Test worker     d.u.i.k.n.KeyIO           Parsing took 0 ms 
438577     DEBUG Test worker     d.u.i.k.n.KeyIO           Load declarations of de.uka.ilkd.key.nparser.KeyAst$File:  <unknown>:1#1 
438577     INFO  Test worker     d.u.i.k.n.KeyIO           MODE: declarations took 0 ms 
438577     DEBUG Test worker     d.u.i.k.n.KeyIO           MODE: 2nd degree decls took 0 
438577     INFO  Test worker     d.u.i.k.n.KeyIO           Parsing took 0 ms 
438577     DEBUG Test worker     d.u.i.k.n.KeyIO           Load declarations of de.uka.ilkd.key.nparser.KeyAst$File:  <unknown>:1#1 
438577     INFO  Test worker     d.u.i.k.n.KeyIO           MODE: declarations took 0 ms 
438577     DEBUG Test worker     d.u.i.k.n.KeyIO           MODE: 2nd degree decls took 0 
438577     INFO  Test worker     d.u.i.k.n.KeyIO           Parsing took 0 ms 
438577     DEBUG Test worker     d.u.i.k.n.KeyIO           Load declarations of de.uka.ilkd.key.nparser.KeyAst$File:  <unknown>:1#1 
438577     INFO  Test worker     d.u.i.k.n.KeyIO           MODE: declarations took 0 ms 
438577     DEBUG Test worker     d.u.i.k.n.KeyIO           MODE: 2nd degree decls took 0 
438577     INFO  Test worker     d.u.i.k.n.KeyIO           Parsing took 0 ms 
438577     DEBUG Test worker     d.u.i.k.n.KeyIO           Load declarations of de.uka.ilkd.key.nparser.KeyAst$File:  <unknown>:1#1 
438577     INFO  Test worker     d.u.i.k.n.KeyIO           MODE: declarations took 0 ms 
438577     DEBUG Test worker     d.u.i.k.n.KeyIO           MODE: 2nd degree decls took 0 
441884     INFO  Test worker     d.u.i.k.n.KeyIO           Parsing took 0 ms 
441884     DEBUG Test worker     d.u.i.k.n.KeyIO           Load declarations of de.uka.ilkd.key.nparser.KeyAst$File:  <unknown>:1#1 
441884     INFO  Test worker     d.u.i.k.n.KeyIO           MODE: declarations took 0 ms 
441884     DEBUG Test worker     d.u.i.k.n.KeyIO           MODE: 2nd degree decls took 0 
441884     INFO  Test worker     d.u.i.k.n.KeyIO           Parsing took 0 ms 
441884     DEBUG Test worker     d.u.i.k.n.KeyIO           Load declarations of de.uka.ilkd.key.nparser.KeyAst$File:  <unknown>:1#1 
441884     INFO  Test worker     d.u.i.k.n.KeyIO           MODE: declarations took 0 ms 
441884     DEBUG Test worker     d.u.i.k.n.KeyIO           MODE: 2nd degree decls took 0 
441884     INFO  Test worker     d.u.i.k.n.KeyIO           Parsing took 0 ms 
441884     DEBUG Test worker     d.u.i.k.n.KeyIO           Load declarations of de.uka.ilkd.key.nparser.KeyAst$File:  <unknown>:1#1 
441884     INFO  Test worker     d.u.i.k.n.KeyIO           MODE: declarations took 0 ms 
441884     DEBUG Test worker     d.u.i.k.n.KeyIO           MODE: 2nd degree decls took 0 
441884     INFO  Test worker     d.u.i.k.n.KeyIO           Parsing took 0 ms 
441884     DEBUG Test worker     d.u.i.k.n.KeyIO           Load declarations of de.uka.ilkd.key.nparser.KeyAst$File:  <unknown>:1#1 
441884     INFO  Test worker     d.u.i.k.n.KeyIO           MODE: declarations took 0 ms 
441884     DEBUG Test worker     d.u.i.k.n.KeyIO           MODE: 2nd degree decls took 0 
441884     INFO  Test worker     d.u.i.k.n.KeyIO           Parsing took 0 ms 
441884     DEBUG Test worker     d.u.i.k.n.KeyIO           Load declarations of de.uka.ilkd.key.nparser.KeyAst$File:  <unknown>:1#1 
441884     INFO  Test worker     d.u.i.k.n.KeyIO           MODE: declarations took 0 ms 
441884     DEBUG Test worker     d.u.i.k.n.KeyIO           MODE: 2nd degree decls took 0 
445094     INFO  Test worker     d.u.i.k.n.KeyIO           Parsing took 0 ms 
445094     DEBUG Test worker     d.u.i.k.n.KeyIO           Load declarations of de.uka.ilkd.key.nparser.KeyAst$File:  <unknown>:1#1 
445094     INFO  Test worker     d.u.i.k.n.KeyIO           MODE: declarations took 0 ms 
445094     DEBUG Test worker     d.u.i.k.n.KeyIO           MODE: 2nd degree decls took 0 
445094     INFO  Test worker     d.u.i.k.n.KeyIO           Parsing took 0 ms 
445094     DEBUG Test worker     d.u.i.k.n.KeyIO           Load declarations of de.uka.ilkd.key.nparser.KeyAst$File:  <unknown>:1#1 
445094     INFO  Test worker     d.u.i.k.n.KeyIO           MODE: declarations took 0 ms 
445094     DEBUG Test worker     d.u.i.k.n.KeyIO           MODE: 2nd degree decls took 0 
445094     INFO  Test worker     d.u.i.k.n.KeyIO           Parsing took 0 ms 
445094     DEBUG Test worker     d.u.i.k.n.KeyIO           Load declarations of de.uka.ilkd.key.nparser.KeyAst$File:  <unknown>:1#1 
445094     INFO  Test worker     d.u.i.k.n.KeyIO           MODE: declarations took 0 ms 
445094     DEBUG Test worker     d.u.i.k.n.KeyIO           MODE: 2nd degree decls took 0 
445094     INFO  Test worker     d.u.i.k.n.KeyIO           Parsing took 0 ms 
445094     DEBUG Test worker     d.u.i.k.n.KeyIO           Load declarations of de.uka.ilkd.key.nparser.KeyAst$File:  <unknown>:1#1 
445094     INFO  Test worker     d.u.i.k.n.KeyIO           MODE: declarations took 0 ms 
445094     DEBUG Test worker     d.u.i.k.n.KeyIO           MODE: 2nd degree decls took 0 
445094     INFO  Test worker     d.u.i.k.n.KeyIO           Parsing took 0 ms 
445094     DEBUG Test worker     d.u.i.k.n.KeyIO           Load declarations of de.uka.ilkd.key.nparser.KeyAst$File:  <unknown>:1#1 
445094     INFO  Test worker     d.u.i.k.n.KeyIO           MODE: declarations took 0 ms 
445094     DEBUG Test worker     d.u.i.k.n.KeyIO           MODE: 2nd degree decls took 0 
448362     INFO  Test worker     d.u.i.k.n.KeyIO           Parsing took 0 ms 
448362     DEBUG Test worker     d.u.i.k.n.KeyIO           Load declarations of de.uka.ilkd.key.nparser.KeyAst$File:  <unknown>:1#1 
448362     INFO  Test worker     d.u.i.k.n.KeyIO           MODE: declarations took 0 ms 
448362     DEBUG Test worker     d.u.i.k.n.KeyIO           MODE: 2nd degree decls took 0 
448362     INFO  Test worker     d.u.i.k.n.KeyIO           Parsing took 0 ms 
448362     DEBUG Test worker     d.u.i.k.n.KeyIO           Load declarations of de.uka.ilkd.key.nparser.KeyAst$File:  <unknown>:1#1 
448362     INFO  Test worker     d.u.i.k.n.KeyIO           MODE: declarations took 0 ms 
448362     DEBUG Test worker     d.u.i.k.n.KeyIO           MODE: 2nd degree decls took 0 
448362     INFO  Test worker     d.u.i.k.n.KeyIO           Parsing took 0 ms 
448362     DEBUG Test worker     d.u.i.k.n.KeyIO           Load declarations of de.uka.ilkd.key.nparser.KeyAst$File:  <unknown>:1#1 
448362     INFO  Test worker     d.u.i.k.n.KeyIO           MODE: declarations took 0 ms 
448362     DEBUG Test worker     d.u.i.k.n.KeyIO           MODE: 2nd degree decls took 0 
448362     INFO  Test worker     d.u.i.k.n.KeyIO           Parsing took 0 ms 
448362     DEBUG Test worker     d.u.i.k.n.KeyIO           Load declarations of de.uka.ilkd.key.nparser.KeyAst$File:  <unknown>:1#1 
448362     INFO  Test worker     d.u.i.k.n.KeyIO           MODE: declarations took 0 ms 
448362     DEBUG Test worker     d.u.i.k.n.KeyIO           MODE: 2nd degree decls took 0 
448362     INFO  Test worker     d.u.i.k.n.KeyIO           Parsing took 0 ms 
448362     DEBUG Test worker     d.u.i.k.n.KeyIO           Load declarations of de.uka.ilkd.key.nparser.KeyAst$File:  <unknown>:1#1 
448362     INFO  Test worker     d.u.i.k.n.KeyIO           MODE: declarations took 0 ms 
448362     DEBUG Test worker     d.u.i.k.n.KeyIO           MODE: 2nd degree decls took 0 
451597     INFO  Test worker     d.u.i.k.n.KeyIO           Parsing took 0 ms 
451597     DEBUG Test worker     d.u.i.k.n.KeyIO           Load declarations of de.uka.ilkd.key.nparser.KeyAst$File:  <unknown>:1#1 
451597     INFO  Test worker     d.u.i.k.n.KeyIO           MODE: declarations took 0 ms 
451597     DEBUG Test worker     d.u.i.k.n.KeyIO           MODE: 2nd degree decls took 0 
451597     INFO  Test worker     d.u.i.k.n.KeyIO           Parsing took 0 ms 
451597     DEBUG Test worker     d.u.i.k.n.KeyIO           Load declarations of de.uka.ilkd.key.nparser.KeyAst$File:  <unknown>:1#1 
451597     INFO  Test worker     d.u.i.k.n.KeyIO           MODE: declarations took 0 ms 
451597     DEBUG Test worker     d.u.i.k.n.KeyIO           MODE: 2nd degree decls took 0 
451597     INFO  Test worker     d.u.i.k.n.KeyIO           Parsing took 0 ms 
451597     DEBUG Test worker     d.u.i.k.n.KeyIO           Load declarations of de.uka.ilkd.key.nparser.KeyAst$File:  <unknown>:1#1 
451597     INFO  Test worker     d.u.i.k.n.KeyIO           MODE: declarations took 0 ms 
451597     DEBUG Test worker     d.u.i.k.n.KeyIO           MODE: 2nd degree decls took 0 
451597     INFO  Test worker     d.u.i.k.n.KeyIO           Parsing took 0 ms 
451597     DEBUG Test worker     d.u.i.k.n.KeyIO           Load declarations of de.uka.ilkd.key.nparser.KeyAst$File:  <unknown>:1#1 
451597     INFO  Test worker     d.u.i.k.n.KeyIO           MODE: declarations took 0 ms 
451597     DEBUG Test worker     d.u.i.k.n.KeyIO           MODE: 2nd degree decls took 0 
451597     INFO  Test worker     d.u.i.k.n.KeyIO           Parsing took 0 ms 
451597     DEBUG Test worker     d.u.i.k.n.KeyIO           Load declarations of de.uka.ilkd.key.nparser.KeyAst$File:  <unknown>:1#1 
451597     INFO  Test worker     d.u.i.k.n.KeyIO           MODE: declarations took 0 ms 
451597     DEBUG Test worker     d.u.i.k.n.KeyIO           MODE: 2nd degree decls took 0 
454841     INFO  Test worker     d.u.i.k.n.KeyIO           Parsing took 0 ms 
454841     DEBUG Test worker     d.u.i.k.n.KeyIO           Load declarations of de.uka.ilkd.key.nparser.KeyAst$File:  <unknown>:1#1 
454841     INFO  Test worker     d.u.i.k.n.KeyIO           MODE: declarations took 0 ms 
454841     DEBUG Test worker     d.u.i.k.n.KeyIO           MODE: 2nd degree decls took 0 
454841     INFO  Test worker     d.u.i.k.n.KeyIO           Parsing took 0 ms 
454841     DEBUG Test worker     d.u.i.k.n.KeyIO           Load declarations of de.uka.ilkd.key.nparser.KeyAst$File:  <unknown>:1#1 
454841     INFO  Test worker     d.u.i.k.n.KeyIO           MODE: declarations took 0 ms 
454841     DEBUG Test worker     d.u.i.k.n.KeyIO           MODE: 2nd degree decls took 0 
454841     INFO  Test worker     d.u.i.k.n.KeyIO           Parsing took 0 ms 
454841     DEBUG Test worker     d.u.i.k.n.KeyIO           Load declarations of de.uka.ilkd.key.nparser.KeyAst$File:  <unknown>:1#1 
454841     INFO  Test worker     d.u.i.k.n.KeyIO           MODE: declarations took 0 ms 
454841     DEBUG Test worker     d.u.i.k.n.KeyIO           MODE: 2nd degree decls took 0 
454841     INFO  Test worker     d.u.i.k.n.KeyIO           Parsing took 0 ms 
454857     DEBUG Test worker     d.u.i.k.n.KeyIO           Load declarations of de.uka.ilkd.key.nparser.KeyAst$File:  <unknown>:1#1 
454857     INFO  Test worker     d.u.i.k.n.KeyIO           MODE: declarations took 0 ms 
454857     DEBUG Test worker     d.u.i.k.n.KeyIO           MODE: 2nd degree decls took 0 
454857     INFO  Test worker     d.u.i.k.n.KeyIO           Parsing took 0 ms 
454857     DEBUG Test worker     d.u.i.k.n.KeyIO           Load declarations of de.uka.ilkd.key.nparser.KeyAst$File:  <unknown>:1#1 
454857     INFO  Test worker     d.u.i.k.n.KeyIO           MODE: declarations took 0 ms 
454857     DEBUG Test worker     d.u.i.k.n.KeyIO           MODE: 2nd degree decls took 0 
458085     INFO  Test worker     d.u.i.k.n.KeyIO           Parsing took 0 ms 
458085     DEBUG Test worker     d.u.i.k.n.KeyIO           Load declarations of de.uka.ilkd.key.nparser.KeyAst$File:  <unknown>:1#1 
458085     INFO  Test worker     d.u.i.k.n.KeyIO           MODE: declarations took 0 ms 
458085     DEBUG Test worker     d.u.i.k.n.KeyIO           MODE: 2nd degree decls took 0 
458085     INFO  Test worker     d.u.i.k.n.KeyIO           Parsing took 0 ms 
458085     DEBUG Test worker     d.u.i.k.n.KeyIO           Load declarations of de.uka.ilkd.key.nparser.KeyAst$File:  <unknown>:1#1 
458085     INFO  Test worker     d.u.i.k.n.KeyIO           MODE: declarations took 0 ms 
458085     DEBUG Test worker     d.u.i.k.n.KeyIO           MODE: 2nd degree decls took 0 
458085     INFO  Test worker     d.u.i.k.n.KeyIO           Parsing took 0 ms 
458085     DEBUG Test worker     d.u.i.k.n.KeyIO           Load declarations of de.uka.ilkd.key.nparser.KeyAst$File:  <unknown>:1#1 
458085     INFO  Test worker     d.u.i.k.n.KeyIO           MODE: declarations took 0 ms 
458085     DEBUG Test worker     d.u.i.k.n.KeyIO           MODE: 2nd degree decls took 0 
458100     INFO  Test worker     d.u.i.k.n.KeyIO           Parsing took 0 ms 
458100     DEBUG Test worker     d.u.i.k.n.KeyIO           Load declarations of de.uka.ilkd.key.nparser.KeyAst$File:  <unknown>:1#1 
458100     INFO  Test worker     d.u.i.k.n.KeyIO           MODE: declarations took 0 ms 
458100     DEBUG Test worker     d.u.i.k.n.KeyIO           MODE: 2nd degree decls took 0 
458100     INFO  Test worker     d.u.i.k.n.KeyIO           Parsing took 0 ms 
458100     DEBUG Test worker     d.u.i.k.n.KeyIO           Load declarations of de.uka.ilkd.key.nparser.KeyAst$File:  <unknown>:1#1 
458100     INFO  Test worker     d.u.i.k.n.KeyIO           MODE: declarations took 0 ms 
458100     DEBUG Test worker     d.u.i.k.n.KeyIO           MODE: 2nd degree decls took 0 
461384     INFO  Test worker     d.u.i.k.n.KeyIO           Parsing took 0 ms 
461384     DEBUG Test worker     d.u.i.k.n.KeyIO           Load declarations of de.uka.ilkd.key.nparser.KeyAst$File:  <unknown>:1#1 
461384     INFO  Test worker     d.u.i.k.n.KeyIO           MODE: declarations took 0 ms 
461384     DEBUG Test worker     d.u.i.k.n.KeyIO           MODE: 2nd degree decls took 0 
461384     INFO  Test worker     d.u.i.k.n.KeyIO           Parsing took 0 ms 
461384     DEBUG Test worker     d.u.i.k.n.KeyIO           Load declarations of de.uka.ilkd.key.nparser.KeyAst$File:  <unknown>:1#1 
461384     INFO  Test worker     d.u.i.k.n.KeyIO           MODE: declarations took 0 ms 
461384     DEBUG Test worker     d.u.i.k.n.KeyIO           MODE: 2nd degree decls took 0 
461384     INFO  Test worker     d.u.i.k.n.KeyIO           Parsing took 0 ms 
461384     DEBUG Test worker     d.u.i.k.n.KeyIO           Load declarations of de.uka.ilkd.key.nparser.KeyAst$File:  <unknown>:1#1 
461384     INFO  Test worker     d.u.i.k.n.KeyIO           MODE: declarations took 0 ms 
461384     DEBUG Test worker     d.u.i.k.n.KeyIO           MODE: 2nd degree decls took 0 
461384     INFO  Test worker     d.u.i.k.n.KeyIO           Parsing took 0 ms 
461384     DEBUG Test worker     d.u.i.k.n.KeyIO           Load declarations of de.uka.ilkd.key.nparser.KeyAst$File:  <unknown>:1#1 
461384     INFO  Test worker     d.u.i.k.n.KeyIO           MODE: declarations took 0 ms 
461384     DEBUG Test worker     d.u.i.k.n.KeyIO           MODE: 2nd degree decls took 0 
461384     INFO  Test worker     d.u.i.k.n.KeyIO           Parsing took 0 ms 
461384     DEBUG Test worker     d.u.i.k.n.KeyIO           Load declarations of de.uka.ilkd.key.nparser.KeyAst$File:  <unknown>:1#1 
461384     INFO  Test worker     d.u.i.k.n.KeyIO           MODE: declarations took 0 ms 
461384     DEBUG Test worker     d.u.i.k.n.KeyIO           MODE: 2nd degree decls took 0 
464586     INFO  Test worker     d.u.i.k.n.KeyIO           Parsing took 0 ms 
464586     DEBUG Test worker     d.u.i.k.n.KeyIO           Load declarations of de.uka.ilkd.key.nparser.KeyAst$File:  <unknown>:1#1 
464586     INFO  Test worker     d.u.i.k.n.KeyIO           MODE: declarations took 0 ms 
464586     DEBUG Test worker     d.u.i.k.n.KeyIO           MODE: 2nd degree decls took 0 
464586     INFO  Test worker     d.u.i.k.n.KeyIO           Parsing took 0 ms 
464586     DEBUG Test worker     d.u.i.k.n.KeyIO           Load declarations of de.uka.ilkd.key.nparser.KeyAst$File:  <unknown>:1#1 
464586     INFO  Test worker     d.u.i.k.n.KeyIO           MODE: declarations took 0 ms 
464586     DEBUG Test worker     d.u.i.k.n.KeyIO           MODE: 2nd degree decls took 0 
464586     INFO  Test worker     d.u.i.k.n.KeyIO           Parsing took 0 ms 
464586     DEBUG Test worker     d.u.i.k.n.KeyIO           Load declarations of de.uka.ilkd.key.nparser.KeyAst$File:  <unknown>:1#1 
464586     INFO  Test worker     d.u.i.k.n.KeyIO           MODE: declarations took 0 ms 
464586     DEBUG Test worker     d.u.i.k.n.KeyIO           MODE: 2nd degree decls took 0 
464586     INFO  Test worker     d.u.i.k.n.KeyIO           Parsing took 0 ms 
464586     DEBUG Test worker     d.u.i.k.n.KeyIO           Load declarations of de.uka.ilkd.key.nparser.KeyAst$File:  <unknown>:1#1 
464586     INFO  Test worker     d.u.i.k.n.KeyIO           MODE: declarations took 0 ms 
464586     DEBUG Test worker     d.u.i.k.n.KeyIO           MODE: 2nd degree decls took 0 
464586     INFO  Test worker     d.u.i.k.n.KeyIO           Parsing took 0 ms 
464586     DEBUG Test worker     d.u.i.k.n.KeyIO           Load declarations of de.uka.ilkd.key.nparser.KeyAst$File:  <unknown>:1#1 
464586     INFO  Test worker     d.u.i.k.n.KeyIO           MODE: declarations took 0 ms 
464586     DEBUG Test worker     d.u.i.k.n.KeyIO           MODE: 2nd degree decls took 0 
467892     INFO  Test worker     d.u.i.k.n.KeyIO           Parsing took 0 ms 
467892     DEBUG Test worker     d.u.i.k.n.KeyIO           Load declarations of de.uka.ilkd.key.nparser.KeyAst$File:  <unknown>:1#1 
467892     INFO  Test worker     d.u.i.k.n.KeyIO           MODE: declarations took 0 ms 
467892     DEBUG Test worker     d.u.i.k.n.KeyIO           MODE: 2nd degree decls took 0 
467892     INFO  Test worker     d.u.i.k.n.KeyIO           Parsing took 0 ms 
467892     DEBUG Test worker     d.u.i.k.n.KeyIO           Load declarations of de.uka.ilkd.key.nparser.KeyAst$File:  <unknown>:1#1 
467892     INFO  Test worker     d.u.i.k.n.KeyIO           MODE: declarations took 0 ms 
467892     DEBUG Test worker     d.u.i.k.n.KeyIO           MODE: 2nd degree decls took 0 
467892     INFO  Test worker     d.u.i.k.n.KeyIO           Parsing took 0 ms 
467892     DEBUG Test worker     d.u.i.k.n.KeyIO           Load declarations of de.uka.ilkd.key.nparser.KeyAst$File:  <unknown>:1#1 
467892     INFO  Test worker     d.u.i.k.n.KeyIO           MODE: declarations took 0 ms 
467892     DEBUG Test worker     d.u.i.k.n.KeyIO           MODE: 2nd degree decls took 0 
467892     INFO  Test worker     d.u.i.k.n.KeyIO           Parsing took 0 ms 
467892     DEBUG Test worker     d.u.i.k.n.KeyIO           Load declarations of de.uka.ilkd.key.nparser.KeyAst$File:  <unknown>:1#1 
467892     INFO  Test worker     d.u.i.k.n.KeyIO           MODE: declarations took 0 ms 
467892     DEBUG Test worker     d.u.i.k.n.KeyIO           MODE: 2nd degree decls took 0 
467892     INFO  Test worker     d.u.i.k.n.KeyIO           Parsing took 0 ms 
467892     DEBUG Test worker     d.u.i.k.n.KeyIO           Load declarations of de.uka.ilkd.key.nparser.KeyAst$File:  <unknown>:1#1 
467892     INFO  Test worker     d.u.i.k.n.KeyIO           MODE: declarations took 0 ms 
467892     DEBUG Test worker     d.u.i.k.n.KeyIO           MODE: 2nd degree decls took 0 
471189     INFO  Test worker     d.u.i.k.n.KeyIO           Parsing took 0 ms 
471189     DEBUG Test worker     d.u.i.k.n.KeyIO           Load declarations of de.uka.ilkd.key.nparser.KeyAst$File:  <unknown>:1#1 
471189     INFO  Test worker     d.u.i.k.n.KeyIO           MODE: declarations took 0 ms 
471189     DEBUG Test worker     d.u.i.k.n.KeyIO           MODE: 2nd degree decls took 0 
471189     INFO  Test worker     d.u.i.k.n.KeyIO           Parsing took 0 ms 
471189     DEBUG Test worker     d.u.i.k.n.KeyIO           Load declarations of de.uka.ilkd.key.nparser.KeyAst$File:  <unknown>:1#1 
471189     INFO  Test worker     d.u.i.k.n.KeyIO           MODE: declarations took 0 ms 
471189     DEBUG Test worker     d.u.i.k.n.KeyIO           MODE: 2nd degree decls took 0 
471189     INFO  Test worker     d.u.i.k.n.KeyIO           Parsing took 0 ms 
471189     DEBUG Test worker     d.u.i.k.n.KeyIO           Load declarations of de.uka.ilkd.key.nparser.KeyAst$File:  <unknown>:1#1 
471189     INFO  Test worker     d.u.i.k.n.KeyIO           MODE: declarations took 0 ms 
471189     DEBUG Test worker     d.u.i.k.n.KeyIO           MODE: 2nd degree decls took 0 
471189     INFO  Test worker     d.u.i.k.n.KeyIO           Parsing took 0 ms 
471189     DEBUG Test worker     d.u.i.k.n.KeyIO           Load declarations of de.uka.ilkd.key.nparser.KeyAst$File:  <unknown>:1#1 
471189     INFO  Test worker     d.u.i.k.n.KeyIO           MODE: declarations took 0 ms 
471189     DEBUG Test worker     d.u.i.k.n.KeyIO           MODE: 2nd degree decls took 0 
471189     INFO  Test worker     d.u.i.k.n.KeyIO           Parsing took 0 ms 
471189     DEBUG Test worker     d.u.i.k.n.KeyIO           Load declarations of de.uka.ilkd.key.nparser.KeyAst$File:  <unknown>:1#1 
471189     INFO  Test worker     d.u.i.k.n.KeyIO           MODE: declarations took 0 ms 
471189     DEBUG Test worker     d.u.i.k.n.KeyIO           MODE: 2nd degree decls took 0 
474523     INFO  Test worker     d.u.i.k.n.KeyIO           Parsing took 0 ms 
474523     DEBUG Test worker     d.u.i.k.n.KeyIO           Load declarations of de.uka.ilkd.key.nparser.KeyAst$File:  <unknown>:1#1 
474523     INFO  Test worker     d.u.i.k.n.KeyIO           MODE: declarations took 0 ms 
474523     DEBUG Test worker     d.u.i.k.n.KeyIO           MODE: 2nd degree decls took 0 
474523     INFO  Test worker     d.u.i.k.n.KeyIO           Parsing took 0 ms 
474523     DEBUG Test worker     d.u.i.k.n.KeyIO           Load declarations of de.uka.ilkd.key.nparser.KeyAst$File:  <unknown>:1#1 
474523     INFO  Test worker     d.u.i.k.n.KeyIO           MODE: declarations took 0 ms 
474523     DEBUG Test worker     d.u.i.k.n.KeyIO           MODE: 2nd degree decls took 0 
474523     INFO  Test worker     d.u.i.k.n.KeyIO           Parsing took 0 ms 
474523     DEBUG Test worker     d.u.i.k.n.KeyIO           Load declarations of de.uka.ilkd.key.nparser.KeyAst$File:  <unknown>:1#1 
474523     INFO  Test worker     d.u.i.k.n.KeyIO           MODE: declarations took 0 ms 
474523     DEBUG Test worker     d.u.i.k.n.KeyIO           MODE: 2nd degree decls took 0 
474523     INFO  Test worker     d.u.i.k.n.KeyIO           Parsing took 0 ms 
474523     DEBUG Test worker     d.u.i.k.n.KeyIO           Load declarations of de.uka.ilkd.key.nparser.KeyAst$File:  <unknown>:1#1 
474523     INFO  Test worker     d.u.i.k.n.KeyIO           MODE: declarations took 0 ms 
474523     DEBUG Test worker     d.u.i.k.n.KeyIO           MODE: 2nd degree decls took 0 
474523     INFO  Test worker     d.u.i.k.n.KeyIO           Parsing took 0 ms 
474523     DEBUG Test worker     d.u.i.k.n.KeyIO           Load declarations of de.uka.ilkd.key.nparser.KeyAst$File:  <unknown>:1#1 
474523     INFO  Test worker     d.u.i.k.n.KeyIO           MODE: declarations took 0 ms 
474523     DEBUG Test worker     d.u.i.k.n.KeyIO           MODE: 2nd degree decls took 0 
]]></system-out>
  <system-err><![CDATA[]]></system-err>
</testsuite>
