<?xml version="1.0" encoding="UTF-8"?>
<testsuite name="de.uka.ilkd.key.logic.TestTermLabelManager" tests="21" skipped="0" failures="0" errors="0" timestamp="2023-04-21T11:41:05" hostname="fv-az1230-243" time="63.064">
  <properties/>
  <testcase name="testInstantiateLabels_directChildPolicies_allRules()" classname="de.uka.ilkd.key.logic.TestTermLabelManager" time="4.572"/>
  <testcase name="testInstantiateLabels_childAndGrandchildPolicies_ruleSpecific()" classname="de.uka.ilkd.key.logic.TestTermLabelManager" time="3.244"/>
  <testcase name="testParseLabel()" classname="de.uka.ilkd.key.logic.TestTermLabelManager" time="3.218"/>
  <testcase name="testrefactorGoal_childrenAndGrandchildren_ruleSpecific()" classname="de.uka.ilkd.key.logic.TestTermLabelManager" time="3.191"/>
  <testcase name="testrefactorGoal_directChildren_allRules()" classname="de.uka.ilkd.key.logic.TestTermLabelManager" time="3.227"/>
  <testcase name="testInstantiateLabels_childAndGrandchildPolicies_allRules()" classname="de.uka.ilkd.key.logic.TestTermLabelManager" time="3.268"/>
  <testcase name="testInstantiateLabels_taclet()" classname="de.uka.ilkd.key.logic.TestTermLabelManager" time="3.279"/>
  <testcase name="testrefactorGoal_none_ruleSpecific()" classname="de.uka.ilkd.key.logic.TestTermLabelManager" time="3.239"/>
  <testcase name="testInstantiateLabels_updates_ruleSpecific()" classname="de.uka.ilkd.key.logic.TestTermLabelManager" time="3.239"/>
  <testcase name="testrefactorGoal_sequent_ruleSpecific()" classname="de.uka.ilkd.key.logic.TestTermLabelManager" time="3.341"/>
  <testcase name="testInstantiateLabels_updates_allRules()" classname="de.uka.ilkd.key.logic.TestTermLabelManager" time="3.222"/>
  <testcase name="testrefactorGoal_sequent_allRules()" classname="de.uka.ilkd.key.logic.TestTermLabelManager" time="3.228"/>
  <testcase name="testrefactorGoal_childrenAndGrandchildren_allRules()" classname="de.uka.ilkd.key.logic.TestTermLabelManager" time="3.213"/>
  <testcase name="testGetTermLabelManager()" classname="de.uka.ilkd.key.logic.TestTermLabelManager" time="0.004"/>
  <testcase name="testInstantiateLabels_applicationTermPolicies()" classname="de.uka.ilkd.key.logic.TestTermLabelManager" time="3.276"/>
  <testcase name="testInstantiateLabels_modalityTermPolicies()" classname="de.uka.ilkd.key.logic.TestTermLabelManager" time="3.178"/>
  <testcase name="testrefactorGoal_none_allRules()" classname="de.uka.ilkd.key.logic.TestTermLabelManager" time="3.291"/>
  <testcase name="testInstantiateLabels_null()" classname="de.uka.ilkd.key.logic.TestTermLabelManager" time="0.001"/>
  <testcase name="testrefactorGoal_directChildren_ruleSpecific()" classname="de.uka.ilkd.key.logic.TestTermLabelManager" time="3.318"/>
  <testcase name="testInstantiateLabels_directChildPolicies_ruleSpecific()" classname="de.uka.ilkd.key.logic.TestTermLabelManager" time="3.28"/>
  <testcase name="testGetSupportedTermLabelNames()" classname="de.uka.ilkd.key.logic.TestTermLabelManager" time="3.226"/>
  <system-out><![CDATA[123885     INFO  Test worker     d.u.i.k.p.i.AbstractProblemLoader Loading environment from src\test\resources\testcase\termLabels\flatSteps\FlatSteps.java 
123885     DEBUG Test worker     d.u.i.k.p.i.AbstractProblemLoader Environment load took 246.5ns 
123885     INFO  Test worker     d.u.i.k.p.i.AbstractProblemLoader Creating init config 
124060     DEBUG Test worker     d.u.i.k.j.TypeConverter   No LDT found for Meta 
124060     DEBUG Test worker     d.u.i.k.j.TypeConverter   No LDT found for Meta 
124060     DEBUG Test worker     d.u.i.k.j.TypeConverter   No LDT found for Meta 
124060     DEBUG Test worker     d.u.i.k.j.TypeConverter   No LDT found for Meta 
124776     DEBUG Test worker     d.u.i.k.j.TypeConverter   No LDT found for JavaBigintExpression 
128446     DEBUG Test worker     d.u.i.k.p.i.AbstractProblemLoader Init config took 4.56s 
128462     INFO  Test worker     d.u.i.k.p.i.AbstractProblemLoader Loading environment from src\test\resources\testcase\termLabels\flatSteps\FlatSteps.java 
128462     DEBUG Test worker     d.u.i.k.p.i.AbstractProblemLoader Environment load took 255.1ns 
128462     INFO  Test worker     d.u.i.k.p.i.AbstractProblemLoader Creating init config 
131675     DEBUG Test worker     d.u.i.k.p.i.AbstractProblemLoader Init config took 3.22s 
131691     INFO  Test worker     d.u.i.k.p.i.AbstractProblemLoader Loading environment from src\test\resources\testcase\termLabels\flatSteps\FlatSteps.java 
131691     DEBUG Test worker     d.u.i.k.p.i.AbstractProblemLoader Environment load took 242.4ns 
131691     INFO  Test worker     d.u.i.k.p.i.AbstractProblemLoader Creating init config 
134909     DEBUG Test worker     d.u.i.k.p.i.AbstractProblemLoader Init config took 3.22s 
134909     INFO  Test worker     d.u.i.k.p.i.AbstractProblemLoader Loading environment from src\test\resources\testcase\termLabels\flatSteps\FlatSteps.java 
134909     DEBUG Test worker     d.u.i.k.p.i.AbstractProblemLoader Environment load took 229.4ns 
134923     INFO  Test worker     d.u.i.k.p.i.AbstractProblemLoader Creating init config 
138084     DEBUG Test worker     d.u.i.k.p.i.AbstractProblemLoader Init config took 3.17s 
138100     INFO  Test worker     d.u.i.k.p.i.AbstractProblemLoader Loading environment from src\test\resources\testcase\termLabels\flatSteps\FlatSteps.java 
138100     DEBUG Test worker     d.u.i.k.p.i.AbstractProblemLoader Environment load took 181.3ns 
138100     INFO  Test worker     d.u.i.k.p.i.AbstractProblemLoader Creating init config 
141328     DEBUG Test worker     d.u.i.k.p.i.AbstractProblemLoader Init config took 3.22s 
141328     INFO  Test worker     d.u.i.k.p.i.AbstractProblemLoader Loading environment from src\test\resources\testcase\termLabels\flatSteps\FlatSteps.java 
141328     DEBUG Test worker     d.u.i.k.p.i.AbstractProblemLoader Environment load took 578.3ns 
141344     INFO  Test worker     d.u.i.k.p.i.AbstractProblemLoader Creating init config 
144582     DEBUG Test worker     d.u.i.k.p.i.AbstractProblemLoader Init config took 3.25s 
144597     INFO  Test worker     d.u.i.k.p.i.AbstractProblemLoader Loading environment from src\test\resources\testcase\termLabels\flatSteps\FlatSteps.java 
144597     DEBUG Test worker     d.u.i.k.p.i.AbstractProblemLoader Environment load took 681.1ns 
144597     INFO  Test worker     d.u.i.k.p.i.AbstractProblemLoader Creating init config 
147877     DEBUG Test worker     d.u.i.k.p.i.AbstractProblemLoader Init config took 3.27s 
147877     INFO  Test worker     d.u.i.k.p.i.AbstractProblemLoader Loading environment from src\test\resources\testcase\termLabels\flatSteps\FlatSteps.java 
147877     DEBUG Test worker     d.u.i.k.p.i.AbstractProblemLoader Environment load took 479.1ns 
147877     INFO  Test worker     d.u.i.k.p.i.AbstractProblemLoader Creating init config 
151101     DEBUG Test worker     d.u.i.k.p.i.AbstractProblemLoader Init config took 3.22s 
151116     INFO  Test worker     d.u.i.k.p.i.AbstractProblemLoader Loading environment from src\test\resources\testcase\termLabels\flatSteps\FlatSteps.java 
151116     DEBUG Test worker     d.u.i.k.p.i.AbstractProblemLoader Environment load took 873.3ns 
151116     INFO  Test worker     d.u.i.k.p.i.AbstractProblemLoader Creating init config 
154356     DEBUG Test worker     d.u.i.k.p.i.AbstractProblemLoader Init config took 3.24s 
154372     INFO  Test worker     d.u.i.k.p.i.AbstractProblemLoader Loading environment from src\test\resources\testcase\termLabels\flatSteps\FlatSteps.java 
154372     DEBUG Test worker     d.u.i.k.p.i.AbstractProblemLoader Environment load took 8.15ms 
154372     INFO  Test worker     d.u.i.k.p.i.AbstractProblemLoader Creating init config 
157682     DEBUG Test worker     d.u.i.k.p.i.AbstractProblemLoader Init config took 3.3s 
157698     INFO  Test worker     d.u.i.k.p.i.AbstractProblemLoader Loading environment from src\test\resources\testcase\termLabels\flatSteps\FlatSteps.java 
157698     DEBUG Test worker     d.u.i.k.p.i.AbstractProblemLoader Environment load took 186.6ns 
157698     INFO  Test worker     d.u.i.k.p.i.AbstractProblemLoader Creating init config 
160920     DEBUG Test worker     d.u.i.k.p.i.AbstractProblemLoader Init config took 3.23s 
160935     INFO  Test worker     d.u.i.k.p.i.AbstractProblemLoader Loading environment from src\test\resources\testcase\termLabels\flatSteps\FlatSteps.java 
160935     DEBUG Test worker     d.u.i.k.p.i.AbstractProblemLoader Environment load took 195.8ns 
160935     INFO  Test worker     d.u.i.k.p.i.AbstractProblemLoader Creating init config 
164144     DEBUG Test worker     d.u.i.k.p.i.AbstractProblemLoader Init config took 3.2s 
164148     INFO  Test worker     d.u.i.k.p.i.AbstractProblemLoader Loading environment from src\test\resources\testcase\termLabels\flatSteps\FlatSteps.java 
164148     DEBUG Test worker     d.u.i.k.p.i.AbstractProblemLoader Environment load took 202.2ns 
164148     INFO  Test worker     d.u.i.k.p.i.AbstractProblemLoader Creating init config 
167345     DEBUG Test worker     d.u.i.k.p.i.AbstractProblemLoader Init config took 3.2s 
167361     INFO  Test worker     d.u.i.k.p.i.AbstractProblemLoader Loading environment from src\test\resources\testcase\termLabels\flatSteps\FlatSteps.java 
167361     DEBUG Test worker     d.u.i.k.p.i.AbstractProblemLoader Environment load took 188ns 
167376     INFO  Test worker     d.u.i.k.p.i.AbstractProblemLoader Creating init config 
170641     DEBUG Test worker     d.u.i.k.p.i.AbstractProblemLoader Init config took 3.27s 
170641     INFO  Test worker     d.u.i.k.p.i.AbstractProblemLoader Loading environment from src\test\resources\testcase\termLabels\flatSteps\FlatSteps.java 
170641     DEBUG Test worker     d.u.i.k.p.i.AbstractProblemLoader Environment load took 272.3ns 
170641     INFO  Test worker     d.u.i.k.p.i.AbstractProblemLoader Creating init config 
173804     DEBUG Test worker     d.u.i.k.p.i.AbstractProblemLoader Init config took 3.16s 
173820     INFO  Test worker     d.u.i.k.p.i.AbstractProblemLoader Loading environment from src\test\resources\testcase\termLabels\flatSteps\FlatSteps.java 
173820     DEBUG Test worker     d.u.i.k.p.i.AbstractProblemLoader Environment load took 195.4ns 
173820     INFO  Test worker     d.u.i.k.p.i.AbstractProblemLoader Creating init config 
177096     DEBUG Test worker     d.u.i.k.p.i.AbstractProblemLoader Init config took 3.28s 
177111     INFO  Test worker     d.u.i.k.p.i.AbstractProblemLoader Loading environment from src\test\resources\testcase\termLabels\flatSteps\FlatSteps.java 
177111     DEBUG Test worker     d.u.i.k.p.i.AbstractProblemLoader Environment load took 571.5ns 
177111     INFO  Test worker     d.u.i.k.p.i.AbstractProblemLoader Creating init config 
180431     DEBUG Test worker     d.u.i.k.p.i.AbstractProblemLoader Init config took 3.31s 
180431     INFO  Test worker     d.u.i.k.p.i.AbstractProblemLoader Loading environment from src\test\resources\testcase\termLabels\flatSteps\FlatSteps.java 
180431     DEBUG Test worker     d.u.i.k.p.i.AbstractProblemLoader Environment load took 212ns 
180447     INFO  Test worker     d.u.i.k.p.i.AbstractProblemLoader Creating init config 
183712     DEBUG Test worker     d.u.i.k.p.i.AbstractProblemLoader Init config took 3.27s 
183712     INFO  Test worker     d.u.i.k.p.i.AbstractProblemLoader Loading environment from src\test\resources\testcase\termLabels\flatSteps\FlatSteps.java 
183712     DEBUG Test worker     d.u.i.k.p.i.AbstractProblemLoader Environment load took 641.3ns 
183712     INFO  Test worker     d.u.i.k.p.i.AbstractProblemLoader Creating init config 
186938     DEBUG Test worker     d.u.i.k.p.i.AbstractProblemLoader Init config took 3.23s 
]]></system-out>
  <system-err><![CDATA[]]></system-err>
</testsuite>
