<?xml version="1.0" encoding="UTF-8"?>
<testsuite name="de.uka.ilkd.key.proof.io.consistency.TestProofBundleIO" tests="3" skipped="0" failures="0" errors="0" timestamp="2023-04-21T11:47:16" hostname="fv-az1230-243" time="8.556">
  <properties/>
  <testcase name="testSimpleFileRepo()" classname="de.uka.ilkd.key.proof.io.consistency.TestProofBundleIO" time="0.097"/>
  <testcase name="testComplexBundleGeneration()" classname="de.uka.ilkd.key.proof.io.consistency.TestProofBundleIO" time="1.624"/>
  <testcase name="testSimpleBundleGeneration()" classname="de.uka.ilkd.key.proof.io.consistency.TestProofBundleIO" time="6.834"/>
  <system-out><![CDATA[494583     INFO  Test worker     d.u.i.k.p.i.AbstractProblemLoader Loading environment from D:\a\key\key\key.core\src\test\resources\testcase\proofBundle\complexBundleGeneration\test.key 
494583     DEBUG Test worker     d.u.i.k.p.i.AbstractProblemLoader Environment load took 158.4ns 
494583     INFO  Test worker     d.u.i.k.p.i.AbstractProblemLoader Creating init config 
495079     DEBUG Test worker     d.u.i.k.p.i.AbstractProblemLoader Init config took 500.16ms 
495125     INFO  Test worker     d.u.i.k.p.i.AbstractProblemLoader Replaying proof Test[Test::constant()].JML normal_behavior operation contract.0 
495125     DEBUG Test worker     d.u.i.k.p.i.IntermediateProofReplayer Proof replay took 8.7ns 
495485     INFO  Test worker     d.u.i.k.p.i.AbstractProblemLoader Loading environment from D:\a\key\key\key.core\src\test\resources\testcase\proofBundle\complexBundleGeneration\test.zproof 
495551     DEBUG Test worker     d.u.i.k.p.i.AbstractProblemLoader Environment load took 69.5ms 
495551     INFO  Test worker     d.u.i.k.p.i.AbstractProblemLoader Creating init config 
496129     DEBUG Test worker     d.u.i.k.p.i.AbstractProblemLoader Init config took 570.69ms 
496161     INFO  Test worker     d.u.i.k.p.i.AbstractProblemLoader Replaying proof Test[Test::constant()].JML normal_behavior operation contract.0 
496192     DEBUG Test worker     d.u.i.k.p.i.IntermediateProofReplayer Proof replay took 22.92ms 
496192     INFO  Test worker     d.u.i.k.p.i.AbstractProblemLoader Loading environment from D:\a\key\key\key.core\src\test\resources\testcase\proofBundle\simpleBundleGeneration\test.key 
496192     DEBUG Test worker     d.u.i.k.p.i.AbstractProblemLoader Environment load took 493.1ns 
496207     INFO  Test worker     d.u.i.k.p.i.AbstractProblemLoader Creating init config 
499459     DEBUG Test worker     d.u.i.k.p.i.AbstractProblemLoader Init config took 3.26s 
499505     INFO  Test worker     d.u.i.k.p.i.AbstractProblemLoader Replaying proof Test[Test::constant()].JML normal_behavior operation contract.0 
499505     DEBUG Test worker     d.u.i.k.p.i.IntermediateProofReplayer Proof replay took 9ns 
499619     INFO  Test worker     d.u.i.k.p.i.AbstractProblemLoader Loading environment from D:\a\key\key\key.core\src\test\resources\testcase\proofBundle\simpleBundleGeneration\test.zproof 
499635     DEBUG Test worker     d.u.i.k.p.i.AbstractProblemLoader Environment load took 3.31ms 
499635     INFO  Test worker     d.u.i.k.p.i.AbstractProblemLoader Creating init config 
502956     DEBUG Test worker     d.u.i.k.p.i.AbstractProblemLoader Init config took 3.32s 
503018     INFO  Test worker     d.u.i.k.p.i.AbstractProblemLoader Replaying proof Test[Test::constant()].JML normal_behavior operation contract.0 
503018     DEBUG Test worker     d.u.i.k.p.i.IntermediateProofReplayer Proof replay took 8.96ms 
]]></system-out>
  <system-err><![CDATA[]]></system-err>
</testsuite>
