<?xml version="1.0" encoding="UTF-8"?>
<testsuite name="de.uka.ilkd.key.rule.loop.LoopScopeInvRuleTests" tests="1" skipped="0" failures="0" errors="0" timestamp="2023-04-21T11:47:32" hostname="fv-az1230-243" time="5.45">
  <properties/>
  <testcase name="testDoAutomaticProofOfBenchmarkWithLabeledBreaksAndContinues()" classname="de.uka.ilkd.key.rule.loop.LoopScopeInvRuleTests" time="5.45"/>
  <system-out><![CDATA[510258     INFO  Test worker     d.u.i.k.p.i.AbstractProblemLoader Loading environment from src\test\resources\testcase\loopScopeInvRule\Test.key 
510258     DEBUG Test worker     d.u.i.k.p.i.AbstractProblemLoader Environment load took 152.7ns 
510274     INFO  Test worker     d.u.i.k.p.i.AbstractProblemLoader Creating init config 
510445     DEBUG Test worker     d.u.i.k.j.TypeConverter   No LDT found for Meta 
510445     DEBUG Test worker     d.u.i.k.j.TypeConverter   No LDT found for Meta 
510445     DEBUG Test worker     d.u.i.k.j.TypeConverter   No LDT found for Meta 
510445     DEBUG Test worker     d.u.i.k.j.TypeConverter   No LDT found for Meta 
511106     DEBUG Test worker     d.u.i.k.j.TypeConverter   No LDT found for JavaBigintExpression 
514931     DEBUG Test worker     d.u.i.k.p.i.AbstractProblemLoader Init config took 4.66s 
514977     INFO  Test worker     d.u.i.k.p.i.AbstractProblemLoader Replaying proof Test[Test::loopScopeRuleBenchmark(int,boolean)].JML normal_behavior operation contract.0 
514977     DEBUG Test worker     d.u.i.k.p.i.IntermediateProofReplayer Proof replay took 22.7ns 
]]></system-out>
  <system-err><![CDATA[]]></system-err>
</testsuite>
