<?xml version="1.0" encoding="UTF-8"?>
<testsuite name="de.uka.ilkd.key.parser.TestDeclParser" tests="14" skipped="2" failures="0" errors="0" timestamp="2023-04-21T11:43:01" hostname="fv-az1230-243" time="12.786">
  <properties/>
  <testcase name="testGenericSortDecl1()" classname="de.uka.ilkd.key.parser.TestDeclParser" time="1.19"/>
  <testcase name="testGenericSortDecl2()" classname="de.uka.ilkd.key.parser.TestDeclParser" time="1.109"/>
  <testcase name="testGenericSortDecl3()" classname="de.uka.ilkd.key.parser.TestDeclParser" time="1.018"/>
  <testcase name="testGenericSortDecl4()" classname="de.uka.ilkd.key.parser.TestDeclParser" time="1.085"/>
  <testcase name="testGenericSortDecl5()" classname="de.uka.ilkd.key.parser.TestDeclParser" time="0.0">
    <skipped/>
  </testcase>
  <testcase name="testGenericSortDecl6()" classname="de.uka.ilkd.key.parser.TestDeclParser" time="1.084"/>
  <testcase name="testSortDecl()" classname="de.uka.ilkd.key.parser.TestDeclParser" time="1.045"/>
  <testcase name="testProxySortDecl()" classname="de.uka.ilkd.key.parser.TestDeclParser" time="1.056"/>
  <testcase name="testArrayDecl()" classname="de.uka.ilkd.key.parser.TestDeclParser" time="0.986"/>
  <testcase name="testAmbiguousDecls()" classname="de.uka.ilkd.key.parser.TestDeclParser" time="0.0">
    <skipped/>
  </testcase>
  <testcase name="testHeurDecl()" classname="de.uka.ilkd.key.parser.TestDeclParser" time="1.103"/>
  <testcase name="testFunctionDecl()" classname="de.uka.ilkd.key.parser.TestDeclParser" time="1.062"/>
  <testcase name="testPredicateDecl()" classname="de.uka.ilkd.key.parser.TestDeclParser" time="0.967"/>
  <testcase name="testSVDecl()" classname="de.uka.ilkd.key.parser.TestDeclParser" time="1.077"/>
  <system-out><![CDATA[240637     INFO  Test worker     d.u.i.k.n.KeyIO           Parsing took 0 ms 
240637     DEBUG Test worker     d.u.i.k.n.KeyIO           Load declarations of de.uka.ilkd.key.nparser.KeyAst$File:  <unknown>:1#1 
240637     INFO  Test worker     d.u.i.k.n.KeyIO           MODE: declarations took 0 ms 
240637     DEBUG Test worker     d.u.i.k.n.KeyIO           MODE: 2nd degree decls took 0 
240637     DEBUG Test worker     d.u.i.k.n.KeyIO           MODE: taclets took 0ms 
241739     INFO  Test worker     d.u.i.k.n.KeyIO           Parsing took 0 ms 
241739     DEBUG Test worker     d.u.i.k.n.KeyIO           Load declarations of de.uka.ilkd.key.nparser.KeyAst$File:  <unknown>:1#1 
241739     INFO  Test worker     d.u.i.k.n.KeyIO           MODE: declarations took 0 ms 
241739     DEBUG Test worker     d.u.i.k.n.KeyIO           MODE: 2nd degree decls took 0 
241739     DEBUG Test worker     d.u.i.k.n.KeyIO           MODE: taclets took 0ms 
242765     INFO  Test worker     d.u.i.k.n.KeyIO           Parsing took 0 ms 
242765     DEBUG Test worker     d.u.i.k.n.KeyIO           Load declarations of de.uka.ilkd.key.nparser.KeyAst$File:  <unknown>:1#1 
242765     INFO  Test worker     d.u.i.k.n.KeyIO           MODE: declarations took 0 ms 
242765     DEBUG Test worker     d.u.i.k.n.KeyIO           MODE: 2nd degree decls took 0 
242765     DEBUG Test worker     d.u.i.k.n.KeyIO           MODE: taclets took 0ms 
243849     INFO  Test worker     d.u.i.k.n.KeyIO           Parsing took 0 ms 
243849     DEBUG Test worker     d.u.i.k.n.KeyIO           Load declarations of de.uka.ilkd.key.nparser.KeyAst$File:  <unknown>:1#1 
243849     INFO  Test worker     d.u.i.k.n.KeyIO           MODE: declarations took 0 ms 
243849     DEBUG Test worker     d.u.i.k.n.KeyIO           MODE: 2nd degree decls took 0 
243849     DEBUG Test worker     d.u.i.k.n.KeyIO           MODE: taclets took 0ms 
244944     INFO  Test worker     d.u.i.k.n.KeyIO           Parsing took 0 ms 
244944     DEBUG Test worker     d.u.i.k.n.KeyIO           Load declarations of de.uka.ilkd.key.nparser.KeyAst$File:  <unknown>:1#1 
244944     INFO  Test worker     d.u.i.k.n.KeyIO           MODE: declarations took 0 ms 
244944     DEBUG Test worker     d.u.i.k.n.KeyIO           MODE: 2nd degree decls took 0 
244944     DEBUG Test worker     d.u.i.k.n.KeyIO           MODE: taclets took 0ms 
245987     INFO  Test worker     d.u.i.k.n.KeyIO           Parsing took 0 ms 
245987     DEBUG Test worker     d.u.i.k.n.KeyIO           Load declarations of de.uka.ilkd.key.nparser.KeyAst$File:  <unknown>:1#1 
245987     INFO  Test worker     d.u.i.k.n.KeyIO           MODE: declarations took 0 ms 
245987     DEBUG Test worker     d.u.i.k.n.KeyIO           MODE: 2nd degree decls took 0 
245987     DEBUG Test worker     d.u.i.k.n.KeyIO           MODE: taclets took 0ms 
247035     INFO  Test worker     d.u.i.k.n.KeyIO           Parsing took 0 ms 
247035     DEBUG Test worker     d.u.i.k.n.KeyIO           Load declarations of de.uka.ilkd.key.nparser.KeyAst$File:  <unknown>:1#1 
247035     INFO  Test worker     d.u.i.k.n.KeyIO           MODE: declarations took 0 ms 
247035     DEBUG Test worker     d.u.i.k.n.KeyIO           MODE: 2nd degree decls took 0 
247035     DEBUG Test worker     d.u.i.k.n.KeyIO           MODE: taclets took 0ms 
248022     INFO  Test worker     d.u.i.k.n.KeyIO           Parsing took 0 ms 
248022     DEBUG Test worker     d.u.i.k.n.KeyIO           Load declarations of de.uka.ilkd.key.nparser.KeyAst$File:  <unknown>:1#1 
248022     INFO  Test worker     d.u.i.k.n.KeyIO           MODE: declarations took 0 ms 
248022     DEBUG Test worker     d.u.i.k.n.KeyIO           MODE: 2nd degree decls took 0 
248022     DEBUG Test worker     d.u.i.k.n.KeyIO           MODE: taclets took 0ms 
249124     INFO  Test worker     d.u.i.k.n.KeyIO           Parsing took 0 ms 
249124     DEBUG Test worker     d.u.i.k.n.KeyIO           Load declarations of de.uka.ilkd.key.nparser.KeyAst$File:  <unknown>:1#1 
249124     INFO  Test worker     d.u.i.k.n.KeyIO           MODE: declarations took 0 ms 
249124     DEBUG Test worker     d.u.i.k.n.KeyIO           MODE: 2nd degree decls took 0 
249124     DEBUG Test worker     d.u.i.k.n.KeyIO           MODE: taclets took 0ms 
250189     INFO  Test worker     d.u.i.k.n.KeyIO           Parsing took 0 ms 
250189     DEBUG Test worker     d.u.i.k.n.KeyIO           Load declarations of de.uka.ilkd.key.nparser.KeyAst$File:  <unknown>:1#1 
250189     INFO  Test worker     d.u.i.k.n.KeyIO           MODE: declarations took 0 ms 
250189     DEBUG Test worker     d.u.i.k.n.KeyIO           MODE: 2nd degree decls took 0 
250189     DEBUG Test worker     d.u.i.k.n.KeyIO           MODE: taclets took 0ms 
251151     INFO  Test worker     d.u.i.k.n.KeyIO           Parsing took 0 ms 
251151     DEBUG Test worker     d.u.i.k.n.KeyIO           Load declarations of de.uka.ilkd.key.nparser.KeyAst$File:  <unknown>:1#1 
251151     INFO  Test worker     d.u.i.k.n.KeyIO           MODE: declarations took 0 ms 
251151     DEBUG Test worker     d.u.i.k.n.KeyIO           MODE: 2nd degree decls took 0 
251151     DEBUG Test worker     d.u.i.k.n.KeyIO           MODE: taclets took 0ms 
252230     INFO  Test worker     d.u.i.k.n.KeyIO           Parsing took 0 ms 
252230     DEBUG Test worker     d.u.i.k.n.KeyIO           Load declarations of de.uka.ilkd.key.nparser.KeyAst$File:  <unknown>:1#1 
252230     INFO  Test worker     d.u.i.k.n.KeyIO           MODE: declarations took 0 ms 
252230     DEBUG Test worker     d.u.i.k.n.KeyIO           MODE: 2nd degree decls took 0 
252230     DEBUG Test worker     d.u.i.k.n.KeyIO           MODE: taclets took 0ms 
]]></system-out>
  <system-err><![CDATA[]]></system-err>
</testsuite>
