<?xml version="1.0" encoding="UTF-8"?>
<testsuite name="de.uka.ilkd.key.rule.merge.PredicateAbstractionLatticeTests" tests="3" skipped="0" failures="0" errors="0" timestamp="2023-04-21T11:49:12" hostname="fv-az1230-243" time="6.564">
  <properties/>
  <testcase name="testToAndFromString()" classname="de.uka.ilkd.key.rule.merge.PredicateAbstractionLatticeTests" time="3.479"/>
  <testcase name="testCreateSignLatticeWithPredicates()" classname="de.uka.ilkd.key.rule.merge.PredicateAbstractionLatticeTests" time="3.085"/>
  <testcase name="testTrivialPredicatesLattice()" classname="de.uka.ilkd.key.rule.merge.PredicateAbstractionLatticeTests" time="0.0"/>
  <system-out><![CDATA[610290     INFO  Test worker     d.u.i.k.p.i.AbstractProblemLoader Loading environment from src\test\resources\testcase\merge\dummy.key 
610290     DEBUG Test worker     d.u.i.k.p.i.AbstractProblemLoader Environment load took 147.6ns 
610290     INFO  Test worker     d.u.i.k.p.i.AbstractProblemLoader Creating init config 
613739     DEBUG Test worker     d.u.i.k.p.i.AbstractProblemLoader Init config took 3.45s 
613770     INFO  Test worker     d.u.i.k.p.i.AbstractProblemLoader Replaying proof dummy.key 
613770     DEBUG Test worker     d.u.i.k.p.i.IntermediateProofReplayer Proof replay took 8.1ns 
613770     INFO  Test worker     d.u.i.k.p.i.AbstractProblemLoader Loading environment from src\test\resources\testcase\merge\dummy.key 
613770     DEBUG Test worker     d.u.i.k.p.i.AbstractProblemLoader Environment load took 121.7ns 
613770     INFO  Test worker     d.u.i.k.p.i.AbstractProblemLoader Creating init config 
616839     DEBUG Test worker     d.u.i.k.p.i.AbstractProblemLoader Init config took 3.07s 
616855     INFO  Test worker     d.u.i.k.p.i.AbstractProblemLoader Replaying proof dummy.key 
616855     DEBUG Test worker     d.u.i.k.p.i.IntermediateProofReplayer Proof replay took 8.7ns 
]]></system-out>
  <system-err><![CDATA[]]></system-err>
</testsuite>
