<?xml version="1.0" encoding="UTF-8"?>
<testsuite name="de.uka.ilkd.key.logic.TestClashFreeSubst" tests="14" skipped="2" failures="0" errors="0" timestamp="2023-04-21T11:39:44" hostname="fv-az1230-243" time="54.587">
  <properties/>
  <testcase name="testMultiShareBound()" classname="de.uka.ilkd.key.logic.TestClashFreeSubst" time="1.123"/>
  <testcase name="testClash()" classname="de.uka.ilkd.key.logic.TestClashFreeSubst" time="1.017"/>
  <testcase name="testShare()" classname="de.uka.ilkd.key.logic.TestClashFreeSubst" time="0.999"/>
  <testcase name="testSubst()" classname="de.uka.ilkd.key.logic.TestClashFreeSubst" time="1.016"/>
  <testcase name="testWary0()" classname="de.uka.ilkd.key.logic.TestClashFreeSubst" time="1.029"/>
  <testcase name="testWary1()" classname="de.uka.ilkd.key.logic.TestClashFreeSubst" time="1.002"/>
  <testcase name="testWary2()" classname="de.uka.ilkd.key.logic.TestClashFreeSubst" time="1.034"/>
  <testcase name="testClashInSubstTerm()" classname="de.uka.ilkd.key.logic.TestClashFreeSubst" time="0.986"/>
  <testcase name="testShareWary()" classname="de.uka.ilkd.key.logic.TestClashFreeSubst" time="0.976"/>
  <testcase name="testMultiSubst()" classname="de.uka.ilkd.key.logic.TestClashFreeSubst" time="0.999"/>
  <testcase name="xtestMultiClash()" classname="de.uka.ilkd.key.logic.TestClashFreeSubst" time="0.0">
    <skipped/>
  </testcase>
  <testcase name="testSubstInSubstTerm()" classname="de.uka.ilkd.key.logic.TestClashFreeSubst" time="1.005"/>
  <testcase name="testSubstWary()" classname="de.uka.ilkd.key.logic.TestClashFreeSubst" time="1.012"/>
  <testcase name="xtestMultiClash1()" classname="de.uka.ilkd.key.logic.TestClashFreeSubst" time="0.0">
    <skipped/>
  </testcase>
  <system-out><![CDATA[42906      INFO  Test worker     d.u.i.k.n.KeyIO           Parsing took 0 ms 
42906      DEBUG Test worker     d.u.i.k.n.KeyIO           Load declarations of de.uka.ilkd.key.nparser.KeyAst$File:  <unknown>:1#1 
42906      INFO  Test worker     d.u.i.k.n.KeyIO           MODE: declarations took 0 ms 
42906      DEBUG Test worker     d.u.i.k.n.KeyIO           MODE: 2nd degree decls took 0 
44013      INFO  Test worker     d.u.i.k.n.KeyIO           Parsing took 0 ms 
44013      DEBUG Test worker     d.u.i.k.n.KeyIO           Load declarations of de.uka.ilkd.key.nparser.KeyAst$File:  <unknown>:1#1 
44013      INFO  Test worker     d.u.i.k.n.KeyIO           MODE: declarations took 0 ms 
44028      DEBUG Test worker     d.u.i.k.n.KeyIO           MODE: 2nd degree decls took 0 
47395      INFO  Test worker     d.u.i.k.n.KeyIO           Parsing took 0 ms 
47395      DEBUG Test worker     d.u.i.k.n.KeyIO           Load declarations of de.uka.ilkd.key.nparser.KeyAst$File:  <unknown>:1#1 
47395      INFO  Test worker     d.u.i.k.n.KeyIO           MODE: declarations took 0 ms 
47395      DEBUG Test worker     d.u.i.k.n.KeyIO           MODE: 2nd degree decls took 0 
48403      INFO  Test worker     d.u.i.k.n.KeyIO           Parsing took 0 ms 
48403      DEBUG Test worker     d.u.i.k.n.KeyIO           Load declarations of de.uka.ilkd.key.nparser.KeyAst$File:  <unknown>:1#1 
48403      INFO  Test worker     d.u.i.k.n.KeyIO           MODE: declarations took 0 ms 
48403      DEBUG Test worker     d.u.i.k.n.KeyIO           MODE: 2nd degree decls took 0 
51750      INFO  Test worker     d.u.i.k.n.KeyIO           Parsing took 0 ms 
51750      DEBUG Test worker     d.u.i.k.n.KeyIO           Load declarations of de.uka.ilkd.key.nparser.KeyAst$File:  <unknown>:1#1 
51750      INFO  Test worker     d.u.i.k.n.KeyIO           MODE: declarations took 0 ms 
51750      DEBUG Test worker     d.u.i.k.n.KeyIO           MODE: 2nd degree decls took 0 
52746      INFO  Test worker     d.u.i.k.n.KeyIO           Parsing took 0 ms 
52746      DEBUG Test worker     d.u.i.k.n.KeyIO           Load declarations of de.uka.ilkd.key.nparser.KeyAst$File:  <unknown>:1#1 
52746      INFO  Test worker     d.u.i.k.n.KeyIO           MODE: declarations took 0 ms 
52746      DEBUG Test worker     d.u.i.k.n.KeyIO           MODE: 2nd degree decls took 0 
56061      INFO  Test worker     d.u.i.k.n.KeyIO           Parsing took 0 ms 
56061      DEBUG Test worker     d.u.i.k.n.KeyIO           Load declarations of de.uka.ilkd.key.nparser.KeyAst$File:  <unknown>:1#1 
56061      INFO  Test worker     d.u.i.k.n.KeyIO           MODE: declarations took 0 ms 
56061      DEBUG Test worker     d.u.i.k.n.KeyIO           MODE: 2nd degree decls took 0 
57076      INFO  Test worker     d.u.i.k.n.KeyIO           Parsing took 0 ms 
57076      DEBUG Test worker     d.u.i.k.n.KeyIO           Load declarations of de.uka.ilkd.key.nparser.KeyAst$File:  <unknown>:1#1 
57076      INFO  Test worker     d.u.i.k.n.KeyIO           MODE: declarations took 0 ms 
57076      DEBUG Test worker     d.u.i.k.n.KeyIO           MODE: 2nd degree decls took 0 
60385      INFO  Test worker     d.u.i.k.n.KeyIO           Parsing took 0 ms 
60385      DEBUG Test worker     d.u.i.k.n.KeyIO           Load declarations of de.uka.ilkd.key.nparser.KeyAst$File:  <unknown>:1#1 
60385      INFO  Test worker     d.u.i.k.n.KeyIO           MODE: declarations took 0 ms 
60385      DEBUG Test worker     d.u.i.k.n.KeyIO           MODE: 2nd degree decls took 0 
61405      INFO  Test worker     d.u.i.k.n.KeyIO           Parsing took 0 ms 
61405      DEBUG Test worker     d.u.i.k.n.KeyIO           Load declarations of de.uka.ilkd.key.nparser.KeyAst$File:  <unknown>:1#1 
61405      INFO  Test worker     d.u.i.k.n.KeyIO           MODE: declarations took 0 ms 
61405      DEBUG Test worker     d.u.i.k.n.KeyIO           MODE: 2nd degree decls took 0 
64689      INFO  Test worker     d.u.i.k.n.KeyIO           Parsing took 0 ms 
64689      DEBUG Test worker     d.u.i.k.n.KeyIO           Load declarations of de.uka.ilkd.key.nparser.KeyAst$File:  <unknown>:1#1 
64689      INFO  Test worker     d.u.i.k.n.KeyIO           MODE: declarations took 0 ms 
64689      DEBUG Test worker     d.u.i.k.n.KeyIO           MODE: 2nd degree decls took 0 
65687      INFO  Test worker     d.u.i.k.n.KeyIO           Parsing took 0 ms 
65687      DEBUG Test worker     d.u.i.k.n.KeyIO           Load declarations of de.uka.ilkd.key.nparser.KeyAst$File:  <unknown>:1#1 
65687      INFO  Test worker     d.u.i.k.n.KeyIO           MODE: declarations took 0 ms 
65687      DEBUG Test worker     d.u.i.k.n.KeyIO           MODE: 2nd degree decls took 0 
68940      INFO  Test worker     d.u.i.k.n.KeyIO           Parsing took 0 ms 
68940      DEBUG Test worker     d.u.i.k.n.KeyIO           Load declarations of de.uka.ilkd.key.nparser.KeyAst$File:  <unknown>:1#1 
68940      INFO  Test worker     d.u.i.k.n.KeyIO           MODE: declarations took 0 ms 
68940      DEBUG Test worker     d.u.i.k.n.KeyIO           MODE: 2nd degree decls took 0 
69956      INFO  Test worker     d.u.i.k.n.KeyIO           Parsing took 0 ms 
69956      DEBUG Test worker     d.u.i.k.n.KeyIO           Load declarations of de.uka.ilkd.key.nparser.KeyAst$File:  <unknown>:1#1 
69956      INFO  Test worker     d.u.i.k.n.KeyIO           MODE: declarations took 0 ms 
69956      DEBUG Test worker     d.u.i.k.n.KeyIO           MODE: 2nd degree decls took 0 
73143      INFO  Test worker     d.u.i.k.n.KeyIO           Parsing took 0 ms 
73143      DEBUG Test worker     d.u.i.k.n.KeyIO           Load declarations of de.uka.ilkd.key.nparser.KeyAst$File:  <unknown>:1#1 
73143      INFO  Test worker     d.u.i.k.n.KeyIO           MODE: declarations took 0 ms 
73143      DEBUG Test worker     d.u.i.k.n.KeyIO           MODE: 2nd degree decls took 0 
74131      INFO  Test worker     d.u.i.k.n.KeyIO           Parsing took 0 ms 
74131      DEBUG Test worker     d.u.i.k.n.KeyIO           Load declarations of de.uka.ilkd.key.nparser.KeyAst$File:  <unknown>:1#1 
74131      INFO  Test worker     d.u.i.k.n.KeyIO           MODE: declarations took 0 ms 
74131      DEBUG Test worker     d.u.i.k.n.KeyIO           MODE: 2nd degree decls took 0 
77360      INFO  Test worker     d.u.i.k.n.KeyIO           Parsing took 0 ms 
77360      DEBUG Test worker     d.u.i.k.n.KeyIO           Load declarations of de.uka.ilkd.key.nparser.KeyAst$File:  <unknown>:1#1 
77360      INFO  Test worker     d.u.i.k.n.KeyIO           MODE: declarations took 0 ms 
77360      DEBUG Test worker     d.u.i.k.n.KeyIO           MODE: 2nd degree decls took 0 
78321      INFO  Test worker     d.u.i.k.n.KeyIO           Parsing took 0 ms 
78321      DEBUG Test worker     d.u.i.k.n.KeyIO           Load declarations of de.uka.ilkd.key.nparser.KeyAst$File:  <unknown>:1#1 
78337      INFO  Test worker     d.u.i.k.n.KeyIO           MODE: declarations took 16 ms 
78337      DEBUG Test worker     d.u.i.k.n.KeyIO           MODE: 2nd degree decls took 0 
81579      INFO  Test worker     d.u.i.k.n.KeyIO           Parsing took 0 ms 
81579      DEBUG Test worker     d.u.i.k.n.KeyIO           Load declarations of de.uka.ilkd.key.nparser.KeyAst$File:  <unknown>:1#1 
81579      INFO  Test worker     d.u.i.k.n.KeyIO           MODE: declarations took 0 ms 
81579      DEBUG Test worker     d.u.i.k.n.KeyIO           MODE: 2nd degree decls took 0 
82549      INFO  Test worker     d.u.i.k.n.KeyIO           Parsing took 0 ms 
82549      DEBUG Test worker     d.u.i.k.n.KeyIO           Load declarations of de.uka.ilkd.key.nparser.KeyAst$File:  <unknown>:1#1 
82549      INFO  Test worker     d.u.i.k.n.KeyIO           MODE: declarations took 0 ms 
82549      DEBUG Test worker     d.u.i.k.n.KeyIO           MODE: 2nd degree decls took 0 
89011      INFO  Test worker     d.u.i.k.n.KeyIO           Parsing took 0 ms 
89011      DEBUG Test worker     d.u.i.k.n.KeyIO           Load declarations of de.uka.ilkd.key.nparser.KeyAst$File:  <unknown>:1#1 
89011      INFO  Test worker     d.u.i.k.n.KeyIO           MODE: declarations took 0 ms 
89011      DEBUG Test worker     d.u.i.k.n.KeyIO           MODE: 2nd degree decls took 0 
90014      INFO  Test worker     d.u.i.k.n.KeyIO           Parsing took 0 ms 
90014      DEBUG Test worker     d.u.i.k.n.KeyIO           Load declarations of de.uka.ilkd.key.nparser.KeyAst$File:  <unknown>:1#1 
90014      INFO  Test worker     d.u.i.k.n.KeyIO           MODE: declarations took 0 ms 
90014      DEBUG Test worker     d.u.i.k.n.KeyIO           MODE: 2nd degree decls took 0 
93277      INFO  Test worker     d.u.i.k.n.KeyIO           Parsing took 0 ms 
93277      DEBUG Test worker     d.u.i.k.n.KeyIO           Load declarations of de.uka.ilkd.key.nparser.KeyAst$File:  <unknown>:1#1 
93277      INFO  Test worker     d.u.i.k.n.KeyIO           MODE: declarations took 0 ms 
93277      DEBUG Test worker     d.u.i.k.n.KeyIO           MODE: 2nd degree decls took 0 
94287      INFO  Test worker     d.u.i.k.n.KeyIO           Parsing took 0 ms 
94287      DEBUG Test worker     d.u.i.k.n.KeyIO           Load declarations of de.uka.ilkd.key.nparser.KeyAst$File:  <unknown>:1#1 
94287      INFO  Test worker     d.u.i.k.n.KeyIO           MODE: declarations took 0 ms 
94287      DEBUG Test worker     d.u.i.k.n.KeyIO           MODE: 2nd degree decls took 0 
]]></system-out>
  <system-err><![CDATA[]]></system-err>
</testsuite>
