<?xml version="1.0" encoding="UTF-8"?>
<testsuite name="de.uka.ilkd.key.taclettranslation.lemma.TestGenericRemovingLemmaGenerator" tests="1" skipped="0" failures="0" errors="0" timestamp="2023-04-21T11:54:11" hostname="fv-az1230-243" time="0.011">
  <properties/>
  <testcase name="testRemovingGenericSorts()" classname="de.uka.ilkd.key.taclettranslation.lemma.TestGenericRemovingLemmaGenerator" time="0.011"/>
  <system-out><![CDATA[]]></system-out>
  <system-err><![CDATA[]]></system-err>
</testsuite>
