<?xml version="1.0" encoding="UTF-8"?>
<testsuite name="de.uka.ilkd.key.proof.TestOneStepSimplifier" tests="1" skipped="0" failures="0" errors="0" timestamp="2023-04-21T11:47:03" hostname="fv-az1230-243" time="4.494">
  <properties/>
  <testcase name="loadWithRestriction()" classname="de.uka.ilkd.key.proof.TestOneStepSimplifier" time="4.494"/>
  <system-out><![CDATA[481094     INFO  Test worker     d.u.i.k.p.i.AbstractProblemLoader Loading environment from src\test\resources\testcase\ossRestriction.proof 
481094     DEBUG Test worker     d.u.i.k.p.i.AbstractProblemLoader Environment load took 172.9ns 
481094     INFO  Test worker     d.u.i.k.p.i.AbstractProblemLoader Creating init config 
481282     DEBUG Test worker     d.u.i.k.j.TypeConverter   No LDT found for Meta 
481282     DEBUG Test worker     d.u.i.k.j.TypeConverter   No LDT found for Meta 
481282     DEBUG Test worker     d.u.i.k.j.TypeConverter   No LDT found for Meta 
481282     DEBUG Test worker     d.u.i.k.j.TypeConverter   No LDT found for Meta 
481970     DEBUG Test worker     d.u.i.k.j.TypeConverter   No LDT found for JavaBigintExpression 
485558     DEBUG Test worker     d.u.i.k.p.i.AbstractProblemLoader Init config took 4.46s 
485590     INFO  Test worker     d.u.i.k.p.i.AbstractProblemLoader Replaying proof ossRestriction.proof 
485590     DEBUG Test worker     d.u.i.k.p.i.IntermediateProofReplayer Proof replay took 1.12ms 
]]></system-out>
  <system-err><![CDATA[]]></system-err>
</testsuite>
