<?xml version="1.0" encoding="UTF-8"?>
<testsuite name="de.uka.ilkd.key.java.TestContextStatementBlock" tests="1" skipped="0" failures="0" errors="0" timestamp="2023-05-26T21:27:27" hostname="fv-az255-268" time="1.264">
  <properties/>
  <testcase name="testContextTermInstantiation()" classname="de.uka.ilkd.key.java.TestContextStatementBlock" time="1.264"/>
  <system-out><![CDATA[24598      INFO  Test worker     d.u.i.k.n.KeyIO           Parsing took 3 ms 
24607      DEBUG Test worker     d.u.i.k.n.KeyIO           Load declarations of de.uka.ilkd.key.nparser.KeyAst$File:  /home/runner/work/key/key/key.core/src/test/resources/testcase/testrules.key:9#1 
24609      INFO  Test worker     d.u.i.k.n.KeyIO           MODE: declarations took 2 ms 
24609      DEBUG Test worker     d.u.i.k.n.KeyIO           MODE: 2nd degree decls took 0 
24744      DEBUG Test worker     d.u.i.k.n.KeyIO           MODE: taclets took 133ms 
]]></system-out>
  <system-err><![CDATA[]]></system-err>
</testsuite>
