<?xml version="1.0" encoding="UTF-8"?>
<testsuite name="de.uka.ilkd.key.rule.tacletbuilder.TestTacletBuild" tests="5" skipped="0" failures="0" errors="0" timestamp="2023-05-26T21:36:29" hostname="fv-az255-268" time="4.037">
  <properties/>
  <testcase name="testSchemavariablesInAddrulesRespectPrefix()" classname="de.uka.ilkd.key.rule.tacletbuilder.TestTacletBuild" time="4.026"/>
  <testcase name="testUniquenessOfIfAndFindVarSVBothInIf()" classname="de.uka.ilkd.key.rule.tacletbuilder.TestTacletBuild" time="0.001"/>
  <testcase name="test0()" classname="de.uka.ilkd.key.rule.tacletbuilder.TestTacletBuild" time="0.002"/>
  <testcase name="testUniquenessOfIfAndFindVarSVsInFind()" classname="de.uka.ilkd.key.rule.tacletbuilder.TestTacletBuild" time="0.0"/>
  <testcase name="testUniquenessOfIfAndFindVarSVsInIfAndFind()" classname="de.uka.ilkd.key.rule.tacletbuilder.TestTacletBuild" time="0.001"/>
  <system-out><![CDATA[567121     INFO  Test worker     d.u.i.k.n.KeyIO           Parsing took 2 ms 
567121     DEBUG Test worker     d.u.i.k.n.KeyIO           Load declarations of de.uka.ilkd.key.nparser.KeyAst$File:  /home/runner/work/key/key/key.core/src/test/resources/testcase/testrules.key:9#1 
567121     INFO  Test worker     d.u.i.k.n.KeyIO           MODE: declarations took 0 ms 
567121     DEBUG Test worker     d.u.i.k.n.KeyIO           MODE: 2nd degree decls took 0 
567148     DEBUG Test worker     d.u.i.k.n.KeyIO           MODE: taclets took 27ms 
]]></system-out>
  <system-err><![CDATA[]]></system-err>
</testsuite>
