<?xml version="1.0" encoding="UTF-8"?>
<testsuite name="de.uka.ilkd.key.parser.TestDeclParser" tests="14" skipped="2" failures="0" errors="0" timestamp="2023-05-26T21:30:46" hostname="fv-az255-268" time="11.635">
  <properties/>
  <testcase name="testGenericSortDecl1()" classname="de.uka.ilkd.key.parser.TestDeclParser" time="1.022"/>
  <testcase name="testGenericSortDecl2()" classname="de.uka.ilkd.key.parser.TestDeclParser" time="0.977"/>
  <testcase name="testGenericSortDecl3()" classname="de.uka.ilkd.key.parser.TestDeclParser" time="0.965"/>
  <testcase name="testGenericSortDecl4()" classname="de.uka.ilkd.key.parser.TestDeclParser" time="0.977"/>
  <testcase name="testGenericSortDecl5()" classname="de.uka.ilkd.key.parser.TestDeclParser" time="0.0">
    <skipped/>
  </testcase>
  <testcase name="testGenericSortDecl6()" classname="de.uka.ilkd.key.parser.TestDeclParser" time="0.985"/>
  <testcase name="testSortDecl()" classname="de.uka.ilkd.key.parser.TestDeclParser" time="0.916"/>
  <testcase name="testProxySortDecl()" classname="de.uka.ilkd.key.parser.TestDeclParser" time="0.955"/>
  <testcase name="testArrayDecl()" classname="de.uka.ilkd.key.parser.TestDeclParser" time="0.997"/>
  <testcase name="testAmbiguousDecls()" classname="de.uka.ilkd.key.parser.TestDeclParser" time="0.0">
    <skipped/>
  </testcase>
  <testcase name="testHeurDecl()" classname="de.uka.ilkd.key.parser.TestDeclParser" time="0.987"/>
  <testcase name="testFunctionDecl()" classname="de.uka.ilkd.key.parser.TestDeclParser" time="0.926"/>
  <testcase name="testPredicateDecl()" classname="de.uka.ilkd.key.parser.TestDeclParser" time="0.964"/>
  <testcase name="testSVDecl()" classname="de.uka.ilkd.key.parser.TestDeclParser" time="0.957"/>
  <system-out><![CDATA[223884     INFO  Test worker     d.u.i.k.n.KeyIO           Parsing took 0 ms 
223884     DEBUG Test worker     d.u.i.k.n.KeyIO           Load declarations of de.uka.ilkd.key.nparser.KeyAst$File:  <unknown>:1#1 
223884     INFO  Test worker     d.u.i.k.n.KeyIO           MODE: declarations took 0 ms 
223884     DEBUG Test worker     d.u.i.k.n.KeyIO           MODE: 2nd degree decls took 0 
223884     DEBUG Test worker     d.u.i.k.n.KeyIO           MODE: taclets took 0ms 
224862     INFO  Test worker     d.u.i.k.n.KeyIO           Parsing took 0 ms 
224863     DEBUG Test worker     d.u.i.k.n.KeyIO           Load declarations of de.uka.ilkd.key.nparser.KeyAst$File:  <unknown>:1#1 
224863     INFO  Test worker     d.u.i.k.n.KeyIO           MODE: declarations took 0 ms 
224863     DEBUG Test worker     d.u.i.k.n.KeyIO           MODE: 2nd degree decls took 0 
224863     DEBUG Test worker     d.u.i.k.n.KeyIO           MODE: taclets took 0ms 
225828     INFO  Test worker     d.u.i.k.n.KeyIO           Parsing took 1 ms 
225828     DEBUG Test worker     d.u.i.k.n.KeyIO           Load declarations of de.uka.ilkd.key.nparser.KeyAst$File:  <unknown>:1#1 
225828     INFO  Test worker     d.u.i.k.n.KeyIO           MODE: declarations took 0 ms 
225828     DEBUG Test worker     d.u.i.k.n.KeyIO           MODE: 2nd degree decls took 0 
225828     DEBUG Test worker     d.u.i.k.n.KeyIO           MODE: taclets took 0ms 
226805     INFO  Test worker     d.u.i.k.n.KeyIO           Parsing took 0 ms 
226805     DEBUG Test worker     d.u.i.k.n.KeyIO           Load declarations of de.uka.ilkd.key.nparser.KeyAst$File:  <unknown>:1#1 
226805     INFO  Test worker     d.u.i.k.n.KeyIO           MODE: declarations took 0 ms 
226805     DEBUG Test worker     d.u.i.k.n.KeyIO           MODE: 2nd degree decls took 0 
226805     DEBUG Test worker     d.u.i.k.n.KeyIO           MODE: taclets took 0ms 
227792     INFO  Test worker     d.u.i.k.n.KeyIO           Parsing took 1 ms 
227792     DEBUG Test worker     d.u.i.k.n.KeyIO           Load declarations of de.uka.ilkd.key.nparser.KeyAst$File:  <unknown>:1#1 
227792     INFO  Test worker     d.u.i.k.n.KeyIO           MODE: declarations took 0 ms 
227792     DEBUG Test worker     d.u.i.k.n.KeyIO           MODE: 2nd degree decls took 0 
227792     DEBUG Test worker     d.u.i.k.n.KeyIO           MODE: taclets took 0ms 
228709     INFO  Test worker     d.u.i.k.n.KeyIO           Parsing took 0 ms 
228709     DEBUG Test worker     d.u.i.k.n.KeyIO           Load declarations of de.uka.ilkd.key.nparser.KeyAst$File:  <unknown>:1#1 
228709     INFO  Test worker     d.u.i.k.n.KeyIO           MODE: declarations took 0 ms 
228709     DEBUG Test worker     d.u.i.k.n.KeyIO           MODE: 2nd degree decls took 0 
228709     DEBUG Test worker     d.u.i.k.n.KeyIO           MODE: taclets took 0ms 
229663     INFO  Test worker     d.u.i.k.n.KeyIO           Parsing took 0 ms 
229663     DEBUG Test worker     d.u.i.k.n.KeyIO           Load declarations of de.uka.ilkd.key.nparser.KeyAst$File:  <unknown>:1#1 
229664     INFO  Test worker     d.u.i.k.n.KeyIO           MODE: declarations took 1 ms 
229664     DEBUG Test worker     d.u.i.k.n.KeyIO           MODE: 2nd degree decls took 0 
229664     DEBUG Test worker     d.u.i.k.n.KeyIO           MODE: taclets took 0ms 
230660     INFO  Test worker     d.u.i.k.n.KeyIO           Parsing took 0 ms 
230660     DEBUG Test worker     d.u.i.k.n.KeyIO           Load declarations of de.uka.ilkd.key.nparser.KeyAst$File:  <unknown>:1#1 
230660     INFO  Test worker     d.u.i.k.n.KeyIO           MODE: declarations took 0 ms 
230661     DEBUG Test worker     d.u.i.k.n.KeyIO           MODE: 2nd degree decls took 1 
230661     DEBUG Test worker     d.u.i.k.n.KeyIO           MODE: taclets took 0ms 
231649     INFO  Test worker     d.u.i.k.n.KeyIO           Parsing took 0 ms 
231650     DEBUG Test worker     d.u.i.k.n.KeyIO           Load declarations of de.uka.ilkd.key.nparser.KeyAst$File:  <unknown>:1#1 
231650     INFO  Test worker     d.u.i.k.n.KeyIO           MODE: declarations took 0 ms 
231650     DEBUG Test worker     d.u.i.k.n.KeyIO           MODE: 2nd degree decls took 0 
231650     DEBUG Test worker     d.u.i.k.n.KeyIO           MODE: taclets took 0ms 
232571     INFO  Test worker     d.u.i.k.n.KeyIO           Parsing took 0 ms 
232572     DEBUG Test worker     d.u.i.k.n.KeyIO           Load declarations of de.uka.ilkd.key.nparser.KeyAst$File:  <unknown>:1#1 
232572     INFO  Test worker     d.u.i.k.n.KeyIO           MODE: declarations took 0 ms 
232572     DEBUG Test worker     d.u.i.k.n.KeyIO           MODE: 2nd degree decls took 0 
232576     DEBUG Test worker     d.u.i.k.n.KeyIO           MODE: taclets took 0ms 
233540     INFO  Test worker     d.u.i.k.n.KeyIO           Parsing took 0 ms 
233540     DEBUG Test worker     d.u.i.k.n.KeyIO           Load declarations of de.uka.ilkd.key.nparser.KeyAst$File:  <unknown>:1#1 
233540     INFO  Test worker     d.u.i.k.n.KeyIO           MODE: declarations took 0 ms 
233540     DEBUG Test worker     d.u.i.k.n.KeyIO           MODE: 2nd degree decls took 0 
233540     DEBUG Test worker     d.u.i.k.n.KeyIO           MODE: taclets took 0ms 
234497     INFO  Test worker     d.u.i.k.n.KeyIO           Parsing took 0 ms 
234497     DEBUG Test worker     d.u.i.k.n.KeyIO           Load declarations of de.uka.ilkd.key.nparser.KeyAst$File:  <unknown>:1#1 
234497     INFO  Test worker     d.u.i.k.n.KeyIO           MODE: declarations took 0 ms 
234497     DEBUG Test worker     d.u.i.k.n.KeyIO           MODE: 2nd degree decls took 0 
234497     DEBUG Test worker     d.u.i.k.n.KeyIO           MODE: taclets took 0ms 
]]></system-out>
  <system-err><![CDATA[]]></system-err>
</testsuite>
