<?xml version="1.0" encoding="UTF-8"?>
<testsuite name="de.uka.ilkd.key.smt.TestUnsatCore" tests="1" skipped="0" failures="0" errors="0" timestamp="2023-05-26T21:36:33" hostname="fv-az255-268" time="0.003">
  <properties/>
  <testcase name="testUnsatCore()" classname="de.uka.ilkd.key.smt.TestUnsatCore" time="0.003"/>
  <system-out><![CDATA[]]></system-out>
  <system-err><![CDATA[]]></system-err>
</testsuite>
