<?xml version="1.0" encoding="UTF-8"?>
<testsuite name="de.uka.ilkd.key.taclettranslation.TestTacletTranslator" tests="5" skipped="0" failures="0" errors="0" timestamp="2023-05-26T21:41:04" hostname="fv-az255-268" time="0.01">
  <properties/>
  <testcase name="testPropositional1()" classname="de.uka.ilkd.key.taclettranslation.TestTacletTranslator" time="0.003"/>
  <testcase name="testPropositional2()" classname="de.uka.ilkd.key.taclettranslation.TestTacletTranslator" time="0.001"/>
  <testcase name="testNegativePolarity()" classname="de.uka.ilkd.key.taclettranslation.TestTacletTranslator" time="0.003"/>
  <testcase name="testNoPolarity()" classname="de.uka.ilkd.key.taclettranslation.TestTacletTranslator" time="0.001"/>
  <testcase name="testPositivePolarity()" classname="de.uka.ilkd.key.taclettranslation.TestTacletTranslator" time="0.001"/>
  <system-out><![CDATA[840871     INFO  Test worker     d.u.i.k.n.KeyIO           Parsing took 1 ms 
840871     DEBUG Test worker     d.u.i.k.n.KeyIO           Load declarations of de.uka.ilkd.key.nparser.KeyAst$File:  <unknown>:1#1 
840871     INFO  Test worker     d.u.i.k.n.KeyIO           MODE: declarations took 0 ms 
840871     DEBUG Test worker     d.u.i.k.n.KeyIO           MODE: 2nd degree decls took 0 
840871     DEBUG Test worker     d.u.i.k.n.KeyIO           MODE: taclets took 0ms 
840873     INFO  Test worker     d.u.i.k.n.KeyIO           Parsing took 0 ms 
840873     DEBUG Test worker     d.u.i.k.n.KeyIO           Load declarations of de.uka.ilkd.key.nparser.KeyAst$File:  <unknown>:1#1 
840873     INFO  Test worker     d.u.i.k.n.KeyIO           MODE: declarations took 0 ms 
840873     DEBUG Test worker     d.u.i.k.n.KeyIO           MODE: 2nd degree decls took 0 
840874     DEBUG Test worker     d.u.i.k.n.KeyIO           MODE: taclets took 1ms 
840877     INFO  Test worker     d.u.i.k.n.KeyIO           Parsing took 0 ms 
840877     DEBUG Test worker     d.u.i.k.n.KeyIO           Load declarations of de.uka.ilkd.key.nparser.KeyAst$File:  <unknown>:1#1 
840877     INFO  Test worker     d.u.i.k.n.KeyIO           MODE: declarations took 0 ms 
840877     DEBUG Test worker     d.u.i.k.n.KeyIO           MODE: 2nd degree decls took 0 
840877     DEBUG Test worker     d.u.i.k.n.KeyIO           MODE: taclets took 0ms 
840878     INFO  Test worker     d.u.i.k.n.KeyIO           Parsing took 0 ms 
840878     DEBUG Test worker     d.u.i.k.n.KeyIO           Load declarations of de.uka.ilkd.key.nparser.KeyAst$File:  <unknown>:1#1 
840878     INFO  Test worker     d.u.i.k.n.KeyIO           MODE: declarations took 0 ms 
840878     DEBUG Test worker     d.u.i.k.n.KeyIO           MODE: 2nd degree decls took 0 
840878     DEBUG Test worker     d.u.i.k.n.KeyIO           MODE: taclets took 0ms 
840879     INFO  Test worker     d.u.i.k.n.KeyIO           Parsing took 0 ms 
840879     DEBUG Test worker     d.u.i.k.n.KeyIO           Load declarations of de.uka.ilkd.key.nparser.KeyAst$File:  <unknown>:1#1 
840879     INFO  Test worker     d.u.i.k.n.KeyIO           MODE: declarations took 0 ms 
840879     DEBUG Test worker     d.u.i.k.n.KeyIO           MODE: 2nd degree decls took 0 
840880     DEBUG Test worker     d.u.i.k.n.KeyIO           MODE: taclets took 1ms 
]]></system-out>
  <system-err><![CDATA[]]></system-err>
</testsuite>
