<?xml version="1.0" encoding="UTF-8"?>
<testsuite name="de.uka.ilkd.key.util.TestProofStarter" tests="2" skipped="0" failures="0" errors="0" timestamp="2023-05-26T21:41:17" hostname="fv-az255-268" time="51.276">
  <properties/>
  <testcase name="testDirectProofWithOneStepSimplification()" classname="de.uka.ilkd.key.util.TestProofStarter" time="27.112"/>
  <testcase name="testDirectProof()" classname="de.uka.ilkd.key.util.TestProofStarter" time="24.164"/>
  <system-out><![CDATA[853959     INFO  Test worker     d.u.i.k.p.i.AbstractProblemLoader Loading environment from src/test/resources/testcase/proofStarter/CC/project.key 
853959     DEBUG Test worker     d.u.i.k.p.i.AbstractProblemLoader Environment load took 76.7ns 
853960     INFO  Test worker     d.u.i.k.p.i.AbstractProblemLoader Creating init config 
857154     DEBUG Test worker     d.u.i.k.p.i.AbstractProblemLoader Init config took 3.19s 
857202     INFO  Test worker     d.u.i.k.p.i.AbstractProblemLoader Replaying proof CC[CC::calcCoinIndex([I,[I)].JML normal_behavior operation contract.0 
857205     DEBUG Test worker     d.u.i.k.p.i.IntermediateProofReplayer Proof replay took 1.8ns 
881066     INFO  Test worker     d.u.i.k.p.i.AbstractProblemLoader Loading environment from src/test/resources/testcase/proofStarter/CC/project.key 
881066     DEBUG Test worker     d.u.i.k.p.i.AbstractProblemLoader Environment load took 359.4ns 
881067     INFO  Test worker     d.u.i.k.p.i.AbstractProblemLoader Creating init config 
884154     DEBUG Test worker     d.u.i.k.p.i.AbstractProblemLoader Init config took 3.09s 
884197     INFO  Test worker     d.u.i.k.p.i.AbstractProblemLoader Replaying proof CC[CC::calcCoinIndex([I,[I)].JML normal_behavior operation contract.0 
884198     DEBUG Test worker     d.u.i.k.p.i.IntermediateProofReplayer Proof replay took 1.6ns 
]]></system-out>
  <system-err><![CDATA[]]></system-err>
</testsuite>
