<?xml version="1.0" encoding="UTF-8"?>
<testsuite name="de.uka.ilkd.key.parser.TestParser" tests="5" skipped="1" failures="0" errors="0" timestamp="2023-05-26T21:32:16" hostname="fv-az255-268" time="5.112">
  <properties/>
  <testcase name="testConstantEvaluationError()" classname="de.uka.ilkd.key.parser.TestParser" time="1.007"/>
  <testcase name="testGenericSort()" classname="de.uka.ilkd.key.parser.TestParser" time="0.003"/>
  <testcase name="testIssue1566()" classname="de.uka.ilkd.key.parser.TestParser" time="3.14"/>
  <testcase name="testIssue39()" classname="de.uka.ilkd.key.parser.TestParser" time="0.959"/>
  <testcase name="testRelativeInclude()" classname="de.uka.ilkd.key.parser.TestParser" time="0.002">
    <skipped/>
  </testcase>
  <system-out><![CDATA[312477     INFO  Test worker     d.u.i.k.p.i.AbstractProblemLoader Loading environment from src/test/resources/testcase/parserErrorTest/AssignToArray.java 
312477     DEBUG Test worker     d.u.i.k.p.i.AbstractProblemLoader Environment load took 74.4ns 
312478     INFO  Test worker     d.u.i.k.p.i.AbstractProblemLoader Creating init config 
313484     INFO  Test worker     d.u.i.k.n.KeyIO           Parsing took 0 ms 
313485     DEBUG Test worker     d.u.i.k.n.KeyIO           Load declarations of de.uka.ilkd.key.nparser.KeyAst$File:  <unknown>:1#1 
313485     INFO  Test worker     d.u.i.k.n.KeyIO           MODE: declarations took 0 ms 
313485     DEBUG Test worker     d.u.i.k.n.KeyIO           MODE: 2nd degree decls took 0 
313486     DEBUG Test worker     d.u.i.k.n.KeyIO           MODE: taclets took 0ms 
313488     INFO  Test worker     d.u.i.k.p.i.AbstractProblemLoader Loading environment from src/test/resources/testcase/issues/1566/a.key 
313488     DEBUG Test worker     d.u.i.k.p.i.AbstractProblemLoader Environment load took 301ns 
313489     INFO  Test worker     d.u.i.k.p.i.AbstractProblemLoader Creating init config 
316609     DEBUG Test worker     d.u.i.k.p.i.AbstractProblemLoader Init config took 3.12s 
316624     INFO  Test worker     d.u.i.k.p.i.AbstractProblemLoader Replaying proof a.key 
316626     DEBUG Test worker     d.u.i.k.p.i.IntermediateProofReplayer Proof replay took 10.6ns 
316628     INFO  Test worker     d.u.i.k.p.i.AbstractProblemLoader Loading environment from src/test/resources/testcase/issues/39/A.java 
316628     DEBUG Test worker     d.u.i.k.p.i.AbstractProblemLoader Environment load took 69.3ns 
316628     INFO  Test worker     d.u.i.k.p.i.AbstractProblemLoader Creating init config 
]]></system-out>
  <system-err><![CDATA[]]></system-err>
</testsuite>
