<?xml version="1.0" encoding="UTF-8"?>
<testsuite name="de.uka.ilkd.key.macros.scripts.TestProofScriptCommand" tests="7" skipped="0" failures="0" errors="0" timestamp="2023-05-26T21:30:04" hostname="fv-az255-268" time="21.592">
  <properties/>
  <testcase name="[1] unhide2.props, /home/runner/work/key/key/key.core/build/resources/test/de/uka/ilkd/key/macros/scripts/cases/unhide2.props" classname="de.uka.ilkd.key.macros.scripts.TestProofScriptCommand" time="3.112"/>
  <testcase name="[2] unhide.props, /home/runner/work/key/key/key.core/build/resources/test/de/uka/ilkd/key/macros/scripts/cases/unhide.props" classname="de.uka.ilkd.key.macros.scripts.TestProofScriptCommand" time="3.066"/>
  <testcase name="[3] selectFormula.props, /home/runner/work/key/key/key.core/build/resources/test/de/uka/ilkd/key/macros/scripts/cases/selectFormula.props" classname="de.uka.ilkd.key.macros.scripts.TestProofScriptCommand" time="3.102"/>
  <testcase name="[4] hide.exc.props, /home/runner/work/key/key/key.core/build/resources/test/de/uka/ilkd/key/macros/scripts/cases/hide.exc.props" classname="de.uka.ilkd.key.macros.scripts.TestProofScriptCommand" time="3.102"/>
  <testcase name="[5] hide.props, /home/runner/work/key/key/key.core/build/resources/test/de/uka/ilkd/key/macros/scripts/cases/hide.props" classname="de.uka.ilkd.key.macros.scripts.TestProofScriptCommand" time="3.124"/>
  <testcase name="[6] rule.exc.props, /home/runner/work/key/key/key.core/build/resources/test/de/uka/ilkd/key/macros/scripts/cases/rule.exc.props" classname="de.uka.ilkd.key.macros.scripts.TestProofScriptCommand" time="3.076"/>
  <testcase name="[7] andRight.props, /home/runner/work/key/key/key.core/build/resources/test/de/uka/ilkd/key/macros/scripts/cases/andRight.props" classname="de.uka.ilkd.key.macros.scripts.TestProofScriptCommand" time="3.01"/>
  <system-out><![CDATA[180985     INFO  Test worker     d.u.i.k.p.i.AbstractProblemLoader Loading environment from /tmp/proofscript_key_unhide2.props14171709413595328842.key 
180986     DEBUG Test worker     d.u.i.k.p.i.AbstractProblemLoader Environment load took 1.26ms 
180995     INFO  Test worker     d.u.i.k.p.i.AbstractProblemLoader Creating init config 
184061     DEBUG Test worker     d.u.i.k.p.i.AbstractProblemLoader Init config took 3.07s 
184081     INFO  Test worker     d.u.i.k.p.i.AbstractProblemLoader Replaying proof proofscript_key_unhide2.props14171709413595328842.key 
184083     DEBUG Test worker     d.u.i.k.p.i.IntermediateProofReplayer Proof replay took 8ns 
184083     DEBUG Test worker     d.u.i.k.m.s.ProofScriptEngine 1: 'rule impRight' 
184087     DEBUG Test worker     d.u.i.k.m.s.ProofScriptEngine 2: 'hide '2=3 ==> 3=4'' 
184088     DEBUG Test worker     d.u.i.k.m.s.ProofScriptEngine 3: 'unhide '2=3 ==> 3=4'' 
184095     INFO  Test worker     d.u.i.k.p.i.AbstractProblemLoader Loading environment from /tmp/proofscript_key_unhide.props3113601435108550264.key 
184095     DEBUG Test worker     d.u.i.k.p.i.AbstractProblemLoader Environment load took 106.3ns 
184096     INFO  Test worker     d.u.i.k.p.i.AbstractProblemLoader Creating init config 
187131     DEBUG Test worker     d.u.i.k.p.i.AbstractProblemLoader Init config took 3.03s 
187151     INFO  Test worker     d.u.i.k.p.i.AbstractProblemLoader Replaying proof proofscript_key_unhide.props3113601435108550264.key 
187153     DEBUG Test worker     d.u.i.k.p.i.IntermediateProofReplayer Proof replay took 8.5ns 
187153     DEBUG Test worker     d.u.i.k.m.s.ProofScriptEngine 1: 'rule impRight' 
187157     DEBUG Test worker     d.u.i.k.m.s.ProofScriptEngine 2: 'hide '2=3 ==> 3=4'' 
187157     DEBUG Test worker     d.u.i.k.m.s.ProofScriptEngine 3: 'unhide '2=3 ==>'' 
187158     DEBUG Test worker     d.u.i.k.m.s.ProofScriptEngine 4: 'unhide '==> 3=4'' 
187161     INFO  Test worker     d.u.i.k.p.i.AbstractProblemLoader Loading environment from /tmp/proofscript_key_selectFormula.props7549010752480968314.key 
187161     DEBUG Test worker     d.u.i.k.p.i.AbstractProblemLoader Environment load took 89.9ns 
187162     INFO  Test worker     d.u.i.k.p.i.AbstractProblemLoader Creating init config 
190232     DEBUG Test worker     d.u.i.k.p.i.AbstractProblemLoader Init config took 3.07s 
190251     INFO  Test worker     d.u.i.k.p.i.AbstractProblemLoader Replaying proof proofscript_key_selectFormula.props7549010752480968314.key 
190253     DEBUG Test worker     d.u.i.k.p.i.IntermediateProofReplayer Proof replay took 7.1ns 
190253     DEBUG Test worker     d.u.i.k.m.s.ProofScriptEngine 1: 'macro split-prop' 
190259     DEBUG Test worker     d.u.i.k.m.s.ProofScriptEngine 2: 'select formula="b"' 
190263     INFO  Test worker     d.u.i.k.p.i.AbstractProblemLoader Loading environment from /tmp/proofscript_key_hide.exc.props2240927669646046942.key 
190263     DEBUG Test worker     d.u.i.k.p.i.AbstractProblemLoader Environment load took 93.9ns 
190264     INFO  Test worker     d.u.i.k.p.i.AbstractProblemLoader Creating init config 
193339     DEBUG Test worker     d.u.i.k.p.i.AbstractProblemLoader Init config took 3.08s 
193357     INFO  Test worker     d.u.i.k.p.i.AbstractProblemLoader Replaying proof proofscript_key_hide.exc.props2240927669646046942.key 
193358     DEBUG Test worker     d.u.i.k.p.i.IntermediateProofReplayer Proof replay took 7.8ns 
193359     DEBUG Test worker     d.u.i.k.m.s.ProofScriptEngine 1: 'macro split-prop' 
193362     DEBUG Test worker     d.u.i.k.m.s.ProofScriptEngine 2: 'hide "b ==>"' 
193363     DEBUG Test worker     d.u.i.k.m.s.ProofScriptEngine GOALS: 1 
193363     DEBUG Test worker     d.u.i.k.m.s.ProofScriptEngine [a]==>[b] 
193365     INFO  Test worker     d.u.i.k.p.i.AbstractProblemLoader Loading environment from /tmp/proofscript_key_hide.props5846929515834789976.key 
193365     DEBUG Test worker     d.u.i.k.p.i.AbstractProblemLoader Environment load took 94.1ns 
193366     INFO  Test worker     d.u.i.k.p.i.AbstractProblemLoader Creating init config 
196459     DEBUG Test worker     d.u.i.k.p.i.AbstractProblemLoader Init config took 3.09s 
196476     INFO  Test worker     d.u.i.k.p.i.AbstractProblemLoader Replaying proof proofscript_key_hide.props5846929515834789976.key 
196477     DEBUG Test worker     d.u.i.k.p.i.IntermediateProofReplayer Proof replay took 7.7ns 
196478     DEBUG Test worker     d.u.i.k.m.s.ProofScriptEngine 1: 'macro split-prop' 
196486     DEBUG Test worker     d.u.i.k.m.s.ProofScriptEngine 2: 'hide "a ==> d, e"' 
196489     INFO  Test worker     d.u.i.k.p.i.AbstractProblemLoader Loading environment from /tmp/proofscript_key_rule.exc.props13223911891900332932.key 
196489     DEBUG Test worker     d.u.i.k.p.i.AbstractProblemLoader Environment load took 134.6ns 
196490     INFO  Test worker     d.u.i.k.p.i.AbstractProblemLoader Creating init config 
199540     DEBUG Test worker     d.u.i.k.p.i.AbstractProblemLoader Init config took 3.05s 
199560     INFO  Test worker     d.u.i.k.p.i.AbstractProblemLoader Replaying proof proofscript_key_rule.exc.props13223911891900332932.key 
199562     DEBUG Test worker     d.u.i.k.p.i.IntermediateProofReplayer Proof replay took 8.7ns 
199562     DEBUG Test worker     d.u.i.k.m.s.ProofScriptEngine 1: 'rule andLeft' 
199563     DEBUG Test worker     d.u.i.k.m.s.ProofScriptEngine GOALS: 1 
199563     DEBUG Test worker     d.u.i.k.m.s.ProofScriptEngine []==>[and(a,b)] 
199565     INFO  Test worker     d.u.i.k.p.i.AbstractProblemLoader Loading environment from /tmp/proofscript_key_andRight.props12417426472270293031.key 
199565     DEBUG Test worker     d.u.i.k.p.i.AbstractProblemLoader Environment load took 90.4ns 
199566     INFO  Test worker     d.u.i.k.p.i.AbstractProblemLoader Creating init config 
202554     DEBUG Test worker     d.u.i.k.p.i.AbstractProblemLoader Init config took 2.99s 
202569     INFO  Test worker     d.u.i.k.p.i.AbstractProblemLoader Replaying proof proofscript_key_andRight.props12417426472270293031.key 
202570     DEBUG Test worker     d.u.i.k.p.i.IntermediateProofReplayer Proof replay took 8.2ns 
202571     DEBUG Test worker     d.u.i.k.m.s.ProofScriptEngine 1: 'rule andRight' 
]]></system-out>
  <system-err><![CDATA[]]></system-err>
</testsuite>
