<?xml version="1.0" encoding="UTF-8"?>
<testsuite name="de.uka.ilkd.key.parser.TestTacletParser" tests="20" skipped="0" failures="0" errors="0" timestamp="2023-05-26T21:32:21" hostname="fv-az255-268" time="0.166">
  <properties/>
  <testcase name="testAllRight()" classname="de.uka.ilkd.key.parser.TestTacletParser" time="0.015"/>
  <testcase name="testSchemaJava0()" classname="de.uka.ilkd.key.parser.TestTacletParser" time="0.008"/>
  <testcase name="testSchemaJava1()" classname="de.uka.ilkd.key.parser.TestTacletParser" time="0.013"/>
  <testcase name="testSchemaJava2()" classname="de.uka.ilkd.key.parser.TestTacletParser" time="0.008"/>
  <testcase name="testSchemaJava4()" classname="de.uka.ilkd.key.parser.TestTacletParser" time="0.01"/>
  <testcase name="testSchemaJava6()" classname="de.uka.ilkd.key.parser.TestTacletParser" time="0.009"/>
  <testcase name="testSchemaJava8()" classname="de.uka.ilkd.key.parser.TestTacletParser" time="0.008"/>
  <testcase name="testCut()" classname="de.uka.ilkd.key.parser.TestTacletParser" time="0.008"/>
  <testcase name="testMakeInsertEq()" classname="de.uka.ilkd.key.parser.TestTacletParser" time="0.004"/>
  <testcase name="testAllLeft()" classname="de.uka.ilkd.key.parser.TestTacletParser" time="0.004"/>
  <testcase name="testClose()" classname="de.uka.ilkd.key.parser.TestTacletParser" time="0.016"/>
  <testcase name="testSchemaJava10()" classname="de.uka.ilkd.key.parser.TestTacletParser" time="0.005"/>
  <testcase name="testSchemaJava11()" classname="de.uka.ilkd.key.parser.TestTacletParser" time="0.007"/>
  <testcase name="testFIdempotent()" classname="de.uka.ilkd.key.parser.TestTacletParser" time="0.006"/>
  <testcase name="testImpRight()" classname="de.uka.ilkd.key.parser.TestTacletParser" time="0.004"/>
  <testcase name="testVarcondNew()" classname="de.uka.ilkd.key.parser.TestTacletParser" time="0.006"/>
  <testcase name="testFreeReplacewithVariables()" classname="de.uka.ilkd.key.parser.TestTacletParser" time="0.004"/>
  <testcase name="testImpLeft()" classname="de.uka.ilkd.key.parser.TestTacletParser" time="0.004"/>
  <testcase name="testContraposition()" classname="de.uka.ilkd.key.parser.TestTacletParser" time="0.007"/>
  <testcase name="testExConjSplit()" classname="de.uka.ilkd.key.parser.TestTacletParser" time="0.007"/>
  <system-out><![CDATA[317589     INFO  Test worker     d.u.i.k.n.KeyIO           Parsing took 0 ms 
317589     DEBUG Test worker     d.u.i.k.n.KeyIO           Load declarations of de.uka.ilkd.key.nparser.KeyAst$File:  <unknown>:1#1 
317589     INFO  Test worker     d.u.i.k.n.KeyIO           MODE: declarations took 0 ms 
317589     DEBUG Test worker     d.u.i.k.n.KeyIO           MODE: 2nd degree decls took 0 
317597     DEBUG Test worker     d.u.i.k.n.KeyIO           MODE: taclets took 7ms 
317602     INFO  Test worker     d.u.i.k.n.KeyIO           Parsing took 0 ms 
317602     DEBUG Test worker     d.u.i.k.n.KeyIO           Load declarations of de.uka.ilkd.key.nparser.KeyAst$File:  <unknown>:2#1 
317602     INFO  Test worker     d.u.i.k.n.KeyIO           MODE: declarations took 0 ms 
317603     DEBUG Test worker     d.u.i.k.n.KeyIO           MODE: 2nd degree decls took 0 
317604     DEBUG Test worker     d.u.i.k.n.KeyIO           MODE: taclets took 1ms 
317605     INFO  Test worker     d.u.i.k.n.KeyIO           Parsing took 0 ms 
317608     DEBUG Test worker     d.u.i.k.n.KeyIO           Load declarations of de.uka.ilkd.key.nparser.KeyAst$File:  <unknown>:1#1 
317609     INFO  Test worker     d.u.i.k.n.KeyIO           MODE: declarations took 1 ms 
317609     DEBUG Test worker     d.u.i.k.n.KeyIO           MODE: 2nd degree decls took 0 
317610     DEBUG Test worker     d.u.i.k.n.KeyIO           MODE: taclets took 0ms 
317610     INFO  Test worker     d.u.i.k.n.KeyIO           Parsing took 0 ms 
317610     DEBUG Test worker     d.u.i.k.n.KeyIO           Load declarations of de.uka.ilkd.key.nparser.KeyAst$File:  <unknown>:2#1 
317611     INFO  Test worker     d.u.i.k.n.KeyIO           MODE: declarations took 1 ms 
317611     DEBUG Test worker     d.u.i.k.n.KeyIO           MODE: 2nd degree decls took 0 
317612     DEBUG Test worker     d.u.i.k.n.KeyIO           MODE: taclets took 1ms 
317616     INFO  Test worker     d.u.i.k.n.KeyIO           Parsing took 1 ms 
317616     DEBUG Test worker     d.u.i.k.n.KeyIO           Load declarations of de.uka.ilkd.key.nparser.KeyAst$File:  <unknown>:1#1 
317616     INFO  Test worker     d.u.i.k.n.KeyIO           MODE: declarations took 0 ms 
317616     DEBUG Test worker     d.u.i.k.n.KeyIO           MODE: 2nd degree decls took 0 
317617     DEBUG Test worker     d.u.i.k.n.KeyIO           MODE: taclets took 0ms 
317618     WARN  Test worker     d.u.i.k.n.KeYParser       [syntax-error] <unknown>:2:21: extraneous input '<' expecting {MODALITY, FORALL, EXISTS, '\if', '\ifEx', 'true', 'false', '(', ')', '{', '@', NOT, '-', STRING_LITERAL, CHAR_LITERAL, BIN_LITERAL, HEX_LITERAL, IDENT, INT_LITERAL, FLOAT_LITERAL, DOUBLE_LITERAL, REAL_LITERAL} [@12,22:22='<',<173>,2:21] (argument_list, call, accessterm, primitive_term, primitive_labeled_term, bracket_term, atom_prefix, strong_arith_term_2, strong_arith_term_1, weak_arith_term, comparison_term, equality_term, term60, conjunction_term, disjunction_term, implication_term, equivalence_term, elementary_update_term, parallel_term, term, taclet, rulesOrAxioms, decls, file) 
317622     WARN  Test worker     d.u.i.k.n.KeYParser       [syntax-error] <unknown>:2:23: no viable alternative at input '{..' [@14,24:25='..',<144>,2:23] (atom_prefix, strong_arith_term_2, strong_arith_term_1, weak_arith_term, comparison_term, equality_term, term60, conjunction_term, disjunction_term, implication_term, equivalence_term, elementary_update_term, parallel_term, term, argument_list, call, accessterm, primitive_term, primitive_labeled_term, bracket_term, atom_prefix, strong_arith_term_2, strong_arith_term_1, weak_arith_term, comparison_term, equality_term, term60, conjunction_term, disjunction_term, implication_term, equivalence_term, elementary_update_term, parallel_term, term, taclet, rulesOrAxioms, decls, file) 
317623     WARN  Test worker     d.u.i.k.n.KeYParser       [syntax-error] <unknown>:2:33: mismatched input ';' expecting {',', ')'} [@21,34:34=';',<138>,2:33] (argument_list, call, accessterm, primitive_term, primitive_labeled_term, bracket_term, atom_prefix, strong_arith_term_2, strong_arith_term_1, weak_arith_term, comparison_term, equality_term, term60, conjunction_term, disjunction_term, implication_term, equivalence_term, elementary_update_term, parallel_term, term, taclet, rulesOrAxioms, decls, file) 
317624     WARN  Test worker     d.u.i.k.n.KeYParser       [syntax-error] <unknown>:2:41: no viable alternative at input '#i;' [@26,42:42=';',<138>,2:41] (option_list, taclet, rulesOrAxioms, decls, file) 
317624     WARN  Test worker     d.u.i.k.n.KeYParser       [syntax-error] <unknown>:2:43: mismatched input '<' expecting {'(', '{'} [@28,44:44='<',<173>,2:43] (taclet, rulesOrAxioms, decls, file) 
317624     WARN  Test worker     d.u.i.k.n.KeYParser       [syntax-error] <unknown>:2:47: mismatched input '+' expecting {'(', '{'} [@32,48:48='+',<167>,2:47] (taclet, rulesOrAxioms, decls, file) 
317625     WARN  Test worker     d.u.i.k.n.KeYParser       [syntax-error] <unknown>:2:52: extraneous input '..' expecting {'\lemma', '}', IDENT, '/*!'} [@37,53:54='..',<144>,2:52] (rulesOrAxioms, decls, file) 
317625     WARN  Test worker     d.u.i.k.n.KeYParser       [syntax-error] <unknown>:2:56: mismatched input '>' expecting {<EOF>, '\problem', '\chooseContract', '\proofObligation', '\proof'} [@40,57:57='>',<168>,2:56] (file) 
317632     INFO  Test worker     d.u.i.k.n.KeyIO           Parsing took 5 ms 
317632     DEBUG Test worker     d.u.i.k.n.KeyIO           Load declarations of de.uka.ilkd.key.nparser.KeyAst$File:  <unknown>:1#1 
317632     INFO  Test worker     d.u.i.k.n.KeyIO           MODE: declarations took 0 ms 
317632     DEBUG Test worker     d.u.i.k.n.KeyIO           MODE: 2nd degree decls took 0 
317632     DEBUG Test worker     d.u.i.k.n.KeyIO           MODE: taclets took 0ms 
317633     WARN  Test worker     d.u.i.k.n.KeYParser       [syntax-error] <unknown>:2:21: extraneous input '<' expecting {MODALITY, FORALL, EXISTS, '\if', '\ifEx', 'true', 'false', '(', ')', '{', '@', NOT, '-', STRING_LITERAL, CHAR_LITERAL, BIN_LITERAL, HEX_LITERAL, IDENT, INT_LITERAL, FLOAT_LITERAL, DOUBLE_LITERAL, REAL_LITERAL} [@12,22:22='<',<173>,2:21] (argument_list, call, accessterm, primitive_term, primitive_labeled_term, bracket_term, atom_prefix, strong_arith_term_2, strong_arith_term_1, weak_arith_term, comparison_term, equality_term, term60, conjunction_term, disjunction_term, implication_term, equivalence_term, elementary_update_term, parallel_term, term, taclet, rulesOrAxioms, decls, file) 
317633     WARN  Test worker     d.u.i.k.n.KeYParser       [syntax-error] <unknown>:2:23: no viable alternative at input '{..' [@14,24:25='..',<144>,2:23] (atom_prefix, strong_arith_term_2, strong_arith_term_1, weak_arith_term, comparison_term, equality_term, term60, conjunction_term, disjunction_term, implication_term, equivalence_term, elementary_update_term, parallel_term, term, argument_list, call, accessterm, primitive_term, primitive_labeled_term, bracket_term, atom_prefix, strong_arith_term_2, strong_arith_term_1, weak_arith_term, comparison_term, equality_term, term60, conjunction_term, disjunction_term, implication_term, equivalence_term, elementary_update_term, parallel_term, term, taclet, rulesOrAxioms, decls, file) 
317633     WARN  Test worker     d.u.i.k.n.KeYParser       [syntax-error] <unknown>:2:33: mismatched input ';' expecting {',', ')'} [@21,34:34=';',<138>,2:33] (argument_list, call, accessterm, primitive_term, primitive_labeled_term, bracket_term, atom_prefix, strong_arith_term_2, strong_arith_term_1, weak_arith_term, comparison_term, equality_term, term60, conjunction_term, disjunction_term, implication_term, equivalence_term, elementary_update_term, parallel_term, term, taclet, rulesOrAxioms, decls, file) 
317633     WARN  Test worker     d.u.i.k.n.KeYParser       [syntax-error] <unknown>:2:43: no viable alternative at input '#lab;' [@26,44:44=';',<138>,2:43] (option_list, taclet, rulesOrAxioms, decls, file) 
317634     WARN  Test worker     d.u.i.k.n.KeYParser       [syntax-error] <unknown>:2:45: mismatched input '<' expecting {'(', '{'} [@28,46:46='<',<173>,2:45] (taclet, rulesOrAxioms, decls, file) 
317634     WARN  Test worker     d.u.i.k.n.KeYParser       [syntax-error] <unknown>:2:50: mismatched input '+' expecting {'(', '{'} [@32,51:51='+',<167>,2:50] (taclet, rulesOrAxioms, decls, file) 
317634     WARN  Test worker     d.u.i.k.n.KeYParser       [syntax-error] <unknown>:2:56: extraneous input '..' expecting {'\lemma', '}', IDENT, '/*!'} [@38,57:58='..',<144>,2:56] (rulesOrAxioms, decls, file) 
317634     WARN  Test worker     d.u.i.k.n.KeYParser       [syntax-error] <unknown>:2:60: mismatched input '>' expecting {<EOF>, '\problem', '\chooseContract', '\proofObligation', '\proof'} [@41,61:61='>',<168>,2:60] (file) 
317635     INFO  Test worker     d.u.i.k.n.KeyIO           Parsing took 1 ms 
317635     DEBUG Test worker     d.u.i.k.n.KeyIO           Load declarations of de.uka.ilkd.key.nparser.KeyAst$File:  <unknown>:1#1 
317635     INFO  Test worker     d.u.i.k.n.KeyIO           MODE: declarations took 0 ms 
317635     DEBUG Test worker     d.u.i.k.n.KeyIO           MODE: 2nd degree decls took 0 
317639     DEBUG Test worker     d.u.i.k.n.KeyIO           MODE: taclets took 2ms 
317639     INFO  Test worker     d.u.i.k.n.KeyIO           Parsing took 0 ms 
317639     DEBUG Test worker     d.u.i.k.n.KeyIO           Load declarations of de.uka.ilkd.key.nparser.KeyAst$File:  <unknown>:2#1 
317639     INFO  Test worker     d.u.i.k.n.KeyIO           MODE: declarations took 0 ms 
317639     DEBUG Test worker     d.u.i.k.n.KeyIO           MODE: 2nd degree decls took 0 
317643     DEBUG Test worker     d.u.i.k.n.KeyIO           MODE: taclets took 1ms 
317645     INFO  Test worker     d.u.i.k.n.KeyIO           Parsing took 0 ms 
317645     DEBUG Test worker     d.u.i.k.n.KeyIO           Load declarations of de.uka.ilkd.key.nparser.KeyAst$File:  <unknown>:1#1 
317645     INFO  Test worker     d.u.i.k.n.KeyIO           MODE: declarations took 0 ms 
317646     DEBUG Test worker     d.u.i.k.n.KeyIO           MODE: 2nd degree decls took 0 
317646     DEBUG Test worker     d.u.i.k.n.KeyIO           MODE: taclets took 0ms 
317647     INFO  Test worker     d.u.i.k.n.KeyIO           Parsing took 0 ms 
317647     DEBUG Test worker     d.u.i.k.n.KeyIO           Load declarations of de.uka.ilkd.key.nparser.KeyAst$File:  <unknown>:2#1 
317647     INFO  Test worker     d.u.i.k.n.KeyIO           MODE: declarations took 0 ms 
317648     DEBUG Test worker     d.u.i.k.n.KeyIO           MODE: 2nd degree decls took 0 
317649     DEBUG Test worker     d.u.i.k.n.KeyIO           MODE: taclets took 1ms 
317656     INFO  Test worker     d.u.i.k.n.KeyIO           Parsing took 0 ms 
317657     DEBUG Test worker     d.u.i.k.n.KeyIO           Load declarations of de.uka.ilkd.key.nparser.KeyAst$File:  <unknown>:1#1 
317657     INFO  Test worker     d.u.i.k.n.KeyIO           MODE: declarations took 0 ms 
317657     DEBUG Test worker     d.u.i.k.n.KeyIO           MODE: 2nd degree decls took 0 
317662     DEBUG Test worker     d.u.i.k.n.KeyIO           MODE: taclets took 0ms 
317662     INFO  Test worker     d.u.i.k.n.KeyIO           Parsing took 0 ms 
317663     DEBUG Test worker     d.u.i.k.n.KeyIO           Load declarations of de.uka.ilkd.key.nparser.KeyAst$File:  <unknown>:2#1 
317663     INFO  Test worker     d.u.i.k.n.KeyIO           MODE: declarations took 0 ms 
317663     DEBUG Test worker     d.u.i.k.n.KeyIO           MODE: 2nd degree decls took 0 
317664     DEBUG Test worker     d.u.i.k.n.KeyIO           MODE: taclets took 0ms 
317665     INFO  Test worker     d.u.i.k.n.KeyIO           Parsing took 0 ms 
317666     DEBUG Test worker     d.u.i.k.n.KeyIO           Load declarations of de.uka.ilkd.key.nparser.KeyAst$File:  <unknown>:1#1 
317666     INFO  Test worker     d.u.i.k.n.KeyIO           MODE: declarations took 0 ms 
317666     DEBUG Test worker     d.u.i.k.n.KeyIO           MODE: 2nd degree decls took 0 
317667     DEBUG Test worker     d.u.i.k.n.KeyIO           MODE: taclets took 0ms 
317667     INFO  Test worker     d.u.i.k.n.KeyIO           Parsing took 0 ms 
317668     DEBUG Test worker     d.u.i.k.n.KeyIO           Load declarations of de.uka.ilkd.key.nparser.KeyAst$File:  <unknown>:2#1 
317668     INFO  Test worker     d.u.i.k.n.KeyIO           MODE: declarations took 0 ms 
317668     DEBUG Test worker     d.u.i.k.n.KeyIO           MODE: 2nd degree decls took 0 
317669     DEBUG Test worker     d.u.i.k.n.KeyIO           MODE: taclets took 0ms 
317674     INFO  Test worker     d.u.i.k.n.KeyIO           Parsing took 0 ms 
317675     DEBUG Test worker     d.u.i.k.n.KeyIO           Load declarations of de.uka.ilkd.key.nparser.KeyAst$File:  <unknown>:1#1 
317675     INFO  Test worker     d.u.i.k.n.KeyIO           MODE: declarations took 0 ms 
317675     DEBUG Test worker     d.u.i.k.n.KeyIO           MODE: 2nd degree decls took 0 
317676     DEBUG Test worker     d.u.i.k.n.KeyIO           MODE: taclets took 0ms 
317677     INFO  Test worker     d.u.i.k.n.KeyIO           Parsing took 0 ms 
317677     DEBUG Test worker     d.u.i.k.n.KeyIO           Load declarations of de.uka.ilkd.key.nparser.KeyAst$File:  <unknown>:2#1 
317677     INFO  Test worker     d.u.i.k.n.KeyIO           MODE: declarations took 0 ms 
317677     DEBUG Test worker     d.u.i.k.n.KeyIO           MODE: 2nd degree decls took 0 
317678     DEBUG Test worker     d.u.i.k.n.KeyIO           MODE: taclets took 0ms 
317679     INFO  Test worker     d.u.i.k.n.KeyIO           Parsing took 0 ms 
317680     DEBUG Test worker     d.u.i.k.n.KeyIO           Load declarations of de.uka.ilkd.key.nparser.KeyAst$File:  <unknown>:1#1 
317680     INFO  Test worker     d.u.i.k.n.KeyIO           MODE: declarations took 0 ms 
317680     DEBUG Test worker     d.u.i.k.n.KeyIO           MODE: 2nd degree decls took 0 
317681     DEBUG Test worker     d.u.i.k.n.KeyIO           MODE: taclets took 0ms 
317681     INFO  Test worker     d.u.i.k.n.KeyIO           Parsing took 0 ms 
317682     DEBUG Test worker     d.u.i.k.n.KeyIO           Load declarations of de.uka.ilkd.key.nparser.KeyAst$File:  <unknown>:2#1 
317682     INFO  Test worker     d.u.i.k.n.KeyIO           MODE: declarations took 0 ms 
317682     DEBUG Test worker     d.u.i.k.n.KeyIO           MODE: 2nd degree decls took 0 
317683     DEBUG Test worker     d.u.i.k.n.KeyIO           MODE: taclets took 0ms 
317692     INFO  Test worker     d.u.i.k.n.KeyIO           Parsing took 0 ms 
317692     DEBUG Test worker     d.u.i.k.n.KeyIO           Load declarations of de.uka.ilkd.key.nparser.KeyAst$File:  <unknown>:1#1 
317693     INFO  Test worker     d.u.i.k.n.KeyIO           MODE: declarations took 1 ms 
317693     DEBUG Test worker     d.u.i.k.n.KeyIO           MODE: 2nd degree decls took 0 
317694     DEBUG Test worker     d.u.i.k.n.KeyIO           MODE: taclets took 1ms 
317694     INFO  Test worker     d.u.i.k.n.KeyIO           Parsing took 0 ms 
317698     DEBUG Test worker     d.u.i.k.n.KeyIO           Load declarations of de.uka.ilkd.key.nparser.KeyAst$File:  <unknown>:2#1 
317699     INFO  Test worker     d.u.i.k.n.KeyIO           MODE: declarations took 1 ms 
317699     DEBUG Test worker     d.u.i.k.n.KeyIO           MODE: 2nd degree decls took 0 
317699     DEBUG Test worker     d.u.i.k.n.KeyIO           MODE: taclets took 0ms 
317701     INFO  Test worker     d.u.i.k.n.KeyIO           Parsing took 0 ms 
317701     DEBUG Test worker     d.u.i.k.n.KeyIO           Load declarations of de.uka.ilkd.key.nparser.KeyAst$File:  <unknown>:1#1 
317702     INFO  Test worker     d.u.i.k.n.KeyIO           MODE: declarations took 1 ms 
317702     DEBUG Test worker     d.u.i.k.n.KeyIO           MODE: 2nd degree decls took 0 
317702     DEBUG Test worker     d.u.i.k.n.KeyIO           MODE: taclets took 0ms 
317703     INFO  Test worker     d.u.i.k.n.KeyIO           Parsing took 0 ms 
317703     DEBUG Test worker     d.u.i.k.n.KeyIO           Load declarations of de.uka.ilkd.key.nparser.KeyAst$File:  <unknown>:2#1 
317703     INFO  Test worker     d.u.i.k.n.KeyIO           MODE: declarations took 0 ms 
317703     DEBUG Test worker     d.u.i.k.n.KeyIO           MODE: 2nd degree decls took 0 
317705     DEBUG Test worker     d.u.i.k.n.KeyIO           MODE: taclets took 1ms 
317706     INFO  Test worker     d.u.i.k.n.KeyIO           Parsing took 0 ms 
317707     DEBUG Test worker     d.u.i.k.n.KeyIO           Load declarations of de.uka.ilkd.key.nparser.KeyAst$File:  <unknown>:1#1 
317707     INFO  Test worker     d.u.i.k.n.KeyIO           MODE: declarations took 0 ms 
317707     DEBUG Test worker     d.u.i.k.n.KeyIO           MODE: 2nd degree decls took 0 
317708     DEBUG Test worker     d.u.i.k.n.KeyIO           MODE: taclets took 0ms 
317709     INFO  Test worker     d.u.i.k.n.KeyIO           Parsing took 1 ms 
317709     DEBUG Test worker     d.u.i.k.n.KeyIO           Load declarations of de.uka.ilkd.key.nparser.KeyAst$File:  <unknown>:2#1 
317710     INFO  Test worker     d.u.i.k.n.KeyIO           MODE: declarations took 1 ms 
317710     DEBUG Test worker     d.u.i.k.n.KeyIO           MODE: 2nd degree decls took 0 
317713     DEBUG Test worker     d.u.i.k.n.KeyIO           MODE: taclets took 3ms 
317716     INFO  Test worker     d.u.i.k.n.KeyIO           Parsing took 2 ms 
317717     DEBUG Test worker     d.u.i.k.n.KeyIO           Load declarations of de.uka.ilkd.key.nparser.KeyAst$File:  <unknown>:1#1 
317717     INFO  Test worker     d.u.i.k.n.KeyIO           MODE: declarations took 0 ms 
317718     DEBUG Test worker     d.u.i.k.n.KeyIO           MODE: 2nd degree decls took 0 
317718     DEBUG Test worker     d.u.i.k.n.KeyIO           MODE: taclets took 0ms 
317719     INFO  Test worker     d.u.i.k.n.KeyIO           Parsing took 0 ms 
317719     DEBUG Test worker     d.u.i.k.n.KeyIO           Load declarations of de.uka.ilkd.key.nparser.KeyAst$File:  <unknown>:2#1 
317719     INFO  Test worker     d.u.i.k.n.KeyIO           MODE: declarations took 0 ms 
317720     DEBUG Test worker     d.u.i.k.n.KeyIO           MODE: 2nd degree decls took 0 
317720     DEBUG Test worker     d.u.i.k.n.KeyIO           MODE: taclets took 0ms 
317721     INFO  Test worker     d.u.i.k.n.KeyIO           Parsing took 0 ms 
317721     DEBUG Test worker     d.u.i.k.n.KeyIO           Load declarations of de.uka.ilkd.key.nparser.KeyAst$File:  <unknown>:1#1 
317722     INFO  Test worker     d.u.i.k.n.KeyIO           MODE: declarations took 1 ms 
317722     DEBUG Test worker     d.u.i.k.n.KeyIO           MODE: 2nd degree decls took 0 
317722     DEBUG Test worker     d.u.i.k.n.KeyIO           MODE: taclets took 0ms 
317723     INFO  Test worker     d.u.i.k.n.KeyIO           Parsing took 0 ms 
317723     DEBUG Test worker     d.u.i.k.n.KeyIO           Load declarations of de.uka.ilkd.key.nparser.KeyAst$File:  <unknown>:2#1 
317724     INFO  Test worker     d.u.i.k.n.KeyIO           MODE: declarations took 1 ms 
317724     DEBUG Test worker     d.u.i.k.n.KeyIO           MODE: 2nd degree decls took 0 
317724     DEBUG Test worker     d.u.i.k.n.KeyIO           MODE: taclets took 0ms 
317726     INFO  Test worker     d.u.i.k.n.KeyIO           Parsing took 0 ms 
317726     DEBUG Test worker     d.u.i.k.n.KeyIO           Load declarations of de.uka.ilkd.key.nparser.KeyAst$File:  <unknown>:1#1 
317726     INFO  Test worker     d.u.i.k.n.KeyIO           MODE: declarations took 0 ms 
317727     DEBUG Test worker     d.u.i.k.n.KeyIO           MODE: 2nd degree decls took 0 
317727     DEBUG Test worker     d.u.i.k.n.KeyIO           MODE: taclets took 0ms 
317728     INFO  Test worker     d.u.i.k.n.KeyIO           Parsing took 1 ms 
317728     DEBUG Test worker     d.u.i.k.n.KeyIO           Load declarations of de.uka.ilkd.key.nparser.KeyAst$File:  <unknown>:2#1 
317728     INFO  Test worker     d.u.i.k.n.KeyIO           MODE: declarations took 0 ms 
317728     DEBUG Test worker     d.u.i.k.n.KeyIO           MODE: 2nd degree decls took 0 
317729     DEBUG Test worker     d.u.i.k.n.KeyIO           MODE: taclets took 0ms 
317729     INFO  Test worker     d.u.i.k.n.KeyIO           Parsing took 0 ms 
317729     DEBUG Test worker     d.u.i.k.n.KeyIO           Load declarations of de.uka.ilkd.key.nparser.KeyAst$File:  <unknown>:2#1 
317730     INFO  Test worker     d.u.i.k.n.KeyIO           MODE: declarations took 1 ms 
317730     DEBUG Test worker     d.u.i.k.n.KeyIO           MODE: 2nd degree decls took 0 
317730     DEBUG Test worker     d.u.i.k.n.KeyIO           MODE: taclets took 0ms 
317732     INFO  Test worker     d.u.i.k.n.KeyIO           Parsing took 1 ms 
317732     DEBUG Test worker     d.u.i.k.n.KeyIO           Load declarations of de.uka.ilkd.key.nparser.KeyAst$File:  <unknown>:1#1 
317732     INFO  Test worker     d.u.i.k.n.KeyIO           MODE: declarations took 0 ms 
317732     DEBUG Test worker     d.u.i.k.n.KeyIO           MODE: 2nd degree decls took 0 
317733     DEBUG Test worker     d.u.i.k.n.KeyIO           MODE: taclets took 0ms 
317733     INFO  Test worker     d.u.i.k.n.KeyIO           Parsing took 0 ms 
317734     DEBUG Test worker     d.u.i.k.n.KeyIO           Load declarations of de.uka.ilkd.key.nparser.KeyAst$File:  <unknown>:2#1 
317734     INFO  Test worker     d.u.i.k.n.KeyIO           MODE: declarations took 0 ms 
317734     DEBUG Test worker     d.u.i.k.n.KeyIO           MODE: 2nd degree decls took 0 
317736     INFO  Test worker     d.u.i.k.n.KeyIO           Parsing took 0 ms 
317737     DEBUG Test worker     d.u.i.k.n.KeyIO           Load declarations of de.uka.ilkd.key.nparser.KeyAst$File:  <unknown>:1#1 
317737     INFO  Test worker     d.u.i.k.n.KeyIO           MODE: declarations took 0 ms 
317737     DEBUG Test worker     d.u.i.k.n.KeyIO           MODE: 2nd degree decls took 0 
317738     DEBUG Test worker     d.u.i.k.n.KeyIO           MODE: taclets took 0ms 
317738     INFO  Test worker     d.u.i.k.n.KeyIO           Parsing took 0 ms 
317738     DEBUG Test worker     d.u.i.k.n.KeyIO           Load declarations of de.uka.ilkd.key.nparser.KeyAst$File:  <unknown>:2#1 
317739     INFO  Test worker     d.u.i.k.n.KeyIO           MODE: declarations took 1 ms 
317739     DEBUG Test worker     d.u.i.k.n.KeyIO           MODE: 2nd degree decls took 0 
317739     DEBUG Test worker     d.u.i.k.n.KeyIO           MODE: taclets took 0ms 
317741     INFO  Test worker     d.u.i.k.n.KeyIO           Parsing took 1 ms 
317741     DEBUG Test worker     d.u.i.k.n.KeyIO           Load declarations of de.uka.ilkd.key.nparser.KeyAst$File:  <unknown>:1#1 
317741     INFO  Test worker     d.u.i.k.n.KeyIO           MODE: declarations took 0 ms 
317741     DEBUG Test worker     d.u.i.k.n.KeyIO           MODE: 2nd degree decls took 0 
317742     DEBUG Test worker     d.u.i.k.n.KeyIO           MODE: taclets took 0ms 
317746     INFO  Test worker     d.u.i.k.n.KeyIO           Parsing took 1 ms 
317746     DEBUG Test worker     d.u.i.k.n.KeyIO           Load declarations of de.uka.ilkd.key.nparser.KeyAst$File:  <unknown>:2#1 
317746     INFO  Test worker     d.u.i.k.n.KeyIO           MODE: declarations took 0 ms 
317746     DEBUG Test worker     d.u.i.k.n.KeyIO           MODE: 2nd degree decls took 0 
317747     DEBUG Test worker     d.u.i.k.n.KeyIO           MODE: taclets took 0ms 
317748     INFO  Test worker     d.u.i.k.n.KeyIO           Parsing took 0 ms 
317748     DEBUG Test worker     d.u.i.k.n.KeyIO           Load declarations of de.uka.ilkd.key.nparser.KeyAst$File:  <unknown>:1#1 
317749     INFO  Test worker     d.u.i.k.n.KeyIO           MODE: declarations took 1 ms 
317749     DEBUG Test worker     d.u.i.k.n.KeyIO           MODE: 2nd degree decls took 0 
317749     DEBUG Test worker     d.u.i.k.n.KeyIO           MODE: taclets took 0ms 
317754     INFO  Test worker     d.u.i.k.n.KeyIO           Parsing took 1 ms 
317754     DEBUG Test worker     d.u.i.k.n.KeyIO           Load declarations of de.uka.ilkd.key.nparser.KeyAst$File:  <unknown>:2#1 
317754     INFO  Test worker     d.u.i.k.n.KeyIO           MODE: declarations took 0 ms 
317754     DEBUG Test worker     d.u.i.k.n.KeyIO           MODE: 2nd degree decls took 0 
317755     DEBUG Test worker     d.u.i.k.n.KeyIO           MODE: taclets took 0ms 
]]></system-out>
  <system-err><![CDATA[]]></system-err>
</testsuite>
