<?xml version="1.0" encoding="UTF-8"?>
<testsuite name="de.uka.ilkd.key.rule.merge.PredicateAbstractionLatticeTests" tests="3" skipped="0" failures="0" errors="0" timestamp="2023-05-26T21:36:23" hostname="fv-az255-268" time="6.165">
  <properties/>
  <testcase name="testToAndFromString()" classname="de.uka.ilkd.key.rule.merge.PredicateAbstractionLatticeTests" time="3.114"/>
  <testcase name="testCreateSignLatticeWithPredicates()" classname="de.uka.ilkd.key.rule.merge.PredicateAbstractionLatticeTests" time="3.05"/>
  <testcase name="testTrivialPredicatesLattice()" classname="de.uka.ilkd.key.rule.merge.PredicateAbstractionLatticeTests" time="0.0"/>
  <system-out><![CDATA[559912     INFO  Test worker     d.u.i.k.p.i.AbstractProblemLoader Loading environment from src/test/resources/testcase/merge/dummy.key 
559912     DEBUG Test worker     d.u.i.k.p.i.AbstractProblemLoader Environment load took 89.1ns 
559912     INFO  Test worker     d.u.i.k.p.i.AbstractProblemLoader Creating init config 
563010     DEBUG Test worker     d.u.i.k.p.i.AbstractProblemLoader Init config took 3.1s 
563022     INFO  Test worker     d.u.i.k.p.i.AbstractProblemLoader Replaying proof dummy.key 
563023     DEBUG Test worker     d.u.i.k.p.i.IntermediateProofReplayer Proof replay took 8.3ns 
563025     INFO  Test worker     d.u.i.k.p.i.AbstractProblemLoader Loading environment from src/test/resources/testcase/merge/dummy.key 
563025     DEBUG Test worker     d.u.i.k.p.i.AbstractProblemLoader Environment load took 68.7ns 
563025     INFO  Test worker     d.u.i.k.p.i.AbstractProblemLoader Creating init config 
566050     DEBUG Test worker     d.u.i.k.p.i.AbstractProblemLoader Init config took 3.02s 
566063     INFO  Test worker     d.u.i.k.p.i.AbstractProblemLoader Replaying proof dummy.key 
566072     DEBUG Test worker     d.u.i.k.p.i.IntermediateProofReplayer Proof replay took 9.9ns 
]]></system-out>
  <system-err><![CDATA[]]></system-err>
</testsuite>
