<?xml version="1.0" encoding="UTF-8"?>
<testsuite name="de.uka.ilkd.key.parser.TestTermParserSorts" tests="2" skipped="0" failures="0" errors="0" timestamp="2023-05-26T21:34:26" hostname="fv-az255-268" time="3.042">
  <properties/>
  <testcase name="testParseIntegerArgs()" classname="de.uka.ilkd.key.parser.TestTermParserSorts" time="0.015"/>
  <testcase name="testParseSequencePrettySyntax()" classname="de.uka.ilkd.key.parser.TestTermParserSorts" time="0.002"/>
  <system-out><![CDATA[442700     INFO  Test worker     d.u.i.k.n.KeyIO           Parsing took 0 ms 
442700     DEBUG Test worker     d.u.i.k.n.KeyIO           Load declarations of de.uka.ilkd.key.nparser.KeyAst$File:  <unknown>:1#1 
442700     INFO  Test worker     d.u.i.k.n.KeyIO           MODE: declarations took 0 ms 
442700     DEBUG Test worker     d.u.i.k.n.KeyIO           MODE: 2nd degree decls took 0 
442700     INFO  Test worker     d.u.i.k.n.KeyIO           Parsing took 0 ms 
442700     DEBUG Test worker     d.u.i.k.n.KeyIO           Load declarations of de.uka.ilkd.key.nparser.KeyAst$File:  <unknown>:1#1 
442700     INFO  Test worker     d.u.i.k.n.KeyIO           MODE: declarations took 0 ms 
442700     DEBUG Test worker     d.u.i.k.n.KeyIO           MODE: 2nd degree decls took 0 
442700     INFO  Test worker     d.u.i.k.n.KeyIO           Parsing took 0 ms 
442700     DEBUG Test worker     d.u.i.k.n.KeyIO           Load declarations of de.uka.ilkd.key.nparser.KeyAst$File:  <unknown>:1#1 
442700     INFO  Test worker     d.u.i.k.n.KeyIO           MODE: declarations took 0 ms 
442700     DEBUG Test worker     d.u.i.k.n.KeyIO           MODE: 2nd degree decls took 0 
445741     INFO  Test worker     d.u.i.k.n.KeyIO           Parsing took 0 ms 
445741     DEBUG Test worker     d.u.i.k.n.KeyIO           Load declarations of de.uka.ilkd.key.nparser.KeyAst$File:  <unknown>:1#1 
445741     INFO  Test worker     d.u.i.k.n.KeyIO           MODE: declarations took 0 ms 
445741     DEBUG Test worker     d.u.i.k.n.KeyIO           MODE: 2nd degree decls took 0 
445741     INFO  Test worker     d.u.i.k.n.KeyIO           Parsing took 0 ms 
445741     DEBUG Test worker     d.u.i.k.n.KeyIO           Load declarations of de.uka.ilkd.key.nparser.KeyAst$File:  <unknown>:1#1 
445741     INFO  Test worker     d.u.i.k.n.KeyIO           MODE: declarations took 0 ms 
445741     DEBUG Test worker     d.u.i.k.n.KeyIO           MODE: 2nd degree decls took 0 
445741     INFO  Test worker     d.u.i.k.n.KeyIO           Parsing took 0 ms 
445741     DEBUG Test worker     d.u.i.k.n.KeyIO           Load declarations of de.uka.ilkd.key.nparser.KeyAst$File:  <unknown>:1#1 
445741     INFO  Test worker     d.u.i.k.n.KeyIO           MODE: declarations took 0 ms 
445741     DEBUG Test worker     d.u.i.k.n.KeyIO           MODE: 2nd degree decls took 0 
]]></system-out>
  <system-err><![CDATA[]]></system-err>
</testsuite>
