<?xml version="1.0" encoding="UTF-8"?>
<testsuite name="de.uka.ilkd.key.proof.runallproofs.RunAllProofsFunctional" tests="47" skipped="0" failures="0" errors="0" timestamp="2023-03-22T13:09:16" hostname="fv-az166-980" time="6255.084">
  <properties/>
  <testcase name="newBook" classname="de.uka.ilkd.key.proof.runallproofs.RunAllProofsFunctional" time="70.652"/>
  <testcase name="oldBook" classname="de.uka.ilkd.key.proof.runallproofs.RunAllProofsFunctional" time="21.364"/>
  <testcase name="comprehensions" classname="de.uka.ilkd.key.proof.runallproofs.RunAllProofsFunctional" time="77.195"/>
  <testcase name="performance" classname="de.uka.ilkd.key.proof.runallproofs.RunAllProofsFunctional" time="270.87"/>
  <testcase name="performancePOConstruction" classname="de.uka.ilkd.key.proof.runallproofs.RunAllProofsFunctional" time="85.233"/>
  <testcase name="applicationRestrictions" classname="de.uka.ilkd.key.proof.runallproofs.RunAllProofsFunctional" time="56.07"/>
  <testcase name="blockContracts" classname="de.uka.ilkd.key.proof.runallproofs.RunAllProofsFunctional" time="164.948"/>
  <testcase name="jmlAsserts" classname="de.uka.ilkd.key.proof.runallproofs.RunAllProofsFunctional" time="106.282"/>
  <testcase name="javaCard" classname="de.uka.ilkd.key.proof.runallproofs.RunAllProofsFunctional" time="37.332"/>
  <testcase name="project.key" classname="de.uka.ilkd.key.proof.runallproofs.RunAllProofsFunctional" time="41.822"/>
  <testcase name="project.key#1" classname="de.uka.ilkd.key.proof.runallproofs.RunAllProofsFunctional" time="15.746"/>
  <testcase name="lcp.key" classname="de.uka.ilkd.key.proof.runallproofs.RunAllProofsFunctional" time="17.406"/>
  <testcase name="project.key#2" classname="de.uka.ilkd.key.proof.runallproofs.RunAllProofsFunctional" time="22.306"/>
  <testcase name="ArrayList_contains.key" classname="de.uka.ilkd.key.proof.runallproofs.RunAllProofsFunctional" time="16.004"/>
  <testcase name="ArrayList_get.key" classname="de.uka.ilkd.key.proof.runallproofs.RunAllProofsFunctional" time="16.939"/>
  <testcase name="ArrayList_size.key" classname="de.uka.ilkd.key.proof.runallproofs.RunAllProofsFunctional" time="14.952"/>
  <testcase name="UpdateAbstraction_ex7_3_secure.key" classname="de.uka.ilkd.key.proof.runallproofs.RunAllProofsFunctional" time="15.337"/>
  <testcase name="UpdateAbstraction_ex7_4_secure.key" classname="de.uka.ilkd.key.proof.runallproofs.RunAllProofsFunctional" time="15.19"/>
  <testcase name="UpdateAbstraction_ex7_5_secure.key" classname="de.uka.ilkd.key.proof.runallproofs.RunAllProofsFunctional" time="15.362"/>
  <testcase name="UpdateAbstraction_ex7_6_secure.key" classname="de.uka.ilkd.key.proof.runallproofs.RunAllProofsFunctional" time="15.892"/>
  <testcase name="UpdateAbstraction_ex9_secure.key" classname="de.uka.ilkd.key.proof.runallproofs.RunAllProofsFunctional" time="17.504"/>
  <testcase name="list" classname="de.uka.ilkd.key.proof.runallproofs.RunAllProofsFunctional" time="311.984"/>
  <testcase name="list_ghost" classname="de.uka.ilkd.key.proof.runallproofs.RunAllProofsFunctional" time="81.553"/>
  <testcase name="list_recursive" classname="de.uka.ilkd.key.proof.runallproofs.RunAllProofsFunctional" time="25.894"/>
  <testcase name="list_seq" classname="de.uka.ilkd.key.proof.runallproofs.RunAllProofsFunctional" time="177.264"/>
  <testcase name="observer" classname="de.uka.ilkd.key.proof.runallproofs.RunAllProofsFunctional" time="115.541"/>
  <testcase name="removeDups" classname="de.uka.ilkd.key.proof.runallproofs.RunAllProofsFunctional" time="45.486"/>
  <testcase name="Saddleback_search.key" classname="de.uka.ilkd.key.proof.runallproofs.RunAllProofsFunctional" time="109.415"/>
  <testcase name="quicksort" classname="de.uka.ilkd.key.proof.runallproofs.RunAllProofsFunctional" time="126.503"/>
  <testcase name="simpleTests" classname="de.uka.ilkd.key.proof.runallproofs.RunAllProofsFunctional" time="185.237"/>
  <testcase name="SmansEtAl" classname="de.uka.ilkd.key.proof.runallproofs.RunAllProofsFunctional" time="223.263"/>
  <testcase name="VACID0" classname="de.uka.ilkd.key.proof.runallproofs.RunAllProofsFunctional" time="93.31"/>
  <testcase name="VSTTE10" classname="de.uka.ilkd.key.proof.runallproofs.RunAllProofsFunctional" time="219.011"/>
  <testcase name="WeideEtAl" classname="de.uka.ilkd.key.proof.runallproofs.RunAllProofsFunctional" time="34.352"/>
  <testcase name="arithmetic" classname="de.uka.ilkd.key.proof.runallproofs.RunAllProofsFunctional" time="567.018"/>
  <testcase name="arrays" classname="de.uka.ilkd.key.proof.runallproofs.RunAllProofsFunctional" time="71.115"/>
  <testcase name="javadl" classname="de.uka.ilkd.key.proof.runallproofs.RunAllProofsFunctional" time="699.521"/>
  <testcase name="FOL" classname="de.uka.ilkd.key.proof.runallproofs.RunAllProofsFunctional" time="317.292"/>
  <testcase name="strings" classname="de.uka.ilkd.key.proof.runallproofs.RunAllProofsFunctional" time="184.381"/>
  <testcase name="simple_info_flow" classname="de.uka.ilkd.key.proof.runallproofs.RunAllProofsFunctional" time="15.045"/>
  <testcase name="modelMethods" classname="de.uka.ilkd.key.proof.runallproofs.RunAllProofsFunctional" time="204.925"/>
  <testcase name="permissionHeap" classname="de.uka.ilkd.key.proof.runallproofs.RunAllProofsFunctional" time="978.724"/>
  <testcase name="completionScopes" classname="de.uka.ilkd.key.proof.runallproofs.RunAllProofsFunctional" time="58.736"/>
  <testcase name="reload_examples" classname="de.uka.ilkd.key.proof.runallproofs.RunAllProofsFunctional" time="51.488"/>
  <testcase name="proofLoadRepair" classname="de.uka.ilkd.key.proof.runallproofs.RunAllProofsFunctional" time="22.331"/>
  <testcase name="switch" classname="de.uka.ilkd.key.proof.runallproofs.RunAllProofsFunctional" time="73.018"/>
  <testcase name="redux" classname="de.uka.ilkd.key.proof.runallproofs.RunAllProofsFunctional" time="148.247"/>
  <system-out><![CDATA[13:09:15,986 |-INFO in ch.qos.logback.classic.LoggerContext[default] - This is logback-classic version 1.4.5
13:09:16,016 |-INFO in ch.qos.logback.classic.LoggerContext[default] - Could NOT find resource [logback-test.xml]
13:09:16,026 |-INFO in ch.qos.logback.classic.LoggerContext[default] - Found resource [logback.xml] at [file:/home/runner/work/key/key/key.core/build/resources/test/logback.xml]
13:09:16,139 |-INFO in ch.qos.logback.core.model.processor.AppenderModelHandler - Processing appender named [STDOUT]
13:09:16,140 |-INFO in ch.qos.logback.core.model.processor.AppenderModelHandler - About to instantiate appender of type [ch.qos.logback.core.ConsoleAppender]
13:09:16,153 |-WARN in ch.qos.logback.core.model.processor.ImplicitModelHandler - Ignoring unknown property [file] in [ch.qos.logback.core.ConsoleAppender]
13:09:16,154 |-WARN in ch.qos.logback.core.model.processor.ImplicitModelHandler - Ignoring unknown property [append] in [ch.qos.logback.core.ConsoleAppender]
13:09:16,154 |-INFO in ch.qos.logback.core.model.processor.ImplicitModelHandler - Assuming default type [ch.qos.logback.classic.encoder.PatternLayoutEncoder] for [encoder] property
13:09:16,170 |-INFO in ch.qos.logback.classic.model.processor.RootLoggerModelHandler - Setting level of ROOT logger to WARN
13:09:16,175 |-INFO in ch.qos.logback.core.model.processor.AppenderRefModelHandler - Attaching appender named [STDOUT] to Logger[ROOT]
13:09:16,175 |-INFO in ch.qos.logback.core.model.processor.DefaultProcessor@62dae245 - End of configuration.
13:09:16,176 |-INFO in ch.qos.logback.classic.joran.JoranConfigurator@4b6579e8 - Registering current configuration as safe fallback point

Running test newBook
13:09:16,600 |-INFO in ch.qos.logback.classic.LoggerContext[default] - This is logback-classic version 1.4.5
13:09:16,637 |-INFO in ch.qos.logback.classic.LoggerContext[default] - Could NOT find resource [logback-test.xml]
13:09:16,670 |-INFO in ch.qos.logback.classic.LoggerContext[default] - Found resource [logback.xml] at [file:/home/runner/work/key/key/key.core/build/resources/test/logback.xml]
13:09:16,839 |-INFO in ch.qos.logback.core.model.processor.AppenderModelHandler - Processing appender named [STDOUT]
13:09:16,839 |-INFO in ch.qos.logback.core.model.processor.AppenderModelHandler - About to instantiate appender of type [ch.qos.logback.core.ConsoleAppender]
13:09:16,854 |-WARN in ch.qos.logback.core.model.processor.ImplicitModelHandler - Ignoring unknown property [file] in [ch.qos.logback.core.ConsoleAppender]
13:09:16,854 |-WARN in ch.qos.logback.core.model.processor.ImplicitModelHandler - Ignoring unknown property [append] in [ch.qos.logback.core.ConsoleAppender]
13:09:16,855 |-INFO in ch.qos.logback.core.model.processor.ImplicitModelHandler - Assuming default type [ch.qos.logback.classic.encoder.PatternLayoutEncoder] for [encoder] property
13:09:16,881 |-INFO in ch.qos.logback.classic.model.processor.RootLoggerModelHandler - Setting level of ROOT logger to WARN
13:09:16,886 |-INFO in ch.qos.logback.core.model.processor.AppenderRefModelHandler - Attaching appender named [STDOUT] to Logger[ROOT]
13:09:16,886 |-INFO in ch.qos.logback.core.model.processor.DefaultProcessor@2aceadd4 - End of configuration.
13:09:16,887 |-INFO in ch.qos.logback.classic.joran.JoranConfigurator@24aed80c - Registering current configuration as safe fallback point

420        WARN  main            d.u.i.k.s.ProofSettings   No proof-settings could be loaded, using defaults java.io.FileNotFoundException: /home/runner/.key/proof-settings.props (No such file or directory)
	at java.base/java.io.FileInputStream.open0(Native Method)

Returning from test newBook
Running test oldBook
13:10:27,162 |-INFO in ch.qos.logback.classic.LoggerContext[default] - This is logback-classic version 1.4.5
13:10:27,203 |-INFO in ch.qos.logback.classic.LoggerContext[default] - Could NOT find resource [logback-test.xml]
13:10:27,234 |-INFO in ch.qos.logback.classic.LoggerContext[default] - Found resource [logback.xml] at [file:/home/runner/work/key/key/key.core/build/resources/test/logback.xml]
13:10:27,441 |-INFO in ch.qos.logback.core.model.processor.AppenderModelHandler - Processing appender named [STDOUT]
13:10:27,441 |-INFO in ch.qos.logback.core.model.processor.AppenderModelHandler - About to instantiate appender of type [ch.qos.logback.core.ConsoleAppender]
13:10:27,460 |-WARN in ch.qos.logback.core.model.processor.ImplicitModelHandler - Ignoring unknown property [file] in [ch.qos.logback.core.ConsoleAppender]
13:10:27,460 |-WARN in ch.qos.logback.core.model.processor.ImplicitModelHandler - Ignoring unknown property [append] in [ch.qos.logback.core.ConsoleAppender]
13:10:27,462 |-INFO in ch.qos.logback.core.model.processor.ImplicitModelHandler - Assuming default type [ch.qos.logback.classic.encoder.PatternLayoutEncoder] for [encoder] property
13:10:27,483 |-INFO in ch.qos.logback.classic.model.processor.RootLoggerModelHandler - Setting level of ROOT logger to WARN
13:10:27,489 |-INFO in ch.qos.logback.core.model.processor.AppenderRefModelHandler - Attaching appender named [STDOUT] to Logger[ROOT]
13:10:27,490 |-INFO in ch.qos.logback.core.model.processor.DefaultProcessor@24269709 - End of configuration.
13:10:27,490 |-INFO in ch.qos.logback.classic.joran.JoranConfigurator@2aceadd4 - Registering current configuration as safe fallback point

446        WARN  main            d.u.i.k.s.ProofSettings   The settings in /home/runner/.key/proof-settings.props are *not* read. 
Returning from test oldBook
Running test comprehensions
13:10:48,531 |-INFO in ch.qos.logback.classic.LoggerContext[default] - This is logback-classic version 1.4.5
13:10:48,562 |-INFO in ch.qos.logback.classic.LoggerContext[default] - Could NOT find resource [logback-test.xml]
13:10:48,583 |-INFO in ch.qos.logback.classic.LoggerContext[default] - Found resource [logback.xml] at [file:/home/runner/work/key/key/key.core/build/resources/test/logback.xml]
13:10:48,772 |-INFO in ch.qos.logback.core.model.processor.AppenderModelHandler - Processing appender named [STDOUT]
13:10:48,773 |-INFO in ch.qos.logback.core.model.processor.AppenderModelHandler - About to instantiate appender of type [ch.qos.logback.core.ConsoleAppender]
13:10:48,789 |-WARN in ch.qos.logback.core.model.processor.ImplicitModelHandler - Ignoring unknown property [file] in [ch.qos.logback.core.ConsoleAppender]
13:10:48,789 |-WARN in ch.qos.logback.core.model.processor.ImplicitModelHandler - Ignoring unknown property [append] in [ch.qos.logback.core.ConsoleAppender]
13:10:48,790 |-INFO in ch.qos.logback.core.model.processor.ImplicitModelHandler - Assuming default type [ch.qos.logback.classic.encoder.PatternLayoutEncoder] for [encoder] property
13:10:48,813 |-INFO in ch.qos.logback.classic.model.processor.RootLoggerModelHandler - Setting level of ROOT logger to WARN
13:10:48,819 |-INFO in ch.qos.logback.core.model.processor.AppenderRefModelHandler - Attaching appender named [STDOUT] to Logger[ROOT]
13:10:48,820 |-INFO in ch.qos.logback.core.model.processor.DefaultProcessor@24269709 - End of configuration.
13:10:48,820 |-INFO in ch.qos.logback.classic.joran.JoranConfigurator@2aceadd4 - Registering current configuration as safe fallback point

399        WARN  main            d.u.i.k.s.ProofSettings   The settings in /home/runner/.key/proof-settings.props are *not* read. 
Returning from test comprehensions
Running test performance
13:12:05,719 |-INFO in ch.qos.logback.classic.LoggerContext[default] - This is logback-classic version 1.4.5
13:12:05,748 |-INFO in ch.qos.logback.classic.LoggerContext[default] - Could NOT find resource [logback-test.xml]
13:12:05,768 |-INFO in ch.qos.logback.classic.LoggerContext[default] - Found resource [logback.xml] at [file:/home/runner/work/key/key/key.core/build/resources/test/logback.xml]
13:12:05,972 |-INFO in ch.qos.logback.core.model.processor.AppenderModelHandler - Processing appender named [STDOUT]
13:12:05,972 |-INFO in ch.qos.logback.core.model.processor.AppenderModelHandler - About to instantiate appender of type [ch.qos.logback.core.ConsoleAppender]
13:12:05,989 |-WARN in ch.qos.logback.core.model.processor.ImplicitModelHandler - Ignoring unknown property [file] in [ch.qos.logback.core.ConsoleAppender]
13:12:05,989 |-WARN in ch.qos.logback.core.model.processor.ImplicitModelHandler - Ignoring unknown property [append] in [ch.qos.logback.core.ConsoleAppender]
13:12:05,991 |-INFO in ch.qos.logback.core.model.processor.ImplicitModelHandler - Assuming default type [ch.qos.logback.classic.encoder.PatternLayoutEncoder] for [encoder] property
13:12:06,013 |-INFO in ch.qos.logback.classic.model.processor.RootLoggerModelHandler - Setting level of ROOT logger to WARN
13:12:06,019 |-INFO in ch.qos.logback.core.model.processor.AppenderRefModelHandler - Attaching appender named [STDOUT] to Logger[ROOT]
13:12:06,019 |-INFO in ch.qos.logback.core.model.processor.DefaultProcessor@24269709 - End of configuration.
13:12:06,020 |-INFO in ch.qos.logback.classic.joran.JoranConfigurator@2aceadd4 - Registering current configuration as safe fallback point

419        WARN  main            d.u.i.k.s.ProofSettings   The settings in /home/runner/.key/proof-settings.props are *not* read. 
Returning from test performance
Running test performancePOConstruction
13:16:36,593 |-INFO in ch.qos.logback.classic.LoggerContext[default] - This is logback-classic version 1.4.5
13:16:36,623 |-INFO in ch.qos.logback.classic.LoggerContext[default] - Could NOT find resource [logback-test.xml]
13:16:36,649 |-INFO in ch.qos.logback.classic.LoggerContext[default] - Found resource [logback.xml] at [file:/home/runner/work/key/key/key.core/build/resources/test/logback.xml]
13:16:36,857 |-INFO in ch.qos.logback.core.model.processor.AppenderModelHandler - Processing appender named [STDOUT]
13:16:36,857 |-INFO in ch.qos.logback.core.model.processor.AppenderModelHandler - About to instantiate appender of type [ch.qos.logback.core.ConsoleAppender]
13:16:36,877 |-WARN in ch.qos.logback.core.model.processor.ImplicitModelHandler - Ignoring unknown property [file] in [ch.qos.logback.core.ConsoleAppender]
13:16:36,878 |-WARN in ch.qos.logback.core.model.processor.ImplicitModelHandler - Ignoring unknown property [append] in [ch.qos.logback.core.ConsoleAppender]
13:16:36,879 |-INFO in ch.qos.logback.core.model.processor.ImplicitModelHandler - Assuming default type [ch.qos.logback.classic.encoder.PatternLayoutEncoder] for [encoder] property
13:16:36,902 |-INFO in ch.qos.logback.classic.model.processor.RootLoggerModelHandler - Setting level of ROOT logger to WARN
13:16:36,907 |-INFO in ch.qos.logback.core.model.processor.AppenderRefModelHandler - Attaching appender named [STDOUT] to Logger[ROOT]
13:16:36,908 |-INFO in ch.qos.logback.core.model.processor.DefaultProcessor@24269709 - End of configuration.
13:16:36,909 |-INFO in ch.qos.logback.classic.joran.JoranConfigurator@2aceadd4 - Registering current configuration as safe fallback point

485        WARN  main            d.u.i.k.s.ProofSettings   The settings in /home/runner/.key/proof-settings.props are *not* read. 
Returning from test performancePOConstruction
Running test applicationRestrictions
13:18:01,825 |-INFO in ch.qos.logback.classic.LoggerContext[default] - This is logback-classic version 1.4.5
13:18:01,853 |-INFO in ch.qos.logback.classic.LoggerContext[default] - Could NOT find resource [logback-test.xml]
13:18:01,872 |-INFO in ch.qos.logback.classic.LoggerContext[default] - Found resource [logback.xml] at [file:/home/runner/work/key/key/key.core/build/resources/test/logback.xml]
13:18:02,079 |-INFO in ch.qos.logback.core.model.processor.AppenderModelHandler - Processing appender named [STDOUT]
13:18:02,081 |-INFO in ch.qos.logback.core.model.processor.AppenderModelHandler - About to instantiate appender of type [ch.qos.logback.core.ConsoleAppender]
13:18:02,100 |-WARN in ch.qos.logback.core.model.processor.ImplicitModelHandler - Ignoring unknown property [file] in [ch.qos.logback.core.ConsoleAppender]
13:18:02,100 |-WARN in ch.qos.logback.core.model.processor.ImplicitModelHandler - Ignoring unknown property [append] in [ch.qos.logback.core.ConsoleAppender]
13:18:02,101 |-INFO in ch.qos.logback.core.model.processor.ImplicitModelHandler - Assuming default type [ch.qos.logback.classic.encoder.PatternLayoutEncoder] for [encoder] property
13:18:02,135 |-INFO in ch.qos.logback.classic.model.processor.RootLoggerModelHandler - Setting level of ROOT logger to WARN
13:18:02,153 |-INFO in ch.qos.logback.core.model.processor.AppenderRefModelHandler - Attaching appender named [STDOUT] to Logger[ROOT]
13:18:02,154 |-INFO in ch.qos.logback.core.model.processor.DefaultProcessor@24269709 - End of configuration.
13:18:02,155 |-INFO in ch.qos.logback.classic.joran.JoranConfigurator@2aceadd4 - Registering current configuration as safe fallback point

491        WARN  main            d.u.i.k.s.ProofSettings   The settings in /home/runner/.key/proof-settings.props are *not* read. 
Returning from test applicationRestrictions
Running test blockContracts
13:18:57,902 |-INFO in ch.qos.logback.classic.LoggerContext[default] - This is logback-classic version 1.4.5
13:18:57,932 |-INFO in ch.qos.logback.classic.LoggerContext[default] - Could NOT find resource [logback-test.xml]
13:18:57,950 |-INFO in ch.qos.logback.classic.LoggerContext[default] - Found resource [logback.xml] at [file:/home/runner/work/key/key/key.core/build/resources/test/logback.xml]
13:18:58,157 |-INFO in ch.qos.logback.core.model.processor.AppenderModelHandler - Processing appender named [STDOUT]
13:18:58,157 |-INFO in ch.qos.logback.core.model.processor.AppenderModelHandler - About to instantiate appender of type [ch.qos.logback.core.ConsoleAppender]
13:18:58,175 |-WARN in ch.qos.logback.core.model.processor.ImplicitModelHandler - Ignoring unknown property [file] in [ch.qos.logback.core.ConsoleAppender]
13:18:58,175 |-WARN in ch.qos.logback.core.model.processor.ImplicitModelHandler - Ignoring unknown property [append] in [ch.qos.logback.core.ConsoleAppender]
13:18:58,176 |-INFO in ch.qos.logback.core.model.processor.ImplicitModelHandler - Assuming default type [ch.qos.logback.classic.encoder.PatternLayoutEncoder] for [encoder] property
13:18:58,198 |-INFO in ch.qos.logback.classic.model.processor.RootLoggerModelHandler - Setting level of ROOT logger to WARN
13:18:58,203 |-INFO in ch.qos.logback.core.model.processor.AppenderRefModelHandler - Attaching appender named [STDOUT] to Logger[ROOT]
13:18:58,204 |-INFO in ch.qos.logback.core.model.processor.DefaultProcessor@24269709 - End of configuration.
13:18:58,204 |-INFO in ch.qos.logback.classic.joran.JoranConfigurator@2aceadd4 - Registering current configuration as safe fallback point

421        WARN  main            d.u.i.k.s.ProofSettings   The settings in /home/runner/.key/proof-settings.props are *not* read. 
Returning from test blockContracts
Running test jmlAsserts
13:21:42,856 |-INFO in ch.qos.logback.classic.LoggerContext[default] - This is logback-classic version 1.4.5
13:21:42,886 |-INFO in ch.qos.logback.classic.LoggerContext[default] - Could NOT find resource [logback-test.xml]
13:21:42,910 |-INFO in ch.qos.logback.classic.LoggerContext[default] - Found resource [logback.xml] at [file:/home/runner/work/key/key/key.core/build/resources/test/logback.xml]
13:21:43,095 |-INFO in ch.qos.logback.core.model.processor.AppenderModelHandler - Processing appender named [STDOUT]
13:21:43,095 |-INFO in ch.qos.logback.core.model.processor.AppenderModelHandler - About to instantiate appender of type [ch.qos.logback.core.ConsoleAppender]
13:21:43,111 |-WARN in ch.qos.logback.core.model.processor.ImplicitModelHandler - Ignoring unknown property [file] in [ch.qos.logback.core.ConsoleAppender]
13:21:43,111 |-WARN in ch.qos.logback.core.model.processor.ImplicitModelHandler - Ignoring unknown property [append] in [ch.qos.logback.core.ConsoleAppender]
13:21:43,112 |-INFO in ch.qos.logback.core.model.processor.ImplicitModelHandler - Assuming default type [ch.qos.logback.classic.encoder.PatternLayoutEncoder] for [encoder] property
13:21:43,135 |-INFO in ch.qos.logback.classic.model.processor.RootLoggerModelHandler - Setting level of ROOT logger to WARN
13:21:43,140 |-INFO in ch.qos.logback.core.model.processor.AppenderRefModelHandler - Attaching appender named [STDOUT] to Logger[ROOT]
13:21:43,141 |-INFO in ch.qos.logback.core.model.processor.DefaultProcessor@24269709 - End of configuration.
13:21:43,142 |-INFO in ch.qos.logback.classic.joran.JoranConfigurator@2aceadd4 - Registering current configuration as safe fallback point

407        WARN  main            d.u.i.k.s.ProofSettings   The settings in /home/runner/.key/proof-settings.props are *not* read. 
Returning from test jmlAsserts
Running test javaCard
13:23:29,123 |-INFO in ch.qos.logback.classic.LoggerContext[default] - This is logback-classic version 1.4.5
13:23:29,150 |-INFO in ch.qos.logback.classic.LoggerContext[default] - Could NOT find resource [logback-test.xml]
13:23:29,176 |-INFO in ch.qos.logback.classic.LoggerContext[default] - Found resource [logback.xml] at [file:/home/runner/work/key/key/key.core/build/resources/test/logback.xml]
13:23:29,360 |-INFO in ch.qos.logback.core.model.processor.AppenderModelHandler - Processing appender named [STDOUT]
13:23:29,361 |-INFO in ch.qos.logback.core.model.processor.AppenderModelHandler - About to instantiate appender of type [ch.qos.logback.core.ConsoleAppender]
13:23:29,384 |-WARN in ch.qos.logback.core.model.processor.ImplicitModelHandler - Ignoring unknown property [file] in [ch.qos.logback.core.ConsoleAppender]
13:23:29,384 |-WARN in ch.qos.logback.core.model.processor.ImplicitModelHandler - Ignoring unknown property [append] in [ch.qos.logback.core.ConsoleAppender]
13:23:29,389 |-INFO in ch.qos.logback.core.model.processor.ImplicitModelHandler - Assuming default type [ch.qos.logback.classic.encoder.PatternLayoutEncoder] for [encoder] property
13:23:29,427 |-INFO in ch.qos.logback.classic.model.processor.RootLoggerModelHandler - Setting level of ROOT logger to WARN
13:23:29,441 |-INFO in ch.qos.logback.core.model.processor.AppenderRefModelHandler - Attaching appender named [STDOUT] to Logger[ROOT]
13:23:29,442 |-INFO in ch.qos.logback.core.model.processor.DefaultProcessor@24269709 - End of configuration.
13:23:29,443 |-INFO in ch.qos.logback.classic.joran.JoranConfigurator@2aceadd4 - Registering current configuration as safe fallback point

476        WARN  main            d.u.i.k.s.ProofSettings   The settings in /home/runner/.key/proof-settings.props are *not* read. 
Returning from test javaCard
Running test project.key
13:24:06,462 |-INFO in ch.qos.logback.classic.LoggerContext[default] - This is logback-classic version 1.4.5
13:24:06,491 |-INFO in ch.qos.logback.classic.LoggerContext[default] - Could NOT find resource [logback-test.xml]
13:24:06,512 |-INFO in ch.qos.logback.classic.LoggerContext[default] - Found resource [logback.xml] at [file:/home/runner/work/key/key/key.core/build/resources/test/logback.xml]
13:24:06,702 |-INFO in ch.qos.logback.core.model.processor.AppenderModelHandler - Processing appender named [STDOUT]
13:24:06,702 |-INFO in ch.qos.logback.core.model.processor.AppenderModelHandler - About to instantiate appender of type [ch.qos.logback.core.ConsoleAppender]
13:24:06,719 |-WARN in ch.qos.logback.core.model.processor.ImplicitModelHandler - Ignoring unknown property [file] in [ch.qos.logback.core.ConsoleAppender]
13:24:06,719 |-WARN in ch.qos.logback.core.model.processor.ImplicitModelHandler - Ignoring unknown property [append] in [ch.qos.logback.core.ConsoleAppender]
13:24:06,720 |-INFO in ch.qos.logback.core.model.processor.ImplicitModelHandler - Assuming default type [ch.qos.logback.classic.encoder.PatternLayoutEncoder] for [encoder] property
13:24:06,743 |-INFO in ch.qos.logback.classic.model.processor.RootLoggerModelHandler - Setting level of ROOT logger to WARN
13:24:06,749 |-INFO in ch.qos.logback.core.model.processor.AppenderRefModelHandler - Attaching appender named [STDOUT] to Logger[ROOT]
13:24:06,749 |-INFO in ch.qos.logback.core.model.processor.DefaultProcessor@24269709 - End of configuration.
13:24:06,750 |-INFO in ch.qos.logback.classic.joran.JoranConfigurator@2aceadd4 - Registering current configuration as safe fallback point

404        WARN  main            d.u.i.k.s.ProofSettings   The settings in /home/runner/.key/proof-settings.props are *not* read. 
Returning from test project.key
Running test project.key#1
13:24:48,284 |-INFO in ch.qos.logback.classic.LoggerContext[default] - This is logback-classic version 1.4.5
13:24:48,313 |-INFO in ch.qos.logback.classic.LoggerContext[default] - Could NOT find resource [logback-test.xml]
13:24:48,333 |-INFO in ch.qos.logback.classic.LoggerContext[default] - Found resource [logback.xml] at [file:/home/runner/work/key/key/key.core/build/resources/test/logback.xml]
13:24:48,529 |-INFO in ch.qos.logback.core.model.processor.AppenderModelHandler - Processing appender named [STDOUT]
13:24:48,529 |-INFO in ch.qos.logback.core.model.processor.AppenderModelHandler - About to instantiate appender of type [ch.qos.logback.core.ConsoleAppender]
13:24:48,562 |-WARN in ch.qos.logback.core.model.processor.ImplicitModelHandler - Ignoring unknown property [file] in [ch.qos.logback.core.ConsoleAppender]
13:24:48,562 |-WARN in ch.qos.logback.core.model.processor.ImplicitModelHandler - Ignoring unknown property [append] in [ch.qos.logback.core.ConsoleAppender]
13:24:48,563 |-INFO in ch.qos.logback.core.model.processor.ImplicitModelHandler - Assuming default type [ch.qos.logback.classic.encoder.PatternLayoutEncoder] for [encoder] property
13:24:48,593 |-INFO in ch.qos.logback.classic.model.processor.RootLoggerModelHandler - Setting level of ROOT logger to WARN
13:24:48,599 |-INFO in ch.qos.logback.core.model.processor.AppenderRefModelHandler - Attaching appender named [STDOUT] to Logger[ROOT]
13:24:48,599 |-INFO in ch.qos.logback.core.model.processor.DefaultProcessor@24269709 - End of configuration.
13:24:48,600 |-INFO in ch.qos.logback.classic.joran.JoranConfigurator@2aceadd4 - Registering current configuration as safe fallback point

443        WARN  main            d.u.i.k.s.ProofSettings   The settings in /home/runner/.key/proof-settings.props are *not* read. 
Returning from test project.key#1
Running test lcp.key
13:25:04,016 |-INFO in ch.qos.logback.classic.LoggerContext[default] - This is logback-classic version 1.4.5
13:25:04,052 |-INFO in ch.qos.logback.classic.LoggerContext[default] - Could NOT find resource [logback-test.xml]
13:25:04,070 |-INFO in ch.qos.logback.classic.LoggerContext[default] - Found resource [logback.xml] at [file:/home/runner/work/key/key/key.core/build/resources/test/logback.xml]
13:25:04,245 |-INFO in ch.qos.logback.core.model.processor.AppenderModelHandler - Processing appender named [STDOUT]
13:25:04,245 |-INFO in ch.qos.logback.core.model.processor.AppenderModelHandler - About to instantiate appender of type [ch.qos.logback.core.ConsoleAppender]
13:25:04,262 |-WARN in ch.qos.logback.core.model.processor.ImplicitModelHandler - Ignoring unknown property [file] in [ch.qos.logback.core.ConsoleAppender]
13:25:04,262 |-WARN in ch.qos.logback.core.model.processor.ImplicitModelHandler - Ignoring unknown property [append] in [ch.qos.logback.core.ConsoleAppender]
13:25:04,263 |-INFO in ch.qos.logback.core.model.processor.ImplicitModelHandler - Assuming default type [ch.qos.logback.classic.encoder.PatternLayoutEncoder] for [encoder] property
13:25:04,293 |-INFO in ch.qos.logback.classic.model.processor.RootLoggerModelHandler - Setting level of ROOT logger to WARN
13:25:04,305 |-INFO in ch.qos.logback.core.model.processor.AppenderRefModelHandler - Attaching appender named [STDOUT] to Logger[ROOT]
13:25:04,308 |-INFO in ch.qos.logback.core.model.processor.DefaultProcessor@24269709 - End of configuration.
13:25:04,309 |-INFO in ch.qos.logback.classic.joran.JoranConfigurator@2aceadd4 - Registering current configuration as safe fallback point

399        WARN  main            d.u.i.k.s.ProofSettings   The settings in /home/runner/.key/proof-settings.props are *not* read. 
Returning from test lcp.key
Running test project.key#2
13:25:21,432 |-INFO in ch.qos.logback.classic.LoggerContext[default] - This is logback-classic version 1.4.5
13:25:21,461 |-INFO in ch.qos.logback.classic.LoggerContext[default] - Could NOT find resource [logback-test.xml]
13:25:21,489 |-INFO in ch.qos.logback.classic.LoggerContext[default] - Found resource [logback.xml] at [file:/home/runner/work/key/key/key.core/build/resources/test/logback.xml]
13:25:21,653 |-INFO in ch.qos.logback.core.model.processor.AppenderModelHandler - Processing appender named [STDOUT]
13:25:21,654 |-INFO in ch.qos.logback.core.model.processor.AppenderModelHandler - About to instantiate appender of type [ch.qos.logback.core.ConsoleAppender]
13:25:21,673 |-WARN in ch.qos.logback.core.model.processor.ImplicitModelHandler - Ignoring unknown property [file] in [ch.qos.logback.core.ConsoleAppender]
13:25:21,673 |-WARN in ch.qos.logback.core.model.processor.ImplicitModelHandler - Ignoring unknown property [append] in [ch.qos.logback.core.ConsoleAppender]
13:25:21,674 |-INFO in ch.qos.logback.core.model.processor.ImplicitModelHandler - Assuming default type [ch.qos.logback.classic.encoder.PatternLayoutEncoder] for [encoder] property
13:25:21,698 |-INFO in ch.qos.logback.classic.model.processor.RootLoggerModelHandler - Setting level of ROOT logger to WARN
13:25:21,704 |-INFO in ch.qos.logback.core.model.processor.AppenderRefModelHandler - Attaching appender named [STDOUT] to Logger[ROOT]
13:25:21,705 |-INFO in ch.qos.logback.core.model.processor.DefaultProcessor@24269709 - End of configuration.
13:25:21,706 |-INFO in ch.qos.logback.classic.joran.JoranConfigurator@2aceadd4 - Registering current configuration as safe fallback point

398        WARN  main            d.u.i.k.s.ProofSettings   The settings in /home/runner/.key/proof-settings.props are *not* read. 
Returning from test project.key#2
Running test ArrayList_contains.key
13:25:43,742 |-INFO in ch.qos.logback.classic.LoggerContext[default] - This is logback-classic version 1.4.5
13:25:43,781 |-INFO in ch.qos.logback.classic.LoggerContext[default] - Could NOT find resource [logback-test.xml]
13:25:43,802 |-INFO in ch.qos.logback.classic.LoggerContext[default] - Found resource [logback.xml] at [file:/home/runner/work/key/key/key.core/build/resources/test/logback.xml]
13:25:44,009 |-INFO in ch.qos.logback.core.model.processor.AppenderModelHandler - Processing appender named [STDOUT]
13:25:44,009 |-INFO in ch.qos.logback.core.model.processor.AppenderModelHandler - About to instantiate appender of type [ch.qos.logback.core.ConsoleAppender]
13:25:44,026 |-WARN in ch.qos.logback.core.model.processor.ImplicitModelHandler - Ignoring unknown property [file] in [ch.qos.logback.core.ConsoleAppender]
13:25:44,026 |-WARN in ch.qos.logback.core.model.processor.ImplicitModelHandler - Ignoring unknown property [append] in [ch.qos.logback.core.ConsoleAppender]
13:25:44,027 |-INFO in ch.qos.logback.core.model.processor.ImplicitModelHandler - Assuming default type [ch.qos.logback.classic.encoder.PatternLayoutEncoder] for [encoder] property
13:25:44,049 |-INFO in ch.qos.logback.classic.model.processor.RootLoggerModelHandler - Setting level of ROOT logger to WARN
13:25:44,055 |-INFO in ch.qos.logback.core.model.processor.AppenderRefModelHandler - Attaching appender named [STDOUT] to Logger[ROOT]
13:25:44,055 |-INFO in ch.qos.logback.core.model.processor.DefaultProcessor@24269709 - End of configuration.
13:25:44,056 |-INFO in ch.qos.logback.classic.joran.JoranConfigurator@2aceadd4 - Registering current configuration as safe fallback point

439        WARN  main            d.u.i.k.s.ProofSettings   The settings in /home/runner/.key/proof-settings.props are *not* read. 
Returning from test ArrayList_contains.key
Running test ArrayList_get.key
13:25:59,764 |-INFO in ch.qos.logback.classic.LoggerContext[default] - This is logback-classic version 1.4.5
13:25:59,810 |-INFO in ch.qos.logback.classic.LoggerContext[default] - Could NOT find resource [logback-test.xml]
13:25:59,839 |-INFO in ch.qos.logback.classic.LoggerContext[default] - Found resource [logback.xml] at [file:/home/runner/work/key/key/key.core/build/resources/test/logback.xml]
13:26:00,006 |-INFO in ch.qos.logback.core.model.processor.AppenderModelHandler - Processing appender named [STDOUT]
13:26:00,006 |-INFO in ch.qos.logback.core.model.processor.AppenderModelHandler - About to instantiate appender of type [ch.qos.logback.core.ConsoleAppender]
13:26:00,023 |-WARN in ch.qos.logback.core.model.processor.ImplicitModelHandler - Ignoring unknown property [file] in [ch.qos.logback.core.ConsoleAppender]
13:26:00,023 |-WARN in ch.qos.logback.core.model.processor.ImplicitModelHandler - Ignoring unknown property [append] in [ch.qos.logback.core.ConsoleAppender]
13:26:00,024 |-INFO in ch.qos.logback.core.model.processor.ImplicitModelHandler - Assuming default type [ch.qos.logback.classic.encoder.PatternLayoutEncoder] for [encoder] property
13:26:00,048 |-INFO in ch.qos.logback.classic.model.processor.RootLoggerModelHandler - Setting level of ROOT logger to WARN
13:26:00,053 |-INFO in ch.qos.logback.core.model.processor.AppenderRefModelHandler - Attaching appender named [STDOUT] to Logger[ROOT]
13:26:00,053 |-INFO in ch.qos.logback.core.model.processor.DefaultProcessor@24269709 - End of configuration.
13:26:00,054 |-INFO in ch.qos.logback.classic.joran.JoranConfigurator@2aceadd4 - Registering current configuration as safe fallback point

444        WARN  main            d.u.i.k.s.ProofSettings   The settings in /home/runner/.key/proof-settings.props are *not* read. 
Returning from test ArrayList_get.key
Running test ArrayList_size.key
13:26:16,677 |-INFO in ch.qos.logback.classic.LoggerContext[default] - This is logback-classic version 1.4.5
13:26:16,706 |-INFO in ch.qos.logback.classic.LoggerContext[default] - Could NOT find resource [logback-test.xml]
13:26:16,726 |-INFO in ch.qos.logback.classic.LoggerContext[default] - Found resource [logback.xml] at [file:/home/runner/work/key/key/key.core/build/resources/test/logback.xml]
13:26:16,948 |-INFO in ch.qos.logback.core.model.processor.AppenderModelHandler - Processing appender named [STDOUT]
13:26:16,948 |-INFO in ch.qos.logback.core.model.processor.AppenderModelHandler - About to instantiate appender of type [ch.qos.logback.core.ConsoleAppender]
13:26:16,974 |-WARN in ch.qos.logback.core.model.processor.ImplicitModelHandler - Ignoring unknown property [file] in [ch.qos.logback.core.ConsoleAppender]
13:26:16,974 |-WARN in ch.qos.logback.core.model.processor.ImplicitModelHandler - Ignoring unknown property [append] in [ch.qos.logback.core.ConsoleAppender]
13:26:16,975 |-INFO in ch.qos.logback.core.model.processor.ImplicitModelHandler - Assuming default type [ch.qos.logback.classic.encoder.PatternLayoutEncoder] for [encoder] property
13:26:17,008 |-INFO in ch.qos.logback.classic.model.processor.RootLoggerModelHandler - Setting level of ROOT logger to WARN
13:26:17,019 |-INFO in ch.qos.logback.core.model.processor.AppenderRefModelHandler - Attaching appender named [STDOUT] to Logger[ROOT]
13:26:17,019 |-INFO in ch.qos.logback.core.model.processor.DefaultProcessor@24269709 - End of configuration.
13:26:17,020 |-INFO in ch.qos.logback.classic.joran.JoranConfigurator@2aceadd4 - Registering current configuration as safe fallback point

468        WARN  main            d.u.i.k.s.ProofSettings   The settings in /home/runner/.key/proof-settings.props are *not* read. 
Returning from test ArrayList_size.key
Running test UpdateAbstraction_ex7_3_secure.key
13:26:31,642 |-INFO in ch.qos.logback.classic.LoggerContext[default] - This is logback-classic version 1.4.5
13:26:31,683 |-INFO in ch.qos.logback.classic.LoggerContext[default] - Could NOT find resource [logback-test.xml]
13:26:31,714 |-INFO in ch.qos.logback.classic.LoggerContext[default] - Found resource [logback.xml] at [file:/home/runner/work/key/key/key.core/build/resources/test/logback.xml]
13:26:31,914 |-INFO in ch.qos.logback.core.model.processor.AppenderModelHandler - Processing appender named [STDOUT]
13:26:31,915 |-INFO in ch.qos.logback.core.model.processor.AppenderModelHandler - About to instantiate appender of type [ch.qos.logback.core.ConsoleAppender]
13:26:31,930 |-WARN in ch.qos.logback.core.model.processor.ImplicitModelHandler - Ignoring unknown property [file] in [ch.qos.logback.core.ConsoleAppender]
13:26:31,930 |-WARN in ch.qos.logback.core.model.processor.ImplicitModelHandler - Ignoring unknown property [append] in [ch.qos.logback.core.ConsoleAppender]
13:26:31,931 |-INFO in ch.qos.logback.core.model.processor.ImplicitModelHandler - Assuming default type [ch.qos.logback.classic.encoder.PatternLayoutEncoder] for [encoder] property
13:26:31,954 |-INFO in ch.qos.logback.classic.model.processor.RootLoggerModelHandler - Setting level of ROOT logger to WARN
13:26:31,959 |-INFO in ch.qos.logback.core.model.processor.AppenderRefModelHandler - Attaching appender named [STDOUT] to Logger[ROOT]
13:26:31,959 |-INFO in ch.qos.logback.core.model.processor.DefaultProcessor@24269709 - End of configuration.
13:26:31,960 |-INFO in ch.qos.logback.classic.joran.JoranConfigurator@2aceadd4 - Registering current configuration as safe fallback point

426        WARN  main            d.u.i.k.s.ProofSettings   The settings in /home/runner/.key/proof-settings.props are *not* read. 
Returning from test UpdateAbstraction_ex7_3_secure.key
Running test UpdateAbstraction_ex7_4_secure.key
13:26:46,969 |-INFO in ch.qos.logback.classic.LoggerContext[default] - This is logback-classic version 1.4.5
13:26:46,999 |-INFO in ch.qos.logback.classic.LoggerContext[default] - Could NOT find resource [logback-test.xml]
13:26:47,022 |-INFO in ch.qos.logback.classic.LoggerContext[default] - Found resource [logback.xml] at [file:/home/runner/work/key/key/key.core/build/resources/test/logback.xml]
13:26:47,206 |-INFO in ch.qos.logback.core.model.processor.AppenderModelHandler - Processing appender named [STDOUT]
13:26:47,206 |-INFO in ch.qos.logback.core.model.processor.AppenderModelHandler - About to instantiate appender of type [ch.qos.logback.core.ConsoleAppender]
13:26:47,224 |-WARN in ch.qos.logback.core.model.processor.ImplicitModelHandler - Ignoring unknown property [file] in [ch.qos.logback.core.ConsoleAppender]
13:26:47,224 |-WARN in ch.qos.logback.core.model.processor.ImplicitModelHandler - Ignoring unknown property [append] in [ch.qos.logback.core.ConsoleAppender]
13:26:47,225 |-INFO in ch.qos.logback.core.model.processor.ImplicitModelHandler - Assuming default type [ch.qos.logback.classic.encoder.PatternLayoutEncoder] for [encoder] property
13:26:47,247 |-INFO in ch.qos.logback.classic.model.processor.RootLoggerModelHandler - Setting level of ROOT logger to WARN
13:26:47,253 |-INFO in ch.qos.logback.core.model.processor.AppenderRefModelHandler - Attaching appender named [STDOUT] to Logger[ROOT]
13:26:47,253 |-INFO in ch.qos.logback.core.model.processor.DefaultProcessor@24269709 - End of configuration.
13:26:47,254 |-INFO in ch.qos.logback.classic.joran.JoranConfigurator@2aceadd4 - Registering current configuration as safe fallback point

417        WARN  main            d.u.i.k.s.ProofSettings   The settings in /home/runner/.key/proof-settings.props are *not* read. 
Returning from test UpdateAbstraction_ex7_4_secure.key
Running test UpdateAbstraction_ex7_5_secure.key
13:27:02,163 |-INFO in ch.qos.logback.classic.LoggerContext[default] - This is logback-classic version 1.4.5
13:27:02,196 |-INFO in ch.qos.logback.classic.LoggerContext[default] - Could NOT find resource [logback-test.xml]
13:27:02,219 |-INFO in ch.qos.logback.classic.LoggerContext[default] - Found resource [logback.xml] at [file:/home/runner/work/key/key/key.core/build/resources/test/logback.xml]
13:27:02,432 |-INFO in ch.qos.logback.core.model.processor.AppenderModelHandler - Processing appender named [STDOUT]
13:27:02,432 |-INFO in ch.qos.logback.core.model.processor.AppenderModelHandler - About to instantiate appender of type [ch.qos.logback.core.ConsoleAppender]
13:27:02,449 |-WARN in ch.qos.logback.core.model.processor.ImplicitModelHandler - Ignoring unknown property [file] in [ch.qos.logback.core.ConsoleAppender]
13:27:02,449 |-WARN in ch.qos.logback.core.model.processor.ImplicitModelHandler - Ignoring unknown property [append] in [ch.qos.logback.core.ConsoleAppender]
13:27:02,451 |-INFO in ch.qos.logback.core.model.processor.ImplicitModelHandler - Assuming default type [ch.qos.logback.classic.encoder.PatternLayoutEncoder] for [encoder] property
13:27:02,473 |-INFO in ch.qos.logback.classic.model.processor.RootLoggerModelHandler - Setting level of ROOT logger to WARN
13:27:02,478 |-INFO in ch.qos.logback.core.model.processor.AppenderRefModelHandler - Attaching appender named [STDOUT] to Logger[ROOT]
13:27:02,480 |-INFO in ch.qos.logback.core.model.processor.DefaultProcessor@24269709 - End of configuration.
13:27:02,481 |-INFO in ch.qos.logback.classic.joran.JoranConfigurator@2aceadd4 - Registering current configuration as safe fallback point

447        WARN  main            d.u.i.k.s.ProofSettings   The settings in /home/runner/.key/proof-settings.props are *not* read. 
Returning from test UpdateAbstraction_ex7_5_secure.key
Running test UpdateAbstraction_ex7_6_secure.key
13:27:17,523 |-INFO in ch.qos.logback.classic.LoggerContext[default] - This is logback-classic version 1.4.5
13:27:17,553 |-INFO in ch.qos.logback.classic.LoggerContext[default] - Could NOT find resource [logback-test.xml]
13:27:17,575 |-INFO in ch.qos.logback.classic.LoggerContext[default] - Found resource [logback.xml] at [file:/home/runner/work/key/key/key.core/build/resources/test/logback.xml]
13:27:17,777 |-INFO in ch.qos.logback.core.model.processor.AppenderModelHandler - Processing appender named [STDOUT]
13:27:17,777 |-INFO in ch.qos.logback.core.model.processor.AppenderModelHandler - About to instantiate appender of type [ch.qos.logback.core.ConsoleAppender]
13:27:17,795 |-WARN in ch.qos.logback.core.model.processor.ImplicitModelHandler - Ignoring unknown property [file] in [ch.qos.logback.core.ConsoleAppender]
13:27:17,795 |-WARN in ch.qos.logback.core.model.processor.ImplicitModelHandler - Ignoring unknown property [append] in [ch.qos.logback.core.ConsoleAppender]
13:27:17,796 |-INFO in ch.qos.logback.core.model.processor.ImplicitModelHandler - Assuming default type [ch.qos.logback.classic.encoder.PatternLayoutEncoder] for [encoder] property
13:27:17,818 |-INFO in ch.qos.logback.classic.model.processor.RootLoggerModelHandler - Setting level of ROOT logger to WARN
13:27:17,832 |-INFO in ch.qos.logback.core.model.processor.AppenderRefModelHandler - Attaching appender named [STDOUT] to Logger[ROOT]
13:27:17,832 |-INFO in ch.qos.logback.core.model.processor.DefaultProcessor@24269709 - End of configuration.
13:27:17,833 |-INFO in ch.qos.logback.classic.joran.JoranConfigurator@2aceadd4 - Registering current configuration as safe fallback point

481        WARN  main            d.u.i.k.s.ProofSettings   The settings in /home/runner/.key/proof-settings.props are *not* read. 
Returning from test UpdateAbstraction_ex7_6_secure.key
Running test UpdateAbstraction_ex9_secure.key
13:27:33,419 |-INFO in ch.qos.logback.classic.LoggerContext[default] - This is logback-classic version 1.4.5
13:27:33,459 |-INFO in ch.qos.logback.classic.LoggerContext[default] - Could NOT find resource [logback-test.xml]
13:27:33,494 |-INFO in ch.qos.logback.classic.LoggerContext[default] - Found resource [logback.xml] at [file:/home/runner/work/key/key/key.core/build/resources/test/logback.xml]
13:27:33,692 |-INFO in ch.qos.logback.core.model.processor.AppenderModelHandler - Processing appender named [STDOUT]
13:27:33,692 |-INFO in ch.qos.logback.core.model.processor.AppenderModelHandler - About to instantiate appender of type [ch.qos.logback.core.ConsoleAppender]
13:27:33,717 |-WARN in ch.qos.logback.core.model.processor.ImplicitModelHandler - Ignoring unknown property [file] in [ch.qos.logback.core.ConsoleAppender]
13:27:33,717 |-WARN in ch.qos.logback.core.model.processor.ImplicitModelHandler - Ignoring unknown property [append] in [ch.qos.logback.core.ConsoleAppender]
13:27:33,719 |-INFO in ch.qos.logback.core.model.processor.ImplicitModelHandler - Assuming default type [ch.qos.logback.classic.encoder.PatternLayoutEncoder] for [encoder] property
13:27:33,759 |-INFO in ch.qos.logback.classic.model.processor.RootLoggerModelHandler - Setting level of ROOT logger to WARN
13:27:33,774 |-INFO in ch.qos.logback.core.model.processor.AppenderRefModelHandler - Attaching appender named [STDOUT] to Logger[ROOT]
13:27:33,775 |-INFO in ch.qos.logback.core.model.processor.DefaultProcessor@24269709 - End of configuration.
13:27:33,776 |-INFO in ch.qos.logback.classic.joran.JoranConfigurator@2aceadd4 - Registering current configuration as safe fallback point

520        WARN  main            d.u.i.k.s.ProofSettings   The settings in /home/runner/.key/proof-settings.props are *not* read. 
Returning from test UpdateAbstraction_ex9_secure.key
Running test list
13:27:50,927 |-INFO in ch.qos.logback.classic.LoggerContext[default] - This is logback-classic version 1.4.5
13:27:50,955 |-INFO in ch.qos.logback.classic.LoggerContext[default] - Could NOT find resource [logback-test.xml]
13:27:50,975 |-INFO in ch.qos.logback.classic.LoggerContext[default] - Found resource [logback.xml] at [file:/home/runner/work/key/key/key.core/build/resources/test/logback.xml]
13:27:51,170 |-INFO in ch.qos.logback.core.model.processor.AppenderModelHandler - Processing appender named [STDOUT]
13:27:51,170 |-INFO in ch.qos.logback.core.model.processor.AppenderModelHandler - About to instantiate appender of type [ch.qos.logback.core.ConsoleAppender]
13:27:51,187 |-WARN in ch.qos.logback.core.model.processor.ImplicitModelHandler - Ignoring unknown property [file] in [ch.qos.logback.core.ConsoleAppender]
13:27:51,187 |-WARN in ch.qos.logback.core.model.processor.ImplicitModelHandler - Ignoring unknown property [append] in [ch.qos.logback.core.ConsoleAppender]
13:27:51,188 |-INFO in ch.qos.logback.core.model.processor.ImplicitModelHandler - Assuming default type [ch.qos.logback.classic.encoder.PatternLayoutEncoder] for [encoder] property
13:27:51,212 |-INFO in ch.qos.logback.classic.model.processor.RootLoggerModelHandler - Setting level of ROOT logger to WARN
13:27:51,217 |-INFO in ch.qos.logback.core.model.processor.AppenderRefModelHandler - Attaching appender named [STDOUT] to Logger[ROOT]
13:27:51,217 |-INFO in ch.qos.logback.core.model.processor.DefaultProcessor@24269709 - End of configuration.
13:27:51,218 |-INFO in ch.qos.logback.classic.joran.JoranConfigurator@2aceadd4 - Registering current configuration as safe fallback point

462        WARN  main            d.u.i.k.s.ProofSettings   The settings in /home/runner/.key/proof-settings.props are *not* read. 
Returning from test list
Running test list_ghost
13:33:02,908 |-INFO in ch.qos.logback.classic.LoggerContext[default] - This is logback-classic version 1.4.5
13:33:02,942 |-INFO in ch.qos.logback.classic.LoggerContext[default] - Could NOT find resource [logback-test.xml]
13:33:02,962 |-INFO in ch.qos.logback.classic.LoggerContext[default] - Found resource [logback.xml] at [file:/home/runner/work/key/key/key.core/build/resources/test/logback.xml]
13:33:03,159 |-INFO in ch.qos.logback.core.model.processor.AppenderModelHandler - Processing appender named [STDOUT]
13:33:03,159 |-INFO in ch.qos.logback.core.model.processor.AppenderModelHandler - About to instantiate appender of type [ch.qos.logback.core.ConsoleAppender]
13:33:03,178 |-WARN in ch.qos.logback.core.model.processor.ImplicitModelHandler - Ignoring unknown property [file] in [ch.qos.logback.core.ConsoleAppender]
13:33:03,178 |-WARN in ch.qos.logback.core.model.processor.ImplicitModelHandler - Ignoring unknown property [append] in [ch.qos.logback.core.ConsoleAppender]
13:33:03,179 |-INFO in ch.qos.logback.core.model.processor.ImplicitModelHandler - Assuming default type [ch.qos.logback.classic.encoder.PatternLayoutEncoder] for [encoder] property
13:33:03,203 |-INFO in ch.qos.logback.classic.model.processor.RootLoggerModelHandler - Setting level of ROOT logger to WARN
13:33:03,209 |-INFO in ch.qos.logback.core.model.processor.AppenderRefModelHandler - Attaching appender named [STDOUT] to Logger[ROOT]
13:33:03,209 |-INFO in ch.qos.logback.core.model.processor.DefaultProcessor@24269709 - End of configuration.
13:33:03,210 |-INFO in ch.qos.logback.classic.joran.JoranConfigurator@2aceadd4 - Registering current configuration as safe fallback point

422        WARN  main            d.u.i.k.s.ProofSettings   The settings in /home/runner/.key/proof-settings.props are *not* read. 
Returning from test list_ghost
Running test list_recursive
13:34:24,459 |-INFO in ch.qos.logback.classic.LoggerContext[default] - This is logback-classic version 1.4.5
13:34:24,501 |-INFO in ch.qos.logback.classic.LoggerContext[default] - Could NOT find resource [logback-test.xml]
13:34:24,520 |-INFO in ch.qos.logback.classic.LoggerContext[default] - Found resource [logback.xml] at [file:/home/runner/work/key/key/key.core/build/resources/test/logback.xml]
13:34:24,732 |-INFO in ch.qos.logback.core.model.processor.AppenderModelHandler - Processing appender named [STDOUT]
13:34:24,732 |-INFO in ch.qos.logback.core.model.processor.AppenderModelHandler - About to instantiate appender of type [ch.qos.logback.core.ConsoleAppender]
13:34:24,749 |-WARN in ch.qos.logback.core.model.processor.ImplicitModelHandler - Ignoring unknown property [file] in [ch.qos.logback.core.ConsoleAppender]
13:34:24,749 |-WARN in ch.qos.logback.core.model.processor.ImplicitModelHandler - Ignoring unknown property [append] in [ch.qos.logback.core.ConsoleAppender]
13:34:24,750 |-INFO in ch.qos.logback.core.model.processor.ImplicitModelHandler - Assuming default type [ch.qos.logback.classic.encoder.PatternLayoutEncoder] for [encoder] property
13:34:24,771 |-INFO in ch.qos.logback.classic.model.processor.RootLoggerModelHandler - Setting level of ROOT logger to WARN
13:34:24,777 |-INFO in ch.qos.logback.core.model.processor.AppenderRefModelHandler - Attaching appender named [STDOUT] to Logger[ROOT]
13:34:24,778 |-INFO in ch.qos.logback.core.model.processor.DefaultProcessor@24269709 - End of configuration.
13:34:24,778 |-INFO in ch.qos.logback.classic.joran.JoranConfigurator@2aceadd4 - Registering current configuration as safe fallback point

429        WARN  main            d.u.i.k.s.ProofSettings   The settings in /home/runner/.key/proof-settings.props are *not* read. 
Returning from test list_recursive
Running test list_seq
13:34:50,348 |-INFO in ch.qos.logback.classic.LoggerContext[default] - This is logback-classic version 1.4.5
13:34:50,378 |-INFO in ch.qos.logback.classic.LoggerContext[default] - Could NOT find resource [logback-test.xml]
13:34:50,413 |-INFO in ch.qos.logback.classic.LoggerContext[default] - Found resource [logback.xml] at [file:/home/runner/work/key/key/key.core/build/resources/test/logback.xml]
13:34:50,600 |-INFO in ch.qos.logback.core.model.processor.AppenderModelHandler - Processing appender named [STDOUT]
13:34:50,600 |-INFO in ch.qos.logback.core.model.processor.AppenderModelHandler - About to instantiate appender of type [ch.qos.logback.core.ConsoleAppender]
13:34:50,616 |-WARN in ch.qos.logback.core.model.processor.ImplicitModelHandler - Ignoring unknown property [file] in [ch.qos.logback.core.ConsoleAppender]
13:34:50,616 |-WARN in ch.qos.logback.core.model.processor.ImplicitModelHandler - Ignoring unknown property [append] in [ch.qos.logback.core.ConsoleAppender]
13:34:50,617 |-INFO in ch.qos.logback.core.model.processor.ImplicitModelHandler - Assuming default type [ch.qos.logback.classic.encoder.PatternLayoutEncoder] for [encoder] property
13:34:50,641 |-INFO in ch.qos.logback.classic.model.processor.RootLoggerModelHandler - Setting level of ROOT logger to WARN
13:34:50,646 |-INFO in ch.qos.logback.core.model.processor.AppenderRefModelHandler - Attaching appender named [STDOUT] to Logger[ROOT]
13:34:50,647 |-INFO in ch.qos.logback.core.model.processor.DefaultProcessor@24269709 - End of configuration.
13:34:50,648 |-INFO in ch.qos.logback.classic.joran.JoranConfigurator@2aceadd4 - Registering current configuration as safe fallback point

457        WARN  main            d.u.i.k.s.ProofSettings   The settings in /home/runner/.key/proof-settings.props are *not* read. 
Returning from test list_seq
Running test observer
13:37:47,629 |-INFO in ch.qos.logback.classic.LoggerContext[default] - This is logback-classic version 1.4.5
13:37:47,662 |-INFO in ch.qos.logback.classic.LoggerContext[default] - Could NOT find resource [logback-test.xml]
13:37:47,683 |-INFO in ch.qos.logback.classic.LoggerContext[default] - Found resource [logback.xml] at [file:/home/runner/work/key/key/key.core/build/resources/test/logback.xml]
13:37:47,865 |-INFO in ch.qos.logback.core.model.processor.AppenderModelHandler - Processing appender named [STDOUT]
13:37:47,866 |-INFO in ch.qos.logback.core.model.processor.AppenderModelHandler - About to instantiate appender of type [ch.qos.logback.core.ConsoleAppender]
13:37:47,883 |-WARN in ch.qos.logback.core.model.processor.ImplicitModelHandler - Ignoring unknown property [file] in [ch.qos.logback.core.ConsoleAppender]
13:37:47,883 |-WARN in ch.qos.logback.core.model.processor.ImplicitModelHandler - Ignoring unknown property [append] in [ch.qos.logback.core.ConsoleAppender]
13:37:47,884 |-INFO in ch.qos.logback.core.model.processor.ImplicitModelHandler - Assuming default type [ch.qos.logback.classic.encoder.PatternLayoutEncoder] for [encoder] property
13:37:47,917 |-INFO in ch.qos.logback.classic.model.processor.RootLoggerModelHandler - Setting level of ROOT logger to WARN
13:37:47,925 |-INFO in ch.qos.logback.core.model.processor.AppenderRefModelHandler - Attaching appender named [STDOUT] to Logger[ROOT]
13:37:47,926 |-INFO in ch.qos.logback.core.model.processor.DefaultProcessor@24269709 - End of configuration.
13:37:47,927 |-INFO in ch.qos.logback.classic.joran.JoranConfigurator@2aceadd4 - Registering current configuration as safe fallback point

438        WARN  main            d.u.i.k.s.ProofSettings   The settings in /home/runner/.key/proof-settings.props are *not* read. 
Returning from test observer
Running test removeDups
13:39:43,165 |-INFO in ch.qos.logback.classic.LoggerContext[default] - This is logback-classic version 1.4.5
13:39:43,199 |-INFO in ch.qos.logback.classic.LoggerContext[default] - Could NOT find resource [logback-test.xml]
13:39:43,230 |-INFO in ch.qos.logback.classic.LoggerContext[default] - Found resource [logback.xml] at [file:/home/runner/work/key/key/key.core/build/resources/test/logback.xml]
13:39:43,412 |-INFO in ch.qos.logback.core.model.processor.AppenderModelHandler - Processing appender named [STDOUT]
13:39:43,412 |-INFO in ch.qos.logback.core.model.processor.AppenderModelHandler - About to instantiate appender of type [ch.qos.logback.core.ConsoleAppender]
13:39:43,429 |-WARN in ch.qos.logback.core.model.processor.ImplicitModelHandler - Ignoring unknown property [file] in [ch.qos.logback.core.ConsoleAppender]
13:39:43,429 |-WARN in ch.qos.logback.core.model.processor.ImplicitModelHandler - Ignoring unknown property [append] in [ch.qos.logback.core.ConsoleAppender]
13:39:43,430 |-INFO in ch.qos.logback.core.model.processor.ImplicitModelHandler - Assuming default type [ch.qos.logback.classic.encoder.PatternLayoutEncoder] for [encoder] property
13:39:43,453 |-INFO in ch.qos.logback.classic.model.processor.RootLoggerModelHandler - Setting level of ROOT logger to WARN
13:39:43,460 |-INFO in ch.qos.logback.core.model.processor.AppenderRefModelHandler - Attaching appender named [STDOUT] to Logger[ROOT]
13:39:43,460 |-INFO in ch.qos.logback.core.model.processor.DefaultProcessor@24269709 - End of configuration.
13:39:43,461 |-INFO in ch.qos.logback.classic.joran.JoranConfigurator@2aceadd4 - Registering current configuration as safe fallback point

462        WARN  main            d.u.i.k.s.ProofSettings   The settings in /home/runner/.key/proof-settings.props are *not* read. 
Returning from test removeDups
Running test Saddleback_search.key
13:40:28,650 |-INFO in ch.qos.logback.classic.LoggerContext[default] - This is logback-classic version 1.4.5
13:40:28,707 |-INFO in ch.qos.logback.classic.LoggerContext[default] - Could NOT find resource [logback-test.xml]
13:40:28,726 |-INFO in ch.qos.logback.classic.LoggerContext[default] - Found resource [logback.xml] at [file:/home/runner/work/key/key/key.core/build/resources/test/logback.xml]
13:40:28,918 |-INFO in ch.qos.logback.core.model.processor.AppenderModelHandler - Processing appender named [STDOUT]
13:40:28,918 |-INFO in ch.qos.logback.core.model.processor.AppenderModelHandler - About to instantiate appender of type [ch.qos.logback.core.ConsoleAppender]
13:40:28,935 |-WARN in ch.qos.logback.core.model.processor.ImplicitModelHandler - Ignoring unknown property [file] in [ch.qos.logback.core.ConsoleAppender]
13:40:28,935 |-WARN in ch.qos.logback.core.model.processor.ImplicitModelHandler - Ignoring unknown property [append] in [ch.qos.logback.core.ConsoleAppender]
13:40:28,936 |-INFO in ch.qos.logback.core.model.processor.ImplicitModelHandler - Assuming default type [ch.qos.logback.classic.encoder.PatternLayoutEncoder] for [encoder] property
13:40:28,959 |-INFO in ch.qos.logback.classic.model.processor.RootLoggerModelHandler - Setting level of ROOT logger to WARN
13:40:28,965 |-INFO in ch.qos.logback.core.model.processor.AppenderRefModelHandler - Attaching appender named [STDOUT] to Logger[ROOT]
13:40:28,965 |-INFO in ch.qos.logback.core.model.processor.DefaultProcessor@24269709 - End of configuration.
13:40:28,966 |-INFO in ch.qos.logback.classic.joran.JoranConfigurator@2aceadd4 - Registering current configuration as safe fallback point

439        WARN  main            d.u.i.k.s.ProofSettings   The settings in /home/runner/.key/proof-settings.props are *not* read. 
Returning from test Saddleback_search.key
Running test quicksort
13:42:18,089 |-INFO in ch.qos.logback.classic.LoggerContext[default] - This is logback-classic version 1.4.5
13:42:18,121 |-INFO in ch.qos.logback.classic.LoggerContext[default] - Could NOT find resource [logback-test.xml]
13:42:18,160 |-INFO in ch.qos.logback.classic.LoggerContext[default] - Found resource [logback.xml] at [file:/home/runner/work/key/key/key.core/build/resources/test/logback.xml]
13:42:18,342 |-INFO in ch.qos.logback.core.model.processor.AppenderModelHandler - Processing appender named [STDOUT]
13:42:18,343 |-INFO in ch.qos.logback.core.model.processor.AppenderModelHandler - About to instantiate appender of type [ch.qos.logback.core.ConsoleAppender]
13:42:18,361 |-WARN in ch.qos.logback.core.model.processor.ImplicitModelHandler - Ignoring unknown property [file] in [ch.qos.logback.core.ConsoleAppender]
13:42:18,361 |-WARN in ch.qos.logback.core.model.processor.ImplicitModelHandler - Ignoring unknown property [append] in [ch.qos.logback.core.ConsoleAppender]
13:42:18,362 |-INFO in ch.qos.logback.core.model.processor.ImplicitModelHandler - Assuming default type [ch.qos.logback.classic.encoder.PatternLayoutEncoder] for [encoder] property
13:42:18,387 |-INFO in ch.qos.logback.classic.model.processor.RootLoggerModelHandler - Setting level of ROOT logger to WARN
13:42:18,392 |-INFO in ch.qos.logback.core.model.processor.AppenderRefModelHandler - Attaching appender named [STDOUT] to Logger[ROOT]
13:42:18,393 |-INFO in ch.qos.logback.core.model.processor.DefaultProcessor@24269709 - End of configuration.
13:42:18,394 |-INFO in ch.qos.logback.classic.joran.JoranConfigurator@2aceadd4 - Registering current configuration as safe fallback point

460        WARN  main            d.u.i.k.s.ProofSettings   The settings in /home/runner/.key/proof-settings.props are *not* read. 
Returning from test quicksort
Running test simpleTests
13:44:24,582 |-INFO in ch.qos.logback.classic.LoggerContext[default] - This is logback-classic version 1.4.5
13:44:24,613 |-INFO in ch.qos.logback.classic.LoggerContext[default] - Could NOT find resource [logback-test.xml]
13:44:24,633 |-INFO in ch.qos.logback.classic.LoggerContext[default] - Found resource [logback.xml] at [file:/home/runner/work/key/key/key.core/build/resources/test/logback.xml]
13:44:24,853 |-INFO in ch.qos.logback.core.model.processor.AppenderModelHandler - Processing appender named [STDOUT]
13:44:24,853 |-INFO in ch.qos.logback.core.model.processor.AppenderModelHandler - About to instantiate appender of type [ch.qos.logback.core.ConsoleAppender]
13:44:24,869 |-WARN in ch.qos.logback.core.model.processor.ImplicitModelHandler - Ignoring unknown property [file] in [ch.qos.logback.core.ConsoleAppender]
13:44:24,869 |-WARN in ch.qos.logback.core.model.processor.ImplicitModelHandler - Ignoring unknown property [append] in [ch.qos.logback.core.ConsoleAppender]
13:44:24,870 |-INFO in ch.qos.logback.core.model.processor.ImplicitModelHandler - Assuming default type [ch.qos.logback.classic.encoder.PatternLayoutEncoder] for [encoder] property
13:44:24,893 |-INFO in ch.qos.logback.classic.model.processor.RootLoggerModelHandler - Setting level of ROOT logger to WARN
13:44:24,899 |-INFO in ch.qos.logback.core.model.processor.AppenderRefModelHandler - Attaching appender named [STDOUT] to Logger[ROOT]
13:44:24,899 |-INFO in ch.qos.logback.core.model.processor.DefaultProcessor@24269709 - End of configuration.
13:44:24,900 |-INFO in ch.qos.logback.classic.joran.JoranConfigurator@2aceadd4 - Registering current configuration as safe fallback point

438        WARN  main            d.u.i.k.s.ProofSettings   The settings in /home/runner/.key/proof-settings.props are *not* read. 
Returning from test simpleTests
Running test SmansEtAl
13:47:29,805 |-INFO in ch.qos.logback.classic.LoggerContext[default] - This is logback-classic version 1.4.5
13:47:29,834 |-INFO in ch.qos.logback.classic.LoggerContext[default] - Could NOT find resource [logback-test.xml]
13:47:29,855 |-INFO in ch.qos.logback.classic.LoggerContext[default] - Found resource [logback.xml] at [file:/home/runner/work/key/key/key.core/build/resources/test/logback.xml]
13:47:30,051 |-INFO in ch.qos.logback.core.model.processor.AppenderModelHandler - Processing appender named [STDOUT]
13:47:30,051 |-INFO in ch.qos.logback.core.model.processor.AppenderModelHandler - About to instantiate appender of type [ch.qos.logback.core.ConsoleAppender]
13:47:30,077 |-WARN in ch.qos.logback.core.model.processor.ImplicitModelHandler - Ignoring unknown property [file] in [ch.qos.logback.core.ConsoleAppender]
13:47:30,077 |-WARN in ch.qos.logback.core.model.processor.ImplicitModelHandler - Ignoring unknown property [append] in [ch.qos.logback.core.ConsoleAppender]
13:47:30,078 |-INFO in ch.qos.logback.core.model.processor.ImplicitModelHandler - Assuming default type [ch.qos.logback.classic.encoder.PatternLayoutEncoder] for [encoder] property
13:47:30,106 |-INFO in ch.qos.logback.classic.model.processor.RootLoggerModelHandler - Setting level of ROOT logger to WARN
13:47:30,118 |-INFO in ch.qos.logback.core.model.processor.AppenderRefModelHandler - Attaching appender named [STDOUT] to Logger[ROOT]
13:47:30,118 |-INFO in ch.qos.logback.core.model.processor.DefaultProcessor@24269709 - End of configuration.
13:47:30,119 |-INFO in ch.qos.logback.classic.joran.JoranConfigurator@2aceadd4 - Registering current configuration as safe fallback point

479        WARN  main            d.u.i.k.s.ProofSettings   The settings in /home/runner/.key/proof-settings.props are *not* read. 
Returning from test SmansEtAl
Running test VACID0
13:51:13,075 |-INFO in ch.qos.logback.classic.LoggerContext[default] - This is logback-classic version 1.4.5
13:51:13,106 |-INFO in ch.qos.logback.classic.LoggerContext[default] - Could NOT find resource [logback-test.xml]
13:51:13,125 |-INFO in ch.qos.logback.classic.LoggerContext[default] - Found resource [logback.xml] at [file:/home/runner/work/key/key/key.core/build/resources/test/logback.xml]
13:51:13,331 |-INFO in ch.qos.logback.core.model.processor.AppenderModelHandler - Processing appender named [STDOUT]
13:51:13,331 |-INFO in ch.qos.logback.core.model.processor.AppenderModelHandler - About to instantiate appender of type [ch.qos.logback.core.ConsoleAppender]
13:51:13,352 |-WARN in ch.qos.logback.core.model.processor.ImplicitModelHandler - Ignoring unknown property [file] in [ch.qos.logback.core.ConsoleAppender]
13:51:13,352 |-WARN in ch.qos.logback.core.model.processor.ImplicitModelHandler - Ignoring unknown property [append] in [ch.qos.logback.core.ConsoleAppender]
13:51:13,353 |-INFO in ch.qos.logback.core.model.processor.ImplicitModelHandler - Assuming default type [ch.qos.logback.classic.encoder.PatternLayoutEncoder] for [encoder] property
13:51:13,381 |-INFO in ch.qos.logback.classic.model.processor.RootLoggerModelHandler - Setting level of ROOT logger to WARN
13:51:13,387 |-INFO in ch.qos.logback.core.model.processor.AppenderRefModelHandler - Attaching appender named [STDOUT] to Logger[ROOT]
13:51:13,387 |-INFO in ch.qos.logback.core.model.processor.DefaultProcessor@24269709 - End of configuration.
13:51:13,388 |-INFO in ch.qos.logback.classic.joran.JoranConfigurator@2aceadd4 - Registering current configuration as safe fallback point

451        WARN  main            d.u.i.k.s.ProofSettings   The settings in /home/runner/.key/proof-settings.props are *not* read. 
Returning from test VACID0
Running test VSTTE10
13:52:46,368 |-INFO in ch.qos.logback.classic.LoggerContext[default] - This is logback-classic version 1.4.5
13:52:46,398 |-INFO in ch.qos.logback.classic.LoggerContext[default] - Could NOT find resource [logback-test.xml]
13:52:46,418 |-INFO in ch.qos.logback.classic.LoggerContext[default] - Found resource [logback.xml] at [file:/home/runner/work/key/key/key.core/build/resources/test/logback.xml]
13:52:46,648 |-INFO in ch.qos.logback.core.model.processor.AppenderModelHandler - Processing appender named [STDOUT]
13:52:46,649 |-INFO in ch.qos.logback.core.model.processor.AppenderModelHandler - About to instantiate appender of type [ch.qos.logback.core.ConsoleAppender]
13:52:46,665 |-WARN in ch.qos.logback.core.model.processor.ImplicitModelHandler - Ignoring unknown property [file] in [ch.qos.logback.core.ConsoleAppender]
13:52:46,665 |-WARN in ch.qos.logback.core.model.processor.ImplicitModelHandler - Ignoring unknown property [append] in [ch.qos.logback.core.ConsoleAppender]
13:52:46,666 |-INFO in ch.qos.logback.core.model.processor.ImplicitModelHandler - Assuming default type [ch.qos.logback.classic.encoder.PatternLayoutEncoder] for [encoder] property
13:52:46,687 |-INFO in ch.qos.logback.classic.model.processor.RootLoggerModelHandler - Setting level of ROOT logger to WARN
13:52:46,692 |-INFO in ch.qos.logback.core.model.processor.AppenderRefModelHandler - Attaching appender named [STDOUT] to Logger[ROOT]
13:52:46,693 |-INFO in ch.qos.logback.core.model.processor.DefaultProcessor@24269709 - End of configuration.
13:52:46,693 |-INFO in ch.qos.logback.classic.joran.JoranConfigurator@2aceadd4 - Registering current configuration as safe fallback point

437        WARN  main            d.u.i.k.s.ProofSettings   The settings in /home/runner/.key/proof-settings.props are *not* read. 
Returning from test VSTTE10
Running test WeideEtAl
13:56:25,391 |-INFO in ch.qos.logback.classic.LoggerContext[default] - This is logback-classic version 1.4.5
13:56:25,430 |-INFO in ch.qos.logback.classic.LoggerContext[default] - Could NOT find resource [logback-test.xml]
13:56:25,451 |-INFO in ch.qos.logback.classic.LoggerContext[default] - Found resource [logback.xml] at [file:/home/runner/work/key/key/key.core/build/resources/test/logback.xml]
13:56:25,659 |-INFO in ch.qos.logback.core.model.processor.AppenderModelHandler - Processing appender named [STDOUT]
13:56:25,659 |-INFO in ch.qos.logback.core.model.processor.AppenderModelHandler - About to instantiate appender of type [ch.qos.logback.core.ConsoleAppender]
13:56:25,677 |-WARN in ch.qos.logback.core.model.processor.ImplicitModelHandler - Ignoring unknown property [file] in [ch.qos.logback.core.ConsoleAppender]
13:56:25,677 |-WARN in ch.qos.logback.core.model.processor.ImplicitModelHandler - Ignoring unknown property [append] in [ch.qos.logback.core.ConsoleAppender]
13:56:25,678 |-INFO in ch.qos.logback.core.model.processor.ImplicitModelHandler - Assuming default type [ch.qos.logback.classic.encoder.PatternLayoutEncoder] for [encoder] property
13:56:25,701 |-INFO in ch.qos.logback.classic.model.processor.RootLoggerModelHandler - Setting level of ROOT logger to WARN
13:56:25,706 |-INFO in ch.qos.logback.core.model.processor.AppenderRefModelHandler - Attaching appender named [STDOUT] to Logger[ROOT]
13:56:25,707 |-INFO in ch.qos.logback.core.model.processor.DefaultProcessor@24269709 - End of configuration.
13:56:25,707 |-INFO in ch.qos.logback.classic.joran.JoranConfigurator@2aceadd4 - Registering current configuration as safe fallback point

449        WARN  main            d.u.i.k.s.ProofSettings   The settings in /home/runner/.key/proof-settings.props are *not* read. 
Returning from test WeideEtAl
Running test arithmetic
13:56:59,737 |-INFO in ch.qos.logback.classic.LoggerContext[default] - This is logback-classic version 1.4.5
13:56:59,767 |-INFO in ch.qos.logback.classic.LoggerContext[default] - Could NOT find resource [logback-test.xml]
13:56:59,799 |-INFO in ch.qos.logback.classic.LoggerContext[default] - Found resource [logback.xml] at [file:/home/runner/work/key/key/key.core/build/resources/test/logback.xml]
13:56:59,966 |-INFO in ch.qos.logback.core.model.processor.AppenderModelHandler - Processing appender named [STDOUT]
13:56:59,966 |-INFO in ch.qos.logback.core.model.processor.AppenderModelHandler - About to instantiate appender of type [ch.qos.logback.core.ConsoleAppender]
13:56:59,995 |-WARN in ch.qos.logback.core.model.processor.ImplicitModelHandler - Ignoring unknown property [file] in [ch.qos.logback.core.ConsoleAppender]
13:56:59,995 |-WARN in ch.qos.logback.core.model.processor.ImplicitModelHandler - Ignoring unknown property [append] in [ch.qos.logback.core.ConsoleAppender]
13:56:59,996 |-INFO in ch.qos.logback.core.model.processor.ImplicitModelHandler - Assuming default type [ch.qos.logback.classic.encoder.PatternLayoutEncoder] for [encoder] property
13:57:00,048 |-INFO in ch.qos.logback.classic.model.processor.RootLoggerModelHandler - Setting level of ROOT logger to WARN
13:57:00,056 |-INFO in ch.qos.logback.core.model.processor.AppenderRefModelHandler - Attaching appender named [STDOUT] to Logger[ROOT]
13:57:00,056 |-INFO in ch.qos.logback.core.model.processor.DefaultProcessor@24269709 - End of configuration.
13:57:00,057 |-INFO in ch.qos.logback.classic.joran.JoranConfigurator@2aceadd4 - Registering current configuration as safe fallback point

462        WARN  main            d.u.i.k.s.ProofSettings   The settings in /home/runner/.key/proof-settings.props are *not* read. 
Returning from test arithmetic
Running test arrays
14:06:26,759 |-INFO in ch.qos.logback.classic.LoggerContext[default] - This is logback-classic version 1.4.5
14:06:26,790 |-INFO in ch.qos.logback.classic.LoggerContext[default] - Could NOT find resource [logback-test.xml]
14:06:26,809 |-INFO in ch.qos.logback.classic.LoggerContext[default] - Found resource [logback.xml] at [file:/home/runner/work/key/key/key.core/build/resources/test/logback.xml]
14:06:26,986 |-INFO in ch.qos.logback.core.model.processor.AppenderModelHandler - Processing appender named [STDOUT]
14:06:26,986 |-INFO in ch.qos.logback.core.model.processor.AppenderModelHandler - About to instantiate appender of type [ch.qos.logback.core.ConsoleAppender]
14:06:27,006 |-WARN in ch.qos.logback.core.model.processor.ImplicitModelHandler - Ignoring unknown property [file] in [ch.qos.logback.core.ConsoleAppender]
14:06:27,006 |-WARN in ch.qos.logback.core.model.processor.ImplicitModelHandler - Ignoring unknown property [append] in [ch.qos.logback.core.ConsoleAppender]
14:06:27,007 |-INFO in ch.qos.logback.core.model.processor.ImplicitModelHandler - Assuming default type [ch.qos.logback.classic.encoder.PatternLayoutEncoder] for [encoder] property
14:06:27,032 |-INFO in ch.qos.logback.classic.model.processor.RootLoggerModelHandler - Setting level of ROOT logger to WARN
14:06:27,039 |-INFO in ch.qos.logback.core.model.processor.AppenderRefModelHandler - Attaching appender named [STDOUT] to Logger[ROOT]
14:06:27,039 |-INFO in ch.qos.logback.core.model.processor.DefaultProcessor@24269709 - End of configuration.
14:06:27,040 |-INFO in ch.qos.logback.classic.joran.JoranConfigurator@2aceadd4 - Registering current configuration as safe fallback point

460        WARN  main            d.u.i.k.s.ProofSettings   The settings in /home/runner/.key/proof-settings.props are *not* read. 
Returning from test arrays
Running test javadl
14:07:37,867 |-INFO in ch.qos.logback.classic.LoggerContext[default] - This is logback-classic version 1.4.5
14:07:37,905 |-INFO in ch.qos.logback.classic.LoggerContext[default] - Could NOT find resource [logback-test.xml]
14:07:37,926 |-INFO in ch.qos.logback.classic.LoggerContext[default] - Found resource [logback.xml] at [file:/home/runner/work/key/key/key.core/build/resources/test/logback.xml]
14:07:38,119 |-INFO in ch.qos.logback.core.model.processor.AppenderModelHandler - Processing appender named [STDOUT]
14:07:38,119 |-INFO in ch.qos.logback.core.model.processor.AppenderModelHandler - About to instantiate appender of type [ch.qos.logback.core.ConsoleAppender]
14:07:38,136 |-WARN in ch.qos.logback.core.model.processor.ImplicitModelHandler - Ignoring unknown property [file] in [ch.qos.logback.core.ConsoleAppender]
14:07:38,136 |-WARN in ch.qos.logback.core.model.processor.ImplicitModelHandler - Ignoring unknown property [append] in [ch.qos.logback.core.ConsoleAppender]
14:07:38,137 |-INFO in ch.qos.logback.core.model.processor.ImplicitModelHandler - Assuming default type [ch.qos.logback.classic.encoder.PatternLayoutEncoder] for [encoder] property
14:07:38,159 |-INFO in ch.qos.logback.classic.model.processor.RootLoggerModelHandler - Setting level of ROOT logger to WARN
14:07:38,164 |-INFO in ch.qos.logback.core.model.processor.AppenderRefModelHandler - Attaching appender named [STDOUT] to Logger[ROOT]
14:07:38,165 |-INFO in ch.qos.logback.core.model.processor.DefaultProcessor@24269709 - End of configuration.
14:07:38,165 |-INFO in ch.qos.logback.classic.joran.JoranConfigurator@2aceadd4 - Registering current configuration as safe fallback point

477        WARN  main            d.u.i.k.s.ProofSettings   The settings in /home/runner/.key/proof-settings.props are *not* read. 
56004      WARN  main            d.u.i.k.j.r.KeYCrossReferenceNameInfo Datatype java.io.PrintStream declared twice: Once in FILE:/home/runner/work/key/key/key.core/../key.ui/examples/index/.././standard_key/java_dl/./classpath/PrintStream.java and once in URL:file:/home/runner/work/key/key/key.core/build/resources/main/de/uka/ilkd/key/java/JavaRedux/java/io/PrintStream.java, Keeping one from URL:file:/home/runner/work/key/key/key.core/build/resources/main/de/uka/ilkd/key/java/JavaRedux/java/io/PrintStream.java 
56005      WARN  main            d.u.i.k.j.r.KeYCrossReferenceNameInfo Datatype java.io.InputStream declared twice: Once in FILE:/home/runner/work/key/key/key.core/../key.ui/examples/index/.././standard_key/java_dl/./classpath/InputStream.java and once in URL:file:/home/runner/work/key/key/key.core/build/resources/main/de/uka/ilkd/key/java/JavaRedux/java/io/InputStream.java, Keeping one from URL:file:/home/runner/work/key/key/key.core/build/resources/main/de/uka/ilkd/key/java/JavaRedux/java/io/InputStream.java 
56005      WARN  main            d.u.i.k.j.r.KeYCrossReferenceNameInfo Datatype java.lang.System declared twice: Once in FILE:/home/runner/work/key/key/key.core/../key.ui/examples/index/.././standard_key/java_dl/./classpath/System.java and once in URL:file:/home/runner/work/key/key/key.core/build/resources/main/de/uka/ilkd/key/java/JavaRedux/java/lang/System.java, Keeping one from URL:file:/home/runner/work/key/key/key.core/build/resources/main/de/uka/ilkd/key/java/JavaRedux/java/lang/System.java 
59400      WARN  main            d.u.i.k.j.r.KeYCrossReferenceNameInfo Datatype java.io.PrintStream declared twice: Once in FILE:/home/runner/work/key/key/key.core/../key.ui/examples/index/.././standard_key/java_dl/classpath/PrintStream.java and once in URL:file:/home/runner/work/key/key/key.core/build/resources/main/de/uka/ilkd/key/java/JavaRedux/java/io/PrintStream.java, Keeping one from URL:file:/home/runner/work/key/key/key.core/build/resources/main/de/uka/ilkd/key/java/JavaRedux/java/io/PrintStream.java 
59400      WARN  main            d.u.i.k.j.r.KeYCrossReferenceNameInfo Datatype java.io.InputStream declared twice: Once in FILE:/home/runner/work/key/key/key.core/../key.ui/examples/index/.././standard_key/java_dl/classpath/InputStream.java and once in URL:file:/home/runner/work/key/key/key.core/build/resources/main/de/uka/ilkd/key/java/JavaRedux/java/io/InputStream.java, Keeping one from URL:file:/home/runner/work/key/key/key.core/build/resources/main/de/uka/ilkd/key/java/JavaRedux/java/io/InputStream.java 
59400      WARN  main            d.u.i.k.j.r.KeYCrossReferenceNameInfo Datatype java.lang.System declared twice: Once in FILE:/home/runner/work/key/key/key.core/../key.ui/examples/index/.././standard_key/java_dl/classpath/System.java and once in URL:file:/home/runner/work/key/key/key.core/build/resources/main/de/uka/ilkd/key/java/JavaRedux/java/lang/System.java, Keeping one from URL:file:/home/runner/work/key/key/key.core/build/resources/main/de/uka/ilkd/key/java/JavaRedux/java/lang/System.java 
68997      WARN  main            d.u.i.k.j.r.KeYCrossReferenceNameInfo Datatype java.io.PrintStream declared twice: Once in FILE:/home/runner/work/key/key/key.core/../key.ui/examples/index/.././standard_key/java_dl/classpath/PrintStream.java and once in URL:file:/home/runner/work/key/key/key.core/build/resources/main/de/uka/ilkd/key/java/JavaRedux/java/io/PrintStream.java, Keeping one from URL:file:/home/runner/work/key/key/key.core/build/resources/main/de/uka/ilkd/key/java/JavaRedux/java/io/PrintStream.java 
68998      WARN  main            d.u.i.k.j.r.KeYCrossReferenceNameInfo Datatype java.io.InputStream declared twice: Once in FILE:/home/runner/work/key/key/key.core/../key.ui/examples/index/.././standard_key/java_dl/classpath/InputStream.java and once in URL:file:/home/runner/work/key/key/key.core/build/resources/main/de/uka/ilkd/key/java/JavaRedux/java/io/InputStream.java, Keeping one from URL:file:/home/runner/work/key/key/key.core/build/resources/main/de/uka/ilkd/key/java/JavaRedux/java/io/InputStream.java 
68999      WARN  main            d.u.i.k.j.r.KeYCrossReferenceNameInfo Datatype java.lang.System declared twice: Once in FILE:/home/runner/work/key/key/key.core/../key.ui/examples/index/.././standard_key/java_dl/classpath/System.java and once in URL:file:/home/runner/work/key/key/key.core/build/resources/main/de/uka/ilkd/key/java/JavaRedux/java/lang/System.java, Keeping one from URL:file:/home/runner/work/key/key/key.core/build/resources/main/de/uka/ilkd/key/java/JavaRedux/java/lang/System.java 
72310      WARN  main            d.u.i.k.j.r.KeYCrossReferenceNameInfo Datatype java.io.PrintStream declared twice: Once in FILE:/home/runner/work/key/key/key.core/../key.ui/examples/index/.././standard_key/java_dl/classpath/PrintStream.java and once in URL:file:/home/runner/work/key/key/key.core/build/resources/main/de/uka/ilkd/key/java/JavaRedux/java/io/PrintStream.java, Keeping one from URL:file:/home/runner/work/key/key/key.core/build/resources/main/de/uka/ilkd/key/java/JavaRedux/java/io/PrintStream.java 
72318      WARN  main            d.u.i.k.j.r.KeYCrossReferenceNameInfo Datatype java.io.InputStream declared twice: Once in FILE:/home/runner/work/key/key/key.core/../key.ui/examples/index/.././standard_key/java_dl/classpath/InputStream.java and once in URL:file:/home/runner/work/key/key/key.core/build/resources/main/de/uka/ilkd/key/java/JavaRedux/java/io/InputStream.java, Keeping one from URL:file:/home/runner/work/key/key/key.core/build/resources/main/de/uka/ilkd/key/java/JavaRedux/java/io/InputStream.java 
72321      WARN  main            d.u.i.k.j.r.KeYCrossReferenceNameInfo Datatype java.lang.System declared twice: Once in FILE:/home/runner/work/key/key/key.core/../key.ui/examples/index/.././standard_key/java_dl/classpath/System.java and once in URL:file:/home/runner/work/key/key/key.core/build/resources/main/de/uka/ilkd/key/java/JavaRedux/java/lang/System.java, Keeping one from URL:file:/home/runner/work/key/key/key.core/build/resources/main/de/uka/ilkd/key/java/JavaRedux/java/lang/System.java 
97891      WARN  main            d.u.i.k.j.r.KeYCrossReferenceNameInfo Datatype java.io.PrintStream declared twice: Once in FILE:/home/runner/work/key/key/key.core/../key.ui/examples/index/.././standard_key/java_dl/classpath/PrintStream.java and once in URL:file:/home/runner/work/key/key/key.core/build/resources/main/de/uka/ilkd/key/java/JavaRedux/java/io/PrintStream.java, Keeping one from URL:file:/home/runner/work/key/key/key.core/build/resources/main/de/uka/ilkd/key/java/JavaRedux/java/io/PrintStream.java 
97891      WARN  main            d.u.i.k.j.r.KeYCrossReferenceNameInfo Datatype java.io.InputStream declared twice: Once in FILE:/home/runner/work/key/key/key.core/../key.ui/examples/index/.././standard_key/java_dl/classpath/InputStream.java and once in URL:file:/home/runner/work/key/key/key.core/build/resources/main/de/uka/ilkd/key/java/JavaRedux/java/io/InputStream.java, Keeping one from URL:file:/home/runner/work/key/key/key.core/build/resources/main/de/uka/ilkd/key/java/JavaRedux/java/io/InputStream.java 
97891      WARN  main            d.u.i.k.j.r.KeYCrossReferenceNameInfo Datatype java.lang.System declared twice: Once in FILE:/home/runner/work/key/key/key.core/../key.ui/examples/index/.././standard_key/java_dl/classpath/System.java and once in URL:file:/home/runner/work/key/key/key.core/build/resources/main/de/uka/ilkd/key/java/JavaRedux/java/lang/System.java, Keeping one from URL:file:/home/runner/work/key/key/key.core/build/resources/main/de/uka/ilkd/key/java/JavaRedux/java/lang/System.java 
101164     WARN  main            d.u.i.k.j.r.KeYCrossReferenceNameInfo Datatype java.io.PrintStream declared twice: Once in FILE:/home/runner/work/key/key/key.core/../key.ui/examples/index/.././standard_key/java_dl/classpath/PrintStream.java and once in URL:file:/home/runner/work/key/key/key.core/build/resources/main/de/uka/ilkd/key/java/JavaRedux/java/io/PrintStream.java, Keeping one from URL:file:/home/runner/work/key/key/key.core/build/resources/main/de/uka/ilkd/key/java/JavaRedux/java/io/PrintStream.java 
101164     WARN  main            d.u.i.k.j.r.KeYCrossReferenceNameInfo Datatype java.io.InputStream declared twice: Once in FILE:/home/runner/work/key/key/key.core/../key.ui/examples/index/.././standard_key/java_dl/classpath/InputStream.java and once in URL:file:/home/runner/work/key/key/key.core/build/resources/main/de/uka/ilkd/key/java/JavaRedux/java/io/InputStream.java, Keeping one from URL:file:/home/runner/work/key/key/key.core/build/resources/main/de/uka/ilkd/key/java/JavaRedux/java/io/InputStream.java 
101165     WARN  main            d.u.i.k.j.r.KeYCrossReferenceNameInfo Datatype java.lang.System declared twice: Once in FILE:/home/runner/work/key/key/key.core/../key.ui/examples/index/.././standard_key/java_dl/classpath/System.java and once in URL:file:/home/runner/work/key/key/key.core/build/resources/main/de/uka/ilkd/key/java/JavaRedux/java/lang/System.java, Keeping one from URL:file:/home/runner/work/key/key/key.core/build/resources/main/de/uka/ilkd/key/java/JavaRedux/java/lang/System.java 
104187     WARN  main            d.u.i.k.j.r.KeYCrossReferenceNameInfo Datatype java.io.PrintStream declared twice: Once in FILE:/home/runner/work/key/key/key.core/../key.ui/examples/index/.././standard_key/java_dl/classpath/PrintStream.java and once in URL:file:/home/runner/work/key/key/key.core/build/resources/main/de/uka/ilkd/key/java/JavaRedux/java/io/PrintStream.java, Keeping one from URL:file:/home/runner/work/key/key/key.core/build/resources/main/de/uka/ilkd/key/java/JavaRedux/java/io/PrintStream.java 
104187     WARN  main            d.u.i.k.j.r.KeYCrossReferenceNameInfo Datatype java.io.InputStream declared twice: Once in FILE:/home/runner/work/key/key/key.core/../key.ui/examples/index/.././standard_key/java_dl/classpath/InputStream.java and once in URL:file:/home/runner/work/key/key/key.core/build/resources/main/de/uka/ilkd/key/java/JavaRedux/java/io/InputStream.java, Keeping one from URL:file:/home/runner/work/key/key/key.core/build/resources/main/de/uka/ilkd/key/java/JavaRedux/java/io/InputStream.java 
104188     WARN  main            d.u.i.k.j.r.KeYCrossReferenceNameInfo Datatype java.lang.System declared twice: Once in FILE:/home/runner/work/key/key/key.core/../key.ui/examples/index/.././standard_key/java_dl/classpath/System.java and once in URL:file:/home/runner/work/key/key/key.core/build/resources/main/de/uka/ilkd/key/java/JavaRedux/java/lang/System.java, Keeping one from URL:file:/home/runner/work/key/key/key.core/build/resources/main/de/uka/ilkd/key/java/JavaRedux/java/lang/System.java 
107729     WARN  main            d.u.i.k.j.r.KeYCrossReferenceNameInfo Datatype java.io.PrintStream declared twice: Once in FILE:/home/runner/work/key/key/key.core/../key.ui/examples/index/.././standard_key/java_dl/classpath/PrintStream.java and once in URL:file:/home/runner/work/key/key/key.core/build/resources/main/de/uka/ilkd/key/java/JavaRedux/java/io/PrintStream.java, Keeping one from URL:file:/home/runner/work/key/key/key.core/build/resources/main/de/uka/ilkd/key/java/JavaRedux/java/io/PrintStream.java 
107729     WARN  main            d.u.i.k.j.r.KeYCrossReferenceNameInfo Datatype java.io.InputStream declared twice: Once in FILE:/home/runner/work/key/key/key.core/../key.ui/examples/index/.././standard_key/java_dl/classpath/InputStream.java and once in URL:file:/home/runner/work/key/key/key.core/build/resources/main/de/uka/ilkd/key/java/JavaRedux/java/io/InputStream.java, Keeping one from URL:file:/home/runner/work/key/key/key.core/build/resources/main/de/uka/ilkd/key/java/JavaRedux/java/io/InputStream.java 
107729     WARN  main            d.u.i.k.j.r.KeYCrossReferenceNameInfo Datatype java.lang.System declared twice: Once in FILE:/home/runner/work/key/key/key.core/../key.ui/examples/index/.././standard_key/java_dl/classpath/System.java and once in URL:file:/home/runner/work/key/key/key.core/build/resources/main/de/uka/ilkd/key/java/JavaRedux/java/lang/System.java, Keeping one from URL:file:/home/runner/work/key/key/key.core/build/resources/main/de/uka/ilkd/key/java/JavaRedux/java/lang/System.java 
152564     WARN  main            d.u.i.k.j.r.KeYCrossReferenceNameInfo Datatype java.io.PrintStream declared twice: Once in FILE:/home/runner/work/key/key/key.core/../key.ui/examples/index/.././standard_key/java_dl/classpath/PrintStream.java and once in URL:file:/home/runner/work/key/key/key.core/build/resources/main/de/uka/ilkd/key/java/JavaRedux/java/io/PrintStream.java, Keeping one from URL:file:/home/runner/work/key/key/key.core/build/resources/main/de/uka/ilkd/key/java/JavaRedux/java/io/PrintStream.java 
152566     WARN  main            d.u.i.k.j.r.KeYCrossReferenceNameInfo Datatype java.io.InputStream declared twice: Once in FILE:/home/runner/work/key/key/key.core/../key.ui/examples/index/.././standard_key/java_dl/classpath/InputStream.java and once in URL:file:/home/runner/work/key/key/key.core/build/resources/main/de/uka/ilkd/key/java/JavaRedux/java/io/InputStream.java, Keeping one from URL:file:/home/runner/work/key/key/key.core/build/resources/main/de/uka/ilkd/key/java/JavaRedux/java/io/InputStream.java 
152566     WARN  main            d.u.i.k.j.r.KeYCrossReferenceNameInfo Datatype java.lang.System declared twice: Once in FILE:/home/runner/work/key/key/key.core/../key.ui/examples/index/.././standard_key/java_dl/classpath/System.java and once in URL:file:/home/runner/work/key/key/key.core/build/resources/main/de/uka/ilkd/key/java/JavaRedux/java/lang/System.java, Keeping one from URL:file:/home/runner/work/key/key/key.core/build/resources/main/de/uka/ilkd/key/java/JavaRedux/java/lang/System.java 
156001     WARN  main            d.u.i.k.j.r.KeYCrossReferenceNameInfo Datatype java.io.PrintStream declared twice: Once in FILE:/home/runner/work/key/key/key.core/../key.ui/examples/index/.././standard_key/java_dl/classpath/PrintStream.java and once in URL:file:/home/runner/work/key/key/key.core/build/resources/main/de/uka/ilkd/key/java/JavaRedux/java/io/PrintStream.java, Keeping one from URL:file:/home/runner/work/key/key/key.core/build/resources/main/de/uka/ilkd/key/java/JavaRedux/java/io/PrintStream.java 
156001     WARN  main            d.u.i.k.j.r.KeYCrossReferenceNameInfo Datatype java.io.InputStream declared twice: Once in FILE:/home/runner/work/key/key/key.core/../key.ui/examples/index/.././standard_key/java_dl/classpath/InputStream.java and once in URL:file:/home/runner/work/key/key/key.core/build/resources/main/de/uka/ilkd/key/java/JavaRedux/java/io/InputStream.java, Keeping one from URL:file:/home/runner/work/key/key/key.core/build/resources/main/de/uka/ilkd/key/java/JavaRedux/java/io/InputStream.java 
156002     WARN  main            d.u.i.k.j.r.KeYCrossReferenceNameInfo Datatype java.lang.System declared twice: Once in FILE:/home/runner/work/key/key/key.core/../key.ui/examples/index/.././standard_key/java_dl/classpath/System.java and once in URL:file:/home/runner/work/key/key/key.core/build/resources/main/de/uka/ilkd/key/java/JavaRedux/java/lang/System.java, Keeping one from URL:file:/home/runner/work/key/key/key.core/build/resources/main/de/uka/ilkd/key/java/JavaRedux/java/lang/System.java 
171424     WARN  main            d.u.i.k.j.r.KeYCrossReferenceNameInfo Datatype java.io.PrintStream declared twice: Once in FILE:/home/runner/work/key/key/key.core/../key.ui/examples/index/.././standard_key/java_dl/classpath/PrintStream.java and once in URL:file:/home/runner/work/key/key/key.core/build/resources/main/de/uka/ilkd/key/java/JavaRedux/java/io/PrintStream.java, Keeping one from URL:file:/home/runner/work/key/key/key.core/build/resources/main/de/uka/ilkd/key/java/JavaRedux/java/io/PrintStream.java 
171425     WARN  main            d.u.i.k.j.r.KeYCrossReferenceNameInfo Datatype java.io.InputStream declared twice: Once in FILE:/home/runner/work/key/key/key.core/../key.ui/examples/index/.././standard_key/java_dl/classpath/InputStream.java and once in URL:file:/home/runner/work/key/key/key.core/build/resources/main/de/uka/ilkd/key/java/JavaRedux/java/io/InputStream.java, Keeping one from URL:file:/home/runner/work/key/key/key.core/build/resources/main/de/uka/ilkd/key/java/JavaRedux/java/io/InputStream.java 
171425     WARN  main            d.u.i.k.j.r.KeYCrossReferenceNameInfo Datatype java.lang.System declared twice: Once in FILE:/home/runner/work/key/key/key.core/../key.ui/examples/index/.././standard_key/java_dl/classpath/System.java and once in URL:file:/home/runner/work/key/key/key.core/build/resources/main/de/uka/ilkd/key/java/JavaRedux/java/lang/System.java, Keeping one from URL:file:/home/runner/work/key/key/key.core/build/resources/main/de/uka/ilkd/key/java/JavaRedux/java/lang/System.java 
174739     WARN  main            d.u.i.k.j.r.KeYCrossReferenceNameInfo Datatype java.io.PrintStream declared twice: Once in FILE:/home/runner/work/key/key/key.core/../key.ui/examples/index/.././standard_key/java_dl/classpath/PrintStream.java and once in URL:file:/home/runner/work/key/key/key.core/build/resources/main/de/uka/ilkd/key/java/JavaRedux/java/io/PrintStream.java, Keeping one from URL:file:/home/runner/work/key/key/key.core/build/resources/main/de/uka/ilkd/key/java/JavaRedux/java/io/PrintStream.java 
174741     WARN  main            d.u.i.k.j.r.KeYCrossReferenceNameInfo Datatype java.io.InputStream declared twice: Once in FILE:/home/runner/work/key/key/key.core/../key.ui/examples/index/.././standard_key/java_dl/classpath/InputStream.java and once in URL:file:/home/runner/work/key/key/key.core/build/resources/main/de/uka/ilkd/key/java/JavaRedux/java/io/InputStream.java, Keeping one from URL:file:/home/runner/work/key/key/key.core/build/resources/main/de/uka/ilkd/key/java/JavaRedux/java/io/InputStream.java 
174741     WARN  main            d.u.i.k.j.r.KeYCrossReferenceNameInfo Datatype java.lang.System declared twice: Once in FILE:/home/runner/work/key/key/key.core/../key.ui/examples/index/.././standard_key/java_dl/classpath/System.java and once in URL:file:/home/runner/work/key/key/key.core/build/resources/main/de/uka/ilkd/key/java/JavaRedux/java/lang/System.java, Keeping one from URL:file:/home/runner/work/key/key/key.core/build/resources/main/de/uka/ilkd/key/java/JavaRedux/java/lang/System.java 
431345     WARN  main            d.u.i.k.j.r.KeYCrossReferenceNameInfo Datatype java.io.PrintStream declared twice: Once in FILE:/home/runner/work/key/key/key.core/../key.ui/examples/index/.././standard_key/java_dl/./classpath/PrintStream.java and once in URL:file:/home/runner/work/key/key/key.core/build/resources/main/de/uka/ilkd/key/java/JavaRedux/java/io/PrintStream.java, Keeping one from URL:file:/home/runner/work/key/key/key.core/build/resources/main/de/uka/ilkd/key/java/JavaRedux/java/io/PrintStream.java 
431346     WARN  main            d.u.i.k.j.r.KeYCrossReferenceNameInfo Datatype java.io.InputStream declared twice: Once in FILE:/home/runner/work/key/key/key.core/../key.ui/examples/index/.././standard_key/java_dl/./classpath/InputStream.java and once in URL:file:/home/runner/work/key/key/key.core/build/resources/main/de/uka/ilkd/key/java/JavaRedux/java/io/InputStream.java, Keeping one from URL:file:/home/runner/work/key/key/key.core/build/resources/main/de/uka/ilkd/key/java/JavaRedux/java/io/InputStream.java 
431346     WARN  main            d.u.i.k.j.r.KeYCrossReferenceNameInfo Datatype java.lang.System declared twice: Once in FILE:/home/runner/work/key/key/key.core/../key.ui/examples/index/.././standard_key/java_dl/./classpath/System.java and once in URL:file:/home/runner/work/key/key/key.core/build/resources/main/de/uka/ilkd/key/java/JavaRedux/java/lang/System.java, Keeping one from URL:file:/home/runner/work/key/key/key.core/build/resources/main/de/uka/ilkd/key/java/JavaRedux/java/lang/System.java 
440251     WARN  main            d.u.i.k.j.r.KeYCrossReferenceNameInfo Datatype java.io.PrintStream declared twice: Once in FILE:/home/runner/work/key/key/key.core/../key.ui/examples/index/.././standard_key/java_dl/classpath/PrintStream.java and once in URL:file:/home/runner/work/key/key/key.core/build/resources/main/de/uka/ilkd/key/java/JavaRedux/java/io/PrintStream.java, Keeping one from URL:file:/home/runner/work/key/key/key.core/build/resources/main/de/uka/ilkd/key/java/JavaRedux/java/io/PrintStream.java 
440252     WARN  main            d.u.i.k.j.r.KeYCrossReferenceNameInfo Datatype java.io.InputStream declared twice: Once in FILE:/home/runner/work/key/key/key.core/../key.ui/examples/index/.././standard_key/java_dl/classpath/InputStream.java and once in URL:file:/home/runner/work/key/key/key.core/build/resources/main/de/uka/ilkd/key/java/JavaRedux/java/io/InputStream.java, Keeping one from URL:file:/home/runner/work/key/key/key.core/build/resources/main/de/uka/ilkd/key/java/JavaRedux/java/io/InputStream.java 
440252     WARN  main            d.u.i.k.j.r.KeYCrossReferenceNameInfo Datatype java.lang.System declared twice: Once in FILE:/home/runner/work/key/key/key.core/../key.ui/examples/index/.././standard_key/java_dl/classpath/System.java and once in URL:file:/home/runner/work/key/key/key.core/build/resources/main/de/uka/ilkd/key/java/JavaRedux/java/lang/System.java, Keeping one from URL:file:/home/runner/work/key/key/key.core/build/resources/main/de/uka/ilkd/key/java/JavaRedux/java/lang/System.java 
443956     WARN  main            d.u.i.k.j.r.KeYCrossReferenceNameInfo Datatype java.io.PrintStream declared twice: Once in FILE:/home/runner/work/key/key/key.core/../key.ui/examples/index/.././standard_key/java_dl/classpath/PrintStream.java and once in URL:file:/home/runner/work/key/key/key.core/build/resources/main/de/uka/ilkd/key/java/JavaRedux/java/io/PrintStream.java, Keeping one from URL:file:/home/runner/work/key/key/key.core/build/resources/main/de/uka/ilkd/key/java/JavaRedux/java/io/PrintStream.java 
443956     WARN  main            d.u.i.k.j.r.KeYCrossReferenceNameInfo Datatype java.io.InputStream declared twice: Once in FILE:/home/runner/work/key/key/key.core/../key.ui/examples/index/.././standard_key/java_dl/classpath/InputStream.java and once in URL:file:/home/runner/work/key/key/key.core/build/resources/main/de/uka/ilkd/key/java/JavaRedux/java/io/InputStream.java, Keeping one from URL:file:/home/runner/work/key/key/key.core/build/resources/main/de/uka/ilkd/key/java/JavaRedux/java/io/InputStream.java 
443956     WARN  main            d.u.i.k.j.r.KeYCrossReferenceNameInfo Datatype java.lang.System declared twice: Once in FILE:/home/runner/work/key/key/key.core/../key.ui/examples/index/.././standard_key/java_dl/classpath/System.java and once in URL:file:/home/runner/work/key/key/key.core/build/resources/main/de/uka/ilkd/key/java/JavaRedux/java/lang/System.java, Keeping one from URL:file:/home/runner/work/key/key/key.core/build/resources/main/de/uka/ilkd/key/java/JavaRedux/java/lang/System.java 
449141     WARN  main            d.u.i.k.j.r.KeYCrossReferenceNameInfo Datatype java.io.PrintStream declared twice: Once in FILE:/home/runner/work/key/key/key.core/../key.ui/examples/index/.././standard_key/java_dl/classpath/PrintStream.java and once in URL:file:/home/runner/work/key/key/key.core/build/resources/main/de/uka/ilkd/key/java/JavaRedux/java/io/PrintStream.java, Keeping one from URL:file:/home/runner/work/key/key/key.core/build/resources/main/de/uka/ilkd/key/java/JavaRedux/java/io/PrintStream.java 
449142     WARN  main            d.u.i.k.j.r.KeYCrossReferenceNameInfo Datatype java.io.InputStream declared twice: Once in FILE:/home/runner/work/key/key/key.core/../key.ui/examples/index/.././standard_key/java_dl/classpath/InputStream.java and once in URL:file:/home/runner/work/key/key/key.core/build/resources/main/de/uka/ilkd/key/java/JavaRedux/java/io/InputStream.java, Keeping one from URL:file:/home/runner/work/key/key/key.core/build/resources/main/de/uka/ilkd/key/java/JavaRedux/java/io/InputStream.java 
449142     WARN  main            d.u.i.k.j.r.KeYCrossReferenceNameInfo Datatype java.lang.System declared twice: Once in FILE:/home/runner/work/key/key/key.core/../key.ui/examples/index/.././standard_key/java_dl/classpath/System.java and once in URL:file:/home/runner/work/key/key/key.core/build/resources/main/de/uka/ilkd/key/java/JavaRedux/java/lang/System.java, Keeping one from URL:file:/home/runner/work/key/key/key.core/build/resources/main/de/uka/ilkd/key/java/JavaRedux/java/lang/System.java 
607785     WARN  main            d.u.i.k.j.r.KeYCrossReferenceNameInfo Datatype java.io.PrintStream declared twice: Once in FILE:/home/runner/work/key/key/key.core/../key.ui/examples/index/.././standard_key/java_dl/classpath/PrintStream.java and once in URL:file:/home/runner/work/key/key/key.core/build/resources/main/de/uka/ilkd/key/java/JavaRedux/java/io/PrintStream.java, Keeping one from URL:file:/home/runner/work/key/key/key.core/build/resources/main/de/uka/ilkd/key/java/JavaRedux/java/io/PrintStream.java 
607786     WARN  main            d.u.i.k.j.r.KeYCrossReferenceNameInfo Datatype java.io.InputStream declared twice: Once in FILE:/home/runner/work/key/key/key.core/../key.ui/examples/index/.././standard_key/java_dl/classpath/InputStream.java and once in URL:file:/home/runner/work/key/key/key.core/build/resources/main/de/uka/ilkd/key/java/JavaRedux/java/io/InputStream.java, Keeping one from URL:file:/home/runner/work/key/key/key.core/build/resources/main/de/uka/ilkd/key/java/JavaRedux/java/io/InputStream.java 
607786     WARN  main            d.u.i.k.j.r.KeYCrossReferenceNameInfo Datatype java.lang.System declared twice: Once in FILE:/home/runner/work/key/key/key.core/../key.ui/examples/index/.././standard_key/java_dl/classpath/System.java and once in URL:file:/home/runner/work/key/key/key.core/build/resources/main/de/uka/ilkd/key/java/JavaRedux/java/lang/System.java, Keeping one from URL:file:/home/runner/work/key/key/key.core/build/resources/main/de/uka/ilkd/key/java/JavaRedux/java/lang/System.java 
611704     WARN  main            d.u.i.k.j.r.KeYCrossReferenceNameInfo Datatype java.io.PrintStream declared twice: Once in FILE:/home/runner/work/key/key/key.core/../key.ui/examples/index/.././standard_key/java_dl/classpath/PrintStream.java and once in URL:file:/home/runner/work/key/key/key.core/build/resources/main/de/uka/ilkd/key/java/JavaRedux/java/io/PrintStream.java, Keeping one from URL:file:/home/runner/work/key/key/key.core/build/resources/main/de/uka/ilkd/key/java/JavaRedux/java/io/PrintStream.java 
611705     WARN  main            d.u.i.k.j.r.KeYCrossReferenceNameInfo Datatype java.io.InputStream declared twice: Once in FILE:/home/runner/work/key/key/key.core/../key.ui/examples/index/.././standard_key/java_dl/classpath/InputStream.java and once in URL:file:/home/runner/work/key/key/key.core/build/resources/main/de/uka/ilkd/key/java/JavaRedux/java/io/InputStream.java, Keeping one from URL:file:/home/runner/work/key/key/key.core/build/resources/main/de/uka/ilkd/key/java/JavaRedux/java/io/InputStream.java 
611705     WARN  main            d.u.i.k.j.r.KeYCrossReferenceNameInfo Datatype java.lang.System declared twice: Once in FILE:/home/runner/work/key/key/key.core/../key.ui/examples/index/.././standard_key/java_dl/classpath/System.java and once in URL:file:/home/runner/work/key/key/key.core/build/resources/main/de/uka/ilkd/key/java/JavaRedux/java/lang/System.java, Keeping one from URL:file:/home/runner/work/key/key/key.core/build/resources/main/de/uka/ilkd/key/java/JavaRedux/java/lang/System.java 
614567     WARN  main            d.u.i.k.j.r.KeYCrossReferenceNameInfo Datatype java.io.PrintStream declared twice: Once in FILE:/home/runner/work/key/key/key.core/../key.ui/examples/index/.././standard_key/staticInitialisation/classpath/PrintStream.java and once in URL:file:/home/runner/work/key/key/key.core/build/resources/main/de/uka/ilkd/key/java/JavaRedux/java/io/PrintStream.java, Keeping one from URL:file:/home/runner/work/key/key/key.core/build/resources/main/de/uka/ilkd/key/java/JavaRedux/java/io/PrintStream.java 
614568     WARN  main            d.u.i.k.j.r.KeYCrossReferenceNameInfo Datatype java.lang.System declared twice: Once in FILE:/home/runner/work/key/key/key.core/../key.ui/examples/index/.././standard_key/staticInitialisation/classpath/System.java and once in URL:file:/home/runner/work/key/key/key.core/build/resources/main/de/uka/ilkd/key/java/JavaRedux/java/lang/System.java, Keeping one from URL:file:/home/runner/work/key/key/key.core/build/resources/main/de/uka/ilkd/key/java/JavaRedux/java/lang/System.java 
618936     WARN  main            d.u.i.k.j.r.KeYCrossReferenceNameInfo Datatype java.io.PrintStream declared twice: Once in FILE:/home/runner/work/key/key/key.core/../key.ui/examples/index/.././standard_key/staticInitialisation/classpath/PrintStream.java and once in URL:file:/home/runner/work/key/key/key.core/build/resources/main/de/uka/ilkd/key/java/JavaRedux/java/io/PrintStream.java, Keeping one from URL:file:/home/runner/work/key/key/key.core/build/resources/main/de/uka/ilkd/key/java/JavaRedux/java/io/PrintStream.java 
618936     WARN  main            d.u.i.k.j.r.KeYCrossReferenceNameInfo Datatype java.lang.System declared twice: Once in FILE:/home/runner/work/key/key/key.core/../key.ui/examples/index/.././standard_key/staticInitialisation/classpath/System.java and once in URL:file:/home/runner/work/key/key/key.core/build/resources/main/de/uka/ilkd/key/java/JavaRedux/java/lang/System.java, Keeping one from URL:file:/home/runner/work/key/key/key.core/build/resources/main/de/uka/ilkd/key/java/JavaRedux/java/lang/System.java 
621907     WARN  main            d.u.i.k.j.r.KeYCrossReferenceNameInfo Datatype java.io.PrintStream declared twice: Once in FILE:/home/runner/work/key/key/key.core/../key.ui/examples/index/.././standard_key/staticInitialisation/classpath/PrintStream.java and once in URL:file:/home/runner/work/key/key/key.core/build/resources/main/de/uka/ilkd/key/java/JavaRedux/java/io/PrintStream.java, Keeping one from URL:file:/home/runner/work/key/key/key.core/build/resources/main/de/uka/ilkd/key/java/JavaRedux/java/io/PrintStream.java 
621907     WARN  main            d.u.i.k.j.r.KeYCrossReferenceNameInfo Datatype java.lang.System declared twice: Once in FILE:/home/runner/work/key/key/key.core/../key.ui/examples/index/.././standard_key/staticInitialisation/classpath/System.java and once in URL:file:/home/runner/work/key/key/key.core/build/resources/main/de/uka/ilkd/key/java/JavaRedux/java/lang/System.java, Keeping one from URL:file:/home/runner/work/key/key/key.core/build/resources/main/de/uka/ilkd/key/java/JavaRedux/java/lang/System.java 
625482     WARN  main            d.u.i.k.j.r.KeYCrossReferenceNameInfo Datatype java.io.PrintStream declared twice: Once in FILE:/home/runner/work/key/key/key.core/../key.ui/examples/index/.././standard_key/staticInitialisation/classpath/PrintStream.java and once in URL:file:/home/runner/work/key/key/key.core/build/resources/main/de/uka/ilkd/key/java/JavaRedux/java/io/PrintStream.java, Keeping one from URL:file:/home/runner/work/key/key/key.core/build/resources/main/de/uka/ilkd/key/java/JavaRedux/java/io/PrintStream.java 
625482     WARN  main            d.u.i.k.j.r.KeYCrossReferenceNameInfo Datatype java.lang.System declared twice: Once in FILE:/home/runner/work/key/key/key.core/../key.ui/examples/index/.././standard_key/staticInitialisation/classpath/System.java and once in URL:file:/home/runner/work/key/key/key.core/build/resources/main/de/uka/ilkd/key/java/JavaRedux/java/lang/System.java, Keeping one from URL:file:/home/runner/work/key/key/key.core/build/resources/main/de/uka/ilkd/key/java/JavaRedux/java/lang/System.java 
628410     WARN  main            d.u.i.k.j.r.KeYCrossReferenceNameInfo Datatype java.io.PrintStream declared twice: Once in FILE:/home/runner/work/key/key/key.core/../key.ui/examples/index/.././standard_key/staticInitialisation/classpath/PrintStream.java and once in URL:file:/home/runner/work/key/key/key.core/build/resources/main/de/uka/ilkd/key/java/JavaRedux/java/io/PrintStream.java, Keeping one from URL:file:/home/runner/work/key/key/key.core/build/resources/main/de/uka/ilkd/key/java/JavaRedux/java/io/PrintStream.java 
628411     WARN  main            d.u.i.k.j.r.KeYCrossReferenceNameInfo Datatype java.lang.System declared twice: Once in FILE:/home/runner/work/key/key/key.core/../key.ui/examples/index/.././standard_key/staticInitialisation/classpath/System.java and once in URL:file:/home/runner/work/key/key/key.core/build/resources/main/de/uka/ilkd/key/java/JavaRedux/java/lang/System.java, Keeping one from URL:file:/home/runner/work/key/key/key.core/build/resources/main/de/uka/ilkd/key/java/JavaRedux/java/lang/System.java 
631916     WARN  main            d.u.i.k.j.r.KeYCrossReferenceNameInfo Datatype java.io.PrintStream declared twice: Once in FILE:/home/runner/work/key/key/key.core/../key.ui/examples/index/.././standard_key/staticInitialisation/classpath/PrintStream.java and once in URL:file:/home/runner/work/key/key/key.core/build/resources/main/de/uka/ilkd/key/java/JavaRedux/java/io/PrintStream.java, Keeping one from URL:file:/home/runner/work/key/key/key.core/build/resources/main/de/uka/ilkd/key/java/JavaRedux/java/io/PrintStream.java 
631917     WARN  main            d.u.i.k.j.r.KeYCrossReferenceNameInfo Datatype java.lang.System declared twice: Once in FILE:/home/runner/work/key/key/key.core/../key.ui/examples/index/.././standard_key/staticInitialisation/classpath/System.java and once in URL:file:/home/runner/work/key/key/key.core/build/resources/main/de/uka/ilkd/key/java/JavaRedux/java/lang/System.java, Keeping one from URL:file:/home/runner/work/key/key/key.core/build/resources/main/de/uka/ilkd/key/java/JavaRedux/java/lang/System.java 
634731     WARN  main            d.u.i.k.j.r.KeYCrossReferenceNameInfo Datatype java.io.PrintStream declared twice: Once in FILE:/home/runner/work/key/key/key.core/../key.ui/examples/index/.././standard_key/staticInitialisation/classpath/PrintStream.java and once in URL:file:/home/runner/work/key/key/key.core/build/resources/main/de/uka/ilkd/key/java/JavaRedux/java/io/PrintStream.java, Keeping one from URL:file:/home/runner/work/key/key/key.core/build/resources/main/de/uka/ilkd/key/java/JavaRedux/java/io/PrintStream.java 
634732     WARN  main            d.u.i.k.j.r.KeYCrossReferenceNameInfo Datatype java.lang.System declared twice: Once in FILE:/home/runner/work/key/key/key.core/../key.ui/examples/index/.././standard_key/staticInitialisation/classpath/System.java and once in URL:file:/home/runner/work/key/key/key.core/build/resources/main/de/uka/ilkd/key/java/JavaRedux/java/lang/System.java, Keeping one from URL:file:/home/runner/work/key/key/key.core/build/resources/main/de/uka/ilkd/key/java/JavaRedux/java/lang/System.java 
638447     WARN  main            d.u.i.k.j.r.KeYCrossReferenceNameInfo Datatype java.io.PrintStream declared twice: Once in FILE:/home/runner/work/key/key/key.core/../key.ui/examples/index/.././standard_key/staticInitialisation/classpath/PrintStream.java and once in URL:file:/home/runner/work/key/key/key.core/build/resources/main/de/uka/ilkd/key/java/JavaRedux/java/io/PrintStream.java, Keeping one from URL:file:/home/runner/work/key/key/key.core/build/resources/main/de/uka/ilkd/key/java/JavaRedux/java/io/PrintStream.java 
638447     WARN  main            d.u.i.k.j.r.KeYCrossReferenceNameInfo Datatype java.lang.System declared twice: Once in FILE:/home/runner/work/key/key/key.core/../key.ui/examples/index/.././standard_key/staticInitialisation/classpath/System.java and once in URL:file:/home/runner/work/key/key/key.core/build/resources/main/de/uka/ilkd/key/java/JavaRedux/java/lang/System.java, Keeping one from URL:file:/home/runner/work/key/key/key.core/build/resources/main/de/uka/ilkd/key/java/JavaRedux/java/lang/System.java 
641332     WARN  main            d.u.i.k.j.r.KeYCrossReferenceNameInfo Datatype java.io.PrintStream declared twice: Once in FILE:/home/runner/work/key/key/key.core/../key.ui/examples/index/.././standard_key/staticInitialisation/classpath/PrintStream.java and once in URL:file:/home/runner/work/key/key/key.core/build/resources/main/de/uka/ilkd/key/java/JavaRedux/java/io/PrintStream.java, Keeping one from URL:file:/home/runner/work/key/key/key.core/build/resources/main/de/uka/ilkd/key/java/JavaRedux/java/io/PrintStream.java 
641332     WARN  main            d.u.i.k.j.r.KeYCrossReferenceNameInfo Datatype java.lang.System declared twice: Once in FILE:/home/runner/work/key/key/key.core/../key.ui/examples/index/.././standard_key/staticInitialisation/classpath/System.java and once in URL:file:/home/runner/work/key/key/key.core/build/resources/main/de/uka/ilkd/key/java/JavaRedux/java/lang/System.java, Keeping one from URL:file:/home/runner/work/key/key/key.core/build/resources/main/de/uka/ilkd/key/java/JavaRedux/java/lang/System.java 
645162     WARN  main            d.u.i.k.j.r.KeYCrossReferenceNameInfo Datatype java.io.PrintStream declared twice: Once in FILE:/home/runner/work/key/key/key.core/../key.ui/examples/index/.././standard_key/staticInitialisation/classpath/PrintStream.java and once in URL:file:/home/runner/work/key/key/key.core/build/resources/main/de/uka/ilkd/key/java/JavaRedux/java/io/PrintStream.java, Keeping one from URL:file:/home/runner/work/key/key/key.core/build/resources/main/de/uka/ilkd/key/java/JavaRedux/java/io/PrintStream.java 
645163     WARN  main            d.u.i.k.j.r.KeYCrossReferenceNameInfo Datatype java.lang.System declared twice: Once in FILE:/home/runner/work/key/key/key.core/../key.ui/examples/index/.././standard_key/staticInitialisation/classpath/System.java and once in URL:file:/home/runner/work/key/key/key.core/build/resources/main/de/uka/ilkd/key/java/JavaRedux/java/lang/System.java, Keeping one from URL:file:/home/runner/work/key/key/key.core/build/resources/main/de/uka/ilkd/key/java/JavaRedux/java/lang/System.java 
648035     WARN  main            d.u.i.k.j.r.KeYCrossReferenceNameInfo Datatype java.io.PrintStream declared twice: Once in FILE:/home/runner/work/key/key/key.core/../key.ui/examples/index/.././standard_key/staticInitialisation/classpath/PrintStream.java and once in URL:file:/home/runner/work/key/key/key.core/build/resources/main/de/uka/ilkd/key/java/JavaRedux/java/io/PrintStream.java, Keeping one from URL:file:/home/runner/work/key/key/key.core/build/resources/main/de/uka/ilkd/key/java/JavaRedux/java/io/PrintStream.java 
648035     WARN  main            d.u.i.k.j.r.KeYCrossReferenceNameInfo Datatype java.lang.System declared twice: Once in FILE:/home/runner/work/key/key/key.core/../key.ui/examples/index/.././standard_key/staticInitialisation/classpath/System.java and once in URL:file:/home/runner/work/key/key/key.core/build/resources/main/de/uka/ilkd/key/java/JavaRedux/java/lang/System.java, Keeping one from URL:file:/home/runner/work/key/key/key.core/build/resources/main/de/uka/ilkd/key/java/JavaRedux/java/lang/System.java 
667070     WARN  main            d.u.i.k.j.r.KeYCrossReferenceNameInfo Datatype java.io.PrintStream declared twice: Once in FILE:/home/runner/work/key/key/key.core/../key.ui/examples/index/.././standard_key/staticInitialisation/classpath/PrintStream.java and once in URL:file:/home/runner/work/key/key/key.core/build/resources/main/de/uka/ilkd/key/java/JavaRedux/java/io/PrintStream.java, Keeping one from URL:file:/home/runner/work/key/key/key.core/build/resources/main/de/uka/ilkd/key/java/JavaRedux/java/io/PrintStream.java 
667070     WARN  main            d.u.i.k.j.r.KeYCrossReferenceNameInfo Datatype java.lang.System declared twice: Once in FILE:/home/runner/work/key/key/key.core/../key.ui/examples/index/.././standard_key/staticInitialisation/classpath/System.java and once in URL:file:/home/runner/work/key/key/key.core/build/resources/main/de/uka/ilkd/key/java/JavaRedux/java/lang/System.java, Keeping one from URL:file:/home/runner/work/key/key/key.core/build/resources/main/de/uka/ilkd/key/java/JavaRedux/java/lang/System.java 
672476     WARN  main            d.u.i.k.j.r.KeYCrossReferenceNameInfo Datatype java.io.PrintStream declared twice: Once in FILE:/home/runner/work/key/key/key.core/../key.ui/examples/index/.././standard_key/staticInitialisation/classpath/PrintStream.java and once in URL:file:/home/runner/work/key/key/key.core/build/resources/main/de/uka/ilkd/key/java/JavaRedux/java/io/PrintStream.java, Keeping one from URL:file:/home/runner/work/key/key/key.core/build/resources/main/de/uka/ilkd/key/java/JavaRedux/java/io/PrintStream.java 
672477     WARN  main            d.u.i.k.j.r.KeYCrossReferenceNameInfo Datatype java.lang.System declared twice: Once in FILE:/home/runner/work/key/key/key.core/../key.ui/examples/index/.././standard_key/staticInitialisation/classpath/System.java and once in URL:file:/home/runner/work/key/key/key.core/build/resources/main/de/uka/ilkd/key/java/JavaRedux/java/lang/System.java, Keeping one from URL:file:/home/runner/work/key/key/key.core/build/resources/main/de/uka/ilkd/key/java/JavaRedux/java/lang/System.java 
676504     WARN  main            d.u.i.k.j.r.KeYCrossReferenceNameInfo Datatype java.io.PrintStream declared twice: Once in FILE:/home/runner/work/key/key/key.core/../key.ui/examples/index/.././standard_key/staticInitialisation/classpath/PrintStream.java and once in URL:file:/home/runner/work/key/key/key.core/build/resources/main/de/uka/ilkd/key/java/JavaRedux/java/io/PrintStream.java, Keeping one from URL:file:/home/runner/work/key/key/key.core/build/resources/main/de/uka/ilkd/key/java/JavaRedux/java/io/PrintStream.java 
676504     WARN  main            d.u.i.k.j.r.KeYCrossReferenceNameInfo Datatype java.lang.System declared twice: Once in FILE:/home/runner/work/key/key/key.core/../key.ui/examples/index/.././standard_key/staticInitialisation/classpath/System.java and once in URL:file:/home/runner/work/key/key/key.core/build/resources/main/de/uka/ilkd/key/java/JavaRedux/java/lang/System.java, Keeping one from URL:file:/home/runner/work/key/key/key.core/build/resources/main/de/uka/ilkd/key/java/JavaRedux/java/lang/System.java 
685592     WARN  main            d.u.i.k.j.r.KeYCrossReferenceNameInfo Datatype cp.C declared twice: Once in FILE:/home/runner/work/key/key/key.core/../key.ui/examples/index/../../../key.core/src/test/resources/testcase/classpath/classpath/C.class and once in FILE:/home/runner/work/key/key/key.core/../key.ui/examples/index/../../../key.core/src/test/resources/testcase/classpath/classpath/C.jml, Keeping one from FILE:/home/runner/work/key/key/key.core/../key.ui/examples/index/../../../key.core/src/test/resources/testcase/classpath/classpath/C.jml 
689265     WARN  main            d.u.i.k.j.r.KeYCrossReferenceNameInfo Datatype cp.C declared twice: Once in FILE:/home/runner/work/key/key/key.core/../key.ui/examples/index/../../../key.core/src/test/resources/testcase/classpath/classpath/C.class and once in FILE:/home/runner/work/key/key/key.core/../key.ui/examples/index/../../../key.core/src/test/resources/testcase/classpath/classpath/C.jml, Keeping one from FILE:/home/runner/work/key/key/key.core/../key.ui/examples/index/../../../key.core/src/test/resources/testcase/classpath/classpath/C.jml 
Returning from test javadl
Running test FOL
14:19:17,389 |-INFO in ch.qos.logback.classic.LoggerContext[default] - This is logback-classic version 1.4.5
14:19:17,424 |-INFO in ch.qos.logback.classic.LoggerContext[default] - Could NOT find resource [logback-test.xml]
14:19:17,445 |-INFO in ch.qos.logback.classic.LoggerContext[default] - Found resource [logback.xml] at [file:/home/runner/work/key/key/key.core/build/resources/test/logback.xml]
14:19:17,666 |-INFO in ch.qos.logback.core.model.processor.AppenderModelHandler - Processing appender named [STDOUT]
14:19:17,666 |-INFO in ch.qos.logback.core.model.processor.AppenderModelHandler - About to instantiate appender of type [ch.qos.logback.core.ConsoleAppender]
14:19:17,682 |-WARN in ch.qos.logback.core.model.processor.ImplicitModelHandler - Ignoring unknown property [file] in [ch.qos.logback.core.ConsoleAppender]
14:19:17,683 |-WARN in ch.qos.logback.core.model.processor.ImplicitModelHandler - Ignoring unknown property [append] in [ch.qos.logback.core.ConsoleAppender]
14:19:17,684 |-INFO in ch.qos.logback.core.model.processor.ImplicitModelHandler - Assuming default type [ch.qos.logback.classic.encoder.PatternLayoutEncoder] for [encoder] property
14:19:17,713 |-INFO in ch.qos.logback.classic.model.processor.RootLoggerModelHandler - Setting level of ROOT logger to WARN
14:19:17,725 |-INFO in ch.qos.logback.core.model.processor.AppenderRefModelHandler - Attaching appender named [STDOUT] to Logger[ROOT]
14:19:17,725 |-INFO in ch.qos.logback.core.model.processor.DefaultProcessor@24269709 - End of configuration.
14:19:17,726 |-INFO in ch.qos.logback.classic.joran.JoranConfigurator@2aceadd4 - Registering current configuration as safe fallback point

486        WARN  main            d.u.i.k.s.ProofSettings   The settings in /home/runner/.key/proof-settings.props are *not* read. 
Returning from test FOL
Running test strings
14:24:34,694 |-INFO in ch.qos.logback.classic.LoggerContext[default] - This is logback-classic version 1.4.5
14:24:34,724 |-INFO in ch.qos.logback.classic.LoggerContext[default] - Could NOT find resource [logback-test.xml]
14:24:34,743 |-INFO in ch.qos.logback.classic.LoggerContext[default] - Found resource [logback.xml] at [file:/home/runner/work/key/key/key.core/build/resources/test/logback.xml]
14:24:34,931 |-INFO in ch.qos.logback.core.model.processor.AppenderModelHandler - Processing appender named [STDOUT]
14:24:34,931 |-INFO in ch.qos.logback.core.model.processor.AppenderModelHandler - About to instantiate appender of type [ch.qos.logback.core.ConsoleAppender]
14:24:34,972 |-WARN in ch.qos.logback.core.model.processor.ImplicitModelHandler - Ignoring unknown property [file] in [ch.qos.logback.core.ConsoleAppender]
14:24:34,972 |-WARN in ch.qos.logback.core.model.processor.ImplicitModelHandler - Ignoring unknown property [append] in [ch.qos.logback.core.ConsoleAppender]
14:24:34,974 |-INFO in ch.qos.logback.core.model.processor.ImplicitModelHandler - Assuming default type [ch.qos.logback.classic.encoder.PatternLayoutEncoder] for [encoder] property
14:24:35,011 |-INFO in ch.qos.logback.classic.model.processor.RootLoggerModelHandler - Setting level of ROOT logger to WARN
14:24:35,028 |-INFO in ch.qos.logback.core.model.processor.AppenderRefModelHandler - Attaching appender named [STDOUT] to Logger[ROOT]
14:24:35,029 |-INFO in ch.qos.logback.core.model.processor.DefaultProcessor@24269709 - End of configuration.
14:24:35,030 |-INFO in ch.qos.logback.classic.joran.JoranConfigurator@2aceadd4 - Registering current configuration as safe fallback point

501        WARN  main            d.u.i.k.s.ProofSettings   The settings in /home/runner/.key/proof-settings.props are *not* read. 
Returning from test strings
Running test simple_info_flow
14:27:39,061 |-INFO in ch.qos.logback.classic.LoggerContext[default] - This is logback-classic version 1.4.5
14:27:39,091 |-INFO in ch.qos.logback.classic.LoggerContext[default] - Could NOT find resource [logback-test.xml]
14:27:39,131 |-INFO in ch.qos.logback.classic.LoggerContext[default] - Found resource [logback.xml] at [file:/home/runner/work/key/key/key.core/build/resources/test/logback.xml]
14:27:39,321 |-INFO in ch.qos.logback.core.model.processor.AppenderModelHandler - Processing appender named [STDOUT]
14:27:39,321 |-INFO in ch.qos.logback.core.model.processor.AppenderModelHandler - About to instantiate appender of type [ch.qos.logback.core.ConsoleAppender]
14:27:39,339 |-WARN in ch.qos.logback.core.model.processor.ImplicitModelHandler - Ignoring unknown property [file] in [ch.qos.logback.core.ConsoleAppender]
14:27:39,339 |-WARN in ch.qos.logback.core.model.processor.ImplicitModelHandler - Ignoring unknown property [append] in [ch.qos.logback.core.ConsoleAppender]
14:27:39,340 |-INFO in ch.qos.logback.core.model.processor.ImplicitModelHandler - Assuming default type [ch.qos.logback.classic.encoder.PatternLayoutEncoder] for [encoder] property
14:27:39,363 |-INFO in ch.qos.logback.classic.model.processor.RootLoggerModelHandler - Setting level of ROOT logger to WARN
14:27:39,368 |-INFO in ch.qos.logback.core.model.processor.AppenderRefModelHandler - Attaching appender named [STDOUT] to Logger[ROOT]
14:27:39,369 |-INFO in ch.qos.logback.core.model.processor.DefaultProcessor@24269709 - End of configuration.
14:27:39,370 |-INFO in ch.qos.logback.classic.joran.JoranConfigurator@2aceadd4 - Registering current configuration as safe fallback point

429        WARN  main            d.u.i.k.s.ProofSettings   The settings in /home/runner/.key/proof-settings.props are *not* read. 
Returning from test simple_info_flow
Running test modelMethods
14:27:54,111 |-INFO in ch.qos.logback.classic.LoggerContext[default] - This is logback-classic version 1.4.5
14:27:54,156 |-INFO in ch.qos.logback.classic.LoggerContext[default] - Could NOT find resource [logback-test.xml]
14:27:54,178 |-INFO in ch.qos.logback.classic.LoggerContext[default] - Found resource [logback.xml] at [file:/home/runner/work/key/key/key.core/build/resources/test/logback.xml]
14:27:54,369 |-INFO in ch.qos.logback.core.model.processor.AppenderModelHandler - Processing appender named [STDOUT]
14:27:54,369 |-INFO in ch.qos.logback.core.model.processor.AppenderModelHandler - About to instantiate appender of type [ch.qos.logback.core.ConsoleAppender]
14:27:54,386 |-WARN in ch.qos.logback.core.model.processor.ImplicitModelHandler - Ignoring unknown property [file] in [ch.qos.logback.core.ConsoleAppender]
14:27:54,386 |-WARN in ch.qos.logback.core.model.processor.ImplicitModelHandler - Ignoring unknown property [append] in [ch.qos.logback.core.ConsoleAppender]
14:27:54,387 |-INFO in ch.qos.logback.core.model.processor.ImplicitModelHandler - Assuming default type [ch.qos.logback.classic.encoder.PatternLayoutEncoder] for [encoder] property
14:27:54,410 |-INFO in ch.qos.logback.classic.model.processor.RootLoggerModelHandler - Setting level of ROOT logger to WARN
14:27:54,415 |-INFO in ch.qos.logback.core.model.processor.AppenderRefModelHandler - Attaching appender named [STDOUT] to Logger[ROOT]
14:27:54,416 |-INFO in ch.qos.logback.core.model.processor.DefaultProcessor@24269709 - End of configuration.
14:27:54,416 |-INFO in ch.qos.logback.classic.joran.JoranConfigurator@2aceadd4 - Registering current configuration as safe fallback point

428        WARN  main            d.u.i.k.s.ProofSettings   The settings in /home/runner/.key/proof-settings.props are *not* read. 
Returning from test modelMethods
Running test permissionHeap
14:31:19,042 |-INFO in ch.qos.logback.classic.LoggerContext[default] - This is logback-classic version 1.4.5
14:31:19,084 |-INFO in ch.qos.logback.classic.LoggerContext[default] - Could NOT find resource [logback-test.xml]
14:31:19,102 |-INFO in ch.qos.logback.classic.LoggerContext[default] - Found resource [logback.xml] at [file:/home/runner/work/key/key/key.core/build/resources/test/logback.xml]
14:31:19,310 |-INFO in ch.qos.logback.core.model.processor.AppenderModelHandler - Processing appender named [STDOUT]
14:31:19,311 |-INFO in ch.qos.logback.core.model.processor.AppenderModelHandler - About to instantiate appender of type [ch.qos.logback.core.ConsoleAppender]
14:31:19,327 |-WARN in ch.qos.logback.core.model.processor.ImplicitModelHandler - Ignoring unknown property [file] in [ch.qos.logback.core.ConsoleAppender]
14:31:19,327 |-WARN in ch.qos.logback.core.model.processor.ImplicitModelHandler - Ignoring unknown property [append] in [ch.qos.logback.core.ConsoleAppender]
14:31:19,328 |-INFO in ch.qos.logback.core.model.processor.ImplicitModelHandler - Assuming default type [ch.qos.logback.classic.encoder.PatternLayoutEncoder] for [encoder] property
14:31:19,350 |-INFO in ch.qos.logback.classic.model.processor.RootLoggerModelHandler - Setting level of ROOT logger to WARN
14:31:19,356 |-INFO in ch.qos.logback.core.model.processor.AppenderRefModelHandler - Attaching appender named [STDOUT] to Logger[ROOT]
14:31:19,356 |-INFO in ch.qos.logback.core.model.processor.DefaultProcessor@24269709 - End of configuration.
14:31:19,357 |-INFO in ch.qos.logback.classic.joran.JoranConfigurator@2aceadd4 - Registering current configuration as safe fallback point

434        WARN  main            d.u.i.k.s.ProofSettings   The settings in /home/runner/.key/proof-settings.props are *not* read. 
978372     WARN  main            d.u.i.k.p.i.IntermediateProofReplayer Proof contains wrong number of \assumes instatiations for Definition_axiom_for_stateInv_in_Plotter 
978374     WARN  main            d.u.i.k.p.i.IntermediateProofReplayer Proof contains wrong number of \assumes instatiations for Definition_axiom_for_stateInv_in_Plotter 
978377     WARN  main            d.u.i.k.p.i.IntermediateProofReplayer Proof contains wrong number of \assumes instatiations for Definition_axiom_for_workingPermissions_in_Plotter 
978377     WARN  main            d.u.i.k.p.i.IntermediateProofReplayer Proof contains wrong number of \assumes instatiations for Definition_axiom_for_staticPermissions_in_Plotter 
978378     WARN  main            d.u.i.k.p.i.IntermediateProofReplayer Proof contains wrong number of \assumes instatiations for Definition_axiom_for_joinTransfer_in_Plotter 
978380     WARN  main            d.u.i.k.p.i.IntermediateProofReplayer Proof contains wrong number of \assumes instatiations for Definition_axiom_for_stateInv_in_BFilter 
978382     WARN  main            d.u.i.k.p.i.IntermediateProofReplayer Proof contains wrong number of \assumes instatiations for Definition_axiom_for_stateInv_in_AFilter 
978384     WARN  main            d.u.i.k.p.i.IntermediateProofReplayer Proof contains wrong number of \assumes instatiations for Definition_axiom_for_stateInv_in_BFilter 
978385     WARN  main            d.u.i.k.p.i.IntermediateProofReplayer Proof contains wrong number of \assumes instatiations for Definition_axiom_for_stateInv_in_AFilter 
978387     WARN  main            d.u.i.k.p.i.IntermediateProofReplayer Proof contains wrong number of \assumes instatiations for Definition_axiom_for_staticPermissions_in_AFilter 
978388     WARN  main            d.u.i.k.p.i.IntermediateProofReplayer Proof contains wrong number of \assumes instatiations for Definition_axiom_for_staticPermissions_in_Plotter 
978389     WARN  main            d.u.i.k.p.i.IntermediateProofReplayer Proof contains wrong number of \assumes instatiations for Definition_axiom_for_staticPermissions_in_BFilter 
978390     WARN  main            d.u.i.k.p.i.IntermediateProofReplayer Proof contains wrong number of \assumes instatiations for Definition_axiom_for_workingPermissions_in_Plotter 
978391     WARN  main            d.u.i.k.p.i.IntermediateProofReplayer Proof contains wrong number of \assumes instatiations for Definition_axiom_for_stateInv_in_Sampler 
978391     WARN  main            d.u.i.k.p.i.IntermediateProofReplayer Proof contains wrong number of \assumes instatiations for Definition_axiom_for_stateInv_in_Sampler 
978392     WARN  main            d.u.i.k.p.i.IntermediateProofReplayer Proof contains wrong number of \assumes instatiations for Definition_axiom_for_staticPermissions_in_Sampler 
978393     WARN  main            d.u.i.k.p.i.IntermediateProofReplayer Proof contains wrong number of \assumes instatiations for Definition_axiom_for_staticPermissions_in_BFilter 
978394     WARN  main            d.u.i.k.p.i.IntermediateProofReplayer Proof contains wrong number of \assumes instatiations for Definition_axiom_for_staticPermissions_in_AFilter 
978395     WARN  main            d.u.i.k.p.i.IntermediateProofReplayer Proof contains wrong number of \assumes instatiations for Definition_axiom_for_staticPermissions_in_Sampler 
978395     WARN  main            d.u.i.k.p.i.IntermediateProofReplayer Proof contains wrong number of \assumes instatiations for Definition_axiom_for_staticPermissions_in_Sampler 
978396     WARN  main            d.u.i.k.p.i.IntermediateProofReplayer Proof contains wrong number of \assumes instatiations for Definition_axiom_for_staticPermissions_in_Sampler 
978397     WARN  main            d.u.i.k.p.i.IntermediateProofReplayer Proof contains wrong number of \assumes instatiations for Definition_axiom_for_joinTransfer_in_Plotter 
Returning from test permissionHeap
Running test completionScopes
14:47:37,760 |-INFO in ch.qos.logback.classic.LoggerContext[default] - This is logback-classic version 1.4.5
14:47:37,809 |-INFO in ch.qos.logback.classic.LoggerContext[default] - Could NOT find resource [logback-test.xml]
14:47:37,843 |-INFO in ch.qos.logback.classic.LoggerContext[default] - Found resource [logback.xml] at [file:/home/runner/work/key/key/key.core/build/resources/test/logback.xml]
14:47:38,009 |-INFO in ch.qos.logback.core.model.processor.AppenderModelHandler - Processing appender named [STDOUT]
14:47:38,009 |-INFO in ch.qos.logback.core.model.processor.AppenderModelHandler - About to instantiate appender of type [ch.qos.logback.core.ConsoleAppender]
14:47:38,033 |-WARN in ch.qos.logback.core.model.processor.ImplicitModelHandler - Ignoring unknown property [file] in [ch.qos.logback.core.ConsoleAppender]
14:47:38,033 |-WARN in ch.qos.logback.core.model.processor.ImplicitModelHandler - Ignoring unknown property [append] in [ch.qos.logback.core.ConsoleAppender]
14:47:38,034 |-INFO in ch.qos.logback.core.model.processor.ImplicitModelHandler - Assuming default type [ch.qos.logback.classic.encoder.PatternLayoutEncoder] for [encoder] property
14:47:38,057 |-INFO in ch.qos.logback.classic.model.processor.RootLoggerModelHandler - Setting level of ROOT logger to WARN
14:47:38,062 |-INFO in ch.qos.logback.core.model.processor.AppenderRefModelHandler - Attaching appender named [STDOUT] to Logger[ROOT]
14:47:38,063 |-INFO in ch.qos.logback.core.model.processor.DefaultProcessor@24269709 - End of configuration.
14:47:38,064 |-INFO in ch.qos.logback.classic.joran.JoranConfigurator@2aceadd4 - Registering current configuration as safe fallback point

411        WARN  main            d.u.i.k.s.ProofSettings   The settings in /home/runner/.key/proof-settings.props are *not* read. 
Returning from test completionScopes
Running test reload_examples
14:48:36,519 |-INFO in ch.qos.logback.classic.LoggerContext[default] - This is logback-classic version 1.4.5
14:48:36,554 |-INFO in ch.qos.logback.classic.LoggerContext[default] - Could NOT find resource [logback-test.xml]
14:48:36,574 |-INFO in ch.qos.logback.classic.LoggerContext[default] - Found resource [logback.xml] at [file:/home/runner/work/key/key/key.core/build/resources/test/logback.xml]
14:48:36,774 |-INFO in ch.qos.logback.core.model.processor.AppenderModelHandler - Processing appender named [STDOUT]
14:48:36,774 |-INFO in ch.qos.logback.core.model.processor.AppenderModelHandler - About to instantiate appender of type [ch.qos.logback.core.ConsoleAppender]
14:48:36,794 |-WARN in ch.qos.logback.core.model.processor.ImplicitModelHandler - Ignoring unknown property [file] in [ch.qos.logback.core.ConsoleAppender]
14:48:36,794 |-WARN in ch.qos.logback.core.model.processor.ImplicitModelHandler - Ignoring unknown property [append] in [ch.qos.logback.core.ConsoleAppender]
14:48:36,795 |-INFO in ch.qos.logback.core.model.processor.ImplicitModelHandler - Assuming default type [ch.qos.logback.classic.encoder.PatternLayoutEncoder] for [encoder] property
14:48:36,832 |-INFO in ch.qos.logback.classic.model.processor.RootLoggerModelHandler - Setting level of ROOT logger to WARN
14:48:36,847 |-INFO in ch.qos.logback.core.model.processor.AppenderRefModelHandler - Attaching appender named [STDOUT] to Logger[ROOT]
14:48:36,848 |-INFO in ch.qos.logback.core.model.processor.DefaultProcessor@24269709 - End of configuration.
14:48:36,849 |-INFO in ch.qos.logback.classic.joran.JoranConfigurator@2aceadd4 - Registering current configuration as safe fallback point

482        WARN  main            d.u.i.k.s.ProofSettings   The settings in /home/runner/.key/proof-settings.props are *not* read. 
Returning from test reload_examples
Running test proofLoadRepair
14:49:27,990 |-INFO in ch.qos.logback.classic.LoggerContext[default] - This is logback-classic version 1.4.5
14:49:28,029 |-INFO in ch.qos.logback.classic.LoggerContext[default] - Could NOT find resource [logback-test.xml]
14:49:28,053 |-INFO in ch.qos.logback.classic.LoggerContext[default] - Found resource [logback.xml] at [file:/home/runner/work/key/key/key.core/build/resources/test/logback.xml]
14:49:28,273 |-INFO in ch.qos.logback.core.model.processor.AppenderModelHandler - Processing appender named [STDOUT]
14:49:28,274 |-INFO in ch.qos.logback.core.model.processor.AppenderModelHandler - About to instantiate appender of type [ch.qos.logback.core.ConsoleAppender]
14:49:28,290 |-WARN in ch.qos.logback.core.model.processor.ImplicitModelHandler - Ignoring unknown property [file] in [ch.qos.logback.core.ConsoleAppender]
14:49:28,290 |-WARN in ch.qos.logback.core.model.processor.ImplicitModelHandler - Ignoring unknown property [append] in [ch.qos.logback.core.ConsoleAppender]
14:49:28,291 |-INFO in ch.qos.logback.core.model.processor.ImplicitModelHandler - Assuming default type [ch.qos.logback.classic.encoder.PatternLayoutEncoder] for [encoder] property
14:49:28,316 |-INFO in ch.qos.logback.classic.model.processor.RootLoggerModelHandler - Setting level of ROOT logger to WARN
14:49:28,322 |-INFO in ch.qos.logback.core.model.processor.AppenderRefModelHandler - Attaching appender named [STDOUT] to Logger[ROOT]
14:49:28,322 |-INFO in ch.qos.logback.core.model.processor.DefaultProcessor@24269709 - End of configuration.
14:49:28,323 |-INFO in ch.qos.logback.classic.joran.JoranConfigurator@2aceadd4 - Registering current configuration as safe fallback point

450        WARN  main            d.u.i.k.s.ProofSettings   The settings in /home/runner/.key/proof-settings.props are *not* read. 
9194       WARN  main            d.u.i.k.p.i.IntermediateProofReplayer Proof contains wrong number of \assumes instatiations for andLeft 
9195       WARN  main            d.u.i.k.p.i.IntermediateProofReplayer Proof contains wrong number of \assumes instatiations for replace_known_right 
9199       WARN  main            d.u.i.k.p.i.IntermediateProofReplayer Proof contains wrong number of \assumes instatiations for close 
12814      WARN  main            d.u.i.k.p.i.IntermediateProofReplayer Proof contains wrong number of \assumes instatiations for applyEq 
Returning from test proofLoadRepair
Running test switch
14:49:50,316 |-INFO in ch.qos.logback.classic.LoggerContext[default] - This is logback-classic version 1.4.5
14:49:50,347 |-INFO in ch.qos.logback.classic.LoggerContext[default] - Could NOT find resource [logback-test.xml]
14:49:50,368 |-INFO in ch.qos.logback.classic.LoggerContext[default] - Found resource [logback.xml] at [file:/home/runner/work/key/key/key.core/build/resources/test/logback.xml]
14:49:50,538 |-INFO in ch.qos.logback.core.model.processor.AppenderModelHandler - Processing appender named [STDOUT]
14:49:50,538 |-INFO in ch.qos.logback.core.model.processor.AppenderModelHandler - About to instantiate appender of type [ch.qos.logback.core.ConsoleAppender]
14:49:50,558 |-WARN in ch.qos.logback.core.model.processor.ImplicitModelHandler - Ignoring unknown property [file] in [ch.qos.logback.core.ConsoleAppender]
14:49:50,558 |-WARN in ch.qos.logback.core.model.processor.ImplicitModelHandler - Ignoring unknown property [append] in [ch.qos.logback.core.ConsoleAppender]
14:49:50,559 |-INFO in ch.qos.logback.core.model.processor.ImplicitModelHandler - Assuming default type [ch.qos.logback.classic.encoder.PatternLayoutEncoder] for [encoder] property
14:49:50,599 |-INFO in ch.qos.logback.classic.model.processor.RootLoggerModelHandler - Setting level of ROOT logger to WARN
14:49:50,615 |-INFO in ch.qos.logback.core.model.processor.AppenderRefModelHandler - Attaching appender named [STDOUT] to Logger[ROOT]
14:49:50,615 |-INFO in ch.qos.logback.core.model.processor.DefaultProcessor@2aceadd4 - End of configuration.
14:49:50,618 |-INFO in ch.qos.logback.classic.joran.JoranConfigurator@24aed80c - Registering current configuration as safe fallback point

457        WARN  main            d.u.i.k.s.ProofSettings   The settings in /home/runner/.key/proof-settings.props are *not* read. 
Returning from test switch
Running test redux
14:51:03,326 |-INFO in ch.qos.logback.classic.LoggerContext[default] - This is logback-classic version 1.4.5
14:51:03,367 |-INFO in ch.qos.logback.classic.LoggerContext[default] - Could NOT find resource [logback-test.xml]
14:51:03,393 |-INFO in ch.qos.logback.classic.LoggerContext[default] - Found resource [logback.xml] at [file:/home/runner/work/key/key/key.core/build/resources/test/logback.xml]
14:51:03,598 |-INFO in ch.qos.logback.core.model.processor.AppenderModelHandler - Processing appender named [STDOUT]
14:51:03,598 |-INFO in ch.qos.logback.core.model.processor.AppenderModelHandler - About to instantiate appender of type [ch.qos.logback.core.ConsoleAppender]
14:51:03,616 |-WARN in ch.qos.logback.core.model.processor.ImplicitModelHandler - Ignoring unknown property [file] in [ch.qos.logback.core.ConsoleAppender]
14:51:03,617 |-WARN in ch.qos.logback.core.model.processor.ImplicitModelHandler - Ignoring unknown property [append] in [ch.qos.logback.core.ConsoleAppender]
14:51:03,618 |-INFO in ch.qos.logback.core.model.processor.ImplicitModelHandler - Assuming default type [ch.qos.logback.classic.encoder.PatternLayoutEncoder] for [encoder] property
14:51:03,652 |-INFO in ch.qos.logback.classic.model.processor.RootLoggerModelHandler - Setting level of ROOT logger to WARN
14:51:03,658 |-INFO in ch.qos.logback.core.model.processor.AppenderRefModelHandler - Attaching appender named [STDOUT] to Logger[ROOT]
14:51:03,659 |-INFO in ch.qos.logback.core.model.processor.DefaultProcessor@24269709 - End of configuration.
14:51:03,659 |-INFO in ch.qos.logback.classic.joran.JoranConfigurator@2aceadd4 - Registering current configuration as safe fallback point

467        WARN  main            d.u.i.k.s.ProofSettings   The settings in /home/runner/.key/proof-settings.props are *not* read. 
Returning from test redux
]]></system-out>
  <system-err><![CDATA[Timeout watcher launched (2000 secs.)
Timeout watcher launched (2000 secs.)
Timeout watcher launched (2000 secs.)
Timeout watcher launched (2000 secs.)
Timeout watcher launched (2000 secs.)
Timeout watcher launched (2000 secs.)
Timeout watcher launched (2000 secs.)
Timeout watcher launched (2000 secs.)
Timeout watcher launched (2000 secs.)
Timeout watcher launched (2000 secs.)
Timeout watcher launched (2000 secs.)
Timeout watcher launched (2000 secs.)
Timeout watcher launched (2000 secs.)
Timeout watcher launched (2000 secs.)
Timeout watcher launched (2000 secs.)
Timeout watcher launched (2000 secs.)
Timeout watcher launched (2000 secs.)
Timeout watcher launched (2000 secs.)
Timeout watcher launched (2000 secs.)
Timeout watcher launched (2000 secs.)
Timeout watcher launched (2000 secs.)
Timeout watcher launched (2000 secs.)
Timeout watcher launched (2000 secs.)
Timeout watcher launched (2000 secs.)
Timeout watcher launched (2000 secs.)
Timeout watcher launched (2000 secs.)
Timeout watcher launched (2000 secs.)
Timeout watcher launched (2000 secs.)
Timeout watcher launched (2000 secs.)
Mar 22, 2023 1:42:37 PM de.uka.ilkd.key.macros.scripts.ScriptCommand execute
INFO: Included script /home/runner/work/key/key/key.core/../key.ui/examples/index/.././heap/quicksort/sort.script
Timeout watcher launched (2000 secs.)
Timeout watcher launched (2000 secs.)
Timeout watcher launched (2000 secs.)
Timeout watcher launched (2000 secs.)
Timeout watcher launched (2000 secs.)
Timeout watcher launched (2000 secs.)
Timeout watcher launched (2000 secs.)
Timeout watcher launched (2000 secs.)
Timeout watcher launched (2000 secs.)
Timeout watcher launched (2000 secs.)
Timeout watcher launched (2000 secs.)
Timeout watcher launched (2000 secs.)
Timeout watcher launched (2000 secs.)
Timeout watcher launched (2000 secs.)
Timeout watcher launched (2000 secs.)
Timeout watcher launched (2000 secs.)
Timeout watcher launched (2000 secs.)
Timeout watcher launched (2000 secs.)
SMT Runtime, goal 17: 54 ms; valid
SMT Runtime, goal 27: 35 ms; valid
]]></system-err>
</testsuite>
