<?xml version="1.0" encoding="UTF-8"?>
<testsuite name="de.uka.ilkd.key.symbolic_execution.testcase.TestTruthValueEvaluationUtil" tests="29" skipped="5" failures="0" errors="0" timestamp="2023-02-02T11:37:44" hostname="fv-az357-935" time="71.304">
  <properties/>
  <testcase name="IGNORE_testAddingOfLabeledSubtree()" classname="de.uka.ilkd.key.symbolic_execution.testcase.TestTruthValueEvaluationUtil" time="0.0">
    <skipped/>
  </testcase>
  <testcase name="IGNORE_testArrayUtil()" classname="de.uka.ilkd.key.symbolic_execution.testcase.TestTruthValueEvaluationUtil" time="0.0">
    <skipped/>
  </testcase>
  <testcase name="IGNORE_testArrayUtil_NoOneStepSimplification()" classname="de.uka.ilkd.key.symbolic_execution.testcase.TestTruthValueEvaluationUtil" time="0.0">
    <skipped/>
  </testcase>
  <testcase name="IGNORE_testAssignableAndLoop()" classname="de.uka.ilkd.key.symbolic_execution.testcase.TestTruthValueEvaluationUtil" time="0.0">
    <skipped/>
  </testcase>
  <testcase name="IGNORE_testBlockContractMagic42()" classname="de.uka.ilkd.key.symbolic_execution.testcase.TestTruthValueEvaluationUtil" time="0.0">
    <skipped/>
  </testcase>
  <testcase name="testAnd3_replaceKnown()" classname="de.uka.ilkd.key.symbolic_execution.testcase.TestTruthValueEvaluationUtil" time="3.666"/>
  <testcase name="testArraySumWhile()" classname="de.uka.ilkd.key.symbolic_execution.testcase.TestTruthValueEvaluationUtil" time="2.934"/>
  <testcase name="testArraySumWhile_NoOneStepSimplification()" classname="de.uka.ilkd.key.symbolic_execution.testcase.TestTruthValueEvaluationUtil" time="2.967"/>
  <testcase name="testDifferentBranchesTest()" classname="de.uka.ilkd.key.symbolic_execution.testcase.TestTruthValueEvaluationUtil" time="3.271"/>
  <testcase name="testEquivExample_NoOneStepSimplification()" classname="de.uka.ilkd.key.symbolic_execution.testcase.TestTruthValueEvaluationUtil" time="2.676"/>
  <testcase name="testExceptinalAssignableNothingTest()" classname="de.uka.ilkd.key.symbolic_execution.testcase.TestTruthValueEvaluationUtil" time="2.844"/>
  <testcase name="testExceptinalAssignableNothingTest_OSS()" classname="de.uka.ilkd.key.symbolic_execution.testcase.TestTruthValueEvaluationUtil" time="2.852"/>
  <testcase name="testIfThenElseFormula()" classname="de.uka.ilkd.key.symbolic_execution.testcase.TestTruthValueEvaluationUtil" time="3.021"/>
  <testcase name="testIfThenElseInteger()" classname="de.uka.ilkd.key.symbolic_execution.testcase.TestTruthValueEvaluationUtil" time="3.004"/>
  <testcase name="testIfThenElseNotFormula()" classname="de.uka.ilkd.key.symbolic_execution.testcase.TestTruthValueEvaluationUtil" time="3.031"/>
  <testcase name="testJoinTestAfterBranchConditionWithWeakeningGoal()" classname="de.uka.ilkd.key.symbolic_execution.testcase.TestTruthValueEvaluationUtil" time="2.84"/>
  <testcase name="testMultiplePredicateResultsTest()" classname="de.uka.ilkd.key.symbolic_execution.testcase.TestTruthValueEvaluationUtil" time="2.955"/>
  <testcase name="testMyInteger()" classname="de.uka.ilkd.key.symbolic_execution.testcase.TestTruthValueEvaluationUtil" time="2.866"/>
  <testcase name="testNotLastEvaluationGivesTruthValue()" classname="de.uka.ilkd.key.symbolic_execution.testcase.TestTruthValueEvaluationUtil" time="2.645"/>
  <testcase name="testSimpleInstanceMethodContractApplication()" classname="de.uka.ilkd.key.symbolic_execution.testcase.TestTruthValueEvaluationUtil" time="2.661"/>
  <testcase name="testSimpleInstanceMethodContractApplication_NoOneStepSimplification()" classname="de.uka.ilkd.key.symbolic_execution.testcase.TestTruthValueEvaluationUtil" time="2.652"/>
  <testcase name="testSimpleMethodContractApplication()" classname="de.uka.ilkd.key.symbolic_execution.testcase.TestTruthValueEvaluationUtil" time="2.655"/>
  <testcase name="testSimpleMethodContractApplication_NoOneStepSimplification()" classname="de.uka.ilkd.key.symbolic_execution.testcase.TestTruthValueEvaluationUtil" time="2.645"/>
  <testcase name="testTruthValueLabelBelowUpdatesDifferentToApplicationTerm()" classname="de.uka.ilkd.key.symbolic_execution.testcase.TestTruthValueEvaluationUtil" time="2.648"/>
  <testcase name="testUnderstandingProofs_Account()" classname="de.uka.ilkd.key.symbolic_execution.testcase.TestTruthValueEvaluationUtil" time="3.021"/>
  <testcase name="testUnderstandingProofs_ArrayUtil()" classname="de.uka.ilkd.key.symbolic_execution.testcase.TestTruthValueEvaluationUtil" time="4.619"/>
  <testcase name="testUnderstandingProofs_Calendar()" classname="de.uka.ilkd.key.symbolic_execution.testcase.TestTruthValueEvaluationUtil" time="3.354"/>
  <testcase name="testUnderstandingProofs_MyInteger()" classname="de.uka.ilkd.key.symbolic_execution.testcase.TestTruthValueEvaluationUtil" time="2.804"/>
  <testcase name="testValueRejectedFormula()" classname="de.uka.ilkd.key.symbolic_execution.testcase.TestTruthValueEvaluationUtil" time="2.662"/>
  <system-out><![CDATA[]]></system-out>
  <system-err><![CDATA[]]></system-err>
</testsuite>
