<?xml version="1.0" encoding="UTF-8"?>
<testsuite name="de.uka.ilkd.key.symbolic_execution.testcase.TestSymbolicExecutionTreeBuilder" tests="186" skipped="1" failures="0" errors="0" timestamp="2023-02-02T11:25:22" hostname="fv-az357-935" time="741.567">
  <properties/>
  <testcase name="testAllNodeTypesTest_JavaProfile()" classname="de.uka.ilkd.key.symbolic_execution.testcase.TestSymbolicExecutionTreeBuilder" time="12.049"/>
  <testcase name="testAllNodeTypesTest_JavaProfile_NoOneStepSimplification()" classname="de.uka.ilkd.key.symbolic_execution.testcase.TestSymbolicExecutionTreeBuilder" time="11.872"/>
  <testcase name="testAllNodeTypesTest_SymbolicExecutionProfile()" classname="de.uka.ilkd.key.symbolic_execution.testcase.TestSymbolicExecutionTreeBuilder" time="3.128"/>
  <testcase name="testAnotherInstanceContractTest()" classname="de.uka.ilkd.key.symbolic_execution.testcase.TestSymbolicExecutionTreeBuilder" time="3.135"/>
  <testcase name="testAnotherStaticContractTest()" classname="de.uka.ilkd.key.symbolic_execution.testcase.TestSymbolicExecutionTreeBuilder" time="3.166"/>
  <testcase name="testArraySumWhileWithBreak()" classname="de.uka.ilkd.key.symbolic_execution.testcase.TestSymbolicExecutionTreeBuilder" time="3.646"/>
  <testcase name="testArraySumWhileWithContinue()" classname="de.uka.ilkd.key.symbolic_execution.testcase.TestSymbolicExecutionTreeBuilder" time="3.957"/>
  <testcase name="testArraySumWhileWithException()" classname="de.uka.ilkd.key.symbolic_execution.testcase.TestSymbolicExecutionTreeBuilder" time="3.761"/>
  <testcase name="testArraySumWhileWithReturn()" classname="de.uka.ilkd.key.symbolic_execution.testcase.TestSymbolicExecutionTreeBuilder" time="3.546"/>
  <testcase name="testAssumesUserInputTest()" classname="de.uka.ilkd.key.symbolic_execution.testcase.TestSymbolicExecutionTreeBuilder" time="3.153"/>
  <testcase name="testBlockContractAssignableEverything()" classname="de.uka.ilkd.key.symbolic_execution.testcase.TestSymbolicExecutionTreeBuilder" time="2.94"/>
  <testcase name="testBlockContractAssignableLocationNotRequested()" classname="de.uka.ilkd.key.symbolic_execution.testcase.TestSymbolicExecutionTreeBuilder" time="2.838"/>
  <testcase name="testBlockContractAssignableRequestedLocation()" classname="de.uka.ilkd.key.symbolic_execution.testcase.TestSymbolicExecutionTreeBuilder" time="2.872"/>
  <testcase name="testBlockContractParamRemaned()" classname="de.uka.ilkd.key.symbolic_execution.testcase.TestSymbolicExecutionTreeBuilder" time="2.908"/>
  <testcase name="testBlockContractPreconditionNotVerified()" classname="de.uka.ilkd.key.symbolic_execution.testcase.TestSymbolicExecutionTreeBuilder" time="2.872"/>
  <testcase name="testBlockContractThisTest()" classname="de.uka.ilkd.key.symbolic_execution.testcase.TestSymbolicExecutionTreeBuilder" time="2.904"/>
  <testcase name="testBlockContractVarRenamedLater()" classname="de.uka.ilkd.key.symbolic_execution.testcase.TestSymbolicExecutionTreeBuilder" time="2.826"/>
  <testcase name="testBlockContractWithException()" classname="de.uka.ilkd.key.symbolic_execution.testcase.TestSymbolicExecutionTreeBuilder" time="3.191"/>
  <testcase name="testBlockContractWithExceptionPostconditionNotVerified()" classname="de.uka.ilkd.key.symbolic_execution.testcase.TestSymbolicExecutionTreeBuilder" time="3.174"/>
  <testcase name="testBlockContractWithReturn()" classname="de.uka.ilkd.key.symbolic_execution.testcase.TestSymbolicExecutionTreeBuilder" time="2.879"/>
  <testcase name="testBlockContractWithReturnPostconditionNotVerified()" classname="de.uka.ilkd.key.symbolic_execution.testcase.TestSymbolicExecutionTreeBuilder" time="2.863"/>
  <testcase name="testBranchPruning()" classname="de.uka.ilkd.key.symbolic_execution.testcase.TestSymbolicExecutionTreeBuilder" time="3.031"/>
  <testcase name="testBranchStatementBlockTest_ifNoBlock()" classname="de.uka.ilkd.key.symbolic_execution.testcase.TestSymbolicExecutionTreeBuilder" time="3.035"/>
  <testcase name="testBranchStatementBlockTest_min()" classname="de.uka.ilkd.key.symbolic_execution.testcase.TestSymbolicExecutionTreeBuilder" time="3.017"/>
  <testcase name="testBranchStatementBlockTest_nestedIf()" classname="de.uka.ilkd.key.symbolic_execution.testcase.TestSymbolicExecutionTreeBuilder" time="3.207"/>
  <testcase name="testBranchStatementBlockTest_onlyElse()" classname="de.uka.ilkd.key.symbolic_execution.testcase.TestSymbolicExecutionTreeBuilder" time="2.893"/>
  <testcase name="testBranchStatementBlockTest_onlyEmptyThen()" classname="de.uka.ilkd.key.symbolic_execution.testcase.TestSymbolicExecutionTreeBuilder" time="2.846"/>
  <testcase name="testBranchStatementBlockTest_onlyThen()" classname="de.uka.ilkd.key.symbolic_execution.testcase.TestSymbolicExecutionTreeBuilder" time="2.881"/>
  <testcase name="testBranchStatementBlockTest_recursive()" classname="de.uka.ilkd.key.symbolic_execution.testcase.TestSymbolicExecutionTreeBuilder" time="3.14"/>
  <testcase name="testBranchStatementBlockTest_simpleBlock()" classname="de.uka.ilkd.key.symbolic_execution.testcase.TestSymbolicExecutionTreeBuilder" time="2.843"/>
  <testcase name="testBranchStatementBlockTest_switchTest()" classname="de.uka.ilkd.key.symbolic_execution.testcase.TestSymbolicExecutionTreeBuilder" time="3.617"/>
  <testcase name="testComplexConstructorTest()" classname="de.uka.ilkd.key.symbolic_execution.testcase.TestSymbolicExecutionTreeBuilder" time="0.001">
    <skipped/>
  </testcase>
  <testcase name="testComplexFlatSteps()" classname="de.uka.ilkd.key.symbolic_execution.testcase.TestSymbolicExecutionTreeBuilder" time="2.883"/>
  <testcase name="testComplexIf()" classname="de.uka.ilkd.key.symbolic_execution.testcase.TestSymbolicExecutionTreeBuilder" time="3.016"/>
  <testcase name="testComplexPruning()" classname="de.uka.ilkd.key.symbolic_execution.testcase.TestSymbolicExecutionTreeBuilder" time="3.021"/>
  <testcase name="testConstraintsAfterUsedLoopInvariant()" classname="de.uka.ilkd.key.symbolic_execution.testcase.TestSymbolicExecutionTreeBuilder" time="8.27"/>
  <testcase name="testConstraintsOfAppliedMethodContract()" classname="de.uka.ilkd.key.symbolic_execution.testcase.TestSymbolicExecutionTreeBuilder" time="8.028"/>
  <testcase name="testDoWhileFlaseTest()" classname="de.uka.ilkd.key.symbolic_execution.testcase.TestSymbolicExecutionTreeBuilder" time="2.861"/>
  <testcase name="testDoWhileTest()" classname="de.uka.ilkd.key.symbolic_execution.testcase.TestSymbolicExecutionTreeBuilder" time="3.003"/>
  <testcase name="testElseIfDifferentVariables()" classname="de.uka.ilkd.key.symbolic_execution.testcase.TestSymbolicExecutionTreeBuilder" time="3.165"/>
  <testcase name="testElseIfTest()" classname="de.uka.ilkd.key.symbolic_execution.testcase.TestSymbolicExecutionTreeBuilder" time="3.9"/>
  <testcase name="testElseIfTest_mergedBranchConditions()" classname="de.uka.ilkd.key.symbolic_execution.testcase.TestSymbolicExecutionTreeBuilder" time="3.969"/>
  <testcase name="testElseIfTest_variablesParameterAttributesChange()" classname="de.uka.ilkd.key.symbolic_execution.testcase.TestSymbolicExecutionTreeBuilder" time="4.476"/>
  <testcase name="testEmptyBlockTest()" classname="de.uka.ilkd.key.symbolic_execution.testcase.TestSymbolicExecutionTreeBuilder" time="2.896"/>
  <testcase name="testExceptionalMethodReturnTest()" classname="de.uka.ilkd.key.symbolic_execution.testcase.TestSymbolicExecutionTreeBuilder" time="3.281"/>
  <testcase name="testExceptionalMethodReturnTestWithLoop()" classname="de.uka.ilkd.key.symbolic_execution.testcase.TestSymbolicExecutionTreeBuilder" time="3.807"/>
  <testcase name="testFixedRecursiveMethodCallTest()" classname="de.uka.ilkd.key.symbolic_execution.testcase.TestSymbolicExecutionTreeBuilder" time="3.191"/>
  <testcase name="testForEachTest()" classname="de.uka.ilkd.key.symbolic_execution.testcase.TestSymbolicExecutionTreeBuilder" time="3.188"/>
  <testcase name="testForFalseTest()" classname="de.uka.ilkd.key.symbolic_execution.testcase.TestSymbolicExecutionTreeBuilder" time="2.866"/>
  <testcase name="testForTest()" classname="de.uka.ilkd.key.symbolic_execution.testcase.TestSymbolicExecutionTreeBuilder" time="3.04"/>
  <testcase name="testFunctionalDoWhileTest()" classname="de.uka.ilkd.key.symbolic_execution.testcase.TestSymbolicExecutionTreeBuilder" time="3.128"/>
  <testcase name="testFunctionalForTest()" classname="de.uka.ilkd.key.symbolic_execution.testcase.TestSymbolicExecutionTreeBuilder" time="3.137"/>
  <testcase name="testFunctionalIf()" classname="de.uka.ilkd.key.symbolic_execution.testcase.TestSymbolicExecutionTreeBuilder" time="3.082"/>
  <testcase name="testFunctionalWhileTest()" classname="de.uka.ilkd.key.symbolic_execution.testcase.TestSymbolicExecutionTreeBuilder" time="3.156"/>
  <testcase name="testIdenticalTermsDuringProof()" classname="de.uka.ilkd.key.symbolic_execution.testcase.TestSymbolicExecutionTreeBuilder" time="3.233"/>
  <testcase name="testInstanceContractTest_mainBooleanResultUnspecifiedUnused()" classname="de.uka.ilkd.key.symbolic_execution.testcase.TestSymbolicExecutionTreeBuilder" time="3.031"/>
  <testcase name="testInstanceContractTest_mainBooleanResultUnused()" classname="de.uka.ilkd.key.symbolic_execution.testcase.TestSymbolicExecutionTreeBuilder" time="2.896"/>
  <testcase name="testInstanceContractTest_mainConstructor()" classname="de.uka.ilkd.key.symbolic_execution.testcase.TestSymbolicExecutionTreeBuilder" time="2.932"/>
  <testcase name="testInstanceContractTest_mainExceptinal()" classname="de.uka.ilkd.key.symbolic_execution.testcase.TestSymbolicExecutionTreeBuilder" time="2.905"/>
  <testcase name="testInstanceContractTest_mainExceptinalUnused()" classname="de.uka.ilkd.key.symbolic_execution.testcase.TestSymbolicExecutionTreeBuilder" time="2.907"/>
  <testcase name="testInstanceContractTest_mainExceptinalVoid()" classname="de.uka.ilkd.key.symbolic_execution.testcase.TestSymbolicExecutionTreeBuilder" time="2.946"/>
  <testcase name="testInstanceContractTest_mainExceptionalConstructor()" classname="de.uka.ilkd.key.symbolic_execution.testcase.TestSymbolicExecutionTreeBuilder" time="2.911"/>
  <testcase name="testInstanceContractTest_mainNoArgs()" classname="de.uka.ilkd.key.symbolic_execution.testcase.TestSymbolicExecutionTreeBuilder" time="2.901"/>
  <testcase name="testInstanceContractTest_mainOnObject()" classname="de.uka.ilkd.key.symbolic_execution.testcase.TestSymbolicExecutionTreeBuilder" time="2.952"/>
  <testcase name="testInstanceContractTest_mainResult()" classname="de.uka.ilkd.key.symbolic_execution.testcase.TestSymbolicExecutionTreeBuilder" time="2.946"/>
  <testcase name="testInstanceContractTest_mainResultNotSpecified()" classname="de.uka.ilkd.key.symbolic_execution.testcase.TestSymbolicExecutionTreeBuilder" time="2.947"/>
  <testcase name="testInstanceContractTest_mainVoidMethod()" classname="de.uka.ilkd.key.symbolic_execution.testcase.TestSymbolicExecutionTreeBuilder" time="2.912"/>
  <testcase name="testInstanceOfNotInEndlessLoop()" classname="de.uka.ilkd.key.symbolic_execution.testcase.TestSymbolicExecutionTreeBuilder" time="3.202"/>
  <testcase name="testJoinTestAfterAssignment()" classname="de.uka.ilkd.key.symbolic_execution.testcase.TestSymbolicExecutionTreeBuilder" time="2.823"/>
  <testcase name="testJoinTestAfterBranchCondition()" classname="de.uka.ilkd.key.symbolic_execution.testcase.TestSymbolicExecutionTreeBuilder" time="2.82"/>
  <testcase name="testJoinTestAfterBranchConditionWithWeakeningGoal()" classname="de.uka.ilkd.key.symbolic_execution.testcase.TestSymbolicExecutionTreeBuilder" time="2.816"/>
  <testcase name="testJoinTestAfterBranchConditionWithWeakeningGoalAndSubgoals()" classname="de.uka.ilkd.key.symbolic_execution.testcase.TestSymbolicExecutionTreeBuilder" time="2.839"/>
  <testcase name="testJoinTestAfterBranchConditionWithWeakeningGoalNotVerified()" classname="de.uka.ilkd.key.symbolic_execution.testcase.TestSymbolicExecutionTreeBuilder" time="2.836"/>
  <testcase name="testLabelTest_doubled()" classname="de.uka.ilkd.key.symbolic_execution.testcase.TestSymbolicExecutionTreeBuilder" time="2.855"/>
  <testcase name="testLabelTest_lost()" classname="de.uka.ilkd.key.symbolic_execution.testcase.TestSymbolicExecutionTreeBuilder" time="2.844"/>
  <testcase name="testLoopBodyBranchClosed()" classname="de.uka.ilkd.key.symbolic_execution.testcase.TestSymbolicExecutionTreeBuilder" time="2.865"/>
  <testcase name="testLoopInvariantAndOperationContractStrictlyPure()" classname="de.uka.ilkd.key.symbolic_execution.testcase.TestSymbolicExecutionTreeBuilder" time="4.829"/>
  <testcase name="testLoopInvariantMethodReturnInDifferentModalities()" classname="de.uka.ilkd.key.symbolic_execution.testcase.TestSymbolicExecutionTreeBuilder" time="3.965"/>
  <testcase name="testLoopIteration_LoopStatementCopied()" classname="de.uka.ilkd.key.symbolic_execution.testcase.TestSymbolicExecutionTreeBuilder" time="2.932"/>
  <testcase name="testLoopIteration_LoopStatementReused()" classname="de.uka.ilkd.key.symbolic_execution.testcase.TestSymbolicExecutionTreeBuilder" time="2.93"/>
  <testcase name="testLoopIteration_LoopWithMethod()" classname="de.uka.ilkd.key.symbolic_execution.testcase.TestSymbolicExecutionTreeBuilder" time="3.37"/>
  <testcase name="testLoopStatementBlockTest_nestedLoop()" classname="de.uka.ilkd.key.symbolic_execution.testcase.TestSymbolicExecutionTreeBuilder" time="3.837"/>
  <testcase name="testLoopStatementBlockTest_simpleLoop()" classname="de.uka.ilkd.key.symbolic_execution.testcase.TestSymbolicExecutionTreeBuilder" time="2.944"/>
  <testcase name="testLoopUsageBranchClosed()" classname="de.uka.ilkd.key.symbolic_execution.testcase.TestSymbolicExecutionTreeBuilder" time="2.829"/>
  <testcase name="testMethodCallOnObject()" classname="de.uka.ilkd.key.symbolic_execution.testcase.TestSymbolicExecutionTreeBuilder" time="2.942"/>
  <testcase name="testMethodCallOnObjectWithException()" classname="de.uka.ilkd.key.symbolic_execution.testcase.TestSymbolicExecutionTreeBuilder" time="3.19"/>
  <testcase name="testMethodCallParallelTest()" classname="de.uka.ilkd.key.symbolic_execution.testcase.TestSymbolicExecutionTreeBuilder" time="3.276"/>
  <testcase name="testMethodCallReturnTests()" classname="de.uka.ilkd.key.symbolic_execution.testcase.TestSymbolicExecutionTreeBuilder" time="12.694"/>
  <testcase name="testMethodCallStack()" classname="de.uka.ilkd.key.symbolic_execution.testcase.TestSymbolicExecutionTreeBuilder" time="3.653"/>
  <testcase name="testMethodFormatTest()" classname="de.uka.ilkd.key.symbolic_execution.testcase.TestSymbolicExecutionTreeBuilder" time="3.176"/>
  <testcase name="testMethodHierarchyCallTest()" classname="de.uka.ilkd.key.symbolic_execution.testcase.TestSymbolicExecutionTreeBuilder" time="2.995"/>
  <testcase name="testMethodHierarchyCallWithExceptionTest()" classname="de.uka.ilkd.key.symbolic_execution.testcase.TestSymbolicExecutionTreeBuilder" time="2.999"/>
  <testcase name="testNestedDoWhileTest()" classname="de.uka.ilkd.key.symbolic_execution.testcase.TestSymbolicExecutionTreeBuilder" time="3.021"/>
  <testcase name="testNestedForTest()" classname="de.uka.ilkd.key.symbolic_execution.testcase.TestSymbolicExecutionTreeBuilder" time="3.034"/>
  <testcase name="testNestedLoopsWithContinue()" classname="de.uka.ilkd.key.symbolic_execution.testcase.TestSymbolicExecutionTreeBuilder" time="4.593"/>
  <testcase name="testNestedWhileTest()" classname="de.uka.ilkd.key.symbolic_execution.testcase.TestSymbolicExecutionTreeBuilder" time="3.095"/>
  <testcase name="testPrettyPrinting_Disabled()" classname="de.uka.ilkd.key.symbolic_execution.testcase.TestSymbolicExecutionTreeBuilder" time="5.905"/>
  <testcase name="testPrettyPrinting_Enabled()" classname="de.uka.ilkd.key.symbolic_execution.testcase.TestSymbolicExecutionTreeBuilder" time="5.799"/>
  <testcase name="testRecursiveFibonacci_LONG_RUNNING_TEST()" classname="de.uka.ilkd.key.symbolic_execution.testcase.TestSymbolicExecutionTreeBuilder" time="32.551"/>
  <testcase name="testSimpleConstructorTest()" classname="de.uka.ilkd.key.symbolic_execution.testcase.TestSymbolicExecutionTreeBuilder" time="2.961"/>
  <testcase name="testSimpleIf()" classname="de.uka.ilkd.key.symbolic_execution.testcase.TestSymbolicExecutionTreeBuilder" time="3.047"/>
  <testcase name="testSimpleIfNoConditionSimplification()" classname="de.uka.ilkd.key.symbolic_execution.testcase.TestSymbolicExecutionTreeBuilder" time="2.832"/>
  <testcase name="testSimpleMethodCallStack()" classname="de.uka.ilkd.key.symbolic_execution.testcase.TestSymbolicExecutionTreeBuilder" time="2.902"/>
  <testcase name="testSimpleNullPointerSplitTest()" classname="de.uka.ilkd.key.symbolic_execution.testcase.TestSymbolicExecutionTreeBuilder" time="3.055"/>
  <testcase name="testSimplePruning()" classname="de.uka.ilkd.key.symbolic_execution.testcase.TestSymbolicExecutionTreeBuilder" time="3.023"/>
  <testcase name="testSimpleStaticContractTest()" classname="de.uka.ilkd.key.symbolic_execution.testcase.TestSymbolicExecutionTreeBuilder" time="2.884"/>
  <testcase name="testStatementKindTest()" classname="de.uka.ilkd.key.symbolic_execution.testcase.TestSymbolicExecutionTreeBuilder" time="3.003"/>
  <testcase name="testStatements()" classname="de.uka.ilkd.key.symbolic_execution.testcase.TestSymbolicExecutionTreeBuilder" time="2.853"/>
  <testcase name="testStaticContractTest_mainBooleanResultUnspecifiedUnused()" classname="de.uka.ilkd.key.symbolic_execution.testcase.TestSymbolicExecutionTreeBuilder" time="2.901"/>
  <testcase name="testStaticContractTest_mainBooleanResultUnused()" classname="de.uka.ilkd.key.symbolic_execution.testcase.TestSymbolicExecutionTreeBuilder" time="2.885"/>
  <testcase name="testStaticContractTest_mainConstructor()" classname="de.uka.ilkd.key.symbolic_execution.testcase.TestSymbolicExecutionTreeBuilder" time="2.931"/>
  <testcase name="testStaticContractTest_mainExceptinal()" classname="de.uka.ilkd.key.symbolic_execution.testcase.TestSymbolicExecutionTreeBuilder" time="2.888"/>
  <testcase name="testStaticContractTest_mainExceptinalUnused()" classname="de.uka.ilkd.key.symbolic_execution.testcase.TestSymbolicExecutionTreeBuilder" time="2.876"/>
  <testcase name="testStaticContractTest_mainExceptinalVoid()" classname="de.uka.ilkd.key.symbolic_execution.testcase.TestSymbolicExecutionTreeBuilder" time="2.901"/>
  <testcase name="testStaticContractTest_mainExceptionalConstructor()" classname="de.uka.ilkd.key.symbolic_execution.testcase.TestSymbolicExecutionTreeBuilder" time="2.881"/>
  <testcase name="testStaticContractTest_mainNoArgs()" classname="de.uka.ilkd.key.symbolic_execution.testcase.TestSymbolicExecutionTreeBuilder" time="2.922"/>
  <testcase name="testStaticContractTest_mainOnObject()" classname="de.uka.ilkd.key.symbolic_execution.testcase.TestSymbolicExecutionTreeBuilder" time="2.95"/>
  <testcase name="testStaticContractTest_mainResult()" classname="de.uka.ilkd.key.symbolic_execution.testcase.TestSymbolicExecutionTreeBuilder" time="2.973"/>
  <testcase name="testStaticContractTest_mainResultNotSpecified()" classname="de.uka.ilkd.key.symbolic_execution.testcase.TestSymbolicExecutionTreeBuilder" time="2.98"/>
  <testcase name="testStaticContractTest_mainVoidMethod()" classname="de.uka.ilkd.key.symbolic_execution.testcase.TestSymbolicExecutionTreeBuilder" time="2.903"/>
  <testcase name="testStaticDefaultContractTest()" classname="de.uka.ilkd.key.symbolic_execution.testcase.TestSymbolicExecutionTreeBuilder" time="2.957"/>
  <testcase name="testStaticInstanceFieldChanged()" classname="de.uka.ilkd.key.symbolic_execution.testcase.TestSymbolicExecutionTreeBuilder" time="11.246"/>
  <testcase name="testStaticMethodCall()" classname="de.uka.ilkd.key.symbolic_execution.testcase.TestSymbolicExecutionTreeBuilder" time="2.933"/>
  <testcase name="testSwitchCaseTest()" classname="de.uka.ilkd.key.symbolic_execution.testcase.TestSymbolicExecutionTreeBuilder" time="3.596"/>
  <testcase name="testSwitchCaseTest_mergedBranchConditions()" classname="de.uka.ilkd.key.symbolic_execution.testcase.TestSymbolicExecutionTreeBuilder" time="3.785"/>
  <testcase name="testSymbolicExecutionCompletionsTest()" classname="de.uka.ilkd.key.symbolic_execution.testcase.TestSymbolicExecutionTreeBuilder" time="3.398"/>
  <testcase name="testThrowTest()" classname="de.uka.ilkd.key.symbolic_execution.testcase.TestSymbolicExecutionTreeBuilder" time="2.831"/>
  <testcase name="testThrowVariableTest()" classname="de.uka.ilkd.key.symbolic_execution.testcase.TestSymbolicExecutionTreeBuilder" time="2.847"/>
  <testcase name="testTryCatchFinally()" classname="de.uka.ilkd.key.symbolic_execution.testcase.TestSymbolicExecutionTreeBuilder" time="3.05"/>
  <testcase name="testUnicode_Disabled()" classname="de.uka.ilkd.key.symbolic_execution.testcase.TestSymbolicExecutionTreeBuilder" time="5.471"/>
  <testcase name="testUnicode_Enabled()" classname="de.uka.ilkd.key.symbolic_execution.testcase.TestSymbolicExecutionTreeBuilder" time="5.468"/>
  <testcase name="testUseLoopInvariantArrayAverage()" classname="de.uka.ilkd.key.symbolic_execution.testcase.TestSymbolicExecutionTreeBuilder" time="4.404"/>
  <testcase name="testUseLoopInvariantArraySizeDoWhile()" classname="de.uka.ilkd.key.symbolic_execution.testcase.TestSymbolicExecutionTreeBuilder" time="3.239"/>
  <testcase name="testUseLoopInvariantArraySizeWhile()" classname="de.uka.ilkd.key.symbolic_execution.testcase.TestSymbolicExecutionTreeBuilder" time="3.117"/>
  <testcase name="testUseLoopInvariantArraySumFor()" classname="de.uka.ilkd.key.symbolic_execution.testcase.TestSymbolicExecutionTreeBuilder" time="3.222"/>
  <testcase name="testUseLoopInvariantArraySumForEach()" classname="de.uka.ilkd.key.symbolic_execution.testcase.TestSymbolicExecutionTreeBuilder" time="3.227"/>
  <testcase name="testUseLoopInvariantArraySumWhile()" classname="de.uka.ilkd.key.symbolic_execution.testcase.TestSymbolicExecutionTreeBuilder" time="3.236"/>
  <testcase name="testUseLoopInvariantArraySumWhileInitiallyInvalid()" classname="de.uka.ilkd.key.symbolic_execution.testcase.TestSymbolicExecutionTreeBuilder" time="3.226"/>
  <testcase name="testUseLoopInvariantLoopSplittingCondition()" classname="de.uka.ilkd.key.symbolic_execution.testcase.TestSymbolicExecutionTreeBuilder" time="3.695"/>
  <testcase name="testUseLoopInvariantTwoLoops()" classname="de.uka.ilkd.key.symbolic_execution.testcase.TestSymbolicExecutionTreeBuilder" time="3.403"/>
  <testcase name="testUseLoopInvariantWithoutDecreasing()" classname="de.uka.ilkd.key.symbolic_execution.testcase.TestSymbolicExecutionTreeBuilder" time="3.157"/>
  <testcase name="testUseOperationContractAllBranchesOpenTest()" classname="de.uka.ilkd.key.symbolic_execution.testcase.TestSymbolicExecutionTreeBuilder" time="3.353"/>
  <testcase name="testUseOperationContractApplyContractTwice()" classname="de.uka.ilkd.key.symbolic_execution.testcase.TestSymbolicExecutionTreeBuilder" time="2.872"/>
  <testcase name="testUseOperationContractExceptionalNoPreconditionWithNullCheckTest()" classname="de.uka.ilkd.key.symbolic_execution.testcase.TestSymbolicExecutionTreeBuilder" time="2.903"/>
  <testcase name="testUseOperationContractFalsePreconditionTest()" classname="de.uka.ilkd.key.symbolic_execution.testcase.TestSymbolicExecutionTreeBuilder" time="2.883"/>
  <testcase name="testUseOperationContractFixedNormalPostTest()" classname="de.uka.ilkd.key.symbolic_execution.testcase.TestSymbolicExecutionTreeBuilder" time="2.861"/>
  <testcase name="testUseOperationContractInvalidPreconditionOnObjectTest()" classname="de.uka.ilkd.key.symbolic_execution.testcase.TestSymbolicExecutionTreeBuilder" time="2.896"/>
  <testcase name="testUseOperationContractInvalidPreconditionTest()" classname="de.uka.ilkd.key.symbolic_execution.testcase.TestSymbolicExecutionTreeBuilder" time="2.921"/>
  <testcase name="testUseOperationContractLightweightOperationContractTest()" classname="de.uka.ilkd.key.symbolic_execution.testcase.TestSymbolicExecutionTreeBuilder" time="2.836"/>
  <testcase name="testUseOperationContractNoExceptionTest()" classname="de.uka.ilkd.key.symbolic_execution.testcase.TestSymbolicExecutionTreeBuilder" time="2.877"/>
  <testcase name="testUseOperationContractNoPreconditionTest()" classname="de.uka.ilkd.key.symbolic_execution.testcase.TestSymbolicExecutionTreeBuilder" time="2.854"/>
  <testcase name="testUseOperationContractNoPreconditionWithNullCheckTest()" classname="de.uka.ilkd.key.symbolic_execution.testcase.TestSymbolicExecutionTreeBuilder" time="2.898"/>
  <testcase name="testUseOperationContractNormalAndExceptionalBranchTest()" classname="de.uka.ilkd.key.symbolic_execution.testcase.TestSymbolicExecutionTreeBuilder" time="3.111"/>
  <testcase name="testUseOperationContractNormalAndExceptionalTogetherTest()" classname="de.uka.ilkd.key.symbolic_execution.testcase.TestSymbolicExecutionTreeBuilder" time="2.846"/>
  <testcase name="testUseOperationContractQueryTest()" classname="de.uka.ilkd.key.symbolic_execution.testcase.TestSymbolicExecutionTreeBuilder" time="2.839"/>
  <testcase name="testUseOperationContractStatementsInImpliciteConstructor()" classname="de.uka.ilkd.key.symbolic_execution.testcase.TestSymbolicExecutionTreeBuilder" time="13.568"/>
  <testcase name="testUseOperationContractVariableNestedOperationContractUse()" classname="de.uka.ilkd.key.symbolic_execution.testcase.TestSymbolicExecutionTreeBuilder" time="2.906"/>
  <testcase name="testVariablesArrayAssignmentTest()" classname="de.uka.ilkd.key.symbolic_execution.testcase.TestSymbolicExecutionTreeBuilder" time="4.68"/>
  <testcase name="testVariablesArrayCreationInstanceTest()" classname="de.uka.ilkd.key.symbolic_execution.testcase.TestSymbolicExecutionTreeBuilder" time="5.851"/>
  <testcase name="testVariablesArrayCreationTest()" classname="de.uka.ilkd.key.symbolic_execution.testcase.TestSymbolicExecutionTreeBuilder" time="5.827"/>
  <testcase name="testVariablesArrayTest()" classname="de.uka.ilkd.key.symbolic_execution.testcase.TestSymbolicExecutionTreeBuilder" time="7.821"/>
  <testcase name="testVariablesEmptyArrayCreationTest()" classname="de.uka.ilkd.key.symbolic_execution.testcase.TestSymbolicExecutionTreeBuilder" time="3.654"/>
  <testcase name="testVariablesInstanceVariableTest()" classname="de.uka.ilkd.key.symbolic_execution.testcase.TestSymbolicExecutionTreeBuilder" time="20.003"/>
  <testcase name="testVariablesLocalTest()" classname="de.uka.ilkd.key.symbolic_execution.testcase.TestSymbolicExecutionTreeBuilder" time="4.695"/>
  <testcase name="testVariablesNonSimpleArrayAssignmentTest()" classname="de.uka.ilkd.key.symbolic_execution.testcase.TestSymbolicExecutionTreeBuilder" time="21.371"/>
  <testcase name="testVariablesNonSimpleArrayCreationTest()" classname="de.uka.ilkd.key.symbolic_execution.testcase.TestSymbolicExecutionTreeBuilder" time="7.171"/>
  <testcase name="testVariablesStaticTest()" classname="de.uka.ilkd.key.symbolic_execution.testcase.TestSymbolicExecutionTreeBuilder" time="4.309"/>
  <testcase name="testVariablesUnknownTest()" classname="de.uka.ilkd.key.symbolic_execution.testcase.TestSymbolicExecutionTreeBuilder" time="11.436"/>
  <testcase name="testVerifiedTest_loop()" classname="de.uka.ilkd.key.symbolic_execution.testcase.TestSymbolicExecutionTreeBuilder" time="3.328"/>
  <testcase name="testVerifiedTest_magic()" classname="de.uka.ilkd.key.symbolic_execution.testcase.TestSymbolicExecutionTreeBuilder" time="2.87"/>
  <testcase name="testVerifiedTest_magicException()" classname="de.uka.ilkd.key.symbolic_execution.testcase.TestSymbolicExecutionTreeBuilder" time="2.905"/>
  <testcase name="testVerifiedTest_notLoop()" classname="de.uka.ilkd.key.symbolic_execution.testcase.TestSymbolicExecutionTreeBuilder" time="3.44"/>
  <testcase name="testVerifiedTest_notMagic()" classname="de.uka.ilkd.key.symbolic_execution.testcase.TestSymbolicExecutionTreeBuilder" time="2.902"/>
  <testcase name="testVerifiedTest_notMagicException()" classname="de.uka.ilkd.key.symbolic_execution.testcase.TestSymbolicExecutionTreeBuilder" time="2.869"/>
  <testcase name="testVerifyMin()" classname="de.uka.ilkd.key.symbolic_execution.testcase.TestSymbolicExecutionTreeBuilder" time="5.253"/>
  <testcase name="testVerifyMinTrueBranch()" classname="de.uka.ilkd.key.symbolic_execution.testcase.TestSymbolicExecutionTreeBuilder" time="2.711"/>
  <testcase name="testVerifyNumberNormal()" classname="de.uka.ilkd.key.symbolic_execution.testcase.TestSymbolicExecutionTreeBuilder" time="2.88"/>
  <testcase name="testVoidWhileWithReturn()" classname="de.uka.ilkd.key.symbolic_execution.testcase.TestSymbolicExecutionTreeBuilder" time="3.359"/>
  <testcase name="testWhileFalseTest()" classname="de.uka.ilkd.key.symbolic_execution.testcase.TestSymbolicExecutionTreeBuilder" time="2.86"/>
  <testcase name="testWhileTest()" classname="de.uka.ilkd.key.symbolic_execution.testcase.TestSymbolicExecutionTreeBuilder" time="3.022"/>
  <testcase name="testWhileWithLoopInvariantInCondition()" classname="de.uka.ilkd.key.symbolic_execution.testcase.TestSymbolicExecutionTreeBuilder" time="3.593"/>
  <testcase name="testWhileWithMethodCallAsConditionOnObject()" classname="de.uka.ilkd.key.symbolic_execution.testcase.TestSymbolicExecutionTreeBuilder" time="7.272"/>
  <testcase name="testWhileWithMethodCallAsCondition_NoPreExpandMethods()" classname="de.uka.ilkd.key.symbolic_execution.testcase.TestSymbolicExecutionTreeBuilder" time="3.337"/>
  <testcase name="testWhileWithMethodCallAsCondition_NoPreMethodContract()" classname="de.uka.ilkd.key.symbolic_execution.testcase.TestSymbolicExecutionTreeBuilder" time="4.701"/>
  <testcase name="testWhileWithMethodCallAsCondition_preExpandMethods()" classname="de.uka.ilkd.key.symbolic_execution.testcase.TestSymbolicExecutionTreeBuilder" time="3.298"/>
  <testcase name="testWhileWithMethodCallAsCondition_preMethodContract()" classname="de.uka.ilkd.key.symbolic_execution.testcase.TestSymbolicExecutionTreeBuilder" time="3.184"/>
  <system-out><![CDATA[]]></system-out>
  <system-err><![CDATA[]]></system-err>
</testsuite>
