<?xml version="1.0" encoding="UTF-8"?>
<testsuite name="de.uka.ilkd.key.symbolic_execution.testcase.TestExecutionVariableExtractor" tests="16" skipped="0" failures="0" errors="0" timestamp="2023-02-02T11:23:47" hostname="fv-az357-935" time="92.616">
  <properties/>
  <testcase name="testUpdateVariablesTest()" classname="de.uka.ilkd.key.symbolic_execution.testcase.TestExecutionVariableExtractor" time="3.566"/>
  <testcase name="testVariableArrayIndex()" classname="de.uka.ilkd.key.symbolic_execution.testcase.TestExecutionVariableExtractor" time="4.062"/>
  <testcase name="testVariableMethodContractTest()" classname="de.uka.ilkd.key.symbolic_execution.testcase.TestExecutionVariableExtractor" time="4.587"/>
  <testcase name="testVariableVariablesArrayTest()" classname="de.uka.ilkd.key.symbolic_execution.testcase.TestExecutionVariableExtractor" time="6.243"/>
  <testcase name="testVariablesArrayAssignmentTest()" classname="de.uka.ilkd.key.symbolic_execution.testcase.TestExecutionVariableExtractor" time="4.095"/>
  <testcase name="testVariablesArrayCreationInstanceTest()" classname="de.uka.ilkd.key.symbolic_execution.testcase.TestExecutionVariableExtractor" time="6.568"/>
  <testcase name="testVariablesArrayCreationTest()" classname="de.uka.ilkd.key.symbolic_execution.testcase.TestExecutionVariableExtractor" time="5.461"/>
  <testcase name="testVariablesConditionalCycle()" classname="de.uka.ilkd.key.symbolic_execution.testcase.TestExecutionVariableExtractor" time="4.046"/>
  <testcase name="testVariablesConditionalValuesTest()" classname="de.uka.ilkd.key.symbolic_execution.testcase.TestExecutionVariableExtractor" time="6.435"/>
  <testcase name="testVariablesConditionalValuesTest_next()" classname="de.uka.ilkd.key.symbolic_execution.testcase.TestExecutionVariableExtractor" time="7.058"/>
  <testcase name="testVariablesEmptyArrayCreationTest()" classname="de.uka.ilkd.key.symbolic_execution.testcase.TestExecutionVariableExtractor" time="3.672"/>
  <testcase name="testVariablesLocalVariablesTest()" classname="de.uka.ilkd.key.symbolic_execution.testcase.TestExecutionVariableExtractor" time="3.322"/>
  <testcase name="testVariablesNonSimpleArrayAssignmentTest()" classname="de.uka.ilkd.key.symbolic_execution.testcase.TestExecutionVariableExtractor" time="12.266"/>
  <testcase name="testVariablesNonSimpleArrayCreationTest()" classname="de.uka.ilkd.key.symbolic_execution.testcase.TestExecutionVariableExtractor" time="5.447"/>
  <testcase name="testVariablesSimpleCycle()" classname="de.uka.ilkd.key.symbolic_execution.testcase.TestExecutionVariableExtractor" time="3.298"/>
  <testcase name="testVariablesWithQuantifier()" classname="de.uka.ilkd.key.symbolic_execution.testcase.TestExecutionVariableExtractor" time="12.482"/>
  <system-out><![CDATA[]]></system-out>
  <system-err><![CDATA[]]></system-err>
</testsuite>
