<?xml version="1.0" encoding="UTF-8"?>
<testsuite name="de.uka.ilkd.key.parser.TestParallelParsing" tests="1" skipped="0" failures="0" errors="0" timestamp="2023-03-06T20:43:22" hostname="fv-az442-882" time="11.557">
  <properties/>
  <testcase name="testLoadingOfTwoDifferentProofFiles()" classname="de.uka.ilkd.key.parser.TestParallelParsing" time="11.557"/>
  <system-out><![CDATA[]]></system-out>
  <system-err><![CDATA[]]></system-err>
</testsuite>
