<?xml version="1.0" encoding="UTF-8"?>
<testsuite name="org.key_project.util.testcase.java.IOUtilTest" tests="26" skipped="0" failures="0" errors="0" timestamp="2023-05-22T21:24:20" hostname="fv-az206-343" time="0.32">
  <properties/>
  <testcase name="testWriteTo_Charstet()" classname="org.key_project.util.testcase.java.IOUtilTest" time="0.027"/>
  <testcase name="testValidateOSIndependentFileName()" classname="org.key_project.util.testcase.java.IOUtilTest" time="0.001"/>
  <testcase name="testCreateTempDirectory()" classname="org.key_project.util.testcase.java.IOUtilTest" time="0.009"/>
  <testcase name="testUnifyLineBreaks()" classname="org.key_project.util.testcase.java.IOUtilTest" time="0.001"/>
  <testcase name="testToURI()" classname="org.key_project.util.testcase.java.IOUtilTest" time="0.003"/>
  <testcase name="testVisit()" classname="org.key_project.util.testcase.java.IOUtilTest" time="0.013"/>
  <testcase name="testCopy()" classname="org.key_project.util.testcase.java.IOUtilTest" time="0.004"/>
  <testcase name="testGetHomeDirectory()" classname="org.key_project.util.testcase.java.IOUtilTest" time="0.001"/>
  <testcase name="testLineInformationNormalizeColumn()" classname="org.key_project.util.testcase.java.IOUtilTest" time="0.001"/>
  <testcase name="testContains_Iterable()" classname="org.key_project.util.testcase.java.IOUtilTest" time="0.019"/>
  <testcase name="testContains_File()" classname="org.key_project.util.testcase.java.IOUtilTest" time="0.031"/>
  <testcase name="testReadFrom_File()" classname="org.key_project.util.testcase.java.IOUtilTest" time="0.004"/>
  <testcase name="testToFileString()" classname="org.key_project.util.testcase.java.IOUtilTest" time="0.003"/>
  <testcase name="testGetFileNameWithoutExtension()" classname="org.key_project.util.testcase.java.IOUtilTest" time="0.0"/>
  <testcase name="testGetClassLocation()" classname="org.key_project.util.testcase.java.IOUtilTest" time="0.001"/>
  <testcase name="testGetFileExtension()" classname="org.key_project.util.testcase.java.IOUtilTest" time="0.0"/>
  <testcase name="testComputeLineInformation_File()" classname="org.key_project.util.testcase.java.IOUtilTest" time="0.021"/>
  <testcase name="testReadFrom_InputStream()" classname="org.key_project.util.testcase.java.IOUtilTest" time="0.003"/>
  <testcase name="testWriteTo()" classname="org.key_project.util.testcase.java.IOUtilTest" time="0.005"/>
  <testcase name="testGetCurrentDirectory()" classname="org.key_project.util.testcase.java.IOUtilTest" time="0.001"/>
  <testcase name="testDelete()" classname="org.key_project.util.testcase.java.IOUtilTest" time="0.008"/>
  <testcase name="testExists()" classname="org.key_project.util.testcase.java.IOUtilTest" time="0.003"/>
  <testcase name="testComputeLineInformation_InputStream()" classname="org.key_project.util.testcase.java.IOUtilTest" time="0.035"/>
  <testcase name="testGetProjectRoot()" classname="org.key_project.util.testcase.java.IOUtilTest" time="0.052"/>
  <testcase name="testSearch()" classname="org.key_project.util.testcase.java.IOUtilTest" time="0.046"/>
  <testcase name="testToFile()" classname="org.key_project.util.testcase.java.IOUtilTest" time="0.001"/>
  <system-out><![CDATA[]]></system-out>
  <system-err><![CDATA[]]></system-err>
</testsuite>
