<?xml version="1.0" encoding="UTF-8"?>
<testsuite name="de.uka.ilkd.key.rule.match.vm.VMTacletMatcherTest" tests="6" skipped="0" failures="0" errors="0" timestamp="2023-04-13T17:27:11" hostname="fv-az319-764" time="0.011">
  <properties/>
  <testcase name="testMatchPropositionalFormula()" classname="de.uka.ilkd.key.rule.match.vm.VMTacletMatcherTest" time="0.002"/>
  <testcase name="testMatchVarBindingTermHiding()" classname="de.uka.ilkd.key.rule.match.vm.VMTacletMatcherTest" time="0.001"/>
  <testcase name="testMatchVarBindingTermNested()" classname="de.uka.ilkd.key.rule.match.vm.VMTacletMatcherTest" time="0.001"/>
  <testcase name="matchVarBindingTermSingle()" classname="de.uka.ilkd.key.rule.match.vm.VMTacletMatcherTest" time="0.001"/>
  <testcase name="testMatchVarBindingTermMoreHiding()" classname="de.uka.ilkd.key.rule.match.vm.VMTacletMatcherTest" time="0.002"/>
  <testcase name="testMatchFunctionTerm()" classname="de.uka.ilkd.key.rule.match.vm.VMTacletMatcherTest" time="0.001"/>
  <system-out><![CDATA[565915     DEBUG Test worker     d.u.i.k.p.i.KeYFile       Reading KeY file file:/D:/a/key/key/key.core/build/resources/main/de/uka/ilkd/key/proof/rules/ldt.key 
565915     DEBUG Test worker     d.u.i.k.p.i.KeYFile       Read specifications obtained when parsing the Java files (usually JML and Strings.key) from file:/D:/a/key/key/key.core/build/resources/main/de/uka/ilkd/key/proof/rules/ldt.key 
566906     DEBUG Test worker     d.u.i.k.p.i.KeYFile       Reading KeY file src\test\resources\testcase\tacletmatch\tacletMatch1.key 
566906     DEBUG Test worker     d.u.i.k.p.i.KeYFile       Reading KeY file file:/D:/a/key/key/key.core/build/resources/main/de/uka/ilkd/key/java/JavaRedux/java/lang/String.key 
566906     DEBUG Test worker     d.u.i.k.p.i.KeYFile       Read specifications obtained when parsing the Java files (usually JML and Strings.key) from file:/D:/a/key/key/key.core/build/resources/main/de/uka/ilkd/key/java/JavaRedux/java/lang/String.key 
569078     DEBUG Test worker     d.u.i.k.p.i.KeYFile       Read specifications obtained when parsing the Java files (usually JML and Strings.key) from src\test\resources\testcase\tacletmatch\tacletMatch1.key 
570050     DEBUG Test worker     d.u.i.k.p.i.KeYFile       Reading KeY file src\test\resources\testcase\tacletmatch\tacletMatch1.key 
570050     DEBUG Test worker     d.u.i.k.p.i.KeYFile       Reading KeY file file:/D:/a/key/key/key.core/build/resources/main/de/uka/ilkd/key/java/JavaRedux/java/lang/String.key 
570050     DEBUG Test worker     d.u.i.k.p.i.KeYFile       Read specifications obtained when parsing the Java files (usually JML and Strings.key) from file:/D:/a/key/key/key.core/build/resources/main/de/uka/ilkd/key/java/JavaRedux/java/lang/String.key 
572121     DEBUG Test worker     d.u.i.k.p.i.KeYFile       Read specifications obtained when parsing the Java files (usually JML and Strings.key) from src\test\resources\testcase\tacletmatch\tacletMatch1.key 
]]></system-out>
  <system-err><![CDATA[]]></system-err>
</testsuite>
