<?xml version="1.0" encoding="UTF-8"?>
<testsuite name="de.uka.ilkd.key.logic.TestLocalSymbols" tests="2" skipped="0" failures="0" errors="0" timestamp="2023-04-13T17:19:25" hostname="fv-az319-764" time="6.543">
  <properties/>
  <testcase name="testSkolemization()" classname="de.uka.ilkd.key.logic.TestLocalSymbols" time="0.06"/>
  <testcase name="testDoubleInstantiation()" classname="de.uka.ilkd.key.logic.TestLocalSymbols" time="6.483"/>
  <system-out><![CDATA[106660     DEBUG Test worker     d.u.i.k.p.m.ProofCorrectnessMgt No justification found for rule and_right 
106660     DEBUG Test worker     d.u.i.k.p.m.ProofCorrectnessMgt No justification found for rule or_right 
106660     DEBUG Test worker     d.u.i.k.p.m.ProofCorrectnessMgt No justification found for rule all_right 
106660     DEBUG Test worker     d.u.i.k.p.m.ProofCorrectnessMgt No justification found for rule all_right 
106660     DEBUG Test worker     d.u.i.k.p.m.ProofCorrectnessMgt No justification found for rule or_right 
106676     DEBUG Test worker     d.u.i.k.p.m.ProofCorrectnessMgt No justification found for rule all_right 
106676     DEBUG Test worker     d.u.i.k.p.m.ProofCorrectnessMgt No justification found for rule all_right 
106676     DEBUG Test worker     d.u.i.k.p.m.ProofCorrectnessMgt No justification found for rule and_right 
106676     DEBUG Test worker     d.u.i.k.p.m.ProofCorrectnessMgt No justification found for rule or_right 
106676     DEBUG Test worker     d.u.i.k.p.m.ProofCorrectnessMgt No justification found for rule all_right 
106676     DEBUG Test worker     d.u.i.k.p.m.ProofCorrectnessMgt No justification found for rule all_right 
106676     DEBUG Test worker     d.u.i.k.p.m.ProofCorrectnessMgt No justification found for rule or_right 
106691     DEBUG Test worker     d.u.i.k.p.m.ProofCorrectnessMgt No justification found for rule all_right 
106691     DEBUG Test worker     d.u.i.k.p.m.ProofCorrectnessMgt No justification found for rule all_right 
106785     DEBUG Test worker     d.u.i.k.p.i.KeYFile       Reading KeY file file:/D:/a/key/key/key.core/build/resources/main/de/uka/ilkd/key/proof/rules/ldt.key 
106785     DEBUG Test worker     d.u.i.k.p.i.KeYFile       Read specifications obtained when parsing the Java files (usually JML and Strings.key) from file:/D:/a/key/key/key.core/build/resources/main/de/uka/ilkd/key/proof/rules/ldt.key 
106785     DEBUG Test worker     d.u.i.k.p.i.KeYFile       Reading KeY file file:/D:/a/key/key/key.core/build/resources/main/de/uka/ilkd/key/proof/rules/propRule.key 
106785     DEBUG Test worker     d.u.i.k.p.i.KeYFile       Read specifications obtained when parsing the Java files (usually JML and Strings.key) from file:/D:/a/key/key/key.core/build/resources/main/de/uka/ilkd/key/proof/rules/propRule.key 
106801     DEBUG Test worker     d.u.i.k.p.i.KeYFile       Reading KeY file file:/D:/a/key/key/key.core/build/resources/main/de/uka/ilkd/key/proof/rules/firstOrderRules.key 
106801     DEBUG Test worker     d.u.i.k.p.i.KeYFile       Read specifications obtained when parsing the Java files (usually JML and Strings.key) from file:/D:/a/key/key/key.core/build/resources/main/de/uka/ilkd/key/proof/rules/firstOrderRules.key 
106832     DEBUG Test worker     d.u.i.k.p.i.KeYFile       Reading KeY file file:/D:/a/key/key/key.core/build/resources/main/de/uka/ilkd/key/proof/rules/ifThenElseRules.key 
106832     DEBUG Test worker     d.u.i.k.p.i.KeYFile       Read specifications obtained when parsing the Java files (usually JML and Strings.key) from file:/D:/a/key/key/key.core/build/resources/main/de/uka/ilkd/key/proof/rules/ifThenElseRules.key 
106863     DEBUG Test worker     d.u.i.k.p.i.KeYFile       Reading KeY file file:/D:/a/key/key/key.core/build/resources/main/de/uka/ilkd/key/proof/rules/formulaNormalisationRules.key 
106863     DEBUG Test worker     d.u.i.k.p.i.KeYFile       Read specifications obtained when parsing the Java files (usually JML and Strings.key) from file:/D:/a/key/key/key.core/build/resources/main/de/uka/ilkd/key/proof/rules/formulaNormalisationRules.key 
106894     DEBUG Test worker     d.u.i.k.p.i.KeYFile       Reading KeY file file:/D:/a/key/key/key.core/build/resources/main/de/uka/ilkd/key/proof/rules/updateRules.key 
106894     DEBUG Test worker     d.u.i.k.p.i.KeYFile       Read specifications obtained when parsing the Java files (usually JML and Strings.key) from file:/D:/a/key/key/key.core/build/resources/main/de/uka/ilkd/key/proof/rules/updateRules.key 
106926     DEBUG Test worker     d.u.i.k.p.i.KeYFile       Reading KeY file file:/D:/a/key/key/key.core/build/resources/main/de/uka/ilkd/key/proof/rules/integerRulesCommon.key 
106926     DEBUG Test worker     d.u.i.k.p.i.KeYFile       Read specifications obtained when parsing the Java files (usually JML and Strings.key) from file:/D:/a/key/key/key.core/build/resources/main/de/uka/ilkd/key/proof/rules/integerRulesCommon.key 
106957     DEBUG Test worker     d.u.i.k.p.i.KeYFile       Reading KeY file file:/D:/a/key/key/key.core/build/resources/main/de/uka/ilkd/key/proof/rules/intRules.key 
106957     DEBUG Test worker     d.u.i.k.p.i.KeYFile       Read specifications obtained when parsing the Java files (usually JML and Strings.key) from file:/D:/a/key/key/key.core/build/resources/main/de/uka/ilkd/key/proof/rules/intRules.key 
106988     DEBUG Test worker     d.u.i.k.p.i.KeYFile       Reading KeY file file:/D:/a/key/key/key.core/build/resources/main/de/uka/ilkd/key/proof/rules/intRulesUncheckedSemantics.key 
106988     DEBUG Test worker     d.u.i.k.p.i.KeYFile       Read specifications obtained when parsing the Java files (usually JML and Strings.key) from file:/D:/a/key/key/key.core/build/resources/main/de/uka/ilkd/key/proof/rules/intRulesUncheckedSemantics.key 
106988     DEBUG Test worker     d.u.i.k.p.i.KeYFile       Reading KeY file file:/D:/a/key/key/key.core/build/resources/main/de/uka/ilkd/key/proof/rules/intRulesCheckedSemantics.key 
106988     DEBUG Test worker     d.u.i.k.p.i.KeYFile       Read specifications obtained when parsing the Java files (usually JML and Strings.key) from file:/D:/a/key/key/key.core/build/resources/main/de/uka/ilkd/key/proof/rules/intRulesCheckedSemantics.key 
107004     DEBUG Test worker     d.u.i.k.p.i.KeYFile       Reading KeY file file:/D:/a/key/key/key.core/build/resources/main/de/uka/ilkd/key/proof/rules/intRulesJavaSemantics.key 
107004     DEBUG Test worker     d.u.i.k.p.i.KeYFile       Read specifications obtained when parsing the Java files (usually JML and Strings.key) from file:/D:/a/key/key/key.core/build/resources/main/de/uka/ilkd/key/proof/rules/intRulesJavaSemantics.key 
107160     DEBUG Test worker     d.u.i.k.p.i.KeYFile       Reading KeY file file:/D:/a/key/key/key.core/build/resources/main/de/uka/ilkd/key/proof/rules/integerSimplificationRules.key 
107160     DEBUG Test worker     d.u.i.k.p.i.KeYFile       Read specifications obtained when parsing the Java files (usually JML and Strings.key) from file:/D:/a/key/key/key.core/build/resources/main/de/uka/ilkd/key/proof/rules/integerSimplificationRules.key 
107223     DEBUG Test worker     d.u.i.k.j.TypeConverter   No LDT found for Meta 
107223     DEBUG Test worker     d.u.i.k.j.TypeConverter   No LDT found for Meta 
107223     DEBUG Test worker     d.u.i.k.j.TypeConverter   No LDT found for Meta 
107223     DEBUG Test worker     d.u.i.k.j.TypeConverter   No LDT found for Meta 
107270     DEBUG Test worker     d.u.i.k.p.i.KeYFile       Reading KeY file file:/D:/a/key/key/key.core/build/resources/main/de/uka/ilkd/key/proof/rules/intDiv.key 
107270     DEBUG Test worker     d.u.i.k.p.i.KeYFile       Read specifications obtained when parsing the Java files (usually JML and Strings.key) from file:/D:/a/key/key/key.core/build/resources/main/de/uka/ilkd/key/proof/rules/intDiv.key 
107410     DEBUG Test worker     d.u.i.k.p.i.KeYFile       Reading KeY file file:/D:/a/key/key/key.core/build/resources/main/de/uka/ilkd/key/proof/rules/bsum.key 
107410     DEBUG Test worker     d.u.i.k.p.i.KeYFile       Read specifications obtained when parsing the Java files (usually JML and Strings.key) from file:/D:/a/key/key/key.core/build/resources/main/de/uka/ilkd/key/proof/rules/bsum.key 
107488     DEBUG Test worker     d.u.i.k.p.i.KeYFile       Reading KeY file file:/D:/a/key/key/key.core/build/resources/main/de/uka/ilkd/key/proof/rules/bprod.key 
107488     DEBUG Test worker     d.u.i.k.p.i.KeYFile       Read specifications obtained when parsing the Java files (usually JML and Strings.key) from file:/D:/a/key/key/key.core/build/resources/main/de/uka/ilkd/key/proof/rules/bprod.key 
107504     DEBUG Test worker     d.u.i.k.p.i.KeYFile       Reading KeY file file:/D:/a/key/key/key.core/build/resources/main/de/uka/ilkd/key/proof/rules/binaryAxioms.key 
107504     DEBUG Test worker     d.u.i.k.p.i.KeYFile       Read specifications obtained when parsing the Java files (usually JML and Strings.key) from file:/D:/a/key/key/key.core/build/resources/main/de/uka/ilkd/key/proof/rules/binaryAxioms.key 
107504     DEBUG Test worker     d.u.i.k.p.i.KeYFile       Reading KeY file file:/D:/a/key/key/key.core/build/resources/main/de/uka/ilkd/key/proof/rules/binaryLemmas.key 
107504     DEBUG Test worker     d.u.i.k.p.i.KeYFile       Read specifications obtained when parsing the Java files (usually JML and Strings.key) from file:/D:/a/key/key/key.core/build/resources/main/de/uka/ilkd/key/proof/rules/binaryLemmas.key 
107525     DEBUG Test worker     d.u.i.k.p.i.KeYFile       Reading KeY file file:/D:/a/key/key/key.core/build/resources/main/de/uka/ilkd/key/proof/rules/intPow.key 
107525     DEBUG Test worker     d.u.i.k.p.i.KeYFile       Read specifications obtained when parsing the Java files (usually JML and Strings.key) from file:/D:/a/key/key/key.core/build/resources/main/de/uka/ilkd/key/proof/rules/intPow.key 
107551     DEBUG Test worker     d.u.i.k.p.i.KeYFile       Reading KeY file file:/D:/a/key/key/key.core/build/resources/main/de/uka/ilkd/key/proof/rules/floatRulesCommon.key 
107551     DEBUG Test worker     d.u.i.k.p.i.KeYFile       Read specifications obtained when parsing the Java files (usually JML and Strings.key) from file:/D:/a/key/key/key.core/build/resources/main/de/uka/ilkd/key/proof/rules/floatRulesCommon.key 
107567     DEBUG Test worker     d.u.i.k.p.i.KeYFile       Reading KeY file file:/D:/a/key/key/key.core/build/resources/main/de/uka/ilkd/key/proof/rules/floatRules.key 
107567     DEBUG Test worker     d.u.i.k.p.i.KeYFile       Read specifications obtained when parsing the Java files (usually JML and Strings.key) from file:/D:/a/key/key/key.core/build/resources/main/de/uka/ilkd/key/proof/rules/floatRules.key 
107567     DEBUG Test worker     d.u.i.k.p.i.KeYFile       Reading KeY file file:/D:/a/key/key/key.core/build/resources/main/de/uka/ilkd/key/proof/rules/floatRulesVerifyNormal.key 
107567     DEBUG Test worker     d.u.i.k.p.i.KeYFile       Read specifications obtained when parsing the Java files (usually JML and Strings.key) from file:/D:/a/key/key/key.core/build/resources/main/de/uka/ilkd/key/proof/rules/floatRulesVerifyNormal.key 
107567     DEBUG Test worker     d.u.i.k.p.i.KeYFile       Reading KeY file file:/D:/a/key/key/key.core/build/resources/main/de/uka/ilkd/key/proof/rules/floatRulesAssumeStrictfp.key 
107567     DEBUG Test worker     d.u.i.k.p.i.KeYFile       Read specifications obtained when parsing the Java files (usually JML and Strings.key) from file:/D:/a/key/key/key.core/build/resources/main/de/uka/ilkd/key/proof/rules/floatRulesAssumeStrictfp.key 
107614     DEBUG Test worker     d.u.i.k.p.i.KeYFile       Reading KeY file file:/D:/a/key/key/key.core/build/resources/main/de/uka/ilkd/key/proof/rules/genericRules.key 
107614     DEBUG Test worker     d.u.i.k.p.i.KeYFile       Read specifications obtained when parsing the Java files (usually JML and Strings.key) from file:/D:/a/key/key/key.core/build/resources/main/de/uka/ilkd/key/proof/rules/genericRules.key 
107629     DEBUG Test worker     d.u.i.k.p.i.KeYFile       Reading KeY file file:/D:/a/key/key/key.core/build/resources/main/de/uka/ilkd/key/proof/rules/booleanRules.key 
107629     DEBUG Test worker     d.u.i.k.p.i.KeYFile       Read specifications obtained when parsing the Java files (usually JML and Strings.key) from file:/D:/a/key/key/key.core/build/resources/main/de/uka/ilkd/key/proof/rules/booleanRules.key 
107629     DEBUG Test worker     d.u.i.k.p.i.KeYFile       Reading KeY file file:/D:/a/key/key/key.core/build/resources/main/de/uka/ilkd/key/proof/rules/epsilon.key 
107629     DEBUG Test worker     d.u.i.k.p.i.KeYFile       Read specifications obtained when parsing the Java files (usually JML and Strings.key) from file:/D:/a/key/key/key.core/build/resources/main/de/uka/ilkd/key/proof/rules/epsilon.key 
107676     DEBUG Test worker     d.u.i.k.p.i.KeYFile       Reading KeY file file:/D:/a/key/key/key.core/build/resources/main/de/uka/ilkd/key/proof/rules/locSetsRules.key 
107676     DEBUG Test worker     d.u.i.k.p.i.KeYFile       Read specifications obtained when parsing the Java files (usually JML and Strings.key) from file:/D:/a/key/key/key.core/build/resources/main/de/uka/ilkd/key/proof/rules/locSetsRules.key 
107817     DEBUG Test worker     d.u.i.k.p.i.KeYFile       Reading KeY file file:/D:/a/key/key/key.core/build/resources/main/de/uka/ilkd/key/proof/rules/heapRules.key 
107817     DEBUG Test worker     d.u.i.k.p.i.KeYFile       Read specifications obtained when parsing the Java files (usually JML and Strings.key) from file:/D:/a/key/key/key.core/build/resources/main/de/uka/ilkd/key/proof/rules/heapRules.key 
107879     DEBUG Test worker     d.u.i.k.p.i.KeYFile       Reading KeY file file:/D:/a/key/key/key.core/build/resources/main/de/uka/ilkd/key/proof/rules/permissionRules.key 
107879     DEBUG Test worker     d.u.i.k.p.i.KeYFile       Read specifications obtained when parsing the Java files (usually JML and Strings.key) from file:/D:/a/key/key/key.core/build/resources/main/de/uka/ilkd/key/proof/rules/permissionRules.key 
107911     DEBUG Test worker     d.u.i.k.p.i.KeYFile       Reading KeY file file:/D:/a/key/key/key.core/build/resources/main/de/uka/ilkd/key/proof/rules/reachRules.key 
107911     DEBUG Test worker     d.u.i.k.p.i.KeYFile       Read specifications obtained when parsing the Java files (usually JML and Strings.key) from file:/D:/a/key/key/key.core/build/resources/main/de/uka/ilkd/key/proof/rules/reachRules.key 
107926     DEBUG Test worker     d.u.i.k.p.i.KeYFile       Reading KeY file file:/D:/a/key/key/key.core/build/resources/main/de/uka/ilkd/key/proof/rules/seqCoreRules.key 
107926     DEBUG Test worker     d.u.i.k.p.i.KeYFile       Read specifications obtained when parsing the Java files (usually JML and Strings.key) from file:/D:/a/key/key/key.core/build/resources/main/de/uka/ilkd/key/proof/rules/seqCoreRules.key 
107958     DEBUG Test worker     d.u.i.k.p.i.KeYFile       Reading KeY file file:/D:/a/key/key/key.core/build/resources/main/de/uka/ilkd/key/proof/rules/seqRules.key 
107958     DEBUG Test worker     d.u.i.k.p.i.KeYFile       Read specifications obtained when parsing the Java files (usually JML and Strings.key) from file:/D:/a/key/key/key.core/build/resources/main/de/uka/ilkd/key/proof/rules/seqRules.key 
108020     DEBUG Test worker     d.u.i.k.p.i.KeYFile       Reading KeY file file:/D:/a/key/key/key.core/build/resources/main/de/uka/ilkd/key/proof/rules/seqPerm.key 
108020     DEBUG Test worker     d.u.i.k.p.i.KeYFile       Read specifications obtained when parsing the Java files (usually JML and Strings.key) from file:/D:/a/key/key/key.core/build/resources/main/de/uka/ilkd/key/proof/rules/seqPerm.key 
108052     DEBUG Test worker     d.u.i.k.p.i.KeYFile       Reading KeY file file:/D:/a/key/key/key.core/build/resources/main/de/uka/ilkd/key/proof/rules/seqPerm2.key 
108052     DEBUG Test worker     d.u.i.k.p.i.KeYFile       Read specifications obtained when parsing the Java files (usually JML and Strings.key) from file:/D:/a/key/key/key.core/build/resources/main/de/uka/ilkd/key/proof/rules/seqPerm2.key 
108145     DEBUG Test worker     d.u.i.k.p.i.KeYFile       Reading KeY file file:/D:/a/key/key/key.core/build/resources/main/de/uka/ilkd/key/proof/rules/assertions.key 
108161     DEBUG Test worker     d.u.i.k.p.i.KeYFile       Read specifications obtained when parsing the Java files (usually JML and Strings.key) from file:/D:/a/key/key/key.core/build/resources/main/de/uka/ilkd/key/proof/rules/assertions.key 
108192     DEBUG Test worker     d.u.i.k.p.i.KeYFile       Reading KeY file file:/D:/a/key/key/key.core/build/resources/main/de/uka/ilkd/key/proof/rules/javaRules.key 
108192     DEBUG Test worker     d.u.i.k.p.i.KeYFile       Read specifications obtained when parsing the Java files (usually JML and Strings.key) from file:/D:/a/key/key/key.core/build/resources/main/de/uka/ilkd/key/proof/rules/javaRules.key 
108661     DEBUG Test worker     d.u.i.k.p.i.KeYFile       Reading KeY file file:/D:/a/key/key/key.core/build/resources/main/de/uka/ilkd/key/proof/rules/loopRules.key 
108661     DEBUG Test worker     d.u.i.k.p.i.KeYFile       Read specifications obtained when parsing the Java files (usually JML and Strings.key) from file:/D:/a/key/key/key.core/build/resources/main/de/uka/ilkd/key/proof/rules/loopRules.key 
108677     DEBUG Test worker     d.u.i.k.p.i.KeYFile       Reading KeY file file:/D:/a/key/key/key.core/build/resources/main/de/uka/ilkd/key/proof/rules/activeUse.key 
108677     DEBUG Test worker     d.u.i.k.p.i.KeYFile       Read specifications obtained when parsing the Java files (usually JML and Strings.key) from file:/D:/a/key/key/key.core/build/resources/main/de/uka/ilkd/key/proof/rules/activeUse.key 
108755     DEBUG Test worker     d.u.i.k.p.i.KeYFile       Reading KeY file file:/D:/a/key/key/key.core/build/resources/main/de/uka/ilkd/key/proof/rules/instanceAllocation.key 
108755     DEBUG Test worker     d.u.i.k.p.i.KeYFile       Read specifications obtained when parsing the Java files (usually JML and Strings.key) from file:/D:/a/key/key/key.core/build/resources/main/de/uka/ilkd/key/proof/rules/instanceAllocation.key 
108770     DEBUG Test worker     d.u.i.k.p.i.KeYFile       Reading KeY file file:/D:/a/key/key/key.core/build/resources/main/de/uka/ilkd/key/proof/rules/java5.key 
108770     DEBUG Test worker     d.u.i.k.p.i.KeYFile       Read specifications obtained when parsing the Java files (usually JML and Strings.key) from file:/D:/a/key/key/key.core/build/resources/main/de/uka/ilkd/key/proof/rules/java5.key 
108786     DEBUG Test worker     d.u.i.k.p.i.KeYFile       Reading KeY file file:/D:/a/key/key/key.core/build/resources/main/de/uka/ilkd/key/proof/rules/integerAssignment2UpdateRules.key 
108786     DEBUG Test worker     d.u.i.k.p.i.KeYFile       Read specifications obtained when parsing the Java files (usually JML and Strings.key) from file:/D:/a/key/key/key.core/build/resources/main/de/uka/ilkd/key/proof/rules/integerAssignment2UpdateRules.key 
108833     DEBUG Test worker     d.u.i.k.p.i.KeYFile       Reading KeY file file:/D:/a/key/key/key.core/build/resources/main/de/uka/ilkd/key/proof/rules/floatAssignment2UpdateRules.key 
108833     DEBUG Test worker     d.u.i.k.p.i.KeYFile       Read specifications obtained when parsing the Java files (usually JML and Strings.key) from file:/D:/a/key/key/key.core/build/resources/main/de/uka/ilkd/key/proof/rules/floatAssignment2UpdateRules.key 
108864     DEBUG Test worker     d.u.i.k.p.i.KeYFile       Reading KeY file file:/D:/a/key/key/key.core/build/resources/main/de/uka/ilkd/key/proof/rules/bigint.key 
108864     DEBUG Test worker     d.u.i.k.p.i.KeYFile       Read specifications obtained when parsing the Java files (usually JML and Strings.key) from file:/D:/a/key/key/key.core/build/resources/main/de/uka/ilkd/key/proof/rules/bigint.key 
108880     DEBUG Test worker     d.u.i.k.j.TypeConverter   No LDT found for JavaBigintExpression 
108880     DEBUG Test worker     d.u.i.k.p.i.KeYFile       Reading KeY file file:/D:/a/key/key/key.core/build/resources/main/de/uka/ilkd/key/proof/rules/adtProgramDecompositionRules.key 
108880     DEBUG Test worker     d.u.i.k.p.i.KeYFile       Read specifications obtained when parsing the Java files (usually JML and Strings.key) from file:/D:/a/key/key/key.core/build/resources/main/de/uka/ilkd/key/proof/rules/adtProgramDecompositionRules.key 
108911     DEBUG Test worker     d.u.i.k.p.i.KeYFile       Reading KeY file file:/D:/a/key/key/key.core/build/resources/main/de/uka/ilkd/key/proof/rules/precRules.key 
108911     DEBUG Test worker     d.u.i.k.p.i.KeYFile       Read specifications obtained when parsing the Java files (usually JML and Strings.key) from file:/D:/a/key/key/key.core/build/resources/main/de/uka/ilkd/key/proof/rules/precRules.key 
108927     DEBUG Test worker     d.u.i.k.p.i.KeYFile       Reading KeY file file:/D:/a/key/key/key.core/build/resources/main/de/uka/ilkd/key/proof/rules/charListRules.key 
108927     DEBUG Test worker     d.u.i.k.p.i.KeYFile       Read specifications obtained when parsing the Java files (usually JML and Strings.key) from file:/D:/a/key/key/key.core/build/resources/main/de/uka/ilkd/key/proof/rules/charListRules.key 
108942     DEBUG Test worker     d.u.i.k.p.i.KeYFile       Reading KeY file file:/D:/a/key/key/key.core/build/resources/main/de/uka/ilkd/key/proof/rules/regExHeader.key 
108942     DEBUG Test worker     d.u.i.k.p.i.KeYFile       Read specifications obtained when parsing the Java files (usually JML and Strings.key) from file:/D:/a/key/key/key.core/build/resources/main/de/uka/ilkd/key/proof/rules/regExHeader.key 
108942     DEBUG Test worker     d.u.i.k.p.i.KeYFile       Reading KeY file file:/D:/a/key/key/key.core/build/resources/main/de/uka/ilkd/key/proof/rules/regExAxioms.key 
108942     DEBUG Test worker     d.u.i.k.p.i.KeYFile       Read specifications obtained when parsing the Java files (usually JML and Strings.key) from file:/D:/a/key/key/key.core/build/resources/main/de/uka/ilkd/key/proof/rules/regExAxioms.key 
108958     DEBUG Test worker     d.u.i.k.p.i.KeYFile       Reading KeY file file:/D:/a/key/key/key.core/build/resources/main/de/uka/ilkd/key/proof/rules/regExLemmaProven.key 
108958     DEBUG Test worker     d.u.i.k.p.i.KeYFile       Read specifications obtained when parsing the Java files (usually JML and Strings.key) from file:/D:/a/key/key/key.core/build/resources/main/de/uka/ilkd/key/proof/rules/regExLemmaProven.key 
108958     DEBUG Test worker     d.u.i.k.p.i.KeYFile       Reading KeY file file:/D:/a/key/key/key.core/build/resources/main/de/uka/ilkd/key/proof/rules/regExTheory.key 
108958     DEBUG Test worker     d.u.i.k.p.i.KeYFile       Read specifications obtained when parsing the Java files (usually JML and Strings.key) from file:/D:/a/key/key/key.core/build/resources/main/de/uka/ilkd/key/proof/rules/regExTheory.key 
108958     DEBUG Test worker     d.u.i.k.p.i.KeYFile       Reading KeY file file:/D:/a/key/key/key.core/build/resources/main/de/uka/ilkd/key/proof/rules/seqEq.key 
108958     DEBUG Test worker     d.u.i.k.p.i.KeYFile       Read specifications obtained when parsing the Java files (usually JML and Strings.key) from file:/D:/a/key/key/key.core/build/resources/main/de/uka/ilkd/key/proof/rules/seqEq.key 
108973     DEBUG Test worker     d.u.i.k.p.i.KeYFile       Reading KeY file file:/D:/a/key/key/key.core/build/resources/main/de/uka/ilkd/key/proof/rules/infFlow.key 
108973     DEBUG Test worker     d.u.i.k.p.i.KeYFile       Read specifications obtained when parsing the Java files (usually JML and Strings.key) from file:/D:/a/key/key/key.core/build/resources/main/de/uka/ilkd/key/proof/rules/infFlow.key 
108989     DEBUG Test worker     d.u.i.k.p.i.KeYFile       Reading KeY file file:/D:/a/key/key/key.core/build/resources/main/de/uka/ilkd/key/proof/rules/mapSize.key 
108989     DEBUG Test worker     d.u.i.k.p.i.KeYFile       Read specifications obtained when parsing the Java files (usually JML and Strings.key) from file:/D:/a/key/key/key.core/build/resources/main/de/uka/ilkd/key/proof/rules/mapSize.key 
108989     DEBUG Test worker     d.u.i.k.p.i.KeYFile       Reading KeY file file:/D:/a/key/key/key.core/build/resources/main/de/uka/ilkd/key/proof/rules/wdHeader.key 
108989     DEBUG Test worker     d.u.i.k.p.i.KeYFile       Read specifications obtained when parsing the Java files (usually JML and Strings.key) from file:/D:/a/key/key/key.core/build/resources/main/de/uka/ilkd/key/proof/rules/wdHeader.key 
109005     DEBUG Test worker     d.u.i.k.p.i.KeYFile       Reading KeY file file:/D:/a/key/key/key.core/build/resources/main/de/uka/ilkd/key/proof/rules/wdGeneralRules.key 
109005     DEBUG Test worker     d.u.i.k.p.i.KeYFile       Read specifications obtained when parsing the Java files (usually JML and Strings.key) from file:/D:/a/key/key/key.core/build/resources/main/de/uka/ilkd/key/proof/rules/wdGeneralRules.key 
109020     DEBUG Test worker     d.u.i.k.p.i.KeYFile       Reading KeY file file:/D:/a/key/key/key.core/build/resources/main/de/uka/ilkd/key/proof/rules/wdNumericalRules.key 
109020     DEBUG Test worker     d.u.i.k.p.i.KeYFile       Read specifications obtained when parsing the Java files (usually JML and Strings.key) from file:/D:/a/key/key/key.core/build/resources/main/de/uka/ilkd/key/proof/rules/wdNumericalRules.key 
109067     DEBUG Test worker     d.u.i.k.p.i.KeYFile       Reading KeY file file:/D:/a/key/key/key.core/build/resources/main/de/uka/ilkd/key/proof/rules/wdLocSetRules.key 
109067     DEBUG Test worker     d.u.i.k.p.i.KeYFile       Read specifications obtained when parsing the Java files (usually JML and Strings.key) from file:/D:/a/key/key/key.core/build/resources/main/de/uka/ilkd/key/proof/rules/wdLocSetRules.key 
109083     DEBUG Test worker     d.u.i.k.p.i.KeYFile       Reading KeY file file:/D:/a/key/key/key.core/build/resources/main/de/uka/ilkd/key/proof/rules/wdHeapRules.key 
109083     DEBUG Test worker     d.u.i.k.p.i.KeYFile       Read specifications obtained when parsing the Java files (usually JML and Strings.key) from file:/D:/a/key/key/key.core/build/resources/main/de/uka/ilkd/key/proof/rules/wdHeapRules.key 
109083     DEBUG Test worker     d.u.i.k.p.i.KeYFile       Reading KeY file file:/D:/a/key/key/key.core/build/resources/main/de/uka/ilkd/key/proof/rules/wdReachRules.key 
109083     DEBUG Test worker     d.u.i.k.p.i.KeYFile       Read specifications obtained when parsing the Java files (usually JML and Strings.key) from file:/D:/a/key/key/key.core/build/resources/main/de/uka/ilkd/key/proof/rules/wdReachRules.key 
109098     DEBUG Test worker     d.u.i.k.p.i.KeYFile       Reading KeY file file:/D:/a/key/key/key.core/build/resources/main/de/uka/ilkd/key/proof/rules/wdSeqRules.key 
109098     DEBUG Test worker     d.u.i.k.p.i.KeYFile       Read specifications obtained when parsing the Java files (usually JML and Strings.key) from file:/D:/a/key/key/key.core/build/resources/main/de/uka/ilkd/key/proof/rules/wdSeqRules.key 
109098     DEBUG Test worker     d.u.i.k.p.i.KeYFile       Reading KeY file file:/D:/a/key/key/key.core/build/resources/main/de/uka/ilkd/key/proof/rules/wdStringRules.key 
109098     DEBUG Test worker     d.u.i.k.p.i.KeYFile       Read specifications obtained when parsing the Java files (usually JML and Strings.key) from file:/D:/a/key/key/key.core/build/resources/main/de/uka/ilkd/key/proof/rules/wdStringRules.key 
109114     DEBUG Test worker     d.u.i.k.p.i.KeYFile       Reading KeY file file:/D:/a/key/key/key.core/build/resources/main/de/uka/ilkd/key/proof/rules/wdRegExRules.key 
109114     DEBUG Test worker     d.u.i.k.p.i.KeYFile       Read specifications obtained when parsing the Java files (usually JML and Strings.key) from file:/D:/a/key/key/key.core/build/resources/main/de/uka/ilkd/key/proof/rules/wdRegExRules.key 
109114     DEBUG Test worker     d.u.i.k.p.i.KeYFile       Reading KeY file file:/D:/a/key/key/key.core/build/resources/main/de/uka/ilkd/key/proof/rules/wdFormulaRules.key 
109114     DEBUG Test worker     d.u.i.k.p.i.KeYFile       Read specifications obtained when parsing the Java files (usually JML and Strings.key) from file:/D:/a/key/key/key.core/build/resources/main/de/uka/ilkd/key/proof/rules/wdFormulaRules.key 
109145     DEBUG Test worker     d.u.i.k.p.i.KeYFile       Reading KeY file file:/D:/a/key/key/key.core/build/resources/main/de/uka/ilkd/key/proof/rules/wd.key 
109145     DEBUG Test worker     d.u.i.k.p.i.KeYFile       Read specifications obtained when parsing the Java files (usually JML and Strings.key) from file:/D:/a/key/key/key.core/build/resources/main/de/uka/ilkd/key/proof/rules/wd.key 
109145     DEBUG Test worker     d.u.i.k.p.i.KeYFile       Reading KeY file file:/D:/a/key/key/key.core/build/resources/main/de/uka/ilkd/key/proof/rules/loopInvariantRules.key 
109145     DEBUG Test worker     d.u.i.k.p.i.KeYFile       Read specifications obtained when parsing the Java files (usually JML and Strings.key) from file:/D:/a/key/key/key.core/build/resources/main/de/uka/ilkd/key/proof/rules/loopInvariantRules.key 
109145     DEBUG Test worker     d.u.i.k.p.i.KeYFile       Reading KeY file file:/D:/a/key/key/key.core/build/resources/main/de/uka/ilkd/key/proof/rules/forLoopRules.key 
109145     DEBUG Test worker     d.u.i.k.p.i.KeYFile       Read specifications obtained when parsing the Java files (usually JML and Strings.key) from file:/D:/a/key/key/key.core/build/resources/main/de/uka/ilkd/key/proof/rules/forLoopRules.key 
109161     DEBUG Test worker     d.u.i.k.p.i.KeYFile       Reading KeY file file:/D:/a/key/key/key.core/build/resources/main/de/uka/ilkd/key/proof/rules/execRules.key 
109161     DEBUG Test worker     d.u.i.k.p.i.KeYFile       Read specifications obtained when parsing the Java files (usually JML and Strings.key) from file:/D:/a/key/key/key.core/build/resources/main/de/uka/ilkd/key/proof/rules/execRules.key 
109302     DEBUG Test worker     d.u.i.k.p.i.KeYFile       Reading KeY file file:/D:/a/key/key/key.core/build/resources/main/de/uka/ilkd/key/proof/rules/loopScopeRules.key 
109302     DEBUG Test worker     d.u.i.k.p.i.KeYFile       Read specifications obtained when parsing the Java files (usually JML and Strings.key) from file:/D:/a/key/key/key.core/build/resources/main/de/uka/ilkd/key/proof/rules/loopScopeRules.key 
109348     DEBUG Test worker     d.u.i.k.p.i.KeYFile       Reading KeY file file:/D:/a/key/key/key.core/build/resources/main/de/uka/ilkd/key/proof/rules/standardRules.key 
109348     DEBUG Test worker     d.u.i.k.p.i.KeYFile       Read specifications obtained when parsing the Java files (usually JML and Strings.key) from file:/D:/a/key/key/key.core/build/resources/main/de/uka/ilkd/key/proof/rules/standardRules.key 
110599     DEBUG Test worker     d.u.i.k.p.i.KeYFile       Reading KeY file src\test\resources\testcase\localSymbols\doubleSkolem.key 
110599     DEBUG Test worker     d.u.i.k.p.i.KeYFile       Reading KeY file file:/D:/a/key/key/key.core/build/resources/main/de/uka/ilkd/key/java/JavaRedux/java/lang/String.key 
110615     DEBUG Test worker     d.u.i.k.p.i.KeYFile       Read specifications obtained when parsing the Java files (usually JML and Strings.key) from file:/D:/a/key/key/key.core/build/resources/main/de/uka/ilkd/key/java/JavaRedux/java/lang/String.key 
112904     DEBUG Test worker     d.u.i.k.p.i.KeYFile       Read specifications obtained when parsing the Java files (usually JML and Strings.key) from src\test\resources\testcase\localSymbols\doubleSkolem.key 
113110     DEBUG Test worker     d.u.i.k.m.s.ProofScriptEngine 1: 'rule orRight' 
113158     DEBUG Test worker     d.u.i.k.m.s.ProofScriptEngine 2: 'rule allRight formula='\forall int i; i > 0'' 
113158     DEBUG Test worker     d.u.i.k.m.s.ProofScriptEngine 3: 'rule allRight formula='\forall int i; i < 0'' 
]]></system-out>
  <system-err><![CDATA[]]></system-err>
</testsuite>
