<?xml version="1.0" encoding="UTF-8"?>
<testsuite name="de.uka.ilkd.key.taclettranslation.TestTacletTranslator" tests="5" skipped="0" failures="0" errors="0" timestamp="2023-04-13T17:33:27" hostname="fv-az319-764" time="0.032">
  <properties/>
  <testcase name="testPropositional1()" classname="de.uka.ilkd.key.taclettranslation.TestTacletTranslator" time="0.017"/>
  <testcase name="testPropositional2()" classname="de.uka.ilkd.key.taclettranslation.TestTacletTranslator" time="0.004"/>
  <testcase name="testNegativePolarity()" classname="de.uka.ilkd.key.taclettranslation.TestTacletTranslator" time="0.003"/>
  <testcase name="testNoPolarity()" classname="de.uka.ilkd.key.taclettranslation.TestTacletTranslator" time="0.003"/>
  <testcase name="testPositivePolarity()" classname="de.uka.ilkd.key.taclettranslation.TestTacletTranslator" time="0.004"/>
  <system-out><![CDATA[948621     INFO  Test worker     d.u.i.k.n.KeyIO           Parsing took 0 ms 
948621     DEBUG Test worker     d.u.i.k.n.KeyIO           Load declarations of de.uka.ilkd.key.nparser.KeyAst$File:  <unknown>:1#1 
948621     INFO  Test worker     d.u.i.k.n.KeyIO           MODE: declarations took 0 ms 
948621     DEBUG Test worker     d.u.i.k.n.KeyIO           MODE: 2nd degree decls took 0 
948621     DEBUG Test worker     d.u.i.k.n.KeyIO           MODE: taclets took 0ms 
948637     INFO  Test worker     d.u.i.k.n.KeyIO           Parsing took 0 ms 
948637     DEBUG Test worker     d.u.i.k.n.KeyIO           Load declarations of de.uka.ilkd.key.nparser.KeyAst$File:  <unknown>:1#1 
948637     INFO  Test worker     d.u.i.k.n.KeyIO           MODE: declarations took 0 ms 
948637     DEBUG Test worker     d.u.i.k.n.KeyIO           MODE: 2nd degree decls took 0 
948637     DEBUG Test worker     d.u.i.k.n.KeyIO           MODE: taclets took 0ms 
948653     INFO  Test worker     d.u.i.k.n.KeyIO           Parsing took 0 ms 
948653     DEBUG Test worker     d.u.i.k.n.KeyIO           Load declarations of de.uka.ilkd.key.nparser.KeyAst$File:  <unknown>:1#1 
948653     INFO  Test worker     d.u.i.k.n.KeyIO           MODE: declarations took 0 ms 
948653     DEBUG Test worker     d.u.i.k.n.KeyIO           MODE: 2nd degree decls took 0 
948653     DEBUG Test worker     d.u.i.k.n.KeyIO           MODE: taclets took 0ms 
948653     INFO  Test worker     d.u.i.k.n.KeyIO           Parsing took 0 ms 
948653     DEBUG Test worker     d.u.i.k.n.KeyIO           Load declarations of de.uka.ilkd.key.nparser.KeyAst$File:  <unknown>:1#1 
948653     INFO  Test worker     d.u.i.k.n.KeyIO           MODE: declarations took 0 ms 
948653     DEBUG Test worker     d.u.i.k.n.KeyIO           MODE: 2nd degree decls took 0 
948653     DEBUG Test worker     d.u.i.k.n.KeyIO           MODE: taclets took 0ms 
948653     INFO  Test worker     d.u.i.k.n.KeyIO           Parsing took 0 ms 
948653     DEBUG Test worker     d.u.i.k.n.KeyIO           Load declarations of de.uka.ilkd.key.nparser.KeyAst$File:  <unknown>:1#1 
948653     INFO  Test worker     d.u.i.k.n.KeyIO           MODE: declarations took 0 ms 
948653     DEBUG Test worker     d.u.i.k.n.KeyIO           MODE: 2nd degree decls took 0 
948653     DEBUG Test worker     d.u.i.k.n.KeyIO           MODE: taclets took 0ms 
]]></system-out>
  <system-err><![CDATA[]]></system-err>
</testsuite>
