<?xml version="1.0" encoding="UTF-8"?>
<testsuite name="de.uka.ilkd.key.rule.loop.LoopScopeInvRuleTests" tests="1" skipped="0" failures="0" errors="0" timestamp="2023-04-13T17:26:58" hostname="fv-az319-764" time="5.649">
  <properties/>
  <testcase name="testDoAutomaticProofOfBenchmarkWithLabeledBreaksAndContinues()" classname="de.uka.ilkd.key.rule.loop.LoopScopeInvRuleTests" time="5.649"/>
  <system-out><![CDATA[559097     DEBUG Test worker     d.u.i.k.p.i.KeYFile       Reading KeY file file:/D:/a/key/key/key.core/build/resources/main/de/uka/ilkd/key/proof/rules/ldt.key 
559097     DEBUG Test worker     d.u.i.k.p.i.KeYFile       Read specifications obtained when parsing the Java files (usually JML and Strings.key) from file:/D:/a/key/key/key.core/build/resources/main/de/uka/ilkd/key/proof/rules/ldt.key 
559097     DEBUG Test worker     d.u.i.k.p.i.KeYFile       Reading KeY file file:/D:/a/key/key/key.core/build/resources/main/de/uka/ilkd/key/proof/rules/propRule.key 
559097     DEBUG Test worker     d.u.i.k.p.i.KeYFile       Read specifications obtained when parsing the Java files (usually JML and Strings.key) from file:/D:/a/key/key/key.core/build/resources/main/de/uka/ilkd/key/proof/rules/propRule.key 
559097     DEBUG Test worker     d.u.i.k.p.i.KeYFile       Reading KeY file file:/D:/a/key/key/key.core/build/resources/main/de/uka/ilkd/key/proof/rules/firstOrderRules.key 
559097     DEBUG Test worker     d.u.i.k.p.i.KeYFile       Read specifications obtained when parsing the Java files (usually JML and Strings.key) from file:/D:/a/key/key/key.core/build/resources/main/de/uka/ilkd/key/proof/rules/firstOrderRules.key 
559113     DEBUG Test worker     d.u.i.k.p.i.KeYFile       Reading KeY file file:/D:/a/key/key/key.core/build/resources/main/de/uka/ilkd/key/proof/rules/ifThenElseRules.key 
559113     DEBUG Test worker     d.u.i.k.p.i.KeYFile       Read specifications obtained when parsing the Java files (usually JML and Strings.key) from file:/D:/a/key/key/key.core/build/resources/main/de/uka/ilkd/key/proof/rules/ifThenElseRules.key 
559129     DEBUG Test worker     d.u.i.k.p.i.KeYFile       Reading KeY file file:/D:/a/key/key/key.core/build/resources/main/de/uka/ilkd/key/proof/rules/formulaNormalisationRules.key 
559129     DEBUG Test worker     d.u.i.k.p.i.KeYFile       Read specifications obtained when parsing the Java files (usually JML and Strings.key) from file:/D:/a/key/key/key.core/build/resources/main/de/uka/ilkd/key/proof/rules/formulaNormalisationRules.key 
559144     DEBUG Test worker     d.u.i.k.p.i.KeYFile       Reading KeY file file:/D:/a/key/key/key.core/build/resources/main/de/uka/ilkd/key/proof/rules/updateRules.key 
559144     DEBUG Test worker     d.u.i.k.p.i.KeYFile       Read specifications obtained when parsing the Java files (usually JML and Strings.key) from file:/D:/a/key/key/key.core/build/resources/main/de/uka/ilkd/key/proof/rules/updateRules.key 
559160     DEBUG Test worker     d.u.i.k.p.i.KeYFile       Reading KeY file file:/D:/a/key/key/key.core/build/resources/main/de/uka/ilkd/key/proof/rules/integerRulesCommon.key 
559160     DEBUG Test worker     d.u.i.k.p.i.KeYFile       Read specifications obtained when parsing the Java files (usually JML and Strings.key) from file:/D:/a/key/key/key.core/build/resources/main/de/uka/ilkd/key/proof/rules/integerRulesCommon.key 
559160     DEBUG Test worker     d.u.i.k.p.i.KeYFile       Reading KeY file file:/D:/a/key/key/key.core/build/resources/main/de/uka/ilkd/key/proof/rules/intRules.key 
559160     DEBUG Test worker     d.u.i.k.p.i.KeYFile       Read specifications obtained when parsing the Java files (usually JML and Strings.key) from file:/D:/a/key/key/key.core/build/resources/main/de/uka/ilkd/key/proof/rules/intRules.key 
559175     DEBUG Test worker     d.u.i.k.p.i.KeYFile       Reading KeY file file:/D:/a/key/key/key.core/build/resources/main/de/uka/ilkd/key/proof/rules/intRulesUncheckedSemantics.key 
559175     DEBUG Test worker     d.u.i.k.p.i.KeYFile       Read specifications obtained when parsing the Java files (usually JML and Strings.key) from file:/D:/a/key/key/key.core/build/resources/main/de/uka/ilkd/key/proof/rules/intRulesUncheckedSemantics.key 
559175     DEBUG Test worker     d.u.i.k.p.i.KeYFile       Reading KeY file file:/D:/a/key/key/key.core/build/resources/main/de/uka/ilkd/key/proof/rules/intRulesCheckedSemantics.key 
559175     DEBUG Test worker     d.u.i.k.p.i.KeYFile       Read specifications obtained when parsing the Java files (usually JML and Strings.key) from file:/D:/a/key/key/key.core/build/resources/main/de/uka/ilkd/key/proof/rules/intRulesCheckedSemantics.key 
559175     DEBUG Test worker     d.u.i.k.p.i.KeYFile       Reading KeY file file:/D:/a/key/key/key.core/build/resources/main/de/uka/ilkd/key/proof/rules/intRulesJavaSemantics.key 
559175     DEBUG Test worker     d.u.i.k.p.i.KeYFile       Read specifications obtained when parsing the Java files (usually JML and Strings.key) from file:/D:/a/key/key/key.core/build/resources/main/de/uka/ilkd/key/proof/rules/intRulesJavaSemantics.key 
559256     DEBUG Test worker     d.u.i.k.p.i.KeYFile       Reading KeY file file:/D:/a/key/key/key.core/build/resources/main/de/uka/ilkd/key/proof/rules/integerSimplificationRules.key 
559256     DEBUG Test worker     d.u.i.k.p.i.KeYFile       Read specifications obtained when parsing the Java files (usually JML and Strings.key) from file:/D:/a/key/key/key.core/build/resources/main/de/uka/ilkd/key/proof/rules/integerSimplificationRules.key 
559287     DEBUG Test worker     d.u.i.k.j.TypeConverter   No LDT found for Meta 
559287     DEBUG Test worker     d.u.i.k.j.TypeConverter   No LDT found for Meta 
559287     DEBUG Test worker     d.u.i.k.j.TypeConverter   No LDT found for Meta 
559287     DEBUG Test worker     d.u.i.k.j.TypeConverter   No LDT found for Meta 
559381     DEBUG Test worker     d.u.i.k.p.i.KeYFile       Reading KeY file file:/D:/a/key/key/key.core/build/resources/main/de/uka/ilkd/key/proof/rules/intDiv.key 
559381     DEBUG Test worker     d.u.i.k.p.i.KeYFile       Read specifications obtained when parsing the Java files (usually JML and Strings.key) from file:/D:/a/key/key/key.core/build/resources/main/de/uka/ilkd/key/proof/rules/intDiv.key 
559428     DEBUG Test worker     d.u.i.k.p.i.KeYFile       Reading KeY file file:/D:/a/key/key/key.core/build/resources/main/de/uka/ilkd/key/proof/rules/bsum.key 
559428     DEBUG Test worker     d.u.i.k.p.i.KeYFile       Read specifications obtained when parsing the Java files (usually JML and Strings.key) from file:/D:/a/key/key/key.core/build/resources/main/de/uka/ilkd/key/proof/rules/bsum.key 
559460     DEBUG Test worker     d.u.i.k.p.i.KeYFile       Reading KeY file file:/D:/a/key/key/key.core/build/resources/main/de/uka/ilkd/key/proof/rules/bprod.key 
559461     DEBUG Test worker     d.u.i.k.p.i.KeYFile       Read specifications obtained when parsing the Java files (usually JML and Strings.key) from file:/D:/a/key/key/key.core/build/resources/main/de/uka/ilkd/key/proof/rules/bprod.key 
559466     DEBUG Test worker     d.u.i.k.p.i.KeYFile       Reading KeY file file:/D:/a/key/key/key.core/build/resources/main/de/uka/ilkd/key/proof/rules/binaryAxioms.key 
559466     DEBUG Test worker     d.u.i.k.p.i.KeYFile       Read specifications obtained when parsing the Java files (usually JML and Strings.key) from file:/D:/a/key/key/key.core/build/resources/main/de/uka/ilkd/key/proof/rules/binaryAxioms.key 
559468     DEBUG Test worker     d.u.i.k.p.i.KeYFile       Reading KeY file file:/D:/a/key/key/key.core/build/resources/main/de/uka/ilkd/key/proof/rules/binaryLemmas.key 
559468     DEBUG Test worker     d.u.i.k.p.i.KeYFile       Read specifications obtained when parsing the Java files (usually JML and Strings.key) from file:/D:/a/key/key/key.core/build/resources/main/de/uka/ilkd/key/proof/rules/binaryLemmas.key 
559469     DEBUG Test worker     d.u.i.k.p.i.KeYFile       Reading KeY file file:/D:/a/key/key/key.core/build/resources/main/de/uka/ilkd/key/proof/rules/intPow.key 
559469     DEBUG Test worker     d.u.i.k.p.i.KeYFile       Read specifications obtained when parsing the Java files (usually JML and Strings.key) from file:/D:/a/key/key/key.core/build/resources/main/de/uka/ilkd/key/proof/rules/intPow.key 
559469     DEBUG Test worker     d.u.i.k.p.i.KeYFile       Reading KeY file file:/D:/a/key/key/key.core/build/resources/main/de/uka/ilkd/key/proof/rules/floatRulesCommon.key 
559469     DEBUG Test worker     d.u.i.k.p.i.KeYFile       Read specifications obtained when parsing the Java files (usually JML and Strings.key) from file:/D:/a/key/key/key.core/build/resources/main/de/uka/ilkd/key/proof/rules/floatRulesCommon.key 
559485     DEBUG Test worker     d.u.i.k.p.i.KeYFile       Reading KeY file file:/D:/a/key/key/key.core/build/resources/main/de/uka/ilkd/key/proof/rules/floatRules.key 
559485     DEBUG Test worker     d.u.i.k.p.i.KeYFile       Read specifications obtained when parsing the Java files (usually JML and Strings.key) from file:/D:/a/key/key/key.core/build/resources/main/de/uka/ilkd/key/proof/rules/floatRules.key 
559485     DEBUG Test worker     d.u.i.k.p.i.KeYFile       Reading KeY file file:/D:/a/key/key/key.core/build/resources/main/de/uka/ilkd/key/proof/rules/floatRulesVerifyNormal.key 
559485     DEBUG Test worker     d.u.i.k.p.i.KeYFile       Read specifications obtained when parsing the Java files (usually JML and Strings.key) from file:/D:/a/key/key/key.core/build/resources/main/de/uka/ilkd/key/proof/rules/floatRulesVerifyNormal.key 
559485     DEBUG Test worker     d.u.i.k.p.i.KeYFile       Reading KeY file file:/D:/a/key/key/key.core/build/resources/main/de/uka/ilkd/key/proof/rules/floatRulesAssumeStrictfp.key 
559485     DEBUG Test worker     d.u.i.k.p.i.KeYFile       Read specifications obtained when parsing the Java files (usually JML and Strings.key) from file:/D:/a/key/key/key.core/build/resources/main/de/uka/ilkd/key/proof/rules/floatRulesAssumeStrictfp.key 
559485     DEBUG Test worker     d.u.i.k.p.i.KeYFile       Reading KeY file file:/D:/a/key/key/key.core/build/resources/main/de/uka/ilkd/key/proof/rules/genericRules.key 
559485     DEBUG Test worker     d.u.i.k.p.i.KeYFile       Read specifications obtained when parsing the Java files (usually JML and Strings.key) from file:/D:/a/key/key/key.core/build/resources/main/de/uka/ilkd/key/proof/rules/genericRules.key 
559500     DEBUG Test worker     d.u.i.k.p.i.KeYFile       Reading KeY file file:/D:/a/key/key/key.core/build/resources/main/de/uka/ilkd/key/proof/rules/booleanRules.key 
559500     DEBUG Test worker     d.u.i.k.p.i.KeYFile       Read specifications obtained when parsing the Java files (usually JML and Strings.key) from file:/D:/a/key/key/key.core/build/resources/main/de/uka/ilkd/key/proof/rules/booleanRules.key 
559500     DEBUG Test worker     d.u.i.k.p.i.KeYFile       Reading KeY file file:/D:/a/key/key/key.core/build/resources/main/de/uka/ilkd/key/proof/rules/epsilon.key 
559500     DEBUG Test worker     d.u.i.k.p.i.KeYFile       Read specifications obtained when parsing the Java files (usually JML and Strings.key) from file:/D:/a/key/key/key.core/build/resources/main/de/uka/ilkd/key/proof/rules/epsilon.key 
559516     DEBUG Test worker     d.u.i.k.p.i.KeYFile       Reading KeY file file:/D:/a/key/key/key.core/build/resources/main/de/uka/ilkd/key/proof/rules/locSetsRules.key 
559516     DEBUG Test worker     d.u.i.k.p.i.KeYFile       Read specifications obtained when parsing the Java files (usually JML and Strings.key) from file:/D:/a/key/key/key.core/build/resources/main/de/uka/ilkd/key/proof/rules/locSetsRules.key 
559532     DEBUG Test worker     d.u.i.k.p.i.KeYFile       Reading KeY file file:/D:/a/key/key/key.core/build/resources/main/de/uka/ilkd/key/proof/rules/heapRules.key 
559532     DEBUG Test worker     d.u.i.k.p.i.KeYFile       Read specifications obtained when parsing the Java files (usually JML and Strings.key) from file:/D:/a/key/key/key.core/build/resources/main/de/uka/ilkd/key/proof/rules/heapRules.key 
559547     DEBUG Test worker     d.u.i.k.p.i.KeYFile       Reading KeY file file:/D:/a/key/key/key.core/build/resources/main/de/uka/ilkd/key/proof/rules/permissionRules.key 
559547     DEBUG Test worker     d.u.i.k.p.i.KeYFile       Read specifications obtained when parsing the Java files (usually JML and Strings.key) from file:/D:/a/key/key/key.core/build/resources/main/de/uka/ilkd/key/proof/rules/permissionRules.key 
559578     DEBUG Test worker     d.u.i.k.p.i.KeYFile       Reading KeY file file:/D:/a/key/key/key.core/build/resources/main/de/uka/ilkd/key/proof/rules/reachRules.key 
559578     DEBUG Test worker     d.u.i.k.p.i.KeYFile       Read specifications obtained when parsing the Java files (usually JML and Strings.key) from file:/D:/a/key/key/key.core/build/resources/main/de/uka/ilkd/key/proof/rules/reachRules.key 
559578     DEBUG Test worker     d.u.i.k.p.i.KeYFile       Reading KeY file file:/D:/a/key/key/key.core/build/resources/main/de/uka/ilkd/key/proof/rules/seqCoreRules.key 
559578     DEBUG Test worker     d.u.i.k.p.i.KeYFile       Read specifications obtained when parsing the Java files (usually JML and Strings.key) from file:/D:/a/key/key/key.core/build/resources/main/de/uka/ilkd/key/proof/rules/seqCoreRules.key 
559610     DEBUG Test worker     d.u.i.k.p.i.KeYFile       Reading KeY file file:/D:/a/key/key/key.core/build/resources/main/de/uka/ilkd/key/proof/rules/seqRules.key 
559610     DEBUG Test worker     d.u.i.k.p.i.KeYFile       Read specifications obtained when parsing the Java files (usually JML and Strings.key) from file:/D:/a/key/key/key.core/build/resources/main/de/uka/ilkd/key/proof/rules/seqRules.key 
559625     DEBUG Test worker     d.u.i.k.p.i.KeYFile       Reading KeY file file:/D:/a/key/key/key.core/build/resources/main/de/uka/ilkd/key/proof/rules/seqPerm.key 
559625     DEBUG Test worker     d.u.i.k.p.i.KeYFile       Read specifications obtained when parsing the Java files (usually JML and Strings.key) from file:/D:/a/key/key/key.core/build/resources/main/de/uka/ilkd/key/proof/rules/seqPerm.key 
559641     DEBUG Test worker     d.u.i.k.p.i.KeYFile       Reading KeY file file:/D:/a/key/key/key.core/build/resources/main/de/uka/ilkd/key/proof/rules/seqPerm2.key 
559641     DEBUG Test worker     d.u.i.k.p.i.KeYFile       Read specifications obtained when parsing the Java files (usually JML and Strings.key) from file:/D:/a/key/key/key.core/build/resources/main/de/uka/ilkd/key/proof/rules/seqPerm2.key 
559688     DEBUG Test worker     d.u.i.k.p.i.KeYFile       Reading KeY file file:/D:/a/key/key/key.core/build/resources/main/de/uka/ilkd/key/proof/rules/assertions.key 
559688     DEBUG Test worker     d.u.i.k.p.i.KeYFile       Read specifications obtained when parsing the Java files (usually JML and Strings.key) from file:/D:/a/key/key/key.core/build/resources/main/de/uka/ilkd/key/proof/rules/assertions.key 
559703     DEBUG Test worker     d.u.i.k.p.i.KeYFile       Reading KeY file file:/D:/a/key/key/key.core/build/resources/main/de/uka/ilkd/key/proof/rules/javaRules.key 
559703     DEBUG Test worker     d.u.i.k.p.i.KeYFile       Read specifications obtained when parsing the Java files (usually JML and Strings.key) from file:/D:/a/key/key/key.core/build/resources/main/de/uka/ilkd/key/proof/rules/javaRules.key 
560027     DEBUG Test worker     d.u.i.k.p.i.KeYFile       Reading KeY file file:/D:/a/key/key/key.core/build/resources/main/de/uka/ilkd/key/proof/rules/loopRules.key 
560027     DEBUG Test worker     d.u.i.k.p.i.KeYFile       Read specifications obtained when parsing the Java files (usually JML and Strings.key) from file:/D:/a/key/key/key.core/build/resources/main/de/uka/ilkd/key/proof/rules/loopRules.key 
560045     DEBUG Test worker     d.u.i.k.p.i.KeYFile       Reading KeY file file:/D:/a/key/key/key.core/build/resources/main/de/uka/ilkd/key/proof/rules/activeUse.key 
560045     DEBUG Test worker     d.u.i.k.p.i.KeYFile       Read specifications obtained when parsing the Java files (usually JML and Strings.key) from file:/D:/a/key/key/key.core/build/resources/main/de/uka/ilkd/key/proof/rules/activeUse.key 
560074     DEBUG Test worker     d.u.i.k.p.i.KeYFile       Reading KeY file file:/D:/a/key/key/key.core/build/resources/main/de/uka/ilkd/key/proof/rules/instanceAllocation.key 
560074     DEBUG Test worker     d.u.i.k.p.i.KeYFile       Read specifications obtained when parsing the Java files (usually JML and Strings.key) from file:/D:/a/key/key/key.core/build/resources/main/de/uka/ilkd/key/proof/rules/instanceAllocation.key 
560090     DEBUG Test worker     d.u.i.k.p.i.KeYFile       Reading KeY file file:/D:/a/key/key/key.core/build/resources/main/de/uka/ilkd/key/proof/rules/java5.key 
560090     DEBUG Test worker     d.u.i.k.p.i.KeYFile       Read specifications obtained when parsing the Java files (usually JML and Strings.key) from file:/D:/a/key/key/key.core/build/resources/main/de/uka/ilkd/key/proof/rules/java5.key 
560090     DEBUG Test worker     d.u.i.k.p.i.KeYFile       Reading KeY file file:/D:/a/key/key/key.core/build/resources/main/de/uka/ilkd/key/proof/rules/integerAssignment2UpdateRules.key 
560090     DEBUG Test worker     d.u.i.k.p.i.KeYFile       Read specifications obtained when parsing the Java files (usually JML and Strings.key) from file:/D:/a/key/key/key.core/build/resources/main/de/uka/ilkd/key/proof/rules/integerAssignment2UpdateRules.key 
560122     DEBUG Test worker     d.u.i.k.p.i.KeYFile       Reading KeY file file:/D:/a/key/key/key.core/build/resources/main/de/uka/ilkd/key/proof/rules/floatAssignment2UpdateRules.key 
560122     DEBUG Test worker     d.u.i.k.p.i.KeYFile       Read specifications obtained when parsing the Java files (usually JML and Strings.key) from file:/D:/a/key/key/key.core/build/resources/main/de/uka/ilkd/key/proof/rules/floatAssignment2UpdateRules.key 
560137     DEBUG Test worker     d.u.i.k.p.i.KeYFile       Reading KeY file file:/D:/a/key/key/key.core/build/resources/main/de/uka/ilkd/key/proof/rules/bigint.key 
560137     DEBUG Test worker     d.u.i.k.p.i.KeYFile       Read specifications obtained when parsing the Java files (usually JML and Strings.key) from file:/D:/a/key/key/key.core/build/resources/main/de/uka/ilkd/key/proof/rules/bigint.key 
560153     DEBUG Test worker     d.u.i.k.j.TypeConverter   No LDT found for JavaBigintExpression 
560169     DEBUG Test worker     d.u.i.k.p.i.KeYFile       Reading KeY file file:/D:/a/key/key/key.core/build/resources/main/de/uka/ilkd/key/proof/rules/adtProgramDecompositionRules.key 
560169     DEBUG Test worker     d.u.i.k.p.i.KeYFile       Read specifications obtained when parsing the Java files (usually JML and Strings.key) from file:/D:/a/key/key/key.core/build/resources/main/de/uka/ilkd/key/proof/rules/adtProgramDecompositionRules.key 
560174     DEBUG Test worker     d.u.i.k.p.i.KeYFile       Reading KeY file file:/D:/a/key/key/key.core/build/resources/main/de/uka/ilkd/key/proof/rules/precRules.key 
560174     DEBUG Test worker     d.u.i.k.p.i.KeYFile       Read specifications obtained when parsing the Java files (usually JML and Strings.key) from file:/D:/a/key/key/key.core/build/resources/main/de/uka/ilkd/key/proof/rules/precRules.key 
560174     DEBUG Test worker     d.u.i.k.p.i.KeYFile       Reading KeY file file:/D:/a/key/key/key.core/build/resources/main/de/uka/ilkd/key/proof/rules/charListRules.key 
560174     DEBUG Test worker     d.u.i.k.p.i.KeYFile       Read specifications obtained when parsing the Java files (usually JML and Strings.key) from file:/D:/a/key/key/key.core/build/resources/main/de/uka/ilkd/key/proof/rules/charListRules.key 
560189     DEBUG Test worker     d.u.i.k.p.i.KeYFile       Reading KeY file file:/D:/a/key/key/key.core/build/resources/main/de/uka/ilkd/key/proof/rules/regExHeader.key 
560189     DEBUG Test worker     d.u.i.k.p.i.KeYFile       Read specifications obtained when parsing the Java files (usually JML and Strings.key) from file:/D:/a/key/key/key.core/build/resources/main/de/uka/ilkd/key/proof/rules/regExHeader.key 
560189     DEBUG Test worker     d.u.i.k.p.i.KeYFile       Reading KeY file file:/D:/a/key/key/key.core/build/resources/main/de/uka/ilkd/key/proof/rules/regExAxioms.key 
560189     DEBUG Test worker     d.u.i.k.p.i.KeYFile       Read specifications obtained when parsing the Java files (usually JML and Strings.key) from file:/D:/a/key/key/key.core/build/resources/main/de/uka/ilkd/key/proof/rules/regExAxioms.key 
560189     DEBUG Test worker     d.u.i.k.p.i.KeYFile       Reading KeY file file:/D:/a/key/key/key.core/build/resources/main/de/uka/ilkd/key/proof/rules/regExLemmaProven.key 
560189     DEBUG Test worker     d.u.i.k.p.i.KeYFile       Read specifications obtained when parsing the Java files (usually JML and Strings.key) from file:/D:/a/key/key/key.core/build/resources/main/de/uka/ilkd/key/proof/rules/regExLemmaProven.key 
560189     DEBUG Test worker     d.u.i.k.p.i.KeYFile       Reading KeY file file:/D:/a/key/key/key.core/build/resources/main/de/uka/ilkd/key/proof/rules/regExTheory.key 
560189     DEBUG Test worker     d.u.i.k.p.i.KeYFile       Read specifications obtained when parsing the Java files (usually JML and Strings.key) from file:/D:/a/key/key/key.core/build/resources/main/de/uka/ilkd/key/proof/rules/regExTheory.key 
560205     DEBUG Test worker     d.u.i.k.p.i.KeYFile       Reading KeY file file:/D:/a/key/key/key.core/build/resources/main/de/uka/ilkd/key/proof/rules/seqEq.key 
560205     DEBUG Test worker     d.u.i.k.p.i.KeYFile       Read specifications obtained when parsing the Java files (usually JML and Strings.key) from file:/D:/a/key/key/key.core/build/resources/main/de/uka/ilkd/key/proof/rules/seqEq.key 
560205     DEBUG Test worker     d.u.i.k.p.i.KeYFile       Reading KeY file file:/D:/a/key/key/key.core/build/resources/main/de/uka/ilkd/key/proof/rules/infFlow.key 
560205     DEBUG Test worker     d.u.i.k.p.i.KeYFile       Read specifications obtained when parsing the Java files (usually JML and Strings.key) from file:/D:/a/key/key/key.core/build/resources/main/de/uka/ilkd/key/proof/rules/infFlow.key 
560205     DEBUG Test worker     d.u.i.k.p.i.KeYFile       Reading KeY file file:/D:/a/key/key/key.core/build/resources/main/de/uka/ilkd/key/proof/rules/mapSize.key 
560205     DEBUG Test worker     d.u.i.k.p.i.KeYFile       Read specifications obtained when parsing the Java files (usually JML and Strings.key) from file:/D:/a/key/key/key.core/build/resources/main/de/uka/ilkd/key/proof/rules/mapSize.key 
560221     DEBUG Test worker     d.u.i.k.p.i.KeYFile       Reading KeY file file:/D:/a/key/key/key.core/build/resources/main/de/uka/ilkd/key/proof/rules/wdHeader.key 
560221     DEBUG Test worker     d.u.i.k.p.i.KeYFile       Read specifications obtained when parsing the Java files (usually JML and Strings.key) from file:/D:/a/key/key/key.core/build/resources/main/de/uka/ilkd/key/proof/rules/wdHeader.key 
560221     DEBUG Test worker     d.u.i.k.p.i.KeYFile       Reading KeY file file:/D:/a/key/key/key.core/build/resources/main/de/uka/ilkd/key/proof/rules/wdGeneralRules.key 
560221     DEBUG Test worker     d.u.i.k.p.i.KeYFile       Read specifications obtained when parsing the Java files (usually JML and Strings.key) from file:/D:/a/key/key/key.core/build/resources/main/de/uka/ilkd/key/proof/rules/wdGeneralRules.key 
560221     DEBUG Test worker     d.u.i.k.p.i.KeYFile       Reading KeY file file:/D:/a/key/key/key.core/build/resources/main/de/uka/ilkd/key/proof/rules/wdNumericalRules.key 
560221     DEBUG Test worker     d.u.i.k.p.i.KeYFile       Read specifications obtained when parsing the Java files (usually JML and Strings.key) from file:/D:/a/key/key/key.core/build/resources/main/de/uka/ilkd/key/proof/rules/wdNumericalRules.key 
560236     DEBUG Test worker     d.u.i.k.p.i.KeYFile       Reading KeY file file:/D:/a/key/key/key.core/build/resources/main/de/uka/ilkd/key/proof/rules/wdLocSetRules.key 
560236     DEBUG Test worker     d.u.i.k.p.i.KeYFile       Read specifications obtained when parsing the Java files (usually JML and Strings.key) from file:/D:/a/key/key/key.core/build/resources/main/de/uka/ilkd/key/proof/rules/wdLocSetRules.key 
560236     DEBUG Test worker     d.u.i.k.p.i.KeYFile       Reading KeY file file:/D:/a/key/key/key.core/build/resources/main/de/uka/ilkd/key/proof/rules/wdHeapRules.key 
560236     DEBUG Test worker     d.u.i.k.p.i.KeYFile       Read specifications obtained when parsing the Java files (usually JML and Strings.key) from file:/D:/a/key/key/key.core/build/resources/main/de/uka/ilkd/key/proof/rules/wdHeapRules.key 
560236     DEBUG Test worker     d.u.i.k.p.i.KeYFile       Reading KeY file file:/D:/a/key/key/key.core/build/resources/main/de/uka/ilkd/key/proof/rules/wdReachRules.key 
560236     DEBUG Test worker     d.u.i.k.p.i.KeYFile       Read specifications obtained when parsing the Java files (usually JML and Strings.key) from file:/D:/a/key/key/key.core/build/resources/main/de/uka/ilkd/key/proof/rules/wdReachRules.key 
560252     DEBUG Test worker     d.u.i.k.p.i.KeYFile       Reading KeY file file:/D:/a/key/key/key.core/build/resources/main/de/uka/ilkd/key/proof/rules/wdSeqRules.key 
560252     DEBUG Test worker     d.u.i.k.p.i.KeYFile       Read specifications obtained when parsing the Java files (usually JML and Strings.key) from file:/D:/a/key/key/key.core/build/resources/main/de/uka/ilkd/key/proof/rules/wdSeqRules.key 
560252     DEBUG Test worker     d.u.i.k.p.i.KeYFile       Reading KeY file file:/D:/a/key/key/key.core/build/resources/main/de/uka/ilkd/key/proof/rules/wdStringRules.key 
560252     DEBUG Test worker     d.u.i.k.p.i.KeYFile       Read specifications obtained when parsing the Java files (usually JML and Strings.key) from file:/D:/a/key/key/key.core/build/resources/main/de/uka/ilkd/key/proof/rules/wdStringRules.key 
560252     DEBUG Test worker     d.u.i.k.p.i.KeYFile       Reading KeY file file:/D:/a/key/key/key.core/build/resources/main/de/uka/ilkd/key/proof/rules/wdRegExRules.key 
560252     DEBUG Test worker     d.u.i.k.p.i.KeYFile       Read specifications obtained when parsing the Java files (usually JML and Strings.key) from file:/D:/a/key/key/key.core/build/resources/main/de/uka/ilkd/key/proof/rules/wdRegExRules.key 
560252     DEBUG Test worker     d.u.i.k.p.i.KeYFile       Reading KeY file file:/D:/a/key/key/key.core/build/resources/main/de/uka/ilkd/key/proof/rules/wdFormulaRules.key 
560252     DEBUG Test worker     d.u.i.k.p.i.KeYFile       Read specifications obtained when parsing the Java files (usually JML and Strings.key) from file:/D:/a/key/key/key.core/build/resources/main/de/uka/ilkd/key/proof/rules/wdFormulaRules.key 
560267     DEBUG Test worker     d.u.i.k.p.i.KeYFile       Reading KeY file file:/D:/a/key/key/key.core/build/resources/main/de/uka/ilkd/key/proof/rules/wd.key 
560267     DEBUG Test worker     d.u.i.k.p.i.KeYFile       Read specifications obtained when parsing the Java files (usually JML and Strings.key) from file:/D:/a/key/key/key.core/build/resources/main/de/uka/ilkd/key/proof/rules/wd.key 
560267     DEBUG Test worker     d.u.i.k.p.i.KeYFile       Reading KeY file file:/D:/a/key/key/key.core/build/resources/main/de/uka/ilkd/key/proof/rules/loopInvariantRules.key 
560267     DEBUG Test worker     d.u.i.k.p.i.KeYFile       Read specifications obtained when parsing the Java files (usually JML and Strings.key) from file:/D:/a/key/key/key.core/build/resources/main/de/uka/ilkd/key/proof/rules/loopInvariantRules.key 
560267     DEBUG Test worker     d.u.i.k.p.i.KeYFile       Reading KeY file file:/D:/a/key/key/key.core/build/resources/main/de/uka/ilkd/key/proof/rules/forLoopRules.key 
560267     DEBUG Test worker     d.u.i.k.p.i.KeYFile       Read specifications obtained when parsing the Java files (usually JML and Strings.key) from file:/D:/a/key/key/key.core/build/resources/main/de/uka/ilkd/key/proof/rules/forLoopRules.key 
560267     DEBUG Test worker     d.u.i.k.p.i.KeYFile       Reading KeY file file:/D:/a/key/key/key.core/build/resources/main/de/uka/ilkd/key/proof/rules/execRules.key 
560267     DEBUG Test worker     d.u.i.k.p.i.KeYFile       Read specifications obtained when parsing the Java files (usually JML and Strings.key) from file:/D:/a/key/key/key.core/build/resources/main/de/uka/ilkd/key/proof/rules/execRules.key 
560346     DEBUG Test worker     d.u.i.k.p.i.KeYFile       Reading KeY file file:/D:/a/key/key/key.core/build/resources/main/de/uka/ilkd/key/proof/rules/loopScopeRules.key 
560346     DEBUG Test worker     d.u.i.k.p.i.KeYFile       Read specifications obtained when parsing the Java files (usually JML and Strings.key) from file:/D:/a/key/key/key.core/build/resources/main/de/uka/ilkd/key/proof/rules/loopScopeRules.key 
560361     DEBUG Test worker     d.u.i.k.p.i.KeYFile       Reading KeY file file:/D:/a/key/key/key.core/build/resources/main/de/uka/ilkd/key/proof/rules/standardRules.key 
560361     DEBUG Test worker     d.u.i.k.p.i.KeYFile       Read specifications obtained when parsing the Java files (usually JML and Strings.key) from file:/D:/a/key/key/key.core/build/resources/main/de/uka/ilkd/key/proof/rules/standardRules.key 
561722     DEBUG Test worker     d.u.i.k.j.Recoder2KeY     converting now D:\a\key\key\key.core\src\test\resources\testcase\loopScopeInvRule\Test.java 
561738     DEBUG Test worker     d.u.i.k.s.TermLabelSettings TermLabelSettings: Failure while reading the setting "UseOriginLabels".Using the default value: true.The string read was: null 
561738     DEBUG Test worker     d.u.i.k.p.i.KeYFile       Reading KeY file src\test\resources\testcase\loopScopeInvRule\Test.key 
561738     DEBUG Test worker     d.u.i.k.p.i.KeYFile       Reading KeY file file:/D:/a/key/key/key.core/build/resources/main/de/uka/ilkd/key/java/JavaRedux/java/lang/String.key 
561738     DEBUG Test worker     d.u.i.k.p.i.KeYFile       Read specifications obtained when parsing the Java files (usually JML and Strings.key) from file:/D:/a/key/key/key.core/build/resources/main/de/uka/ilkd/key/java/JavaRedux/java/lang/String.key 
563945     DEBUG Test worker     d.u.i.k.p.i.KeYFile       Read specifications obtained when parsing the Java files (usually JML and Strings.key) from src\test\resources\testcase\loopScopeInvRule\Test.key 
]]></system-out>
  <system-err><![CDATA[]]></system-err>
</testsuite>
