<?xml version="1.0" encoding="UTF-8"?>
<testsuite name="de.uka.ilkd.key.java.TestJavaCardDLJavaExtensions" tests="2" skipped="0" failures="0" errors="0" timestamp="2023-04-13T17:18:09" hostname="fv-az319-764" time="7.598">
  <properties/>
  <testcase name="testTypeNotInScopeShouldNotBeFound()" classname="de.uka.ilkd.key.java.TestJavaCardDLJavaExtensions" time="3.95"/>
  <testcase name="testMethodFrameRedirectsScope()" classname="de.uka.ilkd.key.java.TestJavaCardDLJavaExtensions" time="3.648"/>
  <system-out><![CDATA[30106      DEBUG Test worker     d.u.i.k.p.i.KeYFile       Reading KeY file file:/D:/a/key/key/key.core/build/resources/main/de/uka/ilkd/key/proof/rules/ldt.key 
30106      DEBUG Test worker     d.u.i.k.p.i.KeYFile       Read specifications obtained when parsing the Java files (usually JML and Strings.key) from file:/D:/a/key/key/key.core/build/resources/main/de/uka/ilkd/key/proof/rules/ldt.key 
31365      DEBUG Test worker     d.u.i.k.j.Recoder2KeY     converting now D:\a\key\key\key.core\src\test\resources\testcase\javacardDLExtensions\src\test\TestJavaCardDLExtensions.java 
31397      DEBUG Test worker     d.u.i.k.p.i.KeYFile       Reading KeY file src\test\resources\testcase\javacardDLExtensions\typeResolutionInMethodFrame.key 
31397      DEBUG Test worker     d.u.i.k.p.i.KeYFile       Reading KeY file file:/D:/a/key/key/key.core/build/resources/main/de/uka/ilkd/key/java/JavaRedux/java/lang/String.key 
31397      DEBUG Test worker     d.u.i.k.p.i.KeYFile       Read specifications obtained when parsing the Java files (usually JML and Strings.key) from file:/D:/a/key/key/key.core/build/resources/main/de/uka/ilkd/key/java/JavaRedux/java/lang/String.key 
33988      DEBUG Test worker     d.u.i.k.p.i.KeYFile       Read specifications obtained when parsing the Java files (usually JML and Strings.key) from src\test\resources\testcase\javacardDLExtensions\typeResolutionInMethodFrame.key 
33988      DEBUG Test worker     d.u.i.k.j.Recoder2KeYConverter recoder2key: called method public de.uka.ilkd.key.java.reference.TypeReference de.uka.ilkd.key.java.Recoder2KeYConverter.convert(recoder.java.reference.TypeReference) threw exception  de.uka.ilkd.key.util.ExceptionHandlerException: Recoder: 1 errors have occurred - aborting.
	at de.uka.ilkd.key.util.KeYRecoderExcHandler.recoderExitAction(KeYRecoderExcHandler.java:69)
Caused by: recoder.service.UnresolvedReferenceException: Could not resolve TypeReference "TestJavaCardDLExtensions" @1/3 in INTERNAL:<virtual_class_for_parsing174>(14)
	at recoder.service.DefaultSourceInfo.getType(DefaultSourceInfo.java:798)

33988      DEBUG Test worker     d.u.i.k.j.Recoder2KeYConverter recoder2key: called method public de.uka.ilkd.key.java.declaration.LocalVariableDeclaration de.uka.ilkd.key.java.Recoder2KeYConverter.convert(recoder.java.declaration.LocalVariableDeclaration) threw exception  de.uka.ilkd.key.java.PosConvertException: called method public de.uka.ilkd.key.java.reference.TypeReference de.uka.ilkd.key.java.Recoder2KeYConverter.convert(recoder.java.reference.TypeReference) threw exception.
	at de.uka.ilkd.key.java.Recoder2KeY.reportErrorWithPositionInFile(Recoder2KeY.java:1254)
Caused by: recoder.service.UnresolvedReferenceException: Could not resolve TypeReference "TestJavaCardDLExtensions" @1/3 in INTERNAL:<virtual_class_for_parsing174>(14)
	at recoder.service.DefaultSourceInfo.getType(DefaultSourceInfo.java:798)

33988      DEBUG Test worker     d.u.i.k.j.Recoder2KeYConverter recoder2key: called method public de.uka.ilkd.key.java.StatementBlock de.uka.ilkd.key.java.Recoder2KeYConverter.convert(recoder.java.StatementBlock) threw exception  de.uka.ilkd.key.java.PosConvertException: called method public de.uka.ilkd.key.java.reference.TypeReference de.uka.ilkd.key.java.Recoder2KeYConverter.convert(recoder.java.reference.TypeReference) threw exception.
	at de.uka.ilkd.key.java.Recoder2KeY.reportErrorWithPositionInFile(Recoder2KeY.java:1254)
Caused by: recoder.service.UnresolvedReferenceException: Could not resolve TypeReference "TestJavaCardDLExtensions" @1/3 in INTERNAL:<virtual_class_for_parsing174>(14)
	at recoder.service.DefaultSourceInfo.getType(DefaultSourceInfo.java:798)

35250      DEBUG Test worker     d.u.i.k.j.Recoder2KeY     converting now D:\a\key\key\key.core\src\test\resources\testcase\javacardDLExtensions\src\test\TestJavaCardDLExtensions.java 
35266      DEBUG Test worker     d.u.i.k.p.i.KeYFile       Reading KeY file src\test\resources\testcase\javacardDLExtensions\typeResolutionInMethodFrame2.key 
35266      DEBUG Test worker     d.u.i.k.p.i.KeYFile       Reading KeY file file:/D:/a/key/key/key.core/build/resources/main/de/uka/ilkd/key/java/JavaRedux/java/lang/String.key 
35266      DEBUG Test worker     d.u.i.k.p.i.KeYFile       Read specifications obtained when parsing the Java files (usually JML and Strings.key) from file:/D:/a/key/key/key.core/build/resources/main/de/uka/ilkd/key/java/JavaRedux/java/lang/String.key 
37620      DEBUG Test worker     d.u.i.k.p.i.KeYFile       Read specifications obtained when parsing the Java files (usually JML and Strings.key) from src\test\resources\testcase\javacardDLExtensions\typeResolutionInMethodFrame2.key 
]]></system-out>
  <system-err><![CDATA[]]></system-err>
</testsuite>
