<?xml version="1.0" encoding="UTF-8"?>
<testsuite name="de.uka.ilkd.key.java.TestContextStatementBlock" tests="1" skipped="0" failures="0" errors="0" timestamp="2023-04-13T17:18:07" hostname="fv-az319-764" time="1.96">
  <properties/>
  <testcase name="testContextTermInstantiation()" classname="de.uka.ilkd.key.java.TestContextStatementBlock" time="1.96"/>
  <system-out><![CDATA[28144      DEBUG Test worker     d.u.i.k.p.i.KeYFile       Reading KeY file file:/D:/a/key/key/key.core/build/resources/main/de/uka/ilkd/key/proof/rules/ldt.key 
28144      DEBUG Test worker     d.u.i.k.p.i.KeYFile       Read specifications obtained when parsing the Java files (usually JML and Strings.key) from file:/D:/a/key/key/key.core/build/resources/main/de/uka/ilkd/key/proof/rules/ldt.key 
29875      INFO  Test worker     d.u.i.k.n.KeyIO           Parsing took 16 ms 
29875      DEBUG Test worker     d.u.i.k.n.KeyIO           Load declarations of de.uka.ilkd.key.nparser.KeyAst$File:  D:\a\key\key\key.core\src\test\resources\testcase\testrules.key:9#1 
29875      INFO  Test worker     d.u.i.k.n.KeyIO           MODE: declarations took 0 ms 
29875      DEBUG Test worker     d.u.i.k.n.KeyIO           MODE: 2nd degree decls took 0 
30028      DEBUG Test worker     d.u.i.k.n.KeyIO           MODE: taclets took 153ms 
]]></system-out>
  <system-err><![CDATA[]]></system-err>
</testsuite>
