<?xml version="1.0" encoding="UTF-8"?>
<testsuite name="de.uka.ilkd.key.parser.TestDeclParser" tests="14" skipped="2" failures="0" errors="0" timestamp="2023-04-13T17:22:27" hostname="fv-az319-764" time="11.639">
  <properties/>
  <testcase name="testGenericSortDecl1()" classname="de.uka.ilkd.key.parser.TestDeclParser" time="1.104"/>
  <testcase name="testGenericSortDecl2()" classname="de.uka.ilkd.key.parser.TestDeclParser" time="1.029"/>
  <testcase name="testGenericSortDecl3()" classname="de.uka.ilkd.key.parser.TestDeclParser" time="1.02"/>
  <testcase name="testGenericSortDecl4()" classname="de.uka.ilkd.key.parser.TestDeclParser" time="0.912"/>
  <testcase name="testGenericSortDecl5()" classname="de.uka.ilkd.key.parser.TestDeclParser" time="0.0">
    <skipped/>
  </testcase>
  <testcase name="testGenericSortDecl6()" classname="de.uka.ilkd.key.parser.TestDeclParser" time="1.045"/>
  <testcase name="testSortDecl()" classname="de.uka.ilkd.key.parser.TestDeclParser" time="0.942"/>
  <testcase name="testProxySortDecl()" classname="de.uka.ilkd.key.parser.TestDeclParser" time="0.994"/>
  <testcase name="testArrayDecl()" classname="de.uka.ilkd.key.parser.TestDeclParser" time="0.883"/>
  <testcase name="testAmbiguousDecls()" classname="de.uka.ilkd.key.parser.TestDeclParser" time="0.0">
    <skipped/>
  </testcase>
  <testcase name="testHeurDecl()" classname="de.uka.ilkd.key.parser.TestDeclParser" time="0.941"/>
  <testcase name="testFunctionDecl()" classname="de.uka.ilkd.key.parser.TestDeclParser" time="0.968"/>
  <testcase name="testPredicateDecl()" classname="de.uka.ilkd.key.parser.TestDeclParser" time="0.944"/>
  <testcase name="testSVDecl()" classname="de.uka.ilkd.key.parser.TestDeclParser" time="0.848"/>
  <system-out><![CDATA[289546     INFO  Test worker     d.u.i.k.n.KeyIO           Parsing took 0 ms 
289562     DEBUG Test worker     d.u.i.k.n.KeyIO           Load declarations of de.uka.ilkd.key.nparser.KeyAst$File:  <unknown>:1#1 
289562     INFO  Test worker     d.u.i.k.n.KeyIO           MODE: declarations took 0 ms 
289562     DEBUG Test worker     d.u.i.k.n.KeyIO           MODE: 2nd degree decls took 0 
289562     DEBUG Test worker     d.u.i.k.n.KeyIO           MODE: taclets took 0ms 
290579     INFO  Test worker     d.u.i.k.n.KeyIO           Parsing took 0 ms 
290579     DEBUG Test worker     d.u.i.k.n.KeyIO           Load declarations of de.uka.ilkd.key.nparser.KeyAst$File:  <unknown>:1#1 
290579     INFO  Test worker     d.u.i.k.n.KeyIO           MODE: declarations took 0 ms 
290579     DEBUG Test worker     d.u.i.k.n.KeyIO           MODE: 2nd degree decls took 0 
290579     DEBUG Test worker     d.u.i.k.n.KeyIO           MODE: taclets took 0ms 
291587     INFO  Test worker     d.u.i.k.n.KeyIO           Parsing took 0 ms 
291587     DEBUG Test worker     d.u.i.k.n.KeyIO           Load declarations of de.uka.ilkd.key.nparser.KeyAst$File:  <unknown>:1#1 
291587     INFO  Test worker     d.u.i.k.n.KeyIO           MODE: declarations took 0 ms 
291603     DEBUG Test worker     d.u.i.k.n.KeyIO           MODE: 2nd degree decls took 0 
291603     DEBUG Test worker     d.u.i.k.n.KeyIO           MODE: taclets took 0ms 
292509     INFO  Test worker     d.u.i.k.n.KeyIO           Parsing took 0 ms 
292509     DEBUG Test worker     d.u.i.k.n.KeyIO           Load declarations of de.uka.ilkd.key.nparser.KeyAst$File:  <unknown>:1#1 
292509     INFO  Test worker     d.u.i.k.n.KeyIO           MODE: declarations took 0 ms 
292509     DEBUG Test worker     d.u.i.k.n.KeyIO           MODE: 2nd degree decls took 0 
292509     DEBUG Test worker     d.u.i.k.n.KeyIO           MODE: taclets took 0ms 
293550     INFO  Test worker     d.u.i.k.n.KeyIO           Parsing took 0 ms 
293550     DEBUG Test worker     d.u.i.k.n.KeyIO           Load declarations of de.uka.ilkd.key.nparser.KeyAst$File:  <unknown>:1#1 
293550     INFO  Test worker     d.u.i.k.n.KeyIO           MODE: declarations took 0 ms 
293550     DEBUG Test worker     d.u.i.k.n.KeyIO           MODE: 2nd degree decls took 0 
293550     DEBUG Test worker     d.u.i.k.n.KeyIO           MODE: taclets took 0ms 
294493     INFO  Test worker     d.u.i.k.n.KeyIO           Parsing took 0 ms 
294493     DEBUG Test worker     d.u.i.k.n.KeyIO           Load declarations of de.uka.ilkd.key.nparser.KeyAst$File:  <unknown>:1#1 
294493     INFO  Test worker     d.u.i.k.n.KeyIO           MODE: declarations took 0 ms 
294493     DEBUG Test worker     d.u.i.k.n.KeyIO           MODE: 2nd degree decls took 0 
294493     DEBUG Test worker     d.u.i.k.n.KeyIO           MODE: taclets took 0ms 
295500     INFO  Test worker     d.u.i.k.n.KeyIO           Parsing took 0 ms 
295500     DEBUG Test worker     d.u.i.k.n.KeyIO           Load declarations of de.uka.ilkd.key.nparser.KeyAst$File:  <unknown>:1#1 
295500     INFO  Test worker     d.u.i.k.n.KeyIO           MODE: declarations took 0 ms 
295500     DEBUG Test worker     d.u.i.k.n.KeyIO           MODE: 2nd degree decls took 0 
295500     DEBUG Test worker     d.u.i.k.n.KeyIO           MODE: taclets took 0ms 
296376     INFO  Test worker     d.u.i.k.n.KeyIO           Parsing took 0 ms 
296376     DEBUG Test worker     d.u.i.k.n.KeyIO           Load declarations of de.uka.ilkd.key.nparser.KeyAst$File:  <unknown>:1#1 
296376     INFO  Test worker     d.u.i.k.n.KeyIO           MODE: declarations took 0 ms 
296376     DEBUG Test worker     d.u.i.k.n.KeyIO           MODE: 2nd degree decls took 0 
296376     DEBUG Test worker     d.u.i.k.n.KeyIO           MODE: taclets took 0ms 
297329     INFO  Test worker     d.u.i.k.n.KeyIO           Parsing took 0 ms 
297329     DEBUG Test worker     d.u.i.k.n.KeyIO           Load declarations of de.uka.ilkd.key.nparser.KeyAst$File:  <unknown>:1#1 
297329     INFO  Test worker     d.u.i.k.n.KeyIO           MODE: declarations took 0 ms 
297329     DEBUG Test worker     d.u.i.k.n.KeyIO           MODE: 2nd degree decls took 0 
297329     DEBUG Test worker     d.u.i.k.n.KeyIO           MODE: taclets took 0ms 
298288     INFO  Test worker     d.u.i.k.n.KeyIO           Parsing took 0 ms 
298288     DEBUG Test worker     d.u.i.k.n.KeyIO           Load declarations of de.uka.ilkd.key.nparser.KeyAst$File:  <unknown>:1#1 
298288     INFO  Test worker     d.u.i.k.n.KeyIO           MODE: declarations took 0 ms 
298288     DEBUG Test worker     d.u.i.k.n.KeyIO           MODE: 2nd degree decls took 0 
298288     DEBUG Test worker     d.u.i.k.n.KeyIO           MODE: taclets took 0ms 
299238     INFO  Test worker     d.u.i.k.n.KeyIO           Parsing took 0 ms 
299238     DEBUG Test worker     d.u.i.k.n.KeyIO           Load declarations of de.uka.ilkd.key.nparser.KeyAst$File:  <unknown>:1#1 
299239     INFO  Test worker     d.u.i.k.n.KeyIO           MODE: declarations took 1 ms 
299239     DEBUG Test worker     d.u.i.k.n.KeyIO           MODE: 2nd degree decls took 0 
299239     DEBUG Test worker     d.u.i.k.n.KeyIO           MODE: taclets took 0ms 
300077     INFO  Test worker     d.u.i.k.n.KeyIO           Parsing took 0 ms 
300077     DEBUG Test worker     d.u.i.k.n.KeyIO           Load declarations of de.uka.ilkd.key.nparser.KeyAst$File:  <unknown>:1#1 
300077     INFO  Test worker     d.u.i.k.n.KeyIO           MODE: declarations took 0 ms 
300077     DEBUG Test worker     d.u.i.k.n.KeyIO           MODE: 2nd degree decls took 0 
300077     DEBUG Test worker     d.u.i.k.n.KeyIO           MODE: taclets took 0ms 
]]></system-out>
  <system-err><![CDATA[]]></system-err>
</testsuite>
