<?xml version="1.0" encoding="UTF-8"?>
<testsuite name="de.uka.ilkd.key.util.removegenerics.TestMemberReference" tests="19" skipped="0" failures="0" errors="0" timestamp="2023-06-12T22:35:41" hostname="fv-az618-737" time="0.687">
  <properties/>
  <testcase name="testAssignmentToMember()" classname="de.uka.ilkd.key.util.removegenerics.TestMemberReference" time="0.018"/>
  <testcase name="testExtends()" classname="de.uka.ilkd.key.util.removegenerics.TestMemberReference" time="0.012"/>
  <testcase name="testArray()" classname="de.uka.ilkd.key.util.removegenerics.TestMemberReference" time="0.011"/>
  <testcase name="testField()" classname="de.uka.ilkd.key.util.removegenerics.TestMemberReference" time="0.013"/>
  <testcase name="testExpressionStatementStructures()" classname="de.uka.ilkd.key.util.removegenerics.TestMemberReference" time="0.025"/>
  <testcase name="testArrayArg()" classname="de.uka.ilkd.key.util.removegenerics.TestMemberReference" time="0.009"/>
  <testcase name="testArrayAssign()" classname="de.uka.ilkd.key.util.removegenerics.TestMemberReference" time="0.015"/>
  <testcase name="testArrayLength()" classname="de.uka.ilkd.key.util.removegenerics.TestMemberReference" time="0.008"/>
  <testcase name="testArrayReturn()" classname="de.uka.ilkd.key.util.removegenerics.TestMemberReference" time="0.011"/>
  <testcase name="testTypeParameterIsTVArray()" classname="de.uka.ilkd.key.util.removegenerics.TestMemberReference" time="0.011"/>
  <testcase name="testMultiLevel()" classname="de.uka.ilkd.key.util.removegenerics.TestMemberReference" time="0.008"/>
  <testcase name="testRawType()" classname="de.uka.ilkd.key.util.removegenerics.TestMemberReference" time="0.126"/>
  <testcase name="testStortArray()" classname="de.uka.ilkd.key.util.removegenerics.TestMemberReference" time="0.015"/>
  <testcase name="testTypeParameterIsTV()" classname="de.uka.ilkd.key.util.removegenerics.TestMemberReference" time="0.231"/>
  <testcase name="testParameterisedMember()" classname="de.uka.ilkd.key.util.removegenerics.TestMemberReference" time="0.014"/>
  <testcase name="testMemberOfParameter()" classname="de.uka.ilkd.key.util.removegenerics.TestMemberReference" time="0.009"/>
  <testcase name="testExpressionStatement()" classname="de.uka.ilkd.key.util.removegenerics.TestMemberReference" time="0.007"/>
  <testcase name="testParameterised()" classname="de.uka.ilkd.key.util.removegenerics.TestMemberReference" time="0.012"/>
  <testcase name="testMethod()" classname="de.uka.ilkd.key.util.removegenerics.TestMemberReference" time="0.008"/>
  <system-out><![CDATA[]]></system-out>
  <system-err><![CDATA[]]></system-err>
</testsuite>
