<?xml version="1.0" encoding="UTF-8"?>
<testsuite name="org.key_project.util.testcase.collection.TestSLListOfString" tests="8" skipped="0" failures="0" errors="0" timestamp="2023-04-02T13:21:53" hostname="fv-az550-977" time="0.01">
  <properties/>
  <testcase name="testToString()" classname="org.key_project.util.testcase.collection.TestSLListOfString" time="0.001"/>
  <testcase name="testRemoveFirst()" classname="org.key_project.util.testcase.collection.TestSLListOfString" time="0.001"/>
  <testcase name="testPrepend()" classname="org.key_project.util.testcase.collection.TestSLListOfString" time="0.0"/>
  <testcase name="testHeadTail()" classname="org.key_project.util.testcase.collection.TestSLListOfString" time="0.0"/>
  <testcase name="testContains()" classname="org.key_project.util.testcase.collection.TestSLListOfString" time="0.0"/>
  <testcase name="testAppend()" classname="org.key_project.util.testcase.collection.TestSLListOfString" time="0.001"/>
  <testcase name="testEquals()" classname="org.key_project.util.testcase.collection.TestSLListOfString" time="0.002"/>
  <testcase name="testRemoveAll()" classname="org.key_project.util.testcase.collection.TestSLListOfString" time="0.0"/>
  <system-out><![CDATA[13:21:52,888 |-INFO in ch.qos.logback.classic.LoggerContext[default] - This is logback-classic version 1.4.6
13:21:52,920 |-INFO in ch.qos.logback.classic.LoggerContext[default] - Could NOT find resource [logback-test.xml]
13:21:52,920 |-INFO in ch.qos.logback.classic.LoggerContext[default] - Found resource [logback.xml] at [file:/home/runner/work/key/key/key.util/build/resources/test/logback.xml]
13:21:53,042 |-INFO in ch.qos.logback.core.model.processor.AppenderModelHandler - Processing appender named [STDOUT]
13:21:53,042 |-INFO in ch.qos.logback.core.model.processor.AppenderModelHandler - About to instantiate appender of type [ch.qos.logback.core.ConsoleAppender]
13:21:53,047 |-WARN in ch.qos.logback.core.model.processor.ImplicitModelHandler - Ignoring unknown property [file] in [ch.qos.logback.core.ConsoleAppender]
13:21:53,047 |-WARN in ch.qos.logback.core.model.processor.ImplicitModelHandler - Ignoring unknown property [append] in [ch.qos.logback.core.ConsoleAppender]
13:21:53,048 |-INFO in ch.qos.logback.core.model.processor.ImplicitModelHandler - Assuming default type [ch.qos.logback.classic.encoder.PatternLayoutEncoder] for [encoder] property
13:21:53,066 |-INFO in ch.qos.logback.classic.model.processor.RootLoggerModelHandler - Setting level of ROOT logger to WARN
13:21:53,066 |-INFO in ch.qos.logback.core.model.processor.AppenderRefModelHandler - Attaching appender named [STDOUT] to Logger[ROOT]
13:21:53,067 |-INFO in ch.qos.logback.core.model.processor.DefaultProcessor@5733f295 - End of configuration.
13:21:53,068 |-INFO in ch.qos.logback.classic.joran.JoranConfigurator@1c3146bc - Registering current configuration as safe fallback point

]]></system-out>
  <system-err><![CDATA[]]></system-err>
</testsuite>
