<?xml version="1.0" encoding="UTF-8"?>
<testsuite name="de.uka.ilkd.key.util.TestVersionStringComparator" tests="5" skipped="0" failures="0" errors="0" timestamp="2023-04-03T21:20:33" hostname="fv-az399-738" time="0.001">
  <properties/>
  <testcase name="test0()" classname="de.uka.ilkd.key.util.TestVersionStringComparator" time="0.0"/>
  <testcase name="test1()" classname="de.uka.ilkd.key.util.TestVersionStringComparator" time="0.0"/>
  <testcase name="test2()" classname="de.uka.ilkd.key.util.TestVersionStringComparator" time="0.0"/>
  <testcase name="test3()" classname="de.uka.ilkd.key.util.TestVersionStringComparator" time="0.0"/>
  <testcase name="test4()" classname="de.uka.ilkd.key.util.TestVersionStringComparator" time="0.0"/>
  <system-out><![CDATA[]]></system-out>
  <system-err><![CDATA[]]></system-err>
</testsuite>
