<?xml version="1.0" encoding="UTF-8"?>
<testsuite name="de.uka.ilkd.key.parser.TestDeclParser" tests="14" skipped="2" failures="0" errors="0" timestamp="2023-04-03T21:10:21" hostname="fv-az399-738" time="10.891">
  <properties/>
  <testcase name="testGenericSortDecl1()" classname="de.uka.ilkd.key.parser.TestDeclParser" time="0.915"/>
  <testcase name="testGenericSortDecl2()" classname="de.uka.ilkd.key.parser.TestDeclParser" time="0.913"/>
  <testcase name="testGenericSortDecl3()" classname="de.uka.ilkd.key.parser.TestDeclParser" time="0.921"/>
  <testcase name="testGenericSortDecl4()" classname="de.uka.ilkd.key.parser.TestDeclParser" time="0.92"/>
  <testcase name="testGenericSortDecl5()" classname="de.uka.ilkd.key.parser.TestDeclParser" time="0.0">
    <skipped/>
  </testcase>
  <testcase name="testGenericSortDecl6()" classname="de.uka.ilkd.key.parser.TestDeclParser" time="0.858"/>
  <testcase name="testSortDecl()" classname="de.uka.ilkd.key.parser.TestDeclParser" time="0.913"/>
  <testcase name="testProxySortDecl()" classname="de.uka.ilkd.key.parser.TestDeclParser" time="0.938"/>
  <testcase name="testArrayDecl()" classname="de.uka.ilkd.key.parser.TestDeclParser" time="0.86"/>
  <testcase name="testAmbiguousDecls()" classname="de.uka.ilkd.key.parser.TestDeclParser" time="0.0">
    <skipped/>
  </testcase>
  <testcase name="testHeurDecl()" classname="de.uka.ilkd.key.parser.TestDeclParser" time="0.939"/>
  <testcase name="testFunctionDecl()" classname="de.uka.ilkd.key.parser.TestDeclParser" time="0.942"/>
  <testcase name="testPredicateDecl()" classname="de.uka.ilkd.key.parser.TestDeclParser" time="0.918"/>
  <testcase name="testSVDecl()" classname="de.uka.ilkd.key.parser.TestDeclParser" time="0.852"/>
  <system-out><![CDATA[199985     INFO  Test worker     d.u.i.k.n.KeyIO           Parsing took 0 ms 
199986     INFO  Test worker     d.u.i.k.n.KeyIO           MODE: declarations took 0 ms 
200900     INFO  Test worker     d.u.i.k.n.KeyIO           Parsing took 0 ms 
200901     INFO  Test worker     d.u.i.k.n.KeyIO           MODE: declarations took 1 ms 
201821     INFO  Test worker     d.u.i.k.n.KeyIO           Parsing took 0 ms 
201822     INFO  Test worker     d.u.i.k.n.KeyIO           MODE: declarations took 1 ms 
202742     INFO  Test worker     d.u.i.k.n.KeyIO           Parsing took 0 ms 
202742     INFO  Test worker     d.u.i.k.n.KeyIO           MODE: declarations took 0 ms 
203601     INFO  Test worker     d.u.i.k.n.KeyIO           Parsing took 0 ms 
203601     INFO  Test worker     d.u.i.k.n.KeyIO           MODE: declarations took 0 ms 
204514     INFO  Test worker     d.u.i.k.n.KeyIO           Parsing took 1 ms 
204514     INFO  Test worker     d.u.i.k.n.KeyIO           MODE: declarations took 0 ms 
205452     INFO  Test worker     d.u.i.k.n.KeyIO           Parsing took 0 ms 
205452     INFO  Test worker     d.u.i.k.n.KeyIO           MODE: declarations took 0 ms 
206312     INFO  Test worker     d.u.i.k.n.KeyIO           Parsing took 0 ms 
206312     INFO  Test worker     d.u.i.k.n.KeyIO           MODE: declarations took 0 ms 
207241     INFO  Test worker     d.u.i.k.n.KeyIO           Parsing took 0 ms 
207242     INFO  Test worker     d.u.i.k.n.KeyIO           MODE: declarations took 0 ms 
208192     INFO  Test worker     d.u.i.k.n.KeyIO           Parsing took 0 ms 
208193     INFO  Test worker     d.u.i.k.n.KeyIO           MODE: declarations took 0 ms 
209109     INFO  Test worker     d.u.i.k.n.KeyIO           Parsing took 0 ms 
209110     INFO  Test worker     d.u.i.k.n.KeyIO           MODE: declarations took 0 ms 
209962     INFO  Test worker     d.u.i.k.n.KeyIO           Parsing took 0 ms 
209962     INFO  Test worker     d.u.i.k.n.KeyIO           MODE: declarations took 0 ms 
]]></system-out>
  <system-err><![CDATA[]]></system-err>
</testsuite>
