<?xml version="1.0" encoding="UTF-8"?>
<testsuite name="de.uka.ilkd.key.parser.TestDeclParser" tests="14" skipped="2" failures="0" errors="0" timestamp="2023-06-12T06:52:30" hostname="fv-az1246-585" time="17.584">
  <properties/>
  <testcase name="testGenericSortDecl1()" classname="de.uka.ilkd.key.parser.TestDeclParser" time="1.529"/>
  <testcase name="testGenericSortDecl2()" classname="de.uka.ilkd.key.parser.TestDeclParser" time="1.472"/>
  <testcase name="testGenericSortDecl3()" classname="de.uka.ilkd.key.parser.TestDeclParser" time="1.436"/>
  <testcase name="testGenericSortDecl4()" classname="de.uka.ilkd.key.parser.TestDeclParser" time="1.437"/>
  <testcase name="testGenericSortDecl5()" classname="de.uka.ilkd.key.parser.TestDeclParser" time="0.0">
    <skipped/>
  </testcase>
  <testcase name="testGenericSortDecl6()" classname="de.uka.ilkd.key.parser.TestDeclParser" time="1.448"/>
  <testcase name="testSortDecl()" classname="de.uka.ilkd.key.parser.TestDeclParser" time="1.491"/>
  <testcase name="testProxySortDecl()" classname="de.uka.ilkd.key.parser.TestDeclParser" time="1.542"/>
  <testcase name="testArrayDecl()" classname="de.uka.ilkd.key.parser.TestDeclParser" time="1.482"/>
  <testcase name="testAmbiguousDecls()" classname="de.uka.ilkd.key.parser.TestDeclParser" time="0.0">
    <skipped/>
  </testcase>
  <testcase name="testHeurDecl()" classname="de.uka.ilkd.key.parser.TestDeclParser" time="1.44"/>
  <testcase name="testFunctionDecl()" classname="de.uka.ilkd.key.parser.TestDeclParser" time="1.431"/>
  <testcase name="testPredicateDecl()" classname="de.uka.ilkd.key.parser.TestDeclParser" time="1.434"/>
  <testcase name="testSVDecl()" classname="de.uka.ilkd.key.parser.TestDeclParser" time="1.439"/>
  <system-out><![CDATA[346271     INFO  Test worker     d.u.i.k.n.KeyIO           Parsing took 0 ms 
346271     DEBUG Test worker     d.u.i.k.n.KeyIO           Load declarations of de.uka.ilkd.key.nparser.KeyAst$File:  <unknown>:1#1 
346272     INFO  Test worker     d.u.i.k.n.KeyIO           MODE: declarations took 1 ms 
346272     DEBUG Test worker     d.u.i.k.n.KeyIO           MODE: 2nd degree decls took 0 
346272     DEBUG Test worker     d.u.i.k.n.KeyIO           MODE: taclets took 0ms 
347744     INFO  Test worker     d.u.i.k.n.KeyIO           Parsing took 0 ms 
347745     DEBUG Test worker     d.u.i.k.n.KeyIO           Load declarations of de.uka.ilkd.key.nparser.KeyAst$File:  <unknown>:1#1 
347745     INFO  Test worker     d.u.i.k.n.KeyIO           MODE: declarations took 0 ms 
347745     DEBUG Test worker     d.u.i.k.n.KeyIO           MODE: 2nd degree decls took 0 
347746     DEBUG Test worker     d.u.i.k.n.KeyIO           MODE: taclets took 1ms 
349182     INFO  Test worker     d.u.i.k.n.KeyIO           Parsing took 0 ms 
349182     DEBUG Test worker     d.u.i.k.n.KeyIO           Load declarations of de.uka.ilkd.key.nparser.KeyAst$File:  <unknown>:1#1 
349182     INFO  Test worker     d.u.i.k.n.KeyIO           MODE: declarations took 0 ms 
349182     DEBUG Test worker     d.u.i.k.n.KeyIO           MODE: 2nd degree decls took 0 
349182     DEBUG Test worker     d.u.i.k.n.KeyIO           MODE: taclets took 0ms 
350619     INFO  Test worker     d.u.i.k.n.KeyIO           Parsing took 1 ms 
350619     DEBUG Test worker     d.u.i.k.n.KeyIO           Load declarations of de.uka.ilkd.key.nparser.KeyAst$File:  <unknown>:1#1 
350619     INFO  Test worker     d.u.i.k.n.KeyIO           MODE: declarations took 0 ms 
350619     DEBUG Test worker     d.u.i.k.n.KeyIO           MODE: 2nd degree decls took 0 
350619     DEBUG Test worker     d.u.i.k.n.KeyIO           MODE: taclets took 0ms 
352067     INFO  Test worker     d.u.i.k.n.KeyIO           Parsing took 0 ms 
352067     DEBUG Test worker     d.u.i.k.n.KeyIO           Load declarations of de.uka.ilkd.key.nparser.KeyAst$File:  <unknown>:1#1 
352067     INFO  Test worker     d.u.i.k.n.KeyIO           MODE: declarations took 0 ms 
352067     DEBUG Test worker     d.u.i.k.n.KeyIO           MODE: 2nd degree decls took 0 
352067     DEBUG Test worker     d.u.i.k.n.KeyIO           MODE: taclets took 0ms 
353558     INFO  Test worker     d.u.i.k.n.KeyIO           Parsing took 0 ms 
353558     DEBUG Test worker     d.u.i.k.n.KeyIO           Load declarations of de.uka.ilkd.key.nparser.KeyAst$File:  <unknown>:1#1 
353558     INFO  Test worker     d.u.i.k.n.KeyIO           MODE: declarations took 0 ms 
353558     DEBUG Test worker     d.u.i.k.n.KeyIO           MODE: 2nd degree decls took 0 
353559     DEBUG Test worker     d.u.i.k.n.KeyIO           MODE: taclets took 0ms 
355100     INFO  Test worker     d.u.i.k.n.KeyIO           Parsing took 0 ms 
355100     DEBUG Test worker     d.u.i.k.n.KeyIO           Load declarations of de.uka.ilkd.key.nparser.KeyAst$File:  <unknown>:1#1 
355100     INFO  Test worker     d.u.i.k.n.KeyIO           MODE: declarations took 0 ms 
355100     DEBUG Test worker     d.u.i.k.n.KeyIO           MODE: 2nd degree decls took 0 
355101     DEBUG Test worker     d.u.i.k.n.KeyIO           MODE: taclets took 0ms 
356582     INFO  Test worker     d.u.i.k.n.KeyIO           Parsing took 1 ms 
356582     DEBUG Test worker     d.u.i.k.n.KeyIO           Load declarations of de.uka.ilkd.key.nparser.KeyAst$File:  <unknown>:1#1 
356582     INFO  Test worker     d.u.i.k.n.KeyIO           MODE: declarations took 0 ms 
356583     DEBUG Test worker     d.u.i.k.n.KeyIO           MODE: 2nd degree decls took 1 
356583     DEBUG Test worker     d.u.i.k.n.KeyIO           MODE: taclets took 0ms 
358023     INFO  Test worker     d.u.i.k.n.KeyIO           Parsing took 0 ms 
358023     DEBUG Test worker     d.u.i.k.n.KeyIO           Load declarations of de.uka.ilkd.key.nparser.KeyAst$File:  <unknown>:1#1 
358023     INFO  Test worker     d.u.i.k.n.KeyIO           MODE: declarations took 0 ms 
358024     DEBUG Test worker     d.u.i.k.n.KeyIO           MODE: 2nd degree decls took 0 
358024     DEBUG Test worker     d.u.i.k.n.KeyIO           MODE: taclets took 0ms 
359453     INFO  Test worker     d.u.i.k.n.KeyIO           Parsing took 0 ms 
359453     DEBUG Test worker     d.u.i.k.n.KeyIO           Load declarations of de.uka.ilkd.key.nparser.KeyAst$File:  <unknown>:1#1 
359453     INFO  Test worker     d.u.i.k.n.KeyIO           MODE: declarations took 0 ms 
359454     DEBUG Test worker     d.u.i.k.n.KeyIO           MODE: 2nd degree decls took 1 
359454     DEBUG Test worker     d.u.i.k.n.KeyIO           MODE: taclets took 0ms 
360889     INFO  Test worker     d.u.i.k.n.KeyIO           Parsing took 0 ms 
360889     DEBUG Test worker     d.u.i.k.n.KeyIO           Load declarations of de.uka.ilkd.key.nparser.KeyAst$File:  <unknown>:1#1 
360889     INFO  Test worker     d.u.i.k.n.KeyIO           MODE: declarations took 0 ms 
360889     DEBUG Test worker     d.u.i.k.n.KeyIO           MODE: 2nd degree decls took 0 
360890     DEBUG Test worker     d.u.i.k.n.KeyIO           MODE: taclets took 0ms 
362327     INFO  Test worker     d.u.i.k.n.KeyIO           Parsing took 0 ms 
362328     DEBUG Test worker     d.u.i.k.n.KeyIO           Load declarations of de.uka.ilkd.key.nparser.KeyAst$File:  <unknown>:1#1 
362328     INFO  Test worker     d.u.i.k.n.KeyIO           MODE: declarations took 0 ms 
362328     DEBUG Test worker     d.u.i.k.n.KeyIO           MODE: 2nd degree decls took 0 
362328     DEBUG Test worker     d.u.i.k.n.KeyIO           MODE: taclets took 0ms 
]]></system-out>
  <system-err><![CDATA[]]></system-err>
</testsuite>
