<?xml version="1.0" encoding="UTF-8"?>
<testsuite name="de.uka.ilkd.key.taclettranslation.TestTacletTranslator" tests="5" skipped="0" failures="0" errors="0" timestamp="2023-06-12T07:08:19" hostname="fv-az1246-585" time="0.012">
  <properties/>
  <testcase name="testPropositional1()" classname="de.uka.ilkd.key.taclettranslation.TestTacletTranslator" time="0.005"/>
  <testcase name="testPropositional2()" classname="de.uka.ilkd.key.taclettranslation.TestTacletTranslator" time="0.002"/>
  <testcase name="testNegativePolarity()" classname="de.uka.ilkd.key.taclettranslation.TestTacletTranslator" time="0.002"/>
  <testcase name="testNoPolarity()" classname="de.uka.ilkd.key.taclettranslation.TestTacletTranslator" time="0.001"/>
  <testcase name="testPositivePolarity()" classname="de.uka.ilkd.key.taclettranslation.TestTacletTranslator" time="0.002"/>
  <system-out><![CDATA[1293576    INFO  Test worker     d.u.i.k.n.KeyIO           Parsing took 0 ms 
1293576    DEBUG Test worker     d.u.i.k.n.KeyIO           Load declarations of de.uka.ilkd.key.nparser.KeyAst$File:  <unknown>:1#1 
1293576    INFO  Test worker     d.u.i.k.n.KeyIO           MODE: declarations took 0 ms 
1293576    DEBUG Test worker     d.u.i.k.n.KeyIO           MODE: 2nd degree decls took 0 
1293576    DEBUG Test worker     d.u.i.k.n.KeyIO           MODE: taclets took 0ms 
1293581    INFO  Test worker     d.u.i.k.n.KeyIO           Parsing took 0 ms 
1293581    DEBUG Test worker     d.u.i.k.n.KeyIO           Load declarations of de.uka.ilkd.key.nparser.KeyAst$File:  <unknown>:1#1 
1293581    INFO  Test worker     d.u.i.k.n.KeyIO           MODE: declarations took 0 ms 
1293581    DEBUG Test worker     d.u.i.k.n.KeyIO           MODE: 2nd degree decls took 0 
1293582    DEBUG Test worker     d.u.i.k.n.KeyIO           MODE: taclets took 1ms 
1293583    INFO  Test worker     d.u.i.k.n.KeyIO           Parsing took 0 ms 
1293583    DEBUG Test worker     d.u.i.k.n.KeyIO           Load declarations of de.uka.ilkd.key.nparser.KeyAst$File:  <unknown>:1#1 
1293583    INFO  Test worker     d.u.i.k.n.KeyIO           MODE: declarations took 0 ms 
1293583    DEBUG Test worker     d.u.i.k.n.KeyIO           MODE: 2nd degree decls took 0 
1293583    DEBUG Test worker     d.u.i.k.n.KeyIO           MODE: taclets took 0ms 
1293585    INFO  Test worker     d.u.i.k.n.KeyIO           Parsing took 1 ms 
1293585    DEBUG Test worker     d.u.i.k.n.KeyIO           Load declarations of de.uka.ilkd.key.nparser.KeyAst$File:  <unknown>:1#1 
1293585    INFO  Test worker     d.u.i.k.n.KeyIO           MODE: declarations took 0 ms 
1293585    DEBUG Test worker     d.u.i.k.n.KeyIO           MODE: 2nd degree decls took 0 
1293585    DEBUG Test worker     d.u.i.k.n.KeyIO           MODE: taclets took 0ms 
1293586    INFO  Test worker     d.u.i.k.n.KeyIO           Parsing took 0 ms 
1293586    DEBUG Test worker     d.u.i.k.n.KeyIO           Load declarations of de.uka.ilkd.key.nparser.KeyAst$File:  <unknown>:1#1 
1293586    INFO  Test worker     d.u.i.k.n.KeyIO           MODE: declarations took 0 ms 
1293586    DEBUG Test worker     d.u.i.k.n.KeyIO           MODE: 2nd degree decls took 0 
1293586    DEBUG Test worker     d.u.i.k.n.KeyIO           MODE: taclets took 0ms 
]]></system-out>
  <system-err><![CDATA[]]></system-err>
</testsuite>
