<?xml version="1.0" encoding="UTF-8"?>
<testsuite name="de.uka.ilkd.key.proof.TestOneStepSimplifier" tests="1" skipped="0" failures="0" errors="0" timestamp="2023-06-12T06:58:18" hostname="fv-az1246-585" time="6.173">
  <properties/>
  <testcase name="loadWithRestriction()" classname="de.uka.ilkd.key.proof.TestOneStepSimplifier" time="6.173"/>
  <system-out><![CDATA[692052     INFO  Test worker     d.u.i.k.p.i.AbstractProblemLoader Loading environment from src/test/resources/testcase/ossRestriction.proof 
692052     DEBUG Test worker     d.u.i.k.p.i.AbstractProblemLoader Environment load took 114.1ns 
692053     INFO  Test worker     d.u.i.k.p.i.AbstractProblemLoader Creating init config 
692256     DEBUG Test worker     d.u.i.k.j.TypeConverter   No LDT found for Meta 
692256     DEBUG Test worker     d.u.i.k.j.TypeConverter   No LDT found for Meta 
692256     DEBUG Test worker     d.u.i.k.j.TypeConverter   No LDT found for Meta 
692257     DEBUG Test worker     d.u.i.k.j.TypeConverter   No LDT found for Meta 
693018     DEBUG Test worker     d.u.i.k.j.TypeConverter   No LDT found for JavaBigintExpression 
698190     DEBUG Test worker     d.u.i.k.p.i.AbstractProblemLoader Init config took 6.14s 
698218     INFO  Test worker     d.u.i.k.p.i.AbstractProblemLoader Replaying proof ossRestriction.proof 
698223     DEBUG Test worker     d.u.i.k.p.i.IntermediateProofReplayer Proof replay took 1.26ms 
]]></system-out>
  <system-err><![CDATA[]]></system-err>
</testsuite>
