<?xml version="1.0" encoding="UTF-8"?>
<testsuite name="de.uka.ilkd.key.java.TestContextStatementBlock" tests="1" skipped="0" failures="0" errors="0" timestamp="2023-06-12T06:47:21" hostname="fv-az1246-585" time="1.85">
  <properties/>
  <testcase name="testContextTermInstantiation()" classname="de.uka.ilkd.key.java.TestContextStatementBlock" time="1.85"/>
  <system-out><![CDATA[37168      INFO  Test worker     d.u.i.k.n.KeyIO           Parsing took 6 ms 
37168      DEBUG Test worker     d.u.i.k.n.KeyIO           Load declarations of de.uka.ilkd.key.nparser.KeyAst$File:  /home/runner/work/key/key/key.core/src/test/resources/testcase/testrules.key:9#1 
37170      INFO  Test worker     d.u.i.k.n.KeyIO           MODE: declarations took 2 ms 
37170      DEBUG Test worker     d.u.i.k.n.KeyIO           MODE: 2nd degree decls took 0 
37324      DEBUG Test worker     d.u.i.k.n.KeyIO           MODE: taclets took 152ms 
]]></system-out>
  <system-err><![CDATA[]]></system-err>
</testsuite>
