<?xml version="1.0" encoding="UTF-8"?>
<testsuite name="de.uka.ilkd.key.speclang.jml.JMLUtilsTest" tests="2" skipped="0" failures="0" errors="0" timestamp="2023-06-12T07:07:24" hostname="fv-az1246-585" time="0.003">
  <properties/>
  <testcase name="testSplitJmlFeatures()" classname="de.uka.ilkd.key.speclang.jml.JMLUtilsTest" time="0.002"/>
  <testcase name="testIsJmlCommentStarter()" classname="de.uka.ilkd.key.speclang.jml.JMLUtilsTest" time="0.001"/>
  <system-out><![CDATA[]]></system-out>
  <system-err><![CDATA[]]></system-err>
</testsuite>
