<?xml version="1.0" encoding="UTF-8"?>
<testsuite name="de.uka.ilkd.key.rule.merge.PredicateAbstractionLatticeTests" tests="3" skipped="0" failures="0" errors="0" timestamp="2023-06-12T07:00:57" hostname="fv-az1246-585" time="9.456">
  <properties/>
  <testcase name="testToAndFromString()" classname="de.uka.ilkd.key.rule.merge.PredicateAbstractionLatticeTests" time="4.634"/>
  <testcase name="testCreateSignLatticeWithPredicates()" classname="de.uka.ilkd.key.rule.merge.PredicateAbstractionLatticeTests" time="4.822"/>
  <testcase name="testTrivialPredicatesLattice()" classname="de.uka.ilkd.key.rule.merge.PredicateAbstractionLatticeTests" time="0.0"/>
  <system-out><![CDATA[851535     INFO  Test worker     d.u.i.k.p.i.AbstractProblemLoader Loading environment from src/test/resources/testcase/merge/dummy.key 
851535     DEBUG Test worker     d.u.i.k.p.i.AbstractProblemLoader Environment load took 417.6ns 
851536     INFO  Test worker     d.u.i.k.p.i.AbstractProblemLoader Creating init config 
856149     DEBUG Test worker     d.u.i.k.p.i.AbstractProblemLoader Init config took 4.61s 
856166     INFO  Test worker     d.u.i.k.p.i.AbstractProblemLoader Replaying proof dummy.key 
856167     DEBUG Test worker     d.u.i.k.p.i.IntermediateProofReplayer Proof replay took 9.9ns 
856169     INFO  Test worker     d.u.i.k.p.i.AbstractProblemLoader Loading environment from src/test/resources/testcase/merge/dummy.key 
856169     DEBUG Test worker     d.u.i.k.p.i.AbstractProblemLoader Environment load took 85.9ns 
856174     INFO  Test worker     d.u.i.k.p.i.AbstractProblemLoader Creating init config 
860949     DEBUG Test worker     d.u.i.k.p.i.AbstractProblemLoader Init config took 4.78s 
860974     INFO  Test worker     d.u.i.k.p.i.AbstractProblemLoader Replaying proof dummy.key 
860987     DEBUG Test worker     d.u.i.k.p.i.IntermediateProofReplayer Proof replay took 13ns 
]]></system-out>
  <system-err><![CDATA[]]></system-err>
</testsuite>
