<?xml version="1.0" encoding="UTF-8"?>
<testsuite name="de.uka.ilkd.key.parser.TestTermParserSorts" tests="2" skipped="0" failures="0" errors="0" timestamp="2023-06-12T06:58:13" hostname="fv-az1246-585" time="4.812">
  <properties/>
  <testcase name="testParseIntegerArgs()" classname="de.uka.ilkd.key.parser.TestTermParserSorts" time="0.018"/>
  <testcase name="testParseSequencePrettySyntax()" classname="de.uka.ilkd.key.parser.TestTermParserSorts" time="0.002"/>
  <system-out><![CDATA[687212     INFO  Test worker     d.u.i.k.n.KeyIO           Parsing took 0 ms 
687212     DEBUG Test worker     d.u.i.k.n.KeyIO           Load declarations of de.uka.ilkd.key.nparser.KeyAst$File:  <unknown>:1#1 
687212     INFO  Test worker     d.u.i.k.n.KeyIO           MODE: declarations took 0 ms 
687212     DEBUG Test worker     d.u.i.k.n.KeyIO           MODE: 2nd degree decls took 0 
687212     INFO  Test worker     d.u.i.k.n.KeyIO           Parsing took 0 ms 
687212     DEBUG Test worker     d.u.i.k.n.KeyIO           Load declarations of de.uka.ilkd.key.nparser.KeyAst$File:  <unknown>:1#1 
687212     INFO  Test worker     d.u.i.k.n.KeyIO           MODE: declarations took 0 ms 
687212     DEBUG Test worker     d.u.i.k.n.KeyIO           MODE: 2nd degree decls took 0 
687212     INFO  Test worker     d.u.i.k.n.KeyIO           Parsing took 0 ms 
687212     DEBUG Test worker     d.u.i.k.n.KeyIO           Load declarations of de.uka.ilkd.key.nparser.KeyAst$File:  <unknown>:1#1 
687212     INFO  Test worker     d.u.i.k.n.KeyIO           MODE: declarations took 0 ms 
687212     DEBUG Test worker     d.u.i.k.n.KeyIO           MODE: 2nd degree decls took 0 
692022     INFO  Test worker     d.u.i.k.n.KeyIO           Parsing took 0 ms 
692022     DEBUG Test worker     d.u.i.k.n.KeyIO           Load declarations of de.uka.ilkd.key.nparser.KeyAst$File:  <unknown>:1#1 
692022     INFO  Test worker     d.u.i.k.n.KeyIO           MODE: declarations took 0 ms 
692022     DEBUG Test worker     d.u.i.k.n.KeyIO           MODE: 2nd degree decls took 0 
692022     INFO  Test worker     d.u.i.k.n.KeyIO           Parsing took 0 ms 
692022     DEBUG Test worker     d.u.i.k.n.KeyIO           Load declarations of de.uka.ilkd.key.nparser.KeyAst$File:  <unknown>:1#1 
692022     INFO  Test worker     d.u.i.k.n.KeyIO           MODE: declarations took 0 ms 
692022     DEBUG Test worker     d.u.i.k.n.KeyIO           MODE: 2nd degree decls took 0 
692022     INFO  Test worker     d.u.i.k.n.KeyIO           Parsing took 0 ms 
692022     DEBUG Test worker     d.u.i.k.n.KeyIO           Load declarations of de.uka.ilkd.key.nparser.KeyAst$File:  <unknown>:1#1 
692022     INFO  Test worker     d.u.i.k.n.KeyIO           MODE: declarations took 0 ms 
692022     DEBUG Test worker     d.u.i.k.n.KeyIO           MODE: 2nd degree decls took 0 
]]></system-out>
  <system-err><![CDATA[]]></system-err>
</testsuite>
