<?xml version="1.0" encoding="UTF-8"?>
<testsuite name="de.uka.ilkd.key.rule.loop.LoopScopeInvRuleTests" tests="1" skipped="0" failures="0" errors="0" timestamp="2023-06-12T06:58:56" hostname="fv-az1246-585" time="6.941">
  <properties/>
  <testcase name="testDoAutomaticProofOfBenchmarkWithLabeledBreaksAndContinues()" classname="de.uka.ilkd.key.rule.loop.LoopScopeInvRuleTests" time="6.941"/>
  <system-out><![CDATA[730196     INFO  Test worker     d.u.i.k.p.i.AbstractProblemLoader Loading environment from src/test/resources/testcase/loopScopeInvRule/Test.key 
730196     DEBUG Test worker     d.u.i.k.p.i.AbstractProblemLoader Environment load took 124.4ns 
730197     INFO  Test worker     d.u.i.k.p.i.AbstractProblemLoader Creating init config 
730415     DEBUG Test worker     d.u.i.k.j.TypeConverter   No LDT found for Meta 
730415     DEBUG Test worker     d.u.i.k.j.TypeConverter   No LDT found for Meta 
730415     DEBUG Test worker     d.u.i.k.j.TypeConverter   No LDT found for Meta 
730415     DEBUG Test worker     d.u.i.k.j.TypeConverter   No LDT found for Meta 
731168     DEBUG Test worker     d.u.i.k.j.TypeConverter   No LDT found for JavaBigintExpression 
736346     DEBUG Test worker     d.u.i.k.p.i.AbstractProblemLoader Init config took 6.15s 
736398     INFO  Test worker     d.u.i.k.p.i.AbstractProblemLoader Replaying proof Test[Test::loopScopeRuleBenchmark(int,boolean)].JML normal_behavior operation contract.0 
736401     DEBUG Test worker     d.u.i.k.p.i.IntermediateProofReplayer Proof replay took 57.3ns 
]]></system-out>
  <system-err><![CDATA[]]></system-err>
</testsuite>
