<?xml version="1.0" encoding="UTF-8"?>
<testsuite name="de.uka.ilkd.key.logic.TestTerm" tests="9" skipped="0" failures="0" errors="0" timestamp="2023-06-12T06:49:17" hostname="fv-az1246-585" time="0.051">
  <properties/>
  <testcase name="testRigidness0()" classname="de.uka.ilkd.key.logic.TestTerm" time="0.001"/>
  <testcase name="testEqualsModRenamingWithLabels()" classname="de.uka.ilkd.key.logic.TestTerm" time="0.007"/>
  <testcase name="testFreeVars1()" classname="de.uka.ilkd.key.logic.TestTerm" time="0.001"/>
  <testcase name="testFreeVars2()" classname="de.uka.ilkd.key.logic.TestTerm" time="0.005"/>
  <testcase name="testFreeVars3()" classname="de.uka.ilkd.key.logic.TestTerm" time="0.001"/>
  <testcase name="testFreeVars4()" classname="de.uka.ilkd.key.logic.TestTerm" time="0.001"/>
  <testcase name="testEqualsModRenaming()" classname="de.uka.ilkd.key.logic.TestTerm" time="0.001"/>
  <testcase name="testProgramElementEqualsModRenaming()" classname="de.uka.ilkd.key.logic.TestTerm" time="0.008"/>
  <testcase name="testIsContainsJavaBlockRecursive()" classname="de.uka.ilkd.key.logic.TestTerm" time="0.0"/>
  <system-out><![CDATA[]]></system-out>
  <system-err><![CDATA[]]></system-err>
</testsuite>
