<?xml version="1.0" encoding="UTF-8"?>
<testsuite name="de.uka.ilkd.key.proof.TestTacletIndex" tests="5" skipped="1" failures="0" errors="0" timestamp="2023-06-12T06:58:24" hostname="fv-az1246-585" time="1.521">
  <properties/>
  <testcase name="testShownIfHeuristicFits()" classname="de.uka.ilkd.key.proof.TestTacletIndex" time="1.513"/>
  <testcase name="testMatchConflictOccurs()" classname="de.uka.ilkd.key.proof.TestTacletIndex" time="0.002"/>
  <testcase name="testNoMatchingFindRule()" classname="de.uka.ilkd.key.proof.TestTacletIndex" time="0.001"/>
  <testcase name="disabled_testNonInteractiveIsShownOnlyIfHeuristicIsMissed()" classname="de.uka.ilkd.key.proof.TestTacletIndex" time="0.0">
    <skipped/>
  </testcase>
  <testcase name="testNotFreeInYConflict()" classname="de.uka.ilkd.key.proof.TestTacletIndex" time="0.004"/>
  <system-out><![CDATA[699738     INFO  Test worker     d.u.i.k.n.KeyIO           Parsing took 1 ms 
699738     DEBUG Test worker     d.u.i.k.n.KeyIO           Load declarations of de.uka.ilkd.key.nparser.KeyAst$File:  /home/runner/work/key/key/key.core/src/test/resources/testcase/../de/uka/ilkd/key/proof/ruleForTestTacletIndex.taclet:7#1 
699738     INFO  Test worker     d.u.i.k.n.KeyIO           MODE: declarations took 0 ms 
699738     DEBUG Test worker     d.u.i.k.n.KeyIO           MODE: 2nd degree decls took 0 
699740     DEBUG Test worker     d.u.i.k.n.KeyIO           MODE: taclets took 1ms 
]]></system-out>
  <system-err><![CDATA[]]></system-err>
</testsuite>
