<?xml version="1.0" encoding="UTF-8"?>
<testsuite name="de.uka.ilkd.key.logic.TestTermLabelManager" tests="21" skipped="0" failures="0" errors="0" timestamp="2023-06-12T06:49:46" hostname="fv-az1246-585" time="92.786">
  <properties/>
  <testcase name="testInstantiateLabels_directChildPolicies_allRules()" classname="de.uka.ilkd.key.logic.TestTermLabelManager" time="6.63"/>
  <testcase name="testInstantiateLabels_childAndGrandchildPolicies_ruleSpecific()" classname="de.uka.ilkd.key.logic.TestTermLabelManager" time="4.725"/>
  <testcase name="testParseLabel()" classname="de.uka.ilkd.key.logic.TestTermLabelManager" time="4.699"/>
  <testcase name="testrefactorGoal_childrenAndGrandchildren_ruleSpecific()" classname="de.uka.ilkd.key.logic.TestTermLabelManager" time="4.735"/>
  <testcase name="testrefactorGoal_directChildren_allRules()" classname="de.uka.ilkd.key.logic.TestTermLabelManager" time="4.827"/>
  <testcase name="testInstantiateLabels_childAndGrandchildPolicies_allRules()" classname="de.uka.ilkd.key.logic.TestTermLabelManager" time="4.809"/>
  <testcase name="testInstantiateLabels_taclet()" classname="de.uka.ilkd.key.logic.TestTermLabelManager" time="4.678"/>
  <testcase name="testrefactorGoal_none_ruleSpecific()" classname="de.uka.ilkd.key.logic.TestTermLabelManager" time="4.864"/>
  <testcase name="testInstantiateLabels_updates_ruleSpecific()" classname="de.uka.ilkd.key.logic.TestTermLabelManager" time="4.903"/>
  <testcase name="testrefactorGoal_sequent_ruleSpecific()" classname="de.uka.ilkd.key.logic.TestTermLabelManager" time="4.838"/>
  <testcase name="testInstantiateLabels_updates_allRules()" classname="de.uka.ilkd.key.logic.TestTermLabelManager" time="5.031"/>
  <testcase name="testrefactorGoal_sequent_allRules()" classname="de.uka.ilkd.key.logic.TestTermLabelManager" time="4.736"/>
  <testcase name="testrefactorGoal_childrenAndGrandchildren_allRules()" classname="de.uka.ilkd.key.logic.TestTermLabelManager" time="4.814"/>
  <testcase name="testGetTermLabelManager()" classname="de.uka.ilkd.key.logic.TestTermLabelManager" time="0.004"/>
  <testcase name="testInstantiateLabels_applicationTermPolicies()" classname="de.uka.ilkd.key.logic.TestTermLabelManager" time="4.737"/>
  <testcase name="testInstantiateLabels_modalityTermPolicies()" classname="de.uka.ilkd.key.logic.TestTermLabelManager" time="4.724"/>
  <testcase name="testrefactorGoal_none_allRules()" classname="de.uka.ilkd.key.logic.TestTermLabelManager" time="4.711"/>
  <testcase name="testInstantiateLabels_null()" classname="de.uka.ilkd.key.logic.TestTermLabelManager" time="0.0"/>
  <testcase name="testrefactorGoal_directChildren_ruleSpecific()" classname="de.uka.ilkd.key.logic.TestTermLabelManager" time="4.772"/>
  <testcase name="testInstantiateLabels_directChildPolicies_ruleSpecific()" classname="de.uka.ilkd.key.logic.TestTermLabelManager" time="4.826"/>
  <testcase name="testGetSupportedTermLabelNames()" classname="de.uka.ilkd.key.logic.TestTermLabelManager" time="4.718"/>
  <system-out><![CDATA[180933     INFO  Test worker     d.u.i.k.p.i.AbstractProblemLoader Loading environment from src/test/resources/testcase/termLabels/flatSteps/FlatSteps.java 
180937     DEBUG Test worker     d.u.i.k.p.i.AbstractProblemLoader Environment load took 3.23ms 
180938     INFO  Test worker     d.u.i.k.p.i.AbstractProblemLoader Creating init config 
181197     DEBUG Test worker     d.u.i.k.j.TypeConverter   No LDT found for Meta 
181198     DEBUG Test worker     d.u.i.k.j.TypeConverter   No LDT found for Meta 
181199     DEBUG Test worker     d.u.i.k.j.TypeConverter   No LDT found for Meta 
181199     DEBUG Test worker     d.u.i.k.j.TypeConverter   No LDT found for Meta 
182203     DEBUG Test worker     d.u.i.k.j.TypeConverter   No LDT found for JavaBigintExpression 
187558     DEBUG Test worker     d.u.i.k.p.i.AbstractProblemLoader Init config took 6.62s 
187563     INFO  Test worker     d.u.i.k.p.i.AbstractProblemLoader Loading environment from src/test/resources/testcase/termLabels/flatSteps/FlatSteps.java 
187563     DEBUG Test worker     d.u.i.k.p.i.AbstractProblemLoader Environment load took 115.5ns 
187564     INFO  Test worker     d.u.i.k.p.i.AbstractProblemLoader Creating init config 
192283     DEBUG Test worker     d.u.i.k.p.i.AbstractProblemLoader Init config took 4.72s 
192288     INFO  Test worker     d.u.i.k.p.i.AbstractProblemLoader Loading environment from src/test/resources/testcase/termLabels/flatSteps/FlatSteps.java 
192288     DEBUG Test worker     d.u.i.k.p.i.AbstractProblemLoader Environment load took 148.6ns 
192289     INFO  Test worker     d.u.i.k.p.i.AbstractProblemLoader Creating init config 
196983     DEBUG Test worker     d.u.i.k.p.i.AbstractProblemLoader Init config took 4.69s 
196987     INFO  Test worker     d.u.i.k.p.i.AbstractProblemLoader Loading environment from src/test/resources/testcase/termLabels/flatSteps/FlatSteps.java 
196988     DEBUG Test worker     d.u.i.k.p.i.AbstractProblemLoader Environment load took 239.9ns 
196989     INFO  Test worker     d.u.i.k.p.i.AbstractProblemLoader Creating init config 
201712     DEBUG Test worker     d.u.i.k.p.i.AbstractProblemLoader Init config took 4.72s 
201723     INFO  Test worker     d.u.i.k.p.i.AbstractProblemLoader Loading environment from src/test/resources/testcase/termLabels/flatSteps/FlatSteps.java 
201723     DEBUG Test worker     d.u.i.k.p.i.AbstractProblemLoader Environment load took 161.1ns 
201724     INFO  Test worker     d.u.i.k.p.i.AbstractProblemLoader Creating init config 
206538     DEBUG Test worker     d.u.i.k.p.i.AbstractProblemLoader Init config took 4.81s 
206550     INFO  Test worker     d.u.i.k.p.i.AbstractProblemLoader Loading environment from src/test/resources/testcase/termLabels/flatSteps/FlatSteps.java 
206553     DEBUG Test worker     d.u.i.k.p.i.AbstractProblemLoader Environment load took 3.82ms 
206555     INFO  Test worker     d.u.i.k.p.i.AbstractProblemLoader Creating init config 
211355     DEBUG Test worker     d.u.i.k.p.i.AbstractProblemLoader Init config took 4.8s 
211359     INFO  Test worker     d.u.i.k.p.i.AbstractProblemLoader Loading environment from src/test/resources/testcase/termLabels/flatSteps/FlatSteps.java 
211359     DEBUG Test worker     d.u.i.k.p.i.AbstractProblemLoader Environment load took 174.6ns 
211360     INFO  Test worker     d.u.i.k.p.i.AbstractProblemLoader Creating init config 
216033     DEBUG Test worker     d.u.i.k.p.i.AbstractProblemLoader Init config took 4.67s 
216037     INFO  Test worker     d.u.i.k.p.i.AbstractProblemLoader Loading environment from src/test/resources/testcase/termLabels/flatSteps/FlatSteps.java 
216037     DEBUG Test worker     d.u.i.k.p.i.AbstractProblemLoader Environment load took 164.5ns 
216038     INFO  Test worker     d.u.i.k.p.i.AbstractProblemLoader Creating init config 
220891     DEBUG Test worker     d.u.i.k.p.i.AbstractProblemLoader Init config took 4.85s 
220901     INFO  Test worker     d.u.i.k.p.i.AbstractProblemLoader Loading environment from src/test/resources/testcase/termLabels/flatSteps/FlatSteps.java 
220902     DEBUG Test worker     d.u.i.k.p.i.AbstractProblemLoader Environment load took 238.7ns 
220903     INFO  Test worker     d.u.i.k.p.i.AbstractProblemLoader Creating init config 
225800     DEBUG Test worker     d.u.i.k.p.i.AbstractProblemLoader Init config took 4.9s 
225804     INFO  Test worker     d.u.i.k.p.i.AbstractProblemLoader Loading environment from src/test/resources/testcase/termLabels/flatSteps/FlatSteps.java 
225804     DEBUG Test worker     d.u.i.k.p.i.AbstractProblemLoader Environment load took 155.4ns 
225805     INFO  Test worker     d.u.i.k.p.i.AbstractProblemLoader Creating init config 
230634     DEBUG Test worker     d.u.i.k.p.i.AbstractProblemLoader Init config took 4.83s 
230642     INFO  Test worker     d.u.i.k.p.i.AbstractProblemLoader Loading environment from src/test/resources/testcase/termLabels/flatSteps/FlatSteps.java 
230642     DEBUG Test worker     d.u.i.k.p.i.AbstractProblemLoader Environment load took 189.9ns 
230643     INFO  Test worker     d.u.i.k.p.i.AbstractProblemLoader Creating init config 
235669     DEBUG Test worker     d.u.i.k.p.i.AbstractProblemLoader Init config took 5.03s 
235673     INFO  Test worker     d.u.i.k.p.i.AbstractProblemLoader Loading environment from src/test/resources/testcase/termLabels/flatSteps/FlatSteps.java 
235673     DEBUG Test worker     d.u.i.k.p.i.AbstractProblemLoader Environment load took 142.5ns 
235673     INFO  Test worker     d.u.i.k.p.i.AbstractProblemLoader Creating init config 
240400     DEBUG Test worker     d.u.i.k.p.i.AbstractProblemLoader Init config took 4.73s 
240410     INFO  Test worker     d.u.i.k.p.i.AbstractProblemLoader Loading environment from src/test/resources/testcase/termLabels/flatSteps/FlatSteps.java 
240410     DEBUG Test worker     d.u.i.k.p.i.AbstractProblemLoader Environment load took 542.5ns 
240411     INFO  Test worker     d.u.i.k.p.i.AbstractProblemLoader Creating init config 
245216     DEBUG Test worker     d.u.i.k.p.i.AbstractProblemLoader Init config took 4.8s 
245231     INFO  Test worker     d.u.i.k.p.i.AbstractProblemLoader Loading environment from src/test/resources/testcase/termLabels/flatSteps/FlatSteps.java 
245232     DEBUG Test worker     d.u.i.k.p.i.AbstractProblemLoader Environment load took 720.7ns 
245233     INFO  Test worker     d.u.i.k.p.i.AbstractProblemLoader Creating init config 
249963     DEBUG Test worker     d.u.i.k.p.i.AbstractProblemLoader Init config took 4.73s 
249967     INFO  Test worker     d.u.i.k.p.i.AbstractProblemLoader Loading environment from src/test/resources/testcase/termLabels/flatSteps/FlatSteps.java 
249967     DEBUG Test worker     d.u.i.k.p.i.AbstractProblemLoader Environment load took 164.8ns 
249969     INFO  Test worker     d.u.i.k.p.i.AbstractProblemLoader Creating init config 
254688     DEBUG Test worker     d.u.i.k.p.i.AbstractProblemLoader Init config took 4.72s 
254691     INFO  Test worker     d.u.i.k.p.i.AbstractProblemLoader Loading environment from src/test/resources/testcase/termLabels/flatSteps/FlatSteps.java 
254691     DEBUG Test worker     d.u.i.k.p.i.AbstractProblemLoader Environment load took 140.5ns 
254692     INFO  Test worker     d.u.i.k.p.i.AbstractProblemLoader Creating init config 
259394     DEBUG Test worker     d.u.i.k.p.i.AbstractProblemLoader Init config took 4.7s 
259402     INFO  Test worker     d.u.i.k.p.i.AbstractProblemLoader Loading environment from src/test/resources/testcase/termLabels/flatSteps/FlatSteps.java 
259403     DEBUG Test worker     d.u.i.k.p.i.AbstractProblemLoader Environment load took 161.9ns 
259403     INFO  Test worker     d.u.i.k.p.i.AbstractProblemLoader Creating init config 
264167     DEBUG Test worker     d.u.i.k.p.i.AbstractProblemLoader Init config took 4.76s 
264175     INFO  Test worker     d.u.i.k.p.i.AbstractProblemLoader Loading environment from src/test/resources/testcase/termLabels/flatSteps/FlatSteps.java 
264175     DEBUG Test worker     d.u.i.k.p.i.AbstractProblemLoader Environment load took 182.6ns 
264176     INFO  Test worker     d.u.i.k.p.i.AbstractProblemLoader Creating init config 
268997     DEBUG Test worker     d.u.i.k.p.i.AbstractProblemLoader Init config took 4.82s 
269001     INFO  Test worker     d.u.i.k.p.i.AbstractProblemLoader Loading environment from src/test/resources/testcase/termLabels/flatSteps/FlatSteps.java 
269001     DEBUG Test worker     d.u.i.k.p.i.AbstractProblemLoader Environment load took 117.8ns 
269002     INFO  Test worker     d.u.i.k.p.i.AbstractProblemLoader Creating init config 
273715     DEBUG Test worker     d.u.i.k.p.i.AbstractProblemLoader Init config took 4.71s 
]]></system-out>
  <system-err><![CDATA[]]></system-err>
</testsuite>
