<?xml version="1.0" encoding="UTF-8"?>
<testsuite name="de.uka.ilkd.key.gui.plugins.javac.JavaCompilerCheckFacadeTest" tests="1" skipped="0" failures="0" errors="0" timestamp="2023-05-19T08:25:27" hostname="fv-az283-299" time="0.828">
  <properties/>
  <testcase name="compile1()" classname="de.uka.ilkd.key.gui.plugins.javac.JavaCompilerCheckFacadeTest" time="0.828"/>
  <system-out><![CDATA[/home/runner/work/key/key/key.ui/examples/firstTouch/06-BinarySearch/src
160        INFO  Test worker     d.u.i.k.g.p.j.JavaCompilerCheckFacade Javac check is triggered. To disable use property -PKEY_JAVAC_DISABLE=true 
811        INFO  Thread-3        d.u.i.k.g.p.j.JavaCompilerCheckFacade Javac check took 555 ms. 
]]></system-out>
  <system-err><![CDATA[]]></system-err>
</testsuite>
