<?xml version="1.0" encoding="UTF-8"?>
<testsuite name="de.uka.ilkd.key.rule.merge.PredicateAbstractionLatticeTests" tests="3" skipped="0" failures="0" errors="0" timestamp="2023-06-15T13:31:18" hostname="fv-az206-505" time="10.766">
  <properties/>
  <testcase name="testToAndFromString()" classname="de.uka.ilkd.key.rule.merge.PredicateAbstractionLatticeTests" time="5.37"/>
  <testcase name="testCreateSignLatticeWithPredicates()" classname="de.uka.ilkd.key.rule.merge.PredicateAbstractionLatticeTests" time="5.396"/>
  <testcase name="testTrivialPredicatesLattice()" classname="de.uka.ilkd.key.rule.merge.PredicateAbstractionLatticeTests" time="0.0"/>
  <system-out><![CDATA[950336     INFO  Test worker     d.u.i.k.p.i.AbstractProblemLoader Loading environment from src\test\resources\testcase\merge\dummy.key 
950336     DEBUG Test worker     d.u.i.k.p.i.AbstractProblemLoader Environment load took 165ns 
950336     INFO  Test worker     d.u.i.k.p.i.AbstractProblemLoader Creating init config 
955677     DEBUG Test worker     d.u.i.k.p.i.AbstractProblemLoader Init config took 5.34s 
955693     INFO  Test worker     d.u.i.k.p.i.AbstractProblemLoader Replaying proof dummy.key 
955693     DEBUG Test worker     d.u.i.k.p.i.IntermediateProofReplayer Proof replay took 10.3ns 
955693     INFO  Test worker     d.u.i.k.p.i.AbstractProblemLoader Loading environment from src\test\resources\testcase\merge\dummy.key 
955693     DEBUG Test worker     d.u.i.k.p.i.AbstractProblemLoader Environment load took 186.8ns 
955693     INFO  Test worker     d.u.i.k.p.i.AbstractProblemLoader Creating init config 
961074     DEBUG Test worker     d.u.i.k.p.i.AbstractProblemLoader Init config took 5.38s 
961089     INFO  Test worker     d.u.i.k.p.i.AbstractProblemLoader Replaying proof dummy.key 
961089     DEBUG Test worker     d.u.i.k.p.i.IntermediateProofReplayer Proof replay took 11.6ns 
]]></system-out>
  <system-err><![CDATA[]]></system-err>
</testsuite>
