<?xml version="1.0" encoding="UTF-8"?>
<testsuite name="de.uka.ilkd.key.proof.TestOneStepSimplifier" tests="1" skipped="0" failures="0" errors="0" timestamp="2023-06-15T13:28:21" hostname="fv-az206-505" time="6.946">
  <properties/>
  <testcase name="loadWithRestriction()" classname="de.uka.ilkd.key.proof.TestOneStepSimplifier" time="6.946"/>
  <system-out><![CDATA[773141     INFO  Test worker     d.u.i.k.p.i.AbstractProblemLoader Loading environment from src\test\resources\testcase\ossRestriction.proof 
773141     DEBUG Test worker     d.u.i.k.p.i.AbstractProblemLoader Environment load took 185.6ns 
773156     INFO  Test worker     d.u.i.k.p.i.AbstractProblemLoader Creating init config 
773407     DEBUG Test worker     d.u.i.k.j.TypeConverter   No LDT found for Meta 
773407     DEBUG Test worker     d.u.i.k.j.TypeConverter   No LDT found for Meta 
773407     DEBUG Test worker     d.u.i.k.j.TypeConverter   No LDT found for Meta 
773407     DEBUG Test worker     d.u.i.k.j.TypeConverter   No LDT found for Meta 
774290     DEBUG Test worker     d.u.i.k.j.TypeConverter   No LDT found for JavaBigintExpression 
780028     DEBUG Test worker     d.u.i.k.p.i.AbstractProblemLoader Init config took 6.88s 
780075     INFO  Test worker     d.u.i.k.p.i.AbstractProblemLoader Replaying proof ossRestriction.proof 
780090     DEBUG Test worker     d.u.i.k.p.i.IntermediateProofReplayer Proof replay took 1.44ms 
]]></system-out>
  <system-err><![CDATA[]]></system-err>
</testsuite>
