<?xml version="1.0" encoding="UTF-8"?>
<testsuite name="de.uka.ilkd.key.logic.TestClashFreeSubst" tests="14" skipped="2" failures="0" errors="0" timestamp="2023-06-15T13:16:32" hostname="fv-az206-505" time="91.389">
  <properties/>
  <testcase name="testMultiShareBound()" classname="de.uka.ilkd.key.logic.TestClashFreeSubst" time="1.665"/>
  <testcase name="testClash()" classname="de.uka.ilkd.key.logic.TestClashFreeSubst" time="1.629"/>
  <testcase name="testShare()" classname="de.uka.ilkd.key.logic.TestClashFreeSubst" time="1.583"/>
  <testcase name="testSubst()" classname="de.uka.ilkd.key.logic.TestClashFreeSubst" time="1.6"/>
  <testcase name="testWary0()" classname="de.uka.ilkd.key.logic.TestClashFreeSubst" time="1.546"/>
  <testcase name="testWary1()" classname="de.uka.ilkd.key.logic.TestClashFreeSubst" time="1.674"/>
  <testcase name="testWary2()" classname="de.uka.ilkd.key.logic.TestClashFreeSubst" time="1.576"/>
  <testcase name="testClashInSubstTerm()" classname="de.uka.ilkd.key.logic.TestClashFreeSubst" time="1.584"/>
  <testcase name="testShareWary()" classname="de.uka.ilkd.key.logic.TestClashFreeSubst" time="1.739"/>
  <testcase name="testMultiSubst()" classname="de.uka.ilkd.key.logic.TestClashFreeSubst" time="1.6"/>
  <testcase name="xtestMultiClash()" classname="de.uka.ilkd.key.logic.TestClashFreeSubst" time="0.0">
    <skipped/>
  </testcase>
  <testcase name="testSubstInSubstTerm()" classname="de.uka.ilkd.key.logic.TestClashFreeSubst" time="2.091"/>
  <testcase name="testSubstWary()" classname="de.uka.ilkd.key.logic.TestClashFreeSubst" time="1.681"/>
  <testcase name="xtestMultiClash1()" classname="de.uka.ilkd.key.logic.TestClashFreeSubst" time="0.0">
    <skipped/>
  </testcase>
  <system-out><![CDATA[64790      INFO  Test worker     d.u.i.k.n.KeyIO           Parsing took 0 ms 
64790      DEBUG Test worker     d.u.i.k.n.KeyIO           Load declarations of de.uka.ilkd.key.nparser.KeyAst$File:  <unknown>:1#1 
64790      INFO  Test worker     d.u.i.k.n.KeyIO           MODE: declarations took 0 ms 
64790      DEBUG Test worker     d.u.i.k.n.KeyIO           MODE: 2nd degree decls took 0 
66434      INFO  Test worker     d.u.i.k.n.KeyIO           Parsing took 0 ms 
66434      DEBUG Test worker     d.u.i.k.n.KeyIO           Load declarations of de.uka.ilkd.key.nparser.KeyAst$File:  <unknown>:1#1 
66434      INFO  Test worker     d.u.i.k.n.KeyIO           MODE: declarations took 0 ms 
66450      DEBUG Test worker     d.u.i.k.n.KeyIO           MODE: 2nd degree decls took 0 
71810      INFO  Test worker     d.u.i.k.n.KeyIO           Parsing took 0 ms 
71810      DEBUG Test worker     d.u.i.k.n.KeyIO           Load declarations of de.uka.ilkd.key.nparser.KeyAst$File:  <unknown>:1#1 
71810      INFO  Test worker     d.u.i.k.n.KeyIO           MODE: declarations took 0 ms 
71810      DEBUG Test worker     d.u.i.k.n.KeyIO           MODE: 2nd degree decls took 0 
73422      INFO  Test worker     d.u.i.k.n.KeyIO           Parsing took 0 ms 
73422      DEBUG Test worker     d.u.i.k.n.KeyIO           Load declarations of de.uka.ilkd.key.nparser.KeyAst$File:  <unknown>:1#1 
73422      INFO  Test worker     d.u.i.k.n.KeyIO           MODE: declarations took 0 ms 
73422      DEBUG Test worker     d.u.i.k.n.KeyIO           MODE: 2nd degree decls took 0 
78638      INFO  Test worker     d.u.i.k.n.KeyIO           Parsing took 0 ms 
78638      DEBUG Test worker     d.u.i.k.n.KeyIO           Load declarations of de.uka.ilkd.key.nparser.KeyAst$File:  <unknown>:1#1 
78638      INFO  Test worker     d.u.i.k.n.KeyIO           MODE: declarations took 0 ms 
78638      DEBUG Test worker     d.u.i.k.n.KeyIO           MODE: 2nd degree decls took 0 
80208      INFO  Test worker     d.u.i.k.n.KeyIO           Parsing took 0 ms 
80208      DEBUG Test worker     d.u.i.k.n.KeyIO           Load declarations of de.uka.ilkd.key.nparser.KeyAst$File:  <unknown>:1#1 
80208      INFO  Test worker     d.u.i.k.n.KeyIO           MODE: declarations took 0 ms 
80208      DEBUG Test worker     d.u.i.k.n.KeyIO           MODE: 2nd degree decls took 0 
85325      INFO  Test worker     d.u.i.k.n.KeyIO           Parsing took 0 ms 
85325      DEBUG Test worker     d.u.i.k.n.KeyIO           Load declarations of de.uka.ilkd.key.nparser.KeyAst$File:  <unknown>:1#1 
85325      INFO  Test worker     d.u.i.k.n.KeyIO           MODE: declarations took 0 ms 
85325      DEBUG Test worker     d.u.i.k.n.KeyIO           MODE: 2nd degree decls took 0 
86928      INFO  Test worker     d.u.i.k.n.KeyIO           Parsing took 0 ms 
86928      DEBUG Test worker     d.u.i.k.n.KeyIO           Load declarations of de.uka.ilkd.key.nparser.KeyAst$File:  <unknown>:1#1 
86928      INFO  Test worker     d.u.i.k.n.KeyIO           MODE: declarations took 0 ms 
86928      DEBUG Test worker     d.u.i.k.n.KeyIO           MODE: 2nd degree decls took 0 
92061      INFO  Test worker     d.u.i.k.n.KeyIO           Parsing took 0 ms 
92061      DEBUG Test worker     d.u.i.k.n.KeyIO           Load declarations of de.uka.ilkd.key.nparser.KeyAst$File:  <unknown>:1#1 
92061      INFO  Test worker     d.u.i.k.n.KeyIO           MODE: declarations took 0 ms 
92061      DEBUG Test worker     d.u.i.k.n.KeyIO           MODE: 2nd degree decls took 0 
93603      INFO  Test worker     d.u.i.k.n.KeyIO           Parsing took 0 ms 
93603      DEBUG Test worker     d.u.i.k.n.KeyIO           Load declarations of de.uka.ilkd.key.nparser.KeyAst$File:  <unknown>:1#1 
93603      INFO  Test worker     d.u.i.k.n.KeyIO           MODE: declarations took 0 ms 
93603      DEBUG Test worker     d.u.i.k.n.KeyIO           MODE: 2nd degree decls took 0 
98754      INFO  Test worker     d.u.i.k.n.KeyIO           Parsing took 0 ms 
98754      DEBUG Test worker     d.u.i.k.n.KeyIO           Load declarations of de.uka.ilkd.key.nparser.KeyAst$File:  <unknown>:1#1 
98754      INFO  Test worker     d.u.i.k.n.KeyIO           MODE: declarations took 0 ms 
98754      DEBUG Test worker     d.u.i.k.n.KeyIO           MODE: 2nd degree decls took 0 
100425     INFO  Test worker     d.u.i.k.n.KeyIO           Parsing took 0 ms 
100425     DEBUG Test worker     d.u.i.k.n.KeyIO           Load declarations of de.uka.ilkd.key.nparser.KeyAst$File:  <unknown>:1#1 
100425     INFO  Test worker     d.u.i.k.n.KeyIO           MODE: declarations took 0 ms 
100425     DEBUG Test worker     d.u.i.k.n.KeyIO           MODE: 2nd degree decls took 0 
106140     INFO  Test worker     d.u.i.k.n.KeyIO           Parsing took 0 ms 
106140     DEBUG Test worker     d.u.i.k.n.KeyIO           Load declarations of de.uka.ilkd.key.nparser.KeyAst$File:  <unknown>:1#1 
106140     INFO  Test worker     d.u.i.k.n.KeyIO           MODE: declarations took 0 ms 
106140     DEBUG Test worker     d.u.i.k.n.KeyIO           MODE: 2nd degree decls took 0 
107712     INFO  Test worker     d.u.i.k.n.KeyIO           Parsing took 0 ms 
107712     DEBUG Test worker     d.u.i.k.n.KeyIO           Load declarations of de.uka.ilkd.key.nparser.KeyAst$File:  <unknown>:1#1 
107712     INFO  Test worker     d.u.i.k.n.KeyIO           MODE: declarations took 0 ms 
107712     DEBUG Test worker     d.u.i.k.n.KeyIO           MODE: 2nd degree decls took 0 
112837     INFO  Test worker     d.u.i.k.n.KeyIO           Parsing took 0 ms 
112837     DEBUG Test worker     d.u.i.k.n.KeyIO           Load declarations of de.uka.ilkd.key.nparser.KeyAst$File:  <unknown>:1#1 
112837     INFO  Test worker     d.u.i.k.n.KeyIO           MODE: declarations took 0 ms 
112837     DEBUG Test worker     d.u.i.k.n.KeyIO           MODE: 2nd degree decls took 0 
114409     INFO  Test worker     d.u.i.k.n.KeyIO           Parsing took 0 ms 
114409     DEBUG Test worker     d.u.i.k.n.KeyIO           Load declarations of de.uka.ilkd.key.nparser.KeyAst$File:  <unknown>:1#1 
114409     INFO  Test worker     d.u.i.k.n.KeyIO           MODE: declarations took 0 ms 
114409     DEBUG Test worker     d.u.i.k.n.KeyIO           MODE: 2nd degree decls took 0 
119638     INFO  Test worker     d.u.i.k.n.KeyIO           Parsing took 0 ms 
119638     DEBUG Test worker     d.u.i.k.n.KeyIO           Load declarations of de.uka.ilkd.key.nparser.KeyAst$File:  <unknown>:1#1 
119638     INFO  Test worker     d.u.i.k.n.KeyIO           MODE: declarations took 0 ms 
119638     DEBUG Test worker     d.u.i.k.n.KeyIO           MODE: 2nd degree decls took 0 
121379     INFO  Test worker     d.u.i.k.n.KeyIO           Parsing took 0 ms 
121379     DEBUG Test worker     d.u.i.k.n.KeyIO           Load declarations of de.uka.ilkd.key.nparser.KeyAst$File:  <unknown>:1#1 
121379     INFO  Test worker     d.u.i.k.n.KeyIO           MODE: declarations took 0 ms 
121379     DEBUG Test worker     d.u.i.k.n.KeyIO           MODE: 2nd degree decls took 0 
127311     INFO  Test worker     d.u.i.k.n.KeyIO           Parsing took 0 ms 
127311     DEBUG Test worker     d.u.i.k.n.KeyIO           Load declarations of de.uka.ilkd.key.nparser.KeyAst$File:  <unknown>:1#1 
127311     INFO  Test worker     d.u.i.k.n.KeyIO           MODE: declarations took 0 ms 
127311     DEBUG Test worker     d.u.i.k.n.KeyIO           MODE: 2nd degree decls took 0 
128904     INFO  Test worker     d.u.i.k.n.KeyIO           Parsing took 0 ms 
128904     DEBUG Test worker     d.u.i.k.n.KeyIO           Load declarations of de.uka.ilkd.key.nparser.KeyAst$File:  <unknown>:1#1 
128904     INFO  Test worker     d.u.i.k.n.KeyIO           MODE: declarations took 0 ms 
128904     DEBUG Test worker     d.u.i.k.n.KeyIO           MODE: 2nd degree decls took 0 
140231     INFO  Test worker     d.u.i.k.n.KeyIO           Parsing took 0 ms 
140231     DEBUG Test worker     d.u.i.k.n.KeyIO           Load declarations of de.uka.ilkd.key.nparser.KeyAst$File:  <unknown>:1#1 
140231     INFO  Test worker     d.u.i.k.n.KeyIO           MODE: declarations took 0 ms 
140231     DEBUG Test worker     d.u.i.k.n.KeyIO           MODE: 2nd degree decls took 0 
142304     INFO  Test worker     d.u.i.k.n.KeyIO           Parsing took 0 ms 
142304     DEBUG Test worker     d.u.i.k.n.KeyIO           Load declarations of de.uka.ilkd.key.nparser.KeyAst$File:  <unknown>:1#1 
142304     INFO  Test worker     d.u.i.k.n.KeyIO           MODE: declarations took 0 ms 
142304     DEBUG Test worker     d.u.i.k.n.KeyIO           MODE: 2nd degree decls took 0 
148339     INFO  Test worker     d.u.i.k.n.KeyIO           Parsing took 0 ms 
148339     DEBUG Test worker     d.u.i.k.n.KeyIO           Load declarations of de.uka.ilkd.key.nparser.KeyAst$File:  <unknown>:1#1 
148339     INFO  Test worker     d.u.i.k.n.KeyIO           MODE: declarations took 0 ms 
148339     DEBUG Test worker     d.u.i.k.n.KeyIO           MODE: 2nd degree decls took 0 
150014     INFO  Test worker     d.u.i.k.n.KeyIO           Parsing took 0 ms 
150014     DEBUG Test worker     d.u.i.k.n.KeyIO           Load declarations of de.uka.ilkd.key.nparser.KeyAst$File:  <unknown>:1#1 
150014     INFO  Test worker     d.u.i.k.n.KeyIO           MODE: declarations took 0 ms 
150014     DEBUG Test worker     d.u.i.k.n.KeyIO           MODE: 2nd degree decls took 0 
]]></system-out>
  <system-err><![CDATA[]]></system-err>
</testsuite>
