<?xml version="1.0" encoding="UTF-8"?>
<testsuite name="de.uka.ilkd.key.parser.TestDeclParser" tests="14" skipped="2" failures="0" errors="0" timestamp="2023-06-15T13:21:49" hostname="fv-az206-505" time="20.83">
  <properties/>
  <testcase name="testGenericSortDecl1()" classname="de.uka.ilkd.key.parser.TestDeclParser" time="1.949"/>
  <testcase name="testGenericSortDecl2()" classname="de.uka.ilkd.key.parser.TestDeclParser" time="1.766"/>
  <testcase name="testGenericSortDecl3()" classname="de.uka.ilkd.key.parser.TestDeclParser" time="1.744"/>
  <testcase name="testGenericSortDecl4()" classname="de.uka.ilkd.key.parser.TestDeclParser" time="1.753"/>
  <testcase name="testGenericSortDecl5()" classname="de.uka.ilkd.key.parser.TestDeclParser" time="0.001">
    <skipped/>
  </testcase>
  <testcase name="testGenericSortDecl6()" classname="de.uka.ilkd.key.parser.TestDeclParser" time="1.725"/>
  <testcase name="testSortDecl()" classname="de.uka.ilkd.key.parser.TestDeclParser" time="1.739"/>
  <testcase name="testProxySortDecl()" classname="de.uka.ilkd.key.parser.TestDeclParser" time="1.726"/>
  <testcase name="testArrayDecl()" classname="de.uka.ilkd.key.parser.TestDeclParser" time="1.777"/>
  <testcase name="testAmbiguousDecls()" classname="de.uka.ilkd.key.parser.TestDeclParser" time="0.0">
    <skipped/>
  </testcase>
  <testcase name="testHeurDecl()" classname="de.uka.ilkd.key.parser.TestDeclParser" time="1.674"/>
  <testcase name="testFunctionDecl()" classname="de.uka.ilkd.key.parser.TestDeclParser" time="1.651"/>
  <testcase name="testPredicateDecl()" classname="de.uka.ilkd.key.parser.TestDeclParser" time="1.649"/>
  <testcase name="testSVDecl()" classname="de.uka.ilkd.key.parser.TestDeclParser" time="1.672"/>
  <system-out><![CDATA[383631     INFO  Test worker     d.u.i.k.n.KeyIO           Parsing took 0 ms 
383631     DEBUG Test worker     d.u.i.k.n.KeyIO           Load declarations of de.uka.ilkd.key.nparser.KeyAst$File:  <unknown>:1#1 
383631     INFO  Test worker     d.u.i.k.n.KeyIO           MODE: declarations took 0 ms 
383631     DEBUG Test worker     d.u.i.k.n.KeyIO           MODE: 2nd degree decls took 0 
383631     DEBUG Test worker     d.u.i.k.n.KeyIO           MODE: taclets took 0ms 
385386     INFO  Test worker     d.u.i.k.n.KeyIO           Parsing took 0 ms 
385386     DEBUG Test worker     d.u.i.k.n.KeyIO           Load declarations of de.uka.ilkd.key.nparser.KeyAst$File:  <unknown>:1#1 
385386     INFO  Test worker     d.u.i.k.n.KeyIO           MODE: declarations took 0 ms 
385386     DEBUG Test worker     d.u.i.k.n.KeyIO           MODE: 2nd degree decls took 0 
385386     DEBUG Test worker     d.u.i.k.n.KeyIO           MODE: taclets took 0ms 
387141     INFO  Test worker     d.u.i.k.n.KeyIO           Parsing took 0 ms 
387141     DEBUG Test worker     d.u.i.k.n.KeyIO           Load declarations of de.uka.ilkd.key.nparser.KeyAst$File:  <unknown>:1#1 
387141     INFO  Test worker     d.u.i.k.n.KeyIO           MODE: declarations took 0 ms 
387141     DEBUG Test worker     d.u.i.k.n.KeyIO           MODE: 2nd degree decls took 0 
387141     DEBUG Test worker     d.u.i.k.n.KeyIO           MODE: taclets took 0ms 
388893     INFO  Test worker     d.u.i.k.n.KeyIO           Parsing took 0 ms 
388893     DEBUG Test worker     d.u.i.k.n.KeyIO           Load declarations of de.uka.ilkd.key.nparser.KeyAst$File:  <unknown>:1#1 
388893     INFO  Test worker     d.u.i.k.n.KeyIO           MODE: declarations took 0 ms 
388893     DEBUG Test worker     d.u.i.k.n.KeyIO           MODE: 2nd degree decls took 0 
388893     DEBUG Test worker     d.u.i.k.n.KeyIO           MODE: taclets took 0ms 
390621     INFO  Test worker     d.u.i.k.n.KeyIO           Parsing took 0 ms 
390621     DEBUG Test worker     d.u.i.k.n.KeyIO           Load declarations of de.uka.ilkd.key.nparser.KeyAst$File:  <unknown>:1#1 
390621     INFO  Test worker     d.u.i.k.n.KeyIO           MODE: declarations took 0 ms 
390621     DEBUG Test worker     d.u.i.k.n.KeyIO           MODE: 2nd degree decls took 0 
390621     DEBUG Test worker     d.u.i.k.n.KeyIO           MODE: taclets took 0ms 
392350     INFO  Test worker     d.u.i.k.n.KeyIO           Parsing took 0 ms 
392350     DEBUG Test worker     d.u.i.k.n.KeyIO           Load declarations of de.uka.ilkd.key.nparser.KeyAst$File:  <unknown>:1#1 
392350     INFO  Test worker     d.u.i.k.n.KeyIO           MODE: declarations took 0 ms 
392350     DEBUG Test worker     d.u.i.k.n.KeyIO           MODE: 2nd degree decls took 0 
392350     DEBUG Test worker     d.u.i.k.n.KeyIO           MODE: taclets took 0ms 
394087     INFO  Test worker     d.u.i.k.n.KeyIO           Parsing took 0 ms 
394087     DEBUG Test worker     d.u.i.k.n.KeyIO           Load declarations of de.uka.ilkd.key.nparser.KeyAst$File:  <unknown>:1#1 
394087     INFO  Test worker     d.u.i.k.n.KeyIO           MODE: declarations took 0 ms 
394087     DEBUG Test worker     d.u.i.k.n.KeyIO           MODE: 2nd degree decls took 0 
394087     DEBUG Test worker     d.u.i.k.n.KeyIO           MODE: taclets took 0ms 
395857     INFO  Test worker     d.u.i.k.n.KeyIO           Parsing took 0 ms 
395857     DEBUG Test worker     d.u.i.k.n.KeyIO           Load declarations of de.uka.ilkd.key.nparser.KeyAst$File:  <unknown>:1#1 
395857     INFO  Test worker     d.u.i.k.n.KeyIO           MODE: declarations took 0 ms 
395857     DEBUG Test worker     d.u.i.k.n.KeyIO           MODE: 2nd degree decls took 0 
395857     DEBUG Test worker     d.u.i.k.n.KeyIO           MODE: taclets took 0ms 
397540     INFO  Test worker     d.u.i.k.n.KeyIO           Parsing took 0 ms 
397540     DEBUG Test worker     d.u.i.k.n.KeyIO           Load declarations of de.uka.ilkd.key.nparser.KeyAst$File:  <unknown>:1#1 
397540     INFO  Test worker     d.u.i.k.n.KeyIO           MODE: declarations took 0 ms 
397540     DEBUG Test worker     d.u.i.k.n.KeyIO           MODE: 2nd degree decls took 0 
397540     DEBUG Test worker     d.u.i.k.n.KeyIO           MODE: taclets took 0ms 
399191     INFO  Test worker     d.u.i.k.n.KeyIO           Parsing took 0 ms 
399191     DEBUG Test worker     d.u.i.k.n.KeyIO           Load declarations of de.uka.ilkd.key.nparser.KeyAst$File:  <unknown>:1#1 
399191     INFO  Test worker     d.u.i.k.n.KeyIO           MODE: declarations took 0 ms 
399191     DEBUG Test worker     d.u.i.k.n.KeyIO           MODE: 2nd degree decls took 0 
399191     DEBUG Test worker     d.u.i.k.n.KeyIO           MODE: taclets took 0ms 
400840     INFO  Test worker     d.u.i.k.n.KeyIO           Parsing took 0 ms 
400840     DEBUG Test worker     d.u.i.k.n.KeyIO           Load declarations of de.uka.ilkd.key.nparser.KeyAst$File:  <unknown>:1#1 
400840     INFO  Test worker     d.u.i.k.n.KeyIO           MODE: declarations took 0 ms 
400840     DEBUG Test worker     d.u.i.k.n.KeyIO           MODE: 2nd degree decls took 0 
400840     DEBUG Test worker     d.u.i.k.n.KeyIO           MODE: taclets took 0ms 
402507     INFO  Test worker     d.u.i.k.n.KeyIO           Parsing took 0 ms 
402507     DEBUG Test worker     d.u.i.k.n.KeyIO           Load declarations of de.uka.ilkd.key.nparser.KeyAst$File:  <unknown>:1#1 
402507     INFO  Test worker     d.u.i.k.n.KeyIO           MODE: declarations took 0 ms 
402507     DEBUG Test worker     d.u.i.k.n.KeyIO           MODE: 2nd degree decls took 0 
402507     DEBUG Test worker     d.u.i.k.n.KeyIO           MODE: taclets took 0ms 
]]></system-out>
  <system-err><![CDATA[]]></system-err>
</testsuite>
