<?xml version="1.0" encoding="UTF-8"?>
<testsuite name="de.uka.ilkd.key.proof.io.TestZipProofSaving" tests="1" skipped="0" failures="0" errors="0" timestamp="2023-06-15T13:28:29" hostname="fv-az206-505" time="12.49">
  <properties/>
  <testcase name="testZip()" classname="de.uka.ilkd.key.proof.io.TestZipProofSaving" time="12.49"/>
  <system-out><![CDATA[781849     INFO  Test worker     d.u.i.k.p.i.AbstractProblemLoader Loading environment from C:\Users\RUNNER~1\AppData\Local\Temp\keyZipTest11700562725988577984.key 
781849     DEBUG Test worker     d.u.i.k.p.i.AbstractProblemLoader Environment load took 269.1ns 
781849     INFO  Test worker     d.u.i.k.p.i.AbstractProblemLoader Creating init config 
782071     DEBUG Test worker     d.u.i.k.j.TypeConverter   No LDT found for Meta 
782071     DEBUG Test worker     d.u.i.k.j.TypeConverter   No LDT found for Meta 
782071     DEBUG Test worker     d.u.i.k.j.TypeConverter   No LDT found for Meta 
782071     DEBUG Test worker     d.u.i.k.j.TypeConverter   No LDT found for Meta 
782922     DEBUG Test worker     d.u.i.k.j.TypeConverter   No LDT found for JavaBigintExpression 
788824     DEBUG Test worker     d.u.i.k.p.i.AbstractProblemLoader Init config took 6.97s 
788839     INFO  Test worker     d.u.i.k.p.i.AbstractProblemLoader Replaying proof keyZipTest11700562725988577984.key 
788839     DEBUG Test worker     d.u.i.k.p.i.IntermediateProofReplayer Proof replay took 10.8ns 
788995     INFO  Test worker     d.u.i.k.p.i.AbstractProblemLoader Loading environment from C:\Users\RUNNER~1\AppData\Local\Temp\keyZipTest577948115816246633.proof.gz 
788995     DEBUG Test worker     d.u.i.k.p.i.AbstractProblemLoader Environment load took 424ns 
788995     INFO  Test worker     d.u.i.k.p.i.AbstractProblemLoader Creating init config 
794194     DEBUG Test worker     d.u.i.k.p.i.AbstractProblemLoader Init config took 5.2s 
794225     INFO  Test worker     d.u.i.k.p.i.AbstractProblemLoader Replaying proof keyZipTest577948115816246633.proof.gz 
794225     DEBUG Test worker     d.u.i.k.p.i.IntermediateProofReplayer Proof replay took 4.39ms 
]]></system-out>
  <system-err><![CDATA[]]></system-err>
</testsuite>
