<?xml version="1.0" encoding="UTF-8"?>
<testsuite name="de.uka.ilkd.key.logic.TestTermLabelManager" tests="21" skipped="0" failures="0" errors="0" timestamp="2023-06-15T13:18:49" hostname="fv-az206-505" time="100.312">
  <properties/>
  <testcase name="testInstantiateLabels_directChildPolicies_allRules()" classname="de.uka.ilkd.key.logic.TestTermLabelManager" time="7.032"/>
  <testcase name="testInstantiateLabels_childAndGrandchildPolicies_ruleSpecific()" classname="de.uka.ilkd.key.logic.TestTermLabelManager" time="5.124"/>
  <testcase name="testParseLabel()" classname="de.uka.ilkd.key.logic.TestTermLabelManager" time="5.07"/>
  <testcase name="testrefactorGoal_childrenAndGrandchildren_ruleSpecific()" classname="de.uka.ilkd.key.logic.TestTermLabelManager" time="5.098"/>
  <testcase name="testrefactorGoal_directChildren_allRules()" classname="de.uka.ilkd.key.logic.TestTermLabelManager" time="5.35"/>
  <testcase name="testInstantiateLabels_childAndGrandchildPolicies_allRules()" classname="de.uka.ilkd.key.logic.TestTermLabelManager" time="5.439"/>
  <testcase name="testInstantiateLabels_taclet()" classname="de.uka.ilkd.key.logic.TestTermLabelManager" time="5.384"/>
  <testcase name="testrefactorGoal_none_ruleSpecific()" classname="de.uka.ilkd.key.logic.TestTermLabelManager" time="6.253"/>
  <testcase name="testInstantiateLabels_updates_ruleSpecific()" classname="de.uka.ilkd.key.logic.TestTermLabelManager" time="5.09"/>
  <testcase name="testrefactorGoal_sequent_ruleSpecific()" classname="de.uka.ilkd.key.logic.TestTermLabelManager" time="5.082"/>
  <testcase name="testInstantiateLabels_updates_allRules()" classname="de.uka.ilkd.key.logic.TestTermLabelManager" time="5.001"/>
  <testcase name="testrefactorGoal_sequent_allRules()" classname="de.uka.ilkd.key.logic.TestTermLabelManager" time="5.076"/>
  <testcase name="testrefactorGoal_childrenAndGrandchildren_allRules()" classname="de.uka.ilkd.key.logic.TestTermLabelManager" time="5.046"/>
  <testcase name="testGetTermLabelManager()" classname="de.uka.ilkd.key.logic.TestTermLabelManager" time="0.004"/>
  <testcase name="testInstantiateLabels_applicationTermPolicies()" classname="de.uka.ilkd.key.logic.TestTermLabelManager" time="5.072"/>
  <testcase name="testInstantiateLabels_modalityTermPolicies()" classname="de.uka.ilkd.key.logic.TestTermLabelManager" time="5.017"/>
  <testcase name="testrefactorGoal_none_allRules()" classname="de.uka.ilkd.key.logic.TestTermLabelManager" time="5.025"/>
  <testcase name="testInstantiateLabels_null()" classname="de.uka.ilkd.key.logic.TestTermLabelManager" time="0.001"/>
  <testcase name="testrefactorGoal_directChildren_ruleSpecific()" classname="de.uka.ilkd.key.logic.TestTermLabelManager" time="5.021"/>
  <testcase name="testInstantiateLabels_directChildPolicies_ruleSpecific()" classname="de.uka.ilkd.key.logic.TestTermLabelManager" time="5.052"/>
  <testcase name="testGetSupportedTermLabelNames()" classname="de.uka.ilkd.key.logic.TestTermLabelManager" time="5.061"/>
  <system-out><![CDATA[201528     INFO  Test worker     d.u.i.k.p.i.AbstractProblemLoader Loading environment from src\test\resources\testcase\termLabels\flatSteps\FlatSteps.java 
201528     DEBUG Test worker     d.u.i.k.p.i.AbstractProblemLoader Environment load took 345.6ns 
201544     INFO  Test worker     d.u.i.k.p.i.AbstractProblemLoader Creating init config 
201841     DEBUG Test worker     d.u.i.k.j.TypeConverter   No LDT found for Meta 
201841     DEBUG Test worker     d.u.i.k.j.TypeConverter   No LDT found for Meta 
201841     DEBUG Test worker     d.u.i.k.j.TypeConverter   No LDT found for Meta 
201841     DEBUG Test worker     d.u.i.k.j.TypeConverter   No LDT found for Meta 
203054     DEBUG Test worker     d.u.i.k.j.TypeConverter   No LDT found for JavaBigintExpression 
208567     DEBUG Test worker     d.u.i.k.p.i.AbstractProblemLoader Init config took 7.03s 
208567     INFO  Test worker     d.u.i.k.p.i.AbstractProblemLoader Loading environment from src\test\resources\testcase\termLabels\flatSteps\FlatSteps.java 
208567     DEBUG Test worker     d.u.i.k.p.i.AbstractProblemLoader Environment load took 274.8ns 
208583     INFO  Test worker     d.u.i.k.p.i.AbstractProblemLoader Creating init config 
213691     DEBUG Test worker     d.u.i.k.p.i.AbstractProblemLoader Init config took 5.11s 
213706     INFO  Test worker     d.u.i.k.p.i.AbstractProblemLoader Loading environment from src\test\resources\testcase\termLabels\flatSteps\FlatSteps.java 
213706     DEBUG Test worker     d.u.i.k.p.i.AbstractProblemLoader Environment load took 580.9ns 
213706     INFO  Test worker     d.u.i.k.p.i.AbstractProblemLoader Creating init config 
218764     DEBUG Test worker     d.u.i.k.p.i.AbstractProblemLoader Init config took 5.06s 
218764     INFO  Test worker     d.u.i.k.p.i.AbstractProblemLoader Loading environment from src\test\resources\testcase\termLabels\flatSteps\FlatSteps.java 
218764     DEBUG Test worker     d.u.i.k.p.i.AbstractProblemLoader Environment load took 213.8ns 
218779     INFO  Test worker     d.u.i.k.p.i.AbstractProblemLoader Creating init config 
223848     DEBUG Test worker     d.u.i.k.p.i.AbstractProblemLoader Init config took 5.08s 
223863     INFO  Test worker     d.u.i.k.p.i.AbstractProblemLoader Loading environment from src\test\resources\testcase\termLabels\flatSteps\FlatSteps.java 
223863     DEBUG Test worker     d.u.i.k.p.i.AbstractProblemLoader Environment load took 158.3ns 
223879     INFO  Test worker     d.u.i.k.p.i.AbstractProblemLoader Creating init config 
229199     DEBUG Test worker     d.u.i.k.p.i.AbstractProblemLoader Init config took 5.33s 
229215     INFO  Test worker     d.u.i.k.p.i.AbstractProblemLoader Loading environment from src\test\resources\testcase\termLabels\flatSteps\FlatSteps.java 
229215     DEBUG Test worker     d.u.i.k.p.i.AbstractProblemLoader Environment load took 201.9ns 
229215     INFO  Test worker     d.u.i.k.p.i.AbstractProblemLoader Creating init config 
234654     DEBUG Test worker     d.u.i.k.p.i.AbstractProblemLoader Init config took 5.44s 
234670     INFO  Test worker     d.u.i.k.p.i.AbstractProblemLoader Loading environment from src\test\resources\testcase\termLabels\flatSteps\FlatSteps.java 
234670     DEBUG Test worker     d.u.i.k.p.i.AbstractProblemLoader Environment load took 168.6ns 
234670     INFO  Test worker     d.u.i.k.p.i.AbstractProblemLoader Creating init config 
240038     DEBUG Test worker     d.u.i.k.p.i.AbstractProblemLoader Init config took 5.37s 
240038     INFO  Test worker     d.u.i.k.p.i.AbstractProblemLoader Loading environment from src\test\resources\testcase\termLabels\flatSteps\FlatSteps.java 
240038     DEBUG Test worker     d.u.i.k.p.i.AbstractProblemLoader Environment load took 1.36ms 
240054     INFO  Test worker     d.u.i.k.p.i.AbstractProblemLoader Creating init config 
246276     DEBUG Test worker     d.u.i.k.p.i.AbstractProblemLoader Init config took 6.24s 
246292     INFO  Test worker     d.u.i.k.p.i.AbstractProblemLoader Loading environment from src\test\resources\testcase\termLabels\flatSteps\FlatSteps.java 
246292     DEBUG Test worker     d.u.i.k.p.i.AbstractProblemLoader Environment load took 1.17ms 
246307     INFO  Test worker     d.u.i.k.p.i.AbstractProblemLoader Creating init config 
251383     DEBUG Test worker     d.u.i.k.p.i.AbstractProblemLoader Init config took 5.08s 
251383     INFO  Test worker     d.u.i.k.p.i.AbstractProblemLoader Loading environment from src\test\resources\testcase\termLabels\flatSteps\FlatSteps.java 
251383     DEBUG Test worker     d.u.i.k.p.i.AbstractProblemLoader Environment load took 292.9ns 
251398     INFO  Test worker     d.u.i.k.p.i.AbstractProblemLoader Creating init config 
256450     DEBUG Test worker     d.u.i.k.p.i.AbstractProblemLoader Init config took 5.06s 
256466     INFO  Test worker     d.u.i.k.p.i.AbstractProblemLoader Loading environment from src\test\resources\testcase\termLabels\flatSteps\FlatSteps.java 
256466     DEBUG Test worker     d.u.i.k.p.i.AbstractProblemLoader Environment load took 213.7ns 
256466     INFO  Test worker     d.u.i.k.p.i.AbstractProblemLoader Creating init config 
261467     DEBUG Test worker     d.u.i.k.p.i.AbstractProblemLoader Init config took 5s 
261467     INFO  Test worker     d.u.i.k.p.i.AbstractProblemLoader Loading environment from src\test\resources\testcase\termLabels\flatSteps\FlatSteps.java 
261467     DEBUG Test worker     d.u.i.k.p.i.AbstractProblemLoader Environment load took 212.5ns 
261483     INFO  Test worker     d.u.i.k.p.i.AbstractProblemLoader Creating init config 
266527     DEBUG Test worker     d.u.i.k.p.i.AbstractProblemLoader Init config took 5.05s 
266543     INFO  Test worker     d.u.i.k.p.i.AbstractProblemLoader Loading environment from src\test\resources\testcase\termLabels\flatSteps\FlatSteps.java 
266543     DEBUG Test worker     d.u.i.k.p.i.AbstractProblemLoader Environment load took 176.9ns 
266543     INFO  Test worker     d.u.i.k.p.i.AbstractProblemLoader Creating init config 
271589     DEBUG Test worker     d.u.i.k.p.i.AbstractProblemLoader Init config took 5.04s 
271605     INFO  Test worker     d.u.i.k.p.i.AbstractProblemLoader Loading environment from src\test\resources\testcase\termLabels\flatSteps\FlatSteps.java 
271605     DEBUG Test worker     d.u.i.k.p.i.AbstractProblemLoader Environment load took 586.6ns 
271605     INFO  Test worker     d.u.i.k.p.i.AbstractProblemLoader Creating init config 
276666     DEBUG Test worker     d.u.i.k.p.i.AbstractProblemLoader Init config took 5.06s 
276666     INFO  Test worker     d.u.i.k.p.i.AbstractProblemLoader Loading environment from src\test\resources\testcase\termLabels\flatSteps\FlatSteps.java 
276666     DEBUG Test worker     d.u.i.k.p.i.AbstractProblemLoader Environment load took 307.6ns 
276681     INFO  Test worker     d.u.i.k.p.i.AbstractProblemLoader Creating init config 
281684     DEBUG Test worker     d.u.i.k.p.i.AbstractProblemLoader Init config took 5s 
281684     INFO  Test worker     d.u.i.k.p.i.AbstractProblemLoader Loading environment from src\test\resources\testcase\termLabels\flatSteps\FlatSteps.java 
281684     DEBUG Test worker     d.u.i.k.p.i.AbstractProblemLoader Environment load took 226.5ns 
281684     INFO  Test worker     d.u.i.k.p.i.AbstractProblemLoader Creating init config 
286694     DEBUG Test worker     d.u.i.k.p.i.AbstractProblemLoader Init config took 5.01s 
286709     INFO  Test worker     d.u.i.k.p.i.AbstractProblemLoader Loading environment from src\test\resources\testcase\termLabels\flatSteps\FlatSteps.java 
286709     DEBUG Test worker     d.u.i.k.p.i.AbstractProblemLoader Environment load took 5.28ms 
286725     INFO  Test worker     d.u.i.k.p.i.AbstractProblemLoader Creating init config 
291719     DEBUG Test worker     d.u.i.k.p.i.AbstractProblemLoader Init config took 5s 
291734     INFO  Test worker     d.u.i.k.p.i.AbstractProblemLoader Loading environment from src\test\resources\testcase\termLabels\flatSteps\FlatSteps.java 
291734     DEBUG Test worker     d.u.i.k.p.i.AbstractProblemLoader Environment load took 219.7ns 
291734     INFO  Test worker     d.u.i.k.p.i.AbstractProblemLoader Creating init config 
296786     DEBUG Test worker     d.u.i.k.p.i.AbstractProblemLoader Init config took 5.05s 
296802     INFO  Test worker     d.u.i.k.p.i.AbstractProblemLoader Loading environment from src\test\resources\testcase\termLabels\flatSteps\FlatSteps.java 
296802     DEBUG Test worker     d.u.i.k.p.i.AbstractProblemLoader Environment load took 619.2ns 
296802     INFO  Test worker     d.u.i.k.p.i.AbstractProblemLoader Creating init config 
301847     DEBUG Test worker     d.u.i.k.p.i.AbstractProblemLoader Init config took 5.04s 
]]></system-out>
  <system-err><![CDATA[]]></system-err>
</testsuite>
