<?xml version="1.0" encoding="UTF-8"?>
<testsuite name="de.uka.ilkd.key.rule.TestSchemaModalOperators" tests="4" skipped="0" failures="0" errors="0" timestamp="2023-06-15T13:29:03" hostname="fv-az206-505" time="1.774">
  <properties/>
  <testcase name="testSchemaModalities1()" classname="de.uka.ilkd.key.rule.TestSchemaModalOperators" time="1.733"/>
  <testcase name="testSchemaModalities2()" classname="de.uka.ilkd.key.rule.TestSchemaModalOperators" time="0.013"/>
  <testcase name="testSchemaModalities3()" classname="de.uka.ilkd.key.rule.TestSchemaModalOperators" time="0.012"/>
  <testcase name="testSchemaModalities4()" classname="de.uka.ilkd.key.rule.TestSchemaModalOperators" time="0.015"/>
  <system-out><![CDATA[817585     INFO  Test worker     d.u.i.k.n.KeyIO           Parsing took 0 ms 
817585     DEBUG Test worker     d.u.i.k.n.KeyIO           Load declarations of de.uka.ilkd.key.nparser.KeyAst$File:  D:\a\key\key\key.core\src\test\resources\testcase\testrules.key:9#1 
817585     INFO  Test worker     d.u.i.k.n.KeyIO           MODE: declarations took 0 ms 
817585     DEBUG Test worker     d.u.i.k.n.KeyIO           MODE: 2nd degree decls took 0 
817633     DEBUG Test worker     d.u.i.k.n.KeyIO           MODE: taclets took 48ms 
]]></system-out>
  <system-err><![CDATA[]]></system-err>
</testsuite>
