<?xml version="1.0" encoding="UTF-8"?>
<testsuite name="de.uka.ilkd.key.rule.loop.LoopScopeInvRuleTests" tests="1" skipped="0" failures="0" errors="0" timestamp="2023-06-15T13:29:05" hostname="fv-az206-505" time="8.063">
  <properties/>
  <testcase name="testDoAutomaticProofOfBenchmarkWithLabeledBreaksAndContinues()" classname="de.uka.ilkd.key.rule.loop.LoopScopeInvRuleTests" time="8.063"/>
  <system-out><![CDATA[817742     INFO  Test worker     d.u.i.k.p.i.AbstractProblemLoader Loading environment from src\test\resources\testcase\loopScopeInvRule\Test.key 
817742     DEBUG Test worker     d.u.i.k.p.i.AbstractProblemLoader Environment load took 230.8ns 
817742     INFO  Test worker     d.u.i.k.p.i.AbstractProblemLoader Creating init config 
818024     DEBUG Test worker     d.u.i.k.j.TypeConverter   No LDT found for Meta 
818024     DEBUG Test worker     d.u.i.k.j.TypeConverter   No LDT found for Meta 
818024     DEBUG Test worker     d.u.i.k.j.TypeConverter   No LDT found for Meta 
818024     DEBUG Test worker     d.u.i.k.j.TypeConverter   No LDT found for Meta 
819152     DEBUG Test worker     d.u.i.k.j.TypeConverter   No LDT found for JavaBigintExpression 
824877     DEBUG Test worker     d.u.i.k.p.i.AbstractProblemLoader Init config took 7.14s 
824924     INFO  Test worker     d.u.i.k.p.i.AbstractProblemLoader Replaying proof Test[Test::loopScopeRuleBenchmark(int,boolean)].JML normal_behavior operation contract.0 
824939     DEBUG Test worker     d.u.i.k.p.i.IntermediateProofReplayer Proof replay took 68.6ns 
]]></system-out>
  <system-err><![CDATA[]]></system-err>
</testsuite>
