<?xml version="1.0" encoding="UTF-8"?>
<testsuite name="de.uka.ilkd.key.java.TestContextStatementBlock" tests="1" skipped="0" failures="0" errors="0" timestamp="2023-06-15T13:16:08" hostname="fv-az206-505" time="2.123">
  <properties/>
  <testcase name="testContextTermInstantiation()" classname="de.uka.ilkd.key.java.TestContextStatementBlock" time="2.123"/>
  <system-out><![CDATA[42042      INFO  Test worker     d.u.i.k.n.KeyIO           Parsing took 15 ms 
42042      DEBUG Test worker     d.u.i.k.n.KeyIO           Load declarations of de.uka.ilkd.key.nparser.KeyAst$File:  D:\a\key\key\key.core\src\test\resources\testcase\testrules.key:9#1 
42042      INFO  Test worker     d.u.i.k.n.KeyIO           MODE: declarations took 0 ms 
42042      DEBUG Test worker     d.u.i.k.n.KeyIO           MODE: 2nd degree decls took 0 
42214      DEBUG Test worker     d.u.i.k.n.KeyIO           MODE: taclets took 172ms 
]]></system-out>
  <system-err><![CDATA[]]></system-err>
</testsuite>
