<?xml version="1.0" encoding="UTF-8"?>
<testsuite name="de.uka.ilkd.key.testcase.smt.testgen.TestTestgen" tests="1" skipped="0" failures="0" errors="0" timestamp="2023-05-23T10:14:17" hostname="fv-az250-451" time="4.978">
  <properties/>
  <testcase name="testMiddle()" classname="de.uka.ilkd.key.testcase.smt.testgen.TestTestgen" time="4.978"/>
  <system-out><![CDATA[17353      WARN  Test worker     d.u.i.k.t.s.t.TestTestgen Warning: Z3_CE is not installed, tests skipped. 
17353      WARN  Test worker     d.u.i.k.t.s.t.TestTestgen Maybe use JVM system property "z3SolverPath" to define the path to the Z3 command. 
17353      INFO  Test worker     d.u.i.k.p.i.AbstractProblemLoader Loading environment from src\test\resources\testcase\smt\tg\middle.key 
17353      DEBUG Test worker     d.u.i.k.p.i.AbstractProblemLoader Environment load took 1.07ms 
17369      INFO  Test worker     d.u.i.k.p.i.AbstractProblemLoader Creating init config 
21513      DEBUG Test worker     d.u.i.k.p.i.AbstractProblemLoader Init config took 4.16s 
21669      INFO  Test worker     d.u.i.k.p.i.AbstractProblemLoader Replaying proof Middle[Middle::middle(int,int,int)].JML normal_behavior operation contract.0 
21685      DEBUG Test worker     d.u.i.k.p.i.IntermediateProofReplayer Proof replay took 15.6ns 
]]></system-out>
  <system-err><![CDATA[]]></system-err>
</testsuite>
