<?xml version="1.0" encoding="UTF-8"?>
<testsuite name="de.uka.ilkd.key.parser.TestIntLiteralParsing" tests="67" skipped="0" failures="0" errors="0" timestamp="2023-06-12T19:08:33" hostname="fv-az282-703" time="2.621">
  <properties/>
  <testcase name="0x000l" classname="de.uka.ilkd.key.parser.TestIntLiteralParsing" time="0.003"/>
  <testcase name="0x8000_0000l" classname="de.uka.ilkd.key.parser.TestIntLiteralParsing" time="0.002"/>
  <testcase name="0x7fffffffL" classname="de.uka.ilkd.key.parser.TestIntLiteralParsing" time="0.004"/>
  <testcase name="2147483647L" classname="de.uka.ilkd.key.parser.TestIntLiteralParsing" time="0.002"/>
  <testcase name="-2147483648l" classname="de.uka.ilkd.key.parser.TestIntLiteralParsing" time="0.003"/>
  <testcase name="0l" classname="de.uka.ilkd.key.parser.TestIntLiteralParsing" time="0.001"/>
  <testcase name="-0L" classname="de.uka.ilkd.key.parser.TestIntLiteralParsing" time="0.001"/>
  <testcase name="00L" classname="de.uka.ilkd.key.parser.TestIntLiteralParsing" time="0.002"/>
  <testcase name="017777777777l" classname="de.uka.ilkd.key.parser.TestIntLiteralParsing" time="0.001"/>
  <testcase name="020000000000l" classname="de.uka.ilkd.key.parser.TestIntLiteralParsing" time="0.002"/>
  <testcase name="01671003245L" classname="de.uka.ilkd.key.parser.TestIntLiteralParsing" time="0.016"/>
  <testcase name="0b0L" classname="de.uka.ilkd.key.parser.TestIntLiteralParsing" time="0.002"/>
  <testcase name="0b01111111111111111111111111111111L" classname="de.uka.ilkd.key.parser.TestIntLiteralParsing" time="0.001"/>
  <testcase name="0b1000_0000_0000_0000_0000_0000_0000_0000l" classname="de.uka.ilkd.key.parser.TestIntLiteralParsing" time="0.002"/>
  <testcase name="0b0100100100011101L" classname="de.uka.ilkd.key.parser.TestIntLiteralParsing" time="0.001"/>
  <testcase name="0xffff_ffff_ffff_ffffL" classname="de.uka.ilkd.key.parser.TestIntLiteralParsing" time="0.001"/>
  <testcase name="9223372036854775807L" classname="de.uka.ilkd.key.parser.TestIntLiteralParsing" time="0.031"/>
  <testcase name="-9223372036854775808L" classname="de.uka.ilkd.key.parser.TestIntLiteralParsing" time="0.007"/>
  <testcase name="0b1111111111_1111111111_1111111111_1111111111_1111111111_1111111111_1111L" classname="de.uka.ilkd.key.parser.TestIntLiteralParsing" time="0.001"/>
  <testcase name="0b1000000000_0000000000_0000000000_0000000000_0000000000_0000000000_0000L" classname="de.uka.ilkd.key.parser.TestIntLiteralParsing" time="0.001"/>
  <testcase name="0b0111111111_1111111111_1111111111_1111111111_1111111111_1111111111_1111L" classname="de.uka.ilkd.key.parser.TestIntLiteralParsing" time="0.001"/>
  <testcase name="'a'" classname="de.uka.ilkd.key.parser.TestIntLiteralParsing" time="0.001"/>
  <testcase name="'z'" classname="de.uka.ilkd.key.parser.TestIntLiteralParsing" time="0.001"/>
  <testcase name="'A'" classname="de.uka.ilkd.key.parser.TestIntLiteralParsing" time="0.001"/>
  <testcase name="'Z'" classname="de.uka.ilkd.key.parser.TestIntLiteralParsing" time="0.001"/>
  <testcase name="' '" classname="de.uka.ilkd.key.parser.TestIntLiteralParsing" time="0.001"/>
  <testcase name="'\b'" classname="de.uka.ilkd.key.parser.TestIntLiteralParsing" time="0.001"/>
  <testcase name="'\t'" classname="de.uka.ilkd.key.parser.TestIntLiteralParsing" time="0.001"/>
  <testcase name="'\n'" classname="de.uka.ilkd.key.parser.TestIntLiteralParsing" time="0.001"/>
  <testcase name="'\f'" classname="de.uka.ilkd.key.parser.TestIntLiteralParsing" time="0.001"/>
  <testcase name="'\r'" classname="de.uka.ilkd.key.parser.TestIntLiteralParsing" time="0.002"/>
  <testcase name="'\&quot;'" classname="de.uka.ilkd.key.parser.TestIntLiteralParsing" time="0.001"/>
  <testcase name="'\''" classname="de.uka.ilkd.key.parser.TestIntLiteralParsing" time="0.001"/>
  <testcase name="'\\'" classname="de.uka.ilkd.key.parser.TestIntLiteralParsing" time="0.001"/>
  <testcase name="'0'" classname="de.uka.ilkd.key.parser.TestIntLiteralParsing" time="0.001"/>
  <testcase name="'9'" classname="de.uka.ilkd.key.parser.TestIntLiteralParsing" time="0.001"/>
  <testcase name="'\u0000'" classname="de.uka.ilkd.key.parser.TestIntLiteralParsing" time="0.001"/>
  <testcase name="'\uffff'" classname="de.uka.ilkd.key.parser.TestIntLiteralParsing" time="0.002"/>
  <testcase name="'?'" classname="de.uka.ilkd.key.parser.TestIntLiteralParsing" time="0.001"/>
  <testcase name="'Î”'" classname="de.uka.ilkd.key.parser.TestIntLiteralParsing" time="0.002"/>
  <testcase name="'?'" classname="de.uka.ilkd.key.parser.TestIntLiteralParsing" time="0.001"/>
  <testcase name="-9_223_372_036_854_775_809L" classname="de.uka.ilkd.key.parser.TestIntLiteralParsing" time="0.002"/>
  <testcase name="9223372036854775808L" classname="de.uka.ilkd.key.parser.TestIntLiteralParsing" time="0.001"/>
  <testcase name="0x1_0000_0000_0000_0000L" classname="de.uka.ilkd.key.parser.TestIntLiteralParsing" time="0.002"/>
  <testcase name="0b10000_0000000000_0000000000_0000000000_0000000000_0000000000_0000000000L" classname="de.uka.ilkd.key.parser.TestIntLiteralParsing" time="0.002"/>
  <testcase name="020_0000_0000_0000_0000_0000L" classname="de.uka.ilkd.key.parser.TestIntLiteralParsing" time="0.001"/>
  <testcase name="-2147483649" classname="de.uka.ilkd.key.parser.TestIntLiteralParsing" time="0.002"/>
  <testcase name="2147483648" classname="de.uka.ilkd.key.parser.TestIntLiteralParsing" time="0.001"/>
  <testcase name="0x1_0000_0000" classname="de.uka.ilkd.key.parser.TestIntLiteralParsing" time="0.001"/>
  <testcase name="0b1_0000_0000_0000_0000_0000_0000_0000_0000" classname="de.uka.ilkd.key.parser.TestIntLiteralParsing" time="0.001"/>
  <testcase name="0400_0000_0000" classname="de.uka.ilkd.key.parser.TestIntLiteralParsing" time="0.001"/>
  <testcase name="0xffff_ffff" classname="de.uka.ilkd.key.parser.TestIntLiteralParsing" time="0.001"/>
  <testcase name="0x000" classname="de.uka.ilkd.key.parser.TestIntLiteralParsing" time="0.002"/>
  <testcase name="0x8000_0000" classname="de.uka.ilkd.key.parser.TestIntLiteralParsing" time="0.001"/>
  <testcase name="0x7fffffff" classname="de.uka.ilkd.key.parser.TestIntLiteralParsing" time="0.001"/>
  <testcase name="2147483647" classname="de.uka.ilkd.key.parser.TestIntLiteralParsing" time="0.001"/>
  <testcase name="-2147483648" classname="de.uka.ilkd.key.parser.TestIntLiteralParsing" time="0.001"/>
  <testcase name="0" classname="de.uka.ilkd.key.parser.TestIntLiteralParsing" time="0.001"/>
  <testcase name="-0" classname="de.uka.ilkd.key.parser.TestIntLiteralParsing" time="0.001"/>
  <testcase name="00" classname="de.uka.ilkd.key.parser.TestIntLiteralParsing" time="0.001"/>
  <testcase name="017777777777" classname="de.uka.ilkd.key.parser.TestIntLiteralParsing" time="0.001"/>
  <testcase name="020000000000" classname="de.uka.ilkd.key.parser.TestIntLiteralParsing" time="0.001"/>
  <testcase name="01671003245" classname="de.uka.ilkd.key.parser.TestIntLiteralParsing" time="0.001"/>
  <testcase name="0b0" classname="de.uka.ilkd.key.parser.TestIntLiteralParsing" time="0.001"/>
  <testcase name="0b01111111111111111111111111111111" classname="de.uka.ilkd.key.parser.TestIntLiteralParsing" time="0.001"/>
  <testcase name="0b1000_0000_0000_0000_0000_0000_0000_0000" classname="de.uka.ilkd.key.parser.TestIntLiteralParsing" time="0.001"/>
  <testcase name="0b0100100100011101" classname="de.uka.ilkd.key.parser.TestIntLiteralParsing" time="0.001"/>
  <system-out><![CDATA[]]></system-out>
  <system-err><![CDATA[253304     ERROR Test worker     d.u.i.k.j.KeYJPMapping    Duplicate registration of node: boolean, formerNode: /*@ pure @*/
boolean 
253351     ERROR Test worker     d.u.i.k.j.KeYJPMapping    Duplicate registration of node: /*@pure*/
int, formerNode: int 
253351     ERROR Test worker     d.u.i.k.j.KeYJPMapping    Duplicate registration of node: /*@ helper */
int, formerNode: int 
253351     ERROR Test worker     d.u.i.k.j.KeYJPMapping    Duplicate registration of node: /*@ helper */
boolean, formerNode: /*@ pure @*/
boolean 
253351     ERROR Test worker     d.u.i.k.j.KeYJPMapping    Duplicate registration of node: /*@ helper */
char, formerNode: char 
253351     ERROR Test worker     d.u.i.k.j.KeYJPMapping    Duplicate registration of node: byte[], formerNode: byte[] 
253351     ERROR Test worker     d.u.i.k.j.KeYJPMapping    Duplicate registration of node: /*@ helper */
java.lang.String, formerNode: java.lang.String 
253382     ERROR Test worker     d.u.i.k.j.KeYJPMapping    Duplicate registration of node: /*@strictly_pure*/
java.lang.String, formerNode: java.lang.String 
253382     ERROR Test worker     d.u.i.k.j.KeYJPMapping    Duplicate registration of node: /*@nullable@*/
Object, formerNode: Object 
253414     ERROR Test worker     d.u.i.k.j.KeYJPMapping    Duplicate registration of node: /*@pure@*/
String, formerNode: String 
253414     ERROR Test worker     d.u.i.k.j.KeYJPMapping    Duplicate registration of node: char[], formerNode: char[] 
253414     ERROR Test worker     d.u.i.k.j.KeYJPMapping    Duplicate registration of node: int[], formerNode: int[] 
253429     ERROR Test worker     d.u.i.k.j.KeYJPMapping    Duplicate registration of value: testTermParserHeap.A::next;, formerValue: testTermParserHeap.A::next; 
253429     ERROR Test worker     d.u.i.k.j.KeYJPMapping    Duplicate registration of value: A testTermParserHeap.A::next;, formerValue: A testTermParserHeap.A::next; 
253594     ERROR Test worker     d.u.i.k.j.KeYJPMapping    Duplicate registration of node: boolean, formerNode: /*@ pure @*/
boolean 
253641     ERROR Test worker     d.u.i.k.j.KeYJPMapping    Duplicate registration of node: /*@pure*/
int, formerNode: int 
253641     ERROR Test worker     d.u.i.k.j.KeYJPMapping    Duplicate registration of node: /*@ helper */
int, formerNode: int 
253641     ERROR Test worker     d.u.i.k.j.KeYJPMapping    Duplicate registration of node: /*@ helper */
boolean, formerNode: /*@ pure @*/
boolean 
253641     ERROR Test worker     d.u.i.k.j.KeYJPMapping    Duplicate registration of node: /*@ helper */
char, formerNode: char 
253641     ERROR Test worker     d.u.i.k.j.KeYJPMapping    Duplicate registration of node: byte[], formerNode: byte[] 
253641     ERROR Test worker     d.u.i.k.j.KeYJPMapping    Duplicate registration of node: /*@ helper */
java.lang.String, formerNode: java.lang.String 
253657     ERROR Test worker     d.u.i.k.j.KeYJPMapping    Duplicate registration of node: /*@strictly_pure*/
java.lang.String, formerNode: java.lang.String 
253673     ERROR Test worker     d.u.i.k.j.KeYJPMapping    Duplicate registration of node: /*@nullable@*/
Object, formerNode: Object 
253813     ERROR Test worker     d.u.i.k.j.KeYJPMapping    Duplicate registration of node: /*@pure@*/
String, formerNode: String 
253829     ERROR Test worker     d.u.i.k.j.KeYJPMapping    Duplicate registration of node: char[], formerNode: char[] 
253829     ERROR Test worker     d.u.i.k.j.KeYJPMapping    Duplicate registration of node: int[], formerNode: int[] 
253829     ERROR Test worker     d.u.i.k.j.KeYJPMapping    Duplicate registration of value: testTermParserHeap.A::next;, formerValue: testTermParserHeap.A::next; 
253829     ERROR Test worker     d.u.i.k.j.KeYJPMapping    Duplicate registration of value: A testTermParserHeap.A::next;, formerValue: A testTermParserHeap.A::next; 
254110     ERROR Test worker     d.u.i.k.j.KeYJPMapping    Duplicate registration of node: boolean, formerNode: /*@ pure @*/
boolean 
254157     ERROR Test worker     d.u.i.k.j.KeYJPMapping    Duplicate registration of node: /*@pure*/
int, formerNode: int 
254157     ERROR Test worker     d.u.i.k.j.KeYJPMapping    Duplicate registration of node: /*@ helper */
int, formerNode: int 
254157     ERROR Test worker     d.u.i.k.j.KeYJPMapping    Duplicate registration of node: /*@ helper */
boolean, formerNode: /*@ pure @*/
boolean 
254157     ERROR Test worker     d.u.i.k.j.KeYJPMapping    Duplicate registration of node: /*@ helper */
char, formerNode: char 
254157     ERROR Test worker     d.u.i.k.j.KeYJPMapping    Duplicate registration of node: byte[], formerNode: byte[] 
254157     ERROR Test worker     d.u.i.k.j.KeYJPMapping    Duplicate registration of node: /*@ helper */
java.lang.String, formerNode: java.lang.String 
254189     ERROR Test worker     d.u.i.k.j.KeYJPMapping    Duplicate registration of node: /*@strictly_pure*/
java.lang.String, formerNode: java.lang.String 
254189     ERROR Test worker     d.u.i.k.j.KeYJPMapping    Duplicate registration of node: /*@nullable@*/
Object, formerNode: Object 
254220     ERROR Test worker     d.u.i.k.j.KeYJPMapping    Duplicate registration of node: /*@pure@*/
String, formerNode: String 
254220     ERROR Test worker     d.u.i.k.j.KeYJPMapping    Duplicate registration of node: char[], formerNode: char[] 
254220     ERROR Test worker     d.u.i.k.j.KeYJPMapping    Duplicate registration of node: int[], formerNode: int[] 
254235     ERROR Test worker     d.u.i.k.j.KeYJPMapping    Duplicate registration of value: testTermParserHeap.A::next;, formerValue: testTermParserHeap.A::next; 
254235     ERROR Test worker     d.u.i.k.j.KeYJPMapping    Duplicate registration of value: A testTermParserHeap.A::next;, formerValue: A testTermParserHeap.A::next; 
254397     ERROR Test worker     d.u.i.k.j.KeYJPMapping    Duplicate registration of node: boolean, formerNode: /*@ pure @*/
boolean 
254443     ERROR Test worker     d.u.i.k.j.KeYJPMapping    Duplicate registration of node: /*@pure*/
int, formerNode: int 
254443     ERROR Test worker     d.u.i.k.j.KeYJPMapping    Duplicate registration of node: /*@ helper */
int, formerNode: int 
254443     ERROR Test worker     d.u.i.k.j.KeYJPMapping    Duplicate registration of node: /*@ helper */
boolean, formerNode: /*@ pure @*/
boolean 
254443     ERROR Test worker     d.u.i.k.j.KeYJPMapping    Duplicate registration of node: /*@ helper */
char, formerNode: char 
254459     ERROR Test worker     d.u.i.k.j.KeYJPMapping    Duplicate registration of node: byte[], formerNode: byte[] 
254459     ERROR Test worker     d.u.i.k.j.KeYJPMapping    Duplicate registration of node: /*@ helper */
java.lang.String, formerNode: java.lang.String 
254475     ERROR Test worker     d.u.i.k.j.KeYJPMapping    Duplicate registration of node: /*@strictly_pure*/
java.lang.String, formerNode: java.lang.String 
254475     ERROR Test worker     d.u.i.k.j.KeYJPMapping    Duplicate registration of node: /*@nullable@*/
Object, formerNode: Object 
254506     ERROR Test worker     d.u.i.k.j.KeYJPMapping    Duplicate registration of node: /*@pure@*/
String, formerNode: String 
254522     ERROR Test worker     d.u.i.k.j.KeYJPMapping    Duplicate registration of node: char[], formerNode: char[] 
254522     ERROR Test worker     d.u.i.k.j.KeYJPMapping    Duplicate registration of node: int[], formerNode: int[] 
254522     ERROR Test worker     d.u.i.k.j.KeYJPMapping    Duplicate registration of value: testTermParserHeap.A::next;, formerValue: testTermParserHeap.A::next; 
254522     ERROR Test worker     d.u.i.k.j.KeYJPMapping    Duplicate registration of value: A testTermParserHeap.A::next;, formerValue: A testTermParserHeap.A::next; 
254702     ERROR Test worker     d.u.i.k.j.KeYJPMapping    Duplicate registration of node: boolean, formerNode: /*@ pure @*/
boolean 
254749     ERROR Test worker     d.u.i.k.j.KeYJPMapping    Duplicate registration of node: /*@pure*/
int, formerNode: int 
254749     ERROR Test worker     d.u.i.k.j.KeYJPMapping    Duplicate registration of node: /*@ helper */
int, formerNode: int 
254749     ERROR Test worker     d.u.i.k.j.KeYJPMapping    Duplicate registration of node: /*@ helper */
boolean, formerNode: /*@ pure @*/
boolean 
254749     ERROR Test worker     d.u.i.k.j.KeYJPMapping    Duplicate registration of node: /*@ helper */
char, formerNode: char 
254749     ERROR Test worker     d.u.i.k.j.KeYJPMapping    Duplicate registration of node: byte[], formerNode: byte[] 
254749     ERROR Test worker     d.u.i.k.j.KeYJPMapping    Duplicate registration of node: /*@ helper */
java.lang.String, formerNode: java.lang.String 
254780     ERROR Test worker     d.u.i.k.j.KeYJPMapping    Duplicate registration of node: /*@strictly_pure*/
java.lang.String, formerNode: java.lang.String 
254780     ERROR Test worker     d.u.i.k.j.KeYJPMapping    Duplicate registration of node: /*@nullable@*/
Object, formerNode: Object 
254901     ERROR Test worker     d.u.i.k.j.KeYJPMapping    Duplicate registration of node: /*@pure@*/
String, formerNode: String 
254901     ERROR Test worker     d.u.i.k.j.KeYJPMapping    Duplicate registration of node: char[], formerNode: char[] 
254901     ERROR Test worker     d.u.i.k.j.KeYJPMapping    Duplicate registration of node: int[], formerNode: int[] 
254901     ERROR Test worker     d.u.i.k.j.KeYJPMapping    Duplicate registration of value: testTermParserHeap.A::next;, formerValue: testTermParserHeap.A::next; 
254901     ERROR Test worker     d.u.i.k.j.KeYJPMapping    Duplicate registration of value: A testTermParserHeap.A::next;, formerValue: A testTermParserHeap.A::next; 
255063     ERROR Test worker     d.u.i.k.j.KeYJPMapping    Duplicate registration of node: boolean, formerNode: /*@ pure @*/
boolean 
255110     ERROR Test worker     d.u.i.k.j.KeYJPMapping    Duplicate registration of node: /*@pure*/
int, formerNode: int 
255110     ERROR Test worker     d.u.i.k.j.KeYJPMapping    Duplicate registration of node: /*@ helper */
int, formerNode: int 
255110     ERROR Test worker     d.u.i.k.j.KeYJPMapping    Duplicate registration of node: /*@ helper */
boolean, formerNode: /*@ pure @*/
boolean 
255110     ERROR Test worker     d.u.i.k.j.KeYJPMapping    Duplicate registration of node: /*@ helper */
char, formerNode: char 
255110     ERROR Test worker     d.u.i.k.j.KeYJPMapping    Duplicate registration of node: byte[], formerNode: byte[] 
255110     ERROR Test worker     d.u.i.k.j.KeYJPMapping    Duplicate registration of node: /*@ helper */
java.lang.String, formerNode: java.lang.String 
255126     ERROR Test worker     d.u.i.k.j.KeYJPMapping    Duplicate registration of node: /*@strictly_pure*/
java.lang.String, formerNode: java.lang.String 
255142     ERROR Test worker     d.u.i.k.j.KeYJPMapping    Duplicate registration of node: /*@nullable@*/
Object, formerNode: Object 
255173     ERROR Test worker     d.u.i.k.j.KeYJPMapping    Duplicate registration of node: /*@pure@*/
String, formerNode: String 
255173     ERROR Test worker     d.u.i.k.j.KeYJPMapping    Duplicate registration of node: char[], formerNode: char[] 
255173     ERROR Test worker     d.u.i.k.j.KeYJPMapping    Duplicate registration of node: int[], formerNode: int[] 
255173     ERROR Test worker     d.u.i.k.j.KeYJPMapping    Duplicate registration of value: testTermParserHeap.A::next;, formerValue: testTermParserHeap.A::next; 
255173     ERROR Test worker     d.u.i.k.j.KeYJPMapping    Duplicate registration of value: A testTermParserHeap.A::next;, formerValue: A testTermParserHeap.A::next; 
255361     ERROR Test worker     d.u.i.k.j.KeYJPMapping    Duplicate registration of node: boolean, formerNode: /*@ pure @*/
boolean 
255392     ERROR Test worker     d.u.i.k.j.KeYJPMapping    Duplicate registration of node: /*@pure*/
int, formerNode: int 
255392     ERROR Test worker     d.u.i.k.j.KeYJPMapping    Duplicate registration of node: /*@ helper */
int, formerNode: int 
255392     ERROR Test worker     d.u.i.k.j.KeYJPMapping    Duplicate registration of node: /*@ helper */
boolean, formerNode: /*@ pure @*/
boolean 
255392     ERROR Test worker     d.u.i.k.j.KeYJPMapping    Duplicate registration of node: /*@ helper */
char, formerNode: char 
255408     ERROR Test worker     d.u.i.k.j.KeYJPMapping    Duplicate registration of node: byte[], formerNode: byte[] 
255408     ERROR Test worker     d.u.i.k.j.KeYJPMapping    Duplicate registration of node: /*@ helper */
java.lang.String, formerNode: java.lang.String 
255423     ERROR Test worker     d.u.i.k.j.KeYJPMapping    Duplicate registration of node: /*@strictly_pure*/
java.lang.String, formerNode: java.lang.String 
255423     ERROR Test worker     d.u.i.k.j.KeYJPMapping    Duplicate registration of node: /*@nullable@*/
Object, formerNode: Object 
255455     ERROR Test worker     d.u.i.k.j.KeYJPMapping    Duplicate registration of node: /*@pure@*/
String, formerNode: String 
255472     ERROR Test worker     d.u.i.k.j.KeYJPMapping    Duplicate registration of node: char[], formerNode: char[] 
255472     ERROR Test worker     d.u.i.k.j.KeYJPMapping    Duplicate registration of node: int[], formerNode: int[] 
255472     ERROR Test worker     d.u.i.k.j.KeYJPMapping    Duplicate registration of value: testTermParserHeap.A::next;, formerValue: testTermParserHeap.A::next; 
255472     ERROR Test worker     d.u.i.k.j.KeYJPMapping    Duplicate registration of value: A testTermParserHeap.A::next;, formerValue: A testTermParserHeap.A::next; 
255650     ERROR Test worker     d.u.i.k.j.KeYJPMapping    Duplicate registration of node: boolean, formerNode: /*@ pure @*/
boolean 
255744     ERROR Test worker     d.u.i.k.j.KeYJPMapping    Duplicate registration of node: /*@pure*/
int, formerNode: int 
255744     ERROR Test worker     d.u.i.k.j.KeYJPMapping    Duplicate registration of node: /*@ helper */
int, formerNode: int 
255744     ERROR Test worker     d.u.i.k.j.KeYJPMapping    Duplicate registration of node: /*@ helper */
boolean, formerNode: /*@ pure @*/
boolean 
255744     ERROR Test worker     d.u.i.k.j.KeYJPMapping    Duplicate registration of node: /*@ helper */
char, formerNode: char 
255744     ERROR Test worker     d.u.i.k.j.KeYJPMapping    Duplicate registration of node: byte[], formerNode: byte[] 
255744     ERROR Test worker     d.u.i.k.j.KeYJPMapping    Duplicate registration of node: /*@ helper */
java.lang.String, formerNode: java.lang.String 
255778     ERROR Test worker     d.u.i.k.j.KeYJPMapping    Duplicate registration of node: /*@strictly_pure*/
java.lang.String, formerNode: java.lang.String 
255778     ERROR Test worker     d.u.i.k.j.KeYJPMapping    Duplicate registration of node: /*@nullable@*/
Object, formerNode: Object 
255809     ERROR Test worker     d.u.i.k.j.KeYJPMapping    Duplicate registration of node: /*@pure@*/
String, formerNode: String 
255809     ERROR Test worker     d.u.i.k.j.KeYJPMapping    Duplicate registration of node: char[], formerNode: char[] 
255809     ERROR Test worker     d.u.i.k.j.KeYJPMapping    Duplicate registration of node: int[], formerNode: int[] 
255809     ERROR Test worker     d.u.i.k.j.KeYJPMapping    Duplicate registration of value: testTermParserHeap.A::next;, formerValue: testTermParserHeap.A::next; 
255809     ERROR Test worker     d.u.i.k.j.KeYJPMapping    Duplicate registration of value: A testTermParserHeap.A::next;, formerValue: A testTermParserHeap.A::next; 
255981     ERROR Test worker     d.u.i.k.j.KeYJPMapping    Duplicate registration of node: boolean, formerNode: /*@ pure @*/
boolean 
256012     ERROR Test worker     d.u.i.k.j.KeYJPMapping    Duplicate registration of node: /*@pure*/
int, formerNode: int 
256028     ERROR Test worker     d.u.i.k.j.KeYJPMapping    Duplicate registration of node: /*@ helper */
int, formerNode: int 
256028     ERROR Test worker     d.u.i.k.j.KeYJPMapping    Duplicate registration of node: /*@ helper */
boolean, formerNode: /*@ pure @*/
boolean 
256028     ERROR Test worker     d.u.i.k.j.KeYJPMapping    Duplicate registration of node: /*@ helper */
char, formerNode: char 
256028     ERROR Test worker     d.u.i.k.j.KeYJPMapping    Duplicate registration of node: byte[], formerNode: byte[] 
256028     ERROR Test worker     d.u.i.k.j.KeYJPMapping    Duplicate registration of node: /*@ helper */
java.lang.String, formerNode: java.lang.String 
256044     ERROR Test worker     d.u.i.k.j.KeYJPMapping    Duplicate registration of node: /*@strictly_pure*/
java.lang.String, formerNode: java.lang.String 
256044     ERROR Test worker     d.u.i.k.j.KeYJPMapping    Duplicate registration of node: /*@nullable@*/
Object, formerNode: Object 
256075     ERROR Test worker     d.u.i.k.j.KeYJPMapping    Duplicate registration of node: /*@pure@*/
String, formerNode: String 
256091     ERROR Test worker     d.u.i.k.j.KeYJPMapping    Duplicate registration of node: char[], formerNode: char[] 
256091     ERROR Test worker     d.u.i.k.j.KeYJPMapping    Duplicate registration of node: int[], formerNode: int[] 
256091     ERROR Test worker     d.u.i.k.j.KeYJPMapping    Duplicate registration of value: testTermParserHeap.A::next;, formerValue: testTermParserHeap.A::next; 
256091     ERROR Test worker     d.u.i.k.j.KeYJPMapping    Duplicate registration of value: A testTermParserHeap.A::next;, formerValue: A testTermParserHeap.A::next; 
256325     ERROR Test worker     d.u.i.k.j.KeYJPMapping    Duplicate registration of node: boolean, formerNode: /*@ pure @*/
boolean 
256356     ERROR Test worker     d.u.i.k.j.KeYJPMapping    Duplicate registration of node: /*@pure*/
int, formerNode: int 
256356     ERROR Test worker     d.u.i.k.j.KeYJPMapping    Duplicate registration of node: /*@ helper */
int, formerNode: int 
256356     ERROR Test worker     d.u.i.k.j.KeYJPMapping    Duplicate registration of node: /*@ helper */
boolean, formerNode: /*@ pure @*/
boolean 
256356     ERROR Test worker     d.u.i.k.j.KeYJPMapping    Duplicate registration of node: /*@ helper */
char, formerNode: char 
256356     ERROR Test worker     d.u.i.k.j.KeYJPMapping    Duplicate registration of node: byte[], formerNode: byte[] 
256372     ERROR Test worker     d.u.i.k.j.KeYJPMapping    Duplicate registration of node: /*@ helper */
java.lang.String, formerNode: java.lang.String 
256388     ERROR Test worker     d.u.i.k.j.KeYJPMapping    Duplicate registration of node: /*@strictly_pure*/
java.lang.String, formerNode: java.lang.String 
256388     ERROR Test worker     d.u.i.k.j.KeYJPMapping    Duplicate registration of node: /*@nullable@*/
Object, formerNode: Object 
256419     ERROR Test worker     d.u.i.k.j.KeYJPMapping    Duplicate registration of node: /*@pure@*/
String, formerNode: String 
256419     ERROR Test worker     d.u.i.k.j.KeYJPMapping    Duplicate registration of node: char[], formerNode: char[] 
256419     ERROR Test worker     d.u.i.k.j.KeYJPMapping    Duplicate registration of node: int[], formerNode: int[] 
256435     ERROR Test worker     d.u.i.k.j.KeYJPMapping    Duplicate registration of value: testTermParserHeap.A::next;, formerValue: testTermParserHeap.A::next; 
256435     ERROR Test worker     d.u.i.k.j.KeYJPMapping    Duplicate registration of value: A testTermParserHeap.A::next;, formerValue: A testTermParserHeap.A::next; 
]]></system-err>
</testsuite>
