<?xml version="1.0" encoding="UTF-8"?>
<testsuite name="de.uka.ilkd.key.java.TestJavaInfo" tests="9" skipped="0" failures="0" errors="0" timestamp="2023-06-12T19:04:52" hostname="fv-az282-703" time="0.027">
  <properties/>
  <testcase name="testGetPrimitiveKJT()" classname="de.uka.ilkd.key.java.TestJavaInfo" time="0.002"/>
  <testcase name="testGetAllSupertypes()" classname="de.uka.ilkd.key.java.TestJavaInfo" time="0.003"/>
  <testcase name="testGetCommonSubtypes()" classname="de.uka.ilkd.key.java.TestJavaInfo" time="0.007"/>
  <testcase name="testGetAllSubtypes()" classname="de.uka.ilkd.key.java.TestJavaInfo" time="0.001"/>
  <testcase name="testRetrieveArrayTypeByAlternativeName()" classname="de.uka.ilkd.key.java.TestJavaInfo" time="0.001"/>
  <testcase name="testFindImplicitAttributesForClassTypesOnly()" classname="de.uka.ilkd.key.java.TestJavaInfo" time="0.002"/>
  <testcase name="testFindArrayLength()" classname="de.uka.ilkd.key.java.TestJavaInfo" time="0.001"/>
  <testcase name="testRetrieveArrayTypeByJLSName()" classname="de.uka.ilkd.key.java.TestJavaInfo" time="0.001"/>
  <testcase name="testFindAttributesLocallyDeclaredOnly()" classname="de.uka.ilkd.key.java.TestJavaInfo" time="0.004"/>
  <system-out><![CDATA[]]></system-out>
  <system-err><![CDATA[32701      ERROR Test worker     d.u.i.k.j.KeYJPMapping    Duplicate registration of node: boolean, formerNode: /*@ pure @*/
boolean 
32779      ERROR Test worker     d.u.i.k.j.KeYJPMapping    Duplicate registration of node: /*@pure*/
int, formerNode: int 
32779      ERROR Test worker     d.u.i.k.j.KeYJPMapping    Duplicate registration of node: /*@ helper */
int, formerNode: int 
32779      ERROR Test worker     d.u.i.k.j.KeYJPMapping    Duplicate registration of node: /*@ helper */
boolean, formerNode: /*@ pure @*/
boolean 
32779      ERROR Test worker     d.u.i.k.j.KeYJPMapping    Duplicate registration of node: /*@ helper */
char, formerNode: char 
32779      ERROR Test worker     d.u.i.k.j.KeYJPMapping    Duplicate registration of node: byte[], formerNode: byte[] 
32794      ERROR Test worker     d.u.i.k.j.KeYJPMapping    Duplicate registration of node: /*@ helper */
java.lang.String, formerNode: java.lang.String 
32826      ERROR Test worker     d.u.i.k.j.KeYJPMapping    Duplicate registration of node: /*@strictly_pure*/
java.lang.String, formerNode: java.lang.String 
32841      ERROR Test worker     d.u.i.k.j.KeYJPMapping    Duplicate registration of node: /*@nullable@*/
Object, formerNode: Object 
32920      ERROR Test worker     d.u.i.k.j.KeYJPMapping    Duplicate registration of node: /*@pure@*/
String, formerNode: String 
]]></system-err>
</testsuite>
