<?xml version="1.0" encoding="UTF-8"?>
<testsuite name="de.uka.ilkd.key.symbolic_execution.testcase.po.TestProgramMethodSubsetPO" tests="12" skipped="0" failures="0" errors="0" timestamp="2023-02-02T14:06:17" hostname="fv-az370-649" time="76.675">
  <properties/>
  <testcase name="testDoSomethingElseBranch()" classname="de.uka.ilkd.key.symbolic_execution.testcase.po.TestProgramMethodSubsetPO" time="5.509"/>
  <testcase name="testDoSomethingNoReturn()" classname="de.uka.ilkd.key.symbolic_execution.testcase.po.TestProgramMethodSubsetPO" time="5.625"/>
  <testcase name="testDoSomethingIfBranch()" classname="de.uka.ilkd.key.symbolic_execution.testcase.po.TestProgramMethodSubsetPO" time="10.526"/>
  <testcase name="testDoSomethingIfWithSurroundingStatements()" classname="de.uka.ilkd.key.symbolic_execution.testcase.po.TestProgramMethodSubsetPO" time="10.915"/>
  <testcase name="testVoidMethodWithReturn()" classname="de.uka.ilkd.key.symbolic_execution.testcase.po.TestProgramMethodSubsetPO" time="5.449"/>
  <testcase name="testVoidMethodNoReturn()" classname="de.uka.ilkd.key.symbolic_execution.testcase.po.TestProgramMethodSubsetPO" time="5.425"/>
  <testcase name="testDoSomethingIf()" classname="de.uka.ilkd.key.symbolic_execution.testcase.po.TestProgramMethodSubsetPO" time="5.831"/>
  <testcase name="testDoSomethingNoReturn_Precondition()" classname="de.uka.ilkd.key.symbolic_execution.testcase.po.TestProgramMethodSubsetPO" time="5.489"/>
  <testcase name="testVoidMethodNoReturn_Precondition()" classname="de.uka.ilkd.key.symbolic_execution.testcase.po.TestProgramMethodSubsetPO" time="5.428"/>
  <testcase name="testDoSomethingWithReturn()" classname="de.uka.ilkd.key.symbolic_execution.testcase.po.TestProgramMethodSubsetPO" time="5.497"/>
  <testcase name="testDoSomethingWithReturn_Precondition()" classname="de.uka.ilkd.key.symbolic_execution.testcase.po.TestProgramMethodSubsetPO" time="5.474"/>
  <testcase name="testVoidMethodWithReturn_Precondition()" classname="de.uka.ilkd.key.symbolic_execution.testcase.po.TestProgramMethodSubsetPO" time="5.504"/>
  <system-out><![CDATA[]]></system-out>
  <system-err><![CDATA[]]></system-err>
</testsuite>
