<?xml version="1.0" encoding="UTF-8"?>
<testsuite name="de.uka.ilkd.key.gui.plugins.javac.JavaCompilerCheckFacadeTest" tests="1" skipped="0" failures="0" errors="0" timestamp="2023-06-06T10:06:26" hostname="fv-az931-692" time="2.174">
  <properties/>
  <testcase name="compile1()" classname="de.uka.ilkd.key.gui.plugins.javac.JavaCompilerCheckFacadeTest" time="2.174"/>
  <system-out><![CDATA[D:\a\key\key\key.ui\examples\firstTouch\06-BinarySearch\src
329        INFO  Test worker     d.u.i.k.g.p.j.JavaCompilerCheckFacade Javac check is triggered. To disable use property -PKEY_JAVAC_DISABLE=true 
2151       INFO  Thread-4        d.u.i.k.g.p.j.JavaCompilerCheckFacade Javac check took 1627 ms. 
]]></system-out>
  <system-err><![CDATA[]]></system-err>
</testsuite>
