<?xml version="1.0" encoding="UTF-8"?>
<testsuite name="de.uka.ilkd.key.testcase.smt.testgen.TestTestgen" tests="1" skipped="0" failures="0" errors="0" timestamp="2023-06-15T13:27:46" hostname="fv-az456-69" time="7.453">
  <properties/>
  <testcase name="testMiddle()" classname="de.uka.ilkd.key.testcase.smt.testgen.TestTestgen" time="7.453"/>
  <system-out><![CDATA[25417      WARN  Test worker     d.u.i.k.t.s.t.TestTestgen Warning: Z3_CE is not installed, tests skipped. 
25417      WARN  Test worker     d.u.i.k.t.s.t.TestTestgen Maybe use JVM system property "z3SolverPath" to define the path to the Z3 command. 
25417      INFO  Test worker     d.u.i.k.p.i.AbstractProblemLoader Loading environment from src\test\resources\testcase\smt\tg\middle.key 
25417      DEBUG Test worker     d.u.i.k.p.i.AbstractProblemLoader Environment load took 557.9ns 
25433      INFO  Test worker     d.u.i.k.p.i.AbstractProblemLoader Creating init config 
31746      DEBUG Test worker     d.u.i.k.p.i.AbstractProblemLoader Init config took 6.31s 
31888      INFO  Test worker     d.u.i.k.p.i.AbstractProblemLoader Replaying proof Middle[Middle::middle(int,int,int)].JML normal_behavior operation contract.0 
31888      DEBUG Test worker     d.u.i.k.p.i.IntermediateProofReplayer Proof replay took 19.2ns 
]]></system-out>
  <system-err><![CDATA[]]></system-err>
</testsuite>
