<?xml version="1.0" encoding="UTF-8"?>
<testsuite name="de.uka.ilkd.key.proof.proverules.ProveRulesTest" tests="198" skipped="0" failures="0" errors="0" timestamp="2023-04-18T13:36:33" hostname="fv-az400-928" time="673.367">
  <properties/>
  <testcase name="eqTermCut" classname="de.uka.ilkd.key.proof.proverules.ProveRulesTest" time="3.944"/>
  <testcase name="equivAllRight" classname="de.uka.ilkd.key.proof.proverules.ProveRulesTest" time="3.674"/>
  <testcase name="irrflConcrete1" classname="de.uka.ilkd.key.proof.proverules.ProveRulesTest" time="3.6"/>
  <testcase name="irrflConcrete2" classname="de.uka.ilkd.key.proof.proverules.ProveRulesTest" time="3.553"/>
  <testcase name="cancel_gtPos" classname="de.uka.ilkd.key.proof.proverules.ProveRulesTest" time="3.442"/>
  <testcase name="cancel_gtNeg" classname="de.uka.ilkd.key.proof.proverules.ProveRulesTest" time="3.39"/>
  <testcase name="moduloIntIsInInt" classname="de.uka.ilkd.key.proof.proverules.ProveRulesTest" time="3.37"/>
  <testcase name="moduloLongIsInLong" classname="de.uka.ilkd.key.proof.proverules.ProveRulesTest" time="3.369"/>
  <testcase name="moduloShortIsInShort" classname="de.uka.ilkd.key.proof.proverules.ProveRulesTest" time="3.344"/>
  <testcase name="moduloByteIsInByte" classname="de.uka.ilkd.key.proof.proverules.ProveRulesTest" time="3.341"/>
  <testcase name="moduloCharIsInChar" classname="de.uka.ilkd.key.proof.proverules.ProveRulesTest" time="3.333"/>
  <testcase name="div_unique1" classname="de.uka.ilkd.key.proof.proverules.ProveRulesTest" time="3.42"/>
  <testcase name="div_unique2" classname="de.uka.ilkd.key.proof.proverules.ProveRulesTest" time="3.405"/>
  <testcase name="div_exists" classname="de.uka.ilkd.key.proof.proverules.ProveRulesTest" time="3.477"/>
  <testcase name="div_one" classname="de.uka.ilkd.key.proof.proverules.ProveRulesTest" time="3.344"/>
  <testcase name="jdiv_one" classname="de.uka.ilkd.key.proof.proverules.ProveRulesTest" time="3.35"/>
  <testcase name="div_zero" classname="de.uka.ilkd.key.proof.proverules.ProveRulesTest" time="3.366"/>
  <testcase name="divResZero1" classname="de.uka.ilkd.key.proof.proverules.ProveRulesTest" time="3.333"/>
  <testcase name="divResZero2" classname="de.uka.ilkd.key.proof.proverules.ProveRulesTest" time="3.326"/>
  <testcase name="divResOne1" classname="de.uka.ilkd.key.proof.proverules.ProveRulesTest" time="3.348"/>
  <testcase name="divResOne2" classname="de.uka.ilkd.key.proof.proverules.ProveRulesTest" time="3.36"/>
  <testcase name="div_cancel1" classname="de.uka.ilkd.key.proof.proverules.ProveRulesTest" time="3.317"/>
  <testcase name="div_cancel2" classname="de.uka.ilkd.key.proof.proverules.ProveRulesTest" time="3.277"/>
  <testcase name="divAddMultDenom" classname="de.uka.ilkd.key.proof.proverules.ProveRulesTest" time="3.345"/>
  <testcase name="divMinus" classname="de.uka.ilkd.key.proof.proverules.ProveRulesTest" time="3.336"/>
  <testcase name="divMinusDenom" classname="de.uka.ilkd.key.proof.proverules.ProveRulesTest" time="3.318"/>
  <testcase name="divLeastDPos" classname="de.uka.ilkd.key.proof.proverules.ProveRulesTest" time="3.275"/>
  <testcase name="divLeastDNeg" classname="de.uka.ilkd.key.proof.proverules.ProveRulesTest" time="3.297"/>
  <testcase name="divGreatestDPos" classname="de.uka.ilkd.key.proof.proverules.ProveRulesTest" time="3.293"/>
  <testcase name="divGreatestDNeg" classname="de.uka.ilkd.key.proof.proverules.ProveRulesTest" time="3.293"/>
  <testcase name="divIncreasingPos" classname="de.uka.ilkd.key.proof.proverules.ProveRulesTest" time="3.278"/>
  <testcase name="divIncreasingNeg" classname="de.uka.ilkd.key.proof.proverules.ProveRulesTest" time="3.307"/>
  <testcase name="jdiv_zero" classname="de.uka.ilkd.key.proof.proverules.ProveRulesTest" time="3.277"/>
  <testcase name="jdivPulloutMinusNum" classname="de.uka.ilkd.key.proof.proverules.ProveRulesTest" time="3.291"/>
  <testcase name="jdivPulloutMinusDenom" classname="de.uka.ilkd.key.proof.proverules.ProveRulesTest" time="3.312"/>
  <testcase name="jdiv_uniquePosPos" classname="de.uka.ilkd.key.proof.proverules.ProveRulesTest" time="3.312"/>
  <testcase name="jdiv_uniquePosNeg" classname="de.uka.ilkd.key.proof.proverules.ProveRulesTest" time="3.29"/>
  <testcase name="jdiv_uniqueNegPos" classname="de.uka.ilkd.key.proof.proverules.ProveRulesTest" time="3.305"/>
  <testcase name="jdiv_uniqueNegNeg" classname="de.uka.ilkd.key.proof.proverules.ProveRulesTest" time="3.326"/>
  <testcase name="jdivMultDenom1" classname="de.uka.ilkd.key.proof.proverules.ProveRulesTest" time="3.312"/>
  <testcase name="jdivMultDenom2" classname="de.uka.ilkd.key.proof.proverules.ProveRulesTest" time="3.306"/>
  <testcase name="mod_geZero" classname="de.uka.ilkd.key.proof.proverules.ProveRulesTest" time="3.286"/>
  <testcase name="mod_lessDenom" classname="de.uka.ilkd.key.proof.proverules.ProveRulesTest" time="3.277"/>
  <testcase name="jmod_NumPos" classname="de.uka.ilkd.key.proof.proverules.ProveRulesTest" time="3.284"/>
  <testcase name="jmod_NumNeg" classname="de.uka.ilkd.key.proof.proverules.ProveRulesTest" time="3.306"/>
  <testcase name="jmod_geZero" classname="de.uka.ilkd.key.proof.proverules.ProveRulesTest" time="3.366"/>
  <testcase name="jmodNumZero" classname="de.uka.ilkd.key.proof.proverules.ProveRulesTest" time="3.295"/>
  <testcase name="jmod_pulloutminusNum" classname="de.uka.ilkd.key.proof.proverules.ProveRulesTest" time="3.272"/>
  <testcase name="jmod_pulloutminusDenom" classname="de.uka.ilkd.key.proof.proverules.ProveRulesTest" time="3.28"/>
  <testcase name="jmodUnique1" classname="de.uka.ilkd.key.proof.proverules.ProveRulesTest" time="3.341"/>
  <testcase name="jmodUnique2" classname="de.uka.ilkd.key.proof.proverules.ProveRulesTest" time="3.338"/>
  <testcase name="intDivRem" classname="de.uka.ilkd.key.proof.proverules.ProveRulesTest" time="3.264"/>
  <testcase name="jmodjmod" classname="de.uka.ilkd.key.proof.proverules.ProveRulesTest" time="3.337"/>
  <testcase name="jmodDivisible" classname="de.uka.ilkd.key.proof.proverules.ProveRulesTest" time="3.292"/>
  <testcase name="jmodDivisibleRep" classname="de.uka.ilkd.key.proof.proverules.ProveRulesTest" time="3.256"/>
  <testcase name="jdivAddMultDenom" classname="de.uka.ilkd.key.proof.proverules.ProveRulesTest" time="3.392"/>
  <testcase name="jmodAltZero" classname="de.uka.ilkd.key.proof.proverules.ProveRulesTest" time="3.335"/>
  <testcase name="jmodAddMultDenomZero" classname="de.uka.ilkd.key.proof.proverules.ProveRulesTest" time="3.272"/>
  <testcase name="polyDiv_zero" classname="de.uka.ilkd.key.proof.proverules.ProveRulesTest" time="3.286"/>
  <testcase name="polyMod_ltdivDenom" classname="de.uka.ilkd.key.proof.proverules.ProveRulesTest" time="3.267"/>
  <testcase name="bsum_empty" classname="de.uka.ilkd.key.proof.proverules.ProveRulesTest" time="3.267"/>
  <testcase name="bsum_induction_upper" classname="de.uka.ilkd.key.proof.proverules.ProveRulesTest" time="3.257"/>
  <testcase name="bsum_induction_lower" classname="de.uka.ilkd.key.proof.proverules.ProveRulesTest" time="3.274"/>
  <testcase name="bsum_num_of_bounds" classname="de.uka.ilkd.key.proof.proverules.ProveRulesTest" time="3.28"/>
  <testcase name="bsum_num_of_bounds2" classname="de.uka.ilkd.key.proof.proverules.ProveRulesTest" time="3.308"/>
  <testcase name="bsum_induction_upper2" classname="de.uka.ilkd.key.proof.proverules.ProveRulesTest" time="3.258"/>
  <testcase name="bsum_induction_upper_concrete" classname="de.uka.ilkd.key.proof.proverules.ProveRulesTest" time="3.249"/>
  <testcase name="bsum_induction_upper_concrete_2" classname="de.uka.ilkd.key.proof.proverules.ProveRulesTest" time="3.254"/>
  <testcase name="bsum_induction_upper2_concrete" classname="de.uka.ilkd.key.proof.proverules.ProveRulesTest" time="3.271"/>
  <testcase name="bsum_induction_lower_concrete" classname="de.uka.ilkd.key.proof.proverules.ProveRulesTest" time="3.249"/>
  <testcase name="bsum_induction_lower2" classname="de.uka.ilkd.key.proof.proverules.ProveRulesTest" time="3.25"/>
  <testcase name="bsum_induction_lower2_concrete" classname="de.uka.ilkd.key.proof.proverules.ProveRulesTest" time="3.248"/>
  <testcase name="bsum_positive" classname="de.uka.ilkd.key.proof.proverules.ProveRulesTest" time="3.319"/>
  <testcase name="bsum_upper_bound" classname="de.uka.ilkd.key.proof.proverules.ProveRulesTest" time="3.337"/>
  <testcase name="bsum_lower_bound" classname="de.uka.ilkd.key.proof.proverules.ProveRulesTest" time="3.291"/>
  <testcase name="bsum_positive_lower_bound_element" classname="de.uka.ilkd.key.proof.proverules.ProveRulesTest" time="3.293"/>
  <testcase name="bsum_sub_same_index" classname="de.uka.ilkd.key.proof.proverules.ProveRulesTest" time="3.277"/>
  <testcase name="bsum_less_same_index" classname="de.uka.ilkd.key.proof.proverules.ProveRulesTest" time="3.323"/>
  <testcase name="bsum_equal_except_one_index" classname="de.uka.ilkd.key.proof.proverules.ProveRulesTest" time="3.279"/>
  <testcase name="bsum_num_of_is_max" classname="de.uka.ilkd.key.proof.proverules.ProveRulesTest" time="3.271"/>
  <testcase name="bsum_num_of_is_max2" classname="de.uka.ilkd.key.proof.proverules.ProveRulesTest" time="3.297"/>
  <testcase name="bsum_num_of_is_max3" classname="de.uka.ilkd.key.proof.proverules.ProveRulesTest" time="3.295"/>
  <testcase name="bsum_num_of_is_max4" classname="de.uka.ilkd.key.proof.proverules.ProveRulesTest" time="3.284"/>
  <testcase name="bsum_num_of_lt_max" classname="de.uka.ilkd.key.proof.proverules.ProveRulesTest" time="3.272"/>
  <testcase name="bsum_num_of_lt_max2" classname="de.uka.ilkd.key.proof.proverules.ProveRulesTest" time="3.272"/>
  <testcase name="bsum_num_of_lt_max3" classname="de.uka.ilkd.key.proof.proverules.ProveRulesTest" time="3.318"/>
  <testcase name="bsum_num_of_lt_max4" classname="de.uka.ilkd.key.proof.proverules.ProveRulesTest" time="3.289"/>
  <testcase name="bsum_num_of_gt0" classname="de.uka.ilkd.key.proof.proverules.ProveRulesTest" time="3.278"/>
  <testcase name="bsum_num_of_gt0_alt" classname="de.uka.ilkd.key.proof.proverules.ProveRulesTest" time="3.278"/>
  <testcase name="bsum_add_concrete" classname="de.uka.ilkd.key.proof.proverules.ProveRulesTest" time="3.292"/>
  <testcase name="bprod_all_positive" classname="de.uka.ilkd.key.proof.proverules.ProveRulesTest" time="3.29"/>
  <testcase name="bprod_split" classname="de.uka.ilkd.key.proof.proverules.ProveRulesTest" time="3.258"/>
  <testcase name="powConcrete0" classname="de.uka.ilkd.key.proof.proverules.ProveRulesTest" time="3.249"/>
  <testcase name="powConcrete1" classname="de.uka.ilkd.key.proof.proverules.ProveRulesTest" time="3.273"/>
  <testcase name="powSplitFactor" classname="de.uka.ilkd.key.proof.proverules.ProveRulesTest" time="3.27"/>
  <testcase name="powAdd" classname="de.uka.ilkd.key.proof.proverules.ProveRulesTest" time="3.263"/>
  <testcase name="powMono" classname="de.uka.ilkd.key.proof.proverules.ProveRulesTest" time="3.272"/>
  <testcase name="powMonoConcrete" classname="de.uka.ilkd.key.proof.proverules.ProveRulesTest" time="3.276"/>
  <testcase name="powMonoConcreteRight" classname="de.uka.ilkd.key.proof.proverules.ProveRulesTest" time="3.259"/>
  <testcase name="powPositive" classname="de.uka.ilkd.key.proof.proverules.ProveRulesTest" time="3.26"/>
  <testcase name="powPositiveConcrete" classname="de.uka.ilkd.key.proof.proverules.ProveRulesTest" time="3.261"/>
  <testcase name="powGeq1Concrete" classname="de.uka.ilkd.key.proof.proverules.ProveRulesTest" time="3.287"/>
  <testcase name="pow2InIntLower" classname="de.uka.ilkd.key.proof.proverules.ProveRulesTest" time="3.263"/>
  <testcase name="pow2InIntUpper" classname="de.uka.ilkd.key.proof.proverules.ProveRulesTest" time="3.256"/>
  <testcase name="logSelfConcrete" classname="de.uka.ilkd.key.proof.proverules.ProveRulesTest" time="3.269"/>
  <testcase name="log1Concrete" classname="de.uka.ilkd.key.proof.proverules.ProveRulesTest" time="3.278"/>
  <testcase name="logProduct" classname="de.uka.ilkd.key.proof.proverules.ProveRulesTest" time="3.267"/>
  <testcase name="logTimesBaseConcrete" classname="de.uka.ilkd.key.proof.proverules.ProveRulesTest" time="3.263"/>
  <testcase name="logProdIdentity" classname="de.uka.ilkd.key.proof.proverules.ProveRulesTest" time="3.278"/>
  <testcase name="logProdIdentityConcrete" classname="de.uka.ilkd.key.proof.proverules.ProveRulesTest" time="3.254"/>
  <testcase name="logPowIdentity" classname="de.uka.ilkd.key.proof.proverules.ProveRulesTest" time="3.281"/>
  <testcase name="logPowIdentityConcrete" classname="de.uka.ilkd.key.proof.proverules.ProveRulesTest" time="3.27"/>
  <testcase name="logPositive" classname="de.uka.ilkd.key.proof.proverules.ProveRulesTest" time="3.262"/>
  <testcase name="logPositiveConcrete" classname="de.uka.ilkd.key.proof.proverules.ProveRulesTest" time="3.257"/>
  <testcase name="logMono" classname="de.uka.ilkd.key.proof.proverules.ProveRulesTest" time="3.297"/>
  <testcase name="logMonoConcrete" classname="de.uka.ilkd.key.proof.proverules.ProveRulesTest" time="3.264"/>
  <testcase name="powLogLess" classname="de.uka.ilkd.key.proof.proverules.ProveRulesTest" time="3.271"/>
  <testcase name="powLogMore2" classname="de.uka.ilkd.key.proof.proverules.ProveRulesTest" time="3.296"/>
  <testcase name="logLessThanPow" classname="de.uka.ilkd.key.proof.proverules.ProveRulesTest" time="3.299"/>
  <testcase name="logLessThanPowConcrete" classname="de.uka.ilkd.key.proof.proverules.ProveRulesTest" time="3.257"/>
  <testcase name="logSqueeze" classname="de.uka.ilkd.key.proof.proverules.ProveRulesTest" time="3.274"/>
  <testcase name="ifthenelse_equals" classname="de.uka.ilkd.key.proof.proverules.ProveRulesTest" time="3.26"/>
  <testcase name="ifthenelse_equals_1" classname="de.uka.ilkd.key.proof.proverules.ProveRulesTest" time="3.263"/>
  <testcase name="ifthenelse_equals_2" classname="de.uka.ilkd.key.proof.proverules.ProveRulesTest" time="3.293"/>
  <testcase name="disjointWithSingleton1" classname="de.uka.ilkd.key.proof.proverules.ProveRulesTest" time="3.265"/>
  <testcase name="disjointWithSingleton2" classname="de.uka.ilkd.key.proof.proverules.ProveRulesTest" time="3.262"/>
  <testcase name="disjointArrayRanges" classname="de.uka.ilkd.key.proof.proverules.ProveRulesTest" time="3.286"/>
  <testcase name="disjointArrayRangeAllFields1" classname="de.uka.ilkd.key.proof.proverules.ProveRulesTest" time="3.273"/>
  <testcase name="disjointArrayRangeAllFields2" classname="de.uka.ilkd.key.proof.proverules.ProveRulesTest" time="3.287"/>
  <testcase name="seqSelfDefinition" classname="de.uka.ilkd.key.proof.proverules.ProveRulesTest" time="3.321"/>
  <testcase name="seqOutsideValue" classname="de.uka.ilkd.key.proof.proverules.ProveRulesTest" time="3.287"/>
  <testcase name="castedGetAny" classname="de.uka.ilkd.key.proof.proverules.ProveRulesTest" time="3.27"/>
  <testcase name="seqGetAlphaCast" classname="de.uka.ilkd.key.proof.proverules.ProveRulesTest" time="3.266"/>
  <testcase name="getOfSeqSingleton" classname="de.uka.ilkd.key.proof.proverules.ProveRulesTest" time="3.283"/>
  <testcase name="getOfSeqSingletonConcrete" classname="de.uka.ilkd.key.proof.proverules.ProveRulesTest" time="3.26"/>
  <testcase name="getOfSeqConcat" classname="de.uka.ilkd.key.proof.proverules.ProveRulesTest" time="3.293"/>
  <testcase name="getOfSeqSub" classname="de.uka.ilkd.key.proof.proverules.ProveRulesTest" time="3.271"/>
  <testcase name="getOfSeqReverse" classname="de.uka.ilkd.key.proof.proverules.ProveRulesTest" time="3.302"/>
  <testcase name="lenOfSeqEmpty" classname="de.uka.ilkd.key.proof.proverules.ProveRulesTest" time="3.27"/>
  <testcase name="lenOfSeqSingleton" classname="de.uka.ilkd.key.proof.proverules.ProveRulesTest" time="3.281"/>
  <testcase name="lenOfSeqConcat" classname="de.uka.ilkd.key.proof.proverules.ProveRulesTest" time="3.271"/>
  <testcase name="lenOfSeqSub" classname="de.uka.ilkd.key.proof.proverules.ProveRulesTest" time="3.287"/>
  <testcase name="lenOfSeqReverse" classname="de.uka.ilkd.key.proof.proverules.ProveRulesTest" time="3.28"/>
  <testcase name="equalityToSeqGetAndSeqLenLeft" classname="de.uka.ilkd.key.proof.proverules.ProveRulesTest" time="3.264"/>
  <testcase name="equalityToSeqGetAndSeqLenRight" classname="de.uka.ilkd.key.proof.proverules.ProveRulesTest" time="3.282"/>
  <testcase name="getOfSeqSingletonEQ" classname="de.uka.ilkd.key.proof.proverules.ProveRulesTest" time="3.269"/>
  <testcase name="getOfSeqConcatEQ" classname="de.uka.ilkd.key.proof.proverules.ProveRulesTest" time="3.293"/>
  <testcase name="getOfSeqSubEQ" classname="de.uka.ilkd.key.proof.proverules.ProveRulesTest" time="3.286"/>
  <testcase name="getOfSeqReverseEQ" classname="de.uka.ilkd.key.proof.proverules.ProveRulesTest" time="3.269"/>
  <testcase name="lenOfSeqEmptyEQ" classname="de.uka.ilkd.key.proof.proverules.ProveRulesTest" time="3.286"/>
  <testcase name="lenOfSeqSingletonEQ" classname="de.uka.ilkd.key.proof.proverules.ProveRulesTest" time="3.288"/>
  <testcase name="lenOfSeqConcatEQ" classname="de.uka.ilkd.key.proof.proverules.ProveRulesTest" time="3.273"/>
  <testcase name="lenOfSeqSubEQ" classname="de.uka.ilkd.key.proof.proverules.ProveRulesTest" time="3.28"/>
  <testcase name="lenOfSeqReverseEQ" classname="de.uka.ilkd.key.proof.proverules.ProveRulesTest" time="3.287"/>
  <testcase name="getOfSeqDefEQ" classname="de.uka.ilkd.key.proof.proverules.ProveRulesTest" time="3.265"/>
  <testcase name="lenOfSeqDefEQ" classname="de.uka.ilkd.key.proof.proverules.ProveRulesTest" time="3.286"/>
  <testcase name="seqConcatWithSeqEmpty1" classname="de.uka.ilkd.key.proof.proverules.ProveRulesTest" time="3.302"/>
  <testcase name="seqConcatWithSeqEmpty2" classname="de.uka.ilkd.key.proof.proverules.ProveRulesTest" time="3.281"/>
  <testcase name="seqReverseOfSeqEmpty" classname="de.uka.ilkd.key.proof.proverules.ProveRulesTest" time="3.315"/>
  <testcase name="subSeqComplete" classname="de.uka.ilkd.key.proof.proverules.ProveRulesTest" time="3.294"/>
  <testcase name="subSeqTailR" classname="de.uka.ilkd.key.proof.proverules.ProveRulesTest" time="3.309"/>
  <testcase name="subSeqTailL" classname="de.uka.ilkd.key.proof.proverules.ProveRulesTest" time="3.303"/>
  <testcase name="subSeqTailEQR" classname="de.uka.ilkd.key.proof.proverules.ProveRulesTest" time="3.295"/>
  <testcase name="subSeqTailEQL" classname="de.uka.ilkd.key.proof.proverules.ProveRulesTest" time="3.293"/>
  <testcase name="seqDef_split" classname="de.uka.ilkd.key.proof.proverules.ProveRulesTest" time="3.31"/>
  <testcase name="seqDef_induction_upper" classname="de.uka.ilkd.key.proof.proverules.ProveRulesTest" time="3.33"/>
  <testcase name="seqDef_induction_upper_concrete" classname="de.uka.ilkd.key.proof.proverules.ProveRulesTest" time="3.326"/>
  <testcase name="seqDef_induction_lower" classname="de.uka.ilkd.key.proof.proverules.ProveRulesTest" time="3.317"/>
  <testcase name="seqDef_induction_lower_concrete" classname="de.uka.ilkd.key.proof.proverules.ProveRulesTest" time="3.33"/>
  <testcase name="seqDef_split_in_three" classname="de.uka.ilkd.key.proof.proverules.ProveRulesTest" time="3.398"/>
  <testcase name="seqDef_empty" classname="de.uka.ilkd.key.proof.proverules.ProveRulesTest" time="3.293"/>
  <testcase name="seqDef_one_summand" classname="de.uka.ilkd.key.proof.proverules.ProveRulesTest" time="3.295"/>
  <testcase name="seqDef_lower_equals_upper" classname="de.uka.ilkd.key.proof.proverules.ProveRulesTest" time="3.267"/>
  <testcase name="seqDefOfSeq" classname="de.uka.ilkd.key.proof.proverules.ProveRulesTest" time="3.296"/>
  <testcase name="seqSelfDefinitionEQ2" classname="de.uka.ilkd.key.proof.proverules.ProveRulesTest" time="3.288"/>
  <testcase name="indexOfSeqSingleton" classname="de.uka.ilkd.key.proof.proverules.ProveRulesTest" time="3.28"/>
  <testcase name="indexOfSeqConcatFirst" classname="de.uka.ilkd.key.proof.proverules.ProveRulesTest" time="3.291"/>
  <testcase name="indexOfSeqConcatSecond" classname="de.uka.ilkd.key.proof.proverules.ProveRulesTest" time="3.298"/>
  <testcase name="indexOfSeqSub" classname="de.uka.ilkd.key.proof.proverules.ProveRulesTest" time="3.294"/>
  <testcase name="lenOfArray2seq" classname="de.uka.ilkd.key.proof.proverules.ProveRulesTest" time="3.284"/>
  <testcase name="getAnyOfArray2seq" classname="de.uka.ilkd.key.proof.proverules.ProveRulesTest" time="3.287"/>
  <testcase name="getOfArray2seq" classname="de.uka.ilkd.key.proof.proverules.ProveRulesTest" time="3.297"/>
  <testcase name="getAnyOfNPermInv" classname="de.uka.ilkd.key.proof.proverules.ProveRulesTest" time="3.283"/>
  <testcase name="seqNPermRange" classname="de.uka.ilkd.key.proof.proverules.ProveRulesTest" time="3.346"/>
  <testcase name="seqPermTrans" classname="de.uka.ilkd.key.proof.proverules.ProveRulesTest" time="3.307"/>
  <testcase name="seqPermRefl" classname="de.uka.ilkd.key.proof.proverules.ProveRulesTest" time="3.294"/>
  <testcase name="seqPermSplit" classname="de.uka.ilkd.key.proof.proverules.ProveRulesTest" time="3.283"/>
  <testcase name="seqNPermRight" classname="de.uka.ilkd.key.proof.proverules.ProveRulesTest" time="3.472"/>
  <testcase name="seqPermFromSwap" classname="de.uka.ilkd.key.proof.proverules.ProveRulesTest" time="3.378"/>
  <testcase name="seqPermTransAlt0" classname="de.uka.ilkd.key.proof.proverules.ProveRulesTest" time="3.28"/>
  <testcase name="seqPermTransAlt1" classname="de.uka.ilkd.key.proof.proverules.ProveRulesTest" time="3.283"/>
  <testcase name="seqPermTransAlt2" classname="de.uka.ilkd.key.proof.proverules.ProveRulesTest" time="3.279"/>
  <testcase name="seqPermTransAlt3" classname="de.uka.ilkd.key.proof.proverules.ProveRulesTest" time="3.274"/>
  <testcase name="seqPermForall" classname="de.uka.ilkd.key.proof.proverules.ProveRulesTest" time="3.403"/>
  <testcase name="seqPermExists" classname="de.uka.ilkd.key.proof.proverules.ProveRulesTest" time="3.347"/>
  <testcase name="schiffl_lemma_2" classname="de.uka.ilkd.key.proof.proverules.ProveRulesTest" time="21.331"/>
  <testcase name="schiffl_thm_1" classname="de.uka.ilkd.key.proof.proverules.ProveRulesTest" time="4.007"/>
  <testcase name="eqSameSeq" classname="de.uka.ilkd.key.proof.proverules.ProveRulesTest" time="3.421"/>
  <system-out><![CDATA[511        WARN  Test worker     d.u.i.k.s.ProofSettings   No proof-settings could be loaded, using defaults java.io.FileNotFoundException: /home/runner/.key/proof-settings.props (No such file or directory)
	at java.base/java.io.FileInputStream.open0(Native Method)

11108      INFO  Test worker     d.u.i.k.t.l.TacletProofObligationInput Proof obligation for taclet: eqTermCut 
14909      INFO  Test worker     d.u.i.k.t.l.TacletProofObligationInput Proof obligation for taclet: equivAllRight 
18533      INFO  Test worker     d.u.i.k.t.l.TacletProofObligationInput Proof obligation for taclet: irrflConcrete1 
22087      INFO  Test worker     d.u.i.k.t.l.TacletProofObligationInput Proof obligation for taclet: irrflConcrete2 
25503      INFO  Test worker     d.u.i.k.t.l.TacletProofObligationInput Proof obligation for taclet: cancel_gtPos 
28960      INFO  Test worker     d.u.i.k.t.l.TacletProofObligationInput Proof obligation for taclet: cancel_gtNeg 
32350      INFO  Test worker     d.u.i.k.t.l.TacletProofObligationInput Proof obligation for taclet: moduloIntIsInInt 
35714      INFO  Test worker     d.u.i.k.t.l.TacletProofObligationInput Proof obligation for taclet: moduloLongIsInLong 
39055      INFO  Test worker     d.u.i.k.t.l.TacletProofObligationInput Proof obligation for taclet: moduloShortIsInShort 
42397      INFO  Test worker     d.u.i.k.t.l.TacletProofObligationInput Proof obligation for taclet: moduloByteIsInByte 
45753      INFO  Test worker     d.u.i.k.t.l.TacletProofObligationInput Proof obligation for taclet: moduloCharIsInChar 
49091      INFO  Test worker     d.u.i.k.t.l.TacletProofObligationInput Proof obligation for taclet: div_unique1 
52487      INFO  Test worker     d.u.i.k.t.l.TacletProofObligationInput Proof obligation for taclet: div_unique2 
55876      INFO  Test worker     d.u.i.k.t.l.TacletProofObligationInput Proof obligation for taclet: div_exists 
59410      INFO  Test worker     d.u.i.k.t.l.TacletProofObligationInput Proof obligation for taclet: div_one 
62748      INFO  Test worker     d.u.i.k.t.l.TacletProofObligationInput Proof obligation for taclet: jdiv_one 
66043      INFO  Test worker     d.u.i.k.t.l.TacletProofObligationInput Proof obligation for taclet: div_zero 
69428      INFO  Test worker     d.u.i.k.t.l.TacletProofObligationInput Proof obligation for taclet: divResZero1 
72765      INFO  Test worker     d.u.i.k.t.l.TacletProofObligationInput Proof obligation for taclet: divResZero2 
76103      INFO  Test worker     d.u.i.k.t.l.TacletProofObligationInput Proof obligation for taclet: divResOne1 
79462      INFO  Test worker     d.u.i.k.t.l.TacletProofObligationInput Proof obligation for taclet: divResOne2 
82765      INFO  Test worker     d.u.i.k.t.l.TacletProofObligationInput Proof obligation for taclet: div_cancel1 
86102      INFO  Test worker     d.u.i.k.t.l.TacletProofObligationInput Proof obligation for taclet: div_cancel2 
89383      INFO  Test worker     d.u.i.k.t.l.TacletProofObligationInput Proof obligation for taclet: divAddMultDenom 
92709      INFO  Test worker     d.u.i.k.t.l.TacletProofObligationInput Proof obligation for taclet: divMinus 
96042      INFO  Test worker     d.u.i.k.t.l.TacletProofObligationInput Proof obligation for taclet: divMinusDenom 
99375      INFO  Test worker     d.u.i.k.t.l.TacletProofObligationInput Proof obligation for taclet: divLeastDPos 
102644     INFO  Test worker     d.u.i.k.t.l.TacletProofObligationInput Proof obligation for taclet: divLeastDNeg 
105926     INFO  Test worker     d.u.i.k.t.l.TacletProofObligationInput Proof obligation for taclet: divGreatestDPos 
109229     INFO  Test worker     d.u.i.k.t.l.TacletProofObligationInput Proof obligation for taclet: divGreatestDNeg 
112531     INFO  Test worker     d.u.i.k.t.l.TacletProofObligationInput Proof obligation for taclet: divIncreasingPos 
115819     INFO  Test worker     d.u.i.k.t.l.TacletProofObligationInput Proof obligation for taclet: divIncreasingNeg 
119100     INFO  Test worker     d.u.i.k.t.l.TacletProofObligationInput Proof obligation for taclet: jdiv_zero 
122387     INFO  Test worker     d.u.i.k.t.l.TacletProofObligationInput Proof obligation for taclet: jdivPulloutMinusNum 
125663     INFO  Test worker     d.u.i.k.t.l.TacletProofObligationInput Proof obligation for taclet: jdivPulloutMinusDenom 
128997     INFO  Test worker     d.u.i.k.t.l.TacletProofObligationInput Proof obligation for taclet: jdiv_uniquePosPos 
132286     INFO  Test worker     d.u.i.k.t.l.TacletProofObligationInput Proof obligation for taclet: jdiv_uniquePosNeg 
135593     INFO  Test worker     d.u.i.k.t.l.TacletProofObligationInput Proof obligation for taclet: jdiv_uniqueNegPos 
138926     INFO  Test worker     d.u.i.k.t.l.TacletProofObligationInput Proof obligation for taclet: jdiv_uniqueNegNeg 
142229     INFO  Test worker     d.u.i.k.t.l.TacletProofObligationInput Proof obligation for taclet: jdivMultDenom1 
145556     INFO  Test worker     d.u.i.k.t.l.TacletProofObligationInput Proof obligation for taclet: jdivMultDenom2 
148837     INFO  Test worker     d.u.i.k.t.l.TacletProofObligationInput Proof obligation for taclet: mod_geZero 
152106     INFO  Test worker     d.u.i.k.t.l.TacletProofObligationInput Proof obligation for taclet: mod_lessDenom 
155412     INFO  Test worker     d.u.i.k.t.l.TacletProofObligationInput Proof obligation for taclet: jmod_NumPos 
158695     INFO  Test worker     d.u.i.k.t.l.TacletProofObligationInput Proof obligation for taclet: jmod_NumNeg 
162072     INFO  Test worker     d.u.i.k.t.l.TacletProofObligationInput Proof obligation for taclet: jmod_geZero 
165339     INFO  Test worker     d.u.i.k.t.l.TacletProofObligationInput Proof obligation for taclet: jmodNumZero 
168666     INFO  Test worker     d.u.i.k.t.l.TacletProofObligationInput Proof obligation for taclet: jmod_pulloutminusNum 
171926     INFO  Test worker     d.u.i.k.t.l.TacletProofObligationInput Proof obligation for taclet: jmod_pulloutminusDenom 
175192     INFO  Test worker     d.u.i.k.t.l.TacletProofObligationInput Proof obligation for taclet: jmodUnique1 
178532     INFO  Test worker     d.u.i.k.t.l.TacletProofObligationInput Proof obligation for taclet: jmodUnique2 
181891     INFO  Test worker     d.u.i.k.t.l.TacletProofObligationInput Proof obligation for taclet: intDivRem 
185174     INFO  Test worker     d.u.i.k.t.l.TacletProofObligationInput Proof obligation for taclet: jmodjmod 
188471     INFO  Test worker     d.u.i.k.t.l.TacletProofObligationInput Proof obligation for taclet: jmodDivisible 
191752     INFO  Test worker     d.u.i.k.t.l.TacletProofObligationInput Proof obligation for taclet: jmodDivisibleRep 
195036     INFO  Test worker     d.u.i.k.t.l.TacletProofObligationInput Proof obligation for taclet: jdivAddMultDenom 
198464     INFO  Test worker     d.u.i.k.t.l.TacletProofObligationInput Proof obligation for taclet: jmodAltZero 
201744     INFO  Test worker     d.u.i.k.t.l.TacletProofObligationInput Proof obligation for taclet: jmodAddMultDenomZero 
205026     INFO  Test worker     d.u.i.k.t.l.TacletProofObligationInput Proof obligation for taclet: polyDiv_zero 
208319     INFO  Test worker     d.u.i.k.t.l.TacletProofObligationInput Proof obligation for taclet: polyMod_ltdivDenom 
211575     INFO  Test worker     d.u.i.k.t.l.TacletProofObligationInput Proof obligation for taclet: bsum_empty 
214828     INFO  Test worker     d.u.i.k.t.l.TacletProofObligationInput Proof obligation for taclet: bsum_induction_upper 
218084     INFO  Test worker     d.u.i.k.t.l.TacletProofObligationInput Proof obligation for taclet: bsum_induction_lower 
221391     INFO  Test worker     d.u.i.k.t.l.TacletProofObligationInput Proof obligation for taclet: bsum_num_of_bounds 
224682     INFO  Test worker     d.u.i.k.t.l.TacletProofObligationInput Proof obligation for taclet: bsum_num_of_bounds2 
227950     INFO  Test worker     d.u.i.k.t.l.TacletProofObligationInput Proof obligation for taclet: bsum_induction_upper2 
231200     INFO  Test worker     d.u.i.k.t.l.TacletProofObligationInput Proof obligation for taclet: bsum_induction_upper_concrete 
234474     INFO  Test worker     d.u.i.k.t.l.TacletProofObligationInput Proof obligation for taclet: bsum_induction_upper_concrete_2 
237725     INFO  Test worker     d.u.i.k.t.l.TacletProofObligationInput Proof obligation for taclet: bsum_induction_upper2_concrete 
240976     INFO  Test worker     d.u.i.k.t.l.TacletProofObligationInput Proof obligation for taclet: bsum_induction_lower_concrete 
244224     INFO  Test worker     d.u.i.k.t.l.TacletProofObligationInput Proof obligation for taclet: bsum_induction_lower2 
247475     INFO  Test worker     d.u.i.k.t.l.TacletProofObligationInput Proof obligation for taclet: bsum_induction_lower2_concrete 
250748     INFO  Test worker     d.u.i.k.t.l.TacletProofObligationInput Proof obligation for taclet: bsum_positive 
254092     INFO  Test worker     d.u.i.k.t.l.TacletProofObligationInput Proof obligation for taclet: bsum_upper_bound 
257385     INFO  Test worker     d.u.i.k.t.l.TacletProofObligationInput Proof obligation for taclet: bsum_lower_bound 
260673     INFO  Test worker     d.u.i.k.t.l.TacletProofObligationInput Proof obligation for taclet: bsum_positive_lower_bound_element 
263987     INFO  Test worker     d.u.i.k.t.l.TacletProofObligationInput Proof obligation for taclet: bsum_sub_same_index 
267265     INFO  Test worker     d.u.i.k.t.l.TacletProofObligationInput Proof obligation for taclet: bsum_less_same_index 
270569     INFO  Test worker     d.u.i.k.t.l.TacletProofObligationInput Proof obligation for taclet: bsum_equal_except_one_index 
273846     INFO  Test worker     d.u.i.k.t.l.TacletProofObligationInput Proof obligation for taclet: bsum_num_of_is_max 
277162     INFO  Test worker     d.u.i.k.t.l.TacletProofObligationInput Proof obligation for taclet: bsum_num_of_is_max2 
280440     INFO  Test worker     d.u.i.k.t.l.TacletProofObligationInput Proof obligation for taclet: bsum_num_of_is_max3 
283708     INFO  Test worker     d.u.i.k.t.l.TacletProofObligationInput Proof obligation for taclet: bsum_num_of_is_max4 
286992     INFO  Test worker     d.u.i.k.t.l.TacletProofObligationInput Proof obligation for taclet: bsum_num_of_lt_max 
290286     INFO  Test worker     d.u.i.k.t.l.TacletProofObligationInput Proof obligation for taclet: bsum_num_of_lt_max2 
293581     INFO  Test worker     d.u.i.k.t.l.TacletProofObligationInput Proof obligation for taclet: bsum_num_of_lt_max3 
296874     INFO  Test worker     d.u.i.k.t.l.TacletProofObligationInput Proof obligation for taclet: bsum_num_of_lt_max4 
300151     INFO  Test worker     d.u.i.k.t.l.TacletProofObligationInput Proof obligation for taclet: bsum_num_of_gt0 
303451     INFO  Test worker     d.u.i.k.t.l.TacletProofObligationInput Proof obligation for taclet: bsum_num_of_gt0_alt 
306732     INFO  Test worker     d.u.i.k.t.l.TacletProofObligationInput Proof obligation for taclet: bsum_add_concrete 
310010     INFO  Test worker     d.u.i.k.t.l.TacletProofObligationInput Proof obligation for taclet: bprod_all_positive 
313289     INFO  Test worker     d.u.i.k.t.l.TacletProofObligationInput Proof obligation for taclet: bprod_split 
316562     INFO  Test worker     d.u.i.k.t.l.TacletProofObligationInput Proof obligation for taclet: powConcrete0 
319813     INFO  Test worker     d.u.i.k.t.l.TacletProofObligationInput Proof obligation for taclet: powConcrete1 
323071     INFO  Test worker     d.u.i.k.t.l.TacletProofObligationInput Proof obligation for taclet: powSplitFactor 
326336     INFO  Test worker     d.u.i.k.t.l.TacletProofObligationInput Proof obligation for taclet: powAdd 
329631     INFO  Test worker     d.u.i.k.t.l.TacletProofObligationInput Proof obligation for taclet: powMono 
332892     INFO  Test worker     d.u.i.k.t.l.TacletProofObligationInput Proof obligation for taclet: powMonoConcrete 
336154     INFO  Test worker     d.u.i.k.t.l.TacletProofObligationInput Proof obligation for taclet: powMonoConcreteRight 
339410     INFO  Test worker     d.u.i.k.t.l.TacletProofObligationInput Proof obligation for taclet: powPositive 
342696     INFO  Test worker     d.u.i.k.t.l.TacletProofObligationInput Proof obligation for taclet: powPositiveConcrete 
345960     INFO  Test worker     d.u.i.k.t.l.TacletProofObligationInput Proof obligation for taclet: powGeq1Concrete 
349225     INFO  Test worker     d.u.i.k.t.l.TacletProofObligationInput Proof obligation for taclet: pow2InIntLower 
352475     INFO  Test worker     d.u.i.k.t.l.TacletProofObligationInput Proof obligation for taclet: pow2InIntUpper 
355765     INFO  Test worker     d.u.i.k.t.l.TacletProofObligationInput Proof obligation for taclet: logSelfConcrete 
359020     INFO  Test worker     d.u.i.k.t.l.TacletProofObligationInput Proof obligation for taclet: log1Concrete 
362290     INFO  Test worker     d.u.i.k.t.l.TacletProofObligationInput Proof obligation for taclet: logProduct 
365551     INFO  Test worker     d.u.i.k.t.l.TacletProofObligationInput Proof obligation for taclet: logTimesBaseConcrete 
368821     INFO  Test worker     d.u.i.k.t.l.TacletProofObligationInput Proof obligation for taclet: logProdIdentity 
372111     INFO  Test worker     d.u.i.k.t.l.TacletProofObligationInput Proof obligation for taclet: logProdIdentityConcrete 
375366     INFO  Test worker     d.u.i.k.t.l.TacletProofObligationInput Proof obligation for taclet: logPowIdentity 
378632     INFO  Test worker     d.u.i.k.t.l.TacletProofObligationInput Proof obligation for taclet: logPowIdentityConcrete 
381888     INFO  Test worker     d.u.i.k.t.l.TacletProofObligationInput Proof obligation for taclet: logPositive 
385179     INFO  Test worker     d.u.i.k.t.l.TacletProofObligationInput Proof obligation for taclet: logPositiveConcrete 
388426     INFO  Test worker     d.u.i.k.t.l.TacletProofObligationInput Proof obligation for taclet: logMono 
391711     INFO  Test worker     d.u.i.k.t.l.TacletProofObligationInput Proof obligation for taclet: logMonoConcrete 
394996     INFO  Test worker     d.u.i.k.t.l.TacletProofObligationInput Proof obligation for taclet: powLogLess 
398270     INFO  Test worker     d.u.i.k.t.l.TacletProofObligationInput Proof obligation for taclet: powLogMore2 
401564     INFO  Test worker     d.u.i.k.t.l.TacletProofObligationInput Proof obligation for taclet: logLessThanPow 
404863     INFO  Test worker     d.u.i.k.t.l.TacletProofObligationInput Proof obligation for taclet: logLessThanPowConcrete 
408115     INFO  Test worker     d.u.i.k.t.l.TacletProofObligationInput Proof obligation for taclet: logSqueeze 
411373     INFO  Test worker     d.u.i.k.t.l.TacletProofObligationInput Proof obligation for taclet: ifthenelse_equals 
414659     INFO  Test worker     d.u.i.k.t.l.TacletProofObligationInput Proof obligation for taclet: ifthenelse_equals_1 
417927     INFO  Test worker     d.u.i.k.t.l.TacletProofObligationInput Proof obligation for taclet: ifthenelse_equals_2 
421192     INFO  Test worker     d.u.i.k.t.l.TacletProofObligationInput Proof obligation for taclet: disjointWithSingleton1 
424476     INFO  Test worker     d.u.i.k.t.l.TacletProofObligationInput Proof obligation for taclet: disjointWithSingleton2 
427731     INFO  Test worker     d.u.i.k.t.l.TacletProofObligationInput Proof obligation for taclet: disjointArrayRanges 
431005     INFO  Test worker     d.u.i.k.t.l.TacletProofObligationInput Proof obligation for taclet: disjointArrayRangeAllFields1 
434294     INFO  Test worker     d.u.i.k.t.l.TacletProofObligationInput Proof obligation for taclet: disjointArrayRangeAllFields2 
437606     INFO  Test worker     d.u.i.k.t.l.TacletProofObligationInput Proof obligation for taclet: seqSelfDefinition 
440901     INFO  Test worker     d.u.i.k.t.l.TacletProofObligationInput Proof obligation for taclet: seqOutsideValue 
444170     INFO  Test worker     d.u.i.k.t.l.TacletProofObligationInput Proof obligation for taclet: castedGetAny 
447461     INFO  Test worker     d.u.i.k.t.l.TacletProofObligationInput Proof obligation for taclet: seqGetAlphaCast 
450725     INFO  Test worker     d.u.i.k.t.l.TacletProofObligationInput Proof obligation for taclet: getOfSeqSingleton 
454006     INFO  Test worker     d.u.i.k.t.l.TacletProofObligationInput Proof obligation for taclet: getOfSeqSingletonConcrete 
457268     INFO  Test worker     d.u.i.k.t.l.TacletProofObligationInput Proof obligation for taclet: getOfSeqConcat 
460566     INFO  Test worker     d.u.i.k.t.l.TacletProofObligationInput Proof obligation for taclet: getOfSeqSub 
463847     INFO  Test worker     d.u.i.k.t.l.TacletProofObligationInput Proof obligation for taclet: getOfSeqReverse 
467135     INFO  Test worker     d.u.i.k.t.l.TacletProofObligationInput Proof obligation for taclet: lenOfSeqEmpty 
470402     INFO  Test worker     d.u.i.k.t.l.TacletProofObligationInput Proof obligation for taclet: lenOfSeqSingleton 
473688     INFO  Test worker     d.u.i.k.t.l.TacletProofObligationInput Proof obligation for taclet: lenOfSeqConcat 
476957     INFO  Test worker     d.u.i.k.t.l.TacletProofObligationInput Proof obligation for taclet: lenOfSeqSub 
480239     INFO  Test worker     d.u.i.k.t.l.TacletProofObligationInput Proof obligation for taclet: lenOfSeqReverse 
483502     INFO  Test worker     d.u.i.k.t.l.TacletProofObligationInput Proof obligation for taclet: equalityToSeqGetAndSeqLenLeft 
486783     INFO  Test worker     d.u.i.k.t.l.TacletProofObligationInput Proof obligation for taclet: equalityToSeqGetAndSeqLenRight 
490053     INFO  Test worker     d.u.i.k.t.l.TacletProofObligationInput Proof obligation for taclet: getOfSeqSingletonEQ 
493338     INFO  Test worker     d.u.i.k.t.l.TacletProofObligationInput Proof obligation for taclet: getOfSeqConcatEQ 
496632     INFO  Test worker     d.u.i.k.t.l.TacletProofObligationInput Proof obligation for taclet: getOfSeqSubEQ 
499898     INFO  Test worker     d.u.i.k.t.l.TacletProofObligationInput Proof obligation for taclet: getOfSeqReverseEQ 
503185     INFO  Test worker     d.u.i.k.t.l.TacletProofObligationInput Proof obligation for taclet: lenOfSeqEmptyEQ 
506472     INFO  Test worker     d.u.i.k.t.l.TacletProofObligationInput Proof obligation for taclet: lenOfSeqSingletonEQ 
509747     INFO  Test worker     d.u.i.k.t.l.TacletProofObligationInput Proof obligation for taclet: lenOfSeqConcatEQ 
513028     INFO  Test worker     d.u.i.k.t.l.TacletProofObligationInput Proof obligation for taclet: lenOfSeqSubEQ 
516315     INFO  Test worker     d.u.i.k.t.l.TacletProofObligationInput Proof obligation for taclet: lenOfSeqReverseEQ 
519581     INFO  Test worker     d.u.i.k.t.l.TacletProofObligationInput Proof obligation for taclet: getOfSeqDefEQ 
522864     INFO  Test worker     d.u.i.k.t.l.TacletProofObligationInput Proof obligation for taclet: lenOfSeqDefEQ 
526154     INFO  Test worker     d.u.i.k.t.l.TacletProofObligationInput Proof obligation for taclet: seqConcatWithSeqEmpty1 
529457     INFO  Test worker     d.u.i.k.t.l.TacletProofObligationInput Proof obligation for taclet: seqConcatWithSeqEmpty2 
532737     INFO  Test worker     d.u.i.k.t.l.TacletProofObligationInput Proof obligation for taclet: seqReverseOfSeqEmpty 
536051     INFO  Test worker     d.u.i.k.t.l.TacletProofObligationInput Proof obligation for taclet: subSeqComplete 
539345     INFO  Test worker     d.u.i.k.t.l.TacletProofObligationInput Proof obligation for taclet: subSeqTailR 
542649     INFO  Test worker     d.u.i.k.t.l.TacletProofObligationInput Proof obligation for taclet: subSeqTailL 
545963     INFO  Test worker     d.u.i.k.t.l.TacletProofObligationInput Proof obligation for taclet: subSeqTailEQR 
549247     INFO  Test worker     d.u.i.k.t.l.TacletProofObligationInput Proof obligation for taclet: subSeqTailEQL 
552541     INFO  Test worker     d.u.i.k.t.l.TacletProofObligationInput Proof obligation for taclet: seqDef_split 
555852     INFO  Test worker     d.u.i.k.t.l.TacletProofObligationInput Proof obligation for taclet: seqDef_induction_upper 
559189     INFO  Test worker     d.u.i.k.t.l.TacletProofObligationInput Proof obligation for taclet: seqDef_induction_upper_concrete 
562504     INFO  Test worker     d.u.i.k.t.l.TacletProofObligationInput Proof obligation for taclet: seqDef_induction_lower 
565827     INFO  Test worker     d.u.i.k.t.l.TacletProofObligationInput Proof obligation for taclet: seqDef_induction_lower_concrete 
569158     INFO  Test worker     d.u.i.k.t.l.TacletProofObligationInput Proof obligation for taclet: seqDef_split_in_three 
572555     INFO  Test worker     d.u.i.k.t.l.TacletProofObligationInput Proof obligation for taclet: seqDef_empty 
575850     INFO  Test worker     d.u.i.k.t.l.TacletProofObligationInput Proof obligation for taclet: seqDef_one_summand 
579141     INFO  Test worker     d.u.i.k.t.l.TacletProofObligationInput Proof obligation for taclet: seqDef_lower_equals_upper 
582405     INFO  Test worker     d.u.i.k.t.l.TacletProofObligationInput Proof obligation for taclet: seqDefOfSeq 
585699     INFO  Test worker     d.u.i.k.t.l.TacletProofObligationInput Proof obligation for taclet: seqSelfDefinitionEQ2 
588988     INFO  Test worker     d.u.i.k.t.l.TacletProofObligationInput Proof obligation for taclet: indexOfSeqSingleton 
592264     INFO  Test worker     d.u.i.k.t.l.TacletProofObligationInput Proof obligation for taclet: indexOfSeqConcatFirst 
595562     INFO  Test worker     d.u.i.k.t.l.TacletProofObligationInput Proof obligation for taclet: indexOfSeqConcatSecond 
598855     INFO  Test worker     d.u.i.k.t.l.TacletProofObligationInput Proof obligation for taclet: indexOfSeqSub 
602174     INFO  Test worker     d.u.i.k.t.l.TacletProofObligationInput Proof obligation for taclet: lenOfArray2seq 
605459     INFO  Test worker     d.u.i.k.t.l.TacletProofObligationInput Proof obligation for taclet: getAnyOfArray2seq 
608735     INFO  Test worker     d.u.i.k.t.l.TacletProofObligationInput Proof obligation for taclet: getOfArray2seq 
612018     INFO  Test worker     d.u.i.k.t.l.TacletProofObligationInput Proof obligation for taclet: getAnyOfNPermInv 
615299     INFO  Test worker     d.u.i.k.t.l.TacletProofObligationInput Proof obligation for taclet: seqNPermRange 
618648     INFO  Test worker     d.u.i.k.t.l.TacletProofObligationInput Proof obligation for taclet: seqPermTrans 
621950     INFO  Test worker     d.u.i.k.t.l.TacletProofObligationInput Proof obligation for taclet: seqPermRefl 
625247     INFO  Test worker     d.u.i.k.t.l.TacletProofObligationInput Proof obligation for taclet: seqPermSplit 
628537     INFO  Test worker     d.u.i.k.t.l.TacletProofObligationInput Proof obligation for taclet: seqNPermRight 
632051     INFO  Test worker     d.u.i.k.t.l.TacletProofObligationInput Proof obligation for taclet: seqPermFromSwap 
635381     INFO  Test worker     d.u.i.k.t.l.TacletProofObligationInput Proof obligation for taclet: seqPermTransAlt0 
638663     INFO  Test worker     d.u.i.k.t.l.TacletProofObligationInput Proof obligation for taclet: seqPermTransAlt1 
641939     INFO  Test worker     d.u.i.k.t.l.TacletProofObligationInput Proof obligation for taclet: seqPermTransAlt2 
645217     INFO  Test worker     d.u.i.k.t.l.TacletProofObligationInput Proof obligation for taclet: seqPermTransAlt3 
648517     INFO  Test worker     d.u.i.k.t.l.TacletProofObligationInput Proof obligation for taclet: seqPermForall 
651914     INFO  Test worker     d.u.i.k.t.l.TacletProofObligationInput Proof obligation for taclet: seqPermExists 
655268     INFO  Test worker     d.u.i.k.t.l.TacletProofObligationInput Proof obligation for taclet: schiffl_lemma_2 
676630     INFO  Test worker     d.u.i.k.t.l.TacletProofObligationInput Proof obligation for taclet: schiffl_thm_1 
680648     INFO  Test worker     d.u.i.k.t.l.TacletProofObligationInput Proof obligation for taclet: eqSameSeq 
]]></system-out>
  <system-err><![CDATA[]]></system-err>
</testsuite>
