<?xml version="1.0" encoding="UTF-8"?>
<testsuite name="de.uka.ilkd.key.symbolic_execution.testcase.util.TestEqualsHashCodeResetter" tests="3" skipped="0" failures="0" errors="0" timestamp="2023-04-03T15:17:29" hostname="fv-az339-817" time="0.002">
  <properties/>
  <testcase name="testGetWrappedElement()" classname="de.uka.ilkd.key.symbolic_execution.testcase.util.TestEqualsHashCodeResetter" time="0.0"/>
  <testcase name="testHashCode()" classname="de.uka.ilkd.key.symbolic_execution.testcase.util.TestEqualsHashCodeResetter" time="0.0"/>
  <testcase name="testEquals()" classname="de.uka.ilkd.key.symbolic_execution.testcase.util.TestEqualsHashCodeResetter" time="0.001"/>
  <system-out><![CDATA[]]></system-out>
  <system-err><![CDATA[]]></system-err>
</testsuite>
