<?xml version="1.0" encoding="UTF-8"?>
<testsuite name="de.uka.ilkd.key.parser.TestTacletParser" tests="20" skipped="0" failures="0" errors="0" timestamp="2023-06-06T11:05:52" hostname="fv-az337-191" time="0.159">
  <properties/>
  <testcase name="testAllRight()" classname="de.uka.ilkd.key.parser.TestTacletParser" time="0.004"/>
  <testcase name="testSchemaJava0()" classname="de.uka.ilkd.key.parser.TestTacletParser" time="0.003"/>
  <testcase name="testSchemaJava1()" classname="de.uka.ilkd.key.parser.TestTacletParser" time="0.008"/>
  <testcase name="testSchemaJava2()" classname="de.uka.ilkd.key.parser.TestTacletParser" time="0.003"/>
  <testcase name="testSchemaJava4()" classname="de.uka.ilkd.key.parser.TestTacletParser" time="0.003"/>
  <testcase name="testSchemaJava6()" classname="de.uka.ilkd.key.parser.TestTacletParser" time="0.003"/>
  <testcase name="testSchemaJava8()" classname="de.uka.ilkd.key.parser.TestTacletParser" time="0.003"/>
  <testcase name="testCut()" classname="de.uka.ilkd.key.parser.TestTacletParser" time="0.012"/>
  <testcase name="testMakeInsertEq()" classname="de.uka.ilkd.key.parser.TestTacletParser" time="0.004"/>
  <testcase name="testAllLeft()" classname="de.uka.ilkd.key.parser.TestTacletParser" time="0.016"/>
  <testcase name="testClose()" classname="de.uka.ilkd.key.parser.TestTacletParser" time="0.003"/>
  <testcase name="testSchemaJava10()" classname="de.uka.ilkd.key.parser.TestTacletParser" time="0.017"/>
  <testcase name="testSchemaJava11()" classname="de.uka.ilkd.key.parser.TestTacletParser" time="0.005"/>
  <testcase name="testFIdempotent()" classname="de.uka.ilkd.key.parser.TestTacletParser" time="0.002"/>
  <testcase name="testImpRight()" classname="de.uka.ilkd.key.parser.TestTacletParser" time="0.002"/>
  <testcase name="testVarcondNew()" classname="de.uka.ilkd.key.parser.TestTacletParser" time="0.025"/>
  <testcase name="testFreeReplacewithVariables()" classname="de.uka.ilkd.key.parser.TestTacletParser" time="0.002"/>
  <testcase name="testImpLeft()" classname="de.uka.ilkd.key.parser.TestTacletParser" time="0.002"/>
  <testcase name="testContraposition()" classname="de.uka.ilkd.key.parser.TestTacletParser" time="0.03"/>
  <testcase name="testExConjSplit()" classname="de.uka.ilkd.key.parser.TestTacletParser" time="0.005"/>
  <system-out><![CDATA[462747     INFO  Test worker     d.u.i.k.n.KeyIO           Parsing took 0 ms 
462747     DEBUG Test worker     d.u.i.k.n.KeyIO           Load declarations of de.uka.ilkd.key.nparser.KeyAst$File:  <unknown>:1#1 
462747     INFO  Test worker     d.u.i.k.n.KeyIO           MODE: declarations took 0 ms 
462747     DEBUG Test worker     d.u.i.k.n.KeyIO           MODE: 2nd degree decls took 0 
462748     DEBUG Test worker     d.u.i.k.n.KeyIO           MODE: taclets took 0ms 
462749     INFO  Test worker     d.u.i.k.n.KeyIO           Parsing took 0 ms 
462749     DEBUG Test worker     d.u.i.k.n.KeyIO           Load declarations of de.uka.ilkd.key.nparser.KeyAst$File:  <unknown>:2#1 
462749     INFO  Test worker     d.u.i.k.n.KeyIO           MODE: declarations took 0 ms 
462749     DEBUG Test worker     d.u.i.k.n.KeyIO           MODE: 2nd degree decls took 0 
462750     DEBUG Test worker     d.u.i.k.n.KeyIO           MODE: taclets took 1ms 
462751     INFO  Test worker     d.u.i.k.n.KeyIO           Parsing took 0 ms 
462751     DEBUG Test worker     d.u.i.k.n.KeyIO           Load declarations of de.uka.ilkd.key.nparser.KeyAst$File:  <unknown>:1#1 
462752     INFO  Test worker     d.u.i.k.n.KeyIO           MODE: declarations took 1 ms 
462752     DEBUG Test worker     d.u.i.k.n.KeyIO           MODE: 2nd degree decls took 0 
462752     DEBUG Test worker     d.u.i.k.n.KeyIO           MODE: taclets took 0ms 
462753     INFO  Test worker     d.u.i.k.n.KeyIO           Parsing took 0 ms 
462753     DEBUG Test worker     d.u.i.k.n.KeyIO           Load declarations of de.uka.ilkd.key.nparser.KeyAst$File:  <unknown>:2#1 
462753     INFO  Test worker     d.u.i.k.n.KeyIO           MODE: declarations took 0 ms 
462753     DEBUG Test worker     d.u.i.k.n.KeyIO           MODE: 2nd degree decls took 0 
462754     DEBUG Test worker     d.u.i.k.n.KeyIO           MODE: taclets took 1ms 
462755     INFO  Test worker     d.u.i.k.n.KeyIO           Parsing took 0 ms 
462755     DEBUG Test worker     d.u.i.k.n.KeyIO           Load declarations of de.uka.ilkd.key.nparser.KeyAst$File:  <unknown>:1#1 
462755     INFO  Test worker     d.u.i.k.n.KeyIO           MODE: declarations took 0 ms 
462755     DEBUG Test worker     d.u.i.k.n.KeyIO           MODE: 2nd degree decls took 0 
462755     DEBUG Test worker     d.u.i.k.n.KeyIO           MODE: taclets took 0ms 
462756     WARN  Test worker     d.u.i.k.n.KeYParser       [syntax-error] <unknown>:2:21: extraneous input '<' expecting {MODALITY, FORALL, EXISTS, '\if', '\ifEx', 'true', 'false', '(', ')', '{', '@', NOT, '-', STRING_LITERAL, CHAR_LITERAL, BIN_LITERAL, HEX_LITERAL, IDENT, INT_LITERAL, FLOAT_LITERAL, DOUBLE_LITERAL, REAL_LITERAL} [@12,22:22='<',<173>,2:21] (argument_list, call, accessterm, primitive_term, primitive_labeled_term, bracket_term, atom_prefix, strong_arith_term_2, strong_arith_term_1, weak_arith_term, comparison_term, equality_term, term60, conjunction_term, disjunction_term, implication_term, equivalence_term, elementary_update_term, parallel_term, term, taclet, rulesOrAxioms, decls, file) 
462760     WARN  Test worker     d.u.i.k.n.KeYParser       [syntax-error] <unknown>:2:23: no viable alternative at input '{..' [@14,24:25='..',<144>,2:23] (atom_prefix, strong_arith_term_2, strong_arith_term_1, weak_arith_term, comparison_term, equality_term, term60, conjunction_term, disjunction_term, implication_term, equivalence_term, elementary_update_term, parallel_term, term, argument_list, call, accessterm, primitive_term, primitive_labeled_term, bracket_term, atom_prefix, strong_arith_term_2, strong_arith_term_1, weak_arith_term, comparison_term, equality_term, term60, conjunction_term, disjunction_term, implication_term, equivalence_term, elementary_update_term, parallel_term, term, taclet, rulesOrAxioms, decls, file) 
462761     WARN  Test worker     d.u.i.k.n.KeYParser       [syntax-error] <unknown>:2:33: mismatched input ';' expecting {',', ')'} [@21,34:34=';',<138>,2:33] (argument_list, call, accessterm, primitive_term, primitive_labeled_term, bracket_term, atom_prefix, strong_arith_term_2, strong_arith_term_1, weak_arith_term, comparison_term, equality_term, term60, conjunction_term, disjunction_term, implication_term, equivalence_term, elementary_update_term, parallel_term, term, taclet, rulesOrAxioms, decls, file) 
462761     WARN  Test worker     d.u.i.k.n.KeYParser       [syntax-error] <unknown>:2:41: no viable alternative at input '#i;' [@26,42:42=';',<138>,2:41] (option_list, taclet, rulesOrAxioms, decls, file) 
462762     WARN  Test worker     d.u.i.k.n.KeYParser       [syntax-error] <unknown>:2:43: mismatched input '<' expecting {'(', '{'} [@28,44:44='<',<173>,2:43] (taclet, rulesOrAxioms, decls, file) 
462762     WARN  Test worker     d.u.i.k.n.KeYParser       [syntax-error] <unknown>:2:47: mismatched input '+' expecting {'(', '{'} [@32,48:48='+',<167>,2:47] (taclet, rulesOrAxioms, decls, file) 
462762     WARN  Test worker     d.u.i.k.n.KeYParser       [syntax-error] <unknown>:2:52: extraneous input '..' expecting {'\lemma', '}', IDENT, '/*!'} [@37,53:54='..',<144>,2:52] (rulesOrAxioms, decls, file) 
462762     WARN  Test worker     d.u.i.k.n.KeYParser       [syntax-error] <unknown>:2:56: mismatched input '>' expecting {<EOF>, '\problem', '\chooseContract', '\proofObligation', '\proof'} [@40,57:57='>',<168>,2:56] (file) 
462764     INFO  Test worker     d.u.i.k.n.KeyIO           Parsing took 1 ms 
462764     DEBUG Test worker     d.u.i.k.n.KeyIO           Load declarations of de.uka.ilkd.key.nparser.KeyAst$File:  <unknown>:1#1 
462764     INFO  Test worker     d.u.i.k.n.KeyIO           MODE: declarations took 0 ms 
462764     DEBUG Test worker     d.u.i.k.n.KeyIO           MODE: 2nd degree decls took 0 
462764     DEBUG Test worker     d.u.i.k.n.KeyIO           MODE: taclets took 0ms 
462765     WARN  Test worker     d.u.i.k.n.KeYParser       [syntax-error] <unknown>:2:21: extraneous input '<' expecting {MODALITY, FORALL, EXISTS, '\if', '\ifEx', 'true', 'false', '(', ')', '{', '@', NOT, '-', STRING_LITERAL, CHAR_LITERAL, BIN_LITERAL, HEX_LITERAL, IDENT, INT_LITERAL, FLOAT_LITERAL, DOUBLE_LITERAL, REAL_LITERAL} [@12,22:22='<',<173>,2:21] (argument_list, call, accessterm, primitive_term, primitive_labeled_term, bracket_term, atom_prefix, strong_arith_term_2, strong_arith_term_1, weak_arith_term, comparison_term, equality_term, term60, conjunction_term, disjunction_term, implication_term, equivalence_term, elementary_update_term, parallel_term, term, taclet, rulesOrAxioms, decls, file) 
462765     WARN  Test worker     d.u.i.k.n.KeYParser       [syntax-error] <unknown>:2:23: no viable alternative at input '{..' [@14,24:25='..',<144>,2:23] (atom_prefix, strong_arith_term_2, strong_arith_term_1, weak_arith_term, comparison_term, equality_term, term60, conjunction_term, disjunction_term, implication_term, equivalence_term, elementary_update_term, parallel_term, term, argument_list, call, accessterm, primitive_term, primitive_labeled_term, bracket_term, atom_prefix, strong_arith_term_2, strong_arith_term_1, weak_arith_term, comparison_term, equality_term, term60, conjunction_term, disjunction_term, implication_term, equivalence_term, elementary_update_term, parallel_term, term, taclet, rulesOrAxioms, decls, file) 
462765     WARN  Test worker     d.u.i.k.n.KeYParser       [syntax-error] <unknown>:2:33: mismatched input ';' expecting {',', ')'} [@21,34:34=';',<138>,2:33] (argument_list, call, accessterm, primitive_term, primitive_labeled_term, bracket_term, atom_prefix, strong_arith_term_2, strong_arith_term_1, weak_arith_term, comparison_term, equality_term, term60, conjunction_term, disjunction_term, implication_term, equivalence_term, elementary_update_term, parallel_term, term, taclet, rulesOrAxioms, decls, file) 
462765     WARN  Test worker     d.u.i.k.n.KeYParser       [syntax-error] <unknown>:2:43: no viable alternative at input '#lab;' [@26,44:44=';',<138>,2:43] (option_list, taclet, rulesOrAxioms, decls, file) 
462766     WARN  Test worker     d.u.i.k.n.KeYParser       [syntax-error] <unknown>:2:45: mismatched input '<' expecting {'(', '{'} [@28,46:46='<',<173>,2:45] (taclet, rulesOrAxioms, decls, file) 
462766     WARN  Test worker     d.u.i.k.n.KeYParser       [syntax-error] <unknown>:2:50: mismatched input '+' expecting {'(', '{'} [@32,51:51='+',<167>,2:50] (taclet, rulesOrAxioms, decls, file) 
462766     WARN  Test worker     d.u.i.k.n.KeYParser       [syntax-error] <unknown>:2:56: extraneous input '..' expecting {'\lemma', '}', IDENT, '/*!'} [@38,57:58='..',<144>,2:56] (rulesOrAxioms, decls, file) 
462766     WARN  Test worker     d.u.i.k.n.KeYParser       [syntax-error] <unknown>:2:60: mismatched input '>' expecting {<EOF>, '\problem', '\chooseContract', '\proofObligation', '\proof'} [@41,61:61='>',<168>,2:60] (file) 
462767     INFO  Test worker     d.u.i.k.n.KeyIO           Parsing took 0 ms 
462767     DEBUG Test worker     d.u.i.k.n.KeyIO           Load declarations of de.uka.ilkd.key.nparser.KeyAst$File:  <unknown>:1#1 
462767     INFO  Test worker     d.u.i.k.n.KeyIO           MODE: declarations took 0 ms 
462767     DEBUG Test worker     d.u.i.k.n.KeyIO           MODE: 2nd degree decls took 0 
462768     DEBUG Test worker     d.u.i.k.n.KeyIO           MODE: taclets took 1ms 
462768     INFO  Test worker     d.u.i.k.n.KeyIO           Parsing took 0 ms 
462768     DEBUG Test worker     d.u.i.k.n.KeyIO           Load declarations of de.uka.ilkd.key.nparser.KeyAst$File:  <unknown>:2#1 
462768     INFO  Test worker     d.u.i.k.n.KeyIO           MODE: declarations took 0 ms 
462768     DEBUG Test worker     d.u.i.k.n.KeyIO           MODE: 2nd degree decls took 0 
462769     DEBUG Test worker     d.u.i.k.n.KeyIO           MODE: taclets took 1ms 
462770     INFO  Test worker     d.u.i.k.n.KeyIO           Parsing took 0 ms 
462770     DEBUG Test worker     d.u.i.k.n.KeyIO           Load declarations of de.uka.ilkd.key.nparser.KeyAst$File:  <unknown>:1#1 
462770     INFO  Test worker     d.u.i.k.n.KeyIO           MODE: declarations took 0 ms 
462771     DEBUG Test worker     d.u.i.k.n.KeyIO           MODE: 2nd degree decls took 0 
462771     DEBUG Test worker     d.u.i.k.n.KeyIO           MODE: taclets took 0ms 
462772     INFO  Test worker     d.u.i.k.n.KeyIO           Parsing took 0 ms 
462772     DEBUG Test worker     d.u.i.k.n.KeyIO           Load declarations of de.uka.ilkd.key.nparser.KeyAst$File:  <unknown>:2#1 
462772     INFO  Test worker     d.u.i.k.n.KeyIO           MODE: declarations took 0 ms 
462772     DEBUG Test worker     d.u.i.k.n.KeyIO           MODE: 2nd degree decls took 0 
462773     DEBUG Test worker     d.u.i.k.n.KeyIO           MODE: taclets took 1ms 
462774     INFO  Test worker     d.u.i.k.n.KeyIO           Parsing took 0 ms 
462774     DEBUG Test worker     d.u.i.k.n.KeyIO           Load declarations of de.uka.ilkd.key.nparser.KeyAst$File:  <unknown>:1#1 
462774     INFO  Test worker     d.u.i.k.n.KeyIO           MODE: declarations took 0 ms 
462774     DEBUG Test worker     d.u.i.k.n.KeyIO           MODE: 2nd degree decls took 0 
462774     DEBUG Test worker     d.u.i.k.n.KeyIO           MODE: taclets took 0ms 
462775     INFO  Test worker     d.u.i.k.n.KeyIO           Parsing took 1 ms 
462775     DEBUG Test worker     d.u.i.k.n.KeyIO           Load declarations of de.uka.ilkd.key.nparser.KeyAst$File:  <unknown>:2#1 
462775     INFO  Test worker     d.u.i.k.n.KeyIO           MODE: declarations took 0 ms 
462775     DEBUG Test worker     d.u.i.k.n.KeyIO           MODE: 2nd degree decls took 0 
462776     DEBUG Test worker     d.u.i.k.n.KeyIO           MODE: taclets took 1ms 
462777     INFO  Test worker     d.u.i.k.n.KeyIO           Parsing took 0 ms 
462777     DEBUG Test worker     d.u.i.k.n.KeyIO           Load declarations of de.uka.ilkd.key.nparser.KeyAst$File:  <unknown>:1#1 
462777     INFO  Test worker     d.u.i.k.n.KeyIO           MODE: declarations took 0 ms 
462778     DEBUG Test worker     d.u.i.k.n.KeyIO           MODE: 2nd degree decls took 1 
462778     DEBUG Test worker     d.u.i.k.n.KeyIO           MODE: taclets took 0ms 
462788     INFO  Test worker     d.u.i.k.n.KeyIO           Parsing took 10 ms 
462788     DEBUG Test worker     d.u.i.k.n.KeyIO           Load declarations of de.uka.ilkd.key.nparser.KeyAst$File:  <unknown>:2#1 
462788     INFO  Test worker     d.u.i.k.n.KeyIO           MODE: declarations took 0 ms 
462788     DEBUG Test worker     d.u.i.k.n.KeyIO           MODE: 2nd degree decls took 0 
462788     DEBUG Test worker     d.u.i.k.n.KeyIO           MODE: taclets took 0ms 
462789     INFO  Test worker     d.u.i.k.n.KeyIO           Parsing took 0 ms 
462789     DEBUG Test worker     d.u.i.k.n.KeyIO           Load declarations of de.uka.ilkd.key.nparser.KeyAst$File:  <unknown>:1#1 
462789     INFO  Test worker     d.u.i.k.n.KeyIO           MODE: declarations took 0 ms 
462789     DEBUG Test worker     d.u.i.k.n.KeyIO           MODE: 2nd degree decls took 0 
462789     DEBUG Test worker     d.u.i.k.n.KeyIO           MODE: taclets took 0ms 
462791     INFO  Test worker     d.u.i.k.n.KeyIO           Parsing took 0 ms 
462791     DEBUG Test worker     d.u.i.k.n.KeyIO           Load declarations of de.uka.ilkd.key.nparser.KeyAst$File:  <unknown>:2#1 
462791     INFO  Test worker     d.u.i.k.n.KeyIO           MODE: declarations took 0 ms 
462791     DEBUG Test worker     d.u.i.k.n.KeyIO           MODE: 2nd degree decls took 0 
462792     DEBUG Test worker     d.u.i.k.n.KeyIO           MODE: taclets took 1ms 
462793     INFO  Test worker     d.u.i.k.n.KeyIO           Parsing took 0 ms 
462793     DEBUG Test worker     d.u.i.k.n.KeyIO           Load declarations of de.uka.ilkd.key.nparser.KeyAst$File:  <unknown>:1#1 
462793     INFO  Test worker     d.u.i.k.n.KeyIO           MODE: declarations took 0 ms 
462793     DEBUG Test worker     d.u.i.k.n.KeyIO           MODE: 2nd degree decls took 0 
462794     DEBUG Test worker     d.u.i.k.n.KeyIO           MODE: taclets took 0ms 
462795     INFO  Test worker     d.u.i.k.n.KeyIO           Parsing took 0 ms 
462795     DEBUG Test worker     d.u.i.k.n.KeyIO           Load declarations of de.uka.ilkd.key.nparser.KeyAst$File:  <unknown>:2#1 
462795     INFO  Test worker     d.u.i.k.n.KeyIO           MODE: declarations took 0 ms 
462795     DEBUG Test worker     d.u.i.k.n.KeyIO           MODE: 2nd degree decls took 0 
462795     DEBUG Test worker     d.u.i.k.n.KeyIO           MODE: taclets took 0ms 
462809     INFO  Test worker     d.u.i.k.n.KeyIO           Parsing took 0 ms 
462809     DEBUG Test worker     d.u.i.k.n.KeyIO           Load declarations of de.uka.ilkd.key.nparser.KeyAst$File:  <unknown>:1#1 
462809     INFO  Test worker     d.u.i.k.n.KeyIO           MODE: declarations took 0 ms 
462809     DEBUG Test worker     d.u.i.k.n.KeyIO           MODE: 2nd degree decls took 0 
462810     DEBUG Test worker     d.u.i.k.n.KeyIO           MODE: taclets took 0ms 
462810     INFO  Test worker     d.u.i.k.n.KeyIO           Parsing took 0 ms 
462810     DEBUG Test worker     d.u.i.k.n.KeyIO           Load declarations of de.uka.ilkd.key.nparser.KeyAst$File:  <unknown>:2#1 
462810     INFO  Test worker     d.u.i.k.n.KeyIO           MODE: declarations took 0 ms 
462810     DEBUG Test worker     d.u.i.k.n.KeyIO           MODE: 2nd degree decls took 0 
462811     DEBUG Test worker     d.u.i.k.n.KeyIO           MODE: taclets took 0ms 
462811     INFO  Test worker     d.u.i.k.n.KeyIO           Parsing took 0 ms 
462811     DEBUG Test worker     d.u.i.k.n.KeyIO           Load declarations of de.uka.ilkd.key.nparser.KeyAst$File:  <unknown>:1#1 
462811     INFO  Test worker     d.u.i.k.n.KeyIO           MODE: declarations took 0 ms 
462812     DEBUG Test worker     d.u.i.k.n.KeyIO           MODE: 2nd degree decls took 1 
462812     DEBUG Test worker     d.u.i.k.n.KeyIO           MODE: taclets took 0ms 
462812     INFO  Test worker     d.u.i.k.n.KeyIO           Parsing took 0 ms 
462812     DEBUG Test worker     d.u.i.k.n.KeyIO           Load declarations of de.uka.ilkd.key.nparser.KeyAst$File:  <unknown>:2#1 
462812     INFO  Test worker     d.u.i.k.n.KeyIO           MODE: declarations took 0 ms 
462812     DEBUG Test worker     d.u.i.k.n.KeyIO           MODE: 2nd degree decls took 0 
462828     DEBUG Test worker     d.u.i.k.n.KeyIO           MODE: taclets took 16ms 
462829     INFO  Test worker     d.u.i.k.n.KeyIO           Parsing took 0 ms 
462829     DEBUG Test worker     d.u.i.k.n.KeyIO           Load declarations of de.uka.ilkd.key.nparser.KeyAst$File:  <unknown>:1#1 
462830     INFO  Test worker     d.u.i.k.n.KeyIO           MODE: declarations took 1 ms 
462830     DEBUG Test worker     d.u.i.k.n.KeyIO           MODE: 2nd degree decls took 0 
462830     DEBUG Test worker     d.u.i.k.n.KeyIO           MODE: taclets took 0ms 
462832     INFO  Test worker     d.u.i.k.n.KeyIO           Parsing took 2 ms 
462832     DEBUG Test worker     d.u.i.k.n.KeyIO           Load declarations of de.uka.ilkd.key.nparser.KeyAst$File:  <unknown>:2#1 
462832     INFO  Test worker     d.u.i.k.n.KeyIO           MODE: declarations took 0 ms 
462832     DEBUG Test worker     d.u.i.k.n.KeyIO           MODE: 2nd degree decls took 0 
462834     DEBUG Test worker     d.u.i.k.n.KeyIO           MODE: taclets took 2ms 
462835     INFO  Test worker     d.u.i.k.n.KeyIO           Parsing took 0 ms 
462835     DEBUG Test worker     d.u.i.k.n.KeyIO           Load declarations of de.uka.ilkd.key.nparser.KeyAst$File:  <unknown>:1#1 
462835     INFO  Test worker     d.u.i.k.n.KeyIO           MODE: declarations took 0 ms 
462835     DEBUG Test worker     d.u.i.k.n.KeyIO           MODE: 2nd degree decls took 0 
462836     DEBUG Test worker     d.u.i.k.n.KeyIO           MODE: taclets took 1ms 
462836     INFO  Test worker     d.u.i.k.n.KeyIO           Parsing took 0 ms 
462836     DEBUG Test worker     d.u.i.k.n.KeyIO           Load declarations of de.uka.ilkd.key.nparser.KeyAst$File:  <unknown>:2#1 
462836     INFO  Test worker     d.u.i.k.n.KeyIO           MODE: declarations took 0 ms 
462836     DEBUG Test worker     d.u.i.k.n.KeyIO           MODE: 2nd degree decls took 0 
462836     DEBUG Test worker     d.u.i.k.n.KeyIO           MODE: taclets took 0ms 
462837     INFO  Test worker     d.u.i.k.n.KeyIO           Parsing took 0 ms 
462837     DEBUG Test worker     d.u.i.k.n.KeyIO           Load declarations of de.uka.ilkd.key.nparser.KeyAst$File:  <unknown>:1#1 
462837     INFO  Test worker     d.u.i.k.n.KeyIO           MODE: declarations took 0 ms 
462837     DEBUG Test worker     d.u.i.k.n.KeyIO           MODE: 2nd degree decls took 0 
462837     DEBUG Test worker     d.u.i.k.n.KeyIO           MODE: taclets took 0ms 
462838     INFO  Test worker     d.u.i.k.n.KeyIO           Parsing took 0 ms 
462838     DEBUG Test worker     d.u.i.k.n.KeyIO           Load declarations of de.uka.ilkd.key.nparser.KeyAst$File:  <unknown>:2#1 
462838     INFO  Test worker     d.u.i.k.n.KeyIO           MODE: declarations took 0 ms 
462838     DEBUG Test worker     d.u.i.k.n.KeyIO           MODE: 2nd degree decls took 0 
462838     DEBUG Test worker     d.u.i.k.n.KeyIO           MODE: taclets took 0ms 
462839     INFO  Test worker     d.u.i.k.n.KeyIO           Parsing took 0 ms 
462839     DEBUG Test worker     d.u.i.k.n.KeyIO           Load declarations of de.uka.ilkd.key.nparser.KeyAst$File:  <unknown>:1#1 
462839     INFO  Test worker     d.u.i.k.n.KeyIO           MODE: declarations took 0 ms 
462839     DEBUG Test worker     d.u.i.k.n.KeyIO           MODE: 2nd degree decls took 0 
462854     DEBUG Test worker     d.u.i.k.n.KeyIO           MODE: taclets took 0ms 
462862     INFO  Test worker     d.u.i.k.n.KeyIO           Parsing took 8 ms 
462862     DEBUG Test worker     d.u.i.k.n.KeyIO           Load declarations of de.uka.ilkd.key.nparser.KeyAst$File:  <unknown>:2#1 
462862     INFO  Test worker     d.u.i.k.n.KeyIO           MODE: declarations took 0 ms 
462862     DEBUG Test worker     d.u.i.k.n.KeyIO           MODE: 2nd degree decls took 0 
462862     DEBUG Test worker     d.u.i.k.n.KeyIO           MODE: taclets took 0ms 
462863     INFO  Test worker     d.u.i.k.n.KeyIO           Parsing took 0 ms 
462863     DEBUG Test worker     d.u.i.k.n.KeyIO           Load declarations of de.uka.ilkd.key.nparser.KeyAst$File:  <unknown>:2#1 
462863     INFO  Test worker     d.u.i.k.n.KeyIO           MODE: declarations took 0 ms 
462863     DEBUG Test worker     d.u.i.k.n.KeyIO           MODE: 2nd degree decls took 0 
462863     DEBUG Test worker     d.u.i.k.n.KeyIO           MODE: taclets took 0ms 
462864     INFO  Test worker     d.u.i.k.n.KeyIO           Parsing took 0 ms 
462864     DEBUG Test worker     d.u.i.k.n.KeyIO           Load declarations of de.uka.ilkd.key.nparser.KeyAst$File:  <unknown>:1#1 
462865     INFO  Test worker     d.u.i.k.n.KeyIO           MODE: declarations took 1 ms 
462865     DEBUG Test worker     d.u.i.k.n.KeyIO           MODE: 2nd degree decls took 0 
462865     DEBUG Test worker     d.u.i.k.n.KeyIO           MODE: taclets took 0ms 
462865     INFO  Test worker     d.u.i.k.n.KeyIO           Parsing took 0 ms 
462865     DEBUG Test worker     d.u.i.k.n.KeyIO           Load declarations of de.uka.ilkd.key.nparser.KeyAst$File:  <unknown>:2#1 
462865     INFO  Test worker     d.u.i.k.n.KeyIO           MODE: declarations took 0 ms 
462865     DEBUG Test worker     d.u.i.k.n.KeyIO           MODE: 2nd degree decls took 0 
462867     INFO  Test worker     d.u.i.k.n.KeyIO           Parsing took 0 ms 
462867     DEBUG Test worker     d.u.i.k.n.KeyIO           Load declarations of de.uka.ilkd.key.nparser.KeyAst$File:  <unknown>:1#1 
462867     INFO  Test worker     d.u.i.k.n.KeyIO           MODE: declarations took 0 ms 
462868     DEBUG Test worker     d.u.i.k.n.KeyIO           MODE: 2nd degree decls took 1 
462868     DEBUG Test worker     d.u.i.k.n.KeyIO           MODE: taclets took 0ms 
462868     INFO  Test worker     d.u.i.k.n.KeyIO           Parsing took 0 ms 
462868     DEBUG Test worker     d.u.i.k.n.KeyIO           Load declarations of de.uka.ilkd.key.nparser.KeyAst$File:  <unknown>:2#1 
462868     INFO  Test worker     d.u.i.k.n.KeyIO           MODE: declarations took 0 ms 
462868     DEBUG Test worker     d.u.i.k.n.KeyIO           MODE: 2nd degree decls took 0 
462869     DEBUG Test worker     d.u.i.k.n.KeyIO           MODE: taclets took 0ms 
462869     INFO  Test worker     d.u.i.k.n.KeyIO           Parsing took 0 ms 
462869     DEBUG Test worker     d.u.i.k.n.KeyIO           Load declarations of de.uka.ilkd.key.nparser.KeyAst$File:  <unknown>:1#1 
462869     INFO  Test worker     d.u.i.k.n.KeyIO           MODE: declarations took 0 ms 
462869     DEBUG Test worker     d.u.i.k.n.KeyIO           MODE: 2nd degree decls took 0 
462870     DEBUG Test worker     d.u.i.k.n.KeyIO           MODE: taclets took 0ms 
462898     INFO  Test worker     d.u.i.k.n.KeyIO           Parsing took 0 ms 
462898     DEBUG Test worker     d.u.i.k.n.KeyIO           Load declarations of de.uka.ilkd.key.nparser.KeyAst$File:  <unknown>:2#1 
462898     INFO  Test worker     d.u.i.k.n.KeyIO           MODE: declarations took 0 ms 
462898     DEBUG Test worker     d.u.i.k.n.KeyIO           MODE: 2nd degree decls took 0 
462899     DEBUG Test worker     d.u.i.k.n.KeyIO           MODE: taclets took 0ms 
462900     INFO  Test worker     d.u.i.k.n.KeyIO           Parsing took 0 ms 
462900     DEBUG Test worker     d.u.i.k.n.KeyIO           Load declarations of de.uka.ilkd.key.nparser.KeyAst$File:  <unknown>:1#1 
462901     INFO  Test worker     d.u.i.k.n.KeyIO           MODE: declarations took 1 ms 
462901     DEBUG Test worker     d.u.i.k.n.KeyIO           MODE: 2nd degree decls took 0 
462901     DEBUG Test worker     d.u.i.k.n.KeyIO           MODE: taclets took 0ms 
462904     INFO  Test worker     d.u.i.k.n.KeyIO           Parsing took 0 ms 
462904     DEBUG Test worker     d.u.i.k.n.KeyIO           Load declarations of de.uka.ilkd.key.nparser.KeyAst$File:  <unknown>:2#1 
462904     INFO  Test worker     d.u.i.k.n.KeyIO           MODE: declarations took 0 ms 
462904     DEBUG Test worker     d.u.i.k.n.KeyIO           MODE: 2nd degree decls took 0 
462905     DEBUG Test worker     d.u.i.k.n.KeyIO           MODE: taclets took 0ms 
]]></system-out>
  <system-err><![CDATA[]]></system-err>
</testsuite>
