<?xml version="1.0" encoding="UTF-8"?>
<testsuite name="de.uka.ilkd.key.parser.TestTermParserSorts" tests="2" skipped="0" failures="0" errors="0" timestamp="2023-06-06T11:08:59" hostname="fv-az337-191" time="4.463">
  <properties/>
  <testcase name="testParseIntegerArgs()" classname="de.uka.ilkd.key.parser.TestTermParserSorts" time="0.015"/>
  <testcase name="testParseSequencePrettySyntax()" classname="de.uka.ilkd.key.parser.TestTermParserSorts" time="0.002"/>
  <system-out><![CDATA[650339     INFO  Test worker     d.u.i.k.n.KeyIO           Parsing took 0 ms 
650340     DEBUG Test worker     d.u.i.k.n.KeyIO           Load declarations of de.uka.ilkd.key.nparser.KeyAst$File:  <unknown>:1#1 
650340     INFO  Test worker     d.u.i.k.n.KeyIO           MODE: declarations took 0 ms 
650340     DEBUG Test worker     d.u.i.k.n.KeyIO           MODE: 2nd degree decls took 0 
650340     INFO  Test worker     d.u.i.k.n.KeyIO           Parsing took 0 ms 
650340     DEBUG Test worker     d.u.i.k.n.KeyIO           Load declarations of de.uka.ilkd.key.nparser.KeyAst$File:  <unknown>:1#1 
650340     INFO  Test worker     d.u.i.k.n.KeyIO           MODE: declarations took 0 ms 
650340     DEBUG Test worker     d.u.i.k.n.KeyIO           MODE: 2nd degree decls took 0 
650340     INFO  Test worker     d.u.i.k.n.KeyIO           Parsing took 0 ms 
650340     DEBUG Test worker     d.u.i.k.n.KeyIO           Load declarations of de.uka.ilkd.key.nparser.KeyAst$File:  <unknown>:1#1 
650340     INFO  Test worker     d.u.i.k.n.KeyIO           MODE: declarations took 0 ms 
650340     DEBUG Test worker     d.u.i.k.n.KeyIO           MODE: 2nd degree decls took 0 
654801     INFO  Test worker     d.u.i.k.n.KeyIO           Parsing took 0 ms 
654801     DEBUG Test worker     d.u.i.k.n.KeyIO           Load declarations of de.uka.ilkd.key.nparser.KeyAst$File:  <unknown>:1#1 
654801     INFO  Test worker     d.u.i.k.n.KeyIO           MODE: declarations took 0 ms 
654801     DEBUG Test worker     d.u.i.k.n.KeyIO           MODE: 2nd degree decls took 0 
654801     INFO  Test worker     d.u.i.k.n.KeyIO           Parsing took 0 ms 
654801     DEBUG Test worker     d.u.i.k.n.KeyIO           Load declarations of de.uka.ilkd.key.nparser.KeyAst$File:  <unknown>:1#1 
654801     INFO  Test worker     d.u.i.k.n.KeyIO           MODE: declarations took 0 ms 
654801     DEBUG Test worker     d.u.i.k.n.KeyIO           MODE: 2nd degree decls took 0 
654801     INFO  Test worker     d.u.i.k.n.KeyIO           Parsing took 0 ms 
654801     DEBUG Test worker     d.u.i.k.n.KeyIO           Load declarations of de.uka.ilkd.key.nparser.KeyAst$File:  <unknown>:1#1 
654801     INFO  Test worker     d.u.i.k.n.KeyIO           MODE: declarations took 0 ms 
654801     DEBUG Test worker     d.u.i.k.n.KeyIO           MODE: 2nd degree decls took 0 
]]></system-out>
  <system-err><![CDATA[]]></system-err>
</testsuite>
