<?xml version="1.0" encoding="UTF-8"?>
<testsuite name="de.uka.ilkd.key.parser.TestDeclParser" tests="14" skipped="2" failures="0" errors="0" timestamp="2023-06-06T11:03:32" hostname="fv-az337-191" time="16.797">
  <properties/>
  <testcase name="testGenericSortDecl1()" classname="de.uka.ilkd.key.parser.TestDeclParser" time="1.617"/>
  <testcase name="testGenericSortDecl2()" classname="de.uka.ilkd.key.parser.TestDeclParser" time="1.48"/>
  <testcase name="testGenericSortDecl3()" classname="de.uka.ilkd.key.parser.TestDeclParser" time="1.468"/>
  <testcase name="testGenericSortDecl4()" classname="de.uka.ilkd.key.parser.TestDeclParser" time="1.469"/>
  <testcase name="testGenericSortDecl5()" classname="de.uka.ilkd.key.parser.TestDeclParser" time="0.0">
    <skipped/>
  </testcase>
  <testcase name="testGenericSortDecl6()" classname="de.uka.ilkd.key.parser.TestDeclParser" time="1.377"/>
  <testcase name="testSortDecl()" classname="de.uka.ilkd.key.parser.TestDeclParser" time="1.347"/>
  <testcase name="testProxySortDecl()" classname="de.uka.ilkd.key.parser.TestDeclParser" time="1.343"/>
  <testcase name="testArrayDecl()" classname="de.uka.ilkd.key.parser.TestDeclParser" time="1.373"/>
  <testcase name="testAmbiguousDecls()" classname="de.uka.ilkd.key.parser.TestDeclParser" time="0.0">
    <skipped/>
  </testcase>
  <testcase name="testHeurDecl()" classname="de.uka.ilkd.key.parser.TestDeclParser" time="1.254"/>
  <testcase name="testFunctionDecl()" classname="de.uka.ilkd.key.parser.TestDeclParser" time="1.329"/>
  <testcase name="testPredicateDecl()" classname="de.uka.ilkd.key.parser.TestDeclParser" time="1.333"/>
  <testcase name="testSVDecl()" classname="de.uka.ilkd.key.parser.TestDeclParser" time="1.403"/>
  <system-out><![CDATA[324659     INFO  Test worker     d.u.i.k.n.KeyIO           Parsing took 0 ms 
324659     DEBUG Test worker     d.u.i.k.n.KeyIO           Load declarations of de.uka.ilkd.key.nparser.KeyAst$File:  <unknown>:1#1 
324659     INFO  Test worker     d.u.i.k.n.KeyIO           MODE: declarations took 0 ms 
324659     DEBUG Test worker     d.u.i.k.n.KeyIO           MODE: 2nd degree decls took 0 
324659     DEBUG Test worker     d.u.i.k.n.KeyIO           MODE: taclets took 0ms 
326140     INFO  Test worker     d.u.i.k.n.KeyIO           Parsing took 0 ms 
326140     DEBUG Test worker     d.u.i.k.n.KeyIO           Load declarations of de.uka.ilkd.key.nparser.KeyAst$File:  <unknown>:1#1 
326141     INFO  Test worker     d.u.i.k.n.KeyIO           MODE: declarations took 1 ms 
326141     DEBUG Test worker     d.u.i.k.n.KeyIO           MODE: 2nd degree decls took 0 
326141     DEBUG Test worker     d.u.i.k.n.KeyIO           MODE: taclets took 0ms 
327609     INFO  Test worker     d.u.i.k.n.KeyIO           Parsing took 0 ms 
327609     DEBUG Test worker     d.u.i.k.n.KeyIO           Load declarations of de.uka.ilkd.key.nparser.KeyAst$File:  <unknown>:1#1 
327609     INFO  Test worker     d.u.i.k.n.KeyIO           MODE: declarations took 0 ms 
327609     DEBUG Test worker     d.u.i.k.n.KeyIO           MODE: 2nd degree decls took 0 
327609     DEBUG Test worker     d.u.i.k.n.KeyIO           MODE: taclets took 0ms 
329079     INFO  Test worker     d.u.i.k.n.KeyIO           Parsing took 0 ms 
329080     DEBUG Test worker     d.u.i.k.n.KeyIO           Load declarations of de.uka.ilkd.key.nparser.KeyAst$File:  <unknown>:1#1 
329080     INFO  Test worker     d.u.i.k.n.KeyIO           MODE: declarations took 0 ms 
329080     DEBUG Test worker     d.u.i.k.n.KeyIO           MODE: 2nd degree decls took 0 
329080     DEBUG Test worker     d.u.i.k.n.KeyIO           MODE: taclets took 0ms 
330457     INFO  Test worker     d.u.i.k.n.KeyIO           Parsing took 0 ms 
330457     DEBUG Test worker     d.u.i.k.n.KeyIO           Load declarations of de.uka.ilkd.key.nparser.KeyAst$File:  <unknown>:1#1 
330458     INFO  Test worker     d.u.i.k.n.KeyIO           MODE: declarations took 1 ms 
330458     DEBUG Test worker     d.u.i.k.n.KeyIO           MODE: 2nd degree decls took 0 
330458     DEBUG Test worker     d.u.i.k.n.KeyIO           MODE: taclets took 0ms 
331805     INFO  Test worker     d.u.i.k.n.KeyIO           Parsing took 0 ms 
331805     DEBUG Test worker     d.u.i.k.n.KeyIO           Load declarations of de.uka.ilkd.key.nparser.KeyAst$File:  <unknown>:1#1 
331805     INFO  Test worker     d.u.i.k.n.KeyIO           MODE: declarations took 0 ms 
331805     DEBUG Test worker     d.u.i.k.n.KeyIO           MODE: 2nd degree decls took 0 
331805     DEBUG Test worker     d.u.i.k.n.KeyIO           MODE: taclets took 0ms 
333148     INFO  Test worker     d.u.i.k.n.KeyIO           Parsing took 0 ms 
333148     DEBUG Test worker     d.u.i.k.n.KeyIO           Load declarations of de.uka.ilkd.key.nparser.KeyAst$File:  <unknown>:1#1 
333149     INFO  Test worker     d.u.i.k.n.KeyIO           MODE: declarations took 1 ms 
333149     DEBUG Test worker     d.u.i.k.n.KeyIO           MODE: 2nd degree decls took 0 
333149     DEBUG Test worker     d.u.i.k.n.KeyIO           MODE: taclets took 0ms 
334520     INFO  Test worker     d.u.i.k.n.KeyIO           Parsing took 0 ms 
334521     DEBUG Test worker     d.u.i.k.n.KeyIO           Load declarations of de.uka.ilkd.key.nparser.KeyAst$File:  <unknown>:1#1 
334521     INFO  Test worker     d.u.i.k.n.KeyIO           MODE: declarations took 0 ms 
334521     DEBUG Test worker     d.u.i.k.n.KeyIO           MODE: 2nd degree decls took 0 
334521     DEBUG Test worker     d.u.i.k.n.KeyIO           MODE: taclets took 0ms 
335775     INFO  Test worker     d.u.i.k.n.KeyIO           Parsing took 0 ms 
335776     DEBUG Test worker     d.u.i.k.n.KeyIO           Load declarations of de.uka.ilkd.key.nparser.KeyAst$File:  <unknown>:1#1 
335776     INFO  Test worker     d.u.i.k.n.KeyIO           MODE: declarations took 0 ms 
335776     DEBUG Test worker     d.u.i.k.n.KeyIO           MODE: 2nd degree decls took 0 
335776     DEBUG Test worker     d.u.i.k.n.KeyIO           MODE: taclets took 0ms 
337104     INFO  Test worker     d.u.i.k.n.KeyIO           Parsing took 0 ms 
337104     DEBUG Test worker     d.u.i.k.n.KeyIO           Load declarations of de.uka.ilkd.key.nparser.KeyAst$File:  <unknown>:1#1 
337104     INFO  Test worker     d.u.i.k.n.KeyIO           MODE: declarations took 0 ms 
337105     DEBUG Test worker     d.u.i.k.n.KeyIO           MODE: 2nd degree decls took 1 
337105     DEBUG Test worker     d.u.i.k.n.KeyIO           MODE: taclets took 0ms 
338437     INFO  Test worker     d.u.i.k.n.KeyIO           Parsing took 0 ms 
338437     DEBUG Test worker     d.u.i.k.n.KeyIO           Load declarations of de.uka.ilkd.key.nparser.KeyAst$File:  <unknown>:1#1 
338438     INFO  Test worker     d.u.i.k.n.KeyIO           MODE: declarations took 1 ms 
338438     DEBUG Test worker     d.u.i.k.n.KeyIO           MODE: 2nd degree decls took 0 
338438     DEBUG Test worker     d.u.i.k.n.KeyIO           MODE: taclets took 0ms 
339840     INFO  Test worker     d.u.i.k.n.KeyIO           Parsing took 0 ms 
339840     DEBUG Test worker     d.u.i.k.n.KeyIO           Load declarations of de.uka.ilkd.key.nparser.KeyAst$File:  <unknown>:1#1 
339841     INFO  Test worker     d.u.i.k.n.KeyIO           MODE: declarations took 1 ms 
339841     DEBUG Test worker     d.u.i.k.n.KeyIO           MODE: 2nd degree decls took 0 
339841     DEBUG Test worker     d.u.i.k.n.KeyIO           MODE: taclets took 0ms 
]]></system-out>
  <system-err><![CDATA[]]></system-err>
</testsuite>
