<?xml version="1.0" encoding="UTF-8"?>
<testsuite name="de.uka.ilkd.key.taclettranslation.TestTacletTranslator" tests="5" skipped="0" failures="0" errors="0" timestamp="2023-06-06T11:18:38" hostname="fv-az337-191" time="0.017">
  <properties/>
  <testcase name="testPropositional1()" classname="de.uka.ilkd.key.taclettranslation.TestTacletTranslator" time="0.006"/>
  <testcase name="testPropositional2()" classname="de.uka.ilkd.key.taclettranslation.TestTacletTranslator" time="0.003"/>
  <testcase name="testNegativePolarity()" classname="de.uka.ilkd.key.taclettranslation.TestTacletTranslator" time="0.003"/>
  <testcase name="testNoPolarity()" classname="de.uka.ilkd.key.taclettranslation.TestTacletTranslator" time="0.002"/>
  <testcase name="testPositivePolarity()" classname="de.uka.ilkd.key.taclettranslation.TestTacletTranslator" time="0.003"/>
  <system-out><![CDATA[1228740    INFO  Test worker     d.u.i.k.n.KeyIO           Parsing took 0 ms 
1228740    DEBUG Test worker     d.u.i.k.n.KeyIO           Load declarations of de.uka.ilkd.key.nparser.KeyAst$File:  <unknown>:1#1 
1228741    INFO  Test worker     d.u.i.k.n.KeyIO           MODE: declarations took 1 ms 
1228741    DEBUG Test worker     d.u.i.k.n.KeyIO           MODE: 2nd degree decls took 0 
1228741    DEBUG Test worker     d.u.i.k.n.KeyIO           MODE: taclets took 0ms 
1228746    INFO  Test worker     d.u.i.k.n.KeyIO           Parsing took 0 ms 
1228746    DEBUG Test worker     d.u.i.k.n.KeyIO           Load declarations of de.uka.ilkd.key.nparser.KeyAst$File:  <unknown>:1#1 
1228746    INFO  Test worker     d.u.i.k.n.KeyIO           MODE: declarations took 0 ms 
1228746    DEBUG Test worker     d.u.i.k.n.KeyIO           MODE: 2nd degree decls took 0 
1228747    DEBUG Test worker     d.u.i.k.n.KeyIO           MODE: taclets took 0ms 
1228749    INFO  Test worker     d.u.i.k.n.KeyIO           Parsing took 1 ms 
1228749    DEBUG Test worker     d.u.i.k.n.KeyIO           Load declarations of de.uka.ilkd.key.nparser.KeyAst$File:  <unknown>:1#1 
1228749    INFO  Test worker     d.u.i.k.n.KeyIO           MODE: declarations took 0 ms 
1228749    DEBUG Test worker     d.u.i.k.n.KeyIO           MODE: 2nd degree decls took 0 
1228750    DEBUG Test worker     d.u.i.k.n.KeyIO           MODE: taclets took 1ms 
1228751    INFO  Test worker     d.u.i.k.n.KeyIO           Parsing took 0 ms 
1228751    DEBUG Test worker     d.u.i.k.n.KeyIO           Load declarations of de.uka.ilkd.key.nparser.KeyAst$File:  <unknown>:1#1 
1228752    INFO  Test worker     d.u.i.k.n.KeyIO           MODE: declarations took 1 ms 
1228752    DEBUG Test worker     d.u.i.k.n.KeyIO           MODE: 2nd degree decls took 0 
1228752    DEBUG Test worker     d.u.i.k.n.KeyIO           MODE: taclets took 0ms 
1228754    INFO  Test worker     d.u.i.k.n.KeyIO           Parsing took 0 ms 
1228754    DEBUG Test worker     d.u.i.k.n.KeyIO           Load declarations of de.uka.ilkd.key.nparser.KeyAst$File:  <unknown>:1#1 
1228754    INFO  Test worker     d.u.i.k.n.KeyIO           MODE: declarations took 0 ms 
1228754    DEBUG Test worker     d.u.i.k.n.KeyIO           MODE: 2nd degree decls took 0 
1228755    DEBUG Test worker     d.u.i.k.n.KeyIO           MODE: taclets took 0ms 
]]></system-out>
  <system-err><![CDATA[]]></system-err>
</testsuite>
